<?xml version="1.0" encoding="UTF-8"?>
<testsuite xmlns:xsi="http://www.w3.org/2001/XMLSchema-instance" xsi:noNamespaceSchemaLocation="https://maven.apache.org/surefire/maven-surefire-plugin/xsd/surefire-test-report.xsd" name="org.apache.hadoop.ozone.client.rpc.TestMultiBlockWritesWithDnFailures" time="83.328" tests="2" errors="1" skipped="0" failures="0">
  <properties>
    <property name="awt.toolkit" value="sun.awt.X11.XToolkit"/>
    <property name="file.encoding.pkg" value="sun.io"/>
    <property name="java.specification.version" value="1.8"/>
    <property name="sun.cpu.isalist" value=""/>
    <property name="sun.jnu.encoding" value="ANSI_X3.4-1968"/>
    <property name="java.class.path" value="/workdir/hadoop-ozone/integration-test/target/test-classes:/workdir/hadoop-ozone/integration-test/target/classes:/home/user/.m2/repository/org/apache/hadoop/hadoop-ozone-common/0.5.0-SNAPSHOT/hadoop-ozone-common-0.5.0-SNAPSHOT.jar:/home/user/.m2/repository/org/apache/commons/commons-compress/1.4.1/commons-compress-1.4.1.jar:/home/user/.m2/repository/org/tukaani/xz/1.0/xz-1.0.jar:/home/user/.m2/repository/org/apache/hadoop/hadoop-common/3.2.0/hadoop-common-3.2.0.jar:/home/user/.m2/repository/org/apache/hadoop/hadoop-hdfs/3.2.0/hadoop-hdfs-3.2.0.jar:/home/user/.m2/repository/org/apache/hadoop/hadoop-hdfs-client/3.2.0/hadoop-hdfs-client-3.2.0.jar:/home/user/.m2/repository/com/fasterxml/jackson/core/jackson-annotations/2.9.9/jackson-annotations-2.9.9.jar:/home/user/.m2/repository/org/apache/hadoop/hadoop-hdds-common/0.5.0-SNAPSHOT/hadoop-hdds-common-0.5.0-SNAPSHOT.jar:/home/user/.m2/repository/javax/annotation/javax.annotation-api/1.2/javax.annotation-api-1.2.jar:/home/user/.m2/repository/org/apache/ratis/ratis-server/0.5.0-d6d58d0-SNAPSHOT/ratis-server-0.5.0-d6d58d0-SNAPSHOT.jar:/home/user/.m2/repository/org/apache/ratis/ratis-thirdparty-misc/0.2.0/ratis-thirdparty-misc-0.2.0.jar:/home/user/.m2/repository/org/apache/ratis/ratis-proto/0.5.0-d6d58d0-SNAPSHOT/ratis-proto-0.5.0-d6d58d0-SNAPSHOT.jar:/home/user/.m2/repository/org/apache/ratis/ratis-common/0.5.0-d6d58d0-SNAPSHOT/ratis-common-0.5.0-d6d58d0-SNAPSHOT.jar:/home/user/.m2/repository/org/apache/ratis/ratis-client/0.5.0-d6d58d0-SNAPSHOT/ratis-client-0.5.0-d6d58d0-SNAPSHOT.jar:/home/user/.m2/repository/org/apache/ratis/ratis-metrics/0.5.0-d6d58d0-SNAPSHOT/ratis-metrics-0.5.0-d6d58d0-SNAPSHOT.jar:/home/user/.m2/repository/org/apache/ratis/ratis-netty/0.5.0-d6d58d0-SNAPSHOT/ratis-netty-0.5.0-d6d58d0-SNAPSHOT.jar:/home/user/.m2/repository/org/apache/ratis/ratis-grpc/0.5.0-d6d58d0-SNAPSHOT/ratis-grpc-0.5.0-d6d58d0-SNAPSHOT.jar:/home/user/.m2/repository/org/rocksdb/rocksdbjni/6.0.1/rocksdbjni-6.0.1.jar:/home/user/.m2/repository/org/apache/logging/log4j/log4j-api/2.11.0/log4j-api-2.11.0.jar:/home/user/.m2/repository/org/apache/logging/log4j/log4j-core/2.11.0/log4j-core-2.11.0.jar:/home/user/.m2/repository/com/lmax/disruptor/3.4.2/disruptor-3.4.2.jar:/home/user/.m2/repository/org/apache/commons/commons-pool2/2.6.0/commons-pool2-2.6.0.jar:/home/user/.m2/repository/org/bouncycastle/bcpkix-jdk15on/1.60/bcpkix-jdk15on-1.60.jar:/home/user/.m2/repository/commons-validator/commons-validator/1.6/commons-validator-1.6.jar:/home/user/.m2/repository/commons-digester/commons-digester/1.8.1/commons-digester-1.8.1.jar:/home/user/.m2/repository/io/jaegertracing/jaeger-client/0.34.0/jaeger-client-0.34.0.jar:/home/user/.m2/repository/io/jaegertracing/jaeger-thrift/0.34.0/jaeger-thrift-0.34.0.jar:/home/user/.m2/repository/org/apache/thrift/libthrift/0.12.0/libthrift-0.12.0.jar:/home/user/.m2/repository/com/squareup/okhttp3/okhttp/3.9.0/okhttp-3.9.0.jar:/home/user/.m2/repository/com/squareup/okio/okio/1.13.0/okio-1.13.0.jar:/home/user/.m2/repository/io/jaegertracing/jaeger-core/0.34.0/jaeger-core-0.34.0.jar:/home/user/.m2/repository/io/jaegertracing/jaeger-tracerresolver/0.34.0/jaeger-tracerresolver-0.34.0.jar:/home/user/.m2/repository/io/opentracing/contrib/opentracing-tracerresolver/0.1.5/opentracing-tracerresolver-0.1.5.jar:/home/user/.m2/repository/io/opentracing/opentracing-util/0.31.0/opentracing-util-0.31.0.jar:/home/user/.m2/repository/io/opentracing/opentracing-api/0.31.0/opentracing-api-0.31.0.jar:/home/user/.m2/repository/io/opentracing/opentracing-noop/0.31.0/opentracing-noop-0.31.0.jar:/home/user/.m2/repository/org/apache/hadoop/hadoop-hdds-server-framework/0.5.0-SNAPSHOT/hadoop-hdds-server-framework-0.5.0-SNAPSHOT.jar:/home/user/.m2/repository/org/apache/hadoop/hadoop-hdds-container-service/0.5.0-SNAPSHOT/hadoop-hdds-container-service-0.5.0-SNAPSHOT.jar:/home/user/.m2/repository/org/apache/hadoop/hadoop-hdds-client/0.5.0-SNAPSHOT/hadoop-hdds-client-0.5.0-SNAPSHOT.jar:/home/user/.m2/repository/org/apache/hadoop/hadoop-hdds-tools/0.5.0-SNAPSHOT/hadoop-hdds-tools-0.5.0-SNAPSHOT.jar:/home/user/.m2/repository/org/apache/hadoop/hadoop-hdds-server-scm/0.5.0-SNAPSHOT/hadoop-hdds-server-scm-0.5.0-SNAPSHOT.jar:/home/user/.m2/repository/org/apache/hadoop/hadoop-hdds-docs/0.5.0-SNAPSHOT/hadoop-hdds-docs-0.5.0-SNAPSHOT.jar:/home/user/.m2/repository/io/dropwizard/metrics/metrics-core/3.2.4/metrics-core-3.2.4.jar:/home/user/.m2/repository/org/hamcrest/hamcrest-all/1.3/hamcrest-all-1.3.jar:/home/user/.m2/repository/org/bouncycastle/bcprov-jdk15on/1.60/bcprov-jdk15on-1.60.jar:/home/user/.m2/repository/info/picocli/picocli/3.9.6/picocli-3.9.6.jar:/home/user/.m2/repository/com/google/protobuf/protobuf-java/2.5.0/protobuf-java-2.5.0.jar:/home/user/.m2/repository/com/google/guava/guava/11.0.2/guava-11.0.2.jar:/home/user/.m2/repository/org/apache/hadoop/hadoop-ozone-ozone-manager/0.5.0-SNAPSHOT/hadoop-ozone-ozone-manager-0.5.0-SNAPSHOT.jar:/home/user/.m2/repository/org/apache/hadoop/hadoop-minikdc/3.2.0/hadoop-minikdc-3.2.0.jar:/home/user/.m2/repository/commons-io/commons-io/2.5/commons-io-2.5.jar:/home/user/.m2/repository/org/apache/kerby/kerb-simplekdc/1.0.1/kerb-simplekdc-1.0.1.jar:/home/user/.m2/repository/org/apache/kerby/kerb-client/1.0.1/kerb-client-1.0.1.jar:/home/user/.m2/repository/org/apache/kerby/kerby-config/1.0.1/kerby-config-1.0.1.jar:/home/user/.m2/repository/org/apache/kerby/kerb-core/1.0.1/kerb-core-1.0.1.jar:/home/user/.m2/repository/org/apache/kerby/kerby-pkix/1.0.1/kerby-pkix-1.0.1.jar:/home/user/.m2/repository/org/apache/kerby/kerby-asn1/1.0.1/kerby-asn1-1.0.1.jar:/home/user/.m2/repository/org/apache/kerby/kerby-util/1.0.1/kerby-util-1.0.1.jar:/home/user/.m2/repository/org/apache/kerby/kerb-common/1.0.1/kerb-common-1.0.1.jar:/home/user/.m2/repository/org/apache/kerby/kerb-crypto/1.0.1/kerb-crypto-1.0.1.jar:/home/user/.m2/repository/org/apache/kerby/kerb-util/1.0.1/kerb-util-1.0.1.jar:/home/user/.m2/repository/org/apache/kerby/token-provider/1.0.1/token-provider-1.0.1.jar:/home/user/.m2/repository/org/apache/kerby/kerb-admin/1.0.1/kerb-admin-1.0.1.jar:/home/user/.m2/repository/org/apache/kerby/kerb-server/1.0.1/kerb-server-1.0.1.jar:/home/user/.m2/repository/org/apache/kerby/kerb-identity/1.0.1/kerb-identity-1.0.1.jar:/home/user/.m2/repository/org/apache/kerby/kerby-xdr/1.0.1/kerby-xdr-1.0.1.jar:/home/user/.m2/repository/org/slf4j/slf4j-log4j12/1.7.25/slf4j-log4j12-1.7.25.jar:/home/user/.m2/repository/org/apache/hadoop/hadoop-ozone-s3gateway/0.5.0-SNAPSHOT/hadoop-ozone-s3gateway-0.5.0-SNAPSHOT.jar:/home/user/.m2/repository/org/jboss/weld/servlet/weld-servlet/2.4.7.Final/weld-servlet-2.4.7.Final.jar:/home/user/.m2/repository/org/glassfish/jersey/containers/jersey-container-servlet-core/2.27/jersey-container-servlet-core-2.27.jar:/home/user/.m2/repository/org/glassfish/hk2/external/javax.inject/2.5.0-b42/javax.inject-2.5.0-b42.jar:/home/user/.m2/repository/org/glassfish/jersey/core/jersey-common/2.27/jersey-common-2.27.jar:/home/user/.m2/repository/org/glassfish/hk2/osgi-resource-locator/1.0.1/osgi-resource-locator-1.0.1.jar:/home/user/.m2/repository/javax/ws/rs/javax.ws.rs-api/2.1/javax.ws.rs-api-2.1.jar:/home/user/.m2/repository/org/glassfish/jersey/ext/cdi/jersey-cdi1x/2.27/jersey-cdi1x-2.27.jar:/home/user/.m2/repository/org/glassfish/jersey/inject/jersey-hk2/2.27/jersey-hk2-2.27.jar:/home/user/.m2/repository/org/glassfish/hk2/hk2-locator/2.5.0-b42/hk2-locator-2.5.0-b42.jar:/home/user/.m2/repository/org/javassist/javassist/3.22.0-CR2/javassist-3.22.0-CR2.jar:/home/user/.m2/repository/org/glassfish/hk2/hk2-api/2.5.0/hk2-api-2.5.0.jar:/home/user/.m2/repository/org/glassfish/hk2/external/jakarta.inject/2.5.0/jakarta.inject-2.5.0.jar:/home/user/.m2/repository/org/glassfish/hk2/hk2-utils/2.5.0/hk2-utils-2.5.0.jar:/home/user/.m2/repository/jakarta/annotation/jakarta.annotation-api/1.3.4/jakarta.annotation-api-1.3.4.jar:/home/user/.m2/repository/org/glassfish/hk2/external/aopalliance-repackaged/2.5.0/aopalliance-repackaged-2.5.0.jar:/home/user/.m2/repository/com/fasterxml/jackson/dataformat/jackson-dataformat-xml/2.9.0/jackson-dataformat-xml-2.9.0.jar:/home/user/.m2/repository/com/fasterxml/jackson/core/jackson-core/2.9.9/jackson-core-2.9.9.jar:/home/user/.m2/repository/com/fasterxml/jackson/module/jackson-module-jaxb-annotations/2.9.9/jackson-module-jaxb-annotations-2.9.9.jar:/home/user/.m2/repository/javax/enterprise/cdi-api/1.2/cdi-api-1.2.jar:/home/user/.m2/repository/javax/el/javax.el-api/3.0.0/javax.el-api-3.0.0.jar:/home/user/.m2/repository/javax/interceptor/javax.interceptor-api/1.2/javax.interceptor-api-1.2.jar:/home/user/.m2/repository/javax/inject/javax.inject/1/javax.inject-1.jar:/home/user/.m2/repository/com/sun/xml/bind/jaxb-impl/2.3.0.1/jaxb-impl-2.3.0.1.jar:/home/user/.m2/repository/com/sun/xml/bind/jaxb-core/2.3.0.1/jaxb-core-2.3.0.1.jar:/home/user/.m2/repository/javax/xml/bind/jaxb-api/2.3.0/jaxb-api-2.3.0.jar:/home/user/.m2/repository/javax/activation/activation/1.1.1/activation-1.1.1.jar:/home/user/.m2/repository/org/apache/hadoop/hadoop-ozone-csi/0.5.0-SNAPSHOT/hadoop-ozone-csi-0.5.0-SNAPSHOT.jar:/home/user/.m2/repository/com/google/protobuf/protobuf-java-util/3.5.1/protobuf-java-util-3.5.1.jar:/home/user/.m2/repository/org/apache/hadoop/hadoop-hdds-config/0.5.0-SNAPSHOT/hadoop-hdds-config-0.5.0-SNAPSHOT.jar:/home/user/.m2/repository/io/grpc/grpc-netty/1.17.1/grpc-netty-1.17.1.jar:/home/user/.m2/repository/io/grpc/grpc-core/1.17.1/grpc-core-1.17.1.jar:/home/user/.m2/repository/io/grpc/grpc-context/1.17.1/grpc-context-1.17.1.jar:/home/user/.m2/repository/com/google/errorprone/error_prone_annotations/2.2.0/error_prone_annotations-2.2.0.jar:/home/user/.m2/repository/org/codehaus/mojo/animal-sniffer-annotations/1.17/animal-sniffer-annotations-1.17.jar:/home/user/.m2/repository/io/opencensus/opencensus-api/0.17.0/opencensus-api-0.17.0.jar:/home/user/.m2/repository/io/opencensus/opencensus-contrib-grpc-metrics/0.17.0/opencensus-contrib-grpc-metrics-0.17.0.jar:/home/user/.m2/repository/io/netty/netty-codec-http2/4.1.30.Final/netty-codec-http2-4.1.30.Final.jar:/home/user/.m2/repository/io/netty/netty-codec-http/4.1.30.Final/netty-codec-http-4.1.30.Final.jar:/home/user/.m2/repository/io/netty/netty-codec/4.1.30.Final/netty-codec-4.1.30.Final.jar:/home/user/.m2/repository/io/netty/netty-handler/4.1.30.Final/netty-handler-4.1.30.Final.jar:/home/user/.m2/repository/io/netty/netty-handler-proxy/4.1.30.Final/netty-handler-proxy-4.1.30.Final.jar:/home/user/.m2/repository/io/netty/netty-codec-socks/4.1.30.Final/netty-codec-socks-4.1.30.Final.jar:/home/user/.m2/repository/io/netty/netty-transport-native-epoll/4.1.30.Final/netty-transport-native-epoll-4.1.30.Final.jar:/home/user/.m2/repository/io/netty/netty-common/4.1.30.Final/netty-common-4.1.30.Final.jar:/home/user/.m2/repository/io/netty/netty-buffer/4.1.30.Final/netty-buffer-4.1.30.Final.jar:/home/user/.m2/repository/io/netty/netty-transport/4.1.30.Final/netty-transport-4.1.30.Final.jar:/home/user/.m2/repository/io/netty/netty-resolver/4.1.30.Final/netty-resolver-4.1.30.Final.jar:/home/user/.m2/repository/io/netty/netty-transport-native-unix-common/4.1.30.Final/netty-transport-native-unix-common-4.1.30.Final.jar:/home/user/.m2/repository/io/grpc/grpc-protobuf/1.17.1/grpc-protobuf-1.17.1.jar:/home/user/.m2/repository/com/google/api/grpc/proto-google-common-protos/1.0.0/proto-google-common-protos-1.0.0.jar:/home/user/.m2/repository/io/grpc/grpc-protobuf-lite/1.17.1/grpc-protobuf-lite-1.17.1.jar:/home/user/.m2/repository/io/grpc/grpc-stub/1.17.1/grpc-stub-1.17.1.jar:/home/user/.m2/repository/org/apache/hadoop/hadoop-ozone-recon/0.5.0-SNAPSHOT/hadoop-ozone-recon-0.5.0-SNAPSHOT.jar:/home/user/.m2/repository/org/apache/hadoop/hadoop-ozone-reconcodegen/0.5.0-SNAPSHOT/hadoop-ozone-reconcodegen-0.5.0-SNAPSHOT.jar:/home/user/.m2/repository/com/google/inject/extensions/guice-multibindings/4.0/guice-multibindings-4.0.jar:/home/user/.m2/repository/com/google/inject/guice/4.0/guice-4.0.jar:/home/user/.m2/repository/aopalliance/aopalliance/1.0/aopalliance-1.0.jar:/home/user/.m2/repository/com/google/inject/extensions/guice-servlet/4.0/guice-servlet-4.0.jar:/home/user/.m2/repository/org/glassfish/jersey/containers/jersey-container-servlet/2.27/jersey-container-servlet-2.27.jar:/home/user/.m2/repository/org/glassfish/hk2/guice-bridge/2.5.0/guice-bridge-2.5.0.jar:/home/user/.m2/repository/org/glassfish/jersey/core/jersey-server/2.27/jersey-server-2.27.jar:/home/user/.m2/repository/org/glassfish/jersey/core/jersey-client/2.27/jersey-client-2.27.jar:/home/user/.m2/repository/org/glassfish/jersey/media/jersey-media-jaxb/2.27/jersey-media-jaxb-2.27.jar:/home/user/.m2/repository/javax/validation/validation-api/1.1.0.Final/validation-api-1.1.0.Final.jar:/home/user/.m2/repository/org/glassfish/jersey/media/jersey-media-json-jackson/2.27/jersey-media-json-jackson-2.27.jar:/home/user/.m2/repository/org/glassfish/jersey/ext/jersey-entity-filtering/2.27/jersey-entity-filtering-2.27.jar:/home/user/.m2/repository/com/google/inject/extensions/guice-assistedinject/4.0/guice-assistedinject-4.0.jar:/home/user/.m2/repository/org/jooq/jooq/3.11.10/jooq-3.11.10.jar:/home/user/.m2/repository/org/jooq/jooq-meta/3.11.10/jooq-meta-3.11.10.jar:/home/user/.m2/repository/org/jooq/jooq-codegen/3.11.10/jooq-codegen-3.11.10.jar:/home/user/.m2/repository/com/jolbox/bonecp/0.8.0.RELEASE/bonecp-0.8.0.RELEASE.jar:/home/user/.m2/repository/org/xerial/sqlite-jdbc/3.25.2/sqlite-jdbc-3.25.2.jar:/home/user/.m2/repository/org/springframework/spring-jdbc/5.1.3.RELEASE/spring-jdbc-5.1.3.RELEASE.jar:/home/user/.m2/repository/org/springframework/spring-beans/5.1.3.RELEASE/spring-beans-5.1.3.RELEASE.jar:/home/user/.m2/repository/org/springframework/spring-core/5.1.3.RELEASE/spring-core-5.1.3.RELEASE.jar:/home/user/.m2/repository/org/springframework/spring-jcl/5.1.3.RELEASE/spring-jcl-5.1.3.RELEASE.jar:/home/user/.m2/repository/org/springframework/spring-tx/5.1.3.RELEASE/spring-tx-5.1.3.RELEASE.jar:/home/user/.m2/repository/org/apache/hadoop/hadoop-ozone-client/0.5.0-SNAPSHOT/hadoop-ozone-client-0.5.0-SNAPSHOT.jar:/home/user/.m2/repository/commons-lang/commons-lang/2.6/commons-lang-2.6.jar:/home/user/.m2/repository/org/apache/hadoop/hadoop-ozone-ozone-manager/0.5.0-SNAPSHOT/hadoop-ozone-ozone-manager-0.5.0-SNAPSHOT-tests.jar:/home/user/.m2/repository/junit/junit/4.11/junit-4.11.jar:/home/user/.m2/repository/org/hamcrest/hamcrest-core/1.3/hamcrest-core-1.3.jar:/home/user/.m2/repository/org/openjdk/jmh/jmh-core/1.19/jmh-core-1.19.jar:/home/user/.m2/repository/net/sf/jopt-simple/jopt-simple/4.6/jopt-simple-4.6.jar:/home/user/.m2/repository/org/apache/commons/commons-math3/3.1.1/commons-math3-3.1.1.jar:/home/user/.m2/repository/org/openjdk/jmh/jmh-generator-annprocess/1.19/jmh-generator-annprocess-1.19.jar:/home/user/.m2/repository/org/mockito/mockito-all/1.8.5/mockito-all-1.8.5.jar:/home/user/.m2/repository/org/apache/hadoop/hadoop-kms/3.2.0/hadoop-kms-3.2.0.jar:/home/user/.m2/repository/org/apache/hadoop/hadoop-auth/3.2.0/hadoop-auth-3.2.0.jar:/home/user/.m2/repository/com/nimbusds/nimbus-jose-jwt/4.41.1/nimbus-jose-jwt-4.41.1.jar:/home/user/.m2/repository/com/github/stephenc/jcip/jcip-annotations/1.0-1/jcip-annotations-1.0-1.jar:/home/user/.m2/repository/net/minidev/json-smart/2.3/json-smart-2.3.jar:/home/user/.m2/repository/net/minidev/accessors-smart/1.2/accessors-smart-1.2.jar:/home/user/.m2/repository/org/ow2/asm/asm/5.0.4/asm-5.0.4.jar:/home/user/.m2/repository/org/apache/curator/curator-framework/2.12.0/curator-framework-2.12.0.jar:/home/user/.m2/repository/com/sun/jersey/jersey-core/1.19/jersey-core-1.19.jar:/home/user/.m2/repository/javax/ws/rs/jsr311-api/1.1.1/jsr311-api-1.1.1.jar:/home/user/.m2/repository/com/sun/jersey/jersey-server/1.19/jersey-server-1.19.jar:/home/user/.m2/repository/javax/servlet/javax.servlet-api/3.1.0/javax.servlet-api-3.1.0.jar:/home/user/.m2/repository/org/eclipse/jetty/jetty-server/9.3.25.v20180904/jetty-server-9.3.25.v20180904.jar:/home/user/.m2/repository/org/eclipse/jetty/jetty-http/9.3.25.v20180904/jetty-http-9.3.25.v20180904.jar:/home/user/.m2/repository/org/eclipse/jetty/jetty-io/9.3.25.v20180904/jetty-io-9.3.25.v20180904.jar:/home/user/.m2/repository/org/eclipse/jetty/jetty-webapp/9.3.25.v20180904/jetty-webapp-9.3.25.v20180904.jar:/home/user/.m2/repository/org/eclipse/jetty/jetty-xml/9.3.25.v20180904/jetty-xml-9.3.25.v20180904.jar:/home/user/.m2/repository/log4j/log4j/1.2.17/log4j-1.2.17.jar:/home/user/.m2/repository/org/slf4j/slf4j-api/1.7.25/slf4j-api-1.7.25.jar:/home/user/.m2/repository/org/slf4j/jul-to-slf4j/1.7.25/jul-to-slf4j-1.7.25.jar:/home/user/.m2/repository/org/eclipse/jetty/jetty-util/9.3.25.v20180904/jetty-util-9.3.25.v20180904.jar:/home/user/.m2/repository/com/fasterxml/jackson/core/jackson-databind/2.9.9/jackson-databind-2.9.9.jar:/home/user/.m2/repository/org/apache/hadoop/hadoop-kms/3.2.0/hadoop-kms-3.2.0-tests.jar:/home/user/.m2/repository/org/apache/hadoop/hadoop-hdds-server-scm/0.5.0-SNAPSHOT/hadoop-hdds-server-scm-0.5.0-SNAPSHOT-tests.jar:/home/user/.m2/repository/org/apache/hadoop/hadoop-hdds-container-service/0.5.0-SNAPSHOT/hadoop-hdds-container-service-0.5.0-SNAPSHOT-tests.jar:/home/user/.m2/repository/org/yaml/snakeyaml/1.16/snakeyaml-1.16.jar:/home/user/.m2/repository/org/apache/hadoop/hadoop-common/3.2.0/hadoop-common-3.2.0-tests.jar:/home/user/.m2/repository/org/apache/hadoop/hadoop-annotations/3.2.0/hadoop-annotations-3.2.0.jar:/usr/lib/jvm/java-1.8.0-openjdk-1.8.0.222.b10-1.el7_7.x86_64/jre/../lib/tools.jar:/home/user/.m2/repository/commons-cli/commons-cli/1.2/commons-cli-1.2.jar:/home/user/.m2/repository/org/apache/httpcomponents/httpclient/4.5.2/httpclient-4.5.2.jar:/home/user/.m2/repository/org/apache/httpcomponents/httpcore/4.4.4/httpcore-4.4.4.jar:/home/user/.m2/repository/commons-codec/commons-codec/1.11/commons-codec-1.11.jar:/home/user/.m2/repository/commons-net/commons-net/3.6/commons-net-3.6.jar:/home/user/.m2/repository/commons-collections/commons-collections/3.2.2/commons-collections-3.2.2.jar:/home/user/.m2/repository/org/eclipse/jetty/jetty-servlet/9.3.25.v20180904/jetty-servlet-9.3.25.v20180904.jar:/home/user/.m2/repository/org/eclipse/jetty/jetty-security/9.3.25.v20180904/jetty-security-9.3.25.v20180904.jar:/home/user/.m2/repository/javax/servlet/jsp/jsp-api/2.1/jsp-api-2.1.jar:/home/user/.m2/repository/com/sun/jersey/jersey-servlet/1.19/jersey-servlet-1.19.jar:/home/user/.m2/repository/com/sun/jersey/jersey-json/1.19/jersey-json-1.19.jar:/home/user/.m2/repository/org/codehaus/jettison/jettison/1.1/jettison-1.1.jar:/home/user/.m2/repository/org/codehaus/jackson/jackson-core-asl/1.9.13/jackson-core-asl-1.9.13.jar:/home/user/.m2/repository/org/codehaus/jackson/jackson-mapper-asl/1.9.13/jackson-mapper-asl-1.9.13.jar:/home/user/.m2/repository/org/codehaus/jackson/jackson-jaxrs/1.9.13/jackson-jaxrs-1.9.13.jar:/home/user/.m2/repository/org/codehaus/jackson/jackson-xc/1.9.13/jackson-xc-1.9.13.jar:/home/user/.m2/repository/commons-logging/commons-logging/1.1.3/commons-logging-1.1.3.jar:/home/user/.m2/repository/commons-beanutils/commons-beanutils/1.9.4/commons-beanutils-1.9.4.jar:/home/user/.m2/repository/org/apache/commons/commons-configuration2/2.1.1/commons-configuration2-2.1.1.jar:/home/user/.m2/repository/org/apache/commons/commons-lang3/3.7/commons-lang3-3.7.jar:/home/user/.m2/repository/org/apache/commons/commons-text/1.4/commons-text-1.4.jar:/home/user/.m2/repository/org/apache/avro/avro/1.7.7/avro-1.7.7.jar:/home/user/.m2/repository/com/thoughtworks/paranamer/paranamer/2.3/paranamer-2.3.jar:/home/user/.m2/repository/org/xerial/snappy/snappy-java/1.0.5/snappy-java-1.0.5.jar:/home/user/.m2/repository/com/google/re2j/re2j/1.1/re2j-1.1.jar:/home/user/.m2/repository/com/google/code/gson/gson/2.2.4/gson-2.2.4.jar:/home/user/.m2/repository/com/jcraft/jsch/0.1.54/jsch-0.1.54.jar:/home/user/.m2/repository/org/apache/curator/curator-client/2.12.0/curator-client-2.12.0.jar:/home/user/.m2/repository/org/apache/curator/curator-recipes/2.12.0/curator-recipes-2.12.0.jar:/home/user/.m2/repository/com/google/code/findbugs/jsr305/3.0.0/jsr305-3.0.0.jar:/home/user/.m2/repository/org/apache/htrace/htrace-core4/4.1.0-incubating/htrace-core4-4.1.0-incubating.jar:/home/user/.m2/repository/org/apache/zookeeper/zookeeper/3.4.13/zookeeper-3.4.13.jar:/home/user/.m2/repository/jline/jline/0.9.94/jline-0.9.94.jar:/home/user/.m2/repository/org/apache/yetus/audience-annotations/0.5.0/audience-annotations-0.5.0.jar:/home/user/.m2/repository/org/codehaus/woodstox/stax2-api/3.1.4/stax2-api-3.1.4.jar:/home/user/.m2/repository/com/fasterxml/woodstox/woodstox-core/5.0.3/woodstox-core-5.0.3.jar:/home/user/.m2/repository/dnsjava/dnsjava/2.1.7/dnsjava-2.1.7.jar:/home/user/.m2/repository/org/apache/hadoop/hadoop-hdfs/3.2.0/hadoop-hdfs-3.2.0-tests.jar:/home/user/.m2/repository/org/eclipse/jetty/jetty-util-ajax/9.3.25.v20180904/jetty-util-ajax-9.3.25.v20180904.jar:/home/user/.m2/repository/commons-daemon/commons-daemon/1.0.13/commons-daemon-1.0.13.jar:/home/user/.m2/repository/io/netty/netty/3.10.5.Final/netty-3.10.5.Final.jar:/home/user/.m2/repository/io/netty/netty-all/4.0.52.Final/netty-all-4.0.52.Final.jar:/home/user/.m2/repository/org/fusesource/leveldbjni/leveldbjni-all/1.8/leveldbjni-all-1.8.jar:"/>
    <property name="java.vm.vendor" value="Oracle Corporation"/>
    <property name="sun.arch.data.model" value="64"/>
    <property name="test.build.dir" value="/workdir/hadoop-ozone/integration-test/target/test-dir"/>
    <property name="test.cache.data" value=""/>
    <property name="java.vendor.url" value="http://java.oracle.com/"/>
    <property name="user.timezone" value=""/>
    <property name="java.vm.specification.version" value="1.8"/>
    <property name="os.name" value="Linux"/>
    <property name="test.build.data" value="/workdir/hadoop-ozone/integration-test/target/test-dir"/>
    <property name="user.country" value="US"/>
    <property name="sun.java.launcher" value="SUN_STANDARD"/>
    <property name="sun.boot.library.path" value="/usr/lib/jvm/java-1.8.0-openjdk-1.8.0.222.b10-1.el7_7.x86_64/jre/lib/amd64"/>
    <property name="sun.java.command" value="/workdir/hadoop-ozone/integration-test/target/surefire/surefirebooter5861274309673215715.jar /workdir/hadoop-ozone/integration-test/target/surefire 2019-11-14T12-53-44_197-jvmRun1 surefire4955069219011976174tmp surefire_21409770429596103tmp"/>
    <property name="surefire.test.class.path" value="/workdir/hadoop-ozone/integration-test/target/test-classes:/workdir/hadoop-ozone/integration-test/target/classes:/home/user/.m2/repository/org/apache/hadoop/hadoop-ozone-common/0.5.0-SNAPSHOT/hadoop-ozone-common-0.5.0-SNAPSHOT.jar:/home/user/.m2/repository/org/apache/commons/commons-compress/1.4.1/commons-compress-1.4.1.jar:/home/user/.m2/repository/org/tukaani/xz/1.0/xz-1.0.jar:/home/user/.m2/repository/org/apache/hadoop/hadoop-common/3.2.0/hadoop-common-3.2.0.jar:/home/user/.m2/repository/org/apache/hadoop/hadoop-hdfs/3.2.0/hadoop-hdfs-3.2.0.jar:/home/user/.m2/repository/org/apache/hadoop/hadoop-hdfs-client/3.2.0/hadoop-hdfs-client-3.2.0.jar:/home/user/.m2/repository/com/fasterxml/jackson/core/jackson-annotations/2.9.9/jackson-annotations-2.9.9.jar:/home/user/.m2/repository/org/apache/hadoop/hadoop-hdds-common/0.5.0-SNAPSHOT/hadoop-hdds-common-0.5.0-SNAPSHOT.jar:/home/user/.m2/repository/javax/annotation/javax.annotation-api/1.2/javax.annotation-api-1.2.jar:/home/user/.m2/repository/org/apache/ratis/ratis-server/0.5.0-d6d58d0-SNAPSHOT/ratis-server-0.5.0-d6d58d0-SNAPSHOT.jar:/home/user/.m2/repository/org/apache/ratis/ratis-thirdparty-misc/0.2.0/ratis-thirdparty-misc-0.2.0.jar:/home/user/.m2/repository/org/apache/ratis/ratis-proto/0.5.0-d6d58d0-SNAPSHOT/ratis-proto-0.5.0-d6d58d0-SNAPSHOT.jar:/home/user/.m2/repository/org/apache/ratis/ratis-common/0.5.0-d6d58d0-SNAPSHOT/ratis-common-0.5.0-d6d58d0-SNAPSHOT.jar:/home/user/.m2/repository/org/apache/ratis/ratis-client/0.5.0-d6d58d0-SNAPSHOT/ratis-client-0.5.0-d6d58d0-SNAPSHOT.jar:/home/user/.m2/repository/org/apache/ratis/ratis-metrics/0.5.0-d6d58d0-SNAPSHOT/ratis-metrics-0.5.0-d6d58d0-SNAPSHOT.jar:/home/user/.m2/repository/org/apache/ratis/ratis-netty/0.5.0-d6d58d0-SNAPSHOT/ratis-netty-0.5.0-d6d58d0-SNAPSHOT.jar:/home/user/.m2/repository/org/apache/ratis/ratis-grpc/0.5.0-d6d58d0-SNAPSHOT/ratis-grpc-0.5.0-d6d58d0-SNAPSHOT.jar:/home/user/.m2/repository/org/rocksdb/rocksdbjni/6.0.1/rocksdbjni-6.0.1.jar:/home/user/.m2/repository/org/apache/logging/log4j/log4j-api/2.11.0/log4j-api-2.11.0.jar:/home/user/.m2/repository/org/apache/logging/log4j/log4j-core/2.11.0/log4j-core-2.11.0.jar:/home/user/.m2/repository/com/lmax/disruptor/3.4.2/disruptor-3.4.2.jar:/home/user/.m2/repository/org/apache/commons/commons-pool2/2.6.0/commons-pool2-2.6.0.jar:/home/user/.m2/repository/org/bouncycastle/bcpkix-jdk15on/1.60/bcpkix-jdk15on-1.60.jar:/home/user/.m2/repository/commons-validator/commons-validator/1.6/commons-validator-1.6.jar:/home/user/.m2/repository/commons-digester/commons-digester/1.8.1/commons-digester-1.8.1.jar:/home/user/.m2/repository/io/jaegertracing/jaeger-client/0.34.0/jaeger-client-0.34.0.jar:/home/user/.m2/repository/io/jaegertracing/jaeger-thrift/0.34.0/jaeger-thrift-0.34.0.jar:/home/user/.m2/repository/org/apache/thrift/libthrift/0.12.0/libthrift-0.12.0.jar:/home/user/.m2/repository/com/squareup/okhttp3/okhttp/3.9.0/okhttp-3.9.0.jar:/home/user/.m2/repository/com/squareup/okio/okio/1.13.0/okio-1.13.0.jar:/home/user/.m2/repository/io/jaegertracing/jaeger-core/0.34.0/jaeger-core-0.34.0.jar:/home/user/.m2/repository/io/jaegertracing/jaeger-tracerresolver/0.34.0/jaeger-tracerresolver-0.34.0.jar:/home/user/.m2/repository/io/opentracing/contrib/opentracing-tracerresolver/0.1.5/opentracing-tracerresolver-0.1.5.jar:/home/user/.m2/repository/io/opentracing/opentracing-util/0.31.0/opentracing-util-0.31.0.jar:/home/user/.m2/repository/io/opentracing/opentracing-api/0.31.0/opentracing-api-0.31.0.jar:/home/user/.m2/repository/io/opentracing/opentracing-noop/0.31.0/opentracing-noop-0.31.0.jar:/home/user/.m2/repository/org/apache/hadoop/hadoop-hdds-server-framework/0.5.0-SNAPSHOT/hadoop-hdds-server-framework-0.5.0-SNAPSHOT.jar:/home/user/.m2/repository/org/apache/hadoop/hadoop-hdds-container-service/0.5.0-SNAPSHOT/hadoop-hdds-container-service-0.5.0-SNAPSHOT.jar:/home/user/.m2/repository/org/apache/hadoop/hadoop-hdds-client/0.5.0-SNAPSHOT/hadoop-hdds-client-0.5.0-SNAPSHOT.jar:/home/user/.m2/repository/org/apache/hadoop/hadoop-hdds-tools/0.5.0-SNAPSHOT/hadoop-hdds-tools-0.5.0-SNAPSHOT.jar:/home/user/.m2/repository/org/apache/hadoop/hadoop-hdds-server-scm/0.5.0-SNAPSHOT/hadoop-hdds-server-scm-0.5.0-SNAPSHOT.jar:/home/user/.m2/repository/org/apache/hadoop/hadoop-hdds-docs/0.5.0-SNAPSHOT/hadoop-hdds-docs-0.5.0-SNAPSHOT.jar:/home/user/.m2/repository/io/dropwizard/metrics/metrics-core/3.2.4/metrics-core-3.2.4.jar:/home/user/.m2/repository/org/hamcrest/hamcrest-all/1.3/hamcrest-all-1.3.jar:/home/user/.m2/repository/org/bouncycastle/bcprov-jdk15on/1.60/bcprov-jdk15on-1.60.jar:/home/user/.m2/repository/info/picocli/picocli/3.9.6/picocli-3.9.6.jar:/home/user/.m2/repository/com/google/protobuf/protobuf-java/2.5.0/protobuf-java-2.5.0.jar:/home/user/.m2/repository/com/google/guava/guava/11.0.2/guava-11.0.2.jar:/home/user/.m2/repository/org/apache/hadoop/hadoop-ozone-ozone-manager/0.5.0-SNAPSHOT/hadoop-ozone-ozone-manager-0.5.0-SNAPSHOT.jar:/home/user/.m2/repository/org/apache/hadoop/hadoop-minikdc/3.2.0/hadoop-minikdc-3.2.0.jar:/home/user/.m2/repository/commons-io/commons-io/2.5/commons-io-2.5.jar:/home/user/.m2/repository/org/apache/kerby/kerb-simplekdc/1.0.1/kerb-simplekdc-1.0.1.jar:/home/user/.m2/repository/org/apache/kerby/kerb-client/1.0.1/kerb-client-1.0.1.jar:/home/user/.m2/repository/org/apache/kerby/kerby-config/1.0.1/kerby-config-1.0.1.jar:/home/user/.m2/repository/org/apache/kerby/kerb-core/1.0.1/kerb-core-1.0.1.jar:/home/user/.m2/repository/org/apache/kerby/kerby-pkix/1.0.1/kerby-pkix-1.0.1.jar:/home/user/.m2/repository/org/apache/kerby/kerby-asn1/1.0.1/kerby-asn1-1.0.1.jar:/home/user/.m2/repository/org/apache/kerby/kerby-util/1.0.1/kerby-util-1.0.1.jar:/home/user/.m2/repository/org/apache/kerby/kerb-common/1.0.1/kerb-common-1.0.1.jar:/home/user/.m2/repository/org/apache/kerby/kerb-crypto/1.0.1/kerb-crypto-1.0.1.jar:/home/user/.m2/repository/org/apache/kerby/kerb-util/1.0.1/kerb-util-1.0.1.jar:/home/user/.m2/repository/org/apache/kerby/token-provider/1.0.1/token-provider-1.0.1.jar:/home/user/.m2/repository/org/apache/kerby/kerb-admin/1.0.1/kerb-admin-1.0.1.jar:/home/user/.m2/repository/org/apache/kerby/kerb-server/1.0.1/kerb-server-1.0.1.jar:/home/user/.m2/repository/org/apache/kerby/kerb-identity/1.0.1/kerb-identity-1.0.1.jar:/home/user/.m2/repository/org/apache/kerby/kerby-xdr/1.0.1/kerby-xdr-1.0.1.jar:/home/user/.m2/repository/org/slf4j/slf4j-log4j12/1.7.25/slf4j-log4j12-1.7.25.jar:/home/user/.m2/repository/org/apache/hadoop/hadoop-ozone-s3gateway/0.5.0-SNAPSHOT/hadoop-ozone-s3gateway-0.5.0-SNAPSHOT.jar:/home/user/.m2/repository/org/jboss/weld/servlet/weld-servlet/2.4.7.Final/weld-servlet-2.4.7.Final.jar:/home/user/.m2/repository/org/glassfish/jersey/containers/jersey-container-servlet-core/2.27/jersey-container-servlet-core-2.27.jar:/home/user/.m2/repository/org/glassfish/hk2/external/javax.inject/2.5.0-b42/javax.inject-2.5.0-b42.jar:/home/user/.m2/repository/org/glassfish/jersey/core/jersey-common/2.27/jersey-common-2.27.jar:/home/user/.m2/repository/org/glassfish/hk2/osgi-resource-locator/1.0.1/osgi-resource-locator-1.0.1.jar:/home/user/.m2/repository/javax/ws/rs/javax.ws.rs-api/2.1/javax.ws.rs-api-2.1.jar:/home/user/.m2/repository/org/glassfish/jersey/ext/cdi/jersey-cdi1x/2.27/jersey-cdi1x-2.27.jar:/home/user/.m2/repository/org/glassfish/jersey/inject/jersey-hk2/2.27/jersey-hk2-2.27.jar:/home/user/.m2/repository/org/glassfish/hk2/hk2-locator/2.5.0-b42/hk2-locator-2.5.0-b42.jar:/home/user/.m2/repository/org/javassist/javassist/3.22.0-CR2/javassist-3.22.0-CR2.jar:/home/user/.m2/repository/org/glassfish/hk2/hk2-api/2.5.0/hk2-api-2.5.0.jar:/home/user/.m2/repository/org/glassfish/hk2/external/jakarta.inject/2.5.0/jakarta.inject-2.5.0.jar:/home/user/.m2/repository/org/glassfish/hk2/hk2-utils/2.5.0/hk2-utils-2.5.0.jar:/home/user/.m2/repository/jakarta/annotation/jakarta.annotation-api/1.3.4/jakarta.annotation-api-1.3.4.jar:/home/user/.m2/repository/org/glassfish/hk2/external/aopalliance-repackaged/2.5.0/aopalliance-repackaged-2.5.0.jar:/home/user/.m2/repository/com/fasterxml/jackson/dataformat/jackson-dataformat-xml/2.9.0/jackson-dataformat-xml-2.9.0.jar:/home/user/.m2/repository/com/fasterxml/jackson/core/jackson-core/2.9.9/jackson-core-2.9.9.jar:/home/user/.m2/repository/com/fasterxml/jackson/module/jackson-module-jaxb-annotations/2.9.9/jackson-module-jaxb-annotations-2.9.9.jar:/home/user/.m2/repository/javax/enterprise/cdi-api/1.2/cdi-api-1.2.jar:/home/user/.m2/repository/javax/el/javax.el-api/3.0.0/javax.el-api-3.0.0.jar:/home/user/.m2/repository/javax/interceptor/javax.interceptor-api/1.2/javax.interceptor-api-1.2.jar:/home/user/.m2/repository/javax/inject/javax.inject/1/javax.inject-1.jar:/home/user/.m2/repository/com/sun/xml/bind/jaxb-impl/2.3.0.1/jaxb-impl-2.3.0.1.jar:/home/user/.m2/repository/com/sun/xml/bind/jaxb-core/2.3.0.1/jaxb-core-2.3.0.1.jar:/home/user/.m2/repository/javax/xml/bind/jaxb-api/2.3.0/jaxb-api-2.3.0.jar:/home/user/.m2/repository/javax/activation/activation/1.1.1/activation-1.1.1.jar:/home/user/.m2/repository/org/apache/hadoop/hadoop-ozone-csi/0.5.0-SNAPSHOT/hadoop-ozone-csi-0.5.0-SNAPSHOT.jar:/home/user/.m2/repository/com/google/protobuf/protobuf-java-util/3.5.1/protobuf-java-util-3.5.1.jar:/home/user/.m2/repository/org/apache/hadoop/hadoop-hdds-config/0.5.0-SNAPSHOT/hadoop-hdds-config-0.5.0-SNAPSHOT.jar:/home/user/.m2/repository/io/grpc/grpc-netty/1.17.1/grpc-netty-1.17.1.jar:/home/user/.m2/repository/io/grpc/grpc-core/1.17.1/grpc-core-1.17.1.jar:/home/user/.m2/repository/io/grpc/grpc-context/1.17.1/grpc-context-1.17.1.jar:/home/user/.m2/repository/com/google/errorprone/error_prone_annotations/2.2.0/error_prone_annotations-2.2.0.jar:/home/user/.m2/repository/org/codehaus/mojo/animal-sniffer-annotations/1.17/animal-sniffer-annotations-1.17.jar:/home/user/.m2/repository/io/opencensus/opencensus-api/0.17.0/opencensus-api-0.17.0.jar:/home/user/.m2/repository/io/opencensus/opencensus-contrib-grpc-metrics/0.17.0/opencensus-contrib-grpc-metrics-0.17.0.jar:/home/user/.m2/repository/io/netty/netty-codec-http2/4.1.30.Final/netty-codec-http2-4.1.30.Final.jar:/home/user/.m2/repository/io/netty/netty-codec-http/4.1.30.Final/netty-codec-http-4.1.30.Final.jar:/home/user/.m2/repository/io/netty/netty-codec/4.1.30.Final/netty-codec-4.1.30.Final.jar:/home/user/.m2/repository/io/netty/netty-handler/4.1.30.Final/netty-handler-4.1.30.Final.jar:/home/user/.m2/repository/io/netty/netty-handler-proxy/4.1.30.Final/netty-handler-proxy-4.1.30.Final.jar:/home/user/.m2/repository/io/netty/netty-codec-socks/4.1.30.Final/netty-codec-socks-4.1.30.Final.jar:/home/user/.m2/repository/io/netty/netty-transport-native-epoll/4.1.30.Final/netty-transport-native-epoll-4.1.30.Final.jar:/home/user/.m2/repository/io/netty/netty-common/4.1.30.Final/netty-common-4.1.30.Final.jar:/home/user/.m2/repository/io/netty/netty-buffer/4.1.30.Final/netty-buffer-4.1.30.Final.jar:/home/user/.m2/repository/io/netty/netty-transport/4.1.30.Final/netty-transport-4.1.30.Final.jar:/home/user/.m2/repository/io/netty/netty-resolver/4.1.30.Final/netty-resolver-4.1.30.Final.jar:/home/user/.m2/repository/io/netty/netty-transport-native-unix-common/4.1.30.Final/netty-transport-native-unix-common-4.1.30.Final.jar:/home/user/.m2/repository/io/grpc/grpc-protobuf/1.17.1/grpc-protobuf-1.17.1.jar:/home/user/.m2/repository/com/google/api/grpc/proto-google-common-protos/1.0.0/proto-google-common-protos-1.0.0.jar:/home/user/.m2/repository/io/grpc/grpc-protobuf-lite/1.17.1/grpc-protobuf-lite-1.17.1.jar:/home/user/.m2/repository/io/grpc/grpc-stub/1.17.1/grpc-stub-1.17.1.jar:/home/user/.m2/repository/org/apache/hadoop/hadoop-ozone-recon/0.5.0-SNAPSHOT/hadoop-ozone-recon-0.5.0-SNAPSHOT.jar:/home/user/.m2/repository/org/apache/hadoop/hadoop-ozone-reconcodegen/0.5.0-SNAPSHOT/hadoop-ozone-reconcodegen-0.5.0-SNAPSHOT.jar:/home/user/.m2/repository/com/google/inject/extensions/guice-multibindings/4.0/guice-multibindings-4.0.jar:/home/user/.m2/repository/com/google/inject/guice/4.0/guice-4.0.jar:/home/user/.m2/repository/aopalliance/aopalliance/1.0/aopalliance-1.0.jar:/home/user/.m2/repository/com/google/inject/extensions/guice-servlet/4.0/guice-servlet-4.0.jar:/home/user/.m2/repository/org/glassfish/jersey/containers/jersey-container-servlet/2.27/jersey-container-servlet-2.27.jar:/home/user/.m2/repository/org/glassfish/hk2/guice-bridge/2.5.0/guice-bridge-2.5.0.jar:/home/user/.m2/repository/org/glassfish/jersey/core/jersey-server/2.27/jersey-server-2.27.jar:/home/user/.m2/repository/org/glassfish/jersey/core/jersey-client/2.27/jersey-client-2.27.jar:/home/user/.m2/repository/org/glassfish/jersey/media/jersey-media-jaxb/2.27/jersey-media-jaxb-2.27.jar:/home/user/.m2/repository/javax/validation/validation-api/1.1.0.Final/validation-api-1.1.0.Final.jar:/home/user/.m2/repository/org/glassfish/jersey/media/jersey-media-json-jackson/2.27/jersey-media-json-jackson-2.27.jar:/home/user/.m2/repository/org/glassfish/jersey/ext/jersey-entity-filtering/2.27/jersey-entity-filtering-2.27.jar:/home/user/.m2/repository/com/google/inject/extensions/guice-assistedinject/4.0/guice-assistedinject-4.0.jar:/home/user/.m2/repository/org/jooq/jooq/3.11.10/jooq-3.11.10.jar:/home/user/.m2/repository/org/jooq/jooq-meta/3.11.10/jooq-meta-3.11.10.jar:/home/user/.m2/repository/org/jooq/jooq-codegen/3.11.10/jooq-codegen-3.11.10.jar:/home/user/.m2/repository/com/jolbox/bonecp/0.8.0.RELEASE/bonecp-0.8.0.RELEASE.jar:/home/user/.m2/repository/org/xerial/sqlite-jdbc/3.25.2/sqlite-jdbc-3.25.2.jar:/home/user/.m2/repository/org/springframework/spring-jdbc/5.1.3.RELEASE/spring-jdbc-5.1.3.RELEASE.jar:/home/user/.m2/repository/org/springframework/spring-beans/5.1.3.RELEASE/spring-beans-5.1.3.RELEASE.jar:/home/user/.m2/repository/org/springframework/spring-core/5.1.3.RELEASE/spring-core-5.1.3.RELEASE.jar:/home/user/.m2/repository/org/springframework/spring-jcl/5.1.3.RELEASE/spring-jcl-5.1.3.RELEASE.jar:/home/user/.m2/repository/org/springframework/spring-tx/5.1.3.RELEASE/spring-tx-5.1.3.RELEASE.jar:/home/user/.m2/repository/org/apache/hadoop/hadoop-ozone-client/0.5.0-SNAPSHOT/hadoop-ozone-client-0.5.0-SNAPSHOT.jar:/home/user/.m2/repository/commons-lang/commons-lang/2.6/commons-lang-2.6.jar:/home/user/.m2/repository/org/apache/hadoop/hadoop-ozone-ozone-manager/0.5.0-SNAPSHOT/hadoop-ozone-ozone-manager-0.5.0-SNAPSHOT-tests.jar:/home/user/.m2/repository/junit/junit/4.11/junit-4.11.jar:/home/user/.m2/repository/org/hamcrest/hamcrest-core/1.3/hamcrest-core-1.3.jar:/home/user/.m2/repository/org/openjdk/jmh/jmh-core/1.19/jmh-core-1.19.jar:/home/user/.m2/repository/net/sf/jopt-simple/jopt-simple/4.6/jopt-simple-4.6.jar:/home/user/.m2/repository/org/apache/commons/commons-math3/3.1.1/commons-math3-3.1.1.jar:/home/user/.m2/repository/org/openjdk/jmh/jmh-generator-annprocess/1.19/jmh-generator-annprocess-1.19.jar:/home/user/.m2/repository/org/mockito/mockito-all/1.8.5/mockito-all-1.8.5.jar:/home/user/.m2/repository/org/apache/hadoop/hadoop-kms/3.2.0/hadoop-kms-3.2.0.jar:/home/user/.m2/repository/org/apache/hadoop/hadoop-auth/3.2.0/hadoop-auth-3.2.0.jar:/home/user/.m2/repository/com/nimbusds/nimbus-jose-jwt/4.41.1/nimbus-jose-jwt-4.41.1.jar:/home/user/.m2/repository/com/github/stephenc/jcip/jcip-annotations/1.0-1/jcip-annotations-1.0-1.jar:/home/user/.m2/repository/net/minidev/json-smart/2.3/json-smart-2.3.jar:/home/user/.m2/repository/net/minidev/accessors-smart/1.2/accessors-smart-1.2.jar:/home/user/.m2/repository/org/ow2/asm/asm/5.0.4/asm-5.0.4.jar:/home/user/.m2/repository/org/apache/curator/curator-framework/2.12.0/curator-framework-2.12.0.jar:/home/user/.m2/repository/com/sun/jersey/jersey-core/1.19/jersey-core-1.19.jar:/home/user/.m2/repository/javax/ws/rs/jsr311-api/1.1.1/jsr311-api-1.1.1.jar:/home/user/.m2/repository/com/sun/jersey/jersey-server/1.19/jersey-server-1.19.jar:/home/user/.m2/repository/javax/servlet/javax.servlet-api/3.1.0/javax.servlet-api-3.1.0.jar:/home/user/.m2/repository/org/eclipse/jetty/jetty-server/9.3.25.v20180904/jetty-server-9.3.25.v20180904.jar:/home/user/.m2/repository/org/eclipse/jetty/jetty-http/9.3.25.v20180904/jetty-http-9.3.25.v20180904.jar:/home/user/.m2/repository/org/eclipse/jetty/jetty-io/9.3.25.v20180904/jetty-io-9.3.25.v20180904.jar:/home/user/.m2/repository/org/eclipse/jetty/jetty-webapp/9.3.25.v20180904/jetty-webapp-9.3.25.v20180904.jar:/home/user/.m2/repository/org/eclipse/jetty/jetty-xml/9.3.25.v20180904/jetty-xml-9.3.25.v20180904.jar:/home/user/.m2/repository/log4j/log4j/1.2.17/log4j-1.2.17.jar:/home/user/.m2/repository/org/slf4j/slf4j-api/1.7.25/slf4j-api-1.7.25.jar:/home/user/.m2/repository/org/slf4j/jul-to-slf4j/1.7.25/jul-to-slf4j-1.7.25.jar:/home/user/.m2/repository/org/eclipse/jetty/jetty-util/9.3.25.v20180904/jetty-util-9.3.25.v20180904.jar:/home/user/.m2/repository/com/fasterxml/jackson/core/jackson-databind/2.9.9/jackson-databind-2.9.9.jar:/home/user/.m2/repository/org/apache/hadoop/hadoop-kms/3.2.0/hadoop-kms-3.2.0-tests.jar:/home/user/.m2/repository/org/apache/hadoop/hadoop-hdds-server-scm/0.5.0-SNAPSHOT/hadoop-hdds-server-scm-0.5.0-SNAPSHOT-tests.jar:/home/user/.m2/repository/org/apache/hadoop/hadoop-hdds-container-service/0.5.0-SNAPSHOT/hadoop-hdds-container-service-0.5.0-SNAPSHOT-tests.jar:/home/user/.m2/repository/org/yaml/snakeyaml/1.16/snakeyaml-1.16.jar:/home/user/.m2/repository/org/apache/hadoop/hadoop-common/3.2.0/hadoop-common-3.2.0-tests.jar:/home/user/.m2/repository/org/apache/hadoop/hadoop-annotations/3.2.0/hadoop-annotations-3.2.0.jar:/usr/lib/jvm/java-1.8.0-openjdk-1.8.0.222.b10-1.el7_7.x86_64/jre/../lib/tools.jar:/home/user/.m2/repository/commons-cli/commons-cli/1.2/commons-cli-1.2.jar:/home/user/.m2/repository/org/apache/httpcomponents/httpclient/4.5.2/httpclient-4.5.2.jar:/home/user/.m2/repository/org/apache/httpcomponents/httpcore/4.4.4/httpcore-4.4.4.jar:/home/user/.m2/repository/commons-codec/commons-codec/1.11/commons-codec-1.11.jar:/home/user/.m2/repository/commons-net/commons-net/3.6/commons-net-3.6.jar:/home/user/.m2/repository/commons-collections/commons-collections/3.2.2/commons-collections-3.2.2.jar:/home/user/.m2/repository/org/eclipse/jetty/jetty-servlet/9.3.25.v20180904/jetty-servlet-9.3.25.v20180904.jar:/home/user/.m2/repository/org/eclipse/jetty/jetty-security/9.3.25.v20180904/jetty-security-9.3.25.v20180904.jar:/home/user/.m2/repository/javax/servlet/jsp/jsp-api/2.1/jsp-api-2.1.jar:/home/user/.m2/repository/com/sun/jersey/jersey-servlet/1.19/jersey-servlet-1.19.jar:/home/user/.m2/repository/com/sun/jersey/jersey-json/1.19/jersey-json-1.19.jar:/home/user/.m2/repository/org/codehaus/jettison/jettison/1.1/jettison-1.1.jar:/home/user/.m2/repository/org/codehaus/jackson/jackson-core-asl/1.9.13/jackson-core-asl-1.9.13.jar:/home/user/.m2/repository/org/codehaus/jackson/jackson-mapper-asl/1.9.13/jackson-mapper-asl-1.9.13.jar:/home/user/.m2/repository/org/codehaus/jackson/jackson-jaxrs/1.9.13/jackson-jaxrs-1.9.13.jar:/home/user/.m2/repository/org/codehaus/jackson/jackson-xc/1.9.13/jackson-xc-1.9.13.jar:/home/user/.m2/repository/commons-logging/commons-logging/1.1.3/commons-logging-1.1.3.jar:/home/user/.m2/repository/commons-beanutils/commons-beanutils/1.9.4/commons-beanutils-1.9.4.jar:/home/user/.m2/repository/org/apache/commons/commons-configuration2/2.1.1/commons-configuration2-2.1.1.jar:/home/user/.m2/repository/org/apache/commons/commons-lang3/3.7/commons-lang3-3.7.jar:/home/user/.m2/repository/org/apache/commons/commons-text/1.4/commons-text-1.4.jar:/home/user/.m2/repository/org/apache/avro/avro/1.7.7/avro-1.7.7.jar:/home/user/.m2/repository/com/thoughtworks/paranamer/paranamer/2.3/paranamer-2.3.jar:/home/user/.m2/repository/org/xerial/snappy/snappy-java/1.0.5/snappy-java-1.0.5.jar:/home/user/.m2/repository/com/google/re2j/re2j/1.1/re2j-1.1.jar:/home/user/.m2/repository/com/google/code/gson/gson/2.2.4/gson-2.2.4.jar:/home/user/.m2/repository/com/jcraft/jsch/0.1.54/jsch-0.1.54.jar:/home/user/.m2/repository/org/apache/curator/curator-client/2.12.0/curator-client-2.12.0.jar:/home/user/.m2/repository/org/apache/curator/curator-recipes/2.12.0/curator-recipes-2.12.0.jar:/home/user/.m2/repository/com/google/code/findbugs/jsr305/3.0.0/jsr305-3.0.0.jar:/home/user/.m2/repository/org/apache/htrace/htrace-core4/4.1.0-incubating/htrace-core4-4.1.0-incubating.jar:/home/user/.m2/repository/org/apache/zookeeper/zookeeper/3.4.13/zookeeper-3.4.13.jar:/home/user/.m2/repository/jline/jline/0.9.94/jline-0.9.94.jar:/home/user/.m2/repository/org/apache/yetus/audience-annotations/0.5.0/audience-annotations-0.5.0.jar:/home/user/.m2/repository/org/codehaus/woodstox/stax2-api/3.1.4/stax2-api-3.1.4.jar:/home/user/.m2/repository/com/fasterxml/woodstox/woodstox-core/5.0.3/woodstox-core-5.0.3.jar:/home/user/.m2/repository/dnsjava/dnsjava/2.1.7/dnsjava-2.1.7.jar:/home/user/.m2/repository/org/apache/hadoop/hadoop-hdfs/3.2.0/hadoop-hdfs-3.2.0-tests.jar:/home/user/.m2/repository/org/eclipse/jetty/jetty-util-ajax/9.3.25.v20180904/jetty-util-ajax-9.3.25.v20180904.jar:/home/user/.m2/repository/commons-daemon/commons-daemon/1.0.13/commons-daemon-1.0.13.jar:/home/user/.m2/repository/io/netty/netty/3.10.5.Final/netty-3.10.5.Final.jar:/home/user/.m2/repository/io/netty/netty-all/4.0.52.Final/netty-all-4.0.52.Final.jar:/home/user/.m2/repository/org/fusesource/leveldbjni/leveldbjni-all/1.8/leveldbjni-all-1.8.jar:"/>
    <property name="sun.cpu.endian" value="little"/>
    <property name="user.home" value="/home/user"/>
    <property name="user.language" value="en"/>
    <property name="java.specification.vendor" value="Oracle Corporation"/>
    <property name="java.home" value="/usr/lib/jvm/java-1.8.0-openjdk-1.8.0.222.b10-1.el7_7.x86_64/jre"/>
    <property name="surefire.excludesFile" value="/tools/ozone-bad-unit-tests"/>
    <property name="java.security.krb5.conf" value="/workdir/hadoop-ozone/integration-test/target/test-classes/krb5.conf"/>
    <property name="basedir" value="/workdir/hadoop-ozone/integration-test"/>
    <property name="file.separator" value="/"/>
    <property name="line.separator" value="&#10;"/>
    <property name="java.vm.specification.vendor" value="Oracle Corporation"/>
    <property name="java.specification.name" value="Java Platform API Specification"/>
    <property name="java.awt.graphicsenv" value="sun.awt.X11GraphicsEnvironment"/>
    <property name="surefire.real.class.path" value="/workdir/hadoop-ozone/integration-test/target/surefire/surefirebooter5861274309673215715.jar"/>
    <property name="hadoop.log.dir" value="/workdir/hadoop-ozone/integration-test/target/log"/>
    <property name="sun.boot.class.path" value="/usr/lib/jvm/java-1.8.0-openjdk-1.8.0.222.b10-1.el7_7.x86_64/jre/lib/resources.jar:/usr/lib/jvm/java-1.8.0-openjdk-1.8.0.222.b10-1.el7_7.x86_64/jre/lib/rt.jar:/usr/lib/jvm/java-1.8.0-openjdk-1.8.0.222.b10-1.el7_7.x86_64/jre/lib/sunrsasign.jar:/usr/lib/jvm/java-1.8.0-openjdk-1.8.0.222.b10-1.el7_7.x86_64/jre/lib/jsse.jar:/usr/lib/jvm/java-1.8.0-openjdk-1.8.0.222.b10-1.el7_7.x86_64/jre/lib/jce.jar:/usr/lib/jvm/java-1.8.0-openjdk-1.8.0.222.b10-1.el7_7.x86_64/jre/lib/charsets.jar:/usr/lib/jvm/java-1.8.0-openjdk-1.8.0.222.b10-1.el7_7.x86_64/jre/lib/jfr.jar:/usr/lib/jvm/java-1.8.0-openjdk-1.8.0.222.b10-1.el7_7.x86_64/jre/classes"/>
    <property name="sun.management.compiler" value="HotSpot 64-Bit Tiered Compilers"/>
    <property name="java.runtime.version" value="1.8.0_222-b10"/>
    <property name="java.net.preferIPv4Stack" value="true"/>
    <property name="user.name" value="jenkins1000"/>
    <property name="path.separator" value=":"/>
    <property name="java.security.egd" value="file:///dev/urandom"/>
    <property name="os.version" value="3.10.0-957.12.2.el7.x86_64"/>
    <property name="java.endorsed.dirs" value="/usr/lib/jvm/java-1.8.0-openjdk-1.8.0.222.b10-1.el7_7.x86_64/jre/lib/endorsed"/>
    <property name="java.runtime.name" value="OpenJDK Runtime Environment"/>
    <property name="file.encoding" value="ANSI_X3.4-1968"/>
    <property name="java.vm.name" value="OpenJDK 64-Bit Server VM"/>
    <property name="test.build.webapps" value=""/>
    <property name="localRepository" value="/home/user/.m2/repository"/>
    <property name="java.vendor.url.bug" value="http://bugreport.sun.com/bugreport/"/>
    <property name="java.io.tmpdir" value="/tmp"/>
    <property name="require.test.libhadoop" value=""/>
    <property name="java.version" value="1.8.0_222"/>
    <property name="user.dir" value="/workdir/hadoop-ozone/integration-test"/>
    <property name="os.arch" value="amd64"/>
    <property name="java.vm.specification.name" value="Java Virtual Machine Specification"/>
    <property name="test.build.classes" value="/workdir/hadoop-ozone/integration-test/target/test-classes"/>
    <property name="java.awt.printerjob" value="sun.print.PSPrinterJob"/>
    <property name="sun.os.patch.level" value="unknown"/>
    <property name="hadoop.tmp.dir" value="/workdir/hadoop-ozone/integration-test/target/tmp"/>
    <property name="java.library.path" value="/usr/lib:/workdir/hadoop-ozone/integration-test/target/native/target/usr/local/lib:/workdir/hadoop-ozone/integration-test/../../hadoop-common-project/hadoop-common/target/native/target/usr/local/lib:/usr/java/packages/lib/amd64:/usr/lib64:/lib64:/lib:/usr/lib"/>
    <property name="java.vm.info" value="mixed mode"/>
    <property name="java.vendor" value="Oracle Corporation"/>
    <property name="java.vm.version" value="25.222-b10"/>
    <property name="java.ext.dirs" value="/usr/lib/jvm/java-1.8.0-openjdk-1.8.0.222.b10-1.el7_7.x86_64/jre/lib/ext:/usr/java/packages/lib/ext"/>
    <property name="sun.io.unicode.encoding" value="UnicodeLittle"/>
    <property name="java.class.version" value="52.0"/>
  </properties>
  <testcase name="testMultiBlockWritesWithIntermittentDnFailures" classname="org.apache.hadoop.ozone.client.rpc.TestMultiBlockWritesWithDnFailures" time="57.735"/>
  <testcase name="testMultiBlockWritesWithDnFailures" classname="org.apache.hadoop.ozone.client.rpc.TestMultiBlockWritesWithDnFailures" time="25.538">
    <error message="Allocated 0 blocks. Requested 1 blocks" type="INTERNAL_ERROR org.apache.hadoop.ozone.om.exceptions.OMException">INTERNAL_ERROR org.apache.hadoop.ozone.om.exceptions.OMException: Allocated 0 blocks. Requested 1 blocks
	at org.apache.hadoop.ozone.om.protocolPB.OzoneManagerProtocolClientSideTranslatorPB.handleError(OzoneManagerProtocolClientSideTranslatorPB.java:761)
	at org.apache.hadoop.ozone.om.protocolPB.OzoneManagerProtocolClientSideTranslatorPB.allocateBlock(OzoneManagerProtocolClientSideTranslatorPB.java:793)
	at sun.reflect.NativeMethodAccessorImpl.invoke0(Native Method)
	at sun.reflect.NativeMethodAccessorImpl.invoke(NativeMethodAccessorImpl.java:62)
	at sun.reflect.DelegatingMethodAccessorImpl.invoke(DelegatingMethodAccessorImpl.java:43)
	at java.lang.reflect.Method.invoke(Method.java:498)
	at org.apache.hadoop.hdds.tracing.TraceAllMethod.invoke(TraceAllMethod.java:66)
	at com.sun.proxy.$Proxy36.allocateBlock(Unknown Source)
	at org.apache.hadoop.ozone.client.io.BlockOutputStreamEntryPool.allocateNewBlock(BlockOutputStreamEntryPool.java:259)
	at org.apache.hadoop.ozone.client.io.BlockOutputStreamEntryPool.allocateBlockIfNeeded(BlockOutputStreamEntryPool.java:307)
	at org.apache.hadoop.ozone.client.io.KeyOutputStream.handleWrite(KeyOutputStream.java:198)
	at org.apache.hadoop.ozone.client.io.KeyOutputStream.handleRetry(KeyOutputStream.java:375)
	at org.apache.hadoop.ozone.client.io.KeyOutputStream.handleException(KeyOutputStream.java:324)
	at org.apache.hadoop.ozone.client.io.KeyOutputStream.handleWrite(KeyOutputStream.java:228)
	at org.apache.hadoop.ozone.client.io.KeyOutputStream.write(KeyOutputStream.java:190)
	at org.apache.hadoop.ozone.client.io.OzoneOutputStream.write(OzoneOutputStream.java:49)
	at java.io.OutputStream.write(OutputStream.java:75)
	at org.apache.hadoop.ozone.client.rpc.TestMultiBlockWritesWithDnFailures.testMultiBlockWritesWithDnFailures(TestMultiBlockWritesWithDnFailures.java:123)
	at sun.reflect.NativeMethodAccessorImpl.invoke0(Native Method)
	at sun.reflect.NativeMethodAccessorImpl.invoke(NativeMethodAccessorImpl.java:62)
	at sun.reflect.DelegatingMethodAccessorImpl.invoke(DelegatingMethodAccessorImpl.java:43)
	at java.lang.reflect.Method.invoke(Method.java:498)
	at org.junit.runners.model.FrameworkMethod$1.runReflectiveCall(FrameworkMethod.java:47)
	at org.junit.internal.runners.model.ReflectiveCallable.run(ReflectiveCallable.java:12)
	at org.junit.runners.model.FrameworkMethod.invokeExplosively(FrameworkMethod.java:44)
	at org.junit.internal.runners.statements.InvokeMethod.evaluate(InvokeMethod.java:17)
	at org.junit.internal.runners.statements.RunAfters.evaluate(RunAfters.java:27)
	at org.junit.runners.ParentRunner.runLeaf(ParentRunner.java:271)
	at org.junit.runners.BlockJUnit4ClassRunner.runChild(BlockJUnit4ClassRunner.java:70)
	at org.junit.runners.BlockJUnit4ClassRunner.runChild(BlockJUnit4ClassRunner.java:50)
	at org.junit.runners.ParentRunner$3.run(ParentRunner.java:238)
	at org.junit.runners.ParentRunner$1.schedule(ParentRunner.java:63)
	at org.junit.runners.ParentRunner.runChildren(ParentRunner.java:236)
	at org.junit.runners.ParentRunner.access$000(ParentRunner.java:53)
	at org.junit.runners.ParentRunner$2.evaluate(ParentRunner.java:229)
	at org.junit.runners.ParentRunner.run(ParentRunner.java:309)
	at org.apache.maven.surefire.junit4.JUnit4Provider.execute(JUnit4Provider.java:365)
	at org.apache.maven.surefire.junit4.JUnit4Provider.executeWithRerun(JUnit4Provider.java:273)
	at org.apache.maven.surefire.junit4.JUnit4Provider.executeTestSet(JUnit4Provider.java:238)
	at org.apache.maven.surefire.junit4.JUnit4Provider.invoke(JUnit4Provider.java:159)
	at org.apache.maven.surefire.booter.ForkedBooter.invokeProviderInSameClassLoader(ForkedBooter.java:384)
	at org.apache.maven.surefire.booter.ForkedBooter.runSuitesInProcess(ForkedBooter.java:345)
	at org.apache.maven.surefire.booter.ForkedBooter.execute(ForkedBooter.java:126)
	at org.apache.maven.surefire.booter.ForkedBooter.main(ForkedBooter.java:418)
</error>
    <system-out><![CDATA[2019-11-14 13:21:24,650 [main] WARN  server.ServerUtils (ServerUtils.java:getScmDbDir(145)) - ozone.scm.db.dirs is not configured. We recommend adding this setting. Falling back to ozone.metadata.dirs instead.
2019-11-14 13:21:24,679 [main] WARN  server.ServerUtils (ServerUtils.java:getScmDbDir(145)) - ozone.scm.db.dirs is not configured. We recommend adding this setting. Falling back to ozone.metadata.dirs instead.
2019-11-14 13:21:24,679 [main] WARN  server.ServerUtils (ServerUtils.java:getScmDbDir(145)) - ozone.scm.db.dirs is not configured. We recommend adding this setting. Falling back to ozone.metadata.dirs instead.
2019-11-14 13:21:24,680 [main] INFO  db.DBStoreBuilder (DBStoreBuilder.java:addTable(127)) - using custom profile for table: deletedBlocks
2019-11-14 13:21:24,680 [main] INFO  db.DBStoreBuilder (DBStoreBuilder.java:processTables(183)) - Using default column profile:DBProfile.DISK for Table:deletedBlocks
2019-11-14 13:21:24,680 [main] INFO  db.DBStoreBuilder (DBStoreBuilder.java:addTable(127)) - using custom profile for table: validCerts
2019-11-14 13:21:24,680 [main] INFO  db.DBStoreBuilder (DBStoreBuilder.java:processTables(183)) - Using default column profile:DBProfile.DISK for Table:validCerts
2019-11-14 13:21:24,680 [main] INFO  db.DBStoreBuilder (DBStoreBuilder.java:addTable(127)) - using custom profile for table: revokedCerts
2019-11-14 13:21:24,680 [main] INFO  db.DBStoreBuilder (DBStoreBuilder.java:processTables(183)) - Using default column profile:DBProfile.DISK for Table:revokedCerts
2019-11-14 13:21:24,681 [main] INFO  db.DBStoreBuilder (DBStoreBuilder.java:addTable(127)) - using custom profile for table: default
2019-11-14 13:21:24,681 [main] INFO  db.DBStoreBuilder (DBStoreBuilder.java:processTables(189)) - Using default column profile:DBProfile.DISK for Table:default
2019-11-14 13:21:24,681 [main] INFO  db.DBStoreBuilder (DBStoreBuilder.java:getDbProfile(220)) - Using default options. DBProfile.DISK
2019-11-14 13:21:25,052 [main] INFO  net.NodeSchemaLoader (NodeSchemaLoader.java:loadSchemaFromFile(125)) - Loading file from sun.misc.CompoundEnumeration@6587305a
2019-11-14 13:21:25,052 [main] INFO  net.NodeSchemaLoader (NodeSchemaLoader.java:loadSchema(171)) - Loading network topology layer schema file
2019-11-14 13:21:25,059 [main] INFO  node.SCMNodeManager (SCMNodeManager.java:<init>(116)) - Entering startup safe mode.
2019-11-14 13:21:25,060 [main] INFO  algorithms.ContainerPlacementPolicyFactory (ContainerPlacementPolicyFactory.java:getPolicy(57)) - Create container placement policy of type org.apache.hadoop.hdds.scm.container.placement.algorithms.SCMContainerPlacementRandom
2019-11-14 13:21:25,060 [main] WARN  server.ServerUtils (ServerUtils.java:getScmDbDir(145)) - ozone.scm.db.dirs is not configured. We recommend adding this setting. Falling back to ozone.metadata.dirs instead.
2019-11-14 13:21:25,210 [main] INFO  pipeline.SCMPipelineManager (SCMPipelineManager.java:initializePipelineState(132)) - No pipeline exists in current db
2019-11-14 13:21:25,211 [main] WARN  server.ServerUtils (ServerUtils.java:getScmDbDir(145)) - ozone.scm.db.dirs is not configured. We recommend adding this setting. Falling back to ozone.metadata.dirs instead.
2019-11-14 13:21:25,349 [main] WARN  events.EventQueue (EventQueue.java:fireEvent(183)) - No event handler registered for event TypedEvent{payloadType=SafeModeStatus, name='SafeModeStatus'}
2019-11-14 13:21:25,350 [main] INFO  ipc.CallQueueManager (CallQueueManager.java:<init>(84)) - Using callQueue: class java.util.concurrent.LinkedBlockingQueue, queueCapacity: 2000, scheduler: class org.apache.hadoop.ipc.DefaultRpcScheduler, ipcBackoff: false.
2019-11-14 13:21:25,351 [Socket Reader #1 for port 44447] INFO  ipc.Server (Server.java:run(1074)) - Starting Socket Reader #1 for port 44447
2019-11-14 13:21:25,353 [main] INFO  ipc.CallQueueManager (CallQueueManager.java:<init>(84)) - Using callQueue: class java.util.concurrent.LinkedBlockingQueue, queueCapacity: 2000, scheduler: class org.apache.hadoop.ipc.DefaultRpcScheduler, ipcBackoff: false.
2019-11-14 13:21:25,354 [Socket Reader #1 for port 42725] INFO  ipc.Server (Server.java:run(1074)) - Starting Socket Reader #1 for port 42725
2019-11-14 13:21:25,356 [main] INFO  ipc.CallQueueManager (CallQueueManager.java:<init>(84)) - Using callQueue: class java.util.concurrent.LinkedBlockingQueue, queueCapacity: 2000, scheduler: class org.apache.hadoop.ipc.DefaultRpcScheduler, ipcBackoff: false.
2019-11-14 13:21:25,357 [Socket Reader #1 for port 41614] INFO  ipc.Server (Server.java:run(1074)) - Starting Socket Reader #1 for port 41614
2019-11-14 13:21:25,359 [main] INFO  hdfs.DFSUtil (DFSUtil.java:httpServerTemplateForNNAndJN(1641)) - Starting Web-server for scm at: http://0.0.0.0:0
2019-11-14 13:21:25,362 [main] INFO  server.AuthenticationFilter (AuthenticationFilter.java:constructSecretProvider(240)) - Unable to initialize FileSignerSecretProvider, falling back to use random secrets.
2019-11-14 13:21:25,362 [main] WARN  http.HttpRequestLog (HttpRequestLog.java:getRequestLog(97)) - Jetty request log can only be enabled using Log4j
2019-11-14 13:21:25,364 [main] INFO  http.HttpServer2 (HttpServer2.java:addGlobalFilter(975)) - Added global filter 'safety' (class=org.apache.hadoop.http.HttpServer2$QuotingInputFilter)
2019-11-14 13:21:25,365 [main] INFO  http.HttpServer2 (HttpServer2.java:addFilter(948)) - Added filter static_user_filter (class=org.apache.hadoop.http.lib.StaticUserWebFilter$StaticUserFilter) to context scm
2019-11-14 13:21:25,365 [main] INFO  http.HttpServer2 (HttpServer2.java:addFilter(958)) - Added filter static_user_filter (class=org.apache.hadoop.http.lib.StaticUserWebFilter$StaticUserFilter) to context static
2019-11-14 13:21:25,366 [main] INFO  http.HttpServer2 (HttpServer2.java:addFilter(958)) - Added filter static_user_filter (class=org.apache.hadoop.http.lib.StaticUserWebFilter$StaticUserFilter) to context logs
2019-11-14 13:21:25,368 [main] INFO  server.StorageContainerManager (StorageContainerManager.java:start(766)) - StorageContainerLocationProtocol RPC server is listening at /0.0.0.0:41614
2019-11-14 13:21:25,371 [main] WARN  impl.MetricsConfig (MetricsConfig.java:loadFirst(134)) - Cannot locate configuration: tried hadoop-metrics2-storagecontainermanager.properties,hadoop-metrics2.properties
2019-11-14 13:21:25,372 [main] INFO  impl.MetricsSystemImpl (MetricsSystemImpl.java:startTimer(374)) - Scheduled Metric snapshot period at 10 second(s).
2019-11-14 13:21:25,372 [main] INFO  impl.MetricsSystemImpl (MetricsSystemImpl.java:start(191)) - StorageContainerManager metrics system started
2019-11-14 13:21:25,422 [main] WARN  impl.MetricsSystemImpl (MetricsSystemImpl.java:register(276)) - Sink prometheus already exists!
2019-11-14 13:21:25,433 [main] INFO  server.SCMClientProtocolServer (SCMClientProtocolServer.java:start(160)) - RPC server for Client  is listening at /0.0.0.0:41614
2019-11-14 13:21:25,433 [IPC Server Responder] INFO  ipc.Server (Server.java:run(1314)) - IPC Server Responder: starting
2019-11-14 13:21:25,434 [IPC Server listener on 41614] INFO  ipc.Server (Server.java:run(1153)) - IPC Server listener on 41614: starting
2019-11-14 13:21:25,437 [main] INFO  server.StorageContainerManager (StorageContainerManager.java:start(776)) - ScmBlockLocationProtocol RPC server is listening at /0.0.0.0:42725
2019-11-14 13:21:25,438 [main] INFO  server.SCMBlockProtocolServer (SCMBlockProtocolServer.java:start(146)) - RPC server for Block Protocol is listening at /0.0.0.0:42725
2019-11-14 13:21:25,438 [IPC Server Responder] INFO  ipc.Server (Server.java:run(1314)) - IPC Server Responder: starting
2019-11-14 13:21:25,439 [IPC Server listener on 42725] INFO  ipc.Server (Server.java:run(1153)) - IPC Server listener on 42725: starting
2019-11-14 13:21:25,443 [main] INFO  server.StorageContainerManager (StorageContainerManager.java:start(780)) - ScmDatanodeProtocl RPC server is listening at /0.0.0.0:44447
2019-11-14 13:21:25,443 [main] INFO  server.SCMDatanodeProtocolServer (SCMDatanodeProtocolServer.java:start(169)) - RPC server for DataNodes is listening at /0.0.0.0:44447
2019-11-14 13:21:25,444 [IPC Server Responder] INFO  ipc.Server (Server.java:run(1314)) - IPC Server Responder: starting
2019-11-14 13:21:25,445 [IPC Server listener on 44447] INFO  ipc.Server (Server.java:run(1153)) - IPC Server listener on 44447: starting
2019-11-14 13:21:25,448 [main] INFO  http.HttpServer2 (HttpServer2.java:bindListener(1191)) - Jetty bound to port 41731
2019-11-14 13:21:25,448 [main] INFO  server.Server (Server.java:doStart(351)) - jetty-9.3.25.v20180904, build timestamp: 2018-09-04T21:11:46Z, git hash: 3ce520221d0240229c862b122d2b06c12a625732
2019-11-14 13:21:25,450 [main] INFO  handler.ContextHandler (ContextHandler.java:doStart(781)) - Started o.e.j.s.ServletContextHandler@34c70b5e{/logs,file:///workdir/hadoop-ozone/integration-test/target/log,AVAILABLE}
2019-11-14 13:21:25,451 [main] INFO  handler.ContextHandler (ContextHandler.java:doStart(781)) - Started o.e.j.s.ServletContextHandler@75156240{/static,file:///workdir/hadoop-ozone/integration-test/target/test-classes/webapps/static,AVAILABLE}
2019-11-14 13:21:25,458 [main] INFO  handler.ContextHandler (ContextHandler.java:doStart(781)) - Started o.e.j.w.WebAppContext@38cedb7d{/,file:///workdir/hadoop-ozone/integration-test/target/test-classes/webapps/scm/,AVAILABLE}{/scm}
2019-11-14 13:21:25,459 [main] INFO  server.AbstractConnector (AbstractConnector.java:doStart(278)) - Started ServerConnector@772caabe{HTTP/1.1,[http/1.1]}{0.0.0.0:41731}
2019-11-14 13:21:25,459 [main] INFO  server.Server (Server.java:doStart(419)) - Started @58938ms
2019-11-14 13:21:25,459 [main] WARN  impl.MetricsSystemImpl (MetricsSystemImpl.java:register(276)) - Sink prometheus already exists!
2019-11-14 13:21:25,460 [main] INFO  server.BaseHttpServer (BaseHttpServer.java:updateConnectorAddress(215)) - HTTP server of SCM is listening at http://0.0.0.0:41731
2019-11-14 13:21:25,461 [main] WARN  server.ServerUtils (ServerUtils.java:getDBPath(222)) - ozone.om.db.dirs is not configured. We recommend adding this setting. Falling back to ozone.metadata.dirs instead.
2019-11-14 13:21:25,461 [org.apache.hadoop.util.JvmPauseMonitor$Monitor@7102ac3e] INFO  util.JvmPauseMonitor (JvmPauseMonitor.java:run(188)) - Starting JVM pause monitor
2019-11-14 13:21:25,561 [main] INFO  ha.OMHANodeDetails (OMHANodeDetails.java:loadOMHAConfig(190)) - Configuration either no ozone.om.address set. Falling back to the default OM address /127.0.0.1:0
2019-11-14 13:21:25,562 [main] INFO  ha.OMHANodeDetails (OMHANodeDetails.java:getOMNodeDetails(220)) - OM Service ID is not set. Setting it to the default ID: omServiceIdDefault
2019-11-14 13:21:25,562 [main] WARN  server.ServerUtils (ServerUtils.java:getDBPath(222)) - ozone.om.db.dirs is not configured. We recommend adding this setting. Falling back to ozone.metadata.dirs instead.
2019-11-14 13:21:25,563 [main] WARN  server.ServerUtils (ServerUtils.java:getDBPath(222)) - ozone.om.db.dirs is not configured. We recommend adding this setting. Falling back to ozone.metadata.dirs instead.
2019-11-14 13:21:25,574 [main] WARN  server.ServerUtils (ServerUtils.java:getDBPath(222)) - ozone.om.db.dirs is not configured. We recommend adding this setting. Falling back to ozone.metadata.dirs instead.
2019-11-14 13:21:25,574 [main] INFO  db.DBStoreBuilder (DBStoreBuilder.java:addTable(127)) - using custom profile for table: userTable
2019-11-14 13:21:25,575 [main] INFO  db.DBStoreBuilder (DBStoreBuilder.java:processTables(183)) - Using default column profile:DBProfile.DISK for Table:userTable
2019-11-14 13:21:25,575 [main] INFO  db.DBStoreBuilder (DBStoreBuilder.java:addTable(127)) - using custom profile for table: volumeTable
2019-11-14 13:21:25,575 [main] INFO  db.DBStoreBuilder (DBStoreBuilder.java:processTables(183)) - Using default column profile:DBProfile.DISK for Table:volumeTable
2019-11-14 13:21:25,575 [main] INFO  db.DBStoreBuilder (DBStoreBuilder.java:addTable(127)) - using custom profile for table: bucketTable
2019-11-14 13:21:25,575 [main] INFO  db.DBStoreBuilder (DBStoreBuilder.java:processTables(183)) - Using default column profile:DBProfile.DISK for Table:bucketTable
2019-11-14 13:21:25,576 [main] INFO  db.DBStoreBuilder (DBStoreBuilder.java:addTable(127)) - using custom profile for table: keyTable
2019-11-14 13:21:25,576 [main] INFO  db.DBStoreBuilder (DBStoreBuilder.java:processTables(183)) - Using default column profile:DBProfile.DISK for Table:keyTable
2019-11-14 13:21:25,576 [main] INFO  db.DBStoreBuilder (DBStoreBuilder.java:addTable(127)) - using custom profile for table: deletedTable
2019-11-14 13:21:25,576 [main] INFO  db.DBStoreBuilder (DBStoreBuilder.java:processTables(183)) - Using default column profile:DBProfile.DISK for Table:deletedTable
2019-11-14 13:21:25,577 [main] INFO  db.DBStoreBuilder (DBStoreBuilder.java:addTable(127)) - using custom profile for table: openKeyTable
2019-11-14 13:21:25,577 [main] INFO  db.DBStoreBuilder (DBStoreBuilder.java:processTables(183)) - Using default column profile:DBProfile.DISK for Table:openKeyTable
2019-11-14 13:21:25,577 [main] INFO  db.DBStoreBuilder (DBStoreBuilder.java:addTable(127)) - using custom profile for table: s3Table
2019-11-14 13:21:25,577 [main] INFO  db.DBStoreBuilder (DBStoreBuilder.java:processTables(183)) - Using default column profile:DBProfile.DISK for Table:s3Table
2019-11-14 13:21:25,578 [main] INFO  db.DBStoreBuilder (DBStoreBuilder.java:addTable(127)) - using custom profile for table: multipartInfoTable
2019-11-14 13:21:25,578 [main] INFO  db.DBStoreBuilder (DBStoreBuilder.java:processTables(183)) - Using default column profile:DBProfile.DISK for Table:multipartInfoTable
2019-11-14 13:21:25,578 [main] INFO  db.DBStoreBuilder (DBStoreBuilder.java:addTable(127)) - using custom profile for table: dTokenTable
2019-11-14 13:21:25,578 [main] INFO  db.DBStoreBuilder (DBStoreBuilder.java:processTables(183)) - Using default column profile:DBProfile.DISK for Table:dTokenTable
2019-11-14 13:21:25,578 [main] INFO  db.DBStoreBuilder (DBStoreBuilder.java:addTable(127)) - using custom profile for table: s3SecretTable
2019-11-14 13:21:25,579 [main] INFO  db.DBStoreBuilder (DBStoreBuilder.java:processTables(183)) - Using default column profile:DBProfile.DISK for Table:s3SecretTable
2019-11-14 13:21:25,579 [main] INFO  db.DBStoreBuilder (DBStoreBuilder.java:addTable(127)) - using custom profile for table: prefixTable
2019-11-14 13:21:25,579 [main] INFO  db.DBStoreBuilder (DBStoreBuilder.java:processTables(183)) - Using default column profile:DBProfile.DISK for Table:prefixTable
2019-11-14 13:21:25,579 [main] INFO  db.DBStoreBuilder (DBStoreBuilder.java:addTable(127)) - using custom profile for table: default
2019-11-14 13:21:25,579 [main] INFO  db.DBStoreBuilder (DBStoreBuilder.java:processTables(189)) - Using default column profile:DBProfile.DISK for Table:default
2019-11-14 13:21:25,580 [main] INFO  db.DBStoreBuilder (DBStoreBuilder.java:getDbProfile(220)) - Using default options. DBProfile.DISK
2019-11-14 13:21:26,342 [main] INFO  ipc.CallQueueManager (CallQueueManager.java:<init>(84)) - Using callQueue: class java.util.concurrent.LinkedBlockingQueue, queueCapacity: 2000, scheduler: class org.apache.hadoop.ipc.DefaultRpcScheduler, ipcBackoff: false.
2019-11-14 13:21:26,343 [Socket Reader #1 for port 42045] INFO  ipc.Server (Server.java:run(1074)) - Starting Socket Reader #1 for port 42045
2019-11-14 13:21:26,362 [main] INFO  om.OzoneManager (OzoneManager.java:start(1077)) - OzoneManager RPC server is listening at localhost/127.0.0.1:42045
2019-11-14 13:21:26,362 [main] INFO  impl.MetricsSystemImpl (MetricsSystemImpl.java:init(158)) - OzoneManager metrics system started (again)
2019-11-14 13:21:26,363 [IPC Server Responder] INFO  ipc.Server (Server.java:run(1314)) - IPC Server Responder: starting
2019-11-14 13:21:26,363 [IPC Server listener on 42045] INFO  ipc.Server (Server.java:run(1153)) - IPC Server listener on 42045: starting
2019-11-14 13:21:26,368 [main] INFO  hdfs.DFSUtil (DFSUtil.java:httpServerTemplateForNNAndJN(1641)) - Starting Web-server for ozoneManager at: http://0.0.0.0:0
2019-11-14 13:21:26,370 [main] INFO  server.AuthenticationFilter (AuthenticationFilter.java:constructSecretProvider(240)) - Unable to initialize FileSignerSecretProvider, falling back to use random secrets.
2019-11-14 13:21:26,371 [main] WARN  http.HttpRequestLog (HttpRequestLog.java:getRequestLog(97)) - Jetty request log can only be enabled using Log4j
2019-11-14 13:21:26,373 [main] INFO  http.HttpServer2 (HttpServer2.java:addGlobalFilter(975)) - Added global filter 'safety' (class=org.apache.hadoop.http.HttpServer2$QuotingInputFilter)
2019-11-14 13:21:26,374 [main] INFO  http.HttpServer2 (HttpServer2.java:addFilter(948)) - Added filter static_user_filter (class=org.apache.hadoop.http.lib.StaticUserWebFilter$StaticUserFilter) to context ozoneManager
2019-11-14 13:21:26,375 [main] INFO  http.HttpServer2 (HttpServer2.java:addFilter(958)) - Added filter static_user_filter (class=org.apache.hadoop.http.lib.StaticUserWebFilter$StaticUserFilter) to context static
2019-11-14 13:21:26,375 [main] INFO  http.HttpServer2 (HttpServer2.java:addFilter(958)) - Added filter static_user_filter (class=org.apache.hadoop.http.lib.StaticUserWebFilter$StaticUserFilter) to context logs
2019-11-14 13:21:26,376 [main] INFO  http.HttpServer2 (HttpServer2.java:bindListener(1191)) - Jetty bound to port 38141
2019-11-14 13:21:26,376 [main] INFO  server.Server (Server.java:doStart(351)) - jetty-9.3.25.v20180904, build timestamp: 2018-09-04T21:11:46Z, git hash: 3ce520221d0240229c862b122d2b06c12a625732
2019-11-14 13:21:26,379 [main] INFO  handler.ContextHandler (ContextHandler.java:doStart(781)) - Started o.e.j.s.ServletContextHandler@670f2466{/logs,file:///workdir/hadoop-ozone/integration-test/target/log,AVAILABLE}
2019-11-14 13:21:26,379 [main] INFO  handler.ContextHandler (ContextHandler.java:doStart(781)) - Started o.e.j.s.ServletContextHandler@bfec2f9{/static,file:///workdir/hadoop-ozone/integration-test/target/test-classes/webapps/static,AVAILABLE}
2019-11-14 13:21:26,386 [main] INFO  handler.ContextHandler (ContextHandler.java:doStart(781)) - Started o.e.j.w.WebAppContext@3bf54172{/,file:///workdir/hadoop-ozone/integration-test/target/test-classes/webapps/ozoneManager/,AVAILABLE}{/ozoneManager}
2019-11-14 13:21:26,386 [main] INFO  server.AbstractConnector (AbstractConnector.java:doStart(278)) - Started ServerConnector@2c9a6717{HTTP/1.1,[http/1.1]}{0.0.0.0:38141}
2019-11-14 13:21:26,387 [main] INFO  server.Server (Server.java:doStart(419)) - Started @59866ms
2019-11-14 13:21:26,387 [main] WARN  impl.MetricsSystemImpl (MetricsSystemImpl.java:register(276)) - Sink prometheus already exists!
2019-11-14 13:21:26,389 [main] INFO  server.BaseHttpServer (BaseHttpServer.java:updateConnectorAddress(215)) - HTTP server of OZONEMANAGER is listening at http://0.0.0.0:38141
2019-11-14 13:21:26,409 [main] INFO  impl.MetricsSystemImpl (MetricsSystemImpl.java:init(158)) - HddsDatanode metrics system started (again)
2019-11-14 13:21:26,412 [main] INFO  ozone.HddsDatanodeService (HddsDatanodeService.java:start(186)) - HddsDatanodeService host:pr-hdds-2468-gmfm6-3729483342 ip:192.168.69.121
2019-11-14 13:21:26,419 [main] INFO  volume.HddsVolume (HddsVolume.java:<init>(176)) - Creating Volume: /workdir/hadoop-ozone/integration-test/target/test-dir/MiniOzoneClusterImpl-3e7318d1-e353-4b83-9c8a-b04a40b588dc/datanode-0/data/containers/hdds of  storage type : DISK and capacity : 1482555576320
2019-11-14 13:21:26,419 [main] INFO  volume.VolumeSet (VolumeSet.java:initializeVolumeSet(170)) - Added Volume : /workdir/hadoop-ozone/integration-test/target/test-dir/MiniOzoneClusterImpl-3e7318d1-e353-4b83-9c8a-b04a40b588dc/datanode-0/data/containers/hdds to VolumeSet
2019-11-14 13:21:26,420 [main] INFO  volume.ThrottledAsyncChecker (ThrottledAsyncChecker.java:schedule(141)) - Scheduling a check for /workdir/hadoop-ozone/integration-test/target/test-dir/MiniOzoneClusterImpl-3e7318d1-e353-4b83-9c8a-b04a40b588dc/datanode-0/data/containers/hdds
2019-11-14 13:21:26,421 [main] INFO  volume.HddsVolumeChecker (HddsVolumeChecker.java:checkAllVolumes(204)) - Scheduled health check for volume /workdir/hadoop-ozone/integration-test/target/test-dir/MiniOzoneClusterImpl-3e7318d1-e353-4b83-9c8a-b04a40b588dc/datanode-0/data/containers/hdds
2019-11-14 13:21:26,441 [main] INFO  impl.RaftServerProxy (ConfUtils.java:logGet(43)) - raft.rpc.type = GRPC (default)
2019-11-14 13:21:26,441 [main] INFO  grpc.GrpcFactory (GrpcFactory.java:checkPooledByteBufAllocatorUseCacheForAllThreads(45)) - PERFORMANCE WARNING: useCacheForAllThreads is true that may cause Netty to create a lot garbage objects and, as a result, trigger GC.
	It is recommended to disable useCacheForAllThreads by setting -Dorg.apache.ratis.thirdparty.io.netty.allocator.useCacheForAllThreads=false in command line.
2019-11-14 13:21:26,442 [main] INFO  grpc.GrpcConfigKeys$Server (ConfUtils.java:logGet(43)) - raft.grpc.server.port = 0 (default)
2019-11-14 13:21:26,442 [main] INFO  server.GrpcService (ConfUtils.java:logGet(43)) - raft.grpc.message.size.max = 33570816 (custom)
2019-11-14 13:21:26,442 [main] INFO  server.RaftServerConfigKeys (ConfUtils.java:logGet(43)) - raft.server.log.appender.buffer.byte-limit = 33554432 (custom)
2019-11-14 13:21:26,442 [main] INFO  server.GrpcService (ConfUtils.java:logGet(43)) - raft.grpc.flow.control.window = 1MB (=1048576) (default)
2019-11-14 13:21:26,443 [main] INFO  server.RaftServerConfigKeys (ConfUtils.java:logGet(43)) - raft.server.rpc.request.timeout = 3000ms (default)
2019-11-14 13:21:26,444 [main] INFO  server.RaftServerConfigKeys (ConfUtils.java:logGet(43)) - raft.server.storage.dir = [/workdir/hadoop-ozone/integration-test/target/test-dir/MiniOzoneClusterImpl-3e7318d1-e353-4b83-9c8a-b04a40b588dc/datanode-0/data/ratis] (custom)
2019-11-14 13:21:26,446 [main] INFO  hdfs.DFSUtil (DFSUtil.java:httpServerTemplateForNNAndJN(1641)) - Starting Web-server for hddsDatanode at: http://0.0.0.0:0
2019-11-14 13:21:26,447 [main] INFO  server.AuthenticationFilter (AuthenticationFilter.java:constructSecretProvider(240)) - Unable to initialize FileSignerSecretProvider, falling back to use random secrets.
2019-11-14 13:21:26,448 [main] WARN  http.HttpRequestLog (HttpRequestLog.java:getRequestLog(97)) - Jetty request log can only be enabled using Log4j
2019-11-14 13:21:26,450 [main] INFO  http.HttpServer2 (HttpServer2.java:addGlobalFilter(975)) - Added global filter 'safety' (class=org.apache.hadoop.http.HttpServer2$QuotingInputFilter)
2019-11-14 13:21:26,450 [main] INFO  http.HttpServer2 (HttpServer2.java:addFilter(948)) - Added filter static_user_filter (class=org.apache.hadoop.http.lib.StaticUserWebFilter$StaticUserFilter) to context hddsDatanode
2019-11-14 13:21:26,450 [main] INFO  http.HttpServer2 (HttpServer2.java:addFilter(958)) - Added filter static_user_filter (class=org.apache.hadoop.http.lib.StaticUserWebFilter$StaticUserFilter) to context static
2019-11-14 13:21:26,451 [main] INFO  http.HttpServer2 (HttpServer2.java:addFilter(958)) - Added filter static_user_filter (class=org.apache.hadoop.http.lib.StaticUserWebFilter$StaticUserFilter) to context logs
2019-11-14 13:21:26,452 [main] INFO  http.HttpServer2 (HttpServer2.java:bindListener(1191)) - Jetty bound to port 43494
2019-11-14 13:21:26,452 [main] INFO  server.Server (Server.java:doStart(351)) - jetty-9.3.25.v20180904, build timestamp: 2018-09-04T21:11:46Z, git hash: 3ce520221d0240229c862b122d2b06c12a625732
2019-11-14 13:21:26,456 [main] INFO  handler.ContextHandler (ContextHandler.java:doStart(781)) - Started o.e.j.s.ServletContextHandler@65bad087{/logs,file:///workdir/hadoop-ozone/integration-test/target/log,AVAILABLE}
2019-11-14 13:21:26,457 [main] INFO  handler.ContextHandler (ContextHandler.java:doStart(781)) - Started o.e.j.s.ServletContextHandler@66cd621b{/static,jar:file:/home/user/.m2/repository/org/apache/hadoop/hadoop-hdds-container-service/0.5.0-SNAPSHOT/hadoop-hdds-container-service-0.5.0-SNAPSHOT.jar!/webapps/static,AVAILABLE}
2019-11-14 13:21:26,488 [main] INFO  handler.ContextHandler (ContextHandler.java:doStart(781)) - Started o.e.j.w.WebAppContext@798256c5{/,file:///tmp/jetty-0.0.0.0-43494-hddsDatanode-_-any-1667264863034045462.dir/webapp/,AVAILABLE}{/hddsDatanode}
2019-11-14 13:21:26,488 [main] INFO  server.AbstractConnector (AbstractConnector.java:doStart(278)) - Started ServerConnector@7ec95456{HTTP/1.1,[http/1.1]}{0.0.0.0:43494}
2019-11-14 13:21:26,489 [main] INFO  server.Server (Server.java:doStart(419)) - Started @59968ms
2019-11-14 13:21:26,489 [main] WARN  impl.MetricsSystemImpl (MetricsSystemImpl.java:register(276)) - Sink prometheus already exists!
2019-11-14 13:21:26,491 [main] INFO  server.BaseHttpServer (BaseHttpServer.java:updateConnectorAddress(215)) - HTTP server of HDDSDATANODE is listening at http://0.0.0.0:43494
2019-11-14 13:21:26,491 [main] INFO  impl.MetricsSystemImpl (MetricsSystemImpl.java:init(158)) - HddsDatanode metrics system started (again)
2019-11-14 13:21:26,492 [org.apache.hadoop.util.JvmPauseMonitor$Monitor@4bba8a29] INFO  util.JvmPauseMonitor (JvmPauseMonitor.java:run(188)) - Starting JVM pause monitor
2019-11-14 13:21:26,495 [main] INFO  ozone.HddsDatanodeService (HddsDatanodeService.java:start(186)) - HddsDatanodeService host:pr-hdds-2468-gmfm6-3729483342 ip:192.168.69.121
2019-11-14 13:21:26,496 [Datanode State Machine Thread - 0] INFO  datanode.InitDatanodeState (InitDatanodeState.java:persistContainerDatanodeDetails(140)) - DatanodeDetails is persisted to /workdir/hadoop-ozone/integration-test/target/test-dir/MiniOzoneClusterImpl-3e7318d1-e353-4b83-9c8a-b04a40b588dc/datanode-0/meta/datanode.id
2019-11-14 13:21:26,503 [main] INFO  volume.HddsVolume (HddsVolume.java:<init>(176)) - Creating Volume: /workdir/hadoop-ozone/integration-test/target/test-dir/MiniOzoneClusterImpl-3e7318d1-e353-4b83-9c8a-b04a40b588dc/datanode-1/data/containers/hdds of  storage type : DISK and capacity : 1482555576320
2019-11-14 13:21:26,504 [main] INFO  volume.VolumeSet (VolumeSet.java:initializeVolumeSet(170)) - Added Volume : /workdir/hadoop-ozone/integration-test/target/test-dir/MiniOzoneClusterImpl-3e7318d1-e353-4b83-9c8a-b04a40b588dc/datanode-1/data/containers/hdds to VolumeSet
2019-11-14 13:21:26,504 [main] INFO  volume.ThrottledAsyncChecker (ThrottledAsyncChecker.java:schedule(141)) - Scheduling a check for /workdir/hadoop-ozone/integration-test/target/test-dir/MiniOzoneClusterImpl-3e7318d1-e353-4b83-9c8a-b04a40b588dc/datanode-1/data/containers/hdds
2019-11-14 13:21:26,504 [main] INFO  volume.HddsVolumeChecker (HddsVolumeChecker.java:checkAllVolumes(204)) - Scheduled health check for volume /workdir/hadoop-ozone/integration-test/target/test-dir/MiniOzoneClusterImpl-3e7318d1-e353-4b83-9c8a-b04a40b588dc/datanode-1/data/containers/hdds
2019-11-14 13:21:26,520 [main] INFO  impl.RaftServerProxy (ConfUtils.java:logGet(43)) - raft.rpc.type = GRPC (default)
2019-11-14 13:21:26,521 [main] INFO  grpc.GrpcFactory (GrpcFactory.java:checkPooledByteBufAllocatorUseCacheForAllThreads(45)) - PERFORMANCE WARNING: useCacheForAllThreads is true that may cause Netty to create a lot garbage objects and, as a result, trigger GC.
	It is recommended to disable useCacheForAllThreads by setting -Dorg.apache.ratis.thirdparty.io.netty.allocator.useCacheForAllThreads=false in command line.
2019-11-14 13:21:26,521 [main] INFO  grpc.GrpcConfigKeys$Server (ConfUtils.java:logGet(43)) - raft.grpc.server.port = 0 (default)
2019-11-14 13:21:26,521 [main] INFO  server.GrpcService (ConfUtils.java:logGet(43)) - raft.grpc.message.size.max = 33570816 (custom)
2019-11-14 13:21:26,521 [main] INFO  server.RaftServerConfigKeys (ConfUtils.java:logGet(43)) - raft.server.log.appender.buffer.byte-limit = 33554432 (custom)
2019-11-14 13:21:26,521 [main] INFO  server.GrpcService (ConfUtils.java:logGet(43)) - raft.grpc.flow.control.window = 1MB (=1048576) (default)
2019-11-14 13:21:26,522 [main] INFO  server.RaftServerConfigKeys (ConfUtils.java:logGet(43)) - raft.server.rpc.request.timeout = 3000ms (default)
2019-11-14 13:21:26,522 [main] INFO  server.RaftServerConfigKeys (ConfUtils.java:logGet(43)) - raft.server.storage.dir = [/workdir/hadoop-ozone/integration-test/target/test-dir/MiniOzoneClusterImpl-3e7318d1-e353-4b83-9c8a-b04a40b588dc/datanode-1/data/ratis] (custom)
2019-11-14 13:21:26,524 [main] INFO  hdfs.DFSUtil (DFSUtil.java:httpServerTemplateForNNAndJN(1641)) - Starting Web-server for hddsDatanode at: http://0.0.0.0:0
2019-11-14 13:21:26,526 [main] INFO  server.AuthenticationFilter (AuthenticationFilter.java:constructSecretProvider(240)) - Unable to initialize FileSignerSecretProvider, falling back to use random secrets.
2019-11-14 13:21:26,526 [main] WARN  http.HttpRequestLog (HttpRequestLog.java:getRequestLog(97)) - Jetty request log can only be enabled using Log4j
2019-11-14 13:21:26,528 [main] INFO  http.HttpServer2 (HttpServer2.java:addGlobalFilter(975)) - Added global filter 'safety' (class=org.apache.hadoop.http.HttpServer2$QuotingInputFilter)
2019-11-14 13:21:26,530 [main] INFO  http.HttpServer2 (HttpServer2.java:addFilter(948)) - Added filter static_user_filter (class=org.apache.hadoop.http.lib.StaticUserWebFilter$StaticUserFilter) to context hddsDatanode
2019-11-14 13:21:26,530 [main] INFO  http.HttpServer2 (HttpServer2.java:addFilter(958)) - Added filter static_user_filter (class=org.apache.hadoop.http.lib.StaticUserWebFilter$StaticUserFilter) to context logs
2019-11-14 13:21:26,530 [main] INFO  http.HttpServer2 (HttpServer2.java:addFilter(958)) - Added filter static_user_filter (class=org.apache.hadoop.http.lib.StaticUserWebFilter$StaticUserFilter) to context static
2019-11-14 13:21:26,531 [main] INFO  http.HttpServer2 (HttpServer2.java:bindListener(1191)) - Jetty bound to port 39683
2019-11-14 13:21:26,531 [main] INFO  server.Server (Server.java:doStart(351)) - jetty-9.3.25.v20180904, build timestamp: 2018-09-04T21:11:46Z, git hash: 3ce520221d0240229c862b122d2b06c12a625732
2019-11-14 13:21:26,534 [main] INFO  handler.ContextHandler (ContextHandler.java:doStart(781)) - Started o.e.j.s.ServletContextHandler@58253c57{/logs,file:///workdir/hadoop-ozone/integration-test/target/log,AVAILABLE}
2019-11-14 13:21:26,534 [main] INFO  handler.ContextHandler (ContextHandler.java:doStart(781)) - Started o.e.j.s.ServletContextHandler@1bf14704{/static,jar:file:/home/user/.m2/repository/org/apache/hadoop/hadoop-hdds-container-service/0.5.0-SNAPSHOT/hadoop-hdds-container-service-0.5.0-SNAPSHOT.jar!/webapps/static,AVAILABLE}
2019-11-14 13:21:26,570 [main] INFO  handler.ContextHandler (ContextHandler.java:doStart(781)) - Started o.e.j.w.WebAppContext@f3560d4{/,file:///tmp/jetty-0.0.0.0-39683-hddsDatanode-_-any-6863543782048388129.dir/webapp/,AVAILABLE}{/hddsDatanode}
2019-11-14 13:21:26,571 [main] INFO  server.AbstractConnector (AbstractConnector.java:doStart(278)) - Started ServerConnector@3ba3d4b6{HTTP/1.1,[http/1.1]}{0.0.0.0:39683}
2019-11-14 13:21:26,572 [main] INFO  server.Server (Server.java:doStart(419)) - Started @60051ms
2019-11-14 13:21:26,572 [main] WARN  impl.MetricsSystemImpl (MetricsSystemImpl.java:register(276)) - Sink prometheus already exists!
2019-11-14 13:21:26,573 [main] INFO  server.BaseHttpServer (BaseHttpServer.java:updateConnectorAddress(215)) - HTTP server of HDDSDATANODE is listening at http://0.0.0.0:39683
2019-11-14 13:21:26,574 [main] INFO  impl.MetricsSystemImpl (MetricsSystemImpl.java:init(158)) - HddsDatanode metrics system started (again)
2019-11-14 13:21:26,575 [org.apache.hadoop.util.JvmPauseMonitor$Monitor@78fbeaed] INFO  util.JvmPauseMonitor (JvmPauseMonitor.java:run(188)) - Starting JVM pause monitor
2019-11-14 13:21:26,577 [Datanode State Machine Thread - 0] INFO  datanode.InitDatanodeState (InitDatanodeState.java:persistContainerDatanodeDetails(140)) - DatanodeDetails is persisted to /workdir/hadoop-ozone/integration-test/target/test-dir/MiniOzoneClusterImpl-3e7318d1-e353-4b83-9c8a-b04a40b588dc/datanode-1/meta/datanode.id
2019-11-14 13:21:26,578 [main] INFO  ozone.HddsDatanodeService (HddsDatanodeService.java:start(186)) - HddsDatanodeService host:pr-hdds-2468-gmfm6-3729483342 ip:192.168.69.121
2019-11-14 13:21:26,586 [main] INFO  volume.HddsVolume (HddsVolume.java:<init>(176)) - Creating Volume: /workdir/hadoop-ozone/integration-test/target/test-dir/MiniOzoneClusterImpl-3e7318d1-e353-4b83-9c8a-b04a40b588dc/datanode-2/data/containers/hdds of  storage type : DISK and capacity : 1482555576320
2019-11-14 13:21:26,586 [main] INFO  volume.VolumeSet (VolumeSet.java:initializeVolumeSet(170)) - Added Volume : /workdir/hadoop-ozone/integration-test/target/test-dir/MiniOzoneClusterImpl-3e7318d1-e353-4b83-9c8a-b04a40b588dc/datanode-2/data/containers/hdds to VolumeSet
2019-11-14 13:21:26,586 [main] INFO  volume.ThrottledAsyncChecker (ThrottledAsyncChecker.java:schedule(141)) - Scheduling a check for /workdir/hadoop-ozone/integration-test/target/test-dir/MiniOzoneClusterImpl-3e7318d1-e353-4b83-9c8a-b04a40b588dc/datanode-2/data/containers/hdds
2019-11-14 13:21:26,587 [main] INFO  volume.HddsVolumeChecker (HddsVolumeChecker.java:checkAllVolumes(204)) - Scheduled health check for volume /workdir/hadoop-ozone/integration-test/target/test-dir/MiniOzoneClusterImpl-3e7318d1-e353-4b83-9c8a-b04a40b588dc/datanode-2/data/containers/hdds
2019-11-14 13:21:26,610 [main] INFO  impl.RaftServerProxy (ConfUtils.java:logGet(43)) - raft.rpc.type = GRPC (default)
2019-11-14 13:21:26,610 [main] INFO  grpc.GrpcFactory (GrpcFactory.java:checkPooledByteBufAllocatorUseCacheForAllThreads(45)) - PERFORMANCE WARNING: useCacheForAllThreads is true that may cause Netty to create a lot garbage objects and, as a result, trigger GC.
	It is recommended to disable useCacheForAllThreads by setting -Dorg.apache.ratis.thirdparty.io.netty.allocator.useCacheForAllThreads=false in command line.
2019-11-14 13:21:26,611 [main] INFO  grpc.GrpcConfigKeys$Server (ConfUtils.java:logGet(43)) - raft.grpc.server.port = 0 (default)
2019-11-14 13:21:26,611 [main] INFO  server.GrpcService (ConfUtils.java:logGet(43)) - raft.grpc.message.size.max = 33570816 (custom)
2019-11-14 13:21:26,611 [main] INFO  server.RaftServerConfigKeys (ConfUtils.java:logGet(43)) - raft.server.log.appender.buffer.byte-limit = 33554432 (custom)
2019-11-14 13:21:26,611 [main] INFO  server.GrpcService (ConfUtils.java:logGet(43)) - raft.grpc.flow.control.window = 1MB (=1048576) (default)
2019-11-14 13:21:26,612 [main] INFO  server.RaftServerConfigKeys (ConfUtils.java:logGet(43)) - raft.server.rpc.request.timeout = 3000ms (default)
2019-11-14 13:21:26,613 [main] INFO  server.RaftServerConfigKeys (ConfUtils.java:logGet(43)) - raft.server.storage.dir = [/workdir/hadoop-ozone/integration-test/target/test-dir/MiniOzoneClusterImpl-3e7318d1-e353-4b83-9c8a-b04a40b588dc/datanode-2/data/ratis] (custom)
2019-11-14 13:21:26,615 [main] INFO  hdfs.DFSUtil (DFSUtil.java:httpServerTemplateForNNAndJN(1641)) - Starting Web-server for hddsDatanode at: http://0.0.0.0:0
2019-11-14 13:21:26,617 [main] INFO  server.AuthenticationFilter (AuthenticationFilter.java:constructSecretProvider(240)) - Unable to initialize FileSignerSecretProvider, falling back to use random secrets.
2019-11-14 13:21:26,617 [main] WARN  http.HttpRequestLog (HttpRequestLog.java:getRequestLog(97)) - Jetty request log can only be enabled using Log4j
2019-11-14 13:21:26,619 [main] INFO  http.HttpServer2 (HttpServer2.java:addGlobalFilter(975)) - Added global filter 'safety' (class=org.apache.hadoop.http.HttpServer2$QuotingInputFilter)
2019-11-14 13:21:26,620 [main] INFO  http.HttpServer2 (HttpServer2.java:addFilter(948)) - Added filter static_user_filter (class=org.apache.hadoop.http.lib.StaticUserWebFilter$StaticUserFilter) to context hddsDatanode
2019-11-14 13:21:26,620 [main] INFO  http.HttpServer2 (HttpServer2.java:addFilter(958)) - Added filter static_user_filter (class=org.apache.hadoop.http.lib.StaticUserWebFilter$StaticUserFilter) to context static
2019-11-14 13:21:26,620 [main] INFO  http.HttpServer2 (HttpServer2.java:addFilter(958)) - Added filter static_user_filter (class=org.apache.hadoop.http.lib.StaticUserWebFilter$StaticUserFilter) to context logs
2019-11-14 13:21:26,621 [main] INFO  http.HttpServer2 (HttpServer2.java:bindListener(1191)) - Jetty bound to port 34596
2019-11-14 13:21:26,621 [main] INFO  server.Server (Server.java:doStart(351)) - jetty-9.3.25.v20180904, build timestamp: 2018-09-04T21:11:46Z, git hash: 3ce520221d0240229c862b122d2b06c12a625732
2019-11-14 13:21:26,623 [main] INFO  handler.ContextHandler (ContextHandler.java:doStart(781)) - Started o.e.j.s.ServletContextHandler@4bdf{/logs,file:///workdir/hadoop-ozone/integration-test/target/log,AVAILABLE}
2019-11-14 13:21:26,624 [main] INFO  handler.ContextHandler (ContextHandler.java:doStart(781)) - Started o.e.j.s.ServletContextHandler@2c63762b{/static,jar:file:/home/user/.m2/repository/org/apache/hadoop/hadoop-hdds-container-service/0.5.0-SNAPSHOT/hadoop-hdds-container-service-0.5.0-SNAPSHOT.jar!/webapps/static,AVAILABLE}
2019-11-14 13:21:26,670 [main] INFO  handler.ContextHandler (ContextHandler.java:doStart(781)) - Started o.e.j.w.WebAppContext@152c4495{/,file:///tmp/jetty-0.0.0.0-34596-hddsDatanode-_-any-430555151467767122.dir/webapp/,AVAILABLE}{/hddsDatanode}
2019-11-14 13:21:26,670 [main] INFO  server.AbstractConnector (AbstractConnector.java:doStart(278)) - Started ServerConnector@5ec1963c{HTTP/1.1,[http/1.1]}{0.0.0.0:34596}
2019-11-14 13:21:26,672 [main] INFO  server.Server (Server.java:doStart(419)) - Started @60151ms
2019-11-14 13:21:26,672 [main] WARN  impl.MetricsSystemImpl (MetricsSystemImpl.java:register(276)) - Sink prometheus already exists!
2019-11-14 13:21:26,673 [main] INFO  server.BaseHttpServer (BaseHttpServer.java:updateConnectorAddress(215)) - HTTP server of HDDSDATANODE is listening at http://0.0.0.0:34596
2019-11-14 13:21:26,673 [main] INFO  impl.MetricsSystemImpl (MetricsSystemImpl.java:init(158)) - HddsDatanode metrics system started (again)
2019-11-14 13:21:26,676 [org.apache.hadoop.util.JvmPauseMonitor$Monitor@6e15805c] INFO  util.JvmPauseMonitor (JvmPauseMonitor.java:run(188)) - Starting JVM pause monitor
2019-11-14 13:21:26,677 [main] INFO  ozone.HddsDatanodeService (HddsDatanodeService.java:start(186)) - HddsDatanodeService host:pr-hdds-2468-gmfm6-3729483342 ip:192.168.69.121
2019-11-14 13:21:26,678 [Datanode State Machine Thread - 0] INFO  datanode.InitDatanodeState (InitDatanodeState.java:persistContainerDatanodeDetails(140)) - DatanodeDetails is persisted to /workdir/hadoop-ozone/integration-test/target/test-dir/MiniOzoneClusterImpl-3e7318d1-e353-4b83-9c8a-b04a40b588dc/datanode-2/meta/datanode.id
2019-11-14 13:21:26,685 [main] INFO  volume.HddsVolume (HddsVolume.java:<init>(176)) - Creating Volume: /workdir/hadoop-ozone/integration-test/target/test-dir/MiniOzoneClusterImpl-3e7318d1-e353-4b83-9c8a-b04a40b588dc/datanode-3/data/containers/hdds of  storage type : DISK and capacity : 1482555576320
2019-11-14 13:21:26,686 [main] INFO  volume.VolumeSet (VolumeSet.java:initializeVolumeSet(170)) - Added Volume : /workdir/hadoop-ozone/integration-test/target/test-dir/MiniOzoneClusterImpl-3e7318d1-e353-4b83-9c8a-b04a40b588dc/datanode-3/data/containers/hdds to VolumeSet
2019-11-14 13:21:26,686 [main] INFO  volume.ThrottledAsyncChecker (ThrottledAsyncChecker.java:schedule(141)) - Scheduling a check for /workdir/hadoop-ozone/integration-test/target/test-dir/MiniOzoneClusterImpl-3e7318d1-e353-4b83-9c8a-b04a40b588dc/datanode-3/data/containers/hdds
2019-11-14 13:21:26,686 [main] INFO  volume.HddsVolumeChecker (HddsVolumeChecker.java:checkAllVolumes(204)) - Scheduled health check for volume /workdir/hadoop-ozone/integration-test/target/test-dir/MiniOzoneClusterImpl-3e7318d1-e353-4b83-9c8a-b04a40b588dc/datanode-3/data/containers/hdds
2019-11-14 13:21:26,705 [main] INFO  impl.RaftServerProxy (ConfUtils.java:logGet(43)) - raft.rpc.type = GRPC (default)
2019-11-14 13:21:26,706 [main] INFO  grpc.GrpcFactory (GrpcFactory.java:checkPooledByteBufAllocatorUseCacheForAllThreads(45)) - PERFORMANCE WARNING: useCacheForAllThreads is true that may cause Netty to create a lot garbage objects and, as a result, trigger GC.
	It is recommended to disable useCacheForAllThreads by setting -Dorg.apache.ratis.thirdparty.io.netty.allocator.useCacheForAllThreads=false in command line.
2019-11-14 13:21:26,706 [main] INFO  grpc.GrpcConfigKeys$Server (ConfUtils.java:logGet(43)) - raft.grpc.server.port = 0 (default)
2019-11-14 13:21:26,706 [main] INFO  server.GrpcService (ConfUtils.java:logGet(43)) - raft.grpc.message.size.max = 33570816 (custom)
2019-11-14 13:21:26,706 [main] INFO  server.RaftServerConfigKeys (ConfUtils.java:logGet(43)) - raft.server.log.appender.buffer.byte-limit = 33554432 (custom)
2019-11-14 13:21:26,706 [main] INFO  server.GrpcService (ConfUtils.java:logGet(43)) - raft.grpc.flow.control.window = 1MB (=1048576) (default)
2019-11-14 13:21:26,707 [main] INFO  server.RaftServerConfigKeys (ConfUtils.java:logGet(43)) - raft.server.rpc.request.timeout = 3000ms (default)
2019-11-14 13:21:26,707 [main] INFO  server.RaftServerConfigKeys (ConfUtils.java:logGet(43)) - raft.server.storage.dir = [/workdir/hadoop-ozone/integration-test/target/test-dir/MiniOzoneClusterImpl-3e7318d1-e353-4b83-9c8a-b04a40b588dc/datanode-3/data/ratis] (custom)
2019-11-14 13:21:26,709 [main] INFO  hdfs.DFSUtil (DFSUtil.java:httpServerTemplateForNNAndJN(1641)) - Starting Web-server for hddsDatanode at: http://0.0.0.0:0
2019-11-14 13:21:26,711 [main] INFO  server.AuthenticationFilter (AuthenticationFilter.java:constructSecretProvider(240)) - Unable to initialize FileSignerSecretProvider, falling back to use random secrets.
2019-11-14 13:21:26,711 [main] WARN  http.HttpRequestLog (HttpRequestLog.java:getRequestLog(97)) - Jetty request log can only be enabled using Log4j
2019-11-14 13:21:26,713 [main] INFO  http.HttpServer2 (HttpServer2.java:addGlobalFilter(975)) - Added global filter 'safety' (class=org.apache.hadoop.http.HttpServer2$QuotingInputFilter)
2019-11-14 13:21:26,714 [main] INFO  http.HttpServer2 (HttpServer2.java:addFilter(948)) - Added filter static_user_filter (class=org.apache.hadoop.http.lib.StaticUserWebFilter$StaticUserFilter) to context hddsDatanode
2019-11-14 13:21:26,714 [main] INFO  http.HttpServer2 (HttpServer2.java:addFilter(958)) - Added filter static_user_filter (class=org.apache.hadoop.http.lib.StaticUserWebFilter$StaticUserFilter) to context logs
2019-11-14 13:21:26,714 [main] INFO  http.HttpServer2 (HttpServer2.java:addFilter(958)) - Added filter static_user_filter (class=org.apache.hadoop.http.lib.StaticUserWebFilter$StaticUserFilter) to context static
2019-11-14 13:21:26,715 [main] INFO  http.HttpServer2 (HttpServer2.java:bindListener(1191)) - Jetty bound to port 40838
2019-11-14 13:21:26,715 [main] INFO  server.Server (Server.java:doStart(351)) - jetty-9.3.25.v20180904, build timestamp: 2018-09-04T21:11:46Z, git hash: 3ce520221d0240229c862b122d2b06c12a625732
2019-11-14 13:21:26,717 [main] INFO  handler.ContextHandler (ContextHandler.java:doStart(781)) - Started o.e.j.s.ServletContextHandler@6d6d480c{/logs,file:///workdir/hadoop-ozone/integration-test/target/log,AVAILABLE}
2019-11-14 13:21:26,718 [main] INFO  handler.ContextHandler (ContextHandler.java:doStart(781)) - Started o.e.j.s.ServletContextHandler@5a917723{/static,jar:file:/home/user/.m2/repository/org/apache/hadoop/hadoop-hdds-container-service/0.5.0-SNAPSHOT/hadoop-hdds-container-service-0.5.0-SNAPSHOT.jar!/webapps/static,AVAILABLE}
2019-11-14 13:21:26,758 [main] INFO  handler.ContextHandler (ContextHandler.java:doStart(781)) - Started o.e.j.w.WebAppContext@3b4825f0{/,file:///tmp/jetty-0.0.0.0-40838-hddsDatanode-_-any-3668313234655057279.dir/webapp/,AVAILABLE}{/hddsDatanode}
2019-11-14 13:21:26,758 [main] INFO  server.AbstractConnector (AbstractConnector.java:doStart(278)) - Started ServerConnector@40ac6b76{HTTP/1.1,[http/1.1]}{0.0.0.0:40838}
2019-11-14 13:21:26,759 [main] INFO  server.Server (Server.java:doStart(419)) - Started @60238ms
2019-11-14 13:21:26,759 [main] WARN  impl.MetricsSystemImpl (MetricsSystemImpl.java:register(276)) - Sink prometheus already exists!
2019-11-14 13:21:26,760 [main] INFO  server.BaseHttpServer (BaseHttpServer.java:updateConnectorAddress(215)) - HTTP server of HDDSDATANODE is listening at http://0.0.0.0:40838
2019-11-14 13:21:26,760 [main] INFO  impl.MetricsSystemImpl (MetricsSystemImpl.java:init(158)) - HddsDatanode metrics system started (again)
2019-11-14 13:21:26,764 [org.apache.hadoop.util.JvmPauseMonitor$Monitor@11f53d37] INFO  util.JvmPauseMonitor (JvmPauseMonitor.java:run(188)) - Starting JVM pause monitor
2019-11-14 13:21:26,764 [main] INFO  ozone.HddsDatanodeService (HddsDatanodeService.java:start(186)) - HddsDatanodeService host:pr-hdds-2468-gmfm6-3729483342 ip:192.168.69.121
2019-11-14 13:21:26,765 [Datanode State Machine Thread - 0] INFO  datanode.InitDatanodeState (InitDatanodeState.java:persistContainerDatanodeDetails(140)) - DatanodeDetails is persisted to /workdir/hadoop-ozone/integration-test/target/test-dir/MiniOzoneClusterImpl-3e7318d1-e353-4b83-9c8a-b04a40b588dc/datanode-3/meta/datanode.id
2019-11-14 13:21:26,772 [main] INFO  volume.HddsVolume (HddsVolume.java:<init>(176)) - Creating Volume: /workdir/hadoop-ozone/integration-test/target/test-dir/MiniOzoneClusterImpl-3e7318d1-e353-4b83-9c8a-b04a40b588dc/datanode-4/data/containers/hdds of  storage type : DISK and capacity : 1482555576320
2019-11-14 13:21:26,773 [main] INFO  volume.VolumeSet (VolumeSet.java:initializeVolumeSet(170)) - Added Volume : /workdir/hadoop-ozone/integration-test/target/test-dir/MiniOzoneClusterImpl-3e7318d1-e353-4b83-9c8a-b04a40b588dc/datanode-4/data/containers/hdds to VolumeSet
2019-11-14 13:21:26,773 [main] INFO  volume.ThrottledAsyncChecker (ThrottledAsyncChecker.java:schedule(141)) - Scheduling a check for /workdir/hadoop-ozone/integration-test/target/test-dir/MiniOzoneClusterImpl-3e7318d1-e353-4b83-9c8a-b04a40b588dc/datanode-4/data/containers/hdds
2019-11-14 13:21:26,774 [main] INFO  volume.HddsVolumeChecker (HddsVolumeChecker.java:checkAllVolumes(204)) - Scheduled health check for volume /workdir/hadoop-ozone/integration-test/target/test-dir/MiniOzoneClusterImpl-3e7318d1-e353-4b83-9c8a-b04a40b588dc/datanode-4/data/containers/hdds
2019-11-14 13:21:26,791 [main] INFO  impl.RaftServerProxy (ConfUtils.java:logGet(43)) - raft.rpc.type = GRPC (default)
2019-11-14 13:21:26,792 [main] INFO  grpc.GrpcFactory (GrpcFactory.java:checkPooledByteBufAllocatorUseCacheForAllThreads(45)) - PERFORMANCE WARNING: useCacheForAllThreads is true that may cause Netty to create a lot garbage objects and, as a result, trigger GC.
	It is recommended to disable useCacheForAllThreads by setting -Dorg.apache.ratis.thirdparty.io.netty.allocator.useCacheForAllThreads=false in command line.
2019-11-14 13:21:26,792 [main] INFO  grpc.GrpcConfigKeys$Server (ConfUtils.java:logGet(43)) - raft.grpc.server.port = 0 (default)
2019-11-14 13:21:26,792 [main] INFO  server.GrpcService (ConfUtils.java:logGet(43)) - raft.grpc.message.size.max = 33570816 (custom)
2019-11-14 13:21:26,793 [main] INFO  server.RaftServerConfigKeys (ConfUtils.java:logGet(43)) - raft.server.log.appender.buffer.byte-limit = 33554432 (custom)
2019-11-14 13:21:26,793 [main] INFO  server.GrpcService (ConfUtils.java:logGet(43)) - raft.grpc.flow.control.window = 1MB (=1048576) (default)
2019-11-14 13:21:26,793 [main] INFO  server.RaftServerConfigKeys (ConfUtils.java:logGet(43)) - raft.server.rpc.request.timeout = 3000ms (default)
2019-11-14 13:21:26,794 [main] INFO  server.RaftServerConfigKeys (ConfUtils.java:logGet(43)) - raft.server.storage.dir = [/workdir/hadoop-ozone/integration-test/target/test-dir/MiniOzoneClusterImpl-3e7318d1-e353-4b83-9c8a-b04a40b588dc/datanode-4/data/ratis] (custom)
2019-11-14 13:21:26,795 [main] INFO  hdfs.DFSUtil (DFSUtil.java:httpServerTemplateForNNAndJN(1641)) - Starting Web-server for hddsDatanode at: http://0.0.0.0:0
2019-11-14 13:21:26,797 [main] INFO  server.AuthenticationFilter (AuthenticationFilter.java:constructSecretProvider(240)) - Unable to initialize FileSignerSecretProvider, falling back to use random secrets.
2019-11-14 13:21:26,798 [main] WARN  http.HttpRequestLog (HttpRequestLog.java:getRequestLog(97)) - Jetty request log can only be enabled using Log4j
2019-11-14 13:21:26,800 [main] INFO  http.HttpServer2 (HttpServer2.java:addGlobalFilter(975)) - Added global filter 'safety' (class=org.apache.hadoop.http.HttpServer2$QuotingInputFilter)
2019-11-14 13:21:26,801 [main] INFO  http.HttpServer2 (HttpServer2.java:addFilter(948)) - Added filter static_user_filter (class=org.apache.hadoop.http.lib.StaticUserWebFilter$StaticUserFilter) to context hddsDatanode
2019-11-14 13:21:26,801 [main] INFO  http.HttpServer2 (HttpServer2.java:addFilter(958)) - Added filter static_user_filter (class=org.apache.hadoop.http.lib.StaticUserWebFilter$StaticUserFilter) to context static
2019-11-14 13:21:26,802 [main] INFO  http.HttpServer2 (HttpServer2.java:addFilter(958)) - Added filter static_user_filter (class=org.apache.hadoop.http.lib.StaticUserWebFilter$StaticUserFilter) to context logs
2019-11-14 13:21:26,803 [main] INFO  http.HttpServer2 (HttpServer2.java:bindListener(1191)) - Jetty bound to port 45513
2019-11-14 13:21:26,803 [main] INFO  server.Server (Server.java:doStart(351)) - jetty-9.3.25.v20180904, build timestamp: 2018-09-04T21:11:46Z, git hash: 3ce520221d0240229c862b122d2b06c12a625732
2019-11-14 13:21:26,805 [main] INFO  handler.ContextHandler (ContextHandler.java:doStart(781)) - Started o.e.j.s.ServletContextHandler@5a97b17c{/logs,file:///workdir/hadoop-ozone/integration-test/target/log,AVAILABLE}
2019-11-14 13:21:26,806 [main] INFO  handler.ContextHandler (ContextHandler.java:doStart(781)) - Started o.e.j.s.ServletContextHandler@71cea1b8{/static,jar:file:/home/user/.m2/repository/org/apache/hadoop/hadoop-hdds-container-service/0.5.0-SNAPSHOT/hadoop-hdds-container-service-0.5.0-SNAPSHOT.jar!/webapps/static,AVAILABLE}
2019-11-14 13:21:26,854 [main] INFO  handler.ContextHandler (ContextHandler.java:doStart(781)) - Started o.e.j.w.WebAppContext@17dad32f{/,file:///tmp/jetty-0.0.0.0-45513-hddsDatanode-_-any-3514925474642919266.dir/webapp/,AVAILABLE}{/hddsDatanode}
2019-11-14 13:21:26,854 [main] INFO  server.AbstractConnector (AbstractConnector.java:doStart(278)) - Started ServerConnector@79696332{HTTP/1.1,[http/1.1]}{0.0.0.0:45513}
2019-11-14 13:21:26,855 [main] INFO  server.Server (Server.java:doStart(419)) - Started @60334ms
2019-11-14 13:21:26,856 [main] WARN  impl.MetricsSystemImpl (MetricsSystemImpl.java:register(276)) - Sink prometheus already exists!
2019-11-14 13:21:26,857 [main] INFO  server.BaseHttpServer (BaseHttpServer.java:updateConnectorAddress(215)) - HTTP server of HDDSDATANODE is listening at http://0.0.0.0:45513
2019-11-14 13:21:26,857 [main] INFO  impl.MetricsSystemImpl (MetricsSystemImpl.java:init(158)) - HddsDatanode metrics system started (again)
2019-11-14 13:21:26,860 [org.apache.hadoop.util.JvmPauseMonitor$Monitor@391860ad] INFO  util.JvmPauseMonitor (JvmPauseMonitor.java:run(188)) - Starting JVM pause monitor
2019-11-14 13:21:26,861 [main] INFO  ozone.HddsDatanodeService (HddsDatanodeService.java:start(186)) - HddsDatanodeService host:pr-hdds-2468-gmfm6-3729483342 ip:192.168.69.121
2019-11-14 13:21:26,861 [Datanode State Machine Thread - 0] INFO  datanode.InitDatanodeState (InitDatanodeState.java:persistContainerDatanodeDetails(140)) - DatanodeDetails is persisted to /workdir/hadoop-ozone/integration-test/target/test-dir/MiniOzoneClusterImpl-3e7318d1-e353-4b83-9c8a-b04a40b588dc/datanode-4/meta/datanode.id
2019-11-14 13:21:26,869 [main] INFO  volume.HddsVolume (HddsVolume.java:<init>(176)) - Creating Volume: /workdir/hadoop-ozone/integration-test/target/test-dir/MiniOzoneClusterImpl-3e7318d1-e353-4b83-9c8a-b04a40b588dc/datanode-5/data/containers/hdds of  storage type : DISK and capacity : 1482555576320
2019-11-14 13:21:26,869 [main] INFO  volume.VolumeSet (VolumeSet.java:initializeVolumeSet(170)) - Added Volume : /workdir/hadoop-ozone/integration-test/target/test-dir/MiniOzoneClusterImpl-3e7318d1-e353-4b83-9c8a-b04a40b588dc/datanode-5/data/containers/hdds to VolumeSet
2019-11-14 13:21:26,869 [main] INFO  volume.ThrottledAsyncChecker (ThrottledAsyncChecker.java:schedule(141)) - Scheduling a check for /workdir/hadoop-ozone/integration-test/target/test-dir/MiniOzoneClusterImpl-3e7318d1-e353-4b83-9c8a-b04a40b588dc/datanode-5/data/containers/hdds
2019-11-14 13:21:26,870 [main] INFO  volume.HddsVolumeChecker (HddsVolumeChecker.java:checkAllVolumes(204)) - Scheduled health check for volume /workdir/hadoop-ozone/integration-test/target/test-dir/MiniOzoneClusterImpl-3e7318d1-e353-4b83-9c8a-b04a40b588dc/datanode-5/data/containers/hdds
2019-11-14 13:21:26,889 [main] INFO  impl.RaftServerProxy (ConfUtils.java:logGet(43)) - raft.rpc.type = GRPC (default)
2019-11-14 13:21:26,890 [main] INFO  grpc.GrpcFactory (GrpcFactory.java:checkPooledByteBufAllocatorUseCacheForAllThreads(45)) - PERFORMANCE WARNING: useCacheForAllThreads is true that may cause Netty to create a lot garbage objects and, as a result, trigger GC.
	It is recommended to disable useCacheForAllThreads by setting -Dorg.apache.ratis.thirdparty.io.netty.allocator.useCacheForAllThreads=false in command line.
2019-11-14 13:21:26,890 [main] INFO  grpc.GrpcConfigKeys$Server (ConfUtils.java:logGet(43)) - raft.grpc.server.port = 0 (default)
2019-11-14 13:21:26,890 [main] INFO  server.GrpcService (ConfUtils.java:logGet(43)) - raft.grpc.message.size.max = 33570816 (custom)
2019-11-14 13:21:26,890 [main] INFO  server.RaftServerConfigKeys (ConfUtils.java:logGet(43)) - raft.server.log.appender.buffer.byte-limit = 33554432 (custom)
2019-11-14 13:21:26,891 [main] INFO  server.GrpcService (ConfUtils.java:logGet(43)) - raft.grpc.flow.control.window = 1MB (=1048576) (default)
2019-11-14 13:21:26,891 [main] INFO  server.RaftServerConfigKeys (ConfUtils.java:logGet(43)) - raft.server.rpc.request.timeout = 3000ms (default)
2019-11-14 13:21:26,891 [main] INFO  server.RaftServerConfigKeys (ConfUtils.java:logGet(43)) - raft.server.storage.dir = [/workdir/hadoop-ozone/integration-test/target/test-dir/MiniOzoneClusterImpl-3e7318d1-e353-4b83-9c8a-b04a40b588dc/datanode-5/data/ratis] (custom)
2019-11-14 13:21:26,895 [main] INFO  hdfs.DFSUtil (DFSUtil.java:httpServerTemplateForNNAndJN(1641)) - Starting Web-server for hddsDatanode at: http://0.0.0.0:0
2019-11-14 13:21:26,897 [main] INFO  server.AuthenticationFilter (AuthenticationFilter.java:constructSecretProvider(240)) - Unable to initialize FileSignerSecretProvider, falling back to use random secrets.
2019-11-14 13:21:26,898 [main] WARN  http.HttpRequestLog (HttpRequestLog.java:getRequestLog(97)) - Jetty request log can only be enabled using Log4j
2019-11-14 13:21:26,899 [main] INFO  http.HttpServer2 (HttpServer2.java:addGlobalFilter(975)) - Added global filter 'safety' (class=org.apache.hadoop.http.HttpServer2$QuotingInputFilter)
2019-11-14 13:21:26,900 [main] INFO  http.HttpServer2 (HttpServer2.java:addFilter(948)) - Added filter static_user_filter (class=org.apache.hadoop.http.lib.StaticUserWebFilter$StaticUserFilter) to context hddsDatanode
2019-11-14 13:21:26,900 [main] INFO  http.HttpServer2 (HttpServer2.java:addFilter(958)) - Added filter static_user_filter (class=org.apache.hadoop.http.lib.StaticUserWebFilter$StaticUserFilter) to context logs
2019-11-14 13:21:26,900 [main] INFO  http.HttpServer2 (HttpServer2.java:addFilter(958)) - Added filter static_user_filter (class=org.apache.hadoop.http.lib.StaticUserWebFilter$StaticUserFilter) to context static
2019-11-14 13:21:26,901 [main] INFO  http.HttpServer2 (HttpServer2.java:bindListener(1191)) - Jetty bound to port 38279
2019-11-14 13:21:26,902 [main] INFO  server.Server (Server.java:doStart(351)) - jetty-9.3.25.v20180904, build timestamp: 2018-09-04T21:11:46Z, git hash: 3ce520221d0240229c862b122d2b06c12a625732
2019-11-14 13:21:26,903 [main] INFO  handler.ContextHandler (ContextHandler.java:doStart(781)) - Started o.e.j.s.ServletContextHandler@22d322f5{/logs,file:///workdir/hadoop-ozone/integration-test/target/log,AVAILABLE}
2019-11-14 13:21:26,904 [main] INFO  handler.ContextHandler (ContextHandler.java:doStart(781)) - Started o.e.j.s.ServletContextHandler@6723610b{/static,jar:file:/home/user/.m2/repository/org/apache/hadoop/hadoop-hdds-container-service/0.5.0-SNAPSHOT/hadoop-hdds-container-service-0.5.0-SNAPSHOT.jar!/webapps/static,AVAILABLE}
2019-11-14 13:21:26,948 [main] INFO  handler.ContextHandler (ContextHandler.java:doStart(781)) - Started o.e.j.w.WebAppContext@de81be1{/,file:///tmp/jetty-0.0.0.0-38279-hddsDatanode-_-any-208662634073102306.dir/webapp/,AVAILABLE}{/hddsDatanode}
2019-11-14 13:21:26,948 [main] INFO  server.AbstractConnector (AbstractConnector.java:doStart(278)) - Started ServerConnector@342e690b{HTTP/1.1,[http/1.1]}{0.0.0.0:38279}
2019-11-14 13:21:26,950 [main] INFO  server.Server (Server.java:doStart(419)) - Started @60428ms
2019-11-14 13:21:26,950 [main] WARN  impl.MetricsSystemImpl (MetricsSystemImpl.java:register(276)) - Sink prometheus already exists!
2019-11-14 13:21:26,951 [main] INFO  server.BaseHttpServer (BaseHttpServer.java:updateConnectorAddress(215)) - HTTP server of HDDSDATANODE is listening at http://0.0.0.0:38279
2019-11-14 13:21:26,951 [main] INFO  ozone.MiniOzoneClusterImpl (MiniOzoneClusterImpl.java:lambda$waitForClusterToBeReady$2(171)) - Waiting for cluster to be ready. Got 0 of 6 DN Heartbeats.
2019-11-14 13:21:26,953 [org.apache.hadoop.util.JvmPauseMonitor$Monitor@512d64d1] INFO  util.JvmPauseMonitor (JvmPauseMonitor.java:run(188)) - Starting JVM pause monitor
2019-11-14 13:21:26,957 [Datanode State Machine Thread - 0] INFO  datanode.InitDatanodeState (InitDatanodeState.java:persistContainerDatanodeDetails(140)) - DatanodeDetails is persisted to /workdir/hadoop-ozone/integration-test/target/test-dir/MiniOzoneClusterImpl-3e7318d1-e353-4b83-9c8a-b04a40b588dc/datanode-5/meta/datanode.id
2019-11-14 13:21:27,952 [main] INFO  ozone.MiniOzoneClusterImpl (MiniOzoneClusterImpl.java:lambda$waitForClusterToBeReady$2(171)) - Waiting for cluster to be ready. Got 0 of 6 DN Heartbeats.
2019-11-14 13:21:28,526 [Datanode State Machine Thread - 0] INFO  ozoneimpl.OzoneContainer (OzoneContainer.java:start(230)) - Attempting to start container services.
2019-11-14 13:21:28,527 [Datanode State Machine Thread - 0] INFO  ozoneimpl.OzoneContainer (OzoneContainer.java:startContainerScrub(194)) - Background container scanner has been disabled.
2019-11-14 13:21:28,527 [Datanode State Machine Thread - 0] INFO  ratis.XceiverServerRatis (XceiverServerRatis.java:start(421)) - Starting XceiverServerRatis 158d2368-d5c4-46db-a1fd-e1a721205b7d at port 0
2019-11-14 13:21:28,533 [Datanode State Machine Thread - 0] INFO  impl.RaftServerProxy (RaftServerProxy.java:lambda$start$3(299)) - 158d2368-d5c4-46db-a1fd-e1a721205b7d: start RPC server
2019-11-14 13:21:28,535 [Datanode State Machine Thread - 0] INFO  server.GrpcService (GrpcService.java:startImpl(158)) - 158d2368-d5c4-46db-a1fd-e1a721205b7d: GrpcService started, listening on 0.0.0.0/0.0.0.0:35099
2019-11-14 13:21:28,536 [Datanode State Machine Thread - 0] INFO  ratis.XceiverServerRatis (XceiverServerRatis.java:start(431)) - XceiverServerRatis 158d2368-d5c4-46db-a1fd-e1a721205b7d is started using port 35099
2019-11-14 13:21:28,536 [Datanode State Machine Thread - 0] INFO  server.XceiverServerGrpc (XceiverServerGrpc.java:start(145)) - XceiverServerGrpc 158d2368-d5c4-46db-a1fd-e1a721205b7d is started using port 38901
2019-11-14 13:21:28,600 [Datanode State Machine Thread - 0] INFO  ozoneimpl.OzoneContainer (OzoneContainer.java:start(230)) - Attempting to start container services.
2019-11-14 13:21:28,601 [Datanode State Machine Thread - 0] INFO  ozoneimpl.OzoneContainer (OzoneContainer.java:startContainerScrub(194)) - Background container scanner has been disabled.
2019-11-14 13:21:28,601 [Datanode State Machine Thread - 0] INFO  ratis.XceiverServerRatis (XceiverServerRatis.java:start(421)) - Starting XceiverServerRatis da377692-8490-46fb-a58a-cb2c66593f0b at port 0
2019-11-14 13:21:28,606 [Datanode State Machine Thread - 0] INFO  impl.RaftServerProxy (RaftServerProxy.java:lambda$start$3(299)) - da377692-8490-46fb-a58a-cb2c66593f0b: start RPC server
2019-11-14 13:21:28,609 [Datanode State Machine Thread - 0] INFO  server.GrpcService (GrpcService.java:startImpl(158)) - da377692-8490-46fb-a58a-cb2c66593f0b: GrpcService started, listening on 0.0.0.0/0.0.0.0:42566
2019-11-14 13:21:28,609 [Datanode State Machine Thread - 0] INFO  ratis.XceiverServerRatis (XceiverServerRatis.java:start(431)) - XceiverServerRatis da377692-8490-46fb-a58a-cb2c66593f0b is started using port 42566
2019-11-14 13:21:28,610 [Datanode State Machine Thread - 0] INFO  server.XceiverServerGrpc (XceiverServerGrpc.java:start(145)) - XceiverServerGrpc da377692-8490-46fb-a58a-cb2c66593f0b is started using port 44510
2019-11-14 13:21:28,702 [Datanode State Machine Thread - 0] INFO  ozoneimpl.OzoneContainer (OzoneContainer.java:start(230)) - Attempting to start container services.
2019-11-14 13:21:28,702 [Datanode State Machine Thread - 0] INFO  ozoneimpl.OzoneContainer (OzoneContainer.java:startContainerScrub(194)) - Background container scanner has been disabled.
2019-11-14 13:21:28,702 [Datanode State Machine Thread - 0] INFO  ratis.XceiverServerRatis (XceiverServerRatis.java:start(421)) - Starting XceiverServerRatis c5f0853d-db97-466f-95ef-4b66df91fd94 at port 0
2019-11-14 13:21:28,708 [Datanode State Machine Thread - 0] INFO  impl.RaftServerProxy (RaftServerProxy.java:lambda$start$3(299)) - c5f0853d-db97-466f-95ef-4b66df91fd94: start RPC server
2019-11-14 13:21:28,709 [Datanode State Machine Thread - 0] INFO  server.GrpcService (GrpcService.java:startImpl(158)) - c5f0853d-db97-466f-95ef-4b66df91fd94: GrpcService started, listening on 0.0.0.0/0.0.0.0:44160
2019-11-14 13:21:28,709 [Datanode State Machine Thread - 0] INFO  ratis.XceiverServerRatis (XceiverServerRatis.java:start(431)) - XceiverServerRatis c5f0853d-db97-466f-95ef-4b66df91fd94 is started using port 44160
2019-11-14 13:21:28,710 [Datanode State Machine Thread - 0] INFO  server.XceiverServerGrpc (XceiverServerGrpc.java:start(145)) - XceiverServerGrpc c5f0853d-db97-466f-95ef-4b66df91fd94 is started using port 39878
2019-11-14 13:21:28,788 [Datanode State Machine Thread - 0] INFO  ozoneimpl.OzoneContainer (OzoneContainer.java:start(230)) - Attempting to start container services.
2019-11-14 13:21:28,788 [Datanode State Machine Thread - 0] INFO  ozoneimpl.OzoneContainer (OzoneContainer.java:startContainerScrub(194)) - Background container scanner has been disabled.
2019-11-14 13:21:28,789 [Datanode State Machine Thread - 0] INFO  ratis.XceiverServerRatis (XceiverServerRatis.java:start(421)) - Starting XceiverServerRatis 7f745053-e99a-4882-8da4-f9f49fd4314d at port 0
2019-11-14 13:21:28,795 [Datanode State Machine Thread - 0] INFO  impl.RaftServerProxy (RaftServerProxy.java:lambda$start$3(299)) - 7f745053-e99a-4882-8da4-f9f49fd4314d: start RPC server
2019-11-14 13:21:28,796 [Datanode State Machine Thread - 0] INFO  server.GrpcService (GrpcService.java:startImpl(158)) - 7f745053-e99a-4882-8da4-f9f49fd4314d: GrpcService started, listening on 0.0.0.0/0.0.0.0:41985
2019-11-14 13:21:28,796 [Datanode State Machine Thread - 0] INFO  ratis.XceiverServerRatis (XceiverServerRatis.java:start(431)) - XceiverServerRatis 7f745053-e99a-4882-8da4-f9f49fd4314d is started using port 41985
2019-11-14 13:21:28,802 [Datanode State Machine Thread - 0] INFO  server.XceiverServerGrpc (XceiverServerGrpc.java:start(145)) - XceiverServerGrpc 7f745053-e99a-4882-8da4-f9f49fd4314d is started using port 44523
2019-11-14 13:21:28,905 [Datanode State Machine Thread - 0] INFO  ozoneimpl.OzoneContainer (OzoneContainer.java:start(230)) - Attempting to start container services.
2019-11-14 13:21:28,906 [Datanode State Machine Thread - 0] INFO  ozoneimpl.OzoneContainer (OzoneContainer.java:startContainerScrub(194)) - Background container scanner has been disabled.
2019-11-14 13:21:28,906 [Datanode State Machine Thread - 0] INFO  ratis.XceiverServerRatis (XceiverServerRatis.java:start(421)) - Starting XceiverServerRatis db5776da-04cc-407e-81f3-5cb046cdfc6e at port 0
2019-11-14 13:21:28,912 [Datanode State Machine Thread - 0] INFO  impl.RaftServerProxy (RaftServerProxy.java:lambda$start$3(299)) - db5776da-04cc-407e-81f3-5cb046cdfc6e: start RPC server
2019-11-14 13:21:28,914 [Datanode State Machine Thread - 0] INFO  server.GrpcService (GrpcService.java:startImpl(158)) - db5776da-04cc-407e-81f3-5cb046cdfc6e: GrpcService started, listening on 0.0.0.0/0.0.0.0:40096
2019-11-14 13:21:28,914 [Datanode State Machine Thread - 0] INFO  ratis.XceiverServerRatis (XceiverServerRatis.java:start(431)) - XceiverServerRatis db5776da-04cc-407e-81f3-5cb046cdfc6e is started using port 40096
2019-11-14 13:21:28,915 [Datanode State Machine Thread - 0] INFO  server.XceiverServerGrpc (XceiverServerGrpc.java:start(145)) - XceiverServerGrpc db5776da-04cc-407e-81f3-5cb046cdfc6e is started using port 46093
2019-11-14 13:21:28,952 [main] INFO  ozone.MiniOzoneClusterImpl (MiniOzoneClusterImpl.java:lambda$waitForClusterToBeReady$2(171)) - Waiting for cluster to be ready. Got 0 of 6 DN Heartbeats.
2019-11-14 13:21:28,982 [Datanode State Machine Thread - 0] INFO  ozoneimpl.OzoneContainer (OzoneContainer.java:start(230)) - Attempting to start container services.
2019-11-14 13:21:28,984 [Datanode State Machine Thread - 0] INFO  ozoneimpl.OzoneContainer (OzoneContainer.java:startContainerScrub(194)) - Background container scanner has been disabled.
2019-11-14 13:21:28,985 [Datanode State Machine Thread - 0] INFO  ratis.XceiverServerRatis (XceiverServerRatis.java:start(421)) - Starting XceiverServerRatis 5254e235-0009-400e-8b7c-46acf791df30 at port 0
2019-11-14 13:21:28,990 [Datanode State Machine Thread - 0] INFO  impl.RaftServerProxy (RaftServerProxy.java:lambda$start$3(299)) - 5254e235-0009-400e-8b7c-46acf791df30: start RPC server
2019-11-14 13:21:28,991 [Datanode State Machine Thread - 0] INFO  server.GrpcService (GrpcService.java:startImpl(158)) - 5254e235-0009-400e-8b7c-46acf791df30: GrpcService started, listening on 0.0.0.0/0.0.0.0:44317
2019-11-14 13:21:28,991 [Datanode State Machine Thread - 0] INFO  ratis.XceiverServerRatis (XceiverServerRatis.java:start(431)) - XceiverServerRatis 5254e235-0009-400e-8b7c-46acf791df30 is started using port 44317
2019-11-14 13:21:28,994 [Datanode State Machine Thread - 0] INFO  server.XceiverServerGrpc (XceiverServerGrpc.java:start(145)) - XceiverServerGrpc 5254e235-0009-400e-8b7c-46acf791df30 is started using port 38295
2019-11-14 13:21:29,953 [main] INFO  ozone.MiniOzoneClusterImpl (MiniOzoneClusterImpl.java:lambda$waitForClusterToBeReady$2(171)) - Waiting for cluster to be ready. Got 0 of 6 DN Heartbeats.
2019-11-14 13:21:30,501 [IPC Server handler 0 on 44447] INFO  net.NetworkTopology (NetworkTopologyImpl.java:add(111)) - Added a new node: /default-rack/158d2368-d5c4-46db-a1fd-e1a721205b7d
2019-11-14 13:21:30,504 [IPC Server handler 0 on 44447] INFO  node.SCMNodeManager (SCMNodeManager.java:register(267)) - Registered Data node : 158d2368-d5c4-46db-a1fd-e1a721205b7d{ip: 192.168.69.121, host: pr-hdds-2468-gmfm6-3729483342, networkLocation: /default-rack, certSerialId: null}
2019-11-14 13:21:30,505 [EventQueue-NodeRegistrationContainerReportForDataNodeSafeModeRule] INFO  safemode.SCMSafeModeManager (DataNodeSafeModeRule.java:process(71)) - SCM in safe mode. 1 DataNodes registered, 1 required.
2019-11-14 13:21:30,507 [EventQueue-NodeRegistrationContainerReportForDataNodeSafeModeRule] INFO  safemode.SCMSafeModeManager (SCMSafeModeManager.java:validateSafeModeExitRules(177)) - ScmSafeModeManager, all rules are successfully validated
2019-11-14 13:21:30,507 [EventQueue-NodeRegistrationContainerReportForDataNodeSafeModeRule] INFO  safemode.SCMSafeModeManager (SCMSafeModeManager.java:exitSafeMode(193)) - SCM exiting safe mode.
2019-11-14 13:21:30,525 [grpc-default-executor-7] INFO  impl.RaftServerProxy (RaftServerProxy.java:addNew(89)) - 158d2368-d5c4-46db-a1fd-e1a721205b7d: addNew group-2F20156480EF:[158d2368-d5c4-46db-a1fd-e1a721205b7d:192.168.69.121:35099] returns group-2F20156480EF:java.util.concurrent.CompletableFuture@56800935[Not completed]
2019-11-14 13:21:30,529 [pool-152-thread-1] INFO  impl.RaftServerImpl (RaftServerImpl.java:<init>(98)) - 158d2368-d5c4-46db-a1fd-e1a721205b7d: new RaftServerImpl for group-2F20156480EF:[158d2368-d5c4-46db-a1fd-e1a721205b7d:192.168.69.121:35099] with ContainerStateMachine:uninitialized
2019-11-14 13:21:30,529 [pool-152-thread-1] INFO  server.RaftServerConfigKeys (ConfUtils.java:logGet(43)) - raft.server.rpc.timeout.min = 1s (custom)
2019-11-14 13:21:30,530 [pool-152-thread-1] INFO  server.RaftServerConfigKeys (ConfUtils.java:logGet(43)) - raft.server.rpc.timeout.max = 1200ms (custom)
2019-11-14 13:21:30,530 [pool-152-thread-1] INFO  server.RaftServerConfigKeys (ConfUtils.java:logGet(43)) - raft.server.rpcslowness.timeout = 120s (custom)
2019-11-14 13:21:30,530 [pool-152-thread-1] INFO  server.RaftServerConfigKeys (ConfUtils.java:logGet(43)) - raft.server.sleep.deviation.threshold = 300 (default)
2019-11-14 13:21:30,530 [pool-152-thread-1] INFO  server.RaftServerConfigKeys (ConfUtils.java:logGet(43)) - raft.server.log.appender.install.snapshot.enabled = false (custom)
2019-11-14 13:21:30,530 [pool-152-thread-1] INFO  impl.RaftServerImpl (ServerState.java:<init>(103)) - 158d2368-d5c4-46db-a1fd-e1a721205b7d@group-2F20156480EF: ConfigurationManager, init=-1: [158d2368-d5c4-46db-a1fd-e1a721205b7d:192.168.69.121:35099], old=null, confs=<EMPTY_MAP>
2019-11-14 13:21:30,530 [pool-152-thread-1] INFO  server.RaftServerConfigKeys (ConfUtils.java:logGet(43)) - raft.server.storage.dir = [/workdir/hadoop-ozone/integration-test/target/test-dir/MiniOzoneClusterImpl-3e7318d1-e353-4b83-9c8a-b04a40b588dc/datanode-0/data/ratis] (custom)
2019-11-14 13:21:30,531 [pool-152-thread-1] INFO  server.RaftServerConfigKeys (ConfUtils.java:logGet(43)) - raft.server.log.corruption.policy = EXCEPTION (default)
2019-11-14 13:21:30,531 [pool-152-thread-1] INFO  storage.RaftStorageDirectory (RaftStorageDirectory.java:analyzeStorage(246)) - The storage directory /workdir/hadoop-ozone/integration-test/target/test-dir/MiniOzoneClusterImpl-3e7318d1-e353-4b83-9c8a-b04a40b588dc/datanode-0/data/ratis/cdd4245c-01f9-43e5-83f7-2f20156480ef does not exist. Creating ...
2019-11-14 13:21:30,555 [pool-152-thread-1] INFO  storage.RaftStorageDirectory (RaftStorageDirectory.java:tryLock(328)) - Lock on /workdir/hadoop-ozone/integration-test/target/test-dir/MiniOzoneClusterImpl-3e7318d1-e353-4b83-9c8a-b04a40b588dc/datanode-0/data/ratis/cdd4245c-01f9-43e5-83f7-2f20156480ef/in_use.lock acquired by nodename 26507@pr-hdds-2468-gmfm6-3729483342
2019-11-14 13:21:30,576 [IPC Server handler 2 on 44447] INFO  net.NetworkTopology (NetworkTopologyImpl.java:add(111)) - Added a new node: /default-rack/da377692-8490-46fb-a58a-cb2c66593f0b
2019-11-14 13:21:30,576 [IPC Server handler 2 on 44447] INFO  node.SCMNodeManager (SCMNodeManager.java:register(267)) - Registered Data node : da377692-8490-46fb-a58a-cb2c66593f0b{ip: 192.168.69.121, host: pr-hdds-2468-gmfm6-3729483342, networkLocation: /default-rack, certSerialId: null}
2019-11-14 13:21:30,579 [pool-152-thread-1] INFO  storage.RaftStorage (RaftStorage.java:format(84)) - Storage directory /workdir/hadoop-ozone/integration-test/target/test-dir/MiniOzoneClusterImpl-3e7318d1-e353-4b83-9c8a-b04a40b588dc/datanode-0/data/ratis/cdd4245c-01f9-43e5-83f7-2f20156480ef has been successfully formatted.
2019-11-14 13:21:30,579 [pool-152-thread-1] INFO  ratis.ContainerStateMachine (ContainerStateMachine.java:loadSnapshot(223)) - group-2F20156480EF: The snapshot info is null. Setting the last applied indexto:(t:0, i:~)
2019-11-14 13:21:30,579 [pool-152-thread-1] INFO  server.RaftServerConfigKeys (ConfUtils.java:logGet(43)) - raft.server.notification.no-leader.timeout = 120s (custom)
2019-11-14 13:21:30,579 [pool-152-thread-1] INFO  server.RaftServerConfigKeys (ConfUtils.java:logGet(43)) - raft.server.log.use.memory = false (default)
2019-11-14 13:21:30,579 [pool-152-thread-1] INFO  server.RaftServerConfigKeys (ConfUtils.java:logGet(43)) - raft.server.log.purge.gap = 1000000 (custom)
2019-11-14 13:21:30,579 [pool-152-thread-1] INFO  server.RaftServerConfigKeys (ConfUtils.java:logGet(43)) - raft.server.log.appender.buffer.byte-limit = 33554432 (custom)
2019-11-14 13:21:30,580 [pool-152-thread-1] INFO  server.RaftServerConfigKeys (ConfUtils.java:logGet(43)) - raft.server.log.segment.size.max = 1048576 (custom)
2019-11-14 13:21:30,580 [pool-152-thread-1] WARN  impl.MetricRegistriesImpl (MetricRegistriesImpl.java:lambda$create$1(61)) - First MetricRegistry has been created without registering reporters. You may need to call MetricRegistries.global().addReportRegistration(...) before.
2019-11-14 13:21:30,580 [pool-152-thread-1] INFO  server.RaftServerConfigKeys (ConfUtils.java:logGet(43)) - raft.server.log.segment.cache.num.max = 2 (custom)
2019-11-14 13:21:30,580 [pool-152-thread-1] INFO  segmented.SegmentedRaftLogWorker (SegmentedRaftLogWorker.java:<init>(173)) - new 158d2368-d5c4-46db-a1fd-e1a721205b7d@group-2F20156480EF-SegmentedRaftLogWorker for RaftStorage:Storage Directory /workdir/hadoop-ozone/integration-test/target/test-dir/MiniOzoneClusterImpl-3e7318d1-e353-4b83-9c8a-b04a40b588dc/datanode-0/data/ratis/cdd4245c-01f9-43e5-83f7-2f20156480ef
2019-11-14 13:21:30,580 [pool-152-thread-1] INFO  server.RaftServerConfigKeys (ConfUtils.java:logGet(43)) - raft.server.log.queue.byte-limit = 2147483647 (custom)
2019-11-14 13:21:30,581 [pool-152-thread-1] INFO  server.RaftServerConfigKeys (ConfUtils.java:logGet(43)) - raft.server.log.queue.element-limit = 1024 (custom)
2019-11-14 13:21:30,581 [pool-152-thread-1] INFO  server.RaftServerConfigKeys (ConfUtils.java:logGet(43)) - raft.server.log.segment.size.max = 1048576 (custom)
2019-11-14 13:21:30,581 [pool-152-thread-1] INFO  server.RaftServerConfigKeys (ConfUtils.java:logGet(43)) - raft.server.log.preallocated.size = 16384 (custom)
2019-11-14 13:21:30,581 [pool-152-thread-1] INFO  server.RaftServerConfigKeys (ConfUtils.java:logGet(43)) - raft.server.log.write.buffer.size = 33554432 (custom)
2019-11-14 13:21:30,581 [pool-152-thread-1] INFO  server.RaftServerConfigKeys (ConfUtils.java:logGet(43)) - raft.server.log.force.sync.num = 128 (default)
2019-11-14 13:21:30,581 [pool-152-thread-1] INFO  server.RaftServerConfigKeys (ConfUtils.java:logGet(43)) - raft.server.log.statemachine.data.sync = true (default)
2019-11-14 13:21:30,581 [pool-152-thread-1] INFO  server.RaftServerConfigKeys (ConfUtils.java:logGet(43)) - raft.server.log.statemachine.data.sync.timeout = 10s (default)
2019-11-14 13:21:30,582 [pool-152-thread-1] INFO  server.RaftServerConfigKeys (ConfUtils.java:logGet(43)) - raft.server.log.statemachine.data.sync.timeout.retry = -1 (default)
2019-11-14 13:21:30,582 [pool-152-thread-1] INFO  server.RaftServerConfigKeys (ConfUtils.java:logGet(43)) - raft.server.log.statemachine.data.caching.enabled = true (custom)
2019-11-14 13:21:30,583 [pool-152-thread-1] INFO  segmented.SegmentedRaftLogWorker (SegmentedRaftLogWorker.java:lambda$new$0(128)) - 158d2368-d5c4-46db-a1fd-e1a721205b7d@group-2F20156480EF-SegmentedRaftLogWorker: flushIndex: setUnconditionally 0 -> -1
2019-11-14 13:21:30,583 [pool-152-thread-1] INFO  server.RaftServerConfigKeys (ConfUtils.java:logGet(43)) - raft.server.snapshot.auto.trigger.enabled = true (custom)
2019-11-14 13:21:30,583 [pool-152-thread-1] INFO  server.RaftServerConfigKeys (ConfUtils.java:logGet(43)) - raft.server.snapshot.auto.trigger.threshold = 10000 (custom)
2019-11-14 13:21:30,583 [pool-152-thread-1] INFO  server.RaftServerConfigKeys (ConfUtils.java:logGet(43)) - raft.server.snapshot.retention.file.num = 5 (custom)
2019-11-14 13:21:30,584 [pool-152-thread-1] INFO  server.RaftServerConfigKeys (ConfUtils.java:logGet(43)) - raft.server.retrycache.expirytime = 600000ms (custom)
2019-11-14 13:21:30,584 [pool-152-thread-1] WARN  impl.MetricRegistriesImpl (MetricRegistriesImpl.java:lambda$create$1(61)) - First MetricRegistry has been created without registering reporters. You may need to call MetricRegistries.global().addReportRegistration(...) before.
2019-11-14 13:21:30,584 [pool-152-thread-1] WARN  impl.MetricRegistriesImpl (MetricRegistriesImpl.java:lambda$create$1(61)) - First MetricRegistry has been created without registering reporters. You may need to call MetricRegistries.global().addReportRegistration(...) before.
2019-11-14 13:21:30,584 [pool-152-thread-1] INFO  impl.RaftServerImpl (RaftServerImpl.java:start(184)) - 158d2368-d5c4-46db-a1fd-e1a721205b7d@group-2F20156480EF: start as a follower, conf=-1: [158d2368-d5c4-46db-a1fd-e1a721205b7d:192.168.69.121:35099], old=null
2019-11-14 13:21:30,585 [pool-152-thread-1] INFO  impl.RaftServerImpl (RaftServerImpl.java:setRole(173)) - 158d2368-d5c4-46db-a1fd-e1a721205b7d@group-2F20156480EF: changes role from      null to FOLLOWER at term 0 for startAsFollower
2019-11-14 13:21:30,585 [pool-152-thread-1] INFO  impl.RoleInfo (RoleInfo.java:updateAndGet(143)) - 158d2368-d5c4-46db-a1fd-e1a721205b7d: start FollowerState
2019-11-14 13:21:30,585 [pool-152-thread-1] INFO  util.JmxRegister (JmxRegister.java:tryRegister(44)) - Successfully registered JMX Bean with object name Ratis:service=RaftServer,group=group-2F20156480EF,id=158d2368-d5c4-46db-a1fd-e1a721205b7d
2019-11-14 13:21:30,586 [pool-152-thread-1] WARN  impl.MetricRegistriesImpl (MetricRegistriesImpl.java:lambda$create$1(61)) - First MetricRegistry has been created without registering reporters. You may need to call MetricRegistries.global().addReportRegistration(...) before.
2019-11-14 13:21:30,590 [RatisPipelineUtilsThread] INFO  pipeline.PipelineStateManager (PipelineStateManager.java:addPipeline(55)) - Created pipeline Pipeline[ Id: cdd4245c-01f9-43e5-83f7-2f20156480ef, Nodes: 158d2368-d5c4-46db-a1fd-e1a721205b7d{ip: 192.168.69.121, host: pr-hdds-2468-gmfm6-3729483342, networkLocation: /default-rack, certSerialId: null}, Type:RATIS, Factor:ONE, State:ALLOCATED]
2019-11-14 13:21:30,598 [grpc-default-executor-7] INFO  impl.RaftServerProxy (RaftServerProxy.java:addNew(89)) - da377692-8490-46fb-a58a-cb2c66593f0b: addNew group-0CDD0307DCD9:[da377692-8490-46fb-a58a-cb2c66593f0b:192.168.69.121:42566] returns group-0CDD0307DCD9:java.util.concurrent.CompletableFuture@358f4ba7[Not completed]
2019-11-14 13:21:30,600 [pool-162-thread-1] INFO  impl.RaftServerImpl (RaftServerImpl.java:<init>(98)) - da377692-8490-46fb-a58a-cb2c66593f0b: new RaftServerImpl for group-0CDD0307DCD9:[da377692-8490-46fb-a58a-cb2c66593f0b:192.168.69.121:42566] with ContainerStateMachine:uninitialized
2019-11-14 13:21:30,600 [pool-162-thread-1] INFO  server.RaftServerConfigKeys (ConfUtils.java:logGet(43)) - raft.server.rpc.timeout.min = 1s (custom)
2019-11-14 13:21:30,600 [pool-162-thread-1] INFO  server.RaftServerConfigKeys (ConfUtils.java:logGet(43)) - raft.server.rpc.timeout.max = 1200ms (custom)
2019-11-14 13:21:30,600 [pool-162-thread-1] INFO  server.RaftServerConfigKeys (ConfUtils.java:logGet(43)) - raft.server.rpcslowness.timeout = 120s (custom)
2019-11-14 13:21:30,600 [pool-162-thread-1] INFO  server.RaftServerConfigKeys (ConfUtils.java:logGet(43)) - raft.server.sleep.deviation.threshold = 300 (default)
2019-11-14 13:21:30,600 [pool-162-thread-1] INFO  server.RaftServerConfigKeys (ConfUtils.java:logGet(43)) - raft.server.log.appender.install.snapshot.enabled = false (custom)
2019-11-14 13:21:30,600 [pool-162-thread-1] INFO  impl.RaftServerImpl (ServerState.java:<init>(103)) - da377692-8490-46fb-a58a-cb2c66593f0b@group-0CDD0307DCD9: ConfigurationManager, init=-1: [da377692-8490-46fb-a58a-cb2c66593f0b:192.168.69.121:42566], old=null, confs=<EMPTY_MAP>
2019-11-14 13:21:30,601 [pool-162-thread-1] INFO  server.RaftServerConfigKeys (ConfUtils.java:logGet(43)) - raft.server.storage.dir = [/workdir/hadoop-ozone/integration-test/target/test-dir/MiniOzoneClusterImpl-3e7318d1-e353-4b83-9c8a-b04a40b588dc/datanode-1/data/ratis] (custom)
2019-11-14 13:21:30,601 [pool-162-thread-1] INFO  server.RaftServerConfigKeys (ConfUtils.java:logGet(43)) - raft.server.log.corruption.policy = EXCEPTION (default)
2019-11-14 13:21:30,601 [pool-162-thread-1] INFO  storage.RaftStorageDirectory (RaftStorageDirectory.java:analyzeStorage(246)) - The storage directory /workdir/hadoop-ozone/integration-test/target/test-dir/MiniOzoneClusterImpl-3e7318d1-e353-4b83-9c8a-b04a40b588dc/datanode-1/data/ratis/3462b590-3dae-4ff6-b872-0cdd0307dcd9 does not exist. Creating ...
2019-11-14 13:21:30,624 [pool-162-thread-1] INFO  storage.RaftStorageDirectory (RaftStorageDirectory.java:tryLock(328)) - Lock on /workdir/hadoop-ozone/integration-test/target/test-dir/MiniOzoneClusterImpl-3e7318d1-e353-4b83-9c8a-b04a40b588dc/datanode-1/data/ratis/3462b590-3dae-4ff6-b872-0cdd0307dcd9/in_use.lock acquired by nodename 26507@pr-hdds-2468-gmfm6-3729483342
2019-11-14 13:21:30,648 [pool-162-thread-1] INFO  storage.RaftStorage (RaftStorage.java:format(84)) - Storage directory /workdir/hadoop-ozone/integration-test/target/test-dir/MiniOzoneClusterImpl-3e7318d1-e353-4b83-9c8a-b04a40b588dc/datanode-1/data/ratis/3462b590-3dae-4ff6-b872-0cdd0307dcd9 has been successfully formatted.
2019-11-14 13:21:30,648 [pool-162-thread-1] INFO  ratis.ContainerStateMachine (ContainerStateMachine.java:loadSnapshot(223)) - group-0CDD0307DCD9: The snapshot info is null. Setting the last applied indexto:(t:0, i:~)
2019-11-14 13:21:30,648 [pool-162-thread-1] INFO  server.RaftServerConfigKeys (ConfUtils.java:logGet(43)) - raft.server.notification.no-leader.timeout = 120s (custom)
2019-11-14 13:21:30,648 [pool-162-thread-1] INFO  server.RaftServerConfigKeys (ConfUtils.java:logGet(43)) - raft.server.log.use.memory = false (default)
2019-11-14 13:21:30,648 [pool-162-thread-1] INFO  server.RaftServerConfigKeys (ConfUtils.java:logGet(43)) - raft.server.log.purge.gap = 1000000 (custom)
2019-11-14 13:21:30,648 [pool-162-thread-1] INFO  server.RaftServerConfigKeys (ConfUtils.java:logGet(43)) - raft.server.log.appender.buffer.byte-limit = 33554432 (custom)
2019-11-14 13:21:30,649 [pool-162-thread-1] INFO  server.RaftServerConfigKeys (ConfUtils.java:logGet(43)) - raft.server.log.segment.size.max = 1048576 (custom)
2019-11-14 13:21:30,649 [pool-162-thread-1] WARN  impl.MetricRegistriesImpl (MetricRegistriesImpl.java:lambda$create$1(61)) - First MetricRegistry has been created without registering reporters. You may need to call MetricRegistries.global().addReportRegistration(...) before.
2019-11-14 13:21:30,649 [pool-162-thread-1] INFO  server.RaftServerConfigKeys (ConfUtils.java:logGet(43)) - raft.server.log.segment.cache.num.max = 2 (custom)
2019-11-14 13:21:30,649 [pool-162-thread-1] INFO  segmented.SegmentedRaftLogWorker (SegmentedRaftLogWorker.java:<init>(173)) - new da377692-8490-46fb-a58a-cb2c66593f0b@group-0CDD0307DCD9-SegmentedRaftLogWorker for RaftStorage:Storage Directory /workdir/hadoop-ozone/integration-test/target/test-dir/MiniOzoneClusterImpl-3e7318d1-e353-4b83-9c8a-b04a40b588dc/datanode-1/data/ratis/3462b590-3dae-4ff6-b872-0cdd0307dcd9
2019-11-14 13:21:30,649 [pool-162-thread-1] INFO  server.RaftServerConfigKeys (ConfUtils.java:logGet(43)) - raft.server.log.queue.byte-limit = 2147483647 (custom)
2019-11-14 13:21:30,649 [pool-162-thread-1] INFO  server.RaftServerConfigKeys (ConfUtils.java:logGet(43)) - raft.server.log.queue.element-limit = 1024 (custom)
2019-11-14 13:21:30,649 [pool-162-thread-1] INFO  server.RaftServerConfigKeys (ConfUtils.java:logGet(43)) - raft.server.log.segment.size.max = 1048576 (custom)
2019-11-14 13:21:30,649 [pool-162-thread-1] INFO  server.RaftServerConfigKeys (ConfUtils.java:logGet(43)) - raft.server.log.preallocated.size = 16384 (custom)
2019-11-14 13:21:30,650 [pool-162-thread-1] INFO  server.RaftServerConfigKeys (ConfUtils.java:logGet(43)) - raft.server.log.write.buffer.size = 33554432 (custom)
2019-11-14 13:21:30,650 [pool-162-thread-1] INFO  server.RaftServerConfigKeys (ConfUtils.java:logGet(43)) - raft.server.log.force.sync.num = 128 (default)
2019-11-14 13:21:30,650 [pool-162-thread-1] INFO  server.RaftServerConfigKeys (ConfUtils.java:logGet(43)) - raft.server.log.statemachine.data.sync = true (default)
2019-11-14 13:21:30,650 [pool-162-thread-1] INFO  server.RaftServerConfigKeys (ConfUtils.java:logGet(43)) - raft.server.log.statemachine.data.sync.timeout = 10s (default)
2019-11-14 13:21:30,650 [pool-162-thread-1] INFO  server.RaftServerConfigKeys (ConfUtils.java:logGet(43)) - raft.server.log.statemachine.data.sync.timeout.retry = -1 (default)
2019-11-14 13:21:30,650 [pool-162-thread-1] INFO  server.RaftServerConfigKeys (ConfUtils.java:logGet(43)) - raft.server.log.statemachine.data.caching.enabled = true (custom)
2019-11-14 13:21:30,651 [pool-162-thread-1] INFO  segmented.SegmentedRaftLogWorker (SegmentedRaftLogWorker.java:lambda$new$0(128)) - da377692-8490-46fb-a58a-cb2c66593f0b@group-0CDD0307DCD9-SegmentedRaftLogWorker: flushIndex: setUnconditionally 0 -> -1
2019-11-14 13:21:30,652 [pool-162-thread-1] INFO  server.RaftServerConfigKeys (ConfUtils.java:logGet(43)) - raft.server.snapshot.auto.trigger.enabled = true (custom)
2019-11-14 13:21:30,652 [pool-162-thread-1] INFO  server.RaftServerConfigKeys (ConfUtils.java:logGet(43)) - raft.server.snapshot.auto.trigger.threshold = 10000 (custom)
2019-11-14 13:21:30,652 [pool-162-thread-1] INFO  server.RaftServerConfigKeys (ConfUtils.java:logGet(43)) - raft.server.snapshot.retention.file.num = 5 (custom)
2019-11-14 13:21:30,652 [pool-162-thread-1] INFO  server.RaftServerConfigKeys (ConfUtils.java:logGet(43)) - raft.server.retrycache.expirytime = 600000ms (custom)
2019-11-14 13:21:30,652 [pool-162-thread-1] WARN  impl.MetricRegistriesImpl (MetricRegistriesImpl.java:lambda$create$1(61)) - First MetricRegistry has been created without registering reporters. You may need to call MetricRegistries.global().addReportRegistration(...) before.
2019-11-14 13:21:30,652 [pool-162-thread-1] WARN  impl.MetricRegistriesImpl (MetricRegistriesImpl.java:lambda$create$1(61)) - First MetricRegistry has been created without registering reporters. You may need to call MetricRegistries.global().addReportRegistration(...) before.
2019-11-14 13:21:30,653 [pool-162-thread-1] INFO  impl.RaftServerImpl (RaftServerImpl.java:start(184)) - da377692-8490-46fb-a58a-cb2c66593f0b@group-0CDD0307DCD9: start as a follower, conf=-1: [da377692-8490-46fb-a58a-cb2c66593f0b:192.168.69.121:42566], old=null
2019-11-14 13:21:30,653 [pool-162-thread-1] INFO  impl.RaftServerImpl (RaftServerImpl.java:setRole(173)) - da377692-8490-46fb-a58a-cb2c66593f0b@group-0CDD0307DCD9: changes role from      null to FOLLOWER at term 0 for startAsFollower
2019-11-14 13:21:30,653 [pool-162-thread-1] INFO  impl.RoleInfo (RoleInfo.java:updateAndGet(143)) - da377692-8490-46fb-a58a-cb2c66593f0b: start FollowerState
2019-11-14 13:21:30,653 [pool-162-thread-1] INFO  util.JmxRegister (JmxRegister.java:tryRegister(44)) - Successfully registered JMX Bean with object name Ratis:service=RaftServer,group=group-0CDD0307DCD9,id=da377692-8490-46fb-a58a-cb2c66593f0b
2019-11-14 13:21:30,653 [pool-162-thread-1] WARN  impl.MetricRegistriesImpl (MetricRegistriesImpl.java:lambda$create$1(61)) - First MetricRegistry has been created without registering reporters. You may need to call MetricRegistries.global().addReportRegistration(...) before.
2019-11-14 13:21:30,656 [RatisPipelineUtilsThread] INFO  pipeline.PipelineStateManager (PipelineStateManager.java:addPipeline(55)) - Created pipeline Pipeline[ Id: 3462b590-3dae-4ff6-b872-0cdd0307dcd9, Nodes: da377692-8490-46fb-a58a-cb2c66593f0b{ip: 192.168.69.121, host: pr-hdds-2468-gmfm6-3729483342, networkLocation: /default-rack, certSerialId: null}, Type:RATIS, Factor:ONE, State:ALLOCATED]
2019-11-14 13:21:30,678 [IPC Server handler 1 on 44447] INFO  net.NetworkTopology (NetworkTopologyImpl.java:add(111)) - Added a new node: /default-rack/c5f0853d-db97-466f-95ef-4b66df91fd94
2019-11-14 13:21:30,679 [IPC Server handler 1 on 44447] INFO  node.SCMNodeManager (SCMNodeManager.java:register(267)) - Registered Data node : c5f0853d-db97-466f-95ef-4b66df91fd94{ip: 192.168.69.121, host: pr-hdds-2468-gmfm6-3729483342, networkLocation: /default-rack, certSerialId: null}
2019-11-14 13:21:30,686 [grpc-default-executor-7] INFO  impl.RaftServerProxy (RaftServerProxy.java:addNew(89)) - c5f0853d-db97-466f-95ef-4b66df91fd94: addNew group-E2CEC09401E8:[c5f0853d-db97-466f-95ef-4b66df91fd94:192.168.69.121:44160] returns group-E2CEC09401E8:java.util.concurrent.CompletableFuture@76f7dc1c[Not completed]
2019-11-14 13:21:30,687 [pool-172-thread-1] INFO  impl.RaftServerImpl (RaftServerImpl.java:<init>(98)) - c5f0853d-db97-466f-95ef-4b66df91fd94: new RaftServerImpl for group-E2CEC09401E8:[c5f0853d-db97-466f-95ef-4b66df91fd94:192.168.69.121:44160] with ContainerStateMachine:uninitialized
2019-11-14 13:21:30,687 [pool-172-thread-1] INFO  server.RaftServerConfigKeys (ConfUtils.java:logGet(43)) - raft.server.rpc.timeout.min = 1s (custom)
2019-11-14 13:21:30,687 [pool-172-thread-1] INFO  server.RaftServerConfigKeys (ConfUtils.java:logGet(43)) - raft.server.rpc.timeout.max = 1200ms (custom)
2019-11-14 13:21:30,687 [pool-172-thread-1] INFO  server.RaftServerConfigKeys (ConfUtils.java:logGet(43)) - raft.server.rpcslowness.timeout = 120s (custom)
2019-11-14 13:21:30,687 [pool-172-thread-1] INFO  server.RaftServerConfigKeys (ConfUtils.java:logGet(43)) - raft.server.sleep.deviation.threshold = 300 (default)
2019-11-14 13:21:30,687 [pool-172-thread-1] INFO  server.RaftServerConfigKeys (ConfUtils.java:logGet(43)) - raft.server.log.appender.install.snapshot.enabled = false (custom)
2019-11-14 13:21:30,688 [pool-172-thread-1] INFO  impl.RaftServerImpl (ServerState.java:<init>(103)) - c5f0853d-db97-466f-95ef-4b66df91fd94@group-E2CEC09401E8: ConfigurationManager, init=-1: [c5f0853d-db97-466f-95ef-4b66df91fd94:192.168.69.121:44160], old=null, confs=<EMPTY_MAP>
2019-11-14 13:21:30,688 [pool-172-thread-1] INFO  server.RaftServerConfigKeys (ConfUtils.java:logGet(43)) - raft.server.storage.dir = [/workdir/hadoop-ozone/integration-test/target/test-dir/MiniOzoneClusterImpl-3e7318d1-e353-4b83-9c8a-b04a40b588dc/datanode-2/data/ratis] (custom)
2019-11-14 13:21:30,688 [pool-172-thread-1] INFO  server.RaftServerConfigKeys (ConfUtils.java:logGet(43)) - raft.server.log.corruption.policy = EXCEPTION (default)
2019-11-14 13:21:30,688 [pool-172-thread-1] INFO  storage.RaftStorageDirectory (RaftStorageDirectory.java:analyzeStorage(246)) - The storage directory /workdir/hadoop-ozone/integration-test/target/test-dir/MiniOzoneClusterImpl-3e7318d1-e353-4b83-9c8a-b04a40b588dc/datanode-2/data/ratis/cb06a092-e809-4d27-8542-e2cec09401e8 does not exist. Creating ...
2019-11-14 13:21:30,711 [pool-172-thread-1] INFO  storage.RaftStorageDirectory (RaftStorageDirectory.java:tryLock(328)) - Lock on /workdir/hadoop-ozone/integration-test/target/test-dir/MiniOzoneClusterImpl-3e7318d1-e353-4b83-9c8a-b04a40b588dc/datanode-2/data/ratis/cb06a092-e809-4d27-8542-e2cec09401e8/in_use.lock acquired by nodename 26507@pr-hdds-2468-gmfm6-3729483342
2019-11-14 13:21:30,734 [pool-172-thread-1] INFO  storage.RaftStorage (RaftStorage.java:format(84)) - Storage directory /workdir/hadoop-ozone/integration-test/target/test-dir/MiniOzoneClusterImpl-3e7318d1-e353-4b83-9c8a-b04a40b588dc/datanode-2/data/ratis/cb06a092-e809-4d27-8542-e2cec09401e8 has been successfully formatted.
2019-11-14 13:21:30,734 [pool-172-thread-1] INFO  ratis.ContainerStateMachine (ContainerStateMachine.java:loadSnapshot(223)) - group-E2CEC09401E8: The snapshot info is null. Setting the last applied indexto:(t:0, i:~)
2019-11-14 13:21:30,734 [pool-172-thread-1] INFO  server.RaftServerConfigKeys (ConfUtils.java:logGet(43)) - raft.server.notification.no-leader.timeout = 120s (custom)
2019-11-14 13:21:30,734 [pool-172-thread-1] INFO  server.RaftServerConfigKeys (ConfUtils.java:logGet(43)) - raft.server.log.use.memory = false (default)
2019-11-14 13:21:30,734 [pool-172-thread-1] INFO  server.RaftServerConfigKeys (ConfUtils.java:logGet(43)) - raft.server.log.purge.gap = 1000000 (custom)
2019-11-14 13:21:30,734 [pool-172-thread-1] INFO  server.RaftServerConfigKeys (ConfUtils.java:logGet(43)) - raft.server.log.appender.buffer.byte-limit = 33554432 (custom)
2019-11-14 13:21:30,735 [pool-172-thread-1] INFO  server.RaftServerConfigKeys (ConfUtils.java:logGet(43)) - raft.server.log.segment.size.max = 1048576 (custom)
2019-11-14 13:21:30,735 [pool-172-thread-1] WARN  impl.MetricRegistriesImpl (MetricRegistriesImpl.java:lambda$create$1(61)) - First MetricRegistry has been created without registering reporters. You may need to call MetricRegistries.global().addReportRegistration(...) before.
2019-11-14 13:21:30,735 [pool-172-thread-1] INFO  server.RaftServerConfigKeys (ConfUtils.java:logGet(43)) - raft.server.log.segment.cache.num.max = 2 (custom)
2019-11-14 13:21:30,735 [pool-172-thread-1] INFO  segmented.SegmentedRaftLogWorker (SegmentedRaftLogWorker.java:<init>(173)) - new c5f0853d-db97-466f-95ef-4b66df91fd94@group-E2CEC09401E8-SegmentedRaftLogWorker for RaftStorage:Storage Directory /workdir/hadoop-ozone/integration-test/target/test-dir/MiniOzoneClusterImpl-3e7318d1-e353-4b83-9c8a-b04a40b588dc/datanode-2/data/ratis/cb06a092-e809-4d27-8542-e2cec09401e8
2019-11-14 13:21:30,735 [pool-172-thread-1] INFO  server.RaftServerConfigKeys (ConfUtils.java:logGet(43)) - raft.server.log.queue.byte-limit = 2147483647 (custom)
2019-11-14 13:21:30,735 [pool-172-thread-1] INFO  server.RaftServerConfigKeys (ConfUtils.java:logGet(43)) - raft.server.log.queue.element-limit = 1024 (custom)
2019-11-14 13:21:30,735 [pool-172-thread-1] INFO  server.RaftServerConfigKeys (ConfUtils.java:logGet(43)) - raft.server.log.segment.size.max = 1048576 (custom)
2019-11-14 13:21:30,735 [pool-172-thread-1] INFO  server.RaftServerConfigKeys (ConfUtils.java:logGet(43)) - raft.server.log.preallocated.size = 16384 (custom)
2019-11-14 13:21:30,735 [pool-172-thread-1] INFO  server.RaftServerConfigKeys (ConfUtils.java:logGet(43)) - raft.server.log.write.buffer.size = 33554432 (custom)
2019-11-14 13:21:30,735 [pool-172-thread-1] INFO  server.RaftServerConfigKeys (ConfUtils.java:logGet(43)) - raft.server.log.force.sync.num = 128 (default)
2019-11-14 13:21:30,735 [pool-172-thread-1] INFO  server.RaftServerConfigKeys (ConfUtils.java:logGet(43)) - raft.server.log.statemachine.data.sync = true (default)
2019-11-14 13:21:30,735 [pool-172-thread-1] INFO  server.RaftServerConfigKeys (ConfUtils.java:logGet(43)) - raft.server.log.statemachine.data.sync.timeout = 10s (default)
2019-11-14 13:21:30,735 [pool-172-thread-1] INFO  server.RaftServerConfigKeys (ConfUtils.java:logGet(43)) - raft.server.log.statemachine.data.sync.timeout.retry = -1 (default)
2019-11-14 13:21:30,735 [pool-172-thread-1] INFO  server.RaftServerConfigKeys (ConfUtils.java:logGet(43)) - raft.server.log.statemachine.data.caching.enabled = true (custom)
2019-11-14 13:21:30,736 [pool-172-thread-1] INFO  segmented.SegmentedRaftLogWorker (SegmentedRaftLogWorker.java:lambda$new$0(128)) - c5f0853d-db97-466f-95ef-4b66df91fd94@group-E2CEC09401E8-SegmentedRaftLogWorker: flushIndex: setUnconditionally 0 -> -1
2019-11-14 13:21:30,736 [pool-172-thread-1] INFO  server.RaftServerConfigKeys (ConfUtils.java:logGet(43)) - raft.server.snapshot.auto.trigger.enabled = true (custom)
2019-11-14 13:21:30,736 [pool-172-thread-1] INFO  server.RaftServerConfigKeys (ConfUtils.java:logGet(43)) - raft.server.snapshot.auto.trigger.threshold = 10000 (custom)
2019-11-14 13:21:30,736 [pool-172-thread-1] INFO  server.RaftServerConfigKeys (ConfUtils.java:logGet(43)) - raft.server.snapshot.retention.file.num = 5 (custom)
2019-11-14 13:21:30,736 [pool-172-thread-1] INFO  server.RaftServerConfigKeys (ConfUtils.java:logGet(43)) - raft.server.retrycache.expirytime = 600000ms (custom)
2019-11-14 13:21:30,736 [pool-172-thread-1] WARN  impl.MetricRegistriesImpl (MetricRegistriesImpl.java:lambda$create$1(61)) - First MetricRegistry has been created without registering reporters. You may need to call MetricRegistries.global().addReportRegistration(...) before.
2019-11-14 13:21:30,736 [pool-172-thread-1] WARN  impl.MetricRegistriesImpl (MetricRegistriesImpl.java:lambda$create$1(61)) - First MetricRegistry has been created without registering reporters. You may need to call MetricRegistries.global().addReportRegistration(...) before.
2019-11-14 13:21:30,736 [pool-172-thread-1] INFO  impl.RaftServerImpl (RaftServerImpl.java:start(184)) - c5f0853d-db97-466f-95ef-4b66df91fd94@group-E2CEC09401E8: start as a follower, conf=-1: [c5f0853d-db97-466f-95ef-4b66df91fd94:192.168.69.121:44160], old=null
2019-11-14 13:21:30,737 [pool-172-thread-1] INFO  impl.RaftServerImpl (RaftServerImpl.java:setRole(173)) - c5f0853d-db97-466f-95ef-4b66df91fd94@group-E2CEC09401E8: changes role from      null to FOLLOWER at term 0 for startAsFollower
2019-11-14 13:21:30,737 [pool-172-thread-1] INFO  impl.RoleInfo (RoleInfo.java:updateAndGet(143)) - c5f0853d-db97-466f-95ef-4b66df91fd94: start FollowerState
2019-11-14 13:21:30,737 [pool-172-thread-1] INFO  util.JmxRegister (JmxRegister.java:tryRegister(44)) - Successfully registered JMX Bean with object name Ratis:service=RaftServer,group=group-E2CEC09401E8,id=c5f0853d-db97-466f-95ef-4b66df91fd94
2019-11-14 13:21:30,737 [pool-172-thread-1] WARN  impl.MetricRegistriesImpl (MetricRegistriesImpl.java:lambda$create$1(61)) - First MetricRegistry has been created without registering reporters. You may need to call MetricRegistries.global().addReportRegistration(...) before.
2019-11-14 13:21:30,740 [RatisPipelineUtilsThread] INFO  pipeline.PipelineStateManager (PipelineStateManager.java:addPipeline(55)) - Created pipeline Pipeline[ Id: cb06a092-e809-4d27-8542-e2cec09401e8, Nodes: c5f0853d-db97-466f-95ef-4b66df91fd94{ip: 192.168.69.121, host: pr-hdds-2468-gmfm6-3729483342, networkLocation: /default-rack, certSerialId: null}, Type:RATIS, Factor:ONE, State:ALLOCATED]
2019-11-14 13:21:30,749 [grpc-default-executor-7] INFO  impl.RaftServerProxy (RaftServerProxy.java:addNew(89)) - 158d2368-d5c4-46db-a1fd-e1a721205b7d: addNew group-602451FDC08A:[c5f0853d-db97-466f-95ef-4b66df91fd94:192.168.69.121:44160, da377692-8490-46fb-a58a-cb2c66593f0b:192.168.69.121:42566, 158d2368-d5c4-46db-a1fd-e1a721205b7d:192.168.69.121:35099] returns group-602451FDC08A:java.util.concurrent.CompletableFuture@5b347d8c[Not completed]
2019-11-14 13:21:30,749 [grpc-default-executor-5] INFO  impl.RaftServerProxy (RaftServerProxy.java:addNew(89)) - da377692-8490-46fb-a58a-cb2c66593f0b: addNew group-602451FDC08A:[c5f0853d-db97-466f-95ef-4b66df91fd94:192.168.69.121:44160, da377692-8490-46fb-a58a-cb2c66593f0b:192.168.69.121:42566, 158d2368-d5c4-46db-a1fd-e1a721205b7d:192.168.69.121:35099] returns group-602451FDC08A:java.util.concurrent.CompletableFuture@33a59070[Not completed]
2019-11-14 13:21:30,750 [grpc-default-executor-7] INFO  impl.RaftServerProxy (RaftServerProxy.java:addNew(89)) - c5f0853d-db97-466f-95ef-4b66df91fd94: addNew group-602451FDC08A:[c5f0853d-db97-466f-95ef-4b66df91fd94:192.168.69.121:44160, da377692-8490-46fb-a58a-cb2c66593f0b:192.168.69.121:42566, 158d2368-d5c4-46db-a1fd-e1a721205b7d:192.168.69.121:35099] returns group-602451FDC08A:java.util.concurrent.CompletableFuture@243289d6[Not completed]
2019-11-14 13:21:30,750 [pool-162-thread-1] INFO  impl.RaftServerImpl (RaftServerImpl.java:<init>(98)) - da377692-8490-46fb-a58a-cb2c66593f0b: new RaftServerImpl for group-602451FDC08A:[c5f0853d-db97-466f-95ef-4b66df91fd94:192.168.69.121:44160, da377692-8490-46fb-a58a-cb2c66593f0b:192.168.69.121:42566, 158d2368-d5c4-46db-a1fd-e1a721205b7d:192.168.69.121:35099] with ContainerStateMachine:uninitialized
2019-11-14 13:21:30,750 [pool-162-thread-1] INFO  server.RaftServerConfigKeys (ConfUtils.java:logGet(43)) - raft.server.rpc.timeout.min = 1s (custom)
2019-11-14 13:21:30,751 [pool-162-thread-1] INFO  server.RaftServerConfigKeys (ConfUtils.java:logGet(43)) - raft.server.rpc.timeout.max = 1200ms (custom)
2019-11-14 13:21:30,751 [pool-162-thread-1] INFO  server.RaftServerConfigKeys (ConfUtils.java:logGet(43)) - raft.server.rpcslowness.timeout = 120s (custom)
2019-11-14 13:21:30,751 [pool-162-thread-1] INFO  server.RaftServerConfigKeys (ConfUtils.java:logGet(43)) - raft.server.sleep.deviation.threshold = 300 (default)
2019-11-14 13:21:30,751 [pool-162-thread-1] INFO  server.RaftServerConfigKeys (ConfUtils.java:logGet(43)) - raft.server.log.appender.install.snapshot.enabled = false (custom)
2019-11-14 13:21:30,751 [pool-162-thread-1] INFO  impl.RaftServerImpl (ServerState.java:<init>(103)) - da377692-8490-46fb-a58a-cb2c66593f0b@group-602451FDC08A: ConfigurationManager, init=-1: [c5f0853d-db97-466f-95ef-4b66df91fd94:192.168.69.121:44160, da377692-8490-46fb-a58a-cb2c66593f0b:192.168.69.121:42566, 158d2368-d5c4-46db-a1fd-e1a721205b7d:192.168.69.121:35099], old=null, confs=<EMPTY_MAP>
2019-11-14 13:21:30,751 [pool-162-thread-1] INFO  server.RaftServerConfigKeys (ConfUtils.java:logGet(43)) - raft.server.storage.dir = [/workdir/hadoop-ozone/integration-test/target/test-dir/MiniOzoneClusterImpl-3e7318d1-e353-4b83-9c8a-b04a40b588dc/datanode-1/data/ratis] (custom)
2019-11-14 13:21:30,751 [pool-162-thread-1] INFO  server.RaftServerConfigKeys (ConfUtils.java:logGet(43)) - raft.server.log.corruption.policy = EXCEPTION (default)
2019-11-14 13:21:30,751 [pool-172-thread-1] INFO  impl.RaftServerImpl (RaftServerImpl.java:<init>(98)) - c5f0853d-db97-466f-95ef-4b66df91fd94: new RaftServerImpl for group-602451FDC08A:[c5f0853d-db97-466f-95ef-4b66df91fd94:192.168.69.121:44160, da377692-8490-46fb-a58a-cb2c66593f0b:192.168.69.121:42566, 158d2368-d5c4-46db-a1fd-e1a721205b7d:192.168.69.121:35099] with ContainerStateMachine:uninitialized
2019-11-14 13:21:30,751 [pool-162-thread-1] INFO  storage.RaftStorageDirectory (RaftStorageDirectory.java:analyzeStorage(246)) - The storage directory /workdir/hadoop-ozone/integration-test/target/test-dir/MiniOzoneClusterImpl-3e7318d1-e353-4b83-9c8a-b04a40b588dc/datanode-1/data/ratis/34455590-635f-4ac3-bc59-602451fdc08a does not exist. Creating ...
2019-11-14 13:21:30,751 [pool-172-thread-1] INFO  server.RaftServerConfigKeys (ConfUtils.java:logGet(43)) - raft.server.rpc.timeout.min = 1s (custom)
2019-11-14 13:21:30,752 [pool-172-thread-1] INFO  server.RaftServerConfigKeys (ConfUtils.java:logGet(43)) - raft.server.rpc.timeout.max = 1200ms (custom)
2019-11-14 13:21:30,752 [pool-172-thread-1] INFO  server.RaftServerConfigKeys (ConfUtils.java:logGet(43)) - raft.server.rpcslowness.timeout = 120s (custom)
2019-11-14 13:21:30,752 [pool-172-thread-1] INFO  server.RaftServerConfigKeys (ConfUtils.java:logGet(43)) - raft.server.sleep.deviation.threshold = 300 (default)
2019-11-14 13:21:30,752 [pool-172-thread-1] INFO  server.RaftServerConfigKeys (ConfUtils.java:logGet(43)) - raft.server.log.appender.install.snapshot.enabled = false (custom)
2019-11-14 13:21:30,752 [pool-152-thread-1] INFO  impl.RaftServerImpl (RaftServerImpl.java:<init>(98)) - 158d2368-d5c4-46db-a1fd-e1a721205b7d: new RaftServerImpl for group-602451FDC08A:[c5f0853d-db97-466f-95ef-4b66df91fd94:192.168.69.121:44160, da377692-8490-46fb-a58a-cb2c66593f0b:192.168.69.121:42566, 158d2368-d5c4-46db-a1fd-e1a721205b7d:192.168.69.121:35099] with ContainerStateMachine:uninitialized
2019-11-14 13:21:30,752 [pool-172-thread-1] INFO  impl.RaftServerImpl (ServerState.java:<init>(103)) - c5f0853d-db97-466f-95ef-4b66df91fd94@group-602451FDC08A: ConfigurationManager, init=-1: [c5f0853d-db97-466f-95ef-4b66df91fd94:192.168.69.121:44160, da377692-8490-46fb-a58a-cb2c66593f0b:192.168.69.121:42566, 158d2368-d5c4-46db-a1fd-e1a721205b7d:192.168.69.121:35099], old=null, confs=<EMPTY_MAP>
2019-11-14 13:21:30,752 [pool-152-thread-1] INFO  server.RaftServerConfigKeys (ConfUtils.java:logGet(43)) - raft.server.rpc.timeout.min = 1s (custom)
2019-11-14 13:21:30,752 [pool-172-thread-1] INFO  server.RaftServerConfigKeys (ConfUtils.java:logGet(43)) - raft.server.storage.dir = [/workdir/hadoop-ozone/integration-test/target/test-dir/MiniOzoneClusterImpl-3e7318d1-e353-4b83-9c8a-b04a40b588dc/datanode-2/data/ratis] (custom)
2019-11-14 13:21:30,752 [pool-152-thread-1] INFO  server.RaftServerConfigKeys (ConfUtils.java:logGet(43)) - raft.server.rpc.timeout.max = 1200ms (custom)
2019-11-14 13:21:30,753 [pool-152-thread-1] INFO  server.RaftServerConfigKeys (ConfUtils.java:logGet(43)) - raft.server.rpcslowness.timeout = 120s (custom)
2019-11-14 13:21:30,753 [pool-172-thread-1] INFO  server.RaftServerConfigKeys (ConfUtils.java:logGet(43)) - raft.server.log.corruption.policy = EXCEPTION (default)
2019-11-14 13:21:30,753 [pool-152-thread-1] INFO  server.RaftServerConfigKeys (ConfUtils.java:logGet(43)) - raft.server.sleep.deviation.threshold = 300 (default)
2019-11-14 13:21:30,753 [pool-152-thread-1] INFO  server.RaftServerConfigKeys (ConfUtils.java:logGet(43)) - raft.server.log.appender.install.snapshot.enabled = false (custom)
2019-11-14 13:21:30,753 [pool-172-thread-1] INFO  storage.RaftStorageDirectory (RaftStorageDirectory.java:analyzeStorage(246)) - The storage directory /workdir/hadoop-ozone/integration-test/target/test-dir/MiniOzoneClusterImpl-3e7318d1-e353-4b83-9c8a-b04a40b588dc/datanode-2/data/ratis/34455590-635f-4ac3-bc59-602451fdc08a does not exist. Creating ...
2019-11-14 13:21:30,753 [pool-152-thread-1] INFO  impl.RaftServerImpl (ServerState.java:<init>(103)) - 158d2368-d5c4-46db-a1fd-e1a721205b7d@group-602451FDC08A: ConfigurationManager, init=-1: [c5f0853d-db97-466f-95ef-4b66df91fd94:192.168.69.121:44160, da377692-8490-46fb-a58a-cb2c66593f0b:192.168.69.121:42566, 158d2368-d5c4-46db-a1fd-e1a721205b7d:192.168.69.121:35099], old=null, confs=<EMPTY_MAP>
2019-11-14 13:21:30,753 [pool-152-thread-1] INFO  server.RaftServerConfigKeys (ConfUtils.java:logGet(43)) - raft.server.storage.dir = [/workdir/hadoop-ozone/integration-test/target/test-dir/MiniOzoneClusterImpl-3e7318d1-e353-4b83-9c8a-b04a40b588dc/datanode-0/data/ratis] (custom)
2019-11-14 13:21:30,753 [pool-152-thread-1] INFO  server.RaftServerConfigKeys (ConfUtils.java:logGet(43)) - raft.server.log.corruption.policy = EXCEPTION (default)
2019-11-14 13:21:30,754 [pool-152-thread-1] INFO  storage.RaftStorageDirectory (RaftStorageDirectory.java:analyzeStorage(246)) - The storage directory /workdir/hadoop-ozone/integration-test/target/test-dir/MiniOzoneClusterImpl-3e7318d1-e353-4b83-9c8a-b04a40b588dc/datanode-0/data/ratis/34455590-635f-4ac3-bc59-602451fdc08a does not exist. Creating ...
2019-11-14 13:21:30,764 [IPC Server handler 3 on 44447] INFO  net.NetworkTopology (NetworkTopologyImpl.java:add(111)) - Added a new node: /default-rack/7f745053-e99a-4882-8da4-f9f49fd4314d
2019-11-14 13:21:30,765 [IPC Server handler 3 on 44447] INFO  node.SCMNodeManager (SCMNodeManager.java:register(267)) - Registered Data node : 7f745053-e99a-4882-8da4-f9f49fd4314d{ip: 192.168.69.121, host: pr-hdds-2468-gmfm6-3729483342, networkLocation: /default-rack, certSerialId: null}
2019-11-14 13:21:30,774 [pool-172-thread-1] INFO  storage.RaftStorageDirectory (RaftStorageDirectory.java:tryLock(328)) - Lock on /workdir/hadoop-ozone/integration-test/target/test-dir/MiniOzoneClusterImpl-3e7318d1-e353-4b83-9c8a-b04a40b588dc/datanode-2/data/ratis/34455590-635f-4ac3-bc59-602451fdc08a/in_use.lock acquired by nodename 26507@pr-hdds-2468-gmfm6-3729483342
2019-11-14 13:21:30,774 [pool-162-thread-1] INFO  storage.RaftStorageDirectory (RaftStorageDirectory.java:tryLock(328)) - Lock on /workdir/hadoop-ozone/integration-test/target/test-dir/MiniOzoneClusterImpl-3e7318d1-e353-4b83-9c8a-b04a40b588dc/datanode-1/data/ratis/34455590-635f-4ac3-bc59-602451fdc08a/in_use.lock acquired by nodename 26507@pr-hdds-2468-gmfm6-3729483342
2019-11-14 13:21:30,774 [pool-152-thread-1] INFO  storage.RaftStorageDirectory (RaftStorageDirectory.java:tryLock(328)) - Lock on /workdir/hadoop-ozone/integration-test/target/test-dir/MiniOzoneClusterImpl-3e7318d1-e353-4b83-9c8a-b04a40b588dc/datanode-0/data/ratis/34455590-635f-4ac3-bc59-602451fdc08a/in_use.lock acquired by nodename 26507@pr-hdds-2468-gmfm6-3729483342
2019-11-14 13:21:30,803 [pool-152-thread-1] INFO  storage.RaftStorage (RaftStorage.java:format(84)) - Storage directory /workdir/hadoop-ozone/integration-test/target/test-dir/MiniOzoneClusterImpl-3e7318d1-e353-4b83-9c8a-b04a40b588dc/datanode-0/data/ratis/34455590-635f-4ac3-bc59-602451fdc08a has been successfully formatted.
2019-11-14 13:21:30,803 [pool-172-thread-1] INFO  storage.RaftStorage (RaftStorage.java:format(84)) - Storage directory /workdir/hadoop-ozone/integration-test/target/test-dir/MiniOzoneClusterImpl-3e7318d1-e353-4b83-9c8a-b04a40b588dc/datanode-2/data/ratis/34455590-635f-4ac3-bc59-602451fdc08a has been successfully formatted.
2019-11-14 13:21:30,803 [pool-162-thread-1] INFO  storage.RaftStorage (RaftStorage.java:format(84)) - Storage directory /workdir/hadoop-ozone/integration-test/target/test-dir/MiniOzoneClusterImpl-3e7318d1-e353-4b83-9c8a-b04a40b588dc/datanode-1/data/ratis/34455590-635f-4ac3-bc59-602451fdc08a has been successfully formatted.
2019-11-14 13:21:30,803 [pool-172-thread-1] INFO  ratis.ContainerStateMachine (ContainerStateMachine.java:loadSnapshot(223)) - group-602451FDC08A: The snapshot info is null. Setting the last applied indexto:(t:0, i:~)
2019-11-14 13:21:30,803 [pool-152-thread-1] INFO  ratis.ContainerStateMachine (ContainerStateMachine.java:loadSnapshot(223)) - group-602451FDC08A: The snapshot info is null. Setting the last applied indexto:(t:0, i:~)
2019-11-14 13:21:30,803 [pool-172-thread-1] INFO  server.RaftServerConfigKeys (ConfUtils.java:logGet(43)) - raft.server.notification.no-leader.timeout = 120s (custom)
2019-11-14 13:21:30,803 [pool-162-thread-1] INFO  ratis.ContainerStateMachine (ContainerStateMachine.java:loadSnapshot(223)) - group-602451FDC08A: The snapshot info is null. Setting the last applied indexto:(t:0, i:~)
2019-11-14 13:21:30,803 [pool-172-thread-1] INFO  server.RaftServerConfigKeys (ConfUtils.java:logGet(43)) - raft.server.log.use.memory = false (default)
2019-11-14 13:21:30,803 [pool-152-thread-1] INFO  server.RaftServerConfigKeys (ConfUtils.java:logGet(43)) - raft.server.notification.no-leader.timeout = 120s (custom)
2019-11-14 13:21:30,804 [pool-172-thread-1] INFO  server.RaftServerConfigKeys (ConfUtils.java:logGet(43)) - raft.server.log.purge.gap = 1000000 (custom)
2019-11-14 13:21:30,804 [pool-162-thread-1] INFO  server.RaftServerConfigKeys (ConfUtils.java:logGet(43)) - raft.server.notification.no-leader.timeout = 120s (custom)
2019-11-14 13:21:30,804 [pool-172-thread-1] INFO  server.RaftServerConfigKeys (ConfUtils.java:logGet(43)) - raft.server.log.appender.buffer.byte-limit = 33554432 (custom)
2019-11-14 13:21:30,804 [pool-152-thread-1] INFO  server.RaftServerConfigKeys (ConfUtils.java:logGet(43)) - raft.server.log.use.memory = false (default)
2019-11-14 13:21:30,804 [pool-172-thread-1] INFO  server.RaftServerConfigKeys (ConfUtils.java:logGet(43)) - raft.server.log.segment.size.max = 1048576 (custom)
2019-11-14 13:21:30,804 [pool-162-thread-1] INFO  server.RaftServerConfigKeys (ConfUtils.java:logGet(43)) - raft.server.log.use.memory = false (default)
2019-11-14 13:21:30,805 [pool-172-thread-1] INFO  server.RaftServerConfigKeys (ConfUtils.java:logGet(43)) - raft.server.log.segment.cache.num.max = 2 (custom)
2019-11-14 13:21:30,804 [pool-152-thread-1] INFO  server.RaftServerConfigKeys (ConfUtils.java:logGet(43)) - raft.server.log.purge.gap = 1000000 (custom)
2019-11-14 13:21:30,805 [pool-172-thread-1] INFO  segmented.SegmentedRaftLogWorker (SegmentedRaftLogWorker.java:<init>(173)) - new c5f0853d-db97-466f-95ef-4b66df91fd94@group-602451FDC08A-SegmentedRaftLogWorker for RaftStorage:Storage Directory /workdir/hadoop-ozone/integration-test/target/test-dir/MiniOzoneClusterImpl-3e7318d1-e353-4b83-9c8a-b04a40b588dc/datanode-2/data/ratis/34455590-635f-4ac3-bc59-602451fdc08a
2019-11-14 13:21:30,805 [pool-162-thread-1] INFO  server.RaftServerConfigKeys (ConfUtils.java:logGet(43)) - raft.server.log.purge.gap = 1000000 (custom)
2019-11-14 13:21:30,805 [pool-172-thread-1] INFO  server.RaftServerConfigKeys (ConfUtils.java:logGet(43)) - raft.server.log.queue.byte-limit = 2147483647 (custom)
2019-11-14 13:21:30,805 [pool-152-thread-1] INFO  server.RaftServerConfigKeys (ConfUtils.java:logGet(43)) - raft.server.log.appender.buffer.byte-limit = 33554432 (custom)
2019-11-14 13:21:30,805 [pool-172-thread-1] INFO  server.RaftServerConfigKeys (ConfUtils.java:logGet(43)) - raft.server.log.queue.element-limit = 1024 (custom)
2019-11-14 13:21:30,805 [pool-162-thread-1] INFO  server.RaftServerConfigKeys (ConfUtils.java:logGet(43)) - raft.server.log.appender.buffer.byte-limit = 33554432 (custom)
2019-11-14 13:21:30,806 [pool-172-thread-1] INFO  server.RaftServerConfigKeys (ConfUtils.java:logGet(43)) - raft.server.log.segment.size.max = 1048576 (custom)
2019-11-14 13:21:30,805 [pool-152-thread-1] INFO  server.RaftServerConfigKeys (ConfUtils.java:logGet(43)) - raft.server.log.segment.size.max = 1048576 (custom)
2019-11-14 13:21:30,806 [pool-172-thread-1] INFO  server.RaftServerConfigKeys (ConfUtils.java:logGet(43)) - raft.server.log.preallocated.size = 16384 (custom)
2019-11-14 13:21:30,806 [pool-162-thread-1] INFO  server.RaftServerConfigKeys (ConfUtils.java:logGet(43)) - raft.server.log.segment.size.max = 1048576 (custom)
2019-11-14 13:21:30,806 [pool-172-thread-1] INFO  server.RaftServerConfigKeys (ConfUtils.java:logGet(43)) - raft.server.log.write.buffer.size = 33554432 (custom)
2019-11-14 13:21:30,806 [pool-152-thread-1] INFO  server.RaftServerConfigKeys (ConfUtils.java:logGet(43)) - raft.server.log.segment.cache.num.max = 2 (custom)
2019-11-14 13:21:30,806 [pool-172-thread-1] INFO  server.RaftServerConfigKeys (ConfUtils.java:logGet(43)) - raft.server.log.force.sync.num = 128 (default)
2019-11-14 13:21:30,806 [pool-162-thread-1] INFO  server.RaftServerConfigKeys (ConfUtils.java:logGet(43)) - raft.server.log.segment.cache.num.max = 2 (custom)
2019-11-14 13:21:30,807 [pool-172-thread-1] INFO  server.RaftServerConfigKeys (ConfUtils.java:logGet(43)) - raft.server.log.statemachine.data.sync = true (default)
2019-11-14 13:21:30,807 [pool-152-thread-1] INFO  segmented.SegmentedRaftLogWorker (SegmentedRaftLogWorker.java:<init>(173)) - new 158d2368-d5c4-46db-a1fd-e1a721205b7d@group-602451FDC08A-SegmentedRaftLogWorker for RaftStorage:Storage Directory /workdir/hadoop-ozone/integration-test/target/test-dir/MiniOzoneClusterImpl-3e7318d1-e353-4b83-9c8a-b04a40b588dc/datanode-0/data/ratis/34455590-635f-4ac3-bc59-602451fdc08a
2019-11-14 13:21:30,807 [pool-162-thread-1] INFO  segmented.SegmentedRaftLogWorker (SegmentedRaftLogWorker.java:<init>(173)) - new da377692-8490-46fb-a58a-cb2c66593f0b@group-602451FDC08A-SegmentedRaftLogWorker for RaftStorage:Storage Directory /workdir/hadoop-ozone/integration-test/target/test-dir/MiniOzoneClusterImpl-3e7318d1-e353-4b83-9c8a-b04a40b588dc/datanode-1/data/ratis/34455590-635f-4ac3-bc59-602451fdc08a
2019-11-14 13:21:30,807 [pool-172-thread-1] INFO  server.RaftServerConfigKeys (ConfUtils.java:logGet(43)) - raft.server.log.statemachine.data.sync.timeout = 10s (default)
2019-11-14 13:21:30,807 [pool-152-thread-1] INFO  server.RaftServerConfigKeys (ConfUtils.java:logGet(43)) - raft.server.log.queue.byte-limit = 2147483647 (custom)
2019-11-14 13:21:30,808 [pool-172-thread-1] INFO  server.RaftServerConfigKeys (ConfUtils.java:logGet(43)) - raft.server.log.statemachine.data.sync.timeout.retry = -1 (default)
2019-11-14 13:21:30,807 [pool-162-thread-1] INFO  server.RaftServerConfigKeys (ConfUtils.java:logGet(43)) - raft.server.log.queue.byte-limit = 2147483647 (custom)
2019-11-14 13:21:30,808 [pool-152-thread-1] INFO  server.RaftServerConfigKeys (ConfUtils.java:logGet(43)) - raft.server.log.queue.element-limit = 1024 (custom)
2019-11-14 13:21:30,808 [pool-172-thread-1] INFO  server.RaftServerConfigKeys (ConfUtils.java:logGet(43)) - raft.server.log.statemachine.data.caching.enabled = true (custom)
2019-11-14 13:21:30,808 [pool-162-thread-1] INFO  server.RaftServerConfigKeys (ConfUtils.java:logGet(43)) - raft.server.log.queue.element-limit = 1024 (custom)
2019-11-14 13:21:30,808 [pool-152-thread-1] INFO  server.RaftServerConfigKeys (ConfUtils.java:logGet(43)) - raft.server.log.segment.size.max = 1048576 (custom)
2019-11-14 13:21:30,808 [pool-162-thread-1] INFO  server.RaftServerConfigKeys (ConfUtils.java:logGet(43)) - raft.server.log.segment.size.max = 1048576 (custom)
2019-11-14 13:21:30,808 [pool-172-thread-1] INFO  segmented.SegmentedRaftLogWorker (SegmentedRaftLogWorker.java:lambda$new$0(128)) - c5f0853d-db97-466f-95ef-4b66df91fd94@group-602451FDC08A-SegmentedRaftLogWorker: flushIndex: setUnconditionally 0 -> -1
2019-11-14 13:21:30,808 [pool-152-thread-1] INFO  server.RaftServerConfigKeys (ConfUtils.java:logGet(43)) - raft.server.log.preallocated.size = 16384 (custom)
2019-11-14 13:21:30,809 [pool-162-thread-1] INFO  server.RaftServerConfigKeys (ConfUtils.java:logGet(43)) - raft.server.log.preallocated.size = 16384 (custom)
2019-11-14 13:21:30,809 [pool-172-thread-1] INFO  server.RaftServerConfigKeys (ConfUtils.java:logGet(43)) - raft.server.snapshot.auto.trigger.enabled = true (custom)
2019-11-14 13:21:30,809 [pool-152-thread-1] INFO  server.RaftServerConfigKeys (ConfUtils.java:logGet(43)) - raft.server.log.write.buffer.size = 33554432 (custom)
2019-11-14 13:21:30,809 [pool-172-thread-1] INFO  server.RaftServerConfigKeys (ConfUtils.java:logGet(43)) - raft.server.snapshot.auto.trigger.threshold = 10000 (custom)
2019-11-14 13:21:30,809 [pool-162-thread-1] INFO  server.RaftServerConfigKeys (ConfUtils.java:logGet(43)) - raft.server.log.write.buffer.size = 33554432 (custom)
2019-11-14 13:21:30,809 [pool-172-thread-1] INFO  server.RaftServerConfigKeys (ConfUtils.java:logGet(43)) - raft.server.snapshot.retention.file.num = 5 (custom)
2019-11-14 13:21:30,809 [pool-152-thread-1] INFO  server.RaftServerConfigKeys (ConfUtils.java:logGet(43)) - raft.server.log.force.sync.num = 128 (default)
2019-11-14 13:21:30,809 [pool-162-thread-1] INFO  server.RaftServerConfigKeys (ConfUtils.java:logGet(43)) - raft.server.log.force.sync.num = 128 (default)
2019-11-14 13:21:30,810 [pool-152-thread-1] INFO  server.RaftServerConfigKeys (ConfUtils.java:logGet(43)) - raft.server.log.statemachine.data.sync = true (default)
2019-11-14 13:21:30,810 [pool-172-thread-1] INFO  server.RaftServerConfigKeys (ConfUtils.java:logGet(43)) - raft.server.retrycache.expirytime = 600000ms (custom)
2019-11-14 13:21:30,810 [pool-152-thread-1] INFO  server.RaftServerConfigKeys (ConfUtils.java:logGet(43)) - raft.server.log.statemachine.data.sync.timeout = 10s (default)
2019-11-14 13:21:30,810 [pool-162-thread-1] INFO  server.RaftServerConfigKeys (ConfUtils.java:logGet(43)) - raft.server.log.statemachine.data.sync = true (default)
2019-11-14 13:21:30,810 [pool-172-thread-1] WARN  impl.MetricRegistriesImpl (MetricRegistriesImpl.java:lambda$create$1(61)) - First MetricRegistry has been created without registering reporters. You may need to call MetricRegistries.global().addReportRegistration(...) before.
2019-11-14 13:21:30,810 [pool-152-thread-1] INFO  server.RaftServerConfigKeys (ConfUtils.java:logGet(43)) - raft.server.log.statemachine.data.sync.timeout.retry = -1 (default)
2019-11-14 13:21:30,810 [pool-172-thread-1] WARN  impl.MetricRegistriesImpl (MetricRegistriesImpl.java:lambda$create$1(61)) - First MetricRegistry has been created without registering reporters. You may need to call MetricRegistries.global().addReportRegistration(...) before.
2019-11-14 13:21:30,810 [pool-162-thread-1] INFO  server.RaftServerConfigKeys (ConfUtils.java:logGet(43)) - raft.server.log.statemachine.data.sync.timeout = 10s (default)
2019-11-14 13:21:30,810 [pool-152-thread-1] INFO  server.RaftServerConfigKeys (ConfUtils.java:logGet(43)) - raft.server.log.statemachine.data.caching.enabled = true (custom)
2019-11-14 13:21:30,811 [pool-172-thread-1] INFO  impl.RaftServerImpl (RaftServerImpl.java:start(184)) - c5f0853d-db97-466f-95ef-4b66df91fd94@group-602451FDC08A: start as a follower, conf=-1: [c5f0853d-db97-466f-95ef-4b66df91fd94:192.168.69.121:44160, da377692-8490-46fb-a58a-cb2c66593f0b:192.168.69.121:42566, 158d2368-d5c4-46db-a1fd-e1a721205b7d:192.168.69.121:35099], old=null
2019-11-14 13:21:30,811 [pool-152-thread-1] INFO  segmented.SegmentedRaftLogWorker (SegmentedRaftLogWorker.java:lambda$new$0(128)) - 158d2368-d5c4-46db-a1fd-e1a721205b7d@group-602451FDC08A-SegmentedRaftLogWorker: flushIndex: setUnconditionally 0 -> -1
2019-11-14 13:21:30,811 [pool-162-thread-1] INFO  server.RaftServerConfigKeys (ConfUtils.java:logGet(43)) - raft.server.log.statemachine.data.sync.timeout.retry = -1 (default)
2019-11-14 13:21:30,811 [pool-172-thread-1] INFO  impl.RaftServerImpl (RaftServerImpl.java:setRole(173)) - c5f0853d-db97-466f-95ef-4b66df91fd94@group-602451FDC08A: changes role from      null to FOLLOWER at term 0 for startAsFollower
2019-11-14 13:21:30,811 [pool-162-thread-1] INFO  server.RaftServerConfigKeys (ConfUtils.java:logGet(43)) - raft.server.log.statemachine.data.caching.enabled = true (custom)
2019-11-14 13:21:30,811 [pool-152-thread-1] INFO  server.RaftServerConfigKeys (ConfUtils.java:logGet(43)) - raft.server.snapshot.auto.trigger.enabled = true (custom)
2019-11-14 13:21:30,811 [pool-172-thread-1] INFO  impl.RoleInfo (RoleInfo.java:updateAndGet(143)) - c5f0853d-db97-466f-95ef-4b66df91fd94: start FollowerState
2019-11-14 13:21:30,811 [pool-152-thread-1] INFO  server.RaftServerConfigKeys (ConfUtils.java:logGet(43)) - raft.server.snapshot.auto.trigger.threshold = 10000 (custom)
2019-11-14 13:21:30,811 [pool-162-thread-1] INFO  segmented.SegmentedRaftLogWorker (SegmentedRaftLogWorker.java:lambda$new$0(128)) - da377692-8490-46fb-a58a-cb2c66593f0b@group-602451FDC08A-SegmentedRaftLogWorker: flushIndex: setUnconditionally 0 -> -1
2019-11-14 13:21:30,811 [pool-152-thread-1] INFO  server.RaftServerConfigKeys (ConfUtils.java:logGet(43)) - raft.server.snapshot.retention.file.num = 5 (custom)
2019-11-14 13:21:30,812 [pool-152-thread-1] INFO  server.RaftServerConfigKeys (ConfUtils.java:logGet(43)) - raft.server.retrycache.expirytime = 600000ms (custom)
2019-11-14 13:21:30,812 [pool-162-thread-1] INFO  server.RaftServerConfigKeys (ConfUtils.java:logGet(43)) - raft.server.snapshot.auto.trigger.enabled = true (custom)
2019-11-14 13:21:30,812 [pool-172-thread-1] INFO  util.JmxRegister (JmxRegister.java:tryRegister(44)) - Successfully registered JMX Bean with object name Ratis:service=RaftServer,group=group-602451FDC08A,id=c5f0853d-db97-466f-95ef-4b66df91fd94
2019-11-14 13:21:30,812 [pool-162-thread-1] INFO  server.RaftServerConfigKeys (ConfUtils.java:logGet(43)) - raft.server.snapshot.auto.trigger.threshold = 10000 (custom)
2019-11-14 13:21:30,812 [pool-152-thread-1] WARN  impl.MetricRegistriesImpl (MetricRegistriesImpl.java:lambda$create$1(61)) - First MetricRegistry has been created without registering reporters. You may need to call MetricRegistries.global().addReportRegistration(...) before.
2019-11-14 13:21:30,812 [pool-162-thread-1] INFO  server.RaftServerConfigKeys (ConfUtils.java:logGet(43)) - raft.server.snapshot.retention.file.num = 5 (custom)
2019-11-14 13:21:30,812 [pool-172-thread-1] WARN  impl.MetricRegistriesImpl (MetricRegistriesImpl.java:lambda$create$1(61)) - First MetricRegistry has been created without registering reporters. You may need to call MetricRegistries.global().addReportRegistration(...) before.
2019-11-14 13:21:30,812 [pool-162-thread-1] INFO  server.RaftServerConfigKeys (ConfUtils.java:logGet(43)) - raft.server.retrycache.expirytime = 600000ms (custom)
2019-11-14 13:21:30,812 [pool-152-thread-1] WARN  impl.MetricRegistriesImpl (MetricRegistriesImpl.java:lambda$create$1(61)) - First MetricRegistry has been created without registering reporters. You may need to call MetricRegistries.global().addReportRegistration(...) before.
2019-11-14 13:21:30,813 [pool-162-thread-1] WARN  impl.MetricRegistriesImpl (MetricRegistriesImpl.java:lambda$create$1(61)) - First MetricRegistry has been created without registering reporters. You may need to call MetricRegistries.global().addReportRegistration(...) before.
2019-11-14 13:21:30,813 [pool-152-thread-1] INFO  impl.RaftServerImpl (RaftServerImpl.java:start(184)) - 158d2368-d5c4-46db-a1fd-e1a721205b7d@group-602451FDC08A: start as a follower, conf=-1: [c5f0853d-db97-466f-95ef-4b66df91fd94:192.168.69.121:44160, da377692-8490-46fb-a58a-cb2c66593f0b:192.168.69.121:42566, 158d2368-d5c4-46db-a1fd-e1a721205b7d:192.168.69.121:35099], old=null
2019-11-14 13:21:30,813 [pool-162-thread-1] WARN  impl.MetricRegistriesImpl (MetricRegistriesImpl.java:lambda$create$1(61)) - First MetricRegistry has been created without registering reporters. You may need to call MetricRegistries.global().addReportRegistration(...) before.
2019-11-14 13:21:30,813 [pool-152-thread-1] INFO  impl.RaftServerImpl (RaftServerImpl.java:setRole(173)) - 158d2368-d5c4-46db-a1fd-e1a721205b7d@group-602451FDC08A: changes role from      null to FOLLOWER at term 0 for startAsFollower
2019-11-14 13:21:30,813 [pool-162-thread-1] INFO  impl.RaftServerImpl (RaftServerImpl.java:start(184)) - da377692-8490-46fb-a58a-cb2c66593f0b@group-602451FDC08A: start as a follower, conf=-1: [c5f0853d-db97-466f-95ef-4b66df91fd94:192.168.69.121:44160, da377692-8490-46fb-a58a-cb2c66593f0b:192.168.69.121:42566, 158d2368-d5c4-46db-a1fd-e1a721205b7d:192.168.69.121:35099], old=null
2019-11-14 13:21:30,813 [pool-152-thread-1] INFO  impl.RoleInfo (RoleInfo.java:updateAndGet(143)) - 158d2368-d5c4-46db-a1fd-e1a721205b7d: start FollowerState
2019-11-14 13:21:30,813 [pool-162-thread-1] INFO  impl.RaftServerImpl (RaftServerImpl.java:setRole(173)) - da377692-8490-46fb-a58a-cb2c66593f0b@group-602451FDC08A: changes role from      null to FOLLOWER at term 0 for startAsFollower
2019-11-14 13:21:30,813 [pool-162-thread-1] INFO  impl.RoleInfo (RoleInfo.java:updateAndGet(143)) - da377692-8490-46fb-a58a-cb2c66593f0b: start FollowerState
2019-11-14 13:21:30,813 [pool-152-thread-1] INFO  util.JmxRegister (JmxRegister.java:tryRegister(44)) - Successfully registered JMX Bean with object name Ratis:service=RaftServer,group=group-602451FDC08A,id=158d2368-d5c4-46db-a1fd-e1a721205b7d
2019-11-14 13:21:30,814 [pool-152-thread-1] WARN  impl.MetricRegistriesImpl (MetricRegistriesImpl.java:lambda$create$1(61)) - First MetricRegistry has been created without registering reporters. You may need to call MetricRegistries.global().addReportRegistration(...) before.
2019-11-14 13:21:30,814 [pool-162-thread-1] INFO  util.JmxRegister (JmxRegister.java:tryRegister(44)) - Successfully registered JMX Bean with object name Ratis:service=RaftServer,group=group-602451FDC08A,id=da377692-8490-46fb-a58a-cb2c66593f0b
2019-11-14 13:21:30,814 [pool-162-thread-1] WARN  impl.MetricRegistriesImpl (MetricRegistriesImpl.java:lambda$create$1(61)) - First MetricRegistry has been created without registering reporters. You may need to call MetricRegistries.global().addReportRegistration(...) before.
2019-11-14 13:21:30,817 [RatisPipelineUtilsThread] INFO  pipeline.PipelineStateManager (PipelineStateManager.java:addPipeline(55)) - Created pipeline Pipeline[ Id: 34455590-635f-4ac3-bc59-602451fdc08a, Nodes: c5f0853d-db97-466f-95ef-4b66df91fd94{ip: 192.168.69.121, host: pr-hdds-2468-gmfm6-3729483342, networkLocation: /default-rack, certSerialId: null}da377692-8490-46fb-a58a-cb2c66593f0b{ip: 192.168.69.121, host: pr-hdds-2468-gmfm6-3729483342, networkLocation: /default-rack, certSerialId: null}158d2368-d5c4-46db-a1fd-e1a721205b7d{ip: 192.168.69.121, host: pr-hdds-2468-gmfm6-3729483342, networkLocation: /default-rack, certSerialId: null}, Type:RATIS, Factor:THREE, State:ALLOCATED]
2019-11-14 13:21:30,861 [IPC Server handler 4 on 44447] INFO  net.NetworkTopology (NetworkTopologyImpl.java:add(111)) - Added a new node: /default-rack/db5776da-04cc-407e-81f3-5cb046cdfc6e
2019-11-14 13:21:30,861 [IPC Server handler 4 on 44447] INFO  node.SCMNodeManager (SCMNodeManager.java:register(267)) - Registered Data node : db5776da-04cc-407e-81f3-5cb046cdfc6e{ip: 192.168.69.121, host: pr-hdds-2468-gmfm6-3729483342, networkLocation: /default-rack, certSerialId: null}
2019-11-14 13:21:30,869 [grpc-default-executor-7] INFO  impl.RaftServerProxy (RaftServerProxy.java:addNew(89)) - 7f745053-e99a-4882-8da4-f9f49fd4314d: addNew group-903D3497F8E8:[7f745053-e99a-4882-8da4-f9f49fd4314d:192.168.69.121:41985] returns group-903D3497F8E8:java.util.concurrent.CompletableFuture@7e55cf67[Not completed]
2019-11-14 13:21:30,871 [pool-182-thread-1] INFO  impl.RaftServerImpl (RaftServerImpl.java:<init>(98)) - 7f745053-e99a-4882-8da4-f9f49fd4314d: new RaftServerImpl for group-903D3497F8E8:[7f745053-e99a-4882-8da4-f9f49fd4314d:192.168.69.121:41985] with ContainerStateMachine:uninitialized
2019-11-14 13:21:30,871 [pool-182-thread-1] INFO  server.RaftServerConfigKeys (ConfUtils.java:logGet(43)) - raft.server.rpc.timeout.min = 1s (custom)
2019-11-14 13:21:30,872 [pool-182-thread-1] INFO  server.RaftServerConfigKeys (ConfUtils.java:logGet(43)) - raft.server.rpc.timeout.max = 1200ms (custom)
2019-11-14 13:21:30,872 [pool-182-thread-1] INFO  server.RaftServerConfigKeys (ConfUtils.java:logGet(43)) - raft.server.rpcslowness.timeout = 120s (custom)
2019-11-14 13:21:30,872 [pool-182-thread-1] INFO  server.RaftServerConfigKeys (ConfUtils.java:logGet(43)) - raft.server.sleep.deviation.threshold = 300 (default)
2019-11-14 13:21:30,872 [pool-182-thread-1] INFO  server.RaftServerConfigKeys (ConfUtils.java:logGet(43)) - raft.server.log.appender.install.snapshot.enabled = false (custom)
2019-11-14 13:21:30,872 [pool-182-thread-1] INFO  impl.RaftServerImpl (ServerState.java:<init>(103)) - 7f745053-e99a-4882-8da4-f9f49fd4314d@group-903D3497F8E8: ConfigurationManager, init=-1: [7f745053-e99a-4882-8da4-f9f49fd4314d:192.168.69.121:41985], old=null, confs=<EMPTY_MAP>
2019-11-14 13:21:30,872 [pool-182-thread-1] INFO  server.RaftServerConfigKeys (ConfUtils.java:logGet(43)) - raft.server.storage.dir = [/workdir/hadoop-ozone/integration-test/target/test-dir/MiniOzoneClusterImpl-3e7318d1-e353-4b83-9c8a-b04a40b588dc/datanode-3/data/ratis] (custom)
2019-11-14 13:21:30,872 [pool-182-thread-1] INFO  server.RaftServerConfigKeys (ConfUtils.java:logGet(43)) - raft.server.log.corruption.policy = EXCEPTION (default)
2019-11-14 13:21:30,873 [pool-182-thread-1] INFO  storage.RaftStorageDirectory (RaftStorageDirectory.java:analyzeStorage(246)) - The storage directory /workdir/hadoop-ozone/integration-test/target/test-dir/MiniOzoneClusterImpl-3e7318d1-e353-4b83-9c8a-b04a40b588dc/datanode-3/data/ratis/4136eb0d-92a1-4a7c-8154-903d3497f8e8 does not exist. Creating ...
2019-11-14 13:21:30,903 [pool-182-thread-1] INFO  storage.RaftStorageDirectory (RaftStorageDirectory.java:tryLock(328)) - Lock on /workdir/hadoop-ozone/integration-test/target/test-dir/MiniOzoneClusterImpl-3e7318d1-e353-4b83-9c8a-b04a40b588dc/datanode-3/data/ratis/4136eb0d-92a1-4a7c-8154-903d3497f8e8/in_use.lock acquired by nodename 26507@pr-hdds-2468-gmfm6-3729483342
2019-11-14 13:21:30,929 [pool-182-thread-1] INFO  storage.RaftStorage (RaftStorage.java:format(84)) - Storage directory /workdir/hadoop-ozone/integration-test/target/test-dir/MiniOzoneClusterImpl-3e7318d1-e353-4b83-9c8a-b04a40b588dc/datanode-3/data/ratis/4136eb0d-92a1-4a7c-8154-903d3497f8e8 has been successfully formatted.
2019-11-14 13:21:30,929 [pool-182-thread-1] INFO  ratis.ContainerStateMachine (ContainerStateMachine.java:loadSnapshot(223)) - group-903D3497F8E8: The snapshot info is null. Setting the last applied indexto:(t:0, i:~)
2019-11-14 13:21:30,929 [pool-182-thread-1] INFO  server.RaftServerConfigKeys (ConfUtils.java:logGet(43)) - raft.server.notification.no-leader.timeout = 120s (custom)
2019-11-14 13:21:30,929 [pool-182-thread-1] INFO  server.RaftServerConfigKeys (ConfUtils.java:logGet(43)) - raft.server.log.use.memory = false (default)
2019-11-14 13:21:30,929 [pool-182-thread-1] INFO  server.RaftServerConfigKeys (ConfUtils.java:logGet(43)) - raft.server.log.purge.gap = 1000000 (custom)
2019-11-14 13:21:30,929 [pool-182-thread-1] INFO  server.RaftServerConfigKeys (ConfUtils.java:logGet(43)) - raft.server.log.appender.buffer.byte-limit = 33554432 (custom)
2019-11-14 13:21:30,930 [pool-182-thread-1] INFO  server.RaftServerConfigKeys (ConfUtils.java:logGet(43)) - raft.server.log.segment.size.max = 1048576 (custom)
2019-11-14 13:21:30,930 [pool-182-thread-1] WARN  impl.MetricRegistriesImpl (MetricRegistriesImpl.java:lambda$create$1(61)) - First MetricRegistry has been created without registering reporters. You may need to call MetricRegistries.global().addReportRegistration(...) before.
2019-11-14 13:21:30,930 [pool-182-thread-1] INFO  server.RaftServerConfigKeys (ConfUtils.java:logGet(43)) - raft.server.log.segment.cache.num.max = 2 (custom)
2019-11-14 13:21:30,930 [pool-182-thread-1] INFO  segmented.SegmentedRaftLogWorker (SegmentedRaftLogWorker.java:<init>(173)) - new 7f745053-e99a-4882-8da4-f9f49fd4314d@group-903D3497F8E8-SegmentedRaftLogWorker for RaftStorage:Storage Directory /workdir/hadoop-ozone/integration-test/target/test-dir/MiniOzoneClusterImpl-3e7318d1-e353-4b83-9c8a-b04a40b588dc/datanode-3/data/ratis/4136eb0d-92a1-4a7c-8154-903d3497f8e8
2019-11-14 13:21:30,930 [pool-182-thread-1] INFO  server.RaftServerConfigKeys (ConfUtils.java:logGet(43)) - raft.server.log.queue.byte-limit = 2147483647 (custom)
2019-11-14 13:21:30,930 [pool-182-thread-1] INFO  server.RaftServerConfigKeys (ConfUtils.java:logGet(43)) - raft.server.log.queue.element-limit = 1024 (custom)
2019-11-14 13:21:30,930 [pool-182-thread-1] INFO  server.RaftServerConfigKeys (ConfUtils.java:logGet(43)) - raft.server.log.segment.size.max = 1048576 (custom)
2019-11-14 13:21:30,930 [pool-182-thread-1] INFO  server.RaftServerConfigKeys (ConfUtils.java:logGet(43)) - raft.server.log.preallocated.size = 16384 (custom)
2019-11-14 13:21:30,930 [pool-182-thread-1] INFO  server.RaftServerConfigKeys (ConfUtils.java:logGet(43)) - raft.server.log.write.buffer.size = 33554432 (custom)
2019-11-14 13:21:30,930 [pool-182-thread-1] INFO  server.RaftServerConfigKeys (ConfUtils.java:logGet(43)) - raft.server.log.force.sync.num = 128 (default)
2019-11-14 13:21:30,930 [pool-182-thread-1] INFO  server.RaftServerConfigKeys (ConfUtils.java:logGet(43)) - raft.server.log.statemachine.data.sync = true (default)
2019-11-14 13:21:30,931 [pool-182-thread-1] INFO  server.RaftServerConfigKeys (ConfUtils.java:logGet(43)) - raft.server.log.statemachine.data.sync.timeout = 10s (default)
2019-11-14 13:21:30,931 [pool-182-thread-1] INFO  server.RaftServerConfigKeys (ConfUtils.java:logGet(43)) - raft.server.log.statemachine.data.sync.timeout.retry = -1 (default)
2019-11-14 13:21:30,931 [pool-182-thread-1] INFO  server.RaftServerConfigKeys (ConfUtils.java:logGet(43)) - raft.server.log.statemachine.data.caching.enabled = true (custom)
2019-11-14 13:21:30,931 [pool-182-thread-1] INFO  segmented.SegmentedRaftLogWorker (SegmentedRaftLogWorker.java:lambda$new$0(128)) - 7f745053-e99a-4882-8da4-f9f49fd4314d@group-903D3497F8E8-SegmentedRaftLogWorker: flushIndex: setUnconditionally 0 -> -1
2019-11-14 13:21:30,931 [pool-182-thread-1] INFO  server.RaftServerConfigKeys (ConfUtils.java:logGet(43)) - raft.server.snapshot.auto.trigger.enabled = true (custom)
2019-11-14 13:21:30,932 [pool-182-thread-1] INFO  server.RaftServerConfigKeys (ConfUtils.java:logGet(43)) - raft.server.snapshot.auto.trigger.threshold = 10000 (custom)
2019-11-14 13:21:30,932 [pool-182-thread-1] INFO  server.RaftServerConfigKeys (ConfUtils.java:logGet(43)) - raft.server.snapshot.retention.file.num = 5 (custom)
2019-11-14 13:21:30,932 [pool-182-thread-1] INFO  server.RaftServerConfigKeys (ConfUtils.java:logGet(43)) - raft.server.retrycache.expirytime = 600000ms (custom)
2019-11-14 13:21:30,932 [pool-182-thread-1] WARN  impl.MetricRegistriesImpl (MetricRegistriesImpl.java:lambda$create$1(61)) - First MetricRegistry has been created without registering reporters. You may need to call MetricRegistries.global().addReportRegistration(...) before.
2019-11-14 13:21:30,932 [pool-182-thread-1] WARN  impl.MetricRegistriesImpl (MetricRegistriesImpl.java:lambda$create$1(61)) - First MetricRegistry has been created without registering reporters. You may need to call MetricRegistries.global().addReportRegistration(...) before.
2019-11-14 13:21:30,932 [pool-182-thread-1] INFO  impl.RaftServerImpl (RaftServerImpl.java:start(184)) - 7f745053-e99a-4882-8da4-f9f49fd4314d@group-903D3497F8E8: start as a follower, conf=-1: [7f745053-e99a-4882-8da4-f9f49fd4314d:192.168.69.121:41985], old=null
2019-11-14 13:21:30,932 [pool-182-thread-1] INFO  impl.RaftServerImpl (RaftServerImpl.java:setRole(173)) - 7f745053-e99a-4882-8da4-f9f49fd4314d@group-903D3497F8E8: changes role from      null to FOLLOWER at term 0 for startAsFollower
2019-11-14 13:21:30,932 [pool-182-thread-1] INFO  impl.RoleInfo (RoleInfo.java:updateAndGet(143)) - 7f745053-e99a-4882-8da4-f9f49fd4314d: start FollowerState
2019-11-14 13:21:30,933 [pool-182-thread-1] INFO  util.JmxRegister (JmxRegister.java:tryRegister(44)) - Successfully registered JMX Bean with object name Ratis:service=RaftServer,group=group-903D3497F8E8,id=7f745053-e99a-4882-8da4-f9f49fd4314d
2019-11-14 13:21:30,933 [pool-182-thread-1] WARN  impl.MetricRegistriesImpl (MetricRegistriesImpl.java:lambda$create$1(61)) - First MetricRegistry has been created without registering reporters. You may need to call MetricRegistries.global().addReportRegistration(...) before.
2019-11-14 13:21:30,936 [RatisPipelineUtilsThread] INFO  pipeline.PipelineStateManager (PipelineStateManager.java:addPipeline(55)) - Created pipeline Pipeline[ Id: 4136eb0d-92a1-4a7c-8154-903d3497f8e8, Nodes: 7f745053-e99a-4882-8da4-f9f49fd4314d{ip: 192.168.69.121, host: pr-hdds-2468-gmfm6-3729483342, networkLocation: /default-rack, certSerialId: null}, Type:RATIS, Factor:ONE, State:ALLOCATED]
2019-11-14 13:21:30,942 [grpc-default-executor-7] INFO  impl.RaftServerProxy (RaftServerProxy.java:addNew(89)) - db5776da-04cc-407e-81f3-5cb046cdfc6e: addNew group-B5A5D9F5332E:[db5776da-04cc-407e-81f3-5cb046cdfc6e:192.168.69.121:40096] returns group-B5A5D9F5332E:java.util.concurrent.CompletableFuture@614c93cd[Not completed]
2019-11-14 13:21:30,944 [pool-192-thread-1] INFO  impl.RaftServerImpl (RaftServerImpl.java:<init>(98)) - db5776da-04cc-407e-81f3-5cb046cdfc6e: new RaftServerImpl for group-B5A5D9F5332E:[db5776da-04cc-407e-81f3-5cb046cdfc6e:192.168.69.121:40096] with ContainerStateMachine:uninitialized
2019-11-14 13:21:30,944 [pool-192-thread-1] INFO  server.RaftServerConfigKeys (ConfUtils.java:logGet(43)) - raft.server.rpc.timeout.min = 1s (custom)
2019-11-14 13:21:30,945 [pool-192-thread-1] INFO  server.RaftServerConfigKeys (ConfUtils.java:logGet(43)) - raft.server.rpc.timeout.max = 1200ms (custom)
2019-11-14 13:21:30,945 [pool-192-thread-1] INFO  server.RaftServerConfigKeys (ConfUtils.java:logGet(43)) - raft.server.rpcslowness.timeout = 120s (custom)
2019-11-14 13:21:30,945 [pool-192-thread-1] INFO  server.RaftServerConfigKeys (ConfUtils.java:logGet(43)) - raft.server.sleep.deviation.threshold = 300 (default)
2019-11-14 13:21:30,945 [pool-192-thread-1] INFO  server.RaftServerConfigKeys (ConfUtils.java:logGet(43)) - raft.server.log.appender.install.snapshot.enabled = false (custom)
2019-11-14 13:21:30,945 [pool-192-thread-1] INFO  impl.RaftServerImpl (ServerState.java:<init>(103)) - db5776da-04cc-407e-81f3-5cb046cdfc6e@group-B5A5D9F5332E: ConfigurationManager, init=-1: [db5776da-04cc-407e-81f3-5cb046cdfc6e:192.168.69.121:40096], old=null, confs=<EMPTY_MAP>
2019-11-14 13:21:30,945 [pool-192-thread-1] INFO  server.RaftServerConfigKeys (ConfUtils.java:logGet(43)) - raft.server.storage.dir = [/workdir/hadoop-ozone/integration-test/target/test-dir/MiniOzoneClusterImpl-3e7318d1-e353-4b83-9c8a-b04a40b588dc/datanode-4/data/ratis] (custom)
2019-11-14 13:21:30,946 [pool-192-thread-1] INFO  server.RaftServerConfigKeys (ConfUtils.java:logGet(43)) - raft.server.log.corruption.policy = EXCEPTION (default)
2019-11-14 13:21:30,946 [pool-192-thread-1] INFO  storage.RaftStorageDirectory (RaftStorageDirectory.java:analyzeStorage(246)) - The storage directory /workdir/hadoop-ozone/integration-test/target/test-dir/MiniOzoneClusterImpl-3e7318d1-e353-4b83-9c8a-b04a40b588dc/datanode-4/data/ratis/4b4d78e1-31db-4865-acf6-b5a5d9f5332e does not exist. Creating ...
2019-11-14 13:21:30,954 [IPC Server handler 5 on 44447] INFO  net.NetworkTopology (NetworkTopologyImpl.java:add(111)) - Added a new node: /default-rack/5254e235-0009-400e-8b7c-46acf791df30
2019-11-14 13:21:30,954 [IPC Server handler 5 on 44447] INFO  node.SCMNodeManager (SCMNodeManager.java:register(267)) - Registered Data node : 5254e235-0009-400e-8b7c-46acf791df30{ip: 192.168.69.121, host: pr-hdds-2468-gmfm6-3729483342, networkLocation: /default-rack, certSerialId: null}
2019-11-14 13:21:30,971 [pool-192-thread-1] INFO  storage.RaftStorageDirectory (RaftStorageDirectory.java:tryLock(328)) - Lock on /workdir/hadoop-ozone/integration-test/target/test-dir/MiniOzoneClusterImpl-3e7318d1-e353-4b83-9c8a-b04a40b588dc/datanode-4/data/ratis/4b4d78e1-31db-4865-acf6-b5a5d9f5332e/in_use.lock acquired by nodename 26507@pr-hdds-2468-gmfm6-3729483342
2019-11-14 13:21:30,996 [pool-192-thread-1] INFO  storage.RaftStorage (RaftStorage.java:format(84)) - Storage directory /workdir/hadoop-ozone/integration-test/target/test-dir/MiniOzoneClusterImpl-3e7318d1-e353-4b83-9c8a-b04a40b588dc/datanode-4/data/ratis/4b4d78e1-31db-4865-acf6-b5a5d9f5332e has been successfully formatted.
2019-11-14 13:21:30,997 [pool-192-thread-1] INFO  ratis.ContainerStateMachine (ContainerStateMachine.java:loadSnapshot(223)) - group-B5A5D9F5332E: The snapshot info is null. Setting the last applied indexto:(t:0, i:~)
2019-11-14 13:21:30,997 [pool-192-thread-1] INFO  server.RaftServerConfigKeys (ConfUtils.java:logGet(43)) - raft.server.notification.no-leader.timeout = 120s (custom)
2019-11-14 13:21:30,997 [pool-192-thread-1] INFO  server.RaftServerConfigKeys (ConfUtils.java:logGet(43)) - raft.server.log.use.memory = false (default)
2019-11-14 13:21:30,997 [pool-192-thread-1] INFO  server.RaftServerConfigKeys (ConfUtils.java:logGet(43)) - raft.server.log.purge.gap = 1000000 (custom)
2019-11-14 13:21:30,997 [pool-192-thread-1] INFO  server.RaftServerConfigKeys (ConfUtils.java:logGet(43)) - raft.server.log.appender.buffer.byte-limit = 33554432 (custom)
2019-11-14 13:21:30,997 [pool-192-thread-1] INFO  server.RaftServerConfigKeys (ConfUtils.java:logGet(43)) - raft.server.log.segment.size.max = 1048576 (custom)
2019-11-14 13:21:30,998 [pool-192-thread-1] WARN  impl.MetricRegistriesImpl (MetricRegistriesImpl.java:lambda$create$1(61)) - First MetricRegistry has been created without registering reporters. You may need to call MetricRegistries.global().addReportRegistration(...) before.
2019-11-14 13:21:30,998 [pool-192-thread-1] INFO  server.RaftServerConfigKeys (ConfUtils.java:logGet(43)) - raft.server.log.segment.cache.num.max = 2 (custom)
2019-11-14 13:21:30,998 [pool-192-thread-1] INFO  segmented.SegmentedRaftLogWorker (SegmentedRaftLogWorker.java:<init>(173)) - new db5776da-04cc-407e-81f3-5cb046cdfc6e@group-B5A5D9F5332E-SegmentedRaftLogWorker for RaftStorage:Storage Directory /workdir/hadoop-ozone/integration-test/target/test-dir/MiniOzoneClusterImpl-3e7318d1-e353-4b83-9c8a-b04a40b588dc/datanode-4/data/ratis/4b4d78e1-31db-4865-acf6-b5a5d9f5332e
2019-11-14 13:21:30,998 [pool-192-thread-1] INFO  server.RaftServerConfigKeys (ConfUtils.java:logGet(43)) - raft.server.log.queue.byte-limit = 2147483647 (custom)
2019-11-14 13:21:30,998 [pool-192-thread-1] INFO  server.RaftServerConfigKeys (ConfUtils.java:logGet(43)) - raft.server.log.queue.element-limit = 1024 (custom)
2019-11-14 13:21:30,998 [pool-192-thread-1] INFO  server.RaftServerConfigKeys (ConfUtils.java:logGet(43)) - raft.server.log.segment.size.max = 1048576 (custom)
2019-11-14 13:21:30,998 [pool-192-thread-1] INFO  server.RaftServerConfigKeys (ConfUtils.java:logGet(43)) - raft.server.log.preallocated.size = 16384 (custom)
2019-11-14 13:21:30,999 [pool-192-thread-1] INFO  server.RaftServerConfigKeys (ConfUtils.java:logGet(43)) - raft.server.log.write.buffer.size = 33554432 (custom)
2019-11-14 13:21:30,999 [pool-192-thread-1] INFO  server.RaftServerConfigKeys (ConfUtils.java:logGet(43)) - raft.server.log.force.sync.num = 128 (default)
2019-11-14 13:21:30,999 [pool-192-thread-1] INFO  server.RaftServerConfigKeys (ConfUtils.java:logGet(43)) - raft.server.log.statemachine.data.sync = true (default)
2019-11-14 13:21:30,999 [pool-192-thread-1] INFO  server.RaftServerConfigKeys (ConfUtils.java:logGet(43)) - raft.server.log.statemachine.data.sync.timeout = 10s (default)
2019-11-14 13:21:30,999 [pool-192-thread-1] INFO  server.RaftServerConfigKeys (ConfUtils.java:logGet(43)) - raft.server.log.statemachine.data.sync.timeout.retry = -1 (default)
2019-11-14 13:21:30,999 [pool-192-thread-1] INFO  server.RaftServerConfigKeys (ConfUtils.java:logGet(43)) - raft.server.log.statemachine.data.caching.enabled = true (custom)
2019-11-14 13:21:31,000 [pool-192-thread-1] INFO  segmented.SegmentedRaftLogWorker (SegmentedRaftLogWorker.java:lambda$new$0(128)) - db5776da-04cc-407e-81f3-5cb046cdfc6e@group-B5A5D9F5332E-SegmentedRaftLogWorker: flushIndex: setUnconditionally 0 -> -1
2019-11-14 13:21:31,000 [pool-192-thread-1] INFO  server.RaftServerConfigKeys (ConfUtils.java:logGet(43)) - raft.server.snapshot.auto.trigger.enabled = true (custom)
2019-11-14 13:21:31,000 [pool-192-thread-1] INFO  server.RaftServerConfigKeys (ConfUtils.java:logGet(43)) - raft.server.snapshot.auto.trigger.threshold = 10000 (custom)
2019-11-14 13:21:31,000 [pool-192-thread-1] INFO  server.RaftServerConfigKeys (ConfUtils.java:logGet(43)) - raft.server.snapshot.retention.file.num = 5 (custom)
2019-11-14 13:21:31,001 [pool-192-thread-1] INFO  server.RaftServerConfigKeys (ConfUtils.java:logGet(43)) - raft.server.retrycache.expirytime = 600000ms (custom)
2019-11-14 13:21:31,001 [pool-192-thread-1] WARN  impl.MetricRegistriesImpl (MetricRegistriesImpl.java:lambda$create$1(61)) - First MetricRegistry has been created without registering reporters. You may need to call MetricRegistries.global().addReportRegistration(...) before.
2019-11-14 13:21:31,001 [pool-192-thread-1] WARN  impl.MetricRegistriesImpl (MetricRegistriesImpl.java:lambda$create$1(61)) - First MetricRegistry has been created without registering reporters. You may need to call MetricRegistries.global().addReportRegistration(...) before.
2019-11-14 13:21:31,001 [pool-192-thread-1] INFO  impl.RaftServerImpl (RaftServerImpl.java:start(184)) - db5776da-04cc-407e-81f3-5cb046cdfc6e@group-B5A5D9F5332E: start as a follower, conf=-1: [db5776da-04cc-407e-81f3-5cb046cdfc6e:192.168.69.121:40096], old=null
2019-11-14 13:21:31,001 [pool-192-thread-1] INFO  impl.RaftServerImpl (RaftServerImpl.java:setRole(173)) - db5776da-04cc-407e-81f3-5cb046cdfc6e@group-B5A5D9F5332E: changes role from      null to FOLLOWER at term 0 for startAsFollower
2019-11-14 13:21:31,002 [pool-192-thread-1] INFO  impl.RoleInfo (RoleInfo.java:updateAndGet(143)) - db5776da-04cc-407e-81f3-5cb046cdfc6e: start FollowerState
2019-11-14 13:21:31,002 [pool-192-thread-1] INFO  util.JmxRegister (JmxRegister.java:tryRegister(44)) - Successfully registered JMX Bean with object name Ratis:service=RaftServer,group=group-B5A5D9F5332E,id=db5776da-04cc-407e-81f3-5cb046cdfc6e
2019-11-14 13:21:31,002 [pool-192-thread-1] WARN  impl.MetricRegistriesImpl (MetricRegistriesImpl.java:lambda$create$1(61)) - First MetricRegistry has been created without registering reporters. You may need to call MetricRegistries.global().addReportRegistration(...) before.
2019-11-14 13:21:31,005 [RatisPipelineUtilsThread] INFO  pipeline.PipelineStateManager (PipelineStateManager.java:addPipeline(55)) - Created pipeline Pipeline[ Id: 4b4d78e1-31db-4865-acf6-b5a5d9f5332e, Nodes: db5776da-04cc-407e-81f3-5cb046cdfc6e{ip: 192.168.69.121, host: pr-hdds-2468-gmfm6-3729483342, networkLocation: /default-rack, certSerialId: null}, Type:RATIS, Factor:ONE, State:ALLOCATED]
2019-11-14 13:21:31,012 [grpc-default-executor-7] INFO  impl.RaftServerProxy (RaftServerProxy.java:addNew(89)) - 5254e235-0009-400e-8b7c-46acf791df30: addNew group-79BF1AF65B24:[5254e235-0009-400e-8b7c-46acf791df30:192.168.69.121:44317] returns group-79BF1AF65B24:java.util.concurrent.CompletableFuture@4f9f5c7e[Not completed]
2019-11-14 13:21:31,014 [pool-202-thread-1] INFO  impl.RaftServerImpl (RaftServerImpl.java:<init>(98)) - 5254e235-0009-400e-8b7c-46acf791df30: new RaftServerImpl for group-79BF1AF65B24:[5254e235-0009-400e-8b7c-46acf791df30:192.168.69.121:44317] with ContainerStateMachine:uninitialized
2019-11-14 13:21:31,014 [pool-202-thread-1] INFO  server.RaftServerConfigKeys (ConfUtils.java:logGet(43)) - raft.server.rpc.timeout.min = 1s (custom)
2019-11-14 13:21:31,014 [pool-202-thread-1] INFO  server.RaftServerConfigKeys (ConfUtils.java:logGet(43)) - raft.server.rpc.timeout.max = 1200ms (custom)
2019-11-14 13:21:31,014 [pool-202-thread-1] INFO  server.RaftServerConfigKeys (ConfUtils.java:logGet(43)) - raft.server.rpcslowness.timeout = 120s (custom)
2019-11-14 13:21:31,014 [pool-202-thread-1] INFO  server.RaftServerConfigKeys (ConfUtils.java:logGet(43)) - raft.server.sleep.deviation.threshold = 300 (default)
2019-11-14 13:21:31,014 [pool-202-thread-1] INFO  server.RaftServerConfigKeys (ConfUtils.java:logGet(43)) - raft.server.log.appender.install.snapshot.enabled = false (custom)
2019-11-14 13:21:31,015 [pool-202-thread-1] INFO  impl.RaftServerImpl (ServerState.java:<init>(103)) - 5254e235-0009-400e-8b7c-46acf791df30@group-79BF1AF65B24: ConfigurationManager, init=-1: [5254e235-0009-400e-8b7c-46acf791df30:192.168.69.121:44317], old=null, confs=<EMPTY_MAP>
2019-11-14 13:21:31,015 [pool-202-thread-1] INFO  server.RaftServerConfigKeys (ConfUtils.java:logGet(43)) - raft.server.storage.dir = [/workdir/hadoop-ozone/integration-test/target/test-dir/MiniOzoneClusterImpl-3e7318d1-e353-4b83-9c8a-b04a40b588dc/datanode-5/data/ratis] (custom)
2019-11-14 13:21:31,015 [pool-202-thread-1] INFO  server.RaftServerConfigKeys (ConfUtils.java:logGet(43)) - raft.server.log.corruption.policy = EXCEPTION (default)
2019-11-14 13:21:31,015 [pool-202-thread-1] INFO  storage.RaftStorageDirectory (RaftStorageDirectory.java:analyzeStorage(246)) - The storage directory /workdir/hadoop-ozone/integration-test/target/test-dir/MiniOzoneClusterImpl-3e7318d1-e353-4b83-9c8a-b04a40b588dc/datanode-5/data/ratis/25a5f3f7-f95d-4daf-ab6c-79bf1af65b24 does not exist. Creating ...
2019-11-14 13:21:31,038 [pool-202-thread-1] INFO  storage.RaftStorageDirectory (RaftStorageDirectory.java:tryLock(328)) - Lock on /workdir/hadoop-ozone/integration-test/target/test-dir/MiniOzoneClusterImpl-3e7318d1-e353-4b83-9c8a-b04a40b588dc/datanode-5/data/ratis/25a5f3f7-f95d-4daf-ab6c-79bf1af65b24/in_use.lock acquired by nodename 26507@pr-hdds-2468-gmfm6-3729483342
2019-11-14 13:21:31,072 [pool-202-thread-1] INFO  storage.RaftStorage (RaftStorage.java:format(84)) - Storage directory /workdir/hadoop-ozone/integration-test/target/test-dir/MiniOzoneClusterImpl-3e7318d1-e353-4b83-9c8a-b04a40b588dc/datanode-5/data/ratis/25a5f3f7-f95d-4daf-ab6c-79bf1af65b24 has been successfully formatted.
2019-11-14 13:21:31,072 [pool-202-thread-1] INFO  ratis.ContainerStateMachine (ContainerStateMachine.java:loadSnapshot(223)) - group-79BF1AF65B24: The snapshot info is null. Setting the last applied indexto:(t:0, i:~)
2019-11-14 13:21:31,073 [pool-202-thread-1] INFO  server.RaftServerConfigKeys (ConfUtils.java:logGet(43)) - raft.server.notification.no-leader.timeout = 120s (custom)
2019-11-14 13:21:31,073 [pool-202-thread-1] INFO  server.RaftServerConfigKeys (ConfUtils.java:logGet(43)) - raft.server.log.use.memory = false (default)
2019-11-14 13:21:31,073 [pool-202-thread-1] INFO  server.RaftServerConfigKeys (ConfUtils.java:logGet(43)) - raft.server.log.purge.gap = 1000000 (custom)
2019-11-14 13:21:31,073 [pool-202-thread-1] INFO  server.RaftServerConfigKeys (ConfUtils.java:logGet(43)) - raft.server.log.appender.buffer.byte-limit = 33554432 (custom)
2019-11-14 13:21:31,073 [pool-202-thread-1] INFO  server.RaftServerConfigKeys (ConfUtils.java:logGet(43)) - raft.server.log.segment.size.max = 1048576 (custom)
2019-11-14 13:21:31,073 [pool-202-thread-1] WARN  impl.MetricRegistriesImpl (MetricRegistriesImpl.java:lambda$create$1(61)) - First MetricRegistry has been created without registering reporters. You may need to call MetricRegistries.global().addReportRegistration(...) before.
2019-11-14 13:21:31,074 [pool-202-thread-1] INFO  server.RaftServerConfigKeys (ConfUtils.java:logGet(43)) - raft.server.log.segment.cache.num.max = 2 (custom)
2019-11-14 13:21:31,074 [pool-202-thread-1] INFO  segmented.SegmentedRaftLogWorker (SegmentedRaftLogWorker.java:<init>(173)) - new 5254e235-0009-400e-8b7c-46acf791df30@group-79BF1AF65B24-SegmentedRaftLogWorker for RaftStorage:Storage Directory /workdir/hadoop-ozone/integration-test/target/test-dir/MiniOzoneClusterImpl-3e7318d1-e353-4b83-9c8a-b04a40b588dc/datanode-5/data/ratis/25a5f3f7-f95d-4daf-ab6c-79bf1af65b24
2019-11-14 13:21:31,074 [pool-202-thread-1] INFO  server.RaftServerConfigKeys (ConfUtils.java:logGet(43)) - raft.server.log.queue.byte-limit = 2147483647 (custom)
2019-11-14 13:21:31,074 [pool-202-thread-1] INFO  server.RaftServerConfigKeys (ConfUtils.java:logGet(43)) - raft.server.log.queue.element-limit = 1024 (custom)
2019-11-14 13:21:31,074 [pool-202-thread-1] INFO  server.RaftServerConfigKeys (ConfUtils.java:logGet(43)) - raft.server.log.segment.size.max = 1048576 (custom)
2019-11-14 13:21:31,075 [pool-202-thread-1] INFO  server.RaftServerConfigKeys (ConfUtils.java:logGet(43)) - raft.server.log.preallocated.size = 16384 (custom)
2019-11-14 13:21:31,075 [pool-202-thread-1] INFO  server.RaftServerConfigKeys (ConfUtils.java:logGet(43)) - raft.server.log.write.buffer.size = 33554432 (custom)
2019-11-14 13:21:31,075 [pool-202-thread-1] INFO  server.RaftServerConfigKeys (ConfUtils.java:logGet(43)) - raft.server.log.force.sync.num = 128 (default)
2019-11-14 13:21:31,075 [pool-202-thread-1] INFO  server.RaftServerConfigKeys (ConfUtils.java:logGet(43)) - raft.server.log.statemachine.data.sync = true (default)
2019-11-14 13:21:31,075 [pool-202-thread-1] INFO  server.RaftServerConfigKeys (ConfUtils.java:logGet(43)) - raft.server.log.statemachine.data.sync.timeout = 10s (default)
2019-11-14 13:21:31,075 [pool-202-thread-1] INFO  server.RaftServerConfigKeys (ConfUtils.java:logGet(43)) - raft.server.log.statemachine.data.sync.timeout.retry = -1 (default)
2019-11-14 13:21:31,076 [pool-202-thread-1] INFO  server.RaftServerConfigKeys (ConfUtils.java:logGet(43)) - raft.server.log.statemachine.data.caching.enabled = true (custom)
2019-11-14 13:21:31,076 [pool-202-thread-1] INFO  segmented.SegmentedRaftLogWorker (SegmentedRaftLogWorker.java:lambda$new$0(128)) - 5254e235-0009-400e-8b7c-46acf791df30@group-79BF1AF65B24-SegmentedRaftLogWorker: flushIndex: setUnconditionally 0 -> -1
2019-11-14 13:21:31,077 [pool-202-thread-1] INFO  server.RaftServerConfigKeys (ConfUtils.java:logGet(43)) - raft.server.snapshot.auto.trigger.enabled = true (custom)
2019-11-14 13:21:31,077 [pool-202-thread-1] INFO  server.RaftServerConfigKeys (ConfUtils.java:logGet(43)) - raft.server.snapshot.auto.trigger.threshold = 10000 (custom)
2019-11-14 13:21:31,077 [pool-202-thread-1] INFO  server.RaftServerConfigKeys (ConfUtils.java:logGet(43)) - raft.server.snapshot.retention.file.num = 5 (custom)
2019-11-14 13:21:31,077 [pool-202-thread-1] INFO  server.RaftServerConfigKeys (ConfUtils.java:logGet(43)) - raft.server.retrycache.expirytime = 600000ms (custom)
2019-11-14 13:21:31,077 [pool-202-thread-1] WARN  impl.MetricRegistriesImpl (MetricRegistriesImpl.java:lambda$create$1(61)) - First MetricRegistry has been created without registering reporters. You may need to call MetricRegistries.global().addReportRegistration(...) before.
2019-11-14 13:21:31,077 [pool-202-thread-1] WARN  impl.MetricRegistriesImpl (MetricRegistriesImpl.java:lambda$create$1(61)) - First MetricRegistry has been created without registering reporters. You may need to call MetricRegistries.global().addReportRegistration(...) before.
2019-11-14 13:21:31,078 [pool-202-thread-1] INFO  impl.RaftServerImpl (RaftServerImpl.java:start(184)) - 5254e235-0009-400e-8b7c-46acf791df30@group-79BF1AF65B24: start as a follower, conf=-1: [5254e235-0009-400e-8b7c-46acf791df30:192.168.69.121:44317], old=null
2019-11-14 13:21:31,078 [pool-202-thread-1] INFO  impl.RaftServerImpl (RaftServerImpl.java:setRole(173)) - 5254e235-0009-400e-8b7c-46acf791df30@group-79BF1AF65B24: changes role from      null to FOLLOWER at term 0 for startAsFollower
2019-11-14 13:21:31,078 [pool-202-thread-1] INFO  impl.RoleInfo (RoleInfo.java:updateAndGet(143)) - 5254e235-0009-400e-8b7c-46acf791df30: start FollowerState
2019-11-14 13:21:31,079 [pool-202-thread-1] INFO  util.JmxRegister (JmxRegister.java:tryRegister(44)) - Successfully registered JMX Bean with object name Ratis:service=RaftServer,group=group-79BF1AF65B24,id=5254e235-0009-400e-8b7c-46acf791df30
2019-11-14 13:21:31,079 [pool-202-thread-1] WARN  impl.MetricRegistriesImpl (MetricRegistriesImpl.java:lambda$create$1(61)) - First MetricRegistry has been created without registering reporters. You may need to call MetricRegistries.global().addReportRegistration(...) before.
2019-11-14 13:21:31,082 [RatisPipelineUtilsThread] INFO  pipeline.PipelineStateManager (PipelineStateManager.java:addPipeline(55)) - Created pipeline Pipeline[ Id: 25a5f3f7-f95d-4daf-ab6c-79bf1af65b24, Nodes: 5254e235-0009-400e-8b7c-46acf791df30{ip: 192.168.69.121, host: pr-hdds-2468-gmfm6-3729483342, networkLocation: /default-rack, certSerialId: null}, Type:RATIS, Factor:ONE, State:ALLOCATED]
2019-11-14 13:21:31,092 [grpc-default-executor-7] INFO  impl.RaftServerProxy (RaftServerProxy.java:addNew(89)) - db5776da-04cc-407e-81f3-5cb046cdfc6e: addNew group-4893C6D269DB:[7f745053-e99a-4882-8da4-f9f49fd4314d:192.168.69.121:41985, 5254e235-0009-400e-8b7c-46acf791df30:192.168.69.121:44317, db5776da-04cc-407e-81f3-5cb046cdfc6e:192.168.69.121:40096] returns group-4893C6D269DB:java.util.concurrent.CompletableFuture@69ea9260[Not completed]
2019-11-14 13:21:31,092 [grpc-default-executor-1] INFO  impl.RaftServerProxy (RaftServerProxy.java:addNew(89)) - 5254e235-0009-400e-8b7c-46acf791df30: addNew group-4893C6D269DB:[7f745053-e99a-4882-8da4-f9f49fd4314d:192.168.69.121:41985, 5254e235-0009-400e-8b7c-46acf791df30:192.168.69.121:44317, db5776da-04cc-407e-81f3-5cb046cdfc6e:192.168.69.121:40096] returns group-4893C6D269DB:java.util.concurrent.CompletableFuture@1c6a671a[Not completed]
2019-11-14 13:21:31,092 [grpc-default-executor-5] INFO  impl.RaftServerProxy (RaftServerProxy.java:addNew(89)) - 7f745053-e99a-4882-8da4-f9f49fd4314d: addNew group-4893C6D269DB:[7f745053-e99a-4882-8da4-f9f49fd4314d:192.168.69.121:41985, 5254e235-0009-400e-8b7c-46acf791df30:192.168.69.121:44317, db5776da-04cc-407e-81f3-5cb046cdfc6e:192.168.69.121:40096] returns group-4893C6D269DB:java.util.concurrent.CompletableFuture@3aaa21c6[Not completed]
2019-11-14 13:21:31,094 [pool-192-thread-1] INFO  impl.RaftServerImpl (RaftServerImpl.java:<init>(98)) - db5776da-04cc-407e-81f3-5cb046cdfc6e: new RaftServerImpl for group-4893C6D269DB:[7f745053-e99a-4882-8da4-f9f49fd4314d:192.168.69.121:41985, 5254e235-0009-400e-8b7c-46acf791df30:192.168.69.121:44317, db5776da-04cc-407e-81f3-5cb046cdfc6e:192.168.69.121:40096] with ContainerStateMachine:uninitialized
2019-11-14 13:21:31,094 [pool-192-thread-1] INFO  server.RaftServerConfigKeys (ConfUtils.java:logGet(43)) - raft.server.rpc.timeout.min = 1s (custom)
2019-11-14 13:21:31,094 [pool-192-thread-1] INFO  server.RaftServerConfigKeys (ConfUtils.java:logGet(43)) - raft.server.rpc.timeout.max = 1200ms (custom)
2019-11-14 13:21:31,094 [pool-192-thread-1] INFO  server.RaftServerConfigKeys (ConfUtils.java:logGet(43)) - raft.server.rpcslowness.timeout = 120s (custom)
2019-11-14 13:21:31,094 [pool-192-thread-1] INFO  server.RaftServerConfigKeys (ConfUtils.java:logGet(43)) - raft.server.sleep.deviation.threshold = 300 (default)
2019-11-14 13:21:31,094 [pool-192-thread-1] INFO  server.RaftServerConfigKeys (ConfUtils.java:logGet(43)) - raft.server.log.appender.install.snapshot.enabled = false (custom)
2019-11-14 13:21:31,094 [pool-182-thread-1] INFO  impl.RaftServerImpl (RaftServerImpl.java:<init>(98)) - 7f745053-e99a-4882-8da4-f9f49fd4314d: new RaftServerImpl for group-4893C6D269DB:[7f745053-e99a-4882-8da4-f9f49fd4314d:192.168.69.121:41985, 5254e235-0009-400e-8b7c-46acf791df30:192.168.69.121:44317, db5776da-04cc-407e-81f3-5cb046cdfc6e:192.168.69.121:40096] with ContainerStateMachine:uninitialized
2019-11-14 13:21:31,094 [pool-192-thread-1] INFO  impl.RaftServerImpl (ServerState.java:<init>(103)) - db5776da-04cc-407e-81f3-5cb046cdfc6e@group-4893C6D269DB: ConfigurationManager, init=-1: [7f745053-e99a-4882-8da4-f9f49fd4314d:192.168.69.121:41985, 5254e235-0009-400e-8b7c-46acf791df30:192.168.69.121:44317, db5776da-04cc-407e-81f3-5cb046cdfc6e:192.168.69.121:40096], old=null, confs=<EMPTY_MAP>
2019-11-14 13:21:31,094 [pool-182-thread-1] INFO  server.RaftServerConfigKeys (ConfUtils.java:logGet(43)) - raft.server.rpc.timeout.min = 1s (custom)
2019-11-14 13:21:31,095 [pool-192-thread-1] INFO  server.RaftServerConfigKeys (ConfUtils.java:logGet(43)) - raft.server.storage.dir = [/workdir/hadoop-ozone/integration-test/target/test-dir/MiniOzoneClusterImpl-3e7318d1-e353-4b83-9c8a-b04a40b588dc/datanode-4/data/ratis] (custom)
2019-11-14 13:21:31,095 [pool-182-thread-1] INFO  server.RaftServerConfigKeys (ConfUtils.java:logGet(43)) - raft.server.rpc.timeout.max = 1200ms (custom)
2019-11-14 13:21:31,095 [pool-182-thread-1] INFO  server.RaftServerConfigKeys (ConfUtils.java:logGet(43)) - raft.server.rpcslowness.timeout = 120s (custom)
2019-11-14 13:21:31,095 [pool-192-thread-1] INFO  server.RaftServerConfigKeys (ConfUtils.java:logGet(43)) - raft.server.log.corruption.policy = EXCEPTION (default)
2019-11-14 13:21:31,095 [pool-182-thread-1] INFO  server.RaftServerConfigKeys (ConfUtils.java:logGet(43)) - raft.server.sleep.deviation.threshold = 300 (default)
2019-11-14 13:21:31,095 [pool-192-thread-1] INFO  storage.RaftStorageDirectory (RaftStorageDirectory.java:analyzeStorage(246)) - The storage directory /workdir/hadoop-ozone/integration-test/target/test-dir/MiniOzoneClusterImpl-3e7318d1-e353-4b83-9c8a-b04a40b588dc/datanode-4/data/ratis/ee379075-e9f8-444f-85d2-4893c6d269db does not exist. Creating ...
2019-11-14 13:21:31,095 [pool-182-thread-1] INFO  server.RaftServerConfigKeys (ConfUtils.java:logGet(43)) - raft.server.log.appender.install.snapshot.enabled = false (custom)
2019-11-14 13:21:31,096 [pool-182-thread-1] INFO  impl.RaftServerImpl (ServerState.java:<init>(103)) - 7f745053-e99a-4882-8da4-f9f49fd4314d@group-4893C6D269DB: ConfigurationManager, init=-1: [7f745053-e99a-4882-8da4-f9f49fd4314d:192.168.69.121:41985, 5254e235-0009-400e-8b7c-46acf791df30:192.168.69.121:44317, db5776da-04cc-407e-81f3-5cb046cdfc6e:192.168.69.121:40096], old=null, confs=<EMPTY_MAP>
2019-11-14 13:21:31,096 [pool-202-thread-1] INFO  impl.RaftServerImpl (RaftServerImpl.java:<init>(98)) - 5254e235-0009-400e-8b7c-46acf791df30: new RaftServerImpl for group-4893C6D269DB:[7f745053-e99a-4882-8da4-f9f49fd4314d:192.168.69.121:41985, 5254e235-0009-400e-8b7c-46acf791df30:192.168.69.121:44317, db5776da-04cc-407e-81f3-5cb046cdfc6e:192.168.69.121:40096] with ContainerStateMachine:uninitialized
2019-11-14 13:21:31,096 [pool-182-thread-1] INFO  server.RaftServerConfigKeys (ConfUtils.java:logGet(43)) - raft.server.storage.dir = [/workdir/hadoop-ozone/integration-test/target/test-dir/MiniOzoneClusterImpl-3e7318d1-e353-4b83-9c8a-b04a40b588dc/datanode-3/data/ratis] (custom)
2019-11-14 13:21:31,096 [pool-202-thread-1] INFO  server.RaftServerConfigKeys (ConfUtils.java:logGet(43)) - raft.server.rpc.timeout.min = 1s (custom)
2019-11-14 13:21:31,096 [pool-182-thread-1] INFO  server.RaftServerConfigKeys (ConfUtils.java:logGet(43)) - raft.server.log.corruption.policy = EXCEPTION (default)
2019-11-14 13:21:31,096 [pool-202-thread-1] INFO  server.RaftServerConfigKeys (ConfUtils.java:logGet(43)) - raft.server.rpc.timeout.max = 1200ms (custom)
2019-11-14 13:21:31,096 [pool-182-thread-1] INFO  storage.RaftStorageDirectory (RaftStorageDirectory.java:analyzeStorage(246)) - The storage directory /workdir/hadoop-ozone/integration-test/target/test-dir/MiniOzoneClusterImpl-3e7318d1-e353-4b83-9c8a-b04a40b588dc/datanode-3/data/ratis/ee379075-e9f8-444f-85d2-4893c6d269db does not exist. Creating ...
2019-11-14 13:21:31,096 [pool-202-thread-1] INFO  server.RaftServerConfigKeys (ConfUtils.java:logGet(43)) - raft.server.rpcslowness.timeout = 120s (custom)
2019-11-14 13:21:31,097 [pool-202-thread-1] INFO  server.RaftServerConfigKeys (ConfUtils.java:logGet(43)) - raft.server.sleep.deviation.threshold = 300 (default)
2019-11-14 13:21:31,097 [pool-202-thread-1] INFO  server.RaftServerConfigKeys (ConfUtils.java:logGet(43)) - raft.server.log.appender.install.snapshot.enabled = false (custom)
2019-11-14 13:21:31,097 [pool-202-thread-1] INFO  impl.RaftServerImpl (ServerState.java:<init>(103)) - 5254e235-0009-400e-8b7c-46acf791df30@group-4893C6D269DB: ConfigurationManager, init=-1: [7f745053-e99a-4882-8da4-f9f49fd4314d:192.168.69.121:41985, 5254e235-0009-400e-8b7c-46acf791df30:192.168.69.121:44317, db5776da-04cc-407e-81f3-5cb046cdfc6e:192.168.69.121:40096], old=null, confs=<EMPTY_MAP>
2019-11-14 13:21:31,097 [pool-202-thread-1] INFO  server.RaftServerConfigKeys (ConfUtils.java:logGet(43)) - raft.server.storage.dir = [/workdir/hadoop-ozone/integration-test/target/test-dir/MiniOzoneClusterImpl-3e7318d1-e353-4b83-9c8a-b04a40b588dc/datanode-5/data/ratis] (custom)
2019-11-14 13:21:31,097 [pool-202-thread-1] INFO  server.RaftServerConfigKeys (ConfUtils.java:logGet(43)) - raft.server.log.corruption.policy = EXCEPTION (default)
2019-11-14 13:21:31,098 [pool-202-thread-1] INFO  storage.RaftStorageDirectory (RaftStorageDirectory.java:analyzeStorage(246)) - The storage directory /workdir/hadoop-ozone/integration-test/target/test-dir/MiniOzoneClusterImpl-3e7318d1-e353-4b83-9c8a-b04a40b588dc/datanode-5/data/ratis/ee379075-e9f8-444f-85d2-4893c6d269db does not exist. Creating ...
2019-11-14 13:21:31,123 [pool-182-thread-1] INFO  storage.RaftStorageDirectory (RaftStorageDirectory.java:tryLock(328)) - Lock on /workdir/hadoop-ozone/integration-test/target/test-dir/MiniOzoneClusterImpl-3e7318d1-e353-4b83-9c8a-b04a40b588dc/datanode-3/data/ratis/ee379075-e9f8-444f-85d2-4893c6d269db/in_use.lock acquired by nodename 26507@pr-hdds-2468-gmfm6-3729483342
2019-11-14 13:21:31,123 [pool-192-thread-1] INFO  storage.RaftStorageDirectory (RaftStorageDirectory.java:tryLock(328)) - Lock on /workdir/hadoop-ozone/integration-test/target/test-dir/MiniOzoneClusterImpl-3e7318d1-e353-4b83-9c8a-b04a40b588dc/datanode-4/data/ratis/ee379075-e9f8-444f-85d2-4893c6d269db/in_use.lock acquired by nodename 26507@pr-hdds-2468-gmfm6-3729483342
2019-11-14 13:21:31,123 [pool-202-thread-1] INFO  storage.RaftStorageDirectory (RaftStorageDirectory.java:tryLock(328)) - Lock on /workdir/hadoop-ozone/integration-test/target/test-dir/MiniOzoneClusterImpl-3e7318d1-e353-4b83-9c8a-b04a40b588dc/datanode-5/data/ratis/ee379075-e9f8-444f-85d2-4893c6d269db/in_use.lock acquired by nodename 26507@pr-hdds-2468-gmfm6-3729483342
2019-11-14 13:21:31,149 [pool-182-thread-1] INFO  storage.RaftStorage (RaftStorage.java:format(84)) - Storage directory /workdir/hadoop-ozone/integration-test/target/test-dir/MiniOzoneClusterImpl-3e7318d1-e353-4b83-9c8a-b04a40b588dc/datanode-3/data/ratis/ee379075-e9f8-444f-85d2-4893c6d269db has been successfully formatted.
2019-11-14 13:21:31,149 [pool-202-thread-1] INFO  storage.RaftStorage (RaftStorage.java:format(84)) - Storage directory /workdir/hadoop-ozone/integration-test/target/test-dir/MiniOzoneClusterImpl-3e7318d1-e353-4b83-9c8a-b04a40b588dc/datanode-5/data/ratis/ee379075-e9f8-444f-85d2-4893c6d269db has been successfully formatted.
2019-11-14 13:21:31,149 [pool-192-thread-1] INFO  storage.RaftStorage (RaftStorage.java:format(84)) - Storage directory /workdir/hadoop-ozone/integration-test/target/test-dir/MiniOzoneClusterImpl-3e7318d1-e353-4b83-9c8a-b04a40b588dc/datanode-4/data/ratis/ee379075-e9f8-444f-85d2-4893c6d269db has been successfully formatted.
2019-11-14 13:21:31,149 [pool-202-thread-1] INFO  ratis.ContainerStateMachine (ContainerStateMachine.java:loadSnapshot(223)) - group-4893C6D269DB: The snapshot info is null. Setting the last applied indexto:(t:0, i:~)
2019-11-14 13:21:31,149 [pool-182-thread-1] INFO  ratis.ContainerStateMachine (ContainerStateMachine.java:loadSnapshot(223)) - group-4893C6D269DB: The snapshot info is null. Setting the last applied indexto:(t:0, i:~)
2019-11-14 13:21:31,149 [pool-192-thread-1] INFO  ratis.ContainerStateMachine (ContainerStateMachine.java:loadSnapshot(223)) - group-4893C6D269DB: The snapshot info is null. Setting the last applied indexto:(t:0, i:~)
2019-11-14 13:21:31,149 [pool-202-thread-1] INFO  server.RaftServerConfigKeys (ConfUtils.java:logGet(43)) - raft.server.notification.no-leader.timeout = 120s (custom)
2019-11-14 13:21:31,149 [pool-192-thread-1] INFO  server.RaftServerConfigKeys (ConfUtils.java:logGet(43)) - raft.server.notification.no-leader.timeout = 120s (custom)
2019-11-14 13:21:31,149 [pool-182-thread-1] INFO  server.RaftServerConfigKeys (ConfUtils.java:logGet(43)) - raft.server.notification.no-leader.timeout = 120s (custom)
2019-11-14 13:21:31,150 [pool-192-thread-1] INFO  server.RaftServerConfigKeys (ConfUtils.java:logGet(43)) - raft.server.log.use.memory = false (default)
2019-11-14 13:21:31,149 [pool-202-thread-1] INFO  server.RaftServerConfigKeys (ConfUtils.java:logGet(43)) - raft.server.log.use.memory = false (default)
2019-11-14 13:21:31,150 [pool-192-thread-1] INFO  server.RaftServerConfigKeys (ConfUtils.java:logGet(43)) - raft.server.log.purge.gap = 1000000 (custom)
2019-11-14 13:21:31,150 [pool-182-thread-1] INFO  server.RaftServerConfigKeys (ConfUtils.java:logGet(43)) - raft.server.log.use.memory = false (default)
2019-11-14 13:21:31,150 [pool-192-thread-1] INFO  server.RaftServerConfigKeys (ConfUtils.java:logGet(43)) - raft.server.log.appender.buffer.byte-limit = 33554432 (custom)
2019-11-14 13:21:31,150 [pool-202-thread-1] INFO  server.RaftServerConfigKeys (ConfUtils.java:logGet(43)) - raft.server.log.purge.gap = 1000000 (custom)
2019-11-14 13:21:31,150 [pool-192-thread-1] INFO  server.RaftServerConfigKeys (ConfUtils.java:logGet(43)) - raft.server.log.segment.size.max = 1048576 (custom)
2019-11-14 13:21:31,150 [pool-182-thread-1] INFO  server.RaftServerConfigKeys (ConfUtils.java:logGet(43)) - raft.server.log.purge.gap = 1000000 (custom)
2019-11-14 13:21:31,151 [pool-192-thread-1] INFO  server.RaftServerConfigKeys (ConfUtils.java:logGet(43)) - raft.server.log.segment.cache.num.max = 2 (custom)
2019-11-14 13:21:31,150 [pool-202-thread-1] INFO  server.RaftServerConfigKeys (ConfUtils.java:logGet(43)) - raft.server.log.appender.buffer.byte-limit = 33554432 (custom)
2019-11-14 13:21:31,151 [pool-192-thread-1] INFO  segmented.SegmentedRaftLogWorker (SegmentedRaftLogWorker.java:<init>(173)) - new db5776da-04cc-407e-81f3-5cb046cdfc6e@group-4893C6D269DB-SegmentedRaftLogWorker for RaftStorage:Storage Directory /workdir/hadoop-ozone/integration-test/target/test-dir/MiniOzoneClusterImpl-3e7318d1-e353-4b83-9c8a-b04a40b588dc/datanode-4/data/ratis/ee379075-e9f8-444f-85d2-4893c6d269db
2019-11-14 13:21:31,151 [pool-182-thread-1] INFO  server.RaftServerConfigKeys (ConfUtils.java:logGet(43)) - raft.server.log.appender.buffer.byte-limit = 33554432 (custom)
2019-11-14 13:21:31,151 [pool-192-thread-1] INFO  server.RaftServerConfigKeys (ConfUtils.java:logGet(43)) - raft.server.log.queue.byte-limit = 2147483647 (custom)
2019-11-14 13:21:31,151 [pool-192-thread-1] INFO  server.RaftServerConfigKeys (ConfUtils.java:logGet(43)) - raft.server.log.queue.element-limit = 1024 (custom)
2019-11-14 13:21:31,151 [pool-202-thread-1] INFO  server.RaftServerConfigKeys (ConfUtils.java:logGet(43)) - raft.server.log.segment.size.max = 1048576 (custom)
2019-11-14 13:21:31,151 [pool-192-thread-1] INFO  server.RaftServerConfigKeys (ConfUtils.java:logGet(43)) - raft.server.log.segment.size.max = 1048576 (custom)
2019-11-14 13:21:31,151 [pool-182-thread-1] INFO  server.RaftServerConfigKeys (ConfUtils.java:logGet(43)) - raft.server.log.segment.size.max = 1048576 (custom)
2019-11-14 13:21:31,152 [pool-192-thread-1] INFO  server.RaftServerConfigKeys (ConfUtils.java:logGet(43)) - raft.server.log.preallocated.size = 16384 (custom)
2019-11-14 13:21:31,152 [pool-202-thread-1] INFO  server.RaftServerConfigKeys (ConfUtils.java:logGet(43)) - raft.server.log.segment.cache.num.max = 2 (custom)
2019-11-14 13:21:31,152 [pool-192-thread-1] INFO  server.RaftServerConfigKeys (ConfUtils.java:logGet(43)) - raft.server.log.write.buffer.size = 33554432 (custom)
2019-11-14 13:21:31,152 [pool-182-thread-1] INFO  server.RaftServerConfigKeys (ConfUtils.java:logGet(43)) - raft.server.log.segment.cache.num.max = 2 (custom)
2019-11-14 13:21:31,152 [pool-192-thread-1] INFO  server.RaftServerConfigKeys (ConfUtils.java:logGet(43)) - raft.server.log.force.sync.num = 128 (default)
2019-11-14 13:21:31,152 [pool-202-thread-1] INFO  segmented.SegmentedRaftLogWorker (SegmentedRaftLogWorker.java:<init>(173)) - new 5254e235-0009-400e-8b7c-46acf791df30@group-4893C6D269DB-SegmentedRaftLogWorker for RaftStorage:Storage Directory /workdir/hadoop-ozone/integration-test/target/test-dir/MiniOzoneClusterImpl-3e7318d1-e353-4b83-9c8a-b04a40b588dc/datanode-5/data/ratis/ee379075-e9f8-444f-85d2-4893c6d269db
2019-11-14 13:21:31,152 [pool-192-thread-1] INFO  server.RaftServerConfigKeys (ConfUtils.java:logGet(43)) - raft.server.log.statemachine.data.sync = true (default)
2019-11-14 13:21:31,152 [pool-182-thread-1] INFO  segmented.SegmentedRaftLogWorker (SegmentedRaftLogWorker.java:<init>(173)) - new 7f745053-e99a-4882-8da4-f9f49fd4314d@group-4893C6D269DB-SegmentedRaftLogWorker for RaftStorage:Storage Directory /workdir/hadoop-ozone/integration-test/target/test-dir/MiniOzoneClusterImpl-3e7318d1-e353-4b83-9c8a-b04a40b588dc/datanode-3/data/ratis/ee379075-e9f8-444f-85d2-4893c6d269db
2019-11-14 13:21:31,152 [pool-192-thread-1] INFO  server.RaftServerConfigKeys (ConfUtils.java:logGet(43)) - raft.server.log.statemachine.data.sync.timeout = 10s (default)
2019-11-14 13:21:31,152 [pool-202-thread-1] INFO  server.RaftServerConfigKeys (ConfUtils.java:logGet(43)) - raft.server.log.queue.byte-limit = 2147483647 (custom)
2019-11-14 13:21:31,153 [pool-192-thread-1] INFO  server.RaftServerConfigKeys (ConfUtils.java:logGet(43)) - raft.server.log.statemachine.data.sync.timeout.retry = -1 (default)
2019-11-14 13:21:31,153 [pool-182-thread-1] INFO  server.RaftServerConfigKeys (ConfUtils.java:logGet(43)) - raft.server.log.queue.byte-limit = 2147483647 (custom)
2019-11-14 13:21:31,153 [pool-202-thread-1] INFO  server.RaftServerConfigKeys (ConfUtils.java:logGet(43)) - raft.server.log.queue.element-limit = 1024 (custom)
2019-11-14 13:21:31,153 [pool-192-thread-1] INFO  server.RaftServerConfigKeys (ConfUtils.java:logGet(43)) - raft.server.log.statemachine.data.caching.enabled = true (custom)
2019-11-14 13:21:31,153 [pool-182-thread-1] INFO  server.RaftServerConfigKeys (ConfUtils.java:logGet(43)) - raft.server.log.queue.element-limit = 1024 (custom)
2019-11-14 13:21:31,153 [pool-202-thread-1] INFO  server.RaftServerConfigKeys (ConfUtils.java:logGet(43)) - raft.server.log.segment.size.max = 1048576 (custom)
2019-11-14 13:21:31,153 [pool-192-thread-1] INFO  segmented.SegmentedRaftLogWorker (SegmentedRaftLogWorker.java:lambda$new$0(128)) - db5776da-04cc-407e-81f3-5cb046cdfc6e@group-4893C6D269DB-SegmentedRaftLogWorker: flushIndex: setUnconditionally 0 -> -1
2019-11-14 13:21:31,153 [pool-182-thread-1] INFO  server.RaftServerConfigKeys (ConfUtils.java:logGet(43)) - raft.server.log.segment.size.max = 1048576 (custom)
2019-11-14 13:21:31,153 [pool-202-thread-1] INFO  server.RaftServerConfigKeys (ConfUtils.java:logGet(43)) - raft.server.log.preallocated.size = 16384 (custom)
2019-11-14 13:21:31,154 [pool-182-thread-1] INFO  server.RaftServerConfigKeys (ConfUtils.java:logGet(43)) - raft.server.log.preallocated.size = 16384 (custom)
2019-11-14 13:21:31,154 [pool-202-thread-1] INFO  server.RaftServerConfigKeys (ConfUtils.java:logGet(43)) - raft.server.log.write.buffer.size = 33554432 (custom)
2019-11-14 13:21:31,154 [pool-192-thread-1] INFO  server.RaftServerConfigKeys (ConfUtils.java:logGet(43)) - raft.server.snapshot.auto.trigger.enabled = true (custom)
2019-11-14 13:21:31,154 [pool-202-thread-1] INFO  server.RaftServerConfigKeys (ConfUtils.java:logGet(43)) - raft.server.log.force.sync.num = 128 (default)
2019-11-14 13:21:31,154 [pool-182-thread-1] INFO  server.RaftServerConfigKeys (ConfUtils.java:logGet(43)) - raft.server.log.write.buffer.size = 33554432 (custom)
2019-11-14 13:21:31,154 [pool-202-thread-1] INFO  server.RaftServerConfigKeys (ConfUtils.java:logGet(43)) - raft.server.log.statemachine.data.sync = true (default)
2019-11-14 13:21:31,154 [pool-192-thread-1] INFO  server.RaftServerConfigKeys (ConfUtils.java:logGet(43)) - raft.server.snapshot.auto.trigger.threshold = 10000 (custom)
2019-11-14 13:21:31,154 [pool-202-thread-1] INFO  server.RaftServerConfigKeys (ConfUtils.java:logGet(43)) - raft.server.log.statemachine.data.sync.timeout = 10s (default)
2019-11-14 13:21:31,155 [pool-202-thread-1] INFO  server.RaftServerConfigKeys (ConfUtils.java:logGet(43)) - raft.server.log.statemachine.data.sync.timeout.retry = -1 (default)
2019-11-14 13:21:31,154 [pool-182-thread-1] INFO  server.RaftServerConfigKeys (ConfUtils.java:logGet(43)) - raft.server.log.force.sync.num = 128 (default)
2019-11-14 13:21:31,155 [pool-202-thread-1] INFO  server.RaftServerConfigKeys (ConfUtils.java:logGet(43)) - raft.server.log.statemachine.data.caching.enabled = true (custom)
2019-11-14 13:21:31,154 [pool-192-thread-1] INFO  server.RaftServerConfigKeys (ConfUtils.java:logGet(43)) - raft.server.snapshot.retention.file.num = 5 (custom)
2019-11-14 13:21:31,155 [pool-182-thread-1] INFO  server.RaftServerConfigKeys (ConfUtils.java:logGet(43)) - raft.server.log.statemachine.data.sync = true (default)
2019-11-14 13:21:31,155 [pool-192-thread-1] INFO  server.RaftServerConfigKeys (ConfUtils.java:logGet(43)) - raft.server.retrycache.expirytime = 600000ms (custom)
2019-11-14 13:21:31,155 [pool-202-thread-1] INFO  segmented.SegmentedRaftLogWorker (SegmentedRaftLogWorker.java:lambda$new$0(128)) - 5254e235-0009-400e-8b7c-46acf791df30@group-4893C6D269DB-SegmentedRaftLogWorker: flushIndex: setUnconditionally 0 -> -1
2019-11-14 13:21:31,155 [pool-192-thread-1] WARN  impl.MetricRegistriesImpl (MetricRegistriesImpl.java:lambda$create$1(61)) - First MetricRegistry has been created without registering reporters. You may need to call MetricRegistries.global().addReportRegistration(...) before.
2019-11-14 13:21:31,155 [pool-202-thread-1] INFO  server.RaftServerConfigKeys (ConfUtils.java:logGet(43)) - raft.server.snapshot.auto.trigger.enabled = true (custom)
2019-11-14 13:21:31,155 [pool-182-thread-1] INFO  server.RaftServerConfigKeys (ConfUtils.java:logGet(43)) - raft.server.log.statemachine.data.sync.timeout = 10s (default)
2019-11-14 13:21:31,156 [pool-202-thread-1] INFO  server.RaftServerConfigKeys (ConfUtils.java:logGet(43)) - raft.server.snapshot.auto.trigger.threshold = 10000 (custom)
2019-11-14 13:21:31,155 [pool-192-thread-1] WARN  impl.MetricRegistriesImpl (MetricRegistriesImpl.java:lambda$create$1(61)) - First MetricRegistry has been created without registering reporters. You may need to call MetricRegistries.global().addReportRegistration(...) before.
2019-11-14 13:21:31,156 [pool-202-thread-1] INFO  server.RaftServerConfigKeys (ConfUtils.java:logGet(43)) - raft.server.snapshot.retention.file.num = 5 (custom)
2019-11-14 13:21:31,156 [pool-182-thread-1] INFO  server.RaftServerConfigKeys (ConfUtils.java:logGet(43)) - raft.server.log.statemachine.data.sync.timeout.retry = -1 (default)
2019-11-14 13:21:31,156 [pool-202-thread-1] INFO  server.RaftServerConfigKeys (ConfUtils.java:logGet(43)) - raft.server.retrycache.expirytime = 600000ms (custom)
2019-11-14 13:21:31,156 [pool-182-thread-1] INFO  server.RaftServerConfigKeys (ConfUtils.java:logGet(43)) - raft.server.log.statemachine.data.caching.enabled = true (custom)
2019-11-14 13:21:31,156 [pool-192-thread-1] INFO  impl.RaftServerImpl (RaftServerImpl.java:start(184)) - db5776da-04cc-407e-81f3-5cb046cdfc6e@group-4893C6D269DB: start as a follower, conf=-1: [7f745053-e99a-4882-8da4-f9f49fd4314d:192.168.69.121:41985, 5254e235-0009-400e-8b7c-46acf791df30:192.168.69.121:44317, db5776da-04cc-407e-81f3-5cb046cdfc6e:192.168.69.121:40096], old=null
2019-11-14 13:21:31,156 [pool-202-thread-1] WARN  impl.MetricRegistriesImpl (MetricRegistriesImpl.java:lambda$create$1(61)) - First MetricRegistry has been created without registering reporters. You may need to call MetricRegistries.global().addReportRegistration(...) before.
2019-11-14 13:21:31,157 [pool-182-thread-1] INFO  segmented.SegmentedRaftLogWorker (SegmentedRaftLogWorker.java:lambda$new$0(128)) - 7f745053-e99a-4882-8da4-f9f49fd4314d@group-4893C6D269DB-SegmentedRaftLogWorker: flushIndex: setUnconditionally 0 -> -1
2019-11-14 13:21:31,156 [pool-192-thread-1] INFO  impl.RaftServerImpl (RaftServerImpl.java:setRole(173)) - db5776da-04cc-407e-81f3-5cb046cdfc6e@group-4893C6D269DB: changes role from      null to FOLLOWER at term 0 for startAsFollower
2019-11-14 13:21:31,157 [pool-202-thread-1] WARN  impl.MetricRegistriesImpl (MetricRegistriesImpl.java:lambda$create$1(61)) - First MetricRegistry has been created without registering reporters. You may need to call MetricRegistries.global().addReportRegistration(...) before.
2019-11-14 13:21:31,157 [pool-182-thread-1] INFO  server.RaftServerConfigKeys (ConfUtils.java:logGet(43)) - raft.server.snapshot.auto.trigger.enabled = true (custom)
2019-11-14 13:21:31,157 [pool-192-thread-1] INFO  impl.RoleInfo (RoleInfo.java:updateAndGet(143)) - db5776da-04cc-407e-81f3-5cb046cdfc6e: start FollowerState
2019-11-14 13:21:31,157 [pool-182-thread-1] INFO  server.RaftServerConfigKeys (ConfUtils.java:logGet(43)) - raft.server.snapshot.auto.trigger.threshold = 10000 (custom)
2019-11-14 13:21:31,157 [pool-202-thread-1] INFO  impl.RaftServerImpl (RaftServerImpl.java:start(184)) - 5254e235-0009-400e-8b7c-46acf791df30@group-4893C6D269DB: start as a follower, conf=-1: [7f745053-e99a-4882-8da4-f9f49fd4314d:192.168.69.121:41985, 5254e235-0009-400e-8b7c-46acf791df30:192.168.69.121:44317, db5776da-04cc-407e-81f3-5cb046cdfc6e:192.168.69.121:40096], old=null
2019-11-14 13:21:31,157 [pool-182-thread-1] INFO  server.RaftServerConfigKeys (ConfUtils.java:logGet(43)) - raft.server.snapshot.retention.file.num = 5 (custom)
2019-11-14 13:21:31,158 [pool-192-thread-1] INFO  util.JmxRegister (JmxRegister.java:tryRegister(44)) - Successfully registered JMX Bean with object name Ratis:service=RaftServer,group=group-4893C6D269DB,id=db5776da-04cc-407e-81f3-5cb046cdfc6e
2019-11-14 13:21:31,157 [pool-202-thread-1] INFO  impl.RaftServerImpl (RaftServerImpl.java:setRole(173)) - 5254e235-0009-400e-8b7c-46acf791df30@group-4893C6D269DB: changes role from      null to FOLLOWER at term 0 for startAsFollower
2019-11-14 13:21:31,158 [pool-192-thread-1] WARN  impl.MetricRegistriesImpl (MetricRegistriesImpl.java:lambda$create$1(61)) - First MetricRegistry has been created without registering reporters. You may need to call MetricRegistries.global().addReportRegistration(...) before.
2019-11-14 13:21:31,158 [pool-182-thread-1] INFO  server.RaftServerConfigKeys (ConfUtils.java:logGet(43)) - raft.server.retrycache.expirytime = 600000ms (custom)
2019-11-14 13:21:31,158 [pool-202-thread-1] INFO  impl.RoleInfo (RoleInfo.java:updateAndGet(143)) - 5254e235-0009-400e-8b7c-46acf791df30: start FollowerState
2019-11-14 13:21:31,158 [pool-182-thread-1] WARN  impl.MetricRegistriesImpl (MetricRegistriesImpl.java:lambda$create$1(61)) - First MetricRegistry has been created without registering reporters. You may need to call MetricRegistries.global().addReportRegistration(...) before.
2019-11-14 13:21:31,159 [pool-182-thread-1] WARN  impl.MetricRegistriesImpl (MetricRegistriesImpl.java:lambda$create$1(61)) - First MetricRegistry has been created without registering reporters. You may need to call MetricRegistries.global().addReportRegistration(...) before.
2019-11-14 13:21:31,159 [pool-182-thread-1] INFO  impl.RaftServerImpl (RaftServerImpl.java:start(184)) - 7f745053-e99a-4882-8da4-f9f49fd4314d@group-4893C6D269DB: start as a follower, conf=-1: [7f745053-e99a-4882-8da4-f9f49fd4314d:192.168.69.121:41985, 5254e235-0009-400e-8b7c-46acf791df30:192.168.69.121:44317, db5776da-04cc-407e-81f3-5cb046cdfc6e:192.168.69.121:40096], old=null
2019-11-14 13:21:31,159 [pool-202-thread-1] INFO  util.JmxRegister (JmxRegister.java:tryRegister(44)) - Successfully registered JMX Bean with object name Ratis:service=RaftServer,group=group-4893C6D269DB,id=5254e235-0009-400e-8b7c-46acf791df30
2019-11-14 13:21:31,159 [pool-182-thread-1] INFO  impl.RaftServerImpl (RaftServerImpl.java:setRole(173)) - 7f745053-e99a-4882-8da4-f9f49fd4314d@group-4893C6D269DB: changes role from      null to FOLLOWER at term 0 for startAsFollower
2019-11-14 13:21:31,159 [pool-202-thread-1] WARN  impl.MetricRegistriesImpl (MetricRegistriesImpl.java:lambda$create$1(61)) - First MetricRegistry has been created without registering reporters. You may need to call MetricRegistries.global().addReportRegistration(...) before.
2019-11-14 13:21:31,159 [pool-182-thread-1] INFO  impl.RoleInfo (RoleInfo.java:updateAndGet(143)) - 7f745053-e99a-4882-8da4-f9f49fd4314d: start FollowerState
2019-11-14 13:21:31,160 [pool-182-thread-1] INFO  util.JmxRegister (JmxRegister.java:tryRegister(44)) - Successfully registered JMX Bean with object name Ratis:service=RaftServer,group=group-4893C6D269DB,id=7f745053-e99a-4882-8da4-f9f49fd4314d
2019-11-14 13:21:31,160 [pool-182-thread-1] WARN  impl.MetricRegistriesImpl (MetricRegistriesImpl.java:lambda$create$1(61)) - First MetricRegistry has been created without registering reporters. You may need to call MetricRegistries.global().addReportRegistration(...) before.
2019-11-14 13:21:31,162 [RatisPipelineUtilsThread] INFO  pipeline.PipelineStateManager (PipelineStateManager.java:addPipeline(55)) - Created pipeline Pipeline[ Id: ee379075-e9f8-444f-85d2-4893c6d269db, Nodes: 7f745053-e99a-4882-8da4-f9f49fd4314d{ip: 192.168.69.121, host: pr-hdds-2468-gmfm6-3729483342, networkLocation: /default-rack, certSerialId: null}5254e235-0009-400e-8b7c-46acf791df30{ip: 192.168.69.121, host: pr-hdds-2468-gmfm6-3729483342, networkLocation: /default-rack, certSerialId: null}db5776da-04cc-407e-81f3-5cb046cdfc6e{ip: 192.168.69.121, host: pr-hdds-2468-gmfm6-3729483342, networkLocation: /default-rack, certSerialId: null}, Type:RATIS, Factor:THREE, State:ALLOCATED]
2019-11-14 13:21:31,163 [main] INFO  ozone.MiniOzoneClusterImpl (MiniOzoneClusterImpl.java:lambda$waitForClusterToBeReady$2(163)) - Waiting for 8 number of pipelines out of 8, to report a leader.
2019-11-14 13:21:31,658 [Thread-1211] INFO  impl.FollowerState (FollowerState.java:run(111)) - 158d2368-d5c4-46db-a1fd-e1a721205b7d@group-2F20156480EF-FollowerState: change to CANDIDATE, lastRpcTime:1073ms, electionTimeout:1073ms
2019-11-14 13:21:31,660 [Thread-1211] INFO  impl.RoleInfo (RoleInfo.java:shutdownFollowerState(121)) - 158d2368-d5c4-46db-a1fd-e1a721205b7d: shutdown FollowerState
2019-11-14 13:21:31,660 [Thread-1211] INFO  impl.RaftServerImpl (RaftServerImpl.java:setRole(173)) - 158d2368-d5c4-46db-a1fd-e1a721205b7d@group-2F20156480EF: changes role from  FOLLOWER to CANDIDATE at term 0 for changeToCandidate
2019-11-14 13:21:31,661 [Thread-1211] INFO  impl.RoleInfo (RoleInfo.java:updateAndGet(143)) - 158d2368-d5c4-46db-a1fd-e1a721205b7d: start LeaderElection
2019-11-14 13:21:31,686 [158d2368-d5c4-46db-a1fd-e1a721205b7d@group-2F20156480EF-LeaderElection31] INFO  impl.LeaderElection (LeaderElection.java:askForVotes(178)) - 158d2368-d5c4-46db-a1fd-e1a721205b7d@group-2F20156480EF-LeaderElection31: begin an election at term 1 for -1: [158d2368-d5c4-46db-a1fd-e1a721205b7d:192.168.69.121:35099], old=null
2019-11-14 13:21:31,686 [158d2368-d5c4-46db-a1fd-e1a721205b7d@group-2F20156480EF-LeaderElection31] INFO  impl.RoleInfo (RoleInfo.java:shutdownLeaderElection(134)) - 158d2368-d5c4-46db-a1fd-e1a721205b7d: shutdown LeaderElection
2019-11-14 13:21:31,686 [158d2368-d5c4-46db-a1fd-e1a721205b7d@group-2F20156480EF-LeaderElection31] INFO  impl.RaftServerImpl (RaftServerImpl.java:setRole(173)) - 158d2368-d5c4-46db-a1fd-e1a721205b7d@group-2F20156480EF: changes role from CANDIDATE to LEADER at term 1 for changeToLeader
2019-11-14 13:21:31,687 [158d2368-d5c4-46db-a1fd-e1a721205b7d@group-2F20156480EF-LeaderElection31] INFO  ratis.XceiverServerRatis (XceiverServerRatis.java:handleLeaderChangedNotification(697)) - Leader change notification received for group: group-2F20156480EF with new leaderId: 158d2368-d5c4-46db-a1fd-e1a721205b7d
2019-11-14 13:21:31,687 [158d2368-d5c4-46db-a1fd-e1a721205b7d@group-2F20156480EF-LeaderElection31] INFO  impl.RaftServerImpl (ServerState.java:setLeader(255)) - 158d2368-d5c4-46db-a1fd-e1a721205b7d@group-2F20156480EF: change Leader from null to 158d2368-d5c4-46db-a1fd-e1a721205b7d at term 1 for becomeLeader, leader elected after 1107ms
2019-11-14 13:21:31,687 [158d2368-d5c4-46db-a1fd-e1a721205b7d@group-2F20156480EF-LeaderElection31] INFO  server.RaftServerConfigKeys (ConfUtils.java:logGet(43)) - raft.server.staging.catchup.gap = 1000 (default)
2019-11-14 13:21:31,687 [158d2368-d5c4-46db-a1fd-e1a721205b7d@group-2F20156480EF-LeaderElection31] INFO  server.RaftServerConfigKeys (ConfUtils.java:logGet(43)) - raft.server.rpc.sleep.time = 25ms (default)
2019-11-14 13:21:31,689 [158d2368-d5c4-46db-a1fd-e1a721205b7d@group-2F20156480EF-LeaderElection31] INFO  server.RaftServerConfigKeys (ConfUtils.java:logGet(43)) - raft.server.write.element-limit = 4096 (default)
2019-11-14 13:21:31,689 [158d2368-d5c4-46db-a1fd-e1a721205b7d@group-2F20156480EF-LeaderElection31] INFO  server.RaftServerConfigKeys (ConfUtils.java:logGet(43)) - raft.server.watch.timeout = 10s (default)
2019-11-14 13:21:31,689 [158d2368-d5c4-46db-a1fd-e1a721205b7d@group-2F20156480EF-LeaderElection31] INFO  server.RaftServerConfigKeys (ConfUtils.java:logGet(43)) - raft.server.watch.timeout.denomination = 1s (default)
2019-11-14 13:21:31,689 [158d2368-d5c4-46db-a1fd-e1a721205b7d@group-2F20156480EF-LeaderElection31] INFO  server.RaftServerConfigKeys (ConfUtils.java:logGet(43)) - raft.server.watch.element-limit = 65536 (default)
2019-11-14 13:21:31,689 [158d2368-d5c4-46db-a1fd-e1a721205b7d@group-2F20156480EF-LeaderElection31] INFO  impl.RoleInfo (RoleInfo.java:updateAndGet(143)) - 158d2368-d5c4-46db-a1fd-e1a721205b7d: start LeaderState
2019-11-14 13:21:31,690 [158d2368-d5c4-46db-a1fd-e1a721205b7d@group-2F20156480EF-LeaderElection31] INFO  segmented.SegmentedRaftLogWorker (SegmentedRaftLogWorker.java:startLogSegment(385)) - 158d2368-d5c4-46db-a1fd-e1a721205b7d@group-2F20156480EF-SegmentedRaftLogWorker: Starting segment from index:0
2019-11-14 13:21:31,690 [158d2368-d5c4-46db-a1fd-e1a721205b7d@group-2F20156480EF-LeaderElection31] INFO  impl.RaftServerImpl (ServerState.java:setRaftConf(356)) - 158d2368-d5c4-46db-a1fd-e1a721205b7d@group-2F20156480EF: set configuration 0: [158d2368-d5c4-46db-a1fd-e1a721205b7d:192.168.69.121:35099], old=null at 0
2019-11-14 13:21:31,691 [EventQueue-PipelineReportForPipelineReportHandler] INFO  pipeline.PipelineStateManager (PipelineStateManager.java:openPipeline(134)) - Pipeline Pipeline[ Id: cdd4245c-01f9-43e5-83f7-2f20156480ef, Nodes: 158d2368-d5c4-46db-a1fd-e1a721205b7d{ip: 192.168.69.121, host: pr-hdds-2468-gmfm6-3729483342, networkLocation: /default-rack, certSerialId: null}, Type:RATIS, Factor:ONE, State:OPEN] moved to OPEN state
2019-11-14 13:21:31,736 [158d2368-d5c4-46db-a1fd-e1a721205b7d@group-2F20156480EF-SegmentedRaftLogWorker] INFO  segmented.SegmentedRaftLogWorker (SegmentedRaftLogWorker.java:execute(576)) - 158d2368-d5c4-46db-a1fd-e1a721205b7d@group-2F20156480EF-SegmentedRaftLogWorker: created new log segment /workdir/hadoop-ozone/integration-test/target/test-dir/MiniOzoneClusterImpl-3e7318d1-e353-4b83-9c8a-b04a40b588dc/datanode-0/data/ratis/cdd4245c-01f9-43e5-83f7-2f20156480ef/current/log_inprogress_0
2019-11-14 13:21:31,808 [Thread-1217] INFO  impl.FollowerState (FollowerState.java:run(111)) - c5f0853d-db97-466f-95ef-4b66df91fd94@group-E2CEC09401E8-FollowerState: change to CANDIDATE, lastRpcTime:1071ms, electionTimeout:1071ms
2019-11-14 13:21:31,808 [Thread-1217] INFO  impl.RoleInfo (RoleInfo.java:shutdownFollowerState(121)) - c5f0853d-db97-466f-95ef-4b66df91fd94: shutdown FollowerState
2019-11-14 13:21:31,808 [Thread-1217] INFO  impl.RaftServerImpl (RaftServerImpl.java:setRole(173)) - c5f0853d-db97-466f-95ef-4b66df91fd94@group-E2CEC09401E8: changes role from  FOLLOWER to CANDIDATE at term 0 for changeToCandidate
2019-11-14 13:21:31,808 [Thread-1217] INFO  impl.RoleInfo (RoleInfo.java:updateAndGet(143)) - c5f0853d-db97-466f-95ef-4b66df91fd94: start LeaderElection
2019-11-14 13:21:31,810 [Thread-1214] INFO  impl.FollowerState (FollowerState.java:run(111)) - da377692-8490-46fb-a58a-cb2c66593f0b@group-0CDD0307DCD9-FollowerState: change to CANDIDATE, lastRpcTime:1157ms, electionTimeout:1156ms
2019-11-14 13:21:31,813 [Thread-1214] INFO  impl.RoleInfo (RoleInfo.java:shutdownFollowerState(121)) - da377692-8490-46fb-a58a-cb2c66593f0b: shutdown FollowerState
2019-11-14 13:21:31,813 [Thread-1214] INFO  impl.RaftServerImpl (RaftServerImpl.java:setRole(173)) - da377692-8490-46fb-a58a-cb2c66593f0b@group-0CDD0307DCD9: changes role from  FOLLOWER to CANDIDATE at term 0 for changeToCandidate
2019-11-14 13:21:31,813 [Thread-1214] INFO  impl.RoleInfo (RoleInfo.java:updateAndGet(143)) - da377692-8490-46fb-a58a-cb2c66593f0b: start LeaderElection
2019-11-14 13:21:31,839 [da377692-8490-46fb-a58a-cb2c66593f0b@group-0CDD0307DCD9-LeaderElection33] INFO  impl.LeaderElection (LeaderElection.java:askForVotes(178)) - da377692-8490-46fb-a58a-cb2c66593f0b@group-0CDD0307DCD9-LeaderElection33: begin an election at term 1 for -1: [da377692-8490-46fb-a58a-cb2c66593f0b:192.168.69.121:42566], old=null
2019-11-14 13:21:31,839 [c5f0853d-db97-466f-95ef-4b66df91fd94@group-E2CEC09401E8-LeaderElection32] INFO  impl.LeaderElection (LeaderElection.java:askForVotes(178)) - c5f0853d-db97-466f-95ef-4b66df91fd94@group-E2CEC09401E8-LeaderElection32: begin an election at term 1 for -1: [c5f0853d-db97-466f-95ef-4b66df91fd94:192.168.69.121:44160], old=null
2019-11-14 13:21:31,839 [da377692-8490-46fb-a58a-cb2c66593f0b@group-0CDD0307DCD9-LeaderElection33] INFO  impl.RoleInfo (RoleInfo.java:shutdownLeaderElection(134)) - da377692-8490-46fb-a58a-cb2c66593f0b: shutdown LeaderElection
2019-11-14 13:21:31,839 [c5f0853d-db97-466f-95ef-4b66df91fd94@group-E2CEC09401E8-LeaderElection32] INFO  impl.RoleInfo (RoleInfo.java:shutdownLeaderElection(134)) - c5f0853d-db97-466f-95ef-4b66df91fd94: shutdown LeaderElection
2019-11-14 13:21:31,839 [da377692-8490-46fb-a58a-cb2c66593f0b@group-0CDD0307DCD9-LeaderElection33] INFO  impl.RaftServerImpl (RaftServerImpl.java:setRole(173)) - da377692-8490-46fb-a58a-cb2c66593f0b@group-0CDD0307DCD9: changes role from CANDIDATE to LEADER at term 1 for changeToLeader
2019-11-14 13:21:31,839 [c5f0853d-db97-466f-95ef-4b66df91fd94@group-E2CEC09401E8-LeaderElection32] INFO  impl.RaftServerImpl (RaftServerImpl.java:setRole(173)) - c5f0853d-db97-466f-95ef-4b66df91fd94@group-E2CEC09401E8: changes role from CANDIDATE to LEADER at term 1 for changeToLeader
2019-11-14 13:21:31,839 [da377692-8490-46fb-a58a-cb2c66593f0b@group-0CDD0307DCD9-LeaderElection33] INFO  ratis.XceiverServerRatis (XceiverServerRatis.java:handleLeaderChangedNotification(697)) - Leader change notification received for group: group-0CDD0307DCD9 with new leaderId: da377692-8490-46fb-a58a-cb2c66593f0b
2019-11-14 13:21:31,839 [c5f0853d-db97-466f-95ef-4b66df91fd94@group-E2CEC09401E8-LeaderElection32] INFO  ratis.XceiverServerRatis (XceiverServerRatis.java:handleLeaderChangedNotification(697)) - Leader change notification received for group: group-E2CEC09401E8 with new leaderId: c5f0853d-db97-466f-95ef-4b66df91fd94
2019-11-14 13:21:31,840 [da377692-8490-46fb-a58a-cb2c66593f0b@group-0CDD0307DCD9-LeaderElection33] INFO  impl.RaftServerImpl (ServerState.java:setLeader(255)) - da377692-8490-46fb-a58a-cb2c66593f0b@group-0CDD0307DCD9: change Leader from null to da377692-8490-46fb-a58a-cb2c66593f0b at term 1 for becomeLeader, leader elected after 1191ms
2019-11-14 13:21:31,840 [c5f0853d-db97-466f-95ef-4b66df91fd94@group-E2CEC09401E8-LeaderElection32] INFO  impl.RaftServerImpl (ServerState.java:setLeader(255)) - c5f0853d-db97-466f-95ef-4b66df91fd94@group-E2CEC09401E8: change Leader from null to c5f0853d-db97-466f-95ef-4b66df91fd94 at term 1 for becomeLeader, leader elected after 1105ms
2019-11-14 13:21:31,840 [da377692-8490-46fb-a58a-cb2c66593f0b@group-0CDD0307DCD9-LeaderElection33] INFO  server.RaftServerConfigKeys (ConfUtils.java:logGet(43)) - raft.server.staging.catchup.gap = 1000 (default)
2019-11-14 13:21:31,840 [c5f0853d-db97-466f-95ef-4b66df91fd94@group-E2CEC09401E8-LeaderElection32] INFO  server.RaftServerConfigKeys (ConfUtils.java:logGet(43)) - raft.server.staging.catchup.gap = 1000 (default)
2019-11-14 13:21:31,841 [da377692-8490-46fb-a58a-cb2c66593f0b@group-0CDD0307DCD9-LeaderElection33] INFO  server.RaftServerConfigKeys (ConfUtils.java:logGet(43)) - raft.server.rpc.sleep.time = 25ms (default)
2019-11-14 13:21:31,841 [c5f0853d-db97-466f-95ef-4b66df91fd94@group-E2CEC09401E8-LeaderElection32] INFO  server.RaftServerConfigKeys (ConfUtils.java:logGet(43)) - raft.server.rpc.sleep.time = 25ms (default)
2019-11-14 13:21:31,841 [da377692-8490-46fb-a58a-cb2c66593f0b@group-0CDD0307DCD9-LeaderElection33] INFO  server.RaftServerConfigKeys (ConfUtils.java:logGet(43)) - raft.server.write.element-limit = 4096 (default)
2019-11-14 13:21:31,841 [c5f0853d-db97-466f-95ef-4b66df91fd94@group-E2CEC09401E8-LeaderElection32] INFO  server.RaftServerConfigKeys (ConfUtils.java:logGet(43)) - raft.server.write.element-limit = 4096 (default)
2019-11-14 13:21:31,841 [da377692-8490-46fb-a58a-cb2c66593f0b@group-0CDD0307DCD9-LeaderElection33] INFO  server.RaftServerConfigKeys (ConfUtils.java:logGet(43)) - raft.server.watch.timeout = 10s (default)
2019-11-14 13:21:31,841 [c5f0853d-db97-466f-95ef-4b66df91fd94@group-E2CEC09401E8-LeaderElection32] INFO  server.RaftServerConfigKeys (ConfUtils.java:logGet(43)) - raft.server.watch.timeout = 10s (default)
2019-11-14 13:21:31,841 [da377692-8490-46fb-a58a-cb2c66593f0b@group-0CDD0307DCD9-LeaderElection33] INFO  server.RaftServerConfigKeys (ConfUtils.java:logGet(43)) - raft.server.watch.timeout.denomination = 1s (default)
2019-11-14 13:21:31,842 [c5f0853d-db97-466f-95ef-4b66df91fd94@group-E2CEC09401E8-LeaderElection32] INFO  server.RaftServerConfigKeys (ConfUtils.java:logGet(43)) - raft.server.watch.timeout.denomination = 1s (default)
2019-11-14 13:21:31,842 [da377692-8490-46fb-a58a-cb2c66593f0b@group-0CDD0307DCD9-LeaderElection33] INFO  server.RaftServerConfigKeys (ConfUtils.java:logGet(43)) - raft.server.watch.element-limit = 65536 (default)
2019-11-14 13:21:31,842 [c5f0853d-db97-466f-95ef-4b66df91fd94@group-E2CEC09401E8-LeaderElection32] INFO  server.RaftServerConfigKeys (ConfUtils.java:logGet(43)) - raft.server.watch.element-limit = 65536 (default)
2019-11-14 13:21:31,842 [da377692-8490-46fb-a58a-cb2c66593f0b@group-0CDD0307DCD9-LeaderElection33] INFO  impl.RoleInfo (RoleInfo.java:updateAndGet(143)) - da377692-8490-46fb-a58a-cb2c66593f0b: start LeaderState
2019-11-14 13:21:31,842 [c5f0853d-db97-466f-95ef-4b66df91fd94@group-E2CEC09401E8-LeaderElection32] INFO  impl.RoleInfo (RoleInfo.java:updateAndGet(143)) - c5f0853d-db97-466f-95ef-4b66df91fd94: start LeaderState
2019-11-14 13:21:31,842 [EventQueue-PipelineReportForPipelineReportHandler] INFO  pipeline.PipelineStateManager (PipelineStateManager.java:openPipeline(134)) - Pipeline Pipeline[ Id: cb06a092-e809-4d27-8542-e2cec09401e8, Nodes: c5f0853d-db97-466f-95ef-4b66df91fd94{ip: 192.168.69.121, host: pr-hdds-2468-gmfm6-3729483342, networkLocation: /default-rack, certSerialId: null}, Type:RATIS, Factor:ONE, State:OPEN] moved to OPEN state
2019-11-14 13:21:31,842 [da377692-8490-46fb-a58a-cb2c66593f0b@group-0CDD0307DCD9-LeaderElection33] INFO  segmented.SegmentedRaftLogWorker (SegmentedRaftLogWorker.java:startLogSegment(385)) - da377692-8490-46fb-a58a-cb2c66593f0b@group-0CDD0307DCD9-SegmentedRaftLogWorker: Starting segment from index:0
2019-11-14 13:21:31,842 [c5f0853d-db97-466f-95ef-4b66df91fd94@group-E2CEC09401E8-LeaderElection32] INFO  segmented.SegmentedRaftLogWorker (SegmentedRaftLogWorker.java:startLogSegment(385)) - c5f0853d-db97-466f-95ef-4b66df91fd94@group-E2CEC09401E8-SegmentedRaftLogWorker: Starting segment from index:0
2019-11-14 13:21:31,842 [EventQueue-PipelineReportForPipelineReportHandler] INFO  pipeline.PipelineStateManager (PipelineStateManager.java:openPipeline(134)) - Pipeline Pipeline[ Id: 3462b590-3dae-4ff6-b872-0cdd0307dcd9, Nodes: da377692-8490-46fb-a58a-cb2c66593f0b{ip: 192.168.69.121, host: pr-hdds-2468-gmfm6-3729483342, networkLocation: /default-rack, certSerialId: null}, Type:RATIS, Factor:ONE, State:OPEN] moved to OPEN state
2019-11-14 13:21:31,843 [da377692-8490-46fb-a58a-cb2c66593f0b@group-0CDD0307DCD9-LeaderElection33] INFO  impl.RaftServerImpl (ServerState.java:setRaftConf(356)) - da377692-8490-46fb-a58a-cb2c66593f0b@group-0CDD0307DCD9: set configuration 0: [da377692-8490-46fb-a58a-cb2c66593f0b:192.168.69.121:42566], old=null at 0
2019-11-14 13:21:31,843 [c5f0853d-db97-466f-95ef-4b66df91fd94@group-E2CEC09401E8-LeaderElection32] INFO  impl.RaftServerImpl (ServerState.java:setRaftConf(356)) - c5f0853d-db97-466f-95ef-4b66df91fd94@group-E2CEC09401E8: set configuration 0: [c5f0853d-db97-466f-95ef-4b66df91fd94:192.168.69.121:44160], old=null at 0
2019-11-14 13:21:31,889 [da377692-8490-46fb-a58a-cb2c66593f0b@group-0CDD0307DCD9-SegmentedRaftLogWorker] INFO  segmented.SegmentedRaftLogWorker (SegmentedRaftLogWorker.java:execute(576)) - da377692-8490-46fb-a58a-cb2c66593f0b@group-0CDD0307DCD9-SegmentedRaftLogWorker: created new log segment /workdir/hadoop-ozone/integration-test/target/test-dir/MiniOzoneClusterImpl-3e7318d1-e353-4b83-9c8a-b04a40b588dc/datanode-1/data/ratis/3462b590-3dae-4ff6-b872-0cdd0307dcd9/current/log_inprogress_0
2019-11-14 13:21:31,904 [c5f0853d-db97-466f-95ef-4b66df91fd94@group-E2CEC09401E8-SegmentedRaftLogWorker] INFO  segmented.SegmentedRaftLogWorker (SegmentedRaftLogWorker.java:execute(576)) - c5f0853d-db97-466f-95ef-4b66df91fd94@group-E2CEC09401E8-SegmentedRaftLogWorker: created new log segment /workdir/hadoop-ozone/integration-test/target/test-dir/MiniOzoneClusterImpl-3e7318d1-e353-4b83-9c8a-b04a40b588dc/datanode-2/data/ratis/cb06a092-e809-4d27-8542-e2cec09401e8/current/log_inprogress_0
2019-11-14 13:21:31,945 [Thread-1225] INFO  impl.FollowerState (FollowerState.java:run(111)) - da377692-8490-46fb-a58a-cb2c66593f0b@group-602451FDC08A-FollowerState: change to CANDIDATE, lastRpcTime:1131ms, electionTimeout:1131ms
2019-11-14 13:21:31,945 [Thread-1225] INFO  impl.RoleInfo (RoleInfo.java:shutdownFollowerState(121)) - da377692-8490-46fb-a58a-cb2c66593f0b: shutdown FollowerState
2019-11-14 13:21:31,945 [Thread-1225] INFO  impl.RaftServerImpl (RaftServerImpl.java:setRole(173)) - da377692-8490-46fb-a58a-cb2c66593f0b@group-602451FDC08A: changes role from  FOLLOWER to CANDIDATE at term 0 for changeToCandidate
2019-11-14 13:21:31,945 [Thread-1225] INFO  impl.RoleInfo (RoleInfo.java:updateAndGet(143)) - da377692-8490-46fb-a58a-cb2c66593f0b: start LeaderElection
2019-11-14 13:21:31,949 [Thread-1224] INFO  impl.FollowerState (FollowerState.java:run(111)) - 158d2368-d5c4-46db-a1fd-e1a721205b7d@group-602451FDC08A-FollowerState: change to CANDIDATE, lastRpcTime:1135ms, electionTimeout:1135ms
2019-11-14 13:21:31,951 [Thread-1220] INFO  impl.FollowerState (FollowerState.java:run(111)) - c5f0853d-db97-466f-95ef-4b66df91fd94@group-602451FDC08A-FollowerState: change to CANDIDATE, lastRpcTime:1140ms, electionTimeout:1139ms
2019-11-14 13:21:31,954 [Thread-1224] INFO  impl.RoleInfo (RoleInfo.java:shutdownFollowerState(121)) - 158d2368-d5c4-46db-a1fd-e1a721205b7d: shutdown FollowerState
2019-11-14 13:21:31,954 [Thread-1220] INFO  impl.RoleInfo (RoleInfo.java:shutdownFollowerState(121)) - c5f0853d-db97-466f-95ef-4b66df91fd94: shutdown FollowerState
2019-11-14 13:21:31,954 [Thread-1224] INFO  impl.RaftServerImpl (RaftServerImpl.java:setRole(173)) - 158d2368-d5c4-46db-a1fd-e1a721205b7d@group-602451FDC08A: changes role from  FOLLOWER to CANDIDATE at term 0 for changeToCandidate
2019-11-14 13:21:31,954 [Thread-1220] INFO  impl.RaftServerImpl (RaftServerImpl.java:setRole(173)) - c5f0853d-db97-466f-95ef-4b66df91fd94@group-602451FDC08A: changes role from  FOLLOWER to CANDIDATE at term 0 for changeToCandidate
2019-11-14 13:21:31,954 [Thread-1224] INFO  impl.RoleInfo (RoleInfo.java:updateAndGet(143)) - 158d2368-d5c4-46db-a1fd-e1a721205b7d: start LeaderElection
2019-11-14 13:21:31,954 [Thread-1220] INFO  impl.RoleInfo (RoleInfo.java:updateAndGet(143)) - c5f0853d-db97-466f-95ef-4b66df91fd94: start LeaderElection
2019-11-14 13:21:31,981 [158d2368-d5c4-46db-a1fd-e1a721205b7d@group-602451FDC08A-LeaderElection35] INFO  impl.LeaderElection (LeaderElection.java:askForVotes(178)) - 158d2368-d5c4-46db-a1fd-e1a721205b7d@group-602451FDC08A-LeaderElection35: begin an election at term 1 for -1: [c5f0853d-db97-466f-95ef-4b66df91fd94:192.168.69.121:44160, da377692-8490-46fb-a58a-cb2c66593f0b:192.168.69.121:42566, 158d2368-d5c4-46db-a1fd-e1a721205b7d:192.168.69.121:35099], old=null
2019-11-14 13:21:31,981 [da377692-8490-46fb-a58a-cb2c66593f0b@group-602451FDC08A-LeaderElection34] INFO  impl.LeaderElection (LeaderElection.java:askForVotes(178)) - da377692-8490-46fb-a58a-cb2c66593f0b@group-602451FDC08A-LeaderElection34: begin an election at term 1 for -1: [c5f0853d-db97-466f-95ef-4b66df91fd94:192.168.69.121:44160, da377692-8490-46fb-a58a-cb2c66593f0b:192.168.69.121:42566, 158d2368-d5c4-46db-a1fd-e1a721205b7d:192.168.69.121:35099], old=null
2019-11-14 13:21:31,981 [c5f0853d-db97-466f-95ef-4b66df91fd94@group-602451FDC08A-LeaderElection36] INFO  impl.LeaderElection (LeaderElection.java:askForVotes(178)) - c5f0853d-db97-466f-95ef-4b66df91fd94@group-602451FDC08A-LeaderElection36: begin an election at term 1 for -1: [c5f0853d-db97-466f-95ef-4b66df91fd94:192.168.69.121:44160, da377692-8490-46fb-a58a-cb2c66593f0b:192.168.69.121:42566, 158d2368-d5c4-46db-a1fd-e1a721205b7d:192.168.69.121:35099], old=null
2019-11-14 13:21:31,990 [da377692-8490-46fb-a58a-cb2c66593f0b@group-602451FDC08A-LeaderElection34] INFO  impl.LeaderElection (LeaderElection.java:logAndReturn(56)) - da377692-8490-46fb-a58a-cb2c66593f0b@group-602451FDC08A-LeaderElection34: Election REJECTED; received 2 response(s) [da377692-8490-46fb-a58a-cb2c66593f0b<-c5f0853d-db97-466f-95ef-4b66df91fd94#0:FAIL-t1, da377692-8490-46fb-a58a-cb2c66593f0b<-158d2368-d5c4-46db-a1fd-e1a721205b7d#0:FAIL-t1] and 0 exception(s); da377692-8490-46fb-a58a-cb2c66593f0b@group-602451FDC08A:t1, leader=null, voted=da377692-8490-46fb-a58a-cb2c66593f0b, raftlog=da377692-8490-46fb-a58a-cb2c66593f0b@group-602451FDC08A-SegmentedRaftLog:OPENED:c-1,f-1,i0, conf=-1: [c5f0853d-db97-466f-95ef-4b66df91fd94:192.168.69.121:44160, da377692-8490-46fb-a58a-cb2c66593f0b:192.168.69.121:42566, 158d2368-d5c4-46db-a1fd-e1a721205b7d:192.168.69.121:35099], old=null
2019-11-14 13:21:31,990 [da377692-8490-46fb-a58a-cb2c66593f0b@group-602451FDC08A-LeaderElection34] INFO  impl.RaftServerImpl (RaftServerImpl.java:setRole(173)) - da377692-8490-46fb-a58a-cb2c66593f0b@group-602451FDC08A: changes role from CANDIDATE to FOLLOWER at term 1 for DISCOVERED_A_NEW_TERM
2019-11-14 13:21:31,990 [158d2368-d5c4-46db-a1fd-e1a721205b7d@group-602451FDC08A-LeaderElection35] INFO  impl.LeaderElection (LeaderElection.java:logAndReturn(56)) - 158d2368-d5c4-46db-a1fd-e1a721205b7d@group-602451FDC08A-LeaderElection35: Election REJECTED; received 2 response(s) [158d2368-d5c4-46db-a1fd-e1a721205b7d<-c5f0853d-db97-466f-95ef-4b66df91fd94#0:FAIL-t1, 158d2368-d5c4-46db-a1fd-e1a721205b7d<-da377692-8490-46fb-a58a-cb2c66593f0b#0:FAIL-t1] and 0 exception(s); 158d2368-d5c4-46db-a1fd-e1a721205b7d@group-602451FDC08A:t1, leader=null, voted=158d2368-d5c4-46db-a1fd-e1a721205b7d, raftlog=158d2368-d5c4-46db-a1fd-e1a721205b7d@group-602451FDC08A-SegmentedRaftLog:OPENED:c-1,f-1,i0, conf=-1: [c5f0853d-db97-466f-95ef-4b66df91fd94:192.168.69.121:44160, da377692-8490-46fb-a58a-cb2c66593f0b:192.168.69.121:42566, 158d2368-d5c4-46db-a1fd-e1a721205b7d:192.168.69.121:35099], old=null
2019-11-14 13:21:31,990 [da377692-8490-46fb-a58a-cb2c66593f0b@group-602451FDC08A-LeaderElection34] INFO  impl.RoleInfo (RoleInfo.java:shutdownLeaderElection(134)) - da377692-8490-46fb-a58a-cb2c66593f0b: shutdown LeaderElection
2019-11-14 13:21:31,992 [158d2368-d5c4-46db-a1fd-e1a721205b7d@group-602451FDC08A-LeaderElection35] INFO  impl.RaftServerImpl (RaftServerImpl.java:setRole(173)) - 158d2368-d5c4-46db-a1fd-e1a721205b7d@group-602451FDC08A: changes role from CANDIDATE to FOLLOWER at term 1 for DISCOVERED_A_NEW_TERM
2019-11-14 13:21:31,993 [da377692-8490-46fb-a58a-cb2c66593f0b@group-602451FDC08A-LeaderElection34] INFO  impl.RoleInfo (RoleInfo.java:updateAndGet(143)) - da377692-8490-46fb-a58a-cb2c66593f0b: start FollowerState
2019-11-14 13:21:31,992 [c5f0853d-db97-466f-95ef-4b66df91fd94@group-602451FDC08A-LeaderElection36] INFO  impl.LeaderElection (LeaderElection.java:logAndReturn(56)) - c5f0853d-db97-466f-95ef-4b66df91fd94@group-602451FDC08A-LeaderElection36: Election REJECTED; received 2 response(s) [c5f0853d-db97-466f-95ef-4b66df91fd94<-da377692-8490-46fb-a58a-cb2c66593f0b#0:FAIL-t1, c5f0853d-db97-466f-95ef-4b66df91fd94<-158d2368-d5c4-46db-a1fd-e1a721205b7d#0:FAIL-t1] and 0 exception(s); c5f0853d-db97-466f-95ef-4b66df91fd94@group-602451FDC08A:t1, leader=null, voted=c5f0853d-db97-466f-95ef-4b66df91fd94, raftlog=c5f0853d-db97-466f-95ef-4b66df91fd94@group-602451FDC08A-SegmentedRaftLog:OPENED:c-1,f-1,i0, conf=-1: [c5f0853d-db97-466f-95ef-4b66df91fd94:192.168.69.121:44160, da377692-8490-46fb-a58a-cb2c66593f0b:192.168.69.121:42566, 158d2368-d5c4-46db-a1fd-e1a721205b7d:192.168.69.121:35099], old=null
2019-11-14 13:21:31,993 [158d2368-d5c4-46db-a1fd-e1a721205b7d@group-602451FDC08A-LeaderElection35] INFO  impl.RoleInfo (RoleInfo.java:shutdownLeaderElection(134)) - 158d2368-d5c4-46db-a1fd-e1a721205b7d: shutdown LeaderElection
2019-11-14 13:21:31,993 [c5f0853d-db97-466f-95ef-4b66df91fd94@group-602451FDC08A-LeaderElection36] INFO  impl.RaftServerImpl (RaftServerImpl.java:setRole(173)) - c5f0853d-db97-466f-95ef-4b66df91fd94@group-602451FDC08A: changes role from CANDIDATE to FOLLOWER at term 1 for DISCOVERED_A_NEW_TERM
2019-11-14 13:21:31,994 [158d2368-d5c4-46db-a1fd-e1a721205b7d@group-602451FDC08A-LeaderElection35] INFO  impl.RoleInfo (RoleInfo.java:updateAndGet(143)) - 158d2368-d5c4-46db-a1fd-e1a721205b7d: start FollowerState
2019-11-14 13:21:31,994 [c5f0853d-db97-466f-95ef-4b66df91fd94@group-602451FDC08A-LeaderElection36] INFO  impl.RoleInfo (RoleInfo.java:shutdownLeaderElection(134)) - c5f0853d-db97-466f-95ef-4b66df91fd94: shutdown LeaderElection
2019-11-14 13:21:31,994 [c5f0853d-db97-466f-95ef-4b66df91fd94@group-602451FDC08A-LeaderElection36] INFO  impl.RoleInfo (RoleInfo.java:updateAndGet(143)) - c5f0853d-db97-466f-95ef-4b66df91fd94: start FollowerState
2019-11-14 13:21:32,089 [Thread-1232] INFO  impl.FollowerState (FollowerState.java:run(111)) - db5776da-04cc-407e-81f3-5cb046cdfc6e@group-B5A5D9F5332E-FollowerState: change to CANDIDATE, lastRpcTime:1087ms, electionTimeout:1087ms
2019-11-14 13:21:32,089 [Thread-1232] INFO  impl.RoleInfo (RoleInfo.java:shutdownFollowerState(121)) - db5776da-04cc-407e-81f3-5cb046cdfc6e: shutdown FollowerState
2019-11-14 13:21:32,089 [Thread-1232] INFO  impl.RaftServerImpl (RaftServerImpl.java:setRole(173)) - db5776da-04cc-407e-81f3-5cb046cdfc6e@group-B5A5D9F5332E: changes role from  FOLLOWER to CANDIDATE at term 0 for changeToCandidate
2019-11-14 13:21:32,089 [Thread-1232] INFO  impl.RoleInfo (RoleInfo.java:updateAndGet(143)) - db5776da-04cc-407e-81f3-5cb046cdfc6e: start LeaderElection
2019-11-14 13:21:32,093 [Thread-1229] INFO  impl.FollowerState (FollowerState.java:run(111)) - 7f745053-e99a-4882-8da4-f9f49fd4314d@group-903D3497F8E8-FollowerState: change to CANDIDATE, lastRpcTime:1160ms, electionTimeout:1160ms
2019-11-14 13:21:32,095 [Thread-1229] INFO  impl.RoleInfo (RoleInfo.java:shutdownFollowerState(121)) - 7f745053-e99a-4882-8da4-f9f49fd4314d: shutdown FollowerState
2019-11-14 13:21:32,095 [Thread-1229] INFO  impl.RaftServerImpl (RaftServerImpl.java:setRole(173)) - 7f745053-e99a-4882-8da4-f9f49fd4314d@group-903D3497F8E8: changes role from  FOLLOWER to CANDIDATE at term 0 for changeToCandidate
2019-11-14 13:21:32,095 [Thread-1229] INFO  impl.RoleInfo (RoleInfo.java:updateAndGet(143)) - 7f745053-e99a-4882-8da4-f9f49fd4314d: start LeaderElection
2019-11-14 13:21:32,122 [db5776da-04cc-407e-81f3-5cb046cdfc6e@group-B5A5D9F5332E-LeaderElection37] INFO  impl.LeaderElection (LeaderElection.java:askForVotes(178)) - db5776da-04cc-407e-81f3-5cb046cdfc6e@group-B5A5D9F5332E-LeaderElection37: begin an election at term 1 for -1: [db5776da-04cc-407e-81f3-5cb046cdfc6e:192.168.69.121:40096], old=null
2019-11-14 13:21:32,122 [7f745053-e99a-4882-8da4-f9f49fd4314d@group-903D3497F8E8-LeaderElection38] INFO  impl.LeaderElection (LeaderElection.java:askForVotes(178)) - 7f745053-e99a-4882-8da4-f9f49fd4314d@group-903D3497F8E8-LeaderElection38: begin an election at term 1 for -1: [7f745053-e99a-4882-8da4-f9f49fd4314d:192.168.69.121:41985], old=null
2019-11-14 13:21:32,123 [db5776da-04cc-407e-81f3-5cb046cdfc6e@group-B5A5D9F5332E-LeaderElection37] INFO  impl.RoleInfo (RoleInfo.java:shutdownLeaderElection(134)) - db5776da-04cc-407e-81f3-5cb046cdfc6e: shutdown LeaderElection
2019-11-14 13:21:32,123 [7f745053-e99a-4882-8da4-f9f49fd4314d@group-903D3497F8E8-LeaderElection38] INFO  impl.RoleInfo (RoleInfo.java:shutdownLeaderElection(134)) - 7f745053-e99a-4882-8da4-f9f49fd4314d: shutdown LeaderElection
2019-11-14 13:21:32,123 [db5776da-04cc-407e-81f3-5cb046cdfc6e@group-B5A5D9F5332E-LeaderElection37] INFO  impl.RaftServerImpl (RaftServerImpl.java:setRole(173)) - db5776da-04cc-407e-81f3-5cb046cdfc6e@group-B5A5D9F5332E: changes role from CANDIDATE to LEADER at term 1 for changeToLeader
2019-11-14 13:21:32,123 [7f745053-e99a-4882-8da4-f9f49fd4314d@group-903D3497F8E8-LeaderElection38] INFO  impl.RaftServerImpl (RaftServerImpl.java:setRole(173)) - 7f745053-e99a-4882-8da4-f9f49fd4314d@group-903D3497F8E8: changes role from CANDIDATE to LEADER at term 1 for changeToLeader
2019-11-14 13:21:32,123 [db5776da-04cc-407e-81f3-5cb046cdfc6e@group-B5A5D9F5332E-LeaderElection37] INFO  ratis.XceiverServerRatis (XceiverServerRatis.java:handleLeaderChangedNotification(697)) - Leader change notification received for group: group-B5A5D9F5332E with new leaderId: db5776da-04cc-407e-81f3-5cb046cdfc6e
2019-11-14 13:21:32,123 [7f745053-e99a-4882-8da4-f9f49fd4314d@group-903D3497F8E8-LeaderElection38] INFO  ratis.XceiverServerRatis (XceiverServerRatis.java:handleLeaderChangedNotification(697)) - Leader change notification received for group: group-903D3497F8E8 with new leaderId: 7f745053-e99a-4882-8da4-f9f49fd4314d
2019-11-14 13:21:32,123 [db5776da-04cc-407e-81f3-5cb046cdfc6e@group-B5A5D9F5332E-LeaderElection37] INFO  impl.RaftServerImpl (ServerState.java:setLeader(255)) - db5776da-04cc-407e-81f3-5cb046cdfc6e@group-B5A5D9F5332E: change Leader from null to db5776da-04cc-407e-81f3-5cb046cdfc6e at term 1 for becomeLeader, leader elected after 1126ms
2019-11-14 13:21:32,123 [7f745053-e99a-4882-8da4-f9f49fd4314d@group-903D3497F8E8-LeaderElection38] INFO  impl.RaftServerImpl (ServerState.java:setLeader(255)) - 7f745053-e99a-4882-8da4-f9f49fd4314d@group-903D3497F8E8: change Leader from null to 7f745053-e99a-4882-8da4-f9f49fd4314d at term 1 for becomeLeader, leader elected after 1193ms
2019-11-14 13:21:32,123 [db5776da-04cc-407e-81f3-5cb046cdfc6e@group-B5A5D9F5332E-LeaderElection37] INFO  server.RaftServerConfigKeys (ConfUtils.java:logGet(43)) - raft.server.staging.catchup.gap = 1000 (default)
2019-11-14 13:21:32,124 [7f745053-e99a-4882-8da4-f9f49fd4314d@group-903D3497F8E8-LeaderElection38] INFO  server.RaftServerConfigKeys (ConfUtils.java:logGet(43)) - raft.server.staging.catchup.gap = 1000 (default)
2019-11-14 13:21:32,125 [db5776da-04cc-407e-81f3-5cb046cdfc6e@group-B5A5D9F5332E-LeaderElection37] INFO  server.RaftServerConfigKeys (ConfUtils.java:logGet(43)) - raft.server.rpc.sleep.time = 25ms (default)
2019-11-14 13:21:32,127 [7f745053-e99a-4882-8da4-f9f49fd4314d@group-903D3497F8E8-LeaderElection38] INFO  server.RaftServerConfigKeys (ConfUtils.java:logGet(43)) - raft.server.rpc.sleep.time = 25ms (default)
2019-11-14 13:21:32,127 [db5776da-04cc-407e-81f3-5cb046cdfc6e@group-B5A5D9F5332E-LeaderElection37] INFO  server.RaftServerConfigKeys (ConfUtils.java:logGet(43)) - raft.server.write.element-limit = 4096 (default)
2019-11-14 13:21:32,127 [7f745053-e99a-4882-8da4-f9f49fd4314d@group-903D3497F8E8-LeaderElection38] INFO  server.RaftServerConfigKeys (ConfUtils.java:logGet(43)) - raft.server.write.element-limit = 4096 (default)
2019-11-14 13:21:32,127 [db5776da-04cc-407e-81f3-5cb046cdfc6e@group-B5A5D9F5332E-LeaderElection37] INFO  server.RaftServerConfigKeys (ConfUtils.java:logGet(43)) - raft.server.watch.timeout = 10s (default)
2019-11-14 13:21:32,127 [7f745053-e99a-4882-8da4-f9f49fd4314d@group-903D3497F8E8-LeaderElection38] INFO  server.RaftServerConfigKeys (ConfUtils.java:logGet(43)) - raft.server.watch.timeout = 10s (default)
2019-11-14 13:21:32,127 [db5776da-04cc-407e-81f3-5cb046cdfc6e@group-B5A5D9F5332E-LeaderElection37] INFO  server.RaftServerConfigKeys (ConfUtils.java:logGet(43)) - raft.server.watch.timeout.denomination = 1s (default)
2019-11-14 13:21:32,127 [7f745053-e99a-4882-8da4-f9f49fd4314d@group-903D3497F8E8-LeaderElection38] INFO  server.RaftServerConfigKeys (ConfUtils.java:logGet(43)) - raft.server.watch.timeout.denomination = 1s (default)
2019-11-14 13:21:32,128 [db5776da-04cc-407e-81f3-5cb046cdfc6e@group-B5A5D9F5332E-LeaderElection37] INFO  server.RaftServerConfigKeys (ConfUtils.java:logGet(43)) - raft.server.watch.element-limit = 65536 (default)
2019-11-14 13:21:32,128 [7f745053-e99a-4882-8da4-f9f49fd4314d@group-903D3497F8E8-LeaderElection38] INFO  server.RaftServerConfigKeys (ConfUtils.java:logGet(43)) - raft.server.watch.element-limit = 65536 (default)
2019-11-14 13:21:32,128 [EventQueue-PipelineReportForPipelineReportHandler] INFO  pipeline.PipelineStateManager (PipelineStateManager.java:openPipeline(134)) - Pipeline Pipeline[ Id: 4b4d78e1-31db-4865-acf6-b5a5d9f5332e, Nodes: db5776da-04cc-407e-81f3-5cb046cdfc6e{ip: 192.168.69.121, host: pr-hdds-2468-gmfm6-3729483342, networkLocation: /default-rack, certSerialId: null}, Type:RATIS, Factor:ONE, State:OPEN] moved to OPEN state
2019-11-14 13:21:32,128 [7f745053-e99a-4882-8da4-f9f49fd4314d@group-903D3497F8E8-LeaderElection38] INFO  impl.RoleInfo (RoleInfo.java:updateAndGet(143)) - 7f745053-e99a-4882-8da4-f9f49fd4314d: start LeaderState
2019-11-14 13:21:32,128 [db5776da-04cc-407e-81f3-5cb046cdfc6e@group-B5A5D9F5332E-LeaderElection37] INFO  impl.RoleInfo (RoleInfo.java:updateAndGet(143)) - db5776da-04cc-407e-81f3-5cb046cdfc6e: start LeaderState
2019-11-14 13:21:32,128 [EventQueue-PipelineReportForPipelineReportHandler] INFO  pipeline.PipelineStateManager (PipelineStateManager.java:openPipeline(134)) - Pipeline Pipeline[ Id: 4136eb0d-92a1-4a7c-8154-903d3497f8e8, Nodes: 7f745053-e99a-4882-8da4-f9f49fd4314d{ip: 192.168.69.121, host: pr-hdds-2468-gmfm6-3729483342, networkLocation: /default-rack, certSerialId: null}, Type:RATIS, Factor:ONE, State:OPEN] moved to OPEN state
2019-11-14 13:21:32,128 [7f745053-e99a-4882-8da4-f9f49fd4314d@group-903D3497F8E8-LeaderElection38] INFO  segmented.SegmentedRaftLogWorker (SegmentedRaftLogWorker.java:startLogSegment(385)) - 7f745053-e99a-4882-8da4-f9f49fd4314d@group-903D3497F8E8-SegmentedRaftLogWorker: Starting segment from index:0
2019-11-14 13:21:32,128 [db5776da-04cc-407e-81f3-5cb046cdfc6e@group-B5A5D9F5332E-LeaderElection37] INFO  segmented.SegmentedRaftLogWorker (SegmentedRaftLogWorker.java:startLogSegment(385)) - db5776da-04cc-407e-81f3-5cb046cdfc6e@group-B5A5D9F5332E-SegmentedRaftLogWorker: Starting segment from index:0
2019-11-14 13:21:32,129 [7f745053-e99a-4882-8da4-f9f49fd4314d@group-903D3497F8E8-LeaderElection38] INFO  impl.RaftServerImpl (ServerState.java:setRaftConf(356)) - 7f745053-e99a-4882-8da4-f9f49fd4314d@group-903D3497F8E8: set configuration 0: [7f745053-e99a-4882-8da4-f9f49fd4314d:192.168.69.121:41985], old=null at 0
2019-11-14 13:21:32,129 [db5776da-04cc-407e-81f3-5cb046cdfc6e@group-B5A5D9F5332E-LeaderElection37] INFO  impl.RaftServerImpl (ServerState.java:setRaftConf(356)) - db5776da-04cc-407e-81f3-5cb046cdfc6e@group-B5A5D9F5332E: set configuration 0: [db5776da-04cc-407e-81f3-5cb046cdfc6e:192.168.69.121:40096], old=null at 0
2019-11-14 13:21:32,164 [main] INFO  ozone.MiniOzoneClusterImpl (MiniOzoneClusterImpl.java:lambda$waitForClusterToBeReady$2(163)) - Waiting for 3 number of pipelines out of 8, to report a leader.
2019-11-14 13:21:32,194 [Thread-1243] INFO  impl.FollowerState (FollowerState.java:run(111)) - 7f745053-e99a-4882-8da4-f9f49fd4314d@group-4893C6D269DB-FollowerState: change to CANDIDATE, lastRpcTime:1034ms, electionTimeout:1034ms
2019-11-14 13:21:32,194 [Thread-1243] INFO  impl.RoleInfo (RoleInfo.java:shutdownFollowerState(121)) - 7f745053-e99a-4882-8da4-f9f49fd4314d: shutdown FollowerState
2019-11-14 13:21:32,194 [Thread-1243] INFO  impl.RaftServerImpl (RaftServerImpl.java:setRole(173)) - 7f745053-e99a-4882-8da4-f9f49fd4314d@group-4893C6D269DB: changes role from  FOLLOWER to CANDIDATE at term 0 for changeToCandidate
2019-11-14 13:21:32,195 [Thread-1243] INFO  impl.RoleInfo (RoleInfo.java:updateAndGet(143)) - 7f745053-e99a-4882-8da4-f9f49fd4314d: start LeaderElection
2019-11-14 13:21:32,203 [db5776da-04cc-407e-81f3-5cb046cdfc6e@group-B5A5D9F5332E-SegmentedRaftLogWorker] INFO  segmented.SegmentedRaftLogWorker (SegmentedRaftLogWorker.java:execute(576)) - db5776da-04cc-407e-81f3-5cb046cdfc6e@group-B5A5D9F5332E-SegmentedRaftLogWorker: created new log segment /workdir/hadoop-ozone/integration-test/target/test-dir/MiniOzoneClusterImpl-3e7318d1-e353-4b83-9c8a-b04a40b588dc/datanode-4/data/ratis/4b4d78e1-31db-4865-acf6-b5a5d9f5332e/current/log_inprogress_0
2019-11-14 13:21:32,203 [7f745053-e99a-4882-8da4-f9f49fd4314d@group-903D3497F8E8-SegmentedRaftLogWorker] INFO  segmented.SegmentedRaftLogWorker (SegmentedRaftLogWorker.java:execute(576)) - 7f745053-e99a-4882-8da4-f9f49fd4314d@group-903D3497F8E8-SegmentedRaftLogWorker: created new log segment /workdir/hadoop-ozone/integration-test/target/test-dir/MiniOzoneClusterImpl-3e7318d1-e353-4b83-9c8a-b04a40b588dc/datanode-3/data/ratis/4136eb0d-92a1-4a7c-8154-903d3497f8e8/current/log_inprogress_0
2019-11-14 13:21:32,205 [Thread-1235] INFO  impl.FollowerState (FollowerState.java:run(111)) - 5254e235-0009-400e-8b7c-46acf791df30@group-79BF1AF65B24-FollowerState: change to CANDIDATE, lastRpcTime:1126ms, electionTimeout:1126ms
2019-11-14 13:21:32,205 [Thread-1235] INFO  impl.RoleInfo (RoleInfo.java:shutdownFollowerState(121)) - 5254e235-0009-400e-8b7c-46acf791df30: shutdown FollowerState
2019-11-14 13:21:32,205 [Thread-1235] INFO  impl.RaftServerImpl (RaftServerImpl.java:setRole(173)) - 5254e235-0009-400e-8b7c-46acf791df30@group-79BF1AF65B24: changes role from  FOLLOWER to CANDIDATE at term 0 for changeToCandidate
2019-11-14 13:21:32,205 [Thread-1235] INFO  impl.RoleInfo (RoleInfo.java:updateAndGet(143)) - 5254e235-0009-400e-8b7c-46acf791df30: start LeaderElection
2019-11-14 13:21:32,228 [5254e235-0009-400e-8b7c-46acf791df30@group-79BF1AF65B24-LeaderElection40] INFO  impl.LeaderElection (LeaderElection.java:askForVotes(178)) - 5254e235-0009-400e-8b7c-46acf791df30@group-79BF1AF65B24-LeaderElection40: begin an election at term 1 for -1: [5254e235-0009-400e-8b7c-46acf791df30:192.168.69.121:44317], old=null
2019-11-14 13:21:32,228 [7f745053-e99a-4882-8da4-f9f49fd4314d@group-4893C6D269DB-LeaderElection39] INFO  impl.LeaderElection (LeaderElection.java:askForVotes(178)) - 7f745053-e99a-4882-8da4-f9f49fd4314d@group-4893C6D269DB-LeaderElection39: begin an election at term 1 for -1: [7f745053-e99a-4882-8da4-f9f49fd4314d:192.168.69.121:41985, 5254e235-0009-400e-8b7c-46acf791df30:192.168.69.121:44317, db5776da-04cc-407e-81f3-5cb046cdfc6e:192.168.69.121:40096], old=null
2019-11-14 13:21:32,228 [5254e235-0009-400e-8b7c-46acf791df30@group-79BF1AF65B24-LeaderElection40] INFO  impl.RoleInfo (RoleInfo.java:shutdownLeaderElection(134)) - 5254e235-0009-400e-8b7c-46acf791df30: shutdown LeaderElection
2019-11-14 13:21:32,228 [5254e235-0009-400e-8b7c-46acf791df30@group-79BF1AF65B24-LeaderElection40] INFO  impl.RaftServerImpl (RaftServerImpl.java:setRole(173)) - 5254e235-0009-400e-8b7c-46acf791df30@group-79BF1AF65B24: changes role from CANDIDATE to LEADER at term 1 for changeToLeader
2019-11-14 13:21:32,229 [5254e235-0009-400e-8b7c-46acf791df30@group-79BF1AF65B24-LeaderElection40] INFO  ratis.XceiverServerRatis (XceiverServerRatis.java:handleLeaderChangedNotification(697)) - Leader change notification received for group: group-79BF1AF65B24 with new leaderId: 5254e235-0009-400e-8b7c-46acf791df30
2019-11-14 13:21:32,229 [5254e235-0009-400e-8b7c-46acf791df30@group-79BF1AF65B24-LeaderElection40] INFO  impl.RaftServerImpl (ServerState.java:setLeader(255)) - 5254e235-0009-400e-8b7c-46acf791df30@group-79BF1AF65B24: change Leader from null to 5254e235-0009-400e-8b7c-46acf791df30 at term 1 for becomeLeader, leader elected after 1156ms
2019-11-14 13:21:32,229 [5254e235-0009-400e-8b7c-46acf791df30@group-79BF1AF65B24-LeaderElection40] INFO  server.RaftServerConfigKeys (ConfUtils.java:logGet(43)) - raft.server.staging.catchup.gap = 1000 (default)
2019-11-14 13:21:32,230 [5254e235-0009-400e-8b7c-46acf791df30@group-79BF1AF65B24-LeaderElection40] INFO  server.RaftServerConfigKeys (ConfUtils.java:logGet(43)) - raft.server.rpc.sleep.time = 25ms (default)
2019-11-14 13:21:32,231 [5254e235-0009-400e-8b7c-46acf791df30@group-79BF1AF65B24-LeaderElection40] INFO  server.RaftServerConfigKeys (ConfUtils.java:logGet(43)) - raft.server.write.element-limit = 4096 (default)
2019-11-14 13:21:32,231 [5254e235-0009-400e-8b7c-46acf791df30@group-79BF1AF65B24-LeaderElection40] INFO  server.RaftServerConfigKeys (ConfUtils.java:logGet(43)) - raft.server.watch.timeout = 10s (default)
2019-11-14 13:21:32,231 [5254e235-0009-400e-8b7c-46acf791df30@group-79BF1AF65B24-LeaderElection40] INFO  server.RaftServerConfigKeys (ConfUtils.java:logGet(43)) - raft.server.watch.timeout.denomination = 1s (default)
2019-11-14 13:21:32,231 [5254e235-0009-400e-8b7c-46acf791df30@group-79BF1AF65B24-LeaderElection40] INFO  server.RaftServerConfigKeys (ConfUtils.java:logGet(43)) - raft.server.watch.element-limit = 65536 (default)
2019-11-14 13:21:32,232 [5254e235-0009-400e-8b7c-46acf791df30@group-79BF1AF65B24-LeaderElection40] INFO  impl.RoleInfo (RoleInfo.java:updateAndGet(143)) - 5254e235-0009-400e-8b7c-46acf791df30: start LeaderState
2019-11-14 13:21:32,232 [EventQueue-PipelineReportForPipelineReportHandler] INFO  pipeline.PipelineStateManager (PipelineStateManager.java:openPipeline(134)) - Pipeline Pipeline[ Id: 25a5f3f7-f95d-4daf-ab6c-79bf1af65b24, Nodes: 5254e235-0009-400e-8b7c-46acf791df30{ip: 192.168.69.121, host: pr-hdds-2468-gmfm6-3729483342, networkLocation: /default-rack, certSerialId: null}, Type:RATIS, Factor:ONE, State:OPEN] moved to OPEN state
2019-11-14 13:21:32,233 [5254e235-0009-400e-8b7c-46acf791df30@group-79BF1AF65B24-LeaderElection40] INFO  segmented.SegmentedRaftLogWorker (SegmentedRaftLogWorker.java:startLogSegment(385)) - 5254e235-0009-400e-8b7c-46acf791df30@group-79BF1AF65B24-SegmentedRaftLogWorker: Starting segment from index:0
2019-11-14 13:21:32,234 [5254e235-0009-400e-8b7c-46acf791df30@group-79BF1AF65B24-LeaderElection40] INFO  impl.RaftServerImpl (ServerState.java:setRaftConf(356)) - 5254e235-0009-400e-8b7c-46acf791df30@group-79BF1AF65B24: set configuration 0: [5254e235-0009-400e-8b7c-46acf791df30:192.168.69.121:44317], old=null at 0
2019-11-14 13:21:32,269 [grpc-default-executor-5] INFO  impl.RaftServerImpl (RaftServerImpl.java:setRole(173)) - 5254e235-0009-400e-8b7c-46acf791df30@group-4893C6D269DB: changes role from  FOLLOWER to FOLLOWER at term 1 for recognizeCandidate:7f745053-e99a-4882-8da4-f9f49fd4314d
2019-11-14 13:21:32,269 [grpc-default-executor-1] INFO  impl.RaftServerImpl (RaftServerImpl.java:setRole(173)) - db5776da-04cc-407e-81f3-5cb046cdfc6e@group-4893C6D269DB: changes role from  FOLLOWER to FOLLOWER at term 1 for recognizeCandidate:7f745053-e99a-4882-8da4-f9f49fd4314d
2019-11-14 13:21:32,270 [grpc-default-executor-5] INFO  impl.RoleInfo (RoleInfo.java:shutdownFollowerState(121)) - 5254e235-0009-400e-8b7c-46acf791df30: shutdown FollowerState
2019-11-14 13:21:32,270 [grpc-default-executor-1] INFO  impl.RoleInfo (RoleInfo.java:shutdownFollowerState(121)) - db5776da-04cc-407e-81f3-5cb046cdfc6e: shutdown FollowerState
2019-11-14 13:21:32,271 [Thread-1241] INFO  impl.FollowerState (FollowerState.java:run(120)) - 5254e235-0009-400e-8b7c-46acf791df30@group-4893C6D269DB-FollowerState was interrupted: java.lang.InterruptedException: sleep interrupted
2019-11-14 13:21:32,271 [grpc-default-executor-1] INFO  impl.RoleInfo (RoleInfo.java:updateAndGet(143)) - db5776da-04cc-407e-81f3-5cb046cdfc6e: start FollowerState
2019-11-14 13:21:32,271 [grpc-default-executor-5] INFO  impl.RoleInfo (RoleInfo.java:updateAndGet(143)) - 5254e235-0009-400e-8b7c-46acf791df30: start FollowerState
2019-11-14 13:21:32,295 [5254e235-0009-400e-8b7c-46acf791df30@group-79BF1AF65B24-SegmentedRaftLogWorker] INFO  segmented.SegmentedRaftLogWorker (SegmentedRaftLogWorker.java:execute(576)) - 5254e235-0009-400e-8b7c-46acf791df30@group-79BF1AF65B24-SegmentedRaftLogWorker: created new log segment /workdir/hadoop-ozone/integration-test/target/test-dir/MiniOzoneClusterImpl-3e7318d1-e353-4b83-9c8a-b04a40b588dc/datanode-5/data/ratis/25a5f3f7-f95d-4daf-ab6c-79bf1af65b24/current/log_inprogress_0
2019-11-14 13:21:32,298 [7f745053-e99a-4882-8da4-f9f49fd4314d@group-4893C6D269DB-LeaderElection39] INFO  impl.LeaderElection (LeaderElection.java:logAndReturn(56)) - 7f745053-e99a-4882-8da4-f9f49fd4314d@group-4893C6D269DB-LeaderElection39: Election PASSED; received 1 response(s) [7f745053-e99a-4882-8da4-f9f49fd4314d<-db5776da-04cc-407e-81f3-5cb046cdfc6e#0:OK-t1] and 0 exception(s); 7f745053-e99a-4882-8da4-f9f49fd4314d@group-4893C6D269DB:t1, leader=null, voted=7f745053-e99a-4882-8da4-f9f49fd4314d, raftlog=7f745053-e99a-4882-8da4-f9f49fd4314d@group-4893C6D269DB-SegmentedRaftLog:OPENED:c-1,f-1,i0, conf=-1: [7f745053-e99a-4882-8da4-f9f49fd4314d:192.168.69.121:41985, 5254e235-0009-400e-8b7c-46acf791df30:192.168.69.121:44317, db5776da-04cc-407e-81f3-5cb046cdfc6e:192.168.69.121:40096], old=null
2019-11-14 13:21:32,298 [7f745053-e99a-4882-8da4-f9f49fd4314d@group-4893C6D269DB-LeaderElection39] INFO  impl.RoleInfo (RoleInfo.java:shutdownLeaderElection(134)) - 7f745053-e99a-4882-8da4-f9f49fd4314d: shutdown LeaderElection
2019-11-14 13:21:32,298 [7f745053-e99a-4882-8da4-f9f49fd4314d@group-4893C6D269DB-LeaderElection39] INFO  impl.RaftServerImpl (RaftServerImpl.java:setRole(173)) - 7f745053-e99a-4882-8da4-f9f49fd4314d@group-4893C6D269DB: changes role from CANDIDATE to LEADER at term 1 for changeToLeader
2019-11-14 13:21:32,298 [7f745053-e99a-4882-8da4-f9f49fd4314d@group-4893C6D269DB-LeaderElection39] INFO  ratis.XceiverServerRatis (XceiverServerRatis.java:handleLeaderChangedNotification(697)) - Leader change notification received for group: group-4893C6D269DB with new leaderId: 7f745053-e99a-4882-8da4-f9f49fd4314d
2019-11-14 13:21:32,299 [7f745053-e99a-4882-8da4-f9f49fd4314d@group-4893C6D269DB-LeaderElection39] INFO  impl.RaftServerImpl (ServerState.java:setLeader(255)) - 7f745053-e99a-4882-8da4-f9f49fd4314d@group-4893C6D269DB: change Leader from null to 7f745053-e99a-4882-8da4-f9f49fd4314d at term 1 for becomeLeader, leader elected after 1149ms
2019-11-14 13:21:32,299 [7f745053-e99a-4882-8da4-f9f49fd4314d@group-4893C6D269DB-LeaderElection39] INFO  server.RaftServerConfigKeys (ConfUtils.java:logGet(43)) - raft.server.staging.catchup.gap = 1000 (default)
2019-11-14 13:21:32,299 [7f745053-e99a-4882-8da4-f9f49fd4314d@group-4893C6D269DB-LeaderElection39] INFO  server.RaftServerConfigKeys (ConfUtils.java:logGet(43)) - raft.server.rpc.sleep.time = 25ms (default)
2019-11-14 13:21:32,299 [7f745053-e99a-4882-8da4-f9f49fd4314d@group-4893C6D269DB-LeaderElection39] INFO  server.RaftServerConfigKeys (ConfUtils.java:logGet(43)) - raft.server.write.element-limit = 4096 (default)
2019-11-14 13:21:32,300 [7f745053-e99a-4882-8da4-f9f49fd4314d@group-4893C6D269DB-LeaderElection39] INFO  server.RaftServerConfigKeys (ConfUtils.java:logGet(43)) - raft.server.watch.timeout = 10s (default)
2019-11-14 13:21:32,300 [7f745053-e99a-4882-8da4-f9f49fd4314d@group-4893C6D269DB-LeaderElection39] INFO  server.RaftServerConfigKeys (ConfUtils.java:logGet(43)) - raft.server.watch.timeout.denomination = 1s (default)
2019-11-14 13:21:32,300 [7f745053-e99a-4882-8da4-f9f49fd4314d@group-4893C6D269DB-LeaderElection39] INFO  server.RaftServerConfigKeys (ConfUtils.java:logGet(43)) - raft.server.watch.element-limit = 65536 (default)
2019-11-14 13:21:32,300 [EventQueue-PipelineReportForPipelineReportHandler] INFO  pipeline.PipelineStateManager (PipelineStateManager.java:openPipeline(134)) - Pipeline Pipeline[ Id: ee379075-e9f8-444f-85d2-4893c6d269db, Nodes: 7f745053-e99a-4882-8da4-f9f49fd4314d{ip: 192.168.69.121, host: pr-hdds-2468-gmfm6-3729483342, networkLocation: /default-rack, certSerialId: null}5254e235-0009-400e-8b7c-46acf791df30{ip: 192.168.69.121, host: pr-hdds-2468-gmfm6-3729483342, networkLocation: /default-rack, certSerialId: null}db5776da-04cc-407e-81f3-5cb046cdfc6e{ip: 192.168.69.121, host: pr-hdds-2468-gmfm6-3729483342, networkLocation: /default-rack, certSerialId: null}, Type:RATIS, Factor:THREE, State:OPEN] moved to OPEN state
2019-11-14 13:21:32,301 [7f745053-e99a-4882-8da4-f9f49fd4314d@group-4893C6D269DB-LeaderElection39] INFO  server.RaftServerConfigKeys (ConfUtils.java:logGet(43)) - raft.server.log.appender.snapshot.chunk.size.max = 16MB (=16777216) (default)
2019-11-14 13:21:32,302 [7f745053-e99a-4882-8da4-f9f49fd4314d@group-4893C6D269DB-LeaderElection39] INFO  server.RaftServerConfigKeys (ConfUtils.java:logGet(43)) - raft.server.log.appender.buffer.byte-limit = 33554432 (custom)
2019-11-14 13:21:32,302 [7f745053-e99a-4882-8da4-f9f49fd4314d@group-4893C6D269DB-LeaderElection39] INFO  server.RaftServerConfigKeys (ConfUtils.java:logGet(43)) - raft.server.log.appender.buffer.element-limit = 1 (custom)
2019-11-14 13:21:32,302 [7f745053-e99a-4882-8da4-f9f49fd4314d@group-4893C6D269DB-LeaderElection39] INFO  grpc.GrpcConfigKeys$Server (ConfUtils.java:logGet(43)) - raft.grpc.server.leader.outstanding.appends.max = 128 (default)
2019-11-14 13:21:32,302 [7f745053-e99a-4882-8da4-f9f49fd4314d@group-4893C6D269DB-LeaderElection39] INFO  server.RaftServerConfigKeys (ConfUtils.java:logGet(43)) - raft.server.rpc.request.timeout = 3000ms (default)
2019-11-14 13:21:32,303 [7f745053-e99a-4882-8da4-f9f49fd4314d@group-4893C6D269DB-LeaderElection39] INFO  server.RaftServerConfigKeys (ConfUtils.java:logGet(43)) - raft.server.log.appender.install.snapshot.enabled = false (custom)
2019-11-14 13:21:32,303 [7f745053-e99a-4882-8da4-f9f49fd4314d@group-4893C6D269DB-LeaderElection39] WARN  impl.MetricRegistriesImpl (MetricRegistriesImpl.java:lambda$create$1(61)) - First MetricRegistry has been created without registering reporters. You may need to call MetricRegistries.global().addReportRegistration(...) before.
2019-11-14 13:21:32,303 [7f745053-e99a-4882-8da4-f9f49fd4314d@group-4893C6D269DB-LeaderElection39] INFO  server.RaftServerConfigKeys (ConfUtils.java:logGet(43)) - raft.server.log.appender.snapshot.chunk.size.max = 16MB (=16777216) (default)
2019-11-14 13:21:32,304 [7f745053-e99a-4882-8da4-f9f49fd4314d@group-4893C6D269DB-LeaderElection39] INFO  server.RaftServerConfigKeys (ConfUtils.java:logGet(43)) - raft.server.log.appender.buffer.byte-limit = 33554432 (custom)
2019-11-14 13:21:32,304 [7f745053-e99a-4882-8da4-f9f49fd4314d@group-4893C6D269DB-LeaderElection39] INFO  server.RaftServerConfigKeys (ConfUtils.java:logGet(43)) - raft.server.log.appender.buffer.element-limit = 1 (custom)
2019-11-14 13:21:32,304 [7f745053-e99a-4882-8da4-f9f49fd4314d@group-4893C6D269DB-LeaderElection39] INFO  grpc.GrpcConfigKeys$Server (ConfUtils.java:logGet(43)) - raft.grpc.server.leader.outstanding.appends.max = 128 (default)
2019-11-14 13:21:32,304 [7f745053-e99a-4882-8da4-f9f49fd4314d@group-4893C6D269DB-LeaderElection39] INFO  server.RaftServerConfigKeys (ConfUtils.java:logGet(43)) - raft.server.rpc.request.timeout = 3000ms (default)
2019-11-14 13:21:32,305 [7f745053-e99a-4882-8da4-f9f49fd4314d@group-4893C6D269DB-LeaderElection39] INFO  server.RaftServerConfigKeys (ConfUtils.java:logGet(43)) - raft.server.log.appender.install.snapshot.enabled = false (custom)
2019-11-14 13:21:32,305 [7f745053-e99a-4882-8da4-f9f49fd4314d@group-4893C6D269DB-LeaderElection39] INFO  impl.RoleInfo (RoleInfo.java:updateAndGet(143)) - 7f745053-e99a-4882-8da4-f9f49fd4314d: start LeaderState
2019-11-14 13:21:32,305 [7f745053-e99a-4882-8da4-f9f49fd4314d@group-4893C6D269DB-LeaderElection39] INFO  segmented.SegmentedRaftLogWorker (SegmentedRaftLogWorker.java:startLogSegment(385)) - 7f745053-e99a-4882-8da4-f9f49fd4314d@group-4893C6D269DB-SegmentedRaftLogWorker: Starting segment from index:0
2019-11-14 13:21:32,306 [7f745053-e99a-4882-8da4-f9f49fd4314d@group-4893C6D269DB-LeaderElection39] INFO  impl.RaftServerImpl (ServerState.java:setRaftConf(356)) - 7f745053-e99a-4882-8da4-f9f49fd4314d@group-4893C6D269DB: set configuration 0: [7f745053-e99a-4882-8da4-f9f49fd4314d:192.168.69.121:41985, 5254e235-0009-400e-8b7c-46acf791df30:192.168.69.121:44317, db5776da-04cc-407e-81f3-5cb046cdfc6e:192.168.69.121:40096], old=null at 0
2019-11-14 13:21:32,342 [grpc-default-executor-5] INFO  ratis.XceiverServerRatis (XceiverServerRatis.java:handleLeaderChangedNotification(697)) - Leader change notification received for group: group-4893C6D269DB with new leaderId: 7f745053-e99a-4882-8da4-f9f49fd4314d
2019-11-14 13:21:32,344 [grpc-default-executor-1] INFO  ratis.XceiverServerRatis (XceiverServerRatis.java:handleLeaderChangedNotification(697)) - Leader change notification received for group: group-4893C6D269DB with new leaderId: 7f745053-e99a-4882-8da4-f9f49fd4314d
2019-11-14 13:21:32,344 [grpc-default-executor-5] INFO  impl.RaftServerImpl (ServerState.java:setLeader(255)) - 5254e235-0009-400e-8b7c-46acf791df30@group-4893C6D269DB: change Leader from null to 7f745053-e99a-4882-8da4-f9f49fd4314d at term 1 for appendEntries, leader elected after 1192ms
2019-11-14 13:21:32,344 [grpc-default-executor-1] INFO  impl.RaftServerImpl (ServerState.java:setLeader(255)) - db5776da-04cc-407e-81f3-5cb046cdfc6e@group-4893C6D269DB: change Leader from null to 7f745053-e99a-4882-8da4-f9f49fd4314d at term 1 for appendEntries, leader elected after 1194ms
2019-11-14 13:21:32,349 [grpc-default-executor-1] INFO  impl.RaftServerImpl (ServerState.java:setRaftConf(356)) - 5254e235-0009-400e-8b7c-46acf791df30@group-4893C6D269DB: set configuration 0: [7f745053-e99a-4882-8da4-f9f49fd4314d:192.168.69.121:41985, 5254e235-0009-400e-8b7c-46acf791df30:192.168.69.121:44317, db5776da-04cc-407e-81f3-5cb046cdfc6e:192.168.69.121:40096], old=null at 0
2019-11-14 13:21:32,349 [grpc-default-executor-5] INFO  impl.RaftServerImpl (ServerState.java:setRaftConf(356)) - db5776da-04cc-407e-81f3-5cb046cdfc6e@group-4893C6D269DB: set configuration 0: [7f745053-e99a-4882-8da4-f9f49fd4314d:192.168.69.121:41985, 5254e235-0009-400e-8b7c-46acf791df30:192.168.69.121:44317, db5776da-04cc-407e-81f3-5cb046cdfc6e:192.168.69.121:40096], old=null at 0
2019-11-14 13:21:32,349 [grpc-default-executor-1] INFO  segmented.SegmentedRaftLogWorker (SegmentedRaftLogWorker.java:startLogSegment(385)) - 5254e235-0009-400e-8b7c-46acf791df30@group-4893C6D269DB-SegmentedRaftLogWorker: Starting segment from index:0
2019-11-14 13:21:32,349 [grpc-default-executor-5] INFO  segmented.SegmentedRaftLogWorker (SegmentedRaftLogWorker.java:startLogSegment(385)) - db5776da-04cc-407e-81f3-5cb046cdfc6e@group-4893C6D269DB-SegmentedRaftLogWorker: Starting segment from index:0
2019-11-14 13:21:32,363 [7f745053-e99a-4882-8da4-f9f49fd4314d@group-4893C6D269DB-SegmentedRaftLogWorker] INFO  segmented.SegmentedRaftLogWorker (SegmentedRaftLogWorker.java:execute(576)) - 7f745053-e99a-4882-8da4-f9f49fd4314d@group-4893C6D269DB-SegmentedRaftLogWorker: created new log segment /workdir/hadoop-ozone/integration-test/target/test-dir/MiniOzoneClusterImpl-3e7318d1-e353-4b83-9c8a-b04a40b588dc/datanode-3/data/ratis/ee379075-e9f8-444f-85d2-4893c6d269db/current/log_inprogress_0
2019-11-14 13:21:32,405 [db5776da-04cc-407e-81f3-5cb046cdfc6e@group-4893C6D269DB-SegmentedRaftLogWorker] INFO  segmented.SegmentedRaftLogWorker (SegmentedRaftLogWorker.java:execute(576)) - db5776da-04cc-407e-81f3-5cb046cdfc6e@group-4893C6D269DB-SegmentedRaftLogWorker: created new log segment /workdir/hadoop-ozone/integration-test/target/test-dir/MiniOzoneClusterImpl-3e7318d1-e353-4b83-9c8a-b04a40b588dc/datanode-4/data/ratis/ee379075-e9f8-444f-85d2-4893c6d269db/current/log_inprogress_0
2019-11-14 13:21:32,405 [5254e235-0009-400e-8b7c-46acf791df30@group-4893C6D269DB-SegmentedRaftLogWorker] INFO  segmented.SegmentedRaftLogWorker (SegmentedRaftLogWorker.java:execute(576)) - 5254e235-0009-400e-8b7c-46acf791df30@group-4893C6D269DB-SegmentedRaftLogWorker: created new log segment /workdir/hadoop-ozone/integration-test/target/test-dir/MiniOzoneClusterImpl-3e7318d1-e353-4b83-9c8a-b04a40b588dc/datanode-5/data/ratis/ee379075-e9f8-444f-85d2-4893c6d269db/current/log_inprogress_0
2019-11-14 13:21:33,076 [Thread-1262] INFO  impl.FollowerState (FollowerState.java:run(111)) - 158d2368-d5c4-46db-a1fd-e1a721205b7d@group-602451FDC08A-FollowerState: change to CANDIDATE, lastRpcTime:1081ms, electionTimeout:1081ms
2019-11-14 13:21:33,076 [Thread-1262] INFO  impl.RoleInfo (RoleInfo.java:shutdownFollowerState(121)) - 158d2368-d5c4-46db-a1fd-e1a721205b7d: shutdown FollowerState
2019-11-14 13:21:33,076 [Thread-1262] INFO  impl.RaftServerImpl (RaftServerImpl.java:setRole(173)) - 158d2368-d5c4-46db-a1fd-e1a721205b7d@group-602451FDC08A: changes role from  FOLLOWER to CANDIDATE at term 1 for changeToCandidate
2019-11-14 13:21:33,076 [Thread-1262] INFO  impl.RoleInfo (RoleInfo.java:updateAndGet(143)) - 158d2368-d5c4-46db-a1fd-e1a721205b7d: start LeaderElection
2019-11-14 13:21:33,094 [158d2368-d5c4-46db-a1fd-e1a721205b7d@group-602451FDC08A-LeaderElection41] INFO  impl.LeaderElection (LeaderElection.java:askForVotes(178)) - 158d2368-d5c4-46db-a1fd-e1a721205b7d@group-602451FDC08A-LeaderElection41: begin an election at term 2 for -1: [c5f0853d-db97-466f-95ef-4b66df91fd94:192.168.69.121:44160, da377692-8490-46fb-a58a-cb2c66593f0b:192.168.69.121:42566, 158d2368-d5c4-46db-a1fd-e1a721205b7d:192.168.69.121:35099], old=null
2019-11-14 13:21:33,097 [grpc-default-executor-5] INFO  impl.RaftServerImpl (RaftServerImpl.java:setRole(173)) - c5f0853d-db97-466f-95ef-4b66df91fd94@group-602451FDC08A: changes role from  FOLLOWER to FOLLOWER at term 2 for recognizeCandidate:158d2368-d5c4-46db-a1fd-e1a721205b7d
2019-11-14 13:21:33,097 [grpc-default-executor-1] INFO  impl.RaftServerImpl (RaftServerImpl.java:setRole(173)) - da377692-8490-46fb-a58a-cb2c66593f0b@group-602451FDC08A: changes role from  FOLLOWER to FOLLOWER at term 2 for recognizeCandidate:158d2368-d5c4-46db-a1fd-e1a721205b7d
2019-11-14 13:21:33,097 [grpc-default-executor-5] INFO  impl.RoleInfo (RoleInfo.java:shutdownFollowerState(121)) - c5f0853d-db97-466f-95ef-4b66df91fd94: shutdown FollowerState
2019-11-14 13:21:33,097 [grpc-default-executor-1] INFO  impl.RoleInfo (RoleInfo.java:shutdownFollowerState(121)) - da377692-8490-46fb-a58a-cb2c66593f0b: shutdown FollowerState
2019-11-14 13:21:33,097 [Thread-1263] INFO  impl.FollowerState (FollowerState.java:run(120)) - c5f0853d-db97-466f-95ef-4b66df91fd94@group-602451FDC08A-FollowerState was interrupted: java.lang.InterruptedException: sleep interrupted
2019-11-14 13:21:33,097 [grpc-default-executor-5] INFO  impl.RoleInfo (RoleInfo.java:updateAndGet(143)) - c5f0853d-db97-466f-95ef-4b66df91fd94: start FollowerState
2019-11-14 13:21:33,097 [grpc-default-executor-1] INFO  impl.RoleInfo (RoleInfo.java:updateAndGet(143)) - da377692-8490-46fb-a58a-cb2c66593f0b: start FollowerState
2019-11-14 13:21:33,097 [Thread-1261] INFO  impl.FollowerState (FollowerState.java:run(120)) - da377692-8490-46fb-a58a-cb2c66593f0b@group-602451FDC08A-FollowerState was interrupted: java.lang.InterruptedException: sleep interrupted
2019-11-14 13:21:33,116 [158d2368-d5c4-46db-a1fd-e1a721205b7d@group-602451FDC08A-LeaderElection41] INFO  impl.LeaderElection (LeaderElection.java:logAndReturn(56)) - 158d2368-d5c4-46db-a1fd-e1a721205b7d@group-602451FDC08A-LeaderElection41: Election PASSED; received 1 response(s) [158d2368-d5c4-46db-a1fd-e1a721205b7d<-c5f0853d-db97-466f-95ef-4b66df91fd94#0:OK-t2] and 0 exception(s); 158d2368-d5c4-46db-a1fd-e1a721205b7d@group-602451FDC08A:t2, leader=null, voted=158d2368-d5c4-46db-a1fd-e1a721205b7d, raftlog=158d2368-d5c4-46db-a1fd-e1a721205b7d@group-602451FDC08A-SegmentedRaftLog:OPENED:c-1,f-1,i0, conf=-1: [c5f0853d-db97-466f-95ef-4b66df91fd94:192.168.69.121:44160, da377692-8490-46fb-a58a-cb2c66593f0b:192.168.69.121:42566, 158d2368-d5c4-46db-a1fd-e1a721205b7d:192.168.69.121:35099], old=null
2019-11-14 13:21:33,116 [158d2368-d5c4-46db-a1fd-e1a721205b7d@group-602451FDC08A-LeaderElection41] INFO  impl.RoleInfo (RoleInfo.java:shutdownLeaderElection(134)) - 158d2368-d5c4-46db-a1fd-e1a721205b7d: shutdown LeaderElection
2019-11-14 13:21:33,117 [158d2368-d5c4-46db-a1fd-e1a721205b7d@group-602451FDC08A-LeaderElection41] INFO  impl.RaftServerImpl (RaftServerImpl.java:setRole(173)) - 158d2368-d5c4-46db-a1fd-e1a721205b7d@group-602451FDC08A: changes role from CANDIDATE to LEADER at term 2 for changeToLeader
2019-11-14 13:21:33,117 [158d2368-d5c4-46db-a1fd-e1a721205b7d@group-602451FDC08A-LeaderElection41] INFO  ratis.XceiverServerRatis (XceiverServerRatis.java:handleLeaderChangedNotification(697)) - Leader change notification received for group: group-602451FDC08A with new leaderId: 158d2368-d5c4-46db-a1fd-e1a721205b7d
2019-11-14 13:21:33,117 [158d2368-d5c4-46db-a1fd-e1a721205b7d@group-602451FDC08A-LeaderElection41] INFO  impl.RaftServerImpl (ServerState.java:setLeader(255)) - 158d2368-d5c4-46db-a1fd-e1a721205b7d@group-602451FDC08A: change Leader from null to 158d2368-d5c4-46db-a1fd-e1a721205b7d at term 2 for becomeLeader, leader elected after 2313ms
2019-11-14 13:21:33,117 [158d2368-d5c4-46db-a1fd-e1a721205b7d@group-602451FDC08A-LeaderElection41] INFO  server.RaftServerConfigKeys (ConfUtils.java:logGet(43)) - raft.server.staging.catchup.gap = 1000 (default)
2019-11-14 13:21:33,117 [158d2368-d5c4-46db-a1fd-e1a721205b7d@group-602451FDC08A-LeaderElection41] INFO  server.RaftServerConfigKeys (ConfUtils.java:logGet(43)) - raft.server.rpc.sleep.time = 25ms (default)
2019-11-14 13:21:33,117 [158d2368-d5c4-46db-a1fd-e1a721205b7d@group-602451FDC08A-LeaderElection41] INFO  server.RaftServerConfigKeys (ConfUtils.java:logGet(43)) - raft.server.write.element-limit = 4096 (default)
2019-11-14 13:21:33,117 [158d2368-d5c4-46db-a1fd-e1a721205b7d@group-602451FDC08A-LeaderElection41] INFO  server.RaftServerConfigKeys (ConfUtils.java:logGet(43)) - raft.server.watch.timeout = 10s (default)
2019-11-14 13:21:33,118 [158d2368-d5c4-46db-a1fd-e1a721205b7d@group-602451FDC08A-LeaderElection41] INFO  server.RaftServerConfigKeys (ConfUtils.java:logGet(43)) - raft.server.watch.timeout.denomination = 1s (default)
2019-11-14 13:21:33,118 [158d2368-d5c4-46db-a1fd-e1a721205b7d@group-602451FDC08A-LeaderElection41] INFO  server.RaftServerConfigKeys (ConfUtils.java:logGet(43)) - raft.server.watch.element-limit = 65536 (default)
2019-11-14 13:21:33,118 [158d2368-d5c4-46db-a1fd-e1a721205b7d@group-602451FDC08A-LeaderElection41] INFO  server.RaftServerConfigKeys (ConfUtils.java:logGet(43)) - raft.server.log.appender.snapshot.chunk.size.max = 16MB (=16777216) (default)
2019-11-14 13:21:33,118 [158d2368-d5c4-46db-a1fd-e1a721205b7d@group-602451FDC08A-LeaderElection41] INFO  server.RaftServerConfigKeys (ConfUtils.java:logGet(43)) - raft.server.log.appender.buffer.byte-limit = 33554432 (custom)
2019-11-14 13:21:33,118 [158d2368-d5c4-46db-a1fd-e1a721205b7d@group-602451FDC08A-LeaderElection41] INFO  server.RaftServerConfigKeys (ConfUtils.java:logGet(43)) - raft.server.log.appender.buffer.element-limit = 1 (custom)
2019-11-14 13:21:33,118 [158d2368-d5c4-46db-a1fd-e1a721205b7d@group-602451FDC08A-LeaderElection41] INFO  grpc.GrpcConfigKeys$Server (ConfUtils.java:logGet(43)) - raft.grpc.server.leader.outstanding.appends.max = 128 (default)
2019-11-14 13:21:33,119 [158d2368-d5c4-46db-a1fd-e1a721205b7d@group-602451FDC08A-LeaderElection41] INFO  server.RaftServerConfigKeys (ConfUtils.java:logGet(43)) - raft.server.rpc.request.timeout = 3000ms (default)
2019-11-14 13:21:33,119 [158d2368-d5c4-46db-a1fd-e1a721205b7d@group-602451FDC08A-LeaderElection41] INFO  server.RaftServerConfigKeys (ConfUtils.java:logGet(43)) - raft.server.log.appender.install.snapshot.enabled = false (custom)
2019-11-14 13:21:33,119 [158d2368-d5c4-46db-a1fd-e1a721205b7d@group-602451FDC08A-LeaderElection41] WARN  impl.MetricRegistriesImpl (MetricRegistriesImpl.java:lambda$create$1(61)) - First MetricRegistry has been created without registering reporters. You may need to call MetricRegistries.global().addReportRegistration(...) before.
2019-11-14 13:21:33,119 [158d2368-d5c4-46db-a1fd-e1a721205b7d@group-602451FDC08A-LeaderElection41] INFO  server.RaftServerConfigKeys (ConfUtils.java:logGet(43)) - raft.server.log.appender.snapshot.chunk.size.max = 16MB (=16777216) (default)
2019-11-14 13:21:33,119 [158d2368-d5c4-46db-a1fd-e1a721205b7d@group-602451FDC08A-LeaderElection41] INFO  server.RaftServerConfigKeys (ConfUtils.java:logGet(43)) - raft.server.log.appender.buffer.byte-limit = 33554432 (custom)
2019-11-14 13:21:33,119 [EventQueue-PipelineReportForPipelineReportHandler] INFO  pipeline.PipelineStateManager (PipelineStateManager.java:openPipeline(134)) - Pipeline Pipeline[ Id: 34455590-635f-4ac3-bc59-602451fdc08a, Nodes: c5f0853d-db97-466f-95ef-4b66df91fd94{ip: 192.168.69.121, host: pr-hdds-2468-gmfm6-3729483342, networkLocation: /default-rack, certSerialId: null}da377692-8490-46fb-a58a-cb2c66593f0b{ip: 192.168.69.121, host: pr-hdds-2468-gmfm6-3729483342, networkLocation: /default-rack, certSerialId: null}158d2368-d5c4-46db-a1fd-e1a721205b7d{ip: 192.168.69.121, host: pr-hdds-2468-gmfm6-3729483342, networkLocation: /default-rack, certSerialId: null}, Type:RATIS, Factor:THREE, State:OPEN] moved to OPEN state
2019-11-14 13:21:33,119 [158d2368-d5c4-46db-a1fd-e1a721205b7d@group-602451FDC08A-LeaderElection41] INFO  server.RaftServerConfigKeys (ConfUtils.java:logGet(43)) - raft.server.log.appender.buffer.element-limit = 1 (custom)
2019-11-14 13:21:33,121 [158d2368-d5c4-46db-a1fd-e1a721205b7d@group-602451FDC08A-LeaderElection41] INFO  grpc.GrpcConfigKeys$Server (ConfUtils.java:logGet(43)) - raft.grpc.server.leader.outstanding.appends.max = 128 (default)
2019-11-14 13:21:33,122 [158d2368-d5c4-46db-a1fd-e1a721205b7d@group-602451FDC08A-LeaderElection41] INFO  server.RaftServerConfigKeys (ConfUtils.java:logGet(43)) - raft.server.rpc.request.timeout = 3000ms (default)
2019-11-14 13:21:33,122 [158d2368-d5c4-46db-a1fd-e1a721205b7d@group-602451FDC08A-LeaderElection41] INFO  server.RaftServerConfigKeys (ConfUtils.java:logGet(43)) - raft.server.log.appender.install.snapshot.enabled = false (custom)
2019-11-14 13:21:33,122 [158d2368-d5c4-46db-a1fd-e1a721205b7d@group-602451FDC08A-LeaderElection41] INFO  impl.RoleInfo (RoleInfo.java:updateAndGet(143)) - 158d2368-d5c4-46db-a1fd-e1a721205b7d: start LeaderState
2019-11-14 13:21:33,122 [158d2368-d5c4-46db-a1fd-e1a721205b7d@group-602451FDC08A-LeaderElection41] INFO  segmented.SegmentedRaftLogWorker (SegmentedRaftLogWorker.java:startLogSegment(385)) - 158d2368-d5c4-46db-a1fd-e1a721205b7d@group-602451FDC08A-SegmentedRaftLogWorker: Starting segment from index:0
2019-11-14 13:21:33,123 [158d2368-d5c4-46db-a1fd-e1a721205b7d@group-602451FDC08A-LeaderElection41] INFO  impl.RaftServerImpl (ServerState.java:setRaftConf(356)) - 158d2368-d5c4-46db-a1fd-e1a721205b7d@group-602451FDC08A: set configuration 0: [c5f0853d-db97-466f-95ef-4b66df91fd94:192.168.69.121:44160, da377692-8490-46fb-a58a-cb2c66593f0b:192.168.69.121:42566, 158d2368-d5c4-46db-a1fd-e1a721205b7d:192.168.69.121:35099], old=null at 0
2019-11-14 13:21:33,124 [grpc-default-executor-5] INFO  ratis.XceiverServerRatis (XceiverServerRatis.java:handleLeaderChangedNotification(697)) - Leader change notification received for group: group-602451FDC08A with new leaderId: 158d2368-d5c4-46db-a1fd-e1a721205b7d
2019-11-14 13:21:33,148 [grpc-default-executor-1] INFO  ratis.XceiverServerRatis (XceiverServerRatis.java:handleLeaderChangedNotification(697)) - Leader change notification received for group: group-602451FDC08A with new leaderId: 158d2368-d5c4-46db-a1fd-e1a721205b7d
2019-11-14 13:21:33,149 [grpc-default-executor-5] INFO  impl.RaftServerImpl (ServerState.java:setLeader(255)) - da377692-8490-46fb-a58a-cb2c66593f0b@group-602451FDC08A: change Leader from null to 158d2368-d5c4-46db-a1fd-e1a721205b7d at term 2 for appendEntries, leader elected after 2320ms
2019-11-14 13:21:33,149 [grpc-default-executor-1] INFO  impl.RaftServerImpl (ServerState.java:setLeader(255)) - c5f0853d-db97-466f-95ef-4b66df91fd94@group-602451FDC08A: change Leader from null to 158d2368-d5c4-46db-a1fd-e1a721205b7d at term 2 for appendEntries, leader elected after 2345ms
2019-11-14 13:21:33,152 [grpc-default-executor-1] INFO  impl.RaftServerImpl (ServerState.java:setRaftConf(356)) - c5f0853d-db97-466f-95ef-4b66df91fd94@group-602451FDC08A: set configuration 0: [c5f0853d-db97-466f-95ef-4b66df91fd94:192.168.69.121:44160, da377692-8490-46fb-a58a-cb2c66593f0b:192.168.69.121:42566, 158d2368-d5c4-46db-a1fd-e1a721205b7d:192.168.69.121:35099], old=null at 0
2019-11-14 13:21:33,152 [grpc-default-executor-1] INFO  segmented.SegmentedRaftLogWorker (SegmentedRaftLogWorker.java:startLogSegment(385)) - c5f0853d-db97-466f-95ef-4b66df91fd94@group-602451FDC08A-SegmentedRaftLogWorker: Starting segment from index:0
2019-11-14 13:21:33,153 [grpc-default-executor-5] INFO  impl.RaftServerImpl (ServerState.java:setRaftConf(356)) - da377692-8490-46fb-a58a-cb2c66593f0b@group-602451FDC08A: set configuration 0: [c5f0853d-db97-466f-95ef-4b66df91fd94:192.168.69.121:44160, da377692-8490-46fb-a58a-cb2c66593f0b:192.168.69.121:42566, 158d2368-d5c4-46db-a1fd-e1a721205b7d:192.168.69.121:35099], old=null at 0
2019-11-14 13:21:33,153 [grpc-default-executor-5] INFO  segmented.SegmentedRaftLogWorker (SegmentedRaftLogWorker.java:startLogSegment(385)) - da377692-8490-46fb-a58a-cb2c66593f0b@group-602451FDC08A-SegmentedRaftLogWorker: Starting segment from index:0
2019-11-14 13:21:33,186 [main] INFO  ozone.MiniOzoneClusterImpl (MiniOzoneClusterImpl.java:lambda$waitForClusterToBeReady$2(171)) - Cluster is ready. Got 6 of 6 DN Heartbeats.
2019-11-14 13:21:33,187 [158d2368-d5c4-46db-a1fd-e1a721205b7d@group-602451FDC08A-SegmentedRaftLogWorker] INFO  segmented.SegmentedRaftLogWorker (SegmentedRaftLogWorker.java:execute(576)) - 158d2368-d5c4-46db-a1fd-e1a721205b7d@group-602451FDC08A-SegmentedRaftLogWorker: created new log segment /workdir/hadoop-ozone/integration-test/target/test-dir/MiniOzoneClusterImpl-3e7318d1-e353-4b83-9c8a-b04a40b588dc/datanode-0/data/ratis/34455590-635f-4ac3-bc59-602451fdc08a/current/log_inprogress_0
2019-11-14 13:21:33,202 [da377692-8490-46fb-a58a-cb2c66593f0b@group-602451FDC08A-SegmentedRaftLogWorker] INFO  segmented.SegmentedRaftLogWorker (SegmentedRaftLogWorker.java:execute(576)) - da377692-8490-46fb-a58a-cb2c66593f0b@group-602451FDC08A-SegmentedRaftLogWorker: created new log segment /workdir/hadoop-ozone/integration-test/target/test-dir/MiniOzoneClusterImpl-3e7318d1-e353-4b83-9c8a-b04a40b588dc/datanode-1/data/ratis/34455590-635f-4ac3-bc59-602451fdc08a/current/log_inprogress_0
2019-11-14 13:21:33,202 [c5f0853d-db97-466f-95ef-4b66df91fd94@group-602451FDC08A-SegmentedRaftLogWorker] INFO  segmented.SegmentedRaftLogWorker (SegmentedRaftLogWorker.java:execute(576)) - c5f0853d-db97-466f-95ef-4b66df91fd94@group-602451FDC08A-SegmentedRaftLogWorker: created new log segment /workdir/hadoop-ozone/integration-test/target/test-dir/MiniOzoneClusterImpl-3e7318d1-e353-4b83-9c8a-b04a40b588dc/datanode-2/data/ratis/34455590-635f-4ac3-bc59-602451fdc08a/current/log_inprogress_0
2019-11-14 13:21:33,206 [main] INFO  rpc.RpcClient (RpcClient.java:createVolume(292)) - Creating Volume: datanodefailurehandlingtest, with jenkins1000 as owner.
2019-11-14 13:21:33,208 [IPC Server handler 1 on 42045] INFO  volume.OMVolumeCreateRequest (OMVolumeCreateRequest.java:validateAndUpdateCache(193)) - created volume:datanodefailurehandlingtest for user:jenkins1000
2019-11-14 13:21:33,225 [main] INFO  rpc.RpcClient (RpcClient.java:createBucket(431)) - Creating Bucket: datanodefailurehandlingtest/datanodefailurehandlingtest, with Versioning false and Storage Type set to DISK and Encryption set to false 
2019-11-14 13:21:33,520 [Thread-1209] INFO  container.ReplicationManager (ReplicationManager.java:start(162)) - Starting Replication Monitor Thread.
2019-11-14 13:21:33,520 [Thread-1209] INFO  pipeline.SCMPipelineManager (SCMPipelineManager.java:finalizeAndDestroyPipeline(315)) - destroying pipeline:Pipeline[ Id: 25a5f3f7-f95d-4daf-ab6c-79bf1af65b24, Nodes: 5254e235-0009-400e-8b7c-46acf791df30{ip: 192.168.69.121, host: pr-hdds-2468-gmfm6-3729483342, networkLocation: /default-rack, certSerialId: null}, Type:RATIS, Factor:ONE, State:OPEN]
2019-11-14 13:21:33,521 [Thread-1209] INFO  pipeline.PipelineStateManager (PipelineStateManager.java:finalizePipeline(121)) - Pipeline Pipeline[ Id: 25a5f3f7-f95d-4daf-ab6c-79bf1af65b24, Nodes: 5254e235-0009-400e-8b7c-46acf791df30{ip: 192.168.69.121, host: pr-hdds-2468-gmfm6-3729483342, networkLocation: /default-rack, certSerialId: null}, Type:RATIS, Factor:ONE, State:CLOSED] moved to CLOSED state
2019-11-14 13:21:33,522 [ReplicationMonitor] INFO  container.ReplicationManager (ReplicationManager.java:run(225)) - Replication Monitor Thread took 0 milliseconds for processing 1 containers.
2019-11-14 13:21:33,526 [grpc-default-executor-1] INFO  impl.RaftServerProxy (RaftServerProxy.java:remove(95)) - 5254e235-0009-400e-8b7c-46acf791df30: remove    LEADER 5254e235-0009-400e-8b7c-46acf791df30@group-79BF1AF65B24:t1, leader=5254e235-0009-400e-8b7c-46acf791df30, voted=5254e235-0009-400e-8b7c-46acf791df30, raftlog=5254e235-0009-400e-8b7c-46acf791df30@group-79BF1AF65B24-SegmentedRaftLog:OPENED:c0,f0,i0, conf=0: [5254e235-0009-400e-8b7c-46acf791df30:192.168.69.121:44317], old=null RUNNING
2019-11-14 13:21:33,526 [grpc-default-executor-1] INFO  impl.RaftServerImpl (RaftServerImpl.java:lambda$shutdown$3(250)) - 5254e235-0009-400e-8b7c-46acf791df30@group-79BF1AF65B24: shutdown
2019-11-14 13:21:33,526 [grpc-default-executor-1] INFO  util.JmxRegister (JmxRegister.java:unregister(73)) - Successfully un-registered JMX Bean with object name Ratis:service=RaftServer,group=group-79BF1AF65B24,id=5254e235-0009-400e-8b7c-46acf791df30
2019-11-14 13:21:33,526 [grpc-default-executor-1] INFO  impl.RoleInfo (RoleInfo.java:shutdownLeaderState(104)) - 5254e235-0009-400e-8b7c-46acf791df30: shutdown LeaderState
2019-11-14 13:21:33,526 [grpc-default-executor-1] INFO  impl.PendingRequests (PendingRequests.java:sendNotLeaderResponses(206)) - 5254e235-0009-400e-8b7c-46acf791df30@group-79BF1AF65B24-PendingRequests: sendNotLeaderResponses
2019-11-14 13:21:33,527 [grpc-default-executor-1] INFO  impl.StateMachineUpdater (StateMachineUpdater.java:stopAndJoin(136)) - 5254e235-0009-400e-8b7c-46acf791df30@group-79BF1AF65B24-StateMachineUpdater: set stopIndex = 0
2019-11-14 13:21:33,527 [grpc-default-executor-1] INFO  impl.RaftServerImpl (ServerState.java:close(387)) - 5254e235-0009-400e-8b7c-46acf791df30@group-79BF1AF65B24: closes. applyIndex: 0
2019-11-14 13:21:33,527 [5254e235-0009-400e-8b7c-46acf791df30@group-79BF1AF65B24-SegmentedRaftLogWorker] INFO  segmented.SegmentedRaftLogWorker (SegmentedRaftLogWorker.java:run(316)) - 5254e235-0009-400e-8b7c-46acf791df30@group-79BF1AF65B24-SegmentedRaftLogWorker was interrupted, exiting. There are 0 tasks remaining in the queue.
2019-11-14 13:21:33,529 [grpc-default-executor-1] INFO  segmented.SegmentedRaftLogWorker (SegmentedRaftLogWorker.java:close(224)) - 5254e235-0009-400e-8b7c-46acf791df30@group-79BF1AF65B24-SegmentedRaftLogWorker close()
2019-11-14 13:21:33,533 [Thread-1209] INFO  pipeline.PipelineStateManager (PipelineStateManager.java:removePipeline(106)) - Pipeline Pipeline[ Id: 25a5f3f7-f95d-4daf-ab6c-79bf1af65b24, Nodes: 5254e235-0009-400e-8b7c-46acf791df30{ip: 192.168.69.121, host: pr-hdds-2468-gmfm6-3729483342, networkLocation: /default-rack, certSerialId: null}, Type:RATIS, Factor:ONE, State:CLOSED] removed from db
2019-11-14 13:21:33,534 [Thread-1209] INFO  pipeline.SCMPipelineManager (SCMPipelineManager.java:finalizeAndDestroyPipeline(315)) - destroying pipeline:Pipeline[ Id: 34455590-635f-4ac3-bc59-602451fdc08a, Nodes: c5f0853d-db97-466f-95ef-4b66df91fd94{ip: 192.168.69.121, host: pr-hdds-2468-gmfm6-3729483342, networkLocation: /default-rack, certSerialId: null}da377692-8490-46fb-a58a-cb2c66593f0b{ip: 192.168.69.121, host: pr-hdds-2468-gmfm6-3729483342, networkLocation: /default-rack, certSerialId: null}158d2368-d5c4-46db-a1fd-e1a721205b7d{ip: 192.168.69.121, host: pr-hdds-2468-gmfm6-3729483342, networkLocation: /default-rack, certSerialId: null}, Type:RATIS, Factor:THREE, State:OPEN]
2019-11-14 13:21:33,538 [grpc-default-executor-1] INFO  impl.RaftServerProxy (RaftServerProxy.java:addNew(89)) - 5254e235-0009-400e-8b7c-46acf791df30: addNew group-755D94819D8B:[5254e235-0009-400e-8b7c-46acf791df30:192.168.69.121:44317] returns group-755D94819D8B:java.util.concurrent.CompletableFuture@302b463d[Not completed]
2019-11-14 13:21:33,539 [pool-202-thread-1] INFO  impl.RaftServerImpl (RaftServerImpl.java:<init>(98)) - 5254e235-0009-400e-8b7c-46acf791df30: new RaftServerImpl for group-755D94819D8B:[5254e235-0009-400e-8b7c-46acf791df30:192.168.69.121:44317] with ContainerStateMachine:uninitialized
2019-11-14 13:21:33,542 [pool-202-thread-1] INFO  server.RaftServerConfigKeys (ConfUtils.java:logGet(43)) - raft.server.rpc.timeout.min = 1s (custom)
2019-11-14 13:21:33,542 [pool-202-thread-1] INFO  server.RaftServerConfigKeys (ConfUtils.java:logGet(43)) - raft.server.rpc.timeout.max = 1200ms (custom)
2019-11-14 13:21:33,542 [pool-202-thread-1] INFO  server.RaftServerConfigKeys (ConfUtils.java:logGet(43)) - raft.server.rpcslowness.timeout = 120s (custom)
2019-11-14 13:21:33,542 [pool-202-thread-1] INFO  server.RaftServerConfigKeys (ConfUtils.java:logGet(43)) - raft.server.sleep.deviation.threshold = 300 (default)
2019-11-14 13:21:33,543 [pool-202-thread-1] INFO  server.RaftServerConfigKeys (ConfUtils.java:logGet(43)) - raft.server.log.appender.install.snapshot.enabled = false (custom)
2019-11-14 13:21:33,543 [pool-202-thread-1] INFO  impl.RaftServerImpl (ServerState.java:<init>(103)) - 5254e235-0009-400e-8b7c-46acf791df30@group-755D94819D8B: ConfigurationManager, init=-1: [5254e235-0009-400e-8b7c-46acf791df30:192.168.69.121:44317], old=null, confs=<EMPTY_MAP>
2019-11-14 13:21:33,543 [pool-202-thread-1] INFO  server.RaftServerConfigKeys (ConfUtils.java:logGet(43)) - raft.server.storage.dir = [/workdir/hadoop-ozone/integration-test/target/test-dir/MiniOzoneClusterImpl-3e7318d1-e353-4b83-9c8a-b04a40b588dc/datanode-5/data/ratis] (custom)
2019-11-14 13:21:33,551 [pool-202-thread-1] INFO  server.RaftServerConfigKeys (ConfUtils.java:logGet(43)) - raft.server.log.corruption.policy = EXCEPTION (default)
2019-11-14 13:21:33,551 [pool-202-thread-1] INFO  storage.RaftStorageDirectory (RaftStorageDirectory.java:analyzeStorage(246)) - The storage directory /workdir/hadoop-ozone/integration-test/target/test-dir/MiniOzoneClusterImpl-3e7318d1-e353-4b83-9c8a-b04a40b588dc/datanode-5/data/ratis/d06ac6b0-fc3a-49de-9e41-755d94819d8b does not exist. Creating ...
2019-11-14 13:21:33,602 [pool-202-thread-1] INFO  storage.RaftStorageDirectory (RaftStorageDirectory.java:tryLock(328)) - Lock on /workdir/hadoop-ozone/integration-test/target/test-dir/MiniOzoneClusterImpl-3e7318d1-e353-4b83-9c8a-b04a40b588dc/datanode-5/data/ratis/d06ac6b0-fc3a-49de-9e41-755d94819d8b/in_use.lock acquired by nodename 26507@pr-hdds-2468-gmfm6-3729483342
2019-11-14 13:21:33,636 [pool-202-thread-1] INFO  storage.RaftStorage (RaftStorage.java:format(84)) - Storage directory /workdir/hadoop-ozone/integration-test/target/test-dir/MiniOzoneClusterImpl-3e7318d1-e353-4b83-9c8a-b04a40b588dc/datanode-5/data/ratis/d06ac6b0-fc3a-49de-9e41-755d94819d8b has been successfully formatted.
2019-11-14 13:21:33,636 [pool-202-thread-1] INFO  ratis.ContainerStateMachine (ContainerStateMachine.java:loadSnapshot(223)) - group-755D94819D8B: The snapshot info is null. Setting the last applied indexto:(t:0, i:~)
2019-11-14 13:21:33,636 [pool-202-thread-1] INFO  server.RaftServerConfigKeys (ConfUtils.java:logGet(43)) - raft.server.notification.no-leader.timeout = 120s (custom)
2019-11-14 13:21:33,636 [pool-202-thread-1] INFO  server.RaftServerConfigKeys (ConfUtils.java:logGet(43)) - raft.server.log.use.memory = false (default)
2019-11-14 13:21:33,636 [pool-202-thread-1] INFO  server.RaftServerConfigKeys (ConfUtils.java:logGet(43)) - raft.server.log.purge.gap = 1000000 (custom)
2019-11-14 13:21:33,636 [pool-202-thread-1] INFO  server.RaftServerConfigKeys (ConfUtils.java:logGet(43)) - raft.server.log.appender.buffer.byte-limit = 33554432 (custom)
2019-11-14 13:21:33,637 [pool-202-thread-1] INFO  server.RaftServerConfigKeys (ConfUtils.java:logGet(43)) - raft.server.log.segment.size.max = 1048576 (custom)
2019-11-14 13:21:33,637 [pool-202-thread-1] INFO  server.RaftServerConfigKeys (ConfUtils.java:logGet(43)) - raft.server.log.segment.cache.num.max = 2 (custom)
2019-11-14 13:21:33,637 [pool-202-thread-1] INFO  segmented.SegmentedRaftLogWorker (SegmentedRaftLogWorker.java:<init>(173)) - new 5254e235-0009-400e-8b7c-46acf791df30@group-755D94819D8B-SegmentedRaftLogWorker for RaftStorage:Storage Directory /workdir/hadoop-ozone/integration-test/target/test-dir/MiniOzoneClusterImpl-3e7318d1-e353-4b83-9c8a-b04a40b588dc/datanode-5/data/ratis/d06ac6b0-fc3a-49de-9e41-755d94819d8b
2019-11-14 13:21:33,637 [pool-202-thread-1] INFO  server.RaftServerConfigKeys (ConfUtils.java:logGet(43)) - raft.server.log.queue.byte-limit = 2147483647 (custom)
2019-11-14 13:21:33,637 [pool-202-thread-1] INFO  server.RaftServerConfigKeys (ConfUtils.java:logGet(43)) - raft.server.log.queue.element-limit = 1024 (custom)
2019-11-14 13:21:33,637 [pool-202-thread-1] INFO  server.RaftServerConfigKeys (ConfUtils.java:logGet(43)) - raft.server.log.segment.size.max = 1048576 (custom)
2019-11-14 13:21:33,637 [pool-202-thread-1] INFO  server.RaftServerConfigKeys (ConfUtils.java:logGet(43)) - raft.server.log.preallocated.size = 16384 (custom)
2019-11-14 13:21:33,637 [pool-202-thread-1] INFO  server.RaftServerConfigKeys (ConfUtils.java:logGet(43)) - raft.server.log.write.buffer.size = 33554432 (custom)
2019-11-14 13:21:33,637 [pool-202-thread-1] INFO  server.RaftServerConfigKeys (ConfUtils.java:logGet(43)) - raft.server.log.force.sync.num = 128 (default)
2019-11-14 13:21:33,637 [pool-202-thread-1] INFO  server.RaftServerConfigKeys (ConfUtils.java:logGet(43)) - raft.server.log.statemachine.data.sync = true (default)
2019-11-14 13:21:33,637 [pool-202-thread-1] INFO  server.RaftServerConfigKeys (ConfUtils.java:logGet(43)) - raft.server.log.statemachine.data.sync.timeout = 10s (default)
2019-11-14 13:21:33,637 [pool-202-thread-1] INFO  server.RaftServerConfigKeys (ConfUtils.java:logGet(43)) - raft.server.log.statemachine.data.sync.timeout.retry = -1 (default)
2019-11-14 13:21:33,638 [pool-202-thread-1] INFO  server.RaftServerConfigKeys (ConfUtils.java:logGet(43)) - raft.server.log.statemachine.data.caching.enabled = true (custom)
2019-11-14 13:21:33,645 [pool-202-thread-1] INFO  segmented.SegmentedRaftLogWorker (SegmentedRaftLogWorker.java:lambda$new$0(128)) - 5254e235-0009-400e-8b7c-46acf791df30@group-755D94819D8B-SegmentedRaftLogWorker: flushIndex: setUnconditionally 0 -> -1
2019-11-14 13:21:33,645 [pool-202-thread-1] INFO  server.RaftServerConfigKeys (ConfUtils.java:logGet(43)) - raft.server.snapshot.auto.trigger.enabled = true (custom)
2019-11-14 13:21:33,645 [pool-202-thread-1] INFO  server.RaftServerConfigKeys (ConfUtils.java:logGet(43)) - raft.server.snapshot.auto.trigger.threshold = 10000 (custom)
2019-11-14 13:21:33,645 [pool-202-thread-1] INFO  server.RaftServerConfigKeys (ConfUtils.java:logGet(43)) - raft.server.snapshot.retention.file.num = 5 (custom)
2019-11-14 13:21:33,645 [pool-202-thread-1] INFO  server.RaftServerConfigKeys (ConfUtils.java:logGet(43)) - raft.server.retrycache.expirytime = 600000ms (custom)
2019-11-14 13:21:33,645 [pool-202-thread-1] WARN  impl.MetricRegistriesImpl (MetricRegistriesImpl.java:lambda$create$1(61)) - First MetricRegistry has been created without registering reporters. You may need to call MetricRegistries.global().addReportRegistration(...) before.
2019-11-14 13:21:33,645 [pool-202-thread-1] WARN  impl.MetricRegistriesImpl (MetricRegistriesImpl.java:lambda$create$1(61)) - First MetricRegistry has been created without registering reporters. You may need to call MetricRegistries.global().addReportRegistration(...) before.
2019-11-14 13:21:33,646 [pool-202-thread-1] INFO  impl.RaftServerImpl (RaftServerImpl.java:start(184)) - 5254e235-0009-400e-8b7c-46acf791df30@group-755D94819D8B: start as a follower, conf=-1: [5254e235-0009-400e-8b7c-46acf791df30:192.168.69.121:44317], old=null
2019-11-14 13:21:33,646 [pool-202-thread-1] INFO  impl.RaftServerImpl (RaftServerImpl.java:setRole(173)) - 5254e235-0009-400e-8b7c-46acf791df30@group-755D94819D8B: changes role from      null to FOLLOWER at term 0 for startAsFollower
2019-11-14 13:21:33,646 [pool-202-thread-1] INFO  impl.RoleInfo (RoleInfo.java:updateAndGet(143)) - 5254e235-0009-400e-8b7c-46acf791df30: start FollowerState
2019-11-14 13:21:33,646 [pool-202-thread-1] INFO  util.JmxRegister (JmxRegister.java:tryRegister(44)) - Successfully registered JMX Bean with object name Ratis:service=RaftServer,group=group-755D94819D8B,id=5254e235-0009-400e-8b7c-46acf791df30
2019-11-14 13:21:33,646 [pool-202-thread-1] WARN  impl.MetricRegistriesImpl (MetricRegistriesImpl.java:lambda$create$1(61)) - First MetricRegistry has been created without registering reporters. You may need to call MetricRegistries.global().addReportRegistration(...) before.
2019-11-14 13:21:33,648 [RatisPipelineUtilsThread] INFO  pipeline.PipelineStateManager (PipelineStateManager.java:addPipeline(55)) - Created pipeline Pipeline[ Id: d06ac6b0-fc3a-49de-9e41-755d94819d8b, Nodes: 5254e235-0009-400e-8b7c-46acf791df30{ip: 192.168.69.121, host: pr-hdds-2468-gmfm6-3729483342, networkLocation: /default-rack, certSerialId: null}, Type:RATIS, Factor:ONE, State:ALLOCATED]
2019-11-14 13:21:33,649 [Thread-1209] INFO  pipeline.PipelineStateManager (PipelineStateManager.java:finalizePipeline(121)) - Pipeline Pipeline[ Id: 34455590-635f-4ac3-bc59-602451fdc08a, Nodes: c5f0853d-db97-466f-95ef-4b66df91fd94{ip: 192.168.69.121, host: pr-hdds-2468-gmfm6-3729483342, networkLocation: /default-rack, certSerialId: null}da377692-8490-46fb-a58a-cb2c66593f0b{ip: 192.168.69.121, host: pr-hdds-2468-gmfm6-3729483342, networkLocation: /default-rack, certSerialId: null}158d2368-d5c4-46db-a1fd-e1a721205b7d{ip: 192.168.69.121, host: pr-hdds-2468-gmfm6-3729483342, networkLocation: /default-rack, certSerialId: null}, Type:RATIS, Factor:THREE, State:CLOSED] moved to CLOSED state
2019-11-14 13:21:33,650 [EventQueue-CloseContainerForCloseContainerEventHandler] INFO  container.CloseContainerEventHandler (CloseContainerEventHandler.java:onMessage(61)) - Close container Event triggered for container : #1
2019-11-14 13:21:33,654 [grpc-default-executor-1] INFO  impl.RaftServerProxy (RaftServerProxy.java:remove(95)) - c5f0853d-db97-466f-95ef-4b66df91fd94: remove  FOLLOWER c5f0853d-db97-466f-95ef-4b66df91fd94@group-602451FDC08A:t2, leader=158d2368-d5c4-46db-a1fd-e1a721205b7d, voted=158d2368-d5c4-46db-a1fd-e1a721205b7d, raftlog=c5f0853d-db97-466f-95ef-4b66df91fd94@group-602451FDC08A-SegmentedRaftLog:OPENED:c-1,f0,i4, conf=0: [c5f0853d-db97-466f-95ef-4b66df91fd94:192.168.69.121:44160, da377692-8490-46fb-a58a-cb2c66593f0b:192.168.69.121:42566, 158d2368-d5c4-46db-a1fd-e1a721205b7d:192.168.69.121:35099], old=null RUNNING
2019-11-14 13:21:33,657 [grpc-default-executor-1] INFO  impl.RaftServerImpl (RaftServerImpl.java:lambda$shutdown$3(250)) - c5f0853d-db97-466f-95ef-4b66df91fd94@group-602451FDC08A: shutdown
2019-11-14 13:21:33,657 [grpc-default-executor-1] INFO  util.JmxRegister (JmxRegister.java:unregister(73)) - Successfully un-registered JMX Bean with object name Ratis:service=RaftServer,group=group-602451FDC08A,id=c5f0853d-db97-466f-95ef-4b66df91fd94
2019-11-14 13:21:33,657 [grpc-default-executor-1] INFO  impl.RoleInfo (RoleInfo.java:shutdownFollowerState(121)) - c5f0853d-db97-466f-95ef-4b66df91fd94: shutdown FollowerState
2019-11-14 13:21:33,657 [grpc-default-executor-1] INFO  impl.StateMachineUpdater (StateMachineUpdater.java:stopAndJoin(136)) - c5f0853d-db97-466f-95ef-4b66df91fd94@group-602451FDC08A-StateMachineUpdater: set stopIndex = -1
2019-11-14 13:21:33,657 [Thread-1288] INFO  impl.FollowerState (FollowerState.java:run(120)) - c5f0853d-db97-466f-95ef-4b66df91fd94@group-602451FDC08A-FollowerState was interrupted: java.lang.InterruptedException: sleep interrupted
2019-11-14 13:21:33,657 [grpc-default-executor-1] INFO  impl.RaftServerImpl (ServerState.java:close(387)) - c5f0853d-db97-466f-95ef-4b66df91fd94@group-602451FDC08A: closes. applyIndex: -1
2019-11-14 13:21:33,670 [c5f0853d-db97-466f-95ef-4b66df91fd94@group-602451FDC08A-SegmentedRaftLogWorker] ERROR ratis.XceiverServerRatis (XceiverServerRatis.java:triggerPipelineClose(584)) - pipeline Action CLOSE  on pipeline PipelineID=34455590-635f-4ac3-bc59-602451fdc08a.Reason : WriteLog:1: (t:2, i:1), STATEMACHINELOGENTRY, client-12D23080F5DA, cid=114-writeStateMachineData interrupted.
2019-11-14 13:21:33,672 [grpc-default-executor-1] INFO  segmented.SegmentedRaftLogWorker (SegmentedRaftLogWorker.java:close(224)) - c5f0853d-db97-466f-95ef-4b66df91fd94@group-602451FDC08A-SegmentedRaftLogWorker close()
2019-11-14 13:21:33,677 [EventQueue-PipelineActionsForPipelineActionHandler] ERROR pipeline.PipelineActionHandler (PipelineActionHandler.java:onMessage(60)) - Received pipeline action CLOSE for Pipeline[ Id: 34455590-635f-4ac3-bc59-602451fdc08a, Nodes: c5f0853d-db97-466f-95ef-4b66df91fd94{ip: 192.168.69.121, host: pr-hdds-2468-gmfm6-3729483342, networkLocation: /default-rack, certSerialId: null}da377692-8490-46fb-a58a-cb2c66593f0b{ip: 192.168.69.121, host: pr-hdds-2468-gmfm6-3729483342, networkLocation: /default-rack, certSerialId: null}158d2368-d5c4-46db-a1fd-e1a721205b7d{ip: 192.168.69.121, host: pr-hdds-2468-gmfm6-3729483342, networkLocation: /default-rack, certSerialId: null}, Type:RATIS, Factor:THREE, State:CLOSED] from datanode c5f0853d-db97-466f-95ef-4b66df91fd94{ip: 192.168.69.121, host: pr-hdds-2468-gmfm6-3729483342, networkLocation: /default-rack, certSerialId: null}. Reason : WriteLog:1: (t:2, i:1), STATEMACHINELOGENTRY, client-12D23080F5DA, cid=114-writeStateMachineData interrupted.
2019-11-14 13:21:33,677 [EventQueue-PipelineActionsForPipelineActionHandler] INFO  pipeline.SCMPipelineManager (SCMPipelineManager.java:finalizeAndDestroyPipeline(315)) - destroying pipeline:Pipeline[ Id: 34455590-635f-4ac3-bc59-602451fdc08a, Nodes: c5f0853d-db97-466f-95ef-4b66df91fd94{ip: 192.168.69.121, host: pr-hdds-2468-gmfm6-3729483342, networkLocation: /default-rack, certSerialId: null}da377692-8490-46fb-a58a-cb2c66593f0b{ip: 192.168.69.121, host: pr-hdds-2468-gmfm6-3729483342, networkLocation: /default-rack, certSerialId: null}158d2368-d5c4-46db-a1fd-e1a721205b7d{ip: 192.168.69.121, host: pr-hdds-2468-gmfm6-3729483342, networkLocation: /default-rack, certSerialId: null}, Type:RATIS, Factor:THREE, State:CLOSED]
2019-11-14 13:21:33,684 [grpc-default-executor-1] INFO  impl.RaftServerProxy (RaftServerProxy.java:remove(95)) - da377692-8490-46fb-a58a-cb2c66593f0b: remove  FOLLOWER da377692-8490-46fb-a58a-cb2c66593f0b@group-602451FDC08A:t2, leader=158d2368-d5c4-46db-a1fd-e1a721205b7d, voted=158d2368-d5c4-46db-a1fd-e1a721205b7d, raftlog=da377692-8490-46fb-a58a-cb2c66593f0b@group-602451FDC08A-SegmentedRaftLog:OPENED:c-1,f0,i4, conf=0: [c5f0853d-db97-466f-95ef-4b66df91fd94:192.168.69.121:44160, da377692-8490-46fb-a58a-cb2c66593f0b:192.168.69.121:42566, 158d2368-d5c4-46db-a1fd-e1a721205b7d:192.168.69.121:35099], old=null RUNNING
2019-11-14 13:21:33,687 [grpc-default-executor-1] INFO  impl.RaftServerImpl (RaftServerImpl.java:lambda$shutdown$3(250)) - da377692-8490-46fb-a58a-cb2c66593f0b@group-602451FDC08A: shutdown
2019-11-14 13:21:33,687 [grpc-default-executor-1] INFO  util.JmxRegister (JmxRegister.java:unregister(73)) - Successfully un-registered JMX Bean with object name Ratis:service=RaftServer,group=group-602451FDC08A,id=da377692-8490-46fb-a58a-cb2c66593f0b
2019-11-14 13:21:33,688 [grpc-default-executor-1] INFO  impl.RoleInfo (RoleInfo.java:shutdownFollowerState(121)) - da377692-8490-46fb-a58a-cb2c66593f0b: shutdown FollowerState
2019-11-14 13:21:33,688 [grpc-default-executor-1] INFO  impl.StateMachineUpdater (StateMachineUpdater.java:stopAndJoin(136)) - da377692-8490-46fb-a58a-cb2c66593f0b@group-602451FDC08A-StateMachineUpdater: set stopIndex = -1
2019-11-14 13:21:33,688 [grpc-default-executor-1] INFO  impl.RaftServerImpl (ServerState.java:close(387)) - da377692-8490-46fb-a58a-cb2c66593f0b@group-602451FDC08A: closes. applyIndex: -1
2019-11-14 13:21:33,688 [Thread-1289] INFO  impl.FollowerState (FollowerState.java:run(120)) - da377692-8490-46fb-a58a-cb2c66593f0b@group-602451FDC08A-FollowerState was interrupted: java.lang.InterruptedException: sleep interrupted
2019-11-14 13:21:33,692 [da377692-8490-46fb-a58a-cb2c66593f0b@group-602451FDC08A-SegmentedRaftLogWorker] ERROR ratis.XceiverServerRatis (XceiverServerRatis.java:triggerPipelineClose(584)) - pipeline Action CLOSE  on pipeline PipelineID=34455590-635f-4ac3-bc59-602451fdc08a.Reason : WriteLog:1: (t:2, i:1), STATEMACHINELOGENTRY, client-12D23080F5DA, cid=114-writeStateMachineData interrupted.
2019-11-14 13:21:33,695 [EventQueue-PipelineActionsForPipelineActionHandler] ERROR pipeline.PipelineActionHandler (PipelineActionHandler.java:onMessage(60)) - Received pipeline action CLOSE for Pipeline[ Id: 34455590-635f-4ac3-bc59-602451fdc08a, Nodes: c5f0853d-db97-466f-95ef-4b66df91fd94{ip: 192.168.69.121, host: pr-hdds-2468-gmfm6-3729483342, networkLocation: /default-rack, certSerialId: null}da377692-8490-46fb-a58a-cb2c66593f0b{ip: 192.168.69.121, host: pr-hdds-2468-gmfm6-3729483342, networkLocation: /default-rack, certSerialId: null}158d2368-d5c4-46db-a1fd-e1a721205b7d{ip: 192.168.69.121, host: pr-hdds-2468-gmfm6-3729483342, networkLocation: /default-rack, certSerialId: null}, Type:RATIS, Factor:THREE, State:CLOSED] from datanode da377692-8490-46fb-a58a-cb2c66593f0b{ip: 192.168.69.121, host: pr-hdds-2468-gmfm6-3729483342, networkLocation: /default-rack, certSerialId: null}. Reason : WriteLog:1: (t:2, i:1), STATEMACHINELOGENTRY, client-12D23080F5DA, cid=114-writeStateMachineData interrupted.
2019-11-14 13:21:33,695 [EventQueue-PipelineActionsForPipelineActionHandler] INFO  pipeline.SCMPipelineManager (SCMPipelineManager.java:finalizeAndDestroyPipeline(315)) - destroying pipeline:Pipeline[ Id: 34455590-635f-4ac3-bc59-602451fdc08a, Nodes: c5f0853d-db97-466f-95ef-4b66df91fd94{ip: 192.168.69.121, host: pr-hdds-2468-gmfm6-3729483342, networkLocation: /default-rack, certSerialId: null}da377692-8490-46fb-a58a-cb2c66593f0b{ip: 192.168.69.121, host: pr-hdds-2468-gmfm6-3729483342, networkLocation: /default-rack, certSerialId: null}158d2368-d5c4-46db-a1fd-e1a721205b7d{ip: 192.168.69.121, host: pr-hdds-2468-gmfm6-3729483342, networkLocation: /default-rack, certSerialId: null}, Type:RATIS, Factor:THREE, State:CLOSED]
2019-11-14 13:21:33,696 [grpc-default-executor-1] INFO  segmented.SegmentedRaftLogWorker (SegmentedRaftLogWorker.java:close(224)) - da377692-8490-46fb-a58a-cb2c66593f0b@group-602451FDC08A-SegmentedRaftLogWorker close()
2019-11-14 13:21:33,712 [grpc-default-executor-1] INFO  impl.RaftServerProxy (RaftServerProxy.java:remove(95)) - 158d2368-d5c4-46db-a1fd-e1a721205b7d: remove    LEADER 158d2368-d5c4-46db-a1fd-e1a721205b7d@group-602451FDC08A:t2, leader=158d2368-d5c4-46db-a1fd-e1a721205b7d, voted=158d2368-d5c4-46db-a1fd-e1a721205b7d, raftlog=158d2368-d5c4-46db-a1fd-e1a721205b7d@group-602451FDC08A-SegmentedRaftLog:OPENED:c0,f0,i4, conf=0: [c5f0853d-db97-466f-95ef-4b66df91fd94:192.168.69.121:44160, da377692-8490-46fb-a58a-cb2c66593f0b:192.168.69.121:42566, 158d2368-d5c4-46db-a1fd-e1a721205b7d:192.168.69.121:35099], old=null RUNNING
2019-11-14 13:21:33,712 [grpc-default-executor-1] INFO  impl.RaftServerImpl (RaftServerImpl.java:lambda$shutdown$3(250)) - 158d2368-d5c4-46db-a1fd-e1a721205b7d@group-602451FDC08A: shutdown
2019-11-14 13:21:33,713 [grpc-default-executor-1] INFO  util.JmxRegister (JmxRegister.java:unregister(73)) - Successfully un-registered JMX Bean with object name Ratis:service=RaftServer,group=group-602451FDC08A,id=158d2368-d5c4-46db-a1fd-e1a721205b7d
2019-11-14 13:21:33,713 [grpc-default-executor-1] INFO  impl.RoleInfo (RoleInfo.java:shutdownLeaderState(104)) - 158d2368-d5c4-46db-a1fd-e1a721205b7d: shutdown LeaderState
2019-11-14 13:21:33,714 [grpc-default-executor-1] INFO  impl.PendingRequests (PendingRequests.java:sendNotLeaderResponses(206)) - 158d2368-d5c4-46db-a1fd-e1a721205b7d@group-602451FDC08A-PendingRequests: sendNotLeaderResponses
2019-11-14 13:21:33,715 [org.apache.ratis.server.impl.LogAppender$AppenderDaemon$$Lambda$465/1792419337@744da46e] WARN  server.GrpcLogAppender (GrpcLogAppender.java:mayWait(151)) - 158d2368-d5c4-46db-a1fd-e1a721205b7d@group-602451FDC08A->da377692-8490-46fb-a58a-cb2c66593f0b-GrpcLogAppender: Wait interrupted by java.lang.InterruptedException
2019-11-14 13:21:33,715 [org.apache.ratis.server.impl.LogAppender$AppenderDaemon$$Lambda$465/1792419337@314f3c23] WARN  server.GrpcLogAppender (GrpcLogAppender.java:mayWait(151)) - 158d2368-d5c4-46db-a1fd-e1a721205b7d@group-602451FDC08A->c5f0853d-db97-466f-95ef-4b66df91fd94-GrpcLogAppender: Wait interrupted by java.lang.InterruptedException
2019-11-14 13:21:33,716 [grpc-default-executor-5] INFO  server.GrpcServerProtocolService (GrpcServerProtocolService.java:onCompleted(113)) - da377692-8490-46fb-a58a-cb2c66593f0b: Completed APPEND_ENTRIES, lastRequest: 158d2368-d5c4-46db-a1fd-e1a721205b7d->da377692-8490-46fb-a58a-cb2c66593f0b#5-t2, previous=(t:2, i:3), leaderCommit=0, initializing? false, entries: size=1, first=(t:2, i:4), STATEMACHINELOGENTRY, client-12D23080F5DA, cid=117
2019-11-14 13:21:33,716 [grpc-default-executor-0] INFO  server.GrpcServerProtocolService (GrpcServerProtocolService.java:onCompleted(113)) - c5f0853d-db97-466f-95ef-4b66df91fd94: Completed APPEND_ENTRIES, lastRequest: 158d2368-d5c4-46db-a1fd-e1a721205b7d->c5f0853d-db97-466f-95ef-4b66df91fd94#5-t2, previous=(t:2, i:3), leaderCommit=0, initializing? false, entries: size=1, first=(t:2, i:4), STATEMACHINELOGENTRY, client-12D23080F5DA, cid=117
2019-11-14 13:21:33,717 [grpc-default-executor-1] INFO  impl.StateMachineUpdater (StateMachineUpdater.java:stopAndJoin(136)) - 158d2368-d5c4-46db-a1fd-e1a721205b7d@group-602451FDC08A-StateMachineUpdater: set stopIndex = 0
2019-11-14 13:21:33,717 [grpc-default-executor-1] INFO  impl.RaftServerImpl (ServerState.java:close(387)) - 158d2368-d5c4-46db-a1fd-e1a721205b7d@group-602451FDC08A: closes. applyIndex: 0
2019-11-14 13:21:33,717 [grpc-default-executor-5] INFO  server.GrpcLogAppender (GrpcLogAppender.java:onCompleted(308)) - 158d2368-d5c4-46db-a1fd-e1a721205b7d@group-602451FDC08A->da377692-8490-46fb-a58a-cb2c66593f0b-AppendLogResponseHandler: follower responses appendEntries COMPLETED
2019-11-14 13:21:33,718 [grpc-default-executor-0] INFO  server.GrpcLogAppender (GrpcLogAppender.java:onCompleted(308)) - 158d2368-d5c4-46db-a1fd-e1a721205b7d@group-602451FDC08A->c5f0853d-db97-466f-95ef-4b66df91fd94-AppendLogResponseHandler: follower responses appendEntries COMPLETED
2019-11-14 13:21:33,719 [158d2368-d5c4-46db-a1fd-e1a721205b7d@group-602451FDC08A-SegmentedRaftLogWorker] ERROR ratis.XceiverServerRatis (XceiverServerRatis.java:triggerPipelineClose(584)) - pipeline Action CLOSE  on pipeline PipelineID=34455590-635f-4ac3-bc59-602451fdc08a.Reason : WriteLog:1: (t:2, i:1), STATEMACHINELOGENTRY, client-12D23080F5DA, cid=114-writeStateMachineData interrupted.
2019-11-14 13:21:33,719 [grpc-default-executor-1] INFO  segmented.SegmentedRaftLogWorker (SegmentedRaftLogWorker.java:close(224)) - 158d2368-d5c4-46db-a1fd-e1a721205b7d@group-602451FDC08A-SegmentedRaftLogWorker close()
2019-11-14 13:21:33,719 [grpc-default-executor-0] INFO  impl.FollowerInfo (FollowerInfo.java:lambda$new$0(51)) - 158d2368-d5c4-46db-a1fd-e1a721205b7d@group-602451FDC08A->c5f0853d-db97-466f-95ef-4b66df91fd94: nextIndex: updateUnconditionally 5 -> 1
2019-11-14 13:21:33,719 [grpc-default-executor-5] INFO  impl.FollowerInfo (FollowerInfo.java:lambda$new$0(51)) - 158d2368-d5c4-46db-a1fd-e1a721205b7d@group-602451FDC08A->da377692-8490-46fb-a58a-cb2c66593f0b: nextIndex: updateUnconditionally 5 -> 1
2019-11-14 13:21:33,721 [EventQueue-PipelineActionsForPipelineActionHandler] ERROR pipeline.PipelineActionHandler (PipelineActionHandler.java:onMessage(60)) - Received pipeline action CLOSE for Pipeline[ Id: 34455590-635f-4ac3-bc59-602451fdc08a, Nodes: c5f0853d-db97-466f-95ef-4b66df91fd94{ip: 192.168.69.121, host: pr-hdds-2468-gmfm6-3729483342, networkLocation: /default-rack, certSerialId: null}da377692-8490-46fb-a58a-cb2c66593f0b{ip: 192.168.69.121, host: pr-hdds-2468-gmfm6-3729483342, networkLocation: /default-rack, certSerialId: null}158d2368-d5c4-46db-a1fd-e1a721205b7d{ip: 192.168.69.121, host: pr-hdds-2468-gmfm6-3729483342, networkLocation: /default-rack, certSerialId: null}, Type:RATIS, Factor:THREE, State:CLOSED] from datanode 158d2368-d5c4-46db-a1fd-e1a721205b7d{ip: 192.168.69.121, host: pr-hdds-2468-gmfm6-3729483342, networkLocation: /default-rack, certSerialId: null}. Reason : WriteLog:1: (t:2, i:1), STATEMACHINELOGENTRY, client-12D23080F5DA, cid=114-writeStateMachineData interrupted.
2019-11-14 13:21:33,721 [EventQueue-PipelineActionsForPipelineActionHandler] INFO  pipeline.SCMPipelineManager (SCMPipelineManager.java:finalizeAndDestroyPipeline(315)) - destroying pipeline:Pipeline[ Id: 34455590-635f-4ac3-bc59-602451fdc08a, Nodes: c5f0853d-db97-466f-95ef-4b66df91fd94{ip: 192.168.69.121, host: pr-hdds-2468-gmfm6-3729483342, networkLocation: /default-rack, certSerialId: null}da377692-8490-46fb-a58a-cb2c66593f0b{ip: 192.168.69.121, host: pr-hdds-2468-gmfm6-3729483342, networkLocation: /default-rack, certSerialId: null}158d2368-d5c4-46db-a1fd-e1a721205b7d{ip: 192.168.69.121, host: pr-hdds-2468-gmfm6-3729483342, networkLocation: /default-rack, certSerialId: null}, Type:RATIS, Factor:THREE, State:CLOSED]
2019-11-14 13:21:33,723 [Thread-1209] INFO  pipeline.PipelineStateManager (PipelineStateManager.java:removePipeline(106)) - Pipeline Pipeline[ Id: 34455590-635f-4ac3-bc59-602451fdc08a, Nodes: c5f0853d-db97-466f-95ef-4b66df91fd94{ip: 192.168.69.121, host: pr-hdds-2468-gmfm6-3729483342, networkLocation: /default-rack, certSerialId: null}da377692-8490-46fb-a58a-cb2c66593f0b{ip: 192.168.69.121, host: pr-hdds-2468-gmfm6-3729483342, networkLocation: /default-rack, certSerialId: null}158d2368-d5c4-46db-a1fd-e1a721205b7d{ip: 192.168.69.121, host: pr-hdds-2468-gmfm6-3729483342, networkLocation: /default-rack, certSerialId: null}, Type:RATIS, Factor:THREE, State:CLOSED] removed from db
2019-11-14 13:21:33,724 [Thread-1209] INFO  pipeline.SCMPipelineManager (SCMPipelineManager.java:finalizeAndDestroyPipeline(315)) - destroying pipeline:Pipeline[ Id: cb06a092-e809-4d27-8542-e2cec09401e8, Nodes: c5f0853d-db97-466f-95ef-4b66df91fd94{ip: 192.168.69.121, host: pr-hdds-2468-gmfm6-3729483342, networkLocation: /default-rack, certSerialId: null}, Type:RATIS, Factor:ONE, State:OPEN]
2019-11-14 13:21:33,729 [grpc-default-executor-7] INFO  impl.RaftServerProxy (RaftServerProxy.java:addNew(89)) - c5f0853d-db97-466f-95ef-4b66df91fd94: addNew group-22A427C68145:[c5f0853d-db97-466f-95ef-4b66df91fd94:192.168.69.121:44160, da377692-8490-46fb-a58a-cb2c66593f0b:192.168.69.121:42566, 158d2368-d5c4-46db-a1fd-e1a721205b7d:192.168.69.121:35099] returns group-22A427C68145:java.util.concurrent.CompletableFuture@15850dd6[Not completed]
2019-11-14 13:21:33,731 [grpc-default-executor-1] INFO  impl.RaftServerProxy (RaftServerProxy.java:addNew(89)) - da377692-8490-46fb-a58a-cb2c66593f0b: addNew group-22A427C68145:[c5f0853d-db97-466f-95ef-4b66df91fd94:192.168.69.121:44160, da377692-8490-46fb-a58a-cb2c66593f0b:192.168.69.121:42566, 158d2368-d5c4-46db-a1fd-e1a721205b7d:192.168.69.121:35099] returns group-22A427C68145:java.util.concurrent.CompletableFuture@27095e6b[Not completed]
2019-11-14 13:21:33,732 [pool-162-thread-1] INFO  impl.RaftServerImpl (RaftServerImpl.java:<init>(98)) - da377692-8490-46fb-a58a-cb2c66593f0b: new RaftServerImpl for group-22A427C68145:[c5f0853d-db97-466f-95ef-4b66df91fd94:192.168.69.121:44160, da377692-8490-46fb-a58a-cb2c66593f0b:192.168.69.121:42566, 158d2368-d5c4-46db-a1fd-e1a721205b7d:192.168.69.121:35099] with ContainerStateMachine:uninitialized
2019-11-14 13:21:33,732 [pool-162-thread-1] INFO  server.RaftServerConfigKeys (ConfUtils.java:logGet(43)) - raft.server.rpc.timeout.min = 1s (custom)
2019-11-14 13:21:33,732 [pool-162-thread-1] INFO  server.RaftServerConfigKeys (ConfUtils.java:logGet(43)) - raft.server.rpc.timeout.max = 1200ms (custom)
2019-11-14 13:21:33,732 [pool-162-thread-1] INFO  server.RaftServerConfigKeys (ConfUtils.java:logGet(43)) - raft.server.rpcslowness.timeout = 120s (custom)
2019-11-14 13:21:33,732 [pool-162-thread-1] INFO  server.RaftServerConfigKeys (ConfUtils.java:logGet(43)) - raft.server.sleep.deviation.threshold = 300 (default)
2019-11-14 13:21:33,732 [pool-162-thread-1] INFO  server.RaftServerConfigKeys (ConfUtils.java:logGet(43)) - raft.server.log.appender.install.snapshot.enabled = false (custom)
2019-11-14 13:21:33,733 [pool-162-thread-1] INFO  impl.RaftServerImpl (ServerState.java:<init>(103)) - da377692-8490-46fb-a58a-cb2c66593f0b@group-22A427C68145: ConfigurationManager, init=-1: [c5f0853d-db97-466f-95ef-4b66df91fd94:192.168.69.121:44160, da377692-8490-46fb-a58a-cb2c66593f0b:192.168.69.121:42566, 158d2368-d5c4-46db-a1fd-e1a721205b7d:192.168.69.121:35099], old=null, confs=<EMPTY_MAP>
2019-11-14 13:21:33,733 [pool-172-thread-1] INFO  impl.RaftServerImpl (RaftServerImpl.java:<init>(98)) - c5f0853d-db97-466f-95ef-4b66df91fd94: new RaftServerImpl for group-22A427C68145:[c5f0853d-db97-466f-95ef-4b66df91fd94:192.168.69.121:44160, da377692-8490-46fb-a58a-cb2c66593f0b:192.168.69.121:42566, 158d2368-d5c4-46db-a1fd-e1a721205b7d:192.168.69.121:35099] with ContainerStateMachine:uninitialized
2019-11-14 13:21:33,733 [pool-162-thread-1] INFO  server.RaftServerConfigKeys (ConfUtils.java:logGet(43)) - raft.server.storage.dir = [/workdir/hadoop-ozone/integration-test/target/test-dir/MiniOzoneClusterImpl-3e7318d1-e353-4b83-9c8a-b04a40b588dc/datanode-1/data/ratis] (custom)
2019-11-14 13:21:33,733 [pool-172-thread-1] INFO  server.RaftServerConfigKeys (ConfUtils.java:logGet(43)) - raft.server.rpc.timeout.min = 1s (custom)
2019-11-14 13:21:33,733 [pool-162-thread-1] INFO  server.RaftServerConfigKeys (ConfUtils.java:logGet(43)) - raft.server.log.corruption.policy = EXCEPTION (default)
2019-11-14 13:21:33,733 [pool-172-thread-1] INFO  server.RaftServerConfigKeys (ConfUtils.java:logGet(43)) - raft.server.rpc.timeout.max = 1200ms (custom)
2019-11-14 13:21:33,733 [pool-162-thread-1] INFO  storage.RaftStorageDirectory (RaftStorageDirectory.java:analyzeStorage(246)) - The storage directory /workdir/hadoop-ozone/integration-test/target/test-dir/MiniOzoneClusterImpl-3e7318d1-e353-4b83-9c8a-b04a40b588dc/datanode-1/data/ratis/31ddc5dc-f8e1-4260-8a35-22a427c68145 does not exist. Creating ...
2019-11-14 13:21:33,733 [pool-172-thread-1] INFO  server.RaftServerConfigKeys (ConfUtils.java:logGet(43)) - raft.server.rpcslowness.timeout = 120s (custom)
2019-11-14 13:21:33,733 [pool-172-thread-1] INFO  server.RaftServerConfigKeys (ConfUtils.java:logGet(43)) - raft.server.sleep.deviation.threshold = 300 (default)
2019-11-14 13:21:33,733 [pool-172-thread-1] INFO  server.RaftServerConfigKeys (ConfUtils.java:logGet(43)) - raft.server.log.appender.install.snapshot.enabled = false (custom)
2019-11-14 13:21:33,734 [pool-172-thread-1] INFO  impl.RaftServerImpl (ServerState.java:<init>(103)) - c5f0853d-db97-466f-95ef-4b66df91fd94@group-22A427C68145: ConfigurationManager, init=-1: [c5f0853d-db97-466f-95ef-4b66df91fd94:192.168.69.121:44160, da377692-8490-46fb-a58a-cb2c66593f0b:192.168.69.121:42566, 158d2368-d5c4-46db-a1fd-e1a721205b7d:192.168.69.121:35099], old=null, confs=<EMPTY_MAP>
2019-11-14 13:21:33,734 [pool-172-thread-1] INFO  server.RaftServerConfigKeys (ConfUtils.java:logGet(43)) - raft.server.storage.dir = [/workdir/hadoop-ozone/integration-test/target/test-dir/MiniOzoneClusterImpl-3e7318d1-e353-4b83-9c8a-b04a40b588dc/datanode-2/data/ratis] (custom)
2019-11-14 13:21:33,734 [pool-172-thread-1] INFO  server.RaftServerConfigKeys (ConfUtils.java:logGet(43)) - raft.server.log.corruption.policy = EXCEPTION (default)
2019-11-14 13:21:33,734 [pool-172-thread-1] INFO  storage.RaftStorageDirectory (RaftStorageDirectory.java:analyzeStorage(246)) - The storage directory /workdir/hadoop-ozone/integration-test/target/test-dir/MiniOzoneClusterImpl-3e7318d1-e353-4b83-9c8a-b04a40b588dc/datanode-2/data/ratis/31ddc5dc-f8e1-4260-8a35-22a427c68145 does not exist. Creating ...
2019-11-14 13:21:33,734 [grpc-default-executor-1] INFO  impl.RaftServerProxy (RaftServerProxy.java:addNew(89)) - 158d2368-d5c4-46db-a1fd-e1a721205b7d: addNew group-22A427C68145:[c5f0853d-db97-466f-95ef-4b66df91fd94:192.168.69.121:44160, da377692-8490-46fb-a58a-cb2c66593f0b:192.168.69.121:42566, 158d2368-d5c4-46db-a1fd-e1a721205b7d:192.168.69.121:35099] returns group-22A427C68145:java.util.concurrent.CompletableFuture@3a2527d6[Not completed]
2019-11-14 13:21:33,735 [pool-152-thread-1] INFO  impl.RaftServerImpl (RaftServerImpl.java:<init>(98)) - 158d2368-d5c4-46db-a1fd-e1a721205b7d: new RaftServerImpl for group-22A427C68145:[c5f0853d-db97-466f-95ef-4b66df91fd94:192.168.69.121:44160, da377692-8490-46fb-a58a-cb2c66593f0b:192.168.69.121:42566, 158d2368-d5c4-46db-a1fd-e1a721205b7d:192.168.69.121:35099] with ContainerStateMachine:uninitialized
2019-11-14 13:21:33,735 [pool-152-thread-1] INFO  server.RaftServerConfigKeys (ConfUtils.java:logGet(43)) - raft.server.rpc.timeout.min = 1s (custom)
2019-11-14 13:21:33,735 [pool-152-thread-1] INFO  server.RaftServerConfigKeys (ConfUtils.java:logGet(43)) - raft.server.rpc.timeout.max = 1200ms (custom)
2019-11-14 13:21:33,735 [pool-152-thread-1] INFO  server.RaftServerConfigKeys (ConfUtils.java:logGet(43)) - raft.server.rpcslowness.timeout = 120s (custom)
2019-11-14 13:21:33,735 [pool-152-thread-1] INFO  server.RaftServerConfigKeys (ConfUtils.java:logGet(43)) - raft.server.sleep.deviation.threshold = 300 (default)
2019-11-14 13:21:33,735 [pool-152-thread-1] INFO  server.RaftServerConfigKeys (ConfUtils.java:logGet(43)) - raft.server.log.appender.install.snapshot.enabled = false (custom)
2019-11-14 13:21:33,735 [pool-152-thread-1] INFO  impl.RaftServerImpl (ServerState.java:<init>(103)) - 158d2368-d5c4-46db-a1fd-e1a721205b7d@group-22A427C68145: ConfigurationManager, init=-1: [c5f0853d-db97-466f-95ef-4b66df91fd94:192.168.69.121:44160, da377692-8490-46fb-a58a-cb2c66593f0b:192.168.69.121:42566, 158d2368-d5c4-46db-a1fd-e1a721205b7d:192.168.69.121:35099], old=null, confs=<EMPTY_MAP>
2019-11-14 13:21:33,736 [pool-152-thread-1] INFO  server.RaftServerConfigKeys (ConfUtils.java:logGet(43)) - raft.server.storage.dir = [/workdir/hadoop-ozone/integration-test/target/test-dir/MiniOzoneClusterImpl-3e7318d1-e353-4b83-9c8a-b04a40b588dc/datanode-0/data/ratis] (custom)
2019-11-14 13:21:33,739 [pool-152-thread-1] INFO  server.RaftServerConfigKeys (ConfUtils.java:logGet(43)) - raft.server.log.corruption.policy = EXCEPTION (default)
2019-11-14 13:21:33,740 [pool-152-thread-1] INFO  storage.RaftStorageDirectory (RaftStorageDirectory.java:analyzeStorage(246)) - The storage directory /workdir/hadoop-ozone/integration-test/target/test-dir/MiniOzoneClusterImpl-3e7318d1-e353-4b83-9c8a-b04a40b588dc/datanode-0/data/ratis/31ddc5dc-f8e1-4260-8a35-22a427c68145 does not exist. Creating ...
2019-11-14 13:21:33,766 [pool-162-thread-1] INFO  storage.RaftStorageDirectory (RaftStorageDirectory.java:tryLock(328)) - Lock on /workdir/hadoop-ozone/integration-test/target/test-dir/MiniOzoneClusterImpl-3e7318d1-e353-4b83-9c8a-b04a40b588dc/datanode-1/data/ratis/31ddc5dc-f8e1-4260-8a35-22a427c68145/in_use.lock acquired by nodename 26507@pr-hdds-2468-gmfm6-3729483342
2019-11-14 13:21:33,766 [pool-152-thread-1] INFO  storage.RaftStorageDirectory (RaftStorageDirectory.java:tryLock(328)) - Lock on /workdir/hadoop-ozone/integration-test/target/test-dir/MiniOzoneClusterImpl-3e7318d1-e353-4b83-9c8a-b04a40b588dc/datanode-0/data/ratis/31ddc5dc-f8e1-4260-8a35-22a427c68145/in_use.lock acquired by nodename 26507@pr-hdds-2468-gmfm6-3729483342
2019-11-14 13:21:33,766 [pool-172-thread-1] INFO  storage.RaftStorageDirectory (RaftStorageDirectory.java:tryLock(328)) - Lock on /workdir/hadoop-ozone/integration-test/target/test-dir/MiniOzoneClusterImpl-3e7318d1-e353-4b83-9c8a-b04a40b588dc/datanode-2/data/ratis/31ddc5dc-f8e1-4260-8a35-22a427c68145/in_use.lock acquired by nodename 26507@pr-hdds-2468-gmfm6-3729483342
2019-11-14 13:21:33,792 [pool-162-thread-1] INFO  storage.RaftStorage (RaftStorage.java:format(84)) - Storage directory /workdir/hadoop-ozone/integration-test/target/test-dir/MiniOzoneClusterImpl-3e7318d1-e353-4b83-9c8a-b04a40b588dc/datanode-1/data/ratis/31ddc5dc-f8e1-4260-8a35-22a427c68145 has been successfully formatted.
2019-11-14 13:21:33,792 [pool-152-thread-1] INFO  storage.RaftStorage (RaftStorage.java:format(84)) - Storage directory /workdir/hadoop-ozone/integration-test/target/test-dir/MiniOzoneClusterImpl-3e7318d1-e353-4b83-9c8a-b04a40b588dc/datanode-0/data/ratis/31ddc5dc-f8e1-4260-8a35-22a427c68145 has been successfully formatted.
2019-11-14 13:21:33,792 [pool-172-thread-1] INFO  storage.RaftStorage (RaftStorage.java:format(84)) - Storage directory /workdir/hadoop-ozone/integration-test/target/test-dir/MiniOzoneClusterImpl-3e7318d1-e353-4b83-9c8a-b04a40b588dc/datanode-2/data/ratis/31ddc5dc-f8e1-4260-8a35-22a427c68145 has been successfully formatted.
2019-11-14 13:21:33,793 [pool-152-thread-1] INFO  ratis.ContainerStateMachine (ContainerStateMachine.java:loadSnapshot(223)) - group-22A427C68145: The snapshot info is null. Setting the last applied indexto:(t:0, i:~)
2019-11-14 13:21:33,793 [pool-172-thread-1] INFO  ratis.ContainerStateMachine (ContainerStateMachine.java:loadSnapshot(223)) - group-22A427C68145: The snapshot info is null. Setting the last applied indexto:(t:0, i:~)
2019-11-14 13:21:33,793 [pool-162-thread-1] INFO  ratis.ContainerStateMachine (ContainerStateMachine.java:loadSnapshot(223)) - group-22A427C68145: The snapshot info is null. Setting the last applied indexto:(t:0, i:~)
2019-11-14 13:21:33,793 [pool-172-thread-1] INFO  server.RaftServerConfigKeys (ConfUtils.java:logGet(43)) - raft.server.notification.no-leader.timeout = 120s (custom)
2019-11-14 13:21:33,793 [pool-152-thread-1] INFO  server.RaftServerConfigKeys (ConfUtils.java:logGet(43)) - raft.server.notification.no-leader.timeout = 120s (custom)
2019-11-14 13:21:33,793 [pool-172-thread-1] INFO  server.RaftServerConfigKeys (ConfUtils.java:logGet(43)) - raft.server.log.use.memory = false (default)
2019-11-14 13:21:33,793 [pool-162-thread-1] INFO  server.RaftServerConfigKeys (ConfUtils.java:logGet(43)) - raft.server.notification.no-leader.timeout = 120s (custom)
2019-11-14 13:21:33,793 [pool-172-thread-1] INFO  server.RaftServerConfigKeys (ConfUtils.java:logGet(43)) - raft.server.log.purge.gap = 1000000 (custom)
2019-11-14 13:21:33,793 [pool-152-thread-1] INFO  server.RaftServerConfigKeys (ConfUtils.java:logGet(43)) - raft.server.log.use.memory = false (default)
2019-11-14 13:21:33,793 [pool-172-thread-1] INFO  server.RaftServerConfigKeys (ConfUtils.java:logGet(43)) - raft.server.log.appender.buffer.byte-limit = 33554432 (custom)
2019-11-14 13:21:33,793 [pool-162-thread-1] INFO  server.RaftServerConfigKeys (ConfUtils.java:logGet(43)) - raft.server.log.use.memory = false (default)
2019-11-14 13:21:33,793 [pool-172-thread-1] INFO  server.RaftServerConfigKeys (ConfUtils.java:logGet(43)) - raft.server.log.segment.size.max = 1048576 (custom)
2019-11-14 13:21:33,793 [pool-152-thread-1] INFO  server.RaftServerConfigKeys (ConfUtils.java:logGet(43)) - raft.server.log.purge.gap = 1000000 (custom)
2019-11-14 13:21:33,794 [pool-172-thread-1] INFO  server.RaftServerConfigKeys (ConfUtils.java:logGet(43)) - raft.server.log.segment.cache.num.max = 2 (custom)
2019-11-14 13:21:33,793 [pool-162-thread-1] INFO  server.RaftServerConfigKeys (ConfUtils.java:logGet(43)) - raft.server.log.purge.gap = 1000000 (custom)
2019-11-14 13:21:33,794 [pool-172-thread-1] INFO  segmented.SegmentedRaftLogWorker (SegmentedRaftLogWorker.java:<init>(173)) - new c5f0853d-db97-466f-95ef-4b66df91fd94@group-22A427C68145-SegmentedRaftLogWorker for RaftStorage:Storage Directory /workdir/hadoop-ozone/integration-test/target/test-dir/MiniOzoneClusterImpl-3e7318d1-e353-4b83-9c8a-b04a40b588dc/datanode-2/data/ratis/31ddc5dc-f8e1-4260-8a35-22a427c68145
2019-11-14 13:21:33,794 [pool-152-thread-1] INFO  server.RaftServerConfigKeys (ConfUtils.java:logGet(43)) - raft.server.log.appender.buffer.byte-limit = 33554432 (custom)
2019-11-14 13:21:33,794 [pool-172-thread-1] INFO  server.RaftServerConfigKeys (ConfUtils.java:logGet(43)) - raft.server.log.queue.byte-limit = 2147483647 (custom)
2019-11-14 13:21:33,794 [pool-162-thread-1] INFO  server.RaftServerConfigKeys (ConfUtils.java:logGet(43)) - raft.server.log.appender.buffer.byte-limit = 33554432 (custom)
2019-11-14 13:21:33,794 [pool-172-thread-1] INFO  server.RaftServerConfigKeys (ConfUtils.java:logGet(43)) - raft.server.log.queue.element-limit = 1024 (custom)
2019-11-14 13:21:33,794 [pool-152-thread-1] INFO  server.RaftServerConfigKeys (ConfUtils.java:logGet(43)) - raft.server.log.segment.size.max = 1048576 (custom)
2019-11-14 13:21:33,794 [pool-172-thread-1] INFO  server.RaftServerConfigKeys (ConfUtils.java:logGet(43)) - raft.server.log.segment.size.max = 1048576 (custom)
2019-11-14 13:21:33,794 [pool-162-thread-1] INFO  server.RaftServerConfigKeys (ConfUtils.java:logGet(43)) - raft.server.log.segment.size.max = 1048576 (custom)
2019-11-14 13:21:33,794 [pool-172-thread-1] INFO  server.RaftServerConfigKeys (ConfUtils.java:logGet(43)) - raft.server.log.preallocated.size = 16384 (custom)
2019-11-14 13:21:33,794 [pool-152-thread-1] INFO  server.RaftServerConfigKeys (ConfUtils.java:logGet(43)) - raft.server.log.segment.cache.num.max = 2 (custom)
2019-11-14 13:21:33,794 [pool-172-thread-1] INFO  server.RaftServerConfigKeys (ConfUtils.java:logGet(43)) - raft.server.log.write.buffer.size = 33554432 (custom)
2019-11-14 13:21:33,794 [pool-162-thread-1] INFO  server.RaftServerConfigKeys (ConfUtils.java:logGet(43)) - raft.server.log.segment.cache.num.max = 2 (custom)
2019-11-14 13:21:33,795 [pool-172-thread-1] INFO  server.RaftServerConfigKeys (ConfUtils.java:logGet(43)) - raft.server.log.force.sync.num = 128 (default)
2019-11-14 13:21:33,794 [pool-152-thread-1] INFO  segmented.SegmentedRaftLogWorker (SegmentedRaftLogWorker.java:<init>(173)) - new 158d2368-d5c4-46db-a1fd-e1a721205b7d@group-22A427C68145-SegmentedRaftLogWorker for RaftStorage:Storage Directory /workdir/hadoop-ozone/integration-test/target/test-dir/MiniOzoneClusterImpl-3e7318d1-e353-4b83-9c8a-b04a40b588dc/datanode-0/data/ratis/31ddc5dc-f8e1-4260-8a35-22a427c68145
2019-11-14 13:21:33,795 [pool-162-thread-1] INFO  segmented.SegmentedRaftLogWorker (SegmentedRaftLogWorker.java:<init>(173)) - new da377692-8490-46fb-a58a-cb2c66593f0b@group-22A427C68145-SegmentedRaftLogWorker for RaftStorage:Storage Directory /workdir/hadoop-ozone/integration-test/target/test-dir/MiniOzoneClusterImpl-3e7318d1-e353-4b83-9c8a-b04a40b588dc/datanode-1/data/ratis/31ddc5dc-f8e1-4260-8a35-22a427c68145
2019-11-14 13:21:33,795 [pool-172-thread-1] INFO  server.RaftServerConfigKeys (ConfUtils.java:logGet(43)) - raft.server.log.statemachine.data.sync = true (default)
2019-11-14 13:21:33,795 [pool-152-thread-1] INFO  server.RaftServerConfigKeys (ConfUtils.java:logGet(43)) - raft.server.log.queue.byte-limit = 2147483647 (custom)
2019-11-14 13:21:33,795 [pool-172-thread-1] INFO  server.RaftServerConfigKeys (ConfUtils.java:logGet(43)) - raft.server.log.statemachine.data.sync.timeout = 10s (default)
2019-11-14 13:21:33,795 [pool-162-thread-1] INFO  server.RaftServerConfigKeys (ConfUtils.java:logGet(43)) - raft.server.log.queue.byte-limit = 2147483647 (custom)
2019-11-14 13:21:33,795 [pool-172-thread-1] INFO  server.RaftServerConfigKeys (ConfUtils.java:logGet(43)) - raft.server.log.statemachine.data.sync.timeout.retry = -1 (default)
2019-11-14 13:21:33,795 [pool-152-thread-1] INFO  server.RaftServerConfigKeys (ConfUtils.java:logGet(43)) - raft.server.log.queue.element-limit = 1024 (custom)
2019-11-14 13:21:33,795 [pool-172-thread-1] INFO  server.RaftServerConfigKeys (ConfUtils.java:logGet(43)) - raft.server.log.statemachine.data.caching.enabled = true (custom)
2019-11-14 13:21:33,795 [pool-162-thread-1] INFO  server.RaftServerConfigKeys (ConfUtils.java:logGet(43)) - raft.server.log.queue.element-limit = 1024 (custom)
2019-11-14 13:21:33,795 [pool-152-thread-1] INFO  server.RaftServerConfigKeys (ConfUtils.java:logGet(43)) - raft.server.log.segment.size.max = 1048576 (custom)
2019-11-14 13:21:33,795 [pool-172-thread-1] INFO  segmented.SegmentedRaftLogWorker (SegmentedRaftLogWorker.java:lambda$new$0(128)) - c5f0853d-db97-466f-95ef-4b66df91fd94@group-22A427C68145-SegmentedRaftLogWorker: flushIndex: setUnconditionally 0 -> -1
2019-11-14 13:21:33,795 [pool-162-thread-1] INFO  server.RaftServerConfigKeys (ConfUtils.java:logGet(43)) - raft.server.log.segment.size.max = 1048576 (custom)
2019-11-14 13:21:33,796 [pool-152-thread-1] INFO  server.RaftServerConfigKeys (ConfUtils.java:logGet(43)) - raft.server.log.preallocated.size = 16384 (custom)
2019-11-14 13:21:33,796 [pool-162-thread-1] INFO  server.RaftServerConfigKeys (ConfUtils.java:logGet(43)) - raft.server.log.preallocated.size = 16384 (custom)
2019-11-14 13:21:33,796 [pool-172-thread-1] INFO  server.RaftServerConfigKeys (ConfUtils.java:logGet(43)) - raft.server.snapshot.auto.trigger.enabled = true (custom)
2019-11-14 13:21:33,796 [pool-152-thread-1] INFO  server.RaftServerConfigKeys (ConfUtils.java:logGet(43)) - raft.server.log.write.buffer.size = 33554432 (custom)
2019-11-14 13:21:33,796 [pool-172-thread-1] INFO  server.RaftServerConfigKeys (ConfUtils.java:logGet(43)) - raft.server.snapshot.auto.trigger.threshold = 10000 (custom)
2019-11-14 13:21:33,796 [pool-162-thread-1] INFO  server.RaftServerConfigKeys (ConfUtils.java:logGet(43)) - raft.server.log.write.buffer.size = 33554432 (custom)
2019-11-14 13:21:33,796 [pool-172-thread-1] INFO  server.RaftServerConfigKeys (ConfUtils.java:logGet(43)) - raft.server.snapshot.retention.file.num = 5 (custom)
2019-11-14 13:21:33,796 [pool-152-thread-1] INFO  server.RaftServerConfigKeys (ConfUtils.java:logGet(43)) - raft.server.log.force.sync.num = 128 (default)
2019-11-14 13:21:33,796 [pool-172-thread-1] INFO  server.RaftServerConfigKeys (ConfUtils.java:logGet(43)) - raft.server.retrycache.expirytime = 600000ms (custom)
2019-11-14 13:21:33,796 [pool-162-thread-1] INFO  server.RaftServerConfigKeys (ConfUtils.java:logGet(43)) - raft.server.log.force.sync.num = 128 (default)
2019-11-14 13:21:33,796 [pool-152-thread-1] INFO  server.RaftServerConfigKeys (ConfUtils.java:logGet(43)) - raft.server.log.statemachine.data.sync = true (default)
2019-11-14 13:21:33,796 [pool-162-thread-1] INFO  server.RaftServerConfigKeys (ConfUtils.java:logGet(43)) - raft.server.log.statemachine.data.sync = true (default)
2019-11-14 13:21:33,796 [pool-172-thread-1] WARN  impl.MetricRegistriesImpl (MetricRegistriesImpl.java:lambda$create$1(61)) - First MetricRegistry has been created without registering reporters. You may need to call MetricRegistries.global().addReportRegistration(...) before.
2019-11-14 13:21:33,797 [pool-162-thread-1] INFO  server.RaftServerConfigKeys (ConfUtils.java:logGet(43)) - raft.server.log.statemachine.data.sync.timeout = 10s (default)
2019-11-14 13:21:33,796 [pool-152-thread-1] INFO  server.RaftServerConfigKeys (ConfUtils.java:logGet(43)) - raft.server.log.statemachine.data.sync.timeout = 10s (default)
2019-11-14 13:21:33,797 [pool-162-thread-1] INFO  server.RaftServerConfigKeys (ConfUtils.java:logGet(43)) - raft.server.log.statemachine.data.sync.timeout.retry = -1 (default)
2019-11-14 13:21:33,797 [pool-172-thread-1] WARN  impl.MetricRegistriesImpl (MetricRegistriesImpl.java:lambda$create$1(61)) - First MetricRegistry has been created without registering reporters. You may need to call MetricRegistries.global().addReportRegistration(...) before.
2019-11-14 13:21:33,797 [pool-162-thread-1] INFO  server.RaftServerConfigKeys (ConfUtils.java:logGet(43)) - raft.server.log.statemachine.data.caching.enabled = true (custom)
2019-11-14 13:21:33,797 [pool-152-thread-1] INFO  server.RaftServerConfigKeys (ConfUtils.java:logGet(43)) - raft.server.log.statemachine.data.sync.timeout.retry = -1 (default)
2019-11-14 13:21:33,797 [pool-172-thread-1] INFO  impl.RaftServerImpl (RaftServerImpl.java:start(184)) - c5f0853d-db97-466f-95ef-4b66df91fd94@group-22A427C68145: start as a follower, conf=-1: [c5f0853d-db97-466f-95ef-4b66df91fd94:192.168.69.121:44160, da377692-8490-46fb-a58a-cb2c66593f0b:192.168.69.121:42566, 158d2368-d5c4-46db-a1fd-e1a721205b7d:192.168.69.121:35099], old=null
2019-11-14 13:21:33,797 [pool-152-thread-1] INFO  server.RaftServerConfigKeys (ConfUtils.java:logGet(43)) - raft.server.log.statemachine.data.caching.enabled = true (custom)
2019-11-14 13:21:33,797 [pool-162-thread-1] INFO  segmented.SegmentedRaftLogWorker (SegmentedRaftLogWorker.java:lambda$new$0(128)) - da377692-8490-46fb-a58a-cb2c66593f0b@group-22A427C68145-SegmentedRaftLogWorker: flushIndex: setUnconditionally 0 -> -1
2019-11-14 13:21:33,797 [pool-172-thread-1] INFO  impl.RaftServerImpl (RaftServerImpl.java:setRole(173)) - c5f0853d-db97-466f-95ef-4b66df91fd94@group-22A427C68145: changes role from      null to FOLLOWER at term 0 for startAsFollower
2019-11-14 13:21:33,797 [pool-152-thread-1] INFO  segmented.SegmentedRaftLogWorker (SegmentedRaftLogWorker.java:lambda$new$0(128)) - 158d2368-d5c4-46db-a1fd-e1a721205b7d@group-22A427C68145-SegmentedRaftLogWorker: flushIndex: setUnconditionally 0 -> -1
2019-11-14 13:21:33,797 [pool-162-thread-1] INFO  server.RaftServerConfigKeys (ConfUtils.java:logGet(43)) - raft.server.snapshot.auto.trigger.enabled = true (custom)
2019-11-14 13:21:33,797 [pool-172-thread-1] INFO  impl.RoleInfo (RoleInfo.java:updateAndGet(143)) - c5f0853d-db97-466f-95ef-4b66df91fd94: start FollowerState
2019-11-14 13:21:33,798 [pool-152-thread-1] INFO  server.RaftServerConfigKeys (ConfUtils.java:logGet(43)) - raft.server.snapshot.auto.trigger.enabled = true (custom)
2019-11-14 13:21:33,798 [pool-162-thread-1] INFO  server.RaftServerConfigKeys (ConfUtils.java:logGet(43)) - raft.server.snapshot.auto.trigger.threshold = 10000 (custom)
2019-11-14 13:21:33,798 [pool-152-thread-1] INFO  server.RaftServerConfigKeys (ConfUtils.java:logGet(43)) - raft.server.snapshot.auto.trigger.threshold = 10000 (custom)
2019-11-14 13:21:33,798 [pool-162-thread-1] INFO  server.RaftServerConfigKeys (ConfUtils.java:logGet(43)) - raft.server.snapshot.retention.file.num = 5 (custom)
2019-11-14 13:21:33,798 [pool-172-thread-1] INFO  util.JmxRegister (JmxRegister.java:tryRegister(44)) - Successfully registered JMX Bean with object name Ratis:service=RaftServer,group=group-22A427C68145,id=c5f0853d-db97-466f-95ef-4b66df91fd94
2019-11-14 13:21:33,798 [pool-152-thread-1] INFO  server.RaftServerConfigKeys (ConfUtils.java:logGet(43)) - raft.server.snapshot.retention.file.num = 5 (custom)
2019-11-14 13:21:33,798 [pool-172-thread-1] WARN  impl.MetricRegistriesImpl (MetricRegistriesImpl.java:lambda$create$1(61)) - First MetricRegistry has been created without registering reporters. You may need to call MetricRegistries.global().addReportRegistration(...) before.
2019-11-14 13:21:33,798 [pool-162-thread-1] INFO  server.RaftServerConfigKeys (ConfUtils.java:logGet(43)) - raft.server.retrycache.expirytime = 600000ms (custom)
2019-11-14 13:21:33,798 [pool-152-thread-1] INFO  server.RaftServerConfigKeys (ConfUtils.java:logGet(43)) - raft.server.retrycache.expirytime = 600000ms (custom)
2019-11-14 13:21:33,798 [pool-162-thread-1] WARN  impl.MetricRegistriesImpl (MetricRegistriesImpl.java:lambda$create$1(61)) - First MetricRegistry has been created without registering reporters. You may need to call MetricRegistries.global().addReportRegistration(...) before.
2019-11-14 13:21:33,798 [pool-152-thread-1] WARN  impl.MetricRegistriesImpl (MetricRegistriesImpl.java:lambda$create$1(61)) - First MetricRegistry has been created without registering reporters. You may need to call MetricRegistries.global().addReportRegistration(...) before.
2019-11-14 13:21:33,798 [pool-162-thread-1] WARN  impl.MetricRegistriesImpl (MetricRegistriesImpl.java:lambda$create$1(61)) - First MetricRegistry has been created without registering reporters. You may need to call MetricRegistries.global().addReportRegistration(...) before.
2019-11-14 13:21:33,798 [pool-152-thread-1] WARN  impl.MetricRegistriesImpl (MetricRegistriesImpl.java:lambda$create$1(61)) - First MetricRegistry has been created without registering reporters. You may need to call MetricRegistries.global().addReportRegistration(...) before.
2019-11-14 13:21:33,799 [pool-162-thread-1] INFO  impl.RaftServerImpl (RaftServerImpl.java:start(184)) - da377692-8490-46fb-a58a-cb2c66593f0b@group-22A427C68145: start as a follower, conf=-1: [c5f0853d-db97-466f-95ef-4b66df91fd94:192.168.69.121:44160, da377692-8490-46fb-a58a-cb2c66593f0b:192.168.69.121:42566, 158d2368-d5c4-46db-a1fd-e1a721205b7d:192.168.69.121:35099], old=null
2019-11-14 13:21:33,799 [pool-152-thread-1] INFO  impl.RaftServerImpl (RaftServerImpl.java:start(184)) - 158d2368-d5c4-46db-a1fd-e1a721205b7d@group-22A427C68145: start as a follower, conf=-1: [c5f0853d-db97-466f-95ef-4b66df91fd94:192.168.69.121:44160, da377692-8490-46fb-a58a-cb2c66593f0b:192.168.69.121:42566, 158d2368-d5c4-46db-a1fd-e1a721205b7d:192.168.69.121:35099], old=null
2019-11-14 13:21:33,799 [pool-162-thread-1] INFO  impl.RaftServerImpl (RaftServerImpl.java:setRole(173)) - da377692-8490-46fb-a58a-cb2c66593f0b@group-22A427C68145: changes role from      null to FOLLOWER at term 0 for startAsFollower
2019-11-14 13:21:33,799 [pool-152-thread-1] INFO  impl.RaftServerImpl (RaftServerImpl.java:setRole(173)) - 158d2368-d5c4-46db-a1fd-e1a721205b7d@group-22A427C68145: changes role from      null to FOLLOWER at term 0 for startAsFollower
2019-11-14 13:21:33,799 [pool-162-thread-1] INFO  impl.RoleInfo (RoleInfo.java:updateAndGet(143)) - da377692-8490-46fb-a58a-cb2c66593f0b: start FollowerState
2019-11-14 13:21:33,799 [pool-152-thread-1] INFO  impl.RoleInfo (RoleInfo.java:updateAndGet(143)) - 158d2368-d5c4-46db-a1fd-e1a721205b7d: start FollowerState
2019-11-14 13:21:33,799 [pool-162-thread-1] INFO  util.JmxRegister (JmxRegister.java:tryRegister(44)) - Successfully registered JMX Bean with object name Ratis:service=RaftServer,group=group-22A427C68145,id=da377692-8490-46fb-a58a-cb2c66593f0b
2019-11-14 13:21:33,799 [pool-162-thread-1] WARN  impl.MetricRegistriesImpl (MetricRegistriesImpl.java:lambda$create$1(61)) - First MetricRegistry has been created without registering reporters. You may need to call MetricRegistries.global().addReportRegistration(...) before.
2019-11-14 13:21:33,799 [pool-152-thread-1] INFO  util.JmxRegister (JmxRegister.java:tryRegister(44)) - Successfully registered JMX Bean with object name Ratis:service=RaftServer,group=group-22A427C68145,id=158d2368-d5c4-46db-a1fd-e1a721205b7d
2019-11-14 13:21:33,800 [pool-152-thread-1] WARN  impl.MetricRegistriesImpl (MetricRegistriesImpl.java:lambda$create$1(61)) - First MetricRegistry has been created without registering reporters. You may need to call MetricRegistries.global().addReportRegistration(...) before.
2019-11-14 13:21:33,801 [RatisPipelineUtilsThread] INFO  pipeline.PipelineStateManager (PipelineStateManager.java:addPipeline(55)) - Created pipeline Pipeline[ Id: 31ddc5dc-f8e1-4260-8a35-22a427c68145, Nodes: c5f0853d-db97-466f-95ef-4b66df91fd94{ip: 192.168.69.121, host: pr-hdds-2468-gmfm6-3729483342, networkLocation: /default-rack, certSerialId: null}da377692-8490-46fb-a58a-cb2c66593f0b{ip: 192.168.69.121, host: pr-hdds-2468-gmfm6-3729483342, networkLocation: /default-rack, certSerialId: null}158d2368-d5c4-46db-a1fd-e1a721205b7d{ip: 192.168.69.121, host: pr-hdds-2468-gmfm6-3729483342, networkLocation: /default-rack, certSerialId: null}, Type:RATIS, Factor:THREE, State:ALLOCATED]
2019-11-14 13:21:33,802 [Thread-1209] INFO  pipeline.PipelineStateManager (PipelineStateManager.java:finalizePipeline(121)) - Pipeline Pipeline[ Id: cb06a092-e809-4d27-8542-e2cec09401e8, Nodes: c5f0853d-db97-466f-95ef-4b66df91fd94{ip: 192.168.69.121, host: pr-hdds-2468-gmfm6-3729483342, networkLocation: /default-rack, certSerialId: null}, Type:RATIS, Factor:ONE, State:CLOSED] moved to CLOSED state
2019-11-14 13:21:33,805 [grpc-default-executor-1] INFO  impl.RaftServerProxy (RaftServerProxy.java:remove(95)) - c5f0853d-db97-466f-95ef-4b66df91fd94: remove    LEADER c5f0853d-db97-466f-95ef-4b66df91fd94@group-E2CEC09401E8:t1, leader=c5f0853d-db97-466f-95ef-4b66df91fd94, voted=c5f0853d-db97-466f-95ef-4b66df91fd94, raftlog=c5f0853d-db97-466f-95ef-4b66df91fd94@group-E2CEC09401E8-SegmentedRaftLog:OPENED:c0,f0,i0, conf=0: [c5f0853d-db97-466f-95ef-4b66df91fd94:192.168.69.121:44160], old=null RUNNING
2019-11-14 13:21:33,807 [grpc-default-executor-1] INFO  impl.RaftServerImpl (RaftServerImpl.java:lambda$shutdown$3(250)) - c5f0853d-db97-466f-95ef-4b66df91fd94@group-E2CEC09401E8: shutdown
2019-11-14 13:21:33,807 [grpc-default-executor-1] INFO  util.JmxRegister (JmxRegister.java:unregister(73)) - Successfully un-registered JMX Bean with object name Ratis:service=RaftServer,group=group-E2CEC09401E8,id=c5f0853d-db97-466f-95ef-4b66df91fd94
2019-11-14 13:21:33,807 [grpc-default-executor-1] INFO  impl.RoleInfo (RoleInfo.java:shutdownLeaderState(104)) - c5f0853d-db97-466f-95ef-4b66df91fd94: shutdown LeaderState
2019-11-14 13:21:33,807 [grpc-default-executor-1] INFO  impl.PendingRequests (PendingRequests.java:sendNotLeaderResponses(206)) - c5f0853d-db97-466f-95ef-4b66df91fd94@group-E2CEC09401E8-PendingRequests: sendNotLeaderResponses
2019-11-14 13:21:33,807 [grpc-default-executor-1] INFO  impl.StateMachineUpdater (StateMachineUpdater.java:stopAndJoin(136)) - c5f0853d-db97-466f-95ef-4b66df91fd94@group-E2CEC09401E8-StateMachineUpdater: set stopIndex = 0
2019-11-14 13:21:33,808 [grpc-default-executor-1] INFO  impl.RaftServerImpl (ServerState.java:close(387)) - c5f0853d-db97-466f-95ef-4b66df91fd94@group-E2CEC09401E8: closes. applyIndex: 0
2019-11-14 13:21:33,808 [c5f0853d-db97-466f-95ef-4b66df91fd94@group-E2CEC09401E8-SegmentedRaftLogWorker] INFO  segmented.SegmentedRaftLogWorker (SegmentedRaftLogWorker.java:run(316)) - c5f0853d-db97-466f-95ef-4b66df91fd94@group-E2CEC09401E8-SegmentedRaftLogWorker was interrupted, exiting. There are 0 tasks remaining in the queue.
2019-11-14 13:21:33,808 [grpc-default-executor-1] INFO  segmented.SegmentedRaftLogWorker (SegmentedRaftLogWorker.java:close(224)) - c5f0853d-db97-466f-95ef-4b66df91fd94@group-E2CEC09401E8-SegmentedRaftLogWorker close()
2019-11-14 13:21:33,811 [Thread-1209] INFO  pipeline.PipelineStateManager (PipelineStateManager.java:removePipeline(106)) - Pipeline Pipeline[ Id: cb06a092-e809-4d27-8542-e2cec09401e8, Nodes: c5f0853d-db97-466f-95ef-4b66df91fd94{ip: 192.168.69.121, host: pr-hdds-2468-gmfm6-3729483342, networkLocation: /default-rack, certSerialId: null}, Type:RATIS, Factor:ONE, State:CLOSED] removed from db
2019-11-14 13:21:33,811 [Thread-1209] INFO  pipeline.SCMPipelineManager (SCMPipelineManager.java:finalizeAndDestroyPipeline(315)) - destroying pipeline:Pipeline[ Id: 4b4d78e1-31db-4865-acf6-b5a5d9f5332e, Nodes: db5776da-04cc-407e-81f3-5cb046cdfc6e{ip: 192.168.69.121, host: pr-hdds-2468-gmfm6-3729483342, networkLocation: /default-rack, certSerialId: null}, Type:RATIS, Factor:ONE, State:OPEN]
2019-11-14 13:21:33,814 [grpc-default-executor-1] INFO  impl.RaftServerProxy (RaftServerProxy.java:addNew(89)) - c5f0853d-db97-466f-95ef-4b66df91fd94: addNew group-0914ED8CB0E7:[c5f0853d-db97-466f-95ef-4b66df91fd94:192.168.69.121:44160] returns group-0914ED8CB0E7:java.util.concurrent.CompletableFuture@308116e7[Not completed]
2019-11-14 13:21:33,815 [pool-172-thread-1] INFO  impl.RaftServerImpl (RaftServerImpl.java:<init>(98)) - c5f0853d-db97-466f-95ef-4b66df91fd94: new RaftServerImpl for group-0914ED8CB0E7:[c5f0853d-db97-466f-95ef-4b66df91fd94:192.168.69.121:44160] with ContainerStateMachine:uninitialized
2019-11-14 13:21:33,815 [pool-172-thread-1] INFO  server.RaftServerConfigKeys (ConfUtils.java:logGet(43)) - raft.server.rpc.timeout.min = 1s (custom)
2019-11-14 13:21:33,815 [pool-172-thread-1] INFO  server.RaftServerConfigKeys (ConfUtils.java:logGet(43)) - raft.server.rpc.timeout.max = 1200ms (custom)
2019-11-14 13:21:33,815 [pool-172-thread-1] INFO  server.RaftServerConfigKeys (ConfUtils.java:logGet(43)) - raft.server.rpcslowness.timeout = 120s (custom)
2019-11-14 13:21:33,815 [pool-172-thread-1] INFO  server.RaftServerConfigKeys (ConfUtils.java:logGet(43)) - raft.server.sleep.deviation.threshold = 300 (default)
2019-11-14 13:21:33,815 [pool-172-thread-1] INFO  server.RaftServerConfigKeys (ConfUtils.java:logGet(43)) - raft.server.log.appender.install.snapshot.enabled = false (custom)
2019-11-14 13:21:33,815 [pool-172-thread-1] INFO  impl.RaftServerImpl (ServerState.java:<init>(103)) - c5f0853d-db97-466f-95ef-4b66df91fd94@group-0914ED8CB0E7: ConfigurationManager, init=-1: [c5f0853d-db97-466f-95ef-4b66df91fd94:192.168.69.121:44160], old=null, confs=<EMPTY_MAP>
2019-11-14 13:21:33,815 [pool-172-thread-1] INFO  server.RaftServerConfigKeys (ConfUtils.java:logGet(43)) - raft.server.storage.dir = [/workdir/hadoop-ozone/integration-test/target/test-dir/MiniOzoneClusterImpl-3e7318d1-e353-4b83-9c8a-b04a40b588dc/datanode-2/data/ratis] (custom)
2019-11-14 13:21:33,816 [pool-172-thread-1] INFO  server.RaftServerConfigKeys (ConfUtils.java:logGet(43)) - raft.server.log.corruption.policy = EXCEPTION (default)
2019-11-14 13:21:33,816 [pool-172-thread-1] INFO  storage.RaftStorageDirectory (RaftStorageDirectory.java:analyzeStorage(246)) - The storage directory /workdir/hadoop-ozone/integration-test/target/test-dir/MiniOzoneClusterImpl-3e7318d1-e353-4b83-9c8a-b04a40b588dc/datanode-2/data/ratis/d799db9b-e00c-4217-a0c4-0914ed8cb0e7 does not exist. Creating ...
2019-11-14 13:21:33,839 [pool-172-thread-1] INFO  storage.RaftStorageDirectory (RaftStorageDirectory.java:tryLock(328)) - Lock on /workdir/hadoop-ozone/integration-test/target/test-dir/MiniOzoneClusterImpl-3e7318d1-e353-4b83-9c8a-b04a40b588dc/datanode-2/data/ratis/d799db9b-e00c-4217-a0c4-0914ed8cb0e7/in_use.lock acquired by nodename 26507@pr-hdds-2468-gmfm6-3729483342
2019-11-14 13:21:33,864 [pool-172-thread-1] INFO  storage.RaftStorage (RaftStorage.java:format(84)) - Storage directory /workdir/hadoop-ozone/integration-test/target/test-dir/MiniOzoneClusterImpl-3e7318d1-e353-4b83-9c8a-b04a40b588dc/datanode-2/data/ratis/d799db9b-e00c-4217-a0c4-0914ed8cb0e7 has been successfully formatted.
2019-11-14 13:21:33,864 [pool-172-thread-1] INFO  ratis.ContainerStateMachine (ContainerStateMachine.java:loadSnapshot(223)) - group-0914ED8CB0E7: The snapshot info is null. Setting the last applied indexto:(t:0, i:~)
2019-11-14 13:21:33,864 [pool-172-thread-1] INFO  server.RaftServerConfigKeys (ConfUtils.java:logGet(43)) - raft.server.notification.no-leader.timeout = 120s (custom)
2019-11-14 13:21:33,864 [pool-172-thread-1] INFO  server.RaftServerConfigKeys (ConfUtils.java:logGet(43)) - raft.server.log.use.memory = false (default)
2019-11-14 13:21:33,864 [pool-172-thread-1] INFO  server.RaftServerConfigKeys (ConfUtils.java:logGet(43)) - raft.server.log.purge.gap = 1000000 (custom)
2019-11-14 13:21:33,865 [pool-172-thread-1] INFO  server.RaftServerConfigKeys (ConfUtils.java:logGet(43)) - raft.server.log.appender.buffer.byte-limit = 33554432 (custom)
2019-11-14 13:21:33,865 [pool-172-thread-1] INFO  server.RaftServerConfigKeys (ConfUtils.java:logGet(43)) - raft.server.log.segment.size.max = 1048576 (custom)
2019-11-14 13:21:33,865 [pool-172-thread-1] INFO  server.RaftServerConfigKeys (ConfUtils.java:logGet(43)) - raft.server.log.segment.cache.num.max = 2 (custom)
2019-11-14 13:21:33,865 [pool-172-thread-1] INFO  segmented.SegmentedRaftLogWorker (SegmentedRaftLogWorker.java:<init>(173)) - new c5f0853d-db97-466f-95ef-4b66df91fd94@group-0914ED8CB0E7-SegmentedRaftLogWorker for RaftStorage:Storage Directory /workdir/hadoop-ozone/integration-test/target/test-dir/MiniOzoneClusterImpl-3e7318d1-e353-4b83-9c8a-b04a40b588dc/datanode-2/data/ratis/d799db9b-e00c-4217-a0c4-0914ed8cb0e7
2019-11-14 13:21:33,865 [pool-172-thread-1] INFO  server.RaftServerConfigKeys (ConfUtils.java:logGet(43)) - raft.server.log.queue.byte-limit = 2147483647 (custom)
2019-11-14 13:21:33,865 [pool-172-thread-1] INFO  server.RaftServerConfigKeys (ConfUtils.java:logGet(43)) - raft.server.log.queue.element-limit = 1024 (custom)
2019-11-14 13:21:33,865 [pool-172-thread-1] INFO  server.RaftServerConfigKeys (ConfUtils.java:logGet(43)) - raft.server.log.segment.size.max = 1048576 (custom)
2019-11-14 13:21:33,865 [pool-172-thread-1] INFO  server.RaftServerConfigKeys (ConfUtils.java:logGet(43)) - raft.server.log.preallocated.size = 16384 (custom)
2019-11-14 13:21:33,865 [pool-172-thread-1] INFO  server.RaftServerConfigKeys (ConfUtils.java:logGet(43)) - raft.server.log.write.buffer.size = 33554432 (custom)
2019-11-14 13:21:33,865 [pool-172-thread-1] INFO  server.RaftServerConfigKeys (ConfUtils.java:logGet(43)) - raft.server.log.force.sync.num = 128 (default)
2019-11-14 13:21:33,865 [pool-172-thread-1] INFO  server.RaftServerConfigKeys (ConfUtils.java:logGet(43)) - raft.server.log.statemachine.data.sync = true (default)
2019-11-14 13:21:33,865 [pool-172-thread-1] INFO  server.RaftServerConfigKeys (ConfUtils.java:logGet(43)) - raft.server.log.statemachine.data.sync.timeout = 10s (default)
2019-11-14 13:21:33,866 [pool-172-thread-1] INFO  server.RaftServerConfigKeys (ConfUtils.java:logGet(43)) - raft.server.log.statemachine.data.sync.timeout.retry = -1 (default)
2019-11-14 13:21:33,866 [pool-172-thread-1] INFO  server.RaftServerConfigKeys (ConfUtils.java:logGet(43)) - raft.server.log.statemachine.data.caching.enabled = true (custom)
2019-11-14 13:21:33,866 [pool-172-thread-1] INFO  segmented.SegmentedRaftLogWorker (SegmentedRaftLogWorker.java:lambda$new$0(128)) - c5f0853d-db97-466f-95ef-4b66df91fd94@group-0914ED8CB0E7-SegmentedRaftLogWorker: flushIndex: setUnconditionally 0 -> -1
2019-11-14 13:21:33,866 [pool-172-thread-1] INFO  server.RaftServerConfigKeys (ConfUtils.java:logGet(43)) - raft.server.snapshot.auto.trigger.enabled = true (custom)
2019-11-14 13:21:33,866 [pool-172-thread-1] INFO  server.RaftServerConfigKeys (ConfUtils.java:logGet(43)) - raft.server.snapshot.auto.trigger.threshold = 10000 (custom)
2019-11-14 13:21:33,866 [pool-172-thread-1] INFO  server.RaftServerConfigKeys (ConfUtils.java:logGet(43)) - raft.server.snapshot.retention.file.num = 5 (custom)
2019-11-14 13:21:33,866 [pool-172-thread-1] INFO  server.RaftServerConfigKeys (ConfUtils.java:logGet(43)) - raft.server.retrycache.expirytime = 600000ms (custom)
2019-11-14 13:21:33,867 [pool-172-thread-1] WARN  impl.MetricRegistriesImpl (MetricRegistriesImpl.java:lambda$create$1(61)) - First MetricRegistry has been created without registering reporters. You may need to call MetricRegistries.global().addReportRegistration(...) before.
2019-11-14 13:21:33,867 [pool-172-thread-1] WARN  impl.MetricRegistriesImpl (MetricRegistriesImpl.java:lambda$create$1(61)) - First MetricRegistry has been created without registering reporters. You may need to call MetricRegistries.global().addReportRegistration(...) before.
2019-11-14 13:21:33,867 [pool-172-thread-1] INFO  impl.RaftServerImpl (RaftServerImpl.java:start(184)) - c5f0853d-db97-466f-95ef-4b66df91fd94@group-0914ED8CB0E7: start as a follower, conf=-1: [c5f0853d-db97-466f-95ef-4b66df91fd94:192.168.69.121:44160], old=null
2019-11-14 13:21:33,867 [pool-172-thread-1] INFO  impl.RaftServerImpl (RaftServerImpl.java:setRole(173)) - c5f0853d-db97-466f-95ef-4b66df91fd94@group-0914ED8CB0E7: changes role from      null to FOLLOWER at term 0 for startAsFollower
2019-11-14 13:21:33,867 [pool-172-thread-1] INFO  impl.RoleInfo (RoleInfo.java:updateAndGet(143)) - c5f0853d-db97-466f-95ef-4b66df91fd94: start FollowerState
2019-11-14 13:21:33,867 [pool-172-thread-1] INFO  util.JmxRegister (JmxRegister.java:tryRegister(44)) - Successfully registered JMX Bean with object name Ratis:service=RaftServer,group=group-0914ED8CB0E7,id=c5f0853d-db97-466f-95ef-4b66df91fd94
2019-11-14 13:21:33,867 [pool-172-thread-1] WARN  impl.MetricRegistriesImpl (MetricRegistriesImpl.java:lambda$create$1(61)) - First MetricRegistry has been created without registering reporters. You may need to call MetricRegistries.global().addReportRegistration(...) before.
2019-11-14 13:21:33,869 [RatisPipelineUtilsThread] INFO  pipeline.PipelineStateManager (PipelineStateManager.java:addPipeline(55)) - Created pipeline Pipeline[ Id: d799db9b-e00c-4217-a0c4-0914ed8cb0e7, Nodes: c5f0853d-db97-466f-95ef-4b66df91fd94{ip: 192.168.69.121, host: pr-hdds-2468-gmfm6-3729483342, networkLocation: /default-rack, certSerialId: null}, Type:RATIS, Factor:ONE, State:ALLOCATED]
2019-11-14 13:21:33,870 [Thread-1209] INFO  pipeline.PipelineStateManager (PipelineStateManager.java:finalizePipeline(121)) - Pipeline Pipeline[ Id: 4b4d78e1-31db-4865-acf6-b5a5d9f5332e, Nodes: db5776da-04cc-407e-81f3-5cb046cdfc6e{ip: 192.168.69.121, host: pr-hdds-2468-gmfm6-3729483342, networkLocation: /default-rack, certSerialId: null}, Type:RATIS, Factor:ONE, State:CLOSED] moved to CLOSED state
2019-11-14 13:21:33,873 [grpc-default-executor-1] INFO  impl.RaftServerProxy (RaftServerProxy.java:remove(95)) - db5776da-04cc-407e-81f3-5cb046cdfc6e: remove    LEADER db5776da-04cc-407e-81f3-5cb046cdfc6e@group-B5A5D9F5332E:t1, leader=db5776da-04cc-407e-81f3-5cb046cdfc6e, voted=db5776da-04cc-407e-81f3-5cb046cdfc6e, raftlog=db5776da-04cc-407e-81f3-5cb046cdfc6e@group-B5A5D9F5332E-SegmentedRaftLog:OPENED:c0,f0,i0, conf=0: [db5776da-04cc-407e-81f3-5cb046cdfc6e:192.168.69.121:40096], old=null RUNNING
2019-11-14 13:21:33,873 [grpc-default-executor-1] INFO  impl.RaftServerImpl (RaftServerImpl.java:lambda$shutdown$3(250)) - db5776da-04cc-407e-81f3-5cb046cdfc6e@group-B5A5D9F5332E: shutdown
2019-11-14 13:21:33,873 [grpc-default-executor-1] INFO  util.JmxRegister (JmxRegister.java:unregister(73)) - Successfully un-registered JMX Bean with object name Ratis:service=RaftServer,group=group-B5A5D9F5332E,id=db5776da-04cc-407e-81f3-5cb046cdfc6e
2019-11-14 13:21:33,873 [grpc-default-executor-1] INFO  impl.RoleInfo (RoleInfo.java:shutdownLeaderState(104)) - db5776da-04cc-407e-81f3-5cb046cdfc6e: shutdown LeaderState
2019-11-14 13:21:33,873 [grpc-default-executor-1] INFO  impl.PendingRequests (PendingRequests.java:sendNotLeaderResponses(206)) - db5776da-04cc-407e-81f3-5cb046cdfc6e@group-B5A5D9F5332E-PendingRequests: sendNotLeaderResponses
2019-11-14 13:21:33,874 [grpc-default-executor-1] INFO  impl.StateMachineUpdater (StateMachineUpdater.java:stopAndJoin(136)) - db5776da-04cc-407e-81f3-5cb046cdfc6e@group-B5A5D9F5332E-StateMachineUpdater: set stopIndex = 0
2019-11-14 13:21:33,874 [grpc-default-executor-1] INFO  impl.RaftServerImpl (ServerState.java:close(387)) - db5776da-04cc-407e-81f3-5cb046cdfc6e@group-B5A5D9F5332E: closes. applyIndex: 0
2019-11-14 13:21:33,874 [db5776da-04cc-407e-81f3-5cb046cdfc6e@group-B5A5D9F5332E-SegmentedRaftLogWorker] INFO  segmented.SegmentedRaftLogWorker (SegmentedRaftLogWorker.java:run(316)) - db5776da-04cc-407e-81f3-5cb046cdfc6e@group-B5A5D9F5332E-SegmentedRaftLogWorker was interrupted, exiting. There are 0 tasks remaining in the queue.
2019-11-14 13:21:33,874 [grpc-default-executor-1] INFO  segmented.SegmentedRaftLogWorker (SegmentedRaftLogWorker.java:close(224)) - db5776da-04cc-407e-81f3-5cb046cdfc6e@group-B5A5D9F5332E-SegmentedRaftLogWorker close()
2019-11-14 13:21:33,878 [Thread-1209] INFO  pipeline.PipelineStateManager (PipelineStateManager.java:removePipeline(106)) - Pipeline Pipeline[ Id: 4b4d78e1-31db-4865-acf6-b5a5d9f5332e, Nodes: db5776da-04cc-407e-81f3-5cb046cdfc6e{ip: 192.168.69.121, host: pr-hdds-2468-gmfm6-3729483342, networkLocation: /default-rack, certSerialId: null}, Type:RATIS, Factor:ONE, State:CLOSED] removed from db
2019-11-14 13:21:33,878 [Thread-1209] INFO  pipeline.SCMPipelineManager (SCMPipelineManager.java:finalizeAndDestroyPipeline(315)) - destroying pipeline:Pipeline[ Id: 3462b590-3dae-4ff6-b872-0cdd0307dcd9, Nodes: da377692-8490-46fb-a58a-cb2c66593f0b{ip: 192.168.69.121, host: pr-hdds-2468-gmfm6-3729483342, networkLocation: /default-rack, certSerialId: null}, Type:RATIS, Factor:ONE, State:OPEN]
2019-11-14 13:21:33,881 [grpc-default-executor-1] INFO  impl.RaftServerProxy (RaftServerProxy.java:addNew(89)) - db5776da-04cc-407e-81f3-5cb046cdfc6e: addNew group-2A56A330FF79:[db5776da-04cc-407e-81f3-5cb046cdfc6e:192.168.69.121:40096] returns group-2A56A330FF79:java.util.concurrent.CompletableFuture@7139e926[Not completed]
2019-11-14 13:21:33,882 [pool-192-thread-1] INFO  impl.RaftServerImpl (RaftServerImpl.java:<init>(98)) - db5776da-04cc-407e-81f3-5cb046cdfc6e: new RaftServerImpl for group-2A56A330FF79:[db5776da-04cc-407e-81f3-5cb046cdfc6e:192.168.69.121:40096] with ContainerStateMachine:uninitialized
2019-11-14 13:21:33,882 [pool-192-thread-1] INFO  server.RaftServerConfigKeys (ConfUtils.java:logGet(43)) - raft.server.rpc.timeout.min = 1s (custom)
2019-11-14 13:21:33,882 [pool-192-thread-1] INFO  server.RaftServerConfigKeys (ConfUtils.java:logGet(43)) - raft.server.rpc.timeout.max = 1200ms (custom)
2019-11-14 13:21:33,882 [pool-192-thread-1] INFO  server.RaftServerConfigKeys (ConfUtils.java:logGet(43)) - raft.server.rpcslowness.timeout = 120s (custom)
2019-11-14 13:21:33,882 [pool-192-thread-1] INFO  server.RaftServerConfigKeys (ConfUtils.java:logGet(43)) - raft.server.sleep.deviation.threshold = 300 (default)
2019-11-14 13:21:33,882 [pool-192-thread-1] INFO  server.RaftServerConfigKeys (ConfUtils.java:logGet(43)) - raft.server.log.appender.install.snapshot.enabled = false (custom)
2019-11-14 13:21:33,882 [pool-192-thread-1] INFO  impl.RaftServerImpl (ServerState.java:<init>(103)) - db5776da-04cc-407e-81f3-5cb046cdfc6e@group-2A56A330FF79: ConfigurationManager, init=-1: [db5776da-04cc-407e-81f3-5cb046cdfc6e:192.168.69.121:40096], old=null, confs=<EMPTY_MAP>
2019-11-14 13:21:33,882 [pool-192-thread-1] INFO  server.RaftServerConfigKeys (ConfUtils.java:logGet(43)) - raft.server.storage.dir = [/workdir/hadoop-ozone/integration-test/target/test-dir/MiniOzoneClusterImpl-3e7318d1-e353-4b83-9c8a-b04a40b588dc/datanode-4/data/ratis] (custom)
2019-11-14 13:21:33,883 [pool-192-thread-1] INFO  server.RaftServerConfigKeys (ConfUtils.java:logGet(43)) - raft.server.log.corruption.policy = EXCEPTION (default)
2019-11-14 13:21:33,883 [pool-192-thread-1] INFO  storage.RaftStorageDirectory (RaftStorageDirectory.java:analyzeStorage(246)) - The storage directory /workdir/hadoop-ozone/integration-test/target/test-dir/MiniOzoneClusterImpl-3e7318d1-e353-4b83-9c8a-b04a40b588dc/datanode-4/data/ratis/37d173cb-1ee4-4985-b6c1-2a56a330ff79 does not exist. Creating ...
2019-11-14 13:21:33,906 [pool-192-thread-1] INFO  storage.RaftStorageDirectory (RaftStorageDirectory.java:tryLock(328)) - Lock on /workdir/hadoop-ozone/integration-test/target/test-dir/MiniOzoneClusterImpl-3e7318d1-e353-4b83-9c8a-b04a40b588dc/datanode-4/data/ratis/37d173cb-1ee4-4985-b6c1-2a56a330ff79/in_use.lock acquired by nodename 26507@pr-hdds-2468-gmfm6-3729483342
2019-11-14 13:21:33,924 [pool-192-thread-1] INFO  storage.RaftStorage (RaftStorage.java:format(84)) - Storage directory /workdir/hadoop-ozone/integration-test/target/test-dir/MiniOzoneClusterImpl-3e7318d1-e353-4b83-9c8a-b04a40b588dc/datanode-4/data/ratis/37d173cb-1ee4-4985-b6c1-2a56a330ff79 has been successfully formatted.
2019-11-14 13:21:33,925 [pool-192-thread-1] INFO  ratis.ContainerStateMachine (ContainerStateMachine.java:loadSnapshot(223)) - group-2A56A330FF79: The snapshot info is null. Setting the last applied indexto:(t:0, i:~)
2019-11-14 13:21:33,925 [pool-192-thread-1] INFO  server.RaftServerConfigKeys (ConfUtils.java:logGet(43)) - raft.server.notification.no-leader.timeout = 120s (custom)
2019-11-14 13:21:33,925 [pool-192-thread-1] INFO  server.RaftServerConfigKeys (ConfUtils.java:logGet(43)) - raft.server.log.use.memory = false (default)
2019-11-14 13:21:33,925 [pool-192-thread-1] INFO  server.RaftServerConfigKeys (ConfUtils.java:logGet(43)) - raft.server.log.purge.gap = 1000000 (custom)
2019-11-14 13:21:33,925 [pool-192-thread-1] INFO  server.RaftServerConfigKeys (ConfUtils.java:logGet(43)) - raft.server.log.appender.buffer.byte-limit = 33554432 (custom)
2019-11-14 13:21:33,925 [pool-192-thread-1] INFO  server.RaftServerConfigKeys (ConfUtils.java:logGet(43)) - raft.server.log.segment.size.max = 1048576 (custom)
2019-11-14 13:21:33,925 [pool-192-thread-1] INFO  server.RaftServerConfigKeys (ConfUtils.java:logGet(43)) - raft.server.log.segment.cache.num.max = 2 (custom)
2019-11-14 13:21:33,925 [pool-192-thread-1] INFO  segmented.SegmentedRaftLogWorker (SegmentedRaftLogWorker.java:<init>(173)) - new db5776da-04cc-407e-81f3-5cb046cdfc6e@group-2A56A330FF79-SegmentedRaftLogWorker for RaftStorage:Storage Directory /workdir/hadoop-ozone/integration-test/target/test-dir/MiniOzoneClusterImpl-3e7318d1-e353-4b83-9c8a-b04a40b588dc/datanode-4/data/ratis/37d173cb-1ee4-4985-b6c1-2a56a330ff79
2019-11-14 13:21:33,925 [pool-192-thread-1] INFO  server.RaftServerConfigKeys (ConfUtils.java:logGet(43)) - raft.server.log.queue.byte-limit = 2147483647 (custom)
2019-11-14 13:21:33,925 [pool-192-thread-1] INFO  server.RaftServerConfigKeys (ConfUtils.java:logGet(43)) - raft.server.log.queue.element-limit = 1024 (custom)
2019-11-14 13:21:33,926 [pool-192-thread-1] INFO  server.RaftServerConfigKeys (ConfUtils.java:logGet(43)) - raft.server.log.segment.size.max = 1048576 (custom)
2019-11-14 13:21:33,926 [pool-192-thread-1] INFO  server.RaftServerConfigKeys (ConfUtils.java:logGet(43)) - raft.server.log.preallocated.size = 16384 (custom)
2019-11-14 13:21:33,926 [pool-192-thread-1] INFO  server.RaftServerConfigKeys (ConfUtils.java:logGet(43)) - raft.server.log.write.buffer.size = 33554432 (custom)
2019-11-14 13:21:33,926 [pool-192-thread-1] INFO  server.RaftServerConfigKeys (ConfUtils.java:logGet(43)) - raft.server.log.force.sync.num = 128 (default)
2019-11-14 13:21:33,926 [pool-192-thread-1] INFO  server.RaftServerConfigKeys (ConfUtils.java:logGet(43)) - raft.server.log.statemachine.data.sync = true (default)
2019-11-14 13:21:33,926 [pool-192-thread-1] INFO  server.RaftServerConfigKeys (ConfUtils.java:logGet(43)) - raft.server.log.statemachine.data.sync.timeout = 10s (default)
2019-11-14 13:21:33,926 [pool-192-thread-1] INFO  server.RaftServerConfigKeys (ConfUtils.java:logGet(43)) - raft.server.log.statemachine.data.sync.timeout.retry = -1 (default)
2019-11-14 13:21:33,926 [pool-192-thread-1] INFO  server.RaftServerConfigKeys (ConfUtils.java:logGet(43)) - raft.server.log.statemachine.data.caching.enabled = true (custom)
2019-11-14 13:21:33,926 [pool-192-thread-1] INFO  segmented.SegmentedRaftLogWorker (SegmentedRaftLogWorker.java:lambda$new$0(128)) - db5776da-04cc-407e-81f3-5cb046cdfc6e@group-2A56A330FF79-SegmentedRaftLogWorker: flushIndex: setUnconditionally 0 -> -1
2019-11-14 13:21:33,926 [pool-192-thread-1] INFO  server.RaftServerConfigKeys (ConfUtils.java:logGet(43)) - raft.server.snapshot.auto.trigger.enabled = true (custom)
2019-11-14 13:21:33,927 [pool-192-thread-1] INFO  server.RaftServerConfigKeys (ConfUtils.java:logGet(43)) - raft.server.snapshot.auto.trigger.threshold = 10000 (custom)
2019-11-14 13:21:33,927 [pool-192-thread-1] INFO  server.RaftServerConfigKeys (ConfUtils.java:logGet(43)) - raft.server.snapshot.retention.file.num = 5 (custom)
2019-11-14 13:21:33,927 [pool-192-thread-1] INFO  server.RaftServerConfigKeys (ConfUtils.java:logGet(43)) - raft.server.retrycache.expirytime = 600000ms (custom)
2019-11-14 13:21:33,927 [pool-192-thread-1] WARN  impl.MetricRegistriesImpl (MetricRegistriesImpl.java:lambda$create$1(61)) - First MetricRegistry has been created without registering reporters. You may need to call MetricRegistries.global().addReportRegistration(...) before.
2019-11-14 13:21:33,927 [pool-192-thread-1] WARN  impl.MetricRegistriesImpl (MetricRegistriesImpl.java:lambda$create$1(61)) - First MetricRegistry has been created without registering reporters. You may need to call MetricRegistries.global().addReportRegistration(...) before.
2019-11-14 13:21:33,927 [pool-192-thread-1] INFO  impl.RaftServerImpl (RaftServerImpl.java:start(184)) - db5776da-04cc-407e-81f3-5cb046cdfc6e@group-2A56A330FF79: start as a follower, conf=-1: [db5776da-04cc-407e-81f3-5cb046cdfc6e:192.168.69.121:40096], old=null
2019-11-14 13:21:33,927 [pool-192-thread-1] INFO  impl.RaftServerImpl (RaftServerImpl.java:setRole(173)) - db5776da-04cc-407e-81f3-5cb046cdfc6e@group-2A56A330FF79: changes role from      null to FOLLOWER at term 0 for startAsFollower
2019-11-14 13:21:33,927 [pool-192-thread-1] INFO  impl.RoleInfo (RoleInfo.java:updateAndGet(143)) - db5776da-04cc-407e-81f3-5cb046cdfc6e: start FollowerState
2019-11-14 13:21:33,927 [pool-192-thread-1] INFO  util.JmxRegister (JmxRegister.java:tryRegister(44)) - Successfully registered JMX Bean with object name Ratis:service=RaftServer,group=group-2A56A330FF79,id=db5776da-04cc-407e-81f3-5cb046cdfc6e
2019-11-14 13:21:33,928 [pool-192-thread-1] WARN  impl.MetricRegistriesImpl (MetricRegistriesImpl.java:lambda$create$1(61)) - First MetricRegistry has been created without registering reporters. You may need to call MetricRegistries.global().addReportRegistration(...) before.
2019-11-14 13:21:33,931 [RatisPipelineUtilsThread] INFO  pipeline.PipelineStateManager (PipelineStateManager.java:addPipeline(55)) - Created pipeline Pipeline[ Id: 37d173cb-1ee4-4985-b6c1-2a56a330ff79, Nodes: db5776da-04cc-407e-81f3-5cb046cdfc6e{ip: 192.168.69.121, host: pr-hdds-2468-gmfm6-3729483342, networkLocation: /default-rack, certSerialId: null}, Type:RATIS, Factor:ONE, State:ALLOCATED]
2019-11-14 13:21:33,931 [Thread-1209] INFO  pipeline.PipelineStateManager (PipelineStateManager.java:finalizePipeline(121)) - Pipeline Pipeline[ Id: 3462b590-3dae-4ff6-b872-0cdd0307dcd9, Nodes: da377692-8490-46fb-a58a-cb2c66593f0b{ip: 192.168.69.121, host: pr-hdds-2468-gmfm6-3729483342, networkLocation: /default-rack, certSerialId: null}, Type:RATIS, Factor:ONE, State:CLOSED] moved to CLOSED state
2019-11-14 13:21:33,934 [grpc-default-executor-1] INFO  impl.RaftServerProxy (RaftServerProxy.java:remove(95)) - da377692-8490-46fb-a58a-cb2c66593f0b: remove    LEADER da377692-8490-46fb-a58a-cb2c66593f0b@group-0CDD0307DCD9:t1, leader=da377692-8490-46fb-a58a-cb2c66593f0b, voted=da377692-8490-46fb-a58a-cb2c66593f0b, raftlog=da377692-8490-46fb-a58a-cb2c66593f0b@group-0CDD0307DCD9-SegmentedRaftLog:OPENED:c0,f0,i0, conf=0: [da377692-8490-46fb-a58a-cb2c66593f0b:192.168.69.121:42566], old=null RUNNING
2019-11-14 13:21:33,934 [grpc-default-executor-1] INFO  impl.RaftServerImpl (RaftServerImpl.java:lambda$shutdown$3(250)) - da377692-8490-46fb-a58a-cb2c66593f0b@group-0CDD0307DCD9: shutdown
2019-11-14 13:21:33,934 [grpc-default-executor-1] INFO  util.JmxRegister (JmxRegister.java:unregister(73)) - Successfully un-registered JMX Bean with object name Ratis:service=RaftServer,group=group-0CDD0307DCD9,id=da377692-8490-46fb-a58a-cb2c66593f0b
2019-11-14 13:21:33,934 [grpc-default-executor-1] INFO  impl.RoleInfo (RoleInfo.java:shutdownLeaderState(104)) - da377692-8490-46fb-a58a-cb2c66593f0b: shutdown LeaderState
2019-11-14 13:21:33,935 [grpc-default-executor-1] INFO  impl.PendingRequests (PendingRequests.java:sendNotLeaderResponses(206)) - da377692-8490-46fb-a58a-cb2c66593f0b@group-0CDD0307DCD9-PendingRequests: sendNotLeaderResponses
2019-11-14 13:21:33,935 [grpc-default-executor-1] INFO  impl.StateMachineUpdater (StateMachineUpdater.java:stopAndJoin(136)) - da377692-8490-46fb-a58a-cb2c66593f0b@group-0CDD0307DCD9-StateMachineUpdater: set stopIndex = 0
2019-11-14 13:21:33,935 [grpc-default-executor-1] INFO  impl.RaftServerImpl (ServerState.java:close(387)) - da377692-8490-46fb-a58a-cb2c66593f0b@group-0CDD0307DCD9: closes. applyIndex: 0
2019-11-14 13:21:33,935 [da377692-8490-46fb-a58a-cb2c66593f0b@group-0CDD0307DCD9-SegmentedRaftLogWorker] INFO  segmented.SegmentedRaftLogWorker (SegmentedRaftLogWorker.java:run(316)) - da377692-8490-46fb-a58a-cb2c66593f0b@group-0CDD0307DCD9-SegmentedRaftLogWorker was interrupted, exiting. There are 0 tasks remaining in the queue.
2019-11-14 13:21:33,935 [grpc-default-executor-1] INFO  segmented.SegmentedRaftLogWorker (SegmentedRaftLogWorker.java:close(224)) - da377692-8490-46fb-a58a-cb2c66593f0b@group-0CDD0307DCD9-SegmentedRaftLogWorker close()
2019-11-14 13:21:33,939 [Thread-1209] INFO  pipeline.PipelineStateManager (PipelineStateManager.java:removePipeline(106)) - Pipeline Pipeline[ Id: 3462b590-3dae-4ff6-b872-0cdd0307dcd9, Nodes: da377692-8490-46fb-a58a-cb2c66593f0b{ip: 192.168.69.121, host: pr-hdds-2468-gmfm6-3729483342, networkLocation: /default-rack, certSerialId: null}, Type:RATIS, Factor:ONE, State:CLOSED] removed from db
2019-11-14 13:21:33,939 [Thread-1209] INFO  pipeline.SCMPipelineManager (SCMPipelineManager.java:finalizeAndDestroyPipeline(315)) - destroying pipeline:Pipeline[ Id: ee379075-e9f8-444f-85d2-4893c6d269db, Nodes: 7f745053-e99a-4882-8da4-f9f49fd4314d{ip: 192.168.69.121, host: pr-hdds-2468-gmfm6-3729483342, networkLocation: /default-rack, certSerialId: null}5254e235-0009-400e-8b7c-46acf791df30{ip: 192.168.69.121, host: pr-hdds-2468-gmfm6-3729483342, networkLocation: /default-rack, certSerialId: null}db5776da-04cc-407e-81f3-5cb046cdfc6e{ip: 192.168.69.121, host: pr-hdds-2468-gmfm6-3729483342, networkLocation: /default-rack, certSerialId: null}, Type:RATIS, Factor:THREE, State:OPEN]
2019-11-14 13:21:33,942 [grpc-default-executor-1] INFO  impl.RaftServerProxy (RaftServerProxy.java:addNew(89)) - da377692-8490-46fb-a58a-cb2c66593f0b: addNew group-C6DEEE67C8B6:[da377692-8490-46fb-a58a-cb2c66593f0b:192.168.69.121:42566] returns group-C6DEEE67C8B6:java.util.concurrent.CompletableFuture@2b6d3c6f[Not completed]
2019-11-14 13:21:33,943 [pool-162-thread-1] INFO  impl.RaftServerImpl (RaftServerImpl.java:<init>(98)) - da377692-8490-46fb-a58a-cb2c66593f0b: new RaftServerImpl for group-C6DEEE67C8B6:[da377692-8490-46fb-a58a-cb2c66593f0b:192.168.69.121:42566] with ContainerStateMachine:uninitialized
2019-11-14 13:21:33,947 [pool-162-thread-1] INFO  server.RaftServerConfigKeys (ConfUtils.java:logGet(43)) - raft.server.rpc.timeout.min = 1s (custom)
2019-11-14 13:21:33,947 [pool-162-thread-1] INFO  server.RaftServerConfigKeys (ConfUtils.java:logGet(43)) - raft.server.rpc.timeout.max = 1200ms (custom)
2019-11-14 13:21:33,948 [pool-162-thread-1] INFO  server.RaftServerConfigKeys (ConfUtils.java:logGet(43)) - raft.server.rpcslowness.timeout = 120s (custom)
2019-11-14 13:21:33,948 [pool-162-thread-1] INFO  server.RaftServerConfigKeys (ConfUtils.java:logGet(43)) - raft.server.sleep.deviation.threshold = 300 (default)
2019-11-14 13:21:33,948 [pool-162-thread-1] INFO  server.RaftServerConfigKeys (ConfUtils.java:logGet(43)) - raft.server.log.appender.install.snapshot.enabled = false (custom)
2019-11-14 13:21:33,948 [pool-162-thread-1] INFO  impl.RaftServerImpl (ServerState.java:<init>(103)) - da377692-8490-46fb-a58a-cb2c66593f0b@group-C6DEEE67C8B6: ConfigurationManager, init=-1: [da377692-8490-46fb-a58a-cb2c66593f0b:192.168.69.121:42566], old=null, confs=<EMPTY_MAP>
2019-11-14 13:21:33,948 [pool-162-thread-1] INFO  server.RaftServerConfigKeys (ConfUtils.java:logGet(43)) - raft.server.storage.dir = [/workdir/hadoop-ozone/integration-test/target/test-dir/MiniOzoneClusterImpl-3e7318d1-e353-4b83-9c8a-b04a40b588dc/datanode-1/data/ratis] (custom)
2019-11-14 13:21:33,948 [pool-162-thread-1] INFO  server.RaftServerConfigKeys (ConfUtils.java:logGet(43)) - raft.server.log.corruption.policy = EXCEPTION (default)
2019-11-14 13:21:33,948 [pool-162-thread-1] INFO  storage.RaftStorageDirectory (RaftStorageDirectory.java:analyzeStorage(246)) - The storage directory /workdir/hadoop-ozone/integration-test/target/test-dir/MiniOzoneClusterImpl-3e7318d1-e353-4b83-9c8a-b04a40b588dc/datanode-1/data/ratis/0d4257ad-98ad-422f-a60f-c6deee67c8b6 does not exist. Creating ...
2019-11-14 13:21:33,971 [pool-162-thread-1] INFO  storage.RaftStorageDirectory (RaftStorageDirectory.java:tryLock(328)) - Lock on /workdir/hadoop-ozone/integration-test/target/test-dir/MiniOzoneClusterImpl-3e7318d1-e353-4b83-9c8a-b04a40b588dc/datanode-1/data/ratis/0d4257ad-98ad-422f-a60f-c6deee67c8b6/in_use.lock acquired by nodename 26507@pr-hdds-2468-gmfm6-3729483342
2019-11-14 13:21:33,994 [pool-162-thread-1] INFO  storage.RaftStorage (RaftStorage.java:format(84)) - Storage directory /workdir/hadoop-ozone/integration-test/target/test-dir/MiniOzoneClusterImpl-3e7318d1-e353-4b83-9c8a-b04a40b588dc/datanode-1/data/ratis/0d4257ad-98ad-422f-a60f-c6deee67c8b6 has been successfully formatted.
2019-11-14 13:21:33,994 [pool-162-thread-1] INFO  ratis.ContainerStateMachine (ContainerStateMachine.java:loadSnapshot(223)) - group-C6DEEE67C8B6: The snapshot info is null. Setting the last applied indexto:(t:0, i:~)
2019-11-14 13:21:33,994 [pool-162-thread-1] INFO  server.RaftServerConfigKeys (ConfUtils.java:logGet(43)) - raft.server.notification.no-leader.timeout = 120s (custom)
2019-11-14 13:21:33,994 [pool-162-thread-1] INFO  server.RaftServerConfigKeys (ConfUtils.java:logGet(43)) - raft.server.log.use.memory = false (default)
2019-11-14 13:21:33,994 [pool-162-thread-1] INFO  server.RaftServerConfigKeys (ConfUtils.java:logGet(43)) - raft.server.log.purge.gap = 1000000 (custom)
2019-11-14 13:21:33,994 [pool-162-thread-1] INFO  server.RaftServerConfigKeys (ConfUtils.java:logGet(43)) - raft.server.log.appender.buffer.byte-limit = 33554432 (custom)
2019-11-14 13:21:33,995 [pool-162-thread-1] INFO  server.RaftServerConfigKeys (ConfUtils.java:logGet(43)) - raft.server.log.segment.size.max = 1048576 (custom)
2019-11-14 13:21:33,995 [pool-162-thread-1] INFO  server.RaftServerConfigKeys (ConfUtils.java:logGet(43)) - raft.server.log.segment.cache.num.max = 2 (custom)
2019-11-14 13:21:33,995 [pool-162-thread-1] INFO  segmented.SegmentedRaftLogWorker (SegmentedRaftLogWorker.java:<init>(173)) - new da377692-8490-46fb-a58a-cb2c66593f0b@group-C6DEEE67C8B6-SegmentedRaftLogWorker for RaftStorage:Storage Directory /workdir/hadoop-ozone/integration-test/target/test-dir/MiniOzoneClusterImpl-3e7318d1-e353-4b83-9c8a-b04a40b588dc/datanode-1/data/ratis/0d4257ad-98ad-422f-a60f-c6deee67c8b6
2019-11-14 13:21:33,995 [pool-162-thread-1] INFO  server.RaftServerConfigKeys (ConfUtils.java:logGet(43)) - raft.server.log.queue.byte-limit = 2147483647 (custom)
2019-11-14 13:21:33,995 [pool-162-thread-1] INFO  server.RaftServerConfigKeys (ConfUtils.java:logGet(43)) - raft.server.log.queue.element-limit = 1024 (custom)
2019-11-14 13:21:33,995 [pool-162-thread-1] INFO  server.RaftServerConfigKeys (ConfUtils.java:logGet(43)) - raft.server.log.segment.size.max = 1048576 (custom)
2019-11-14 13:21:33,995 [pool-162-thread-1] INFO  server.RaftServerConfigKeys (ConfUtils.java:logGet(43)) - raft.server.log.preallocated.size = 16384 (custom)
2019-11-14 13:21:33,995 [pool-162-thread-1] INFO  server.RaftServerConfigKeys (ConfUtils.java:logGet(43)) - raft.server.log.write.buffer.size = 33554432 (custom)
2019-11-14 13:21:33,995 [pool-162-thread-1] INFO  server.RaftServerConfigKeys (ConfUtils.java:logGet(43)) - raft.server.log.force.sync.num = 128 (default)
2019-11-14 13:21:33,995 [pool-162-thread-1] INFO  server.RaftServerConfigKeys (ConfUtils.java:logGet(43)) - raft.server.log.statemachine.data.sync = true (default)
2019-11-14 13:21:33,995 [pool-162-thread-1] INFO  server.RaftServerConfigKeys (ConfUtils.java:logGet(43)) - raft.server.log.statemachine.data.sync.timeout = 10s (default)
2019-11-14 13:21:33,995 [pool-162-thread-1] INFO  server.RaftServerConfigKeys (ConfUtils.java:logGet(43)) - raft.server.log.statemachine.data.sync.timeout.retry = -1 (default)
2019-11-14 13:21:33,995 [pool-162-thread-1] INFO  server.RaftServerConfigKeys (ConfUtils.java:logGet(43)) - raft.server.log.statemachine.data.caching.enabled = true (custom)
2019-11-14 13:21:33,996 [pool-162-thread-1] INFO  segmented.SegmentedRaftLogWorker (SegmentedRaftLogWorker.java:lambda$new$0(128)) - da377692-8490-46fb-a58a-cb2c66593f0b@group-C6DEEE67C8B6-SegmentedRaftLogWorker: flushIndex: setUnconditionally 0 -> -1
2019-11-14 13:21:33,996 [pool-162-thread-1] INFO  server.RaftServerConfigKeys (ConfUtils.java:logGet(43)) - raft.server.snapshot.auto.trigger.enabled = true (custom)
2019-11-14 13:21:33,996 [pool-162-thread-1] INFO  server.RaftServerConfigKeys (ConfUtils.java:logGet(43)) - raft.server.snapshot.auto.trigger.threshold = 10000 (custom)
2019-11-14 13:21:33,996 [pool-162-thread-1] INFO  server.RaftServerConfigKeys (ConfUtils.java:logGet(43)) - raft.server.snapshot.retention.file.num = 5 (custom)
2019-11-14 13:21:33,996 [pool-162-thread-1] INFO  server.RaftServerConfigKeys (ConfUtils.java:logGet(43)) - raft.server.retrycache.expirytime = 600000ms (custom)
2019-11-14 13:21:33,996 [pool-162-thread-1] WARN  impl.MetricRegistriesImpl (MetricRegistriesImpl.java:lambda$create$1(61)) - First MetricRegistry has been created without registering reporters. You may need to call MetricRegistries.global().addReportRegistration(...) before.
2019-11-14 13:21:33,996 [pool-162-thread-1] WARN  impl.MetricRegistriesImpl (MetricRegistriesImpl.java:lambda$create$1(61)) - First MetricRegistry has been created without registering reporters. You may need to call MetricRegistries.global().addReportRegistration(...) before.
2019-11-14 13:21:33,996 [pool-162-thread-1] INFO  impl.RaftServerImpl (RaftServerImpl.java:start(184)) - da377692-8490-46fb-a58a-cb2c66593f0b@group-C6DEEE67C8B6: start as a follower, conf=-1: [da377692-8490-46fb-a58a-cb2c66593f0b:192.168.69.121:42566], old=null
2019-11-14 13:21:33,996 [pool-162-thread-1] INFO  impl.RaftServerImpl (RaftServerImpl.java:setRole(173)) - da377692-8490-46fb-a58a-cb2c66593f0b@group-C6DEEE67C8B6: changes role from      null to FOLLOWER at term 0 for startAsFollower
2019-11-14 13:21:33,996 [pool-162-thread-1] INFO  impl.RoleInfo (RoleInfo.java:updateAndGet(143)) - da377692-8490-46fb-a58a-cb2c66593f0b: start FollowerState
2019-11-14 13:21:33,997 [pool-162-thread-1] INFO  util.JmxRegister (JmxRegister.java:tryRegister(44)) - Successfully registered JMX Bean with object name Ratis:service=RaftServer,group=group-C6DEEE67C8B6,id=da377692-8490-46fb-a58a-cb2c66593f0b
2019-11-14 13:21:33,997 [pool-162-thread-1] WARN  impl.MetricRegistriesImpl (MetricRegistriesImpl.java:lambda$create$1(61)) - First MetricRegistry has been created without registering reporters. You may need to call MetricRegistries.global().addReportRegistration(...) before.
2019-11-14 13:21:33,998 [RatisPipelineUtilsThread] INFO  pipeline.PipelineStateManager (PipelineStateManager.java:addPipeline(55)) - Created pipeline Pipeline[ Id: 0d4257ad-98ad-422f-a60f-c6deee67c8b6, Nodes: da377692-8490-46fb-a58a-cb2c66593f0b{ip: 192.168.69.121, host: pr-hdds-2468-gmfm6-3729483342, networkLocation: /default-rack, certSerialId: null}, Type:RATIS, Factor:ONE, State:ALLOCATED]
2019-11-14 13:21:34,001 [Thread-1209] INFO  pipeline.PipelineStateManager (PipelineStateManager.java:finalizePipeline(121)) - Pipeline Pipeline[ Id: ee379075-e9f8-444f-85d2-4893c6d269db, Nodes: 7f745053-e99a-4882-8da4-f9f49fd4314d{ip: 192.168.69.121, host: pr-hdds-2468-gmfm6-3729483342, networkLocation: /default-rack, certSerialId: null}5254e235-0009-400e-8b7c-46acf791df30{ip: 192.168.69.121, host: pr-hdds-2468-gmfm6-3729483342, networkLocation: /default-rack, certSerialId: null}db5776da-04cc-407e-81f3-5cb046cdfc6e{ip: 192.168.69.121, host: pr-hdds-2468-gmfm6-3729483342, networkLocation: /default-rack, certSerialId: null}, Type:RATIS, Factor:THREE, State:CLOSED] moved to CLOSED state
2019-11-14 13:21:34,004 [grpc-default-executor-1] INFO  impl.RaftServerProxy (RaftServerProxy.java:remove(95)) - 7f745053-e99a-4882-8da4-f9f49fd4314d: remove    LEADER 7f745053-e99a-4882-8da4-f9f49fd4314d@group-4893C6D269DB:t1, leader=7f745053-e99a-4882-8da4-f9f49fd4314d, voted=7f745053-e99a-4882-8da4-f9f49fd4314d, raftlog=7f745053-e99a-4882-8da4-f9f49fd4314d@group-4893C6D269DB-SegmentedRaftLog:OPENED:c0,f0,i0, conf=0: [7f745053-e99a-4882-8da4-f9f49fd4314d:192.168.69.121:41985, 5254e235-0009-400e-8b7c-46acf791df30:192.168.69.121:44317, db5776da-04cc-407e-81f3-5cb046cdfc6e:192.168.69.121:40096], old=null RUNNING
2019-11-14 13:21:34,004 [grpc-default-executor-1] INFO  impl.RaftServerImpl (RaftServerImpl.java:lambda$shutdown$3(250)) - 7f745053-e99a-4882-8da4-f9f49fd4314d@group-4893C6D269DB: shutdown
2019-11-14 13:21:34,004 [grpc-default-executor-1] INFO  util.JmxRegister (JmxRegister.java:unregister(73)) - Successfully un-registered JMX Bean with object name Ratis:service=RaftServer,group=group-4893C6D269DB,id=7f745053-e99a-4882-8da4-f9f49fd4314d
2019-11-14 13:21:34,004 [grpc-default-executor-1] INFO  impl.RoleInfo (RoleInfo.java:shutdownLeaderState(104)) - 7f745053-e99a-4882-8da4-f9f49fd4314d: shutdown LeaderState
2019-11-14 13:21:34,007 [grpc-default-executor-1] INFO  impl.PendingRequests (PendingRequests.java:sendNotLeaderResponses(206)) - 7f745053-e99a-4882-8da4-f9f49fd4314d@group-4893C6D269DB-PendingRequests: sendNotLeaderResponses
2019-11-14 13:21:34,007 [org.apache.ratis.server.impl.LogAppender$AppenderDaemon$$Lambda$465/1792419337@6c5f83ed] WARN  server.GrpcLogAppender (GrpcLogAppender.java:mayWait(151)) - 7f745053-e99a-4882-8da4-f9f49fd4314d@group-4893C6D269DB->db5776da-04cc-407e-81f3-5cb046cdfc6e-GrpcLogAppender: Wait interrupted by java.lang.InterruptedException
2019-11-14 13:21:34,008 [grpc-default-executor-1] INFO  impl.StateMachineUpdater (StateMachineUpdater.java:stopAndJoin(136)) - 7f745053-e99a-4882-8da4-f9f49fd4314d@group-4893C6D269DB-StateMachineUpdater: set stopIndex = 0
2019-11-14 13:21:34,008 [org.apache.ratis.server.impl.LogAppender$AppenderDaemon$$Lambda$465/1792419337@295d08a2] WARN  server.GrpcLogAppender (GrpcLogAppender.java:mayWait(151)) - 7f745053-e99a-4882-8da4-f9f49fd4314d@group-4893C6D269DB->5254e235-0009-400e-8b7c-46acf791df30-GrpcLogAppender: Wait interrupted by java.lang.InterruptedException
2019-11-14 13:21:34,008 [grpc-default-executor-1] INFO  impl.RaftServerImpl (ServerState.java:close(387)) - 7f745053-e99a-4882-8da4-f9f49fd4314d@group-4893C6D269DB: closes. applyIndex: 0
2019-11-14 13:21:34,009 [grpc-default-executor-7] INFO  server.GrpcServerProtocolService (GrpcServerProtocolService.java:onCompleted(113)) - db5776da-04cc-407e-81f3-5cb046cdfc6e: Completed APPEND_ENTRIES, lastRequest: 7f745053-e99a-4882-8da4-f9f49fd4314d->db5776da-04cc-407e-81f3-5cb046cdfc6e#4-t1, previous=(t:1, i:0), leaderCommit=0, initializing? false, entries: <empty>
2019-11-14 13:21:34,009 [grpc-default-executor-5] INFO  server.GrpcServerProtocolService (GrpcServerProtocolService.java:onCompleted(113)) - 5254e235-0009-400e-8b7c-46acf791df30: Completed APPEND_ENTRIES, lastRequest: 7f745053-e99a-4882-8da4-f9f49fd4314d->5254e235-0009-400e-8b7c-46acf791df30#4-t1, previous=(t:1, i:0), leaderCommit=0, initializing? false, entries: <empty>
2019-11-14 13:21:34,009 [7f745053-e99a-4882-8da4-f9f49fd4314d@group-4893C6D269DB-SegmentedRaftLogWorker] INFO  segmented.SegmentedRaftLogWorker (SegmentedRaftLogWorker.java:run(316)) - 7f745053-e99a-4882-8da4-f9f49fd4314d@group-4893C6D269DB-SegmentedRaftLogWorker was interrupted, exiting. There are 0 tasks remaining in the queue.
2019-11-14 13:21:34,009 [grpc-default-executor-5] INFO  server.GrpcLogAppender (GrpcLogAppender.java:onCompleted(308)) - 7f745053-e99a-4882-8da4-f9f49fd4314d@group-4893C6D269DB->5254e235-0009-400e-8b7c-46acf791df30-AppendLogResponseHandler: follower responses appendEntries COMPLETED
2019-11-14 13:21:34,009 [grpc-default-executor-7] INFO  server.GrpcLogAppender (GrpcLogAppender.java:onCompleted(308)) - 7f745053-e99a-4882-8da4-f9f49fd4314d@group-4893C6D269DB->db5776da-04cc-407e-81f3-5cb046cdfc6e-AppendLogResponseHandler: follower responses appendEntries COMPLETED
2019-11-14 13:21:34,009 [grpc-default-executor-1] INFO  segmented.SegmentedRaftLogWorker (SegmentedRaftLogWorker.java:close(224)) - 7f745053-e99a-4882-8da4-f9f49fd4314d@group-4893C6D269DB-SegmentedRaftLogWorker close()
2019-11-14 13:21:34,009 [grpc-default-executor-5] INFO  impl.FollowerInfo (FollowerInfo.java:lambda$new$0(51)) - 7f745053-e99a-4882-8da4-f9f49fd4314d@group-4893C6D269DB->5254e235-0009-400e-8b7c-46acf791df30: nextIndex: updateUnconditionally 1 -> 0
2019-11-14 13:21:34,011 [grpc-default-executor-7] INFO  impl.FollowerInfo (FollowerInfo.java:lambda$new$0(51)) - 7f745053-e99a-4882-8da4-f9f49fd4314d@group-4893C6D269DB->db5776da-04cc-407e-81f3-5cb046cdfc6e: nextIndex: updateUnconditionally 1 -> 0
2019-11-14 13:21:34,015 [grpc-default-executor-1] INFO  impl.RaftServerProxy (RaftServerProxy.java:remove(95)) - 5254e235-0009-400e-8b7c-46acf791df30: remove  FOLLOWER 5254e235-0009-400e-8b7c-46acf791df30@group-4893C6D269DB:t1, leader=7f745053-e99a-4882-8da4-f9f49fd4314d, voted=7f745053-e99a-4882-8da4-f9f49fd4314d, raftlog=5254e235-0009-400e-8b7c-46acf791df30@group-4893C6D269DB-SegmentedRaftLog:OPENED:c0,f0,i0, conf=0: [7f745053-e99a-4882-8da4-f9f49fd4314d:192.168.69.121:41985, 5254e235-0009-400e-8b7c-46acf791df30:192.168.69.121:44317, db5776da-04cc-407e-81f3-5cb046cdfc6e:192.168.69.121:40096], old=null RUNNING
2019-11-14 13:21:34,015 [grpc-default-executor-1] INFO  impl.RaftServerImpl (RaftServerImpl.java:lambda$shutdown$3(250)) - 5254e235-0009-400e-8b7c-46acf791df30@group-4893C6D269DB: shutdown
2019-11-14 13:21:34,015 [grpc-default-executor-1] INFO  util.JmxRegister (JmxRegister.java:unregister(73)) - Successfully un-registered JMX Bean with object name Ratis:service=RaftServer,group=group-4893C6D269DB,id=5254e235-0009-400e-8b7c-46acf791df30
2019-11-14 13:21:34,015 [grpc-default-executor-1] INFO  impl.RoleInfo (RoleInfo.java:shutdownFollowerState(121)) - 5254e235-0009-400e-8b7c-46acf791df30: shutdown FollowerState
2019-11-14 13:21:34,016 [grpc-default-executor-1] INFO  impl.StateMachineUpdater (StateMachineUpdater.java:stopAndJoin(136)) - 5254e235-0009-400e-8b7c-46acf791df30@group-4893C6D269DB-StateMachineUpdater: set stopIndex = 0
2019-11-14 13:21:34,016 [Thread-1273] INFO  impl.FollowerState (FollowerState.java:run(120)) - 5254e235-0009-400e-8b7c-46acf791df30@group-4893C6D269DB-FollowerState was interrupted: java.lang.InterruptedException: sleep interrupted
2019-11-14 13:21:34,017 [grpc-default-executor-1] INFO  impl.RaftServerImpl (ServerState.java:close(387)) - 5254e235-0009-400e-8b7c-46acf791df30@group-4893C6D269DB: closes. applyIndex: 0
2019-11-14 13:21:34,022 [5254e235-0009-400e-8b7c-46acf791df30@group-4893C6D269DB-SegmentedRaftLogWorker] INFO  segmented.SegmentedRaftLogWorker (SegmentedRaftLogWorker.java:run(316)) - 5254e235-0009-400e-8b7c-46acf791df30@group-4893C6D269DB-SegmentedRaftLogWorker was interrupted, exiting. There are 0 tasks remaining in the queue.
2019-11-14 13:21:34,022 [grpc-default-executor-1] INFO  segmented.SegmentedRaftLogWorker (SegmentedRaftLogWorker.java:close(224)) - 5254e235-0009-400e-8b7c-46acf791df30@group-4893C6D269DB-SegmentedRaftLogWorker close()
2019-11-14 13:21:34,030 [grpc-default-executor-1] INFO  impl.RaftServerProxy (RaftServerProxy.java:remove(95)) - db5776da-04cc-407e-81f3-5cb046cdfc6e: remove  FOLLOWER db5776da-04cc-407e-81f3-5cb046cdfc6e@group-4893C6D269DB:t1, leader=7f745053-e99a-4882-8da4-f9f49fd4314d, voted=7f745053-e99a-4882-8da4-f9f49fd4314d, raftlog=db5776da-04cc-407e-81f3-5cb046cdfc6e@group-4893C6D269DB-SegmentedRaftLog:OPENED:c0,f0,i0, conf=0: [7f745053-e99a-4882-8da4-f9f49fd4314d:192.168.69.121:41985, 5254e235-0009-400e-8b7c-46acf791df30:192.168.69.121:44317, db5776da-04cc-407e-81f3-5cb046cdfc6e:192.168.69.121:40096], old=null RUNNING
2019-11-14 13:21:34,030 [grpc-default-executor-1] INFO  impl.RaftServerImpl (RaftServerImpl.java:lambda$shutdown$3(250)) - db5776da-04cc-407e-81f3-5cb046cdfc6e@group-4893C6D269DB: shutdown
2019-11-14 13:21:34,030 [grpc-default-executor-1] INFO  util.JmxRegister (JmxRegister.java:unregister(73)) - Successfully un-registered JMX Bean with object name Ratis:service=RaftServer,group=group-4893C6D269DB,id=db5776da-04cc-407e-81f3-5cb046cdfc6e
2019-11-14 13:21:34,030 [grpc-default-executor-1] INFO  impl.RoleInfo (RoleInfo.java:shutdownFollowerState(121)) - db5776da-04cc-407e-81f3-5cb046cdfc6e: shutdown FollowerState
2019-11-14 13:21:34,030 [grpc-default-executor-1] INFO  impl.StateMachineUpdater (StateMachineUpdater.java:stopAndJoin(136)) - db5776da-04cc-407e-81f3-5cb046cdfc6e@group-4893C6D269DB-StateMachineUpdater: set stopIndex = 0
2019-11-14 13:21:34,031 [Thread-1274] INFO  impl.FollowerState (FollowerState.java:run(120)) - db5776da-04cc-407e-81f3-5cb046cdfc6e@group-4893C6D269DB-FollowerState was interrupted: java.lang.InterruptedException: sleep interrupted
2019-11-14 13:21:34,032 [grpc-default-executor-1] INFO  impl.RaftServerImpl (ServerState.java:close(387)) - db5776da-04cc-407e-81f3-5cb046cdfc6e@group-4893C6D269DB: closes. applyIndex: 0
2019-11-14 13:21:34,032 [db5776da-04cc-407e-81f3-5cb046cdfc6e@group-4893C6D269DB-SegmentedRaftLogWorker] INFO  segmented.SegmentedRaftLogWorker (SegmentedRaftLogWorker.java:run(316)) - db5776da-04cc-407e-81f3-5cb046cdfc6e@group-4893C6D269DB-SegmentedRaftLogWorker was interrupted, exiting. There are 0 tasks remaining in the queue.
2019-11-14 13:21:34,032 [grpc-default-executor-1] INFO  segmented.SegmentedRaftLogWorker (SegmentedRaftLogWorker.java:close(224)) - db5776da-04cc-407e-81f3-5cb046cdfc6e@group-4893C6D269DB-SegmentedRaftLogWorker close()
2019-11-14 13:21:34,036 [Thread-1209] INFO  pipeline.PipelineStateManager (PipelineStateManager.java:removePipeline(106)) - Pipeline Pipeline[ Id: ee379075-e9f8-444f-85d2-4893c6d269db, Nodes: 7f745053-e99a-4882-8da4-f9f49fd4314d{ip: 192.168.69.121, host: pr-hdds-2468-gmfm6-3729483342, networkLocation: /default-rack, certSerialId: null}5254e235-0009-400e-8b7c-46acf791df30{ip: 192.168.69.121, host: pr-hdds-2468-gmfm6-3729483342, networkLocation: /default-rack, certSerialId: null}db5776da-04cc-407e-81f3-5cb046cdfc6e{ip: 192.168.69.121, host: pr-hdds-2468-gmfm6-3729483342, networkLocation: /default-rack, certSerialId: null}, Type:RATIS, Factor:THREE, State:CLOSED] removed from db
2019-11-14 13:21:34,042 [grpc-default-executor-1] INFO  impl.RaftServerProxy (RaftServerProxy.java:addNew(89)) - 7f745053-e99a-4882-8da4-f9f49fd4314d: addNew group-273195CB3F54:[7f745053-e99a-4882-8da4-f9f49fd4314d:192.168.69.121:41985, 5254e235-0009-400e-8b7c-46acf791df30:192.168.69.121:44317, db5776da-04cc-407e-81f3-5cb046cdfc6e:192.168.69.121:40096] returns group-273195CB3F54:java.util.concurrent.CompletableFuture@2f7d7758[Not completed]
2019-11-14 13:21:34,042 [grpc-default-executor-1] INFO  impl.RaftServerProxy (RaftServerProxy.java:addNew(89)) - 5254e235-0009-400e-8b7c-46acf791df30: addNew group-273195CB3F54:[7f745053-e99a-4882-8da4-f9f49fd4314d:192.168.69.121:41985, 5254e235-0009-400e-8b7c-46acf791df30:192.168.69.121:44317, db5776da-04cc-407e-81f3-5cb046cdfc6e:192.168.69.121:40096] returns group-273195CB3F54:java.util.concurrent.CompletableFuture@2bc45b8d[Not completed]
2019-11-14 13:21:34,043 [grpc-default-executor-7] INFO  impl.RaftServerProxy (RaftServerProxy.java:addNew(89)) - db5776da-04cc-407e-81f3-5cb046cdfc6e: addNew group-273195CB3F54:[7f745053-e99a-4882-8da4-f9f49fd4314d:192.168.69.121:41985, 5254e235-0009-400e-8b7c-46acf791df30:192.168.69.121:44317, db5776da-04cc-407e-81f3-5cb046cdfc6e:192.168.69.121:40096] returns group-273195CB3F54:java.util.concurrent.CompletableFuture@56643c68[Not completed]
2019-11-14 13:21:34,044 [pool-182-thread-1] INFO  impl.RaftServerImpl (RaftServerImpl.java:<init>(98)) - 7f745053-e99a-4882-8da4-f9f49fd4314d: new RaftServerImpl for group-273195CB3F54:[7f745053-e99a-4882-8da4-f9f49fd4314d:192.168.69.121:41985, 5254e235-0009-400e-8b7c-46acf791df30:192.168.69.121:44317, db5776da-04cc-407e-81f3-5cb046cdfc6e:192.168.69.121:40096] with ContainerStateMachine:uninitialized
2019-11-14 13:21:34,044 [pool-182-thread-1] INFO  server.RaftServerConfigKeys (ConfUtils.java:logGet(43)) - raft.server.rpc.timeout.min = 1s (custom)
2019-11-14 13:21:34,045 [pool-182-thread-1] INFO  server.RaftServerConfigKeys (ConfUtils.java:logGet(43)) - raft.server.rpc.timeout.max = 1200ms (custom)
2019-11-14 13:21:34,045 [pool-182-thread-1] INFO  server.RaftServerConfigKeys (ConfUtils.java:logGet(43)) - raft.server.rpcslowness.timeout = 120s (custom)
2019-11-14 13:21:34,045 [pool-182-thread-1] INFO  server.RaftServerConfigKeys (ConfUtils.java:logGet(43)) - raft.server.sleep.deviation.threshold = 300 (default)
2019-11-14 13:21:34,045 [pool-182-thread-1] INFO  server.RaftServerConfigKeys (ConfUtils.java:logGet(43)) - raft.server.log.appender.install.snapshot.enabled = false (custom)
2019-11-14 13:21:34,045 [pool-192-thread-1] INFO  impl.RaftServerImpl (RaftServerImpl.java:<init>(98)) - db5776da-04cc-407e-81f3-5cb046cdfc6e: new RaftServerImpl for group-273195CB3F54:[7f745053-e99a-4882-8da4-f9f49fd4314d:192.168.69.121:41985, 5254e235-0009-400e-8b7c-46acf791df30:192.168.69.121:44317, db5776da-04cc-407e-81f3-5cb046cdfc6e:192.168.69.121:40096] with ContainerStateMachine:uninitialized
2019-11-14 13:21:34,045 [pool-182-thread-1] INFO  impl.RaftServerImpl (ServerState.java:<init>(103)) - 7f745053-e99a-4882-8da4-f9f49fd4314d@group-273195CB3F54: ConfigurationManager, init=-1: [7f745053-e99a-4882-8da4-f9f49fd4314d:192.168.69.121:41985, 5254e235-0009-400e-8b7c-46acf791df30:192.168.69.121:44317, db5776da-04cc-407e-81f3-5cb046cdfc6e:192.168.69.121:40096], old=null, confs=<EMPTY_MAP>
2019-11-14 13:21:34,045 [pool-192-thread-1] INFO  server.RaftServerConfigKeys (ConfUtils.java:logGet(43)) - raft.server.rpc.timeout.min = 1s (custom)
2019-11-14 13:21:34,045 [pool-182-thread-1] INFO  server.RaftServerConfigKeys (ConfUtils.java:logGet(43)) - raft.server.storage.dir = [/workdir/hadoop-ozone/integration-test/target/test-dir/MiniOzoneClusterImpl-3e7318d1-e353-4b83-9c8a-b04a40b588dc/datanode-3/data/ratis] (custom)
2019-11-14 13:21:34,045 [pool-192-thread-1] INFO  server.RaftServerConfigKeys (ConfUtils.java:logGet(43)) - raft.server.rpc.timeout.max = 1200ms (custom)
2019-11-14 13:21:34,045 [pool-202-thread-1] INFO  impl.RaftServerImpl (RaftServerImpl.java:<init>(98)) - 5254e235-0009-400e-8b7c-46acf791df30: new RaftServerImpl for group-273195CB3F54:[7f745053-e99a-4882-8da4-f9f49fd4314d:192.168.69.121:41985, 5254e235-0009-400e-8b7c-46acf791df30:192.168.69.121:44317, db5776da-04cc-407e-81f3-5cb046cdfc6e:192.168.69.121:40096] with ContainerStateMachine:uninitialized
2019-11-14 13:21:34,045 [pool-182-thread-1] INFO  server.RaftServerConfigKeys (ConfUtils.java:logGet(43)) - raft.server.log.corruption.policy = EXCEPTION (default)
2019-11-14 13:21:34,045 [pool-192-thread-1] INFO  server.RaftServerConfigKeys (ConfUtils.java:logGet(43)) - raft.server.rpcslowness.timeout = 120s (custom)
2019-11-14 13:21:34,045 [pool-202-thread-1] INFO  server.RaftServerConfigKeys (ConfUtils.java:logGet(43)) - raft.server.rpc.timeout.min = 1s (custom)
2019-11-14 13:21:34,046 [pool-182-thread-1] INFO  storage.RaftStorageDirectory (RaftStorageDirectory.java:analyzeStorage(246)) - The storage directory /workdir/hadoop-ozone/integration-test/target/test-dir/MiniOzoneClusterImpl-3e7318d1-e353-4b83-9c8a-b04a40b588dc/datanode-3/data/ratis/9512f986-5b40-4145-85c6-273195cb3f54 does not exist. Creating ...
2019-11-14 13:21:34,046 [pool-192-thread-1] INFO  server.RaftServerConfigKeys (ConfUtils.java:logGet(43)) - raft.server.sleep.deviation.threshold = 300 (default)
2019-11-14 13:21:34,046 [pool-202-thread-1] INFO  server.RaftServerConfigKeys (ConfUtils.java:logGet(43)) - raft.server.rpc.timeout.max = 1200ms (custom)
2019-11-14 13:21:34,046 [pool-192-thread-1] INFO  server.RaftServerConfigKeys (ConfUtils.java:logGet(43)) - raft.server.log.appender.install.snapshot.enabled = false (custom)
2019-11-14 13:21:34,046 [pool-202-thread-1] INFO  server.RaftServerConfigKeys (ConfUtils.java:logGet(43)) - raft.server.rpcslowness.timeout = 120s (custom)
2019-11-14 13:21:34,046 [pool-192-thread-1] INFO  impl.RaftServerImpl (ServerState.java:<init>(103)) - db5776da-04cc-407e-81f3-5cb046cdfc6e@group-273195CB3F54: ConfigurationManager, init=-1: [7f745053-e99a-4882-8da4-f9f49fd4314d:192.168.69.121:41985, 5254e235-0009-400e-8b7c-46acf791df30:192.168.69.121:44317, db5776da-04cc-407e-81f3-5cb046cdfc6e:192.168.69.121:40096], old=null, confs=<EMPTY_MAP>
2019-11-14 13:21:34,046 [pool-202-thread-1] INFO  server.RaftServerConfigKeys (ConfUtils.java:logGet(43)) - raft.server.sleep.deviation.threshold = 300 (default)
2019-11-14 13:21:34,046 [pool-192-thread-1] INFO  server.RaftServerConfigKeys (ConfUtils.java:logGet(43)) - raft.server.storage.dir = [/workdir/hadoop-ozone/integration-test/target/test-dir/MiniOzoneClusterImpl-3e7318d1-e353-4b83-9c8a-b04a40b588dc/datanode-4/data/ratis] (custom)
2019-11-14 13:21:34,046 [pool-202-thread-1] INFO  server.RaftServerConfigKeys (ConfUtils.java:logGet(43)) - raft.server.log.appender.install.snapshot.enabled = false (custom)
2019-11-14 13:21:34,046 [pool-202-thread-1] INFO  impl.RaftServerImpl (ServerState.java:<init>(103)) - 5254e235-0009-400e-8b7c-46acf791df30@group-273195CB3F54: ConfigurationManager, init=-1: [7f745053-e99a-4882-8da4-f9f49fd4314d:192.168.69.121:41985, 5254e235-0009-400e-8b7c-46acf791df30:192.168.69.121:44317, db5776da-04cc-407e-81f3-5cb046cdfc6e:192.168.69.121:40096], old=null, confs=<EMPTY_MAP>
2019-11-14 13:21:34,046 [pool-192-thread-1] INFO  server.RaftServerConfigKeys (ConfUtils.java:logGet(43)) - raft.server.log.corruption.policy = EXCEPTION (default)
2019-11-14 13:21:34,046 [pool-202-thread-1] INFO  server.RaftServerConfigKeys (ConfUtils.java:logGet(43)) - raft.server.storage.dir = [/workdir/hadoop-ozone/integration-test/target/test-dir/MiniOzoneClusterImpl-3e7318d1-e353-4b83-9c8a-b04a40b588dc/datanode-5/data/ratis] (custom)
2019-11-14 13:21:34,047 [pool-192-thread-1] INFO  storage.RaftStorageDirectory (RaftStorageDirectory.java:analyzeStorage(246)) - The storage directory /workdir/hadoop-ozone/integration-test/target/test-dir/MiniOzoneClusterImpl-3e7318d1-e353-4b83-9c8a-b04a40b588dc/datanode-4/data/ratis/9512f986-5b40-4145-85c6-273195cb3f54 does not exist. Creating ...
2019-11-14 13:21:34,047 [pool-202-thread-1] INFO  server.RaftServerConfigKeys (ConfUtils.java:logGet(43)) - raft.server.log.corruption.policy = EXCEPTION (default)
2019-11-14 13:21:34,047 [pool-202-thread-1] INFO  storage.RaftStorageDirectory (RaftStorageDirectory.java:analyzeStorage(246)) - The storage directory /workdir/hadoop-ozone/integration-test/target/test-dir/MiniOzoneClusterImpl-3e7318d1-e353-4b83-9c8a-b04a40b588dc/datanode-5/data/ratis/9512f986-5b40-4145-85c6-273195cb3f54 does not exist. Creating ...
2019-11-14 13:21:34,069 [pool-202-thread-1] INFO  storage.RaftStorageDirectory (RaftStorageDirectory.java:tryLock(328)) - Lock on /workdir/hadoop-ozone/integration-test/target/test-dir/MiniOzoneClusterImpl-3e7318d1-e353-4b83-9c8a-b04a40b588dc/datanode-5/data/ratis/9512f986-5b40-4145-85c6-273195cb3f54/in_use.lock acquired by nodename 26507@pr-hdds-2468-gmfm6-3729483342
2019-11-14 13:21:34,069 [pool-182-thread-1] INFO  storage.RaftStorageDirectory (RaftStorageDirectory.java:tryLock(328)) - Lock on /workdir/hadoop-ozone/integration-test/target/test-dir/MiniOzoneClusterImpl-3e7318d1-e353-4b83-9c8a-b04a40b588dc/datanode-3/data/ratis/9512f986-5b40-4145-85c6-273195cb3f54/in_use.lock acquired by nodename 26507@pr-hdds-2468-gmfm6-3729483342
2019-11-14 13:21:34,069 [pool-192-thread-1] INFO  storage.RaftStorageDirectory (RaftStorageDirectory.java:tryLock(328)) - Lock on /workdir/hadoop-ozone/integration-test/target/test-dir/MiniOzoneClusterImpl-3e7318d1-e353-4b83-9c8a-b04a40b588dc/datanode-4/data/ratis/9512f986-5b40-4145-85c6-273195cb3f54/in_use.lock acquired by nodename 26507@pr-hdds-2468-gmfm6-3729483342
2019-11-14 13:21:34,106 [pool-182-thread-1] INFO  storage.RaftStorage (RaftStorage.java:format(84)) - Storage directory /workdir/hadoop-ozone/integration-test/target/test-dir/MiniOzoneClusterImpl-3e7318d1-e353-4b83-9c8a-b04a40b588dc/datanode-3/data/ratis/9512f986-5b40-4145-85c6-273195cb3f54 has been successfully formatted.
2019-11-14 13:21:34,106 [pool-202-thread-1] INFO  storage.RaftStorage (RaftStorage.java:format(84)) - Storage directory /workdir/hadoop-ozone/integration-test/target/test-dir/MiniOzoneClusterImpl-3e7318d1-e353-4b83-9c8a-b04a40b588dc/datanode-5/data/ratis/9512f986-5b40-4145-85c6-273195cb3f54 has been successfully formatted.
2019-11-14 13:21:34,106 [pool-192-thread-1] INFO  storage.RaftStorage (RaftStorage.java:format(84)) - Storage directory /workdir/hadoop-ozone/integration-test/target/test-dir/MiniOzoneClusterImpl-3e7318d1-e353-4b83-9c8a-b04a40b588dc/datanode-4/data/ratis/9512f986-5b40-4145-85c6-273195cb3f54 has been successfully formatted.
2019-11-14 13:21:34,106 [pool-182-thread-1] INFO  ratis.ContainerStateMachine (ContainerStateMachine.java:loadSnapshot(223)) - group-273195CB3F54: The snapshot info is null. Setting the last applied indexto:(t:0, i:~)
2019-11-14 13:21:34,106 [pool-192-thread-1] INFO  ratis.ContainerStateMachine (ContainerStateMachine.java:loadSnapshot(223)) - group-273195CB3F54: The snapshot info is null. Setting the last applied indexto:(t:0, i:~)
2019-11-14 13:21:34,106 [pool-202-thread-1] INFO  ratis.ContainerStateMachine (ContainerStateMachine.java:loadSnapshot(223)) - group-273195CB3F54: The snapshot info is null. Setting the last applied indexto:(t:0, i:~)
2019-11-14 13:21:34,107 [pool-192-thread-1] INFO  server.RaftServerConfigKeys (ConfUtils.java:logGet(43)) - raft.server.notification.no-leader.timeout = 120s (custom)
2019-11-14 13:21:34,106 [pool-182-thread-1] INFO  server.RaftServerConfigKeys (ConfUtils.java:logGet(43)) - raft.server.notification.no-leader.timeout = 120s (custom)
2019-11-14 13:21:34,107 [pool-192-thread-1] INFO  server.RaftServerConfigKeys (ConfUtils.java:logGet(43)) - raft.server.log.use.memory = false (default)
2019-11-14 13:21:34,107 [pool-202-thread-1] INFO  server.RaftServerConfigKeys (ConfUtils.java:logGet(43)) - raft.server.notification.no-leader.timeout = 120s (custom)
2019-11-14 13:21:34,107 [pool-192-thread-1] INFO  server.RaftServerConfigKeys (ConfUtils.java:logGet(43)) - raft.server.log.purge.gap = 1000000 (custom)
2019-11-14 13:21:34,107 [pool-182-thread-1] INFO  server.RaftServerConfigKeys (ConfUtils.java:logGet(43)) - raft.server.log.use.memory = false (default)
2019-11-14 13:21:34,107 [pool-192-thread-1] INFO  server.RaftServerConfigKeys (ConfUtils.java:logGet(43)) - raft.server.log.appender.buffer.byte-limit = 33554432 (custom)
2019-11-14 13:21:34,107 [pool-202-thread-1] INFO  server.RaftServerConfigKeys (ConfUtils.java:logGet(43)) - raft.server.log.use.memory = false (default)
2019-11-14 13:21:34,107 [pool-192-thread-1] INFO  server.RaftServerConfigKeys (ConfUtils.java:logGet(43)) - raft.server.log.segment.size.max = 1048576 (custom)
2019-11-14 13:21:34,107 [pool-182-thread-1] INFO  server.RaftServerConfigKeys (ConfUtils.java:logGet(43)) - raft.server.log.purge.gap = 1000000 (custom)
2019-11-14 13:21:34,108 [pool-192-thread-1] INFO  server.RaftServerConfigKeys (ConfUtils.java:logGet(43)) - raft.server.log.segment.cache.num.max = 2 (custom)
2019-11-14 13:21:34,107 [pool-202-thread-1] INFO  server.RaftServerConfigKeys (ConfUtils.java:logGet(43)) - raft.server.log.purge.gap = 1000000 (custom)
2019-11-14 13:21:34,108 [pool-192-thread-1] INFO  segmented.SegmentedRaftLogWorker (SegmentedRaftLogWorker.java:<init>(173)) - new db5776da-04cc-407e-81f3-5cb046cdfc6e@group-273195CB3F54-SegmentedRaftLogWorker for RaftStorage:Storage Directory /workdir/hadoop-ozone/integration-test/target/test-dir/MiniOzoneClusterImpl-3e7318d1-e353-4b83-9c8a-b04a40b588dc/datanode-4/data/ratis/9512f986-5b40-4145-85c6-273195cb3f54
2019-11-14 13:21:34,108 [pool-182-thread-1] INFO  server.RaftServerConfigKeys (ConfUtils.java:logGet(43)) - raft.server.log.appender.buffer.byte-limit = 33554432 (custom)
2019-11-14 13:21:34,108 [pool-192-thread-1] INFO  server.RaftServerConfigKeys (ConfUtils.java:logGet(43)) - raft.server.log.queue.byte-limit = 2147483647 (custom)
2019-11-14 13:21:34,108 [pool-202-thread-1] INFO  server.RaftServerConfigKeys (ConfUtils.java:logGet(43)) - raft.server.log.appender.buffer.byte-limit = 33554432 (custom)
2019-11-14 13:21:34,108 [pool-192-thread-1] INFO  server.RaftServerConfigKeys (ConfUtils.java:logGet(43)) - raft.server.log.queue.element-limit = 1024 (custom)
2019-11-14 13:21:34,108 [pool-182-thread-1] INFO  server.RaftServerConfigKeys (ConfUtils.java:logGet(43)) - raft.server.log.segment.size.max = 1048576 (custom)
2019-11-14 13:21:34,108 [pool-192-thread-1] INFO  server.RaftServerConfigKeys (ConfUtils.java:logGet(43)) - raft.server.log.segment.size.max = 1048576 (custom)
2019-11-14 13:21:34,108 [pool-202-thread-1] INFO  server.RaftServerConfigKeys (ConfUtils.java:logGet(43)) - raft.server.log.segment.size.max = 1048576 (custom)
2019-11-14 13:21:34,108 [pool-192-thread-1] INFO  server.RaftServerConfigKeys (ConfUtils.java:logGet(43)) - raft.server.log.preallocated.size = 16384 (custom)
2019-11-14 13:21:34,108 [pool-182-thread-1] INFO  server.RaftServerConfigKeys (ConfUtils.java:logGet(43)) - raft.server.log.segment.cache.num.max = 2 (custom)
2019-11-14 13:21:34,109 [pool-192-thread-1] INFO  server.RaftServerConfigKeys (ConfUtils.java:logGet(43)) - raft.server.log.write.buffer.size = 33554432 (custom)
2019-11-14 13:21:34,109 [pool-202-thread-1] INFO  server.RaftServerConfigKeys (ConfUtils.java:logGet(43)) - raft.server.log.segment.cache.num.max = 2 (custom)
2019-11-14 13:21:34,109 [pool-192-thread-1] INFO  server.RaftServerConfigKeys (ConfUtils.java:logGet(43)) - raft.server.log.force.sync.num = 128 (default)
2019-11-14 13:21:34,109 [pool-182-thread-1] INFO  segmented.SegmentedRaftLogWorker (SegmentedRaftLogWorker.java:<init>(173)) - new 7f745053-e99a-4882-8da4-f9f49fd4314d@group-273195CB3F54-SegmentedRaftLogWorker for RaftStorage:Storage Directory /workdir/hadoop-ozone/integration-test/target/test-dir/MiniOzoneClusterImpl-3e7318d1-e353-4b83-9c8a-b04a40b588dc/datanode-3/data/ratis/9512f986-5b40-4145-85c6-273195cb3f54
2019-11-14 13:21:34,109 [pool-192-thread-1] INFO  server.RaftServerConfigKeys (ConfUtils.java:logGet(43)) - raft.server.log.statemachine.data.sync = true (default)
2019-11-14 13:21:34,109 [pool-202-thread-1] INFO  segmented.SegmentedRaftLogWorker (SegmentedRaftLogWorker.java:<init>(173)) - new 5254e235-0009-400e-8b7c-46acf791df30@group-273195CB3F54-SegmentedRaftLogWorker for RaftStorage:Storage Directory /workdir/hadoop-ozone/integration-test/target/test-dir/MiniOzoneClusterImpl-3e7318d1-e353-4b83-9c8a-b04a40b588dc/datanode-5/data/ratis/9512f986-5b40-4145-85c6-273195cb3f54
2019-11-14 13:21:34,109 [pool-192-thread-1] INFO  server.RaftServerConfigKeys (ConfUtils.java:logGet(43)) - raft.server.log.statemachine.data.sync.timeout = 10s (default)
2019-11-14 13:21:34,109 [pool-182-thread-1] INFO  server.RaftServerConfigKeys (ConfUtils.java:logGet(43)) - raft.server.log.queue.byte-limit = 2147483647 (custom)
2019-11-14 13:21:34,109 [pool-192-thread-1] INFO  server.RaftServerConfigKeys (ConfUtils.java:logGet(43)) - raft.server.log.statemachine.data.sync.timeout.retry = -1 (default)
2019-11-14 13:21:34,109 [pool-202-thread-1] INFO  server.RaftServerConfigKeys (ConfUtils.java:logGet(43)) - raft.server.log.queue.byte-limit = 2147483647 (custom)
2019-11-14 13:21:34,110 [pool-192-thread-1] INFO  server.RaftServerConfigKeys (ConfUtils.java:logGet(43)) - raft.server.log.statemachine.data.caching.enabled = true (custom)
2019-11-14 13:21:34,109 [pool-182-thread-1] INFO  server.RaftServerConfigKeys (ConfUtils.java:logGet(43)) - raft.server.log.queue.element-limit = 1024 (custom)
2019-11-14 13:21:34,110 [pool-202-thread-1] INFO  server.RaftServerConfigKeys (ConfUtils.java:logGet(43)) - raft.server.log.queue.element-limit = 1024 (custom)
2019-11-14 13:21:34,110 [pool-192-thread-1] INFO  segmented.SegmentedRaftLogWorker (SegmentedRaftLogWorker.java:lambda$new$0(128)) - db5776da-04cc-407e-81f3-5cb046cdfc6e@group-273195CB3F54-SegmentedRaftLogWorker: flushIndex: setUnconditionally 0 -> -1
2019-11-14 13:21:34,110 [pool-182-thread-1] INFO  server.RaftServerConfigKeys (ConfUtils.java:logGet(43)) - raft.server.log.segment.size.max = 1048576 (custom)
2019-11-14 13:21:34,110 [pool-202-thread-1] INFO  server.RaftServerConfigKeys (ConfUtils.java:logGet(43)) - raft.server.log.segment.size.max = 1048576 (custom)
2019-11-14 13:21:34,110 [pool-192-thread-1] INFO  server.RaftServerConfigKeys (ConfUtils.java:logGet(43)) - raft.server.snapshot.auto.trigger.enabled = true (custom)
2019-11-14 13:21:34,110 [pool-182-thread-1] INFO  server.RaftServerConfigKeys (ConfUtils.java:logGet(43)) - raft.server.log.preallocated.size = 16384 (custom)
2019-11-14 13:21:34,110 [pool-192-thread-1] INFO  server.RaftServerConfigKeys (ConfUtils.java:logGet(43)) - raft.server.snapshot.auto.trigger.threshold = 10000 (custom)
2019-11-14 13:21:34,110 [pool-202-thread-1] INFO  server.RaftServerConfigKeys (ConfUtils.java:logGet(43)) - raft.server.log.preallocated.size = 16384 (custom)
2019-11-14 13:21:34,110 [pool-192-thread-1] INFO  server.RaftServerConfigKeys (ConfUtils.java:logGet(43)) - raft.server.snapshot.retention.file.num = 5 (custom)
2019-11-14 13:21:34,110 [pool-182-thread-1] INFO  server.RaftServerConfigKeys (ConfUtils.java:logGet(43)) - raft.server.log.write.buffer.size = 33554432 (custom)
2019-11-14 13:21:34,111 [pool-192-thread-1] INFO  server.RaftServerConfigKeys (ConfUtils.java:logGet(43)) - raft.server.retrycache.expirytime = 600000ms (custom)
2019-11-14 13:21:34,111 [pool-202-thread-1] INFO  server.RaftServerConfigKeys (ConfUtils.java:logGet(43)) - raft.server.log.write.buffer.size = 33554432 (custom)
2019-11-14 13:21:34,111 [pool-192-thread-1] WARN  impl.MetricRegistriesImpl (MetricRegistriesImpl.java:lambda$create$1(61)) - First MetricRegistry has been created without registering reporters. You may need to call MetricRegistries.global().addReportRegistration(...) before.
2019-11-14 13:21:34,111 [pool-182-thread-1] INFO  server.RaftServerConfigKeys (ConfUtils.java:logGet(43)) - raft.server.log.force.sync.num = 128 (default)
2019-11-14 13:21:34,111 [pool-192-thread-1] WARN  impl.MetricRegistriesImpl (MetricRegistriesImpl.java:lambda$create$1(61)) - First MetricRegistry has been created without registering reporters. You may need to call MetricRegistries.global().addReportRegistration(...) before.
2019-11-14 13:21:34,111 [pool-202-thread-1] INFO  server.RaftServerConfigKeys (ConfUtils.java:logGet(43)) - raft.server.log.force.sync.num = 128 (default)
2019-11-14 13:21:34,111 [pool-192-thread-1] INFO  impl.RaftServerImpl (RaftServerImpl.java:start(184)) - db5776da-04cc-407e-81f3-5cb046cdfc6e@group-273195CB3F54: start as a follower, conf=-1: [7f745053-e99a-4882-8da4-f9f49fd4314d:192.168.69.121:41985, 5254e235-0009-400e-8b7c-46acf791df30:192.168.69.121:44317, db5776da-04cc-407e-81f3-5cb046cdfc6e:192.168.69.121:40096], old=null
2019-11-14 13:21:34,111 [pool-182-thread-1] INFO  server.RaftServerConfigKeys (ConfUtils.java:logGet(43)) - raft.server.log.statemachine.data.sync = true (default)
2019-11-14 13:21:34,111 [pool-192-thread-1] INFO  impl.RaftServerImpl (RaftServerImpl.java:setRole(173)) - db5776da-04cc-407e-81f3-5cb046cdfc6e@group-273195CB3F54: changes role from      null to FOLLOWER at term 0 for startAsFollower
2019-11-14 13:21:34,111 [pool-202-thread-1] INFO  server.RaftServerConfigKeys (ConfUtils.java:logGet(43)) - raft.server.log.statemachine.data.sync = true (default)
2019-11-14 13:21:34,112 [pool-192-thread-1] INFO  impl.RoleInfo (RoleInfo.java:updateAndGet(143)) - db5776da-04cc-407e-81f3-5cb046cdfc6e: start FollowerState
2019-11-14 13:21:34,112 [pool-182-thread-1] INFO  server.RaftServerConfigKeys (ConfUtils.java:logGet(43)) - raft.server.log.statemachine.data.sync.timeout = 10s (default)
2019-11-14 13:21:34,112 [pool-202-thread-1] INFO  server.RaftServerConfigKeys (ConfUtils.java:logGet(43)) - raft.server.log.statemachine.data.sync.timeout = 10s (default)
2019-11-14 13:21:34,112 [pool-182-thread-1] INFO  server.RaftServerConfigKeys (ConfUtils.java:logGet(43)) - raft.server.log.statemachine.data.sync.timeout.retry = -1 (default)
2019-11-14 13:21:34,118 [pool-192-thread-1] INFO  util.JmxRegister (JmxRegister.java:tryRegister(44)) - Successfully registered JMX Bean with object name Ratis:service=RaftServer,group=group-273195CB3F54,id=db5776da-04cc-407e-81f3-5cb046cdfc6e
2019-11-14 13:21:34,118 [pool-192-thread-1] WARN  impl.MetricRegistriesImpl (MetricRegistriesImpl.java:lambda$create$1(61)) - First MetricRegistry has been created without registering reporters. You may need to call MetricRegistries.global().addReportRegistration(...) before.
2019-11-14 13:21:34,112 [pool-202-thread-1] INFO  server.RaftServerConfigKeys (ConfUtils.java:logGet(43)) - raft.server.log.statemachine.data.sync.timeout.retry = -1 (default)
2019-11-14 13:21:34,118 [pool-182-thread-1] INFO  server.RaftServerConfigKeys (ConfUtils.java:logGet(43)) - raft.server.log.statemachine.data.caching.enabled = true (custom)
2019-11-14 13:21:34,122 [pool-202-thread-1] INFO  server.RaftServerConfigKeys (ConfUtils.java:logGet(43)) - raft.server.log.statemachine.data.caching.enabled = true (custom)
2019-11-14 13:21:34,123 [pool-182-thread-1] INFO  segmented.SegmentedRaftLogWorker (SegmentedRaftLogWorker.java:lambda$new$0(128)) - 7f745053-e99a-4882-8da4-f9f49fd4314d@group-273195CB3F54-SegmentedRaftLogWorker: flushIndex: setUnconditionally 0 -> -1
2019-11-14 13:21:34,123 [pool-202-thread-1] INFO  segmented.SegmentedRaftLogWorker (SegmentedRaftLogWorker.java:lambda$new$0(128)) - 5254e235-0009-400e-8b7c-46acf791df30@group-273195CB3F54-SegmentedRaftLogWorker: flushIndex: setUnconditionally 0 -> -1
2019-11-14 13:21:34,123 [pool-182-thread-1] INFO  server.RaftServerConfigKeys (ConfUtils.java:logGet(43)) - raft.server.snapshot.auto.trigger.enabled = true (custom)
2019-11-14 13:21:34,123 [pool-182-thread-1] INFO  server.RaftServerConfigKeys (ConfUtils.java:logGet(43)) - raft.server.snapshot.auto.trigger.threshold = 10000 (custom)
2019-11-14 13:21:34,123 [pool-202-thread-1] INFO  server.RaftServerConfigKeys (ConfUtils.java:logGet(43)) - raft.server.snapshot.auto.trigger.enabled = true (custom)
2019-11-14 13:21:34,123 [pool-202-thread-1] INFO  server.RaftServerConfigKeys (ConfUtils.java:logGet(43)) - raft.server.snapshot.auto.trigger.threshold = 10000 (custom)
2019-11-14 13:21:34,123 [pool-202-thread-1] INFO  server.RaftServerConfigKeys (ConfUtils.java:logGet(43)) - raft.server.snapshot.retention.file.num = 5 (custom)
2019-11-14 13:21:34,123 [pool-182-thread-1] INFO  server.RaftServerConfigKeys (ConfUtils.java:logGet(43)) - raft.server.snapshot.retention.file.num = 5 (custom)
2019-11-14 13:21:34,124 [pool-202-thread-1] INFO  server.RaftServerConfigKeys (ConfUtils.java:logGet(43)) - raft.server.retrycache.expirytime = 600000ms (custom)
2019-11-14 13:21:34,124 [pool-182-thread-1] INFO  server.RaftServerConfigKeys (ConfUtils.java:logGet(43)) - raft.server.retrycache.expirytime = 600000ms (custom)
2019-11-14 13:21:34,124 [pool-182-thread-1] WARN  impl.MetricRegistriesImpl (MetricRegistriesImpl.java:lambda$create$1(61)) - First MetricRegistry has been created without registering reporters. You may need to call MetricRegistries.global().addReportRegistration(...) before.
2019-11-14 13:21:34,124 [pool-202-thread-1] WARN  impl.MetricRegistriesImpl (MetricRegistriesImpl.java:lambda$create$1(61)) - First MetricRegistry has been created without registering reporters. You may need to call MetricRegistries.global().addReportRegistration(...) before.
2019-11-14 13:21:34,124 [pool-182-thread-1] WARN  impl.MetricRegistriesImpl (MetricRegistriesImpl.java:lambda$create$1(61)) - First MetricRegistry has been created without registering reporters. You may need to call MetricRegistries.global().addReportRegistration(...) before.
2019-11-14 13:21:34,124 [pool-202-thread-1] WARN  impl.MetricRegistriesImpl (MetricRegistriesImpl.java:lambda$create$1(61)) - First MetricRegistry has been created without registering reporters. You may need to call MetricRegistries.global().addReportRegistration(...) before.
2019-11-14 13:21:34,125 [pool-182-thread-1] INFO  impl.RaftServerImpl (RaftServerImpl.java:start(184)) - 7f745053-e99a-4882-8da4-f9f49fd4314d@group-273195CB3F54: start as a follower, conf=-1: [7f745053-e99a-4882-8da4-f9f49fd4314d:192.168.69.121:41985, 5254e235-0009-400e-8b7c-46acf791df30:192.168.69.121:44317, db5776da-04cc-407e-81f3-5cb046cdfc6e:192.168.69.121:40096], old=null
2019-11-14 13:21:34,125 [pool-202-thread-1] INFO  impl.RaftServerImpl (RaftServerImpl.java:start(184)) - 5254e235-0009-400e-8b7c-46acf791df30@group-273195CB3F54: start as a follower, conf=-1: [7f745053-e99a-4882-8da4-f9f49fd4314d:192.168.69.121:41985, 5254e235-0009-400e-8b7c-46acf791df30:192.168.69.121:44317, db5776da-04cc-407e-81f3-5cb046cdfc6e:192.168.69.121:40096], old=null
2019-11-14 13:21:34,125 [pool-202-thread-1] INFO  impl.RaftServerImpl (RaftServerImpl.java:setRole(173)) - 5254e235-0009-400e-8b7c-46acf791df30@group-273195CB3F54: changes role from      null to FOLLOWER at term 0 for startAsFollower
2019-11-14 13:21:34,125 [pool-182-thread-1] INFO  impl.RaftServerImpl (RaftServerImpl.java:setRole(173)) - 7f745053-e99a-4882-8da4-f9f49fd4314d@group-273195CB3F54: changes role from      null to FOLLOWER at term 0 for startAsFollower
2019-11-14 13:21:34,125 [pool-202-thread-1] INFO  impl.RoleInfo (RoleInfo.java:updateAndGet(143)) - 5254e235-0009-400e-8b7c-46acf791df30: start FollowerState
2019-11-14 13:21:34,125 [pool-182-thread-1] INFO  impl.RoleInfo (RoleInfo.java:updateAndGet(143)) - 7f745053-e99a-4882-8da4-f9f49fd4314d: start FollowerState
2019-11-14 13:21:34,125 [pool-202-thread-1] INFO  util.JmxRegister (JmxRegister.java:tryRegister(44)) - Successfully registered JMX Bean with object name Ratis:service=RaftServer,group=group-273195CB3F54,id=5254e235-0009-400e-8b7c-46acf791df30
2019-11-14 13:21:34,125 [pool-182-thread-1] INFO  util.JmxRegister (JmxRegister.java:tryRegister(44)) - Successfully registered JMX Bean with object name Ratis:service=RaftServer,group=group-273195CB3F54,id=7f745053-e99a-4882-8da4-f9f49fd4314d
2019-11-14 13:21:34,126 [pool-202-thread-1] WARN  impl.MetricRegistriesImpl (MetricRegistriesImpl.java:lambda$create$1(61)) - First MetricRegistry has been created without registering reporters. You may need to call MetricRegistries.global().addReportRegistration(...) before.
2019-11-14 13:21:34,126 [pool-182-thread-1] WARN  impl.MetricRegistriesImpl (MetricRegistriesImpl.java:lambda$create$1(61)) - First MetricRegistry has been created without registering reporters. You may need to call MetricRegistries.global().addReportRegistration(...) before.
2019-11-14 13:21:34,129 [RatisPipelineUtilsThread] INFO  pipeline.PipelineStateManager (PipelineStateManager.java:addPipeline(55)) - Created pipeline Pipeline[ Id: 9512f986-5b40-4145-85c6-273195cb3f54, Nodes: 7f745053-e99a-4882-8da4-f9f49fd4314d{ip: 192.168.69.121, host: pr-hdds-2468-gmfm6-3729483342, networkLocation: /default-rack, certSerialId: null}5254e235-0009-400e-8b7c-46acf791df30{ip: 192.168.69.121, host: pr-hdds-2468-gmfm6-3729483342, networkLocation: /default-rack, certSerialId: null}db5776da-04cc-407e-81f3-5cb046cdfc6e{ip: 192.168.69.121, host: pr-hdds-2468-gmfm6-3729483342, networkLocation: /default-rack, certSerialId: null}, Type:RATIS, Factor:THREE, State:ALLOCATED]
2019-11-14 13:21:34,745 [Thread-1307] INFO  impl.FollowerState (FollowerState.java:run(111)) - 5254e235-0009-400e-8b7c-46acf791df30@group-755D94819D8B-FollowerState: change to CANDIDATE, lastRpcTime:1099ms, electionTimeout:1099ms
2019-11-14 13:21:34,745 [Thread-1307] INFO  impl.RoleInfo (RoleInfo.java:shutdownFollowerState(121)) - 5254e235-0009-400e-8b7c-46acf791df30: shutdown FollowerState
2019-11-14 13:21:34,745 [Thread-1307] INFO  impl.RaftServerImpl (RaftServerImpl.java:setRole(173)) - 5254e235-0009-400e-8b7c-46acf791df30@group-755D94819D8B: changes role from  FOLLOWER to CANDIDATE at term 0 for changeToCandidate
2019-11-14 13:21:34,745 [Thread-1307] INFO  impl.RoleInfo (RoleInfo.java:updateAndGet(143)) - 5254e235-0009-400e-8b7c-46acf791df30: start LeaderElection
2019-11-14 13:21:34,765 [main] WARN  io.KeyOutputStream (KeyOutputStream.java:handleException(274)) - Encountered exception java.io.IOException: Unexpected Storage Container Exception: java.util.concurrent.CompletionException: java.util.concurrent.CompletionException: org.apache.ratis.protocol.GroupMismatchException: da377692-8490-46fb-a58a-cb2c66593f0b: group-602451FDC08A not found. on the pipeline Pipeline[ Id: 34455590-635f-4ac3-bc59-602451fdc08a, Nodes: c5f0853d-db97-466f-95ef-4b66df91fd94{ip: 192.168.69.121, host: pr-hdds-2468-gmfm6-3729483342, networkLocation: /default-rack, certSerialId: null}da377692-8490-46fb-a58a-cb2c66593f0b{ip: 192.168.69.121, host: pr-hdds-2468-gmfm6-3729483342, networkLocation: /default-rack, certSerialId: null}158d2368-d5c4-46db-a1fd-e1a721205b7d{ip: 192.168.69.121, host: pr-hdds-2468-gmfm6-3729483342, networkLocation: /default-rack, certSerialId: null}, Type:RATIS, Factor:THREE, State:OPEN]. The last committed block length is 0, uncommitted data length is 2097152 retry count 0
2019-11-14 13:21:34,767 [main] INFO  io.BlockOutputStreamEntryPool (BlockOutputStreamEntryPool.java:allocateNewBlock(257)) - Allocating block with ExcludeList {datanodes = [], containerIds = [], pipelineIds = [PipelineID=34455590-635f-4ac3-bc59-602451fdc08a]}
2019-11-14 13:21:34,773 [IPC Server handler 1 on 42725] WARN  block.BlockManagerImpl (BlockManagerImpl.java:allocateBlock(200)) - Pipeline creation failed for type:RATIS factor:THREE. Retrying get pipelines call once.
org.apache.hadoop.hdds.scm.pipeline.InsufficientDatanodesException: Cannot create pipeline of factor 3 using 0 nodes.
	at org.apache.hadoop.hdds.scm.pipeline.RatisPipelineProvider.create(RatisPipelineProvider.java:153)
	at org.apache.hadoop.hdds.scm.pipeline.PipelineFactory.create(PipelineFactory.java:58)
	at org.apache.hadoop.hdds.scm.pipeline.SCMPipelineManager.createPipeline(SCMPipelineManager.java:155)
	at org.apache.hadoop.hdds.scm.block.BlockManagerImpl.allocateBlock(BlockManagerImpl.java:198)
	at org.apache.hadoop.hdds.scm.server.SCMBlockProtocolServer.allocateBlock(SCMBlockProtocolServer.java:187)
	at org.apache.hadoop.hdds.scm.protocol.ScmBlockLocationProtocolServerSideTranslatorPB.allocateScmBlock(ScmBlockLocationProtocolServerSideTranslatorPB.java:159)
	at org.apache.hadoop.hdds.scm.protocol.ScmBlockLocationProtocolServerSideTranslatorPB.processMessage(ScmBlockLocationProtocolServerSideTranslatorPB.java:117)
	at org.apache.hadoop.hdds.server.OzoneProtocolMessageDispatcher.processRequest(OzoneProtocolMessageDispatcher.java:72)
	at org.apache.hadoop.hdds.scm.protocol.ScmBlockLocationProtocolServerSideTranslatorPB.send(ScmBlockLocationProtocolServerSideTranslatorPB.java:98)
	at org.apache.hadoop.hdds.protocol.proto.ScmBlockLocationProtocolProtos$ScmBlockLocationProtocolService$2.callBlockingMethod(ScmBlockLocationProtocolProtos.java:13157)
	at org.apache.hadoop.ipc.ProtobufRpcEngine$Server$ProtoBufRpcInvoker.call(ProtobufRpcEngine.java:524)
	at org.apache.hadoop.ipc.RPC$Server.call(RPC.java:1025)
	at org.apache.hadoop.ipc.Server$RpcCall.run(Server.java:876)
	at org.apache.hadoop.ipc.Server$RpcCall.run(Server.java:822)
	at java.security.AccessController.doPrivileged(Native Method)
	at javax.security.auth.Subject.doAs(Subject.java:422)
	at org.apache.hadoop.security.UserGroupInformation.doAs(UserGroupInformation.java:1730)
	at org.apache.hadoop.ipc.Server$Handler.run(Server.java:2682)
2019-11-14 13:21:34,774 [5254e235-0009-400e-8b7c-46acf791df30@group-755D94819D8B-LeaderElection42] INFO  impl.LeaderElection (LeaderElection.java:askForVotes(178)) - 5254e235-0009-400e-8b7c-46acf791df30@group-755D94819D8B-LeaderElection42: begin an election at term 1 for -1: [5254e235-0009-400e-8b7c-46acf791df30:192.168.69.121:44317], old=null
2019-11-14 13:21:34,776 [IPC Server handler 1 on 42725] INFO  block.BlockManagerImpl (BlockManagerImpl.java:allocateBlock(212)) - Could not find available pipeline of type:RATIS and factor:THREE even after retrying
2019-11-14 13:21:34,776 [5254e235-0009-400e-8b7c-46acf791df30@group-755D94819D8B-LeaderElection42] INFO  impl.RoleInfo (RoleInfo.java:shutdownLeaderElection(134)) - 5254e235-0009-400e-8b7c-46acf791df30: shutdown LeaderElection
2019-11-14 13:21:34,776 [IPC Server handler 1 on 42725] ERROR block.BlockManagerImpl (BlockManagerImpl.java:allocateBlock(236)) - Unable to allocate a block for the size: 4194304, type: RATIS, factor: THREE
2019-11-14 13:21:34,776 [5254e235-0009-400e-8b7c-46acf791df30@group-755D94819D8B-LeaderElection42] INFO  impl.RaftServerImpl (RaftServerImpl.java:setRole(173)) - 5254e235-0009-400e-8b7c-46acf791df30@group-755D94819D8B: changes role from CANDIDATE to LEADER at term 1 for changeToLeader
2019-11-14 13:21:34,776 [5254e235-0009-400e-8b7c-46acf791df30@group-755D94819D8B-LeaderElection42] INFO  ratis.XceiverServerRatis (XceiverServerRatis.java:handleLeaderChangedNotification(697)) - Leader change notification received for group: group-755D94819D8B with new leaderId: 5254e235-0009-400e-8b7c-46acf791df30
2019-11-14 13:21:34,776 [5254e235-0009-400e-8b7c-46acf791df30@group-755D94819D8B-LeaderElection42] INFO  impl.RaftServerImpl (ServerState.java:setLeader(255)) - 5254e235-0009-400e-8b7c-46acf791df30@group-755D94819D8B: change Leader from null to 5254e235-0009-400e-8b7c-46acf791df30 at term 1 for becomeLeader, leader elected after 1139ms
2019-11-14 13:21:34,776 [5254e235-0009-400e-8b7c-46acf791df30@group-755D94819D8B-LeaderElection42] INFO  server.RaftServerConfigKeys (ConfUtils.java:logGet(43)) - raft.server.staging.catchup.gap = 1000 (default)
2019-11-14 13:21:34,776 [5254e235-0009-400e-8b7c-46acf791df30@group-755D94819D8B-LeaderElection42] INFO  server.RaftServerConfigKeys (ConfUtils.java:logGet(43)) - raft.server.rpc.sleep.time = 25ms (default)
2019-11-14 13:21:34,777 [5254e235-0009-400e-8b7c-46acf791df30@group-755D94819D8B-LeaderElection42] INFO  server.RaftServerConfigKeys (ConfUtils.java:logGet(43)) - raft.server.write.element-limit = 4096 (default)
2019-11-14 13:21:34,777 [5254e235-0009-400e-8b7c-46acf791df30@group-755D94819D8B-LeaderElection42] INFO  server.RaftServerConfigKeys (ConfUtils.java:logGet(43)) - raft.server.watch.timeout = 10s (default)
2019-11-14 13:21:34,777 [5254e235-0009-400e-8b7c-46acf791df30@group-755D94819D8B-LeaderElection42] INFO  server.RaftServerConfigKeys (ConfUtils.java:logGet(43)) - raft.server.watch.timeout.denomination = 1s (default)
2019-11-14 13:21:34,777 [EventQueue-PipelineReportForPipelineReportHandler] INFO  pipeline.PipelineStateManager (PipelineStateManager.java:openPipeline(134)) - Pipeline Pipeline[ Id: d06ac6b0-fc3a-49de-9e41-755d94819d8b, Nodes: 5254e235-0009-400e-8b7c-46acf791df30{ip: 192.168.69.121, host: pr-hdds-2468-gmfm6-3729483342, networkLocation: /default-rack, certSerialId: null}, Type:RATIS, Factor:ONE, State:OPEN] moved to OPEN state
2019-11-14 13:21:34,777 [5254e235-0009-400e-8b7c-46acf791df30@group-755D94819D8B-LeaderElection42] INFO  server.RaftServerConfigKeys (ConfUtils.java:logGet(43)) - raft.server.watch.element-limit = 65536 (default)
2019-11-14 13:21:34,777 [5254e235-0009-400e-8b7c-46acf791df30@group-755D94819D8B-LeaderElection42] INFO  impl.RoleInfo (RoleInfo.java:updateAndGet(143)) - 5254e235-0009-400e-8b7c-46acf791df30: start LeaderState
2019-11-14 13:21:34,778 [5254e235-0009-400e-8b7c-46acf791df30@group-755D94819D8B-LeaderElection42] INFO  segmented.SegmentedRaftLogWorker (SegmentedRaftLogWorker.java:startLogSegment(385)) - 5254e235-0009-400e-8b7c-46acf791df30@group-755D94819D8B-SegmentedRaftLogWorker: Starting segment from index:0
2019-11-14 13:21:34,778 [5254e235-0009-400e-8b7c-46acf791df30@group-755D94819D8B-LeaderElection42] INFO  impl.RaftServerImpl (ServerState.java:setRaftConf(356)) - 5254e235-0009-400e-8b7c-46acf791df30@group-755D94819D8B: set configuration 0: [5254e235-0009-400e-8b7c-46acf791df30:192.168.69.121:44317], old=null at 0
2019-11-14 13:21:34,779 [main] ERROR io.BlockOutputStreamEntryPool (BlockOutputStreamEntryPool.java:allocateBlockIfNeeded(310)) - Try to allocate more blocks for write failed, already allocated 0 blocks for this write.
INTERNAL_ERROR org.apache.hadoop.ozone.om.exceptions.OMException: Allocated 0 blocks. Requested 1 blocks
	at org.apache.hadoop.ozone.om.protocolPB.OzoneManagerProtocolClientSideTranslatorPB.handleError(OzoneManagerProtocolClientSideTranslatorPB.java:761)
	at org.apache.hadoop.ozone.om.protocolPB.OzoneManagerProtocolClientSideTranslatorPB.allocateBlock(OzoneManagerProtocolClientSideTranslatorPB.java:793)
	at sun.reflect.NativeMethodAccessorImpl.invoke0(Native Method)
	at sun.reflect.NativeMethodAccessorImpl.invoke(NativeMethodAccessorImpl.java:62)
	at sun.reflect.DelegatingMethodAccessorImpl.invoke(DelegatingMethodAccessorImpl.java:43)
	at java.lang.reflect.Method.invoke(Method.java:498)
	at org.apache.hadoop.hdds.tracing.TraceAllMethod.invoke(TraceAllMethod.java:66)
	at com.sun.proxy.$Proxy36.allocateBlock(Unknown Source)
	at org.apache.hadoop.ozone.client.io.BlockOutputStreamEntryPool.allocateNewBlock(BlockOutputStreamEntryPool.java:259)
	at org.apache.hadoop.ozone.client.io.BlockOutputStreamEntryPool.allocateBlockIfNeeded(BlockOutputStreamEntryPool.java:307)
	at org.apache.hadoop.ozone.client.io.KeyOutputStream.handleWrite(KeyOutputStream.java:198)
	at org.apache.hadoop.ozone.client.io.KeyOutputStream.handleRetry(KeyOutputStream.java:375)
	at org.apache.hadoop.ozone.client.io.KeyOutputStream.handleException(KeyOutputStream.java:324)
	at org.apache.hadoop.ozone.client.io.KeyOutputStream.handleWrite(KeyOutputStream.java:228)
	at org.apache.hadoop.ozone.client.io.KeyOutputStream.write(KeyOutputStream.java:190)
	at org.apache.hadoop.ozone.client.io.OzoneOutputStream.write(OzoneOutputStream.java:49)
	at java.io.OutputStream.write(OutputStream.java:75)
	at org.apache.hadoop.ozone.client.rpc.TestMultiBlockWritesWithDnFailures.testMultiBlockWritesWithDnFailures(TestMultiBlockWritesWithDnFailures.java:123)
	at sun.reflect.NativeMethodAccessorImpl.invoke0(Native Method)
	at sun.reflect.NativeMethodAccessorImpl.invoke(NativeMethodAccessorImpl.java:62)
	at sun.reflect.DelegatingMethodAccessorImpl.invoke(DelegatingMethodAccessorImpl.java:43)
	at java.lang.reflect.Method.invoke(Method.java:498)
	at org.junit.runners.model.FrameworkMethod$1.runReflectiveCall(FrameworkMethod.java:47)
	at org.junit.internal.runners.model.ReflectiveCallable.run(ReflectiveCallable.java:12)
	at org.junit.runners.model.FrameworkMethod.invokeExplosively(FrameworkMethod.java:44)
	at org.junit.internal.runners.statements.InvokeMethod.evaluate(InvokeMethod.java:17)
	at org.junit.internal.runners.statements.RunAfters.evaluate(RunAfters.java:27)
	at org.junit.runners.ParentRunner.runLeaf(ParentRunner.java:271)
	at org.junit.runners.BlockJUnit4ClassRunner.runChild(BlockJUnit4ClassRunner.java:70)
	at org.junit.runners.BlockJUnit4ClassRunner.runChild(BlockJUnit4ClassRunner.java:50)
	at org.junit.runners.ParentRunner$3.run(ParentRunner.java:238)
	at org.junit.runners.ParentRunner$1.schedule(ParentRunner.java:63)
	at org.junit.runners.ParentRunner.runChildren(ParentRunner.java:236)
	at org.junit.runners.ParentRunner.access$000(ParentRunner.java:53)
	at org.junit.runners.ParentRunner$2.evaluate(ParentRunner.java:229)
	at org.junit.runners.ParentRunner.run(ParentRunner.java:309)
	at org.apache.maven.surefire.junit4.JUnit4Provider.execute(JUnit4Provider.java:365)
	at org.apache.maven.surefire.junit4.JUnit4Provider.executeWithRerun(JUnit4Provider.java:273)
	at org.apache.maven.surefire.junit4.JUnit4Provider.executeTestSet(JUnit4Provider.java:238)
	at org.apache.maven.surefire.junit4.JUnit4Provider.invoke(JUnit4Provider.java:159)
	at org.apache.maven.surefire.booter.ForkedBooter.invokeProviderInSameClassLoader(ForkedBooter.java:384)
	at org.apache.maven.surefire.booter.ForkedBooter.runSuitesInProcess(ForkedBooter.java:345)
	at org.apache.maven.surefire.booter.ForkedBooter.execute(ForkedBooter.java:126)
	at org.apache.maven.surefire.booter.ForkedBooter.main(ForkedBooter.java:418)
2019-11-14 13:21:34,779 [main] INFO  ozone.MiniOzoneClusterImpl (MiniOzoneClusterImpl.java:shutdown(352)) - Shutting down the Mini Ozone Cluster
2019-11-14 13:21:34,779 [main] INFO  ozone.MiniOzoneClusterImpl (MiniOzoneClusterImpl.java:stop(368)) - Stopping the Mini Ozone Cluster
2019-11-14 13:21:34,780 [main] INFO  ozone.MiniOzoneClusterImpl (MiniOzoneClusterImpl.java:stopOM(438)) - Stopping the OzoneManager
2019-11-14 13:21:34,780 [main] INFO  ipc.Server (Server.java:stop(3082)) - Stopping server on 42045
2019-11-14 13:21:34,807 [main] INFO  ratis.OzoneManagerDoubleBuffer (OzoneManagerDoubleBuffer.java:stop(261)) - Stopping OMDoubleBuffer flush thread
2019-11-14 13:21:34,807 [IPC Server listener on 42045] INFO  ipc.Server (Server.java:run(1185)) - Stopping IPC Server listener on 42045
2019-11-14 13:21:34,807 [OMDoubleBufferFlushThread] INFO  ratis.OzoneManagerDoubleBuffer (OzoneManagerDoubleBuffer.java:flushTransactions(199)) - OMDoubleBuffer flush thread OMDoubleBufferFlushThread is interrupted and will exit. OMDoubleBufferFlushThread
2019-11-14 13:21:34,807 [IPC Server Responder] INFO  ipc.Server (Server.java:run(1319)) - Stopping IPC Server Responder
2019-11-14 13:21:34,808 [main] INFO  utils.BackgroundService (BackgroundService.java:shutdown(151)) - Shutting down service KeyDeletingService
2019-11-14 13:21:34,814 [main] INFO  handler.ContextHandler (ContextHandler.java:doStop(910)) - Stopped o.e.j.w.WebAppContext@3bf54172{/,null,UNAVAILABLE}{/ozoneManager}
2019-11-14 13:21:34,815 [main] INFO  server.AbstractConnector (AbstractConnector.java:doStop(318)) - Stopped ServerConnector@2c9a6717{HTTP/1.1,[http/1.1]}{0.0.0.0:0}
2019-11-14 13:21:34,815 [main] INFO  handler.ContextHandler (ContextHandler.java:doStop(910)) - Stopped o.e.j.s.ServletContextHandler@bfec2f9{/static,file:///workdir/hadoop-ozone/integration-test/target/test-classes/webapps/static,UNAVAILABLE}
2019-11-14 13:21:34,816 [main] INFO  handler.ContextHandler (ContextHandler.java:doStop(910)) - Stopped o.e.j.s.ServletContextHandler@670f2466{/logs,file:///workdir/hadoop-ozone/integration-test/target/log,UNAVAILABLE}
2019-11-14 13:21:34,819 [Thread-1331] INFO  impl.FollowerState (FollowerState.java:run(111)) - 158d2368-d5c4-46db-a1fd-e1a721205b7d@group-22A427C68145-FollowerState: change to CANDIDATE, lastRpcTime:1020ms, electionTimeout:1020ms
2019-11-14 13:21:34,820 [Thread-1331] INFO  impl.RoleInfo (RoleInfo.java:shutdownFollowerState(121)) - 158d2368-d5c4-46db-a1fd-e1a721205b7d: shutdown FollowerState
2019-11-14 13:21:34,820 [Thread-1331] INFO  impl.RaftServerImpl (RaftServerImpl.java:setRole(173)) - 158d2368-d5c4-46db-a1fd-e1a721205b7d@group-22A427C68145: changes role from  FOLLOWER to CANDIDATE at term 0 for changeToCandidate
2019-11-14 13:21:34,820 [Thread-1331] INFO  impl.RoleInfo (RoleInfo.java:updateAndGet(143)) - 158d2368-d5c4-46db-a1fd-e1a721205b7d: start LeaderElection
2019-11-14 13:21:34,825 [5254e235-0009-400e-8b7c-46acf791df30@group-755D94819D8B-SegmentedRaftLogWorker] INFO  segmented.SegmentedRaftLogWorker (SegmentedRaftLogWorker.java:execute(576)) - 5254e235-0009-400e-8b7c-46acf791df30@group-755D94819D8B-SegmentedRaftLogWorker: created new log segment /workdir/hadoop-ozone/integration-test/target/test-dir/MiniOzoneClusterImpl-3e7318d1-e353-4b83-9c8a-b04a40b588dc/datanode-5/data/ratis/d06ac6b0-fc3a-49de-9e41-755d94819d8b/current/log_inprogress_0
2019-11-14 13:21:34,826 [main] INFO  ozone.MiniOzoneClusterImpl (MiniOzoneClusterImpl.java:stopDatanodes(415)) - Stopping the HddsDatanodes
2019-11-14 13:21:34,840 [158d2368-d5c4-46db-a1fd-e1a721205b7d@group-22A427C68145-LeaderElection43] INFO  impl.LeaderElection (LeaderElection.java:askForVotes(178)) - 158d2368-d5c4-46db-a1fd-e1a721205b7d@group-22A427C68145-LeaderElection43: begin an election at term 1 for -1: [c5f0853d-db97-466f-95ef-4b66df91fd94:192.168.69.121:44160, da377692-8490-46fb-a58a-cb2c66593f0b:192.168.69.121:42566, 158d2368-d5c4-46db-a1fd-e1a721205b7d:192.168.69.121:35099], old=null
2019-11-14 13:21:34,845 [grpc-default-executor-5] INFO  impl.RaftServerImpl (RaftServerImpl.java:setRole(173)) - c5f0853d-db97-466f-95ef-4b66df91fd94@group-22A427C68145: changes role from  FOLLOWER to FOLLOWER at term 1 for recognizeCandidate:158d2368-d5c4-46db-a1fd-e1a721205b7d
2019-11-14 13:21:34,845 [grpc-default-executor-5] INFO  impl.RoleInfo (RoleInfo.java:shutdownFollowerState(121)) - c5f0853d-db97-466f-95ef-4b66df91fd94: shutdown FollowerState
2019-11-14 13:21:34,846 [Thread-1326] INFO  impl.FollowerState (FollowerState.java:run(120)) - c5f0853d-db97-466f-95ef-4b66df91fd94@group-22A427C68145-FollowerState was interrupted: java.lang.InterruptedException: sleep interrupted
2019-11-14 13:21:34,846 [grpc-default-executor-5] INFO  impl.RoleInfo (RoleInfo.java:updateAndGet(143)) - c5f0853d-db97-466f-95ef-4b66df91fd94: start FollowerState
2019-11-14 13:21:34,847 [grpc-default-executor-7] INFO  impl.RaftServerImpl (RaftServerImpl.java:setRole(173)) - da377692-8490-46fb-a58a-cb2c66593f0b@group-22A427C68145: changes role from  FOLLOWER to FOLLOWER at term 1 for recognizeCandidate:158d2368-d5c4-46db-a1fd-e1a721205b7d
2019-11-14 13:21:34,847 [grpc-default-executor-7] INFO  impl.RoleInfo (RoleInfo.java:shutdownFollowerState(121)) - da377692-8490-46fb-a58a-cb2c66593f0b: shutdown FollowerState
2019-11-14 13:21:34,847 [grpc-default-executor-7] INFO  impl.RoleInfo (RoleInfo.java:updateAndGet(143)) - da377692-8490-46fb-a58a-cb2c66593f0b: start FollowerState
2019-11-14 13:21:34,847 [Thread-1330] INFO  impl.FollowerState (FollowerState.java:run(120)) - da377692-8490-46fb-a58a-cb2c66593f0b@group-22A427C68145-FollowerState was interrupted: java.lang.InterruptedException: sleep interrupted
2019-11-14 13:21:34,872 [158d2368-d5c4-46db-a1fd-e1a721205b7d@group-22A427C68145-LeaderElection43] INFO  impl.LeaderElection (LeaderElection.java:logAndReturn(56)) - 158d2368-d5c4-46db-a1fd-e1a721205b7d@group-22A427C68145-LeaderElection43: Election PASSED; received 1 response(s) [158d2368-d5c4-46db-a1fd-e1a721205b7d<-c5f0853d-db97-466f-95ef-4b66df91fd94#0:OK-t1] and 0 exception(s); 158d2368-d5c4-46db-a1fd-e1a721205b7d@group-22A427C68145:t1, leader=null, voted=158d2368-d5c4-46db-a1fd-e1a721205b7d, raftlog=158d2368-d5c4-46db-a1fd-e1a721205b7d@group-22A427C68145-SegmentedRaftLog:OPENED:c-1,f-1,i0, conf=-1: [c5f0853d-db97-466f-95ef-4b66df91fd94:192.168.69.121:44160, da377692-8490-46fb-a58a-cb2c66593f0b:192.168.69.121:42566, 158d2368-d5c4-46db-a1fd-e1a721205b7d:192.168.69.121:35099], old=null
2019-11-14 13:21:34,872 [158d2368-d5c4-46db-a1fd-e1a721205b7d@group-22A427C68145-LeaderElection43] INFO  impl.RoleInfo (RoleInfo.java:shutdownLeaderElection(134)) - 158d2368-d5c4-46db-a1fd-e1a721205b7d: shutdown LeaderElection
2019-11-14 13:21:34,872 [158d2368-d5c4-46db-a1fd-e1a721205b7d@group-22A427C68145-LeaderElection43] INFO  impl.RaftServerImpl (RaftServerImpl.java:setRole(173)) - 158d2368-d5c4-46db-a1fd-e1a721205b7d@group-22A427C68145: changes role from CANDIDATE to LEADER at term 1 for changeToLeader
2019-11-14 13:21:34,872 [158d2368-d5c4-46db-a1fd-e1a721205b7d@group-22A427C68145-LeaderElection43] INFO  ratis.XceiverServerRatis (XceiverServerRatis.java:handleLeaderChangedNotification(697)) - Leader change notification received for group: group-22A427C68145 with new leaderId: 158d2368-d5c4-46db-a1fd-e1a721205b7d
2019-11-14 13:21:34,872 [158d2368-d5c4-46db-a1fd-e1a721205b7d@group-22A427C68145-LeaderElection43] INFO  impl.RaftServerImpl (ServerState.java:setLeader(255)) - 158d2368-d5c4-46db-a1fd-e1a721205b7d@group-22A427C68145: change Leader from null to 158d2368-d5c4-46db-a1fd-e1a721205b7d at term 1 for becomeLeader, leader elected after 1079ms
2019-11-14 13:21:34,873 [158d2368-d5c4-46db-a1fd-e1a721205b7d@group-22A427C68145-LeaderElection43] INFO  server.RaftServerConfigKeys (ConfUtils.java:logGet(43)) - raft.server.staging.catchup.gap = 1000 (default)
2019-11-14 13:21:34,873 [158d2368-d5c4-46db-a1fd-e1a721205b7d@group-22A427C68145-LeaderElection43] INFO  server.RaftServerConfigKeys (ConfUtils.java:logGet(43)) - raft.server.rpc.sleep.time = 25ms (default)
2019-11-14 13:21:34,873 [158d2368-d5c4-46db-a1fd-e1a721205b7d@group-22A427C68145-LeaderElection43] INFO  server.RaftServerConfigKeys (ConfUtils.java:logGet(43)) - raft.server.write.element-limit = 4096 (default)
2019-11-14 13:21:34,873 [158d2368-d5c4-46db-a1fd-e1a721205b7d@group-22A427C68145-LeaderElection43] INFO  server.RaftServerConfigKeys (ConfUtils.java:logGet(43)) - raft.server.watch.timeout = 10s (default)
2019-11-14 13:21:34,873 [158d2368-d5c4-46db-a1fd-e1a721205b7d@group-22A427C68145-LeaderElection43] INFO  server.RaftServerConfigKeys (ConfUtils.java:logGet(43)) - raft.server.watch.timeout.denomination = 1s (default)
2019-11-14 13:21:34,873 [158d2368-d5c4-46db-a1fd-e1a721205b7d@group-22A427C68145-LeaderElection43] INFO  server.RaftServerConfigKeys (ConfUtils.java:logGet(43)) - raft.server.watch.element-limit = 65536 (default)
2019-11-14 13:21:34,873 [158d2368-d5c4-46db-a1fd-e1a721205b7d@group-22A427C68145-LeaderElection43] INFO  server.RaftServerConfigKeys (ConfUtils.java:logGet(43)) - raft.server.log.appender.snapshot.chunk.size.max = 16MB (=16777216) (default)
2019-11-14 13:21:34,873 [158d2368-d5c4-46db-a1fd-e1a721205b7d@group-22A427C68145-LeaderElection43] INFO  server.RaftServerConfigKeys (ConfUtils.java:logGet(43)) - raft.server.log.appender.buffer.byte-limit = 33554432 (custom)
2019-11-14 13:21:34,874 [EventQueue-PipelineReportForPipelineReportHandler] INFO  pipeline.PipelineStateManager (PipelineStateManager.java:openPipeline(134)) - Pipeline Pipeline[ Id: 31ddc5dc-f8e1-4260-8a35-22a427c68145, Nodes: c5f0853d-db97-466f-95ef-4b66df91fd94{ip: 192.168.69.121, host: pr-hdds-2468-gmfm6-3729483342, networkLocation: /default-rack, certSerialId: null}da377692-8490-46fb-a58a-cb2c66593f0b{ip: 192.168.69.121, host: pr-hdds-2468-gmfm6-3729483342, networkLocation: /default-rack, certSerialId: null}158d2368-d5c4-46db-a1fd-e1a721205b7d{ip: 192.168.69.121, host: pr-hdds-2468-gmfm6-3729483342, networkLocation: /default-rack, certSerialId: null}, Type:RATIS, Factor:THREE, State:OPEN] moved to OPEN state
2019-11-14 13:21:34,874 [158d2368-d5c4-46db-a1fd-e1a721205b7d@group-22A427C68145-LeaderElection43] INFO  server.RaftServerConfigKeys (ConfUtils.java:logGet(43)) - raft.server.log.appender.buffer.element-limit = 1 (custom)
2019-11-14 13:21:34,875 [158d2368-d5c4-46db-a1fd-e1a721205b7d@group-22A427C68145-LeaderElection43] INFO  grpc.GrpcConfigKeys$Server (ConfUtils.java:logGet(43)) - raft.grpc.server.leader.outstanding.appends.max = 128 (default)
2019-11-14 13:21:34,876 [158d2368-d5c4-46db-a1fd-e1a721205b7d@group-22A427C68145-LeaderElection43] INFO  server.RaftServerConfigKeys (ConfUtils.java:logGet(43)) - raft.server.rpc.request.timeout = 3000ms (default)
2019-11-14 13:21:34,876 [158d2368-d5c4-46db-a1fd-e1a721205b7d@group-22A427C68145-LeaderElection43] INFO  server.RaftServerConfigKeys (ConfUtils.java:logGet(43)) - raft.server.log.appender.install.snapshot.enabled = false (custom)
2019-11-14 13:21:34,876 [158d2368-d5c4-46db-a1fd-e1a721205b7d@group-22A427C68145-LeaderElection43] WARN  impl.MetricRegistriesImpl (MetricRegistriesImpl.java:lambda$create$1(61)) - First MetricRegistry has been created without registering reporters. You may need to call MetricRegistries.global().addReportRegistration(...) before.
2019-11-14 13:21:34,876 [158d2368-d5c4-46db-a1fd-e1a721205b7d@group-22A427C68145-LeaderElection43] INFO  server.RaftServerConfigKeys (ConfUtils.java:logGet(43)) - raft.server.log.appender.snapshot.chunk.size.max = 16MB (=16777216) (default)
2019-11-14 13:21:34,876 [158d2368-d5c4-46db-a1fd-e1a721205b7d@group-22A427C68145-LeaderElection43] INFO  server.RaftServerConfigKeys (ConfUtils.java:logGet(43)) - raft.server.log.appender.buffer.byte-limit = 33554432 (custom)
2019-11-14 13:21:34,876 [158d2368-d5c4-46db-a1fd-e1a721205b7d@group-22A427C68145-LeaderElection43] INFO  server.RaftServerConfigKeys (ConfUtils.java:logGet(43)) - raft.server.log.appender.buffer.element-limit = 1 (custom)
2019-11-14 13:21:34,877 [158d2368-d5c4-46db-a1fd-e1a721205b7d@group-22A427C68145-LeaderElection43] INFO  grpc.GrpcConfigKeys$Server (ConfUtils.java:logGet(43)) - raft.grpc.server.leader.outstanding.appends.max = 128 (default)
2019-11-14 13:21:34,877 [158d2368-d5c4-46db-a1fd-e1a721205b7d@group-22A427C68145-LeaderElection43] INFO  server.RaftServerConfigKeys (ConfUtils.java:logGet(43)) - raft.server.rpc.request.timeout = 3000ms (default)
2019-11-14 13:21:34,877 [158d2368-d5c4-46db-a1fd-e1a721205b7d@group-22A427C68145-LeaderElection43] INFO  server.RaftServerConfigKeys (ConfUtils.java:logGet(43)) - raft.server.log.appender.install.snapshot.enabled = false (custom)
2019-11-14 13:21:34,877 [158d2368-d5c4-46db-a1fd-e1a721205b7d@group-22A427C68145-LeaderElection43] INFO  impl.RoleInfo (RoleInfo.java:updateAndGet(143)) - 158d2368-d5c4-46db-a1fd-e1a721205b7d: start LeaderState
2019-11-14 13:21:34,877 [158d2368-d5c4-46db-a1fd-e1a721205b7d@group-22A427C68145-LeaderElection43] INFO  segmented.SegmentedRaftLogWorker (SegmentedRaftLogWorker.java:startLogSegment(385)) - 158d2368-d5c4-46db-a1fd-e1a721205b7d@group-22A427C68145-SegmentedRaftLogWorker: Starting segment from index:0
2019-11-14 13:21:34,878 [158d2368-d5c4-46db-a1fd-e1a721205b7d@group-22A427C68145-LeaderElection43] INFO  impl.RaftServerImpl (ServerState.java:setRaftConf(356)) - 158d2368-d5c4-46db-a1fd-e1a721205b7d@group-22A427C68145: set configuration 0: [c5f0853d-db97-466f-95ef-4b66df91fd94:192.168.69.121:44160, da377692-8490-46fb-a58a-cb2c66593f0b:192.168.69.121:42566, 158d2368-d5c4-46db-a1fd-e1a721205b7d:192.168.69.121:35099], old=null at 0
2019-11-14 13:21:34,900 [grpc-default-executor-7] INFO  ratis.XceiverServerRatis (XceiverServerRatis.java:handleLeaderChangedNotification(697)) - Leader change notification received for group: group-22A427C68145 with new leaderId: 158d2368-d5c4-46db-a1fd-e1a721205b7d
2019-11-14 13:21:34,901 [grpc-default-executor-7] INFO  impl.RaftServerImpl (ServerState.java:setLeader(255)) - c5f0853d-db97-466f-95ef-4b66df91fd94@group-22A427C68145: change Leader from null to 158d2368-d5c4-46db-a1fd-e1a721205b7d at term 1 for appendEntries, leader elected after 1107ms
2019-11-14 13:21:34,901 [grpc-default-executor-5] INFO  ratis.XceiverServerRatis (XceiverServerRatis.java:handleLeaderChangedNotification(697)) - Leader change notification received for group: group-22A427C68145 with new leaderId: 158d2368-d5c4-46db-a1fd-e1a721205b7d
2019-11-14 13:21:34,902 [grpc-default-executor-5] INFO  impl.RaftServerImpl (ServerState.java:setLeader(255)) - da377692-8490-46fb-a58a-cb2c66593f0b@group-22A427C68145: change Leader from null to 158d2368-d5c4-46db-a1fd-e1a721205b7d at term 1 for appendEntries, leader elected after 1108ms
2019-11-14 13:21:34,903 [grpc-default-executor-7] INFO  impl.RaftServerImpl (ServerState.java:setRaftConf(356)) - c5f0853d-db97-466f-95ef-4b66df91fd94@group-22A427C68145: set configuration 0: [c5f0853d-db97-466f-95ef-4b66df91fd94:192.168.69.121:44160, da377692-8490-46fb-a58a-cb2c66593f0b:192.168.69.121:42566, 158d2368-d5c4-46db-a1fd-e1a721205b7d:192.168.69.121:35099], old=null at 0
2019-11-14 13:21:34,903 [grpc-default-executor-5] INFO  impl.RaftServerImpl (ServerState.java:setRaftConf(356)) - da377692-8490-46fb-a58a-cb2c66593f0b@group-22A427C68145: set configuration 0: [c5f0853d-db97-466f-95ef-4b66df91fd94:192.168.69.121:44160, da377692-8490-46fb-a58a-cb2c66593f0b:192.168.69.121:42566, 158d2368-d5c4-46db-a1fd-e1a721205b7d:192.168.69.121:35099], old=null at 0
2019-11-14 13:21:34,903 [grpc-default-executor-7] INFO  segmented.SegmentedRaftLogWorker (SegmentedRaftLogWorker.java:startLogSegment(385)) - c5f0853d-db97-466f-95ef-4b66df91fd94@group-22A427C68145-SegmentedRaftLogWorker: Starting segment from index:0
2019-11-14 13:21:34,903 [grpc-default-executor-5] INFO  segmented.SegmentedRaftLogWorker (SegmentedRaftLogWorker.java:startLogSegment(385)) - da377692-8490-46fb-a58a-cb2c66593f0b@group-22A427C68145-SegmentedRaftLogWorker: Starting segment from index:0
2019-11-14 13:21:34,924 [158d2368-d5c4-46db-a1fd-e1a721205b7d@group-22A427C68145-SegmentedRaftLogWorker] INFO  segmented.SegmentedRaftLogWorker (SegmentedRaftLogWorker.java:execute(576)) - 158d2368-d5c4-46db-a1fd-e1a721205b7d@group-22A427C68145-SegmentedRaftLogWorker: created new log segment /workdir/hadoop-ozone/integration-test/target/test-dir/MiniOzoneClusterImpl-3e7318d1-e353-4b83-9c8a-b04a40b588dc/datanode-0/data/ratis/31ddc5dc-f8e1-4260-8a35-22a427c68145/current/log_inprogress_0
2019-11-14 13:21:34,948 [c5f0853d-db97-466f-95ef-4b66df91fd94@group-22A427C68145-SegmentedRaftLogWorker] INFO  segmented.SegmentedRaftLogWorker (SegmentedRaftLogWorker.java:execute(576)) - c5f0853d-db97-466f-95ef-4b66df91fd94@group-22A427C68145-SegmentedRaftLogWorker: created new log segment /workdir/hadoop-ozone/integration-test/target/test-dir/MiniOzoneClusterImpl-3e7318d1-e353-4b83-9c8a-b04a40b588dc/datanode-2/data/ratis/31ddc5dc-f8e1-4260-8a35-22a427c68145/current/log_inprogress_0
2019-11-14 13:21:34,948 [da377692-8490-46fb-a58a-cb2c66593f0b@group-22A427C68145-SegmentedRaftLogWorker] INFO  segmented.SegmentedRaftLogWorker (SegmentedRaftLogWorker.java:execute(576)) - da377692-8490-46fb-a58a-cb2c66593f0b@group-22A427C68145-SegmentedRaftLogWorker: created new log segment /workdir/hadoop-ozone/integration-test/target/test-dir/MiniOzoneClusterImpl-3e7318d1-e353-4b83-9c8a-b04a40b588dc/datanode-1/data/ratis/31ddc5dc-f8e1-4260-8a35-22a427c68145/current/log_inprogress_0
2019-11-14 13:21:35,003 [Thread-1336] INFO  impl.FollowerState (FollowerState.java:run(111)) - c5f0853d-db97-466f-95ef-4b66df91fd94@group-0914ED8CB0E7-FollowerState: change to CANDIDATE, lastRpcTime:1136ms, electionTimeout:1136ms
2019-11-14 13:21:35,003 [Thread-1336] INFO  impl.RoleInfo (RoleInfo.java:shutdownFollowerState(121)) - c5f0853d-db97-466f-95ef-4b66df91fd94: shutdown FollowerState
2019-11-14 13:21:35,004 [Thread-1336] INFO  impl.RaftServerImpl (RaftServerImpl.java:setRole(173)) - c5f0853d-db97-466f-95ef-4b66df91fd94@group-0914ED8CB0E7: changes role from  FOLLOWER to CANDIDATE at term 0 for changeToCandidate
2019-11-14 13:21:35,004 [Thread-1336] INFO  impl.RoleInfo (RoleInfo.java:updateAndGet(143)) - c5f0853d-db97-466f-95ef-4b66df91fd94: start LeaderElection
2019-11-14 13:21:35,019 [Thread-1340] INFO  impl.FollowerState (FollowerState.java:run(111)) - db5776da-04cc-407e-81f3-5cb046cdfc6e@group-2A56A330FF79-FollowerState: change to CANDIDATE, lastRpcTime:1091ms, electionTimeout:1091ms
2019-11-14 13:21:35,019 [Thread-1340] INFO  impl.RoleInfo (RoleInfo.java:shutdownFollowerState(121)) - db5776da-04cc-407e-81f3-5cb046cdfc6e: shutdown FollowerState
2019-11-14 13:21:35,019 [Thread-1340] INFO  impl.RaftServerImpl (RaftServerImpl.java:setRole(173)) - db5776da-04cc-407e-81f3-5cb046cdfc6e@group-2A56A330FF79: changes role from  FOLLOWER to CANDIDATE at term 0 for changeToCandidate
2019-11-14 13:21:35,019 [Thread-1340] INFO  impl.RoleInfo (RoleInfo.java:updateAndGet(143)) - db5776da-04cc-407e-81f3-5cb046cdfc6e: start LeaderElection
2019-11-14 13:21:35,029 [c5f0853d-db97-466f-95ef-4b66df91fd94@group-0914ED8CB0E7-LeaderElection44] INFO  impl.LeaderElection (LeaderElection.java:askForVotes(178)) - c5f0853d-db97-466f-95ef-4b66df91fd94@group-0914ED8CB0E7-LeaderElection44: begin an election at term 1 for -1: [c5f0853d-db97-466f-95ef-4b66df91fd94:192.168.69.121:44160], old=null
2019-11-14 13:21:35,030 [c5f0853d-db97-466f-95ef-4b66df91fd94@group-0914ED8CB0E7-LeaderElection44] INFO  impl.RoleInfo (RoleInfo.java:shutdownLeaderElection(134)) - c5f0853d-db97-466f-95ef-4b66df91fd94: shutdown LeaderElection
2019-11-14 13:21:35,030 [c5f0853d-db97-466f-95ef-4b66df91fd94@group-0914ED8CB0E7-LeaderElection44] INFO  impl.RaftServerImpl (RaftServerImpl.java:setRole(173)) - c5f0853d-db97-466f-95ef-4b66df91fd94@group-0914ED8CB0E7: changes role from CANDIDATE to LEADER at term 1 for changeToLeader
2019-11-14 13:21:35,030 [c5f0853d-db97-466f-95ef-4b66df91fd94@group-0914ED8CB0E7-LeaderElection44] INFO  ratis.XceiverServerRatis (XceiverServerRatis.java:handleLeaderChangedNotification(697)) - Leader change notification received for group: group-0914ED8CB0E7 with new leaderId: c5f0853d-db97-466f-95ef-4b66df91fd94
2019-11-14 13:21:35,030 [c5f0853d-db97-466f-95ef-4b66df91fd94@group-0914ED8CB0E7-LeaderElection44] INFO  impl.RaftServerImpl (ServerState.java:setLeader(255)) - c5f0853d-db97-466f-95ef-4b66df91fd94@group-0914ED8CB0E7: change Leader from null to c5f0853d-db97-466f-95ef-4b66df91fd94 at term 1 for becomeLeader, leader elected after 1165ms
2019-11-14 13:21:35,030 [c5f0853d-db97-466f-95ef-4b66df91fd94@group-0914ED8CB0E7-LeaderElection44] INFO  server.RaftServerConfigKeys (ConfUtils.java:logGet(43)) - raft.server.staging.catchup.gap = 1000 (default)
2019-11-14 13:21:35,030 [c5f0853d-db97-466f-95ef-4b66df91fd94@group-0914ED8CB0E7-LeaderElection44] INFO  server.RaftServerConfigKeys (ConfUtils.java:logGet(43)) - raft.server.rpc.sleep.time = 25ms (default)
2019-11-14 13:21:35,030 [c5f0853d-db97-466f-95ef-4b66df91fd94@group-0914ED8CB0E7-LeaderElection44] INFO  server.RaftServerConfigKeys (ConfUtils.java:logGet(43)) - raft.server.write.element-limit = 4096 (default)
2019-11-14 13:21:35,031 [c5f0853d-db97-466f-95ef-4b66df91fd94@group-0914ED8CB0E7-LeaderElection44] INFO  server.RaftServerConfigKeys (ConfUtils.java:logGet(43)) - raft.server.watch.timeout = 10s (default)
2019-11-14 13:21:35,031 [c5f0853d-db97-466f-95ef-4b66df91fd94@group-0914ED8CB0E7-LeaderElection44] INFO  server.RaftServerConfigKeys (ConfUtils.java:logGet(43)) - raft.server.watch.timeout.denomination = 1s (default)
2019-11-14 13:21:35,031 [c5f0853d-db97-466f-95ef-4b66df91fd94@group-0914ED8CB0E7-LeaderElection44] INFO  server.RaftServerConfigKeys (ConfUtils.java:logGet(43)) - raft.server.watch.element-limit = 65536 (default)
2019-11-14 13:21:35,031 [c5f0853d-db97-466f-95ef-4b66df91fd94@group-0914ED8CB0E7-LeaderElection44] INFO  impl.RoleInfo (RoleInfo.java:updateAndGet(143)) - c5f0853d-db97-466f-95ef-4b66df91fd94: start LeaderState
2019-11-14 13:21:35,031 [EventQueue-PipelineReportForPipelineReportHandler] INFO  pipeline.PipelineStateManager (PipelineStateManager.java:openPipeline(134)) - Pipeline Pipeline[ Id: d799db9b-e00c-4217-a0c4-0914ed8cb0e7, Nodes: c5f0853d-db97-466f-95ef-4b66df91fd94{ip: 192.168.69.121, host: pr-hdds-2468-gmfm6-3729483342, networkLocation: /default-rack, certSerialId: null}, Type:RATIS, Factor:ONE, State:OPEN] moved to OPEN state
2019-11-14 13:21:35,031 [c5f0853d-db97-466f-95ef-4b66df91fd94@group-0914ED8CB0E7-LeaderElection44] INFO  segmented.SegmentedRaftLogWorker (SegmentedRaftLogWorker.java:startLogSegment(385)) - c5f0853d-db97-466f-95ef-4b66df91fd94@group-0914ED8CB0E7-SegmentedRaftLogWorker: Starting segment from index:0
2019-11-14 13:21:35,032 [c5f0853d-db97-466f-95ef-4b66df91fd94@group-0914ED8CB0E7-LeaderElection44] INFO  impl.RaftServerImpl (ServerState.java:setRaftConf(356)) - c5f0853d-db97-466f-95ef-4b66df91fd94@group-0914ED8CB0E7: set configuration 0: [c5f0853d-db97-466f-95ef-4b66df91fd94:192.168.69.121:44160], old=null at 0
2019-11-14 13:21:35,053 [db5776da-04cc-407e-81f3-5cb046cdfc6e@group-2A56A330FF79-LeaderElection45] INFO  impl.LeaderElection (LeaderElection.java:askForVotes(178)) - db5776da-04cc-407e-81f3-5cb046cdfc6e@group-2A56A330FF79-LeaderElection45: begin an election at term 1 for -1: [db5776da-04cc-407e-81f3-5cb046cdfc6e:192.168.69.121:40096], old=null
2019-11-14 13:21:35,053 [db5776da-04cc-407e-81f3-5cb046cdfc6e@group-2A56A330FF79-LeaderElection45] INFO  impl.RoleInfo (RoleInfo.java:shutdownLeaderElection(134)) - db5776da-04cc-407e-81f3-5cb046cdfc6e: shutdown LeaderElection
2019-11-14 13:21:35,053 [db5776da-04cc-407e-81f3-5cb046cdfc6e@group-2A56A330FF79-LeaderElection45] INFO  impl.RaftServerImpl (RaftServerImpl.java:setRole(173)) - db5776da-04cc-407e-81f3-5cb046cdfc6e@group-2A56A330FF79: changes role from CANDIDATE to LEADER at term 1 for changeToLeader
2019-11-14 13:21:35,053 [db5776da-04cc-407e-81f3-5cb046cdfc6e@group-2A56A330FF79-LeaderElection45] INFO  ratis.XceiverServerRatis (XceiverServerRatis.java:handleLeaderChangedNotification(697)) - Leader change notification received for group: group-2A56A330FF79 with new leaderId: db5776da-04cc-407e-81f3-5cb046cdfc6e
2019-11-14 13:21:35,054 [db5776da-04cc-407e-81f3-5cb046cdfc6e@group-2A56A330FF79-LeaderElection45] INFO  impl.RaftServerImpl (ServerState.java:setLeader(255)) - db5776da-04cc-407e-81f3-5cb046cdfc6e@group-2A56A330FF79: change Leader from null to db5776da-04cc-407e-81f3-5cb046cdfc6e at term 1 for becomeLeader, leader elected after 1128ms
2019-11-14 13:21:35,054 [db5776da-04cc-407e-81f3-5cb046cdfc6e@group-2A56A330FF79-LeaderElection45] INFO  server.RaftServerConfigKeys (ConfUtils.java:logGet(43)) - raft.server.staging.catchup.gap = 1000 (default)
2019-11-14 13:21:35,054 [db5776da-04cc-407e-81f3-5cb046cdfc6e@group-2A56A330FF79-LeaderElection45] INFO  server.RaftServerConfigKeys (ConfUtils.java:logGet(43)) - raft.server.rpc.sleep.time = 25ms (default)
2019-11-14 13:21:35,054 [db5776da-04cc-407e-81f3-5cb046cdfc6e@group-2A56A330FF79-LeaderElection45] INFO  server.RaftServerConfigKeys (ConfUtils.java:logGet(43)) - raft.server.write.element-limit = 4096 (default)
2019-11-14 13:21:35,054 [db5776da-04cc-407e-81f3-5cb046cdfc6e@group-2A56A330FF79-LeaderElection45] INFO  server.RaftServerConfigKeys (ConfUtils.java:logGet(43)) - raft.server.watch.timeout = 10s (default)
2019-11-14 13:21:35,054 [db5776da-04cc-407e-81f3-5cb046cdfc6e@group-2A56A330FF79-LeaderElection45] INFO  server.RaftServerConfigKeys (ConfUtils.java:logGet(43)) - raft.server.watch.timeout.denomination = 1s (default)
2019-11-14 13:21:35,054 [db5776da-04cc-407e-81f3-5cb046cdfc6e@group-2A56A330FF79-LeaderElection45] INFO  server.RaftServerConfigKeys (ConfUtils.java:logGet(43)) - raft.server.watch.element-limit = 65536 (default)
2019-11-14 13:21:35,055 [db5776da-04cc-407e-81f3-5cb046cdfc6e@group-2A56A330FF79-LeaderElection45] INFO  impl.RoleInfo (RoleInfo.java:updateAndGet(143)) - db5776da-04cc-407e-81f3-5cb046cdfc6e: start LeaderState
2019-11-14 13:21:35,055 [EventQueue-PipelineReportForPipelineReportHandler] INFO  pipeline.PipelineStateManager (PipelineStateManager.java:openPipeline(134)) - Pipeline Pipeline[ Id: 37d173cb-1ee4-4985-b6c1-2a56a330ff79, Nodes: db5776da-04cc-407e-81f3-5cb046cdfc6e{ip: 192.168.69.121, host: pr-hdds-2468-gmfm6-3729483342, networkLocation: /default-rack, certSerialId: null}, Type:RATIS, Factor:ONE, State:OPEN] moved to OPEN state
2019-11-14 13:21:35,055 [db5776da-04cc-407e-81f3-5cb046cdfc6e@group-2A56A330FF79-LeaderElection45] INFO  segmented.SegmentedRaftLogWorker (SegmentedRaftLogWorker.java:startLogSegment(385)) - db5776da-04cc-407e-81f3-5cb046cdfc6e@group-2A56A330FF79-SegmentedRaftLogWorker: Starting segment from index:0
2019-11-14 13:21:35,056 [db5776da-04cc-407e-81f3-5cb046cdfc6e@group-2A56A330FF79-LeaderElection45] INFO  impl.RaftServerImpl (ServerState.java:setRaftConf(356)) - db5776da-04cc-407e-81f3-5cb046cdfc6e@group-2A56A330FF79: set configuration 0: [db5776da-04cc-407e-81f3-5cb046cdfc6e:192.168.69.121:40096], old=null at 0
2019-11-14 13:21:35,056 [Thread-1347] INFO  impl.FollowerState (FollowerState.java:run(111)) - da377692-8490-46fb-a58a-cb2c66593f0b@group-C6DEEE67C8B6-FollowerState: change to CANDIDATE, lastRpcTime:1059ms, electionTimeout:1059ms
2019-11-14 13:21:35,056 [Thread-1347] INFO  impl.RoleInfo (RoleInfo.java:shutdownFollowerState(121)) - da377692-8490-46fb-a58a-cb2c66593f0b: shutdown FollowerState
2019-11-14 13:21:35,056 [Thread-1347] INFO  impl.RaftServerImpl (RaftServerImpl.java:setRole(173)) - da377692-8490-46fb-a58a-cb2c66593f0b@group-C6DEEE67C8B6: changes role from  FOLLOWER to CANDIDATE at term 0 for changeToCandidate
2019-11-14 13:21:35,056 [Thread-1347] INFO  impl.RoleInfo (RoleInfo.java:updateAndGet(143)) - da377692-8490-46fb-a58a-cb2c66593f0b: start LeaderElection
2019-11-14 13:21:35,112 [db5776da-04cc-407e-81f3-5cb046cdfc6e@group-2A56A330FF79-SegmentedRaftLogWorker] INFO  segmented.SegmentedRaftLogWorker (SegmentedRaftLogWorker.java:execute(576)) - db5776da-04cc-407e-81f3-5cb046cdfc6e@group-2A56A330FF79-SegmentedRaftLogWorker: created new log segment /workdir/hadoop-ozone/integration-test/target/test-dir/MiniOzoneClusterImpl-3e7318d1-e353-4b83-9c8a-b04a40b588dc/datanode-4/data/ratis/37d173cb-1ee4-4985-b6c1-2a56a330ff79/current/log_inprogress_0
2019-11-14 13:21:35,112 [c5f0853d-db97-466f-95ef-4b66df91fd94@group-0914ED8CB0E7-SegmentedRaftLogWorker] INFO  segmented.SegmentedRaftLogWorker (SegmentedRaftLogWorker.java:execute(576)) - c5f0853d-db97-466f-95ef-4b66df91fd94@group-0914ED8CB0E7-SegmentedRaftLogWorker: created new log segment /workdir/hadoop-ozone/integration-test/target/test-dir/MiniOzoneClusterImpl-3e7318d1-e353-4b83-9c8a-b04a40b588dc/datanode-2/data/ratis/d799db9b-e00c-4217-a0c4-0914ed8cb0e7/current/log_inprogress_0
2019-11-14 13:21:35,112 [da377692-8490-46fb-a58a-cb2c66593f0b@group-C6DEEE67C8B6-LeaderElection46] INFO  impl.LeaderElection (LeaderElection.java:askForVotes(178)) - da377692-8490-46fb-a58a-cb2c66593f0b@group-C6DEEE67C8B6-LeaderElection46: begin an election at term 1 for -1: [da377692-8490-46fb-a58a-cb2c66593f0b:192.168.69.121:42566], old=null
2019-11-14 13:21:35,112 [da377692-8490-46fb-a58a-cb2c66593f0b@group-C6DEEE67C8B6-LeaderElection46] INFO  impl.RoleInfo (RoleInfo.java:shutdownLeaderElection(134)) - da377692-8490-46fb-a58a-cb2c66593f0b: shutdown LeaderElection
2019-11-14 13:21:35,112 [da377692-8490-46fb-a58a-cb2c66593f0b@group-C6DEEE67C8B6-LeaderElection46] INFO  impl.RaftServerImpl (RaftServerImpl.java:setRole(173)) - da377692-8490-46fb-a58a-cb2c66593f0b@group-C6DEEE67C8B6: changes role from CANDIDATE to LEADER at term 1 for changeToLeader
2019-11-14 13:21:35,112 [da377692-8490-46fb-a58a-cb2c66593f0b@group-C6DEEE67C8B6-LeaderElection46] INFO  ratis.XceiverServerRatis (XceiverServerRatis.java:handleLeaderChangedNotification(697)) - Leader change notification received for group: group-C6DEEE67C8B6 with new leaderId: da377692-8490-46fb-a58a-cb2c66593f0b
2019-11-14 13:21:35,112 [da377692-8490-46fb-a58a-cb2c66593f0b@group-C6DEEE67C8B6-LeaderElection46] INFO  impl.RaftServerImpl (ServerState.java:setLeader(255)) - da377692-8490-46fb-a58a-cb2c66593f0b@group-C6DEEE67C8B6: change Leader from null to da377692-8490-46fb-a58a-cb2c66593f0b at term 1 for becomeLeader, leader elected after 1118ms
2019-11-14 13:21:35,113 [Datanode State Machine Thread - 0] INFO  statemachine.DatanodeStateMachine (DatanodeStateMachine.java:lambda$startDaemon$0(350)) - Ozone container server started.
2019-11-14 13:21:35,113 [da377692-8490-46fb-a58a-cb2c66593f0b@group-C6DEEE67C8B6-LeaderElection46] INFO  server.RaftServerConfigKeys (ConfUtils.java:logGet(43)) - raft.server.staging.catchup.gap = 1000 (default)
2019-11-14 13:21:35,113 [da377692-8490-46fb-a58a-cb2c66593f0b@group-C6DEEE67C8B6-LeaderElection46] INFO  server.RaftServerConfigKeys (ConfUtils.java:logGet(43)) - raft.server.rpc.sleep.time = 25ms (default)
2019-11-14 13:21:35,113 [da377692-8490-46fb-a58a-cb2c66593f0b@group-C6DEEE67C8B6-LeaderElection46] INFO  server.RaftServerConfigKeys (ConfUtils.java:logGet(43)) - raft.server.write.element-limit = 4096 (default)
2019-11-14 13:21:35,113 [da377692-8490-46fb-a58a-cb2c66593f0b@group-C6DEEE67C8B6-LeaderElection46] INFO  server.RaftServerConfigKeys (ConfUtils.java:logGet(43)) - raft.server.watch.timeout = 10s (default)
2019-11-14 13:21:35,113 [da377692-8490-46fb-a58a-cb2c66593f0b@group-C6DEEE67C8B6-LeaderElection46] INFO  server.RaftServerConfigKeys (ConfUtils.java:logGet(43)) - raft.server.watch.timeout.denomination = 1s (default)
2019-11-14 13:21:35,113 [da377692-8490-46fb-a58a-cb2c66593f0b@group-C6DEEE67C8B6-LeaderElection46] INFO  server.RaftServerConfigKeys (ConfUtils.java:logGet(43)) - raft.server.watch.element-limit = 65536 (default)
2019-11-14 13:21:35,113 [da377692-8490-46fb-a58a-cb2c66593f0b@group-C6DEEE67C8B6-LeaderElection46] INFO  impl.RoleInfo (RoleInfo.java:updateAndGet(143)) - da377692-8490-46fb-a58a-cb2c66593f0b: start LeaderState
2019-11-14 13:21:35,113 [da377692-8490-46fb-a58a-cb2c66593f0b@group-C6DEEE67C8B6-LeaderElection46] INFO  segmented.SegmentedRaftLogWorker (SegmentedRaftLogWorker.java:startLogSegment(385)) - da377692-8490-46fb-a58a-cb2c66593f0b@group-C6DEEE67C8B6-SegmentedRaftLogWorker: Starting segment from index:0
2019-11-14 13:21:35,114 [da377692-8490-46fb-a58a-cb2c66593f0b@group-C6DEEE67C8B6-LeaderElection46] INFO  impl.RaftServerImpl (ServerState.java:setRaftConf(356)) - da377692-8490-46fb-a58a-cb2c66593f0b@group-C6DEEE67C8B6: set configuration 0: [da377692-8490-46fb-a58a-cb2c66593f0b:192.168.69.121:42566], old=null at 0
2019-11-14 13:21:35,130 [Thread-1353] INFO  impl.FollowerState (FollowerState.java:run(111)) - db5776da-04cc-407e-81f3-5cb046cdfc6e@group-273195CB3F54-FollowerState: change to CANDIDATE, lastRpcTime:1018ms, electionTimeout:1012ms
2019-11-14 13:21:35,130 [Thread-1353] INFO  impl.RoleInfo (RoleInfo.java:shutdownFollowerState(121)) - db5776da-04cc-407e-81f3-5cb046cdfc6e: shutdown FollowerState
2019-11-14 13:21:35,130 [Thread-1353] INFO  impl.RaftServerImpl (RaftServerImpl.java:setRole(173)) - db5776da-04cc-407e-81f3-5cb046cdfc6e@group-273195CB3F54: changes role from  FOLLOWER to CANDIDATE at term 0 for changeToCandidate
2019-11-14 13:21:35,130 [Thread-1353] INFO  impl.RoleInfo (RoleInfo.java:updateAndGet(143)) - db5776da-04cc-407e-81f3-5cb046cdfc6e: start LeaderElection
2019-11-14 13:21:35,163 [da377692-8490-46fb-a58a-cb2c66593f0b@group-C6DEEE67C8B6-SegmentedRaftLogWorker] INFO  segmented.SegmentedRaftLogWorker (SegmentedRaftLogWorker.java:execute(576)) - da377692-8490-46fb-a58a-cb2c66593f0b@group-C6DEEE67C8B6-SegmentedRaftLogWorker: created new log segment /workdir/hadoop-ozone/integration-test/target/test-dir/MiniOzoneClusterImpl-3e7318d1-e353-4b83-9c8a-b04a40b588dc/datanode-1/data/ratis/0d4257ad-98ad-422f-a60f-c6deee67c8b6/current/log_inprogress_0
2019-11-14 13:21:35,163 [db5776da-04cc-407e-81f3-5cb046cdfc6e@group-273195CB3F54-LeaderElection47] INFO  impl.LeaderElection (LeaderElection.java:askForVotes(178)) - db5776da-04cc-407e-81f3-5cb046cdfc6e@group-273195CB3F54-LeaderElection47: begin an election at term 1 for -1: [7f745053-e99a-4882-8da4-f9f49fd4314d:192.168.69.121:41985, 5254e235-0009-400e-8b7c-46acf791df30:192.168.69.121:44317, db5776da-04cc-407e-81f3-5cb046cdfc6e:192.168.69.121:40096], old=null
2019-11-14 13:21:35,166 [grpc-default-executor-7] INFO  impl.RaftServerImpl (RaftServerImpl.java:setRole(173)) - 7f745053-e99a-4882-8da4-f9f49fd4314d@group-273195CB3F54: changes role from  FOLLOWER to FOLLOWER at term 1 for recognizeCandidate:db5776da-04cc-407e-81f3-5cb046cdfc6e
2019-11-14 13:21:35,166 [grpc-default-executor-5] INFO  impl.RaftServerImpl (RaftServerImpl.java:setRole(173)) - 5254e235-0009-400e-8b7c-46acf791df30@group-273195CB3F54: changes role from  FOLLOWER to FOLLOWER at term 1 for recognizeCandidate:db5776da-04cc-407e-81f3-5cb046cdfc6e
2019-11-14 13:21:35,166 [grpc-default-executor-7] INFO  impl.RoleInfo (RoleInfo.java:shutdownFollowerState(121)) - 7f745053-e99a-4882-8da4-f9f49fd4314d: shutdown FollowerState
2019-11-14 13:21:35,166 [grpc-default-executor-5] INFO  impl.RoleInfo (RoleInfo.java:shutdownFollowerState(121)) - 5254e235-0009-400e-8b7c-46acf791df30: shutdown FollowerState
2019-11-14 13:21:35,166 [grpc-default-executor-7] INFO  impl.RoleInfo (RoleInfo.java:updateAndGet(143)) - 7f745053-e99a-4882-8da4-f9f49fd4314d: start FollowerState
2019-11-14 13:21:35,166 [Thread-1357] INFO  impl.FollowerState (FollowerState.java:run(120)) - 5254e235-0009-400e-8b7c-46acf791df30@group-273195CB3F54-FollowerState was interrupted: java.lang.InterruptedException: sleep interrupted
2019-11-14 13:21:35,166 [grpc-default-executor-5] INFO  impl.RoleInfo (RoleInfo.java:updateAndGet(143)) - 5254e235-0009-400e-8b7c-46acf791df30: start FollowerState
2019-11-14 13:21:35,166 [Thread-1358] INFO  impl.FollowerState (FollowerState.java:run(120)) - 7f745053-e99a-4882-8da4-f9f49fd4314d@group-273195CB3F54-FollowerState was interrupted: java.lang.InterruptedException: sleep interrupted
2019-11-14 13:21:35,189 [db5776da-04cc-407e-81f3-5cb046cdfc6e@group-273195CB3F54-LeaderElection47] INFO  impl.LeaderElection (LeaderElection.java:logAndReturn(56)) - db5776da-04cc-407e-81f3-5cb046cdfc6e@group-273195CB3F54-LeaderElection47: Election PASSED; received 1 response(s) [db5776da-04cc-407e-81f3-5cb046cdfc6e<-7f745053-e99a-4882-8da4-f9f49fd4314d#0:OK-t1] and 0 exception(s); db5776da-04cc-407e-81f3-5cb046cdfc6e@group-273195CB3F54:t1, leader=null, voted=db5776da-04cc-407e-81f3-5cb046cdfc6e, raftlog=db5776da-04cc-407e-81f3-5cb046cdfc6e@group-273195CB3F54-SegmentedRaftLog:OPENED:c-1,f-1,i0, conf=-1: [7f745053-e99a-4882-8da4-f9f49fd4314d:192.168.69.121:41985, 5254e235-0009-400e-8b7c-46acf791df30:192.168.69.121:44317, db5776da-04cc-407e-81f3-5cb046cdfc6e:192.168.69.121:40096], old=null
2019-11-14 13:21:35,190 [db5776da-04cc-407e-81f3-5cb046cdfc6e@group-273195CB3F54-LeaderElection47] INFO  impl.RoleInfo (RoleInfo.java:shutdownLeaderElection(134)) - db5776da-04cc-407e-81f3-5cb046cdfc6e: shutdown LeaderElection
2019-11-14 13:21:35,190 [db5776da-04cc-407e-81f3-5cb046cdfc6e@group-273195CB3F54-LeaderElection47] INFO  impl.RaftServerImpl (RaftServerImpl.java:setRole(173)) - db5776da-04cc-407e-81f3-5cb046cdfc6e@group-273195CB3F54: changes role from CANDIDATE to LEADER at term 1 for changeToLeader
2019-11-14 13:21:35,190 [db5776da-04cc-407e-81f3-5cb046cdfc6e@group-273195CB3F54-LeaderElection47] INFO  ratis.XceiverServerRatis (XceiverServerRatis.java:handleLeaderChangedNotification(697)) - Leader change notification received for group: group-273195CB3F54 with new leaderId: db5776da-04cc-407e-81f3-5cb046cdfc6e
2019-11-14 13:21:35,190 [db5776da-04cc-407e-81f3-5cb046cdfc6e@group-273195CB3F54-LeaderElection47] INFO  impl.RaftServerImpl (ServerState.java:setLeader(255)) - db5776da-04cc-407e-81f3-5cb046cdfc6e@group-273195CB3F54: change Leader from null to db5776da-04cc-407e-81f3-5cb046cdfc6e at term 1 for becomeLeader, leader elected after 1083ms
2019-11-14 13:21:35,190 [db5776da-04cc-407e-81f3-5cb046cdfc6e@group-273195CB3F54-LeaderElection47] INFO  server.RaftServerConfigKeys (ConfUtils.java:logGet(43)) - raft.server.staging.catchup.gap = 1000 (default)
2019-11-14 13:21:35,190 [db5776da-04cc-407e-81f3-5cb046cdfc6e@group-273195CB3F54-LeaderElection47] INFO  server.RaftServerConfigKeys (ConfUtils.java:logGet(43)) - raft.server.rpc.sleep.time = 25ms (default)
2019-11-14 13:21:35,190 [db5776da-04cc-407e-81f3-5cb046cdfc6e@group-273195CB3F54-LeaderElection47] INFO  server.RaftServerConfigKeys (ConfUtils.java:logGet(43)) - raft.server.write.element-limit = 4096 (default)
2019-11-14 13:21:35,190 [db5776da-04cc-407e-81f3-5cb046cdfc6e@group-273195CB3F54-LeaderElection47] INFO  server.RaftServerConfigKeys (ConfUtils.java:logGet(43)) - raft.server.watch.timeout = 10s (default)
2019-11-14 13:21:35,191 [db5776da-04cc-407e-81f3-5cb046cdfc6e@group-273195CB3F54-LeaderElection47] INFO  server.RaftServerConfigKeys (ConfUtils.java:logGet(43)) - raft.server.watch.timeout.denomination = 1s (default)
2019-11-14 13:21:35,191 [db5776da-04cc-407e-81f3-5cb046cdfc6e@group-273195CB3F54-LeaderElection47] INFO  server.RaftServerConfigKeys (ConfUtils.java:logGet(43)) - raft.server.watch.element-limit = 65536 (default)
2019-11-14 13:21:35,191 [EventQueue-PipelineReportForPipelineReportHandler] INFO  pipeline.PipelineStateManager (PipelineStateManager.java:openPipeline(134)) - Pipeline Pipeline[ Id: 9512f986-5b40-4145-85c6-273195cb3f54, Nodes: 7f745053-e99a-4882-8da4-f9f49fd4314d{ip: 192.168.69.121, host: pr-hdds-2468-gmfm6-3729483342, networkLocation: /default-rack, certSerialId: null}5254e235-0009-400e-8b7c-46acf791df30{ip: 192.168.69.121, host: pr-hdds-2468-gmfm6-3729483342, networkLocation: /default-rack, certSerialId: null}db5776da-04cc-407e-81f3-5cb046cdfc6e{ip: 192.168.69.121, host: pr-hdds-2468-gmfm6-3729483342, networkLocation: /default-rack, certSerialId: null}, Type:RATIS, Factor:THREE, State:OPEN] moved to OPEN state
2019-11-14 13:21:35,192 [db5776da-04cc-407e-81f3-5cb046cdfc6e@group-273195CB3F54-LeaderElection47] INFO  server.RaftServerConfigKeys (ConfUtils.java:logGet(43)) - raft.server.log.appender.snapshot.chunk.size.max = 16MB (=16777216) (default)
2019-11-14 13:21:35,193 [db5776da-04cc-407e-81f3-5cb046cdfc6e@group-273195CB3F54-LeaderElection47] INFO  server.RaftServerConfigKeys (ConfUtils.java:logGet(43)) - raft.server.log.appender.buffer.byte-limit = 33554432 (custom)
2019-11-14 13:21:35,193 [db5776da-04cc-407e-81f3-5cb046cdfc6e@group-273195CB3F54-LeaderElection47] INFO  server.RaftServerConfigKeys (ConfUtils.java:logGet(43)) - raft.server.log.appender.buffer.element-limit = 1 (custom)
2019-11-14 13:21:35,193 [db5776da-04cc-407e-81f3-5cb046cdfc6e@group-273195CB3F54-LeaderElection47] INFO  grpc.GrpcConfigKeys$Server (ConfUtils.java:logGet(43)) - raft.grpc.server.leader.outstanding.appends.max = 128 (default)
2019-11-14 13:21:35,193 [db5776da-04cc-407e-81f3-5cb046cdfc6e@group-273195CB3F54-LeaderElection47] INFO  server.RaftServerConfigKeys (ConfUtils.java:logGet(43)) - raft.server.rpc.request.timeout = 3000ms (default)
2019-11-14 13:21:35,193 [db5776da-04cc-407e-81f3-5cb046cdfc6e@group-273195CB3F54-LeaderElection47] INFO  server.RaftServerConfigKeys (ConfUtils.java:logGet(43)) - raft.server.log.appender.install.snapshot.enabled = false (custom)
2019-11-14 13:21:35,193 [db5776da-04cc-407e-81f3-5cb046cdfc6e@group-273195CB3F54-LeaderElection47] WARN  impl.MetricRegistriesImpl (MetricRegistriesImpl.java:lambda$create$1(61)) - First MetricRegistry has been created without registering reporters. You may need to call MetricRegistries.global().addReportRegistration(...) before.
2019-11-14 13:21:35,193 [db5776da-04cc-407e-81f3-5cb046cdfc6e@group-273195CB3F54-LeaderElection47] INFO  server.RaftServerConfigKeys (ConfUtils.java:logGet(43)) - raft.server.log.appender.snapshot.chunk.size.max = 16MB (=16777216) (default)
2019-11-14 13:21:35,193 [db5776da-04cc-407e-81f3-5cb046cdfc6e@group-273195CB3F54-LeaderElection47] INFO  server.RaftServerConfigKeys (ConfUtils.java:logGet(43)) - raft.server.log.appender.buffer.byte-limit = 33554432 (custom)
2019-11-14 13:21:35,194 [db5776da-04cc-407e-81f3-5cb046cdfc6e@group-273195CB3F54-LeaderElection47] INFO  server.RaftServerConfigKeys (ConfUtils.java:logGet(43)) - raft.server.log.appender.buffer.element-limit = 1 (custom)
2019-11-14 13:21:35,194 [db5776da-04cc-407e-81f3-5cb046cdfc6e@group-273195CB3F54-LeaderElection47] INFO  grpc.GrpcConfigKeys$Server (ConfUtils.java:logGet(43)) - raft.grpc.server.leader.outstanding.appends.max = 128 (default)
2019-11-14 13:21:35,194 [db5776da-04cc-407e-81f3-5cb046cdfc6e@group-273195CB3F54-LeaderElection47] INFO  server.RaftServerConfigKeys (ConfUtils.java:logGet(43)) - raft.server.rpc.request.timeout = 3000ms (default)
2019-11-14 13:21:35,194 [db5776da-04cc-407e-81f3-5cb046cdfc6e@group-273195CB3F54-LeaderElection47] INFO  server.RaftServerConfigKeys (ConfUtils.java:logGet(43)) - raft.server.log.appender.install.snapshot.enabled = false (custom)
2019-11-14 13:21:35,194 [db5776da-04cc-407e-81f3-5cb046cdfc6e@group-273195CB3F54-LeaderElection47] INFO  impl.RoleInfo (RoleInfo.java:updateAndGet(143)) - db5776da-04cc-407e-81f3-5cb046cdfc6e: start LeaderState
2019-11-14 13:21:35,194 [db5776da-04cc-407e-81f3-5cb046cdfc6e@group-273195CB3F54-LeaderElection47] INFO  segmented.SegmentedRaftLogWorker (SegmentedRaftLogWorker.java:startLogSegment(385)) - db5776da-04cc-407e-81f3-5cb046cdfc6e@group-273195CB3F54-SegmentedRaftLogWorker: Starting segment from index:0
2019-11-14 13:21:35,196 [db5776da-04cc-407e-81f3-5cb046cdfc6e@group-273195CB3F54-LeaderElection47] INFO  impl.RaftServerImpl (ServerState.java:setRaftConf(356)) - db5776da-04cc-407e-81f3-5cb046cdfc6e@group-273195CB3F54: set configuration 0: [7f745053-e99a-4882-8da4-f9f49fd4314d:192.168.69.121:41985, 5254e235-0009-400e-8b7c-46acf791df30:192.168.69.121:44317, db5776da-04cc-407e-81f3-5cb046cdfc6e:192.168.69.121:40096], old=null at 0
2019-11-14 13:21:35,220 [grpc-default-executor-7] INFO  ratis.XceiverServerRatis (XceiverServerRatis.java:handleLeaderChangedNotification(697)) - Leader change notification received for group: group-273195CB3F54 with new leaderId: db5776da-04cc-407e-81f3-5cb046cdfc6e
2019-11-14 13:21:35,221 [grpc-default-executor-7] INFO  impl.RaftServerImpl (ServerState.java:setLeader(255)) - 5254e235-0009-400e-8b7c-46acf791df30@group-273195CB3F54: change Leader from null to db5776da-04cc-407e-81f3-5cb046cdfc6e at term 1 for appendEntries, leader elected after 1112ms
2019-11-14 13:21:35,222 [grpc-default-executor-5] INFO  ratis.XceiverServerRatis (XceiverServerRatis.java:handleLeaderChangedNotification(697)) - Leader change notification received for group: group-273195CB3F54 with new leaderId: db5776da-04cc-407e-81f3-5cb046cdfc6e
2019-11-14 13:21:35,222 [grpc-default-executor-5] INFO  impl.RaftServerImpl (ServerState.java:setLeader(255)) - 7f745053-e99a-4882-8da4-f9f49fd4314d@group-273195CB3F54: change Leader from null to db5776da-04cc-407e-81f3-5cb046cdfc6e at term 1 for appendEntries, leader elected after 1115ms
2019-11-14 13:21:35,224 [grpc-default-executor-5] INFO  impl.RaftServerImpl (ServerState.java:setRaftConf(356)) - 5254e235-0009-400e-8b7c-46acf791df30@group-273195CB3F54: set configuration 0: [7f745053-e99a-4882-8da4-f9f49fd4314d:192.168.69.121:41985, 5254e235-0009-400e-8b7c-46acf791df30:192.168.69.121:44317, db5776da-04cc-407e-81f3-5cb046cdfc6e:192.168.69.121:40096], old=null at 0
2019-11-14 13:21:35,224 [grpc-default-executor-5] INFO  segmented.SegmentedRaftLogWorker (SegmentedRaftLogWorker.java:startLogSegment(385)) - 5254e235-0009-400e-8b7c-46acf791df30@group-273195CB3F54-SegmentedRaftLogWorker: Starting segment from index:0
2019-11-14 13:21:35,224 [grpc-default-executor-7] INFO  impl.RaftServerImpl (ServerState.java:setRaftConf(356)) - 7f745053-e99a-4882-8da4-f9f49fd4314d@group-273195CB3F54: set configuration 0: [7f745053-e99a-4882-8da4-f9f49fd4314d:192.168.69.121:41985, 5254e235-0009-400e-8b7c-46acf791df30:192.168.69.121:44317, db5776da-04cc-407e-81f3-5cb046cdfc6e:192.168.69.121:40096], old=null at 0
2019-11-14 13:21:35,224 [grpc-default-executor-7] INFO  segmented.SegmentedRaftLogWorker (SegmentedRaftLogWorker.java:startLogSegment(385)) - 7f745053-e99a-4882-8da4-f9f49fd4314d@group-273195CB3F54-SegmentedRaftLogWorker: Starting segment from index:0
2019-11-14 13:21:35,247 [db5776da-04cc-407e-81f3-5cb046cdfc6e@group-273195CB3F54-SegmentedRaftLogWorker] INFO  segmented.SegmentedRaftLogWorker (SegmentedRaftLogWorker.java:execute(576)) - db5776da-04cc-407e-81f3-5cb046cdfc6e@group-273195CB3F54-SegmentedRaftLogWorker: created new log segment /workdir/hadoop-ozone/integration-test/target/test-dir/MiniOzoneClusterImpl-3e7318d1-e353-4b83-9c8a-b04a40b588dc/datanode-4/data/ratis/9512f986-5b40-4145-85c6-273195cb3f54/current/log_inprogress_0
2019-11-14 13:21:35,273 [7f745053-e99a-4882-8da4-f9f49fd4314d@group-273195CB3F54-SegmentedRaftLogWorker] INFO  segmented.SegmentedRaftLogWorker (SegmentedRaftLogWorker.java:execute(576)) - 7f745053-e99a-4882-8da4-f9f49fd4314d@group-273195CB3F54-SegmentedRaftLogWorker: created new log segment /workdir/hadoop-ozone/integration-test/target/test-dir/MiniOzoneClusterImpl-3e7318d1-e353-4b83-9c8a-b04a40b588dc/datanode-3/data/ratis/9512f986-5b40-4145-85c6-273195cb3f54/current/log_inprogress_0
2019-11-14 13:21:35,273 [5254e235-0009-400e-8b7c-46acf791df30@group-273195CB3F54-SegmentedRaftLogWorker] INFO  segmented.SegmentedRaftLogWorker (SegmentedRaftLogWorker.java:execute(576)) - 5254e235-0009-400e-8b7c-46acf791df30@group-273195CB3F54-SegmentedRaftLogWorker: created new log segment /workdir/hadoop-ozone/integration-test/target/test-dir/MiniOzoneClusterImpl-3e7318d1-e353-4b83-9c8a-b04a40b588dc/datanode-5/data/ratis/9512f986-5b40-4145-85c6-273195cb3f54/current/log_inprogress_0
2019-11-14 13:21:35,363 [Datanode State Machine Thread - 0] INFO  statemachine.DatanodeStateMachine (DatanodeStateMachine.java:lambda$startDaemon$0(350)) - Ozone container server started.
2019-11-14 13:21:39,827 [ForkJoinPool.commonPool-worker-0] INFO  ozoneimpl.OzoneContainer (OzoneContainer.java:stop(244)) - Attempting to stop container services.
2019-11-14 13:21:39,827 [main] INFO  ozoneimpl.OzoneContainer (OzoneContainer.java:stop(244)) - Attempting to stop container services.
2019-11-14 13:21:39,828 [ForkJoinPool.commonPool-worker-0] INFO  impl.RaftServerProxy (RaftServerProxy.java:lambda$close$4(314)) - da377692-8490-46fb-a58a-cb2c66593f0b: close
2019-11-14 13:21:39,829 [main] INFO  impl.RaftServerProxy (RaftServerProxy.java:lambda$close$4(314)) - 7f745053-e99a-4882-8da4-f9f49fd4314d: close
2019-11-14 13:21:39,830 [ForkJoinPool.commonPool-worker-0] INFO  impl.RaftServerImpl (RaftServerImpl.java:lambda$shutdown$3(250)) - da377692-8490-46fb-a58a-cb2c66593f0b@group-22A427C68145: shutdown
2019-11-14 13:21:39,830 [main] INFO  impl.RaftServerImpl (RaftServerImpl.java:lambda$shutdown$3(250)) - 7f745053-e99a-4882-8da4-f9f49fd4314d@group-903D3497F8E8: shutdown
2019-11-14 13:21:39,830 [ForkJoinPool.commonPool-worker-0] INFO  util.JmxRegister (JmxRegister.java:unregister(73)) - Successfully un-registered JMX Bean with object name Ratis:service=RaftServer,group=group-22A427C68145,id=da377692-8490-46fb-a58a-cb2c66593f0b
2019-11-14 13:21:39,830 [main] INFO  util.JmxRegister (JmxRegister.java:unregister(73)) - Successfully un-registered JMX Bean with object name Ratis:service=RaftServer,group=group-903D3497F8E8,id=7f745053-e99a-4882-8da4-f9f49fd4314d
2019-11-14 13:21:39,830 [ForkJoinPool.commonPool-worker-0] INFO  impl.RoleInfo (RoleInfo.java:shutdownFollowerState(121)) - da377692-8490-46fb-a58a-cb2c66593f0b: shutdown FollowerState
2019-11-14 13:21:39,830 [main] INFO  impl.RoleInfo (RoleInfo.java:shutdownLeaderState(104)) - 7f745053-e99a-4882-8da4-f9f49fd4314d: shutdown LeaderState
2019-11-14 13:21:39,831 [Thread-1368] INFO  impl.FollowerState (FollowerState.java:run(120)) - da377692-8490-46fb-a58a-cb2c66593f0b@group-22A427C68145-FollowerState was interrupted: java.lang.InterruptedException: sleep interrupted
2019-11-14 13:21:39,831 [main] INFO  impl.PendingRequests (PendingRequests.java:sendNotLeaderResponses(206)) - 7f745053-e99a-4882-8da4-f9f49fd4314d@group-903D3497F8E8-PendingRequests: sendNotLeaderResponses
2019-11-14 13:21:39,831 [ForkJoinPool.commonPool-worker-0] INFO  impl.StateMachineUpdater (StateMachineUpdater.java:stopAndJoin(136)) - da377692-8490-46fb-a58a-cb2c66593f0b@group-22A427C68145-StateMachineUpdater: set stopIndex = 0
2019-11-14 13:21:39,835 [ForkJoinPool.commonPool-worker-0] INFO  impl.RaftServerImpl (ServerState.java:close(387)) - da377692-8490-46fb-a58a-cb2c66593f0b@group-22A427C68145: closes. applyIndex: 0
2019-11-14 13:21:39,835 [main] INFO  impl.StateMachineUpdater (StateMachineUpdater.java:stopAndJoin(136)) - 7f745053-e99a-4882-8da4-f9f49fd4314d@group-903D3497F8E8-StateMachineUpdater: set stopIndex = 0
2019-11-14 13:21:39,835 [main] INFO  impl.RaftServerImpl (ServerState.java:close(387)) - 7f745053-e99a-4882-8da4-f9f49fd4314d@group-903D3497F8E8: closes. applyIndex: 0
2019-11-14 13:21:39,835 [da377692-8490-46fb-a58a-cb2c66593f0b@group-22A427C68145-SegmentedRaftLogWorker] INFO  segmented.SegmentedRaftLogWorker (SegmentedRaftLogWorker.java:run(316)) - da377692-8490-46fb-a58a-cb2c66593f0b@group-22A427C68145-SegmentedRaftLogWorker was interrupted, exiting. There are 0 tasks remaining in the queue.
2019-11-14 13:21:39,836 [7f745053-e99a-4882-8da4-f9f49fd4314d@group-903D3497F8E8-SegmentedRaftLogWorker] INFO  segmented.SegmentedRaftLogWorker (SegmentedRaftLogWorker.java:run(316)) - 7f745053-e99a-4882-8da4-f9f49fd4314d@group-903D3497F8E8-SegmentedRaftLogWorker was interrupted, exiting. There are 0 tasks remaining in the queue.
2019-11-14 13:21:39,837 [ForkJoinPool.commonPool-worker-0] INFO  segmented.SegmentedRaftLogWorker (SegmentedRaftLogWorker.java:close(224)) - da377692-8490-46fb-a58a-cb2c66593f0b@group-22A427C68145-SegmentedRaftLogWorker close()
2019-11-14 13:21:39,837 [main] INFO  segmented.SegmentedRaftLogWorker (SegmentedRaftLogWorker.java:close(224)) - 7f745053-e99a-4882-8da4-f9f49fd4314d@group-903D3497F8E8-SegmentedRaftLogWorker close()
2019-11-14 13:21:39,840 [ForkJoinPool.commonPool-worker-0] INFO  impl.RaftServerImpl (RaftServerImpl.java:lambda$shutdown$3(250)) - da377692-8490-46fb-a58a-cb2c66593f0b@group-C6DEEE67C8B6: shutdown
2019-11-14 13:21:39,842 [main] INFO  impl.RaftServerImpl (RaftServerImpl.java:lambda$shutdown$3(250)) - 7f745053-e99a-4882-8da4-f9f49fd4314d@group-273195CB3F54: shutdown
2019-11-14 13:21:39,842 [ForkJoinPool.commonPool-worker-0] INFO  util.JmxRegister (JmxRegister.java:unregister(73)) - Successfully un-registered JMX Bean with object name Ratis:service=RaftServer,group=group-C6DEEE67C8B6,id=da377692-8490-46fb-a58a-cb2c66593f0b
2019-11-14 13:21:39,842 [main] INFO  util.JmxRegister (JmxRegister.java:unregister(73)) - Successfully un-registered JMX Bean with object name Ratis:service=RaftServer,group=group-273195CB3F54,id=7f745053-e99a-4882-8da4-f9f49fd4314d
2019-11-14 13:21:39,842 [ForkJoinPool.commonPool-worker-0] INFO  impl.RoleInfo (RoleInfo.java:shutdownLeaderState(104)) - da377692-8490-46fb-a58a-cb2c66593f0b: shutdown LeaderState
2019-11-14 13:21:39,843 [main] INFO  impl.RoleInfo (RoleInfo.java:shutdownFollowerState(121)) - 7f745053-e99a-4882-8da4-f9f49fd4314d: shutdown FollowerState
2019-11-14 13:21:39,843 [ForkJoinPool.commonPool-worker-0] INFO  impl.PendingRequests (PendingRequests.java:sendNotLeaderResponses(206)) - da377692-8490-46fb-a58a-cb2c66593f0b@group-C6DEEE67C8B6-PendingRequests: sendNotLeaderResponses
2019-11-14 13:21:39,843 [Thread-1385] INFO  impl.FollowerState (FollowerState.java:run(120)) - 7f745053-e99a-4882-8da4-f9f49fd4314d@group-273195CB3F54-FollowerState was interrupted: java.lang.InterruptedException: sleep interrupted
2019-11-14 13:21:39,843 [main] INFO  impl.StateMachineUpdater (StateMachineUpdater.java:stopAndJoin(136)) - 7f745053-e99a-4882-8da4-f9f49fd4314d@group-273195CB3F54-StateMachineUpdater: set stopIndex = 0
2019-11-14 13:21:39,845 [ForkJoinPool.commonPool-worker-0] INFO  impl.StateMachineUpdater (StateMachineUpdater.java:stopAndJoin(136)) - da377692-8490-46fb-a58a-cb2c66593f0b@group-C6DEEE67C8B6-StateMachineUpdater: set stopIndex = 0
2019-11-14 13:21:39,845 [main] INFO  impl.RaftServerImpl (ServerState.java:close(387)) - 7f745053-e99a-4882-8da4-f9f49fd4314d@group-273195CB3F54: closes. applyIndex: 0
2019-11-14 13:21:39,845 [ForkJoinPool.commonPool-worker-0] INFO  impl.RaftServerImpl (ServerState.java:close(387)) - da377692-8490-46fb-a58a-cb2c66593f0b@group-C6DEEE67C8B6: closes. applyIndex: 0
2019-11-14 13:21:39,846 [7f745053-e99a-4882-8da4-f9f49fd4314d@group-273195CB3F54-SegmentedRaftLogWorker] INFO  segmented.SegmentedRaftLogWorker (SegmentedRaftLogWorker.java:run(316)) - 7f745053-e99a-4882-8da4-f9f49fd4314d@group-273195CB3F54-SegmentedRaftLogWorker was interrupted, exiting. There are 0 tasks remaining in the queue.
2019-11-14 13:21:39,846 [da377692-8490-46fb-a58a-cb2c66593f0b@group-C6DEEE67C8B6-SegmentedRaftLogWorker] INFO  segmented.SegmentedRaftLogWorker (SegmentedRaftLogWorker.java:run(316)) - da377692-8490-46fb-a58a-cb2c66593f0b@group-C6DEEE67C8B6-SegmentedRaftLogWorker was interrupted, exiting. There are 0 tasks remaining in the queue.
2019-11-14 13:21:39,847 [main] INFO  segmented.SegmentedRaftLogWorker (SegmentedRaftLogWorker.java:close(224)) - 7f745053-e99a-4882-8da4-f9f49fd4314d@group-273195CB3F54-SegmentedRaftLogWorker close()
2019-11-14 13:21:39,849 [ForkJoinPool.commonPool-worker-0] INFO  segmented.SegmentedRaftLogWorker (SegmentedRaftLogWorker.java:close(224)) - da377692-8490-46fb-a58a-cb2c66593f0b@group-C6DEEE67C8B6-SegmentedRaftLogWorker close()
2019-11-14 13:21:39,852 [main] INFO  server.GrpcService (GrpcService.java:closeImpl(164)) - 7f745053-e99a-4882-8da4-f9f49fd4314d: shutdown server with port 41985 now
2019-11-14 13:21:39,854 [ForkJoinPool.commonPool-worker-0] INFO  server.GrpcService (GrpcService.java:closeImpl(164)) - da377692-8490-46fb-a58a-cb2c66593f0b: shutdown server with port 42566 now
2019-11-14 13:21:39,857 [grpc-default-executor-3] WARN  server.GrpcServerProtocolService (LogUtils.java:warn(134)) - 7f745053-e99a-4882-8da4-f9f49fd4314d: installSnapshot onError, lastRequest: db5776da-04cc-407e-81f3-5cb046cdfc6e->7f745053-e99a-4882-8da4-f9f49fd4314d#10-t1, previous=(t:1, i:0), leaderCommit=0, initializing? false, entries: <empty>: org.apache.ratis.thirdparty.io.grpc.StatusRuntimeException: CANCELLED: cancelled before receiving half close
2019-11-14 13:21:39,857 [grpc-default-executor-7] WARN  server.GrpcLogAppender (LogUtils.java:warn(134)) - db5776da-04cc-407e-81f3-5cb046cdfc6e@group-273195CB3F54->7f745053-e99a-4882-8da4-f9f49fd4314d-AppendLogResponseHandler: Failed appendEntries: org.apache.ratis.thirdparty.io.grpc.StatusRuntimeException: CANCELLED: HTTP/2 error code: CANCEL
Received Rst Stream
2019-11-14 13:21:39,857 [main] INFO  server.GrpcService (GrpcService.java:closeImpl(172)) - 7f745053-e99a-4882-8da4-f9f49fd4314d: shutdown server with port 41985 successfully
2019-11-14 13:21:39,857 [grpc-default-executor-4] WARN  server.GrpcServerProtocolService (LogUtils.java:warn(134)) - da377692-8490-46fb-a58a-cb2c66593f0b: installSnapshot onError, lastRequest: 158d2368-d5c4-46db-a1fd-e1a721205b7d->da377692-8490-46fb-a58a-cb2c66593f0b#10-t1, previous=(t:1, i:0), leaderCommit=0, initializing? false, entries: <empty>: org.apache.ratis.thirdparty.io.grpc.StatusRuntimeException: CANCELLED: cancelled before receiving half close
2019-11-14 13:21:39,858 [grpc-default-executor-7] INFO  impl.FollowerInfo (FollowerInfo.java:lambda$new$0(51)) - db5776da-04cc-407e-81f3-5cb046cdfc6e@group-273195CB3F54->7f745053-e99a-4882-8da4-f9f49fd4314d: nextIndex: updateUnconditionally 1 -> 0
2019-11-14 13:21:39,857 [ForkJoinPool.commonPool-worker-0] INFO  server.GrpcService (GrpcService.java:closeImpl(172)) - da377692-8490-46fb-a58a-cb2c66593f0b: shutdown server with port 42566 successfully
2019-11-14 13:21:39,857 [grpc-default-executor-6] WARN  server.GrpcLogAppender (LogUtils.java:warn(134)) - 158d2368-d5c4-46db-a1fd-e1a721205b7d@group-22A427C68145->da377692-8490-46fb-a58a-cb2c66593f0b-AppendLogResponseHandler: Failed appendEntries: org.apache.ratis.thirdparty.io.grpc.StatusRuntimeException: CANCELLED: HTTP/2 error code: CANCEL
Received Rst Stream
2019-11-14 13:21:39,859 [grpc-default-executor-6] INFO  impl.FollowerInfo (FollowerInfo.java:lambda$new$0(51)) - 158d2368-d5c4-46db-a1fd-e1a721205b7d@group-22A427C68145->da377692-8490-46fb-a58a-cb2c66593f0b: nextIndex: updateUnconditionally 1 -> 0
2019-11-14 13:21:39,864 [refreshUsed-/workdir/hadoop-ozone/integration-test/target/test-dir/MiniOzoneClusterImpl-3e7318d1-e353-4b83-9c8a-b04a40b588dc/datanode-3/data/containers] WARN  fs.CachingGetSpaceUsed (CachingGetSpaceUsed.java:run(183)) - Thread Interrupted waiting to refresh disk information: sleep interrupted
2019-11-14 13:21:39,864 [refreshUsed-/workdir/hadoop-ozone/integration-test/target/test-dir/MiniOzoneClusterImpl-3e7318d1-e353-4b83-9c8a-b04a40b588dc/datanode-1/data/containers] WARN  fs.CachingGetSpaceUsed (CachingGetSpaceUsed.java:run(183)) - Thread Interrupted waiting to refresh disk information: sleep interrupted
2019-11-14 13:21:39,884 [ForkJoinPool.commonPool-worker-0] INFO  utils.BackgroundService (BackgroundService.java:shutdown(151)) - Shutting down service BlockDeletingService
2019-11-14 13:21:39,884 [main] INFO  utils.BackgroundService (BackgroundService.java:shutdown(151)) - Shutting down service BlockDeletingService
2019-11-14 13:21:39,890 [ForkJoinPool.commonPool-worker-0] INFO  statemachine.DatanodeStateMachine (DatanodeStateMachine.java:stopDaemon(395)) - Ozone container server stopped.
2019-11-14 13:21:39,891 [main] INFO  statemachine.DatanodeStateMachine (DatanodeStateMachine.java:stopDaemon(395)) - Ozone container server stopped.
2019-11-14 13:21:39,895 [main] INFO  handler.ContextHandler (ContextHandler.java:doStop(910)) - Stopped o.e.j.w.WebAppContext@3b4825f0{/,null,UNAVAILABLE}{/hddsDatanode}
2019-11-14 13:21:39,895 [ForkJoinPool.commonPool-worker-0] INFO  handler.ContextHandler (ContextHandler.java:doStop(910)) - Stopped o.e.j.w.WebAppContext@f3560d4{/,null,UNAVAILABLE}{/hddsDatanode}
2019-11-14 13:21:39,895 [main] INFO  server.AbstractConnector (AbstractConnector.java:doStop(318)) - Stopped ServerConnector@40ac6b76{HTTP/1.1,[http/1.1]}{0.0.0.0:0}
2019-11-14 13:21:39,895 [ForkJoinPool.commonPool-worker-0] INFO  server.AbstractConnector (AbstractConnector.java:doStop(318)) - Stopped ServerConnector@3ba3d4b6{HTTP/1.1,[http/1.1]}{0.0.0.0:0}
2019-11-14 13:21:39,896 [main] INFO  handler.ContextHandler (ContextHandler.java:doStop(910)) - Stopped o.e.j.s.ServletContextHandler@5a917723{/static,jar:file:/home/user/.m2/repository/org/apache/hadoop/hadoop-hdds-container-service/0.5.0-SNAPSHOT/hadoop-hdds-container-service-0.5.0-SNAPSHOT.jar!/webapps/static,UNAVAILABLE}
2019-11-14 13:21:39,897 [main] INFO  handler.ContextHandler (ContextHandler.java:doStop(910)) - Stopped o.e.j.s.ServletContextHandler@6d6d480c{/logs,file:///workdir/hadoop-ozone/integration-test/target/log,UNAVAILABLE}
2019-11-14 13:21:39,897 [ForkJoinPool.commonPool-worker-0] INFO  handler.ContextHandler (ContextHandler.java:doStop(910)) - Stopped o.e.j.s.ServletContextHandler@1bf14704{/static,jar:file:/home/user/.m2/repository/org/apache/hadoop/hadoop-hdds-container-service/0.5.0-SNAPSHOT/hadoop-hdds-container-service-0.5.0-SNAPSHOT.jar!/webapps/static,UNAVAILABLE}
2019-11-14 13:21:39,898 [ForkJoinPool.commonPool-worker-0] INFO  handler.ContextHandler (ContextHandler.java:doStop(910)) - Stopped o.e.j.s.ServletContextHandler@58253c57{/logs,file:///workdir/hadoop-ozone/integration-test/target/log,UNAVAILABLE}
2019-11-14 13:21:39,986 [grpc-default-executor-3] WARN  server.GrpcLogAppender (LogUtils.java:warn(134)) - 158d2368-d5c4-46db-a1fd-e1a721205b7d@group-22A427C68145->da377692-8490-46fb-a58a-cb2c66593f0b-AppendLogResponseHandler: Failed appendEntries: org.apache.ratis.thirdparty.io.grpc.StatusRuntimeException: UNAVAILABLE: io exception
2019-11-14 13:21:39,987 [grpc-default-executor-3] INFO  impl.FollowerInfo (FollowerInfo.java:lambda$new$0(51)) - 158d2368-d5c4-46db-a1fd-e1a721205b7d@group-22A427C68145->da377692-8490-46fb-a58a-cb2c66593f0b: nextIndex: updateUnconditionally 0 -> 0
2019-11-14 13:21:40,307 [grpc-default-executor-6] WARN  server.GrpcLogAppender (LogUtils.java:warn(134)) - db5776da-04cc-407e-81f3-5cb046cdfc6e@group-273195CB3F54->7f745053-e99a-4882-8da4-f9f49fd4314d-AppendLogResponseHandler: Failed appendEntries: org.apache.ratis.thirdparty.io.grpc.StatusRuntimeException: UNAVAILABLE: io exception
2019-11-14 13:21:40,307 [grpc-default-executor-6] INFO  impl.FollowerInfo (FollowerInfo.java:lambda$new$0(51)) - db5776da-04cc-407e-81f3-5cb046cdfc6e@group-273195CB3F54->7f745053-e99a-4882-8da4-f9f49fd4314d: nextIndex: updateUnconditionally 0 -> 0
2019-11-14 13:21:40,487 [grpc-default-executor-3] WARN  server.GrpcLogAppender (LogUtils.java:warn(134)) - 158d2368-d5c4-46db-a1fd-e1a721205b7d@group-22A427C68145->da377692-8490-46fb-a58a-cb2c66593f0b-AppendLogResponseHandler: Failed appendEntries: org.apache.ratis.thirdparty.io.grpc.StatusRuntimeException: UNAVAILABLE: io exception
2019-11-14 13:21:40,487 [grpc-default-executor-3] INFO  impl.FollowerInfo (FollowerInfo.java:lambda$new$0(51)) - 158d2368-d5c4-46db-a1fd-e1a721205b7d@group-22A427C68145->da377692-8490-46fb-a58a-cb2c66593f0b: nextIndex: updateUnconditionally 0 -> 0
2019-11-14 13:21:40,715 [Datanode State Machine Thread - 0] INFO  statemachine.DatanodeStateMachine (DatanodeStateMachine.java:lambda$startDaemon$0(350)) - Ozone container server started.
2019-11-14 13:21:40,777 [Datanode State Machine Thread - 0] INFO  statemachine.DatanodeStateMachine (DatanodeStateMachine.java:lambda$startDaemon$0(350)) - Ozone container server started.
2019-11-14 13:21:40,807 [grpc-default-executor-4] WARN  server.GrpcLogAppender (LogUtils.java:warn(134)) - db5776da-04cc-407e-81f3-5cb046cdfc6e@group-273195CB3F54->7f745053-e99a-4882-8da4-f9f49fd4314d-AppendLogResponseHandler: Failed appendEntries: org.apache.ratis.thirdparty.io.grpc.StatusRuntimeException: UNAVAILABLE: io exception
2019-11-14 13:21:40,808 [grpc-default-executor-4] INFO  impl.FollowerInfo (FollowerInfo.java:lambda$new$0(51)) - db5776da-04cc-407e-81f3-5cb046cdfc6e@group-273195CB3F54->7f745053-e99a-4882-8da4-f9f49fd4314d: nextIndex: updateUnconditionally 0 -> 0
2019-11-14 13:21:40,988 [grpc-default-executor-3] WARN  server.GrpcLogAppender (LogUtils.java:warn(134)) - 158d2368-d5c4-46db-a1fd-e1a721205b7d@group-22A427C68145->da377692-8490-46fb-a58a-cb2c66593f0b-AppendLogResponseHandler: Failed appendEntries: org.apache.ratis.thirdparty.io.grpc.StatusRuntimeException: UNAVAILABLE: io exception
2019-11-14 13:21:40,988 [grpc-default-executor-3] INFO  impl.FollowerInfo (FollowerInfo.java:lambda$new$0(51)) - 158d2368-d5c4-46db-a1fd-e1a721205b7d@group-22A427C68145->da377692-8490-46fb-a58a-cb2c66593f0b: nextIndex: updateUnconditionally 0 -> 0
2019-11-14 13:21:41,309 [grpc-default-executor-4] WARN  server.GrpcLogAppender (LogUtils.java:warn(134)) - db5776da-04cc-407e-81f3-5cb046cdfc6e@group-273195CB3F54->7f745053-e99a-4882-8da4-f9f49fd4314d-AppendLogResponseHandler: Failed appendEntries: org.apache.ratis.thirdparty.io.grpc.StatusRuntimeException: UNAVAILABLE: io exception
2019-11-14 13:21:41,309 [grpc-default-executor-4] INFO  impl.FollowerInfo (FollowerInfo.java:lambda$new$0(51)) - db5776da-04cc-407e-81f3-5cb046cdfc6e@group-273195CB3F54->7f745053-e99a-4882-8da4-f9f49fd4314d: nextIndex: updateUnconditionally 0 -> 0
2019-11-14 13:21:41,489 [grpc-default-executor-6] WARN  server.GrpcLogAppender (LogUtils.java:warn(134)) - 158d2368-d5c4-46db-a1fd-e1a721205b7d@group-22A427C68145->da377692-8490-46fb-a58a-cb2c66593f0b-AppendLogResponseHandler: Failed appendEntries: org.apache.ratis.thirdparty.io.grpc.StatusRuntimeException: UNAVAILABLE: io exception
2019-11-14 13:21:41,489 [grpc-default-executor-6] INFO  impl.FollowerInfo (FollowerInfo.java:lambda$new$0(51)) - 158d2368-d5c4-46db-a1fd-e1a721205b7d@group-22A427C68145->da377692-8490-46fb-a58a-cb2c66593f0b: nextIndex: updateUnconditionally 0 -> 0
2019-11-14 13:21:41,810 [grpc-default-executor-3] WARN  server.GrpcLogAppender (LogUtils.java:warn(134)) - db5776da-04cc-407e-81f3-5cb046cdfc6e@group-273195CB3F54->7f745053-e99a-4882-8da4-f9f49fd4314d-AppendLogResponseHandler: Failed appendEntries: org.apache.ratis.thirdparty.io.grpc.StatusRuntimeException: UNAVAILABLE: io exception
2019-11-14 13:21:41,810 [grpc-default-executor-3] INFO  impl.FollowerInfo (FollowerInfo.java:lambda$new$0(51)) - db5776da-04cc-407e-81f3-5cb046cdfc6e@group-273195CB3F54->7f745053-e99a-4882-8da4-f9f49fd4314d: nextIndex: updateUnconditionally 0 -> 0
2019-11-14 13:21:41,990 [grpc-default-executor-6] WARN  server.GrpcLogAppender (LogUtils.java:warn(134)) - 158d2368-d5c4-46db-a1fd-e1a721205b7d@group-22A427C68145->da377692-8490-46fb-a58a-cb2c66593f0b-AppendLogResponseHandler: Failed appendEntries: org.apache.ratis.thirdparty.io.grpc.StatusRuntimeException: UNAVAILABLE: io exception
2019-11-14 13:21:41,991 [grpc-default-executor-6] INFO  impl.FollowerInfo (FollowerInfo.java:lambda$new$0(51)) - 158d2368-d5c4-46db-a1fd-e1a721205b7d@group-22A427C68145->da377692-8490-46fb-a58a-cb2c66593f0b: nextIndex: updateUnconditionally 0 -> 0
2019-11-14 13:21:42,311 [grpc-default-executor-6] WARN  server.GrpcLogAppender (LogUtils.java:warn(134)) - db5776da-04cc-407e-81f3-5cb046cdfc6e@group-273195CB3F54->7f745053-e99a-4882-8da4-f9f49fd4314d-AppendLogResponseHandler: Failed appendEntries: org.apache.ratis.thirdparty.io.grpc.StatusRuntimeException: UNAVAILABLE: io exception
2019-11-14 13:21:42,311 [grpc-default-executor-6] INFO  impl.FollowerInfo (FollowerInfo.java:lambda$new$0(51)) - db5776da-04cc-407e-81f3-5cb046cdfc6e@group-273195CB3F54->7f745053-e99a-4882-8da4-f9f49fd4314d: nextIndex: updateUnconditionally 0 -> 0
2019-11-14 13:21:42,492 [grpc-default-executor-6] WARN  server.GrpcLogAppender (LogUtils.java:warn(134)) - 158d2368-d5c4-46db-a1fd-e1a721205b7d@group-22A427C68145->da377692-8490-46fb-a58a-cb2c66593f0b-AppendLogResponseHandler: Failed appendEntries: org.apache.ratis.thirdparty.io.grpc.StatusRuntimeException: UNAVAILABLE: io exception
2019-11-14 13:21:42,493 [grpc-default-executor-6] INFO  impl.FollowerInfo (FollowerInfo.java:lambda$new$0(51)) - 158d2368-d5c4-46db-a1fd-e1a721205b7d@group-22A427C68145->da377692-8490-46fb-a58a-cb2c66593f0b: nextIndex: updateUnconditionally 0 -> 0
2019-11-14 13:21:42,813 [grpc-default-executor-6] WARN  server.GrpcLogAppender (LogUtils.java:warn(134)) - db5776da-04cc-407e-81f3-5cb046cdfc6e@group-273195CB3F54->7f745053-e99a-4882-8da4-f9f49fd4314d-AppendLogResponseHandler: Failed appendEntries: org.apache.ratis.thirdparty.io.grpc.StatusRuntimeException: UNAVAILABLE: io exception
2019-11-14 13:21:42,813 [grpc-default-executor-6] INFO  impl.FollowerInfo (FollowerInfo.java:lambda$new$0(51)) - db5776da-04cc-407e-81f3-5cb046cdfc6e@group-273195CB3F54->7f745053-e99a-4882-8da4-f9f49fd4314d: nextIndex: updateUnconditionally 0 -> 0
2019-11-14 13:21:42,993 [grpc-default-executor-6] WARN  server.GrpcLogAppender (LogUtils.java:warn(134)) - 158d2368-d5c4-46db-a1fd-e1a721205b7d@group-22A427C68145->da377692-8490-46fb-a58a-cb2c66593f0b-AppendLogResponseHandler: Failed appendEntries: org.apache.ratis.thirdparty.io.grpc.StatusRuntimeException: UNAVAILABLE: io exception
2019-11-14 13:21:42,993 [grpc-default-executor-6] INFO  impl.FollowerInfo (FollowerInfo.java:lambda$new$0(51)) - 158d2368-d5c4-46db-a1fd-e1a721205b7d@group-22A427C68145->da377692-8490-46fb-a58a-cb2c66593f0b: nextIndex: updateUnconditionally 0 -> 0
2019-11-14 13:21:43,316 [grpc-default-executor-6] WARN  server.GrpcLogAppender (LogUtils.java:warn(134)) - db5776da-04cc-407e-81f3-5cb046cdfc6e@group-273195CB3F54->7f745053-e99a-4882-8da4-f9f49fd4314d-AppendLogResponseHandler: Failed appendEntries: org.apache.ratis.thirdparty.io.grpc.StatusRuntimeException: UNAVAILABLE: io exception
2019-11-14 13:21:43,317 [grpc-default-executor-6] INFO  impl.FollowerInfo (FollowerInfo.java:lambda$new$0(51)) - db5776da-04cc-407e-81f3-5cb046cdfc6e@group-273195CB3F54->7f745053-e99a-4882-8da4-f9f49fd4314d: nextIndex: updateUnconditionally 0 -> 0
2019-11-14 13:21:43,494 [grpc-default-executor-6] WARN  server.GrpcLogAppender (LogUtils.java:warn(134)) - 158d2368-d5c4-46db-a1fd-e1a721205b7d@group-22A427C68145->da377692-8490-46fb-a58a-cb2c66593f0b-AppendLogResponseHandler: Failed appendEntries: org.apache.ratis.thirdparty.io.grpc.StatusRuntimeException: UNAVAILABLE: io exception
2019-11-14 13:21:43,495 [grpc-default-executor-6] INFO  impl.FollowerInfo (FollowerInfo.java:lambda$new$0(51)) - 158d2368-d5c4-46db-a1fd-e1a721205b7d@group-22A427C68145->da377692-8490-46fb-a58a-cb2c66593f0b: nextIndex: updateUnconditionally 0 -> 0
2019-11-14 13:21:43,816 [grpc-default-executor-4] WARN  server.GrpcLogAppender (LogUtils.java:warn(134)) - db5776da-04cc-407e-81f3-5cb046cdfc6e@group-273195CB3F54->7f745053-e99a-4882-8da4-f9f49fd4314d-AppendLogResponseHandler: Failed appendEntries: org.apache.ratis.thirdparty.io.grpc.StatusRuntimeException: UNAVAILABLE: io exception
2019-11-14 13:21:43,816 [grpc-default-executor-4] INFO  impl.FollowerInfo (FollowerInfo.java:lambda$new$0(51)) - db5776da-04cc-407e-81f3-5cb046cdfc6e@group-273195CB3F54->7f745053-e99a-4882-8da4-f9f49fd4314d: nextIndex: updateUnconditionally 0 -> 0
2019-11-14 13:21:43,996 [grpc-default-executor-4] WARN  server.GrpcLogAppender (LogUtils.java:warn(134)) - 158d2368-d5c4-46db-a1fd-e1a721205b7d@group-22A427C68145->da377692-8490-46fb-a58a-cb2c66593f0b-AppendLogResponseHandler: Failed appendEntries: org.apache.ratis.thirdparty.io.grpc.StatusRuntimeException: UNAVAILABLE: io exception
2019-11-14 13:21:43,996 [grpc-default-executor-4] INFO  impl.FollowerInfo (FollowerInfo.java:lambda$new$0(51)) - 158d2368-d5c4-46db-a1fd-e1a721205b7d@group-22A427C68145->da377692-8490-46fb-a58a-cb2c66593f0b: nextIndex: updateUnconditionally 0 -> 0
2019-11-14 13:21:44,318 [grpc-default-executor-4] WARN  server.GrpcLogAppender (LogUtils.java:warn(134)) - db5776da-04cc-407e-81f3-5cb046cdfc6e@group-273195CB3F54->7f745053-e99a-4882-8da4-f9f49fd4314d-AppendLogResponseHandler: Failed appendEntries: org.apache.ratis.thirdparty.io.grpc.StatusRuntimeException: UNAVAILABLE: io exception
2019-11-14 13:21:44,318 [grpc-default-executor-4] INFO  impl.FollowerInfo (FollowerInfo.java:lambda$new$0(51)) - db5776da-04cc-407e-81f3-5cb046cdfc6e@group-273195CB3F54->7f745053-e99a-4882-8da4-f9f49fd4314d: nextIndex: updateUnconditionally 0 -> 0
2019-11-14 13:21:44,496 [grpc-default-executor-4] WARN  server.GrpcLogAppender (LogUtils.java:warn(134)) - 158d2368-d5c4-46db-a1fd-e1a721205b7d@group-22A427C68145->da377692-8490-46fb-a58a-cb2c66593f0b-AppendLogResponseHandler: Failed appendEntries: org.apache.ratis.thirdparty.io.grpc.StatusRuntimeException: UNAVAILABLE: io exception
2019-11-14 13:21:44,496 [grpc-default-executor-4] INFO  impl.FollowerInfo (FollowerInfo.java:lambda$new$0(51)) - 158d2368-d5c4-46db-a1fd-e1a721205b7d@group-22A427C68145->da377692-8490-46fb-a58a-cb2c66593f0b: nextIndex: updateUnconditionally 0 -> 0
2019-11-14 13:21:44,818 [grpc-default-executor-4] WARN  server.GrpcLogAppender (LogUtils.java:warn(134)) - db5776da-04cc-407e-81f3-5cb046cdfc6e@group-273195CB3F54->7f745053-e99a-4882-8da4-f9f49fd4314d-AppendLogResponseHandler: Failed appendEntries: org.apache.ratis.thirdparty.io.grpc.StatusRuntimeException: UNAVAILABLE: io exception
2019-11-14 13:21:44,819 [grpc-default-executor-4] INFO  impl.FollowerInfo (FollowerInfo.java:lambda$new$0(51)) - db5776da-04cc-407e-81f3-5cb046cdfc6e@group-273195CB3F54->7f745053-e99a-4882-8da4-f9f49fd4314d: nextIndex: updateUnconditionally 0 -> 0
2019-11-14 13:21:44,900 [ForkJoinPool.commonPool-worker-0] INFO  ozoneimpl.OzoneContainer (OzoneContainer.java:stop(244)) - Attempting to stop container services.
2019-11-14 13:21:44,900 [main] INFO  ozoneimpl.OzoneContainer (OzoneContainer.java:stop(244)) - Attempting to stop container services.
2019-11-14 13:21:44,901 [ForkJoinPool.commonPool-worker-0] INFO  impl.RaftServerProxy (RaftServerProxy.java:lambda$close$4(314)) - c5f0853d-db97-466f-95ef-4b66df91fd94: close
2019-11-14 13:21:44,901 [main] INFO  impl.RaftServerProxy (RaftServerProxy.java:lambda$close$4(314)) - 5254e235-0009-400e-8b7c-46acf791df30: close
2019-11-14 13:21:44,901 [ForkJoinPool.commonPool-worker-0] INFO  impl.RaftServerImpl (RaftServerImpl.java:lambda$shutdown$3(250)) - c5f0853d-db97-466f-95ef-4b66df91fd94@group-22A427C68145: shutdown
2019-11-14 13:21:44,901 [main] INFO  impl.RaftServerImpl (RaftServerImpl.java:lambda$shutdown$3(250)) - 5254e235-0009-400e-8b7c-46acf791df30@group-755D94819D8B: shutdown
2019-11-14 13:21:44,902 [ForkJoinPool.commonPool-worker-0] INFO  util.JmxRegister (JmxRegister.java:unregister(73)) - Successfully un-registered JMX Bean with object name Ratis:service=RaftServer,group=group-22A427C68145,id=c5f0853d-db97-466f-95ef-4b66df91fd94
2019-11-14 13:21:44,902 [main] INFO  util.JmxRegister (JmxRegister.java:unregister(73)) - Successfully un-registered JMX Bean with object name Ratis:service=RaftServer,group=group-755D94819D8B,id=5254e235-0009-400e-8b7c-46acf791df30
2019-11-14 13:21:44,902 [ForkJoinPool.commonPool-worker-0] INFO  impl.RoleInfo (RoleInfo.java:shutdownFollowerState(121)) - c5f0853d-db97-466f-95ef-4b66df91fd94: shutdown FollowerState
2019-11-14 13:21:44,902 [main] INFO  impl.RoleInfo (RoleInfo.java:shutdownLeaderState(104)) - 5254e235-0009-400e-8b7c-46acf791df30: shutdown LeaderState
2019-11-14 13:21:44,902 [Thread-1367] INFO  impl.FollowerState (FollowerState.java:run(120)) - c5f0853d-db97-466f-95ef-4b66df91fd94@group-22A427C68145-FollowerState was interrupted: java.lang.InterruptedException: sleep interrupted
2019-11-14 13:21:44,902 [ForkJoinPool.commonPool-worker-0] INFO  impl.StateMachineUpdater (StateMachineUpdater.java:stopAndJoin(136)) - c5f0853d-db97-466f-95ef-4b66df91fd94@group-22A427C68145-StateMachineUpdater: set stopIndex = 0
2019-11-14 13:21:44,902 [main] INFO  impl.PendingRequests (PendingRequests.java:sendNotLeaderResponses(206)) - 5254e235-0009-400e-8b7c-46acf791df30@group-755D94819D8B-PendingRequests: sendNotLeaderResponses
2019-11-14 13:21:44,904 [ForkJoinPool.commonPool-worker-0] INFO  impl.RaftServerImpl (ServerState.java:close(387)) - c5f0853d-db97-466f-95ef-4b66df91fd94@group-22A427C68145: closes. applyIndex: 0
2019-11-14 13:21:44,904 [main] INFO  impl.StateMachineUpdater (StateMachineUpdater.java:stopAndJoin(136)) - 5254e235-0009-400e-8b7c-46acf791df30@group-755D94819D8B-StateMachineUpdater: set stopIndex = 0
2019-11-14 13:21:44,905 [c5f0853d-db97-466f-95ef-4b66df91fd94@group-22A427C68145-SegmentedRaftLogWorker] INFO  segmented.SegmentedRaftLogWorker (SegmentedRaftLogWorker.java:run(316)) - c5f0853d-db97-466f-95ef-4b66df91fd94@group-22A427C68145-SegmentedRaftLogWorker was interrupted, exiting. There are 0 tasks remaining in the queue.
2019-11-14 13:21:44,905 [main] INFO  impl.RaftServerImpl (ServerState.java:close(387)) - 5254e235-0009-400e-8b7c-46acf791df30@group-755D94819D8B: closes. applyIndex: 0
2019-11-14 13:21:44,906 [ForkJoinPool.commonPool-worker-0] INFO  segmented.SegmentedRaftLogWorker (SegmentedRaftLogWorker.java:close(224)) - c5f0853d-db97-466f-95ef-4b66df91fd94@group-22A427C68145-SegmentedRaftLogWorker close()
2019-11-14 13:21:44,906 [5254e235-0009-400e-8b7c-46acf791df30@group-755D94819D8B-SegmentedRaftLogWorker] INFO  segmented.SegmentedRaftLogWorker (SegmentedRaftLogWorker.java:run(316)) - 5254e235-0009-400e-8b7c-46acf791df30@group-755D94819D8B-SegmentedRaftLogWorker was interrupted, exiting. There are 0 tasks remaining in the queue.
2019-11-14 13:21:44,907 [ForkJoinPool.commonPool-worker-0] INFO  impl.RaftServerImpl (RaftServerImpl.java:lambda$shutdown$3(250)) - c5f0853d-db97-466f-95ef-4b66df91fd94@group-0914ED8CB0E7: shutdown
2019-11-14 13:21:44,908 [ForkJoinPool.commonPool-worker-0] INFO  util.JmxRegister (JmxRegister.java:unregister(73)) - Successfully un-registered JMX Bean with object name Ratis:service=RaftServer,group=group-0914ED8CB0E7,id=c5f0853d-db97-466f-95ef-4b66df91fd94
2019-11-14 13:21:44,908 [ForkJoinPool.commonPool-worker-0] INFO  impl.RoleInfo (RoleInfo.java:shutdownLeaderState(104)) - c5f0853d-db97-466f-95ef-4b66df91fd94: shutdown LeaderState
2019-11-14 13:21:44,909 [ForkJoinPool.commonPool-worker-0] INFO  impl.PendingRequests (PendingRequests.java:sendNotLeaderResponses(206)) - c5f0853d-db97-466f-95ef-4b66df91fd94@group-0914ED8CB0E7-PendingRequests: sendNotLeaderResponses
2019-11-14 13:21:44,909 [ForkJoinPool.commonPool-worker-0] INFO  impl.StateMachineUpdater (StateMachineUpdater.java:stopAndJoin(136)) - c5f0853d-db97-466f-95ef-4b66df91fd94@group-0914ED8CB0E7-StateMachineUpdater: set stopIndex = 0
2019-11-14 13:21:44,909 [ForkJoinPool.commonPool-worker-0] INFO  impl.RaftServerImpl (ServerState.java:close(387)) - c5f0853d-db97-466f-95ef-4b66df91fd94@group-0914ED8CB0E7: closes. applyIndex: 0
2019-11-14 13:21:44,909 [c5f0853d-db97-466f-95ef-4b66df91fd94@group-0914ED8CB0E7-SegmentedRaftLogWorker] INFO  segmented.SegmentedRaftLogWorker (SegmentedRaftLogWorker.java:run(316)) - c5f0853d-db97-466f-95ef-4b66df91fd94@group-0914ED8CB0E7-SegmentedRaftLogWorker was interrupted, exiting. There are 0 tasks remaining in the queue.
2019-11-14 13:21:44,917 [main] INFO  segmented.SegmentedRaftLogWorker (SegmentedRaftLogWorker.java:close(224)) - 5254e235-0009-400e-8b7c-46acf791df30@group-755D94819D8B-SegmentedRaftLogWorker close()
2019-11-14 13:21:44,917 [ForkJoinPool.commonPool-worker-0] INFO  segmented.SegmentedRaftLogWorker (SegmentedRaftLogWorker.java:close(224)) - c5f0853d-db97-466f-95ef-4b66df91fd94@group-0914ED8CB0E7-SegmentedRaftLogWorker close()
2019-11-14 13:21:44,918 [main] INFO  impl.RaftServerImpl (RaftServerImpl.java:lambda$shutdown$3(250)) - 5254e235-0009-400e-8b7c-46acf791df30@group-273195CB3F54: shutdown
2019-11-14 13:21:44,919 [ForkJoinPool.commonPool-worker-0] INFO  server.GrpcService (GrpcService.java:closeImpl(164)) - c5f0853d-db97-466f-95ef-4b66df91fd94: shutdown server with port 44160 now
2019-11-14 13:21:44,919 [main] INFO  util.JmxRegister (JmxRegister.java:unregister(73)) - Successfully un-registered JMX Bean with object name Ratis:service=RaftServer,group=group-273195CB3F54,id=5254e235-0009-400e-8b7c-46acf791df30
2019-11-14 13:21:44,920 [main] INFO  impl.RoleInfo (RoleInfo.java:shutdownFollowerState(121)) - 5254e235-0009-400e-8b7c-46acf791df30: shutdown FollowerState
2019-11-14 13:21:44,920 [main] INFO  impl.StateMachineUpdater (StateMachineUpdater.java:stopAndJoin(136)) - 5254e235-0009-400e-8b7c-46acf791df30@group-273195CB3F54-StateMachineUpdater: set stopIndex = 0
2019-11-14 13:21:44,920 [main] INFO  impl.RaftServerImpl (ServerState.java:close(387)) - 5254e235-0009-400e-8b7c-46acf791df30@group-273195CB3F54: closes. applyIndex: 0
2019-11-14 13:21:44,920 [Thread-1386] INFO  impl.FollowerState (FollowerState.java:run(120)) - 5254e235-0009-400e-8b7c-46acf791df30@group-273195CB3F54-FollowerState was interrupted: java.lang.InterruptedException: sleep interrupted
2019-11-14 13:21:44,920 [5254e235-0009-400e-8b7c-46acf791df30@group-273195CB3F54-SegmentedRaftLogWorker] INFO  segmented.SegmentedRaftLogWorker (SegmentedRaftLogWorker.java:run(316)) - 5254e235-0009-400e-8b7c-46acf791df30@group-273195CB3F54-SegmentedRaftLogWorker was interrupted, exiting. There are 0 tasks remaining in the queue.
2019-11-14 13:21:44,923 [main] INFO  segmented.SegmentedRaftLogWorker (SegmentedRaftLogWorker.java:close(224)) - 5254e235-0009-400e-8b7c-46acf791df30@group-273195CB3F54-SegmentedRaftLogWorker close()
2019-11-14 13:21:44,924 [main] INFO  server.GrpcService (GrpcService.java:closeImpl(164)) - 5254e235-0009-400e-8b7c-46acf791df30: shutdown server with port 44317 now
2019-11-14 13:21:44,924 [grpc-default-executor-4] WARN  server.GrpcLogAppender (LogUtils.java:warn(134)) - 158d2368-d5c4-46db-a1fd-e1a721205b7d@group-22A427C68145->c5f0853d-db97-466f-95ef-4b66df91fd94-AppendLogResponseHandler: Failed appendEntries: org.apache.ratis.thirdparty.io.grpc.StatusRuntimeException: CANCELLED: HTTP/2 error code: CANCEL
Received Rst Stream
2019-11-14 13:21:44,925 [ForkJoinPool.commonPool-worker-0] INFO  server.GrpcService (GrpcService.java:closeImpl(172)) - c5f0853d-db97-466f-95ef-4b66df91fd94: shutdown server with port 44160 successfully
2019-11-14 13:21:44,925 [grpc-default-executor-4] INFO  impl.FollowerInfo (FollowerInfo.java:lambda$new$0(51)) - 158d2368-d5c4-46db-a1fd-e1a721205b7d@group-22A427C68145->c5f0853d-db97-466f-95ef-4b66df91fd94: nextIndex: updateUnconditionally 1 -> 0
2019-11-14 13:21:44,924 [grpc-default-executor-6] WARN  server.GrpcServerProtocolService (LogUtils.java:warn(134)) - c5f0853d-db97-466f-95ef-4b66df91fd94: installSnapshot onError, lastRequest: 158d2368-d5c4-46db-a1fd-e1a721205b7d->c5f0853d-db97-466f-95ef-4b66df91fd94#20-t1, previous=(t:1, i:0), leaderCommit=0, initializing? false, entries: <empty>: org.apache.ratis.thirdparty.io.grpc.StatusRuntimeException: CANCELLED: cancelled before receiving half close
2019-11-14 13:21:44,925 [main] INFO  server.GrpcService (GrpcService.java:closeImpl(172)) - 5254e235-0009-400e-8b7c-46acf791df30: shutdown server with port 44317 successfully
2019-11-14 13:21:44,925 [grpc-default-executor-4] WARN  server.GrpcLogAppender (LogUtils.java:warn(134)) - db5776da-04cc-407e-81f3-5cb046cdfc6e@group-273195CB3F54->5254e235-0009-400e-8b7c-46acf791df30-AppendLogResponseHandler: Failed appendEntries: org.apache.ratis.thirdparty.io.grpc.StatusRuntimeException: CANCELLED: HTTP/2 error code: CANCEL
Received Rst Stream
2019-11-14 13:21:44,925 [grpc-default-executor-7] WARN  server.GrpcServerProtocolService (LogUtils.java:warn(134)) - 5254e235-0009-400e-8b7c-46acf791df30: installSnapshot onError, lastRequest: db5776da-04cc-407e-81f3-5cb046cdfc6e->5254e235-0009-400e-8b7c-46acf791df30#20-t1, previous=(t:1, i:0), leaderCommit=0, initializing? false, entries: <empty>: org.apache.ratis.thirdparty.io.grpc.StatusRuntimeException: CANCELLED: cancelled before receiving half close
2019-11-14 13:21:44,926 [grpc-default-executor-4] INFO  impl.FollowerInfo (FollowerInfo.java:lambda$new$0(51)) - db5776da-04cc-407e-81f3-5cb046cdfc6e@group-273195CB3F54->5254e235-0009-400e-8b7c-46acf791df30: nextIndex: updateUnconditionally 1 -> 0
2019-11-14 13:21:44,927 [refreshUsed-/workdir/hadoop-ozone/integration-test/target/test-dir/MiniOzoneClusterImpl-3e7318d1-e353-4b83-9c8a-b04a40b588dc/datanode-2/data/containers] WARN  fs.CachingGetSpaceUsed (CachingGetSpaceUsed.java:run(183)) - Thread Interrupted waiting to refresh disk information: sleep interrupted
2019-11-14 13:21:44,929 [refreshUsed-/workdir/hadoop-ozone/integration-test/target/test-dir/MiniOzoneClusterImpl-3e7318d1-e353-4b83-9c8a-b04a40b588dc/datanode-5/data/containers] WARN  fs.CachingGetSpaceUsed (CachingGetSpaceUsed.java:run(183)) - Thread Interrupted waiting to refresh disk information: sleep interrupted
2019-11-14 13:21:44,950 [ForkJoinPool.commonPool-worker-0] INFO  utils.BackgroundService (BackgroundService.java:shutdown(151)) - Shutting down service BlockDeletingService
2019-11-14 13:21:44,953 [ForkJoinPool.commonPool-worker-0] INFO  statemachine.DatanodeStateMachine (DatanodeStateMachine.java:stopDaemon(395)) - Ozone container server stopped.
2019-11-14 13:21:44,956 [main] INFO  utils.BackgroundService (BackgroundService.java:shutdown(151)) - Shutting down service BlockDeletingService
2019-11-14 13:21:44,957 [ForkJoinPool.commonPool-worker-0] INFO  handler.ContextHandler (ContextHandler.java:doStop(910)) - Stopped o.e.j.w.WebAppContext@152c4495{/,null,UNAVAILABLE}{/hddsDatanode}
2019-11-14 13:21:44,959 [main] INFO  statemachine.DatanodeStateMachine (DatanodeStateMachine.java:stopDaemon(395)) - Ozone container server stopped.
2019-11-14 13:21:44,960 [ForkJoinPool.commonPool-worker-0] INFO  server.AbstractConnector (AbstractConnector.java:doStop(318)) - Stopped ServerConnector@5ec1963c{HTTP/1.1,[http/1.1]}{0.0.0.0:0}
2019-11-14 13:21:44,964 [ForkJoinPool.commonPool-worker-0] INFO  handler.ContextHandler (ContextHandler.java:doStop(910)) - Stopped o.e.j.s.ServletContextHandler@2c63762b{/static,jar:file:/home/user/.m2/repository/org/apache/hadoop/hadoop-hdds-container-service/0.5.0-SNAPSHOT/hadoop-hdds-container-service-0.5.0-SNAPSHOT.jar!/webapps/static,UNAVAILABLE}
2019-11-14 13:21:44,965 [main] INFO  handler.ContextHandler (ContextHandler.java:doStop(910)) - Stopped o.e.j.w.WebAppContext@de81be1{/,null,UNAVAILABLE}{/hddsDatanode}
2019-11-14 13:21:44,965 [ForkJoinPool.commonPool-worker-0] INFO  handler.ContextHandler (ContextHandler.java:doStop(910)) - Stopped o.e.j.s.ServletContextHandler@4bdf{/logs,file:///workdir/hadoop-ozone/integration-test/target/log,UNAVAILABLE}
2019-11-14 13:21:44,965 [main] INFO  server.AbstractConnector (AbstractConnector.java:doStop(318)) - Stopped ServerConnector@342e690b{HTTP/1.1,[http/1.1]}{0.0.0.0:0}
2019-11-14 13:21:44,966 [main] INFO  handler.ContextHandler (ContextHandler.java:doStop(910)) - Stopped o.e.j.s.ServletContextHandler@6723610b{/static,jar:file:/home/user/.m2/repository/org/apache/hadoop/hadoop-hdds-container-service/0.5.0-SNAPSHOT/hadoop-hdds-container-service-0.5.0-SNAPSHOT.jar!/webapps/static,UNAVAILABLE}
2019-11-14 13:21:44,966 [main] INFO  handler.ContextHandler (ContextHandler.java:doStop(910)) - Stopped o.e.j.s.ServletContextHandler@22d322f5{/logs,file:///workdir/hadoop-ozone/integration-test/target/log,UNAVAILABLE}
2019-11-14 13:21:44,997 [grpc-default-executor-7] WARN  server.GrpcLogAppender (LogUtils.java:warn(134)) - 158d2368-d5c4-46db-a1fd-e1a721205b7d@group-22A427C68145->da377692-8490-46fb-a58a-cb2c66593f0b-AppendLogResponseHandler: Failed appendEntries: org.apache.ratis.thirdparty.io.grpc.StatusRuntimeException: UNAVAILABLE: io exception
2019-11-14 13:21:44,997 [grpc-default-executor-7] INFO  impl.FollowerInfo (FollowerInfo.java:lambda$new$0(51)) - 158d2368-d5c4-46db-a1fd-e1a721205b7d@group-22A427C68145->da377692-8490-46fb-a58a-cb2c66593f0b: nextIndex: updateUnconditionally 0 -> 0
2019-11-14 13:21:45,008 [grpc-default-executor-4] WARN  server.GrpcLogAppender (LogUtils.java:warn(134)) - 158d2368-d5c4-46db-a1fd-e1a721205b7d@group-22A427C68145->c5f0853d-db97-466f-95ef-4b66df91fd94-AppendLogResponseHandler: Failed appendEntries: org.apache.ratis.thirdparty.io.grpc.StatusRuntimeException: UNAVAILABLE: io exception
2019-11-14 13:21:45,008 [grpc-default-executor-4] INFO  impl.FollowerInfo (FollowerInfo.java:lambda$new$0(51)) - 158d2368-d5c4-46db-a1fd-e1a721205b7d@group-22A427C68145->c5f0853d-db97-466f-95ef-4b66df91fd94: nextIndex: updateUnconditionally 0 -> 0
2019-11-14 13:21:45,165 [Datanode State Machine Thread - 0] INFO  statemachine.DatanodeStateMachine (DatanodeStateMachine.java:lambda$startDaemon$0(350)) - Ozone container server started.
2019-11-14 13:21:45,192 [Datanode State Machine Thread - 0] INFO  statemachine.DatanodeStateMachine (DatanodeStateMachine.java:lambda$startDaemon$0(350)) - Ozone container server started.
2019-11-14 13:21:45,319 [grpc-default-executor-4] WARN  server.GrpcLogAppender (LogUtils.java:warn(134)) - db5776da-04cc-407e-81f3-5cb046cdfc6e@group-273195CB3F54->7f745053-e99a-4882-8da4-f9f49fd4314d-AppendLogResponseHandler: Failed appendEntries: org.apache.ratis.thirdparty.io.grpc.StatusRuntimeException: UNAVAILABLE: io exception
2019-11-14 13:21:45,320 [grpc-default-executor-4] INFO  impl.FollowerInfo (FollowerInfo.java:lambda$new$0(51)) - db5776da-04cc-407e-81f3-5cb046cdfc6e@group-273195CB3F54->7f745053-e99a-4882-8da4-f9f49fd4314d: nextIndex: updateUnconditionally 0 -> 0
2019-11-14 13:21:45,328 [grpc-default-executor-4] WARN  server.GrpcLogAppender (LogUtils.java:warn(134)) - db5776da-04cc-407e-81f3-5cb046cdfc6e@group-273195CB3F54->5254e235-0009-400e-8b7c-46acf791df30-AppendLogResponseHandler: Failed appendEntries: org.apache.ratis.thirdparty.io.grpc.StatusRuntimeException: UNAVAILABLE: io exception
2019-11-14 13:21:45,328 [grpc-default-executor-4] INFO  impl.FollowerInfo (FollowerInfo.java:lambda$new$0(51)) - db5776da-04cc-407e-81f3-5cb046cdfc6e@group-273195CB3F54->5254e235-0009-400e-8b7c-46acf791df30: nextIndex: updateUnconditionally 0 -> 0
2019-11-14 13:21:45,498 [grpc-default-executor-7] WARN  server.GrpcLogAppender (LogUtils.java:warn(134)) - 158d2368-d5c4-46db-a1fd-e1a721205b7d@group-22A427C68145->da377692-8490-46fb-a58a-cb2c66593f0b-AppendLogResponseHandler: Failed appendEntries: org.apache.ratis.thirdparty.io.grpc.StatusRuntimeException: UNAVAILABLE: io exception
2019-11-14 13:21:45,498 [grpc-default-executor-7] INFO  impl.FollowerInfo (FollowerInfo.java:lambda$new$0(51)) - 158d2368-d5c4-46db-a1fd-e1a721205b7d@group-22A427C68145->da377692-8490-46fb-a58a-cb2c66593f0b: nextIndex: updateUnconditionally 0 -> 0
2019-11-14 13:21:45,509 [grpc-default-executor-6] WARN  server.GrpcLogAppender (LogUtils.java:warn(134)) - 158d2368-d5c4-46db-a1fd-e1a721205b7d@group-22A427C68145->c5f0853d-db97-466f-95ef-4b66df91fd94-AppendLogResponseHandler: Failed appendEntries: org.apache.ratis.thirdparty.io.grpc.StatusRuntimeException: UNAVAILABLE: io exception
2019-11-14 13:21:45,509 [grpc-default-executor-6] INFO  impl.FollowerInfo (FollowerInfo.java:lambda$new$0(51)) - 158d2368-d5c4-46db-a1fd-e1a721205b7d@group-22A427C68145->c5f0853d-db97-466f-95ef-4b66df91fd94: nextIndex: updateUnconditionally 0 -> 0
2019-11-14 13:21:45,819 [grpc-default-executor-4] WARN  server.GrpcLogAppender (LogUtils.java:warn(134)) - db5776da-04cc-407e-81f3-5cb046cdfc6e@group-273195CB3F54->7f745053-e99a-4882-8da4-f9f49fd4314d-AppendLogResponseHandler: Failed appendEntries: org.apache.ratis.thirdparty.io.grpc.StatusRuntimeException: UNAVAILABLE: io exception
2019-11-14 13:21:45,820 [grpc-default-executor-4] INFO  impl.FollowerInfo (FollowerInfo.java:lambda$new$0(51)) - db5776da-04cc-407e-81f3-5cb046cdfc6e@group-273195CB3F54->7f745053-e99a-4882-8da4-f9f49fd4314d: nextIndex: updateUnconditionally 0 -> 0
2019-11-14 13:21:45,828 [grpc-default-executor-7] WARN  server.GrpcLogAppender (LogUtils.java:warn(134)) - db5776da-04cc-407e-81f3-5cb046cdfc6e@group-273195CB3F54->5254e235-0009-400e-8b7c-46acf791df30-AppendLogResponseHandler: Failed appendEntries: org.apache.ratis.thirdparty.io.grpc.StatusRuntimeException: UNAVAILABLE: io exception
2019-11-14 13:21:45,829 [grpc-default-executor-7] INFO  impl.FollowerInfo (FollowerInfo.java:lambda$new$0(51)) - db5776da-04cc-407e-81f3-5cb046cdfc6e@group-273195CB3F54->5254e235-0009-400e-8b7c-46acf791df30: nextIndex: updateUnconditionally 0 -> 0
2019-11-14 13:21:45,998 [grpc-default-executor-7] WARN  server.GrpcLogAppender (LogUtils.java:warn(134)) - 158d2368-d5c4-46db-a1fd-e1a721205b7d@group-22A427C68145->da377692-8490-46fb-a58a-cb2c66593f0b-AppendLogResponseHandler: Failed appendEntries: org.apache.ratis.thirdparty.io.grpc.StatusRuntimeException: UNAVAILABLE: io exception
2019-11-14 13:21:45,998 [grpc-default-executor-7] INFO  impl.FollowerInfo (FollowerInfo.java:lambda$new$0(51)) - 158d2368-d5c4-46db-a1fd-e1a721205b7d@group-22A427C68145->da377692-8490-46fb-a58a-cb2c66593f0b: nextIndex: updateUnconditionally 0 -> 0
2019-11-14 13:21:46,009 [grpc-default-executor-6] WARN  server.GrpcLogAppender (LogUtils.java:warn(134)) - 158d2368-d5c4-46db-a1fd-e1a721205b7d@group-22A427C68145->c5f0853d-db97-466f-95ef-4b66df91fd94-AppendLogResponseHandler: Failed appendEntries: org.apache.ratis.thirdparty.io.grpc.StatusRuntimeException: UNAVAILABLE: io exception
2019-11-14 13:21:46,009 [grpc-default-executor-6] INFO  impl.FollowerInfo (FollowerInfo.java:lambda$new$0(51)) - 158d2368-d5c4-46db-a1fd-e1a721205b7d@group-22A427C68145->c5f0853d-db97-466f-95ef-4b66df91fd94: nextIndex: updateUnconditionally 0 -> 0
2019-11-14 13:21:46,321 [grpc-default-executor-7] WARN  server.GrpcLogAppender (LogUtils.java:warn(134)) - db5776da-04cc-407e-81f3-5cb046cdfc6e@group-273195CB3F54->7f745053-e99a-4882-8da4-f9f49fd4314d-AppendLogResponseHandler: Failed appendEntries: org.apache.ratis.thirdparty.io.grpc.StatusRuntimeException: UNAVAILABLE: io exception
2019-11-14 13:21:46,321 [grpc-default-executor-7] INFO  impl.FollowerInfo (FollowerInfo.java:lambda$new$0(51)) - db5776da-04cc-407e-81f3-5cb046cdfc6e@group-273195CB3F54->7f745053-e99a-4882-8da4-f9f49fd4314d: nextIndex: updateUnconditionally 0 -> 0
2019-11-14 13:21:46,329 [grpc-default-executor-7] WARN  server.GrpcLogAppender (LogUtils.java:warn(134)) - db5776da-04cc-407e-81f3-5cb046cdfc6e@group-273195CB3F54->5254e235-0009-400e-8b7c-46acf791df30-AppendLogResponseHandler: Failed appendEntries: org.apache.ratis.thirdparty.io.grpc.StatusRuntimeException: UNAVAILABLE: io exception
2019-11-14 13:21:46,330 [grpc-default-executor-7] INFO  impl.FollowerInfo (FollowerInfo.java:lambda$new$0(51)) - db5776da-04cc-407e-81f3-5cb046cdfc6e@group-273195CB3F54->5254e235-0009-400e-8b7c-46acf791df30: nextIndex: updateUnconditionally 0 -> 0
2019-11-14 13:21:46,498 [grpc-default-executor-7] WARN  server.GrpcLogAppender (LogUtils.java:warn(134)) - 158d2368-d5c4-46db-a1fd-e1a721205b7d@group-22A427C68145->da377692-8490-46fb-a58a-cb2c66593f0b-AppendLogResponseHandler: Failed appendEntries: org.apache.ratis.thirdparty.io.grpc.StatusRuntimeException: UNAVAILABLE: io exception
2019-11-14 13:21:46,499 [grpc-default-executor-7] INFO  impl.FollowerInfo (FollowerInfo.java:lambda$new$0(51)) - 158d2368-d5c4-46db-a1fd-e1a721205b7d@group-22A427C68145->da377692-8490-46fb-a58a-cb2c66593f0b: nextIndex: updateUnconditionally 0 -> 0
2019-11-14 13:21:46,510 [grpc-default-executor-4] WARN  server.GrpcLogAppender (LogUtils.java:warn(134)) - 158d2368-d5c4-46db-a1fd-e1a721205b7d@group-22A427C68145->c5f0853d-db97-466f-95ef-4b66df91fd94-AppendLogResponseHandler: Failed appendEntries: org.apache.ratis.thirdparty.io.grpc.StatusRuntimeException: UNAVAILABLE: io exception
2019-11-14 13:21:46,511 [grpc-default-executor-4] INFO  impl.FollowerInfo (FollowerInfo.java:lambda$new$0(51)) - 158d2368-d5c4-46db-a1fd-e1a721205b7d@group-22A427C68145->c5f0853d-db97-466f-95ef-4b66df91fd94: nextIndex: updateUnconditionally 0 -> 0
2019-11-14 13:21:46,821 [grpc-default-executor-7] WARN  server.GrpcLogAppender (LogUtils.java:warn(134)) - db5776da-04cc-407e-81f3-5cb046cdfc6e@group-273195CB3F54->7f745053-e99a-4882-8da4-f9f49fd4314d-AppendLogResponseHandler: Failed appendEntries: org.apache.ratis.thirdparty.io.grpc.StatusRuntimeException: UNAVAILABLE: io exception
2019-11-14 13:21:46,822 [grpc-default-executor-7] INFO  impl.FollowerInfo (FollowerInfo.java:lambda$new$0(51)) - db5776da-04cc-407e-81f3-5cb046cdfc6e@group-273195CB3F54->7f745053-e99a-4882-8da4-f9f49fd4314d: nextIndex: updateUnconditionally 0 -> 0
2019-11-14 13:21:46,829 [grpc-default-executor-7] WARN  server.GrpcLogAppender (LogUtils.java:warn(134)) - db5776da-04cc-407e-81f3-5cb046cdfc6e@group-273195CB3F54->5254e235-0009-400e-8b7c-46acf791df30-AppendLogResponseHandler: Failed appendEntries: org.apache.ratis.thirdparty.io.grpc.StatusRuntimeException: UNAVAILABLE: io exception
2019-11-14 13:21:46,830 [grpc-default-executor-7] INFO  impl.FollowerInfo (FollowerInfo.java:lambda$new$0(51)) - db5776da-04cc-407e-81f3-5cb046cdfc6e@group-273195CB3F54->5254e235-0009-400e-8b7c-46acf791df30: nextIndex: updateUnconditionally 0 -> 0
2019-11-14 13:21:46,999 [grpc-default-executor-7] WARN  server.GrpcLogAppender (LogUtils.java:warn(134)) - 158d2368-d5c4-46db-a1fd-e1a721205b7d@group-22A427C68145->da377692-8490-46fb-a58a-cb2c66593f0b-AppendLogResponseHandler: Failed appendEntries: org.apache.ratis.thirdparty.io.grpc.StatusRuntimeException: UNAVAILABLE: io exception
2019-11-14 13:21:47,000 [grpc-default-executor-7] INFO  impl.FollowerInfo (FollowerInfo.java:lambda$new$0(51)) - 158d2368-d5c4-46db-a1fd-e1a721205b7d@group-22A427C68145->da377692-8490-46fb-a58a-cb2c66593f0b: nextIndex: updateUnconditionally 0 -> 0
2019-11-14 13:21:47,010 [grpc-default-executor-4] WARN  server.GrpcLogAppender (LogUtils.java:warn(134)) - 158d2368-d5c4-46db-a1fd-e1a721205b7d@group-22A427C68145->c5f0853d-db97-466f-95ef-4b66df91fd94-AppendLogResponseHandler: Failed appendEntries: org.apache.ratis.thirdparty.io.grpc.StatusRuntimeException: UNAVAILABLE: io exception
2019-11-14 13:21:47,010 [grpc-default-executor-4] INFO  impl.FollowerInfo (FollowerInfo.java:lambda$new$0(51)) - 158d2368-d5c4-46db-a1fd-e1a721205b7d@group-22A427C68145->c5f0853d-db97-466f-95ef-4b66df91fd94: nextIndex: updateUnconditionally 0 -> 0
2019-11-14 13:21:47,326 [grpc-default-executor-4] WARN  server.GrpcLogAppender (LogUtils.java:warn(134)) - db5776da-04cc-407e-81f3-5cb046cdfc6e@group-273195CB3F54->7f745053-e99a-4882-8da4-f9f49fd4314d-AppendLogResponseHandler: Failed appendEntries: org.apache.ratis.thirdparty.io.grpc.StatusRuntimeException: UNAVAILABLE: io exception
2019-11-14 13:21:47,327 [grpc-default-executor-4] INFO  impl.FollowerInfo (FollowerInfo.java:lambda$new$0(51)) - db5776da-04cc-407e-81f3-5cb046cdfc6e@group-273195CB3F54->7f745053-e99a-4882-8da4-f9f49fd4314d: nextIndex: updateUnconditionally 0 -> 0
2019-11-14 13:21:47,330 [grpc-default-executor-4] WARN  server.GrpcLogAppender (LogUtils.java:warn(134)) - db5776da-04cc-407e-81f3-5cb046cdfc6e@group-273195CB3F54->5254e235-0009-400e-8b7c-46acf791df30-AppendLogResponseHandler: Failed appendEntries: org.apache.ratis.thirdparty.io.grpc.StatusRuntimeException: UNAVAILABLE: io exception
2019-11-14 13:21:47,330 [grpc-default-executor-4] INFO  impl.FollowerInfo (FollowerInfo.java:lambda$new$0(51)) - db5776da-04cc-407e-81f3-5cb046cdfc6e@group-273195CB3F54->5254e235-0009-400e-8b7c-46acf791df30: nextIndex: updateUnconditionally 0 -> 0
2019-11-14 13:21:47,501 [grpc-default-executor-7] WARN  server.GrpcLogAppender (LogUtils.java:warn(134)) - 158d2368-d5c4-46db-a1fd-e1a721205b7d@group-22A427C68145->da377692-8490-46fb-a58a-cb2c66593f0b-AppendLogResponseHandler: Failed appendEntries: org.apache.ratis.thirdparty.io.grpc.StatusRuntimeException: UNAVAILABLE: io exception
2019-11-14 13:21:47,501 [grpc-default-executor-7] INFO  impl.FollowerInfo (FollowerInfo.java:lambda$new$0(51)) - 158d2368-d5c4-46db-a1fd-e1a721205b7d@group-22A427C68145->da377692-8490-46fb-a58a-cb2c66593f0b: nextIndex: updateUnconditionally 0 -> 0
2019-11-14 13:21:47,511 [grpc-default-executor-6] WARN  server.GrpcLogAppender (LogUtils.java:warn(134)) - 158d2368-d5c4-46db-a1fd-e1a721205b7d@group-22A427C68145->c5f0853d-db97-466f-95ef-4b66df91fd94-AppendLogResponseHandler: Failed appendEntries: org.apache.ratis.thirdparty.io.grpc.StatusRuntimeException: UNAVAILABLE: io exception
2019-11-14 13:21:47,511 [grpc-default-executor-6] INFO  impl.FollowerInfo (FollowerInfo.java:lambda$new$0(51)) - 158d2368-d5c4-46db-a1fd-e1a721205b7d@group-22A427C68145->c5f0853d-db97-466f-95ef-4b66df91fd94: nextIndex: updateUnconditionally 0 -> 0
2019-11-14 13:21:47,826 [grpc-default-executor-4] WARN  server.GrpcLogAppender (LogUtils.java:warn(134)) - db5776da-04cc-407e-81f3-5cb046cdfc6e@group-273195CB3F54->7f745053-e99a-4882-8da4-f9f49fd4314d-AppendLogResponseHandler: Failed appendEntries: org.apache.ratis.thirdparty.io.grpc.StatusRuntimeException: UNAVAILABLE: io exception
2019-11-14 13:21:47,827 [grpc-default-executor-4] INFO  impl.FollowerInfo (FollowerInfo.java:lambda$new$0(51)) - db5776da-04cc-407e-81f3-5cb046cdfc6e@group-273195CB3F54->7f745053-e99a-4882-8da4-f9f49fd4314d: nextIndex: updateUnconditionally 0 -> 0
2019-11-14 13:21:47,831 [grpc-default-executor-7] WARN  server.GrpcLogAppender (LogUtils.java:warn(134)) - db5776da-04cc-407e-81f3-5cb046cdfc6e@group-273195CB3F54->5254e235-0009-400e-8b7c-46acf791df30-AppendLogResponseHandler: Failed appendEntries: org.apache.ratis.thirdparty.io.grpc.StatusRuntimeException: UNAVAILABLE: io exception
2019-11-14 13:21:47,831 [grpc-default-executor-7] INFO  impl.FollowerInfo (FollowerInfo.java:lambda$new$0(51)) - db5776da-04cc-407e-81f3-5cb046cdfc6e@group-273195CB3F54->5254e235-0009-400e-8b7c-46acf791df30: nextIndex: updateUnconditionally 0 -> 0
2019-11-14 13:21:48,001 [grpc-default-executor-6] WARN  server.GrpcLogAppender (LogUtils.java:warn(134)) - 158d2368-d5c4-46db-a1fd-e1a721205b7d@group-22A427C68145->da377692-8490-46fb-a58a-cb2c66593f0b-AppendLogResponseHandler: Failed appendEntries: org.apache.ratis.thirdparty.io.grpc.StatusRuntimeException: UNAVAILABLE: io exception
2019-11-14 13:21:48,001 [grpc-default-executor-6] INFO  impl.FollowerInfo (FollowerInfo.java:lambda$new$0(51)) - 158d2368-d5c4-46db-a1fd-e1a721205b7d@group-22A427C68145->da377692-8490-46fb-a58a-cb2c66593f0b: nextIndex: updateUnconditionally 0 -> 0
2019-11-14 13:21:48,012 [grpc-default-executor-4] WARN  server.GrpcLogAppender (LogUtils.java:warn(134)) - 158d2368-d5c4-46db-a1fd-e1a721205b7d@group-22A427C68145->c5f0853d-db97-466f-95ef-4b66df91fd94-AppendLogResponseHandler: Failed appendEntries: org.apache.ratis.thirdparty.io.grpc.StatusRuntimeException: UNAVAILABLE: io exception
2019-11-14 13:21:48,012 [grpc-default-executor-4] INFO  impl.FollowerInfo (FollowerInfo.java:lambda$new$0(51)) - 158d2368-d5c4-46db-a1fd-e1a721205b7d@group-22A427C68145->c5f0853d-db97-466f-95ef-4b66df91fd94: nextIndex: updateUnconditionally 0 -> 0
2019-11-14 13:21:48,327 [grpc-default-executor-4] WARN  server.GrpcLogAppender (LogUtils.java:warn(134)) - db5776da-04cc-407e-81f3-5cb046cdfc6e@group-273195CB3F54->7f745053-e99a-4882-8da4-f9f49fd4314d-AppendLogResponseHandler: Failed appendEntries: org.apache.ratis.thirdparty.io.grpc.StatusRuntimeException: UNAVAILABLE: io exception
2019-11-14 13:21:48,328 [grpc-default-executor-4] INFO  impl.FollowerInfo (FollowerInfo.java:lambda$new$0(51)) - db5776da-04cc-407e-81f3-5cb046cdfc6e@group-273195CB3F54->7f745053-e99a-4882-8da4-f9f49fd4314d: nextIndex: updateUnconditionally 0 -> 0
2019-11-14 13:21:48,332 [grpc-default-executor-4] WARN  server.GrpcLogAppender (LogUtils.java:warn(134)) - db5776da-04cc-407e-81f3-5cb046cdfc6e@group-273195CB3F54->5254e235-0009-400e-8b7c-46acf791df30-AppendLogResponseHandler: Failed appendEntries: org.apache.ratis.thirdparty.io.grpc.StatusRuntimeException: UNAVAILABLE: io exception
2019-11-14 13:21:48,332 [grpc-default-executor-4] INFO  impl.FollowerInfo (FollowerInfo.java:lambda$new$0(51)) - db5776da-04cc-407e-81f3-5cb046cdfc6e@group-273195CB3F54->5254e235-0009-400e-8b7c-46acf791df30: nextIndex: updateUnconditionally 0 -> 0
2019-11-14 13:21:48,503 [grpc-default-executor-4] WARN  server.GrpcLogAppender (LogUtils.java:warn(134)) - 158d2368-d5c4-46db-a1fd-e1a721205b7d@group-22A427C68145->da377692-8490-46fb-a58a-cb2c66593f0b-AppendLogResponseHandler: Failed appendEntries: org.apache.ratis.thirdparty.io.grpc.StatusRuntimeException: UNAVAILABLE: io exception
2019-11-14 13:21:48,503 [grpc-default-executor-4] INFO  impl.FollowerInfo (FollowerInfo.java:lambda$new$0(51)) - 158d2368-d5c4-46db-a1fd-e1a721205b7d@group-22A427C68145->da377692-8490-46fb-a58a-cb2c66593f0b: nextIndex: updateUnconditionally 0 -> 0
2019-11-14 13:21:48,512 [grpc-default-executor-4] WARN  server.GrpcLogAppender (LogUtils.java:warn(134)) - 158d2368-d5c4-46db-a1fd-e1a721205b7d@group-22A427C68145->c5f0853d-db97-466f-95ef-4b66df91fd94-AppendLogResponseHandler: Failed appendEntries: org.apache.ratis.thirdparty.io.grpc.StatusRuntimeException: UNAVAILABLE: io exception
2019-11-14 13:21:48,512 [grpc-default-executor-4] INFO  impl.FollowerInfo (FollowerInfo.java:lambda$new$0(51)) - 158d2368-d5c4-46db-a1fd-e1a721205b7d@group-22A427C68145->c5f0853d-db97-466f-95ef-4b66df91fd94: nextIndex: updateUnconditionally 0 -> 0
2019-11-14 13:21:48,828 [grpc-default-executor-4] WARN  server.GrpcLogAppender (LogUtils.java:warn(134)) - db5776da-04cc-407e-81f3-5cb046cdfc6e@group-273195CB3F54->7f745053-e99a-4882-8da4-f9f49fd4314d-AppendLogResponseHandler: Failed appendEntries: org.apache.ratis.thirdparty.io.grpc.StatusRuntimeException: UNAVAILABLE: io exception
2019-11-14 13:21:48,828 [grpc-default-executor-4] INFO  impl.FollowerInfo (FollowerInfo.java:lambda$new$0(51)) - db5776da-04cc-407e-81f3-5cb046cdfc6e@group-273195CB3F54->7f745053-e99a-4882-8da4-f9f49fd4314d: nextIndex: updateUnconditionally 0 -> 0
2019-11-14 13:21:48,832 [grpc-default-executor-4] WARN  server.GrpcLogAppender (LogUtils.java:warn(134)) - db5776da-04cc-407e-81f3-5cb046cdfc6e@group-273195CB3F54->5254e235-0009-400e-8b7c-46acf791df30-AppendLogResponseHandler: Failed appendEntries: org.apache.ratis.thirdparty.io.grpc.StatusRuntimeException: UNAVAILABLE: io exception
2019-11-14 13:21:48,832 [grpc-default-executor-4] INFO  impl.FollowerInfo (FollowerInfo.java:lambda$new$0(51)) - db5776da-04cc-407e-81f3-5cb046cdfc6e@group-273195CB3F54->5254e235-0009-400e-8b7c-46acf791df30: nextIndex: updateUnconditionally 0 -> 0
2019-11-14 13:21:49,005 [grpc-default-executor-4] WARN  server.GrpcLogAppender (LogUtils.java:warn(134)) - 158d2368-d5c4-46db-a1fd-e1a721205b7d@group-22A427C68145->da377692-8490-46fb-a58a-cb2c66593f0b-AppendLogResponseHandler: Failed appendEntries: org.apache.ratis.thirdparty.io.grpc.StatusRuntimeException: UNAVAILABLE: io exception
2019-11-14 13:21:49,006 [grpc-default-executor-4] INFO  impl.FollowerInfo (FollowerInfo.java:lambda$new$0(51)) - 158d2368-d5c4-46db-a1fd-e1a721205b7d@group-22A427C68145->da377692-8490-46fb-a58a-cb2c66593f0b: nextIndex: updateUnconditionally 0 -> 0
2019-11-14 13:21:49,013 [grpc-default-executor-7] WARN  server.GrpcLogAppender (LogUtils.java:warn(134)) - 158d2368-d5c4-46db-a1fd-e1a721205b7d@group-22A427C68145->c5f0853d-db97-466f-95ef-4b66df91fd94-AppendLogResponseHandler: Failed appendEntries: org.apache.ratis.thirdparty.io.grpc.StatusRuntimeException: UNAVAILABLE: io exception
2019-11-14 13:21:49,013 [grpc-default-executor-7] INFO  impl.FollowerInfo (FollowerInfo.java:lambda$new$0(51)) - 158d2368-d5c4-46db-a1fd-e1a721205b7d@group-22A427C68145->c5f0853d-db97-466f-95ef-4b66df91fd94: nextIndex: updateUnconditionally 0 -> 0
2019-11-14 13:21:49,329 [grpc-default-executor-4] WARN  server.GrpcLogAppender (LogUtils.java:warn(134)) - db5776da-04cc-407e-81f3-5cb046cdfc6e@group-273195CB3F54->7f745053-e99a-4882-8da4-f9f49fd4314d-AppendLogResponseHandler: Failed appendEntries: org.apache.ratis.thirdparty.io.grpc.StatusRuntimeException: UNAVAILABLE: io exception
2019-11-14 13:21:49,330 [grpc-default-executor-4] INFO  impl.FollowerInfo (FollowerInfo.java:lambda$new$0(51)) - db5776da-04cc-407e-81f3-5cb046cdfc6e@group-273195CB3F54->7f745053-e99a-4882-8da4-f9f49fd4314d: nextIndex: updateUnconditionally 0 -> 0
2019-11-14 13:21:49,333 [grpc-default-executor-6] WARN  server.GrpcLogAppender (LogUtils.java:warn(134)) - db5776da-04cc-407e-81f3-5cb046cdfc6e@group-273195CB3F54->5254e235-0009-400e-8b7c-46acf791df30-AppendLogResponseHandler: Failed appendEntries: org.apache.ratis.thirdparty.io.grpc.StatusRuntimeException: UNAVAILABLE: io exception
2019-11-14 13:21:49,333 [grpc-default-executor-6] INFO  impl.FollowerInfo (FollowerInfo.java:lambda$new$0(51)) - db5776da-04cc-407e-81f3-5cb046cdfc6e@group-273195CB3F54->5254e235-0009-400e-8b7c-46acf791df30: nextIndex: updateUnconditionally 0 -> 0
2019-11-14 13:21:49,506 [grpc-default-executor-7] WARN  server.GrpcLogAppender (LogUtils.java:warn(134)) - 158d2368-d5c4-46db-a1fd-e1a721205b7d@group-22A427C68145->da377692-8490-46fb-a58a-cb2c66593f0b-AppendLogResponseHandler: Failed appendEntries: org.apache.ratis.thirdparty.io.grpc.StatusRuntimeException: UNAVAILABLE: io exception
2019-11-14 13:21:49,506 [grpc-default-executor-7] INFO  impl.FollowerInfo (FollowerInfo.java:lambda$new$0(51)) - 158d2368-d5c4-46db-a1fd-e1a721205b7d@group-22A427C68145->da377692-8490-46fb-a58a-cb2c66593f0b: nextIndex: updateUnconditionally 0 -> 0
2019-11-14 13:21:49,513 [grpc-default-executor-4] WARN  server.GrpcLogAppender (LogUtils.java:warn(134)) - 158d2368-d5c4-46db-a1fd-e1a721205b7d@group-22A427C68145->c5f0853d-db97-466f-95ef-4b66df91fd94-AppendLogResponseHandler: Failed appendEntries: org.apache.ratis.thirdparty.io.grpc.StatusRuntimeException: UNAVAILABLE: io exception
2019-11-14 13:21:49,514 [grpc-default-executor-4] INFO  impl.FollowerInfo (FollowerInfo.java:lambda$new$0(51)) - 158d2368-d5c4-46db-a1fd-e1a721205b7d@group-22A427C68145->c5f0853d-db97-466f-95ef-4b66df91fd94: nextIndex: updateUnconditionally 0 -> 0
2019-11-14 13:21:49,830 [grpc-default-executor-6] WARN  server.GrpcLogAppender (LogUtils.java:warn(134)) - db5776da-04cc-407e-81f3-5cb046cdfc6e@group-273195CB3F54->7f745053-e99a-4882-8da4-f9f49fd4314d-AppendLogResponseHandler: Failed appendEntries: org.apache.ratis.thirdparty.io.grpc.StatusRuntimeException: UNAVAILABLE: io exception
2019-11-14 13:21:49,830 [grpc-default-executor-6] INFO  impl.FollowerInfo (FollowerInfo.java:lambda$new$0(51)) - db5776da-04cc-407e-81f3-5cb046cdfc6e@group-273195CB3F54->7f745053-e99a-4882-8da4-f9f49fd4314d: nextIndex: updateUnconditionally 0 -> 0
2019-11-14 13:21:49,833 [grpc-default-executor-4] WARN  server.GrpcLogAppender (LogUtils.java:warn(134)) - db5776da-04cc-407e-81f3-5cb046cdfc6e@group-273195CB3F54->5254e235-0009-400e-8b7c-46acf791df30-AppendLogResponseHandler: Failed appendEntries: org.apache.ratis.thirdparty.io.grpc.StatusRuntimeException: UNAVAILABLE: io exception
2019-11-14 13:21:49,833 [grpc-default-executor-4] INFO  impl.FollowerInfo (FollowerInfo.java:lambda$new$0(51)) - db5776da-04cc-407e-81f3-5cb046cdfc6e@group-273195CB3F54->5254e235-0009-400e-8b7c-46acf791df30: nextIndex: updateUnconditionally 0 -> 0
2019-11-14 13:21:49,967 [ForkJoinPool.commonPool-worker-0] INFO  ozoneimpl.OzoneContainer (OzoneContainer.java:stop(244)) - Attempting to stop container services.
2019-11-14 13:21:49,967 [main] INFO  ozoneimpl.OzoneContainer (OzoneContainer.java:stop(244)) - Attempting to stop container services.
2019-11-14 13:21:49,968 [ForkJoinPool.commonPool-worker-0] INFO  impl.RaftServerProxy (RaftServerProxy.java:lambda$close$4(314)) - 158d2368-d5c4-46db-a1fd-e1a721205b7d: close
2019-11-14 13:21:49,968 [main] INFO  impl.RaftServerProxy (RaftServerProxy.java:lambda$close$4(314)) - db5776da-04cc-407e-81f3-5cb046cdfc6e: close
2019-11-14 13:21:49,968 [main] INFO  impl.RaftServerImpl (RaftServerImpl.java:lambda$shutdown$3(250)) - db5776da-04cc-407e-81f3-5cb046cdfc6e@group-2A56A330FF79: shutdown
2019-11-14 13:21:49,968 [ForkJoinPool.commonPool-worker-0] INFO  impl.RaftServerImpl (RaftServerImpl.java:lambda$shutdown$3(250)) - 158d2368-d5c4-46db-a1fd-e1a721205b7d@group-22A427C68145: shutdown
2019-11-14 13:21:49,969 [main] INFO  util.JmxRegister (JmxRegister.java:unregister(73)) - Successfully un-registered JMX Bean with object name Ratis:service=RaftServer,group=group-2A56A330FF79,id=db5776da-04cc-407e-81f3-5cb046cdfc6e
2019-11-14 13:21:49,969 [ForkJoinPool.commonPool-worker-0] INFO  util.JmxRegister (JmxRegister.java:unregister(73)) - Successfully un-registered JMX Bean with object name Ratis:service=RaftServer,group=group-22A427C68145,id=158d2368-d5c4-46db-a1fd-e1a721205b7d
2019-11-14 13:21:49,969 [main] INFO  impl.RoleInfo (RoleInfo.java:shutdownLeaderState(104)) - db5776da-04cc-407e-81f3-5cb046cdfc6e: shutdown LeaderState
2019-11-14 13:21:49,969 [ForkJoinPool.commonPool-worker-0] INFO  impl.RoleInfo (RoleInfo.java:shutdownLeaderState(104)) - 158d2368-d5c4-46db-a1fd-e1a721205b7d: shutdown LeaderState
2019-11-14 13:21:49,970 [main] INFO  impl.PendingRequests (PendingRequests.java:sendNotLeaderResponses(206)) - db5776da-04cc-407e-81f3-5cb046cdfc6e@group-2A56A330FF79-PendingRequests: sendNotLeaderResponses
2019-11-14 13:21:49,972 [org.apache.ratis.server.impl.LogAppender$AppenderDaemon$$Lambda$465/1792419337@186e4f12] WARN  server.GrpcLogAppender (GrpcLogAppender.java:mayWait(151)) - 158d2368-d5c4-46db-a1fd-e1a721205b7d@group-22A427C68145->da377692-8490-46fb-a58a-cb2c66593f0b-GrpcLogAppender: Wait interrupted by java.lang.InterruptedException
2019-11-14 13:21:49,972 [org.apache.ratis.server.impl.LogAppender$AppenderDaemon$$Lambda$465/1792419337@5d6cdadb] WARN  server.GrpcLogAppender (GrpcLogAppender.java:mayWait(151)) - 158d2368-d5c4-46db-a1fd-e1a721205b7d@group-22A427C68145->c5f0853d-db97-466f-95ef-4b66df91fd94-GrpcLogAppender: Wait interrupted by java.lang.InterruptedException
2019-11-14 13:21:49,972 [ForkJoinPool.commonPool-worker-0] INFO  impl.PendingRequests (PendingRequests.java:sendNotLeaderResponses(206)) - 158d2368-d5c4-46db-a1fd-e1a721205b7d@group-22A427C68145-PendingRequests: sendNotLeaderResponses
2019-11-14 13:21:49,972 [main] INFO  impl.StateMachineUpdater (StateMachineUpdater.java:stopAndJoin(136)) - db5776da-04cc-407e-81f3-5cb046cdfc6e@group-2A56A330FF79-StateMachineUpdater: set stopIndex = 0
2019-11-14 13:21:49,973 [ForkJoinPool.commonPool-worker-0] INFO  impl.StateMachineUpdater (StateMachineUpdater.java:stopAndJoin(136)) - 158d2368-d5c4-46db-a1fd-e1a721205b7d@group-22A427C68145-StateMachineUpdater: set stopIndex = 0
2019-11-14 13:21:49,973 [main] INFO  impl.RaftServerImpl (ServerState.java:close(387)) - db5776da-04cc-407e-81f3-5cb046cdfc6e@group-2A56A330FF79: closes. applyIndex: 0
2019-11-14 13:21:49,973 [ForkJoinPool.commonPool-worker-0] INFO  impl.RaftServerImpl (ServerState.java:close(387)) - 158d2368-d5c4-46db-a1fd-e1a721205b7d@group-22A427C68145: closes. applyIndex: 0
2019-11-14 13:21:49,974 [158d2368-d5c4-46db-a1fd-e1a721205b7d@group-22A427C68145-SegmentedRaftLogWorker] INFO  segmented.SegmentedRaftLogWorker (SegmentedRaftLogWorker.java:run(316)) - 158d2368-d5c4-46db-a1fd-e1a721205b7d@group-22A427C68145-SegmentedRaftLogWorker was interrupted, exiting. There are 0 tasks remaining in the queue.
2019-11-14 13:21:49,974 [db5776da-04cc-407e-81f3-5cb046cdfc6e@group-2A56A330FF79-SegmentedRaftLogWorker] INFO  segmented.SegmentedRaftLogWorker (SegmentedRaftLogWorker.java:run(316)) - db5776da-04cc-407e-81f3-5cb046cdfc6e@group-2A56A330FF79-SegmentedRaftLogWorker was interrupted, exiting. There are 0 tasks remaining in the queue.
2019-11-14 13:21:49,976 [ForkJoinPool.commonPool-worker-0] INFO  segmented.SegmentedRaftLogWorker (SegmentedRaftLogWorker.java:close(224)) - 158d2368-d5c4-46db-a1fd-e1a721205b7d@group-22A427C68145-SegmentedRaftLogWorker close()
2019-11-14 13:21:49,976 [main] INFO  segmented.SegmentedRaftLogWorker (SegmentedRaftLogWorker.java:close(224)) - db5776da-04cc-407e-81f3-5cb046cdfc6e@group-2A56A330FF79-SegmentedRaftLogWorker close()
2019-11-14 13:21:49,978 [ForkJoinPool.commonPool-worker-0] INFO  impl.RaftServerImpl (RaftServerImpl.java:lambda$shutdown$3(250)) - 158d2368-d5c4-46db-a1fd-e1a721205b7d@group-2F20156480EF: shutdown
2019-11-14 13:21:49,985 [main] INFO  impl.RaftServerImpl (RaftServerImpl.java:lambda$shutdown$3(250)) - db5776da-04cc-407e-81f3-5cb046cdfc6e@group-273195CB3F54: shutdown
2019-11-14 13:21:49,985 [ForkJoinPool.commonPool-worker-0] INFO  util.JmxRegister (JmxRegister.java:unregister(73)) - Successfully un-registered JMX Bean with object name Ratis:service=RaftServer,group=group-2F20156480EF,id=158d2368-d5c4-46db-a1fd-e1a721205b7d
2019-11-14 13:21:49,985 [main] INFO  util.JmxRegister (JmxRegister.java:unregister(73)) - Successfully un-registered JMX Bean with object name Ratis:service=RaftServer,group=group-273195CB3F54,id=db5776da-04cc-407e-81f3-5cb046cdfc6e
2019-11-14 13:21:49,985 [ForkJoinPool.commonPool-worker-0] INFO  impl.RoleInfo (RoleInfo.java:shutdownLeaderState(104)) - 158d2368-d5c4-46db-a1fd-e1a721205b7d: shutdown LeaderState
2019-11-14 13:21:49,985 [main] INFO  impl.RoleInfo (RoleInfo.java:shutdownLeaderState(104)) - db5776da-04cc-407e-81f3-5cb046cdfc6e: shutdown LeaderState
2019-11-14 13:21:49,986 [ForkJoinPool.commonPool-worker-0] INFO  impl.PendingRequests (PendingRequests.java:sendNotLeaderResponses(206)) - 158d2368-d5c4-46db-a1fd-e1a721205b7d@group-2F20156480EF-PendingRequests: sendNotLeaderResponses
2019-11-14 13:21:49,988 [main] INFO  impl.PendingRequests (PendingRequests.java:sendNotLeaderResponses(206)) - db5776da-04cc-407e-81f3-5cb046cdfc6e@group-273195CB3F54-PendingRequests: sendNotLeaderResponses
2019-11-14 13:21:49,988 [org.apache.ratis.server.impl.LogAppender$AppenderDaemon$$Lambda$465/1792419337@cbc466a] WARN  server.GrpcLogAppender (GrpcLogAppender.java:mayWait(151)) - db5776da-04cc-407e-81f3-5cb046cdfc6e@group-273195CB3F54->5254e235-0009-400e-8b7c-46acf791df30-GrpcLogAppender: Wait interrupted by java.lang.InterruptedException
2019-11-14 13:21:49,988 [main] INFO  impl.StateMachineUpdater (StateMachineUpdater.java:stopAndJoin(136)) - db5776da-04cc-407e-81f3-5cb046cdfc6e@group-273195CB3F54-StateMachineUpdater: set stopIndex = 0
2019-11-14 13:21:49,988 [org.apache.ratis.server.impl.LogAppender$AppenderDaemon$$Lambda$465/1792419337@49bed139] WARN  server.GrpcLogAppender (GrpcLogAppender.java:mayWait(151)) - db5776da-04cc-407e-81f3-5cb046cdfc6e@group-273195CB3F54->7f745053-e99a-4882-8da4-f9f49fd4314d-GrpcLogAppender: Wait interrupted by java.lang.InterruptedException
2019-11-14 13:21:49,989 [main] INFO  impl.RaftServerImpl (ServerState.java:close(387)) - db5776da-04cc-407e-81f3-5cb046cdfc6e@group-273195CB3F54: closes. applyIndex: 0
2019-11-14 13:21:49,988 [ForkJoinPool.commonPool-worker-0] INFO  impl.StateMachineUpdater (StateMachineUpdater.java:stopAndJoin(136)) - 158d2368-d5c4-46db-a1fd-e1a721205b7d@group-2F20156480EF-StateMachineUpdater: set stopIndex = 0
2019-11-14 13:21:49,989 [db5776da-04cc-407e-81f3-5cb046cdfc6e@group-273195CB3F54-SegmentedRaftLogWorker] INFO  segmented.SegmentedRaftLogWorker (SegmentedRaftLogWorker.java:run(316)) - db5776da-04cc-407e-81f3-5cb046cdfc6e@group-273195CB3F54-SegmentedRaftLogWorker was interrupted, exiting. There are 0 tasks remaining in the queue.
2019-11-14 13:21:49,989 [ForkJoinPool.commonPool-worker-0] INFO  impl.RaftServerImpl (ServerState.java:close(387)) - 158d2368-d5c4-46db-a1fd-e1a721205b7d@group-2F20156480EF: closes. applyIndex: 0
2019-11-14 13:21:49,990 [main] INFO  segmented.SegmentedRaftLogWorker (SegmentedRaftLogWorker.java:close(224)) - db5776da-04cc-407e-81f3-5cb046cdfc6e@group-273195CB3F54-SegmentedRaftLogWorker close()
2019-11-14 13:21:49,990 [158d2368-d5c4-46db-a1fd-e1a721205b7d@group-2F20156480EF-SegmentedRaftLogWorker] INFO  segmented.SegmentedRaftLogWorker (SegmentedRaftLogWorker.java:run(316)) - 158d2368-d5c4-46db-a1fd-e1a721205b7d@group-2F20156480EF-SegmentedRaftLogWorker was interrupted, exiting. There are 0 tasks remaining in the queue.
2019-11-14 13:21:49,992 [main] INFO  server.GrpcService (GrpcService.java:closeImpl(164)) - db5776da-04cc-407e-81f3-5cb046cdfc6e: shutdown server with port 40096 now
2019-11-14 13:21:49,992 [ForkJoinPool.commonPool-worker-0] INFO  segmented.SegmentedRaftLogWorker (SegmentedRaftLogWorker.java:close(224)) - 158d2368-d5c4-46db-a1fd-e1a721205b7d@group-2F20156480EF-SegmentedRaftLogWorker close()
2019-11-14 13:21:49,992 [main] INFO  server.GrpcService (GrpcService.java:closeImpl(172)) - db5776da-04cc-407e-81f3-5cb046cdfc6e: shutdown server with port 40096 successfully
2019-11-14 13:21:49,992 [ForkJoinPool.commonPool-worker-0] INFO  server.GrpcService (GrpcService.java:closeImpl(164)) - 158d2368-d5c4-46db-a1fd-e1a721205b7d: shutdown server with port 35099 now
2019-11-14 13:21:49,993 [ForkJoinPool.commonPool-worker-0] INFO  server.GrpcService (GrpcService.java:closeImpl(172)) - 158d2368-d5c4-46db-a1fd-e1a721205b7d: shutdown server with port 35099 successfully
2019-11-14 13:21:50,003 [refreshUsed-/workdir/hadoop-ozone/integration-test/target/test-dir/MiniOzoneClusterImpl-3e7318d1-e353-4b83-9c8a-b04a40b588dc/datanode-4/data/containers] WARN  fs.CachingGetSpaceUsed (CachingGetSpaceUsed.java:run(183)) - Thread Interrupted waiting to refresh disk information: sleep interrupted
2019-11-14 13:21:50,003 [refreshUsed-/workdir/hadoop-ozone/integration-test/target/test-dir/MiniOzoneClusterImpl-3e7318d1-e353-4b83-9c8a-b04a40b588dc/datanode-0/data/containers] WARN  fs.CachingGetSpaceUsed (CachingGetSpaceUsed.java:run(183)) - Thread Interrupted waiting to refresh disk information: sleep interrupted
2019-11-14 13:21:50,022 [main] INFO  utils.BackgroundService (BackgroundService.java:shutdown(151)) - Shutting down service BlockDeletingService
2019-11-14 13:21:50,022 [ForkJoinPool.commonPool-worker-0] INFO  utils.BackgroundService (BackgroundService.java:shutdown(151)) - Shutting down service BlockDeletingService
2019-11-14 13:21:50,025 [ForkJoinPool.commonPool-worker-0] INFO  statemachine.DatanodeStateMachine (DatanodeStateMachine.java:stopDaemon(395)) - Ozone container server stopped.
2019-11-14 13:21:50,025 [main] INFO  statemachine.DatanodeStateMachine (DatanodeStateMachine.java:stopDaemon(395)) - Ozone container server stopped.
2019-11-14 13:21:50,028 [main] INFO  handler.ContextHandler (ContextHandler.java:doStop(910)) - Stopped o.e.j.w.WebAppContext@17dad32f{/,null,UNAVAILABLE}{/hddsDatanode}
2019-11-14 13:21:50,028 [ForkJoinPool.commonPool-worker-0] INFO  handler.ContextHandler (ContextHandler.java:doStop(910)) - Stopped o.e.j.w.WebAppContext@798256c5{/,null,UNAVAILABLE}{/hddsDatanode}
2019-11-14 13:21:50,029 [ForkJoinPool.commonPool-worker-0] INFO  server.AbstractConnector (AbstractConnector.java:doStop(318)) - Stopped ServerConnector@7ec95456{HTTP/1.1,[http/1.1]}{0.0.0.0:0}
2019-11-14 13:21:50,029 [main] INFO  server.AbstractConnector (AbstractConnector.java:doStop(318)) - Stopped ServerConnector@79696332{HTTP/1.1,[http/1.1]}{0.0.0.0:0}
2019-11-14 13:21:50,029 [ForkJoinPool.commonPool-worker-0] INFO  handler.ContextHandler (ContextHandler.java:doStop(910)) - Stopped o.e.j.s.ServletContextHandler@66cd621b{/static,jar:file:/home/user/.m2/repository/org/apache/hadoop/hadoop-hdds-container-service/0.5.0-SNAPSHOT/hadoop-hdds-container-service-0.5.0-SNAPSHOT.jar!/webapps/static,UNAVAILABLE}
2019-11-14 13:21:50,029 [main] INFO  handler.ContextHandler (ContextHandler.java:doStop(910)) - Stopped o.e.j.s.ServletContextHandler@71cea1b8{/static,jar:file:/home/user/.m2/repository/org/apache/hadoop/hadoop-hdds-container-service/0.5.0-SNAPSHOT/hadoop-hdds-container-service-0.5.0-SNAPSHOT.jar!/webapps/static,UNAVAILABLE}
2019-11-14 13:21:50,030 [ForkJoinPool.commonPool-worker-0] INFO  handler.ContextHandler (ContextHandler.java:doStop(910)) - Stopped o.e.j.s.ServletContextHandler@65bad087{/logs,file:///workdir/hadoop-ozone/integration-test/target/log,UNAVAILABLE}
2019-11-14 13:21:50,030 [main] INFO  handler.ContextHandler (ContextHandler.java:doStop(910)) - Stopped o.e.j.s.ServletContextHandler@5a97b17c{/logs,file:///workdir/hadoop-ozone/integration-test/target/log,UNAVAILABLE}
2019-11-14 13:21:50,031 [main] INFO  ozone.MiniOzoneClusterImpl (MiniOzoneClusterImpl.java:stopSCM(430)) - Stopping the StorageContainerManager
2019-11-14 13:21:50,031 [main] INFO  server.StorageContainerManager (StorageContainerManager.java:stop(804)) - Stopping Replication Manager Service.
2019-11-14 13:21:50,032 [main] INFO  container.ReplicationManager (ReplicationManager.java:stop(203)) - Stopping Replication Monitor Thread.
2019-11-14 13:21:50,032 [main] INFO  server.StorageContainerManager (StorageContainerManager.java:stop(811)) - Stopping Lease Manager of the command watchers
2019-11-14 13:21:50,032 [main] INFO  server.StorageContainerManager (StorageContainerManager.java:stop(818)) - Stopping datanode service RPC server
2019-11-14 13:21:50,032 [main] INFO  server.SCMDatanodeProtocolServer (SCMDatanodeProtocolServer.java:stop(346)) - Stopping the RPC server for DataNodes
2019-11-14 13:21:50,032 [main] INFO  ipc.Server (Server.java:stop(3082)) - Stopping server on 44447
2019-11-14 13:21:50,034 [IPC Server listener on 44447] INFO  ipc.Server (Server.java:run(1185)) - Stopping IPC Server listener on 44447
2019-11-14 13:21:50,034 [IPC Server Responder] INFO  ipc.Server (Server.java:run(1319)) - Stopping IPC Server Responder
2019-11-14 13:21:50,106 [SCM Heartbeat Processing Thread - 0] WARN  node.NodeStateManager (NodeStateManager.java:scheduleNextHealthCheck(646)) - Current Thread is interrupted, shutting down HB processing thread for Node Manager.
2019-11-14 13:21:50,106 [main] INFO  server.StorageContainerManager (StorageContainerManager.java:stop(826)) - Stopping block service RPC server
2019-11-14 13:21:50,107 [main] INFO  server.SCMBlockProtocolServer (SCMBlockProtocolServer.java:stop(155)) - Stopping the RPC server for Block Protocol
2019-11-14 13:21:50,107 [main] INFO  ipc.Server (Server.java:stop(3082)) - Stopping server on 42725
2019-11-14 13:21:50,108 [IPC Server listener on 42725] INFO  ipc.Server (Server.java:run(1185)) - Stopping IPC Server listener on 42725
2019-11-14 13:21:50,109 [main] INFO  server.StorageContainerManager (StorageContainerManager.java:stop(833)) - Stopping the StorageContainerLocationProtocol RPC server
2019-11-14 13:21:50,109 [IPC Server Responder] INFO  ipc.Server (Server.java:run(1319)) - Stopping IPC Server Responder
2019-11-14 13:21:50,109 [main] INFO  server.SCMClientProtocolServer (SCMClientProtocolServer.java:stop(169)) - Stopping the RPC server for Client Protocol
2019-11-14 13:21:50,110 [main] INFO  ipc.Server (Server.java:stop(3082)) - Stopping server on 41614
2019-11-14 13:21:50,112 [IPC Server listener on 41614] INFO  ipc.Server (Server.java:run(1185)) - Stopping IPC Server listener on 41614
2019-11-14 13:21:50,112 [main] INFO  server.StorageContainerManager (StorageContainerManager.java:stop(840)) - Stopping Storage Container Manager HTTP server.
2019-11-14 13:21:50,113 [IPC Server Responder] INFO  ipc.Server (Server.java:run(1319)) - Stopping IPC Server Responder
2019-11-14 13:21:50,114 [main] INFO  handler.ContextHandler (ContextHandler.java:doStop(910)) - Stopped o.e.j.w.WebAppContext@38cedb7d{/,null,UNAVAILABLE}{/scm}
2019-11-14 13:21:50,115 [main] INFO  server.AbstractConnector (AbstractConnector.java:doStop(318)) - Stopped ServerConnector@772caabe{HTTP/1.1,[http/1.1]}{0.0.0.0:0}
2019-11-14 13:21:50,115 [main] INFO  handler.ContextHandler (ContextHandler.java:doStop(910)) - Stopped o.e.j.s.ServletContextHandler@75156240{/static,file:///workdir/hadoop-ozone/integration-test/target/test-classes/webapps/static,UNAVAILABLE}
2019-11-14 13:21:50,115 [main] INFO  handler.ContextHandler (ContextHandler.java:doStop(910)) - Stopped o.e.j.s.ServletContextHandler@34c70b5e{/logs,file:///workdir/hadoop-ozone/integration-test/target/log,UNAVAILABLE}
2019-11-14 13:21:50,116 [main] INFO  server.StorageContainerManager (StorageContainerManager.java:stop(851)) - Stopping Block Manager Service.
2019-11-14 13:21:50,117 [main] INFO  utils.BackgroundService (BackgroundService.java:shutdown(151)) - Shutting down service SCMBlockDeletingService
2019-11-14 13:21:50,117 [main] INFO  utils.BackgroundService (BackgroundService.java:shutdown(151)) - Shutting down service SCMBlockDeletingService
2019-11-14 13:21:50,117 [main] INFO  server.StorageContainerManager (StorageContainerManager.java:stop(873)) - Stopping SCM Event Queue.
2019-11-14 13:21:50,123 [main] INFO  impl.MetricsSystemImpl (MetricsSystemImpl.java:stop(210)) - Stopping HddsDatanode metrics system...
2019-11-14 13:21:50,135 [main] INFO  impl.MetricsSystemImpl (MetricsSystemImpl.java:stop(216)) - HddsDatanode metrics system stopped.
]]></system-out>
    <system-err><![CDATA[Nov 14, 2019 1:21:39 PM org.apache.ratis.thirdparty.io.grpc.internal.SerializingExecutor run
SEVERE: Exception while executing runnable org.apache.ratis.thirdparty.io.grpc.internal.ServerImpl$JumpToApplicationThreadServerStreamListener$1Closed@6d20edcd
org.apache.ratis.thirdparty.io.grpc.StatusRuntimeException: CANCELLED: call already cancelled
	at org.apache.ratis.thirdparty.io.grpc.Status.asRuntimeException(Status.java:517)
	at org.apache.ratis.thirdparty.io.grpc.stub.ServerCalls$ServerCallStreamObserverImpl.onCompleted(ServerCalls.java:356)
	at org.apache.ratis.grpc.server.GrpcServerProtocolService$ServerRequestStreamObserver.onError(GrpcServerProtocolService.java:121)
	at org.apache.ratis.thirdparty.io.grpc.stub.ServerCalls$StreamingServerCallHandler$StreamingServerCallListener.onCancel(ServerCalls.java:269)
	at org.apache.ratis.thirdparty.io.grpc.internal.ServerCallImpl$ServerStreamListenerImpl.closed(ServerCallImpl.java:293)
	at org.apache.ratis.thirdparty.io.grpc.internal.ServerImpl$JumpToApplicationThreadServerStreamListener$1Closed.runInContext(ServerImpl.java:741)
	at org.apache.ratis.thirdparty.io.grpc.internal.ContextRunnable.run(ContextRunnable.java:37)
	at org.apache.ratis.thirdparty.io.grpc.internal.SerializingExecutor.run(SerializingExecutor.java:123)
	at java.util.concurrent.ThreadPoolExecutor.runWorker(ThreadPoolExecutor.java:1149)
	at java.util.concurrent.ThreadPoolExecutor$Worker.run(ThreadPoolExecutor.java:624)
	at java.lang.Thread.run(Thread.java:748)

Nov 14, 2019 1:21:39 PM org.apache.ratis.thirdparty.io.grpc.internal.SerializingExecutor run
SEVERE: Exception while executing runnable org.apache.ratis.thirdparty.io.grpc.internal.ServerImpl$JumpToApplicationThreadServerStreamListener$1Closed@74e06e6b
org.apache.ratis.thirdparty.io.grpc.StatusRuntimeException: CANCELLED: call already cancelled
	at org.apache.ratis.thirdparty.io.grpc.Status.asRuntimeException(Status.java:517)
	at org.apache.ratis.thirdparty.io.grpc.stub.ServerCalls$ServerCallStreamObserverImpl.onCompleted(ServerCalls.java:356)
	at org.apache.ratis.grpc.server.GrpcServerProtocolService$ServerRequestStreamObserver.onError(GrpcServerProtocolService.java:121)
	at org.apache.ratis.thirdparty.io.grpc.stub.ServerCalls$StreamingServerCallHandler$StreamingServerCallListener.onCancel(ServerCalls.java:269)
	at org.apache.ratis.thirdparty.io.grpc.internal.ServerCallImpl$ServerStreamListenerImpl.closed(ServerCallImpl.java:293)
	at org.apache.ratis.thirdparty.io.grpc.internal.ServerImpl$JumpToApplicationThreadServerStreamListener$1Closed.runInContext(ServerImpl.java:741)
	at org.apache.ratis.thirdparty.io.grpc.internal.ContextRunnable.run(ContextRunnable.java:37)
	at org.apache.ratis.thirdparty.io.grpc.internal.SerializingExecutor.run(SerializingExecutor.java:123)
	at java.util.concurrent.ThreadPoolExecutor.runWorker(ThreadPoolExecutor.java:1149)
	at java.util.concurrent.ThreadPoolExecutor$Worker.run(ThreadPoolExecutor.java:624)
	at java.lang.Thread.run(Thread.java:748)

Nov 14, 2019 1:21:44 PM org.apache.ratis.thirdparty.io.grpc.internal.SerializingExecutor run
SEVERE: Exception while executing runnable org.apache.ratis.thirdparty.io.grpc.internal.ServerImpl$JumpToApplicationThreadServerStreamListener$1Closed@65e1dd7f
org.apache.ratis.thirdparty.io.grpc.StatusRuntimeException: CANCELLED: call already cancelled
	at org.apache.ratis.thirdparty.io.grpc.Status.asRuntimeException(Status.java:517)
	at org.apache.ratis.thirdparty.io.grpc.stub.ServerCalls$ServerCallStreamObserverImpl.onCompleted(ServerCalls.java:356)
	at org.apache.ratis.grpc.server.GrpcServerProtocolService$ServerRequestStreamObserver.onError(GrpcServerProtocolService.java:121)
	at org.apache.ratis.thirdparty.io.grpc.stub.ServerCalls$StreamingServerCallHandler$StreamingServerCallListener.onCancel(ServerCalls.java:269)
	at org.apache.ratis.thirdparty.io.grpc.internal.ServerCallImpl$ServerStreamListenerImpl.closed(ServerCallImpl.java:293)
	at org.apache.ratis.thirdparty.io.grpc.internal.ServerImpl$JumpToApplicationThreadServerStreamListener$1Closed.runInContext(ServerImpl.java:741)
	at org.apache.ratis.thirdparty.io.grpc.internal.ContextRunnable.run(ContextRunnable.java:37)
	at org.apache.ratis.thirdparty.io.grpc.internal.SerializingExecutor.run(SerializingExecutor.java:123)
	at java.util.concurrent.ThreadPoolExecutor.runWorker(ThreadPoolExecutor.java:1149)
	at java.util.concurrent.ThreadPoolExecutor$Worker.run(ThreadPoolExecutor.java:624)
	at java.lang.Thread.run(Thread.java:748)

Nov 14, 2019 1:21:44 PM org.apache.ratis.thirdparty.io.grpc.internal.SerializingExecutor run
SEVERE: Exception while executing runnable org.apache.ratis.thirdparty.io.grpc.internal.ServerImpl$JumpToApplicationThreadServerStreamListener$1Closed@398be330
org.apache.ratis.thirdparty.io.grpc.StatusRuntimeException: CANCELLED: call already cancelled
	at org.apache.ratis.thirdparty.io.grpc.Status.asRuntimeException(Status.java:517)
	at org.apache.ratis.thirdparty.io.grpc.stub.ServerCalls$ServerCallStreamObserverImpl.onCompleted(ServerCalls.java:356)
	at org.apache.ratis.grpc.server.GrpcServerProtocolService$ServerRequestStreamObserver.onError(GrpcServerProtocolService.java:121)
	at org.apache.ratis.thirdparty.io.grpc.stub.ServerCalls$StreamingServerCallHandler$StreamingServerCallListener.onCancel(ServerCalls.java:269)
	at org.apache.ratis.thirdparty.io.grpc.internal.ServerCallImpl$ServerStreamListenerImpl.closed(ServerCallImpl.java:293)
	at org.apache.ratis.thirdparty.io.grpc.internal.ServerImpl$JumpToApplicationThreadServerStreamListener$1Closed.runInContext(ServerImpl.java:741)
	at org.apache.ratis.thirdparty.io.grpc.internal.ContextRunnable.run(ContextRunnable.java:37)
	at org.apache.ratis.thirdparty.io.grpc.internal.SerializingExecutor.run(SerializingExecutor.java:123)
	at java.util.concurrent.ThreadPoolExecutor.runWorker(ThreadPoolExecutor.java:1149)
	at java.util.concurrent.ThreadPoolExecutor$Worker.run(ThreadPoolExecutor.java:624)
	at java.lang.Thread.run(Thread.java:748)

]]></system-err>
  </testcase>
</testsuite>