<?xml version="1.0" encoding="UTF-8"?>
<testsuite xmlns:xsi="http://www.w3.org/2001/XMLSchema-instance" xsi:noNamespaceSchemaLocation="https://maven.apache.org/surefire/maven-surefire-plugin/xsd/surefire-test-report.xsd" name="org.apache.hadoop.ozone.freon.TestFreonWithPipelineDestroy" time="64.374" tests="1" errors="1" skipped="0" failures="0">
  <properties>
    <property name="awt.toolkit" value="sun.awt.X11.XToolkit"/>
    <property name="file.encoding.pkg" value="sun.io"/>
    <property name="java.specification.version" value="1.8"/>
    <property name="sun.cpu.isalist" value=""/>
    <property name="sun.jnu.encoding" value="ANSI_X3.4-1968"/>
    <property name="java.class.path" value="/workdir/hadoop-ozone/tools/target/test-classes:/workdir/hadoop-ozone/tools/target/classes:/home/user/.m2/repository/org/apache/hadoop/hadoop-ozone-ozone-manager/0.5.0-SNAPSHOT/hadoop-ozone-ozone-manager-0.5.0-SNAPSHOT.jar:/home/user/.m2/repository/org/apache/hadoop/hadoop-hdds-docs/0.5.0-SNAPSHOT/hadoop-hdds-docs-0.5.0-SNAPSHOT.jar:/home/user/.m2/repository/org/bouncycastle/bcprov-jdk15on/1.60/bcprov-jdk15on-1.60.jar:/home/user/.m2/repository/org/apache/hadoop/hadoop-ozone-common/0.5.0-SNAPSHOT/hadoop-ozone-common-0.5.0-SNAPSHOT.jar:/home/user/.m2/repository/org/apache/commons/commons-compress/1.4.1/commons-compress-1.4.1.jar:/home/user/.m2/repository/org/tukaani/xz/1.0/xz-1.0.jar:/home/user/.m2/repository/org/apache/hadoop/hadoop-hdfs-client/3.2.0/hadoop-hdfs-client-3.2.0.jar:/home/user/.m2/repository/com/fasterxml/jackson/core/jackson-annotations/2.9.9/jackson-annotations-2.9.9.jar:/home/user/.m2/repository/org/apache/hadoop/hadoop-hdds-common/0.5.0-SNAPSHOT/hadoop-hdds-common-0.5.0-SNAPSHOT.jar:/home/user/.m2/repository/org/apache/hadoop/hadoop-hdds-config/0.5.0-SNAPSHOT/hadoop-hdds-config-0.5.0-SNAPSHOT.jar:/home/user/.m2/repository/javax/annotation/javax.annotation-api/1.2/javax.annotation-api-1.2.jar:/home/user/.m2/repository/org/apache/ratis/ratis-server/0.5.0-d6d58d0-SNAPSHOT/ratis-server-0.5.0-d6d58d0-SNAPSHOT.jar:/home/user/.m2/repository/org/apache/ratis/ratis-thirdparty-misc/0.2.0/ratis-thirdparty-misc-0.2.0.jar:/home/user/.m2/repository/org/apache/ratis/ratis-proto/0.5.0-d6d58d0-SNAPSHOT/ratis-proto-0.5.0-d6d58d0-SNAPSHOT.jar:/home/user/.m2/repository/org/apache/ratis/ratis-common/0.5.0-d6d58d0-SNAPSHOT/ratis-common-0.5.0-d6d58d0-SNAPSHOT.jar:/home/user/.m2/repository/org/apache/ratis/ratis-client/0.5.0-d6d58d0-SNAPSHOT/ratis-client-0.5.0-d6d58d0-SNAPSHOT.jar:/home/user/.m2/repository/org/apache/ratis/ratis-metrics/0.5.0-d6d58d0-SNAPSHOT/ratis-metrics-0.5.0-d6d58d0-SNAPSHOT.jar:/home/user/.m2/repository/org/apache/ratis/ratis-netty/0.5.0-d6d58d0-SNAPSHOT/ratis-netty-0.5.0-d6d58d0-SNAPSHOT.jar:/home/user/.m2/repository/org/apache/ratis/ratis-grpc/0.5.0-d6d58d0-SNAPSHOT/ratis-grpc-0.5.0-d6d58d0-SNAPSHOT.jar:/home/user/.m2/repository/org/rocksdb/rocksdbjni/6.0.1/rocksdbjni-6.0.1.jar:/home/user/.m2/repository/org/apache/logging/log4j/log4j-api/2.11.0/log4j-api-2.11.0.jar:/home/user/.m2/repository/org/apache/logging/log4j/log4j-core/2.11.0/log4j-core-2.11.0.jar:/home/user/.m2/repository/com/lmax/disruptor/3.4.2/disruptor-3.4.2.jar:/home/user/.m2/repository/org/apache/commons/commons-pool2/2.6.0/commons-pool2-2.6.0.jar:/home/user/.m2/repository/org/bouncycastle/bcpkix-jdk15on/1.60/bcpkix-jdk15on-1.60.jar:/home/user/.m2/repository/commons-validator/commons-validator/1.6/commons-validator-1.6.jar:/home/user/.m2/repository/commons-digester/commons-digester/1.8.1/commons-digester-1.8.1.jar:/home/user/.m2/repository/io/jaegertracing/jaeger-client/0.34.0/jaeger-client-0.34.0.jar:/home/user/.m2/repository/io/jaegertracing/jaeger-thrift/0.34.0/jaeger-thrift-0.34.0.jar:/home/user/.m2/repository/org/apache/thrift/libthrift/0.12.0/libthrift-0.12.0.jar:/home/user/.m2/repository/com/squareup/okhttp3/okhttp/3.9.0/okhttp-3.9.0.jar:/home/user/.m2/repository/com/squareup/okio/okio/1.13.0/okio-1.13.0.jar:/home/user/.m2/repository/io/jaegertracing/jaeger-core/0.34.0/jaeger-core-0.34.0.jar:/home/user/.m2/repository/io/jaegertracing/jaeger-tracerresolver/0.34.0/jaeger-tracerresolver-0.34.0.jar:/home/user/.m2/repository/io/opentracing/contrib/opentracing-tracerresolver/0.1.5/opentracing-tracerresolver-0.1.5.jar:/home/user/.m2/repository/io/opentracing/opentracing-util/0.31.0/opentracing-util-0.31.0.jar:/home/user/.m2/repository/io/opentracing/opentracing-api/0.31.0/opentracing-api-0.31.0.jar:/home/user/.m2/repository/io/opentracing/opentracing-noop/0.31.0/opentracing-noop-0.31.0.jar:/home/user/.m2/repository/org/yaml/snakeyaml/1.16/snakeyaml-1.16.jar:/home/user/.m2/repository/org/apache/hadoop/hadoop-hdds-container-service/0.5.0-SNAPSHOT/hadoop-hdds-container-service-0.5.0-SNAPSHOT.jar:/home/user/.m2/repository/org/apache/hadoop/hadoop-hdds-client/0.5.0-SNAPSHOT/hadoop-hdds-client-0.5.0-SNAPSHOT.jar:/home/user/.m2/repository/org/apache/hadoop/hadoop-hdds-tools/0.5.0-SNAPSHOT/hadoop-hdds-tools-0.5.0-SNAPSHOT.jar:/home/user/.m2/repository/org/xerial/sqlite-jdbc/3.25.2/sqlite-jdbc-3.25.2.jar:/home/user/.m2/repository/org/apache/hadoop/hadoop-hdds-server-scm/0.5.0-SNAPSHOT/hadoop-hdds-server-scm-0.5.0-SNAPSHOT.jar:/home/user/.m2/repository/org/hamcrest/hamcrest-all/1.3/hamcrest-all-1.3.jar:/home/user/.m2/repository/info/picocli/picocli/3.9.6/picocli-3.9.6.jar:/home/user/.m2/repository/com/google/protobuf/protobuf-java/2.5.0/protobuf-java-2.5.0.jar:/home/user/.m2/repository/com/google/guava/guava/11.0.2/guava-11.0.2.jar:/home/user/.m2/repository/org/apache/hadoop/hadoop-ozone-client/0.5.0-SNAPSHOT/hadoop-ozone-client-0.5.0-SNAPSHOT.jar:/workdir/hadoop-ozone/ozonefs/target/classes:/home/user/.m2/repository/org/apache/httpcomponents/httpclient/4.5.2/httpclient-4.5.2.jar:/home/user/.m2/repository/org/apache/httpcomponents/httpcore/4.4.4/httpcore-4.4.4.jar:/home/user/.m2/repository/org/apache/hadoop/hadoop-hdds-server-framework/0.5.0-SNAPSHOT/hadoop-hdds-server-framework-0.5.0-SNAPSHOT.jar:/home/user/.m2/repository/org/apache/hadoop/hadoop-common/3.2.0/hadoop-common-3.2.0.jar:/home/user/.m2/repository/org/apache/hadoop/hadoop-annotations/3.2.0/hadoop-annotations-3.2.0.jar:/usr/lib/jvm/java-1.8.0-openjdk-1.8.0.222.b10-1.el7_7.x86_64/jre/../lib/tools.jar:/home/user/.m2/repository/commons-cli/commons-cli/1.2/commons-cli-1.2.jar:/home/user/.m2/repository/org/apache/commons/commons-math3/3.1.1/commons-math3-3.1.1.jar:/home/user/.m2/repository/commons-codec/commons-codec/1.11/commons-codec-1.11.jar:/home/user/.m2/repository/commons-io/commons-io/2.5/commons-io-2.5.jar:/home/user/.m2/repository/commons-net/commons-net/3.6/commons-net-3.6.jar:/home/user/.m2/repository/commons-collections/commons-collections/3.2.2/commons-collections-3.2.2.jar:/home/user/.m2/repository/javax/servlet/javax.servlet-api/3.1.0/javax.servlet-api-3.1.0.jar:/home/user/.m2/repository/org/eclipse/jetty/jetty-server/9.3.25.v20180904/jetty-server-9.3.25.v20180904.jar:/home/user/.m2/repository/org/eclipse/jetty/jetty-http/9.3.25.v20180904/jetty-http-9.3.25.v20180904.jar:/home/user/.m2/repository/org/eclipse/jetty/jetty-io/9.3.25.v20180904/jetty-io-9.3.25.v20180904.jar:/home/user/.m2/repository/org/eclipse/jetty/jetty-util/9.3.25.v20180904/jetty-util-9.3.25.v20180904.jar:/home/user/.m2/repository/org/eclipse/jetty/jetty-servlet/9.3.25.v20180904/jetty-servlet-9.3.25.v20180904.jar:/home/user/.m2/repository/org/eclipse/jetty/jetty-security/9.3.25.v20180904/jetty-security-9.3.25.v20180904.jar:/home/user/.m2/repository/org/eclipse/jetty/jetty-webapp/9.3.25.v20180904/jetty-webapp-9.3.25.v20180904.jar:/home/user/.m2/repository/org/eclipse/jetty/jetty-xml/9.3.25.v20180904/jetty-xml-9.3.25.v20180904.jar:/home/user/.m2/repository/javax/servlet/jsp/jsp-api/2.1/jsp-api-2.1.jar:/home/user/.m2/repository/com/sun/jersey/jersey-core/1.19/jersey-core-1.19.jar:/home/user/.m2/repository/javax/ws/rs/jsr311-api/1.1.1/jsr311-api-1.1.1.jar:/home/user/.m2/repository/com/sun/jersey/jersey-servlet/1.19/jersey-servlet-1.19.jar:/home/user/.m2/repository/com/sun/jersey/jersey-json/1.19/jersey-json-1.19.jar:/home/user/.m2/repository/org/codehaus/jettison/jettison/1.1/jettison-1.1.jar:/home/user/.m2/repository/com/sun/xml/bind/jaxb-impl/2.3.0.1/jaxb-impl-2.3.0.1.jar:/home/user/.m2/repository/org/codehaus/jackson/jackson-core-asl/1.9.13/jackson-core-asl-1.9.13.jar:/home/user/.m2/repository/org/codehaus/jackson/jackson-mapper-asl/1.9.13/jackson-mapper-asl-1.9.13.jar:/home/user/.m2/repository/org/codehaus/jackson/jackson-jaxrs/1.9.13/jackson-jaxrs-1.9.13.jar:/home/user/.m2/repository/org/codehaus/jackson/jackson-xc/1.9.13/jackson-xc-1.9.13.jar:/home/user/.m2/repository/com/sun/jersey/jersey-server/1.19/jersey-server-1.19.jar:/home/user/.m2/repository/commons-logging/commons-logging/1.1.3/commons-logging-1.1.3.jar:/home/user/.m2/repository/log4j/log4j/1.2.17/log4j-1.2.17.jar:/home/user/.m2/repository/commons-beanutils/commons-beanutils/1.9.4/commons-beanutils-1.9.4.jar:/home/user/.m2/repository/org/apache/commons/commons-configuration2/2.1.1/commons-configuration2-2.1.1.jar:/home/user/.m2/repository/org/apache/commons/commons-lang3/3.7/commons-lang3-3.7.jar:/home/user/.m2/repository/org/apache/commons/commons-text/1.4/commons-text-1.4.jar:/home/user/.m2/repository/org/slf4j/slf4j-api/1.7.25/slf4j-api-1.7.25.jar:/home/user/.m2/repository/org/slf4j/slf4j-log4j12/1.7.25/slf4j-log4j12-1.7.25.jar:/home/user/.m2/repository/org/apache/avro/avro/1.7.7/avro-1.7.7.jar:/home/user/.m2/repository/com/thoughtworks/paranamer/paranamer/2.3/paranamer-2.3.jar:/home/user/.m2/repository/org/xerial/snappy/snappy-java/1.0.5/snappy-java-1.0.5.jar:/home/user/.m2/repository/com/google/re2j/re2j/1.1/re2j-1.1.jar:/home/user/.m2/repository/com/google/code/gson/gson/2.2.4/gson-2.2.4.jar:/home/user/.m2/repository/org/apache/hadoop/hadoop-auth/3.2.0/hadoop-auth-3.2.0.jar:/home/user/.m2/repository/com/nimbusds/nimbus-jose-jwt/4.41.1/nimbus-jose-jwt-4.41.1.jar:/home/user/.m2/repository/com/github/stephenc/jcip/jcip-annotations/1.0-1/jcip-annotations-1.0-1.jar:/home/user/.m2/repository/net/minidev/json-smart/2.3/json-smart-2.3.jar:/home/user/.m2/repository/net/minidev/accessors-smart/1.2/accessors-smart-1.2.jar:/home/user/.m2/repository/org/apache/curator/curator-framework/2.12.0/curator-framework-2.12.0.jar:/home/user/.m2/repository/com/jcraft/jsch/0.1.54/jsch-0.1.54.jar:/home/user/.m2/repository/org/apache/curator/curator-client/2.12.0/curator-client-2.12.0.jar:/home/user/.m2/repository/org/apache/curator/curator-recipes/2.12.0/curator-recipes-2.12.0.jar:/home/user/.m2/repository/com/google/code/findbugs/jsr305/3.0.0/jsr305-3.0.0.jar:/home/user/.m2/repository/org/apache/htrace/htrace-core4/4.1.0-incubating/htrace-core4-4.1.0-incubating.jar:/home/user/.m2/repository/org/apache/zookeeper/zookeeper/3.4.13/zookeeper-3.4.13.jar:/home/user/.m2/repository/jline/jline/0.9.94/jline-0.9.94.jar:/home/user/.m2/repository/org/apache/yetus/audience-annotations/0.5.0/audience-annotations-0.5.0.jar:/home/user/.m2/repository/org/apache/kerby/kerb-simplekdc/1.0.1/kerb-simplekdc-1.0.1.jar:/home/user/.m2/repository/org/apache/kerby/kerb-client/1.0.1/kerb-client-1.0.1.jar:/home/user/.m2/repository/org/apache/kerby/kerby-config/1.0.1/kerby-config-1.0.1.jar:/home/user/.m2/repository/org/apache/kerby/kerb-core/1.0.1/kerb-core-1.0.1.jar:/home/user/.m2/repository/org/apache/kerby/kerby-pkix/1.0.1/kerby-pkix-1.0.1.jar:/home/user/.m2/repository/org/apache/kerby/kerby-asn1/1.0.1/kerby-asn1-1.0.1.jar:/home/user/.m2/repository/org/apache/kerby/kerby-util/1.0.1/kerby-util-1.0.1.jar:/home/user/.m2/repository/org/apache/kerby/kerb-common/1.0.1/kerb-common-1.0.1.jar:/home/user/.m2/repository/org/apache/kerby/kerb-crypto/1.0.1/kerb-crypto-1.0.1.jar:/home/user/.m2/repository/org/apache/kerby/kerb-util/1.0.1/kerb-util-1.0.1.jar:/home/user/.m2/repository/org/apache/kerby/token-provider/1.0.1/token-provider-1.0.1.jar:/home/user/.m2/repository/org/apache/kerby/kerb-admin/1.0.1/kerb-admin-1.0.1.jar:/home/user/.m2/repository/org/apache/kerby/kerb-server/1.0.1/kerb-server-1.0.1.jar:/home/user/.m2/repository/org/apache/kerby/kerb-identity/1.0.1/kerb-identity-1.0.1.jar:/home/user/.m2/repository/org/apache/kerby/kerby-xdr/1.0.1/kerby-xdr-1.0.1.jar:/home/user/.m2/repository/com/fasterxml/jackson/core/jackson-databind/2.9.9/jackson-databind-2.9.9.jar:/home/user/.m2/repository/com/fasterxml/jackson/core/jackson-core/2.9.9/jackson-core-2.9.9.jar:/home/user/.m2/repository/org/codehaus/woodstox/stax2-api/3.1.4/stax2-api-3.1.4.jar:/home/user/.m2/repository/com/fasterxml/woodstox/woodstox-core/5.0.3/woodstox-core-5.0.3.jar:/home/user/.m2/repository/dnsjava/dnsjava/2.1.7/dnsjava-2.1.7.jar:/home/user/.m2/repository/org/apache/hadoop/hadoop-hdfs/3.2.0/hadoop-hdfs-3.2.0.jar:/home/user/.m2/repository/org/eclipse/jetty/jetty-util-ajax/9.3.25.v20180904/jetty-util-ajax-9.3.25.v20180904.jar:/home/user/.m2/repository/commons-daemon/commons-daemon/1.0.13/commons-daemon-1.0.13.jar:/home/user/.m2/repository/io/netty/netty/3.10.5.Final/netty-3.10.5.Final.jar:/home/user/.m2/repository/io/netty/netty-all/4.0.52.Final/netty-all-4.0.52.Final.jar:/home/user/.m2/repository/org/fusesource/leveldbjni/leveldbjni-all/1.8/leveldbjni-all-1.8.jar:/home/user/.m2/repository/com/sun/xml/bind/jaxb-core/2.3.0.1/jaxb-core-2.3.0.1.jar:/home/user/.m2/repository/javax/xml/bind/jaxb-api/2.3.0/jaxb-api-2.3.0.jar:/home/user/.m2/repository/javax/activation/activation/1.1.1/activation-1.1.1.jar:/home/user/.m2/repository/org/openjdk/jmh/jmh-core/1.19/jmh-core-1.19.jar:/home/user/.m2/repository/net/sf/jopt-simple/jopt-simple/4.6/jopt-simple-4.6.jar:/home/user/.m2/repository/org/openjdk/jmh/jmh-generator-annprocess/1.19/jmh-generator-annprocess-1.19.jar:/home/user/.m2/repository/io/dropwizard/metrics/metrics-core/3.2.4/metrics-core-3.2.4.jar:/home/user/.m2/repository/com/amazonaws/aws-java-sdk-s3/1.11.615/aws-java-sdk-s3-1.11.615.jar:/home/user/.m2/repository/com/amazonaws/aws-java-sdk-kms/1.11.615/aws-java-sdk-kms-1.11.615.jar:/home/user/.m2/repository/com/amazonaws/aws-java-sdk-core/1.11.615/aws-java-sdk-core-1.11.615.jar:/home/user/.m2/repository/software/amazon/ion/ion-java/1.0.2/ion-java-1.0.2.jar:/home/user/.m2/repository/com/fasterxml/jackson/dataformat/jackson-dataformat-cbor/2.9.9/jackson-dataformat-cbor-2.9.9.jar:/home/user/.m2/repository/joda-time/joda-time/2.9.9/joda-time-2.9.9.jar:/home/user/.m2/repository/com/amazonaws/jmespath-java/1.11.615/jmespath-java-1.11.615.jar:/home/user/.m2/repository/com/github/spotbugs/spotbugs/3.1.12/spotbugs-3.1.12.jar:/home/user/.m2/repository/org/ow2/asm/asm/5.0.4/asm-5.0.4.jar:/home/user/.m2/repository/org/ow2/asm/asm-analysis/7.0/asm-analysis-7.0.jar:/home/user/.m2/repository/org/ow2/asm/asm-commons/7.0/asm-commons-7.0.jar:/home/user/.m2/repository/org/ow2/asm/asm-tree/7.0/asm-tree-7.0.jar:/home/user/.m2/repository/org/ow2/asm/asm-util/7.0/asm-util-7.0.jar:/home/user/.m2/repository/org/apache/bcel/bcel/6.3/bcel-6.3.jar:/home/user/.m2/repository/net/jcip/jcip-annotations/1.0/jcip-annotations-1.0.jar:/home/user/.m2/repository/org/dom4j/dom4j/2.1.1/dom4j-2.1.1.jar:/home/user/.m2/repository/jaxen/jaxen/1.1.6/jaxen-1.1.6.jar:/home/user/.m2/repository/commons-lang/commons-lang/2.6/commons-lang-2.6.jar:/home/user/.m2/repository/com/github/spotbugs/spotbugs-annotations/3.1.12/spotbugs-annotations-3.1.12.jar:/home/user/.m2/repository/junit/junit/4.11/junit-4.11.jar:/home/user/.m2/repository/org/hamcrest/hamcrest-core/1.3/hamcrest-core-1.3.jar:/home/user/.m2/repository/org/apache/hadoop/hadoop-common/3.2.0/hadoop-common-3.2.0-tests.jar:/workdir/hadoop-ozone/integration-test/target/test-classes:/home/user/.m2/repository/org/apache/hadoop/hadoop-ozone-s3gateway/0.5.0-SNAPSHOT/hadoop-ozone-s3gateway-0.5.0-SNAPSHOT.jar:/home/user/.m2/repository/org/jboss/weld/servlet/weld-servlet/2.4.7.Final/weld-servlet-2.4.7.Final.jar:/home/user/.m2/repository/org/glassfish/jersey/containers/jersey-container-servlet-core/2.27/jersey-container-servlet-core-2.27.jar:/home/user/.m2/repository/org/glassfish/hk2/external/javax.inject/2.5.0-b42/javax.inject-2.5.0-b42.jar:/home/user/.m2/repository/org/glassfish/jersey/core/jersey-common/2.27/jersey-common-2.27.jar:/home/user/.m2/repository/org/glassfish/hk2/osgi-resource-locator/1.0.1/osgi-resource-locator-1.0.1.jar:/home/user/.m2/repository/javax/ws/rs/javax.ws.rs-api/2.1/javax.ws.rs-api-2.1.jar:/home/user/.m2/repository/org/glassfish/jersey/ext/cdi/jersey-cdi1x/2.27/jersey-cdi1x-2.27.jar:/home/user/.m2/repository/org/glassfish/jersey/inject/jersey-hk2/2.27/jersey-hk2-2.27.jar:/home/user/.m2/repository/org/glassfish/hk2/hk2-locator/2.5.0-b42/hk2-locator-2.5.0-b42.jar:/home/user/.m2/repository/org/javassist/javassist/3.22.0-CR2/javassist-3.22.0-CR2.jar:/home/user/.m2/repository/org/glassfish/hk2/hk2-api/2.5.0/hk2-api-2.5.0.jar:/home/user/.m2/repository/org/glassfish/hk2/external/jakarta.inject/2.5.0/jakarta.inject-2.5.0.jar:/home/user/.m2/repository/org/glassfish/hk2/hk2-utils/2.5.0/hk2-utils-2.5.0.jar:/home/user/.m2/repository/jakarta/annotation/jakarta.annotation-api/1.3.4/jakarta.annotation-api-1.3.4.jar:/home/user/.m2/repository/org/glassfish/hk2/external/aopalliance-repackaged/2.5.0/aopalliance-repackaged-2.5.0.jar:/home/user/.m2/repository/com/fasterxml/jackson/dataformat/jackson-dataformat-xml/2.9.0/jackson-dataformat-xml-2.9.0.jar:/home/user/.m2/repository/com/fasterxml/jackson/module/jackson-module-jaxb-annotations/2.9.9/jackson-module-jaxb-annotations-2.9.9.jar:/home/user/.m2/repository/javax/enterprise/cdi-api/1.2/cdi-api-1.2.jar:/home/user/.m2/repository/javax/el/javax.el-api/3.0.0/javax.el-api-3.0.0.jar:/home/user/.m2/repository/javax/interceptor/javax.interceptor-api/1.2/javax.interceptor-api-1.2.jar:/home/user/.m2/repository/javax/inject/javax.inject/1/javax.inject-1.jar:/home/user/.m2/repository/org/apache/hadoop/hadoop-ozone-csi/0.5.0-SNAPSHOT/hadoop-ozone-csi-0.5.0-SNAPSHOT.jar:/home/user/.m2/repository/com/google/protobuf/protobuf-java-util/3.5.1/protobuf-java-util-3.5.1.jar:/home/user/.m2/repository/io/grpc/grpc-netty/1.17.1/grpc-netty-1.17.1.jar:/home/user/.m2/repository/io/grpc/grpc-core/1.17.1/grpc-core-1.17.1.jar:/home/user/.m2/repository/io/grpc/grpc-context/1.17.1/grpc-context-1.17.1.jar:/home/user/.m2/repository/com/google/errorprone/error_prone_annotations/2.2.0/error_prone_annotations-2.2.0.jar:/home/user/.m2/repository/org/codehaus/mojo/animal-sniffer-annotations/1.17/animal-sniffer-annotations-1.17.jar:/home/user/.m2/repository/io/opencensus/opencensus-api/0.17.0/opencensus-api-0.17.0.jar:/home/user/.m2/repository/io/opencensus/opencensus-contrib-grpc-metrics/0.17.0/opencensus-contrib-grpc-metrics-0.17.0.jar:/home/user/.m2/repository/io/netty/netty-codec-http2/4.1.30.Final/netty-codec-http2-4.1.30.Final.jar:/home/user/.m2/repository/io/netty/netty-codec-http/4.1.30.Final/netty-codec-http-4.1.30.Final.jar:/home/user/.m2/repository/io/netty/netty-codec/4.1.30.Final/netty-codec-4.1.30.Final.jar:/home/user/.m2/repository/io/netty/netty-handler/4.1.30.Final/netty-handler-4.1.30.Final.jar:/home/user/.m2/repository/io/netty/netty-handler-proxy/4.1.30.Final/netty-handler-proxy-4.1.30.Final.jar:/home/user/.m2/repository/io/netty/netty-codec-socks/4.1.30.Final/netty-codec-socks-4.1.30.Final.jar:/home/user/.m2/repository/io/netty/netty-transport-native-epoll/4.1.30.Final/netty-transport-native-epoll-4.1.30.Final.jar:/home/user/.m2/repository/io/netty/netty-common/4.1.30.Final/netty-common-4.1.30.Final.jar:/home/user/.m2/repository/io/netty/netty-buffer/4.1.30.Final/netty-buffer-4.1.30.Final.jar:/home/user/.m2/repository/io/netty/netty-transport/4.1.30.Final/netty-transport-4.1.30.Final.jar:/home/user/.m2/repository/io/netty/netty-resolver/4.1.30.Final/netty-resolver-4.1.30.Final.jar:/home/user/.m2/repository/io/netty/netty-transport-native-unix-common/4.1.30.Final/netty-transport-native-unix-common-4.1.30.Final.jar:/home/user/.m2/repository/io/grpc/grpc-protobuf/1.17.1/grpc-protobuf-1.17.1.jar:/home/user/.m2/repository/com/google/api/grpc/proto-google-common-protos/1.0.0/proto-google-common-protos-1.0.0.jar:/home/user/.m2/repository/io/grpc/grpc-protobuf-lite/1.17.1/grpc-protobuf-lite-1.17.1.jar:/home/user/.m2/repository/io/grpc/grpc-stub/1.17.1/grpc-stub-1.17.1.jar:/home/user/.m2/repository/org/apache/hadoop/hadoop-ozone-recon/0.5.0-SNAPSHOT/hadoop-ozone-recon-0.5.0-SNAPSHOT.jar:/home/user/.m2/repository/org/apache/hadoop/hadoop-ozone-reconcodegen/0.5.0-SNAPSHOT/hadoop-ozone-reconcodegen-0.5.0-SNAPSHOT.jar:/home/user/.m2/repository/com/google/inject/extensions/guice-multibindings/4.0/guice-multibindings-4.0.jar:/home/user/.m2/repository/com/google/inject/guice/4.0/guice-4.0.jar:/home/user/.m2/repository/aopalliance/aopalliance/1.0/aopalliance-1.0.jar:/home/user/.m2/repository/com/google/inject/extensions/guice-servlet/4.0/guice-servlet-4.0.jar:/home/user/.m2/repository/org/glassfish/jersey/containers/jersey-container-servlet/2.27/jersey-container-servlet-2.27.jar:/home/user/.m2/repository/org/glassfish/hk2/guice-bridge/2.5.0/guice-bridge-2.5.0.jar:/home/user/.m2/repository/org/glassfish/jersey/core/jersey-server/2.27/jersey-server-2.27.jar:/home/user/.m2/repository/org/glassfish/jersey/core/jersey-client/2.27/jersey-client-2.27.jar:/home/user/.m2/repository/org/glassfish/jersey/media/jersey-media-jaxb/2.27/jersey-media-jaxb-2.27.jar:/home/user/.m2/repository/javax/validation/validation-api/1.1.0.Final/validation-api-1.1.0.Final.jar:/home/user/.m2/repository/org/glassfish/jersey/media/jersey-media-json-jackson/2.27/jersey-media-json-jackson-2.27.jar:/home/user/.m2/repository/org/glassfish/jersey/ext/jersey-entity-filtering/2.27/jersey-entity-filtering-2.27.jar:/home/user/.m2/repository/com/google/inject/extensions/guice-assistedinject/4.0/guice-assistedinject-4.0.jar:/home/user/.m2/repository/org/jooq/jooq/3.11.10/jooq-3.11.10.jar:/home/user/.m2/repository/org/jooq/jooq-meta/3.11.10/jooq-meta-3.11.10.jar:/home/user/.m2/repository/org/jooq/jooq-codegen/3.11.10/jooq-codegen-3.11.10.jar:/home/user/.m2/repository/com/jolbox/bonecp/0.8.0.RELEASE/bonecp-0.8.0.RELEASE.jar:/home/user/.m2/repository/org/springframework/spring-jdbc/5.1.3.RELEASE/spring-jdbc-5.1.3.RELEASE.jar:/home/user/.m2/repository/org/springframework/spring-beans/5.1.3.RELEASE/spring-beans-5.1.3.RELEASE.jar:/home/user/.m2/repository/org/springframework/spring-core/5.1.3.RELEASE/spring-core-5.1.3.RELEASE.jar:/home/user/.m2/repository/org/springframework/spring-jcl/5.1.3.RELEASE/spring-jcl-5.1.3.RELEASE.jar:/home/user/.m2/repository/org/springframework/spring-tx/5.1.3.RELEASE/spring-tx-5.1.3.RELEASE.jar:/home/user/.m2/repository/org/mockito/mockito-core/2.15.0/mockito-core-2.15.0.jar:/home/user/.m2/repository/net/bytebuddy/byte-buddy/1.7.9/byte-buddy-1.7.9.jar:/home/user/.m2/repository/net/bytebuddy/byte-buddy-agent/1.7.9/byte-buddy-agent-1.7.9.jar:/home/user/.m2/repository/org/objenesis/objenesis/1.0/objenesis-1.0.jar:"/>
    <property name="java.vm.vendor" value="Oracle Corporation"/>
    <property name="sun.arch.data.model" value="64"/>
    <property name="test.build.dir" value="/workdir/hadoop-ozone/tools/target/test-dir"/>
    <property name="test.cache.data" value=""/>
    <property name="java.vendor.url" value="http://java.oracle.com/"/>
    <property name="user.timezone" value=""/>
    <property name="java.vm.specification.version" value="1.8"/>
    <property name="os.name" value="Linux"/>
    <property name="test.build.data" value="/workdir/hadoop-ozone/tools/target/test-dir"/>
    <property name="user.country" value="US"/>
    <property name="sun.java.launcher" value="SUN_STANDARD"/>
    <property name="sun.boot.library.path" value="/usr/lib/jvm/java-1.8.0-openjdk-1.8.0.222.b10-1.el7_7.x86_64/jre/lib/amd64"/>
    <property name="sun.java.command" value="/workdir/hadoop-ozone/tools/target/surefire/surefirebooter7669229964512859198.jar /workdir/hadoop-ozone/tools/target/surefire 2019-11-13T19-18-42_215-jvmRun1 surefire1062575617089460909tmp surefire_991877622734102545616tmp"/>
    <property name="surefire.test.class.path" value="/workdir/hadoop-ozone/tools/target/test-classes:/workdir/hadoop-ozone/tools/target/classes:/home/user/.m2/repository/org/apache/hadoop/hadoop-ozone-ozone-manager/0.5.0-SNAPSHOT/hadoop-ozone-ozone-manager-0.5.0-SNAPSHOT.jar:/home/user/.m2/repository/org/apache/hadoop/hadoop-hdds-docs/0.5.0-SNAPSHOT/hadoop-hdds-docs-0.5.0-SNAPSHOT.jar:/home/user/.m2/repository/org/bouncycastle/bcprov-jdk15on/1.60/bcprov-jdk15on-1.60.jar:/home/user/.m2/repository/org/apache/hadoop/hadoop-ozone-common/0.5.0-SNAPSHOT/hadoop-ozone-common-0.5.0-SNAPSHOT.jar:/home/user/.m2/repository/org/apache/commons/commons-compress/1.4.1/commons-compress-1.4.1.jar:/home/user/.m2/repository/org/tukaani/xz/1.0/xz-1.0.jar:/home/user/.m2/repository/org/apache/hadoop/hadoop-hdfs-client/3.2.0/hadoop-hdfs-client-3.2.0.jar:/home/user/.m2/repository/com/fasterxml/jackson/core/jackson-annotations/2.9.9/jackson-annotations-2.9.9.jar:/home/user/.m2/repository/org/apache/hadoop/hadoop-hdds-common/0.5.0-SNAPSHOT/hadoop-hdds-common-0.5.0-SNAPSHOT.jar:/home/user/.m2/repository/org/apache/hadoop/hadoop-hdds-config/0.5.0-SNAPSHOT/hadoop-hdds-config-0.5.0-SNAPSHOT.jar:/home/user/.m2/repository/javax/annotation/javax.annotation-api/1.2/javax.annotation-api-1.2.jar:/home/user/.m2/repository/org/apache/ratis/ratis-server/0.5.0-d6d58d0-SNAPSHOT/ratis-server-0.5.0-d6d58d0-SNAPSHOT.jar:/home/user/.m2/repository/org/apache/ratis/ratis-thirdparty-misc/0.2.0/ratis-thirdparty-misc-0.2.0.jar:/home/user/.m2/repository/org/apache/ratis/ratis-proto/0.5.0-d6d58d0-SNAPSHOT/ratis-proto-0.5.0-d6d58d0-SNAPSHOT.jar:/home/user/.m2/repository/org/apache/ratis/ratis-common/0.5.0-d6d58d0-SNAPSHOT/ratis-common-0.5.0-d6d58d0-SNAPSHOT.jar:/home/user/.m2/repository/org/apache/ratis/ratis-client/0.5.0-d6d58d0-SNAPSHOT/ratis-client-0.5.0-d6d58d0-SNAPSHOT.jar:/home/user/.m2/repository/org/apache/ratis/ratis-metrics/0.5.0-d6d58d0-SNAPSHOT/ratis-metrics-0.5.0-d6d58d0-SNAPSHOT.jar:/home/user/.m2/repository/org/apache/ratis/ratis-netty/0.5.0-d6d58d0-SNAPSHOT/ratis-netty-0.5.0-d6d58d0-SNAPSHOT.jar:/home/user/.m2/repository/org/apache/ratis/ratis-grpc/0.5.0-d6d58d0-SNAPSHOT/ratis-grpc-0.5.0-d6d58d0-SNAPSHOT.jar:/home/user/.m2/repository/org/rocksdb/rocksdbjni/6.0.1/rocksdbjni-6.0.1.jar:/home/user/.m2/repository/org/apache/logging/log4j/log4j-api/2.11.0/log4j-api-2.11.0.jar:/home/user/.m2/repository/org/apache/logging/log4j/log4j-core/2.11.0/log4j-core-2.11.0.jar:/home/user/.m2/repository/com/lmax/disruptor/3.4.2/disruptor-3.4.2.jar:/home/user/.m2/repository/org/apache/commons/commons-pool2/2.6.0/commons-pool2-2.6.0.jar:/home/user/.m2/repository/org/bouncycastle/bcpkix-jdk15on/1.60/bcpkix-jdk15on-1.60.jar:/home/user/.m2/repository/commons-validator/commons-validator/1.6/commons-validator-1.6.jar:/home/user/.m2/repository/commons-digester/commons-digester/1.8.1/commons-digester-1.8.1.jar:/home/user/.m2/repository/io/jaegertracing/jaeger-client/0.34.0/jaeger-client-0.34.0.jar:/home/user/.m2/repository/io/jaegertracing/jaeger-thrift/0.34.0/jaeger-thrift-0.34.0.jar:/home/user/.m2/repository/org/apache/thrift/libthrift/0.12.0/libthrift-0.12.0.jar:/home/user/.m2/repository/com/squareup/okhttp3/okhttp/3.9.0/okhttp-3.9.0.jar:/home/user/.m2/repository/com/squareup/okio/okio/1.13.0/okio-1.13.0.jar:/home/user/.m2/repository/io/jaegertracing/jaeger-core/0.34.0/jaeger-core-0.34.0.jar:/home/user/.m2/repository/io/jaegertracing/jaeger-tracerresolver/0.34.0/jaeger-tracerresolver-0.34.0.jar:/home/user/.m2/repository/io/opentracing/contrib/opentracing-tracerresolver/0.1.5/opentracing-tracerresolver-0.1.5.jar:/home/user/.m2/repository/io/opentracing/opentracing-util/0.31.0/opentracing-util-0.31.0.jar:/home/user/.m2/repository/io/opentracing/opentracing-api/0.31.0/opentracing-api-0.31.0.jar:/home/user/.m2/repository/io/opentracing/opentracing-noop/0.31.0/opentracing-noop-0.31.0.jar:/home/user/.m2/repository/org/yaml/snakeyaml/1.16/snakeyaml-1.16.jar:/home/user/.m2/repository/org/apache/hadoop/hadoop-hdds-container-service/0.5.0-SNAPSHOT/hadoop-hdds-container-service-0.5.0-SNAPSHOT.jar:/home/user/.m2/repository/org/apache/hadoop/hadoop-hdds-client/0.5.0-SNAPSHOT/hadoop-hdds-client-0.5.0-SNAPSHOT.jar:/home/user/.m2/repository/org/apache/hadoop/hadoop-hdds-tools/0.5.0-SNAPSHOT/hadoop-hdds-tools-0.5.0-SNAPSHOT.jar:/home/user/.m2/repository/org/xerial/sqlite-jdbc/3.25.2/sqlite-jdbc-3.25.2.jar:/home/user/.m2/repository/org/apache/hadoop/hadoop-hdds-server-scm/0.5.0-SNAPSHOT/hadoop-hdds-server-scm-0.5.0-SNAPSHOT.jar:/home/user/.m2/repository/org/hamcrest/hamcrest-all/1.3/hamcrest-all-1.3.jar:/home/user/.m2/repository/info/picocli/picocli/3.9.6/picocli-3.9.6.jar:/home/user/.m2/repository/com/google/protobuf/protobuf-java/2.5.0/protobuf-java-2.5.0.jar:/home/user/.m2/repository/com/google/guava/guava/11.0.2/guava-11.0.2.jar:/home/user/.m2/repository/org/apache/hadoop/hadoop-ozone-client/0.5.0-SNAPSHOT/hadoop-ozone-client-0.5.0-SNAPSHOT.jar:/workdir/hadoop-ozone/ozonefs/target/classes:/home/user/.m2/repository/org/apache/httpcomponents/httpclient/4.5.2/httpclient-4.5.2.jar:/home/user/.m2/repository/org/apache/httpcomponents/httpcore/4.4.4/httpcore-4.4.4.jar:/home/user/.m2/repository/org/apache/hadoop/hadoop-hdds-server-framework/0.5.0-SNAPSHOT/hadoop-hdds-server-framework-0.5.0-SNAPSHOT.jar:/home/user/.m2/repository/org/apache/hadoop/hadoop-common/3.2.0/hadoop-common-3.2.0.jar:/home/user/.m2/repository/org/apache/hadoop/hadoop-annotations/3.2.0/hadoop-annotations-3.2.0.jar:/usr/lib/jvm/java-1.8.0-openjdk-1.8.0.222.b10-1.el7_7.x86_64/jre/../lib/tools.jar:/home/user/.m2/repository/commons-cli/commons-cli/1.2/commons-cli-1.2.jar:/home/user/.m2/repository/org/apache/commons/commons-math3/3.1.1/commons-math3-3.1.1.jar:/home/user/.m2/repository/commons-codec/commons-codec/1.11/commons-codec-1.11.jar:/home/user/.m2/repository/commons-io/commons-io/2.5/commons-io-2.5.jar:/home/user/.m2/repository/commons-net/commons-net/3.6/commons-net-3.6.jar:/home/user/.m2/repository/commons-collections/commons-collections/3.2.2/commons-collections-3.2.2.jar:/home/user/.m2/repository/javax/servlet/javax.servlet-api/3.1.0/javax.servlet-api-3.1.0.jar:/home/user/.m2/repository/org/eclipse/jetty/jetty-server/9.3.25.v20180904/jetty-server-9.3.25.v20180904.jar:/home/user/.m2/repository/org/eclipse/jetty/jetty-http/9.3.25.v20180904/jetty-http-9.3.25.v20180904.jar:/home/user/.m2/repository/org/eclipse/jetty/jetty-io/9.3.25.v20180904/jetty-io-9.3.25.v20180904.jar:/home/user/.m2/repository/org/eclipse/jetty/jetty-util/9.3.25.v20180904/jetty-util-9.3.25.v20180904.jar:/home/user/.m2/repository/org/eclipse/jetty/jetty-servlet/9.3.25.v20180904/jetty-servlet-9.3.25.v20180904.jar:/home/user/.m2/repository/org/eclipse/jetty/jetty-security/9.3.25.v20180904/jetty-security-9.3.25.v20180904.jar:/home/user/.m2/repository/org/eclipse/jetty/jetty-webapp/9.3.25.v20180904/jetty-webapp-9.3.25.v20180904.jar:/home/user/.m2/repository/org/eclipse/jetty/jetty-xml/9.3.25.v20180904/jetty-xml-9.3.25.v20180904.jar:/home/user/.m2/repository/javax/servlet/jsp/jsp-api/2.1/jsp-api-2.1.jar:/home/user/.m2/repository/com/sun/jersey/jersey-core/1.19/jersey-core-1.19.jar:/home/user/.m2/repository/javax/ws/rs/jsr311-api/1.1.1/jsr311-api-1.1.1.jar:/home/user/.m2/repository/com/sun/jersey/jersey-servlet/1.19/jersey-servlet-1.19.jar:/home/user/.m2/repository/com/sun/jersey/jersey-json/1.19/jersey-json-1.19.jar:/home/user/.m2/repository/org/codehaus/jettison/jettison/1.1/jettison-1.1.jar:/home/user/.m2/repository/com/sun/xml/bind/jaxb-impl/2.3.0.1/jaxb-impl-2.3.0.1.jar:/home/user/.m2/repository/org/codehaus/jackson/jackson-core-asl/1.9.13/jackson-core-asl-1.9.13.jar:/home/user/.m2/repository/org/codehaus/jackson/jackson-mapper-asl/1.9.13/jackson-mapper-asl-1.9.13.jar:/home/user/.m2/repository/org/codehaus/jackson/jackson-jaxrs/1.9.13/jackson-jaxrs-1.9.13.jar:/home/user/.m2/repository/org/codehaus/jackson/jackson-xc/1.9.13/jackson-xc-1.9.13.jar:/home/user/.m2/repository/com/sun/jersey/jersey-server/1.19/jersey-server-1.19.jar:/home/user/.m2/repository/commons-logging/commons-logging/1.1.3/commons-logging-1.1.3.jar:/home/user/.m2/repository/log4j/log4j/1.2.17/log4j-1.2.17.jar:/home/user/.m2/repository/commons-beanutils/commons-beanutils/1.9.4/commons-beanutils-1.9.4.jar:/home/user/.m2/repository/org/apache/commons/commons-configuration2/2.1.1/commons-configuration2-2.1.1.jar:/home/user/.m2/repository/org/apache/commons/commons-lang3/3.7/commons-lang3-3.7.jar:/home/user/.m2/repository/org/apache/commons/commons-text/1.4/commons-text-1.4.jar:/home/user/.m2/repository/org/slf4j/slf4j-api/1.7.25/slf4j-api-1.7.25.jar:/home/user/.m2/repository/org/slf4j/slf4j-log4j12/1.7.25/slf4j-log4j12-1.7.25.jar:/home/user/.m2/repository/org/apache/avro/avro/1.7.7/avro-1.7.7.jar:/home/user/.m2/repository/com/thoughtworks/paranamer/paranamer/2.3/paranamer-2.3.jar:/home/user/.m2/repository/org/xerial/snappy/snappy-java/1.0.5/snappy-java-1.0.5.jar:/home/user/.m2/repository/com/google/re2j/re2j/1.1/re2j-1.1.jar:/home/user/.m2/repository/com/google/code/gson/gson/2.2.4/gson-2.2.4.jar:/home/user/.m2/repository/org/apache/hadoop/hadoop-auth/3.2.0/hadoop-auth-3.2.0.jar:/home/user/.m2/repository/com/nimbusds/nimbus-jose-jwt/4.41.1/nimbus-jose-jwt-4.41.1.jar:/home/user/.m2/repository/com/github/stephenc/jcip/jcip-annotations/1.0-1/jcip-annotations-1.0-1.jar:/home/user/.m2/repository/net/minidev/json-smart/2.3/json-smart-2.3.jar:/home/user/.m2/repository/net/minidev/accessors-smart/1.2/accessors-smart-1.2.jar:/home/user/.m2/repository/org/apache/curator/curator-framework/2.12.0/curator-framework-2.12.0.jar:/home/user/.m2/repository/com/jcraft/jsch/0.1.54/jsch-0.1.54.jar:/home/user/.m2/repository/org/apache/curator/curator-client/2.12.0/curator-client-2.12.0.jar:/home/user/.m2/repository/org/apache/curator/curator-recipes/2.12.0/curator-recipes-2.12.0.jar:/home/user/.m2/repository/com/google/code/findbugs/jsr305/3.0.0/jsr305-3.0.0.jar:/home/user/.m2/repository/org/apache/htrace/htrace-core4/4.1.0-incubating/htrace-core4-4.1.0-incubating.jar:/home/user/.m2/repository/org/apache/zookeeper/zookeeper/3.4.13/zookeeper-3.4.13.jar:/home/user/.m2/repository/jline/jline/0.9.94/jline-0.9.94.jar:/home/user/.m2/repository/org/apache/yetus/audience-annotations/0.5.0/audience-annotations-0.5.0.jar:/home/user/.m2/repository/org/apache/kerby/kerb-simplekdc/1.0.1/kerb-simplekdc-1.0.1.jar:/home/user/.m2/repository/org/apache/kerby/kerb-client/1.0.1/kerb-client-1.0.1.jar:/home/user/.m2/repository/org/apache/kerby/kerby-config/1.0.1/kerby-config-1.0.1.jar:/home/user/.m2/repository/org/apache/kerby/kerb-core/1.0.1/kerb-core-1.0.1.jar:/home/user/.m2/repository/org/apache/kerby/kerby-pkix/1.0.1/kerby-pkix-1.0.1.jar:/home/user/.m2/repository/org/apache/kerby/kerby-asn1/1.0.1/kerby-asn1-1.0.1.jar:/home/user/.m2/repository/org/apache/kerby/kerby-util/1.0.1/kerby-util-1.0.1.jar:/home/user/.m2/repository/org/apache/kerby/kerb-common/1.0.1/kerb-common-1.0.1.jar:/home/user/.m2/repository/org/apache/kerby/kerb-crypto/1.0.1/kerb-crypto-1.0.1.jar:/home/user/.m2/repository/org/apache/kerby/kerb-util/1.0.1/kerb-util-1.0.1.jar:/home/user/.m2/repository/org/apache/kerby/token-provider/1.0.1/token-provider-1.0.1.jar:/home/user/.m2/repository/org/apache/kerby/kerb-admin/1.0.1/kerb-admin-1.0.1.jar:/home/user/.m2/repository/org/apache/kerby/kerb-server/1.0.1/kerb-server-1.0.1.jar:/home/user/.m2/repository/org/apache/kerby/kerb-identity/1.0.1/kerb-identity-1.0.1.jar:/home/user/.m2/repository/org/apache/kerby/kerby-xdr/1.0.1/kerby-xdr-1.0.1.jar:/home/user/.m2/repository/com/fasterxml/jackson/core/jackson-databind/2.9.9/jackson-databind-2.9.9.jar:/home/user/.m2/repository/com/fasterxml/jackson/core/jackson-core/2.9.9/jackson-core-2.9.9.jar:/home/user/.m2/repository/org/codehaus/woodstox/stax2-api/3.1.4/stax2-api-3.1.4.jar:/home/user/.m2/repository/com/fasterxml/woodstox/woodstox-core/5.0.3/woodstox-core-5.0.3.jar:/home/user/.m2/repository/dnsjava/dnsjava/2.1.7/dnsjava-2.1.7.jar:/home/user/.m2/repository/org/apache/hadoop/hadoop-hdfs/3.2.0/hadoop-hdfs-3.2.0.jar:/home/user/.m2/repository/org/eclipse/jetty/jetty-util-ajax/9.3.25.v20180904/jetty-util-ajax-9.3.25.v20180904.jar:/home/user/.m2/repository/commons-daemon/commons-daemon/1.0.13/commons-daemon-1.0.13.jar:/home/user/.m2/repository/io/netty/netty/3.10.5.Final/netty-3.10.5.Final.jar:/home/user/.m2/repository/io/netty/netty-all/4.0.52.Final/netty-all-4.0.52.Final.jar:/home/user/.m2/repository/org/fusesource/leveldbjni/leveldbjni-all/1.8/leveldbjni-all-1.8.jar:/home/user/.m2/repository/com/sun/xml/bind/jaxb-core/2.3.0.1/jaxb-core-2.3.0.1.jar:/home/user/.m2/repository/javax/xml/bind/jaxb-api/2.3.0/jaxb-api-2.3.0.jar:/home/user/.m2/repository/javax/activation/activation/1.1.1/activation-1.1.1.jar:/home/user/.m2/repository/org/openjdk/jmh/jmh-core/1.19/jmh-core-1.19.jar:/home/user/.m2/repository/net/sf/jopt-simple/jopt-simple/4.6/jopt-simple-4.6.jar:/home/user/.m2/repository/org/openjdk/jmh/jmh-generator-annprocess/1.19/jmh-generator-annprocess-1.19.jar:/home/user/.m2/repository/io/dropwizard/metrics/metrics-core/3.2.4/metrics-core-3.2.4.jar:/home/user/.m2/repository/com/amazonaws/aws-java-sdk-s3/1.11.615/aws-java-sdk-s3-1.11.615.jar:/home/user/.m2/repository/com/amazonaws/aws-java-sdk-kms/1.11.615/aws-java-sdk-kms-1.11.615.jar:/home/user/.m2/repository/com/amazonaws/aws-java-sdk-core/1.11.615/aws-java-sdk-core-1.11.615.jar:/home/user/.m2/repository/software/amazon/ion/ion-java/1.0.2/ion-java-1.0.2.jar:/home/user/.m2/repository/com/fasterxml/jackson/dataformat/jackson-dataformat-cbor/2.9.9/jackson-dataformat-cbor-2.9.9.jar:/home/user/.m2/repository/joda-time/joda-time/2.9.9/joda-time-2.9.9.jar:/home/user/.m2/repository/com/amazonaws/jmespath-java/1.11.615/jmespath-java-1.11.615.jar:/home/user/.m2/repository/com/github/spotbugs/spotbugs/3.1.12/spotbugs-3.1.12.jar:/home/user/.m2/repository/org/ow2/asm/asm/5.0.4/asm-5.0.4.jar:/home/user/.m2/repository/org/ow2/asm/asm-analysis/7.0/asm-analysis-7.0.jar:/home/user/.m2/repository/org/ow2/asm/asm-commons/7.0/asm-commons-7.0.jar:/home/user/.m2/repository/org/ow2/asm/asm-tree/7.0/asm-tree-7.0.jar:/home/user/.m2/repository/org/ow2/asm/asm-util/7.0/asm-util-7.0.jar:/home/user/.m2/repository/org/apache/bcel/bcel/6.3/bcel-6.3.jar:/home/user/.m2/repository/net/jcip/jcip-annotations/1.0/jcip-annotations-1.0.jar:/home/user/.m2/repository/org/dom4j/dom4j/2.1.1/dom4j-2.1.1.jar:/home/user/.m2/repository/jaxen/jaxen/1.1.6/jaxen-1.1.6.jar:/home/user/.m2/repository/commons-lang/commons-lang/2.6/commons-lang-2.6.jar:/home/user/.m2/repository/com/github/spotbugs/spotbugs-annotations/3.1.12/spotbugs-annotations-3.1.12.jar:/home/user/.m2/repository/junit/junit/4.11/junit-4.11.jar:/home/user/.m2/repository/org/hamcrest/hamcrest-core/1.3/hamcrest-core-1.3.jar:/home/user/.m2/repository/org/apache/hadoop/hadoop-common/3.2.0/hadoop-common-3.2.0-tests.jar:/workdir/hadoop-ozone/integration-test/target/test-classes:/home/user/.m2/repository/org/apache/hadoop/hadoop-ozone-s3gateway/0.5.0-SNAPSHOT/hadoop-ozone-s3gateway-0.5.0-SNAPSHOT.jar:/home/user/.m2/repository/org/jboss/weld/servlet/weld-servlet/2.4.7.Final/weld-servlet-2.4.7.Final.jar:/home/user/.m2/repository/org/glassfish/jersey/containers/jersey-container-servlet-core/2.27/jersey-container-servlet-core-2.27.jar:/home/user/.m2/repository/org/glassfish/hk2/external/javax.inject/2.5.0-b42/javax.inject-2.5.0-b42.jar:/home/user/.m2/repository/org/glassfish/jersey/core/jersey-common/2.27/jersey-common-2.27.jar:/home/user/.m2/repository/org/glassfish/hk2/osgi-resource-locator/1.0.1/osgi-resource-locator-1.0.1.jar:/home/user/.m2/repository/javax/ws/rs/javax.ws.rs-api/2.1/javax.ws.rs-api-2.1.jar:/home/user/.m2/repository/org/glassfish/jersey/ext/cdi/jersey-cdi1x/2.27/jersey-cdi1x-2.27.jar:/home/user/.m2/repository/org/glassfish/jersey/inject/jersey-hk2/2.27/jersey-hk2-2.27.jar:/home/user/.m2/repository/org/glassfish/hk2/hk2-locator/2.5.0-b42/hk2-locator-2.5.0-b42.jar:/home/user/.m2/repository/org/javassist/javassist/3.22.0-CR2/javassist-3.22.0-CR2.jar:/home/user/.m2/repository/org/glassfish/hk2/hk2-api/2.5.0/hk2-api-2.5.0.jar:/home/user/.m2/repository/org/glassfish/hk2/external/jakarta.inject/2.5.0/jakarta.inject-2.5.0.jar:/home/user/.m2/repository/org/glassfish/hk2/hk2-utils/2.5.0/hk2-utils-2.5.0.jar:/home/user/.m2/repository/jakarta/annotation/jakarta.annotation-api/1.3.4/jakarta.annotation-api-1.3.4.jar:/home/user/.m2/repository/org/glassfish/hk2/external/aopalliance-repackaged/2.5.0/aopalliance-repackaged-2.5.0.jar:/home/user/.m2/repository/com/fasterxml/jackson/dataformat/jackson-dataformat-xml/2.9.0/jackson-dataformat-xml-2.9.0.jar:/home/user/.m2/repository/com/fasterxml/jackson/module/jackson-module-jaxb-annotations/2.9.9/jackson-module-jaxb-annotations-2.9.9.jar:/home/user/.m2/repository/javax/enterprise/cdi-api/1.2/cdi-api-1.2.jar:/home/user/.m2/repository/javax/el/javax.el-api/3.0.0/javax.el-api-3.0.0.jar:/home/user/.m2/repository/javax/interceptor/javax.interceptor-api/1.2/javax.interceptor-api-1.2.jar:/home/user/.m2/repository/javax/inject/javax.inject/1/javax.inject-1.jar:/home/user/.m2/repository/org/apache/hadoop/hadoop-ozone-csi/0.5.0-SNAPSHOT/hadoop-ozone-csi-0.5.0-SNAPSHOT.jar:/home/user/.m2/repository/com/google/protobuf/protobuf-java-util/3.5.1/protobuf-java-util-3.5.1.jar:/home/user/.m2/repository/io/grpc/grpc-netty/1.17.1/grpc-netty-1.17.1.jar:/home/user/.m2/repository/io/grpc/grpc-core/1.17.1/grpc-core-1.17.1.jar:/home/user/.m2/repository/io/grpc/grpc-context/1.17.1/grpc-context-1.17.1.jar:/home/user/.m2/repository/com/google/errorprone/error_prone_annotations/2.2.0/error_prone_annotations-2.2.0.jar:/home/user/.m2/repository/org/codehaus/mojo/animal-sniffer-annotations/1.17/animal-sniffer-annotations-1.17.jar:/home/user/.m2/repository/io/opencensus/opencensus-api/0.17.0/opencensus-api-0.17.0.jar:/home/user/.m2/repository/io/opencensus/opencensus-contrib-grpc-metrics/0.17.0/opencensus-contrib-grpc-metrics-0.17.0.jar:/home/user/.m2/repository/io/netty/netty-codec-http2/4.1.30.Final/netty-codec-http2-4.1.30.Final.jar:/home/user/.m2/repository/io/netty/netty-codec-http/4.1.30.Final/netty-codec-http-4.1.30.Final.jar:/home/user/.m2/repository/io/netty/netty-codec/4.1.30.Final/netty-codec-4.1.30.Final.jar:/home/user/.m2/repository/io/netty/netty-handler/4.1.30.Final/netty-handler-4.1.30.Final.jar:/home/user/.m2/repository/io/netty/netty-handler-proxy/4.1.30.Final/netty-handler-proxy-4.1.30.Final.jar:/home/user/.m2/repository/io/netty/netty-codec-socks/4.1.30.Final/netty-codec-socks-4.1.30.Final.jar:/home/user/.m2/repository/io/netty/netty-transport-native-epoll/4.1.30.Final/netty-transport-native-epoll-4.1.30.Final.jar:/home/user/.m2/repository/io/netty/netty-common/4.1.30.Final/netty-common-4.1.30.Final.jar:/home/user/.m2/repository/io/netty/netty-buffer/4.1.30.Final/netty-buffer-4.1.30.Final.jar:/home/user/.m2/repository/io/netty/netty-transport/4.1.30.Final/netty-transport-4.1.30.Final.jar:/home/user/.m2/repository/io/netty/netty-resolver/4.1.30.Final/netty-resolver-4.1.30.Final.jar:/home/user/.m2/repository/io/netty/netty-transport-native-unix-common/4.1.30.Final/netty-transport-native-unix-common-4.1.30.Final.jar:/home/user/.m2/repository/io/grpc/grpc-protobuf/1.17.1/grpc-protobuf-1.17.1.jar:/home/user/.m2/repository/com/google/api/grpc/proto-google-common-protos/1.0.0/proto-google-common-protos-1.0.0.jar:/home/user/.m2/repository/io/grpc/grpc-protobuf-lite/1.17.1/grpc-protobuf-lite-1.17.1.jar:/home/user/.m2/repository/io/grpc/grpc-stub/1.17.1/grpc-stub-1.17.1.jar:/home/user/.m2/repository/org/apache/hadoop/hadoop-ozone-recon/0.5.0-SNAPSHOT/hadoop-ozone-recon-0.5.0-SNAPSHOT.jar:/home/user/.m2/repository/org/apache/hadoop/hadoop-ozone-reconcodegen/0.5.0-SNAPSHOT/hadoop-ozone-reconcodegen-0.5.0-SNAPSHOT.jar:/home/user/.m2/repository/com/google/inject/extensions/guice-multibindings/4.0/guice-multibindings-4.0.jar:/home/user/.m2/repository/com/google/inject/guice/4.0/guice-4.0.jar:/home/user/.m2/repository/aopalliance/aopalliance/1.0/aopalliance-1.0.jar:/home/user/.m2/repository/com/google/inject/extensions/guice-servlet/4.0/guice-servlet-4.0.jar:/home/user/.m2/repository/org/glassfish/jersey/containers/jersey-container-servlet/2.27/jersey-container-servlet-2.27.jar:/home/user/.m2/repository/org/glassfish/hk2/guice-bridge/2.5.0/guice-bridge-2.5.0.jar:/home/user/.m2/repository/org/glassfish/jersey/core/jersey-server/2.27/jersey-server-2.27.jar:/home/user/.m2/repository/org/glassfish/jersey/core/jersey-client/2.27/jersey-client-2.27.jar:/home/user/.m2/repository/org/glassfish/jersey/media/jersey-media-jaxb/2.27/jersey-media-jaxb-2.27.jar:/home/user/.m2/repository/javax/validation/validation-api/1.1.0.Final/validation-api-1.1.0.Final.jar:/home/user/.m2/repository/org/glassfish/jersey/media/jersey-media-json-jackson/2.27/jersey-media-json-jackson-2.27.jar:/home/user/.m2/repository/org/glassfish/jersey/ext/jersey-entity-filtering/2.27/jersey-entity-filtering-2.27.jar:/home/user/.m2/repository/com/google/inject/extensions/guice-assistedinject/4.0/guice-assistedinject-4.0.jar:/home/user/.m2/repository/org/jooq/jooq/3.11.10/jooq-3.11.10.jar:/home/user/.m2/repository/org/jooq/jooq-meta/3.11.10/jooq-meta-3.11.10.jar:/home/user/.m2/repository/org/jooq/jooq-codegen/3.11.10/jooq-codegen-3.11.10.jar:/home/user/.m2/repository/com/jolbox/bonecp/0.8.0.RELEASE/bonecp-0.8.0.RELEASE.jar:/home/user/.m2/repository/org/springframework/spring-jdbc/5.1.3.RELEASE/spring-jdbc-5.1.3.RELEASE.jar:/home/user/.m2/repository/org/springframework/spring-beans/5.1.3.RELEASE/spring-beans-5.1.3.RELEASE.jar:/home/user/.m2/repository/org/springframework/spring-core/5.1.3.RELEASE/spring-core-5.1.3.RELEASE.jar:/home/user/.m2/repository/org/springframework/spring-jcl/5.1.3.RELEASE/spring-jcl-5.1.3.RELEASE.jar:/home/user/.m2/repository/org/springframework/spring-tx/5.1.3.RELEASE/spring-tx-5.1.3.RELEASE.jar:/home/user/.m2/repository/org/mockito/mockito-core/2.15.0/mockito-core-2.15.0.jar:/home/user/.m2/repository/net/bytebuddy/byte-buddy/1.7.9/byte-buddy-1.7.9.jar:/home/user/.m2/repository/net/bytebuddy/byte-buddy-agent/1.7.9/byte-buddy-agent-1.7.9.jar:/home/user/.m2/repository/org/objenesis/objenesis/1.0/objenesis-1.0.jar:"/>
    <property name="sun.cpu.endian" value="little"/>
    <property name="user.home" value="/home/user"/>
    <property name="user.language" value="en"/>
    <property name="java.specification.vendor" value="Oracle Corporation"/>
    <property name="java.home" value="/usr/lib/jvm/java-1.8.0-openjdk-1.8.0.222.b10-1.el7_7.x86_64/jre"/>
    <property name="surefire.excludesFile" value="/tools/ozone-bad-unit-tests"/>
    <property name="java.security.krb5.conf" value="/workdir/hadoop-ozone/tools/target/test-classes/krb5.conf"/>
    <property name="basedir" value="/workdir/hadoop-ozone/tools"/>
    <property name="file.separator" value="/"/>
    <property name="line.separator" value="&#10;"/>
    <property name="java.vm.specification.vendor" value="Oracle Corporation"/>
    <property name="java.specification.name" value="Java Platform API Specification"/>
    <property name="java.awt.graphicsenv" value="sun.awt.X11GraphicsEnvironment"/>
    <property name="surefire.real.class.path" value="/workdir/hadoop-ozone/tools/target/surefire/surefirebooter7669229964512859198.jar"/>
    <property name="hadoop.log.dir" value="/workdir/hadoop-ozone/tools/target/log"/>
    <property name="sun.boot.class.path" value="/usr/lib/jvm/java-1.8.0-openjdk-1.8.0.222.b10-1.el7_7.x86_64/jre/lib/resources.jar:/usr/lib/jvm/java-1.8.0-openjdk-1.8.0.222.b10-1.el7_7.x86_64/jre/lib/rt.jar:/usr/lib/jvm/java-1.8.0-openjdk-1.8.0.222.b10-1.el7_7.x86_64/jre/lib/sunrsasign.jar:/usr/lib/jvm/java-1.8.0-openjdk-1.8.0.222.b10-1.el7_7.x86_64/jre/lib/jsse.jar:/usr/lib/jvm/java-1.8.0-openjdk-1.8.0.222.b10-1.el7_7.x86_64/jre/lib/jce.jar:/usr/lib/jvm/java-1.8.0-openjdk-1.8.0.222.b10-1.el7_7.x86_64/jre/lib/charsets.jar:/usr/lib/jvm/java-1.8.0-openjdk-1.8.0.222.b10-1.el7_7.x86_64/jre/lib/jfr.jar:/usr/lib/jvm/java-1.8.0-openjdk-1.8.0.222.b10-1.el7_7.x86_64/jre/classes"/>
    <property name="sun.management.compiler" value="HotSpot 64-Bit Tiered Compilers"/>
    <property name="java.runtime.version" value="1.8.0_222-b10"/>
    <property name="java.net.preferIPv4Stack" value="true"/>
    <property name="user.name" value="jenkins1000"/>
    <property name="path.separator" value=":"/>
    <property name="java.security.egd" value="file:///dev/urandom"/>
    <property name="os.version" value="3.10.0-957.12.2.el7.x86_64"/>
    <property name="java.endorsed.dirs" value="/usr/lib/jvm/java-1.8.0-openjdk-1.8.0.222.b10-1.el7_7.x86_64/jre/lib/endorsed"/>
    <property name="java.runtime.name" value="OpenJDK Runtime Environment"/>
    <property name="file.encoding" value="ANSI_X3.4-1968"/>
    <property name="java.vm.name" value="OpenJDK 64-Bit Server VM"/>
    <property name="test.build.webapps" value=""/>
    <property name="localRepository" value="/home/user/.m2/repository"/>
    <property name="java.vendor.url.bug" value="http://bugreport.sun.com/bugreport/"/>
    <property name="java.io.tmpdir" value="/tmp"/>
    <property name="require.test.libhadoop" value=""/>
    <property name="java.version" value="1.8.0_222"/>
    <property name="user.dir" value="/workdir/hadoop-ozone/tools"/>
    <property name="os.arch" value="amd64"/>
    <property name="java.vm.specification.name" value="Java Virtual Machine Specification"/>
    <property name="test.build.classes" value="/workdir/hadoop-ozone/tools/target/test-classes"/>
    <property name="java.awt.printerjob" value="sun.print.PSPrinterJob"/>
    <property name="sun.os.patch.level" value="unknown"/>
    <property name="hadoop.tmp.dir" value="/workdir/hadoop-ozone/tools/target/tmp"/>
    <property name="java.library.path" value="/usr/lib:/workdir/hadoop-ozone/tools/target/native/target/usr/local/lib:/workdir/hadoop-ozone/tools/../../hadoop-common-project/hadoop-common/target/native/target/usr/local/lib:/usr/java/packages/lib/amd64:/usr/lib64:/lib64:/lib:/usr/lib"/>
    <property name="java.vm.info" value="mixed mode"/>
    <property name="java.vendor" value="Oracle Corporation"/>
    <property name="java.vm.version" value="25.222-b10"/>
    <property name="java.ext.dirs" value="/usr/lib/jvm/java-1.8.0-openjdk-1.8.0.222.b10-1.el7_7.x86_64/jre/lib/ext:/usr/java/packages/lib/ext"/>
    <property name="sun.io.unicode.encoding" value="UnicodeLittle"/>
    <property name="java.class.version" value="52.0"/>
  </properties>
  <testcase name="testRestart" classname="org.apache.hadoop.ozone.freon.TestFreonWithPipelineDestroy" time="19.119">
    <error message="INTERNAL_ERROR org.apache.hadoop.ozone.om.exceptions.OMException: Allocated 0 blocks. Requested 5 blocks" type="java.lang.RuntimeException">java.lang.RuntimeException: INTERNAL_ERROR org.apache.hadoop.ozone.om.exceptions.OMException: Allocated 0 blocks. Requested 5 blocks
	at org.apache.hadoop.ozone.freon.RandomKeyGenerator.call(RandomKeyGenerator.java:341)
	at org.apache.hadoop.ozone.freon.TestFreonWithPipelineDestroy.startFreon(TestFreonWithPipelineDestroy.java:87)
	at org.apache.hadoop.ozone.freon.TestFreonWithPipelineDestroy.testRestart(TestFreonWithPipelineDestroy.java:74)
	at sun.reflect.NativeMethodAccessorImpl.invoke0(Native Method)
	at sun.reflect.NativeMethodAccessorImpl.invoke(NativeMethodAccessorImpl.java:62)
	at sun.reflect.DelegatingMethodAccessorImpl.invoke(DelegatingMethodAccessorImpl.java:43)
	at java.lang.reflect.Method.invoke(Method.java:498)
	at org.junit.runners.model.FrameworkMethod$1.runReflectiveCall(FrameworkMethod.java:47)
	at org.junit.internal.runners.model.ReflectiveCallable.run(ReflectiveCallable.java:12)
	at org.junit.runners.model.FrameworkMethod.invokeExplosively(FrameworkMethod.java:44)
	at org.junit.internal.runners.statements.InvokeMethod.evaluate(InvokeMethod.java:17)
	at org.junit.runners.ParentRunner.runLeaf(ParentRunner.java:271)
	at org.junit.runners.BlockJUnit4ClassRunner.runChild(BlockJUnit4ClassRunner.java:70)
	at org.junit.runners.BlockJUnit4ClassRunner.runChild(BlockJUnit4ClassRunner.java:50)
	at org.junit.runners.ParentRunner$3.run(ParentRunner.java:238)
	at org.junit.runners.ParentRunner$1.schedule(ParentRunner.java:63)
	at org.junit.runners.ParentRunner.runChildren(ParentRunner.java:236)
	at org.junit.runners.ParentRunner.access$000(ParentRunner.java:53)
	at org.junit.runners.ParentRunner$2.evaluate(ParentRunner.java:229)
	at org.junit.internal.runners.statements.RunBefores.evaluate(RunBefores.java:26)
	at org.junit.internal.runners.statements.RunAfters.evaluate(RunAfters.java:27)
	at org.junit.runners.ParentRunner.run(ParentRunner.java:309)
	at org.apache.maven.surefire.junit4.JUnit4Provider.execute(JUnit4Provider.java:365)
	at org.apache.maven.surefire.junit4.JUnit4Provider.executeWithRerun(JUnit4Provider.java:273)
	at org.apache.maven.surefire.junit4.JUnit4Provider.executeTestSet(JUnit4Provider.java:238)
	at org.apache.maven.surefire.junit4.JUnit4Provider.invoke(JUnit4Provider.java:159)
	at org.apache.maven.surefire.booter.ForkedBooter.invokeProviderInSameClassLoader(ForkedBooter.java:384)
	at org.apache.maven.surefire.booter.ForkedBooter.runSuitesInProcess(ForkedBooter.java:345)
	at org.apache.maven.surefire.booter.ForkedBooter.execute(ForkedBooter.java:126)
	at org.apache.maven.surefire.booter.ForkedBooter.main(ForkedBooter.java:418)
Caused by: INTERNAL_ERROR org.apache.hadoop.ozone.om.exceptions.OMException: Allocated 0 blocks. Requested 5 blocks
	at org.apache.hadoop.ozone.om.protocolPB.OzoneManagerProtocolClientSideTranslatorPB.handleError(OzoneManagerProtocolClientSideTranslatorPB.java:761)
	at org.apache.hadoop.ozone.om.protocolPB.OzoneManagerProtocolClientSideTranslatorPB.openKey(OzoneManagerProtocolClientSideTranslatorPB.java:752)
	at sun.reflect.NativeMethodAccessorImpl.invoke0(Native Method)
	at sun.reflect.NativeMethodAccessorImpl.invoke(NativeMethodAccessorImpl.java:62)
	at sun.reflect.DelegatingMethodAccessorImpl.invoke(DelegatingMethodAccessorImpl.java:43)
	at java.lang.reflect.Method.invoke(Method.java:498)
	at org.apache.hadoop.hdds.tracing.TraceAllMethod.invoke(TraceAllMethod.java:66)
	at com.sun.proxy.$Proxy37.openKey(Unknown Source)
	at org.apache.hadoop.ozone.client.rpc.RpcClient.createKey(RpcClient.java:634)
	at org.apache.hadoop.ozone.client.OzoneBucket.createKey(OzoneBucket.java:325)
	at org.apache.hadoop.ozone.freon.RandomKeyGenerator.createKey(RandomKeyGenerator.java:697)
	at org.apache.hadoop.ozone.freon.RandomKeyGenerator.access$1100(RandomKeyGenerator.java:88)
	at org.apache.hadoop.ozone.freon.RandomKeyGenerator$ObjectCreator.run(RandomKeyGenerator.java:615)
	at java.util.concurrent.Executors$RunnableAdapter.call(Executors.java:511)
	at java.util.concurrent.FutureTask.run(FutureTask.java:266)
	at java.util.concurrent.ThreadPoolExecutor.runWorker(ThreadPoolExecutor.java:1149)
	at java.util.concurrent.ThreadPoolExecutor$Worker.run(ThreadPoolExecutor.java:624)
	at java.lang.Thread.run(Thread.java:748)
</error>
    <system-out><![CDATA[2019-11-13 21:07:59,541 [main] WARN  server.ServerUtils (ServerUtils.java:getScmDbDir(145)) - ozone.scm.db.dirs is not configured. We recommend adding this setting. Falling back to ozone.metadata.dirs instead.
2019-11-13 21:08:03,700 [main] WARN  server.ServerUtils (ServerUtils.java:getScmDbDir(145)) - ozone.scm.db.dirs is not configured. We recommend adding this setting. Falling back to ozone.metadata.dirs instead.
2019-11-13 21:08:03,703 [main] WARN  server.ServerUtils (ServerUtils.java:getScmDbDir(145)) - ozone.scm.db.dirs is not configured. We recommend adding this setting. Falling back to ozone.metadata.dirs instead.
2019-11-13 21:08:03,726 [main] INFO  util.log (Log.java:initialized(192)) - Logging initialized @4924ms
2019-11-13 21:08:03,811 [main] INFO  db.DBStoreBuilder (DBStoreBuilder.java:addTable(127)) - using custom profile for table: deletedBlocks
2019-11-13 21:08:03,811 [main] INFO  db.DBStoreBuilder (DBStoreBuilder.java:processTables(183)) - Using default column profile:DBProfile.DISK for Table:deletedBlocks
2019-11-13 21:08:03,812 [main] INFO  db.DBStoreBuilder (DBStoreBuilder.java:addTable(127)) - using custom profile for table: validCerts
2019-11-13 21:08:03,812 [main] INFO  db.DBStoreBuilder (DBStoreBuilder.java:processTables(183)) - Using default column profile:DBProfile.DISK for Table:validCerts
2019-11-13 21:08:03,812 [main] INFO  db.DBStoreBuilder (DBStoreBuilder.java:addTable(127)) - using custom profile for table: revokedCerts
2019-11-13 21:08:03,812 [main] INFO  db.DBStoreBuilder (DBStoreBuilder.java:processTables(183)) - Using default column profile:DBProfile.DISK for Table:revokedCerts
2019-11-13 21:08:03,824 [main] INFO  db.DBStoreBuilder (DBStoreBuilder.java:addTable(127)) - using custom profile for table: default
2019-11-13 21:08:03,824 [main] INFO  db.DBStoreBuilder (DBStoreBuilder.java:processTables(189)) - Using default column profile:DBProfile.DISK for Table:default
2019-11-13 21:08:03,826 [main] INFO  db.DBStoreBuilder (DBStoreBuilder.java:getDbProfile(220)) - Using default options. DBProfile.DISK
2019-11-13 21:08:16,354 [main] INFO  net.NodeSchemaLoader (NodeSchemaLoader.java:loadSchemaFromFile(125)) - Loading file from sun.misc.CompoundEnumeration@618b19ad
2019-11-13 21:08:16,355 [main] INFO  net.NodeSchemaLoader (NodeSchemaLoader.java:loadSchema(171)) - Loading network topology layer schema file
2019-11-13 21:08:16,411 [main] INFO  node.SCMNodeManager (SCMNodeManager.java:<init>(116)) - Entering startup safe mode.
2019-11-13 21:08:16,469 [main] INFO  algorithms.ContainerPlacementPolicyFactory (ContainerPlacementPolicyFactory.java:getPolicy(57)) - Create container placement policy of type org.apache.hadoop.hdds.scm.container.placement.algorithms.SCMContainerPlacementRandom
2019-11-13 21:08:16,481 [main] WARN  server.ServerUtils (ServerUtils.java:getScmDbDir(145)) - ozone.scm.db.dirs is not configured. We recommend adding this setting. Falling back to ozone.metadata.dirs instead.
2019-11-13 21:08:16,662 [main] INFO  pipeline.SCMPipelineManager (SCMPipelineManager.java:initializePipelineState(132)) - No pipeline exists in current db
2019-11-13 21:08:16,665 [main] WARN  server.ServerUtils (ServerUtils.java:getScmDbDir(145)) - ozone.scm.db.dirs is not configured. We recommend adding this setting. Falling back to ozone.metadata.dirs instead.
2019-11-13 21:08:16,796 [main] WARN  events.EventQueue (EventQueue.java:fireEvent(183)) - No event handler registered for event TypedEvent{payloadType=SafeModeStatus, name='SafeModeStatus'}
2019-11-13 21:08:17,237 [main] INFO  ipc.CallQueueManager (CallQueueManager.java:<init>(84)) - Using callQueue: class java.util.concurrent.LinkedBlockingQueue, queueCapacity: 2000, scheduler: class org.apache.hadoop.ipc.DefaultRpcScheduler, ipcBackoff: false.
2019-11-13 21:08:17,262 [Socket Reader #1 for port 41622] INFO  ipc.Server (Server.java:run(1074)) - Starting Socket Reader #1 for port 41622
2019-11-13 21:08:17,367 [main] INFO  ipc.CallQueueManager (CallQueueManager.java:<init>(84)) - Using callQueue: class java.util.concurrent.LinkedBlockingQueue, queueCapacity: 2000, scheduler: class org.apache.hadoop.ipc.DefaultRpcScheduler, ipcBackoff: false.
2019-11-13 21:08:17,368 [Socket Reader #1 for port 39663] INFO  ipc.Server (Server.java:run(1074)) - Starting Socket Reader #1 for port 39663
2019-11-13 21:08:17,377 [main] INFO  ipc.CallQueueManager (CallQueueManager.java:<init>(84)) - Using callQueue: class java.util.concurrent.LinkedBlockingQueue, queueCapacity: 2000, scheduler: class org.apache.hadoop.ipc.DefaultRpcScheduler, ipcBackoff: false.
2019-11-13 21:08:17,378 [Socket Reader #1 for port 32785] INFO  ipc.Server (Server.java:run(1074)) - Starting Socket Reader #1 for port 32785
2019-11-13 21:08:17,406 [main] INFO  hdfs.DFSUtil (DFSUtil.java:httpServerTemplateForNNAndJN(1641)) - Starting Web-server for scm at: http://0.0.0.0:0
2019-11-13 21:08:17,545 [main] INFO  server.AuthenticationFilter (AuthenticationFilter.java:constructSecretProvider(240)) - Unable to initialize FileSignerSecretProvider, falling back to use random secrets.
2019-11-13 21:08:17,560 [main] WARN  http.HttpRequestLog (HttpRequestLog.java:getRequestLog(97)) - Jetty request log can only be enabled using Log4j
2019-11-13 21:08:17,569 [main] INFO  http.HttpServer2 (HttpServer2.java:addGlobalFilter(975)) - Added global filter 'safety' (class=org.apache.hadoop.http.HttpServer2$QuotingInputFilter)
2019-11-13 21:08:17,572 [main] INFO  http.HttpServer2 (HttpServer2.java:addFilter(948)) - Added filter static_user_filter (class=org.apache.hadoop.http.lib.StaticUserWebFilter$StaticUserFilter) to context scm
2019-11-13 21:08:17,572 [main] INFO  http.HttpServer2 (HttpServer2.java:addFilter(958)) - Added filter static_user_filter (class=org.apache.hadoop.http.lib.StaticUserWebFilter$StaticUserFilter) to context static
2019-11-13 21:08:17,572 [main] INFO  http.HttpServer2 (HttpServer2.java:addFilter(958)) - Added filter static_user_filter (class=org.apache.hadoop.http.lib.StaticUserWebFilter$StaticUserFilter) to context logs
2019-11-13 21:08:17,599 [main] INFO  server.StorageContainerManager (StorageContainerManager.java:start(764)) - StorageContainerLocationProtocol RPC server is listening at /0.0.0.0:32785
2019-11-13 21:08:17,653 [main] WARN  impl.MetricsConfig (MetricsConfig.java:loadFirst(134)) - Cannot locate configuration: tried hadoop-metrics2-storagecontainermanager.properties,hadoop-metrics2.properties
2019-11-13 21:08:17,667 [main] INFO  impl.MetricsSystemImpl (MetricsSystemImpl.java:startTimer(374)) - Scheduled Metric snapshot period at 10 second(s).
2019-11-13 21:08:17,667 [main] INFO  impl.MetricsSystemImpl (MetricsSystemImpl.java:start(191)) - StorageContainerManager metrics system started
2019-11-13 21:08:17,896 [main] INFO  server.SCMClientProtocolServer (SCMClientProtocolServer.java:start(159)) - RPC server for Client  is listening at /0.0.0.0:32785
2019-11-13 21:08:17,896 [IPC Server listener on 32785] INFO  ipc.Server (Server.java:run(1153)) - IPC Server listener on 32785: starting
2019-11-13 21:08:17,896 [IPC Server Responder] INFO  ipc.Server (Server.java:run(1314)) - IPC Server Responder: starting
2019-11-13 21:08:17,900 [main] INFO  server.StorageContainerManager (StorageContainerManager.java:start(774)) - ScmBlockLocationProtocol RPC server is listening at /0.0.0.0:39663
2019-11-13 21:08:17,900 [main] INFO  server.SCMBlockProtocolServer (SCMBlockProtocolServer.java:start(146)) - RPC server for Block Protocol is listening at /0.0.0.0:39663
2019-11-13 21:08:17,900 [IPC Server Responder] INFO  ipc.Server (Server.java:run(1314)) - IPC Server Responder: starting
2019-11-13 21:08:17,901 [IPC Server listener on 39663] INFO  ipc.Server (Server.java:run(1153)) - IPC Server listener on 39663: starting
2019-11-13 21:08:17,903 [main] INFO  server.StorageContainerManager (StorageContainerManager.java:start(778)) - ScmDatanodeProtocl RPC server is listening at /0.0.0.0:41622
2019-11-13 21:08:17,904 [main] INFO  server.SCMDatanodeProtocolServer (SCMDatanodeProtocolServer.java:start(169)) - RPC server for DataNodes is listening at /0.0.0.0:41622
2019-11-13 21:08:17,904 [IPC Server Responder] INFO  ipc.Server (Server.java:run(1314)) - IPC Server Responder: starting
2019-11-13 21:08:17,905 [IPC Server listener on 41622] INFO  ipc.Server (Server.java:run(1153)) - IPC Server listener on 41622: starting
2019-11-13 21:08:17,909 [main] INFO  http.HttpServer2 (HttpServer2.java:bindListener(1191)) - Jetty bound to port 33209
2019-11-13 21:08:17,910 [main] INFO  server.Server (Server.java:doStart(351)) - jetty-9.3.25.v20180904, build timestamp: 2018-09-04T21:11:46Z, git hash: 3ce520221d0240229c862b122d2b06c12a625732
2019-11-13 21:08:17,941 [main] INFO  handler.ContextHandler (ContextHandler.java:doStart(781)) - Started o.e.j.s.ServletContextHandler@293a5f75{/logs,file:///workdir/hadoop-ozone/tools/target/log,AVAILABLE}
2019-11-13 21:08:17,942 [main] INFO  handler.ContextHandler (ContextHandler.java:doStart(781)) - Started o.e.j.s.ServletContextHandler@2dd29a59{/static,jar:file:/home/user/.m2/repository/org/apache/hadoop/hadoop-hdds-server-scm/0.5.0-SNAPSHOT/hadoop-hdds-server-scm-0.5.0-SNAPSHOT.jar!/webapps/static,AVAILABLE}
2019-11-13 21:08:18,173 [main] INFO  handler.ContextHandler (ContextHandler.java:doStart(781)) - Started o.e.j.w.WebAppContext@6815c5f2{/,file:///tmp/jetty-0.0.0.0-33209-scm-_-any-7291805356126142701.dir/webapp/,AVAILABLE}{/scm}
2019-11-13 21:08:18,180 [main] INFO  server.AbstractConnector (AbstractConnector.java:doStart(278)) - Started ServerConnector@7689ddef{HTTP/1.1,[http/1.1]}{0.0.0.0:33209}
2019-11-13 21:08:18,181 [main] INFO  server.Server (Server.java:doStart(419)) - Started @19379ms
2019-11-13 21:08:18,183 [main] INFO  impl.MetricsSinkAdapter (MetricsSinkAdapter.java:start(204)) - Sink prometheus started
2019-11-13 21:08:18,184 [main] INFO  impl.MetricsSystemImpl (MetricsSystemImpl.java:registerSink(301)) - Registered sink prometheus
2019-11-13 21:08:18,186 [main] INFO  server.BaseHttpServer (BaseHttpServer.java:updateConnectorAddress(215)) - HTTP server of SCM is listening at http://0.0.0.0:33209
2019-11-13 21:08:18,193 [org.apache.hadoop.util.JvmPauseMonitor$Monitor@27eb3298] INFO  util.JvmPauseMonitor (JvmPauseMonitor.java:run(188)) - Starting JVM pause monitor
2019-11-13 21:08:18,196 [main] WARN  server.ServerUtils (ServerUtils.java:getDBPath(222)) - ozone.om.db.dirs is not configured. We recommend adding this setting. Falling back to ozone.metadata.dirs instead.
2019-11-13 21:08:18,312 [main] INFO  ha.OMHANodeDetails (OMHANodeDetails.java:loadOMHAConfig(190)) - Configuration either no ozone.om.address set. Falling back to the default OM address /127.0.0.1:0
2019-11-13 21:08:18,312 [main] INFO  ha.OMHANodeDetails (OMHANodeDetails.java:getOMNodeDetails(220)) - OM Service ID is not set. Setting it to the default ID: omServiceIdDefault
2019-11-13 21:08:18,313 [main] WARN  server.ServerUtils (ServerUtils.java:getDBPath(222)) - ozone.om.db.dirs is not configured. We recommend adding this setting. Falling back to ozone.metadata.dirs instead.
2019-11-13 21:08:18,314 [main] WARN  server.ServerUtils (ServerUtils.java:getDBPath(222)) - ozone.om.db.dirs is not configured. We recommend adding this setting. Falling back to ozone.metadata.dirs instead.
2019-11-13 21:08:18,904 [main] WARN  server.ServerUtils (ServerUtils.java:getDBPath(222)) - ozone.om.db.dirs is not configured. We recommend adding this setting. Falling back to ozone.metadata.dirs instead.
2019-11-13 21:08:18,912 [main] INFO  db.DBStoreBuilder (DBStoreBuilder.java:addTable(127)) - using custom profile for table: userTable
2019-11-13 21:08:18,912 [main] INFO  db.DBStoreBuilder (DBStoreBuilder.java:processTables(183)) - Using default column profile:DBProfile.DISK for Table:userTable
2019-11-13 21:08:18,912 [main] INFO  db.DBStoreBuilder (DBStoreBuilder.java:addTable(127)) - using custom profile for table: volumeTable
2019-11-13 21:08:18,912 [main] INFO  db.DBStoreBuilder (DBStoreBuilder.java:processTables(183)) - Using default column profile:DBProfile.DISK for Table:volumeTable
2019-11-13 21:08:18,912 [main] INFO  db.DBStoreBuilder (DBStoreBuilder.java:addTable(127)) - using custom profile for table: bucketTable
2019-11-13 21:08:18,913 [main] INFO  db.DBStoreBuilder (DBStoreBuilder.java:processTables(183)) - Using default column profile:DBProfile.DISK for Table:bucketTable
2019-11-13 21:08:18,913 [main] INFO  db.DBStoreBuilder (DBStoreBuilder.java:addTable(127)) - using custom profile for table: keyTable
2019-11-13 21:08:18,913 [main] INFO  db.DBStoreBuilder (DBStoreBuilder.java:processTables(183)) - Using default column profile:DBProfile.DISK for Table:keyTable
2019-11-13 21:08:18,913 [main] INFO  db.DBStoreBuilder (DBStoreBuilder.java:addTable(127)) - using custom profile for table: deletedTable
2019-11-13 21:08:18,913 [main] INFO  db.DBStoreBuilder (DBStoreBuilder.java:processTables(183)) - Using default column profile:DBProfile.DISK for Table:deletedTable
2019-11-13 21:08:18,914 [main] INFO  db.DBStoreBuilder (DBStoreBuilder.java:addTable(127)) - using custom profile for table: openKeyTable
2019-11-13 21:08:18,914 [main] INFO  db.DBStoreBuilder (DBStoreBuilder.java:processTables(183)) - Using default column profile:DBProfile.DISK for Table:openKeyTable
2019-11-13 21:08:18,914 [main] INFO  db.DBStoreBuilder (DBStoreBuilder.java:addTable(127)) - using custom profile for table: s3Table
2019-11-13 21:08:18,914 [main] INFO  db.DBStoreBuilder (DBStoreBuilder.java:processTables(183)) - Using default column profile:DBProfile.DISK for Table:s3Table
2019-11-13 21:08:18,915 [main] INFO  db.DBStoreBuilder (DBStoreBuilder.java:addTable(127)) - using custom profile for table: multipartInfoTable
2019-11-13 21:08:18,915 [main] INFO  db.DBStoreBuilder (DBStoreBuilder.java:processTables(183)) - Using default column profile:DBProfile.DISK for Table:multipartInfoTable
2019-11-13 21:08:18,915 [main] INFO  db.DBStoreBuilder (DBStoreBuilder.java:addTable(127)) - using custom profile for table: dTokenTable
2019-11-13 21:08:18,915 [main] INFO  db.DBStoreBuilder (DBStoreBuilder.java:processTables(183)) - Using default column profile:DBProfile.DISK for Table:dTokenTable
2019-11-13 21:08:18,915 [main] INFO  db.DBStoreBuilder (DBStoreBuilder.java:addTable(127)) - using custom profile for table: s3SecretTable
2019-11-13 21:08:18,915 [main] INFO  db.DBStoreBuilder (DBStoreBuilder.java:processTables(183)) - Using default column profile:DBProfile.DISK for Table:s3SecretTable
2019-11-13 21:08:18,916 [main] INFO  db.DBStoreBuilder (DBStoreBuilder.java:addTable(127)) - using custom profile for table: prefixTable
2019-11-13 21:08:18,916 [main] INFO  db.DBStoreBuilder (DBStoreBuilder.java:processTables(183)) - Using default column profile:DBProfile.DISK for Table:prefixTable
2019-11-13 21:08:18,916 [main] INFO  db.DBStoreBuilder (DBStoreBuilder.java:addTable(127)) - using custom profile for table: default
2019-11-13 21:08:18,916 [main] INFO  db.DBStoreBuilder (DBStoreBuilder.java:processTables(189)) - Using default column profile:DBProfile.DISK for Table:default
2019-11-13 21:08:18,917 [main] INFO  db.DBStoreBuilder (DBStoreBuilder.java:getDbProfile(220)) - Using default options. DBProfile.DISK
2019-11-13 21:08:19,471 [main] INFO  ipc.CallQueueManager (CallQueueManager.java:<init>(84)) - Using callQueue: class java.util.concurrent.LinkedBlockingQueue, queueCapacity: 2000, scheduler: class org.apache.hadoop.ipc.DefaultRpcScheduler, ipcBackoff: false.
2019-11-13 21:08:19,472 [Socket Reader #1 for port 46118] INFO  ipc.Server (Server.java:run(1074)) - Starting Socket Reader #1 for port 46118
2019-11-13 21:08:19,491 [main] INFO  om.OzoneManager (OzoneManager.java:start(1077)) - OzoneManager RPC server is listening at localhost/127.0.0.1:46118
2019-11-13 21:08:19,491 [main] INFO  impl.MetricsSystemImpl (MetricsSystemImpl.java:init(158)) - OzoneManager metrics system started (again)
2019-11-13 21:08:19,499 [IPC Server Responder] INFO  ipc.Server (Server.java:run(1314)) - IPC Server Responder: starting
2019-11-13 21:08:19,499 [IPC Server listener on 46118] INFO  ipc.Server (Server.java:run(1153)) - IPC Server listener on 46118: starting
2019-11-13 21:08:19,506 [main] INFO  hdfs.DFSUtil (DFSUtil.java:httpServerTemplateForNNAndJN(1641)) - Starting Web-server for ozoneManager at: http://0.0.0.0:0
2019-11-13 21:08:19,508 [main] INFO  server.AuthenticationFilter (AuthenticationFilter.java:constructSecretProvider(240)) - Unable to initialize FileSignerSecretProvider, falling back to use random secrets.
2019-11-13 21:08:19,509 [main] WARN  http.HttpRequestLog (HttpRequestLog.java:getRequestLog(97)) - Jetty request log can only be enabled using Log4j
2019-11-13 21:08:19,512 [main] INFO  http.HttpServer2 (HttpServer2.java:addGlobalFilter(975)) - Added global filter 'safety' (class=org.apache.hadoop.http.HttpServer2$QuotingInputFilter)
2019-11-13 21:08:19,513 [main] INFO  http.HttpServer2 (HttpServer2.java:addFilter(948)) - Added filter static_user_filter (class=org.apache.hadoop.http.lib.StaticUserWebFilter$StaticUserFilter) to context ozoneManager
2019-11-13 21:08:19,514 [main] INFO  http.HttpServer2 (HttpServer2.java:addFilter(958)) - Added filter static_user_filter (class=org.apache.hadoop.http.lib.StaticUserWebFilter$StaticUserFilter) to context static
2019-11-13 21:08:19,514 [main] INFO  http.HttpServer2 (HttpServer2.java:addFilter(958)) - Added filter static_user_filter (class=org.apache.hadoop.http.lib.StaticUserWebFilter$StaticUserFilter) to context logs
2019-11-13 21:08:19,517 [main] INFO  http.HttpServer2 (HttpServer2.java:bindListener(1191)) - Jetty bound to port 41522
2019-11-13 21:08:19,517 [main] INFO  server.Server (Server.java:doStart(351)) - jetty-9.3.25.v20180904, build timestamp: 2018-09-04T21:11:46Z, git hash: 3ce520221d0240229c862b122d2b06c12a625732
2019-11-13 21:08:19,520 [main] INFO  handler.ContextHandler (ContextHandler.java:doStart(781)) - Started o.e.j.s.ServletContextHandler@7b208b45{/logs,file:///workdir/hadoop-ozone/tools/target/log,AVAILABLE}
2019-11-13 21:08:19,520 [main] INFO  handler.ContextHandler (ContextHandler.java:doStart(781)) - Started o.e.j.s.ServletContextHandler@34523d46{/static,jar:file:/home/user/.m2/repository/org/apache/hadoop/hadoop-ozone-ozone-manager/0.5.0-SNAPSHOT/hadoop-ozone-ozone-manager-0.5.0-SNAPSHOT.jar!/webapps/static,AVAILABLE}
2019-11-13 21:08:19,583 [main] INFO  handler.ContextHandler (ContextHandler.java:doStart(781)) - Started o.e.j.w.WebAppContext@2a49fe{/,file:///tmp/jetty-0.0.0.0-41522-ozoneManager-_-any-8970210769572626425.dir/webapp/,AVAILABLE}{/ozoneManager}
2019-11-13 21:08:19,583 [main] INFO  server.AbstractConnector (AbstractConnector.java:doStart(278)) - Started ServerConnector@66596a88{HTTP/1.1,[http/1.1]}{0.0.0.0:41522}
2019-11-13 21:08:19,584 [main] INFO  server.Server (Server.java:doStart(419)) - Started @20782ms
2019-11-13 21:08:19,584 [main] WARN  impl.MetricsSystemImpl (MetricsSystemImpl.java:register(276)) - Sink prometheus already exists!
2019-11-13 21:08:19,586 [main] INFO  server.BaseHttpServer (BaseHttpServer.java:updateConnectorAddress(215)) - HTTP server of OZONEMANAGER is listening at http://0.0.0.0:41522
2019-11-13 21:08:19,863 [main] INFO  impl.MetricsSystemImpl (MetricsSystemImpl.java:init(158)) - HddsDatanode metrics system started (again)
2019-11-13 21:08:19,934 [main] INFO  ozone.HddsDatanodeService (HddsDatanodeService.java:start(186)) - HddsDatanodeService host:pr-hdds-2375-t422d-1049308724 ip:192.168.164.208
2019-11-13 21:08:19,973 [main] INFO  volume.HddsVolume (HddsVolume.java:<init>(176)) - Creating Volume: /workdir/hadoop-ozone/tools/target/test-dir/MiniOzoneClusterImpl-95b345c6-079a-4279-8b96-6675183ec06f/datanode-0/data/containers/hdds of  storage type : DISK and capacity : 1482555576320
2019-11-13 21:08:19,976 [main] INFO  volume.VolumeSet (VolumeSet.java:initializeVolumeSet(170)) - Added Volume : /workdir/hadoop-ozone/tools/target/test-dir/MiniOzoneClusterImpl-95b345c6-079a-4279-8b96-6675183ec06f/datanode-0/data/containers/hdds to VolumeSet
2019-11-13 21:08:19,979 [main] INFO  volume.ThrottledAsyncChecker (ThrottledAsyncChecker.java:schedule(141)) - Scheduling a check for /workdir/hadoop-ozone/tools/target/test-dir/MiniOzoneClusterImpl-95b345c6-079a-4279-8b96-6675183ec06f/datanode-0/data/containers/hdds
2019-11-13 21:08:19,997 [main] INFO  volume.HddsVolumeChecker (HddsVolumeChecker.java:checkAllVolumes(204)) - Scheduled health check for volume /workdir/hadoop-ozone/tools/target/test-dir/MiniOzoneClusterImpl-95b345c6-079a-4279-8b96-6675183ec06f/datanode-0/data/containers/hdds
2019-11-13 21:08:20,121 [main] INFO  impl.RaftServerProxy (ConfUtils.java:logGet(43)) - raft.rpc.type = GRPC (default)
2019-11-13 21:08:20,190 [main] INFO  grpc.GrpcFactory (GrpcFactory.java:checkPooledByteBufAllocatorUseCacheForAllThreads(45)) - PERFORMANCE WARNING: useCacheForAllThreads is true that may cause Netty to create a lot garbage objects and, as a result, trigger GC.
	It is recommended to disable useCacheForAllThreads by setting -Dorg.apache.ratis.thirdparty.io.netty.allocator.useCacheForAllThreads=false in command line.
2019-11-13 21:08:20,195 [main] INFO  grpc.GrpcConfigKeys$Server (ConfUtils.java:logGet(43)) - raft.grpc.server.port = 0 (default)
2019-11-13 21:08:20,196 [main] INFO  server.GrpcService (ConfUtils.java:logGet(43)) - raft.grpc.message.size.max = 33570816 (custom)
2019-11-13 21:08:20,197 [main] INFO  server.RaftServerConfigKeys (ConfUtils.java:logGet(43)) - raft.server.log.appender.buffer.byte-limit = 33554432 (custom)
2019-11-13 21:08:20,198 [main] INFO  server.GrpcService (ConfUtils.java:logGet(43)) - raft.grpc.flow.control.window = 1MB (=1048576) (default)
2019-11-13 21:08:20,199 [main] INFO  server.RaftServerConfigKeys (ConfUtils.java:logGet(43)) - raft.server.rpc.request.timeout = 3000ms (default)
2019-11-13 21:08:20,379 [main] INFO  server.RaftServerConfigKeys (ConfUtils.java:logGet(43)) - raft.server.storage.dir = [/workdir/hadoop-ozone/tools/target/test-dir/MiniOzoneClusterImpl-95b345c6-079a-4279-8b96-6675183ec06f/datanode-0/data/ratis] (custom)
2019-11-13 21:08:20,431 [main] INFO  hdfs.DFSUtil (DFSUtil.java:httpServerTemplateForNNAndJN(1641)) - Starting Web-server for hddsDatanode at: http://0.0.0.0:0
2019-11-13 21:08:20,433 [main] INFO  server.AuthenticationFilter (AuthenticationFilter.java:constructSecretProvider(240)) - Unable to initialize FileSignerSecretProvider, falling back to use random secrets.
2019-11-13 21:08:20,434 [main] WARN  http.HttpRequestLog (HttpRequestLog.java:getRequestLog(97)) - Jetty request log can only be enabled using Log4j
2019-11-13 21:08:20,436 [main] INFO  http.HttpServer2 (HttpServer2.java:addGlobalFilter(975)) - Added global filter 'safety' (class=org.apache.hadoop.http.HttpServer2$QuotingInputFilter)
2019-11-13 21:08:20,436 [main] INFO  http.HttpServer2 (HttpServer2.java:addFilter(948)) - Added filter static_user_filter (class=org.apache.hadoop.http.lib.StaticUserWebFilter$StaticUserFilter) to context hddsDatanode
2019-11-13 21:08:20,437 [main] INFO  http.HttpServer2 (HttpServer2.java:addFilter(958)) - Added filter static_user_filter (class=org.apache.hadoop.http.lib.StaticUserWebFilter$StaticUserFilter) to context logs
2019-11-13 21:08:20,437 [main] INFO  http.HttpServer2 (HttpServer2.java:addFilter(958)) - Added filter static_user_filter (class=org.apache.hadoop.http.lib.StaticUserWebFilter$StaticUserFilter) to context static
2019-11-13 21:08:20,438 [main] INFO  http.HttpServer2 (HttpServer2.java:bindListener(1191)) - Jetty bound to port 41913
2019-11-13 21:08:20,438 [main] INFO  server.Server (Server.java:doStart(351)) - jetty-9.3.25.v20180904, build timestamp: 2018-09-04T21:11:46Z, git hash: 3ce520221d0240229c862b122d2b06c12a625732
2019-11-13 21:08:20,442 [main] INFO  handler.ContextHandler (ContextHandler.java:doStart(781)) - Started o.e.j.s.ServletContextHandler@1ba359bd{/logs,file:///workdir/hadoop-ozone/tools/target/log,AVAILABLE}
2019-11-13 21:08:20,443 [main] INFO  handler.ContextHandler (ContextHandler.java:doStart(781)) - Started o.e.j.s.ServletContextHandler@673919a7{/static,jar:file:/home/user/.m2/repository/org/apache/hadoop/hadoop-hdds-container-service/0.5.0-SNAPSHOT/hadoop-hdds-container-service-0.5.0-SNAPSHOT.jar!/webapps/static,AVAILABLE}
2019-11-13 21:08:20,476 [main] INFO  handler.ContextHandler (ContextHandler.java:doStart(781)) - Started o.e.j.w.WebAppContext@546e61d5{/,file:///tmp/jetty-0.0.0.0-41913-hddsDatanode-_-any-8019854420798690709.dir/webapp/,AVAILABLE}{/hddsDatanode}
2019-11-13 21:08:20,477 [main] INFO  server.AbstractConnector (AbstractConnector.java:doStart(278)) - Started ServerConnector@4674d90{HTTP/1.1,[http/1.1]}{0.0.0.0:41913}
2019-11-13 21:08:20,477 [main] INFO  server.Server (Server.java:doStart(419)) - Started @21676ms
2019-11-13 21:08:20,478 [main] WARN  impl.MetricsSystemImpl (MetricsSystemImpl.java:register(276)) - Sink prometheus already exists!
2019-11-13 21:08:20,479 [main] INFO  server.BaseHttpServer (BaseHttpServer.java:updateConnectorAddress(215)) - HTTP server of HDDSDATANODE is listening at http://0.0.0.0:41913
2019-11-13 21:08:20,481 [main] INFO  impl.MetricsSystemImpl (MetricsSystemImpl.java:init(158)) - HddsDatanode metrics system started (again)
2019-11-13 21:08:20,484 [main] INFO  ozone.HddsDatanodeService (HddsDatanodeService.java:start(186)) - HddsDatanodeService host:pr-hdds-2375-t422d-1049308724 ip:192.168.164.208
2019-11-13 21:08:20,486 [org.apache.hadoop.util.JvmPauseMonitor$Monitor@43f494f9] INFO  util.JvmPauseMonitor (JvmPauseMonitor.java:run(188)) - Starting JVM pause monitor
2019-11-13 21:08:20,496 [main] INFO  volume.HddsVolume (HddsVolume.java:<init>(176)) - Creating Volume: /workdir/hadoop-ozone/tools/target/test-dir/MiniOzoneClusterImpl-95b345c6-079a-4279-8b96-6675183ec06f/datanode-1/data/containers/hdds of  storage type : DISK and capacity : 1482555576320
2019-11-13 21:08:20,496 [main] INFO  volume.VolumeSet (VolumeSet.java:initializeVolumeSet(170)) - Added Volume : /workdir/hadoop-ozone/tools/target/test-dir/MiniOzoneClusterImpl-95b345c6-079a-4279-8b96-6675183ec06f/datanode-1/data/containers/hdds to VolumeSet
2019-11-13 21:08:20,497 [main] INFO  volume.ThrottledAsyncChecker (ThrottledAsyncChecker.java:schedule(141)) - Scheduling a check for /workdir/hadoop-ozone/tools/target/test-dir/MiniOzoneClusterImpl-95b345c6-079a-4279-8b96-6675183ec06f/datanode-1/data/containers/hdds
2019-11-13 21:08:20,498 [main] INFO  volume.HddsVolumeChecker (HddsVolumeChecker.java:checkAllVolumes(204)) - Scheduled health check for volume /workdir/hadoop-ozone/tools/target/test-dir/MiniOzoneClusterImpl-95b345c6-079a-4279-8b96-6675183ec06f/datanode-1/data/containers/hdds
2019-11-13 21:08:20,518 [main] INFO  impl.RaftServerProxy (ConfUtils.java:logGet(43)) - raft.rpc.type = GRPC (default)
2019-11-13 21:08:20,518 [main] INFO  grpc.GrpcFactory (GrpcFactory.java:checkPooledByteBufAllocatorUseCacheForAllThreads(45)) - PERFORMANCE WARNING: useCacheForAllThreads is true that may cause Netty to create a lot garbage objects and, as a result, trigger GC.
	It is recommended to disable useCacheForAllThreads by setting -Dorg.apache.ratis.thirdparty.io.netty.allocator.useCacheForAllThreads=false in command line.
2019-11-13 21:08:20,518 [main] INFO  grpc.GrpcConfigKeys$Server (ConfUtils.java:logGet(43)) - raft.grpc.server.port = 0 (default)
2019-11-13 21:08:20,519 [main] INFO  server.GrpcService (ConfUtils.java:logGet(43)) - raft.grpc.message.size.max = 33570816 (custom)
2019-11-13 21:08:20,519 [main] INFO  server.RaftServerConfigKeys (ConfUtils.java:logGet(43)) - raft.server.log.appender.buffer.byte-limit = 33554432 (custom)
2019-11-13 21:08:20,520 [main] INFO  server.GrpcService (ConfUtils.java:logGet(43)) - raft.grpc.flow.control.window = 1MB (=1048576) (default)
2019-11-13 21:08:20,520 [main] INFO  server.RaftServerConfigKeys (ConfUtils.java:logGet(43)) - raft.server.rpc.request.timeout = 3000ms (default)
2019-11-13 21:08:20,521 [main] INFO  server.RaftServerConfigKeys (ConfUtils.java:logGet(43)) - raft.server.storage.dir = [/workdir/hadoop-ozone/tools/target/test-dir/MiniOzoneClusterImpl-95b345c6-079a-4279-8b96-6675183ec06f/datanode-1/data/ratis] (custom)
2019-11-13 21:08:20,523 [main] INFO  hdfs.DFSUtil (DFSUtil.java:httpServerTemplateForNNAndJN(1641)) - Starting Web-server for hddsDatanode at: http://0.0.0.0:0
2019-11-13 21:08:20,525 [main] INFO  server.AuthenticationFilter (AuthenticationFilter.java:constructSecretProvider(240)) - Unable to initialize FileSignerSecretProvider, falling back to use random secrets.
2019-11-13 21:08:20,526 [main] WARN  http.HttpRequestLog (HttpRequestLog.java:getRequestLog(97)) - Jetty request log can only be enabled using Log4j
2019-11-13 21:08:20,528 [main] INFO  http.HttpServer2 (HttpServer2.java:addGlobalFilter(975)) - Added global filter 'safety' (class=org.apache.hadoop.http.HttpServer2$QuotingInputFilter)
2019-11-13 21:08:20,528 [main] INFO  http.HttpServer2 (HttpServer2.java:addFilter(948)) - Added filter static_user_filter (class=org.apache.hadoop.http.lib.StaticUserWebFilter$StaticUserFilter) to context hddsDatanode
2019-11-13 21:08:20,529 [main] INFO  http.HttpServer2 (HttpServer2.java:addFilter(958)) - Added filter static_user_filter (class=org.apache.hadoop.http.lib.StaticUserWebFilter$StaticUserFilter) to context static
2019-11-13 21:08:20,529 [main] INFO  http.HttpServer2 (HttpServer2.java:addFilter(958)) - Added filter static_user_filter (class=org.apache.hadoop.http.lib.StaticUserWebFilter$StaticUserFilter) to context logs
2019-11-13 21:08:20,530 [main] INFO  http.HttpServer2 (HttpServer2.java:bindListener(1191)) - Jetty bound to port 34981
2019-11-13 21:08:20,530 [main] INFO  server.Server (Server.java:doStart(351)) - jetty-9.3.25.v20180904, build timestamp: 2018-09-04T21:11:46Z, git hash: 3ce520221d0240229c862b122d2b06c12a625732
2019-11-13 21:08:20,533 [main] INFO  handler.ContextHandler (ContextHandler.java:doStart(781)) - Started o.e.j.s.ServletContextHandler@2f37f1f9{/logs,file:///workdir/hadoop-ozone/tools/target/log,AVAILABLE}
2019-11-13 21:08:20,533 [main] INFO  handler.ContextHandler (ContextHandler.java:doStart(781)) - Started o.e.j.s.ServletContextHandler@2af69643{/static,jar:file:/home/user/.m2/repository/org/apache/hadoop/hadoop-hdds-container-service/0.5.0-SNAPSHOT/hadoop-hdds-container-service-0.5.0-SNAPSHOT.jar!/webapps/static,AVAILABLE}
2019-11-13 21:08:20,579 [main] INFO  handler.ContextHandler (ContextHandler.java:doStart(781)) - Started o.e.j.w.WebAppContext@5d43409a{/,file:///tmp/jetty-0.0.0.0-34981-hddsDatanode-_-any-8608252705063760710.dir/webapp/,AVAILABLE}{/hddsDatanode}
2019-11-13 21:08:20,581 [main] INFO  server.AbstractConnector (AbstractConnector.java:doStart(278)) - Started ServerConnector@38d17d80{HTTP/1.1,[http/1.1]}{0.0.0.0:34981}
2019-11-13 21:08:20,581 [main] INFO  server.Server (Server.java:doStart(419)) - Started @21779ms
2019-11-13 21:08:20,581 [main] WARN  impl.MetricsSystemImpl (MetricsSystemImpl.java:register(276)) - Sink prometheus already exists!
2019-11-13 21:08:20,582 [Datanode State Machine Thread - 0] INFO  datanode.InitDatanodeState (InitDatanodeState.java:persistContainerDatanodeDetails(140)) - DatanodeDetails is persisted to /workdir/hadoop-ozone/tools/target/test-dir/MiniOzoneClusterImpl-95b345c6-079a-4279-8b96-6675183ec06f/datanode-0/meta/datanode.id
2019-11-13 21:08:20,582 [main] INFO  server.BaseHttpServer (BaseHttpServer.java:updateConnectorAddress(215)) - HTTP server of HDDSDATANODE is listening at http://0.0.0.0:34981
2019-11-13 21:08:20,583 [main] INFO  impl.MetricsSystemImpl (MetricsSystemImpl.java:init(158)) - HddsDatanode metrics system started (again)
2019-11-13 21:08:20,585 [org.apache.hadoop.util.JvmPauseMonitor$Monitor@26185bee] INFO  util.JvmPauseMonitor (JvmPauseMonitor.java:run(188)) - Starting JVM pause monitor
2019-11-13 21:08:20,586 [main] INFO  ozone.HddsDatanodeService (HddsDatanodeService.java:start(186)) - HddsDatanodeService host:pr-hdds-2375-t422d-1049308724 ip:192.168.164.208
2019-11-13 21:08:20,591 [Datanode State Machine Thread - 0] INFO  datanode.InitDatanodeState (InitDatanodeState.java:persistContainerDatanodeDetails(140)) - DatanodeDetails is persisted to /workdir/hadoop-ozone/tools/target/test-dir/MiniOzoneClusterImpl-95b345c6-079a-4279-8b96-6675183ec06f/datanode-1/meta/datanode.id
2019-11-13 21:08:20,596 [main] INFO  volume.HddsVolume (HddsVolume.java:<init>(176)) - Creating Volume: /workdir/hadoop-ozone/tools/target/test-dir/MiniOzoneClusterImpl-95b345c6-079a-4279-8b96-6675183ec06f/datanode-2/data/containers/hdds of  storage type : DISK and capacity : 1482555576320
2019-11-13 21:08:20,597 [main] INFO  volume.VolumeSet (VolumeSet.java:initializeVolumeSet(170)) - Added Volume : /workdir/hadoop-ozone/tools/target/test-dir/MiniOzoneClusterImpl-95b345c6-079a-4279-8b96-6675183ec06f/datanode-2/data/containers/hdds to VolumeSet
2019-11-13 21:08:20,597 [main] INFO  volume.ThrottledAsyncChecker (ThrottledAsyncChecker.java:schedule(141)) - Scheduling a check for /workdir/hadoop-ozone/tools/target/test-dir/MiniOzoneClusterImpl-95b345c6-079a-4279-8b96-6675183ec06f/datanode-2/data/containers/hdds
2019-11-13 21:08:20,598 [main] INFO  volume.HddsVolumeChecker (HddsVolumeChecker.java:checkAllVolumes(204)) - Scheduled health check for volume /workdir/hadoop-ozone/tools/target/test-dir/MiniOzoneClusterImpl-95b345c6-079a-4279-8b96-6675183ec06f/datanode-2/data/containers/hdds
2019-11-13 21:08:20,615 [main] INFO  impl.RaftServerProxy (ConfUtils.java:logGet(43)) - raft.rpc.type = GRPC (default)
2019-11-13 21:08:20,616 [main] INFO  grpc.GrpcFactory (GrpcFactory.java:checkPooledByteBufAllocatorUseCacheForAllThreads(45)) - PERFORMANCE WARNING: useCacheForAllThreads is true that may cause Netty to create a lot garbage objects and, as a result, trigger GC.
	It is recommended to disable useCacheForAllThreads by setting -Dorg.apache.ratis.thirdparty.io.netty.allocator.useCacheForAllThreads=false in command line.
2019-11-13 21:08:20,616 [main] INFO  grpc.GrpcConfigKeys$Server (ConfUtils.java:logGet(43)) - raft.grpc.server.port = 0 (default)
2019-11-13 21:08:20,616 [main] INFO  server.GrpcService (ConfUtils.java:logGet(43)) - raft.grpc.message.size.max = 33570816 (custom)
2019-11-13 21:08:20,616 [main] INFO  server.RaftServerConfigKeys (ConfUtils.java:logGet(43)) - raft.server.log.appender.buffer.byte-limit = 33554432 (custom)
2019-11-13 21:08:20,617 [main] INFO  server.GrpcService (ConfUtils.java:logGet(43)) - raft.grpc.flow.control.window = 1MB (=1048576) (default)
2019-11-13 21:08:20,617 [main] INFO  server.RaftServerConfigKeys (ConfUtils.java:logGet(43)) - raft.server.rpc.request.timeout = 3000ms (default)
2019-11-13 21:08:20,618 [main] INFO  server.RaftServerConfigKeys (ConfUtils.java:logGet(43)) - raft.server.storage.dir = [/workdir/hadoop-ozone/tools/target/test-dir/MiniOzoneClusterImpl-95b345c6-079a-4279-8b96-6675183ec06f/datanode-2/data/ratis] (custom)
2019-11-13 21:08:20,621 [main] INFO  hdfs.DFSUtil (DFSUtil.java:httpServerTemplateForNNAndJN(1641)) - Starting Web-server for hddsDatanode at: http://0.0.0.0:0
2019-11-13 21:08:20,623 [main] INFO  server.AuthenticationFilter (AuthenticationFilter.java:constructSecretProvider(240)) - Unable to initialize FileSignerSecretProvider, falling back to use random secrets.
2019-11-13 21:08:20,624 [main] WARN  http.HttpRequestLog (HttpRequestLog.java:getRequestLog(97)) - Jetty request log can only be enabled using Log4j
2019-11-13 21:08:20,626 [main] INFO  http.HttpServer2 (HttpServer2.java:addGlobalFilter(975)) - Added global filter 'safety' (class=org.apache.hadoop.http.HttpServer2$QuotingInputFilter)
2019-11-13 21:08:20,627 [main] INFO  http.HttpServer2 (HttpServer2.java:addFilter(948)) - Added filter static_user_filter (class=org.apache.hadoop.http.lib.StaticUserWebFilter$StaticUserFilter) to context hddsDatanode
2019-11-13 21:08:20,627 [main] INFO  http.HttpServer2 (HttpServer2.java:addFilter(958)) - Added filter static_user_filter (class=org.apache.hadoop.http.lib.StaticUserWebFilter$StaticUserFilter) to context logs
2019-11-13 21:08:20,628 [main] INFO  http.HttpServer2 (HttpServer2.java:addFilter(958)) - Added filter static_user_filter (class=org.apache.hadoop.http.lib.StaticUserWebFilter$StaticUserFilter) to context static
2019-11-13 21:08:20,629 [main] INFO  http.HttpServer2 (HttpServer2.java:bindListener(1191)) - Jetty bound to port 45788
2019-11-13 21:08:20,629 [main] INFO  server.Server (Server.java:doStart(351)) - jetty-9.3.25.v20180904, build timestamp: 2018-09-04T21:11:46Z, git hash: 3ce520221d0240229c862b122d2b06c12a625732
2019-11-13 21:08:20,635 [main] INFO  handler.ContextHandler (ContextHandler.java:doStart(781)) - Started o.e.j.s.ServletContextHandler@70228253{/logs,file:///workdir/hadoop-ozone/tools/target/log,AVAILABLE}
2019-11-13 21:08:20,636 [main] INFO  handler.ContextHandler (ContextHandler.java:doStart(781)) - Started o.e.j.s.ServletContextHandler@21bd20ee{/static,jar:file:/home/user/.m2/repository/org/apache/hadoop/hadoop-hdds-container-service/0.5.0-SNAPSHOT/hadoop-hdds-container-service-0.5.0-SNAPSHOT.jar!/webapps/static,AVAILABLE}
2019-11-13 21:08:20,682 [main] INFO  handler.ContextHandler (ContextHandler.java:doStart(781)) - Started o.e.j.w.WebAppContext@68a4dcc6{/,file:///tmp/jetty-0.0.0.0-45788-hddsDatanode-_-any-1514794827109112086.dir/webapp/,AVAILABLE}{/hddsDatanode}
2019-11-13 21:08:20,684 [main] INFO  server.AbstractConnector (AbstractConnector.java:doStart(278)) - Started ServerConnector@646c0a67{HTTP/1.1,[http/1.1]}{0.0.0.0:45788}
2019-11-13 21:08:20,684 [main] INFO  server.Server (Server.java:doStart(419)) - Started @21882ms
2019-11-13 21:08:20,684 [main] WARN  impl.MetricsSystemImpl (MetricsSystemImpl.java:register(276)) - Sink prometheus already exists!
2019-11-13 21:08:20,686 [main] INFO  server.BaseHttpServer (BaseHttpServer.java:updateConnectorAddress(215)) - HTTP server of HDDSDATANODE is listening at http://0.0.0.0:45788
2019-11-13 21:08:20,688 [main] INFO  ozone.MiniOzoneClusterImpl (MiniOzoneClusterImpl.java:lambda$waitForClusterToBeReady$2(171)) - Waiting for cluster to be ready. Got 0 of 3 DN Heartbeats.
2019-11-13 21:08:20,689 [org.apache.hadoop.util.JvmPauseMonitor$Monitor@ce56b9f] INFO  util.JvmPauseMonitor (JvmPauseMonitor.java:run(188)) - Starting JVM pause monitor
2019-11-13 21:08:20,693 [Datanode State Machine Thread - 0] INFO  datanode.InitDatanodeState (InitDatanodeState.java:persistContainerDatanodeDetails(140)) - DatanodeDetails is persisted to /workdir/hadoop-ozone/tools/target/test-dir/MiniOzoneClusterImpl-95b345c6-079a-4279-8b96-6675183ec06f/datanode-2/meta/datanode.id
2019-11-13 21:08:21,689 [main] INFO  ozone.MiniOzoneClusterImpl (MiniOzoneClusterImpl.java:lambda$waitForClusterToBeReady$2(171)) - Waiting for cluster to be ready. Got 0 of 3 DN Heartbeats.
2019-11-13 21:08:22,596 [Datanode State Machine Thread - 0] INFO  ozoneimpl.OzoneContainer (OzoneContainer.java:start(230)) - Attempting to start container services.
2019-11-13 21:08:22,599 [Datanode State Machine Thread - 0] INFO  ozoneimpl.OzoneContainer (OzoneContainer.java:startContainerScrub(194)) - Background container scanner has been disabled.
2019-11-13 21:08:22,599 [Datanode State Machine Thread - 0] INFO  ratis.XceiverServerRatis (XceiverServerRatis.java:start(421)) - Starting XceiverServerRatis da274d93-6049-45d1-b7c6-82be225b52d6 at port 0
2019-11-13 21:08:22,599 [Datanode State Machine Thread - 0] INFO  ozoneimpl.OzoneContainer (OzoneContainer.java:start(230)) - Attempting to start container services.
2019-11-13 21:08:22,604 [Datanode State Machine Thread - 0] INFO  ozoneimpl.OzoneContainer (OzoneContainer.java:startContainerScrub(194)) - Background container scanner has been disabled.
2019-11-13 21:08:22,604 [Datanode State Machine Thread - 0] INFO  ratis.XceiverServerRatis (XceiverServerRatis.java:start(421)) - Starting XceiverServerRatis 05097526-328e-47c3-8e10-f0fc997678ef at port 0
2019-11-13 21:08:22,630 [Datanode State Machine Thread - 0] INFO  impl.RaftServerProxy (RaftServerProxy.java:lambda$start$3(299)) - 05097526-328e-47c3-8e10-f0fc997678ef: start RPC server
2019-11-13 21:08:22,630 [Datanode State Machine Thread - 0] INFO  impl.RaftServerProxy (RaftServerProxy.java:lambda$start$3(299)) - da274d93-6049-45d1-b7c6-82be225b52d6: start RPC server
2019-11-13 21:08:22,689 [main] INFO  ozone.MiniOzoneClusterImpl (MiniOzoneClusterImpl.java:lambda$waitForClusterToBeReady$2(171)) - Waiting for cluster to be ready. Got 0 of 3 DN Heartbeats.
2019-11-13 21:08:22,706 [Datanode State Machine Thread - 0] INFO  ozoneimpl.OzoneContainer (OzoneContainer.java:start(230)) - Attempting to start container services.
2019-11-13 21:08:22,707 [Datanode State Machine Thread - 0] INFO  ozoneimpl.OzoneContainer (OzoneContainer.java:startContainerScrub(194)) - Background container scanner has been disabled.
2019-11-13 21:08:22,707 [Datanode State Machine Thread - 0] INFO  ratis.XceiverServerRatis (XceiverServerRatis.java:start(421)) - Starting XceiverServerRatis 7e2f0495-8c73-49bd-ada1-0766a243ea6a at port 0
2019-11-13 21:08:22,716 [Datanode State Machine Thread - 0] INFO  impl.RaftServerProxy (RaftServerProxy.java:lambda$start$3(299)) - 7e2f0495-8c73-49bd-ada1-0766a243ea6a: start RPC server
2019-11-13 21:08:22,760 [Datanode State Machine Thread - 0] INFO  server.GrpcService (GrpcService.java:startImpl(158)) - da274d93-6049-45d1-b7c6-82be225b52d6: GrpcService started, listening on 0.0.0.0/0.0.0.0:38363
2019-11-13 21:08:22,760 [Datanode State Machine Thread - 0] INFO  server.GrpcService (GrpcService.java:startImpl(158)) - 7e2f0495-8c73-49bd-ada1-0766a243ea6a: GrpcService started, listening on 0.0.0.0/0.0.0.0:43501
2019-11-13 21:08:22,760 [Datanode State Machine Thread - 0] INFO  server.GrpcService (GrpcService.java:startImpl(158)) - 05097526-328e-47c3-8e10-f0fc997678ef: GrpcService started, listening on 0.0.0.0/0.0.0.0:46842
2019-11-13 21:08:22,761 [Datanode State Machine Thread - 0] INFO  ratis.XceiverServerRatis (XceiverServerRatis.java:start(431)) - XceiverServerRatis 7e2f0495-8c73-49bd-ada1-0766a243ea6a is started using port 43501
2019-11-13 21:08:22,761 [Datanode State Machine Thread - 0] INFO  ratis.XceiverServerRatis (XceiverServerRatis.java:start(431)) - XceiverServerRatis da274d93-6049-45d1-b7c6-82be225b52d6 is started using port 38363
2019-11-13 21:08:22,762 [Datanode State Machine Thread - 0] INFO  ratis.XceiverServerRatis (XceiverServerRatis.java:start(431)) - XceiverServerRatis 05097526-328e-47c3-8e10-f0fc997678ef is started using port 46842
2019-11-13 21:08:22,767 [Datanode State Machine Thread - 0] INFO  server.XceiverServerGrpc (XceiverServerGrpc.java:start(145)) - XceiverServerGrpc da274d93-6049-45d1-b7c6-82be225b52d6 is started using port 37075
2019-11-13 21:08:22,767 [Datanode State Machine Thread - 0] INFO  server.XceiverServerGrpc (XceiverServerGrpc.java:start(145)) - XceiverServerGrpc 05097526-328e-47c3-8e10-f0fc997678ef is started using port 37201
2019-11-13 21:08:22,767 [Datanode State Machine Thread - 0] INFO  server.XceiverServerGrpc (XceiverServerGrpc.java:start(145)) - XceiverServerGrpc 7e2f0495-8c73-49bd-ada1-0766a243ea6a is started using port 44066
2019-11-13 21:08:23,690 [main] INFO  ozone.MiniOzoneClusterImpl (MiniOzoneClusterImpl.java:lambda$waitForClusterToBeReady$2(171)) - Waiting for cluster to be ready. Got 0 of 3 DN Heartbeats.
2019-11-13 21:08:24,516 [IPC Server handler 2 on 41622] INFO  net.NetworkTopology (NetworkTopologyImpl.java:add(111)) - Added a new node: /default-rack/da274d93-6049-45d1-b7c6-82be225b52d6
2019-11-13 21:08:24,516 [IPC Server handler 2 on 41622] INFO  node.SCMNodeManager (SCMNodeManager.java:register(267)) - Registered Data node : da274d93-6049-45d1-b7c6-82be225b52d6{ip: 192.168.164.208, host: pr-hdds-2375-t422d-1049308724, networkLocation: /default-rack, certSerialId: null}
2019-11-13 21:08:24,519 [EventQueue-NodeRegistrationContainerReportForDataNodeSafeModeRule] INFO  safemode.SCMSafeModeManager (DataNodeSafeModeRule.java:process(71)) - SCM in safe mode. 1 DataNodes registered, 1 required.
2019-11-13 21:08:24,520 [EventQueue-NodeRegistrationContainerReportForDataNodeSafeModeRule] INFO  safemode.SCMSafeModeManager (SCMSafeModeManager.java:validateSafeModeExitRules(177)) - ScmSafeModeManager, all rules are successfully validated
2019-11-13 21:08:24,520 [EventQueue-NodeRegistrationContainerReportForDataNodeSafeModeRule] INFO  safemode.SCMSafeModeManager (SCMSafeModeManager.java:exitSafeMode(193)) - SCM exiting safe mode.
2019-11-13 21:08:24,588 [IPC Server handler 5 on 41622] INFO  net.NetworkTopology (NetworkTopologyImpl.java:add(111)) - Added a new node: /default-rack/05097526-328e-47c3-8e10-f0fc997678ef
2019-11-13 21:08:24,589 [IPC Server handler 5 on 41622] INFO  node.SCMNodeManager (SCMNodeManager.java:register(267)) - Registered Data node : 05097526-328e-47c3-8e10-f0fc997678ef{ip: 192.168.164.208, host: pr-hdds-2375-t422d-1049308724, networkLocation: /default-rack, certSerialId: null}
2019-11-13 21:08:24,691 [IPC Server handler 4 on 41622] INFO  net.NetworkTopology (NetworkTopologyImpl.java:add(111)) - Added a new node: /default-rack/7e2f0495-8c73-49bd-ada1-0766a243ea6a
2019-11-13 21:08:24,692 [IPC Server handler 4 on 41622] INFO  node.SCMNodeManager (SCMNodeManager.java:register(267)) - Registered Data node : 7e2f0495-8c73-49bd-ada1-0766a243ea6a{ip: 192.168.164.208, host: pr-hdds-2375-t422d-1049308724, networkLocation: /default-rack, certSerialId: null}
2019-11-13 21:08:24,954 [grpc-default-executor-0] INFO  impl.RaftServerProxy (RaftServerProxy.java:addNew(89)) - da274d93-6049-45d1-b7c6-82be225b52d6: addNew group-890AC1B8945F:[da274d93-6049-45d1-b7c6-82be225b52d6:192.168.164.208:38363] returns group-890AC1B8945F:java.util.concurrent.CompletableFuture@2b9f4574[Not completed]
2019-11-13 21:08:24,965 [pool-27-thread-1] INFO  impl.RaftServerImpl (RaftServerImpl.java:<init>(98)) - da274d93-6049-45d1-b7c6-82be225b52d6: new RaftServerImpl for group-890AC1B8945F:[da274d93-6049-45d1-b7c6-82be225b52d6:192.168.164.208:38363] with ContainerStateMachine:uninitialized
2019-11-13 21:08:24,967 [pool-27-thread-1] INFO  server.RaftServerConfigKeys (ConfUtils.java:logGet(43)) - raft.server.rpc.timeout.min = 5s (custom)
2019-11-13 21:08:24,968 [pool-27-thread-1] INFO  server.RaftServerConfigKeys (ConfUtils.java:logGet(43)) - raft.server.rpc.timeout.max = 5200ms (custom)
2019-11-13 21:08:24,968 [pool-27-thread-1] INFO  server.RaftServerConfigKeys (ConfUtils.java:logGet(43)) - raft.server.rpcslowness.timeout = 120s (custom)
2019-11-13 21:08:24,969 [pool-27-thread-1] INFO  server.RaftServerConfigKeys (ConfUtils.java:logGet(43)) - raft.server.sleep.deviation.threshold = 300 (default)
2019-11-13 21:08:24,970 [pool-27-thread-1] INFO  server.RaftServerConfigKeys (ConfUtils.java:logGet(43)) - raft.server.log.appender.install.snapshot.enabled = false (custom)
2019-11-13 21:08:24,977 [pool-27-thread-1] INFO  impl.RaftServerImpl (ServerState.java:<init>(103)) - da274d93-6049-45d1-b7c6-82be225b52d6@group-890AC1B8945F: ConfigurationManager, init=-1: [da274d93-6049-45d1-b7c6-82be225b52d6:192.168.164.208:38363], old=null, confs=<EMPTY_MAP>
2019-11-13 21:08:24,977 [pool-27-thread-1] INFO  server.RaftServerConfigKeys (ConfUtils.java:logGet(43)) - raft.server.storage.dir = [/workdir/hadoop-ozone/tools/target/test-dir/MiniOzoneClusterImpl-95b345c6-079a-4279-8b96-6675183ec06f/datanode-0/data/ratis] (custom)
2019-11-13 21:08:24,983 [pool-27-thread-1] INFO  server.RaftServerConfigKeys (ConfUtils.java:logGet(43)) - raft.server.log.corruption.policy = EXCEPTION (default)
2019-11-13 21:08:24,985 [pool-27-thread-1] INFO  storage.RaftStorageDirectory (RaftStorageDirectory.java:analyzeStorage(246)) - The storage directory /workdir/hadoop-ozone/tools/target/test-dir/MiniOzoneClusterImpl-95b345c6-079a-4279-8b96-6675183ec06f/datanode-0/data/ratis/052bf028-8a8f-48de-a314-890ac1b8945f does not exist. Creating ...
2019-11-13 21:08:25,064 [pool-27-thread-1] INFO  storage.RaftStorageDirectory (RaftStorageDirectory.java:tryLock(328)) - Lock on /workdir/hadoop-ozone/tools/target/test-dir/MiniOzoneClusterImpl-95b345c6-079a-4279-8b96-6675183ec06f/datanode-0/data/ratis/052bf028-8a8f-48de-a314-890ac1b8945f/in_use.lock acquired by nodename 18166@pr-hdds-2375-t422d-1049308724
2019-11-13 21:08:25,081 [pool-27-thread-1] INFO  storage.RaftStorage (RaftStorage.java:format(84)) - Storage directory /workdir/hadoop-ozone/tools/target/test-dir/MiniOzoneClusterImpl-95b345c6-079a-4279-8b96-6675183ec06f/datanode-0/data/ratis/052bf028-8a8f-48de-a314-890ac1b8945f has been successfully formatted.
2019-11-13 21:08:25,084 [pool-27-thread-1] INFO  ratis.ContainerStateMachine (ContainerStateMachine.java:loadSnapshot(223)) - group-890AC1B8945F: The snapshot info is null. Setting the last applied indexto:(t:0, i:~)
2019-11-13 21:08:25,085 [pool-27-thread-1] INFO  server.RaftServerConfigKeys (ConfUtils.java:logGet(43)) - raft.server.notification.no-leader.timeout = 120s (custom)
2019-11-13 21:08:25,087 [pool-27-thread-1] INFO  server.RaftServerConfigKeys (ConfUtils.java:logGet(43)) - raft.server.log.use.memory = false (default)
2019-11-13 21:08:25,093 [pool-27-thread-1] INFO  server.RaftServerConfigKeys (ConfUtils.java:logGet(43)) - raft.server.log.purge.gap = 1000000 (custom)
2019-11-13 21:08:25,094 [pool-27-thread-1] INFO  server.RaftServerConfigKeys (ConfUtils.java:logGet(43)) - raft.server.log.appender.buffer.byte-limit = 33554432 (custom)
2019-11-13 21:08:25,096 [pool-27-thread-1] INFO  server.RaftServerConfigKeys (ConfUtils.java:logGet(43)) - raft.server.log.segment.size.max = 1048576 (custom)
2019-11-13 21:08:25,101 [pool-27-thread-1] INFO  metrics.MetricRegistries (MetricRegistriesLoader.java:load(64)) - Loaded MetricRegistries class org.apache.ratis.metrics.impl.MetricRegistriesImpl
2019-11-13 21:08:25,106 [pool-27-thread-1] WARN  impl.MetricRegistriesImpl (MetricRegistriesImpl.java:lambda$create$1(61)) - First MetricRegistry has been created without registering reporters. You may need to call MetricRegistries.global().addReportRegistration(...) before.
2019-11-13 21:08:25,115 [pool-27-thread-1] INFO  server.RaftServerConfigKeys (ConfUtils.java:logGet(43)) - raft.server.log.segment.cache.num.max = 2 (custom)
2019-11-13 21:08:25,122 [pool-27-thread-1] INFO  segmented.SegmentedRaftLogWorker (SegmentedRaftLogWorker.java:<init>(173)) - new da274d93-6049-45d1-b7c6-82be225b52d6@group-890AC1B8945F-SegmentedRaftLogWorker for RaftStorage:Storage Directory /workdir/hadoop-ozone/tools/target/test-dir/MiniOzoneClusterImpl-95b345c6-079a-4279-8b96-6675183ec06f/datanode-0/data/ratis/052bf028-8a8f-48de-a314-890ac1b8945f
2019-11-13 21:08:25,122 [pool-27-thread-1] INFO  server.RaftServerConfigKeys (ConfUtils.java:logGet(43)) - raft.server.log.queue.byte-limit = 2147483647 (custom)
2019-11-13 21:08:25,123 [pool-27-thread-1] INFO  server.RaftServerConfigKeys (ConfUtils.java:logGet(43)) - raft.server.log.queue.element-limit = 1024 (custom)
2019-11-13 21:08:25,125 [pool-27-thread-1] INFO  server.RaftServerConfigKeys (ConfUtils.java:logGet(43)) - raft.server.log.segment.size.max = 1048576 (custom)
2019-11-13 21:08:25,125 [pool-27-thread-1] INFO  server.RaftServerConfigKeys (ConfUtils.java:logGet(43)) - raft.server.log.preallocated.size = 16384 (custom)
2019-11-13 21:08:25,126 [pool-27-thread-1] INFO  server.RaftServerConfigKeys (ConfUtils.java:logGet(43)) - raft.server.log.write.buffer.size = 33554432 (custom)
2019-11-13 21:08:25,126 [pool-27-thread-1] INFO  server.RaftServerConfigKeys (ConfUtils.java:logGet(43)) - raft.server.log.force.sync.num = 128 (default)
2019-11-13 21:08:25,127 [pool-27-thread-1] INFO  server.RaftServerConfigKeys (ConfUtils.java:logGet(43)) - raft.server.log.statemachine.data.sync = true (default)
2019-11-13 21:08:25,128 [pool-27-thread-1] INFO  server.RaftServerConfigKeys (ConfUtils.java:logGet(43)) - raft.server.log.statemachine.data.sync.timeout = 10s (default)
2019-11-13 21:08:25,128 [pool-27-thread-1] INFO  server.RaftServerConfigKeys (ConfUtils.java:logGet(43)) - raft.server.log.statemachine.data.sync.timeout.retry = -1 (default)
2019-11-13 21:08:25,141 [pool-27-thread-1] INFO  server.RaftServerConfigKeys (ConfUtils.java:logGet(43)) - raft.server.log.statemachine.data.caching.enabled = true (custom)
2019-11-13 21:08:25,147 [pool-27-thread-1] INFO  segmented.SegmentedRaftLogWorker (SegmentedRaftLogWorker.java:lambda$new$0(128)) - da274d93-6049-45d1-b7c6-82be225b52d6@group-890AC1B8945F-SegmentedRaftLogWorker: flushIndex: setUnconditionally 0 -> -1
2019-11-13 21:08:25,151 [pool-27-thread-1] INFO  server.RaftServerConfigKeys (ConfUtils.java:logGet(43)) - raft.server.snapshot.auto.trigger.enabled = true (custom)
2019-11-13 21:08:25,152 [pool-27-thread-1] INFO  server.RaftServerConfigKeys (ConfUtils.java:logGet(43)) - raft.server.snapshot.auto.trigger.threshold = 10000 (custom)
2019-11-13 21:08:25,152 [pool-27-thread-1] INFO  server.RaftServerConfigKeys (ConfUtils.java:logGet(43)) - raft.server.snapshot.retention.file.num = 5 (custom)
2019-11-13 21:08:25,153 [pool-27-thread-1] INFO  server.RaftServerConfigKeys (ConfUtils.java:logGet(43)) - raft.server.retrycache.expirytime = 600000ms (custom)
2019-11-13 21:08:25,172 [pool-27-thread-1] WARN  impl.MetricRegistriesImpl (MetricRegistriesImpl.java:lambda$create$1(61)) - First MetricRegistry has been created without registering reporters. You may need to call MetricRegistries.global().addReportRegistration(...) before.
2019-11-13 21:08:25,174 [pool-27-thread-1] WARN  impl.MetricRegistriesImpl (MetricRegistriesImpl.java:lambda$create$1(61)) - First MetricRegistry has been created without registering reporters. You may need to call MetricRegistries.global().addReportRegistration(...) before.
2019-11-13 21:08:25,176 [pool-27-thread-1] INFO  impl.RaftServerImpl (RaftServerImpl.java:start(184)) - da274d93-6049-45d1-b7c6-82be225b52d6@group-890AC1B8945F: start as a follower, conf=-1: [da274d93-6049-45d1-b7c6-82be225b52d6:192.168.164.208:38363], old=null
2019-11-13 21:08:25,177 [pool-27-thread-1] INFO  impl.RaftServerImpl (RaftServerImpl.java:setRole(173)) - da274d93-6049-45d1-b7c6-82be225b52d6@group-890AC1B8945F: changes role from      null to FOLLOWER at term 0 for startAsFollower
2019-11-13 21:08:25,178 [pool-27-thread-1] INFO  impl.RoleInfo (RoleInfo.java:updateAndGet(143)) - da274d93-6049-45d1-b7c6-82be225b52d6: start FollowerState
2019-11-13 21:08:25,185 [pool-27-thread-1] INFO  util.JmxRegister (JmxRegister.java:tryRegister(44)) - Successfully registered JMX Bean with object name Ratis:service=RaftServer,group=group-890AC1B8945F,id=da274d93-6049-45d1-b7c6-82be225b52d6
2019-11-13 21:08:25,186 [pool-27-thread-1] WARN  impl.MetricRegistriesImpl (MetricRegistriesImpl.java:lambda$create$1(61)) - First MetricRegistry has been created without registering reporters. You may need to call MetricRegistries.global().addReportRegistration(...) before.
2019-11-13 21:08:25,242 [RatisPipelineUtilsThread] INFO  pipeline.PipelineStateManager (PipelineStateManager.java:addPipeline(55)) - Created pipeline Pipeline[ Id: 052bf028-8a8f-48de-a314-890ac1b8945f, Nodes: da274d93-6049-45d1-b7c6-82be225b52d6{ip: 192.168.164.208, host: pr-hdds-2375-t422d-1049308724, networkLocation: /default-rack, certSerialId: null}, Type:RATIS, Factor:ONE, State:ALLOCATED]
2019-11-13 21:08:25,259 [grpc-default-executor-0] INFO  impl.RaftServerProxy (RaftServerProxy.java:addNew(89)) - 05097526-328e-47c3-8e10-f0fc997678ef: addNew group-6C8887A229AD:[05097526-328e-47c3-8e10-f0fc997678ef:192.168.164.208:46842] returns group-6C8887A229AD:java.util.concurrent.CompletableFuture@3446035d[Not completed]
2019-11-13 21:08:25,278 [pool-37-thread-1] INFO  impl.RaftServerImpl (RaftServerImpl.java:<init>(98)) - 05097526-328e-47c3-8e10-f0fc997678ef: new RaftServerImpl for group-6C8887A229AD:[05097526-328e-47c3-8e10-f0fc997678ef:192.168.164.208:46842] with ContainerStateMachine:uninitialized
2019-11-13 21:08:25,279 [pool-37-thread-1] INFO  server.RaftServerConfigKeys (ConfUtils.java:logGet(43)) - raft.server.rpc.timeout.min = 5s (custom)
2019-11-13 21:08:25,279 [pool-37-thread-1] INFO  server.RaftServerConfigKeys (ConfUtils.java:logGet(43)) - raft.server.rpc.timeout.max = 5200ms (custom)
2019-11-13 21:08:25,279 [pool-37-thread-1] INFO  server.RaftServerConfigKeys (ConfUtils.java:logGet(43)) - raft.server.rpcslowness.timeout = 120s (custom)
2019-11-13 21:08:25,280 [pool-37-thread-1] INFO  server.RaftServerConfigKeys (ConfUtils.java:logGet(43)) - raft.server.sleep.deviation.threshold = 300 (default)
2019-11-13 21:08:25,280 [pool-37-thread-1] INFO  server.RaftServerConfigKeys (ConfUtils.java:logGet(43)) - raft.server.log.appender.install.snapshot.enabled = false (custom)
2019-11-13 21:08:25,280 [pool-37-thread-1] INFO  impl.RaftServerImpl (ServerState.java:<init>(103)) - 05097526-328e-47c3-8e10-f0fc997678ef@group-6C8887A229AD: ConfigurationManager, init=-1: [05097526-328e-47c3-8e10-f0fc997678ef:192.168.164.208:46842], old=null, confs=<EMPTY_MAP>
2019-11-13 21:08:25,280 [pool-37-thread-1] INFO  server.RaftServerConfigKeys (ConfUtils.java:logGet(43)) - raft.server.storage.dir = [/workdir/hadoop-ozone/tools/target/test-dir/MiniOzoneClusterImpl-95b345c6-079a-4279-8b96-6675183ec06f/datanode-1/data/ratis] (custom)
2019-11-13 21:08:25,280 [pool-37-thread-1] INFO  server.RaftServerConfigKeys (ConfUtils.java:logGet(43)) - raft.server.log.corruption.policy = EXCEPTION (default)
2019-11-13 21:08:25,281 [pool-37-thread-1] INFO  storage.RaftStorageDirectory (RaftStorageDirectory.java:analyzeStorage(246)) - The storage directory /workdir/hadoop-ozone/tools/target/test-dir/MiniOzoneClusterImpl-95b345c6-079a-4279-8b96-6675183ec06f/datanode-1/data/ratis/2c629bf0-9b9c-4564-be40-6c8887a229ad does not exist. Creating ...
2019-11-13 21:08:25,294 [pool-37-thread-1] INFO  storage.RaftStorageDirectory (RaftStorageDirectory.java:tryLock(328)) - Lock on /workdir/hadoop-ozone/tools/target/test-dir/MiniOzoneClusterImpl-95b345c6-079a-4279-8b96-6675183ec06f/datanode-1/data/ratis/2c629bf0-9b9c-4564-be40-6c8887a229ad/in_use.lock acquired by nodename 18166@pr-hdds-2375-t422d-1049308724
2019-11-13 21:08:25,308 [pool-37-thread-1] INFO  storage.RaftStorage (RaftStorage.java:format(84)) - Storage directory /workdir/hadoop-ozone/tools/target/test-dir/MiniOzoneClusterImpl-95b345c6-079a-4279-8b96-6675183ec06f/datanode-1/data/ratis/2c629bf0-9b9c-4564-be40-6c8887a229ad has been successfully formatted.
2019-11-13 21:08:25,309 [pool-37-thread-1] INFO  ratis.ContainerStateMachine (ContainerStateMachine.java:loadSnapshot(223)) - group-6C8887A229AD: The snapshot info is null. Setting the last applied indexto:(t:0, i:~)
2019-11-13 21:08:25,310 [pool-37-thread-1] INFO  server.RaftServerConfigKeys (ConfUtils.java:logGet(43)) - raft.server.notification.no-leader.timeout = 120s (custom)
2019-11-13 21:08:25,310 [pool-37-thread-1] INFO  server.RaftServerConfigKeys (ConfUtils.java:logGet(43)) - raft.server.log.use.memory = false (default)
2019-11-13 21:08:25,310 [pool-37-thread-1] INFO  server.RaftServerConfigKeys (ConfUtils.java:logGet(43)) - raft.server.log.purge.gap = 1000000 (custom)
2019-11-13 21:08:25,310 [pool-37-thread-1] INFO  server.RaftServerConfigKeys (ConfUtils.java:logGet(43)) - raft.server.log.appender.buffer.byte-limit = 33554432 (custom)
2019-11-13 21:08:25,310 [pool-37-thread-1] INFO  server.RaftServerConfigKeys (ConfUtils.java:logGet(43)) - raft.server.log.segment.size.max = 1048576 (custom)
2019-11-13 21:08:25,310 [pool-37-thread-1] WARN  impl.MetricRegistriesImpl (MetricRegistriesImpl.java:lambda$create$1(61)) - First MetricRegistry has been created without registering reporters. You may need to call MetricRegistries.global().addReportRegistration(...) before.
2019-11-13 21:08:25,313 [pool-37-thread-1] INFO  server.RaftServerConfigKeys (ConfUtils.java:logGet(43)) - raft.server.log.segment.cache.num.max = 2 (custom)
2019-11-13 21:08:25,313 [pool-37-thread-1] INFO  segmented.SegmentedRaftLogWorker (SegmentedRaftLogWorker.java:<init>(173)) - new 05097526-328e-47c3-8e10-f0fc997678ef@group-6C8887A229AD-SegmentedRaftLogWorker for RaftStorage:Storage Directory /workdir/hadoop-ozone/tools/target/test-dir/MiniOzoneClusterImpl-95b345c6-079a-4279-8b96-6675183ec06f/datanode-1/data/ratis/2c629bf0-9b9c-4564-be40-6c8887a229ad
2019-11-13 21:08:25,314 [pool-37-thread-1] INFO  server.RaftServerConfigKeys (ConfUtils.java:logGet(43)) - raft.server.log.queue.byte-limit = 2147483647 (custom)
2019-11-13 21:08:25,314 [pool-37-thread-1] INFO  server.RaftServerConfigKeys (ConfUtils.java:logGet(43)) - raft.server.log.queue.element-limit = 1024 (custom)
2019-11-13 21:08:25,314 [pool-37-thread-1] INFO  server.RaftServerConfigKeys (ConfUtils.java:logGet(43)) - raft.server.log.segment.size.max = 1048576 (custom)
2019-11-13 21:08:25,314 [pool-37-thread-1] INFO  server.RaftServerConfigKeys (ConfUtils.java:logGet(43)) - raft.server.log.preallocated.size = 16384 (custom)
2019-11-13 21:08:25,314 [pool-37-thread-1] INFO  server.RaftServerConfigKeys (ConfUtils.java:logGet(43)) - raft.server.log.write.buffer.size = 33554432 (custom)
2019-11-13 21:08:25,314 [pool-37-thread-1] INFO  server.RaftServerConfigKeys (ConfUtils.java:logGet(43)) - raft.server.log.force.sync.num = 128 (default)
2019-11-13 21:08:25,314 [pool-37-thread-1] INFO  server.RaftServerConfigKeys (ConfUtils.java:logGet(43)) - raft.server.log.statemachine.data.sync = true (default)
2019-11-13 21:08:25,314 [pool-37-thread-1] INFO  server.RaftServerConfigKeys (ConfUtils.java:logGet(43)) - raft.server.log.statemachine.data.sync.timeout = 10s (default)
2019-11-13 21:08:25,314 [pool-37-thread-1] INFO  server.RaftServerConfigKeys (ConfUtils.java:logGet(43)) - raft.server.log.statemachine.data.sync.timeout.retry = -1 (default)
2019-11-13 21:08:25,315 [pool-37-thread-1] INFO  server.RaftServerConfigKeys (ConfUtils.java:logGet(43)) - raft.server.log.statemachine.data.caching.enabled = true (custom)
2019-11-13 21:08:25,315 [pool-37-thread-1] INFO  segmented.SegmentedRaftLogWorker (SegmentedRaftLogWorker.java:lambda$new$0(128)) - 05097526-328e-47c3-8e10-f0fc997678ef@group-6C8887A229AD-SegmentedRaftLogWorker: flushIndex: setUnconditionally 0 -> -1
2019-11-13 21:08:25,316 [pool-37-thread-1] INFO  server.RaftServerConfigKeys (ConfUtils.java:logGet(43)) - raft.server.snapshot.auto.trigger.enabled = true (custom)
2019-11-13 21:08:25,316 [pool-37-thread-1] INFO  server.RaftServerConfigKeys (ConfUtils.java:logGet(43)) - raft.server.snapshot.auto.trigger.threshold = 10000 (custom)
2019-11-13 21:08:25,316 [pool-37-thread-1] INFO  server.RaftServerConfigKeys (ConfUtils.java:logGet(43)) - raft.server.snapshot.retention.file.num = 5 (custom)
2019-11-13 21:08:25,316 [pool-37-thread-1] INFO  server.RaftServerConfigKeys (ConfUtils.java:logGet(43)) - raft.server.retrycache.expirytime = 600000ms (custom)
2019-11-13 21:08:25,316 [pool-37-thread-1] WARN  impl.MetricRegistriesImpl (MetricRegistriesImpl.java:lambda$create$1(61)) - First MetricRegistry has been created without registering reporters. You may need to call MetricRegistries.global().addReportRegistration(...) before.
2019-11-13 21:08:25,317 [pool-37-thread-1] WARN  impl.MetricRegistriesImpl (MetricRegistriesImpl.java:lambda$create$1(61)) - First MetricRegistry has been created without registering reporters. You may need to call MetricRegistries.global().addReportRegistration(...) before.
2019-11-13 21:08:25,317 [pool-37-thread-1] INFO  impl.RaftServerImpl (RaftServerImpl.java:start(184)) - 05097526-328e-47c3-8e10-f0fc997678ef@group-6C8887A229AD: start as a follower, conf=-1: [05097526-328e-47c3-8e10-f0fc997678ef:192.168.164.208:46842], old=null
2019-11-13 21:08:25,317 [pool-37-thread-1] INFO  impl.RaftServerImpl (RaftServerImpl.java:setRole(173)) - 05097526-328e-47c3-8e10-f0fc997678ef@group-6C8887A229AD: changes role from      null to FOLLOWER at term 0 for startAsFollower
2019-11-13 21:08:25,317 [pool-37-thread-1] INFO  impl.RoleInfo (RoleInfo.java:updateAndGet(143)) - 05097526-328e-47c3-8e10-f0fc997678ef: start FollowerState
2019-11-13 21:08:25,317 [pool-37-thread-1] INFO  util.JmxRegister (JmxRegister.java:tryRegister(44)) - Successfully registered JMX Bean with object name Ratis:service=RaftServer,group=group-6C8887A229AD,id=05097526-328e-47c3-8e10-f0fc997678ef
2019-11-13 21:08:25,318 [pool-37-thread-1] WARN  impl.MetricRegistriesImpl (MetricRegistriesImpl.java:lambda$create$1(61)) - First MetricRegistry has been created without registering reporters. You may need to call MetricRegistries.global().addReportRegistration(...) before.
2019-11-13 21:08:25,327 [RatisPipelineUtilsThread] INFO  pipeline.PipelineStateManager (PipelineStateManager.java:addPipeline(55)) - Created pipeline Pipeline[ Id: 2c629bf0-9b9c-4564-be40-6c8887a229ad, Nodes: 05097526-328e-47c3-8e10-f0fc997678ef{ip: 192.168.164.208, host: pr-hdds-2375-t422d-1049308724, networkLocation: /default-rack, certSerialId: null}, Type:RATIS, Factor:ONE, State:ALLOCATED]
2019-11-13 21:08:25,343 [grpc-default-executor-0] INFO  impl.RaftServerProxy (RaftServerProxy.java:addNew(89)) - 7e2f0495-8c73-49bd-ada1-0766a243ea6a: addNew group-FB906959F65C:[7e2f0495-8c73-49bd-ada1-0766a243ea6a:192.168.164.208:43501] returns group-FB906959F65C:java.util.concurrent.CompletableFuture@cb55ec0[Not completed]
2019-11-13 21:08:25,358 [pool-47-thread-1] INFO  impl.RaftServerImpl (RaftServerImpl.java:<init>(98)) - 7e2f0495-8c73-49bd-ada1-0766a243ea6a: new RaftServerImpl for group-FB906959F65C:[7e2f0495-8c73-49bd-ada1-0766a243ea6a:192.168.164.208:43501] with ContainerStateMachine:uninitialized
2019-11-13 21:08:25,359 [pool-47-thread-1] INFO  server.RaftServerConfigKeys (ConfUtils.java:logGet(43)) - raft.server.rpc.timeout.min = 5s (custom)
2019-11-13 21:08:25,359 [pool-47-thread-1] INFO  server.RaftServerConfigKeys (ConfUtils.java:logGet(43)) - raft.server.rpc.timeout.max = 5200ms (custom)
2019-11-13 21:08:25,359 [pool-47-thread-1] INFO  server.RaftServerConfigKeys (ConfUtils.java:logGet(43)) - raft.server.rpcslowness.timeout = 120s (custom)
2019-11-13 21:08:25,359 [pool-47-thread-1] INFO  server.RaftServerConfigKeys (ConfUtils.java:logGet(43)) - raft.server.sleep.deviation.threshold = 300 (default)
2019-11-13 21:08:25,359 [pool-47-thread-1] INFO  server.RaftServerConfigKeys (ConfUtils.java:logGet(43)) - raft.server.log.appender.install.snapshot.enabled = false (custom)
2019-11-13 21:08:25,360 [pool-47-thread-1] INFO  impl.RaftServerImpl (ServerState.java:<init>(103)) - 7e2f0495-8c73-49bd-ada1-0766a243ea6a@group-FB906959F65C: ConfigurationManager, init=-1: [7e2f0495-8c73-49bd-ada1-0766a243ea6a:192.168.164.208:43501], old=null, confs=<EMPTY_MAP>
2019-11-13 21:08:25,360 [pool-47-thread-1] INFO  server.RaftServerConfigKeys (ConfUtils.java:logGet(43)) - raft.server.storage.dir = [/workdir/hadoop-ozone/tools/target/test-dir/MiniOzoneClusterImpl-95b345c6-079a-4279-8b96-6675183ec06f/datanode-2/data/ratis] (custom)
2019-11-13 21:08:25,360 [pool-47-thread-1] INFO  server.RaftServerConfigKeys (ConfUtils.java:logGet(43)) - raft.server.log.corruption.policy = EXCEPTION (default)
2019-11-13 21:08:25,360 [pool-47-thread-1] INFO  storage.RaftStorageDirectory (RaftStorageDirectory.java:analyzeStorage(246)) - The storage directory /workdir/hadoop-ozone/tools/target/test-dir/MiniOzoneClusterImpl-95b345c6-079a-4279-8b96-6675183ec06f/datanode-2/data/ratis/e5601fc3-2bdd-446d-9ac4-fb906959f65c does not exist. Creating ...
2019-11-13 21:08:25,394 [pool-47-thread-1] INFO  storage.RaftStorageDirectory (RaftStorageDirectory.java:tryLock(328)) - Lock on /workdir/hadoop-ozone/tools/target/test-dir/MiniOzoneClusterImpl-95b345c6-079a-4279-8b96-6675183ec06f/datanode-2/data/ratis/e5601fc3-2bdd-446d-9ac4-fb906959f65c/in_use.lock acquired by nodename 18166@pr-hdds-2375-t422d-1049308724
2019-11-13 21:08:25,407 [pool-47-thread-1] INFO  storage.RaftStorage (RaftStorage.java:format(84)) - Storage directory /workdir/hadoop-ozone/tools/target/test-dir/MiniOzoneClusterImpl-95b345c6-079a-4279-8b96-6675183ec06f/datanode-2/data/ratis/e5601fc3-2bdd-446d-9ac4-fb906959f65c has been successfully formatted.
2019-11-13 21:08:25,408 [pool-47-thread-1] INFO  ratis.ContainerStateMachine (ContainerStateMachine.java:loadSnapshot(223)) - group-FB906959F65C: The snapshot info is null. Setting the last applied indexto:(t:0, i:~)
2019-11-13 21:08:25,408 [pool-47-thread-1] INFO  server.RaftServerConfigKeys (ConfUtils.java:logGet(43)) - raft.server.notification.no-leader.timeout = 120s (custom)
2019-11-13 21:08:25,408 [pool-47-thread-1] INFO  server.RaftServerConfigKeys (ConfUtils.java:logGet(43)) - raft.server.log.use.memory = false (default)
2019-11-13 21:08:25,408 [pool-47-thread-1] INFO  server.RaftServerConfigKeys (ConfUtils.java:logGet(43)) - raft.server.log.purge.gap = 1000000 (custom)
2019-11-13 21:08:25,408 [pool-47-thread-1] INFO  server.RaftServerConfigKeys (ConfUtils.java:logGet(43)) - raft.server.log.appender.buffer.byte-limit = 33554432 (custom)
2019-11-13 21:08:25,408 [pool-47-thread-1] INFO  server.RaftServerConfigKeys (ConfUtils.java:logGet(43)) - raft.server.log.segment.size.max = 1048576 (custom)
2019-11-13 21:08:25,409 [pool-47-thread-1] WARN  impl.MetricRegistriesImpl (MetricRegistriesImpl.java:lambda$create$1(61)) - First MetricRegistry has been created without registering reporters. You may need to call MetricRegistries.global().addReportRegistration(...) before.
2019-11-13 21:08:25,410 [pool-47-thread-1] INFO  server.RaftServerConfigKeys (ConfUtils.java:logGet(43)) - raft.server.log.segment.cache.num.max = 2 (custom)
2019-11-13 21:08:25,410 [pool-47-thread-1] INFO  segmented.SegmentedRaftLogWorker (SegmentedRaftLogWorker.java:<init>(173)) - new 7e2f0495-8c73-49bd-ada1-0766a243ea6a@group-FB906959F65C-SegmentedRaftLogWorker for RaftStorage:Storage Directory /workdir/hadoop-ozone/tools/target/test-dir/MiniOzoneClusterImpl-95b345c6-079a-4279-8b96-6675183ec06f/datanode-2/data/ratis/e5601fc3-2bdd-446d-9ac4-fb906959f65c
2019-11-13 21:08:25,411 [pool-47-thread-1] INFO  server.RaftServerConfigKeys (ConfUtils.java:logGet(43)) - raft.server.log.queue.byte-limit = 2147483647 (custom)
2019-11-13 21:08:25,411 [pool-47-thread-1] INFO  server.RaftServerConfigKeys (ConfUtils.java:logGet(43)) - raft.server.log.queue.element-limit = 1024 (custom)
2019-11-13 21:08:25,411 [pool-47-thread-1] INFO  server.RaftServerConfigKeys (ConfUtils.java:logGet(43)) - raft.server.log.segment.size.max = 1048576 (custom)
2019-11-13 21:08:25,411 [pool-47-thread-1] INFO  server.RaftServerConfigKeys (ConfUtils.java:logGet(43)) - raft.server.log.preallocated.size = 16384 (custom)
2019-11-13 21:08:25,411 [pool-47-thread-1] INFO  server.RaftServerConfigKeys (ConfUtils.java:logGet(43)) - raft.server.log.write.buffer.size = 33554432 (custom)
2019-11-13 21:08:25,411 [pool-47-thread-1] INFO  server.RaftServerConfigKeys (ConfUtils.java:logGet(43)) - raft.server.log.force.sync.num = 128 (default)
2019-11-13 21:08:25,411 [pool-47-thread-1] INFO  server.RaftServerConfigKeys (ConfUtils.java:logGet(43)) - raft.server.log.statemachine.data.sync = true (default)
2019-11-13 21:08:25,412 [pool-47-thread-1] INFO  server.RaftServerConfigKeys (ConfUtils.java:logGet(43)) - raft.server.log.statemachine.data.sync.timeout = 10s (default)
2019-11-13 21:08:25,412 [pool-47-thread-1] INFO  server.RaftServerConfigKeys (ConfUtils.java:logGet(43)) - raft.server.log.statemachine.data.sync.timeout.retry = -1 (default)
2019-11-13 21:08:25,412 [pool-47-thread-1] INFO  server.RaftServerConfigKeys (ConfUtils.java:logGet(43)) - raft.server.log.statemachine.data.caching.enabled = true (custom)
2019-11-13 21:08:25,412 [pool-47-thread-1] INFO  segmented.SegmentedRaftLogWorker (SegmentedRaftLogWorker.java:lambda$new$0(128)) - 7e2f0495-8c73-49bd-ada1-0766a243ea6a@group-FB906959F65C-SegmentedRaftLogWorker: flushIndex: setUnconditionally 0 -> -1
2019-11-13 21:08:25,413 [pool-47-thread-1] INFO  server.RaftServerConfigKeys (ConfUtils.java:logGet(43)) - raft.server.snapshot.auto.trigger.enabled = true (custom)
2019-11-13 21:08:25,413 [pool-47-thread-1] INFO  server.RaftServerConfigKeys (ConfUtils.java:logGet(43)) - raft.server.snapshot.auto.trigger.threshold = 10000 (custom)
2019-11-13 21:08:25,413 [pool-47-thread-1] INFO  server.RaftServerConfigKeys (ConfUtils.java:logGet(43)) - raft.server.snapshot.retention.file.num = 5 (custom)
2019-11-13 21:08:25,413 [pool-47-thread-1] INFO  server.RaftServerConfigKeys (ConfUtils.java:logGet(43)) - raft.server.retrycache.expirytime = 600000ms (custom)
2019-11-13 21:08:25,414 [pool-47-thread-1] WARN  impl.MetricRegistriesImpl (MetricRegistriesImpl.java:lambda$create$1(61)) - First MetricRegistry has been created without registering reporters. You may need to call MetricRegistries.global().addReportRegistration(...) before.
2019-11-13 21:08:25,414 [pool-47-thread-1] WARN  impl.MetricRegistriesImpl (MetricRegistriesImpl.java:lambda$create$1(61)) - First MetricRegistry has been created without registering reporters. You may need to call MetricRegistries.global().addReportRegistration(...) before.
2019-11-13 21:08:25,414 [pool-47-thread-1] INFO  impl.RaftServerImpl (RaftServerImpl.java:start(184)) - 7e2f0495-8c73-49bd-ada1-0766a243ea6a@group-FB906959F65C: start as a follower, conf=-1: [7e2f0495-8c73-49bd-ada1-0766a243ea6a:192.168.164.208:43501], old=null
2019-11-13 21:08:25,414 [pool-47-thread-1] INFO  impl.RaftServerImpl (RaftServerImpl.java:setRole(173)) - 7e2f0495-8c73-49bd-ada1-0766a243ea6a@group-FB906959F65C: changes role from      null to FOLLOWER at term 0 for startAsFollower
2019-11-13 21:08:25,415 [pool-47-thread-1] INFO  impl.RoleInfo (RoleInfo.java:updateAndGet(143)) - 7e2f0495-8c73-49bd-ada1-0766a243ea6a: start FollowerState
2019-11-13 21:08:25,416 [pool-47-thread-1] INFO  util.JmxRegister (JmxRegister.java:tryRegister(44)) - Successfully registered JMX Bean with object name Ratis:service=RaftServer,group=group-FB906959F65C,id=7e2f0495-8c73-49bd-ada1-0766a243ea6a
2019-11-13 21:08:25,416 [pool-47-thread-1] WARN  impl.MetricRegistriesImpl (MetricRegistriesImpl.java:lambda$create$1(61)) - First MetricRegistry has been created without registering reporters. You may need to call MetricRegistries.global().addReportRegistration(...) before.
2019-11-13 21:08:25,425 [RatisPipelineUtilsThread] INFO  pipeline.PipelineStateManager (PipelineStateManager.java:addPipeline(55)) - Created pipeline Pipeline[ Id: e5601fc3-2bdd-446d-9ac4-fb906959f65c, Nodes: 7e2f0495-8c73-49bd-ada1-0766a243ea6a{ip: 192.168.164.208, host: pr-hdds-2375-t422d-1049308724, networkLocation: /default-rack, certSerialId: null}, Type:RATIS, Factor:ONE, State:ALLOCATED]
2019-11-13 21:08:25,450 [grpc-default-executor-2] INFO  impl.RaftServerProxy (RaftServerProxy.java:addNew(89)) - 7e2f0495-8c73-49bd-ada1-0766a243ea6a: addNew group-2B75B68F7702:[05097526-328e-47c3-8e10-f0fc997678ef:192.168.164.208:46842, 7e2f0495-8c73-49bd-ada1-0766a243ea6a:192.168.164.208:43501, da274d93-6049-45d1-b7c6-82be225b52d6:192.168.164.208:38363] returns group-2B75B68F7702:java.util.concurrent.CompletableFuture@a4676be[Not completed]
2019-11-13 21:08:25,454 [pool-47-thread-1] INFO  impl.RaftServerImpl (RaftServerImpl.java:<init>(98)) - 7e2f0495-8c73-49bd-ada1-0766a243ea6a: new RaftServerImpl for group-2B75B68F7702:[05097526-328e-47c3-8e10-f0fc997678ef:192.168.164.208:46842, 7e2f0495-8c73-49bd-ada1-0766a243ea6a:192.168.164.208:43501, da274d93-6049-45d1-b7c6-82be225b52d6:192.168.164.208:38363] with ContainerStateMachine:uninitialized
2019-11-13 21:08:25,455 [pool-47-thread-1] INFO  server.RaftServerConfigKeys (ConfUtils.java:logGet(43)) - raft.server.rpc.timeout.min = 5s (custom)
2019-11-13 21:08:25,455 [pool-47-thread-1] INFO  server.RaftServerConfigKeys (ConfUtils.java:logGet(43)) - raft.server.rpc.timeout.max = 5200ms (custom)
2019-11-13 21:08:25,455 [pool-47-thread-1] INFO  server.RaftServerConfigKeys (ConfUtils.java:logGet(43)) - raft.server.rpcslowness.timeout = 120s (custom)
2019-11-13 21:08:25,455 [grpc-default-executor-2] INFO  impl.RaftServerProxy (RaftServerProxy.java:addNew(89)) - 05097526-328e-47c3-8e10-f0fc997678ef: addNew group-2B75B68F7702:[05097526-328e-47c3-8e10-f0fc997678ef:192.168.164.208:46842, 7e2f0495-8c73-49bd-ada1-0766a243ea6a:192.168.164.208:43501, da274d93-6049-45d1-b7c6-82be225b52d6:192.168.164.208:38363] returns group-2B75B68F7702:java.util.concurrent.CompletableFuture@3f64cdd9[Not completed]
2019-11-13 21:08:25,455 [pool-47-thread-1] INFO  server.RaftServerConfigKeys (ConfUtils.java:logGet(43)) - raft.server.sleep.deviation.threshold = 300 (default)
2019-11-13 21:08:25,456 [pool-47-thread-1] INFO  server.RaftServerConfigKeys (ConfUtils.java:logGet(43)) - raft.server.log.appender.install.snapshot.enabled = false (custom)
2019-11-13 21:08:25,456 [pool-47-thread-1] INFO  impl.RaftServerImpl (ServerState.java:<init>(103)) - 7e2f0495-8c73-49bd-ada1-0766a243ea6a@group-2B75B68F7702: ConfigurationManager, init=-1: [05097526-328e-47c3-8e10-f0fc997678ef:192.168.164.208:46842, 7e2f0495-8c73-49bd-ada1-0766a243ea6a:192.168.164.208:43501, da274d93-6049-45d1-b7c6-82be225b52d6:192.168.164.208:38363], old=null, confs=<EMPTY_MAP>
2019-11-13 21:08:25,456 [grpc-default-executor-2] INFO  impl.RaftServerProxy (RaftServerProxy.java:addNew(89)) - da274d93-6049-45d1-b7c6-82be225b52d6: addNew group-2B75B68F7702:[05097526-328e-47c3-8e10-f0fc997678ef:192.168.164.208:46842, 7e2f0495-8c73-49bd-ada1-0766a243ea6a:192.168.164.208:43501, da274d93-6049-45d1-b7c6-82be225b52d6:192.168.164.208:38363] returns group-2B75B68F7702:java.util.concurrent.CompletableFuture@7e419527[Not completed]
2019-11-13 21:08:25,456 [pool-47-thread-1] INFO  server.RaftServerConfigKeys (ConfUtils.java:logGet(43)) - raft.server.storage.dir = [/workdir/hadoop-ozone/tools/target/test-dir/MiniOzoneClusterImpl-95b345c6-079a-4279-8b96-6675183ec06f/datanode-2/data/ratis] (custom)
2019-11-13 21:08:25,457 [pool-47-thread-1] INFO  server.RaftServerConfigKeys (ConfUtils.java:logGet(43)) - raft.server.log.corruption.policy = EXCEPTION (default)
2019-11-13 21:08:25,457 [pool-47-thread-1] INFO  storage.RaftStorageDirectory (RaftStorageDirectory.java:analyzeStorage(246)) - The storage directory /workdir/hadoop-ozone/tools/target/test-dir/MiniOzoneClusterImpl-95b345c6-079a-4279-8b96-6675183ec06f/datanode-2/data/ratis/c35ce002-31f5-440e-8ed5-2b75b68f7702 does not exist. Creating ...
2019-11-13 21:08:25,457 [pool-37-thread-1] INFO  impl.RaftServerImpl (RaftServerImpl.java:<init>(98)) - 05097526-328e-47c3-8e10-f0fc997678ef: new RaftServerImpl for group-2B75B68F7702:[05097526-328e-47c3-8e10-f0fc997678ef:192.168.164.208:46842, 7e2f0495-8c73-49bd-ada1-0766a243ea6a:192.168.164.208:43501, da274d93-6049-45d1-b7c6-82be225b52d6:192.168.164.208:38363] with ContainerStateMachine:uninitialized
2019-11-13 21:08:25,458 [pool-37-thread-1] INFO  server.RaftServerConfigKeys (ConfUtils.java:logGet(43)) - raft.server.rpc.timeout.min = 5s (custom)
2019-11-13 21:08:25,458 [pool-37-thread-1] INFO  server.RaftServerConfigKeys (ConfUtils.java:logGet(43)) - raft.server.rpc.timeout.max = 5200ms (custom)
2019-11-13 21:08:25,458 [pool-37-thread-1] INFO  server.RaftServerConfigKeys (ConfUtils.java:logGet(43)) - raft.server.rpcslowness.timeout = 120s (custom)
2019-11-13 21:08:25,458 [pool-27-thread-1] INFO  impl.RaftServerImpl (RaftServerImpl.java:<init>(98)) - da274d93-6049-45d1-b7c6-82be225b52d6: new RaftServerImpl for group-2B75B68F7702:[05097526-328e-47c3-8e10-f0fc997678ef:192.168.164.208:46842, 7e2f0495-8c73-49bd-ada1-0766a243ea6a:192.168.164.208:43501, da274d93-6049-45d1-b7c6-82be225b52d6:192.168.164.208:38363] with ContainerStateMachine:uninitialized
2019-11-13 21:08:25,458 [pool-37-thread-1] INFO  server.RaftServerConfigKeys (ConfUtils.java:logGet(43)) - raft.server.sleep.deviation.threshold = 300 (default)
2019-11-13 21:08:25,458 [pool-27-thread-1] INFO  server.RaftServerConfigKeys (ConfUtils.java:logGet(43)) - raft.server.rpc.timeout.min = 5s (custom)
2019-11-13 21:08:25,458 [pool-37-thread-1] INFO  server.RaftServerConfigKeys (ConfUtils.java:logGet(43)) - raft.server.log.appender.install.snapshot.enabled = false (custom)
2019-11-13 21:08:25,459 [pool-27-thread-1] INFO  server.RaftServerConfigKeys (ConfUtils.java:logGet(43)) - raft.server.rpc.timeout.max = 5200ms (custom)
2019-11-13 21:08:25,459 [pool-37-thread-1] INFO  impl.RaftServerImpl (ServerState.java:<init>(103)) - 05097526-328e-47c3-8e10-f0fc997678ef@group-2B75B68F7702: ConfigurationManager, init=-1: [05097526-328e-47c3-8e10-f0fc997678ef:192.168.164.208:46842, 7e2f0495-8c73-49bd-ada1-0766a243ea6a:192.168.164.208:43501, da274d93-6049-45d1-b7c6-82be225b52d6:192.168.164.208:38363], old=null, confs=<EMPTY_MAP>
2019-11-13 21:08:25,459 [pool-27-thread-1] INFO  server.RaftServerConfigKeys (ConfUtils.java:logGet(43)) - raft.server.rpcslowness.timeout = 120s (custom)
2019-11-13 21:08:25,459 [pool-37-thread-1] INFO  server.RaftServerConfigKeys (ConfUtils.java:logGet(43)) - raft.server.storage.dir = [/workdir/hadoop-ozone/tools/target/test-dir/MiniOzoneClusterImpl-95b345c6-079a-4279-8b96-6675183ec06f/datanode-1/data/ratis] (custom)
2019-11-13 21:08:25,459 [pool-27-thread-1] INFO  server.RaftServerConfigKeys (ConfUtils.java:logGet(43)) - raft.server.sleep.deviation.threshold = 300 (default)
2019-11-13 21:08:25,459 [pool-27-thread-1] INFO  server.RaftServerConfigKeys (ConfUtils.java:logGet(43)) - raft.server.log.appender.install.snapshot.enabled = false (custom)
2019-11-13 21:08:25,459 [pool-37-thread-1] INFO  server.RaftServerConfigKeys (ConfUtils.java:logGet(43)) - raft.server.log.corruption.policy = EXCEPTION (default)
2019-11-13 21:08:25,459 [pool-27-thread-1] INFO  impl.RaftServerImpl (ServerState.java:<init>(103)) - da274d93-6049-45d1-b7c6-82be225b52d6@group-2B75B68F7702: ConfigurationManager, init=-1: [05097526-328e-47c3-8e10-f0fc997678ef:192.168.164.208:46842, 7e2f0495-8c73-49bd-ada1-0766a243ea6a:192.168.164.208:43501, da274d93-6049-45d1-b7c6-82be225b52d6:192.168.164.208:38363], old=null, confs=<EMPTY_MAP>
2019-11-13 21:08:25,460 [pool-37-thread-1] INFO  storage.RaftStorageDirectory (RaftStorageDirectory.java:analyzeStorage(246)) - The storage directory /workdir/hadoop-ozone/tools/target/test-dir/MiniOzoneClusterImpl-95b345c6-079a-4279-8b96-6675183ec06f/datanode-1/data/ratis/c35ce002-31f5-440e-8ed5-2b75b68f7702 does not exist. Creating ...
2019-11-13 21:08:25,460 [pool-27-thread-1] INFO  server.RaftServerConfigKeys (ConfUtils.java:logGet(43)) - raft.server.storage.dir = [/workdir/hadoop-ozone/tools/target/test-dir/MiniOzoneClusterImpl-95b345c6-079a-4279-8b96-6675183ec06f/datanode-0/data/ratis] (custom)
2019-11-13 21:08:25,460 [pool-27-thread-1] INFO  server.RaftServerConfigKeys (ConfUtils.java:logGet(43)) - raft.server.log.corruption.policy = EXCEPTION (default)
2019-11-13 21:08:25,460 [pool-27-thread-1] INFO  storage.RaftStorageDirectory (RaftStorageDirectory.java:analyzeStorage(246)) - The storage directory /workdir/hadoop-ozone/tools/target/test-dir/MiniOzoneClusterImpl-95b345c6-079a-4279-8b96-6675183ec06f/datanode-0/data/ratis/c35ce002-31f5-440e-8ed5-2b75b68f7702 does not exist. Creating ...
2019-11-13 21:08:25,473 [pool-47-thread-1] INFO  storage.RaftStorageDirectory (RaftStorageDirectory.java:tryLock(328)) - Lock on /workdir/hadoop-ozone/tools/target/test-dir/MiniOzoneClusterImpl-95b345c6-079a-4279-8b96-6675183ec06f/datanode-2/data/ratis/c35ce002-31f5-440e-8ed5-2b75b68f7702/in_use.lock acquired by nodename 18166@pr-hdds-2375-t422d-1049308724
2019-11-13 21:08:25,473 [pool-27-thread-1] INFO  storage.RaftStorageDirectory (RaftStorageDirectory.java:tryLock(328)) - Lock on /workdir/hadoop-ozone/tools/target/test-dir/MiniOzoneClusterImpl-95b345c6-079a-4279-8b96-6675183ec06f/datanode-0/data/ratis/c35ce002-31f5-440e-8ed5-2b75b68f7702/in_use.lock acquired by nodename 18166@pr-hdds-2375-t422d-1049308724
2019-11-13 21:08:25,473 [pool-37-thread-1] INFO  storage.RaftStorageDirectory (RaftStorageDirectory.java:tryLock(328)) - Lock on /workdir/hadoop-ozone/tools/target/test-dir/MiniOzoneClusterImpl-95b345c6-079a-4279-8b96-6675183ec06f/datanode-1/data/ratis/c35ce002-31f5-440e-8ed5-2b75b68f7702/in_use.lock acquired by nodename 18166@pr-hdds-2375-t422d-1049308724
2019-11-13 21:08:25,487 [pool-37-thread-1] INFO  storage.RaftStorage (RaftStorage.java:format(84)) - Storage directory /workdir/hadoop-ozone/tools/target/test-dir/MiniOzoneClusterImpl-95b345c6-079a-4279-8b96-6675183ec06f/datanode-1/data/ratis/c35ce002-31f5-440e-8ed5-2b75b68f7702 has been successfully formatted.
2019-11-13 21:08:25,487 [pool-47-thread-1] INFO  storage.RaftStorage (RaftStorage.java:format(84)) - Storage directory /workdir/hadoop-ozone/tools/target/test-dir/MiniOzoneClusterImpl-95b345c6-079a-4279-8b96-6675183ec06f/datanode-2/data/ratis/c35ce002-31f5-440e-8ed5-2b75b68f7702 has been successfully formatted.
2019-11-13 21:08:25,487 [pool-27-thread-1] INFO  storage.RaftStorage (RaftStorage.java:format(84)) - Storage directory /workdir/hadoop-ozone/tools/target/test-dir/MiniOzoneClusterImpl-95b345c6-079a-4279-8b96-6675183ec06f/datanode-0/data/ratis/c35ce002-31f5-440e-8ed5-2b75b68f7702 has been successfully formatted.
2019-11-13 21:08:25,487 [pool-37-thread-1] INFO  ratis.ContainerStateMachine (ContainerStateMachine.java:loadSnapshot(223)) - group-2B75B68F7702: The snapshot info is null. Setting the last applied indexto:(t:0, i:~)
2019-11-13 21:08:25,487 [pool-47-thread-1] INFO  ratis.ContainerStateMachine (ContainerStateMachine.java:loadSnapshot(223)) - group-2B75B68F7702: The snapshot info is null. Setting the last applied indexto:(t:0, i:~)
2019-11-13 21:08:25,487 [pool-37-thread-1] INFO  server.RaftServerConfigKeys (ConfUtils.java:logGet(43)) - raft.server.notification.no-leader.timeout = 120s (custom)
2019-11-13 21:08:25,487 [pool-27-thread-1] INFO  ratis.ContainerStateMachine (ContainerStateMachine.java:loadSnapshot(223)) - group-2B75B68F7702: The snapshot info is null. Setting the last applied indexto:(t:0, i:~)
2019-11-13 21:08:25,488 [pool-37-thread-1] INFO  server.RaftServerConfigKeys (ConfUtils.java:logGet(43)) - raft.server.log.use.memory = false (default)
2019-11-13 21:08:25,488 [pool-47-thread-1] INFO  server.RaftServerConfigKeys (ConfUtils.java:logGet(43)) - raft.server.notification.no-leader.timeout = 120s (custom)
2019-11-13 21:08:25,488 [pool-37-thread-1] INFO  server.RaftServerConfigKeys (ConfUtils.java:logGet(43)) - raft.server.log.purge.gap = 1000000 (custom)
2019-11-13 21:08:25,488 [pool-27-thread-1] INFO  server.RaftServerConfigKeys (ConfUtils.java:logGet(43)) - raft.server.notification.no-leader.timeout = 120s (custom)
2019-11-13 21:08:25,488 [pool-37-thread-1] INFO  server.RaftServerConfigKeys (ConfUtils.java:logGet(43)) - raft.server.log.appender.buffer.byte-limit = 33554432 (custom)
2019-11-13 21:08:25,488 [pool-47-thread-1] INFO  server.RaftServerConfigKeys (ConfUtils.java:logGet(43)) - raft.server.log.use.memory = false (default)
2019-11-13 21:08:25,488 [pool-37-thread-1] INFO  server.RaftServerConfigKeys (ConfUtils.java:logGet(43)) - raft.server.log.segment.size.max = 1048576 (custom)
2019-11-13 21:08:25,488 [pool-27-thread-1] INFO  server.RaftServerConfigKeys (ConfUtils.java:logGet(43)) - raft.server.log.use.memory = false (default)
2019-11-13 21:08:25,489 [pool-37-thread-1] INFO  server.RaftServerConfigKeys (ConfUtils.java:logGet(43)) - raft.server.log.segment.cache.num.max = 2 (custom)
2019-11-13 21:08:25,488 [pool-47-thread-1] INFO  server.RaftServerConfigKeys (ConfUtils.java:logGet(43)) - raft.server.log.purge.gap = 1000000 (custom)
2019-11-13 21:08:25,489 [pool-37-thread-1] INFO  segmented.SegmentedRaftLogWorker (SegmentedRaftLogWorker.java:<init>(173)) - new 05097526-328e-47c3-8e10-f0fc997678ef@group-2B75B68F7702-SegmentedRaftLogWorker for RaftStorage:Storage Directory /workdir/hadoop-ozone/tools/target/test-dir/MiniOzoneClusterImpl-95b345c6-079a-4279-8b96-6675183ec06f/datanode-1/data/ratis/c35ce002-31f5-440e-8ed5-2b75b68f7702
2019-11-13 21:08:25,489 [pool-27-thread-1] INFO  server.RaftServerConfigKeys (ConfUtils.java:logGet(43)) - raft.server.log.purge.gap = 1000000 (custom)
2019-11-13 21:08:25,489 [pool-37-thread-1] INFO  server.RaftServerConfigKeys (ConfUtils.java:logGet(43)) - raft.server.log.queue.byte-limit = 2147483647 (custom)
2019-11-13 21:08:25,489 [pool-47-thread-1] INFO  server.RaftServerConfigKeys (ConfUtils.java:logGet(43)) - raft.server.log.appender.buffer.byte-limit = 33554432 (custom)
2019-11-13 21:08:25,489 [pool-37-thread-1] INFO  server.RaftServerConfigKeys (ConfUtils.java:logGet(43)) - raft.server.log.queue.element-limit = 1024 (custom)
2019-11-13 21:08:25,489 [pool-27-thread-1] INFO  server.RaftServerConfigKeys (ConfUtils.java:logGet(43)) - raft.server.log.appender.buffer.byte-limit = 33554432 (custom)
2019-11-13 21:08:25,489 [pool-37-thread-1] INFO  server.RaftServerConfigKeys (ConfUtils.java:logGet(43)) - raft.server.log.segment.size.max = 1048576 (custom)
2019-11-13 21:08:25,489 [pool-47-thread-1] INFO  server.RaftServerConfigKeys (ConfUtils.java:logGet(43)) - raft.server.log.segment.size.max = 1048576 (custom)
2019-11-13 21:08:25,489 [pool-37-thread-1] INFO  server.RaftServerConfigKeys (ConfUtils.java:logGet(43)) - raft.server.log.preallocated.size = 16384 (custom)
2019-11-13 21:08:25,489 [pool-27-thread-1] INFO  server.RaftServerConfigKeys (ConfUtils.java:logGet(43)) - raft.server.log.segment.size.max = 1048576 (custom)
2019-11-13 21:08:25,490 [pool-37-thread-1] INFO  server.RaftServerConfigKeys (ConfUtils.java:logGet(43)) - raft.server.log.write.buffer.size = 33554432 (custom)
2019-11-13 21:08:25,490 [pool-47-thread-1] INFO  server.RaftServerConfigKeys (ConfUtils.java:logGet(43)) - raft.server.log.segment.cache.num.max = 2 (custom)
2019-11-13 21:08:25,490 [pool-37-thread-1] INFO  server.RaftServerConfigKeys (ConfUtils.java:logGet(43)) - raft.server.log.force.sync.num = 128 (default)
2019-11-13 21:08:25,490 [pool-27-thread-1] INFO  server.RaftServerConfigKeys (ConfUtils.java:logGet(43)) - raft.server.log.segment.cache.num.max = 2 (custom)
2019-11-13 21:08:25,490 [pool-37-thread-1] INFO  server.RaftServerConfigKeys (ConfUtils.java:logGet(43)) - raft.server.log.statemachine.data.sync = true (default)
2019-11-13 21:08:25,490 [pool-47-thread-1] INFO  segmented.SegmentedRaftLogWorker (SegmentedRaftLogWorker.java:<init>(173)) - new 7e2f0495-8c73-49bd-ada1-0766a243ea6a@group-2B75B68F7702-SegmentedRaftLogWorker for RaftStorage:Storage Directory /workdir/hadoop-ozone/tools/target/test-dir/MiniOzoneClusterImpl-95b345c6-079a-4279-8b96-6675183ec06f/datanode-2/data/ratis/c35ce002-31f5-440e-8ed5-2b75b68f7702
2019-11-13 21:08:25,490 [pool-37-thread-1] INFO  server.RaftServerConfigKeys (ConfUtils.java:logGet(43)) - raft.server.log.statemachine.data.sync.timeout = 10s (default)
2019-11-13 21:08:25,490 [pool-27-thread-1] INFO  segmented.SegmentedRaftLogWorker (SegmentedRaftLogWorker.java:<init>(173)) - new da274d93-6049-45d1-b7c6-82be225b52d6@group-2B75B68F7702-SegmentedRaftLogWorker for RaftStorage:Storage Directory /workdir/hadoop-ozone/tools/target/test-dir/MiniOzoneClusterImpl-95b345c6-079a-4279-8b96-6675183ec06f/datanode-0/data/ratis/c35ce002-31f5-440e-8ed5-2b75b68f7702
2019-11-13 21:08:25,490 [pool-37-thread-1] INFO  server.RaftServerConfigKeys (ConfUtils.java:logGet(43)) - raft.server.log.statemachine.data.sync.timeout.retry = -1 (default)
2019-11-13 21:08:25,490 [pool-47-thread-1] INFO  server.RaftServerConfigKeys (ConfUtils.java:logGet(43)) - raft.server.log.queue.byte-limit = 2147483647 (custom)
2019-11-13 21:08:25,491 [pool-27-thread-1] INFO  server.RaftServerConfigKeys (ConfUtils.java:logGet(43)) - raft.server.log.queue.byte-limit = 2147483647 (custom)
2019-11-13 21:08:25,491 [pool-37-thread-1] INFO  server.RaftServerConfigKeys (ConfUtils.java:logGet(43)) - raft.server.log.statemachine.data.caching.enabled = true (custom)
2019-11-13 21:08:25,491 [pool-47-thread-1] INFO  server.RaftServerConfigKeys (ConfUtils.java:logGet(43)) - raft.server.log.queue.element-limit = 1024 (custom)
2019-11-13 21:08:25,491 [pool-27-thread-1] INFO  server.RaftServerConfigKeys (ConfUtils.java:logGet(43)) - raft.server.log.queue.element-limit = 1024 (custom)
2019-11-13 21:08:25,491 [pool-47-thread-1] INFO  server.RaftServerConfigKeys (ConfUtils.java:logGet(43)) - raft.server.log.segment.size.max = 1048576 (custom)
2019-11-13 21:08:25,491 [pool-27-thread-1] INFO  server.RaftServerConfigKeys (ConfUtils.java:logGet(43)) - raft.server.log.segment.size.max = 1048576 (custom)
2019-11-13 21:08:25,491 [pool-37-thread-1] INFO  segmented.SegmentedRaftLogWorker (SegmentedRaftLogWorker.java:lambda$new$0(128)) - 05097526-328e-47c3-8e10-f0fc997678ef@group-2B75B68F7702-SegmentedRaftLogWorker: flushIndex: setUnconditionally 0 -> -1
2019-11-13 21:08:25,491 [pool-27-thread-1] INFO  server.RaftServerConfigKeys (ConfUtils.java:logGet(43)) - raft.server.log.preallocated.size = 16384 (custom)
2019-11-13 21:08:25,491 [pool-47-thread-1] INFO  server.RaftServerConfigKeys (ConfUtils.java:logGet(43)) - raft.server.log.preallocated.size = 16384 (custom)
2019-11-13 21:08:25,492 [pool-37-thread-1] INFO  server.RaftServerConfigKeys (ConfUtils.java:logGet(43)) - raft.server.snapshot.auto.trigger.enabled = true (custom)
2019-11-13 21:08:25,492 [pool-27-thread-1] INFO  server.RaftServerConfigKeys (ConfUtils.java:logGet(43)) - raft.server.log.write.buffer.size = 33554432 (custom)
2019-11-13 21:08:25,492 [pool-37-thread-1] INFO  server.RaftServerConfigKeys (ConfUtils.java:logGet(43)) - raft.server.snapshot.auto.trigger.threshold = 10000 (custom)
2019-11-13 21:08:25,492 [pool-47-thread-1] INFO  server.RaftServerConfigKeys (ConfUtils.java:logGet(43)) - raft.server.log.write.buffer.size = 33554432 (custom)
2019-11-13 21:08:25,492 [pool-37-thread-1] INFO  server.RaftServerConfigKeys (ConfUtils.java:logGet(43)) - raft.server.snapshot.retention.file.num = 5 (custom)
2019-11-13 21:08:25,492 [pool-27-thread-1] INFO  server.RaftServerConfigKeys (ConfUtils.java:logGet(43)) - raft.server.log.force.sync.num = 128 (default)
2019-11-13 21:08:25,492 [pool-47-thread-1] INFO  server.RaftServerConfigKeys (ConfUtils.java:logGet(43)) - raft.server.log.force.sync.num = 128 (default)
2019-11-13 21:08:25,492 [pool-27-thread-1] INFO  server.RaftServerConfigKeys (ConfUtils.java:logGet(43)) - raft.server.log.statemachine.data.sync = true (default)
2019-11-13 21:08:25,492 [pool-37-thread-1] INFO  server.RaftServerConfigKeys (ConfUtils.java:logGet(43)) - raft.server.retrycache.expirytime = 600000ms (custom)
2019-11-13 21:08:25,492 [pool-27-thread-1] INFO  server.RaftServerConfigKeys (ConfUtils.java:logGet(43)) - raft.server.log.statemachine.data.sync.timeout = 10s (default)
2019-11-13 21:08:25,492 [pool-47-thread-1] INFO  server.RaftServerConfigKeys (ConfUtils.java:logGet(43)) - raft.server.log.statemachine.data.sync = true (default)
2019-11-13 21:08:25,493 [pool-27-thread-1] INFO  server.RaftServerConfigKeys (ConfUtils.java:logGet(43)) - raft.server.log.statemachine.data.sync.timeout.retry = -1 (default)
2019-11-13 21:08:25,493 [pool-47-thread-1] INFO  server.RaftServerConfigKeys (ConfUtils.java:logGet(43)) - raft.server.log.statemachine.data.sync.timeout = 10s (default)
2019-11-13 21:08:25,493 [pool-37-thread-1] WARN  impl.MetricRegistriesImpl (MetricRegistriesImpl.java:lambda$create$1(61)) - First MetricRegistry has been created without registering reporters. You may need to call MetricRegistries.global().addReportRegistration(...) before.
2019-11-13 21:08:25,493 [pool-47-thread-1] INFO  server.RaftServerConfigKeys (ConfUtils.java:logGet(43)) - raft.server.log.statemachine.data.sync.timeout.retry = -1 (default)
2019-11-13 21:08:25,493 [pool-27-thread-1] INFO  server.RaftServerConfigKeys (ConfUtils.java:logGet(43)) - raft.server.log.statemachine.data.caching.enabled = true (custom)
2019-11-13 21:08:25,493 [pool-47-thread-1] INFO  server.RaftServerConfigKeys (ConfUtils.java:logGet(43)) - raft.server.log.statemachine.data.caching.enabled = true (custom)
2019-11-13 21:08:25,493 [pool-37-thread-1] WARN  impl.MetricRegistriesImpl (MetricRegistriesImpl.java:lambda$create$1(61)) - First MetricRegistry has been created without registering reporters. You may need to call MetricRegistries.global().addReportRegistration(...) before.
2019-11-13 21:08:25,494 [pool-27-thread-1] INFO  segmented.SegmentedRaftLogWorker (SegmentedRaftLogWorker.java:lambda$new$0(128)) - da274d93-6049-45d1-b7c6-82be225b52d6@group-2B75B68F7702-SegmentedRaftLogWorker: flushIndex: setUnconditionally 0 -> -1
2019-11-13 21:08:25,494 [pool-37-thread-1] INFO  impl.RaftServerImpl (RaftServerImpl.java:start(184)) - 05097526-328e-47c3-8e10-f0fc997678ef@group-2B75B68F7702: start as a follower, conf=-1: [05097526-328e-47c3-8e10-f0fc997678ef:192.168.164.208:46842, 7e2f0495-8c73-49bd-ada1-0766a243ea6a:192.168.164.208:43501, da274d93-6049-45d1-b7c6-82be225b52d6:192.168.164.208:38363], old=null
2019-11-13 21:08:25,494 [pool-47-thread-1] INFO  segmented.SegmentedRaftLogWorker (SegmentedRaftLogWorker.java:lambda$new$0(128)) - 7e2f0495-8c73-49bd-ada1-0766a243ea6a@group-2B75B68F7702-SegmentedRaftLogWorker: flushIndex: setUnconditionally 0 -> -1
2019-11-13 21:08:25,494 [pool-27-thread-1] INFO  server.RaftServerConfigKeys (ConfUtils.java:logGet(43)) - raft.server.snapshot.auto.trigger.enabled = true (custom)
2019-11-13 21:08:25,494 [pool-37-thread-1] INFO  impl.RaftServerImpl (RaftServerImpl.java:setRole(173)) - 05097526-328e-47c3-8e10-f0fc997678ef@group-2B75B68F7702: changes role from      null to FOLLOWER at term 0 for startAsFollower
2019-11-13 21:08:25,494 [pool-47-thread-1] INFO  server.RaftServerConfigKeys (ConfUtils.java:logGet(43)) - raft.server.snapshot.auto.trigger.enabled = true (custom)
2019-11-13 21:08:25,494 [pool-27-thread-1] INFO  server.RaftServerConfigKeys (ConfUtils.java:logGet(43)) - raft.server.snapshot.auto.trigger.threshold = 10000 (custom)
2019-11-13 21:08:25,494 [pool-47-thread-1] INFO  server.RaftServerConfigKeys (ConfUtils.java:logGet(43)) - raft.server.snapshot.auto.trigger.threshold = 10000 (custom)
2019-11-13 21:08:25,494 [pool-37-thread-1] INFO  impl.RoleInfo (RoleInfo.java:updateAndGet(143)) - 05097526-328e-47c3-8e10-f0fc997678ef: start FollowerState
2019-11-13 21:08:25,495 [pool-47-thread-1] INFO  server.RaftServerConfigKeys (ConfUtils.java:logGet(43)) - raft.server.snapshot.retention.file.num = 5 (custom)
2019-11-13 21:08:25,494 [pool-27-thread-1] INFO  server.RaftServerConfigKeys (ConfUtils.java:logGet(43)) - raft.server.snapshot.retention.file.num = 5 (custom)
2019-11-13 21:08:25,495 [pool-47-thread-1] INFO  server.RaftServerConfigKeys (ConfUtils.java:logGet(43)) - raft.server.retrycache.expirytime = 600000ms (custom)
2019-11-13 21:08:25,495 [pool-27-thread-1] INFO  server.RaftServerConfigKeys (ConfUtils.java:logGet(43)) - raft.server.retrycache.expirytime = 600000ms (custom)
2019-11-13 21:08:25,495 [pool-47-thread-1] WARN  impl.MetricRegistriesImpl (MetricRegistriesImpl.java:lambda$create$1(61)) - First MetricRegistry has been created without registering reporters. You may need to call MetricRegistries.global().addReportRegistration(...) before.
2019-11-13 21:08:25,495 [pool-37-thread-1] INFO  util.JmxRegister (JmxRegister.java:tryRegister(44)) - Successfully registered JMX Bean with object name Ratis:service=RaftServer,group=group-2B75B68F7702,id=05097526-328e-47c3-8e10-f0fc997678ef
2019-11-13 21:08:25,495 [pool-47-thread-1] WARN  impl.MetricRegistriesImpl (MetricRegistriesImpl.java:lambda$create$1(61)) - First MetricRegistry has been created without registering reporters. You may need to call MetricRegistries.global().addReportRegistration(...) before.
2019-11-13 21:08:25,495 [pool-27-thread-1] WARN  impl.MetricRegistriesImpl (MetricRegistriesImpl.java:lambda$create$1(61)) - First MetricRegistry has been created without registering reporters. You may need to call MetricRegistries.global().addReportRegistration(...) before.
2019-11-13 21:08:25,495 [pool-47-thread-1] INFO  impl.RaftServerImpl (RaftServerImpl.java:start(184)) - 7e2f0495-8c73-49bd-ada1-0766a243ea6a@group-2B75B68F7702: start as a follower, conf=-1: [05097526-328e-47c3-8e10-f0fc997678ef:192.168.164.208:46842, 7e2f0495-8c73-49bd-ada1-0766a243ea6a:192.168.164.208:43501, da274d93-6049-45d1-b7c6-82be225b52d6:192.168.164.208:38363], old=null
2019-11-13 21:08:25,495 [pool-37-thread-1] WARN  impl.MetricRegistriesImpl (MetricRegistriesImpl.java:lambda$create$1(61)) - First MetricRegistry has been created without registering reporters. You may need to call MetricRegistries.global().addReportRegistration(...) before.
2019-11-13 21:08:25,496 [pool-47-thread-1] INFO  impl.RaftServerImpl (RaftServerImpl.java:setRole(173)) - 7e2f0495-8c73-49bd-ada1-0766a243ea6a@group-2B75B68F7702: changes role from      null to FOLLOWER at term 0 for startAsFollower
2019-11-13 21:08:25,496 [pool-27-thread-1] WARN  impl.MetricRegistriesImpl (MetricRegistriesImpl.java:lambda$create$1(61)) - First MetricRegistry has been created without registering reporters. You may need to call MetricRegistries.global().addReportRegistration(...) before.
2019-11-13 21:08:25,496 [pool-47-thread-1] INFO  impl.RoleInfo (RoleInfo.java:updateAndGet(143)) - 7e2f0495-8c73-49bd-ada1-0766a243ea6a: start FollowerState
2019-11-13 21:08:25,496 [pool-27-thread-1] INFO  impl.RaftServerImpl (RaftServerImpl.java:start(184)) - da274d93-6049-45d1-b7c6-82be225b52d6@group-2B75B68F7702: start as a follower, conf=-1: [05097526-328e-47c3-8e10-f0fc997678ef:192.168.164.208:46842, 7e2f0495-8c73-49bd-ada1-0766a243ea6a:192.168.164.208:43501, da274d93-6049-45d1-b7c6-82be225b52d6:192.168.164.208:38363], old=null
2019-11-13 21:08:25,496 [pool-27-thread-1] INFO  impl.RaftServerImpl (RaftServerImpl.java:setRole(173)) - da274d93-6049-45d1-b7c6-82be225b52d6@group-2B75B68F7702: changes role from      null to FOLLOWER at term 0 for startAsFollower
2019-11-13 21:08:25,496 [pool-47-thread-1] INFO  util.JmxRegister (JmxRegister.java:tryRegister(44)) - Successfully registered JMX Bean with object name Ratis:service=RaftServer,group=group-2B75B68F7702,id=7e2f0495-8c73-49bd-ada1-0766a243ea6a
2019-11-13 21:08:25,496 [pool-27-thread-1] INFO  impl.RoleInfo (RoleInfo.java:updateAndGet(143)) - da274d93-6049-45d1-b7c6-82be225b52d6: start FollowerState
2019-11-13 21:08:25,496 [pool-47-thread-1] WARN  impl.MetricRegistriesImpl (MetricRegistriesImpl.java:lambda$create$1(61)) - First MetricRegistry has been created without registering reporters. You may need to call MetricRegistries.global().addReportRegistration(...) before.
2019-11-13 21:08:25,498 [pool-27-thread-1] INFO  util.JmxRegister (JmxRegister.java:tryRegister(44)) - Successfully registered JMX Bean with object name Ratis:service=RaftServer,group=group-2B75B68F7702,id=da274d93-6049-45d1-b7c6-82be225b52d6
2019-11-13 21:08:25,498 [pool-27-thread-1] WARN  impl.MetricRegistriesImpl (MetricRegistriesImpl.java:lambda$create$1(61)) - First MetricRegistry has been created without registering reporters. You may need to call MetricRegistries.global().addReportRegistration(...) before.
2019-11-13 21:08:25,514 [RatisPipelineUtilsThread] INFO  pipeline.PipelineStateManager (PipelineStateManager.java:addPipeline(55)) - Created pipeline Pipeline[ Id: c35ce002-31f5-440e-8ed5-2b75b68f7702, Nodes: 05097526-328e-47c3-8e10-f0fc997678ef{ip: 192.168.164.208, host: pr-hdds-2375-t422d-1049308724, networkLocation: /default-rack, certSerialId: null}da274d93-6049-45d1-b7c6-82be225b52d6{ip: 192.168.164.208, host: pr-hdds-2375-t422d-1049308724, networkLocation: /default-rack, certSerialId: null}7e2f0495-8c73-49bd-ada1-0766a243ea6a{ip: 192.168.164.208, host: pr-hdds-2375-t422d-1049308724, networkLocation: /default-rack, certSerialId: null}, Type:RATIS, Factor:THREE, State:ALLOCATED]
2019-11-13 21:08:25,515 [main] INFO  ozone.MiniOzoneClusterImpl (MiniOzoneClusterImpl.java:lambda$waitForClusterToBeReady$2(163)) - Waiting for 4 number of pipelines out of 4, to report a leader.
2019-11-13 21:08:26,516 [main] INFO  ozone.MiniOzoneClusterImpl (MiniOzoneClusterImpl.java:lambda$waitForClusterToBeReady$2(163)) - Waiting for 4 number of pipelines out of 4, to report a leader.
2019-11-13 21:08:27,517 [main] INFO  ozone.MiniOzoneClusterImpl (MiniOzoneClusterImpl.java:lambda$waitForClusterToBeReady$2(163)) - Waiting for 4 number of pipelines out of 4, to report a leader.
2019-11-13 21:08:27,538 [Thread-178] INFO  container.ReplicationManager (ReplicationManager.java:start(162)) - Starting Replication Monitor Thread.
2019-11-13 21:08:27,546 [Thread-178] INFO  pipeline.SCMPipelineManager (SCMPipelineManager.java:finalizeAndDestroyPipeline(315)) - destroying pipeline:Pipeline[ Id: e5601fc3-2bdd-446d-9ac4-fb906959f65c, Nodes: 7e2f0495-8c73-49bd-ada1-0766a243ea6a{ip: 192.168.164.208, host: pr-hdds-2375-t422d-1049308724, networkLocation: /default-rack, certSerialId: null}, Type:RATIS, Factor:ONE, State:ALLOCATED]
2019-11-13 21:08:27,546 [ReplicationMonitor] INFO  container.ReplicationManager (ReplicationManager.java:run(225)) - Replication Monitor Thread took 1 milliseconds for processing 0 containers.
2019-11-13 21:08:27,547 [Thread-178] INFO  pipeline.PipelineStateManager (PipelineStateManager.java:finalizePipeline(121)) - Pipeline Pipeline[ Id: e5601fc3-2bdd-446d-9ac4-fb906959f65c, Nodes: 7e2f0495-8c73-49bd-ada1-0766a243ea6a{ip: 192.168.164.208, host: pr-hdds-2375-t422d-1049308724, networkLocation: /default-rack, certSerialId: null}, Type:RATIS, Factor:ONE, State:CLOSED] moved to CLOSED state
2019-11-13 21:08:27,572 [grpc-default-executor-2] INFO  impl.RaftServerProxy (RaftServerProxy.java:remove(95)) - 7e2f0495-8c73-49bd-ada1-0766a243ea6a: remove  FOLLOWER 7e2f0495-8c73-49bd-ada1-0766a243ea6a@group-FB906959F65C:t0, leader=null, voted=null, raftlog=7e2f0495-8c73-49bd-ada1-0766a243ea6a@group-FB906959F65C-SegmentedRaftLog:OPENED:c-1,f-1,i0, conf=-1: [7e2f0495-8c73-49bd-ada1-0766a243ea6a:192.168.164.208:43501], old=null RUNNING
2019-11-13 21:08:27,575 [grpc-default-executor-2] INFO  impl.RaftServerImpl (RaftServerImpl.java:lambda$shutdown$3(250)) - 7e2f0495-8c73-49bd-ada1-0766a243ea6a@group-FB906959F65C: shutdown
2019-11-13 21:08:27,576 [grpc-default-executor-2] INFO  util.JmxRegister (JmxRegister.java:unregister(73)) - Successfully un-registered JMX Bean with object name Ratis:service=RaftServer,group=group-FB906959F65C,id=7e2f0495-8c73-49bd-ada1-0766a243ea6a
2019-11-13 21:08:27,576 [grpc-default-executor-2] INFO  impl.RoleInfo (RoleInfo.java:shutdownFollowerState(121)) - 7e2f0495-8c73-49bd-ada1-0766a243ea6a: shutdown FollowerState
2019-11-13 21:08:27,576 [Thread-186] INFO  impl.FollowerState (FollowerState.java:run(120)) - 7e2f0495-8c73-49bd-ada1-0766a243ea6a@group-FB906959F65C-FollowerState was interrupted: java.lang.InterruptedException: sleep interrupted
2019-11-13 21:08:27,576 [grpc-default-executor-2] INFO  impl.StateMachineUpdater (StateMachineUpdater.java:stopAndJoin(136)) - 7e2f0495-8c73-49bd-ada1-0766a243ea6a@group-FB906959F65C-StateMachineUpdater: set stopIndex = -1
2019-11-13 21:08:27,578 [grpc-default-executor-2] INFO  impl.RaftServerImpl (ServerState.java:close(387)) - 7e2f0495-8c73-49bd-ada1-0766a243ea6a@group-FB906959F65C: closes. applyIndex: -1
2019-11-13 21:08:27,582 [7e2f0495-8c73-49bd-ada1-0766a243ea6a@group-FB906959F65C-SegmentedRaftLogWorker] INFO  segmented.SegmentedRaftLogWorker (SegmentedRaftLogWorker.java:run(316)) - 7e2f0495-8c73-49bd-ada1-0766a243ea6a@group-FB906959F65C-SegmentedRaftLogWorker was interrupted, exiting. There are 0 tasks remaining in the queue.
2019-11-13 21:08:27,583 [grpc-default-executor-2] INFO  segmented.SegmentedRaftLogWorker (SegmentedRaftLogWorker.java:close(224)) - 7e2f0495-8c73-49bd-ada1-0766a243ea6a@group-FB906959F65C-SegmentedRaftLogWorker close()
2019-11-13 21:08:27,597 [Thread-178] INFO  pipeline.PipelineStateManager (PipelineStateManager.java:removePipeline(106)) - Pipeline Pipeline[ Id: e5601fc3-2bdd-446d-9ac4-fb906959f65c, Nodes: 7e2f0495-8c73-49bd-ada1-0766a243ea6a{ip: 192.168.164.208, host: pr-hdds-2375-t422d-1049308724, networkLocation: /default-rack, certSerialId: null}, Type:RATIS, Factor:ONE, State:CLOSED] removed from db
2019-11-13 21:08:27,598 [Thread-178] INFO  pipeline.SCMPipelineManager (SCMPipelineManager.java:finalizeAndDestroyPipeline(315)) - destroying pipeline:Pipeline[ Id: c35ce002-31f5-440e-8ed5-2b75b68f7702, Nodes: 05097526-328e-47c3-8e10-f0fc997678ef{ip: 192.168.164.208, host: pr-hdds-2375-t422d-1049308724, networkLocation: /default-rack, certSerialId: null}da274d93-6049-45d1-b7c6-82be225b52d6{ip: 192.168.164.208, host: pr-hdds-2375-t422d-1049308724, networkLocation: /default-rack, certSerialId: null}7e2f0495-8c73-49bd-ada1-0766a243ea6a{ip: 192.168.164.208, host: pr-hdds-2375-t422d-1049308724, networkLocation: /default-rack, certSerialId: null}, Type:RATIS, Factor:THREE, State:ALLOCATED]
2019-11-13 21:08:27,608 [grpc-default-executor-2] INFO  impl.RaftServerProxy (RaftServerProxy.java:addNew(89)) - 7e2f0495-8c73-49bd-ada1-0766a243ea6a: addNew group-9731E0E8EF2D:[7e2f0495-8c73-49bd-ada1-0766a243ea6a:192.168.164.208:43501] returns group-9731E0E8EF2D:java.util.concurrent.CompletableFuture@365f8c1d[Not completed]
2019-11-13 21:08:27,610 [pool-47-thread-1] INFO  impl.RaftServerImpl (RaftServerImpl.java:<init>(98)) - 7e2f0495-8c73-49bd-ada1-0766a243ea6a: new RaftServerImpl for group-9731E0E8EF2D:[7e2f0495-8c73-49bd-ada1-0766a243ea6a:192.168.164.208:43501] with ContainerStateMachine:uninitialized
2019-11-13 21:08:27,611 [pool-47-thread-1] INFO  server.RaftServerConfigKeys (ConfUtils.java:logGet(43)) - raft.server.rpc.timeout.min = 5s (custom)
2019-11-13 21:08:27,611 [pool-47-thread-1] INFO  server.RaftServerConfigKeys (ConfUtils.java:logGet(43)) - raft.server.rpc.timeout.max = 5200ms (custom)
2019-11-13 21:08:27,611 [pool-47-thread-1] INFO  server.RaftServerConfigKeys (ConfUtils.java:logGet(43)) - raft.server.rpcslowness.timeout = 120s (custom)
2019-11-13 21:08:27,611 [pool-47-thread-1] INFO  server.RaftServerConfigKeys (ConfUtils.java:logGet(43)) - raft.server.sleep.deviation.threshold = 300 (default)
2019-11-13 21:08:27,611 [pool-47-thread-1] INFO  server.RaftServerConfigKeys (ConfUtils.java:logGet(43)) - raft.server.log.appender.install.snapshot.enabled = false (custom)
2019-11-13 21:08:27,611 [pool-47-thread-1] INFO  impl.RaftServerImpl (ServerState.java:<init>(103)) - 7e2f0495-8c73-49bd-ada1-0766a243ea6a@group-9731E0E8EF2D: ConfigurationManager, init=-1: [7e2f0495-8c73-49bd-ada1-0766a243ea6a:192.168.164.208:43501], old=null, confs=<EMPTY_MAP>
2019-11-13 21:08:27,611 [pool-47-thread-1] INFO  server.RaftServerConfigKeys (ConfUtils.java:logGet(43)) - raft.server.storage.dir = [/workdir/hadoop-ozone/tools/target/test-dir/MiniOzoneClusterImpl-95b345c6-079a-4279-8b96-6675183ec06f/datanode-2/data/ratis] (custom)
2019-11-13 21:08:27,611 [pool-47-thread-1] INFO  server.RaftServerConfigKeys (ConfUtils.java:logGet(43)) - raft.server.log.corruption.policy = EXCEPTION (default)
2019-11-13 21:08:27,612 [pool-47-thread-1] INFO  storage.RaftStorageDirectory (RaftStorageDirectory.java:analyzeStorage(246)) - The storage directory /workdir/hadoop-ozone/tools/target/test-dir/MiniOzoneClusterImpl-95b345c6-079a-4279-8b96-6675183ec06f/datanode-2/data/ratis/d8d1b3a5-fb70-4818-b9a1-9731e0e8ef2d does not exist. Creating ...
2019-11-13 21:08:27,625 [pool-47-thread-1] INFO  storage.RaftStorageDirectory (RaftStorageDirectory.java:tryLock(328)) - Lock on /workdir/hadoop-ozone/tools/target/test-dir/MiniOzoneClusterImpl-95b345c6-079a-4279-8b96-6675183ec06f/datanode-2/data/ratis/d8d1b3a5-fb70-4818-b9a1-9731e0e8ef2d/in_use.lock acquired by nodename 18166@pr-hdds-2375-t422d-1049308724
2019-11-13 21:08:27,639 [pool-47-thread-1] INFO  storage.RaftStorage (RaftStorage.java:format(84)) - Storage directory /workdir/hadoop-ozone/tools/target/test-dir/MiniOzoneClusterImpl-95b345c6-079a-4279-8b96-6675183ec06f/datanode-2/data/ratis/d8d1b3a5-fb70-4818-b9a1-9731e0e8ef2d has been successfully formatted.
2019-11-13 21:08:27,639 [pool-47-thread-1] INFO  ratis.ContainerStateMachine (ContainerStateMachine.java:loadSnapshot(223)) - group-9731E0E8EF2D: The snapshot info is null. Setting the last applied indexto:(t:0, i:~)
2019-11-13 21:08:27,639 [pool-47-thread-1] INFO  server.RaftServerConfigKeys (ConfUtils.java:logGet(43)) - raft.server.notification.no-leader.timeout = 120s (custom)
2019-11-13 21:08:27,639 [pool-47-thread-1] INFO  server.RaftServerConfigKeys (ConfUtils.java:logGet(43)) - raft.server.log.use.memory = false (default)
2019-11-13 21:08:27,639 [pool-47-thread-1] INFO  server.RaftServerConfigKeys (ConfUtils.java:logGet(43)) - raft.server.log.purge.gap = 1000000 (custom)
2019-11-13 21:08:27,639 [pool-47-thread-1] INFO  server.RaftServerConfigKeys (ConfUtils.java:logGet(43)) - raft.server.log.appender.buffer.byte-limit = 33554432 (custom)
2019-11-13 21:08:27,640 [pool-47-thread-1] INFO  server.RaftServerConfigKeys (ConfUtils.java:logGet(43)) - raft.server.log.segment.size.max = 1048576 (custom)
2019-11-13 21:08:27,640 [pool-47-thread-1] INFO  server.RaftServerConfigKeys (ConfUtils.java:logGet(43)) - raft.server.log.segment.cache.num.max = 2 (custom)
2019-11-13 21:08:27,640 [pool-47-thread-1] INFO  segmented.SegmentedRaftLogWorker (SegmentedRaftLogWorker.java:<init>(173)) - new 7e2f0495-8c73-49bd-ada1-0766a243ea6a@group-9731E0E8EF2D-SegmentedRaftLogWorker for RaftStorage:Storage Directory /workdir/hadoop-ozone/tools/target/test-dir/MiniOzoneClusterImpl-95b345c6-079a-4279-8b96-6675183ec06f/datanode-2/data/ratis/d8d1b3a5-fb70-4818-b9a1-9731e0e8ef2d
2019-11-13 21:08:27,640 [pool-47-thread-1] INFO  server.RaftServerConfigKeys (ConfUtils.java:logGet(43)) - raft.server.log.queue.byte-limit = 2147483647 (custom)
2019-11-13 21:08:27,640 [pool-47-thread-1] INFO  server.RaftServerConfigKeys (ConfUtils.java:logGet(43)) - raft.server.log.queue.element-limit = 1024 (custom)
2019-11-13 21:08:27,640 [pool-47-thread-1] INFO  server.RaftServerConfigKeys (ConfUtils.java:logGet(43)) - raft.server.log.segment.size.max = 1048576 (custom)
2019-11-13 21:08:27,640 [pool-47-thread-1] INFO  server.RaftServerConfigKeys (ConfUtils.java:logGet(43)) - raft.server.log.preallocated.size = 16384 (custom)
2019-11-13 21:08:27,640 [pool-47-thread-1] INFO  server.RaftServerConfigKeys (ConfUtils.java:logGet(43)) - raft.server.log.write.buffer.size = 33554432 (custom)
2019-11-13 21:08:27,640 [pool-47-thread-1] INFO  server.RaftServerConfigKeys (ConfUtils.java:logGet(43)) - raft.server.log.force.sync.num = 128 (default)
2019-11-13 21:08:27,641 [pool-47-thread-1] INFO  server.RaftServerConfigKeys (ConfUtils.java:logGet(43)) - raft.server.log.statemachine.data.sync = true (default)
2019-11-13 21:08:27,641 [pool-47-thread-1] INFO  server.RaftServerConfigKeys (ConfUtils.java:logGet(43)) - raft.server.log.statemachine.data.sync.timeout = 10s (default)
2019-11-13 21:08:27,641 [pool-47-thread-1] INFO  server.RaftServerConfigKeys (ConfUtils.java:logGet(43)) - raft.server.log.statemachine.data.sync.timeout.retry = -1 (default)
2019-11-13 21:08:27,641 [pool-47-thread-1] INFO  server.RaftServerConfigKeys (ConfUtils.java:logGet(43)) - raft.server.log.statemachine.data.caching.enabled = true (custom)
2019-11-13 21:08:27,641 [pool-47-thread-1] INFO  segmented.SegmentedRaftLogWorker (SegmentedRaftLogWorker.java:lambda$new$0(128)) - 7e2f0495-8c73-49bd-ada1-0766a243ea6a@group-9731E0E8EF2D-SegmentedRaftLogWorker: flushIndex: setUnconditionally 0 -> -1
2019-11-13 21:08:27,642 [pool-47-thread-1] INFO  server.RaftServerConfigKeys (ConfUtils.java:logGet(43)) - raft.server.snapshot.auto.trigger.enabled = true (custom)
2019-11-13 21:08:27,642 [pool-47-thread-1] INFO  server.RaftServerConfigKeys (ConfUtils.java:logGet(43)) - raft.server.snapshot.auto.trigger.threshold = 10000 (custom)
2019-11-13 21:08:27,642 [pool-47-thread-1] INFO  server.RaftServerConfigKeys (ConfUtils.java:logGet(43)) - raft.server.snapshot.retention.file.num = 5 (custom)
2019-11-13 21:08:27,642 [pool-47-thread-1] INFO  server.RaftServerConfigKeys (ConfUtils.java:logGet(43)) - raft.server.retrycache.expirytime = 600000ms (custom)
2019-11-13 21:08:27,642 [pool-47-thread-1] WARN  impl.MetricRegistriesImpl (MetricRegistriesImpl.java:lambda$create$1(61)) - First MetricRegistry has been created without registering reporters. You may need to call MetricRegistries.global().addReportRegistration(...) before.
2019-11-13 21:08:27,642 [pool-47-thread-1] WARN  impl.MetricRegistriesImpl (MetricRegistriesImpl.java:lambda$create$1(61)) - First MetricRegistry has been created without registering reporters. You may need to call MetricRegistries.global().addReportRegistration(...) before.
2019-11-13 21:08:27,643 [pool-47-thread-1] INFO  impl.RaftServerImpl (RaftServerImpl.java:start(184)) - 7e2f0495-8c73-49bd-ada1-0766a243ea6a@group-9731E0E8EF2D: start as a follower, conf=-1: [7e2f0495-8c73-49bd-ada1-0766a243ea6a:192.168.164.208:43501], old=null
2019-11-13 21:08:27,643 [pool-47-thread-1] INFO  impl.RaftServerImpl (RaftServerImpl.java:setRole(173)) - 7e2f0495-8c73-49bd-ada1-0766a243ea6a@group-9731E0E8EF2D: changes role from      null to FOLLOWER at term 0 for startAsFollower
2019-11-13 21:08:27,643 [pool-47-thread-1] INFO  impl.RoleInfo (RoleInfo.java:updateAndGet(143)) - 7e2f0495-8c73-49bd-ada1-0766a243ea6a: start FollowerState
2019-11-13 21:08:27,643 [pool-47-thread-1] INFO  util.JmxRegister (JmxRegister.java:tryRegister(44)) - Successfully registered JMX Bean with object name Ratis:service=RaftServer,group=group-9731E0E8EF2D,id=7e2f0495-8c73-49bd-ada1-0766a243ea6a
2019-11-13 21:08:27,643 [pool-47-thread-1] WARN  impl.MetricRegistriesImpl (MetricRegistriesImpl.java:lambda$create$1(61)) - First MetricRegistry has been created without registering reporters. You may need to call MetricRegistries.global().addReportRegistration(...) before.
2019-11-13 21:08:27,650 [RatisPipelineUtilsThread] INFO  pipeline.PipelineStateManager (PipelineStateManager.java:addPipeline(55)) - Created pipeline Pipeline[ Id: d8d1b3a5-fb70-4818-b9a1-9731e0e8ef2d, Nodes: 7e2f0495-8c73-49bd-ada1-0766a243ea6a{ip: 192.168.164.208, host: pr-hdds-2375-t422d-1049308724, networkLocation: /default-rack, certSerialId: null}, Type:RATIS, Factor:ONE, State:ALLOCATED]
2019-11-13 21:08:27,651 [Thread-178] INFO  pipeline.PipelineStateManager (PipelineStateManager.java:finalizePipeline(121)) - Pipeline Pipeline[ Id: c35ce002-31f5-440e-8ed5-2b75b68f7702, Nodes: 05097526-328e-47c3-8e10-f0fc997678ef{ip: 192.168.164.208, host: pr-hdds-2375-t422d-1049308724, networkLocation: /default-rack, certSerialId: null}da274d93-6049-45d1-b7c6-82be225b52d6{ip: 192.168.164.208, host: pr-hdds-2375-t422d-1049308724, networkLocation: /default-rack, certSerialId: null}7e2f0495-8c73-49bd-ada1-0766a243ea6a{ip: 192.168.164.208, host: pr-hdds-2375-t422d-1049308724, networkLocation: /default-rack, certSerialId: null}, Type:RATIS, Factor:THREE, State:CLOSED] moved to CLOSED state
2019-11-13 21:08:27,661 [grpc-default-executor-2] INFO  impl.RaftServerProxy (RaftServerProxy.java:remove(95)) - 05097526-328e-47c3-8e10-f0fc997678ef: remove  FOLLOWER 05097526-328e-47c3-8e10-f0fc997678ef@group-2B75B68F7702:t0, leader=null, voted=null, raftlog=05097526-328e-47c3-8e10-f0fc997678ef@group-2B75B68F7702-SegmentedRaftLog:OPENED:c-1,f-1,i0, conf=-1: [05097526-328e-47c3-8e10-f0fc997678ef:192.168.164.208:46842, 7e2f0495-8c73-49bd-ada1-0766a243ea6a:192.168.164.208:43501, da274d93-6049-45d1-b7c6-82be225b52d6:192.168.164.208:38363], old=null RUNNING
2019-11-13 21:08:27,662 [grpc-default-executor-2] INFO  impl.RaftServerImpl (RaftServerImpl.java:lambda$shutdown$3(250)) - 05097526-328e-47c3-8e10-f0fc997678ef@group-2B75B68F7702: shutdown
2019-11-13 21:08:27,662 [grpc-default-executor-2] INFO  util.JmxRegister (JmxRegister.java:unregister(73)) - Successfully un-registered JMX Bean with object name Ratis:service=RaftServer,group=group-2B75B68F7702,id=05097526-328e-47c3-8e10-f0fc997678ef
2019-11-13 21:08:27,662 [grpc-default-executor-2] INFO  impl.RoleInfo (RoleInfo.java:shutdownFollowerState(121)) - 05097526-328e-47c3-8e10-f0fc997678ef: shutdown FollowerState
2019-11-13 21:08:27,662 [grpc-default-executor-2] INFO  impl.StateMachineUpdater (StateMachineUpdater.java:stopAndJoin(136)) - 05097526-328e-47c3-8e10-f0fc997678ef@group-2B75B68F7702-StateMachineUpdater: set stopIndex = -1
2019-11-13 21:08:27,662 [Thread-189] INFO  impl.FollowerState (FollowerState.java:run(120)) - 05097526-328e-47c3-8e10-f0fc997678ef@group-2B75B68F7702-FollowerState was interrupted: java.lang.InterruptedException: sleep interrupted
2019-11-13 21:08:27,664 [grpc-default-executor-2] INFO  impl.RaftServerImpl (ServerState.java:close(387)) - 05097526-328e-47c3-8e10-f0fc997678ef@group-2B75B68F7702: closes. applyIndex: -1
2019-11-13 21:08:27,665 [05097526-328e-47c3-8e10-f0fc997678ef@group-2B75B68F7702-SegmentedRaftLogWorker] INFO  segmented.SegmentedRaftLogWorker (SegmentedRaftLogWorker.java:run(316)) - 05097526-328e-47c3-8e10-f0fc997678ef@group-2B75B68F7702-SegmentedRaftLogWorker was interrupted, exiting. There are 0 tasks remaining in the queue.
2019-11-13 21:08:27,665 [grpc-default-executor-2] INFO  segmented.SegmentedRaftLogWorker (SegmentedRaftLogWorker.java:close(224)) - 05097526-328e-47c3-8e10-f0fc997678ef@group-2B75B68F7702-SegmentedRaftLogWorker close()
2019-11-13 21:08:27,694 [grpc-default-executor-2] INFO  impl.RaftServerProxy (RaftServerProxy.java:remove(95)) - da274d93-6049-45d1-b7c6-82be225b52d6: remove  FOLLOWER da274d93-6049-45d1-b7c6-82be225b52d6@group-2B75B68F7702:t0, leader=null, voted=null, raftlog=da274d93-6049-45d1-b7c6-82be225b52d6@group-2B75B68F7702-SegmentedRaftLog:OPENED:c-1,f-1,i0, conf=-1: [05097526-328e-47c3-8e10-f0fc997678ef:192.168.164.208:46842, 7e2f0495-8c73-49bd-ada1-0766a243ea6a:192.168.164.208:43501, da274d93-6049-45d1-b7c6-82be225b52d6:192.168.164.208:38363], old=null RUNNING
2019-11-13 21:08:27,699 [grpc-default-executor-2] INFO  impl.RaftServerImpl (RaftServerImpl.java:lambda$shutdown$3(250)) - da274d93-6049-45d1-b7c6-82be225b52d6@group-2B75B68F7702: shutdown
2019-11-13 21:08:27,701 [grpc-default-executor-2] INFO  util.JmxRegister (JmxRegister.java:unregister(73)) - Successfully un-registered JMX Bean with object name Ratis:service=RaftServer,group=group-2B75B68F7702,id=da274d93-6049-45d1-b7c6-82be225b52d6
2019-11-13 21:08:27,701 [grpc-default-executor-2] INFO  impl.RoleInfo (RoleInfo.java:shutdownFollowerState(121)) - da274d93-6049-45d1-b7c6-82be225b52d6: shutdown FollowerState
2019-11-13 21:08:27,701 [grpc-default-executor-2] INFO  impl.StateMachineUpdater (StateMachineUpdater.java:stopAndJoin(136)) - da274d93-6049-45d1-b7c6-82be225b52d6@group-2B75B68F7702-StateMachineUpdater: set stopIndex = -1
2019-11-13 21:08:27,701 [Thread-194] INFO  impl.FollowerState (FollowerState.java:run(120)) - da274d93-6049-45d1-b7c6-82be225b52d6@group-2B75B68F7702-FollowerState was interrupted: java.lang.InterruptedException: sleep interrupted
2019-11-13 21:08:27,702 [grpc-default-executor-2] INFO  impl.RaftServerImpl (ServerState.java:close(387)) - da274d93-6049-45d1-b7c6-82be225b52d6@group-2B75B68F7702: closes. applyIndex: -1
2019-11-13 21:08:27,703 [da274d93-6049-45d1-b7c6-82be225b52d6@group-2B75B68F7702-SegmentedRaftLogWorker] INFO  segmented.SegmentedRaftLogWorker (SegmentedRaftLogWorker.java:run(316)) - da274d93-6049-45d1-b7c6-82be225b52d6@group-2B75B68F7702-SegmentedRaftLogWorker was interrupted, exiting. There are 0 tasks remaining in the queue.
2019-11-13 21:08:27,703 [grpc-default-executor-2] INFO  segmented.SegmentedRaftLogWorker (SegmentedRaftLogWorker.java:close(224)) - da274d93-6049-45d1-b7c6-82be225b52d6@group-2B75B68F7702-SegmentedRaftLogWorker close()
2019-11-13 21:08:27,736 [grpc-default-executor-2] INFO  impl.RaftServerProxy (RaftServerProxy.java:remove(95)) - 7e2f0495-8c73-49bd-ada1-0766a243ea6a: remove  FOLLOWER 7e2f0495-8c73-49bd-ada1-0766a243ea6a@group-2B75B68F7702:t0, leader=null, voted=null, raftlog=7e2f0495-8c73-49bd-ada1-0766a243ea6a@group-2B75B68F7702-SegmentedRaftLog:OPENED:c-1,f-1,i0, conf=-1: [05097526-328e-47c3-8e10-f0fc997678ef:192.168.164.208:46842, 7e2f0495-8c73-49bd-ada1-0766a243ea6a:192.168.164.208:43501, da274d93-6049-45d1-b7c6-82be225b52d6:192.168.164.208:38363], old=null RUNNING
2019-11-13 21:08:27,736 [grpc-default-executor-2] INFO  impl.RaftServerImpl (RaftServerImpl.java:lambda$shutdown$3(250)) - 7e2f0495-8c73-49bd-ada1-0766a243ea6a@group-2B75B68F7702: shutdown
2019-11-13 21:08:27,736 [grpc-default-executor-2] INFO  util.JmxRegister (JmxRegister.java:unregister(73)) - Successfully un-registered JMX Bean with object name Ratis:service=RaftServer,group=group-2B75B68F7702,id=7e2f0495-8c73-49bd-ada1-0766a243ea6a
2019-11-13 21:08:27,736 [grpc-default-executor-2] INFO  impl.RoleInfo (RoleInfo.java:shutdownFollowerState(121)) - 7e2f0495-8c73-49bd-ada1-0766a243ea6a: shutdown FollowerState
2019-11-13 21:08:27,736 [grpc-default-executor-2] INFO  impl.StateMachineUpdater (StateMachineUpdater.java:stopAndJoin(136)) - 7e2f0495-8c73-49bd-ada1-0766a243ea6a@group-2B75B68F7702-StateMachineUpdater: set stopIndex = -1
2019-11-13 21:08:27,736 [Thread-192] INFO  impl.FollowerState (FollowerState.java:run(120)) - 7e2f0495-8c73-49bd-ada1-0766a243ea6a@group-2B75B68F7702-FollowerState was interrupted: java.lang.InterruptedException: sleep interrupted
2019-11-13 21:08:27,738 [grpc-default-executor-2] INFO  impl.RaftServerImpl (ServerState.java:close(387)) - 7e2f0495-8c73-49bd-ada1-0766a243ea6a@group-2B75B68F7702: closes. applyIndex: -1
2019-11-13 21:08:27,739 [7e2f0495-8c73-49bd-ada1-0766a243ea6a@group-2B75B68F7702-SegmentedRaftLogWorker] INFO  segmented.SegmentedRaftLogWorker (SegmentedRaftLogWorker.java:run(316)) - 7e2f0495-8c73-49bd-ada1-0766a243ea6a@group-2B75B68F7702-SegmentedRaftLogWorker was interrupted, exiting. There are 0 tasks remaining in the queue.
2019-11-13 21:08:27,739 [grpc-default-executor-2] INFO  segmented.SegmentedRaftLogWorker (SegmentedRaftLogWorker.java:close(224)) - 7e2f0495-8c73-49bd-ada1-0766a243ea6a@group-2B75B68F7702-SegmentedRaftLogWorker close()
2019-11-13 21:08:27,746 [Thread-178] INFO  pipeline.PipelineStateManager (PipelineStateManager.java:removePipeline(106)) - Pipeline Pipeline[ Id: c35ce002-31f5-440e-8ed5-2b75b68f7702, Nodes: 05097526-328e-47c3-8e10-f0fc997678ef{ip: 192.168.164.208, host: pr-hdds-2375-t422d-1049308724, networkLocation: /default-rack, certSerialId: null}da274d93-6049-45d1-b7c6-82be225b52d6{ip: 192.168.164.208, host: pr-hdds-2375-t422d-1049308724, networkLocation: /default-rack, certSerialId: null}7e2f0495-8c73-49bd-ada1-0766a243ea6a{ip: 192.168.164.208, host: pr-hdds-2375-t422d-1049308724, networkLocation: /default-rack, certSerialId: null}, Type:RATIS, Factor:THREE, State:CLOSED] removed from db
2019-11-13 21:08:27,747 [Thread-178] INFO  pipeline.SCMPipelineManager (SCMPipelineManager.java:finalizeAndDestroyPipeline(315)) - destroying pipeline:Pipeline[ Id: 052bf028-8a8f-48de-a314-890ac1b8945f, Nodes: da274d93-6049-45d1-b7c6-82be225b52d6{ip: 192.168.164.208, host: pr-hdds-2375-t422d-1049308724, networkLocation: /default-rack, certSerialId: null}, Type:RATIS, Factor:ONE, State:ALLOCATED]
2019-11-13 21:08:27,762 [grpc-default-executor-0] INFO  impl.RaftServerProxy (RaftServerProxy.java:addNew(89)) - 05097526-328e-47c3-8e10-f0fc997678ef: addNew group-394E61C2DF90:[05097526-328e-47c3-8e10-f0fc997678ef:192.168.164.208:46842, 7e2f0495-8c73-49bd-ada1-0766a243ea6a:192.168.164.208:43501, da274d93-6049-45d1-b7c6-82be225b52d6:192.168.164.208:38363] returns group-394E61C2DF90:java.util.concurrent.CompletableFuture@55318140[Not completed]
2019-11-13 21:08:27,763 [grpc-default-executor-1] INFO  impl.RaftServerProxy (RaftServerProxy.java:addNew(89)) - 7e2f0495-8c73-49bd-ada1-0766a243ea6a: addNew group-394E61C2DF90:[05097526-328e-47c3-8e10-f0fc997678ef:192.168.164.208:46842, 7e2f0495-8c73-49bd-ada1-0766a243ea6a:192.168.164.208:43501, da274d93-6049-45d1-b7c6-82be225b52d6:192.168.164.208:38363] returns group-394E61C2DF90:java.util.concurrent.CompletableFuture@71fbec66[Not completed]
2019-11-13 21:08:27,764 [pool-37-thread-1] INFO  impl.RaftServerImpl (RaftServerImpl.java:<init>(98)) - 05097526-328e-47c3-8e10-f0fc997678ef: new RaftServerImpl for group-394E61C2DF90:[05097526-328e-47c3-8e10-f0fc997678ef:192.168.164.208:46842, 7e2f0495-8c73-49bd-ada1-0766a243ea6a:192.168.164.208:43501, da274d93-6049-45d1-b7c6-82be225b52d6:192.168.164.208:38363] with ContainerStateMachine:uninitialized
2019-11-13 21:08:27,765 [pool-37-thread-1] INFO  server.RaftServerConfigKeys (ConfUtils.java:logGet(43)) - raft.server.rpc.timeout.min = 5s (custom)
2019-11-13 21:08:27,765 [pool-37-thread-1] INFO  server.RaftServerConfigKeys (ConfUtils.java:logGet(43)) - raft.server.rpc.timeout.max = 5200ms (custom)
2019-11-13 21:08:27,765 [pool-37-thread-1] INFO  server.RaftServerConfigKeys (ConfUtils.java:logGet(43)) - raft.server.rpcslowness.timeout = 120s (custom)
2019-11-13 21:08:27,766 [pool-37-thread-1] INFO  server.RaftServerConfigKeys (ConfUtils.java:logGet(43)) - raft.server.sleep.deviation.threshold = 300 (default)
2019-11-13 21:08:27,766 [pool-37-thread-1] INFO  server.RaftServerConfigKeys (ConfUtils.java:logGet(43)) - raft.server.log.appender.install.snapshot.enabled = false (custom)
2019-11-13 21:08:27,766 [grpc-default-executor-1] INFO  impl.RaftServerProxy (RaftServerProxy.java:addNew(89)) - da274d93-6049-45d1-b7c6-82be225b52d6: addNew group-394E61C2DF90:[05097526-328e-47c3-8e10-f0fc997678ef:192.168.164.208:46842, 7e2f0495-8c73-49bd-ada1-0766a243ea6a:192.168.164.208:43501, da274d93-6049-45d1-b7c6-82be225b52d6:192.168.164.208:38363] returns group-394E61C2DF90:java.util.concurrent.CompletableFuture@34f96c3d[Not completed]
2019-11-13 21:08:27,766 [pool-37-thread-1] INFO  impl.RaftServerImpl (ServerState.java:<init>(103)) - 05097526-328e-47c3-8e10-f0fc997678ef@group-394E61C2DF90: ConfigurationManager, init=-1: [05097526-328e-47c3-8e10-f0fc997678ef:192.168.164.208:46842, 7e2f0495-8c73-49bd-ada1-0766a243ea6a:192.168.164.208:43501, da274d93-6049-45d1-b7c6-82be225b52d6:192.168.164.208:38363], old=null, confs=<EMPTY_MAP>
2019-11-13 21:08:27,766 [pool-47-thread-1] INFO  impl.RaftServerImpl (RaftServerImpl.java:<init>(98)) - 7e2f0495-8c73-49bd-ada1-0766a243ea6a: new RaftServerImpl for group-394E61C2DF90:[05097526-328e-47c3-8e10-f0fc997678ef:192.168.164.208:46842, 7e2f0495-8c73-49bd-ada1-0766a243ea6a:192.168.164.208:43501, da274d93-6049-45d1-b7c6-82be225b52d6:192.168.164.208:38363] with ContainerStateMachine:uninitialized
2019-11-13 21:08:27,766 [pool-37-thread-1] INFO  server.RaftServerConfigKeys (ConfUtils.java:logGet(43)) - raft.server.storage.dir = [/workdir/hadoop-ozone/tools/target/test-dir/MiniOzoneClusterImpl-95b345c6-079a-4279-8b96-6675183ec06f/datanode-1/data/ratis] (custom)
2019-11-13 21:08:27,766 [pool-47-thread-1] INFO  server.RaftServerConfigKeys (ConfUtils.java:logGet(43)) - raft.server.rpc.timeout.min = 5s (custom)
2019-11-13 21:08:27,766 [pool-47-thread-1] INFO  server.RaftServerConfigKeys (ConfUtils.java:logGet(43)) - raft.server.rpc.timeout.max = 5200ms (custom)
2019-11-13 21:08:27,767 [pool-37-thread-1] INFO  server.RaftServerConfigKeys (ConfUtils.java:logGet(43)) - raft.server.log.corruption.policy = EXCEPTION (default)
2019-11-13 21:08:27,767 [pool-47-thread-1] INFO  server.RaftServerConfigKeys (ConfUtils.java:logGet(43)) - raft.server.rpcslowness.timeout = 120s (custom)
2019-11-13 21:08:27,767 [pool-37-thread-1] INFO  storage.RaftStorageDirectory (RaftStorageDirectory.java:analyzeStorage(246)) - The storage directory /workdir/hadoop-ozone/tools/target/test-dir/MiniOzoneClusterImpl-95b345c6-079a-4279-8b96-6675183ec06f/datanode-1/data/ratis/859fd99a-28fc-4f6f-b650-394e61c2df90 does not exist. Creating ...
2019-11-13 21:08:27,767 [pool-47-thread-1] INFO  server.RaftServerConfigKeys (ConfUtils.java:logGet(43)) - raft.server.sleep.deviation.threshold = 300 (default)
2019-11-13 21:08:27,767 [pool-47-thread-1] INFO  server.RaftServerConfigKeys (ConfUtils.java:logGet(43)) - raft.server.log.appender.install.snapshot.enabled = false (custom)
2019-11-13 21:08:27,767 [pool-47-thread-1] INFO  impl.RaftServerImpl (ServerState.java:<init>(103)) - 7e2f0495-8c73-49bd-ada1-0766a243ea6a@group-394E61C2DF90: ConfigurationManager, init=-1: [05097526-328e-47c3-8e10-f0fc997678ef:192.168.164.208:46842, 7e2f0495-8c73-49bd-ada1-0766a243ea6a:192.168.164.208:43501, da274d93-6049-45d1-b7c6-82be225b52d6:192.168.164.208:38363], old=null, confs=<EMPTY_MAP>
2019-11-13 21:08:27,767 [pool-27-thread-1] INFO  impl.RaftServerImpl (RaftServerImpl.java:<init>(98)) - da274d93-6049-45d1-b7c6-82be225b52d6: new RaftServerImpl for group-394E61C2DF90:[05097526-328e-47c3-8e10-f0fc997678ef:192.168.164.208:46842, 7e2f0495-8c73-49bd-ada1-0766a243ea6a:192.168.164.208:43501, da274d93-6049-45d1-b7c6-82be225b52d6:192.168.164.208:38363] with ContainerStateMachine:uninitialized
2019-11-13 21:08:27,767 [pool-47-thread-1] INFO  server.RaftServerConfigKeys (ConfUtils.java:logGet(43)) - raft.server.storage.dir = [/workdir/hadoop-ozone/tools/target/test-dir/MiniOzoneClusterImpl-95b345c6-079a-4279-8b96-6675183ec06f/datanode-2/data/ratis] (custom)
2019-11-13 21:08:27,768 [pool-27-thread-1] INFO  server.RaftServerConfigKeys (ConfUtils.java:logGet(43)) - raft.server.rpc.timeout.min = 5s (custom)
2019-11-13 21:08:27,768 [pool-27-thread-1] INFO  server.RaftServerConfigKeys (ConfUtils.java:logGet(43)) - raft.server.rpc.timeout.max = 5200ms (custom)
2019-11-13 21:08:27,768 [pool-47-thread-1] INFO  server.RaftServerConfigKeys (ConfUtils.java:logGet(43)) - raft.server.log.corruption.policy = EXCEPTION (default)
2019-11-13 21:08:27,768 [pool-27-thread-1] INFO  server.RaftServerConfigKeys (ConfUtils.java:logGet(43)) - raft.server.rpcslowness.timeout = 120s (custom)
2019-11-13 21:08:27,768 [pool-47-thread-1] INFO  storage.RaftStorageDirectory (RaftStorageDirectory.java:analyzeStorage(246)) - The storage directory /workdir/hadoop-ozone/tools/target/test-dir/MiniOzoneClusterImpl-95b345c6-079a-4279-8b96-6675183ec06f/datanode-2/data/ratis/859fd99a-28fc-4f6f-b650-394e61c2df90 does not exist. Creating ...
2019-11-13 21:08:27,768 [pool-27-thread-1] INFO  server.RaftServerConfigKeys (ConfUtils.java:logGet(43)) - raft.server.sleep.deviation.threshold = 300 (default)
2019-11-13 21:08:27,768 [pool-27-thread-1] INFO  server.RaftServerConfigKeys (ConfUtils.java:logGet(43)) - raft.server.log.appender.install.snapshot.enabled = false (custom)
2019-11-13 21:08:27,769 [pool-27-thread-1] INFO  impl.RaftServerImpl (ServerState.java:<init>(103)) - da274d93-6049-45d1-b7c6-82be225b52d6@group-394E61C2DF90: ConfigurationManager, init=-1: [05097526-328e-47c3-8e10-f0fc997678ef:192.168.164.208:46842, 7e2f0495-8c73-49bd-ada1-0766a243ea6a:192.168.164.208:43501, da274d93-6049-45d1-b7c6-82be225b52d6:192.168.164.208:38363], old=null, confs=<EMPTY_MAP>
2019-11-13 21:08:27,769 [pool-27-thread-1] INFO  server.RaftServerConfigKeys (ConfUtils.java:logGet(43)) - raft.server.storage.dir = [/workdir/hadoop-ozone/tools/target/test-dir/MiniOzoneClusterImpl-95b345c6-079a-4279-8b96-6675183ec06f/datanode-0/data/ratis] (custom)
2019-11-13 21:08:27,769 [pool-27-thread-1] INFO  server.RaftServerConfigKeys (ConfUtils.java:logGet(43)) - raft.server.log.corruption.policy = EXCEPTION (default)
2019-11-13 21:08:27,769 [pool-27-thread-1] INFO  storage.RaftStorageDirectory (RaftStorageDirectory.java:analyzeStorage(246)) - The storage directory /workdir/hadoop-ozone/tools/target/test-dir/MiniOzoneClusterImpl-95b345c6-079a-4279-8b96-6675183ec06f/datanode-0/data/ratis/859fd99a-28fc-4f6f-b650-394e61c2df90 does not exist. Creating ...
2019-11-13 21:08:27,809 [pool-47-thread-1] INFO  storage.RaftStorageDirectory (RaftStorageDirectory.java:tryLock(328)) - Lock on /workdir/hadoop-ozone/tools/target/test-dir/MiniOzoneClusterImpl-95b345c6-079a-4279-8b96-6675183ec06f/datanode-2/data/ratis/859fd99a-28fc-4f6f-b650-394e61c2df90/in_use.lock acquired by nodename 18166@pr-hdds-2375-t422d-1049308724
2019-11-13 21:08:27,809 [pool-27-thread-1] INFO  storage.RaftStorageDirectory (RaftStorageDirectory.java:tryLock(328)) - Lock on /workdir/hadoop-ozone/tools/target/test-dir/MiniOzoneClusterImpl-95b345c6-079a-4279-8b96-6675183ec06f/datanode-0/data/ratis/859fd99a-28fc-4f6f-b650-394e61c2df90/in_use.lock acquired by nodename 18166@pr-hdds-2375-t422d-1049308724
2019-11-13 21:08:27,809 [pool-37-thread-1] INFO  storage.RaftStorageDirectory (RaftStorageDirectory.java:tryLock(328)) - Lock on /workdir/hadoop-ozone/tools/target/test-dir/MiniOzoneClusterImpl-95b345c6-079a-4279-8b96-6675183ec06f/datanode-1/data/ratis/859fd99a-28fc-4f6f-b650-394e61c2df90/in_use.lock acquired by nodename 18166@pr-hdds-2375-t422d-1049308724
2019-11-13 21:08:27,824 [pool-27-thread-1] INFO  storage.RaftStorage (RaftStorage.java:format(84)) - Storage directory /workdir/hadoop-ozone/tools/target/test-dir/MiniOzoneClusterImpl-95b345c6-079a-4279-8b96-6675183ec06f/datanode-0/data/ratis/859fd99a-28fc-4f6f-b650-394e61c2df90 has been successfully formatted.
2019-11-13 21:08:27,824 [pool-47-thread-1] INFO  storage.RaftStorage (RaftStorage.java:format(84)) - Storage directory /workdir/hadoop-ozone/tools/target/test-dir/MiniOzoneClusterImpl-95b345c6-079a-4279-8b96-6675183ec06f/datanode-2/data/ratis/859fd99a-28fc-4f6f-b650-394e61c2df90 has been successfully formatted.
2019-11-13 21:08:27,824 [pool-37-thread-1] INFO  storage.RaftStorage (RaftStorage.java:format(84)) - Storage directory /workdir/hadoop-ozone/tools/target/test-dir/MiniOzoneClusterImpl-95b345c6-079a-4279-8b96-6675183ec06f/datanode-1/data/ratis/859fd99a-28fc-4f6f-b650-394e61c2df90 has been successfully formatted.
2019-11-13 21:08:27,824 [pool-27-thread-1] INFO  ratis.ContainerStateMachine (ContainerStateMachine.java:loadSnapshot(223)) - group-394E61C2DF90: The snapshot info is null. Setting the last applied indexto:(t:0, i:~)
2019-11-13 21:08:27,824 [pool-47-thread-1] INFO  ratis.ContainerStateMachine (ContainerStateMachine.java:loadSnapshot(223)) - group-394E61C2DF90: The snapshot info is null. Setting the last applied indexto:(t:0, i:~)
2019-11-13 21:08:27,824 [pool-37-thread-1] INFO  ratis.ContainerStateMachine (ContainerStateMachine.java:loadSnapshot(223)) - group-394E61C2DF90: The snapshot info is null. Setting the last applied indexto:(t:0, i:~)
2019-11-13 21:08:27,824 [pool-27-thread-1] INFO  server.RaftServerConfigKeys (ConfUtils.java:logGet(43)) - raft.server.notification.no-leader.timeout = 120s (custom)
2019-11-13 21:08:27,825 [pool-37-thread-1] INFO  server.RaftServerConfigKeys (ConfUtils.java:logGet(43)) - raft.server.notification.no-leader.timeout = 120s (custom)
2019-11-13 21:08:27,825 [pool-47-thread-1] INFO  server.RaftServerConfigKeys (ConfUtils.java:logGet(43)) - raft.server.notification.no-leader.timeout = 120s (custom)
2019-11-13 21:08:27,825 [pool-37-thread-1] INFO  server.RaftServerConfigKeys (ConfUtils.java:logGet(43)) - raft.server.log.use.memory = false (default)
2019-11-13 21:08:27,825 [pool-27-thread-1] INFO  server.RaftServerConfigKeys (ConfUtils.java:logGet(43)) - raft.server.log.use.memory = false (default)
2019-11-13 21:08:27,825 [pool-37-thread-1] INFO  server.RaftServerConfigKeys (ConfUtils.java:logGet(43)) - raft.server.log.purge.gap = 1000000 (custom)
2019-11-13 21:08:27,825 [pool-47-thread-1] INFO  server.RaftServerConfigKeys (ConfUtils.java:logGet(43)) - raft.server.log.use.memory = false (default)
2019-11-13 21:08:27,825 [pool-37-thread-1] INFO  server.RaftServerConfigKeys (ConfUtils.java:logGet(43)) - raft.server.log.appender.buffer.byte-limit = 33554432 (custom)
2019-11-13 21:08:27,825 [pool-27-thread-1] INFO  server.RaftServerConfigKeys (ConfUtils.java:logGet(43)) - raft.server.log.purge.gap = 1000000 (custom)
2019-11-13 21:08:27,825 [pool-37-thread-1] INFO  server.RaftServerConfigKeys (ConfUtils.java:logGet(43)) - raft.server.log.segment.size.max = 1048576 (custom)
2019-11-13 21:08:27,825 [pool-47-thread-1] INFO  server.RaftServerConfigKeys (ConfUtils.java:logGet(43)) - raft.server.log.purge.gap = 1000000 (custom)
2019-11-13 21:08:27,826 [pool-37-thread-1] INFO  server.RaftServerConfigKeys (ConfUtils.java:logGet(43)) - raft.server.log.segment.cache.num.max = 2 (custom)
2019-11-13 21:08:27,825 [pool-27-thread-1] INFO  server.RaftServerConfigKeys (ConfUtils.java:logGet(43)) - raft.server.log.appender.buffer.byte-limit = 33554432 (custom)
2019-11-13 21:08:27,826 [pool-37-thread-1] INFO  segmented.SegmentedRaftLogWorker (SegmentedRaftLogWorker.java:<init>(173)) - new 05097526-328e-47c3-8e10-f0fc997678ef@group-394E61C2DF90-SegmentedRaftLogWorker for RaftStorage:Storage Directory /workdir/hadoop-ozone/tools/target/test-dir/MiniOzoneClusterImpl-95b345c6-079a-4279-8b96-6675183ec06f/datanode-1/data/ratis/859fd99a-28fc-4f6f-b650-394e61c2df90
2019-11-13 21:08:27,826 [pool-47-thread-1] INFO  server.RaftServerConfigKeys (ConfUtils.java:logGet(43)) - raft.server.log.appender.buffer.byte-limit = 33554432 (custom)
2019-11-13 21:08:27,826 [pool-37-thread-1] INFO  server.RaftServerConfigKeys (ConfUtils.java:logGet(43)) - raft.server.log.queue.byte-limit = 2147483647 (custom)
2019-11-13 21:08:27,826 [pool-27-thread-1] INFO  server.RaftServerConfigKeys (ConfUtils.java:logGet(43)) - raft.server.log.segment.size.max = 1048576 (custom)
2019-11-13 21:08:27,826 [pool-37-thread-1] INFO  server.RaftServerConfigKeys (ConfUtils.java:logGet(43)) - raft.server.log.queue.element-limit = 1024 (custom)
2019-11-13 21:08:27,826 [pool-47-thread-1] INFO  server.RaftServerConfigKeys (ConfUtils.java:logGet(43)) - raft.server.log.segment.size.max = 1048576 (custom)
2019-11-13 21:08:27,826 [pool-37-thread-1] INFO  server.RaftServerConfigKeys (ConfUtils.java:logGet(43)) - raft.server.log.segment.size.max = 1048576 (custom)
2019-11-13 21:08:27,826 [pool-27-thread-1] INFO  server.RaftServerConfigKeys (ConfUtils.java:logGet(43)) - raft.server.log.segment.cache.num.max = 2 (custom)
2019-11-13 21:08:27,827 [pool-37-thread-1] INFO  server.RaftServerConfigKeys (ConfUtils.java:logGet(43)) - raft.server.log.preallocated.size = 16384 (custom)
2019-11-13 21:08:27,827 [pool-47-thread-1] INFO  server.RaftServerConfigKeys (ConfUtils.java:logGet(43)) - raft.server.log.segment.cache.num.max = 2 (custom)
2019-11-13 21:08:27,827 [pool-37-thread-1] INFO  server.RaftServerConfigKeys (ConfUtils.java:logGet(43)) - raft.server.log.write.buffer.size = 33554432 (custom)
2019-11-13 21:08:27,827 [pool-27-thread-1] INFO  segmented.SegmentedRaftLogWorker (SegmentedRaftLogWorker.java:<init>(173)) - new da274d93-6049-45d1-b7c6-82be225b52d6@group-394E61C2DF90-SegmentedRaftLogWorker for RaftStorage:Storage Directory /workdir/hadoop-ozone/tools/target/test-dir/MiniOzoneClusterImpl-95b345c6-079a-4279-8b96-6675183ec06f/datanode-0/data/ratis/859fd99a-28fc-4f6f-b650-394e61c2df90
2019-11-13 21:08:27,827 [pool-37-thread-1] INFO  server.RaftServerConfigKeys (ConfUtils.java:logGet(43)) - raft.server.log.force.sync.num = 128 (default)
2019-11-13 21:08:27,827 [pool-47-thread-1] INFO  segmented.SegmentedRaftLogWorker (SegmentedRaftLogWorker.java:<init>(173)) - new 7e2f0495-8c73-49bd-ada1-0766a243ea6a@group-394E61C2DF90-SegmentedRaftLogWorker for RaftStorage:Storage Directory /workdir/hadoop-ozone/tools/target/test-dir/MiniOzoneClusterImpl-95b345c6-079a-4279-8b96-6675183ec06f/datanode-2/data/ratis/859fd99a-28fc-4f6f-b650-394e61c2df90
2019-11-13 21:08:27,827 [pool-37-thread-1] INFO  server.RaftServerConfigKeys (ConfUtils.java:logGet(43)) - raft.server.log.statemachine.data.sync = true (default)
2019-11-13 21:08:27,827 [pool-27-thread-1] INFO  server.RaftServerConfigKeys (ConfUtils.java:logGet(43)) - raft.server.log.queue.byte-limit = 2147483647 (custom)
2019-11-13 21:08:27,828 [pool-37-thread-1] INFO  server.RaftServerConfigKeys (ConfUtils.java:logGet(43)) - raft.server.log.statemachine.data.sync.timeout = 10s (default)
2019-11-13 21:08:27,827 [pool-47-thread-1] INFO  server.RaftServerConfigKeys (ConfUtils.java:logGet(43)) - raft.server.log.queue.byte-limit = 2147483647 (custom)
2019-11-13 21:08:27,828 [pool-37-thread-1] INFO  server.RaftServerConfigKeys (ConfUtils.java:logGet(43)) - raft.server.log.statemachine.data.sync.timeout.retry = -1 (default)
2019-11-13 21:08:27,828 [pool-27-thread-1] INFO  server.RaftServerConfigKeys (ConfUtils.java:logGet(43)) - raft.server.log.queue.element-limit = 1024 (custom)
2019-11-13 21:08:27,828 [pool-47-thread-1] INFO  server.RaftServerConfigKeys (ConfUtils.java:logGet(43)) - raft.server.log.queue.element-limit = 1024 (custom)
2019-11-13 21:08:27,828 [pool-37-thread-1] INFO  server.RaftServerConfigKeys (ConfUtils.java:logGet(43)) - raft.server.log.statemachine.data.caching.enabled = true (custom)
2019-11-13 21:08:27,828 [pool-27-thread-1] INFO  server.RaftServerConfigKeys (ConfUtils.java:logGet(43)) - raft.server.log.segment.size.max = 1048576 (custom)
2019-11-13 21:08:27,828 [pool-47-thread-1] INFO  server.RaftServerConfigKeys (ConfUtils.java:logGet(43)) - raft.server.log.segment.size.max = 1048576 (custom)
2019-11-13 21:08:27,828 [pool-27-thread-1] INFO  server.RaftServerConfigKeys (ConfUtils.java:logGet(43)) - raft.server.log.preallocated.size = 16384 (custom)
2019-11-13 21:08:27,829 [pool-37-thread-1] INFO  segmented.SegmentedRaftLogWorker (SegmentedRaftLogWorker.java:lambda$new$0(128)) - 05097526-328e-47c3-8e10-f0fc997678ef@group-394E61C2DF90-SegmentedRaftLogWorker: flushIndex: setUnconditionally 0 -> -1
2019-11-13 21:08:27,829 [pool-47-thread-1] INFO  server.RaftServerConfigKeys (ConfUtils.java:logGet(43)) - raft.server.log.preallocated.size = 16384 (custom)
2019-11-13 21:08:27,829 [pool-27-thread-1] INFO  server.RaftServerConfigKeys (ConfUtils.java:logGet(43)) - raft.server.log.write.buffer.size = 33554432 (custom)
2019-11-13 21:08:27,829 [pool-47-thread-1] INFO  server.RaftServerConfigKeys (ConfUtils.java:logGet(43)) - raft.server.log.write.buffer.size = 33554432 (custom)
2019-11-13 21:08:27,829 [pool-27-thread-1] INFO  server.RaftServerConfigKeys (ConfUtils.java:logGet(43)) - raft.server.log.force.sync.num = 128 (default)
2019-11-13 21:08:27,829 [pool-37-thread-1] INFO  server.RaftServerConfigKeys (ConfUtils.java:logGet(43)) - raft.server.snapshot.auto.trigger.enabled = true (custom)
2019-11-13 21:08:27,829 [pool-27-thread-1] INFO  server.RaftServerConfigKeys (ConfUtils.java:logGet(43)) - raft.server.log.statemachine.data.sync = true (default)
2019-11-13 21:08:27,829 [pool-47-thread-1] INFO  server.RaftServerConfigKeys (ConfUtils.java:logGet(43)) - raft.server.log.force.sync.num = 128 (default)
2019-11-13 21:08:27,829 [pool-27-thread-1] INFO  server.RaftServerConfigKeys (ConfUtils.java:logGet(43)) - raft.server.log.statemachine.data.sync.timeout = 10s (default)
2019-11-13 21:08:27,829 [pool-37-thread-1] INFO  server.RaftServerConfigKeys (ConfUtils.java:logGet(43)) - raft.server.snapshot.auto.trigger.threshold = 10000 (custom)
2019-11-13 21:08:27,829 [pool-27-thread-1] INFO  server.RaftServerConfigKeys (ConfUtils.java:logGet(43)) - raft.server.log.statemachine.data.sync.timeout.retry = -1 (default)
2019-11-13 21:08:27,829 [pool-47-thread-1] INFO  server.RaftServerConfigKeys (ConfUtils.java:logGet(43)) - raft.server.log.statemachine.data.sync = true (default)
2019-11-13 21:08:27,830 [pool-27-thread-1] INFO  server.RaftServerConfigKeys (ConfUtils.java:logGet(43)) - raft.server.log.statemachine.data.caching.enabled = true (custom)
2019-11-13 21:08:27,830 [pool-37-thread-1] INFO  server.RaftServerConfigKeys (ConfUtils.java:logGet(43)) - raft.server.snapshot.retention.file.num = 5 (custom)
2019-11-13 21:08:27,830 [pool-47-thread-1] INFO  server.RaftServerConfigKeys (ConfUtils.java:logGet(43)) - raft.server.log.statemachine.data.sync.timeout = 10s (default)
2019-11-13 21:08:27,830 [pool-27-thread-1] INFO  segmented.SegmentedRaftLogWorker (SegmentedRaftLogWorker.java:lambda$new$0(128)) - da274d93-6049-45d1-b7c6-82be225b52d6@group-394E61C2DF90-SegmentedRaftLogWorker: flushIndex: setUnconditionally 0 -> -1
2019-11-13 21:08:27,830 [pool-47-thread-1] INFO  server.RaftServerConfigKeys (ConfUtils.java:logGet(43)) - raft.server.log.statemachine.data.sync.timeout.retry = -1 (default)
2019-11-13 21:08:27,830 [pool-37-thread-1] INFO  server.RaftServerConfigKeys (ConfUtils.java:logGet(43)) - raft.server.retrycache.expirytime = 600000ms (custom)
2019-11-13 21:08:27,830 [pool-27-thread-1] INFO  server.RaftServerConfigKeys (ConfUtils.java:logGet(43)) - raft.server.snapshot.auto.trigger.enabled = true (custom)
2019-11-13 21:08:27,830 [pool-47-thread-1] INFO  server.RaftServerConfigKeys (ConfUtils.java:logGet(43)) - raft.server.log.statemachine.data.caching.enabled = true (custom)
2019-11-13 21:08:27,830 [pool-27-thread-1] INFO  server.RaftServerConfigKeys (ConfUtils.java:logGet(43)) - raft.server.snapshot.auto.trigger.threshold = 10000 (custom)
2019-11-13 21:08:27,830 [pool-37-thread-1] WARN  impl.MetricRegistriesImpl (MetricRegistriesImpl.java:lambda$create$1(61)) - First MetricRegistry has been created without registering reporters. You may need to call MetricRegistries.global().addReportRegistration(...) before.
2019-11-13 21:08:27,831 [pool-47-thread-1] INFO  segmented.SegmentedRaftLogWorker (SegmentedRaftLogWorker.java:lambda$new$0(128)) - 7e2f0495-8c73-49bd-ada1-0766a243ea6a@group-394E61C2DF90-SegmentedRaftLogWorker: flushIndex: setUnconditionally 0 -> -1
2019-11-13 21:08:27,831 [pool-27-thread-1] INFO  server.RaftServerConfigKeys (ConfUtils.java:logGet(43)) - raft.server.snapshot.retention.file.num = 5 (custom)
2019-11-13 21:08:27,831 [pool-37-thread-1] WARN  impl.MetricRegistriesImpl (MetricRegistriesImpl.java:lambda$create$1(61)) - First MetricRegistry has been created without registering reporters. You may need to call MetricRegistries.global().addReportRegistration(...) before.
2019-11-13 21:08:27,831 [pool-27-thread-1] INFO  server.RaftServerConfigKeys (ConfUtils.java:logGet(43)) - raft.server.retrycache.expirytime = 600000ms (custom)
2019-11-13 21:08:27,831 [pool-47-thread-1] INFO  server.RaftServerConfigKeys (ConfUtils.java:logGet(43)) - raft.server.snapshot.auto.trigger.enabled = true (custom)
2019-11-13 21:08:27,831 [pool-37-thread-1] INFO  impl.RaftServerImpl (RaftServerImpl.java:start(184)) - 05097526-328e-47c3-8e10-f0fc997678ef@group-394E61C2DF90: start as a follower, conf=-1: [05097526-328e-47c3-8e10-f0fc997678ef:192.168.164.208:46842, 7e2f0495-8c73-49bd-ada1-0766a243ea6a:192.168.164.208:43501, da274d93-6049-45d1-b7c6-82be225b52d6:192.168.164.208:38363], old=null
2019-11-13 21:08:27,831 [pool-27-thread-1] WARN  impl.MetricRegistriesImpl (MetricRegistriesImpl.java:lambda$create$1(61)) - First MetricRegistry has been created without registering reporters. You may need to call MetricRegistries.global().addReportRegistration(...) before.
2019-11-13 21:08:27,831 [pool-37-thread-1] INFO  impl.RaftServerImpl (RaftServerImpl.java:setRole(173)) - 05097526-328e-47c3-8e10-f0fc997678ef@group-394E61C2DF90: changes role from      null to FOLLOWER at term 0 for startAsFollower
2019-11-13 21:08:27,831 [pool-47-thread-1] INFO  server.RaftServerConfigKeys (ConfUtils.java:logGet(43)) - raft.server.snapshot.auto.trigger.threshold = 10000 (custom)
2019-11-13 21:08:27,831 [pool-27-thread-1] WARN  impl.MetricRegistriesImpl (MetricRegistriesImpl.java:lambda$create$1(61)) - First MetricRegistry has been created without registering reporters. You may need to call MetricRegistries.global().addReportRegistration(...) before.
2019-11-13 21:08:27,832 [pool-47-thread-1] INFO  server.RaftServerConfigKeys (ConfUtils.java:logGet(43)) - raft.server.snapshot.retention.file.num = 5 (custom)
2019-11-13 21:08:27,832 [pool-37-thread-1] INFO  impl.RoleInfo (RoleInfo.java:updateAndGet(143)) - 05097526-328e-47c3-8e10-f0fc997678ef: start FollowerState
2019-11-13 21:08:27,832 [pool-27-thread-1] INFO  impl.RaftServerImpl (RaftServerImpl.java:start(184)) - da274d93-6049-45d1-b7c6-82be225b52d6@group-394E61C2DF90: start as a follower, conf=-1: [05097526-328e-47c3-8e10-f0fc997678ef:192.168.164.208:46842, 7e2f0495-8c73-49bd-ada1-0766a243ea6a:192.168.164.208:43501, da274d93-6049-45d1-b7c6-82be225b52d6:192.168.164.208:38363], old=null
2019-11-13 21:08:27,832 [pool-47-thread-1] INFO  server.RaftServerConfigKeys (ConfUtils.java:logGet(43)) - raft.server.retrycache.expirytime = 600000ms (custom)
2019-11-13 21:08:27,832 [pool-27-thread-1] INFO  impl.RaftServerImpl (RaftServerImpl.java:setRole(173)) - da274d93-6049-45d1-b7c6-82be225b52d6@group-394E61C2DF90: changes role from      null to FOLLOWER at term 0 for startAsFollower
2019-11-13 21:08:27,832 [pool-47-thread-1] WARN  impl.MetricRegistriesImpl (MetricRegistriesImpl.java:lambda$create$1(61)) - First MetricRegistry has been created without registering reporters. You may need to call MetricRegistries.global().addReportRegistration(...) before.
2019-11-13 21:08:27,832 [pool-37-thread-1] INFO  util.JmxRegister (JmxRegister.java:tryRegister(44)) - Successfully registered JMX Bean with object name Ratis:service=RaftServer,group=group-394E61C2DF90,id=05097526-328e-47c3-8e10-f0fc997678ef
2019-11-13 21:08:27,832 [pool-27-thread-1] INFO  impl.RoleInfo (RoleInfo.java:updateAndGet(143)) - da274d93-6049-45d1-b7c6-82be225b52d6: start FollowerState
2019-11-13 21:08:27,833 [pool-37-thread-1] WARN  impl.MetricRegistriesImpl (MetricRegistriesImpl.java:lambda$create$1(61)) - First MetricRegistry has been created without registering reporters. You may need to call MetricRegistries.global().addReportRegistration(...) before.
2019-11-13 21:08:27,832 [pool-47-thread-1] WARN  impl.MetricRegistriesImpl (MetricRegistriesImpl.java:lambda$create$1(61)) - First MetricRegistry has been created without registering reporters. You may need to call MetricRegistries.global().addReportRegistration(...) before.
2019-11-13 21:08:27,833 [pool-27-thread-1] INFO  util.JmxRegister (JmxRegister.java:tryRegister(44)) - Successfully registered JMX Bean with object name Ratis:service=RaftServer,group=group-394E61C2DF90,id=da274d93-6049-45d1-b7c6-82be225b52d6
2019-11-13 21:08:27,833 [pool-27-thread-1] WARN  impl.MetricRegistriesImpl (MetricRegistriesImpl.java:lambda$create$1(61)) - First MetricRegistry has been created without registering reporters. You may need to call MetricRegistries.global().addReportRegistration(...) before.
2019-11-13 21:08:27,833 [pool-47-thread-1] INFO  impl.RaftServerImpl (RaftServerImpl.java:start(184)) - 7e2f0495-8c73-49bd-ada1-0766a243ea6a@group-394E61C2DF90: start as a follower, conf=-1: [05097526-328e-47c3-8e10-f0fc997678ef:192.168.164.208:46842, 7e2f0495-8c73-49bd-ada1-0766a243ea6a:192.168.164.208:43501, da274d93-6049-45d1-b7c6-82be225b52d6:192.168.164.208:38363], old=null
2019-11-13 21:08:27,833 [pool-47-thread-1] INFO  impl.RaftServerImpl (RaftServerImpl.java:setRole(173)) - 7e2f0495-8c73-49bd-ada1-0766a243ea6a@group-394E61C2DF90: changes role from      null to FOLLOWER at term 0 for startAsFollower
2019-11-13 21:08:27,833 [pool-47-thread-1] INFO  impl.RoleInfo (RoleInfo.java:updateAndGet(143)) - 7e2f0495-8c73-49bd-ada1-0766a243ea6a: start FollowerState
2019-11-13 21:08:27,834 [pool-47-thread-1] INFO  util.JmxRegister (JmxRegister.java:tryRegister(44)) - Successfully registered JMX Bean with object name Ratis:service=RaftServer,group=group-394E61C2DF90,id=7e2f0495-8c73-49bd-ada1-0766a243ea6a
2019-11-13 21:08:27,834 [pool-47-thread-1] WARN  impl.MetricRegistriesImpl (MetricRegistriesImpl.java:lambda$create$1(61)) - First MetricRegistry has been created without registering reporters. You may need to call MetricRegistries.global().addReportRegistration(...) before.
2019-11-13 21:08:27,845 [RatisPipelineUtilsThread] INFO  pipeline.PipelineStateManager (PipelineStateManager.java:addPipeline(55)) - Created pipeline Pipeline[ Id: 859fd99a-28fc-4f6f-b650-394e61c2df90, Nodes: 05097526-328e-47c3-8e10-f0fc997678ef{ip: 192.168.164.208, host: pr-hdds-2375-t422d-1049308724, networkLocation: /default-rack, certSerialId: null}da274d93-6049-45d1-b7c6-82be225b52d6{ip: 192.168.164.208, host: pr-hdds-2375-t422d-1049308724, networkLocation: /default-rack, certSerialId: null}7e2f0495-8c73-49bd-ada1-0766a243ea6a{ip: 192.168.164.208, host: pr-hdds-2375-t422d-1049308724, networkLocation: /default-rack, certSerialId: null}, Type:RATIS, Factor:THREE, State:ALLOCATED]
2019-11-13 21:08:27,846 [Thread-178] INFO  pipeline.PipelineStateManager (PipelineStateManager.java:finalizePipeline(121)) - Pipeline Pipeline[ Id: 052bf028-8a8f-48de-a314-890ac1b8945f, Nodes: da274d93-6049-45d1-b7c6-82be225b52d6{ip: 192.168.164.208, host: pr-hdds-2375-t422d-1049308724, networkLocation: /default-rack, certSerialId: null}, Type:RATIS, Factor:ONE, State:CLOSED] moved to CLOSED state
2019-11-13 21:08:27,861 [grpc-default-executor-1] INFO  impl.RaftServerProxy (RaftServerProxy.java:remove(95)) - da274d93-6049-45d1-b7c6-82be225b52d6: remove  FOLLOWER da274d93-6049-45d1-b7c6-82be225b52d6@group-890AC1B8945F:t0, leader=null, voted=null, raftlog=da274d93-6049-45d1-b7c6-82be225b52d6@group-890AC1B8945F-SegmentedRaftLog:OPENED:c-1,f-1,i0, conf=-1: [da274d93-6049-45d1-b7c6-82be225b52d6:192.168.164.208:38363], old=null RUNNING
2019-11-13 21:08:27,862 [grpc-default-executor-1] INFO  impl.RaftServerImpl (RaftServerImpl.java:lambda$shutdown$3(250)) - da274d93-6049-45d1-b7c6-82be225b52d6@group-890AC1B8945F: shutdown
2019-11-13 21:08:27,862 [grpc-default-executor-1] INFO  util.JmxRegister (JmxRegister.java:unregister(73)) - Successfully un-registered JMX Bean with object name Ratis:service=RaftServer,group=group-890AC1B8945F,id=da274d93-6049-45d1-b7c6-82be225b52d6
2019-11-13 21:08:27,863 [grpc-default-executor-1] INFO  impl.RoleInfo (RoleInfo.java:shutdownFollowerState(121)) - da274d93-6049-45d1-b7c6-82be225b52d6: shutdown FollowerState
2019-11-13 21:08:27,863 [grpc-default-executor-1] INFO  impl.StateMachineUpdater (StateMachineUpdater.java:stopAndJoin(136)) - da274d93-6049-45d1-b7c6-82be225b52d6@group-890AC1B8945F-StateMachineUpdater: set stopIndex = -1
2019-11-13 21:08:27,863 [Thread-180] INFO  impl.FollowerState (FollowerState.java:run(120)) - da274d93-6049-45d1-b7c6-82be225b52d6@group-890AC1B8945F-FollowerState was interrupted: java.lang.InterruptedException: sleep interrupted
2019-11-13 21:08:27,864 [grpc-default-executor-1] INFO  impl.RaftServerImpl (ServerState.java:close(387)) - da274d93-6049-45d1-b7c6-82be225b52d6@group-890AC1B8945F: closes. applyIndex: -1
2019-11-13 21:08:27,865 [da274d93-6049-45d1-b7c6-82be225b52d6@group-890AC1B8945F-SegmentedRaftLogWorker] INFO  segmented.SegmentedRaftLogWorker (SegmentedRaftLogWorker.java:run(316)) - da274d93-6049-45d1-b7c6-82be225b52d6@group-890AC1B8945F-SegmentedRaftLogWorker was interrupted, exiting. There are 0 tasks remaining in the queue.
2019-11-13 21:08:27,865 [grpc-default-executor-1] INFO  segmented.SegmentedRaftLogWorker (SegmentedRaftLogWorker.java:close(224)) - da274d93-6049-45d1-b7c6-82be225b52d6@group-890AC1B8945F-SegmentedRaftLogWorker close()
2019-11-13 21:08:27,871 [Thread-178] INFO  pipeline.PipelineStateManager (PipelineStateManager.java:removePipeline(106)) - Pipeline Pipeline[ Id: 052bf028-8a8f-48de-a314-890ac1b8945f, Nodes: da274d93-6049-45d1-b7c6-82be225b52d6{ip: 192.168.164.208, host: pr-hdds-2375-t422d-1049308724, networkLocation: /default-rack, certSerialId: null}, Type:RATIS, Factor:ONE, State:CLOSED] removed from db
2019-11-13 21:08:27,872 [Thread-178] INFO  pipeline.SCMPipelineManager (SCMPipelineManager.java:finalizeAndDestroyPipeline(315)) - destroying pipeline:Pipeline[ Id: 2c629bf0-9b9c-4564-be40-6c8887a229ad, Nodes: 05097526-328e-47c3-8e10-f0fc997678ef{ip: 192.168.164.208, host: pr-hdds-2375-t422d-1049308724, networkLocation: /default-rack, certSerialId: null}, Type:RATIS, Factor:ONE, State:ALLOCATED]
2019-11-13 21:08:27,882 [grpc-default-executor-1] INFO  impl.RaftServerProxy (RaftServerProxy.java:addNew(89)) - da274d93-6049-45d1-b7c6-82be225b52d6: addNew group-AA4226B7DCCD:[da274d93-6049-45d1-b7c6-82be225b52d6:192.168.164.208:38363] returns group-AA4226B7DCCD:java.util.concurrent.CompletableFuture@2c3fe615[Not completed]
2019-11-13 21:08:27,883 [pool-27-thread-1] INFO  impl.RaftServerImpl (RaftServerImpl.java:<init>(98)) - da274d93-6049-45d1-b7c6-82be225b52d6: new RaftServerImpl for group-AA4226B7DCCD:[da274d93-6049-45d1-b7c6-82be225b52d6:192.168.164.208:38363] with ContainerStateMachine:uninitialized
2019-11-13 21:08:27,883 [pool-27-thread-1] INFO  server.RaftServerConfigKeys (ConfUtils.java:logGet(43)) - raft.server.rpc.timeout.min = 5s (custom)
2019-11-13 21:08:27,883 [pool-27-thread-1] INFO  server.RaftServerConfigKeys (ConfUtils.java:logGet(43)) - raft.server.rpc.timeout.max = 5200ms (custom)
2019-11-13 21:08:27,883 [pool-27-thread-1] INFO  server.RaftServerConfigKeys (ConfUtils.java:logGet(43)) - raft.server.rpcslowness.timeout = 120s (custom)
2019-11-13 21:08:27,883 [pool-27-thread-1] INFO  server.RaftServerConfigKeys (ConfUtils.java:logGet(43)) - raft.server.sleep.deviation.threshold = 300 (default)
2019-11-13 21:08:27,883 [pool-27-thread-1] INFO  server.RaftServerConfigKeys (ConfUtils.java:logGet(43)) - raft.server.log.appender.install.snapshot.enabled = false (custom)
2019-11-13 21:08:27,883 [pool-27-thread-1] INFO  impl.RaftServerImpl (ServerState.java:<init>(103)) - da274d93-6049-45d1-b7c6-82be225b52d6@group-AA4226B7DCCD: ConfigurationManager, init=-1: [da274d93-6049-45d1-b7c6-82be225b52d6:192.168.164.208:38363], old=null, confs=<EMPTY_MAP>
2019-11-13 21:08:27,884 [pool-27-thread-1] INFO  server.RaftServerConfigKeys (ConfUtils.java:logGet(43)) - raft.server.storage.dir = [/workdir/hadoop-ozone/tools/target/test-dir/MiniOzoneClusterImpl-95b345c6-079a-4279-8b96-6675183ec06f/datanode-0/data/ratis] (custom)
2019-11-13 21:08:27,884 [pool-27-thread-1] INFO  server.RaftServerConfigKeys (ConfUtils.java:logGet(43)) - raft.server.log.corruption.policy = EXCEPTION (default)
2019-11-13 21:08:27,884 [pool-27-thread-1] INFO  storage.RaftStorageDirectory (RaftStorageDirectory.java:analyzeStorage(246)) - The storage directory /workdir/hadoop-ozone/tools/target/test-dir/MiniOzoneClusterImpl-95b345c6-079a-4279-8b96-6675183ec06f/datanode-0/data/ratis/7ab3b48d-6381-45de-9844-aa4226b7dccd does not exist. Creating ...
2019-11-13 21:08:27,897 [pool-27-thread-1] INFO  storage.RaftStorageDirectory (RaftStorageDirectory.java:tryLock(328)) - Lock on /workdir/hadoop-ozone/tools/target/test-dir/MiniOzoneClusterImpl-95b345c6-079a-4279-8b96-6675183ec06f/datanode-0/data/ratis/7ab3b48d-6381-45de-9844-aa4226b7dccd/in_use.lock acquired by nodename 18166@pr-hdds-2375-t422d-1049308724
2019-11-13 21:08:27,910 [pool-27-thread-1] INFO  storage.RaftStorage (RaftStorage.java:format(84)) - Storage directory /workdir/hadoop-ozone/tools/target/test-dir/MiniOzoneClusterImpl-95b345c6-079a-4279-8b96-6675183ec06f/datanode-0/data/ratis/7ab3b48d-6381-45de-9844-aa4226b7dccd has been successfully formatted.
2019-11-13 21:08:27,910 [pool-27-thread-1] INFO  ratis.ContainerStateMachine (ContainerStateMachine.java:loadSnapshot(223)) - group-AA4226B7DCCD: The snapshot info is null. Setting the last applied indexto:(t:0, i:~)
2019-11-13 21:08:27,910 [pool-27-thread-1] INFO  server.RaftServerConfigKeys (ConfUtils.java:logGet(43)) - raft.server.notification.no-leader.timeout = 120s (custom)
2019-11-13 21:08:27,910 [pool-27-thread-1] INFO  server.RaftServerConfigKeys (ConfUtils.java:logGet(43)) - raft.server.log.use.memory = false (default)
2019-11-13 21:08:27,910 [pool-27-thread-1] INFO  server.RaftServerConfigKeys (ConfUtils.java:logGet(43)) - raft.server.log.purge.gap = 1000000 (custom)
2019-11-13 21:08:27,911 [pool-27-thread-1] INFO  server.RaftServerConfigKeys (ConfUtils.java:logGet(43)) - raft.server.log.appender.buffer.byte-limit = 33554432 (custom)
2019-11-13 21:08:27,911 [pool-27-thread-1] INFO  server.RaftServerConfigKeys (ConfUtils.java:logGet(43)) - raft.server.log.segment.size.max = 1048576 (custom)
2019-11-13 21:08:27,911 [pool-27-thread-1] INFO  server.RaftServerConfigKeys (ConfUtils.java:logGet(43)) - raft.server.log.segment.cache.num.max = 2 (custom)
2019-11-13 21:08:27,911 [pool-27-thread-1] INFO  segmented.SegmentedRaftLogWorker (SegmentedRaftLogWorker.java:<init>(173)) - new da274d93-6049-45d1-b7c6-82be225b52d6@group-AA4226B7DCCD-SegmentedRaftLogWorker for RaftStorage:Storage Directory /workdir/hadoop-ozone/tools/target/test-dir/MiniOzoneClusterImpl-95b345c6-079a-4279-8b96-6675183ec06f/datanode-0/data/ratis/7ab3b48d-6381-45de-9844-aa4226b7dccd
2019-11-13 21:08:27,911 [pool-27-thread-1] INFO  server.RaftServerConfigKeys (ConfUtils.java:logGet(43)) - raft.server.log.queue.byte-limit = 2147483647 (custom)
2019-11-13 21:08:27,911 [pool-27-thread-1] INFO  server.RaftServerConfigKeys (ConfUtils.java:logGet(43)) - raft.server.log.queue.element-limit = 1024 (custom)
2019-11-13 21:08:27,911 [pool-27-thread-1] INFO  server.RaftServerConfigKeys (ConfUtils.java:logGet(43)) - raft.server.log.segment.size.max = 1048576 (custom)
2019-11-13 21:08:27,911 [pool-27-thread-1] INFO  server.RaftServerConfigKeys (ConfUtils.java:logGet(43)) - raft.server.log.preallocated.size = 16384 (custom)
2019-11-13 21:08:27,911 [pool-27-thread-1] INFO  server.RaftServerConfigKeys (ConfUtils.java:logGet(43)) - raft.server.log.write.buffer.size = 33554432 (custom)
2019-11-13 21:08:27,911 [pool-27-thread-1] INFO  server.RaftServerConfigKeys (ConfUtils.java:logGet(43)) - raft.server.log.force.sync.num = 128 (default)
2019-11-13 21:08:27,912 [pool-27-thread-1] INFO  server.RaftServerConfigKeys (ConfUtils.java:logGet(43)) - raft.server.log.statemachine.data.sync = true (default)
2019-11-13 21:08:27,912 [pool-27-thread-1] INFO  server.RaftServerConfigKeys (ConfUtils.java:logGet(43)) - raft.server.log.statemachine.data.sync.timeout = 10s (default)
2019-11-13 21:08:27,912 [pool-27-thread-1] INFO  server.RaftServerConfigKeys (ConfUtils.java:logGet(43)) - raft.server.log.statemachine.data.sync.timeout.retry = -1 (default)
2019-11-13 21:08:27,912 [pool-27-thread-1] INFO  server.RaftServerConfigKeys (ConfUtils.java:logGet(43)) - raft.server.log.statemachine.data.caching.enabled = true (custom)
2019-11-13 21:08:27,912 [pool-27-thread-1] INFO  segmented.SegmentedRaftLogWorker (SegmentedRaftLogWorker.java:lambda$new$0(128)) - da274d93-6049-45d1-b7c6-82be225b52d6@group-AA4226B7DCCD-SegmentedRaftLogWorker: flushIndex: setUnconditionally 0 -> -1
2019-11-13 21:08:27,912 [pool-27-thread-1] INFO  server.RaftServerConfigKeys (ConfUtils.java:logGet(43)) - raft.server.snapshot.auto.trigger.enabled = true (custom)
2019-11-13 21:08:27,913 [pool-27-thread-1] INFO  server.RaftServerConfigKeys (ConfUtils.java:logGet(43)) - raft.server.snapshot.auto.trigger.threshold = 10000 (custom)
2019-11-13 21:08:27,913 [pool-27-thread-1] INFO  server.RaftServerConfigKeys (ConfUtils.java:logGet(43)) - raft.server.snapshot.retention.file.num = 5 (custom)
2019-11-13 21:08:27,913 [pool-27-thread-1] INFO  server.RaftServerConfigKeys (ConfUtils.java:logGet(43)) - raft.server.retrycache.expirytime = 600000ms (custom)
2019-11-13 21:08:27,913 [pool-27-thread-1] WARN  impl.MetricRegistriesImpl (MetricRegistriesImpl.java:lambda$create$1(61)) - First MetricRegistry has been created without registering reporters. You may need to call MetricRegistries.global().addReportRegistration(...) before.
2019-11-13 21:08:27,913 [pool-27-thread-1] WARN  impl.MetricRegistriesImpl (MetricRegistriesImpl.java:lambda$create$1(61)) - First MetricRegistry has been created without registering reporters. You may need to call MetricRegistries.global().addReportRegistration(...) before.
2019-11-13 21:08:27,913 [pool-27-thread-1] INFO  impl.RaftServerImpl (RaftServerImpl.java:start(184)) - da274d93-6049-45d1-b7c6-82be225b52d6@group-AA4226B7DCCD: start as a follower, conf=-1: [da274d93-6049-45d1-b7c6-82be225b52d6:192.168.164.208:38363], old=null
2019-11-13 21:08:27,913 [pool-27-thread-1] INFO  impl.RaftServerImpl (RaftServerImpl.java:setRole(173)) - da274d93-6049-45d1-b7c6-82be225b52d6@group-AA4226B7DCCD: changes role from      null to FOLLOWER at term 0 for startAsFollower
2019-11-13 21:08:27,914 [pool-27-thread-1] INFO  impl.RoleInfo (RoleInfo.java:updateAndGet(143)) - da274d93-6049-45d1-b7c6-82be225b52d6: start FollowerState
2019-11-13 21:08:27,914 [pool-27-thread-1] INFO  util.JmxRegister (JmxRegister.java:tryRegister(44)) - Successfully registered JMX Bean with object name Ratis:service=RaftServer,group=group-AA4226B7DCCD,id=da274d93-6049-45d1-b7c6-82be225b52d6
2019-11-13 21:08:27,914 [pool-27-thread-1] WARN  impl.MetricRegistriesImpl (MetricRegistriesImpl.java:lambda$create$1(61)) - First MetricRegistry has been created without registering reporters. You may need to call MetricRegistries.global().addReportRegistration(...) before.
2019-11-13 21:08:27,919 [RatisPipelineUtilsThread] INFO  pipeline.PipelineStateManager (PipelineStateManager.java:addPipeline(55)) - Created pipeline Pipeline[ Id: 7ab3b48d-6381-45de-9844-aa4226b7dccd, Nodes: da274d93-6049-45d1-b7c6-82be225b52d6{ip: 192.168.164.208, host: pr-hdds-2375-t422d-1049308724, networkLocation: /default-rack, certSerialId: null}, Type:RATIS, Factor:ONE, State:ALLOCATED]
2019-11-13 21:08:27,921 [Thread-178] INFO  pipeline.PipelineStateManager (PipelineStateManager.java:finalizePipeline(121)) - Pipeline Pipeline[ Id: 2c629bf0-9b9c-4564-be40-6c8887a229ad, Nodes: 05097526-328e-47c3-8e10-f0fc997678ef{ip: 192.168.164.208, host: pr-hdds-2375-t422d-1049308724, networkLocation: /default-rack, certSerialId: null}, Type:RATIS, Factor:ONE, State:CLOSED] moved to CLOSED state
2019-11-13 21:08:27,933 [grpc-default-executor-1] INFO  impl.RaftServerProxy (RaftServerProxy.java:remove(95)) - 05097526-328e-47c3-8e10-f0fc997678ef: remove  FOLLOWER 05097526-328e-47c3-8e10-f0fc997678ef@group-6C8887A229AD:t0, leader=null, voted=null, raftlog=05097526-328e-47c3-8e10-f0fc997678ef@group-6C8887A229AD-SegmentedRaftLog:OPENED:c-1,f-1,i0, conf=-1: [05097526-328e-47c3-8e10-f0fc997678ef:192.168.164.208:46842], old=null RUNNING
2019-11-13 21:08:27,933 [grpc-default-executor-1] INFO  impl.RaftServerImpl (RaftServerImpl.java:lambda$shutdown$3(250)) - 05097526-328e-47c3-8e10-f0fc997678ef@group-6C8887A229AD: shutdown
2019-11-13 21:08:27,933 [grpc-default-executor-1] INFO  util.JmxRegister (JmxRegister.java:unregister(73)) - Successfully un-registered JMX Bean with object name Ratis:service=RaftServer,group=group-6C8887A229AD,id=05097526-328e-47c3-8e10-f0fc997678ef
2019-11-13 21:08:27,934 [grpc-default-executor-1] INFO  impl.RoleInfo (RoleInfo.java:shutdownFollowerState(121)) - 05097526-328e-47c3-8e10-f0fc997678ef: shutdown FollowerState
2019-11-13 21:08:27,934 [grpc-default-executor-1] INFO  impl.StateMachineUpdater (StateMachineUpdater.java:stopAndJoin(136)) - 05097526-328e-47c3-8e10-f0fc997678ef@group-6C8887A229AD-StateMachineUpdater: set stopIndex = -1
2019-11-13 21:08:27,934 [Thread-183] INFO  impl.FollowerState (FollowerState.java:run(120)) - 05097526-328e-47c3-8e10-f0fc997678ef@group-6C8887A229AD-FollowerState was interrupted: java.lang.InterruptedException: sleep interrupted
2019-11-13 21:08:27,935 [grpc-default-executor-1] INFO  impl.RaftServerImpl (ServerState.java:close(387)) - 05097526-328e-47c3-8e10-f0fc997678ef@group-6C8887A229AD: closes. applyIndex: -1
2019-11-13 21:08:27,935 [05097526-328e-47c3-8e10-f0fc997678ef@group-6C8887A229AD-SegmentedRaftLogWorker] INFO  segmented.SegmentedRaftLogWorker (SegmentedRaftLogWorker.java:run(316)) - 05097526-328e-47c3-8e10-f0fc997678ef@group-6C8887A229AD-SegmentedRaftLogWorker was interrupted, exiting. There are 0 tasks remaining in the queue.
2019-11-13 21:08:27,936 [grpc-default-executor-1] INFO  segmented.SegmentedRaftLogWorker (SegmentedRaftLogWorker.java:close(224)) - 05097526-328e-47c3-8e10-f0fc997678ef@group-6C8887A229AD-SegmentedRaftLogWorker close()
2019-11-13 21:08:27,941 [Thread-178] INFO  pipeline.PipelineStateManager (PipelineStateManager.java:removePipeline(106)) - Pipeline Pipeline[ Id: 2c629bf0-9b9c-4564-be40-6c8887a229ad, Nodes: 05097526-328e-47c3-8e10-f0fc997678ef{ip: 192.168.164.208, host: pr-hdds-2375-t422d-1049308724, networkLocation: /default-rack, certSerialId: null}, Type:RATIS, Factor:ONE, State:CLOSED] removed from db
2019-11-13 21:08:27,950 [grpc-default-executor-1] INFO  impl.RaftServerProxy (RaftServerProxy.java:addNew(89)) - 05097526-328e-47c3-8e10-f0fc997678ef: addNew group-1F3F8805D859:[05097526-328e-47c3-8e10-f0fc997678ef:192.168.164.208:46842] returns group-1F3F8805D859:java.util.concurrent.CompletableFuture@50982b05[Not completed]
2019-11-13 21:08:27,952 [pool-37-thread-1] INFO  impl.RaftServerImpl (RaftServerImpl.java:<init>(98)) - 05097526-328e-47c3-8e10-f0fc997678ef: new RaftServerImpl for group-1F3F8805D859:[05097526-328e-47c3-8e10-f0fc997678ef:192.168.164.208:46842] with ContainerStateMachine:uninitialized
2019-11-13 21:08:27,952 [pool-37-thread-1] INFO  server.RaftServerConfigKeys (ConfUtils.java:logGet(43)) - raft.server.rpc.timeout.min = 5s (custom)
2019-11-13 21:08:27,952 [pool-37-thread-1] INFO  server.RaftServerConfigKeys (ConfUtils.java:logGet(43)) - raft.server.rpc.timeout.max = 5200ms (custom)
2019-11-13 21:08:27,952 [pool-37-thread-1] INFO  server.RaftServerConfigKeys (ConfUtils.java:logGet(43)) - raft.server.rpcslowness.timeout = 120s (custom)
2019-11-13 21:08:27,953 [pool-37-thread-1] INFO  server.RaftServerConfigKeys (ConfUtils.java:logGet(43)) - raft.server.sleep.deviation.threshold = 300 (default)
2019-11-13 21:08:27,953 [pool-37-thread-1] INFO  server.RaftServerConfigKeys (ConfUtils.java:logGet(43)) - raft.server.log.appender.install.snapshot.enabled = false (custom)
2019-11-13 21:08:27,953 [pool-37-thread-1] INFO  impl.RaftServerImpl (ServerState.java:<init>(103)) - 05097526-328e-47c3-8e10-f0fc997678ef@group-1F3F8805D859: ConfigurationManager, init=-1: [05097526-328e-47c3-8e10-f0fc997678ef:192.168.164.208:46842], old=null, confs=<EMPTY_MAP>
2019-11-13 21:08:27,953 [pool-37-thread-1] INFO  server.RaftServerConfigKeys (ConfUtils.java:logGet(43)) - raft.server.storage.dir = [/workdir/hadoop-ozone/tools/target/test-dir/MiniOzoneClusterImpl-95b345c6-079a-4279-8b96-6675183ec06f/datanode-1/data/ratis] (custom)
2019-11-13 21:08:27,954 [pool-37-thread-1] INFO  server.RaftServerConfigKeys (ConfUtils.java:logGet(43)) - raft.server.log.corruption.policy = EXCEPTION (default)
2019-11-13 21:08:27,954 [pool-37-thread-1] INFO  storage.RaftStorageDirectory (RaftStorageDirectory.java:analyzeStorage(246)) - The storage directory /workdir/hadoop-ozone/tools/target/test-dir/MiniOzoneClusterImpl-95b345c6-079a-4279-8b96-6675183ec06f/datanode-1/data/ratis/77c01fc5-d64a-4aa2-bc21-1f3f8805d859 does not exist. Creating ...
2019-11-13 21:08:27,967 [pool-37-thread-1] INFO  storage.RaftStorageDirectory (RaftStorageDirectory.java:tryLock(328)) - Lock on /workdir/hadoop-ozone/tools/target/test-dir/MiniOzoneClusterImpl-95b345c6-079a-4279-8b96-6675183ec06f/datanode-1/data/ratis/77c01fc5-d64a-4aa2-bc21-1f3f8805d859/in_use.lock acquired by nodename 18166@pr-hdds-2375-t422d-1049308724
2019-11-13 21:08:27,981 [pool-37-thread-1] INFO  storage.RaftStorage (RaftStorage.java:format(84)) - Storage directory /workdir/hadoop-ozone/tools/target/test-dir/MiniOzoneClusterImpl-95b345c6-079a-4279-8b96-6675183ec06f/datanode-1/data/ratis/77c01fc5-d64a-4aa2-bc21-1f3f8805d859 has been successfully formatted.
2019-11-13 21:08:27,981 [pool-37-thread-1] INFO  ratis.ContainerStateMachine (ContainerStateMachine.java:loadSnapshot(223)) - group-1F3F8805D859: The snapshot info is null. Setting the last applied indexto:(t:0, i:~)
2019-11-13 21:08:27,982 [pool-37-thread-1] INFO  server.RaftServerConfigKeys (ConfUtils.java:logGet(43)) - raft.server.notification.no-leader.timeout = 120s (custom)
2019-11-13 21:08:27,982 [pool-37-thread-1] INFO  server.RaftServerConfigKeys (ConfUtils.java:logGet(43)) - raft.server.log.use.memory = false (default)
2019-11-13 21:08:27,982 [pool-37-thread-1] INFO  server.RaftServerConfigKeys (ConfUtils.java:logGet(43)) - raft.server.log.purge.gap = 1000000 (custom)
2019-11-13 21:08:27,982 [pool-37-thread-1] INFO  server.RaftServerConfigKeys (ConfUtils.java:logGet(43)) - raft.server.log.appender.buffer.byte-limit = 33554432 (custom)
2019-11-13 21:08:27,982 [pool-37-thread-1] INFO  server.RaftServerConfigKeys (ConfUtils.java:logGet(43)) - raft.server.log.segment.size.max = 1048576 (custom)
2019-11-13 21:08:27,982 [pool-37-thread-1] INFO  server.RaftServerConfigKeys (ConfUtils.java:logGet(43)) - raft.server.log.segment.cache.num.max = 2 (custom)
2019-11-13 21:08:27,983 [pool-37-thread-1] INFO  segmented.SegmentedRaftLogWorker (SegmentedRaftLogWorker.java:<init>(173)) - new 05097526-328e-47c3-8e10-f0fc997678ef@group-1F3F8805D859-SegmentedRaftLogWorker for RaftStorage:Storage Directory /workdir/hadoop-ozone/tools/target/test-dir/MiniOzoneClusterImpl-95b345c6-079a-4279-8b96-6675183ec06f/datanode-1/data/ratis/77c01fc5-d64a-4aa2-bc21-1f3f8805d859
2019-11-13 21:08:27,983 [pool-37-thread-1] INFO  server.RaftServerConfigKeys (ConfUtils.java:logGet(43)) - raft.server.log.queue.byte-limit = 2147483647 (custom)
2019-11-13 21:08:27,983 [pool-37-thread-1] INFO  server.RaftServerConfigKeys (ConfUtils.java:logGet(43)) - raft.server.log.queue.element-limit = 1024 (custom)
2019-11-13 21:08:27,983 [pool-37-thread-1] INFO  server.RaftServerConfigKeys (ConfUtils.java:logGet(43)) - raft.server.log.segment.size.max = 1048576 (custom)
2019-11-13 21:08:27,983 [pool-37-thread-1] INFO  server.RaftServerConfigKeys (ConfUtils.java:logGet(43)) - raft.server.log.preallocated.size = 16384 (custom)
2019-11-13 21:08:27,983 [pool-37-thread-1] INFO  server.RaftServerConfigKeys (ConfUtils.java:logGet(43)) - raft.server.log.write.buffer.size = 33554432 (custom)
2019-11-13 21:08:27,983 [pool-37-thread-1] INFO  server.RaftServerConfigKeys (ConfUtils.java:logGet(43)) - raft.server.log.force.sync.num = 128 (default)
2019-11-13 21:08:27,984 [pool-37-thread-1] INFO  server.RaftServerConfigKeys (ConfUtils.java:logGet(43)) - raft.server.log.statemachine.data.sync = true (default)
2019-11-13 21:08:27,984 [pool-37-thread-1] INFO  server.RaftServerConfigKeys (ConfUtils.java:logGet(43)) - raft.server.log.statemachine.data.sync.timeout = 10s (default)
2019-11-13 21:08:27,984 [pool-37-thread-1] INFO  server.RaftServerConfigKeys (ConfUtils.java:logGet(43)) - raft.server.log.statemachine.data.sync.timeout.retry = -1 (default)
2019-11-13 21:08:27,984 [pool-37-thread-1] INFO  server.RaftServerConfigKeys (ConfUtils.java:logGet(43)) - raft.server.log.statemachine.data.caching.enabled = true (custom)
2019-11-13 21:08:27,985 [pool-37-thread-1] INFO  segmented.SegmentedRaftLogWorker (SegmentedRaftLogWorker.java:lambda$new$0(128)) - 05097526-328e-47c3-8e10-f0fc997678ef@group-1F3F8805D859-SegmentedRaftLogWorker: flushIndex: setUnconditionally 0 -> -1
2019-11-13 21:08:27,985 [pool-37-thread-1] INFO  server.RaftServerConfigKeys (ConfUtils.java:logGet(43)) - raft.server.snapshot.auto.trigger.enabled = true (custom)
2019-11-13 21:08:27,985 [pool-37-thread-1] INFO  server.RaftServerConfigKeys (ConfUtils.java:logGet(43)) - raft.server.snapshot.auto.trigger.threshold = 10000 (custom)
2019-11-13 21:08:27,985 [pool-37-thread-1] INFO  server.RaftServerConfigKeys (ConfUtils.java:logGet(43)) - raft.server.snapshot.retention.file.num = 5 (custom)
2019-11-13 21:08:27,986 [pool-37-thread-1] INFO  server.RaftServerConfigKeys (ConfUtils.java:logGet(43)) - raft.server.retrycache.expirytime = 600000ms (custom)
2019-11-13 21:08:27,986 [pool-37-thread-1] WARN  impl.MetricRegistriesImpl (MetricRegistriesImpl.java:lambda$create$1(61)) - First MetricRegistry has been created without registering reporters. You may need to call MetricRegistries.global().addReportRegistration(...) before.
2019-11-13 21:08:27,986 [pool-37-thread-1] WARN  impl.MetricRegistriesImpl (MetricRegistriesImpl.java:lambda$create$1(61)) - First MetricRegistry has been created without registering reporters. You may need to call MetricRegistries.global().addReportRegistration(...) before.
2019-11-13 21:08:27,986 [pool-37-thread-1] INFO  impl.RaftServerImpl (RaftServerImpl.java:start(184)) - 05097526-328e-47c3-8e10-f0fc997678ef@group-1F3F8805D859: start as a follower, conf=-1: [05097526-328e-47c3-8e10-f0fc997678ef:192.168.164.208:46842], old=null
2019-11-13 21:08:27,986 [pool-37-thread-1] INFO  impl.RaftServerImpl (RaftServerImpl.java:setRole(173)) - 05097526-328e-47c3-8e10-f0fc997678ef@group-1F3F8805D859: changes role from      null to FOLLOWER at term 0 for startAsFollower
2019-11-13 21:08:27,987 [pool-37-thread-1] INFO  impl.RoleInfo (RoleInfo.java:updateAndGet(143)) - 05097526-328e-47c3-8e10-f0fc997678ef: start FollowerState
2019-11-13 21:08:27,987 [pool-37-thread-1] INFO  util.JmxRegister (JmxRegister.java:tryRegister(44)) - Successfully registered JMX Bean with object name Ratis:service=RaftServer,group=group-1F3F8805D859,id=05097526-328e-47c3-8e10-f0fc997678ef
2019-11-13 21:08:27,987 [pool-37-thread-1] WARN  impl.MetricRegistriesImpl (MetricRegistriesImpl.java:lambda$create$1(61)) - First MetricRegistry has been created without registering reporters. You may need to call MetricRegistries.global().addReportRegistration(...) before.
2019-11-13 21:08:27,993 [RatisPipelineUtilsThread] INFO  pipeline.PipelineStateManager (PipelineStateManager.java:addPipeline(55)) - Created pipeline Pipeline[ Id: 77c01fc5-d64a-4aa2-bc21-1f3f8805d859, Nodes: 05097526-328e-47c3-8e10-f0fc997678ef{ip: 192.168.164.208, host: pr-hdds-2375-t422d-1049308724, networkLocation: /default-rack, certSerialId: null}, Type:RATIS, Factor:ONE, State:ALLOCATED]
2019-11-13 21:08:28,518 [main] INFO  ozone.MiniOzoneClusterImpl (MiniOzoneClusterImpl.java:lambda$waitForClusterToBeReady$2(163)) - Waiting for 4 number of pipelines out of 4, to report a leader.
2019-11-13 21:08:29,518 [main] INFO  ozone.MiniOzoneClusterImpl (MiniOzoneClusterImpl.java:lambda$waitForClusterToBeReady$2(163)) - Waiting for 4 number of pipelines out of 4, to report a leader.
2019-11-13 21:08:30,519 [main] INFO  ozone.MiniOzoneClusterImpl (MiniOzoneClusterImpl.java:lambda$waitForClusterToBeReady$2(163)) - Waiting for 4 number of pipelines out of 4, to report a leader.
2019-11-13 21:08:31,519 [main] INFO  ozone.MiniOzoneClusterImpl (MiniOzoneClusterImpl.java:lambda$waitForClusterToBeReady$2(163)) - Waiting for 4 number of pipelines out of 4, to report a leader.
2019-11-13 21:08:32,520 [main] INFO  ozone.MiniOzoneClusterImpl (MiniOzoneClusterImpl.java:lambda$waitForClusterToBeReady$2(163)) - Waiting for 4 number of pipelines out of 4, to report a leader.
2019-11-13 21:08:32,765 [Thread-200] INFO  impl.FollowerState (FollowerState.java:run(111)) - 7e2f0495-8c73-49bd-ada1-0766a243ea6a@group-9731E0E8EF2D-FollowerState: change to CANDIDATE, lastRpcTime:5122ms, electionTimeout:5122ms
2019-11-13 21:08:32,768 [Thread-200] INFO  impl.RoleInfo (RoleInfo.java:shutdownFollowerState(121)) - 7e2f0495-8c73-49bd-ada1-0766a243ea6a: shutdown FollowerState
2019-11-13 21:08:32,768 [Thread-200] INFO  impl.RaftServerImpl (RaftServerImpl.java:setRole(173)) - 7e2f0495-8c73-49bd-ada1-0766a243ea6a@group-9731E0E8EF2D: changes role from  FOLLOWER to CANDIDATE at term 0 for changeToCandidate
2019-11-13 21:08:32,773 [Thread-200] INFO  impl.RoleInfo (RoleInfo.java:updateAndGet(143)) - 7e2f0495-8c73-49bd-ada1-0766a243ea6a: start LeaderElection
2019-11-13 21:08:32,818 [7e2f0495-8c73-49bd-ada1-0766a243ea6a@group-9731E0E8EF2D-LeaderElection1] INFO  impl.LeaderElection (LeaderElection.java:askForVotes(178)) - 7e2f0495-8c73-49bd-ada1-0766a243ea6a@group-9731E0E8EF2D-LeaderElection1: begin an election at term 1 for -1: [7e2f0495-8c73-49bd-ada1-0766a243ea6a:192.168.164.208:43501], old=null
2019-11-13 21:08:32,820 [7e2f0495-8c73-49bd-ada1-0766a243ea6a@group-9731E0E8EF2D-LeaderElection1] INFO  impl.RoleInfo (RoleInfo.java:shutdownLeaderElection(134)) - 7e2f0495-8c73-49bd-ada1-0766a243ea6a: shutdown LeaderElection
2019-11-13 21:08:32,821 [7e2f0495-8c73-49bd-ada1-0766a243ea6a@group-9731E0E8EF2D-LeaderElection1] INFO  impl.RaftServerImpl (RaftServerImpl.java:setRole(173)) - 7e2f0495-8c73-49bd-ada1-0766a243ea6a@group-9731E0E8EF2D: changes role from CANDIDATE to LEADER at term 1 for changeToLeader
2019-11-13 21:08:32,821 [7e2f0495-8c73-49bd-ada1-0766a243ea6a@group-9731E0E8EF2D-LeaderElection1] INFO  ratis.XceiverServerRatis (XceiverServerRatis.java:handleLeaderChangedNotification(697)) - Leader change notification received for group: group-9731E0E8EF2D with new leaderId: 7e2f0495-8c73-49bd-ada1-0766a243ea6a
2019-11-13 21:08:32,825 [7e2f0495-8c73-49bd-ada1-0766a243ea6a@group-9731E0E8EF2D-LeaderElection1] INFO  impl.RaftServerImpl (ServerState.java:setLeader(255)) - 7e2f0495-8c73-49bd-ada1-0766a243ea6a@group-9731E0E8EF2D: change Leader from null to 7e2f0495-8c73-49bd-ada1-0766a243ea6a at term 1 for becomeLeader, leader elected after 5181ms
2019-11-13 21:08:32,830 [7e2f0495-8c73-49bd-ada1-0766a243ea6a@group-9731E0E8EF2D-LeaderElection1] INFO  server.RaftServerConfigKeys (ConfUtils.java:logGet(43)) - raft.server.staging.catchup.gap = 1000 (default)
2019-11-13 21:08:32,830 [7e2f0495-8c73-49bd-ada1-0766a243ea6a@group-9731E0E8EF2D-LeaderElection1] INFO  server.RaftServerConfigKeys (ConfUtils.java:logGet(43)) - raft.server.rpc.sleep.time = 25ms (default)
2019-11-13 21:08:32,834 [7e2f0495-8c73-49bd-ada1-0766a243ea6a@group-9731E0E8EF2D-LeaderElection1] INFO  server.RaftServerConfigKeys (ConfUtils.java:logGet(43)) - raft.server.write.element-limit = 4096 (default)
2019-11-13 21:08:32,836 [7e2f0495-8c73-49bd-ada1-0766a243ea6a@group-9731E0E8EF2D-LeaderElection1] INFO  server.RaftServerConfigKeys (ConfUtils.java:logGet(43)) - raft.server.watch.timeout = 10s (default)
2019-11-13 21:08:32,837 [7e2f0495-8c73-49bd-ada1-0766a243ea6a@group-9731E0E8EF2D-LeaderElection1] INFO  server.RaftServerConfigKeys (ConfUtils.java:logGet(43)) - raft.server.watch.timeout.denomination = 1s (default)
2019-11-13 21:08:32,837 [7e2f0495-8c73-49bd-ada1-0766a243ea6a@group-9731E0E8EF2D-LeaderElection1] INFO  server.RaftServerConfigKeys (ConfUtils.java:logGet(43)) - raft.server.watch.element-limit = 65536 (default)
2019-11-13 21:08:32,845 [7e2f0495-8c73-49bd-ada1-0766a243ea6a@group-9731E0E8EF2D-LeaderElection1] INFO  impl.RoleInfo (RoleInfo.java:updateAndGet(143)) - 7e2f0495-8c73-49bd-ada1-0766a243ea6a: start LeaderState
2019-11-13 21:08:32,846 [EventQueue-PipelineReportForPipelineReportHandler] INFO  pipeline.PipelineStateManager (PipelineStateManager.java:openPipeline(134)) - Pipeline Pipeline[ Id: d8d1b3a5-fb70-4818-b9a1-9731e0e8ef2d, Nodes: 7e2f0495-8c73-49bd-ada1-0766a243ea6a{ip: 192.168.164.208, host: pr-hdds-2375-t422d-1049308724, networkLocation: /default-rack, certSerialId: null}, Type:RATIS, Factor:ONE, State:OPEN] moved to OPEN state
2019-11-13 21:08:32,859 [7e2f0495-8c73-49bd-ada1-0766a243ea6a@group-9731E0E8EF2D-LeaderElection1] INFO  segmented.SegmentedRaftLogWorker (SegmentedRaftLogWorker.java:startLogSegment(385)) - 7e2f0495-8c73-49bd-ada1-0766a243ea6a@group-9731E0E8EF2D-SegmentedRaftLogWorker: Starting segment from index:0
2019-11-13 21:08:32,870 [7e2f0495-8c73-49bd-ada1-0766a243ea6a@group-9731E0E8EF2D-LeaderElection1] INFO  impl.RaftServerImpl (ServerState.java:setRaftConf(356)) - 7e2f0495-8c73-49bd-ada1-0766a243ea6a@group-9731E0E8EF2D: set configuration 0: [7e2f0495-8c73-49bd-ada1-0766a243ea6a:192.168.164.208:43501], old=null at 0
2019-11-13 21:08:32,900 [Thread-207] INFO  impl.FollowerState (FollowerState.java:run(111)) - 05097526-328e-47c3-8e10-f0fc997678ef@group-394E61C2DF90-FollowerState: change to CANDIDATE, lastRpcTime:5068ms, electionTimeout:5068ms
2019-11-13 21:08:32,900 [Thread-207] INFO  impl.RoleInfo (RoleInfo.java:shutdownFollowerState(121)) - 05097526-328e-47c3-8e10-f0fc997678ef: shutdown FollowerState
2019-11-13 21:08:32,901 [Thread-207] INFO  impl.RaftServerImpl (RaftServerImpl.java:setRole(173)) - 05097526-328e-47c3-8e10-f0fc997678ef@group-394E61C2DF90: changes role from  FOLLOWER to CANDIDATE at term 0 for changeToCandidate
2019-11-13 21:08:32,901 [Thread-207] INFO  impl.RoleInfo (RoleInfo.java:updateAndGet(143)) - 05097526-328e-47c3-8e10-f0fc997678ef: start LeaderElection
2019-11-13 21:08:32,916 [05097526-328e-47c3-8e10-f0fc997678ef@group-394E61C2DF90-LeaderElection2] INFO  impl.LeaderElection (LeaderElection.java:askForVotes(178)) - 05097526-328e-47c3-8e10-f0fc997678ef@group-394E61C2DF90-LeaderElection2: begin an election at term 1 for -1: [05097526-328e-47c3-8e10-f0fc997678ef:192.168.164.208:46842, 7e2f0495-8c73-49bd-ada1-0766a243ea6a:192.168.164.208:43501, da274d93-6049-45d1-b7c6-82be225b52d6:192.168.164.208:38363], old=null
2019-11-13 21:08:32,937 [grpc-default-executor-0] INFO  impl.RaftServerImpl (RaftServerImpl.java:setRole(173)) - 7e2f0495-8c73-49bd-ada1-0766a243ea6a@group-394E61C2DF90: changes role from  FOLLOWER to FOLLOWER at term 1 for recognizeCandidate:05097526-328e-47c3-8e10-f0fc997678ef
2019-11-13 21:08:32,937 [grpc-default-executor-1] INFO  impl.RaftServerImpl (RaftServerImpl.java:setRole(173)) - da274d93-6049-45d1-b7c6-82be225b52d6@group-394E61C2DF90: changes role from  FOLLOWER to FOLLOWER at term 1 for recognizeCandidate:05097526-328e-47c3-8e10-f0fc997678ef
2019-11-13 21:08:32,937 [grpc-default-executor-0] INFO  impl.RoleInfo (RoleInfo.java:shutdownFollowerState(121)) - 7e2f0495-8c73-49bd-ada1-0766a243ea6a: shutdown FollowerState
2019-11-13 21:08:32,938 [grpc-default-executor-1] INFO  impl.RoleInfo (RoleInfo.java:shutdownFollowerState(121)) - da274d93-6049-45d1-b7c6-82be225b52d6: shutdown FollowerState
2019-11-13 21:08:32,938 [grpc-default-executor-0] INFO  impl.RoleInfo (RoleInfo.java:updateAndGet(143)) - 7e2f0495-8c73-49bd-ada1-0766a243ea6a: start FollowerState
2019-11-13 21:08:32,938 [Thread-209] INFO  impl.FollowerState (FollowerState.java:run(120)) - da274d93-6049-45d1-b7c6-82be225b52d6@group-394E61C2DF90-FollowerState was interrupted: java.lang.InterruptedException: sleep interrupted
2019-11-13 21:08:32,938 [Thread-211] INFO  impl.FollowerState (FollowerState.java:run(120)) - 7e2f0495-8c73-49bd-ada1-0766a243ea6a@group-394E61C2DF90-FollowerState was interrupted: java.lang.InterruptedException: sleep interrupted
2019-11-13 21:08:32,939 [grpc-default-executor-1] INFO  impl.RoleInfo (RoleInfo.java:updateAndGet(143)) - da274d93-6049-45d1-b7c6-82be225b52d6: start FollowerState
2019-11-13 21:08:32,962 [05097526-328e-47c3-8e10-f0fc997678ef@group-394E61C2DF90-LeaderElection2] INFO  impl.LeaderElection (LeaderElection.java:logAndReturn(56)) - 05097526-328e-47c3-8e10-f0fc997678ef@group-394E61C2DF90-LeaderElection2: Election PASSED; received 1 response(s) [05097526-328e-47c3-8e10-f0fc997678ef<-7e2f0495-8c73-49bd-ada1-0766a243ea6a#0:OK-t1] and 0 exception(s); 05097526-328e-47c3-8e10-f0fc997678ef@group-394E61C2DF90:t1, leader=null, voted=05097526-328e-47c3-8e10-f0fc997678ef, raftlog=05097526-328e-47c3-8e10-f0fc997678ef@group-394E61C2DF90-SegmentedRaftLog:OPENED:c-1,f-1,i0, conf=-1: [05097526-328e-47c3-8e10-f0fc997678ef:192.168.164.208:46842, 7e2f0495-8c73-49bd-ada1-0766a243ea6a:192.168.164.208:43501, da274d93-6049-45d1-b7c6-82be225b52d6:192.168.164.208:38363], old=null
2019-11-13 21:08:32,962 [05097526-328e-47c3-8e10-f0fc997678ef@group-394E61C2DF90-LeaderElection2] INFO  impl.RoleInfo (RoleInfo.java:shutdownLeaderElection(134)) - 05097526-328e-47c3-8e10-f0fc997678ef: shutdown LeaderElection
2019-11-13 21:08:32,962 [05097526-328e-47c3-8e10-f0fc997678ef@group-394E61C2DF90-LeaderElection2] INFO  impl.RaftServerImpl (RaftServerImpl.java:setRole(173)) - 05097526-328e-47c3-8e10-f0fc997678ef@group-394E61C2DF90: changes role from CANDIDATE to LEADER at term 1 for changeToLeader
2019-11-13 21:08:32,963 [05097526-328e-47c3-8e10-f0fc997678ef@group-394E61C2DF90-LeaderElection2] INFO  ratis.XceiverServerRatis (XceiverServerRatis.java:handleLeaderChangedNotification(697)) - Leader change notification received for group: group-394E61C2DF90 with new leaderId: 05097526-328e-47c3-8e10-f0fc997678ef
2019-11-13 21:08:32,964 [05097526-328e-47c3-8e10-f0fc997678ef@group-394E61C2DF90-LeaderElection2] INFO  impl.RaftServerImpl (ServerState.java:setLeader(255)) - 05097526-328e-47c3-8e10-f0fc997678ef@group-394E61C2DF90: change Leader from null to 05097526-328e-47c3-8e10-f0fc997678ef at term 1 for becomeLeader, leader elected after 5138ms
2019-11-13 21:08:32,964 [05097526-328e-47c3-8e10-f0fc997678ef@group-394E61C2DF90-LeaderElection2] INFO  server.RaftServerConfigKeys (ConfUtils.java:logGet(43)) - raft.server.staging.catchup.gap = 1000 (default)
2019-11-13 21:08:32,964 [05097526-328e-47c3-8e10-f0fc997678ef@group-394E61C2DF90-LeaderElection2] INFO  server.RaftServerConfigKeys (ConfUtils.java:logGet(43)) - raft.server.rpc.sleep.time = 25ms (default)
2019-11-13 21:08:32,964 [05097526-328e-47c3-8e10-f0fc997678ef@group-394E61C2DF90-LeaderElection2] INFO  server.RaftServerConfigKeys (ConfUtils.java:logGet(43)) - raft.server.write.element-limit = 4096 (default)
2019-11-13 21:08:32,964 [05097526-328e-47c3-8e10-f0fc997678ef@group-394E61C2DF90-LeaderElection2] INFO  server.RaftServerConfigKeys (ConfUtils.java:logGet(43)) - raft.server.watch.timeout = 10s (default)
2019-11-13 21:08:32,964 [05097526-328e-47c3-8e10-f0fc997678ef@group-394E61C2DF90-LeaderElection2] INFO  server.RaftServerConfigKeys (ConfUtils.java:logGet(43)) - raft.server.watch.timeout.denomination = 1s (default)
2019-11-13 21:08:32,965 [05097526-328e-47c3-8e10-f0fc997678ef@group-394E61C2DF90-LeaderElection2] INFO  server.RaftServerConfigKeys (ConfUtils.java:logGet(43)) - raft.server.watch.element-limit = 65536 (default)
2019-11-13 21:08:32,966 [EventQueue-PipelineReportForPipelineReportHandler] INFO  pipeline.PipelineStateManager (PipelineStateManager.java:openPipeline(134)) - Pipeline Pipeline[ Id: 859fd99a-28fc-4f6f-b650-394e61c2df90, Nodes: 05097526-328e-47c3-8e10-f0fc997678ef{ip: 192.168.164.208, host: pr-hdds-2375-t422d-1049308724, networkLocation: /default-rack, certSerialId: null}da274d93-6049-45d1-b7c6-82be225b52d6{ip: 192.168.164.208, host: pr-hdds-2375-t422d-1049308724, networkLocation: /default-rack, certSerialId: null}7e2f0495-8c73-49bd-ada1-0766a243ea6a{ip: 192.168.164.208, host: pr-hdds-2375-t422d-1049308724, networkLocation: /default-rack, certSerialId: null}, Type:RATIS, Factor:THREE, State:OPEN] moved to OPEN state
2019-11-13 21:08:32,968 [05097526-328e-47c3-8e10-f0fc997678ef@group-394E61C2DF90-LeaderElection2] INFO  server.RaftServerConfigKeys (ConfUtils.java:logGet(43)) - raft.server.log.appender.snapshot.chunk.size.max = 16MB (=16777216) (default)
2019-11-13 21:08:32,968 [05097526-328e-47c3-8e10-f0fc997678ef@group-394E61C2DF90-LeaderElection2] INFO  server.RaftServerConfigKeys (ConfUtils.java:logGet(43)) - raft.server.log.appender.buffer.byte-limit = 33554432 (custom)
2019-11-13 21:08:32,968 [05097526-328e-47c3-8e10-f0fc997678ef@group-394E61C2DF90-LeaderElection2] INFO  server.RaftServerConfigKeys (ConfUtils.java:logGet(43)) - raft.server.log.appender.buffer.element-limit = 1 (custom)
2019-11-13 21:08:32,971 [05097526-328e-47c3-8e10-f0fc997678ef@group-394E61C2DF90-LeaderElection2] INFO  grpc.GrpcConfigKeys$Server (ConfUtils.java:logGet(43)) - raft.grpc.server.leader.outstanding.appends.max = 128 (default)
2019-11-13 21:08:32,971 [05097526-328e-47c3-8e10-f0fc997678ef@group-394E61C2DF90-LeaderElection2] INFO  server.RaftServerConfigKeys (ConfUtils.java:logGet(43)) - raft.server.rpc.request.timeout = 3000ms (default)
2019-11-13 21:08:32,971 [05097526-328e-47c3-8e10-f0fc997678ef@group-394E61C2DF90-LeaderElection2] INFO  server.RaftServerConfigKeys (ConfUtils.java:logGet(43)) - raft.server.log.appender.install.snapshot.enabled = false (custom)
2019-11-13 21:08:32,972 [05097526-328e-47c3-8e10-f0fc997678ef@group-394E61C2DF90-LeaderElection2] WARN  impl.MetricRegistriesImpl (MetricRegistriesImpl.java:lambda$create$1(61)) - First MetricRegistry has been created without registering reporters. You may need to call MetricRegistries.global().addReportRegistration(...) before.
2019-11-13 21:08:32,973 [05097526-328e-47c3-8e10-f0fc997678ef@group-394E61C2DF90-LeaderElection2] INFO  server.RaftServerConfigKeys (ConfUtils.java:logGet(43)) - raft.server.log.appender.snapshot.chunk.size.max = 16MB (=16777216) (default)
2019-11-13 21:08:32,973 [05097526-328e-47c3-8e10-f0fc997678ef@group-394E61C2DF90-LeaderElection2] INFO  server.RaftServerConfigKeys (ConfUtils.java:logGet(43)) - raft.server.log.appender.buffer.byte-limit = 33554432 (custom)
2019-11-13 21:08:32,973 [05097526-328e-47c3-8e10-f0fc997678ef@group-394E61C2DF90-LeaderElection2] INFO  server.RaftServerConfigKeys (ConfUtils.java:logGet(43)) - raft.server.log.appender.buffer.element-limit = 1 (custom)
2019-11-13 21:08:32,974 [05097526-328e-47c3-8e10-f0fc997678ef@group-394E61C2DF90-LeaderElection2] INFO  grpc.GrpcConfigKeys$Server (ConfUtils.java:logGet(43)) - raft.grpc.server.leader.outstanding.appends.max = 128 (default)
2019-11-13 21:08:32,974 [05097526-328e-47c3-8e10-f0fc997678ef@group-394E61C2DF90-LeaderElection2] INFO  server.RaftServerConfigKeys (ConfUtils.java:logGet(43)) - raft.server.rpc.request.timeout = 3000ms (default)
2019-11-13 21:08:32,974 [05097526-328e-47c3-8e10-f0fc997678ef@group-394E61C2DF90-LeaderElection2] INFO  server.RaftServerConfigKeys (ConfUtils.java:logGet(43)) - raft.server.log.appender.install.snapshot.enabled = false (custom)
2019-11-13 21:08:32,976 [05097526-328e-47c3-8e10-f0fc997678ef@group-394E61C2DF90-LeaderElection2] INFO  impl.RoleInfo (RoleInfo.java:updateAndGet(143)) - 05097526-328e-47c3-8e10-f0fc997678ef: start LeaderState
2019-11-13 21:08:32,977 [05097526-328e-47c3-8e10-f0fc997678ef@group-394E61C2DF90-LeaderElection2] INFO  segmented.SegmentedRaftLogWorker (SegmentedRaftLogWorker.java:startLogSegment(385)) - 05097526-328e-47c3-8e10-f0fc997678ef@group-394E61C2DF90-SegmentedRaftLogWorker: Starting segment from index:0
2019-11-13 21:08:32,977 [05097526-328e-47c3-8e10-f0fc997678ef@group-394E61C2DF90-LeaderElection2] INFO  impl.RaftServerImpl (ServerState.java:setRaftConf(356)) - 05097526-328e-47c3-8e10-f0fc997678ef@group-394E61C2DF90: set configuration 0: [05097526-328e-47c3-8e10-f0fc997678ef:192.168.164.208:46842, 7e2f0495-8c73-49bd-ada1-0766a243ea6a:192.168.164.208:43501, da274d93-6049-45d1-b7c6-82be225b52d6:192.168.164.208:38363], old=null at 0
2019-11-13 21:08:33,018 [grpc-default-executor-0] INFO  ratis.XceiverServerRatis (XceiverServerRatis.java:handleLeaderChangedNotification(697)) - Leader change notification received for group: group-394E61C2DF90 with new leaderId: 05097526-328e-47c3-8e10-f0fc997678ef
2019-11-13 21:08:33,019 [grpc-default-executor-1] INFO  ratis.XceiverServerRatis (XceiverServerRatis.java:handleLeaderChangedNotification(697)) - Leader change notification received for group: group-394E61C2DF90 with new leaderId: 05097526-328e-47c3-8e10-f0fc997678ef
2019-11-13 21:08:33,019 [grpc-default-executor-0] INFO  impl.RaftServerImpl (ServerState.java:setLeader(255)) - da274d93-6049-45d1-b7c6-82be225b52d6@group-394E61C2DF90: change Leader from null to 05097526-328e-47c3-8e10-f0fc997678ef at term 1 for appendEntries, leader elected after 5193ms
2019-11-13 21:08:33,019 [grpc-default-executor-1] INFO  impl.RaftServerImpl (ServerState.java:setLeader(255)) - 7e2f0495-8c73-49bd-ada1-0766a243ea6a@group-394E61C2DF90: change Leader from null to 05097526-328e-47c3-8e10-f0fc997678ef at term 1 for appendEntries, leader elected after 5194ms
2019-11-13 21:08:33,033 [7e2f0495-8c73-49bd-ada1-0766a243ea6a@group-9731E0E8EF2D-SegmentedRaftLogWorker] INFO  segmented.SegmentedRaftLogWorker (SegmentedRaftLogWorker.java:execute(576)) - 7e2f0495-8c73-49bd-ada1-0766a243ea6a@group-9731E0E8EF2D-SegmentedRaftLogWorker: created new log segment /workdir/hadoop-ozone/tools/target/test-dir/MiniOzoneClusterImpl-95b345c6-079a-4279-8b96-6675183ec06f/datanode-2/data/ratis/d8d1b3a5-fb70-4818-b9a1-9731e0e8ef2d/current/log_inprogress_0
2019-11-13 21:08:33,033 [05097526-328e-47c3-8e10-f0fc997678ef@group-394E61C2DF90-SegmentedRaftLogWorker] INFO  segmented.SegmentedRaftLogWorker (SegmentedRaftLogWorker.java:execute(576)) - 05097526-328e-47c3-8e10-f0fc997678ef@group-394E61C2DF90-SegmentedRaftLogWorker: created new log segment /workdir/hadoop-ozone/tools/target/test-dir/MiniOzoneClusterImpl-95b345c6-079a-4279-8b96-6675183ec06f/datanode-1/data/ratis/859fd99a-28fc-4f6f-b650-394e61c2df90/current/log_inprogress_0
2019-11-13 21:08:33,042 [grpc-default-executor-0] INFO  impl.RaftServerImpl (ServerState.java:setRaftConf(356)) - da274d93-6049-45d1-b7c6-82be225b52d6@group-394E61C2DF90: set configuration 0: [05097526-328e-47c3-8e10-f0fc997678ef:192.168.164.208:46842, 7e2f0495-8c73-49bd-ada1-0766a243ea6a:192.168.164.208:43501, da274d93-6049-45d1-b7c6-82be225b52d6:192.168.164.208:38363], old=null at 0
2019-11-13 21:08:33,042 [grpc-default-executor-1] INFO  impl.RaftServerImpl (ServerState.java:setRaftConf(356)) - 7e2f0495-8c73-49bd-ada1-0766a243ea6a@group-394E61C2DF90: set configuration 0: [05097526-328e-47c3-8e10-f0fc997678ef:192.168.164.208:46842, 7e2f0495-8c73-49bd-ada1-0766a243ea6a:192.168.164.208:43501, da274d93-6049-45d1-b7c6-82be225b52d6:192.168.164.208:38363], old=null at 0
2019-11-13 21:08:33,042 [grpc-default-executor-0] INFO  segmented.SegmentedRaftLogWorker (SegmentedRaftLogWorker.java:startLogSegment(385)) - da274d93-6049-45d1-b7c6-82be225b52d6@group-394E61C2DF90-SegmentedRaftLogWorker: Starting segment from index:0
2019-11-13 21:08:33,042 [grpc-default-executor-1] INFO  segmented.SegmentedRaftLogWorker (SegmentedRaftLogWorker.java:startLogSegment(385)) - 7e2f0495-8c73-49bd-ada1-0766a243ea6a@group-394E61C2DF90-SegmentedRaftLogWorker: Starting segment from index:0
2019-11-13 21:08:33,070 [Thread-216] INFO  impl.FollowerState (FollowerState.java:run(111)) - da274d93-6049-45d1-b7c6-82be225b52d6@group-AA4226B7DCCD-FollowerState: change to CANDIDATE, lastRpcTime:5156ms, electionTimeout:5156ms
2019-11-13 21:08:33,070 [Thread-216] INFO  impl.RoleInfo (RoleInfo.java:shutdownFollowerState(121)) - da274d93-6049-45d1-b7c6-82be225b52d6: shutdown FollowerState
2019-11-13 21:08:33,070 [Thread-216] INFO  impl.RaftServerImpl (RaftServerImpl.java:setRole(173)) - da274d93-6049-45d1-b7c6-82be225b52d6@group-AA4226B7DCCD: changes role from  FOLLOWER to CANDIDATE at term 0 for changeToCandidate
2019-11-13 21:08:33,070 [Thread-216] INFO  impl.RoleInfo (RoleInfo.java:updateAndGet(143)) - da274d93-6049-45d1-b7c6-82be225b52d6: start LeaderElection
2019-11-13 21:08:33,080 [7e2f0495-8c73-49bd-ada1-0766a243ea6a@group-394E61C2DF90-SegmentedRaftLogWorker] INFO  segmented.SegmentedRaftLogWorker (SegmentedRaftLogWorker.java:execute(576)) - 7e2f0495-8c73-49bd-ada1-0766a243ea6a@group-394E61C2DF90-SegmentedRaftLogWorker: created new log segment /workdir/hadoop-ozone/tools/target/test-dir/MiniOzoneClusterImpl-95b345c6-079a-4279-8b96-6675183ec06f/datanode-2/data/ratis/859fd99a-28fc-4f6f-b650-394e61c2df90/current/log_inprogress_0
2019-11-13 21:08:33,080 [da274d93-6049-45d1-b7c6-82be225b52d6@group-AA4226B7DCCD-LeaderElection3] INFO  impl.LeaderElection (LeaderElection.java:askForVotes(178)) - da274d93-6049-45d1-b7c6-82be225b52d6@group-AA4226B7DCCD-LeaderElection3: begin an election at term 1 for -1: [da274d93-6049-45d1-b7c6-82be225b52d6:192.168.164.208:38363], old=null
2019-11-13 21:08:33,080 [da274d93-6049-45d1-b7c6-82be225b52d6@group-394E61C2DF90-SegmentedRaftLogWorker] INFO  segmented.SegmentedRaftLogWorker (SegmentedRaftLogWorker.java:execute(576)) - da274d93-6049-45d1-b7c6-82be225b52d6@group-394E61C2DF90-SegmentedRaftLogWorker: created new log segment /workdir/hadoop-ozone/tools/target/test-dir/MiniOzoneClusterImpl-95b345c6-079a-4279-8b96-6675183ec06f/datanode-0/data/ratis/859fd99a-28fc-4f6f-b650-394e61c2df90/current/log_inprogress_0
2019-11-13 21:08:33,080 [da274d93-6049-45d1-b7c6-82be225b52d6@group-AA4226B7DCCD-LeaderElection3] INFO  impl.RoleInfo (RoleInfo.java:shutdownLeaderElection(134)) - da274d93-6049-45d1-b7c6-82be225b52d6: shutdown LeaderElection
2019-11-13 21:08:33,080 [da274d93-6049-45d1-b7c6-82be225b52d6@group-AA4226B7DCCD-LeaderElection3] INFO  impl.RaftServerImpl (RaftServerImpl.java:setRole(173)) - da274d93-6049-45d1-b7c6-82be225b52d6@group-AA4226B7DCCD: changes role from CANDIDATE to LEADER at term 1 for changeToLeader
2019-11-13 21:08:33,081 [da274d93-6049-45d1-b7c6-82be225b52d6@group-AA4226B7DCCD-LeaderElection3] INFO  ratis.XceiverServerRatis (XceiverServerRatis.java:handleLeaderChangedNotification(697)) - Leader change notification received for group: group-AA4226B7DCCD with new leaderId: da274d93-6049-45d1-b7c6-82be225b52d6
2019-11-13 21:08:33,082 [da274d93-6049-45d1-b7c6-82be225b52d6@group-AA4226B7DCCD-LeaderElection3] INFO  impl.RaftServerImpl (ServerState.java:setLeader(255)) - da274d93-6049-45d1-b7c6-82be225b52d6@group-AA4226B7DCCD: change Leader from null to da274d93-6049-45d1-b7c6-82be225b52d6 at term 1 for becomeLeader, leader elected after 5170ms
2019-11-13 21:08:33,082 [da274d93-6049-45d1-b7c6-82be225b52d6@group-AA4226B7DCCD-LeaderElection3] INFO  server.RaftServerConfigKeys (ConfUtils.java:logGet(43)) - raft.server.staging.catchup.gap = 1000 (default)
2019-11-13 21:08:33,082 [da274d93-6049-45d1-b7c6-82be225b52d6@group-AA4226B7DCCD-LeaderElection3] INFO  server.RaftServerConfigKeys (ConfUtils.java:logGet(43)) - raft.server.rpc.sleep.time = 25ms (default)
2019-11-13 21:08:33,082 [da274d93-6049-45d1-b7c6-82be225b52d6@group-AA4226B7DCCD-LeaderElection3] INFO  server.RaftServerConfigKeys (ConfUtils.java:logGet(43)) - raft.server.write.element-limit = 4096 (default)
2019-11-13 21:08:33,082 [da274d93-6049-45d1-b7c6-82be225b52d6@group-AA4226B7DCCD-LeaderElection3] INFO  server.RaftServerConfigKeys (ConfUtils.java:logGet(43)) - raft.server.watch.timeout = 10s (default)
2019-11-13 21:08:33,083 [da274d93-6049-45d1-b7c6-82be225b52d6@group-AA4226B7DCCD-LeaderElection3] INFO  server.RaftServerConfigKeys (ConfUtils.java:logGet(43)) - raft.server.watch.timeout.denomination = 1s (default)
2019-11-13 21:08:33,083 [da274d93-6049-45d1-b7c6-82be225b52d6@group-AA4226B7DCCD-LeaderElection3] INFO  server.RaftServerConfigKeys (ConfUtils.java:logGet(43)) - raft.server.watch.element-limit = 65536 (default)
2019-11-13 21:08:33,083 [da274d93-6049-45d1-b7c6-82be225b52d6@group-AA4226B7DCCD-LeaderElection3] INFO  impl.RoleInfo (RoleInfo.java:updateAndGet(143)) - da274d93-6049-45d1-b7c6-82be225b52d6: start LeaderState
2019-11-13 21:08:33,083 [da274d93-6049-45d1-b7c6-82be225b52d6@group-AA4226B7DCCD-LeaderElection3] INFO  segmented.SegmentedRaftLogWorker (SegmentedRaftLogWorker.java:startLogSegment(385)) - da274d93-6049-45d1-b7c6-82be225b52d6@group-AA4226B7DCCD-SegmentedRaftLogWorker: Starting segment from index:0
2019-11-13 21:08:33,084 [EventQueue-PipelineReportForPipelineReportHandler] INFO  pipeline.PipelineStateManager (PipelineStateManager.java:openPipeline(134)) - Pipeline Pipeline[ Id: 7ab3b48d-6381-45de-9844-aa4226b7dccd, Nodes: da274d93-6049-45d1-b7c6-82be225b52d6{ip: 192.168.164.208, host: pr-hdds-2375-t422d-1049308724, networkLocation: /default-rack, certSerialId: null}, Type:RATIS, Factor:ONE, State:OPEN] moved to OPEN state
2019-11-13 21:08:33,084 [da274d93-6049-45d1-b7c6-82be225b52d6@group-AA4226B7DCCD-LeaderElection3] INFO  impl.RaftServerImpl (ServerState.java:setRaftConf(356)) - da274d93-6049-45d1-b7c6-82be225b52d6@group-AA4226B7DCCD: set configuration 0: [da274d93-6049-45d1-b7c6-82be225b52d6:192.168.164.208:38363], old=null at 0
2019-11-13 21:08:33,122 [da274d93-6049-45d1-b7c6-82be225b52d6@group-AA4226B7DCCD-SegmentedRaftLogWorker] INFO  segmented.SegmentedRaftLogWorker (SegmentedRaftLogWorker.java:execute(576)) - da274d93-6049-45d1-b7c6-82be225b52d6@group-AA4226B7DCCD-SegmentedRaftLogWorker: created new log segment /workdir/hadoop-ozone/tools/target/test-dir/MiniOzoneClusterImpl-95b345c6-079a-4279-8b96-6675183ec06f/datanode-0/data/ratis/7ab3b48d-6381-45de-9844-aa4226b7dccd/current/log_inprogress_0
2019-11-13 21:08:33,129 [Thread-220] INFO  impl.FollowerState (FollowerState.java:run(111)) - 05097526-328e-47c3-8e10-f0fc997678ef@group-1F3F8805D859-FollowerState: change to CANDIDATE, lastRpcTime:5142ms, electionTimeout:5142ms
2019-11-13 21:08:33,129 [Thread-220] INFO  impl.RoleInfo (RoleInfo.java:shutdownFollowerState(121)) - 05097526-328e-47c3-8e10-f0fc997678ef: shutdown FollowerState
2019-11-13 21:08:33,129 [Thread-220] INFO  impl.RaftServerImpl (RaftServerImpl.java:setRole(173)) - 05097526-328e-47c3-8e10-f0fc997678ef@group-1F3F8805D859: changes role from  FOLLOWER to CANDIDATE at term 0 for changeToCandidate
2019-11-13 21:08:33,130 [Thread-220] INFO  impl.RoleInfo (RoleInfo.java:updateAndGet(143)) - 05097526-328e-47c3-8e10-f0fc997678ef: start LeaderElection
2019-11-13 21:08:33,145 [05097526-328e-47c3-8e10-f0fc997678ef@group-1F3F8805D859-LeaderElection4] INFO  impl.LeaderElection (LeaderElection.java:askForVotes(178)) - 05097526-328e-47c3-8e10-f0fc997678ef@group-1F3F8805D859-LeaderElection4: begin an election at term 1 for -1: [05097526-328e-47c3-8e10-f0fc997678ef:192.168.164.208:46842], old=null
2019-11-13 21:08:33,145 [05097526-328e-47c3-8e10-f0fc997678ef@group-1F3F8805D859-LeaderElection4] INFO  impl.RoleInfo (RoleInfo.java:shutdownLeaderElection(134)) - 05097526-328e-47c3-8e10-f0fc997678ef: shutdown LeaderElection
2019-11-13 21:08:33,146 [05097526-328e-47c3-8e10-f0fc997678ef@group-1F3F8805D859-LeaderElection4] INFO  impl.RaftServerImpl (RaftServerImpl.java:setRole(173)) - 05097526-328e-47c3-8e10-f0fc997678ef@group-1F3F8805D859: changes role from CANDIDATE to LEADER at term 1 for changeToLeader
2019-11-13 21:08:33,146 [05097526-328e-47c3-8e10-f0fc997678ef@group-1F3F8805D859-LeaderElection4] INFO  ratis.XceiverServerRatis (XceiverServerRatis.java:handleLeaderChangedNotification(697)) - Leader change notification received for group: group-1F3F8805D859 with new leaderId: 05097526-328e-47c3-8e10-f0fc997678ef
2019-11-13 21:08:33,146 [05097526-328e-47c3-8e10-f0fc997678ef@group-1F3F8805D859-LeaderElection4] INFO  impl.RaftServerImpl (ServerState.java:setLeader(255)) - 05097526-328e-47c3-8e10-f0fc997678ef@group-1F3F8805D859: change Leader from null to 05097526-328e-47c3-8e10-f0fc997678ef at term 1 for becomeLeader, leader elected after 5164ms
2019-11-13 21:08:33,146 [05097526-328e-47c3-8e10-f0fc997678ef@group-1F3F8805D859-LeaderElection4] INFO  server.RaftServerConfigKeys (ConfUtils.java:logGet(43)) - raft.server.staging.catchup.gap = 1000 (default)
2019-11-13 21:08:33,146 [05097526-328e-47c3-8e10-f0fc997678ef@group-1F3F8805D859-LeaderElection4] INFO  server.RaftServerConfigKeys (ConfUtils.java:logGet(43)) - raft.server.rpc.sleep.time = 25ms (default)
2019-11-13 21:08:33,146 [05097526-328e-47c3-8e10-f0fc997678ef@group-1F3F8805D859-LeaderElection4] INFO  server.RaftServerConfigKeys (ConfUtils.java:logGet(43)) - raft.server.write.element-limit = 4096 (default)
2019-11-13 21:08:33,146 [05097526-328e-47c3-8e10-f0fc997678ef@group-1F3F8805D859-LeaderElection4] INFO  server.RaftServerConfigKeys (ConfUtils.java:logGet(43)) - raft.server.watch.timeout = 10s (default)
2019-11-13 21:08:33,147 [05097526-328e-47c3-8e10-f0fc997678ef@group-1F3F8805D859-LeaderElection4] INFO  server.RaftServerConfigKeys (ConfUtils.java:logGet(43)) - raft.server.watch.timeout.denomination = 1s (default)
2019-11-13 21:08:33,147 [05097526-328e-47c3-8e10-f0fc997678ef@group-1F3F8805D859-LeaderElection4] INFO  server.RaftServerConfigKeys (ConfUtils.java:logGet(43)) - raft.server.watch.element-limit = 65536 (default)
2019-11-13 21:08:33,148 [05097526-328e-47c3-8e10-f0fc997678ef@group-1F3F8805D859-LeaderElection4] INFO  impl.RoleInfo (RoleInfo.java:updateAndGet(143)) - 05097526-328e-47c3-8e10-f0fc997678ef: start LeaderState
2019-11-13 21:08:33,148 [05097526-328e-47c3-8e10-f0fc997678ef@group-1F3F8805D859-LeaderElection4] INFO  segmented.SegmentedRaftLogWorker (SegmentedRaftLogWorker.java:startLogSegment(385)) - 05097526-328e-47c3-8e10-f0fc997678ef@group-1F3F8805D859-SegmentedRaftLogWorker: Starting segment from index:0
2019-11-13 21:08:33,149 [05097526-328e-47c3-8e10-f0fc997678ef@group-1F3F8805D859-LeaderElection4] INFO  impl.RaftServerImpl (ServerState.java:setRaftConf(356)) - 05097526-328e-47c3-8e10-f0fc997678ef@group-1F3F8805D859: set configuration 0: [05097526-328e-47c3-8e10-f0fc997678ef:192.168.164.208:46842], old=null at 0
2019-11-13 21:08:33,149 [EventQueue-PipelineReportForPipelineReportHandler] INFO  pipeline.PipelineStateManager (PipelineStateManager.java:openPipeline(134)) - Pipeline Pipeline[ Id: 77c01fc5-d64a-4aa2-bc21-1f3f8805d859, Nodes: 05097526-328e-47c3-8e10-f0fc997678ef{ip: 192.168.164.208, host: pr-hdds-2375-t422d-1049308724, networkLocation: /default-rack, certSerialId: null}, Type:RATIS, Factor:ONE, State:OPEN] moved to OPEN state
2019-11-13 21:08:33,183 [05097526-328e-47c3-8e10-f0fc997678ef@group-1F3F8805D859-SegmentedRaftLogWorker] INFO  segmented.SegmentedRaftLogWorker (SegmentedRaftLogWorker.java:execute(576)) - 05097526-328e-47c3-8e10-f0fc997678ef@group-1F3F8805D859-SegmentedRaftLogWorker: created new log segment /workdir/hadoop-ozone/tools/target/test-dir/MiniOzoneClusterImpl-95b345c6-079a-4279-8b96-6675183ec06f/datanode-1/data/ratis/77c01fc5-d64a-4aa2-bc21-1f3f8805d859/current/log_inprogress_0
2019-11-13 21:08:33,521 [main] INFO  ozone.MiniOzoneClusterImpl (MiniOzoneClusterImpl.java:lambda$waitForClusterToBeReady$2(171)) - Cluster is ready. Got 3 of 3 DN Heartbeats.
2019-11-13 21:08:34,358 [main] INFO  freon.RandomKeyGenerator (RandomKeyGenerator.java:call(283)) - Number of Threads: 10
2019-11-13 21:08:34,359 [main] INFO  freon.RandomKeyGenerator (RandomKeyGenerator.java:call(288)) - Number of Volumes: 1.
2019-11-13 21:08:34,359 [main] INFO  freon.RandomKeyGenerator (RandomKeyGenerator.java:call(289)) - Number of Buckets per Volume: 1.
2019-11-13 21:08:34,359 [main] INFO  freon.RandomKeyGenerator (RandomKeyGenerator.java:call(290)) - Number of Keys per Bucket: 1.
2019-11-13 21:08:34,359 [main] INFO  freon.RandomKeyGenerator (RandomKeyGenerator.java:call(291)) - Key size: 20971520 bytes
2019-11-13 21:08:34,359 [main] INFO  freon.RandomKeyGenerator (RandomKeyGenerator.java:call(292)) - Buffer size: 4096 bytes
2019-11-13 21:08:34,359 [main] INFO  freon.RandomKeyGenerator (RandomKeyGenerator.java:call(293)) - validateWrites : true
2019-11-13 21:08:34,361 [main] INFO  freon.RandomKeyGenerator (RandomKeyGenerator.java:call(307)) - Data validation is enabled.
2019-11-13 21:08:34,362 [main] INFO  freon.RandomKeyGenerator (RandomKeyGenerator.java:call(313)) - Starting progress bar Thread.

 0.00% |?                                                                                                    |  0/1 Time: 0:00:002019-11-13 21:08:34,379 [pool-53-thread-1] INFO  rpc.RpcClient (RpcClient.java:createVolume(292)) - Creating Volume: vol-0-76453, with jenkins1000 as owner.
2019-11-13 21:08:34,433 [IPC Server handler 1 on 46118] INFO  volume.OMVolumeCreateRequest (OMVolumeCreateRequest.java:validateAndUpdateCache(193)) - created volume:vol-0-76453 for user:jenkins1000
2019-11-13 21:08:34,484 [pool-53-thread-2] INFO  rpc.RpcClient (RpcClient.java:createBucket(431)) - Creating Bucket: vol-0-76453/bucket-0-54547, with Versioning false and Storage Type set to DISK and Encryption set to false 
2019-11-13 21:08:34,678 [pool-53-thread-3] INFO  impl.MetricsSystemImpl (MetricsSystemImpl.java:init(158)) - XceiverClientMetrics metrics system started (again)
 0.00% |?                                                                                                    |  0/1 Time: 0:00:01 0.00% |?                                                                                                    |  0/1 Time: 0:00:02 100.00% |?????????????????????????????????????????????????????????????????????????????????????????????????????|  1/1 Time: 0:00:03
2019-11-13 21:08:41,834 [main] INFO  pipeline.SCMPipelineManager (SCMPipelineManager.java:finalizeAndDestroyPipeline(315)) - destroying pipeline:Pipeline[ Id: 859fd99a-28fc-4f6f-b650-394e61c2df90, Nodes: 05097526-328e-47c3-8e10-f0fc997678ef{ip: 192.168.164.208, host: pr-hdds-2375-t422d-1049308724, networkLocation: /default-rack, certSerialId: null}da274d93-6049-45d1-b7c6-82be225b52d6{ip: 192.168.164.208, host: pr-hdds-2375-t422d-1049308724, networkLocation: /default-rack, certSerialId: null}7e2f0495-8c73-49bd-ada1-0766a243ea6a{ip: 192.168.164.208, host: pr-hdds-2375-t422d-1049308724, networkLocation: /default-rack, certSerialId: null}, Type:RATIS, Factor:THREE, State:OPEN]
2019-11-13 21:08:41,835 [main] INFO  pipeline.PipelineStateManager (PipelineStateManager.java:finalizePipeline(121)) - Pipeline Pipeline[ Id: 859fd99a-28fc-4f6f-b650-394e61c2df90, Nodes: 05097526-328e-47c3-8e10-f0fc997678ef{ip: 192.168.164.208, host: pr-hdds-2375-t422d-1049308724, networkLocation: /default-rack, certSerialId: null}da274d93-6049-45d1-b7c6-82be225b52d6{ip: 192.168.164.208, host: pr-hdds-2375-t422d-1049308724, networkLocation: /default-rack, certSerialId: null}7e2f0495-8c73-49bd-ada1-0766a243ea6a{ip: 192.168.164.208, host: pr-hdds-2375-t422d-1049308724, networkLocation: /default-rack, certSerialId: null}, Type:RATIS, Factor:THREE, State:CLOSED] moved to CLOSED state
2019-11-13 21:08:41,836 [EventQueue-CloseContainerForCloseContainerEventHandler] INFO  container.CloseContainerEventHandler (CloseContainerEventHandler.java:onMessage(61)) - Close container Event triggered for container : #1
2019-11-13 21:08:41,842 [EventQueue-CloseContainerForCloseContainerEventHandler] INFO  container.CloseContainerEventHandler (CloseContainerEventHandler.java:onMessage(61)) - Close container Event triggered for container : #2
2019-11-13 21:08:41,846 [grpc-default-executor-2] INFO  impl.RaftServerProxy (RaftServerProxy.java:remove(95)) - 05097526-328e-47c3-8e10-f0fc997678ef: remove    LEADER 05097526-328e-47c3-8e10-f0fc997678ef@group-394E61C2DF90:t1, leader=05097526-328e-47c3-8e10-f0fc997678ef, voted=05097526-328e-47c3-8e10-f0fc997678ef, raftlog=05097526-328e-47c3-8e10-f0fc997678ef@group-394E61C2DF90-SegmentedRaftLog:OPENED:c76,f76,i76, conf=0: [05097526-328e-47c3-8e10-f0fc997678ef:192.168.164.208:46842, 7e2f0495-8c73-49bd-ada1-0766a243ea6a:192.168.164.208:43501, da274d93-6049-45d1-b7c6-82be225b52d6:192.168.164.208:38363], old=null RUNNING
2019-11-13 21:08:41,847 [grpc-default-executor-2] INFO  impl.RaftServerImpl (RaftServerImpl.java:lambda$shutdown$3(250)) - 05097526-328e-47c3-8e10-f0fc997678ef@group-394E61C2DF90: shutdown
2019-11-13 21:08:41,848 [grpc-default-executor-2] INFO  util.JmxRegister (JmxRegister.java:unregister(73)) - Successfully un-registered JMX Bean with object name Ratis:service=RaftServer,group=group-394E61C2DF90,id=05097526-328e-47c3-8e10-f0fc997678ef
2019-11-13 21:08:41,848 [grpc-default-executor-2] INFO  impl.RoleInfo (RoleInfo.java:shutdownLeaderState(104)) - 05097526-328e-47c3-8e10-f0fc997678ef: shutdown LeaderState
2019-11-13 21:08:41,851 [org.apache.ratis.server.impl.LogAppender$AppenderDaemon$$Lambda$402/173672365@12f6e16d] WARN  server.GrpcLogAppender (GrpcLogAppender.java:mayWait(151)) - 05097526-328e-47c3-8e10-f0fc997678ef@group-394E61C2DF90->da274d93-6049-45d1-b7c6-82be225b52d6-GrpcLogAppender: Wait interrupted by java.lang.InterruptedException
2019-11-13 21:08:41,853 [grpc-default-executor-2] INFO  impl.PendingRequests (PendingRequests.java:sendNotLeaderResponses(206)) - 05097526-328e-47c3-8e10-f0fc997678ef@group-394E61C2DF90-PendingRequests: sendNotLeaderResponses
2019-11-13 21:08:41,852 [org.apache.ratis.server.impl.LogAppender$AppenderDaemon$$Lambda$402/173672365@2f121def] WARN  server.GrpcLogAppender (GrpcLogAppender.java:mayWait(151)) - 05097526-328e-47c3-8e10-f0fc997678ef@group-394E61C2DF90->7e2f0495-8c73-49bd-ada1-0766a243ea6a-GrpcLogAppender: Wait interrupted by java.lang.InterruptedException
2019-11-13 21:08:41,854 [EventQueue-CloseContainerForCloseContainerEventHandler] INFO  container.CloseContainerEventHandler (CloseContainerEventHandler.java:onMessage(61)) - Close container Event triggered for container : #3
2019-11-13 21:08:41,857 [grpc-default-executor-3] INFO  server.GrpcServerProtocolService (GrpcServerProtocolService.java:onCompleted(113)) - 7e2f0495-8c73-49bd-ada1-0766a243ea6a: Completed APPEND_ENTRIES, lastRequest: 05097526-328e-47c3-8e10-f0fc997678ef->7e2f0495-8c73-49bd-ada1-0766a243ea6a#79-t1, previous=(t:1, i:76), leaderCommit=76, initializing? false, entries: <empty>
2019-11-13 21:08:41,857 [grpc-default-executor-1] INFO  server.GrpcServerProtocolService (GrpcServerProtocolService.java:onCompleted(113)) - da274d93-6049-45d1-b7c6-82be225b52d6: Completed APPEND_ENTRIES, lastRequest: 05097526-328e-47c3-8e10-f0fc997678ef->da274d93-6049-45d1-b7c6-82be225b52d6#79-t1, previous=(t:1, i:76), leaderCommit=76, initializing? false, entries: <empty>
2019-11-13 21:08:41,859 [grpc-default-executor-2] INFO  impl.StateMachineUpdater (StateMachineUpdater.java:stopAndJoin(136)) - 05097526-328e-47c3-8e10-f0fc997678ef@group-394E61C2DF90-StateMachineUpdater: set stopIndex = 76
2019-11-13 21:08:41,859 [05097526-328e-47c3-8e10-f0fc997678ef@group-394E61C2DF90-StateMachineUpdater] INFO  ratis.ContainerStateMachine (ContainerStateMachine.java:takeSnapshot(285)) - group-394E61C2DF90: Taking a snapshot at:(t:1, i:74) file /workdir/hadoop-ozone/tools/target/test-dir/MiniOzoneClusterImpl-95b345c6-079a-4279-8b96-6675183ec06f/datanode-1/data/ratis/859fd99a-28fc-4f6f-b650-394e61c2df90/sm/snapshot.1_74
2019-11-13 21:08:41,861 [grpc-default-executor-1] INFO  server.GrpcLogAppender (GrpcLogAppender.java:onCompleted(308)) - 05097526-328e-47c3-8e10-f0fc997678ef@group-394E61C2DF90->da274d93-6049-45d1-b7c6-82be225b52d6-AppendLogResponseHandler: follower responses appendEntries COMPLETED
2019-11-13 21:08:41,861 [grpc-default-executor-3] INFO  server.GrpcLogAppender (GrpcLogAppender.java:onCompleted(308)) - 05097526-328e-47c3-8e10-f0fc997678ef@group-394E61C2DF90->7e2f0495-8c73-49bd-ada1-0766a243ea6a-AppendLogResponseHandler: follower responses appendEntries COMPLETED
2019-11-13 21:08:41,867 [grpc-default-executor-3] INFO  impl.FollowerInfo (FollowerInfo.java:lambda$new$0(51)) - 05097526-328e-47c3-8e10-f0fc997678ef@group-394E61C2DF90->7e2f0495-8c73-49bd-ada1-0766a243ea6a: nextIndex: updateUnconditionally 77 -> 76
2019-11-13 21:08:41,867 [grpc-default-executor-1] INFO  impl.FollowerInfo (FollowerInfo.java:lambda$new$0(51)) - 05097526-328e-47c3-8e10-f0fc997678ef@group-394E61C2DF90->da274d93-6049-45d1-b7c6-82be225b52d6: nextIndex: updateUnconditionally 77 -> 76
2019-11-13 21:08:41,893 [05097526-328e-47c3-8e10-f0fc997678ef@group-394E61C2DF90-StateMachineUpdater] INFO  ratis.ContainerStateMachine (ContainerStateMachine.java:takeSnapshot(296)) - group-394E61C2DF90: Finished taking a snapshot at:(t:1, i:74) file:/workdir/hadoop-ozone/tools/target/test-dir/MiniOzoneClusterImpl-95b345c6-079a-4279-8b96-6675183ec06f/datanode-1/data/ratis/859fd99a-28fc-4f6f-b650-394e61c2df90/sm/snapshot.1_74 time:34
2019-11-13 21:08:41,894 [05097526-328e-47c3-8e10-f0fc997678ef@group-394E61C2DF90-StateMachineUpdater] INFO  impl.StateMachineUpdater (StateMachineUpdater.java:takeSnapshot(269)) - 05097526-328e-47c3-8e10-f0fc997678ef@group-394E61C2DF90-StateMachineUpdater: Took a snapshot at index 74
2019-11-13 21:08:41,895 [05097526-328e-47c3-8e10-f0fc997678ef@group-394E61C2DF90-StateMachineUpdater] INFO  impl.StateMachineUpdater (StateMachineUpdater.java:lambda$new$0(84)) - 05097526-328e-47c3-8e10-f0fc997678ef@group-394E61C2DF90-StateMachineUpdater: snapshotIndex: updateIncreasingly -1 -> 74
2019-11-13 21:08:41,898 [05097526-328e-47c3-8e10-f0fc997678ef@group-394E61C2DF90-StateMachineUpdater] INFO  ratis.ContainerStateMachine (ContainerStateMachine.java:takeSnapshot(285)) - group-394E61C2DF90: Taking a snapshot at:(t:1, i:74) file /workdir/hadoop-ozone/tools/target/test-dir/MiniOzoneClusterImpl-95b345c6-079a-4279-8b96-6675183ec06f/datanode-1/data/ratis/859fd99a-28fc-4f6f-b650-394e61c2df90/sm/snapshot.1_74
2019-11-13 21:08:41,911 [05097526-328e-47c3-8e10-f0fc997678ef@group-394E61C2DF90-StateMachineUpdater] INFO  ratis.ContainerStateMachine (ContainerStateMachine.java:takeSnapshot(296)) - group-394E61C2DF90: Finished taking a snapshot at:(t:1, i:74) file:/workdir/hadoop-ozone/tools/target/test-dir/MiniOzoneClusterImpl-95b345c6-079a-4279-8b96-6675183ec06f/datanode-1/data/ratis/859fd99a-28fc-4f6f-b650-394e61c2df90/sm/snapshot.1_74 time:13
2019-11-13 21:08:41,911 [05097526-328e-47c3-8e10-f0fc997678ef@group-394E61C2DF90-StateMachineUpdater] INFO  impl.StateMachineUpdater (StateMachineUpdater.java:takeSnapshot(269)) - 05097526-328e-47c3-8e10-f0fc997678ef@group-394E61C2DF90-StateMachineUpdater: Took a snapshot at index 74
2019-11-13 21:08:41,911 [05097526-328e-47c3-8e10-f0fc997678ef@group-394E61C2DF90-StateMachineUpdater] INFO  impl.StateMachineUpdater (StateMachineUpdater.java:lambda$new$0(84)) - 05097526-328e-47c3-8e10-f0fc997678ef@group-394E61C2DF90-StateMachineUpdater: snapshotIndex: updateIncreasingly 74 -> 74
2019-11-13 21:08:41,911 [grpc-default-executor-2] INFO  impl.RaftServerImpl (ServerState.java:close(387)) - 05097526-328e-47c3-8e10-f0fc997678ef@group-394E61C2DF90: closes. applyIndex: 76
2019-11-13 21:08:41,912 [05097526-328e-47c3-8e10-f0fc997678ef@group-394E61C2DF90-SegmentedRaftLogWorker] INFO  segmented.SegmentedRaftLogWorker (SegmentedRaftLogWorker.java:run(316)) - 05097526-328e-47c3-8e10-f0fc997678ef@group-394E61C2DF90-SegmentedRaftLogWorker was interrupted, exiting. There are 0 tasks remaining in the queue.
2019-11-13 21:08:41,914 [grpc-default-executor-2] INFO  segmented.SegmentedRaftLogWorker (SegmentedRaftLogWorker.java:close(224)) - 05097526-328e-47c3-8e10-f0fc997678ef@group-394E61C2DF90-SegmentedRaftLogWorker close()
2019-11-13 21:08:41,960 [grpc-default-executor-2] INFO  interfaces.Container (KeyValueContainer.java:flushAndSyncDB(400)) - Container 1 is synced with bcsId 58.
2019-11-13 21:08:41,960 [grpc-default-executor-2] INFO  interfaces.Container (KeyValueContainer.java:flushAndSyncDB(400)) - Container 1 is synced with bcsId 58.
2019-11-13 21:08:41,982 [EventQueue-IncrementalContainerReportForIncrementalContainerReportHandler] INFO  container.IncrementalContainerReportHandler (AbstractContainerReportHandler.java:updateContainerState(171)) - Moving container #1 to QUASI_CLOSED state, datanode 05097526-328e-47c3-8e10-f0fc997678ef{ip: 192.168.164.208, host: pr-hdds-2375-t422d-1049308724, networkLocation: /default-rack, certSerialId: null} reported QUASI_CLOSED replica.
2019-11-13 21:08:42,013 [grpc-default-executor-2] INFO  interfaces.Container (KeyValueContainer.java:flushAndSyncDB(400)) - Container 2 is synced with bcsId 74.
2019-11-13 21:08:42,013 [grpc-default-executor-2] INFO  interfaces.Container (KeyValueContainer.java:flushAndSyncDB(400)) - Container 2 is synced with bcsId 74.
2019-11-13 21:08:42,030 [EventQueue-IncrementalContainerReportForIncrementalContainerReportHandler] INFO  container.IncrementalContainerReportHandler (AbstractContainerReportHandler.java:updateContainerState(171)) - Moving container #2 to QUASI_CLOSED state, datanode 05097526-328e-47c3-8e10-f0fc997678ef{ip: 192.168.164.208, host: pr-hdds-2375-t422d-1049308724, networkLocation: /default-rack, certSerialId: null} reported QUASI_CLOSED replica.
2019-11-13 21:08:42,066 [grpc-default-executor-2] INFO  interfaces.Container (KeyValueContainer.java:flushAndSyncDB(400)) - Container 3 is synced with bcsId 40.
2019-11-13 21:08:42,066 [grpc-default-executor-2] INFO  interfaces.Container (KeyValueContainer.java:flushAndSyncDB(400)) - Container 3 is synced with bcsId 40.
2019-11-13 21:08:42,083 [EventQueue-IncrementalContainerReportForIncrementalContainerReportHandler] INFO  container.IncrementalContainerReportHandler (AbstractContainerReportHandler.java:updateContainerState(171)) - Moving container #3 to QUASI_CLOSED state, datanode 05097526-328e-47c3-8e10-f0fc997678ef{ip: 192.168.164.208, host: pr-hdds-2375-t422d-1049308724, networkLocation: /default-rack, certSerialId: null} reported QUASI_CLOSED replica.
2019-11-13 21:08:42,094 [grpc-default-executor-2] INFO  impl.RaftServerProxy (RaftServerProxy.java:remove(95)) - da274d93-6049-45d1-b7c6-82be225b52d6: remove  FOLLOWER da274d93-6049-45d1-b7c6-82be225b52d6@group-394E61C2DF90:t1, leader=05097526-328e-47c3-8e10-f0fc997678ef, voted=05097526-328e-47c3-8e10-f0fc997678ef, raftlog=da274d93-6049-45d1-b7c6-82be225b52d6@group-394E61C2DF90-SegmentedRaftLog:OPENED:c76,f76,i76, conf=0: [05097526-328e-47c3-8e10-f0fc997678ef:192.168.164.208:46842, 7e2f0495-8c73-49bd-ada1-0766a243ea6a:192.168.164.208:43501, da274d93-6049-45d1-b7c6-82be225b52d6:192.168.164.208:38363], old=null RUNNING
2019-11-13 21:08:42,095 [grpc-default-executor-2] INFO  impl.RaftServerImpl (RaftServerImpl.java:lambda$shutdown$3(250)) - da274d93-6049-45d1-b7c6-82be225b52d6@group-394E61C2DF90: shutdown
2019-11-13 21:08:42,095 [grpc-default-executor-2] INFO  util.JmxRegister (JmxRegister.java:unregister(73)) - Successfully un-registered JMX Bean with object name Ratis:service=RaftServer,group=group-394E61C2DF90,id=da274d93-6049-45d1-b7c6-82be225b52d6
2019-11-13 21:08:42,095 [grpc-default-executor-2] INFO  impl.RoleInfo (RoleInfo.java:shutdownFollowerState(121)) - da274d93-6049-45d1-b7c6-82be225b52d6: shutdown FollowerState
2019-11-13 21:08:42,095 [grpc-default-executor-2] INFO  impl.StateMachineUpdater (StateMachineUpdater.java:stopAndJoin(136)) - da274d93-6049-45d1-b7c6-82be225b52d6@group-394E61C2DF90-StateMachineUpdater: set stopIndex = 76
2019-11-13 21:08:42,095 [da274d93-6049-45d1-b7c6-82be225b52d6@group-394E61C2DF90-StateMachineUpdater] INFO  ratis.ContainerStateMachine (ContainerStateMachine.java:takeSnapshot(285)) - group-394E61C2DF90: Taking a snapshot at:(t:1, i:74) file /workdir/hadoop-ozone/tools/target/test-dir/MiniOzoneClusterImpl-95b345c6-079a-4279-8b96-6675183ec06f/datanode-0/data/ratis/859fd99a-28fc-4f6f-b650-394e61c2df90/sm/snapshot.1_74
2019-11-13 21:08:42,095 [Thread-228] INFO  impl.FollowerState (FollowerState.java:run(120)) - da274d93-6049-45d1-b7c6-82be225b52d6@group-394E61C2DF90-FollowerState was interrupted: java.lang.InterruptedException: sleep interrupted
2019-11-13 21:08:42,110 [da274d93-6049-45d1-b7c6-82be225b52d6@group-394E61C2DF90-StateMachineUpdater] INFO  ratis.ContainerStateMachine (ContainerStateMachine.java:takeSnapshot(296)) - group-394E61C2DF90: Finished taking a snapshot at:(t:1, i:74) file:/workdir/hadoop-ozone/tools/target/test-dir/MiniOzoneClusterImpl-95b345c6-079a-4279-8b96-6675183ec06f/datanode-0/data/ratis/859fd99a-28fc-4f6f-b650-394e61c2df90/sm/snapshot.1_74 time:14
2019-11-13 21:08:42,110 [da274d93-6049-45d1-b7c6-82be225b52d6@group-394E61C2DF90-StateMachineUpdater] INFO  impl.StateMachineUpdater (StateMachineUpdater.java:takeSnapshot(269)) - da274d93-6049-45d1-b7c6-82be225b52d6@group-394E61C2DF90-StateMachineUpdater: Took a snapshot at index 74
2019-11-13 21:08:42,110 [da274d93-6049-45d1-b7c6-82be225b52d6@group-394E61C2DF90-StateMachineUpdater] INFO  impl.StateMachineUpdater (StateMachineUpdater.java:lambda$new$0(84)) - da274d93-6049-45d1-b7c6-82be225b52d6@group-394E61C2DF90-StateMachineUpdater: snapshotIndex: updateIncreasingly -1 -> 74
2019-11-13 21:08:42,111 [da274d93-6049-45d1-b7c6-82be225b52d6@group-394E61C2DF90-StateMachineUpdater] INFO  ratis.ContainerStateMachine (ContainerStateMachine.java:takeSnapshot(285)) - group-394E61C2DF90: Taking a snapshot at:(t:1, i:74) file /workdir/hadoop-ozone/tools/target/test-dir/MiniOzoneClusterImpl-95b345c6-079a-4279-8b96-6675183ec06f/datanode-0/data/ratis/859fd99a-28fc-4f6f-b650-394e61c2df90/sm/snapshot.1_74
2019-11-13 21:08:42,123 [da274d93-6049-45d1-b7c6-82be225b52d6@group-394E61C2DF90-StateMachineUpdater] INFO  ratis.ContainerStateMachine (ContainerStateMachine.java:takeSnapshot(296)) - group-394E61C2DF90: Finished taking a snapshot at:(t:1, i:74) file:/workdir/hadoop-ozone/tools/target/test-dir/MiniOzoneClusterImpl-95b345c6-079a-4279-8b96-6675183ec06f/datanode-0/data/ratis/859fd99a-28fc-4f6f-b650-394e61c2df90/sm/snapshot.1_74 time:12
2019-11-13 21:08:42,124 [da274d93-6049-45d1-b7c6-82be225b52d6@group-394E61C2DF90-StateMachineUpdater] INFO  impl.StateMachineUpdater (StateMachineUpdater.java:takeSnapshot(269)) - da274d93-6049-45d1-b7c6-82be225b52d6@group-394E61C2DF90-StateMachineUpdater: Took a snapshot at index 74
2019-11-13 21:08:42,124 [da274d93-6049-45d1-b7c6-82be225b52d6@group-394E61C2DF90-StateMachineUpdater] INFO  impl.StateMachineUpdater (StateMachineUpdater.java:lambda$new$0(84)) - da274d93-6049-45d1-b7c6-82be225b52d6@group-394E61C2DF90-StateMachineUpdater: snapshotIndex: updateIncreasingly 74 -> 74
2019-11-13 21:08:42,124 [grpc-default-executor-2] INFO  impl.RaftServerImpl (ServerState.java:close(387)) - da274d93-6049-45d1-b7c6-82be225b52d6@group-394E61C2DF90: closes. applyIndex: 76
2019-11-13 21:08:42,125 [da274d93-6049-45d1-b7c6-82be225b52d6@group-394E61C2DF90-SegmentedRaftLogWorker] INFO  segmented.SegmentedRaftLogWorker (SegmentedRaftLogWorker.java:run(316)) - da274d93-6049-45d1-b7c6-82be225b52d6@group-394E61C2DF90-SegmentedRaftLogWorker was interrupted, exiting. There are 0 tasks remaining in the queue.
2019-11-13 21:08:42,126 [grpc-default-executor-2] INFO  segmented.SegmentedRaftLogWorker (SegmentedRaftLogWorker.java:close(224)) - da274d93-6049-45d1-b7c6-82be225b52d6@group-394E61C2DF90-SegmentedRaftLogWorker close()
2019-11-13 21:08:42,168 [grpc-default-executor-2] INFO  interfaces.Container (KeyValueContainer.java:flushAndSyncDB(400)) - Container 1 is synced with bcsId 58.
2019-11-13 21:08:42,169 [grpc-default-executor-2] INFO  interfaces.Container (KeyValueContainer.java:flushAndSyncDB(400)) - Container 1 is synced with bcsId 58.
2019-11-13 21:08:42,220 [grpc-default-executor-2] INFO  interfaces.Container (KeyValueContainer.java:flushAndSyncDB(400)) - Container 2 is synced with bcsId 74.
2019-11-13 21:08:42,220 [grpc-default-executor-2] INFO  interfaces.Container (KeyValueContainer.java:flushAndSyncDB(400)) - Container 2 is synced with bcsId 74.
2019-11-13 21:08:42,277 [grpc-default-executor-2] INFO  interfaces.Container (KeyValueContainer.java:flushAndSyncDB(400)) - Container 3 is synced with bcsId 40.
2019-11-13 21:08:42,278 [grpc-default-executor-2] INFO  interfaces.Container (KeyValueContainer.java:flushAndSyncDB(400)) - Container 3 is synced with bcsId 40.
2019-11-13 21:08:42,305 [grpc-default-executor-2] INFO  impl.RaftServerProxy (RaftServerProxy.java:remove(95)) - 7e2f0495-8c73-49bd-ada1-0766a243ea6a: remove  FOLLOWER 7e2f0495-8c73-49bd-ada1-0766a243ea6a@group-394E61C2DF90:t1, leader=05097526-328e-47c3-8e10-f0fc997678ef, voted=05097526-328e-47c3-8e10-f0fc997678ef, raftlog=7e2f0495-8c73-49bd-ada1-0766a243ea6a@group-394E61C2DF90-SegmentedRaftLog:OPENED:c76,f76,i76, conf=0: [05097526-328e-47c3-8e10-f0fc997678ef:192.168.164.208:46842, 7e2f0495-8c73-49bd-ada1-0766a243ea6a:192.168.164.208:43501, da274d93-6049-45d1-b7c6-82be225b52d6:192.168.164.208:38363], old=null RUNNING
2019-11-13 21:08:42,305 [grpc-default-executor-2] INFO  impl.RaftServerImpl (RaftServerImpl.java:lambda$shutdown$3(250)) - 7e2f0495-8c73-49bd-ada1-0766a243ea6a@group-394E61C2DF90: shutdown
2019-11-13 21:08:42,305 [grpc-default-executor-2] INFO  util.JmxRegister (JmxRegister.java:unregister(73)) - Successfully un-registered JMX Bean with object name Ratis:service=RaftServer,group=group-394E61C2DF90,id=7e2f0495-8c73-49bd-ada1-0766a243ea6a
2019-11-13 21:08:42,306 [grpc-default-executor-2] INFO  impl.RoleInfo (RoleInfo.java:shutdownFollowerState(121)) - 7e2f0495-8c73-49bd-ada1-0766a243ea6a: shutdown FollowerState
2019-11-13 21:08:42,306 [grpc-default-executor-2] INFO  impl.StateMachineUpdater (StateMachineUpdater.java:stopAndJoin(136)) - 7e2f0495-8c73-49bd-ada1-0766a243ea6a@group-394E61C2DF90-StateMachineUpdater: set stopIndex = 76
2019-11-13 21:08:42,306 [Thread-227] INFO  impl.FollowerState (FollowerState.java:run(120)) - 7e2f0495-8c73-49bd-ada1-0766a243ea6a@group-394E61C2DF90-FollowerState was interrupted: java.lang.InterruptedException: sleep interrupted
2019-11-13 21:08:42,306 [7e2f0495-8c73-49bd-ada1-0766a243ea6a@group-394E61C2DF90-StateMachineUpdater] INFO  ratis.ContainerStateMachine (ContainerStateMachine.java:takeSnapshot(285)) - group-394E61C2DF90: Taking a snapshot at:(t:1, i:74) file /workdir/hadoop-ozone/tools/target/test-dir/MiniOzoneClusterImpl-95b345c6-079a-4279-8b96-6675183ec06f/datanode-2/data/ratis/859fd99a-28fc-4f6f-b650-394e61c2df90/sm/snapshot.1_74
2019-11-13 21:08:42,321 [7e2f0495-8c73-49bd-ada1-0766a243ea6a@group-394E61C2DF90-StateMachineUpdater] INFO  ratis.ContainerStateMachine (ContainerStateMachine.java:takeSnapshot(296)) - group-394E61C2DF90: Finished taking a snapshot at:(t:1, i:74) file:/workdir/hadoop-ozone/tools/target/test-dir/MiniOzoneClusterImpl-95b345c6-079a-4279-8b96-6675183ec06f/datanode-2/data/ratis/859fd99a-28fc-4f6f-b650-394e61c2df90/sm/snapshot.1_74 time:15
2019-11-13 21:08:42,321 [7e2f0495-8c73-49bd-ada1-0766a243ea6a@group-394E61C2DF90-StateMachineUpdater] INFO  impl.StateMachineUpdater (StateMachineUpdater.java:takeSnapshot(269)) - 7e2f0495-8c73-49bd-ada1-0766a243ea6a@group-394E61C2DF90-StateMachineUpdater: Took a snapshot at index 74
2019-11-13 21:08:42,321 [7e2f0495-8c73-49bd-ada1-0766a243ea6a@group-394E61C2DF90-StateMachineUpdater] INFO  impl.StateMachineUpdater (StateMachineUpdater.java:lambda$new$0(84)) - 7e2f0495-8c73-49bd-ada1-0766a243ea6a@group-394E61C2DF90-StateMachineUpdater: snapshotIndex: updateIncreasingly -1 -> 74
2019-11-13 21:08:42,322 [7e2f0495-8c73-49bd-ada1-0766a243ea6a@group-394E61C2DF90-StateMachineUpdater] INFO  ratis.ContainerStateMachine (ContainerStateMachine.java:takeSnapshot(285)) - group-394E61C2DF90: Taking a snapshot at:(t:1, i:74) file /workdir/hadoop-ozone/tools/target/test-dir/MiniOzoneClusterImpl-95b345c6-079a-4279-8b96-6675183ec06f/datanode-2/data/ratis/859fd99a-28fc-4f6f-b650-394e61c2df90/sm/snapshot.1_74
2019-11-13 21:08:42,334 [7e2f0495-8c73-49bd-ada1-0766a243ea6a@group-394E61C2DF90-StateMachineUpdater] INFO  ratis.ContainerStateMachine (ContainerStateMachine.java:takeSnapshot(296)) - group-394E61C2DF90: Finished taking a snapshot at:(t:1, i:74) file:/workdir/hadoop-ozone/tools/target/test-dir/MiniOzoneClusterImpl-95b345c6-079a-4279-8b96-6675183ec06f/datanode-2/data/ratis/859fd99a-28fc-4f6f-b650-394e61c2df90/sm/snapshot.1_74 time:13
2019-11-13 21:08:42,335 [7e2f0495-8c73-49bd-ada1-0766a243ea6a@group-394E61C2DF90-StateMachineUpdater] INFO  impl.StateMachineUpdater (StateMachineUpdater.java:takeSnapshot(269)) - 7e2f0495-8c73-49bd-ada1-0766a243ea6a@group-394E61C2DF90-StateMachineUpdater: Took a snapshot at index 74
2019-11-13 21:08:42,335 [7e2f0495-8c73-49bd-ada1-0766a243ea6a@group-394E61C2DF90-StateMachineUpdater] INFO  impl.StateMachineUpdater (StateMachineUpdater.java:lambda$new$0(84)) - 7e2f0495-8c73-49bd-ada1-0766a243ea6a@group-394E61C2DF90-StateMachineUpdater: snapshotIndex: updateIncreasingly 74 -> 74
2019-11-13 21:08:42,335 [grpc-default-executor-2] INFO  impl.RaftServerImpl (ServerState.java:close(387)) - 7e2f0495-8c73-49bd-ada1-0766a243ea6a@group-394E61C2DF90: closes. applyIndex: 76
2019-11-13 21:08:42,336 [7e2f0495-8c73-49bd-ada1-0766a243ea6a@group-394E61C2DF90-SegmentedRaftLogWorker] INFO  segmented.SegmentedRaftLogWorker (SegmentedRaftLogWorker.java:run(316)) - 7e2f0495-8c73-49bd-ada1-0766a243ea6a@group-394E61C2DF90-SegmentedRaftLogWorker was interrupted, exiting. There are 0 tasks remaining in the queue.
2019-11-13 21:08:42,337 [grpc-default-executor-2] INFO  segmented.SegmentedRaftLogWorker (SegmentedRaftLogWorker.java:close(224)) - 7e2f0495-8c73-49bd-ada1-0766a243ea6a@group-394E61C2DF90-SegmentedRaftLogWorker close()
2019-11-13 21:08:42,380 [grpc-default-executor-2] INFO  interfaces.Container (KeyValueContainer.java:flushAndSyncDB(400)) - Container 1 is synced with bcsId 58.
2019-11-13 21:08:42,380 [grpc-default-executor-2] INFO  interfaces.Container (KeyValueContainer.java:flushAndSyncDB(400)) - Container 1 is synced with bcsId 58.
2019-11-13 21:08:42,435 [grpc-default-executor-2] INFO  interfaces.Container (KeyValueContainer.java:flushAndSyncDB(400)) - Container 2 is synced with bcsId 74.
2019-11-13 21:08:42,435 [grpc-default-executor-2] INFO  interfaces.Container (KeyValueContainer.java:flushAndSyncDB(400)) - Container 2 is synced with bcsId 74.
2019-11-13 21:08:42,477 [grpc-default-executor-2] INFO  interfaces.Container (KeyValueContainer.java:flushAndSyncDB(400)) - Container 3 is synced with bcsId 40.
2019-11-13 21:08:42,478 [grpc-default-executor-2] INFO  interfaces.Container (KeyValueContainer.java:flushAndSyncDB(400)) - Container 3 is synced with bcsId 40.
2019-11-13 21:08:42,497 [main] INFO  pipeline.PipelineStateManager (PipelineStateManager.java:removePipeline(106)) - Pipeline Pipeline[ Id: 859fd99a-28fc-4f6f-b650-394e61c2df90, Nodes: 05097526-328e-47c3-8e10-f0fc997678ef{ip: 192.168.164.208, host: pr-hdds-2375-t422d-1049308724, networkLocation: /default-rack, certSerialId: null}da274d93-6049-45d1-b7c6-82be225b52d6{ip: 192.168.164.208, host: pr-hdds-2375-t422d-1049308724, networkLocation: /default-rack, certSerialId: null}7e2f0495-8c73-49bd-ada1-0766a243ea6a{ip: 192.168.164.208, host: pr-hdds-2375-t422d-1049308724, networkLocation: /default-rack, certSerialId: null}, Type:RATIS, Factor:THREE, State:CLOSED] removed from db
2019-11-13 21:08:42,510 [grpc-default-executor-1] INFO  impl.RaftServerProxy (RaftServerProxy.java:addNew(89)) - 05097526-328e-47c3-8e10-f0fc997678ef: addNew group-B4FB9C29ED77:[05097526-328e-47c3-8e10-f0fc997678ef:192.168.164.208:46842, 7e2f0495-8c73-49bd-ada1-0766a243ea6a:192.168.164.208:43501, da274d93-6049-45d1-b7c6-82be225b52d6:192.168.164.208:38363] returns group-B4FB9C29ED77:java.util.concurrent.CompletableFuture@3d8e7190[Not completed]
2019-11-13 21:08:42,511 [grpc-default-executor-1] INFO  impl.RaftServerProxy (RaftServerProxy.java:addNew(89)) - 7e2f0495-8c73-49bd-ada1-0766a243ea6a: addNew group-B4FB9C29ED77:[05097526-328e-47c3-8e10-f0fc997678ef:192.168.164.208:46842, 7e2f0495-8c73-49bd-ada1-0766a243ea6a:192.168.164.208:43501, da274d93-6049-45d1-b7c6-82be225b52d6:192.168.164.208:38363] returns group-B4FB9C29ED77:java.util.concurrent.CompletableFuture@74f3a040[Not completed]
2019-11-13 21:08:42,513 [grpc-default-executor-1] INFO  impl.RaftServerProxy (RaftServerProxy.java:addNew(89)) - da274d93-6049-45d1-b7c6-82be225b52d6: addNew group-B4FB9C29ED77:[05097526-328e-47c3-8e10-f0fc997678ef:192.168.164.208:46842, 7e2f0495-8c73-49bd-ada1-0766a243ea6a:192.168.164.208:43501, da274d93-6049-45d1-b7c6-82be225b52d6:192.168.164.208:38363] returns group-B4FB9C29ED77:java.util.concurrent.CompletableFuture@380f5b03[Not completed]
2019-11-13 21:08:42,513 [pool-37-thread-1] INFO  impl.RaftServerImpl (RaftServerImpl.java:<init>(98)) - 05097526-328e-47c3-8e10-f0fc997678ef: new RaftServerImpl for group-B4FB9C29ED77:[05097526-328e-47c3-8e10-f0fc997678ef:192.168.164.208:46842, 7e2f0495-8c73-49bd-ada1-0766a243ea6a:192.168.164.208:43501, da274d93-6049-45d1-b7c6-82be225b52d6:192.168.164.208:38363] with ContainerStateMachine:uninitialized
2019-11-13 21:08:42,514 [pool-37-thread-1] INFO  server.RaftServerConfigKeys (ConfUtils.java:logGet(43)) - raft.server.rpc.timeout.min = 5s (custom)
2019-11-13 21:08:42,514 [pool-37-thread-1] INFO  server.RaftServerConfigKeys (ConfUtils.java:logGet(43)) - raft.server.rpc.timeout.max = 5200ms (custom)
2019-11-13 21:08:42,514 [pool-37-thread-1] INFO  server.RaftServerConfigKeys (ConfUtils.java:logGet(43)) - raft.server.rpcslowness.timeout = 120s (custom)
2019-11-13 21:08:42,515 [pool-37-thread-1] INFO  server.RaftServerConfigKeys (ConfUtils.java:logGet(43)) - raft.server.sleep.deviation.threshold = 300 (default)
2019-11-13 21:08:42,515 [pool-37-thread-1] INFO  server.RaftServerConfigKeys (ConfUtils.java:logGet(43)) - raft.server.log.appender.install.snapshot.enabled = false (custom)
2019-11-13 21:08:42,515 [pool-37-thread-1] INFO  impl.RaftServerImpl (ServerState.java:<init>(103)) - 05097526-328e-47c3-8e10-f0fc997678ef@group-B4FB9C29ED77: ConfigurationManager, init=-1: [05097526-328e-47c3-8e10-f0fc997678ef:192.168.164.208:46842, 7e2f0495-8c73-49bd-ada1-0766a243ea6a:192.168.164.208:43501, da274d93-6049-45d1-b7c6-82be225b52d6:192.168.164.208:38363], old=null, confs=<EMPTY_MAP>
2019-11-13 21:08:42,515 [pool-37-thread-1] INFO  server.RaftServerConfigKeys (ConfUtils.java:logGet(43)) - raft.server.storage.dir = [/workdir/hadoop-ozone/tools/target/test-dir/MiniOzoneClusterImpl-95b345c6-079a-4279-8b96-6675183ec06f/datanode-1/data/ratis] (custom)
2019-11-13 21:08:42,515 [pool-37-thread-1] INFO  server.RaftServerConfigKeys (ConfUtils.java:logGet(43)) - raft.server.log.corruption.policy = EXCEPTION (default)
2019-11-13 21:08:42,516 [pool-47-thread-1] INFO  impl.RaftServerImpl (RaftServerImpl.java:<init>(98)) - 7e2f0495-8c73-49bd-ada1-0766a243ea6a: new RaftServerImpl for group-B4FB9C29ED77:[05097526-328e-47c3-8e10-f0fc997678ef:192.168.164.208:46842, 7e2f0495-8c73-49bd-ada1-0766a243ea6a:192.168.164.208:43501, da274d93-6049-45d1-b7c6-82be225b52d6:192.168.164.208:38363] with ContainerStateMachine:uninitialized
2019-11-13 21:08:42,516 [pool-37-thread-1] INFO  storage.RaftStorageDirectory (RaftStorageDirectory.java:analyzeStorage(246)) - The storage directory /workdir/hadoop-ozone/tools/target/test-dir/MiniOzoneClusterImpl-95b345c6-079a-4279-8b96-6675183ec06f/datanode-1/data/ratis/d08f14ed-1e32-42a8-bc18-b4fb9c29ed77 does not exist. Creating ...
2019-11-13 21:08:42,516 [pool-47-thread-1] INFO  server.RaftServerConfigKeys (ConfUtils.java:logGet(43)) - raft.server.rpc.timeout.min = 5s (custom)
2019-11-13 21:08:42,516 [pool-47-thread-1] INFO  server.RaftServerConfigKeys (ConfUtils.java:logGet(43)) - raft.server.rpc.timeout.max = 5200ms (custom)
2019-11-13 21:08:42,516 [pool-47-thread-1] INFO  server.RaftServerConfigKeys (ConfUtils.java:logGet(43)) - raft.server.rpcslowness.timeout = 120s (custom)
2019-11-13 21:08:42,516 [pool-47-thread-1] INFO  server.RaftServerConfigKeys (ConfUtils.java:logGet(43)) - raft.server.sleep.deviation.threshold = 300 (default)
2019-11-13 21:08:42,516 [pool-47-thread-1] INFO  server.RaftServerConfigKeys (ConfUtils.java:logGet(43)) - raft.server.log.appender.install.snapshot.enabled = false (custom)
2019-11-13 21:08:42,517 [pool-47-thread-1] INFO  impl.RaftServerImpl (ServerState.java:<init>(103)) - 7e2f0495-8c73-49bd-ada1-0766a243ea6a@group-B4FB9C29ED77: ConfigurationManager, init=-1: [05097526-328e-47c3-8e10-f0fc997678ef:192.168.164.208:46842, 7e2f0495-8c73-49bd-ada1-0766a243ea6a:192.168.164.208:43501, da274d93-6049-45d1-b7c6-82be225b52d6:192.168.164.208:38363], old=null, confs=<EMPTY_MAP>
2019-11-13 21:08:42,517 [pool-47-thread-1] INFO  server.RaftServerConfigKeys (ConfUtils.java:logGet(43)) - raft.server.storage.dir = [/workdir/hadoop-ozone/tools/target/test-dir/MiniOzoneClusterImpl-95b345c6-079a-4279-8b96-6675183ec06f/datanode-2/data/ratis] (custom)
2019-11-13 21:08:42,517 [pool-47-thread-1] INFO  server.RaftServerConfigKeys (ConfUtils.java:logGet(43)) - raft.server.log.corruption.policy = EXCEPTION (default)
2019-11-13 21:08:42,517 [pool-47-thread-1] INFO  storage.RaftStorageDirectory (RaftStorageDirectory.java:analyzeStorage(246)) - The storage directory /workdir/hadoop-ozone/tools/target/test-dir/MiniOzoneClusterImpl-95b345c6-079a-4279-8b96-6675183ec06f/datanode-2/data/ratis/d08f14ed-1e32-42a8-bc18-b4fb9c29ed77 does not exist. Creating ...
2019-11-13 21:08:42,517 [pool-27-thread-1] INFO  impl.RaftServerImpl (RaftServerImpl.java:<init>(98)) - da274d93-6049-45d1-b7c6-82be225b52d6: new RaftServerImpl for group-B4FB9C29ED77:[05097526-328e-47c3-8e10-f0fc997678ef:192.168.164.208:46842, 7e2f0495-8c73-49bd-ada1-0766a243ea6a:192.168.164.208:43501, da274d93-6049-45d1-b7c6-82be225b52d6:192.168.164.208:38363] with ContainerStateMachine:uninitialized
2019-11-13 21:08:42,517 [pool-27-thread-1] INFO  server.RaftServerConfigKeys (ConfUtils.java:logGet(43)) - raft.server.rpc.timeout.min = 5s (custom)
2019-11-13 21:08:42,518 [pool-27-thread-1] INFO  server.RaftServerConfigKeys (ConfUtils.java:logGet(43)) - raft.server.rpc.timeout.max = 5200ms (custom)
2019-11-13 21:08:42,518 [pool-27-thread-1] INFO  server.RaftServerConfigKeys (ConfUtils.java:logGet(43)) - raft.server.rpcslowness.timeout = 120s (custom)
2019-11-13 21:08:42,518 [pool-27-thread-1] INFO  server.RaftServerConfigKeys (ConfUtils.java:logGet(43)) - raft.server.sleep.deviation.threshold = 300 (default)
2019-11-13 21:08:42,518 [pool-27-thread-1] INFO  server.RaftServerConfigKeys (ConfUtils.java:logGet(43)) - raft.server.log.appender.install.snapshot.enabled = false (custom)
2019-11-13 21:08:42,518 [pool-27-thread-1] INFO  impl.RaftServerImpl (ServerState.java:<init>(103)) - da274d93-6049-45d1-b7c6-82be225b52d6@group-B4FB9C29ED77: ConfigurationManager, init=-1: [05097526-328e-47c3-8e10-f0fc997678ef:192.168.164.208:46842, 7e2f0495-8c73-49bd-ada1-0766a243ea6a:192.168.164.208:43501, da274d93-6049-45d1-b7c6-82be225b52d6:192.168.164.208:38363], old=null, confs=<EMPTY_MAP>
2019-11-13 21:08:42,518 [pool-27-thread-1] INFO  server.RaftServerConfigKeys (ConfUtils.java:logGet(43)) - raft.server.storage.dir = [/workdir/hadoop-ozone/tools/target/test-dir/MiniOzoneClusterImpl-95b345c6-079a-4279-8b96-6675183ec06f/datanode-0/data/ratis] (custom)
2019-11-13 21:08:42,519 [pool-27-thread-1] INFO  server.RaftServerConfigKeys (ConfUtils.java:logGet(43)) - raft.server.log.corruption.policy = EXCEPTION (default)
2019-11-13 21:08:42,519 [pool-27-thread-1] INFO  storage.RaftStorageDirectory (RaftStorageDirectory.java:analyzeStorage(246)) - The storage directory /workdir/hadoop-ozone/tools/target/test-dir/MiniOzoneClusterImpl-95b345c6-079a-4279-8b96-6675183ec06f/datanode-0/data/ratis/d08f14ed-1e32-42a8-bc18-b4fb9c29ed77 does not exist. Creating ...
2019-11-13 21:08:42,530 [pool-47-thread-1] INFO  storage.RaftStorageDirectory (RaftStorageDirectory.java:tryLock(328)) - Lock on /workdir/hadoop-ozone/tools/target/test-dir/MiniOzoneClusterImpl-95b345c6-079a-4279-8b96-6675183ec06f/datanode-2/data/ratis/d08f14ed-1e32-42a8-bc18-b4fb9c29ed77/in_use.lock acquired by nodename 18166@pr-hdds-2375-t422d-1049308724
2019-11-13 21:08:42,530 [pool-27-thread-1] INFO  storage.RaftStorageDirectory (RaftStorageDirectory.java:tryLock(328)) - Lock on /workdir/hadoop-ozone/tools/target/test-dir/MiniOzoneClusterImpl-95b345c6-079a-4279-8b96-6675183ec06f/datanode-0/data/ratis/d08f14ed-1e32-42a8-bc18-b4fb9c29ed77/in_use.lock acquired by nodename 18166@pr-hdds-2375-t422d-1049308724
2019-11-13 21:08:42,530 [pool-37-thread-1] INFO  storage.RaftStorageDirectory (RaftStorageDirectory.java:tryLock(328)) - Lock on /workdir/hadoop-ozone/tools/target/test-dir/MiniOzoneClusterImpl-95b345c6-079a-4279-8b96-6675183ec06f/datanode-1/data/ratis/d08f14ed-1e32-42a8-bc18-b4fb9c29ed77/in_use.lock acquired by nodename 18166@pr-hdds-2375-t422d-1049308724
2019-11-13 21:08:42,544 [pool-37-thread-1] INFO  storage.RaftStorage (RaftStorage.java:format(84)) - Storage directory /workdir/hadoop-ozone/tools/target/test-dir/MiniOzoneClusterImpl-95b345c6-079a-4279-8b96-6675183ec06f/datanode-1/data/ratis/d08f14ed-1e32-42a8-bc18-b4fb9c29ed77 has been successfully formatted.
2019-11-13 21:08:42,544 [pool-27-thread-1] INFO  storage.RaftStorage (RaftStorage.java:format(84)) - Storage directory /workdir/hadoop-ozone/tools/target/test-dir/MiniOzoneClusterImpl-95b345c6-079a-4279-8b96-6675183ec06f/datanode-0/data/ratis/d08f14ed-1e32-42a8-bc18-b4fb9c29ed77 has been successfully formatted.
2019-11-13 21:08:42,544 [pool-47-thread-1] INFO  storage.RaftStorage (RaftStorage.java:format(84)) - Storage directory /workdir/hadoop-ozone/tools/target/test-dir/MiniOzoneClusterImpl-95b345c6-079a-4279-8b96-6675183ec06f/datanode-2/data/ratis/d08f14ed-1e32-42a8-bc18-b4fb9c29ed77 has been successfully formatted.
2019-11-13 21:08:42,544 [pool-37-thread-1] INFO  ratis.ContainerStateMachine (ContainerStateMachine.java:loadSnapshot(223)) - group-B4FB9C29ED77: The snapshot info is null. Setting the last applied indexto:(t:0, i:~)
2019-11-13 21:08:42,544 [pool-27-thread-1] INFO  ratis.ContainerStateMachine (ContainerStateMachine.java:loadSnapshot(223)) - group-B4FB9C29ED77: The snapshot info is null. Setting the last applied indexto:(t:0, i:~)
2019-11-13 21:08:42,544 [pool-47-thread-1] INFO  ratis.ContainerStateMachine (ContainerStateMachine.java:loadSnapshot(223)) - group-B4FB9C29ED77: The snapshot info is null. Setting the last applied indexto:(t:0, i:~)
2019-11-13 21:08:42,544 [pool-37-thread-1] INFO  server.RaftServerConfigKeys (ConfUtils.java:logGet(43)) - raft.server.notification.no-leader.timeout = 120s (custom)
2019-11-13 21:08:42,545 [pool-47-thread-1] INFO  server.RaftServerConfigKeys (ConfUtils.java:logGet(43)) - raft.server.notification.no-leader.timeout = 120s (custom)
2019-11-13 21:08:42,545 [pool-27-thread-1] INFO  server.RaftServerConfigKeys (ConfUtils.java:logGet(43)) - raft.server.notification.no-leader.timeout = 120s (custom)
2019-11-13 21:08:42,545 [pool-47-thread-1] INFO  server.RaftServerConfigKeys (ConfUtils.java:logGet(43)) - raft.server.log.use.memory = false (default)
2019-11-13 21:08:42,545 [pool-37-thread-1] INFO  server.RaftServerConfigKeys (ConfUtils.java:logGet(43)) - raft.server.log.use.memory = false (default)
2019-11-13 21:08:42,545 [pool-47-thread-1] INFO  server.RaftServerConfigKeys (ConfUtils.java:logGet(43)) - raft.server.log.purge.gap = 1000000 (custom)
2019-11-13 21:08:42,545 [pool-27-thread-1] INFO  server.RaftServerConfigKeys (ConfUtils.java:logGet(43)) - raft.server.log.use.memory = false (default)
2019-11-13 21:08:42,545 [pool-47-thread-1] INFO  server.RaftServerConfigKeys (ConfUtils.java:logGet(43)) - raft.server.log.appender.buffer.byte-limit = 33554432 (custom)
2019-11-13 21:08:42,545 [pool-37-thread-1] INFO  server.RaftServerConfigKeys (ConfUtils.java:logGet(43)) - raft.server.log.purge.gap = 1000000 (custom)
2019-11-13 21:08:42,546 [pool-47-thread-1] INFO  server.RaftServerConfigKeys (ConfUtils.java:logGet(43)) - raft.server.log.segment.size.max = 1048576 (custom)
2019-11-13 21:08:42,545 [pool-27-thread-1] INFO  server.RaftServerConfigKeys (ConfUtils.java:logGet(43)) - raft.server.log.purge.gap = 1000000 (custom)
2019-11-13 21:08:42,546 [pool-47-thread-1] INFO  server.RaftServerConfigKeys (ConfUtils.java:logGet(43)) - raft.server.log.segment.cache.num.max = 2 (custom)
2019-11-13 21:08:42,546 [pool-37-thread-1] INFO  server.RaftServerConfigKeys (ConfUtils.java:logGet(43)) - raft.server.log.appender.buffer.byte-limit = 33554432 (custom)
2019-11-13 21:08:42,546 [pool-47-thread-1] INFO  segmented.SegmentedRaftLogWorker (SegmentedRaftLogWorker.java:<init>(173)) - new 7e2f0495-8c73-49bd-ada1-0766a243ea6a@group-B4FB9C29ED77-SegmentedRaftLogWorker for RaftStorage:Storage Directory /workdir/hadoop-ozone/tools/target/test-dir/MiniOzoneClusterImpl-95b345c6-079a-4279-8b96-6675183ec06f/datanode-2/data/ratis/d08f14ed-1e32-42a8-bc18-b4fb9c29ed77
2019-11-13 21:08:42,546 [pool-27-thread-1] INFO  server.RaftServerConfigKeys (ConfUtils.java:logGet(43)) - raft.server.log.appender.buffer.byte-limit = 33554432 (custom)
2019-11-13 21:08:42,546 [pool-47-thread-1] INFO  server.RaftServerConfigKeys (ConfUtils.java:logGet(43)) - raft.server.log.queue.byte-limit = 2147483647 (custom)
2019-11-13 21:08:42,546 [pool-37-thread-1] INFO  server.RaftServerConfigKeys (ConfUtils.java:logGet(43)) - raft.server.log.segment.size.max = 1048576 (custom)
2019-11-13 21:08:42,546 [pool-47-thread-1] INFO  server.RaftServerConfigKeys (ConfUtils.java:logGet(43)) - raft.server.log.queue.element-limit = 1024 (custom)
2019-11-13 21:08:42,546 [pool-27-thread-1] INFO  server.RaftServerConfigKeys (ConfUtils.java:logGet(43)) - raft.server.log.segment.size.max = 1048576 (custom)
2019-11-13 21:08:42,547 [pool-47-thread-1] INFO  server.RaftServerConfigKeys (ConfUtils.java:logGet(43)) - raft.server.log.segment.size.max = 1048576 (custom)
2019-11-13 21:08:42,547 [pool-37-thread-1] INFO  server.RaftServerConfigKeys (ConfUtils.java:logGet(43)) - raft.server.log.segment.cache.num.max = 2 (custom)
2019-11-13 21:08:42,547 [pool-47-thread-1] INFO  server.RaftServerConfigKeys (ConfUtils.java:logGet(43)) - raft.server.log.preallocated.size = 16384 (custom)
2019-11-13 21:08:42,547 [pool-27-thread-1] INFO  server.RaftServerConfigKeys (ConfUtils.java:logGet(43)) - raft.server.log.segment.cache.num.max = 2 (custom)
2019-11-13 21:08:42,547 [pool-47-thread-1] INFO  server.RaftServerConfigKeys (ConfUtils.java:logGet(43)) - raft.server.log.write.buffer.size = 33554432 (custom)
2019-11-13 21:08:42,547 [pool-37-thread-1] INFO  segmented.SegmentedRaftLogWorker (SegmentedRaftLogWorker.java:<init>(173)) - new 05097526-328e-47c3-8e10-f0fc997678ef@group-B4FB9C29ED77-SegmentedRaftLogWorker for RaftStorage:Storage Directory /workdir/hadoop-ozone/tools/target/test-dir/MiniOzoneClusterImpl-95b345c6-079a-4279-8b96-6675183ec06f/datanode-1/data/ratis/d08f14ed-1e32-42a8-bc18-b4fb9c29ed77
2019-11-13 21:08:42,547 [pool-47-thread-1] INFO  server.RaftServerConfigKeys (ConfUtils.java:logGet(43)) - raft.server.log.force.sync.num = 128 (default)
2019-11-13 21:08:42,547 [pool-27-thread-1] INFO  segmented.SegmentedRaftLogWorker (SegmentedRaftLogWorker.java:<init>(173)) - new da274d93-6049-45d1-b7c6-82be225b52d6@group-B4FB9C29ED77-SegmentedRaftLogWorker for RaftStorage:Storage Directory /workdir/hadoop-ozone/tools/target/test-dir/MiniOzoneClusterImpl-95b345c6-079a-4279-8b96-6675183ec06f/datanode-0/data/ratis/d08f14ed-1e32-42a8-bc18-b4fb9c29ed77
2019-11-13 21:08:42,548 [pool-47-thread-1] INFO  server.RaftServerConfigKeys (ConfUtils.java:logGet(43)) - raft.server.log.statemachine.data.sync = true (default)
2019-11-13 21:08:42,547 [pool-37-thread-1] INFO  server.RaftServerConfigKeys (ConfUtils.java:logGet(43)) - raft.server.log.queue.byte-limit = 2147483647 (custom)
2019-11-13 21:08:42,548 [pool-47-thread-1] INFO  server.RaftServerConfigKeys (ConfUtils.java:logGet(43)) - raft.server.log.statemachine.data.sync.timeout = 10s (default)
2019-11-13 21:08:42,548 [pool-27-thread-1] INFO  server.RaftServerConfigKeys (ConfUtils.java:logGet(43)) - raft.server.log.queue.byte-limit = 2147483647 (custom)
2019-11-13 21:08:42,548 [pool-47-thread-1] INFO  server.RaftServerConfigKeys (ConfUtils.java:logGet(43)) - raft.server.log.statemachine.data.sync.timeout.retry = -1 (default)
2019-11-13 21:08:42,548 [pool-37-thread-1] INFO  server.RaftServerConfigKeys (ConfUtils.java:logGet(43)) - raft.server.log.queue.element-limit = 1024 (custom)
2019-11-13 21:08:42,548 [pool-27-thread-1] INFO  server.RaftServerConfigKeys (ConfUtils.java:logGet(43)) - raft.server.log.queue.element-limit = 1024 (custom)
2019-11-13 21:08:42,548 [pool-47-thread-1] INFO  server.RaftServerConfigKeys (ConfUtils.java:logGet(43)) - raft.server.log.statemachine.data.caching.enabled = true (custom)
2019-11-13 21:08:42,548 [pool-37-thread-1] INFO  server.RaftServerConfigKeys (ConfUtils.java:logGet(43)) - raft.server.log.segment.size.max = 1048576 (custom)
2019-11-13 21:08:42,549 [pool-27-thread-1] INFO  server.RaftServerConfigKeys (ConfUtils.java:logGet(43)) - raft.server.log.segment.size.max = 1048576 (custom)
2019-11-13 21:08:42,549 [pool-47-thread-1] INFO  segmented.SegmentedRaftLogWorker (SegmentedRaftLogWorker.java:lambda$new$0(128)) - 7e2f0495-8c73-49bd-ada1-0766a243ea6a@group-B4FB9C29ED77-SegmentedRaftLogWorker: flushIndex: setUnconditionally 0 -> -1
2019-11-13 21:08:42,549 [pool-37-thread-1] INFO  server.RaftServerConfigKeys (ConfUtils.java:logGet(43)) - raft.server.log.preallocated.size = 16384 (custom)
2019-11-13 21:08:42,549 [pool-27-thread-1] INFO  server.RaftServerConfigKeys (ConfUtils.java:logGet(43)) - raft.server.log.preallocated.size = 16384 (custom)
2019-11-13 21:08:42,549 [pool-47-thread-1] INFO  server.RaftServerConfigKeys (ConfUtils.java:logGet(43)) - raft.server.snapshot.auto.trigger.enabled = true (custom)
2019-11-13 21:08:42,549 [pool-37-thread-1] INFO  server.RaftServerConfigKeys (ConfUtils.java:logGet(43)) - raft.server.log.write.buffer.size = 33554432 (custom)
2019-11-13 21:08:42,549 [pool-47-thread-1] INFO  server.RaftServerConfigKeys (ConfUtils.java:logGet(43)) - raft.server.snapshot.auto.trigger.threshold = 10000 (custom)
2019-11-13 21:08:42,549 [pool-27-thread-1] INFO  server.RaftServerConfigKeys (ConfUtils.java:logGet(43)) - raft.server.log.write.buffer.size = 33554432 (custom)
2019-11-13 21:08:42,549 [pool-47-thread-1] INFO  server.RaftServerConfigKeys (ConfUtils.java:logGet(43)) - raft.server.snapshot.retention.file.num = 5 (custom)
2019-11-13 21:08:42,549 [pool-37-thread-1] INFO  server.RaftServerConfigKeys (ConfUtils.java:logGet(43)) - raft.server.log.force.sync.num = 128 (default)
2019-11-13 21:08:42,550 [pool-47-thread-1] INFO  server.RaftServerConfigKeys (ConfUtils.java:logGet(43)) - raft.server.retrycache.expirytime = 600000ms (custom)
2019-11-13 21:08:42,550 [pool-27-thread-1] INFO  server.RaftServerConfigKeys (ConfUtils.java:logGet(43)) - raft.server.log.force.sync.num = 128 (default)
2019-11-13 21:08:42,550 [pool-37-thread-1] INFO  server.RaftServerConfigKeys (ConfUtils.java:logGet(43)) - raft.server.log.statemachine.data.sync = true (default)
2019-11-13 21:08:42,550 [pool-27-thread-1] INFO  server.RaftServerConfigKeys (ConfUtils.java:logGet(43)) - raft.server.log.statemachine.data.sync = true (default)
2019-11-13 21:08:42,550 [pool-47-thread-1] WARN  impl.MetricRegistriesImpl (MetricRegistriesImpl.java:lambda$create$1(61)) - First MetricRegistry has been created without registering reporters. You may need to call MetricRegistries.global().addReportRegistration(...) before.
2019-11-13 21:08:42,550 [pool-27-thread-1] INFO  server.RaftServerConfigKeys (ConfUtils.java:logGet(43)) - raft.server.log.statemachine.data.sync.timeout = 10s (default)
2019-11-13 21:08:42,551 [pool-47-thread-1] WARN  impl.MetricRegistriesImpl (MetricRegistriesImpl.java:lambda$create$1(61)) - First MetricRegistry has been created without registering reporters. You may need to call MetricRegistries.global().addReportRegistration(...) before.
2019-11-13 21:08:42,551 [pool-47-thread-1] INFO  impl.RaftServerImpl (RaftServerImpl.java:start(184)) - 7e2f0495-8c73-49bd-ada1-0766a243ea6a@group-B4FB9C29ED77: start as a follower, conf=-1: [05097526-328e-47c3-8e10-f0fc997678ef:192.168.164.208:46842, 7e2f0495-8c73-49bd-ada1-0766a243ea6a:192.168.164.208:43501, da274d93-6049-45d1-b7c6-82be225b52d6:192.168.164.208:38363], old=null
2019-11-13 21:08:42,550 [pool-37-thread-1] INFO  server.RaftServerConfigKeys (ConfUtils.java:logGet(43)) - raft.server.log.statemachine.data.sync.timeout = 10s (default)
2019-11-13 21:08:42,551 [pool-47-thread-1] INFO  impl.RaftServerImpl (RaftServerImpl.java:setRole(173)) - 7e2f0495-8c73-49bd-ada1-0766a243ea6a@group-B4FB9C29ED77: changes role from      null to FOLLOWER at term 0 for startAsFollower
2019-11-13 21:08:42,551 [pool-27-thread-1] INFO  server.RaftServerConfigKeys (ConfUtils.java:logGet(43)) - raft.server.log.statemachine.data.sync.timeout.retry = -1 (default)
2019-11-13 21:08:42,551 [pool-47-thread-1] INFO  impl.RoleInfo (RoleInfo.java:updateAndGet(143)) - 7e2f0495-8c73-49bd-ada1-0766a243ea6a: start FollowerState
2019-11-13 21:08:42,551 [pool-37-thread-1] INFO  server.RaftServerConfigKeys (ConfUtils.java:logGet(43)) - raft.server.log.statemachine.data.sync.timeout.retry = -1 (default)
2019-11-13 21:08:42,551 [pool-27-thread-1] INFO  server.RaftServerConfigKeys (ConfUtils.java:logGet(43)) - raft.server.log.statemachine.data.caching.enabled = true (custom)
2019-11-13 21:08:42,551 [pool-37-thread-1] INFO  server.RaftServerConfigKeys (ConfUtils.java:logGet(43)) - raft.server.log.statemachine.data.caching.enabled = true (custom)
2019-11-13 21:08:42,552 [pool-27-thread-1] INFO  segmented.SegmentedRaftLogWorker (SegmentedRaftLogWorker.java:lambda$new$0(128)) - da274d93-6049-45d1-b7c6-82be225b52d6@group-B4FB9C29ED77-SegmentedRaftLogWorker: flushIndex: setUnconditionally 0 -> -1
2019-11-13 21:08:42,552 [pool-37-thread-1] INFO  segmented.SegmentedRaftLogWorker (SegmentedRaftLogWorker.java:lambda$new$0(128)) - 05097526-328e-47c3-8e10-f0fc997678ef@group-B4FB9C29ED77-SegmentedRaftLogWorker: flushIndex: setUnconditionally 0 -> -1
2019-11-13 21:08:42,552 [pool-47-thread-1] INFO  util.JmxRegister (JmxRegister.java:tryRegister(44)) - Successfully registered JMX Bean with object name Ratis:service=RaftServer,group=group-B4FB9C29ED77,id=7e2f0495-8c73-49bd-ada1-0766a243ea6a
2019-11-13 21:08:42,552 [pool-37-thread-1] INFO  server.RaftServerConfigKeys (ConfUtils.java:logGet(43)) - raft.server.snapshot.auto.trigger.enabled = true (custom)
2019-11-13 21:08:42,552 [pool-27-thread-1] INFO  server.RaftServerConfigKeys (ConfUtils.java:logGet(43)) - raft.server.snapshot.auto.trigger.enabled = true (custom)
2019-11-13 21:08:42,552 [pool-37-thread-1] INFO  server.RaftServerConfigKeys (ConfUtils.java:logGet(43)) - raft.server.snapshot.auto.trigger.threshold = 10000 (custom)
2019-11-13 21:08:42,552 [pool-47-thread-1] WARN  impl.MetricRegistriesImpl (MetricRegistriesImpl.java:lambda$create$1(61)) - First MetricRegistry has been created without registering reporters. You may need to call MetricRegistries.global().addReportRegistration(...) before.
2019-11-13 21:08:42,552 [pool-37-thread-1] INFO  server.RaftServerConfigKeys (ConfUtils.java:logGet(43)) - raft.server.snapshot.retention.file.num = 5 (custom)
2019-11-13 21:08:42,552 [pool-27-thread-1] INFO  server.RaftServerConfigKeys (ConfUtils.java:logGet(43)) - raft.server.snapshot.auto.trigger.threshold = 10000 (custom)
2019-11-13 21:08:42,552 [pool-37-thread-1] INFO  server.RaftServerConfigKeys (ConfUtils.java:logGet(43)) - raft.server.retrycache.expirytime = 600000ms (custom)
2019-11-13 21:08:42,552 [pool-27-thread-1] INFO  server.RaftServerConfigKeys (ConfUtils.java:logGet(43)) - raft.server.snapshot.retention.file.num = 5 (custom)
2019-11-13 21:08:42,553 [pool-37-thread-1] WARN  impl.MetricRegistriesImpl (MetricRegistriesImpl.java:lambda$create$1(61)) - First MetricRegistry has been created without registering reporters. You may need to call MetricRegistries.global().addReportRegistration(...) before.
2019-11-13 21:08:42,554 [pool-37-thread-1] WARN  impl.MetricRegistriesImpl (MetricRegistriesImpl.java:lambda$create$1(61)) - First MetricRegistry has been created without registering reporters. You may need to call MetricRegistries.global().addReportRegistration(...) before.
2019-11-13 21:08:42,554 [pool-27-thread-1] INFO  server.RaftServerConfigKeys (ConfUtils.java:logGet(43)) - raft.server.retrycache.expirytime = 600000ms (custom)
2019-11-13 21:08:42,554 [pool-37-thread-1] INFO  impl.RaftServerImpl (RaftServerImpl.java:start(184)) - 05097526-328e-47c3-8e10-f0fc997678ef@group-B4FB9C29ED77: start as a follower, conf=-1: [05097526-328e-47c3-8e10-f0fc997678ef:192.168.164.208:46842, 7e2f0495-8c73-49bd-ada1-0766a243ea6a:192.168.164.208:43501, da274d93-6049-45d1-b7c6-82be225b52d6:192.168.164.208:38363], old=null
2019-11-13 21:08:42,555 [pool-27-thread-1] WARN  impl.MetricRegistriesImpl (MetricRegistriesImpl.java:lambda$create$1(61)) - First MetricRegistry has been created without registering reporters. You may need to call MetricRegistries.global().addReportRegistration(...) before.
2019-11-13 21:08:42,555 [pool-37-thread-1] INFO  impl.RaftServerImpl (RaftServerImpl.java:setRole(173)) - 05097526-328e-47c3-8e10-f0fc997678ef@group-B4FB9C29ED77: changes role from      null to FOLLOWER at term 0 for startAsFollower
2019-11-13 21:08:42,555 [pool-27-thread-1] WARN  impl.MetricRegistriesImpl (MetricRegistriesImpl.java:lambda$create$1(61)) - First MetricRegistry has been created without registering reporters. You may need to call MetricRegistries.global().addReportRegistration(...) before.
2019-11-13 21:08:42,555 [pool-37-thread-1] INFO  impl.RoleInfo (RoleInfo.java:updateAndGet(143)) - 05097526-328e-47c3-8e10-f0fc997678ef: start FollowerState
2019-11-13 21:08:42,555 [pool-27-thread-1] INFO  impl.RaftServerImpl (RaftServerImpl.java:start(184)) - da274d93-6049-45d1-b7c6-82be225b52d6@group-B4FB9C29ED77: start as a follower, conf=-1: [05097526-328e-47c3-8e10-f0fc997678ef:192.168.164.208:46842, 7e2f0495-8c73-49bd-ada1-0766a243ea6a:192.168.164.208:43501, da274d93-6049-45d1-b7c6-82be225b52d6:192.168.164.208:38363], old=null
2019-11-13 21:08:42,556 [pool-37-thread-1] INFO  util.JmxRegister (JmxRegister.java:tryRegister(44)) - Successfully registered JMX Bean with object name Ratis:service=RaftServer,group=group-B4FB9C29ED77,id=05097526-328e-47c3-8e10-f0fc997678ef
2019-11-13 21:08:42,556 [pool-27-thread-1] INFO  impl.RaftServerImpl (RaftServerImpl.java:setRole(173)) - da274d93-6049-45d1-b7c6-82be225b52d6@group-B4FB9C29ED77: changes role from      null to FOLLOWER at term 0 for startAsFollower
2019-11-13 21:08:42,556 [pool-37-thread-1] WARN  impl.MetricRegistriesImpl (MetricRegistriesImpl.java:lambda$create$1(61)) - First MetricRegistry has been created without registering reporters. You may need to call MetricRegistries.global().addReportRegistration(...) before.
2019-11-13 21:08:42,556 [pool-27-thread-1] INFO  impl.RoleInfo (RoleInfo.java:updateAndGet(143)) - da274d93-6049-45d1-b7c6-82be225b52d6: start FollowerState
2019-11-13 21:08:42,557 [pool-27-thread-1] INFO  util.JmxRegister (JmxRegister.java:tryRegister(44)) - Successfully registered JMX Bean with object name Ratis:service=RaftServer,group=group-B4FB9C29ED77,id=da274d93-6049-45d1-b7c6-82be225b52d6
2019-11-13 21:08:42,557 [pool-27-thread-1] WARN  impl.MetricRegistriesImpl (MetricRegistriesImpl.java:lambda$create$1(61)) - First MetricRegistry has been created without registering reporters. You may need to call MetricRegistries.global().addReportRegistration(...) before.
2019-11-13 21:08:42,562 [RatisPipelineUtilsThread] INFO  pipeline.PipelineStateManager (PipelineStateManager.java:addPipeline(55)) - Created pipeline Pipeline[ Id: d08f14ed-1e32-42a8-bc18-b4fb9c29ed77, Nodes: 05097526-328e-47c3-8e10-f0fc997678ef{ip: 192.168.164.208, host: pr-hdds-2375-t422d-1049308724, networkLocation: /default-rack, certSerialId: null}da274d93-6049-45d1-b7c6-82be225b52d6{ip: 192.168.164.208, host: pr-hdds-2375-t422d-1049308724, networkLocation: /default-rack, certSerialId: null}7e2f0495-8c73-49bd-ada1-0766a243ea6a{ip: 192.168.164.208, host: pr-hdds-2375-t422d-1049308724, networkLocation: /default-rack, certSerialId: null}, Type:RATIS, Factor:THREE, State:ALLOCATED]
2019-11-13 21:08:42,629 [main] INFO  freon.RandomKeyGenerator (RandomKeyGenerator.java:call(283)) - Number of Threads: 10
2019-11-13 21:08:42,629 [main] INFO  freon.RandomKeyGenerator (RandomKeyGenerator.java:call(288)) - Number of Volumes: 1.
2019-11-13 21:08:42,629 [main] INFO  freon.RandomKeyGenerator (RandomKeyGenerator.java:call(289)) - Number of Buckets per Volume: 1.
2019-11-13 21:08:42,629 [main] INFO  freon.RandomKeyGenerator (RandomKeyGenerator.java:call(290)) - Number of Keys per Bucket: 1.
2019-11-13 21:08:42,629 [main] INFO  freon.RandomKeyGenerator (RandomKeyGenerator.java:call(291)) - Key size: 20971520 bytes
2019-11-13 21:08:42,629 [main] INFO  freon.RandomKeyGenerator (RandomKeyGenerator.java:call(292)) - Buffer size: 4096 bytes
2019-11-13 21:08:42,629 [main] INFO  freon.RandomKeyGenerator (RandomKeyGenerator.java:call(293)) - validateWrites : true
2019-11-13 21:08:42,631 [main] INFO  freon.RandomKeyGenerator (RandomKeyGenerator.java:call(307)) - Data validation is enabled.
2019-11-13 21:08:42,631 [main] INFO  freon.RandomKeyGenerator (RandomKeyGenerator.java:call(313)) - Starting progress bar Thread.

2019-11-13 21:08:42,631 [pool-59-thread-1] INFO  rpc.RpcClient (RpcClient.java:createVolume(292)) - Creating Volume: vol-0-40253, with jenkins1000 as owner.
 0.00% |?                                                                                                    |  0/1 Time: 0:00:002019-11-13 21:08:42,635 [IPC Server handler 1 on 46118] INFO  volume.OMVolumeCreateRequest (OMVolumeCreateRequest.java:validateAndUpdateCache(193)) - created volume:vol-0-40253 for user:jenkins1000
2019-11-13 21:08:42,671 [pool-59-thread-2] INFO  rpc.RpcClient (RpcClient.java:createBucket(431)) - Creating Bucket: vol-0-40253/bucket-0-13733, with Versioning false and Storage Type set to DISK and Encryption set to false 
2019-11-13 21:08:42,712 [IPC Server handler 18 on 39663] WARN  block.BlockManagerImpl (BlockManagerImpl.java:allocateBlock(200)) - Pipeline creation failed for type:RATIS factor:THREE. Retrying get pipelines call once.
org.apache.hadoop.hdds.scm.pipeline.InsufficientDatanodesException: Cannot create pipeline of factor 3 using 0 nodes.
	at org.apache.hadoop.hdds.scm.pipeline.RatisPipelineProvider.create(RatisPipelineProvider.java:153)
	at org.apache.hadoop.hdds.scm.pipeline.PipelineFactory.create(PipelineFactory.java:58)
	at org.apache.hadoop.hdds.scm.pipeline.SCMPipelineManager.createPipeline(SCMPipelineManager.java:155)
	at org.apache.hadoop.hdds.scm.block.BlockManagerImpl.allocateBlock(BlockManagerImpl.java:198)
	at org.apache.hadoop.hdds.scm.server.SCMBlockProtocolServer.allocateBlock(SCMBlockProtocolServer.java:187)
	at org.apache.hadoop.hdds.scm.protocol.ScmBlockLocationProtocolServerSideTranslatorPB.allocateScmBlock(ScmBlockLocationProtocolServerSideTranslatorPB.java:159)
	at org.apache.hadoop.hdds.scm.protocol.ScmBlockLocationProtocolServerSideTranslatorPB.processMessage(ScmBlockLocationProtocolServerSideTranslatorPB.java:117)
	at org.apache.hadoop.hdds.server.OzoneProtocolMessageDispatcher.processRequest(OzoneProtocolMessageDispatcher.java:72)
	at org.apache.hadoop.hdds.scm.protocol.ScmBlockLocationProtocolServerSideTranslatorPB.send(ScmBlockLocationProtocolServerSideTranslatorPB.java:98)
	at org.apache.hadoop.hdds.protocol.proto.ScmBlockLocationProtocolProtos$ScmBlockLocationProtocolService$2.callBlockingMethod(ScmBlockLocationProtocolProtos.java:13157)
	at org.apache.hadoop.ipc.ProtobufRpcEngine$Server$ProtoBufRpcInvoker.call(ProtobufRpcEngine.java:524)
	at org.apache.hadoop.ipc.RPC$Server.call(RPC.java:1025)
	at org.apache.hadoop.ipc.Server$RpcCall.run(Server.java:876)
	at org.apache.hadoop.ipc.Server$RpcCall.run(Server.java:822)
	at java.security.AccessController.doPrivileged(Native Method)
	at javax.security.auth.Subject.doAs(Subject.java:422)
	at org.apache.hadoop.security.UserGroupInformation.doAs(UserGroupInformation.java:1730)
	at org.apache.hadoop.ipc.Server$Handler.run(Server.java:2682)
2019-11-13 21:08:42,714 [IPC Server handler 18 on 39663] INFO  block.BlockManagerImpl (BlockManagerImpl.java:allocateBlock(212)) - Could not find available pipeline of type:RATIS and factor:THREE even after retrying
2019-11-13 21:08:42,714 [IPC Server handler 18 on 39663] ERROR block.BlockManagerImpl (BlockManagerImpl.java:allocateBlock(236)) - Unable to allocate a block for the size: 4194304, type: RATIS, factor: THREE
2019-11-13 21:08:42,715 [IPC Server handler 18 on 39663] WARN  block.BlockManagerImpl (BlockManagerImpl.java:allocateBlock(200)) - Pipeline creation failed for type:RATIS factor:THREE. Retrying get pipelines call once.
org.apache.hadoop.hdds.scm.pipeline.InsufficientDatanodesException: Cannot create pipeline of factor 3 using 0 nodes.
	at org.apache.hadoop.hdds.scm.pipeline.RatisPipelineProvider.create(RatisPipelineProvider.java:153)
	at org.apache.hadoop.hdds.scm.pipeline.PipelineFactory.create(PipelineFactory.java:58)
	at org.apache.hadoop.hdds.scm.pipeline.SCMPipelineManager.createPipeline(SCMPipelineManager.java:155)
	at org.apache.hadoop.hdds.scm.block.BlockManagerImpl.allocateBlock(BlockManagerImpl.java:198)
	at org.apache.hadoop.hdds.scm.server.SCMBlockProtocolServer.allocateBlock(SCMBlockProtocolServer.java:187)
	at org.apache.hadoop.hdds.scm.protocol.ScmBlockLocationProtocolServerSideTranslatorPB.allocateScmBlock(ScmBlockLocationProtocolServerSideTranslatorPB.java:159)
	at org.apache.hadoop.hdds.scm.protocol.ScmBlockLocationProtocolServerSideTranslatorPB.processMessage(ScmBlockLocationProtocolServerSideTranslatorPB.java:117)
	at org.apache.hadoop.hdds.server.OzoneProtocolMessageDispatcher.processRequest(OzoneProtocolMessageDispatcher.java:72)
	at org.apache.hadoop.hdds.scm.protocol.ScmBlockLocationProtocolServerSideTranslatorPB.send(ScmBlockLocationProtocolServerSideTranslatorPB.java:98)
	at org.apache.hadoop.hdds.protocol.proto.ScmBlockLocationProtocolProtos$ScmBlockLocationProtocolService$2.callBlockingMethod(ScmBlockLocationProtocolProtos.java:13157)
	at org.apache.hadoop.ipc.ProtobufRpcEngine$Server$ProtoBufRpcInvoker.call(ProtobufRpcEngine.java:524)
	at org.apache.hadoop.ipc.RPC$Server.call(RPC.java:1025)
	at org.apache.hadoop.ipc.Server$RpcCall.run(Server.java:876)
	at org.apache.hadoop.ipc.Server$RpcCall.run(Server.java:822)
	at java.security.AccessController.doPrivileged(Native Method)
	at javax.security.auth.Subject.doAs(Subject.java:422)
	at org.apache.hadoop.security.UserGroupInformation.doAs(UserGroupInformation.java:1730)
	at org.apache.hadoop.ipc.Server$Handler.run(Server.java:2682)
2019-11-13 21:08:42,716 [IPC Server handler 18 on 39663] INFO  block.BlockManagerImpl (BlockManagerImpl.java:allocateBlock(212)) - Could not find available pipeline of type:RATIS and factor:THREE even after retrying
2019-11-13 21:08:42,716 [IPC Server handler 18 on 39663] ERROR block.BlockManagerImpl (BlockManagerImpl.java:allocateBlock(236)) - Unable to allocate a block for the size: 4194304, type: RATIS, factor: THREE
2019-11-13 21:08:42,717 [IPC Server handler 18 on 39663] WARN  block.BlockManagerImpl (BlockManagerImpl.java:allocateBlock(200)) - Pipeline creation failed for type:RATIS factor:THREE. Retrying get pipelines call once.
org.apache.hadoop.hdds.scm.pipeline.InsufficientDatanodesException: Cannot create pipeline of factor 3 using 0 nodes.
	at org.apache.hadoop.hdds.scm.pipeline.RatisPipelineProvider.create(RatisPipelineProvider.java:153)
	at org.apache.hadoop.hdds.scm.pipeline.PipelineFactory.create(PipelineFactory.java:58)
	at org.apache.hadoop.hdds.scm.pipeline.SCMPipelineManager.createPipeline(SCMPipelineManager.java:155)
	at org.apache.hadoop.hdds.scm.block.BlockManagerImpl.allocateBlock(BlockManagerImpl.java:198)
	at org.apache.hadoop.hdds.scm.server.SCMBlockProtocolServer.allocateBlock(SCMBlockProtocolServer.java:187)
	at org.apache.hadoop.hdds.scm.protocol.ScmBlockLocationProtocolServerSideTranslatorPB.allocateScmBlock(ScmBlockLocationProtocolServerSideTranslatorPB.java:159)
	at org.apache.hadoop.hdds.scm.protocol.ScmBlockLocationProtocolServerSideTranslatorPB.processMessage(ScmBlockLocationProtocolServerSideTranslatorPB.java:117)
	at org.apache.hadoop.hdds.server.OzoneProtocolMessageDispatcher.processRequest(OzoneProtocolMessageDispatcher.java:72)
	at org.apache.hadoop.hdds.scm.protocol.ScmBlockLocationProtocolServerSideTranslatorPB.send(ScmBlockLocationProtocolServerSideTranslatorPB.java:98)
	at org.apache.hadoop.hdds.protocol.proto.ScmBlockLocationProtocolProtos$ScmBlockLocationProtocolService$2.callBlockingMethod(ScmBlockLocationProtocolProtos.java:13157)
	at org.apache.hadoop.ipc.ProtobufRpcEngine$Server$ProtoBufRpcInvoker.call(ProtobufRpcEngine.java:524)
	at org.apache.hadoop.ipc.RPC$Server.call(RPC.java:1025)
	at org.apache.hadoop.ipc.Server$RpcCall.run(Server.java:876)
	at org.apache.hadoop.ipc.Server$RpcCall.run(Server.java:822)
	at java.security.AccessController.doPrivileged(Native Method)
	at javax.security.auth.Subject.doAs(Subject.java:422)
	at org.apache.hadoop.security.UserGroupInformation.doAs(UserGroupInformation.java:1730)
	at org.apache.hadoop.ipc.Server$Handler.run(Server.java:2682)
2019-11-13 21:08:42,718 [IPC Server handler 18 on 39663] INFO  block.BlockManagerImpl (BlockManagerImpl.java:allocateBlock(212)) - Could not find available pipeline of type:RATIS and factor:THREE even after retrying
2019-11-13 21:08:42,718 [IPC Server handler 18 on 39663] ERROR block.BlockManagerImpl (BlockManagerImpl.java:allocateBlock(236)) - Unable to allocate a block for the size: 4194304, type: RATIS, factor: THREE
2019-11-13 21:08:42,719 [IPC Server handler 18 on 39663] WARN  block.BlockManagerImpl (BlockManagerImpl.java:allocateBlock(200)) - Pipeline creation failed for type:RATIS factor:THREE. Retrying get pipelines call once.
org.apache.hadoop.hdds.scm.pipeline.InsufficientDatanodesException: Cannot create pipeline of factor 3 using 0 nodes.
	at org.apache.hadoop.hdds.scm.pipeline.RatisPipelineProvider.create(RatisPipelineProvider.java:153)
	at org.apache.hadoop.hdds.scm.pipeline.PipelineFactory.create(PipelineFactory.java:58)
	at org.apache.hadoop.hdds.scm.pipeline.SCMPipelineManager.createPipeline(SCMPipelineManager.java:155)
	at org.apache.hadoop.hdds.scm.block.BlockManagerImpl.allocateBlock(BlockManagerImpl.java:198)
	at org.apache.hadoop.hdds.scm.server.SCMBlockProtocolServer.allocateBlock(SCMBlockProtocolServer.java:187)
	at org.apache.hadoop.hdds.scm.protocol.ScmBlockLocationProtocolServerSideTranslatorPB.allocateScmBlock(ScmBlockLocationProtocolServerSideTranslatorPB.java:159)
	at org.apache.hadoop.hdds.scm.protocol.ScmBlockLocationProtocolServerSideTranslatorPB.processMessage(ScmBlockLocationProtocolServerSideTranslatorPB.java:117)
	at org.apache.hadoop.hdds.server.OzoneProtocolMessageDispatcher.processRequest(OzoneProtocolMessageDispatcher.java:72)
	at org.apache.hadoop.hdds.scm.protocol.ScmBlockLocationProtocolServerSideTranslatorPB.send(ScmBlockLocationProtocolServerSideTranslatorPB.java:98)
	at org.apache.hadoop.hdds.protocol.proto.ScmBlockLocationProtocolProtos$ScmBlockLocationProtocolService$2.callBlockingMethod(ScmBlockLocationProtocolProtos.java:13157)
	at org.apache.hadoop.ipc.ProtobufRpcEngine$Server$ProtoBufRpcInvoker.call(ProtobufRpcEngine.java:524)
	at org.apache.hadoop.ipc.RPC$Server.call(RPC.java:1025)
	at org.apache.hadoop.ipc.Server$RpcCall.run(Server.java:876)
	at org.apache.hadoop.ipc.Server$RpcCall.run(Server.java:822)
	at java.security.AccessController.doPrivileged(Native Method)
	at javax.security.auth.Subject.doAs(Subject.java:422)
	at org.apache.hadoop.security.UserGroupInformation.doAs(UserGroupInformation.java:1730)
	at org.apache.hadoop.ipc.Server$Handler.run(Server.java:2682)
2019-11-13 21:08:42,720 [IPC Server handler 18 on 39663] INFO  block.BlockManagerImpl (BlockManagerImpl.java:allocateBlock(212)) - Could not find available pipeline of type:RATIS and factor:THREE even after retrying
2019-11-13 21:08:42,720 [IPC Server handler 18 on 39663] ERROR block.BlockManagerImpl (BlockManagerImpl.java:allocateBlock(236)) - Unable to allocate a block for the size: 4194304, type: RATIS, factor: THREE
2019-11-13 21:08:42,720 [IPC Server handler 18 on 39663] WARN  block.BlockManagerImpl (BlockManagerImpl.java:allocateBlock(200)) - Pipeline creation failed for type:RATIS factor:THREE. Retrying get pipelines call once.
org.apache.hadoop.hdds.scm.pipeline.InsufficientDatanodesException: Cannot create pipeline of factor 3 using 0 nodes.
	at org.apache.hadoop.hdds.scm.pipeline.RatisPipelineProvider.create(RatisPipelineProvider.java:153)
	at org.apache.hadoop.hdds.scm.pipeline.PipelineFactory.create(PipelineFactory.java:58)
	at org.apache.hadoop.hdds.scm.pipeline.SCMPipelineManager.createPipeline(SCMPipelineManager.java:155)
	at org.apache.hadoop.hdds.scm.block.BlockManagerImpl.allocateBlock(BlockManagerImpl.java:198)
	at org.apache.hadoop.hdds.scm.server.SCMBlockProtocolServer.allocateBlock(SCMBlockProtocolServer.java:187)
	at org.apache.hadoop.hdds.scm.protocol.ScmBlockLocationProtocolServerSideTranslatorPB.allocateScmBlock(ScmBlockLocationProtocolServerSideTranslatorPB.java:159)
	at org.apache.hadoop.hdds.scm.protocol.ScmBlockLocationProtocolServerSideTranslatorPB.processMessage(ScmBlockLocationProtocolServerSideTranslatorPB.java:117)
	at org.apache.hadoop.hdds.server.OzoneProtocolMessageDispatcher.processRequest(OzoneProtocolMessageDispatcher.java:72)
	at org.apache.hadoop.hdds.scm.protocol.ScmBlockLocationProtocolServerSideTranslatorPB.send(ScmBlockLocationProtocolServerSideTranslatorPB.java:98)
	at org.apache.hadoop.hdds.protocol.proto.ScmBlockLocationProtocolProtos$ScmBlockLocationProtocolService$2.callBlockingMethod(ScmBlockLocationProtocolProtos.java:13157)
	at org.apache.hadoop.ipc.ProtobufRpcEngine$Server$ProtoBufRpcInvoker.call(ProtobufRpcEngine.java:524)
	at org.apache.hadoop.ipc.RPC$Server.call(RPC.java:1025)
	at org.apache.hadoop.ipc.Server$RpcCall.run(Server.java:876)
	at org.apache.hadoop.ipc.Server$RpcCall.run(Server.java:822)
	at java.security.AccessController.doPrivileged(Native Method)
	at javax.security.auth.Subject.doAs(Subject.java:422)
	at org.apache.hadoop.security.UserGroupInformation.doAs(UserGroupInformation.java:1730)
	at org.apache.hadoop.ipc.Server$Handler.run(Server.java:2682)
2019-11-13 21:08:42,721 [IPC Server handler 18 on 39663] INFO  block.BlockManagerImpl (BlockManagerImpl.java:allocateBlock(212)) - Could not find available pipeline of type:RATIS and factor:THREE even after retrying
2019-11-13 21:08:42,721 [IPC Server handler 18 on 39663] ERROR block.BlockManagerImpl (BlockManagerImpl.java:allocateBlock(236)) - Unable to allocate a block for the size: 4194304, type: RATIS, factor: THREE
2019-11-13 21:08:42,730 [pool-59-thread-3] ERROR freon.RandomKeyGenerator (RandomKeyGenerator.java:createKey(735)) - Exception while adding key: key-0-28744 in bucket: bucket-0-13733 of volume: vol-0-40253.
INTERNAL_ERROR org.apache.hadoop.ozone.om.exceptions.OMException: Allocated 0 blocks. Requested 5 blocks
	at org.apache.hadoop.ozone.om.protocolPB.OzoneManagerProtocolClientSideTranslatorPB.handleError(OzoneManagerProtocolClientSideTranslatorPB.java:761)
	at org.apache.hadoop.ozone.om.protocolPB.OzoneManagerProtocolClientSideTranslatorPB.openKey(OzoneManagerProtocolClientSideTranslatorPB.java:752)
	at sun.reflect.NativeMethodAccessorImpl.invoke0(Native Method)
	at sun.reflect.NativeMethodAccessorImpl.invoke(NativeMethodAccessorImpl.java:62)
	at sun.reflect.DelegatingMethodAccessorImpl.invoke(DelegatingMethodAccessorImpl.java:43)
	at java.lang.reflect.Method.invoke(Method.java:498)
	at org.apache.hadoop.hdds.tracing.TraceAllMethod.invoke(TraceAllMethod.java:66)
	at com.sun.proxy.$Proxy37.openKey(Unknown Source)
	at org.apache.hadoop.ozone.client.rpc.RpcClient.createKey(RpcClient.java:634)
	at org.apache.hadoop.ozone.client.OzoneBucket.createKey(OzoneBucket.java:325)
	at org.apache.hadoop.ozone.freon.RandomKeyGenerator.createKey(RandomKeyGenerator.java:697)
	at org.apache.hadoop.ozone.freon.RandomKeyGenerator.access$1100(RandomKeyGenerator.java:88)
	at org.apache.hadoop.ozone.freon.RandomKeyGenerator$ObjectCreator.run(RandomKeyGenerator.java:615)
	at java.util.concurrent.Executors$RunnableAdapter.call(Executors.java:511)
	at java.util.concurrent.FutureTask.run(FutureTask.java:266)
	at java.util.concurrent.ThreadPoolExecutor.runWorker(ThreadPoolExecutor.java:1149)
	at java.util.concurrent.ThreadPoolExecutor$Worker.run(ThreadPoolExecutor.java:624)
	at java.lang.Thread.run(Thread.java:748)
 0.00% |?                                                                                                    |  0/1 Time: 0:00:01 0.00% |?                                                                                                    |  0/1 Time: 0:00:02 0.00% |?                                                                                                    |  0/1 Time: 0:00:03 0.00% |?                                                                                                    |  0/1 Time: 0:00:042019-11-13 21:08:47,565 [Thread-479] INFO  impl.FollowerState (FollowerState.java:run(111)) - 7e2f0495-8c73-49bd-ada1-0766a243ea6a@group-B4FB9C29ED77-FollowerState: change to CANDIDATE, lastRpcTime:5013ms, electionTimeout:5013ms
2019-11-13 21:08:47,566 [Thread-479] INFO  impl.RoleInfo (RoleInfo.java:shutdownFollowerState(121)) - 7e2f0495-8c73-49bd-ada1-0766a243ea6a: shutdown FollowerState
2019-11-13 21:08:47,566 [Thread-479] INFO  impl.RaftServerImpl (RaftServerImpl.java:setRole(173)) - 7e2f0495-8c73-49bd-ada1-0766a243ea6a@group-B4FB9C29ED77: changes role from  FOLLOWER to CANDIDATE at term 0 for changeToCandidate
2019-11-13 21:08:47,566 [Thread-479] INFO  impl.RoleInfo (RoleInfo.java:updateAndGet(143)) - 7e2f0495-8c73-49bd-ada1-0766a243ea6a: start LeaderElection
2019-11-13 21:08:47,619 [7e2f0495-8c73-49bd-ada1-0766a243ea6a@group-B4FB9C29ED77-LeaderElection5] INFO  impl.LeaderElection (LeaderElection.java:askForVotes(178)) - 7e2f0495-8c73-49bd-ada1-0766a243ea6a@group-B4FB9C29ED77-LeaderElection5: begin an election at term 1 for -1: [05097526-328e-47c3-8e10-f0fc997678ef:192.168.164.208:46842, 7e2f0495-8c73-49bd-ada1-0766a243ea6a:192.168.164.208:43501, da274d93-6049-45d1-b7c6-82be225b52d6:192.168.164.208:38363], old=null
2019-11-13 21:08:47,636 [grpc-default-executor-1] INFO  impl.RaftServerImpl (RaftServerImpl.java:setRole(173)) - 05097526-328e-47c3-8e10-f0fc997678ef@group-B4FB9C29ED77: changes role from  FOLLOWER to FOLLOWER at term 1 for recognizeCandidate:7e2f0495-8c73-49bd-ada1-0766a243ea6a
 100.00% |?????????????????????????????????????????????????????????????????????????????????????????????????????|  1/1 Time: 0:00:05
2019-11-13 21:08:47,636 [grpc-default-executor-2] INFO  impl.RaftServerImpl (RaftServerImpl.java:setRole(173)) - da274d93-6049-45d1-b7c6-82be225b52d6@group-B4FB9C29ED77: changes role from  FOLLOWER to FOLLOWER at term 1 for recognizeCandidate:7e2f0495-8c73-49bd-ada1-0766a243ea6a
2019-11-13 21:08:47,637 [grpc-default-executor-1] INFO  impl.RoleInfo (RoleInfo.java:shutdownFollowerState(121)) - 05097526-328e-47c3-8e10-f0fc997678ef: shutdown FollowerState
2019-11-13 21:08:47,637 [grpc-default-executor-2] INFO  impl.RoleInfo (RoleInfo.java:shutdownFollowerState(121)) - da274d93-6049-45d1-b7c6-82be225b52d6: shutdown FollowerState
2019-11-13 21:08:47,637 [grpc-default-executor-1] INFO  impl.RoleInfo (RoleInfo.java:updateAndGet(143)) - 05097526-328e-47c3-8e10-f0fc997678ef: start FollowerState
2019-11-13 21:08:47,637 [grpc-default-executor-2] INFO  impl.RoleInfo (RoleInfo.java:updateAndGet(143)) - da274d93-6049-45d1-b7c6-82be225b52d6: start FollowerState
2019-11-13 21:08:47,637 [Thread-484] INFO  impl.FollowerState (FollowerState.java:run(120)) - da274d93-6049-45d1-b7c6-82be225b52d6@group-B4FB9C29ED77-FollowerState was interrupted: java.lang.InterruptedException: sleep interrupted
2019-11-13 21:08:47,637 [Thread-483] INFO  impl.FollowerState (FollowerState.java:run(120)) - 05097526-328e-47c3-8e10-f0fc997678ef@group-B4FB9C29ED77-FollowerState was interrupted: java.lang.InterruptedException: sleep interrupted
2019-11-13 21:08:47,651 [7e2f0495-8c73-49bd-ada1-0766a243ea6a@group-B4FB9C29ED77-LeaderElection5] INFO  impl.LeaderElection (LeaderElection.java:logAndReturn(56)) - 7e2f0495-8c73-49bd-ada1-0766a243ea6a@group-B4FB9C29ED77-LeaderElection5: Election PASSED; received 1 response(s) [7e2f0495-8c73-49bd-ada1-0766a243ea6a<-da274d93-6049-45d1-b7c6-82be225b52d6#0:OK-t1] and 0 exception(s); 7e2f0495-8c73-49bd-ada1-0766a243ea6a@group-B4FB9C29ED77:t1, leader=null, voted=7e2f0495-8c73-49bd-ada1-0766a243ea6a, raftlog=7e2f0495-8c73-49bd-ada1-0766a243ea6a@group-B4FB9C29ED77-SegmentedRaftLog:OPENED:c-1,f-1,i0, conf=-1: [05097526-328e-47c3-8e10-f0fc997678ef:192.168.164.208:46842, 7e2f0495-8c73-49bd-ada1-0766a243ea6a:192.168.164.208:43501, da274d93-6049-45d1-b7c6-82be225b52d6:192.168.164.208:38363], old=null
2019-11-13 21:08:47,651 [7e2f0495-8c73-49bd-ada1-0766a243ea6a@group-B4FB9C29ED77-LeaderElection5] INFO  impl.RoleInfo (RoleInfo.java:shutdownLeaderElection(134)) - 7e2f0495-8c73-49bd-ada1-0766a243ea6a: shutdown LeaderElection
2019-11-13 21:08:47,654 [7e2f0495-8c73-49bd-ada1-0766a243ea6a@group-B4FB9C29ED77-LeaderElection5] INFO  impl.RaftServerImpl (RaftServerImpl.java:setRole(173)) - 7e2f0495-8c73-49bd-ada1-0766a243ea6a@group-B4FB9C29ED77: changes role from CANDIDATE to LEADER at term 1 for changeToLeader
2019-11-13 21:08:47,655 [7e2f0495-8c73-49bd-ada1-0766a243ea6a@group-B4FB9C29ED77-LeaderElection5] INFO  ratis.XceiverServerRatis (XceiverServerRatis.java:handleLeaderChangedNotification(697)) - Leader change notification received for group: group-B4FB9C29ED77 with new leaderId: 7e2f0495-8c73-49bd-ada1-0766a243ea6a
2019-11-13 21:08:47,655 [7e2f0495-8c73-49bd-ada1-0766a243ea6a@group-B4FB9C29ED77-LeaderElection5] INFO  impl.RaftServerImpl (ServerState.java:setLeader(255)) - 7e2f0495-8c73-49bd-ada1-0766a243ea6a@group-B4FB9C29ED77: change Leader from null to 7e2f0495-8c73-49bd-ada1-0766a243ea6a at term 1 for becomeLeader, leader elected after 5109ms
2019-11-13 21:08:47,656 [7e2f0495-8c73-49bd-ada1-0766a243ea6a@group-B4FB9C29ED77-LeaderElection5] INFO  server.RaftServerConfigKeys (ConfUtils.java:logGet(43)) - raft.server.staging.catchup.gap = 1000 (default)
2019-11-13 21:08:47,656 [7e2f0495-8c73-49bd-ada1-0766a243ea6a@group-B4FB9C29ED77-LeaderElection5] INFO  server.RaftServerConfigKeys (ConfUtils.java:logGet(43)) - raft.server.rpc.sleep.time = 25ms (default)
2019-11-13 21:08:47,656 [7e2f0495-8c73-49bd-ada1-0766a243ea6a@group-B4FB9C29ED77-LeaderElection5] INFO  server.RaftServerConfigKeys (ConfUtils.java:logGet(43)) - raft.server.write.element-limit = 4096 (default)
2019-11-13 21:08:47,657 [7e2f0495-8c73-49bd-ada1-0766a243ea6a@group-B4FB9C29ED77-LeaderElection5] INFO  server.RaftServerConfigKeys (ConfUtils.java:logGet(43)) - raft.server.watch.timeout = 10s (default)
2019-11-13 21:08:47,657 [7e2f0495-8c73-49bd-ada1-0766a243ea6a@group-B4FB9C29ED77-LeaderElection5] INFO  server.RaftServerConfigKeys (ConfUtils.java:logGet(43)) - raft.server.watch.timeout.denomination = 1s (default)
2019-11-13 21:08:47,657 [7e2f0495-8c73-49bd-ada1-0766a243ea6a@group-B4FB9C29ED77-LeaderElection5] INFO  server.RaftServerConfigKeys (ConfUtils.java:logGet(43)) - raft.server.watch.element-limit = 65536 (default)
2019-11-13 21:08:47,657 [EventQueue-PipelineReportForPipelineReportHandler] INFO  pipeline.PipelineStateManager (PipelineStateManager.java:openPipeline(134)) - Pipeline Pipeline[ Id: d08f14ed-1e32-42a8-bc18-b4fb9c29ed77, Nodes: 05097526-328e-47c3-8e10-f0fc997678ef{ip: 192.168.164.208, host: pr-hdds-2375-t422d-1049308724, networkLocation: /default-rack, certSerialId: null}da274d93-6049-45d1-b7c6-82be225b52d6{ip: 192.168.164.208, host: pr-hdds-2375-t422d-1049308724, networkLocation: /default-rack, certSerialId: null}7e2f0495-8c73-49bd-ada1-0766a243ea6a{ip: 192.168.164.208, host: pr-hdds-2375-t422d-1049308724, networkLocation: /default-rack, certSerialId: null}, Type:RATIS, Factor:THREE, State:OPEN] moved to OPEN state
2019-11-13 21:08:47,658 [7e2f0495-8c73-49bd-ada1-0766a243ea6a@group-B4FB9C29ED77-LeaderElection5] INFO  server.RaftServerConfigKeys (ConfUtils.java:logGet(43)) - raft.server.log.appender.snapshot.chunk.size.max = 16MB (=16777216) (default)
2019-11-13 21:08:47,659 [7e2f0495-8c73-49bd-ada1-0766a243ea6a@group-B4FB9C29ED77-LeaderElection5] INFO  server.RaftServerConfigKeys (ConfUtils.java:logGet(43)) - raft.server.log.appender.buffer.byte-limit = 33554432 (custom)
2019-11-13 21:08:47,659 [7e2f0495-8c73-49bd-ada1-0766a243ea6a@group-B4FB9C29ED77-LeaderElection5] INFO  server.RaftServerConfigKeys (ConfUtils.java:logGet(43)) - raft.server.log.appender.buffer.element-limit = 1 (custom)
2019-11-13 21:08:47,659 [7e2f0495-8c73-49bd-ada1-0766a243ea6a@group-B4FB9C29ED77-LeaderElection5] INFO  grpc.GrpcConfigKeys$Server (ConfUtils.java:logGet(43)) - raft.grpc.server.leader.outstanding.appends.max = 128 (default)
2019-11-13 21:08:47,660 [7e2f0495-8c73-49bd-ada1-0766a243ea6a@group-B4FB9C29ED77-LeaderElection5] INFO  server.RaftServerConfigKeys (ConfUtils.java:logGet(43)) - raft.server.rpc.request.timeout = 3000ms (default)
2019-11-13 21:08:47,661 [7e2f0495-8c73-49bd-ada1-0766a243ea6a@group-B4FB9C29ED77-LeaderElection5] INFO  server.RaftServerConfigKeys (ConfUtils.java:logGet(43)) - raft.server.log.appender.install.snapshot.enabled = false (custom)
2019-11-13 21:08:47,661 [7e2f0495-8c73-49bd-ada1-0766a243ea6a@group-B4FB9C29ED77-LeaderElection5] WARN  impl.MetricRegistriesImpl (MetricRegistriesImpl.java:lambda$create$1(61)) - First MetricRegistry has been created without registering reporters. You may need to call MetricRegistries.global().addReportRegistration(...) before.
2019-11-13 21:08:47,661 [7e2f0495-8c73-49bd-ada1-0766a243ea6a@group-B4FB9C29ED77-LeaderElection5] INFO  server.RaftServerConfigKeys (ConfUtils.java:logGet(43)) - raft.server.log.appender.snapshot.chunk.size.max = 16MB (=16777216) (default)
2019-11-13 21:08:47,662 [7e2f0495-8c73-49bd-ada1-0766a243ea6a@group-B4FB9C29ED77-LeaderElection5] INFO  server.RaftServerConfigKeys (ConfUtils.java:logGet(43)) - raft.server.log.appender.buffer.byte-limit = 33554432 (custom)
2019-11-13 21:08:47,662 [7e2f0495-8c73-49bd-ada1-0766a243ea6a@group-B4FB9C29ED77-LeaderElection5] INFO  server.RaftServerConfigKeys (ConfUtils.java:logGet(43)) - raft.server.log.appender.buffer.element-limit = 1 (custom)
2019-11-13 21:08:47,662 [7e2f0495-8c73-49bd-ada1-0766a243ea6a@group-B4FB9C29ED77-LeaderElection5] INFO  grpc.GrpcConfigKeys$Server (ConfUtils.java:logGet(43)) - raft.grpc.server.leader.outstanding.appends.max = 128 (default)
2019-11-13 21:08:47,663 [7e2f0495-8c73-49bd-ada1-0766a243ea6a@group-B4FB9C29ED77-LeaderElection5] INFO  server.RaftServerConfigKeys (ConfUtils.java:logGet(43)) - raft.server.rpc.request.timeout = 3000ms (default)
2019-11-13 21:08:47,663 [7e2f0495-8c73-49bd-ada1-0766a243ea6a@group-B4FB9C29ED77-LeaderElection5] INFO  server.RaftServerConfigKeys (ConfUtils.java:logGet(43)) - raft.server.log.appender.install.snapshot.enabled = false (custom)
2019-11-13 21:08:47,663 [7e2f0495-8c73-49bd-ada1-0766a243ea6a@group-B4FB9C29ED77-LeaderElection5] INFO  impl.RoleInfo (RoleInfo.java:updateAndGet(143)) - 7e2f0495-8c73-49bd-ada1-0766a243ea6a: start LeaderState
2019-11-13 21:08:47,664 [7e2f0495-8c73-49bd-ada1-0766a243ea6a@group-B4FB9C29ED77-LeaderElection5] INFO  segmented.SegmentedRaftLogWorker (SegmentedRaftLogWorker.java:startLogSegment(385)) - 7e2f0495-8c73-49bd-ada1-0766a243ea6a@group-B4FB9C29ED77-SegmentedRaftLogWorker: Starting segment from index:0
2019-11-13 21:08:47,665 [7e2f0495-8c73-49bd-ada1-0766a243ea6a@group-B4FB9C29ED77-LeaderElection5] INFO  impl.RaftServerImpl (ServerState.java:setRaftConf(356)) - 7e2f0495-8c73-49bd-ada1-0766a243ea6a@group-B4FB9C29ED77: set configuration 0: [05097526-328e-47c3-8e10-f0fc997678ef:192.168.164.208:46842, 7e2f0495-8c73-49bd-ada1-0766a243ea6a:192.168.164.208:43501, da274d93-6049-45d1-b7c6-82be225b52d6:192.168.164.208:38363], old=null at 0
2019-11-13 21:08:47,697 [grpc-default-executor-1] INFO  ratis.XceiverServerRatis (XceiverServerRatis.java:handleLeaderChangedNotification(697)) - Leader change notification received for group: group-B4FB9C29ED77 with new leaderId: 7e2f0495-8c73-49bd-ada1-0766a243ea6a
2019-11-13 21:08:47,698 [grpc-default-executor-1] INFO  impl.RaftServerImpl (ServerState.java:setLeader(255)) - 05097526-328e-47c3-8e10-f0fc997678ef@group-B4FB9C29ED77: change Leader from null to 7e2f0495-8c73-49bd-ada1-0766a243ea6a at term 1 for appendEntries, leader elected after 5152ms
2019-11-13 21:08:47,699 [grpc-default-executor-2] INFO  ratis.XceiverServerRatis (XceiverServerRatis.java:handleLeaderChangedNotification(697)) - Leader change notification received for group: group-B4FB9C29ED77 with new leaderId: 7e2f0495-8c73-49bd-ada1-0766a243ea6a
2019-11-13 21:08:47,699 [grpc-default-executor-2] INFO  impl.RaftServerImpl (ServerState.java:setLeader(255)) - da274d93-6049-45d1-b7c6-82be225b52d6@group-B4FB9C29ED77: change Leader from null to 7e2f0495-8c73-49bd-ada1-0766a243ea6a at term 1 for appendEntries, leader elected after 5154ms
2019-11-13 21:08:47,704 [grpc-default-executor-1] INFO  impl.RaftServerImpl (ServerState.java:setRaftConf(356)) - da274d93-6049-45d1-b7c6-82be225b52d6@group-B4FB9C29ED77: set configuration 0: [05097526-328e-47c3-8e10-f0fc997678ef:192.168.164.208:46842, 7e2f0495-8c73-49bd-ada1-0766a243ea6a:192.168.164.208:43501, da274d93-6049-45d1-b7c6-82be225b52d6:192.168.164.208:38363], old=null at 0
2019-11-13 21:08:47,705 [grpc-default-executor-1] INFO  segmented.SegmentedRaftLogWorker (SegmentedRaftLogWorker.java:startLogSegment(385)) - da274d93-6049-45d1-b7c6-82be225b52d6@group-B4FB9C29ED77-SegmentedRaftLogWorker: Starting segment from index:0
2019-11-13 21:08:47,705 [grpc-default-executor-2] INFO  impl.RaftServerImpl (ServerState.java:setRaftConf(356)) - 05097526-328e-47c3-8e10-f0fc997678ef@group-B4FB9C29ED77: set configuration 0: [05097526-328e-47c3-8e10-f0fc997678ef:192.168.164.208:46842, 7e2f0495-8c73-49bd-ada1-0766a243ea6a:192.168.164.208:43501, da274d93-6049-45d1-b7c6-82be225b52d6:192.168.164.208:38363], old=null at 0
2019-11-13 21:08:47,705 [grpc-default-executor-2] INFO  segmented.SegmentedRaftLogWorker (SegmentedRaftLogWorker.java:startLogSegment(385)) - 05097526-328e-47c3-8e10-f0fc997678ef@group-B4FB9C29ED77-SegmentedRaftLogWorker: Starting segment from index:0
2019-11-13 21:08:47,735 [7e2f0495-8c73-49bd-ada1-0766a243ea6a@group-B4FB9C29ED77-SegmentedRaftLogWorker] INFO  segmented.SegmentedRaftLogWorker (SegmentedRaftLogWorker.java:execute(576)) - 7e2f0495-8c73-49bd-ada1-0766a243ea6a@group-B4FB9C29ED77-SegmentedRaftLogWorker: created new log segment /workdir/hadoop-ozone/tools/target/test-dir/MiniOzoneClusterImpl-95b345c6-079a-4279-8b96-6675183ec06f/datanode-2/data/ratis/d08f14ed-1e32-42a8-bc18-b4fb9c29ed77/current/log_inprogress_0
2019-11-13 21:08:47,748 [da274d93-6049-45d1-b7c6-82be225b52d6@group-B4FB9C29ED77-SegmentedRaftLogWorker] INFO  segmented.SegmentedRaftLogWorker (SegmentedRaftLogWorker.java:execute(576)) - da274d93-6049-45d1-b7c6-82be225b52d6@group-B4FB9C29ED77-SegmentedRaftLogWorker: created new log segment /workdir/hadoop-ozone/tools/target/test-dir/MiniOzoneClusterImpl-95b345c6-079a-4279-8b96-6675183ec06f/datanode-0/data/ratis/d08f14ed-1e32-42a8-bc18-b4fb9c29ed77/current/log_inprogress_0
2019-11-13 21:08:47,748 [05097526-328e-47c3-8e10-f0fc997678ef@group-B4FB9C29ED77-SegmentedRaftLogWorker] INFO  segmented.SegmentedRaftLogWorker (SegmentedRaftLogWorker.java:execute(576)) - 05097526-328e-47c3-8e10-f0fc997678ef@group-B4FB9C29ED77-SegmentedRaftLogWorker: created new log segment /workdir/hadoop-ozone/tools/target/test-dir/MiniOzoneClusterImpl-95b345c6-079a-4279-8b96-6675183ec06f/datanode-1/data/ratis/d08f14ed-1e32-42a8-bc18-b4fb9c29ed77/current/log_inprogress_0
]]></system-out>
    <system-err><![CDATA[ERROR StatusLogger No Log4j 2 configuration file found. Using default configuration (logging only errors to the console), or user programmatically provided configurations. Set system property 'log4j2.debug' to show Log4j 2 internal initialization logging. See https://logging.apache.org/log4j/2.x/manual/configuration.html for instructions on how to configure Log4j 2
]]></system-err>
  </testcase>
</testsuite>