<?xml version="1.0" encoding="UTF-8"?>
<testsuite xmlns:xsi="http://www.w3.org/2001/XMLSchema-instance" xsi:noNamespaceSchemaLocation="https://maven.apache.org/surefire/maven-surefire-plugin/xsd/surefire-test-report.xsd" name="org.apache.hadoop.ozone.container.ozoneimpl.TestOzoneContainer" time="89.407" tests="7" errors="0" skipped="0" failures="3">
  <properties>
    <property name="awt.toolkit" value="sun.awt.X11.XToolkit"/>
    <property name="file.encoding.pkg" value="sun.io"/>
    <property name="java.specification.version" value="1.8"/>
    <property name="sun.cpu.isalist" value=""/>
    <property name="sun.jnu.encoding" value="ANSI_X3.4-1968"/>
    <property name="java.class.path" value="/workdir/hadoop-ozone/integration-test/target/test-classes:/workdir/hadoop-ozone/integration-test/target/classes:/home/user/.m2/repository/org/apache/hadoop/hadoop-ozone-common/0.5.0-SNAPSHOT/hadoop-ozone-common-0.5.0-SNAPSHOT.jar:/home/user/.m2/repository/org/apache/commons/commons-compress/1.4.1/commons-compress-1.4.1.jar:/home/user/.m2/repository/org/tukaani/xz/1.0/xz-1.0.jar:/home/user/.m2/repository/org/apache/hadoop/hadoop-common/3.2.0/hadoop-common-3.2.0.jar:/home/user/.m2/repository/org/apache/hadoop/hadoop-hdfs/3.2.0/hadoop-hdfs-3.2.0.jar:/home/user/.m2/repository/org/apache/hadoop/hadoop-hdfs-client/3.2.0/hadoop-hdfs-client-3.2.0.jar:/home/user/.m2/repository/com/fasterxml/jackson/core/jackson-annotations/2.9.9/jackson-annotations-2.9.9.jar:/home/user/.m2/repository/org/apache/hadoop/hadoop-hdds-common/0.5.0-SNAPSHOT/hadoop-hdds-common-0.5.0-SNAPSHOT.jar:/home/user/.m2/repository/javax/annotation/javax.annotation-api/1.2/javax.annotation-api-1.2.jar:/home/user/.m2/repository/org/apache/ratis/ratis-server/0.5.0-d6d58d0-SNAPSHOT/ratis-server-0.5.0-d6d58d0-SNAPSHOT.jar:/home/user/.m2/repository/org/apache/ratis/ratis-thirdparty-misc/0.2.0/ratis-thirdparty-misc-0.2.0.jar:/home/user/.m2/repository/org/apache/ratis/ratis-proto/0.5.0-d6d58d0-SNAPSHOT/ratis-proto-0.5.0-d6d58d0-SNAPSHOT.jar:/home/user/.m2/repository/org/apache/ratis/ratis-common/0.5.0-d6d58d0-SNAPSHOT/ratis-common-0.5.0-d6d58d0-SNAPSHOT.jar:/home/user/.m2/repository/org/apache/ratis/ratis-client/0.5.0-d6d58d0-SNAPSHOT/ratis-client-0.5.0-d6d58d0-SNAPSHOT.jar:/home/user/.m2/repository/org/apache/ratis/ratis-metrics/0.5.0-d6d58d0-SNAPSHOT/ratis-metrics-0.5.0-d6d58d0-SNAPSHOT.jar:/home/user/.m2/repository/org/apache/ratis/ratis-netty/0.5.0-d6d58d0-SNAPSHOT/ratis-netty-0.5.0-d6d58d0-SNAPSHOT.jar:/home/user/.m2/repository/org/apache/ratis/ratis-grpc/0.5.0-d6d58d0-SNAPSHOT/ratis-grpc-0.5.0-d6d58d0-SNAPSHOT.jar:/home/user/.m2/repository/org/rocksdb/rocksdbjni/6.0.1/rocksdbjni-6.0.1.jar:/home/user/.m2/repository/org/apache/logging/log4j/log4j-api/2.11.0/log4j-api-2.11.0.jar:/home/user/.m2/repository/org/apache/logging/log4j/log4j-core/2.11.0/log4j-core-2.11.0.jar:/home/user/.m2/repository/com/lmax/disruptor/3.4.2/disruptor-3.4.2.jar:/home/user/.m2/repository/org/apache/commons/commons-pool2/2.6.0/commons-pool2-2.6.0.jar:/home/user/.m2/repository/org/bouncycastle/bcpkix-jdk15on/1.60/bcpkix-jdk15on-1.60.jar:/home/user/.m2/repository/commons-validator/commons-validator/1.6/commons-validator-1.6.jar:/home/user/.m2/repository/commons-digester/commons-digester/1.8.1/commons-digester-1.8.1.jar:/home/user/.m2/repository/io/jaegertracing/jaeger-client/0.34.0/jaeger-client-0.34.0.jar:/home/user/.m2/repository/io/jaegertracing/jaeger-thrift/0.34.0/jaeger-thrift-0.34.0.jar:/home/user/.m2/repository/org/apache/thrift/libthrift/0.12.0/libthrift-0.12.0.jar:/home/user/.m2/repository/com/squareup/okhttp3/okhttp/3.9.0/okhttp-3.9.0.jar:/home/user/.m2/repository/com/squareup/okio/okio/1.13.0/okio-1.13.0.jar:/home/user/.m2/repository/io/jaegertracing/jaeger-core/0.34.0/jaeger-core-0.34.0.jar:/home/user/.m2/repository/io/jaegertracing/jaeger-tracerresolver/0.34.0/jaeger-tracerresolver-0.34.0.jar:/home/user/.m2/repository/io/opentracing/contrib/opentracing-tracerresolver/0.1.5/opentracing-tracerresolver-0.1.5.jar:/home/user/.m2/repository/io/opentracing/opentracing-util/0.31.0/opentracing-util-0.31.0.jar:/home/user/.m2/repository/io/opentracing/opentracing-api/0.31.0/opentracing-api-0.31.0.jar:/home/user/.m2/repository/io/opentracing/opentracing-noop/0.31.0/opentracing-noop-0.31.0.jar:/home/user/.m2/repository/org/apache/hadoop/hadoop-hdds-server-framework/0.5.0-SNAPSHOT/hadoop-hdds-server-framework-0.5.0-SNAPSHOT.jar:/home/user/.m2/repository/org/apache/hadoop/hadoop-hdds-container-service/0.5.0-SNAPSHOT/hadoop-hdds-container-service-0.5.0-SNAPSHOT.jar:/home/user/.m2/repository/org/apache/hadoop/hadoop-hdds-client/0.5.0-SNAPSHOT/hadoop-hdds-client-0.5.0-SNAPSHOT.jar:/home/user/.m2/repository/org/apache/hadoop/hadoop-hdds-tools/0.5.0-SNAPSHOT/hadoop-hdds-tools-0.5.0-SNAPSHOT.jar:/home/user/.m2/repository/org/apache/hadoop/hadoop-hdds-server-scm/0.5.0-SNAPSHOT/hadoop-hdds-server-scm-0.5.0-SNAPSHOT.jar:/home/user/.m2/repository/org/apache/hadoop/hadoop-hdds-docs/0.5.0-SNAPSHOT/hadoop-hdds-docs-0.5.0-SNAPSHOT.jar:/home/user/.m2/repository/io/dropwizard/metrics/metrics-core/3.2.4/metrics-core-3.2.4.jar:/home/user/.m2/repository/org/hamcrest/hamcrest-all/1.3/hamcrest-all-1.3.jar:/home/user/.m2/repository/org/bouncycastle/bcprov-jdk15on/1.60/bcprov-jdk15on-1.60.jar:/home/user/.m2/repository/info/picocli/picocli/3.9.6/picocli-3.9.6.jar:/home/user/.m2/repository/com/google/protobuf/protobuf-java/2.5.0/protobuf-java-2.5.0.jar:/home/user/.m2/repository/com/google/guava/guava/11.0.2/guava-11.0.2.jar:/home/user/.m2/repository/org/apache/hadoop/hadoop-ozone-ozone-manager/0.5.0-SNAPSHOT/hadoop-ozone-ozone-manager-0.5.0-SNAPSHOT.jar:/home/user/.m2/repository/org/apache/hadoop/hadoop-minikdc/3.2.0/hadoop-minikdc-3.2.0.jar:/home/user/.m2/repository/commons-io/commons-io/2.5/commons-io-2.5.jar:/home/user/.m2/repository/org/apache/kerby/kerb-simplekdc/1.0.1/kerb-simplekdc-1.0.1.jar:/home/user/.m2/repository/org/apache/kerby/kerb-client/1.0.1/kerb-client-1.0.1.jar:/home/user/.m2/repository/org/apache/kerby/kerby-config/1.0.1/kerby-config-1.0.1.jar:/home/user/.m2/repository/org/apache/kerby/kerb-core/1.0.1/kerb-core-1.0.1.jar:/home/user/.m2/repository/org/apache/kerby/kerby-pkix/1.0.1/kerby-pkix-1.0.1.jar:/home/user/.m2/repository/org/apache/kerby/kerby-asn1/1.0.1/kerby-asn1-1.0.1.jar:/home/user/.m2/repository/org/apache/kerby/kerby-util/1.0.1/kerby-util-1.0.1.jar:/home/user/.m2/repository/org/apache/kerby/kerb-common/1.0.1/kerb-common-1.0.1.jar:/home/user/.m2/repository/org/apache/kerby/kerb-crypto/1.0.1/kerb-crypto-1.0.1.jar:/home/user/.m2/repository/org/apache/kerby/kerb-util/1.0.1/kerb-util-1.0.1.jar:/home/user/.m2/repository/org/apache/kerby/token-provider/1.0.1/token-provider-1.0.1.jar:/home/user/.m2/repository/org/apache/kerby/kerb-admin/1.0.1/kerb-admin-1.0.1.jar:/home/user/.m2/repository/org/apache/kerby/kerb-server/1.0.1/kerb-server-1.0.1.jar:/home/user/.m2/repository/org/apache/kerby/kerb-identity/1.0.1/kerb-identity-1.0.1.jar:/home/user/.m2/repository/org/apache/kerby/kerby-xdr/1.0.1/kerby-xdr-1.0.1.jar:/home/user/.m2/repository/org/slf4j/slf4j-log4j12/1.7.25/slf4j-log4j12-1.7.25.jar:/home/user/.m2/repository/org/apache/hadoop/hadoop-ozone-s3gateway/0.5.0-SNAPSHOT/hadoop-ozone-s3gateway-0.5.0-SNAPSHOT.jar:/home/user/.m2/repository/org/jboss/weld/servlet/weld-servlet/2.4.7.Final/weld-servlet-2.4.7.Final.jar:/home/user/.m2/repository/org/glassfish/jersey/containers/jersey-container-servlet-core/2.27/jersey-container-servlet-core-2.27.jar:/home/user/.m2/repository/org/glassfish/hk2/external/javax.inject/2.5.0-b42/javax.inject-2.5.0-b42.jar:/home/user/.m2/repository/org/glassfish/jersey/core/jersey-common/2.27/jersey-common-2.27.jar:/home/user/.m2/repository/org/glassfish/hk2/osgi-resource-locator/1.0.1/osgi-resource-locator-1.0.1.jar:/home/user/.m2/repository/javax/ws/rs/javax.ws.rs-api/2.1/javax.ws.rs-api-2.1.jar:/home/user/.m2/repository/org/glassfish/jersey/ext/cdi/jersey-cdi1x/2.27/jersey-cdi1x-2.27.jar:/home/user/.m2/repository/org/glassfish/jersey/inject/jersey-hk2/2.27/jersey-hk2-2.27.jar:/home/user/.m2/repository/org/glassfish/hk2/hk2-locator/2.5.0-b42/hk2-locator-2.5.0-b42.jar:/home/user/.m2/repository/org/javassist/javassist/3.22.0-CR2/javassist-3.22.0-CR2.jar:/home/user/.m2/repository/org/glassfish/hk2/hk2-api/2.5.0/hk2-api-2.5.0.jar:/home/user/.m2/repository/org/glassfish/hk2/external/jakarta.inject/2.5.0/jakarta.inject-2.5.0.jar:/home/user/.m2/repository/org/glassfish/hk2/hk2-utils/2.5.0/hk2-utils-2.5.0.jar:/home/user/.m2/repository/jakarta/annotation/jakarta.annotation-api/1.3.4/jakarta.annotation-api-1.3.4.jar:/home/user/.m2/repository/org/glassfish/hk2/external/aopalliance-repackaged/2.5.0/aopalliance-repackaged-2.5.0.jar:/home/user/.m2/repository/com/fasterxml/jackson/dataformat/jackson-dataformat-xml/2.9.0/jackson-dataformat-xml-2.9.0.jar:/home/user/.m2/repository/com/fasterxml/jackson/core/jackson-core/2.9.9/jackson-core-2.9.9.jar:/home/user/.m2/repository/com/fasterxml/jackson/module/jackson-module-jaxb-annotations/2.9.9/jackson-module-jaxb-annotations-2.9.9.jar:/home/user/.m2/repository/javax/enterprise/cdi-api/1.2/cdi-api-1.2.jar:/home/user/.m2/repository/javax/el/javax.el-api/3.0.0/javax.el-api-3.0.0.jar:/home/user/.m2/repository/javax/interceptor/javax.interceptor-api/1.2/javax.interceptor-api-1.2.jar:/home/user/.m2/repository/javax/inject/javax.inject/1/javax.inject-1.jar:/home/user/.m2/repository/com/sun/xml/bind/jaxb-impl/2.3.0.1/jaxb-impl-2.3.0.1.jar:/home/user/.m2/repository/com/sun/xml/bind/jaxb-core/2.3.0.1/jaxb-core-2.3.0.1.jar:/home/user/.m2/repository/javax/xml/bind/jaxb-api/2.3.0/jaxb-api-2.3.0.jar:/home/user/.m2/repository/javax/activation/activation/1.1.1/activation-1.1.1.jar:/home/user/.m2/repository/org/apache/hadoop/hadoop-ozone-csi/0.5.0-SNAPSHOT/hadoop-ozone-csi-0.5.0-SNAPSHOT.jar:/home/user/.m2/repository/com/google/protobuf/protobuf-java-util/3.5.1/protobuf-java-util-3.5.1.jar:/home/user/.m2/repository/org/apache/hadoop/hadoop-hdds-config/0.5.0-SNAPSHOT/hadoop-hdds-config-0.5.0-SNAPSHOT.jar:/home/user/.m2/repository/io/grpc/grpc-netty/1.17.1/grpc-netty-1.17.1.jar:/home/user/.m2/repository/io/grpc/grpc-core/1.17.1/grpc-core-1.17.1.jar:/home/user/.m2/repository/io/grpc/grpc-context/1.17.1/grpc-context-1.17.1.jar:/home/user/.m2/repository/com/google/errorprone/error_prone_annotations/2.2.0/error_prone_annotations-2.2.0.jar:/home/user/.m2/repository/org/codehaus/mojo/animal-sniffer-annotations/1.17/animal-sniffer-annotations-1.17.jar:/home/user/.m2/repository/io/opencensus/opencensus-api/0.17.0/opencensus-api-0.17.0.jar:/home/user/.m2/repository/io/opencensus/opencensus-contrib-grpc-metrics/0.17.0/opencensus-contrib-grpc-metrics-0.17.0.jar:/home/user/.m2/repository/io/netty/netty-codec-http2/4.1.30.Final/netty-codec-http2-4.1.30.Final.jar:/home/user/.m2/repository/io/netty/netty-codec-http/4.1.30.Final/netty-codec-http-4.1.30.Final.jar:/home/user/.m2/repository/io/netty/netty-codec/4.1.30.Final/netty-codec-4.1.30.Final.jar:/home/user/.m2/repository/io/netty/netty-handler/4.1.30.Final/netty-handler-4.1.30.Final.jar:/home/user/.m2/repository/io/netty/netty-handler-proxy/4.1.30.Final/netty-handler-proxy-4.1.30.Final.jar:/home/user/.m2/repository/io/netty/netty-codec-socks/4.1.30.Final/netty-codec-socks-4.1.30.Final.jar:/home/user/.m2/repository/io/netty/netty-transport-native-epoll/4.1.30.Final/netty-transport-native-epoll-4.1.30.Final.jar:/home/user/.m2/repository/io/netty/netty-common/4.1.30.Final/netty-common-4.1.30.Final.jar:/home/user/.m2/repository/io/netty/netty-buffer/4.1.30.Final/netty-buffer-4.1.30.Final.jar:/home/user/.m2/repository/io/netty/netty-transport/4.1.30.Final/netty-transport-4.1.30.Final.jar:/home/user/.m2/repository/io/netty/netty-resolver/4.1.30.Final/netty-resolver-4.1.30.Final.jar:/home/user/.m2/repository/io/netty/netty-transport-native-unix-common/4.1.30.Final/netty-transport-native-unix-common-4.1.30.Final.jar:/home/user/.m2/repository/io/grpc/grpc-protobuf/1.17.1/grpc-protobuf-1.17.1.jar:/home/user/.m2/repository/com/google/api/grpc/proto-google-common-protos/1.0.0/proto-google-common-protos-1.0.0.jar:/home/user/.m2/repository/io/grpc/grpc-protobuf-lite/1.17.1/grpc-protobuf-lite-1.17.1.jar:/home/user/.m2/repository/io/grpc/grpc-stub/1.17.1/grpc-stub-1.17.1.jar:/home/user/.m2/repository/org/apache/hadoop/hadoop-ozone-recon/0.5.0-SNAPSHOT/hadoop-ozone-recon-0.5.0-SNAPSHOT.jar:/home/user/.m2/repository/org/apache/hadoop/hadoop-ozone-reconcodegen/0.5.0-SNAPSHOT/hadoop-ozone-reconcodegen-0.5.0-SNAPSHOT.jar:/home/user/.m2/repository/com/google/inject/extensions/guice-multibindings/4.0/guice-multibindings-4.0.jar:/home/user/.m2/repository/com/google/inject/guice/4.0/guice-4.0.jar:/home/user/.m2/repository/aopalliance/aopalliance/1.0/aopalliance-1.0.jar:/home/user/.m2/repository/com/google/inject/extensions/guice-servlet/4.0/guice-servlet-4.0.jar:/home/user/.m2/repository/org/glassfish/jersey/containers/jersey-container-servlet/2.27/jersey-container-servlet-2.27.jar:/home/user/.m2/repository/org/glassfish/hk2/guice-bridge/2.5.0/guice-bridge-2.5.0.jar:/home/user/.m2/repository/org/glassfish/jersey/core/jersey-server/2.27/jersey-server-2.27.jar:/home/user/.m2/repository/org/glassfish/jersey/core/jersey-client/2.27/jersey-client-2.27.jar:/home/user/.m2/repository/org/glassfish/jersey/media/jersey-media-jaxb/2.27/jersey-media-jaxb-2.27.jar:/home/user/.m2/repository/javax/validation/validation-api/1.1.0.Final/validation-api-1.1.0.Final.jar:/home/user/.m2/repository/org/glassfish/jersey/media/jersey-media-json-jackson/2.27/jersey-media-json-jackson-2.27.jar:/home/user/.m2/repository/org/glassfish/jersey/ext/jersey-entity-filtering/2.27/jersey-entity-filtering-2.27.jar:/home/user/.m2/repository/com/google/inject/extensions/guice-assistedinject/4.0/guice-assistedinject-4.0.jar:/home/user/.m2/repository/org/jooq/jooq/3.11.10/jooq-3.11.10.jar:/home/user/.m2/repository/org/jooq/jooq-meta/3.11.10/jooq-meta-3.11.10.jar:/home/user/.m2/repository/org/jooq/jooq-codegen/3.11.10/jooq-codegen-3.11.10.jar:/home/user/.m2/repository/com/jolbox/bonecp/0.8.0.RELEASE/bonecp-0.8.0.RELEASE.jar:/home/user/.m2/repository/org/xerial/sqlite-jdbc/3.25.2/sqlite-jdbc-3.25.2.jar:/home/user/.m2/repository/org/springframework/spring-jdbc/5.1.3.RELEASE/spring-jdbc-5.1.3.RELEASE.jar:/home/user/.m2/repository/org/springframework/spring-beans/5.1.3.RELEASE/spring-beans-5.1.3.RELEASE.jar:/home/user/.m2/repository/org/springframework/spring-core/5.1.3.RELEASE/spring-core-5.1.3.RELEASE.jar:/home/user/.m2/repository/org/springframework/spring-jcl/5.1.3.RELEASE/spring-jcl-5.1.3.RELEASE.jar:/home/user/.m2/repository/org/springframework/spring-tx/5.1.3.RELEASE/spring-tx-5.1.3.RELEASE.jar:/home/user/.m2/repository/org/apache/hadoop/hadoop-ozone-client/0.5.0-SNAPSHOT/hadoop-ozone-client-0.5.0-SNAPSHOT.jar:/home/user/.m2/repository/commons-lang/commons-lang/2.6/commons-lang-2.6.jar:/home/user/.m2/repository/org/apache/hadoop/hadoop-ozone-ozone-manager/0.5.0-SNAPSHOT/hadoop-ozone-ozone-manager-0.5.0-SNAPSHOT-tests.jar:/home/user/.m2/repository/junit/junit/4.11/junit-4.11.jar:/home/user/.m2/repository/org/hamcrest/hamcrest-core/1.3/hamcrest-core-1.3.jar:/home/user/.m2/repository/org/openjdk/jmh/jmh-core/1.19/jmh-core-1.19.jar:/home/user/.m2/repository/net/sf/jopt-simple/jopt-simple/4.6/jopt-simple-4.6.jar:/home/user/.m2/repository/org/apache/commons/commons-math3/3.1.1/commons-math3-3.1.1.jar:/home/user/.m2/repository/org/openjdk/jmh/jmh-generator-annprocess/1.19/jmh-generator-annprocess-1.19.jar:/home/user/.m2/repository/org/mockito/mockito-all/1.8.5/mockito-all-1.8.5.jar:/home/user/.m2/repository/org/apache/hadoop/hadoop-kms/3.2.0/hadoop-kms-3.2.0.jar:/home/user/.m2/repository/org/apache/hadoop/hadoop-auth/3.2.0/hadoop-auth-3.2.0.jar:/home/user/.m2/repository/com/nimbusds/nimbus-jose-jwt/4.41.1/nimbus-jose-jwt-4.41.1.jar:/home/user/.m2/repository/com/github/stephenc/jcip/jcip-annotations/1.0-1/jcip-annotations-1.0-1.jar:/home/user/.m2/repository/net/minidev/json-smart/2.3/json-smart-2.3.jar:/home/user/.m2/repository/net/minidev/accessors-smart/1.2/accessors-smart-1.2.jar:/home/user/.m2/repository/org/ow2/asm/asm/5.0.4/asm-5.0.4.jar:/home/user/.m2/repository/org/apache/curator/curator-framework/2.12.0/curator-framework-2.12.0.jar:/home/user/.m2/repository/com/sun/jersey/jersey-core/1.19/jersey-core-1.19.jar:/home/user/.m2/repository/javax/ws/rs/jsr311-api/1.1.1/jsr311-api-1.1.1.jar:/home/user/.m2/repository/com/sun/jersey/jersey-server/1.19/jersey-server-1.19.jar:/home/user/.m2/repository/javax/servlet/javax.servlet-api/3.1.0/javax.servlet-api-3.1.0.jar:/home/user/.m2/repository/org/eclipse/jetty/jetty-server/9.3.25.v20180904/jetty-server-9.3.25.v20180904.jar:/home/user/.m2/repository/org/eclipse/jetty/jetty-http/9.3.25.v20180904/jetty-http-9.3.25.v20180904.jar:/home/user/.m2/repository/org/eclipse/jetty/jetty-io/9.3.25.v20180904/jetty-io-9.3.25.v20180904.jar:/home/user/.m2/repository/org/eclipse/jetty/jetty-webapp/9.3.25.v20180904/jetty-webapp-9.3.25.v20180904.jar:/home/user/.m2/repository/org/eclipse/jetty/jetty-xml/9.3.25.v20180904/jetty-xml-9.3.25.v20180904.jar:/home/user/.m2/repository/log4j/log4j/1.2.17/log4j-1.2.17.jar:/home/user/.m2/repository/org/slf4j/slf4j-api/1.7.25/slf4j-api-1.7.25.jar:/home/user/.m2/repository/org/slf4j/jul-to-slf4j/1.7.25/jul-to-slf4j-1.7.25.jar:/home/user/.m2/repository/org/eclipse/jetty/jetty-util/9.3.25.v20180904/jetty-util-9.3.25.v20180904.jar:/home/user/.m2/repository/com/fasterxml/jackson/core/jackson-databind/2.9.9/jackson-databind-2.9.9.jar:/home/user/.m2/repository/org/apache/hadoop/hadoop-kms/3.2.0/hadoop-kms-3.2.0-tests.jar:/home/user/.m2/repository/org/apache/hadoop/hadoop-hdds-server-scm/0.5.0-SNAPSHOT/hadoop-hdds-server-scm-0.5.0-SNAPSHOT-tests.jar:/home/user/.m2/repository/org/apache/hadoop/hadoop-hdds-container-service/0.5.0-SNAPSHOT/hadoop-hdds-container-service-0.5.0-SNAPSHOT-tests.jar:/home/user/.m2/repository/org/yaml/snakeyaml/1.16/snakeyaml-1.16.jar:/home/user/.m2/repository/org/apache/hadoop/hadoop-common/3.2.0/hadoop-common-3.2.0-tests.jar:/home/user/.m2/repository/org/apache/hadoop/hadoop-annotations/3.2.0/hadoop-annotations-3.2.0.jar:/usr/lib/jvm/java-1.8.0-openjdk-1.8.0.222.b10-1.el7_7.x86_64/jre/../lib/tools.jar:/home/user/.m2/repository/commons-cli/commons-cli/1.2/commons-cli-1.2.jar:/home/user/.m2/repository/org/apache/httpcomponents/httpclient/4.5.2/httpclient-4.5.2.jar:/home/user/.m2/repository/org/apache/httpcomponents/httpcore/4.4.4/httpcore-4.4.4.jar:/home/user/.m2/repository/commons-codec/commons-codec/1.11/commons-codec-1.11.jar:/home/user/.m2/repository/commons-net/commons-net/3.6/commons-net-3.6.jar:/home/user/.m2/repository/commons-collections/commons-collections/3.2.2/commons-collections-3.2.2.jar:/home/user/.m2/repository/org/eclipse/jetty/jetty-servlet/9.3.25.v20180904/jetty-servlet-9.3.25.v20180904.jar:/home/user/.m2/repository/org/eclipse/jetty/jetty-security/9.3.25.v20180904/jetty-security-9.3.25.v20180904.jar:/home/user/.m2/repository/javax/servlet/jsp/jsp-api/2.1/jsp-api-2.1.jar:/home/user/.m2/repository/com/sun/jersey/jersey-servlet/1.19/jersey-servlet-1.19.jar:/home/user/.m2/repository/com/sun/jersey/jersey-json/1.19/jersey-json-1.19.jar:/home/user/.m2/repository/org/codehaus/jettison/jettison/1.1/jettison-1.1.jar:/home/user/.m2/repository/org/codehaus/jackson/jackson-core-asl/1.9.13/jackson-core-asl-1.9.13.jar:/home/user/.m2/repository/org/codehaus/jackson/jackson-mapper-asl/1.9.13/jackson-mapper-asl-1.9.13.jar:/home/user/.m2/repository/org/codehaus/jackson/jackson-jaxrs/1.9.13/jackson-jaxrs-1.9.13.jar:/home/user/.m2/repository/org/codehaus/jackson/jackson-xc/1.9.13/jackson-xc-1.9.13.jar:/home/user/.m2/repository/commons-logging/commons-logging/1.1.3/commons-logging-1.1.3.jar:/home/user/.m2/repository/commons-beanutils/commons-beanutils/1.9.4/commons-beanutils-1.9.4.jar:/home/user/.m2/repository/org/apache/commons/commons-configuration2/2.1.1/commons-configuration2-2.1.1.jar:/home/user/.m2/repository/org/apache/commons/commons-lang3/3.7/commons-lang3-3.7.jar:/home/user/.m2/repository/org/apache/commons/commons-text/1.4/commons-text-1.4.jar:/home/user/.m2/repository/org/apache/avro/avro/1.7.7/avro-1.7.7.jar:/home/user/.m2/repository/com/thoughtworks/paranamer/paranamer/2.3/paranamer-2.3.jar:/home/user/.m2/repository/org/xerial/snappy/snappy-java/1.0.5/snappy-java-1.0.5.jar:/home/user/.m2/repository/com/google/re2j/re2j/1.1/re2j-1.1.jar:/home/user/.m2/repository/com/google/code/gson/gson/2.2.4/gson-2.2.4.jar:/home/user/.m2/repository/com/jcraft/jsch/0.1.54/jsch-0.1.54.jar:/home/user/.m2/repository/org/apache/curator/curator-client/2.12.0/curator-client-2.12.0.jar:/home/user/.m2/repository/org/apache/curator/curator-recipes/2.12.0/curator-recipes-2.12.0.jar:/home/user/.m2/repository/com/google/code/findbugs/jsr305/3.0.0/jsr305-3.0.0.jar:/home/user/.m2/repository/org/apache/htrace/htrace-core4/4.1.0-incubating/htrace-core4-4.1.0-incubating.jar:/home/user/.m2/repository/org/apache/zookeeper/zookeeper/3.4.13/zookeeper-3.4.13.jar:/home/user/.m2/repository/jline/jline/0.9.94/jline-0.9.94.jar:/home/user/.m2/repository/org/apache/yetus/audience-annotations/0.5.0/audience-annotations-0.5.0.jar:/home/user/.m2/repository/org/codehaus/woodstox/stax2-api/3.1.4/stax2-api-3.1.4.jar:/home/user/.m2/repository/com/fasterxml/woodstox/woodstox-core/5.0.3/woodstox-core-5.0.3.jar:/home/user/.m2/repository/dnsjava/dnsjava/2.1.7/dnsjava-2.1.7.jar:/home/user/.m2/repository/org/apache/hadoop/hadoop-hdfs/3.2.0/hadoop-hdfs-3.2.0-tests.jar:/home/user/.m2/repository/org/eclipse/jetty/jetty-util-ajax/9.3.25.v20180904/jetty-util-ajax-9.3.25.v20180904.jar:/home/user/.m2/repository/commons-daemon/commons-daemon/1.0.13/commons-daemon-1.0.13.jar:/home/user/.m2/repository/io/netty/netty/3.10.5.Final/netty-3.10.5.Final.jar:/home/user/.m2/repository/io/netty/netty-all/4.0.52.Final/netty-all-4.0.52.Final.jar:/home/user/.m2/repository/org/fusesource/leveldbjni/leveldbjni-all/1.8/leveldbjni-all-1.8.jar:"/>
    <property name="java.vm.vendor" value="Oracle Corporation"/>
    <property name="sun.arch.data.model" value="64"/>
    <property name="test.build.dir" value="/workdir/hadoop-ozone/integration-test/target/test-dir"/>
    <property name="test.cache.data" value=""/>
    <property name="java.vendor.url" value="http://java.oracle.com/"/>
    <property name="user.timezone" value=""/>
    <property name="java.vm.specification.version" value="1.8"/>
    <property name="os.name" value="Linux"/>
    <property name="test.build.data" value="/workdir/hadoop-ozone/integration-test/target/test-dir"/>
    <property name="user.country" value="US"/>
    <property name="sun.java.launcher" value="SUN_STANDARD"/>
    <property name="sun.boot.library.path" value="/usr/lib/jvm/java-1.8.0-openjdk-1.8.0.222.b10-1.el7_7.x86_64/jre/lib/amd64"/>
    <property name="sun.java.command" value="/workdir/hadoop-ozone/integration-test/target/surefire/surefirebooter4062576856747581204.jar /workdir/hadoop-ozone/integration-test/target/surefire 2019-10-29T03-25-42_940-jvmRun1 surefire4144832523150439970tmp surefire_202312005956501736686tmp"/>
    <property name="surefire.test.class.path" value="/workdir/hadoop-ozone/integration-test/target/test-classes:/workdir/hadoop-ozone/integration-test/target/classes:/home/user/.m2/repository/org/apache/hadoop/hadoop-ozone-common/0.5.0-SNAPSHOT/hadoop-ozone-common-0.5.0-SNAPSHOT.jar:/home/user/.m2/repository/org/apache/commons/commons-compress/1.4.1/commons-compress-1.4.1.jar:/home/user/.m2/repository/org/tukaani/xz/1.0/xz-1.0.jar:/home/user/.m2/repository/org/apache/hadoop/hadoop-common/3.2.0/hadoop-common-3.2.0.jar:/home/user/.m2/repository/org/apache/hadoop/hadoop-hdfs/3.2.0/hadoop-hdfs-3.2.0.jar:/home/user/.m2/repository/org/apache/hadoop/hadoop-hdfs-client/3.2.0/hadoop-hdfs-client-3.2.0.jar:/home/user/.m2/repository/com/fasterxml/jackson/core/jackson-annotations/2.9.9/jackson-annotations-2.9.9.jar:/home/user/.m2/repository/org/apache/hadoop/hadoop-hdds-common/0.5.0-SNAPSHOT/hadoop-hdds-common-0.5.0-SNAPSHOT.jar:/home/user/.m2/repository/javax/annotation/javax.annotation-api/1.2/javax.annotation-api-1.2.jar:/home/user/.m2/repository/org/apache/ratis/ratis-server/0.5.0-d6d58d0-SNAPSHOT/ratis-server-0.5.0-d6d58d0-SNAPSHOT.jar:/home/user/.m2/repository/org/apache/ratis/ratis-thirdparty-misc/0.2.0/ratis-thirdparty-misc-0.2.0.jar:/home/user/.m2/repository/org/apache/ratis/ratis-proto/0.5.0-d6d58d0-SNAPSHOT/ratis-proto-0.5.0-d6d58d0-SNAPSHOT.jar:/home/user/.m2/repository/org/apache/ratis/ratis-common/0.5.0-d6d58d0-SNAPSHOT/ratis-common-0.5.0-d6d58d0-SNAPSHOT.jar:/home/user/.m2/repository/org/apache/ratis/ratis-client/0.5.0-d6d58d0-SNAPSHOT/ratis-client-0.5.0-d6d58d0-SNAPSHOT.jar:/home/user/.m2/repository/org/apache/ratis/ratis-metrics/0.5.0-d6d58d0-SNAPSHOT/ratis-metrics-0.5.0-d6d58d0-SNAPSHOT.jar:/home/user/.m2/repository/org/apache/ratis/ratis-netty/0.5.0-d6d58d0-SNAPSHOT/ratis-netty-0.5.0-d6d58d0-SNAPSHOT.jar:/home/user/.m2/repository/org/apache/ratis/ratis-grpc/0.5.0-d6d58d0-SNAPSHOT/ratis-grpc-0.5.0-d6d58d0-SNAPSHOT.jar:/home/user/.m2/repository/org/rocksdb/rocksdbjni/6.0.1/rocksdbjni-6.0.1.jar:/home/user/.m2/repository/org/apache/logging/log4j/log4j-api/2.11.0/log4j-api-2.11.0.jar:/home/user/.m2/repository/org/apache/logging/log4j/log4j-core/2.11.0/log4j-core-2.11.0.jar:/home/user/.m2/repository/com/lmax/disruptor/3.4.2/disruptor-3.4.2.jar:/home/user/.m2/repository/org/apache/commons/commons-pool2/2.6.0/commons-pool2-2.6.0.jar:/home/user/.m2/repository/org/bouncycastle/bcpkix-jdk15on/1.60/bcpkix-jdk15on-1.60.jar:/home/user/.m2/repository/commons-validator/commons-validator/1.6/commons-validator-1.6.jar:/home/user/.m2/repository/commons-digester/commons-digester/1.8.1/commons-digester-1.8.1.jar:/home/user/.m2/repository/io/jaegertracing/jaeger-client/0.34.0/jaeger-client-0.34.0.jar:/home/user/.m2/repository/io/jaegertracing/jaeger-thrift/0.34.0/jaeger-thrift-0.34.0.jar:/home/user/.m2/repository/org/apache/thrift/libthrift/0.12.0/libthrift-0.12.0.jar:/home/user/.m2/repository/com/squareup/okhttp3/okhttp/3.9.0/okhttp-3.9.0.jar:/home/user/.m2/repository/com/squareup/okio/okio/1.13.0/okio-1.13.0.jar:/home/user/.m2/repository/io/jaegertracing/jaeger-core/0.34.0/jaeger-core-0.34.0.jar:/home/user/.m2/repository/io/jaegertracing/jaeger-tracerresolver/0.34.0/jaeger-tracerresolver-0.34.0.jar:/home/user/.m2/repository/io/opentracing/contrib/opentracing-tracerresolver/0.1.5/opentracing-tracerresolver-0.1.5.jar:/home/user/.m2/repository/io/opentracing/opentracing-util/0.31.0/opentracing-util-0.31.0.jar:/home/user/.m2/repository/io/opentracing/opentracing-api/0.31.0/opentracing-api-0.31.0.jar:/home/user/.m2/repository/io/opentracing/opentracing-noop/0.31.0/opentracing-noop-0.31.0.jar:/home/user/.m2/repository/org/apache/hadoop/hadoop-hdds-server-framework/0.5.0-SNAPSHOT/hadoop-hdds-server-framework-0.5.0-SNAPSHOT.jar:/home/user/.m2/repository/org/apache/hadoop/hadoop-hdds-container-service/0.5.0-SNAPSHOT/hadoop-hdds-container-service-0.5.0-SNAPSHOT.jar:/home/user/.m2/repository/org/apache/hadoop/hadoop-hdds-client/0.5.0-SNAPSHOT/hadoop-hdds-client-0.5.0-SNAPSHOT.jar:/home/user/.m2/repository/org/apache/hadoop/hadoop-hdds-tools/0.5.0-SNAPSHOT/hadoop-hdds-tools-0.5.0-SNAPSHOT.jar:/home/user/.m2/repository/org/apache/hadoop/hadoop-hdds-server-scm/0.5.0-SNAPSHOT/hadoop-hdds-server-scm-0.5.0-SNAPSHOT.jar:/home/user/.m2/repository/org/apache/hadoop/hadoop-hdds-docs/0.5.0-SNAPSHOT/hadoop-hdds-docs-0.5.0-SNAPSHOT.jar:/home/user/.m2/repository/io/dropwizard/metrics/metrics-core/3.2.4/metrics-core-3.2.4.jar:/home/user/.m2/repository/org/hamcrest/hamcrest-all/1.3/hamcrest-all-1.3.jar:/home/user/.m2/repository/org/bouncycastle/bcprov-jdk15on/1.60/bcprov-jdk15on-1.60.jar:/home/user/.m2/repository/info/picocli/picocli/3.9.6/picocli-3.9.6.jar:/home/user/.m2/repository/com/google/protobuf/protobuf-java/2.5.0/protobuf-java-2.5.0.jar:/home/user/.m2/repository/com/google/guava/guava/11.0.2/guava-11.0.2.jar:/home/user/.m2/repository/org/apache/hadoop/hadoop-ozone-ozone-manager/0.5.0-SNAPSHOT/hadoop-ozone-ozone-manager-0.5.0-SNAPSHOT.jar:/home/user/.m2/repository/org/apache/hadoop/hadoop-minikdc/3.2.0/hadoop-minikdc-3.2.0.jar:/home/user/.m2/repository/commons-io/commons-io/2.5/commons-io-2.5.jar:/home/user/.m2/repository/org/apache/kerby/kerb-simplekdc/1.0.1/kerb-simplekdc-1.0.1.jar:/home/user/.m2/repository/org/apache/kerby/kerb-client/1.0.1/kerb-client-1.0.1.jar:/home/user/.m2/repository/org/apache/kerby/kerby-config/1.0.1/kerby-config-1.0.1.jar:/home/user/.m2/repository/org/apache/kerby/kerb-core/1.0.1/kerb-core-1.0.1.jar:/home/user/.m2/repository/org/apache/kerby/kerby-pkix/1.0.1/kerby-pkix-1.0.1.jar:/home/user/.m2/repository/org/apache/kerby/kerby-asn1/1.0.1/kerby-asn1-1.0.1.jar:/home/user/.m2/repository/org/apache/kerby/kerby-util/1.0.1/kerby-util-1.0.1.jar:/home/user/.m2/repository/org/apache/kerby/kerb-common/1.0.1/kerb-common-1.0.1.jar:/home/user/.m2/repository/org/apache/kerby/kerb-crypto/1.0.1/kerb-crypto-1.0.1.jar:/home/user/.m2/repository/org/apache/kerby/kerb-util/1.0.1/kerb-util-1.0.1.jar:/home/user/.m2/repository/org/apache/kerby/token-provider/1.0.1/token-provider-1.0.1.jar:/home/user/.m2/repository/org/apache/kerby/kerb-admin/1.0.1/kerb-admin-1.0.1.jar:/home/user/.m2/repository/org/apache/kerby/kerb-server/1.0.1/kerb-server-1.0.1.jar:/home/user/.m2/repository/org/apache/kerby/kerb-identity/1.0.1/kerb-identity-1.0.1.jar:/home/user/.m2/repository/org/apache/kerby/kerby-xdr/1.0.1/kerby-xdr-1.0.1.jar:/home/user/.m2/repository/org/slf4j/slf4j-log4j12/1.7.25/slf4j-log4j12-1.7.25.jar:/home/user/.m2/repository/org/apache/hadoop/hadoop-ozone-s3gateway/0.5.0-SNAPSHOT/hadoop-ozone-s3gateway-0.5.0-SNAPSHOT.jar:/home/user/.m2/repository/org/jboss/weld/servlet/weld-servlet/2.4.7.Final/weld-servlet-2.4.7.Final.jar:/home/user/.m2/repository/org/glassfish/jersey/containers/jersey-container-servlet-core/2.27/jersey-container-servlet-core-2.27.jar:/home/user/.m2/repository/org/glassfish/hk2/external/javax.inject/2.5.0-b42/javax.inject-2.5.0-b42.jar:/home/user/.m2/repository/org/glassfish/jersey/core/jersey-common/2.27/jersey-common-2.27.jar:/home/user/.m2/repository/org/glassfish/hk2/osgi-resource-locator/1.0.1/osgi-resource-locator-1.0.1.jar:/home/user/.m2/repository/javax/ws/rs/javax.ws.rs-api/2.1/javax.ws.rs-api-2.1.jar:/home/user/.m2/repository/org/glassfish/jersey/ext/cdi/jersey-cdi1x/2.27/jersey-cdi1x-2.27.jar:/home/user/.m2/repository/org/glassfish/jersey/inject/jersey-hk2/2.27/jersey-hk2-2.27.jar:/home/user/.m2/repository/org/glassfish/hk2/hk2-locator/2.5.0-b42/hk2-locator-2.5.0-b42.jar:/home/user/.m2/repository/org/javassist/javassist/3.22.0-CR2/javassist-3.22.0-CR2.jar:/home/user/.m2/repository/org/glassfish/hk2/hk2-api/2.5.0/hk2-api-2.5.0.jar:/home/user/.m2/repository/org/glassfish/hk2/external/jakarta.inject/2.5.0/jakarta.inject-2.5.0.jar:/home/user/.m2/repository/org/glassfish/hk2/hk2-utils/2.5.0/hk2-utils-2.5.0.jar:/home/user/.m2/repository/jakarta/annotation/jakarta.annotation-api/1.3.4/jakarta.annotation-api-1.3.4.jar:/home/user/.m2/repository/org/glassfish/hk2/external/aopalliance-repackaged/2.5.0/aopalliance-repackaged-2.5.0.jar:/home/user/.m2/repository/com/fasterxml/jackson/dataformat/jackson-dataformat-xml/2.9.0/jackson-dataformat-xml-2.9.0.jar:/home/user/.m2/repository/com/fasterxml/jackson/core/jackson-core/2.9.9/jackson-core-2.9.9.jar:/home/user/.m2/repository/com/fasterxml/jackson/module/jackson-module-jaxb-annotations/2.9.9/jackson-module-jaxb-annotations-2.9.9.jar:/home/user/.m2/repository/javax/enterprise/cdi-api/1.2/cdi-api-1.2.jar:/home/user/.m2/repository/javax/el/javax.el-api/3.0.0/javax.el-api-3.0.0.jar:/home/user/.m2/repository/javax/interceptor/javax.interceptor-api/1.2/javax.interceptor-api-1.2.jar:/home/user/.m2/repository/javax/inject/javax.inject/1/javax.inject-1.jar:/home/user/.m2/repository/com/sun/xml/bind/jaxb-impl/2.3.0.1/jaxb-impl-2.3.0.1.jar:/home/user/.m2/repository/com/sun/xml/bind/jaxb-core/2.3.0.1/jaxb-core-2.3.0.1.jar:/home/user/.m2/repository/javax/xml/bind/jaxb-api/2.3.0/jaxb-api-2.3.0.jar:/home/user/.m2/repository/javax/activation/activation/1.1.1/activation-1.1.1.jar:/home/user/.m2/repository/org/apache/hadoop/hadoop-ozone-csi/0.5.0-SNAPSHOT/hadoop-ozone-csi-0.5.0-SNAPSHOT.jar:/home/user/.m2/repository/com/google/protobuf/protobuf-java-util/3.5.1/protobuf-java-util-3.5.1.jar:/home/user/.m2/repository/org/apache/hadoop/hadoop-hdds-config/0.5.0-SNAPSHOT/hadoop-hdds-config-0.5.0-SNAPSHOT.jar:/home/user/.m2/repository/io/grpc/grpc-netty/1.17.1/grpc-netty-1.17.1.jar:/home/user/.m2/repository/io/grpc/grpc-core/1.17.1/grpc-core-1.17.1.jar:/home/user/.m2/repository/io/grpc/grpc-context/1.17.1/grpc-context-1.17.1.jar:/home/user/.m2/repository/com/google/errorprone/error_prone_annotations/2.2.0/error_prone_annotations-2.2.0.jar:/home/user/.m2/repository/org/codehaus/mojo/animal-sniffer-annotations/1.17/animal-sniffer-annotations-1.17.jar:/home/user/.m2/repository/io/opencensus/opencensus-api/0.17.0/opencensus-api-0.17.0.jar:/home/user/.m2/repository/io/opencensus/opencensus-contrib-grpc-metrics/0.17.0/opencensus-contrib-grpc-metrics-0.17.0.jar:/home/user/.m2/repository/io/netty/netty-codec-http2/4.1.30.Final/netty-codec-http2-4.1.30.Final.jar:/home/user/.m2/repository/io/netty/netty-codec-http/4.1.30.Final/netty-codec-http-4.1.30.Final.jar:/home/user/.m2/repository/io/netty/netty-codec/4.1.30.Final/netty-codec-4.1.30.Final.jar:/home/user/.m2/repository/io/netty/netty-handler/4.1.30.Final/netty-handler-4.1.30.Final.jar:/home/user/.m2/repository/io/netty/netty-handler-proxy/4.1.30.Final/netty-handler-proxy-4.1.30.Final.jar:/home/user/.m2/repository/io/netty/netty-codec-socks/4.1.30.Final/netty-codec-socks-4.1.30.Final.jar:/home/user/.m2/repository/io/netty/netty-transport-native-epoll/4.1.30.Final/netty-transport-native-epoll-4.1.30.Final.jar:/home/user/.m2/repository/io/netty/netty-common/4.1.30.Final/netty-common-4.1.30.Final.jar:/home/user/.m2/repository/io/netty/netty-buffer/4.1.30.Final/netty-buffer-4.1.30.Final.jar:/home/user/.m2/repository/io/netty/netty-transport/4.1.30.Final/netty-transport-4.1.30.Final.jar:/home/user/.m2/repository/io/netty/netty-resolver/4.1.30.Final/netty-resolver-4.1.30.Final.jar:/home/user/.m2/repository/io/netty/netty-transport-native-unix-common/4.1.30.Final/netty-transport-native-unix-common-4.1.30.Final.jar:/home/user/.m2/repository/io/grpc/grpc-protobuf/1.17.1/grpc-protobuf-1.17.1.jar:/home/user/.m2/repository/com/google/api/grpc/proto-google-common-protos/1.0.0/proto-google-common-protos-1.0.0.jar:/home/user/.m2/repository/io/grpc/grpc-protobuf-lite/1.17.1/grpc-protobuf-lite-1.17.1.jar:/home/user/.m2/repository/io/grpc/grpc-stub/1.17.1/grpc-stub-1.17.1.jar:/home/user/.m2/repository/org/apache/hadoop/hadoop-ozone-recon/0.5.0-SNAPSHOT/hadoop-ozone-recon-0.5.0-SNAPSHOT.jar:/home/user/.m2/repository/org/apache/hadoop/hadoop-ozone-reconcodegen/0.5.0-SNAPSHOT/hadoop-ozone-reconcodegen-0.5.0-SNAPSHOT.jar:/home/user/.m2/repository/com/google/inject/extensions/guice-multibindings/4.0/guice-multibindings-4.0.jar:/home/user/.m2/repository/com/google/inject/guice/4.0/guice-4.0.jar:/home/user/.m2/repository/aopalliance/aopalliance/1.0/aopalliance-1.0.jar:/home/user/.m2/repository/com/google/inject/extensions/guice-servlet/4.0/guice-servlet-4.0.jar:/home/user/.m2/repository/org/glassfish/jersey/containers/jersey-container-servlet/2.27/jersey-container-servlet-2.27.jar:/home/user/.m2/repository/org/glassfish/hk2/guice-bridge/2.5.0/guice-bridge-2.5.0.jar:/home/user/.m2/repository/org/glassfish/jersey/core/jersey-server/2.27/jersey-server-2.27.jar:/home/user/.m2/repository/org/glassfish/jersey/core/jersey-client/2.27/jersey-client-2.27.jar:/home/user/.m2/repository/org/glassfish/jersey/media/jersey-media-jaxb/2.27/jersey-media-jaxb-2.27.jar:/home/user/.m2/repository/javax/validation/validation-api/1.1.0.Final/validation-api-1.1.0.Final.jar:/home/user/.m2/repository/org/glassfish/jersey/media/jersey-media-json-jackson/2.27/jersey-media-json-jackson-2.27.jar:/home/user/.m2/repository/org/glassfish/jersey/ext/jersey-entity-filtering/2.27/jersey-entity-filtering-2.27.jar:/home/user/.m2/repository/com/google/inject/extensions/guice-assistedinject/4.0/guice-assistedinject-4.0.jar:/home/user/.m2/repository/org/jooq/jooq/3.11.10/jooq-3.11.10.jar:/home/user/.m2/repository/org/jooq/jooq-meta/3.11.10/jooq-meta-3.11.10.jar:/home/user/.m2/repository/org/jooq/jooq-codegen/3.11.10/jooq-codegen-3.11.10.jar:/home/user/.m2/repository/com/jolbox/bonecp/0.8.0.RELEASE/bonecp-0.8.0.RELEASE.jar:/home/user/.m2/repository/org/xerial/sqlite-jdbc/3.25.2/sqlite-jdbc-3.25.2.jar:/home/user/.m2/repository/org/springframework/spring-jdbc/5.1.3.RELEASE/spring-jdbc-5.1.3.RELEASE.jar:/home/user/.m2/repository/org/springframework/spring-beans/5.1.3.RELEASE/spring-beans-5.1.3.RELEASE.jar:/home/user/.m2/repository/org/springframework/spring-core/5.1.3.RELEASE/spring-core-5.1.3.RELEASE.jar:/home/user/.m2/repository/org/springframework/spring-jcl/5.1.3.RELEASE/spring-jcl-5.1.3.RELEASE.jar:/home/user/.m2/repository/org/springframework/spring-tx/5.1.3.RELEASE/spring-tx-5.1.3.RELEASE.jar:/home/user/.m2/repository/org/apache/hadoop/hadoop-ozone-client/0.5.0-SNAPSHOT/hadoop-ozone-client-0.5.0-SNAPSHOT.jar:/home/user/.m2/repository/commons-lang/commons-lang/2.6/commons-lang-2.6.jar:/home/user/.m2/repository/org/apache/hadoop/hadoop-ozone-ozone-manager/0.5.0-SNAPSHOT/hadoop-ozone-ozone-manager-0.5.0-SNAPSHOT-tests.jar:/home/user/.m2/repository/junit/junit/4.11/junit-4.11.jar:/home/user/.m2/repository/org/hamcrest/hamcrest-core/1.3/hamcrest-core-1.3.jar:/home/user/.m2/repository/org/openjdk/jmh/jmh-core/1.19/jmh-core-1.19.jar:/home/user/.m2/repository/net/sf/jopt-simple/jopt-simple/4.6/jopt-simple-4.6.jar:/home/user/.m2/repository/org/apache/commons/commons-math3/3.1.1/commons-math3-3.1.1.jar:/home/user/.m2/repository/org/openjdk/jmh/jmh-generator-annprocess/1.19/jmh-generator-annprocess-1.19.jar:/home/user/.m2/repository/org/mockito/mockito-all/1.8.5/mockito-all-1.8.5.jar:/home/user/.m2/repository/org/apache/hadoop/hadoop-kms/3.2.0/hadoop-kms-3.2.0.jar:/home/user/.m2/repository/org/apache/hadoop/hadoop-auth/3.2.0/hadoop-auth-3.2.0.jar:/home/user/.m2/repository/com/nimbusds/nimbus-jose-jwt/4.41.1/nimbus-jose-jwt-4.41.1.jar:/home/user/.m2/repository/com/github/stephenc/jcip/jcip-annotations/1.0-1/jcip-annotations-1.0-1.jar:/home/user/.m2/repository/net/minidev/json-smart/2.3/json-smart-2.3.jar:/home/user/.m2/repository/net/minidev/accessors-smart/1.2/accessors-smart-1.2.jar:/home/user/.m2/repository/org/ow2/asm/asm/5.0.4/asm-5.0.4.jar:/home/user/.m2/repository/org/apache/curator/curator-framework/2.12.0/curator-framework-2.12.0.jar:/home/user/.m2/repository/com/sun/jersey/jersey-core/1.19/jersey-core-1.19.jar:/home/user/.m2/repository/javax/ws/rs/jsr311-api/1.1.1/jsr311-api-1.1.1.jar:/home/user/.m2/repository/com/sun/jersey/jersey-server/1.19/jersey-server-1.19.jar:/home/user/.m2/repository/javax/servlet/javax.servlet-api/3.1.0/javax.servlet-api-3.1.0.jar:/home/user/.m2/repository/org/eclipse/jetty/jetty-server/9.3.25.v20180904/jetty-server-9.3.25.v20180904.jar:/home/user/.m2/repository/org/eclipse/jetty/jetty-http/9.3.25.v20180904/jetty-http-9.3.25.v20180904.jar:/home/user/.m2/repository/org/eclipse/jetty/jetty-io/9.3.25.v20180904/jetty-io-9.3.25.v20180904.jar:/home/user/.m2/repository/org/eclipse/jetty/jetty-webapp/9.3.25.v20180904/jetty-webapp-9.3.25.v20180904.jar:/home/user/.m2/repository/org/eclipse/jetty/jetty-xml/9.3.25.v20180904/jetty-xml-9.3.25.v20180904.jar:/home/user/.m2/repository/log4j/log4j/1.2.17/log4j-1.2.17.jar:/home/user/.m2/repository/org/slf4j/slf4j-api/1.7.25/slf4j-api-1.7.25.jar:/home/user/.m2/repository/org/slf4j/jul-to-slf4j/1.7.25/jul-to-slf4j-1.7.25.jar:/home/user/.m2/repository/org/eclipse/jetty/jetty-util/9.3.25.v20180904/jetty-util-9.3.25.v20180904.jar:/home/user/.m2/repository/com/fasterxml/jackson/core/jackson-databind/2.9.9/jackson-databind-2.9.9.jar:/home/user/.m2/repository/org/apache/hadoop/hadoop-kms/3.2.0/hadoop-kms-3.2.0-tests.jar:/home/user/.m2/repository/org/apache/hadoop/hadoop-hdds-server-scm/0.5.0-SNAPSHOT/hadoop-hdds-server-scm-0.5.0-SNAPSHOT-tests.jar:/home/user/.m2/repository/org/apache/hadoop/hadoop-hdds-container-service/0.5.0-SNAPSHOT/hadoop-hdds-container-service-0.5.0-SNAPSHOT-tests.jar:/home/user/.m2/repository/org/yaml/snakeyaml/1.16/snakeyaml-1.16.jar:/home/user/.m2/repository/org/apache/hadoop/hadoop-common/3.2.0/hadoop-common-3.2.0-tests.jar:/home/user/.m2/repository/org/apache/hadoop/hadoop-annotations/3.2.0/hadoop-annotations-3.2.0.jar:/usr/lib/jvm/java-1.8.0-openjdk-1.8.0.222.b10-1.el7_7.x86_64/jre/../lib/tools.jar:/home/user/.m2/repository/commons-cli/commons-cli/1.2/commons-cli-1.2.jar:/home/user/.m2/repository/org/apache/httpcomponents/httpclient/4.5.2/httpclient-4.5.2.jar:/home/user/.m2/repository/org/apache/httpcomponents/httpcore/4.4.4/httpcore-4.4.4.jar:/home/user/.m2/repository/commons-codec/commons-codec/1.11/commons-codec-1.11.jar:/home/user/.m2/repository/commons-net/commons-net/3.6/commons-net-3.6.jar:/home/user/.m2/repository/commons-collections/commons-collections/3.2.2/commons-collections-3.2.2.jar:/home/user/.m2/repository/org/eclipse/jetty/jetty-servlet/9.3.25.v20180904/jetty-servlet-9.3.25.v20180904.jar:/home/user/.m2/repository/org/eclipse/jetty/jetty-security/9.3.25.v20180904/jetty-security-9.3.25.v20180904.jar:/home/user/.m2/repository/javax/servlet/jsp/jsp-api/2.1/jsp-api-2.1.jar:/home/user/.m2/repository/com/sun/jersey/jersey-servlet/1.19/jersey-servlet-1.19.jar:/home/user/.m2/repository/com/sun/jersey/jersey-json/1.19/jersey-json-1.19.jar:/home/user/.m2/repository/org/codehaus/jettison/jettison/1.1/jettison-1.1.jar:/home/user/.m2/repository/org/codehaus/jackson/jackson-core-asl/1.9.13/jackson-core-asl-1.9.13.jar:/home/user/.m2/repository/org/codehaus/jackson/jackson-mapper-asl/1.9.13/jackson-mapper-asl-1.9.13.jar:/home/user/.m2/repository/org/codehaus/jackson/jackson-jaxrs/1.9.13/jackson-jaxrs-1.9.13.jar:/home/user/.m2/repository/org/codehaus/jackson/jackson-xc/1.9.13/jackson-xc-1.9.13.jar:/home/user/.m2/repository/commons-logging/commons-logging/1.1.3/commons-logging-1.1.3.jar:/home/user/.m2/repository/commons-beanutils/commons-beanutils/1.9.4/commons-beanutils-1.9.4.jar:/home/user/.m2/repository/org/apache/commons/commons-configuration2/2.1.1/commons-configuration2-2.1.1.jar:/home/user/.m2/repository/org/apache/commons/commons-lang3/3.7/commons-lang3-3.7.jar:/home/user/.m2/repository/org/apache/commons/commons-text/1.4/commons-text-1.4.jar:/home/user/.m2/repository/org/apache/avro/avro/1.7.7/avro-1.7.7.jar:/home/user/.m2/repository/com/thoughtworks/paranamer/paranamer/2.3/paranamer-2.3.jar:/home/user/.m2/repository/org/xerial/snappy/snappy-java/1.0.5/snappy-java-1.0.5.jar:/home/user/.m2/repository/com/google/re2j/re2j/1.1/re2j-1.1.jar:/home/user/.m2/repository/com/google/code/gson/gson/2.2.4/gson-2.2.4.jar:/home/user/.m2/repository/com/jcraft/jsch/0.1.54/jsch-0.1.54.jar:/home/user/.m2/repository/org/apache/curator/curator-client/2.12.0/curator-client-2.12.0.jar:/home/user/.m2/repository/org/apache/curator/curator-recipes/2.12.0/curator-recipes-2.12.0.jar:/home/user/.m2/repository/com/google/code/findbugs/jsr305/3.0.0/jsr305-3.0.0.jar:/home/user/.m2/repository/org/apache/htrace/htrace-core4/4.1.0-incubating/htrace-core4-4.1.0-incubating.jar:/home/user/.m2/repository/org/apache/zookeeper/zookeeper/3.4.13/zookeeper-3.4.13.jar:/home/user/.m2/repository/jline/jline/0.9.94/jline-0.9.94.jar:/home/user/.m2/repository/org/apache/yetus/audience-annotations/0.5.0/audience-annotations-0.5.0.jar:/home/user/.m2/repository/org/codehaus/woodstox/stax2-api/3.1.4/stax2-api-3.1.4.jar:/home/user/.m2/repository/com/fasterxml/woodstox/woodstox-core/5.0.3/woodstox-core-5.0.3.jar:/home/user/.m2/repository/dnsjava/dnsjava/2.1.7/dnsjava-2.1.7.jar:/home/user/.m2/repository/org/apache/hadoop/hadoop-hdfs/3.2.0/hadoop-hdfs-3.2.0-tests.jar:/home/user/.m2/repository/org/eclipse/jetty/jetty-util-ajax/9.3.25.v20180904/jetty-util-ajax-9.3.25.v20180904.jar:/home/user/.m2/repository/commons-daemon/commons-daemon/1.0.13/commons-daemon-1.0.13.jar:/home/user/.m2/repository/io/netty/netty/3.10.5.Final/netty-3.10.5.Final.jar:/home/user/.m2/repository/io/netty/netty-all/4.0.52.Final/netty-all-4.0.52.Final.jar:/home/user/.m2/repository/org/fusesource/leveldbjni/leveldbjni-all/1.8/leveldbjni-all-1.8.jar:"/>
    <property name="sun.cpu.endian" value="little"/>
    <property name="user.home" value="/home/user"/>
    <property name="user.language" value="en"/>
    <property name="java.specification.vendor" value="Oracle Corporation"/>
    <property name="java.home" value="/usr/lib/jvm/java-1.8.0-openjdk-1.8.0.222.b10-1.el7_7.x86_64/jre"/>
    <property name="surefire.excludesFile" value="/tools/ozone-bad-unit-tests"/>
    <property name="java.security.krb5.conf" value="/workdir/hadoop-ozone/integration-test/target/test-classes/krb5.conf"/>
    <property name="basedir" value="/workdir/hadoop-ozone/integration-test"/>
    <property name="file.separator" value="/"/>
    <property name="line.separator" value="&#10;"/>
    <property name="java.vm.specification.vendor" value="Oracle Corporation"/>
    <property name="java.specification.name" value="Java Platform API Specification"/>
    <property name="java.awt.graphicsenv" value="sun.awt.X11GraphicsEnvironment"/>
    <property name="surefire.real.class.path" value="/workdir/hadoop-ozone/integration-test/target/surefire/surefirebooter4062576856747581204.jar"/>
    <property name="hadoop.log.dir" value="/workdir/hadoop-ozone/integration-test/target/log"/>
    <property name="sun.boot.class.path" value="/usr/lib/jvm/java-1.8.0-openjdk-1.8.0.222.b10-1.el7_7.x86_64/jre/lib/resources.jar:/usr/lib/jvm/java-1.8.0-openjdk-1.8.0.222.b10-1.el7_7.x86_64/jre/lib/rt.jar:/usr/lib/jvm/java-1.8.0-openjdk-1.8.0.222.b10-1.el7_7.x86_64/jre/lib/sunrsasign.jar:/usr/lib/jvm/java-1.8.0-openjdk-1.8.0.222.b10-1.el7_7.x86_64/jre/lib/jsse.jar:/usr/lib/jvm/java-1.8.0-openjdk-1.8.0.222.b10-1.el7_7.x86_64/jre/lib/jce.jar:/usr/lib/jvm/java-1.8.0-openjdk-1.8.0.222.b10-1.el7_7.x86_64/jre/lib/charsets.jar:/usr/lib/jvm/java-1.8.0-openjdk-1.8.0.222.b10-1.el7_7.x86_64/jre/lib/jfr.jar:/usr/lib/jvm/java-1.8.0-openjdk-1.8.0.222.b10-1.el7_7.x86_64/jre/classes"/>
    <property name="sun.management.compiler" value="HotSpot 64-Bit Tiered Compilers"/>
    <property name="java.runtime.version" value="1.8.0_222-b10"/>
    <property name="java.net.preferIPv4Stack" value="true"/>
    <property name="user.name" value="jenkins1000"/>
    <property name="path.separator" value=":"/>
    <property name="java.security.egd" value="file:///dev/urandom"/>
    <property name="os.version" value="3.10.0-957.12.2.el7.x86_64"/>
    <property name="java.endorsed.dirs" value="/usr/lib/jvm/java-1.8.0-openjdk-1.8.0.222.b10-1.el7_7.x86_64/jre/lib/endorsed"/>
    <property name="java.runtime.name" value="OpenJDK Runtime Environment"/>
    <property name="file.encoding" value="ANSI_X3.4-1968"/>
    <property name="java.vm.name" value="OpenJDK 64-Bit Server VM"/>
    <property name="test.build.webapps" value=""/>
    <property name="localRepository" value="/home/user/.m2/repository"/>
    <property name="java.vendor.url.bug" value="http://bugreport.sun.com/bugreport/"/>
    <property name="java.io.tmpdir" value="/tmp"/>
    <property name="require.test.libhadoop" value=""/>
    <property name="java.version" value="1.8.0_222"/>
    <property name="user.dir" value="/workdir/hadoop-ozone/integration-test"/>
    <property name="os.arch" value="amd64"/>
    <property name="java.vm.specification.name" value="Java Virtual Machine Specification"/>
    <property name="test.build.classes" value="/workdir/hadoop-ozone/integration-test/target/test-classes"/>
    <property name="java.awt.printerjob" value="sun.print.PSPrinterJob"/>
    <property name="sun.os.patch.level" value="unknown"/>
    <property name="hadoop.tmp.dir" value="/workdir/hadoop-ozone/integration-test/target/tmp"/>
    <property name="java.library.path" value="/usr/lib:/workdir/hadoop-ozone/integration-test/target/native/target/usr/local/lib:/workdir/hadoop-ozone/integration-test/../../hadoop-common-project/hadoop-common/target/native/target/usr/local/lib:/usr/java/packages/lib/amd64:/usr/lib64:/lib64:/lib:/usr/lib"/>
    <property name="java.vm.info" value="mixed mode"/>
    <property name="java.vendor" value="Oracle Corporation"/>
    <property name="java.vm.version" value="25.222-b10"/>
    <property name="java.ext.dirs" value="/usr/lib/jvm/java-1.8.0-openjdk-1.8.0.222.b10-1.el7_7.x86_64/jre/lib/ext:/usr/java/packages/lib/ext"/>
    <property name="sun.io.unicode.encoding" value="UnicodeLittle"/>
    <property name="java.class.version" value="52.0"/>
  </properties>
  <testcase name="testBothGetandPutSmallFile" classname="org.apache.hadoop.ozone.container.ozoneimpl.TestOzoneContainer" time="15.328"/>
  <testcase name="testCloseContainer" classname="org.apache.hadoop.ozone.container.ozoneimpl.TestOzoneContainer" time="11.622">
    <failure message="expected:&lt;SUCCESS&gt; but was:&lt;INVALID_WRITE_SIZE&gt;" type="java.lang.AssertionError"><![CDATA[java.lang.AssertionError: expected:<SUCCESS> but was:<INVALID_WRITE_SIZE>
	at org.junit.Assert.fail(Assert.java:88)
	at org.junit.Assert.failNotEquals(Assert.java:743)
	at org.junit.Assert.assertEquals(Assert.java:118)
	at org.junit.Assert.assertEquals(Assert.java:144)
	at org.apache.hadoop.ozone.container.ozoneimpl.TestOzoneContainer.writeChunkForContainer(TestOzoneContainer.java:571)
	at org.apache.hadoop.ozone.container.ozoneimpl.TestOzoneContainer.testCloseContainer(TestOzoneContainer.java:347)
	at sun.reflect.NativeMethodAccessorImpl.invoke0(Native Method)
	at sun.reflect.NativeMethodAccessorImpl.invoke(NativeMethodAccessorImpl.java:62)
	at sun.reflect.DelegatingMethodAccessorImpl.invoke(DelegatingMethodAccessorImpl.java:43)
	at java.lang.reflect.Method.invoke(Method.java:498)
	at org.junit.runners.model.FrameworkMethod$1.runReflectiveCall(FrameworkMethod.java:47)
	at org.junit.internal.runners.model.ReflectiveCallable.run(ReflectiveCallable.java:12)
	at org.junit.runners.model.FrameworkMethod.invokeExplosively(FrameworkMethod.java:44)
	at org.junit.internal.runners.statements.InvokeMethod.evaluate(InvokeMethod.java:17)
	at org.junit.internal.runners.statements.FailOnTimeout$StatementThread.run(FailOnTimeout.java:74)
]]></failure>
    <system-out><![CDATA[2019-10-29 03:48:16,748 [Thread-157] WARN  server.ServerUtils (ServerUtils.java:getScmDbDir(145)) - ozone.scm.db.dirs is not configured. We recommend adding this setting. Falling back to ozone.metadata.dirs instead.
2019-10-29 03:48:16,765 [Thread-157] WARN  server.ServerUtils (ServerUtils.java:getScmDbDir(145)) - ozone.scm.db.dirs is not configured. We recommend adding this setting. Falling back to ozone.metadata.dirs instead.
2019-10-29 03:48:16,765 [Thread-157] WARN  server.ServerUtils (ServerUtils.java:getScmDbDir(145)) - ozone.scm.db.dirs is not configured. We recommend adding this setting. Falling back to ozone.metadata.dirs instead.
2019-10-29 03:48:16,766 [Thread-157] INFO  db.DBStoreBuilder (DBStoreBuilder.java:addTable(127)) - using custom profile for table: deletedBlocks
2019-10-29 03:48:16,766 [Thread-157] INFO  db.DBStoreBuilder (DBStoreBuilder.java:processTables(183)) - Using default column profile:DBProfile.DISK for Table:deletedBlocks
2019-10-29 03:48:16,767 [Thread-157] INFO  db.DBStoreBuilder (DBStoreBuilder.java:addTable(127)) - using custom profile for table: validCerts
2019-10-29 03:48:16,767 [Thread-157] INFO  db.DBStoreBuilder (DBStoreBuilder.java:processTables(183)) - Using default column profile:DBProfile.DISK for Table:validCerts
2019-10-29 03:48:16,767 [Thread-157] INFO  db.DBStoreBuilder (DBStoreBuilder.java:addTable(127)) - using custom profile for table: revokedCerts
2019-10-29 03:48:16,767 [Thread-157] INFO  db.DBStoreBuilder (DBStoreBuilder.java:processTables(183)) - Using default column profile:DBProfile.DISK for Table:revokedCerts
2019-10-29 03:48:16,768 [Thread-157] INFO  db.DBStoreBuilder (DBStoreBuilder.java:addTable(127)) - using custom profile for table: default
2019-10-29 03:48:16,768 [Thread-157] INFO  db.DBStoreBuilder (DBStoreBuilder.java:processTables(189)) - Using default column profile:DBProfile.DISK for Table:default
2019-10-29 03:48:16,768 [Thread-157] INFO  db.DBStoreBuilder (DBStoreBuilder.java:getDbProfile(220)) - Using default options. DBProfile.DISK
2019-10-29 03:48:16,983 [Thread-157] INFO  net.NodeSchemaLoader (NodeSchemaLoader.java:loadSchemaFromFile(125)) - Loading file from sun.misc.CompoundEnumeration@72809bd0
2019-10-29 03:48:16,983 [Thread-157] INFO  net.NodeSchemaLoader (NodeSchemaLoader.java:loadSchema(171)) - Loading network topology layer schema file
2019-10-29 03:48:16,990 [Thread-157] WARN  server.ServerUtils (ServerUtils.java:sanitizeUserArgs(70)) - ozone.scm.stale.node.interval value = 300000 is larger than max = 100000 based on the key value of ozone.scm.heartbeat.thread.interval, reset to the max value 100000.
2019-10-29 03:48:16,990 [Thread-157] WARN  server.ServerUtils (ServerUtils.java:sanitizeUserArgs(70)) - ozone.scm.stale.node.interval value = 300000 is larger than max = 100000 based on the key value of ozone.scm.heartbeat.thread.interval, reset to the max value 100000.
2019-10-29 03:48:16,991 [Thread-157] INFO  node.SCMNodeManager (SCMNodeManager.java:<init>(116)) - Entering startup safe mode.
2019-10-29 03:48:16,992 [Thread-157] INFO  algorithms.ContainerPlacementPolicyFactory (ContainerPlacementPolicyFactory.java:getPolicy(57)) - Create container placement policy of type org.apache.hadoop.hdds.scm.container.placement.algorithms.SCMContainerPlacementRandom
2019-10-29 03:48:16,992 [Thread-157] WARN  server.ServerUtils (ServerUtils.java:getScmDbDir(145)) - ozone.scm.db.dirs is not configured. We recommend adding this setting. Falling back to ozone.metadata.dirs instead.
2019-10-29 03:48:17,093 [Thread-157] INFO  pipeline.SCMPipelineManager (SCMPipelineManager.java:initializePipelineState(132)) - No pipeline exists in current db
2019-10-29 03:48:17,093 [Thread-157] WARN  server.ServerUtils (ServerUtils.java:getScmDbDir(145)) - ozone.scm.db.dirs is not configured. We recommend adding this setting. Falling back to ozone.metadata.dirs instead.
2019-10-29 03:48:17,166 [Thread-157] WARN  events.EventQueue (EventQueue.java:fireEvent(183)) - No event handler registered for event TypedEvent{payloadType=SafeModeStatus, name='SafeModeStatus'}
2019-10-29 03:48:17,168 [Thread-157] INFO  ipc.CallQueueManager (CallQueueManager.java:<init>(84)) - Using callQueue: class java.util.concurrent.LinkedBlockingQueue, queueCapacity: 2000, scheduler: class org.apache.hadoop.ipc.DefaultRpcScheduler, ipcBackoff: false.
2019-10-29 03:48:17,169 [Socket Reader #1 for port 40072] INFO  ipc.Server (Server.java:run(1074)) - Starting Socket Reader #1 for port 40072
2019-10-29 03:48:17,171 [Thread-157] INFO  ipc.CallQueueManager (CallQueueManager.java:<init>(84)) - Using callQueue: class java.util.concurrent.LinkedBlockingQueue, queueCapacity: 2000, scheduler: class org.apache.hadoop.ipc.DefaultRpcScheduler, ipcBackoff: false.
2019-10-29 03:48:17,172 [Socket Reader #1 for port 44373] INFO  ipc.Server (Server.java:run(1074)) - Starting Socket Reader #1 for port 44373
2019-10-29 03:48:17,174 [Thread-157] INFO  ipc.CallQueueManager (CallQueueManager.java:<init>(84)) - Using callQueue: class java.util.concurrent.LinkedBlockingQueue, queueCapacity: 2000, scheduler: class org.apache.hadoop.ipc.DefaultRpcScheduler, ipcBackoff: false.
2019-10-29 03:48:17,176 [Socket Reader #1 for port 40307] INFO  ipc.Server (Server.java:run(1074)) - Starting Socket Reader #1 for port 40307
2019-10-29 03:48:17,179 [Thread-157] INFO  hdfs.DFSUtil (DFSUtil.java:httpServerTemplateForNNAndJN(1641)) - Starting Web-server for scm at: http://0.0.0.0:0
2019-10-29 03:48:17,181 [Thread-157] INFO  server.AuthenticationFilter (AuthenticationFilter.java:constructSecretProvider(240)) - Unable to initialize FileSignerSecretProvider, falling back to use random secrets.
2019-10-29 03:48:17,182 [Thread-157] WARN  http.HttpRequestLog (HttpRequestLog.java:getRequestLog(97)) - Jetty request log can only be enabled using Log4j
2019-10-29 03:48:17,184 [Thread-157] INFO  http.HttpServer2 (HttpServer2.java:addGlobalFilter(975)) - Added global filter 'safety' (class=org.apache.hadoop.http.HttpServer2$QuotingInputFilter)
2019-10-29 03:48:17,184 [Thread-157] INFO  http.HttpServer2 (HttpServer2.java:addFilter(948)) - Added filter static_user_filter (class=org.apache.hadoop.http.lib.StaticUserWebFilter$StaticUserFilter) to context scm
2019-10-29 03:48:17,185 [Thread-157] INFO  http.HttpServer2 (HttpServer2.java:addFilter(958)) - Added filter static_user_filter (class=org.apache.hadoop.http.lib.StaticUserWebFilter$StaticUserFilter) to context logs
2019-10-29 03:48:17,185 [Thread-157] INFO  http.HttpServer2 (HttpServer2.java:addFilter(958)) - Added filter static_user_filter (class=org.apache.hadoop.http.lib.StaticUserWebFilter$StaticUserFilter) to context static
2019-10-29 03:48:17,188 [Thread-157] INFO  server.StorageContainerManager (StorageContainerManager.java:start(772)) - StorageContainerLocationProtocol RPC server is listening at /0.0.0.0:40307
2019-10-29 03:48:17,191 [Thread-157] WARN  impl.MetricsConfig (MetricsConfig.java:loadFirst(134)) - Cannot locate configuration: tried hadoop-metrics2-storagecontainermanager.properties,hadoop-metrics2.properties
2019-10-29 03:48:17,193 [Thread-157] INFO  impl.MetricsSystemImpl (MetricsSystemImpl.java:startTimer(374)) - Scheduled Metric snapshot period at 10 second(s).
2019-10-29 03:48:17,193 [Thread-157] INFO  impl.MetricsSystemImpl (MetricsSystemImpl.java:start(191)) - StorageContainerManager metrics system started
2019-10-29 03:48:17,207 [Thread-157] WARN  impl.MetricsSystemImpl (MetricsSystemImpl.java:register(276)) - Sink prometheus already exists!
2019-10-29 03:48:17,214 [Thread-157] INFO  server.SCMClientProtocolServer (SCMClientProtocolServer.java:start(159)) - RPC server for Client  is listening at /0.0.0.0:40307
2019-10-29 03:48:17,215 [IPC Server Responder] INFO  ipc.Server (Server.java:run(1314)) - IPC Server Responder: starting
2019-10-29 03:48:17,215 [IPC Server listener on 40307] INFO  ipc.Server (Server.java:run(1153)) - IPC Server listener on 40307: starting
2019-10-29 03:48:17,219 [Thread-157] INFO  server.StorageContainerManager (StorageContainerManager.java:start(782)) - ScmBlockLocationProtocol RPC server is listening at /0.0.0.0:44373
2019-10-29 03:48:17,219 [Thread-157] INFO  server.SCMBlockProtocolServer (SCMBlockProtocolServer.java:start(146)) - RPC server for Block Protocol is listening at /0.0.0.0:44373
2019-10-29 03:48:17,220 [IPC Server Responder] INFO  ipc.Server (Server.java:run(1314)) - IPC Server Responder: starting
2019-10-29 03:48:17,220 [IPC Server listener on 44373] INFO  ipc.Server (Server.java:run(1153)) - IPC Server listener on 44373: starting
2019-10-29 03:48:17,223 [Thread-157] INFO  server.StorageContainerManager (StorageContainerManager.java:start(786)) - ScmDatanodeProtocl RPC server is listening at /0.0.0.0:40072
2019-10-29 03:48:17,224 [Thread-157] INFO  server.SCMDatanodeProtocolServer (SCMDatanodeProtocolServer.java:start(169)) - RPC server for DataNodes is listening at /0.0.0.0:40072
2019-10-29 03:48:17,224 [IPC Server Responder] INFO  ipc.Server (Server.java:run(1314)) - IPC Server Responder: starting
2019-10-29 03:48:17,224 [IPC Server listener on 40072] INFO  ipc.Server (Server.java:run(1153)) - IPC Server listener on 40072: starting
2019-10-29 03:48:17,228 [Thread-157] INFO  http.HttpServer2 (HttpServer2.java:bindListener(1191)) - Jetty bound to port 40730
2019-10-29 03:48:17,228 [Thread-157] INFO  server.Server (Server.java:doStart(351)) - jetty-9.3.25.v20180904, build timestamp: 2018-09-04T21:11:46Z, git hash: 3ce520221d0240229c862b122d2b06c12a625732
2019-10-29 03:48:17,231 [Thread-157] INFO  handler.ContextHandler (ContextHandler.java:doStart(781)) - Started o.e.j.s.ServletContextHandler@29765db4{/logs,file:///workdir/hadoop-ozone/integration-test/target/log,AVAILABLE}
2019-10-29 03:48:17,231 [Thread-157] INFO  handler.ContextHandler (ContextHandler.java:doStart(781)) - Started o.e.j.s.ServletContextHandler@3e292b42{/static,file:///workdir/hadoop-ozone/integration-test/target/test-classes/webapps/static,AVAILABLE}
2019-10-29 03:48:17,239 [Thread-157] INFO  handler.ContextHandler (ContextHandler.java:doStart(781)) - Started o.e.j.w.WebAppContext@4b8bf6bc{/,file:///workdir/hadoop-ozone/integration-test/target/test-classes/webapps/scm/,AVAILABLE}{/scm}
2019-10-29 03:48:17,240 [Thread-157] INFO  server.AbstractConnector (AbstractConnector.java:doStart(278)) - Started ServerConnector@6ec1912c{HTTP/1.1,[http/1.1]}{0.0.0.0:40730}
2019-10-29 03:48:17,240 [Thread-157] INFO  server.Server (Server.java:doStart(419)) - Started @16279ms
2019-10-29 03:48:17,241 [Thread-157] WARN  impl.MetricsSystemImpl (MetricsSystemImpl.java:register(276)) - Sink prometheus already exists!
2019-10-29 03:48:17,242 [Thread-157] INFO  server.BaseHttpServer (BaseHttpServer.java:updateConnectorAddress(215)) - HTTP server of SCM is listening at http://0.0.0.0:40730
2019-10-29 03:48:17,243 [Thread-157] WARN  server.ServerUtils (ServerUtils.java:getDBPath(222)) - ozone.om.db.dirs is not configured. We recommend adding this setting. Falling back to ozone.metadata.dirs instead.
2019-10-29 03:48:17,243 [org.apache.hadoop.util.JvmPauseMonitor$Monitor@5a7ab172] INFO  util.JvmPauseMonitor (JvmPauseMonitor.java:run(188)) - Starting JVM pause monitor
2019-10-29 03:48:17,257 [Thread-157] INFO  ha.OMHANodeDetails (OMHANodeDetails.java:loadOMHAConfig(190)) - Configuration either no ozone.om.address set. Falling back to the default OM address /127.0.0.1:0
2019-10-29 03:48:17,257 [Thread-157] INFO  ha.OMHANodeDetails (OMHANodeDetails.java:getOMNodeDetails(220)) - OM Service ID is not set. Setting it to the default ID: omServiceIdDefault
2019-10-29 03:48:17,258 [Thread-157] WARN  server.ServerUtils (ServerUtils.java:getDBPath(222)) - ozone.om.db.dirs is not configured. We recommend adding this setting. Falling back to ozone.metadata.dirs instead.
2019-10-29 03:48:17,258 [Thread-157] WARN  server.ServerUtils (ServerUtils.java:getDBPath(222)) - ozone.om.db.dirs is not configured. We recommend adding this setting. Falling back to ozone.metadata.dirs instead.
2019-10-29 03:48:17,266 [Thread-157] WARN  server.ServerUtils (ServerUtils.java:getDBPath(222)) - ozone.om.db.dirs is not configured. We recommend adding this setting. Falling back to ozone.metadata.dirs instead.
2019-10-29 03:48:17,267 [Thread-157] INFO  db.DBStoreBuilder (DBStoreBuilder.java:addTable(127)) - using custom profile for table: userTable
2019-10-29 03:48:17,267 [Thread-157] INFO  db.DBStoreBuilder (DBStoreBuilder.java:processTables(183)) - Using default column profile:DBProfile.DISK for Table:userTable
2019-10-29 03:48:17,267 [Thread-157] INFO  db.DBStoreBuilder (DBStoreBuilder.java:addTable(127)) - using custom profile for table: volumeTable
2019-10-29 03:48:17,267 [Thread-157] INFO  db.DBStoreBuilder (DBStoreBuilder.java:processTables(183)) - Using default column profile:DBProfile.DISK for Table:volumeTable
2019-10-29 03:48:17,267 [Thread-157] INFO  db.DBStoreBuilder (DBStoreBuilder.java:addTable(127)) - using custom profile for table: bucketTable
2019-10-29 03:48:17,268 [Thread-157] INFO  db.DBStoreBuilder (DBStoreBuilder.java:processTables(183)) - Using default column profile:DBProfile.DISK for Table:bucketTable
2019-10-29 03:48:17,268 [Thread-157] INFO  db.DBStoreBuilder (DBStoreBuilder.java:addTable(127)) - using custom profile for table: keyTable
2019-10-29 03:48:17,268 [Thread-157] INFO  db.DBStoreBuilder (DBStoreBuilder.java:processTables(183)) - Using default column profile:DBProfile.DISK for Table:keyTable
2019-10-29 03:48:17,268 [Thread-157] INFO  db.DBStoreBuilder (DBStoreBuilder.java:addTable(127)) - using custom profile for table: deletedTable
2019-10-29 03:48:17,268 [Thread-157] INFO  db.DBStoreBuilder (DBStoreBuilder.java:processTables(183)) - Using default column profile:DBProfile.DISK for Table:deletedTable
2019-10-29 03:48:17,269 [Thread-157] INFO  db.DBStoreBuilder (DBStoreBuilder.java:addTable(127)) - using custom profile for table: openKeyTable
2019-10-29 03:48:17,269 [Thread-157] INFO  db.DBStoreBuilder (DBStoreBuilder.java:processTables(183)) - Using default column profile:DBProfile.DISK for Table:openKeyTable
2019-10-29 03:48:17,269 [Thread-157] INFO  db.DBStoreBuilder (DBStoreBuilder.java:addTable(127)) - using custom profile for table: s3Table
2019-10-29 03:48:17,269 [Thread-157] INFO  db.DBStoreBuilder (DBStoreBuilder.java:processTables(183)) - Using default column profile:DBProfile.DISK for Table:s3Table
2019-10-29 03:48:17,270 [Thread-157] INFO  db.DBStoreBuilder (DBStoreBuilder.java:addTable(127)) - using custom profile for table: multipartInfoTable
2019-10-29 03:48:17,270 [Thread-157] INFO  db.DBStoreBuilder (DBStoreBuilder.java:processTables(183)) - Using default column profile:DBProfile.DISK for Table:multipartInfoTable
2019-10-29 03:48:17,270 [Thread-157] INFO  db.DBStoreBuilder (DBStoreBuilder.java:addTable(127)) - using custom profile for table: dTokenTable
2019-10-29 03:48:17,270 [Thread-157] INFO  db.DBStoreBuilder (DBStoreBuilder.java:processTables(183)) - Using default column profile:DBProfile.DISK for Table:dTokenTable
2019-10-29 03:48:17,270 [Thread-157] INFO  db.DBStoreBuilder (DBStoreBuilder.java:addTable(127)) - using custom profile for table: s3SecretTable
2019-10-29 03:48:17,271 [Thread-157] INFO  db.DBStoreBuilder (DBStoreBuilder.java:processTables(183)) - Using default column profile:DBProfile.DISK for Table:s3SecretTable
2019-10-29 03:48:17,271 [Thread-157] INFO  db.DBStoreBuilder (DBStoreBuilder.java:addTable(127)) - using custom profile for table: prefixTable
2019-10-29 03:48:17,271 [Thread-157] INFO  db.DBStoreBuilder (DBStoreBuilder.java:processTables(183)) - Using default column profile:DBProfile.DISK for Table:prefixTable
2019-10-29 03:48:17,271 [Thread-157] INFO  db.DBStoreBuilder (DBStoreBuilder.java:addTable(127)) - using custom profile for table: default
2019-10-29 03:48:17,271 [Thread-157] INFO  db.DBStoreBuilder (DBStoreBuilder.java:processTables(189)) - Using default column profile:DBProfile.DISK for Table:default
2019-10-29 03:48:17,272 [Thread-157] INFO  db.DBStoreBuilder (DBStoreBuilder.java:getDbProfile(220)) - Using default options. DBProfile.DISK
2019-10-29 03:48:17,879 [Thread-157] INFO  ipc.CallQueueManager (CallQueueManager.java:<init>(84)) - Using callQueue: class java.util.concurrent.LinkedBlockingQueue, queueCapacity: 2000, scheduler: class org.apache.hadoop.ipc.DefaultRpcScheduler, ipcBackoff: false.
2019-10-29 03:48:17,880 [Socket Reader #1 for port 45727] INFO  ipc.Server (Server.java:run(1074)) - Starting Socket Reader #1 for port 45727
2019-10-29 03:48:17,902 [Thread-157] INFO  om.OzoneManager (OzoneManager.java:start(1074)) - OzoneManager RPC server is listening at localhost/127.0.0.1:45727
2019-10-29 03:48:17,902 [Thread-157] INFO  impl.MetricsSystemImpl (MetricsSystemImpl.java:init(158)) - OzoneManager metrics system started (again)
2019-10-29 03:48:17,903 [IPC Server Responder] INFO  ipc.Server (Server.java:run(1314)) - IPC Server Responder: starting
2019-10-29 03:48:17,903 [IPC Server listener on 45727] INFO  ipc.Server (Server.java:run(1153)) - IPC Server listener on 45727: starting
2019-10-29 03:48:17,910 [Thread-157] INFO  hdfs.DFSUtil (DFSUtil.java:httpServerTemplateForNNAndJN(1641)) - Starting Web-server for ozoneManager at: http://0.0.0.0:0
2019-10-29 03:48:17,912 [Thread-157] INFO  server.AuthenticationFilter (AuthenticationFilter.java:constructSecretProvider(240)) - Unable to initialize FileSignerSecretProvider, falling back to use random secrets.
2019-10-29 03:48:17,913 [Thread-157] WARN  http.HttpRequestLog (HttpRequestLog.java:getRequestLog(97)) - Jetty request log can only be enabled using Log4j
2019-10-29 03:48:17,916 [Thread-157] INFO  http.HttpServer2 (HttpServer2.java:addGlobalFilter(975)) - Added global filter 'safety' (class=org.apache.hadoop.http.HttpServer2$QuotingInputFilter)
2019-10-29 03:48:17,917 [Thread-157] INFO  http.HttpServer2 (HttpServer2.java:addFilter(948)) - Added filter static_user_filter (class=org.apache.hadoop.http.lib.StaticUserWebFilter$StaticUserFilter) to context ozoneManager
2019-10-29 03:48:17,917 [Thread-157] INFO  http.HttpServer2 (HttpServer2.java:addFilter(958)) - Added filter static_user_filter (class=org.apache.hadoop.http.lib.StaticUserWebFilter$StaticUserFilter) to context logs
2019-10-29 03:48:17,917 [Thread-157] INFO  http.HttpServer2 (HttpServer2.java:addFilter(958)) - Added filter static_user_filter (class=org.apache.hadoop.http.lib.StaticUserWebFilter$StaticUserFilter) to context static
2019-10-29 03:48:17,919 [Thread-157] INFO  http.HttpServer2 (HttpServer2.java:bindListener(1191)) - Jetty bound to port 38186
2019-10-29 03:48:17,919 [Thread-157] INFO  server.Server (Server.java:doStart(351)) - jetty-9.3.25.v20180904, build timestamp: 2018-09-04T21:11:46Z, git hash: 3ce520221d0240229c862b122d2b06c12a625732
2019-10-29 03:48:17,922 [Thread-157] INFO  handler.ContextHandler (ContextHandler.java:doStart(781)) - Started o.e.j.s.ServletContextHandler@3a2d83ae{/logs,file:///workdir/hadoop-ozone/integration-test/target/log,AVAILABLE}
2019-10-29 03:48:17,923 [Thread-157] INFO  handler.ContextHandler (ContextHandler.java:doStart(781)) - Started o.e.j.s.ServletContextHandler@2968c4ab{/static,file:///workdir/hadoop-ozone/integration-test/target/test-classes/webapps/static,AVAILABLE}
2019-10-29 03:48:17,930 [Thread-157] INFO  handler.ContextHandler (ContextHandler.java:doStart(781)) - Started o.e.j.w.WebAppContext@49d07f8a{/,file:///workdir/hadoop-ozone/integration-test/target/test-classes/webapps/ozoneManager/,AVAILABLE}{/ozoneManager}
2019-10-29 03:48:17,931 [Thread-157] INFO  server.AbstractConnector (AbstractConnector.java:doStart(278)) - Started ServerConnector@41e1b831{HTTP/1.1,[http/1.1]}{0.0.0.0:38186}
2019-10-29 03:48:17,931 [Thread-157] INFO  server.Server (Server.java:doStart(419)) - Started @16970ms
2019-10-29 03:48:17,931 [Thread-157] WARN  impl.MetricsSystemImpl (MetricsSystemImpl.java:register(276)) - Sink prometheus already exists!
2019-10-29 03:48:17,933 [Thread-157] INFO  server.BaseHttpServer (BaseHttpServer.java:updateConnectorAddress(215)) - HTTP server of OZONEMANAGER is listening at http://0.0.0.0:38186
2019-10-29 03:48:17,941 [Thread-157] INFO  impl.MetricsSystemImpl (MetricsSystemImpl.java:init(158)) - HddsDatanode metrics system started (again)
2019-10-29 03:48:17,944 [Thread-157] INFO  ozone.HddsDatanodeService (HddsDatanodeService.java:start(184)) - HddsDatanodeService host:pr-hdds-2375-rt4nw-3626471305 ip:192.168.164.221
2019-10-29 03:48:17,955 [Thread-157] INFO  volume.HddsVolume (HddsVolume.java:<init>(176)) - Creating Volume: /workdir/hadoop-ozone/integration-test/target/test-dir/MiniOzoneClusterImpl-c2ccac66-9964-4839-9459-1026649976f3/datanode-0/data/containers/hdds of  storage type : DISK and capacity : 1482555576320
2019-10-29 03:48:17,955 [Thread-157] INFO  volume.VolumeSet (VolumeSet.java:initializeVolumeSet(170)) - Added Volume : /workdir/hadoop-ozone/integration-test/target/test-dir/MiniOzoneClusterImpl-c2ccac66-9964-4839-9459-1026649976f3/datanode-0/data/containers/hdds to VolumeSet
2019-10-29 03:48:17,956 [Thread-157] INFO  volume.ThrottledAsyncChecker (ThrottledAsyncChecker.java:schedule(141)) - Scheduling a check for /workdir/hadoop-ozone/integration-test/target/test-dir/MiniOzoneClusterImpl-c2ccac66-9964-4839-9459-1026649976f3/datanode-0/data/containers/hdds
2019-10-29 03:48:17,957 [Thread-157] INFO  volume.HddsVolumeChecker (HddsVolumeChecker.java:checkAllVolumes(204)) - Scheduled health check for volume /workdir/hadoop-ozone/integration-test/target/test-dir/MiniOzoneClusterImpl-c2ccac66-9964-4839-9459-1026649976f3/datanode-0/data/containers/hdds
2019-10-29 03:48:17,980 [Thread-157] INFO  impl.RaftServerProxy (ConfUtils.java:logGet(43)) - raft.rpc.type = GRPC (default)
2019-10-29 03:48:17,980 [Thread-157] INFO  grpc.GrpcFactory (GrpcFactory.java:checkPooledByteBufAllocatorUseCacheForAllThreads(45)) - PERFORMANCE WARNING: useCacheForAllThreads is true that may cause Netty to create a lot garbage objects and, as a result, trigger GC.
	It is recommended to disable useCacheForAllThreads by setting -Dorg.apache.ratis.thirdparty.io.netty.allocator.useCacheForAllThreads=false in command line.
2019-10-29 03:48:17,981 [Thread-157] INFO  grpc.GrpcConfigKeys$Server (ConfUtils.java:logGet(43)) - raft.grpc.server.port = 9858 (custom)
2019-10-29 03:48:17,981 [Thread-157] INFO  server.GrpcService (ConfUtils.java:logGet(43)) - raft.grpc.message.size.max = 33570816 (custom)
2019-10-29 03:48:17,981 [Thread-157] INFO  server.RaftServerConfigKeys (ConfUtils.java:logGet(43)) - raft.server.log.appender.buffer.byte-limit = 33554432 (custom)
2019-10-29 03:48:17,982 [Thread-157] INFO  server.GrpcService (ConfUtils.java:logGet(43)) - raft.grpc.flow.control.window = 1MB (=1048576) (default)
2019-10-29 03:48:17,982 [Thread-157] INFO  server.RaftServerConfigKeys (ConfUtils.java:logGet(43)) - raft.server.rpc.request.timeout = 3000ms (default)
2019-10-29 03:48:17,983 [Thread-157] INFO  server.RaftServerConfigKeys (ConfUtils.java:logGet(43)) - raft.server.storage.dir = [/workdir/hadoop-ozone/integration-test/target/test-dir/MiniOzoneClusterImpl-c2ccac66-9964-4839-9459-1026649976f3/datanode-0/data/ratis] (custom)
2019-10-29 03:48:17,986 [Thread-157] INFO  hdfs.DFSUtil (DFSUtil.java:httpServerTemplateForNNAndJN(1641)) - Starting Web-server for hddsDatanode at: http://0.0.0.0:0
2019-10-29 03:48:17,989 [Thread-157] INFO  server.AuthenticationFilter (AuthenticationFilter.java:constructSecretProvider(240)) - Unable to initialize FileSignerSecretProvider, falling back to use random secrets.
2019-10-29 03:48:17,989 [Thread-157] WARN  http.HttpRequestLog (HttpRequestLog.java:getRequestLog(97)) - Jetty request log can only be enabled using Log4j
2019-10-29 03:48:17,992 [Thread-157] INFO  http.HttpServer2 (HttpServer2.java:addGlobalFilter(975)) - Added global filter 'safety' (class=org.apache.hadoop.http.HttpServer2$QuotingInputFilter)
2019-10-29 03:48:17,993 [Thread-157] INFO  http.HttpServer2 (HttpServer2.java:addFilter(948)) - Added filter static_user_filter (class=org.apache.hadoop.http.lib.StaticUserWebFilter$StaticUserFilter) to context hddsDatanode
2019-10-29 03:48:17,994 [Thread-157] INFO  http.HttpServer2 (HttpServer2.java:addFilter(958)) - Added filter static_user_filter (class=org.apache.hadoop.http.lib.StaticUserWebFilter$StaticUserFilter) to context logs
2019-10-29 03:48:17,994 [Thread-157] INFO  http.HttpServer2 (HttpServer2.java:addFilter(958)) - Added filter static_user_filter (class=org.apache.hadoop.http.lib.StaticUserWebFilter$StaticUserFilter) to context static
2019-10-29 03:48:17,995 [Thread-157] INFO  http.HttpServer2 (HttpServer2.java:bindListener(1191)) - Jetty bound to port 46483
2019-10-29 03:48:17,996 [Thread-157] INFO  server.Server (Server.java:doStart(351)) - jetty-9.3.25.v20180904, build timestamp: 2018-09-04T21:11:46Z, git hash: 3ce520221d0240229c862b122d2b06c12a625732
2019-10-29 03:48:17,998 [Thread-157] INFO  handler.ContextHandler (ContextHandler.java:doStart(781)) - Started o.e.j.s.ServletContextHandler@2ffb09c7{/logs,file:///workdir/hadoop-ozone/integration-test/target/log,AVAILABLE}
2019-10-29 03:48:17,999 [Thread-157] INFO  handler.ContextHandler (ContextHandler.java:doStart(781)) - Started o.e.j.s.ServletContextHandler@5a3e1221{/static,jar:file:/home/user/.m2/repository/org/apache/hadoop/hadoop-hdds-container-service/0.5.0-SNAPSHOT/hadoop-hdds-container-service-0.5.0-SNAPSHOT.jar!/webapps/static,AVAILABLE}
2019-10-29 03:48:18,052 [Thread-157] INFO  handler.ContextHandler (ContextHandler.java:doStart(781)) - Started o.e.j.w.WebAppContext@7bf9d1b5{/,file:///tmp/jetty-0.0.0.0-46483-hddsDatanode-_-any-3993310511933788700.dir/webapp/,AVAILABLE}{/hddsDatanode}
2019-10-29 03:48:18,053 [Thread-157] INFO  server.AbstractConnector (AbstractConnector.java:doStart(278)) - Started ServerConnector@43e3ed9c{HTTP/1.1,[http/1.1]}{0.0.0.0:46483}
2019-10-29 03:48:18,053 [Thread-157] INFO  server.Server (Server.java:doStart(419)) - Started @17092ms
2019-10-29 03:48:18,053 [Thread-157] WARN  impl.MetricsSystemImpl (MetricsSystemImpl.java:register(276)) - Sink prometheus already exists!
2019-10-29 03:48:18,055 [Thread-157] INFO  server.BaseHttpServer (BaseHttpServer.java:updateConnectorAddress(215)) - HTTP server of HDDSDATANODE is listening at http://0.0.0.0:46483
2019-10-29 03:48:18,055 [Thread-157] INFO  ozone.MiniOzoneClusterImpl (MiniOzoneClusterImpl.java:lambda$waitForClusterToBeReady$0(147)) - Waiting for cluster to be ready. Got 0 of 1 DN Heartbeats.
2019-10-29 03:48:18,058 [org.apache.hadoop.util.JvmPauseMonitor$Monitor@6e1843c0] INFO  util.JvmPauseMonitor (JvmPauseMonitor.java:run(188)) - Starting JVM pause monitor
2019-10-29 03:48:18,063 [Datanode State Machine Thread - 0] INFO  datanode.InitDatanodeState (InitDatanodeState.java:persistContainerDatanodeDetails(140)) - DatanodeDetails is persisted to /workdir/hadoop-ozone/integration-test/target/test-dir/MiniOzoneClusterImpl-c2ccac66-9964-4839-9459-1026649976f3/datanode-0/meta/datanode.id
2019-10-29 03:48:19,057 [Thread-157] INFO  ozone.MiniOzoneClusterImpl (MiniOzoneClusterImpl.java:lambda$waitForClusterToBeReady$0(147)) - Waiting for cluster to be ready. Got 0 of 1 DN Heartbeats.
2019-10-29 03:48:20,057 [Thread-157] INFO  ozone.MiniOzoneClusterImpl (MiniOzoneClusterImpl.java:lambda$waitForClusterToBeReady$0(147)) - Waiting for cluster to be ready. Got 0 of 1 DN Heartbeats.
2019-10-29 03:48:20,079 [Datanode State Machine Thread - 0] INFO  ozoneimpl.OzoneContainer (OzoneContainer.java:start(213)) - Attempting to start container services.
2019-10-29 03:48:20,080 [Datanode State Machine Thread - 0] INFO  ozoneimpl.OzoneContainer (OzoneContainer.java:startContainerScrub(177)) - Background container scanner has been disabled.
2019-10-29 03:48:20,080 [Datanode State Machine Thread - 0] INFO  ratis.XceiverServerRatis (XceiverServerRatis.java:start(418)) - Starting XceiverServerRatis 83d83cf6-9077-4a40-aacc-624894f4a817 at port 9858
2019-10-29 03:48:20,093 [Datanode State Machine Thread - 0] INFO  impl.RaftServerProxy (RaftServerProxy.java:lambda$start$3(299)) - 83d83cf6-9077-4a40-aacc-624894f4a817: start RPC server
2019-10-29 03:48:20,097 [Datanode State Machine Thread - 0] INFO  server.GrpcService (GrpcService.java:startImpl(158)) - 83d83cf6-9077-4a40-aacc-624894f4a817: GrpcService started, listening on 0.0.0.0/0.0.0.0:9858
2019-10-29 03:48:21,058 [Thread-157] INFO  ozone.MiniOzoneClusterImpl (MiniOzoneClusterImpl.java:lambda$waitForClusterToBeReady$0(147)) - Waiting for cluster to be ready. Got 0 of 1 DN Heartbeats.
2019-10-29 03:48:22,058 [Thread-157] INFO  ozone.MiniOzoneClusterImpl (MiniOzoneClusterImpl.java:lambda$waitForClusterToBeReady$0(147)) - Waiting for cluster to be ready. Got 0 of 1 DN Heartbeats.
2019-10-29 03:48:22,063 [IPC Server handler 0 on 40072] INFO  net.NetworkTopology (NetworkTopologyImpl.java:add(111)) - Added a new node: /default-rack/83d83cf6-9077-4a40-aacc-624894f4a817
2019-10-29 03:48:22,064 [IPC Server handler 0 on 40072] INFO  node.SCMNodeManager (SCMNodeManager.java:register(267)) - Registered Data node : 83d83cf6-9077-4a40-aacc-624894f4a817{ip: 192.168.164.221, host: pr-hdds-2375-rt4nw-3626471305, networkLocation: /default-rack, certSerialId: null}
2019-10-29 03:48:22,066 [EventQueue-NodeRegistrationContainerReportForDataNodeSafeModeRule] INFO  safemode.SCMSafeModeManager (DataNodeSafeModeRule.java:process(71)) - SCM in safe mode. 1 DataNodes registered, 1 required.
2019-10-29 03:48:22,067 [EventQueue-NodeRegistrationContainerReportForDataNodeSafeModeRule] INFO  safemode.SCMSafeModeManager (SCMSafeModeManager.java:validateSafeModeExitRules(177)) - ScmSafeModeManager, all rules are successfully validated
2019-10-29 03:48:22,067 [EventQueue-NodeRegistrationContainerReportForDataNodeSafeModeRule] INFO  safemode.SCMSafeModeManager (SCMSafeModeManager.java:exitSafeMode(193)) - SCM exiting safe mode.
2019-10-29 03:48:22,085 [grpc-default-executor-0] INFO  impl.RaftServerProxy (RaftServerProxy.java:addNew(89)) - 83d83cf6-9077-4a40-aacc-624894f4a817: addNew group-8CFA48205A6F:[83d83cf6-9077-4a40-aacc-624894f4a817:192.168.164.221:9858] returns group-8CFA48205A6F:java.util.concurrent.CompletableFuture@42dfc9aa[Not completed]
2019-10-29 03:48:22,088 [pool-57-thread-1] INFO  impl.RaftServerImpl (RaftServerImpl.java:<init>(98)) - 83d83cf6-9077-4a40-aacc-624894f4a817: new RaftServerImpl for group-8CFA48205A6F:[83d83cf6-9077-4a40-aacc-624894f4a817:192.168.164.221:9858] with ContainerStateMachine:uninitialized
2019-10-29 03:48:22,088 [pool-57-thread-1] INFO  server.RaftServerConfigKeys (ConfUtils.java:logGet(43)) - raft.server.rpc.timeout.min = 5s (custom)
2019-10-29 03:48:22,088 [pool-57-thread-1] INFO  server.RaftServerConfigKeys (ConfUtils.java:logGet(43)) - raft.server.rpc.timeout.max = 5200ms (custom)
2019-10-29 03:48:22,089 [pool-57-thread-1] INFO  server.RaftServerConfigKeys (ConfUtils.java:logGet(43)) - raft.server.rpcslowness.timeout = 120s (custom)
2019-10-29 03:48:22,089 [pool-57-thread-1] INFO  server.RaftServerConfigKeys (ConfUtils.java:logGet(43)) - raft.server.sleep.deviation.threshold = 300 (default)
2019-10-29 03:48:22,089 [pool-57-thread-1] INFO  server.RaftServerConfigKeys (ConfUtils.java:logGet(43)) - raft.server.log.appender.install.snapshot.enabled = false (custom)
2019-10-29 03:48:22,089 [pool-57-thread-1] INFO  impl.RaftServerImpl (ServerState.java:<init>(103)) - 83d83cf6-9077-4a40-aacc-624894f4a817@group-8CFA48205A6F: ConfigurationManager, init=-1: [83d83cf6-9077-4a40-aacc-624894f4a817:192.168.164.221:9858], old=null, confs=<EMPTY_MAP>
2019-10-29 03:48:22,089 [pool-57-thread-1] INFO  server.RaftServerConfigKeys (ConfUtils.java:logGet(43)) - raft.server.storage.dir = [/workdir/hadoop-ozone/integration-test/target/test-dir/MiniOzoneClusterImpl-c2ccac66-9964-4839-9459-1026649976f3/datanode-0/data/ratis] (custom)
2019-10-29 03:48:22,090 [pool-57-thread-1] INFO  server.RaftServerConfigKeys (ConfUtils.java:logGet(43)) - raft.server.log.corruption.policy = EXCEPTION (default)
2019-10-29 03:48:22,090 [pool-57-thread-1] INFO  storage.RaftStorageDirectory (RaftStorageDirectory.java:analyzeStorage(246)) - The storage directory /workdir/hadoop-ozone/integration-test/target/test-dir/MiniOzoneClusterImpl-c2ccac66-9964-4839-9459-1026649976f3/datanode-0/data/ratis/e820f235-8f61-4731-abfd-8cfa48205a6f does not exist. Creating ...
2019-10-29 03:48:22,103 [pool-57-thread-1] INFO  storage.RaftStorageDirectory (RaftStorageDirectory.java:tryLock(328)) - Lock on /workdir/hadoop-ozone/integration-test/target/test-dir/MiniOzoneClusterImpl-c2ccac66-9964-4839-9459-1026649976f3/datanode-0/data/ratis/e820f235-8f61-4731-abfd-8cfa48205a6f/in_use.lock acquired by nodename 27056@pr-hdds-2375-rt4nw-3626471305
2019-10-29 03:48:22,116 [pool-57-thread-1] INFO  storage.RaftStorage (RaftStorage.java:format(84)) - Storage directory /workdir/hadoop-ozone/integration-test/target/test-dir/MiniOzoneClusterImpl-c2ccac66-9964-4839-9459-1026649976f3/datanode-0/data/ratis/e820f235-8f61-4731-abfd-8cfa48205a6f has been successfully formatted.
2019-10-29 03:48:22,117 [pool-57-thread-1] INFO  ratis.ContainerStateMachine (ContainerStateMachine.java:loadSnapshot(231)) - group-8CFA48205A6F: The snapshot info is null. Setting the last applied indexto:(t:0, i:~)
2019-10-29 03:48:22,117 [pool-57-thread-1] INFO  server.RaftServerConfigKeys (ConfUtils.java:logGet(43)) - raft.server.notification.no-leader.timeout = 120s (custom)
2019-10-29 03:48:22,117 [pool-57-thread-1] INFO  server.RaftServerConfigKeys (ConfUtils.java:logGet(43)) - raft.server.log.use.memory = false (default)
2019-10-29 03:48:22,117 [pool-57-thread-1] INFO  server.RaftServerConfigKeys (ConfUtils.java:logGet(43)) - raft.server.log.purge.gap = 1000000 (custom)
2019-10-29 03:48:22,117 [pool-57-thread-1] INFO  server.RaftServerConfigKeys (ConfUtils.java:logGet(43)) - raft.server.log.appender.buffer.byte-limit = 33554432 (custom)
2019-10-29 03:48:22,117 [pool-57-thread-1] INFO  server.RaftServerConfigKeys (ConfUtils.java:logGet(43)) - raft.server.log.segment.size.max = 1048576 (custom)
2019-10-29 03:48:22,118 [pool-57-thread-1] WARN  impl.MetricRegistriesImpl (MetricRegistriesImpl.java:lambda$create$1(61)) - First MetricRegistry has been created without registering reporters. You may need to call MetricRegistries.global().addReportRegistration(...) before.
2019-10-29 03:48:22,118 [pool-57-thread-1] INFO  server.RaftServerConfigKeys (ConfUtils.java:logGet(43)) - raft.server.log.segment.cache.num.max = 2 (custom)
2019-10-29 03:48:22,118 [pool-57-thread-1] INFO  segmented.SegmentedRaftLogWorker (SegmentedRaftLogWorker.java:<init>(173)) - new 83d83cf6-9077-4a40-aacc-624894f4a817@group-8CFA48205A6F-SegmentedRaftLogWorker for RaftStorage:Storage Directory /workdir/hadoop-ozone/integration-test/target/test-dir/MiniOzoneClusterImpl-c2ccac66-9964-4839-9459-1026649976f3/datanode-0/data/ratis/e820f235-8f61-4731-abfd-8cfa48205a6f
2019-10-29 03:48:22,118 [pool-57-thread-1] INFO  server.RaftServerConfigKeys (ConfUtils.java:logGet(43)) - raft.server.log.queue.byte-limit = 2147483647 (custom)
2019-10-29 03:48:22,118 [pool-57-thread-1] INFO  server.RaftServerConfigKeys (ConfUtils.java:logGet(43)) - raft.server.log.queue.element-limit = 1024 (custom)
2019-10-29 03:48:22,118 [pool-57-thread-1] INFO  server.RaftServerConfigKeys (ConfUtils.java:logGet(43)) - raft.server.log.segment.size.max = 1048576 (custom)
2019-10-29 03:48:22,119 [pool-57-thread-1] INFO  server.RaftServerConfigKeys (ConfUtils.java:logGet(43)) - raft.server.log.preallocated.size = 16384 (custom)
2019-10-29 03:48:22,119 [pool-57-thread-1] INFO  server.RaftServerConfigKeys (ConfUtils.java:logGet(43)) - raft.server.log.write.buffer.size = 33554432 (custom)
2019-10-29 03:48:22,119 [pool-57-thread-1] INFO  server.RaftServerConfigKeys (ConfUtils.java:logGet(43)) - raft.server.log.force.sync.num = 128 (default)
2019-10-29 03:48:22,119 [pool-57-thread-1] INFO  server.RaftServerConfigKeys (ConfUtils.java:logGet(43)) - raft.server.log.statemachine.data.sync = true (default)
2019-10-29 03:48:22,119 [pool-57-thread-1] INFO  server.RaftServerConfigKeys (ConfUtils.java:logGet(43)) - raft.server.log.statemachine.data.sync.timeout = 10s (default)
2019-10-29 03:48:22,119 [pool-57-thread-1] INFO  server.RaftServerConfigKeys (ConfUtils.java:logGet(43)) - raft.server.log.statemachine.data.sync.timeout.retry = -1 (default)
2019-10-29 03:48:22,120 [pool-57-thread-1] INFO  server.RaftServerConfigKeys (ConfUtils.java:logGet(43)) - raft.server.log.statemachine.data.caching.enabled = true (custom)
2019-10-29 03:48:22,120 [pool-57-thread-1] INFO  segmented.SegmentedRaftLogWorker (SegmentedRaftLogWorker.java:lambda$new$0(128)) - 83d83cf6-9077-4a40-aacc-624894f4a817@group-8CFA48205A6F-SegmentedRaftLogWorker: flushIndex: setUnconditionally 0 -> -1
2019-10-29 03:48:22,121 [pool-57-thread-1] INFO  server.RaftServerConfigKeys (ConfUtils.java:logGet(43)) - raft.server.snapshot.auto.trigger.enabled = true (custom)
2019-10-29 03:48:22,121 [pool-57-thread-1] INFO  server.RaftServerConfigKeys (ConfUtils.java:logGet(43)) - raft.server.snapshot.auto.trigger.threshold = 10000 (custom)
2019-10-29 03:48:22,121 [pool-57-thread-1] INFO  server.RaftServerConfigKeys (ConfUtils.java:logGet(43)) - raft.server.snapshot.retention.file.num = 5 (custom)
2019-10-29 03:48:22,121 [pool-57-thread-1] INFO  server.RaftServerConfigKeys (ConfUtils.java:logGet(43)) - raft.server.retrycache.expirytime = 600000ms (custom)
2019-10-29 03:48:22,121 [pool-57-thread-1] WARN  impl.MetricRegistriesImpl (MetricRegistriesImpl.java:lambda$create$1(61)) - First MetricRegistry has been created without registering reporters. You may need to call MetricRegistries.global().addReportRegistration(...) before.
2019-10-29 03:48:22,121 [pool-57-thread-1] WARN  impl.MetricRegistriesImpl (MetricRegistriesImpl.java:lambda$create$1(61)) - First MetricRegistry has been created without registering reporters. You may need to call MetricRegistries.global().addReportRegistration(...) before.
2019-10-29 03:48:22,122 [pool-57-thread-1] INFO  impl.RaftServerImpl (RaftServerImpl.java:start(184)) - 83d83cf6-9077-4a40-aacc-624894f4a817@group-8CFA48205A6F: start as a follower, conf=-1: [83d83cf6-9077-4a40-aacc-624894f4a817:192.168.164.221:9858], old=null
2019-10-29 03:48:22,122 [pool-57-thread-1] INFO  impl.RaftServerImpl (RaftServerImpl.java:setRole(173)) - 83d83cf6-9077-4a40-aacc-624894f4a817@group-8CFA48205A6F: changes role from      null to FOLLOWER at term 0 for startAsFollower
2019-10-29 03:48:22,122 [pool-57-thread-1] INFO  impl.RoleInfo (RoleInfo.java:updateAndGet(143)) - 83d83cf6-9077-4a40-aacc-624894f4a817: start FollowerState
2019-10-29 03:48:22,123 [pool-57-thread-1] INFO  util.JmxRegister (JmxRegister.java:tryRegister(44)) - Successfully registered JMX Bean with object name Ratis:service=RaftServer,group=group-8CFA48205A6F,id=83d83cf6-9077-4a40-aacc-624894f4a817
2019-10-29 03:48:22,123 [pool-57-thread-1] WARN  impl.MetricRegistriesImpl (MetricRegistriesImpl.java:lambda$create$1(61)) - First MetricRegistry has been created without registering reporters. You may need to call MetricRegistries.global().addReportRegistration(...) before.
2019-10-29 03:48:22,132 [RatisPipelineUtilsThread] INFO  pipeline.PipelineStateManager (PipelineStateManager.java:addPipeline(56)) - Created pipeline Pipeline[ Id: e820f235-8f61-4731-abfd-8cfa48205a6f, Nodes: 83d83cf6-9077-4a40-aacc-624894f4a817{ip: 192.168.164.221, host: pr-hdds-2375-rt4nw-3626471305, networkLocation: /default-rack, certSerialId: null}, Type:RATIS, Factor:ONE, State:OPEN]
2019-10-29 03:48:23,059 [Thread-157] INFO  ozone.MiniOzoneClusterImpl (MiniOzoneClusterImpl.java:lambda$waitForClusterToBeReady$0(147)) - Cluster is ready. Got 1 of 1 DN Heartbeats.
2019-10-29 03:48:23,202 [EventQueue-IncrementalContainerReportForIncrementalContainerReportHandler] WARN  container.IncrementalContainerReportHandler (IncrementalContainerReportHandler.java:onMessage(73)) - Container 1572320903060 not found!
2019-10-29 03:48:23,215 [grpc-default-executor-0] ERROR impl.ChunkManagerImpl (ChunkUtils.java:validateBufferSize(134)) - data array does not match the length specified. DataLen: 1024 Byte Array: 0
2019-10-29 03:48:23,215 [grpc-default-executor-0] INFO  keyvalue.KeyValueHandler (ContainerUtils.java:logAndReturnError(146)) - Operation: WriteChunk : Trace ID: 6f229f84023d0397:6f229f84023d0397:0:0 : Message: data array does not match the length specified. DataLen: 1024 Byte Array: 0 : Result: INVALID_WRITE_SIZE
03:48:23.234 [grpc-default-executor-0] ERROR DNAudit - user=null | ip=null | op=WRITE_CHUNK {blockData=conID: 1572320903060 locID: 1572320903203 bcsId: 0} | ret=FAILURE
java.lang.Exception: data array does not match the length specified. DataLen: 1024 Byte Array: 0
	at org.apache.hadoop.ozone.container.common.impl.HddsDispatcher.dispatchRequest(HddsDispatcher.java:332) [hadoop-hdds-container-service-0.5.0-SNAPSHOT.jar:?]
	at org.apache.hadoop.ozone.container.common.impl.HddsDispatcher.dispatch(HddsDispatcher.java:150) [hadoop-hdds-container-service-0.5.0-SNAPSHOT.jar:?]
	at org.apache.hadoop.ozone.container.common.transport.server.GrpcXceiverService$1.onNext(GrpcXceiverService.java:73) [hadoop-hdds-container-service-0.5.0-SNAPSHOT.jar:?]
	at org.apache.hadoop.ozone.container.common.transport.server.GrpcXceiverService$1.onNext(GrpcXceiverService.java:61) [hadoop-hdds-container-service-0.5.0-SNAPSHOT.jar:?]
	at org.apache.ratis.thirdparty.io.grpc.stub.ServerCalls$StreamingServerCallHandler$StreamingServerCallListener.onMessage(ServerCalls.java:248) [ratis-thirdparty-misc-0.2.0.jar:0.2.0]
	at org.apache.ratis.thirdparty.io.grpc.ForwardingServerCallListener.onMessage(ForwardingServerCallListener.java:33) [ratis-thirdparty-misc-0.2.0.jar:0.2.0]
	at org.apache.ratis.thirdparty.io.grpc.Contexts$ContextualizedServerCallListener.onMessage(Contexts.java:76) [ratis-thirdparty-misc-0.2.0.jar:0.2.0]
	at org.apache.ratis.thirdparty.io.grpc.ForwardingServerCallListener.onMessage(ForwardingServerCallListener.java:33) [ratis-thirdparty-misc-0.2.0.jar:0.2.0]
	at org.apache.hadoop.hdds.tracing.GrpcServerInterceptor$1.onMessage(GrpcServerInterceptor.java:46) [hadoop-hdds-common-0.5.0-SNAPSHOT.jar:?]
	at org.apache.ratis.thirdparty.io.grpc.internal.ServerCallImpl$ServerStreamListenerImpl.messagesAvailable(ServerCallImpl.java:263) [ratis-thirdparty-misc-0.2.0.jar:0.2.0]
	at org.apache.ratis.thirdparty.io.grpc.internal.ServerImpl$JumpToApplicationThreadServerStreamListener$1MessagesAvailable.runInContext(ServerImpl.java:686) [ratis-thirdparty-misc-0.2.0.jar:0.2.0]
	at org.apache.ratis.thirdparty.io.grpc.internal.ContextRunnable.run(ContextRunnable.java:37) [ratis-thirdparty-misc-0.2.0.jar:0.2.0]
	at org.apache.ratis.thirdparty.io.grpc.internal.SerializingExecutor.run(SerializingExecutor.java:123) [ratis-thirdparty-misc-0.2.0.jar:0.2.0]
	at java.util.concurrent.ThreadPoolExecutor.runWorker(ThreadPoolExecutor.java:1149) [?:1.8.0_222]
	at java.util.concurrent.ThreadPoolExecutor$Worker.run(ThreadPoolExecutor.java:624) [?:1.8.0_222]
	at java.lang.Thread.run(Thread.java:748) [?:1.8.0_222]
2019-10-29 03:48:23,239 [EventQueue-IncrementalContainerReportForIncrementalContainerReportHandler] WARN  container.IncrementalContainerReportHandler (IncrementalContainerReportHandler.java:onMessage(73)) - Container 1572320903060 not found!
2019-10-29 03:48:23,240 [Thread-157] INFO  ozone.MiniOzoneClusterImpl (MiniOzoneClusterImpl.java:shutdown(314)) - Shutting down the Mini Ozone Cluster
2019-10-29 03:48:23,241 [Thread-157] INFO  ozone.MiniOzoneClusterImpl (MiniOzoneClusterImpl.java:stop(330)) - Stopping the Mini Ozone Cluster
2019-10-29 03:48:23,241 [EventQueue-CloseContainerForCloseContainerEventHandler] INFO  container.CloseContainerEventHandler (CloseContainerEventHandler.java:onMessage(61)) - Close container Event triggered for container : #1572320903060
2019-10-29 03:48:23,241 [Thread-157] INFO  ozone.MiniOzoneClusterImpl (MiniOzoneClusterImpl.java:stopOM(400)) - Stopping the OzoneManager
2019-10-29 03:48:23,242 [Thread-157] INFO  ipc.Server (Server.java:stop(3082)) - Stopping server on 45727
2019-10-29 03:48:23,246 [IPC Server listener on 45727] INFO  ipc.Server (Server.java:run(1185)) - Stopping IPC Server listener on 45727
2019-10-29 03:48:23,246 [Thread-157] INFO  ratis.OzoneManagerDoubleBuffer (OzoneManagerDoubleBuffer.java:stop(255)) - Stopping OMDoubleBuffer flush thread
2019-10-29 03:48:23,247 [IPC Server Responder] INFO  ipc.Server (Server.java:run(1319)) - Stopping IPC Server Responder
2019-10-29 03:48:23,249 [OMDoubleBufferFlushThread] INFO  ratis.OzoneManagerDoubleBuffer (OzoneManagerDoubleBuffer.java:flushTransactions(198)) - OMDoubleBuffer flush thread OMDoubleBufferFlushThread is interrupted and will exit. OMDoubleBufferFlushThread
2019-10-29 03:48:23,251 [EventQueue-CloseContainerForCloseContainerEventHandler] ERROR container.CloseContainerEventHandler (CloseContainerEventHandler.java:onMessage(89)) - Failed to close the container #1572320903060.
org.apache.hadoop.hdds.scm.container.ContainerNotFoundException: #1572320903060
	at org.apache.hadoop.hdds.scm.container.states.ContainerStateMap.checkIfContainerExist(ContainerStateMap.java:541)
	at org.apache.hadoop.hdds.scm.container.states.ContainerStateMap.getContainerInfo(ContainerStateMap.java:188)
	at org.apache.hadoop.hdds.scm.container.ContainerStateManager.getContainer(ContainerStateManager.java:476)
	at org.apache.hadoop.hdds.scm.container.SCMContainerManager.getContainer(SCMContainerManager.java:201)
	at org.apache.hadoop.hdds.scm.container.CloseContainerEventHandler.onMessage(CloseContainerEventHandler.java:64)
	at org.apache.hadoop.hdds.scm.container.CloseContainerEventHandler.onMessage(CloseContainerEventHandler.java:45)
	at org.apache.hadoop.hdds.server.events.SingleThreadExecutor.lambda$onMessage$1(SingleThreadExecutor.java:85)
	at java.util.concurrent.ThreadPoolExecutor.runWorker(ThreadPoolExecutor.java:1149)
	at java.util.concurrent.ThreadPoolExecutor$Worker.run(ThreadPoolExecutor.java:624)
	at java.lang.Thread.run(Thread.java:748)
2019-10-29 03:48:23,253 [Thread-157] INFO  utils.BackgroundService (BackgroundService.java:shutdown(151)) - Shutting down service KeyDeletingService
2019-10-29 03:48:23,257 [Thread-157] INFO  handler.ContextHandler (ContextHandler.java:doStop(910)) - Stopped o.e.j.w.WebAppContext@49d07f8a{/,null,UNAVAILABLE}{/ozoneManager}
2019-10-29 03:48:23,258 [Thread-157] INFO  server.AbstractConnector (AbstractConnector.java:doStop(318)) - Stopped ServerConnector@41e1b831{HTTP/1.1,[http/1.1]}{0.0.0.0:0}
2019-10-29 03:48:23,258 [Thread-157] INFO  handler.ContextHandler (ContextHandler.java:doStop(910)) - Stopped o.e.j.s.ServletContextHandler@2968c4ab{/static,file:///workdir/hadoop-ozone/integration-test/target/test-classes/webapps/static,UNAVAILABLE}
2019-10-29 03:48:23,258 [Thread-157] INFO  handler.ContextHandler (ContextHandler.java:doStop(910)) - Stopped o.e.j.s.ServletContextHandler@3a2d83ae{/logs,file:///workdir/hadoop-ozone/integration-test/target/log,UNAVAILABLE}
2019-10-29 03:48:23,261 [Thread-157] INFO  ozone.MiniOzoneClusterImpl (MiniOzoneClusterImpl.java:stopDatanodes(377)) - Stopping the HddsDatanodes
2019-10-29 03:48:24,234 [Datanode State Machine Thread - 0] INFO  statemachine.DatanodeStateMachine (DatanodeStateMachine.java:lambda$startDaemon$0(350)) - Ozone container server started.
2019-10-29 03:48:25,069 [Thread-299] INFO  container.ReplicationManager (ReplicationManager.java:start(162)) - Starting Replication Monitor Thread.
2019-10-29 03:48:25,071 [ReplicationMonitor] INFO  container.ReplicationManager (ReplicationManager.java:run(225)) - Replication Monitor Thread took 0 milliseconds for processing 0 containers.
2019-10-29 03:48:27,306 [Thread-301] INFO  impl.FollowerState (FollowerState.java:run(111)) - 83d83cf6-9077-4a40-aacc-624894f4a817@group-8CFA48205A6F-FollowerState: change to CANDIDATE, lastRpcTime:5183ms, electionTimeout:5183ms
2019-10-29 03:48:27,306 [Thread-301] INFO  impl.RoleInfo (RoleInfo.java:shutdownFollowerState(121)) - 83d83cf6-9077-4a40-aacc-624894f4a817: shutdown FollowerState
2019-10-29 03:48:27,306 [Thread-301] INFO  impl.RaftServerImpl (RaftServerImpl.java:setRole(173)) - 83d83cf6-9077-4a40-aacc-624894f4a817@group-8CFA48205A6F: changes role from  FOLLOWER to CANDIDATE at term 0 for changeToCandidate
2019-10-29 03:48:27,307 [Thread-301] INFO  impl.RoleInfo (RoleInfo.java:updateAndGet(143)) - 83d83cf6-9077-4a40-aacc-624894f4a817: start LeaderElection
2019-10-29 03:48:27,342 [83d83cf6-9077-4a40-aacc-624894f4a817@group-8CFA48205A6F-LeaderElection2] INFO  impl.LeaderElection (LeaderElection.java:askForVotes(178)) - 83d83cf6-9077-4a40-aacc-624894f4a817@group-8CFA48205A6F-LeaderElection2: begin an election at term 1 for -1: [83d83cf6-9077-4a40-aacc-624894f4a817:192.168.164.221:9858], old=null
2019-10-29 03:48:27,342 [83d83cf6-9077-4a40-aacc-624894f4a817@group-8CFA48205A6F-LeaderElection2] INFO  impl.RoleInfo (RoleInfo.java:shutdownLeaderElection(134)) - 83d83cf6-9077-4a40-aacc-624894f4a817: shutdown LeaderElection
2019-10-29 03:48:27,342 [83d83cf6-9077-4a40-aacc-624894f4a817@group-8CFA48205A6F-LeaderElection2] INFO  impl.RaftServerImpl (RaftServerImpl.java:setRole(173)) - 83d83cf6-9077-4a40-aacc-624894f4a817@group-8CFA48205A6F: changes role from CANDIDATE to LEADER at term 1 for changeToLeader
2019-10-29 03:48:27,342 [83d83cf6-9077-4a40-aacc-624894f4a817@group-8CFA48205A6F-LeaderElection2] INFO  impl.RaftServerImpl (ServerState.java:setLeader(255)) - 83d83cf6-9077-4a40-aacc-624894f4a817@group-8CFA48205A6F: change Leader from null to 83d83cf6-9077-4a40-aacc-624894f4a817 at term 1 for becomeLeader, leader elected after 5225ms
2019-10-29 03:48:27,343 [83d83cf6-9077-4a40-aacc-624894f4a817@group-8CFA48205A6F-LeaderElection2] INFO  server.RaftServerConfigKeys (ConfUtils.java:logGet(43)) - raft.server.staging.catchup.gap = 1000 (default)
2019-10-29 03:48:27,343 [83d83cf6-9077-4a40-aacc-624894f4a817@group-8CFA48205A6F-LeaderElection2] INFO  server.RaftServerConfigKeys (ConfUtils.java:logGet(43)) - raft.server.rpc.sleep.time = 25ms (default)
2019-10-29 03:48:27,343 [83d83cf6-9077-4a40-aacc-624894f4a817@group-8CFA48205A6F-LeaderElection2] INFO  server.RaftServerConfigKeys (ConfUtils.java:logGet(43)) - raft.server.write.element-limit = 4096 (default)
2019-10-29 03:48:27,343 [83d83cf6-9077-4a40-aacc-624894f4a817@group-8CFA48205A6F-LeaderElection2] INFO  server.RaftServerConfigKeys (ConfUtils.java:logGet(43)) - raft.server.watch.timeout = 10s (default)
2019-10-29 03:48:27,344 [83d83cf6-9077-4a40-aacc-624894f4a817@group-8CFA48205A6F-LeaderElection2] INFO  server.RaftServerConfigKeys (ConfUtils.java:logGet(43)) - raft.server.watch.timeout.denomination = 1s (default)
2019-10-29 03:48:27,344 [83d83cf6-9077-4a40-aacc-624894f4a817@group-8CFA48205A6F-LeaderElection2] INFO  server.RaftServerConfigKeys (ConfUtils.java:logGet(43)) - raft.server.watch.element-limit = 65536 (default)
2019-10-29 03:48:27,344 [83d83cf6-9077-4a40-aacc-624894f4a817@group-8CFA48205A6F-LeaderElection2] INFO  impl.RoleInfo (RoleInfo.java:updateAndGet(143)) - 83d83cf6-9077-4a40-aacc-624894f4a817: start LeaderState
2019-10-29 03:48:27,345 [83d83cf6-9077-4a40-aacc-624894f4a817@group-8CFA48205A6F-LeaderElection2] INFO  segmented.SegmentedRaftLogWorker (SegmentedRaftLogWorker.java:startLogSegment(385)) - 83d83cf6-9077-4a40-aacc-624894f4a817@group-8CFA48205A6F-SegmentedRaftLogWorker: Starting segment from index:0
2019-10-29 03:48:27,346 [83d83cf6-9077-4a40-aacc-624894f4a817@group-8CFA48205A6F-LeaderElection2] INFO  impl.RaftServerImpl (ServerState.java:setRaftConf(356)) - 83d83cf6-9077-4a40-aacc-624894f4a817@group-8CFA48205A6F: set configuration 0: [83d83cf6-9077-4a40-aacc-624894f4a817:192.168.164.221:9858], old=null at 0
2019-10-29 03:48:27,404 [83d83cf6-9077-4a40-aacc-624894f4a817@group-8CFA48205A6F-SegmentedRaftLogWorker] INFO  segmented.SegmentedRaftLogWorker (SegmentedRaftLogWorker.java:execute(576)) - 83d83cf6-9077-4a40-aacc-624894f4a817@group-8CFA48205A6F-SegmentedRaftLogWorker: created new log segment /workdir/hadoop-ozone/integration-test/target/test-dir/MiniOzoneClusterImpl-c2ccac66-9964-4839-9459-1026649976f3/datanode-0/data/ratis/e820f235-8f61-4731-abfd-8cfa48205a6f/current/log_inprogress_0
2019-10-29 03:48:28,262 [Thread-157] INFO  ozoneimpl.OzoneContainer (OzoneContainer.java:stop(227)) - Attempting to stop container services.
2019-10-29 03:48:28,262 [Thread-157] INFO  impl.RaftServerProxy (RaftServerProxy.java:lambda$close$4(314)) - 83d83cf6-9077-4a40-aacc-624894f4a817: close
2019-10-29 03:48:28,262 [Thread-157] INFO  impl.RaftServerImpl (RaftServerImpl.java:lambda$shutdown$3(250)) - 83d83cf6-9077-4a40-aacc-624894f4a817@group-8CFA48205A6F: shutdown
2019-10-29 03:48:28,263 [Thread-157] INFO  util.JmxRegister (JmxRegister.java:unregister(73)) - Successfully un-registered JMX Bean with object name Ratis:service=RaftServer,group=group-8CFA48205A6F,id=83d83cf6-9077-4a40-aacc-624894f4a817
2019-10-29 03:48:28,263 [Thread-157] INFO  impl.RoleInfo (RoleInfo.java:shutdownLeaderState(104)) - 83d83cf6-9077-4a40-aacc-624894f4a817: shutdown LeaderState
2019-10-29 03:48:28,263 [Thread-157] INFO  impl.PendingRequests (PendingRequests.java:sendNotLeaderResponses(206)) - 83d83cf6-9077-4a40-aacc-624894f4a817@group-8CFA48205A6F-PendingRequests: sendNotLeaderResponses
2019-10-29 03:48:28,264 [Thread-157] INFO  impl.StateMachineUpdater (StateMachineUpdater.java:stopAndJoin(136)) - 83d83cf6-9077-4a40-aacc-624894f4a817@group-8CFA48205A6F-StateMachineUpdater: set stopIndex = 0
2019-10-29 03:48:28,265 [Thread-157] INFO  impl.RaftServerImpl (ServerState.java:close(387)) - 83d83cf6-9077-4a40-aacc-624894f4a817@group-8CFA48205A6F: closes. applyIndex: 0
2019-10-29 03:48:28,265 [83d83cf6-9077-4a40-aacc-624894f4a817@group-8CFA48205A6F-SegmentedRaftLogWorker] INFO  segmented.SegmentedRaftLogWorker (SegmentedRaftLogWorker.java:run(316)) - 83d83cf6-9077-4a40-aacc-624894f4a817@group-8CFA48205A6F-SegmentedRaftLogWorker was interrupted, exiting. There are 0 tasks remaining in the queue.
2019-10-29 03:48:28,266 [Thread-157] INFO  segmented.SegmentedRaftLogWorker (SegmentedRaftLogWorker.java:close(224)) - 83d83cf6-9077-4a40-aacc-624894f4a817@group-8CFA48205A6F-SegmentedRaftLogWorker close()
2019-10-29 03:48:28,267 [Thread-157] INFO  server.GrpcService (GrpcService.java:closeImpl(164)) - 83d83cf6-9077-4a40-aacc-624894f4a817: shutdown server with port 9858 now
2019-10-29 03:48:28,268 [Thread-157] INFO  server.GrpcService (GrpcService.java:closeImpl(172)) - 83d83cf6-9077-4a40-aacc-624894f4a817: shutdown server with port 9858 successfully
2019-10-29 03:48:28,272 [refreshUsed-/workdir/hadoop-ozone/integration-test/target/test-dir/MiniOzoneClusterImpl-c2ccac66-9964-4839-9459-1026649976f3/datanode-0/data/containers] WARN  fs.CachingGetSpaceUsed (CachingGetSpaceUsed.java:run(183)) - Thread Interrupted waiting to refresh disk information: sleep interrupted
2019-10-29 03:48:28,291 [Thread-157] INFO  utils.BackgroundService (BackgroundService.java:shutdown(151)) - Shutting down service BlockDeletingService
2019-10-29 03:48:28,292 [Thread-157] INFO  statemachine.DatanodeStateMachine (DatanodeStateMachine.java:stopDaemon(395)) - Ozone container server stopped.
2019-10-29 03:48:28,294 [Thread-157] INFO  handler.ContextHandler (ContextHandler.java:doStop(910)) - Stopped o.e.j.w.WebAppContext@7bf9d1b5{/,null,UNAVAILABLE}{/hddsDatanode}
2019-10-29 03:48:28,294 [Thread-157] INFO  server.AbstractConnector (AbstractConnector.java:doStop(318)) - Stopped ServerConnector@43e3ed9c{HTTP/1.1,[http/1.1]}{0.0.0.0:0}
2019-10-29 03:48:28,295 [Thread-157] INFO  handler.ContextHandler (ContextHandler.java:doStop(910)) - Stopped o.e.j.s.ServletContextHandler@5a3e1221{/static,jar:file:/home/user/.m2/repository/org/apache/hadoop/hadoop-hdds-container-service/0.5.0-SNAPSHOT/hadoop-hdds-container-service-0.5.0-SNAPSHOT.jar!/webapps/static,UNAVAILABLE}
2019-10-29 03:48:28,295 [Thread-157] INFO  handler.ContextHandler (ContextHandler.java:doStop(910)) - Stopped o.e.j.s.ServletContextHandler@2ffb09c7{/logs,file:///workdir/hadoop-ozone/integration-test/target/log,UNAVAILABLE}
2019-10-29 03:48:28,296 [Thread-157] INFO  ozone.MiniOzoneClusterImpl (MiniOzoneClusterImpl.java:stopSCM(392)) - Stopping the StorageContainerManager
2019-10-29 03:48:28,296 [Thread-157] INFO  server.StorageContainerManager (StorageContainerManager.java:stop(810)) - Stopping Replication Manager Service.
2019-10-29 03:48:28,296 [Thread-157] INFO  container.ReplicationManager (ReplicationManager.java:stop(203)) - Stopping Replication Monitor Thread.
2019-10-29 03:48:28,296 [Thread-157] INFO  server.StorageContainerManager (StorageContainerManager.java:stop(817)) - Stopping Lease Manager of the command watchers
2019-10-29 03:48:28,296 [Thread-157] INFO  server.StorageContainerManager (StorageContainerManager.java:stop(824)) - Stopping datanode service RPC server
2019-10-29 03:48:28,296 [Thread-157] INFO  server.SCMDatanodeProtocolServer (SCMDatanodeProtocolServer.java:stop(346)) - Stopping the RPC server for DataNodes
2019-10-29 03:48:28,297 [Thread-157] INFO  ipc.Server (Server.java:stop(3082)) - Stopping server on 40072
2019-10-29 03:48:28,297 [IPC Server listener on 40072] INFO  ipc.Server (Server.java:run(1185)) - Stopping IPC Server listener on 40072
2019-10-29 03:48:28,298 [IPC Server Responder] INFO  ipc.Server (Server.java:run(1319)) - Stopping IPC Server Responder
2019-10-29 03:48:28,313 [SCM Heartbeat Processing Thread - 0] WARN  node.NodeStateManager (NodeStateManager.java:scheduleNextHealthCheck(646)) - Current Thread is interrupted, shutting down HB processing thread for Node Manager.
2019-10-29 03:48:28,314 [Thread-157] INFO  server.StorageContainerManager (StorageContainerManager.java:stop(832)) - Stopping block service RPC server
2019-10-29 03:48:28,314 [Thread-157] INFO  server.SCMBlockProtocolServer (SCMBlockProtocolServer.java:stop(155)) - Stopping the RPC server for Block Protocol
2019-10-29 03:48:28,314 [Thread-157] INFO  ipc.Server (Server.java:stop(3082)) - Stopping server on 44373
2019-10-29 03:48:28,315 [IPC Server listener on 44373] INFO  ipc.Server (Server.java:run(1185)) - Stopping IPC Server listener on 44373
2019-10-29 03:48:28,315 [Thread-157] INFO  server.StorageContainerManager (StorageContainerManager.java:stop(839)) - Stopping the StorageContainerLocationProtocol RPC server
2019-10-29 03:48:28,315 [IPC Server Responder] INFO  ipc.Server (Server.java:run(1319)) - Stopping IPC Server Responder
2019-10-29 03:48:28,316 [Thread-157] INFO  server.SCMClientProtocolServer (SCMClientProtocolServer.java:stop(168)) - Stopping the RPC server for Client Protocol
2019-10-29 03:48:28,316 [Thread-157] INFO  ipc.Server (Server.java:stop(3082)) - Stopping server on 40307
2019-10-29 03:48:28,317 [IPC Server listener on 40307] INFO  ipc.Server (Server.java:run(1185)) - Stopping IPC Server listener on 40307
2019-10-29 03:48:28,317 [IPC Server Responder] INFO  ipc.Server (Server.java:run(1319)) - Stopping IPC Server Responder
2019-10-29 03:48:28,317 [Thread-157] INFO  server.StorageContainerManager (StorageContainerManager.java:stop(846)) - Stopping Storage Container Manager HTTP server.
2019-10-29 03:48:28,319 [Thread-157] INFO  handler.ContextHandler (ContextHandler.java:doStop(910)) - Stopped o.e.j.w.WebAppContext@4b8bf6bc{/,null,UNAVAILABLE}{/scm}
2019-10-29 03:48:28,320 [Thread-157] INFO  server.AbstractConnector (AbstractConnector.java:doStop(318)) - Stopped ServerConnector@6ec1912c{HTTP/1.1,[http/1.1]}{0.0.0.0:0}
2019-10-29 03:48:28,320 [Thread-157] INFO  handler.ContextHandler (ContextHandler.java:doStop(910)) - Stopped o.e.j.s.ServletContextHandler@3e292b42{/static,file:///workdir/hadoop-ozone/integration-test/target/test-classes/webapps/static,UNAVAILABLE}
2019-10-29 03:48:28,320 [Thread-157] INFO  handler.ContextHandler (ContextHandler.java:doStop(910)) - Stopped o.e.j.s.ServletContextHandler@29765db4{/logs,file:///workdir/hadoop-ozone/integration-test/target/log,UNAVAILABLE}
2019-10-29 03:48:28,321 [Thread-157] INFO  server.StorageContainerManager (StorageContainerManager.java:stop(857)) - Stopping Block Manager Service.
2019-10-29 03:48:28,321 [Thread-157] INFO  utils.BackgroundService (BackgroundService.java:shutdown(151)) - Shutting down service SCMBlockDeletingService
2019-10-29 03:48:28,321 [Thread-157] INFO  utils.BackgroundService (BackgroundService.java:shutdown(151)) - Shutting down service SCMBlockDeletingService
2019-10-29 03:48:28,322 [Thread-157] INFO  server.StorageContainerManager (StorageContainerManager.java:stop(879)) - Stopping SCM Event Queue.
2019-10-29 03:48:28,326 [Thread-157] INFO  impl.MetricsSystemImpl (MetricsSystemImpl.java:stop(210)) - Stopping HddsDatanode metrics system...
2019-10-29 03:48:28,328 [Thread-157] INFO  impl.MetricsSystemImpl (MetricsSystemImpl.java:stop(216)) - HddsDatanode metrics system stopped.
]]></system-out>
  </testcase>
  <testcase name="testOzoneContainerViaDataNode" classname="org.apache.hadoop.ozone.container.ozoneimpl.TestOzoneContainer" time="11.585">
    <failure message="expected:&lt;SUCCESS&gt; but was:&lt;INVALID_WRITE_SIZE&gt;" type="java.lang.AssertionError"><![CDATA[java.lang.AssertionError: expected:<SUCCESS> but was:<INVALID_WRITE_SIZE>
	at org.junit.Assert.fail(Assert.java:88)
	at org.junit.Assert.failNotEquals(Assert.java:743)
	at org.junit.Assert.assertEquals(Assert.java:118)
	at org.junit.Assert.assertEquals(Assert.java:144)
	at org.apache.hadoop.ozone.container.ozoneimpl.TestOzoneContainer.writeChunkForContainer(TestOzoneContainer.java:571)
	at org.apache.hadoop.ozone.container.ozoneimpl.TestOzoneContainer.runTestOzoneContainerViaDataNode(TestOzoneContainer.java:203)
	at org.apache.hadoop.ozone.container.ozoneimpl.TestOzoneContainer.testOzoneContainerViaDataNode(TestOzoneContainer.java:183)
	at sun.reflect.NativeMethodAccessorImpl.invoke0(Native Method)
	at sun.reflect.NativeMethodAccessorImpl.invoke(NativeMethodAccessorImpl.java:62)
	at sun.reflect.DelegatingMethodAccessorImpl.invoke(DelegatingMethodAccessorImpl.java:43)
	at java.lang.reflect.Method.invoke(Method.java:498)
	at org.junit.runners.model.FrameworkMethod$1.runReflectiveCall(FrameworkMethod.java:47)
	at org.junit.internal.runners.model.ReflectiveCallable.run(ReflectiveCallable.java:12)
	at org.junit.runners.model.FrameworkMethod.invokeExplosively(FrameworkMethod.java:44)
	at org.junit.internal.runners.statements.InvokeMethod.evaluate(InvokeMethod.java:17)
	at org.junit.internal.runners.statements.FailOnTimeout$StatementThread.run(FailOnTimeout.java:74)
]]></failure>
    <system-out><![CDATA[2019-10-29 03:48:28,365 [Thread-309] WARN  server.ServerUtils (ServerUtils.java:getScmDbDir(145)) - ozone.scm.db.dirs is not configured. We recommend adding this setting. Falling back to ozone.metadata.dirs instead.
2019-10-29 03:48:28,379 [Thread-309] WARN  server.ServerUtils (ServerUtils.java:getScmDbDir(145)) - ozone.scm.db.dirs is not configured. We recommend adding this setting. Falling back to ozone.metadata.dirs instead.
2019-10-29 03:48:28,379 [Thread-309] WARN  server.ServerUtils (ServerUtils.java:getScmDbDir(145)) - ozone.scm.db.dirs is not configured. We recommend adding this setting. Falling back to ozone.metadata.dirs instead.
2019-10-29 03:48:28,380 [Thread-309] INFO  db.DBStoreBuilder (DBStoreBuilder.java:addTable(127)) - using custom profile for table: deletedBlocks
2019-10-29 03:48:28,380 [Thread-309] INFO  db.DBStoreBuilder (DBStoreBuilder.java:processTables(183)) - Using default column profile:DBProfile.DISK for Table:deletedBlocks
2019-10-29 03:48:28,380 [Thread-309] INFO  db.DBStoreBuilder (DBStoreBuilder.java:addTable(127)) - using custom profile for table: validCerts
2019-10-29 03:48:28,380 [Thread-309] INFO  db.DBStoreBuilder (DBStoreBuilder.java:processTables(183)) - Using default column profile:DBProfile.DISK for Table:validCerts
2019-10-29 03:48:28,381 [Thread-309] INFO  db.DBStoreBuilder (DBStoreBuilder.java:addTable(127)) - using custom profile for table: revokedCerts
2019-10-29 03:48:28,381 [Thread-309] INFO  db.DBStoreBuilder (DBStoreBuilder.java:processTables(183)) - Using default column profile:DBProfile.DISK for Table:revokedCerts
2019-10-29 03:48:28,381 [Thread-309] INFO  db.DBStoreBuilder (DBStoreBuilder.java:addTable(127)) - using custom profile for table: default
2019-10-29 03:48:28,381 [Thread-309] INFO  db.DBStoreBuilder (DBStoreBuilder.java:processTables(189)) - Using default column profile:DBProfile.DISK for Table:default
2019-10-29 03:48:28,381 [Thread-309] INFO  db.DBStoreBuilder (DBStoreBuilder.java:getDbProfile(220)) - Using default options. DBProfile.DISK
2019-10-29 03:48:28,581 [Thread-309] INFO  net.NodeSchemaLoader (NodeSchemaLoader.java:loadSchemaFromFile(125)) - Loading file from sun.misc.CompoundEnumeration@7bb7573b
2019-10-29 03:48:28,581 [Thread-309] INFO  net.NodeSchemaLoader (NodeSchemaLoader.java:loadSchema(171)) - Loading network topology layer schema file
2019-10-29 03:48:28,587 [Thread-309] WARN  server.ServerUtils (ServerUtils.java:sanitizeUserArgs(70)) - ozone.scm.stale.node.interval value = 300000 is larger than max = 100000 based on the key value of ozone.scm.heartbeat.thread.interval, reset to the max value 100000.
2019-10-29 03:48:28,587 [Thread-309] WARN  server.ServerUtils (ServerUtils.java:sanitizeUserArgs(70)) - ozone.scm.stale.node.interval value = 300000 is larger than max = 100000 based on the key value of ozone.scm.heartbeat.thread.interval, reset to the max value 100000.
2019-10-29 03:48:28,588 [Thread-309] INFO  node.SCMNodeManager (SCMNodeManager.java:<init>(116)) - Entering startup safe mode.
2019-10-29 03:48:28,589 [Thread-309] INFO  algorithms.ContainerPlacementPolicyFactory (ContainerPlacementPolicyFactory.java:getPolicy(57)) - Create container placement policy of type org.apache.hadoop.hdds.scm.container.placement.algorithms.SCMContainerPlacementRandom
2019-10-29 03:48:28,589 [Thread-309] WARN  server.ServerUtils (ServerUtils.java:getScmDbDir(145)) - ozone.scm.db.dirs is not configured. We recommend adding this setting. Falling back to ozone.metadata.dirs instead.
2019-10-29 03:48:28,634 [Thread-309] INFO  pipeline.SCMPipelineManager (SCMPipelineManager.java:initializePipelineState(132)) - No pipeline exists in current db
2019-10-29 03:48:28,635 [Thread-309] WARN  server.ServerUtils (ServerUtils.java:getScmDbDir(145)) - ozone.scm.db.dirs is not configured. We recommend adding this setting. Falling back to ozone.metadata.dirs instead.
2019-10-29 03:48:28,749 [Thread-309] WARN  events.EventQueue (EventQueue.java:fireEvent(183)) - No event handler registered for event TypedEvent{payloadType=SafeModeStatus, name='SafeModeStatus'}
2019-10-29 03:48:28,751 [Thread-309] INFO  ipc.CallQueueManager (CallQueueManager.java:<init>(84)) - Using callQueue: class java.util.concurrent.LinkedBlockingQueue, queueCapacity: 2000, scheduler: class org.apache.hadoop.ipc.DefaultRpcScheduler, ipcBackoff: false.
2019-10-29 03:48:28,752 [Socket Reader #1 for port 45066] INFO  ipc.Server (Server.java:run(1074)) - Starting Socket Reader #1 for port 45066
2019-10-29 03:48:28,754 [Thread-309] INFO  ipc.CallQueueManager (CallQueueManager.java:<init>(84)) - Using callQueue: class java.util.concurrent.LinkedBlockingQueue, queueCapacity: 2000, scheduler: class org.apache.hadoop.ipc.DefaultRpcScheduler, ipcBackoff: false.
2019-10-29 03:48:28,755 [Socket Reader #1 for port 33070] INFO  ipc.Server (Server.java:run(1074)) - Starting Socket Reader #1 for port 33070
2019-10-29 03:48:28,756 [Thread-309] INFO  ipc.CallQueueManager (CallQueueManager.java:<init>(84)) - Using callQueue: class java.util.concurrent.LinkedBlockingQueue, queueCapacity: 2000, scheduler: class org.apache.hadoop.ipc.DefaultRpcScheduler, ipcBackoff: false.
2019-10-29 03:48:28,757 [Socket Reader #1 for port 40014] INFO  ipc.Server (Server.java:run(1074)) - Starting Socket Reader #1 for port 40014
2019-10-29 03:48:28,760 [Thread-309] INFO  hdfs.DFSUtil (DFSUtil.java:httpServerTemplateForNNAndJN(1641)) - Starting Web-server for scm at: http://0.0.0.0:0
2019-10-29 03:48:28,763 [Thread-309] INFO  server.AuthenticationFilter (AuthenticationFilter.java:constructSecretProvider(240)) - Unable to initialize FileSignerSecretProvider, falling back to use random secrets.
2019-10-29 03:48:28,764 [Thread-309] WARN  http.HttpRequestLog (HttpRequestLog.java:getRequestLog(97)) - Jetty request log can only be enabled using Log4j
2019-10-29 03:48:28,767 [Thread-309] INFO  http.HttpServer2 (HttpServer2.java:addGlobalFilter(975)) - Added global filter 'safety' (class=org.apache.hadoop.http.HttpServer2$QuotingInputFilter)
2019-10-29 03:48:28,768 [Thread-309] INFO  http.HttpServer2 (HttpServer2.java:addFilter(948)) - Added filter static_user_filter (class=org.apache.hadoop.http.lib.StaticUserWebFilter$StaticUserFilter) to context scm
2019-10-29 03:48:28,768 [Thread-309] INFO  http.HttpServer2 (HttpServer2.java:addFilter(958)) - Added filter static_user_filter (class=org.apache.hadoop.http.lib.StaticUserWebFilter$StaticUserFilter) to context logs
2019-10-29 03:48:28,768 [Thread-309] INFO  http.HttpServer2 (HttpServer2.java:addFilter(958)) - Added filter static_user_filter (class=org.apache.hadoop.http.lib.StaticUserWebFilter$StaticUserFilter) to context static
2019-10-29 03:48:28,772 [Thread-309] INFO  server.StorageContainerManager (StorageContainerManager.java:start(772)) - StorageContainerLocationProtocol RPC server is listening at /0.0.0.0:40014
2019-10-29 03:48:28,774 [Thread-309] WARN  impl.MetricsConfig (MetricsConfig.java:loadFirst(134)) - Cannot locate configuration: tried hadoop-metrics2-storagecontainermanager.properties,hadoop-metrics2.properties
2019-10-29 03:48:28,775 [Thread-309] INFO  impl.MetricsSystemImpl (MetricsSystemImpl.java:startTimer(374)) - Scheduled Metric snapshot period at 10 second(s).
2019-10-29 03:48:28,775 [Thread-309] INFO  impl.MetricsSystemImpl (MetricsSystemImpl.java:start(191)) - StorageContainerManager metrics system started
2019-10-29 03:48:28,791 [Thread-309] WARN  impl.MetricsSystemImpl (MetricsSystemImpl.java:register(276)) - Sink prometheus already exists!
2019-10-29 03:48:28,805 [Thread-309] INFO  server.SCMClientProtocolServer (SCMClientProtocolServer.java:start(159)) - RPC server for Client  is listening at /0.0.0.0:40014
2019-10-29 03:48:28,806 [IPC Server Responder] INFO  ipc.Server (Server.java:run(1314)) - IPC Server Responder: starting
2019-10-29 03:48:28,806 [IPC Server listener on 40014] INFO  ipc.Server (Server.java:run(1153)) - IPC Server listener on 40014: starting
2019-10-29 03:48:28,810 [Thread-309] INFO  server.StorageContainerManager (StorageContainerManager.java:start(782)) - ScmBlockLocationProtocol RPC server is listening at /0.0.0.0:33070
2019-10-29 03:48:28,811 [Thread-309] INFO  server.SCMBlockProtocolServer (SCMBlockProtocolServer.java:start(146)) - RPC server for Block Protocol is listening at /0.0.0.0:33070
2019-10-29 03:48:28,811 [IPC Server Responder] INFO  ipc.Server (Server.java:run(1314)) - IPC Server Responder: starting
2019-10-29 03:48:28,812 [IPC Server listener on 33070] INFO  ipc.Server (Server.java:run(1153)) - IPC Server listener on 33070: starting
2019-10-29 03:48:28,815 [Thread-309] INFO  server.StorageContainerManager (StorageContainerManager.java:start(786)) - ScmDatanodeProtocl RPC server is listening at /0.0.0.0:45066
2019-10-29 03:48:28,816 [Thread-309] INFO  server.SCMDatanodeProtocolServer (SCMDatanodeProtocolServer.java:start(169)) - RPC server for DataNodes is listening at /0.0.0.0:45066
2019-10-29 03:48:28,816 [IPC Server Responder] INFO  ipc.Server (Server.java:run(1314)) - IPC Server Responder: starting
2019-10-29 03:48:28,817 [IPC Server listener on 45066] INFO  ipc.Server (Server.java:run(1153)) - IPC Server listener on 45066: starting
2019-10-29 03:48:28,821 [Thread-309] INFO  http.HttpServer2 (HttpServer2.java:bindListener(1191)) - Jetty bound to port 37396
2019-10-29 03:48:28,821 [Thread-309] INFO  server.Server (Server.java:doStart(351)) - jetty-9.3.25.v20180904, build timestamp: 2018-09-04T21:11:46Z, git hash: 3ce520221d0240229c862b122d2b06c12a625732
2019-10-29 03:48:28,823 [Thread-309] INFO  handler.ContextHandler (ContextHandler.java:doStart(781)) - Started o.e.j.s.ServletContextHandler@3336b056{/logs,file:///workdir/hadoop-ozone/integration-test/target/log,AVAILABLE}
2019-10-29 03:48:28,824 [Thread-309] INFO  handler.ContextHandler (ContextHandler.java:doStart(781)) - Started o.e.j.s.ServletContextHandler@c896320{/static,file:///workdir/hadoop-ozone/integration-test/target/test-classes/webapps/static,AVAILABLE}
2019-10-29 03:48:28,840 [Thread-309] INFO  handler.ContextHandler (ContextHandler.java:doStart(781)) - Started o.e.j.w.WebAppContext@17ed87d3{/,file:///workdir/hadoop-ozone/integration-test/target/test-classes/webapps/scm/,AVAILABLE}{/scm}
2019-10-29 03:48:28,844 [Thread-309] INFO  server.AbstractConnector (AbstractConnector.java:doStart(278)) - Started ServerConnector@69b004cf{HTTP/1.1,[http/1.1]}{0.0.0.0:37396}
2019-10-29 03:48:28,844 [Thread-309] INFO  server.Server (Server.java:doStart(419)) - Started @27883ms
2019-10-29 03:48:28,844 [Thread-309] WARN  impl.MetricsSystemImpl (MetricsSystemImpl.java:register(276)) - Sink prometheus already exists!
2019-10-29 03:48:28,846 [Thread-309] INFO  server.BaseHttpServer (BaseHttpServer.java:updateConnectorAddress(215)) - HTTP server of SCM is listening at http://0.0.0.0:37396
2019-10-29 03:48:28,847 [Thread-309] WARN  server.ServerUtils (ServerUtils.java:getDBPath(222)) - ozone.om.db.dirs is not configured. We recommend adding this setting. Falling back to ozone.metadata.dirs instead.
2019-10-29 03:48:28,847 [org.apache.hadoop.util.JvmPauseMonitor$Monitor@681afdab] INFO  util.JvmPauseMonitor (JvmPauseMonitor.java:run(188)) - Starting JVM pause monitor
2019-10-29 03:48:28,853 [Thread-309] INFO  ha.OMHANodeDetails (OMHANodeDetails.java:loadOMHAConfig(190)) - Configuration either no ozone.om.address set. Falling back to the default OM address /127.0.0.1:0
2019-10-29 03:48:28,854 [Thread-309] INFO  ha.OMHANodeDetails (OMHANodeDetails.java:getOMNodeDetails(220)) - OM Service ID is not set. Setting it to the default ID: omServiceIdDefault
2019-10-29 03:48:28,854 [Thread-309] WARN  server.ServerUtils (ServerUtils.java:getDBPath(222)) - ozone.om.db.dirs is not configured. We recommend adding this setting. Falling back to ozone.metadata.dirs instead.
2019-10-29 03:48:28,855 [Thread-309] WARN  server.ServerUtils (ServerUtils.java:getDBPath(222)) - ozone.om.db.dirs is not configured. We recommend adding this setting. Falling back to ozone.metadata.dirs instead.
2019-10-29 03:48:28,866 [Thread-309] WARN  server.ServerUtils (ServerUtils.java:getDBPath(222)) - ozone.om.db.dirs is not configured. We recommend adding this setting. Falling back to ozone.metadata.dirs instead.
2019-10-29 03:48:28,866 [Thread-309] INFO  db.DBStoreBuilder (DBStoreBuilder.java:addTable(127)) - using custom profile for table: userTable
2019-10-29 03:48:28,867 [Thread-309] INFO  db.DBStoreBuilder (DBStoreBuilder.java:processTables(183)) - Using default column profile:DBProfile.DISK for Table:userTable
2019-10-29 03:48:28,867 [Thread-309] INFO  db.DBStoreBuilder (DBStoreBuilder.java:addTable(127)) - using custom profile for table: volumeTable
2019-10-29 03:48:28,867 [Thread-309] INFO  db.DBStoreBuilder (DBStoreBuilder.java:processTables(183)) - Using default column profile:DBProfile.DISK for Table:volumeTable
2019-10-29 03:48:28,867 [Thread-309] INFO  db.DBStoreBuilder (DBStoreBuilder.java:addTable(127)) - using custom profile for table: bucketTable
2019-10-29 03:48:28,867 [Thread-309] INFO  db.DBStoreBuilder (DBStoreBuilder.java:processTables(183)) - Using default column profile:DBProfile.DISK for Table:bucketTable
2019-10-29 03:48:28,868 [Thread-309] INFO  db.DBStoreBuilder (DBStoreBuilder.java:addTable(127)) - using custom profile for table: keyTable
2019-10-29 03:48:28,868 [Thread-309] INFO  db.DBStoreBuilder (DBStoreBuilder.java:processTables(183)) - Using default column profile:DBProfile.DISK for Table:keyTable
2019-10-29 03:48:28,868 [Thread-309] INFO  db.DBStoreBuilder (DBStoreBuilder.java:addTable(127)) - using custom profile for table: deletedTable
2019-10-29 03:48:28,868 [Thread-309] INFO  db.DBStoreBuilder (DBStoreBuilder.java:processTables(183)) - Using default column profile:DBProfile.DISK for Table:deletedTable
2019-10-29 03:48:28,868 [Thread-309] INFO  db.DBStoreBuilder (DBStoreBuilder.java:addTable(127)) - using custom profile for table: openKeyTable
2019-10-29 03:48:28,869 [Thread-309] INFO  db.DBStoreBuilder (DBStoreBuilder.java:processTables(183)) - Using default column profile:DBProfile.DISK for Table:openKeyTable
2019-10-29 03:48:28,869 [Thread-309] INFO  db.DBStoreBuilder (DBStoreBuilder.java:addTable(127)) - using custom profile for table: s3Table
2019-10-29 03:48:28,869 [Thread-309] INFO  db.DBStoreBuilder (DBStoreBuilder.java:processTables(183)) - Using default column profile:DBProfile.DISK for Table:s3Table
2019-10-29 03:48:28,869 [Thread-309] INFO  db.DBStoreBuilder (DBStoreBuilder.java:addTable(127)) - using custom profile for table: multipartInfoTable
2019-10-29 03:48:28,869 [Thread-309] INFO  db.DBStoreBuilder (DBStoreBuilder.java:processTables(183)) - Using default column profile:DBProfile.DISK for Table:multipartInfoTable
2019-10-29 03:48:28,870 [Thread-309] INFO  db.DBStoreBuilder (DBStoreBuilder.java:addTable(127)) - using custom profile for table: dTokenTable
2019-10-29 03:48:28,870 [Thread-309] INFO  db.DBStoreBuilder (DBStoreBuilder.java:processTables(183)) - Using default column profile:DBProfile.DISK for Table:dTokenTable
2019-10-29 03:48:28,870 [Thread-309] INFO  db.DBStoreBuilder (DBStoreBuilder.java:addTable(127)) - using custom profile for table: s3SecretTable
2019-10-29 03:48:28,870 [Thread-309] INFO  db.DBStoreBuilder (DBStoreBuilder.java:processTables(183)) - Using default column profile:DBProfile.DISK for Table:s3SecretTable
2019-10-29 03:48:28,870 [Thread-309] INFO  db.DBStoreBuilder (DBStoreBuilder.java:addTable(127)) - using custom profile for table: prefixTable
2019-10-29 03:48:28,871 [Thread-309] INFO  db.DBStoreBuilder (DBStoreBuilder.java:processTables(183)) - Using default column profile:DBProfile.DISK for Table:prefixTable
2019-10-29 03:48:28,871 [Thread-309] INFO  db.DBStoreBuilder (DBStoreBuilder.java:addTable(127)) - using custom profile for table: default
2019-10-29 03:48:28,871 [Thread-309] INFO  db.DBStoreBuilder (DBStoreBuilder.java:processTables(189)) - Using default column profile:DBProfile.DISK for Table:default
2019-10-29 03:48:28,871 [Thread-309] INFO  db.DBStoreBuilder (DBStoreBuilder.java:getDbProfile(220)) - Using default options. DBProfile.DISK
2019-10-29 03:48:29,455 [Thread-309] INFO  ipc.CallQueueManager (CallQueueManager.java:<init>(84)) - Using callQueue: class java.util.concurrent.LinkedBlockingQueue, queueCapacity: 2000, scheduler: class org.apache.hadoop.ipc.DefaultRpcScheduler, ipcBackoff: false.
2019-10-29 03:48:29,456 [Socket Reader #1 for port 36304] INFO  ipc.Server (Server.java:run(1074)) - Starting Socket Reader #1 for port 36304
2019-10-29 03:48:29,472 [Thread-309] INFO  om.OzoneManager (OzoneManager.java:start(1074)) - OzoneManager RPC server is listening at localhost/127.0.0.1:36304
2019-10-29 03:48:29,472 [Thread-309] INFO  impl.MetricsSystemImpl (MetricsSystemImpl.java:init(158)) - OzoneManager metrics system started (again)
2019-10-29 03:48:29,473 [IPC Server Responder] INFO  ipc.Server (Server.java:run(1314)) - IPC Server Responder: starting
2019-10-29 03:48:29,473 [IPC Server listener on 36304] INFO  ipc.Server (Server.java:run(1153)) - IPC Server listener on 36304: starting
2019-10-29 03:48:29,479 [Thread-309] INFO  hdfs.DFSUtil (DFSUtil.java:httpServerTemplateForNNAndJN(1641)) - Starting Web-server for ozoneManager at: http://0.0.0.0:0
2019-10-29 03:48:29,480 [Thread-309] INFO  server.AuthenticationFilter (AuthenticationFilter.java:constructSecretProvider(240)) - Unable to initialize FileSignerSecretProvider, falling back to use random secrets.
2019-10-29 03:48:29,481 [Thread-309] WARN  http.HttpRequestLog (HttpRequestLog.java:getRequestLog(97)) - Jetty request log can only be enabled using Log4j
2019-10-29 03:48:29,483 [Thread-309] INFO  http.HttpServer2 (HttpServer2.java:addGlobalFilter(975)) - Added global filter 'safety' (class=org.apache.hadoop.http.HttpServer2$QuotingInputFilter)
2019-10-29 03:48:29,483 [Thread-309] INFO  http.HttpServer2 (HttpServer2.java:addFilter(948)) - Added filter static_user_filter (class=org.apache.hadoop.http.lib.StaticUserWebFilter$StaticUserFilter) to context ozoneManager
2019-10-29 03:48:29,483 [Thread-309] INFO  http.HttpServer2 (HttpServer2.java:addFilter(958)) - Added filter static_user_filter (class=org.apache.hadoop.http.lib.StaticUserWebFilter$StaticUserFilter) to context static
2019-10-29 03:48:29,484 [Thread-309] INFO  http.HttpServer2 (HttpServer2.java:addFilter(958)) - Added filter static_user_filter (class=org.apache.hadoop.http.lib.StaticUserWebFilter$StaticUserFilter) to context logs
2019-10-29 03:48:29,484 [Thread-309] INFO  http.HttpServer2 (HttpServer2.java:bindListener(1191)) - Jetty bound to port 43241
2019-10-29 03:48:29,484 [Thread-309] INFO  server.Server (Server.java:doStart(351)) - jetty-9.3.25.v20180904, build timestamp: 2018-09-04T21:11:46Z, git hash: 3ce520221d0240229c862b122d2b06c12a625732
2019-10-29 03:48:29,487 [Thread-309] INFO  handler.ContextHandler (ContextHandler.java:doStart(781)) - Started o.e.j.s.ServletContextHandler@15854d82{/logs,file:///workdir/hadoop-ozone/integration-test/target/log,AVAILABLE}
2019-10-29 03:48:29,487 [Thread-309] INFO  handler.ContextHandler (ContextHandler.java:doStart(781)) - Started o.e.j.s.ServletContextHandler@3e309564{/static,file:///workdir/hadoop-ozone/integration-test/target/test-classes/webapps/static,AVAILABLE}
2019-10-29 03:48:29,493 [Thread-309] INFO  handler.ContextHandler (ContextHandler.java:doStart(781)) - Started o.e.j.w.WebAppContext@720e29b0{/,file:///workdir/hadoop-ozone/integration-test/target/test-classes/webapps/ozoneManager/,AVAILABLE}{/ozoneManager}
2019-10-29 03:48:29,493 [Thread-309] INFO  server.AbstractConnector (AbstractConnector.java:doStart(278)) - Started ServerConnector@5e40d2c9{HTTP/1.1,[http/1.1]}{0.0.0.0:43241}
2019-10-29 03:48:29,494 [Thread-309] INFO  server.Server (Server.java:doStart(419)) - Started @28532ms
2019-10-29 03:48:29,494 [Thread-309] WARN  impl.MetricsSystemImpl (MetricsSystemImpl.java:register(276)) - Sink prometheus already exists!
2019-10-29 03:48:29,495 [Thread-309] INFO  server.BaseHttpServer (BaseHttpServer.java:updateConnectorAddress(215)) - HTTP server of OZONEMANAGER is listening at http://0.0.0.0:43241
2019-10-29 03:48:29,501 [Thread-309] INFO  impl.MetricsSystemImpl (MetricsSystemImpl.java:init(158)) - HddsDatanode metrics system started (again)
2019-10-29 03:48:29,503 [Thread-309] INFO  ozone.HddsDatanodeService (HddsDatanodeService.java:start(184)) - HddsDatanodeService host:pr-hdds-2375-rt4nw-3626471305 ip:192.168.164.221
2019-10-29 03:48:29,583 [Thread-309] INFO  volume.HddsVolume (HddsVolume.java:<init>(176)) - Creating Volume: /workdir/hadoop-ozone/integration-test/target/test-dir/MiniOzoneClusterImpl-8d672d0d-3ef7-4d03-8be7-f4266adfa76f/datanode-0/data/containers/hdds of  storage type : DISK and capacity : 1482555576320
2019-10-29 03:48:29,591 [Thread-309] INFO  volume.VolumeSet (VolumeSet.java:initializeVolumeSet(170)) - Added Volume : /workdir/hadoop-ozone/integration-test/target/test-dir/MiniOzoneClusterImpl-8d672d0d-3ef7-4d03-8be7-f4266adfa76f/datanode-0/data/containers/hdds to VolumeSet
2019-10-29 03:48:29,598 [Thread-309] INFO  volume.ThrottledAsyncChecker (ThrottledAsyncChecker.java:schedule(141)) - Scheduling a check for /workdir/hadoop-ozone/integration-test/target/test-dir/MiniOzoneClusterImpl-8d672d0d-3ef7-4d03-8be7-f4266adfa76f/datanode-0/data/containers/hdds
2019-10-29 03:48:29,599 [Thread-309] INFO  volume.HddsVolumeChecker (HddsVolumeChecker.java:checkAllVolumes(204)) - Scheduled health check for volume /workdir/hadoop-ozone/integration-test/target/test-dir/MiniOzoneClusterImpl-8d672d0d-3ef7-4d03-8be7-f4266adfa76f/datanode-0/data/containers/hdds
2019-10-29 03:48:29,621 [Thread-309] INFO  impl.RaftServerProxy (ConfUtils.java:logGet(43)) - raft.rpc.type = GRPC (default)
2019-10-29 03:48:29,621 [Thread-309] INFO  grpc.GrpcFactory (GrpcFactory.java:checkPooledByteBufAllocatorUseCacheForAllThreads(45)) - PERFORMANCE WARNING: useCacheForAllThreads is true that may cause Netty to create a lot garbage objects and, as a result, trigger GC.
	It is recommended to disable useCacheForAllThreads by setting -Dorg.apache.ratis.thirdparty.io.netty.allocator.useCacheForAllThreads=false in command line.
2019-10-29 03:48:29,622 [Thread-309] INFO  grpc.GrpcConfigKeys$Server (ConfUtils.java:logGet(43)) - raft.grpc.server.port = 9858 (custom)
2019-10-29 03:48:29,622 [Thread-309] INFO  server.GrpcService (ConfUtils.java:logGet(43)) - raft.grpc.message.size.max = 33570816 (custom)
2019-10-29 03:48:29,622 [Thread-309] INFO  server.RaftServerConfigKeys (ConfUtils.java:logGet(43)) - raft.server.log.appender.buffer.byte-limit = 33554432 (custom)
2019-10-29 03:48:29,622 [Thread-309] INFO  server.GrpcService (ConfUtils.java:logGet(43)) - raft.grpc.flow.control.window = 1MB (=1048576) (default)
2019-10-29 03:48:29,622 [Thread-309] INFO  server.RaftServerConfigKeys (ConfUtils.java:logGet(43)) - raft.server.rpc.request.timeout = 3000ms (default)
2019-10-29 03:48:29,623 [Thread-309] INFO  server.RaftServerConfigKeys (ConfUtils.java:logGet(43)) - raft.server.storage.dir = [/workdir/hadoop-ozone/integration-test/target/test-dir/MiniOzoneClusterImpl-8d672d0d-3ef7-4d03-8be7-f4266adfa76f/datanode-0/data/ratis] (custom)
2019-10-29 03:48:29,626 [Thread-309] INFO  hdfs.DFSUtil (DFSUtil.java:httpServerTemplateForNNAndJN(1641)) - Starting Web-server for hddsDatanode at: http://0.0.0.0:0
2019-10-29 03:48:29,628 [Thread-309] INFO  server.AuthenticationFilter (AuthenticationFilter.java:constructSecretProvider(240)) - Unable to initialize FileSignerSecretProvider, falling back to use random secrets.
2019-10-29 03:48:29,628 [Thread-309] WARN  http.HttpRequestLog (HttpRequestLog.java:getRequestLog(97)) - Jetty request log can only be enabled using Log4j
2019-10-29 03:48:29,631 [Thread-309] INFO  http.HttpServer2 (HttpServer2.java:addGlobalFilter(975)) - Added global filter 'safety' (class=org.apache.hadoop.http.HttpServer2$QuotingInputFilter)
2019-10-29 03:48:29,631 [Thread-309] INFO  http.HttpServer2 (HttpServer2.java:addFilter(948)) - Added filter static_user_filter (class=org.apache.hadoop.http.lib.StaticUserWebFilter$StaticUserFilter) to context hddsDatanode
2019-10-29 03:48:29,632 [Thread-309] INFO  http.HttpServer2 (HttpServer2.java:addFilter(958)) - Added filter static_user_filter (class=org.apache.hadoop.http.lib.StaticUserWebFilter$StaticUserFilter) to context static
2019-10-29 03:48:29,632 [Thread-309] INFO  http.HttpServer2 (HttpServer2.java:addFilter(958)) - Added filter static_user_filter (class=org.apache.hadoop.http.lib.StaticUserWebFilter$StaticUserFilter) to context logs
2019-10-29 03:48:29,633 [Thread-309] INFO  http.HttpServer2 (HttpServer2.java:bindListener(1191)) - Jetty bound to port 40575
2019-10-29 03:48:29,633 [Thread-309] INFO  server.Server (Server.java:doStart(351)) - jetty-9.3.25.v20180904, build timestamp: 2018-09-04T21:11:46Z, git hash: 3ce520221d0240229c862b122d2b06c12a625732
2019-10-29 03:48:29,636 [Thread-309] INFO  handler.ContextHandler (ContextHandler.java:doStart(781)) - Started o.e.j.s.ServletContextHandler@4b83ae98{/logs,file:///workdir/hadoop-ozone/integration-test/target/log,AVAILABLE}
2019-10-29 03:48:29,637 [Thread-309] INFO  handler.ContextHandler (ContextHandler.java:doStart(781)) - Started o.e.j.s.ServletContextHandler@5899af9d{/static,jar:file:/home/user/.m2/repository/org/apache/hadoop/hadoop-hdds-container-service/0.5.0-SNAPSHOT/hadoop-hdds-container-service-0.5.0-SNAPSHOT.jar!/webapps/static,AVAILABLE}
2019-10-29 03:48:29,685 [Thread-309] INFO  handler.ContextHandler (ContextHandler.java:doStart(781)) - Started o.e.j.w.WebAppContext@12147234{/,file:///tmp/jetty-0.0.0.0-40575-hddsDatanode-_-any-3452725992736886907.dir/webapp/,AVAILABLE}{/hddsDatanode}
2019-10-29 03:48:29,685 [Thread-309] INFO  server.AbstractConnector (AbstractConnector.java:doStart(278)) - Started ServerConnector@30d6b420{HTTP/1.1,[http/1.1]}{0.0.0.0:40575}
2019-10-29 03:48:29,686 [Thread-309] INFO  server.Server (Server.java:doStart(419)) - Started @28724ms
2019-10-29 03:48:29,686 [Thread-309] WARN  impl.MetricsSystemImpl (MetricsSystemImpl.java:register(276)) - Sink prometheus already exists!
2019-10-29 03:48:29,687 [Thread-309] INFO  server.BaseHttpServer (BaseHttpServer.java:updateConnectorAddress(215)) - HTTP server of HDDSDATANODE is listening at http://0.0.0.0:40575
2019-10-29 03:48:29,688 [Thread-309] INFO  ozone.MiniOzoneClusterImpl (MiniOzoneClusterImpl.java:lambda$waitForClusterToBeReady$0(147)) - Waiting for cluster to be ready. Got 0 of 1 DN Heartbeats.
2019-10-29 03:48:29,690 [org.apache.hadoop.util.JvmPauseMonitor$Monitor@31e51166] INFO  util.JvmPauseMonitor (JvmPauseMonitor.java:run(188)) - Starting JVM pause monitor
2019-10-29 03:48:29,694 [Datanode State Machine Thread - 0] INFO  datanode.InitDatanodeState (InitDatanodeState.java:persistContainerDatanodeDetails(140)) - DatanodeDetails is persisted to /workdir/hadoop-ozone/integration-test/target/test-dir/MiniOzoneClusterImpl-8d672d0d-3ef7-4d03-8be7-f4266adfa76f/datanode-0/meta/datanode.id
2019-10-29 03:48:30,688 [Thread-309] INFO  ozone.MiniOzoneClusterImpl (MiniOzoneClusterImpl.java:lambda$waitForClusterToBeReady$0(147)) - Waiting for cluster to be ready. Got 0 of 1 DN Heartbeats.
2019-10-29 03:48:31,689 [Thread-309] INFO  ozone.MiniOzoneClusterImpl (MiniOzoneClusterImpl.java:lambda$waitForClusterToBeReady$0(147)) - Waiting for cluster to be ready. Got 0 of 1 DN Heartbeats.
2019-10-29 03:48:31,711 [Datanode State Machine Thread - 0] INFO  ozoneimpl.OzoneContainer (OzoneContainer.java:start(213)) - Attempting to start container services.
2019-10-29 03:48:31,713 [Datanode State Machine Thread - 0] INFO  ozoneimpl.OzoneContainer (OzoneContainer.java:startContainerScrub(177)) - Background container scanner has been disabled.
2019-10-29 03:48:31,713 [Datanode State Machine Thread - 0] INFO  ratis.XceiverServerRatis (XceiverServerRatis.java:start(418)) - Starting XceiverServerRatis d6b412c1-b2f9-4a7b-b892-1386803c2c37 at port 9858
2019-10-29 03:48:31,724 [Datanode State Machine Thread - 0] INFO  impl.RaftServerProxy (RaftServerProxy.java:lambda$start$3(299)) - d6b412c1-b2f9-4a7b-b892-1386803c2c37: start RPC server
2019-10-29 03:48:31,728 [Datanode State Machine Thread - 0] INFO  server.GrpcService (GrpcService.java:startImpl(158)) - d6b412c1-b2f9-4a7b-b892-1386803c2c37: GrpcService started, listening on 0.0.0.0/0.0.0.0:9858
2019-10-29 03:48:32,689 [Thread-309] INFO  ozone.MiniOzoneClusterImpl (MiniOzoneClusterImpl.java:lambda$waitForClusterToBeReady$0(147)) - Waiting for cluster to be ready. Got 0 of 1 DN Heartbeats.
2019-10-29 03:48:33,690 [Thread-309] INFO  ozone.MiniOzoneClusterImpl (MiniOzoneClusterImpl.java:lambda$waitForClusterToBeReady$0(147)) - Waiting for cluster to be ready. Got 0 of 1 DN Heartbeats.
2019-10-29 03:48:33,695 [IPC Server handler 0 on 45066] INFO  net.NetworkTopology (NetworkTopologyImpl.java:add(111)) - Added a new node: /default-rack/d6b412c1-b2f9-4a7b-b892-1386803c2c37
2019-10-29 03:48:33,696 [IPC Server handler 0 on 45066] INFO  node.SCMNodeManager (SCMNodeManager.java:register(267)) - Registered Data node : d6b412c1-b2f9-4a7b-b892-1386803c2c37{ip: 192.168.164.221, host: pr-hdds-2375-rt4nw-3626471305, networkLocation: /default-rack, certSerialId: null}
2019-10-29 03:48:33,699 [EventQueue-NodeRegistrationContainerReportForDataNodeSafeModeRule] INFO  safemode.SCMSafeModeManager (DataNodeSafeModeRule.java:process(71)) - SCM in safe mode. 1 DataNodes registered, 1 required.
2019-10-29 03:48:33,699 [EventQueue-NodeRegistrationContainerReportForContainerSafeModeRule] INFO  safemode.SCMSafeModeManager (SCMSafeModeManager.java:validateSafeModeExitRules(177)) - ScmSafeModeManager, all rules are successfully validated
2019-10-29 03:48:33,700 [EventQueue-NodeRegistrationContainerReportForContainerSafeModeRule] INFO  safemode.SCMSafeModeManager (SCMSafeModeManager.java:exitSafeMode(193)) - SCM exiting safe mode.
2019-10-29 03:48:33,722 [grpc-default-executor-0] INFO  impl.RaftServerProxy (RaftServerProxy.java:addNew(89)) - d6b412c1-b2f9-4a7b-b892-1386803c2c37: addNew group-52C7756AEA95:[d6b412c1-b2f9-4a7b-b892-1386803c2c37:192.168.164.221:9858] returns group-52C7756AEA95:java.util.concurrent.CompletableFuture@21e1566a[Not completed]
2019-10-29 03:48:33,724 [pool-87-thread-1] INFO  impl.RaftServerImpl (RaftServerImpl.java:<init>(98)) - d6b412c1-b2f9-4a7b-b892-1386803c2c37: new RaftServerImpl for group-52C7756AEA95:[d6b412c1-b2f9-4a7b-b892-1386803c2c37:192.168.164.221:9858] with ContainerStateMachine:uninitialized
2019-10-29 03:48:33,724 [pool-87-thread-1] INFO  server.RaftServerConfigKeys (ConfUtils.java:logGet(43)) - raft.server.rpc.timeout.min = 5s (custom)
2019-10-29 03:48:33,724 [pool-87-thread-1] INFO  server.RaftServerConfigKeys (ConfUtils.java:logGet(43)) - raft.server.rpc.timeout.max = 5200ms (custom)
2019-10-29 03:48:33,725 [pool-87-thread-1] INFO  server.RaftServerConfigKeys (ConfUtils.java:logGet(43)) - raft.server.rpcslowness.timeout = 120s (custom)
2019-10-29 03:48:33,725 [pool-87-thread-1] INFO  server.RaftServerConfigKeys (ConfUtils.java:logGet(43)) - raft.server.sleep.deviation.threshold = 300 (default)
2019-10-29 03:48:33,725 [pool-87-thread-1] INFO  server.RaftServerConfigKeys (ConfUtils.java:logGet(43)) - raft.server.log.appender.install.snapshot.enabled = false (custom)
2019-10-29 03:48:33,725 [pool-87-thread-1] INFO  impl.RaftServerImpl (ServerState.java:<init>(103)) - d6b412c1-b2f9-4a7b-b892-1386803c2c37@group-52C7756AEA95: ConfigurationManager, init=-1: [d6b412c1-b2f9-4a7b-b892-1386803c2c37:192.168.164.221:9858], old=null, confs=<EMPTY_MAP>
2019-10-29 03:48:33,725 [pool-87-thread-1] INFO  server.RaftServerConfigKeys (ConfUtils.java:logGet(43)) - raft.server.storage.dir = [/workdir/hadoop-ozone/integration-test/target/test-dir/MiniOzoneClusterImpl-8d672d0d-3ef7-4d03-8be7-f4266adfa76f/datanode-0/data/ratis] (custom)
2019-10-29 03:48:33,726 [pool-87-thread-1] INFO  server.RaftServerConfigKeys (ConfUtils.java:logGet(43)) - raft.server.log.corruption.policy = EXCEPTION (default)
2019-10-29 03:48:33,726 [pool-87-thread-1] INFO  storage.RaftStorageDirectory (RaftStorageDirectory.java:analyzeStorage(246)) - The storage directory /workdir/hadoop-ozone/integration-test/target/test-dir/MiniOzoneClusterImpl-8d672d0d-3ef7-4d03-8be7-f4266adfa76f/datanode-0/data/ratis/7977fb37-08e4-4b1e-bbcb-52c7756aea95 does not exist. Creating ...
2019-10-29 03:48:33,740 [pool-87-thread-1] INFO  storage.RaftStorageDirectory (RaftStorageDirectory.java:tryLock(328)) - Lock on /workdir/hadoop-ozone/integration-test/target/test-dir/MiniOzoneClusterImpl-8d672d0d-3ef7-4d03-8be7-f4266adfa76f/datanode-0/data/ratis/7977fb37-08e4-4b1e-bbcb-52c7756aea95/in_use.lock acquired by nodename 27056@pr-hdds-2375-rt4nw-3626471305
2019-10-29 03:48:33,753 [pool-87-thread-1] INFO  storage.RaftStorage (RaftStorage.java:format(84)) - Storage directory /workdir/hadoop-ozone/integration-test/target/test-dir/MiniOzoneClusterImpl-8d672d0d-3ef7-4d03-8be7-f4266adfa76f/datanode-0/data/ratis/7977fb37-08e4-4b1e-bbcb-52c7756aea95 has been successfully formatted.
2019-10-29 03:48:33,754 [pool-87-thread-1] INFO  ratis.ContainerStateMachine (ContainerStateMachine.java:loadSnapshot(231)) - group-52C7756AEA95: The snapshot info is null. Setting the last applied indexto:(t:0, i:~)
2019-10-29 03:48:33,755 [pool-87-thread-1] INFO  server.RaftServerConfigKeys (ConfUtils.java:logGet(43)) - raft.server.notification.no-leader.timeout = 120s (custom)
2019-10-29 03:48:33,755 [pool-87-thread-1] INFO  server.RaftServerConfigKeys (ConfUtils.java:logGet(43)) - raft.server.log.use.memory = false (default)
2019-10-29 03:48:33,755 [pool-87-thread-1] INFO  server.RaftServerConfigKeys (ConfUtils.java:logGet(43)) - raft.server.log.purge.gap = 1000000 (custom)
2019-10-29 03:48:33,755 [pool-87-thread-1] INFO  server.RaftServerConfigKeys (ConfUtils.java:logGet(43)) - raft.server.log.appender.buffer.byte-limit = 33554432 (custom)
2019-10-29 03:48:33,756 [pool-87-thread-1] INFO  server.RaftServerConfigKeys (ConfUtils.java:logGet(43)) - raft.server.log.segment.size.max = 1048576 (custom)
2019-10-29 03:48:33,756 [pool-87-thread-1] WARN  impl.MetricRegistriesImpl (MetricRegistriesImpl.java:lambda$create$1(61)) - First MetricRegistry has been created without registering reporters. You may need to call MetricRegistries.global().addReportRegistration(...) before.
2019-10-29 03:48:33,757 [pool-87-thread-1] INFO  server.RaftServerConfigKeys (ConfUtils.java:logGet(43)) - raft.server.log.segment.cache.num.max = 2 (custom)
2019-10-29 03:48:33,757 [pool-87-thread-1] INFO  segmented.SegmentedRaftLogWorker (SegmentedRaftLogWorker.java:<init>(173)) - new d6b412c1-b2f9-4a7b-b892-1386803c2c37@group-52C7756AEA95-SegmentedRaftLogWorker for RaftStorage:Storage Directory /workdir/hadoop-ozone/integration-test/target/test-dir/MiniOzoneClusterImpl-8d672d0d-3ef7-4d03-8be7-f4266adfa76f/datanode-0/data/ratis/7977fb37-08e4-4b1e-bbcb-52c7756aea95
2019-10-29 03:48:33,757 [pool-87-thread-1] INFO  server.RaftServerConfigKeys (ConfUtils.java:logGet(43)) - raft.server.log.queue.byte-limit = 2147483647 (custom)
2019-10-29 03:48:33,757 [pool-87-thread-1] INFO  server.RaftServerConfigKeys (ConfUtils.java:logGet(43)) - raft.server.log.queue.element-limit = 1024 (custom)
2019-10-29 03:48:33,757 [pool-87-thread-1] INFO  server.RaftServerConfigKeys (ConfUtils.java:logGet(43)) - raft.server.log.segment.size.max = 1048576 (custom)
2019-10-29 03:48:33,757 [pool-87-thread-1] INFO  server.RaftServerConfigKeys (ConfUtils.java:logGet(43)) - raft.server.log.preallocated.size = 16384 (custom)
2019-10-29 03:48:33,758 [pool-87-thread-1] INFO  server.RaftServerConfigKeys (ConfUtils.java:logGet(43)) - raft.server.log.write.buffer.size = 33554432 (custom)
2019-10-29 03:48:33,758 [pool-87-thread-1] INFO  server.RaftServerConfigKeys (ConfUtils.java:logGet(43)) - raft.server.log.force.sync.num = 128 (default)
2019-10-29 03:48:33,758 [pool-87-thread-1] INFO  server.RaftServerConfigKeys (ConfUtils.java:logGet(43)) - raft.server.log.statemachine.data.sync = true (default)
2019-10-29 03:48:33,758 [pool-87-thread-1] INFO  server.RaftServerConfigKeys (ConfUtils.java:logGet(43)) - raft.server.log.statemachine.data.sync.timeout = 10s (default)
2019-10-29 03:48:33,758 [pool-87-thread-1] INFO  server.RaftServerConfigKeys (ConfUtils.java:logGet(43)) - raft.server.log.statemachine.data.sync.timeout.retry = -1 (default)
2019-10-29 03:48:33,759 [pool-87-thread-1] INFO  server.RaftServerConfigKeys (ConfUtils.java:logGet(43)) - raft.server.log.statemachine.data.caching.enabled = true (custom)
2019-10-29 03:48:33,759 [pool-87-thread-1] INFO  segmented.SegmentedRaftLogWorker (SegmentedRaftLogWorker.java:lambda$new$0(128)) - d6b412c1-b2f9-4a7b-b892-1386803c2c37@group-52C7756AEA95-SegmentedRaftLogWorker: flushIndex: setUnconditionally 0 -> -1
2019-10-29 03:48:33,759 [pool-87-thread-1] INFO  server.RaftServerConfigKeys (ConfUtils.java:logGet(43)) - raft.server.snapshot.auto.trigger.enabled = true (custom)
2019-10-29 03:48:33,760 [pool-87-thread-1] INFO  server.RaftServerConfigKeys (ConfUtils.java:logGet(43)) - raft.server.snapshot.auto.trigger.threshold = 10000 (custom)
2019-10-29 03:48:33,760 [pool-87-thread-1] INFO  server.RaftServerConfigKeys (ConfUtils.java:logGet(43)) - raft.server.snapshot.retention.file.num = 5 (custom)
2019-10-29 03:48:33,760 [pool-87-thread-1] INFO  server.RaftServerConfigKeys (ConfUtils.java:logGet(43)) - raft.server.retrycache.expirytime = 600000ms (custom)
2019-10-29 03:48:33,760 [pool-87-thread-1] WARN  impl.MetricRegistriesImpl (MetricRegistriesImpl.java:lambda$create$1(61)) - First MetricRegistry has been created without registering reporters. You may need to call MetricRegistries.global().addReportRegistration(...) before.
2019-10-29 03:48:33,761 [pool-87-thread-1] WARN  impl.MetricRegistriesImpl (MetricRegistriesImpl.java:lambda$create$1(61)) - First MetricRegistry has been created without registering reporters. You may need to call MetricRegistries.global().addReportRegistration(...) before.
2019-10-29 03:48:33,761 [pool-87-thread-1] INFO  impl.RaftServerImpl (RaftServerImpl.java:start(184)) - d6b412c1-b2f9-4a7b-b892-1386803c2c37@group-52C7756AEA95: start as a follower, conf=-1: [d6b412c1-b2f9-4a7b-b892-1386803c2c37:192.168.164.221:9858], old=null
2019-10-29 03:48:33,761 [pool-87-thread-1] INFO  impl.RaftServerImpl (RaftServerImpl.java:setRole(173)) - d6b412c1-b2f9-4a7b-b892-1386803c2c37@group-52C7756AEA95: changes role from      null to FOLLOWER at term 0 for startAsFollower
2019-10-29 03:48:33,761 [pool-87-thread-1] INFO  impl.RoleInfo (RoleInfo.java:updateAndGet(143)) - d6b412c1-b2f9-4a7b-b892-1386803c2c37: start FollowerState
2019-10-29 03:48:33,763 [pool-87-thread-1] INFO  util.JmxRegister (JmxRegister.java:tryRegister(44)) - Successfully registered JMX Bean with object name Ratis:service=RaftServer,group=group-52C7756AEA95,id=d6b412c1-b2f9-4a7b-b892-1386803c2c37
2019-10-29 03:48:33,763 [pool-87-thread-1] WARN  impl.MetricRegistriesImpl (MetricRegistriesImpl.java:lambda$create$1(61)) - First MetricRegistry has been created without registering reporters. You may need to call MetricRegistries.global().addReportRegistration(...) before.
2019-10-29 03:48:33,772 [RatisPipelineUtilsThread] INFO  pipeline.PipelineStateManager (PipelineStateManager.java:addPipeline(56)) - Created pipeline Pipeline[ Id: 7977fb37-08e4-4b1e-bbcb-52c7756aea95, Nodes: d6b412c1-b2f9-4a7b-b892-1386803c2c37{ip: 192.168.164.221, host: pr-hdds-2375-rt4nw-3626471305, networkLocation: /default-rack, certSerialId: null}, Type:RATIS, Factor:ONE, State:OPEN]
2019-10-29 03:48:34,691 [Thread-309] INFO  ozone.MiniOzoneClusterImpl (MiniOzoneClusterImpl.java:lambda$waitForClusterToBeReady$0(147)) - Cluster is ready. Got 1 of 1 DN Heartbeats.
2019-10-29 03:48:34,829 [EventQueue-IncrementalContainerReportForIncrementalContainerReportHandler] WARN  container.IncrementalContainerReportHandler (IncrementalContainerReportHandler.java:onMessage(73)) - Container 1572320908349 not found!
2019-10-29 03:48:34,835 [grpc-default-executor-0] ERROR impl.ChunkManagerImpl (ChunkUtils.java:validateBufferSize(134)) - data array does not match the length specified. DataLen: 1024 Byte Array: 0
2019-10-29 03:48:34,836 [grpc-default-executor-0] INFO  keyvalue.KeyValueHandler (ContainerUtils.java:logAndReturnError(146)) - Operation: WriteChunk : Trace ID: 61032ede0dfc3e6f:61032ede0dfc3e6f:0:0 : Message: data array does not match the length specified. DataLen: 1024 Byte Array: 0 : Result: INVALID_WRITE_SIZE
03:48:34.854 [grpc-default-executor-0] ERROR DNAudit - user=null | ip=null | op=WRITE_CHUNK {blockData=conID: 1572320908349 locID: 1572320914830 bcsId: 0} | ret=FAILURE
java.lang.Exception: data array does not match the length specified. DataLen: 1024 Byte Array: 0
	at org.apache.hadoop.ozone.container.common.impl.HddsDispatcher.dispatchRequest(HddsDispatcher.java:332) [hadoop-hdds-container-service-0.5.0-SNAPSHOT.jar:?]
	at org.apache.hadoop.ozone.container.common.impl.HddsDispatcher.dispatch(HddsDispatcher.java:150) [hadoop-hdds-container-service-0.5.0-SNAPSHOT.jar:?]
	at org.apache.hadoop.ozone.container.common.transport.server.GrpcXceiverService$1.onNext(GrpcXceiverService.java:73) [hadoop-hdds-container-service-0.5.0-SNAPSHOT.jar:?]
	at org.apache.hadoop.ozone.container.common.transport.server.GrpcXceiverService$1.onNext(GrpcXceiverService.java:61) [hadoop-hdds-container-service-0.5.0-SNAPSHOT.jar:?]
	at org.apache.ratis.thirdparty.io.grpc.stub.ServerCalls$StreamingServerCallHandler$StreamingServerCallListener.onMessage(ServerCalls.java:248) [ratis-thirdparty-misc-0.2.0.jar:0.2.0]
	at org.apache.ratis.thirdparty.io.grpc.ForwardingServerCallListener.onMessage(ForwardingServerCallListener.java:33) [ratis-thirdparty-misc-0.2.0.jar:0.2.0]
	at org.apache.ratis.thirdparty.io.grpc.Contexts$ContextualizedServerCallListener.onMessage(Contexts.java:76) [ratis-thirdparty-misc-0.2.0.jar:0.2.0]
	at org.apache.ratis.thirdparty.io.grpc.ForwardingServerCallListener.onMessage(ForwardingServerCallListener.java:33) [ratis-thirdparty-misc-0.2.0.jar:0.2.0]
	at org.apache.hadoop.hdds.tracing.GrpcServerInterceptor$1.onMessage(GrpcServerInterceptor.java:46) [hadoop-hdds-common-0.5.0-SNAPSHOT.jar:?]
	at org.apache.ratis.thirdparty.io.grpc.internal.ServerCallImpl$ServerStreamListenerImpl.messagesAvailable(ServerCallImpl.java:263) [ratis-thirdparty-misc-0.2.0.jar:0.2.0]
	at org.apache.ratis.thirdparty.io.grpc.internal.ServerImpl$JumpToApplicationThreadServerStreamListener$1MessagesAvailable.runInContext(ServerImpl.java:686) [ratis-thirdparty-misc-0.2.0.jar:0.2.0]
	at org.apache.ratis.thirdparty.io.grpc.internal.ContextRunnable.run(ContextRunnable.java:37) [ratis-thirdparty-misc-0.2.0.jar:0.2.0]
	at org.apache.ratis.thirdparty.io.grpc.internal.SerializingExecutor.run(SerializingExecutor.java:123) [ratis-thirdparty-misc-0.2.0.jar:0.2.0]
	at java.util.concurrent.ThreadPoolExecutor.runWorker(ThreadPoolExecutor.java:1149) [?:1.8.0_222]
	at java.util.concurrent.ThreadPoolExecutor$Worker.run(ThreadPoolExecutor.java:624) [?:1.8.0_222]
	at java.lang.Thread.run(Thread.java:748) [?:1.8.0_222]
2019-10-29 03:48:34,856 [EventQueue-IncrementalContainerReportForIncrementalContainerReportHandler] WARN  container.IncrementalContainerReportHandler (IncrementalContainerReportHandler.java:onMessage(73)) - Container 1572320908349 not found!
2019-10-29 03:48:34,857 [EventQueue-CloseContainerForCloseContainerEventHandler] INFO  container.CloseContainerEventHandler (CloseContainerEventHandler.java:onMessage(61)) - Close container Event triggered for container : #1572320908349
2019-10-29 03:48:34,858 [EventQueue-CloseContainerForCloseContainerEventHandler] ERROR container.CloseContainerEventHandler (CloseContainerEventHandler.java:onMessage(89)) - Failed to close the container #1572320908349.
org.apache.hadoop.hdds.scm.container.ContainerNotFoundException: #1572320908349
	at org.apache.hadoop.hdds.scm.container.states.ContainerStateMap.checkIfContainerExist(ContainerStateMap.java:541)
	at org.apache.hadoop.hdds.scm.container.states.ContainerStateMap.getContainerInfo(ContainerStateMap.java:188)
	at org.apache.hadoop.hdds.scm.container.ContainerStateManager.getContainer(ContainerStateManager.java:476)
	at org.apache.hadoop.hdds.scm.container.SCMContainerManager.getContainer(SCMContainerManager.java:201)
	at org.apache.hadoop.hdds.scm.container.CloseContainerEventHandler.onMessage(CloseContainerEventHandler.java:64)
	at org.apache.hadoop.hdds.scm.container.CloseContainerEventHandler.onMessage(CloseContainerEventHandler.java:45)
	at org.apache.hadoop.hdds.server.events.SingleThreadExecutor.lambda$onMessage$1(SingleThreadExecutor.java:85)
	at java.util.concurrent.ThreadPoolExecutor.runWorker(ThreadPoolExecutor.java:1149)
	at java.util.concurrent.ThreadPoolExecutor$Worker.run(ThreadPoolExecutor.java:624)
	at java.lang.Thread.run(Thread.java:748)
2019-10-29 03:48:34,860 [Thread-309] INFO  ozone.MiniOzoneClusterImpl (MiniOzoneClusterImpl.java:shutdown(314)) - Shutting down the Mini Ozone Cluster
2019-10-29 03:48:34,860 [Thread-309] INFO  ozone.MiniOzoneClusterImpl (MiniOzoneClusterImpl.java:stop(330)) - Stopping the Mini Ozone Cluster
2019-10-29 03:48:34,860 [Thread-309] INFO  ozone.MiniOzoneClusterImpl (MiniOzoneClusterImpl.java:stopOM(400)) - Stopping the OzoneManager
2019-10-29 03:48:34,861 [Thread-309] INFO  ipc.Server (Server.java:stop(3082)) - Stopping server on 36304
2019-10-29 03:48:34,863 [IPC Server listener on 36304] INFO  ipc.Server (Server.java:run(1185)) - Stopping IPC Server listener on 36304
2019-10-29 03:48:34,863 [IPC Server Responder] INFO  ipc.Server (Server.java:run(1319)) - Stopping IPC Server Responder
2019-10-29 03:48:34,863 [Thread-309] INFO  ratis.OzoneManagerDoubleBuffer (OzoneManagerDoubleBuffer.java:stop(255)) - Stopping OMDoubleBuffer flush thread
2019-10-29 03:48:34,864 [OMDoubleBufferFlushThread] INFO  ratis.OzoneManagerDoubleBuffer (OzoneManagerDoubleBuffer.java:flushTransactions(198)) - OMDoubleBuffer flush thread OMDoubleBufferFlushThread is interrupted and will exit. OMDoubleBufferFlushThread
2019-10-29 03:48:34,865 [Thread-309] INFO  utils.BackgroundService (BackgroundService.java:shutdown(151)) - Shutting down service KeyDeletingService
2019-10-29 03:48:34,866 [Thread-309] INFO  handler.ContextHandler (ContextHandler.java:doStop(910)) - Stopped o.e.j.w.WebAppContext@720e29b0{/,null,UNAVAILABLE}{/ozoneManager}
2019-10-29 03:48:34,867 [Thread-309] INFO  server.AbstractConnector (AbstractConnector.java:doStop(318)) - Stopped ServerConnector@5e40d2c9{HTTP/1.1,[http/1.1]}{0.0.0.0:0}
2019-10-29 03:48:34,867 [Thread-309] INFO  handler.ContextHandler (ContextHandler.java:doStop(910)) - Stopped o.e.j.s.ServletContextHandler@3e309564{/static,file:///workdir/hadoop-ozone/integration-test/target/test-classes/webapps/static,UNAVAILABLE}
2019-10-29 03:48:34,868 [Thread-309] INFO  handler.ContextHandler (ContextHandler.java:doStop(910)) - Stopped o.e.j.s.ServletContextHandler@15854d82{/logs,file:///workdir/hadoop-ozone/integration-test/target/log,UNAVAILABLE}
2019-10-29 03:48:34,870 [Thread-309] INFO  ozone.MiniOzoneClusterImpl (MiniOzoneClusterImpl.java:stopDatanodes(377)) - Stopping the HddsDatanodes
2019-10-29 03:48:35,853 [Datanode State Machine Thread - 0] INFO  statemachine.DatanodeStateMachine (DatanodeStateMachine.java:lambda$startDaemon$0(350)) - Ozone container server started.
2019-10-29 03:48:36,704 [Thread-451] INFO  container.ReplicationManager (ReplicationManager.java:start(162)) - Starting Replication Monitor Thread.
2019-10-29 03:48:36,706 [ReplicationMonitor] INFO  container.ReplicationManager (ReplicationManager.java:run(225)) - Replication Monitor Thread took 0 milliseconds for processing 0 containers.
2019-10-29 03:48:38,771 [Thread-453] INFO  impl.FollowerState (FollowerState.java:run(111)) - d6b412c1-b2f9-4a7b-b892-1386803c2c37@group-52C7756AEA95-FollowerState: change to CANDIDATE, lastRpcTime:5009ms, electionTimeout:5009ms
2019-10-29 03:48:38,772 [Thread-453] INFO  impl.RoleInfo (RoleInfo.java:shutdownFollowerState(121)) - d6b412c1-b2f9-4a7b-b892-1386803c2c37: shutdown FollowerState
2019-10-29 03:48:38,773 [Thread-453] INFO  impl.RaftServerImpl (RaftServerImpl.java:setRole(173)) - d6b412c1-b2f9-4a7b-b892-1386803c2c37@group-52C7756AEA95: changes role from  FOLLOWER to CANDIDATE at term 0 for changeToCandidate
2019-10-29 03:48:38,773 [Thread-453] INFO  impl.RoleInfo (RoleInfo.java:updateAndGet(143)) - d6b412c1-b2f9-4a7b-b892-1386803c2c37: start LeaderElection
2019-10-29 03:48:38,818 [d6b412c1-b2f9-4a7b-b892-1386803c2c37@group-52C7756AEA95-LeaderElection3] INFO  impl.LeaderElection (LeaderElection.java:askForVotes(178)) - d6b412c1-b2f9-4a7b-b892-1386803c2c37@group-52C7756AEA95-LeaderElection3: begin an election at term 1 for -1: [d6b412c1-b2f9-4a7b-b892-1386803c2c37:192.168.164.221:9858], old=null
2019-10-29 03:48:38,818 [d6b412c1-b2f9-4a7b-b892-1386803c2c37@group-52C7756AEA95-LeaderElection3] INFO  impl.RoleInfo (RoleInfo.java:shutdownLeaderElection(134)) - d6b412c1-b2f9-4a7b-b892-1386803c2c37: shutdown LeaderElection
2019-10-29 03:48:38,819 [d6b412c1-b2f9-4a7b-b892-1386803c2c37@group-52C7756AEA95-LeaderElection3] INFO  impl.RaftServerImpl (RaftServerImpl.java:setRole(173)) - d6b412c1-b2f9-4a7b-b892-1386803c2c37@group-52C7756AEA95: changes role from CANDIDATE to LEADER at term 1 for changeToLeader
2019-10-29 03:48:38,819 [d6b412c1-b2f9-4a7b-b892-1386803c2c37@group-52C7756AEA95-LeaderElection3] INFO  impl.RaftServerImpl (ServerState.java:setLeader(255)) - d6b412c1-b2f9-4a7b-b892-1386803c2c37@group-52C7756AEA95: change Leader from null to d6b412c1-b2f9-4a7b-b892-1386803c2c37 at term 1 for becomeLeader, leader elected after 5063ms
2019-10-29 03:48:38,819 [d6b412c1-b2f9-4a7b-b892-1386803c2c37@group-52C7756AEA95-LeaderElection3] INFO  server.RaftServerConfigKeys (ConfUtils.java:logGet(43)) - raft.server.staging.catchup.gap = 1000 (default)
2019-10-29 03:48:38,820 [d6b412c1-b2f9-4a7b-b892-1386803c2c37@group-52C7756AEA95-LeaderElection3] INFO  server.RaftServerConfigKeys (ConfUtils.java:logGet(43)) - raft.server.rpc.sleep.time = 25ms (default)
2019-10-29 03:48:38,820 [d6b412c1-b2f9-4a7b-b892-1386803c2c37@group-52C7756AEA95-LeaderElection3] INFO  server.RaftServerConfigKeys (ConfUtils.java:logGet(43)) - raft.server.write.element-limit = 4096 (default)
2019-10-29 03:48:38,820 [d6b412c1-b2f9-4a7b-b892-1386803c2c37@group-52C7756AEA95-LeaderElection3] INFO  server.RaftServerConfigKeys (ConfUtils.java:logGet(43)) - raft.server.watch.timeout = 10s (default)
2019-10-29 03:48:38,820 [d6b412c1-b2f9-4a7b-b892-1386803c2c37@group-52C7756AEA95-LeaderElection3] INFO  server.RaftServerConfigKeys (ConfUtils.java:logGet(43)) - raft.server.watch.timeout.denomination = 1s (default)
2019-10-29 03:48:38,820 [d6b412c1-b2f9-4a7b-b892-1386803c2c37@group-52C7756AEA95-LeaderElection3] INFO  server.RaftServerConfigKeys (ConfUtils.java:logGet(43)) - raft.server.watch.element-limit = 65536 (default)
2019-10-29 03:48:38,821 [d6b412c1-b2f9-4a7b-b892-1386803c2c37@group-52C7756AEA95-LeaderElection3] INFO  impl.RoleInfo (RoleInfo.java:updateAndGet(143)) - d6b412c1-b2f9-4a7b-b892-1386803c2c37: start LeaderState
2019-10-29 03:48:38,821 [d6b412c1-b2f9-4a7b-b892-1386803c2c37@group-52C7756AEA95-LeaderElection3] INFO  segmented.SegmentedRaftLogWorker (SegmentedRaftLogWorker.java:startLogSegment(385)) - d6b412c1-b2f9-4a7b-b892-1386803c2c37@group-52C7756AEA95-SegmentedRaftLogWorker: Starting segment from index:0
2019-10-29 03:48:38,822 [d6b412c1-b2f9-4a7b-b892-1386803c2c37@group-52C7756AEA95-LeaderElection3] INFO  impl.RaftServerImpl (ServerState.java:setRaftConf(356)) - d6b412c1-b2f9-4a7b-b892-1386803c2c37@group-52C7756AEA95: set configuration 0: [d6b412c1-b2f9-4a7b-b892-1386803c2c37:192.168.164.221:9858], old=null at 0
2019-10-29 03:48:38,868 [d6b412c1-b2f9-4a7b-b892-1386803c2c37@group-52C7756AEA95-SegmentedRaftLogWorker] INFO  segmented.SegmentedRaftLogWorker (SegmentedRaftLogWorker.java:execute(576)) - d6b412c1-b2f9-4a7b-b892-1386803c2c37@group-52C7756AEA95-SegmentedRaftLogWorker: created new log segment /workdir/hadoop-ozone/integration-test/target/test-dir/MiniOzoneClusterImpl-8d672d0d-3ef7-4d03-8be7-f4266adfa76f/datanode-0/data/ratis/7977fb37-08e4-4b1e-bbcb-52c7756aea95/current/log_inprogress_0
2019-10-29 03:48:39,871 [Thread-309] INFO  ozoneimpl.OzoneContainer (OzoneContainer.java:stop(227)) - Attempting to stop container services.
2019-10-29 03:48:39,872 [Thread-309] INFO  impl.RaftServerProxy (RaftServerProxy.java:lambda$close$4(314)) - d6b412c1-b2f9-4a7b-b892-1386803c2c37: close
2019-10-29 03:48:39,872 [Thread-309] INFO  impl.RaftServerImpl (RaftServerImpl.java:lambda$shutdown$3(250)) - d6b412c1-b2f9-4a7b-b892-1386803c2c37@group-52C7756AEA95: shutdown
2019-10-29 03:48:39,872 [Thread-309] INFO  util.JmxRegister (JmxRegister.java:unregister(73)) - Successfully un-registered JMX Bean with object name Ratis:service=RaftServer,group=group-52C7756AEA95,id=d6b412c1-b2f9-4a7b-b892-1386803c2c37
2019-10-29 03:48:39,873 [Thread-309] INFO  impl.RoleInfo (RoleInfo.java:shutdownLeaderState(104)) - d6b412c1-b2f9-4a7b-b892-1386803c2c37: shutdown LeaderState
2019-10-29 03:48:39,873 [Thread-309] INFO  impl.PendingRequests (PendingRequests.java:sendNotLeaderResponses(206)) - d6b412c1-b2f9-4a7b-b892-1386803c2c37@group-52C7756AEA95-PendingRequests: sendNotLeaderResponses
2019-10-29 03:48:39,875 [Thread-309] INFO  impl.StateMachineUpdater (StateMachineUpdater.java:stopAndJoin(136)) - d6b412c1-b2f9-4a7b-b892-1386803c2c37@group-52C7756AEA95-StateMachineUpdater: set stopIndex = 0
2019-10-29 03:48:39,876 [Thread-309] INFO  impl.RaftServerImpl (ServerState.java:close(387)) - d6b412c1-b2f9-4a7b-b892-1386803c2c37@group-52C7756AEA95: closes. applyIndex: 0
2019-10-29 03:48:39,877 [d6b412c1-b2f9-4a7b-b892-1386803c2c37@group-52C7756AEA95-SegmentedRaftLogWorker] INFO  segmented.SegmentedRaftLogWorker (SegmentedRaftLogWorker.java:run(316)) - d6b412c1-b2f9-4a7b-b892-1386803c2c37@group-52C7756AEA95-SegmentedRaftLogWorker was interrupted, exiting. There are 0 tasks remaining in the queue.
2019-10-29 03:48:39,877 [Thread-309] INFO  segmented.SegmentedRaftLogWorker (SegmentedRaftLogWorker.java:close(224)) - d6b412c1-b2f9-4a7b-b892-1386803c2c37@group-52C7756AEA95-SegmentedRaftLogWorker close()
2019-10-29 03:48:39,879 [Thread-309] INFO  server.GrpcService (GrpcService.java:closeImpl(164)) - d6b412c1-b2f9-4a7b-b892-1386803c2c37: shutdown server with port 9858 now
2019-10-29 03:48:39,880 [Thread-309] INFO  server.GrpcService (GrpcService.java:closeImpl(172)) - d6b412c1-b2f9-4a7b-b892-1386803c2c37: shutdown server with port 9858 successfully
2019-10-29 03:48:39,883 [refreshUsed-/workdir/hadoop-ozone/integration-test/target/test-dir/MiniOzoneClusterImpl-8d672d0d-3ef7-4d03-8be7-f4266adfa76f/datanode-0/data/containers] WARN  fs.CachingGetSpaceUsed (CachingGetSpaceUsed.java:run(183)) - Thread Interrupted waiting to refresh disk information: sleep interrupted
2019-10-29 03:48:39,898 [Thread-309] INFO  utils.BackgroundService (BackgroundService.java:shutdown(151)) - Shutting down service BlockDeletingService
2019-10-29 03:48:39,901 [Thread-309] INFO  statemachine.DatanodeStateMachine (DatanodeStateMachine.java:stopDaemon(395)) - Ozone container server stopped.
2019-10-29 03:48:39,902 [Thread-309] INFO  handler.ContextHandler (ContextHandler.java:doStop(910)) - Stopped o.e.j.w.WebAppContext@12147234{/,null,UNAVAILABLE}{/hddsDatanode}
2019-10-29 03:48:39,903 [Thread-309] INFO  server.AbstractConnector (AbstractConnector.java:doStop(318)) - Stopped ServerConnector@30d6b420{HTTP/1.1,[http/1.1]}{0.0.0.0:0}
2019-10-29 03:48:39,903 [Thread-309] INFO  handler.ContextHandler (ContextHandler.java:doStop(910)) - Stopped o.e.j.s.ServletContextHandler@5899af9d{/static,jar:file:/home/user/.m2/repository/org/apache/hadoop/hadoop-hdds-container-service/0.5.0-SNAPSHOT/hadoop-hdds-container-service-0.5.0-SNAPSHOT.jar!/webapps/static,UNAVAILABLE}
2019-10-29 03:48:39,904 [Thread-309] INFO  handler.ContextHandler (ContextHandler.java:doStop(910)) - Stopped o.e.j.s.ServletContextHandler@4b83ae98{/logs,file:///workdir/hadoop-ozone/integration-test/target/log,UNAVAILABLE}
2019-10-29 03:48:39,905 [Thread-309] INFO  ozone.MiniOzoneClusterImpl (MiniOzoneClusterImpl.java:stopSCM(392)) - Stopping the StorageContainerManager
2019-10-29 03:48:39,905 [Thread-309] INFO  server.StorageContainerManager (StorageContainerManager.java:stop(810)) - Stopping Replication Manager Service.
2019-10-29 03:48:39,905 [Thread-309] INFO  container.ReplicationManager (ReplicationManager.java:stop(203)) - Stopping Replication Monitor Thread.
2019-10-29 03:48:39,906 [Thread-309] INFO  server.StorageContainerManager (StorageContainerManager.java:stop(817)) - Stopping Lease Manager of the command watchers
2019-10-29 03:48:39,906 [Thread-309] INFO  server.StorageContainerManager (StorageContainerManager.java:stop(824)) - Stopping datanode service RPC server
2019-10-29 03:48:39,906 [Thread-309] INFO  server.SCMDatanodeProtocolServer (SCMDatanodeProtocolServer.java:stop(346)) - Stopping the RPC server for DataNodes
2019-10-29 03:48:39,906 [Thread-309] INFO  ipc.Server (Server.java:stop(3082)) - Stopping server on 45066
2019-10-29 03:48:39,907 [IPC Server listener on 45066] INFO  ipc.Server (Server.java:run(1185)) - Stopping IPC Server listener on 45066
2019-10-29 03:48:39,907 [IPC Server Responder] INFO  ipc.Server (Server.java:run(1319)) - Stopping IPC Server Responder
2019-10-29 03:48:39,910 [SCM Heartbeat Processing Thread - 0] WARN  node.NodeStateManager (NodeStateManager.java:scheduleNextHealthCheck(646)) - Current Thread is interrupted, shutting down HB processing thread for Node Manager.
2019-10-29 03:48:39,911 [Thread-309] INFO  server.StorageContainerManager (StorageContainerManager.java:stop(832)) - Stopping block service RPC server
2019-10-29 03:48:39,911 [Thread-309] INFO  server.SCMBlockProtocolServer (SCMBlockProtocolServer.java:stop(155)) - Stopping the RPC server for Block Protocol
2019-10-29 03:48:39,911 [Thread-309] INFO  ipc.Server (Server.java:stop(3082)) - Stopping server on 33070
2019-10-29 03:48:39,912 [IPC Server listener on 33070] INFO  ipc.Server (Server.java:run(1185)) - Stopping IPC Server listener on 33070
2019-10-29 03:48:39,912 [Thread-309] INFO  server.StorageContainerManager (StorageContainerManager.java:stop(839)) - Stopping the StorageContainerLocationProtocol RPC server
2019-10-29 03:48:39,912 [IPC Server Responder] INFO  ipc.Server (Server.java:run(1319)) - Stopping IPC Server Responder
2019-10-29 03:48:39,912 [Thread-309] INFO  server.SCMClientProtocolServer (SCMClientProtocolServer.java:stop(168)) - Stopping the RPC server for Client Protocol
2019-10-29 03:48:39,913 [Thread-309] INFO  ipc.Server (Server.java:stop(3082)) - Stopping server on 40014
2019-10-29 03:48:39,914 [IPC Server listener on 40014] INFO  ipc.Server (Server.java:run(1185)) - Stopping IPC Server listener on 40014
2019-10-29 03:48:39,914 [IPC Server Responder] INFO  ipc.Server (Server.java:run(1319)) - Stopping IPC Server Responder
2019-10-29 03:48:39,914 [Thread-309] INFO  server.StorageContainerManager (StorageContainerManager.java:stop(846)) - Stopping Storage Container Manager HTTP server.
2019-10-29 03:48:39,916 [Thread-309] INFO  handler.ContextHandler (ContextHandler.java:doStop(910)) - Stopped o.e.j.w.WebAppContext@17ed87d3{/,null,UNAVAILABLE}{/scm}
2019-10-29 03:48:39,917 [Thread-309] INFO  server.AbstractConnector (AbstractConnector.java:doStop(318)) - Stopped ServerConnector@69b004cf{HTTP/1.1,[http/1.1]}{0.0.0.0:0}
2019-10-29 03:48:39,918 [Thread-309] INFO  handler.ContextHandler (ContextHandler.java:doStop(910)) - Stopped o.e.j.s.ServletContextHandler@c896320{/static,file:///workdir/hadoop-ozone/integration-test/target/test-classes/webapps/static,UNAVAILABLE}
2019-10-29 03:48:39,918 [Thread-309] INFO  handler.ContextHandler (ContextHandler.java:doStop(910)) - Stopped o.e.j.s.ServletContextHandler@3336b056{/logs,file:///workdir/hadoop-ozone/integration-test/target/log,UNAVAILABLE}
2019-10-29 03:48:39,918 [Thread-309] INFO  server.StorageContainerManager (StorageContainerManager.java:stop(857)) - Stopping Block Manager Service.
2019-10-29 03:48:39,919 [Thread-309] INFO  utils.BackgroundService (BackgroundService.java:shutdown(151)) - Shutting down service SCMBlockDeletingService
2019-10-29 03:48:39,919 [Thread-309] INFO  utils.BackgroundService (BackgroundService.java:shutdown(151)) - Shutting down service SCMBlockDeletingService
2019-10-29 03:48:39,919 [Thread-309] INFO  server.StorageContainerManager (StorageContainerManager.java:stop(879)) - Stopping SCM Event Queue.
2019-10-29 03:48:39,923 [Thread-309] INFO  impl.MetricsSystemImpl (MetricsSystemImpl.java:stop(210)) - Stopping HddsDatanode metrics system...
2019-10-29 03:48:39,925 [Thread-309] INFO  impl.MetricsSystemImpl (MetricsSystemImpl.java:stop(216)) - HddsDatanode metrics system stopped.
]]></system-out>
  </testcase>
  <testcase name="testOzoneContainerStart" classname="org.apache.hadoop.ozone.container.ozoneimpl.TestOzoneContainer" time="11.59"/>
  <testcase name="testXcieverClientAsync" classname="org.apache.hadoop.ozone.container.ozoneimpl.TestOzoneContainer" time="16.369"/>
  <testcase name="testCreateOzoneContainer" classname="org.apache.hadoop.ozone.container.ozoneimpl.TestOzoneContainer" time="11.513"/>
  <testcase name="testDeleteContainer" classname="org.apache.hadoop.ozone.container.ozoneimpl.TestOzoneContainer" time="11.313">
    <failure message="expected:&lt;SUCCESS&gt; but was:&lt;INVALID_WRITE_SIZE&gt;" type="java.lang.AssertionError"><![CDATA[java.lang.AssertionError: expected:<SUCCESS> but was:<INVALID_WRITE_SIZE>
	at org.junit.Assert.fail(Assert.java:88)
	at org.junit.Assert.failNotEquals(Assert.java:743)
	at org.junit.Assert.assertEquals(Assert.java:118)
	at org.junit.Assert.assertEquals(Assert.java:144)
	at org.apache.hadoop.ozone.container.ozoneimpl.TestOzoneContainer.writeChunkForContainer(TestOzoneContainer.java:571)
	at org.apache.hadoop.ozone.container.ozoneimpl.TestOzoneContainer.testDeleteContainer(TestOzoneContainer.java:435)
	at sun.reflect.NativeMethodAccessorImpl.invoke0(Native Method)
	at sun.reflect.NativeMethodAccessorImpl.invoke(NativeMethodAccessorImpl.java:62)
	at sun.reflect.DelegatingMethodAccessorImpl.invoke(DelegatingMethodAccessorImpl.java:43)
	at java.lang.reflect.Method.invoke(Method.java:498)
	at org.junit.runners.model.FrameworkMethod$1.runReflectiveCall(FrameworkMethod.java:47)
	at org.junit.internal.runners.model.ReflectiveCallable.run(ReflectiveCallable.java:12)
	at org.junit.runners.model.FrameworkMethod.invokeExplosively(FrameworkMethod.java:44)
	at org.junit.internal.runners.statements.InvokeMethod.evaluate(InvokeMethod.java:17)
	at org.junit.internal.runners.statements.FailOnTimeout$StatementThread.run(FailOnTimeout.java:74)
]]></failure>
    <system-out><![CDATA[2019-10-29 03:49:19,428 [Thread-923] WARN  server.ServerUtils (ServerUtils.java:getScmDbDir(145)) - ozone.scm.db.dirs is not configured. We recommend adding this setting. Falling back to ozone.metadata.dirs instead.
2019-10-29 03:49:19,467 [Thread-923] WARN  server.ServerUtils (ServerUtils.java:getScmDbDir(145)) - ozone.scm.db.dirs is not configured. We recommend adding this setting. Falling back to ozone.metadata.dirs instead.
2019-10-29 03:49:19,468 [Thread-923] WARN  server.ServerUtils (ServerUtils.java:getScmDbDir(145)) - ozone.scm.db.dirs is not configured. We recommend adding this setting. Falling back to ozone.metadata.dirs instead.
2019-10-29 03:49:19,469 [Thread-923] INFO  db.DBStoreBuilder (DBStoreBuilder.java:addTable(127)) - using custom profile for table: deletedBlocks
2019-10-29 03:49:19,469 [Thread-923] INFO  db.DBStoreBuilder (DBStoreBuilder.java:processTables(183)) - Using default column profile:DBProfile.DISK for Table:deletedBlocks
2019-10-29 03:49:19,469 [Thread-923] INFO  db.DBStoreBuilder (DBStoreBuilder.java:addTable(127)) - using custom profile for table: validCerts
2019-10-29 03:49:19,470 [Thread-923] INFO  db.DBStoreBuilder (DBStoreBuilder.java:processTables(183)) - Using default column profile:DBProfile.DISK for Table:validCerts
2019-10-29 03:49:19,470 [Thread-923] INFO  db.DBStoreBuilder (DBStoreBuilder.java:addTable(127)) - using custom profile for table: revokedCerts
2019-10-29 03:49:19,470 [Thread-923] INFO  db.DBStoreBuilder (DBStoreBuilder.java:processTables(183)) - Using default column profile:DBProfile.DISK for Table:revokedCerts
2019-10-29 03:49:19,470 [Thread-923] INFO  db.DBStoreBuilder (DBStoreBuilder.java:addTable(127)) - using custom profile for table: default
2019-10-29 03:49:19,471 [Thread-923] INFO  db.DBStoreBuilder (DBStoreBuilder.java:processTables(189)) - Using default column profile:DBProfile.DISK for Table:default
2019-10-29 03:49:19,471 [Thread-923] INFO  db.DBStoreBuilder (DBStoreBuilder.java:getDbProfile(220)) - Using default options. DBProfile.DISK
2019-10-29 03:49:19,572 [Thread-923] INFO  net.NodeSchemaLoader (NodeSchemaLoader.java:loadSchemaFromFile(125)) - Loading file from sun.misc.CompoundEnumeration@81d9fe4
2019-10-29 03:49:19,572 [Thread-923] INFO  net.NodeSchemaLoader (NodeSchemaLoader.java:loadSchema(171)) - Loading network topology layer schema file
2019-10-29 03:49:19,578 [Thread-923] WARN  server.ServerUtils (ServerUtils.java:sanitizeUserArgs(70)) - ozone.scm.stale.node.interval value = 300000 is larger than max = 100000 based on the key value of ozone.scm.heartbeat.thread.interval, reset to the max value 100000.
2019-10-29 03:49:19,578 [Thread-923] WARN  server.ServerUtils (ServerUtils.java:sanitizeUserArgs(70)) - ozone.scm.stale.node.interval value = 300000 is larger than max = 100000 based on the key value of ozone.scm.heartbeat.thread.interval, reset to the max value 100000.
2019-10-29 03:49:19,579 [Thread-923] INFO  node.SCMNodeManager (SCMNodeManager.java:<init>(116)) - Entering startup safe mode.
2019-10-29 03:49:19,579 [Thread-923] INFO  algorithms.ContainerPlacementPolicyFactory (ContainerPlacementPolicyFactory.java:getPolicy(57)) - Create container placement policy of type org.apache.hadoop.hdds.scm.container.placement.algorithms.SCMContainerPlacementRandom
2019-10-29 03:49:19,580 [Thread-923] WARN  server.ServerUtils (ServerUtils.java:getScmDbDir(145)) - ozone.scm.db.dirs is not configured. We recommend adding this setting. Falling back to ozone.metadata.dirs instead.
2019-10-29 03:49:19,605 [Thread-923] INFO  pipeline.SCMPipelineManager (SCMPipelineManager.java:initializePipelineState(132)) - No pipeline exists in current db
2019-10-29 03:49:19,605 [Thread-923] WARN  server.ServerUtils (ServerUtils.java:getScmDbDir(145)) - ozone.scm.db.dirs is not configured. We recommend adding this setting. Falling back to ozone.metadata.dirs instead.
2019-10-29 03:49:19,633 [Thread-923] WARN  events.EventQueue (EventQueue.java:fireEvent(183)) - No event handler registered for event TypedEvent{payloadType=SafeModeStatus, name='SafeModeStatus'}
2019-10-29 03:49:19,635 [Thread-923] INFO  ipc.CallQueueManager (CallQueueManager.java:<init>(84)) - Using callQueue: class java.util.concurrent.LinkedBlockingQueue, queueCapacity: 2000, scheduler: class org.apache.hadoop.ipc.DefaultRpcScheduler, ipcBackoff: false.
2019-10-29 03:49:19,636 [Socket Reader #1 for port 34119] INFO  ipc.Server (Server.java:run(1074)) - Starting Socket Reader #1 for port 34119
2019-10-29 03:49:19,638 [Thread-923] INFO  ipc.CallQueueManager (CallQueueManager.java:<init>(84)) - Using callQueue: class java.util.concurrent.LinkedBlockingQueue, queueCapacity: 2000, scheduler: class org.apache.hadoop.ipc.DefaultRpcScheduler, ipcBackoff: false.
2019-10-29 03:49:19,640 [Socket Reader #1 for port 36312] INFO  ipc.Server (Server.java:run(1074)) - Starting Socket Reader #1 for port 36312
2019-10-29 03:49:19,641 [Thread-923] INFO  ipc.CallQueueManager (CallQueueManager.java:<init>(84)) - Using callQueue: class java.util.concurrent.LinkedBlockingQueue, queueCapacity: 2000, scheduler: class org.apache.hadoop.ipc.DefaultRpcScheduler, ipcBackoff: false.
2019-10-29 03:49:19,643 [Socket Reader #1 for port 46444] INFO  ipc.Server (Server.java:run(1074)) - Starting Socket Reader #1 for port 46444
2019-10-29 03:49:19,646 [Thread-923] INFO  hdfs.DFSUtil (DFSUtil.java:httpServerTemplateForNNAndJN(1641)) - Starting Web-server for scm at: http://0.0.0.0:0
2019-10-29 03:49:19,649 [Thread-923] INFO  server.AuthenticationFilter (AuthenticationFilter.java:constructSecretProvider(240)) - Unable to initialize FileSignerSecretProvider, falling back to use random secrets.
2019-10-29 03:49:19,649 [Thread-923] WARN  http.HttpRequestLog (HttpRequestLog.java:getRequestLog(97)) - Jetty request log can only be enabled using Log4j
2019-10-29 03:49:19,652 [Thread-923] INFO  http.HttpServer2 (HttpServer2.java:addGlobalFilter(975)) - Added global filter 'safety' (class=org.apache.hadoop.http.HttpServer2$QuotingInputFilter)
2019-10-29 03:49:19,653 [Thread-923] INFO  http.HttpServer2 (HttpServer2.java:addFilter(948)) - Added filter static_user_filter (class=org.apache.hadoop.http.lib.StaticUserWebFilter$StaticUserFilter) to context scm
2019-10-29 03:49:19,653 [Thread-923] INFO  http.HttpServer2 (HttpServer2.java:addFilter(958)) - Added filter static_user_filter (class=org.apache.hadoop.http.lib.StaticUserWebFilter$StaticUserFilter) to context logs
2019-10-29 03:49:19,653 [Thread-923] INFO  http.HttpServer2 (HttpServer2.java:addFilter(958)) - Added filter static_user_filter (class=org.apache.hadoop.http.lib.StaticUserWebFilter$StaticUserFilter) to context static
2019-10-29 03:49:19,656 [Thread-923] INFO  server.StorageContainerManager (StorageContainerManager.java:start(772)) - StorageContainerLocationProtocol RPC server is listening at /0.0.0.0:46444
2019-10-29 03:49:19,659 [Thread-923] WARN  impl.MetricsConfig (MetricsConfig.java:loadFirst(134)) - Cannot locate configuration: tried hadoop-metrics2-storagecontainermanager.properties,hadoop-metrics2.properties
2019-10-29 03:49:19,660 [Thread-923] INFO  impl.MetricsSystemImpl (MetricsSystemImpl.java:startTimer(374)) - Scheduled Metric snapshot period at 10 second(s).
2019-10-29 03:49:19,660 [Thread-923] INFO  impl.MetricsSystemImpl (MetricsSystemImpl.java:start(191)) - StorageContainerManager metrics system started
2019-10-29 03:49:19,687 [Thread-923] WARN  impl.MetricsSystemImpl (MetricsSystemImpl.java:register(276)) - Sink prometheus already exists!
2019-10-29 03:49:19,691 [Thread-923] INFO  server.SCMClientProtocolServer (SCMClientProtocolServer.java:start(159)) - RPC server for Client  is listening at /0.0.0.0:46444
2019-10-29 03:49:19,692 [IPC Server Responder] INFO  ipc.Server (Server.java:run(1314)) - IPC Server Responder: starting
2019-10-29 03:49:19,692 [IPC Server listener on 46444] INFO  ipc.Server (Server.java:run(1153)) - IPC Server listener on 46444: starting
2019-10-29 03:49:19,695 [Thread-923] INFO  server.StorageContainerManager (StorageContainerManager.java:start(782)) - ScmBlockLocationProtocol RPC server is listening at /0.0.0.0:36312
2019-10-29 03:49:19,696 [Thread-923] INFO  server.SCMBlockProtocolServer (SCMBlockProtocolServer.java:start(146)) - RPC server for Block Protocol is listening at /0.0.0.0:36312
2019-10-29 03:49:19,696 [IPC Server Responder] INFO  ipc.Server (Server.java:run(1314)) - IPC Server Responder: starting
2019-10-29 03:49:19,696 [IPC Server listener on 36312] INFO  ipc.Server (Server.java:run(1153)) - IPC Server listener on 36312: starting
2019-10-29 03:49:19,700 [Thread-923] INFO  server.StorageContainerManager (StorageContainerManager.java:start(786)) - ScmDatanodeProtocl RPC server is listening at /0.0.0.0:34119
2019-10-29 03:49:19,700 [Thread-923] INFO  server.SCMDatanodeProtocolServer (SCMDatanodeProtocolServer.java:start(169)) - RPC server for DataNodes is listening at /0.0.0.0:34119
2019-10-29 03:49:19,700 [IPC Server Responder] INFO  ipc.Server (Server.java:run(1314)) - IPC Server Responder: starting
2019-10-29 03:49:19,700 [IPC Server listener on 34119] INFO  ipc.Server (Server.java:run(1153)) - IPC Server listener on 34119: starting
2019-10-29 03:49:19,703 [Thread-923] INFO  http.HttpServer2 (HttpServer2.java:bindListener(1191)) - Jetty bound to port 45084
2019-10-29 03:49:19,704 [Thread-923] INFO  server.Server (Server.java:doStart(351)) - jetty-9.3.25.v20180904, build timestamp: 2018-09-04T21:11:46Z, git hash: 3ce520221d0240229c862b122d2b06c12a625732
2019-10-29 03:49:19,706 [Thread-923] INFO  handler.ContextHandler (ContextHandler.java:doStart(781)) - Started o.e.j.s.ServletContextHandler@35a3ad9{/logs,file:///workdir/hadoop-ozone/integration-test/target/log,AVAILABLE}
2019-10-29 03:49:19,706 [Thread-923] INFO  handler.ContextHandler (ContextHandler.java:doStart(781)) - Started o.e.j.s.ServletContextHandler@39d7eca{/static,file:///workdir/hadoop-ozone/integration-test/target/test-classes/webapps/static,AVAILABLE}
2019-10-29 03:49:19,710 [Thread-923] INFO  handler.ContextHandler (ContextHandler.java:doStart(781)) - Started o.e.j.w.WebAppContext@6963ef8{/,file:///workdir/hadoop-ozone/integration-test/target/test-classes/webapps/scm/,AVAILABLE}{/scm}
2019-10-29 03:49:19,711 [Thread-923] INFO  server.AbstractConnector (AbstractConnector.java:doStart(278)) - Started ServerConnector@b8cc98f{HTTP/1.1,[http/1.1]}{0.0.0.0:45084}
2019-10-29 03:49:19,711 [Thread-923] INFO  server.Server (Server.java:doStart(419)) - Started @78750ms
2019-10-29 03:49:19,711 [Thread-923] WARN  impl.MetricsSystemImpl (MetricsSystemImpl.java:register(276)) - Sink prometheus already exists!
2019-10-29 03:49:19,712 [Thread-923] INFO  server.BaseHttpServer (BaseHttpServer.java:updateConnectorAddress(215)) - HTTP server of SCM is listening at http://0.0.0.0:45084
2019-10-29 03:49:19,713 [Thread-923] WARN  server.ServerUtils (ServerUtils.java:getDBPath(222)) - ozone.om.db.dirs is not configured. We recommend adding this setting. Falling back to ozone.metadata.dirs instead.
2019-10-29 03:49:19,713 [org.apache.hadoop.util.JvmPauseMonitor$Monitor@713cc5d6] INFO  util.JvmPauseMonitor (JvmPauseMonitor.java:run(188)) - Starting JVM pause monitor
2019-10-29 03:49:19,718 [Thread-923] INFO  ha.OMHANodeDetails (OMHANodeDetails.java:loadOMHAConfig(190)) - Configuration either no ozone.om.address set. Falling back to the default OM address /127.0.0.1:0
2019-10-29 03:49:19,718 [Thread-923] INFO  ha.OMHANodeDetails (OMHANodeDetails.java:getOMNodeDetails(220)) - OM Service ID is not set. Setting it to the default ID: omServiceIdDefault
2019-10-29 03:49:19,719 [Thread-923] WARN  server.ServerUtils (ServerUtils.java:getDBPath(222)) - ozone.om.db.dirs is not configured. We recommend adding this setting. Falling back to ozone.metadata.dirs instead.
2019-10-29 03:49:19,719 [Thread-923] WARN  server.ServerUtils (ServerUtils.java:getDBPath(222)) - ozone.om.db.dirs is not configured. We recommend adding this setting. Falling back to ozone.metadata.dirs instead.
2019-10-29 03:49:19,726 [Thread-923] WARN  server.ServerUtils (ServerUtils.java:getDBPath(222)) - ozone.om.db.dirs is not configured. We recommend adding this setting. Falling back to ozone.metadata.dirs instead.
2019-10-29 03:49:19,726 [Thread-923] INFO  db.DBStoreBuilder (DBStoreBuilder.java:addTable(127)) - using custom profile for table: userTable
2019-10-29 03:49:19,726 [Thread-923] INFO  db.DBStoreBuilder (DBStoreBuilder.java:processTables(183)) - Using default column profile:DBProfile.DISK for Table:userTable
2019-10-29 03:49:19,727 [Thread-923] INFO  db.DBStoreBuilder (DBStoreBuilder.java:addTable(127)) - using custom profile for table: volumeTable
2019-10-29 03:49:19,727 [Thread-923] INFO  db.DBStoreBuilder (DBStoreBuilder.java:processTables(183)) - Using default column profile:DBProfile.DISK for Table:volumeTable
2019-10-29 03:49:19,727 [Thread-923] INFO  db.DBStoreBuilder (DBStoreBuilder.java:addTable(127)) - using custom profile for table: bucketTable
2019-10-29 03:49:19,727 [Thread-923] INFO  db.DBStoreBuilder (DBStoreBuilder.java:processTables(183)) - Using default column profile:DBProfile.DISK for Table:bucketTable
2019-10-29 03:49:19,727 [Thread-923] INFO  db.DBStoreBuilder (DBStoreBuilder.java:addTable(127)) - using custom profile for table: keyTable
2019-10-29 03:49:19,727 [Thread-923] INFO  db.DBStoreBuilder (DBStoreBuilder.java:processTables(183)) - Using default column profile:DBProfile.DISK for Table:keyTable
2019-10-29 03:49:19,727 [Thread-923] INFO  db.DBStoreBuilder (DBStoreBuilder.java:addTable(127)) - using custom profile for table: deletedTable
2019-10-29 03:49:19,727 [Thread-923] INFO  db.DBStoreBuilder (DBStoreBuilder.java:processTables(183)) - Using default column profile:DBProfile.DISK for Table:deletedTable
2019-10-29 03:49:19,728 [Thread-923] INFO  db.DBStoreBuilder (DBStoreBuilder.java:addTable(127)) - using custom profile for table: openKeyTable
2019-10-29 03:49:19,728 [Thread-923] INFO  db.DBStoreBuilder (DBStoreBuilder.java:processTables(183)) - Using default column profile:DBProfile.DISK for Table:openKeyTable
2019-10-29 03:49:19,728 [Thread-923] INFO  db.DBStoreBuilder (DBStoreBuilder.java:addTable(127)) - using custom profile for table: s3Table
2019-10-29 03:49:19,728 [Thread-923] INFO  db.DBStoreBuilder (DBStoreBuilder.java:processTables(183)) - Using default column profile:DBProfile.DISK for Table:s3Table
2019-10-29 03:49:19,728 [Thread-923] INFO  db.DBStoreBuilder (DBStoreBuilder.java:addTable(127)) - using custom profile for table: multipartInfoTable
2019-10-29 03:49:19,728 [Thread-923] INFO  db.DBStoreBuilder (DBStoreBuilder.java:processTables(183)) - Using default column profile:DBProfile.DISK for Table:multipartInfoTable
2019-10-29 03:49:19,728 [Thread-923] INFO  db.DBStoreBuilder (DBStoreBuilder.java:addTable(127)) - using custom profile for table: dTokenTable
2019-10-29 03:49:19,728 [Thread-923] INFO  db.DBStoreBuilder (DBStoreBuilder.java:processTables(183)) - Using default column profile:DBProfile.DISK for Table:dTokenTable
2019-10-29 03:49:19,728 [Thread-923] INFO  db.DBStoreBuilder (DBStoreBuilder.java:addTable(127)) - using custom profile for table: s3SecretTable
2019-10-29 03:49:19,729 [Thread-923] INFO  db.DBStoreBuilder (DBStoreBuilder.java:processTables(183)) - Using default column profile:DBProfile.DISK for Table:s3SecretTable
2019-10-29 03:49:19,729 [Thread-923] INFO  db.DBStoreBuilder (DBStoreBuilder.java:addTable(127)) - using custom profile for table: prefixTable
2019-10-29 03:49:19,729 [Thread-923] INFO  db.DBStoreBuilder (DBStoreBuilder.java:processTables(183)) - Using default column profile:DBProfile.DISK for Table:prefixTable
2019-10-29 03:49:19,729 [Thread-923] INFO  db.DBStoreBuilder (DBStoreBuilder.java:addTable(127)) - using custom profile for table: default
2019-10-29 03:49:19,729 [Thread-923] INFO  db.DBStoreBuilder (DBStoreBuilder.java:processTables(189)) - Using default column profile:DBProfile.DISK for Table:default
2019-10-29 03:49:19,729 [Thread-923] INFO  db.DBStoreBuilder (DBStoreBuilder.java:getDbProfile(220)) - Using default options. DBProfile.DISK
2019-10-29 03:49:20,318 [Thread-923] INFO  ipc.CallQueueManager (CallQueueManager.java:<init>(84)) - Using callQueue: class java.util.concurrent.LinkedBlockingQueue, queueCapacity: 2000, scheduler: class org.apache.hadoop.ipc.DefaultRpcScheduler, ipcBackoff: false.
2019-10-29 03:49:20,319 [Socket Reader #1 for port 43006] INFO  ipc.Server (Server.java:run(1074)) - Starting Socket Reader #1 for port 43006
2019-10-29 03:49:20,337 [Thread-923] INFO  om.OzoneManager (OzoneManager.java:start(1074)) - OzoneManager RPC server is listening at localhost/127.0.0.1:43006
2019-10-29 03:49:20,337 [Thread-923] INFO  impl.MetricsSystemImpl (MetricsSystemImpl.java:init(158)) - OzoneManager metrics system started (again)
2019-10-29 03:49:20,338 [IPC Server Responder] INFO  ipc.Server (Server.java:run(1314)) - IPC Server Responder: starting
2019-10-29 03:49:20,339 [IPC Server listener on 43006] INFO  ipc.Server (Server.java:run(1153)) - IPC Server listener on 43006: starting
2019-10-29 03:49:20,344 [Thread-923] INFO  hdfs.DFSUtil (DFSUtil.java:httpServerTemplateForNNAndJN(1641)) - Starting Web-server for ozoneManager at: http://0.0.0.0:0
2019-10-29 03:49:20,346 [Thread-923] INFO  server.AuthenticationFilter (AuthenticationFilter.java:constructSecretProvider(240)) - Unable to initialize FileSignerSecretProvider, falling back to use random secrets.
2019-10-29 03:49:20,346 [Thread-923] WARN  http.HttpRequestLog (HttpRequestLog.java:getRequestLog(97)) - Jetty request log can only be enabled using Log4j
2019-10-29 03:49:20,348 [Thread-923] INFO  http.HttpServer2 (HttpServer2.java:addGlobalFilter(975)) - Added global filter 'safety' (class=org.apache.hadoop.http.HttpServer2$QuotingInputFilter)
2019-10-29 03:49:20,349 [Thread-923] INFO  http.HttpServer2 (HttpServer2.java:addFilter(948)) - Added filter static_user_filter (class=org.apache.hadoop.http.lib.StaticUserWebFilter$StaticUserFilter) to context ozoneManager
2019-10-29 03:49:20,349 [Thread-923] INFO  http.HttpServer2 (HttpServer2.java:addFilter(958)) - Added filter static_user_filter (class=org.apache.hadoop.http.lib.StaticUserWebFilter$StaticUserFilter) to context logs
2019-10-29 03:49:20,349 [Thread-923] INFO  http.HttpServer2 (HttpServer2.java:addFilter(958)) - Added filter static_user_filter (class=org.apache.hadoop.http.lib.StaticUserWebFilter$StaticUserFilter) to context static
2019-10-29 03:49:20,350 [Thread-923] INFO  http.HttpServer2 (HttpServer2.java:bindListener(1191)) - Jetty bound to port 40810
2019-10-29 03:49:20,351 [Thread-923] INFO  server.Server (Server.java:doStart(351)) - jetty-9.3.25.v20180904, build timestamp: 2018-09-04T21:11:46Z, git hash: 3ce520221d0240229c862b122d2b06c12a625732
2019-10-29 03:49:20,353 [Thread-923] INFO  handler.ContextHandler (ContextHandler.java:doStart(781)) - Started o.e.j.s.ServletContextHandler@47e25da5{/logs,file:///workdir/hadoop-ozone/integration-test/target/log,AVAILABLE}
2019-10-29 03:49:20,354 [Thread-923] INFO  handler.ContextHandler (ContextHandler.java:doStart(781)) - Started o.e.j.s.ServletContextHandler@27e4cc3e{/static,file:///workdir/hadoop-ozone/integration-test/target/test-classes/webapps/static,AVAILABLE}
2019-10-29 03:49:20,359 [Thread-923] INFO  handler.ContextHandler (ContextHandler.java:doStart(781)) - Started o.e.j.w.WebAppContext@2cdd7460{/,file:///workdir/hadoop-ozone/integration-test/target/test-classes/webapps/ozoneManager/,AVAILABLE}{/ozoneManager}
2019-10-29 03:49:20,360 [Thread-923] INFO  server.AbstractConnector (AbstractConnector.java:doStart(278)) - Started ServerConnector@3b9f549{HTTP/1.1,[http/1.1]}{0.0.0.0:40810}
2019-10-29 03:49:20,360 [Thread-923] INFO  server.Server (Server.java:doStart(419)) - Started @79399ms
2019-10-29 03:49:20,360 [Thread-923] WARN  impl.MetricsSystemImpl (MetricsSystemImpl.java:register(276)) - Sink prometheus already exists!
2019-10-29 03:49:20,362 [Thread-923] INFO  server.BaseHttpServer (BaseHttpServer.java:updateConnectorAddress(215)) - HTTP server of OZONEMANAGER is listening at http://0.0.0.0:40810
2019-10-29 03:49:20,367 [Thread-923] INFO  impl.MetricsSystemImpl (MetricsSystemImpl.java:init(158)) - HddsDatanode metrics system started (again)
2019-10-29 03:49:20,369 [Thread-923] INFO  ozone.HddsDatanodeService (HddsDatanodeService.java:start(184)) - HddsDatanodeService host:pr-hdds-2375-rt4nw-3626471305 ip:192.168.164.221
2019-10-29 03:49:20,378 [Thread-923] INFO  volume.HddsVolume (HddsVolume.java:<init>(176)) - Creating Volume: /workdir/hadoop-ozone/integration-test/target/test-dir/MiniOzoneClusterImpl-26be0a9d-9cc2-4b7a-a8a7-449df1cdec79/datanode-0/data/containers/hdds of  storage type : DISK and capacity : 1482555576320
2019-10-29 03:49:20,378 [Thread-923] INFO  volume.VolumeSet (VolumeSet.java:initializeVolumeSet(170)) - Added Volume : /workdir/hadoop-ozone/integration-test/target/test-dir/MiniOzoneClusterImpl-26be0a9d-9cc2-4b7a-a8a7-449df1cdec79/datanode-0/data/containers/hdds to VolumeSet
2019-10-29 03:49:20,378 [Thread-923] INFO  volume.ThrottledAsyncChecker (ThrottledAsyncChecker.java:schedule(141)) - Scheduling a check for /workdir/hadoop-ozone/integration-test/target/test-dir/MiniOzoneClusterImpl-26be0a9d-9cc2-4b7a-a8a7-449df1cdec79/datanode-0/data/containers/hdds
2019-10-29 03:49:20,379 [Thread-923] INFO  volume.HddsVolumeChecker (HddsVolumeChecker.java:checkAllVolumes(204)) - Scheduled health check for volume /workdir/hadoop-ozone/integration-test/target/test-dir/MiniOzoneClusterImpl-26be0a9d-9cc2-4b7a-a8a7-449df1cdec79/datanode-0/data/containers/hdds
2019-10-29 03:49:20,398 [Thread-923] INFO  impl.RaftServerProxy (ConfUtils.java:logGet(43)) - raft.rpc.type = GRPC (default)
2019-10-29 03:49:20,398 [Thread-923] INFO  grpc.GrpcFactory (GrpcFactory.java:checkPooledByteBufAllocatorUseCacheForAllThreads(45)) - PERFORMANCE WARNING: useCacheForAllThreads is true that may cause Netty to create a lot garbage objects and, as a result, trigger GC.
	It is recommended to disable useCacheForAllThreads by setting -Dorg.apache.ratis.thirdparty.io.netty.allocator.useCacheForAllThreads=false in command line.
2019-10-29 03:49:20,398 [Thread-923] INFO  grpc.GrpcConfigKeys$Server (ConfUtils.java:logGet(43)) - raft.grpc.server.port = 9858 (custom)
2019-10-29 03:49:20,398 [Thread-923] INFO  server.GrpcService (ConfUtils.java:logGet(43)) - raft.grpc.message.size.max = 33570816 (custom)
2019-10-29 03:49:20,399 [Thread-923] INFO  server.RaftServerConfigKeys (ConfUtils.java:logGet(43)) - raft.server.log.appender.buffer.byte-limit = 33554432 (custom)
2019-10-29 03:49:20,399 [Thread-923] INFO  server.GrpcService (ConfUtils.java:logGet(43)) - raft.grpc.flow.control.window = 1MB (=1048576) (default)
2019-10-29 03:49:20,399 [Thread-923] INFO  server.RaftServerConfigKeys (ConfUtils.java:logGet(43)) - raft.server.rpc.request.timeout = 3000ms (default)
2019-10-29 03:49:20,400 [Thread-923] INFO  server.RaftServerConfigKeys (ConfUtils.java:logGet(43)) - raft.server.storage.dir = [/workdir/hadoop-ozone/integration-test/target/test-dir/MiniOzoneClusterImpl-26be0a9d-9cc2-4b7a-a8a7-449df1cdec79/datanode-0/data/ratis] (custom)
2019-10-29 03:49:20,402 [Thread-923] INFO  hdfs.DFSUtil (DFSUtil.java:httpServerTemplateForNNAndJN(1641)) - Starting Web-server for hddsDatanode at: http://0.0.0.0:0
2019-10-29 03:49:20,405 [Thread-923] INFO  server.AuthenticationFilter (AuthenticationFilter.java:constructSecretProvider(240)) - Unable to initialize FileSignerSecretProvider, falling back to use random secrets.
2019-10-29 03:49:20,405 [Thread-923] WARN  http.HttpRequestLog (HttpRequestLog.java:getRequestLog(97)) - Jetty request log can only be enabled using Log4j
2019-10-29 03:49:20,407 [Thread-923] INFO  http.HttpServer2 (HttpServer2.java:addGlobalFilter(975)) - Added global filter 'safety' (class=org.apache.hadoop.http.HttpServer2$QuotingInputFilter)
2019-10-29 03:49:20,408 [Thread-923] INFO  http.HttpServer2 (HttpServer2.java:addFilter(948)) - Added filter static_user_filter (class=org.apache.hadoop.http.lib.StaticUserWebFilter$StaticUserFilter) to context hddsDatanode
2019-10-29 03:49:20,408 [Thread-923] INFO  http.HttpServer2 (HttpServer2.java:addFilter(958)) - Added filter static_user_filter (class=org.apache.hadoop.http.lib.StaticUserWebFilter$StaticUserFilter) to context static
2019-10-29 03:49:20,408 [Thread-923] INFO  http.HttpServer2 (HttpServer2.java:addFilter(958)) - Added filter static_user_filter (class=org.apache.hadoop.http.lib.StaticUserWebFilter$StaticUserFilter) to context logs
2019-10-29 03:49:20,409 [Thread-923] INFO  http.HttpServer2 (HttpServer2.java:bindListener(1191)) - Jetty bound to port 40245
2019-10-29 03:49:20,409 [Thread-923] INFO  server.Server (Server.java:doStart(351)) - jetty-9.3.25.v20180904, build timestamp: 2018-09-04T21:11:46Z, git hash: 3ce520221d0240229c862b122d2b06c12a625732
2019-10-29 03:49:20,411 [Thread-923] INFO  handler.ContextHandler (ContextHandler.java:doStart(781)) - Started o.e.j.s.ServletContextHandler@471af174{/logs,file:///workdir/hadoop-ozone/integration-test/target/log,AVAILABLE}
2019-10-29 03:49:20,412 [Thread-923] INFO  handler.ContextHandler (ContextHandler.java:doStart(781)) - Started o.e.j.s.ServletContextHandler@324fb7ed{/static,jar:file:/home/user/.m2/repository/org/apache/hadoop/hadoop-hdds-container-service/0.5.0-SNAPSHOT/hadoop-hdds-container-service-0.5.0-SNAPSHOT.jar!/webapps/static,AVAILABLE}
2019-10-29 03:49:20,443 [Thread-923] INFO  handler.ContextHandler (ContextHandler.java:doStart(781)) - Started o.e.j.w.WebAppContext@44d96761{/,file:///tmp/jetty-0.0.0.0-40245-hddsDatanode-_-any-6468055773808885816.dir/webapp/,AVAILABLE}{/hddsDatanode}
2019-10-29 03:49:20,444 [Thread-923] INFO  server.AbstractConnector (AbstractConnector.java:doStart(278)) - Started ServerConnector@6d09eb5e{HTTP/1.1,[http/1.1]}{0.0.0.0:40245}
2019-10-29 03:49:20,445 [Thread-923] INFO  server.Server (Server.java:doStart(419)) - Started @79484ms
2019-10-29 03:49:20,445 [Thread-923] WARN  impl.MetricsSystemImpl (MetricsSystemImpl.java:register(276)) - Sink prometheus already exists!
2019-10-29 03:49:20,446 [Thread-923] INFO  server.BaseHttpServer (BaseHttpServer.java:updateConnectorAddress(215)) - HTTP server of HDDSDATANODE is listening at http://0.0.0.0:40245
2019-10-29 03:49:20,446 [Thread-923] INFO  ozone.MiniOzoneClusterImpl (MiniOzoneClusterImpl.java:lambda$waitForClusterToBeReady$0(147)) - Waiting for cluster to be ready. Got 0 of 1 DN Heartbeats.
2019-10-29 03:49:20,448 [org.apache.hadoop.util.JvmPauseMonitor$Monitor@4a9b2df6] INFO  util.JvmPauseMonitor (JvmPauseMonitor.java:run(188)) - Starting JVM pause monitor
2019-10-29 03:49:20,451 [Datanode State Machine Thread - 0] INFO  datanode.InitDatanodeState (InitDatanodeState.java:persistContainerDatanodeDetails(140)) - DatanodeDetails is persisted to /workdir/hadoop-ozone/integration-test/target/test-dir/MiniOzoneClusterImpl-26be0a9d-9cc2-4b7a-a8a7-449df1cdec79/datanode-0/meta/datanode.id
2019-10-29 03:49:21,446 [Thread-923] INFO  ozone.MiniOzoneClusterImpl (MiniOzoneClusterImpl.java:lambda$waitForClusterToBeReady$0(147)) - Waiting for cluster to be ready. Got 0 of 1 DN Heartbeats.
2019-10-29 03:49:22,447 [Thread-923] INFO  ozone.MiniOzoneClusterImpl (MiniOzoneClusterImpl.java:lambda$waitForClusterToBeReady$0(147)) - Waiting for cluster to be ready. Got 0 of 1 DN Heartbeats.
2019-10-29 03:49:22,469 [Datanode State Machine Thread - 0] INFO  ozoneimpl.OzoneContainer (OzoneContainer.java:start(213)) - Attempting to start container services.
2019-10-29 03:49:22,470 [Datanode State Machine Thread - 0] INFO  ozoneimpl.OzoneContainer (OzoneContainer.java:startContainerScrub(177)) - Background container scanner has been disabled.
2019-10-29 03:49:22,470 [Datanode State Machine Thread - 0] INFO  ratis.XceiverServerRatis (XceiverServerRatis.java:start(418)) - Starting XceiverServerRatis 3593491a-9eda-4688-95d0-b2d70ec1c1ad at port 9858
2019-10-29 03:49:22,480 [Datanode State Machine Thread - 0] INFO  impl.RaftServerProxy (RaftServerProxy.java:lambda$start$3(299)) - 3593491a-9eda-4688-95d0-b2d70ec1c1ad: start RPC server
2019-10-29 03:49:22,482 [Datanode State Machine Thread - 0] INFO  server.GrpcService (GrpcService.java:startImpl(158)) - 3593491a-9eda-4688-95d0-b2d70ec1c1ad: GrpcService started, listening on 0.0.0.0/0.0.0.0:9858
2019-10-29 03:49:23,447 [Thread-923] INFO  ozone.MiniOzoneClusterImpl (MiniOzoneClusterImpl.java:lambda$waitForClusterToBeReady$0(147)) - Waiting for cluster to be ready. Got 0 of 1 DN Heartbeats.
2019-10-29 03:49:24,448 [Thread-923] INFO  ozone.MiniOzoneClusterImpl (MiniOzoneClusterImpl.java:lambda$waitForClusterToBeReady$0(147)) - Waiting for cluster to be ready. Got 0 of 1 DN Heartbeats.
2019-10-29 03:49:24,452 [IPC Server handler 0 on 34119] INFO  net.NetworkTopology (NetworkTopologyImpl.java:add(111)) - Added a new node: /default-rack/3593491a-9eda-4688-95d0-b2d70ec1c1ad
2019-10-29 03:49:24,452 [IPC Server handler 0 on 34119] INFO  node.SCMNodeManager (SCMNodeManager.java:register(267)) - Registered Data node : 3593491a-9eda-4688-95d0-b2d70ec1c1ad{ip: 192.168.164.221, host: pr-hdds-2375-rt4nw-3626471305, networkLocation: /default-rack, certSerialId: null}
2019-10-29 03:49:24,454 [EventQueue-NodeRegistrationContainerReportForDataNodeSafeModeRule] INFO  safemode.SCMSafeModeManager (DataNodeSafeModeRule.java:process(71)) - SCM in safe mode. 1 DataNodes registered, 1 required.
2019-10-29 03:49:24,455 [EventQueue-NodeRegistrationContainerReportForContainerSafeModeRule] INFO  safemode.SCMSafeModeManager (SCMSafeModeManager.java:validateSafeModeExitRules(177)) - ScmSafeModeManager, all rules are successfully validated
2019-10-29 03:49:24,455 [EventQueue-NodeRegistrationContainerReportForContainerSafeModeRule] INFO  safemode.SCMSafeModeManager (SCMSafeModeManager.java:exitSafeMode(193)) - SCM exiting safe mode.
2019-10-29 03:49:24,464 [grpc-default-executor-1] INFO  impl.RaftServerProxy (RaftServerProxy.java:addNew(89)) - 3593491a-9eda-4688-95d0-b2d70ec1c1ad: addNew group-2E21B6D8404D:[3593491a-9eda-4688-95d0-b2d70ec1c1ad:192.168.164.221:9858] returns group-2E21B6D8404D:java.util.concurrent.CompletableFuture@15db57fa[Not completed]
2019-10-29 03:49:24,466 [pool-217-thread-1] INFO  impl.RaftServerImpl (RaftServerImpl.java:<init>(98)) - 3593491a-9eda-4688-95d0-b2d70ec1c1ad: new RaftServerImpl for group-2E21B6D8404D:[3593491a-9eda-4688-95d0-b2d70ec1c1ad:192.168.164.221:9858] with ContainerStateMachine:uninitialized
2019-10-29 03:49:24,467 [pool-217-thread-1] INFO  server.RaftServerConfigKeys (ConfUtils.java:logGet(43)) - raft.server.rpc.timeout.min = 5s (custom)
2019-10-29 03:49:24,467 [pool-217-thread-1] INFO  server.RaftServerConfigKeys (ConfUtils.java:logGet(43)) - raft.server.rpc.timeout.max = 5200ms (custom)
2019-10-29 03:49:24,467 [pool-217-thread-1] INFO  server.RaftServerConfigKeys (ConfUtils.java:logGet(43)) - raft.server.rpcslowness.timeout = 120s (custom)
2019-10-29 03:49:24,467 [pool-217-thread-1] INFO  server.RaftServerConfigKeys (ConfUtils.java:logGet(43)) - raft.server.sleep.deviation.threshold = 300 (default)
2019-10-29 03:49:24,467 [pool-217-thread-1] INFO  server.RaftServerConfigKeys (ConfUtils.java:logGet(43)) - raft.server.log.appender.install.snapshot.enabled = false (custom)
2019-10-29 03:49:24,467 [pool-217-thread-1] INFO  impl.RaftServerImpl (ServerState.java:<init>(103)) - 3593491a-9eda-4688-95d0-b2d70ec1c1ad@group-2E21B6D8404D: ConfigurationManager, init=-1: [3593491a-9eda-4688-95d0-b2d70ec1c1ad:192.168.164.221:9858], old=null, confs=<EMPTY_MAP>
2019-10-29 03:49:24,467 [pool-217-thread-1] INFO  server.RaftServerConfigKeys (ConfUtils.java:logGet(43)) - raft.server.storage.dir = [/workdir/hadoop-ozone/integration-test/target/test-dir/MiniOzoneClusterImpl-26be0a9d-9cc2-4b7a-a8a7-449df1cdec79/datanode-0/data/ratis] (custom)
2019-10-29 03:49:24,468 [pool-217-thread-1] INFO  server.RaftServerConfigKeys (ConfUtils.java:logGet(43)) - raft.server.log.corruption.policy = EXCEPTION (default)
2019-10-29 03:49:24,468 [pool-217-thread-1] INFO  storage.RaftStorageDirectory (RaftStorageDirectory.java:analyzeStorage(246)) - The storage directory /workdir/hadoop-ozone/integration-test/target/test-dir/MiniOzoneClusterImpl-26be0a9d-9cc2-4b7a-a8a7-449df1cdec79/datanode-0/data/ratis/9e1364c5-e4ca-43dd-842d-2e21b6d8404d does not exist. Creating ...
2019-10-29 03:49:24,481 [pool-217-thread-1] INFO  storage.RaftStorageDirectory (RaftStorageDirectory.java:tryLock(328)) - Lock on /workdir/hadoop-ozone/integration-test/target/test-dir/MiniOzoneClusterImpl-26be0a9d-9cc2-4b7a-a8a7-449df1cdec79/datanode-0/data/ratis/9e1364c5-e4ca-43dd-842d-2e21b6d8404d/in_use.lock acquired by nodename 27056@pr-hdds-2375-rt4nw-3626471305
2019-10-29 03:49:24,494 [pool-217-thread-1] INFO  storage.RaftStorage (RaftStorage.java:format(84)) - Storage directory /workdir/hadoop-ozone/integration-test/target/test-dir/MiniOzoneClusterImpl-26be0a9d-9cc2-4b7a-a8a7-449df1cdec79/datanode-0/data/ratis/9e1364c5-e4ca-43dd-842d-2e21b6d8404d has been successfully formatted.
2019-10-29 03:49:24,495 [pool-217-thread-1] INFO  ratis.ContainerStateMachine (ContainerStateMachine.java:loadSnapshot(231)) - group-2E21B6D8404D: The snapshot info is null. Setting the last applied indexto:(t:0, i:~)
2019-10-29 03:49:24,495 [pool-217-thread-1] INFO  server.RaftServerConfigKeys (ConfUtils.java:logGet(43)) - raft.server.notification.no-leader.timeout = 120s (custom)
2019-10-29 03:49:24,495 [pool-217-thread-1] INFO  server.RaftServerConfigKeys (ConfUtils.java:logGet(43)) - raft.server.log.use.memory = false (default)
2019-10-29 03:49:24,495 [pool-217-thread-1] INFO  server.RaftServerConfigKeys (ConfUtils.java:logGet(43)) - raft.server.log.purge.gap = 1000000 (custom)
2019-10-29 03:49:24,495 [pool-217-thread-1] INFO  server.RaftServerConfigKeys (ConfUtils.java:logGet(43)) - raft.server.log.appender.buffer.byte-limit = 33554432 (custom)
2019-10-29 03:49:24,495 [pool-217-thread-1] INFO  server.RaftServerConfigKeys (ConfUtils.java:logGet(43)) - raft.server.log.segment.size.max = 1048576 (custom)
2019-10-29 03:49:24,495 [pool-217-thread-1] WARN  impl.MetricRegistriesImpl (MetricRegistriesImpl.java:lambda$create$1(61)) - First MetricRegistry has been created without registering reporters. You may need to call MetricRegistries.global().addReportRegistration(...) before.
2019-10-29 03:49:24,496 [pool-217-thread-1] INFO  server.RaftServerConfigKeys (ConfUtils.java:logGet(43)) - raft.server.log.segment.cache.num.max = 2 (custom)
2019-10-29 03:49:24,496 [pool-217-thread-1] INFO  segmented.SegmentedRaftLogWorker (SegmentedRaftLogWorker.java:<init>(173)) - new 3593491a-9eda-4688-95d0-b2d70ec1c1ad@group-2E21B6D8404D-SegmentedRaftLogWorker for RaftStorage:Storage Directory /workdir/hadoop-ozone/integration-test/target/test-dir/MiniOzoneClusterImpl-26be0a9d-9cc2-4b7a-a8a7-449df1cdec79/datanode-0/data/ratis/9e1364c5-e4ca-43dd-842d-2e21b6d8404d
2019-10-29 03:49:24,496 [pool-217-thread-1] INFO  server.RaftServerConfigKeys (ConfUtils.java:logGet(43)) - raft.server.log.queue.byte-limit = 2147483647 (custom)
2019-10-29 03:49:24,496 [pool-217-thread-1] INFO  server.RaftServerConfigKeys (ConfUtils.java:logGet(43)) - raft.server.log.queue.element-limit = 1024 (custom)
2019-10-29 03:49:24,496 [pool-217-thread-1] INFO  server.RaftServerConfigKeys (ConfUtils.java:logGet(43)) - raft.server.log.segment.size.max = 1048576 (custom)
2019-10-29 03:49:24,496 [pool-217-thread-1] INFO  server.RaftServerConfigKeys (ConfUtils.java:logGet(43)) - raft.server.log.preallocated.size = 16384 (custom)
2019-10-29 03:49:24,496 [pool-217-thread-1] INFO  server.RaftServerConfigKeys (ConfUtils.java:logGet(43)) - raft.server.log.write.buffer.size = 33554432 (custom)
2019-10-29 03:49:24,497 [pool-217-thread-1] INFO  server.RaftServerConfigKeys (ConfUtils.java:logGet(43)) - raft.server.log.force.sync.num = 128 (default)
2019-10-29 03:49:24,497 [pool-217-thread-1] INFO  server.RaftServerConfigKeys (ConfUtils.java:logGet(43)) - raft.server.log.statemachine.data.sync = true (default)
2019-10-29 03:49:24,497 [pool-217-thread-1] INFO  server.RaftServerConfigKeys (ConfUtils.java:logGet(43)) - raft.server.log.statemachine.data.sync.timeout = 10s (default)
2019-10-29 03:49:24,497 [pool-217-thread-1] INFO  server.RaftServerConfigKeys (ConfUtils.java:logGet(43)) - raft.server.log.statemachine.data.sync.timeout.retry = -1 (default)
2019-10-29 03:49:24,497 [pool-217-thread-1] INFO  server.RaftServerConfigKeys (ConfUtils.java:logGet(43)) - raft.server.log.statemachine.data.caching.enabled = true (custom)
2019-10-29 03:49:24,498 [pool-217-thread-1] INFO  segmented.SegmentedRaftLogWorker (SegmentedRaftLogWorker.java:lambda$new$0(128)) - 3593491a-9eda-4688-95d0-b2d70ec1c1ad@group-2E21B6D8404D-SegmentedRaftLogWorker: flushIndex: setUnconditionally 0 -> -1
2019-10-29 03:49:24,498 [pool-217-thread-1] INFO  server.RaftServerConfigKeys (ConfUtils.java:logGet(43)) - raft.server.snapshot.auto.trigger.enabled = true (custom)
2019-10-29 03:49:24,498 [pool-217-thread-1] INFO  server.RaftServerConfigKeys (ConfUtils.java:logGet(43)) - raft.server.snapshot.auto.trigger.threshold = 10000 (custom)
2019-10-29 03:49:24,498 [pool-217-thread-1] INFO  server.RaftServerConfigKeys (ConfUtils.java:logGet(43)) - raft.server.snapshot.retention.file.num = 5 (custom)
2019-10-29 03:49:24,498 [pool-217-thread-1] INFO  server.RaftServerConfigKeys (ConfUtils.java:logGet(43)) - raft.server.retrycache.expirytime = 600000ms (custom)
2019-10-29 03:49:24,499 [pool-217-thread-1] WARN  impl.MetricRegistriesImpl (MetricRegistriesImpl.java:lambda$create$1(61)) - First MetricRegistry has been created without registering reporters. You may need to call MetricRegistries.global().addReportRegistration(...) before.
2019-10-29 03:49:24,499 [pool-217-thread-1] WARN  impl.MetricRegistriesImpl (MetricRegistriesImpl.java:lambda$create$1(61)) - First MetricRegistry has been created without registering reporters. You may need to call MetricRegistries.global().addReportRegistration(...) before.
2019-10-29 03:49:24,499 [pool-217-thread-1] INFO  impl.RaftServerImpl (RaftServerImpl.java:start(184)) - 3593491a-9eda-4688-95d0-b2d70ec1c1ad@group-2E21B6D8404D: start as a follower, conf=-1: [3593491a-9eda-4688-95d0-b2d70ec1c1ad:192.168.164.221:9858], old=null
2019-10-29 03:49:24,499 [pool-217-thread-1] INFO  impl.RaftServerImpl (RaftServerImpl.java:setRole(173)) - 3593491a-9eda-4688-95d0-b2d70ec1c1ad@group-2E21B6D8404D: changes role from      null to FOLLOWER at term 0 for startAsFollower
2019-10-29 03:49:24,499 [pool-217-thread-1] INFO  impl.RoleInfo (RoleInfo.java:updateAndGet(143)) - 3593491a-9eda-4688-95d0-b2d70ec1c1ad: start FollowerState
2019-10-29 03:49:24,500 [pool-217-thread-1] INFO  util.JmxRegister (JmxRegister.java:tryRegister(44)) - Successfully registered JMX Bean with object name Ratis:service=RaftServer,group=group-2E21B6D8404D,id=3593491a-9eda-4688-95d0-b2d70ec1c1ad
2019-10-29 03:49:24,500 [pool-217-thread-1] WARN  impl.MetricRegistriesImpl (MetricRegistriesImpl.java:lambda$create$1(61)) - First MetricRegistry has been created without registering reporters. You may need to call MetricRegistries.global().addReportRegistration(...) before.
2019-10-29 03:49:24,505 [RatisPipelineUtilsThread] INFO  pipeline.PipelineStateManager (PipelineStateManager.java:addPipeline(56)) - Created pipeline Pipeline[ Id: 9e1364c5-e4ca-43dd-842d-2e21b6d8404d, Nodes: 3593491a-9eda-4688-95d0-b2d70ec1c1ad{ip: 192.168.164.221, host: pr-hdds-2375-rt4nw-3626471305, networkLocation: /default-rack, certSerialId: null}, Type:RATIS, Factor:ONE, State:OPEN]
2019-10-29 03:49:25,449 [Thread-923] INFO  ozone.MiniOzoneClusterImpl (MiniOzoneClusterImpl.java:lambda$waitForClusterToBeReady$0(147)) - Cluster is ready. Got 1 of 1 DN Heartbeats.
2019-10-29 03:49:25,583 [EventQueue-IncrementalContainerReportForIncrementalContainerReportHandler] WARN  container.IncrementalContainerReportHandler (IncrementalContainerReportHandler.java:onMessage(73)) - Container 1572320965450 not found!
2019-10-29 03:49:25,585 [grpc-default-executor-1] ERROR impl.ChunkManagerImpl (ChunkUtils.java:validateBufferSize(134)) - data array does not match the length specified. DataLen: 1024 Byte Array: 0
2019-10-29 03:49:25,585 [grpc-default-executor-1] INFO  keyvalue.KeyValueHandler (ContainerUtils.java:logAndReturnError(146)) - Operation: WriteChunk : Trace ID: b9ce46b863a77f05:b9ce46b863a77f05:0:0 : Message: data array does not match the length specified. DataLen: 1024 Byte Array: 0 : Result: INVALID_WRITE_SIZE
03:49:25.602 [grpc-default-executor-1] ERROR DNAudit - user=null | ip=null | op=WRITE_CHUNK {blockData=conID: 1572320965450 locID: 1572320965582 bcsId: 0} | ret=FAILURE
java.lang.Exception: data array does not match the length specified. DataLen: 1024 Byte Array: 0
	at org.apache.hadoop.ozone.container.common.impl.HddsDispatcher.dispatchRequest(HddsDispatcher.java:332) [hadoop-hdds-container-service-0.5.0-SNAPSHOT.jar:?]
	at org.apache.hadoop.ozone.container.common.impl.HddsDispatcher.dispatch(HddsDispatcher.java:150) [hadoop-hdds-container-service-0.5.0-SNAPSHOT.jar:?]
	at org.apache.hadoop.ozone.container.common.transport.server.GrpcXceiverService$1.onNext(GrpcXceiverService.java:73) [hadoop-hdds-container-service-0.5.0-SNAPSHOT.jar:?]
	at org.apache.hadoop.ozone.container.common.transport.server.GrpcXceiverService$1.onNext(GrpcXceiverService.java:61) [hadoop-hdds-container-service-0.5.0-SNAPSHOT.jar:?]
	at org.apache.ratis.thirdparty.io.grpc.stub.ServerCalls$StreamingServerCallHandler$StreamingServerCallListener.onMessage(ServerCalls.java:248) [ratis-thirdparty-misc-0.2.0.jar:0.2.0]
	at org.apache.ratis.thirdparty.io.grpc.ForwardingServerCallListener.onMessage(ForwardingServerCallListener.java:33) [ratis-thirdparty-misc-0.2.0.jar:0.2.0]
	at org.apache.ratis.thirdparty.io.grpc.Contexts$ContextualizedServerCallListener.onMessage(Contexts.java:76) [ratis-thirdparty-misc-0.2.0.jar:0.2.0]
	at org.apache.ratis.thirdparty.io.grpc.ForwardingServerCallListener.onMessage(ForwardingServerCallListener.java:33) [ratis-thirdparty-misc-0.2.0.jar:0.2.0]
	at org.apache.hadoop.hdds.tracing.GrpcServerInterceptor$1.onMessage(GrpcServerInterceptor.java:46) [hadoop-hdds-common-0.5.0-SNAPSHOT.jar:?]
	at org.apache.ratis.thirdparty.io.grpc.internal.ServerCallImpl$ServerStreamListenerImpl.messagesAvailable(ServerCallImpl.java:263) [ratis-thirdparty-misc-0.2.0.jar:0.2.0]
	at org.apache.ratis.thirdparty.io.grpc.internal.ServerImpl$JumpToApplicationThreadServerStreamListener$1MessagesAvailable.runInContext(ServerImpl.java:686) [ratis-thirdparty-misc-0.2.0.jar:0.2.0]
	at org.apache.ratis.thirdparty.io.grpc.internal.ContextRunnable.run(ContextRunnable.java:37) [ratis-thirdparty-misc-0.2.0.jar:0.2.0]
	at org.apache.ratis.thirdparty.io.grpc.internal.SerializingExecutor.run(SerializingExecutor.java:123) [ratis-thirdparty-misc-0.2.0.jar:0.2.0]
	at java.util.concurrent.ThreadPoolExecutor.runWorker(ThreadPoolExecutor.java:1149) [?:1.8.0_222]
	at java.util.concurrent.ThreadPoolExecutor$Worker.run(ThreadPoolExecutor.java:624) [?:1.8.0_222]
	at java.lang.Thread.run(Thread.java:748) [?:1.8.0_222]
2019-10-29 03:49:25,604 [EventQueue-IncrementalContainerReportForIncrementalContainerReportHandler] WARN  container.IncrementalContainerReportHandler (IncrementalContainerReportHandler.java:onMessage(73)) - Container 1572320965450 not found!
2019-10-29 03:49:25,606 [Thread-923] INFO  ozone.MiniOzoneClusterImpl (MiniOzoneClusterImpl.java:shutdown(314)) - Shutting down the Mini Ozone Cluster
2019-10-29 03:49:25,606 [Thread-923] INFO  ozone.MiniOzoneClusterImpl (MiniOzoneClusterImpl.java:stop(330)) - Stopping the Mini Ozone Cluster
2019-10-29 03:49:25,606 [EventQueue-CloseContainerForCloseContainerEventHandler] INFO  container.CloseContainerEventHandler (CloseContainerEventHandler.java:onMessage(61)) - Close container Event triggered for container : #1572320965450
2019-10-29 03:49:25,606 [Thread-923] INFO  ozone.MiniOzoneClusterImpl (MiniOzoneClusterImpl.java:stopOM(400)) - Stopping the OzoneManager
2019-10-29 03:49:25,606 [EventQueue-CloseContainerForCloseContainerEventHandler] ERROR container.CloseContainerEventHandler (CloseContainerEventHandler.java:onMessage(89)) - Failed to close the container #1572320965450.
org.apache.hadoop.hdds.scm.container.ContainerNotFoundException: #1572320965450
	at org.apache.hadoop.hdds.scm.container.states.ContainerStateMap.checkIfContainerExist(ContainerStateMap.java:541)
	at org.apache.hadoop.hdds.scm.container.states.ContainerStateMap.getContainerInfo(ContainerStateMap.java:188)
	at org.apache.hadoop.hdds.scm.container.ContainerStateManager.getContainer(ContainerStateManager.java:476)
	at org.apache.hadoop.hdds.scm.container.SCMContainerManager.getContainer(SCMContainerManager.java:201)
	at org.apache.hadoop.hdds.scm.container.CloseContainerEventHandler.onMessage(CloseContainerEventHandler.java:64)
	at org.apache.hadoop.hdds.scm.container.CloseContainerEventHandler.onMessage(CloseContainerEventHandler.java:45)
	at org.apache.hadoop.hdds.server.events.SingleThreadExecutor.lambda$onMessage$1(SingleThreadExecutor.java:85)
	at java.util.concurrent.ThreadPoolExecutor.runWorker(ThreadPoolExecutor.java:1149)
	at java.util.concurrent.ThreadPoolExecutor$Worker.run(ThreadPoolExecutor.java:624)
	at java.lang.Thread.run(Thread.java:748)
2019-10-29 03:49:25,606 [Thread-923] INFO  ipc.Server (Server.java:stop(3082)) - Stopping server on 43006
2019-10-29 03:49:25,609 [IPC Server listener on 43006] INFO  ipc.Server (Server.java:run(1185)) - Stopping IPC Server listener on 43006
2019-10-29 03:49:25,609 [Thread-923] INFO  ratis.OzoneManagerDoubleBuffer (OzoneManagerDoubleBuffer.java:stop(255)) - Stopping OMDoubleBuffer flush thread
2019-10-29 03:49:25,609 [IPC Server Responder] INFO  ipc.Server (Server.java:run(1319)) - Stopping IPC Server Responder
2019-10-29 03:49:25,610 [OMDoubleBufferFlushThread] INFO  ratis.OzoneManagerDoubleBuffer (OzoneManagerDoubleBuffer.java:flushTransactions(198)) - OMDoubleBuffer flush thread OMDoubleBufferFlushThread is interrupted and will exit. OMDoubleBufferFlushThread
2019-10-29 03:49:25,611 [Thread-923] INFO  utils.BackgroundService (BackgroundService.java:shutdown(151)) - Shutting down service KeyDeletingService
2019-10-29 03:49:25,612 [Thread-923] INFO  handler.ContextHandler (ContextHandler.java:doStop(910)) - Stopped o.e.j.w.WebAppContext@2cdd7460{/,null,UNAVAILABLE}{/ozoneManager}
2019-10-29 03:49:25,613 [Thread-923] INFO  server.AbstractConnector (AbstractConnector.java:doStop(318)) - Stopped ServerConnector@3b9f549{HTTP/1.1,[http/1.1]}{0.0.0.0:0}
2019-10-29 03:49:25,613 [Thread-923] INFO  handler.ContextHandler (ContextHandler.java:doStop(910)) - Stopped o.e.j.s.ServletContextHandler@27e4cc3e{/static,file:///workdir/hadoop-ozone/integration-test/target/test-classes/webapps/static,UNAVAILABLE}
2019-10-29 03:49:25,614 [Thread-923] INFO  handler.ContextHandler (ContextHandler.java:doStop(910)) - Stopped o.e.j.s.ServletContextHandler@47e25da5{/logs,file:///workdir/hadoop-ozone/integration-test/target/log,UNAVAILABLE}
2019-10-29 03:49:25,616 [Thread-923] INFO  ozone.MiniOzoneClusterImpl (MiniOzoneClusterImpl.java:stopDatanodes(377)) - Stopping the HddsDatanodes
2019-10-29 03:49:26,602 [Datanode State Machine Thread - 0] INFO  statemachine.DatanodeStateMachine (DatanodeStateMachine.java:lambda$startDaemon$0(350)) - Ozone container server started.
2019-10-29 03:49:27,456 [Thread-1065] INFO  container.ReplicationManager (ReplicationManager.java:start(162)) - Starting Replication Monitor Thread.
2019-10-29 03:49:27,458 [ReplicationMonitor] INFO  container.ReplicationManager (ReplicationManager.java:run(225)) - Replication Monitor Thread took 0 milliseconds for processing 0 containers.
2019-10-29 03:49:29,656 [Thread-1067] INFO  impl.FollowerState (FollowerState.java:run(111)) - 3593491a-9eda-4688-95d0-b2d70ec1c1ad@group-2E21B6D8404D-FollowerState: change to CANDIDATE, lastRpcTime:5156ms, electionTimeout:5156ms
2019-10-29 03:49:29,656 [Thread-1067] INFO  impl.RoleInfo (RoleInfo.java:shutdownFollowerState(121)) - 3593491a-9eda-4688-95d0-b2d70ec1c1ad: shutdown FollowerState
2019-10-29 03:49:29,656 [Thread-1067] INFO  impl.RaftServerImpl (RaftServerImpl.java:setRole(173)) - 3593491a-9eda-4688-95d0-b2d70ec1c1ad@group-2E21B6D8404D: changes role from  FOLLOWER to CANDIDATE at term 0 for changeToCandidate
2019-10-29 03:49:29,657 [Thread-1067] INFO  impl.RoleInfo (RoleInfo.java:updateAndGet(143)) - 3593491a-9eda-4688-95d0-b2d70ec1c1ad: start LeaderElection
2019-10-29 03:49:29,693 [3593491a-9eda-4688-95d0-b2d70ec1c1ad@group-2E21B6D8404D-LeaderElection7] INFO  impl.LeaderElection (LeaderElection.java:askForVotes(178)) - 3593491a-9eda-4688-95d0-b2d70ec1c1ad@group-2E21B6D8404D-LeaderElection7: begin an election at term 1 for -1: [3593491a-9eda-4688-95d0-b2d70ec1c1ad:192.168.164.221:9858], old=null
2019-10-29 03:49:29,693 [3593491a-9eda-4688-95d0-b2d70ec1c1ad@group-2E21B6D8404D-LeaderElection7] INFO  impl.RoleInfo (RoleInfo.java:shutdownLeaderElection(134)) - 3593491a-9eda-4688-95d0-b2d70ec1c1ad: shutdown LeaderElection
2019-10-29 03:49:29,694 [3593491a-9eda-4688-95d0-b2d70ec1c1ad@group-2E21B6D8404D-LeaderElection7] INFO  impl.RaftServerImpl (RaftServerImpl.java:setRole(173)) - 3593491a-9eda-4688-95d0-b2d70ec1c1ad@group-2E21B6D8404D: changes role from CANDIDATE to LEADER at term 1 for changeToLeader
2019-10-29 03:49:29,694 [3593491a-9eda-4688-95d0-b2d70ec1c1ad@group-2E21B6D8404D-LeaderElection7] INFO  impl.RaftServerImpl (ServerState.java:setLeader(255)) - 3593491a-9eda-4688-95d0-b2d70ec1c1ad@group-2E21B6D8404D: change Leader from null to 3593491a-9eda-4688-95d0-b2d70ec1c1ad at term 1 for becomeLeader, leader elected after 5199ms
2019-10-29 03:49:29,694 [3593491a-9eda-4688-95d0-b2d70ec1c1ad@group-2E21B6D8404D-LeaderElection7] INFO  server.RaftServerConfigKeys (ConfUtils.java:logGet(43)) - raft.server.staging.catchup.gap = 1000 (default)
2019-10-29 03:49:29,694 [3593491a-9eda-4688-95d0-b2d70ec1c1ad@group-2E21B6D8404D-LeaderElection7] INFO  server.RaftServerConfigKeys (ConfUtils.java:logGet(43)) - raft.server.rpc.sleep.time = 25ms (default)
2019-10-29 03:49:29,694 [3593491a-9eda-4688-95d0-b2d70ec1c1ad@group-2E21B6D8404D-LeaderElection7] INFO  server.RaftServerConfigKeys (ConfUtils.java:logGet(43)) - raft.server.write.element-limit = 4096 (default)
2019-10-29 03:49:29,695 [3593491a-9eda-4688-95d0-b2d70ec1c1ad@group-2E21B6D8404D-LeaderElection7] INFO  server.RaftServerConfigKeys (ConfUtils.java:logGet(43)) - raft.server.watch.timeout = 10s (default)
2019-10-29 03:49:29,695 [3593491a-9eda-4688-95d0-b2d70ec1c1ad@group-2E21B6D8404D-LeaderElection7] INFO  server.RaftServerConfigKeys (ConfUtils.java:logGet(43)) - raft.server.watch.timeout.denomination = 1s (default)
2019-10-29 03:49:29,695 [3593491a-9eda-4688-95d0-b2d70ec1c1ad@group-2E21B6D8404D-LeaderElection7] INFO  server.RaftServerConfigKeys (ConfUtils.java:logGet(43)) - raft.server.watch.element-limit = 65536 (default)
2019-10-29 03:49:29,695 [3593491a-9eda-4688-95d0-b2d70ec1c1ad@group-2E21B6D8404D-LeaderElection7] INFO  impl.RoleInfo (RoleInfo.java:updateAndGet(143)) - 3593491a-9eda-4688-95d0-b2d70ec1c1ad: start LeaderState
2019-10-29 03:49:29,696 [3593491a-9eda-4688-95d0-b2d70ec1c1ad@group-2E21B6D8404D-LeaderElection7] INFO  segmented.SegmentedRaftLogWorker (SegmentedRaftLogWorker.java:startLogSegment(385)) - 3593491a-9eda-4688-95d0-b2d70ec1c1ad@group-2E21B6D8404D-SegmentedRaftLogWorker: Starting segment from index:0
2019-10-29 03:49:29,697 [3593491a-9eda-4688-95d0-b2d70ec1c1ad@group-2E21B6D8404D-LeaderElection7] INFO  impl.RaftServerImpl (ServerState.java:setRaftConf(356)) - 3593491a-9eda-4688-95d0-b2d70ec1c1ad@group-2E21B6D8404D: set configuration 0: [3593491a-9eda-4688-95d0-b2d70ec1c1ad:192.168.164.221:9858], old=null at 0
2019-10-29 03:49:29,758 [3593491a-9eda-4688-95d0-b2d70ec1c1ad@group-2E21B6D8404D-SegmentedRaftLogWorker] INFO  segmented.SegmentedRaftLogWorker (SegmentedRaftLogWorker.java:execute(576)) - 3593491a-9eda-4688-95d0-b2d70ec1c1ad@group-2E21B6D8404D-SegmentedRaftLogWorker: created new log segment /workdir/hadoop-ozone/integration-test/target/test-dir/MiniOzoneClusterImpl-26be0a9d-9cc2-4b7a-a8a7-449df1cdec79/datanode-0/data/ratis/9e1364c5-e4ca-43dd-842d-2e21b6d8404d/current/log_inprogress_0
2019-10-29 03:49:30,617 [Thread-923] INFO  ozoneimpl.OzoneContainer (OzoneContainer.java:stop(227)) - Attempting to stop container services.
2019-10-29 03:49:30,617 [Thread-923] INFO  impl.RaftServerProxy (RaftServerProxy.java:lambda$close$4(314)) - 3593491a-9eda-4688-95d0-b2d70ec1c1ad: close
2019-10-29 03:49:30,618 [Thread-923] INFO  impl.RaftServerImpl (RaftServerImpl.java:lambda$shutdown$3(250)) - 3593491a-9eda-4688-95d0-b2d70ec1c1ad@group-2E21B6D8404D: shutdown
2019-10-29 03:49:30,618 [Thread-923] INFO  util.JmxRegister (JmxRegister.java:unregister(73)) - Successfully un-registered JMX Bean with object name Ratis:service=RaftServer,group=group-2E21B6D8404D,id=3593491a-9eda-4688-95d0-b2d70ec1c1ad
2019-10-29 03:49:30,618 [Thread-923] INFO  impl.RoleInfo (RoleInfo.java:shutdownLeaderState(104)) - 3593491a-9eda-4688-95d0-b2d70ec1c1ad: shutdown LeaderState
2019-10-29 03:49:30,619 [Thread-923] INFO  impl.PendingRequests (PendingRequests.java:sendNotLeaderResponses(206)) - 3593491a-9eda-4688-95d0-b2d70ec1c1ad@group-2E21B6D8404D-PendingRequests: sendNotLeaderResponses
2019-10-29 03:49:30,619 [Thread-923] INFO  impl.StateMachineUpdater (StateMachineUpdater.java:stopAndJoin(136)) - 3593491a-9eda-4688-95d0-b2d70ec1c1ad@group-2E21B6D8404D-StateMachineUpdater: set stopIndex = 0
2019-10-29 03:49:30,621 [Thread-923] INFO  impl.RaftServerImpl (ServerState.java:close(387)) - 3593491a-9eda-4688-95d0-b2d70ec1c1ad@group-2E21B6D8404D: closes. applyIndex: 0
2019-10-29 03:49:30,622 [3593491a-9eda-4688-95d0-b2d70ec1c1ad@group-2E21B6D8404D-SegmentedRaftLogWorker] INFO  segmented.SegmentedRaftLogWorker (SegmentedRaftLogWorker.java:run(316)) - 3593491a-9eda-4688-95d0-b2d70ec1c1ad@group-2E21B6D8404D-SegmentedRaftLogWorker was interrupted, exiting. There are 0 tasks remaining in the queue.
2019-10-29 03:49:30,623 [Thread-923] INFO  segmented.SegmentedRaftLogWorker (SegmentedRaftLogWorker.java:close(224)) - 3593491a-9eda-4688-95d0-b2d70ec1c1ad@group-2E21B6D8404D-SegmentedRaftLogWorker close()
2019-10-29 03:49:30,624 [Thread-923] INFO  server.GrpcService (GrpcService.java:closeImpl(164)) - 3593491a-9eda-4688-95d0-b2d70ec1c1ad: shutdown server with port 9858 now
2019-10-29 03:49:30,625 [Thread-923] INFO  server.GrpcService (GrpcService.java:closeImpl(172)) - 3593491a-9eda-4688-95d0-b2d70ec1c1ad: shutdown server with port 9858 successfully
2019-10-29 03:49:30,628 [refreshUsed-/workdir/hadoop-ozone/integration-test/target/test-dir/MiniOzoneClusterImpl-26be0a9d-9cc2-4b7a-a8a7-449df1cdec79/datanode-0/data/containers] WARN  fs.CachingGetSpaceUsed (CachingGetSpaceUsed.java:run(183)) - Thread Interrupted waiting to refresh disk information: sleep interrupted
2019-10-29 03:49:30,646 [Thread-923] INFO  utils.BackgroundService (BackgroundService.java:shutdown(151)) - Shutting down service BlockDeletingService
2019-10-29 03:49:30,648 [Thread-923] INFO  statemachine.DatanodeStateMachine (DatanodeStateMachine.java:stopDaemon(395)) - Ozone container server stopped.
2019-10-29 03:49:30,660 [Thread-923] INFO  handler.ContextHandler (ContextHandler.java:doStop(910)) - Stopped o.e.j.w.WebAppContext@44d96761{/,null,UNAVAILABLE}{/hddsDatanode}
2019-10-29 03:49:30,662 [Thread-923] INFO  server.AbstractConnector (AbstractConnector.java:doStop(318)) - Stopped ServerConnector@6d09eb5e{HTTP/1.1,[http/1.1]}{0.0.0.0:0}
2019-10-29 03:49:30,662 [Thread-923] INFO  handler.ContextHandler (ContextHandler.java:doStop(910)) - Stopped o.e.j.s.ServletContextHandler@324fb7ed{/static,jar:file:/home/user/.m2/repository/org/apache/hadoop/hadoop-hdds-container-service/0.5.0-SNAPSHOT/hadoop-hdds-container-service-0.5.0-SNAPSHOT.jar!/webapps/static,UNAVAILABLE}
2019-10-29 03:49:30,662 [Thread-923] INFO  handler.ContextHandler (ContextHandler.java:doStop(910)) - Stopped o.e.j.s.ServletContextHandler@471af174{/logs,file:///workdir/hadoop-ozone/integration-test/target/log,UNAVAILABLE}
2019-10-29 03:49:30,663 [Thread-923] INFO  ozone.MiniOzoneClusterImpl (MiniOzoneClusterImpl.java:stopSCM(392)) - Stopping the StorageContainerManager
2019-10-29 03:49:30,663 [Thread-923] INFO  server.StorageContainerManager (StorageContainerManager.java:stop(810)) - Stopping Replication Manager Service.
2019-10-29 03:49:30,664 [Thread-923] INFO  container.ReplicationManager (ReplicationManager.java:stop(203)) - Stopping Replication Monitor Thread.
2019-10-29 03:49:30,664 [Thread-923] INFO  server.StorageContainerManager (StorageContainerManager.java:stop(817)) - Stopping Lease Manager of the command watchers
2019-10-29 03:49:30,664 [Thread-923] INFO  server.StorageContainerManager (StorageContainerManager.java:stop(824)) - Stopping datanode service RPC server
2019-10-29 03:49:30,664 [Thread-923] INFO  server.SCMDatanodeProtocolServer (SCMDatanodeProtocolServer.java:stop(346)) - Stopping the RPC server for DataNodes
2019-10-29 03:49:30,664 [Thread-923] INFO  ipc.Server (Server.java:stop(3082)) - Stopping server on 34119
2019-10-29 03:49:30,665 [IPC Server listener on 34119] INFO  ipc.Server (Server.java:run(1185)) - Stopping IPC Server listener on 34119
2019-10-29 03:49:30,666 [IPC Server Responder] INFO  ipc.Server (Server.java:run(1319)) - Stopping IPC Server Responder
2019-10-29 03:49:30,694 [SCM Heartbeat Processing Thread - 0] WARN  node.NodeStateManager (NodeStateManager.java:scheduleNextHealthCheck(646)) - Current Thread is interrupted, shutting down HB processing thread for Node Manager.
2019-10-29 03:49:30,694 [Thread-923] INFO  server.StorageContainerManager (StorageContainerManager.java:stop(832)) - Stopping block service RPC server
2019-10-29 03:49:30,694 [Thread-923] INFO  server.SCMBlockProtocolServer (SCMBlockProtocolServer.java:stop(155)) - Stopping the RPC server for Block Protocol
2019-10-29 03:49:30,694 [Thread-923] INFO  ipc.Server (Server.java:stop(3082)) - Stopping server on 36312
2019-10-29 03:49:30,696 [IPC Server listener on 36312] INFO  ipc.Server (Server.java:run(1185)) - Stopping IPC Server listener on 36312
2019-10-29 03:49:30,696 [Thread-923] INFO  server.StorageContainerManager (StorageContainerManager.java:stop(839)) - Stopping the StorageContainerLocationProtocol RPC server
2019-10-29 03:49:30,696 [IPC Server Responder] INFO  ipc.Server (Server.java:run(1319)) - Stopping IPC Server Responder
2019-10-29 03:49:30,697 [Thread-923] INFO  server.SCMClientProtocolServer (SCMClientProtocolServer.java:stop(168)) - Stopping the RPC server for Client Protocol
2019-10-29 03:49:30,697 [Thread-923] INFO  ipc.Server (Server.java:stop(3082)) - Stopping server on 46444
2019-10-29 03:49:30,699 [IPC Server listener on 46444] INFO  ipc.Server (Server.java:run(1185)) - Stopping IPC Server listener on 46444
2019-10-29 03:49:30,699 [IPC Server Responder] INFO  ipc.Server (Server.java:run(1319)) - Stopping IPC Server Responder
2019-10-29 03:49:30,699 [Thread-923] INFO  server.StorageContainerManager (StorageContainerManager.java:stop(846)) - Stopping Storage Container Manager HTTP server.
2019-10-29 03:49:30,700 [Thread-923] INFO  handler.ContextHandler (ContextHandler.java:doStop(910)) - Stopped o.e.j.w.WebAppContext@6963ef8{/,null,UNAVAILABLE}{/scm}
2019-10-29 03:49:30,701 [Thread-923] INFO  server.AbstractConnector (AbstractConnector.java:doStop(318)) - Stopped ServerConnector@b8cc98f{HTTP/1.1,[http/1.1]}{0.0.0.0:0}
2019-10-29 03:49:30,701 [Thread-923] INFO  handler.ContextHandler (ContextHandler.java:doStop(910)) - Stopped o.e.j.s.ServletContextHandler@39d7eca{/static,file:///workdir/hadoop-ozone/integration-test/target/test-classes/webapps/static,UNAVAILABLE}
2019-10-29 03:49:30,702 [Thread-923] INFO  handler.ContextHandler (ContextHandler.java:doStop(910)) - Stopped o.e.j.s.ServletContextHandler@35a3ad9{/logs,file:///workdir/hadoop-ozone/integration-test/target/log,UNAVAILABLE}
2019-10-29 03:49:30,702 [Thread-923] INFO  server.StorageContainerManager (StorageContainerManager.java:stop(857)) - Stopping Block Manager Service.
2019-10-29 03:49:30,703 [Thread-923] INFO  utils.BackgroundService (BackgroundService.java:shutdown(151)) - Shutting down service SCMBlockDeletingService
2019-10-29 03:49:30,703 [Thread-923] INFO  utils.BackgroundService (BackgroundService.java:shutdown(151)) - Shutting down service SCMBlockDeletingService
2019-10-29 03:49:30,704 [Thread-923] INFO  server.StorageContainerManager (StorageContainerManager.java:stop(879)) - Stopping SCM Event Queue.
2019-10-29 03:49:30,708 [Thread-923] INFO  impl.MetricsSystemImpl (MetricsSystemImpl.java:stop(210)) - Stopping HddsDatanode metrics system...
2019-10-29 03:49:30,710 [Thread-923] INFO  impl.MetricsSystemImpl (MetricsSystemImpl.java:stop(216)) - HddsDatanode metrics system stopped.
]]></system-out>
  </testcase>
</testsuite>