<?xml version="1.0" encoding="UTF-8"?>
<testsuite xmlns:xsi="http://www.w3.org/2001/XMLSchema-instance" xsi:noNamespaceSchemaLocation="https://maven.apache.org/surefire/maven-surefire-plugin/xsd/surefire-test-report.xsd" name="org.apache.hadoop.hdds.scm.pipeline.TestRatisPipelineCreateAndDestroy" time="49.397" tests="2" errors="0" skipped="0" failures="1">
  <properties>
    <property name="awt.toolkit" value="sun.awt.X11.XToolkit"/>
    <property name="file.encoding.pkg" value="sun.io"/>
    <property name="java.specification.version" value="1.8"/>
    <property name="sun.cpu.isalist" value=""/>
    <property name="sun.jnu.encoding" value="ANSI_X3.4-1968"/>
    <property name="java.class.path" value="/workdir/hadoop-ozone/integration-test/target/test-classes:/workdir/hadoop-ozone/integration-test/target/classes:/home/user/.m2/repository/org/apache/hadoop/hadoop-ozone-common/0.5.0-SNAPSHOT/hadoop-ozone-common-0.5.0-SNAPSHOT.jar:/home/user/.m2/repository/org/apache/commons/commons-compress/1.4.1/commons-compress-1.4.1.jar:/home/user/.m2/repository/org/tukaani/xz/1.0/xz-1.0.jar:/home/user/.m2/repository/org/apache/hadoop/hadoop-common/3.2.0/hadoop-common-3.2.0.jar:/home/user/.m2/repository/org/apache/hadoop/hadoop-hdfs/3.2.0/hadoop-hdfs-3.2.0.jar:/home/user/.m2/repository/org/apache/hadoop/hadoop-hdfs-client/3.2.0/hadoop-hdfs-client-3.2.0.jar:/home/user/.m2/repository/com/fasterxml/jackson/core/jackson-annotations/2.9.9/jackson-annotations-2.9.9.jar:/home/user/.m2/repository/org/apache/hadoop/hadoop-hdds-common/0.5.0-SNAPSHOT/hadoop-hdds-common-0.5.0-SNAPSHOT.jar:/home/user/.m2/repository/javax/annotation/javax.annotation-api/1.2/javax.annotation-api-1.2.jar:/home/user/.m2/repository/org/apache/ratis/ratis-server/0.5.0-201fc85-SNAPSHOT/ratis-server-0.5.0-201fc85-SNAPSHOT.jar:/home/user/.m2/repository/org/apache/ratis/ratis-thirdparty-misc/0.2.0/ratis-thirdparty-misc-0.2.0.jar:/home/user/.m2/repository/org/apache/ratis/ratis-proto/0.5.0-201fc85-SNAPSHOT/ratis-proto-0.5.0-201fc85-SNAPSHOT.jar:/home/user/.m2/repository/org/apache/ratis/ratis-common/0.5.0-201fc85-SNAPSHOT/ratis-common-0.5.0-201fc85-SNAPSHOT.jar:/home/user/.m2/repository/org/apache/ratis/ratis-client/0.5.0-201fc85-SNAPSHOT/ratis-client-0.5.0-201fc85-SNAPSHOT.jar:/home/user/.m2/repository/org/apache/ratis/ratis-metrics/0.5.0-201fc85-SNAPSHOT/ratis-metrics-0.5.0-201fc85-SNAPSHOT.jar:/home/user/.m2/repository/com/github/joshelser/dropwizard-metrics-hadoop-metrics2-reporter/0.1.2/dropwizard-metrics-hadoop-metrics2-reporter-0.1.2.jar:/home/user/.m2/repository/io/dropwizard/metrics/metrics-jvm/3.2.5/metrics-jvm-3.2.5.jar:/home/user/.m2/repository/io/dropwizard/metrics/metrics-ganglia/3.2.5/metrics-ganglia-3.2.5.jar:/home/user/.m2/repository/info/ganglia/gmetric4j/gmetric4j/1.0.7/gmetric4j-1.0.7.jar:/home/user/.m2/repository/org/apache/ratis/ratis-netty/0.5.0-201fc85-SNAPSHOT/ratis-netty-0.5.0-201fc85-SNAPSHOT.jar:/home/user/.m2/repository/org/apache/ratis/ratis-grpc/0.5.0-201fc85-SNAPSHOT/ratis-grpc-0.5.0-201fc85-SNAPSHOT.jar:/home/user/.m2/repository/org/rocksdb/rocksdbjni/6.0.1/rocksdbjni-6.0.1.jar:/home/user/.m2/repository/org/apache/logging/log4j/log4j-api/2.11.0/log4j-api-2.11.0.jar:/home/user/.m2/repository/org/apache/logging/log4j/log4j-core/2.11.0/log4j-core-2.11.0.jar:/home/user/.m2/repository/com/lmax/disruptor/3.4.2/disruptor-3.4.2.jar:/home/user/.m2/repository/org/apache/commons/commons-pool2/2.6.0/commons-pool2-2.6.0.jar:/home/user/.m2/repository/org/bouncycastle/bcpkix-jdk15on/1.60/bcpkix-jdk15on-1.60.jar:/home/user/.m2/repository/commons-validator/commons-validator/1.6/commons-validator-1.6.jar:/home/user/.m2/repository/commons-digester/commons-digester/1.8.1/commons-digester-1.8.1.jar:/home/user/.m2/repository/io/jaegertracing/jaeger-client/0.34.0/jaeger-client-0.34.0.jar:/home/user/.m2/repository/io/jaegertracing/jaeger-thrift/0.34.0/jaeger-thrift-0.34.0.jar:/home/user/.m2/repository/org/apache/thrift/libthrift/0.12.0/libthrift-0.12.0.jar:/home/user/.m2/repository/com/squareup/okhttp3/okhttp/3.9.0/okhttp-3.9.0.jar:/home/user/.m2/repository/com/squareup/okio/okio/1.13.0/okio-1.13.0.jar:/home/user/.m2/repository/io/jaegertracing/jaeger-core/0.34.0/jaeger-core-0.34.0.jar:/home/user/.m2/repository/io/jaegertracing/jaeger-tracerresolver/0.34.0/jaeger-tracerresolver-0.34.0.jar:/home/user/.m2/repository/io/opentracing/contrib/opentracing-tracerresolver/0.1.5/opentracing-tracerresolver-0.1.5.jar:/home/user/.m2/repository/io/opentracing/opentracing-util/0.31.0/opentracing-util-0.31.0.jar:/home/user/.m2/repository/io/opentracing/opentracing-api/0.31.0/opentracing-api-0.31.0.jar:/home/user/.m2/repository/io/opentracing/opentracing-noop/0.31.0/opentracing-noop-0.31.0.jar:/home/user/.m2/repository/org/apache/hadoop/hadoop-hdds-server-framework/0.5.0-SNAPSHOT/hadoop-hdds-server-framework-0.5.0-SNAPSHOT.jar:/home/user/.m2/repository/org/apache/hadoop/hadoop-hdds-container-service/0.5.0-SNAPSHOT/hadoop-hdds-container-service-0.5.0-SNAPSHOT.jar:/home/user/.m2/repository/org/apache/hadoop/hadoop-hdds-client/0.5.0-SNAPSHOT/hadoop-hdds-client-0.5.0-SNAPSHOT.jar:/home/user/.m2/repository/org/apache/hadoop/hadoop-hdds-tools/0.5.0-SNAPSHOT/hadoop-hdds-tools-0.5.0-SNAPSHOT.jar:/home/user/.m2/repository/org/apache/hadoop/hadoop-hdds-server-scm/0.5.0-SNAPSHOT/hadoop-hdds-server-scm-0.5.0-SNAPSHOT.jar:/home/user/.m2/repository/org/apache/hadoop/hadoop-hdds-docs/0.5.0-SNAPSHOT/hadoop-hdds-docs-0.5.0-SNAPSHOT.jar:/home/user/.m2/repository/io/dropwizard/metrics/metrics-core/3.2.4/metrics-core-3.2.4.jar:/home/user/.m2/repository/org/hamcrest/hamcrest-all/1.3/hamcrest-all-1.3.jar:/home/user/.m2/repository/org/bouncycastle/bcprov-jdk15on/1.60/bcprov-jdk15on-1.60.jar:/home/user/.m2/repository/info/picocli/picocli/3.9.6/picocli-3.9.6.jar:/home/user/.m2/repository/com/google/protobuf/protobuf-java/2.5.0/protobuf-java-2.5.0.jar:/home/user/.m2/repository/com/google/guava/guava/11.0.2/guava-11.0.2.jar:/home/user/.m2/repository/org/apache/hadoop/hadoop-ozone-ozone-manager/0.5.0-SNAPSHOT/hadoop-ozone-ozone-manager-0.5.0-SNAPSHOT.jar:/home/user/.m2/repository/org/apache/hadoop/hadoop-minikdc/3.2.0/hadoop-minikdc-3.2.0.jar:/home/user/.m2/repository/commons-io/commons-io/2.5/commons-io-2.5.jar:/home/user/.m2/repository/org/apache/kerby/kerb-simplekdc/1.0.1/kerb-simplekdc-1.0.1.jar:/home/user/.m2/repository/org/apache/kerby/kerb-client/1.0.1/kerb-client-1.0.1.jar:/home/user/.m2/repository/org/apache/kerby/kerby-config/1.0.1/kerby-config-1.0.1.jar:/home/user/.m2/repository/org/apache/kerby/kerb-core/1.0.1/kerb-core-1.0.1.jar:/home/user/.m2/repository/org/apache/kerby/kerby-pkix/1.0.1/kerby-pkix-1.0.1.jar:/home/user/.m2/repository/org/apache/kerby/kerby-asn1/1.0.1/kerby-asn1-1.0.1.jar:/home/user/.m2/repository/org/apache/kerby/kerby-util/1.0.1/kerby-util-1.0.1.jar:/home/user/.m2/repository/org/apache/kerby/kerb-common/1.0.1/kerb-common-1.0.1.jar:/home/user/.m2/repository/org/apache/kerby/kerb-crypto/1.0.1/kerb-crypto-1.0.1.jar:/home/user/.m2/repository/org/apache/kerby/kerb-util/1.0.1/kerb-util-1.0.1.jar:/home/user/.m2/repository/org/apache/kerby/token-provider/1.0.1/token-provider-1.0.1.jar:/home/user/.m2/repository/org/apache/kerby/kerb-admin/1.0.1/kerb-admin-1.0.1.jar:/home/user/.m2/repository/org/apache/kerby/kerb-server/1.0.1/kerb-server-1.0.1.jar:/home/user/.m2/repository/org/apache/kerby/kerb-identity/1.0.1/kerb-identity-1.0.1.jar:/home/user/.m2/repository/org/apache/kerby/kerby-xdr/1.0.1/kerby-xdr-1.0.1.jar:/home/user/.m2/repository/org/slf4j/slf4j-log4j12/1.7.25/slf4j-log4j12-1.7.25.jar:/home/user/.m2/repository/org/apache/hadoop/hadoop-ozone-s3gateway/0.5.0-SNAPSHOT/hadoop-ozone-s3gateway-0.5.0-SNAPSHOT.jar:/home/user/.m2/repository/org/jboss/weld/servlet/weld-servlet/2.4.7.Final/weld-servlet-2.4.7.Final.jar:/home/user/.m2/repository/org/glassfish/jersey/containers/jersey-container-servlet-core/2.27/jersey-container-servlet-core-2.27.jar:/home/user/.m2/repository/org/glassfish/hk2/external/javax.inject/2.5.0-b42/javax.inject-2.5.0-b42.jar:/home/user/.m2/repository/org/glassfish/jersey/core/jersey-common/2.27/jersey-common-2.27.jar:/home/user/.m2/repository/org/glassfish/hk2/osgi-resource-locator/1.0.1/osgi-resource-locator-1.0.1.jar:/home/user/.m2/repository/javax/ws/rs/javax.ws.rs-api/2.1/javax.ws.rs-api-2.1.jar:/home/user/.m2/repository/org/glassfish/jersey/ext/cdi/jersey-cdi1x/2.27/jersey-cdi1x-2.27.jar:/home/user/.m2/repository/org/glassfish/jersey/inject/jersey-hk2/2.27/jersey-hk2-2.27.jar:/home/user/.m2/repository/org/glassfish/hk2/hk2-locator/2.5.0-b42/hk2-locator-2.5.0-b42.jar:/home/user/.m2/repository/org/javassist/javassist/3.22.0-CR2/javassist-3.22.0-CR2.jar:/home/user/.m2/repository/org/glassfish/hk2/hk2-api/2.5.0/hk2-api-2.5.0.jar:/home/user/.m2/repository/org/glassfish/hk2/external/jakarta.inject/2.5.0/jakarta.inject-2.5.0.jar:/home/user/.m2/repository/org/glassfish/hk2/hk2-utils/2.5.0/hk2-utils-2.5.0.jar:/home/user/.m2/repository/jakarta/annotation/jakarta.annotation-api/1.3.4/jakarta.annotation-api-1.3.4.jar:/home/user/.m2/repository/org/glassfish/hk2/external/aopalliance-repackaged/2.5.0/aopalliance-repackaged-2.5.0.jar:/home/user/.m2/repository/com/fasterxml/jackson/dataformat/jackson-dataformat-xml/2.9.0/jackson-dataformat-xml-2.9.0.jar:/home/user/.m2/repository/com/fasterxml/jackson/core/jackson-core/2.9.9/jackson-core-2.9.9.jar:/home/user/.m2/repository/com/fasterxml/jackson/module/jackson-module-jaxb-annotations/2.9.9/jackson-module-jaxb-annotations-2.9.9.jar:/home/user/.m2/repository/javax/enterprise/cdi-api/1.2/cdi-api-1.2.jar:/home/user/.m2/repository/javax/el/javax.el-api/3.0.0/javax.el-api-3.0.0.jar:/home/user/.m2/repository/javax/interceptor/javax.interceptor-api/1.2/javax.interceptor-api-1.2.jar:/home/user/.m2/repository/javax/inject/javax.inject/1/javax.inject-1.jar:/home/user/.m2/repository/com/sun/xml/bind/jaxb-impl/2.3.0.1/jaxb-impl-2.3.0.1.jar:/home/user/.m2/repository/com/sun/xml/bind/jaxb-core/2.3.0.1/jaxb-core-2.3.0.1.jar:/home/user/.m2/repository/javax/xml/bind/jaxb-api/2.3.0/jaxb-api-2.3.0.jar:/home/user/.m2/repository/javax/activation/activation/1.1.1/activation-1.1.1.jar:/home/user/.m2/repository/org/apache/hadoop/hadoop-ozone-csi/0.5.0-SNAPSHOT/hadoop-ozone-csi-0.5.0-SNAPSHOT.jar:/home/user/.m2/repository/com/google/protobuf/protobuf-java-util/3.5.1/protobuf-java-util-3.5.1.jar:/home/user/.m2/repository/org/apache/hadoop/hadoop-hdds-config/0.5.0-SNAPSHOT/hadoop-hdds-config-0.5.0-SNAPSHOT.jar:/home/user/.m2/repository/io/grpc/grpc-netty/1.17.1/grpc-netty-1.17.1.jar:/home/user/.m2/repository/io/grpc/grpc-core/1.17.1/grpc-core-1.17.1.jar:/home/user/.m2/repository/io/grpc/grpc-context/1.17.1/grpc-context-1.17.1.jar:/home/user/.m2/repository/com/google/errorprone/error_prone_annotations/2.2.0/error_prone_annotations-2.2.0.jar:/home/user/.m2/repository/org/codehaus/mojo/animal-sniffer-annotations/1.17/animal-sniffer-annotations-1.17.jar:/home/user/.m2/repository/io/opencensus/opencensus-api/0.17.0/opencensus-api-0.17.0.jar:/home/user/.m2/repository/io/opencensus/opencensus-contrib-grpc-metrics/0.17.0/opencensus-contrib-grpc-metrics-0.17.0.jar:/home/user/.m2/repository/io/netty/netty-codec-http2/4.1.30.Final/netty-codec-http2-4.1.30.Final.jar:/home/user/.m2/repository/io/netty/netty-codec-http/4.1.30.Final/netty-codec-http-4.1.30.Final.jar:/home/user/.m2/repository/io/netty/netty-codec/4.1.30.Final/netty-codec-4.1.30.Final.jar:/home/user/.m2/repository/io/netty/netty-handler/4.1.30.Final/netty-handler-4.1.30.Final.jar:/home/user/.m2/repository/io/netty/netty-handler-proxy/4.1.30.Final/netty-handler-proxy-4.1.30.Final.jar:/home/user/.m2/repository/io/netty/netty-codec-socks/4.1.30.Final/netty-codec-socks-4.1.30.Final.jar:/home/user/.m2/repository/io/netty/netty-transport-native-epoll/4.1.30.Final/netty-transport-native-epoll-4.1.30.Final.jar:/home/user/.m2/repository/io/netty/netty-common/4.1.30.Final/netty-common-4.1.30.Final.jar:/home/user/.m2/repository/io/netty/netty-buffer/4.1.30.Final/netty-buffer-4.1.30.Final.jar:/home/user/.m2/repository/io/netty/netty-transport/4.1.30.Final/netty-transport-4.1.30.Final.jar:/home/user/.m2/repository/io/netty/netty-resolver/4.1.30.Final/netty-resolver-4.1.30.Final.jar:/home/user/.m2/repository/io/netty/netty-transport-native-unix-common/4.1.30.Final/netty-transport-native-unix-common-4.1.30.Final.jar:/home/user/.m2/repository/io/grpc/grpc-protobuf/1.17.1/grpc-protobuf-1.17.1.jar:/home/user/.m2/repository/com/google/api/grpc/proto-google-common-protos/1.0.0/proto-google-common-protos-1.0.0.jar:/home/user/.m2/repository/io/grpc/grpc-protobuf-lite/1.17.1/grpc-protobuf-lite-1.17.1.jar:/home/user/.m2/repository/io/grpc/grpc-stub/1.17.1/grpc-stub-1.17.1.jar:/home/user/.m2/repository/org/apache/hadoop/hadoop-ozone-recon/0.5.0-SNAPSHOT/hadoop-ozone-recon-0.5.0-SNAPSHOT.jar:/home/user/.m2/repository/org/apache/hadoop/hadoop-ozone-reconcodegen/0.5.0-SNAPSHOT/hadoop-ozone-reconcodegen-0.5.0-SNAPSHOT.jar:/home/user/.m2/repository/com/google/inject/extensions/guice-multibindings/4.0/guice-multibindings-4.0.jar:/home/user/.m2/repository/com/google/inject/guice/4.0/guice-4.0.jar:/home/user/.m2/repository/aopalliance/aopalliance/1.0/aopalliance-1.0.jar:/home/user/.m2/repository/com/google/inject/extensions/guice-servlet/4.0/guice-servlet-4.0.jar:/home/user/.m2/repository/org/glassfish/jersey/containers/jersey-container-servlet/2.27/jersey-container-servlet-2.27.jar:/home/user/.m2/repository/org/glassfish/hk2/guice-bridge/2.5.0/guice-bridge-2.5.0.jar:/home/user/.m2/repository/org/glassfish/jersey/core/jersey-server/2.27/jersey-server-2.27.jar:/home/user/.m2/repository/org/glassfish/jersey/core/jersey-client/2.27/jersey-client-2.27.jar:/home/user/.m2/repository/org/glassfish/jersey/media/jersey-media-jaxb/2.27/jersey-media-jaxb-2.27.jar:/home/user/.m2/repository/javax/validation/validation-api/1.1.0.Final/validation-api-1.1.0.Final.jar:/home/user/.m2/repository/org/glassfish/jersey/media/jersey-media-json-jackson/2.27/jersey-media-json-jackson-2.27.jar:/home/user/.m2/repository/org/glassfish/jersey/ext/jersey-entity-filtering/2.27/jersey-entity-filtering-2.27.jar:/home/user/.m2/repository/com/google/inject/extensions/guice-assistedinject/4.0/guice-assistedinject-4.0.jar:/home/user/.m2/repository/org/jooq/jooq/3.11.10/jooq-3.11.10.jar:/home/user/.m2/repository/org/jooq/jooq-meta/3.11.10/jooq-meta-3.11.10.jar:/home/user/.m2/repository/org/jooq/jooq-codegen/3.11.10/jooq-codegen-3.11.10.jar:/home/user/.m2/repository/com/jolbox/bonecp/0.8.0.RELEASE/bonecp-0.8.0.RELEASE.jar:/home/user/.m2/repository/org/xerial/sqlite-jdbc/3.25.2/sqlite-jdbc-3.25.2.jar:/home/user/.m2/repository/org/springframework/spring-jdbc/5.1.3.RELEASE/spring-jdbc-5.1.3.RELEASE.jar:/home/user/.m2/repository/org/springframework/spring-beans/5.1.3.RELEASE/spring-beans-5.1.3.RELEASE.jar:/home/user/.m2/repository/org/springframework/spring-core/5.1.3.RELEASE/spring-core-5.1.3.RELEASE.jar:/home/user/.m2/repository/org/springframework/spring-jcl/5.1.3.RELEASE/spring-jcl-5.1.3.RELEASE.jar:/home/user/.m2/repository/org/springframework/spring-tx/5.1.3.RELEASE/spring-tx-5.1.3.RELEASE.jar:/home/user/.m2/repository/org/apache/hadoop/hadoop-ozone-client/0.5.0-SNAPSHOT/hadoop-ozone-client-0.5.0-SNAPSHOT.jar:/home/user/.m2/repository/commons-lang/commons-lang/2.6/commons-lang-2.6.jar:/home/user/.m2/repository/org/apache/hadoop/hadoop-ozone-ozone-manager/0.5.0-SNAPSHOT/hadoop-ozone-ozone-manager-0.5.0-SNAPSHOT-tests.jar:/home/user/.m2/repository/junit/junit/4.11/junit-4.11.jar:/home/user/.m2/repository/org/hamcrest/hamcrest-core/1.3/hamcrest-core-1.3.jar:/home/user/.m2/repository/org/openjdk/jmh/jmh-core/1.19/jmh-core-1.19.jar:/home/user/.m2/repository/net/sf/jopt-simple/jopt-simple/4.6/jopt-simple-4.6.jar:/home/user/.m2/repository/org/apache/commons/commons-math3/3.1.1/commons-math3-3.1.1.jar:/home/user/.m2/repository/org/openjdk/jmh/jmh-generator-annprocess/1.19/jmh-generator-annprocess-1.19.jar:/home/user/.m2/repository/org/mockito/mockito-all/1.8.5/mockito-all-1.8.5.jar:/home/user/.m2/repository/org/apache/hadoop/hadoop-kms/3.2.0/hadoop-kms-3.2.0.jar:/home/user/.m2/repository/org/apache/hadoop/hadoop-auth/3.2.0/hadoop-auth-3.2.0.jar:/home/user/.m2/repository/com/nimbusds/nimbus-jose-jwt/4.41.1/nimbus-jose-jwt-4.41.1.jar:/home/user/.m2/repository/com/github/stephenc/jcip/jcip-annotations/1.0-1/jcip-annotations-1.0-1.jar:/home/user/.m2/repository/net/minidev/json-smart/2.3/json-smart-2.3.jar:/home/user/.m2/repository/net/minidev/accessors-smart/1.2/accessors-smart-1.2.jar:/home/user/.m2/repository/org/ow2/asm/asm/5.0.4/asm-5.0.4.jar:/home/user/.m2/repository/org/apache/curator/curator-framework/2.12.0/curator-framework-2.12.0.jar:/home/user/.m2/repository/com/sun/jersey/jersey-core/1.19/jersey-core-1.19.jar:/home/user/.m2/repository/javax/ws/rs/jsr311-api/1.1.1/jsr311-api-1.1.1.jar:/home/user/.m2/repository/com/sun/jersey/jersey-server/1.19/jersey-server-1.19.jar:/home/user/.m2/repository/javax/servlet/javax.servlet-api/3.1.0/javax.servlet-api-3.1.0.jar:/home/user/.m2/repository/org/eclipse/jetty/jetty-server/9.3.25.v20180904/jetty-server-9.3.25.v20180904.jar:/home/user/.m2/repository/org/eclipse/jetty/jetty-http/9.3.25.v20180904/jetty-http-9.3.25.v20180904.jar:/home/user/.m2/repository/org/eclipse/jetty/jetty-io/9.3.25.v20180904/jetty-io-9.3.25.v20180904.jar:/home/user/.m2/repository/org/eclipse/jetty/jetty-webapp/9.3.25.v20180904/jetty-webapp-9.3.25.v20180904.jar:/home/user/.m2/repository/org/eclipse/jetty/jetty-xml/9.3.25.v20180904/jetty-xml-9.3.25.v20180904.jar:/home/user/.m2/repository/log4j/log4j/1.2.17/log4j-1.2.17.jar:/home/user/.m2/repository/org/slf4j/slf4j-api/1.7.25/slf4j-api-1.7.25.jar:/home/user/.m2/repository/org/slf4j/jul-to-slf4j/1.7.25/jul-to-slf4j-1.7.25.jar:/home/user/.m2/repository/org/eclipse/jetty/jetty-util/9.3.25.v20180904/jetty-util-9.3.25.v20180904.jar:/home/user/.m2/repository/com/fasterxml/jackson/core/jackson-databind/2.9.9/jackson-databind-2.9.9.jar:/home/user/.m2/repository/org/apache/hadoop/hadoop-kms/3.2.0/hadoop-kms-3.2.0-tests.jar:/home/user/.m2/repository/org/apache/hadoop/hadoop-hdds-server-scm/0.5.0-SNAPSHOT/hadoop-hdds-server-scm-0.5.0-SNAPSHOT-tests.jar:/home/user/.m2/repository/org/apache/hadoop/hadoop-hdds-container-service/0.5.0-SNAPSHOT/hadoop-hdds-container-service-0.5.0-SNAPSHOT-tests.jar:/home/user/.m2/repository/org/yaml/snakeyaml/1.16/snakeyaml-1.16.jar:/home/user/.m2/repository/org/apache/hadoop/hadoop-common/3.2.0/hadoop-common-3.2.0-tests.jar:/home/user/.m2/repository/org/apache/hadoop/hadoop-annotations/3.2.0/hadoop-annotations-3.2.0.jar:/usr/lib/jvm/java-1.8.0-openjdk-1.8.0.222.b10-1.el7_7.x86_64/jre/../lib/tools.jar:/home/user/.m2/repository/commons-cli/commons-cli/1.2/commons-cli-1.2.jar:/home/user/.m2/repository/org/apache/httpcomponents/httpclient/4.5.2/httpclient-4.5.2.jar:/home/user/.m2/repository/org/apache/httpcomponents/httpcore/4.4.4/httpcore-4.4.4.jar:/home/user/.m2/repository/commons-codec/commons-codec/1.11/commons-codec-1.11.jar:/home/user/.m2/repository/commons-net/commons-net/3.6/commons-net-3.6.jar:/home/user/.m2/repository/commons-collections/commons-collections/3.2.2/commons-collections-3.2.2.jar:/home/user/.m2/repository/org/eclipse/jetty/jetty-servlet/9.3.25.v20180904/jetty-servlet-9.3.25.v20180904.jar:/home/user/.m2/repository/org/eclipse/jetty/jetty-security/9.3.25.v20180904/jetty-security-9.3.25.v20180904.jar:/home/user/.m2/repository/javax/servlet/jsp/jsp-api/2.1/jsp-api-2.1.jar:/home/user/.m2/repository/com/sun/jersey/jersey-servlet/1.19/jersey-servlet-1.19.jar:/home/user/.m2/repository/com/sun/jersey/jersey-json/1.19/jersey-json-1.19.jar:/home/user/.m2/repository/org/codehaus/jettison/jettison/1.1/jettison-1.1.jar:/home/user/.m2/repository/org/codehaus/jackson/jackson-core-asl/1.9.13/jackson-core-asl-1.9.13.jar:/home/user/.m2/repository/org/codehaus/jackson/jackson-mapper-asl/1.9.13/jackson-mapper-asl-1.9.13.jar:/home/user/.m2/repository/org/codehaus/jackson/jackson-jaxrs/1.9.13/jackson-jaxrs-1.9.13.jar:/home/user/.m2/repository/org/codehaus/jackson/jackson-xc/1.9.13/jackson-xc-1.9.13.jar:/home/user/.m2/repository/commons-logging/commons-logging/1.1.3/commons-logging-1.1.3.jar:/home/user/.m2/repository/commons-beanutils/commons-beanutils/1.9.4/commons-beanutils-1.9.4.jar:/home/user/.m2/repository/org/apache/commons/commons-configuration2/2.1.1/commons-configuration2-2.1.1.jar:/home/user/.m2/repository/org/apache/commons/commons-lang3/3.7/commons-lang3-3.7.jar:/home/user/.m2/repository/org/apache/commons/commons-text/1.4/commons-text-1.4.jar:/home/user/.m2/repository/org/apache/avro/avro/1.7.7/avro-1.7.7.jar:/home/user/.m2/repository/com/thoughtworks/paranamer/paranamer/2.3/paranamer-2.3.jar:/home/user/.m2/repository/org/xerial/snappy/snappy-java/1.0.5/snappy-java-1.0.5.jar:/home/user/.m2/repository/com/google/re2j/re2j/1.1/re2j-1.1.jar:/home/user/.m2/repository/com/google/code/gson/gson/2.2.4/gson-2.2.4.jar:/home/user/.m2/repository/com/jcraft/jsch/0.1.54/jsch-0.1.54.jar:/home/user/.m2/repository/org/apache/curator/curator-client/2.12.0/curator-client-2.12.0.jar:/home/user/.m2/repository/org/apache/curator/curator-recipes/2.12.0/curator-recipes-2.12.0.jar:/home/user/.m2/repository/com/google/code/findbugs/jsr305/3.0.0/jsr305-3.0.0.jar:/home/user/.m2/repository/org/apache/htrace/htrace-core4/4.1.0-incubating/htrace-core4-4.1.0-incubating.jar:/home/user/.m2/repository/org/apache/zookeeper/zookeeper/3.4.13/zookeeper-3.4.13.jar:/home/user/.m2/repository/jline/jline/0.9.94/jline-0.9.94.jar:/home/user/.m2/repository/org/apache/yetus/audience-annotations/0.5.0/audience-annotations-0.5.0.jar:/home/user/.m2/repository/org/codehaus/woodstox/stax2-api/3.1.4/stax2-api-3.1.4.jar:/home/user/.m2/repository/com/fasterxml/woodstox/woodstox-core/5.0.3/woodstox-core-5.0.3.jar:/home/user/.m2/repository/dnsjava/dnsjava/2.1.7/dnsjava-2.1.7.jar:/home/user/.m2/repository/org/apache/hadoop/hadoop-hdfs/3.2.0/hadoop-hdfs-3.2.0-tests.jar:/home/user/.m2/repository/org/eclipse/jetty/jetty-util-ajax/9.3.25.v20180904/jetty-util-ajax-9.3.25.v20180904.jar:/home/user/.m2/repository/commons-daemon/commons-daemon/1.0.13/commons-daemon-1.0.13.jar:/home/user/.m2/repository/io/netty/netty/3.10.5.Final/netty-3.10.5.Final.jar:/home/user/.m2/repository/io/netty/netty-all/4.0.52.Final/netty-all-4.0.52.Final.jar:/home/user/.m2/repository/org/fusesource/leveldbjni/leveldbjni-all/1.8/leveldbjni-all-1.8.jar:"/>
    <property name="java.vm.vendor" value="Oracle Corporation"/>
    <property name="sun.arch.data.model" value="64"/>
    <property name="test.build.dir" value="/workdir/hadoop-ozone/integration-test/target/test-dir"/>
    <property name="test.cache.data" value=""/>
    <property name="java.vendor.url" value="http://java.oracle.com/"/>
    <property name="user.timezone" value=""/>
    <property name="java.vm.specification.version" value="1.8"/>
    <property name="os.name" value="Linux"/>
    <property name="test.build.data" value="/workdir/hadoop-ozone/integration-test/target/test-dir"/>
    <property name="user.country" value="US"/>
    <property name="sun.java.launcher" value="SUN_STANDARD"/>
    <property name="sun.boot.library.path" value="/usr/lib/jvm/java-1.8.0-openjdk-1.8.0.222.b10-1.el7_7.x86_64/jre/lib/amd64"/>
    <property name="sun.java.command" value="/workdir/hadoop-ozone/integration-test/target/surefire/surefirebooter7169356213369938937.jar /workdir/hadoop-ozone/integration-test/target/surefire 2019-10-24T03-13-29_672-jvmRun1 surefire8323640968724444645tmp surefire_724666288054353903838tmp"/>
    <property name="surefire.test.class.path" value="/workdir/hadoop-ozone/integration-test/target/test-classes:/workdir/hadoop-ozone/integration-test/target/classes:/home/user/.m2/repository/org/apache/hadoop/hadoop-ozone-common/0.5.0-SNAPSHOT/hadoop-ozone-common-0.5.0-SNAPSHOT.jar:/home/user/.m2/repository/org/apache/commons/commons-compress/1.4.1/commons-compress-1.4.1.jar:/home/user/.m2/repository/org/tukaani/xz/1.0/xz-1.0.jar:/home/user/.m2/repository/org/apache/hadoop/hadoop-common/3.2.0/hadoop-common-3.2.0.jar:/home/user/.m2/repository/org/apache/hadoop/hadoop-hdfs/3.2.0/hadoop-hdfs-3.2.0.jar:/home/user/.m2/repository/org/apache/hadoop/hadoop-hdfs-client/3.2.0/hadoop-hdfs-client-3.2.0.jar:/home/user/.m2/repository/com/fasterxml/jackson/core/jackson-annotations/2.9.9/jackson-annotations-2.9.9.jar:/home/user/.m2/repository/org/apache/hadoop/hadoop-hdds-common/0.5.0-SNAPSHOT/hadoop-hdds-common-0.5.0-SNAPSHOT.jar:/home/user/.m2/repository/javax/annotation/javax.annotation-api/1.2/javax.annotation-api-1.2.jar:/home/user/.m2/repository/org/apache/ratis/ratis-server/0.5.0-201fc85-SNAPSHOT/ratis-server-0.5.0-201fc85-SNAPSHOT.jar:/home/user/.m2/repository/org/apache/ratis/ratis-thirdparty-misc/0.2.0/ratis-thirdparty-misc-0.2.0.jar:/home/user/.m2/repository/org/apache/ratis/ratis-proto/0.5.0-201fc85-SNAPSHOT/ratis-proto-0.5.0-201fc85-SNAPSHOT.jar:/home/user/.m2/repository/org/apache/ratis/ratis-common/0.5.0-201fc85-SNAPSHOT/ratis-common-0.5.0-201fc85-SNAPSHOT.jar:/home/user/.m2/repository/org/apache/ratis/ratis-client/0.5.0-201fc85-SNAPSHOT/ratis-client-0.5.0-201fc85-SNAPSHOT.jar:/home/user/.m2/repository/org/apache/ratis/ratis-metrics/0.5.0-201fc85-SNAPSHOT/ratis-metrics-0.5.0-201fc85-SNAPSHOT.jar:/home/user/.m2/repository/com/github/joshelser/dropwizard-metrics-hadoop-metrics2-reporter/0.1.2/dropwizard-metrics-hadoop-metrics2-reporter-0.1.2.jar:/home/user/.m2/repository/io/dropwizard/metrics/metrics-jvm/3.2.5/metrics-jvm-3.2.5.jar:/home/user/.m2/repository/io/dropwizard/metrics/metrics-ganglia/3.2.5/metrics-ganglia-3.2.5.jar:/home/user/.m2/repository/info/ganglia/gmetric4j/gmetric4j/1.0.7/gmetric4j-1.0.7.jar:/home/user/.m2/repository/org/apache/ratis/ratis-netty/0.5.0-201fc85-SNAPSHOT/ratis-netty-0.5.0-201fc85-SNAPSHOT.jar:/home/user/.m2/repository/org/apache/ratis/ratis-grpc/0.5.0-201fc85-SNAPSHOT/ratis-grpc-0.5.0-201fc85-SNAPSHOT.jar:/home/user/.m2/repository/org/rocksdb/rocksdbjni/6.0.1/rocksdbjni-6.0.1.jar:/home/user/.m2/repository/org/apache/logging/log4j/log4j-api/2.11.0/log4j-api-2.11.0.jar:/home/user/.m2/repository/org/apache/logging/log4j/log4j-core/2.11.0/log4j-core-2.11.0.jar:/home/user/.m2/repository/com/lmax/disruptor/3.4.2/disruptor-3.4.2.jar:/home/user/.m2/repository/org/apache/commons/commons-pool2/2.6.0/commons-pool2-2.6.0.jar:/home/user/.m2/repository/org/bouncycastle/bcpkix-jdk15on/1.60/bcpkix-jdk15on-1.60.jar:/home/user/.m2/repository/commons-validator/commons-validator/1.6/commons-validator-1.6.jar:/home/user/.m2/repository/commons-digester/commons-digester/1.8.1/commons-digester-1.8.1.jar:/home/user/.m2/repository/io/jaegertracing/jaeger-client/0.34.0/jaeger-client-0.34.0.jar:/home/user/.m2/repository/io/jaegertracing/jaeger-thrift/0.34.0/jaeger-thrift-0.34.0.jar:/home/user/.m2/repository/org/apache/thrift/libthrift/0.12.0/libthrift-0.12.0.jar:/home/user/.m2/repository/com/squareup/okhttp3/okhttp/3.9.0/okhttp-3.9.0.jar:/home/user/.m2/repository/com/squareup/okio/okio/1.13.0/okio-1.13.0.jar:/home/user/.m2/repository/io/jaegertracing/jaeger-core/0.34.0/jaeger-core-0.34.0.jar:/home/user/.m2/repository/io/jaegertracing/jaeger-tracerresolver/0.34.0/jaeger-tracerresolver-0.34.0.jar:/home/user/.m2/repository/io/opentracing/contrib/opentracing-tracerresolver/0.1.5/opentracing-tracerresolver-0.1.5.jar:/home/user/.m2/repository/io/opentracing/opentracing-util/0.31.0/opentracing-util-0.31.0.jar:/home/user/.m2/repository/io/opentracing/opentracing-api/0.31.0/opentracing-api-0.31.0.jar:/home/user/.m2/repository/io/opentracing/opentracing-noop/0.31.0/opentracing-noop-0.31.0.jar:/home/user/.m2/repository/org/apache/hadoop/hadoop-hdds-server-framework/0.5.0-SNAPSHOT/hadoop-hdds-server-framework-0.5.0-SNAPSHOT.jar:/home/user/.m2/repository/org/apache/hadoop/hadoop-hdds-container-service/0.5.0-SNAPSHOT/hadoop-hdds-container-service-0.5.0-SNAPSHOT.jar:/home/user/.m2/repository/org/apache/hadoop/hadoop-hdds-client/0.5.0-SNAPSHOT/hadoop-hdds-client-0.5.0-SNAPSHOT.jar:/home/user/.m2/repository/org/apache/hadoop/hadoop-hdds-tools/0.5.0-SNAPSHOT/hadoop-hdds-tools-0.5.0-SNAPSHOT.jar:/home/user/.m2/repository/org/apache/hadoop/hadoop-hdds-server-scm/0.5.0-SNAPSHOT/hadoop-hdds-server-scm-0.5.0-SNAPSHOT.jar:/home/user/.m2/repository/org/apache/hadoop/hadoop-hdds-docs/0.5.0-SNAPSHOT/hadoop-hdds-docs-0.5.0-SNAPSHOT.jar:/home/user/.m2/repository/io/dropwizard/metrics/metrics-core/3.2.4/metrics-core-3.2.4.jar:/home/user/.m2/repository/org/hamcrest/hamcrest-all/1.3/hamcrest-all-1.3.jar:/home/user/.m2/repository/org/bouncycastle/bcprov-jdk15on/1.60/bcprov-jdk15on-1.60.jar:/home/user/.m2/repository/info/picocli/picocli/3.9.6/picocli-3.9.6.jar:/home/user/.m2/repository/com/google/protobuf/protobuf-java/2.5.0/protobuf-java-2.5.0.jar:/home/user/.m2/repository/com/google/guava/guava/11.0.2/guava-11.0.2.jar:/home/user/.m2/repository/org/apache/hadoop/hadoop-ozone-ozone-manager/0.5.0-SNAPSHOT/hadoop-ozone-ozone-manager-0.5.0-SNAPSHOT.jar:/home/user/.m2/repository/org/apache/hadoop/hadoop-minikdc/3.2.0/hadoop-minikdc-3.2.0.jar:/home/user/.m2/repository/commons-io/commons-io/2.5/commons-io-2.5.jar:/home/user/.m2/repository/org/apache/kerby/kerb-simplekdc/1.0.1/kerb-simplekdc-1.0.1.jar:/home/user/.m2/repository/org/apache/kerby/kerb-client/1.0.1/kerb-client-1.0.1.jar:/home/user/.m2/repository/org/apache/kerby/kerby-config/1.0.1/kerby-config-1.0.1.jar:/home/user/.m2/repository/org/apache/kerby/kerb-core/1.0.1/kerb-core-1.0.1.jar:/home/user/.m2/repository/org/apache/kerby/kerby-pkix/1.0.1/kerby-pkix-1.0.1.jar:/home/user/.m2/repository/org/apache/kerby/kerby-asn1/1.0.1/kerby-asn1-1.0.1.jar:/home/user/.m2/repository/org/apache/kerby/kerby-util/1.0.1/kerby-util-1.0.1.jar:/home/user/.m2/repository/org/apache/kerby/kerb-common/1.0.1/kerb-common-1.0.1.jar:/home/user/.m2/repository/org/apache/kerby/kerb-crypto/1.0.1/kerb-crypto-1.0.1.jar:/home/user/.m2/repository/org/apache/kerby/kerb-util/1.0.1/kerb-util-1.0.1.jar:/home/user/.m2/repository/org/apache/kerby/token-provider/1.0.1/token-provider-1.0.1.jar:/home/user/.m2/repository/org/apache/kerby/kerb-admin/1.0.1/kerb-admin-1.0.1.jar:/home/user/.m2/repository/org/apache/kerby/kerb-server/1.0.1/kerb-server-1.0.1.jar:/home/user/.m2/repository/org/apache/kerby/kerb-identity/1.0.1/kerb-identity-1.0.1.jar:/home/user/.m2/repository/org/apache/kerby/kerby-xdr/1.0.1/kerby-xdr-1.0.1.jar:/home/user/.m2/repository/org/slf4j/slf4j-log4j12/1.7.25/slf4j-log4j12-1.7.25.jar:/home/user/.m2/repository/org/apache/hadoop/hadoop-ozone-s3gateway/0.5.0-SNAPSHOT/hadoop-ozone-s3gateway-0.5.0-SNAPSHOT.jar:/home/user/.m2/repository/org/jboss/weld/servlet/weld-servlet/2.4.7.Final/weld-servlet-2.4.7.Final.jar:/home/user/.m2/repository/org/glassfish/jersey/containers/jersey-container-servlet-core/2.27/jersey-container-servlet-core-2.27.jar:/home/user/.m2/repository/org/glassfish/hk2/external/javax.inject/2.5.0-b42/javax.inject-2.5.0-b42.jar:/home/user/.m2/repository/org/glassfish/jersey/core/jersey-common/2.27/jersey-common-2.27.jar:/home/user/.m2/repository/org/glassfish/hk2/osgi-resource-locator/1.0.1/osgi-resource-locator-1.0.1.jar:/home/user/.m2/repository/javax/ws/rs/javax.ws.rs-api/2.1/javax.ws.rs-api-2.1.jar:/home/user/.m2/repository/org/glassfish/jersey/ext/cdi/jersey-cdi1x/2.27/jersey-cdi1x-2.27.jar:/home/user/.m2/repository/org/glassfish/jersey/inject/jersey-hk2/2.27/jersey-hk2-2.27.jar:/home/user/.m2/repository/org/glassfish/hk2/hk2-locator/2.5.0-b42/hk2-locator-2.5.0-b42.jar:/home/user/.m2/repository/org/javassist/javassist/3.22.0-CR2/javassist-3.22.0-CR2.jar:/home/user/.m2/repository/org/glassfish/hk2/hk2-api/2.5.0/hk2-api-2.5.0.jar:/home/user/.m2/repository/org/glassfish/hk2/external/jakarta.inject/2.5.0/jakarta.inject-2.5.0.jar:/home/user/.m2/repository/org/glassfish/hk2/hk2-utils/2.5.0/hk2-utils-2.5.0.jar:/home/user/.m2/repository/jakarta/annotation/jakarta.annotation-api/1.3.4/jakarta.annotation-api-1.3.4.jar:/home/user/.m2/repository/org/glassfish/hk2/external/aopalliance-repackaged/2.5.0/aopalliance-repackaged-2.5.0.jar:/home/user/.m2/repository/com/fasterxml/jackson/dataformat/jackson-dataformat-xml/2.9.0/jackson-dataformat-xml-2.9.0.jar:/home/user/.m2/repository/com/fasterxml/jackson/core/jackson-core/2.9.9/jackson-core-2.9.9.jar:/home/user/.m2/repository/com/fasterxml/jackson/module/jackson-module-jaxb-annotations/2.9.9/jackson-module-jaxb-annotations-2.9.9.jar:/home/user/.m2/repository/javax/enterprise/cdi-api/1.2/cdi-api-1.2.jar:/home/user/.m2/repository/javax/el/javax.el-api/3.0.0/javax.el-api-3.0.0.jar:/home/user/.m2/repository/javax/interceptor/javax.interceptor-api/1.2/javax.interceptor-api-1.2.jar:/home/user/.m2/repository/javax/inject/javax.inject/1/javax.inject-1.jar:/home/user/.m2/repository/com/sun/xml/bind/jaxb-impl/2.3.0.1/jaxb-impl-2.3.0.1.jar:/home/user/.m2/repository/com/sun/xml/bind/jaxb-core/2.3.0.1/jaxb-core-2.3.0.1.jar:/home/user/.m2/repository/javax/xml/bind/jaxb-api/2.3.0/jaxb-api-2.3.0.jar:/home/user/.m2/repository/javax/activation/activation/1.1.1/activation-1.1.1.jar:/home/user/.m2/repository/org/apache/hadoop/hadoop-ozone-csi/0.5.0-SNAPSHOT/hadoop-ozone-csi-0.5.0-SNAPSHOT.jar:/home/user/.m2/repository/com/google/protobuf/protobuf-java-util/3.5.1/protobuf-java-util-3.5.1.jar:/home/user/.m2/repository/org/apache/hadoop/hadoop-hdds-config/0.5.0-SNAPSHOT/hadoop-hdds-config-0.5.0-SNAPSHOT.jar:/home/user/.m2/repository/io/grpc/grpc-netty/1.17.1/grpc-netty-1.17.1.jar:/home/user/.m2/repository/io/grpc/grpc-core/1.17.1/grpc-core-1.17.1.jar:/home/user/.m2/repository/io/grpc/grpc-context/1.17.1/grpc-context-1.17.1.jar:/home/user/.m2/repository/com/google/errorprone/error_prone_annotations/2.2.0/error_prone_annotations-2.2.0.jar:/home/user/.m2/repository/org/codehaus/mojo/animal-sniffer-annotations/1.17/animal-sniffer-annotations-1.17.jar:/home/user/.m2/repository/io/opencensus/opencensus-api/0.17.0/opencensus-api-0.17.0.jar:/home/user/.m2/repository/io/opencensus/opencensus-contrib-grpc-metrics/0.17.0/opencensus-contrib-grpc-metrics-0.17.0.jar:/home/user/.m2/repository/io/netty/netty-codec-http2/4.1.30.Final/netty-codec-http2-4.1.30.Final.jar:/home/user/.m2/repository/io/netty/netty-codec-http/4.1.30.Final/netty-codec-http-4.1.30.Final.jar:/home/user/.m2/repository/io/netty/netty-codec/4.1.30.Final/netty-codec-4.1.30.Final.jar:/home/user/.m2/repository/io/netty/netty-handler/4.1.30.Final/netty-handler-4.1.30.Final.jar:/home/user/.m2/repository/io/netty/netty-handler-proxy/4.1.30.Final/netty-handler-proxy-4.1.30.Final.jar:/home/user/.m2/repository/io/netty/netty-codec-socks/4.1.30.Final/netty-codec-socks-4.1.30.Final.jar:/home/user/.m2/repository/io/netty/netty-transport-native-epoll/4.1.30.Final/netty-transport-native-epoll-4.1.30.Final.jar:/home/user/.m2/repository/io/netty/netty-common/4.1.30.Final/netty-common-4.1.30.Final.jar:/home/user/.m2/repository/io/netty/netty-buffer/4.1.30.Final/netty-buffer-4.1.30.Final.jar:/home/user/.m2/repository/io/netty/netty-transport/4.1.30.Final/netty-transport-4.1.30.Final.jar:/home/user/.m2/repository/io/netty/netty-resolver/4.1.30.Final/netty-resolver-4.1.30.Final.jar:/home/user/.m2/repository/io/netty/netty-transport-native-unix-common/4.1.30.Final/netty-transport-native-unix-common-4.1.30.Final.jar:/home/user/.m2/repository/io/grpc/grpc-protobuf/1.17.1/grpc-protobuf-1.17.1.jar:/home/user/.m2/repository/com/google/api/grpc/proto-google-common-protos/1.0.0/proto-google-common-protos-1.0.0.jar:/home/user/.m2/repository/io/grpc/grpc-protobuf-lite/1.17.1/grpc-protobuf-lite-1.17.1.jar:/home/user/.m2/repository/io/grpc/grpc-stub/1.17.1/grpc-stub-1.17.1.jar:/home/user/.m2/repository/org/apache/hadoop/hadoop-ozone-recon/0.5.0-SNAPSHOT/hadoop-ozone-recon-0.5.0-SNAPSHOT.jar:/home/user/.m2/repository/org/apache/hadoop/hadoop-ozone-reconcodegen/0.5.0-SNAPSHOT/hadoop-ozone-reconcodegen-0.5.0-SNAPSHOT.jar:/home/user/.m2/repository/com/google/inject/extensions/guice-multibindings/4.0/guice-multibindings-4.0.jar:/home/user/.m2/repository/com/google/inject/guice/4.0/guice-4.0.jar:/home/user/.m2/repository/aopalliance/aopalliance/1.0/aopalliance-1.0.jar:/home/user/.m2/repository/com/google/inject/extensions/guice-servlet/4.0/guice-servlet-4.0.jar:/home/user/.m2/repository/org/glassfish/jersey/containers/jersey-container-servlet/2.27/jersey-container-servlet-2.27.jar:/home/user/.m2/repository/org/glassfish/hk2/guice-bridge/2.5.0/guice-bridge-2.5.0.jar:/home/user/.m2/repository/org/glassfish/jersey/core/jersey-server/2.27/jersey-server-2.27.jar:/home/user/.m2/repository/org/glassfish/jersey/core/jersey-client/2.27/jersey-client-2.27.jar:/home/user/.m2/repository/org/glassfish/jersey/media/jersey-media-jaxb/2.27/jersey-media-jaxb-2.27.jar:/home/user/.m2/repository/javax/validation/validation-api/1.1.0.Final/validation-api-1.1.0.Final.jar:/home/user/.m2/repository/org/glassfish/jersey/media/jersey-media-json-jackson/2.27/jersey-media-json-jackson-2.27.jar:/home/user/.m2/repository/org/glassfish/jersey/ext/jersey-entity-filtering/2.27/jersey-entity-filtering-2.27.jar:/home/user/.m2/repository/com/google/inject/extensions/guice-assistedinject/4.0/guice-assistedinject-4.0.jar:/home/user/.m2/repository/org/jooq/jooq/3.11.10/jooq-3.11.10.jar:/home/user/.m2/repository/org/jooq/jooq-meta/3.11.10/jooq-meta-3.11.10.jar:/home/user/.m2/repository/org/jooq/jooq-codegen/3.11.10/jooq-codegen-3.11.10.jar:/home/user/.m2/repository/com/jolbox/bonecp/0.8.0.RELEASE/bonecp-0.8.0.RELEASE.jar:/home/user/.m2/repository/org/xerial/sqlite-jdbc/3.25.2/sqlite-jdbc-3.25.2.jar:/home/user/.m2/repository/org/springframework/spring-jdbc/5.1.3.RELEASE/spring-jdbc-5.1.3.RELEASE.jar:/home/user/.m2/repository/org/springframework/spring-beans/5.1.3.RELEASE/spring-beans-5.1.3.RELEASE.jar:/home/user/.m2/repository/org/springframework/spring-core/5.1.3.RELEASE/spring-core-5.1.3.RELEASE.jar:/home/user/.m2/repository/org/springframework/spring-jcl/5.1.3.RELEASE/spring-jcl-5.1.3.RELEASE.jar:/home/user/.m2/repository/org/springframework/spring-tx/5.1.3.RELEASE/spring-tx-5.1.3.RELEASE.jar:/home/user/.m2/repository/org/apache/hadoop/hadoop-ozone-client/0.5.0-SNAPSHOT/hadoop-ozone-client-0.5.0-SNAPSHOT.jar:/home/user/.m2/repository/commons-lang/commons-lang/2.6/commons-lang-2.6.jar:/home/user/.m2/repository/org/apache/hadoop/hadoop-ozone-ozone-manager/0.5.0-SNAPSHOT/hadoop-ozone-ozone-manager-0.5.0-SNAPSHOT-tests.jar:/home/user/.m2/repository/junit/junit/4.11/junit-4.11.jar:/home/user/.m2/repository/org/hamcrest/hamcrest-core/1.3/hamcrest-core-1.3.jar:/home/user/.m2/repository/org/openjdk/jmh/jmh-core/1.19/jmh-core-1.19.jar:/home/user/.m2/repository/net/sf/jopt-simple/jopt-simple/4.6/jopt-simple-4.6.jar:/home/user/.m2/repository/org/apache/commons/commons-math3/3.1.1/commons-math3-3.1.1.jar:/home/user/.m2/repository/org/openjdk/jmh/jmh-generator-annprocess/1.19/jmh-generator-annprocess-1.19.jar:/home/user/.m2/repository/org/mockito/mockito-all/1.8.5/mockito-all-1.8.5.jar:/home/user/.m2/repository/org/apache/hadoop/hadoop-kms/3.2.0/hadoop-kms-3.2.0.jar:/home/user/.m2/repository/org/apache/hadoop/hadoop-auth/3.2.0/hadoop-auth-3.2.0.jar:/home/user/.m2/repository/com/nimbusds/nimbus-jose-jwt/4.41.1/nimbus-jose-jwt-4.41.1.jar:/home/user/.m2/repository/com/github/stephenc/jcip/jcip-annotations/1.0-1/jcip-annotations-1.0-1.jar:/home/user/.m2/repository/net/minidev/json-smart/2.3/json-smart-2.3.jar:/home/user/.m2/repository/net/minidev/accessors-smart/1.2/accessors-smart-1.2.jar:/home/user/.m2/repository/org/ow2/asm/asm/5.0.4/asm-5.0.4.jar:/home/user/.m2/repository/org/apache/curator/curator-framework/2.12.0/curator-framework-2.12.0.jar:/home/user/.m2/repository/com/sun/jersey/jersey-core/1.19/jersey-core-1.19.jar:/home/user/.m2/repository/javax/ws/rs/jsr311-api/1.1.1/jsr311-api-1.1.1.jar:/home/user/.m2/repository/com/sun/jersey/jersey-server/1.19/jersey-server-1.19.jar:/home/user/.m2/repository/javax/servlet/javax.servlet-api/3.1.0/javax.servlet-api-3.1.0.jar:/home/user/.m2/repository/org/eclipse/jetty/jetty-server/9.3.25.v20180904/jetty-server-9.3.25.v20180904.jar:/home/user/.m2/repository/org/eclipse/jetty/jetty-http/9.3.25.v20180904/jetty-http-9.3.25.v20180904.jar:/home/user/.m2/repository/org/eclipse/jetty/jetty-io/9.3.25.v20180904/jetty-io-9.3.25.v20180904.jar:/home/user/.m2/repository/org/eclipse/jetty/jetty-webapp/9.3.25.v20180904/jetty-webapp-9.3.25.v20180904.jar:/home/user/.m2/repository/org/eclipse/jetty/jetty-xml/9.3.25.v20180904/jetty-xml-9.3.25.v20180904.jar:/home/user/.m2/repository/log4j/log4j/1.2.17/log4j-1.2.17.jar:/home/user/.m2/repository/org/slf4j/slf4j-api/1.7.25/slf4j-api-1.7.25.jar:/home/user/.m2/repository/org/slf4j/jul-to-slf4j/1.7.25/jul-to-slf4j-1.7.25.jar:/home/user/.m2/repository/org/eclipse/jetty/jetty-util/9.3.25.v20180904/jetty-util-9.3.25.v20180904.jar:/home/user/.m2/repository/com/fasterxml/jackson/core/jackson-databind/2.9.9/jackson-databind-2.9.9.jar:/home/user/.m2/repository/org/apache/hadoop/hadoop-kms/3.2.0/hadoop-kms-3.2.0-tests.jar:/home/user/.m2/repository/org/apache/hadoop/hadoop-hdds-server-scm/0.5.0-SNAPSHOT/hadoop-hdds-server-scm-0.5.0-SNAPSHOT-tests.jar:/home/user/.m2/repository/org/apache/hadoop/hadoop-hdds-container-service/0.5.0-SNAPSHOT/hadoop-hdds-container-service-0.5.0-SNAPSHOT-tests.jar:/home/user/.m2/repository/org/yaml/snakeyaml/1.16/snakeyaml-1.16.jar:/home/user/.m2/repository/org/apache/hadoop/hadoop-common/3.2.0/hadoop-common-3.2.0-tests.jar:/home/user/.m2/repository/org/apache/hadoop/hadoop-annotations/3.2.0/hadoop-annotations-3.2.0.jar:/usr/lib/jvm/java-1.8.0-openjdk-1.8.0.222.b10-1.el7_7.x86_64/jre/../lib/tools.jar:/home/user/.m2/repository/commons-cli/commons-cli/1.2/commons-cli-1.2.jar:/home/user/.m2/repository/org/apache/httpcomponents/httpclient/4.5.2/httpclient-4.5.2.jar:/home/user/.m2/repository/org/apache/httpcomponents/httpcore/4.4.4/httpcore-4.4.4.jar:/home/user/.m2/repository/commons-codec/commons-codec/1.11/commons-codec-1.11.jar:/home/user/.m2/repository/commons-net/commons-net/3.6/commons-net-3.6.jar:/home/user/.m2/repository/commons-collections/commons-collections/3.2.2/commons-collections-3.2.2.jar:/home/user/.m2/repository/org/eclipse/jetty/jetty-servlet/9.3.25.v20180904/jetty-servlet-9.3.25.v20180904.jar:/home/user/.m2/repository/org/eclipse/jetty/jetty-security/9.3.25.v20180904/jetty-security-9.3.25.v20180904.jar:/home/user/.m2/repository/javax/servlet/jsp/jsp-api/2.1/jsp-api-2.1.jar:/home/user/.m2/repository/com/sun/jersey/jersey-servlet/1.19/jersey-servlet-1.19.jar:/home/user/.m2/repository/com/sun/jersey/jersey-json/1.19/jersey-json-1.19.jar:/home/user/.m2/repository/org/codehaus/jettison/jettison/1.1/jettison-1.1.jar:/home/user/.m2/repository/org/codehaus/jackson/jackson-core-asl/1.9.13/jackson-core-asl-1.9.13.jar:/home/user/.m2/repository/org/codehaus/jackson/jackson-mapper-asl/1.9.13/jackson-mapper-asl-1.9.13.jar:/home/user/.m2/repository/org/codehaus/jackson/jackson-jaxrs/1.9.13/jackson-jaxrs-1.9.13.jar:/home/user/.m2/repository/org/codehaus/jackson/jackson-xc/1.9.13/jackson-xc-1.9.13.jar:/home/user/.m2/repository/commons-logging/commons-logging/1.1.3/commons-logging-1.1.3.jar:/home/user/.m2/repository/commons-beanutils/commons-beanutils/1.9.4/commons-beanutils-1.9.4.jar:/home/user/.m2/repository/org/apache/commons/commons-configuration2/2.1.1/commons-configuration2-2.1.1.jar:/home/user/.m2/repository/org/apache/commons/commons-lang3/3.7/commons-lang3-3.7.jar:/home/user/.m2/repository/org/apache/commons/commons-text/1.4/commons-text-1.4.jar:/home/user/.m2/repository/org/apache/avro/avro/1.7.7/avro-1.7.7.jar:/home/user/.m2/repository/com/thoughtworks/paranamer/paranamer/2.3/paranamer-2.3.jar:/home/user/.m2/repository/org/xerial/snappy/snappy-java/1.0.5/snappy-java-1.0.5.jar:/home/user/.m2/repository/com/google/re2j/re2j/1.1/re2j-1.1.jar:/home/user/.m2/repository/com/google/code/gson/gson/2.2.4/gson-2.2.4.jar:/home/user/.m2/repository/com/jcraft/jsch/0.1.54/jsch-0.1.54.jar:/home/user/.m2/repository/org/apache/curator/curator-client/2.12.0/curator-client-2.12.0.jar:/home/user/.m2/repository/org/apache/curator/curator-recipes/2.12.0/curator-recipes-2.12.0.jar:/home/user/.m2/repository/com/google/code/findbugs/jsr305/3.0.0/jsr305-3.0.0.jar:/home/user/.m2/repository/org/apache/htrace/htrace-core4/4.1.0-incubating/htrace-core4-4.1.0-incubating.jar:/home/user/.m2/repository/org/apache/zookeeper/zookeeper/3.4.13/zookeeper-3.4.13.jar:/home/user/.m2/repository/jline/jline/0.9.94/jline-0.9.94.jar:/home/user/.m2/repository/org/apache/yetus/audience-annotations/0.5.0/audience-annotations-0.5.0.jar:/home/user/.m2/repository/org/codehaus/woodstox/stax2-api/3.1.4/stax2-api-3.1.4.jar:/home/user/.m2/repository/com/fasterxml/woodstox/woodstox-core/5.0.3/woodstox-core-5.0.3.jar:/home/user/.m2/repository/dnsjava/dnsjava/2.1.7/dnsjava-2.1.7.jar:/home/user/.m2/repository/org/apache/hadoop/hadoop-hdfs/3.2.0/hadoop-hdfs-3.2.0-tests.jar:/home/user/.m2/repository/org/eclipse/jetty/jetty-util-ajax/9.3.25.v20180904/jetty-util-ajax-9.3.25.v20180904.jar:/home/user/.m2/repository/commons-daemon/commons-daemon/1.0.13/commons-daemon-1.0.13.jar:/home/user/.m2/repository/io/netty/netty/3.10.5.Final/netty-3.10.5.Final.jar:/home/user/.m2/repository/io/netty/netty-all/4.0.52.Final/netty-all-4.0.52.Final.jar:/home/user/.m2/repository/org/fusesource/leveldbjni/leveldbjni-all/1.8/leveldbjni-all-1.8.jar:"/>
    <property name="sun.cpu.endian" value="little"/>
    <property name="user.home" value="/home/user"/>
    <property name="user.language" value="en"/>
    <property name="java.specification.vendor" value="Oracle Corporation"/>
    <property name="java.home" value="/usr/lib/jvm/java-1.8.0-openjdk-1.8.0.222.b10-1.el7_7.x86_64/jre"/>
    <property name="surefire.excludesFile" value="/tools/ozone-bad-unit-tests"/>
    <property name="java.security.krb5.conf" value="/workdir/hadoop-ozone/integration-test/target/test-classes/krb5.conf"/>
    <property name="basedir" value="/workdir/hadoop-ozone/integration-test"/>
    <property name="file.separator" value="/"/>
    <property name="line.separator" value="&#10;"/>
    <property name="java.vm.specification.vendor" value="Oracle Corporation"/>
    <property name="java.specification.name" value="Java Platform API Specification"/>
    <property name="java.awt.graphicsenv" value="sun.awt.X11GraphicsEnvironment"/>
    <property name="surefire.real.class.path" value="/workdir/hadoop-ozone/integration-test/target/surefire/surefirebooter7169356213369938937.jar"/>
    <property name="hadoop.log.dir" value="/workdir/hadoop-ozone/integration-test/target/log"/>
    <property name="sun.boot.class.path" value="/usr/lib/jvm/java-1.8.0-openjdk-1.8.0.222.b10-1.el7_7.x86_64/jre/lib/resources.jar:/usr/lib/jvm/java-1.8.0-openjdk-1.8.0.222.b10-1.el7_7.x86_64/jre/lib/rt.jar:/usr/lib/jvm/java-1.8.0-openjdk-1.8.0.222.b10-1.el7_7.x86_64/jre/lib/sunrsasign.jar:/usr/lib/jvm/java-1.8.0-openjdk-1.8.0.222.b10-1.el7_7.x86_64/jre/lib/jsse.jar:/usr/lib/jvm/java-1.8.0-openjdk-1.8.0.222.b10-1.el7_7.x86_64/jre/lib/jce.jar:/usr/lib/jvm/java-1.8.0-openjdk-1.8.0.222.b10-1.el7_7.x86_64/jre/lib/charsets.jar:/usr/lib/jvm/java-1.8.0-openjdk-1.8.0.222.b10-1.el7_7.x86_64/jre/lib/jfr.jar:/usr/lib/jvm/java-1.8.0-openjdk-1.8.0.222.b10-1.el7_7.x86_64/jre/classes"/>
    <property name="sun.management.compiler" value="HotSpot 64-Bit Tiered Compilers"/>
    <property name="java.runtime.version" value="1.8.0_222-b10"/>
    <property name="java.net.preferIPv4Stack" value="true"/>
    <property name="user.name" value="jenkins1000"/>
    <property name="path.separator" value=":"/>
    <property name="java.security.egd" value="file:///dev/urandom"/>
    <property name="os.version" value="3.10.0-957.12.2.el7.x86_64"/>
    <property name="java.endorsed.dirs" value="/usr/lib/jvm/java-1.8.0-openjdk-1.8.0.222.b10-1.el7_7.x86_64/jre/lib/endorsed"/>
    <property name="java.runtime.name" value="OpenJDK Runtime Environment"/>
    <property name="file.encoding" value="ANSI_X3.4-1968"/>
    <property name="java.vm.name" value="OpenJDK 64-Bit Server VM"/>
    <property name="test.build.webapps" value=""/>
    <property name="localRepository" value="/home/user/.m2/repository"/>
    <property name="java.vendor.url.bug" value="http://bugreport.sun.com/bugreport/"/>
    <property name="java.io.tmpdir" value="/tmp"/>
    <property name="require.test.libhadoop" value=""/>
    <property name="java.version" value="1.8.0_222"/>
    <property name="user.dir" value="/workdir/hadoop-ozone/integration-test"/>
    <property name="os.arch" value="amd64"/>
    <property name="java.vm.specification.name" value="Java Virtual Machine Specification"/>
    <property name="test.build.classes" value="/workdir/hadoop-ozone/integration-test/target/test-classes"/>
    <property name="java.awt.printerjob" value="sun.print.PSPrinterJob"/>
    <property name="sun.os.patch.level" value="unknown"/>
    <property name="hadoop.tmp.dir" value="/workdir/hadoop-ozone/integration-test/target/tmp"/>
    <property name="java.library.path" value="/usr/lib:/workdir/hadoop-ozone/integration-test/target/native/target/usr/local/lib:/workdir/hadoop-ozone/integration-test/../../hadoop-common-project/hadoop-common/target/native/target/usr/local/lib:/usr/java/packages/lib/amd64:/usr/lib64:/lib64:/lib:/usr/lib"/>
    <property name="java.vm.info" value="mixed mode"/>
    <property name="java.vendor" value="Oracle Corporation"/>
    <property name="java.vm.version" value="25.222-b10"/>
    <property name="java.ext.dirs" value="/usr/lib/jvm/java-1.8.0-openjdk-1.8.0.222.b10-1.el7_7.x86_64/jre/lib/ext:/usr/java/packages/lib/ext"/>
    <property name="sun.io.unicode.encoding" value="UnicodeLittle"/>
    <property name="java.class.version" value="52.0"/>
  </properties>
  <testcase name="testAutomaticPipelineCreationOnPipelineDestroy" classname="org.apache.hadoop.hdds.scm.pipeline.TestRatisPipelineCreateAndDestroy" time="26.903"/>
  <testcase name="testPipelineCreationOnNodeRestart" classname="org.apache.hadoop.hdds.scm.pipeline.TestRatisPipelineCreateAndDestroy" time="22.279">
    <failure message="expected:&lt;FAILED_TO_FIND_SUITABLE_NODE&gt; but was:&lt;FAILED_TO_FIND_HEALTHY_NODES&gt;" type="java.lang.AssertionError"><![CDATA[java.lang.AssertionError: expected:<FAILED_TO_FIND_SUITABLE_NODE> but was:<FAILED_TO_FIND_HEALTHY_NODES>
	at org.junit.Assert.fail(Assert.java:88)
	at org.junit.Assert.failNotEquals(Assert.java:743)
	at org.junit.Assert.assertEquals(Assert.java:118)
	at org.junit.Assert.assertEquals(Assert.java:144)
	at org.apache.hadoop.hdds.scm.pipeline.TestRatisPipelineCreateAndDestroy.testPipelineCreationOnNodeRestart(TestRatisPipelineCreateAndDestroy.java:112)
	at sun.reflect.NativeMethodAccessorImpl.invoke0(Native Method)
	at sun.reflect.NativeMethodAccessorImpl.invoke(NativeMethodAccessorImpl.java:62)
	at sun.reflect.DelegatingMethodAccessorImpl.invoke(DelegatingMethodAccessorImpl.java:43)
	at java.lang.reflect.Method.invoke(Method.java:498)
	at org.junit.runners.model.FrameworkMethod$1.runReflectiveCall(FrameworkMethod.java:47)
	at org.junit.internal.runners.model.ReflectiveCallable.run(ReflectiveCallable.java:12)
	at org.junit.runners.model.FrameworkMethod.invokeExplosively(FrameworkMethod.java:44)
	at org.junit.internal.runners.statements.InvokeMethod.evaluate(InvokeMethod.java:17)
	at org.junit.internal.runners.statements.FailOnTimeout$StatementThread.run(FailOnTimeout.java:74)
]]></failure>
    <system-out><![CDATA[2019-10-24 04:22:24,778 [Thread-328] WARN  server.ServerUtils (ServerUtils.java:getScmDbDir(145)) - ozone.scm.db.dirs is not configured. We recommend adding this setting. Falling back to ozone.metadata.dirs instead.
2019-10-24 04:22:24,794 [Thread-328] WARN  server.ServerUtils (ServerUtils.java:getScmDbDir(145)) - ozone.scm.db.dirs is not configured. We recommend adding this setting. Falling back to ozone.metadata.dirs instead.
2019-10-24 04:22:24,794 [Thread-328] WARN  server.ServerUtils (ServerUtils.java:getScmDbDir(145)) - ozone.scm.db.dirs is not configured. We recommend adding this setting. Falling back to ozone.metadata.dirs instead.
2019-10-24 04:22:24,795 [Thread-328] INFO  db.DBStoreBuilder (DBStoreBuilder.java:addTable(117)) - using custom profile for table: deletedBlocks
2019-10-24 04:22:24,795 [Thread-328] INFO  db.DBStoreBuilder (DBStoreBuilder.java:processTables(168)) - Using default column profile:DBProfile.DISK for Table:deletedBlocks
2019-10-24 04:22:24,795 [Thread-328] INFO  db.DBStoreBuilder (DBStoreBuilder.java:addTable(117)) - using custom profile for table: validCerts
2019-10-24 04:22:24,795 [Thread-328] INFO  db.DBStoreBuilder (DBStoreBuilder.java:processTables(168)) - Using default column profile:DBProfile.DISK for Table:validCerts
2019-10-24 04:22:24,796 [Thread-328] INFO  db.DBStoreBuilder (DBStoreBuilder.java:addTable(117)) - using custom profile for table: revokedCerts
2019-10-24 04:22:24,796 [Thread-328] INFO  db.DBStoreBuilder (DBStoreBuilder.java:processTables(168)) - Using default column profile:DBProfile.DISK for Table:revokedCerts
2019-10-24 04:22:24,796 [Thread-328] INFO  db.DBStoreBuilder (DBStoreBuilder.java:addTable(117)) - using custom profile for table: default
2019-10-24 04:22:24,796 [Thread-328] INFO  db.DBStoreBuilder (DBStoreBuilder.java:processTables(174)) - Using default column profile:DBProfile.DISK for Table:default
2019-10-24 04:22:24,796 [Thread-328] INFO  db.DBStoreBuilder (DBStoreBuilder.java:getDbProfile(205)) - Using default options. DBProfile.DISK
2019-10-24 04:22:24,948 [Thread-328] INFO  net.NodeSchemaLoader (NodeSchemaLoader.java:loadSchemaFromFile(125)) - Loading file from sun.misc.CompoundEnumeration@12e0f48c
2019-10-24 04:22:24,948 [Thread-328] INFO  net.NodeSchemaLoader (NodeSchemaLoader.java:loadSchema(171)) - Loading network topology layer schema file
2019-10-24 04:22:24,955 [Thread-328] WARN  server.ServerUtils (ServerUtils.java:sanitizeUserArgs(64)) - ozone.scm.stale.node.interval value = 5000 is smaller than min = 6000 based on the key value of hdds.heartbeat.interval, reset to the min value 6000.
2019-10-24 04:22:24,955 [Thread-328] WARN  server.ServerUtils (ServerUtils.java:sanitizeUserArgs(64)) - ozone.scm.stale.node.interval value = 5000 is smaller than min = 6000 based on the key value of hdds.heartbeat.interval, reset to the min value 6000.
2019-10-24 04:22:24,955 [Thread-328] INFO  node.SCMNodeManager (SCMNodeManager.java:<init>(116)) - Entering startup safe mode.
2019-10-24 04:22:24,956 [Thread-328] INFO  algorithms.ContainerPlacementPolicyFactory (ContainerPlacementPolicyFactory.java:getPolicy(59)) - Create container placement policy of type org.apache.hadoop.hdds.scm.container.placement.algorithms.SCMContainerPlacementRandom
2019-10-24 04:22:24,957 [Thread-328] WARN  server.ServerUtils (ServerUtils.java:getScmDbDir(145)) - ozone.scm.db.dirs is not configured. We recommend adding this setting. Falling back to ozone.metadata.dirs instead.
2019-10-24 04:22:24,978 [Thread-328] INFO  pipeline.SCMPipelineManager (SCMPipelineManager.java:initializePipelineState(129)) - No pipeline exists in current db
2019-10-24 04:22:24,979 [Thread-328] WARN  server.ServerUtils (ServerUtils.java:getScmDbDir(145)) - ozone.scm.db.dirs is not configured. We recommend adding this setting. Falling back to ozone.metadata.dirs instead.
2019-10-24 04:22:25,004 [Thread-328] WARN  events.EventQueue (EventQueue.java:fireEvent(183)) - No event handler registered for event TypedEvent{payloadType=SafeModeStatus, name='SafeModeStatus'}
2019-10-24 04:22:25,006 [Thread-328] INFO  ipc.CallQueueManager (CallQueueManager.java:<init>(84)) - Using callQueue: class java.util.concurrent.LinkedBlockingQueue, queueCapacity: 2000, scheduler: class org.apache.hadoop.ipc.DefaultRpcScheduler, ipcBackoff: false.
2019-10-24 04:22:25,007 [Socket Reader #1 for port 43925] INFO  ipc.Server (Server.java:run(1074)) - Starting Socket Reader #1 for port 43925
2019-10-24 04:22:25,010 [Thread-328] INFO  ipc.CallQueueManager (CallQueueManager.java:<init>(84)) - Using callQueue: class java.util.concurrent.LinkedBlockingQueue, queueCapacity: 2000, scheduler: class org.apache.hadoop.ipc.DefaultRpcScheduler, ipcBackoff: false.
2019-10-24 04:22:25,011 [Socket Reader #1 for port 45395] INFO  ipc.Server (Server.java:run(1074)) - Starting Socket Reader #1 for port 45395
2019-10-24 04:22:25,012 [Thread-328] INFO  ipc.CallQueueManager (CallQueueManager.java:<init>(84)) - Using callQueue: class java.util.concurrent.LinkedBlockingQueue, queueCapacity: 2000, scheduler: class org.apache.hadoop.ipc.DefaultRpcScheduler, ipcBackoff: false.
2019-10-24 04:22:25,013 [Socket Reader #1 for port 37975] INFO  ipc.Server (Server.java:run(1074)) - Starting Socket Reader #1 for port 37975
2019-10-24 04:22:25,016 [Thread-328] INFO  hdfs.DFSUtil (DFSUtil.java:httpServerTemplateForNNAndJN(1641)) - Starting Web-server for scm at: http://0.0.0.0:0
2019-10-24 04:22:25,019 [Thread-328] INFO  server.AuthenticationFilter (AuthenticationFilter.java:constructSecretProvider(240)) - Unable to initialize FileSignerSecretProvider, falling back to use random secrets.
2019-10-24 04:22:25,021 [Thread-328] WARN  http.HttpRequestLog (HttpRequestLog.java:getRequestLog(97)) - Jetty request log can only be enabled using Log4j
2019-10-24 04:22:25,023 [Thread-328] INFO  http.HttpServer2 (HttpServer2.java:addGlobalFilter(975)) - Added global filter 'safety' (class=org.apache.hadoop.http.HttpServer2$QuotingInputFilter)
2019-10-24 04:22:25,024 [Thread-328] INFO  http.HttpServer2 (HttpServer2.java:addFilter(948)) - Added filter static_user_filter (class=org.apache.hadoop.http.lib.StaticUserWebFilter$StaticUserFilter) to context scm
2019-10-24 04:22:25,025 [Thread-328] INFO  http.HttpServer2 (HttpServer2.java:addFilter(958)) - Added filter static_user_filter (class=org.apache.hadoop.http.lib.StaticUserWebFilter$StaticUserFilter) to context logs
2019-10-24 04:22:25,025 [Thread-328] INFO  http.HttpServer2 (HttpServer2.java:addFilter(958)) - Added filter static_user_filter (class=org.apache.hadoop.http.lib.StaticUserWebFilter$StaticUserFilter) to context static
2019-10-24 04:22:25,029 [Thread-328] INFO  server.StorageContainerManager (StorageContainerManager.java:start(772)) - StorageContainerLocationProtocol RPC server is listening at /0.0.0.0:37975
2019-10-24 04:22:25,031 [Thread-328] WARN  impl.MetricsConfig (MetricsConfig.java:loadFirst(134)) - Cannot locate configuration: tried hadoop-metrics2-storagecontainermanager.properties,hadoop-metrics2.properties
2019-10-24 04:22:25,033 [Thread-328] INFO  impl.MetricsSystemImpl (MetricsSystemImpl.java:startTimer(374)) - Scheduled Metric snapshot period at 10 second(s).
2019-10-24 04:22:25,033 [Thread-328] INFO  impl.MetricsSystemImpl (MetricsSystemImpl.java:start(191)) - StorageContainerManager metrics system started
2019-10-24 04:22:25,087 [Thread-328] WARN  impl.MetricsSystemImpl (MetricsSystemImpl.java:register(276)) - Sink prometheus already exists!
2019-10-24 04:22:25,093 [Thread-328] INFO  server.SCMClientProtocolServer (SCMClientProtocolServer.java:start(159)) - RPC server for Client  is listening at /0.0.0.0:37975
2019-10-24 04:22:25,093 [IPC Server Responder] INFO  ipc.Server (Server.java:run(1314)) - IPC Server Responder: starting
2019-10-24 04:22:25,093 [IPC Server listener on 37975] INFO  ipc.Server (Server.java:run(1153)) - IPC Server listener on 37975: starting
2019-10-24 04:22:25,098 [Thread-328] INFO  server.StorageContainerManager (StorageContainerManager.java:start(782)) - ScmBlockLocationProtocol RPC server is listening at /0.0.0.0:45395
2019-10-24 04:22:25,098 [Thread-328] INFO  server.SCMBlockProtocolServer (SCMBlockProtocolServer.java:start(146)) - RPC server for Block Protocol is listening at /0.0.0.0:45395
2019-10-24 04:22:25,098 [IPC Server Responder] INFO  ipc.Server (Server.java:run(1314)) - IPC Server Responder: starting
2019-10-24 04:22:25,098 [IPC Server listener on 45395] INFO  ipc.Server (Server.java:run(1153)) - IPC Server listener on 45395: starting
2019-10-24 04:22:25,102 [Thread-328] INFO  server.StorageContainerManager (StorageContainerManager.java:start(786)) - ScmDatanodeProtocl RPC server is listening at /0.0.0.0:43925
2019-10-24 04:22:25,102 [Thread-328] INFO  server.SCMDatanodeProtocolServer (SCMDatanodeProtocolServer.java:start(169)) - RPC server for DataNodes is listening at /0.0.0.0:43925
2019-10-24 04:22:25,102 [IPC Server Responder] INFO  ipc.Server (Server.java:run(1314)) - IPC Server Responder: starting
2019-10-24 04:22:25,102 [IPC Server listener on 43925] INFO  ipc.Server (Server.java:run(1153)) - IPC Server listener on 43925: starting
2019-10-24 04:22:25,106 [Thread-328] INFO  http.HttpServer2 (HttpServer2.java:bindListener(1191)) - Jetty bound to port 41597
2019-10-24 04:22:25,106 [Thread-328] INFO  server.Server (Server.java:doStart(351)) - jetty-9.3.25.v20180904, build timestamp: 2018-09-04T21:11:46Z, git hash: 3ce520221d0240229c862b122d2b06c12a625732
2019-10-24 04:22:25,108 [Thread-328] INFO  handler.ContextHandler (ContextHandler.java:doStart(781)) - Started o.e.j.s.ServletContextHandler@509dbee6{/logs,file:///workdir/hadoop-ozone/integration-test/target/log,AVAILABLE}
2019-10-24 04:22:25,109 [Thread-328] INFO  handler.ContextHandler (ContextHandler.java:doStart(781)) - Started o.e.j.s.ServletContextHandler@14cceb62{/static,file:///workdir/hadoop-ozone/integration-test/target/test-classes/webapps/static,AVAILABLE}
2019-10-24 04:22:25,114 [Thread-328] INFO  handler.ContextHandler (ContextHandler.java:doStart(781)) - Started o.e.j.w.WebAppContext@bf54211{/,file:///workdir/hadoop-ozone/integration-test/target/test-classes/webapps/scm/,AVAILABLE}{/scm}
2019-10-24 04:22:25,114 [Thread-328] INFO  server.AbstractConnector (AbstractConnector.java:doStart(278)) - Started ServerConnector@40761ba9{HTTP/1.1,[http/1.1]}{0.0.0.0:41597}
2019-10-24 04:22:25,114 [Thread-328] INFO  server.Server (Server.java:doStart(419)) - Started @27809ms
2019-10-24 04:22:25,115 [Thread-328] WARN  impl.MetricsSystemImpl (MetricsSystemImpl.java:register(276)) - Sink prometheus already exists!
2019-10-24 04:22:25,116 [Thread-328] INFO  server.BaseHttpServer (BaseHttpServer.java:updateConnectorAddress(215)) - HTTP server of SCM is listening at http://0.0.0.0:41597
2019-10-24 04:22:25,116 [Thread-328] WARN  server.ServerUtils (ServerUtils.java:getDBPath(222)) - ozone.om.db.dirs is not configured. We recommend adding this setting. Falling back to ozone.metadata.dirs instead.
2019-10-24 04:22:25,116 [org.apache.hadoop.util.JvmPauseMonitor$Monitor@4c037658] INFO  util.JvmPauseMonitor (JvmPauseMonitor.java:run(188)) - Starting JVM pause monitor
2019-10-24 04:22:25,132 [Thread-328] INFO  ha.OMHANodeDetails (OMHANodeDetails.java:loadOMHAConfig(190)) - Configuration either no ozone.om.address set. Falling back to the default OM address /127.0.0.1:0
2019-10-24 04:22:25,132 [Thread-328] INFO  ha.OMHANodeDetails (OMHANodeDetails.java:getOMNodeDetails(220)) - OM Service ID is not set. Setting it to the default ID: omServiceIdDefault
2019-10-24 04:22:25,132 [Thread-328] WARN  server.ServerUtils (ServerUtils.java:getDBPath(222)) - ozone.om.db.dirs is not configured. We recommend adding this setting. Falling back to ozone.metadata.dirs instead.
2019-10-24 04:22:25,132 [Thread-328] WARN  server.ServerUtils (ServerUtils.java:getDBPath(222)) - ozone.om.db.dirs is not configured. We recommend adding this setting. Falling back to ozone.metadata.dirs instead.
2019-10-24 04:22:25,144 [Thread-328] WARN  server.ServerUtils (ServerUtils.java:getDBPath(222)) - ozone.om.db.dirs is not configured. We recommend adding this setting. Falling back to ozone.metadata.dirs instead.
2019-10-24 04:22:25,144 [Thread-328] INFO  db.DBStoreBuilder (DBStoreBuilder.java:addTable(117)) - using custom profile for table: userTable
2019-10-24 04:22:25,145 [Thread-328] INFO  db.DBStoreBuilder (DBStoreBuilder.java:processTables(168)) - Using default column profile:DBProfile.DISK for Table:userTable
2019-10-24 04:22:25,145 [Thread-328] INFO  db.DBStoreBuilder (DBStoreBuilder.java:addTable(117)) - using custom profile for table: volumeTable
2019-10-24 04:22:25,145 [Thread-328] INFO  db.DBStoreBuilder (DBStoreBuilder.java:processTables(168)) - Using default column profile:DBProfile.DISK for Table:volumeTable
2019-10-24 04:22:25,145 [Thread-328] INFO  db.DBStoreBuilder (DBStoreBuilder.java:addTable(117)) - using custom profile for table: bucketTable
2019-10-24 04:22:25,145 [Thread-328] INFO  db.DBStoreBuilder (DBStoreBuilder.java:processTables(168)) - Using default column profile:DBProfile.DISK for Table:bucketTable
2019-10-24 04:22:25,145 [Thread-328] INFO  db.DBStoreBuilder (DBStoreBuilder.java:addTable(117)) - using custom profile for table: keyTable
2019-10-24 04:22:25,145 [Thread-328] INFO  db.DBStoreBuilder (DBStoreBuilder.java:processTables(168)) - Using default column profile:DBProfile.DISK for Table:keyTable
2019-10-24 04:22:25,146 [Thread-328] INFO  db.DBStoreBuilder (DBStoreBuilder.java:addTable(117)) - using custom profile for table: deletedTable
2019-10-24 04:22:25,146 [Thread-328] INFO  db.DBStoreBuilder (DBStoreBuilder.java:processTables(168)) - Using default column profile:DBProfile.DISK for Table:deletedTable
2019-10-24 04:22:25,146 [Thread-328] INFO  db.DBStoreBuilder (DBStoreBuilder.java:addTable(117)) - using custom profile for table: openKeyTable
2019-10-24 04:22:25,146 [Thread-328] INFO  db.DBStoreBuilder (DBStoreBuilder.java:processTables(168)) - Using default column profile:DBProfile.DISK for Table:openKeyTable
2019-10-24 04:22:25,146 [Thread-328] INFO  db.DBStoreBuilder (DBStoreBuilder.java:addTable(117)) - using custom profile for table: s3Table
2019-10-24 04:22:25,146 [Thread-328] INFO  db.DBStoreBuilder (DBStoreBuilder.java:processTables(168)) - Using default column profile:DBProfile.DISK for Table:s3Table
2019-10-24 04:22:25,146 [Thread-328] INFO  db.DBStoreBuilder (DBStoreBuilder.java:addTable(117)) - using custom profile for table: multipartInfoTable
2019-10-24 04:22:25,147 [Thread-328] INFO  db.DBStoreBuilder (DBStoreBuilder.java:processTables(168)) - Using default column profile:DBProfile.DISK for Table:multipartInfoTable
2019-10-24 04:22:25,147 [Thread-328] INFO  db.DBStoreBuilder (DBStoreBuilder.java:addTable(117)) - using custom profile for table: dTokenTable
2019-10-24 04:22:25,147 [Thread-328] INFO  db.DBStoreBuilder (DBStoreBuilder.java:processTables(168)) - Using default column profile:DBProfile.DISK for Table:dTokenTable
2019-10-24 04:22:25,147 [Thread-328] INFO  db.DBStoreBuilder (DBStoreBuilder.java:addTable(117)) - using custom profile for table: s3SecretTable
2019-10-24 04:22:25,147 [Thread-328] INFO  db.DBStoreBuilder (DBStoreBuilder.java:processTables(168)) - Using default column profile:DBProfile.DISK for Table:s3SecretTable
2019-10-24 04:22:25,147 [Thread-328] INFO  db.DBStoreBuilder (DBStoreBuilder.java:addTable(117)) - using custom profile for table: prefixTable
2019-10-24 04:22:25,147 [Thread-328] INFO  db.DBStoreBuilder (DBStoreBuilder.java:processTables(168)) - Using default column profile:DBProfile.DISK for Table:prefixTable
2019-10-24 04:22:25,148 [Thread-328] INFO  db.DBStoreBuilder (DBStoreBuilder.java:addTable(117)) - using custom profile for table: default
2019-10-24 04:22:25,148 [Thread-328] INFO  db.DBStoreBuilder (DBStoreBuilder.java:processTables(174)) - Using default column profile:DBProfile.DISK for Table:default
2019-10-24 04:22:25,148 [Thread-328] INFO  db.DBStoreBuilder (DBStoreBuilder.java:getDbProfile(205)) - Using default options. DBProfile.DISK
2019-10-24 04:22:25,526 [Thread-328] INFO  ipc.CallQueueManager (CallQueueManager.java:<init>(84)) - Using callQueue: class java.util.concurrent.LinkedBlockingQueue, queueCapacity: 2000, scheduler: class org.apache.hadoop.ipc.DefaultRpcScheduler, ipcBackoff: false.
2019-10-24 04:22:25,527 [Socket Reader #1 for port 43436] INFO  ipc.Server (Server.java:run(1074)) - Starting Socket Reader #1 for port 43436
2019-10-24 04:22:25,545 [Thread-328] INFO  om.OzoneManager (OzoneManager.java:start(1071)) - OzoneManager RPC server is listening at localhost/127.0.0.1:43436
2019-10-24 04:22:25,545 [Thread-328] INFO  impl.MetricsSystemImpl (MetricsSystemImpl.java:init(158)) - OzoneManager metrics system started (again)
2019-10-24 04:22:25,547 [IPC Server Responder] INFO  ipc.Server (Server.java:run(1314)) - IPC Server Responder: starting
2019-10-24 04:22:25,547 [IPC Server listener on 43436] INFO  ipc.Server (Server.java:run(1153)) - IPC Server listener on 43436: starting
2019-10-24 04:22:25,553 [Thread-328] INFO  hdfs.DFSUtil (DFSUtil.java:httpServerTemplateForNNAndJN(1641)) - Starting Web-server for ozoneManager at: http://0.0.0.0:0
2019-10-24 04:22:25,555 [Thread-328] INFO  server.AuthenticationFilter (AuthenticationFilter.java:constructSecretProvider(240)) - Unable to initialize FileSignerSecretProvider, falling back to use random secrets.
2019-10-24 04:22:25,555 [Thread-328] WARN  http.HttpRequestLog (HttpRequestLog.java:getRequestLog(97)) - Jetty request log can only be enabled using Log4j
2019-10-24 04:22:25,557 [Thread-328] INFO  http.HttpServer2 (HttpServer2.java:addGlobalFilter(975)) - Added global filter 'safety' (class=org.apache.hadoop.http.HttpServer2$QuotingInputFilter)
2019-10-24 04:22:25,558 [Thread-328] INFO  http.HttpServer2 (HttpServer2.java:addFilter(948)) - Added filter static_user_filter (class=org.apache.hadoop.http.lib.StaticUserWebFilter$StaticUserFilter) to context ozoneManager
2019-10-24 04:22:25,558 [Thread-328] INFO  http.HttpServer2 (HttpServer2.java:addFilter(958)) - Added filter static_user_filter (class=org.apache.hadoop.http.lib.StaticUserWebFilter$StaticUserFilter) to context static
2019-10-24 04:22:25,558 [Thread-328] INFO  http.HttpServer2 (HttpServer2.java:addFilter(958)) - Added filter static_user_filter (class=org.apache.hadoop.http.lib.StaticUserWebFilter$StaticUserFilter) to context logs
2019-10-24 04:22:25,559 [Thread-328] INFO  http.HttpServer2 (HttpServer2.java:bindListener(1191)) - Jetty bound to port 41226
2019-10-24 04:22:25,559 [Thread-328] INFO  server.Server (Server.java:doStart(351)) - jetty-9.3.25.v20180904, build timestamp: 2018-09-04T21:11:46Z, git hash: 3ce520221d0240229c862b122d2b06c12a625732
2019-10-24 04:22:25,562 [Thread-328] INFO  handler.ContextHandler (ContextHandler.java:doStart(781)) - Started o.e.j.s.ServletContextHandler@5ff9cd56{/logs,file:///workdir/hadoop-ozone/integration-test/target/log,AVAILABLE}
2019-10-24 04:22:25,562 [Thread-328] INFO  handler.ContextHandler (ContextHandler.java:doStart(781)) - Started o.e.j.s.ServletContextHandler@2d6cb465{/static,file:///workdir/hadoop-ozone/integration-test/target/test-classes/webapps/static,AVAILABLE}
2019-10-24 04:22:25,568 [Thread-328] INFO  handler.ContextHandler (ContextHandler.java:doStart(781)) - Started o.e.j.w.WebAppContext@39183178{/,file:///workdir/hadoop-ozone/integration-test/target/test-classes/webapps/ozoneManager/,AVAILABLE}{/ozoneManager}
2019-10-24 04:22:25,568 [Thread-328] INFO  server.AbstractConnector (AbstractConnector.java:doStart(278)) - Started ServerConnector@4f19b650{HTTP/1.1,[http/1.1]}{0.0.0.0:41226}
2019-10-24 04:22:25,569 [Thread-328] INFO  server.Server (Server.java:doStart(419)) - Started @28263ms
2019-10-24 04:22:25,569 [Thread-328] WARN  impl.MetricsSystemImpl (MetricsSystemImpl.java:register(276)) - Sink prometheus already exists!
2019-10-24 04:22:25,570 [Thread-328] INFO  server.BaseHttpServer (BaseHttpServer.java:updateConnectorAddress(215)) - HTTP server of OZONEMANAGER is listening at http://0.0.0.0:41226
2019-10-24 04:22:25,580 [Thread-328] INFO  impl.MetricsSystemImpl (MetricsSystemImpl.java:init(158)) - HddsDatanode metrics system started (again)
2019-10-24 04:22:25,582 [Thread-328] INFO  ozone.HddsDatanodeService (HddsDatanodeService.java:start(184)) - HddsDatanodeService host:pr-hdds-1569-6l6kj-3873551761 ip:192.168.164.228
2019-10-24 04:22:25,591 [Thread-328] INFO  volume.HddsVolume (HddsVolume.java:<init>(176)) - Creating Volume: /workdir/hadoop-ozone/integration-test/target/test-dir/MiniOzoneClusterImpl-44671199-cfe8-4314-91b0-bb36081afa0e/datanode-0/data/containers/hdds of  storage type : DISK and capacity : 1482555576320
2019-10-24 04:22:25,591 [Thread-328] INFO  volume.VolumeSet (VolumeSet.java:initializeVolumeSet(170)) - Added Volume : /workdir/hadoop-ozone/integration-test/target/test-dir/MiniOzoneClusterImpl-44671199-cfe8-4314-91b0-bb36081afa0e/datanode-0/data/containers/hdds to VolumeSet
2019-10-24 04:22:25,591 [Thread-328] INFO  volume.ThrottledAsyncChecker (ThrottledAsyncChecker.java:schedule(141)) - Scheduling a check for org.apache.hadoop.ozone.container.common.volume.HddsVolume@60be2f25
2019-10-24 04:22:25,592 [Thread-328] INFO  volume.HddsVolumeChecker (HddsVolumeChecker.java:checkAllVolumes(204)) - Scheduled health check for volume org.apache.hadoop.ozone.container.common.volume.HddsVolume@60be2f25
2019-10-24 04:22:25,606 [Thread-328] INFO  impl.RaftServerProxy (ConfUtils.java:logGet(43)) - raft.rpc.type = GRPC (default)
2019-10-24 04:22:25,606 [Thread-328] INFO  grpc.GrpcFactory (GrpcFactory.java:checkPooledByteBufAllocatorUseCacheForAllThreads(45)) - PERFORMANCE WARNING: useCacheForAllThreads is true that may cause Netty to create a lot garbage objects and, as a result, trigger GC.
	It is recommended to disable useCacheForAllThreads by setting -Dorg.apache.ratis.thirdparty.io.netty.allocator.useCacheForAllThreads=false in command line.
2019-10-24 04:22:25,606 [Thread-328] INFO  grpc.GrpcConfigKeys$Server (ConfUtils.java:logGet(43)) - raft.grpc.server.port = 0 (default)
2019-10-24 04:22:25,607 [Thread-328] INFO  server.GrpcService (ConfUtils.java:logGet(43)) - raft.grpc.message.size.max = 33570816 (custom)
2019-10-24 04:22:25,607 [Thread-328] INFO  server.RaftServerConfigKeys (ConfUtils.java:logGet(43)) - raft.server.log.appender.buffer.byte-limit = 33554432 (custom)
2019-10-24 04:22:25,607 [Thread-328] INFO  server.GrpcService (ConfUtils.java:logGet(43)) - raft.grpc.flow.control.window = 1MB (=1048576) (default)
2019-10-24 04:22:25,607 [Thread-328] INFO  server.RaftServerConfigKeys (ConfUtils.java:logGet(43)) - raft.server.rpc.request.timeout = 3000ms (default)
2019-10-24 04:22:25,608 [Thread-328] INFO  server.RaftServerConfigKeys (ConfUtils.java:logGet(43)) - raft.server.storage.dir = [/workdir/hadoop-ozone/integration-test/target/test-dir/MiniOzoneClusterImpl-44671199-cfe8-4314-91b0-bb36081afa0e/datanode-0/data/ratis] (custom)
2019-10-24 04:22:25,610 [Thread-328] INFO  hdfs.DFSUtil (DFSUtil.java:httpServerTemplateForNNAndJN(1641)) - Starting Web-server for hddsDatanode at: http://0.0.0.0:0
2019-10-24 04:22:25,612 [Thread-328] INFO  server.AuthenticationFilter (AuthenticationFilter.java:constructSecretProvider(240)) - Unable to initialize FileSignerSecretProvider, falling back to use random secrets.
2019-10-24 04:22:25,613 [Thread-328] WARN  http.HttpRequestLog (HttpRequestLog.java:getRequestLog(97)) - Jetty request log can only be enabled using Log4j
2019-10-24 04:22:25,615 [Thread-328] INFO  http.HttpServer2 (HttpServer2.java:addGlobalFilter(975)) - Added global filter 'safety' (class=org.apache.hadoop.http.HttpServer2$QuotingInputFilter)
2019-10-24 04:22:25,616 [Thread-328] INFO  http.HttpServer2 (HttpServer2.java:addFilter(948)) - Added filter static_user_filter (class=org.apache.hadoop.http.lib.StaticUserWebFilter$StaticUserFilter) to context hddsDatanode
2019-10-24 04:22:25,616 [Thread-328] INFO  http.HttpServer2 (HttpServer2.java:addFilter(958)) - Added filter static_user_filter (class=org.apache.hadoop.http.lib.StaticUserWebFilter$StaticUserFilter) to context static
2019-10-24 04:22:25,617 [Thread-328] INFO  http.HttpServer2 (HttpServer2.java:addFilter(958)) - Added filter static_user_filter (class=org.apache.hadoop.http.lib.StaticUserWebFilter$StaticUserFilter) to context logs
2019-10-24 04:22:25,618 [Thread-328] INFO  http.HttpServer2 (HttpServer2.java:bindListener(1191)) - Jetty bound to port 46485
2019-10-24 04:22:25,618 [Thread-328] INFO  server.Server (Server.java:doStart(351)) - jetty-9.3.25.v20180904, build timestamp: 2018-09-04T21:11:46Z, git hash: 3ce520221d0240229c862b122d2b06c12a625732
2019-10-24 04:22:25,621 [Thread-328] INFO  handler.ContextHandler (ContextHandler.java:doStart(781)) - Started o.e.j.s.ServletContextHandler@153ce695{/logs,file:///workdir/hadoop-ozone/integration-test/target/log,AVAILABLE}
2019-10-24 04:22:25,622 [Thread-328] INFO  handler.ContextHandler (ContextHandler.java:doStart(781)) - Started o.e.j.s.ServletContextHandler@3c987028{/static,jar:file:/home/user/.m2/repository/org/apache/hadoop/hadoop-hdds-container-service/0.5.0-SNAPSHOT/hadoop-hdds-container-service-0.5.0-SNAPSHOT.jar!/webapps/static,AVAILABLE}
2019-10-24 04:22:25,669 [Thread-328] INFO  handler.ContextHandler (ContextHandler.java:doStart(781)) - Started o.e.j.w.WebAppContext@16d1c50d{/,file:///tmp/jetty-0.0.0.0-46485-hddsDatanode-_-any-7657197168569912241.dir/webapp/,AVAILABLE}{/hddsDatanode}
2019-10-24 04:22:25,670 [Thread-328] INFO  server.AbstractConnector (AbstractConnector.java:doStart(278)) - Started ServerConnector@688bc6dd{HTTP/1.1,[http/1.1]}{0.0.0.0:46485}
2019-10-24 04:22:25,671 [Thread-328] INFO  server.Server (Server.java:doStart(419)) - Started @28365ms
2019-10-24 04:22:25,671 [Thread-328] WARN  impl.MetricsSystemImpl (MetricsSystemImpl.java:register(276)) - Sink prometheus already exists!
2019-10-24 04:22:25,672 [Thread-328] INFO  server.BaseHttpServer (BaseHttpServer.java:updateConnectorAddress(215)) - HTTP server of HDDSDATANODE is listening at http://0.0.0.0:46485
2019-10-24 04:22:25,672 [Thread-328] INFO  impl.MetricsSystemImpl (MetricsSystemImpl.java:init(158)) - HddsDatanode metrics system started (again)
2019-10-24 04:22:25,677 [Thread-328] INFO  ozone.HddsDatanodeService (HddsDatanodeService.java:start(184)) - HddsDatanodeService host:pr-hdds-1569-6l6kj-3873551761 ip:192.168.164.228
2019-10-24 04:22:25,677 [org.apache.hadoop.util.JvmPauseMonitor$Monitor@486aa6e1] INFO  util.JvmPauseMonitor (JvmPauseMonitor.java:run(188)) - Starting JVM pause monitor
2019-10-24 04:22:25,680 [Datanode State Machine Thread - 0] INFO  datanode.InitDatanodeState (InitDatanodeState.java:persistContainerDatanodeDetails(140)) - DatanodeDetails is persisted to /workdir/hadoop-ozone/integration-test/target/test-dir/MiniOzoneClusterImpl-44671199-cfe8-4314-91b0-bb36081afa0e/datanode-0/meta/datanode.id
2019-10-24 04:22:25,688 [Thread-328] INFO  volume.HddsVolume (HddsVolume.java:<init>(176)) - Creating Volume: /workdir/hadoop-ozone/integration-test/target/test-dir/MiniOzoneClusterImpl-44671199-cfe8-4314-91b0-bb36081afa0e/datanode-1/data/containers/hdds of  storage type : DISK and capacity : 1482555576320
2019-10-24 04:22:25,689 [Thread-328] INFO  volume.VolumeSet (VolumeSet.java:initializeVolumeSet(170)) - Added Volume : /workdir/hadoop-ozone/integration-test/target/test-dir/MiniOzoneClusterImpl-44671199-cfe8-4314-91b0-bb36081afa0e/datanode-1/data/containers/hdds to VolumeSet
2019-10-24 04:22:25,689 [Thread-328] INFO  volume.ThrottledAsyncChecker (ThrottledAsyncChecker.java:schedule(141)) - Scheduling a check for org.apache.hadoop.ozone.container.common.volume.HddsVolume@13e4d10e
2019-10-24 04:22:25,690 [Thread-328] INFO  volume.HddsVolumeChecker (HddsVolumeChecker.java:checkAllVolumes(204)) - Scheduled health check for volume org.apache.hadoop.ozone.container.common.volume.HddsVolume@13e4d10e
2019-10-24 04:22:25,711 [Thread-328] INFO  impl.RaftServerProxy (ConfUtils.java:logGet(43)) - raft.rpc.type = GRPC (default)
2019-10-24 04:22:25,711 [Thread-328] INFO  grpc.GrpcFactory (GrpcFactory.java:checkPooledByteBufAllocatorUseCacheForAllThreads(45)) - PERFORMANCE WARNING: useCacheForAllThreads is true that may cause Netty to create a lot garbage objects and, as a result, trigger GC.
	It is recommended to disable useCacheForAllThreads by setting -Dorg.apache.ratis.thirdparty.io.netty.allocator.useCacheForAllThreads=false in command line.
2019-10-24 04:22:25,711 [Thread-328] INFO  grpc.GrpcConfigKeys$Server (ConfUtils.java:logGet(43)) - raft.grpc.server.port = 0 (default)
2019-10-24 04:22:25,711 [Thread-328] INFO  server.GrpcService (ConfUtils.java:logGet(43)) - raft.grpc.message.size.max = 33570816 (custom)
2019-10-24 04:22:25,712 [Thread-328] INFO  server.RaftServerConfigKeys (ConfUtils.java:logGet(43)) - raft.server.log.appender.buffer.byte-limit = 33554432 (custom)
2019-10-24 04:22:25,712 [Thread-328] INFO  server.GrpcService (ConfUtils.java:logGet(43)) - raft.grpc.flow.control.window = 1MB (=1048576) (default)
2019-10-24 04:22:25,712 [Thread-328] INFO  server.RaftServerConfigKeys (ConfUtils.java:logGet(43)) - raft.server.rpc.request.timeout = 3000ms (default)
2019-10-24 04:22:25,713 [Thread-328] INFO  server.RaftServerConfigKeys (ConfUtils.java:logGet(43)) - raft.server.storage.dir = [/workdir/hadoop-ozone/integration-test/target/test-dir/MiniOzoneClusterImpl-44671199-cfe8-4314-91b0-bb36081afa0e/datanode-1/data/ratis] (custom)
2019-10-24 04:22:25,715 [Thread-328] INFO  hdfs.DFSUtil (DFSUtil.java:httpServerTemplateForNNAndJN(1641)) - Starting Web-server for hddsDatanode at: http://0.0.0.0:0
2019-10-24 04:22:25,717 [Thread-328] INFO  server.AuthenticationFilter (AuthenticationFilter.java:constructSecretProvider(240)) - Unable to initialize FileSignerSecretProvider, falling back to use random secrets.
2019-10-24 04:22:25,718 [Thread-328] WARN  http.HttpRequestLog (HttpRequestLog.java:getRequestLog(97)) - Jetty request log can only be enabled using Log4j
2019-10-24 04:22:25,720 [Thread-328] INFO  http.HttpServer2 (HttpServer2.java:addGlobalFilter(975)) - Added global filter 'safety' (class=org.apache.hadoop.http.HttpServer2$QuotingInputFilter)
2019-10-24 04:22:25,721 [Thread-328] INFO  http.HttpServer2 (HttpServer2.java:addFilter(948)) - Added filter static_user_filter (class=org.apache.hadoop.http.lib.StaticUserWebFilter$StaticUserFilter) to context hddsDatanode
2019-10-24 04:22:25,721 [Thread-328] INFO  http.HttpServer2 (HttpServer2.java:addFilter(958)) - Added filter static_user_filter (class=org.apache.hadoop.http.lib.StaticUserWebFilter$StaticUserFilter) to context static
2019-10-24 04:22:25,721 [Thread-328] INFO  http.HttpServer2 (HttpServer2.java:addFilter(958)) - Added filter static_user_filter (class=org.apache.hadoop.http.lib.StaticUserWebFilter$StaticUserFilter) to context logs
2019-10-24 04:22:25,723 [Thread-328] INFO  http.HttpServer2 (HttpServer2.java:bindListener(1191)) - Jetty bound to port 35223
2019-10-24 04:22:25,723 [Thread-328] INFO  server.Server (Server.java:doStart(351)) - jetty-9.3.25.v20180904, build timestamp: 2018-09-04T21:11:46Z, git hash: 3ce520221d0240229c862b122d2b06c12a625732
2019-10-24 04:22:25,725 [Thread-328] INFO  handler.ContextHandler (ContextHandler.java:doStart(781)) - Started o.e.j.s.ServletContextHandler@1a2260aa{/logs,file:///workdir/hadoop-ozone/integration-test/target/log,AVAILABLE}
2019-10-24 04:22:25,726 [Thread-328] INFO  handler.ContextHandler (ContextHandler.java:doStart(781)) - Started o.e.j.s.ServletContextHandler@3caccccc{/static,jar:file:/home/user/.m2/repository/org/apache/hadoop/hadoop-hdds-container-service/0.5.0-SNAPSHOT/hadoop-hdds-container-service-0.5.0-SNAPSHOT.jar!/webapps/static,AVAILABLE}
2019-10-24 04:22:25,773 [Thread-328] INFO  handler.ContextHandler (ContextHandler.java:doStart(781)) - Started o.e.j.w.WebAppContext@4d7e2ba2{/,file:///tmp/jetty-0.0.0.0-35223-hddsDatanode-_-any-472160148237771670.dir/webapp/,AVAILABLE}{/hddsDatanode}
2019-10-24 04:22:25,774 [Thread-328] INFO  server.AbstractConnector (AbstractConnector.java:doStart(278)) - Started ServerConnector@1148c398{HTTP/1.1,[http/1.1]}{0.0.0.0:35223}
2019-10-24 04:22:25,775 [Thread-328] INFO  server.Server (Server.java:doStart(419)) - Started @28469ms
2019-10-24 04:22:25,775 [Thread-328] WARN  impl.MetricsSystemImpl (MetricsSystemImpl.java:register(276)) - Sink prometheus already exists!
2019-10-24 04:22:25,776 [Thread-328] INFO  server.BaseHttpServer (BaseHttpServer.java:updateConnectorAddress(215)) - HTTP server of HDDSDATANODE is listening at http://0.0.0.0:35223
2019-10-24 04:22:25,777 [Thread-328] INFO  impl.MetricsSystemImpl (MetricsSystemImpl.java:init(158)) - HddsDatanode metrics system started (again)
2019-10-24 04:22:25,781 [org.apache.hadoop.util.JvmPauseMonitor$Monitor@4a7b7a49] INFO  util.JvmPauseMonitor (JvmPauseMonitor.java:run(188)) - Starting JVM pause monitor
2019-10-24 04:22:25,781 [Thread-328] INFO  ozone.HddsDatanodeService (HddsDatanodeService.java:start(184)) - HddsDatanodeService host:pr-hdds-1569-6l6kj-3873551761 ip:192.168.164.228
2019-10-24 04:22:25,784 [Datanode State Machine Thread - 0] INFO  datanode.InitDatanodeState (InitDatanodeState.java:persistContainerDatanodeDetails(140)) - DatanodeDetails is persisted to /workdir/hadoop-ozone/integration-test/target/test-dir/MiniOzoneClusterImpl-44671199-cfe8-4314-91b0-bb36081afa0e/datanode-1/meta/datanode.id
2019-10-24 04:22:25,790 [Thread-328] INFO  volume.HddsVolume (HddsVolume.java:<init>(176)) - Creating Volume: /workdir/hadoop-ozone/integration-test/target/test-dir/MiniOzoneClusterImpl-44671199-cfe8-4314-91b0-bb36081afa0e/datanode-2/data/containers/hdds of  storage type : DISK and capacity : 1482555576320
2019-10-24 04:22:25,791 [Thread-328] INFO  volume.VolumeSet (VolumeSet.java:initializeVolumeSet(170)) - Added Volume : /workdir/hadoop-ozone/integration-test/target/test-dir/MiniOzoneClusterImpl-44671199-cfe8-4314-91b0-bb36081afa0e/datanode-2/data/containers/hdds to VolumeSet
2019-10-24 04:22:25,791 [Thread-328] INFO  volume.ThrottledAsyncChecker (ThrottledAsyncChecker.java:schedule(141)) - Scheduling a check for org.apache.hadoop.ozone.container.common.volume.HddsVolume@5475771f
2019-10-24 04:22:25,792 [Thread-328] INFO  volume.HddsVolumeChecker (HddsVolumeChecker.java:checkAllVolumes(204)) - Scheduled health check for volume org.apache.hadoop.ozone.container.common.volume.HddsVolume@5475771f
2019-10-24 04:22:25,808 [Thread-328] INFO  impl.RaftServerProxy (ConfUtils.java:logGet(43)) - raft.rpc.type = GRPC (default)
2019-10-24 04:22:25,808 [Thread-328] INFO  grpc.GrpcFactory (GrpcFactory.java:checkPooledByteBufAllocatorUseCacheForAllThreads(45)) - PERFORMANCE WARNING: useCacheForAllThreads is true that may cause Netty to create a lot garbage objects and, as a result, trigger GC.
	It is recommended to disable useCacheForAllThreads by setting -Dorg.apache.ratis.thirdparty.io.netty.allocator.useCacheForAllThreads=false in command line.
2019-10-24 04:22:25,808 [Thread-328] INFO  grpc.GrpcConfigKeys$Server (ConfUtils.java:logGet(43)) - raft.grpc.server.port = 0 (default)
2019-10-24 04:22:25,808 [Thread-328] INFO  server.GrpcService (ConfUtils.java:logGet(43)) - raft.grpc.message.size.max = 33570816 (custom)
2019-10-24 04:22:25,808 [Thread-328] INFO  server.RaftServerConfigKeys (ConfUtils.java:logGet(43)) - raft.server.log.appender.buffer.byte-limit = 33554432 (custom)
2019-10-24 04:22:25,809 [Thread-328] INFO  server.GrpcService (ConfUtils.java:logGet(43)) - raft.grpc.flow.control.window = 1MB (=1048576) (default)
2019-10-24 04:22:25,809 [Thread-328] INFO  server.RaftServerConfigKeys (ConfUtils.java:logGet(43)) - raft.server.rpc.request.timeout = 3000ms (default)
2019-10-24 04:22:25,809 [Thread-328] INFO  server.RaftServerConfigKeys (ConfUtils.java:logGet(43)) - raft.server.storage.dir = [/workdir/hadoop-ozone/integration-test/target/test-dir/MiniOzoneClusterImpl-44671199-cfe8-4314-91b0-bb36081afa0e/datanode-2/data/ratis] (custom)
2019-10-24 04:22:25,811 [Thread-328] INFO  hdfs.DFSUtil (DFSUtil.java:httpServerTemplateForNNAndJN(1641)) - Starting Web-server for hddsDatanode at: http://0.0.0.0:0
2019-10-24 04:22:25,813 [Thread-328] INFO  server.AuthenticationFilter (AuthenticationFilter.java:constructSecretProvider(240)) - Unable to initialize FileSignerSecretProvider, falling back to use random secrets.
2019-10-24 04:22:25,813 [Thread-328] WARN  http.HttpRequestLog (HttpRequestLog.java:getRequestLog(97)) - Jetty request log can only be enabled using Log4j
2019-10-24 04:22:25,815 [Thread-328] INFO  http.HttpServer2 (HttpServer2.java:addGlobalFilter(975)) - Added global filter 'safety' (class=org.apache.hadoop.http.HttpServer2$QuotingInputFilter)
2019-10-24 04:22:25,815 [Thread-328] INFO  http.HttpServer2 (HttpServer2.java:addFilter(948)) - Added filter static_user_filter (class=org.apache.hadoop.http.lib.StaticUserWebFilter$StaticUserFilter) to context hddsDatanode
2019-10-24 04:22:25,815 [Thread-328] INFO  http.HttpServer2 (HttpServer2.java:addFilter(958)) - Added filter static_user_filter (class=org.apache.hadoop.http.lib.StaticUserWebFilter$StaticUserFilter) to context static
2019-10-24 04:22:25,815 [Thread-328] INFO  http.HttpServer2 (HttpServer2.java:addFilter(958)) - Added filter static_user_filter (class=org.apache.hadoop.http.lib.StaticUserWebFilter$StaticUserFilter) to context logs
2019-10-24 04:22:25,816 [Thread-328] INFO  http.HttpServer2 (HttpServer2.java:bindListener(1191)) - Jetty bound to port 38558
2019-10-24 04:22:25,816 [Thread-328] INFO  server.Server (Server.java:doStart(351)) - jetty-9.3.25.v20180904, build timestamp: 2018-09-04T21:11:46Z, git hash: 3ce520221d0240229c862b122d2b06c12a625732
2019-10-24 04:22:25,818 [Thread-328] INFO  handler.ContextHandler (ContextHandler.java:doStart(781)) - Started o.e.j.s.ServletContextHandler@2bd9241f{/logs,file:///workdir/hadoop-ozone/integration-test/target/log,AVAILABLE}
2019-10-24 04:22:25,819 [Thread-328] INFO  handler.ContextHandler (ContextHandler.java:doStart(781)) - Started o.e.j.s.ServletContextHandler@32f8c66b{/static,jar:file:/home/user/.m2/repository/org/apache/hadoop/hadoop-hdds-container-service/0.5.0-SNAPSHOT/hadoop-hdds-container-service-0.5.0-SNAPSHOT.jar!/webapps/static,AVAILABLE}
2019-10-24 04:22:25,848 [Thread-328] INFO  handler.ContextHandler (ContextHandler.java:doStart(781)) - Started o.e.j.w.WebAppContext@36dd5ddd{/,file:///tmp/jetty-0.0.0.0-38558-hddsDatanode-_-any-2769752293102918126.dir/webapp/,AVAILABLE}{/hddsDatanode}
2019-10-24 04:22:25,849 [Thread-328] INFO  server.AbstractConnector (AbstractConnector.java:doStart(278)) - Started ServerConnector@6c640336{HTTP/1.1,[http/1.1]}{0.0.0.0:38558}
2019-10-24 04:22:25,850 [Thread-328] INFO  server.Server (Server.java:doStart(419)) - Started @28544ms
2019-10-24 04:22:25,850 [Thread-328] WARN  impl.MetricsSystemImpl (MetricsSystemImpl.java:register(276)) - Sink prometheus already exists!
2019-10-24 04:22:25,851 [Thread-328] INFO  server.BaseHttpServer (BaseHttpServer.java:updateConnectorAddress(215)) - HTTP server of HDDSDATANODE is listening at http://0.0.0.0:38558
2019-10-24 04:22:25,852 [Thread-328] INFO  ozone.MiniOzoneClusterImpl (MiniOzoneClusterImpl.java:lambda$waitForClusterToBeReady$0(147)) - Waiting for cluster to be ready. Got 0 of 3 DN Heartbeats.
2019-10-24 04:22:25,855 [org.apache.hadoop.util.JvmPauseMonitor$Monitor@50ed8cb9] INFO  util.JvmPauseMonitor (JvmPauseMonitor.java:run(188)) - Starting JVM pause monitor
2019-10-24 04:22:25,857 [Datanode State Machine Thread - 0] INFO  datanode.InitDatanodeState (InitDatanodeState.java:persistContainerDatanodeDetails(140)) - DatanodeDetails is persisted to /workdir/hadoop-ozone/integration-test/target/test-dir/MiniOzoneClusterImpl-44671199-cfe8-4314-91b0-bb36081afa0e/datanode-2/meta/datanode.id
2019-10-24 04:22:26,854 [Thread-328] INFO  ozone.MiniOzoneClusterImpl (MiniOzoneClusterImpl.java:lambda$waitForClusterToBeReady$0(147)) - Waiting for cluster to be ready. Got 0 of 3 DN Heartbeats.
2019-10-24 04:22:27,707 [Datanode State Machine Thread - 0] INFO  ozoneimpl.OzoneContainer (OzoneContainer.java:start(213)) - Attempting to start container services.
2019-10-24 04:22:27,711 [Datanode State Machine Thread - 0] INFO  ozoneimpl.OzoneContainer (OzoneContainer.java:startContainerScrub(177)) - Background container scanner has been disabled.
2019-10-24 04:22:27,711 [Datanode State Machine Thread - 0] INFO  ratis.XceiverServerRatis (XceiverServerRatis.java:start(418)) - Starting XceiverServerRatis 2c264eec-dad5-4ff7-a10a-2e277ed2168b at port 0
2019-10-24 04:22:27,719 [Datanode State Machine Thread - 0] INFO  impl.RaftServerProxy (RaftServerProxy.java:lambda$start$3(299)) - 2c264eec-dad5-4ff7-a10a-2e277ed2168b: start RPC server
2019-10-24 04:22:27,723 [Datanode State Machine Thread - 0] INFO  server.GrpcService (GrpcService.java:startImpl(158)) - 2c264eec-dad5-4ff7-a10a-2e277ed2168b: GrpcService started, listening on 0.0.0.0/0.0.0.0:44671
2019-10-24 04:22:27,723 [Datanode State Machine Thread - 0] INFO  ratis.XceiverServerRatis (XceiverServerRatis.java:start(428)) - XceiverServerRatis 2c264eec-dad5-4ff7-a10a-2e277ed2168b is started using port 44671
2019-10-24 04:22:27,724 [Datanode State Machine Thread - 0] INFO  server.XceiverServerGrpc (XceiverServerGrpc.java:start(149)) - XceiverServerGrpc 2c264eec-dad5-4ff7-a10a-2e277ed2168b is started using port 41069
2019-10-24 04:22:27,796 [Datanode State Machine Thread - 0] INFO  ozoneimpl.OzoneContainer (OzoneContainer.java:start(213)) - Attempting to start container services.
2019-10-24 04:22:27,797 [Datanode State Machine Thread - 0] INFO  ozoneimpl.OzoneContainer (OzoneContainer.java:startContainerScrub(177)) - Background container scanner has been disabled.
2019-10-24 04:22:27,797 [Datanode State Machine Thread - 0] INFO  ratis.XceiverServerRatis (XceiverServerRatis.java:start(418)) - Starting XceiverServerRatis bf3ee7f0-f0d7-435c-925f-54d516e7dc9d at port 0
2019-10-24 04:22:27,806 [Datanode State Machine Thread - 0] INFO  impl.RaftServerProxy (RaftServerProxy.java:lambda$start$3(299)) - bf3ee7f0-f0d7-435c-925f-54d516e7dc9d: start RPC server
2019-10-24 04:22:27,807 [Datanode State Machine Thread - 0] INFO  server.GrpcService (GrpcService.java:startImpl(158)) - bf3ee7f0-f0d7-435c-925f-54d516e7dc9d: GrpcService started, listening on 0.0.0.0/0.0.0.0:45286
2019-10-24 04:22:27,807 [Datanode State Machine Thread - 0] INFO  ratis.XceiverServerRatis (XceiverServerRatis.java:start(428)) - XceiverServerRatis bf3ee7f0-f0d7-435c-925f-54d516e7dc9d is started using port 45286
2019-10-24 04:22:27,809 [Datanode State Machine Thread - 0] INFO  server.XceiverServerGrpc (XceiverServerGrpc.java:start(149)) - XceiverServerGrpc bf3ee7f0-f0d7-435c-925f-54d516e7dc9d is started using port 37290
2019-10-24 04:22:27,854 [Thread-328] INFO  ozone.MiniOzoneClusterImpl (MiniOzoneClusterImpl.java:lambda$waitForClusterToBeReady$0(147)) - Waiting for cluster to be ready. Got 0 of 3 DN Heartbeats.
2019-10-24 04:22:27,871 [Datanode State Machine Thread - 0] INFO  ozoneimpl.OzoneContainer (OzoneContainer.java:start(213)) - Attempting to start container services.
2019-10-24 04:22:27,871 [Datanode State Machine Thread - 0] INFO  ozoneimpl.OzoneContainer (OzoneContainer.java:startContainerScrub(177)) - Background container scanner has been disabled.
2019-10-24 04:22:27,872 [Datanode State Machine Thread - 0] INFO  ratis.XceiverServerRatis (XceiverServerRatis.java:start(418)) - Starting XceiverServerRatis fc626ee6-7a97-4763-a839-00b8374ada7e at port 0
2019-10-24 04:22:27,881 [Datanode State Machine Thread - 0] INFO  impl.RaftServerProxy (RaftServerProxy.java:lambda$start$3(299)) - fc626ee6-7a97-4763-a839-00b8374ada7e: start RPC server
2019-10-24 04:22:27,883 [Datanode State Machine Thread - 0] INFO  server.GrpcService (GrpcService.java:startImpl(158)) - fc626ee6-7a97-4763-a839-00b8374ada7e: GrpcService started, listening on 0.0.0.0/0.0.0.0:36196
2019-10-24 04:22:27,883 [Datanode State Machine Thread - 0] INFO  ratis.XceiverServerRatis (XceiverServerRatis.java:start(428)) - XceiverServerRatis fc626ee6-7a97-4763-a839-00b8374ada7e is started using port 36196
2019-10-24 04:22:27,888 [Datanode State Machine Thread - 0] INFO  server.XceiverServerGrpc (XceiverServerGrpc.java:start(149)) - XceiverServerGrpc fc626ee6-7a97-4763-a839-00b8374ada7e is started using port 43147
2019-10-24 04:22:28,855 [Thread-328] INFO  ozone.MiniOzoneClusterImpl (MiniOzoneClusterImpl.java:lambda$waitForClusterToBeReady$0(147)) - Waiting for cluster to be ready. Got 0 of 3 DN Heartbeats.
2019-10-24 04:22:29,684 [IPC Server handler 0 on 43925] INFO  net.NetworkTopology (NetworkTopologyImpl.java:add(111)) - Added a new node: /default-rack/2c264eec-dad5-4ff7-a10a-2e277ed2168b
2019-10-24 04:22:29,685 [IPC Server handler 0 on 43925] INFO  node.SCMNodeManager (SCMNodeManager.java:register(268)) - Registered Data node : 2c264eec-dad5-4ff7-a10a-2e277ed2168b{ip: 192.168.164.228, host: pr-hdds-1569-6l6kj-3873551761, networkLocation: /default-rack, certSerialId: null}
2019-10-24 04:22:29,686 [EventQueue-NodeRegistrationContainerReportForDataNodeSafeModeRule] INFO  safemode.SCMSafeModeManager (DataNodeSafeModeRule.java:process(71)) - SCM in safe mode. 1 DataNodes registered, 1 required.
2019-10-24 04:22:29,688 [EventQueue-NodeRegistrationContainerReportForContainerSafeModeRule] INFO  safemode.SCMSafeModeManager (SCMSafeModeManager.java:validateSafeModeExitRules(177)) - ScmSafeModeManager, all rules are successfully validated
2019-10-24 04:22:29,688 [EventQueue-NodeRegistrationContainerReportForContainerSafeModeRule] INFO  safemode.SCMSafeModeManager (SCMSafeModeManager.java:exitSafeMode(193)) - SCM exiting safe mode.
2019-10-24 04:22:29,707 [grpc-default-executor-0] INFO  impl.RaftServerProxy (RaftServerProxy.java:addNew(89)) - 2c264eec-dad5-4ff7-a10a-2e277ed2168b: addNew group-47973E6DCE6F:[2c264eec-dad5-4ff7-a10a-2e277ed2168b:192.168.164.228:44671] returns group-47973E6DCE6F:java.util.concurrent.CompletableFuture@41bc48a1[Not completed]
2019-10-24 04:22:29,710 [pool-107-thread-1] INFO  impl.RaftServerImpl (RaftServerImpl.java:<init>(95)) - 2c264eec-dad5-4ff7-a10a-2e277ed2168b: new RaftServerImpl for group-47973E6DCE6F:[2c264eec-dad5-4ff7-a10a-2e277ed2168b:192.168.164.228:44671] with ContainerStateMachine:uninitialized
2019-10-24 04:22:29,710 [pool-107-thread-1] INFO  server.RaftServerConfigKeys (ConfUtils.java:logGet(43)) - raft.server.rpc.timeout.min = 5s (custom)
2019-10-24 04:22:29,710 [pool-107-thread-1] INFO  server.RaftServerConfigKeys (ConfUtils.java:logGet(43)) - raft.server.rpc.timeout.max = 5200ms (custom)
2019-10-24 04:22:29,710 [pool-107-thread-1] INFO  server.RaftServerConfigKeys (ConfUtils.java:logGet(43)) - raft.server.rpcslowness.timeout = 120s (custom)
2019-10-24 04:22:29,710 [pool-107-thread-1] INFO  server.RaftServerConfigKeys (ConfUtils.java:logGet(43)) - raft.server.sleep.deviation.threshold = 300 (default)
2019-10-24 04:22:29,711 [pool-107-thread-1] INFO  server.RaftServerConfigKeys (ConfUtils.java:logGet(43)) - raft.server.log.appender.install.snapshot.enabled = false (custom)
2019-10-24 04:22:29,711 [pool-107-thread-1] INFO  impl.RaftServerImpl (ServerState.java:<init>(103)) - 2c264eec-dad5-4ff7-a10a-2e277ed2168b@group-47973E6DCE6F: ConfigurationManager, init=-1: [2c264eec-dad5-4ff7-a10a-2e277ed2168b:192.168.164.228:44671], old=null, confs=<EMPTY_MAP>
2019-10-24 04:22:29,711 [pool-107-thread-1] INFO  server.RaftServerConfigKeys (ConfUtils.java:logGet(43)) - raft.server.storage.dir = [/workdir/hadoop-ozone/integration-test/target/test-dir/MiniOzoneClusterImpl-44671199-cfe8-4314-91b0-bb36081afa0e/datanode-0/data/ratis] (custom)
2019-10-24 04:22:29,712 [pool-107-thread-1] INFO  server.RaftServerConfigKeys (ConfUtils.java:logGet(43)) - raft.server.log.corruption.policy = EXCEPTION (default)
2019-10-24 04:22:29,712 [pool-107-thread-1] INFO  storage.RaftStorageDirectory (RaftStorageDirectory.java:analyzeStorage(246)) - The storage directory /workdir/hadoop-ozone/integration-test/target/test-dir/MiniOzoneClusterImpl-44671199-cfe8-4314-91b0-bb36081afa0e/datanode-0/data/ratis/1afe3dbe-e9fa-47fd-a563-47973e6dce6f does not exist. Creating ...
2019-10-24 04:22:29,725 [pool-107-thread-1] INFO  storage.RaftStorageDirectory (RaftStorageDirectory.java:tryLock(328)) - Lock on /workdir/hadoop-ozone/integration-test/target/test-dir/MiniOzoneClusterImpl-44671199-cfe8-4314-91b0-bb36081afa0e/datanode-0/data/ratis/1afe3dbe-e9fa-47fd-a563-47973e6dce6f/in_use.lock acquired by nodename 23574@pr-hdds-1569-6l6kj-3873551761
2019-10-24 04:22:29,738 [pool-107-thread-1] INFO  storage.RaftStorage (RaftStorage.java:format(84)) - Storage directory /workdir/hadoop-ozone/integration-test/target/test-dir/MiniOzoneClusterImpl-44671199-cfe8-4314-91b0-bb36081afa0e/datanode-0/data/ratis/1afe3dbe-e9fa-47fd-a563-47973e6dce6f has been successfully formatted.
2019-10-24 04:22:29,738 [pool-107-thread-1] INFO  ratis.ContainerStateMachine (ContainerStateMachine.java:loadSnapshot(231)) - group-47973E6DCE6F: The snapshot info is null. Setting the last applied indexto:(t:0, i:~)
2019-10-24 04:22:29,738 [pool-107-thread-1] INFO  server.RaftServerConfigKeys (ConfUtils.java:logGet(43)) - raft.server.notification.no-leader.timeout = 120s (custom)
2019-10-24 04:22:29,739 [pool-107-thread-1] INFO  server.RaftServerConfigKeys (ConfUtils.java:logGet(43)) - raft.server.log.use.memory = false (default)
2019-10-24 04:22:29,739 [pool-107-thread-1] INFO  server.RaftServerConfigKeys (ConfUtils.java:logGet(43)) - raft.server.log.purge.gap = 1000000 (custom)
2019-10-24 04:22:29,739 [pool-107-thread-1] INFO  server.RaftServerConfigKeys (ConfUtils.java:logGet(43)) - raft.server.log.appender.buffer.byte-limit = 33554432 (custom)
2019-10-24 04:22:29,739 [pool-107-thread-1] INFO  server.RaftServerConfigKeys (ConfUtils.java:logGet(43)) - raft.server.log.segment.size.max = 1048576 (custom)
2019-10-24 04:22:29,742 [pool-107-thread-1] INFO  server.RaftServerConfigKeys (ConfUtils.java:logGet(43)) - raft.server.log.segment.cache.num.max = 2 (custom)
2019-10-24 04:22:29,742 [pool-107-thread-1] INFO  segmented.SegmentedRaftLogWorker (SegmentedRaftLogWorker.java:<init>(173)) - new 2c264eec-dad5-4ff7-a10a-2e277ed2168b@group-47973E6DCE6F-SegmentedRaftLogWorker for RaftStorage:Storage Directory /workdir/hadoop-ozone/integration-test/target/test-dir/MiniOzoneClusterImpl-44671199-cfe8-4314-91b0-bb36081afa0e/datanode-0/data/ratis/1afe3dbe-e9fa-47fd-a563-47973e6dce6f
2019-10-24 04:22:29,743 [pool-107-thread-1] INFO  server.RaftServerConfigKeys (ConfUtils.java:logGet(43)) - raft.server.log.queue.byte-limit = 2147483647 (custom)
2019-10-24 04:22:29,743 [pool-107-thread-1] INFO  server.RaftServerConfigKeys (ConfUtils.java:logGet(43)) - raft.server.log.queue.element-limit = 1024 (custom)
2019-10-24 04:22:29,743 [pool-107-thread-1] INFO  server.RaftServerConfigKeys (ConfUtils.java:logGet(43)) - raft.server.log.segment.size.max = 1048576 (custom)
2019-10-24 04:22:29,743 [pool-107-thread-1] INFO  server.RaftServerConfigKeys (ConfUtils.java:logGet(43)) - raft.server.log.preallocated.size = 16384 (custom)
2019-10-24 04:22:29,743 [pool-107-thread-1] INFO  server.RaftServerConfigKeys (ConfUtils.java:logGet(43)) - raft.server.log.write.buffer.size = 33554432 (custom)
2019-10-24 04:22:29,743 [pool-107-thread-1] INFO  server.RaftServerConfigKeys (ConfUtils.java:logGet(43)) - raft.server.log.force.sync.num = 128 (default)
2019-10-24 04:22:29,744 [pool-107-thread-1] INFO  server.RaftServerConfigKeys (ConfUtils.java:logGet(43)) - raft.server.log.statemachine.data.sync = true (default)
2019-10-24 04:22:29,744 [pool-107-thread-1] INFO  server.RaftServerConfigKeys (ConfUtils.java:logGet(43)) - raft.server.log.statemachine.data.sync.timeout = 10s (default)
2019-10-24 04:22:29,744 [pool-107-thread-1] INFO  server.RaftServerConfigKeys (ConfUtils.java:logGet(43)) - raft.server.log.statemachine.data.sync.timeout.retry = -1 (default)
2019-10-24 04:22:29,745 [pool-107-thread-1] INFO  server.RaftServerConfigKeys (ConfUtils.java:logGet(43)) - raft.server.log.statemachine.data.caching.enabled = true (custom)
2019-10-24 04:22:29,745 [pool-107-thread-1] INFO  segmented.SegmentedRaftLogWorker (SegmentedRaftLogWorker.java:lambda$new$0(128)) - 2c264eec-dad5-4ff7-a10a-2e277ed2168b@group-47973E6DCE6F-SegmentedRaftLogWorker: flushIndex: setUnconditionally 0 -> -1
2019-10-24 04:22:29,746 [pool-107-thread-1] INFO  server.RaftServerConfigKeys (ConfUtils.java:logGet(43)) - raft.server.snapshot.auto.trigger.enabled = true (custom)
2019-10-24 04:22:29,746 [pool-107-thread-1] INFO  server.RaftServerConfigKeys (ConfUtils.java:logGet(43)) - raft.server.snapshot.auto.trigger.threshold = 10000 (custom)
2019-10-24 04:22:29,746 [pool-107-thread-1] INFO  server.RaftServerConfigKeys (ConfUtils.java:logGet(43)) - raft.server.snapshot.retention.file.num = 5 (custom)
2019-10-24 04:22:29,746 [pool-107-thread-1] INFO  server.RaftServerConfigKeys (ConfUtils.java:logGet(43)) - raft.server.retrycache.expirytime = 600000ms (custom)
2019-10-24 04:22:29,749 [pool-107-thread-1] INFO  impl.RaftServerImpl (RaftServerImpl.java:start(181)) - 2c264eec-dad5-4ff7-a10a-2e277ed2168b@group-47973E6DCE6F: start as a follower, conf=-1: [2c264eec-dad5-4ff7-a10a-2e277ed2168b:192.168.164.228:44671], old=null
2019-10-24 04:22:29,749 [pool-107-thread-1] INFO  impl.RaftServerImpl (RaftServerImpl.java:setRole(170)) - 2c264eec-dad5-4ff7-a10a-2e277ed2168b@group-47973E6DCE6F: changes role from      null to FOLLOWER at term 0 for startAsFollower
2019-10-24 04:22:29,749 [pool-107-thread-1] INFO  impl.RoleInfo (RoleInfo.java:updateAndGet(143)) - 2c264eec-dad5-4ff7-a10a-2e277ed2168b: start FollowerState
2019-10-24 04:22:29,750 [pool-107-thread-1] INFO  util.JmxRegister (JmxRegister.java:tryRegister(44)) - Successfully registered JMX Bean with object name Ratis:service=RaftServer,group=group-47973E6DCE6F,id=2c264eec-dad5-4ff7-a10a-2e277ed2168b
2019-10-24 04:22:29,760 [RatisPipelineUtilsThread] INFO  pipeline.PipelineStateManager (PipelineStateManager.java:addPipeline(56)) - Created pipeline Pipeline[ Id: 1afe3dbe-e9fa-47fd-a563-47973e6dce6f, Nodes: 2c264eec-dad5-4ff7-a10a-2e277ed2168b{ip: 192.168.164.228, host: pr-hdds-1569-6l6kj-3873551761, networkLocation: /default-rack, certSerialId: null}, Type:RATIS, Factor:ONE, State:OPEN]
2019-10-24 04:22:29,761 [RatisPipelineUtilsThread] ERROR pipeline.SCMPipelineManager (SCMPipelineManager.java:createPipeline(162)) - Pipeline creation failed.
org.apache.hadoop.hdds.scm.exceptions.SCMException: Cannot create pipeline of factor 1 using 0 nodes. Used 1 nodes. Healthy nodes 1
	at org.apache.hadoop.hdds.scm.pipeline.RatisPipelineProvider.pickNodesNeverUsed(RatisPipelineProvider.java:128)
	at org.apache.hadoop.hdds.scm.pipeline.RatisPipelineProvider.create(RatisPipelineProvider.java:174)
	at org.apache.hadoop.hdds.scm.pipeline.PipelineFactory.create(PipelineFactory.java:58)
	at org.apache.hadoop.hdds.scm.pipeline.SCMPipelineManager.createPipeline(SCMPipelineManager.java:152)
	at org.apache.hadoop.hdds.scm.pipeline.BackgroundPipelineCreator.createPipelines(BackgroundPipelineCreator.java:100)
	at java.util.concurrent.Executors$RunnableAdapter.call(Executors.java:511)
	at java.util.concurrent.FutureTask.run(FutureTask.java:266)
	at java.util.concurrent.ScheduledThreadPoolExecutor$ScheduledFutureTask.access$201(ScheduledThreadPoolExecutor.java:180)
	at java.util.concurrent.ScheduledThreadPoolExecutor$ScheduledFutureTask.run(ScheduledThreadPoolExecutor.java:293)
	at java.util.concurrent.ThreadPoolExecutor.runWorker(ThreadPoolExecutor.java:1149)
	at java.util.concurrent.ThreadPoolExecutor$Worker.run(ThreadPoolExecutor.java:624)
	at java.lang.Thread.run(Thread.java:748)
2019-10-24 04:22:29,761 [RatisPipelineUtilsThread] ERROR pipeline.PipelinePlacementPolicy (PipelinePlacementPolicy.java:filterViableNodes(157)) - Not enough healthy nodes to allocate pipeline. 3  datanodes required. Found 1
2019-10-24 04:22:29,762 [RatisPipelineUtilsThread] ERROR pipeline.SCMPipelineManager (SCMPipelineManager.java:createPipeline(162)) - Pipeline creation failed.
org.apache.hadoop.hdds.scm.exceptions.SCMException: Not enough healthy nodes to allocate pipeline. 3  datanodes required. Found 1
	at org.apache.hadoop.hdds.scm.pipeline.PipelinePlacementPolicy.filterViableNodes(PipelinePlacementPolicy.java:158)
	at org.apache.hadoop.hdds.scm.pipeline.PipelinePlacementPolicy.chooseDatanodes(PipelinePlacementPolicy.java:199)
	at org.apache.hadoop.hdds.scm.pipeline.RatisPipelineProvider.create(RatisPipelineProvider.java:177)
	at org.apache.hadoop.hdds.scm.pipeline.PipelineFactory.create(PipelineFactory.java:58)
	at org.apache.hadoop.hdds.scm.pipeline.SCMPipelineManager.createPipeline(SCMPipelineManager.java:152)
	at org.apache.hadoop.hdds.scm.pipeline.BackgroundPipelineCreator.createPipelines(BackgroundPipelineCreator.java:100)
	at java.util.concurrent.Executors$RunnableAdapter.call(Executors.java:511)
	at java.util.concurrent.FutureTask.run(FutureTask.java:266)
	at java.util.concurrent.ScheduledThreadPoolExecutor$ScheduledFutureTask.access$201(ScheduledThreadPoolExecutor.java:180)
	at java.util.concurrent.ScheduledThreadPoolExecutor$ScheduledFutureTask.run(ScheduledThreadPoolExecutor.java:293)
	at java.util.concurrent.ThreadPoolExecutor.runWorker(ThreadPoolExecutor.java:1149)
	at java.util.concurrent.ThreadPoolExecutor$Worker.run(ThreadPoolExecutor.java:624)
	at java.lang.Thread.run(Thread.java:748)
2019-10-24 04:22:29,762 [RatisPipelineUtilsThread] ERROR pipeline.SCMPipelineManager (SCMPipelineManager.java:createPipeline(162)) - Pipeline creation failed.
org.apache.hadoop.hdds.scm.exceptions.SCMException: Cannot create pipeline of factor 1 using 0 nodes. Used 1 nodes. Healthy nodes 1
	at org.apache.hadoop.hdds.scm.pipeline.RatisPipelineProvider.pickNodesNeverUsed(RatisPipelineProvider.java:128)
	at org.apache.hadoop.hdds.scm.pipeline.RatisPipelineProvider.create(RatisPipelineProvider.java:174)
	at org.apache.hadoop.hdds.scm.pipeline.PipelineFactory.create(PipelineFactory.java:58)
	at org.apache.hadoop.hdds.scm.pipeline.SCMPipelineManager.createPipeline(SCMPipelineManager.java:152)
	at org.apache.hadoop.hdds.scm.pipeline.BackgroundPipelineCreator.createPipelines(BackgroundPipelineCreator.java:100)
	at org.apache.hadoop.hdds.scm.pipeline.BackgroundPipelineCreator.lambda$startFixedIntervalPipelineCreator$0(BackgroundPipelineCreator.java:70)
	at java.util.concurrent.Executors$RunnableAdapter.call(Executors.java:511)
	at java.util.concurrent.FutureTask.runAndReset(FutureTask.java:308)
	at java.util.concurrent.ScheduledThreadPoolExecutor$ScheduledFutureTask.access$301(ScheduledThreadPoolExecutor.java:180)
	at java.util.concurrent.ScheduledThreadPoolExecutor$ScheduledFutureTask.run(ScheduledThreadPoolExecutor.java:294)
	at java.util.concurrent.ThreadPoolExecutor.runWorker(ThreadPoolExecutor.java:1149)
	at java.util.concurrent.ThreadPoolExecutor$Worker.run(ThreadPoolExecutor.java:624)
	at java.lang.Thread.run(Thread.java:748)
2019-10-24 04:22:29,763 [RatisPipelineUtilsThread] ERROR pipeline.PipelinePlacementPolicy (PipelinePlacementPolicy.java:filterViableNodes(157)) - Not enough healthy nodes to allocate pipeline. 3  datanodes required. Found 1
2019-10-24 04:22:29,763 [RatisPipelineUtilsThread] ERROR pipeline.SCMPipelineManager (SCMPipelineManager.java:createPipeline(162)) - Pipeline creation failed.
org.apache.hadoop.hdds.scm.exceptions.SCMException: Not enough healthy nodes to allocate pipeline. 3  datanodes required. Found 1
	at org.apache.hadoop.hdds.scm.pipeline.PipelinePlacementPolicy.filterViableNodes(PipelinePlacementPolicy.java:158)
	at org.apache.hadoop.hdds.scm.pipeline.PipelinePlacementPolicy.chooseDatanodes(PipelinePlacementPolicy.java:199)
	at org.apache.hadoop.hdds.scm.pipeline.RatisPipelineProvider.create(RatisPipelineProvider.java:177)
	at org.apache.hadoop.hdds.scm.pipeline.PipelineFactory.create(PipelineFactory.java:58)
	at org.apache.hadoop.hdds.scm.pipeline.SCMPipelineManager.createPipeline(SCMPipelineManager.java:152)
	at org.apache.hadoop.hdds.scm.pipeline.BackgroundPipelineCreator.createPipelines(BackgroundPipelineCreator.java:100)
	at org.apache.hadoop.hdds.scm.pipeline.BackgroundPipelineCreator.lambda$startFixedIntervalPipelineCreator$0(BackgroundPipelineCreator.java:70)
	at java.util.concurrent.Executors$RunnableAdapter.call(Executors.java:511)
	at java.util.concurrent.FutureTask.runAndReset(FutureTask.java:308)
	at java.util.concurrent.ScheduledThreadPoolExecutor$ScheduledFutureTask.access$301(ScheduledThreadPoolExecutor.java:180)
	at java.util.concurrent.ScheduledThreadPoolExecutor$ScheduledFutureTask.run(ScheduledThreadPoolExecutor.java:294)
	at java.util.concurrent.ThreadPoolExecutor.runWorker(ThreadPoolExecutor.java:1149)
	at java.util.concurrent.ThreadPoolExecutor$Worker.run(ThreadPoolExecutor.java:624)
	at java.lang.Thread.run(Thread.java:748)
2019-10-24 04:22:29,783 [IPC Server handler 1 on 43925] INFO  net.NetworkTopology (NetworkTopologyImpl.java:add(111)) - Added a new node: /default-rack/bf3ee7f0-f0d7-435c-925f-54d516e7dc9d
2019-10-24 04:22:29,784 [IPC Server handler 1 on 43925] INFO  node.SCMNodeManager (SCMNodeManager.java:register(268)) - Registered Data node : bf3ee7f0-f0d7-435c-925f-54d516e7dc9d{ip: 192.168.164.228, host: pr-hdds-1569-6l6kj-3873551761, networkLocation: /default-rack, certSerialId: null}
2019-10-24 04:22:29,794 [grpc-default-executor-0] INFO  impl.RaftServerProxy (RaftServerProxy.java:addNew(89)) - bf3ee7f0-f0d7-435c-925f-54d516e7dc9d: addNew group-D088ADA68DF4:[bf3ee7f0-f0d7-435c-925f-54d516e7dc9d:192.168.164.228:45286] returns group-D088ADA68DF4:java.util.concurrent.CompletableFuture@2c90e56[Not completed]
2019-10-24 04:22:29,796 [pool-117-thread-1] INFO  impl.RaftServerImpl (RaftServerImpl.java:<init>(95)) - bf3ee7f0-f0d7-435c-925f-54d516e7dc9d: new RaftServerImpl for group-D088ADA68DF4:[bf3ee7f0-f0d7-435c-925f-54d516e7dc9d:192.168.164.228:45286] with ContainerStateMachine:uninitialized
2019-10-24 04:22:29,796 [pool-117-thread-1] INFO  server.RaftServerConfigKeys (ConfUtils.java:logGet(43)) - raft.server.rpc.timeout.min = 5s (custom)
2019-10-24 04:22:29,796 [pool-117-thread-1] INFO  server.RaftServerConfigKeys (ConfUtils.java:logGet(43)) - raft.server.rpc.timeout.max = 5200ms (custom)
2019-10-24 04:22:29,796 [pool-117-thread-1] INFO  server.RaftServerConfigKeys (ConfUtils.java:logGet(43)) - raft.server.rpcslowness.timeout = 120s (custom)
2019-10-24 04:22:29,797 [pool-117-thread-1] INFO  server.RaftServerConfigKeys (ConfUtils.java:logGet(43)) - raft.server.sleep.deviation.threshold = 300 (default)
2019-10-24 04:22:29,797 [pool-117-thread-1] INFO  server.RaftServerConfigKeys (ConfUtils.java:logGet(43)) - raft.server.log.appender.install.snapshot.enabled = false (custom)
2019-10-24 04:22:29,797 [pool-117-thread-1] INFO  impl.RaftServerImpl (ServerState.java:<init>(103)) - bf3ee7f0-f0d7-435c-925f-54d516e7dc9d@group-D088ADA68DF4: ConfigurationManager, init=-1: [bf3ee7f0-f0d7-435c-925f-54d516e7dc9d:192.168.164.228:45286], old=null, confs=<EMPTY_MAP>
2019-10-24 04:22:29,797 [pool-117-thread-1] INFO  server.RaftServerConfigKeys (ConfUtils.java:logGet(43)) - raft.server.storage.dir = [/workdir/hadoop-ozone/integration-test/target/test-dir/MiniOzoneClusterImpl-44671199-cfe8-4314-91b0-bb36081afa0e/datanode-1/data/ratis] (custom)
2019-10-24 04:22:29,797 [pool-117-thread-1] INFO  server.RaftServerConfigKeys (ConfUtils.java:logGet(43)) - raft.server.log.corruption.policy = EXCEPTION (default)
2019-10-24 04:22:29,798 [pool-117-thread-1] INFO  storage.RaftStorageDirectory (RaftStorageDirectory.java:analyzeStorage(246)) - The storage directory /workdir/hadoop-ozone/integration-test/target/test-dir/MiniOzoneClusterImpl-44671199-cfe8-4314-91b0-bb36081afa0e/datanode-1/data/ratis/03e50330-d76f-4e51-bbe2-d088ada68df4 does not exist. Creating ...
2019-10-24 04:22:29,812 [pool-117-thread-1] INFO  storage.RaftStorageDirectory (RaftStorageDirectory.java:tryLock(328)) - Lock on /workdir/hadoop-ozone/integration-test/target/test-dir/MiniOzoneClusterImpl-44671199-cfe8-4314-91b0-bb36081afa0e/datanode-1/data/ratis/03e50330-d76f-4e51-bbe2-d088ada68df4/in_use.lock acquired by nodename 23574@pr-hdds-1569-6l6kj-3873551761
2019-10-24 04:22:29,815 [pool-117-thread-1] INFO  storage.RaftStorage (RaftStorage.java:format(84)) - Storage directory /workdir/hadoop-ozone/integration-test/target/test-dir/MiniOzoneClusterImpl-44671199-cfe8-4314-91b0-bb36081afa0e/datanode-1/data/ratis/03e50330-d76f-4e51-bbe2-d088ada68df4 has been successfully formatted.
2019-10-24 04:22:29,816 [pool-117-thread-1] INFO  ratis.ContainerStateMachine (ContainerStateMachine.java:loadSnapshot(231)) - group-D088ADA68DF4: The snapshot info is null. Setting the last applied indexto:(t:0, i:~)
2019-10-24 04:22:29,816 [pool-117-thread-1] INFO  server.RaftServerConfigKeys (ConfUtils.java:logGet(43)) - raft.server.notification.no-leader.timeout = 120s (custom)
2019-10-24 04:22:29,816 [pool-117-thread-1] INFO  server.RaftServerConfigKeys (ConfUtils.java:logGet(43)) - raft.server.log.use.memory = false (default)
2019-10-24 04:22:29,816 [pool-117-thread-1] INFO  server.RaftServerConfigKeys (ConfUtils.java:logGet(43)) - raft.server.log.purge.gap = 1000000 (custom)
2019-10-24 04:22:29,816 [pool-117-thread-1] INFO  server.RaftServerConfigKeys (ConfUtils.java:logGet(43)) - raft.server.log.appender.buffer.byte-limit = 33554432 (custom)
2019-10-24 04:22:29,816 [pool-117-thread-1] INFO  server.RaftServerConfigKeys (ConfUtils.java:logGet(43)) - raft.server.log.segment.size.max = 1048576 (custom)
2019-10-24 04:22:29,819 [pool-117-thread-1] INFO  server.RaftServerConfigKeys (ConfUtils.java:logGet(43)) - raft.server.log.segment.cache.num.max = 2 (custom)
2019-10-24 04:22:29,819 [pool-117-thread-1] INFO  segmented.SegmentedRaftLogWorker (SegmentedRaftLogWorker.java:<init>(173)) - new bf3ee7f0-f0d7-435c-925f-54d516e7dc9d@group-D088ADA68DF4-SegmentedRaftLogWorker for RaftStorage:Storage Directory /workdir/hadoop-ozone/integration-test/target/test-dir/MiniOzoneClusterImpl-44671199-cfe8-4314-91b0-bb36081afa0e/datanode-1/data/ratis/03e50330-d76f-4e51-bbe2-d088ada68df4
2019-10-24 04:22:29,819 [pool-117-thread-1] INFO  server.RaftServerConfigKeys (ConfUtils.java:logGet(43)) - raft.server.log.queue.byte-limit = 2147483647 (custom)
2019-10-24 04:22:29,819 [pool-117-thread-1] INFO  server.RaftServerConfigKeys (ConfUtils.java:logGet(43)) - raft.server.log.queue.element-limit = 1024 (custom)
2019-10-24 04:22:29,819 [pool-117-thread-1] INFO  server.RaftServerConfigKeys (ConfUtils.java:logGet(43)) - raft.server.log.segment.size.max = 1048576 (custom)
2019-10-24 04:22:29,819 [pool-117-thread-1] INFO  server.RaftServerConfigKeys (ConfUtils.java:logGet(43)) - raft.server.log.preallocated.size = 16384 (custom)
2019-10-24 04:22:29,820 [pool-117-thread-1] INFO  server.RaftServerConfigKeys (ConfUtils.java:logGet(43)) - raft.server.log.write.buffer.size = 33554432 (custom)
2019-10-24 04:22:29,820 [pool-117-thread-1] INFO  server.RaftServerConfigKeys (ConfUtils.java:logGet(43)) - raft.server.log.force.sync.num = 128 (default)
2019-10-24 04:22:29,820 [pool-117-thread-1] INFO  server.RaftServerConfigKeys (ConfUtils.java:logGet(43)) - raft.server.log.statemachine.data.sync = true (default)
2019-10-24 04:22:29,820 [pool-117-thread-1] INFO  server.RaftServerConfigKeys (ConfUtils.java:logGet(43)) - raft.server.log.statemachine.data.sync.timeout = 10s (default)
2019-10-24 04:22:29,820 [pool-117-thread-1] INFO  server.RaftServerConfigKeys (ConfUtils.java:logGet(43)) - raft.server.log.statemachine.data.sync.timeout.retry = -1 (default)
2019-10-24 04:22:29,821 [pool-117-thread-1] INFO  server.RaftServerConfigKeys (ConfUtils.java:logGet(43)) - raft.server.log.statemachine.data.caching.enabled = true (custom)
2019-10-24 04:22:29,821 [pool-117-thread-1] INFO  segmented.SegmentedRaftLogWorker (SegmentedRaftLogWorker.java:lambda$new$0(128)) - bf3ee7f0-f0d7-435c-925f-54d516e7dc9d@group-D088ADA68DF4-SegmentedRaftLogWorker: flushIndex: setUnconditionally 0 -> -1
2019-10-24 04:22:29,821 [pool-117-thread-1] INFO  server.RaftServerConfigKeys (ConfUtils.java:logGet(43)) - raft.server.snapshot.auto.trigger.enabled = true (custom)
2019-10-24 04:22:29,822 [pool-117-thread-1] INFO  server.RaftServerConfigKeys (ConfUtils.java:logGet(43)) - raft.server.snapshot.auto.trigger.threshold = 10000 (custom)
2019-10-24 04:22:29,822 [pool-117-thread-1] INFO  server.RaftServerConfigKeys (ConfUtils.java:logGet(43)) - raft.server.snapshot.retention.file.num = 5 (custom)
2019-10-24 04:22:29,822 [pool-117-thread-1] INFO  server.RaftServerConfigKeys (ConfUtils.java:logGet(43)) - raft.server.retrycache.expirytime = 600000ms (custom)
2019-10-24 04:22:29,824 [pool-117-thread-1] INFO  impl.RaftServerImpl (RaftServerImpl.java:start(181)) - bf3ee7f0-f0d7-435c-925f-54d516e7dc9d@group-D088ADA68DF4: start as a follower, conf=-1: [bf3ee7f0-f0d7-435c-925f-54d516e7dc9d:192.168.164.228:45286], old=null
2019-10-24 04:22:29,825 [pool-117-thread-1] INFO  impl.RaftServerImpl (RaftServerImpl.java:setRole(170)) - bf3ee7f0-f0d7-435c-925f-54d516e7dc9d@group-D088ADA68DF4: changes role from      null to FOLLOWER at term 0 for startAsFollower
2019-10-24 04:22:29,825 [pool-117-thread-1] INFO  impl.RoleInfo (RoleInfo.java:updateAndGet(143)) - bf3ee7f0-f0d7-435c-925f-54d516e7dc9d: start FollowerState
2019-10-24 04:22:29,829 [pool-117-thread-1] INFO  util.JmxRegister (JmxRegister.java:tryRegister(44)) - Successfully registered JMX Bean with object name Ratis:service=RaftServer,group=group-D088ADA68DF4,id=bf3ee7f0-f0d7-435c-925f-54d516e7dc9d
2019-10-24 04:22:29,840 [RatisPipelineUtilsThread] INFO  pipeline.PipelineStateManager (PipelineStateManager.java:addPipeline(56)) - Created pipeline Pipeline[ Id: 03e50330-d76f-4e51-bbe2-d088ada68df4, Nodes: bf3ee7f0-f0d7-435c-925f-54d516e7dc9d{ip: 192.168.164.228, host: pr-hdds-1569-6l6kj-3873551761, networkLocation: /default-rack, certSerialId: null}, Type:RATIS, Factor:ONE, State:OPEN]
2019-10-24 04:22:29,841 [RatisPipelineUtilsThread] ERROR pipeline.SCMPipelineManager (SCMPipelineManager.java:createPipeline(162)) - Pipeline creation failed.
org.apache.hadoop.hdds.scm.exceptions.SCMException: Cannot create pipeline of factor 1 using 0 nodes. Used 2 nodes. Healthy nodes 2
	at org.apache.hadoop.hdds.scm.pipeline.RatisPipelineProvider.pickNodesNeverUsed(RatisPipelineProvider.java:128)
	at org.apache.hadoop.hdds.scm.pipeline.RatisPipelineProvider.create(RatisPipelineProvider.java:174)
	at org.apache.hadoop.hdds.scm.pipeline.PipelineFactory.create(PipelineFactory.java:58)
	at org.apache.hadoop.hdds.scm.pipeline.SCMPipelineManager.createPipeline(SCMPipelineManager.java:152)
	at org.apache.hadoop.hdds.scm.pipeline.BackgroundPipelineCreator.createPipelines(BackgroundPipelineCreator.java:100)
	at java.util.concurrent.Executors$RunnableAdapter.call(Executors.java:511)
	at java.util.concurrent.FutureTask.run(FutureTask.java:266)
	at java.util.concurrent.ScheduledThreadPoolExecutor$ScheduledFutureTask.access$201(ScheduledThreadPoolExecutor.java:180)
	at java.util.concurrent.ScheduledThreadPoolExecutor$ScheduledFutureTask.run(ScheduledThreadPoolExecutor.java:293)
	at java.util.concurrent.ThreadPoolExecutor.runWorker(ThreadPoolExecutor.java:1149)
	at java.util.concurrent.ThreadPoolExecutor$Worker.run(ThreadPoolExecutor.java:624)
	at java.lang.Thread.run(Thread.java:748)
2019-10-24 04:22:29,842 [RatisPipelineUtilsThread] ERROR pipeline.PipelinePlacementPolicy (PipelinePlacementPolicy.java:filterViableNodes(157)) - Not enough healthy nodes to allocate pipeline. 3  datanodes required. Found 2
2019-10-24 04:22:29,842 [RatisPipelineUtilsThread] ERROR pipeline.SCMPipelineManager (SCMPipelineManager.java:createPipeline(162)) - Pipeline creation failed.
org.apache.hadoop.hdds.scm.exceptions.SCMException: Not enough healthy nodes to allocate pipeline. 3  datanodes required. Found 2
	at org.apache.hadoop.hdds.scm.pipeline.PipelinePlacementPolicy.filterViableNodes(PipelinePlacementPolicy.java:158)
	at org.apache.hadoop.hdds.scm.pipeline.PipelinePlacementPolicy.chooseDatanodes(PipelinePlacementPolicy.java:199)
	at org.apache.hadoop.hdds.scm.pipeline.RatisPipelineProvider.create(RatisPipelineProvider.java:177)
	at org.apache.hadoop.hdds.scm.pipeline.PipelineFactory.create(PipelineFactory.java:58)
	at org.apache.hadoop.hdds.scm.pipeline.SCMPipelineManager.createPipeline(SCMPipelineManager.java:152)
	at org.apache.hadoop.hdds.scm.pipeline.BackgroundPipelineCreator.createPipelines(BackgroundPipelineCreator.java:100)
	at java.util.concurrent.Executors$RunnableAdapter.call(Executors.java:511)
	at java.util.concurrent.FutureTask.run(FutureTask.java:266)
	at java.util.concurrent.ScheduledThreadPoolExecutor$ScheduledFutureTask.access$201(ScheduledThreadPoolExecutor.java:180)
	at java.util.concurrent.ScheduledThreadPoolExecutor$ScheduledFutureTask.run(ScheduledThreadPoolExecutor.java:293)
	at java.util.concurrent.ThreadPoolExecutor.runWorker(ThreadPoolExecutor.java:1149)
	at java.util.concurrent.ThreadPoolExecutor$Worker.run(ThreadPoolExecutor.java:624)
	at java.lang.Thread.run(Thread.java:748)
2019-10-24 04:22:29,855 [Thread-328] INFO  ozone.MiniOzoneClusterImpl (MiniOzoneClusterImpl.java:lambda$waitForClusterToBeReady$0(147)) - Waiting for cluster to be ready. Got 2 of 3 DN Heartbeats.
2019-10-24 04:22:29,858 [IPC Server handler 3 on 43925] INFO  net.NetworkTopology (NetworkTopologyImpl.java:add(111)) - Added a new node: /default-rack/fc626ee6-7a97-4763-a839-00b8374ada7e
2019-10-24 04:22:29,858 [IPC Server handler 3 on 43925] INFO  node.SCMNodeManager (SCMNodeManager.java:register(268)) - Registered Data node : fc626ee6-7a97-4763-a839-00b8374ada7e{ip: 192.168.164.228, host: pr-hdds-1569-6l6kj-3873551761, networkLocation: /default-rack, certSerialId: null}
2019-10-24 04:22:29,868 [grpc-default-executor-0] INFO  impl.RaftServerProxy (RaftServerProxy.java:addNew(89)) - fc626ee6-7a97-4763-a839-00b8374ada7e: addNew group-24DE574B712B:[fc626ee6-7a97-4763-a839-00b8374ada7e:192.168.164.228:36196] returns group-24DE574B712B:java.util.concurrent.CompletableFuture@533c8d53[Not completed]
2019-10-24 04:22:29,870 [pool-127-thread-1] INFO  impl.RaftServerImpl (RaftServerImpl.java:<init>(95)) - fc626ee6-7a97-4763-a839-00b8374ada7e: new RaftServerImpl for group-24DE574B712B:[fc626ee6-7a97-4763-a839-00b8374ada7e:192.168.164.228:36196] with ContainerStateMachine:uninitialized
2019-10-24 04:22:29,870 [pool-127-thread-1] INFO  server.RaftServerConfigKeys (ConfUtils.java:logGet(43)) - raft.server.rpc.timeout.min = 5s (custom)
2019-10-24 04:22:29,870 [pool-127-thread-1] INFO  server.RaftServerConfigKeys (ConfUtils.java:logGet(43)) - raft.server.rpc.timeout.max = 5200ms (custom)
2019-10-24 04:22:29,871 [pool-127-thread-1] INFO  server.RaftServerConfigKeys (ConfUtils.java:logGet(43)) - raft.server.rpcslowness.timeout = 120s (custom)
2019-10-24 04:22:29,871 [pool-127-thread-1] INFO  server.RaftServerConfigKeys (ConfUtils.java:logGet(43)) - raft.server.sleep.deviation.threshold = 300 (default)
2019-10-24 04:22:29,871 [pool-127-thread-1] INFO  server.RaftServerConfigKeys (ConfUtils.java:logGet(43)) - raft.server.log.appender.install.snapshot.enabled = false (custom)
2019-10-24 04:22:29,871 [pool-127-thread-1] INFO  impl.RaftServerImpl (ServerState.java:<init>(103)) - fc626ee6-7a97-4763-a839-00b8374ada7e@group-24DE574B712B: ConfigurationManager, init=-1: [fc626ee6-7a97-4763-a839-00b8374ada7e:192.168.164.228:36196], old=null, confs=<EMPTY_MAP>
2019-10-24 04:22:29,871 [pool-127-thread-1] INFO  server.RaftServerConfigKeys (ConfUtils.java:logGet(43)) - raft.server.storage.dir = [/workdir/hadoop-ozone/integration-test/target/test-dir/MiniOzoneClusterImpl-44671199-cfe8-4314-91b0-bb36081afa0e/datanode-2/data/ratis] (custom)
2019-10-24 04:22:29,872 [pool-127-thread-1] INFO  server.RaftServerConfigKeys (ConfUtils.java:logGet(43)) - raft.server.log.corruption.policy = EXCEPTION (default)
2019-10-24 04:22:29,872 [pool-127-thread-1] INFO  storage.RaftStorageDirectory (RaftStorageDirectory.java:analyzeStorage(246)) - The storage directory /workdir/hadoop-ozone/integration-test/target/test-dir/MiniOzoneClusterImpl-44671199-cfe8-4314-91b0-bb36081afa0e/datanode-2/data/ratis/d85458c1-ab06-4e62-a0e4-24de574b712b does not exist. Creating ...
2019-10-24 04:22:29,876 [pool-127-thread-1] INFO  storage.RaftStorageDirectory (RaftStorageDirectory.java:tryLock(328)) - Lock on /workdir/hadoop-ozone/integration-test/target/test-dir/MiniOzoneClusterImpl-44671199-cfe8-4314-91b0-bb36081afa0e/datanode-2/data/ratis/d85458c1-ab06-4e62-a0e4-24de574b712b/in_use.lock acquired by nodename 23574@pr-hdds-1569-6l6kj-3873551761
2019-10-24 04:22:29,880 [pool-127-thread-1] INFO  storage.RaftStorage (RaftStorage.java:format(84)) - Storage directory /workdir/hadoop-ozone/integration-test/target/test-dir/MiniOzoneClusterImpl-44671199-cfe8-4314-91b0-bb36081afa0e/datanode-2/data/ratis/d85458c1-ab06-4e62-a0e4-24de574b712b has been successfully formatted.
2019-10-24 04:22:29,881 [pool-127-thread-1] INFO  ratis.ContainerStateMachine (ContainerStateMachine.java:loadSnapshot(231)) - group-24DE574B712B: The snapshot info is null. Setting the last applied indexto:(t:0, i:~)
2019-10-24 04:22:29,881 [pool-127-thread-1] INFO  server.RaftServerConfigKeys (ConfUtils.java:logGet(43)) - raft.server.notification.no-leader.timeout = 120s (custom)
2019-10-24 04:22:29,881 [pool-127-thread-1] INFO  server.RaftServerConfigKeys (ConfUtils.java:logGet(43)) - raft.server.log.use.memory = false (default)
2019-10-24 04:22:29,881 [pool-127-thread-1] INFO  server.RaftServerConfigKeys (ConfUtils.java:logGet(43)) - raft.server.log.purge.gap = 1000000 (custom)
2019-10-24 04:22:29,881 [pool-127-thread-1] INFO  server.RaftServerConfigKeys (ConfUtils.java:logGet(43)) - raft.server.log.appender.buffer.byte-limit = 33554432 (custom)
2019-10-24 04:22:29,881 [pool-127-thread-1] INFO  server.RaftServerConfigKeys (ConfUtils.java:logGet(43)) - raft.server.log.segment.size.max = 1048576 (custom)
2019-10-24 04:22:29,884 [pool-127-thread-1] INFO  server.RaftServerConfigKeys (ConfUtils.java:logGet(43)) - raft.server.log.segment.cache.num.max = 2 (custom)
2019-10-24 04:22:29,884 [pool-127-thread-1] INFO  segmented.SegmentedRaftLogWorker (SegmentedRaftLogWorker.java:<init>(173)) - new fc626ee6-7a97-4763-a839-00b8374ada7e@group-24DE574B712B-SegmentedRaftLogWorker for RaftStorage:Storage Directory /workdir/hadoop-ozone/integration-test/target/test-dir/MiniOzoneClusterImpl-44671199-cfe8-4314-91b0-bb36081afa0e/datanode-2/data/ratis/d85458c1-ab06-4e62-a0e4-24de574b712b
2019-10-24 04:22:29,884 [pool-127-thread-1] INFO  server.RaftServerConfigKeys (ConfUtils.java:logGet(43)) - raft.server.log.queue.byte-limit = 2147483647 (custom)
2019-10-24 04:22:29,885 [pool-127-thread-1] INFO  server.RaftServerConfigKeys (ConfUtils.java:logGet(43)) - raft.server.log.queue.element-limit = 1024 (custom)
2019-10-24 04:22:29,885 [pool-127-thread-1] INFO  server.RaftServerConfigKeys (ConfUtils.java:logGet(43)) - raft.server.log.segment.size.max = 1048576 (custom)
2019-10-24 04:22:29,885 [pool-127-thread-1] INFO  server.RaftServerConfigKeys (ConfUtils.java:logGet(43)) - raft.server.log.preallocated.size = 16384 (custom)
2019-10-24 04:22:29,885 [pool-127-thread-1] INFO  server.RaftServerConfigKeys (ConfUtils.java:logGet(43)) - raft.server.log.write.buffer.size = 33554432 (custom)
2019-10-24 04:22:29,885 [pool-127-thread-1] INFO  server.RaftServerConfigKeys (ConfUtils.java:logGet(43)) - raft.server.log.force.sync.num = 128 (default)
2019-10-24 04:22:29,885 [pool-127-thread-1] INFO  server.RaftServerConfigKeys (ConfUtils.java:logGet(43)) - raft.server.log.statemachine.data.sync = true (default)
2019-10-24 04:22:29,886 [pool-127-thread-1] INFO  server.RaftServerConfigKeys (ConfUtils.java:logGet(43)) - raft.server.log.statemachine.data.sync.timeout = 10s (default)
2019-10-24 04:22:29,886 [pool-127-thread-1] INFO  server.RaftServerConfigKeys (ConfUtils.java:logGet(43)) - raft.server.log.statemachine.data.sync.timeout.retry = -1 (default)
2019-10-24 04:22:29,886 [pool-127-thread-1] INFO  server.RaftServerConfigKeys (ConfUtils.java:logGet(43)) - raft.server.log.statemachine.data.caching.enabled = true (custom)
2019-10-24 04:22:29,887 [pool-127-thread-1] INFO  segmented.SegmentedRaftLogWorker (SegmentedRaftLogWorker.java:lambda$new$0(128)) - fc626ee6-7a97-4763-a839-00b8374ada7e@group-24DE574B712B-SegmentedRaftLogWorker: flushIndex: setUnconditionally 0 -> -1
2019-10-24 04:22:29,887 [pool-127-thread-1] INFO  server.RaftServerConfigKeys (ConfUtils.java:logGet(43)) - raft.server.snapshot.auto.trigger.enabled = true (custom)
2019-10-24 04:22:29,887 [pool-127-thread-1] INFO  server.RaftServerConfigKeys (ConfUtils.java:logGet(43)) - raft.server.snapshot.auto.trigger.threshold = 10000 (custom)
2019-10-24 04:22:29,887 [pool-127-thread-1] INFO  server.RaftServerConfigKeys (ConfUtils.java:logGet(43)) - raft.server.snapshot.retention.file.num = 5 (custom)
2019-10-24 04:22:29,888 [pool-127-thread-1] INFO  server.RaftServerConfigKeys (ConfUtils.java:logGet(43)) - raft.server.retrycache.expirytime = 600000ms (custom)
2019-10-24 04:22:29,890 [pool-127-thread-1] INFO  impl.RaftServerImpl (RaftServerImpl.java:start(181)) - fc626ee6-7a97-4763-a839-00b8374ada7e@group-24DE574B712B: start as a follower, conf=-1: [fc626ee6-7a97-4763-a839-00b8374ada7e:192.168.164.228:36196], old=null
2019-10-24 04:22:29,890 [pool-127-thread-1] INFO  impl.RaftServerImpl (RaftServerImpl.java:setRole(170)) - fc626ee6-7a97-4763-a839-00b8374ada7e@group-24DE574B712B: changes role from      null to FOLLOWER at term 0 for startAsFollower
2019-10-24 04:22:29,891 [pool-127-thread-1] INFO  impl.RoleInfo (RoleInfo.java:updateAndGet(143)) - fc626ee6-7a97-4763-a839-00b8374ada7e: start FollowerState
2019-10-24 04:22:29,891 [pool-127-thread-1] INFO  util.JmxRegister (JmxRegister.java:tryRegister(44)) - Successfully registered JMX Bean with object name Ratis:service=RaftServer,group=group-24DE574B712B,id=fc626ee6-7a97-4763-a839-00b8374ada7e
2019-10-24 04:22:29,898 [RatisPipelineUtilsThread] INFO  pipeline.PipelineStateManager (PipelineStateManager.java:addPipeline(56)) - Created pipeline Pipeline[ Id: d85458c1-ab06-4e62-a0e4-24de574b712b, Nodes: fc626ee6-7a97-4763-a839-00b8374ada7e{ip: 192.168.164.228, host: pr-hdds-1569-6l6kj-3873551761, networkLocation: /default-rack, certSerialId: null}, Type:RATIS, Factor:ONE, State:OPEN]
2019-10-24 04:22:29,899 [RatisPipelineUtilsThread] ERROR pipeline.SCMPipelineManager (SCMPipelineManager.java:createPipeline(162)) - Pipeline creation failed.
org.apache.hadoop.hdds.scm.exceptions.SCMException: Cannot create pipeline of factor 1 using 0 nodes. Used 3 nodes. Healthy nodes 3
	at org.apache.hadoop.hdds.scm.pipeline.RatisPipelineProvider.pickNodesNeverUsed(RatisPipelineProvider.java:128)
	at org.apache.hadoop.hdds.scm.pipeline.RatisPipelineProvider.create(RatisPipelineProvider.java:174)
	at org.apache.hadoop.hdds.scm.pipeline.PipelineFactory.create(PipelineFactory.java:58)
	at org.apache.hadoop.hdds.scm.pipeline.SCMPipelineManager.createPipeline(SCMPipelineManager.java:152)
	at org.apache.hadoop.hdds.scm.pipeline.BackgroundPipelineCreator.createPipelines(BackgroundPipelineCreator.java:100)
	at java.util.concurrent.Executors$RunnableAdapter.call(Executors.java:511)
	at java.util.concurrent.FutureTask.run(FutureTask.java:266)
	at java.util.concurrent.ScheduledThreadPoolExecutor$ScheduledFutureTask.access$201(ScheduledThreadPoolExecutor.java:180)
	at java.util.concurrent.ScheduledThreadPoolExecutor$ScheduledFutureTask.run(ScheduledThreadPoolExecutor.java:293)
	at java.util.concurrent.ThreadPoolExecutor.runWorker(ThreadPoolExecutor.java:1149)
	at java.util.concurrent.ThreadPoolExecutor$Worker.run(ThreadPoolExecutor.java:624)
	at java.lang.Thread.run(Thread.java:748)
2019-10-24 04:22:29,918 [grpc-default-executor-1] INFO  impl.RaftServerProxy (RaftServerProxy.java:addNew(89)) - bf3ee7f0-f0d7-435c-925f-54d516e7dc9d: addNew group-F7233BA83120:[fc626ee6-7a97-4763-a839-00b8374ada7e:192.168.164.228:36196, bf3ee7f0-f0d7-435c-925f-54d516e7dc9d:192.168.164.228:45286, 2c264eec-dad5-4ff7-a10a-2e277ed2168b:192.168.164.228:44671] returns group-F7233BA83120:java.util.concurrent.CompletableFuture@165c0076[Not completed]
2019-10-24 04:22:29,919 [grpc-default-executor-0] INFO  impl.RaftServerProxy (RaftServerProxy.java:addNew(89)) - fc626ee6-7a97-4763-a839-00b8374ada7e: addNew group-F7233BA83120:[fc626ee6-7a97-4763-a839-00b8374ada7e:192.168.164.228:36196, bf3ee7f0-f0d7-435c-925f-54d516e7dc9d:192.168.164.228:45286, 2c264eec-dad5-4ff7-a10a-2e277ed2168b:192.168.164.228:44671] returns group-F7233BA83120:java.util.concurrent.CompletableFuture@4e10ac1[Not completed]
2019-10-24 04:22:29,919 [grpc-default-executor-2] INFO  impl.RaftServerProxy (RaftServerProxy.java:addNew(89)) - 2c264eec-dad5-4ff7-a10a-2e277ed2168b: addNew group-F7233BA83120:[fc626ee6-7a97-4763-a839-00b8374ada7e:192.168.164.228:36196, bf3ee7f0-f0d7-435c-925f-54d516e7dc9d:192.168.164.228:45286, 2c264eec-dad5-4ff7-a10a-2e277ed2168b:192.168.164.228:44671] returns group-F7233BA83120:java.util.concurrent.CompletableFuture@231b6add[Not completed]
2019-10-24 04:22:29,920 [pool-117-thread-1] INFO  impl.RaftServerImpl (RaftServerImpl.java:<init>(95)) - bf3ee7f0-f0d7-435c-925f-54d516e7dc9d: new RaftServerImpl for group-F7233BA83120:[fc626ee6-7a97-4763-a839-00b8374ada7e:192.168.164.228:36196, bf3ee7f0-f0d7-435c-925f-54d516e7dc9d:192.168.164.228:45286, 2c264eec-dad5-4ff7-a10a-2e277ed2168b:192.168.164.228:44671] with ContainerStateMachine:uninitialized
2019-10-24 04:22:29,920 [pool-117-thread-1] INFO  server.RaftServerConfigKeys (ConfUtils.java:logGet(43)) - raft.server.rpc.timeout.min = 5s (custom)
2019-10-24 04:22:29,920 [pool-117-thread-1] INFO  server.RaftServerConfigKeys (ConfUtils.java:logGet(43)) - raft.server.rpc.timeout.max = 5200ms (custom)
2019-10-24 04:22:29,921 [pool-117-thread-1] INFO  server.RaftServerConfigKeys (ConfUtils.java:logGet(43)) - raft.server.rpcslowness.timeout = 120s (custom)
2019-10-24 04:22:29,921 [pool-117-thread-1] INFO  server.RaftServerConfigKeys (ConfUtils.java:logGet(43)) - raft.server.sleep.deviation.threshold = 300 (default)
2019-10-24 04:22:29,921 [pool-117-thread-1] INFO  server.RaftServerConfigKeys (ConfUtils.java:logGet(43)) - raft.server.log.appender.install.snapshot.enabled = false (custom)
2019-10-24 04:22:29,921 [pool-117-thread-1] INFO  impl.RaftServerImpl (ServerState.java:<init>(103)) - bf3ee7f0-f0d7-435c-925f-54d516e7dc9d@group-F7233BA83120: ConfigurationManager, init=-1: [fc626ee6-7a97-4763-a839-00b8374ada7e:192.168.164.228:36196, bf3ee7f0-f0d7-435c-925f-54d516e7dc9d:192.168.164.228:45286, 2c264eec-dad5-4ff7-a10a-2e277ed2168b:192.168.164.228:44671], old=null, confs=<EMPTY_MAP>
2019-10-24 04:22:29,921 [pool-107-thread-1] INFO  impl.RaftServerImpl (RaftServerImpl.java:<init>(95)) - 2c264eec-dad5-4ff7-a10a-2e277ed2168b: new RaftServerImpl for group-F7233BA83120:[fc626ee6-7a97-4763-a839-00b8374ada7e:192.168.164.228:36196, bf3ee7f0-f0d7-435c-925f-54d516e7dc9d:192.168.164.228:45286, 2c264eec-dad5-4ff7-a10a-2e277ed2168b:192.168.164.228:44671] with ContainerStateMachine:uninitialized
2019-10-24 04:22:29,921 [pool-117-thread-1] INFO  server.RaftServerConfigKeys (ConfUtils.java:logGet(43)) - raft.server.storage.dir = [/workdir/hadoop-ozone/integration-test/target/test-dir/MiniOzoneClusterImpl-44671199-cfe8-4314-91b0-bb36081afa0e/datanode-1/data/ratis] (custom)
2019-10-24 04:22:29,921 [pool-107-thread-1] INFO  server.RaftServerConfigKeys (ConfUtils.java:logGet(43)) - raft.server.rpc.timeout.min = 5s (custom)
2019-10-24 04:22:29,922 [pool-107-thread-1] INFO  server.RaftServerConfigKeys (ConfUtils.java:logGet(43)) - raft.server.rpc.timeout.max = 5200ms (custom)
2019-10-24 04:22:29,922 [pool-117-thread-1] INFO  server.RaftServerConfigKeys (ConfUtils.java:logGet(43)) - raft.server.log.corruption.policy = EXCEPTION (default)
2019-10-24 04:22:29,922 [pool-107-thread-1] INFO  server.RaftServerConfigKeys (ConfUtils.java:logGet(43)) - raft.server.rpcslowness.timeout = 120s (custom)
2019-10-24 04:22:29,922 [pool-117-thread-1] INFO  storage.RaftStorageDirectory (RaftStorageDirectory.java:analyzeStorage(246)) - The storage directory /workdir/hadoop-ozone/integration-test/target/test-dir/MiniOzoneClusterImpl-44671199-cfe8-4314-91b0-bb36081afa0e/datanode-1/data/ratis/811646f1-224c-4e15-a6ed-f7233ba83120 does not exist. Creating ...
2019-10-24 04:22:29,922 [pool-127-thread-1] INFO  impl.RaftServerImpl (RaftServerImpl.java:<init>(95)) - fc626ee6-7a97-4763-a839-00b8374ada7e: new RaftServerImpl for group-F7233BA83120:[fc626ee6-7a97-4763-a839-00b8374ada7e:192.168.164.228:36196, bf3ee7f0-f0d7-435c-925f-54d516e7dc9d:192.168.164.228:45286, 2c264eec-dad5-4ff7-a10a-2e277ed2168b:192.168.164.228:44671] with ContainerStateMachine:uninitialized
2019-10-24 04:22:29,922 [pool-107-thread-1] INFO  server.RaftServerConfigKeys (ConfUtils.java:logGet(43)) - raft.server.sleep.deviation.threshold = 300 (default)
2019-10-24 04:22:29,922 [pool-127-thread-1] INFO  server.RaftServerConfigKeys (ConfUtils.java:logGet(43)) - raft.server.rpc.timeout.min = 5s (custom)
2019-10-24 04:22:29,923 [pool-107-thread-1] INFO  server.RaftServerConfigKeys (ConfUtils.java:logGet(43)) - raft.server.log.appender.install.snapshot.enabled = false (custom)
2019-10-24 04:22:29,923 [pool-127-thread-1] INFO  server.RaftServerConfigKeys (ConfUtils.java:logGet(43)) - raft.server.rpc.timeout.max = 5200ms (custom)
2019-10-24 04:22:29,923 [pool-107-thread-1] INFO  impl.RaftServerImpl (ServerState.java:<init>(103)) - 2c264eec-dad5-4ff7-a10a-2e277ed2168b@group-F7233BA83120: ConfigurationManager, init=-1: [fc626ee6-7a97-4763-a839-00b8374ada7e:192.168.164.228:36196, bf3ee7f0-f0d7-435c-925f-54d516e7dc9d:192.168.164.228:45286, 2c264eec-dad5-4ff7-a10a-2e277ed2168b:192.168.164.228:44671], old=null, confs=<EMPTY_MAP>
2019-10-24 04:22:29,923 [pool-127-thread-1] INFO  server.RaftServerConfigKeys (ConfUtils.java:logGet(43)) - raft.server.rpcslowness.timeout = 120s (custom)
2019-10-24 04:22:29,923 [pool-107-thread-1] INFO  server.RaftServerConfigKeys (ConfUtils.java:logGet(43)) - raft.server.storage.dir = [/workdir/hadoop-ozone/integration-test/target/test-dir/MiniOzoneClusterImpl-44671199-cfe8-4314-91b0-bb36081afa0e/datanode-0/data/ratis] (custom)
2019-10-24 04:22:29,923 [pool-127-thread-1] INFO  server.RaftServerConfigKeys (ConfUtils.java:logGet(43)) - raft.server.sleep.deviation.threshold = 300 (default)
2019-10-24 04:22:29,924 [pool-127-thread-1] INFO  server.RaftServerConfigKeys (ConfUtils.java:logGet(43)) - raft.server.log.appender.install.snapshot.enabled = false (custom)
2019-10-24 04:22:29,924 [pool-107-thread-1] INFO  server.RaftServerConfigKeys (ConfUtils.java:logGet(43)) - raft.server.log.corruption.policy = EXCEPTION (default)
2019-10-24 04:22:29,924 [pool-127-thread-1] INFO  impl.RaftServerImpl (ServerState.java:<init>(103)) - fc626ee6-7a97-4763-a839-00b8374ada7e@group-F7233BA83120: ConfigurationManager, init=-1: [fc626ee6-7a97-4763-a839-00b8374ada7e:192.168.164.228:36196, bf3ee7f0-f0d7-435c-925f-54d516e7dc9d:192.168.164.228:45286, 2c264eec-dad5-4ff7-a10a-2e277ed2168b:192.168.164.228:44671], old=null, confs=<EMPTY_MAP>
2019-10-24 04:22:29,924 [pool-107-thread-1] INFO  storage.RaftStorageDirectory (RaftStorageDirectory.java:analyzeStorage(246)) - The storage directory /workdir/hadoop-ozone/integration-test/target/test-dir/MiniOzoneClusterImpl-44671199-cfe8-4314-91b0-bb36081afa0e/datanode-0/data/ratis/811646f1-224c-4e15-a6ed-f7233ba83120 does not exist. Creating ...
2019-10-24 04:22:29,924 [pool-127-thread-1] INFO  server.RaftServerConfigKeys (ConfUtils.java:logGet(43)) - raft.server.storage.dir = [/workdir/hadoop-ozone/integration-test/target/test-dir/MiniOzoneClusterImpl-44671199-cfe8-4314-91b0-bb36081afa0e/datanode-2/data/ratis] (custom)
2019-10-24 04:22:29,924 [pool-127-thread-1] INFO  server.RaftServerConfigKeys (ConfUtils.java:logGet(43)) - raft.server.log.corruption.policy = EXCEPTION (default)
2019-10-24 04:22:29,925 [pool-127-thread-1] INFO  storage.RaftStorageDirectory (RaftStorageDirectory.java:analyzeStorage(246)) - The storage directory /workdir/hadoop-ozone/integration-test/target/test-dir/MiniOzoneClusterImpl-44671199-cfe8-4314-91b0-bb36081afa0e/datanode-2/data/ratis/811646f1-224c-4e15-a6ed-f7233ba83120 does not exist. Creating ...
2019-10-24 04:22:29,928 [pool-117-thread-1] INFO  storage.RaftStorageDirectory (RaftStorageDirectory.java:tryLock(328)) - Lock on /workdir/hadoop-ozone/integration-test/target/test-dir/MiniOzoneClusterImpl-44671199-cfe8-4314-91b0-bb36081afa0e/datanode-1/data/ratis/811646f1-224c-4e15-a6ed-f7233ba83120/in_use.lock acquired by nodename 23574@pr-hdds-1569-6l6kj-3873551761
2019-10-24 04:22:29,928 [pool-107-thread-1] INFO  storage.RaftStorageDirectory (RaftStorageDirectory.java:tryLock(328)) - Lock on /workdir/hadoop-ozone/integration-test/target/test-dir/MiniOzoneClusterImpl-44671199-cfe8-4314-91b0-bb36081afa0e/datanode-0/data/ratis/811646f1-224c-4e15-a6ed-f7233ba83120/in_use.lock acquired by nodename 23574@pr-hdds-1569-6l6kj-3873551761
2019-10-24 04:22:29,930 [pool-127-thread-1] INFO  storage.RaftStorageDirectory (RaftStorageDirectory.java:tryLock(328)) - Lock on /workdir/hadoop-ozone/integration-test/target/test-dir/MiniOzoneClusterImpl-44671199-cfe8-4314-91b0-bb36081afa0e/datanode-2/data/ratis/811646f1-224c-4e15-a6ed-f7233ba83120/in_use.lock acquired by nodename 23574@pr-hdds-1569-6l6kj-3873551761
2019-10-24 04:22:29,933 [pool-117-thread-1] INFO  storage.RaftStorage (RaftStorage.java:format(84)) - Storage directory /workdir/hadoop-ozone/integration-test/target/test-dir/MiniOzoneClusterImpl-44671199-cfe8-4314-91b0-bb36081afa0e/datanode-1/data/ratis/811646f1-224c-4e15-a6ed-f7233ba83120 has been successfully formatted.
2019-10-24 04:22:29,933 [pool-107-thread-1] INFO  storage.RaftStorage (RaftStorage.java:format(84)) - Storage directory /workdir/hadoop-ozone/integration-test/target/test-dir/MiniOzoneClusterImpl-44671199-cfe8-4314-91b0-bb36081afa0e/datanode-0/data/ratis/811646f1-224c-4e15-a6ed-f7233ba83120 has been successfully formatted.
2019-10-24 04:22:29,933 [pool-117-thread-1] INFO  ratis.ContainerStateMachine (ContainerStateMachine.java:loadSnapshot(231)) - group-F7233BA83120: The snapshot info is null. Setting the last applied indexto:(t:0, i:~)
2019-10-24 04:22:29,933 [pool-117-thread-1] INFO  server.RaftServerConfigKeys (ConfUtils.java:logGet(43)) - raft.server.notification.no-leader.timeout = 120s (custom)
2019-10-24 04:22:29,933 [pool-107-thread-1] INFO  ratis.ContainerStateMachine (ContainerStateMachine.java:loadSnapshot(231)) - group-F7233BA83120: The snapshot info is null. Setting the last applied indexto:(t:0, i:~)
2019-10-24 04:22:29,933 [pool-117-thread-1] INFO  server.RaftServerConfigKeys (ConfUtils.java:logGet(43)) - raft.server.log.use.memory = false (default)
2019-10-24 04:22:29,934 [pool-107-thread-1] INFO  server.RaftServerConfigKeys (ConfUtils.java:logGet(43)) - raft.server.notification.no-leader.timeout = 120s (custom)
2019-10-24 04:22:29,934 [pool-117-thread-1] INFO  server.RaftServerConfigKeys (ConfUtils.java:logGet(43)) - raft.server.log.purge.gap = 1000000 (custom)
2019-10-24 04:22:29,934 [pool-107-thread-1] INFO  server.RaftServerConfigKeys (ConfUtils.java:logGet(43)) - raft.server.log.use.memory = false (default)
2019-10-24 04:22:29,934 [pool-117-thread-1] INFO  server.RaftServerConfigKeys (ConfUtils.java:logGet(43)) - raft.server.log.appender.buffer.byte-limit = 33554432 (custom)
2019-10-24 04:22:29,934 [pool-107-thread-1] INFO  server.RaftServerConfigKeys (ConfUtils.java:logGet(43)) - raft.server.log.purge.gap = 1000000 (custom)
2019-10-24 04:22:29,934 [pool-117-thread-1] INFO  server.RaftServerConfigKeys (ConfUtils.java:logGet(43)) - raft.server.log.segment.size.max = 1048576 (custom)
2019-10-24 04:22:29,934 [pool-107-thread-1] INFO  server.RaftServerConfigKeys (ConfUtils.java:logGet(43)) - raft.server.log.appender.buffer.byte-limit = 33554432 (custom)
2019-10-24 04:22:29,935 [pool-117-thread-1] INFO  server.RaftServerConfigKeys (ConfUtils.java:logGet(43)) - raft.server.log.segment.cache.num.max = 2 (custom)
2019-10-24 04:22:29,935 [pool-107-thread-1] INFO  server.RaftServerConfigKeys (ConfUtils.java:logGet(43)) - raft.server.log.segment.size.max = 1048576 (custom)
2019-10-24 04:22:29,935 [pool-117-thread-1] INFO  segmented.SegmentedRaftLogWorker (SegmentedRaftLogWorker.java:<init>(173)) - new bf3ee7f0-f0d7-435c-925f-54d516e7dc9d@group-F7233BA83120-SegmentedRaftLogWorker for RaftStorage:Storage Directory /workdir/hadoop-ozone/integration-test/target/test-dir/MiniOzoneClusterImpl-44671199-cfe8-4314-91b0-bb36081afa0e/datanode-1/data/ratis/811646f1-224c-4e15-a6ed-f7233ba83120
2019-10-24 04:22:29,935 [pool-107-thread-1] INFO  server.RaftServerConfigKeys (ConfUtils.java:logGet(43)) - raft.server.log.segment.cache.num.max = 2 (custom)
2019-10-24 04:22:29,935 [pool-117-thread-1] INFO  server.RaftServerConfigKeys (ConfUtils.java:logGet(43)) - raft.server.log.queue.byte-limit = 2147483647 (custom)
2019-10-24 04:22:29,935 [pool-107-thread-1] INFO  segmented.SegmentedRaftLogWorker (SegmentedRaftLogWorker.java:<init>(173)) - new 2c264eec-dad5-4ff7-a10a-2e277ed2168b@group-F7233BA83120-SegmentedRaftLogWorker for RaftStorage:Storage Directory /workdir/hadoop-ozone/integration-test/target/test-dir/MiniOzoneClusterImpl-44671199-cfe8-4314-91b0-bb36081afa0e/datanode-0/data/ratis/811646f1-224c-4e15-a6ed-f7233ba83120
2019-10-24 04:22:29,935 [pool-117-thread-1] INFO  server.RaftServerConfigKeys (ConfUtils.java:logGet(43)) - raft.server.log.queue.element-limit = 1024 (custom)
2019-10-24 04:22:29,936 [pool-107-thread-1] INFO  server.RaftServerConfigKeys (ConfUtils.java:logGet(43)) - raft.server.log.queue.byte-limit = 2147483647 (custom)
2019-10-24 04:22:29,936 [pool-117-thread-1] INFO  server.RaftServerConfigKeys (ConfUtils.java:logGet(43)) - raft.server.log.segment.size.max = 1048576 (custom)
2019-10-24 04:22:29,936 [pool-107-thread-1] INFO  server.RaftServerConfigKeys (ConfUtils.java:logGet(43)) - raft.server.log.queue.element-limit = 1024 (custom)
2019-10-24 04:22:29,936 [pool-117-thread-1] INFO  server.RaftServerConfigKeys (ConfUtils.java:logGet(43)) - raft.server.log.preallocated.size = 16384 (custom)
2019-10-24 04:22:29,936 [pool-107-thread-1] INFO  server.RaftServerConfigKeys (ConfUtils.java:logGet(43)) - raft.server.log.segment.size.max = 1048576 (custom)
2019-10-24 04:22:29,936 [pool-117-thread-1] INFO  server.RaftServerConfigKeys (ConfUtils.java:logGet(43)) - raft.server.log.write.buffer.size = 33554432 (custom)
2019-10-24 04:22:29,937 [pool-107-thread-1] INFO  server.RaftServerConfigKeys (ConfUtils.java:logGet(43)) - raft.server.log.preallocated.size = 16384 (custom)
2019-10-24 04:22:29,937 [pool-117-thread-1] INFO  server.RaftServerConfigKeys (ConfUtils.java:logGet(43)) - raft.server.log.force.sync.num = 128 (default)
2019-10-24 04:22:29,937 [pool-107-thread-1] INFO  server.RaftServerConfigKeys (ConfUtils.java:logGet(43)) - raft.server.log.write.buffer.size = 33554432 (custom)
2019-10-24 04:22:29,937 [pool-117-thread-1] INFO  server.RaftServerConfigKeys (ConfUtils.java:logGet(43)) - raft.server.log.statemachine.data.sync = true (default)
2019-10-24 04:22:29,937 [pool-107-thread-1] INFO  server.RaftServerConfigKeys (ConfUtils.java:logGet(43)) - raft.server.log.force.sync.num = 128 (default)
2019-10-24 04:22:29,937 [pool-127-thread-1] INFO  storage.RaftStorage (RaftStorage.java:format(84)) - Storage directory /workdir/hadoop-ozone/integration-test/target/test-dir/MiniOzoneClusterImpl-44671199-cfe8-4314-91b0-bb36081afa0e/datanode-2/data/ratis/811646f1-224c-4e15-a6ed-f7233ba83120 has been successfully formatted.
2019-10-24 04:22:29,937 [pool-117-thread-1] INFO  server.RaftServerConfigKeys (ConfUtils.java:logGet(43)) - raft.server.log.statemachine.data.sync.timeout = 10s (default)
2019-10-24 04:22:29,937 [pool-107-thread-1] INFO  server.RaftServerConfigKeys (ConfUtils.java:logGet(43)) - raft.server.log.statemachine.data.sync = true (default)
2019-10-24 04:22:29,938 [pool-127-thread-1] INFO  ratis.ContainerStateMachine (ContainerStateMachine.java:loadSnapshot(231)) - group-F7233BA83120: The snapshot info is null. Setting the last applied indexto:(t:0, i:~)
2019-10-24 04:22:29,938 [pool-117-thread-1] INFO  server.RaftServerConfigKeys (ConfUtils.java:logGet(43)) - raft.server.log.statemachine.data.sync.timeout.retry = -1 (default)
2019-10-24 04:22:29,938 [pool-127-thread-1] INFO  server.RaftServerConfigKeys (ConfUtils.java:logGet(43)) - raft.server.notification.no-leader.timeout = 120s (custom)
2019-10-24 04:22:29,938 [pool-117-thread-1] INFO  server.RaftServerConfigKeys (ConfUtils.java:logGet(43)) - raft.server.log.statemachine.data.caching.enabled = true (custom)
2019-10-24 04:22:29,938 [pool-107-thread-1] INFO  server.RaftServerConfigKeys (ConfUtils.java:logGet(43)) - raft.server.log.statemachine.data.sync.timeout = 10s (default)
2019-10-24 04:22:29,938 [pool-127-thread-1] INFO  server.RaftServerConfigKeys (ConfUtils.java:logGet(43)) - raft.server.log.use.memory = false (default)
2019-10-24 04:22:29,939 [pool-117-thread-1] INFO  segmented.SegmentedRaftLogWorker (SegmentedRaftLogWorker.java:lambda$new$0(128)) - bf3ee7f0-f0d7-435c-925f-54d516e7dc9d@group-F7233BA83120-SegmentedRaftLogWorker: flushIndex: setUnconditionally 0 -> -1
2019-10-24 04:22:29,939 [pool-107-thread-1] INFO  server.RaftServerConfigKeys (ConfUtils.java:logGet(43)) - raft.server.log.statemachine.data.sync.timeout.retry = -1 (default)
2019-10-24 04:22:29,939 [pool-127-thread-1] INFO  server.RaftServerConfigKeys (ConfUtils.java:logGet(43)) - raft.server.log.purge.gap = 1000000 (custom)
2019-10-24 04:22:29,939 [pool-117-thread-1] INFO  server.RaftServerConfigKeys (ConfUtils.java:logGet(43)) - raft.server.snapshot.auto.trigger.enabled = true (custom)
2019-10-24 04:22:29,939 [pool-127-thread-1] INFO  server.RaftServerConfigKeys (ConfUtils.java:logGet(43)) - raft.server.log.appender.buffer.byte-limit = 33554432 (custom)
2019-10-24 04:22:29,939 [pool-117-thread-1] INFO  server.RaftServerConfigKeys (ConfUtils.java:logGet(43)) - raft.server.snapshot.auto.trigger.threshold = 10000 (custom)
2019-10-24 04:22:29,939 [pool-107-thread-1] INFO  server.RaftServerConfigKeys (ConfUtils.java:logGet(43)) - raft.server.log.statemachine.data.caching.enabled = true (custom)
2019-10-24 04:22:29,940 [pool-117-thread-1] INFO  server.RaftServerConfigKeys (ConfUtils.java:logGet(43)) - raft.server.snapshot.retention.file.num = 5 (custom)
2019-10-24 04:22:29,940 [pool-127-thread-1] INFO  server.RaftServerConfigKeys (ConfUtils.java:logGet(43)) - raft.server.log.segment.size.max = 1048576 (custom)
2019-10-24 04:22:29,940 [pool-117-thread-1] INFO  server.RaftServerConfigKeys (ConfUtils.java:logGet(43)) - raft.server.retrycache.expirytime = 600000ms (custom)
2019-10-24 04:22:29,940 [pool-107-thread-1] INFO  segmented.SegmentedRaftLogWorker (SegmentedRaftLogWorker.java:lambda$new$0(128)) - 2c264eec-dad5-4ff7-a10a-2e277ed2168b@group-F7233BA83120-SegmentedRaftLogWorker: flushIndex: setUnconditionally 0 -> -1
2019-10-24 04:22:29,940 [pool-127-thread-1] INFO  server.RaftServerConfigKeys (ConfUtils.java:logGet(43)) - raft.server.log.segment.cache.num.max = 2 (custom)
2019-10-24 04:22:29,940 [pool-107-thread-1] INFO  server.RaftServerConfigKeys (ConfUtils.java:logGet(43)) - raft.server.snapshot.auto.trigger.enabled = true (custom)
2019-10-24 04:22:29,940 [pool-127-thread-1] INFO  segmented.SegmentedRaftLogWorker (SegmentedRaftLogWorker.java:<init>(173)) - new fc626ee6-7a97-4763-a839-00b8374ada7e@group-F7233BA83120-SegmentedRaftLogWorker for RaftStorage:Storage Directory /workdir/hadoop-ozone/integration-test/target/test-dir/MiniOzoneClusterImpl-44671199-cfe8-4314-91b0-bb36081afa0e/datanode-2/data/ratis/811646f1-224c-4e15-a6ed-f7233ba83120
2019-10-24 04:22:29,941 [pool-107-thread-1] INFO  server.RaftServerConfigKeys (ConfUtils.java:logGet(43)) - raft.server.snapshot.auto.trigger.threshold = 10000 (custom)
2019-10-24 04:22:29,941 [pool-127-thread-1] INFO  server.RaftServerConfigKeys (ConfUtils.java:logGet(43)) - raft.server.log.queue.byte-limit = 2147483647 (custom)
2019-10-24 04:22:29,941 [pool-107-thread-1] INFO  server.RaftServerConfigKeys (ConfUtils.java:logGet(43)) - raft.server.snapshot.retention.file.num = 5 (custom)
2019-10-24 04:22:29,941 [pool-127-thread-1] INFO  server.RaftServerConfigKeys (ConfUtils.java:logGet(43)) - raft.server.log.queue.element-limit = 1024 (custom)
2019-10-24 04:22:29,941 [pool-107-thread-1] INFO  server.RaftServerConfigKeys (ConfUtils.java:logGet(43)) - raft.server.retrycache.expirytime = 600000ms (custom)
2019-10-24 04:22:29,941 [pool-127-thread-1] INFO  server.RaftServerConfigKeys (ConfUtils.java:logGet(43)) - raft.server.log.segment.size.max = 1048576 (custom)
2019-10-24 04:22:29,941 [pool-127-thread-1] INFO  server.RaftServerConfigKeys (ConfUtils.java:logGet(43)) - raft.server.log.preallocated.size = 16384 (custom)
2019-10-24 04:22:29,942 [pool-127-thread-1] INFO  server.RaftServerConfigKeys (ConfUtils.java:logGet(43)) - raft.server.log.write.buffer.size = 33554432 (custom)
2019-10-24 04:22:29,942 [pool-127-thread-1] INFO  server.RaftServerConfigKeys (ConfUtils.java:logGet(43)) - raft.server.log.force.sync.num = 128 (default)
2019-10-24 04:22:29,942 [pool-127-thread-1] INFO  server.RaftServerConfigKeys (ConfUtils.java:logGet(43)) - raft.server.log.statemachine.data.sync = true (default)
2019-10-24 04:22:29,942 [pool-127-thread-1] INFO  server.RaftServerConfigKeys (ConfUtils.java:logGet(43)) - raft.server.log.statemachine.data.sync.timeout = 10s (default)
2019-10-24 04:22:29,942 [pool-127-thread-1] INFO  server.RaftServerConfigKeys (ConfUtils.java:logGet(43)) - raft.server.log.statemachine.data.sync.timeout.retry = -1 (default)
2019-10-24 04:22:29,943 [pool-127-thread-1] INFO  server.RaftServerConfigKeys (ConfUtils.java:logGet(43)) - raft.server.log.statemachine.data.caching.enabled = true (custom)
2019-10-24 04:22:29,943 [pool-117-thread-1] INFO  impl.RaftServerImpl (RaftServerImpl.java:start(181)) - bf3ee7f0-f0d7-435c-925f-54d516e7dc9d@group-F7233BA83120: start as a follower, conf=-1: [fc626ee6-7a97-4763-a839-00b8374ada7e:192.168.164.228:36196, bf3ee7f0-f0d7-435c-925f-54d516e7dc9d:192.168.164.228:45286, 2c264eec-dad5-4ff7-a10a-2e277ed2168b:192.168.164.228:44671], old=null
2019-10-24 04:22:29,943 [pool-127-thread-1] INFO  segmented.SegmentedRaftLogWorker (SegmentedRaftLogWorker.java:lambda$new$0(128)) - fc626ee6-7a97-4763-a839-00b8374ada7e@group-F7233BA83120-SegmentedRaftLogWorker: flushIndex: setUnconditionally 0 -> -1
2019-10-24 04:22:29,943 [pool-117-thread-1] INFO  impl.RaftServerImpl (RaftServerImpl.java:setRole(170)) - bf3ee7f0-f0d7-435c-925f-54d516e7dc9d@group-F7233BA83120: changes role from      null to FOLLOWER at term 0 for startAsFollower
2019-10-24 04:22:29,943 [pool-117-thread-1] INFO  impl.RoleInfo (RoleInfo.java:updateAndGet(143)) - bf3ee7f0-f0d7-435c-925f-54d516e7dc9d: start FollowerState
2019-10-24 04:22:29,943 [pool-127-thread-1] INFO  server.RaftServerConfigKeys (ConfUtils.java:logGet(43)) - raft.server.snapshot.auto.trigger.enabled = true (custom)
2019-10-24 04:22:29,944 [pool-127-thread-1] INFO  server.RaftServerConfigKeys (ConfUtils.java:logGet(43)) - raft.server.snapshot.auto.trigger.threshold = 10000 (custom)
2019-10-24 04:22:29,944 [pool-117-thread-1] INFO  util.JmxRegister (JmxRegister.java:tryRegister(44)) - Successfully registered JMX Bean with object name Ratis:service=RaftServer,group=group-F7233BA83120,id=bf3ee7f0-f0d7-435c-925f-54d516e7dc9d
2019-10-24 04:22:29,944 [pool-107-thread-1] INFO  impl.RaftServerImpl (RaftServerImpl.java:start(181)) - 2c264eec-dad5-4ff7-a10a-2e277ed2168b@group-F7233BA83120: start as a follower, conf=-1: [fc626ee6-7a97-4763-a839-00b8374ada7e:192.168.164.228:36196, bf3ee7f0-f0d7-435c-925f-54d516e7dc9d:192.168.164.228:45286, 2c264eec-dad5-4ff7-a10a-2e277ed2168b:192.168.164.228:44671], old=null
2019-10-24 04:22:29,944 [pool-127-thread-1] INFO  server.RaftServerConfigKeys (ConfUtils.java:logGet(43)) - raft.server.snapshot.retention.file.num = 5 (custom)
2019-10-24 04:22:29,944 [pool-107-thread-1] INFO  impl.RaftServerImpl (RaftServerImpl.java:setRole(170)) - 2c264eec-dad5-4ff7-a10a-2e277ed2168b@group-F7233BA83120: changes role from      null to FOLLOWER at term 0 for startAsFollower
2019-10-24 04:22:29,944 [pool-127-thread-1] INFO  server.RaftServerConfigKeys (ConfUtils.java:logGet(43)) - raft.server.retrycache.expirytime = 600000ms (custom)
2019-10-24 04:22:29,944 [pool-107-thread-1] INFO  impl.RoleInfo (RoleInfo.java:updateAndGet(143)) - 2c264eec-dad5-4ff7-a10a-2e277ed2168b: start FollowerState
2019-10-24 04:22:29,945 [pool-107-thread-1] INFO  util.JmxRegister (JmxRegister.java:tryRegister(44)) - Successfully registered JMX Bean with object name Ratis:service=RaftServer,group=group-F7233BA83120,id=2c264eec-dad5-4ff7-a10a-2e277ed2168b
2019-10-24 04:22:29,949 [pool-127-thread-1] INFO  impl.RaftServerImpl (RaftServerImpl.java:start(181)) - fc626ee6-7a97-4763-a839-00b8374ada7e@group-F7233BA83120: start as a follower, conf=-1: [fc626ee6-7a97-4763-a839-00b8374ada7e:192.168.164.228:36196, bf3ee7f0-f0d7-435c-925f-54d516e7dc9d:192.168.164.228:45286, 2c264eec-dad5-4ff7-a10a-2e277ed2168b:192.168.164.228:44671], old=null
2019-10-24 04:22:29,949 [pool-127-thread-1] INFO  impl.RaftServerImpl (RaftServerImpl.java:setRole(170)) - fc626ee6-7a97-4763-a839-00b8374ada7e@group-F7233BA83120: changes role from      null to FOLLOWER at term 0 for startAsFollower
2019-10-24 04:22:29,949 [pool-127-thread-1] INFO  impl.RoleInfo (RoleInfo.java:updateAndGet(143)) - fc626ee6-7a97-4763-a839-00b8374ada7e: start FollowerState
2019-10-24 04:22:29,951 [pool-127-thread-1] INFO  util.JmxRegister (JmxRegister.java:tryRegister(44)) - Successfully registered JMX Bean with object name Ratis:service=RaftServer,group=group-F7233BA83120,id=fc626ee6-7a97-4763-a839-00b8374ada7e
2019-10-24 04:22:29,961 [RatisPipelineUtilsThread] INFO  pipeline.PipelineStateManager (PipelineStateManager.java:addPipeline(56)) - Created pipeline Pipeline[ Id: 811646f1-224c-4e15-a6ed-f7233ba83120, Nodes: bf3ee7f0-f0d7-435c-925f-54d516e7dc9d{ip: 192.168.164.228, host: pr-hdds-1569-6l6kj-3873551761, networkLocation: /default-rack, certSerialId: null}2c264eec-dad5-4ff7-a10a-2e277ed2168b{ip: 192.168.164.228, host: pr-hdds-1569-6l6kj-3873551761, networkLocation: /default-rack, certSerialId: null}fc626ee6-7a97-4763-a839-00b8374ada7e{ip: 192.168.164.228, host: pr-hdds-1569-6l6kj-3873551761, networkLocation: /default-rack, certSerialId: null}, Type:RATIS, Factor:THREE, State:OPEN]
2019-10-24 04:22:29,962 [RatisPipelineUtilsThread] INFO  pipeline.PipelinePlacementPolicy (PipelinePlacementPolicy.java:meetCriteria(117)) - Pipeline Placement: can't place more pipeline on heavy datanode? bf3ee7f0-f0d7-435c-925f-54d516e7dc9d Heaviness: 2 limit: 2
2019-10-24 04:22:29,962 [RatisPipelineUtilsThread] INFO  pipeline.PipelinePlacementPolicy (PipelinePlacementPolicy.java:meetCriteria(117)) - Pipeline Placement: can't place more pipeline on heavy datanode? fc626ee6-7a97-4763-a839-00b8374ada7e Heaviness: 2 limit: 2
2019-10-24 04:22:29,962 [RatisPipelineUtilsThread] INFO  pipeline.PipelinePlacementPolicy (PipelinePlacementPolicy.java:meetCriteria(117)) - Pipeline Placement: can't place more pipeline on heavy datanode? 2c264eec-dad5-4ff7-a10a-2e277ed2168b Heaviness: 2 limit: 2
2019-10-24 04:22:29,962 [RatisPipelineUtilsThread] ERROR pipeline.PipelinePlacementPolicy (PipelinePlacementPolicy.java:filterViableNodes(175)) - Unable to find enough nodes that meet the criteria that cannot engage in more than 2 pipelines. Nodes required: 3 Found: 0, healthy nodes count in NodeManager: 3.
2019-10-24 04:22:29,962 [RatisPipelineUtilsThread] ERROR pipeline.SCMPipelineManager (SCMPipelineManager.java:createPipeline(162)) - Pipeline creation failed.
org.apache.hadoop.hdds.scm.exceptions.SCMException: Unable to find enough nodes that meet the criteria that cannot engage in more than 2 pipelines. Nodes required: 3 Found: 0, healthy nodes count in NodeManager: 3.
	at org.apache.hadoop.hdds.scm.pipeline.PipelinePlacementPolicy.filterViableNodes(PipelinePlacementPolicy.java:176)
	at org.apache.hadoop.hdds.scm.pipeline.PipelinePlacementPolicy.chooseDatanodes(PipelinePlacementPolicy.java:199)
	at org.apache.hadoop.hdds.scm.pipeline.RatisPipelineProvider.create(RatisPipelineProvider.java:177)
	at org.apache.hadoop.hdds.scm.pipeline.PipelineFactory.create(PipelineFactory.java:58)
	at org.apache.hadoop.hdds.scm.pipeline.SCMPipelineManager.createPipeline(SCMPipelineManager.java:152)
	at org.apache.hadoop.hdds.scm.pipeline.BackgroundPipelineCreator.createPipelines(BackgroundPipelineCreator.java:100)
	at java.util.concurrent.Executors$RunnableAdapter.call(Executors.java:511)
	at java.util.concurrent.FutureTask.run(FutureTask.java:266)
	at java.util.concurrent.ScheduledThreadPoolExecutor$ScheduledFutureTask.access$201(ScheduledThreadPoolExecutor.java:180)
	at java.util.concurrent.ScheduledThreadPoolExecutor$ScheduledFutureTask.run(ScheduledThreadPoolExecutor.java:293)
	at java.util.concurrent.ThreadPoolExecutor.runWorker(ThreadPoolExecutor.java:1149)
	at java.util.concurrent.ThreadPoolExecutor$Worker.run(ThreadPoolExecutor.java:624)
	at java.lang.Thread.run(Thread.java:748)
2019-10-24 04:22:30,856 [Thread-328] INFO  ozone.MiniOzoneClusterImpl (MiniOzoneClusterImpl.java:lambda$waitForClusterToBeReady$0(147)) - Cluster is ready. Got 3 of 3 DN Heartbeats.
2019-10-24 04:22:31,678 [Datanode State Machine Thread - 0] INFO  statemachine.DatanodeStateMachine (DatanodeStateMachine.java:lambda$startDaemon$0(350)) - Ozone container server started.
2019-10-24 04:22:32,690 [Thread-500] INFO  container.ReplicationManager (ReplicationManager.java:start(163)) - Starting Replication Monitor Thread.
2019-10-24 04:22:32,693 [ReplicationMonitor] INFO  container.ReplicationManager (ReplicationManager.java:run(226)) - Replication Monitor Thread took 0 milliseconds for processing 0 containers.
2019-10-24 04:22:34,803 [Thread-502] INFO  impl.FollowerState (FollowerState.java:run(108)) - 2c264eec-dad5-4ff7-a10a-2e277ed2168b@group-47973E6DCE6F-FollowerState: change to CANDIDATE, lastRpcTime:5053ms, electionTimeout:5053ms
2019-10-24 04:22:34,804 [Thread-502] INFO  impl.RoleInfo (RoleInfo.java:shutdownFollowerState(121)) - 2c264eec-dad5-4ff7-a10a-2e277ed2168b: shutdown FollowerState
2019-10-24 04:22:34,804 [Thread-502] INFO  impl.RaftServerImpl (RaftServerImpl.java:setRole(170)) - 2c264eec-dad5-4ff7-a10a-2e277ed2168b@group-47973E6DCE6F: changes role from  FOLLOWER to CANDIDATE at term 0 for changeToCandidate
2019-10-24 04:22:34,804 [Thread-502] INFO  impl.RoleInfo (RoleInfo.java:updateAndGet(143)) - 2c264eec-dad5-4ff7-a10a-2e277ed2168b: start LeaderElection
2019-10-24 04:22:34,830 [2c264eec-dad5-4ff7-a10a-2e277ed2168b@group-47973E6DCE6F-LeaderElection14] INFO  impl.LeaderElection (LeaderElection.java:askForVotes(178)) - 2c264eec-dad5-4ff7-a10a-2e277ed2168b@group-47973E6DCE6F-LeaderElection14: begin an election at term 1 for -1: [2c264eec-dad5-4ff7-a10a-2e277ed2168b:192.168.164.228:44671], old=null
2019-10-24 04:22:34,830 [2c264eec-dad5-4ff7-a10a-2e277ed2168b@group-47973E6DCE6F-LeaderElection14] INFO  impl.RoleInfo (RoleInfo.java:shutdownLeaderElection(134)) - 2c264eec-dad5-4ff7-a10a-2e277ed2168b: shutdown LeaderElection
2019-10-24 04:22:34,830 [2c264eec-dad5-4ff7-a10a-2e277ed2168b@group-47973E6DCE6F-LeaderElection14] INFO  impl.RaftServerImpl (RaftServerImpl.java:setRole(170)) - 2c264eec-dad5-4ff7-a10a-2e277ed2168b@group-47973E6DCE6F: changes role from CANDIDATE to LEADER at term 1 for changeToLeader
2019-10-24 04:22:34,830 [2c264eec-dad5-4ff7-a10a-2e277ed2168b@group-47973E6DCE6F-LeaderElection14] INFO  impl.RaftServerImpl (ServerState.java:setLeader(255)) - 2c264eec-dad5-4ff7-a10a-2e277ed2168b@group-47973E6DCE6F: change Leader from null to 2c264eec-dad5-4ff7-a10a-2e277ed2168b at term 1 for becomeLeader, leader elected after 5092ms
2019-10-24 04:22:34,831 [2c264eec-dad5-4ff7-a10a-2e277ed2168b@group-47973E6DCE6F-LeaderElection14] INFO  server.RaftServerConfigKeys (ConfUtils.java:logGet(43)) - raft.server.staging.catchup.gap = 1000 (default)
2019-10-24 04:22:34,831 [2c264eec-dad5-4ff7-a10a-2e277ed2168b@group-47973E6DCE6F-LeaderElection14] INFO  server.RaftServerConfigKeys (ConfUtils.java:logGet(43)) - raft.server.rpc.sleep.time = 25ms (default)
2019-10-24 04:22:34,831 [2c264eec-dad5-4ff7-a10a-2e277ed2168b@group-47973E6DCE6F-LeaderElection14] INFO  server.RaftServerConfigKeys (ConfUtils.java:logGet(43)) - raft.server.write.element-limit = 4096 (default)
2019-10-24 04:22:34,831 [2c264eec-dad5-4ff7-a10a-2e277ed2168b@group-47973E6DCE6F-LeaderElection14] INFO  server.RaftServerConfigKeys (ConfUtils.java:logGet(43)) - raft.server.watch.timeout = 10s (default)
2019-10-24 04:22:34,832 [2c264eec-dad5-4ff7-a10a-2e277ed2168b@group-47973E6DCE6F-LeaderElection14] INFO  server.RaftServerConfigKeys (ConfUtils.java:logGet(43)) - raft.server.watch.timeout.denomination = 1s (default)
2019-10-24 04:22:34,832 [2c264eec-dad5-4ff7-a10a-2e277ed2168b@group-47973E6DCE6F-LeaderElection14] INFO  server.RaftServerConfigKeys (ConfUtils.java:logGet(43)) - raft.server.watch.element-limit = 65536 (default)
2019-10-24 04:22:34,835 [2c264eec-dad5-4ff7-a10a-2e277ed2168b@group-47973E6DCE6F-LeaderElection14] INFO  impl.RoleInfo (RoleInfo.java:updateAndGet(143)) - 2c264eec-dad5-4ff7-a10a-2e277ed2168b: start LeaderState
2019-10-24 04:22:34,835 [2c264eec-dad5-4ff7-a10a-2e277ed2168b@group-47973E6DCE6F-LeaderElection14] INFO  segmented.SegmentedRaftLogWorker (SegmentedRaftLogWorker.java:startLogSegment(385)) - 2c264eec-dad5-4ff7-a10a-2e277ed2168b@group-47973E6DCE6F-SegmentedRaftLogWorker: Starting segment from index:0
2019-10-24 04:22:34,836 [2c264eec-dad5-4ff7-a10a-2e277ed2168b@group-47973E6DCE6F-LeaderElection14] INFO  impl.RaftServerImpl (ServerState.java:setRaftConf(356)) - 2c264eec-dad5-4ff7-a10a-2e277ed2168b@group-47973E6DCE6F: set configuration 0: [2c264eec-dad5-4ff7-a10a-2e277ed2168b:192.168.164.228:44671], old=null at 0
2019-10-24 04:22:34,878 [Thread-505] INFO  impl.FollowerState (FollowerState.java:run(108)) - bf3ee7f0-f0d7-435c-925f-54d516e7dc9d@group-D088ADA68DF4-FollowerState: change to CANDIDATE, lastRpcTime:5052ms, electionTimeout:5048ms
2019-10-24 04:22:34,878 [Thread-505] INFO  impl.RoleInfo (RoleInfo.java:shutdownFollowerState(121)) - bf3ee7f0-f0d7-435c-925f-54d516e7dc9d: shutdown FollowerState
2019-10-24 04:22:34,878 [Thread-505] INFO  impl.RaftServerImpl (RaftServerImpl.java:setRole(170)) - bf3ee7f0-f0d7-435c-925f-54d516e7dc9d@group-D088ADA68DF4: changes role from  FOLLOWER to CANDIDATE at term 0 for changeToCandidate
2019-10-24 04:22:34,878 [Thread-505] INFO  impl.RoleInfo (RoleInfo.java:updateAndGet(143)) - bf3ee7f0-f0d7-435c-925f-54d516e7dc9d: start LeaderElection
2019-10-24 04:22:34,891 [2c264eec-dad5-4ff7-a10a-2e277ed2168b@group-47973E6DCE6F-SegmentedRaftLogWorker] INFO  segmented.SegmentedRaftLogWorker (SegmentedRaftLogWorker.java:execute(574)) - 2c264eec-dad5-4ff7-a10a-2e277ed2168b@group-47973E6DCE6F-SegmentedRaftLogWorker: created new log segment /workdir/hadoop-ozone/integration-test/target/test-dir/MiniOzoneClusterImpl-44671199-cfe8-4314-91b0-bb36081afa0e/datanode-0/data/ratis/1afe3dbe-e9fa-47fd-a563-47973e6dce6f/current/log_inprogress_0
2019-10-24 04:22:34,904 [bf3ee7f0-f0d7-435c-925f-54d516e7dc9d@group-D088ADA68DF4-LeaderElection15] INFO  impl.LeaderElection (LeaderElection.java:askForVotes(178)) - bf3ee7f0-f0d7-435c-925f-54d516e7dc9d@group-D088ADA68DF4-LeaderElection15: begin an election at term 1 for -1: [bf3ee7f0-f0d7-435c-925f-54d516e7dc9d:192.168.164.228:45286], old=null
2019-10-24 04:22:34,905 [bf3ee7f0-f0d7-435c-925f-54d516e7dc9d@group-D088ADA68DF4-LeaderElection15] INFO  impl.RoleInfo (RoleInfo.java:shutdownLeaderElection(134)) - bf3ee7f0-f0d7-435c-925f-54d516e7dc9d: shutdown LeaderElection
2019-10-24 04:22:34,905 [bf3ee7f0-f0d7-435c-925f-54d516e7dc9d@group-D088ADA68DF4-LeaderElection15] INFO  impl.RaftServerImpl (RaftServerImpl.java:setRole(170)) - bf3ee7f0-f0d7-435c-925f-54d516e7dc9d@group-D088ADA68DF4: changes role from CANDIDATE to LEADER at term 1 for changeToLeader
2019-10-24 04:22:34,905 [bf3ee7f0-f0d7-435c-925f-54d516e7dc9d@group-D088ADA68DF4-LeaderElection15] INFO  impl.RaftServerImpl (ServerState.java:setLeader(255)) - bf3ee7f0-f0d7-435c-925f-54d516e7dc9d@group-D088ADA68DF4: change Leader from null to bf3ee7f0-f0d7-435c-925f-54d516e7dc9d at term 1 for becomeLeader, leader elected after 5089ms
2019-10-24 04:22:34,905 [bf3ee7f0-f0d7-435c-925f-54d516e7dc9d@group-D088ADA68DF4-LeaderElection15] INFO  server.RaftServerConfigKeys (ConfUtils.java:logGet(43)) - raft.server.staging.catchup.gap = 1000 (default)
2019-10-24 04:22:34,905 [bf3ee7f0-f0d7-435c-925f-54d516e7dc9d@group-D088ADA68DF4-LeaderElection15] INFO  server.RaftServerConfigKeys (ConfUtils.java:logGet(43)) - raft.server.rpc.sleep.time = 25ms (default)
2019-10-24 04:22:34,906 [bf3ee7f0-f0d7-435c-925f-54d516e7dc9d@group-D088ADA68DF4-LeaderElection15] INFO  server.RaftServerConfigKeys (ConfUtils.java:logGet(43)) - raft.server.write.element-limit = 4096 (default)
2019-10-24 04:22:34,906 [bf3ee7f0-f0d7-435c-925f-54d516e7dc9d@group-D088ADA68DF4-LeaderElection15] INFO  server.RaftServerConfigKeys (ConfUtils.java:logGet(43)) - raft.server.watch.timeout = 10s (default)
2019-10-24 04:22:34,906 [bf3ee7f0-f0d7-435c-925f-54d516e7dc9d@group-D088ADA68DF4-LeaderElection15] INFO  server.RaftServerConfigKeys (ConfUtils.java:logGet(43)) - raft.server.watch.timeout.denomination = 1s (default)
2019-10-24 04:22:34,906 [bf3ee7f0-f0d7-435c-925f-54d516e7dc9d@group-D088ADA68DF4-LeaderElection15] INFO  server.RaftServerConfigKeys (ConfUtils.java:logGet(43)) - raft.server.watch.element-limit = 65536 (default)
2019-10-24 04:22:34,909 [bf3ee7f0-f0d7-435c-925f-54d516e7dc9d@group-D088ADA68DF4-LeaderElection15] INFO  impl.RoleInfo (RoleInfo.java:updateAndGet(143)) - bf3ee7f0-f0d7-435c-925f-54d516e7dc9d: start LeaderState
2019-10-24 04:22:34,909 [bf3ee7f0-f0d7-435c-925f-54d516e7dc9d@group-D088ADA68DF4-LeaderElection15] INFO  segmented.SegmentedRaftLogWorker (SegmentedRaftLogWorker.java:startLogSegment(385)) - bf3ee7f0-f0d7-435c-925f-54d516e7dc9d@group-D088ADA68DF4-SegmentedRaftLogWorker: Starting segment from index:0
2019-10-24 04:22:34,910 [bf3ee7f0-f0d7-435c-925f-54d516e7dc9d@group-D088ADA68DF4-LeaderElection15] INFO  impl.RaftServerImpl (ServerState.java:setRaftConf(356)) - bf3ee7f0-f0d7-435c-925f-54d516e7dc9d@group-D088ADA68DF4: set configuration 0: [bf3ee7f0-f0d7-435c-925f-54d516e7dc9d:192.168.164.228:45286], old=null at 0
2019-10-24 04:22:34,950 [Thread-512] INFO  impl.FollowerState (FollowerState.java:run(108)) - bf3ee7f0-f0d7-435c-925f-54d516e7dc9d@group-F7233BA83120-FollowerState: change to CANDIDATE, lastRpcTime:5006ms, electionTimeout:5006ms
2019-10-24 04:22:34,950 [Thread-512] INFO  impl.RoleInfo (RoleInfo.java:shutdownFollowerState(121)) - bf3ee7f0-f0d7-435c-925f-54d516e7dc9d: shutdown FollowerState
2019-10-24 04:22:34,951 [Thread-512] INFO  impl.RaftServerImpl (RaftServerImpl.java:setRole(170)) - bf3ee7f0-f0d7-435c-925f-54d516e7dc9d@group-F7233BA83120: changes role from  FOLLOWER to CANDIDATE at term 0 for changeToCandidate
2019-10-24 04:22:34,951 [Thread-512] INFO  impl.RoleInfo (RoleInfo.java:updateAndGet(143)) - bf3ee7f0-f0d7-435c-925f-54d516e7dc9d: start LeaderElection
2019-10-24 04:22:34,968 [bf3ee7f0-f0d7-435c-925f-54d516e7dc9d@group-D088ADA68DF4-SegmentedRaftLogWorker] INFO  segmented.SegmentedRaftLogWorker (SegmentedRaftLogWorker.java:execute(574)) - bf3ee7f0-f0d7-435c-925f-54d516e7dc9d@group-D088ADA68DF4-SegmentedRaftLogWorker: created new log segment /workdir/hadoop-ozone/integration-test/target/test-dir/MiniOzoneClusterImpl-44671199-cfe8-4314-91b0-bb36081afa0e/datanode-1/data/ratis/03e50330-d76f-4e51-bbe2-d088ada68df4/current/log_inprogress_0
2019-10-24 04:22:34,968 [bf3ee7f0-f0d7-435c-925f-54d516e7dc9d@group-F7233BA83120-LeaderElection16] INFO  impl.LeaderElection (LeaderElection.java:askForVotes(178)) - bf3ee7f0-f0d7-435c-925f-54d516e7dc9d@group-F7233BA83120-LeaderElection16: begin an election at term 1 for -1: [fc626ee6-7a97-4763-a839-00b8374ada7e:192.168.164.228:36196, bf3ee7f0-f0d7-435c-925f-54d516e7dc9d:192.168.164.228:45286, 2c264eec-dad5-4ff7-a10a-2e277ed2168b:192.168.164.228:44671], old=null
2019-10-24 04:22:34,977 [grpc-default-executor-0] INFO  impl.RaftServerImpl (RaftServerImpl.java:setRole(170)) - fc626ee6-7a97-4763-a839-00b8374ada7e@group-F7233BA83120: changes role from  FOLLOWER to FOLLOWER at term 1 for recognizeCandidate:bf3ee7f0-f0d7-435c-925f-54d516e7dc9d
2019-10-24 04:22:34,978 [grpc-default-executor-0] INFO  impl.RoleInfo (RoleInfo.java:shutdownFollowerState(121)) - fc626ee6-7a97-4763-a839-00b8374ada7e: shutdown FollowerState
2019-10-24 04:22:34,977 [grpc-default-executor-2] INFO  impl.RaftServerImpl (RaftServerImpl.java:setRole(170)) - 2c264eec-dad5-4ff7-a10a-2e277ed2168b@group-F7233BA83120: changes role from  FOLLOWER to FOLLOWER at term 1 for recognizeCandidate:bf3ee7f0-f0d7-435c-925f-54d516e7dc9d
2019-10-24 04:22:34,978 [grpc-default-executor-0] INFO  impl.RoleInfo (RoleInfo.java:updateAndGet(143)) - fc626ee6-7a97-4763-a839-00b8374ada7e: start FollowerState
2019-10-24 04:22:34,978 [Thread-517] INFO  impl.FollowerState (FollowerState.java:run(117)) - fc626ee6-7a97-4763-a839-00b8374ada7e@group-F7233BA83120-FollowerState was interrupted: java.lang.InterruptedException: sleep interrupted
2019-10-24 04:22:34,978 [grpc-default-executor-2] INFO  impl.RoleInfo (RoleInfo.java:shutdownFollowerState(121)) - 2c264eec-dad5-4ff7-a10a-2e277ed2168b: shutdown FollowerState
2019-10-24 04:22:34,980 [Thread-514] INFO  impl.FollowerState (FollowerState.java:run(117)) - 2c264eec-dad5-4ff7-a10a-2e277ed2168b@group-F7233BA83120-FollowerState was interrupted: java.lang.InterruptedException: sleep interrupted
2019-10-24 04:22:34,980 [grpc-default-executor-2] INFO  impl.RoleInfo (RoleInfo.java:updateAndGet(143)) - 2c264eec-dad5-4ff7-a10a-2e277ed2168b: start FollowerState
2019-10-24 04:22:34,996 [bf3ee7f0-f0d7-435c-925f-54d516e7dc9d@group-F7233BA83120-LeaderElection16] INFO  impl.LeaderElection (LeaderElection.java:logAndReturn(56)) - bf3ee7f0-f0d7-435c-925f-54d516e7dc9d@group-F7233BA83120-LeaderElection16: Election PASSED; received 1 response(s) [bf3ee7f0-f0d7-435c-925f-54d516e7dc9d<-fc626ee6-7a97-4763-a839-00b8374ada7e#0:OK-t1] and 0 exception(s); bf3ee7f0-f0d7-435c-925f-54d516e7dc9d@group-F7233BA83120:t1, leader=null, voted=bf3ee7f0-f0d7-435c-925f-54d516e7dc9d, raftlog=bf3ee7f0-f0d7-435c-925f-54d516e7dc9d@group-F7233BA83120-SegmentedRaftLog:OPENED:c-1,f-1,i0, conf=-1: [fc626ee6-7a97-4763-a839-00b8374ada7e:192.168.164.228:36196, bf3ee7f0-f0d7-435c-925f-54d516e7dc9d:192.168.164.228:45286, 2c264eec-dad5-4ff7-a10a-2e277ed2168b:192.168.164.228:44671], old=null
2019-10-24 04:22:34,997 [bf3ee7f0-f0d7-435c-925f-54d516e7dc9d@group-F7233BA83120-LeaderElection16] INFO  impl.RoleInfo (RoleInfo.java:shutdownLeaderElection(134)) - bf3ee7f0-f0d7-435c-925f-54d516e7dc9d: shutdown LeaderElection
2019-10-24 04:22:34,998 [bf3ee7f0-f0d7-435c-925f-54d516e7dc9d@group-F7233BA83120-LeaderElection16] INFO  impl.RaftServerImpl (RaftServerImpl.java:setRole(170)) - bf3ee7f0-f0d7-435c-925f-54d516e7dc9d@group-F7233BA83120: changes role from CANDIDATE to LEADER at term 1 for changeToLeader
2019-10-24 04:22:34,998 [bf3ee7f0-f0d7-435c-925f-54d516e7dc9d@group-F7233BA83120-LeaderElection16] INFO  impl.RaftServerImpl (ServerState.java:setLeader(255)) - bf3ee7f0-f0d7-435c-925f-54d516e7dc9d@group-F7233BA83120: change Leader from null to bf3ee7f0-f0d7-435c-925f-54d516e7dc9d at term 1 for becomeLeader, leader elected after 5064ms
2019-10-24 04:22:34,999 [bf3ee7f0-f0d7-435c-925f-54d516e7dc9d@group-F7233BA83120-LeaderElection16] INFO  server.RaftServerConfigKeys (ConfUtils.java:logGet(43)) - raft.server.staging.catchup.gap = 1000 (default)
2019-10-24 04:22:35,000 [bf3ee7f0-f0d7-435c-925f-54d516e7dc9d@group-F7233BA83120-LeaderElection16] INFO  server.RaftServerConfigKeys (ConfUtils.java:logGet(43)) - raft.server.rpc.sleep.time = 25ms (default)
2019-10-24 04:22:35,000 [bf3ee7f0-f0d7-435c-925f-54d516e7dc9d@group-F7233BA83120-LeaderElection16] INFO  server.RaftServerConfigKeys (ConfUtils.java:logGet(43)) - raft.server.write.element-limit = 4096 (default)
2019-10-24 04:22:35,000 [bf3ee7f0-f0d7-435c-925f-54d516e7dc9d@group-F7233BA83120-LeaderElection16] INFO  server.RaftServerConfigKeys (ConfUtils.java:logGet(43)) - raft.server.watch.timeout = 10s (default)
2019-10-24 04:22:35,000 [bf3ee7f0-f0d7-435c-925f-54d516e7dc9d@group-F7233BA83120-LeaderElection16] INFO  server.RaftServerConfigKeys (ConfUtils.java:logGet(43)) - raft.server.watch.timeout.denomination = 1s (default)
2019-10-24 04:22:35,000 [bf3ee7f0-f0d7-435c-925f-54d516e7dc9d@group-F7233BA83120-LeaderElection16] INFO  server.RaftServerConfigKeys (ConfUtils.java:logGet(43)) - raft.server.watch.element-limit = 65536 (default)
2019-10-24 04:22:35,003 [bf3ee7f0-f0d7-435c-925f-54d516e7dc9d@group-F7233BA83120-LeaderElection16] INFO  server.RaftServerConfigKeys (ConfUtils.java:logGet(43)) - raft.server.log.appender.snapshot.chunk.size.max = 16MB (=16777216) (default)
2019-10-24 04:22:35,004 [bf3ee7f0-f0d7-435c-925f-54d516e7dc9d@group-F7233BA83120-LeaderElection16] INFO  server.RaftServerConfigKeys (ConfUtils.java:logGet(43)) - raft.server.log.appender.buffer.byte-limit = 33554432 (custom)
2019-10-24 04:22:35,004 [bf3ee7f0-f0d7-435c-925f-54d516e7dc9d@group-F7233BA83120-LeaderElection16] INFO  server.RaftServerConfigKeys (ConfUtils.java:logGet(43)) - raft.server.log.appender.buffer.element-limit = 1 (custom)
2019-10-24 04:22:35,004 [bf3ee7f0-f0d7-435c-925f-54d516e7dc9d@group-F7233BA83120-LeaderElection16] INFO  grpc.GrpcConfigKeys$Server (ConfUtils.java:logGet(43)) - raft.grpc.server.leader.outstanding.appends.max = 128 (default)
2019-10-24 04:22:35,004 [bf3ee7f0-f0d7-435c-925f-54d516e7dc9d@group-F7233BA83120-LeaderElection16] INFO  server.RaftServerConfigKeys (ConfUtils.java:logGet(43)) - raft.server.rpc.request.timeout = 3000ms (default)
2019-10-24 04:22:35,005 [bf3ee7f0-f0d7-435c-925f-54d516e7dc9d@group-F7233BA83120-LeaderElection16] INFO  server.RaftServerConfigKeys (ConfUtils.java:logGet(43)) - raft.server.log.appender.install.snapshot.enabled = false (custom)
2019-10-24 04:22:35,005 [bf3ee7f0-f0d7-435c-925f-54d516e7dc9d@group-F7233BA83120-LeaderElection16] INFO  server.RaftServerConfigKeys (ConfUtils.java:logGet(43)) - raft.server.log.appender.snapshot.chunk.size.max = 16MB (=16777216) (default)
2019-10-24 04:22:35,005 [bf3ee7f0-f0d7-435c-925f-54d516e7dc9d@group-F7233BA83120-LeaderElection16] INFO  server.RaftServerConfigKeys (ConfUtils.java:logGet(43)) - raft.server.log.appender.buffer.byte-limit = 33554432 (custom)
2019-10-24 04:22:35,005 [bf3ee7f0-f0d7-435c-925f-54d516e7dc9d@group-F7233BA83120-LeaderElection16] INFO  server.RaftServerConfigKeys (ConfUtils.java:logGet(43)) - raft.server.log.appender.buffer.element-limit = 1 (custom)
2019-10-24 04:22:35,006 [bf3ee7f0-f0d7-435c-925f-54d516e7dc9d@group-F7233BA83120-LeaderElection16] INFO  grpc.GrpcConfigKeys$Server (ConfUtils.java:logGet(43)) - raft.grpc.server.leader.outstanding.appends.max = 128 (default)
2019-10-24 04:22:35,006 [bf3ee7f0-f0d7-435c-925f-54d516e7dc9d@group-F7233BA83120-LeaderElection16] INFO  server.RaftServerConfigKeys (ConfUtils.java:logGet(43)) - raft.server.rpc.request.timeout = 3000ms (default)
2019-10-24 04:22:35,006 [bf3ee7f0-f0d7-435c-925f-54d516e7dc9d@group-F7233BA83120-LeaderElection16] INFO  server.RaftServerConfigKeys (ConfUtils.java:logGet(43)) - raft.server.log.appender.install.snapshot.enabled = false (custom)
2019-10-24 04:22:35,006 [bf3ee7f0-f0d7-435c-925f-54d516e7dc9d@group-F7233BA83120-LeaderElection16] INFO  impl.RoleInfo (RoleInfo.java:updateAndGet(143)) - bf3ee7f0-f0d7-435c-925f-54d516e7dc9d: start LeaderState
2019-10-24 04:22:35,007 [bf3ee7f0-f0d7-435c-925f-54d516e7dc9d@group-F7233BA83120-LeaderElection16] INFO  segmented.SegmentedRaftLogWorker (SegmentedRaftLogWorker.java:startLogSegment(385)) - bf3ee7f0-f0d7-435c-925f-54d516e7dc9d@group-F7233BA83120-SegmentedRaftLogWorker: Starting segment from index:0
2019-10-24 04:22:35,008 [bf3ee7f0-f0d7-435c-925f-54d516e7dc9d@group-F7233BA83120-LeaderElection16] INFO  impl.RaftServerImpl (ServerState.java:setRaftConf(356)) - bf3ee7f0-f0d7-435c-925f-54d516e7dc9d@group-F7233BA83120: set configuration 0: [fc626ee6-7a97-4763-a839-00b8374ada7e:192.168.164.228:36196, bf3ee7f0-f0d7-435c-925f-54d516e7dc9d:192.168.164.228:45286, 2c264eec-dad5-4ff7-a10a-2e277ed2168b:192.168.164.228:44671], old=null at 0
2019-10-24 04:22:35,046 [grpc-default-executor-2] INFO  impl.RaftServerImpl (ServerState.java:setLeader(255)) - 2c264eec-dad5-4ff7-a10a-2e277ed2168b@group-F7233BA83120: change Leader from null to bf3ee7f0-f0d7-435c-925f-54d516e7dc9d at term 1 for appendEntries, leader elected after 5112ms
2019-10-24 04:22:35,046 [grpc-default-executor-0] INFO  impl.RaftServerImpl (ServerState.java:setLeader(255)) - fc626ee6-7a97-4763-a839-00b8374ada7e@group-F7233BA83120: change Leader from null to bf3ee7f0-f0d7-435c-925f-54d516e7dc9d at term 1 for appendEntries, leader elected after 5108ms
2019-10-24 04:22:35,068 [bf3ee7f0-f0d7-435c-925f-54d516e7dc9d@group-F7233BA83120-SegmentedRaftLogWorker] INFO  segmented.SegmentedRaftLogWorker (SegmentedRaftLogWorker.java:execute(574)) - bf3ee7f0-f0d7-435c-925f-54d516e7dc9d@group-F7233BA83120-SegmentedRaftLogWorker: created new log segment /workdir/hadoop-ozone/integration-test/target/test-dir/MiniOzoneClusterImpl-44671199-cfe8-4314-91b0-bb36081afa0e/datanode-1/data/ratis/811646f1-224c-4e15-a6ed-f7233ba83120/current/log_inprogress_0
2019-10-24 04:22:35,075 [Thread-508] INFO  impl.FollowerState (FollowerState.java:run(108)) - fc626ee6-7a97-4763-a839-00b8374ada7e@group-24DE574B712B-FollowerState: change to CANDIDATE, lastRpcTime:5184ms, electionTimeout:5184ms
2019-10-24 04:22:35,075 [Thread-508] INFO  impl.RoleInfo (RoleInfo.java:shutdownFollowerState(121)) - fc626ee6-7a97-4763-a839-00b8374ada7e: shutdown FollowerState
2019-10-24 04:22:35,075 [Thread-508] INFO  impl.RaftServerImpl (RaftServerImpl.java:setRole(170)) - fc626ee6-7a97-4763-a839-00b8374ada7e@group-24DE574B712B: changes role from  FOLLOWER to CANDIDATE at term 0 for changeToCandidate
2019-10-24 04:22:35,076 [Thread-508] INFO  impl.RoleInfo (RoleInfo.java:updateAndGet(143)) - fc626ee6-7a97-4763-a839-00b8374ada7e: start LeaderElection
2019-10-24 04:22:35,083 [fc626ee6-7a97-4763-a839-00b8374ada7e@group-24DE574B712B-LeaderElection17] INFO  impl.LeaderElection (LeaderElection.java:askForVotes(178)) - fc626ee6-7a97-4763-a839-00b8374ada7e@group-24DE574B712B-LeaderElection17: begin an election at term 1 for -1: [fc626ee6-7a97-4763-a839-00b8374ada7e:192.168.164.228:36196], old=null
2019-10-24 04:22:35,083 [fc626ee6-7a97-4763-a839-00b8374ada7e@group-24DE574B712B-LeaderElection17] INFO  impl.RoleInfo (RoleInfo.java:shutdownLeaderElection(134)) - fc626ee6-7a97-4763-a839-00b8374ada7e: shutdown LeaderElection
2019-10-24 04:22:35,084 [fc626ee6-7a97-4763-a839-00b8374ada7e@group-24DE574B712B-LeaderElection17] INFO  impl.RaftServerImpl (RaftServerImpl.java:setRole(170)) - fc626ee6-7a97-4763-a839-00b8374ada7e@group-24DE574B712B: changes role from CANDIDATE to LEADER at term 1 for changeToLeader
2019-10-24 04:22:35,084 [fc626ee6-7a97-4763-a839-00b8374ada7e@group-24DE574B712B-LeaderElection17] INFO  impl.RaftServerImpl (ServerState.java:setLeader(255)) - fc626ee6-7a97-4763-a839-00b8374ada7e@group-24DE574B712B: change Leader from null to fc626ee6-7a97-4763-a839-00b8374ada7e at term 1 for becomeLeader, leader elected after 5202ms
2019-10-24 04:22:35,084 [fc626ee6-7a97-4763-a839-00b8374ada7e@group-24DE574B712B-LeaderElection17] INFO  server.RaftServerConfigKeys (ConfUtils.java:logGet(43)) - raft.server.staging.catchup.gap = 1000 (default)
2019-10-24 04:22:35,084 [fc626ee6-7a97-4763-a839-00b8374ada7e@group-24DE574B712B-LeaderElection17] INFO  server.RaftServerConfigKeys (ConfUtils.java:logGet(43)) - raft.server.rpc.sleep.time = 25ms (default)
2019-10-24 04:22:35,084 [fc626ee6-7a97-4763-a839-00b8374ada7e@group-24DE574B712B-LeaderElection17] INFO  server.RaftServerConfigKeys (ConfUtils.java:logGet(43)) - raft.server.write.element-limit = 4096 (default)
2019-10-24 04:22:35,084 [grpc-default-executor-0] INFO  impl.RaftServerImpl (ServerState.java:setRaftConf(356)) - 2c264eec-dad5-4ff7-a10a-2e277ed2168b@group-F7233BA83120: set configuration 0: [fc626ee6-7a97-4763-a839-00b8374ada7e:192.168.164.228:36196, bf3ee7f0-f0d7-435c-925f-54d516e7dc9d:192.168.164.228:45286, 2c264eec-dad5-4ff7-a10a-2e277ed2168b:192.168.164.228:44671], old=null at 0
2019-10-24 04:22:35,084 [grpc-default-executor-2] INFO  impl.RaftServerImpl (ServerState.java:setRaftConf(356)) - fc626ee6-7a97-4763-a839-00b8374ada7e@group-F7233BA83120: set configuration 0: [fc626ee6-7a97-4763-a839-00b8374ada7e:192.168.164.228:36196, bf3ee7f0-f0d7-435c-925f-54d516e7dc9d:192.168.164.228:45286, 2c264eec-dad5-4ff7-a10a-2e277ed2168b:192.168.164.228:44671], old=null at 0
2019-10-24 04:22:35,085 [grpc-default-executor-0] INFO  segmented.SegmentedRaftLogWorker (SegmentedRaftLogWorker.java:startLogSegment(385)) - 2c264eec-dad5-4ff7-a10a-2e277ed2168b@group-F7233BA83120-SegmentedRaftLogWorker: Starting segment from index:0
2019-10-24 04:22:35,084 [fc626ee6-7a97-4763-a839-00b8374ada7e@group-24DE574B712B-LeaderElection17] INFO  server.RaftServerConfigKeys (ConfUtils.java:logGet(43)) - raft.server.watch.timeout = 10s (default)
2019-10-24 04:22:35,085 [grpc-default-executor-2] INFO  segmented.SegmentedRaftLogWorker (SegmentedRaftLogWorker.java:startLogSegment(385)) - fc626ee6-7a97-4763-a839-00b8374ada7e@group-F7233BA83120-SegmentedRaftLogWorker: Starting segment from index:0
2019-10-24 04:22:35,085 [fc626ee6-7a97-4763-a839-00b8374ada7e@group-24DE574B712B-LeaderElection17] INFO  server.RaftServerConfigKeys (ConfUtils.java:logGet(43)) - raft.server.watch.timeout.denomination = 1s (default)
2019-10-24 04:22:35,085 [fc626ee6-7a97-4763-a839-00b8374ada7e@group-24DE574B712B-LeaderElection17] INFO  server.RaftServerConfigKeys (ConfUtils.java:logGet(43)) - raft.server.watch.element-limit = 65536 (default)
2019-10-24 04:22:35,088 [fc626ee6-7a97-4763-a839-00b8374ada7e@group-24DE574B712B-LeaderElection17] INFO  impl.RoleInfo (RoleInfo.java:updateAndGet(143)) - fc626ee6-7a97-4763-a839-00b8374ada7e: start LeaderState
2019-10-24 04:22:35,088 [fc626ee6-7a97-4763-a839-00b8374ada7e@group-24DE574B712B-LeaderElection17] INFO  segmented.SegmentedRaftLogWorker (SegmentedRaftLogWorker.java:startLogSegment(385)) - fc626ee6-7a97-4763-a839-00b8374ada7e@group-24DE574B712B-SegmentedRaftLogWorker: Starting segment from index:0
2019-10-24 04:22:35,089 [fc626ee6-7a97-4763-a839-00b8374ada7e@group-24DE574B712B-LeaderElection17] INFO  impl.RaftServerImpl (ServerState.java:setRaftConf(356)) - fc626ee6-7a97-4763-a839-00b8374ada7e@group-24DE574B712B: set configuration 0: [fc626ee6-7a97-4763-a839-00b8374ada7e:192.168.164.228:36196], old=null at 0
2019-10-24 04:22:35,148 [fc626ee6-7a97-4763-a839-00b8374ada7e@group-24DE574B712B-SegmentedRaftLogWorker] INFO  segmented.SegmentedRaftLogWorker (SegmentedRaftLogWorker.java:execute(574)) - fc626ee6-7a97-4763-a839-00b8374ada7e@group-24DE574B712B-SegmentedRaftLogWorker: created new log segment /workdir/hadoop-ozone/integration-test/target/test-dir/MiniOzoneClusterImpl-44671199-cfe8-4314-91b0-bb36081afa0e/datanode-2/data/ratis/d85458c1-ab06-4e62-a0e4-24de574b712b/current/log_inprogress_0
2019-10-24 04:22:35,148 [fc626ee6-7a97-4763-a839-00b8374ada7e@group-F7233BA83120-SegmentedRaftLogWorker] INFO  segmented.SegmentedRaftLogWorker (SegmentedRaftLogWorker.java:execute(574)) - fc626ee6-7a97-4763-a839-00b8374ada7e@group-F7233BA83120-SegmentedRaftLogWorker: created new log segment /workdir/hadoop-ozone/integration-test/target/test-dir/MiniOzoneClusterImpl-44671199-cfe8-4314-91b0-bb36081afa0e/datanode-2/data/ratis/811646f1-224c-4e15-a6ed-f7233ba83120/current/log_inprogress_0
2019-10-24 04:22:35,148 [2c264eec-dad5-4ff7-a10a-2e277ed2168b@group-F7233BA83120-SegmentedRaftLogWorker] INFO  segmented.SegmentedRaftLogWorker (SegmentedRaftLogWorker.java:execute(574)) - 2c264eec-dad5-4ff7-a10a-2e277ed2168b@group-F7233BA83120-SegmentedRaftLogWorker: created new log segment /workdir/hadoop-ozone/integration-test/target/test-dir/MiniOzoneClusterImpl-44671199-cfe8-4314-91b0-bb36081afa0e/datanode-0/data/ratis/811646f1-224c-4e15-a6ed-f7233ba83120/current/log_inprogress_0
2019-10-24 04:22:35,860 [Thread-328] INFO  ozoneimpl.OzoneContainer (OzoneContainer.java:stop(227)) - Attempting to stop container services.
2019-10-24 04:22:35,860 [Thread-328] INFO  impl.RaftServerProxy (RaftServerProxy.java:lambda$close$4(314)) - 2c264eec-dad5-4ff7-a10a-2e277ed2168b: close
2019-10-24 04:22:35,861 [Thread-328] INFO  impl.RaftServerImpl (RaftServerImpl.java:lambda$shutdown$3(247)) - 2c264eec-dad5-4ff7-a10a-2e277ed2168b@group-47973E6DCE6F: shutdown
2019-10-24 04:22:35,861 [ForkJoinPool.commonPool-worker-1] INFO  impl.RaftServerImpl (RaftServerImpl.java:lambda$shutdown$3(247)) - 2c264eec-dad5-4ff7-a10a-2e277ed2168b@group-F7233BA83120: shutdown
2019-10-24 04:22:35,862 [Thread-328] INFO  util.JmxRegister (JmxRegister.java:unregister(73)) - Successfully un-registered JMX Bean with object name Ratis:service=RaftServer,group=group-47973E6DCE6F,id=2c264eec-dad5-4ff7-a10a-2e277ed2168b
2019-10-24 04:22:35,862 [ForkJoinPool.commonPool-worker-1] INFO  util.JmxRegister (JmxRegister.java:unregister(73)) - Successfully un-registered JMX Bean with object name Ratis:service=RaftServer,group=group-F7233BA83120,id=2c264eec-dad5-4ff7-a10a-2e277ed2168b
2019-10-24 04:22:35,862 [Thread-328] INFO  impl.RoleInfo (RoleInfo.java:shutdownLeaderState(104)) - 2c264eec-dad5-4ff7-a10a-2e277ed2168b: shutdown LeaderState
2019-10-24 04:22:35,862 [ForkJoinPool.commonPool-worker-1] INFO  impl.RoleInfo (RoleInfo.java:shutdownFollowerState(121)) - 2c264eec-dad5-4ff7-a10a-2e277ed2168b: shutdown FollowerState
2019-10-24 04:22:35,863 [Thread-328] INFO  impl.PendingRequests (PendingRequests.java:sendNotLeaderResponses(202)) - 2c264eec-dad5-4ff7-a10a-2e277ed2168b@group-47973E6DCE6F-PendingRequests: sendNotLeaderResponses
2019-10-24 04:22:35,863 [Thread-528] INFO  impl.FollowerState (FollowerState.java:run(117)) - 2c264eec-dad5-4ff7-a10a-2e277ed2168b@group-F7233BA83120-FollowerState was interrupted: java.lang.InterruptedException: sleep interrupted
2019-10-24 04:22:35,865 [Thread-328] INFO  impl.StateMachineUpdater (StateMachineUpdater.java:stopAndJoin(136)) - 2c264eec-dad5-4ff7-a10a-2e277ed2168b@group-47973E6DCE6F-StateMachineUpdater: set stopIndex = 0
2019-10-24 04:22:35,863 [ForkJoinPool.commonPool-worker-1] INFO  impl.StateMachineUpdater (StateMachineUpdater.java:stopAndJoin(136)) - 2c264eec-dad5-4ff7-a10a-2e277ed2168b@group-F7233BA83120-StateMachineUpdater: set stopIndex = -1
2019-10-24 04:22:35,872 [ForkJoinPool.commonPool-worker-1] INFO  impl.RaftServerImpl (ServerState.java:close(387)) - 2c264eec-dad5-4ff7-a10a-2e277ed2168b@group-F7233BA83120: closes. applyIndex: -1
2019-10-24 04:22:35,872 [Thread-328] INFO  impl.RaftServerImpl (ServerState.java:close(387)) - 2c264eec-dad5-4ff7-a10a-2e277ed2168b@group-47973E6DCE6F: closes. applyIndex: 0
2019-10-24 04:22:35,873 [2c264eec-dad5-4ff7-a10a-2e277ed2168b@group-F7233BA83120-SegmentedRaftLogWorker] INFO  segmented.SegmentedRaftLogWorker (SegmentedRaftLogWorker.java:run(316)) - 2c264eec-dad5-4ff7-a10a-2e277ed2168b@group-F7233BA83120-SegmentedRaftLogWorker was interrupted, exiting. There are 0 tasks remaining in the queue.
2019-10-24 04:22:35,873 [2c264eec-dad5-4ff7-a10a-2e277ed2168b@group-47973E6DCE6F-SegmentedRaftLogWorker] INFO  segmented.SegmentedRaftLogWorker (SegmentedRaftLogWorker.java:run(316)) - 2c264eec-dad5-4ff7-a10a-2e277ed2168b@group-47973E6DCE6F-SegmentedRaftLogWorker was interrupted, exiting. There are 0 tasks remaining in the queue.
2019-10-24 04:22:35,874 [ForkJoinPool.commonPool-worker-1] INFO  segmented.SegmentedRaftLogWorker (SegmentedRaftLogWorker.java:close(224)) - 2c264eec-dad5-4ff7-a10a-2e277ed2168b@group-F7233BA83120-SegmentedRaftLogWorker close()
2019-10-24 04:22:35,875 [Thread-328] INFO  segmented.SegmentedRaftLogWorker (SegmentedRaftLogWorker.java:close(224)) - 2c264eec-dad5-4ff7-a10a-2e277ed2168b@group-47973E6DCE6F-SegmentedRaftLogWorker close()
2019-10-24 04:22:35,882 [Thread-328] INFO  server.GrpcService (GrpcService.java:closeImpl(164)) - 2c264eec-dad5-4ff7-a10a-2e277ed2168b: shutdown server with port 44671 now
2019-10-24 04:22:35,884 [Thread-328] INFO  server.GrpcService (GrpcService.java:closeImpl(172)) - 2c264eec-dad5-4ff7-a10a-2e277ed2168b: shutdown server with port 44671 successfully
2019-10-24 04:22:35,884 [grpc-default-executor-2] WARN  server.GrpcServerProtocolService (LogUtils.java:warn(134)) - 2c264eec-dad5-4ff7-a10a-2e277ed2168b: installSnapshot onError, lastRequest: bf3ee7f0-f0d7-435c-925f-54d516e7dc9d->2c264eec-dad5-4ff7-a10a-2e277ed2168b#1-t1, previous=(t:0, i:0), leaderCommit=-1, initializing? false, entries: size=1, first=(t:1, i:0), CONFIGURATIONENTRY: org.apache.ratis.thirdparty.io.grpc.StatusRuntimeException: CANCELLED: cancelled before receiving half close
2019-10-24 04:22:35,885 [grpc-default-executor-1] WARN  server.GrpcLogAppender (LogUtils.java:warn(134)) - bf3ee7f0-f0d7-435c-925f-54d516e7dc9d@group-F7233BA83120->2c264eec-dad5-4ff7-a10a-2e277ed2168b-AppendLogResponseHandler: Failed appendEntries: org.apache.ratis.thirdparty.io.grpc.StatusRuntimeException: CANCELLED: HTTP/2 error code: CANCEL
Received Rst Stream
2019-10-24 04:22:35,887 [grpc-default-executor-1] INFO  impl.FollowerInfo (FollowerInfo.java:lambda$new$0(51)) - bf3ee7f0-f0d7-435c-925f-54d516e7dc9d@group-F7233BA83120->2c264eec-dad5-4ff7-a10a-2e277ed2168b: nextIndex: updateUnconditionally 1 -> 0
2019-10-24 04:22:35,891 [refreshUsed-/workdir/hadoop-ozone/integration-test/target/test-dir/MiniOzoneClusterImpl-44671199-cfe8-4314-91b0-bb36081afa0e/datanode-0/data/containers] WARN  fs.CachingGetSpaceUsed (CachingGetSpaceUsed.java:run(183)) - Thread Interrupted waiting to refresh disk information: sleep interrupted
2019-10-24 04:22:35,909 [Thread-328] INFO  utils.BackgroundService (BackgroundService.java:shutdown(151)) - Shutting down service BlockDeletingService
2019-10-24 04:22:35,912 [Thread-328] INFO  statemachine.DatanodeStateMachine (DatanodeStateMachine.java:stopDaemon(395)) - Ozone container server stopped.
2019-10-24 04:22:35,914 [Thread-328] INFO  handler.ContextHandler (ContextHandler.java:doStop(910)) - Stopped o.e.j.w.WebAppContext@16d1c50d{/,null,UNAVAILABLE}{/hddsDatanode}
2019-10-24 04:22:35,914 [Thread-328] INFO  server.AbstractConnector (AbstractConnector.java:doStop(318)) - Stopped ServerConnector@688bc6dd{HTTP/1.1,[http/1.1]}{0.0.0.0:0}
2019-10-24 04:22:35,915 [Thread-328] INFO  handler.ContextHandler (ContextHandler.java:doStop(910)) - Stopped o.e.j.s.ServletContextHandler@3c987028{/static,jar:file:/home/user/.m2/repository/org/apache/hadoop/hadoop-hdds-container-service/0.5.0-SNAPSHOT/hadoop-hdds-container-service-0.5.0-SNAPSHOT.jar!/webapps/static,UNAVAILABLE}
2019-10-24 04:22:35,915 [Thread-328] INFO  handler.ContextHandler (ContextHandler.java:doStop(910)) - Stopped o.e.j.s.ServletContextHandler@153ce695{/logs,file:///workdir/hadoop-ozone/integration-test/target/log,UNAVAILABLE}
2019-10-24 04:22:35,962 [EventQueue-StaleNodeForStaleNodeHandler] INFO  node.StaleNodeHandler (StaleNodeHandler.java:onMessage(58)) - Datanode 2c264eec-dad5-4ff7-a10a-2e277ed2168b{ip: 192.168.164.228, host: pr-hdds-1569-6l6kj-3873551761, networkLocation: /default-rack, certSerialId: null} moved to stale state. Finalizing its pipelines [PipelineID=1afe3dbe-e9fa-47fd-a563-47973e6dce6f, PipelineID=811646f1-224c-4e15-a6ed-f7233ba83120]
2019-10-24 04:22:35,963 [EventQueue-StaleNodeForStaleNodeHandler] INFO  pipeline.SCMPipelineManager (SCMPipelineManager.java:finalizeAndDestroyPipeline(311)) - destroying pipeline:Pipeline[ Id: 1afe3dbe-e9fa-47fd-a563-47973e6dce6f, Nodes: 2c264eec-dad5-4ff7-a10a-2e277ed2168b{ip: 192.168.164.228, host: pr-hdds-1569-6l6kj-3873551761, networkLocation: /default-rack, certSerialId: null}, Type:RATIS, Factor:ONE, State:OPEN]
2019-10-24 04:22:35,963 [EventQueue-StaleNodeForStaleNodeHandler] INFO  pipeline.PipelineStateManager (PipelineStateManager.java:finalizePipeline(123)) - Pipeline Pipeline[ Id: 1afe3dbe-e9fa-47fd-a563-47973e6dce6f, Nodes: 2c264eec-dad5-4ff7-a10a-2e277ed2168b{ip: 192.168.164.228, host: pr-hdds-1569-6l6kj-3873551761, networkLocation: /default-rack, certSerialId: null}, Type:RATIS, Factor:ONE, State:CLOSED] moved to CLOSED state
2019-10-24 04:22:35,965 [EventQueue-StaleNodeForStaleNodeHandler] INFO  pipeline.SCMPipelineManager (SCMPipelineManager.java:finalizeAndDestroyPipeline(311)) - destroying pipeline:Pipeline[ Id: 811646f1-224c-4e15-a6ed-f7233ba83120, Nodes: bf3ee7f0-f0d7-435c-925f-54d516e7dc9d{ip: 192.168.164.228, host: pr-hdds-1569-6l6kj-3873551761, networkLocation: /default-rack, certSerialId: null}2c264eec-dad5-4ff7-a10a-2e277ed2168b{ip: 192.168.164.228, host: pr-hdds-1569-6l6kj-3873551761, networkLocation: /default-rack, certSerialId: null}fc626ee6-7a97-4763-a839-00b8374ada7e{ip: 192.168.164.228, host: pr-hdds-1569-6l6kj-3873551761, networkLocation: /default-rack, certSerialId: null}, Type:RATIS, Factor:THREE, State:OPEN]
2019-10-24 04:22:35,965 [EventQueue-StaleNodeForStaleNodeHandler] INFO  pipeline.PipelineStateManager (PipelineStateManager.java:finalizePipeline(123)) - Pipeline Pipeline[ Id: 811646f1-224c-4e15-a6ed-f7233ba83120, Nodes: bf3ee7f0-f0d7-435c-925f-54d516e7dc9d{ip: 192.168.164.228, host: pr-hdds-1569-6l6kj-3873551761, networkLocation: /default-rack, certSerialId: null}2c264eec-dad5-4ff7-a10a-2e277ed2168b{ip: 192.168.164.228, host: pr-hdds-1569-6l6kj-3873551761, networkLocation: /default-rack, certSerialId: null}fc626ee6-7a97-4763-a839-00b8374ada7e{ip: 192.168.164.228, host: pr-hdds-1569-6l6kj-3873551761, networkLocation: /default-rack, certSerialId: null}, Type:RATIS, Factor:THREE, State:CLOSED] moved to CLOSED state
2019-10-24 04:22:37,670 [grpc-default-executor-3] WARN  server.GrpcLogAppender (LogUtils.java:warn(134)) - bf3ee7f0-f0d7-435c-925f-54d516e7dc9d@group-F7233BA83120->2c264eec-dad5-4ff7-a10a-2e277ed2168b-AppendLogResponseHandler: Failed appendEntries: org.apache.ratis.thirdparty.io.grpc.StatusRuntimeException: UNAVAILABLE: io exception
2019-10-24 04:22:37,677 [grpc-default-executor-3] INFO  impl.FollowerInfo (FollowerInfo.java:lambda$new$0(51)) - bf3ee7f0-f0d7-435c-925f-54d516e7dc9d@group-F7233BA83120->2c264eec-dad5-4ff7-a10a-2e277ed2168b: nextIndex: updateUnconditionally 0 -> 0
2019-10-24 04:22:37,781 [Datanode State Machine Thread - 0] INFO  statemachine.DatanodeStateMachine (DatanodeStateMachine.java:lambda$startDaemon$0(350)) - Ozone container server started.
2019-10-24 04:22:40,170 [grpc-default-executor-2] WARN  server.GrpcLogAppender (LogUtils.java:warn(134)) - bf3ee7f0-f0d7-435c-925f-54d516e7dc9d@group-F7233BA83120->2c264eec-dad5-4ff7-a10a-2e277ed2168b-AppendLogResponseHandler: Failed appendEntries: org.apache.ratis.thirdparty.io.grpc.StatusRuntimeException: UNAVAILABLE: io exception
2019-10-24 04:22:40,172 [grpc-default-executor-2] INFO  impl.FollowerInfo (FollowerInfo.java:lambda$new$0(51)) - bf3ee7f0-f0d7-435c-925f-54d516e7dc9d@group-F7233BA83120->2c264eec-dad5-4ff7-a10a-2e277ed2168b: nextIndex: updateUnconditionally 0 -> 0
2019-10-24 04:22:40,917 [Thread-328] INFO  ozoneimpl.OzoneContainer (OzoneContainer.java:stop(227)) - Attempting to stop container services.
2019-10-24 04:22:40,917 [Thread-328] INFO  impl.RaftServerProxy (RaftServerProxy.java:lambda$close$4(314)) - bf3ee7f0-f0d7-435c-925f-54d516e7dc9d: close
2019-10-24 04:22:40,918 [Thread-328] INFO  impl.RaftServerImpl (RaftServerImpl.java:lambda$shutdown$3(247)) - bf3ee7f0-f0d7-435c-925f-54d516e7dc9d@group-D088ADA68DF4: shutdown
2019-10-24 04:22:40,918 [ForkJoinPool.commonPool-worker-0] INFO  impl.RaftServerImpl (RaftServerImpl.java:lambda$shutdown$3(247)) - bf3ee7f0-f0d7-435c-925f-54d516e7dc9d@group-F7233BA83120: shutdown
2019-10-24 04:22:40,919 [Thread-328] INFO  util.JmxRegister (JmxRegister.java:unregister(73)) - Successfully un-registered JMX Bean with object name Ratis:service=RaftServer,group=group-D088ADA68DF4,id=bf3ee7f0-f0d7-435c-925f-54d516e7dc9d
2019-10-24 04:22:40,919 [ForkJoinPool.commonPool-worker-0] INFO  util.JmxRegister (JmxRegister.java:unregister(73)) - Successfully un-registered JMX Bean with object name Ratis:service=RaftServer,group=group-F7233BA83120,id=bf3ee7f0-f0d7-435c-925f-54d516e7dc9d
2019-10-24 04:22:40,919 [Thread-328] INFO  impl.RoleInfo (RoleInfo.java:shutdownLeaderState(104)) - bf3ee7f0-f0d7-435c-925f-54d516e7dc9d: shutdown LeaderState
2019-10-24 04:22:40,919 [ForkJoinPool.commonPool-worker-0] INFO  impl.RoleInfo (RoleInfo.java:shutdownLeaderState(104)) - bf3ee7f0-f0d7-435c-925f-54d516e7dc9d: shutdown LeaderState
2019-10-24 04:22:40,920 [Thread-328] INFO  impl.PendingRequests (PendingRequests.java:sendNotLeaderResponses(202)) - bf3ee7f0-f0d7-435c-925f-54d516e7dc9d@group-D088ADA68DF4-PendingRequests: sendNotLeaderResponses
2019-10-24 04:22:40,922 [org.apache.ratis.server.impl.LogAppender$AppenderDaemon$$Lambda$439/417062662@51543d6d] WARN  server.GrpcLogAppender (GrpcLogAppender.java:mayWait(143)) - bf3ee7f0-f0d7-435c-925f-54d516e7dc9d@group-F7233BA83120->fc626ee6-7a97-4763-a839-00b8374ada7e-GrpcLogAppender: Wait interrupted by java.lang.InterruptedException
2019-10-24 04:22:40,922 [Thread-328] INFO  impl.StateMachineUpdater (StateMachineUpdater.java:stopAndJoin(136)) - bf3ee7f0-f0d7-435c-925f-54d516e7dc9d@group-D088ADA68DF4-StateMachineUpdater: set stopIndex = 0
2019-10-24 04:22:40,922 [ForkJoinPool.commonPool-worker-0] INFO  impl.PendingRequests (PendingRequests.java:sendNotLeaderResponses(202)) - bf3ee7f0-f0d7-435c-925f-54d516e7dc9d@group-F7233BA83120-PendingRequests: sendNotLeaderResponses
2019-10-24 04:22:40,923 [Thread-328] INFO  impl.RaftServerImpl (ServerState.java:close(387)) - bf3ee7f0-f0d7-435c-925f-54d516e7dc9d@group-D088ADA68DF4: closes. applyIndex: 0
2019-10-24 04:22:40,922 [org.apache.ratis.server.impl.LogAppender$AppenderDaemon$$Lambda$439/417062662@39c50cf6] WARN  server.GrpcLogAppender (GrpcLogAppender.java:mayWait(143)) - bf3ee7f0-f0d7-435c-925f-54d516e7dc9d@group-F7233BA83120->2c264eec-dad5-4ff7-a10a-2e277ed2168b-GrpcLogAppender: Wait interrupted by java.lang.InterruptedException
2019-10-24 04:22:40,923 [bf3ee7f0-f0d7-435c-925f-54d516e7dc9d@group-D088ADA68DF4-SegmentedRaftLogWorker] INFO  segmented.SegmentedRaftLogWorker (SegmentedRaftLogWorker.java:run(316)) - bf3ee7f0-f0d7-435c-925f-54d516e7dc9d@group-D088ADA68DF4-SegmentedRaftLogWorker was interrupted, exiting. There are 0 tasks remaining in the queue.
2019-10-24 04:22:40,923 [ForkJoinPool.commonPool-worker-0] INFO  impl.StateMachineUpdater (StateMachineUpdater.java:stopAndJoin(136)) - bf3ee7f0-f0d7-435c-925f-54d516e7dc9d@group-F7233BA83120-StateMachineUpdater: set stopIndex = 0
2019-10-24 04:22:40,925 [Thread-328] INFO  segmented.SegmentedRaftLogWorker (SegmentedRaftLogWorker.java:close(224)) - bf3ee7f0-f0d7-435c-925f-54d516e7dc9d@group-D088ADA68DF4-SegmentedRaftLogWorker close()
2019-10-24 04:22:40,925 [ForkJoinPool.commonPool-worker-0] INFO  impl.RaftServerImpl (ServerState.java:close(387)) - bf3ee7f0-f0d7-435c-925f-54d516e7dc9d@group-F7233BA83120: closes. applyIndex: 0
2019-10-24 04:22:40,926 [grpc-default-executor-2] INFO  server.GrpcServerProtocolService (GrpcServerProtocolService.java:onCompleted(113)) - fc626ee6-7a97-4763-a839-00b8374ada7e: Completed APPEND_ENTRIES, lastRequest: bf3ee7f0-f0d7-435c-925f-54d516e7dc9d->fc626ee6-7a97-4763-a839-00b8374ada7e#3-t1, previous=(t:1, i:0), leaderCommit=0, initializing? false, entries: <empty>
2019-10-24 04:22:40,926 [bf3ee7f0-f0d7-435c-925f-54d516e7dc9d@group-F7233BA83120-SegmentedRaftLogWorker] INFO  segmented.SegmentedRaftLogWorker (SegmentedRaftLogWorker.java:run(316)) - bf3ee7f0-f0d7-435c-925f-54d516e7dc9d@group-F7233BA83120-SegmentedRaftLogWorker was interrupted, exiting. There are 0 tasks remaining in the queue.
2019-10-24 04:22:40,931 [ForkJoinPool.commonPool-worker-0] INFO  segmented.SegmentedRaftLogWorker (SegmentedRaftLogWorker.java:close(224)) - bf3ee7f0-f0d7-435c-925f-54d516e7dc9d@group-F7233BA83120-SegmentedRaftLogWorker close()
2019-10-24 04:22:40,933 [Thread-328] INFO  server.GrpcService (GrpcService.java:closeImpl(164)) - bf3ee7f0-f0d7-435c-925f-54d516e7dc9d: shutdown server with port 45286 now
2019-10-24 04:22:40,934 [grpc-default-executor-2] INFO  server.GrpcLogAppender (GrpcLogAppender.java:onCompleted(293)) - bf3ee7f0-f0d7-435c-925f-54d516e7dc9d@group-F7233BA83120->fc626ee6-7a97-4763-a839-00b8374ada7e-AppendLogResponseHandler: follower responses appendEntries COMPLETED
2019-10-24 04:22:40,935 [Thread-328] INFO  server.GrpcService (GrpcService.java:closeImpl(172)) - bf3ee7f0-f0d7-435c-925f-54d516e7dc9d: shutdown server with port 45286 successfully
2019-10-24 04:22:40,936 [grpc-default-executor-2] INFO  impl.FollowerInfo (FollowerInfo.java:lambda$new$0(51)) - bf3ee7f0-f0d7-435c-925f-54d516e7dc9d@group-F7233BA83120->fc626ee6-7a97-4763-a839-00b8374ada7e: nextIndex: updateUnconditionally 1 -> 0
2019-10-24 04:22:40,944 [refreshUsed-/workdir/hadoop-ozone/integration-test/target/test-dir/MiniOzoneClusterImpl-44671199-cfe8-4314-91b0-bb36081afa0e/datanode-1/data/containers] WARN  fs.CachingGetSpaceUsed (CachingGetSpaceUsed.java:run(183)) - Thread Interrupted waiting to refresh disk information: sleep interrupted
2019-10-24 04:22:40,962 [Thread-328] INFO  utils.BackgroundService (BackgroundService.java:shutdown(151)) - Shutting down service BlockDeletingService
2019-10-24 04:22:40,966 [Thread-328] INFO  statemachine.DatanodeStateMachine (DatanodeStateMachine.java:stopDaemon(395)) - Ozone container server stopped.
2019-10-24 04:22:40,967 [Thread-328] INFO  handler.ContextHandler (ContextHandler.java:doStop(910)) - Stopped o.e.j.w.WebAppContext@4d7e2ba2{/,null,UNAVAILABLE}{/hddsDatanode}
2019-10-24 04:22:40,968 [Thread-328] INFO  server.AbstractConnector (AbstractConnector.java:doStop(318)) - Stopped ServerConnector@1148c398{HTTP/1.1,[http/1.1]}{0.0.0.0:0}
2019-10-24 04:22:40,968 [Thread-328] INFO  handler.ContextHandler (ContextHandler.java:doStop(910)) - Stopped o.e.j.s.ServletContextHandler@3caccccc{/static,jar:file:/home/user/.m2/repository/org/apache/hadoop/hadoop-hdds-container-service/0.5.0-SNAPSHOT/hadoop-hdds-container-service-0.5.0-SNAPSHOT.jar!/webapps/static,UNAVAILABLE}
2019-10-24 04:22:40,969 [Thread-328] INFO  handler.ContextHandler (ContextHandler.java:doStop(910)) - Stopped o.e.j.s.ServletContextHandler@1a2260aa{/logs,file:///workdir/hadoop-ozone/integration-test/target/log,UNAVAILABLE}
2019-10-24 04:22:41,856 [Datanode State Machine Thread - 0] INFO  statemachine.DatanodeStateMachine (DatanodeStateMachine.java:lambda$startDaemon$0(350)) - Ozone container server started.
2019-10-24 04:22:41,965 [EventQueue-StaleNodeForStaleNodeHandler] INFO  node.StaleNodeHandler (StaleNodeHandler.java:onMessage(58)) - Datanode bf3ee7f0-f0d7-435c-925f-54d516e7dc9d{ip: 192.168.164.228, host: pr-hdds-1569-6l6kj-3873551761, networkLocation: /default-rack, certSerialId: null} moved to stale state. Finalizing its pipelines [PipelineID=03e50330-d76f-4e51-bbe2-d088ada68df4, PipelineID=811646f1-224c-4e15-a6ed-f7233ba83120]
2019-10-24 04:22:41,966 [EventQueue-StaleNodeForStaleNodeHandler] INFO  pipeline.SCMPipelineManager (SCMPipelineManager.java:finalizeAndDestroyPipeline(311)) - destroying pipeline:Pipeline[ Id: 03e50330-d76f-4e51-bbe2-d088ada68df4, Nodes: bf3ee7f0-f0d7-435c-925f-54d516e7dc9d{ip: 192.168.164.228, host: pr-hdds-1569-6l6kj-3873551761, networkLocation: /default-rack, certSerialId: null}, Type:RATIS, Factor:ONE, State:OPEN]
2019-10-24 04:22:41,966 [EventQueue-StaleNodeForStaleNodeHandler] INFO  pipeline.PipelineStateManager (PipelineStateManager.java:finalizePipeline(123)) - Pipeline Pipeline[ Id: 03e50330-d76f-4e51-bbe2-d088ada68df4, Nodes: bf3ee7f0-f0d7-435c-925f-54d516e7dc9d{ip: 192.168.164.228, host: pr-hdds-1569-6l6kj-3873551761, networkLocation: /default-rack, certSerialId: null}, Type:RATIS, Factor:ONE, State:CLOSED] moved to CLOSED state
2019-10-24 04:22:41,967 [EventQueue-StaleNodeForStaleNodeHandler] INFO  pipeline.SCMPipelineManager (SCMPipelineManager.java:finalizeAndDestroyPipeline(311)) - destroying pipeline:Pipeline[ Id: 811646f1-224c-4e15-a6ed-f7233ba83120, Nodes: bf3ee7f0-f0d7-435c-925f-54d516e7dc9d{ip: 192.168.164.228, host: pr-hdds-1569-6l6kj-3873551761, networkLocation: /default-rack, certSerialId: null}2c264eec-dad5-4ff7-a10a-2e277ed2168b{ip: 192.168.164.228, host: pr-hdds-1569-6l6kj-3873551761, networkLocation: /default-rack, certSerialId: null}fc626ee6-7a97-4763-a839-00b8374ada7e{ip: 192.168.164.228, host: pr-hdds-1569-6l6kj-3873551761, networkLocation: /default-rack, certSerialId: null}, Type:RATIS, Factor:THREE, State:CLOSED]
2019-10-24 04:22:45,967 [EventQueue-StaleNodeForStaleNodeHandler] INFO  node.StaleNodeHandler (StaleNodeHandler.java:onMessage(58)) - Datanode fc626ee6-7a97-4763-a839-00b8374ada7e{ip: 192.168.164.228, host: pr-hdds-1569-6l6kj-3873551761, networkLocation: /default-rack, certSerialId: null} moved to stale state. Finalizing its pipelines [PipelineID=811646f1-224c-4e15-a6ed-f7233ba83120, PipelineID=d85458c1-ab06-4e62-a0e4-24de574b712b]
2019-10-24 04:22:45,967 [EventQueue-StaleNodeForStaleNodeHandler] INFO  pipeline.SCMPipelineManager (SCMPipelineManager.java:finalizeAndDestroyPipeline(311)) - destroying pipeline:Pipeline[ Id: 811646f1-224c-4e15-a6ed-f7233ba83120, Nodes: bf3ee7f0-f0d7-435c-925f-54d516e7dc9d{ip: 192.168.164.228, host: pr-hdds-1569-6l6kj-3873551761, networkLocation: /default-rack, certSerialId: null}2c264eec-dad5-4ff7-a10a-2e277ed2168b{ip: 192.168.164.228, host: pr-hdds-1569-6l6kj-3873551761, networkLocation: /default-rack, certSerialId: null}fc626ee6-7a97-4763-a839-00b8374ada7e{ip: 192.168.164.228, host: pr-hdds-1569-6l6kj-3873551761, networkLocation: /default-rack, certSerialId: null}, Type:RATIS, Factor:THREE, State:CLOSED]
2019-10-24 04:22:45,968 [EventQueue-StaleNodeForStaleNodeHandler] INFO  pipeline.SCMPipelineManager (SCMPipelineManager.java:finalizeAndDestroyPipeline(311)) - destroying pipeline:Pipeline[ Id: d85458c1-ab06-4e62-a0e4-24de574b712b, Nodes: fc626ee6-7a97-4763-a839-00b8374ada7e{ip: 192.168.164.228, host: pr-hdds-1569-6l6kj-3873551761, networkLocation: /default-rack, certSerialId: null}, Type:RATIS, Factor:ONE, State:OPEN]
2019-10-24 04:22:45,968 [EventQueue-StaleNodeForStaleNodeHandler] INFO  pipeline.PipelineStateManager (PipelineStateManager.java:finalizePipeline(123)) - Pipeline Pipeline[ Id: d85458c1-ab06-4e62-a0e4-24de574b712b, Nodes: fc626ee6-7a97-4763-a839-00b8374ada7e{ip: 192.168.164.228, host: pr-hdds-1569-6l6kj-3873551761, networkLocation: /default-rack, certSerialId: null}, Type:RATIS, Factor:ONE, State:CLOSED] moved to CLOSED state
2019-10-24 04:22:45,971 [Thread-328] INFO  ozoneimpl.OzoneContainer (OzoneContainer.java:stop(227)) - Attempting to stop container services.
2019-10-24 04:22:45,973 [Thread-328] INFO  impl.RaftServerProxy (RaftServerProxy.java:lambda$close$4(314)) - fc626ee6-7a97-4763-a839-00b8374ada7e: close
2019-10-24 04:22:45,973 [Thread-328] INFO  impl.RaftServerImpl (RaftServerImpl.java:lambda$shutdown$3(247)) - fc626ee6-7a97-4763-a839-00b8374ada7e@group-F7233BA83120: shutdown
2019-10-24 04:22:45,974 [Thread-328] INFO  util.JmxRegister (JmxRegister.java:unregister(73)) - Successfully un-registered JMX Bean with object name Ratis:service=RaftServer,group=group-F7233BA83120,id=fc626ee6-7a97-4763-a839-00b8374ada7e
2019-10-24 04:22:45,974 [Thread-328] INFO  impl.RoleInfo (RoleInfo.java:shutdownFollowerState(121)) - fc626ee6-7a97-4763-a839-00b8374ada7e: shutdown FollowerState
2019-10-24 04:22:45,974 [Thread-328] INFO  impl.StateMachineUpdater (StateMachineUpdater.java:stopAndJoin(136)) - fc626ee6-7a97-4763-a839-00b8374ada7e@group-F7233BA83120-StateMachineUpdater: set stopIndex = 0
2019-10-24 04:22:45,974 [Thread-527] INFO  impl.FollowerState (FollowerState.java:run(117)) - fc626ee6-7a97-4763-a839-00b8374ada7e@group-F7233BA83120-FollowerState was interrupted: java.lang.InterruptedException: sleep interrupted
2019-10-24 04:22:45,976 [Thread-328] INFO  impl.RaftServerImpl (ServerState.java:close(387)) - fc626ee6-7a97-4763-a839-00b8374ada7e@group-F7233BA83120: closes. applyIndex: 0
2019-10-24 04:22:45,976 [fc626ee6-7a97-4763-a839-00b8374ada7e@group-F7233BA83120-SegmentedRaftLogWorker] INFO  segmented.SegmentedRaftLogWorker (SegmentedRaftLogWorker.java:run(316)) - fc626ee6-7a97-4763-a839-00b8374ada7e@group-F7233BA83120-SegmentedRaftLogWorker was interrupted, exiting. There are 0 tasks remaining in the queue.
2019-10-24 04:22:45,978 [Thread-328] INFO  segmented.SegmentedRaftLogWorker (SegmentedRaftLogWorker.java:close(224)) - fc626ee6-7a97-4763-a839-00b8374ada7e@group-F7233BA83120-SegmentedRaftLogWorker close()
2019-10-24 04:22:45,979 [Thread-328] INFO  impl.RaftServerImpl (RaftServerImpl.java:lambda$shutdown$3(247)) - fc626ee6-7a97-4763-a839-00b8374ada7e@group-24DE574B712B: shutdown
2019-10-24 04:22:45,979 [Thread-328] INFO  util.JmxRegister (JmxRegister.java:unregister(73)) - Successfully un-registered JMX Bean with object name Ratis:service=RaftServer,group=group-24DE574B712B,id=fc626ee6-7a97-4763-a839-00b8374ada7e
2019-10-24 04:22:45,980 [Thread-328] INFO  impl.RoleInfo (RoleInfo.java:shutdownLeaderState(104)) - fc626ee6-7a97-4763-a839-00b8374ada7e: shutdown LeaderState
2019-10-24 04:22:45,980 [Thread-328] INFO  impl.PendingRequests (PendingRequests.java:sendNotLeaderResponses(202)) - fc626ee6-7a97-4763-a839-00b8374ada7e@group-24DE574B712B-PendingRequests: sendNotLeaderResponses
2019-10-24 04:22:45,980 [Thread-328] INFO  impl.StateMachineUpdater (StateMachineUpdater.java:stopAndJoin(136)) - fc626ee6-7a97-4763-a839-00b8374ada7e@group-24DE574B712B-StateMachineUpdater: set stopIndex = 0
2019-10-24 04:22:45,981 [Thread-328] INFO  impl.RaftServerImpl (ServerState.java:close(387)) - fc626ee6-7a97-4763-a839-00b8374ada7e@group-24DE574B712B: closes. applyIndex: 0
2019-10-24 04:22:45,981 [fc626ee6-7a97-4763-a839-00b8374ada7e@group-24DE574B712B-SegmentedRaftLogWorker] INFO  segmented.SegmentedRaftLogWorker (SegmentedRaftLogWorker.java:run(316)) - fc626ee6-7a97-4763-a839-00b8374ada7e@group-24DE574B712B-SegmentedRaftLogWorker was interrupted, exiting. There are 0 tasks remaining in the queue.
2019-10-24 04:22:45,989 [Thread-328] INFO  segmented.SegmentedRaftLogWorker (SegmentedRaftLogWorker.java:close(224)) - fc626ee6-7a97-4763-a839-00b8374ada7e@group-24DE574B712B-SegmentedRaftLogWorker close()
2019-10-24 04:22:45,990 [Thread-328] INFO  server.GrpcService (GrpcService.java:closeImpl(164)) - fc626ee6-7a97-4763-a839-00b8374ada7e: shutdown server with port 36196 now
2019-10-24 04:22:45,991 [Thread-328] INFO  server.GrpcService (GrpcService.java:closeImpl(172)) - fc626ee6-7a97-4763-a839-00b8374ada7e: shutdown server with port 36196 successfully
2019-10-24 04:22:45,994 [refreshUsed-/workdir/hadoop-ozone/integration-test/target/test-dir/MiniOzoneClusterImpl-44671199-cfe8-4314-91b0-bb36081afa0e/datanode-2/data/containers] WARN  fs.CachingGetSpaceUsed (CachingGetSpaceUsed.java:run(183)) - Thread Interrupted waiting to refresh disk information: sleep interrupted
2019-10-24 04:22:46,013 [Thread-328] INFO  utils.BackgroundService (BackgroundService.java:shutdown(151)) - Shutting down service BlockDeletingService
2019-10-24 04:22:46,015 [Thread-328] INFO  statemachine.DatanodeStateMachine (DatanodeStateMachine.java:stopDaemon(395)) - Ozone container server stopped.
2019-10-24 04:22:46,016 [Thread-328] INFO  handler.ContextHandler (ContextHandler.java:doStop(910)) - Stopped o.e.j.w.WebAppContext@36dd5ddd{/,null,UNAVAILABLE}{/hddsDatanode}
2019-10-24 04:22:46,017 [Thread-328] INFO  server.AbstractConnector (AbstractConnector.java:doStop(318)) - Stopped ServerConnector@6c640336{HTTP/1.1,[http/1.1]}{0.0.0.0:0}
2019-10-24 04:22:46,017 [Thread-328] INFO  handler.ContextHandler (ContextHandler.java:doStop(910)) - Stopped o.e.j.s.ServletContextHandler@32f8c66b{/static,jar:file:/home/user/.m2/repository/org/apache/hadoop/hadoop-hdds-container-service/0.5.0-SNAPSHOT/hadoop-hdds-container-service-0.5.0-SNAPSHOT.jar!/webapps/static,UNAVAILABLE}
2019-10-24 04:22:46,018 [Thread-328] INFO  handler.ContextHandler (ContextHandler.java:doStop(910)) - Stopped o.e.j.s.ServletContextHandler@2bd9241f{/logs,file:///workdir/hadoop-ozone/integration-test/target/log,UNAVAILABLE}
2019-10-24 04:22:46,019 [Thread-328] ERROR pipeline.PipelinePlacementPolicy (PipelinePlacementPolicy.java:filterViableNodes(148)) - No healthy node found to allocate pipeline.
2019-10-24 04:22:46,019 [Thread-328] ERROR pipeline.SCMPipelineManager (SCMPipelineManager.java:createPipeline(162)) - Pipeline creation failed.
org.apache.hadoop.hdds.scm.exceptions.SCMException: No healthy node found to allocate pipeline.
	at org.apache.hadoop.hdds.scm.pipeline.PipelinePlacementPolicy.filterViableNodes(PipelinePlacementPolicy.java:149)
	at org.apache.hadoop.hdds.scm.pipeline.PipelinePlacementPolicy.chooseDatanodes(PipelinePlacementPolicy.java:199)
	at org.apache.hadoop.hdds.scm.pipeline.RatisPipelineProvider.create(RatisPipelineProvider.java:177)
	at org.apache.hadoop.hdds.scm.pipeline.PipelineFactory.create(PipelineFactory.java:58)
	at org.apache.hadoop.hdds.scm.pipeline.SCMPipelineManager.createPipeline(SCMPipelineManager.java:152)
	at org.apache.hadoop.hdds.scm.pipeline.TestRatisPipelineCreateAndDestroy.testPipelineCreationOnNodeRestart(TestRatisPipelineCreateAndDestroy.java:105)
	at sun.reflect.NativeMethodAccessorImpl.invoke0(Native Method)
	at sun.reflect.NativeMethodAccessorImpl.invoke(NativeMethodAccessorImpl.java:62)
	at sun.reflect.DelegatingMethodAccessorImpl.invoke(DelegatingMethodAccessorImpl.java:43)
	at java.lang.reflect.Method.invoke(Method.java:498)
	at org.junit.runners.model.FrameworkMethod$1.runReflectiveCall(FrameworkMethod.java:47)
	at org.junit.internal.runners.model.ReflectiveCallable.run(ReflectiveCallable.java:12)
	at org.junit.runners.model.FrameworkMethod.invokeExplosively(FrameworkMethod.java:44)
	at org.junit.internal.runners.statements.InvokeMethod.evaluate(InvokeMethod.java:17)
	at org.junit.internal.runners.statements.FailOnTimeout$StatementThread.run(FailOnTimeout.java:74)
2019-10-24 04:22:46,020 [main] INFO  ozone.MiniOzoneClusterImpl (MiniOzoneClusterImpl.java:shutdown(314)) - Shutting down the Mini Ozone Cluster
2019-10-24 04:22:46,021 [main] INFO  ozone.MiniOzoneClusterImpl (MiniOzoneClusterImpl.java:stop(330)) - Stopping the Mini Ozone Cluster
2019-10-24 04:22:46,021 [main] INFO  ozone.MiniOzoneClusterImpl (MiniOzoneClusterImpl.java:stopOM(400)) - Stopping the OzoneManager
2019-10-24 04:22:46,021 [main] INFO  ipc.Server (Server.java:stop(3082)) - Stopping server on 43436
2019-10-24 04:22:46,028 [IPC Server listener on 43436] INFO  ipc.Server (Server.java:run(1185)) - Stopping IPC Server listener on 43436
2019-10-24 04:22:46,030 [main] INFO  ratis.OzoneManagerDoubleBuffer (OzoneManagerDoubleBuffer.java:stop(250)) - Stopping OMDoubleBuffer flush thread
2019-10-24 04:22:46,030 [IPC Server Responder] INFO  ipc.Server (Server.java:run(1319)) - Stopping IPC Server Responder
2019-10-24 04:22:46,035 [OMDoubleBufferFlushThread] INFO  ratis.OzoneManagerDoubleBuffer (OzoneManagerDoubleBuffer.java:flushTransactions(193)) - OMDoubleBuffer flush thread OMDoubleBufferFlushThread is interrupted and will exit. OMDoubleBufferFlushThread
2019-10-24 04:22:46,039 [main] INFO  utils.BackgroundService (BackgroundService.java:shutdown(151)) - Shutting down service KeyDeletingService
2019-10-24 04:22:46,043 [main] INFO  handler.ContextHandler (ContextHandler.java:doStop(910)) - Stopped o.e.j.w.WebAppContext@39183178{/,null,UNAVAILABLE}{/ozoneManager}
2019-10-24 04:22:46,043 [main] INFO  server.AbstractConnector (AbstractConnector.java:doStop(318)) - Stopped ServerConnector@4f19b650{HTTP/1.1,[http/1.1]}{0.0.0.0:0}
2019-10-24 04:22:46,044 [main] INFO  handler.ContextHandler (ContextHandler.java:doStop(910)) - Stopped o.e.j.s.ServletContextHandler@2d6cb465{/static,file:///workdir/hadoop-ozone/integration-test/target/test-classes/webapps/static,UNAVAILABLE}
2019-10-24 04:22:46,045 [main] INFO  handler.ContextHandler (ContextHandler.java:doStop(910)) - Stopped o.e.j.s.ServletContextHandler@5ff9cd56{/logs,file:///workdir/hadoop-ozone/integration-test/target/log,UNAVAILABLE}
2019-10-24 04:22:46,049 [main] INFO  ozone.MiniOzoneClusterImpl (MiniOzoneClusterImpl.java:stopDatanodes(377)) - Stopping the HddsDatanodes
2019-10-24 04:22:46,050 [main] INFO  ozone.MiniOzoneClusterImpl (MiniOzoneClusterImpl.java:stopSCM(392)) - Stopping the StorageContainerManager
2019-10-24 04:22:46,050 [main] INFO  server.StorageContainerManager (StorageContainerManager.java:stop(810)) - Stopping Replication Manager Service.
2019-10-24 04:22:46,050 [main] INFO  container.ReplicationManager (ReplicationManager.java:stop(204)) - Stopping Replication Monitor Thread.
2019-10-24 04:22:46,051 [main] INFO  server.StorageContainerManager (StorageContainerManager.java:stop(817)) - Stopping Lease Manager of the command watchers
2019-10-24 04:22:46,051 [main] INFO  server.StorageContainerManager (StorageContainerManager.java:stop(824)) - Stopping datanode service RPC server
2019-10-24 04:22:46,051 [main] INFO  server.SCMDatanodeProtocolServer (SCMDatanodeProtocolServer.java:stop(346)) - Stopping the RPC server for DataNodes
2019-10-24 04:22:46,052 [main] INFO  ipc.Server (Server.java:stop(3082)) - Stopping server on 43925
2019-10-24 04:22:46,053 [IPC Server listener on 43925] INFO  ipc.Server (Server.java:run(1185)) - Stopping IPC Server listener on 43925
2019-10-24 04:22:46,053 [IPC Server Responder] INFO  ipc.Server (Server.java:run(1319)) - Stopping IPC Server Responder
2019-10-24 04:22:46,967 [SCM Heartbeat Processing Thread - 0] WARN  node.NodeStateManager (NodeStateManager.java:scheduleNextHealthCheck(655)) - Current Thread is interrupted, shutting down HB processing thread for Node Manager.
2019-10-24 04:22:46,968 [main] INFO  server.StorageContainerManager (StorageContainerManager.java:stop(832)) - Stopping block service RPC server
2019-10-24 04:22:46,969 [main] INFO  server.SCMBlockProtocolServer (SCMBlockProtocolServer.java:stop(155)) - Stopping the RPC server for Block Protocol
2019-10-24 04:22:46,970 [main] INFO  ipc.Server (Server.java:stop(3082)) - Stopping server on 45395
2019-10-24 04:22:46,972 [IPC Server listener on 45395] INFO  ipc.Server (Server.java:run(1185)) - Stopping IPC Server listener on 45395
2019-10-24 04:22:46,972 [main] INFO  server.StorageContainerManager (StorageContainerManager.java:stop(839)) - Stopping the StorageContainerLocationProtocol RPC server
2019-10-24 04:22:46,972 [IPC Server Responder] INFO  ipc.Server (Server.java:run(1319)) - Stopping IPC Server Responder
2019-10-24 04:22:46,975 [main] INFO  server.SCMClientProtocolServer (SCMClientProtocolServer.java:stop(168)) - Stopping the RPC server for Client Protocol
2019-10-24 04:22:46,976 [main] INFO  ipc.Server (Server.java:stop(3082)) - Stopping server on 37975
2019-10-24 04:22:46,977 [IPC Server listener on 37975] INFO  ipc.Server (Server.java:run(1185)) - Stopping IPC Server listener on 37975
2019-10-24 04:22:46,977 [IPC Server Responder] INFO  ipc.Server (Server.java:run(1319)) - Stopping IPC Server Responder
2019-10-24 04:22:46,977 [main] INFO  server.StorageContainerManager (StorageContainerManager.java:stop(846)) - Stopping Storage Container Manager HTTP server.
2019-10-24 04:22:46,982 [main] INFO  handler.ContextHandler (ContextHandler.java:doStop(910)) - Stopped o.e.j.w.WebAppContext@bf54211{/,null,UNAVAILABLE}{/scm}
2019-10-24 04:22:46,982 [main] INFO  server.AbstractConnector (AbstractConnector.java:doStop(318)) - Stopped ServerConnector@40761ba9{HTTP/1.1,[http/1.1]}{0.0.0.0:0}
2019-10-24 04:22:46,983 [main] INFO  handler.ContextHandler (ContextHandler.java:doStop(910)) - Stopped o.e.j.s.ServletContextHandler@14cceb62{/static,file:///workdir/hadoop-ozone/integration-test/target/test-classes/webapps/static,UNAVAILABLE}
2019-10-24 04:22:46,984 [main] INFO  handler.ContextHandler (ContextHandler.java:doStop(910)) - Stopped o.e.j.s.ServletContextHandler@509dbee6{/logs,file:///workdir/hadoop-ozone/integration-test/target/log,UNAVAILABLE}
2019-10-24 04:22:46,985 [main] INFO  server.StorageContainerManager (StorageContainerManager.java:stop(857)) - Stopping Block Manager Service.
2019-10-24 04:22:46,986 [main] INFO  utils.BackgroundService (BackgroundService.java:shutdown(151)) - Shutting down service SCMBlockDeletingService
2019-10-24 04:22:46,986 [main] INFO  utils.BackgroundService (BackgroundService.java:shutdown(151)) - Shutting down service SCMBlockDeletingService
2019-10-24 04:22:46,987 [main] INFO  server.StorageContainerManager (StorageContainerManager.java:stop(879)) - Stopping SCM Event Queue.
2019-10-24 04:22:46,998 [main] INFO  impl.MetricsSystemImpl (MetricsSystemImpl.java:stop(210)) - Stopping HddsDatanode metrics system...
2019-10-24 04:22:47,009 [main] INFO  impl.MetricsSystemImpl (MetricsSystemImpl.java:stop(216)) - HddsDatanode metrics system stopped.
]]></system-out>
    <system-err><![CDATA[Oct 24, 2019 4:22:35 AM org.apache.ratis.thirdparty.io.grpc.internal.SerializingExecutor run
SEVERE: Exception while executing runnable org.apache.ratis.thirdparty.io.grpc.internal.ServerImpl$JumpToApplicationThreadServerStreamListener$1Closed@11c7a592
org.apache.ratis.thirdparty.io.grpc.StatusRuntimeException: CANCELLED: call already cancelled
	at org.apache.ratis.thirdparty.io.grpc.Status.asRuntimeException(Status.java:517)
	at org.apache.ratis.thirdparty.io.grpc.stub.ServerCalls$ServerCallStreamObserverImpl.onCompleted(ServerCalls.java:356)
	at org.apache.ratis.grpc.server.GrpcServerProtocolService$ServerRequestStreamObserver.onError(GrpcServerProtocolService.java:121)
	at org.apache.ratis.thirdparty.io.grpc.stub.ServerCalls$StreamingServerCallHandler$StreamingServerCallListener.onCancel(ServerCalls.java:269)
	at org.apache.ratis.thirdparty.io.grpc.internal.ServerCallImpl$ServerStreamListenerImpl.closed(ServerCallImpl.java:293)
	at org.apache.ratis.thirdparty.io.grpc.internal.ServerImpl$JumpToApplicationThreadServerStreamListener$1Closed.runInContext(ServerImpl.java:741)
	at org.apache.ratis.thirdparty.io.grpc.internal.ContextRunnable.run(ContextRunnable.java:37)
	at org.apache.ratis.thirdparty.io.grpc.internal.SerializingExecutor.run(SerializingExecutor.java:123)
	at java.util.concurrent.ThreadPoolExecutor.runWorker(ThreadPoolExecutor.java:1149)
	at java.util.concurrent.ThreadPoolExecutor$Worker.run(ThreadPoolExecutor.java:624)
	at java.lang.Thread.run(Thread.java:748)

]]></system-err>
  </testcase>
</testsuite>