<?xml version="1.0" encoding="UTF-8"?>
<testsuite xmlns:xsi="http://www.w3.org/2001/XMLSchema-instance" xsi:noNamespaceSchemaLocation="https://maven.apache.org/surefire/maven-surefire-plugin/xsd/surefire-test-report.xsd" name="org.apache.hadoop.ozone.freon.TestFreonWithPipelineDestroy" time="49.129" tests="1" errors="1" skipped="0" failures="0">
  <properties>
    <property name="awt.toolkit" value="sun.awt.X11.XToolkit"/>
    <property name="file.encoding.pkg" value="sun.io"/>
    <property name="java.specification.version" value="1.8"/>
    <property name="sun.cpu.isalist" value=""/>
    <property name="sun.jnu.encoding" value="ANSI_X3.4-1968"/>
    <property name="java.class.path" value="/workdir/hadoop-ozone/tools/target/test-classes:/workdir/hadoop-ozone/tools/target/classes:/home/user/.m2/repository/org/apache/hadoop/hadoop-ozone-ozone-manager/0.5.0-SNAPSHOT/hadoop-ozone-ozone-manager-0.5.0-SNAPSHOT.jar:/home/user/.m2/repository/org/apache/hadoop/hadoop-hdds-docs/0.5.0-SNAPSHOT/hadoop-hdds-docs-0.5.0-SNAPSHOT.jar:/home/user/.m2/repository/org/bouncycastle/bcprov-jdk15on/1.60/bcprov-jdk15on-1.60.jar:/home/user/.m2/repository/org/apache/hadoop/hadoop-ozone-common/0.5.0-SNAPSHOT/hadoop-ozone-common-0.5.0-SNAPSHOT.jar:/home/user/.m2/repository/org/apache/commons/commons-compress/1.4.1/commons-compress-1.4.1.jar:/home/user/.m2/repository/org/tukaani/xz/1.0/xz-1.0.jar:/home/user/.m2/repository/org/apache/hadoop/hadoop-hdfs-client/3.2.0/hadoop-hdfs-client-3.2.0.jar:/home/user/.m2/repository/com/fasterxml/jackson/core/jackson-annotations/2.9.9/jackson-annotations-2.9.9.jar:/home/user/.m2/repository/org/apache/hadoop/hadoop-hdds-common/0.5.0-SNAPSHOT/hadoop-hdds-common-0.5.0-SNAPSHOT.jar:/home/user/.m2/repository/org/apache/hadoop/hadoop-hdds-config/0.5.0-SNAPSHOT/hadoop-hdds-config-0.5.0-SNAPSHOT.jar:/home/user/.m2/repository/javax/annotation/javax.annotation-api/1.2/javax.annotation-api-1.2.jar:/home/user/.m2/repository/org/apache/ratis/ratis-server/0.5.0-d6d58d0-SNAPSHOT/ratis-server-0.5.0-d6d58d0-SNAPSHOT.jar:/home/user/.m2/repository/org/apache/ratis/ratis-thirdparty-misc/0.2.0/ratis-thirdparty-misc-0.2.0.jar:/home/user/.m2/repository/org/apache/ratis/ratis-proto/0.5.0-d6d58d0-SNAPSHOT/ratis-proto-0.5.0-d6d58d0-SNAPSHOT.jar:/home/user/.m2/repository/org/apache/ratis/ratis-common/0.5.0-d6d58d0-SNAPSHOT/ratis-common-0.5.0-d6d58d0-SNAPSHOT.jar:/home/user/.m2/repository/org/apache/ratis/ratis-client/0.5.0-d6d58d0-SNAPSHOT/ratis-client-0.5.0-d6d58d0-SNAPSHOT.jar:/home/user/.m2/repository/org/apache/ratis/ratis-metrics/0.5.0-d6d58d0-SNAPSHOT/ratis-metrics-0.5.0-d6d58d0-SNAPSHOT.jar:/home/user/.m2/repository/org/apache/ratis/ratis-netty/0.5.0-d6d58d0-SNAPSHOT/ratis-netty-0.5.0-d6d58d0-SNAPSHOT.jar:/home/user/.m2/repository/org/apache/ratis/ratis-grpc/0.5.0-d6d58d0-SNAPSHOT/ratis-grpc-0.5.0-d6d58d0-SNAPSHOT.jar:/home/user/.m2/repository/org/rocksdb/rocksdbjni/6.0.1/rocksdbjni-6.0.1.jar:/home/user/.m2/repository/org/apache/logging/log4j/log4j-api/2.11.0/log4j-api-2.11.0.jar:/home/user/.m2/repository/org/apache/logging/log4j/log4j-core/2.11.0/log4j-core-2.11.0.jar:/home/user/.m2/repository/com/lmax/disruptor/3.4.2/disruptor-3.4.2.jar:/home/user/.m2/repository/org/apache/commons/commons-pool2/2.6.0/commons-pool2-2.6.0.jar:/home/user/.m2/repository/org/bouncycastle/bcpkix-jdk15on/1.60/bcpkix-jdk15on-1.60.jar:/home/user/.m2/repository/commons-validator/commons-validator/1.6/commons-validator-1.6.jar:/home/user/.m2/repository/commons-digester/commons-digester/1.8.1/commons-digester-1.8.1.jar:/home/user/.m2/repository/io/jaegertracing/jaeger-client/0.34.0/jaeger-client-0.34.0.jar:/home/user/.m2/repository/io/jaegertracing/jaeger-thrift/0.34.0/jaeger-thrift-0.34.0.jar:/home/user/.m2/repository/org/apache/thrift/libthrift/0.12.0/libthrift-0.12.0.jar:/home/user/.m2/repository/com/squareup/okhttp3/okhttp/3.9.0/okhttp-3.9.0.jar:/home/user/.m2/repository/com/squareup/okio/okio/1.13.0/okio-1.13.0.jar:/home/user/.m2/repository/io/jaegertracing/jaeger-core/0.34.0/jaeger-core-0.34.0.jar:/home/user/.m2/repository/io/jaegertracing/jaeger-tracerresolver/0.34.0/jaeger-tracerresolver-0.34.0.jar:/home/user/.m2/repository/io/opentracing/contrib/opentracing-tracerresolver/0.1.5/opentracing-tracerresolver-0.1.5.jar:/home/user/.m2/repository/io/opentracing/opentracing-util/0.31.0/opentracing-util-0.31.0.jar:/home/user/.m2/repository/io/opentracing/opentracing-api/0.31.0/opentracing-api-0.31.0.jar:/home/user/.m2/repository/io/opentracing/opentracing-noop/0.31.0/opentracing-noop-0.31.0.jar:/home/user/.m2/repository/org/yaml/snakeyaml/1.16/snakeyaml-1.16.jar:/home/user/.m2/repository/org/apache/hadoop/hadoop-hdds-container-service/0.5.0-SNAPSHOT/hadoop-hdds-container-service-0.5.0-SNAPSHOT.jar:/home/user/.m2/repository/org/apache/hadoop/hadoop-hdds-client/0.5.0-SNAPSHOT/hadoop-hdds-client-0.5.0-SNAPSHOT.jar:/home/user/.m2/repository/org/apache/hadoop/hadoop-hdds-tools/0.5.0-SNAPSHOT/hadoop-hdds-tools-0.5.0-SNAPSHOT.jar:/home/user/.m2/repository/org/xerial/sqlite-jdbc/3.25.2/sqlite-jdbc-3.25.2.jar:/home/user/.m2/repository/org/apache/hadoop/hadoop-hdds-server-scm/0.5.0-SNAPSHOT/hadoop-hdds-server-scm-0.5.0-SNAPSHOT.jar:/home/user/.m2/repository/org/hamcrest/hamcrest-all/1.3/hamcrest-all-1.3.jar:/home/user/.m2/repository/info/picocli/picocli/3.9.6/picocli-3.9.6.jar:/home/user/.m2/repository/com/google/protobuf/protobuf-java/2.5.0/protobuf-java-2.5.0.jar:/home/user/.m2/repository/com/google/guava/guava/11.0.2/guava-11.0.2.jar:/home/user/.m2/repository/org/apache/hadoop/hadoop-ozone-client/0.5.0-SNAPSHOT/hadoop-ozone-client-0.5.0-SNAPSHOT.jar:/workdir/hadoop-ozone/ozonefs/target/classes:/home/user/.m2/repository/org/apache/httpcomponents/httpclient/4.5.2/httpclient-4.5.2.jar:/home/user/.m2/repository/org/apache/httpcomponents/httpcore/4.4.4/httpcore-4.4.4.jar:/home/user/.m2/repository/org/apache/hadoop/hadoop-hdds-server-framework/0.5.0-SNAPSHOT/hadoop-hdds-server-framework-0.5.0-SNAPSHOT.jar:/home/user/.m2/repository/org/apache/hadoop/hadoop-common/3.2.0/hadoop-common-3.2.0.jar:/home/user/.m2/repository/org/apache/hadoop/hadoop-annotations/3.2.0/hadoop-annotations-3.2.0.jar:/usr/lib/jvm/java-1.8.0-openjdk-1.8.0.222.b10-1.el7_7.x86_64/jre/../lib/tools.jar:/home/user/.m2/repository/commons-cli/commons-cli/1.2/commons-cli-1.2.jar:/home/user/.m2/repository/org/apache/commons/commons-math3/3.1.1/commons-math3-3.1.1.jar:/home/user/.m2/repository/commons-codec/commons-codec/1.11/commons-codec-1.11.jar:/home/user/.m2/repository/commons-io/commons-io/2.5/commons-io-2.5.jar:/home/user/.m2/repository/commons-net/commons-net/3.6/commons-net-3.6.jar:/home/user/.m2/repository/commons-collections/commons-collections/3.2.2/commons-collections-3.2.2.jar:/home/user/.m2/repository/javax/servlet/javax.servlet-api/3.1.0/javax.servlet-api-3.1.0.jar:/home/user/.m2/repository/org/eclipse/jetty/jetty-server/9.3.25.v20180904/jetty-server-9.3.25.v20180904.jar:/home/user/.m2/repository/org/eclipse/jetty/jetty-http/9.3.25.v20180904/jetty-http-9.3.25.v20180904.jar:/home/user/.m2/repository/org/eclipse/jetty/jetty-io/9.3.25.v20180904/jetty-io-9.3.25.v20180904.jar:/home/user/.m2/repository/org/eclipse/jetty/jetty-util/9.3.25.v20180904/jetty-util-9.3.25.v20180904.jar:/home/user/.m2/repository/org/eclipse/jetty/jetty-servlet/9.3.25.v20180904/jetty-servlet-9.3.25.v20180904.jar:/home/user/.m2/repository/org/eclipse/jetty/jetty-security/9.3.25.v20180904/jetty-security-9.3.25.v20180904.jar:/home/user/.m2/repository/org/eclipse/jetty/jetty-webapp/9.3.25.v20180904/jetty-webapp-9.3.25.v20180904.jar:/home/user/.m2/repository/org/eclipse/jetty/jetty-xml/9.3.25.v20180904/jetty-xml-9.3.25.v20180904.jar:/home/user/.m2/repository/javax/servlet/jsp/jsp-api/2.1/jsp-api-2.1.jar:/home/user/.m2/repository/com/sun/jersey/jersey-core/1.19/jersey-core-1.19.jar:/home/user/.m2/repository/javax/ws/rs/jsr311-api/1.1.1/jsr311-api-1.1.1.jar:/home/user/.m2/repository/com/sun/jersey/jersey-servlet/1.19/jersey-servlet-1.19.jar:/home/user/.m2/repository/com/sun/jersey/jersey-json/1.19/jersey-json-1.19.jar:/home/user/.m2/repository/org/codehaus/jettison/jettison/1.1/jettison-1.1.jar:/home/user/.m2/repository/com/sun/xml/bind/jaxb-impl/2.3.0.1/jaxb-impl-2.3.0.1.jar:/home/user/.m2/repository/org/codehaus/jackson/jackson-core-asl/1.9.13/jackson-core-asl-1.9.13.jar:/home/user/.m2/repository/org/codehaus/jackson/jackson-mapper-asl/1.9.13/jackson-mapper-asl-1.9.13.jar:/home/user/.m2/repository/org/codehaus/jackson/jackson-jaxrs/1.9.13/jackson-jaxrs-1.9.13.jar:/home/user/.m2/repository/org/codehaus/jackson/jackson-xc/1.9.13/jackson-xc-1.9.13.jar:/home/user/.m2/repository/com/sun/jersey/jersey-server/1.19/jersey-server-1.19.jar:/home/user/.m2/repository/commons-logging/commons-logging/1.1.3/commons-logging-1.1.3.jar:/home/user/.m2/repository/log4j/log4j/1.2.17/log4j-1.2.17.jar:/home/user/.m2/repository/commons-beanutils/commons-beanutils/1.9.4/commons-beanutils-1.9.4.jar:/home/user/.m2/repository/org/apache/commons/commons-configuration2/2.1.1/commons-configuration2-2.1.1.jar:/home/user/.m2/repository/org/apache/commons/commons-lang3/3.7/commons-lang3-3.7.jar:/home/user/.m2/repository/org/apache/commons/commons-text/1.4/commons-text-1.4.jar:/home/user/.m2/repository/org/slf4j/slf4j-api/1.7.25/slf4j-api-1.7.25.jar:/home/user/.m2/repository/org/slf4j/slf4j-log4j12/1.7.25/slf4j-log4j12-1.7.25.jar:/home/user/.m2/repository/org/apache/avro/avro/1.7.7/avro-1.7.7.jar:/home/user/.m2/repository/com/thoughtworks/paranamer/paranamer/2.3/paranamer-2.3.jar:/home/user/.m2/repository/org/xerial/snappy/snappy-java/1.0.5/snappy-java-1.0.5.jar:/home/user/.m2/repository/com/google/re2j/re2j/1.1/re2j-1.1.jar:/home/user/.m2/repository/com/google/code/gson/gson/2.2.4/gson-2.2.4.jar:/home/user/.m2/repository/org/apache/hadoop/hadoop-auth/3.2.0/hadoop-auth-3.2.0.jar:/home/user/.m2/repository/com/nimbusds/nimbus-jose-jwt/4.41.1/nimbus-jose-jwt-4.41.1.jar:/home/user/.m2/repository/com/github/stephenc/jcip/jcip-annotations/1.0-1/jcip-annotations-1.0-1.jar:/home/user/.m2/repository/net/minidev/json-smart/2.3/json-smart-2.3.jar:/home/user/.m2/repository/net/minidev/accessors-smart/1.2/accessors-smart-1.2.jar:/home/user/.m2/repository/org/apache/curator/curator-framework/2.12.0/curator-framework-2.12.0.jar:/home/user/.m2/repository/com/jcraft/jsch/0.1.54/jsch-0.1.54.jar:/home/user/.m2/repository/org/apache/curator/curator-client/2.12.0/curator-client-2.12.0.jar:/home/user/.m2/repository/org/apache/curator/curator-recipes/2.12.0/curator-recipes-2.12.0.jar:/home/user/.m2/repository/com/google/code/findbugs/jsr305/3.0.0/jsr305-3.0.0.jar:/home/user/.m2/repository/org/apache/htrace/htrace-core4/4.1.0-incubating/htrace-core4-4.1.0-incubating.jar:/home/user/.m2/repository/org/apache/zookeeper/zookeeper/3.4.13/zookeeper-3.4.13.jar:/home/user/.m2/repository/jline/jline/0.9.94/jline-0.9.94.jar:/home/user/.m2/repository/org/apache/yetus/audience-annotations/0.5.0/audience-annotations-0.5.0.jar:/home/user/.m2/repository/org/apache/kerby/kerb-simplekdc/1.0.1/kerb-simplekdc-1.0.1.jar:/home/user/.m2/repository/org/apache/kerby/kerb-client/1.0.1/kerb-client-1.0.1.jar:/home/user/.m2/repository/org/apache/kerby/kerby-config/1.0.1/kerby-config-1.0.1.jar:/home/user/.m2/repository/org/apache/kerby/kerb-core/1.0.1/kerb-core-1.0.1.jar:/home/user/.m2/repository/org/apache/kerby/kerby-pkix/1.0.1/kerby-pkix-1.0.1.jar:/home/user/.m2/repository/org/apache/kerby/kerby-asn1/1.0.1/kerby-asn1-1.0.1.jar:/home/user/.m2/repository/org/apache/kerby/kerby-util/1.0.1/kerby-util-1.0.1.jar:/home/user/.m2/repository/org/apache/kerby/kerb-common/1.0.1/kerb-common-1.0.1.jar:/home/user/.m2/repository/org/apache/kerby/kerb-crypto/1.0.1/kerb-crypto-1.0.1.jar:/home/user/.m2/repository/org/apache/kerby/kerb-util/1.0.1/kerb-util-1.0.1.jar:/home/user/.m2/repository/org/apache/kerby/token-provider/1.0.1/token-provider-1.0.1.jar:/home/user/.m2/repository/org/apache/kerby/kerb-admin/1.0.1/kerb-admin-1.0.1.jar:/home/user/.m2/repository/org/apache/kerby/kerb-server/1.0.1/kerb-server-1.0.1.jar:/home/user/.m2/repository/org/apache/kerby/kerb-identity/1.0.1/kerb-identity-1.0.1.jar:/home/user/.m2/repository/org/apache/kerby/kerby-xdr/1.0.1/kerby-xdr-1.0.1.jar:/home/user/.m2/repository/com/fasterxml/jackson/core/jackson-databind/2.9.9/jackson-databind-2.9.9.jar:/home/user/.m2/repository/com/fasterxml/jackson/core/jackson-core/2.9.9/jackson-core-2.9.9.jar:/home/user/.m2/repository/org/codehaus/woodstox/stax2-api/3.1.4/stax2-api-3.1.4.jar:/home/user/.m2/repository/com/fasterxml/woodstox/woodstox-core/5.0.3/woodstox-core-5.0.3.jar:/home/user/.m2/repository/dnsjava/dnsjava/2.1.7/dnsjava-2.1.7.jar:/home/user/.m2/repository/org/apache/hadoop/hadoop-hdfs/3.2.0/hadoop-hdfs-3.2.0.jar:/home/user/.m2/repository/org/eclipse/jetty/jetty-util-ajax/9.3.25.v20180904/jetty-util-ajax-9.3.25.v20180904.jar:/home/user/.m2/repository/commons-daemon/commons-daemon/1.0.13/commons-daemon-1.0.13.jar:/home/user/.m2/repository/io/netty/netty/3.10.5.Final/netty-3.10.5.Final.jar:/home/user/.m2/repository/io/netty/netty-all/4.0.52.Final/netty-all-4.0.52.Final.jar:/home/user/.m2/repository/org/fusesource/leveldbjni/leveldbjni-all/1.8/leveldbjni-all-1.8.jar:/home/user/.m2/repository/com/sun/xml/bind/jaxb-core/2.3.0.1/jaxb-core-2.3.0.1.jar:/home/user/.m2/repository/javax/xml/bind/jaxb-api/2.3.0/jaxb-api-2.3.0.jar:/home/user/.m2/repository/javax/activation/activation/1.1.1/activation-1.1.1.jar:/home/user/.m2/repository/org/openjdk/jmh/jmh-core/1.19/jmh-core-1.19.jar:/home/user/.m2/repository/net/sf/jopt-simple/jopt-simple/4.6/jopt-simple-4.6.jar:/home/user/.m2/repository/org/openjdk/jmh/jmh-generator-annprocess/1.19/jmh-generator-annprocess-1.19.jar:/home/user/.m2/repository/io/dropwizard/metrics/metrics-core/3.2.4/metrics-core-3.2.4.jar:/home/user/.m2/repository/com/amazonaws/aws-java-sdk-s3/1.11.615/aws-java-sdk-s3-1.11.615.jar:/home/user/.m2/repository/com/amazonaws/aws-java-sdk-kms/1.11.615/aws-java-sdk-kms-1.11.615.jar:/home/user/.m2/repository/com/amazonaws/aws-java-sdk-core/1.11.615/aws-java-sdk-core-1.11.615.jar:/home/user/.m2/repository/software/amazon/ion/ion-java/1.0.2/ion-java-1.0.2.jar:/home/user/.m2/repository/com/fasterxml/jackson/dataformat/jackson-dataformat-cbor/2.9.9/jackson-dataformat-cbor-2.9.9.jar:/home/user/.m2/repository/joda-time/joda-time/2.9.9/joda-time-2.9.9.jar:/home/user/.m2/repository/com/amazonaws/jmespath-java/1.11.615/jmespath-java-1.11.615.jar:/home/user/.m2/repository/com/github/spotbugs/spotbugs/3.1.12/spotbugs-3.1.12.jar:/home/user/.m2/repository/org/ow2/asm/asm/5.0.4/asm-5.0.4.jar:/home/user/.m2/repository/org/ow2/asm/asm-analysis/7.0/asm-analysis-7.0.jar:/home/user/.m2/repository/org/ow2/asm/asm-commons/7.0/asm-commons-7.0.jar:/home/user/.m2/repository/org/ow2/asm/asm-tree/7.0/asm-tree-7.0.jar:/home/user/.m2/repository/org/ow2/asm/asm-util/7.0/asm-util-7.0.jar:/home/user/.m2/repository/org/apache/bcel/bcel/6.3/bcel-6.3.jar:/home/user/.m2/repository/net/jcip/jcip-annotations/1.0/jcip-annotations-1.0.jar:/home/user/.m2/repository/org/dom4j/dom4j/2.1.1/dom4j-2.1.1.jar:/home/user/.m2/repository/jaxen/jaxen/1.1.6/jaxen-1.1.6.jar:/home/user/.m2/repository/commons-lang/commons-lang/2.6/commons-lang-2.6.jar:/home/user/.m2/repository/com/github/spotbugs/spotbugs-annotations/3.1.12/spotbugs-annotations-3.1.12.jar:/home/user/.m2/repository/junit/junit/4.11/junit-4.11.jar:/home/user/.m2/repository/org/hamcrest/hamcrest-core/1.3/hamcrest-core-1.3.jar:/home/user/.m2/repository/org/apache/hadoop/hadoop-common/3.2.0/hadoop-common-3.2.0-tests.jar:/workdir/hadoop-ozone/integration-test/target/test-classes:/home/user/.m2/repository/org/apache/hadoop/hadoop-ozone-s3gateway/0.5.0-SNAPSHOT/hadoop-ozone-s3gateway-0.5.0-SNAPSHOT.jar:/home/user/.m2/repository/org/jboss/weld/servlet/weld-servlet/2.4.7.Final/weld-servlet-2.4.7.Final.jar:/home/user/.m2/repository/org/glassfish/jersey/containers/jersey-container-servlet-core/2.27/jersey-container-servlet-core-2.27.jar:/home/user/.m2/repository/org/glassfish/hk2/external/javax.inject/2.5.0-b42/javax.inject-2.5.0-b42.jar:/home/user/.m2/repository/org/glassfish/jersey/core/jersey-common/2.27/jersey-common-2.27.jar:/home/user/.m2/repository/org/glassfish/hk2/osgi-resource-locator/1.0.1/osgi-resource-locator-1.0.1.jar:/home/user/.m2/repository/javax/ws/rs/javax.ws.rs-api/2.1/javax.ws.rs-api-2.1.jar:/home/user/.m2/repository/org/glassfish/jersey/ext/cdi/jersey-cdi1x/2.27/jersey-cdi1x-2.27.jar:/home/user/.m2/repository/org/glassfish/jersey/inject/jersey-hk2/2.27/jersey-hk2-2.27.jar:/home/user/.m2/repository/org/glassfish/hk2/hk2-locator/2.5.0-b42/hk2-locator-2.5.0-b42.jar:/home/user/.m2/repository/org/javassist/javassist/3.22.0-CR2/javassist-3.22.0-CR2.jar:/home/user/.m2/repository/org/glassfish/hk2/hk2-api/2.5.0/hk2-api-2.5.0.jar:/home/user/.m2/repository/org/glassfish/hk2/external/jakarta.inject/2.5.0/jakarta.inject-2.5.0.jar:/home/user/.m2/repository/org/glassfish/hk2/hk2-utils/2.5.0/hk2-utils-2.5.0.jar:/home/user/.m2/repository/jakarta/annotation/jakarta.annotation-api/1.3.4/jakarta.annotation-api-1.3.4.jar:/home/user/.m2/repository/org/glassfish/hk2/external/aopalliance-repackaged/2.5.0/aopalliance-repackaged-2.5.0.jar:/home/user/.m2/repository/com/fasterxml/jackson/dataformat/jackson-dataformat-xml/2.9.0/jackson-dataformat-xml-2.9.0.jar:/home/user/.m2/repository/com/fasterxml/jackson/module/jackson-module-jaxb-annotations/2.9.9/jackson-module-jaxb-annotations-2.9.9.jar:/home/user/.m2/repository/javax/enterprise/cdi-api/1.2/cdi-api-1.2.jar:/home/user/.m2/repository/javax/el/javax.el-api/3.0.0/javax.el-api-3.0.0.jar:/home/user/.m2/repository/javax/interceptor/javax.interceptor-api/1.2/javax.interceptor-api-1.2.jar:/home/user/.m2/repository/javax/inject/javax.inject/1/javax.inject-1.jar:/home/user/.m2/repository/org/apache/hadoop/hadoop-ozone-csi/0.5.0-SNAPSHOT/hadoop-ozone-csi-0.5.0-SNAPSHOT.jar:/home/user/.m2/repository/com/google/protobuf/protobuf-java-util/3.5.1/protobuf-java-util-3.5.1.jar:/home/user/.m2/repository/io/grpc/grpc-netty/1.17.1/grpc-netty-1.17.1.jar:/home/user/.m2/repository/io/grpc/grpc-core/1.17.1/grpc-core-1.17.1.jar:/home/user/.m2/repository/io/grpc/grpc-context/1.17.1/grpc-context-1.17.1.jar:/home/user/.m2/repository/com/google/errorprone/error_prone_annotations/2.2.0/error_prone_annotations-2.2.0.jar:/home/user/.m2/repository/org/codehaus/mojo/animal-sniffer-annotations/1.17/animal-sniffer-annotations-1.17.jar:/home/user/.m2/repository/io/opencensus/opencensus-api/0.17.0/opencensus-api-0.17.0.jar:/home/user/.m2/repository/io/opencensus/opencensus-contrib-grpc-metrics/0.17.0/opencensus-contrib-grpc-metrics-0.17.0.jar:/home/user/.m2/repository/io/netty/netty-codec-http2/4.1.30.Final/netty-codec-http2-4.1.30.Final.jar:/home/user/.m2/repository/io/netty/netty-codec-http/4.1.30.Final/netty-codec-http-4.1.30.Final.jar:/home/user/.m2/repository/io/netty/netty-codec/4.1.30.Final/netty-codec-4.1.30.Final.jar:/home/user/.m2/repository/io/netty/netty-handler/4.1.30.Final/netty-handler-4.1.30.Final.jar:/home/user/.m2/repository/io/netty/netty-handler-proxy/4.1.30.Final/netty-handler-proxy-4.1.30.Final.jar:/home/user/.m2/repository/io/netty/netty-codec-socks/4.1.30.Final/netty-codec-socks-4.1.30.Final.jar:/home/user/.m2/repository/io/netty/netty-transport-native-epoll/4.1.30.Final/netty-transport-native-epoll-4.1.30.Final.jar:/home/user/.m2/repository/io/netty/netty-common/4.1.30.Final/netty-common-4.1.30.Final.jar:/home/user/.m2/repository/io/netty/netty-buffer/4.1.30.Final/netty-buffer-4.1.30.Final.jar:/home/user/.m2/repository/io/netty/netty-transport/4.1.30.Final/netty-transport-4.1.30.Final.jar:/home/user/.m2/repository/io/netty/netty-resolver/4.1.30.Final/netty-resolver-4.1.30.Final.jar:/home/user/.m2/repository/io/netty/netty-transport-native-unix-common/4.1.30.Final/netty-transport-native-unix-common-4.1.30.Final.jar:/home/user/.m2/repository/io/grpc/grpc-protobuf/1.17.1/grpc-protobuf-1.17.1.jar:/home/user/.m2/repository/com/google/api/grpc/proto-google-common-protos/1.0.0/proto-google-common-protos-1.0.0.jar:/home/user/.m2/repository/io/grpc/grpc-protobuf-lite/1.17.1/grpc-protobuf-lite-1.17.1.jar:/home/user/.m2/repository/io/grpc/grpc-stub/1.17.1/grpc-stub-1.17.1.jar:/home/user/.m2/repository/org/apache/hadoop/hadoop-ozone-recon/0.5.0-SNAPSHOT/hadoop-ozone-recon-0.5.0-SNAPSHOT.jar:/home/user/.m2/repository/org/apache/hadoop/hadoop-ozone-reconcodegen/0.5.0-SNAPSHOT/hadoop-ozone-reconcodegen-0.5.0-SNAPSHOT.jar:/home/user/.m2/repository/com/google/inject/extensions/guice-multibindings/4.0/guice-multibindings-4.0.jar:/home/user/.m2/repository/com/google/inject/guice/4.0/guice-4.0.jar:/home/user/.m2/repository/aopalliance/aopalliance/1.0/aopalliance-1.0.jar:/home/user/.m2/repository/com/google/inject/extensions/guice-servlet/4.0/guice-servlet-4.0.jar:/home/user/.m2/repository/org/glassfish/jersey/containers/jersey-container-servlet/2.27/jersey-container-servlet-2.27.jar:/home/user/.m2/repository/org/glassfish/hk2/guice-bridge/2.5.0/guice-bridge-2.5.0.jar:/home/user/.m2/repository/org/glassfish/jersey/core/jersey-server/2.27/jersey-server-2.27.jar:/home/user/.m2/repository/org/glassfish/jersey/core/jersey-client/2.27/jersey-client-2.27.jar:/home/user/.m2/repository/org/glassfish/jersey/media/jersey-media-jaxb/2.27/jersey-media-jaxb-2.27.jar:/home/user/.m2/repository/javax/validation/validation-api/1.1.0.Final/validation-api-1.1.0.Final.jar:/home/user/.m2/repository/org/glassfish/jersey/media/jersey-media-json-jackson/2.27/jersey-media-json-jackson-2.27.jar:/home/user/.m2/repository/org/glassfish/jersey/ext/jersey-entity-filtering/2.27/jersey-entity-filtering-2.27.jar:/home/user/.m2/repository/com/google/inject/extensions/guice-assistedinject/4.0/guice-assistedinject-4.0.jar:/home/user/.m2/repository/org/jooq/jooq/3.11.10/jooq-3.11.10.jar:/home/user/.m2/repository/org/jooq/jooq-meta/3.11.10/jooq-meta-3.11.10.jar:/home/user/.m2/repository/org/jooq/jooq-codegen/3.11.10/jooq-codegen-3.11.10.jar:/home/user/.m2/repository/com/jolbox/bonecp/0.8.0.RELEASE/bonecp-0.8.0.RELEASE.jar:/home/user/.m2/repository/org/springframework/spring-jdbc/5.1.3.RELEASE/spring-jdbc-5.1.3.RELEASE.jar:/home/user/.m2/repository/org/springframework/spring-beans/5.1.3.RELEASE/spring-beans-5.1.3.RELEASE.jar:/home/user/.m2/repository/org/springframework/spring-core/5.1.3.RELEASE/spring-core-5.1.3.RELEASE.jar:/home/user/.m2/repository/org/springframework/spring-jcl/5.1.3.RELEASE/spring-jcl-5.1.3.RELEASE.jar:/home/user/.m2/repository/org/springframework/spring-tx/5.1.3.RELEASE/spring-tx-5.1.3.RELEASE.jar:/home/user/.m2/repository/org/mockito/mockito-core/2.15.0/mockito-core-2.15.0.jar:/home/user/.m2/repository/net/bytebuddy/byte-buddy/1.7.9/byte-buddy-1.7.9.jar:/home/user/.m2/repository/net/bytebuddy/byte-buddy-agent/1.7.9/byte-buddy-agent-1.7.9.jar:/home/user/.m2/repository/org/objenesis/objenesis/1.0/objenesis-1.0.jar:"/>
    <property name="java.vm.vendor" value="Oracle Corporation"/>
    <property name="sun.arch.data.model" value="64"/>
    <property name="test.build.dir" value="/workdir/hadoop-ozone/tools/target/test-dir"/>
    <property name="test.cache.data" value=""/>
    <property name="java.vendor.url" value="http://java.oracle.com/"/>
    <property name="user.timezone" value=""/>
    <property name="java.vm.specification.version" value="1.8"/>
    <property name="os.name" value="Linux"/>
    <property name="test.build.data" value="/workdir/hadoop-ozone/tools/target/test-dir"/>
    <property name="user.country" value="US"/>
    <property name="sun.java.launcher" value="SUN_STANDARD"/>
    <property name="sun.boot.library.path" value="/usr/lib/jvm/java-1.8.0-openjdk-1.8.0.222.b10-1.el7_7.x86_64/jre/lib/amd64"/>
    <property name="sun.java.command" value="/workdir/hadoop-ozone/tools/target/surefire/surefirebooter3228525295191536313.jar /workdir/hadoop-ozone/tools/target/surefire 2019-11-14T22-10-03_860-jvmRun1 surefire1821348660685647294tmp surefire_1025414544470629283839tmp"/>
    <property name="surefire.test.class.path" value="/workdir/hadoop-ozone/tools/target/test-classes:/workdir/hadoop-ozone/tools/target/classes:/home/user/.m2/repository/org/apache/hadoop/hadoop-ozone-ozone-manager/0.5.0-SNAPSHOT/hadoop-ozone-ozone-manager-0.5.0-SNAPSHOT.jar:/home/user/.m2/repository/org/apache/hadoop/hadoop-hdds-docs/0.5.0-SNAPSHOT/hadoop-hdds-docs-0.5.0-SNAPSHOT.jar:/home/user/.m2/repository/org/bouncycastle/bcprov-jdk15on/1.60/bcprov-jdk15on-1.60.jar:/home/user/.m2/repository/org/apache/hadoop/hadoop-ozone-common/0.5.0-SNAPSHOT/hadoop-ozone-common-0.5.0-SNAPSHOT.jar:/home/user/.m2/repository/org/apache/commons/commons-compress/1.4.1/commons-compress-1.4.1.jar:/home/user/.m2/repository/org/tukaani/xz/1.0/xz-1.0.jar:/home/user/.m2/repository/org/apache/hadoop/hadoop-hdfs-client/3.2.0/hadoop-hdfs-client-3.2.0.jar:/home/user/.m2/repository/com/fasterxml/jackson/core/jackson-annotations/2.9.9/jackson-annotations-2.9.9.jar:/home/user/.m2/repository/org/apache/hadoop/hadoop-hdds-common/0.5.0-SNAPSHOT/hadoop-hdds-common-0.5.0-SNAPSHOT.jar:/home/user/.m2/repository/org/apache/hadoop/hadoop-hdds-config/0.5.0-SNAPSHOT/hadoop-hdds-config-0.5.0-SNAPSHOT.jar:/home/user/.m2/repository/javax/annotation/javax.annotation-api/1.2/javax.annotation-api-1.2.jar:/home/user/.m2/repository/org/apache/ratis/ratis-server/0.5.0-d6d58d0-SNAPSHOT/ratis-server-0.5.0-d6d58d0-SNAPSHOT.jar:/home/user/.m2/repository/org/apache/ratis/ratis-thirdparty-misc/0.2.0/ratis-thirdparty-misc-0.2.0.jar:/home/user/.m2/repository/org/apache/ratis/ratis-proto/0.5.0-d6d58d0-SNAPSHOT/ratis-proto-0.5.0-d6d58d0-SNAPSHOT.jar:/home/user/.m2/repository/org/apache/ratis/ratis-common/0.5.0-d6d58d0-SNAPSHOT/ratis-common-0.5.0-d6d58d0-SNAPSHOT.jar:/home/user/.m2/repository/org/apache/ratis/ratis-client/0.5.0-d6d58d0-SNAPSHOT/ratis-client-0.5.0-d6d58d0-SNAPSHOT.jar:/home/user/.m2/repository/org/apache/ratis/ratis-metrics/0.5.0-d6d58d0-SNAPSHOT/ratis-metrics-0.5.0-d6d58d0-SNAPSHOT.jar:/home/user/.m2/repository/org/apache/ratis/ratis-netty/0.5.0-d6d58d0-SNAPSHOT/ratis-netty-0.5.0-d6d58d0-SNAPSHOT.jar:/home/user/.m2/repository/org/apache/ratis/ratis-grpc/0.5.0-d6d58d0-SNAPSHOT/ratis-grpc-0.5.0-d6d58d0-SNAPSHOT.jar:/home/user/.m2/repository/org/rocksdb/rocksdbjni/6.0.1/rocksdbjni-6.0.1.jar:/home/user/.m2/repository/org/apache/logging/log4j/log4j-api/2.11.0/log4j-api-2.11.0.jar:/home/user/.m2/repository/org/apache/logging/log4j/log4j-core/2.11.0/log4j-core-2.11.0.jar:/home/user/.m2/repository/com/lmax/disruptor/3.4.2/disruptor-3.4.2.jar:/home/user/.m2/repository/org/apache/commons/commons-pool2/2.6.0/commons-pool2-2.6.0.jar:/home/user/.m2/repository/org/bouncycastle/bcpkix-jdk15on/1.60/bcpkix-jdk15on-1.60.jar:/home/user/.m2/repository/commons-validator/commons-validator/1.6/commons-validator-1.6.jar:/home/user/.m2/repository/commons-digester/commons-digester/1.8.1/commons-digester-1.8.1.jar:/home/user/.m2/repository/io/jaegertracing/jaeger-client/0.34.0/jaeger-client-0.34.0.jar:/home/user/.m2/repository/io/jaegertracing/jaeger-thrift/0.34.0/jaeger-thrift-0.34.0.jar:/home/user/.m2/repository/org/apache/thrift/libthrift/0.12.0/libthrift-0.12.0.jar:/home/user/.m2/repository/com/squareup/okhttp3/okhttp/3.9.0/okhttp-3.9.0.jar:/home/user/.m2/repository/com/squareup/okio/okio/1.13.0/okio-1.13.0.jar:/home/user/.m2/repository/io/jaegertracing/jaeger-core/0.34.0/jaeger-core-0.34.0.jar:/home/user/.m2/repository/io/jaegertracing/jaeger-tracerresolver/0.34.0/jaeger-tracerresolver-0.34.0.jar:/home/user/.m2/repository/io/opentracing/contrib/opentracing-tracerresolver/0.1.5/opentracing-tracerresolver-0.1.5.jar:/home/user/.m2/repository/io/opentracing/opentracing-util/0.31.0/opentracing-util-0.31.0.jar:/home/user/.m2/repository/io/opentracing/opentracing-api/0.31.0/opentracing-api-0.31.0.jar:/home/user/.m2/repository/io/opentracing/opentracing-noop/0.31.0/opentracing-noop-0.31.0.jar:/home/user/.m2/repository/org/yaml/snakeyaml/1.16/snakeyaml-1.16.jar:/home/user/.m2/repository/org/apache/hadoop/hadoop-hdds-container-service/0.5.0-SNAPSHOT/hadoop-hdds-container-service-0.5.0-SNAPSHOT.jar:/home/user/.m2/repository/org/apache/hadoop/hadoop-hdds-client/0.5.0-SNAPSHOT/hadoop-hdds-client-0.5.0-SNAPSHOT.jar:/home/user/.m2/repository/org/apache/hadoop/hadoop-hdds-tools/0.5.0-SNAPSHOT/hadoop-hdds-tools-0.5.0-SNAPSHOT.jar:/home/user/.m2/repository/org/xerial/sqlite-jdbc/3.25.2/sqlite-jdbc-3.25.2.jar:/home/user/.m2/repository/org/apache/hadoop/hadoop-hdds-server-scm/0.5.0-SNAPSHOT/hadoop-hdds-server-scm-0.5.0-SNAPSHOT.jar:/home/user/.m2/repository/org/hamcrest/hamcrest-all/1.3/hamcrest-all-1.3.jar:/home/user/.m2/repository/info/picocli/picocli/3.9.6/picocli-3.9.6.jar:/home/user/.m2/repository/com/google/protobuf/protobuf-java/2.5.0/protobuf-java-2.5.0.jar:/home/user/.m2/repository/com/google/guava/guava/11.0.2/guava-11.0.2.jar:/home/user/.m2/repository/org/apache/hadoop/hadoop-ozone-client/0.5.0-SNAPSHOT/hadoop-ozone-client-0.5.0-SNAPSHOT.jar:/workdir/hadoop-ozone/ozonefs/target/classes:/home/user/.m2/repository/org/apache/httpcomponents/httpclient/4.5.2/httpclient-4.5.2.jar:/home/user/.m2/repository/org/apache/httpcomponents/httpcore/4.4.4/httpcore-4.4.4.jar:/home/user/.m2/repository/org/apache/hadoop/hadoop-hdds-server-framework/0.5.0-SNAPSHOT/hadoop-hdds-server-framework-0.5.0-SNAPSHOT.jar:/home/user/.m2/repository/org/apache/hadoop/hadoop-common/3.2.0/hadoop-common-3.2.0.jar:/home/user/.m2/repository/org/apache/hadoop/hadoop-annotations/3.2.0/hadoop-annotations-3.2.0.jar:/usr/lib/jvm/java-1.8.0-openjdk-1.8.0.222.b10-1.el7_7.x86_64/jre/../lib/tools.jar:/home/user/.m2/repository/commons-cli/commons-cli/1.2/commons-cli-1.2.jar:/home/user/.m2/repository/org/apache/commons/commons-math3/3.1.1/commons-math3-3.1.1.jar:/home/user/.m2/repository/commons-codec/commons-codec/1.11/commons-codec-1.11.jar:/home/user/.m2/repository/commons-io/commons-io/2.5/commons-io-2.5.jar:/home/user/.m2/repository/commons-net/commons-net/3.6/commons-net-3.6.jar:/home/user/.m2/repository/commons-collections/commons-collections/3.2.2/commons-collections-3.2.2.jar:/home/user/.m2/repository/javax/servlet/javax.servlet-api/3.1.0/javax.servlet-api-3.1.0.jar:/home/user/.m2/repository/org/eclipse/jetty/jetty-server/9.3.25.v20180904/jetty-server-9.3.25.v20180904.jar:/home/user/.m2/repository/org/eclipse/jetty/jetty-http/9.3.25.v20180904/jetty-http-9.3.25.v20180904.jar:/home/user/.m2/repository/org/eclipse/jetty/jetty-io/9.3.25.v20180904/jetty-io-9.3.25.v20180904.jar:/home/user/.m2/repository/org/eclipse/jetty/jetty-util/9.3.25.v20180904/jetty-util-9.3.25.v20180904.jar:/home/user/.m2/repository/org/eclipse/jetty/jetty-servlet/9.3.25.v20180904/jetty-servlet-9.3.25.v20180904.jar:/home/user/.m2/repository/org/eclipse/jetty/jetty-security/9.3.25.v20180904/jetty-security-9.3.25.v20180904.jar:/home/user/.m2/repository/org/eclipse/jetty/jetty-webapp/9.3.25.v20180904/jetty-webapp-9.3.25.v20180904.jar:/home/user/.m2/repository/org/eclipse/jetty/jetty-xml/9.3.25.v20180904/jetty-xml-9.3.25.v20180904.jar:/home/user/.m2/repository/javax/servlet/jsp/jsp-api/2.1/jsp-api-2.1.jar:/home/user/.m2/repository/com/sun/jersey/jersey-core/1.19/jersey-core-1.19.jar:/home/user/.m2/repository/javax/ws/rs/jsr311-api/1.1.1/jsr311-api-1.1.1.jar:/home/user/.m2/repository/com/sun/jersey/jersey-servlet/1.19/jersey-servlet-1.19.jar:/home/user/.m2/repository/com/sun/jersey/jersey-json/1.19/jersey-json-1.19.jar:/home/user/.m2/repository/org/codehaus/jettison/jettison/1.1/jettison-1.1.jar:/home/user/.m2/repository/com/sun/xml/bind/jaxb-impl/2.3.0.1/jaxb-impl-2.3.0.1.jar:/home/user/.m2/repository/org/codehaus/jackson/jackson-core-asl/1.9.13/jackson-core-asl-1.9.13.jar:/home/user/.m2/repository/org/codehaus/jackson/jackson-mapper-asl/1.9.13/jackson-mapper-asl-1.9.13.jar:/home/user/.m2/repository/org/codehaus/jackson/jackson-jaxrs/1.9.13/jackson-jaxrs-1.9.13.jar:/home/user/.m2/repository/org/codehaus/jackson/jackson-xc/1.9.13/jackson-xc-1.9.13.jar:/home/user/.m2/repository/com/sun/jersey/jersey-server/1.19/jersey-server-1.19.jar:/home/user/.m2/repository/commons-logging/commons-logging/1.1.3/commons-logging-1.1.3.jar:/home/user/.m2/repository/log4j/log4j/1.2.17/log4j-1.2.17.jar:/home/user/.m2/repository/commons-beanutils/commons-beanutils/1.9.4/commons-beanutils-1.9.4.jar:/home/user/.m2/repository/org/apache/commons/commons-configuration2/2.1.1/commons-configuration2-2.1.1.jar:/home/user/.m2/repository/org/apache/commons/commons-lang3/3.7/commons-lang3-3.7.jar:/home/user/.m2/repository/org/apache/commons/commons-text/1.4/commons-text-1.4.jar:/home/user/.m2/repository/org/slf4j/slf4j-api/1.7.25/slf4j-api-1.7.25.jar:/home/user/.m2/repository/org/slf4j/slf4j-log4j12/1.7.25/slf4j-log4j12-1.7.25.jar:/home/user/.m2/repository/org/apache/avro/avro/1.7.7/avro-1.7.7.jar:/home/user/.m2/repository/com/thoughtworks/paranamer/paranamer/2.3/paranamer-2.3.jar:/home/user/.m2/repository/org/xerial/snappy/snappy-java/1.0.5/snappy-java-1.0.5.jar:/home/user/.m2/repository/com/google/re2j/re2j/1.1/re2j-1.1.jar:/home/user/.m2/repository/com/google/code/gson/gson/2.2.4/gson-2.2.4.jar:/home/user/.m2/repository/org/apache/hadoop/hadoop-auth/3.2.0/hadoop-auth-3.2.0.jar:/home/user/.m2/repository/com/nimbusds/nimbus-jose-jwt/4.41.1/nimbus-jose-jwt-4.41.1.jar:/home/user/.m2/repository/com/github/stephenc/jcip/jcip-annotations/1.0-1/jcip-annotations-1.0-1.jar:/home/user/.m2/repository/net/minidev/json-smart/2.3/json-smart-2.3.jar:/home/user/.m2/repository/net/minidev/accessors-smart/1.2/accessors-smart-1.2.jar:/home/user/.m2/repository/org/apache/curator/curator-framework/2.12.0/curator-framework-2.12.0.jar:/home/user/.m2/repository/com/jcraft/jsch/0.1.54/jsch-0.1.54.jar:/home/user/.m2/repository/org/apache/curator/curator-client/2.12.0/curator-client-2.12.0.jar:/home/user/.m2/repository/org/apache/curator/curator-recipes/2.12.0/curator-recipes-2.12.0.jar:/home/user/.m2/repository/com/google/code/findbugs/jsr305/3.0.0/jsr305-3.0.0.jar:/home/user/.m2/repository/org/apache/htrace/htrace-core4/4.1.0-incubating/htrace-core4-4.1.0-incubating.jar:/home/user/.m2/repository/org/apache/zookeeper/zookeeper/3.4.13/zookeeper-3.4.13.jar:/home/user/.m2/repository/jline/jline/0.9.94/jline-0.9.94.jar:/home/user/.m2/repository/org/apache/yetus/audience-annotations/0.5.0/audience-annotations-0.5.0.jar:/home/user/.m2/repository/org/apache/kerby/kerb-simplekdc/1.0.1/kerb-simplekdc-1.0.1.jar:/home/user/.m2/repository/org/apache/kerby/kerb-client/1.0.1/kerb-client-1.0.1.jar:/home/user/.m2/repository/org/apache/kerby/kerby-config/1.0.1/kerby-config-1.0.1.jar:/home/user/.m2/repository/org/apache/kerby/kerb-core/1.0.1/kerb-core-1.0.1.jar:/home/user/.m2/repository/org/apache/kerby/kerby-pkix/1.0.1/kerby-pkix-1.0.1.jar:/home/user/.m2/repository/org/apache/kerby/kerby-asn1/1.0.1/kerby-asn1-1.0.1.jar:/home/user/.m2/repository/org/apache/kerby/kerby-util/1.0.1/kerby-util-1.0.1.jar:/home/user/.m2/repository/org/apache/kerby/kerb-common/1.0.1/kerb-common-1.0.1.jar:/home/user/.m2/repository/org/apache/kerby/kerb-crypto/1.0.1/kerb-crypto-1.0.1.jar:/home/user/.m2/repository/org/apache/kerby/kerb-util/1.0.1/kerb-util-1.0.1.jar:/home/user/.m2/repository/org/apache/kerby/token-provider/1.0.1/token-provider-1.0.1.jar:/home/user/.m2/repository/org/apache/kerby/kerb-admin/1.0.1/kerb-admin-1.0.1.jar:/home/user/.m2/repository/org/apache/kerby/kerb-server/1.0.1/kerb-server-1.0.1.jar:/home/user/.m2/repository/org/apache/kerby/kerb-identity/1.0.1/kerb-identity-1.0.1.jar:/home/user/.m2/repository/org/apache/kerby/kerby-xdr/1.0.1/kerby-xdr-1.0.1.jar:/home/user/.m2/repository/com/fasterxml/jackson/core/jackson-databind/2.9.9/jackson-databind-2.9.9.jar:/home/user/.m2/repository/com/fasterxml/jackson/core/jackson-core/2.9.9/jackson-core-2.9.9.jar:/home/user/.m2/repository/org/codehaus/woodstox/stax2-api/3.1.4/stax2-api-3.1.4.jar:/home/user/.m2/repository/com/fasterxml/woodstox/woodstox-core/5.0.3/woodstox-core-5.0.3.jar:/home/user/.m2/repository/dnsjava/dnsjava/2.1.7/dnsjava-2.1.7.jar:/home/user/.m2/repository/org/apache/hadoop/hadoop-hdfs/3.2.0/hadoop-hdfs-3.2.0.jar:/home/user/.m2/repository/org/eclipse/jetty/jetty-util-ajax/9.3.25.v20180904/jetty-util-ajax-9.3.25.v20180904.jar:/home/user/.m2/repository/commons-daemon/commons-daemon/1.0.13/commons-daemon-1.0.13.jar:/home/user/.m2/repository/io/netty/netty/3.10.5.Final/netty-3.10.5.Final.jar:/home/user/.m2/repository/io/netty/netty-all/4.0.52.Final/netty-all-4.0.52.Final.jar:/home/user/.m2/repository/org/fusesource/leveldbjni/leveldbjni-all/1.8/leveldbjni-all-1.8.jar:/home/user/.m2/repository/com/sun/xml/bind/jaxb-core/2.3.0.1/jaxb-core-2.3.0.1.jar:/home/user/.m2/repository/javax/xml/bind/jaxb-api/2.3.0/jaxb-api-2.3.0.jar:/home/user/.m2/repository/javax/activation/activation/1.1.1/activation-1.1.1.jar:/home/user/.m2/repository/org/openjdk/jmh/jmh-core/1.19/jmh-core-1.19.jar:/home/user/.m2/repository/net/sf/jopt-simple/jopt-simple/4.6/jopt-simple-4.6.jar:/home/user/.m2/repository/org/openjdk/jmh/jmh-generator-annprocess/1.19/jmh-generator-annprocess-1.19.jar:/home/user/.m2/repository/io/dropwizard/metrics/metrics-core/3.2.4/metrics-core-3.2.4.jar:/home/user/.m2/repository/com/amazonaws/aws-java-sdk-s3/1.11.615/aws-java-sdk-s3-1.11.615.jar:/home/user/.m2/repository/com/amazonaws/aws-java-sdk-kms/1.11.615/aws-java-sdk-kms-1.11.615.jar:/home/user/.m2/repository/com/amazonaws/aws-java-sdk-core/1.11.615/aws-java-sdk-core-1.11.615.jar:/home/user/.m2/repository/software/amazon/ion/ion-java/1.0.2/ion-java-1.0.2.jar:/home/user/.m2/repository/com/fasterxml/jackson/dataformat/jackson-dataformat-cbor/2.9.9/jackson-dataformat-cbor-2.9.9.jar:/home/user/.m2/repository/joda-time/joda-time/2.9.9/joda-time-2.9.9.jar:/home/user/.m2/repository/com/amazonaws/jmespath-java/1.11.615/jmespath-java-1.11.615.jar:/home/user/.m2/repository/com/github/spotbugs/spotbugs/3.1.12/spotbugs-3.1.12.jar:/home/user/.m2/repository/org/ow2/asm/asm/5.0.4/asm-5.0.4.jar:/home/user/.m2/repository/org/ow2/asm/asm-analysis/7.0/asm-analysis-7.0.jar:/home/user/.m2/repository/org/ow2/asm/asm-commons/7.0/asm-commons-7.0.jar:/home/user/.m2/repository/org/ow2/asm/asm-tree/7.0/asm-tree-7.0.jar:/home/user/.m2/repository/org/ow2/asm/asm-util/7.0/asm-util-7.0.jar:/home/user/.m2/repository/org/apache/bcel/bcel/6.3/bcel-6.3.jar:/home/user/.m2/repository/net/jcip/jcip-annotations/1.0/jcip-annotations-1.0.jar:/home/user/.m2/repository/org/dom4j/dom4j/2.1.1/dom4j-2.1.1.jar:/home/user/.m2/repository/jaxen/jaxen/1.1.6/jaxen-1.1.6.jar:/home/user/.m2/repository/commons-lang/commons-lang/2.6/commons-lang-2.6.jar:/home/user/.m2/repository/com/github/spotbugs/spotbugs-annotations/3.1.12/spotbugs-annotations-3.1.12.jar:/home/user/.m2/repository/junit/junit/4.11/junit-4.11.jar:/home/user/.m2/repository/org/hamcrest/hamcrest-core/1.3/hamcrest-core-1.3.jar:/home/user/.m2/repository/org/apache/hadoop/hadoop-common/3.2.0/hadoop-common-3.2.0-tests.jar:/workdir/hadoop-ozone/integration-test/target/test-classes:/home/user/.m2/repository/org/apache/hadoop/hadoop-ozone-s3gateway/0.5.0-SNAPSHOT/hadoop-ozone-s3gateway-0.5.0-SNAPSHOT.jar:/home/user/.m2/repository/org/jboss/weld/servlet/weld-servlet/2.4.7.Final/weld-servlet-2.4.7.Final.jar:/home/user/.m2/repository/org/glassfish/jersey/containers/jersey-container-servlet-core/2.27/jersey-container-servlet-core-2.27.jar:/home/user/.m2/repository/org/glassfish/hk2/external/javax.inject/2.5.0-b42/javax.inject-2.5.0-b42.jar:/home/user/.m2/repository/org/glassfish/jersey/core/jersey-common/2.27/jersey-common-2.27.jar:/home/user/.m2/repository/org/glassfish/hk2/osgi-resource-locator/1.0.1/osgi-resource-locator-1.0.1.jar:/home/user/.m2/repository/javax/ws/rs/javax.ws.rs-api/2.1/javax.ws.rs-api-2.1.jar:/home/user/.m2/repository/org/glassfish/jersey/ext/cdi/jersey-cdi1x/2.27/jersey-cdi1x-2.27.jar:/home/user/.m2/repository/org/glassfish/jersey/inject/jersey-hk2/2.27/jersey-hk2-2.27.jar:/home/user/.m2/repository/org/glassfish/hk2/hk2-locator/2.5.0-b42/hk2-locator-2.5.0-b42.jar:/home/user/.m2/repository/org/javassist/javassist/3.22.0-CR2/javassist-3.22.0-CR2.jar:/home/user/.m2/repository/org/glassfish/hk2/hk2-api/2.5.0/hk2-api-2.5.0.jar:/home/user/.m2/repository/org/glassfish/hk2/external/jakarta.inject/2.5.0/jakarta.inject-2.5.0.jar:/home/user/.m2/repository/org/glassfish/hk2/hk2-utils/2.5.0/hk2-utils-2.5.0.jar:/home/user/.m2/repository/jakarta/annotation/jakarta.annotation-api/1.3.4/jakarta.annotation-api-1.3.4.jar:/home/user/.m2/repository/org/glassfish/hk2/external/aopalliance-repackaged/2.5.0/aopalliance-repackaged-2.5.0.jar:/home/user/.m2/repository/com/fasterxml/jackson/dataformat/jackson-dataformat-xml/2.9.0/jackson-dataformat-xml-2.9.0.jar:/home/user/.m2/repository/com/fasterxml/jackson/module/jackson-module-jaxb-annotations/2.9.9/jackson-module-jaxb-annotations-2.9.9.jar:/home/user/.m2/repository/javax/enterprise/cdi-api/1.2/cdi-api-1.2.jar:/home/user/.m2/repository/javax/el/javax.el-api/3.0.0/javax.el-api-3.0.0.jar:/home/user/.m2/repository/javax/interceptor/javax.interceptor-api/1.2/javax.interceptor-api-1.2.jar:/home/user/.m2/repository/javax/inject/javax.inject/1/javax.inject-1.jar:/home/user/.m2/repository/org/apache/hadoop/hadoop-ozone-csi/0.5.0-SNAPSHOT/hadoop-ozone-csi-0.5.0-SNAPSHOT.jar:/home/user/.m2/repository/com/google/protobuf/protobuf-java-util/3.5.1/protobuf-java-util-3.5.1.jar:/home/user/.m2/repository/io/grpc/grpc-netty/1.17.1/grpc-netty-1.17.1.jar:/home/user/.m2/repository/io/grpc/grpc-core/1.17.1/grpc-core-1.17.1.jar:/home/user/.m2/repository/io/grpc/grpc-context/1.17.1/grpc-context-1.17.1.jar:/home/user/.m2/repository/com/google/errorprone/error_prone_annotations/2.2.0/error_prone_annotations-2.2.0.jar:/home/user/.m2/repository/org/codehaus/mojo/animal-sniffer-annotations/1.17/animal-sniffer-annotations-1.17.jar:/home/user/.m2/repository/io/opencensus/opencensus-api/0.17.0/opencensus-api-0.17.0.jar:/home/user/.m2/repository/io/opencensus/opencensus-contrib-grpc-metrics/0.17.0/opencensus-contrib-grpc-metrics-0.17.0.jar:/home/user/.m2/repository/io/netty/netty-codec-http2/4.1.30.Final/netty-codec-http2-4.1.30.Final.jar:/home/user/.m2/repository/io/netty/netty-codec-http/4.1.30.Final/netty-codec-http-4.1.30.Final.jar:/home/user/.m2/repository/io/netty/netty-codec/4.1.30.Final/netty-codec-4.1.30.Final.jar:/home/user/.m2/repository/io/netty/netty-handler/4.1.30.Final/netty-handler-4.1.30.Final.jar:/home/user/.m2/repository/io/netty/netty-handler-proxy/4.1.30.Final/netty-handler-proxy-4.1.30.Final.jar:/home/user/.m2/repository/io/netty/netty-codec-socks/4.1.30.Final/netty-codec-socks-4.1.30.Final.jar:/home/user/.m2/repository/io/netty/netty-transport-native-epoll/4.1.30.Final/netty-transport-native-epoll-4.1.30.Final.jar:/home/user/.m2/repository/io/netty/netty-common/4.1.30.Final/netty-common-4.1.30.Final.jar:/home/user/.m2/repository/io/netty/netty-buffer/4.1.30.Final/netty-buffer-4.1.30.Final.jar:/home/user/.m2/repository/io/netty/netty-transport/4.1.30.Final/netty-transport-4.1.30.Final.jar:/home/user/.m2/repository/io/netty/netty-resolver/4.1.30.Final/netty-resolver-4.1.30.Final.jar:/home/user/.m2/repository/io/netty/netty-transport-native-unix-common/4.1.30.Final/netty-transport-native-unix-common-4.1.30.Final.jar:/home/user/.m2/repository/io/grpc/grpc-protobuf/1.17.1/grpc-protobuf-1.17.1.jar:/home/user/.m2/repository/com/google/api/grpc/proto-google-common-protos/1.0.0/proto-google-common-protos-1.0.0.jar:/home/user/.m2/repository/io/grpc/grpc-protobuf-lite/1.17.1/grpc-protobuf-lite-1.17.1.jar:/home/user/.m2/repository/io/grpc/grpc-stub/1.17.1/grpc-stub-1.17.1.jar:/home/user/.m2/repository/org/apache/hadoop/hadoop-ozone-recon/0.5.0-SNAPSHOT/hadoop-ozone-recon-0.5.0-SNAPSHOT.jar:/home/user/.m2/repository/org/apache/hadoop/hadoop-ozone-reconcodegen/0.5.0-SNAPSHOT/hadoop-ozone-reconcodegen-0.5.0-SNAPSHOT.jar:/home/user/.m2/repository/com/google/inject/extensions/guice-multibindings/4.0/guice-multibindings-4.0.jar:/home/user/.m2/repository/com/google/inject/guice/4.0/guice-4.0.jar:/home/user/.m2/repository/aopalliance/aopalliance/1.0/aopalliance-1.0.jar:/home/user/.m2/repository/com/google/inject/extensions/guice-servlet/4.0/guice-servlet-4.0.jar:/home/user/.m2/repository/org/glassfish/jersey/containers/jersey-container-servlet/2.27/jersey-container-servlet-2.27.jar:/home/user/.m2/repository/org/glassfish/hk2/guice-bridge/2.5.0/guice-bridge-2.5.0.jar:/home/user/.m2/repository/org/glassfish/jersey/core/jersey-server/2.27/jersey-server-2.27.jar:/home/user/.m2/repository/org/glassfish/jersey/core/jersey-client/2.27/jersey-client-2.27.jar:/home/user/.m2/repository/org/glassfish/jersey/media/jersey-media-jaxb/2.27/jersey-media-jaxb-2.27.jar:/home/user/.m2/repository/javax/validation/validation-api/1.1.0.Final/validation-api-1.1.0.Final.jar:/home/user/.m2/repository/org/glassfish/jersey/media/jersey-media-json-jackson/2.27/jersey-media-json-jackson-2.27.jar:/home/user/.m2/repository/org/glassfish/jersey/ext/jersey-entity-filtering/2.27/jersey-entity-filtering-2.27.jar:/home/user/.m2/repository/com/google/inject/extensions/guice-assistedinject/4.0/guice-assistedinject-4.0.jar:/home/user/.m2/repository/org/jooq/jooq/3.11.10/jooq-3.11.10.jar:/home/user/.m2/repository/org/jooq/jooq-meta/3.11.10/jooq-meta-3.11.10.jar:/home/user/.m2/repository/org/jooq/jooq-codegen/3.11.10/jooq-codegen-3.11.10.jar:/home/user/.m2/repository/com/jolbox/bonecp/0.8.0.RELEASE/bonecp-0.8.0.RELEASE.jar:/home/user/.m2/repository/org/springframework/spring-jdbc/5.1.3.RELEASE/spring-jdbc-5.1.3.RELEASE.jar:/home/user/.m2/repository/org/springframework/spring-beans/5.1.3.RELEASE/spring-beans-5.1.3.RELEASE.jar:/home/user/.m2/repository/org/springframework/spring-core/5.1.3.RELEASE/spring-core-5.1.3.RELEASE.jar:/home/user/.m2/repository/org/springframework/spring-jcl/5.1.3.RELEASE/spring-jcl-5.1.3.RELEASE.jar:/home/user/.m2/repository/org/springframework/spring-tx/5.1.3.RELEASE/spring-tx-5.1.3.RELEASE.jar:/home/user/.m2/repository/org/mockito/mockito-core/2.15.0/mockito-core-2.15.0.jar:/home/user/.m2/repository/net/bytebuddy/byte-buddy/1.7.9/byte-buddy-1.7.9.jar:/home/user/.m2/repository/net/bytebuddy/byte-buddy-agent/1.7.9/byte-buddy-agent-1.7.9.jar:/home/user/.m2/repository/org/objenesis/objenesis/1.0/objenesis-1.0.jar:"/>
    <property name="sun.cpu.endian" value="little"/>
    <property name="user.home" value="/home/user"/>
    <property name="user.language" value="en"/>
    <property name="java.specification.vendor" value="Oracle Corporation"/>
    <property name="java.home" value="/usr/lib/jvm/java-1.8.0-openjdk-1.8.0.222.b10-1.el7_7.x86_64/jre"/>
    <property name="surefire.excludesFile" value="/tools/ozone-bad-unit-tests"/>
    <property name="java.security.krb5.conf" value="/workdir/hadoop-ozone/tools/target/test-classes/krb5.conf"/>
    <property name="basedir" value="/workdir/hadoop-ozone/tools"/>
    <property name="file.separator" value="/"/>
    <property name="line.separator" value="&#10;"/>
    <property name="java.vm.specification.vendor" value="Oracle Corporation"/>
    <property name="java.specification.name" value="Java Platform API Specification"/>
    <property name="java.awt.graphicsenv" value="sun.awt.X11GraphicsEnvironment"/>
    <property name="surefire.real.class.path" value="/workdir/hadoop-ozone/tools/target/surefire/surefirebooter3228525295191536313.jar"/>
    <property name="hadoop.log.dir" value="/workdir/hadoop-ozone/tools/target/log"/>
    <property name="sun.boot.class.path" value="/usr/lib/jvm/java-1.8.0-openjdk-1.8.0.222.b10-1.el7_7.x86_64/jre/lib/resources.jar:/usr/lib/jvm/java-1.8.0-openjdk-1.8.0.222.b10-1.el7_7.x86_64/jre/lib/rt.jar:/usr/lib/jvm/java-1.8.0-openjdk-1.8.0.222.b10-1.el7_7.x86_64/jre/lib/sunrsasign.jar:/usr/lib/jvm/java-1.8.0-openjdk-1.8.0.222.b10-1.el7_7.x86_64/jre/lib/jsse.jar:/usr/lib/jvm/java-1.8.0-openjdk-1.8.0.222.b10-1.el7_7.x86_64/jre/lib/jce.jar:/usr/lib/jvm/java-1.8.0-openjdk-1.8.0.222.b10-1.el7_7.x86_64/jre/lib/charsets.jar:/usr/lib/jvm/java-1.8.0-openjdk-1.8.0.222.b10-1.el7_7.x86_64/jre/lib/jfr.jar:/usr/lib/jvm/java-1.8.0-openjdk-1.8.0.222.b10-1.el7_7.x86_64/jre/classes"/>
    <property name="sun.management.compiler" value="HotSpot 64-Bit Tiered Compilers"/>
    <property name="java.runtime.version" value="1.8.0_222-b10"/>
    <property name="java.net.preferIPv4Stack" value="true"/>
    <property name="user.name" value="jenkins1000"/>
    <property name="path.separator" value=":"/>
    <property name="java.security.egd" value="file:///dev/urandom"/>
    <property name="os.version" value="3.10.0-957.12.2.el7.x86_64"/>
    <property name="java.endorsed.dirs" value="/usr/lib/jvm/java-1.8.0-openjdk-1.8.0.222.b10-1.el7_7.x86_64/jre/lib/endorsed"/>
    <property name="java.runtime.name" value="OpenJDK Runtime Environment"/>
    <property name="file.encoding" value="ANSI_X3.4-1968"/>
    <property name="java.vm.name" value="OpenJDK 64-Bit Server VM"/>
    <property name="test.build.webapps" value=""/>
    <property name="localRepository" value="/home/user/.m2/repository"/>
    <property name="java.vendor.url.bug" value="http://bugreport.sun.com/bugreport/"/>
    <property name="java.io.tmpdir" value="/tmp"/>
    <property name="require.test.libhadoop" value=""/>
    <property name="java.version" value="1.8.0_222"/>
    <property name="user.dir" value="/workdir/hadoop-ozone/tools"/>
    <property name="os.arch" value="amd64"/>
    <property name="java.vm.specification.name" value="Java Virtual Machine Specification"/>
    <property name="test.build.classes" value="/workdir/hadoop-ozone/tools/target/test-classes"/>
    <property name="java.awt.printerjob" value="sun.print.PSPrinterJob"/>
    <property name="sun.os.patch.level" value="unknown"/>
    <property name="hadoop.tmp.dir" value="/workdir/hadoop-ozone/tools/target/tmp"/>
    <property name="java.library.path" value="/usr/lib:/workdir/hadoop-ozone/tools/target/native/target/usr/local/lib:/workdir/hadoop-ozone/tools/../../hadoop-common-project/hadoop-common/target/native/target/usr/local/lib:/usr/java/packages/lib/amd64:/usr/lib64:/lib64:/lib:/usr/lib"/>
    <property name="java.vm.info" value="mixed mode"/>
    <property name="java.vendor" value="Oracle Corporation"/>
    <property name="java.vm.version" value="25.222-b10"/>
    <property name="java.ext.dirs" value="/usr/lib/jvm/java-1.8.0-openjdk-1.8.0.222.b10-1.el7_7.x86_64/jre/lib/ext:/usr/java/packages/lib/ext"/>
    <property name="sun.io.unicode.encoding" value="UnicodeLittle"/>
    <property name="java.class.version" value="52.0"/>
  </properties>
  <testcase name="testRestart" classname="org.apache.hadoop.ozone.freon.TestFreonWithPipelineDestroy" time="19.775">
    <error message="INTERNAL_ERROR org.apache.hadoop.ozone.om.exceptions.OMException: Allocated 0 blocks. Requested 5 blocks" type="java.lang.RuntimeException">java.lang.RuntimeException: INTERNAL_ERROR org.apache.hadoop.ozone.om.exceptions.OMException: Allocated 0 blocks. Requested 5 blocks
	at org.apache.hadoop.ozone.freon.RandomKeyGenerator.call(RandomKeyGenerator.java:341)
	at org.apache.hadoop.ozone.freon.TestFreonWithPipelineDestroy.startFreon(TestFreonWithPipelineDestroy.java:87)
	at org.apache.hadoop.ozone.freon.TestFreonWithPipelineDestroy.testRestart(TestFreonWithPipelineDestroy.java:74)
	at sun.reflect.NativeMethodAccessorImpl.invoke0(Native Method)
	at sun.reflect.NativeMethodAccessorImpl.invoke(NativeMethodAccessorImpl.java:62)
	at sun.reflect.DelegatingMethodAccessorImpl.invoke(DelegatingMethodAccessorImpl.java:43)
	at java.lang.reflect.Method.invoke(Method.java:498)
	at org.junit.runners.model.FrameworkMethod$1.runReflectiveCall(FrameworkMethod.java:47)
	at org.junit.internal.runners.model.ReflectiveCallable.run(ReflectiveCallable.java:12)
	at org.junit.runners.model.FrameworkMethod.invokeExplosively(FrameworkMethod.java:44)
	at org.junit.internal.runners.statements.InvokeMethod.evaluate(InvokeMethod.java:17)
	at org.junit.runners.ParentRunner.runLeaf(ParentRunner.java:271)
	at org.junit.runners.BlockJUnit4ClassRunner.runChild(BlockJUnit4ClassRunner.java:70)
	at org.junit.runners.BlockJUnit4ClassRunner.runChild(BlockJUnit4ClassRunner.java:50)
	at org.junit.runners.ParentRunner$3.run(ParentRunner.java:238)
	at org.junit.runners.ParentRunner$1.schedule(ParentRunner.java:63)
	at org.junit.runners.ParentRunner.runChildren(ParentRunner.java:236)
	at org.junit.runners.ParentRunner.access$000(ParentRunner.java:53)
	at org.junit.runners.ParentRunner$2.evaluate(ParentRunner.java:229)
	at org.junit.internal.runners.statements.RunBefores.evaluate(RunBefores.java:26)
	at org.junit.internal.runners.statements.RunAfters.evaluate(RunAfters.java:27)
	at org.junit.runners.ParentRunner.run(ParentRunner.java:309)
	at org.apache.maven.surefire.junit4.JUnit4Provider.execute(JUnit4Provider.java:365)
	at org.apache.maven.surefire.junit4.JUnit4Provider.executeWithRerun(JUnit4Provider.java:273)
	at org.apache.maven.surefire.junit4.JUnit4Provider.executeTestSet(JUnit4Provider.java:238)
	at org.apache.maven.surefire.junit4.JUnit4Provider.invoke(JUnit4Provider.java:159)
	at org.apache.maven.surefire.booter.ForkedBooter.invokeProviderInSameClassLoader(ForkedBooter.java:384)
	at org.apache.maven.surefire.booter.ForkedBooter.runSuitesInProcess(ForkedBooter.java:345)
	at org.apache.maven.surefire.booter.ForkedBooter.execute(ForkedBooter.java:126)
	at org.apache.maven.surefire.booter.ForkedBooter.main(ForkedBooter.java:418)
Caused by: INTERNAL_ERROR org.apache.hadoop.ozone.om.exceptions.OMException: Allocated 0 blocks. Requested 5 blocks
	at org.apache.hadoop.ozone.om.protocolPB.OzoneManagerProtocolClientSideTranslatorPB.handleError(OzoneManagerProtocolClientSideTranslatorPB.java:761)
	at org.apache.hadoop.ozone.om.protocolPB.OzoneManagerProtocolClientSideTranslatorPB.openKey(OzoneManagerProtocolClientSideTranslatorPB.java:752)
	at sun.reflect.NativeMethodAccessorImpl.invoke0(Native Method)
	at sun.reflect.NativeMethodAccessorImpl.invoke(NativeMethodAccessorImpl.java:62)
	at sun.reflect.DelegatingMethodAccessorImpl.invoke(DelegatingMethodAccessorImpl.java:43)
	at java.lang.reflect.Method.invoke(Method.java:498)
	at org.apache.hadoop.hdds.tracing.TraceAllMethod.invoke(TraceAllMethod.java:66)
	at com.sun.proxy.$Proxy37.openKey(Unknown Source)
	at org.apache.hadoop.ozone.client.rpc.RpcClient.createKey(RpcClient.java:634)
	at org.apache.hadoop.ozone.client.OzoneBucket.createKey(OzoneBucket.java:325)
	at org.apache.hadoop.ozone.freon.RandomKeyGenerator.createKey(RandomKeyGenerator.java:697)
	at org.apache.hadoop.ozone.freon.RandomKeyGenerator.access$1100(RandomKeyGenerator.java:88)
	at org.apache.hadoop.ozone.freon.RandomKeyGenerator$ObjectCreator.run(RandomKeyGenerator.java:615)
	at java.util.concurrent.Executors$RunnableAdapter.call(Executors.java:511)
	at java.util.concurrent.FutureTask.run(FutureTask.java:266)
	at java.util.concurrent.ThreadPoolExecutor.runWorker(ThreadPoolExecutor.java:1149)
	at java.util.concurrent.ThreadPoolExecutor$Worker.run(ThreadPoolExecutor.java:624)
	at java.lang.Thread.run(Thread.java:748)
</error>
    <system-out><![CDATA[2019-11-15 00:02:03,184 [main] WARN  server.ServerUtils (ServerUtils.java:getScmDbDir(145)) - ozone.scm.db.dirs is not configured. We recommend adding this setting. Falling back to ozone.metadata.dirs instead.
2019-11-15 00:02:03,304 [main] WARN  server.ServerUtils (ServerUtils.java:getScmDbDir(145)) - ozone.scm.db.dirs is not configured. We recommend adding this setting. Falling back to ozone.metadata.dirs instead.
2019-11-15 00:02:03,307 [main] WARN  server.ServerUtils (ServerUtils.java:getScmDbDir(145)) - ozone.scm.db.dirs is not configured. We recommend adding this setting. Falling back to ozone.metadata.dirs instead.
2019-11-15 00:02:03,334 [main] INFO  util.log (Log.java:initialized(192)) - Logging initialized @914ms
2019-11-15 00:02:03,428 [main] INFO  db.DBStoreBuilder (DBStoreBuilder.java:addTable(127)) - using custom profile for table: deletedBlocks
2019-11-15 00:02:03,428 [main] INFO  db.DBStoreBuilder (DBStoreBuilder.java:processTables(183)) - Using default column profile:DBProfile.DISK for Table:deletedBlocks
2019-11-15 00:02:03,429 [main] INFO  db.DBStoreBuilder (DBStoreBuilder.java:addTable(127)) - using custom profile for table: validCerts
2019-11-15 00:02:03,429 [main] INFO  db.DBStoreBuilder (DBStoreBuilder.java:processTables(183)) - Using default column profile:DBProfile.DISK for Table:validCerts
2019-11-15 00:02:03,429 [main] INFO  db.DBStoreBuilder (DBStoreBuilder.java:addTable(127)) - using custom profile for table: revokedCerts
2019-11-15 00:02:03,429 [main] INFO  db.DBStoreBuilder (DBStoreBuilder.java:processTables(183)) - Using default column profile:DBProfile.DISK for Table:revokedCerts
2019-11-15 00:02:03,440 [main] INFO  db.DBStoreBuilder (DBStoreBuilder.java:addTable(127)) - using custom profile for table: default
2019-11-15 00:02:03,440 [main] INFO  db.DBStoreBuilder (DBStoreBuilder.java:processTables(189)) - Using default column profile:DBProfile.DISK for Table:default
2019-11-15 00:02:03,442 [main] INFO  db.DBStoreBuilder (DBStoreBuilder.java:getDbProfile(220)) - Using default options. DBProfile.DISK
2019-11-15 00:02:03,749 [main] INFO  net.NodeSchemaLoader (NodeSchemaLoader.java:loadSchemaFromFile(125)) - Loading file from sun.misc.CompoundEnumeration@618b19ad
2019-11-15 00:02:03,751 [main] INFO  net.NodeSchemaLoader (NodeSchemaLoader.java:loadSchema(171)) - Loading network topology layer schema file
2019-11-15 00:02:03,823 [main] INFO  node.SCMNodeManager (SCMNodeManager.java:<init>(116)) - Entering startup safe mode.
2019-11-15 00:02:03,898 [main] INFO  algorithms.ContainerPlacementPolicyFactory (ContainerPlacementPolicyFactory.java:getPolicy(57)) - Create container placement policy of type org.apache.hadoop.hdds.scm.container.placement.algorithms.SCMContainerPlacementRandom
2019-11-15 00:02:03,911 [main] WARN  server.ServerUtils (ServerUtils.java:getScmDbDir(145)) - ozone.scm.db.dirs is not configured. We recommend adding this setting. Falling back to ozone.metadata.dirs instead.
2019-11-15 00:02:04,056 [main] INFO  pipeline.SCMPipelineManager (SCMPipelineManager.java:initializePipelineState(132)) - No pipeline exists in current db
2019-11-15 00:02:04,059 [main] WARN  server.ServerUtils (ServerUtils.java:getScmDbDir(145)) - ozone.scm.db.dirs is not configured. We recommend adding this setting. Falling back to ozone.metadata.dirs instead.
2019-11-15 00:02:04,224 [main] WARN  events.EventQueue (EventQueue.java:fireEvent(183)) - No event handler registered for event TypedEvent{payloadType=SafeModeStatus, name='SafeModeStatus'}
2019-11-15 00:02:04,583 [main] INFO  ipc.CallQueueManager (CallQueueManager.java:<init>(84)) - Using callQueue: class java.util.concurrent.LinkedBlockingQueue, queueCapacity: 2000, scheduler: class org.apache.hadoop.ipc.DefaultRpcScheduler, ipcBackoff: false.
2019-11-15 00:02:04,609 [Socket Reader #1 for port 34138] INFO  ipc.Server (Server.java:run(1074)) - Starting Socket Reader #1 for port 34138
2019-11-15 00:02:04,753 [main] INFO  ipc.CallQueueManager (CallQueueManager.java:<init>(84)) - Using callQueue: class java.util.concurrent.LinkedBlockingQueue, queueCapacity: 2000, scheduler: class org.apache.hadoop.ipc.DefaultRpcScheduler, ipcBackoff: false.
2019-11-15 00:02:04,755 [Socket Reader #1 for port 36693] INFO  ipc.Server (Server.java:run(1074)) - Starting Socket Reader #1 for port 36693
2019-11-15 00:02:04,767 [main] INFO  ipc.CallQueueManager (CallQueueManager.java:<init>(84)) - Using callQueue: class java.util.concurrent.LinkedBlockingQueue, queueCapacity: 2000, scheduler: class org.apache.hadoop.ipc.DefaultRpcScheduler, ipcBackoff: false.
2019-11-15 00:02:04,769 [Socket Reader #1 for port 45808] INFO  ipc.Server (Server.java:run(1074)) - Starting Socket Reader #1 for port 45808
2019-11-15 00:02:04,800 [main] INFO  hdfs.DFSUtil (DFSUtil.java:httpServerTemplateForNNAndJN(1641)) - Starting Web-server for scm at: http://0.0.0.0:0
2019-11-15 00:02:04,945 [main] INFO  server.AuthenticationFilter (AuthenticationFilter.java:constructSecretProvider(240)) - Unable to initialize FileSignerSecretProvider, falling back to use random secrets.
2019-11-15 00:02:04,962 [main] WARN  http.HttpRequestLog (HttpRequestLog.java:getRequestLog(97)) - Jetty request log can only be enabled using Log4j
2019-11-15 00:02:04,971 [main] INFO  http.HttpServer2 (HttpServer2.java:addGlobalFilter(975)) - Added global filter 'safety' (class=org.apache.hadoop.http.HttpServer2$QuotingInputFilter)
2019-11-15 00:02:04,974 [main] INFO  http.HttpServer2 (HttpServer2.java:addFilter(948)) - Added filter static_user_filter (class=org.apache.hadoop.http.lib.StaticUserWebFilter$StaticUserFilter) to context scm
2019-11-15 00:02:04,974 [main] INFO  http.HttpServer2 (HttpServer2.java:addFilter(958)) - Added filter static_user_filter (class=org.apache.hadoop.http.lib.StaticUserWebFilter$StaticUserFilter) to context static
2019-11-15 00:02:04,974 [main] INFO  http.HttpServer2 (HttpServer2.java:addFilter(958)) - Added filter static_user_filter (class=org.apache.hadoop.http.lib.StaticUserWebFilter$StaticUserFilter) to context logs
2019-11-15 00:02:05,001 [main] INFO  server.StorageContainerManager (StorageContainerManager.java:start(764)) - StorageContainerLocationProtocol RPC server is listening at /0.0.0.0:45808
2019-11-15 00:02:05,057 [main] WARN  impl.MetricsConfig (MetricsConfig.java:loadFirst(134)) - Cannot locate configuration: tried hadoop-metrics2-storagecontainermanager.properties,hadoop-metrics2.properties
2019-11-15 00:02:05,072 [main] INFO  impl.MetricsSystemImpl (MetricsSystemImpl.java:startTimer(374)) - Scheduled Metric snapshot period at 10 second(s).
2019-11-15 00:02:05,072 [main] INFO  impl.MetricsSystemImpl (MetricsSystemImpl.java:start(191)) - StorageContainerManager metrics system started
2019-11-15 00:02:05,311 [main] INFO  server.SCMClientProtocolServer (SCMClientProtocolServer.java:start(159)) - RPC server for Client  is listening at /0.0.0.0:45808
2019-11-15 00:02:05,312 [IPC Server Responder] INFO  ipc.Server (Server.java:run(1314)) - IPC Server Responder: starting
2019-11-15 00:02:05,312 [IPC Server listener on 45808] INFO  ipc.Server (Server.java:run(1153)) - IPC Server listener on 45808: starting
2019-11-15 00:02:05,314 [main] INFO  server.StorageContainerManager (StorageContainerManager.java:start(774)) - ScmBlockLocationProtocol RPC server is listening at /0.0.0.0:36693
2019-11-15 00:02:05,315 [main] INFO  server.SCMBlockProtocolServer (SCMBlockProtocolServer.java:start(146)) - RPC server for Block Protocol is listening at /0.0.0.0:36693
2019-11-15 00:02:05,315 [IPC Server Responder] INFO  ipc.Server (Server.java:run(1314)) - IPC Server Responder: starting
2019-11-15 00:02:05,315 [IPC Server listener on 36693] INFO  ipc.Server (Server.java:run(1153)) - IPC Server listener on 36693: starting
2019-11-15 00:02:05,317 [main] INFO  server.StorageContainerManager (StorageContainerManager.java:start(778)) - ScmDatanodeProtocl RPC server is listening at /0.0.0.0:34138
2019-11-15 00:02:05,317 [main] INFO  server.SCMDatanodeProtocolServer (SCMDatanodeProtocolServer.java:start(169)) - RPC server for DataNodes is listening at /0.0.0.0:34138
2019-11-15 00:02:05,318 [IPC Server Responder] INFO  ipc.Server (Server.java:run(1314)) - IPC Server Responder: starting
2019-11-15 00:02:05,318 [IPC Server listener on 34138] INFO  ipc.Server (Server.java:run(1153)) - IPC Server listener on 34138: starting
2019-11-15 00:02:05,322 [main] INFO  http.HttpServer2 (HttpServer2.java:bindListener(1191)) - Jetty bound to port 41710
2019-11-15 00:02:05,323 [main] INFO  server.Server (Server.java:doStart(351)) - jetty-9.3.25.v20180904, build timestamp: 2018-09-04T21:11:46Z, git hash: 3ce520221d0240229c862b122d2b06c12a625732
2019-11-15 00:02:05,355 [main] INFO  handler.ContextHandler (ContextHandler.java:doStart(781)) - Started o.e.j.s.ServletContextHandler@293a5f75{/logs,file:///workdir/hadoop-ozone/tools/target/log,AVAILABLE}
2019-11-15 00:02:05,355 [main] INFO  handler.ContextHandler (ContextHandler.java:doStart(781)) - Started o.e.j.s.ServletContextHandler@2dd29a59{/static,jar:file:/home/user/.m2/repository/org/apache/hadoop/hadoop-hdds-server-scm/0.5.0-SNAPSHOT/hadoop-hdds-server-scm-0.5.0-SNAPSHOT.jar!/webapps/static,AVAILABLE}
2019-11-15 00:02:05,425 [main] INFO  handler.ContextHandler (ContextHandler.java:doStart(781)) - Started o.e.j.w.WebAppContext@6815c5f2{/,file:///tmp/jetty-0.0.0.0-41710-scm-_-any-4986991622638130369.dir/webapp/,AVAILABLE}{/scm}
2019-11-15 00:02:05,430 [main] INFO  server.AbstractConnector (AbstractConnector.java:doStart(278)) - Started ServerConnector@7689ddef{HTTP/1.1,[http/1.1]}{0.0.0.0:41710}
2019-11-15 00:02:05,430 [main] INFO  server.Server (Server.java:doStart(419)) - Started @3010ms
2019-11-15 00:02:05,432 [main] INFO  impl.MetricsSinkAdapter (MetricsSinkAdapter.java:start(204)) - Sink prometheus started
2019-11-15 00:02:05,432 [main] INFO  impl.MetricsSystemImpl (MetricsSystemImpl.java:registerSink(301)) - Registered sink prometheus
2019-11-15 00:02:05,433 [main] INFO  server.BaseHttpServer (BaseHttpServer.java:updateConnectorAddress(215)) - HTTP server of SCM is listening at http://0.0.0.0:41710
2019-11-15 00:02:05,439 [org.apache.hadoop.util.JvmPauseMonitor$Monitor@27eb3298] INFO  util.JvmPauseMonitor (JvmPauseMonitor.java:run(188)) - Starting JVM pause monitor
2019-11-15 00:02:05,441 [main] WARN  server.ServerUtils (ServerUtils.java:getDBPath(222)) - ozone.om.db.dirs is not configured. We recommend adding this setting. Falling back to ozone.metadata.dirs instead.
2019-11-15 00:02:05,548 [main] INFO  ha.OMHANodeDetails (OMHANodeDetails.java:loadOMHAConfig(190)) - Configuration either no ozone.om.address set. Falling back to the default OM address /127.0.0.1:0
2019-11-15 00:02:05,549 [main] INFO  ha.OMHANodeDetails (OMHANodeDetails.java:getOMNodeDetails(220)) - OM Service ID is not set. Setting it to the default ID: omServiceIdDefault
2019-11-15 00:02:05,550 [main] WARN  server.ServerUtils (ServerUtils.java:getDBPath(222)) - ozone.om.db.dirs is not configured. We recommend adding this setting. Falling back to ozone.metadata.dirs instead.
2019-11-15 00:02:05,551 [main] WARN  server.ServerUtils (ServerUtils.java:getDBPath(222)) - ozone.om.db.dirs is not configured. We recommend adding this setting. Falling back to ozone.metadata.dirs instead.
2019-11-15 00:02:06,145 [main] WARN  server.ServerUtils (ServerUtils.java:getDBPath(222)) - ozone.om.db.dirs is not configured. We recommend adding this setting. Falling back to ozone.metadata.dirs instead.
2019-11-15 00:02:06,154 [main] INFO  db.DBStoreBuilder (DBStoreBuilder.java:addTable(127)) - using custom profile for table: userTable
2019-11-15 00:02:06,154 [main] INFO  db.DBStoreBuilder (DBStoreBuilder.java:processTables(183)) - Using default column profile:DBProfile.DISK for Table:userTable
2019-11-15 00:02:06,154 [main] INFO  db.DBStoreBuilder (DBStoreBuilder.java:addTable(127)) - using custom profile for table: volumeTable
2019-11-15 00:02:06,155 [main] INFO  db.DBStoreBuilder (DBStoreBuilder.java:processTables(183)) - Using default column profile:DBProfile.DISK for Table:volumeTable
2019-11-15 00:02:06,155 [main] INFO  db.DBStoreBuilder (DBStoreBuilder.java:addTable(127)) - using custom profile for table: bucketTable
2019-11-15 00:02:06,155 [main] INFO  db.DBStoreBuilder (DBStoreBuilder.java:processTables(183)) - Using default column profile:DBProfile.DISK for Table:bucketTable
2019-11-15 00:02:06,155 [main] INFO  db.DBStoreBuilder (DBStoreBuilder.java:addTable(127)) - using custom profile for table: keyTable
2019-11-15 00:02:06,156 [main] INFO  db.DBStoreBuilder (DBStoreBuilder.java:processTables(183)) - Using default column profile:DBProfile.DISK for Table:keyTable
2019-11-15 00:02:06,156 [main] INFO  db.DBStoreBuilder (DBStoreBuilder.java:addTable(127)) - using custom profile for table: deletedTable
2019-11-15 00:02:06,156 [main] INFO  db.DBStoreBuilder (DBStoreBuilder.java:processTables(183)) - Using default column profile:DBProfile.DISK for Table:deletedTable
2019-11-15 00:02:06,156 [main] INFO  db.DBStoreBuilder (DBStoreBuilder.java:addTable(127)) - using custom profile for table: openKeyTable
2019-11-15 00:02:06,156 [main] INFO  db.DBStoreBuilder (DBStoreBuilder.java:processTables(183)) - Using default column profile:DBProfile.DISK for Table:openKeyTable
2019-11-15 00:02:06,157 [main] INFO  db.DBStoreBuilder (DBStoreBuilder.java:addTable(127)) - using custom profile for table: s3Table
2019-11-15 00:02:06,157 [main] INFO  db.DBStoreBuilder (DBStoreBuilder.java:processTables(183)) - Using default column profile:DBProfile.DISK for Table:s3Table
2019-11-15 00:02:06,157 [main] INFO  db.DBStoreBuilder (DBStoreBuilder.java:addTable(127)) - using custom profile for table: multipartInfoTable
2019-11-15 00:02:06,157 [main] INFO  db.DBStoreBuilder (DBStoreBuilder.java:processTables(183)) - Using default column profile:DBProfile.DISK for Table:multipartInfoTable
2019-11-15 00:02:06,158 [main] INFO  db.DBStoreBuilder (DBStoreBuilder.java:addTable(127)) - using custom profile for table: dTokenTable
2019-11-15 00:02:06,158 [main] INFO  db.DBStoreBuilder (DBStoreBuilder.java:processTables(183)) - Using default column profile:DBProfile.DISK for Table:dTokenTable
2019-11-15 00:02:06,158 [main] INFO  db.DBStoreBuilder (DBStoreBuilder.java:addTable(127)) - using custom profile for table: s3SecretTable
2019-11-15 00:02:06,158 [main] INFO  db.DBStoreBuilder (DBStoreBuilder.java:processTables(183)) - Using default column profile:DBProfile.DISK for Table:s3SecretTable
2019-11-15 00:02:06,158 [main] INFO  db.DBStoreBuilder (DBStoreBuilder.java:addTable(127)) - using custom profile for table: prefixTable
2019-11-15 00:02:06,159 [main] INFO  db.DBStoreBuilder (DBStoreBuilder.java:processTables(183)) - Using default column profile:DBProfile.DISK for Table:prefixTable
2019-11-15 00:02:06,159 [main] INFO  db.DBStoreBuilder (DBStoreBuilder.java:addTable(127)) - using custom profile for table: default
2019-11-15 00:02:06,159 [main] INFO  db.DBStoreBuilder (DBStoreBuilder.java:processTables(189)) - Using default column profile:DBProfile.DISK for Table:default
2019-11-15 00:02:06,159 [main] INFO  db.DBStoreBuilder (DBStoreBuilder.java:getDbProfile(220)) - Using default options. DBProfile.DISK
2019-11-15 00:02:06,867 [main] INFO  ipc.CallQueueManager (CallQueueManager.java:<init>(84)) - Using callQueue: class java.util.concurrent.LinkedBlockingQueue, queueCapacity: 2000, scheduler: class org.apache.hadoop.ipc.DefaultRpcScheduler, ipcBackoff: false.
2019-11-15 00:02:06,868 [Socket Reader #1 for port 39158] INFO  ipc.Server (Server.java:run(1074)) - Starting Socket Reader #1 for port 39158
2019-11-15 00:02:06,889 [main] INFO  om.OzoneManager (OzoneManager.java:start(1077)) - OzoneManager RPC server is listening at localhost/127.0.0.1:39158
2019-11-15 00:02:06,889 [main] INFO  impl.MetricsSystemImpl (MetricsSystemImpl.java:init(158)) - OzoneManager metrics system started (again)
2019-11-15 00:02:06,897 [IPC Server Responder] INFO  ipc.Server (Server.java:run(1314)) - IPC Server Responder: starting
2019-11-15 00:02:06,897 [IPC Server listener on 39158] INFO  ipc.Server (Server.java:run(1153)) - IPC Server listener on 39158: starting
2019-11-15 00:02:06,903 [main] INFO  hdfs.DFSUtil (DFSUtil.java:httpServerTemplateForNNAndJN(1641)) - Starting Web-server for ozoneManager at: http://0.0.0.0:0
2019-11-15 00:02:06,906 [main] INFO  server.AuthenticationFilter (AuthenticationFilter.java:constructSecretProvider(240)) - Unable to initialize FileSignerSecretProvider, falling back to use random secrets.
2019-11-15 00:02:06,907 [main] WARN  http.HttpRequestLog (HttpRequestLog.java:getRequestLog(97)) - Jetty request log can only be enabled using Log4j
2019-11-15 00:02:06,909 [main] INFO  http.HttpServer2 (HttpServer2.java:addGlobalFilter(975)) - Added global filter 'safety' (class=org.apache.hadoop.http.HttpServer2$QuotingInputFilter)
2019-11-15 00:02:06,911 [main] INFO  http.HttpServer2 (HttpServer2.java:addFilter(948)) - Added filter static_user_filter (class=org.apache.hadoop.http.lib.StaticUserWebFilter$StaticUserFilter) to context ozoneManager
2019-11-15 00:02:06,911 [main] INFO  http.HttpServer2 (HttpServer2.java:addFilter(958)) - Added filter static_user_filter (class=org.apache.hadoop.http.lib.StaticUserWebFilter$StaticUserFilter) to context static
2019-11-15 00:02:06,912 [main] INFO  http.HttpServer2 (HttpServer2.java:addFilter(958)) - Added filter static_user_filter (class=org.apache.hadoop.http.lib.StaticUserWebFilter$StaticUserFilter) to context logs
2019-11-15 00:02:06,915 [main] INFO  http.HttpServer2 (HttpServer2.java:bindListener(1191)) - Jetty bound to port 39722
2019-11-15 00:02:06,915 [main] INFO  server.Server (Server.java:doStart(351)) - jetty-9.3.25.v20180904, build timestamp: 2018-09-04T21:11:46Z, git hash: 3ce520221d0240229c862b122d2b06c12a625732
2019-11-15 00:02:06,918 [main] INFO  handler.ContextHandler (ContextHandler.java:doStart(781)) - Started o.e.j.s.ServletContextHandler@7b208b45{/logs,file:///workdir/hadoop-ozone/tools/target/log,AVAILABLE}
2019-11-15 00:02:06,919 [main] INFO  handler.ContextHandler (ContextHandler.java:doStart(781)) - Started o.e.j.s.ServletContextHandler@34523d46{/static,jar:file:/home/user/.m2/repository/org/apache/hadoop/hadoop-ozone-ozone-manager/0.5.0-SNAPSHOT/hadoop-ozone-ozone-manager-0.5.0-SNAPSHOT.jar!/webapps/static,AVAILABLE}
2019-11-15 00:02:06,988 [main] INFO  handler.ContextHandler (ContextHandler.java:doStart(781)) - Started o.e.j.w.WebAppContext@2a49fe{/,file:///tmp/jetty-0.0.0.0-39722-ozoneManager-_-any-6555009305763227946.dir/webapp/,AVAILABLE}{/ozoneManager}
2019-11-15 00:02:06,989 [main] INFO  server.AbstractConnector (AbstractConnector.java:doStart(278)) - Started ServerConnector@66596a88{HTTP/1.1,[http/1.1]}{0.0.0.0:39722}
2019-11-15 00:02:06,989 [main] INFO  server.Server (Server.java:doStart(419)) - Started @4569ms
2019-11-15 00:02:06,990 [main] WARN  impl.MetricsSystemImpl (MetricsSystemImpl.java:register(276)) - Sink prometheus already exists!
2019-11-15 00:02:06,991 [main] INFO  server.BaseHttpServer (BaseHttpServer.java:updateConnectorAddress(215)) - HTTP server of OZONEMANAGER is listening at http://0.0.0.0:39722
2019-11-15 00:02:07,257 [main] INFO  impl.MetricsSystemImpl (MetricsSystemImpl.java:init(158)) - HddsDatanode metrics system started (again)
2019-11-15 00:02:07,309 [main] INFO  ozone.HddsDatanodeService (HddsDatanodeService.java:start(186)) - HddsDatanodeService host:pr-mpuissue-pdzcc-455137112 ip:192.168.69.65
2019-11-15 00:02:07,343 [main] INFO  volume.HddsVolume (HddsVolume.java:<init>(176)) - Creating Volume: /workdir/hadoop-ozone/tools/target/test-dir/MiniOzoneClusterImpl-4278b380-cafa-4f61-b9e1-9cfd23694989/datanode-0/data/containers/hdds of  storage type : DISK and capacity : 1482555576320
2019-11-15 00:02:07,345 [main] INFO  volume.VolumeSet (VolumeSet.java:initializeVolumeSet(170)) - Added Volume : /workdir/hadoop-ozone/tools/target/test-dir/MiniOzoneClusterImpl-4278b380-cafa-4f61-b9e1-9cfd23694989/datanode-0/data/containers/hdds to VolumeSet
2019-11-15 00:02:07,348 [main] INFO  volume.ThrottledAsyncChecker (ThrottledAsyncChecker.java:schedule(141)) - Scheduling a check for /workdir/hadoop-ozone/tools/target/test-dir/MiniOzoneClusterImpl-4278b380-cafa-4f61-b9e1-9cfd23694989/datanode-0/data/containers/hdds
2019-11-15 00:02:07,364 [main] INFO  volume.HddsVolumeChecker (HddsVolumeChecker.java:checkAllVolumes(204)) - Scheduled health check for volume /workdir/hadoop-ozone/tools/target/test-dir/MiniOzoneClusterImpl-4278b380-cafa-4f61-b9e1-9cfd23694989/datanode-0/data/containers/hdds
2019-11-15 00:02:07,476 [main] INFO  impl.RaftServerProxy (ConfUtils.java:logGet(43)) - raft.rpc.type = GRPC (default)
2019-11-15 00:02:07,540 [main] INFO  grpc.GrpcFactory (GrpcFactory.java:checkPooledByteBufAllocatorUseCacheForAllThreads(45)) - PERFORMANCE WARNING: useCacheForAllThreads is true that may cause Netty to create a lot garbage objects and, as a result, trigger GC.
	It is recommended to disable useCacheForAllThreads by setting -Dorg.apache.ratis.thirdparty.io.netty.allocator.useCacheForAllThreads=false in command line.
2019-11-15 00:02:07,546 [main] INFO  grpc.GrpcConfigKeys$Server (ConfUtils.java:logGet(43)) - raft.grpc.server.port = 0 (default)
2019-11-15 00:02:07,547 [main] INFO  server.GrpcService (ConfUtils.java:logGet(43)) - raft.grpc.message.size.max = 33570816 (custom)
2019-11-15 00:02:07,548 [main] INFO  server.RaftServerConfigKeys (ConfUtils.java:logGet(43)) - raft.server.log.appender.buffer.byte-limit = 33554432 (custom)
2019-11-15 00:02:07,549 [main] INFO  server.GrpcService (ConfUtils.java:logGet(43)) - raft.grpc.flow.control.window = 1MB (=1048576) (default)
2019-11-15 00:02:07,550 [main] INFO  server.RaftServerConfigKeys (ConfUtils.java:logGet(43)) - raft.server.rpc.request.timeout = 3000ms (default)
2019-11-15 00:02:07,711 [main] INFO  server.RaftServerConfigKeys (ConfUtils.java:logGet(43)) - raft.server.storage.dir = [/workdir/hadoop-ozone/tools/target/test-dir/MiniOzoneClusterImpl-4278b380-cafa-4f61-b9e1-9cfd23694989/datanode-0/data/ratis] (custom)
2019-11-15 00:02:07,760 [main] INFO  hdfs.DFSUtil (DFSUtil.java:httpServerTemplateForNNAndJN(1641)) - Starting Web-server for hddsDatanode at: http://0.0.0.0:0
2019-11-15 00:02:07,762 [main] INFO  server.AuthenticationFilter (AuthenticationFilter.java:constructSecretProvider(240)) - Unable to initialize FileSignerSecretProvider, falling back to use random secrets.
2019-11-15 00:02:07,763 [main] WARN  http.HttpRequestLog (HttpRequestLog.java:getRequestLog(97)) - Jetty request log can only be enabled using Log4j
2019-11-15 00:02:07,764 [main] INFO  http.HttpServer2 (HttpServer2.java:addGlobalFilter(975)) - Added global filter 'safety' (class=org.apache.hadoop.http.HttpServer2$QuotingInputFilter)
2019-11-15 00:02:07,765 [main] INFO  http.HttpServer2 (HttpServer2.java:addFilter(948)) - Added filter static_user_filter (class=org.apache.hadoop.http.lib.StaticUserWebFilter$StaticUserFilter) to context hddsDatanode
2019-11-15 00:02:07,765 [main] INFO  http.HttpServer2 (HttpServer2.java:addFilter(958)) - Added filter static_user_filter (class=org.apache.hadoop.http.lib.StaticUserWebFilter$StaticUserFilter) to context static
2019-11-15 00:02:07,765 [main] INFO  http.HttpServer2 (HttpServer2.java:addFilter(958)) - Added filter static_user_filter (class=org.apache.hadoop.http.lib.StaticUserWebFilter$StaticUserFilter) to context logs
2019-11-15 00:02:07,766 [main] INFO  http.HttpServer2 (HttpServer2.java:bindListener(1191)) - Jetty bound to port 37618
2019-11-15 00:02:07,766 [main] INFO  server.Server (Server.java:doStart(351)) - jetty-9.3.25.v20180904, build timestamp: 2018-09-04T21:11:46Z, git hash: 3ce520221d0240229c862b122d2b06c12a625732
2019-11-15 00:02:07,769 [main] INFO  handler.ContextHandler (ContextHandler.java:doStart(781)) - Started o.e.j.s.ServletContextHandler@673919a7{/logs,file:///workdir/hadoop-ozone/tools/target/log,AVAILABLE}
2019-11-15 00:02:07,770 [main] INFO  handler.ContextHandler (ContextHandler.java:doStart(781)) - Started o.e.j.s.ServletContextHandler@2436ea2f{/static,jar:file:/home/user/.m2/repository/org/apache/hadoop/hadoop-hdds-container-service/0.5.0-SNAPSHOT/hadoop-hdds-container-service-0.5.0-SNAPSHOT.jar!/webapps/static,AVAILABLE}
2019-11-15 00:02:07,801 [main] INFO  handler.ContextHandler (ContextHandler.java:doStart(781)) - Started o.e.j.w.WebAppContext@60783105{/,file:///tmp/jetty-0.0.0.0-37618-hddsDatanode-_-any-2340381200696387804.dir/webapp/,AVAILABLE}{/hddsDatanode}
2019-11-15 00:02:07,802 [main] INFO  server.AbstractConnector (AbstractConnector.java:doStart(278)) - Started ServerConnector@1292071f{HTTP/1.1,[http/1.1]}{0.0.0.0:37618}
2019-11-15 00:02:07,805 [main] INFO  server.Server (Server.java:doStart(419)) - Started @5385ms
2019-11-15 00:02:07,807 [main] WARN  impl.MetricsSystemImpl (MetricsSystemImpl.java:register(276)) - Sink prometheus already exists!
2019-11-15 00:02:07,808 [main] INFO  server.BaseHttpServer (BaseHttpServer.java:updateConnectorAddress(215)) - HTTP server of HDDSDATANODE is listening at http://0.0.0.0:37618
2019-11-15 00:02:07,810 [main] INFO  impl.MetricsSystemImpl (MetricsSystemImpl.java:init(158)) - HddsDatanode metrics system started (again)
2019-11-15 00:02:07,813 [main] INFO  ozone.HddsDatanodeService (HddsDatanodeService.java:start(186)) - HddsDatanodeService host:pr-mpuissue-pdzcc-455137112 ip:192.168.69.65
2019-11-15 00:02:07,816 [org.apache.hadoop.util.JvmPauseMonitor$Monitor@76a2d3c7] INFO  util.JvmPauseMonitor (JvmPauseMonitor.java:run(188)) - Starting JVM pause monitor
2019-11-15 00:02:07,824 [main] INFO  volume.HddsVolume (HddsVolume.java:<init>(176)) - Creating Volume: /workdir/hadoop-ozone/tools/target/test-dir/MiniOzoneClusterImpl-4278b380-cafa-4f61-b9e1-9cfd23694989/datanode-1/data/containers/hdds of  storage type : DISK and capacity : 1482555576320
2019-11-15 00:02:07,824 [main] INFO  volume.VolumeSet (VolumeSet.java:initializeVolumeSet(170)) - Added Volume : /workdir/hadoop-ozone/tools/target/test-dir/MiniOzoneClusterImpl-4278b380-cafa-4f61-b9e1-9cfd23694989/datanode-1/data/containers/hdds to VolumeSet
2019-11-15 00:02:07,825 [main] INFO  volume.ThrottledAsyncChecker (ThrottledAsyncChecker.java:schedule(141)) - Scheduling a check for /workdir/hadoop-ozone/tools/target/test-dir/MiniOzoneClusterImpl-4278b380-cafa-4f61-b9e1-9cfd23694989/datanode-1/data/containers/hdds
2019-11-15 00:02:07,825 [main] INFO  volume.HddsVolumeChecker (HddsVolumeChecker.java:checkAllVolumes(204)) - Scheduled health check for volume /workdir/hadoop-ozone/tools/target/test-dir/MiniOzoneClusterImpl-4278b380-cafa-4f61-b9e1-9cfd23694989/datanode-1/data/containers/hdds
2019-11-15 00:02:07,845 [main] INFO  impl.RaftServerProxy (ConfUtils.java:logGet(43)) - raft.rpc.type = GRPC (default)
2019-11-15 00:02:07,846 [main] INFO  grpc.GrpcFactory (GrpcFactory.java:checkPooledByteBufAllocatorUseCacheForAllThreads(45)) - PERFORMANCE WARNING: useCacheForAllThreads is true that may cause Netty to create a lot garbage objects and, as a result, trigger GC.
	It is recommended to disable useCacheForAllThreads by setting -Dorg.apache.ratis.thirdparty.io.netty.allocator.useCacheForAllThreads=false in command line.
2019-11-15 00:02:07,846 [main] INFO  grpc.GrpcConfigKeys$Server (ConfUtils.java:logGet(43)) - raft.grpc.server.port = 0 (default)
2019-11-15 00:02:07,847 [main] INFO  server.GrpcService (ConfUtils.java:logGet(43)) - raft.grpc.message.size.max = 33570816 (custom)
2019-11-15 00:02:07,847 [main] INFO  server.RaftServerConfigKeys (ConfUtils.java:logGet(43)) - raft.server.log.appender.buffer.byte-limit = 33554432 (custom)
2019-11-15 00:02:07,847 [main] INFO  server.GrpcService (ConfUtils.java:logGet(43)) - raft.grpc.flow.control.window = 1MB (=1048576) (default)
2019-11-15 00:02:07,848 [main] INFO  server.RaftServerConfigKeys (ConfUtils.java:logGet(43)) - raft.server.rpc.request.timeout = 3000ms (default)
2019-11-15 00:02:07,848 [main] INFO  server.RaftServerConfigKeys (ConfUtils.java:logGet(43)) - raft.server.storage.dir = [/workdir/hadoop-ozone/tools/target/test-dir/MiniOzoneClusterImpl-4278b380-cafa-4f61-b9e1-9cfd23694989/datanode-1/data/ratis] (custom)
2019-11-15 00:02:07,851 [main] INFO  hdfs.DFSUtil (DFSUtil.java:httpServerTemplateForNNAndJN(1641)) - Starting Web-server for hddsDatanode at: http://0.0.0.0:0
2019-11-15 00:02:07,852 [main] INFO  server.AuthenticationFilter (AuthenticationFilter.java:constructSecretProvider(240)) - Unable to initialize FileSignerSecretProvider, falling back to use random secrets.
2019-11-15 00:02:07,853 [main] WARN  http.HttpRequestLog (HttpRequestLog.java:getRequestLog(97)) - Jetty request log can only be enabled using Log4j
2019-11-15 00:02:07,855 [main] INFO  http.HttpServer2 (HttpServer2.java:addGlobalFilter(975)) - Added global filter 'safety' (class=org.apache.hadoop.http.HttpServer2$QuotingInputFilter)
2019-11-15 00:02:07,856 [main] INFO  http.HttpServer2 (HttpServer2.java:addFilter(948)) - Added filter static_user_filter (class=org.apache.hadoop.http.lib.StaticUserWebFilter$StaticUserFilter) to context hddsDatanode
2019-11-15 00:02:07,856 [main] INFO  http.HttpServer2 (HttpServer2.java:addFilter(958)) - Added filter static_user_filter (class=org.apache.hadoop.http.lib.StaticUserWebFilter$StaticUserFilter) to context logs
2019-11-15 00:02:07,856 [main] INFO  http.HttpServer2 (HttpServer2.java:addFilter(958)) - Added filter static_user_filter (class=org.apache.hadoop.http.lib.StaticUserWebFilter$StaticUserFilter) to context static
2019-11-15 00:02:07,858 [main] INFO  http.HttpServer2 (HttpServer2.java:bindListener(1191)) - Jetty bound to port 42723
2019-11-15 00:02:07,858 [main] INFO  server.Server (Server.java:doStart(351)) - jetty-9.3.25.v20180904, build timestamp: 2018-09-04T21:11:46Z, git hash: 3ce520221d0240229c862b122d2b06c12a625732
2019-11-15 00:02:07,862 [main] INFO  handler.ContextHandler (ContextHandler.java:doStart(781)) - Started o.e.j.s.ServletContextHandler@2af69643{/logs,file:///workdir/hadoop-ozone/tools/target/log,AVAILABLE}
2019-11-15 00:02:07,863 [main] INFO  handler.ContextHandler (ContextHandler.java:doStart(781)) - Started o.e.j.s.ServletContextHandler@48528634{/static,jar:file:/home/user/.m2/repository/org/apache/hadoop/hadoop-hdds-container-service/0.5.0-SNAPSHOT/hadoop-hdds-container-service-0.5.0-SNAPSHOT.jar!/webapps/static,AVAILABLE}
2019-11-15 00:02:07,895 [main] INFO  handler.ContextHandler (ContextHandler.java:doStart(781)) - Started o.e.j.w.WebAppContext@6ede46f6{/,file:///tmp/jetty-0.0.0.0-42723-hddsDatanode-_-any-3653167199432502434.dir/webapp/,AVAILABLE}{/hddsDatanode}
2019-11-15 00:02:07,895 [Datanode State Machine Thread - 0] INFO  datanode.InitDatanodeState (InitDatanodeState.java:persistContainerDatanodeDetails(140)) - DatanodeDetails is persisted to /workdir/hadoop-ozone/tools/target/test-dir/MiniOzoneClusterImpl-4278b380-cafa-4f61-b9e1-9cfd23694989/datanode-0/meta/datanode.id
2019-11-15 00:02:07,896 [main] INFO  server.AbstractConnector (AbstractConnector.java:doStart(278)) - Started ServerConnector@66273da0{HTTP/1.1,[http/1.1]}{0.0.0.0:42723}
2019-11-15 00:02:07,896 [main] INFO  server.Server (Server.java:doStart(419)) - Started @5476ms
2019-11-15 00:02:07,897 [main] WARN  impl.MetricsSystemImpl (MetricsSystemImpl.java:register(276)) - Sink prometheus already exists!
2019-11-15 00:02:07,898 [main] INFO  server.BaseHttpServer (BaseHttpServer.java:updateConnectorAddress(215)) - HTTP server of HDDSDATANODE is listening at http://0.0.0.0:42723
2019-11-15 00:02:07,898 [main] INFO  impl.MetricsSystemImpl (MetricsSystemImpl.java:init(158)) - HddsDatanode metrics system started (again)
2019-11-15 00:02:07,901 [org.apache.hadoop.util.JvmPauseMonitor$Monitor@1b6444b1] INFO  util.JvmPauseMonitor (JvmPauseMonitor.java:run(188)) - Starting JVM pause monitor
2019-11-15 00:02:07,902 [main] INFO  ozone.HddsDatanodeService (HddsDatanodeService.java:start(186)) - HddsDatanodeService host:pr-mpuissue-pdzcc-455137112 ip:192.168.69.65
2019-11-15 00:02:07,906 [Datanode State Machine Thread - 0] INFO  datanode.InitDatanodeState (InitDatanodeState.java:persistContainerDatanodeDetails(140)) - DatanodeDetails is persisted to /workdir/hadoop-ozone/tools/target/test-dir/MiniOzoneClusterImpl-4278b380-cafa-4f61-b9e1-9cfd23694989/datanode-1/meta/datanode.id
2019-11-15 00:02:07,911 [main] INFO  volume.HddsVolume (HddsVolume.java:<init>(176)) - Creating Volume: /workdir/hadoop-ozone/tools/target/test-dir/MiniOzoneClusterImpl-4278b380-cafa-4f61-b9e1-9cfd23694989/datanode-2/data/containers/hdds of  storage type : DISK and capacity : 1482555576320
2019-11-15 00:02:07,911 [main] INFO  volume.VolumeSet (VolumeSet.java:initializeVolumeSet(170)) - Added Volume : /workdir/hadoop-ozone/tools/target/test-dir/MiniOzoneClusterImpl-4278b380-cafa-4f61-b9e1-9cfd23694989/datanode-2/data/containers/hdds to VolumeSet
2019-11-15 00:02:07,911 [main] INFO  volume.ThrottledAsyncChecker (ThrottledAsyncChecker.java:schedule(141)) - Scheduling a check for /workdir/hadoop-ozone/tools/target/test-dir/MiniOzoneClusterImpl-4278b380-cafa-4f61-b9e1-9cfd23694989/datanode-2/data/containers/hdds
2019-11-15 00:02:07,912 [main] INFO  volume.HddsVolumeChecker (HddsVolumeChecker.java:checkAllVolumes(204)) - Scheduled health check for volume /workdir/hadoop-ozone/tools/target/test-dir/MiniOzoneClusterImpl-4278b380-cafa-4f61-b9e1-9cfd23694989/datanode-2/data/containers/hdds
2019-11-15 00:02:07,929 [main] INFO  impl.RaftServerProxy (ConfUtils.java:logGet(43)) - raft.rpc.type = GRPC (default)
2019-11-15 00:02:07,929 [main] INFO  grpc.GrpcFactory (GrpcFactory.java:checkPooledByteBufAllocatorUseCacheForAllThreads(45)) - PERFORMANCE WARNING: useCacheForAllThreads is true that may cause Netty to create a lot garbage objects and, as a result, trigger GC.
	It is recommended to disable useCacheForAllThreads by setting -Dorg.apache.ratis.thirdparty.io.netty.allocator.useCacheForAllThreads=false in command line.
2019-11-15 00:02:07,930 [main] INFO  grpc.GrpcConfigKeys$Server (ConfUtils.java:logGet(43)) - raft.grpc.server.port = 0 (default)
2019-11-15 00:02:07,930 [main] INFO  server.GrpcService (ConfUtils.java:logGet(43)) - raft.grpc.message.size.max = 33570816 (custom)
2019-11-15 00:02:07,930 [main] INFO  server.RaftServerConfigKeys (ConfUtils.java:logGet(43)) - raft.server.log.appender.buffer.byte-limit = 33554432 (custom)
2019-11-15 00:02:07,930 [main] INFO  server.GrpcService (ConfUtils.java:logGet(43)) - raft.grpc.flow.control.window = 1MB (=1048576) (default)
2019-11-15 00:02:07,931 [main] INFO  server.RaftServerConfigKeys (ConfUtils.java:logGet(43)) - raft.server.rpc.request.timeout = 3000ms (default)
2019-11-15 00:02:07,931 [main] INFO  server.RaftServerConfigKeys (ConfUtils.java:logGet(43)) - raft.server.storage.dir = [/workdir/hadoop-ozone/tools/target/test-dir/MiniOzoneClusterImpl-4278b380-cafa-4f61-b9e1-9cfd23694989/datanode-2/data/ratis] (custom)
2019-11-15 00:02:07,933 [main] INFO  hdfs.DFSUtil (DFSUtil.java:httpServerTemplateForNNAndJN(1641)) - Starting Web-server for hddsDatanode at: http://0.0.0.0:0
2019-11-15 00:02:07,935 [main] INFO  server.AuthenticationFilter (AuthenticationFilter.java:constructSecretProvider(240)) - Unable to initialize FileSignerSecretProvider, falling back to use random secrets.
2019-11-15 00:02:07,936 [main] WARN  http.HttpRequestLog (HttpRequestLog.java:getRequestLog(97)) - Jetty request log can only be enabled using Log4j
2019-11-15 00:02:07,938 [main] INFO  http.HttpServer2 (HttpServer2.java:addGlobalFilter(975)) - Added global filter 'safety' (class=org.apache.hadoop.http.HttpServer2$QuotingInputFilter)
2019-11-15 00:02:07,939 [main] INFO  http.HttpServer2 (HttpServer2.java:addFilter(948)) - Added filter static_user_filter (class=org.apache.hadoop.http.lib.StaticUserWebFilter$StaticUserFilter) to context hddsDatanode
2019-11-15 00:02:07,939 [main] INFO  http.HttpServer2 (HttpServer2.java:addFilter(958)) - Added filter static_user_filter (class=org.apache.hadoop.http.lib.StaticUserWebFilter$StaticUserFilter) to context logs
2019-11-15 00:02:07,940 [main] INFO  http.HttpServer2 (HttpServer2.java:addFilter(958)) - Added filter static_user_filter (class=org.apache.hadoop.http.lib.StaticUserWebFilter$StaticUserFilter) to context static
2019-11-15 00:02:07,941 [main] INFO  http.HttpServer2 (HttpServer2.java:bindListener(1191)) - Jetty bound to port 36813
2019-11-15 00:02:07,941 [main] INFO  server.Server (Server.java:doStart(351)) - jetty-9.3.25.v20180904, build timestamp: 2018-09-04T21:11:46Z, git hash: 3ce520221d0240229c862b122d2b06c12a625732
2019-11-15 00:02:07,944 [main] INFO  handler.ContextHandler (ContextHandler.java:doStart(781)) - Started o.e.j.s.ServletContextHandler@21bd20ee{/logs,file:///workdir/hadoop-ozone/tools/target/log,AVAILABLE}
2019-11-15 00:02:07,945 [main] INFO  handler.ContextHandler (ContextHandler.java:doStart(781)) - Started o.e.j.s.ServletContextHandler@421056e5{/static,jar:file:/home/user/.m2/repository/org/apache/hadoop/hadoop-hdds-container-service/0.5.0-SNAPSHOT/hadoop-hdds-container-service-0.5.0-SNAPSHOT.jar!/webapps/static,AVAILABLE}
2019-11-15 00:02:07,991 [main] INFO  handler.ContextHandler (ContextHandler.java:doStart(781)) - Started o.e.j.w.WebAppContext@3804a9a8{/,file:///tmp/jetty-0.0.0.0-36813-hddsDatanode-_-any-3198360998303959659.dir/webapp/,AVAILABLE}{/hddsDatanode}
2019-11-15 00:02:07,992 [main] INFO  server.AbstractConnector (AbstractConnector.java:doStart(278)) - Started ServerConnector@117525fe{HTTP/1.1,[http/1.1]}{0.0.0.0:36813}
2019-11-15 00:02:07,993 [main] INFO  server.Server (Server.java:doStart(419)) - Started @5573ms
2019-11-15 00:02:07,993 [main] WARN  impl.MetricsSystemImpl (MetricsSystemImpl.java:register(276)) - Sink prometheus already exists!
2019-11-15 00:02:07,995 [main] INFO  server.BaseHttpServer (BaseHttpServer.java:updateConnectorAddress(215)) - HTTP server of HDDSDATANODE is listening at http://0.0.0.0:36813
2019-11-15 00:02:07,997 [main] INFO  ozone.MiniOzoneClusterImpl (MiniOzoneClusterImpl.java:lambda$waitForClusterToBeReady$2(171)) - Waiting for cluster to be ready. Got 0 of 3 DN Heartbeats.
2019-11-15 00:02:07,998 [org.apache.hadoop.util.JvmPauseMonitor$Monitor@6b808929] INFO  util.JvmPauseMonitor (JvmPauseMonitor.java:run(188)) - Starting JVM pause monitor
2019-11-15 00:02:08,003 [Datanode State Machine Thread - 0] INFO  datanode.InitDatanodeState (InitDatanodeState.java:persistContainerDatanodeDetails(140)) - DatanodeDetails is persisted to /workdir/hadoop-ozone/tools/target/test-dir/MiniOzoneClusterImpl-4278b380-cafa-4f61-b9e1-9cfd23694989/datanode-2/meta/datanode.id
2019-11-15 00:02:08,998 [main] INFO  ozone.MiniOzoneClusterImpl (MiniOzoneClusterImpl.java:lambda$waitForClusterToBeReady$2(171)) - Waiting for cluster to be ready. Got 0 of 3 DN Heartbeats.
2019-11-15 00:02:09,900 [Datanode State Machine Thread - 0] INFO  ozoneimpl.OzoneContainer (OzoneContainer.java:start(230)) - Attempting to start container services.
2019-11-15 00:02:09,903 [Datanode State Machine Thread - 0] INFO  ozoneimpl.OzoneContainer (OzoneContainer.java:startContainerScrub(194)) - Background container scanner has been disabled.
2019-11-15 00:02:09,904 [Datanode State Machine Thread - 0] INFO  ratis.XceiverServerRatis (XceiverServerRatis.java:start(421)) - Starting XceiverServerRatis 99c42c99-9c2b-4147-b956-0f624c47c191 at port 0
2019-11-15 00:02:09,938 [Datanode State Machine Thread - 0] INFO  impl.RaftServerProxy (RaftServerProxy.java:lambda$start$3(299)) - 99c42c99-9c2b-4147-b956-0f624c47c191: start RPC server
2019-11-15 00:02:09,948 [Datanode State Machine Thread - 0] INFO  ozoneimpl.OzoneContainer (OzoneContainer.java:start(230)) - Attempting to start container services.
2019-11-15 00:02:09,952 [Datanode State Machine Thread - 0] INFO  ozoneimpl.OzoneContainer (OzoneContainer.java:startContainerScrub(194)) - Background container scanner has been disabled.
2019-11-15 00:02:09,953 [Datanode State Machine Thread - 0] INFO  ratis.XceiverServerRatis (XceiverServerRatis.java:start(421)) - Starting XceiverServerRatis d509097d-f1c2-40ef-9226-542c3559615a at port 0
2019-11-15 00:02:09,962 [Datanode State Machine Thread - 0] INFO  impl.RaftServerProxy (RaftServerProxy.java:lambda$start$3(299)) - d509097d-f1c2-40ef-9226-542c3559615a: start RPC server
2019-11-15 00:02:09,998 [main] INFO  ozone.MiniOzoneClusterImpl (MiniOzoneClusterImpl.java:lambda$waitForClusterToBeReady$2(171)) - Waiting for cluster to be ready. Got 0 of 3 DN Heartbeats.
2019-11-15 00:02:10,031 [Datanode State Machine Thread - 0] INFO  ozoneimpl.OzoneContainer (OzoneContainer.java:start(230)) - Attempting to start container services.
2019-11-15 00:02:10,033 [Datanode State Machine Thread - 0] INFO  ozoneimpl.OzoneContainer (OzoneContainer.java:startContainerScrub(194)) - Background container scanner has been disabled.
2019-11-15 00:02:10,033 [Datanode State Machine Thread - 0] INFO  ratis.XceiverServerRatis (XceiverServerRatis.java:start(421)) - Starting XceiverServerRatis e2c23766-0faa-4434-a540-c75b6ecba95b at port 0
2019-11-15 00:02:10,043 [Datanode State Machine Thread - 0] INFO  impl.RaftServerProxy (RaftServerProxy.java:lambda$start$3(299)) - e2c23766-0faa-4434-a540-c75b6ecba95b: start RPC server
2019-11-15 00:02:10,078 [Datanode State Machine Thread - 0] INFO  server.GrpcService (GrpcService.java:startImpl(158)) - 99c42c99-9c2b-4147-b956-0f624c47c191: GrpcService started, listening on 0.0.0.0/0.0.0.0:46829
2019-11-15 00:02:10,078 [Datanode State Machine Thread - 0] INFO  server.GrpcService (GrpcService.java:startImpl(158)) - d509097d-f1c2-40ef-9226-542c3559615a: GrpcService started, listening on 0.0.0.0/0.0.0.0:34122
2019-11-15 00:02:10,078 [Datanode State Machine Thread - 0] INFO  server.GrpcService (GrpcService.java:startImpl(158)) - e2c23766-0faa-4434-a540-c75b6ecba95b: GrpcService started, listening on 0.0.0.0/0.0.0.0:35412
2019-11-15 00:02:10,078 [Datanode State Machine Thread - 0] INFO  ratis.XceiverServerRatis (XceiverServerRatis.java:start(431)) - XceiverServerRatis d509097d-f1c2-40ef-9226-542c3559615a is started using port 34122
2019-11-15 00:02:10,078 [Datanode State Machine Thread - 0] INFO  ratis.XceiverServerRatis (XceiverServerRatis.java:start(431)) - XceiverServerRatis 99c42c99-9c2b-4147-b956-0f624c47c191 is started using port 46829
2019-11-15 00:02:10,079 [Datanode State Machine Thread - 0] INFO  ratis.XceiverServerRatis (XceiverServerRatis.java:start(431)) - XceiverServerRatis e2c23766-0faa-4434-a540-c75b6ecba95b is started using port 35412
2019-11-15 00:02:10,083 [Datanode State Machine Thread - 0] INFO  server.XceiverServerGrpc (XceiverServerGrpc.java:start(145)) - XceiverServerGrpc d509097d-f1c2-40ef-9226-542c3559615a is started using port 43143
2019-11-15 00:02:10,083 [Datanode State Machine Thread - 0] INFO  server.XceiverServerGrpc (XceiverServerGrpc.java:start(145)) - XceiverServerGrpc e2c23766-0faa-4434-a540-c75b6ecba95b is started using port 45927
2019-11-15 00:02:10,083 [Datanode State Machine Thread - 0] INFO  server.XceiverServerGrpc (XceiverServerGrpc.java:start(145)) - XceiverServerGrpc 99c42c99-9c2b-4147-b956-0f624c47c191 is started using port 34930
2019-11-15 00:02:10,999 [main] INFO  ozone.MiniOzoneClusterImpl (MiniOzoneClusterImpl.java:lambda$waitForClusterToBeReady$2(171)) - Waiting for cluster to be ready. Got 0 of 3 DN Heartbeats.
2019-11-15 00:02:11,844 [IPC Server handler 0 on 34138] INFO  net.NetworkTopology (NetworkTopologyImpl.java:add(111)) - Added a new node: /default-rack/99c42c99-9c2b-4147-b956-0f624c47c191
2019-11-15 00:02:11,845 [IPC Server handler 0 on 34138] INFO  node.SCMNodeManager (SCMNodeManager.java:register(267)) - Registered Data node : 99c42c99-9c2b-4147-b956-0f624c47c191{ip: 192.168.69.65, host: pr-mpuissue-pdzcc-455137112, networkLocation: /default-rack, certSerialId: null}
2019-11-15 00:02:11,848 [EventQueue-NodeRegistrationContainerReportForDataNodeSafeModeRule] INFO  safemode.SCMSafeModeManager (DataNodeSafeModeRule.java:process(71)) - SCM in safe mode. 1 DataNodes registered, 1 required.
2019-11-15 00:02:11,848 [EventQueue-NodeRegistrationContainerReportForDataNodeSafeModeRule] INFO  safemode.SCMSafeModeManager (SCMSafeModeManager.java:validateSafeModeExitRules(177)) - ScmSafeModeManager, all rules are successfully validated
2019-11-15 00:02:11,848 [EventQueue-NodeRegistrationContainerReportForDataNodeSafeModeRule] INFO  safemode.SCMSafeModeManager (SCMSafeModeManager.java:exitSafeMode(193)) - SCM exiting safe mode.
2019-11-15 00:02:11,913 [IPC Server handler 3 on 34138] INFO  net.NetworkTopology (NetworkTopologyImpl.java:add(111)) - Added a new node: /default-rack/d509097d-f1c2-40ef-9226-542c3559615a
2019-11-15 00:02:11,914 [IPC Server handler 3 on 34138] INFO  node.SCMNodeManager (SCMNodeManager.java:register(267)) - Registered Data node : d509097d-f1c2-40ef-9226-542c3559615a{ip: 192.168.69.65, host: pr-mpuissue-pdzcc-455137112, networkLocation: /default-rack, certSerialId: null}
2019-11-15 00:02:12,003 [IPC Server handler 2 on 34138] INFO  net.NetworkTopology (NetworkTopologyImpl.java:add(111)) - Added a new node: /default-rack/e2c23766-0faa-4434-a540-c75b6ecba95b
2019-11-15 00:02:12,003 [IPC Server handler 2 on 34138] INFO  node.SCMNodeManager (SCMNodeManager.java:register(267)) - Registered Data node : e2c23766-0faa-4434-a540-c75b6ecba95b{ip: 192.168.69.65, host: pr-mpuissue-pdzcc-455137112, networkLocation: /default-rack, certSerialId: null}
2019-11-15 00:02:12,361 [grpc-default-executor-0] INFO  impl.RaftServerProxy (RaftServerProxy.java:addNew(89)) - 99c42c99-9c2b-4147-b956-0f624c47c191: addNew group-31F15FBFED53:[99c42c99-9c2b-4147-b956-0f624c47c191:192.168.69.65:46829] returns group-31F15FBFED53:java.util.concurrent.CompletableFuture@6ee8660c[Not completed]
2019-11-15 00:02:12,374 [pool-27-thread-1] INFO  impl.RaftServerImpl (RaftServerImpl.java:<init>(98)) - 99c42c99-9c2b-4147-b956-0f624c47c191: new RaftServerImpl for group-31F15FBFED53:[99c42c99-9c2b-4147-b956-0f624c47c191:192.168.69.65:46829] with ContainerStateMachine:uninitialized
2019-11-15 00:02:12,377 [pool-27-thread-1] INFO  server.RaftServerConfigKeys (ConfUtils.java:logGet(43)) - raft.server.rpc.timeout.min = 5s (custom)
2019-11-15 00:02:12,378 [pool-27-thread-1] INFO  server.RaftServerConfigKeys (ConfUtils.java:logGet(43)) - raft.server.rpc.timeout.max = 5200ms (custom)
2019-11-15 00:02:12,378 [pool-27-thread-1] INFO  server.RaftServerConfigKeys (ConfUtils.java:logGet(43)) - raft.server.rpcslowness.timeout = 120s (custom)
2019-11-15 00:02:12,378 [pool-27-thread-1] INFO  server.RaftServerConfigKeys (ConfUtils.java:logGet(43)) - raft.server.sleep.deviation.threshold = 300 (default)
2019-11-15 00:02:12,379 [pool-27-thread-1] INFO  server.RaftServerConfigKeys (ConfUtils.java:logGet(43)) - raft.server.log.appender.install.snapshot.enabled = false (custom)
2019-11-15 00:02:12,387 [pool-27-thread-1] INFO  impl.RaftServerImpl (ServerState.java:<init>(103)) - 99c42c99-9c2b-4147-b956-0f624c47c191@group-31F15FBFED53: ConfigurationManager, init=-1: [99c42c99-9c2b-4147-b956-0f624c47c191:192.168.69.65:46829], old=null, confs=<EMPTY_MAP>
2019-11-15 00:02:12,388 [pool-27-thread-1] INFO  server.RaftServerConfigKeys (ConfUtils.java:logGet(43)) - raft.server.storage.dir = [/workdir/hadoop-ozone/tools/target/test-dir/MiniOzoneClusterImpl-4278b380-cafa-4f61-b9e1-9cfd23694989/datanode-0/data/ratis] (custom)
2019-11-15 00:02:12,394 [pool-27-thread-1] INFO  server.RaftServerConfigKeys (ConfUtils.java:logGet(43)) - raft.server.log.corruption.policy = EXCEPTION (default)
2019-11-15 00:02:12,396 [pool-27-thread-1] INFO  storage.RaftStorageDirectory (RaftStorageDirectory.java:analyzeStorage(246)) - The storage directory /workdir/hadoop-ozone/tools/target/test-dir/MiniOzoneClusterImpl-4278b380-cafa-4f61-b9e1-9cfd23694989/datanode-0/data/ratis/91025657-36f5-49ae-9744-31f15fbfed53 does not exist. Creating ...
2019-11-15 00:02:12,425 [pool-27-thread-1] INFO  storage.RaftStorageDirectory (RaftStorageDirectory.java:tryLock(328)) - Lock on /workdir/hadoop-ozone/tools/target/test-dir/MiniOzoneClusterImpl-4278b380-cafa-4f61-b9e1-9cfd23694989/datanode-0/data/ratis/91025657-36f5-49ae-9744-31f15fbfed53/in_use.lock acquired by nodename 9342@pr-mpuissue-pdzcc-455137112
2019-11-15 00:02:12,465 [pool-27-thread-1] INFO  storage.RaftStorage (RaftStorage.java:format(84)) - Storage directory /workdir/hadoop-ozone/tools/target/test-dir/MiniOzoneClusterImpl-4278b380-cafa-4f61-b9e1-9cfd23694989/datanode-0/data/ratis/91025657-36f5-49ae-9744-31f15fbfed53 has been successfully formatted.
2019-11-15 00:02:12,468 [pool-27-thread-1] INFO  ratis.ContainerStateMachine (ContainerStateMachine.java:loadSnapshot(223)) - group-31F15FBFED53: The snapshot info is null. Setting the last applied indexto:(t:0, i:~)
2019-11-15 00:02:12,468 [pool-27-thread-1] INFO  server.RaftServerConfigKeys (ConfUtils.java:logGet(43)) - raft.server.notification.no-leader.timeout = 120s (custom)
2019-11-15 00:02:12,470 [pool-27-thread-1] INFO  server.RaftServerConfigKeys (ConfUtils.java:logGet(43)) - raft.server.log.use.memory = false (default)
2019-11-15 00:02:12,474 [pool-27-thread-1] INFO  server.RaftServerConfigKeys (ConfUtils.java:logGet(43)) - raft.server.log.purge.gap = 1000000 (custom)
2019-11-15 00:02:12,475 [pool-27-thread-1] INFO  server.RaftServerConfigKeys (ConfUtils.java:logGet(43)) - raft.server.log.appender.buffer.byte-limit = 33554432 (custom)
2019-11-15 00:02:12,476 [pool-27-thread-1] INFO  server.RaftServerConfigKeys (ConfUtils.java:logGet(43)) - raft.server.log.segment.size.max = 1048576 (custom)
2019-11-15 00:02:12,481 [pool-27-thread-1] INFO  metrics.MetricRegistries (MetricRegistriesLoader.java:load(64)) - Loaded MetricRegistries class org.apache.ratis.metrics.impl.MetricRegistriesImpl
2019-11-15 00:02:12,484 [pool-27-thread-1] WARN  impl.MetricRegistriesImpl (MetricRegistriesImpl.java:lambda$create$1(61)) - First MetricRegistry has been created without registering reporters. You may need to call MetricRegistries.global().addReportRegistration(...) before.
2019-11-15 00:02:12,489 [pool-27-thread-1] INFO  server.RaftServerConfigKeys (ConfUtils.java:logGet(43)) - raft.server.log.segment.cache.num.max = 2 (custom)
2019-11-15 00:02:12,494 [pool-27-thread-1] INFO  segmented.SegmentedRaftLogWorker (SegmentedRaftLogWorker.java:<init>(173)) - new 99c42c99-9c2b-4147-b956-0f624c47c191@group-31F15FBFED53-SegmentedRaftLogWorker for RaftStorage:Storage Directory /workdir/hadoop-ozone/tools/target/test-dir/MiniOzoneClusterImpl-4278b380-cafa-4f61-b9e1-9cfd23694989/datanode-0/data/ratis/91025657-36f5-49ae-9744-31f15fbfed53
2019-11-15 00:02:12,494 [pool-27-thread-1] INFO  server.RaftServerConfigKeys (ConfUtils.java:logGet(43)) - raft.server.log.queue.byte-limit = 2147483647 (custom)
2019-11-15 00:02:12,495 [pool-27-thread-1] INFO  server.RaftServerConfigKeys (ConfUtils.java:logGet(43)) - raft.server.log.queue.element-limit = 1024 (custom)
2019-11-15 00:02:12,496 [pool-27-thread-1] INFO  server.RaftServerConfigKeys (ConfUtils.java:logGet(43)) - raft.server.log.segment.size.max = 1048576 (custom)
2019-11-15 00:02:12,496 [pool-27-thread-1] INFO  server.RaftServerConfigKeys (ConfUtils.java:logGet(43)) - raft.server.log.preallocated.size = 16384 (custom)
2019-11-15 00:02:12,497 [pool-27-thread-1] INFO  server.RaftServerConfigKeys (ConfUtils.java:logGet(43)) - raft.server.log.write.buffer.size = 33554432 (custom)
2019-11-15 00:02:12,497 [pool-27-thread-1] INFO  server.RaftServerConfigKeys (ConfUtils.java:logGet(43)) - raft.server.log.force.sync.num = 128 (default)
2019-11-15 00:02:12,498 [pool-27-thread-1] INFO  server.RaftServerConfigKeys (ConfUtils.java:logGet(43)) - raft.server.log.statemachine.data.sync = true (default)
2019-11-15 00:02:12,498 [pool-27-thread-1] INFO  server.RaftServerConfigKeys (ConfUtils.java:logGet(43)) - raft.server.log.statemachine.data.sync.timeout = 10s (default)
2019-11-15 00:02:12,499 [pool-27-thread-1] INFO  server.RaftServerConfigKeys (ConfUtils.java:logGet(43)) - raft.server.log.statemachine.data.sync.timeout.retry = -1 (default)
2019-11-15 00:02:12,510 [pool-27-thread-1] INFO  server.RaftServerConfigKeys (ConfUtils.java:logGet(43)) - raft.server.log.statemachine.data.caching.enabled = true (custom)
2019-11-15 00:02:12,514 [pool-27-thread-1] INFO  segmented.SegmentedRaftLogWorker (SegmentedRaftLogWorker.java:lambda$new$0(128)) - 99c42c99-9c2b-4147-b956-0f624c47c191@group-31F15FBFED53-SegmentedRaftLogWorker: flushIndex: setUnconditionally 0 -> -1
2019-11-15 00:02:12,518 [pool-27-thread-1] INFO  server.RaftServerConfigKeys (ConfUtils.java:logGet(43)) - raft.server.snapshot.auto.trigger.enabled = true (custom)
2019-11-15 00:02:12,519 [pool-27-thread-1] INFO  server.RaftServerConfigKeys (ConfUtils.java:logGet(43)) - raft.server.snapshot.auto.trigger.threshold = 10000 (custom)
2019-11-15 00:02:12,519 [pool-27-thread-1] INFO  server.RaftServerConfigKeys (ConfUtils.java:logGet(43)) - raft.server.snapshot.retention.file.num = 5 (custom)
2019-11-15 00:02:12,520 [pool-27-thread-1] INFO  server.RaftServerConfigKeys (ConfUtils.java:logGet(43)) - raft.server.retrycache.expirytime = 600000ms (custom)
2019-11-15 00:02:12,540 [pool-27-thread-1] WARN  impl.MetricRegistriesImpl (MetricRegistriesImpl.java:lambda$create$1(61)) - First MetricRegistry has been created without registering reporters. You may need to call MetricRegistries.global().addReportRegistration(...) before.
2019-11-15 00:02:12,542 [pool-27-thread-1] WARN  impl.MetricRegistriesImpl (MetricRegistriesImpl.java:lambda$create$1(61)) - First MetricRegistry has been created without registering reporters. You may need to call MetricRegistries.global().addReportRegistration(...) before.
2019-11-15 00:02:12,544 [pool-27-thread-1] INFO  impl.RaftServerImpl (RaftServerImpl.java:start(184)) - 99c42c99-9c2b-4147-b956-0f624c47c191@group-31F15FBFED53: start as a follower, conf=-1: [99c42c99-9c2b-4147-b956-0f624c47c191:192.168.69.65:46829], old=null
2019-11-15 00:02:12,545 [pool-27-thread-1] INFO  impl.RaftServerImpl (RaftServerImpl.java:setRole(173)) - 99c42c99-9c2b-4147-b956-0f624c47c191@group-31F15FBFED53: changes role from      null to FOLLOWER at term 0 for startAsFollower
2019-11-15 00:02:12,546 [pool-27-thread-1] INFO  impl.RoleInfo (RoleInfo.java:updateAndGet(143)) - 99c42c99-9c2b-4147-b956-0f624c47c191: start FollowerState
2019-11-15 00:02:12,548 [pool-27-thread-1] INFO  util.JmxRegister (JmxRegister.java:tryRegister(44)) - Successfully registered JMX Bean with object name Ratis:service=RaftServer,group=group-31F15FBFED53,id=99c42c99-9c2b-4147-b956-0f624c47c191
2019-11-15 00:02:12,549 [pool-27-thread-1] WARN  impl.MetricRegistriesImpl (MetricRegistriesImpl.java:lambda$create$1(61)) - First MetricRegistry has been created without registering reporters. You may need to call MetricRegistries.global().addReportRegistration(...) before.
2019-11-15 00:02:12,603 [RatisPipelineUtilsThread] INFO  pipeline.PipelineStateManager (PipelineStateManager.java:addPipeline(55)) - Created pipeline Pipeline[ Id: 91025657-36f5-49ae-9744-31f15fbfed53, Nodes: 99c42c99-9c2b-4147-b956-0f624c47c191{ip: 192.168.69.65, host: pr-mpuissue-pdzcc-455137112, networkLocation: /default-rack, certSerialId: null}, Type:RATIS, Factor:ONE, State:ALLOCATED]
2019-11-15 00:02:12,619 [grpc-default-executor-0] INFO  impl.RaftServerProxy (RaftServerProxy.java:addNew(89)) - d509097d-f1c2-40ef-9226-542c3559615a: addNew group-FB791A0D0B00:[d509097d-f1c2-40ef-9226-542c3559615a:192.168.69.65:34122] returns group-FB791A0D0B00:java.util.concurrent.CompletableFuture@3c1e67ee[Not completed]
2019-11-15 00:02:12,639 [pool-37-thread-1] INFO  impl.RaftServerImpl (RaftServerImpl.java:<init>(98)) - d509097d-f1c2-40ef-9226-542c3559615a: new RaftServerImpl for group-FB791A0D0B00:[d509097d-f1c2-40ef-9226-542c3559615a:192.168.69.65:34122] with ContainerStateMachine:uninitialized
2019-11-15 00:02:12,640 [pool-37-thread-1] INFO  server.RaftServerConfigKeys (ConfUtils.java:logGet(43)) - raft.server.rpc.timeout.min = 5s (custom)
2019-11-15 00:02:12,641 [pool-37-thread-1] INFO  server.RaftServerConfigKeys (ConfUtils.java:logGet(43)) - raft.server.rpc.timeout.max = 5200ms (custom)
2019-11-15 00:02:12,641 [pool-37-thread-1] INFO  server.RaftServerConfigKeys (ConfUtils.java:logGet(43)) - raft.server.rpcslowness.timeout = 120s (custom)
2019-11-15 00:02:12,641 [pool-37-thread-1] INFO  server.RaftServerConfigKeys (ConfUtils.java:logGet(43)) - raft.server.sleep.deviation.threshold = 300 (default)
2019-11-15 00:02:12,641 [pool-37-thread-1] INFO  server.RaftServerConfigKeys (ConfUtils.java:logGet(43)) - raft.server.log.appender.install.snapshot.enabled = false (custom)
2019-11-15 00:02:12,641 [pool-37-thread-1] INFO  impl.RaftServerImpl (ServerState.java:<init>(103)) - d509097d-f1c2-40ef-9226-542c3559615a@group-FB791A0D0B00: ConfigurationManager, init=-1: [d509097d-f1c2-40ef-9226-542c3559615a:192.168.69.65:34122], old=null, confs=<EMPTY_MAP>
2019-11-15 00:02:12,642 [pool-37-thread-1] INFO  server.RaftServerConfigKeys (ConfUtils.java:logGet(43)) - raft.server.storage.dir = [/workdir/hadoop-ozone/tools/target/test-dir/MiniOzoneClusterImpl-4278b380-cafa-4f61-b9e1-9cfd23694989/datanode-1/data/ratis] (custom)
2019-11-15 00:02:12,642 [pool-37-thread-1] INFO  server.RaftServerConfigKeys (ConfUtils.java:logGet(43)) - raft.server.log.corruption.policy = EXCEPTION (default)
2019-11-15 00:02:12,643 [pool-37-thread-1] INFO  storage.RaftStorageDirectory (RaftStorageDirectory.java:analyzeStorage(246)) - The storage directory /workdir/hadoop-ozone/tools/target/test-dir/MiniOzoneClusterImpl-4278b380-cafa-4f61-b9e1-9cfd23694989/datanode-1/data/ratis/3108e518-02fb-4c1a-8ebe-fb791a0d0b00 does not exist. Creating ...
2019-11-15 00:02:12,668 [pool-37-thread-1] INFO  storage.RaftStorageDirectory (RaftStorageDirectory.java:tryLock(328)) - Lock on /workdir/hadoop-ozone/tools/target/test-dir/MiniOzoneClusterImpl-4278b380-cafa-4f61-b9e1-9cfd23694989/datanode-1/data/ratis/3108e518-02fb-4c1a-8ebe-fb791a0d0b00/in_use.lock acquired by nodename 9342@pr-mpuissue-pdzcc-455137112
2019-11-15 00:02:12,694 [pool-37-thread-1] INFO  storage.RaftStorage (RaftStorage.java:format(84)) - Storage directory /workdir/hadoop-ozone/tools/target/test-dir/MiniOzoneClusterImpl-4278b380-cafa-4f61-b9e1-9cfd23694989/datanode-1/data/ratis/3108e518-02fb-4c1a-8ebe-fb791a0d0b00 has been successfully formatted.
2019-11-15 00:02:12,696 [pool-37-thread-1] INFO  ratis.ContainerStateMachine (ContainerStateMachine.java:loadSnapshot(223)) - group-FB791A0D0B00: The snapshot info is null. Setting the last applied indexto:(t:0, i:~)
2019-11-15 00:02:12,697 [pool-37-thread-1] INFO  server.RaftServerConfigKeys (ConfUtils.java:logGet(43)) - raft.server.notification.no-leader.timeout = 120s (custom)
2019-11-15 00:02:12,697 [pool-37-thread-1] INFO  server.RaftServerConfigKeys (ConfUtils.java:logGet(43)) - raft.server.log.use.memory = false (default)
2019-11-15 00:02:12,697 [pool-37-thread-1] INFO  server.RaftServerConfigKeys (ConfUtils.java:logGet(43)) - raft.server.log.purge.gap = 1000000 (custom)
2019-11-15 00:02:12,697 [pool-37-thread-1] INFO  server.RaftServerConfigKeys (ConfUtils.java:logGet(43)) - raft.server.log.appender.buffer.byte-limit = 33554432 (custom)
2019-11-15 00:02:12,697 [pool-37-thread-1] INFO  server.RaftServerConfigKeys (ConfUtils.java:logGet(43)) - raft.server.log.segment.size.max = 1048576 (custom)
2019-11-15 00:02:12,698 [pool-37-thread-1] WARN  impl.MetricRegistriesImpl (MetricRegistriesImpl.java:lambda$create$1(61)) - First MetricRegistry has been created without registering reporters. You may need to call MetricRegistries.global().addReportRegistration(...) before.
2019-11-15 00:02:12,698 [pool-37-thread-1] INFO  server.RaftServerConfigKeys (ConfUtils.java:logGet(43)) - raft.server.log.segment.cache.num.max = 2 (custom)
2019-11-15 00:02:12,698 [pool-37-thread-1] INFO  segmented.SegmentedRaftLogWorker (SegmentedRaftLogWorker.java:<init>(173)) - new d509097d-f1c2-40ef-9226-542c3559615a@group-FB791A0D0B00-SegmentedRaftLogWorker for RaftStorage:Storage Directory /workdir/hadoop-ozone/tools/target/test-dir/MiniOzoneClusterImpl-4278b380-cafa-4f61-b9e1-9cfd23694989/datanode-1/data/ratis/3108e518-02fb-4c1a-8ebe-fb791a0d0b00
2019-11-15 00:02:12,699 [pool-37-thread-1] INFO  server.RaftServerConfigKeys (ConfUtils.java:logGet(43)) - raft.server.log.queue.byte-limit = 2147483647 (custom)
2019-11-15 00:02:12,699 [pool-37-thread-1] INFO  server.RaftServerConfigKeys (ConfUtils.java:logGet(43)) - raft.server.log.queue.element-limit = 1024 (custom)
2019-11-15 00:02:12,700 [pool-37-thread-1] INFO  server.RaftServerConfigKeys (ConfUtils.java:logGet(43)) - raft.server.log.segment.size.max = 1048576 (custom)
2019-11-15 00:02:12,700 [pool-37-thread-1] INFO  server.RaftServerConfigKeys (ConfUtils.java:logGet(43)) - raft.server.log.preallocated.size = 16384 (custom)
2019-11-15 00:02:12,700 [pool-37-thread-1] INFO  server.RaftServerConfigKeys (ConfUtils.java:logGet(43)) - raft.server.log.write.buffer.size = 33554432 (custom)
2019-11-15 00:02:12,700 [pool-37-thread-1] INFO  server.RaftServerConfigKeys (ConfUtils.java:logGet(43)) - raft.server.log.force.sync.num = 128 (default)
2019-11-15 00:02:12,700 [pool-37-thread-1] INFO  server.RaftServerConfigKeys (ConfUtils.java:logGet(43)) - raft.server.log.statemachine.data.sync = true (default)
2019-11-15 00:02:12,700 [pool-37-thread-1] INFO  server.RaftServerConfigKeys (ConfUtils.java:logGet(43)) - raft.server.log.statemachine.data.sync.timeout = 10s (default)
2019-11-15 00:02:12,701 [pool-37-thread-1] INFO  server.RaftServerConfigKeys (ConfUtils.java:logGet(43)) - raft.server.log.statemachine.data.sync.timeout.retry = -1 (default)
2019-11-15 00:02:12,701 [pool-37-thread-1] INFO  server.RaftServerConfigKeys (ConfUtils.java:logGet(43)) - raft.server.log.statemachine.data.caching.enabled = true (custom)
2019-11-15 00:02:12,703 [pool-37-thread-1] INFO  segmented.SegmentedRaftLogWorker (SegmentedRaftLogWorker.java:lambda$new$0(128)) - d509097d-f1c2-40ef-9226-542c3559615a@group-FB791A0D0B00-SegmentedRaftLogWorker: flushIndex: setUnconditionally 0 -> -1
2019-11-15 00:02:12,703 [pool-37-thread-1] INFO  server.RaftServerConfigKeys (ConfUtils.java:logGet(43)) - raft.server.snapshot.auto.trigger.enabled = true (custom)
2019-11-15 00:02:12,704 [pool-37-thread-1] INFO  server.RaftServerConfigKeys (ConfUtils.java:logGet(43)) - raft.server.snapshot.auto.trigger.threshold = 10000 (custom)
2019-11-15 00:02:12,704 [pool-37-thread-1] INFO  server.RaftServerConfigKeys (ConfUtils.java:logGet(43)) - raft.server.snapshot.retention.file.num = 5 (custom)
2019-11-15 00:02:12,704 [pool-37-thread-1] INFO  server.RaftServerConfigKeys (ConfUtils.java:logGet(43)) - raft.server.retrycache.expirytime = 600000ms (custom)
2019-11-15 00:02:12,705 [pool-37-thread-1] WARN  impl.MetricRegistriesImpl (MetricRegistriesImpl.java:lambda$create$1(61)) - First MetricRegistry has been created without registering reporters. You may need to call MetricRegistries.global().addReportRegistration(...) before.
2019-11-15 00:02:12,705 [pool-37-thread-1] WARN  impl.MetricRegistriesImpl (MetricRegistriesImpl.java:lambda$create$1(61)) - First MetricRegistry has been created without registering reporters. You may need to call MetricRegistries.global().addReportRegistration(...) before.
2019-11-15 00:02:12,705 [pool-37-thread-1] INFO  impl.RaftServerImpl (RaftServerImpl.java:start(184)) - d509097d-f1c2-40ef-9226-542c3559615a@group-FB791A0D0B00: start as a follower, conf=-1: [d509097d-f1c2-40ef-9226-542c3559615a:192.168.69.65:34122], old=null
2019-11-15 00:02:12,705 [pool-37-thread-1] INFO  impl.RaftServerImpl (RaftServerImpl.java:setRole(173)) - d509097d-f1c2-40ef-9226-542c3559615a@group-FB791A0D0B00: changes role from      null to FOLLOWER at term 0 for startAsFollower
2019-11-15 00:02:12,706 [pool-37-thread-1] INFO  impl.RoleInfo (RoleInfo.java:updateAndGet(143)) - d509097d-f1c2-40ef-9226-542c3559615a: start FollowerState
2019-11-15 00:02:12,707 [pool-37-thread-1] INFO  util.JmxRegister (JmxRegister.java:tryRegister(44)) - Successfully registered JMX Bean with object name Ratis:service=RaftServer,group=group-FB791A0D0B00,id=d509097d-f1c2-40ef-9226-542c3559615a
2019-11-15 00:02:12,707 [pool-37-thread-1] WARN  impl.MetricRegistriesImpl (MetricRegistriesImpl.java:lambda$create$1(61)) - First MetricRegistry has been created without registering reporters. You may need to call MetricRegistries.global().addReportRegistration(...) before.
2019-11-15 00:02:12,719 [RatisPipelineUtilsThread] INFO  pipeline.PipelineStateManager (PipelineStateManager.java:addPipeline(55)) - Created pipeline Pipeline[ Id: 3108e518-02fb-4c1a-8ebe-fb791a0d0b00, Nodes: d509097d-f1c2-40ef-9226-542c3559615a{ip: 192.168.69.65, host: pr-mpuissue-pdzcc-455137112, networkLocation: /default-rack, certSerialId: null}, Type:RATIS, Factor:ONE, State:ALLOCATED]
2019-11-15 00:02:12,736 [grpc-default-executor-0] INFO  impl.RaftServerProxy (RaftServerProxy.java:addNew(89)) - e2c23766-0faa-4434-a540-c75b6ecba95b: addNew group-B8492642D38F:[e2c23766-0faa-4434-a540-c75b6ecba95b:192.168.69.65:35412] returns group-B8492642D38F:java.util.concurrent.CompletableFuture@3ea5f998[Not completed]
2019-11-15 00:02:12,751 [pool-47-thread-1] INFO  impl.RaftServerImpl (RaftServerImpl.java:<init>(98)) - e2c23766-0faa-4434-a540-c75b6ecba95b: new RaftServerImpl for group-B8492642D38F:[e2c23766-0faa-4434-a540-c75b6ecba95b:192.168.69.65:35412] with ContainerStateMachine:uninitialized
2019-11-15 00:02:12,752 [pool-47-thread-1] INFO  server.RaftServerConfigKeys (ConfUtils.java:logGet(43)) - raft.server.rpc.timeout.min = 5s (custom)
2019-11-15 00:02:12,752 [pool-47-thread-1] INFO  server.RaftServerConfigKeys (ConfUtils.java:logGet(43)) - raft.server.rpc.timeout.max = 5200ms (custom)
2019-11-15 00:02:12,752 [pool-47-thread-1] INFO  server.RaftServerConfigKeys (ConfUtils.java:logGet(43)) - raft.server.rpcslowness.timeout = 120s (custom)
2019-11-15 00:02:12,753 [pool-47-thread-1] INFO  server.RaftServerConfigKeys (ConfUtils.java:logGet(43)) - raft.server.sleep.deviation.threshold = 300 (default)
2019-11-15 00:02:12,753 [pool-47-thread-1] INFO  server.RaftServerConfigKeys (ConfUtils.java:logGet(43)) - raft.server.log.appender.install.snapshot.enabled = false (custom)
2019-11-15 00:02:12,753 [pool-47-thread-1] INFO  impl.RaftServerImpl (ServerState.java:<init>(103)) - e2c23766-0faa-4434-a540-c75b6ecba95b@group-B8492642D38F: ConfigurationManager, init=-1: [e2c23766-0faa-4434-a540-c75b6ecba95b:192.168.69.65:35412], old=null, confs=<EMPTY_MAP>
2019-11-15 00:02:12,753 [pool-47-thread-1] INFO  server.RaftServerConfigKeys (ConfUtils.java:logGet(43)) - raft.server.storage.dir = [/workdir/hadoop-ozone/tools/target/test-dir/MiniOzoneClusterImpl-4278b380-cafa-4f61-b9e1-9cfd23694989/datanode-2/data/ratis] (custom)
2019-11-15 00:02:12,754 [pool-47-thread-1] INFO  server.RaftServerConfigKeys (ConfUtils.java:logGet(43)) - raft.server.log.corruption.policy = EXCEPTION (default)
2019-11-15 00:02:12,754 [pool-47-thread-1] INFO  storage.RaftStorageDirectory (RaftStorageDirectory.java:analyzeStorage(246)) - The storage directory /workdir/hadoop-ozone/tools/target/test-dir/MiniOzoneClusterImpl-4278b380-cafa-4f61-b9e1-9cfd23694989/datanode-2/data/ratis/e131343a-34e2-4664-8a7b-b8492642d38f does not exist. Creating ...
2019-11-15 00:02:12,779 [pool-47-thread-1] INFO  storage.RaftStorageDirectory (RaftStorageDirectory.java:tryLock(328)) - Lock on /workdir/hadoop-ozone/tools/target/test-dir/MiniOzoneClusterImpl-4278b380-cafa-4f61-b9e1-9cfd23694989/datanode-2/data/ratis/e131343a-34e2-4664-8a7b-b8492642d38f/in_use.lock acquired by nodename 9342@pr-mpuissue-pdzcc-455137112
2019-11-15 00:02:12,805 [pool-47-thread-1] INFO  storage.RaftStorage (RaftStorage.java:format(84)) - Storage directory /workdir/hadoop-ozone/tools/target/test-dir/MiniOzoneClusterImpl-4278b380-cafa-4f61-b9e1-9cfd23694989/datanode-2/data/ratis/e131343a-34e2-4664-8a7b-b8492642d38f has been successfully formatted.
2019-11-15 00:02:12,805 [pool-47-thread-1] INFO  ratis.ContainerStateMachine (ContainerStateMachine.java:loadSnapshot(223)) - group-B8492642D38F: The snapshot info is null. Setting the last applied indexto:(t:0, i:~)
2019-11-15 00:02:12,805 [pool-47-thread-1] INFO  server.RaftServerConfigKeys (ConfUtils.java:logGet(43)) - raft.server.notification.no-leader.timeout = 120s (custom)
2019-11-15 00:02:12,805 [pool-47-thread-1] INFO  server.RaftServerConfigKeys (ConfUtils.java:logGet(43)) - raft.server.log.use.memory = false (default)
2019-11-15 00:02:12,806 [pool-47-thread-1] INFO  server.RaftServerConfigKeys (ConfUtils.java:logGet(43)) - raft.server.log.purge.gap = 1000000 (custom)
2019-11-15 00:02:12,806 [pool-47-thread-1] INFO  server.RaftServerConfigKeys (ConfUtils.java:logGet(43)) - raft.server.log.appender.buffer.byte-limit = 33554432 (custom)
2019-11-15 00:02:12,806 [pool-47-thread-1] INFO  server.RaftServerConfigKeys (ConfUtils.java:logGet(43)) - raft.server.log.segment.size.max = 1048576 (custom)
2019-11-15 00:02:12,806 [pool-47-thread-1] WARN  impl.MetricRegistriesImpl (MetricRegistriesImpl.java:lambda$create$1(61)) - First MetricRegistry has been created without registering reporters. You may need to call MetricRegistries.global().addReportRegistration(...) before.
2019-11-15 00:02:12,806 [pool-47-thread-1] INFO  server.RaftServerConfigKeys (ConfUtils.java:logGet(43)) - raft.server.log.segment.cache.num.max = 2 (custom)
2019-11-15 00:02:12,806 [pool-47-thread-1] INFO  segmented.SegmentedRaftLogWorker (SegmentedRaftLogWorker.java:<init>(173)) - new e2c23766-0faa-4434-a540-c75b6ecba95b@group-B8492642D38F-SegmentedRaftLogWorker for RaftStorage:Storage Directory /workdir/hadoop-ozone/tools/target/test-dir/MiniOzoneClusterImpl-4278b380-cafa-4f61-b9e1-9cfd23694989/datanode-2/data/ratis/e131343a-34e2-4664-8a7b-b8492642d38f
2019-11-15 00:02:12,806 [pool-47-thread-1] INFO  server.RaftServerConfigKeys (ConfUtils.java:logGet(43)) - raft.server.log.queue.byte-limit = 2147483647 (custom)
2019-11-15 00:02:12,806 [pool-47-thread-1] INFO  server.RaftServerConfigKeys (ConfUtils.java:logGet(43)) - raft.server.log.queue.element-limit = 1024 (custom)
2019-11-15 00:02:12,806 [pool-47-thread-1] INFO  server.RaftServerConfigKeys (ConfUtils.java:logGet(43)) - raft.server.log.segment.size.max = 1048576 (custom)
2019-11-15 00:02:12,807 [pool-47-thread-1] INFO  server.RaftServerConfigKeys (ConfUtils.java:logGet(43)) - raft.server.log.preallocated.size = 16384 (custom)
2019-11-15 00:02:12,807 [pool-47-thread-1] INFO  server.RaftServerConfigKeys (ConfUtils.java:logGet(43)) - raft.server.log.write.buffer.size = 33554432 (custom)
2019-11-15 00:02:12,807 [pool-47-thread-1] INFO  server.RaftServerConfigKeys (ConfUtils.java:logGet(43)) - raft.server.log.force.sync.num = 128 (default)
2019-11-15 00:02:12,807 [pool-47-thread-1] INFO  server.RaftServerConfigKeys (ConfUtils.java:logGet(43)) - raft.server.log.statemachine.data.sync = true (default)
2019-11-15 00:02:12,807 [pool-47-thread-1] INFO  server.RaftServerConfigKeys (ConfUtils.java:logGet(43)) - raft.server.log.statemachine.data.sync.timeout = 10s (default)
2019-11-15 00:02:12,807 [pool-47-thread-1] INFO  server.RaftServerConfigKeys (ConfUtils.java:logGet(43)) - raft.server.log.statemachine.data.sync.timeout.retry = -1 (default)
2019-11-15 00:02:12,807 [pool-47-thread-1] INFO  server.RaftServerConfigKeys (ConfUtils.java:logGet(43)) - raft.server.log.statemachine.data.caching.enabled = true (custom)
2019-11-15 00:02:12,808 [pool-47-thread-1] INFO  segmented.SegmentedRaftLogWorker (SegmentedRaftLogWorker.java:lambda$new$0(128)) - e2c23766-0faa-4434-a540-c75b6ecba95b@group-B8492642D38F-SegmentedRaftLogWorker: flushIndex: setUnconditionally 0 -> -1
2019-11-15 00:02:12,808 [pool-47-thread-1] INFO  server.RaftServerConfigKeys (ConfUtils.java:logGet(43)) - raft.server.snapshot.auto.trigger.enabled = true (custom)
2019-11-15 00:02:12,808 [pool-47-thread-1] INFO  server.RaftServerConfigKeys (ConfUtils.java:logGet(43)) - raft.server.snapshot.auto.trigger.threshold = 10000 (custom)
2019-11-15 00:02:12,808 [pool-47-thread-1] INFO  server.RaftServerConfigKeys (ConfUtils.java:logGet(43)) - raft.server.snapshot.retention.file.num = 5 (custom)
2019-11-15 00:02:12,808 [pool-47-thread-1] INFO  server.RaftServerConfigKeys (ConfUtils.java:logGet(43)) - raft.server.retrycache.expirytime = 600000ms (custom)
2019-11-15 00:02:12,808 [pool-47-thread-1] WARN  impl.MetricRegistriesImpl (MetricRegistriesImpl.java:lambda$create$1(61)) - First MetricRegistry has been created without registering reporters. You may need to call MetricRegistries.global().addReportRegistration(...) before.
2019-11-15 00:02:12,809 [pool-47-thread-1] WARN  impl.MetricRegistriesImpl (MetricRegistriesImpl.java:lambda$create$1(61)) - First MetricRegistry has been created without registering reporters. You may need to call MetricRegistries.global().addReportRegistration(...) before.
2019-11-15 00:02:12,809 [pool-47-thread-1] INFO  impl.RaftServerImpl (RaftServerImpl.java:start(184)) - e2c23766-0faa-4434-a540-c75b6ecba95b@group-B8492642D38F: start as a follower, conf=-1: [e2c23766-0faa-4434-a540-c75b6ecba95b:192.168.69.65:35412], old=null
2019-11-15 00:02:12,809 [pool-47-thread-1] INFO  impl.RaftServerImpl (RaftServerImpl.java:setRole(173)) - e2c23766-0faa-4434-a540-c75b6ecba95b@group-B8492642D38F: changes role from      null to FOLLOWER at term 0 for startAsFollower
2019-11-15 00:02:12,809 [pool-47-thread-1] INFO  impl.RoleInfo (RoleInfo.java:updateAndGet(143)) - e2c23766-0faa-4434-a540-c75b6ecba95b: start FollowerState
2019-11-15 00:02:12,809 [pool-47-thread-1] INFO  util.JmxRegister (JmxRegister.java:tryRegister(44)) - Successfully registered JMX Bean with object name Ratis:service=RaftServer,group=group-B8492642D38F,id=e2c23766-0faa-4434-a540-c75b6ecba95b
2019-11-15 00:02:12,810 [pool-47-thread-1] WARN  impl.MetricRegistriesImpl (MetricRegistriesImpl.java:lambda$create$1(61)) - First MetricRegistry has been created without registering reporters. You may need to call MetricRegistries.global().addReportRegistration(...) before.
2019-11-15 00:02:12,819 [RatisPipelineUtilsThread] INFO  pipeline.PipelineStateManager (PipelineStateManager.java:addPipeline(55)) - Created pipeline Pipeline[ Id: e131343a-34e2-4664-8a7b-b8492642d38f, Nodes: e2c23766-0faa-4434-a540-c75b6ecba95b{ip: 192.168.69.65, host: pr-mpuissue-pdzcc-455137112, networkLocation: /default-rack, certSerialId: null}, Type:RATIS, Factor:ONE, State:ALLOCATED]
2019-11-15 00:02:12,846 [grpc-default-executor-1] INFO  impl.RaftServerProxy (RaftServerProxy.java:addNew(89)) - d509097d-f1c2-40ef-9226-542c3559615a: addNew group-F5A34838DF0F:[e2c23766-0faa-4434-a540-c75b6ecba95b:192.168.69.65:35412, d509097d-f1c2-40ef-9226-542c3559615a:192.168.69.65:34122, 99c42c99-9c2b-4147-b956-0f624c47c191:192.168.69.65:46829] returns group-F5A34838DF0F:java.util.concurrent.CompletableFuture@41bb793c[Not completed]
2019-11-15 00:02:12,850 [grpc-default-executor-2] INFO  impl.RaftServerProxy (RaftServerProxy.java:addNew(89)) - 99c42c99-9c2b-4147-b956-0f624c47c191: addNew group-F5A34838DF0F:[e2c23766-0faa-4434-a540-c75b6ecba95b:192.168.69.65:35412, d509097d-f1c2-40ef-9226-542c3559615a:192.168.69.65:34122, 99c42c99-9c2b-4147-b956-0f624c47c191:192.168.69.65:46829] returns group-F5A34838DF0F:java.util.concurrent.CompletableFuture@2c307877[Not completed]
2019-11-15 00:02:12,851 [pool-37-thread-1] INFO  impl.RaftServerImpl (RaftServerImpl.java:<init>(98)) - d509097d-f1c2-40ef-9226-542c3559615a: new RaftServerImpl for group-F5A34838DF0F:[e2c23766-0faa-4434-a540-c75b6ecba95b:192.168.69.65:35412, d509097d-f1c2-40ef-9226-542c3559615a:192.168.69.65:34122, 99c42c99-9c2b-4147-b956-0f624c47c191:192.168.69.65:46829] with ContainerStateMachine:uninitialized
2019-11-15 00:02:12,851 [grpc-default-executor-2] INFO  impl.RaftServerProxy (RaftServerProxy.java:addNew(89)) - e2c23766-0faa-4434-a540-c75b6ecba95b: addNew group-F5A34838DF0F:[e2c23766-0faa-4434-a540-c75b6ecba95b:192.168.69.65:35412, d509097d-f1c2-40ef-9226-542c3559615a:192.168.69.65:34122, 99c42c99-9c2b-4147-b956-0f624c47c191:192.168.69.65:46829] returns group-F5A34838DF0F:java.util.concurrent.CompletableFuture@6932f395[Not completed]
2019-11-15 00:02:12,851 [pool-37-thread-1] INFO  server.RaftServerConfigKeys (ConfUtils.java:logGet(43)) - raft.server.rpc.timeout.min = 5s (custom)
2019-11-15 00:02:12,851 [pool-37-thread-1] INFO  server.RaftServerConfigKeys (ConfUtils.java:logGet(43)) - raft.server.rpc.timeout.max = 5200ms (custom)
2019-11-15 00:02:12,852 [pool-37-thread-1] INFO  server.RaftServerConfigKeys (ConfUtils.java:logGet(43)) - raft.server.rpcslowness.timeout = 120s (custom)
2019-11-15 00:02:12,852 [pool-27-thread-1] INFO  impl.RaftServerImpl (RaftServerImpl.java:<init>(98)) - 99c42c99-9c2b-4147-b956-0f624c47c191: new RaftServerImpl for group-F5A34838DF0F:[e2c23766-0faa-4434-a540-c75b6ecba95b:192.168.69.65:35412, d509097d-f1c2-40ef-9226-542c3559615a:192.168.69.65:34122, 99c42c99-9c2b-4147-b956-0f624c47c191:192.168.69.65:46829] with ContainerStateMachine:uninitialized
2019-11-15 00:02:12,852 [pool-37-thread-1] INFO  server.RaftServerConfigKeys (ConfUtils.java:logGet(43)) - raft.server.sleep.deviation.threshold = 300 (default)
2019-11-15 00:02:12,852 [pool-27-thread-1] INFO  server.RaftServerConfigKeys (ConfUtils.java:logGet(43)) - raft.server.rpc.timeout.min = 5s (custom)
2019-11-15 00:02:12,852 [pool-37-thread-1] INFO  server.RaftServerConfigKeys (ConfUtils.java:logGet(43)) - raft.server.log.appender.install.snapshot.enabled = false (custom)
2019-11-15 00:02:12,852 [pool-27-thread-1] INFO  server.RaftServerConfigKeys (ConfUtils.java:logGet(43)) - raft.server.rpc.timeout.max = 5200ms (custom)
2019-11-15 00:02:12,852 [pool-37-thread-1] INFO  impl.RaftServerImpl (ServerState.java:<init>(103)) - d509097d-f1c2-40ef-9226-542c3559615a@group-F5A34838DF0F: ConfigurationManager, init=-1: [e2c23766-0faa-4434-a540-c75b6ecba95b:192.168.69.65:35412, d509097d-f1c2-40ef-9226-542c3559615a:192.168.69.65:34122, 99c42c99-9c2b-4147-b956-0f624c47c191:192.168.69.65:46829], old=null, confs=<EMPTY_MAP>
2019-11-15 00:02:12,852 [pool-27-thread-1] INFO  server.RaftServerConfigKeys (ConfUtils.java:logGet(43)) - raft.server.rpcslowness.timeout = 120s (custom)
2019-11-15 00:02:12,853 [pool-37-thread-1] INFO  server.RaftServerConfigKeys (ConfUtils.java:logGet(43)) - raft.server.storage.dir = [/workdir/hadoop-ozone/tools/target/test-dir/MiniOzoneClusterImpl-4278b380-cafa-4f61-b9e1-9cfd23694989/datanode-1/data/ratis] (custom)
2019-11-15 00:02:12,853 [pool-27-thread-1] INFO  server.RaftServerConfigKeys (ConfUtils.java:logGet(43)) - raft.server.sleep.deviation.threshold = 300 (default)
2019-11-15 00:02:12,853 [pool-47-thread-1] INFO  impl.RaftServerImpl (RaftServerImpl.java:<init>(98)) - e2c23766-0faa-4434-a540-c75b6ecba95b: new RaftServerImpl for group-F5A34838DF0F:[e2c23766-0faa-4434-a540-c75b6ecba95b:192.168.69.65:35412, d509097d-f1c2-40ef-9226-542c3559615a:192.168.69.65:34122, 99c42c99-9c2b-4147-b956-0f624c47c191:192.168.69.65:46829] with ContainerStateMachine:uninitialized
2019-11-15 00:02:12,853 [pool-27-thread-1] INFO  server.RaftServerConfigKeys (ConfUtils.java:logGet(43)) - raft.server.log.appender.install.snapshot.enabled = false (custom)
2019-11-15 00:02:12,853 [pool-37-thread-1] INFO  server.RaftServerConfigKeys (ConfUtils.java:logGet(43)) - raft.server.log.corruption.policy = EXCEPTION (default)
2019-11-15 00:02:12,853 [pool-47-thread-1] INFO  server.RaftServerConfigKeys (ConfUtils.java:logGet(43)) - raft.server.rpc.timeout.min = 5s (custom)
2019-11-15 00:02:12,853 [pool-27-thread-1] INFO  impl.RaftServerImpl (ServerState.java:<init>(103)) - 99c42c99-9c2b-4147-b956-0f624c47c191@group-F5A34838DF0F: ConfigurationManager, init=-1: [e2c23766-0faa-4434-a540-c75b6ecba95b:192.168.69.65:35412, d509097d-f1c2-40ef-9226-542c3559615a:192.168.69.65:34122, 99c42c99-9c2b-4147-b956-0f624c47c191:192.168.69.65:46829], old=null, confs=<EMPTY_MAP>
2019-11-15 00:02:12,853 [pool-47-thread-1] INFO  server.RaftServerConfigKeys (ConfUtils.java:logGet(43)) - raft.server.rpc.timeout.max = 5200ms (custom)
2019-11-15 00:02:12,854 [pool-27-thread-1] INFO  server.RaftServerConfigKeys (ConfUtils.java:logGet(43)) - raft.server.storage.dir = [/workdir/hadoop-ozone/tools/target/test-dir/MiniOzoneClusterImpl-4278b380-cafa-4f61-b9e1-9cfd23694989/datanode-0/data/ratis] (custom)
2019-11-15 00:02:12,853 [pool-37-thread-1] INFO  storage.RaftStorageDirectory (RaftStorageDirectory.java:analyzeStorage(246)) - The storage directory /workdir/hadoop-ozone/tools/target/test-dir/MiniOzoneClusterImpl-4278b380-cafa-4f61-b9e1-9cfd23694989/datanode-1/data/ratis/0e21af82-257d-4780-88fc-f5a34838df0f does not exist. Creating ...
2019-11-15 00:02:12,854 [pool-27-thread-1] INFO  server.RaftServerConfigKeys (ConfUtils.java:logGet(43)) - raft.server.log.corruption.policy = EXCEPTION (default)
2019-11-15 00:02:12,854 [pool-47-thread-1] INFO  server.RaftServerConfigKeys (ConfUtils.java:logGet(43)) - raft.server.rpcslowness.timeout = 120s (custom)
2019-11-15 00:02:12,854 [pool-27-thread-1] INFO  storage.RaftStorageDirectory (RaftStorageDirectory.java:analyzeStorage(246)) - The storage directory /workdir/hadoop-ozone/tools/target/test-dir/MiniOzoneClusterImpl-4278b380-cafa-4f61-b9e1-9cfd23694989/datanode-0/data/ratis/0e21af82-257d-4780-88fc-f5a34838df0f does not exist. Creating ...
2019-11-15 00:02:12,854 [pool-47-thread-1] INFO  server.RaftServerConfigKeys (ConfUtils.java:logGet(43)) - raft.server.sleep.deviation.threshold = 300 (default)
2019-11-15 00:02:12,854 [pool-47-thread-1] INFO  server.RaftServerConfigKeys (ConfUtils.java:logGet(43)) - raft.server.log.appender.install.snapshot.enabled = false (custom)
2019-11-15 00:02:12,855 [pool-47-thread-1] INFO  impl.RaftServerImpl (ServerState.java:<init>(103)) - e2c23766-0faa-4434-a540-c75b6ecba95b@group-F5A34838DF0F: ConfigurationManager, init=-1: [e2c23766-0faa-4434-a540-c75b6ecba95b:192.168.69.65:35412, d509097d-f1c2-40ef-9226-542c3559615a:192.168.69.65:34122, 99c42c99-9c2b-4147-b956-0f624c47c191:192.168.69.65:46829], old=null, confs=<EMPTY_MAP>
2019-11-15 00:02:12,855 [pool-47-thread-1] INFO  server.RaftServerConfigKeys (ConfUtils.java:logGet(43)) - raft.server.storage.dir = [/workdir/hadoop-ozone/tools/target/test-dir/MiniOzoneClusterImpl-4278b380-cafa-4f61-b9e1-9cfd23694989/datanode-2/data/ratis] (custom)
2019-11-15 00:02:12,855 [pool-47-thread-1] INFO  server.RaftServerConfigKeys (ConfUtils.java:logGet(43)) - raft.server.log.corruption.policy = EXCEPTION (default)
2019-11-15 00:02:12,855 [pool-47-thread-1] INFO  storage.RaftStorageDirectory (RaftStorageDirectory.java:analyzeStorage(246)) - The storage directory /workdir/hadoop-ozone/tools/target/test-dir/MiniOzoneClusterImpl-4278b380-cafa-4f61-b9e1-9cfd23694989/datanode-2/data/ratis/0e21af82-257d-4780-88fc-f5a34838df0f does not exist. Creating ...
2019-11-15 00:02:12,881 [pool-47-thread-1] INFO  storage.RaftStorageDirectory (RaftStorageDirectory.java:tryLock(328)) - Lock on /workdir/hadoop-ozone/tools/target/test-dir/MiniOzoneClusterImpl-4278b380-cafa-4f61-b9e1-9cfd23694989/datanode-2/data/ratis/0e21af82-257d-4780-88fc-f5a34838df0f/in_use.lock acquired by nodename 9342@pr-mpuissue-pdzcc-455137112
2019-11-15 00:02:12,881 [pool-27-thread-1] INFO  storage.RaftStorageDirectory (RaftStorageDirectory.java:tryLock(328)) - Lock on /workdir/hadoop-ozone/tools/target/test-dir/MiniOzoneClusterImpl-4278b380-cafa-4f61-b9e1-9cfd23694989/datanode-0/data/ratis/0e21af82-257d-4780-88fc-f5a34838df0f/in_use.lock acquired by nodename 9342@pr-mpuissue-pdzcc-455137112
2019-11-15 00:02:12,881 [pool-37-thread-1] INFO  storage.RaftStorageDirectory (RaftStorageDirectory.java:tryLock(328)) - Lock on /workdir/hadoop-ozone/tools/target/test-dir/MiniOzoneClusterImpl-4278b380-cafa-4f61-b9e1-9cfd23694989/datanode-1/data/ratis/0e21af82-257d-4780-88fc-f5a34838df0f/in_use.lock acquired by nodename 9342@pr-mpuissue-pdzcc-455137112
2019-11-15 00:02:12,906 [pool-27-thread-1] INFO  storage.RaftStorage (RaftStorage.java:format(84)) - Storage directory /workdir/hadoop-ozone/tools/target/test-dir/MiniOzoneClusterImpl-4278b380-cafa-4f61-b9e1-9cfd23694989/datanode-0/data/ratis/0e21af82-257d-4780-88fc-f5a34838df0f has been successfully formatted.
2019-11-15 00:02:12,906 [pool-47-thread-1] INFO  storage.RaftStorage (RaftStorage.java:format(84)) - Storage directory /workdir/hadoop-ozone/tools/target/test-dir/MiniOzoneClusterImpl-4278b380-cafa-4f61-b9e1-9cfd23694989/datanode-2/data/ratis/0e21af82-257d-4780-88fc-f5a34838df0f has been successfully formatted.
2019-11-15 00:02:12,906 [pool-37-thread-1] INFO  storage.RaftStorage (RaftStorage.java:format(84)) - Storage directory /workdir/hadoop-ozone/tools/target/test-dir/MiniOzoneClusterImpl-4278b380-cafa-4f61-b9e1-9cfd23694989/datanode-1/data/ratis/0e21af82-257d-4780-88fc-f5a34838df0f has been successfully formatted.
2019-11-15 00:02:12,907 [pool-27-thread-1] INFO  ratis.ContainerStateMachine (ContainerStateMachine.java:loadSnapshot(223)) - group-F5A34838DF0F: The snapshot info is null. Setting the last applied indexto:(t:0, i:~)
2019-11-15 00:02:12,907 [pool-47-thread-1] INFO  ratis.ContainerStateMachine (ContainerStateMachine.java:loadSnapshot(223)) - group-F5A34838DF0F: The snapshot info is null. Setting the last applied indexto:(t:0, i:~)
2019-11-15 00:02:12,907 [pool-27-thread-1] INFO  server.RaftServerConfigKeys (ConfUtils.java:logGet(43)) - raft.server.notification.no-leader.timeout = 120s (custom)
2019-11-15 00:02:12,907 [pool-37-thread-1] INFO  ratis.ContainerStateMachine (ContainerStateMachine.java:loadSnapshot(223)) - group-F5A34838DF0F: The snapshot info is null. Setting the last applied indexto:(t:0, i:~)
2019-11-15 00:02:12,907 [pool-27-thread-1] INFO  server.RaftServerConfigKeys (ConfUtils.java:logGet(43)) - raft.server.log.use.memory = false (default)
2019-11-15 00:02:12,907 [pool-47-thread-1] INFO  server.RaftServerConfigKeys (ConfUtils.java:logGet(43)) - raft.server.notification.no-leader.timeout = 120s (custom)
2019-11-15 00:02:12,908 [pool-27-thread-1] INFO  server.RaftServerConfigKeys (ConfUtils.java:logGet(43)) - raft.server.log.purge.gap = 1000000 (custom)
2019-11-15 00:02:12,908 [pool-37-thread-1] INFO  server.RaftServerConfigKeys (ConfUtils.java:logGet(43)) - raft.server.notification.no-leader.timeout = 120s (custom)
2019-11-15 00:02:12,908 [pool-27-thread-1] INFO  server.RaftServerConfigKeys (ConfUtils.java:logGet(43)) - raft.server.log.appender.buffer.byte-limit = 33554432 (custom)
2019-11-15 00:02:12,908 [pool-47-thread-1] INFO  server.RaftServerConfigKeys (ConfUtils.java:logGet(43)) - raft.server.log.use.memory = false (default)
2019-11-15 00:02:12,908 [pool-27-thread-1] INFO  server.RaftServerConfigKeys (ConfUtils.java:logGet(43)) - raft.server.log.segment.size.max = 1048576 (custom)
2019-11-15 00:02:12,908 [pool-37-thread-1] INFO  server.RaftServerConfigKeys (ConfUtils.java:logGet(43)) - raft.server.log.use.memory = false (default)
2019-11-15 00:02:12,909 [pool-27-thread-1] INFO  server.RaftServerConfigKeys (ConfUtils.java:logGet(43)) - raft.server.log.segment.cache.num.max = 2 (custom)
2019-11-15 00:02:12,908 [pool-47-thread-1] INFO  server.RaftServerConfigKeys (ConfUtils.java:logGet(43)) - raft.server.log.purge.gap = 1000000 (custom)
2019-11-15 00:02:12,909 [pool-27-thread-1] INFO  segmented.SegmentedRaftLogWorker (SegmentedRaftLogWorker.java:<init>(173)) - new 99c42c99-9c2b-4147-b956-0f624c47c191@group-F5A34838DF0F-SegmentedRaftLogWorker for RaftStorage:Storage Directory /workdir/hadoop-ozone/tools/target/test-dir/MiniOzoneClusterImpl-4278b380-cafa-4f61-b9e1-9cfd23694989/datanode-0/data/ratis/0e21af82-257d-4780-88fc-f5a34838df0f
2019-11-15 00:02:12,909 [pool-37-thread-1] INFO  server.RaftServerConfigKeys (ConfUtils.java:logGet(43)) - raft.server.log.purge.gap = 1000000 (custom)
2019-11-15 00:02:12,909 [pool-27-thread-1] INFO  server.RaftServerConfigKeys (ConfUtils.java:logGet(43)) - raft.server.log.queue.byte-limit = 2147483647 (custom)
2019-11-15 00:02:12,909 [pool-47-thread-1] INFO  server.RaftServerConfigKeys (ConfUtils.java:logGet(43)) - raft.server.log.appender.buffer.byte-limit = 33554432 (custom)
2019-11-15 00:02:12,910 [pool-27-thread-1] INFO  server.RaftServerConfigKeys (ConfUtils.java:logGet(43)) - raft.server.log.queue.element-limit = 1024 (custom)
2019-11-15 00:02:12,910 [pool-37-thread-1] INFO  server.RaftServerConfigKeys (ConfUtils.java:logGet(43)) - raft.server.log.appender.buffer.byte-limit = 33554432 (custom)
2019-11-15 00:02:12,910 [pool-27-thread-1] INFO  server.RaftServerConfigKeys (ConfUtils.java:logGet(43)) - raft.server.log.segment.size.max = 1048576 (custom)
2019-11-15 00:02:12,910 [pool-47-thread-1] INFO  server.RaftServerConfigKeys (ConfUtils.java:logGet(43)) - raft.server.log.segment.size.max = 1048576 (custom)
2019-11-15 00:02:12,910 [pool-27-thread-1] INFO  server.RaftServerConfigKeys (ConfUtils.java:logGet(43)) - raft.server.log.preallocated.size = 16384 (custom)
2019-11-15 00:02:12,910 [pool-37-thread-1] INFO  server.RaftServerConfigKeys (ConfUtils.java:logGet(43)) - raft.server.log.segment.size.max = 1048576 (custom)
2019-11-15 00:02:12,911 [pool-27-thread-1] INFO  server.RaftServerConfigKeys (ConfUtils.java:logGet(43)) - raft.server.log.write.buffer.size = 33554432 (custom)
2019-11-15 00:02:12,911 [pool-47-thread-1] INFO  server.RaftServerConfigKeys (ConfUtils.java:logGet(43)) - raft.server.log.segment.cache.num.max = 2 (custom)
2019-11-15 00:02:12,911 [pool-27-thread-1] INFO  server.RaftServerConfigKeys (ConfUtils.java:logGet(43)) - raft.server.log.force.sync.num = 128 (default)
2019-11-15 00:02:12,911 [pool-37-thread-1] INFO  server.RaftServerConfigKeys (ConfUtils.java:logGet(43)) - raft.server.log.segment.cache.num.max = 2 (custom)
2019-11-15 00:02:12,911 [pool-27-thread-1] INFO  server.RaftServerConfigKeys (ConfUtils.java:logGet(43)) - raft.server.log.statemachine.data.sync = true (default)
2019-11-15 00:02:12,911 [pool-47-thread-1] INFO  segmented.SegmentedRaftLogWorker (SegmentedRaftLogWorker.java:<init>(173)) - new e2c23766-0faa-4434-a540-c75b6ecba95b@group-F5A34838DF0F-SegmentedRaftLogWorker for RaftStorage:Storage Directory /workdir/hadoop-ozone/tools/target/test-dir/MiniOzoneClusterImpl-4278b380-cafa-4f61-b9e1-9cfd23694989/datanode-2/data/ratis/0e21af82-257d-4780-88fc-f5a34838df0f
2019-11-15 00:02:12,912 [pool-27-thread-1] INFO  server.RaftServerConfigKeys (ConfUtils.java:logGet(43)) - raft.server.log.statemachine.data.sync.timeout = 10s (default)
2019-11-15 00:02:12,911 [pool-37-thread-1] INFO  segmented.SegmentedRaftLogWorker (SegmentedRaftLogWorker.java:<init>(173)) - new d509097d-f1c2-40ef-9226-542c3559615a@group-F5A34838DF0F-SegmentedRaftLogWorker for RaftStorage:Storage Directory /workdir/hadoop-ozone/tools/target/test-dir/MiniOzoneClusterImpl-4278b380-cafa-4f61-b9e1-9cfd23694989/datanode-1/data/ratis/0e21af82-257d-4780-88fc-f5a34838df0f
2019-11-15 00:02:12,912 [pool-27-thread-1] INFO  server.RaftServerConfigKeys (ConfUtils.java:logGet(43)) - raft.server.log.statemachine.data.sync.timeout.retry = -1 (default)
2019-11-15 00:02:12,912 [pool-47-thread-1] INFO  server.RaftServerConfigKeys (ConfUtils.java:logGet(43)) - raft.server.log.queue.byte-limit = 2147483647 (custom)
2019-11-15 00:02:12,912 [pool-37-thread-1] INFO  server.RaftServerConfigKeys (ConfUtils.java:logGet(43)) - raft.server.log.queue.byte-limit = 2147483647 (custom)
2019-11-15 00:02:12,912 [pool-47-thread-1] INFO  server.RaftServerConfigKeys (ConfUtils.java:logGet(43)) - raft.server.log.queue.element-limit = 1024 (custom)
2019-11-15 00:02:12,912 [pool-27-thread-1] INFO  server.RaftServerConfigKeys (ConfUtils.java:logGet(43)) - raft.server.log.statemachine.data.caching.enabled = true (custom)
2019-11-15 00:02:12,913 [pool-47-thread-1] INFO  server.RaftServerConfigKeys (ConfUtils.java:logGet(43)) - raft.server.log.segment.size.max = 1048576 (custom)
2019-11-15 00:02:12,912 [pool-37-thread-1] INFO  server.RaftServerConfigKeys (ConfUtils.java:logGet(43)) - raft.server.log.queue.element-limit = 1024 (custom)
2019-11-15 00:02:12,913 [pool-47-thread-1] INFO  server.RaftServerConfigKeys (ConfUtils.java:logGet(43)) - raft.server.log.preallocated.size = 16384 (custom)
2019-11-15 00:02:12,913 [pool-37-thread-1] INFO  server.RaftServerConfigKeys (ConfUtils.java:logGet(43)) - raft.server.log.segment.size.max = 1048576 (custom)
2019-11-15 00:02:12,913 [pool-27-thread-1] INFO  segmented.SegmentedRaftLogWorker (SegmentedRaftLogWorker.java:lambda$new$0(128)) - 99c42c99-9c2b-4147-b956-0f624c47c191@group-F5A34838DF0F-SegmentedRaftLogWorker: flushIndex: setUnconditionally 0 -> -1
2019-11-15 00:02:12,913 [pool-37-thread-1] INFO  server.RaftServerConfigKeys (ConfUtils.java:logGet(43)) - raft.server.log.preallocated.size = 16384 (custom)
2019-11-15 00:02:12,913 [pool-47-thread-1] INFO  server.RaftServerConfigKeys (ConfUtils.java:logGet(43)) - raft.server.log.write.buffer.size = 33554432 (custom)
2019-11-15 00:02:12,914 [pool-27-thread-1] INFO  server.RaftServerConfigKeys (ConfUtils.java:logGet(43)) - raft.server.snapshot.auto.trigger.enabled = true (custom)
2019-11-15 00:02:12,914 [pool-37-thread-1] INFO  server.RaftServerConfigKeys (ConfUtils.java:logGet(43)) - raft.server.log.write.buffer.size = 33554432 (custom)
2019-11-15 00:02:12,914 [pool-27-thread-1] INFO  server.RaftServerConfigKeys (ConfUtils.java:logGet(43)) - raft.server.snapshot.auto.trigger.threshold = 10000 (custom)
2019-11-15 00:02:12,914 [pool-47-thread-1] INFO  server.RaftServerConfigKeys (ConfUtils.java:logGet(43)) - raft.server.log.force.sync.num = 128 (default)
2019-11-15 00:02:12,914 [pool-27-thread-1] INFO  server.RaftServerConfigKeys (ConfUtils.java:logGet(43)) - raft.server.snapshot.retention.file.num = 5 (custom)
2019-11-15 00:02:12,914 [pool-37-thread-1] INFO  server.RaftServerConfigKeys (ConfUtils.java:logGet(43)) - raft.server.log.force.sync.num = 128 (default)
2019-11-15 00:02:12,914 [pool-47-thread-1] INFO  server.RaftServerConfigKeys (ConfUtils.java:logGet(43)) - raft.server.log.statemachine.data.sync = true (default)
2019-11-15 00:02:12,914 [pool-37-thread-1] INFO  server.RaftServerConfigKeys (ConfUtils.java:logGet(43)) - raft.server.log.statemachine.data.sync = true (default)
2019-11-15 00:02:12,914 [pool-27-thread-1] INFO  server.RaftServerConfigKeys (ConfUtils.java:logGet(43)) - raft.server.retrycache.expirytime = 600000ms (custom)
2019-11-15 00:02:12,915 [pool-37-thread-1] INFO  server.RaftServerConfigKeys (ConfUtils.java:logGet(43)) - raft.server.log.statemachine.data.sync.timeout = 10s (default)
2019-11-15 00:02:12,915 [pool-47-thread-1] INFO  server.RaftServerConfigKeys (ConfUtils.java:logGet(43)) - raft.server.log.statemachine.data.sync.timeout = 10s (default)
2019-11-15 00:02:12,915 [pool-37-thread-1] INFO  server.RaftServerConfigKeys (ConfUtils.java:logGet(43)) - raft.server.log.statemachine.data.sync.timeout.retry = -1 (default)
2019-11-15 00:02:12,915 [pool-27-thread-1] WARN  impl.MetricRegistriesImpl (MetricRegistriesImpl.java:lambda$create$1(61)) - First MetricRegistry has been created without registering reporters. You may need to call MetricRegistries.global().addReportRegistration(...) before.
2019-11-15 00:02:12,915 [pool-37-thread-1] INFO  server.RaftServerConfigKeys (ConfUtils.java:logGet(43)) - raft.server.log.statemachine.data.caching.enabled = true (custom)
2019-11-15 00:02:12,915 [pool-47-thread-1] INFO  server.RaftServerConfigKeys (ConfUtils.java:logGet(43)) - raft.server.log.statemachine.data.sync.timeout.retry = -1 (default)
2019-11-15 00:02:12,916 [pool-27-thread-1] WARN  impl.MetricRegistriesImpl (MetricRegistriesImpl.java:lambda$create$1(61)) - First MetricRegistry has been created without registering reporters. You may need to call MetricRegistries.global().addReportRegistration(...) before.
2019-11-15 00:02:12,916 [pool-37-thread-1] INFO  segmented.SegmentedRaftLogWorker (SegmentedRaftLogWorker.java:lambda$new$0(128)) - d509097d-f1c2-40ef-9226-542c3559615a@group-F5A34838DF0F-SegmentedRaftLogWorker: flushIndex: setUnconditionally 0 -> -1
2019-11-15 00:02:12,916 [pool-27-thread-1] INFO  impl.RaftServerImpl (RaftServerImpl.java:start(184)) - 99c42c99-9c2b-4147-b956-0f624c47c191@group-F5A34838DF0F: start as a follower, conf=-1: [e2c23766-0faa-4434-a540-c75b6ecba95b:192.168.69.65:35412, d509097d-f1c2-40ef-9226-542c3559615a:192.168.69.65:34122, 99c42c99-9c2b-4147-b956-0f624c47c191:192.168.69.65:46829], old=null
2019-11-15 00:02:12,916 [pool-47-thread-1] INFO  server.RaftServerConfigKeys (ConfUtils.java:logGet(43)) - raft.server.log.statemachine.data.caching.enabled = true (custom)
2019-11-15 00:02:12,916 [pool-27-thread-1] INFO  impl.RaftServerImpl (RaftServerImpl.java:setRole(173)) - 99c42c99-9c2b-4147-b956-0f624c47c191@group-F5A34838DF0F: changes role from      null to FOLLOWER at term 0 for startAsFollower
2019-11-15 00:02:12,916 [pool-37-thread-1] INFO  server.RaftServerConfigKeys (ConfUtils.java:logGet(43)) - raft.server.snapshot.auto.trigger.enabled = true (custom)
2019-11-15 00:02:12,917 [pool-27-thread-1] INFO  impl.RoleInfo (RoleInfo.java:updateAndGet(143)) - 99c42c99-9c2b-4147-b956-0f624c47c191: start FollowerState
2019-11-15 00:02:12,917 [pool-37-thread-1] INFO  server.RaftServerConfigKeys (ConfUtils.java:logGet(43)) - raft.server.snapshot.auto.trigger.threshold = 10000 (custom)
2019-11-15 00:02:12,917 [pool-47-thread-1] INFO  segmented.SegmentedRaftLogWorker (SegmentedRaftLogWorker.java:lambda$new$0(128)) - e2c23766-0faa-4434-a540-c75b6ecba95b@group-F5A34838DF0F-SegmentedRaftLogWorker: flushIndex: setUnconditionally 0 -> -1
2019-11-15 00:02:12,917 [pool-37-thread-1] INFO  server.RaftServerConfigKeys (ConfUtils.java:logGet(43)) - raft.server.snapshot.retention.file.num = 5 (custom)
2019-11-15 00:02:12,917 [pool-27-thread-1] INFO  util.JmxRegister (JmxRegister.java:tryRegister(44)) - Successfully registered JMX Bean with object name Ratis:service=RaftServer,group=group-F5A34838DF0F,id=99c42c99-9c2b-4147-b956-0f624c47c191
2019-11-15 00:02:12,917 [pool-47-thread-1] INFO  server.RaftServerConfigKeys (ConfUtils.java:logGet(43)) - raft.server.snapshot.auto.trigger.enabled = true (custom)
2019-11-15 00:02:12,917 [pool-27-thread-1] WARN  impl.MetricRegistriesImpl (MetricRegistriesImpl.java:lambda$create$1(61)) - First MetricRegistry has been created without registering reporters. You may need to call MetricRegistries.global().addReportRegistration(...) before.
2019-11-15 00:02:12,917 [pool-37-thread-1] INFO  server.RaftServerConfigKeys (ConfUtils.java:logGet(43)) - raft.server.retrycache.expirytime = 600000ms (custom)
2019-11-15 00:02:12,917 [pool-47-thread-1] INFO  server.RaftServerConfigKeys (ConfUtils.java:logGet(43)) - raft.server.snapshot.auto.trigger.threshold = 10000 (custom)
2019-11-15 00:02:12,918 [pool-37-thread-1] WARN  impl.MetricRegistriesImpl (MetricRegistriesImpl.java:lambda$create$1(61)) - First MetricRegistry has been created without registering reporters. You may need to call MetricRegistries.global().addReportRegistration(...) before.
2019-11-15 00:02:12,918 [pool-47-thread-1] INFO  server.RaftServerConfigKeys (ConfUtils.java:logGet(43)) - raft.server.snapshot.retention.file.num = 5 (custom)
2019-11-15 00:02:12,918 [pool-37-thread-1] WARN  impl.MetricRegistriesImpl (MetricRegistriesImpl.java:lambda$create$1(61)) - First MetricRegistry has been created without registering reporters. You may need to call MetricRegistries.global().addReportRegistration(...) before.
2019-11-15 00:02:12,918 [pool-47-thread-1] INFO  server.RaftServerConfigKeys (ConfUtils.java:logGet(43)) - raft.server.retrycache.expirytime = 600000ms (custom)
2019-11-15 00:02:12,918 [pool-37-thread-1] INFO  impl.RaftServerImpl (RaftServerImpl.java:start(184)) - d509097d-f1c2-40ef-9226-542c3559615a@group-F5A34838DF0F: start as a follower, conf=-1: [e2c23766-0faa-4434-a540-c75b6ecba95b:192.168.69.65:35412, d509097d-f1c2-40ef-9226-542c3559615a:192.168.69.65:34122, 99c42c99-9c2b-4147-b956-0f624c47c191:192.168.69.65:46829], old=null
2019-11-15 00:02:12,918 [pool-47-thread-1] WARN  impl.MetricRegistriesImpl (MetricRegistriesImpl.java:lambda$create$1(61)) - First MetricRegistry has been created without registering reporters. You may need to call MetricRegistries.global().addReportRegistration(...) before.
2019-11-15 00:02:12,919 [pool-37-thread-1] INFO  impl.RaftServerImpl (RaftServerImpl.java:setRole(173)) - d509097d-f1c2-40ef-9226-542c3559615a@group-F5A34838DF0F: changes role from      null to FOLLOWER at term 0 for startAsFollower
2019-11-15 00:02:12,919 [pool-47-thread-1] WARN  impl.MetricRegistriesImpl (MetricRegistriesImpl.java:lambda$create$1(61)) - First MetricRegistry has been created without registering reporters. You may need to call MetricRegistries.global().addReportRegistration(...) before.
2019-11-15 00:02:12,920 [pool-37-thread-1] INFO  impl.RoleInfo (RoleInfo.java:updateAndGet(143)) - d509097d-f1c2-40ef-9226-542c3559615a: start FollowerState
2019-11-15 00:02:12,921 [pool-47-thread-1] INFO  impl.RaftServerImpl (RaftServerImpl.java:start(184)) - e2c23766-0faa-4434-a540-c75b6ecba95b@group-F5A34838DF0F: start as a follower, conf=-1: [e2c23766-0faa-4434-a540-c75b6ecba95b:192.168.69.65:35412, d509097d-f1c2-40ef-9226-542c3559615a:192.168.69.65:34122, 99c42c99-9c2b-4147-b956-0f624c47c191:192.168.69.65:46829], old=null
2019-11-15 00:02:12,921 [pool-47-thread-1] INFO  impl.RaftServerImpl (RaftServerImpl.java:setRole(173)) - e2c23766-0faa-4434-a540-c75b6ecba95b@group-F5A34838DF0F: changes role from      null to FOLLOWER at term 0 for startAsFollower
2019-11-15 00:02:12,921 [pool-37-thread-1] INFO  util.JmxRegister (JmxRegister.java:tryRegister(44)) - Successfully registered JMX Bean with object name Ratis:service=RaftServer,group=group-F5A34838DF0F,id=d509097d-f1c2-40ef-9226-542c3559615a
2019-11-15 00:02:12,921 [pool-47-thread-1] INFO  impl.RoleInfo (RoleInfo.java:updateAndGet(143)) - e2c23766-0faa-4434-a540-c75b6ecba95b: start FollowerState
2019-11-15 00:02:12,921 [pool-37-thread-1] WARN  impl.MetricRegistriesImpl (MetricRegistriesImpl.java:lambda$create$1(61)) - First MetricRegistry has been created without registering reporters. You may need to call MetricRegistries.global().addReportRegistration(...) before.
2019-11-15 00:02:12,921 [pool-47-thread-1] INFO  util.JmxRegister (JmxRegister.java:tryRegister(44)) - Successfully registered JMX Bean with object name Ratis:service=RaftServer,group=group-F5A34838DF0F,id=e2c23766-0faa-4434-a540-c75b6ecba95b
2019-11-15 00:02:12,922 [pool-47-thread-1] WARN  impl.MetricRegistriesImpl (MetricRegistriesImpl.java:lambda$create$1(61)) - First MetricRegistry has been created without registering reporters. You may need to call MetricRegistries.global().addReportRegistration(...) before.
2019-11-15 00:02:12,945 [RatisPipelineUtilsThread] INFO  pipeline.PipelineStateManager (PipelineStateManager.java:addPipeline(55)) - Created pipeline Pipeline[ Id: 0e21af82-257d-4780-88fc-f5a34838df0f, Nodes: d509097d-f1c2-40ef-9226-542c3559615a{ip: 192.168.69.65, host: pr-mpuissue-pdzcc-455137112, networkLocation: /default-rack, certSerialId: null}e2c23766-0faa-4434-a540-c75b6ecba95b{ip: 192.168.69.65, host: pr-mpuissue-pdzcc-455137112, networkLocation: /default-rack, certSerialId: null}99c42c99-9c2b-4147-b956-0f624c47c191{ip: 192.168.69.65, host: pr-mpuissue-pdzcc-455137112, networkLocation: /default-rack, certSerialId: null}, Type:RATIS, Factor:THREE, State:ALLOCATED]
2019-11-15 00:02:12,947 [main] INFO  ozone.MiniOzoneClusterImpl (MiniOzoneClusterImpl.java:lambda$waitForClusterToBeReady$2(163)) - Waiting for 4 number of pipelines out of 4, to report a leader.
2019-11-15 00:02:13,948 [main] INFO  ozone.MiniOzoneClusterImpl (MiniOzoneClusterImpl.java:lambda$waitForClusterToBeReady$2(163)) - Waiting for 4 number of pipelines out of 4, to report a leader.
2019-11-15 00:02:14,855 [Thread-178] INFO  container.ReplicationManager (ReplicationManager.java:start(162)) - Starting Replication Monitor Thread.
2019-11-15 00:02:14,859 [Thread-178] INFO  pipeline.SCMPipelineManager (SCMPipelineManager.java:finalizeAndDestroyPipeline(315)) - destroying pipeline:Pipeline[ Id: e131343a-34e2-4664-8a7b-b8492642d38f, Nodes: e2c23766-0faa-4434-a540-c75b6ecba95b{ip: 192.168.69.65, host: pr-mpuissue-pdzcc-455137112, networkLocation: /default-rack, certSerialId: null}, Type:RATIS, Factor:ONE, State:ALLOCATED]
2019-11-15 00:02:14,859 [ReplicationMonitor] INFO  container.ReplicationManager (ReplicationManager.java:run(225)) - Replication Monitor Thread took 1 milliseconds for processing 0 containers.
2019-11-15 00:02:14,860 [Thread-178] INFO  pipeline.PipelineStateManager (PipelineStateManager.java:finalizePipeline(121)) - Pipeline Pipeline[ Id: e131343a-34e2-4664-8a7b-b8492642d38f, Nodes: e2c23766-0faa-4434-a540-c75b6ecba95b{ip: 192.168.69.65, host: pr-mpuissue-pdzcc-455137112, networkLocation: /default-rack, certSerialId: null}, Type:RATIS, Factor:ONE, State:CLOSED] moved to CLOSED state
2019-11-15 00:02:14,888 [grpc-default-executor-2] INFO  impl.RaftServerProxy (RaftServerProxy.java:remove(95)) - e2c23766-0faa-4434-a540-c75b6ecba95b: remove  FOLLOWER e2c23766-0faa-4434-a540-c75b6ecba95b@group-B8492642D38F:t0, leader=null, voted=null, raftlog=e2c23766-0faa-4434-a540-c75b6ecba95b@group-B8492642D38F-SegmentedRaftLog:OPENED:c-1,f-1,i0, conf=-1: [e2c23766-0faa-4434-a540-c75b6ecba95b:192.168.69.65:35412], old=null RUNNING
2019-11-15 00:02:14,891 [grpc-default-executor-2] INFO  impl.RaftServerImpl (RaftServerImpl.java:lambda$shutdown$3(250)) - e2c23766-0faa-4434-a540-c75b6ecba95b@group-B8492642D38F: shutdown
2019-11-15 00:02:14,891 [grpc-default-executor-2] INFO  util.JmxRegister (JmxRegister.java:unregister(73)) - Successfully un-registered JMX Bean with object name Ratis:service=RaftServer,group=group-B8492642D38F,id=e2c23766-0faa-4434-a540-c75b6ecba95b
2019-11-15 00:02:14,891 [grpc-default-executor-2] INFO  impl.RoleInfo (RoleInfo.java:shutdownFollowerState(121)) - e2c23766-0faa-4434-a540-c75b6ecba95b: shutdown FollowerState
2019-11-15 00:02:14,892 [grpc-default-executor-2] INFO  impl.StateMachineUpdater (StateMachineUpdater.java:stopAndJoin(136)) - e2c23766-0faa-4434-a540-c75b6ecba95b@group-B8492642D38F-StateMachineUpdater: set stopIndex = -1
2019-11-15 00:02:14,892 [Thread-186] INFO  impl.FollowerState (FollowerState.java:run(120)) - e2c23766-0faa-4434-a540-c75b6ecba95b@group-B8492642D38F-FollowerState was interrupted: java.lang.InterruptedException: sleep interrupted
2019-11-15 00:02:14,894 [grpc-default-executor-2] INFO  impl.RaftServerImpl (ServerState.java:close(387)) - e2c23766-0faa-4434-a540-c75b6ecba95b@group-B8492642D38F: closes. applyIndex: -1
2019-11-15 00:02:14,898 [e2c23766-0faa-4434-a540-c75b6ecba95b@group-B8492642D38F-SegmentedRaftLogWorker] INFO  segmented.SegmentedRaftLogWorker (SegmentedRaftLogWorker.java:run(316)) - e2c23766-0faa-4434-a540-c75b6ecba95b@group-B8492642D38F-SegmentedRaftLogWorker was interrupted, exiting. There are 0 tasks remaining in the queue.
2019-11-15 00:02:14,900 [grpc-default-executor-2] INFO  segmented.SegmentedRaftLogWorker (SegmentedRaftLogWorker.java:close(224)) - e2c23766-0faa-4434-a540-c75b6ecba95b@group-B8492642D38F-SegmentedRaftLogWorker close()
2019-11-15 00:02:14,918 [Thread-178] INFO  pipeline.PipelineStateManager (PipelineStateManager.java:removePipeline(106)) - Pipeline Pipeline[ Id: e131343a-34e2-4664-8a7b-b8492642d38f, Nodes: e2c23766-0faa-4434-a540-c75b6ecba95b{ip: 192.168.69.65, host: pr-mpuissue-pdzcc-455137112, networkLocation: /default-rack, certSerialId: null}, Type:RATIS, Factor:ONE, State:CLOSED] removed from db
2019-11-15 00:02:14,919 [Thread-178] INFO  pipeline.SCMPipelineManager (SCMPipelineManager.java:finalizeAndDestroyPipeline(315)) - destroying pipeline:Pipeline[ Id: 0e21af82-257d-4780-88fc-f5a34838df0f, Nodes: d509097d-f1c2-40ef-9226-542c3559615a{ip: 192.168.69.65, host: pr-mpuissue-pdzcc-455137112, networkLocation: /default-rack, certSerialId: null}e2c23766-0faa-4434-a540-c75b6ecba95b{ip: 192.168.69.65, host: pr-mpuissue-pdzcc-455137112, networkLocation: /default-rack, certSerialId: null}99c42c99-9c2b-4147-b956-0f624c47c191{ip: 192.168.69.65, host: pr-mpuissue-pdzcc-455137112, networkLocation: /default-rack, certSerialId: null}, Type:RATIS, Factor:THREE, State:ALLOCATED]
2019-11-15 00:02:14,932 [grpc-default-executor-2] INFO  impl.RaftServerProxy (RaftServerProxy.java:addNew(89)) - e2c23766-0faa-4434-a540-c75b6ecba95b: addNew group-ED9F755C7E12:[e2c23766-0faa-4434-a540-c75b6ecba95b:192.168.69.65:35412] returns group-ED9F755C7E12:java.util.concurrent.CompletableFuture@63ee3093[Not completed]
2019-11-15 00:02:14,933 [pool-47-thread-1] INFO  impl.RaftServerImpl (RaftServerImpl.java:<init>(98)) - e2c23766-0faa-4434-a540-c75b6ecba95b: new RaftServerImpl for group-ED9F755C7E12:[e2c23766-0faa-4434-a540-c75b6ecba95b:192.168.69.65:35412] with ContainerStateMachine:uninitialized
2019-11-15 00:02:14,934 [pool-47-thread-1] INFO  server.RaftServerConfigKeys (ConfUtils.java:logGet(43)) - raft.server.rpc.timeout.min = 5s (custom)
2019-11-15 00:02:14,934 [pool-47-thread-1] INFO  server.RaftServerConfigKeys (ConfUtils.java:logGet(43)) - raft.server.rpc.timeout.max = 5200ms (custom)
2019-11-15 00:02:14,934 [pool-47-thread-1] INFO  server.RaftServerConfigKeys (ConfUtils.java:logGet(43)) - raft.server.rpcslowness.timeout = 120s (custom)
2019-11-15 00:02:14,935 [pool-47-thread-1] INFO  server.RaftServerConfigKeys (ConfUtils.java:logGet(43)) - raft.server.sleep.deviation.threshold = 300 (default)
2019-11-15 00:02:14,935 [pool-47-thread-1] INFO  server.RaftServerConfigKeys (ConfUtils.java:logGet(43)) - raft.server.log.appender.install.snapshot.enabled = false (custom)
2019-11-15 00:02:14,935 [pool-47-thread-1] INFO  impl.RaftServerImpl (ServerState.java:<init>(103)) - e2c23766-0faa-4434-a540-c75b6ecba95b@group-ED9F755C7E12: ConfigurationManager, init=-1: [e2c23766-0faa-4434-a540-c75b6ecba95b:192.168.69.65:35412], old=null, confs=<EMPTY_MAP>
2019-11-15 00:02:14,935 [pool-47-thread-1] INFO  server.RaftServerConfigKeys (ConfUtils.java:logGet(43)) - raft.server.storage.dir = [/workdir/hadoop-ozone/tools/target/test-dir/MiniOzoneClusterImpl-4278b380-cafa-4f61-b9e1-9cfd23694989/datanode-2/data/ratis] (custom)
2019-11-15 00:02:14,935 [pool-47-thread-1] INFO  server.RaftServerConfigKeys (ConfUtils.java:logGet(43)) - raft.server.log.corruption.policy = EXCEPTION (default)
2019-11-15 00:02:14,936 [pool-47-thread-1] INFO  storage.RaftStorageDirectory (RaftStorageDirectory.java:analyzeStorage(246)) - The storage directory /workdir/hadoop-ozone/tools/target/test-dir/MiniOzoneClusterImpl-4278b380-cafa-4f61-b9e1-9cfd23694989/datanode-2/data/ratis/edde79fa-38ce-41f0-9e19-ed9f755c7e12 does not exist. Creating ...
2019-11-15 00:02:14,961 [pool-47-thread-1] INFO  storage.RaftStorageDirectory (RaftStorageDirectory.java:tryLock(328)) - Lock on /workdir/hadoop-ozone/tools/target/test-dir/MiniOzoneClusterImpl-4278b380-cafa-4f61-b9e1-9cfd23694989/datanode-2/data/ratis/edde79fa-38ce-41f0-9e19-ed9f755c7e12/in_use.lock acquired by nodename 9342@pr-mpuissue-pdzcc-455137112
2019-11-15 00:02:14,984 [pool-47-thread-1] INFO  storage.RaftStorage (RaftStorage.java:format(84)) - Storage directory /workdir/hadoop-ozone/tools/target/test-dir/MiniOzoneClusterImpl-4278b380-cafa-4f61-b9e1-9cfd23694989/datanode-2/data/ratis/edde79fa-38ce-41f0-9e19-ed9f755c7e12 has been successfully formatted.
2019-11-15 00:02:14,984 [pool-47-thread-1] INFO  ratis.ContainerStateMachine (ContainerStateMachine.java:loadSnapshot(223)) - group-ED9F755C7E12: The snapshot info is null. Setting the last applied indexto:(t:0, i:~)
2019-11-15 00:02:14,985 [pool-47-thread-1] INFO  server.RaftServerConfigKeys (ConfUtils.java:logGet(43)) - raft.server.notification.no-leader.timeout = 120s (custom)
2019-11-15 00:02:14,985 [pool-47-thread-1] INFO  server.RaftServerConfigKeys (ConfUtils.java:logGet(43)) - raft.server.log.use.memory = false (default)
2019-11-15 00:02:14,985 [pool-47-thread-1] INFO  server.RaftServerConfigKeys (ConfUtils.java:logGet(43)) - raft.server.log.purge.gap = 1000000 (custom)
2019-11-15 00:02:14,985 [pool-47-thread-1] INFO  server.RaftServerConfigKeys (ConfUtils.java:logGet(43)) - raft.server.log.appender.buffer.byte-limit = 33554432 (custom)
2019-11-15 00:02:14,985 [pool-47-thread-1] INFO  server.RaftServerConfigKeys (ConfUtils.java:logGet(43)) - raft.server.log.segment.size.max = 1048576 (custom)
2019-11-15 00:02:14,986 [pool-47-thread-1] INFO  server.RaftServerConfigKeys (ConfUtils.java:logGet(43)) - raft.server.log.segment.cache.num.max = 2 (custom)
2019-11-15 00:02:14,986 [pool-47-thread-1] INFO  segmented.SegmentedRaftLogWorker (SegmentedRaftLogWorker.java:<init>(173)) - new e2c23766-0faa-4434-a540-c75b6ecba95b@group-ED9F755C7E12-SegmentedRaftLogWorker for RaftStorage:Storage Directory /workdir/hadoop-ozone/tools/target/test-dir/MiniOzoneClusterImpl-4278b380-cafa-4f61-b9e1-9cfd23694989/datanode-2/data/ratis/edde79fa-38ce-41f0-9e19-ed9f755c7e12
2019-11-15 00:02:14,986 [pool-47-thread-1] INFO  server.RaftServerConfigKeys (ConfUtils.java:logGet(43)) - raft.server.log.queue.byte-limit = 2147483647 (custom)
2019-11-15 00:02:14,986 [pool-47-thread-1] INFO  server.RaftServerConfigKeys (ConfUtils.java:logGet(43)) - raft.server.log.queue.element-limit = 1024 (custom)
2019-11-15 00:02:14,986 [pool-47-thread-1] INFO  server.RaftServerConfigKeys (ConfUtils.java:logGet(43)) - raft.server.log.segment.size.max = 1048576 (custom)
2019-11-15 00:02:14,986 [pool-47-thread-1] INFO  server.RaftServerConfigKeys (ConfUtils.java:logGet(43)) - raft.server.log.preallocated.size = 16384 (custom)
2019-11-15 00:02:14,987 [pool-47-thread-1] INFO  server.RaftServerConfigKeys (ConfUtils.java:logGet(43)) - raft.server.log.write.buffer.size = 33554432 (custom)
2019-11-15 00:02:14,987 [pool-47-thread-1] INFO  server.RaftServerConfigKeys (ConfUtils.java:logGet(43)) - raft.server.log.force.sync.num = 128 (default)
2019-11-15 00:02:14,987 [pool-47-thread-1] INFO  server.RaftServerConfigKeys (ConfUtils.java:logGet(43)) - raft.server.log.statemachine.data.sync = true (default)
2019-11-15 00:02:14,987 [pool-47-thread-1] INFO  server.RaftServerConfigKeys (ConfUtils.java:logGet(43)) - raft.server.log.statemachine.data.sync.timeout = 10s (default)
2019-11-15 00:02:14,987 [pool-47-thread-1] INFO  server.RaftServerConfigKeys (ConfUtils.java:logGet(43)) - raft.server.log.statemachine.data.sync.timeout.retry = -1 (default)
2019-11-15 00:02:14,987 [pool-47-thread-1] INFO  server.RaftServerConfigKeys (ConfUtils.java:logGet(43)) - raft.server.log.statemachine.data.caching.enabled = true (custom)
2019-11-15 00:02:14,988 [pool-47-thread-1] INFO  segmented.SegmentedRaftLogWorker (SegmentedRaftLogWorker.java:lambda$new$0(128)) - e2c23766-0faa-4434-a540-c75b6ecba95b@group-ED9F755C7E12-SegmentedRaftLogWorker: flushIndex: setUnconditionally 0 -> -1
2019-11-15 00:02:14,988 [pool-47-thread-1] INFO  server.RaftServerConfigKeys (ConfUtils.java:logGet(43)) - raft.server.snapshot.auto.trigger.enabled = true (custom)
2019-11-15 00:02:14,988 [pool-47-thread-1] INFO  server.RaftServerConfigKeys (ConfUtils.java:logGet(43)) - raft.server.snapshot.auto.trigger.threshold = 10000 (custom)
2019-11-15 00:02:14,989 [pool-47-thread-1] INFO  server.RaftServerConfigKeys (ConfUtils.java:logGet(43)) - raft.server.snapshot.retention.file.num = 5 (custom)
2019-11-15 00:02:14,989 [pool-47-thread-1] INFO  server.RaftServerConfigKeys (ConfUtils.java:logGet(43)) - raft.server.retrycache.expirytime = 600000ms (custom)
2019-11-15 00:02:14,989 [pool-47-thread-1] WARN  impl.MetricRegistriesImpl (MetricRegistriesImpl.java:lambda$create$1(61)) - First MetricRegistry has been created without registering reporters. You may need to call MetricRegistries.global().addReportRegistration(...) before.
2019-11-15 00:02:14,989 [pool-47-thread-1] WARN  impl.MetricRegistriesImpl (MetricRegistriesImpl.java:lambda$create$1(61)) - First MetricRegistry has been created without registering reporters. You may need to call MetricRegistries.global().addReportRegistration(...) before.
2019-11-15 00:02:14,990 [pool-47-thread-1] INFO  impl.RaftServerImpl (RaftServerImpl.java:start(184)) - e2c23766-0faa-4434-a540-c75b6ecba95b@group-ED9F755C7E12: start as a follower, conf=-1: [e2c23766-0faa-4434-a540-c75b6ecba95b:192.168.69.65:35412], old=null
2019-11-15 00:02:14,990 [pool-47-thread-1] INFO  impl.RaftServerImpl (RaftServerImpl.java:setRole(173)) - e2c23766-0faa-4434-a540-c75b6ecba95b@group-ED9F755C7E12: changes role from      null to FOLLOWER at term 0 for startAsFollower
2019-11-15 00:02:14,990 [pool-47-thread-1] INFO  impl.RoleInfo (RoleInfo.java:updateAndGet(143)) - e2c23766-0faa-4434-a540-c75b6ecba95b: start FollowerState
2019-11-15 00:02:14,991 [pool-47-thread-1] INFO  util.JmxRegister (JmxRegister.java:tryRegister(44)) - Successfully registered JMX Bean with object name Ratis:service=RaftServer,group=group-ED9F755C7E12,id=e2c23766-0faa-4434-a540-c75b6ecba95b
2019-11-15 00:02:14,991 [pool-47-thread-1] WARN  impl.MetricRegistriesImpl (MetricRegistriesImpl.java:lambda$create$1(61)) - First MetricRegistry has been created without registering reporters. You may need to call MetricRegistries.global().addReportRegistration(...) before.
2019-11-15 00:02:14,999 [RatisPipelineUtilsThread] INFO  pipeline.PipelineStateManager (PipelineStateManager.java:addPipeline(55)) - Created pipeline Pipeline[ Id: edde79fa-38ce-41f0-9e19-ed9f755c7e12, Nodes: e2c23766-0faa-4434-a540-c75b6ecba95b{ip: 192.168.69.65, host: pr-mpuissue-pdzcc-455137112, networkLocation: /default-rack, certSerialId: null}, Type:RATIS, Factor:ONE, State:ALLOCATED]
2019-11-15 00:02:15,001 [Thread-178] INFO  pipeline.PipelineStateManager (PipelineStateManager.java:finalizePipeline(121)) - Pipeline Pipeline[ Id: 0e21af82-257d-4780-88fc-f5a34838df0f, Nodes: d509097d-f1c2-40ef-9226-542c3559615a{ip: 192.168.69.65, host: pr-mpuissue-pdzcc-455137112, networkLocation: /default-rack, certSerialId: null}e2c23766-0faa-4434-a540-c75b6ecba95b{ip: 192.168.69.65, host: pr-mpuissue-pdzcc-455137112, networkLocation: /default-rack, certSerialId: null}99c42c99-9c2b-4147-b956-0f624c47c191{ip: 192.168.69.65, host: pr-mpuissue-pdzcc-455137112, networkLocation: /default-rack, certSerialId: null}, Type:RATIS, Factor:THREE, State:CLOSED] moved to CLOSED state
2019-11-15 00:02:15,002 [main] INFO  ozone.MiniOzoneClusterImpl (MiniOzoneClusterImpl.java:lambda$waitForClusterToBeReady$2(163)) - Waiting for 3 number of pipelines out of 4, to report a leader.
2019-11-15 00:02:15,021 [grpc-default-executor-2] INFO  impl.RaftServerProxy (RaftServerProxy.java:remove(95)) - d509097d-f1c2-40ef-9226-542c3559615a: remove  FOLLOWER d509097d-f1c2-40ef-9226-542c3559615a@group-F5A34838DF0F:t0, leader=null, voted=null, raftlog=d509097d-f1c2-40ef-9226-542c3559615a@group-F5A34838DF0F-SegmentedRaftLog:OPENED:c-1,f-1,i0, conf=-1: [e2c23766-0faa-4434-a540-c75b6ecba95b:192.168.69.65:35412, d509097d-f1c2-40ef-9226-542c3559615a:192.168.69.65:34122, 99c42c99-9c2b-4147-b956-0f624c47c191:192.168.69.65:46829], old=null RUNNING
2019-11-15 00:02:15,023 [grpc-default-executor-2] INFO  impl.RaftServerImpl (RaftServerImpl.java:lambda$shutdown$3(250)) - d509097d-f1c2-40ef-9226-542c3559615a@group-F5A34838DF0F: shutdown
2019-11-15 00:02:15,024 [grpc-default-executor-2] INFO  util.JmxRegister (JmxRegister.java:unregister(73)) - Successfully un-registered JMX Bean with object name Ratis:service=RaftServer,group=group-F5A34838DF0F,id=d509097d-f1c2-40ef-9226-542c3559615a
2019-11-15 00:02:15,024 [grpc-default-executor-2] INFO  impl.RoleInfo (RoleInfo.java:shutdownFollowerState(121)) - d509097d-f1c2-40ef-9226-542c3559615a: shutdown FollowerState
2019-11-15 00:02:15,024 [grpc-default-executor-2] INFO  impl.StateMachineUpdater (StateMachineUpdater.java:stopAndJoin(136)) - d509097d-f1c2-40ef-9226-542c3559615a@group-F5A34838DF0F-StateMachineUpdater: set stopIndex = -1
2019-11-15 00:02:15,025 [Thread-193] INFO  impl.FollowerState (FollowerState.java:run(120)) - d509097d-f1c2-40ef-9226-542c3559615a@group-F5A34838DF0F-FollowerState was interrupted: java.lang.InterruptedException: sleep interrupted
2019-11-15 00:02:15,026 [grpc-default-executor-2] INFO  impl.RaftServerImpl (ServerState.java:close(387)) - d509097d-f1c2-40ef-9226-542c3559615a@group-F5A34838DF0F: closes. applyIndex: -1
2019-11-15 00:02:15,028 [d509097d-f1c2-40ef-9226-542c3559615a@group-F5A34838DF0F-SegmentedRaftLogWorker] INFO  segmented.SegmentedRaftLogWorker (SegmentedRaftLogWorker.java:run(316)) - d509097d-f1c2-40ef-9226-542c3559615a@group-F5A34838DF0F-SegmentedRaftLogWorker was interrupted, exiting. There are 0 tasks remaining in the queue.
2019-11-15 00:02:15,028 [grpc-default-executor-2] INFO  segmented.SegmentedRaftLogWorker (SegmentedRaftLogWorker.java:close(224)) - d509097d-f1c2-40ef-9226-542c3559615a@group-F5A34838DF0F-SegmentedRaftLogWorker close()
2019-11-15 00:02:15,047 [grpc-default-executor-2] INFO  impl.RaftServerProxy (RaftServerProxy.java:remove(95)) - e2c23766-0faa-4434-a540-c75b6ecba95b: remove  FOLLOWER e2c23766-0faa-4434-a540-c75b6ecba95b@group-F5A34838DF0F:t0, leader=null, voted=null, raftlog=e2c23766-0faa-4434-a540-c75b6ecba95b@group-F5A34838DF0F-SegmentedRaftLog:OPENED:c-1,f-1,i0, conf=-1: [e2c23766-0faa-4434-a540-c75b6ecba95b:192.168.69.65:35412, d509097d-f1c2-40ef-9226-542c3559615a:192.168.69.65:34122, 99c42c99-9c2b-4147-b956-0f624c47c191:192.168.69.65:46829], old=null RUNNING
2019-11-15 00:02:15,048 [grpc-default-executor-2] INFO  impl.RaftServerImpl (RaftServerImpl.java:lambda$shutdown$3(250)) - e2c23766-0faa-4434-a540-c75b6ecba95b@group-F5A34838DF0F: shutdown
2019-11-15 00:02:15,048 [grpc-default-executor-2] INFO  util.JmxRegister (JmxRegister.java:unregister(73)) - Successfully un-registered JMX Bean with object name Ratis:service=RaftServer,group=group-F5A34838DF0F,id=e2c23766-0faa-4434-a540-c75b6ecba95b
2019-11-15 00:02:15,048 [grpc-default-executor-2] INFO  impl.RoleInfo (RoleInfo.java:shutdownFollowerState(121)) - e2c23766-0faa-4434-a540-c75b6ecba95b: shutdown FollowerState
2019-11-15 00:02:15,048 [grpc-default-executor-2] INFO  impl.StateMachineUpdater (StateMachineUpdater.java:stopAndJoin(136)) - e2c23766-0faa-4434-a540-c75b6ecba95b@group-F5A34838DF0F-StateMachineUpdater: set stopIndex = -1
2019-11-15 00:02:15,048 [Thread-194] INFO  impl.FollowerState (FollowerState.java:run(120)) - e2c23766-0faa-4434-a540-c75b6ecba95b@group-F5A34838DF0F-FollowerState was interrupted: java.lang.InterruptedException: sleep interrupted
2019-11-15 00:02:15,049 [grpc-default-executor-2] INFO  impl.RaftServerImpl (ServerState.java:close(387)) - e2c23766-0faa-4434-a540-c75b6ecba95b@group-F5A34838DF0F: closes. applyIndex: -1
2019-11-15 00:02:15,050 [e2c23766-0faa-4434-a540-c75b6ecba95b@group-F5A34838DF0F-SegmentedRaftLogWorker] INFO  segmented.SegmentedRaftLogWorker (SegmentedRaftLogWorker.java:run(316)) - e2c23766-0faa-4434-a540-c75b6ecba95b@group-F5A34838DF0F-SegmentedRaftLogWorker was interrupted, exiting. There are 0 tasks remaining in the queue.
2019-11-15 00:02:15,050 [grpc-default-executor-2] INFO  segmented.SegmentedRaftLogWorker (SegmentedRaftLogWorker.java:close(224)) - e2c23766-0faa-4434-a540-c75b6ecba95b@group-F5A34838DF0F-SegmentedRaftLogWorker close()
2019-11-15 00:02:15,067 [grpc-default-executor-2] INFO  impl.RaftServerProxy (RaftServerProxy.java:remove(95)) - 99c42c99-9c2b-4147-b956-0f624c47c191: remove  FOLLOWER 99c42c99-9c2b-4147-b956-0f624c47c191@group-F5A34838DF0F:t0, leader=null, voted=null, raftlog=99c42c99-9c2b-4147-b956-0f624c47c191@group-F5A34838DF0F-SegmentedRaftLog:OPENED:c-1,f-1,i0, conf=-1: [e2c23766-0faa-4434-a540-c75b6ecba95b:192.168.69.65:35412, d509097d-f1c2-40ef-9226-542c3559615a:192.168.69.65:34122, 99c42c99-9c2b-4147-b956-0f624c47c191:192.168.69.65:46829], old=null RUNNING
2019-11-15 00:02:15,068 [grpc-default-executor-2] INFO  impl.RaftServerImpl (RaftServerImpl.java:lambda$shutdown$3(250)) - 99c42c99-9c2b-4147-b956-0f624c47c191@group-F5A34838DF0F: shutdown
2019-11-15 00:02:15,068 [grpc-default-executor-2] INFO  util.JmxRegister (JmxRegister.java:unregister(73)) - Successfully un-registered JMX Bean with object name Ratis:service=RaftServer,group=group-F5A34838DF0F,id=99c42c99-9c2b-4147-b956-0f624c47c191
2019-11-15 00:02:15,068 [grpc-default-executor-2] INFO  impl.RoleInfo (RoleInfo.java:shutdownFollowerState(121)) - 99c42c99-9c2b-4147-b956-0f624c47c191: shutdown FollowerState
2019-11-15 00:02:15,068 [grpc-default-executor-2] INFO  impl.StateMachineUpdater (StateMachineUpdater.java:stopAndJoin(136)) - 99c42c99-9c2b-4147-b956-0f624c47c191@group-F5A34838DF0F-StateMachineUpdater: set stopIndex = -1
2019-11-15 00:02:15,068 [Thread-189] INFO  impl.FollowerState (FollowerState.java:run(120)) - 99c42c99-9c2b-4147-b956-0f624c47c191@group-F5A34838DF0F-FollowerState was interrupted: java.lang.InterruptedException: sleep interrupted
2019-11-15 00:02:15,069 [grpc-default-executor-2] INFO  impl.RaftServerImpl (ServerState.java:close(387)) - 99c42c99-9c2b-4147-b956-0f624c47c191@group-F5A34838DF0F: closes. applyIndex: -1
2019-11-15 00:02:15,070 [99c42c99-9c2b-4147-b956-0f624c47c191@group-F5A34838DF0F-SegmentedRaftLogWorker] INFO  segmented.SegmentedRaftLogWorker (SegmentedRaftLogWorker.java:run(316)) - 99c42c99-9c2b-4147-b956-0f624c47c191@group-F5A34838DF0F-SegmentedRaftLogWorker was interrupted, exiting. There are 0 tasks remaining in the queue.
2019-11-15 00:02:15,070 [grpc-default-executor-2] INFO  segmented.SegmentedRaftLogWorker (SegmentedRaftLogWorker.java:close(224)) - 99c42c99-9c2b-4147-b956-0f624c47c191@group-F5A34838DF0F-SegmentedRaftLogWorker close()
2019-11-15 00:02:15,078 [Thread-178] INFO  pipeline.PipelineStateManager (PipelineStateManager.java:removePipeline(106)) - Pipeline Pipeline[ Id: 0e21af82-257d-4780-88fc-f5a34838df0f, Nodes: d509097d-f1c2-40ef-9226-542c3559615a{ip: 192.168.69.65, host: pr-mpuissue-pdzcc-455137112, networkLocation: /default-rack, certSerialId: null}e2c23766-0faa-4434-a540-c75b6ecba95b{ip: 192.168.69.65, host: pr-mpuissue-pdzcc-455137112, networkLocation: /default-rack, certSerialId: null}99c42c99-9c2b-4147-b956-0f624c47c191{ip: 192.168.69.65, host: pr-mpuissue-pdzcc-455137112, networkLocation: /default-rack, certSerialId: null}, Type:RATIS, Factor:THREE, State:CLOSED] removed from db
2019-11-15 00:02:15,079 [Thread-178] INFO  pipeline.SCMPipelineManager (SCMPipelineManager.java:finalizeAndDestroyPipeline(315)) - destroying pipeline:Pipeline[ Id: 91025657-36f5-49ae-9744-31f15fbfed53, Nodes: 99c42c99-9c2b-4147-b956-0f624c47c191{ip: 192.168.69.65, host: pr-mpuissue-pdzcc-455137112, networkLocation: /default-rack, certSerialId: null}, Type:RATIS, Factor:ONE, State:ALLOCATED]
2019-11-15 00:02:15,098 [grpc-default-executor-1] INFO  impl.RaftServerProxy (RaftServerProxy.java:addNew(89)) - e2c23766-0faa-4434-a540-c75b6ecba95b: addNew group-7FCE2B30125B:[e2c23766-0faa-4434-a540-c75b6ecba95b:192.168.69.65:35412, d509097d-f1c2-40ef-9226-542c3559615a:192.168.69.65:34122, 99c42c99-9c2b-4147-b956-0f624c47c191:192.168.69.65:46829] returns group-7FCE2B30125B:java.util.concurrent.CompletableFuture@867307[Not completed]
2019-11-15 00:02:15,100 [grpc-default-executor-2] INFO  impl.RaftServerProxy (RaftServerProxy.java:addNew(89)) - d509097d-f1c2-40ef-9226-542c3559615a: addNew group-7FCE2B30125B:[e2c23766-0faa-4434-a540-c75b6ecba95b:192.168.69.65:35412, d509097d-f1c2-40ef-9226-542c3559615a:192.168.69.65:34122, 99c42c99-9c2b-4147-b956-0f624c47c191:192.168.69.65:46829] returns group-7FCE2B30125B:java.util.concurrent.CompletableFuture@628afc6e[Not completed]
2019-11-15 00:02:15,101 [grpc-default-executor-1] INFO  impl.RaftServerProxy (RaftServerProxy.java:addNew(89)) - 99c42c99-9c2b-4147-b956-0f624c47c191: addNew group-7FCE2B30125B:[e2c23766-0faa-4434-a540-c75b6ecba95b:192.168.69.65:35412, d509097d-f1c2-40ef-9226-542c3559615a:192.168.69.65:34122, 99c42c99-9c2b-4147-b956-0f624c47c191:192.168.69.65:46829] returns group-7FCE2B30125B:java.util.concurrent.CompletableFuture@2b24fc22[Not completed]
2019-11-15 00:02:15,147 [pool-27-thread-1] INFO  impl.RaftServerImpl (RaftServerImpl.java:<init>(98)) - 99c42c99-9c2b-4147-b956-0f624c47c191: new RaftServerImpl for group-7FCE2B30125B:[e2c23766-0faa-4434-a540-c75b6ecba95b:192.168.69.65:35412, d509097d-f1c2-40ef-9226-542c3559615a:192.168.69.65:34122, 99c42c99-9c2b-4147-b956-0f624c47c191:192.168.69.65:46829] with ContainerStateMachine:uninitialized
2019-11-15 00:02:15,148 [pool-27-thread-1] INFO  server.RaftServerConfigKeys (ConfUtils.java:logGet(43)) - raft.server.rpc.timeout.min = 5s (custom)
2019-11-15 00:02:15,148 [pool-27-thread-1] INFO  server.RaftServerConfigKeys (ConfUtils.java:logGet(43)) - raft.server.rpc.timeout.max = 5200ms (custom)
2019-11-15 00:02:15,148 [pool-27-thread-1] INFO  server.RaftServerConfigKeys (ConfUtils.java:logGet(43)) - raft.server.rpcslowness.timeout = 120s (custom)
2019-11-15 00:02:15,148 [pool-37-thread-1] INFO  impl.RaftServerImpl (RaftServerImpl.java:<init>(98)) - d509097d-f1c2-40ef-9226-542c3559615a: new RaftServerImpl for group-7FCE2B30125B:[e2c23766-0faa-4434-a540-c75b6ecba95b:192.168.69.65:35412, d509097d-f1c2-40ef-9226-542c3559615a:192.168.69.65:34122, 99c42c99-9c2b-4147-b956-0f624c47c191:192.168.69.65:46829] with ContainerStateMachine:uninitialized
2019-11-15 00:02:15,148 [pool-27-thread-1] INFO  server.RaftServerConfigKeys (ConfUtils.java:logGet(43)) - raft.server.sleep.deviation.threshold = 300 (default)
2019-11-15 00:02:15,148 [pool-37-thread-1] INFO  server.RaftServerConfigKeys (ConfUtils.java:logGet(43)) - raft.server.rpc.timeout.min = 5s (custom)
2019-11-15 00:02:15,149 [pool-27-thread-1] INFO  server.RaftServerConfigKeys (ConfUtils.java:logGet(43)) - raft.server.log.appender.install.snapshot.enabled = false (custom)
2019-11-15 00:02:15,149 [pool-37-thread-1] INFO  server.RaftServerConfigKeys (ConfUtils.java:logGet(43)) - raft.server.rpc.timeout.max = 5200ms (custom)
2019-11-15 00:02:15,149 [pool-27-thread-1] INFO  impl.RaftServerImpl (ServerState.java:<init>(103)) - 99c42c99-9c2b-4147-b956-0f624c47c191@group-7FCE2B30125B: ConfigurationManager, init=-1: [e2c23766-0faa-4434-a540-c75b6ecba95b:192.168.69.65:35412, d509097d-f1c2-40ef-9226-542c3559615a:192.168.69.65:34122, 99c42c99-9c2b-4147-b956-0f624c47c191:192.168.69.65:46829], old=null, confs=<EMPTY_MAP>
2019-11-15 00:02:15,149 [pool-37-thread-1] INFO  server.RaftServerConfigKeys (ConfUtils.java:logGet(43)) - raft.server.rpcslowness.timeout = 120s (custom)
2019-11-15 00:02:15,149 [pool-37-thread-1] INFO  server.RaftServerConfigKeys (ConfUtils.java:logGet(43)) - raft.server.sleep.deviation.threshold = 300 (default)
2019-11-15 00:02:15,149 [pool-27-thread-1] INFO  server.RaftServerConfigKeys (ConfUtils.java:logGet(43)) - raft.server.storage.dir = [/workdir/hadoop-ozone/tools/target/test-dir/MiniOzoneClusterImpl-4278b380-cafa-4f61-b9e1-9cfd23694989/datanode-0/data/ratis] (custom)
2019-11-15 00:02:15,149 [pool-37-thread-1] INFO  server.RaftServerConfigKeys (ConfUtils.java:logGet(43)) - raft.server.log.appender.install.snapshot.enabled = false (custom)
2019-11-15 00:02:15,150 [pool-37-thread-1] INFO  impl.RaftServerImpl (ServerState.java:<init>(103)) - d509097d-f1c2-40ef-9226-542c3559615a@group-7FCE2B30125B: ConfigurationManager, init=-1: [e2c23766-0faa-4434-a540-c75b6ecba95b:192.168.69.65:35412, d509097d-f1c2-40ef-9226-542c3559615a:192.168.69.65:34122, 99c42c99-9c2b-4147-b956-0f624c47c191:192.168.69.65:46829], old=null, confs=<EMPTY_MAP>
2019-11-15 00:02:15,150 [pool-27-thread-1] INFO  server.RaftServerConfigKeys (ConfUtils.java:logGet(43)) - raft.server.log.corruption.policy = EXCEPTION (default)
2019-11-15 00:02:15,150 [pool-37-thread-1] INFO  server.RaftServerConfigKeys (ConfUtils.java:logGet(43)) - raft.server.storage.dir = [/workdir/hadoop-ozone/tools/target/test-dir/MiniOzoneClusterImpl-4278b380-cafa-4f61-b9e1-9cfd23694989/datanode-1/data/ratis] (custom)
2019-11-15 00:02:15,150 [pool-27-thread-1] INFO  storage.RaftStorageDirectory (RaftStorageDirectory.java:analyzeStorage(246)) - The storage directory /workdir/hadoop-ozone/tools/target/test-dir/MiniOzoneClusterImpl-4278b380-cafa-4f61-b9e1-9cfd23694989/datanode-0/data/ratis/6521f1b3-4ec1-450c-9fb8-7fce2b30125b does not exist. Creating ...
2019-11-15 00:02:15,150 [pool-37-thread-1] INFO  server.RaftServerConfigKeys (ConfUtils.java:logGet(43)) - raft.server.log.corruption.policy = EXCEPTION (default)
2019-11-15 00:02:15,150 [pool-47-thread-1] INFO  impl.RaftServerImpl (RaftServerImpl.java:<init>(98)) - e2c23766-0faa-4434-a540-c75b6ecba95b: new RaftServerImpl for group-7FCE2B30125B:[e2c23766-0faa-4434-a540-c75b6ecba95b:192.168.69.65:35412, d509097d-f1c2-40ef-9226-542c3559615a:192.168.69.65:34122, 99c42c99-9c2b-4147-b956-0f624c47c191:192.168.69.65:46829] with ContainerStateMachine:uninitialized
2019-11-15 00:02:15,150 [pool-37-thread-1] INFO  storage.RaftStorageDirectory (RaftStorageDirectory.java:analyzeStorage(246)) - The storage directory /workdir/hadoop-ozone/tools/target/test-dir/MiniOzoneClusterImpl-4278b380-cafa-4f61-b9e1-9cfd23694989/datanode-1/data/ratis/6521f1b3-4ec1-450c-9fb8-7fce2b30125b does not exist. Creating ...
2019-11-15 00:02:15,151 [pool-47-thread-1] INFO  server.RaftServerConfigKeys (ConfUtils.java:logGet(43)) - raft.server.rpc.timeout.min = 5s (custom)
2019-11-15 00:02:15,151 [pool-47-thread-1] INFO  server.RaftServerConfigKeys (ConfUtils.java:logGet(43)) - raft.server.rpc.timeout.max = 5200ms (custom)
2019-11-15 00:02:15,151 [pool-47-thread-1] INFO  server.RaftServerConfigKeys (ConfUtils.java:logGet(43)) - raft.server.rpcslowness.timeout = 120s (custom)
2019-11-15 00:02:15,151 [pool-47-thread-1] INFO  server.RaftServerConfigKeys (ConfUtils.java:logGet(43)) - raft.server.sleep.deviation.threshold = 300 (default)
2019-11-15 00:02:15,152 [pool-47-thread-1] INFO  server.RaftServerConfigKeys (ConfUtils.java:logGet(43)) - raft.server.log.appender.install.snapshot.enabled = false (custom)
2019-11-15 00:02:15,152 [pool-47-thread-1] INFO  impl.RaftServerImpl (ServerState.java:<init>(103)) - e2c23766-0faa-4434-a540-c75b6ecba95b@group-7FCE2B30125B: ConfigurationManager, init=-1: [e2c23766-0faa-4434-a540-c75b6ecba95b:192.168.69.65:35412, d509097d-f1c2-40ef-9226-542c3559615a:192.168.69.65:34122, 99c42c99-9c2b-4147-b956-0f624c47c191:192.168.69.65:46829], old=null, confs=<EMPTY_MAP>
2019-11-15 00:02:15,152 [pool-47-thread-1] INFO  server.RaftServerConfigKeys (ConfUtils.java:logGet(43)) - raft.server.storage.dir = [/workdir/hadoop-ozone/tools/target/test-dir/MiniOzoneClusterImpl-4278b380-cafa-4f61-b9e1-9cfd23694989/datanode-2/data/ratis] (custom)
2019-11-15 00:02:15,153 [pool-47-thread-1] INFO  server.RaftServerConfigKeys (ConfUtils.java:logGet(43)) - raft.server.log.corruption.policy = EXCEPTION (default)
2019-11-15 00:02:15,153 [pool-47-thread-1] INFO  storage.RaftStorageDirectory (RaftStorageDirectory.java:analyzeStorage(246)) - The storage directory /workdir/hadoop-ozone/tools/target/test-dir/MiniOzoneClusterImpl-4278b380-cafa-4f61-b9e1-9cfd23694989/datanode-2/data/ratis/6521f1b3-4ec1-450c-9fb8-7fce2b30125b does not exist. Creating ...
2019-11-15 00:02:15,176 [pool-37-thread-1] INFO  storage.RaftStorageDirectory (RaftStorageDirectory.java:tryLock(328)) - Lock on /workdir/hadoop-ozone/tools/target/test-dir/MiniOzoneClusterImpl-4278b380-cafa-4f61-b9e1-9cfd23694989/datanode-1/data/ratis/6521f1b3-4ec1-450c-9fb8-7fce2b30125b/in_use.lock acquired by nodename 9342@pr-mpuissue-pdzcc-455137112
2019-11-15 00:02:15,176 [pool-27-thread-1] INFO  storage.RaftStorageDirectory (RaftStorageDirectory.java:tryLock(328)) - Lock on /workdir/hadoop-ozone/tools/target/test-dir/MiniOzoneClusterImpl-4278b380-cafa-4f61-b9e1-9cfd23694989/datanode-0/data/ratis/6521f1b3-4ec1-450c-9fb8-7fce2b30125b/in_use.lock acquired by nodename 9342@pr-mpuissue-pdzcc-455137112
2019-11-15 00:02:15,176 [pool-47-thread-1] INFO  storage.RaftStorageDirectory (RaftStorageDirectory.java:tryLock(328)) - Lock on /workdir/hadoop-ozone/tools/target/test-dir/MiniOzoneClusterImpl-4278b380-cafa-4f61-b9e1-9cfd23694989/datanode-2/data/ratis/6521f1b3-4ec1-450c-9fb8-7fce2b30125b/in_use.lock acquired by nodename 9342@pr-mpuissue-pdzcc-455137112
2019-11-15 00:02:15,200 [pool-37-thread-1] INFO  storage.RaftStorage (RaftStorage.java:format(84)) - Storage directory /workdir/hadoop-ozone/tools/target/test-dir/MiniOzoneClusterImpl-4278b380-cafa-4f61-b9e1-9cfd23694989/datanode-1/data/ratis/6521f1b3-4ec1-450c-9fb8-7fce2b30125b has been successfully formatted.
2019-11-15 00:02:15,200 [pool-47-thread-1] INFO  storage.RaftStorage (RaftStorage.java:format(84)) - Storage directory /workdir/hadoop-ozone/tools/target/test-dir/MiniOzoneClusterImpl-4278b380-cafa-4f61-b9e1-9cfd23694989/datanode-2/data/ratis/6521f1b3-4ec1-450c-9fb8-7fce2b30125b has been successfully formatted.
2019-11-15 00:02:15,200 [pool-27-thread-1] INFO  storage.RaftStorage (RaftStorage.java:format(84)) - Storage directory /workdir/hadoop-ozone/tools/target/test-dir/MiniOzoneClusterImpl-4278b380-cafa-4f61-b9e1-9cfd23694989/datanode-0/data/ratis/6521f1b3-4ec1-450c-9fb8-7fce2b30125b has been successfully formatted.
2019-11-15 00:02:15,201 [pool-37-thread-1] INFO  ratis.ContainerStateMachine (ContainerStateMachine.java:loadSnapshot(223)) - group-7FCE2B30125B: The snapshot info is null. Setting the last applied indexto:(t:0, i:~)
2019-11-15 00:02:15,201 [pool-47-thread-1] INFO  ratis.ContainerStateMachine (ContainerStateMachine.java:loadSnapshot(223)) - group-7FCE2B30125B: The snapshot info is null. Setting the last applied indexto:(t:0, i:~)
2019-11-15 00:02:15,201 [pool-37-thread-1] INFO  server.RaftServerConfigKeys (ConfUtils.java:logGet(43)) - raft.server.notification.no-leader.timeout = 120s (custom)
2019-11-15 00:02:15,201 [pool-27-thread-1] INFO  ratis.ContainerStateMachine (ContainerStateMachine.java:loadSnapshot(223)) - group-7FCE2B30125B: The snapshot info is null. Setting the last applied indexto:(t:0, i:~)
2019-11-15 00:02:15,201 [pool-37-thread-1] INFO  server.RaftServerConfigKeys (ConfUtils.java:logGet(43)) - raft.server.log.use.memory = false (default)
2019-11-15 00:02:15,201 [pool-47-thread-1] INFO  server.RaftServerConfigKeys (ConfUtils.java:logGet(43)) - raft.server.notification.no-leader.timeout = 120s (custom)
2019-11-15 00:02:15,201 [pool-37-thread-1] INFO  server.RaftServerConfigKeys (ConfUtils.java:logGet(43)) - raft.server.log.purge.gap = 1000000 (custom)
2019-11-15 00:02:15,201 [pool-27-thread-1] INFO  server.RaftServerConfigKeys (ConfUtils.java:logGet(43)) - raft.server.notification.no-leader.timeout = 120s (custom)
2019-11-15 00:02:15,202 [pool-37-thread-1] INFO  server.RaftServerConfigKeys (ConfUtils.java:logGet(43)) - raft.server.log.appender.buffer.byte-limit = 33554432 (custom)
2019-11-15 00:02:15,202 [pool-47-thread-1] INFO  server.RaftServerConfigKeys (ConfUtils.java:logGet(43)) - raft.server.log.use.memory = false (default)
2019-11-15 00:02:15,202 [pool-37-thread-1] INFO  server.RaftServerConfigKeys (ConfUtils.java:logGet(43)) - raft.server.log.segment.size.max = 1048576 (custom)
2019-11-15 00:02:15,202 [pool-27-thread-1] INFO  server.RaftServerConfigKeys (ConfUtils.java:logGet(43)) - raft.server.log.use.memory = false (default)
2019-11-15 00:02:15,202 [pool-37-thread-1] INFO  server.RaftServerConfigKeys (ConfUtils.java:logGet(43)) - raft.server.log.segment.cache.num.max = 2 (custom)
2019-11-15 00:02:15,202 [pool-47-thread-1] INFO  server.RaftServerConfigKeys (ConfUtils.java:logGet(43)) - raft.server.log.purge.gap = 1000000 (custom)
2019-11-15 00:02:15,202 [pool-37-thread-1] INFO  segmented.SegmentedRaftLogWorker (SegmentedRaftLogWorker.java:<init>(173)) - new d509097d-f1c2-40ef-9226-542c3559615a@group-7FCE2B30125B-SegmentedRaftLogWorker for RaftStorage:Storage Directory /workdir/hadoop-ozone/tools/target/test-dir/MiniOzoneClusterImpl-4278b380-cafa-4f61-b9e1-9cfd23694989/datanode-1/data/ratis/6521f1b3-4ec1-450c-9fb8-7fce2b30125b
2019-11-15 00:02:15,202 [pool-27-thread-1] INFO  server.RaftServerConfigKeys (ConfUtils.java:logGet(43)) - raft.server.log.purge.gap = 1000000 (custom)
2019-11-15 00:02:15,203 [pool-37-thread-1] INFO  server.RaftServerConfigKeys (ConfUtils.java:logGet(43)) - raft.server.log.queue.byte-limit = 2147483647 (custom)
2019-11-15 00:02:15,202 [pool-47-thread-1] INFO  server.RaftServerConfigKeys (ConfUtils.java:logGet(43)) - raft.server.log.appender.buffer.byte-limit = 33554432 (custom)
2019-11-15 00:02:15,203 [pool-37-thread-1] INFO  server.RaftServerConfigKeys (ConfUtils.java:logGet(43)) - raft.server.log.queue.element-limit = 1024 (custom)
2019-11-15 00:02:15,203 [pool-27-thread-1] INFO  server.RaftServerConfigKeys (ConfUtils.java:logGet(43)) - raft.server.log.appender.buffer.byte-limit = 33554432 (custom)
2019-11-15 00:02:15,203 [pool-37-thread-1] INFO  server.RaftServerConfigKeys (ConfUtils.java:logGet(43)) - raft.server.log.segment.size.max = 1048576 (custom)
2019-11-15 00:02:15,203 [pool-27-thread-1] INFO  server.RaftServerConfigKeys (ConfUtils.java:logGet(43)) - raft.server.log.segment.size.max = 1048576 (custom)
2019-11-15 00:02:15,203 [pool-47-thread-1] INFO  server.RaftServerConfigKeys (ConfUtils.java:logGet(43)) - raft.server.log.segment.size.max = 1048576 (custom)
2019-11-15 00:02:15,203 [pool-27-thread-1] INFO  server.RaftServerConfigKeys (ConfUtils.java:logGet(43)) - raft.server.log.segment.cache.num.max = 2 (custom)
2019-11-15 00:02:15,203 [pool-37-thread-1] INFO  server.RaftServerConfigKeys (ConfUtils.java:logGet(43)) - raft.server.log.preallocated.size = 16384 (custom)
2019-11-15 00:02:15,204 [pool-27-thread-1] INFO  segmented.SegmentedRaftLogWorker (SegmentedRaftLogWorker.java:<init>(173)) - new 99c42c99-9c2b-4147-b956-0f624c47c191@group-7FCE2B30125B-SegmentedRaftLogWorker for RaftStorage:Storage Directory /workdir/hadoop-ozone/tools/target/test-dir/MiniOzoneClusterImpl-4278b380-cafa-4f61-b9e1-9cfd23694989/datanode-0/data/ratis/6521f1b3-4ec1-450c-9fb8-7fce2b30125b
2019-11-15 00:02:15,204 [pool-47-thread-1] INFO  server.RaftServerConfigKeys (ConfUtils.java:logGet(43)) - raft.server.log.segment.cache.num.max = 2 (custom)
2019-11-15 00:02:15,204 [pool-27-thread-1] INFO  server.RaftServerConfigKeys (ConfUtils.java:logGet(43)) - raft.server.log.queue.byte-limit = 2147483647 (custom)
2019-11-15 00:02:15,204 [pool-37-thread-1] INFO  server.RaftServerConfigKeys (ConfUtils.java:logGet(43)) - raft.server.log.write.buffer.size = 33554432 (custom)
2019-11-15 00:02:15,204 [pool-27-thread-1] INFO  server.RaftServerConfigKeys (ConfUtils.java:logGet(43)) - raft.server.log.queue.element-limit = 1024 (custom)
2019-11-15 00:02:15,204 [pool-47-thread-1] INFO  segmented.SegmentedRaftLogWorker (SegmentedRaftLogWorker.java:<init>(173)) - new e2c23766-0faa-4434-a540-c75b6ecba95b@group-7FCE2B30125B-SegmentedRaftLogWorker for RaftStorage:Storage Directory /workdir/hadoop-ozone/tools/target/test-dir/MiniOzoneClusterImpl-4278b380-cafa-4f61-b9e1-9cfd23694989/datanode-2/data/ratis/6521f1b3-4ec1-450c-9fb8-7fce2b30125b
2019-11-15 00:02:15,204 [pool-27-thread-1] INFO  server.RaftServerConfigKeys (ConfUtils.java:logGet(43)) - raft.server.log.segment.size.max = 1048576 (custom)
2019-11-15 00:02:15,204 [pool-37-thread-1] INFO  server.RaftServerConfigKeys (ConfUtils.java:logGet(43)) - raft.server.log.force.sync.num = 128 (default)
2019-11-15 00:02:15,205 [pool-27-thread-1] INFO  server.RaftServerConfigKeys (ConfUtils.java:logGet(43)) - raft.server.log.preallocated.size = 16384 (custom)
2019-11-15 00:02:15,204 [pool-47-thread-1] INFO  server.RaftServerConfigKeys (ConfUtils.java:logGet(43)) - raft.server.log.queue.byte-limit = 2147483647 (custom)
2019-11-15 00:02:15,205 [pool-27-thread-1] INFO  server.RaftServerConfigKeys (ConfUtils.java:logGet(43)) - raft.server.log.write.buffer.size = 33554432 (custom)
2019-11-15 00:02:15,205 [pool-37-thread-1] INFO  server.RaftServerConfigKeys (ConfUtils.java:logGet(43)) - raft.server.log.statemachine.data.sync = true (default)
2019-11-15 00:02:15,205 [pool-27-thread-1] INFO  server.RaftServerConfigKeys (ConfUtils.java:logGet(43)) - raft.server.log.force.sync.num = 128 (default)
2019-11-15 00:02:15,205 [pool-47-thread-1] INFO  server.RaftServerConfigKeys (ConfUtils.java:logGet(43)) - raft.server.log.queue.element-limit = 1024 (custom)
2019-11-15 00:02:15,205 [pool-27-thread-1] INFO  server.RaftServerConfigKeys (ConfUtils.java:logGet(43)) - raft.server.log.statemachine.data.sync = true (default)
2019-11-15 00:02:15,205 [pool-37-thread-1] INFO  server.RaftServerConfigKeys (ConfUtils.java:logGet(43)) - raft.server.log.statemachine.data.sync.timeout = 10s (default)
2019-11-15 00:02:15,206 [pool-27-thread-1] INFO  server.RaftServerConfigKeys (ConfUtils.java:logGet(43)) - raft.server.log.statemachine.data.sync.timeout = 10s (default)
2019-11-15 00:02:15,205 [pool-47-thread-1] INFO  server.RaftServerConfigKeys (ConfUtils.java:logGet(43)) - raft.server.log.segment.size.max = 1048576 (custom)
2019-11-15 00:02:15,206 [pool-27-thread-1] INFO  server.RaftServerConfigKeys (ConfUtils.java:logGet(43)) - raft.server.log.statemachine.data.sync.timeout.retry = -1 (default)
2019-11-15 00:02:15,206 [pool-37-thread-1] INFO  server.RaftServerConfigKeys (ConfUtils.java:logGet(43)) - raft.server.log.statemachine.data.sync.timeout.retry = -1 (default)
2019-11-15 00:02:15,206 [pool-47-thread-1] INFO  server.RaftServerConfigKeys (ConfUtils.java:logGet(43)) - raft.server.log.preallocated.size = 16384 (custom)
2019-11-15 00:02:15,206 [pool-47-thread-1] INFO  server.RaftServerConfigKeys (ConfUtils.java:logGet(43)) - raft.server.log.write.buffer.size = 33554432 (custom)
2019-11-15 00:02:15,206 [pool-37-thread-1] INFO  server.RaftServerConfigKeys (ConfUtils.java:logGet(43)) - raft.server.log.statemachine.data.caching.enabled = true (custom)
2019-11-15 00:02:15,206 [pool-27-thread-1] INFO  server.RaftServerConfigKeys (ConfUtils.java:logGet(43)) - raft.server.log.statemachine.data.caching.enabled = true (custom)
2019-11-15 00:02:15,206 [pool-47-thread-1] INFO  server.RaftServerConfigKeys (ConfUtils.java:logGet(43)) - raft.server.log.force.sync.num = 128 (default)
2019-11-15 00:02:15,207 [pool-37-thread-1] INFO  segmented.SegmentedRaftLogWorker (SegmentedRaftLogWorker.java:lambda$new$0(128)) - d509097d-f1c2-40ef-9226-542c3559615a@group-7FCE2B30125B-SegmentedRaftLogWorker: flushIndex: setUnconditionally 0 -> -1
2019-11-15 00:02:15,207 [pool-47-thread-1] INFO  server.RaftServerConfigKeys (ConfUtils.java:logGet(43)) - raft.server.log.statemachine.data.sync = true (default)
2019-11-15 00:02:15,207 [pool-47-thread-1] INFO  server.RaftServerConfigKeys (ConfUtils.java:logGet(43)) - raft.server.log.statemachine.data.sync.timeout = 10s (default)
2019-11-15 00:02:15,207 [pool-37-thread-1] INFO  server.RaftServerConfigKeys (ConfUtils.java:logGet(43)) - raft.server.snapshot.auto.trigger.enabled = true (custom)
2019-11-15 00:02:15,207 [pool-27-thread-1] INFO  segmented.SegmentedRaftLogWorker (SegmentedRaftLogWorker.java:lambda$new$0(128)) - 99c42c99-9c2b-4147-b956-0f624c47c191@group-7FCE2B30125B-SegmentedRaftLogWorker: flushIndex: setUnconditionally 0 -> -1
2019-11-15 00:02:15,207 [pool-37-thread-1] INFO  server.RaftServerConfigKeys (ConfUtils.java:logGet(43)) - raft.server.snapshot.auto.trigger.threshold = 10000 (custom)
2019-11-15 00:02:15,207 [pool-47-thread-1] INFO  server.RaftServerConfigKeys (ConfUtils.java:logGet(43)) - raft.server.log.statemachine.data.sync.timeout.retry = -1 (default)
2019-11-15 00:02:15,207 [pool-37-thread-1] INFO  server.RaftServerConfigKeys (ConfUtils.java:logGet(43)) - raft.server.snapshot.retention.file.num = 5 (custom)
2019-11-15 00:02:15,207 [pool-27-thread-1] INFO  server.RaftServerConfigKeys (ConfUtils.java:logGet(43)) - raft.server.snapshot.auto.trigger.enabled = true (custom)
2019-11-15 00:02:15,208 [pool-37-thread-1] INFO  server.RaftServerConfigKeys (ConfUtils.java:logGet(43)) - raft.server.retrycache.expirytime = 600000ms (custom)
2019-11-15 00:02:15,208 [pool-47-thread-1] INFO  server.RaftServerConfigKeys (ConfUtils.java:logGet(43)) - raft.server.log.statemachine.data.caching.enabled = true (custom)
2019-11-15 00:02:15,208 [pool-37-thread-1] WARN  impl.MetricRegistriesImpl (MetricRegistriesImpl.java:lambda$create$1(61)) - First MetricRegistry has been created without registering reporters. You may need to call MetricRegistries.global().addReportRegistration(...) before.
2019-11-15 00:02:15,208 [pool-27-thread-1] INFO  server.RaftServerConfigKeys (ConfUtils.java:logGet(43)) - raft.server.snapshot.auto.trigger.threshold = 10000 (custom)
2019-11-15 00:02:15,208 [pool-37-thread-1] WARN  impl.MetricRegistriesImpl (MetricRegistriesImpl.java:lambda$create$1(61)) - First MetricRegistry has been created without registering reporters. You may need to call MetricRegistries.global().addReportRegistration(...) before.
2019-11-15 00:02:15,208 [pool-47-thread-1] INFO  segmented.SegmentedRaftLogWorker (SegmentedRaftLogWorker.java:lambda$new$0(128)) - e2c23766-0faa-4434-a540-c75b6ecba95b@group-7FCE2B30125B-SegmentedRaftLogWorker: flushIndex: setUnconditionally 0 -> -1
2019-11-15 00:02:15,208 [pool-27-thread-1] INFO  server.RaftServerConfigKeys (ConfUtils.java:logGet(43)) - raft.server.snapshot.retention.file.num = 5 (custom)
2019-11-15 00:02:15,208 [pool-37-thread-1] INFO  impl.RaftServerImpl (RaftServerImpl.java:start(184)) - d509097d-f1c2-40ef-9226-542c3559615a@group-7FCE2B30125B: start as a follower, conf=-1: [e2c23766-0faa-4434-a540-c75b6ecba95b:192.168.69.65:35412, d509097d-f1c2-40ef-9226-542c3559615a:192.168.69.65:34122, 99c42c99-9c2b-4147-b956-0f624c47c191:192.168.69.65:46829], old=null
2019-11-15 00:02:15,208 [pool-47-thread-1] INFO  server.RaftServerConfigKeys (ConfUtils.java:logGet(43)) - raft.server.snapshot.auto.trigger.enabled = true (custom)
2019-11-15 00:02:15,209 [pool-27-thread-1] INFO  server.RaftServerConfigKeys (ConfUtils.java:logGet(43)) - raft.server.retrycache.expirytime = 600000ms (custom)
2019-11-15 00:02:15,209 [pool-37-thread-1] INFO  impl.RaftServerImpl (RaftServerImpl.java:setRole(173)) - d509097d-f1c2-40ef-9226-542c3559615a@group-7FCE2B30125B: changes role from      null to FOLLOWER at term 0 for startAsFollower
2019-11-15 00:02:15,209 [pool-47-thread-1] INFO  server.RaftServerConfigKeys (ConfUtils.java:logGet(43)) - raft.server.snapshot.auto.trigger.threshold = 10000 (custom)
2019-11-15 00:02:15,209 [pool-27-thread-1] WARN  impl.MetricRegistriesImpl (MetricRegistriesImpl.java:lambda$create$1(61)) - First MetricRegistry has been created without registering reporters. You may need to call MetricRegistries.global().addReportRegistration(...) before.
2019-11-15 00:02:15,209 [pool-37-thread-1] INFO  impl.RoleInfo (RoleInfo.java:updateAndGet(143)) - d509097d-f1c2-40ef-9226-542c3559615a: start FollowerState
2019-11-15 00:02:15,209 [pool-47-thread-1] INFO  server.RaftServerConfigKeys (ConfUtils.java:logGet(43)) - raft.server.snapshot.retention.file.num = 5 (custom)
2019-11-15 00:02:15,209 [pool-27-thread-1] WARN  impl.MetricRegistriesImpl (MetricRegistriesImpl.java:lambda$create$1(61)) - First MetricRegistry has been created without registering reporters. You may need to call MetricRegistries.global().addReportRegistration(...) before.
2019-11-15 00:02:15,209 [pool-47-thread-1] INFO  server.RaftServerConfigKeys (ConfUtils.java:logGet(43)) - raft.server.retrycache.expirytime = 600000ms (custom)
2019-11-15 00:02:15,209 [pool-37-thread-1] INFO  util.JmxRegister (JmxRegister.java:tryRegister(44)) - Successfully registered JMX Bean with object name Ratis:service=RaftServer,group=group-7FCE2B30125B,id=d509097d-f1c2-40ef-9226-542c3559615a
2019-11-15 00:02:15,209 [pool-47-thread-1] WARN  impl.MetricRegistriesImpl (MetricRegistriesImpl.java:lambda$create$1(61)) - First MetricRegistry has been created without registering reporters. You may need to call MetricRegistries.global().addReportRegistration(...) before.
2019-11-15 00:02:15,210 [pool-37-thread-1] WARN  impl.MetricRegistriesImpl (MetricRegistriesImpl.java:lambda$create$1(61)) - First MetricRegistry has been created without registering reporters. You may need to call MetricRegistries.global().addReportRegistration(...) before.
2019-11-15 00:02:15,210 [pool-27-thread-1] INFO  impl.RaftServerImpl (RaftServerImpl.java:start(184)) - 99c42c99-9c2b-4147-b956-0f624c47c191@group-7FCE2B30125B: start as a follower, conf=-1: [e2c23766-0faa-4434-a540-c75b6ecba95b:192.168.69.65:35412, d509097d-f1c2-40ef-9226-542c3559615a:192.168.69.65:34122, 99c42c99-9c2b-4147-b956-0f624c47c191:192.168.69.65:46829], old=null
2019-11-15 00:02:15,210 [pool-47-thread-1] WARN  impl.MetricRegistriesImpl (MetricRegistriesImpl.java:lambda$create$1(61)) - First MetricRegistry has been created without registering reporters. You may need to call MetricRegistries.global().addReportRegistration(...) before.
2019-11-15 00:02:15,210 [pool-27-thread-1] INFO  impl.RaftServerImpl (RaftServerImpl.java:setRole(173)) - 99c42c99-9c2b-4147-b956-0f624c47c191@group-7FCE2B30125B: changes role from      null to FOLLOWER at term 0 for startAsFollower
2019-11-15 00:02:15,210 [pool-47-thread-1] INFO  impl.RaftServerImpl (RaftServerImpl.java:start(184)) - e2c23766-0faa-4434-a540-c75b6ecba95b@group-7FCE2B30125B: start as a follower, conf=-1: [e2c23766-0faa-4434-a540-c75b6ecba95b:192.168.69.65:35412, d509097d-f1c2-40ef-9226-542c3559615a:192.168.69.65:34122, 99c42c99-9c2b-4147-b956-0f624c47c191:192.168.69.65:46829], old=null
2019-11-15 00:02:15,210 [pool-47-thread-1] INFO  impl.RaftServerImpl (RaftServerImpl.java:setRole(173)) - e2c23766-0faa-4434-a540-c75b6ecba95b@group-7FCE2B30125B: changes role from      null to FOLLOWER at term 0 for startAsFollower
2019-11-15 00:02:15,210 [pool-27-thread-1] INFO  impl.RoleInfo (RoleInfo.java:updateAndGet(143)) - 99c42c99-9c2b-4147-b956-0f624c47c191: start FollowerState
2019-11-15 00:02:15,210 [pool-47-thread-1] INFO  impl.RoleInfo (RoleInfo.java:updateAndGet(143)) - e2c23766-0faa-4434-a540-c75b6ecba95b: start FollowerState
2019-11-15 00:02:15,211 [pool-47-thread-1] INFO  util.JmxRegister (JmxRegister.java:tryRegister(44)) - Successfully registered JMX Bean with object name Ratis:service=RaftServer,group=group-7FCE2B30125B,id=e2c23766-0faa-4434-a540-c75b6ecba95b
2019-11-15 00:02:15,211 [pool-27-thread-1] INFO  util.JmxRegister (JmxRegister.java:tryRegister(44)) - Successfully registered JMX Bean with object name Ratis:service=RaftServer,group=group-7FCE2B30125B,id=99c42c99-9c2b-4147-b956-0f624c47c191
2019-11-15 00:02:15,211 [pool-47-thread-1] WARN  impl.MetricRegistriesImpl (MetricRegistriesImpl.java:lambda$create$1(61)) - First MetricRegistry has been created without registering reporters. You may need to call MetricRegistries.global().addReportRegistration(...) before.
2019-11-15 00:02:15,211 [pool-27-thread-1] WARN  impl.MetricRegistriesImpl (MetricRegistriesImpl.java:lambda$create$1(61)) - First MetricRegistry has been created without registering reporters. You may need to call MetricRegistries.global().addReportRegistration(...) before.
2019-11-15 00:02:15,229 [RatisPipelineUtilsThread] INFO  pipeline.PipelineStateManager (PipelineStateManager.java:addPipeline(55)) - Created pipeline Pipeline[ Id: 6521f1b3-4ec1-450c-9fb8-7fce2b30125b, Nodes: d509097d-f1c2-40ef-9226-542c3559615a{ip: 192.168.69.65, host: pr-mpuissue-pdzcc-455137112, networkLocation: /default-rack, certSerialId: null}e2c23766-0faa-4434-a540-c75b6ecba95b{ip: 192.168.69.65, host: pr-mpuissue-pdzcc-455137112, networkLocation: /default-rack, certSerialId: null}99c42c99-9c2b-4147-b956-0f624c47c191{ip: 192.168.69.65, host: pr-mpuissue-pdzcc-455137112, networkLocation: /default-rack, certSerialId: null}, Type:RATIS, Factor:THREE, State:ALLOCATED]
2019-11-15 00:02:15,230 [Thread-178] INFO  pipeline.PipelineStateManager (PipelineStateManager.java:finalizePipeline(121)) - Pipeline Pipeline[ Id: 91025657-36f5-49ae-9744-31f15fbfed53, Nodes: 99c42c99-9c2b-4147-b956-0f624c47c191{ip: 192.168.69.65, host: pr-mpuissue-pdzcc-455137112, networkLocation: /default-rack, certSerialId: null}, Type:RATIS, Factor:ONE, State:CLOSED] moved to CLOSED state
2019-11-15 00:02:15,241 [grpc-default-executor-1] INFO  impl.RaftServerProxy (RaftServerProxy.java:remove(95)) - 99c42c99-9c2b-4147-b956-0f624c47c191: remove  FOLLOWER 99c42c99-9c2b-4147-b956-0f624c47c191@group-31F15FBFED53:t0, leader=null, voted=null, raftlog=99c42c99-9c2b-4147-b956-0f624c47c191@group-31F15FBFED53-SegmentedRaftLog:OPENED:c-1,f-1,i0, conf=-1: [99c42c99-9c2b-4147-b956-0f624c47c191:192.168.69.65:46829], old=null RUNNING
2019-11-15 00:02:15,242 [grpc-default-executor-1] INFO  impl.RaftServerImpl (RaftServerImpl.java:lambda$shutdown$3(250)) - 99c42c99-9c2b-4147-b956-0f624c47c191@group-31F15FBFED53: shutdown
2019-11-15 00:02:15,242 [grpc-default-executor-1] INFO  util.JmxRegister (JmxRegister.java:unregister(73)) - Successfully un-registered JMX Bean with object name Ratis:service=RaftServer,group=group-31F15FBFED53,id=99c42c99-9c2b-4147-b956-0f624c47c191
2019-11-15 00:02:15,242 [grpc-default-executor-1] INFO  impl.RoleInfo (RoleInfo.java:shutdownFollowerState(121)) - 99c42c99-9c2b-4147-b956-0f624c47c191: shutdown FollowerState
2019-11-15 00:02:15,242 [grpc-default-executor-1] INFO  impl.StateMachineUpdater (StateMachineUpdater.java:stopAndJoin(136)) - 99c42c99-9c2b-4147-b956-0f624c47c191@group-31F15FBFED53-StateMachineUpdater: set stopIndex = -1
2019-11-15 00:02:15,243 [Thread-180] INFO  impl.FollowerState (FollowerState.java:run(120)) - 99c42c99-9c2b-4147-b956-0f624c47c191@group-31F15FBFED53-FollowerState was interrupted: java.lang.InterruptedException: sleep interrupted
2019-11-15 00:02:15,244 [grpc-default-executor-1] INFO  impl.RaftServerImpl (ServerState.java:close(387)) - 99c42c99-9c2b-4147-b956-0f624c47c191@group-31F15FBFED53: closes. applyIndex: -1
2019-11-15 00:02:15,245 [99c42c99-9c2b-4147-b956-0f624c47c191@group-31F15FBFED53-SegmentedRaftLogWorker] INFO  segmented.SegmentedRaftLogWorker (SegmentedRaftLogWorker.java:run(316)) - 99c42c99-9c2b-4147-b956-0f624c47c191@group-31F15FBFED53-SegmentedRaftLogWorker was interrupted, exiting. There are 0 tasks remaining in the queue.
2019-11-15 00:02:15,245 [grpc-default-executor-1] INFO  segmented.SegmentedRaftLogWorker (SegmentedRaftLogWorker.java:close(224)) - 99c42c99-9c2b-4147-b956-0f624c47c191@group-31F15FBFED53-SegmentedRaftLogWorker close()
2019-11-15 00:02:15,251 [Thread-178] INFO  pipeline.PipelineStateManager (PipelineStateManager.java:removePipeline(106)) - Pipeline Pipeline[ Id: 91025657-36f5-49ae-9744-31f15fbfed53, Nodes: 99c42c99-9c2b-4147-b956-0f624c47c191{ip: 192.168.69.65, host: pr-mpuissue-pdzcc-455137112, networkLocation: /default-rack, certSerialId: null}, Type:RATIS, Factor:ONE, State:CLOSED] removed from db
2019-11-15 00:02:15,251 [Thread-178] INFO  pipeline.SCMPipelineManager (SCMPipelineManager.java:finalizeAndDestroyPipeline(315)) - destroying pipeline:Pipeline[ Id: 3108e518-02fb-4c1a-8ebe-fb791a0d0b00, Nodes: d509097d-f1c2-40ef-9226-542c3559615a{ip: 192.168.69.65, host: pr-mpuissue-pdzcc-455137112, networkLocation: /default-rack, certSerialId: null}, Type:RATIS, Factor:ONE, State:ALLOCATED]
2019-11-15 00:02:15,263 [grpc-default-executor-1] INFO  impl.RaftServerProxy (RaftServerProxy.java:addNew(89)) - 99c42c99-9c2b-4147-b956-0f624c47c191: addNew group-2E5842E33A5B:[99c42c99-9c2b-4147-b956-0f624c47c191:192.168.69.65:46829] returns group-2E5842E33A5B:java.util.concurrent.CompletableFuture@3dea75f6[Not completed]
2019-11-15 00:02:15,265 [pool-27-thread-1] INFO  impl.RaftServerImpl (RaftServerImpl.java:<init>(98)) - 99c42c99-9c2b-4147-b956-0f624c47c191: new RaftServerImpl for group-2E5842E33A5B:[99c42c99-9c2b-4147-b956-0f624c47c191:192.168.69.65:46829] with ContainerStateMachine:uninitialized
2019-11-15 00:02:15,265 [pool-27-thread-1] INFO  server.RaftServerConfigKeys (ConfUtils.java:logGet(43)) - raft.server.rpc.timeout.min = 5s (custom)
2019-11-15 00:02:15,266 [pool-27-thread-1] INFO  server.RaftServerConfigKeys (ConfUtils.java:logGet(43)) - raft.server.rpc.timeout.max = 5200ms (custom)
2019-11-15 00:02:15,266 [pool-27-thread-1] INFO  server.RaftServerConfigKeys (ConfUtils.java:logGet(43)) - raft.server.rpcslowness.timeout = 120s (custom)
2019-11-15 00:02:15,266 [pool-27-thread-1] INFO  server.RaftServerConfigKeys (ConfUtils.java:logGet(43)) - raft.server.sleep.deviation.threshold = 300 (default)
2019-11-15 00:02:15,266 [pool-27-thread-1] INFO  server.RaftServerConfigKeys (ConfUtils.java:logGet(43)) - raft.server.log.appender.install.snapshot.enabled = false (custom)
2019-11-15 00:02:15,266 [pool-27-thread-1] INFO  impl.RaftServerImpl (ServerState.java:<init>(103)) - 99c42c99-9c2b-4147-b956-0f624c47c191@group-2E5842E33A5B: ConfigurationManager, init=-1: [99c42c99-9c2b-4147-b956-0f624c47c191:192.168.69.65:46829], old=null, confs=<EMPTY_MAP>
2019-11-15 00:02:15,267 [pool-27-thread-1] INFO  server.RaftServerConfigKeys (ConfUtils.java:logGet(43)) - raft.server.storage.dir = [/workdir/hadoop-ozone/tools/target/test-dir/MiniOzoneClusterImpl-4278b380-cafa-4f61-b9e1-9cfd23694989/datanode-0/data/ratis] (custom)
2019-11-15 00:02:15,267 [pool-27-thread-1] INFO  server.RaftServerConfigKeys (ConfUtils.java:logGet(43)) - raft.server.log.corruption.policy = EXCEPTION (default)
2019-11-15 00:02:15,267 [pool-27-thread-1] INFO  storage.RaftStorageDirectory (RaftStorageDirectory.java:analyzeStorage(246)) - The storage directory /workdir/hadoop-ozone/tools/target/test-dir/MiniOzoneClusterImpl-4278b380-cafa-4f61-b9e1-9cfd23694989/datanode-0/data/ratis/120d3a00-aba7-4e40-af15-2e5842e33a5b does not exist. Creating ...
2019-11-15 00:02:15,291 [pool-27-thread-1] INFO  storage.RaftStorageDirectory (RaftStorageDirectory.java:tryLock(328)) - Lock on /workdir/hadoop-ozone/tools/target/test-dir/MiniOzoneClusterImpl-4278b380-cafa-4f61-b9e1-9cfd23694989/datanode-0/data/ratis/120d3a00-aba7-4e40-af15-2e5842e33a5b/in_use.lock acquired by nodename 9342@pr-mpuissue-pdzcc-455137112
2019-11-15 00:02:15,329 [pool-27-thread-1] INFO  storage.RaftStorage (RaftStorage.java:format(84)) - Storage directory /workdir/hadoop-ozone/tools/target/test-dir/MiniOzoneClusterImpl-4278b380-cafa-4f61-b9e1-9cfd23694989/datanode-0/data/ratis/120d3a00-aba7-4e40-af15-2e5842e33a5b has been successfully formatted.
2019-11-15 00:02:15,330 [pool-27-thread-1] INFO  ratis.ContainerStateMachine (ContainerStateMachine.java:loadSnapshot(223)) - group-2E5842E33A5B: The snapshot info is null. Setting the last applied indexto:(t:0, i:~)
2019-11-15 00:02:15,330 [pool-27-thread-1] INFO  server.RaftServerConfigKeys (ConfUtils.java:logGet(43)) - raft.server.notification.no-leader.timeout = 120s (custom)
2019-11-15 00:02:15,330 [pool-27-thread-1] INFO  server.RaftServerConfigKeys (ConfUtils.java:logGet(43)) - raft.server.log.use.memory = false (default)
2019-11-15 00:02:15,330 [pool-27-thread-1] INFO  server.RaftServerConfigKeys (ConfUtils.java:logGet(43)) - raft.server.log.purge.gap = 1000000 (custom)
2019-11-15 00:02:15,330 [pool-27-thread-1] INFO  server.RaftServerConfigKeys (ConfUtils.java:logGet(43)) - raft.server.log.appender.buffer.byte-limit = 33554432 (custom)
2019-11-15 00:02:15,331 [pool-27-thread-1] INFO  server.RaftServerConfigKeys (ConfUtils.java:logGet(43)) - raft.server.log.segment.size.max = 1048576 (custom)
2019-11-15 00:02:15,331 [pool-27-thread-1] INFO  server.RaftServerConfigKeys (ConfUtils.java:logGet(43)) - raft.server.log.segment.cache.num.max = 2 (custom)
2019-11-15 00:02:15,331 [pool-27-thread-1] INFO  segmented.SegmentedRaftLogWorker (SegmentedRaftLogWorker.java:<init>(173)) - new 99c42c99-9c2b-4147-b956-0f624c47c191@group-2E5842E33A5B-SegmentedRaftLogWorker for RaftStorage:Storage Directory /workdir/hadoop-ozone/tools/target/test-dir/MiniOzoneClusterImpl-4278b380-cafa-4f61-b9e1-9cfd23694989/datanode-0/data/ratis/120d3a00-aba7-4e40-af15-2e5842e33a5b
2019-11-15 00:02:15,331 [pool-27-thread-1] INFO  server.RaftServerConfigKeys (ConfUtils.java:logGet(43)) - raft.server.log.queue.byte-limit = 2147483647 (custom)
2019-11-15 00:02:15,331 [pool-27-thread-1] INFO  server.RaftServerConfigKeys (ConfUtils.java:logGet(43)) - raft.server.log.queue.element-limit = 1024 (custom)
2019-11-15 00:02:15,331 [pool-27-thread-1] INFO  server.RaftServerConfigKeys (ConfUtils.java:logGet(43)) - raft.server.log.segment.size.max = 1048576 (custom)
2019-11-15 00:02:15,332 [pool-27-thread-1] INFO  server.RaftServerConfigKeys (ConfUtils.java:logGet(43)) - raft.server.log.preallocated.size = 16384 (custom)
2019-11-15 00:02:15,332 [pool-27-thread-1] INFO  server.RaftServerConfigKeys (ConfUtils.java:logGet(43)) - raft.server.log.write.buffer.size = 33554432 (custom)
2019-11-15 00:02:15,332 [pool-27-thread-1] INFO  server.RaftServerConfigKeys (ConfUtils.java:logGet(43)) - raft.server.log.force.sync.num = 128 (default)
2019-11-15 00:02:15,332 [pool-27-thread-1] INFO  server.RaftServerConfigKeys (ConfUtils.java:logGet(43)) - raft.server.log.statemachine.data.sync = true (default)
2019-11-15 00:02:15,332 [pool-27-thread-1] INFO  server.RaftServerConfigKeys (ConfUtils.java:logGet(43)) - raft.server.log.statemachine.data.sync.timeout = 10s (default)
2019-11-15 00:02:15,332 [pool-27-thread-1] INFO  server.RaftServerConfigKeys (ConfUtils.java:logGet(43)) - raft.server.log.statemachine.data.sync.timeout.retry = -1 (default)
2019-11-15 00:02:15,333 [pool-27-thread-1] INFO  server.RaftServerConfigKeys (ConfUtils.java:logGet(43)) - raft.server.log.statemachine.data.caching.enabled = true (custom)
2019-11-15 00:02:15,333 [pool-27-thread-1] INFO  segmented.SegmentedRaftLogWorker (SegmentedRaftLogWorker.java:lambda$new$0(128)) - 99c42c99-9c2b-4147-b956-0f624c47c191@group-2E5842E33A5B-SegmentedRaftLogWorker: flushIndex: setUnconditionally 0 -> -1
2019-11-15 00:02:15,334 [pool-27-thread-1] INFO  server.RaftServerConfigKeys (ConfUtils.java:logGet(43)) - raft.server.snapshot.auto.trigger.enabled = true (custom)
2019-11-15 00:02:15,334 [pool-27-thread-1] INFO  server.RaftServerConfigKeys (ConfUtils.java:logGet(43)) - raft.server.snapshot.auto.trigger.threshold = 10000 (custom)
2019-11-15 00:02:15,334 [pool-27-thread-1] INFO  server.RaftServerConfigKeys (ConfUtils.java:logGet(43)) - raft.server.snapshot.retention.file.num = 5 (custom)
2019-11-15 00:02:15,334 [pool-27-thread-1] INFO  server.RaftServerConfigKeys (ConfUtils.java:logGet(43)) - raft.server.retrycache.expirytime = 600000ms (custom)
2019-11-15 00:02:15,335 [pool-27-thread-1] WARN  impl.MetricRegistriesImpl (MetricRegistriesImpl.java:lambda$create$1(61)) - First MetricRegistry has been created without registering reporters. You may need to call MetricRegistries.global().addReportRegistration(...) before.
2019-11-15 00:02:15,335 [pool-27-thread-1] WARN  impl.MetricRegistriesImpl (MetricRegistriesImpl.java:lambda$create$1(61)) - First MetricRegistry has been created without registering reporters. You may need to call MetricRegistries.global().addReportRegistration(...) before.
2019-11-15 00:02:15,335 [pool-27-thread-1] INFO  impl.RaftServerImpl (RaftServerImpl.java:start(184)) - 99c42c99-9c2b-4147-b956-0f624c47c191@group-2E5842E33A5B: start as a follower, conf=-1: [99c42c99-9c2b-4147-b956-0f624c47c191:192.168.69.65:46829], old=null
2019-11-15 00:02:15,335 [pool-27-thread-1] INFO  impl.RaftServerImpl (RaftServerImpl.java:setRole(173)) - 99c42c99-9c2b-4147-b956-0f624c47c191@group-2E5842E33A5B: changes role from      null to FOLLOWER at term 0 for startAsFollower
2019-11-15 00:02:15,335 [pool-27-thread-1] INFO  impl.RoleInfo (RoleInfo.java:updateAndGet(143)) - 99c42c99-9c2b-4147-b956-0f624c47c191: start FollowerState
2019-11-15 00:02:15,336 [pool-27-thread-1] INFO  util.JmxRegister (JmxRegister.java:tryRegister(44)) - Successfully registered JMX Bean with object name Ratis:service=RaftServer,group=group-2E5842E33A5B,id=99c42c99-9c2b-4147-b956-0f624c47c191
2019-11-15 00:02:15,336 [pool-27-thread-1] WARN  impl.MetricRegistriesImpl (MetricRegistriesImpl.java:lambda$create$1(61)) - First MetricRegistry has been created without registering reporters. You may need to call MetricRegistries.global().addReportRegistration(...) before.
2019-11-15 00:02:15,343 [RatisPipelineUtilsThread] INFO  pipeline.PipelineStateManager (PipelineStateManager.java:addPipeline(55)) - Created pipeline Pipeline[ Id: 120d3a00-aba7-4e40-af15-2e5842e33a5b, Nodes: 99c42c99-9c2b-4147-b956-0f624c47c191{ip: 192.168.69.65, host: pr-mpuissue-pdzcc-455137112, networkLocation: /default-rack, certSerialId: null}, Type:RATIS, Factor:ONE, State:ALLOCATED]
2019-11-15 00:02:15,344 [Thread-178] INFO  pipeline.PipelineStateManager (PipelineStateManager.java:finalizePipeline(121)) - Pipeline Pipeline[ Id: 3108e518-02fb-4c1a-8ebe-fb791a0d0b00, Nodes: d509097d-f1c2-40ef-9226-542c3559615a{ip: 192.168.69.65, host: pr-mpuissue-pdzcc-455137112, networkLocation: /default-rack, certSerialId: null}, Type:RATIS, Factor:ONE, State:CLOSED] moved to CLOSED state
2019-11-15 00:02:15,361 [grpc-default-executor-1] INFO  impl.RaftServerProxy (RaftServerProxy.java:remove(95)) - d509097d-f1c2-40ef-9226-542c3559615a: remove  FOLLOWER d509097d-f1c2-40ef-9226-542c3559615a@group-FB791A0D0B00:t0, leader=null, voted=null, raftlog=d509097d-f1c2-40ef-9226-542c3559615a@group-FB791A0D0B00-SegmentedRaftLog:OPENED:c-1,f-1,i0, conf=-1: [d509097d-f1c2-40ef-9226-542c3559615a:192.168.69.65:34122], old=null RUNNING
2019-11-15 00:02:15,361 [grpc-default-executor-1] INFO  impl.RaftServerImpl (RaftServerImpl.java:lambda$shutdown$3(250)) - d509097d-f1c2-40ef-9226-542c3559615a@group-FB791A0D0B00: shutdown
2019-11-15 00:02:15,361 [grpc-default-executor-1] INFO  util.JmxRegister (JmxRegister.java:unregister(73)) - Successfully un-registered JMX Bean with object name Ratis:service=RaftServer,group=group-FB791A0D0B00,id=d509097d-f1c2-40ef-9226-542c3559615a
2019-11-15 00:02:15,361 [grpc-default-executor-1] INFO  impl.RoleInfo (RoleInfo.java:shutdownFollowerState(121)) - d509097d-f1c2-40ef-9226-542c3559615a: shutdown FollowerState
2019-11-15 00:02:15,362 [grpc-default-executor-1] INFO  impl.StateMachineUpdater (StateMachineUpdater.java:stopAndJoin(136)) - d509097d-f1c2-40ef-9226-542c3559615a@group-FB791A0D0B00-StateMachineUpdater: set stopIndex = -1
2019-11-15 00:02:15,362 [Thread-183] INFO  impl.FollowerState (FollowerState.java:run(120)) - d509097d-f1c2-40ef-9226-542c3559615a@group-FB791A0D0B00-FollowerState was interrupted: java.lang.InterruptedException: sleep interrupted
2019-11-15 00:02:15,363 [grpc-default-executor-1] INFO  impl.RaftServerImpl (ServerState.java:close(387)) - d509097d-f1c2-40ef-9226-542c3559615a@group-FB791A0D0B00: closes. applyIndex: -1
2019-11-15 00:02:15,364 [d509097d-f1c2-40ef-9226-542c3559615a@group-FB791A0D0B00-SegmentedRaftLogWorker] INFO  segmented.SegmentedRaftLogWorker (SegmentedRaftLogWorker.java:run(316)) - d509097d-f1c2-40ef-9226-542c3559615a@group-FB791A0D0B00-SegmentedRaftLogWorker was interrupted, exiting. There are 0 tasks remaining in the queue.
2019-11-15 00:02:15,364 [grpc-default-executor-1] INFO  segmented.SegmentedRaftLogWorker (SegmentedRaftLogWorker.java:close(224)) - d509097d-f1c2-40ef-9226-542c3559615a@group-FB791A0D0B00-SegmentedRaftLogWorker close()
2019-11-15 00:02:15,371 [Thread-178] INFO  pipeline.PipelineStateManager (PipelineStateManager.java:removePipeline(106)) - Pipeline Pipeline[ Id: 3108e518-02fb-4c1a-8ebe-fb791a0d0b00, Nodes: d509097d-f1c2-40ef-9226-542c3559615a{ip: 192.168.69.65, host: pr-mpuissue-pdzcc-455137112, networkLocation: /default-rack, certSerialId: null}, Type:RATIS, Factor:ONE, State:CLOSED] removed from db
2019-11-15 00:02:15,384 [grpc-default-executor-1] INFO  impl.RaftServerProxy (RaftServerProxy.java:addNew(89)) - d509097d-f1c2-40ef-9226-542c3559615a: addNew group-06DFB9EB34A7:[d509097d-f1c2-40ef-9226-542c3559615a:192.168.69.65:34122] returns group-06DFB9EB34A7:java.util.concurrent.CompletableFuture@da29176[Not completed]
2019-11-15 00:02:15,386 [pool-37-thread-1] INFO  impl.RaftServerImpl (RaftServerImpl.java:<init>(98)) - d509097d-f1c2-40ef-9226-542c3559615a: new RaftServerImpl for group-06DFB9EB34A7:[d509097d-f1c2-40ef-9226-542c3559615a:192.168.69.65:34122] with ContainerStateMachine:uninitialized
2019-11-15 00:02:15,387 [pool-37-thread-1] INFO  server.RaftServerConfigKeys (ConfUtils.java:logGet(43)) - raft.server.rpc.timeout.min = 5s (custom)
2019-11-15 00:02:15,387 [pool-37-thread-1] INFO  server.RaftServerConfigKeys (ConfUtils.java:logGet(43)) - raft.server.rpc.timeout.max = 5200ms (custom)
2019-11-15 00:02:15,387 [pool-37-thread-1] INFO  server.RaftServerConfigKeys (ConfUtils.java:logGet(43)) - raft.server.rpcslowness.timeout = 120s (custom)
2019-11-15 00:02:15,387 [pool-37-thread-1] INFO  server.RaftServerConfigKeys (ConfUtils.java:logGet(43)) - raft.server.sleep.deviation.threshold = 300 (default)
2019-11-15 00:02:15,387 [pool-37-thread-1] INFO  server.RaftServerConfigKeys (ConfUtils.java:logGet(43)) - raft.server.log.appender.install.snapshot.enabled = false (custom)
2019-11-15 00:02:15,387 [pool-37-thread-1] INFO  impl.RaftServerImpl (ServerState.java:<init>(103)) - d509097d-f1c2-40ef-9226-542c3559615a@group-06DFB9EB34A7: ConfigurationManager, init=-1: [d509097d-f1c2-40ef-9226-542c3559615a:192.168.69.65:34122], old=null, confs=<EMPTY_MAP>
2019-11-15 00:02:15,388 [pool-37-thread-1] INFO  server.RaftServerConfigKeys (ConfUtils.java:logGet(43)) - raft.server.storage.dir = [/workdir/hadoop-ozone/tools/target/test-dir/MiniOzoneClusterImpl-4278b380-cafa-4f61-b9e1-9cfd23694989/datanode-1/data/ratis] (custom)
2019-11-15 00:02:15,388 [pool-37-thread-1] INFO  server.RaftServerConfigKeys (ConfUtils.java:logGet(43)) - raft.server.log.corruption.policy = EXCEPTION (default)
2019-11-15 00:02:15,389 [pool-37-thread-1] INFO  storage.RaftStorageDirectory (RaftStorageDirectory.java:analyzeStorage(246)) - The storage directory /workdir/hadoop-ozone/tools/target/test-dir/MiniOzoneClusterImpl-4278b380-cafa-4f61-b9e1-9cfd23694989/datanode-1/data/ratis/fe257b48-62d1-456c-80d5-06dfb9eb34a7 does not exist. Creating ...
2019-11-15 00:02:15,413 [pool-37-thread-1] INFO  storage.RaftStorageDirectory (RaftStorageDirectory.java:tryLock(328)) - Lock on /workdir/hadoop-ozone/tools/target/test-dir/MiniOzoneClusterImpl-4278b380-cafa-4f61-b9e1-9cfd23694989/datanode-1/data/ratis/fe257b48-62d1-456c-80d5-06dfb9eb34a7/in_use.lock acquired by nodename 9342@pr-mpuissue-pdzcc-455137112
2019-11-15 00:02:15,438 [pool-37-thread-1] INFO  storage.RaftStorage (RaftStorage.java:format(84)) - Storage directory /workdir/hadoop-ozone/tools/target/test-dir/MiniOzoneClusterImpl-4278b380-cafa-4f61-b9e1-9cfd23694989/datanode-1/data/ratis/fe257b48-62d1-456c-80d5-06dfb9eb34a7 has been successfully formatted.
2019-11-15 00:02:15,439 [pool-37-thread-1] INFO  ratis.ContainerStateMachine (ContainerStateMachine.java:loadSnapshot(223)) - group-06DFB9EB34A7: The snapshot info is null. Setting the last applied indexto:(t:0, i:~)
2019-11-15 00:02:15,439 [pool-37-thread-1] INFO  server.RaftServerConfigKeys (ConfUtils.java:logGet(43)) - raft.server.notification.no-leader.timeout = 120s (custom)
2019-11-15 00:02:15,439 [pool-37-thread-1] INFO  server.RaftServerConfigKeys (ConfUtils.java:logGet(43)) - raft.server.log.use.memory = false (default)
2019-11-15 00:02:15,439 [pool-37-thread-1] INFO  server.RaftServerConfigKeys (ConfUtils.java:logGet(43)) - raft.server.log.purge.gap = 1000000 (custom)
2019-11-15 00:02:15,439 [pool-37-thread-1] INFO  server.RaftServerConfigKeys (ConfUtils.java:logGet(43)) - raft.server.log.appender.buffer.byte-limit = 33554432 (custom)
2019-11-15 00:02:15,440 [pool-37-thread-1] INFO  server.RaftServerConfigKeys (ConfUtils.java:logGet(43)) - raft.server.log.segment.size.max = 1048576 (custom)
2019-11-15 00:02:15,440 [pool-37-thread-1] INFO  server.RaftServerConfigKeys (ConfUtils.java:logGet(43)) - raft.server.log.segment.cache.num.max = 2 (custom)
2019-11-15 00:02:15,440 [pool-37-thread-1] INFO  segmented.SegmentedRaftLogWorker (SegmentedRaftLogWorker.java:<init>(173)) - new d509097d-f1c2-40ef-9226-542c3559615a@group-06DFB9EB34A7-SegmentedRaftLogWorker for RaftStorage:Storage Directory /workdir/hadoop-ozone/tools/target/test-dir/MiniOzoneClusterImpl-4278b380-cafa-4f61-b9e1-9cfd23694989/datanode-1/data/ratis/fe257b48-62d1-456c-80d5-06dfb9eb34a7
2019-11-15 00:02:15,440 [pool-37-thread-1] INFO  server.RaftServerConfigKeys (ConfUtils.java:logGet(43)) - raft.server.log.queue.byte-limit = 2147483647 (custom)
2019-11-15 00:02:15,440 [pool-37-thread-1] INFO  server.RaftServerConfigKeys (ConfUtils.java:logGet(43)) - raft.server.log.queue.element-limit = 1024 (custom)
2019-11-15 00:02:15,440 [pool-37-thread-1] INFO  server.RaftServerConfigKeys (ConfUtils.java:logGet(43)) - raft.server.log.segment.size.max = 1048576 (custom)
2019-11-15 00:02:15,441 [pool-37-thread-1] INFO  server.RaftServerConfigKeys (ConfUtils.java:logGet(43)) - raft.server.log.preallocated.size = 16384 (custom)
2019-11-15 00:02:15,441 [pool-37-thread-1] INFO  server.RaftServerConfigKeys (ConfUtils.java:logGet(43)) - raft.server.log.write.buffer.size = 33554432 (custom)
2019-11-15 00:02:15,441 [pool-37-thread-1] INFO  server.RaftServerConfigKeys (ConfUtils.java:logGet(43)) - raft.server.log.force.sync.num = 128 (default)
2019-11-15 00:02:15,441 [pool-37-thread-1] INFO  server.RaftServerConfigKeys (ConfUtils.java:logGet(43)) - raft.server.log.statemachine.data.sync = true (default)
2019-11-15 00:02:15,441 [pool-37-thread-1] INFO  server.RaftServerConfigKeys (ConfUtils.java:logGet(43)) - raft.server.log.statemachine.data.sync.timeout = 10s (default)
2019-11-15 00:02:15,441 [pool-37-thread-1] INFO  server.RaftServerConfigKeys (ConfUtils.java:logGet(43)) - raft.server.log.statemachine.data.sync.timeout.retry = -1 (default)
2019-11-15 00:02:15,441 [pool-37-thread-1] INFO  server.RaftServerConfigKeys (ConfUtils.java:logGet(43)) - raft.server.log.statemachine.data.caching.enabled = true (custom)
2019-11-15 00:02:15,442 [pool-37-thread-1] INFO  segmented.SegmentedRaftLogWorker (SegmentedRaftLogWorker.java:lambda$new$0(128)) - d509097d-f1c2-40ef-9226-542c3559615a@group-06DFB9EB34A7-SegmentedRaftLogWorker: flushIndex: setUnconditionally 0 -> -1
2019-11-15 00:02:15,442 [pool-37-thread-1] INFO  server.RaftServerConfigKeys (ConfUtils.java:logGet(43)) - raft.server.snapshot.auto.trigger.enabled = true (custom)
2019-11-15 00:02:15,442 [pool-37-thread-1] INFO  server.RaftServerConfigKeys (ConfUtils.java:logGet(43)) - raft.server.snapshot.auto.trigger.threshold = 10000 (custom)
2019-11-15 00:02:15,442 [pool-37-thread-1] INFO  server.RaftServerConfigKeys (ConfUtils.java:logGet(43)) - raft.server.snapshot.retention.file.num = 5 (custom)
2019-11-15 00:02:15,442 [pool-37-thread-1] INFO  server.RaftServerConfigKeys (ConfUtils.java:logGet(43)) - raft.server.retrycache.expirytime = 600000ms (custom)
2019-11-15 00:02:15,443 [pool-37-thread-1] WARN  impl.MetricRegistriesImpl (MetricRegistriesImpl.java:lambda$create$1(61)) - First MetricRegistry has been created without registering reporters. You may need to call MetricRegistries.global().addReportRegistration(...) before.
2019-11-15 00:02:15,443 [pool-37-thread-1] WARN  impl.MetricRegistriesImpl (MetricRegistriesImpl.java:lambda$create$1(61)) - First MetricRegistry has been created without registering reporters. You may need to call MetricRegistries.global().addReportRegistration(...) before.
2019-11-15 00:02:15,443 [pool-37-thread-1] INFO  impl.RaftServerImpl (RaftServerImpl.java:start(184)) - d509097d-f1c2-40ef-9226-542c3559615a@group-06DFB9EB34A7: start as a follower, conf=-1: [d509097d-f1c2-40ef-9226-542c3559615a:192.168.69.65:34122], old=null
2019-11-15 00:02:15,443 [pool-37-thread-1] INFO  impl.RaftServerImpl (RaftServerImpl.java:setRole(173)) - d509097d-f1c2-40ef-9226-542c3559615a@group-06DFB9EB34A7: changes role from      null to FOLLOWER at term 0 for startAsFollower
2019-11-15 00:02:15,443 [pool-37-thread-1] INFO  impl.RoleInfo (RoleInfo.java:updateAndGet(143)) - d509097d-f1c2-40ef-9226-542c3559615a: start FollowerState
2019-11-15 00:02:15,444 [pool-37-thread-1] INFO  util.JmxRegister (JmxRegister.java:tryRegister(44)) - Successfully registered JMX Bean with object name Ratis:service=RaftServer,group=group-06DFB9EB34A7,id=d509097d-f1c2-40ef-9226-542c3559615a
2019-11-15 00:02:15,444 [pool-37-thread-1] WARN  impl.MetricRegistriesImpl (MetricRegistriesImpl.java:lambda$create$1(61)) - First MetricRegistry has been created without registering reporters. You may need to call MetricRegistries.global().addReportRegistration(...) before.
2019-11-15 00:02:15,450 [RatisPipelineUtilsThread] INFO  pipeline.PipelineStateManager (PipelineStateManager.java:addPipeline(55)) - Created pipeline Pipeline[ Id: fe257b48-62d1-456c-80d5-06dfb9eb34a7, Nodes: d509097d-f1c2-40ef-9226-542c3559615a{ip: 192.168.69.65, host: pr-mpuissue-pdzcc-455137112, networkLocation: /default-rack, certSerialId: null}, Type:RATIS, Factor:ONE, State:ALLOCATED]
2019-11-15 00:02:16,003 [main] INFO  ozone.MiniOzoneClusterImpl (MiniOzoneClusterImpl.java:lambda$waitForClusterToBeReady$2(163)) - Waiting for 4 number of pipelines out of 4, to report a leader.
2019-11-15 00:02:17,004 [main] INFO  ozone.MiniOzoneClusterImpl (MiniOzoneClusterImpl.java:lambda$waitForClusterToBeReady$2(163)) - Waiting for 4 number of pipelines out of 4, to report a leader.
2019-11-15 00:02:18,005 [main] INFO  ozone.MiniOzoneClusterImpl (MiniOzoneClusterImpl.java:lambda$waitForClusterToBeReady$2(163)) - Waiting for 4 number of pipelines out of 4, to report a leader.
2019-11-15 00:02:19,005 [main] INFO  ozone.MiniOzoneClusterImpl (MiniOzoneClusterImpl.java:lambda$waitForClusterToBeReady$2(163)) - Waiting for 4 number of pipelines out of 4, to report a leader.
2019-11-15 00:02:20,006 [main] INFO  ozone.MiniOzoneClusterImpl (MiniOzoneClusterImpl.java:lambda$waitForClusterToBeReady$2(163)) - Waiting for 4 number of pipelines out of 4, to report a leader.
2019-11-15 00:02:20,115 [Thread-200] INFO  impl.FollowerState (FollowerState.java:run(111)) - e2c23766-0faa-4434-a540-c75b6ecba95b@group-ED9F755C7E12-FollowerState: change to CANDIDATE, lastRpcTime:5124ms, electionTimeout:5124ms
2019-11-15 00:02:20,117 [Thread-200] INFO  impl.RoleInfo (RoleInfo.java:shutdownFollowerState(121)) - e2c23766-0faa-4434-a540-c75b6ecba95b: shutdown FollowerState
2019-11-15 00:02:20,118 [Thread-200] INFO  impl.RaftServerImpl (RaftServerImpl.java:setRole(173)) - e2c23766-0faa-4434-a540-c75b6ecba95b@group-ED9F755C7E12: changes role from  FOLLOWER to CANDIDATE at term 0 for changeToCandidate
2019-11-15 00:02:20,124 [Thread-200] INFO  impl.RoleInfo (RoleInfo.java:updateAndGet(143)) - e2c23766-0faa-4434-a540-c75b6ecba95b: start LeaderElection
2019-11-15 00:02:20,161 [e2c23766-0faa-4434-a540-c75b6ecba95b@group-ED9F755C7E12-LeaderElection1] INFO  impl.LeaderElection (LeaderElection.java:askForVotes(178)) - e2c23766-0faa-4434-a540-c75b6ecba95b@group-ED9F755C7E12-LeaderElection1: begin an election at term 1 for -1: [e2c23766-0faa-4434-a540-c75b6ecba95b:192.168.69.65:35412], old=null
2019-11-15 00:02:20,162 [e2c23766-0faa-4434-a540-c75b6ecba95b@group-ED9F755C7E12-LeaderElection1] INFO  impl.RoleInfo (RoleInfo.java:shutdownLeaderElection(134)) - e2c23766-0faa-4434-a540-c75b6ecba95b: shutdown LeaderElection
2019-11-15 00:02:20,163 [e2c23766-0faa-4434-a540-c75b6ecba95b@group-ED9F755C7E12-LeaderElection1] INFO  impl.RaftServerImpl (RaftServerImpl.java:setRole(173)) - e2c23766-0faa-4434-a540-c75b6ecba95b@group-ED9F755C7E12: changes role from CANDIDATE to LEADER at term 1 for changeToLeader
2019-11-15 00:02:20,163 [e2c23766-0faa-4434-a540-c75b6ecba95b@group-ED9F755C7E12-LeaderElection1] INFO  ratis.XceiverServerRatis (XceiverServerRatis.java:handleLeaderChangedNotification(697)) - Leader change notification received for group: group-ED9F755C7E12 with new leaderId: e2c23766-0faa-4434-a540-c75b6ecba95b
2019-11-15 00:02:20,168 [e2c23766-0faa-4434-a540-c75b6ecba95b@group-ED9F755C7E12-LeaderElection1] INFO  impl.RaftServerImpl (ServerState.java:setLeader(255)) - e2c23766-0faa-4434-a540-c75b6ecba95b@group-ED9F755C7E12: change Leader from null to e2c23766-0faa-4434-a540-c75b6ecba95b at term 1 for becomeLeader, leader elected after 5178ms
2019-11-15 00:02:20,175 [e2c23766-0faa-4434-a540-c75b6ecba95b@group-ED9F755C7E12-LeaderElection1] INFO  server.RaftServerConfigKeys (ConfUtils.java:logGet(43)) - raft.server.staging.catchup.gap = 1000 (default)
2019-11-15 00:02:20,175 [e2c23766-0faa-4434-a540-c75b6ecba95b@group-ED9F755C7E12-LeaderElection1] INFO  server.RaftServerConfigKeys (ConfUtils.java:logGet(43)) - raft.server.rpc.sleep.time = 25ms (default)
2019-11-15 00:02:20,179 [e2c23766-0faa-4434-a540-c75b6ecba95b@group-ED9F755C7E12-LeaderElection1] INFO  server.RaftServerConfigKeys (ConfUtils.java:logGet(43)) - raft.server.write.element-limit = 4096 (default)
2019-11-15 00:02:20,184 [EventQueue-PipelineReportForPipelineReportHandler] INFO  pipeline.PipelineStateManager (PipelineStateManager.java:openPipeline(134)) - Pipeline Pipeline[ Id: edde79fa-38ce-41f0-9e19-ed9f755c7e12, Nodes: e2c23766-0faa-4434-a540-c75b6ecba95b{ip: 192.168.69.65, host: pr-mpuissue-pdzcc-455137112, networkLocation: /default-rack, certSerialId: null}, Type:RATIS, Factor:ONE, State:OPEN] moved to OPEN state
2019-11-15 00:02:20,184 [e2c23766-0faa-4434-a540-c75b6ecba95b@group-ED9F755C7E12-LeaderElection1] INFO  server.RaftServerConfigKeys (ConfUtils.java:logGet(43)) - raft.server.watch.timeout = 10s (default)
2019-11-15 00:02:20,184 [e2c23766-0faa-4434-a540-c75b6ecba95b@group-ED9F755C7E12-LeaderElection1] INFO  server.RaftServerConfigKeys (ConfUtils.java:logGet(43)) - raft.server.watch.timeout.denomination = 1s (default)
2019-11-15 00:02:20,185 [e2c23766-0faa-4434-a540-c75b6ecba95b@group-ED9F755C7E12-LeaderElection1] INFO  server.RaftServerConfigKeys (ConfUtils.java:logGet(43)) - raft.server.watch.element-limit = 65536 (default)
2019-11-15 00:02:20,194 [e2c23766-0faa-4434-a540-c75b6ecba95b@group-ED9F755C7E12-LeaderElection1] INFO  impl.RoleInfo (RoleInfo.java:updateAndGet(143)) - e2c23766-0faa-4434-a540-c75b6ecba95b: start LeaderState
2019-11-15 00:02:20,213 [e2c23766-0faa-4434-a540-c75b6ecba95b@group-ED9F755C7E12-LeaderElection1] INFO  segmented.SegmentedRaftLogWorker (SegmentedRaftLogWorker.java:startLogSegment(385)) - e2c23766-0faa-4434-a540-c75b6ecba95b@group-ED9F755C7E12-SegmentedRaftLogWorker: Starting segment from index:0
2019-11-15 00:02:20,224 [e2c23766-0faa-4434-a540-c75b6ecba95b@group-ED9F755C7E12-LeaderElection1] INFO  impl.RaftServerImpl (ServerState.java:setRaftConf(356)) - e2c23766-0faa-4434-a540-c75b6ecba95b@group-ED9F755C7E12: set configuration 0: [e2c23766-0faa-4434-a540-c75b6ecba95b:192.168.69.65:35412], old=null at 0
2019-11-15 00:02:20,231 [Thread-207] INFO  impl.FollowerState (FollowerState.java:run(111)) - d509097d-f1c2-40ef-9226-542c3559615a@group-7FCE2B30125B-FollowerState: change to CANDIDATE, lastRpcTime:5022ms, electionTimeout:5022ms
2019-11-15 00:02:20,232 [Thread-207] INFO  impl.RoleInfo (RoleInfo.java:shutdownFollowerState(121)) - d509097d-f1c2-40ef-9226-542c3559615a: shutdown FollowerState
2019-11-15 00:02:20,232 [Thread-207] INFO  impl.RaftServerImpl (RaftServerImpl.java:setRole(173)) - d509097d-f1c2-40ef-9226-542c3559615a@group-7FCE2B30125B: changes role from  FOLLOWER to CANDIDATE at term 0 for changeToCandidate
2019-11-15 00:02:20,232 [Thread-207] INFO  impl.RoleInfo (RoleInfo.java:updateAndGet(143)) - d509097d-f1c2-40ef-9226-542c3559615a: start LeaderElection
2019-11-15 00:02:20,261 [d509097d-f1c2-40ef-9226-542c3559615a@group-7FCE2B30125B-LeaderElection2] INFO  impl.LeaderElection (LeaderElection.java:askForVotes(178)) - d509097d-f1c2-40ef-9226-542c3559615a@group-7FCE2B30125B-LeaderElection2: begin an election at term 1 for -1: [e2c23766-0faa-4434-a540-c75b6ecba95b:192.168.69.65:35412, d509097d-f1c2-40ef-9226-542c3559615a:192.168.69.65:34122, 99c42c99-9c2b-4147-b956-0f624c47c191:192.168.69.65:46829], old=null
2019-11-15 00:02:20,289 [grpc-default-executor-1] INFO  impl.RaftServerImpl (RaftServerImpl.java:setRole(173)) - e2c23766-0faa-4434-a540-c75b6ecba95b@group-7FCE2B30125B: changes role from  FOLLOWER to FOLLOWER at term 1 for recognizeCandidate:d509097d-f1c2-40ef-9226-542c3559615a
2019-11-15 00:02:20,289 [grpc-default-executor-2] INFO  impl.RaftServerImpl (RaftServerImpl.java:setRole(173)) - 99c42c99-9c2b-4147-b956-0f624c47c191@group-7FCE2B30125B: changes role from  FOLLOWER to FOLLOWER at term 1 for recognizeCandidate:d509097d-f1c2-40ef-9226-542c3559615a
2019-11-15 00:02:20,289 [grpc-default-executor-1] INFO  impl.RoleInfo (RoleInfo.java:shutdownFollowerState(121)) - e2c23766-0faa-4434-a540-c75b6ecba95b: shutdown FollowerState
2019-11-15 00:02:20,289 [grpc-default-executor-2] INFO  impl.RoleInfo (RoleInfo.java:shutdownFollowerState(121)) - 99c42c99-9c2b-4147-b956-0f624c47c191: shutdown FollowerState
2019-11-15 00:02:20,290 [grpc-default-executor-1] INFO  impl.RoleInfo (RoleInfo.java:updateAndGet(143)) - e2c23766-0faa-4434-a540-c75b6ecba95b: start FollowerState
2019-11-15 00:02:20,290 [grpc-default-executor-2] INFO  impl.RoleInfo (RoleInfo.java:updateAndGet(143)) - 99c42c99-9c2b-4147-b956-0f624c47c191: start FollowerState
2019-11-15 00:02:20,290 [Thread-211] INFO  impl.FollowerState (FollowerState.java:run(120)) - e2c23766-0faa-4434-a540-c75b6ecba95b@group-7FCE2B30125B-FollowerState was interrupted: java.lang.InterruptedException: sleep interrupted
2019-11-15 00:02:20,329 [d509097d-f1c2-40ef-9226-542c3559615a@group-7FCE2B30125B-LeaderElection2] INFO  impl.LeaderElection (LeaderElection.java:logAndReturn(56)) - d509097d-f1c2-40ef-9226-542c3559615a@group-7FCE2B30125B-LeaderElection2: Election PASSED; received 1 response(s) [d509097d-f1c2-40ef-9226-542c3559615a<-e2c23766-0faa-4434-a540-c75b6ecba95b#0:OK-t1] and 0 exception(s); d509097d-f1c2-40ef-9226-542c3559615a@group-7FCE2B30125B:t1, leader=null, voted=d509097d-f1c2-40ef-9226-542c3559615a, raftlog=d509097d-f1c2-40ef-9226-542c3559615a@group-7FCE2B30125B-SegmentedRaftLog:OPENED:c-1,f-1,i0, conf=-1: [e2c23766-0faa-4434-a540-c75b6ecba95b:192.168.69.65:35412, d509097d-f1c2-40ef-9226-542c3559615a:192.168.69.65:34122, 99c42c99-9c2b-4147-b956-0f624c47c191:192.168.69.65:46829], old=null
2019-11-15 00:02:20,329 [d509097d-f1c2-40ef-9226-542c3559615a@group-7FCE2B30125B-LeaderElection2] INFO  impl.RoleInfo (RoleInfo.java:shutdownLeaderElection(134)) - d509097d-f1c2-40ef-9226-542c3559615a: shutdown LeaderElection
2019-11-15 00:02:20,330 [d509097d-f1c2-40ef-9226-542c3559615a@group-7FCE2B30125B-LeaderElection2] INFO  impl.RaftServerImpl (RaftServerImpl.java:setRole(173)) - d509097d-f1c2-40ef-9226-542c3559615a@group-7FCE2B30125B: changes role from CANDIDATE to LEADER at term 1 for changeToLeader
2019-11-15 00:02:20,330 [d509097d-f1c2-40ef-9226-542c3559615a@group-7FCE2B30125B-LeaderElection2] INFO  ratis.XceiverServerRatis (XceiverServerRatis.java:handleLeaderChangedNotification(697)) - Leader change notification received for group: group-7FCE2B30125B with new leaderId: d509097d-f1c2-40ef-9226-542c3559615a
2019-11-15 00:02:20,331 [d509097d-f1c2-40ef-9226-542c3559615a@group-7FCE2B30125B-LeaderElection2] INFO  impl.RaftServerImpl (ServerState.java:setLeader(255)) - d509097d-f1c2-40ef-9226-542c3559615a@group-7FCE2B30125B: change Leader from null to d509097d-f1c2-40ef-9226-542c3559615a at term 1 for becomeLeader, leader elected after 5129ms
2019-11-15 00:02:20,332 [d509097d-f1c2-40ef-9226-542c3559615a@group-7FCE2B30125B-LeaderElection2] INFO  server.RaftServerConfigKeys (ConfUtils.java:logGet(43)) - raft.server.staging.catchup.gap = 1000 (default)
2019-11-15 00:02:20,332 [d509097d-f1c2-40ef-9226-542c3559615a@group-7FCE2B30125B-LeaderElection2] INFO  server.RaftServerConfigKeys (ConfUtils.java:logGet(43)) - raft.server.rpc.sleep.time = 25ms (default)
2019-11-15 00:02:20,332 [d509097d-f1c2-40ef-9226-542c3559615a@group-7FCE2B30125B-LeaderElection2] INFO  server.RaftServerConfigKeys (ConfUtils.java:logGet(43)) - raft.server.write.element-limit = 4096 (default)
2019-11-15 00:02:20,333 [d509097d-f1c2-40ef-9226-542c3559615a@group-7FCE2B30125B-LeaderElection2] INFO  server.RaftServerConfigKeys (ConfUtils.java:logGet(43)) - raft.server.watch.timeout = 10s (default)
2019-11-15 00:02:20,333 [d509097d-f1c2-40ef-9226-542c3559615a@group-7FCE2B30125B-LeaderElection2] INFO  server.RaftServerConfigKeys (ConfUtils.java:logGet(43)) - raft.server.watch.timeout.denomination = 1s (default)
2019-11-15 00:02:20,333 [d509097d-f1c2-40ef-9226-542c3559615a@group-7FCE2B30125B-LeaderElection2] INFO  server.RaftServerConfigKeys (ConfUtils.java:logGet(43)) - raft.server.watch.element-limit = 65536 (default)
2019-11-15 00:02:20,334 [EventQueue-PipelineReportForPipelineReportHandler] INFO  pipeline.PipelineStateManager (PipelineStateManager.java:openPipeline(134)) - Pipeline Pipeline[ Id: 6521f1b3-4ec1-450c-9fb8-7fce2b30125b, Nodes: d509097d-f1c2-40ef-9226-542c3559615a{ip: 192.168.69.65, host: pr-mpuissue-pdzcc-455137112, networkLocation: /default-rack, certSerialId: null}e2c23766-0faa-4434-a540-c75b6ecba95b{ip: 192.168.69.65, host: pr-mpuissue-pdzcc-455137112, networkLocation: /default-rack, certSerialId: null}99c42c99-9c2b-4147-b956-0f624c47c191{ip: 192.168.69.65, host: pr-mpuissue-pdzcc-455137112, networkLocation: /default-rack, certSerialId: null}, Type:RATIS, Factor:THREE, State:OPEN] moved to OPEN state
2019-11-15 00:02:20,338 [d509097d-f1c2-40ef-9226-542c3559615a@group-7FCE2B30125B-LeaderElection2] INFO  server.RaftServerConfigKeys (ConfUtils.java:logGet(43)) - raft.server.log.appender.snapshot.chunk.size.max = 16MB (=16777216) (default)
2019-11-15 00:02:20,338 [d509097d-f1c2-40ef-9226-542c3559615a@group-7FCE2B30125B-LeaderElection2] INFO  server.RaftServerConfigKeys (ConfUtils.java:logGet(43)) - raft.server.log.appender.buffer.byte-limit = 33554432 (custom)
2019-11-15 00:02:20,338 [d509097d-f1c2-40ef-9226-542c3559615a@group-7FCE2B30125B-LeaderElection2] INFO  server.RaftServerConfigKeys (ConfUtils.java:logGet(43)) - raft.server.log.appender.buffer.element-limit = 1 (custom)
2019-11-15 00:02:20,342 [d509097d-f1c2-40ef-9226-542c3559615a@group-7FCE2B30125B-LeaderElection2] INFO  grpc.GrpcConfigKeys$Server (ConfUtils.java:logGet(43)) - raft.grpc.server.leader.outstanding.appends.max = 128 (default)
2019-11-15 00:02:20,343 [d509097d-f1c2-40ef-9226-542c3559615a@group-7FCE2B30125B-LeaderElection2] INFO  server.RaftServerConfigKeys (ConfUtils.java:logGet(43)) - raft.server.rpc.request.timeout = 3000ms (default)
2019-11-15 00:02:20,343 [d509097d-f1c2-40ef-9226-542c3559615a@group-7FCE2B30125B-LeaderElection2] INFO  server.RaftServerConfigKeys (ConfUtils.java:logGet(43)) - raft.server.log.appender.install.snapshot.enabled = false (custom)
2019-11-15 00:02:20,344 [d509097d-f1c2-40ef-9226-542c3559615a@group-7FCE2B30125B-LeaderElection2] WARN  impl.MetricRegistriesImpl (MetricRegistriesImpl.java:lambda$create$1(61)) - First MetricRegistry has been created without registering reporters. You may need to call MetricRegistries.global().addReportRegistration(...) before.
2019-11-15 00:02:20,345 [d509097d-f1c2-40ef-9226-542c3559615a@group-7FCE2B30125B-LeaderElection2] INFO  server.RaftServerConfigKeys (ConfUtils.java:logGet(43)) - raft.server.log.appender.snapshot.chunk.size.max = 16MB (=16777216) (default)
2019-11-15 00:02:20,346 [d509097d-f1c2-40ef-9226-542c3559615a@group-7FCE2B30125B-LeaderElection2] INFO  server.RaftServerConfigKeys (ConfUtils.java:logGet(43)) - raft.server.log.appender.buffer.byte-limit = 33554432 (custom)
2019-11-15 00:02:20,346 [d509097d-f1c2-40ef-9226-542c3559615a@group-7FCE2B30125B-LeaderElection2] INFO  server.RaftServerConfigKeys (ConfUtils.java:logGet(43)) - raft.server.log.appender.buffer.element-limit = 1 (custom)
2019-11-15 00:02:20,346 [d509097d-f1c2-40ef-9226-542c3559615a@group-7FCE2B30125B-LeaderElection2] INFO  grpc.GrpcConfigKeys$Server (ConfUtils.java:logGet(43)) - raft.grpc.server.leader.outstanding.appends.max = 128 (default)
2019-11-15 00:02:20,346 [d509097d-f1c2-40ef-9226-542c3559615a@group-7FCE2B30125B-LeaderElection2] INFO  server.RaftServerConfigKeys (ConfUtils.java:logGet(43)) - raft.server.rpc.request.timeout = 3000ms (default)
2019-11-15 00:02:20,346 [d509097d-f1c2-40ef-9226-542c3559615a@group-7FCE2B30125B-LeaderElection2] INFO  server.RaftServerConfigKeys (ConfUtils.java:logGet(43)) - raft.server.log.appender.install.snapshot.enabled = false (custom)
2019-11-15 00:02:20,350 [d509097d-f1c2-40ef-9226-542c3559615a@group-7FCE2B30125B-LeaderElection2] INFO  impl.RoleInfo (RoleInfo.java:updateAndGet(143)) - d509097d-f1c2-40ef-9226-542c3559615a: start LeaderState
2019-11-15 00:02:20,350 [d509097d-f1c2-40ef-9226-542c3559615a@group-7FCE2B30125B-LeaderElection2] INFO  segmented.SegmentedRaftLogWorker (SegmentedRaftLogWorker.java:startLogSegment(385)) - d509097d-f1c2-40ef-9226-542c3559615a@group-7FCE2B30125B-SegmentedRaftLogWorker: Starting segment from index:0
2019-11-15 00:02:20,351 [d509097d-f1c2-40ef-9226-542c3559615a@group-7FCE2B30125B-LeaderElection2] INFO  impl.RaftServerImpl (ServerState.java:setRaftConf(356)) - d509097d-f1c2-40ef-9226-542c3559615a@group-7FCE2B30125B: set configuration 0: [e2c23766-0faa-4434-a540-c75b6ecba95b:192.168.69.65:35412, d509097d-f1c2-40ef-9226-542c3559615a:192.168.69.65:34122, 99c42c99-9c2b-4147-b956-0f624c47c191:192.168.69.65:46829], old=null at 0
2019-11-15 00:02:20,401 [grpc-default-executor-2] INFO  ratis.XceiverServerRatis (XceiverServerRatis.java:handleLeaderChangedNotification(697)) - Leader change notification received for group: group-7FCE2B30125B with new leaderId: d509097d-f1c2-40ef-9226-542c3559615a
2019-11-15 00:02:20,401 [grpc-default-executor-1] INFO  ratis.XceiverServerRatis (XceiverServerRatis.java:handleLeaderChangedNotification(697)) - Leader change notification received for group: group-7FCE2B30125B with new leaderId: d509097d-f1c2-40ef-9226-542c3559615a
2019-11-15 00:02:20,402 [grpc-default-executor-2] INFO  impl.RaftServerImpl (ServerState.java:setLeader(255)) - 99c42c99-9c2b-4147-b956-0f624c47c191@group-7FCE2B30125B: change Leader from null to d509097d-f1c2-40ef-9226-542c3559615a at term 1 for appendEntries, leader elected after 5199ms
2019-11-15 00:02:20,402 [grpc-default-executor-1] INFO  impl.RaftServerImpl (ServerState.java:setLeader(255)) - e2c23766-0faa-4434-a540-c75b6ecba95b@group-7FCE2B30125B: change Leader from null to d509097d-f1c2-40ef-9226-542c3559615a at term 1 for appendEntries, leader elected after 5200ms
2019-11-15 00:02:20,429 [d509097d-f1c2-40ef-9226-542c3559615a@group-7FCE2B30125B-SegmentedRaftLogWorker] INFO  segmented.SegmentedRaftLogWorker (SegmentedRaftLogWorker.java:execute(576)) - d509097d-f1c2-40ef-9226-542c3559615a@group-7FCE2B30125B-SegmentedRaftLogWorker: created new log segment /workdir/hadoop-ozone/tools/target/test-dir/MiniOzoneClusterImpl-4278b380-cafa-4f61-b9e1-9cfd23694989/datanode-1/data/ratis/6521f1b3-4ec1-450c-9fb8-7fce2b30125b/current/log_inprogress_0
2019-11-15 00:02:20,429 [e2c23766-0faa-4434-a540-c75b6ecba95b@group-ED9F755C7E12-SegmentedRaftLogWorker] INFO  segmented.SegmentedRaftLogWorker (SegmentedRaftLogWorker.java:execute(576)) - e2c23766-0faa-4434-a540-c75b6ecba95b@group-ED9F755C7E12-SegmentedRaftLogWorker: created new log segment /workdir/hadoop-ozone/tools/target/test-dir/MiniOzoneClusterImpl-4278b380-cafa-4f61-b9e1-9cfd23694989/datanode-2/data/ratis/edde79fa-38ce-41f0-9e19-ed9f755c7e12/current/log_inprogress_0
2019-11-15 00:02:20,430 [grpc-default-executor-2] INFO  impl.RaftServerImpl (ServerState.java:setRaftConf(356)) - e2c23766-0faa-4434-a540-c75b6ecba95b@group-7FCE2B30125B: set configuration 0: [e2c23766-0faa-4434-a540-c75b6ecba95b:192.168.69.65:35412, d509097d-f1c2-40ef-9226-542c3559615a:192.168.69.65:34122, 99c42c99-9c2b-4147-b956-0f624c47c191:192.168.69.65:46829], old=null at 0
2019-11-15 00:02:20,430 [grpc-default-executor-1] INFO  impl.RaftServerImpl (ServerState.java:setRaftConf(356)) - 99c42c99-9c2b-4147-b956-0f624c47c191@group-7FCE2B30125B: set configuration 0: [e2c23766-0faa-4434-a540-c75b6ecba95b:192.168.69.65:35412, d509097d-f1c2-40ef-9226-542c3559615a:192.168.69.65:34122, 99c42c99-9c2b-4147-b956-0f624c47c191:192.168.69.65:46829], old=null at 0
2019-11-15 00:02:20,431 [grpc-default-executor-2] INFO  segmented.SegmentedRaftLogWorker (SegmentedRaftLogWorker.java:startLogSegment(385)) - e2c23766-0faa-4434-a540-c75b6ecba95b@group-7FCE2B30125B-SegmentedRaftLogWorker: Starting segment from index:0
2019-11-15 00:02:20,431 [grpc-default-executor-1] INFO  segmented.SegmentedRaftLogWorker (SegmentedRaftLogWorker.java:startLogSegment(385)) - 99c42c99-9c2b-4147-b956-0f624c47c191@group-7FCE2B30125B-SegmentedRaftLogWorker: Starting segment from index:0
2019-11-15 00:02:20,449 [Thread-216] INFO  impl.FollowerState (FollowerState.java:run(111)) - 99c42c99-9c2b-4147-b956-0f624c47c191@group-2E5842E33A5B-FollowerState: change to CANDIDATE, lastRpcTime:5113ms, electionTimeout:5113ms
2019-11-15 00:02:20,449 [Thread-216] INFO  impl.RoleInfo (RoleInfo.java:shutdownFollowerState(121)) - 99c42c99-9c2b-4147-b956-0f624c47c191: shutdown FollowerState
2019-11-15 00:02:20,449 [Thread-216] INFO  impl.RaftServerImpl (RaftServerImpl.java:setRole(173)) - 99c42c99-9c2b-4147-b956-0f624c47c191@group-2E5842E33A5B: changes role from  FOLLOWER to CANDIDATE at term 0 for changeToCandidate
2019-11-15 00:02:20,449 [Thread-216] INFO  impl.RoleInfo (RoleInfo.java:updateAndGet(143)) - 99c42c99-9c2b-4147-b956-0f624c47c191: start LeaderElection
2019-11-15 00:02:20,463 [Thread-220] INFO  impl.FollowerState (FollowerState.java:run(111)) - d509097d-f1c2-40ef-9226-542c3559615a@group-06DFB9EB34A7-FollowerState: change to CANDIDATE, lastRpcTime:5019ms, electionTimeout:5016ms
2019-11-15 00:02:20,464 [Thread-220] INFO  impl.RoleInfo (RoleInfo.java:shutdownFollowerState(121)) - d509097d-f1c2-40ef-9226-542c3559615a: shutdown FollowerState
2019-11-15 00:02:20,464 [Thread-220] INFO  impl.RaftServerImpl (RaftServerImpl.java:setRole(173)) - d509097d-f1c2-40ef-9226-542c3559615a@group-06DFB9EB34A7: changes role from  FOLLOWER to CANDIDATE at term 0 for changeToCandidate
2019-11-15 00:02:20,465 [Thread-220] INFO  impl.RoleInfo (RoleInfo.java:updateAndGet(143)) - d509097d-f1c2-40ef-9226-542c3559615a: start LeaderElection
2019-11-15 00:02:20,488 [e2c23766-0faa-4434-a540-c75b6ecba95b@group-7FCE2B30125B-SegmentedRaftLogWorker] INFO  segmented.SegmentedRaftLogWorker (SegmentedRaftLogWorker.java:execute(576)) - e2c23766-0faa-4434-a540-c75b6ecba95b@group-7FCE2B30125B-SegmentedRaftLogWorker: created new log segment /workdir/hadoop-ozone/tools/target/test-dir/MiniOzoneClusterImpl-4278b380-cafa-4f61-b9e1-9cfd23694989/datanode-2/data/ratis/6521f1b3-4ec1-450c-9fb8-7fce2b30125b/current/log_inprogress_0
2019-11-15 00:02:20,488 [99c42c99-9c2b-4147-b956-0f624c47c191@group-7FCE2B30125B-SegmentedRaftLogWorker] INFO  segmented.SegmentedRaftLogWorker (SegmentedRaftLogWorker.java:execute(576)) - 99c42c99-9c2b-4147-b956-0f624c47c191@group-7FCE2B30125B-SegmentedRaftLogWorker: created new log segment /workdir/hadoop-ozone/tools/target/test-dir/MiniOzoneClusterImpl-4278b380-cafa-4f61-b9e1-9cfd23694989/datanode-0/data/ratis/6521f1b3-4ec1-450c-9fb8-7fce2b30125b/current/log_inprogress_0
2019-11-15 00:02:20,488 [d509097d-f1c2-40ef-9226-542c3559615a@group-06DFB9EB34A7-LeaderElection4] INFO  impl.LeaderElection (LeaderElection.java:askForVotes(178)) - d509097d-f1c2-40ef-9226-542c3559615a@group-06DFB9EB34A7-LeaderElection4: begin an election at term 1 for -1: [d509097d-f1c2-40ef-9226-542c3559615a:192.168.69.65:34122], old=null
2019-11-15 00:02:20,488 [99c42c99-9c2b-4147-b956-0f624c47c191@group-2E5842E33A5B-LeaderElection3] INFO  impl.LeaderElection (LeaderElection.java:askForVotes(178)) - 99c42c99-9c2b-4147-b956-0f624c47c191@group-2E5842E33A5B-LeaderElection3: begin an election at term 1 for -1: [99c42c99-9c2b-4147-b956-0f624c47c191:192.168.69.65:46829], old=null
2019-11-15 00:02:20,489 [d509097d-f1c2-40ef-9226-542c3559615a@group-06DFB9EB34A7-LeaderElection4] INFO  impl.RoleInfo (RoleInfo.java:shutdownLeaderElection(134)) - d509097d-f1c2-40ef-9226-542c3559615a: shutdown LeaderElection
2019-11-15 00:02:20,489 [99c42c99-9c2b-4147-b956-0f624c47c191@group-2E5842E33A5B-LeaderElection3] INFO  impl.RoleInfo (RoleInfo.java:shutdownLeaderElection(134)) - 99c42c99-9c2b-4147-b956-0f624c47c191: shutdown LeaderElection
2019-11-15 00:02:20,489 [d509097d-f1c2-40ef-9226-542c3559615a@group-06DFB9EB34A7-LeaderElection4] INFO  impl.RaftServerImpl (RaftServerImpl.java:setRole(173)) - d509097d-f1c2-40ef-9226-542c3559615a@group-06DFB9EB34A7: changes role from CANDIDATE to LEADER at term 1 for changeToLeader
2019-11-15 00:02:20,489 [99c42c99-9c2b-4147-b956-0f624c47c191@group-2E5842E33A5B-LeaderElection3] INFO  impl.RaftServerImpl (RaftServerImpl.java:setRole(173)) - 99c42c99-9c2b-4147-b956-0f624c47c191@group-2E5842E33A5B: changes role from CANDIDATE to LEADER at term 1 for changeToLeader
2019-11-15 00:02:20,489 [d509097d-f1c2-40ef-9226-542c3559615a@group-06DFB9EB34A7-LeaderElection4] INFO  ratis.XceiverServerRatis (XceiverServerRatis.java:handleLeaderChangedNotification(697)) - Leader change notification received for group: group-06DFB9EB34A7 with new leaderId: d509097d-f1c2-40ef-9226-542c3559615a
2019-11-15 00:02:20,489 [99c42c99-9c2b-4147-b956-0f624c47c191@group-2E5842E33A5B-LeaderElection3] INFO  ratis.XceiverServerRatis (XceiverServerRatis.java:handleLeaderChangedNotification(697)) - Leader change notification received for group: group-2E5842E33A5B with new leaderId: 99c42c99-9c2b-4147-b956-0f624c47c191
2019-11-15 00:02:20,490 [d509097d-f1c2-40ef-9226-542c3559615a@group-06DFB9EB34A7-LeaderElection4] INFO  impl.RaftServerImpl (ServerState.java:setLeader(255)) - d509097d-f1c2-40ef-9226-542c3559615a@group-06DFB9EB34A7: change Leader from null to d509097d-f1c2-40ef-9226-542c3559615a at term 1 for becomeLeader, leader elected after 5050ms
2019-11-15 00:02:20,490 [99c42c99-9c2b-4147-b956-0f624c47c191@group-2E5842E33A5B-LeaderElection3] INFO  impl.RaftServerImpl (ServerState.java:setLeader(255)) - 99c42c99-9c2b-4147-b956-0f624c47c191@group-2E5842E33A5B: change Leader from null to 99c42c99-9c2b-4147-b956-0f624c47c191 at term 1 for becomeLeader, leader elected after 5159ms
2019-11-15 00:02:20,491 [d509097d-f1c2-40ef-9226-542c3559615a@group-06DFB9EB34A7-LeaderElection4] INFO  server.RaftServerConfigKeys (ConfUtils.java:logGet(43)) - raft.server.staging.catchup.gap = 1000 (default)
2019-11-15 00:02:20,491 [99c42c99-9c2b-4147-b956-0f624c47c191@group-2E5842E33A5B-LeaderElection3] INFO  server.RaftServerConfigKeys (ConfUtils.java:logGet(43)) - raft.server.staging.catchup.gap = 1000 (default)
2019-11-15 00:02:20,491 [d509097d-f1c2-40ef-9226-542c3559615a@group-06DFB9EB34A7-LeaderElection4] INFO  server.RaftServerConfigKeys (ConfUtils.java:logGet(43)) - raft.server.rpc.sleep.time = 25ms (default)
2019-11-15 00:02:20,492 [99c42c99-9c2b-4147-b956-0f624c47c191@group-2E5842E33A5B-LeaderElection3] INFO  server.RaftServerConfigKeys (ConfUtils.java:logGet(43)) - raft.server.rpc.sleep.time = 25ms (default)
2019-11-15 00:02:20,493 [d509097d-f1c2-40ef-9226-542c3559615a@group-06DFB9EB34A7-LeaderElection4] INFO  server.RaftServerConfigKeys (ConfUtils.java:logGet(43)) - raft.server.write.element-limit = 4096 (default)
2019-11-15 00:02:20,493 [99c42c99-9c2b-4147-b956-0f624c47c191@group-2E5842E33A5B-LeaderElection3] INFO  server.RaftServerConfigKeys (ConfUtils.java:logGet(43)) - raft.server.write.element-limit = 4096 (default)
2019-11-15 00:02:20,493 [d509097d-f1c2-40ef-9226-542c3559615a@group-06DFB9EB34A7-LeaderElection4] INFO  server.RaftServerConfigKeys (ConfUtils.java:logGet(43)) - raft.server.watch.timeout = 10s (default)
2019-11-15 00:02:20,493 [99c42c99-9c2b-4147-b956-0f624c47c191@group-2E5842E33A5B-LeaderElection3] INFO  server.RaftServerConfigKeys (ConfUtils.java:logGet(43)) - raft.server.watch.timeout = 10s (default)
2019-11-15 00:02:20,493 [d509097d-f1c2-40ef-9226-542c3559615a@group-06DFB9EB34A7-LeaderElection4] INFO  server.RaftServerConfigKeys (ConfUtils.java:logGet(43)) - raft.server.watch.timeout.denomination = 1s (default)
2019-11-15 00:02:20,493 [99c42c99-9c2b-4147-b956-0f624c47c191@group-2E5842E33A5B-LeaderElection3] INFO  server.RaftServerConfigKeys (ConfUtils.java:logGet(43)) - raft.server.watch.timeout.denomination = 1s (default)
2019-11-15 00:02:20,493 [d509097d-f1c2-40ef-9226-542c3559615a@group-06DFB9EB34A7-LeaderElection4] INFO  server.RaftServerConfigKeys (ConfUtils.java:logGet(43)) - raft.server.watch.element-limit = 65536 (default)
2019-11-15 00:02:20,493 [EventQueue-PipelineReportForPipelineReportHandler] INFO  pipeline.PipelineStateManager (PipelineStateManager.java:openPipeline(134)) - Pipeline Pipeline[ Id: fe257b48-62d1-456c-80d5-06dfb9eb34a7, Nodes: d509097d-f1c2-40ef-9226-542c3559615a{ip: 192.168.69.65, host: pr-mpuissue-pdzcc-455137112, networkLocation: /default-rack, certSerialId: null}, Type:RATIS, Factor:ONE, State:OPEN] moved to OPEN state
2019-11-15 00:02:20,493 [99c42c99-9c2b-4147-b956-0f624c47c191@group-2E5842E33A5B-LeaderElection3] INFO  server.RaftServerConfigKeys (ConfUtils.java:logGet(43)) - raft.server.watch.element-limit = 65536 (default)
2019-11-15 00:02:20,494 [d509097d-f1c2-40ef-9226-542c3559615a@group-06DFB9EB34A7-LeaderElection4] INFO  impl.RoleInfo (RoleInfo.java:updateAndGet(143)) - d509097d-f1c2-40ef-9226-542c3559615a: start LeaderState
2019-11-15 00:02:20,494 [EventQueue-PipelineReportForPipelineReportHandler] INFO  pipeline.PipelineStateManager (PipelineStateManager.java:openPipeline(134)) - Pipeline Pipeline[ Id: 120d3a00-aba7-4e40-af15-2e5842e33a5b, Nodes: 99c42c99-9c2b-4147-b956-0f624c47c191{ip: 192.168.69.65, host: pr-mpuissue-pdzcc-455137112, networkLocation: /default-rack, certSerialId: null}, Type:RATIS, Factor:ONE, State:OPEN] moved to OPEN state
2019-11-15 00:02:20,494 [99c42c99-9c2b-4147-b956-0f624c47c191@group-2E5842E33A5B-LeaderElection3] INFO  impl.RoleInfo (RoleInfo.java:updateAndGet(143)) - 99c42c99-9c2b-4147-b956-0f624c47c191: start LeaderState
2019-11-15 00:02:20,494 [d509097d-f1c2-40ef-9226-542c3559615a@group-06DFB9EB34A7-LeaderElection4] INFO  segmented.SegmentedRaftLogWorker (SegmentedRaftLogWorker.java:startLogSegment(385)) - d509097d-f1c2-40ef-9226-542c3559615a@group-06DFB9EB34A7-SegmentedRaftLogWorker: Starting segment from index:0
2019-11-15 00:02:20,494 [99c42c99-9c2b-4147-b956-0f624c47c191@group-2E5842E33A5B-LeaderElection3] INFO  segmented.SegmentedRaftLogWorker (SegmentedRaftLogWorker.java:startLogSegment(385)) - 99c42c99-9c2b-4147-b956-0f624c47c191@group-2E5842E33A5B-SegmentedRaftLogWorker: Starting segment from index:0
2019-11-15 00:02:20,495 [d509097d-f1c2-40ef-9226-542c3559615a@group-06DFB9EB34A7-LeaderElection4] INFO  impl.RaftServerImpl (ServerState.java:setRaftConf(356)) - d509097d-f1c2-40ef-9226-542c3559615a@group-06DFB9EB34A7: set configuration 0: [d509097d-f1c2-40ef-9226-542c3559615a:192.168.69.65:34122], old=null at 0
2019-11-15 00:02:20,495 [99c42c99-9c2b-4147-b956-0f624c47c191@group-2E5842E33A5B-LeaderElection3] INFO  impl.RaftServerImpl (ServerState.java:setRaftConf(356)) - 99c42c99-9c2b-4147-b956-0f624c47c191@group-2E5842E33A5B: set configuration 0: [99c42c99-9c2b-4147-b956-0f624c47c191:192.168.69.65:46829], old=null at 0
2019-11-15 00:02:20,555 [d509097d-f1c2-40ef-9226-542c3559615a@group-06DFB9EB34A7-SegmentedRaftLogWorker] INFO  segmented.SegmentedRaftLogWorker (SegmentedRaftLogWorker.java:execute(576)) - d509097d-f1c2-40ef-9226-542c3559615a@group-06DFB9EB34A7-SegmentedRaftLogWorker: created new log segment /workdir/hadoop-ozone/tools/target/test-dir/MiniOzoneClusterImpl-4278b380-cafa-4f61-b9e1-9cfd23694989/datanode-1/data/ratis/fe257b48-62d1-456c-80d5-06dfb9eb34a7/current/log_inprogress_0
2019-11-15 00:02:20,555 [99c42c99-9c2b-4147-b956-0f624c47c191@group-2E5842E33A5B-SegmentedRaftLogWorker] INFO  segmented.SegmentedRaftLogWorker (SegmentedRaftLogWorker.java:execute(576)) - 99c42c99-9c2b-4147-b956-0f624c47c191@group-2E5842E33A5B-SegmentedRaftLogWorker: created new log segment /workdir/hadoop-ozone/tools/target/test-dir/MiniOzoneClusterImpl-4278b380-cafa-4f61-b9e1-9cfd23694989/datanode-0/data/ratis/120d3a00-aba7-4e40-af15-2e5842e33a5b/current/log_inprogress_0
2019-11-15 00:02:21,007 [main] INFO  ozone.MiniOzoneClusterImpl (MiniOzoneClusterImpl.java:lambda$waitForClusterToBeReady$2(171)) - Cluster is ready. Got 3 of 3 DN Heartbeats.
2019-11-15 00:02:21,785 [main] INFO  freon.RandomKeyGenerator (RandomKeyGenerator.java:call(283)) - Number of Threads: 10
2019-11-15 00:02:21,786 [main] INFO  freon.RandomKeyGenerator (RandomKeyGenerator.java:call(288)) - Number of Volumes: 1.
2019-11-15 00:02:21,786 [main] INFO  freon.RandomKeyGenerator (RandomKeyGenerator.java:call(289)) - Number of Buckets per Volume: 1.
2019-11-15 00:02:21,786 [main] INFO  freon.RandomKeyGenerator (RandomKeyGenerator.java:call(290)) - Number of Keys per Bucket: 1.
2019-11-15 00:02:21,787 [main] INFO  freon.RandomKeyGenerator (RandomKeyGenerator.java:call(291)) - Key size: 20971520 bytes
2019-11-15 00:02:21,787 [main] INFO  freon.RandomKeyGenerator (RandomKeyGenerator.java:call(292)) - Buffer size: 4096 bytes
2019-11-15 00:02:21,787 [main] INFO  freon.RandomKeyGenerator (RandomKeyGenerator.java:call(293)) - validateWrites : true
2019-11-15 00:02:21,791 [main] INFO  freon.RandomKeyGenerator (RandomKeyGenerator.java:call(307)) - Data validation is enabled.
2019-11-15 00:02:21,793 [main] INFO  freon.RandomKeyGenerator (RandomKeyGenerator.java:call(313)) - Starting progress bar Thread.

 0.00% |?                                                                                                    |  0/1 Time: 0:00:002019-11-15 00:02:21,814 [pool-53-thread-1] INFO  rpc.RpcClient (RpcClient.java:createVolume(292)) - Creating Volume: vol-0-41293, with jenkins1000 as owner.
2019-11-15 00:02:21,854 [IPC Server handler 1 on 39158] INFO  volume.OMVolumeCreateRequest (OMVolumeCreateRequest.java:validateAndUpdateCache(193)) - created volume:vol-0-41293 for user:jenkins1000
2019-11-15 00:02:21,891 [pool-53-thread-2] INFO  rpc.RpcClient (RpcClient.java:createBucket(431)) - Creating Bucket: vol-0-41293/bucket-0-33697, with Versioning false and Storage Type set to DISK and Encryption set to false 
2019-11-15 00:02:22,085 [pool-53-thread-3] INFO  impl.MetricsSystemImpl (MetricsSystemImpl.java:init(158)) - XceiverClientMetrics metrics system started (again)
 0.00% |?                                                                                                    |  0/1 Time: 0:00:01 0.00% |?                                                                                                    |  0/1 Time: 0:00:02 100.00% |?????????????????????????????????????????????????????????????????????????????????????????????????????|  1/1 Time: 0:00:03
2019-11-15 00:02:29,589 [main] INFO  pipeline.SCMPipelineManager (SCMPipelineManager.java:finalizeAndDestroyPipeline(315)) - destroying pipeline:Pipeline[ Id: 6521f1b3-4ec1-450c-9fb8-7fce2b30125b, Nodes: d509097d-f1c2-40ef-9226-542c3559615a{ip: 192.168.69.65, host: pr-mpuissue-pdzcc-455137112, networkLocation: /default-rack, certSerialId: null}e2c23766-0faa-4434-a540-c75b6ecba95b{ip: 192.168.69.65, host: pr-mpuissue-pdzcc-455137112, networkLocation: /default-rack, certSerialId: null}99c42c99-9c2b-4147-b956-0f624c47c191{ip: 192.168.69.65, host: pr-mpuissue-pdzcc-455137112, networkLocation: /default-rack, certSerialId: null}, Type:RATIS, Factor:THREE, State:OPEN]
2019-11-15 00:02:29,590 [main] INFO  pipeline.PipelineStateManager (PipelineStateManager.java:finalizePipeline(121)) - Pipeline Pipeline[ Id: 6521f1b3-4ec1-450c-9fb8-7fce2b30125b, Nodes: d509097d-f1c2-40ef-9226-542c3559615a{ip: 192.168.69.65, host: pr-mpuissue-pdzcc-455137112, networkLocation: /default-rack, certSerialId: null}e2c23766-0faa-4434-a540-c75b6ecba95b{ip: 192.168.69.65, host: pr-mpuissue-pdzcc-455137112, networkLocation: /default-rack, certSerialId: null}99c42c99-9c2b-4147-b956-0f624c47c191{ip: 192.168.69.65, host: pr-mpuissue-pdzcc-455137112, networkLocation: /default-rack, certSerialId: null}, Type:RATIS, Factor:THREE, State:CLOSED] moved to CLOSED state
2019-11-15 00:02:29,591 [EventQueue-CloseContainerForCloseContainerEventHandler] INFO  container.CloseContainerEventHandler (CloseContainerEventHandler.java:onMessage(61)) - Close container Event triggered for container : #1
2019-11-15 00:02:29,597 [EventQueue-CloseContainerForCloseContainerEventHandler] INFO  container.CloseContainerEventHandler (CloseContainerEventHandler.java:onMessage(61)) - Close container Event triggered for container : #2
2019-11-15 00:02:29,598 [EventQueue-CloseContainerForCloseContainerEventHandler] INFO  container.CloseContainerEventHandler (CloseContainerEventHandler.java:onMessage(61)) - Close container Event triggered for container : #3
2019-11-15 00:02:29,602 [grpc-default-executor-1] INFO  impl.RaftServerProxy (RaftServerProxy.java:remove(95)) - d509097d-f1c2-40ef-9226-542c3559615a: remove    LEADER d509097d-f1c2-40ef-9226-542c3559615a@group-7FCE2B30125B:t1, leader=d509097d-f1c2-40ef-9226-542c3559615a, voted=d509097d-f1c2-40ef-9226-542c3559615a, raftlog=d509097d-f1c2-40ef-9226-542c3559615a@group-7FCE2B30125B-SegmentedRaftLog:OPENED:c72,f72,i72, conf=0: [e2c23766-0faa-4434-a540-c75b6ecba95b:192.168.69.65:35412, d509097d-f1c2-40ef-9226-542c3559615a:192.168.69.65:34122, 99c42c99-9c2b-4147-b956-0f624c47c191:192.168.69.65:46829], old=null RUNNING
2019-11-15 00:02:29,603 [grpc-default-executor-1] INFO  impl.RaftServerImpl (RaftServerImpl.java:lambda$shutdown$3(250)) - d509097d-f1c2-40ef-9226-542c3559615a@group-7FCE2B30125B: shutdown
2019-11-15 00:02:29,603 [grpc-default-executor-1] INFO  util.JmxRegister (JmxRegister.java:unregister(73)) - Successfully un-registered JMX Bean with object name Ratis:service=RaftServer,group=group-7FCE2B30125B,id=d509097d-f1c2-40ef-9226-542c3559615a
2019-11-15 00:02:29,604 [grpc-default-executor-1] INFO  impl.RoleInfo (RoleInfo.java:shutdownLeaderState(104)) - d509097d-f1c2-40ef-9226-542c3559615a: shutdown LeaderState
2019-11-15 00:02:29,606 [org.apache.ratis.server.impl.LogAppender$AppenderDaemon$$Lambda$399/779814283@96caab] WARN  server.GrpcLogAppender (GrpcLogAppender.java:mayWait(151)) - d509097d-f1c2-40ef-9226-542c3559615a@group-7FCE2B30125B->99c42c99-9c2b-4147-b956-0f624c47c191-GrpcLogAppender: Wait interrupted by java.lang.InterruptedException
2019-11-15 00:02:29,607 [grpc-default-executor-1] INFO  impl.PendingRequests (PendingRequests.java:sendNotLeaderResponses(206)) - d509097d-f1c2-40ef-9226-542c3559615a@group-7FCE2B30125B-PendingRequests: sendNotLeaderResponses
2019-11-15 00:02:29,606 [org.apache.ratis.server.impl.LogAppender$AppenderDaemon$$Lambda$399/779814283@48330027] WARN  server.GrpcLogAppender (GrpcLogAppender.java:mayWait(151)) - d509097d-f1c2-40ef-9226-542c3559615a@group-7FCE2B30125B->e2c23766-0faa-4434-a540-c75b6ecba95b-GrpcLogAppender: Wait interrupted by java.lang.InterruptedException
2019-11-15 00:02:29,610 [grpc-default-executor-3] INFO  server.GrpcServerProtocolService (GrpcServerProtocolService.java:onCompleted(113)) - 99c42c99-9c2b-4147-b956-0f624c47c191: Completed APPEND_ENTRIES, lastRequest: d509097d-f1c2-40ef-9226-542c3559615a->99c42c99-9c2b-4147-b956-0f624c47c191#75-t1, previous=(t:1, i:72), leaderCommit=72, initializing? false, entries: <empty>
2019-11-15 00:02:29,610 [grpc-default-executor-2] INFO  server.GrpcServerProtocolService (GrpcServerProtocolService.java:onCompleted(113)) - e2c23766-0faa-4434-a540-c75b6ecba95b: Completed APPEND_ENTRIES, lastRequest: d509097d-f1c2-40ef-9226-542c3559615a->e2c23766-0faa-4434-a540-c75b6ecba95b#75-t1, previous=(t:1, i:72), leaderCommit=72, initializing? false, entries: <empty>
2019-11-15 00:02:29,614 [grpc-default-executor-1] INFO  impl.StateMachineUpdater (StateMachineUpdater.java:stopAndJoin(136)) - d509097d-f1c2-40ef-9226-542c3559615a@group-7FCE2B30125B-StateMachineUpdater: set stopIndex = 72
2019-11-15 00:02:29,614 [d509097d-f1c2-40ef-9226-542c3559615a@group-7FCE2B30125B-StateMachineUpdater] INFO  ratis.ContainerStateMachine (ContainerStateMachine.java:takeSnapshot(285)) - group-7FCE2B30125B: Taking a snapshot at:(t:1, i:70) file /workdir/hadoop-ozone/tools/target/test-dir/MiniOzoneClusterImpl-4278b380-cafa-4f61-b9e1-9cfd23694989/datanode-1/data/ratis/6521f1b3-4ec1-450c-9fb8-7fce2b30125b/sm/snapshot.1_70
2019-11-15 00:02:29,615 [grpc-default-executor-3] INFO  server.GrpcLogAppender (GrpcLogAppender.java:onCompleted(308)) - d509097d-f1c2-40ef-9226-542c3559615a@group-7FCE2B30125B->99c42c99-9c2b-4147-b956-0f624c47c191-AppendLogResponseHandler: follower responses appendEntries COMPLETED
2019-11-15 00:02:29,616 [grpc-default-executor-2] INFO  server.GrpcLogAppender (GrpcLogAppender.java:onCompleted(308)) - d509097d-f1c2-40ef-9226-542c3559615a@group-7FCE2B30125B->e2c23766-0faa-4434-a540-c75b6ecba95b-AppendLogResponseHandler: follower responses appendEntries COMPLETED
2019-11-15 00:02:29,622 [grpc-default-executor-3] INFO  impl.FollowerInfo (FollowerInfo.java:lambda$new$0(51)) - d509097d-f1c2-40ef-9226-542c3559615a@group-7FCE2B30125B->99c42c99-9c2b-4147-b956-0f624c47c191: nextIndex: updateUnconditionally 73 -> 72
2019-11-15 00:02:29,622 [grpc-default-executor-2] INFO  impl.FollowerInfo (FollowerInfo.java:lambda$new$0(51)) - d509097d-f1c2-40ef-9226-542c3559615a@group-7FCE2B30125B->e2c23766-0faa-4434-a540-c75b6ecba95b: nextIndex: updateUnconditionally 73 -> 72
2019-11-15 00:02:29,664 [d509097d-f1c2-40ef-9226-542c3559615a@group-7FCE2B30125B-StateMachineUpdater] INFO  ratis.ContainerStateMachine (ContainerStateMachine.java:takeSnapshot(296)) - group-7FCE2B30125B: Finished taking a snapshot at:(t:1, i:70) file:/workdir/hadoop-ozone/tools/target/test-dir/MiniOzoneClusterImpl-4278b380-cafa-4f61-b9e1-9cfd23694989/datanode-1/data/ratis/6521f1b3-4ec1-450c-9fb8-7fce2b30125b/sm/snapshot.1_70 time:50
2019-11-15 00:02:29,665 [d509097d-f1c2-40ef-9226-542c3559615a@group-7FCE2B30125B-StateMachineUpdater] INFO  impl.StateMachineUpdater (StateMachineUpdater.java:takeSnapshot(269)) - d509097d-f1c2-40ef-9226-542c3559615a@group-7FCE2B30125B-StateMachineUpdater: Took a snapshot at index 70
2019-11-15 00:02:29,665 [d509097d-f1c2-40ef-9226-542c3559615a@group-7FCE2B30125B-StateMachineUpdater] INFO  impl.StateMachineUpdater (StateMachineUpdater.java:lambda$new$0(84)) - d509097d-f1c2-40ef-9226-542c3559615a@group-7FCE2B30125B-StateMachineUpdater: snapshotIndex: updateIncreasingly -1 -> 70
2019-11-15 00:02:29,669 [d509097d-f1c2-40ef-9226-542c3559615a@group-7FCE2B30125B-StateMachineUpdater] INFO  ratis.ContainerStateMachine (ContainerStateMachine.java:takeSnapshot(285)) - group-7FCE2B30125B: Taking a snapshot at:(t:1, i:70) file /workdir/hadoop-ozone/tools/target/test-dir/MiniOzoneClusterImpl-4278b380-cafa-4f61-b9e1-9cfd23694989/datanode-1/data/ratis/6521f1b3-4ec1-450c-9fb8-7fce2b30125b/sm/snapshot.1_70
2019-11-15 00:02:29,694 [d509097d-f1c2-40ef-9226-542c3559615a@group-7FCE2B30125B-StateMachineUpdater] INFO  ratis.ContainerStateMachine (ContainerStateMachine.java:takeSnapshot(296)) - group-7FCE2B30125B: Finished taking a snapshot at:(t:1, i:70) file:/workdir/hadoop-ozone/tools/target/test-dir/MiniOzoneClusterImpl-4278b380-cafa-4f61-b9e1-9cfd23694989/datanode-1/data/ratis/6521f1b3-4ec1-450c-9fb8-7fce2b30125b/sm/snapshot.1_70 time:24
2019-11-15 00:02:29,694 [d509097d-f1c2-40ef-9226-542c3559615a@group-7FCE2B30125B-StateMachineUpdater] INFO  impl.StateMachineUpdater (StateMachineUpdater.java:takeSnapshot(269)) - d509097d-f1c2-40ef-9226-542c3559615a@group-7FCE2B30125B-StateMachineUpdater: Took a snapshot at index 70
2019-11-15 00:02:29,694 [d509097d-f1c2-40ef-9226-542c3559615a@group-7FCE2B30125B-StateMachineUpdater] INFO  impl.StateMachineUpdater (StateMachineUpdater.java:lambda$new$0(84)) - d509097d-f1c2-40ef-9226-542c3559615a@group-7FCE2B30125B-StateMachineUpdater: snapshotIndex: updateIncreasingly 70 -> 70
2019-11-15 00:02:29,695 [grpc-default-executor-1] INFO  impl.RaftServerImpl (ServerState.java:close(387)) - d509097d-f1c2-40ef-9226-542c3559615a@group-7FCE2B30125B: closes. applyIndex: 72
2019-11-15 00:02:29,696 [d509097d-f1c2-40ef-9226-542c3559615a@group-7FCE2B30125B-SegmentedRaftLogWorker] INFO  segmented.SegmentedRaftLogWorker (SegmentedRaftLogWorker.java:run(316)) - d509097d-f1c2-40ef-9226-542c3559615a@group-7FCE2B30125B-SegmentedRaftLogWorker was interrupted, exiting. There are 0 tasks remaining in the queue.
2019-11-15 00:02:29,698 [grpc-default-executor-1] INFO  segmented.SegmentedRaftLogWorker (SegmentedRaftLogWorker.java:close(224)) - d509097d-f1c2-40ef-9226-542c3559615a@group-7FCE2B30125B-SegmentedRaftLogWorker close()
2019-11-15 00:02:29,742 [grpc-default-executor-1] INFO  interfaces.Container (KeyValueContainer.java:flushAndSyncDB(400)) - Container 1 is synced with bcsId 55.
2019-11-15 00:02:29,743 [grpc-default-executor-1] INFO  interfaces.Container (KeyValueContainer.java:flushAndSyncDB(400)) - Container 1 is synced with bcsId 55.
2019-11-15 00:02:29,773 [EventQueue-IncrementalContainerReportForIncrementalContainerReportHandler] INFO  container.IncrementalContainerReportHandler (AbstractContainerReportHandler.java:updateContainerState(171)) - Moving container #1 to QUASI_CLOSED state, datanode d509097d-f1c2-40ef-9226-542c3559615a{ip: 192.168.69.65, host: pr-mpuissue-pdzcc-455137112, networkLocation: /default-rack, certSerialId: null} reported QUASI_CLOSED replica.
2019-11-15 00:02:29,809 [grpc-default-executor-1] INFO  interfaces.Container (KeyValueContainer.java:flushAndSyncDB(400)) - Container 2 is synced with bcsId 70.
2019-11-15 00:02:29,809 [grpc-default-executor-1] INFO  interfaces.Container (KeyValueContainer.java:flushAndSyncDB(400)) - Container 2 is synced with bcsId 70.
2019-11-15 00:02:29,845 [EventQueue-IncrementalContainerReportForIncrementalContainerReportHandler] INFO  container.IncrementalContainerReportHandler (AbstractContainerReportHandler.java:updateContainerState(171)) - Moving container #2 to QUASI_CLOSED state, datanode d509097d-f1c2-40ef-9226-542c3559615a{ip: 192.168.69.65, host: pr-mpuissue-pdzcc-455137112, networkLocation: /default-rack, certSerialId: null} reported QUASI_CLOSED replica.
2019-11-15 00:02:30,129 [grpc-default-executor-1] INFO  interfaces.Container (KeyValueContainer.java:flushAndSyncDB(400)) - Container 3 is synced with bcsId 38.
2019-11-15 00:02:30,129 [grpc-default-executor-1] INFO  interfaces.Container (KeyValueContainer.java:flushAndSyncDB(400)) - Container 3 is synced with bcsId 38.
2019-11-15 00:02:30,156 [EventQueue-IncrementalContainerReportForIncrementalContainerReportHandler] INFO  container.IncrementalContainerReportHandler (AbstractContainerReportHandler.java:updateContainerState(171)) - Moving container #3 to QUASI_CLOSED state, datanode d509097d-f1c2-40ef-9226-542c3559615a{ip: 192.168.69.65, host: pr-mpuissue-pdzcc-455137112, networkLocation: /default-rack, certSerialId: null} reported QUASI_CLOSED replica.
2019-11-15 00:02:30,168 [grpc-default-executor-1] INFO  impl.RaftServerProxy (RaftServerProxy.java:remove(95)) - e2c23766-0faa-4434-a540-c75b6ecba95b: remove  FOLLOWER e2c23766-0faa-4434-a540-c75b6ecba95b@group-7FCE2B30125B:t1, leader=d509097d-f1c2-40ef-9226-542c3559615a, voted=d509097d-f1c2-40ef-9226-542c3559615a, raftlog=e2c23766-0faa-4434-a540-c75b6ecba95b@group-7FCE2B30125B-SegmentedRaftLog:OPENED:c72,f72,i72, conf=0: [e2c23766-0faa-4434-a540-c75b6ecba95b:192.168.69.65:35412, d509097d-f1c2-40ef-9226-542c3559615a:192.168.69.65:34122, 99c42c99-9c2b-4147-b956-0f624c47c191:192.168.69.65:46829], old=null RUNNING
2019-11-15 00:02:30,168 [grpc-default-executor-1] INFO  impl.RaftServerImpl (RaftServerImpl.java:lambda$shutdown$3(250)) - e2c23766-0faa-4434-a540-c75b6ecba95b@group-7FCE2B30125B: shutdown
2019-11-15 00:02:30,168 [grpc-default-executor-1] INFO  util.JmxRegister (JmxRegister.java:unregister(73)) - Successfully un-registered JMX Bean with object name Ratis:service=RaftServer,group=group-7FCE2B30125B,id=e2c23766-0faa-4434-a540-c75b6ecba95b
2019-11-15 00:02:30,168 [grpc-default-executor-1] INFO  impl.RoleInfo (RoleInfo.java:shutdownFollowerState(121)) - e2c23766-0faa-4434-a540-c75b6ecba95b: shutdown FollowerState
2019-11-15 00:02:30,169 [grpc-default-executor-1] INFO  impl.StateMachineUpdater (StateMachineUpdater.java:stopAndJoin(136)) - e2c23766-0faa-4434-a540-c75b6ecba95b@group-7FCE2B30125B-StateMachineUpdater: set stopIndex = 72
2019-11-15 00:02:30,169 [e2c23766-0faa-4434-a540-c75b6ecba95b@group-7FCE2B30125B-StateMachineUpdater] INFO  ratis.ContainerStateMachine (ContainerStateMachine.java:takeSnapshot(285)) - group-7FCE2B30125B: Taking a snapshot at:(t:1, i:70) file /workdir/hadoop-ozone/tools/target/test-dir/MiniOzoneClusterImpl-4278b380-cafa-4f61-b9e1-9cfd23694989/datanode-2/data/ratis/6521f1b3-4ec1-450c-9fb8-7fce2b30125b/sm/snapshot.1_70
2019-11-15 00:02:30,169 [Thread-227] INFO  impl.FollowerState (FollowerState.java:run(120)) - e2c23766-0faa-4434-a540-c75b6ecba95b@group-7FCE2B30125B-FollowerState was interrupted: java.lang.InterruptedException: sleep interrupted
2019-11-15 00:02:30,197 [e2c23766-0faa-4434-a540-c75b6ecba95b@group-7FCE2B30125B-StateMachineUpdater] INFO  ratis.ContainerStateMachine (ContainerStateMachine.java:takeSnapshot(296)) - group-7FCE2B30125B: Finished taking a snapshot at:(t:1, i:70) file:/workdir/hadoop-ozone/tools/target/test-dir/MiniOzoneClusterImpl-4278b380-cafa-4f61-b9e1-9cfd23694989/datanode-2/data/ratis/6521f1b3-4ec1-450c-9fb8-7fce2b30125b/sm/snapshot.1_70 time:29
2019-11-15 00:02:30,198 [e2c23766-0faa-4434-a540-c75b6ecba95b@group-7FCE2B30125B-StateMachineUpdater] INFO  impl.StateMachineUpdater (StateMachineUpdater.java:takeSnapshot(269)) - e2c23766-0faa-4434-a540-c75b6ecba95b@group-7FCE2B30125B-StateMachineUpdater: Took a snapshot at index 70
2019-11-15 00:02:30,198 [e2c23766-0faa-4434-a540-c75b6ecba95b@group-7FCE2B30125B-StateMachineUpdater] INFO  impl.StateMachineUpdater (StateMachineUpdater.java:lambda$new$0(84)) - e2c23766-0faa-4434-a540-c75b6ecba95b@group-7FCE2B30125B-StateMachineUpdater: snapshotIndex: updateIncreasingly -1 -> 70
2019-11-15 00:02:30,199 [e2c23766-0faa-4434-a540-c75b6ecba95b@group-7FCE2B30125B-StateMachineUpdater] INFO  ratis.ContainerStateMachine (ContainerStateMachine.java:takeSnapshot(285)) - group-7FCE2B30125B: Taking a snapshot at:(t:1, i:70) file /workdir/hadoop-ozone/tools/target/test-dir/MiniOzoneClusterImpl-4278b380-cafa-4f61-b9e1-9cfd23694989/datanode-2/data/ratis/6521f1b3-4ec1-450c-9fb8-7fce2b30125b/sm/snapshot.1_70
2019-11-15 00:02:30,216 [e2c23766-0faa-4434-a540-c75b6ecba95b@group-7FCE2B30125B-StateMachineUpdater] INFO  ratis.ContainerStateMachine (ContainerStateMachine.java:takeSnapshot(296)) - group-7FCE2B30125B: Finished taking a snapshot at:(t:1, i:70) file:/workdir/hadoop-ozone/tools/target/test-dir/MiniOzoneClusterImpl-4278b380-cafa-4f61-b9e1-9cfd23694989/datanode-2/data/ratis/6521f1b3-4ec1-450c-9fb8-7fce2b30125b/sm/snapshot.1_70 time:17
2019-11-15 00:02:30,217 [e2c23766-0faa-4434-a540-c75b6ecba95b@group-7FCE2B30125B-StateMachineUpdater] INFO  impl.StateMachineUpdater (StateMachineUpdater.java:takeSnapshot(269)) - e2c23766-0faa-4434-a540-c75b6ecba95b@group-7FCE2B30125B-StateMachineUpdater: Took a snapshot at index 70
2019-11-15 00:02:30,217 [e2c23766-0faa-4434-a540-c75b6ecba95b@group-7FCE2B30125B-StateMachineUpdater] INFO  impl.StateMachineUpdater (StateMachineUpdater.java:lambda$new$0(84)) - e2c23766-0faa-4434-a540-c75b6ecba95b@group-7FCE2B30125B-StateMachineUpdater: snapshotIndex: updateIncreasingly 70 -> 70
2019-11-15 00:02:30,217 [grpc-default-executor-1] INFO  impl.RaftServerImpl (ServerState.java:close(387)) - e2c23766-0faa-4434-a540-c75b6ecba95b@group-7FCE2B30125B: closes. applyIndex: 72
2019-11-15 00:02:30,219 [e2c23766-0faa-4434-a540-c75b6ecba95b@group-7FCE2B30125B-SegmentedRaftLogWorker] INFO  segmented.SegmentedRaftLogWorker (SegmentedRaftLogWorker.java:run(316)) - e2c23766-0faa-4434-a540-c75b6ecba95b@group-7FCE2B30125B-SegmentedRaftLogWorker was interrupted, exiting. There are 0 tasks remaining in the queue.
2019-11-15 00:02:30,225 [grpc-default-executor-1] INFO  segmented.SegmentedRaftLogWorker (SegmentedRaftLogWorker.java:close(224)) - e2c23766-0faa-4434-a540-c75b6ecba95b@group-7FCE2B30125B-SegmentedRaftLogWorker close()
2019-11-15 00:02:30,288 [grpc-default-executor-1] INFO  interfaces.Container (KeyValueContainer.java:flushAndSyncDB(400)) - Container 1 is synced with bcsId 55.
2019-11-15 00:02:30,288 [grpc-default-executor-1] INFO  interfaces.Container (KeyValueContainer.java:flushAndSyncDB(400)) - Container 1 is synced with bcsId 55.
2019-11-15 00:02:30,339 [grpc-default-executor-1] INFO  interfaces.Container (KeyValueContainer.java:flushAndSyncDB(400)) - Container 2 is synced with bcsId 70.
2019-11-15 00:02:30,339 [grpc-default-executor-1] INFO  interfaces.Container (KeyValueContainer.java:flushAndSyncDB(400)) - Container 2 is synced with bcsId 70.
2019-11-15 00:02:30,401 [grpc-default-executor-1] INFO  interfaces.Container (KeyValueContainer.java:flushAndSyncDB(400)) - Container 3 is synced with bcsId 38.
2019-11-15 00:02:30,401 [grpc-default-executor-1] INFO  interfaces.Container (KeyValueContainer.java:flushAndSyncDB(400)) - Container 3 is synced with bcsId 38.
2019-11-15 00:02:30,438 [grpc-default-executor-1] INFO  impl.RaftServerProxy (RaftServerProxy.java:remove(95)) - 99c42c99-9c2b-4147-b956-0f624c47c191: remove  FOLLOWER 99c42c99-9c2b-4147-b956-0f624c47c191@group-7FCE2B30125B:t1, leader=d509097d-f1c2-40ef-9226-542c3559615a, voted=d509097d-f1c2-40ef-9226-542c3559615a, raftlog=99c42c99-9c2b-4147-b956-0f624c47c191@group-7FCE2B30125B-SegmentedRaftLog:OPENED:c72,f72,i72, conf=0: [e2c23766-0faa-4434-a540-c75b6ecba95b:192.168.69.65:35412, d509097d-f1c2-40ef-9226-542c3559615a:192.168.69.65:34122, 99c42c99-9c2b-4147-b956-0f624c47c191:192.168.69.65:46829], old=null RUNNING
2019-11-15 00:02:30,438 [grpc-default-executor-1] INFO  impl.RaftServerImpl (RaftServerImpl.java:lambda$shutdown$3(250)) - 99c42c99-9c2b-4147-b956-0f624c47c191@group-7FCE2B30125B: shutdown
2019-11-15 00:02:30,438 [grpc-default-executor-1] INFO  util.JmxRegister (JmxRegister.java:unregister(73)) - Successfully un-registered JMX Bean with object name Ratis:service=RaftServer,group=group-7FCE2B30125B,id=99c42c99-9c2b-4147-b956-0f624c47c191
2019-11-15 00:02:30,438 [grpc-default-executor-1] INFO  impl.RoleInfo (RoleInfo.java:shutdownFollowerState(121)) - 99c42c99-9c2b-4147-b956-0f624c47c191: shutdown FollowerState
2019-11-15 00:02:30,439 [grpc-default-executor-1] INFO  impl.StateMachineUpdater (StateMachineUpdater.java:stopAndJoin(136)) - 99c42c99-9c2b-4147-b956-0f624c47c191@group-7FCE2B30125B-StateMachineUpdater: set stopIndex = 72
2019-11-15 00:02:30,439 [Thread-228] INFO  impl.FollowerState (FollowerState.java:run(120)) - 99c42c99-9c2b-4147-b956-0f624c47c191@group-7FCE2B30125B-FollowerState was interrupted: java.lang.InterruptedException: sleep interrupted
2019-11-15 00:02:30,440 [99c42c99-9c2b-4147-b956-0f624c47c191@group-7FCE2B30125B-StateMachineUpdater] INFO  ratis.ContainerStateMachine (ContainerStateMachine.java:takeSnapshot(285)) - group-7FCE2B30125B: Taking a snapshot at:(t:1, i:70) file /workdir/hadoop-ozone/tools/target/test-dir/MiniOzoneClusterImpl-4278b380-cafa-4f61-b9e1-9cfd23694989/datanode-0/data/ratis/6521f1b3-4ec1-450c-9fb8-7fce2b30125b/sm/snapshot.1_70
2019-11-15 00:02:30,447 [99c42c99-9c2b-4147-b956-0f624c47c191@group-7FCE2B30125B-StateMachineUpdater] INFO  ratis.ContainerStateMachine (ContainerStateMachine.java:takeSnapshot(296)) - group-7FCE2B30125B: Finished taking a snapshot at:(t:1, i:70) file:/workdir/hadoop-ozone/tools/target/test-dir/MiniOzoneClusterImpl-4278b380-cafa-4f61-b9e1-9cfd23694989/datanode-0/data/ratis/6521f1b3-4ec1-450c-9fb8-7fce2b30125b/sm/snapshot.1_70 time:6
2019-11-15 00:02:30,447 [99c42c99-9c2b-4147-b956-0f624c47c191@group-7FCE2B30125B-StateMachineUpdater] INFO  impl.StateMachineUpdater (StateMachineUpdater.java:takeSnapshot(269)) - 99c42c99-9c2b-4147-b956-0f624c47c191@group-7FCE2B30125B-StateMachineUpdater: Took a snapshot at index 70
2019-11-15 00:02:30,447 [99c42c99-9c2b-4147-b956-0f624c47c191@group-7FCE2B30125B-StateMachineUpdater] INFO  impl.StateMachineUpdater (StateMachineUpdater.java:lambda$new$0(84)) - 99c42c99-9c2b-4147-b956-0f624c47c191@group-7FCE2B30125B-StateMachineUpdater: snapshotIndex: updateIncreasingly -1 -> 70
2019-11-15 00:02:30,448 [99c42c99-9c2b-4147-b956-0f624c47c191@group-7FCE2B30125B-StateMachineUpdater] INFO  ratis.ContainerStateMachine (ContainerStateMachine.java:takeSnapshot(285)) - group-7FCE2B30125B: Taking a snapshot at:(t:1, i:70) file /workdir/hadoop-ozone/tools/target/test-dir/MiniOzoneClusterImpl-4278b380-cafa-4f61-b9e1-9cfd23694989/datanode-0/data/ratis/6521f1b3-4ec1-450c-9fb8-7fce2b30125b/sm/snapshot.1_70
2019-11-15 00:02:30,469 [99c42c99-9c2b-4147-b956-0f624c47c191@group-7FCE2B30125B-StateMachineUpdater] INFO  ratis.ContainerStateMachine (ContainerStateMachine.java:takeSnapshot(296)) - group-7FCE2B30125B: Finished taking a snapshot at:(t:1, i:70) file:/workdir/hadoop-ozone/tools/target/test-dir/MiniOzoneClusterImpl-4278b380-cafa-4f61-b9e1-9cfd23694989/datanode-0/data/ratis/6521f1b3-4ec1-450c-9fb8-7fce2b30125b/sm/snapshot.1_70 time:22
2019-11-15 00:02:30,469 [99c42c99-9c2b-4147-b956-0f624c47c191@group-7FCE2B30125B-StateMachineUpdater] INFO  impl.StateMachineUpdater (StateMachineUpdater.java:takeSnapshot(269)) - 99c42c99-9c2b-4147-b956-0f624c47c191@group-7FCE2B30125B-StateMachineUpdater: Took a snapshot at index 70
2019-11-15 00:02:30,469 [99c42c99-9c2b-4147-b956-0f624c47c191@group-7FCE2B30125B-StateMachineUpdater] INFO  impl.StateMachineUpdater (StateMachineUpdater.java:lambda$new$0(84)) - 99c42c99-9c2b-4147-b956-0f624c47c191@group-7FCE2B30125B-StateMachineUpdater: snapshotIndex: updateIncreasingly 70 -> 70
2019-11-15 00:02:30,470 [grpc-default-executor-1] INFO  impl.RaftServerImpl (ServerState.java:close(387)) - 99c42c99-9c2b-4147-b956-0f624c47c191@group-7FCE2B30125B: closes. applyIndex: 72
2019-11-15 00:02:30,471 [99c42c99-9c2b-4147-b956-0f624c47c191@group-7FCE2B30125B-SegmentedRaftLogWorker] INFO  segmented.SegmentedRaftLogWorker (SegmentedRaftLogWorker.java:run(316)) - 99c42c99-9c2b-4147-b956-0f624c47c191@group-7FCE2B30125B-SegmentedRaftLogWorker was interrupted, exiting. There are 0 tasks remaining in the queue.
2019-11-15 00:02:30,472 [grpc-default-executor-1] INFO  segmented.SegmentedRaftLogWorker (SegmentedRaftLogWorker.java:close(224)) - 99c42c99-9c2b-4147-b956-0f624c47c191@group-7FCE2B30125B-SegmentedRaftLogWorker close()
2019-11-15 00:02:30,492 [grpc-default-executor-1] INFO  interfaces.Container (KeyValueContainer.java:flushAndSyncDB(400)) - Container 1 is synced with bcsId 55.
2019-11-15 00:02:30,492 [grpc-default-executor-1] INFO  interfaces.Container (KeyValueContainer.java:flushAndSyncDB(400)) - Container 1 is synced with bcsId 55.
2019-11-15 00:02:30,543 [grpc-default-executor-1] INFO  interfaces.Container (KeyValueContainer.java:flushAndSyncDB(400)) - Container 2 is synced with bcsId 70.
2019-11-15 00:02:30,543 [grpc-default-executor-1] INFO  interfaces.Container (KeyValueContainer.java:flushAndSyncDB(400)) - Container 2 is synced with bcsId 70.
2019-11-15 00:02:30,613 [grpc-default-executor-1] INFO  interfaces.Container (KeyValueContainer.java:flushAndSyncDB(400)) - Container 3 is synced with bcsId 38.
2019-11-15 00:02:30,613 [grpc-default-executor-1] INFO  interfaces.Container (KeyValueContainer.java:flushAndSyncDB(400)) - Container 3 is synced with bcsId 38.
2019-11-15 00:02:30,634 [main] INFO  pipeline.PipelineStateManager (PipelineStateManager.java:removePipeline(106)) - Pipeline Pipeline[ Id: 6521f1b3-4ec1-450c-9fb8-7fce2b30125b, Nodes: d509097d-f1c2-40ef-9226-542c3559615a{ip: 192.168.69.65, host: pr-mpuissue-pdzcc-455137112, networkLocation: /default-rack, certSerialId: null}e2c23766-0faa-4434-a540-c75b6ecba95b{ip: 192.168.69.65, host: pr-mpuissue-pdzcc-455137112, networkLocation: /default-rack, certSerialId: null}99c42c99-9c2b-4147-b956-0f624c47c191{ip: 192.168.69.65, host: pr-mpuissue-pdzcc-455137112, networkLocation: /default-rack, certSerialId: null}, Type:RATIS, Factor:THREE, State:CLOSED] removed from db
2019-11-15 00:02:30,659 [grpc-default-executor-1] INFO  impl.RaftServerProxy (RaftServerProxy.java:addNew(89)) - e2c23766-0faa-4434-a540-c75b6ecba95b: addNew group-10EA321AEFEF:[e2c23766-0faa-4434-a540-c75b6ecba95b:192.168.69.65:35412, d509097d-f1c2-40ef-9226-542c3559615a:192.168.69.65:34122, 99c42c99-9c2b-4147-b956-0f624c47c191:192.168.69.65:46829] returns group-10EA321AEFEF:java.util.concurrent.CompletableFuture@6e2c688b[Not completed]
2019-11-15 00:02:30,660 [grpc-default-executor-2] INFO  impl.RaftServerProxy (RaftServerProxy.java:addNew(89)) - 99c42c99-9c2b-4147-b956-0f624c47c191: addNew group-10EA321AEFEF:[e2c23766-0faa-4434-a540-c75b6ecba95b:192.168.69.65:35412, d509097d-f1c2-40ef-9226-542c3559615a:192.168.69.65:34122, 99c42c99-9c2b-4147-b956-0f624c47c191:192.168.69.65:46829] returns group-10EA321AEFEF:java.util.concurrent.CompletableFuture@7f1ba4d4[Not completed]
2019-11-15 00:02:30,662 [grpc-default-executor-1] INFO  impl.RaftServerProxy (RaftServerProxy.java:addNew(89)) - d509097d-f1c2-40ef-9226-542c3559615a: addNew group-10EA321AEFEF:[e2c23766-0faa-4434-a540-c75b6ecba95b:192.168.69.65:35412, d509097d-f1c2-40ef-9226-542c3559615a:192.168.69.65:34122, 99c42c99-9c2b-4147-b956-0f624c47c191:192.168.69.65:46829] returns group-10EA321AEFEF:java.util.concurrent.CompletableFuture@17d0f28c[Not completed]
2019-11-15 00:02:30,665 [pool-27-thread-1] INFO  impl.RaftServerImpl (RaftServerImpl.java:<init>(98)) - 99c42c99-9c2b-4147-b956-0f624c47c191: new RaftServerImpl for group-10EA321AEFEF:[e2c23766-0faa-4434-a540-c75b6ecba95b:192.168.69.65:35412, d509097d-f1c2-40ef-9226-542c3559615a:192.168.69.65:34122, 99c42c99-9c2b-4147-b956-0f624c47c191:192.168.69.65:46829] with ContainerStateMachine:uninitialized
2019-11-15 00:02:30,665 [pool-27-thread-1] INFO  server.RaftServerConfigKeys (ConfUtils.java:logGet(43)) - raft.server.rpc.timeout.min = 5s (custom)
2019-11-15 00:02:30,666 [pool-27-thread-1] INFO  server.RaftServerConfigKeys (ConfUtils.java:logGet(43)) - raft.server.rpc.timeout.max = 5200ms (custom)
2019-11-15 00:02:30,666 [pool-27-thread-1] INFO  server.RaftServerConfigKeys (ConfUtils.java:logGet(43)) - raft.server.rpcslowness.timeout = 120s (custom)
2019-11-15 00:02:30,666 [pool-27-thread-1] INFO  server.RaftServerConfigKeys (ConfUtils.java:logGet(43)) - raft.server.sleep.deviation.threshold = 300 (default)
2019-11-15 00:02:30,666 [pool-27-thread-1] INFO  server.RaftServerConfigKeys (ConfUtils.java:logGet(43)) - raft.server.log.appender.install.snapshot.enabled = false (custom)
2019-11-15 00:02:30,666 [pool-27-thread-1] INFO  impl.RaftServerImpl (ServerState.java:<init>(103)) - 99c42c99-9c2b-4147-b956-0f624c47c191@group-10EA321AEFEF: ConfigurationManager, init=-1: [e2c23766-0faa-4434-a540-c75b6ecba95b:192.168.69.65:35412, d509097d-f1c2-40ef-9226-542c3559615a:192.168.69.65:34122, 99c42c99-9c2b-4147-b956-0f624c47c191:192.168.69.65:46829], old=null, confs=<EMPTY_MAP>
2019-11-15 00:02:30,667 [pool-27-thread-1] INFO  server.RaftServerConfigKeys (ConfUtils.java:logGet(43)) - raft.server.storage.dir = [/workdir/hadoop-ozone/tools/target/test-dir/MiniOzoneClusterImpl-4278b380-cafa-4f61-b9e1-9cfd23694989/datanode-0/data/ratis] (custom)
2019-11-15 00:02:30,667 [pool-27-thread-1] INFO  server.RaftServerConfigKeys (ConfUtils.java:logGet(43)) - raft.server.log.corruption.policy = EXCEPTION (default)
2019-11-15 00:02:30,667 [pool-37-thread-1] INFO  impl.RaftServerImpl (RaftServerImpl.java:<init>(98)) - d509097d-f1c2-40ef-9226-542c3559615a: new RaftServerImpl for group-10EA321AEFEF:[e2c23766-0faa-4434-a540-c75b6ecba95b:192.168.69.65:35412, d509097d-f1c2-40ef-9226-542c3559615a:192.168.69.65:34122, 99c42c99-9c2b-4147-b956-0f624c47c191:192.168.69.65:46829] with ContainerStateMachine:uninitialized
2019-11-15 00:02:30,667 [pool-27-thread-1] INFO  storage.RaftStorageDirectory (RaftStorageDirectory.java:analyzeStorage(246)) - The storage directory /workdir/hadoop-ozone/tools/target/test-dir/MiniOzoneClusterImpl-4278b380-cafa-4f61-b9e1-9cfd23694989/datanode-0/data/ratis/7ba25018-cf68-4ab6-baab-10ea321aefef does not exist. Creating ...
2019-11-15 00:02:30,667 [pool-37-thread-1] INFO  server.RaftServerConfigKeys (ConfUtils.java:logGet(43)) - raft.server.rpc.timeout.min = 5s (custom)
2019-11-15 00:02:30,668 [pool-37-thread-1] INFO  server.RaftServerConfigKeys (ConfUtils.java:logGet(43)) - raft.server.rpc.timeout.max = 5200ms (custom)
2019-11-15 00:02:30,668 [pool-37-thread-1] INFO  server.RaftServerConfigKeys (ConfUtils.java:logGet(43)) - raft.server.rpcslowness.timeout = 120s (custom)
2019-11-15 00:02:30,668 [pool-37-thread-1] INFO  server.RaftServerConfigKeys (ConfUtils.java:logGet(43)) - raft.server.sleep.deviation.threshold = 300 (default)
2019-11-15 00:02:30,668 [pool-37-thread-1] INFO  server.RaftServerConfigKeys (ConfUtils.java:logGet(43)) - raft.server.log.appender.install.snapshot.enabled = false (custom)
2019-11-15 00:02:30,668 [pool-37-thread-1] INFO  impl.RaftServerImpl (ServerState.java:<init>(103)) - d509097d-f1c2-40ef-9226-542c3559615a@group-10EA321AEFEF: ConfigurationManager, init=-1: [e2c23766-0faa-4434-a540-c75b6ecba95b:192.168.69.65:35412, d509097d-f1c2-40ef-9226-542c3559615a:192.168.69.65:34122, 99c42c99-9c2b-4147-b956-0f624c47c191:192.168.69.65:46829], old=null, confs=<EMPTY_MAP>
2019-11-15 00:02:30,668 [pool-47-thread-1] INFO  impl.RaftServerImpl (RaftServerImpl.java:<init>(98)) - e2c23766-0faa-4434-a540-c75b6ecba95b: new RaftServerImpl for group-10EA321AEFEF:[e2c23766-0faa-4434-a540-c75b6ecba95b:192.168.69.65:35412, d509097d-f1c2-40ef-9226-542c3559615a:192.168.69.65:34122, 99c42c99-9c2b-4147-b956-0f624c47c191:192.168.69.65:46829] with ContainerStateMachine:uninitialized
2019-11-15 00:02:30,668 [pool-37-thread-1] INFO  server.RaftServerConfigKeys (ConfUtils.java:logGet(43)) - raft.server.storage.dir = [/workdir/hadoop-ozone/tools/target/test-dir/MiniOzoneClusterImpl-4278b380-cafa-4f61-b9e1-9cfd23694989/datanode-1/data/ratis] (custom)
2019-11-15 00:02:30,669 [pool-47-thread-1] INFO  server.RaftServerConfigKeys (ConfUtils.java:logGet(43)) - raft.server.rpc.timeout.min = 5s (custom)
2019-11-15 00:02:30,669 [pool-47-thread-1] INFO  server.RaftServerConfigKeys (ConfUtils.java:logGet(43)) - raft.server.rpc.timeout.max = 5200ms (custom)
2019-11-15 00:02:30,669 [pool-37-thread-1] INFO  server.RaftServerConfigKeys (ConfUtils.java:logGet(43)) - raft.server.log.corruption.policy = EXCEPTION (default)
2019-11-15 00:02:30,669 [pool-47-thread-1] INFO  server.RaftServerConfigKeys (ConfUtils.java:logGet(43)) - raft.server.rpcslowness.timeout = 120s (custom)
2019-11-15 00:02:30,669 [pool-37-thread-1] INFO  storage.RaftStorageDirectory (RaftStorageDirectory.java:analyzeStorage(246)) - The storage directory /workdir/hadoop-ozone/tools/target/test-dir/MiniOzoneClusterImpl-4278b380-cafa-4f61-b9e1-9cfd23694989/datanode-1/data/ratis/7ba25018-cf68-4ab6-baab-10ea321aefef does not exist. Creating ...
2019-11-15 00:02:30,669 [pool-47-thread-1] INFO  server.RaftServerConfigKeys (ConfUtils.java:logGet(43)) - raft.server.sleep.deviation.threshold = 300 (default)
2019-11-15 00:02:30,670 [pool-47-thread-1] INFO  server.RaftServerConfigKeys (ConfUtils.java:logGet(43)) - raft.server.log.appender.install.snapshot.enabled = false (custom)
2019-11-15 00:02:30,670 [pool-47-thread-1] INFO  impl.RaftServerImpl (ServerState.java:<init>(103)) - e2c23766-0faa-4434-a540-c75b6ecba95b@group-10EA321AEFEF: ConfigurationManager, init=-1: [e2c23766-0faa-4434-a540-c75b6ecba95b:192.168.69.65:35412, d509097d-f1c2-40ef-9226-542c3559615a:192.168.69.65:34122, 99c42c99-9c2b-4147-b956-0f624c47c191:192.168.69.65:46829], old=null, confs=<EMPTY_MAP>
2019-11-15 00:02:30,670 [pool-47-thread-1] INFO  server.RaftServerConfigKeys (ConfUtils.java:logGet(43)) - raft.server.storage.dir = [/workdir/hadoop-ozone/tools/target/test-dir/MiniOzoneClusterImpl-4278b380-cafa-4f61-b9e1-9cfd23694989/datanode-2/data/ratis] (custom)
2019-11-15 00:02:30,670 [pool-47-thread-1] INFO  server.RaftServerConfigKeys (ConfUtils.java:logGet(43)) - raft.server.log.corruption.policy = EXCEPTION (default)
2019-11-15 00:02:30,671 [pool-47-thread-1] INFO  storage.RaftStorageDirectory (RaftStorageDirectory.java:analyzeStorage(246)) - The storage directory /workdir/hadoop-ozone/tools/target/test-dir/MiniOzoneClusterImpl-4278b380-cafa-4f61-b9e1-9cfd23694989/datanode-2/data/ratis/7ba25018-cf68-4ab6-baab-10ea321aefef does not exist. Creating ...
2019-11-15 00:02:30,690 [pool-27-thread-1] INFO  storage.RaftStorageDirectory (RaftStorageDirectory.java:tryLock(328)) - Lock on /workdir/hadoop-ozone/tools/target/test-dir/MiniOzoneClusterImpl-4278b380-cafa-4f61-b9e1-9cfd23694989/datanode-0/data/ratis/7ba25018-cf68-4ab6-baab-10ea321aefef/in_use.lock acquired by nodename 9342@pr-mpuissue-pdzcc-455137112
2019-11-15 00:02:30,690 [pool-37-thread-1] INFO  storage.RaftStorageDirectory (RaftStorageDirectory.java:tryLock(328)) - Lock on /workdir/hadoop-ozone/tools/target/test-dir/MiniOzoneClusterImpl-4278b380-cafa-4f61-b9e1-9cfd23694989/datanode-1/data/ratis/7ba25018-cf68-4ab6-baab-10ea321aefef/in_use.lock acquired by nodename 9342@pr-mpuissue-pdzcc-455137112
2019-11-15 00:02:30,690 [pool-47-thread-1] INFO  storage.RaftStorageDirectory (RaftStorageDirectory.java:tryLock(328)) - Lock on /workdir/hadoop-ozone/tools/target/test-dir/MiniOzoneClusterImpl-4278b380-cafa-4f61-b9e1-9cfd23694989/datanode-2/data/ratis/7ba25018-cf68-4ab6-baab-10ea321aefef/in_use.lock acquired by nodename 9342@pr-mpuissue-pdzcc-455137112
2019-11-15 00:02:30,713 [pool-37-thread-1] INFO  storage.RaftStorage (RaftStorage.java:format(84)) - Storage directory /workdir/hadoop-ozone/tools/target/test-dir/MiniOzoneClusterImpl-4278b380-cafa-4f61-b9e1-9cfd23694989/datanode-1/data/ratis/7ba25018-cf68-4ab6-baab-10ea321aefef has been successfully formatted.
2019-11-15 00:02:30,713 [pool-27-thread-1] INFO  storage.RaftStorage (RaftStorage.java:format(84)) - Storage directory /workdir/hadoop-ozone/tools/target/test-dir/MiniOzoneClusterImpl-4278b380-cafa-4f61-b9e1-9cfd23694989/datanode-0/data/ratis/7ba25018-cf68-4ab6-baab-10ea321aefef has been successfully formatted.
2019-11-15 00:02:30,713 [pool-47-thread-1] INFO  storage.RaftStorage (RaftStorage.java:format(84)) - Storage directory /workdir/hadoop-ozone/tools/target/test-dir/MiniOzoneClusterImpl-4278b380-cafa-4f61-b9e1-9cfd23694989/datanode-2/data/ratis/7ba25018-cf68-4ab6-baab-10ea321aefef has been successfully formatted.
2019-11-15 00:02:30,714 [pool-37-thread-1] INFO  ratis.ContainerStateMachine (ContainerStateMachine.java:loadSnapshot(223)) - group-10EA321AEFEF: The snapshot info is null. Setting the last applied indexto:(t:0, i:~)
2019-11-15 00:02:30,714 [pool-27-thread-1] INFO  ratis.ContainerStateMachine (ContainerStateMachine.java:loadSnapshot(223)) - group-10EA321AEFEF: The snapshot info is null. Setting the last applied indexto:(t:0, i:~)
2019-11-15 00:02:30,714 [pool-37-thread-1] INFO  server.RaftServerConfigKeys (ConfUtils.java:logGet(43)) - raft.server.notification.no-leader.timeout = 120s (custom)
2019-11-15 00:02:30,714 [pool-47-thread-1] INFO  ratis.ContainerStateMachine (ContainerStateMachine.java:loadSnapshot(223)) - group-10EA321AEFEF: The snapshot info is null. Setting the last applied indexto:(t:0, i:~)
2019-11-15 00:02:30,715 [pool-37-thread-1] INFO  server.RaftServerConfigKeys (ConfUtils.java:logGet(43)) - raft.server.log.use.memory = false (default)
2019-11-15 00:02:30,714 [pool-27-thread-1] INFO  server.RaftServerConfigKeys (ConfUtils.java:logGet(43)) - raft.server.notification.no-leader.timeout = 120s (custom)
2019-11-15 00:02:30,715 [pool-47-thread-1] INFO  server.RaftServerConfigKeys (ConfUtils.java:logGet(43)) - raft.server.notification.no-leader.timeout = 120s (custom)
2019-11-15 00:02:30,715 [pool-37-thread-1] INFO  server.RaftServerConfigKeys (ConfUtils.java:logGet(43)) - raft.server.log.purge.gap = 1000000 (custom)
2019-11-15 00:02:30,715 [pool-27-thread-1] INFO  server.RaftServerConfigKeys (ConfUtils.java:logGet(43)) - raft.server.log.use.memory = false (default)
2019-11-15 00:02:30,715 [pool-37-thread-1] INFO  server.RaftServerConfigKeys (ConfUtils.java:logGet(43)) - raft.server.log.appender.buffer.byte-limit = 33554432 (custom)
2019-11-15 00:02:30,715 [pool-47-thread-1] INFO  server.RaftServerConfigKeys (ConfUtils.java:logGet(43)) - raft.server.log.use.memory = false (default)
2019-11-15 00:02:30,716 [pool-37-thread-1] INFO  server.RaftServerConfigKeys (ConfUtils.java:logGet(43)) - raft.server.log.segment.size.max = 1048576 (custom)
2019-11-15 00:02:30,715 [pool-27-thread-1] INFO  server.RaftServerConfigKeys (ConfUtils.java:logGet(43)) - raft.server.log.purge.gap = 1000000 (custom)
2019-11-15 00:02:30,716 [pool-47-thread-1] INFO  server.RaftServerConfigKeys (ConfUtils.java:logGet(43)) - raft.server.log.purge.gap = 1000000 (custom)
2019-11-15 00:02:30,716 [pool-37-thread-1] INFO  server.RaftServerConfigKeys (ConfUtils.java:logGet(43)) - raft.server.log.segment.cache.num.max = 2 (custom)
2019-11-15 00:02:30,716 [pool-27-thread-1] INFO  server.RaftServerConfigKeys (ConfUtils.java:logGet(43)) - raft.server.log.appender.buffer.byte-limit = 33554432 (custom)
2019-11-15 00:02:30,716 [pool-37-thread-1] INFO  segmented.SegmentedRaftLogWorker (SegmentedRaftLogWorker.java:<init>(173)) - new d509097d-f1c2-40ef-9226-542c3559615a@group-10EA321AEFEF-SegmentedRaftLogWorker for RaftStorage:Storage Directory /workdir/hadoop-ozone/tools/target/test-dir/MiniOzoneClusterImpl-4278b380-cafa-4f61-b9e1-9cfd23694989/datanode-1/data/ratis/7ba25018-cf68-4ab6-baab-10ea321aefef
2019-11-15 00:02:30,716 [pool-47-thread-1] INFO  server.RaftServerConfigKeys (ConfUtils.java:logGet(43)) - raft.server.log.appender.buffer.byte-limit = 33554432 (custom)
2019-11-15 00:02:30,717 [pool-37-thread-1] INFO  server.RaftServerConfigKeys (ConfUtils.java:logGet(43)) - raft.server.log.queue.byte-limit = 2147483647 (custom)
2019-11-15 00:02:30,717 [pool-27-thread-1] INFO  server.RaftServerConfigKeys (ConfUtils.java:logGet(43)) - raft.server.log.segment.size.max = 1048576 (custom)
2019-11-15 00:02:30,717 [pool-37-thread-1] INFO  server.RaftServerConfigKeys (ConfUtils.java:logGet(43)) - raft.server.log.queue.element-limit = 1024 (custom)
2019-11-15 00:02:30,717 [pool-47-thread-1] INFO  server.RaftServerConfigKeys (ConfUtils.java:logGet(43)) - raft.server.log.segment.size.max = 1048576 (custom)
2019-11-15 00:02:30,717 [pool-37-thread-1] INFO  server.RaftServerConfigKeys (ConfUtils.java:logGet(43)) - raft.server.log.segment.size.max = 1048576 (custom)
2019-11-15 00:02:30,717 [pool-27-thread-1] INFO  server.RaftServerConfigKeys (ConfUtils.java:logGet(43)) - raft.server.log.segment.cache.num.max = 2 (custom)
2019-11-15 00:02:30,717 [pool-37-thread-1] INFO  server.RaftServerConfigKeys (ConfUtils.java:logGet(43)) - raft.server.log.preallocated.size = 16384 (custom)
2019-11-15 00:02:30,717 [pool-47-thread-1] INFO  server.RaftServerConfigKeys (ConfUtils.java:logGet(43)) - raft.server.log.segment.cache.num.max = 2 (custom)
2019-11-15 00:02:30,718 [pool-37-thread-1] INFO  server.RaftServerConfigKeys (ConfUtils.java:logGet(43)) - raft.server.log.write.buffer.size = 33554432 (custom)
2019-11-15 00:02:30,718 [pool-27-thread-1] INFO  segmented.SegmentedRaftLogWorker (SegmentedRaftLogWorker.java:<init>(173)) - new 99c42c99-9c2b-4147-b956-0f624c47c191@group-10EA321AEFEF-SegmentedRaftLogWorker for RaftStorage:Storage Directory /workdir/hadoop-ozone/tools/target/test-dir/MiniOzoneClusterImpl-4278b380-cafa-4f61-b9e1-9cfd23694989/datanode-0/data/ratis/7ba25018-cf68-4ab6-baab-10ea321aefef
2019-11-15 00:02:30,718 [pool-37-thread-1] INFO  server.RaftServerConfigKeys (ConfUtils.java:logGet(43)) - raft.server.log.force.sync.num = 128 (default)
2019-11-15 00:02:30,718 [pool-47-thread-1] INFO  segmented.SegmentedRaftLogWorker (SegmentedRaftLogWorker.java:<init>(173)) - new e2c23766-0faa-4434-a540-c75b6ecba95b@group-10EA321AEFEF-SegmentedRaftLogWorker for RaftStorage:Storage Directory /workdir/hadoop-ozone/tools/target/test-dir/MiniOzoneClusterImpl-4278b380-cafa-4f61-b9e1-9cfd23694989/datanode-2/data/ratis/7ba25018-cf68-4ab6-baab-10ea321aefef
2019-11-15 00:02:30,718 [pool-37-thread-1] INFO  server.RaftServerConfigKeys (ConfUtils.java:logGet(43)) - raft.server.log.statemachine.data.sync = true (default)
2019-11-15 00:02:30,718 [pool-27-thread-1] INFO  server.RaftServerConfigKeys (ConfUtils.java:logGet(43)) - raft.server.log.queue.byte-limit = 2147483647 (custom)
2019-11-15 00:02:30,718 [pool-37-thread-1] INFO  server.RaftServerConfigKeys (ConfUtils.java:logGet(43)) - raft.server.log.statemachine.data.sync.timeout = 10s (default)
2019-11-15 00:02:30,718 [pool-47-thread-1] INFO  server.RaftServerConfigKeys (ConfUtils.java:logGet(43)) - raft.server.log.queue.byte-limit = 2147483647 (custom)
2019-11-15 00:02:30,719 [pool-37-thread-1] INFO  server.RaftServerConfigKeys (ConfUtils.java:logGet(43)) - raft.server.log.statemachine.data.sync.timeout.retry = -1 (default)
2019-11-15 00:02:30,719 [pool-27-thread-1] INFO  server.RaftServerConfigKeys (ConfUtils.java:logGet(43)) - raft.server.log.queue.element-limit = 1024 (custom)
2019-11-15 00:02:30,719 [pool-47-thread-1] INFO  server.RaftServerConfigKeys (ConfUtils.java:logGet(43)) - raft.server.log.queue.element-limit = 1024 (custom)
2019-11-15 00:02:30,719 [pool-37-thread-1] INFO  server.RaftServerConfigKeys (ConfUtils.java:logGet(43)) - raft.server.log.statemachine.data.caching.enabled = true (custom)
2019-11-15 00:02:30,719 [pool-27-thread-1] INFO  server.RaftServerConfigKeys (ConfUtils.java:logGet(43)) - raft.server.log.segment.size.max = 1048576 (custom)
2019-11-15 00:02:30,719 [pool-47-thread-1] INFO  server.RaftServerConfigKeys (ConfUtils.java:logGet(43)) - raft.server.log.segment.size.max = 1048576 (custom)
2019-11-15 00:02:30,720 [pool-27-thread-1] INFO  server.RaftServerConfigKeys (ConfUtils.java:logGet(43)) - raft.server.log.preallocated.size = 16384 (custom)
2019-11-15 00:02:30,720 [pool-47-thread-1] INFO  server.RaftServerConfigKeys (ConfUtils.java:logGet(43)) - raft.server.log.preallocated.size = 16384 (custom)
2019-11-15 00:02:30,720 [pool-37-thread-1] INFO  segmented.SegmentedRaftLogWorker (SegmentedRaftLogWorker.java:lambda$new$0(128)) - d509097d-f1c2-40ef-9226-542c3559615a@group-10EA321AEFEF-SegmentedRaftLogWorker: flushIndex: setUnconditionally 0 -> -1
2019-11-15 00:02:30,720 [pool-47-thread-1] INFO  server.RaftServerConfigKeys (ConfUtils.java:logGet(43)) - raft.server.log.write.buffer.size = 33554432 (custom)
2019-11-15 00:02:30,720 [pool-27-thread-1] INFO  server.RaftServerConfigKeys (ConfUtils.java:logGet(43)) - raft.server.log.write.buffer.size = 33554432 (custom)
2019-11-15 00:02:30,720 [pool-47-thread-1] INFO  server.RaftServerConfigKeys (ConfUtils.java:logGet(43)) - raft.server.log.force.sync.num = 128 (default)
2019-11-15 00:02:30,720 [pool-27-thread-1] INFO  server.RaftServerConfigKeys (ConfUtils.java:logGet(43)) - raft.server.log.force.sync.num = 128 (default)
2019-11-15 00:02:30,720 [pool-37-thread-1] INFO  server.RaftServerConfigKeys (ConfUtils.java:logGet(43)) - raft.server.snapshot.auto.trigger.enabled = true (custom)
2019-11-15 00:02:30,721 [pool-27-thread-1] INFO  server.RaftServerConfigKeys (ConfUtils.java:logGet(43)) - raft.server.log.statemachine.data.sync = true (default)
2019-11-15 00:02:30,721 [pool-47-thread-1] INFO  server.RaftServerConfigKeys (ConfUtils.java:logGet(43)) - raft.server.log.statemachine.data.sync = true (default)
2019-11-15 00:02:30,721 [pool-27-thread-1] INFO  server.RaftServerConfigKeys (ConfUtils.java:logGet(43)) - raft.server.log.statemachine.data.sync.timeout = 10s (default)
2019-11-15 00:02:30,721 [pool-37-thread-1] INFO  server.RaftServerConfigKeys (ConfUtils.java:logGet(43)) - raft.server.snapshot.auto.trigger.threshold = 10000 (custom)
2019-11-15 00:02:30,721 [pool-27-thread-1] INFO  server.RaftServerConfigKeys (ConfUtils.java:logGet(43)) - raft.server.log.statemachine.data.sync.timeout.retry = -1 (default)
2019-11-15 00:02:30,721 [pool-47-thread-1] INFO  server.RaftServerConfigKeys (ConfUtils.java:logGet(43)) - raft.server.log.statemachine.data.sync.timeout = 10s (default)
2019-11-15 00:02:30,722 [pool-27-thread-1] INFO  server.RaftServerConfigKeys (ConfUtils.java:logGet(43)) - raft.server.log.statemachine.data.caching.enabled = true (custom)
2019-11-15 00:02:30,722 [pool-37-thread-1] INFO  server.RaftServerConfigKeys (ConfUtils.java:logGet(43)) - raft.server.snapshot.retention.file.num = 5 (custom)
2019-11-15 00:02:30,722 [pool-47-thread-1] INFO  server.RaftServerConfigKeys (ConfUtils.java:logGet(43)) - raft.server.log.statemachine.data.sync.timeout.retry = -1 (default)
2019-11-15 00:02:30,722 [pool-37-thread-1] INFO  server.RaftServerConfigKeys (ConfUtils.java:logGet(43)) - raft.server.retrycache.expirytime = 600000ms (custom)
2019-11-15 00:02:30,722 [pool-27-thread-1] INFO  segmented.SegmentedRaftLogWorker (SegmentedRaftLogWorker.java:lambda$new$0(128)) - 99c42c99-9c2b-4147-b956-0f624c47c191@group-10EA321AEFEF-SegmentedRaftLogWorker: flushIndex: setUnconditionally 0 -> -1
2019-11-15 00:02:30,723 [pool-47-thread-1] INFO  server.RaftServerConfigKeys (ConfUtils.java:logGet(43)) - raft.server.log.statemachine.data.caching.enabled = true (custom)
2019-11-15 00:02:30,723 [pool-27-thread-1] INFO  server.RaftServerConfigKeys (ConfUtils.java:logGet(43)) - raft.server.snapshot.auto.trigger.enabled = true (custom)
2019-11-15 00:02:30,723 [pool-37-thread-1] WARN  impl.MetricRegistriesImpl (MetricRegistriesImpl.java:lambda$create$1(61)) - First MetricRegistry has been created without registering reporters. You may need to call MetricRegistries.global().addReportRegistration(...) before.
2019-11-15 00:02:30,723 [pool-27-thread-1] INFO  server.RaftServerConfigKeys (ConfUtils.java:logGet(43)) - raft.server.snapshot.auto.trigger.threshold = 10000 (custom)
2019-11-15 00:02:30,723 [pool-47-thread-1] INFO  segmented.SegmentedRaftLogWorker (SegmentedRaftLogWorker.java:lambda$new$0(128)) - e2c23766-0faa-4434-a540-c75b6ecba95b@group-10EA321AEFEF-SegmentedRaftLogWorker: flushIndex: setUnconditionally 0 -> -1
2019-11-15 00:02:30,724 [pool-37-thread-1] WARN  impl.MetricRegistriesImpl (MetricRegistriesImpl.java:lambda$create$1(61)) - First MetricRegistry has been created without registering reporters. You may need to call MetricRegistries.global().addReportRegistration(...) before.
2019-11-15 00:02:30,724 [pool-27-thread-1] INFO  server.RaftServerConfigKeys (ConfUtils.java:logGet(43)) - raft.server.snapshot.retention.file.num = 5 (custom)
2019-11-15 00:02:30,724 [pool-47-thread-1] INFO  server.RaftServerConfigKeys (ConfUtils.java:logGet(43)) - raft.server.snapshot.auto.trigger.enabled = true (custom)
2019-11-15 00:02:30,724 [pool-37-thread-1] INFO  impl.RaftServerImpl (RaftServerImpl.java:start(184)) - d509097d-f1c2-40ef-9226-542c3559615a@group-10EA321AEFEF: start as a follower, conf=-1: [e2c23766-0faa-4434-a540-c75b6ecba95b:192.168.69.65:35412, d509097d-f1c2-40ef-9226-542c3559615a:192.168.69.65:34122, 99c42c99-9c2b-4147-b956-0f624c47c191:192.168.69.65:46829], old=null
2019-11-15 00:02:30,724 [pool-27-thread-1] INFO  server.RaftServerConfigKeys (ConfUtils.java:logGet(43)) - raft.server.retrycache.expirytime = 600000ms (custom)
2019-11-15 00:02:30,724 [pool-37-thread-1] INFO  impl.RaftServerImpl (RaftServerImpl.java:setRole(173)) - d509097d-f1c2-40ef-9226-542c3559615a@group-10EA321AEFEF: changes role from      null to FOLLOWER at term 0 for startAsFollower
2019-11-15 00:02:30,724 [pool-47-thread-1] INFO  server.RaftServerConfigKeys (ConfUtils.java:logGet(43)) - raft.server.snapshot.auto.trigger.threshold = 10000 (custom)
2019-11-15 00:02:30,725 [pool-37-thread-1] INFO  impl.RoleInfo (RoleInfo.java:updateAndGet(143)) - d509097d-f1c2-40ef-9226-542c3559615a: start FollowerState
2019-11-15 00:02:30,725 [pool-27-thread-1] WARN  impl.MetricRegistriesImpl (MetricRegistriesImpl.java:lambda$create$1(61)) - First MetricRegistry has been created without registering reporters. You may need to call MetricRegistries.global().addReportRegistration(...) before.
2019-11-15 00:02:30,725 [pool-47-thread-1] INFO  server.RaftServerConfigKeys (ConfUtils.java:logGet(43)) - raft.server.snapshot.retention.file.num = 5 (custom)
2019-11-15 00:02:30,725 [pool-27-thread-1] WARN  impl.MetricRegistriesImpl (MetricRegistriesImpl.java:lambda$create$1(61)) - First MetricRegistry has been created without registering reporters. You may need to call MetricRegistries.global().addReportRegistration(...) before.
2019-11-15 00:02:30,725 [pool-37-thread-1] INFO  util.JmxRegister (JmxRegister.java:tryRegister(44)) - Successfully registered JMX Bean with object name Ratis:service=RaftServer,group=group-10EA321AEFEF,id=d509097d-f1c2-40ef-9226-542c3559615a
2019-11-15 00:02:30,726 [pool-47-thread-1] INFO  server.RaftServerConfigKeys (ConfUtils.java:logGet(43)) - raft.server.retrycache.expirytime = 600000ms (custom)
2019-11-15 00:02:30,727 [pool-37-thread-1] WARN  impl.MetricRegistriesImpl (MetricRegistriesImpl.java:lambda$create$1(61)) - First MetricRegistry has been created without registering reporters. You may need to call MetricRegistries.global().addReportRegistration(...) before.
2019-11-15 00:02:30,727 [pool-27-thread-1] INFO  impl.RaftServerImpl (RaftServerImpl.java:start(184)) - 99c42c99-9c2b-4147-b956-0f624c47c191@group-10EA321AEFEF: start as a follower, conf=-1: [e2c23766-0faa-4434-a540-c75b6ecba95b:192.168.69.65:35412, d509097d-f1c2-40ef-9226-542c3559615a:192.168.69.65:34122, 99c42c99-9c2b-4147-b956-0f624c47c191:192.168.69.65:46829], old=null
2019-11-15 00:02:30,727 [pool-47-thread-1] WARN  impl.MetricRegistriesImpl (MetricRegistriesImpl.java:lambda$create$1(61)) - First MetricRegistry has been created without registering reporters. You may need to call MetricRegistries.global().addReportRegistration(...) before.
2019-11-15 00:02:30,728 [pool-27-thread-1] INFO  impl.RaftServerImpl (RaftServerImpl.java:setRole(173)) - 99c42c99-9c2b-4147-b956-0f624c47c191@group-10EA321AEFEF: changes role from      null to FOLLOWER at term 0 for startAsFollower
2019-11-15 00:02:30,728 [pool-47-thread-1] WARN  impl.MetricRegistriesImpl (MetricRegistriesImpl.java:lambda$create$1(61)) - First MetricRegistry has been created without registering reporters. You may need to call MetricRegistries.global().addReportRegistration(...) before.
2019-11-15 00:02:30,728 [pool-27-thread-1] INFO  impl.RoleInfo (RoleInfo.java:updateAndGet(143)) - 99c42c99-9c2b-4147-b956-0f624c47c191: start FollowerState
2019-11-15 00:02:30,728 [pool-47-thread-1] INFO  impl.RaftServerImpl (RaftServerImpl.java:start(184)) - e2c23766-0faa-4434-a540-c75b6ecba95b@group-10EA321AEFEF: start as a follower, conf=-1: [e2c23766-0faa-4434-a540-c75b6ecba95b:192.168.69.65:35412, d509097d-f1c2-40ef-9226-542c3559615a:192.168.69.65:34122, 99c42c99-9c2b-4147-b956-0f624c47c191:192.168.69.65:46829], old=null
2019-11-15 00:02:30,729 [pool-27-thread-1] INFO  util.JmxRegister (JmxRegister.java:tryRegister(44)) - Successfully registered JMX Bean with object name Ratis:service=RaftServer,group=group-10EA321AEFEF,id=99c42c99-9c2b-4147-b956-0f624c47c191
2019-11-15 00:02:30,729 [pool-47-thread-1] INFO  impl.RaftServerImpl (RaftServerImpl.java:setRole(173)) - e2c23766-0faa-4434-a540-c75b6ecba95b@group-10EA321AEFEF: changes role from      null to FOLLOWER at term 0 for startAsFollower
2019-11-15 00:02:30,729 [pool-27-thread-1] WARN  impl.MetricRegistriesImpl (MetricRegistriesImpl.java:lambda$create$1(61)) - First MetricRegistry has been created without registering reporters. You may need to call MetricRegistries.global().addReportRegistration(...) before.
2019-11-15 00:02:30,730 [pool-47-thread-1] INFO  impl.RoleInfo (RoleInfo.java:updateAndGet(143)) - e2c23766-0faa-4434-a540-c75b6ecba95b: start FollowerState
2019-11-15 00:02:30,730 [pool-47-thread-1] INFO  util.JmxRegister (JmxRegister.java:tryRegister(44)) - Successfully registered JMX Bean with object name Ratis:service=RaftServer,group=group-10EA321AEFEF,id=e2c23766-0faa-4434-a540-c75b6ecba95b
2019-11-15 00:02:30,731 [pool-47-thread-1] WARN  impl.MetricRegistriesImpl (MetricRegistriesImpl.java:lambda$create$1(61)) - First MetricRegistry has been created without registering reporters. You may need to call MetricRegistries.global().addReportRegistration(...) before.
2019-11-15 00:02:30,736 [RatisPipelineUtilsThread] INFO  pipeline.PipelineStateManager (PipelineStateManager.java:addPipeline(55)) - Created pipeline Pipeline[ Id: 7ba25018-cf68-4ab6-baab-10ea321aefef, Nodes: d509097d-f1c2-40ef-9226-542c3559615a{ip: 192.168.69.65, host: pr-mpuissue-pdzcc-455137112, networkLocation: /default-rack, certSerialId: null}e2c23766-0faa-4434-a540-c75b6ecba95b{ip: 192.168.69.65, host: pr-mpuissue-pdzcc-455137112, networkLocation: /default-rack, certSerialId: null}99c42c99-9c2b-4147-b956-0f624c47c191{ip: 192.168.69.65, host: pr-mpuissue-pdzcc-455137112, networkLocation: /default-rack, certSerialId: null}, Type:RATIS, Factor:THREE, State:ALLOCATED]
2019-11-15 00:02:30,765 [main] INFO  freon.RandomKeyGenerator (RandomKeyGenerator.java:call(283)) - Number of Threads: 10
2019-11-15 00:02:30,766 [main] INFO  freon.RandomKeyGenerator (RandomKeyGenerator.java:call(288)) - Number of Volumes: 1.
2019-11-15 00:02:30,766 [main] INFO  freon.RandomKeyGenerator (RandomKeyGenerator.java:call(289)) - Number of Buckets per Volume: 1.
2019-11-15 00:02:30,766 [main] INFO  freon.RandomKeyGenerator (RandomKeyGenerator.java:call(290)) - Number of Keys per Bucket: 1.
2019-11-15 00:02:30,766 [main] INFO  freon.RandomKeyGenerator (RandomKeyGenerator.java:call(291)) - Key size: 20971520 bytes
2019-11-15 00:02:30,766 [main] INFO  freon.RandomKeyGenerator (RandomKeyGenerator.java:call(292)) - Buffer size: 4096 bytes
2019-11-15 00:02:30,766 [main] INFO  freon.RandomKeyGenerator (RandomKeyGenerator.java:call(293)) - validateWrites : true
2019-11-15 00:02:30,768 [main] INFO  freon.RandomKeyGenerator (RandomKeyGenerator.java:call(307)) - Data validation is enabled.
2019-11-15 00:02:30,768 [pool-59-thread-1] INFO  rpc.RpcClient (RpcClient.java:createVolume(292)) - Creating Volume: vol-0-90154, with jenkins1000 as owner.
2019-11-15 00:02:30,769 [main] INFO  freon.RandomKeyGenerator (RandomKeyGenerator.java:call(313)) - Starting progress bar Thread.

 0.00% |?                                                                                                    |  0/1 Time: 0:00:002019-11-15 00:02:30,775 [IPC Server handler 4 on 39158] INFO  volume.OMVolumeCreateRequest (OMVolumeCreateRequest.java:validateAndUpdateCache(193)) - created volume:vol-0-90154 for user:jenkins1000
2019-11-15 00:02:30,830 [pool-59-thread-2] INFO  rpc.RpcClient (RpcClient.java:createBucket(431)) - Creating Bucket: vol-0-90154/bucket-0-90142, with Versioning false and Storage Type set to DISK and Encryption set to false 
2019-11-15 00:02:30,875 [IPC Server handler 3 on 36693] WARN  block.BlockManagerImpl (BlockManagerImpl.java:allocateBlock(200)) - Pipeline creation failed for type:RATIS factor:THREE. Retrying get pipelines call once.
org.apache.hadoop.hdds.scm.pipeline.InsufficientDatanodesException: Cannot create pipeline of factor 3 using 0 nodes.
	at org.apache.hadoop.hdds.scm.pipeline.RatisPipelineProvider.create(RatisPipelineProvider.java:153)
	at org.apache.hadoop.hdds.scm.pipeline.PipelineFactory.create(PipelineFactory.java:58)
	at org.apache.hadoop.hdds.scm.pipeline.SCMPipelineManager.createPipeline(SCMPipelineManager.java:155)
	at org.apache.hadoop.hdds.scm.block.BlockManagerImpl.allocateBlock(BlockManagerImpl.java:198)
	at org.apache.hadoop.hdds.scm.server.SCMBlockProtocolServer.allocateBlock(SCMBlockProtocolServer.java:187)
	at org.apache.hadoop.hdds.scm.protocol.ScmBlockLocationProtocolServerSideTranslatorPB.allocateScmBlock(ScmBlockLocationProtocolServerSideTranslatorPB.java:159)
	at org.apache.hadoop.hdds.scm.protocol.ScmBlockLocationProtocolServerSideTranslatorPB.processMessage(ScmBlockLocationProtocolServerSideTranslatorPB.java:117)
	at org.apache.hadoop.hdds.server.OzoneProtocolMessageDispatcher.processRequest(OzoneProtocolMessageDispatcher.java:72)
	at org.apache.hadoop.hdds.scm.protocol.ScmBlockLocationProtocolServerSideTranslatorPB.send(ScmBlockLocationProtocolServerSideTranslatorPB.java:98)
	at org.apache.hadoop.hdds.protocol.proto.ScmBlockLocationProtocolProtos$ScmBlockLocationProtocolService$2.callBlockingMethod(ScmBlockLocationProtocolProtos.java:13157)
	at org.apache.hadoop.ipc.ProtobufRpcEngine$Server$ProtoBufRpcInvoker.call(ProtobufRpcEngine.java:524)
	at org.apache.hadoop.ipc.RPC$Server.call(RPC.java:1025)
	at org.apache.hadoop.ipc.Server$RpcCall.run(Server.java:876)
	at org.apache.hadoop.ipc.Server$RpcCall.run(Server.java:822)
	at java.security.AccessController.doPrivileged(Native Method)
	at javax.security.auth.Subject.doAs(Subject.java:422)
	at org.apache.hadoop.security.UserGroupInformation.doAs(UserGroupInformation.java:1730)
	at org.apache.hadoop.ipc.Server$Handler.run(Server.java:2682)
2019-11-15 00:02:30,877 [IPC Server handler 3 on 36693] INFO  block.BlockManagerImpl (BlockManagerImpl.java:allocateBlock(212)) - Could not find available pipeline of type:RATIS and factor:THREE even after retrying
2019-11-15 00:02:30,878 [IPC Server handler 3 on 36693] ERROR block.BlockManagerImpl (BlockManagerImpl.java:allocateBlock(236)) - Unable to allocate a block for the size: 4194304, type: RATIS, factor: THREE
2019-11-15 00:02:30,878 [IPC Server handler 3 on 36693] WARN  block.BlockManagerImpl (BlockManagerImpl.java:allocateBlock(200)) - Pipeline creation failed for type:RATIS factor:THREE. Retrying get pipelines call once.
org.apache.hadoop.hdds.scm.pipeline.InsufficientDatanodesException: Cannot create pipeline of factor 3 using 0 nodes.
	at org.apache.hadoop.hdds.scm.pipeline.RatisPipelineProvider.create(RatisPipelineProvider.java:153)
	at org.apache.hadoop.hdds.scm.pipeline.PipelineFactory.create(PipelineFactory.java:58)
	at org.apache.hadoop.hdds.scm.pipeline.SCMPipelineManager.createPipeline(SCMPipelineManager.java:155)
	at org.apache.hadoop.hdds.scm.block.BlockManagerImpl.allocateBlock(BlockManagerImpl.java:198)
	at org.apache.hadoop.hdds.scm.server.SCMBlockProtocolServer.allocateBlock(SCMBlockProtocolServer.java:187)
	at org.apache.hadoop.hdds.scm.protocol.ScmBlockLocationProtocolServerSideTranslatorPB.allocateScmBlock(ScmBlockLocationProtocolServerSideTranslatorPB.java:159)
	at org.apache.hadoop.hdds.scm.protocol.ScmBlockLocationProtocolServerSideTranslatorPB.processMessage(ScmBlockLocationProtocolServerSideTranslatorPB.java:117)
	at org.apache.hadoop.hdds.server.OzoneProtocolMessageDispatcher.processRequest(OzoneProtocolMessageDispatcher.java:72)
	at org.apache.hadoop.hdds.scm.protocol.ScmBlockLocationProtocolServerSideTranslatorPB.send(ScmBlockLocationProtocolServerSideTranslatorPB.java:98)
	at org.apache.hadoop.hdds.protocol.proto.ScmBlockLocationProtocolProtos$ScmBlockLocationProtocolService$2.callBlockingMethod(ScmBlockLocationProtocolProtos.java:13157)
	at org.apache.hadoop.ipc.ProtobufRpcEngine$Server$ProtoBufRpcInvoker.call(ProtobufRpcEngine.java:524)
	at org.apache.hadoop.ipc.RPC$Server.call(RPC.java:1025)
	at org.apache.hadoop.ipc.Server$RpcCall.run(Server.java:876)
	at org.apache.hadoop.ipc.Server$RpcCall.run(Server.java:822)
	at java.security.AccessController.doPrivileged(Native Method)
	at javax.security.auth.Subject.doAs(Subject.java:422)
	at org.apache.hadoop.security.UserGroupInformation.doAs(UserGroupInformation.java:1730)
	at org.apache.hadoop.ipc.Server$Handler.run(Server.java:2682)
2019-11-15 00:02:30,879 [IPC Server handler 3 on 36693] INFO  block.BlockManagerImpl (BlockManagerImpl.java:allocateBlock(212)) - Could not find available pipeline of type:RATIS and factor:THREE even after retrying
2019-11-15 00:02:30,879 [IPC Server handler 3 on 36693] ERROR block.BlockManagerImpl (BlockManagerImpl.java:allocateBlock(236)) - Unable to allocate a block for the size: 4194304, type: RATIS, factor: THREE
2019-11-15 00:02:30,879 [IPC Server handler 3 on 36693] WARN  block.BlockManagerImpl (BlockManagerImpl.java:allocateBlock(200)) - Pipeline creation failed for type:RATIS factor:THREE. Retrying get pipelines call once.
org.apache.hadoop.hdds.scm.pipeline.InsufficientDatanodesException: Cannot create pipeline of factor 3 using 0 nodes.
	at org.apache.hadoop.hdds.scm.pipeline.RatisPipelineProvider.create(RatisPipelineProvider.java:153)
	at org.apache.hadoop.hdds.scm.pipeline.PipelineFactory.create(PipelineFactory.java:58)
	at org.apache.hadoop.hdds.scm.pipeline.SCMPipelineManager.createPipeline(SCMPipelineManager.java:155)
	at org.apache.hadoop.hdds.scm.block.BlockManagerImpl.allocateBlock(BlockManagerImpl.java:198)
	at org.apache.hadoop.hdds.scm.server.SCMBlockProtocolServer.allocateBlock(SCMBlockProtocolServer.java:187)
	at org.apache.hadoop.hdds.scm.protocol.ScmBlockLocationProtocolServerSideTranslatorPB.allocateScmBlock(ScmBlockLocationProtocolServerSideTranslatorPB.java:159)
	at org.apache.hadoop.hdds.scm.protocol.ScmBlockLocationProtocolServerSideTranslatorPB.processMessage(ScmBlockLocationProtocolServerSideTranslatorPB.java:117)
	at org.apache.hadoop.hdds.server.OzoneProtocolMessageDispatcher.processRequest(OzoneProtocolMessageDispatcher.java:72)
	at org.apache.hadoop.hdds.scm.protocol.ScmBlockLocationProtocolServerSideTranslatorPB.send(ScmBlockLocationProtocolServerSideTranslatorPB.java:98)
	at org.apache.hadoop.hdds.protocol.proto.ScmBlockLocationProtocolProtos$ScmBlockLocationProtocolService$2.callBlockingMethod(ScmBlockLocationProtocolProtos.java:13157)
	at org.apache.hadoop.ipc.ProtobufRpcEngine$Server$ProtoBufRpcInvoker.call(ProtobufRpcEngine.java:524)
	at org.apache.hadoop.ipc.RPC$Server.call(RPC.java:1025)
	at org.apache.hadoop.ipc.Server$RpcCall.run(Server.java:876)
	at org.apache.hadoop.ipc.Server$RpcCall.run(Server.java:822)
	at java.security.AccessController.doPrivileged(Native Method)
	at javax.security.auth.Subject.doAs(Subject.java:422)
	at org.apache.hadoop.security.UserGroupInformation.doAs(UserGroupInformation.java:1730)
	at org.apache.hadoop.ipc.Server$Handler.run(Server.java:2682)
2019-11-15 00:02:30,880 [IPC Server handler 3 on 36693] INFO  block.BlockManagerImpl (BlockManagerImpl.java:allocateBlock(212)) - Could not find available pipeline of type:RATIS and factor:THREE even after retrying
2019-11-15 00:02:30,880 [IPC Server handler 3 on 36693] ERROR block.BlockManagerImpl (BlockManagerImpl.java:allocateBlock(236)) - Unable to allocate a block for the size: 4194304, type: RATIS, factor: THREE
2019-11-15 00:02:30,880 [IPC Server handler 3 on 36693] WARN  block.BlockManagerImpl (BlockManagerImpl.java:allocateBlock(200)) - Pipeline creation failed for type:RATIS factor:THREE. Retrying get pipelines call once.
org.apache.hadoop.hdds.scm.pipeline.InsufficientDatanodesException: Cannot create pipeline of factor 3 using 0 nodes.
	at org.apache.hadoop.hdds.scm.pipeline.RatisPipelineProvider.create(RatisPipelineProvider.java:153)
	at org.apache.hadoop.hdds.scm.pipeline.PipelineFactory.create(PipelineFactory.java:58)
	at org.apache.hadoop.hdds.scm.pipeline.SCMPipelineManager.createPipeline(SCMPipelineManager.java:155)
	at org.apache.hadoop.hdds.scm.block.BlockManagerImpl.allocateBlock(BlockManagerImpl.java:198)
	at org.apache.hadoop.hdds.scm.server.SCMBlockProtocolServer.allocateBlock(SCMBlockProtocolServer.java:187)
	at org.apache.hadoop.hdds.scm.protocol.ScmBlockLocationProtocolServerSideTranslatorPB.allocateScmBlock(ScmBlockLocationProtocolServerSideTranslatorPB.java:159)
	at org.apache.hadoop.hdds.scm.protocol.ScmBlockLocationProtocolServerSideTranslatorPB.processMessage(ScmBlockLocationProtocolServerSideTranslatorPB.java:117)
	at org.apache.hadoop.hdds.server.OzoneProtocolMessageDispatcher.processRequest(OzoneProtocolMessageDispatcher.java:72)
	at org.apache.hadoop.hdds.scm.protocol.ScmBlockLocationProtocolServerSideTranslatorPB.send(ScmBlockLocationProtocolServerSideTranslatorPB.java:98)
	at org.apache.hadoop.hdds.protocol.proto.ScmBlockLocationProtocolProtos$ScmBlockLocationProtocolService$2.callBlockingMethod(ScmBlockLocationProtocolProtos.java:13157)
	at org.apache.hadoop.ipc.ProtobufRpcEngine$Server$ProtoBufRpcInvoker.call(ProtobufRpcEngine.java:524)
	at org.apache.hadoop.ipc.RPC$Server.call(RPC.java:1025)
	at org.apache.hadoop.ipc.Server$RpcCall.run(Server.java:876)
	at org.apache.hadoop.ipc.Server$RpcCall.run(Server.java:822)
	at java.security.AccessController.doPrivileged(Native Method)
	at javax.security.auth.Subject.doAs(Subject.java:422)
	at org.apache.hadoop.security.UserGroupInformation.doAs(UserGroupInformation.java:1730)
	at org.apache.hadoop.ipc.Server$Handler.run(Server.java:2682)
2019-11-15 00:02:30,881 [IPC Server handler 3 on 36693] INFO  block.BlockManagerImpl (BlockManagerImpl.java:allocateBlock(212)) - Could not find available pipeline of type:RATIS and factor:THREE even after retrying
2019-11-15 00:02:30,881 [IPC Server handler 3 on 36693] ERROR block.BlockManagerImpl (BlockManagerImpl.java:allocateBlock(236)) - Unable to allocate a block for the size: 4194304, type: RATIS, factor: THREE
2019-11-15 00:02:30,882 [IPC Server handler 3 on 36693] WARN  block.BlockManagerImpl (BlockManagerImpl.java:allocateBlock(200)) - Pipeline creation failed for type:RATIS factor:THREE. Retrying get pipelines call once.
org.apache.hadoop.hdds.scm.pipeline.InsufficientDatanodesException: Cannot create pipeline of factor 3 using 0 nodes.
	at org.apache.hadoop.hdds.scm.pipeline.RatisPipelineProvider.create(RatisPipelineProvider.java:153)
	at org.apache.hadoop.hdds.scm.pipeline.PipelineFactory.create(PipelineFactory.java:58)
	at org.apache.hadoop.hdds.scm.pipeline.SCMPipelineManager.createPipeline(SCMPipelineManager.java:155)
	at org.apache.hadoop.hdds.scm.block.BlockManagerImpl.allocateBlock(BlockManagerImpl.java:198)
	at org.apache.hadoop.hdds.scm.server.SCMBlockProtocolServer.allocateBlock(SCMBlockProtocolServer.java:187)
	at org.apache.hadoop.hdds.scm.protocol.ScmBlockLocationProtocolServerSideTranslatorPB.allocateScmBlock(ScmBlockLocationProtocolServerSideTranslatorPB.java:159)
	at org.apache.hadoop.hdds.scm.protocol.ScmBlockLocationProtocolServerSideTranslatorPB.processMessage(ScmBlockLocationProtocolServerSideTranslatorPB.java:117)
	at org.apache.hadoop.hdds.server.OzoneProtocolMessageDispatcher.processRequest(OzoneProtocolMessageDispatcher.java:72)
	at org.apache.hadoop.hdds.scm.protocol.ScmBlockLocationProtocolServerSideTranslatorPB.send(ScmBlockLocationProtocolServerSideTranslatorPB.java:98)
	at org.apache.hadoop.hdds.protocol.proto.ScmBlockLocationProtocolProtos$ScmBlockLocationProtocolService$2.callBlockingMethod(ScmBlockLocationProtocolProtos.java:13157)
	at org.apache.hadoop.ipc.ProtobufRpcEngine$Server$ProtoBufRpcInvoker.call(ProtobufRpcEngine.java:524)
	at org.apache.hadoop.ipc.RPC$Server.call(RPC.java:1025)
	at org.apache.hadoop.ipc.Server$RpcCall.run(Server.java:876)
	at org.apache.hadoop.ipc.Server$RpcCall.run(Server.java:822)
	at java.security.AccessController.doPrivileged(Native Method)
	at javax.security.auth.Subject.doAs(Subject.java:422)
	at org.apache.hadoop.security.UserGroupInformation.doAs(UserGroupInformation.java:1730)
	at org.apache.hadoop.ipc.Server$Handler.run(Server.java:2682)
2019-11-15 00:02:30,883 [IPC Server handler 3 on 36693] INFO  block.BlockManagerImpl (BlockManagerImpl.java:allocateBlock(212)) - Could not find available pipeline of type:RATIS and factor:THREE even after retrying
2019-11-15 00:02:30,883 [IPC Server handler 3 on 36693] ERROR block.BlockManagerImpl (BlockManagerImpl.java:allocateBlock(236)) - Unable to allocate a block for the size: 4194304, type: RATIS, factor: THREE
2019-11-15 00:02:30,887 [pool-59-thread-3] ERROR freon.RandomKeyGenerator (RandomKeyGenerator.java:createKey(735)) - Exception while adding key: key-0-93385 in bucket: bucket-0-90142 of volume: vol-0-90154.
INTERNAL_ERROR org.apache.hadoop.ozone.om.exceptions.OMException: Allocated 0 blocks. Requested 5 blocks
	at org.apache.hadoop.ozone.om.protocolPB.OzoneManagerProtocolClientSideTranslatorPB.handleError(OzoneManagerProtocolClientSideTranslatorPB.java:761)
	at org.apache.hadoop.ozone.om.protocolPB.OzoneManagerProtocolClientSideTranslatorPB.openKey(OzoneManagerProtocolClientSideTranslatorPB.java:752)
	at sun.reflect.NativeMethodAccessorImpl.invoke0(Native Method)
	at sun.reflect.NativeMethodAccessorImpl.invoke(NativeMethodAccessorImpl.java:62)
	at sun.reflect.DelegatingMethodAccessorImpl.invoke(DelegatingMethodAccessorImpl.java:43)
	at java.lang.reflect.Method.invoke(Method.java:498)
	at org.apache.hadoop.hdds.tracing.TraceAllMethod.invoke(TraceAllMethod.java:66)
	at com.sun.proxy.$Proxy37.openKey(Unknown Source)
	at org.apache.hadoop.ozone.client.rpc.RpcClient.createKey(RpcClient.java:634)
	at org.apache.hadoop.ozone.client.OzoneBucket.createKey(OzoneBucket.java:325)
	at org.apache.hadoop.ozone.freon.RandomKeyGenerator.createKey(RandomKeyGenerator.java:697)
	at org.apache.hadoop.ozone.freon.RandomKeyGenerator.access$1100(RandomKeyGenerator.java:88)
	at org.apache.hadoop.ozone.freon.RandomKeyGenerator$ObjectCreator.run(RandomKeyGenerator.java:615)
	at java.util.concurrent.Executors$RunnableAdapter.call(Executors.java:511)
	at java.util.concurrent.FutureTask.run(FutureTask.java:266)
	at java.util.concurrent.ThreadPoolExecutor.runWorker(ThreadPoolExecutor.java:1149)
	at java.util.concurrent.ThreadPoolExecutor$Worker.run(ThreadPoolExecutor.java:624)
	at java.lang.Thread.run(Thread.java:748)
 0.00% |?                                                                                                    |  0/1 Time: 0:00:01 0.00% |?                                                                                                    |  0/1 Time: 0:00:02 0.00% |?                                                                                                    |  0/1 Time: 0:00:03 0.00% |?                                                                                                    |  0/1 Time: 0:00:042019-11-15 00:02:35,760 [Thread-472] INFO  impl.FollowerState (FollowerState.java:run(111)) - d509097d-f1c2-40ef-9226-542c3559615a@group-10EA321AEFEF-FollowerState: change to CANDIDATE, lastRpcTime:5034ms, electionTimeout:5034ms
2019-11-15 00:02:35,760 [Thread-472] INFO  impl.RoleInfo (RoleInfo.java:shutdownFollowerState(121)) - d509097d-f1c2-40ef-9226-542c3559615a: shutdown FollowerState
2019-11-15 00:02:35,761 [Thread-472] INFO  impl.RaftServerImpl (RaftServerImpl.java:setRole(173)) - d509097d-f1c2-40ef-9226-542c3559615a@group-10EA321AEFEF: changes role from  FOLLOWER to CANDIDATE at term 0 for changeToCandidate
2019-11-15 00:02:35,761 [Thread-472] INFO  impl.RoleInfo (RoleInfo.java:updateAndGet(143)) - d509097d-f1c2-40ef-9226-542c3559615a: start LeaderElection
2019-11-15 00:02:35,772 [Thread-475] INFO  impl.FollowerState (FollowerState.java:run(111)) - 99c42c99-9c2b-4147-b956-0f624c47c191@group-10EA321AEFEF-FollowerState: change to CANDIDATE, lastRpcTime:5043ms, electionTimeout:5043ms
2019-11-15 00:02:35,772 [Thread-475] INFO  impl.RoleInfo (RoleInfo.java:shutdownFollowerState(121)) - 99c42c99-9c2b-4147-b956-0f624c47c191: shutdown FollowerState
2019-11-15 00:02:35,772 [Thread-475] INFO  impl.RaftServerImpl (RaftServerImpl.java:setRole(173)) - 99c42c99-9c2b-4147-b956-0f624c47c191@group-10EA321AEFEF: changes role from  FOLLOWER to CANDIDATE at term 0 for changeToCandidate
2019-11-15 00:02:35,772 [Thread-475] INFO  impl.RoleInfo (RoleInfo.java:updateAndGet(143)) - 99c42c99-9c2b-4147-b956-0f624c47c191: start LeaderElection
 100.00% |?????????????????????????????????????????????????????????????????????????????????????????????????????|  1/1 Time: 0:00:05
2019-11-15 00:02:35,789 [d509097d-f1c2-40ef-9226-542c3559615a@group-10EA321AEFEF-LeaderElection5] INFO  impl.LeaderElection (LeaderElection.java:askForVotes(178)) - d509097d-f1c2-40ef-9226-542c3559615a@group-10EA321AEFEF-LeaderElection5: begin an election at term 1 for -1: [e2c23766-0faa-4434-a540-c75b6ecba95b:192.168.69.65:35412, d509097d-f1c2-40ef-9226-542c3559615a:192.168.69.65:34122, 99c42c99-9c2b-4147-b956-0f624c47c191:192.168.69.65:46829], old=null
2019-11-15 00:02:35,803 [grpc-default-executor-1] INFO  impl.RaftServerImpl (RaftServerImpl.java:setRole(173)) - e2c23766-0faa-4434-a540-c75b6ecba95b@group-10EA321AEFEF: changes role from  FOLLOWER to FOLLOWER at term 1 for recognizeCandidate:d509097d-f1c2-40ef-9226-542c3559615a
2019-11-15 00:02:35,803 [grpc-default-executor-1] INFO  impl.RoleInfo (RoleInfo.java:shutdownFollowerState(121)) - e2c23766-0faa-4434-a540-c75b6ecba95b: shutdown FollowerState
2019-11-15 00:02:35,803 [Thread-476] INFO  impl.FollowerState (FollowerState.java:run(120)) - e2c23766-0faa-4434-a540-c75b6ecba95b@group-10EA321AEFEF-FollowerState was interrupted: java.lang.InterruptedException: sleep interrupted
2019-11-15 00:02:35,803 [grpc-default-executor-1] INFO  impl.RoleInfo (RoleInfo.java:updateAndGet(143)) - e2c23766-0faa-4434-a540-c75b6ecba95b: start FollowerState
2019-11-15 00:02:35,806 [99c42c99-9c2b-4147-b956-0f624c47c191@group-10EA321AEFEF-LeaderElection6] INFO  impl.LeaderElection (LeaderElection.java:askForVotes(178)) - 99c42c99-9c2b-4147-b956-0f624c47c191@group-10EA321AEFEF-LeaderElection6: begin an election at term 1 for -1: [e2c23766-0faa-4434-a540-c75b6ecba95b:192.168.69.65:35412, d509097d-f1c2-40ef-9226-542c3559615a:192.168.69.65:34122, 99c42c99-9c2b-4147-b956-0f624c47c191:192.168.69.65:46829], old=null
2019-11-15 00:02:35,835 [d509097d-f1c2-40ef-9226-542c3559615a@group-10EA321AEFEF-LeaderElection5] INFO  impl.LeaderElection (LeaderElection.java:logAndReturn(56)) - d509097d-f1c2-40ef-9226-542c3559615a@group-10EA321AEFEF-LeaderElection5: Election PASSED; received 2 response(s) [d509097d-f1c2-40ef-9226-542c3559615a<-e2c23766-0faa-4434-a540-c75b6ecba95b#0:OK-t1, d509097d-f1c2-40ef-9226-542c3559615a<-99c42c99-9c2b-4147-b956-0f624c47c191#0:FAIL-t1] and 0 exception(s); d509097d-f1c2-40ef-9226-542c3559615a@group-10EA321AEFEF:t1, leader=null, voted=d509097d-f1c2-40ef-9226-542c3559615a, raftlog=d509097d-f1c2-40ef-9226-542c3559615a@group-10EA321AEFEF-SegmentedRaftLog:OPENED:c-1,f-1,i0, conf=-1: [e2c23766-0faa-4434-a540-c75b6ecba95b:192.168.69.65:35412, d509097d-f1c2-40ef-9226-542c3559615a:192.168.69.65:34122, 99c42c99-9c2b-4147-b956-0f624c47c191:192.168.69.65:46829], old=null
2019-11-15 00:02:35,835 [99c42c99-9c2b-4147-b956-0f624c47c191@group-10EA321AEFEF-LeaderElection6] INFO  impl.LeaderElection (LeaderElection.java:logAndReturn(56)) - 99c42c99-9c2b-4147-b956-0f624c47c191@group-10EA321AEFEF-LeaderElection6: Election REJECTED; received 2 response(s) [99c42c99-9c2b-4147-b956-0f624c47c191<-e2c23766-0faa-4434-a540-c75b6ecba95b#0:FAIL-t1, 99c42c99-9c2b-4147-b956-0f624c47c191<-d509097d-f1c2-40ef-9226-542c3559615a#0:FAIL-t1] and 0 exception(s); 99c42c99-9c2b-4147-b956-0f624c47c191@group-10EA321AEFEF:t1, leader=null, voted=99c42c99-9c2b-4147-b956-0f624c47c191, raftlog=99c42c99-9c2b-4147-b956-0f624c47c191@group-10EA321AEFEF-SegmentedRaftLog:OPENED:c-1,f-1,i0, conf=-1: [e2c23766-0faa-4434-a540-c75b6ecba95b:192.168.69.65:35412, d509097d-f1c2-40ef-9226-542c3559615a:192.168.69.65:34122, 99c42c99-9c2b-4147-b956-0f624c47c191:192.168.69.65:46829], old=null
2019-11-15 00:02:35,835 [d509097d-f1c2-40ef-9226-542c3559615a@group-10EA321AEFEF-LeaderElection5] INFO  impl.RoleInfo (RoleInfo.java:shutdownLeaderElection(134)) - d509097d-f1c2-40ef-9226-542c3559615a: shutdown LeaderElection
2019-11-15 00:02:35,839 [d509097d-f1c2-40ef-9226-542c3559615a@group-10EA321AEFEF-LeaderElection5] INFO  impl.RaftServerImpl (RaftServerImpl.java:setRole(173)) - d509097d-f1c2-40ef-9226-542c3559615a@group-10EA321AEFEF: changes role from CANDIDATE to LEADER at term 1 for changeToLeader
2019-11-15 00:02:35,839 [99c42c99-9c2b-4147-b956-0f624c47c191@group-10EA321AEFEF-LeaderElection6] INFO  impl.RaftServerImpl (RaftServerImpl.java:setRole(173)) - 99c42c99-9c2b-4147-b956-0f624c47c191@group-10EA321AEFEF: changes role from CANDIDATE to FOLLOWER at term 1 for DISCOVERED_A_NEW_TERM
2019-11-15 00:02:35,839 [d509097d-f1c2-40ef-9226-542c3559615a@group-10EA321AEFEF-LeaderElection5] INFO  ratis.XceiverServerRatis (XceiverServerRatis.java:handleLeaderChangedNotification(697)) - Leader change notification received for group: group-10EA321AEFEF with new leaderId: d509097d-f1c2-40ef-9226-542c3559615a
2019-11-15 00:02:35,840 [99c42c99-9c2b-4147-b956-0f624c47c191@group-10EA321AEFEF-LeaderElection6] INFO  impl.RoleInfo (RoleInfo.java:shutdownLeaderElection(134)) - 99c42c99-9c2b-4147-b956-0f624c47c191: shutdown LeaderElection
2019-11-15 00:02:35,840 [d509097d-f1c2-40ef-9226-542c3559615a@group-10EA321AEFEF-LeaderElection5] INFO  impl.RaftServerImpl (ServerState.java:setLeader(255)) - d509097d-f1c2-40ef-9226-542c3559615a@group-10EA321AEFEF: change Leader from null to d509097d-f1c2-40ef-9226-542c3559615a at term 1 for becomeLeader, leader elected after 5124ms
2019-11-15 00:02:35,840 [99c42c99-9c2b-4147-b956-0f624c47c191@group-10EA321AEFEF-LeaderElection6] INFO  impl.RoleInfo (RoleInfo.java:updateAndGet(143)) - 99c42c99-9c2b-4147-b956-0f624c47c191: start FollowerState
2019-11-15 00:02:35,840 [d509097d-f1c2-40ef-9226-542c3559615a@group-10EA321AEFEF-LeaderElection5] INFO  server.RaftServerConfigKeys (ConfUtils.java:logGet(43)) - raft.server.staging.catchup.gap = 1000 (default)
2019-11-15 00:02:35,840 [d509097d-f1c2-40ef-9226-542c3559615a@group-10EA321AEFEF-LeaderElection5] INFO  server.RaftServerConfigKeys (ConfUtils.java:logGet(43)) - raft.server.rpc.sleep.time = 25ms (default)
2019-11-15 00:02:35,841 [d509097d-f1c2-40ef-9226-542c3559615a@group-10EA321AEFEF-LeaderElection5] INFO  server.RaftServerConfigKeys (ConfUtils.java:logGet(43)) - raft.server.write.element-limit = 4096 (default)
2019-11-15 00:02:35,841 [d509097d-f1c2-40ef-9226-542c3559615a@group-10EA321AEFEF-LeaderElection5] INFO  server.RaftServerConfigKeys (ConfUtils.java:logGet(43)) - raft.server.watch.timeout = 10s (default)
2019-11-15 00:02:35,841 [d509097d-f1c2-40ef-9226-542c3559615a@group-10EA321AEFEF-LeaderElection5] INFO  server.RaftServerConfigKeys (ConfUtils.java:logGet(43)) - raft.server.watch.timeout.denomination = 1s (default)
2019-11-15 00:02:35,841 [d509097d-f1c2-40ef-9226-542c3559615a@group-10EA321AEFEF-LeaderElection5] INFO  server.RaftServerConfigKeys (ConfUtils.java:logGet(43)) - raft.server.watch.element-limit = 65536 (default)
2019-11-15 00:02:35,841 [d509097d-f1c2-40ef-9226-542c3559615a@group-10EA321AEFEF-LeaderElection5] INFO  server.RaftServerConfigKeys (ConfUtils.java:logGet(43)) - raft.server.log.appender.snapshot.chunk.size.max = 16MB (=16777216) (default)
2019-11-15 00:02:35,841 [d509097d-f1c2-40ef-9226-542c3559615a@group-10EA321AEFEF-LeaderElection5] INFO  server.RaftServerConfigKeys (ConfUtils.java:logGet(43)) - raft.server.log.appender.buffer.byte-limit = 33554432 (custom)
2019-11-15 00:02:35,842 [d509097d-f1c2-40ef-9226-542c3559615a@group-10EA321AEFEF-LeaderElection5] INFO  server.RaftServerConfigKeys (ConfUtils.java:logGet(43)) - raft.server.log.appender.buffer.element-limit = 1 (custom)
2019-11-15 00:02:35,842 [d509097d-f1c2-40ef-9226-542c3559615a@group-10EA321AEFEF-LeaderElection5] INFO  grpc.GrpcConfigKeys$Server (ConfUtils.java:logGet(43)) - raft.grpc.server.leader.outstanding.appends.max = 128 (default)
2019-11-15 00:02:35,843 [d509097d-f1c2-40ef-9226-542c3559615a@group-10EA321AEFEF-LeaderElection5] INFO  server.RaftServerConfigKeys (ConfUtils.java:logGet(43)) - raft.server.rpc.request.timeout = 3000ms (default)
2019-11-15 00:02:35,843 [d509097d-f1c2-40ef-9226-542c3559615a@group-10EA321AEFEF-LeaderElection5] INFO  server.RaftServerConfigKeys (ConfUtils.java:logGet(43)) - raft.server.log.appender.install.snapshot.enabled = false (custom)
2019-11-15 00:02:35,843 [EventQueue-PipelineReportForPipelineReportHandler] INFO  pipeline.PipelineStateManager (PipelineStateManager.java:openPipeline(134)) - Pipeline Pipeline[ Id: 7ba25018-cf68-4ab6-baab-10ea321aefef, Nodes: d509097d-f1c2-40ef-9226-542c3559615a{ip: 192.168.69.65, host: pr-mpuissue-pdzcc-455137112, networkLocation: /default-rack, certSerialId: null}e2c23766-0faa-4434-a540-c75b6ecba95b{ip: 192.168.69.65, host: pr-mpuissue-pdzcc-455137112, networkLocation: /default-rack, certSerialId: null}99c42c99-9c2b-4147-b956-0f624c47c191{ip: 192.168.69.65, host: pr-mpuissue-pdzcc-455137112, networkLocation: /default-rack, certSerialId: null}, Type:RATIS, Factor:THREE, State:OPEN] moved to OPEN state
2019-11-15 00:02:35,843 [d509097d-f1c2-40ef-9226-542c3559615a@group-10EA321AEFEF-LeaderElection5] WARN  impl.MetricRegistriesImpl (MetricRegistriesImpl.java:lambda$create$1(61)) - First MetricRegistry has been created without registering reporters. You may need to call MetricRegistries.global().addReportRegistration(...) before.
2019-11-15 00:02:35,843 [d509097d-f1c2-40ef-9226-542c3559615a@group-10EA321AEFEF-LeaderElection5] INFO  server.RaftServerConfigKeys (ConfUtils.java:logGet(43)) - raft.server.log.appender.snapshot.chunk.size.max = 16MB (=16777216) (default)
2019-11-15 00:02:35,844 [d509097d-f1c2-40ef-9226-542c3559615a@group-10EA321AEFEF-LeaderElection5] INFO  server.RaftServerConfigKeys (ConfUtils.java:logGet(43)) - raft.server.log.appender.buffer.byte-limit = 33554432 (custom)
2019-11-15 00:02:35,844 [d509097d-f1c2-40ef-9226-542c3559615a@group-10EA321AEFEF-LeaderElection5] INFO  server.RaftServerConfigKeys (ConfUtils.java:logGet(43)) - raft.server.log.appender.buffer.element-limit = 1 (custom)
2019-11-15 00:02:35,844 [d509097d-f1c2-40ef-9226-542c3559615a@group-10EA321AEFEF-LeaderElection5] INFO  grpc.GrpcConfigKeys$Server (ConfUtils.java:logGet(43)) - raft.grpc.server.leader.outstanding.appends.max = 128 (default)
2019-11-15 00:02:35,844 [d509097d-f1c2-40ef-9226-542c3559615a@group-10EA321AEFEF-LeaderElection5] INFO  server.RaftServerConfigKeys (ConfUtils.java:logGet(43)) - raft.server.rpc.request.timeout = 3000ms (default)
2019-11-15 00:02:35,844 [d509097d-f1c2-40ef-9226-542c3559615a@group-10EA321AEFEF-LeaderElection5] INFO  server.RaftServerConfigKeys (ConfUtils.java:logGet(43)) - raft.server.log.appender.install.snapshot.enabled = false (custom)
2019-11-15 00:02:35,844 [d509097d-f1c2-40ef-9226-542c3559615a@group-10EA321AEFEF-LeaderElection5] INFO  impl.RoleInfo (RoleInfo.java:updateAndGet(143)) - d509097d-f1c2-40ef-9226-542c3559615a: start LeaderState
2019-11-15 00:02:35,845 [d509097d-f1c2-40ef-9226-542c3559615a@group-10EA321AEFEF-LeaderElection5] INFO  segmented.SegmentedRaftLogWorker (SegmentedRaftLogWorker.java:startLogSegment(385)) - d509097d-f1c2-40ef-9226-542c3559615a@group-10EA321AEFEF-SegmentedRaftLogWorker: Starting segment from index:0
2019-11-15 00:02:35,845 [d509097d-f1c2-40ef-9226-542c3559615a@group-10EA321AEFEF-LeaderElection5] INFO  impl.RaftServerImpl (ServerState.java:setRaftConf(356)) - d509097d-f1c2-40ef-9226-542c3559615a@group-10EA321AEFEF: set configuration 0: [e2c23766-0faa-4434-a540-c75b6ecba95b:192.168.69.65:35412, d509097d-f1c2-40ef-9226-542c3559615a:192.168.69.65:34122, 99c42c99-9c2b-4147-b956-0f624c47c191:192.168.69.65:46829], old=null at 0
2019-11-15 00:02:35,848 [grpc-default-executor-2] INFO  ratis.XceiverServerRatis (XceiverServerRatis.java:handleLeaderChangedNotification(697)) - Leader change notification received for group: group-10EA321AEFEF with new leaderId: d509097d-f1c2-40ef-9226-542c3559615a
2019-11-15 00:02:35,852 [grpc-default-executor-2] INFO  impl.RaftServerImpl (ServerState.java:setLeader(255)) - e2c23766-0faa-4434-a540-c75b6ecba95b@group-10EA321AEFEF: change Leader from null to d509097d-f1c2-40ef-9226-542c3559615a at term 1 for appendEntries, leader elected after 5133ms
2019-11-15 00:02:35,852 [grpc-default-executor-1] INFO  ratis.XceiverServerRatis (XceiverServerRatis.java:handleLeaderChangedNotification(697)) - Leader change notification received for group: group-10EA321AEFEF with new leaderId: d509097d-f1c2-40ef-9226-542c3559615a
2019-11-15 00:02:35,881 [grpc-default-executor-1] INFO  impl.RaftServerImpl (ServerState.java:setLeader(255)) - 99c42c99-9c2b-4147-b956-0f624c47c191@group-10EA321AEFEF: change Leader from null to d509097d-f1c2-40ef-9226-542c3559615a at term 1 for appendEntries, leader elected after 5137ms
2019-11-15 00:02:35,884 [grpc-default-executor-1] INFO  impl.RaftServerImpl (ServerState.java:setRaftConf(356)) - e2c23766-0faa-4434-a540-c75b6ecba95b@group-10EA321AEFEF: set configuration 0: [e2c23766-0faa-4434-a540-c75b6ecba95b:192.168.69.65:35412, d509097d-f1c2-40ef-9226-542c3559615a:192.168.69.65:34122, 99c42c99-9c2b-4147-b956-0f624c47c191:192.168.69.65:46829], old=null at 0
2019-11-15 00:02:35,884 [grpc-default-executor-2] INFO  impl.RaftServerImpl (ServerState.java:setRaftConf(356)) - 99c42c99-9c2b-4147-b956-0f624c47c191@group-10EA321AEFEF: set configuration 0: [e2c23766-0faa-4434-a540-c75b6ecba95b:192.168.69.65:35412, d509097d-f1c2-40ef-9226-542c3559615a:192.168.69.65:34122, 99c42c99-9c2b-4147-b956-0f624c47c191:192.168.69.65:46829], old=null at 0
2019-11-15 00:02:35,884 [grpc-default-executor-1] INFO  segmented.SegmentedRaftLogWorker (SegmentedRaftLogWorker.java:startLogSegment(385)) - e2c23766-0faa-4434-a540-c75b6ecba95b@group-10EA321AEFEF-SegmentedRaftLogWorker: Starting segment from index:0
2019-11-15 00:02:35,885 [grpc-default-executor-2] INFO  segmented.SegmentedRaftLogWorker (SegmentedRaftLogWorker.java:startLogSegment(385)) - 99c42c99-9c2b-4147-b956-0f624c47c191@group-10EA321AEFEF-SegmentedRaftLogWorker: Starting segment from index:0
2019-11-15 00:02:35,908 [d509097d-f1c2-40ef-9226-542c3559615a@group-10EA321AEFEF-SegmentedRaftLogWorker] INFO  segmented.SegmentedRaftLogWorker (SegmentedRaftLogWorker.java:execute(576)) - d509097d-f1c2-40ef-9226-542c3559615a@group-10EA321AEFEF-SegmentedRaftLogWorker: created new log segment /workdir/hadoop-ozone/tools/target/test-dir/MiniOzoneClusterImpl-4278b380-cafa-4f61-b9e1-9cfd23694989/datanode-1/data/ratis/7ba25018-cf68-4ab6-baab-10ea321aefef/current/log_inprogress_0
2019-11-15 00:02:35,925 [99c42c99-9c2b-4147-b956-0f624c47c191@group-10EA321AEFEF-SegmentedRaftLogWorker] INFO  segmented.SegmentedRaftLogWorker (SegmentedRaftLogWorker.java:execute(576)) - 99c42c99-9c2b-4147-b956-0f624c47c191@group-10EA321AEFEF-SegmentedRaftLogWorker: created new log segment /workdir/hadoop-ozone/tools/target/test-dir/MiniOzoneClusterImpl-4278b380-cafa-4f61-b9e1-9cfd23694989/datanode-0/data/ratis/7ba25018-cf68-4ab6-baab-10ea321aefef/current/log_inprogress_0
2019-11-15 00:02:35,925 [e2c23766-0faa-4434-a540-c75b6ecba95b@group-10EA321AEFEF-SegmentedRaftLogWorker] INFO  segmented.SegmentedRaftLogWorker (SegmentedRaftLogWorker.java:execute(576)) - e2c23766-0faa-4434-a540-c75b6ecba95b@group-10EA321AEFEF-SegmentedRaftLogWorker: created new log segment /workdir/hadoop-ozone/tools/target/test-dir/MiniOzoneClusterImpl-4278b380-cafa-4f61-b9e1-9cfd23694989/datanode-2/data/ratis/7ba25018-cf68-4ab6-baab-10ea321aefef/current/log_inprogress_0
]]></system-out>
    <system-err><![CDATA[ERROR StatusLogger No Log4j 2 configuration file found. Using default configuration (logging only errors to the console), or user programmatically provided configurations. Set system property 'log4j2.debug' to show Log4j 2 internal initialization logging. See https://logging.apache.org/log4j/2.x/manual/configuration.html for instructions on how to configure Log4j 2
]]></system-err>
  </testcase>
</testsuite>