<?xml version="1.0" encoding="UTF-8"?>
<testsuite xmlns:xsi="http://www.w3.org/2001/XMLSchema-instance" xsi:noNamespaceSchemaLocation="https://maven.apache.org/surefire/maven-surefire-plugin/xsd/surefire-test-report.xsd" name="org.apache.hadoop.ozone.client.rpc.TestMultiBlockWritesWithDnFailures" time="231.517" tests="2" errors="1" skipped="0" failures="0">
  <properties>
    <property name="awt.toolkit" value="sun.awt.X11.XToolkit"/>
    <property name="file.encoding.pkg" value="sun.io"/>
    <property name="java.specification.version" value="1.8"/>
    <property name="sun.cpu.isalist" value=""/>
    <property name="sun.jnu.encoding" value="ANSI_X3.4-1968"/>
    <property name="java.class.path" value="/workdir/hadoop-ozone/integration-test/target/test-classes:/workdir/hadoop-ozone/integration-test/target/classes:/home/user/.m2/repository/org/apache/hadoop/hadoop-ozone-common/0.5.0-SNAPSHOT/hadoop-ozone-common-0.5.0-SNAPSHOT.jar:/home/user/.m2/repository/org/apache/commons/commons-compress/1.4.1/commons-compress-1.4.1.jar:/home/user/.m2/repository/org/tukaani/xz/1.0/xz-1.0.jar:/home/user/.m2/repository/org/apache/hadoop/hadoop-common/3.2.0/hadoop-common-3.2.0.jar:/home/user/.m2/repository/org/apache/hadoop/hadoop-hdfs/3.2.0/hadoop-hdfs-3.2.0.jar:/home/user/.m2/repository/org/apache/hadoop/hadoop-hdfs-client/3.2.0/hadoop-hdfs-client-3.2.0.jar:/home/user/.m2/repository/com/fasterxml/jackson/core/jackson-annotations/2.9.9/jackson-annotations-2.9.9.jar:/home/user/.m2/repository/org/apache/hadoop/hadoop-hdds-common/0.5.0-SNAPSHOT/hadoop-hdds-common-0.5.0-SNAPSHOT.jar:/home/user/.m2/repository/javax/annotation/javax.annotation-api/1.2/javax.annotation-api-1.2.jar:/home/user/.m2/repository/org/apache/ratis/ratis-server/0.5.0-d6d58d0-SNAPSHOT/ratis-server-0.5.0-d6d58d0-SNAPSHOT.jar:/home/user/.m2/repository/org/apache/ratis/ratis-thirdparty-misc/0.2.0/ratis-thirdparty-misc-0.2.0.jar:/home/user/.m2/repository/org/apache/ratis/ratis-proto/0.5.0-d6d58d0-SNAPSHOT/ratis-proto-0.5.0-d6d58d0-SNAPSHOT.jar:/home/user/.m2/repository/org/apache/ratis/ratis-common/0.5.0-d6d58d0-SNAPSHOT/ratis-common-0.5.0-d6d58d0-SNAPSHOT.jar:/home/user/.m2/repository/org/apache/ratis/ratis-client/0.5.0-d6d58d0-SNAPSHOT/ratis-client-0.5.0-d6d58d0-SNAPSHOT.jar:/home/user/.m2/repository/org/apache/ratis/ratis-metrics/0.5.0-d6d58d0-SNAPSHOT/ratis-metrics-0.5.0-d6d58d0-SNAPSHOT.jar:/home/user/.m2/repository/org/apache/ratis/ratis-netty/0.5.0-d6d58d0-SNAPSHOT/ratis-netty-0.5.0-d6d58d0-SNAPSHOT.jar:/home/user/.m2/repository/org/apache/ratis/ratis-grpc/0.5.0-d6d58d0-SNAPSHOT/ratis-grpc-0.5.0-d6d58d0-SNAPSHOT.jar:/home/user/.m2/repository/org/rocksdb/rocksdbjni/6.0.1/rocksdbjni-6.0.1.jar:/home/user/.m2/repository/org/apache/logging/log4j/log4j-api/2.11.0/log4j-api-2.11.0.jar:/home/user/.m2/repository/org/apache/logging/log4j/log4j-core/2.11.0/log4j-core-2.11.0.jar:/home/user/.m2/repository/com/lmax/disruptor/3.4.2/disruptor-3.4.2.jar:/home/user/.m2/repository/org/apache/commons/commons-pool2/2.6.0/commons-pool2-2.6.0.jar:/home/user/.m2/repository/org/bouncycastle/bcpkix-jdk15on/1.60/bcpkix-jdk15on-1.60.jar:/home/user/.m2/repository/commons-validator/commons-validator/1.6/commons-validator-1.6.jar:/home/user/.m2/repository/commons-digester/commons-digester/1.8.1/commons-digester-1.8.1.jar:/home/user/.m2/repository/io/jaegertracing/jaeger-client/0.34.0/jaeger-client-0.34.0.jar:/home/user/.m2/repository/io/jaegertracing/jaeger-thrift/0.34.0/jaeger-thrift-0.34.0.jar:/home/user/.m2/repository/org/apache/thrift/libthrift/0.12.0/libthrift-0.12.0.jar:/home/user/.m2/repository/com/squareup/okhttp3/okhttp/3.9.0/okhttp-3.9.0.jar:/home/user/.m2/repository/com/squareup/okio/okio/1.13.0/okio-1.13.0.jar:/home/user/.m2/repository/io/jaegertracing/jaeger-core/0.34.0/jaeger-core-0.34.0.jar:/home/user/.m2/repository/io/jaegertracing/jaeger-tracerresolver/0.34.0/jaeger-tracerresolver-0.34.0.jar:/home/user/.m2/repository/io/opentracing/contrib/opentracing-tracerresolver/0.1.5/opentracing-tracerresolver-0.1.5.jar:/home/user/.m2/repository/io/opentracing/opentracing-util/0.31.0/opentracing-util-0.31.0.jar:/home/user/.m2/repository/io/opentracing/opentracing-api/0.31.0/opentracing-api-0.31.0.jar:/home/user/.m2/repository/io/opentracing/opentracing-noop/0.31.0/opentracing-noop-0.31.0.jar:/home/user/.m2/repository/org/apache/hadoop/hadoop-hdds-server-framework/0.5.0-SNAPSHOT/hadoop-hdds-server-framework-0.5.0-SNAPSHOT.jar:/home/user/.m2/repository/org/apache/hadoop/hadoop-hdds-container-service/0.5.0-SNAPSHOT/hadoop-hdds-container-service-0.5.0-SNAPSHOT.jar:/home/user/.m2/repository/org/apache/hadoop/hadoop-hdds-client/0.5.0-SNAPSHOT/hadoop-hdds-client-0.5.0-SNAPSHOT.jar:/home/user/.m2/repository/org/apache/hadoop/hadoop-hdds-tools/0.5.0-SNAPSHOT/hadoop-hdds-tools-0.5.0-SNAPSHOT.jar:/home/user/.m2/repository/org/apache/hadoop/hadoop-hdds-server-scm/0.5.0-SNAPSHOT/hadoop-hdds-server-scm-0.5.0-SNAPSHOT.jar:/home/user/.m2/repository/org/apache/hadoop/hadoop-hdds-docs/0.5.0-SNAPSHOT/hadoop-hdds-docs-0.5.0-SNAPSHOT.jar:/home/user/.m2/repository/io/dropwizard/metrics/metrics-core/3.2.4/metrics-core-3.2.4.jar:/home/user/.m2/repository/org/hamcrest/hamcrest-all/1.3/hamcrest-all-1.3.jar:/home/user/.m2/repository/org/bouncycastle/bcprov-jdk15on/1.60/bcprov-jdk15on-1.60.jar:/home/user/.m2/repository/info/picocli/picocli/3.9.6/picocli-3.9.6.jar:/home/user/.m2/repository/com/google/protobuf/protobuf-java/2.5.0/protobuf-java-2.5.0.jar:/home/user/.m2/repository/com/google/guava/guava/11.0.2/guava-11.0.2.jar:/home/user/.m2/repository/org/apache/hadoop/hadoop-ozone-ozone-manager/0.5.0-SNAPSHOT/hadoop-ozone-ozone-manager-0.5.0-SNAPSHOT.jar:/home/user/.m2/repository/org/apache/hadoop/hadoop-minikdc/3.2.0/hadoop-minikdc-3.2.0.jar:/home/user/.m2/repository/commons-io/commons-io/2.5/commons-io-2.5.jar:/home/user/.m2/repository/org/apache/kerby/kerb-simplekdc/1.0.1/kerb-simplekdc-1.0.1.jar:/home/user/.m2/repository/org/apache/kerby/kerb-client/1.0.1/kerb-client-1.0.1.jar:/home/user/.m2/repository/org/apache/kerby/kerby-config/1.0.1/kerby-config-1.0.1.jar:/home/user/.m2/repository/org/apache/kerby/kerb-core/1.0.1/kerb-core-1.0.1.jar:/home/user/.m2/repository/org/apache/kerby/kerby-pkix/1.0.1/kerby-pkix-1.0.1.jar:/home/user/.m2/repository/org/apache/kerby/kerby-asn1/1.0.1/kerby-asn1-1.0.1.jar:/home/user/.m2/repository/org/apache/kerby/kerby-util/1.0.1/kerby-util-1.0.1.jar:/home/user/.m2/repository/org/apache/kerby/kerb-common/1.0.1/kerb-common-1.0.1.jar:/home/user/.m2/repository/org/apache/kerby/kerb-crypto/1.0.1/kerb-crypto-1.0.1.jar:/home/user/.m2/repository/org/apache/kerby/kerb-util/1.0.1/kerb-util-1.0.1.jar:/home/user/.m2/repository/org/apache/kerby/token-provider/1.0.1/token-provider-1.0.1.jar:/home/user/.m2/repository/org/apache/kerby/kerb-admin/1.0.1/kerb-admin-1.0.1.jar:/home/user/.m2/repository/org/apache/kerby/kerb-server/1.0.1/kerb-server-1.0.1.jar:/home/user/.m2/repository/org/apache/kerby/kerb-identity/1.0.1/kerb-identity-1.0.1.jar:/home/user/.m2/repository/org/apache/kerby/kerby-xdr/1.0.1/kerby-xdr-1.0.1.jar:/home/user/.m2/repository/org/slf4j/slf4j-log4j12/1.7.25/slf4j-log4j12-1.7.25.jar:/home/user/.m2/repository/org/apache/hadoop/hadoop-ozone-s3gateway/0.5.0-SNAPSHOT/hadoop-ozone-s3gateway-0.5.0-SNAPSHOT.jar:/home/user/.m2/repository/org/jboss/weld/servlet/weld-servlet/2.4.7.Final/weld-servlet-2.4.7.Final.jar:/home/user/.m2/repository/org/glassfish/jersey/containers/jersey-container-servlet-core/2.27/jersey-container-servlet-core-2.27.jar:/home/user/.m2/repository/org/glassfish/hk2/external/javax.inject/2.5.0-b42/javax.inject-2.5.0-b42.jar:/home/user/.m2/repository/org/glassfish/jersey/core/jersey-common/2.27/jersey-common-2.27.jar:/home/user/.m2/repository/org/glassfish/hk2/osgi-resource-locator/1.0.1/osgi-resource-locator-1.0.1.jar:/home/user/.m2/repository/javax/ws/rs/javax.ws.rs-api/2.1/javax.ws.rs-api-2.1.jar:/home/user/.m2/repository/org/glassfish/jersey/ext/cdi/jersey-cdi1x/2.27/jersey-cdi1x-2.27.jar:/home/user/.m2/repository/org/glassfish/jersey/inject/jersey-hk2/2.27/jersey-hk2-2.27.jar:/home/user/.m2/repository/org/glassfish/hk2/hk2-locator/2.5.0-b42/hk2-locator-2.5.0-b42.jar:/home/user/.m2/repository/org/javassist/javassist/3.22.0-CR2/javassist-3.22.0-CR2.jar:/home/user/.m2/repository/org/glassfish/hk2/hk2-api/2.5.0/hk2-api-2.5.0.jar:/home/user/.m2/repository/org/glassfish/hk2/external/jakarta.inject/2.5.0/jakarta.inject-2.5.0.jar:/home/user/.m2/repository/org/glassfish/hk2/hk2-utils/2.5.0/hk2-utils-2.5.0.jar:/home/user/.m2/repository/jakarta/annotation/jakarta.annotation-api/1.3.4/jakarta.annotation-api-1.3.4.jar:/home/user/.m2/repository/org/glassfish/hk2/external/aopalliance-repackaged/2.5.0/aopalliance-repackaged-2.5.0.jar:/home/user/.m2/repository/com/fasterxml/jackson/dataformat/jackson-dataformat-xml/2.9.0/jackson-dataformat-xml-2.9.0.jar:/home/user/.m2/repository/com/fasterxml/jackson/core/jackson-core/2.9.9/jackson-core-2.9.9.jar:/home/user/.m2/repository/com/fasterxml/jackson/module/jackson-module-jaxb-annotations/2.9.9/jackson-module-jaxb-annotations-2.9.9.jar:/home/user/.m2/repository/javax/enterprise/cdi-api/1.2/cdi-api-1.2.jar:/home/user/.m2/repository/javax/el/javax.el-api/3.0.0/javax.el-api-3.0.0.jar:/home/user/.m2/repository/javax/interceptor/javax.interceptor-api/1.2/javax.interceptor-api-1.2.jar:/home/user/.m2/repository/javax/inject/javax.inject/1/javax.inject-1.jar:/home/user/.m2/repository/com/sun/xml/bind/jaxb-impl/2.3.0.1/jaxb-impl-2.3.0.1.jar:/home/user/.m2/repository/com/sun/xml/bind/jaxb-core/2.3.0.1/jaxb-core-2.3.0.1.jar:/home/user/.m2/repository/javax/xml/bind/jaxb-api/2.3.0/jaxb-api-2.3.0.jar:/home/user/.m2/repository/javax/activation/activation/1.1.1/activation-1.1.1.jar:/home/user/.m2/repository/org/apache/hadoop/hadoop-ozone-csi/0.5.0-SNAPSHOT/hadoop-ozone-csi-0.5.0-SNAPSHOT.jar:/home/user/.m2/repository/com/google/protobuf/protobuf-java-util/3.5.1/protobuf-java-util-3.5.1.jar:/home/user/.m2/repository/org/apache/hadoop/hadoop-hdds-config/0.5.0-SNAPSHOT/hadoop-hdds-config-0.5.0-SNAPSHOT.jar:/home/user/.m2/repository/io/grpc/grpc-netty/1.17.1/grpc-netty-1.17.1.jar:/home/user/.m2/repository/io/grpc/grpc-core/1.17.1/grpc-core-1.17.1.jar:/home/user/.m2/repository/io/grpc/grpc-context/1.17.1/grpc-context-1.17.1.jar:/home/user/.m2/repository/com/google/errorprone/error_prone_annotations/2.2.0/error_prone_annotations-2.2.0.jar:/home/user/.m2/repository/org/codehaus/mojo/animal-sniffer-annotations/1.17/animal-sniffer-annotations-1.17.jar:/home/user/.m2/repository/io/opencensus/opencensus-api/0.17.0/opencensus-api-0.17.0.jar:/home/user/.m2/repository/io/opencensus/opencensus-contrib-grpc-metrics/0.17.0/opencensus-contrib-grpc-metrics-0.17.0.jar:/home/user/.m2/repository/io/netty/netty-codec-http2/4.1.30.Final/netty-codec-http2-4.1.30.Final.jar:/home/user/.m2/repository/io/netty/netty-codec-http/4.1.30.Final/netty-codec-http-4.1.30.Final.jar:/home/user/.m2/repository/io/netty/netty-codec/4.1.30.Final/netty-codec-4.1.30.Final.jar:/home/user/.m2/repository/io/netty/netty-handler/4.1.30.Final/netty-handler-4.1.30.Final.jar:/home/user/.m2/repository/io/netty/netty-handler-proxy/4.1.30.Final/netty-handler-proxy-4.1.30.Final.jar:/home/user/.m2/repository/io/netty/netty-codec-socks/4.1.30.Final/netty-codec-socks-4.1.30.Final.jar:/home/user/.m2/repository/io/netty/netty-transport-native-epoll/4.1.30.Final/netty-transport-native-epoll-4.1.30.Final.jar:/home/user/.m2/repository/io/netty/netty-common/4.1.30.Final/netty-common-4.1.30.Final.jar:/home/user/.m2/repository/io/netty/netty-buffer/4.1.30.Final/netty-buffer-4.1.30.Final.jar:/home/user/.m2/repository/io/netty/netty-transport/4.1.30.Final/netty-transport-4.1.30.Final.jar:/home/user/.m2/repository/io/netty/netty-resolver/4.1.30.Final/netty-resolver-4.1.30.Final.jar:/home/user/.m2/repository/io/netty/netty-transport-native-unix-common/4.1.30.Final/netty-transport-native-unix-common-4.1.30.Final.jar:/home/user/.m2/repository/io/grpc/grpc-protobuf/1.17.1/grpc-protobuf-1.17.1.jar:/home/user/.m2/repository/com/google/api/grpc/proto-google-common-protos/1.0.0/proto-google-common-protos-1.0.0.jar:/home/user/.m2/repository/io/grpc/grpc-protobuf-lite/1.17.1/grpc-protobuf-lite-1.17.1.jar:/home/user/.m2/repository/io/grpc/grpc-stub/1.17.1/grpc-stub-1.17.1.jar:/home/user/.m2/repository/org/apache/hadoop/hadoop-ozone-recon/0.5.0-SNAPSHOT/hadoop-ozone-recon-0.5.0-SNAPSHOT.jar:/home/user/.m2/repository/org/apache/hadoop/hadoop-ozone-reconcodegen/0.5.0-SNAPSHOT/hadoop-ozone-reconcodegen-0.5.0-SNAPSHOT.jar:/home/user/.m2/repository/com/google/inject/extensions/guice-multibindings/4.0/guice-multibindings-4.0.jar:/home/user/.m2/repository/com/google/inject/guice/4.0/guice-4.0.jar:/home/user/.m2/repository/aopalliance/aopalliance/1.0/aopalliance-1.0.jar:/home/user/.m2/repository/com/google/inject/extensions/guice-servlet/4.0/guice-servlet-4.0.jar:/home/user/.m2/repository/org/glassfish/jersey/containers/jersey-container-servlet/2.27/jersey-container-servlet-2.27.jar:/home/user/.m2/repository/org/glassfish/hk2/guice-bridge/2.5.0/guice-bridge-2.5.0.jar:/home/user/.m2/repository/org/glassfish/jersey/core/jersey-server/2.27/jersey-server-2.27.jar:/home/user/.m2/repository/org/glassfish/jersey/core/jersey-client/2.27/jersey-client-2.27.jar:/home/user/.m2/repository/org/glassfish/jersey/media/jersey-media-jaxb/2.27/jersey-media-jaxb-2.27.jar:/home/user/.m2/repository/javax/validation/validation-api/1.1.0.Final/validation-api-1.1.0.Final.jar:/home/user/.m2/repository/org/glassfish/jersey/media/jersey-media-json-jackson/2.27/jersey-media-json-jackson-2.27.jar:/home/user/.m2/repository/org/glassfish/jersey/ext/jersey-entity-filtering/2.27/jersey-entity-filtering-2.27.jar:/home/user/.m2/repository/com/google/inject/extensions/guice-assistedinject/4.0/guice-assistedinject-4.0.jar:/home/user/.m2/repository/org/jooq/jooq/3.11.10/jooq-3.11.10.jar:/home/user/.m2/repository/org/jooq/jooq-meta/3.11.10/jooq-meta-3.11.10.jar:/home/user/.m2/repository/org/jooq/jooq-codegen/3.11.10/jooq-codegen-3.11.10.jar:/home/user/.m2/repository/com/jolbox/bonecp/0.8.0.RELEASE/bonecp-0.8.0.RELEASE.jar:/home/user/.m2/repository/org/xerial/sqlite-jdbc/3.25.2/sqlite-jdbc-3.25.2.jar:/home/user/.m2/repository/org/springframework/spring-jdbc/5.1.3.RELEASE/spring-jdbc-5.1.3.RELEASE.jar:/home/user/.m2/repository/org/springframework/spring-beans/5.1.3.RELEASE/spring-beans-5.1.3.RELEASE.jar:/home/user/.m2/repository/org/springframework/spring-core/5.1.3.RELEASE/spring-core-5.1.3.RELEASE.jar:/home/user/.m2/repository/org/springframework/spring-jcl/5.1.3.RELEASE/spring-jcl-5.1.3.RELEASE.jar:/home/user/.m2/repository/org/springframework/spring-tx/5.1.3.RELEASE/spring-tx-5.1.3.RELEASE.jar:/home/user/.m2/repository/org/apache/hadoop/hadoop-ozone-client/0.5.0-SNAPSHOT/hadoop-ozone-client-0.5.0-SNAPSHOT.jar:/home/user/.m2/repository/commons-lang/commons-lang/2.6/commons-lang-2.6.jar:/home/user/.m2/repository/org/apache/hadoop/hadoop-ozone-ozone-manager/0.5.0-SNAPSHOT/hadoop-ozone-ozone-manager-0.5.0-SNAPSHOT-tests.jar:/home/user/.m2/repository/junit/junit/4.11/junit-4.11.jar:/home/user/.m2/repository/org/hamcrest/hamcrest-core/1.3/hamcrest-core-1.3.jar:/home/user/.m2/repository/org/openjdk/jmh/jmh-core/1.19/jmh-core-1.19.jar:/home/user/.m2/repository/net/sf/jopt-simple/jopt-simple/4.6/jopt-simple-4.6.jar:/home/user/.m2/repository/org/apache/commons/commons-math3/3.1.1/commons-math3-3.1.1.jar:/home/user/.m2/repository/org/openjdk/jmh/jmh-generator-annprocess/1.19/jmh-generator-annprocess-1.19.jar:/home/user/.m2/repository/org/mockito/mockito-all/1.8.5/mockito-all-1.8.5.jar:/home/user/.m2/repository/org/apache/hadoop/hadoop-kms/3.2.0/hadoop-kms-3.2.0.jar:/home/user/.m2/repository/org/apache/hadoop/hadoop-auth/3.2.0/hadoop-auth-3.2.0.jar:/home/user/.m2/repository/com/nimbusds/nimbus-jose-jwt/4.41.1/nimbus-jose-jwt-4.41.1.jar:/home/user/.m2/repository/com/github/stephenc/jcip/jcip-annotations/1.0-1/jcip-annotations-1.0-1.jar:/home/user/.m2/repository/net/minidev/json-smart/2.3/json-smart-2.3.jar:/home/user/.m2/repository/net/minidev/accessors-smart/1.2/accessors-smart-1.2.jar:/home/user/.m2/repository/org/ow2/asm/asm/5.0.4/asm-5.0.4.jar:/home/user/.m2/repository/org/apache/curator/curator-framework/2.12.0/curator-framework-2.12.0.jar:/home/user/.m2/repository/com/sun/jersey/jersey-core/1.19/jersey-core-1.19.jar:/home/user/.m2/repository/javax/ws/rs/jsr311-api/1.1.1/jsr311-api-1.1.1.jar:/home/user/.m2/repository/com/sun/jersey/jersey-server/1.19/jersey-server-1.19.jar:/home/user/.m2/repository/javax/servlet/javax.servlet-api/3.1.0/javax.servlet-api-3.1.0.jar:/home/user/.m2/repository/org/eclipse/jetty/jetty-server/9.3.25.v20180904/jetty-server-9.3.25.v20180904.jar:/home/user/.m2/repository/org/eclipse/jetty/jetty-http/9.3.25.v20180904/jetty-http-9.3.25.v20180904.jar:/home/user/.m2/repository/org/eclipse/jetty/jetty-io/9.3.25.v20180904/jetty-io-9.3.25.v20180904.jar:/home/user/.m2/repository/org/eclipse/jetty/jetty-webapp/9.3.25.v20180904/jetty-webapp-9.3.25.v20180904.jar:/home/user/.m2/repository/org/eclipse/jetty/jetty-xml/9.3.25.v20180904/jetty-xml-9.3.25.v20180904.jar:/home/user/.m2/repository/log4j/log4j/1.2.17/log4j-1.2.17.jar:/home/user/.m2/repository/org/slf4j/slf4j-api/1.7.25/slf4j-api-1.7.25.jar:/home/user/.m2/repository/org/slf4j/jul-to-slf4j/1.7.25/jul-to-slf4j-1.7.25.jar:/home/user/.m2/repository/org/eclipse/jetty/jetty-util/9.3.25.v20180904/jetty-util-9.3.25.v20180904.jar:/home/user/.m2/repository/com/fasterxml/jackson/core/jackson-databind/2.9.9/jackson-databind-2.9.9.jar:/home/user/.m2/repository/org/apache/hadoop/hadoop-kms/3.2.0/hadoop-kms-3.2.0-tests.jar:/home/user/.m2/repository/org/apache/hadoop/hadoop-hdds-server-scm/0.5.0-SNAPSHOT/hadoop-hdds-server-scm-0.5.0-SNAPSHOT-tests.jar:/home/user/.m2/repository/org/apache/hadoop/hadoop-hdds-container-service/0.5.0-SNAPSHOT/hadoop-hdds-container-service-0.5.0-SNAPSHOT-tests.jar:/home/user/.m2/repository/org/yaml/snakeyaml/1.16/snakeyaml-1.16.jar:/home/user/.m2/repository/org/apache/hadoop/hadoop-common/3.2.0/hadoop-common-3.2.0-tests.jar:/home/user/.m2/repository/org/apache/hadoop/hadoop-annotations/3.2.0/hadoop-annotations-3.2.0.jar:/usr/lib/jvm/java-1.8.0-openjdk-1.8.0.222.b10-1.el7_7.x86_64/jre/../lib/tools.jar:/home/user/.m2/repository/commons-cli/commons-cli/1.2/commons-cli-1.2.jar:/home/user/.m2/repository/org/apache/httpcomponents/httpclient/4.5.2/httpclient-4.5.2.jar:/home/user/.m2/repository/org/apache/httpcomponents/httpcore/4.4.4/httpcore-4.4.4.jar:/home/user/.m2/repository/commons-codec/commons-codec/1.11/commons-codec-1.11.jar:/home/user/.m2/repository/commons-net/commons-net/3.6/commons-net-3.6.jar:/home/user/.m2/repository/commons-collections/commons-collections/3.2.2/commons-collections-3.2.2.jar:/home/user/.m2/repository/org/eclipse/jetty/jetty-servlet/9.3.25.v20180904/jetty-servlet-9.3.25.v20180904.jar:/home/user/.m2/repository/org/eclipse/jetty/jetty-security/9.3.25.v20180904/jetty-security-9.3.25.v20180904.jar:/home/user/.m2/repository/javax/servlet/jsp/jsp-api/2.1/jsp-api-2.1.jar:/home/user/.m2/repository/com/sun/jersey/jersey-servlet/1.19/jersey-servlet-1.19.jar:/home/user/.m2/repository/com/sun/jersey/jersey-json/1.19/jersey-json-1.19.jar:/home/user/.m2/repository/org/codehaus/jettison/jettison/1.1/jettison-1.1.jar:/home/user/.m2/repository/org/codehaus/jackson/jackson-core-asl/1.9.13/jackson-core-asl-1.9.13.jar:/home/user/.m2/repository/org/codehaus/jackson/jackson-mapper-asl/1.9.13/jackson-mapper-asl-1.9.13.jar:/home/user/.m2/repository/org/codehaus/jackson/jackson-jaxrs/1.9.13/jackson-jaxrs-1.9.13.jar:/home/user/.m2/repository/org/codehaus/jackson/jackson-xc/1.9.13/jackson-xc-1.9.13.jar:/home/user/.m2/repository/commons-logging/commons-logging/1.1.3/commons-logging-1.1.3.jar:/home/user/.m2/repository/commons-beanutils/commons-beanutils/1.9.4/commons-beanutils-1.9.4.jar:/home/user/.m2/repository/org/apache/commons/commons-configuration2/2.1.1/commons-configuration2-2.1.1.jar:/home/user/.m2/repository/org/apache/commons/commons-lang3/3.7/commons-lang3-3.7.jar:/home/user/.m2/repository/org/apache/commons/commons-text/1.4/commons-text-1.4.jar:/home/user/.m2/repository/org/apache/avro/avro/1.7.7/avro-1.7.7.jar:/home/user/.m2/repository/com/thoughtworks/paranamer/paranamer/2.3/paranamer-2.3.jar:/home/user/.m2/repository/org/xerial/snappy/snappy-java/1.0.5/snappy-java-1.0.5.jar:/home/user/.m2/repository/com/google/re2j/re2j/1.1/re2j-1.1.jar:/home/user/.m2/repository/com/google/code/gson/gson/2.2.4/gson-2.2.4.jar:/home/user/.m2/repository/com/jcraft/jsch/0.1.54/jsch-0.1.54.jar:/home/user/.m2/repository/org/apache/curator/curator-client/2.12.0/curator-client-2.12.0.jar:/home/user/.m2/repository/org/apache/curator/curator-recipes/2.12.0/curator-recipes-2.12.0.jar:/home/user/.m2/repository/com/google/code/findbugs/jsr305/3.0.0/jsr305-3.0.0.jar:/home/user/.m2/repository/org/apache/htrace/htrace-core4/4.1.0-incubating/htrace-core4-4.1.0-incubating.jar:/home/user/.m2/repository/org/apache/zookeeper/zookeeper/3.4.13/zookeeper-3.4.13.jar:/home/user/.m2/repository/jline/jline/0.9.94/jline-0.9.94.jar:/home/user/.m2/repository/org/apache/yetus/audience-annotations/0.5.0/audience-annotations-0.5.0.jar:/home/user/.m2/repository/org/codehaus/woodstox/stax2-api/3.1.4/stax2-api-3.1.4.jar:/home/user/.m2/repository/com/fasterxml/woodstox/woodstox-core/5.0.3/woodstox-core-5.0.3.jar:/home/user/.m2/repository/dnsjava/dnsjava/2.1.7/dnsjava-2.1.7.jar:/home/user/.m2/repository/org/apache/hadoop/hadoop-hdfs/3.2.0/hadoop-hdfs-3.2.0-tests.jar:/home/user/.m2/repository/org/eclipse/jetty/jetty-util-ajax/9.3.25.v20180904/jetty-util-ajax-9.3.25.v20180904.jar:/home/user/.m2/repository/commons-daemon/commons-daemon/1.0.13/commons-daemon-1.0.13.jar:/home/user/.m2/repository/io/netty/netty/3.10.5.Final/netty-3.10.5.Final.jar:/home/user/.m2/repository/io/netty/netty-all/4.0.52.Final/netty-all-4.0.52.Final.jar:/home/user/.m2/repository/org/fusesource/leveldbjni/leveldbjni-all/1.8/leveldbjni-all-1.8.jar:"/>
    <property name="java.vm.vendor" value="Oracle Corporation"/>
    <property name="sun.arch.data.model" value="64"/>
    <property name="test.build.dir" value="/workdir/hadoop-ozone/integration-test/target/test-dir"/>
    <property name="test.cache.data" value=""/>
    <property name="java.vendor.url" value="http://java.oracle.com/"/>
    <property name="user.timezone" value=""/>
    <property name="java.vm.specification.version" value="1.8"/>
    <property name="os.name" value="Linux"/>
    <property name="test.build.data" value="/workdir/hadoop-ozone/integration-test/target/test-dir"/>
    <property name="user.country" value="US"/>
    <property name="sun.java.launcher" value="SUN_STANDARD"/>
    <property name="sun.boot.library.path" value="/usr/lib/jvm/java-1.8.0-openjdk-1.8.0.222.b10-1.el7_7.x86_64/jre/lib/amd64"/>
    <property name="sun.java.command" value="/workdir/hadoop-ozone/integration-test/target/surefire/surefirebooter5769762547022800082.jar /workdir/hadoop-ozone/integration-test/target/surefire 2019-11-13T23-40-00_170-jvmRun1 surefire3920149340992618295tmp surefire_477671489843176848835tmp"/>
    <property name="surefire.test.class.path" value="/workdir/hadoop-ozone/integration-test/target/test-classes:/workdir/hadoop-ozone/integration-test/target/classes:/home/user/.m2/repository/org/apache/hadoop/hadoop-ozone-common/0.5.0-SNAPSHOT/hadoop-ozone-common-0.5.0-SNAPSHOT.jar:/home/user/.m2/repository/org/apache/commons/commons-compress/1.4.1/commons-compress-1.4.1.jar:/home/user/.m2/repository/org/tukaani/xz/1.0/xz-1.0.jar:/home/user/.m2/repository/org/apache/hadoop/hadoop-common/3.2.0/hadoop-common-3.2.0.jar:/home/user/.m2/repository/org/apache/hadoop/hadoop-hdfs/3.2.0/hadoop-hdfs-3.2.0.jar:/home/user/.m2/repository/org/apache/hadoop/hadoop-hdfs-client/3.2.0/hadoop-hdfs-client-3.2.0.jar:/home/user/.m2/repository/com/fasterxml/jackson/core/jackson-annotations/2.9.9/jackson-annotations-2.9.9.jar:/home/user/.m2/repository/org/apache/hadoop/hadoop-hdds-common/0.5.0-SNAPSHOT/hadoop-hdds-common-0.5.0-SNAPSHOT.jar:/home/user/.m2/repository/javax/annotation/javax.annotation-api/1.2/javax.annotation-api-1.2.jar:/home/user/.m2/repository/org/apache/ratis/ratis-server/0.5.0-d6d58d0-SNAPSHOT/ratis-server-0.5.0-d6d58d0-SNAPSHOT.jar:/home/user/.m2/repository/org/apache/ratis/ratis-thirdparty-misc/0.2.0/ratis-thirdparty-misc-0.2.0.jar:/home/user/.m2/repository/org/apache/ratis/ratis-proto/0.5.0-d6d58d0-SNAPSHOT/ratis-proto-0.5.0-d6d58d0-SNAPSHOT.jar:/home/user/.m2/repository/org/apache/ratis/ratis-common/0.5.0-d6d58d0-SNAPSHOT/ratis-common-0.5.0-d6d58d0-SNAPSHOT.jar:/home/user/.m2/repository/org/apache/ratis/ratis-client/0.5.0-d6d58d0-SNAPSHOT/ratis-client-0.5.0-d6d58d0-SNAPSHOT.jar:/home/user/.m2/repository/org/apache/ratis/ratis-metrics/0.5.0-d6d58d0-SNAPSHOT/ratis-metrics-0.5.0-d6d58d0-SNAPSHOT.jar:/home/user/.m2/repository/org/apache/ratis/ratis-netty/0.5.0-d6d58d0-SNAPSHOT/ratis-netty-0.5.0-d6d58d0-SNAPSHOT.jar:/home/user/.m2/repository/org/apache/ratis/ratis-grpc/0.5.0-d6d58d0-SNAPSHOT/ratis-grpc-0.5.0-d6d58d0-SNAPSHOT.jar:/home/user/.m2/repository/org/rocksdb/rocksdbjni/6.0.1/rocksdbjni-6.0.1.jar:/home/user/.m2/repository/org/apache/logging/log4j/log4j-api/2.11.0/log4j-api-2.11.0.jar:/home/user/.m2/repository/org/apache/logging/log4j/log4j-core/2.11.0/log4j-core-2.11.0.jar:/home/user/.m2/repository/com/lmax/disruptor/3.4.2/disruptor-3.4.2.jar:/home/user/.m2/repository/org/apache/commons/commons-pool2/2.6.0/commons-pool2-2.6.0.jar:/home/user/.m2/repository/org/bouncycastle/bcpkix-jdk15on/1.60/bcpkix-jdk15on-1.60.jar:/home/user/.m2/repository/commons-validator/commons-validator/1.6/commons-validator-1.6.jar:/home/user/.m2/repository/commons-digester/commons-digester/1.8.1/commons-digester-1.8.1.jar:/home/user/.m2/repository/io/jaegertracing/jaeger-client/0.34.0/jaeger-client-0.34.0.jar:/home/user/.m2/repository/io/jaegertracing/jaeger-thrift/0.34.0/jaeger-thrift-0.34.0.jar:/home/user/.m2/repository/org/apache/thrift/libthrift/0.12.0/libthrift-0.12.0.jar:/home/user/.m2/repository/com/squareup/okhttp3/okhttp/3.9.0/okhttp-3.9.0.jar:/home/user/.m2/repository/com/squareup/okio/okio/1.13.0/okio-1.13.0.jar:/home/user/.m2/repository/io/jaegertracing/jaeger-core/0.34.0/jaeger-core-0.34.0.jar:/home/user/.m2/repository/io/jaegertracing/jaeger-tracerresolver/0.34.0/jaeger-tracerresolver-0.34.0.jar:/home/user/.m2/repository/io/opentracing/contrib/opentracing-tracerresolver/0.1.5/opentracing-tracerresolver-0.1.5.jar:/home/user/.m2/repository/io/opentracing/opentracing-util/0.31.0/opentracing-util-0.31.0.jar:/home/user/.m2/repository/io/opentracing/opentracing-api/0.31.0/opentracing-api-0.31.0.jar:/home/user/.m2/repository/io/opentracing/opentracing-noop/0.31.0/opentracing-noop-0.31.0.jar:/home/user/.m2/repository/org/apache/hadoop/hadoop-hdds-server-framework/0.5.0-SNAPSHOT/hadoop-hdds-server-framework-0.5.0-SNAPSHOT.jar:/home/user/.m2/repository/org/apache/hadoop/hadoop-hdds-container-service/0.5.0-SNAPSHOT/hadoop-hdds-container-service-0.5.0-SNAPSHOT.jar:/home/user/.m2/repository/org/apache/hadoop/hadoop-hdds-client/0.5.0-SNAPSHOT/hadoop-hdds-client-0.5.0-SNAPSHOT.jar:/home/user/.m2/repository/org/apache/hadoop/hadoop-hdds-tools/0.5.0-SNAPSHOT/hadoop-hdds-tools-0.5.0-SNAPSHOT.jar:/home/user/.m2/repository/org/apache/hadoop/hadoop-hdds-server-scm/0.5.0-SNAPSHOT/hadoop-hdds-server-scm-0.5.0-SNAPSHOT.jar:/home/user/.m2/repository/org/apache/hadoop/hadoop-hdds-docs/0.5.0-SNAPSHOT/hadoop-hdds-docs-0.5.0-SNAPSHOT.jar:/home/user/.m2/repository/io/dropwizard/metrics/metrics-core/3.2.4/metrics-core-3.2.4.jar:/home/user/.m2/repository/org/hamcrest/hamcrest-all/1.3/hamcrest-all-1.3.jar:/home/user/.m2/repository/org/bouncycastle/bcprov-jdk15on/1.60/bcprov-jdk15on-1.60.jar:/home/user/.m2/repository/info/picocli/picocli/3.9.6/picocli-3.9.6.jar:/home/user/.m2/repository/com/google/protobuf/protobuf-java/2.5.0/protobuf-java-2.5.0.jar:/home/user/.m2/repository/com/google/guava/guava/11.0.2/guava-11.0.2.jar:/home/user/.m2/repository/org/apache/hadoop/hadoop-ozone-ozone-manager/0.5.0-SNAPSHOT/hadoop-ozone-ozone-manager-0.5.0-SNAPSHOT.jar:/home/user/.m2/repository/org/apache/hadoop/hadoop-minikdc/3.2.0/hadoop-minikdc-3.2.0.jar:/home/user/.m2/repository/commons-io/commons-io/2.5/commons-io-2.5.jar:/home/user/.m2/repository/org/apache/kerby/kerb-simplekdc/1.0.1/kerb-simplekdc-1.0.1.jar:/home/user/.m2/repository/org/apache/kerby/kerb-client/1.0.1/kerb-client-1.0.1.jar:/home/user/.m2/repository/org/apache/kerby/kerby-config/1.0.1/kerby-config-1.0.1.jar:/home/user/.m2/repository/org/apache/kerby/kerb-core/1.0.1/kerb-core-1.0.1.jar:/home/user/.m2/repository/org/apache/kerby/kerby-pkix/1.0.1/kerby-pkix-1.0.1.jar:/home/user/.m2/repository/org/apache/kerby/kerby-asn1/1.0.1/kerby-asn1-1.0.1.jar:/home/user/.m2/repository/org/apache/kerby/kerby-util/1.0.1/kerby-util-1.0.1.jar:/home/user/.m2/repository/org/apache/kerby/kerb-common/1.0.1/kerb-common-1.0.1.jar:/home/user/.m2/repository/org/apache/kerby/kerb-crypto/1.0.1/kerb-crypto-1.0.1.jar:/home/user/.m2/repository/org/apache/kerby/kerb-util/1.0.1/kerb-util-1.0.1.jar:/home/user/.m2/repository/org/apache/kerby/token-provider/1.0.1/token-provider-1.0.1.jar:/home/user/.m2/repository/org/apache/kerby/kerb-admin/1.0.1/kerb-admin-1.0.1.jar:/home/user/.m2/repository/org/apache/kerby/kerb-server/1.0.1/kerb-server-1.0.1.jar:/home/user/.m2/repository/org/apache/kerby/kerb-identity/1.0.1/kerb-identity-1.0.1.jar:/home/user/.m2/repository/org/apache/kerby/kerby-xdr/1.0.1/kerby-xdr-1.0.1.jar:/home/user/.m2/repository/org/slf4j/slf4j-log4j12/1.7.25/slf4j-log4j12-1.7.25.jar:/home/user/.m2/repository/org/apache/hadoop/hadoop-ozone-s3gateway/0.5.0-SNAPSHOT/hadoop-ozone-s3gateway-0.5.0-SNAPSHOT.jar:/home/user/.m2/repository/org/jboss/weld/servlet/weld-servlet/2.4.7.Final/weld-servlet-2.4.7.Final.jar:/home/user/.m2/repository/org/glassfish/jersey/containers/jersey-container-servlet-core/2.27/jersey-container-servlet-core-2.27.jar:/home/user/.m2/repository/org/glassfish/hk2/external/javax.inject/2.5.0-b42/javax.inject-2.5.0-b42.jar:/home/user/.m2/repository/org/glassfish/jersey/core/jersey-common/2.27/jersey-common-2.27.jar:/home/user/.m2/repository/org/glassfish/hk2/osgi-resource-locator/1.0.1/osgi-resource-locator-1.0.1.jar:/home/user/.m2/repository/javax/ws/rs/javax.ws.rs-api/2.1/javax.ws.rs-api-2.1.jar:/home/user/.m2/repository/org/glassfish/jersey/ext/cdi/jersey-cdi1x/2.27/jersey-cdi1x-2.27.jar:/home/user/.m2/repository/org/glassfish/jersey/inject/jersey-hk2/2.27/jersey-hk2-2.27.jar:/home/user/.m2/repository/org/glassfish/hk2/hk2-locator/2.5.0-b42/hk2-locator-2.5.0-b42.jar:/home/user/.m2/repository/org/javassist/javassist/3.22.0-CR2/javassist-3.22.0-CR2.jar:/home/user/.m2/repository/org/glassfish/hk2/hk2-api/2.5.0/hk2-api-2.5.0.jar:/home/user/.m2/repository/org/glassfish/hk2/external/jakarta.inject/2.5.0/jakarta.inject-2.5.0.jar:/home/user/.m2/repository/org/glassfish/hk2/hk2-utils/2.5.0/hk2-utils-2.5.0.jar:/home/user/.m2/repository/jakarta/annotation/jakarta.annotation-api/1.3.4/jakarta.annotation-api-1.3.4.jar:/home/user/.m2/repository/org/glassfish/hk2/external/aopalliance-repackaged/2.5.0/aopalliance-repackaged-2.5.0.jar:/home/user/.m2/repository/com/fasterxml/jackson/dataformat/jackson-dataformat-xml/2.9.0/jackson-dataformat-xml-2.9.0.jar:/home/user/.m2/repository/com/fasterxml/jackson/core/jackson-core/2.9.9/jackson-core-2.9.9.jar:/home/user/.m2/repository/com/fasterxml/jackson/module/jackson-module-jaxb-annotations/2.9.9/jackson-module-jaxb-annotations-2.9.9.jar:/home/user/.m2/repository/javax/enterprise/cdi-api/1.2/cdi-api-1.2.jar:/home/user/.m2/repository/javax/el/javax.el-api/3.0.0/javax.el-api-3.0.0.jar:/home/user/.m2/repository/javax/interceptor/javax.interceptor-api/1.2/javax.interceptor-api-1.2.jar:/home/user/.m2/repository/javax/inject/javax.inject/1/javax.inject-1.jar:/home/user/.m2/repository/com/sun/xml/bind/jaxb-impl/2.3.0.1/jaxb-impl-2.3.0.1.jar:/home/user/.m2/repository/com/sun/xml/bind/jaxb-core/2.3.0.1/jaxb-core-2.3.0.1.jar:/home/user/.m2/repository/javax/xml/bind/jaxb-api/2.3.0/jaxb-api-2.3.0.jar:/home/user/.m2/repository/javax/activation/activation/1.1.1/activation-1.1.1.jar:/home/user/.m2/repository/org/apache/hadoop/hadoop-ozone-csi/0.5.0-SNAPSHOT/hadoop-ozone-csi-0.5.0-SNAPSHOT.jar:/home/user/.m2/repository/com/google/protobuf/protobuf-java-util/3.5.1/protobuf-java-util-3.5.1.jar:/home/user/.m2/repository/org/apache/hadoop/hadoop-hdds-config/0.5.0-SNAPSHOT/hadoop-hdds-config-0.5.0-SNAPSHOT.jar:/home/user/.m2/repository/io/grpc/grpc-netty/1.17.1/grpc-netty-1.17.1.jar:/home/user/.m2/repository/io/grpc/grpc-core/1.17.1/grpc-core-1.17.1.jar:/home/user/.m2/repository/io/grpc/grpc-context/1.17.1/grpc-context-1.17.1.jar:/home/user/.m2/repository/com/google/errorprone/error_prone_annotations/2.2.0/error_prone_annotations-2.2.0.jar:/home/user/.m2/repository/org/codehaus/mojo/animal-sniffer-annotations/1.17/animal-sniffer-annotations-1.17.jar:/home/user/.m2/repository/io/opencensus/opencensus-api/0.17.0/opencensus-api-0.17.0.jar:/home/user/.m2/repository/io/opencensus/opencensus-contrib-grpc-metrics/0.17.0/opencensus-contrib-grpc-metrics-0.17.0.jar:/home/user/.m2/repository/io/netty/netty-codec-http2/4.1.30.Final/netty-codec-http2-4.1.30.Final.jar:/home/user/.m2/repository/io/netty/netty-codec-http/4.1.30.Final/netty-codec-http-4.1.30.Final.jar:/home/user/.m2/repository/io/netty/netty-codec/4.1.30.Final/netty-codec-4.1.30.Final.jar:/home/user/.m2/repository/io/netty/netty-handler/4.1.30.Final/netty-handler-4.1.30.Final.jar:/home/user/.m2/repository/io/netty/netty-handler-proxy/4.1.30.Final/netty-handler-proxy-4.1.30.Final.jar:/home/user/.m2/repository/io/netty/netty-codec-socks/4.1.30.Final/netty-codec-socks-4.1.30.Final.jar:/home/user/.m2/repository/io/netty/netty-transport-native-epoll/4.1.30.Final/netty-transport-native-epoll-4.1.30.Final.jar:/home/user/.m2/repository/io/netty/netty-common/4.1.30.Final/netty-common-4.1.30.Final.jar:/home/user/.m2/repository/io/netty/netty-buffer/4.1.30.Final/netty-buffer-4.1.30.Final.jar:/home/user/.m2/repository/io/netty/netty-transport/4.1.30.Final/netty-transport-4.1.30.Final.jar:/home/user/.m2/repository/io/netty/netty-resolver/4.1.30.Final/netty-resolver-4.1.30.Final.jar:/home/user/.m2/repository/io/netty/netty-transport-native-unix-common/4.1.30.Final/netty-transport-native-unix-common-4.1.30.Final.jar:/home/user/.m2/repository/io/grpc/grpc-protobuf/1.17.1/grpc-protobuf-1.17.1.jar:/home/user/.m2/repository/com/google/api/grpc/proto-google-common-protos/1.0.0/proto-google-common-protos-1.0.0.jar:/home/user/.m2/repository/io/grpc/grpc-protobuf-lite/1.17.1/grpc-protobuf-lite-1.17.1.jar:/home/user/.m2/repository/io/grpc/grpc-stub/1.17.1/grpc-stub-1.17.1.jar:/home/user/.m2/repository/org/apache/hadoop/hadoop-ozone-recon/0.5.0-SNAPSHOT/hadoop-ozone-recon-0.5.0-SNAPSHOT.jar:/home/user/.m2/repository/org/apache/hadoop/hadoop-ozone-reconcodegen/0.5.0-SNAPSHOT/hadoop-ozone-reconcodegen-0.5.0-SNAPSHOT.jar:/home/user/.m2/repository/com/google/inject/extensions/guice-multibindings/4.0/guice-multibindings-4.0.jar:/home/user/.m2/repository/com/google/inject/guice/4.0/guice-4.0.jar:/home/user/.m2/repository/aopalliance/aopalliance/1.0/aopalliance-1.0.jar:/home/user/.m2/repository/com/google/inject/extensions/guice-servlet/4.0/guice-servlet-4.0.jar:/home/user/.m2/repository/org/glassfish/jersey/containers/jersey-container-servlet/2.27/jersey-container-servlet-2.27.jar:/home/user/.m2/repository/org/glassfish/hk2/guice-bridge/2.5.0/guice-bridge-2.5.0.jar:/home/user/.m2/repository/org/glassfish/jersey/core/jersey-server/2.27/jersey-server-2.27.jar:/home/user/.m2/repository/org/glassfish/jersey/core/jersey-client/2.27/jersey-client-2.27.jar:/home/user/.m2/repository/org/glassfish/jersey/media/jersey-media-jaxb/2.27/jersey-media-jaxb-2.27.jar:/home/user/.m2/repository/javax/validation/validation-api/1.1.0.Final/validation-api-1.1.0.Final.jar:/home/user/.m2/repository/org/glassfish/jersey/media/jersey-media-json-jackson/2.27/jersey-media-json-jackson-2.27.jar:/home/user/.m2/repository/org/glassfish/jersey/ext/jersey-entity-filtering/2.27/jersey-entity-filtering-2.27.jar:/home/user/.m2/repository/com/google/inject/extensions/guice-assistedinject/4.0/guice-assistedinject-4.0.jar:/home/user/.m2/repository/org/jooq/jooq/3.11.10/jooq-3.11.10.jar:/home/user/.m2/repository/org/jooq/jooq-meta/3.11.10/jooq-meta-3.11.10.jar:/home/user/.m2/repository/org/jooq/jooq-codegen/3.11.10/jooq-codegen-3.11.10.jar:/home/user/.m2/repository/com/jolbox/bonecp/0.8.0.RELEASE/bonecp-0.8.0.RELEASE.jar:/home/user/.m2/repository/org/xerial/sqlite-jdbc/3.25.2/sqlite-jdbc-3.25.2.jar:/home/user/.m2/repository/org/springframework/spring-jdbc/5.1.3.RELEASE/spring-jdbc-5.1.3.RELEASE.jar:/home/user/.m2/repository/org/springframework/spring-beans/5.1.3.RELEASE/spring-beans-5.1.3.RELEASE.jar:/home/user/.m2/repository/org/springframework/spring-core/5.1.3.RELEASE/spring-core-5.1.3.RELEASE.jar:/home/user/.m2/repository/org/springframework/spring-jcl/5.1.3.RELEASE/spring-jcl-5.1.3.RELEASE.jar:/home/user/.m2/repository/org/springframework/spring-tx/5.1.3.RELEASE/spring-tx-5.1.3.RELEASE.jar:/home/user/.m2/repository/org/apache/hadoop/hadoop-ozone-client/0.5.0-SNAPSHOT/hadoop-ozone-client-0.5.0-SNAPSHOT.jar:/home/user/.m2/repository/commons-lang/commons-lang/2.6/commons-lang-2.6.jar:/home/user/.m2/repository/org/apache/hadoop/hadoop-ozone-ozone-manager/0.5.0-SNAPSHOT/hadoop-ozone-ozone-manager-0.5.0-SNAPSHOT-tests.jar:/home/user/.m2/repository/junit/junit/4.11/junit-4.11.jar:/home/user/.m2/repository/org/hamcrest/hamcrest-core/1.3/hamcrest-core-1.3.jar:/home/user/.m2/repository/org/openjdk/jmh/jmh-core/1.19/jmh-core-1.19.jar:/home/user/.m2/repository/net/sf/jopt-simple/jopt-simple/4.6/jopt-simple-4.6.jar:/home/user/.m2/repository/org/apache/commons/commons-math3/3.1.1/commons-math3-3.1.1.jar:/home/user/.m2/repository/org/openjdk/jmh/jmh-generator-annprocess/1.19/jmh-generator-annprocess-1.19.jar:/home/user/.m2/repository/org/mockito/mockito-all/1.8.5/mockito-all-1.8.5.jar:/home/user/.m2/repository/org/apache/hadoop/hadoop-kms/3.2.0/hadoop-kms-3.2.0.jar:/home/user/.m2/repository/org/apache/hadoop/hadoop-auth/3.2.0/hadoop-auth-3.2.0.jar:/home/user/.m2/repository/com/nimbusds/nimbus-jose-jwt/4.41.1/nimbus-jose-jwt-4.41.1.jar:/home/user/.m2/repository/com/github/stephenc/jcip/jcip-annotations/1.0-1/jcip-annotations-1.0-1.jar:/home/user/.m2/repository/net/minidev/json-smart/2.3/json-smart-2.3.jar:/home/user/.m2/repository/net/minidev/accessors-smart/1.2/accessors-smart-1.2.jar:/home/user/.m2/repository/org/ow2/asm/asm/5.0.4/asm-5.0.4.jar:/home/user/.m2/repository/org/apache/curator/curator-framework/2.12.0/curator-framework-2.12.0.jar:/home/user/.m2/repository/com/sun/jersey/jersey-core/1.19/jersey-core-1.19.jar:/home/user/.m2/repository/javax/ws/rs/jsr311-api/1.1.1/jsr311-api-1.1.1.jar:/home/user/.m2/repository/com/sun/jersey/jersey-server/1.19/jersey-server-1.19.jar:/home/user/.m2/repository/javax/servlet/javax.servlet-api/3.1.0/javax.servlet-api-3.1.0.jar:/home/user/.m2/repository/org/eclipse/jetty/jetty-server/9.3.25.v20180904/jetty-server-9.3.25.v20180904.jar:/home/user/.m2/repository/org/eclipse/jetty/jetty-http/9.3.25.v20180904/jetty-http-9.3.25.v20180904.jar:/home/user/.m2/repository/org/eclipse/jetty/jetty-io/9.3.25.v20180904/jetty-io-9.3.25.v20180904.jar:/home/user/.m2/repository/org/eclipse/jetty/jetty-webapp/9.3.25.v20180904/jetty-webapp-9.3.25.v20180904.jar:/home/user/.m2/repository/org/eclipse/jetty/jetty-xml/9.3.25.v20180904/jetty-xml-9.3.25.v20180904.jar:/home/user/.m2/repository/log4j/log4j/1.2.17/log4j-1.2.17.jar:/home/user/.m2/repository/org/slf4j/slf4j-api/1.7.25/slf4j-api-1.7.25.jar:/home/user/.m2/repository/org/slf4j/jul-to-slf4j/1.7.25/jul-to-slf4j-1.7.25.jar:/home/user/.m2/repository/org/eclipse/jetty/jetty-util/9.3.25.v20180904/jetty-util-9.3.25.v20180904.jar:/home/user/.m2/repository/com/fasterxml/jackson/core/jackson-databind/2.9.9/jackson-databind-2.9.9.jar:/home/user/.m2/repository/org/apache/hadoop/hadoop-kms/3.2.0/hadoop-kms-3.2.0-tests.jar:/home/user/.m2/repository/org/apache/hadoop/hadoop-hdds-server-scm/0.5.0-SNAPSHOT/hadoop-hdds-server-scm-0.5.0-SNAPSHOT-tests.jar:/home/user/.m2/repository/org/apache/hadoop/hadoop-hdds-container-service/0.5.0-SNAPSHOT/hadoop-hdds-container-service-0.5.0-SNAPSHOT-tests.jar:/home/user/.m2/repository/org/yaml/snakeyaml/1.16/snakeyaml-1.16.jar:/home/user/.m2/repository/org/apache/hadoop/hadoop-common/3.2.0/hadoop-common-3.2.0-tests.jar:/home/user/.m2/repository/org/apache/hadoop/hadoop-annotations/3.2.0/hadoop-annotations-3.2.0.jar:/usr/lib/jvm/java-1.8.0-openjdk-1.8.0.222.b10-1.el7_7.x86_64/jre/../lib/tools.jar:/home/user/.m2/repository/commons-cli/commons-cli/1.2/commons-cli-1.2.jar:/home/user/.m2/repository/org/apache/httpcomponents/httpclient/4.5.2/httpclient-4.5.2.jar:/home/user/.m2/repository/org/apache/httpcomponents/httpcore/4.4.4/httpcore-4.4.4.jar:/home/user/.m2/repository/commons-codec/commons-codec/1.11/commons-codec-1.11.jar:/home/user/.m2/repository/commons-net/commons-net/3.6/commons-net-3.6.jar:/home/user/.m2/repository/commons-collections/commons-collections/3.2.2/commons-collections-3.2.2.jar:/home/user/.m2/repository/org/eclipse/jetty/jetty-servlet/9.3.25.v20180904/jetty-servlet-9.3.25.v20180904.jar:/home/user/.m2/repository/org/eclipse/jetty/jetty-security/9.3.25.v20180904/jetty-security-9.3.25.v20180904.jar:/home/user/.m2/repository/javax/servlet/jsp/jsp-api/2.1/jsp-api-2.1.jar:/home/user/.m2/repository/com/sun/jersey/jersey-servlet/1.19/jersey-servlet-1.19.jar:/home/user/.m2/repository/com/sun/jersey/jersey-json/1.19/jersey-json-1.19.jar:/home/user/.m2/repository/org/codehaus/jettison/jettison/1.1/jettison-1.1.jar:/home/user/.m2/repository/org/codehaus/jackson/jackson-core-asl/1.9.13/jackson-core-asl-1.9.13.jar:/home/user/.m2/repository/org/codehaus/jackson/jackson-mapper-asl/1.9.13/jackson-mapper-asl-1.9.13.jar:/home/user/.m2/repository/org/codehaus/jackson/jackson-jaxrs/1.9.13/jackson-jaxrs-1.9.13.jar:/home/user/.m2/repository/org/codehaus/jackson/jackson-xc/1.9.13/jackson-xc-1.9.13.jar:/home/user/.m2/repository/commons-logging/commons-logging/1.1.3/commons-logging-1.1.3.jar:/home/user/.m2/repository/commons-beanutils/commons-beanutils/1.9.4/commons-beanutils-1.9.4.jar:/home/user/.m2/repository/org/apache/commons/commons-configuration2/2.1.1/commons-configuration2-2.1.1.jar:/home/user/.m2/repository/org/apache/commons/commons-lang3/3.7/commons-lang3-3.7.jar:/home/user/.m2/repository/org/apache/commons/commons-text/1.4/commons-text-1.4.jar:/home/user/.m2/repository/org/apache/avro/avro/1.7.7/avro-1.7.7.jar:/home/user/.m2/repository/com/thoughtworks/paranamer/paranamer/2.3/paranamer-2.3.jar:/home/user/.m2/repository/org/xerial/snappy/snappy-java/1.0.5/snappy-java-1.0.5.jar:/home/user/.m2/repository/com/google/re2j/re2j/1.1/re2j-1.1.jar:/home/user/.m2/repository/com/google/code/gson/gson/2.2.4/gson-2.2.4.jar:/home/user/.m2/repository/com/jcraft/jsch/0.1.54/jsch-0.1.54.jar:/home/user/.m2/repository/org/apache/curator/curator-client/2.12.0/curator-client-2.12.0.jar:/home/user/.m2/repository/org/apache/curator/curator-recipes/2.12.0/curator-recipes-2.12.0.jar:/home/user/.m2/repository/com/google/code/findbugs/jsr305/3.0.0/jsr305-3.0.0.jar:/home/user/.m2/repository/org/apache/htrace/htrace-core4/4.1.0-incubating/htrace-core4-4.1.0-incubating.jar:/home/user/.m2/repository/org/apache/zookeeper/zookeeper/3.4.13/zookeeper-3.4.13.jar:/home/user/.m2/repository/jline/jline/0.9.94/jline-0.9.94.jar:/home/user/.m2/repository/org/apache/yetus/audience-annotations/0.5.0/audience-annotations-0.5.0.jar:/home/user/.m2/repository/org/codehaus/woodstox/stax2-api/3.1.4/stax2-api-3.1.4.jar:/home/user/.m2/repository/com/fasterxml/woodstox/woodstox-core/5.0.3/woodstox-core-5.0.3.jar:/home/user/.m2/repository/dnsjava/dnsjava/2.1.7/dnsjava-2.1.7.jar:/home/user/.m2/repository/org/apache/hadoop/hadoop-hdfs/3.2.0/hadoop-hdfs-3.2.0-tests.jar:/home/user/.m2/repository/org/eclipse/jetty/jetty-util-ajax/9.3.25.v20180904/jetty-util-ajax-9.3.25.v20180904.jar:/home/user/.m2/repository/commons-daemon/commons-daemon/1.0.13/commons-daemon-1.0.13.jar:/home/user/.m2/repository/io/netty/netty/3.10.5.Final/netty-3.10.5.Final.jar:/home/user/.m2/repository/io/netty/netty-all/4.0.52.Final/netty-all-4.0.52.Final.jar:/home/user/.m2/repository/org/fusesource/leveldbjni/leveldbjni-all/1.8/leveldbjni-all-1.8.jar:"/>
    <property name="sun.cpu.endian" value="little"/>
    <property name="user.home" value="/home/user"/>
    <property name="user.language" value="en"/>
    <property name="java.specification.vendor" value="Oracle Corporation"/>
    <property name="java.home" value="/usr/lib/jvm/java-1.8.0-openjdk-1.8.0.222.b10-1.el7_7.x86_64/jre"/>
    <property name="surefire.excludesFile" value="/tools/ozone-bad-unit-tests"/>
    <property name="java.security.krb5.conf" value="/workdir/hadoop-ozone/integration-test/target/test-classes/krb5.conf"/>
    <property name="basedir" value="/workdir/hadoop-ozone/integration-test"/>
    <property name="file.separator" value="/"/>
    <property name="line.separator" value="&#10;"/>
    <property name="java.vm.specification.vendor" value="Oracle Corporation"/>
    <property name="java.specification.name" value="Java Platform API Specification"/>
    <property name="java.awt.graphicsenv" value="sun.awt.X11GraphicsEnvironment"/>
    <property name="surefire.real.class.path" value="/workdir/hadoop-ozone/integration-test/target/surefire/surefirebooter5769762547022800082.jar"/>
    <property name="hadoop.log.dir" value="/workdir/hadoop-ozone/integration-test/target/log"/>
    <property name="sun.boot.class.path" value="/usr/lib/jvm/java-1.8.0-openjdk-1.8.0.222.b10-1.el7_7.x86_64/jre/lib/resources.jar:/usr/lib/jvm/java-1.8.0-openjdk-1.8.0.222.b10-1.el7_7.x86_64/jre/lib/rt.jar:/usr/lib/jvm/java-1.8.0-openjdk-1.8.0.222.b10-1.el7_7.x86_64/jre/lib/sunrsasign.jar:/usr/lib/jvm/java-1.8.0-openjdk-1.8.0.222.b10-1.el7_7.x86_64/jre/lib/jsse.jar:/usr/lib/jvm/java-1.8.0-openjdk-1.8.0.222.b10-1.el7_7.x86_64/jre/lib/jce.jar:/usr/lib/jvm/java-1.8.0-openjdk-1.8.0.222.b10-1.el7_7.x86_64/jre/lib/charsets.jar:/usr/lib/jvm/java-1.8.0-openjdk-1.8.0.222.b10-1.el7_7.x86_64/jre/lib/jfr.jar:/usr/lib/jvm/java-1.8.0-openjdk-1.8.0.222.b10-1.el7_7.x86_64/jre/classes"/>
    <property name="sun.management.compiler" value="HotSpot 64-Bit Tiered Compilers"/>
    <property name="java.runtime.version" value="1.8.0_222-b10"/>
    <property name="java.net.preferIPv4Stack" value="true"/>
    <property name="user.name" value="jenkins1000"/>
    <property name="path.separator" value=":"/>
    <property name="java.security.egd" value="file:///dev/urandom"/>
    <property name="os.version" value="3.10.0-957.12.2.el7.x86_64"/>
    <property name="java.endorsed.dirs" value="/usr/lib/jvm/java-1.8.0-openjdk-1.8.0.222.b10-1.el7_7.x86_64/jre/lib/endorsed"/>
    <property name="java.runtime.name" value="OpenJDK Runtime Environment"/>
    <property name="file.encoding" value="ANSI_X3.4-1968"/>
    <property name="java.vm.name" value="OpenJDK 64-Bit Server VM"/>
    <property name="test.build.webapps" value=""/>
    <property name="localRepository" value="/home/user/.m2/repository"/>
    <property name="java.vendor.url.bug" value="http://bugreport.sun.com/bugreport/"/>
    <property name="java.io.tmpdir" value="/tmp"/>
    <property name="require.test.libhadoop" value=""/>
    <property name="java.version" value="1.8.0_222"/>
    <property name="user.dir" value="/workdir/hadoop-ozone/integration-test"/>
    <property name="os.arch" value="amd64"/>
    <property name="java.vm.specification.name" value="Java Virtual Machine Specification"/>
    <property name="test.build.classes" value="/workdir/hadoop-ozone/integration-test/target/test-classes"/>
    <property name="java.awt.printerjob" value="sun.print.PSPrinterJob"/>
    <property name="sun.os.patch.level" value="unknown"/>
    <property name="hadoop.tmp.dir" value="/workdir/hadoop-ozone/integration-test/target/tmp"/>
    <property name="java.library.path" value="/usr/lib:/workdir/hadoop-ozone/integration-test/target/native/target/usr/local/lib:/workdir/hadoop-ozone/integration-test/../../hadoop-common-project/hadoop-common/target/native/target/usr/local/lib:/usr/java/packages/lib/amd64:/usr/lib64:/lib64:/lib:/usr/lib"/>
    <property name="java.vm.info" value="mixed mode"/>
    <property name="java.vendor" value="Oracle Corporation"/>
    <property name="java.vm.version" value="25.222-b10"/>
    <property name="java.ext.dirs" value="/usr/lib/jvm/java-1.8.0-openjdk-1.8.0.222.b10-1.el7_7.x86_64/jre/lib/ext:/usr/java/packages/lib/ext"/>
    <property name="sun.io.unicode.encoding" value="UnicodeLittle"/>
    <property name="java.class.version" value="52.0"/>
  </properties>
  <testcase name="testMultiBlockWritesWithIntermittentDnFailures" classname="org.apache.hadoop.ozone.client.rpc.TestMultiBlockWritesWithDnFailures" time="203.703"/>
  <testcase name="testMultiBlockWritesWithDnFailures" classname="org.apache.hadoop.ozone.client.rpc.TestMultiBlockWritesWithDnFailures" time="27.756">
    <error message="Allocated 0 blocks. Requested 1 blocks" type="INTERNAL_ERROR org.apache.hadoop.ozone.om.exceptions.OMException">INTERNAL_ERROR org.apache.hadoop.ozone.om.exceptions.OMException: Allocated 0 blocks. Requested 1 blocks
	at org.apache.hadoop.ozone.om.protocolPB.OzoneManagerProtocolClientSideTranslatorPB.handleError(OzoneManagerProtocolClientSideTranslatorPB.java:761)
	at org.apache.hadoop.ozone.om.protocolPB.OzoneManagerProtocolClientSideTranslatorPB.allocateBlock(OzoneManagerProtocolClientSideTranslatorPB.java:793)
	at sun.reflect.NativeMethodAccessorImpl.invoke0(Native Method)
	at sun.reflect.NativeMethodAccessorImpl.invoke(NativeMethodAccessorImpl.java:62)
	at sun.reflect.DelegatingMethodAccessorImpl.invoke(DelegatingMethodAccessorImpl.java:43)
	at java.lang.reflect.Method.invoke(Method.java:498)
	at org.apache.hadoop.hdds.tracing.TraceAllMethod.invoke(TraceAllMethod.java:66)
	at com.sun.proxy.$Proxy36.allocateBlock(Unknown Source)
	at org.apache.hadoop.ozone.client.io.BlockOutputStreamEntryPool.allocateNewBlock(BlockOutputStreamEntryPool.java:259)
	at org.apache.hadoop.ozone.client.io.BlockOutputStreamEntryPool.allocateBlockIfNeeded(BlockOutputStreamEntryPool.java:307)
	at org.apache.hadoop.ozone.client.io.KeyOutputStream.handleWrite(KeyOutputStream.java:198)
	at org.apache.hadoop.ozone.client.io.KeyOutputStream.handleRetry(KeyOutputStream.java:375)
	at org.apache.hadoop.ozone.client.io.KeyOutputStream.handleException(KeyOutputStream.java:324)
	at org.apache.hadoop.ozone.client.io.KeyOutputStream.handleWrite(KeyOutputStream.java:228)
	at org.apache.hadoop.ozone.client.io.KeyOutputStream.write(KeyOutputStream.java:190)
	at org.apache.hadoop.ozone.client.io.OzoneOutputStream.write(OzoneOutputStream.java:49)
	at java.io.OutputStream.write(OutputStream.java:75)
	at org.apache.hadoop.ozone.client.rpc.TestMultiBlockWritesWithDnFailures.testMultiBlockWritesWithDnFailures(TestMultiBlockWritesWithDnFailures.java:123)
	at sun.reflect.NativeMethodAccessorImpl.invoke0(Native Method)
	at sun.reflect.NativeMethodAccessorImpl.invoke(NativeMethodAccessorImpl.java:62)
	at sun.reflect.DelegatingMethodAccessorImpl.invoke(DelegatingMethodAccessorImpl.java:43)
	at java.lang.reflect.Method.invoke(Method.java:498)
	at org.junit.runners.model.FrameworkMethod$1.runReflectiveCall(FrameworkMethod.java:47)
	at org.junit.internal.runners.model.ReflectiveCallable.run(ReflectiveCallable.java:12)
	at org.junit.runners.model.FrameworkMethod.invokeExplosively(FrameworkMethod.java:44)
	at org.junit.internal.runners.statements.InvokeMethod.evaluate(InvokeMethod.java:17)
	at org.junit.internal.runners.statements.RunAfters.evaluate(RunAfters.java:27)
	at org.junit.runners.ParentRunner.runLeaf(ParentRunner.java:271)
	at org.junit.runners.BlockJUnit4ClassRunner.runChild(BlockJUnit4ClassRunner.java:70)
	at org.junit.runners.BlockJUnit4ClassRunner.runChild(BlockJUnit4ClassRunner.java:50)
	at org.junit.runners.ParentRunner$3.run(ParentRunner.java:238)
	at org.junit.runners.ParentRunner$1.schedule(ParentRunner.java:63)
	at org.junit.runners.ParentRunner.runChildren(ParentRunner.java:236)
	at org.junit.runners.ParentRunner.access$000(ParentRunner.java:53)
	at org.junit.runners.ParentRunner$2.evaluate(ParentRunner.java:229)
	at org.junit.runners.ParentRunner.run(ParentRunner.java:309)
	at org.apache.maven.surefire.junit4.JUnit4Provider.execute(JUnit4Provider.java:365)
	at org.apache.maven.surefire.junit4.JUnit4Provider.executeWithRerun(JUnit4Provider.java:273)
	at org.apache.maven.surefire.junit4.JUnit4Provider.executeTestSet(JUnit4Provider.java:238)
	at org.apache.maven.surefire.junit4.JUnit4Provider.invoke(JUnit4Provider.java:159)
	at org.apache.maven.surefire.booter.ForkedBooter.invokeProviderInSameClassLoader(ForkedBooter.java:384)
	at org.apache.maven.surefire.booter.ForkedBooter.runSuitesInProcess(ForkedBooter.java:345)
	at org.apache.maven.surefire.booter.ForkedBooter.execute(ForkedBooter.java:126)
	at org.apache.maven.surefire.booter.ForkedBooter.main(ForkedBooter.java:418)
</error>
    <system-out><![CDATA[2019-11-14 00:32:52,464 [main] WARN  server.ServerUtils (ServerUtils.java:getScmDbDir(145)) - ozone.scm.db.dirs is not configured. We recommend adding this setting. Falling back to ozone.metadata.dirs instead.
2019-11-14 00:32:52,508 [main] WARN  server.ServerUtils (ServerUtils.java:getScmDbDir(145)) - ozone.scm.db.dirs is not configured. We recommend adding this setting. Falling back to ozone.metadata.dirs instead.
2019-11-14 00:32:52,508 [main] WARN  server.ServerUtils (ServerUtils.java:getScmDbDir(145)) - ozone.scm.db.dirs is not configured. We recommend adding this setting. Falling back to ozone.metadata.dirs instead.
2019-11-14 00:32:52,509 [main] INFO  db.DBStoreBuilder (DBStoreBuilder.java:addTable(127)) - using custom profile for table: deletedBlocks
2019-11-14 00:32:52,509 [main] INFO  db.DBStoreBuilder (DBStoreBuilder.java:processTables(183)) - Using default column profile:DBProfile.DISK for Table:deletedBlocks
2019-11-14 00:32:52,510 [main] INFO  db.DBStoreBuilder (DBStoreBuilder.java:addTable(127)) - using custom profile for table: validCerts
2019-11-14 00:32:52,510 [main] INFO  db.DBStoreBuilder (DBStoreBuilder.java:processTables(183)) - Using default column profile:DBProfile.DISK for Table:validCerts
2019-11-14 00:32:52,510 [main] INFO  db.DBStoreBuilder (DBStoreBuilder.java:addTable(127)) - using custom profile for table: revokedCerts
2019-11-14 00:32:52,510 [main] INFO  db.DBStoreBuilder (DBStoreBuilder.java:processTables(183)) - Using default column profile:DBProfile.DISK for Table:revokedCerts
2019-11-14 00:32:52,511 [main] INFO  db.DBStoreBuilder (DBStoreBuilder.java:addTable(127)) - using custom profile for table: default
2019-11-14 00:32:52,511 [main] INFO  db.DBStoreBuilder (DBStoreBuilder.java:processTables(189)) - Using default column profile:DBProfile.DISK for Table:default
2019-11-14 00:32:52,511 [main] INFO  db.DBStoreBuilder (DBStoreBuilder.java:getDbProfile(220)) - Using default options. DBProfile.DISK
2019-11-14 00:32:52,648 [main] INFO  net.NodeSchemaLoader (NodeSchemaLoader.java:loadSchemaFromFile(125)) - Loading file from sun.misc.CompoundEnumeration@3c66b7d8
2019-11-14 00:32:52,649 [main] INFO  net.NodeSchemaLoader (NodeSchemaLoader.java:loadSchema(171)) - Loading network topology layer schema file
2019-11-14 00:32:52,655 [main] INFO  node.SCMNodeManager (SCMNodeManager.java:<init>(116)) - Entering startup safe mode.
2019-11-14 00:32:52,657 [main] INFO  algorithms.ContainerPlacementPolicyFactory (ContainerPlacementPolicyFactory.java:getPolicy(57)) - Create container placement policy of type org.apache.hadoop.hdds.scm.container.placement.algorithms.SCMContainerPlacementRandom
2019-11-14 00:32:52,657 [main] WARN  server.ServerUtils (ServerUtils.java:getScmDbDir(145)) - ozone.scm.db.dirs is not configured. We recommend adding this setting. Falling back to ozone.metadata.dirs instead.
2019-11-14 00:32:52,752 [main] INFO  pipeline.SCMPipelineManager (SCMPipelineManager.java:initializePipelineState(132)) - No pipeline exists in current db
2019-11-14 00:32:52,752 [main] WARN  server.ServerUtils (ServerUtils.java:getScmDbDir(145)) - ozone.scm.db.dirs is not configured. We recommend adding this setting. Falling back to ozone.metadata.dirs instead.
2019-11-14 00:32:52,787 [main] WARN  events.EventQueue (EventQueue.java:fireEvent(183)) - No event handler registered for event TypedEvent{payloadType=SafeModeStatus, name='SafeModeStatus'}
2019-11-14 00:32:52,788 [main] INFO  ipc.CallQueueManager (CallQueueManager.java:<init>(84)) - Using callQueue: class java.util.concurrent.LinkedBlockingQueue, queueCapacity: 2000, scheduler: class org.apache.hadoop.ipc.DefaultRpcScheduler, ipcBackoff: false.
2019-11-14 00:32:52,789 [Socket Reader #1 for port 42736] INFO  ipc.Server (Server.java:run(1074)) - Starting Socket Reader #1 for port 42736
2019-11-14 00:32:52,791 [main] INFO  ipc.CallQueueManager (CallQueueManager.java:<init>(84)) - Using callQueue: class java.util.concurrent.LinkedBlockingQueue, queueCapacity: 2000, scheduler: class org.apache.hadoop.ipc.DefaultRpcScheduler, ipcBackoff: false.
2019-11-14 00:32:52,791 [Socket Reader #1 for port 35409] INFO  ipc.Server (Server.java:run(1074)) - Starting Socket Reader #1 for port 35409
2019-11-14 00:32:52,793 [main] INFO  ipc.CallQueueManager (CallQueueManager.java:<init>(84)) - Using callQueue: class java.util.concurrent.LinkedBlockingQueue, queueCapacity: 2000, scheduler: class org.apache.hadoop.ipc.DefaultRpcScheduler, ipcBackoff: false.
2019-11-14 00:32:52,793 [Socket Reader #1 for port 39602] INFO  ipc.Server (Server.java:run(1074)) - Starting Socket Reader #1 for port 39602
2019-11-14 00:32:52,796 [main] INFO  hdfs.DFSUtil (DFSUtil.java:httpServerTemplateForNNAndJN(1641)) - Starting Web-server for scm at: http://0.0.0.0:0
2019-11-14 00:32:52,799 [main] INFO  server.AuthenticationFilter (AuthenticationFilter.java:constructSecretProvider(240)) - Unable to initialize FileSignerSecretProvider, falling back to use random secrets.
2019-11-14 00:32:52,801 [main] WARN  http.HttpRequestLog (HttpRequestLog.java:getRequestLog(97)) - Jetty request log can only be enabled using Log4j
2019-11-14 00:32:52,803 [main] INFO  http.HttpServer2 (HttpServer2.java:addGlobalFilter(975)) - Added global filter 'safety' (class=org.apache.hadoop.http.HttpServer2$QuotingInputFilter)
2019-11-14 00:32:52,804 [main] INFO  http.HttpServer2 (HttpServer2.java:addFilter(948)) - Added filter static_user_filter (class=org.apache.hadoop.http.lib.StaticUserWebFilter$StaticUserFilter) to context scm
2019-11-14 00:32:52,805 [main] INFO  http.HttpServer2 (HttpServer2.java:addFilter(958)) - Added filter static_user_filter (class=org.apache.hadoop.http.lib.StaticUserWebFilter$StaticUserFilter) to context static
2019-11-14 00:32:52,805 [main] INFO  http.HttpServer2 (HttpServer2.java:addFilter(958)) - Added filter static_user_filter (class=org.apache.hadoop.http.lib.StaticUserWebFilter$StaticUserFilter) to context logs
2019-11-14 00:32:52,809 [main] INFO  server.StorageContainerManager (StorageContainerManager.java:start(766)) - StorageContainerLocationProtocol RPC server is listening at /0.0.0.0:39602
2019-11-14 00:32:52,812 [main] WARN  impl.MetricsConfig (MetricsConfig.java:loadFirst(134)) - Cannot locate configuration: tried hadoop-metrics2-storagecontainermanager.properties,hadoop-metrics2.properties
2019-11-14 00:32:52,813 [main] INFO  impl.MetricsSystemImpl (MetricsSystemImpl.java:startTimer(374)) - Scheduled Metric snapshot period at 10 second(s).
2019-11-14 00:32:52,813 [main] INFO  impl.MetricsSystemImpl (MetricsSystemImpl.java:start(191)) - StorageContainerManager metrics system started
2019-11-14 00:32:52,856 [main] WARN  impl.MetricsSystemImpl (MetricsSystemImpl.java:register(276)) - Sink prometheus already exists!
2019-11-14 00:32:52,863 [main] INFO  server.SCMClientProtocolServer (SCMClientProtocolServer.java:start(159)) - RPC server for Client  is listening at /0.0.0.0:39602
2019-11-14 00:32:52,863 [IPC Server Responder] INFO  ipc.Server (Server.java:run(1314)) - IPC Server Responder: starting
2019-11-14 00:32:52,863 [IPC Server listener on 39602] INFO  ipc.Server (Server.java:run(1153)) - IPC Server listener on 39602: starting
2019-11-14 00:32:52,867 [main] INFO  server.StorageContainerManager (StorageContainerManager.java:start(776)) - ScmBlockLocationProtocol RPC server is listening at /0.0.0.0:35409
2019-11-14 00:32:52,867 [main] INFO  server.SCMBlockProtocolServer (SCMBlockProtocolServer.java:start(146)) - RPC server for Block Protocol is listening at /0.0.0.0:35409
2019-11-14 00:32:52,867 [IPC Server Responder] INFO  ipc.Server (Server.java:run(1314)) - IPC Server Responder: starting
2019-11-14 00:32:52,867 [IPC Server listener on 35409] INFO  ipc.Server (Server.java:run(1153)) - IPC Server listener on 35409: starting
2019-11-14 00:32:52,870 [main] INFO  server.StorageContainerManager (StorageContainerManager.java:start(780)) - ScmDatanodeProtocl RPC server is listening at /0.0.0.0:42736
2019-11-14 00:32:52,870 [main] INFO  server.SCMDatanodeProtocolServer (SCMDatanodeProtocolServer.java:start(169)) - RPC server for DataNodes is listening at /0.0.0.0:42736
2019-11-14 00:32:52,870 [IPC Server Responder] INFO  ipc.Server (Server.java:run(1314)) - IPC Server Responder: starting
2019-11-14 00:32:52,870 [IPC Server listener on 42736] INFO  ipc.Server (Server.java:run(1153)) - IPC Server listener on 42736: starting
2019-11-14 00:32:52,873 [main] INFO  http.HttpServer2 (HttpServer2.java:bindListener(1191)) - Jetty bound to port 37829
2019-11-14 00:32:52,873 [main] INFO  server.Server (Server.java:doStart(351)) - jetty-9.3.25.v20180904, build timestamp: 2018-09-04T21:11:46Z, git hash: 3ce520221d0240229c862b122d2b06c12a625732
2019-11-14 00:32:52,875 [main] INFO  handler.ContextHandler (ContextHandler.java:doStart(781)) - Started o.e.j.s.ServletContextHandler@2dbfcf7{/logs,file:///workdir/hadoop-ozone/integration-test/target/log,AVAILABLE}
2019-11-14 00:32:52,875 [main] INFO  handler.ContextHandler (ContextHandler.java:doStart(781)) - Started o.e.j.s.ServletContextHandler@38cedb7d{/static,file:///workdir/hadoop-ozone/integration-test/target/test-classes/webapps/static,AVAILABLE}
2019-11-14 00:32:52,879 [main] INFO  handler.ContextHandler (ContextHandler.java:doStart(781)) - Started o.e.j.w.WebAppContext@72eb6200{/,file:///workdir/hadoop-ozone/integration-test/target/test-classes/webapps/scm/,AVAILABLE}{/scm}
2019-11-14 00:32:52,879 [main] INFO  server.AbstractConnector (AbstractConnector.java:doStart(278)) - Started ServerConnector@76ececd{HTTP/1.1,[http/1.1]}{0.0.0.0:37829}
2019-11-14 00:32:52,880 [main] INFO  server.Server (Server.java:doStart(419)) - Started @204561ms
2019-11-14 00:32:52,880 [main] WARN  impl.MetricsSystemImpl (MetricsSystemImpl.java:register(276)) - Sink prometheus already exists!
2019-11-14 00:32:52,882 [main] INFO  server.BaseHttpServer (BaseHttpServer.java:updateConnectorAddress(215)) - HTTP server of SCM is listening at http://0.0.0.0:37829
2019-11-14 00:32:52,883 [main] WARN  server.ServerUtils (ServerUtils.java:getDBPath(222)) - ozone.om.db.dirs is not configured. We recommend adding this setting. Falling back to ozone.metadata.dirs instead.
2019-11-14 00:32:52,883 [org.apache.hadoop.util.JvmPauseMonitor$Monitor@1682c08c] INFO  util.JvmPauseMonitor (JvmPauseMonitor.java:run(188)) - Starting JVM pause monitor
2019-11-14 00:32:52,889 [main] INFO  ha.OMHANodeDetails (OMHANodeDetails.java:loadOMHAConfig(190)) - Configuration either no ozone.om.address set. Falling back to the default OM address /127.0.0.1:0
2019-11-14 00:32:52,890 [main] INFO  ha.OMHANodeDetails (OMHANodeDetails.java:getOMNodeDetails(220)) - OM Service ID is not set. Setting it to the default ID: omServiceIdDefault
2019-11-14 00:32:52,890 [main] WARN  server.ServerUtils (ServerUtils.java:getDBPath(222)) - ozone.om.db.dirs is not configured. We recommend adding this setting. Falling back to ozone.metadata.dirs instead.
2019-11-14 00:32:52,890 [main] WARN  server.ServerUtils (ServerUtils.java:getDBPath(222)) - ozone.om.db.dirs is not configured. We recommend adding this setting. Falling back to ozone.metadata.dirs instead.
2019-11-14 00:32:52,897 [main] WARN  server.ServerUtils (ServerUtils.java:getDBPath(222)) - ozone.om.db.dirs is not configured. We recommend adding this setting. Falling back to ozone.metadata.dirs instead.
2019-11-14 00:32:52,898 [main] INFO  db.DBStoreBuilder (DBStoreBuilder.java:addTable(127)) - using custom profile for table: userTable
2019-11-14 00:32:52,898 [main] INFO  db.DBStoreBuilder (DBStoreBuilder.java:processTables(183)) - Using default column profile:DBProfile.DISK for Table:userTable
2019-11-14 00:32:52,899 [main] INFO  db.DBStoreBuilder (DBStoreBuilder.java:addTable(127)) - using custom profile for table: volumeTable
2019-11-14 00:32:52,899 [main] INFO  db.DBStoreBuilder (DBStoreBuilder.java:processTables(183)) - Using default column profile:DBProfile.DISK for Table:volumeTable
2019-11-14 00:32:52,899 [main] INFO  db.DBStoreBuilder (DBStoreBuilder.java:addTable(127)) - using custom profile for table: bucketTable
2019-11-14 00:32:52,899 [main] INFO  db.DBStoreBuilder (DBStoreBuilder.java:processTables(183)) - Using default column profile:DBProfile.DISK for Table:bucketTable
2019-11-14 00:32:52,900 [main] INFO  db.DBStoreBuilder (DBStoreBuilder.java:addTable(127)) - using custom profile for table: keyTable
2019-11-14 00:32:52,900 [main] INFO  db.DBStoreBuilder (DBStoreBuilder.java:processTables(183)) - Using default column profile:DBProfile.DISK for Table:keyTable
2019-11-14 00:32:52,900 [main] INFO  db.DBStoreBuilder (DBStoreBuilder.java:addTable(127)) - using custom profile for table: deletedTable
2019-11-14 00:32:52,900 [main] INFO  db.DBStoreBuilder (DBStoreBuilder.java:processTables(183)) - Using default column profile:DBProfile.DISK for Table:deletedTable
2019-11-14 00:32:52,901 [main] INFO  db.DBStoreBuilder (DBStoreBuilder.java:addTable(127)) - using custom profile for table: openKeyTable
2019-11-14 00:32:52,901 [main] INFO  db.DBStoreBuilder (DBStoreBuilder.java:processTables(183)) - Using default column profile:DBProfile.DISK for Table:openKeyTable
2019-11-14 00:32:52,901 [main] INFO  db.DBStoreBuilder (DBStoreBuilder.java:addTable(127)) - using custom profile for table: s3Table
2019-11-14 00:32:52,901 [main] INFO  db.DBStoreBuilder (DBStoreBuilder.java:processTables(183)) - Using default column profile:DBProfile.DISK for Table:s3Table
2019-11-14 00:32:52,901 [main] INFO  db.DBStoreBuilder (DBStoreBuilder.java:addTable(127)) - using custom profile for table: multipartInfoTable
2019-11-14 00:32:52,902 [main] INFO  db.DBStoreBuilder (DBStoreBuilder.java:processTables(183)) - Using default column profile:DBProfile.DISK for Table:multipartInfoTable
2019-11-14 00:32:52,902 [main] INFO  db.DBStoreBuilder (DBStoreBuilder.java:addTable(127)) - using custom profile for table: dTokenTable
2019-11-14 00:32:52,902 [main] INFO  db.DBStoreBuilder (DBStoreBuilder.java:processTables(183)) - Using default column profile:DBProfile.DISK for Table:dTokenTable
2019-11-14 00:32:52,902 [main] INFO  db.DBStoreBuilder (DBStoreBuilder.java:addTable(127)) - using custom profile for table: s3SecretTable
2019-11-14 00:32:52,903 [main] INFO  db.DBStoreBuilder (DBStoreBuilder.java:processTables(183)) - Using default column profile:DBProfile.DISK for Table:s3SecretTable
2019-11-14 00:32:52,903 [main] INFO  db.DBStoreBuilder (DBStoreBuilder.java:addTable(127)) - using custom profile for table: prefixTable
2019-11-14 00:32:52,903 [main] INFO  db.DBStoreBuilder (DBStoreBuilder.java:processTables(183)) - Using default column profile:DBProfile.DISK for Table:prefixTable
2019-11-14 00:32:52,903 [main] INFO  db.DBStoreBuilder (DBStoreBuilder.java:addTable(127)) - using custom profile for table: default
2019-11-14 00:32:52,904 [main] INFO  db.DBStoreBuilder (DBStoreBuilder.java:processTables(189)) - Using default column profile:DBProfile.DISK for Table:default
2019-11-14 00:32:52,904 [main] INFO  db.DBStoreBuilder (DBStoreBuilder.java:getDbProfile(220)) - Using default options. DBProfile.DISK
2019-11-14 00:32:53,254 [main] INFO  ipc.CallQueueManager (CallQueueManager.java:<init>(84)) - Using callQueue: class java.util.concurrent.LinkedBlockingQueue, queueCapacity: 2000, scheduler: class org.apache.hadoop.ipc.DefaultRpcScheduler, ipcBackoff: false.
2019-11-14 00:32:53,255 [Socket Reader #1 for port 42777] INFO  ipc.Server (Server.java:run(1074)) - Starting Socket Reader #1 for port 42777
2019-11-14 00:32:53,269 [main] INFO  om.OzoneManager (OzoneManager.java:start(1077)) - OzoneManager RPC server is listening at localhost/127.0.0.1:42777
2019-11-14 00:32:53,269 [main] INFO  impl.MetricsSystemImpl (MetricsSystemImpl.java:init(158)) - OzoneManager metrics system started (again)
2019-11-14 00:32:53,270 [IPC Server Responder] INFO  ipc.Server (Server.java:run(1314)) - IPC Server Responder: starting
2019-11-14 00:32:53,271 [IPC Server listener on 42777] INFO  ipc.Server (Server.java:run(1153)) - IPC Server listener on 42777: starting
2019-11-14 00:32:53,275 [main] INFO  hdfs.DFSUtil (DFSUtil.java:httpServerTemplateForNNAndJN(1641)) - Starting Web-server for ozoneManager at: http://0.0.0.0:0
2019-11-14 00:32:53,276 [main] INFO  server.AuthenticationFilter (AuthenticationFilter.java:constructSecretProvider(240)) - Unable to initialize FileSignerSecretProvider, falling back to use random secrets.
2019-11-14 00:32:53,277 [main] WARN  http.HttpRequestLog (HttpRequestLog.java:getRequestLog(97)) - Jetty request log can only be enabled using Log4j
2019-11-14 00:32:53,278 [main] INFO  http.HttpServer2 (HttpServer2.java:addGlobalFilter(975)) - Added global filter 'safety' (class=org.apache.hadoop.http.HttpServer2$QuotingInputFilter)
2019-11-14 00:32:53,279 [main] INFO  http.HttpServer2 (HttpServer2.java:addFilter(948)) - Added filter static_user_filter (class=org.apache.hadoop.http.lib.StaticUserWebFilter$StaticUserFilter) to context ozoneManager
2019-11-14 00:32:53,279 [main] INFO  http.HttpServer2 (HttpServer2.java:addFilter(958)) - Added filter static_user_filter (class=org.apache.hadoop.http.lib.StaticUserWebFilter$StaticUserFilter) to context logs
2019-11-14 00:32:53,279 [main] INFO  http.HttpServer2 (HttpServer2.java:addFilter(958)) - Added filter static_user_filter (class=org.apache.hadoop.http.lib.StaticUserWebFilter$StaticUserFilter) to context static
2019-11-14 00:32:53,280 [main] INFO  http.HttpServer2 (HttpServer2.java:bindListener(1191)) - Jetty bound to port 40047
2019-11-14 00:32:53,280 [main] INFO  server.Server (Server.java:doStart(351)) - jetty-9.3.25.v20180904, build timestamp: 2018-09-04T21:11:46Z, git hash: 3ce520221d0240229c862b122d2b06c12a625732
2019-11-14 00:32:53,281 [main] INFO  handler.ContextHandler (ContextHandler.java:doStart(781)) - Started o.e.j.s.ServletContextHandler@6ef60295{/logs,file:///workdir/hadoop-ozone/integration-test/target/log,AVAILABLE}
2019-11-14 00:32:53,282 [main] INFO  handler.ContextHandler (ContextHandler.java:doStart(781)) - Started o.e.j.s.ServletContextHandler@3234474{/static,file:///workdir/hadoop-ozone/integration-test/target/test-classes/webapps/static,AVAILABLE}
2019-11-14 00:32:53,285 [main] INFO  handler.ContextHandler (ContextHandler.java:doStart(781)) - Started o.e.j.w.WebAppContext@d3f4505{/,file:///workdir/hadoop-ozone/integration-test/target/test-classes/webapps/ozoneManager/,AVAILABLE}{/ozoneManager}
2019-11-14 00:32:53,286 [main] INFO  server.AbstractConnector (AbstractConnector.java:doStart(278)) - Started ServerConnector@3eb292cd{HTTP/1.1,[http/1.1]}{0.0.0.0:40047}
2019-11-14 00:32:53,287 [main] INFO  server.Server (Server.java:doStart(419)) - Started @204968ms
2019-11-14 00:32:53,287 [main] WARN  impl.MetricsSystemImpl (MetricsSystemImpl.java:register(276)) - Sink prometheus already exists!
2019-11-14 00:32:53,288 [main] INFO  server.BaseHttpServer (BaseHttpServer.java:updateConnectorAddress(215)) - HTTP server of OZONEMANAGER is listening at http://0.0.0.0:40047
2019-11-14 00:32:53,308 [main] INFO  impl.MetricsSystemImpl (MetricsSystemImpl.java:init(158)) - HddsDatanode metrics system started (again)
2019-11-14 00:32:53,310 [main] INFO  ozone.HddsDatanodeService (HddsDatanodeService.java:start(186)) - HddsDatanodeService host:pr-hdds-2474-ghsjm-2904119463 ip:192.168.34.25
2019-11-14 00:32:53,317 [main] INFO  volume.HddsVolume (HddsVolume.java:<init>(176)) - Creating Volume: /workdir/hadoop-ozone/integration-test/target/test-dir/MiniOzoneClusterImpl-60470fcf-478e-41fe-85ae-08a0494ed2ed/datanode-0/data/containers/hdds of  storage type : DISK and capacity : 1482555576320
2019-11-14 00:32:53,317 [main] INFO  volume.VolumeSet (VolumeSet.java:initializeVolumeSet(170)) - Added Volume : /workdir/hadoop-ozone/integration-test/target/test-dir/MiniOzoneClusterImpl-60470fcf-478e-41fe-85ae-08a0494ed2ed/datanode-0/data/containers/hdds to VolumeSet
2019-11-14 00:32:53,318 [main] INFO  volume.ThrottledAsyncChecker (ThrottledAsyncChecker.java:schedule(141)) - Scheduling a check for /workdir/hadoop-ozone/integration-test/target/test-dir/MiniOzoneClusterImpl-60470fcf-478e-41fe-85ae-08a0494ed2ed/datanode-0/data/containers/hdds
2019-11-14 00:32:53,319 [main] INFO  volume.HddsVolumeChecker (HddsVolumeChecker.java:checkAllVolumes(204)) - Scheduled health check for volume /workdir/hadoop-ozone/integration-test/target/test-dir/MiniOzoneClusterImpl-60470fcf-478e-41fe-85ae-08a0494ed2ed/datanode-0/data/containers/hdds
2019-11-14 00:32:53,334 [main] INFO  impl.RaftServerProxy (ConfUtils.java:logGet(43)) - raft.rpc.type = GRPC (default)
2019-11-14 00:32:53,334 [main] INFO  grpc.GrpcFactory (GrpcFactory.java:checkPooledByteBufAllocatorUseCacheForAllThreads(45)) - PERFORMANCE WARNING: useCacheForAllThreads is true that may cause Netty to create a lot garbage objects and, as a result, trigger GC.
	It is recommended to disable useCacheForAllThreads by setting -Dorg.apache.ratis.thirdparty.io.netty.allocator.useCacheForAllThreads=false in command line.
2019-11-14 00:32:53,334 [main] INFO  grpc.GrpcConfigKeys$Server (ConfUtils.java:logGet(43)) - raft.grpc.server.port = 0 (default)
2019-11-14 00:32:53,335 [main] INFO  server.GrpcService (ConfUtils.java:logGet(43)) - raft.grpc.message.size.max = 33570816 (custom)
2019-11-14 00:32:53,335 [main] INFO  server.RaftServerConfigKeys (ConfUtils.java:logGet(43)) - raft.server.log.appender.buffer.byte-limit = 33554432 (custom)
2019-11-14 00:32:53,335 [main] INFO  server.GrpcService (ConfUtils.java:logGet(43)) - raft.grpc.flow.control.window = 1MB (=1048576) (default)
2019-11-14 00:32:53,335 [main] INFO  server.RaftServerConfigKeys (ConfUtils.java:logGet(43)) - raft.server.rpc.request.timeout = 3000ms (default)
2019-11-14 00:32:53,336 [main] INFO  server.RaftServerConfigKeys (ConfUtils.java:logGet(43)) - raft.server.storage.dir = [/workdir/hadoop-ozone/integration-test/target/test-dir/MiniOzoneClusterImpl-60470fcf-478e-41fe-85ae-08a0494ed2ed/datanode-0/data/ratis] (custom)
2019-11-14 00:32:53,337 [main] INFO  hdfs.DFSUtil (DFSUtil.java:httpServerTemplateForNNAndJN(1641)) - Starting Web-server for hddsDatanode at: http://0.0.0.0:0
2019-11-14 00:32:53,339 [main] INFO  server.AuthenticationFilter (AuthenticationFilter.java:constructSecretProvider(240)) - Unable to initialize FileSignerSecretProvider, falling back to use random secrets.
2019-11-14 00:32:53,340 [main] WARN  http.HttpRequestLog (HttpRequestLog.java:getRequestLog(97)) - Jetty request log can only be enabled using Log4j
2019-11-14 00:32:53,342 [main] INFO  http.HttpServer2 (HttpServer2.java:addGlobalFilter(975)) - Added global filter 'safety' (class=org.apache.hadoop.http.HttpServer2$QuotingInputFilter)
2019-11-14 00:32:53,342 [main] INFO  http.HttpServer2 (HttpServer2.java:addFilter(948)) - Added filter static_user_filter (class=org.apache.hadoop.http.lib.StaticUserWebFilter$StaticUserFilter) to context hddsDatanode
2019-11-14 00:32:53,343 [main] INFO  http.HttpServer2 (HttpServer2.java:addFilter(958)) - Added filter static_user_filter (class=org.apache.hadoop.http.lib.StaticUserWebFilter$StaticUserFilter) to context static
2019-11-14 00:32:53,343 [main] INFO  http.HttpServer2 (HttpServer2.java:addFilter(958)) - Added filter static_user_filter (class=org.apache.hadoop.http.lib.StaticUserWebFilter$StaticUserFilter) to context logs
2019-11-14 00:32:53,344 [main] INFO  http.HttpServer2 (HttpServer2.java:bindListener(1191)) - Jetty bound to port 42816
2019-11-14 00:32:53,344 [main] INFO  server.Server (Server.java:doStart(351)) - jetty-9.3.25.v20180904, build timestamp: 2018-09-04T21:11:46Z, git hash: 3ce520221d0240229c862b122d2b06c12a625732
2019-11-14 00:32:53,346 [main] INFO  handler.ContextHandler (ContextHandler.java:doStart(781)) - Started o.e.j.s.ServletContextHandler@4d84049a{/logs,file:///workdir/hadoop-ozone/integration-test/target/log,AVAILABLE}
2019-11-14 00:32:53,347 [main] INFO  handler.ContextHandler (ContextHandler.java:doStart(781)) - Started o.e.j.s.ServletContextHandler@642857e0{/static,jar:file:/home/user/.m2/repository/org/apache/hadoop/hadoop-hdds-container-service/0.5.0-SNAPSHOT/hadoop-hdds-container-service-0.5.0-SNAPSHOT.jar!/webapps/static,AVAILABLE}
2019-11-14 00:32:53,393 [main] INFO  handler.ContextHandler (ContextHandler.java:doStart(781)) - Started o.e.j.w.WebAppContext@6413d7e7{/,file:///tmp/jetty-0.0.0.0-42816-hddsDatanode-_-any-8937530811217131707.dir/webapp/,AVAILABLE}{/hddsDatanode}
2019-11-14 00:32:53,394 [main] INFO  server.AbstractConnector (AbstractConnector.java:doStart(278)) - Started ServerConnector@d16be4f{HTTP/1.1,[http/1.1]}{0.0.0.0:42816}
2019-11-14 00:32:53,395 [main] INFO  server.Server (Server.java:doStart(419)) - Started @205076ms
2019-11-14 00:32:53,395 [main] WARN  impl.MetricsSystemImpl (MetricsSystemImpl.java:register(276)) - Sink prometheus already exists!
2019-11-14 00:32:53,396 [main] INFO  server.BaseHttpServer (BaseHttpServer.java:updateConnectorAddress(215)) - HTTP server of HDDSDATANODE is listening at http://0.0.0.0:42816
2019-11-14 00:32:53,397 [main] INFO  impl.MetricsSystemImpl (MetricsSystemImpl.java:init(158)) - HddsDatanode metrics system started (again)
2019-11-14 00:32:53,399 [org.apache.hadoop.util.JvmPauseMonitor$Monitor@442d3aea] INFO  util.JvmPauseMonitor (JvmPauseMonitor.java:run(188)) - Starting JVM pause monitor
2019-11-14 00:32:53,399 [main] INFO  ozone.HddsDatanodeService (HddsDatanodeService.java:start(186)) - HddsDatanodeService host:pr-hdds-2474-ghsjm-2904119463 ip:192.168.34.25
2019-11-14 00:32:53,400 [Datanode State Machine Thread - 0] INFO  datanode.InitDatanodeState (InitDatanodeState.java:persistContainerDatanodeDetails(140)) - DatanodeDetails is persisted to /workdir/hadoop-ozone/integration-test/target/test-dir/MiniOzoneClusterImpl-60470fcf-478e-41fe-85ae-08a0494ed2ed/datanode-0/meta/datanode.id
2019-11-14 00:32:53,405 [main] INFO  volume.HddsVolume (HddsVolume.java:<init>(176)) - Creating Volume: /workdir/hadoop-ozone/integration-test/target/test-dir/MiniOzoneClusterImpl-60470fcf-478e-41fe-85ae-08a0494ed2ed/datanode-1/data/containers/hdds of  storage type : DISK and capacity : 1482555576320
2019-11-14 00:32:53,405 [main] INFO  volume.VolumeSet (VolumeSet.java:initializeVolumeSet(170)) - Added Volume : /workdir/hadoop-ozone/integration-test/target/test-dir/MiniOzoneClusterImpl-60470fcf-478e-41fe-85ae-08a0494ed2ed/datanode-1/data/containers/hdds to VolumeSet
2019-11-14 00:32:53,405 [main] INFO  volume.ThrottledAsyncChecker (ThrottledAsyncChecker.java:schedule(141)) - Scheduling a check for /workdir/hadoop-ozone/integration-test/target/test-dir/MiniOzoneClusterImpl-60470fcf-478e-41fe-85ae-08a0494ed2ed/datanode-1/data/containers/hdds
2019-11-14 00:32:53,406 [main] INFO  volume.HddsVolumeChecker (HddsVolumeChecker.java:checkAllVolumes(204)) - Scheduled health check for volume /workdir/hadoop-ozone/integration-test/target/test-dir/MiniOzoneClusterImpl-60470fcf-478e-41fe-85ae-08a0494ed2ed/datanode-1/data/containers/hdds
2019-11-14 00:32:53,422 [main] INFO  impl.RaftServerProxy (ConfUtils.java:logGet(43)) - raft.rpc.type = GRPC (default)
2019-11-14 00:32:53,422 [main] INFO  grpc.GrpcFactory (GrpcFactory.java:checkPooledByteBufAllocatorUseCacheForAllThreads(45)) - PERFORMANCE WARNING: useCacheForAllThreads is true that may cause Netty to create a lot garbage objects and, as a result, trigger GC.
	It is recommended to disable useCacheForAllThreads by setting -Dorg.apache.ratis.thirdparty.io.netty.allocator.useCacheForAllThreads=false in command line.
2019-11-14 00:32:53,422 [main] INFO  grpc.GrpcConfigKeys$Server (ConfUtils.java:logGet(43)) - raft.grpc.server.port = 0 (default)
2019-11-14 00:32:53,422 [main] INFO  server.GrpcService (ConfUtils.java:logGet(43)) - raft.grpc.message.size.max = 33570816 (custom)
2019-11-14 00:32:53,423 [main] INFO  server.RaftServerConfigKeys (ConfUtils.java:logGet(43)) - raft.server.log.appender.buffer.byte-limit = 33554432 (custom)
2019-11-14 00:32:53,423 [main] INFO  server.GrpcService (ConfUtils.java:logGet(43)) - raft.grpc.flow.control.window = 1MB (=1048576) (default)
2019-11-14 00:32:53,423 [main] INFO  server.RaftServerConfigKeys (ConfUtils.java:logGet(43)) - raft.server.rpc.request.timeout = 3000ms (default)
2019-11-14 00:32:53,424 [main] INFO  server.RaftServerConfigKeys (ConfUtils.java:logGet(43)) - raft.server.storage.dir = [/workdir/hadoop-ozone/integration-test/target/test-dir/MiniOzoneClusterImpl-60470fcf-478e-41fe-85ae-08a0494ed2ed/datanode-1/data/ratis] (custom)
2019-11-14 00:32:53,425 [main] INFO  hdfs.DFSUtil (DFSUtil.java:httpServerTemplateForNNAndJN(1641)) - Starting Web-server for hddsDatanode at: http://0.0.0.0:0
2019-11-14 00:32:53,427 [main] INFO  server.AuthenticationFilter (AuthenticationFilter.java:constructSecretProvider(240)) - Unable to initialize FileSignerSecretProvider, falling back to use random secrets.
2019-11-14 00:32:53,428 [main] WARN  http.HttpRequestLog (HttpRequestLog.java:getRequestLog(97)) - Jetty request log can only be enabled using Log4j
2019-11-14 00:32:53,430 [main] INFO  http.HttpServer2 (HttpServer2.java:addGlobalFilter(975)) - Added global filter 'safety' (class=org.apache.hadoop.http.HttpServer2$QuotingInputFilter)
2019-11-14 00:32:53,430 [main] INFO  http.HttpServer2 (HttpServer2.java:addFilter(948)) - Added filter static_user_filter (class=org.apache.hadoop.http.lib.StaticUserWebFilter$StaticUserFilter) to context hddsDatanode
2019-11-14 00:32:53,431 [main] INFO  http.HttpServer2 (HttpServer2.java:addFilter(958)) - Added filter static_user_filter (class=org.apache.hadoop.http.lib.StaticUserWebFilter$StaticUserFilter) to context static
2019-11-14 00:32:53,431 [main] INFO  http.HttpServer2 (HttpServer2.java:addFilter(958)) - Added filter static_user_filter (class=org.apache.hadoop.http.lib.StaticUserWebFilter$StaticUserFilter) to context logs
2019-11-14 00:32:53,432 [main] INFO  http.HttpServer2 (HttpServer2.java:bindListener(1191)) - Jetty bound to port 37667
2019-11-14 00:32:53,432 [main] INFO  server.Server (Server.java:doStart(351)) - jetty-9.3.25.v20180904, build timestamp: 2018-09-04T21:11:46Z, git hash: 3ce520221d0240229c862b122d2b06c12a625732
2019-11-14 00:32:53,435 [main] INFO  handler.ContextHandler (ContextHandler.java:doStart(781)) - Started o.e.j.s.ServletContextHandler@92d1782{/logs,file:///workdir/hadoop-ozone/integration-test/target/log,AVAILABLE}
2019-11-14 00:32:53,435 [main] INFO  handler.ContextHandler (ContextHandler.java:doStart(781)) - Started o.e.j.s.ServletContextHandler@72976b4{/static,jar:file:/home/user/.m2/repository/org/apache/hadoop/hadoop-hdds-container-service/0.5.0-SNAPSHOT/hadoop-hdds-container-service-0.5.0-SNAPSHOT.jar!/webapps/static,AVAILABLE}
2019-11-14 00:32:53,476 [main] INFO  handler.ContextHandler (ContextHandler.java:doStart(781)) - Started o.e.j.w.WebAppContext@3a3ed300{/,file:///tmp/jetty-0.0.0.0-37667-hddsDatanode-_-any-7227319498108949716.dir/webapp/,AVAILABLE}{/hddsDatanode}
2019-11-14 00:32:53,476 [main] INFO  server.AbstractConnector (AbstractConnector.java:doStart(278)) - Started ServerConnector@1984212d{HTTP/1.1,[http/1.1]}{0.0.0.0:37667}
2019-11-14 00:32:53,477 [main] INFO  server.Server (Server.java:doStart(419)) - Started @205159ms
2019-11-14 00:32:53,478 [main] WARN  impl.MetricsSystemImpl (MetricsSystemImpl.java:register(276)) - Sink prometheus already exists!
2019-11-14 00:32:53,478 [main] INFO  server.BaseHttpServer (BaseHttpServer.java:updateConnectorAddress(215)) - HTTP server of HDDSDATANODE is listening at http://0.0.0.0:37667
2019-11-14 00:32:53,479 [main] INFO  impl.MetricsSystemImpl (MetricsSystemImpl.java:init(158)) - HddsDatanode metrics system started (again)
2019-11-14 00:32:53,481 [org.apache.hadoop.util.JvmPauseMonitor$Monitor@48b3ea96] INFO  util.JvmPauseMonitor (JvmPauseMonitor.java:run(188)) - Starting JVM pause monitor
2019-11-14 00:32:53,481 [main] INFO  ozone.HddsDatanodeService (HddsDatanodeService.java:start(186)) - HddsDatanodeService host:pr-hdds-2474-ghsjm-2904119463 ip:192.168.34.25
2019-11-14 00:32:53,482 [Datanode State Machine Thread - 0] INFO  datanode.InitDatanodeState (InitDatanodeState.java:persistContainerDatanodeDetails(140)) - DatanodeDetails is persisted to /workdir/hadoop-ozone/integration-test/target/test-dir/MiniOzoneClusterImpl-60470fcf-478e-41fe-85ae-08a0494ed2ed/datanode-1/meta/datanode.id
2019-11-14 00:32:53,489 [main] INFO  volume.HddsVolume (HddsVolume.java:<init>(176)) - Creating Volume: /workdir/hadoop-ozone/integration-test/target/test-dir/MiniOzoneClusterImpl-60470fcf-478e-41fe-85ae-08a0494ed2ed/datanode-2/data/containers/hdds of  storage type : DISK and capacity : 1482555576320
2019-11-14 00:32:53,489 [main] INFO  volume.VolumeSet (VolumeSet.java:initializeVolumeSet(170)) - Added Volume : /workdir/hadoop-ozone/integration-test/target/test-dir/MiniOzoneClusterImpl-60470fcf-478e-41fe-85ae-08a0494ed2ed/datanode-2/data/containers/hdds to VolumeSet
2019-11-14 00:32:53,489 [main] INFO  volume.ThrottledAsyncChecker (ThrottledAsyncChecker.java:schedule(141)) - Scheduling a check for /workdir/hadoop-ozone/integration-test/target/test-dir/MiniOzoneClusterImpl-60470fcf-478e-41fe-85ae-08a0494ed2ed/datanode-2/data/containers/hdds
2019-11-14 00:32:53,490 [main] INFO  volume.HddsVolumeChecker (HddsVolumeChecker.java:checkAllVolumes(204)) - Scheduled health check for volume /workdir/hadoop-ozone/integration-test/target/test-dir/MiniOzoneClusterImpl-60470fcf-478e-41fe-85ae-08a0494ed2ed/datanode-2/data/containers/hdds
2019-11-14 00:32:53,507 [main] INFO  impl.RaftServerProxy (ConfUtils.java:logGet(43)) - raft.rpc.type = GRPC (default)
2019-11-14 00:32:53,508 [main] INFO  grpc.GrpcFactory (GrpcFactory.java:checkPooledByteBufAllocatorUseCacheForAllThreads(45)) - PERFORMANCE WARNING: useCacheForAllThreads is true that may cause Netty to create a lot garbage objects and, as a result, trigger GC.
	It is recommended to disable useCacheForAllThreads by setting -Dorg.apache.ratis.thirdparty.io.netty.allocator.useCacheForAllThreads=false in command line.
2019-11-14 00:32:53,508 [main] INFO  grpc.GrpcConfigKeys$Server (ConfUtils.java:logGet(43)) - raft.grpc.server.port = 0 (default)
2019-11-14 00:32:53,509 [main] INFO  server.GrpcService (ConfUtils.java:logGet(43)) - raft.grpc.message.size.max = 33570816 (custom)
2019-11-14 00:32:53,509 [main] INFO  server.RaftServerConfigKeys (ConfUtils.java:logGet(43)) - raft.server.log.appender.buffer.byte-limit = 33554432 (custom)
2019-11-14 00:32:53,509 [main] INFO  server.GrpcService (ConfUtils.java:logGet(43)) - raft.grpc.flow.control.window = 1MB (=1048576) (default)
2019-11-14 00:32:53,509 [main] INFO  server.RaftServerConfigKeys (ConfUtils.java:logGet(43)) - raft.server.rpc.request.timeout = 3000ms (default)
2019-11-14 00:32:53,510 [main] INFO  server.RaftServerConfigKeys (ConfUtils.java:logGet(43)) - raft.server.storage.dir = [/workdir/hadoop-ozone/integration-test/target/test-dir/MiniOzoneClusterImpl-60470fcf-478e-41fe-85ae-08a0494ed2ed/datanode-2/data/ratis] (custom)
2019-11-14 00:32:53,513 [main] INFO  hdfs.DFSUtil (DFSUtil.java:httpServerTemplateForNNAndJN(1641)) - Starting Web-server for hddsDatanode at: http://0.0.0.0:0
2019-11-14 00:32:53,514 [main] INFO  server.AuthenticationFilter (AuthenticationFilter.java:constructSecretProvider(240)) - Unable to initialize FileSignerSecretProvider, falling back to use random secrets.
2019-11-14 00:32:53,515 [main] WARN  http.HttpRequestLog (HttpRequestLog.java:getRequestLog(97)) - Jetty request log can only be enabled using Log4j
2019-11-14 00:32:53,517 [main] INFO  http.HttpServer2 (HttpServer2.java:addGlobalFilter(975)) - Added global filter 'safety' (class=org.apache.hadoop.http.HttpServer2$QuotingInputFilter)
2019-11-14 00:32:53,517 [main] INFO  http.HttpServer2 (HttpServer2.java:addFilter(948)) - Added filter static_user_filter (class=org.apache.hadoop.http.lib.StaticUserWebFilter$StaticUserFilter) to context hddsDatanode
2019-11-14 00:32:53,518 [main] INFO  http.HttpServer2 (HttpServer2.java:addFilter(958)) - Added filter static_user_filter (class=org.apache.hadoop.http.lib.StaticUserWebFilter$StaticUserFilter) to context static
2019-11-14 00:32:53,518 [main] INFO  http.HttpServer2 (HttpServer2.java:addFilter(958)) - Added filter static_user_filter (class=org.apache.hadoop.http.lib.StaticUserWebFilter$StaticUserFilter) to context logs
2019-11-14 00:32:53,519 [main] INFO  http.HttpServer2 (HttpServer2.java:bindListener(1191)) - Jetty bound to port 43143
2019-11-14 00:32:53,519 [main] INFO  server.Server (Server.java:doStart(351)) - jetty-9.3.25.v20180904, build timestamp: 2018-09-04T21:11:46Z, git hash: 3ce520221d0240229c862b122d2b06c12a625732
2019-11-14 00:32:53,521 [main] INFO  handler.ContextHandler (ContextHandler.java:doStart(781)) - Started o.e.j.s.ServletContextHandler@fa5f81c{/logs,file:///workdir/hadoop-ozone/integration-test/target/log,AVAILABLE}
2019-11-14 00:32:53,522 [main] INFO  handler.ContextHandler (ContextHandler.java:doStart(781)) - Started o.e.j.s.ServletContextHandler@1f2f0109{/static,jar:file:/home/user/.m2/repository/org/apache/hadoop/hadoop-hdds-container-service/0.5.0-SNAPSHOT/hadoop-hdds-container-service-0.5.0-SNAPSHOT.jar!/webapps/static,AVAILABLE}
2019-11-14 00:32:53,556 [main] INFO  handler.ContextHandler (ContextHandler.java:doStart(781)) - Started o.e.j.w.WebAppContext@1c067c0d{/,file:///tmp/jetty-0.0.0.0-43143-hddsDatanode-_-any-1497722881646381416.dir/webapp/,AVAILABLE}{/hddsDatanode}
2019-11-14 00:32:53,557 [main] INFO  server.AbstractConnector (AbstractConnector.java:doStart(278)) - Started ServerConnector@5d0b0cb9{HTTP/1.1,[http/1.1]}{0.0.0.0:43143}
2019-11-14 00:32:53,558 [main] INFO  server.Server (Server.java:doStart(419)) - Started @205240ms
2019-11-14 00:32:53,559 [main] WARN  impl.MetricsSystemImpl (MetricsSystemImpl.java:register(276)) - Sink prometheus already exists!
2019-11-14 00:32:53,559 [main] INFO  server.BaseHttpServer (BaseHttpServer.java:updateConnectorAddress(215)) - HTTP server of HDDSDATANODE is listening at http://0.0.0.0:43143
2019-11-14 00:32:53,560 [main] INFO  impl.MetricsSystemImpl (MetricsSystemImpl.java:init(158)) - HddsDatanode metrics system started (again)
2019-11-14 00:32:53,562 [main] INFO  ozone.HddsDatanodeService (HddsDatanodeService.java:start(186)) - HddsDatanodeService host:pr-hdds-2474-ghsjm-2904119463 ip:192.168.34.25
2019-11-14 00:32:53,562 [org.apache.hadoop.util.JvmPauseMonitor$Monitor@1dfb3ef3] INFO  util.JvmPauseMonitor (JvmPauseMonitor.java:run(188)) - Starting JVM pause monitor
2019-11-14 00:32:53,564 [Datanode State Machine Thread - 0] INFO  datanode.InitDatanodeState (InitDatanodeState.java:persistContainerDatanodeDetails(140)) - DatanodeDetails is persisted to /workdir/hadoop-ozone/integration-test/target/test-dir/MiniOzoneClusterImpl-60470fcf-478e-41fe-85ae-08a0494ed2ed/datanode-2/meta/datanode.id
2019-11-14 00:32:53,569 [main] INFO  volume.HddsVolume (HddsVolume.java:<init>(176)) - Creating Volume: /workdir/hadoop-ozone/integration-test/target/test-dir/MiniOzoneClusterImpl-60470fcf-478e-41fe-85ae-08a0494ed2ed/datanode-3/data/containers/hdds of  storage type : DISK and capacity : 1482555576320
2019-11-14 00:32:53,569 [main] INFO  volume.VolumeSet (VolumeSet.java:initializeVolumeSet(170)) - Added Volume : /workdir/hadoop-ozone/integration-test/target/test-dir/MiniOzoneClusterImpl-60470fcf-478e-41fe-85ae-08a0494ed2ed/datanode-3/data/containers/hdds to VolumeSet
2019-11-14 00:32:53,570 [main] INFO  volume.ThrottledAsyncChecker (ThrottledAsyncChecker.java:schedule(141)) - Scheduling a check for /workdir/hadoop-ozone/integration-test/target/test-dir/MiniOzoneClusterImpl-60470fcf-478e-41fe-85ae-08a0494ed2ed/datanode-3/data/containers/hdds
2019-11-14 00:32:53,570 [main] INFO  volume.HddsVolumeChecker (HddsVolumeChecker.java:checkAllVolumes(204)) - Scheduled health check for volume /workdir/hadoop-ozone/integration-test/target/test-dir/MiniOzoneClusterImpl-60470fcf-478e-41fe-85ae-08a0494ed2ed/datanode-3/data/containers/hdds
2019-11-14 00:32:53,582 [main] INFO  impl.RaftServerProxy (ConfUtils.java:logGet(43)) - raft.rpc.type = GRPC (default)
2019-11-14 00:32:53,582 [main] INFO  grpc.GrpcFactory (GrpcFactory.java:checkPooledByteBufAllocatorUseCacheForAllThreads(45)) - PERFORMANCE WARNING: useCacheForAllThreads is true that may cause Netty to create a lot garbage objects and, as a result, trigger GC.
	It is recommended to disable useCacheForAllThreads by setting -Dorg.apache.ratis.thirdparty.io.netty.allocator.useCacheForAllThreads=false in command line.
2019-11-14 00:32:53,582 [main] INFO  grpc.GrpcConfigKeys$Server (ConfUtils.java:logGet(43)) - raft.grpc.server.port = 0 (default)
2019-11-14 00:32:53,583 [main] INFO  server.GrpcService (ConfUtils.java:logGet(43)) - raft.grpc.message.size.max = 33570816 (custom)
2019-11-14 00:32:53,583 [main] INFO  server.RaftServerConfigKeys (ConfUtils.java:logGet(43)) - raft.server.log.appender.buffer.byte-limit = 33554432 (custom)
2019-11-14 00:32:53,583 [main] INFO  server.GrpcService (ConfUtils.java:logGet(43)) - raft.grpc.flow.control.window = 1MB (=1048576) (default)
2019-11-14 00:32:53,583 [main] INFO  server.RaftServerConfigKeys (ConfUtils.java:logGet(43)) - raft.server.rpc.request.timeout = 3000ms (default)
2019-11-14 00:32:53,583 [main] INFO  server.RaftServerConfigKeys (ConfUtils.java:logGet(43)) - raft.server.storage.dir = [/workdir/hadoop-ozone/integration-test/target/test-dir/MiniOzoneClusterImpl-60470fcf-478e-41fe-85ae-08a0494ed2ed/datanode-3/data/ratis] (custom)
2019-11-14 00:32:53,585 [main] INFO  hdfs.DFSUtil (DFSUtil.java:httpServerTemplateForNNAndJN(1641)) - Starting Web-server for hddsDatanode at: http://0.0.0.0:0
2019-11-14 00:32:53,586 [main] INFO  server.AuthenticationFilter (AuthenticationFilter.java:constructSecretProvider(240)) - Unable to initialize FileSignerSecretProvider, falling back to use random secrets.
2019-11-14 00:32:53,587 [main] WARN  http.HttpRequestLog (HttpRequestLog.java:getRequestLog(97)) - Jetty request log can only be enabled using Log4j
2019-11-14 00:32:53,588 [main] INFO  http.HttpServer2 (HttpServer2.java:addGlobalFilter(975)) - Added global filter 'safety' (class=org.apache.hadoop.http.HttpServer2$QuotingInputFilter)
2019-11-14 00:32:53,588 [main] INFO  http.HttpServer2 (HttpServer2.java:addFilter(948)) - Added filter static_user_filter (class=org.apache.hadoop.http.lib.StaticUserWebFilter$StaticUserFilter) to context hddsDatanode
2019-11-14 00:32:53,589 [main] INFO  http.HttpServer2 (HttpServer2.java:addFilter(958)) - Added filter static_user_filter (class=org.apache.hadoop.http.lib.StaticUserWebFilter$StaticUserFilter) to context logs
2019-11-14 00:32:53,589 [main] INFO  http.HttpServer2 (HttpServer2.java:addFilter(958)) - Added filter static_user_filter (class=org.apache.hadoop.http.lib.StaticUserWebFilter$StaticUserFilter) to context static
2019-11-14 00:32:53,589 [main] INFO  http.HttpServer2 (HttpServer2.java:bindListener(1191)) - Jetty bound to port 46083
2019-11-14 00:32:53,590 [main] INFO  server.Server (Server.java:doStart(351)) - jetty-9.3.25.v20180904, build timestamp: 2018-09-04T21:11:46Z, git hash: 3ce520221d0240229c862b122d2b06c12a625732
2019-11-14 00:32:53,591 [main] INFO  handler.ContextHandler (ContextHandler.java:doStart(781)) - Started o.e.j.s.ServletContextHandler@74606204{/logs,file:///workdir/hadoop-ozone/integration-test/target/log,AVAILABLE}
2019-11-14 00:32:53,592 [main] INFO  handler.ContextHandler (ContextHandler.java:doStart(781)) - Started o.e.j.s.ServletContextHandler@d4df0e{/static,jar:file:/home/user/.m2/repository/org/apache/hadoop/hadoop-hdds-container-service/0.5.0-SNAPSHOT/hadoop-hdds-container-service-0.5.0-SNAPSHOT.jar!/webapps/static,AVAILABLE}
2019-11-14 00:32:53,622 [main] INFO  handler.ContextHandler (ContextHandler.java:doStart(781)) - Started o.e.j.w.WebAppContext@343e225a{/,file:///tmp/jetty-0.0.0.0-46083-hddsDatanode-_-any-8190028687497212477.dir/webapp/,AVAILABLE}{/hddsDatanode}
2019-11-14 00:32:53,622 [main] INFO  server.AbstractConnector (AbstractConnector.java:doStart(278)) - Started ServerConnector@1a07bf6{HTTP/1.1,[http/1.1]}{0.0.0.0:46083}
2019-11-14 00:32:53,623 [main] INFO  server.Server (Server.java:doStart(419)) - Started @205304ms
2019-11-14 00:32:53,623 [main] WARN  impl.MetricsSystemImpl (MetricsSystemImpl.java:register(276)) - Sink prometheus already exists!
2019-11-14 00:32:53,624 [main] INFO  server.BaseHttpServer (BaseHttpServer.java:updateConnectorAddress(215)) - HTTP server of HDDSDATANODE is listening at http://0.0.0.0:46083
2019-11-14 00:32:53,625 [main] INFO  impl.MetricsSystemImpl (MetricsSystemImpl.java:init(158)) - HddsDatanode metrics system started (again)
2019-11-14 00:32:53,627 [org.apache.hadoop.util.JvmPauseMonitor$Monitor@672a3f3c] INFO  util.JvmPauseMonitor (JvmPauseMonitor.java:run(188)) - Starting JVM pause monitor
2019-11-14 00:32:53,628 [main] INFO  ozone.HddsDatanodeService (HddsDatanodeService.java:start(186)) - HddsDatanodeService host:pr-hdds-2474-ghsjm-2904119463 ip:192.168.34.25
2019-11-14 00:32:53,629 [Datanode State Machine Thread - 0] INFO  datanode.InitDatanodeState (InitDatanodeState.java:persistContainerDatanodeDetails(140)) - DatanodeDetails is persisted to /workdir/hadoop-ozone/integration-test/target/test-dir/MiniOzoneClusterImpl-60470fcf-478e-41fe-85ae-08a0494ed2ed/datanode-3/meta/datanode.id
2019-11-14 00:32:53,635 [main] INFO  volume.HddsVolume (HddsVolume.java:<init>(176)) - Creating Volume: /workdir/hadoop-ozone/integration-test/target/test-dir/MiniOzoneClusterImpl-60470fcf-478e-41fe-85ae-08a0494ed2ed/datanode-4/data/containers/hdds of  storage type : DISK and capacity : 1482555576320
2019-11-14 00:32:53,636 [main] INFO  volume.VolumeSet (VolumeSet.java:initializeVolumeSet(170)) - Added Volume : /workdir/hadoop-ozone/integration-test/target/test-dir/MiniOzoneClusterImpl-60470fcf-478e-41fe-85ae-08a0494ed2ed/datanode-4/data/containers/hdds to VolumeSet
2019-11-14 00:32:53,636 [main] INFO  volume.ThrottledAsyncChecker (ThrottledAsyncChecker.java:schedule(141)) - Scheduling a check for /workdir/hadoop-ozone/integration-test/target/test-dir/MiniOzoneClusterImpl-60470fcf-478e-41fe-85ae-08a0494ed2ed/datanode-4/data/containers/hdds
2019-11-14 00:32:53,636 [main] INFO  volume.HddsVolumeChecker (HddsVolumeChecker.java:checkAllVolumes(204)) - Scheduled health check for volume /workdir/hadoop-ozone/integration-test/target/test-dir/MiniOzoneClusterImpl-60470fcf-478e-41fe-85ae-08a0494ed2ed/datanode-4/data/containers/hdds
2019-11-14 00:32:53,652 [main] INFO  impl.RaftServerProxy (ConfUtils.java:logGet(43)) - raft.rpc.type = GRPC (default)
2019-11-14 00:32:53,653 [main] INFO  grpc.GrpcFactory (GrpcFactory.java:checkPooledByteBufAllocatorUseCacheForAllThreads(45)) - PERFORMANCE WARNING: useCacheForAllThreads is true that may cause Netty to create a lot garbage objects and, as a result, trigger GC.
	It is recommended to disable useCacheForAllThreads by setting -Dorg.apache.ratis.thirdparty.io.netty.allocator.useCacheForAllThreads=false in command line.
2019-11-14 00:32:53,653 [main] INFO  grpc.GrpcConfigKeys$Server (ConfUtils.java:logGet(43)) - raft.grpc.server.port = 0 (default)
2019-11-14 00:32:53,653 [main] INFO  server.GrpcService (ConfUtils.java:logGet(43)) - raft.grpc.message.size.max = 33570816 (custom)
2019-11-14 00:32:53,653 [main] INFO  server.RaftServerConfigKeys (ConfUtils.java:logGet(43)) - raft.server.log.appender.buffer.byte-limit = 33554432 (custom)
2019-11-14 00:32:53,653 [main] INFO  server.GrpcService (ConfUtils.java:logGet(43)) - raft.grpc.flow.control.window = 1MB (=1048576) (default)
2019-11-14 00:32:53,654 [main] INFO  server.RaftServerConfigKeys (ConfUtils.java:logGet(43)) - raft.server.rpc.request.timeout = 3000ms (default)
2019-11-14 00:32:53,654 [main] INFO  server.RaftServerConfigKeys (ConfUtils.java:logGet(43)) - raft.server.storage.dir = [/workdir/hadoop-ozone/integration-test/target/test-dir/MiniOzoneClusterImpl-60470fcf-478e-41fe-85ae-08a0494ed2ed/datanode-4/data/ratis] (custom)
2019-11-14 00:32:53,656 [main] INFO  hdfs.DFSUtil (DFSUtil.java:httpServerTemplateForNNAndJN(1641)) - Starting Web-server for hddsDatanode at: http://0.0.0.0:0
2019-11-14 00:32:53,657 [main] INFO  server.AuthenticationFilter (AuthenticationFilter.java:constructSecretProvider(240)) - Unable to initialize FileSignerSecretProvider, falling back to use random secrets.
2019-11-14 00:32:53,658 [main] WARN  http.HttpRequestLog (HttpRequestLog.java:getRequestLog(97)) - Jetty request log can only be enabled using Log4j
2019-11-14 00:32:53,660 [main] INFO  http.HttpServer2 (HttpServer2.java:addGlobalFilter(975)) - Added global filter 'safety' (class=org.apache.hadoop.http.HttpServer2$QuotingInputFilter)
2019-11-14 00:32:53,660 [main] INFO  http.HttpServer2 (HttpServer2.java:addFilter(948)) - Added filter static_user_filter (class=org.apache.hadoop.http.lib.StaticUserWebFilter$StaticUserFilter) to context hddsDatanode
2019-11-14 00:32:53,660 [main] INFO  http.HttpServer2 (HttpServer2.java:addFilter(958)) - Added filter static_user_filter (class=org.apache.hadoop.http.lib.StaticUserWebFilter$StaticUserFilter) to context static
2019-11-14 00:32:53,661 [main] INFO  http.HttpServer2 (HttpServer2.java:addFilter(958)) - Added filter static_user_filter (class=org.apache.hadoop.http.lib.StaticUserWebFilter$StaticUserFilter) to context logs
2019-11-14 00:32:53,662 [main] INFO  http.HttpServer2 (HttpServer2.java:bindListener(1191)) - Jetty bound to port 34686
2019-11-14 00:32:53,662 [main] INFO  server.Server (Server.java:doStart(351)) - jetty-9.3.25.v20180904, build timestamp: 2018-09-04T21:11:46Z, git hash: 3ce520221d0240229c862b122d2b06c12a625732
2019-11-14 00:32:53,664 [main] INFO  handler.ContextHandler (ContextHandler.java:doStart(781)) - Started o.e.j.s.ServletContextHandler@46e190ed{/logs,file:///workdir/hadoop-ozone/integration-test/target/log,AVAILABLE}
2019-11-14 00:32:53,664 [main] INFO  handler.ContextHandler (ContextHandler.java:doStart(781)) - Started o.e.j.s.ServletContextHandler@20ab76ee{/static,jar:file:/home/user/.m2/repository/org/apache/hadoop/hadoop-hdds-container-service/0.5.0-SNAPSHOT/hadoop-hdds-container-service-0.5.0-SNAPSHOT.jar!/webapps/static,AVAILABLE}
2019-11-14 00:32:53,700 [main] INFO  handler.ContextHandler (ContextHandler.java:doStart(781)) - Started o.e.j.w.WebAppContext@3520963d{/,file:///tmp/jetty-0.0.0.0-34686-hddsDatanode-_-any-5607146508487025222.dir/webapp/,AVAILABLE}{/hddsDatanode}
2019-11-14 00:32:53,700 [main] INFO  server.AbstractConnector (AbstractConnector.java:doStart(278)) - Started ServerConnector@388d14e{HTTP/1.1,[http/1.1]}{0.0.0.0:34686}
2019-11-14 00:32:53,701 [main] INFO  server.Server (Server.java:doStart(419)) - Started @205382ms
2019-11-14 00:32:53,701 [main] WARN  impl.MetricsSystemImpl (MetricsSystemImpl.java:register(276)) - Sink prometheus already exists!
2019-11-14 00:32:53,702 [main] INFO  server.BaseHttpServer (BaseHttpServer.java:updateConnectorAddress(215)) - HTTP server of HDDSDATANODE is listening at http://0.0.0.0:34686
2019-11-14 00:32:53,703 [main] INFO  impl.MetricsSystemImpl (MetricsSystemImpl.java:init(158)) - HddsDatanode metrics system started (again)
2019-11-14 00:32:53,706 [org.apache.hadoop.util.JvmPauseMonitor$Monitor@7a65a75] INFO  util.JvmPauseMonitor (JvmPauseMonitor.java:run(188)) - Starting JVM pause monitor
2019-11-14 00:32:53,707 [main] INFO  ozone.HddsDatanodeService (HddsDatanodeService.java:start(186)) - HddsDatanodeService host:pr-hdds-2474-ghsjm-2904119463 ip:192.168.34.25
2019-11-14 00:32:53,708 [Datanode State Machine Thread - 0] INFO  datanode.InitDatanodeState (InitDatanodeState.java:persistContainerDatanodeDetails(140)) - DatanodeDetails is persisted to /workdir/hadoop-ozone/integration-test/target/test-dir/MiniOzoneClusterImpl-60470fcf-478e-41fe-85ae-08a0494ed2ed/datanode-4/meta/datanode.id
2019-11-14 00:32:53,715 [main] INFO  volume.HddsVolume (HddsVolume.java:<init>(176)) - Creating Volume: /workdir/hadoop-ozone/integration-test/target/test-dir/MiniOzoneClusterImpl-60470fcf-478e-41fe-85ae-08a0494ed2ed/datanode-5/data/containers/hdds of  storage type : DISK and capacity : 1482555576320
2019-11-14 00:32:53,716 [main] INFO  volume.VolumeSet (VolumeSet.java:initializeVolumeSet(170)) - Added Volume : /workdir/hadoop-ozone/integration-test/target/test-dir/MiniOzoneClusterImpl-60470fcf-478e-41fe-85ae-08a0494ed2ed/datanode-5/data/containers/hdds to VolumeSet
2019-11-14 00:32:53,716 [main] INFO  volume.ThrottledAsyncChecker (ThrottledAsyncChecker.java:schedule(141)) - Scheduling a check for /workdir/hadoop-ozone/integration-test/target/test-dir/MiniOzoneClusterImpl-60470fcf-478e-41fe-85ae-08a0494ed2ed/datanode-5/data/containers/hdds
2019-11-14 00:32:53,717 [main] INFO  volume.HddsVolumeChecker (HddsVolumeChecker.java:checkAllVolumes(204)) - Scheduled health check for volume /workdir/hadoop-ozone/integration-test/target/test-dir/MiniOzoneClusterImpl-60470fcf-478e-41fe-85ae-08a0494ed2ed/datanode-5/data/containers/hdds
2019-11-14 00:32:53,734 [main] INFO  impl.RaftServerProxy (ConfUtils.java:logGet(43)) - raft.rpc.type = GRPC (default)
2019-11-14 00:32:53,734 [main] INFO  grpc.GrpcFactory (GrpcFactory.java:checkPooledByteBufAllocatorUseCacheForAllThreads(45)) - PERFORMANCE WARNING: useCacheForAllThreads is true that may cause Netty to create a lot garbage objects and, as a result, trigger GC.
	It is recommended to disable useCacheForAllThreads by setting -Dorg.apache.ratis.thirdparty.io.netty.allocator.useCacheForAllThreads=false in command line.
2019-11-14 00:32:53,734 [main] INFO  grpc.GrpcConfigKeys$Server (ConfUtils.java:logGet(43)) - raft.grpc.server.port = 0 (default)
2019-11-14 00:32:53,735 [main] INFO  server.GrpcService (ConfUtils.java:logGet(43)) - raft.grpc.message.size.max = 33570816 (custom)
2019-11-14 00:32:53,735 [main] INFO  server.RaftServerConfigKeys (ConfUtils.java:logGet(43)) - raft.server.log.appender.buffer.byte-limit = 33554432 (custom)
2019-11-14 00:32:53,735 [main] INFO  server.GrpcService (ConfUtils.java:logGet(43)) - raft.grpc.flow.control.window = 1MB (=1048576) (default)
2019-11-14 00:32:53,735 [main] INFO  server.RaftServerConfigKeys (ConfUtils.java:logGet(43)) - raft.server.rpc.request.timeout = 3000ms (default)
2019-11-14 00:32:53,736 [main] INFO  server.RaftServerConfigKeys (ConfUtils.java:logGet(43)) - raft.server.storage.dir = [/workdir/hadoop-ozone/integration-test/target/test-dir/MiniOzoneClusterImpl-60470fcf-478e-41fe-85ae-08a0494ed2ed/datanode-5/data/ratis] (custom)
2019-11-14 00:32:53,740 [main] INFO  hdfs.DFSUtil (DFSUtil.java:httpServerTemplateForNNAndJN(1641)) - Starting Web-server for hddsDatanode at: http://0.0.0.0:0
2019-11-14 00:32:53,746 [main] INFO  server.AuthenticationFilter (AuthenticationFilter.java:constructSecretProvider(240)) - Unable to initialize FileSignerSecretProvider, falling back to use random secrets.
2019-11-14 00:32:53,747 [main] WARN  http.HttpRequestLog (HttpRequestLog.java:getRequestLog(97)) - Jetty request log can only be enabled using Log4j
2019-11-14 00:32:53,749 [main] INFO  http.HttpServer2 (HttpServer2.java:addGlobalFilter(975)) - Added global filter 'safety' (class=org.apache.hadoop.http.HttpServer2$QuotingInputFilter)
2019-11-14 00:32:53,749 [main] INFO  http.HttpServer2 (HttpServer2.java:addFilter(948)) - Added filter static_user_filter (class=org.apache.hadoop.http.lib.StaticUserWebFilter$StaticUserFilter) to context hddsDatanode
2019-11-14 00:32:53,749 [main] INFO  http.HttpServer2 (HttpServer2.java:addFilter(958)) - Added filter static_user_filter (class=org.apache.hadoop.http.lib.StaticUserWebFilter$StaticUserFilter) to context logs
2019-11-14 00:32:53,750 [main] INFO  http.HttpServer2 (HttpServer2.java:addFilter(958)) - Added filter static_user_filter (class=org.apache.hadoop.http.lib.StaticUserWebFilter$StaticUserFilter) to context static
2019-11-14 00:32:53,751 [main] INFO  http.HttpServer2 (HttpServer2.java:bindListener(1191)) - Jetty bound to port 43492
2019-11-14 00:32:53,751 [main] INFO  server.Server (Server.java:doStart(351)) - jetty-9.3.25.v20180904, build timestamp: 2018-09-04T21:11:46Z, git hash: 3ce520221d0240229c862b122d2b06c12a625732
2019-11-14 00:32:53,753 [main] INFO  handler.ContextHandler (ContextHandler.java:doStart(781)) - Started o.e.j.s.ServletContextHandler@f438904{/logs,file:///workdir/hadoop-ozone/integration-test/target/log,AVAILABLE}
2019-11-14 00:32:53,753 [main] INFO  handler.ContextHandler (ContextHandler.java:doStart(781)) - Started o.e.j.s.ServletContextHandler@18d003cd{/static,jar:file:/home/user/.m2/repository/org/apache/hadoop/hadoop-hdds-container-service/0.5.0-SNAPSHOT/hadoop-hdds-container-service-0.5.0-SNAPSHOT.jar!/webapps/static,AVAILABLE}
2019-11-14 00:32:53,795 [main] INFO  handler.ContextHandler (ContextHandler.java:doStart(781)) - Started o.e.j.w.WebAppContext@4ed9f7b1{/,file:///tmp/jetty-0.0.0.0-43492-hddsDatanode-_-any-4021224682061418449.dir/webapp/,AVAILABLE}{/hddsDatanode}
2019-11-14 00:32:53,796 [main] INFO  server.AbstractConnector (AbstractConnector.java:doStart(278)) - Started ServerConnector@2d119405{HTTP/1.1,[http/1.1]}{0.0.0.0:43492}
2019-11-14 00:32:53,799 [main] INFO  server.Server (Server.java:doStart(419)) - Started @205481ms
2019-11-14 00:32:53,800 [main] WARN  impl.MetricsSystemImpl (MetricsSystemImpl.java:register(276)) - Sink prometheus already exists!
2019-11-14 00:32:53,801 [main] INFO  server.BaseHttpServer (BaseHttpServer.java:updateConnectorAddress(215)) - HTTP server of HDDSDATANODE is listening at http://0.0.0.0:43492
2019-11-14 00:32:53,801 [main] INFO  ozone.MiniOzoneClusterImpl (MiniOzoneClusterImpl.java:lambda$waitForClusterToBeReady$2(171)) - Waiting for cluster to be ready. Got 0 of 6 DN Heartbeats.
2019-11-14 00:32:53,802 [org.apache.hadoop.util.JvmPauseMonitor$Monitor@330060ba] INFO  util.JvmPauseMonitor (JvmPauseMonitor.java:run(188)) - Starting JVM pause monitor
2019-11-14 00:32:53,805 [Datanode State Machine Thread - 0] INFO  datanode.InitDatanodeState (InitDatanodeState.java:persistContainerDatanodeDetails(140)) - DatanodeDetails is persisted to /workdir/hadoop-ozone/integration-test/target/test-dir/MiniOzoneClusterImpl-60470fcf-478e-41fe-85ae-08a0494ed2ed/datanode-5/meta/datanode.id
2019-11-14 00:32:54,802 [main] INFO  ozone.MiniOzoneClusterImpl (MiniOzoneClusterImpl.java:lambda$waitForClusterToBeReady$2(171)) - Waiting for cluster to be ready. Got 0 of 6 DN Heartbeats.
2019-11-14 00:32:55,430 [Datanode State Machine Thread - 0] INFO  ozoneimpl.OzoneContainer (OzoneContainer.java:start(230)) - Attempting to start container services.
2019-11-14 00:32:55,432 [Datanode State Machine Thread - 0] INFO  ozoneimpl.OzoneContainer (OzoneContainer.java:startContainerScrub(194)) - Background container scanner has been disabled.
2019-11-14 00:32:55,432 [Datanode State Machine Thread - 0] INFO  ratis.XceiverServerRatis (XceiverServerRatis.java:start(421)) - Starting XceiverServerRatis 75a811de-d3cd-4e06-b16e-b70ad37a4427 at port 0
2019-11-14 00:32:55,439 [Datanode State Machine Thread - 0] INFO  impl.RaftServerProxy (RaftServerProxy.java:lambda$start$3(299)) - 75a811de-d3cd-4e06-b16e-b70ad37a4427: start RPC server
2019-11-14 00:32:55,443 [Datanode State Machine Thread - 0] INFO  server.GrpcService (GrpcService.java:startImpl(158)) - 75a811de-d3cd-4e06-b16e-b70ad37a4427: GrpcService started, listening on 0.0.0.0/0.0.0.0:45226
2019-11-14 00:32:55,443 [Datanode State Machine Thread - 0] INFO  ratis.XceiverServerRatis (XceiverServerRatis.java:start(431)) - XceiverServerRatis 75a811de-d3cd-4e06-b16e-b70ad37a4427 is started using port 45226
2019-11-14 00:32:55,443 [Datanode State Machine Thread - 0] INFO  server.XceiverServerGrpc (XceiverServerGrpc.java:start(145)) - XceiverServerGrpc 75a811de-d3cd-4e06-b16e-b70ad37a4427 is started using port 32825
2019-11-14 00:32:55,497 [Datanode State Machine Thread - 0] INFO  ozoneimpl.OzoneContainer (OzoneContainer.java:start(230)) - Attempting to start container services.
2019-11-14 00:32:55,497 [Datanode State Machine Thread - 0] INFO  ozoneimpl.OzoneContainer (OzoneContainer.java:startContainerScrub(194)) - Background container scanner has been disabled.
2019-11-14 00:32:55,497 [Datanode State Machine Thread - 0] INFO  ratis.XceiverServerRatis (XceiverServerRatis.java:start(421)) - Starting XceiverServerRatis c0a90149-7086-438b-b575-a58c52a879cd at port 0
2019-11-14 00:32:55,504 [Datanode State Machine Thread - 0] INFO  impl.RaftServerProxy (RaftServerProxy.java:lambda$start$3(299)) - c0a90149-7086-438b-b575-a58c52a879cd: start RPC server
2019-11-14 00:32:55,504 [Datanode State Machine Thread - 0] INFO  server.GrpcService (GrpcService.java:startImpl(158)) - c0a90149-7086-438b-b575-a58c52a879cd: GrpcService started, listening on 0.0.0.0/0.0.0.0:33958
2019-11-14 00:32:55,505 [Datanode State Machine Thread - 0] INFO  ratis.XceiverServerRatis (XceiverServerRatis.java:start(431)) - XceiverServerRatis c0a90149-7086-438b-b575-a58c52a879cd is started using port 33958
2019-11-14 00:32:55,506 [Datanode State Machine Thread - 0] INFO  server.XceiverServerGrpc (XceiverServerGrpc.java:start(145)) - XceiverServerGrpc c0a90149-7086-438b-b575-a58c52a879cd is started using port 40226
2019-11-14 00:32:55,577 [Datanode State Machine Thread - 0] INFO  ozoneimpl.OzoneContainer (OzoneContainer.java:start(230)) - Attempting to start container services.
2019-11-14 00:32:55,577 [Datanode State Machine Thread - 0] INFO  ozoneimpl.OzoneContainer (OzoneContainer.java:startContainerScrub(194)) - Background container scanner has been disabled.
2019-11-14 00:32:55,577 [Datanode State Machine Thread - 0] INFO  ratis.XceiverServerRatis (XceiverServerRatis.java:start(421)) - Starting XceiverServerRatis 82068b54-9744-4929-951d-196898e4ec33 at port 0
2019-11-14 00:32:55,582 [Datanode State Machine Thread - 0] INFO  impl.RaftServerProxy (RaftServerProxy.java:lambda$start$3(299)) - 82068b54-9744-4929-951d-196898e4ec33: start RPC server
2019-11-14 00:32:55,583 [Datanode State Machine Thread - 0] INFO  server.GrpcService (GrpcService.java:startImpl(158)) - 82068b54-9744-4929-951d-196898e4ec33: GrpcService started, listening on 0.0.0.0/0.0.0.0:45067
2019-11-14 00:32:55,583 [Datanode State Machine Thread - 0] INFO  ratis.XceiverServerRatis (XceiverServerRatis.java:start(431)) - XceiverServerRatis 82068b54-9744-4929-951d-196898e4ec33 is started using port 45067
2019-11-14 00:32:55,585 [Datanode State Machine Thread - 0] INFO  server.XceiverServerGrpc (XceiverServerGrpc.java:start(145)) - XceiverServerGrpc 82068b54-9744-4929-951d-196898e4ec33 is started using port 37373
2019-11-14 00:32:55,643 [Datanode State Machine Thread - 0] INFO  ozoneimpl.OzoneContainer (OzoneContainer.java:start(230)) - Attempting to start container services.
2019-11-14 00:32:55,643 [Datanode State Machine Thread - 0] INFO  ozoneimpl.OzoneContainer (OzoneContainer.java:startContainerScrub(194)) - Background container scanner has been disabled.
2019-11-14 00:32:55,643 [Datanode State Machine Thread - 0] INFO  ratis.XceiverServerRatis (XceiverServerRatis.java:start(421)) - Starting XceiverServerRatis 599e9361-b00a-4387-8c81-1beb440b27b2 at port 0
2019-11-14 00:32:55,650 [Datanode State Machine Thread - 0] INFO  impl.RaftServerProxy (RaftServerProxy.java:lambda$start$3(299)) - 599e9361-b00a-4387-8c81-1beb440b27b2: start RPC server
2019-11-14 00:32:55,651 [Datanode State Machine Thread - 0] INFO  server.GrpcService (GrpcService.java:startImpl(158)) - 599e9361-b00a-4387-8c81-1beb440b27b2: GrpcService started, listening on 0.0.0.0/0.0.0.0:40470
2019-11-14 00:32:55,651 [Datanode State Machine Thread - 0] INFO  ratis.XceiverServerRatis (XceiverServerRatis.java:start(431)) - XceiverServerRatis 599e9361-b00a-4387-8c81-1beb440b27b2 is started using port 40470
2019-11-14 00:32:55,651 [Datanode State Machine Thread - 0] INFO  server.XceiverServerGrpc (XceiverServerGrpc.java:start(145)) - XceiverServerGrpc 599e9361-b00a-4387-8c81-1beb440b27b2 is started using port 36269
2019-11-14 00:32:55,721 [Datanode State Machine Thread - 0] INFO  ozoneimpl.OzoneContainer (OzoneContainer.java:start(230)) - Attempting to start container services.
2019-11-14 00:32:55,721 [Datanode State Machine Thread - 0] INFO  ozoneimpl.OzoneContainer (OzoneContainer.java:startContainerScrub(194)) - Background container scanner has been disabled.
2019-11-14 00:32:55,722 [Datanode State Machine Thread - 0] INFO  ratis.XceiverServerRatis (XceiverServerRatis.java:start(421)) - Starting XceiverServerRatis c7c4673b-1be2-45f8-9c29-c9228fccc788 at port 0
2019-11-14 00:32:55,728 [Datanode State Machine Thread - 0] INFO  impl.RaftServerProxy (RaftServerProxy.java:lambda$start$3(299)) - c7c4673b-1be2-45f8-9c29-c9228fccc788: start RPC server
2019-11-14 00:32:55,729 [Datanode State Machine Thread - 0] INFO  server.GrpcService (GrpcService.java:startImpl(158)) - c7c4673b-1be2-45f8-9c29-c9228fccc788: GrpcService started, listening on 0.0.0.0/0.0.0.0:39151
2019-11-14 00:32:55,729 [Datanode State Machine Thread - 0] INFO  ratis.XceiverServerRatis (XceiverServerRatis.java:start(431)) - XceiverServerRatis c7c4673b-1be2-45f8-9c29-c9228fccc788 is started using port 39151
2019-11-14 00:32:55,730 [Datanode State Machine Thread - 0] INFO  server.XceiverServerGrpc (XceiverServerGrpc.java:start(145)) - XceiverServerGrpc c7c4673b-1be2-45f8-9c29-c9228fccc788 is started using port 37881
2019-11-14 00:32:55,802 [main] INFO  ozone.MiniOzoneClusterImpl (MiniOzoneClusterImpl.java:lambda$waitForClusterToBeReady$2(171)) - Waiting for cluster to be ready. Got 0 of 6 DN Heartbeats.
2019-11-14 00:32:55,817 [Datanode State Machine Thread - 0] INFO  ozoneimpl.OzoneContainer (OzoneContainer.java:start(230)) - Attempting to start container services.
2019-11-14 00:32:55,817 [Datanode State Machine Thread - 0] INFO  ozoneimpl.OzoneContainer (OzoneContainer.java:startContainerScrub(194)) - Background container scanner has been disabled.
2019-11-14 00:32:55,818 [Datanode State Machine Thread - 0] INFO  ratis.XceiverServerRatis (XceiverServerRatis.java:start(421)) - Starting XceiverServerRatis 4b7ea911-6ec4-41f6-86c3-8c310b409e67 at port 0
2019-11-14 00:32:55,825 [Datanode State Machine Thread - 0] INFO  impl.RaftServerProxy (RaftServerProxy.java:lambda$start$3(299)) - 4b7ea911-6ec4-41f6-86c3-8c310b409e67: start RPC server
2019-11-14 00:32:55,826 [Datanode State Machine Thread - 0] INFO  server.GrpcService (GrpcService.java:startImpl(158)) - 4b7ea911-6ec4-41f6-86c3-8c310b409e67: GrpcService started, listening on 0.0.0.0/0.0.0.0:41710
2019-11-14 00:32:55,826 [Datanode State Machine Thread - 0] INFO  ratis.XceiverServerRatis (XceiverServerRatis.java:start(431)) - XceiverServerRatis 4b7ea911-6ec4-41f6-86c3-8c310b409e67 is started using port 41710
2019-11-14 00:32:55,828 [Datanode State Machine Thread - 0] INFO  server.XceiverServerGrpc (XceiverServerGrpc.java:start(145)) - XceiverServerGrpc 4b7ea911-6ec4-41f6-86c3-8c310b409e67 is started using port 45937
2019-11-14 00:32:56,803 [main] INFO  ozone.MiniOzoneClusterImpl (MiniOzoneClusterImpl.java:lambda$waitForClusterToBeReady$2(171)) - Waiting for cluster to be ready. Got 0 of 6 DN Heartbeats.
2019-11-14 00:32:57,403 [IPC Server handler 0 on 42736] INFO  net.NetworkTopology (NetworkTopologyImpl.java:add(111)) - Added a new node: /default-rack/75a811de-d3cd-4e06-b16e-b70ad37a4427
2019-11-14 00:32:57,405 [IPC Server handler 0 on 42736] INFO  node.SCMNodeManager (SCMNodeManager.java:register(267)) - Registered Data node : 75a811de-d3cd-4e06-b16e-b70ad37a4427{ip: 192.168.34.25, host: pr-hdds-2474-ghsjm-2904119463, networkLocation: /default-rack, certSerialId: null}
2019-11-14 00:32:57,405 [EventQueue-NodeRegistrationContainerReportForDataNodeSafeModeRule] INFO  safemode.SCMSafeModeManager (DataNodeSafeModeRule.java:process(71)) - SCM in safe mode. 1 DataNodes registered, 1 required.
2019-11-14 00:32:57,407 [EventQueue-NodeRegistrationContainerReportForDataNodeSafeModeRule] INFO  safemode.SCMSafeModeManager (SCMSafeModeManager.java:validateSafeModeExitRules(177)) - ScmSafeModeManager, all rules are successfully validated
2019-11-14 00:32:57,407 [EventQueue-NodeRegistrationContainerReportForDataNodeSafeModeRule] INFO  safemode.SCMSafeModeManager (SCMSafeModeManager.java:exitSafeMode(193)) - SCM exiting safe mode.
2019-11-14 00:32:57,425 [grpc-default-executor-17] INFO  impl.RaftServerProxy (RaftServerProxy.java:addNew(89)) - 75a811de-d3cd-4e06-b16e-b70ad37a4427: addNew group-686B42CD3298:[75a811de-d3cd-4e06-b16e-b70ad37a4427:192.168.34.25:45226] returns group-686B42CD3298:java.util.concurrent.CompletableFuture@70b7d830[Not completed]
2019-11-14 00:32:57,427 [pool-153-thread-1] INFO  impl.RaftServerImpl (RaftServerImpl.java:<init>(98)) - 75a811de-d3cd-4e06-b16e-b70ad37a4427: new RaftServerImpl for group-686B42CD3298:[75a811de-d3cd-4e06-b16e-b70ad37a4427:192.168.34.25:45226] with ContainerStateMachine:uninitialized
2019-11-14 00:32:57,427 [pool-153-thread-1] INFO  server.RaftServerConfigKeys (ConfUtils.java:logGet(43)) - raft.server.rpc.timeout.min = 1s (custom)
2019-11-14 00:32:57,427 [pool-153-thread-1] INFO  server.RaftServerConfigKeys (ConfUtils.java:logGet(43)) - raft.server.rpc.timeout.max = 1200ms (custom)
2019-11-14 00:32:57,428 [pool-153-thread-1] INFO  server.RaftServerConfigKeys (ConfUtils.java:logGet(43)) - raft.server.rpcslowness.timeout = 120s (custom)
2019-11-14 00:32:57,428 [pool-153-thread-1] INFO  server.RaftServerConfigKeys (ConfUtils.java:logGet(43)) - raft.server.sleep.deviation.threshold = 300 (default)
2019-11-14 00:32:57,428 [pool-153-thread-1] INFO  server.RaftServerConfigKeys (ConfUtils.java:logGet(43)) - raft.server.log.appender.install.snapshot.enabled = false (custom)
2019-11-14 00:32:57,428 [pool-153-thread-1] INFO  impl.RaftServerImpl (ServerState.java:<init>(103)) - 75a811de-d3cd-4e06-b16e-b70ad37a4427@group-686B42CD3298: ConfigurationManager, init=-1: [75a811de-d3cd-4e06-b16e-b70ad37a4427:192.168.34.25:45226], old=null, confs=<EMPTY_MAP>
2019-11-14 00:32:57,428 [pool-153-thread-1] INFO  server.RaftServerConfigKeys (ConfUtils.java:logGet(43)) - raft.server.storage.dir = [/workdir/hadoop-ozone/integration-test/target/test-dir/MiniOzoneClusterImpl-60470fcf-478e-41fe-85ae-08a0494ed2ed/datanode-0/data/ratis] (custom)
2019-11-14 00:32:57,429 [pool-153-thread-1] INFO  server.RaftServerConfigKeys (ConfUtils.java:logGet(43)) - raft.server.log.corruption.policy = EXCEPTION (default)
2019-11-14 00:32:57,429 [pool-153-thread-1] INFO  storage.RaftStorageDirectory (RaftStorageDirectory.java:analyzeStorage(246)) - The storage directory /workdir/hadoop-ozone/integration-test/target/test-dir/MiniOzoneClusterImpl-60470fcf-478e-41fe-85ae-08a0494ed2ed/datanode-0/data/ratis/8051068c-611d-4547-a1d1-686b42cd3298 does not exist. Creating ...
2019-11-14 00:32:57,459 [pool-153-thread-1] INFO  storage.RaftStorageDirectory (RaftStorageDirectory.java:tryLock(328)) - Lock on /workdir/hadoop-ozone/integration-test/target/test-dir/MiniOzoneClusterImpl-60470fcf-478e-41fe-85ae-08a0494ed2ed/datanode-0/data/ratis/8051068c-611d-4547-a1d1-686b42cd3298/in_use.lock acquired by nodename 4274@pr-hdds-2474-ghsjm-2904119463
2019-11-14 00:32:57,472 [pool-153-thread-1] INFO  storage.RaftStorage (RaftStorage.java:format(84)) - Storage directory /workdir/hadoop-ozone/integration-test/target/test-dir/MiniOzoneClusterImpl-60470fcf-478e-41fe-85ae-08a0494ed2ed/datanode-0/data/ratis/8051068c-611d-4547-a1d1-686b42cd3298 has been successfully formatted.
2019-11-14 00:32:57,472 [pool-153-thread-1] INFO  ratis.ContainerStateMachine (ContainerStateMachine.java:loadSnapshot(223)) - group-686B42CD3298: The snapshot info is null. Setting the last applied indexto:(t:0, i:~)
2019-11-14 00:32:57,472 [pool-153-thread-1] INFO  server.RaftServerConfigKeys (ConfUtils.java:logGet(43)) - raft.server.notification.no-leader.timeout = 120s (custom)
2019-11-14 00:32:57,473 [pool-153-thread-1] INFO  server.RaftServerConfigKeys (ConfUtils.java:logGet(43)) - raft.server.log.use.memory = false (default)
2019-11-14 00:32:57,473 [pool-153-thread-1] INFO  server.RaftServerConfigKeys (ConfUtils.java:logGet(43)) - raft.server.log.purge.gap = 1000000 (custom)
2019-11-14 00:32:57,473 [pool-153-thread-1] INFO  server.RaftServerConfigKeys (ConfUtils.java:logGet(43)) - raft.server.log.appender.buffer.byte-limit = 33554432 (custom)
2019-11-14 00:32:57,473 [pool-153-thread-1] INFO  server.RaftServerConfigKeys (ConfUtils.java:logGet(43)) - raft.server.log.segment.size.max = 1048576 (custom)
2019-11-14 00:32:57,473 [pool-153-thread-1] WARN  impl.MetricRegistriesImpl (MetricRegistriesImpl.java:lambda$create$1(61)) - First MetricRegistry has been created without registering reporters. You may need to call MetricRegistries.global().addReportRegistration(...) before.
2019-11-14 00:32:57,473 [pool-153-thread-1] INFO  server.RaftServerConfigKeys (ConfUtils.java:logGet(43)) - raft.server.log.segment.cache.num.max = 2 (custom)
2019-11-14 00:32:57,474 [pool-153-thread-1] INFO  segmented.SegmentedRaftLogWorker (SegmentedRaftLogWorker.java:<init>(173)) - new 75a811de-d3cd-4e06-b16e-b70ad37a4427@group-686B42CD3298-SegmentedRaftLogWorker for RaftStorage:Storage Directory /workdir/hadoop-ozone/integration-test/target/test-dir/MiniOzoneClusterImpl-60470fcf-478e-41fe-85ae-08a0494ed2ed/datanode-0/data/ratis/8051068c-611d-4547-a1d1-686b42cd3298
2019-11-14 00:32:57,474 [pool-153-thread-1] INFO  server.RaftServerConfigKeys (ConfUtils.java:logGet(43)) - raft.server.log.queue.byte-limit = 2147483647 (custom)
2019-11-14 00:32:57,474 [pool-153-thread-1] INFO  server.RaftServerConfigKeys (ConfUtils.java:logGet(43)) - raft.server.log.queue.element-limit = 1024 (custom)
2019-11-14 00:32:57,474 [pool-153-thread-1] INFO  server.RaftServerConfigKeys (ConfUtils.java:logGet(43)) - raft.server.log.segment.size.max = 1048576 (custom)
2019-11-14 00:32:57,474 [pool-153-thread-1] INFO  server.RaftServerConfigKeys (ConfUtils.java:logGet(43)) - raft.server.log.preallocated.size = 16384 (custom)
2019-11-14 00:32:57,474 [pool-153-thread-1] INFO  server.RaftServerConfigKeys (ConfUtils.java:logGet(43)) - raft.server.log.write.buffer.size = 33554432 (custom)
2019-11-14 00:32:57,474 [pool-153-thread-1] INFO  server.RaftServerConfigKeys (ConfUtils.java:logGet(43)) - raft.server.log.force.sync.num = 128 (default)
2019-11-14 00:32:57,474 [pool-153-thread-1] INFO  server.RaftServerConfigKeys (ConfUtils.java:logGet(43)) - raft.server.log.statemachine.data.sync = true (default)
2019-11-14 00:32:57,474 [pool-153-thread-1] INFO  server.RaftServerConfigKeys (ConfUtils.java:logGet(43)) - raft.server.log.statemachine.data.sync.timeout = 10s (default)
2019-11-14 00:32:57,474 [pool-153-thread-1] INFO  server.RaftServerConfigKeys (ConfUtils.java:logGet(43)) - raft.server.log.statemachine.data.sync.timeout.retry = -1 (default)
2019-11-14 00:32:57,475 [pool-153-thread-1] INFO  server.RaftServerConfigKeys (ConfUtils.java:logGet(43)) - raft.server.log.statemachine.data.caching.enabled = true (custom)
2019-11-14 00:32:57,475 [pool-153-thread-1] INFO  segmented.SegmentedRaftLogWorker (SegmentedRaftLogWorker.java:lambda$new$0(128)) - 75a811de-d3cd-4e06-b16e-b70ad37a4427@group-686B42CD3298-SegmentedRaftLogWorker: flushIndex: setUnconditionally 0 -> -1
2019-11-14 00:32:57,475 [pool-153-thread-1] INFO  server.RaftServerConfigKeys (ConfUtils.java:logGet(43)) - raft.server.snapshot.auto.trigger.enabled = true (custom)
2019-11-14 00:32:57,476 [pool-153-thread-1] INFO  server.RaftServerConfigKeys (ConfUtils.java:logGet(43)) - raft.server.snapshot.auto.trigger.threshold = 10000 (custom)
2019-11-14 00:32:57,476 [pool-153-thread-1] INFO  server.RaftServerConfigKeys (ConfUtils.java:logGet(43)) - raft.server.snapshot.retention.file.num = 5 (custom)
2019-11-14 00:32:57,476 [pool-153-thread-1] INFO  server.RaftServerConfigKeys (ConfUtils.java:logGet(43)) - raft.server.retrycache.expirytime = 600000ms (custom)
2019-11-14 00:32:57,476 [pool-153-thread-1] WARN  impl.MetricRegistriesImpl (MetricRegistriesImpl.java:lambda$create$1(61)) - First MetricRegistry has been created without registering reporters. You may need to call MetricRegistries.global().addReportRegistration(...) before.
2019-11-14 00:32:57,476 [pool-153-thread-1] WARN  impl.MetricRegistriesImpl (MetricRegistriesImpl.java:lambda$create$1(61)) - First MetricRegistry has been created without registering reporters. You may need to call MetricRegistries.global().addReportRegistration(...) before.
2019-11-14 00:32:57,477 [pool-153-thread-1] INFO  impl.RaftServerImpl (RaftServerImpl.java:start(184)) - 75a811de-d3cd-4e06-b16e-b70ad37a4427@group-686B42CD3298: start as a follower, conf=-1: [75a811de-d3cd-4e06-b16e-b70ad37a4427:192.168.34.25:45226], old=null
2019-11-14 00:32:57,477 [pool-153-thread-1] INFO  impl.RaftServerImpl (RaftServerImpl.java:setRole(173)) - 75a811de-d3cd-4e06-b16e-b70ad37a4427@group-686B42CD3298: changes role from      null to FOLLOWER at term 0 for startAsFollower
2019-11-14 00:32:57,477 [pool-153-thread-1] INFO  impl.RoleInfo (RoleInfo.java:updateAndGet(143)) - 75a811de-d3cd-4e06-b16e-b70ad37a4427: start FollowerState
2019-11-14 00:32:57,478 [pool-153-thread-1] INFO  util.JmxRegister (JmxRegister.java:tryRegister(44)) - Successfully registered JMX Bean with object name Ratis:service=RaftServer,group=group-686B42CD3298,id=75a811de-d3cd-4e06-b16e-b70ad37a4427
2019-11-14 00:32:57,478 [pool-153-thread-1] WARN  impl.MetricRegistriesImpl (MetricRegistriesImpl.java:lambda$create$1(61)) - First MetricRegistry has been created without registering reporters. You may need to call MetricRegistries.global().addReportRegistration(...) before.
2019-11-14 00:32:57,482 [IPC Server handler 1 on 42736] INFO  net.NetworkTopology (NetworkTopologyImpl.java:add(111)) - Added a new node: /default-rack/c0a90149-7086-438b-b575-a58c52a879cd
2019-11-14 00:32:57,482 [RatisPipelineUtilsThread] INFO  pipeline.PipelineStateManager (PipelineStateManager.java:addPipeline(55)) - Created pipeline Pipeline[ Id: 8051068c-611d-4547-a1d1-686b42cd3298, Nodes: 75a811de-d3cd-4e06-b16e-b70ad37a4427{ip: 192.168.34.25, host: pr-hdds-2474-ghsjm-2904119463, networkLocation: /default-rack, certSerialId: null}, Type:RATIS, Factor:ONE, State:ALLOCATED]
2019-11-14 00:32:57,482 [IPC Server handler 1 on 42736] INFO  node.SCMNodeManager (SCMNodeManager.java:register(267)) - Registered Data node : c0a90149-7086-438b-b575-a58c52a879cd{ip: 192.168.34.25, host: pr-hdds-2474-ghsjm-2904119463, networkLocation: /default-rack, certSerialId: null}
2019-11-14 00:32:57,496 [grpc-default-executor-17] INFO  impl.RaftServerProxy (RaftServerProxy.java:addNew(89)) - c0a90149-7086-438b-b575-a58c52a879cd: addNew group-D7A3DBBC2D0D:[c0a90149-7086-438b-b575-a58c52a879cd:192.168.34.25:33958] returns group-D7A3DBBC2D0D:java.util.concurrent.CompletableFuture@75f60786[Not completed]
2019-11-14 00:32:57,498 [pool-163-thread-1] INFO  impl.RaftServerImpl (RaftServerImpl.java:<init>(98)) - c0a90149-7086-438b-b575-a58c52a879cd: new RaftServerImpl for group-D7A3DBBC2D0D:[c0a90149-7086-438b-b575-a58c52a879cd:192.168.34.25:33958] with ContainerStateMachine:uninitialized
2019-11-14 00:32:57,498 [pool-163-thread-1] INFO  server.RaftServerConfigKeys (ConfUtils.java:logGet(43)) - raft.server.rpc.timeout.min = 1s (custom)
2019-11-14 00:32:57,498 [pool-163-thread-1] INFO  server.RaftServerConfigKeys (ConfUtils.java:logGet(43)) - raft.server.rpc.timeout.max = 1200ms (custom)
2019-11-14 00:32:57,498 [pool-163-thread-1] INFO  server.RaftServerConfigKeys (ConfUtils.java:logGet(43)) - raft.server.rpcslowness.timeout = 120s (custom)
2019-11-14 00:32:57,498 [pool-163-thread-1] INFO  server.RaftServerConfigKeys (ConfUtils.java:logGet(43)) - raft.server.sleep.deviation.threshold = 300 (default)
2019-11-14 00:32:57,498 [pool-163-thread-1] INFO  server.RaftServerConfigKeys (ConfUtils.java:logGet(43)) - raft.server.log.appender.install.snapshot.enabled = false (custom)
2019-11-14 00:32:57,498 [pool-163-thread-1] INFO  impl.RaftServerImpl (ServerState.java:<init>(103)) - c0a90149-7086-438b-b575-a58c52a879cd@group-D7A3DBBC2D0D: ConfigurationManager, init=-1: [c0a90149-7086-438b-b575-a58c52a879cd:192.168.34.25:33958], old=null, confs=<EMPTY_MAP>
2019-11-14 00:32:57,498 [pool-163-thread-1] INFO  server.RaftServerConfigKeys (ConfUtils.java:logGet(43)) - raft.server.storage.dir = [/workdir/hadoop-ozone/integration-test/target/test-dir/MiniOzoneClusterImpl-60470fcf-478e-41fe-85ae-08a0494ed2ed/datanode-1/data/ratis] (custom)
2019-11-14 00:32:57,498 [pool-163-thread-1] INFO  server.RaftServerConfigKeys (ConfUtils.java:logGet(43)) - raft.server.log.corruption.policy = EXCEPTION (default)
2019-11-14 00:32:57,499 [pool-163-thread-1] INFO  storage.RaftStorageDirectory (RaftStorageDirectory.java:analyzeStorage(246)) - The storage directory /workdir/hadoop-ozone/integration-test/target/test-dir/MiniOzoneClusterImpl-60470fcf-478e-41fe-85ae-08a0494ed2ed/datanode-1/data/ratis/871ac4ed-231d-469b-bd17-d7a3dbbc2d0d does not exist. Creating ...
2019-11-14 00:32:57,511 [pool-163-thread-1] INFO  storage.RaftStorageDirectory (RaftStorageDirectory.java:tryLock(328)) - Lock on /workdir/hadoop-ozone/integration-test/target/test-dir/MiniOzoneClusterImpl-60470fcf-478e-41fe-85ae-08a0494ed2ed/datanode-1/data/ratis/871ac4ed-231d-469b-bd17-d7a3dbbc2d0d/in_use.lock acquired by nodename 4274@pr-hdds-2474-ghsjm-2904119463
2019-11-14 00:32:57,524 [pool-163-thread-1] INFO  storage.RaftStorage (RaftStorage.java:format(84)) - Storage directory /workdir/hadoop-ozone/integration-test/target/test-dir/MiniOzoneClusterImpl-60470fcf-478e-41fe-85ae-08a0494ed2ed/datanode-1/data/ratis/871ac4ed-231d-469b-bd17-d7a3dbbc2d0d has been successfully formatted.
2019-11-14 00:32:57,525 [pool-163-thread-1] INFO  ratis.ContainerStateMachine (ContainerStateMachine.java:loadSnapshot(223)) - group-D7A3DBBC2D0D: The snapshot info is null. Setting the last applied indexto:(t:0, i:~)
2019-11-14 00:32:57,525 [pool-163-thread-1] INFO  server.RaftServerConfigKeys (ConfUtils.java:logGet(43)) - raft.server.notification.no-leader.timeout = 120s (custom)
2019-11-14 00:32:57,525 [pool-163-thread-1] INFO  server.RaftServerConfigKeys (ConfUtils.java:logGet(43)) - raft.server.log.use.memory = false (default)
2019-11-14 00:32:57,525 [pool-163-thread-1] INFO  server.RaftServerConfigKeys (ConfUtils.java:logGet(43)) - raft.server.log.purge.gap = 1000000 (custom)
2019-11-14 00:32:57,525 [pool-163-thread-1] INFO  server.RaftServerConfigKeys (ConfUtils.java:logGet(43)) - raft.server.log.appender.buffer.byte-limit = 33554432 (custom)
2019-11-14 00:32:57,525 [pool-163-thread-1] INFO  server.RaftServerConfigKeys (ConfUtils.java:logGet(43)) - raft.server.log.segment.size.max = 1048576 (custom)
2019-11-14 00:32:57,525 [pool-163-thread-1] WARN  impl.MetricRegistriesImpl (MetricRegistriesImpl.java:lambda$create$1(61)) - First MetricRegistry has been created without registering reporters. You may need to call MetricRegistries.global().addReportRegistration(...) before.
2019-11-14 00:32:57,525 [pool-163-thread-1] INFO  server.RaftServerConfigKeys (ConfUtils.java:logGet(43)) - raft.server.log.segment.cache.num.max = 2 (custom)
2019-11-14 00:32:57,525 [pool-163-thread-1] INFO  segmented.SegmentedRaftLogWorker (SegmentedRaftLogWorker.java:<init>(173)) - new c0a90149-7086-438b-b575-a58c52a879cd@group-D7A3DBBC2D0D-SegmentedRaftLogWorker for RaftStorage:Storage Directory /workdir/hadoop-ozone/integration-test/target/test-dir/MiniOzoneClusterImpl-60470fcf-478e-41fe-85ae-08a0494ed2ed/datanode-1/data/ratis/871ac4ed-231d-469b-bd17-d7a3dbbc2d0d
2019-11-14 00:32:57,525 [pool-163-thread-1] INFO  server.RaftServerConfigKeys (ConfUtils.java:logGet(43)) - raft.server.log.queue.byte-limit = 2147483647 (custom)
2019-11-14 00:32:57,526 [pool-163-thread-1] INFO  server.RaftServerConfigKeys (ConfUtils.java:logGet(43)) - raft.server.log.queue.element-limit = 1024 (custom)
2019-11-14 00:32:57,526 [pool-163-thread-1] INFO  server.RaftServerConfigKeys (ConfUtils.java:logGet(43)) - raft.server.log.segment.size.max = 1048576 (custom)
2019-11-14 00:32:57,526 [pool-163-thread-1] INFO  server.RaftServerConfigKeys (ConfUtils.java:logGet(43)) - raft.server.log.preallocated.size = 16384 (custom)
2019-11-14 00:32:57,526 [pool-163-thread-1] INFO  server.RaftServerConfigKeys (ConfUtils.java:logGet(43)) - raft.server.log.write.buffer.size = 33554432 (custom)
2019-11-14 00:32:57,526 [pool-163-thread-1] INFO  server.RaftServerConfigKeys (ConfUtils.java:logGet(43)) - raft.server.log.force.sync.num = 128 (default)
2019-11-14 00:32:57,526 [pool-163-thread-1] INFO  server.RaftServerConfigKeys (ConfUtils.java:logGet(43)) - raft.server.log.statemachine.data.sync = true (default)
2019-11-14 00:32:57,526 [pool-163-thread-1] INFO  server.RaftServerConfigKeys (ConfUtils.java:logGet(43)) - raft.server.log.statemachine.data.sync.timeout = 10s (default)
2019-11-14 00:32:57,526 [pool-163-thread-1] INFO  server.RaftServerConfigKeys (ConfUtils.java:logGet(43)) - raft.server.log.statemachine.data.sync.timeout.retry = -1 (default)
2019-11-14 00:32:57,526 [pool-163-thread-1] INFO  server.RaftServerConfigKeys (ConfUtils.java:logGet(43)) - raft.server.log.statemachine.data.caching.enabled = true (custom)
2019-11-14 00:32:57,527 [pool-163-thread-1] INFO  segmented.SegmentedRaftLogWorker (SegmentedRaftLogWorker.java:lambda$new$0(128)) - c0a90149-7086-438b-b575-a58c52a879cd@group-D7A3DBBC2D0D-SegmentedRaftLogWorker: flushIndex: setUnconditionally 0 -> -1
2019-11-14 00:32:57,527 [pool-163-thread-1] INFO  server.RaftServerConfigKeys (ConfUtils.java:logGet(43)) - raft.server.snapshot.auto.trigger.enabled = true (custom)
2019-11-14 00:32:57,527 [pool-163-thread-1] INFO  server.RaftServerConfigKeys (ConfUtils.java:logGet(43)) - raft.server.snapshot.auto.trigger.threshold = 10000 (custom)
2019-11-14 00:32:57,527 [pool-163-thread-1] INFO  server.RaftServerConfigKeys (ConfUtils.java:logGet(43)) - raft.server.snapshot.retention.file.num = 5 (custom)
2019-11-14 00:32:57,527 [pool-163-thread-1] INFO  server.RaftServerConfigKeys (ConfUtils.java:logGet(43)) - raft.server.retrycache.expirytime = 600000ms (custom)
2019-11-14 00:32:57,527 [pool-163-thread-1] WARN  impl.MetricRegistriesImpl (MetricRegistriesImpl.java:lambda$create$1(61)) - First MetricRegistry has been created without registering reporters. You may need to call MetricRegistries.global().addReportRegistration(...) before.
2019-11-14 00:32:57,527 [pool-163-thread-1] WARN  impl.MetricRegistriesImpl (MetricRegistriesImpl.java:lambda$create$1(61)) - First MetricRegistry has been created without registering reporters. You may need to call MetricRegistries.global().addReportRegistration(...) before.
2019-11-14 00:32:57,528 [pool-163-thread-1] INFO  impl.RaftServerImpl (RaftServerImpl.java:start(184)) - c0a90149-7086-438b-b575-a58c52a879cd@group-D7A3DBBC2D0D: start as a follower, conf=-1: [c0a90149-7086-438b-b575-a58c52a879cd:192.168.34.25:33958], old=null
2019-11-14 00:32:57,528 [pool-163-thread-1] INFO  impl.RaftServerImpl (RaftServerImpl.java:setRole(173)) - c0a90149-7086-438b-b575-a58c52a879cd@group-D7A3DBBC2D0D: changes role from      null to FOLLOWER at term 0 for startAsFollower
2019-11-14 00:32:57,528 [pool-163-thread-1] INFO  impl.RoleInfo (RoleInfo.java:updateAndGet(143)) - c0a90149-7086-438b-b575-a58c52a879cd: start FollowerState
2019-11-14 00:32:57,528 [pool-163-thread-1] INFO  util.JmxRegister (JmxRegister.java:tryRegister(44)) - Successfully registered JMX Bean with object name Ratis:service=RaftServer,group=group-D7A3DBBC2D0D,id=c0a90149-7086-438b-b575-a58c52a879cd
2019-11-14 00:32:57,529 [pool-163-thread-1] WARN  impl.MetricRegistriesImpl (MetricRegistriesImpl.java:lambda$create$1(61)) - First MetricRegistry has been created without registering reporters. You may need to call MetricRegistries.global().addReportRegistration(...) before.
2019-11-14 00:32:57,531 [RatisPipelineUtilsThread] INFO  pipeline.PipelineStateManager (PipelineStateManager.java:addPipeline(55)) - Created pipeline Pipeline[ Id: 871ac4ed-231d-469b-bd17-d7a3dbbc2d0d, Nodes: c0a90149-7086-438b-b575-a58c52a879cd{ip: 192.168.34.25, host: pr-hdds-2474-ghsjm-2904119463, networkLocation: /default-rack, certSerialId: null}, Type:RATIS, Factor:ONE, State:ALLOCATED]
2019-11-14 00:32:57,563 [IPC Server handler 2 on 42736] INFO  net.NetworkTopology (NetworkTopologyImpl.java:add(111)) - Added a new node: /default-rack/82068b54-9744-4929-951d-196898e4ec33
2019-11-14 00:32:57,563 [IPC Server handler 2 on 42736] INFO  node.SCMNodeManager (SCMNodeManager.java:register(267)) - Registered Data node : 82068b54-9744-4929-951d-196898e4ec33{ip: 192.168.34.25, host: pr-hdds-2474-ghsjm-2904119463, networkLocation: /default-rack, certSerialId: null}
2019-11-14 00:32:57,569 [grpc-default-executor-17] INFO  impl.RaftServerProxy (RaftServerProxy.java:addNew(89)) - 82068b54-9744-4929-951d-196898e4ec33: addNew group-505D4258462C:[82068b54-9744-4929-951d-196898e4ec33:192.168.34.25:45067] returns group-505D4258462C:java.util.concurrent.CompletableFuture@30c50d95[Not completed]
2019-11-14 00:32:57,570 [pool-173-thread-1] INFO  impl.RaftServerImpl (RaftServerImpl.java:<init>(98)) - 82068b54-9744-4929-951d-196898e4ec33: new RaftServerImpl for group-505D4258462C:[82068b54-9744-4929-951d-196898e4ec33:192.168.34.25:45067] with ContainerStateMachine:uninitialized
2019-11-14 00:32:57,571 [pool-173-thread-1] INFO  server.RaftServerConfigKeys (ConfUtils.java:logGet(43)) - raft.server.rpc.timeout.min = 1s (custom)
2019-11-14 00:32:57,571 [pool-173-thread-1] INFO  server.RaftServerConfigKeys (ConfUtils.java:logGet(43)) - raft.server.rpc.timeout.max = 1200ms (custom)
2019-11-14 00:32:57,571 [pool-173-thread-1] INFO  server.RaftServerConfigKeys (ConfUtils.java:logGet(43)) - raft.server.rpcslowness.timeout = 120s (custom)
2019-11-14 00:32:57,571 [pool-173-thread-1] INFO  server.RaftServerConfigKeys (ConfUtils.java:logGet(43)) - raft.server.sleep.deviation.threshold = 300 (default)
2019-11-14 00:32:57,571 [pool-173-thread-1] INFO  server.RaftServerConfigKeys (ConfUtils.java:logGet(43)) - raft.server.log.appender.install.snapshot.enabled = false (custom)
2019-11-14 00:32:57,571 [pool-173-thread-1] INFO  impl.RaftServerImpl (ServerState.java:<init>(103)) - 82068b54-9744-4929-951d-196898e4ec33@group-505D4258462C: ConfigurationManager, init=-1: [82068b54-9744-4929-951d-196898e4ec33:192.168.34.25:45067], old=null, confs=<EMPTY_MAP>
2019-11-14 00:32:57,571 [pool-173-thread-1] INFO  server.RaftServerConfigKeys (ConfUtils.java:logGet(43)) - raft.server.storage.dir = [/workdir/hadoop-ozone/integration-test/target/test-dir/MiniOzoneClusterImpl-60470fcf-478e-41fe-85ae-08a0494ed2ed/datanode-2/data/ratis] (custom)
2019-11-14 00:32:57,571 [pool-173-thread-1] INFO  server.RaftServerConfigKeys (ConfUtils.java:logGet(43)) - raft.server.log.corruption.policy = EXCEPTION (default)
2019-11-14 00:32:57,572 [pool-173-thread-1] INFO  storage.RaftStorageDirectory (RaftStorageDirectory.java:analyzeStorage(246)) - The storage directory /workdir/hadoop-ozone/integration-test/target/test-dir/MiniOzoneClusterImpl-60470fcf-478e-41fe-85ae-08a0494ed2ed/datanode-2/data/ratis/e666e9b3-b9be-4cbe-9336-505d4258462c does not exist. Creating ...
2019-11-14 00:32:57,585 [pool-173-thread-1] INFO  storage.RaftStorageDirectory (RaftStorageDirectory.java:tryLock(328)) - Lock on /workdir/hadoop-ozone/integration-test/target/test-dir/MiniOzoneClusterImpl-60470fcf-478e-41fe-85ae-08a0494ed2ed/datanode-2/data/ratis/e666e9b3-b9be-4cbe-9336-505d4258462c/in_use.lock acquired by nodename 4274@pr-hdds-2474-ghsjm-2904119463
2019-11-14 00:32:57,598 [pool-173-thread-1] INFO  storage.RaftStorage (RaftStorage.java:format(84)) - Storage directory /workdir/hadoop-ozone/integration-test/target/test-dir/MiniOzoneClusterImpl-60470fcf-478e-41fe-85ae-08a0494ed2ed/datanode-2/data/ratis/e666e9b3-b9be-4cbe-9336-505d4258462c has been successfully formatted.
2019-11-14 00:32:57,598 [pool-173-thread-1] INFO  ratis.ContainerStateMachine (ContainerStateMachine.java:loadSnapshot(223)) - group-505D4258462C: The snapshot info is null. Setting the last applied indexto:(t:0, i:~)
2019-11-14 00:32:57,599 [pool-173-thread-1] INFO  server.RaftServerConfigKeys (ConfUtils.java:logGet(43)) - raft.server.notification.no-leader.timeout = 120s (custom)
2019-11-14 00:32:57,599 [pool-173-thread-1] INFO  server.RaftServerConfigKeys (ConfUtils.java:logGet(43)) - raft.server.log.use.memory = false (default)
2019-11-14 00:32:57,599 [pool-173-thread-1] INFO  server.RaftServerConfigKeys (ConfUtils.java:logGet(43)) - raft.server.log.purge.gap = 1000000 (custom)
2019-11-14 00:32:57,599 [pool-173-thread-1] INFO  server.RaftServerConfigKeys (ConfUtils.java:logGet(43)) - raft.server.log.appender.buffer.byte-limit = 33554432 (custom)
2019-11-14 00:32:57,599 [pool-173-thread-1] INFO  server.RaftServerConfigKeys (ConfUtils.java:logGet(43)) - raft.server.log.segment.size.max = 1048576 (custom)
2019-11-14 00:32:57,599 [pool-173-thread-1] WARN  impl.MetricRegistriesImpl (MetricRegistriesImpl.java:lambda$create$1(61)) - First MetricRegistry has been created without registering reporters. You may need to call MetricRegistries.global().addReportRegistration(...) before.
2019-11-14 00:32:57,599 [pool-173-thread-1] INFO  server.RaftServerConfigKeys (ConfUtils.java:logGet(43)) - raft.server.log.segment.cache.num.max = 2 (custom)
2019-11-14 00:32:57,600 [pool-173-thread-1] INFO  segmented.SegmentedRaftLogWorker (SegmentedRaftLogWorker.java:<init>(173)) - new 82068b54-9744-4929-951d-196898e4ec33@group-505D4258462C-SegmentedRaftLogWorker for RaftStorage:Storage Directory /workdir/hadoop-ozone/integration-test/target/test-dir/MiniOzoneClusterImpl-60470fcf-478e-41fe-85ae-08a0494ed2ed/datanode-2/data/ratis/e666e9b3-b9be-4cbe-9336-505d4258462c
2019-11-14 00:32:57,600 [pool-173-thread-1] INFO  server.RaftServerConfigKeys (ConfUtils.java:logGet(43)) - raft.server.log.queue.byte-limit = 2147483647 (custom)
2019-11-14 00:32:57,600 [pool-173-thread-1] INFO  server.RaftServerConfigKeys (ConfUtils.java:logGet(43)) - raft.server.log.queue.element-limit = 1024 (custom)
2019-11-14 00:32:57,600 [pool-173-thread-1] INFO  server.RaftServerConfigKeys (ConfUtils.java:logGet(43)) - raft.server.log.segment.size.max = 1048576 (custom)
2019-11-14 00:32:57,600 [pool-173-thread-1] INFO  server.RaftServerConfigKeys (ConfUtils.java:logGet(43)) - raft.server.log.preallocated.size = 16384 (custom)
2019-11-14 00:32:57,600 [pool-173-thread-1] INFO  server.RaftServerConfigKeys (ConfUtils.java:logGet(43)) - raft.server.log.write.buffer.size = 33554432 (custom)
2019-11-14 00:32:57,600 [pool-173-thread-1] INFO  server.RaftServerConfigKeys (ConfUtils.java:logGet(43)) - raft.server.log.force.sync.num = 128 (default)
2019-11-14 00:32:57,600 [pool-173-thread-1] INFO  server.RaftServerConfigKeys (ConfUtils.java:logGet(43)) - raft.server.log.statemachine.data.sync = true (default)
2019-11-14 00:32:57,600 [pool-173-thread-1] INFO  server.RaftServerConfigKeys (ConfUtils.java:logGet(43)) - raft.server.log.statemachine.data.sync.timeout = 10s (default)
2019-11-14 00:32:57,600 [pool-173-thread-1] INFO  server.RaftServerConfigKeys (ConfUtils.java:logGet(43)) - raft.server.log.statemachine.data.sync.timeout.retry = -1 (default)
2019-11-14 00:32:57,600 [pool-173-thread-1] INFO  server.RaftServerConfigKeys (ConfUtils.java:logGet(43)) - raft.server.log.statemachine.data.caching.enabled = true (custom)
2019-11-14 00:32:57,601 [pool-173-thread-1] INFO  segmented.SegmentedRaftLogWorker (SegmentedRaftLogWorker.java:lambda$new$0(128)) - 82068b54-9744-4929-951d-196898e4ec33@group-505D4258462C-SegmentedRaftLogWorker: flushIndex: setUnconditionally 0 -> -1
2019-11-14 00:32:57,601 [pool-173-thread-1] INFO  server.RaftServerConfigKeys (ConfUtils.java:logGet(43)) - raft.server.snapshot.auto.trigger.enabled = true (custom)
2019-11-14 00:32:57,601 [pool-173-thread-1] INFO  server.RaftServerConfigKeys (ConfUtils.java:logGet(43)) - raft.server.snapshot.auto.trigger.threshold = 10000 (custom)
2019-11-14 00:32:57,601 [pool-173-thread-1] INFO  server.RaftServerConfigKeys (ConfUtils.java:logGet(43)) - raft.server.snapshot.retention.file.num = 5 (custom)
2019-11-14 00:32:57,601 [pool-173-thread-1] INFO  server.RaftServerConfigKeys (ConfUtils.java:logGet(43)) - raft.server.retrycache.expirytime = 600000ms (custom)
2019-11-14 00:32:57,601 [pool-173-thread-1] WARN  impl.MetricRegistriesImpl (MetricRegistriesImpl.java:lambda$create$1(61)) - First MetricRegistry has been created without registering reporters. You may need to call MetricRegistries.global().addReportRegistration(...) before.
2019-11-14 00:32:57,601 [pool-173-thread-1] WARN  impl.MetricRegistriesImpl (MetricRegistriesImpl.java:lambda$create$1(61)) - First MetricRegistry has been created without registering reporters. You may need to call MetricRegistries.global().addReportRegistration(...) before.
2019-11-14 00:32:57,601 [pool-173-thread-1] INFO  impl.RaftServerImpl (RaftServerImpl.java:start(184)) - 82068b54-9744-4929-951d-196898e4ec33@group-505D4258462C: start as a follower, conf=-1: [82068b54-9744-4929-951d-196898e4ec33:192.168.34.25:45067], old=null
2019-11-14 00:32:57,602 [pool-173-thread-1] INFO  impl.RaftServerImpl (RaftServerImpl.java:setRole(173)) - 82068b54-9744-4929-951d-196898e4ec33@group-505D4258462C: changes role from      null to FOLLOWER at term 0 for startAsFollower
2019-11-14 00:32:57,602 [pool-173-thread-1] INFO  impl.RoleInfo (RoleInfo.java:updateAndGet(143)) - 82068b54-9744-4929-951d-196898e4ec33: start FollowerState
2019-11-14 00:32:57,602 [pool-173-thread-1] INFO  util.JmxRegister (JmxRegister.java:tryRegister(44)) - Successfully registered JMX Bean with object name Ratis:service=RaftServer,group=group-505D4258462C,id=82068b54-9744-4929-951d-196898e4ec33
2019-11-14 00:32:57,602 [pool-173-thread-1] WARN  impl.MetricRegistriesImpl (MetricRegistriesImpl.java:lambda$create$1(61)) - First MetricRegistry has been created without registering reporters. You may need to call MetricRegistries.global().addReportRegistration(...) before.
2019-11-14 00:32:57,604 [RatisPipelineUtilsThread] INFO  pipeline.PipelineStateManager (PipelineStateManager.java:addPipeline(55)) - Created pipeline Pipeline[ Id: e666e9b3-b9be-4cbe-9336-505d4258462c, Nodes: 82068b54-9744-4929-951d-196898e4ec33{ip: 192.168.34.25, host: pr-hdds-2474-ghsjm-2904119463, networkLocation: /default-rack, certSerialId: null}, Type:RATIS, Factor:ONE, State:ALLOCATED]
2019-11-14 00:32:57,613 [grpc-default-executor-14] INFO  impl.RaftServerProxy (RaftServerProxy.java:addNew(89)) - 75a811de-d3cd-4e06-b16e-b70ad37a4427: addNew group-A881902D583F:[82068b54-9744-4929-951d-196898e4ec33:192.168.34.25:45067, c0a90149-7086-438b-b575-a58c52a879cd:192.168.34.25:33958, 75a811de-d3cd-4e06-b16e-b70ad37a4427:192.168.34.25:45226] returns group-A881902D583F:java.util.concurrent.CompletableFuture@38ef25e6[Not completed]
2019-11-14 00:32:57,613 [grpc-default-executor-17] INFO  impl.RaftServerProxy (RaftServerProxy.java:addNew(89)) - c0a90149-7086-438b-b575-a58c52a879cd: addNew group-A881902D583F:[82068b54-9744-4929-951d-196898e4ec33:192.168.34.25:45067, c0a90149-7086-438b-b575-a58c52a879cd:192.168.34.25:33958, 75a811de-d3cd-4e06-b16e-b70ad37a4427:192.168.34.25:45226] returns group-A881902D583F:java.util.concurrent.CompletableFuture@3ff43b72[Not completed]
2019-11-14 00:32:57,613 [grpc-default-executor-3] INFO  impl.RaftServerProxy (RaftServerProxy.java:addNew(89)) - 82068b54-9744-4929-951d-196898e4ec33: addNew group-A881902D583F:[82068b54-9744-4929-951d-196898e4ec33:192.168.34.25:45067, c0a90149-7086-438b-b575-a58c52a879cd:192.168.34.25:33958, 75a811de-d3cd-4e06-b16e-b70ad37a4427:192.168.34.25:45226] returns group-A881902D583F:java.util.concurrent.CompletableFuture@5177a7d7[Not completed]
2019-11-14 00:32:57,614 [pool-153-thread-1] INFO  impl.RaftServerImpl (RaftServerImpl.java:<init>(98)) - 75a811de-d3cd-4e06-b16e-b70ad37a4427: new RaftServerImpl for group-A881902D583F:[82068b54-9744-4929-951d-196898e4ec33:192.168.34.25:45067, c0a90149-7086-438b-b575-a58c52a879cd:192.168.34.25:33958, 75a811de-d3cd-4e06-b16e-b70ad37a4427:192.168.34.25:45226] with ContainerStateMachine:uninitialized
2019-11-14 00:32:57,615 [pool-153-thread-1] INFO  server.RaftServerConfigKeys (ConfUtils.java:logGet(43)) - raft.server.rpc.timeout.min = 1s (custom)
2019-11-14 00:32:57,615 [pool-153-thread-1] INFO  server.RaftServerConfigKeys (ConfUtils.java:logGet(43)) - raft.server.rpc.timeout.max = 1200ms (custom)
2019-11-14 00:32:57,615 [pool-153-thread-1] INFO  server.RaftServerConfigKeys (ConfUtils.java:logGet(43)) - raft.server.rpcslowness.timeout = 120s (custom)
2019-11-14 00:32:57,615 [pool-153-thread-1] INFO  server.RaftServerConfigKeys (ConfUtils.java:logGet(43)) - raft.server.sleep.deviation.threshold = 300 (default)
2019-11-14 00:32:57,615 [pool-153-thread-1] INFO  server.RaftServerConfigKeys (ConfUtils.java:logGet(43)) - raft.server.log.appender.install.snapshot.enabled = false (custom)
2019-11-14 00:32:57,615 [pool-153-thread-1] INFO  impl.RaftServerImpl (ServerState.java:<init>(103)) - 75a811de-d3cd-4e06-b16e-b70ad37a4427@group-A881902D583F: ConfigurationManager, init=-1: [82068b54-9744-4929-951d-196898e4ec33:192.168.34.25:45067, c0a90149-7086-438b-b575-a58c52a879cd:192.168.34.25:33958, 75a811de-d3cd-4e06-b16e-b70ad37a4427:192.168.34.25:45226], old=null, confs=<EMPTY_MAP>
2019-11-14 00:32:57,615 [pool-153-thread-1] INFO  server.RaftServerConfigKeys (ConfUtils.java:logGet(43)) - raft.server.storage.dir = [/workdir/hadoop-ozone/integration-test/target/test-dir/MiniOzoneClusterImpl-60470fcf-478e-41fe-85ae-08a0494ed2ed/datanode-0/data/ratis] (custom)
2019-11-14 00:32:57,615 [pool-153-thread-1] INFO  server.RaftServerConfigKeys (ConfUtils.java:logGet(43)) - raft.server.log.corruption.policy = EXCEPTION (default)
2019-11-14 00:32:57,615 [pool-163-thread-1] INFO  impl.RaftServerImpl (RaftServerImpl.java:<init>(98)) - c0a90149-7086-438b-b575-a58c52a879cd: new RaftServerImpl for group-A881902D583F:[82068b54-9744-4929-951d-196898e4ec33:192.168.34.25:45067, c0a90149-7086-438b-b575-a58c52a879cd:192.168.34.25:33958, 75a811de-d3cd-4e06-b16e-b70ad37a4427:192.168.34.25:45226] with ContainerStateMachine:uninitialized
2019-11-14 00:32:57,615 [pool-153-thread-1] INFO  storage.RaftStorageDirectory (RaftStorageDirectory.java:analyzeStorage(246)) - The storage directory /workdir/hadoop-ozone/integration-test/target/test-dir/MiniOzoneClusterImpl-60470fcf-478e-41fe-85ae-08a0494ed2ed/datanode-0/data/ratis/d6397611-a672-4634-8b28-a881902d583f does not exist. Creating ...
2019-11-14 00:32:57,616 [pool-163-thread-1] INFO  server.RaftServerConfigKeys (ConfUtils.java:logGet(43)) - raft.server.rpc.timeout.min = 1s (custom)
2019-11-14 00:32:57,616 [pool-163-thread-1] INFO  server.RaftServerConfigKeys (ConfUtils.java:logGet(43)) - raft.server.rpc.timeout.max = 1200ms (custom)
2019-11-14 00:32:57,616 [pool-163-thread-1] INFO  server.RaftServerConfigKeys (ConfUtils.java:logGet(43)) - raft.server.rpcslowness.timeout = 120s (custom)
2019-11-14 00:32:57,616 [pool-163-thread-1] INFO  server.RaftServerConfigKeys (ConfUtils.java:logGet(43)) - raft.server.sleep.deviation.threshold = 300 (default)
2019-11-14 00:32:57,616 [pool-173-thread-1] INFO  impl.RaftServerImpl (RaftServerImpl.java:<init>(98)) - 82068b54-9744-4929-951d-196898e4ec33: new RaftServerImpl for group-A881902D583F:[82068b54-9744-4929-951d-196898e4ec33:192.168.34.25:45067, c0a90149-7086-438b-b575-a58c52a879cd:192.168.34.25:33958, 75a811de-d3cd-4e06-b16e-b70ad37a4427:192.168.34.25:45226] with ContainerStateMachine:uninitialized
2019-11-14 00:32:57,616 [pool-163-thread-1] INFO  server.RaftServerConfigKeys (ConfUtils.java:logGet(43)) - raft.server.log.appender.install.snapshot.enabled = false (custom)
2019-11-14 00:32:57,616 [pool-173-thread-1] INFO  server.RaftServerConfigKeys (ConfUtils.java:logGet(43)) - raft.server.rpc.timeout.min = 1s (custom)
2019-11-14 00:32:57,616 [pool-163-thread-1] INFO  impl.RaftServerImpl (ServerState.java:<init>(103)) - c0a90149-7086-438b-b575-a58c52a879cd@group-A881902D583F: ConfigurationManager, init=-1: [82068b54-9744-4929-951d-196898e4ec33:192.168.34.25:45067, c0a90149-7086-438b-b575-a58c52a879cd:192.168.34.25:33958, 75a811de-d3cd-4e06-b16e-b70ad37a4427:192.168.34.25:45226], old=null, confs=<EMPTY_MAP>
2019-11-14 00:32:57,617 [pool-173-thread-1] INFO  server.RaftServerConfigKeys (ConfUtils.java:logGet(43)) - raft.server.rpc.timeout.max = 1200ms (custom)
2019-11-14 00:32:57,617 [pool-163-thread-1] INFO  server.RaftServerConfigKeys (ConfUtils.java:logGet(43)) - raft.server.storage.dir = [/workdir/hadoop-ozone/integration-test/target/test-dir/MiniOzoneClusterImpl-60470fcf-478e-41fe-85ae-08a0494ed2ed/datanode-1/data/ratis] (custom)
2019-11-14 00:32:57,617 [pool-173-thread-1] INFO  server.RaftServerConfigKeys (ConfUtils.java:logGet(43)) - raft.server.rpcslowness.timeout = 120s (custom)
2019-11-14 00:32:57,617 [pool-173-thread-1] INFO  server.RaftServerConfigKeys (ConfUtils.java:logGet(43)) - raft.server.sleep.deviation.threshold = 300 (default)
2019-11-14 00:32:57,617 [pool-163-thread-1] INFO  server.RaftServerConfigKeys (ConfUtils.java:logGet(43)) - raft.server.log.corruption.policy = EXCEPTION (default)
2019-11-14 00:32:57,617 [pool-173-thread-1] INFO  server.RaftServerConfigKeys (ConfUtils.java:logGet(43)) - raft.server.log.appender.install.snapshot.enabled = false (custom)
2019-11-14 00:32:57,617 [pool-163-thread-1] INFO  storage.RaftStorageDirectory (RaftStorageDirectory.java:analyzeStorage(246)) - The storage directory /workdir/hadoop-ozone/integration-test/target/test-dir/MiniOzoneClusterImpl-60470fcf-478e-41fe-85ae-08a0494ed2ed/datanode-1/data/ratis/d6397611-a672-4634-8b28-a881902d583f does not exist. Creating ...
2019-11-14 00:32:57,617 [pool-173-thread-1] INFO  impl.RaftServerImpl (ServerState.java:<init>(103)) - 82068b54-9744-4929-951d-196898e4ec33@group-A881902D583F: ConfigurationManager, init=-1: [82068b54-9744-4929-951d-196898e4ec33:192.168.34.25:45067, c0a90149-7086-438b-b575-a58c52a879cd:192.168.34.25:33958, 75a811de-d3cd-4e06-b16e-b70ad37a4427:192.168.34.25:45226], old=null, confs=<EMPTY_MAP>
2019-11-14 00:32:57,618 [pool-173-thread-1] INFO  server.RaftServerConfigKeys (ConfUtils.java:logGet(43)) - raft.server.storage.dir = [/workdir/hadoop-ozone/integration-test/target/test-dir/MiniOzoneClusterImpl-60470fcf-478e-41fe-85ae-08a0494ed2ed/datanode-2/data/ratis] (custom)
2019-11-14 00:32:57,618 [pool-173-thread-1] INFO  server.RaftServerConfigKeys (ConfUtils.java:logGet(43)) - raft.server.log.corruption.policy = EXCEPTION (default)
2019-11-14 00:32:57,618 [pool-173-thread-1] INFO  storage.RaftStorageDirectory (RaftStorageDirectory.java:analyzeStorage(246)) - The storage directory /workdir/hadoop-ozone/integration-test/target/test-dir/MiniOzoneClusterImpl-60470fcf-478e-41fe-85ae-08a0494ed2ed/datanode-2/data/ratis/d6397611-a672-4634-8b28-a881902d583f does not exist. Creating ...
2019-11-14 00:32:57,629 [IPC Server handler 3 on 42736] INFO  net.NetworkTopology (NetworkTopologyImpl.java:add(111)) - Added a new node: /default-rack/599e9361-b00a-4387-8c81-1beb440b27b2
2019-11-14 00:32:57,629 [pool-163-thread-1] INFO  storage.RaftStorageDirectory (RaftStorageDirectory.java:tryLock(328)) - Lock on /workdir/hadoop-ozone/integration-test/target/test-dir/MiniOzoneClusterImpl-60470fcf-478e-41fe-85ae-08a0494ed2ed/datanode-1/data/ratis/d6397611-a672-4634-8b28-a881902d583f/in_use.lock acquired by nodename 4274@pr-hdds-2474-ghsjm-2904119463
2019-11-14 00:32:57,629 [pool-173-thread-1] INFO  storage.RaftStorageDirectory (RaftStorageDirectory.java:tryLock(328)) - Lock on /workdir/hadoop-ozone/integration-test/target/test-dir/MiniOzoneClusterImpl-60470fcf-478e-41fe-85ae-08a0494ed2ed/datanode-2/data/ratis/d6397611-a672-4634-8b28-a881902d583f/in_use.lock acquired by nodename 4274@pr-hdds-2474-ghsjm-2904119463
2019-11-14 00:32:57,629 [pool-153-thread-1] INFO  storage.RaftStorageDirectory (RaftStorageDirectory.java:tryLock(328)) - Lock on /workdir/hadoop-ozone/integration-test/target/test-dir/MiniOzoneClusterImpl-60470fcf-478e-41fe-85ae-08a0494ed2ed/datanode-0/data/ratis/d6397611-a672-4634-8b28-a881902d583f/in_use.lock acquired by nodename 4274@pr-hdds-2474-ghsjm-2904119463
2019-11-14 00:32:57,629 [IPC Server handler 3 on 42736] INFO  node.SCMNodeManager (SCMNodeManager.java:register(267)) - Registered Data node : 599e9361-b00a-4387-8c81-1beb440b27b2{ip: 192.168.34.25, host: pr-hdds-2474-ghsjm-2904119463, networkLocation: /default-rack, certSerialId: null}
2019-11-14 00:32:57,643 [pool-173-thread-1] INFO  storage.RaftStorage (RaftStorage.java:format(84)) - Storage directory /workdir/hadoop-ozone/integration-test/target/test-dir/MiniOzoneClusterImpl-60470fcf-478e-41fe-85ae-08a0494ed2ed/datanode-2/data/ratis/d6397611-a672-4634-8b28-a881902d583f has been successfully formatted.
2019-11-14 00:32:57,643 [pool-153-thread-1] INFO  storage.RaftStorage (RaftStorage.java:format(84)) - Storage directory /workdir/hadoop-ozone/integration-test/target/test-dir/MiniOzoneClusterImpl-60470fcf-478e-41fe-85ae-08a0494ed2ed/datanode-0/data/ratis/d6397611-a672-4634-8b28-a881902d583f has been successfully formatted.
2019-11-14 00:32:57,643 [pool-163-thread-1] INFO  storage.RaftStorage (RaftStorage.java:format(84)) - Storage directory /workdir/hadoop-ozone/integration-test/target/test-dir/MiniOzoneClusterImpl-60470fcf-478e-41fe-85ae-08a0494ed2ed/datanode-1/data/ratis/d6397611-a672-4634-8b28-a881902d583f has been successfully formatted.
2019-11-14 00:32:57,643 [pool-173-thread-1] INFO  ratis.ContainerStateMachine (ContainerStateMachine.java:loadSnapshot(223)) - group-A881902D583F: The snapshot info is null. Setting the last applied indexto:(t:0, i:~)
2019-11-14 00:32:57,644 [pool-163-thread-1] INFO  ratis.ContainerStateMachine (ContainerStateMachine.java:loadSnapshot(223)) - group-A881902D583F: The snapshot info is null. Setting the last applied indexto:(t:0, i:~)
2019-11-14 00:32:57,644 [pool-153-thread-1] INFO  ratis.ContainerStateMachine (ContainerStateMachine.java:loadSnapshot(223)) - group-A881902D583F: The snapshot info is null. Setting the last applied indexto:(t:0, i:~)
2019-11-14 00:32:57,644 [pool-163-thread-1] INFO  server.RaftServerConfigKeys (ConfUtils.java:logGet(43)) - raft.server.notification.no-leader.timeout = 120s (custom)
2019-11-14 00:32:57,644 [pool-173-thread-1] INFO  server.RaftServerConfigKeys (ConfUtils.java:logGet(43)) - raft.server.notification.no-leader.timeout = 120s (custom)
2019-11-14 00:32:57,644 [pool-163-thread-1] INFO  server.RaftServerConfigKeys (ConfUtils.java:logGet(43)) - raft.server.log.use.memory = false (default)
2019-11-14 00:32:57,644 [pool-153-thread-1] INFO  server.RaftServerConfigKeys (ConfUtils.java:logGet(43)) - raft.server.notification.no-leader.timeout = 120s (custom)
2019-11-14 00:32:57,644 [pool-163-thread-1] INFO  server.RaftServerConfigKeys (ConfUtils.java:logGet(43)) - raft.server.log.purge.gap = 1000000 (custom)
2019-11-14 00:32:57,644 [pool-173-thread-1] INFO  server.RaftServerConfigKeys (ConfUtils.java:logGet(43)) - raft.server.log.use.memory = false (default)
2019-11-14 00:32:57,645 [pool-163-thread-1] INFO  server.RaftServerConfigKeys (ConfUtils.java:logGet(43)) - raft.server.log.appender.buffer.byte-limit = 33554432 (custom)
2019-11-14 00:32:57,644 [pool-153-thread-1] INFO  server.RaftServerConfigKeys (ConfUtils.java:logGet(43)) - raft.server.log.use.memory = false (default)
2019-11-14 00:32:57,645 [pool-163-thread-1] INFO  server.RaftServerConfigKeys (ConfUtils.java:logGet(43)) - raft.server.log.segment.size.max = 1048576 (custom)
2019-11-14 00:32:57,645 [pool-173-thread-1] INFO  server.RaftServerConfigKeys (ConfUtils.java:logGet(43)) - raft.server.log.purge.gap = 1000000 (custom)
2019-11-14 00:32:57,645 [pool-163-thread-1] INFO  server.RaftServerConfigKeys (ConfUtils.java:logGet(43)) - raft.server.log.segment.cache.num.max = 2 (custom)
2019-11-14 00:32:57,645 [pool-153-thread-1] INFO  server.RaftServerConfigKeys (ConfUtils.java:logGet(43)) - raft.server.log.purge.gap = 1000000 (custom)
2019-11-14 00:32:57,645 [pool-163-thread-1] INFO  segmented.SegmentedRaftLogWorker (SegmentedRaftLogWorker.java:<init>(173)) - new c0a90149-7086-438b-b575-a58c52a879cd@group-A881902D583F-SegmentedRaftLogWorker for RaftStorage:Storage Directory /workdir/hadoop-ozone/integration-test/target/test-dir/MiniOzoneClusterImpl-60470fcf-478e-41fe-85ae-08a0494ed2ed/datanode-1/data/ratis/d6397611-a672-4634-8b28-a881902d583f
2019-11-14 00:32:57,645 [pool-163-thread-1] INFO  server.RaftServerConfigKeys (ConfUtils.java:logGet(43)) - raft.server.log.queue.byte-limit = 2147483647 (custom)
2019-11-14 00:32:57,645 [pool-173-thread-1] INFO  server.RaftServerConfigKeys (ConfUtils.java:logGet(43)) - raft.server.log.appender.buffer.byte-limit = 33554432 (custom)
2019-11-14 00:32:57,646 [pool-163-thread-1] INFO  server.RaftServerConfigKeys (ConfUtils.java:logGet(43)) - raft.server.log.queue.element-limit = 1024 (custom)
2019-11-14 00:32:57,645 [pool-153-thread-1] INFO  server.RaftServerConfigKeys (ConfUtils.java:logGet(43)) - raft.server.log.appender.buffer.byte-limit = 33554432 (custom)
2019-11-14 00:32:57,646 [pool-163-thread-1] INFO  server.RaftServerConfigKeys (ConfUtils.java:logGet(43)) - raft.server.log.segment.size.max = 1048576 (custom)
2019-11-14 00:32:57,646 [pool-173-thread-1] INFO  server.RaftServerConfigKeys (ConfUtils.java:logGet(43)) - raft.server.log.segment.size.max = 1048576 (custom)
2019-11-14 00:32:57,646 [pool-163-thread-1] INFO  server.RaftServerConfigKeys (ConfUtils.java:logGet(43)) - raft.server.log.preallocated.size = 16384 (custom)
2019-11-14 00:32:57,646 [pool-153-thread-1] INFO  server.RaftServerConfigKeys (ConfUtils.java:logGet(43)) - raft.server.log.segment.size.max = 1048576 (custom)
2019-11-14 00:32:57,646 [pool-163-thread-1] INFO  server.RaftServerConfigKeys (ConfUtils.java:logGet(43)) - raft.server.log.write.buffer.size = 33554432 (custom)
2019-11-14 00:32:57,646 [pool-173-thread-1] INFO  server.RaftServerConfigKeys (ConfUtils.java:logGet(43)) - raft.server.log.segment.cache.num.max = 2 (custom)
2019-11-14 00:32:57,647 [pool-163-thread-1] INFO  server.RaftServerConfigKeys (ConfUtils.java:logGet(43)) - raft.server.log.force.sync.num = 128 (default)
2019-11-14 00:32:57,646 [pool-153-thread-1] INFO  server.RaftServerConfigKeys (ConfUtils.java:logGet(43)) - raft.server.log.segment.cache.num.max = 2 (custom)
2019-11-14 00:32:57,647 [pool-163-thread-1] INFO  server.RaftServerConfigKeys (ConfUtils.java:logGet(43)) - raft.server.log.statemachine.data.sync = true (default)
2019-11-14 00:32:57,647 [pool-173-thread-1] INFO  segmented.SegmentedRaftLogWorker (SegmentedRaftLogWorker.java:<init>(173)) - new 82068b54-9744-4929-951d-196898e4ec33@group-A881902D583F-SegmentedRaftLogWorker for RaftStorage:Storage Directory /workdir/hadoop-ozone/integration-test/target/test-dir/MiniOzoneClusterImpl-60470fcf-478e-41fe-85ae-08a0494ed2ed/datanode-2/data/ratis/d6397611-a672-4634-8b28-a881902d583f
2019-11-14 00:32:57,647 [pool-163-thread-1] INFO  server.RaftServerConfigKeys (ConfUtils.java:logGet(43)) - raft.server.log.statemachine.data.sync.timeout = 10s (default)
2019-11-14 00:32:57,647 [pool-153-thread-1] INFO  segmented.SegmentedRaftLogWorker (SegmentedRaftLogWorker.java:<init>(173)) - new 75a811de-d3cd-4e06-b16e-b70ad37a4427@group-A881902D583F-SegmentedRaftLogWorker for RaftStorage:Storage Directory /workdir/hadoop-ozone/integration-test/target/test-dir/MiniOzoneClusterImpl-60470fcf-478e-41fe-85ae-08a0494ed2ed/datanode-0/data/ratis/d6397611-a672-4634-8b28-a881902d583f
2019-11-14 00:32:57,647 [pool-163-thread-1] INFO  server.RaftServerConfigKeys (ConfUtils.java:logGet(43)) - raft.server.log.statemachine.data.sync.timeout.retry = -1 (default)
2019-11-14 00:32:57,647 [pool-173-thread-1] INFO  server.RaftServerConfigKeys (ConfUtils.java:logGet(43)) - raft.server.log.queue.byte-limit = 2147483647 (custom)
2019-11-14 00:32:57,648 [pool-163-thread-1] INFO  server.RaftServerConfigKeys (ConfUtils.java:logGet(43)) - raft.server.log.statemachine.data.caching.enabled = true (custom)
2019-11-14 00:32:57,647 [pool-153-thread-1] INFO  server.RaftServerConfigKeys (ConfUtils.java:logGet(43)) - raft.server.log.queue.byte-limit = 2147483647 (custom)
2019-11-14 00:32:57,648 [pool-163-thread-1] INFO  segmented.SegmentedRaftLogWorker (SegmentedRaftLogWorker.java:lambda$new$0(128)) - c0a90149-7086-438b-b575-a58c52a879cd@group-A881902D583F-SegmentedRaftLogWorker: flushIndex: setUnconditionally 0 -> -1
2019-11-14 00:32:57,648 [pool-173-thread-1] INFO  server.RaftServerConfigKeys (ConfUtils.java:logGet(43)) - raft.server.log.queue.element-limit = 1024 (custom)
2019-11-14 00:32:57,648 [pool-163-thread-1] INFO  server.RaftServerConfigKeys (ConfUtils.java:logGet(43)) - raft.server.snapshot.auto.trigger.enabled = true (custom)
2019-11-14 00:32:57,648 [pool-153-thread-1] INFO  server.RaftServerConfigKeys (ConfUtils.java:logGet(43)) - raft.server.log.queue.element-limit = 1024 (custom)
2019-11-14 00:32:57,648 [pool-163-thread-1] INFO  server.RaftServerConfigKeys (ConfUtils.java:logGet(43)) - raft.server.snapshot.auto.trigger.threshold = 10000 (custom)
2019-11-14 00:32:57,648 [pool-173-thread-1] INFO  server.RaftServerConfigKeys (ConfUtils.java:logGet(43)) - raft.server.log.segment.size.max = 1048576 (custom)
2019-11-14 00:32:57,649 [pool-163-thread-1] INFO  server.RaftServerConfigKeys (ConfUtils.java:logGet(43)) - raft.server.snapshot.retention.file.num = 5 (custom)
2019-11-14 00:32:57,649 [pool-153-thread-1] INFO  server.RaftServerConfigKeys (ConfUtils.java:logGet(43)) - raft.server.log.segment.size.max = 1048576 (custom)
2019-11-14 00:32:57,649 [pool-163-thread-1] INFO  server.RaftServerConfigKeys (ConfUtils.java:logGet(43)) - raft.server.retrycache.expirytime = 600000ms (custom)
2019-11-14 00:32:57,649 [pool-173-thread-1] INFO  server.RaftServerConfigKeys (ConfUtils.java:logGet(43)) - raft.server.log.preallocated.size = 16384 (custom)
2019-11-14 00:32:57,649 [pool-163-thread-1] WARN  impl.MetricRegistriesImpl (MetricRegistriesImpl.java:lambda$create$1(61)) - First MetricRegistry has been created without registering reporters. You may need to call MetricRegistries.global().addReportRegistration(...) before.
2019-11-14 00:32:57,649 [pool-153-thread-1] INFO  server.RaftServerConfigKeys (ConfUtils.java:logGet(43)) - raft.server.log.preallocated.size = 16384 (custom)
2019-11-14 00:32:57,649 [pool-163-thread-1] WARN  impl.MetricRegistriesImpl (MetricRegistriesImpl.java:lambda$create$1(61)) - First MetricRegistry has been created without registering reporters. You may need to call MetricRegistries.global().addReportRegistration(...) before.
2019-11-14 00:32:57,649 [pool-173-thread-1] INFO  server.RaftServerConfigKeys (ConfUtils.java:logGet(43)) - raft.server.log.write.buffer.size = 33554432 (custom)
2019-11-14 00:32:57,650 [pool-163-thread-1] INFO  impl.RaftServerImpl (RaftServerImpl.java:start(184)) - c0a90149-7086-438b-b575-a58c52a879cd@group-A881902D583F: start as a follower, conf=-1: [82068b54-9744-4929-951d-196898e4ec33:192.168.34.25:45067, c0a90149-7086-438b-b575-a58c52a879cd:192.168.34.25:33958, 75a811de-d3cd-4e06-b16e-b70ad37a4427:192.168.34.25:45226], old=null
2019-11-14 00:32:57,650 [pool-163-thread-1] INFO  impl.RaftServerImpl (RaftServerImpl.java:setRole(173)) - c0a90149-7086-438b-b575-a58c52a879cd@group-A881902D583F: changes role from      null to FOLLOWER at term 0 for startAsFollower
2019-11-14 00:32:57,649 [pool-153-thread-1] INFO  server.RaftServerConfigKeys (ConfUtils.java:logGet(43)) - raft.server.log.write.buffer.size = 33554432 (custom)
2019-11-14 00:32:57,650 [pool-163-thread-1] INFO  impl.RoleInfo (RoleInfo.java:updateAndGet(143)) - c0a90149-7086-438b-b575-a58c52a879cd: start FollowerState
2019-11-14 00:32:57,650 [pool-173-thread-1] INFO  server.RaftServerConfigKeys (ConfUtils.java:logGet(43)) - raft.server.log.force.sync.num = 128 (default)
2019-11-14 00:32:57,650 [pool-153-thread-1] INFO  server.RaftServerConfigKeys (ConfUtils.java:logGet(43)) - raft.server.log.force.sync.num = 128 (default)
2019-11-14 00:32:57,650 [pool-173-thread-1] INFO  server.RaftServerConfigKeys (ConfUtils.java:logGet(43)) - raft.server.log.statemachine.data.sync = true (default)
2019-11-14 00:32:57,650 [pool-163-thread-1] INFO  util.JmxRegister (JmxRegister.java:tryRegister(44)) - Successfully registered JMX Bean with object name Ratis:service=RaftServer,group=group-A881902D583F,id=c0a90149-7086-438b-b575-a58c52a879cd
2019-11-14 00:32:57,651 [pool-173-thread-1] INFO  server.RaftServerConfigKeys (ConfUtils.java:logGet(43)) - raft.server.log.statemachine.data.sync.timeout = 10s (default)
2019-11-14 00:32:57,650 [pool-153-thread-1] INFO  server.RaftServerConfigKeys (ConfUtils.java:logGet(43)) - raft.server.log.statemachine.data.sync = true (default)
2019-11-14 00:32:57,651 [pool-173-thread-1] INFO  server.RaftServerConfigKeys (ConfUtils.java:logGet(43)) - raft.server.log.statemachine.data.sync.timeout.retry = -1 (default)
2019-11-14 00:32:57,651 [pool-163-thread-1] WARN  impl.MetricRegistriesImpl (MetricRegistriesImpl.java:lambda$create$1(61)) - First MetricRegistry has been created without registering reporters. You may need to call MetricRegistries.global().addReportRegistration(...) before.
2019-11-14 00:32:57,651 [pool-173-thread-1] INFO  server.RaftServerConfigKeys (ConfUtils.java:logGet(43)) - raft.server.log.statemachine.data.caching.enabled = true (custom)
2019-11-14 00:32:57,651 [pool-153-thread-1] INFO  server.RaftServerConfigKeys (ConfUtils.java:logGet(43)) - raft.server.log.statemachine.data.sync.timeout = 10s (default)
2019-11-14 00:32:57,652 [pool-153-thread-1] INFO  server.RaftServerConfigKeys (ConfUtils.java:logGet(43)) - raft.server.log.statemachine.data.sync.timeout.retry = -1 (default)
2019-11-14 00:32:57,652 [pool-173-thread-1] INFO  segmented.SegmentedRaftLogWorker (SegmentedRaftLogWorker.java:lambda$new$0(128)) - 82068b54-9744-4929-951d-196898e4ec33@group-A881902D583F-SegmentedRaftLogWorker: flushIndex: setUnconditionally 0 -> -1
2019-11-14 00:32:57,652 [pool-153-thread-1] INFO  server.RaftServerConfigKeys (ConfUtils.java:logGet(43)) - raft.server.log.statemachine.data.caching.enabled = true (custom)
2019-11-14 00:32:57,652 [pool-173-thread-1] INFO  server.RaftServerConfigKeys (ConfUtils.java:logGet(43)) - raft.server.snapshot.auto.trigger.enabled = true (custom)
2019-11-14 00:32:57,653 [pool-153-thread-1] INFO  segmented.SegmentedRaftLogWorker (SegmentedRaftLogWorker.java:lambda$new$0(128)) - 75a811de-d3cd-4e06-b16e-b70ad37a4427@group-A881902D583F-SegmentedRaftLogWorker: flushIndex: setUnconditionally 0 -> -1
2019-11-14 00:32:57,653 [pool-173-thread-1] INFO  server.RaftServerConfigKeys (ConfUtils.java:logGet(43)) - raft.server.snapshot.auto.trigger.threshold = 10000 (custom)
2019-11-14 00:32:57,653 [pool-153-thread-1] INFO  server.RaftServerConfigKeys (ConfUtils.java:logGet(43)) - raft.server.snapshot.auto.trigger.enabled = true (custom)
2019-11-14 00:32:57,653 [pool-173-thread-1] INFO  server.RaftServerConfigKeys (ConfUtils.java:logGet(43)) - raft.server.snapshot.retention.file.num = 5 (custom)
2019-11-14 00:32:57,653 [pool-153-thread-1] INFO  server.RaftServerConfigKeys (ConfUtils.java:logGet(43)) - raft.server.snapshot.auto.trigger.threshold = 10000 (custom)
2019-11-14 00:32:57,653 [pool-173-thread-1] INFO  server.RaftServerConfigKeys (ConfUtils.java:logGet(43)) - raft.server.retrycache.expirytime = 600000ms (custom)
2019-11-14 00:32:57,654 [pool-153-thread-1] INFO  server.RaftServerConfigKeys (ConfUtils.java:logGet(43)) - raft.server.snapshot.retention.file.num = 5 (custom)
2019-11-14 00:32:57,654 [pool-173-thread-1] WARN  impl.MetricRegistriesImpl (MetricRegistriesImpl.java:lambda$create$1(61)) - First MetricRegistry has been created without registering reporters. You may need to call MetricRegistries.global().addReportRegistration(...) before.
2019-11-14 00:32:57,654 [pool-153-thread-1] INFO  server.RaftServerConfigKeys (ConfUtils.java:logGet(43)) - raft.server.retrycache.expirytime = 600000ms (custom)
2019-11-14 00:32:57,654 [pool-173-thread-1] WARN  impl.MetricRegistriesImpl (MetricRegistriesImpl.java:lambda$create$1(61)) - First MetricRegistry has been created without registering reporters. You may need to call MetricRegistries.global().addReportRegistration(...) before.
2019-11-14 00:32:57,654 [pool-153-thread-1] WARN  impl.MetricRegistriesImpl (MetricRegistriesImpl.java:lambda$create$1(61)) - First MetricRegistry has been created without registering reporters. You may need to call MetricRegistries.global().addReportRegistration(...) before.
2019-11-14 00:32:57,655 [pool-173-thread-1] INFO  impl.RaftServerImpl (RaftServerImpl.java:start(184)) - 82068b54-9744-4929-951d-196898e4ec33@group-A881902D583F: start as a follower, conf=-1: [82068b54-9744-4929-951d-196898e4ec33:192.168.34.25:45067, c0a90149-7086-438b-b575-a58c52a879cd:192.168.34.25:33958, 75a811de-d3cd-4e06-b16e-b70ad37a4427:192.168.34.25:45226], old=null
2019-11-14 00:32:57,655 [pool-153-thread-1] WARN  impl.MetricRegistriesImpl (MetricRegistriesImpl.java:lambda$create$1(61)) - First MetricRegistry has been created without registering reporters. You may need to call MetricRegistries.global().addReportRegistration(...) before.
2019-11-14 00:32:57,655 [pool-173-thread-1] INFO  impl.RaftServerImpl (RaftServerImpl.java:setRole(173)) - 82068b54-9744-4929-951d-196898e4ec33@group-A881902D583F: changes role from      null to FOLLOWER at term 0 for startAsFollower
2019-11-14 00:32:57,655 [pool-153-thread-1] INFO  impl.RaftServerImpl (RaftServerImpl.java:start(184)) - 75a811de-d3cd-4e06-b16e-b70ad37a4427@group-A881902D583F: start as a follower, conf=-1: [82068b54-9744-4929-951d-196898e4ec33:192.168.34.25:45067, c0a90149-7086-438b-b575-a58c52a879cd:192.168.34.25:33958, 75a811de-d3cd-4e06-b16e-b70ad37a4427:192.168.34.25:45226], old=null
2019-11-14 00:32:57,655 [pool-173-thread-1] INFO  impl.RoleInfo (RoleInfo.java:updateAndGet(143)) - 82068b54-9744-4929-951d-196898e4ec33: start FollowerState
2019-11-14 00:32:57,655 [pool-153-thread-1] INFO  impl.RaftServerImpl (RaftServerImpl.java:setRole(173)) - 75a811de-d3cd-4e06-b16e-b70ad37a4427@group-A881902D583F: changes role from      null to FOLLOWER at term 0 for startAsFollower
2019-11-14 00:32:57,656 [pool-153-thread-1] INFO  impl.RoleInfo (RoleInfo.java:updateAndGet(143)) - 75a811de-d3cd-4e06-b16e-b70ad37a4427: start FollowerState
2019-11-14 00:32:57,656 [pool-173-thread-1] INFO  util.JmxRegister (JmxRegister.java:tryRegister(44)) - Successfully registered JMX Bean with object name Ratis:service=RaftServer,group=group-A881902D583F,id=82068b54-9744-4929-951d-196898e4ec33
2019-11-14 00:32:57,656 [pool-173-thread-1] WARN  impl.MetricRegistriesImpl (MetricRegistriesImpl.java:lambda$create$1(61)) - First MetricRegistry has been created without registering reporters. You may need to call MetricRegistries.global().addReportRegistration(...) before.
2019-11-14 00:32:57,656 [pool-153-thread-1] INFO  util.JmxRegister (JmxRegister.java:tryRegister(44)) - Successfully registered JMX Bean with object name Ratis:service=RaftServer,group=group-A881902D583F,id=75a811de-d3cd-4e06-b16e-b70ad37a4427
2019-11-14 00:32:57,657 [pool-153-thread-1] WARN  impl.MetricRegistriesImpl (MetricRegistriesImpl.java:lambda$create$1(61)) - First MetricRegistry has been created without registering reporters. You may need to call MetricRegistries.global().addReportRegistration(...) before.
2019-11-14 00:32:57,659 [RatisPipelineUtilsThread] INFO  pipeline.PipelineStateManager (PipelineStateManager.java:addPipeline(55)) - Created pipeline Pipeline[ Id: d6397611-a672-4634-8b28-a881902d583f, Nodes: c0a90149-7086-438b-b575-a58c52a879cd{ip: 192.168.34.25, host: pr-hdds-2474-ghsjm-2904119463, networkLocation: /default-rack, certSerialId: null}75a811de-d3cd-4e06-b16e-b70ad37a4427{ip: 192.168.34.25, host: pr-hdds-2474-ghsjm-2904119463, networkLocation: /default-rack, certSerialId: null}82068b54-9744-4929-951d-196898e4ec33{ip: 192.168.34.25, host: pr-hdds-2474-ghsjm-2904119463, networkLocation: /default-rack, certSerialId: null}, Type:RATIS, Factor:THREE, State:ALLOCATED]
2019-11-14 00:32:57,707 [IPC Server handler 4 on 42736] INFO  net.NetworkTopology (NetworkTopologyImpl.java:add(111)) - Added a new node: /default-rack/c7c4673b-1be2-45f8-9c29-c9228fccc788
2019-11-14 00:32:57,707 [IPC Server handler 4 on 42736] INFO  node.SCMNodeManager (SCMNodeManager.java:register(267)) - Registered Data node : c7c4673b-1be2-45f8-9c29-c9228fccc788{ip: 192.168.34.25, host: pr-hdds-2474-ghsjm-2904119463, networkLocation: /default-rack, certSerialId: null}
2019-11-14 00:32:57,713 [grpc-default-executor-3] INFO  impl.RaftServerProxy (RaftServerProxy.java:addNew(89)) - 599e9361-b00a-4387-8c81-1beb440b27b2: addNew group-11A3D5B26D51:[599e9361-b00a-4387-8c81-1beb440b27b2:192.168.34.25:40470] returns group-11A3D5B26D51:java.util.concurrent.CompletableFuture@1df98124[Not completed]
2019-11-14 00:32:57,715 [pool-183-thread-1] INFO  impl.RaftServerImpl (RaftServerImpl.java:<init>(98)) - 599e9361-b00a-4387-8c81-1beb440b27b2: new RaftServerImpl for group-11A3D5B26D51:[599e9361-b00a-4387-8c81-1beb440b27b2:192.168.34.25:40470] with ContainerStateMachine:uninitialized
2019-11-14 00:32:57,715 [pool-183-thread-1] INFO  server.RaftServerConfigKeys (ConfUtils.java:logGet(43)) - raft.server.rpc.timeout.min = 1s (custom)
2019-11-14 00:32:57,715 [pool-183-thread-1] INFO  server.RaftServerConfigKeys (ConfUtils.java:logGet(43)) - raft.server.rpc.timeout.max = 1200ms (custom)
2019-11-14 00:32:57,715 [pool-183-thread-1] INFO  server.RaftServerConfigKeys (ConfUtils.java:logGet(43)) - raft.server.rpcslowness.timeout = 120s (custom)
2019-11-14 00:32:57,715 [pool-183-thread-1] INFO  server.RaftServerConfigKeys (ConfUtils.java:logGet(43)) - raft.server.sleep.deviation.threshold = 300 (default)
2019-11-14 00:32:57,715 [pool-183-thread-1] INFO  server.RaftServerConfigKeys (ConfUtils.java:logGet(43)) - raft.server.log.appender.install.snapshot.enabled = false (custom)
2019-11-14 00:32:57,715 [pool-183-thread-1] INFO  impl.RaftServerImpl (ServerState.java:<init>(103)) - 599e9361-b00a-4387-8c81-1beb440b27b2@group-11A3D5B26D51: ConfigurationManager, init=-1: [599e9361-b00a-4387-8c81-1beb440b27b2:192.168.34.25:40470], old=null, confs=<EMPTY_MAP>
2019-11-14 00:32:57,716 [pool-183-thread-1] INFO  server.RaftServerConfigKeys (ConfUtils.java:logGet(43)) - raft.server.storage.dir = [/workdir/hadoop-ozone/integration-test/target/test-dir/MiniOzoneClusterImpl-60470fcf-478e-41fe-85ae-08a0494ed2ed/datanode-3/data/ratis] (custom)
2019-11-14 00:32:57,716 [pool-183-thread-1] INFO  server.RaftServerConfigKeys (ConfUtils.java:logGet(43)) - raft.server.log.corruption.policy = EXCEPTION (default)
2019-11-14 00:32:57,716 [pool-183-thread-1] INFO  storage.RaftStorageDirectory (RaftStorageDirectory.java:analyzeStorage(246)) - The storage directory /workdir/hadoop-ozone/integration-test/target/test-dir/MiniOzoneClusterImpl-60470fcf-478e-41fe-85ae-08a0494ed2ed/datanode-3/data/ratis/c02d126c-79d7-413e-afae-11a3d5b26d51 does not exist. Creating ...
2019-11-14 00:32:57,729 [pool-183-thread-1] INFO  storage.RaftStorageDirectory (RaftStorageDirectory.java:tryLock(328)) - Lock on /workdir/hadoop-ozone/integration-test/target/test-dir/MiniOzoneClusterImpl-60470fcf-478e-41fe-85ae-08a0494ed2ed/datanode-3/data/ratis/c02d126c-79d7-413e-afae-11a3d5b26d51/in_use.lock acquired by nodename 4274@pr-hdds-2474-ghsjm-2904119463
2019-11-14 00:32:57,742 [pool-183-thread-1] INFO  storage.RaftStorage (RaftStorage.java:format(84)) - Storage directory /workdir/hadoop-ozone/integration-test/target/test-dir/MiniOzoneClusterImpl-60470fcf-478e-41fe-85ae-08a0494ed2ed/datanode-3/data/ratis/c02d126c-79d7-413e-afae-11a3d5b26d51 has been successfully formatted.
2019-11-14 00:32:57,742 [pool-183-thread-1] INFO  ratis.ContainerStateMachine (ContainerStateMachine.java:loadSnapshot(223)) - group-11A3D5B26D51: The snapshot info is null. Setting the last applied indexto:(t:0, i:~)
2019-11-14 00:32:57,742 [pool-183-thread-1] INFO  server.RaftServerConfigKeys (ConfUtils.java:logGet(43)) - raft.server.notification.no-leader.timeout = 120s (custom)
2019-11-14 00:32:57,742 [pool-183-thread-1] INFO  server.RaftServerConfigKeys (ConfUtils.java:logGet(43)) - raft.server.log.use.memory = false (default)
2019-11-14 00:32:57,743 [pool-183-thread-1] INFO  server.RaftServerConfigKeys (ConfUtils.java:logGet(43)) - raft.server.log.purge.gap = 1000000 (custom)
2019-11-14 00:32:57,743 [pool-183-thread-1] INFO  server.RaftServerConfigKeys (ConfUtils.java:logGet(43)) - raft.server.log.appender.buffer.byte-limit = 33554432 (custom)
2019-11-14 00:32:57,743 [pool-183-thread-1] INFO  server.RaftServerConfigKeys (ConfUtils.java:logGet(43)) - raft.server.log.segment.size.max = 1048576 (custom)
2019-11-14 00:32:57,743 [pool-183-thread-1] WARN  impl.MetricRegistriesImpl (MetricRegistriesImpl.java:lambda$create$1(61)) - First MetricRegistry has been created without registering reporters. You may need to call MetricRegistries.global().addReportRegistration(...) before.
2019-11-14 00:32:57,743 [pool-183-thread-1] INFO  server.RaftServerConfigKeys (ConfUtils.java:logGet(43)) - raft.server.log.segment.cache.num.max = 2 (custom)
2019-11-14 00:32:57,743 [pool-183-thread-1] INFO  segmented.SegmentedRaftLogWorker (SegmentedRaftLogWorker.java:<init>(173)) - new 599e9361-b00a-4387-8c81-1beb440b27b2@group-11A3D5B26D51-SegmentedRaftLogWorker for RaftStorage:Storage Directory /workdir/hadoop-ozone/integration-test/target/test-dir/MiniOzoneClusterImpl-60470fcf-478e-41fe-85ae-08a0494ed2ed/datanode-3/data/ratis/c02d126c-79d7-413e-afae-11a3d5b26d51
2019-11-14 00:32:57,743 [pool-183-thread-1] INFO  server.RaftServerConfigKeys (ConfUtils.java:logGet(43)) - raft.server.log.queue.byte-limit = 2147483647 (custom)
2019-11-14 00:32:57,743 [pool-183-thread-1] INFO  server.RaftServerConfigKeys (ConfUtils.java:logGet(43)) - raft.server.log.queue.element-limit = 1024 (custom)
2019-11-14 00:32:57,743 [pool-183-thread-1] INFO  server.RaftServerConfigKeys (ConfUtils.java:logGet(43)) - raft.server.log.segment.size.max = 1048576 (custom)
2019-11-14 00:32:57,744 [pool-183-thread-1] INFO  server.RaftServerConfigKeys (ConfUtils.java:logGet(43)) - raft.server.log.preallocated.size = 16384 (custom)
2019-11-14 00:32:57,744 [pool-183-thread-1] INFO  server.RaftServerConfigKeys (ConfUtils.java:logGet(43)) - raft.server.log.write.buffer.size = 33554432 (custom)
2019-11-14 00:32:57,744 [pool-183-thread-1] INFO  server.RaftServerConfigKeys (ConfUtils.java:logGet(43)) - raft.server.log.force.sync.num = 128 (default)
2019-11-14 00:32:57,744 [pool-183-thread-1] INFO  server.RaftServerConfigKeys (ConfUtils.java:logGet(43)) - raft.server.log.statemachine.data.sync = true (default)
2019-11-14 00:32:57,744 [pool-183-thread-1] INFO  server.RaftServerConfigKeys (ConfUtils.java:logGet(43)) - raft.server.log.statemachine.data.sync.timeout = 10s (default)
2019-11-14 00:32:57,744 [pool-183-thread-1] INFO  server.RaftServerConfigKeys (ConfUtils.java:logGet(43)) - raft.server.log.statemachine.data.sync.timeout.retry = -1 (default)
2019-11-14 00:32:57,744 [pool-183-thread-1] INFO  server.RaftServerConfigKeys (ConfUtils.java:logGet(43)) - raft.server.log.statemachine.data.caching.enabled = true (custom)
2019-11-14 00:32:57,745 [pool-183-thread-1] INFO  segmented.SegmentedRaftLogWorker (SegmentedRaftLogWorker.java:lambda$new$0(128)) - 599e9361-b00a-4387-8c81-1beb440b27b2@group-11A3D5B26D51-SegmentedRaftLogWorker: flushIndex: setUnconditionally 0 -> -1
2019-11-14 00:32:57,745 [pool-183-thread-1] INFO  server.RaftServerConfigKeys (ConfUtils.java:logGet(43)) - raft.server.snapshot.auto.trigger.enabled = true (custom)
2019-11-14 00:32:57,745 [pool-183-thread-1] INFO  server.RaftServerConfigKeys (ConfUtils.java:logGet(43)) - raft.server.snapshot.auto.trigger.threshold = 10000 (custom)
2019-11-14 00:32:57,745 [pool-183-thread-1] INFO  server.RaftServerConfigKeys (ConfUtils.java:logGet(43)) - raft.server.snapshot.retention.file.num = 5 (custom)
2019-11-14 00:32:57,745 [pool-183-thread-1] INFO  server.RaftServerConfigKeys (ConfUtils.java:logGet(43)) - raft.server.retrycache.expirytime = 600000ms (custom)
2019-11-14 00:32:57,745 [pool-183-thread-1] WARN  impl.MetricRegistriesImpl (MetricRegistriesImpl.java:lambda$create$1(61)) - First MetricRegistry has been created without registering reporters. You may need to call MetricRegistries.global().addReportRegistration(...) before.
2019-11-14 00:32:57,746 [pool-183-thread-1] WARN  impl.MetricRegistriesImpl (MetricRegistriesImpl.java:lambda$create$1(61)) - First MetricRegistry has been created without registering reporters. You may need to call MetricRegistries.global().addReportRegistration(...) before.
2019-11-14 00:32:57,746 [pool-183-thread-1] INFO  impl.RaftServerImpl (RaftServerImpl.java:start(184)) - 599e9361-b00a-4387-8c81-1beb440b27b2@group-11A3D5B26D51: start as a follower, conf=-1: [599e9361-b00a-4387-8c81-1beb440b27b2:192.168.34.25:40470], old=null
2019-11-14 00:32:57,746 [pool-183-thread-1] INFO  impl.RaftServerImpl (RaftServerImpl.java:setRole(173)) - 599e9361-b00a-4387-8c81-1beb440b27b2@group-11A3D5B26D51: changes role from      null to FOLLOWER at term 0 for startAsFollower
2019-11-14 00:32:57,746 [pool-183-thread-1] INFO  impl.RoleInfo (RoleInfo.java:updateAndGet(143)) - 599e9361-b00a-4387-8c81-1beb440b27b2: start FollowerState
2019-11-14 00:32:57,746 [pool-183-thread-1] INFO  util.JmxRegister (JmxRegister.java:tryRegister(44)) - Successfully registered JMX Bean with object name Ratis:service=RaftServer,group=group-11A3D5B26D51,id=599e9361-b00a-4387-8c81-1beb440b27b2
2019-11-14 00:32:57,746 [pool-183-thread-1] WARN  impl.MetricRegistriesImpl (MetricRegistriesImpl.java:lambda$create$1(61)) - First MetricRegistry has been created without registering reporters. You may need to call MetricRegistries.global().addReportRegistration(...) before.
2019-11-14 00:32:57,749 [RatisPipelineUtilsThread] INFO  pipeline.PipelineStateManager (PipelineStateManager.java:addPipeline(55)) - Created pipeline Pipeline[ Id: c02d126c-79d7-413e-afae-11a3d5b26d51, Nodes: 599e9361-b00a-4387-8c81-1beb440b27b2{ip: 192.168.34.25, host: pr-hdds-2474-ghsjm-2904119463, networkLocation: /default-rack, certSerialId: null}, Type:RATIS, Factor:ONE, State:ALLOCATED]
2019-11-14 00:32:57,755 [grpc-default-executor-3] INFO  impl.RaftServerProxy (RaftServerProxy.java:addNew(89)) - c7c4673b-1be2-45f8-9c29-c9228fccc788: addNew group-A81C71C47635:[c7c4673b-1be2-45f8-9c29-c9228fccc788:192.168.34.25:39151] returns group-A81C71C47635:java.util.concurrent.CompletableFuture@5d56f628[Not completed]
2019-11-14 00:32:57,756 [pool-193-thread-1] INFO  impl.RaftServerImpl (RaftServerImpl.java:<init>(98)) - c7c4673b-1be2-45f8-9c29-c9228fccc788: new RaftServerImpl for group-A81C71C47635:[c7c4673b-1be2-45f8-9c29-c9228fccc788:192.168.34.25:39151] with ContainerStateMachine:uninitialized
2019-11-14 00:32:57,756 [pool-193-thread-1] INFO  server.RaftServerConfigKeys (ConfUtils.java:logGet(43)) - raft.server.rpc.timeout.min = 1s (custom)
2019-11-14 00:32:57,756 [pool-193-thread-1] INFO  server.RaftServerConfigKeys (ConfUtils.java:logGet(43)) - raft.server.rpc.timeout.max = 1200ms (custom)
2019-11-14 00:32:57,757 [pool-193-thread-1] INFO  server.RaftServerConfigKeys (ConfUtils.java:logGet(43)) - raft.server.rpcslowness.timeout = 120s (custom)
2019-11-14 00:32:57,757 [pool-193-thread-1] INFO  server.RaftServerConfigKeys (ConfUtils.java:logGet(43)) - raft.server.sleep.deviation.threshold = 300 (default)
2019-11-14 00:32:57,757 [pool-193-thread-1] INFO  server.RaftServerConfigKeys (ConfUtils.java:logGet(43)) - raft.server.log.appender.install.snapshot.enabled = false (custom)
2019-11-14 00:32:57,757 [pool-193-thread-1] INFO  impl.RaftServerImpl (ServerState.java:<init>(103)) - c7c4673b-1be2-45f8-9c29-c9228fccc788@group-A81C71C47635: ConfigurationManager, init=-1: [c7c4673b-1be2-45f8-9c29-c9228fccc788:192.168.34.25:39151], old=null, confs=<EMPTY_MAP>
2019-11-14 00:32:57,757 [pool-193-thread-1] INFO  server.RaftServerConfigKeys (ConfUtils.java:logGet(43)) - raft.server.storage.dir = [/workdir/hadoop-ozone/integration-test/target/test-dir/MiniOzoneClusterImpl-60470fcf-478e-41fe-85ae-08a0494ed2ed/datanode-4/data/ratis] (custom)
2019-11-14 00:32:57,758 [pool-193-thread-1] INFO  server.RaftServerConfigKeys (ConfUtils.java:logGet(43)) - raft.server.log.corruption.policy = EXCEPTION (default)
2019-11-14 00:32:57,758 [pool-193-thread-1] INFO  storage.RaftStorageDirectory (RaftStorageDirectory.java:analyzeStorage(246)) - The storage directory /workdir/hadoop-ozone/integration-test/target/test-dir/MiniOzoneClusterImpl-60470fcf-478e-41fe-85ae-08a0494ed2ed/datanode-4/data/ratis/b48ba456-0de8-4857-a8b6-a81c71c47635 does not exist. Creating ...
2019-11-14 00:32:57,804 [IPC Server handler 5 on 42736] INFO  net.NetworkTopology (NetworkTopologyImpl.java:add(111)) - Added a new node: /default-rack/4b7ea911-6ec4-41f6-86c3-8c310b409e67
2019-11-14 00:32:57,804 [IPC Server handler 5 on 42736] INFO  node.SCMNodeManager (SCMNodeManager.java:register(267)) - Registered Data node : 4b7ea911-6ec4-41f6-86c3-8c310b409e67{ip: 192.168.34.25, host: pr-hdds-2474-ghsjm-2904119463, networkLocation: /default-rack, certSerialId: null}
2019-11-14 00:32:57,994 [pool-193-thread-1] INFO  storage.RaftStorageDirectory (RaftStorageDirectory.java:tryLock(328)) - Lock on /workdir/hadoop-ozone/integration-test/target/test-dir/MiniOzoneClusterImpl-60470fcf-478e-41fe-85ae-08a0494ed2ed/datanode-4/data/ratis/b48ba456-0de8-4857-a8b6-a81c71c47635/in_use.lock acquired by nodename 4274@pr-hdds-2474-ghsjm-2904119463
2019-11-14 00:32:58,031 [pool-193-thread-1] INFO  storage.RaftStorage (RaftStorage.java:format(84)) - Storage directory /workdir/hadoop-ozone/integration-test/target/test-dir/MiniOzoneClusterImpl-60470fcf-478e-41fe-85ae-08a0494ed2ed/datanode-4/data/ratis/b48ba456-0de8-4857-a8b6-a81c71c47635 has been successfully formatted.
2019-11-14 00:32:58,031 [pool-193-thread-1] INFO  ratis.ContainerStateMachine (ContainerStateMachine.java:loadSnapshot(223)) - group-A81C71C47635: The snapshot info is null. Setting the last applied indexto:(t:0, i:~)
2019-11-14 00:32:58,032 [pool-193-thread-1] INFO  server.RaftServerConfigKeys (ConfUtils.java:logGet(43)) - raft.server.notification.no-leader.timeout = 120s (custom)
2019-11-14 00:32:58,032 [pool-193-thread-1] INFO  server.RaftServerConfigKeys (ConfUtils.java:logGet(43)) - raft.server.log.use.memory = false (default)
2019-11-14 00:32:58,032 [pool-193-thread-1] INFO  server.RaftServerConfigKeys (ConfUtils.java:logGet(43)) - raft.server.log.purge.gap = 1000000 (custom)
2019-11-14 00:32:58,032 [pool-193-thread-1] INFO  server.RaftServerConfigKeys (ConfUtils.java:logGet(43)) - raft.server.log.appender.buffer.byte-limit = 33554432 (custom)
2019-11-14 00:32:58,032 [pool-193-thread-1] INFO  server.RaftServerConfigKeys (ConfUtils.java:logGet(43)) - raft.server.log.segment.size.max = 1048576 (custom)
2019-11-14 00:32:58,032 [pool-193-thread-1] WARN  impl.MetricRegistriesImpl (MetricRegistriesImpl.java:lambda$create$1(61)) - First MetricRegistry has been created without registering reporters. You may need to call MetricRegistries.global().addReportRegistration(...) before.
2019-11-14 00:32:58,032 [pool-193-thread-1] INFO  server.RaftServerConfigKeys (ConfUtils.java:logGet(43)) - raft.server.log.segment.cache.num.max = 2 (custom)
2019-11-14 00:32:58,032 [pool-193-thread-1] INFO  segmented.SegmentedRaftLogWorker (SegmentedRaftLogWorker.java:<init>(173)) - new c7c4673b-1be2-45f8-9c29-c9228fccc788@group-A81C71C47635-SegmentedRaftLogWorker for RaftStorage:Storage Directory /workdir/hadoop-ozone/integration-test/target/test-dir/MiniOzoneClusterImpl-60470fcf-478e-41fe-85ae-08a0494ed2ed/datanode-4/data/ratis/b48ba456-0de8-4857-a8b6-a81c71c47635
2019-11-14 00:32:58,032 [pool-193-thread-1] INFO  server.RaftServerConfigKeys (ConfUtils.java:logGet(43)) - raft.server.log.queue.byte-limit = 2147483647 (custom)
2019-11-14 00:32:58,032 [pool-193-thread-1] INFO  server.RaftServerConfigKeys (ConfUtils.java:logGet(43)) - raft.server.log.queue.element-limit = 1024 (custom)
2019-11-14 00:32:58,032 [pool-193-thread-1] INFO  server.RaftServerConfigKeys (ConfUtils.java:logGet(43)) - raft.server.log.segment.size.max = 1048576 (custom)
2019-11-14 00:32:58,033 [pool-193-thread-1] INFO  server.RaftServerConfigKeys (ConfUtils.java:logGet(43)) - raft.server.log.preallocated.size = 16384 (custom)
2019-11-14 00:32:58,033 [pool-193-thread-1] INFO  server.RaftServerConfigKeys (ConfUtils.java:logGet(43)) - raft.server.log.write.buffer.size = 33554432 (custom)
2019-11-14 00:32:58,033 [pool-193-thread-1] INFO  server.RaftServerConfigKeys (ConfUtils.java:logGet(43)) - raft.server.log.force.sync.num = 128 (default)
2019-11-14 00:32:58,033 [pool-193-thread-1] INFO  server.RaftServerConfigKeys (ConfUtils.java:logGet(43)) - raft.server.log.statemachine.data.sync = true (default)
2019-11-14 00:32:58,033 [pool-193-thread-1] INFO  server.RaftServerConfigKeys (ConfUtils.java:logGet(43)) - raft.server.log.statemachine.data.sync.timeout = 10s (default)
2019-11-14 00:32:58,033 [pool-193-thread-1] INFO  server.RaftServerConfigKeys (ConfUtils.java:logGet(43)) - raft.server.log.statemachine.data.sync.timeout.retry = -1 (default)
2019-11-14 00:32:58,033 [pool-193-thread-1] INFO  server.RaftServerConfigKeys (ConfUtils.java:logGet(43)) - raft.server.log.statemachine.data.caching.enabled = true (custom)
2019-11-14 00:32:58,033 [pool-193-thread-1] INFO  segmented.SegmentedRaftLogWorker (SegmentedRaftLogWorker.java:lambda$new$0(128)) - c7c4673b-1be2-45f8-9c29-c9228fccc788@group-A81C71C47635-SegmentedRaftLogWorker: flushIndex: setUnconditionally 0 -> -1
2019-11-14 00:32:58,034 [pool-193-thread-1] INFO  server.RaftServerConfigKeys (ConfUtils.java:logGet(43)) - raft.server.snapshot.auto.trigger.enabled = true (custom)
2019-11-14 00:32:58,034 [pool-193-thread-1] INFO  server.RaftServerConfigKeys (ConfUtils.java:logGet(43)) - raft.server.snapshot.auto.trigger.threshold = 10000 (custom)
2019-11-14 00:32:58,034 [pool-193-thread-1] INFO  server.RaftServerConfigKeys (ConfUtils.java:logGet(43)) - raft.server.snapshot.retention.file.num = 5 (custom)
2019-11-14 00:32:58,034 [pool-193-thread-1] INFO  server.RaftServerConfigKeys (ConfUtils.java:logGet(43)) - raft.server.retrycache.expirytime = 600000ms (custom)
2019-11-14 00:32:58,034 [pool-193-thread-1] WARN  impl.MetricRegistriesImpl (MetricRegistriesImpl.java:lambda$create$1(61)) - First MetricRegistry has been created without registering reporters. You may need to call MetricRegistries.global().addReportRegistration(...) before.
2019-11-14 00:32:58,034 [pool-193-thread-1] WARN  impl.MetricRegistriesImpl (MetricRegistriesImpl.java:lambda$create$1(61)) - First MetricRegistry has been created without registering reporters. You may need to call MetricRegistries.global().addReportRegistration(...) before.
2019-11-14 00:32:58,034 [pool-193-thread-1] INFO  impl.RaftServerImpl (RaftServerImpl.java:start(184)) - c7c4673b-1be2-45f8-9c29-c9228fccc788@group-A81C71C47635: start as a follower, conf=-1: [c7c4673b-1be2-45f8-9c29-c9228fccc788:192.168.34.25:39151], old=null
2019-11-14 00:32:58,034 [pool-193-thread-1] INFO  impl.RaftServerImpl (RaftServerImpl.java:setRole(173)) - c7c4673b-1be2-45f8-9c29-c9228fccc788@group-A81C71C47635: changes role from      null to FOLLOWER at term 0 for startAsFollower
2019-11-14 00:32:58,034 [pool-193-thread-1] INFO  impl.RoleInfo (RoleInfo.java:updateAndGet(143)) - c7c4673b-1be2-45f8-9c29-c9228fccc788: start FollowerState
2019-11-14 00:32:58,035 [pool-193-thread-1] INFO  util.JmxRegister (JmxRegister.java:tryRegister(44)) - Successfully registered JMX Bean with object name Ratis:service=RaftServer,group=group-A81C71C47635,id=c7c4673b-1be2-45f8-9c29-c9228fccc788
2019-11-14 00:32:58,035 [pool-193-thread-1] WARN  impl.MetricRegistriesImpl (MetricRegistriesImpl.java:lambda$create$1(61)) - First MetricRegistry has been created without registering reporters. You may need to call MetricRegistries.global().addReportRegistration(...) before.
2019-11-14 00:32:58,037 [RatisPipelineUtilsThread] INFO  pipeline.PipelineStateManager (PipelineStateManager.java:addPipeline(55)) - Created pipeline Pipeline[ Id: b48ba456-0de8-4857-a8b6-a81c71c47635, Nodes: c7c4673b-1be2-45f8-9c29-c9228fccc788{ip: 192.168.34.25, host: pr-hdds-2474-ghsjm-2904119463, networkLocation: /default-rack, certSerialId: null}, Type:RATIS, Factor:ONE, State:ALLOCATED]
2019-11-14 00:32:58,043 [grpc-default-executor-3] INFO  impl.RaftServerProxy (RaftServerProxy.java:addNew(89)) - 4b7ea911-6ec4-41f6-86c3-8c310b409e67: addNew group-B7AD03D77DBE:[4b7ea911-6ec4-41f6-86c3-8c310b409e67:192.168.34.25:41710] returns group-B7AD03D77DBE:java.util.concurrent.CompletableFuture@1da6e71d[Not completed]
2019-11-14 00:32:58,044 [pool-203-thread-1] INFO  impl.RaftServerImpl (RaftServerImpl.java:<init>(98)) - 4b7ea911-6ec4-41f6-86c3-8c310b409e67: new RaftServerImpl for group-B7AD03D77DBE:[4b7ea911-6ec4-41f6-86c3-8c310b409e67:192.168.34.25:41710] with ContainerStateMachine:uninitialized
2019-11-14 00:32:58,044 [pool-203-thread-1] INFO  server.RaftServerConfigKeys (ConfUtils.java:logGet(43)) - raft.server.rpc.timeout.min = 1s (custom)
2019-11-14 00:32:58,044 [pool-203-thread-1] INFO  server.RaftServerConfigKeys (ConfUtils.java:logGet(43)) - raft.server.rpc.timeout.max = 1200ms (custom)
2019-11-14 00:32:58,044 [pool-203-thread-1] INFO  server.RaftServerConfigKeys (ConfUtils.java:logGet(43)) - raft.server.rpcslowness.timeout = 120s (custom)
2019-11-14 00:32:58,045 [pool-203-thread-1] INFO  server.RaftServerConfigKeys (ConfUtils.java:logGet(43)) - raft.server.sleep.deviation.threshold = 300 (default)
2019-11-14 00:32:58,045 [pool-203-thread-1] INFO  server.RaftServerConfigKeys (ConfUtils.java:logGet(43)) - raft.server.log.appender.install.snapshot.enabled = false (custom)
2019-11-14 00:32:58,045 [pool-203-thread-1] INFO  impl.RaftServerImpl (ServerState.java:<init>(103)) - 4b7ea911-6ec4-41f6-86c3-8c310b409e67@group-B7AD03D77DBE: ConfigurationManager, init=-1: [4b7ea911-6ec4-41f6-86c3-8c310b409e67:192.168.34.25:41710], old=null, confs=<EMPTY_MAP>
2019-11-14 00:32:58,045 [pool-203-thread-1] INFO  server.RaftServerConfigKeys (ConfUtils.java:logGet(43)) - raft.server.storage.dir = [/workdir/hadoop-ozone/integration-test/target/test-dir/MiniOzoneClusterImpl-60470fcf-478e-41fe-85ae-08a0494ed2ed/datanode-5/data/ratis] (custom)
2019-11-14 00:32:58,045 [pool-203-thread-1] INFO  server.RaftServerConfigKeys (ConfUtils.java:logGet(43)) - raft.server.log.corruption.policy = EXCEPTION (default)
2019-11-14 00:32:58,045 [pool-203-thread-1] INFO  storage.RaftStorageDirectory (RaftStorageDirectory.java:analyzeStorage(246)) - The storage directory /workdir/hadoop-ozone/integration-test/target/test-dir/MiniOzoneClusterImpl-60470fcf-478e-41fe-85ae-08a0494ed2ed/datanode-5/data/ratis/b382fe41-3b04-41e1-bbae-b7ad03d77dbe does not exist. Creating ...
2019-11-14 00:32:58,057 [pool-203-thread-1] INFO  storage.RaftStorageDirectory (RaftStorageDirectory.java:tryLock(328)) - Lock on /workdir/hadoop-ozone/integration-test/target/test-dir/MiniOzoneClusterImpl-60470fcf-478e-41fe-85ae-08a0494ed2ed/datanode-5/data/ratis/b382fe41-3b04-41e1-bbae-b7ad03d77dbe/in_use.lock acquired by nodename 4274@pr-hdds-2474-ghsjm-2904119463
2019-11-14 00:32:58,071 [pool-203-thread-1] INFO  storage.RaftStorage (RaftStorage.java:format(84)) - Storage directory /workdir/hadoop-ozone/integration-test/target/test-dir/MiniOzoneClusterImpl-60470fcf-478e-41fe-85ae-08a0494ed2ed/datanode-5/data/ratis/b382fe41-3b04-41e1-bbae-b7ad03d77dbe has been successfully formatted.
2019-11-14 00:32:58,071 [pool-203-thread-1] INFO  ratis.ContainerStateMachine (ContainerStateMachine.java:loadSnapshot(223)) - group-B7AD03D77DBE: The snapshot info is null. Setting the last applied indexto:(t:0, i:~)
2019-11-14 00:32:58,071 [pool-203-thread-1] INFO  server.RaftServerConfigKeys (ConfUtils.java:logGet(43)) - raft.server.notification.no-leader.timeout = 120s (custom)
2019-11-14 00:32:58,071 [pool-203-thread-1] INFO  server.RaftServerConfigKeys (ConfUtils.java:logGet(43)) - raft.server.log.use.memory = false (default)
2019-11-14 00:32:58,071 [pool-203-thread-1] INFO  server.RaftServerConfigKeys (ConfUtils.java:logGet(43)) - raft.server.log.purge.gap = 1000000 (custom)
2019-11-14 00:32:58,072 [pool-203-thread-1] INFO  server.RaftServerConfigKeys (ConfUtils.java:logGet(43)) - raft.server.log.appender.buffer.byte-limit = 33554432 (custom)
2019-11-14 00:32:58,072 [pool-203-thread-1] INFO  server.RaftServerConfigKeys (ConfUtils.java:logGet(43)) - raft.server.log.segment.size.max = 1048576 (custom)
2019-11-14 00:32:58,072 [pool-203-thread-1] WARN  impl.MetricRegistriesImpl (MetricRegistriesImpl.java:lambda$create$1(61)) - First MetricRegistry has been created without registering reporters. You may need to call MetricRegistries.global().addReportRegistration(...) before.
2019-11-14 00:32:58,072 [pool-203-thread-1] INFO  server.RaftServerConfigKeys (ConfUtils.java:logGet(43)) - raft.server.log.segment.cache.num.max = 2 (custom)
2019-11-14 00:32:58,072 [pool-203-thread-1] INFO  segmented.SegmentedRaftLogWorker (SegmentedRaftLogWorker.java:<init>(173)) - new 4b7ea911-6ec4-41f6-86c3-8c310b409e67@group-B7AD03D77DBE-SegmentedRaftLogWorker for RaftStorage:Storage Directory /workdir/hadoop-ozone/integration-test/target/test-dir/MiniOzoneClusterImpl-60470fcf-478e-41fe-85ae-08a0494ed2ed/datanode-5/data/ratis/b382fe41-3b04-41e1-bbae-b7ad03d77dbe
2019-11-14 00:32:58,072 [pool-203-thread-1] INFO  server.RaftServerConfigKeys (ConfUtils.java:logGet(43)) - raft.server.log.queue.byte-limit = 2147483647 (custom)
2019-11-14 00:32:58,072 [pool-203-thread-1] INFO  server.RaftServerConfigKeys (ConfUtils.java:logGet(43)) - raft.server.log.queue.element-limit = 1024 (custom)
2019-11-14 00:32:58,072 [pool-203-thread-1] INFO  server.RaftServerConfigKeys (ConfUtils.java:logGet(43)) - raft.server.log.segment.size.max = 1048576 (custom)
2019-11-14 00:32:58,072 [pool-203-thread-1] INFO  server.RaftServerConfigKeys (ConfUtils.java:logGet(43)) - raft.server.log.preallocated.size = 16384 (custom)
2019-11-14 00:32:58,072 [pool-203-thread-1] INFO  server.RaftServerConfigKeys (ConfUtils.java:logGet(43)) - raft.server.log.write.buffer.size = 33554432 (custom)
2019-11-14 00:32:58,073 [pool-203-thread-1] INFO  server.RaftServerConfigKeys (ConfUtils.java:logGet(43)) - raft.server.log.force.sync.num = 128 (default)
2019-11-14 00:32:58,073 [pool-203-thread-1] INFO  server.RaftServerConfigKeys (ConfUtils.java:logGet(43)) - raft.server.log.statemachine.data.sync = true (default)
2019-11-14 00:32:58,073 [pool-203-thread-1] INFO  server.RaftServerConfigKeys (ConfUtils.java:logGet(43)) - raft.server.log.statemachine.data.sync.timeout = 10s (default)
2019-11-14 00:32:58,073 [pool-203-thread-1] INFO  server.RaftServerConfigKeys (ConfUtils.java:logGet(43)) - raft.server.log.statemachine.data.sync.timeout.retry = -1 (default)
2019-11-14 00:32:58,073 [pool-203-thread-1] INFO  server.RaftServerConfigKeys (ConfUtils.java:logGet(43)) - raft.server.log.statemachine.data.caching.enabled = true (custom)
2019-11-14 00:32:58,073 [pool-203-thread-1] INFO  segmented.SegmentedRaftLogWorker (SegmentedRaftLogWorker.java:lambda$new$0(128)) - 4b7ea911-6ec4-41f6-86c3-8c310b409e67@group-B7AD03D77DBE-SegmentedRaftLogWorker: flushIndex: setUnconditionally 0 -> -1
2019-11-14 00:32:58,074 [pool-203-thread-1] INFO  server.RaftServerConfigKeys (ConfUtils.java:logGet(43)) - raft.server.snapshot.auto.trigger.enabled = true (custom)
2019-11-14 00:32:58,074 [pool-203-thread-1] INFO  server.RaftServerConfigKeys (ConfUtils.java:logGet(43)) - raft.server.snapshot.auto.trigger.threshold = 10000 (custom)
2019-11-14 00:32:58,074 [pool-203-thread-1] INFO  server.RaftServerConfigKeys (ConfUtils.java:logGet(43)) - raft.server.snapshot.retention.file.num = 5 (custom)
2019-11-14 00:32:58,074 [pool-203-thread-1] INFO  server.RaftServerConfigKeys (ConfUtils.java:logGet(43)) - raft.server.retrycache.expirytime = 600000ms (custom)
2019-11-14 00:32:58,074 [pool-203-thread-1] WARN  impl.MetricRegistriesImpl (MetricRegistriesImpl.java:lambda$create$1(61)) - First MetricRegistry has been created without registering reporters. You may need to call MetricRegistries.global().addReportRegistration(...) before.
2019-11-14 00:32:58,074 [pool-203-thread-1] WARN  impl.MetricRegistriesImpl (MetricRegistriesImpl.java:lambda$create$1(61)) - First MetricRegistry has been created without registering reporters. You may need to call MetricRegistries.global().addReportRegistration(...) before.
2019-11-14 00:32:58,074 [pool-203-thread-1] INFO  impl.RaftServerImpl (RaftServerImpl.java:start(184)) - 4b7ea911-6ec4-41f6-86c3-8c310b409e67@group-B7AD03D77DBE: start as a follower, conf=-1: [4b7ea911-6ec4-41f6-86c3-8c310b409e67:192.168.34.25:41710], old=null
2019-11-14 00:32:58,074 [pool-203-thread-1] INFO  impl.RaftServerImpl (RaftServerImpl.java:setRole(173)) - 4b7ea911-6ec4-41f6-86c3-8c310b409e67@group-B7AD03D77DBE: changes role from      null to FOLLOWER at term 0 for startAsFollower
2019-11-14 00:32:58,074 [pool-203-thread-1] INFO  impl.RoleInfo (RoleInfo.java:updateAndGet(143)) - 4b7ea911-6ec4-41f6-86c3-8c310b409e67: start FollowerState
2019-11-14 00:32:58,075 [pool-203-thread-1] INFO  util.JmxRegister (JmxRegister.java:tryRegister(44)) - Successfully registered JMX Bean with object name Ratis:service=RaftServer,group=group-B7AD03D77DBE,id=4b7ea911-6ec4-41f6-86c3-8c310b409e67
2019-11-14 00:32:58,075 [pool-203-thread-1] WARN  impl.MetricRegistriesImpl (MetricRegistriesImpl.java:lambda$create$1(61)) - First MetricRegistry has been created without registering reporters. You may need to call MetricRegistries.global().addReportRegistration(...) before.
2019-11-14 00:32:58,077 [RatisPipelineUtilsThread] INFO  pipeline.PipelineStateManager (PipelineStateManager.java:addPipeline(55)) - Created pipeline Pipeline[ Id: b382fe41-3b04-41e1-bbae-b7ad03d77dbe, Nodes: 4b7ea911-6ec4-41f6-86c3-8c310b409e67{ip: 192.168.34.25, host: pr-hdds-2474-ghsjm-2904119463, networkLocation: /default-rack, certSerialId: null}, Type:RATIS, Factor:ONE, State:ALLOCATED]
2019-11-14 00:32:58,086 [grpc-default-executor-17] INFO  impl.RaftServerProxy (RaftServerProxy.java:addNew(89)) - c7c4673b-1be2-45f8-9c29-c9228fccc788: addNew group-54564E6FFB47:[c7c4673b-1be2-45f8-9c29-c9228fccc788:192.168.34.25:39151, 599e9361-b00a-4387-8c81-1beb440b27b2:192.168.34.25:40470, 4b7ea911-6ec4-41f6-86c3-8c310b409e67:192.168.34.25:41710] returns group-54564E6FFB47:java.util.concurrent.CompletableFuture@7586237f[Not completed]
2019-11-14 00:32:58,086 [grpc-default-executor-3] INFO  impl.RaftServerProxy (RaftServerProxy.java:addNew(89)) - 599e9361-b00a-4387-8c81-1beb440b27b2: addNew group-54564E6FFB47:[c7c4673b-1be2-45f8-9c29-c9228fccc788:192.168.34.25:39151, 599e9361-b00a-4387-8c81-1beb440b27b2:192.168.34.25:40470, 4b7ea911-6ec4-41f6-86c3-8c310b409e67:192.168.34.25:41710] returns group-54564E6FFB47:java.util.concurrent.CompletableFuture@468da851[Not completed]
2019-11-14 00:32:58,086 [grpc-default-executor-14] INFO  impl.RaftServerProxy (RaftServerProxy.java:addNew(89)) - 4b7ea911-6ec4-41f6-86c3-8c310b409e67: addNew group-54564E6FFB47:[c7c4673b-1be2-45f8-9c29-c9228fccc788:192.168.34.25:39151, 599e9361-b00a-4387-8c81-1beb440b27b2:192.168.34.25:40470, 4b7ea911-6ec4-41f6-86c3-8c310b409e67:192.168.34.25:41710] returns group-54564E6FFB47:java.util.concurrent.CompletableFuture@6fafb08b[Not completed]
2019-11-14 00:32:58,087 [pool-193-thread-1] INFO  impl.RaftServerImpl (RaftServerImpl.java:<init>(98)) - c7c4673b-1be2-45f8-9c29-c9228fccc788: new RaftServerImpl for group-54564E6FFB47:[c7c4673b-1be2-45f8-9c29-c9228fccc788:192.168.34.25:39151, 599e9361-b00a-4387-8c81-1beb440b27b2:192.168.34.25:40470, 4b7ea911-6ec4-41f6-86c3-8c310b409e67:192.168.34.25:41710] with ContainerStateMachine:uninitialized
2019-11-14 00:32:58,087 [pool-193-thread-1] INFO  server.RaftServerConfigKeys (ConfUtils.java:logGet(43)) - raft.server.rpc.timeout.min = 1s (custom)
2019-11-14 00:32:58,087 [pool-193-thread-1] INFO  server.RaftServerConfigKeys (ConfUtils.java:logGet(43)) - raft.server.rpc.timeout.max = 1200ms (custom)
2019-11-14 00:32:58,087 [pool-193-thread-1] INFO  server.RaftServerConfigKeys (ConfUtils.java:logGet(43)) - raft.server.rpcslowness.timeout = 120s (custom)
2019-11-14 00:32:58,087 [pool-193-thread-1] INFO  server.RaftServerConfigKeys (ConfUtils.java:logGet(43)) - raft.server.sleep.deviation.threshold = 300 (default)
2019-11-14 00:32:58,087 [pool-183-thread-1] INFO  impl.RaftServerImpl (RaftServerImpl.java:<init>(98)) - 599e9361-b00a-4387-8c81-1beb440b27b2: new RaftServerImpl for group-54564E6FFB47:[c7c4673b-1be2-45f8-9c29-c9228fccc788:192.168.34.25:39151, 599e9361-b00a-4387-8c81-1beb440b27b2:192.168.34.25:40470, 4b7ea911-6ec4-41f6-86c3-8c310b409e67:192.168.34.25:41710] with ContainerStateMachine:uninitialized
2019-11-14 00:32:58,087 [pool-193-thread-1] INFO  server.RaftServerConfigKeys (ConfUtils.java:logGet(43)) - raft.server.log.appender.install.snapshot.enabled = false (custom)
2019-11-14 00:32:58,087 [pool-183-thread-1] INFO  server.RaftServerConfigKeys (ConfUtils.java:logGet(43)) - raft.server.rpc.timeout.min = 1s (custom)
2019-11-14 00:32:58,087 [pool-193-thread-1] INFO  impl.RaftServerImpl (ServerState.java:<init>(103)) - c7c4673b-1be2-45f8-9c29-c9228fccc788@group-54564E6FFB47: ConfigurationManager, init=-1: [c7c4673b-1be2-45f8-9c29-c9228fccc788:192.168.34.25:39151, 599e9361-b00a-4387-8c81-1beb440b27b2:192.168.34.25:40470, 4b7ea911-6ec4-41f6-86c3-8c310b409e67:192.168.34.25:41710], old=null, confs=<EMPTY_MAP>
2019-11-14 00:32:58,087 [pool-183-thread-1] INFO  server.RaftServerConfigKeys (ConfUtils.java:logGet(43)) - raft.server.rpc.timeout.max = 1200ms (custom)
2019-11-14 00:32:58,088 [pool-193-thread-1] INFO  server.RaftServerConfigKeys (ConfUtils.java:logGet(43)) - raft.server.storage.dir = [/workdir/hadoop-ozone/integration-test/target/test-dir/MiniOzoneClusterImpl-60470fcf-478e-41fe-85ae-08a0494ed2ed/datanode-4/data/ratis] (custom)
2019-11-14 00:32:58,088 [pool-203-thread-1] INFO  impl.RaftServerImpl (RaftServerImpl.java:<init>(98)) - 4b7ea911-6ec4-41f6-86c3-8c310b409e67: new RaftServerImpl for group-54564E6FFB47:[c7c4673b-1be2-45f8-9c29-c9228fccc788:192.168.34.25:39151, 599e9361-b00a-4387-8c81-1beb440b27b2:192.168.34.25:40470, 4b7ea911-6ec4-41f6-86c3-8c310b409e67:192.168.34.25:41710] with ContainerStateMachine:uninitialized
2019-11-14 00:32:58,088 [pool-183-thread-1] INFO  server.RaftServerConfigKeys (ConfUtils.java:logGet(43)) - raft.server.rpcslowness.timeout = 120s (custom)
2019-11-14 00:32:58,088 [pool-203-thread-1] INFO  server.RaftServerConfigKeys (ConfUtils.java:logGet(43)) - raft.server.rpc.timeout.min = 1s (custom)
2019-11-14 00:32:58,088 [pool-193-thread-1] INFO  server.RaftServerConfigKeys (ConfUtils.java:logGet(43)) - raft.server.log.corruption.policy = EXCEPTION (default)
2019-11-14 00:32:58,088 [pool-183-thread-1] INFO  server.RaftServerConfigKeys (ConfUtils.java:logGet(43)) - raft.server.sleep.deviation.threshold = 300 (default)
2019-11-14 00:32:58,088 [pool-203-thread-1] INFO  server.RaftServerConfigKeys (ConfUtils.java:logGet(43)) - raft.server.rpc.timeout.max = 1200ms (custom)
2019-11-14 00:32:58,088 [pool-193-thread-1] INFO  storage.RaftStorageDirectory (RaftStorageDirectory.java:analyzeStorage(246)) - The storage directory /workdir/hadoop-ozone/integration-test/target/test-dir/MiniOzoneClusterImpl-60470fcf-478e-41fe-85ae-08a0494ed2ed/datanode-4/data/ratis/6ba23760-3715-4e79-b144-54564e6ffb47 does not exist. Creating ...
2019-11-14 00:32:58,088 [pool-183-thread-1] INFO  server.RaftServerConfigKeys (ConfUtils.java:logGet(43)) - raft.server.log.appender.install.snapshot.enabled = false (custom)
2019-11-14 00:32:58,088 [pool-203-thread-1] INFO  server.RaftServerConfigKeys (ConfUtils.java:logGet(43)) - raft.server.rpcslowness.timeout = 120s (custom)
2019-11-14 00:32:58,088 [pool-183-thread-1] INFO  impl.RaftServerImpl (ServerState.java:<init>(103)) - 599e9361-b00a-4387-8c81-1beb440b27b2@group-54564E6FFB47: ConfigurationManager, init=-1: [c7c4673b-1be2-45f8-9c29-c9228fccc788:192.168.34.25:39151, 599e9361-b00a-4387-8c81-1beb440b27b2:192.168.34.25:40470, 4b7ea911-6ec4-41f6-86c3-8c310b409e67:192.168.34.25:41710], old=null, confs=<EMPTY_MAP>
2019-11-14 00:32:58,088 [pool-203-thread-1] INFO  server.RaftServerConfigKeys (ConfUtils.java:logGet(43)) - raft.server.sleep.deviation.threshold = 300 (default)
2019-11-14 00:32:58,088 [pool-183-thread-1] INFO  server.RaftServerConfigKeys (ConfUtils.java:logGet(43)) - raft.server.storage.dir = [/workdir/hadoop-ozone/integration-test/target/test-dir/MiniOzoneClusterImpl-60470fcf-478e-41fe-85ae-08a0494ed2ed/datanode-3/data/ratis] (custom)
2019-11-14 00:32:58,088 [pool-203-thread-1] INFO  server.RaftServerConfigKeys (ConfUtils.java:logGet(43)) - raft.server.log.appender.install.snapshot.enabled = false (custom)
2019-11-14 00:32:58,089 [pool-203-thread-1] INFO  impl.RaftServerImpl (ServerState.java:<init>(103)) - 4b7ea911-6ec4-41f6-86c3-8c310b409e67@group-54564E6FFB47: ConfigurationManager, init=-1: [c7c4673b-1be2-45f8-9c29-c9228fccc788:192.168.34.25:39151, 599e9361-b00a-4387-8c81-1beb440b27b2:192.168.34.25:40470, 4b7ea911-6ec4-41f6-86c3-8c310b409e67:192.168.34.25:41710], old=null, confs=<EMPTY_MAP>
2019-11-14 00:32:58,089 [pool-183-thread-1] INFO  server.RaftServerConfigKeys (ConfUtils.java:logGet(43)) - raft.server.log.corruption.policy = EXCEPTION (default)
2019-11-14 00:32:58,089 [pool-203-thread-1] INFO  server.RaftServerConfigKeys (ConfUtils.java:logGet(43)) - raft.server.storage.dir = [/workdir/hadoop-ozone/integration-test/target/test-dir/MiniOzoneClusterImpl-60470fcf-478e-41fe-85ae-08a0494ed2ed/datanode-5/data/ratis] (custom)
2019-11-14 00:32:58,089 [pool-183-thread-1] INFO  storage.RaftStorageDirectory (RaftStorageDirectory.java:analyzeStorage(246)) - The storage directory /workdir/hadoop-ozone/integration-test/target/test-dir/MiniOzoneClusterImpl-60470fcf-478e-41fe-85ae-08a0494ed2ed/datanode-3/data/ratis/6ba23760-3715-4e79-b144-54564e6ffb47 does not exist. Creating ...
2019-11-14 00:32:58,089 [pool-203-thread-1] INFO  server.RaftServerConfigKeys (ConfUtils.java:logGet(43)) - raft.server.log.corruption.policy = EXCEPTION (default)
2019-11-14 00:32:58,089 [pool-203-thread-1] INFO  storage.RaftStorageDirectory (RaftStorageDirectory.java:analyzeStorage(246)) - The storage directory /workdir/hadoop-ozone/integration-test/target/test-dir/MiniOzoneClusterImpl-60470fcf-478e-41fe-85ae-08a0494ed2ed/datanode-5/data/ratis/6ba23760-3715-4e79-b144-54564e6ffb47 does not exist. Creating ...
2019-11-14 00:32:58,102 [pool-203-thread-1] INFO  storage.RaftStorageDirectory (RaftStorageDirectory.java:tryLock(328)) - Lock on /workdir/hadoop-ozone/integration-test/target/test-dir/MiniOzoneClusterImpl-60470fcf-478e-41fe-85ae-08a0494ed2ed/datanode-5/data/ratis/6ba23760-3715-4e79-b144-54564e6ffb47/in_use.lock acquired by nodename 4274@pr-hdds-2474-ghsjm-2904119463
2019-11-14 00:32:58,102 [pool-183-thread-1] INFO  storage.RaftStorageDirectory (RaftStorageDirectory.java:tryLock(328)) - Lock on /workdir/hadoop-ozone/integration-test/target/test-dir/MiniOzoneClusterImpl-60470fcf-478e-41fe-85ae-08a0494ed2ed/datanode-3/data/ratis/6ba23760-3715-4e79-b144-54564e6ffb47/in_use.lock acquired by nodename 4274@pr-hdds-2474-ghsjm-2904119463
2019-11-14 00:32:58,102 [pool-193-thread-1] INFO  storage.RaftStorageDirectory (RaftStorageDirectory.java:tryLock(328)) - Lock on /workdir/hadoop-ozone/integration-test/target/test-dir/MiniOzoneClusterImpl-60470fcf-478e-41fe-85ae-08a0494ed2ed/datanode-4/data/ratis/6ba23760-3715-4e79-b144-54564e6ffb47/in_use.lock acquired by nodename 4274@pr-hdds-2474-ghsjm-2904119463
2019-11-14 00:32:58,117 [pool-203-thread-1] INFO  storage.RaftStorage (RaftStorage.java:format(84)) - Storage directory /workdir/hadoop-ozone/integration-test/target/test-dir/MiniOzoneClusterImpl-60470fcf-478e-41fe-85ae-08a0494ed2ed/datanode-5/data/ratis/6ba23760-3715-4e79-b144-54564e6ffb47 has been successfully formatted.
2019-11-14 00:32:58,117 [pool-183-thread-1] INFO  storage.RaftStorage (RaftStorage.java:format(84)) - Storage directory /workdir/hadoop-ozone/integration-test/target/test-dir/MiniOzoneClusterImpl-60470fcf-478e-41fe-85ae-08a0494ed2ed/datanode-3/data/ratis/6ba23760-3715-4e79-b144-54564e6ffb47 has been successfully formatted.
2019-11-14 00:32:58,117 [pool-193-thread-1] INFO  storage.RaftStorage (RaftStorage.java:format(84)) - Storage directory /workdir/hadoop-ozone/integration-test/target/test-dir/MiniOzoneClusterImpl-60470fcf-478e-41fe-85ae-08a0494ed2ed/datanode-4/data/ratis/6ba23760-3715-4e79-b144-54564e6ffb47 has been successfully formatted.
2019-11-14 00:32:58,117 [pool-183-thread-1] INFO  ratis.ContainerStateMachine (ContainerStateMachine.java:loadSnapshot(223)) - group-54564E6FFB47: The snapshot info is null. Setting the last applied indexto:(t:0, i:~)
2019-11-14 00:32:58,117 [pool-203-thread-1] INFO  ratis.ContainerStateMachine (ContainerStateMachine.java:loadSnapshot(223)) - group-54564E6FFB47: The snapshot info is null. Setting the last applied indexto:(t:0, i:~)
2019-11-14 00:32:58,118 [pool-183-thread-1] INFO  server.RaftServerConfigKeys (ConfUtils.java:logGet(43)) - raft.server.notification.no-leader.timeout = 120s (custom)
2019-11-14 00:32:58,118 [pool-193-thread-1] INFO  ratis.ContainerStateMachine (ContainerStateMachine.java:loadSnapshot(223)) - group-54564E6FFB47: The snapshot info is null. Setting the last applied indexto:(t:0, i:~)
2019-11-14 00:32:58,118 [pool-183-thread-1] INFO  server.RaftServerConfigKeys (ConfUtils.java:logGet(43)) - raft.server.log.use.memory = false (default)
2019-11-14 00:32:58,118 [pool-203-thread-1] INFO  server.RaftServerConfigKeys (ConfUtils.java:logGet(43)) - raft.server.notification.no-leader.timeout = 120s (custom)
2019-11-14 00:32:58,118 [pool-183-thread-1] INFO  server.RaftServerConfigKeys (ConfUtils.java:logGet(43)) - raft.server.log.purge.gap = 1000000 (custom)
2019-11-14 00:32:58,118 [pool-193-thread-1] INFO  server.RaftServerConfigKeys (ConfUtils.java:logGet(43)) - raft.server.notification.no-leader.timeout = 120s (custom)
2019-11-14 00:32:58,118 [pool-183-thread-1] INFO  server.RaftServerConfigKeys (ConfUtils.java:logGet(43)) - raft.server.log.appender.buffer.byte-limit = 33554432 (custom)
2019-11-14 00:32:58,118 [pool-203-thread-1] INFO  server.RaftServerConfigKeys (ConfUtils.java:logGet(43)) - raft.server.log.use.memory = false (default)
2019-11-14 00:32:58,118 [pool-183-thread-1] INFO  server.RaftServerConfigKeys (ConfUtils.java:logGet(43)) - raft.server.log.segment.size.max = 1048576 (custom)
2019-11-14 00:32:58,118 [pool-193-thread-1] INFO  server.RaftServerConfigKeys (ConfUtils.java:logGet(43)) - raft.server.log.use.memory = false (default)
2019-11-14 00:32:58,118 [pool-183-thread-1] INFO  server.RaftServerConfigKeys (ConfUtils.java:logGet(43)) - raft.server.log.segment.cache.num.max = 2 (custom)
2019-11-14 00:32:58,118 [pool-203-thread-1] INFO  server.RaftServerConfigKeys (ConfUtils.java:logGet(43)) - raft.server.log.purge.gap = 1000000 (custom)
2019-11-14 00:32:58,119 [pool-183-thread-1] INFO  segmented.SegmentedRaftLogWorker (SegmentedRaftLogWorker.java:<init>(173)) - new 599e9361-b00a-4387-8c81-1beb440b27b2@group-54564E6FFB47-SegmentedRaftLogWorker for RaftStorage:Storage Directory /workdir/hadoop-ozone/integration-test/target/test-dir/MiniOzoneClusterImpl-60470fcf-478e-41fe-85ae-08a0494ed2ed/datanode-3/data/ratis/6ba23760-3715-4e79-b144-54564e6ffb47
2019-11-14 00:32:58,119 [pool-193-thread-1] INFO  server.RaftServerConfigKeys (ConfUtils.java:logGet(43)) - raft.server.log.purge.gap = 1000000 (custom)
2019-11-14 00:32:58,119 [pool-183-thread-1] INFO  server.RaftServerConfigKeys (ConfUtils.java:logGet(43)) - raft.server.log.queue.byte-limit = 2147483647 (custom)
2019-11-14 00:32:58,119 [pool-203-thread-1] INFO  server.RaftServerConfigKeys (ConfUtils.java:logGet(43)) - raft.server.log.appender.buffer.byte-limit = 33554432 (custom)
2019-11-14 00:32:58,119 [pool-183-thread-1] INFO  server.RaftServerConfigKeys (ConfUtils.java:logGet(43)) - raft.server.log.queue.element-limit = 1024 (custom)
2019-11-14 00:32:58,119 [pool-193-thread-1] INFO  server.RaftServerConfigKeys (ConfUtils.java:logGet(43)) - raft.server.log.appender.buffer.byte-limit = 33554432 (custom)
2019-11-14 00:32:58,119 [pool-183-thread-1] INFO  server.RaftServerConfigKeys (ConfUtils.java:logGet(43)) - raft.server.log.segment.size.max = 1048576 (custom)
2019-11-14 00:32:58,119 [pool-203-thread-1] INFO  server.RaftServerConfigKeys (ConfUtils.java:logGet(43)) - raft.server.log.segment.size.max = 1048576 (custom)
2019-11-14 00:32:58,119 [pool-183-thread-1] INFO  server.RaftServerConfigKeys (ConfUtils.java:logGet(43)) - raft.server.log.preallocated.size = 16384 (custom)
2019-11-14 00:32:58,119 [pool-193-thread-1] INFO  server.RaftServerConfigKeys (ConfUtils.java:logGet(43)) - raft.server.log.segment.size.max = 1048576 (custom)
2019-11-14 00:32:58,119 [pool-183-thread-1] INFO  server.RaftServerConfigKeys (ConfUtils.java:logGet(43)) - raft.server.log.write.buffer.size = 33554432 (custom)
2019-11-14 00:32:58,119 [pool-203-thread-1] INFO  server.RaftServerConfigKeys (ConfUtils.java:logGet(43)) - raft.server.log.segment.cache.num.max = 2 (custom)
2019-11-14 00:32:58,120 [pool-183-thread-1] INFO  server.RaftServerConfigKeys (ConfUtils.java:logGet(43)) - raft.server.log.force.sync.num = 128 (default)
2019-11-14 00:32:58,120 [pool-193-thread-1] INFO  server.RaftServerConfigKeys (ConfUtils.java:logGet(43)) - raft.server.log.segment.cache.num.max = 2 (custom)
2019-11-14 00:32:58,120 [pool-183-thread-1] INFO  server.RaftServerConfigKeys (ConfUtils.java:logGet(43)) - raft.server.log.statemachine.data.sync = true (default)
2019-11-14 00:32:58,120 [pool-203-thread-1] INFO  segmented.SegmentedRaftLogWorker (SegmentedRaftLogWorker.java:<init>(173)) - new 4b7ea911-6ec4-41f6-86c3-8c310b409e67@group-54564E6FFB47-SegmentedRaftLogWorker for RaftStorage:Storage Directory /workdir/hadoop-ozone/integration-test/target/test-dir/MiniOzoneClusterImpl-60470fcf-478e-41fe-85ae-08a0494ed2ed/datanode-5/data/ratis/6ba23760-3715-4e79-b144-54564e6ffb47
2019-11-14 00:32:58,120 [pool-183-thread-1] INFO  server.RaftServerConfigKeys (ConfUtils.java:logGet(43)) - raft.server.log.statemachine.data.sync.timeout = 10s (default)
2019-11-14 00:32:58,120 [pool-193-thread-1] INFO  segmented.SegmentedRaftLogWorker (SegmentedRaftLogWorker.java:<init>(173)) - new c7c4673b-1be2-45f8-9c29-c9228fccc788@group-54564E6FFB47-SegmentedRaftLogWorker for RaftStorage:Storage Directory /workdir/hadoop-ozone/integration-test/target/test-dir/MiniOzoneClusterImpl-60470fcf-478e-41fe-85ae-08a0494ed2ed/datanode-4/data/ratis/6ba23760-3715-4e79-b144-54564e6ffb47
2019-11-14 00:32:58,120 [pool-183-thread-1] INFO  server.RaftServerConfigKeys (ConfUtils.java:logGet(43)) - raft.server.log.statemachine.data.sync.timeout.retry = -1 (default)
2019-11-14 00:32:58,120 [pool-203-thread-1] INFO  server.RaftServerConfigKeys (ConfUtils.java:logGet(43)) - raft.server.log.queue.byte-limit = 2147483647 (custom)
2019-11-14 00:32:58,120 [pool-183-thread-1] INFO  server.RaftServerConfigKeys (ConfUtils.java:logGet(43)) - raft.server.log.statemachine.data.caching.enabled = true (custom)
2019-11-14 00:32:58,120 [pool-193-thread-1] INFO  server.RaftServerConfigKeys (ConfUtils.java:logGet(43)) - raft.server.log.queue.byte-limit = 2147483647 (custom)
2019-11-14 00:32:58,120 [pool-203-thread-1] INFO  server.RaftServerConfigKeys (ConfUtils.java:logGet(43)) - raft.server.log.queue.element-limit = 1024 (custom)
2019-11-14 00:32:58,121 [pool-183-thread-1] INFO  segmented.SegmentedRaftLogWorker (SegmentedRaftLogWorker.java:lambda$new$0(128)) - 599e9361-b00a-4387-8c81-1beb440b27b2@group-54564E6FFB47-SegmentedRaftLogWorker: flushIndex: setUnconditionally 0 -> -1
2019-11-14 00:32:58,121 [pool-193-thread-1] INFO  server.RaftServerConfigKeys (ConfUtils.java:logGet(43)) - raft.server.log.queue.element-limit = 1024 (custom)
2019-11-14 00:32:58,121 [pool-183-thread-1] INFO  server.RaftServerConfigKeys (ConfUtils.java:logGet(43)) - raft.server.snapshot.auto.trigger.enabled = true (custom)
2019-11-14 00:32:58,121 [pool-203-thread-1] INFO  server.RaftServerConfigKeys (ConfUtils.java:logGet(43)) - raft.server.log.segment.size.max = 1048576 (custom)
2019-11-14 00:32:58,121 [pool-183-thread-1] INFO  server.RaftServerConfigKeys (ConfUtils.java:logGet(43)) - raft.server.snapshot.auto.trigger.threshold = 10000 (custom)
2019-11-14 00:32:58,121 [pool-193-thread-1] INFO  server.RaftServerConfigKeys (ConfUtils.java:logGet(43)) - raft.server.log.segment.size.max = 1048576 (custom)
2019-11-14 00:32:58,121 [pool-183-thread-1] INFO  server.RaftServerConfigKeys (ConfUtils.java:logGet(43)) - raft.server.snapshot.retention.file.num = 5 (custom)
2019-11-14 00:32:58,121 [pool-203-thread-1] INFO  server.RaftServerConfigKeys (ConfUtils.java:logGet(43)) - raft.server.log.preallocated.size = 16384 (custom)
2019-11-14 00:32:58,121 [pool-183-thread-1] INFO  server.RaftServerConfigKeys (ConfUtils.java:logGet(43)) - raft.server.retrycache.expirytime = 600000ms (custom)
2019-11-14 00:32:58,121 [pool-193-thread-1] INFO  server.RaftServerConfigKeys (ConfUtils.java:logGet(43)) - raft.server.log.preallocated.size = 16384 (custom)
2019-11-14 00:32:58,122 [pool-183-thread-1] WARN  impl.MetricRegistriesImpl (MetricRegistriesImpl.java:lambda$create$1(61)) - First MetricRegistry has been created without registering reporters. You may need to call MetricRegistries.global().addReportRegistration(...) before.
2019-11-14 00:32:58,121 [pool-203-thread-1] INFO  server.RaftServerConfigKeys (ConfUtils.java:logGet(43)) - raft.server.log.write.buffer.size = 33554432 (custom)
2019-11-14 00:32:58,122 [pool-183-thread-1] WARN  impl.MetricRegistriesImpl (MetricRegistriesImpl.java:lambda$create$1(61)) - First MetricRegistry has been created without registering reporters. You may need to call MetricRegistries.global().addReportRegistration(...) before.
2019-11-14 00:32:58,122 [pool-193-thread-1] INFO  server.RaftServerConfigKeys (ConfUtils.java:logGet(43)) - raft.server.log.write.buffer.size = 33554432 (custom)
2019-11-14 00:32:58,122 [pool-203-thread-1] INFO  server.RaftServerConfigKeys (ConfUtils.java:logGet(43)) - raft.server.log.force.sync.num = 128 (default)
2019-11-14 00:32:58,122 [pool-193-thread-1] INFO  server.RaftServerConfigKeys (ConfUtils.java:logGet(43)) - raft.server.log.force.sync.num = 128 (default)
2019-11-14 00:32:58,122 [pool-183-thread-1] INFO  impl.RaftServerImpl (RaftServerImpl.java:start(184)) - 599e9361-b00a-4387-8c81-1beb440b27b2@group-54564E6FFB47: start as a follower, conf=-1: [c7c4673b-1be2-45f8-9c29-c9228fccc788:192.168.34.25:39151, 599e9361-b00a-4387-8c81-1beb440b27b2:192.168.34.25:40470, 4b7ea911-6ec4-41f6-86c3-8c310b409e67:192.168.34.25:41710], old=null
2019-11-14 00:32:58,122 [pool-193-thread-1] INFO  server.RaftServerConfigKeys (ConfUtils.java:logGet(43)) - raft.server.log.statemachine.data.sync = true (default)
2019-11-14 00:32:58,122 [pool-203-thread-1] INFO  server.RaftServerConfigKeys (ConfUtils.java:logGet(43)) - raft.server.log.statemachine.data.sync = true (default)
2019-11-14 00:32:58,122 [pool-193-thread-1] INFO  server.RaftServerConfigKeys (ConfUtils.java:logGet(43)) - raft.server.log.statemachine.data.sync.timeout = 10s (default)
2019-11-14 00:32:58,122 [pool-183-thread-1] INFO  impl.RaftServerImpl (RaftServerImpl.java:setRole(173)) - 599e9361-b00a-4387-8c81-1beb440b27b2@group-54564E6FFB47: changes role from      null to FOLLOWER at term 0 for startAsFollower
2019-11-14 00:32:58,123 [pool-193-thread-1] INFO  server.RaftServerConfigKeys (ConfUtils.java:logGet(43)) - raft.server.log.statemachine.data.sync.timeout.retry = -1 (default)
2019-11-14 00:32:58,122 [pool-203-thread-1] INFO  server.RaftServerConfigKeys (ConfUtils.java:logGet(43)) - raft.server.log.statemachine.data.sync.timeout = 10s (default)
2019-11-14 00:32:58,123 [pool-193-thread-1] INFO  server.RaftServerConfigKeys (ConfUtils.java:logGet(43)) - raft.server.log.statemachine.data.caching.enabled = true (custom)
2019-11-14 00:32:58,123 [pool-183-thread-1] INFO  impl.RoleInfo (RoleInfo.java:updateAndGet(143)) - 599e9361-b00a-4387-8c81-1beb440b27b2: start FollowerState
2019-11-14 00:32:58,123 [pool-203-thread-1] INFO  server.RaftServerConfigKeys (ConfUtils.java:logGet(43)) - raft.server.log.statemachine.data.sync.timeout.retry = -1 (default)
2019-11-14 00:32:58,123 [pool-193-thread-1] INFO  segmented.SegmentedRaftLogWorker (SegmentedRaftLogWorker.java:lambda$new$0(128)) - c7c4673b-1be2-45f8-9c29-c9228fccc788@group-54564E6FFB47-SegmentedRaftLogWorker: flushIndex: setUnconditionally 0 -> -1
2019-11-14 00:32:58,123 [pool-203-thread-1] INFO  server.RaftServerConfigKeys (ConfUtils.java:logGet(43)) - raft.server.log.statemachine.data.caching.enabled = true (custom)
2019-11-14 00:32:58,123 [pool-183-thread-1] INFO  util.JmxRegister (JmxRegister.java:tryRegister(44)) - Successfully registered JMX Bean with object name Ratis:service=RaftServer,group=group-54564E6FFB47,id=599e9361-b00a-4387-8c81-1beb440b27b2
2019-11-14 00:32:58,123 [pool-203-thread-1] INFO  segmented.SegmentedRaftLogWorker (SegmentedRaftLogWorker.java:lambda$new$0(128)) - 4b7ea911-6ec4-41f6-86c3-8c310b409e67@group-54564E6FFB47-SegmentedRaftLogWorker: flushIndex: setUnconditionally 0 -> -1
2019-11-14 00:32:58,123 [pool-193-thread-1] INFO  server.RaftServerConfigKeys (ConfUtils.java:logGet(43)) - raft.server.snapshot.auto.trigger.enabled = true (custom)
2019-11-14 00:32:58,123 [pool-183-thread-1] WARN  impl.MetricRegistriesImpl (MetricRegistriesImpl.java:lambda$create$1(61)) - First MetricRegistry has been created without registering reporters. You may need to call MetricRegistries.global().addReportRegistration(...) before.
2019-11-14 00:32:58,124 [pool-203-thread-1] INFO  server.RaftServerConfigKeys (ConfUtils.java:logGet(43)) - raft.server.snapshot.auto.trigger.enabled = true (custom)
2019-11-14 00:32:58,124 [pool-193-thread-1] INFO  server.RaftServerConfigKeys (ConfUtils.java:logGet(43)) - raft.server.snapshot.auto.trigger.threshold = 10000 (custom)
2019-11-14 00:32:58,124 [pool-203-thread-1] INFO  server.RaftServerConfigKeys (ConfUtils.java:logGet(43)) - raft.server.snapshot.auto.trigger.threshold = 10000 (custom)
2019-11-14 00:32:58,124 [pool-193-thread-1] INFO  server.RaftServerConfigKeys (ConfUtils.java:logGet(43)) - raft.server.snapshot.retention.file.num = 5 (custom)
2019-11-14 00:32:58,124 [pool-203-thread-1] INFO  server.RaftServerConfigKeys (ConfUtils.java:logGet(43)) - raft.server.snapshot.retention.file.num = 5 (custom)
2019-11-14 00:32:58,124 [pool-193-thread-1] INFO  server.RaftServerConfigKeys (ConfUtils.java:logGet(43)) - raft.server.retrycache.expirytime = 600000ms (custom)
2019-11-14 00:32:58,124 [pool-203-thread-1] INFO  server.RaftServerConfigKeys (ConfUtils.java:logGet(43)) - raft.server.retrycache.expirytime = 600000ms (custom)
2019-11-14 00:32:58,124 [pool-193-thread-1] WARN  impl.MetricRegistriesImpl (MetricRegistriesImpl.java:lambda$create$1(61)) - First MetricRegistry has been created without registering reporters. You may need to call MetricRegistries.global().addReportRegistration(...) before.
2019-11-14 00:32:58,124 [pool-203-thread-1] WARN  impl.MetricRegistriesImpl (MetricRegistriesImpl.java:lambda$create$1(61)) - First MetricRegistry has been created without registering reporters. You may need to call MetricRegistries.global().addReportRegistration(...) before.
2019-11-14 00:32:58,124 [pool-193-thread-1] WARN  impl.MetricRegistriesImpl (MetricRegistriesImpl.java:lambda$create$1(61)) - First MetricRegistry has been created without registering reporters. You may need to call MetricRegistries.global().addReportRegistration(...) before.
2019-11-14 00:32:58,124 [pool-203-thread-1] WARN  impl.MetricRegistriesImpl (MetricRegistriesImpl.java:lambda$create$1(61)) - First MetricRegistry has been created without registering reporters. You may need to call MetricRegistries.global().addReportRegistration(...) before.
2019-11-14 00:32:58,125 [pool-193-thread-1] INFO  impl.RaftServerImpl (RaftServerImpl.java:start(184)) - c7c4673b-1be2-45f8-9c29-c9228fccc788@group-54564E6FFB47: start as a follower, conf=-1: [c7c4673b-1be2-45f8-9c29-c9228fccc788:192.168.34.25:39151, 599e9361-b00a-4387-8c81-1beb440b27b2:192.168.34.25:40470, 4b7ea911-6ec4-41f6-86c3-8c310b409e67:192.168.34.25:41710], old=null
2019-11-14 00:32:58,125 [pool-203-thread-1] INFO  impl.RaftServerImpl (RaftServerImpl.java:start(184)) - 4b7ea911-6ec4-41f6-86c3-8c310b409e67@group-54564E6FFB47: start as a follower, conf=-1: [c7c4673b-1be2-45f8-9c29-c9228fccc788:192.168.34.25:39151, 599e9361-b00a-4387-8c81-1beb440b27b2:192.168.34.25:40470, 4b7ea911-6ec4-41f6-86c3-8c310b409e67:192.168.34.25:41710], old=null
2019-11-14 00:32:58,125 [pool-193-thread-1] INFO  impl.RaftServerImpl (RaftServerImpl.java:setRole(173)) - c7c4673b-1be2-45f8-9c29-c9228fccc788@group-54564E6FFB47: changes role from      null to FOLLOWER at term 0 for startAsFollower
2019-11-14 00:32:58,125 [pool-203-thread-1] INFO  impl.RaftServerImpl (RaftServerImpl.java:setRole(173)) - 4b7ea911-6ec4-41f6-86c3-8c310b409e67@group-54564E6FFB47: changes role from      null to FOLLOWER at term 0 for startAsFollower
2019-11-14 00:32:58,125 [pool-193-thread-1] INFO  impl.RoleInfo (RoleInfo.java:updateAndGet(143)) - c7c4673b-1be2-45f8-9c29-c9228fccc788: start FollowerState
2019-11-14 00:32:58,125 [pool-203-thread-1] INFO  impl.RoleInfo (RoleInfo.java:updateAndGet(143)) - 4b7ea911-6ec4-41f6-86c3-8c310b409e67: start FollowerState
2019-11-14 00:32:58,125 [pool-193-thread-1] INFO  util.JmxRegister (JmxRegister.java:tryRegister(44)) - Successfully registered JMX Bean with object name Ratis:service=RaftServer,group=group-54564E6FFB47,id=c7c4673b-1be2-45f8-9c29-c9228fccc788
2019-11-14 00:32:58,125 [pool-203-thread-1] INFO  util.JmxRegister (JmxRegister.java:tryRegister(44)) - Successfully registered JMX Bean with object name Ratis:service=RaftServer,group=group-54564E6FFB47,id=4b7ea911-6ec4-41f6-86c3-8c310b409e67
2019-11-14 00:32:58,125 [pool-193-thread-1] WARN  impl.MetricRegistriesImpl (MetricRegistriesImpl.java:lambda$create$1(61)) - First MetricRegistry has been created without registering reporters. You may need to call MetricRegistries.global().addReportRegistration(...) before.
2019-11-14 00:32:58,125 [pool-203-thread-1] WARN  impl.MetricRegistriesImpl (MetricRegistriesImpl.java:lambda$create$1(61)) - First MetricRegistry has been created without registering reporters. You may need to call MetricRegistries.global().addReportRegistration(...) before.
2019-11-14 00:32:58,127 [RatisPipelineUtilsThread] INFO  pipeline.PipelineStateManager (PipelineStateManager.java:addPipeline(55)) - Created pipeline Pipeline[ Id: 6ba23760-3715-4e79-b144-54564e6ffb47, Nodes: 599e9361-b00a-4387-8c81-1beb440b27b2{ip: 192.168.34.25, host: pr-hdds-2474-ghsjm-2904119463, networkLocation: /default-rack, certSerialId: null}4b7ea911-6ec4-41f6-86c3-8c310b409e67{ip: 192.168.34.25, host: pr-hdds-2474-ghsjm-2904119463, networkLocation: /default-rack, certSerialId: null}c7c4673b-1be2-45f8-9c29-c9228fccc788{ip: 192.168.34.25, host: pr-hdds-2474-ghsjm-2904119463, networkLocation: /default-rack, certSerialId: null}, Type:RATIS, Factor:THREE, State:ALLOCATED]
2019-11-14 00:32:58,128 [main] INFO  ozone.MiniOzoneClusterImpl (MiniOzoneClusterImpl.java:lambda$waitForClusterToBeReady$2(163)) - Waiting for 8 number of pipelines out of 8, to report a leader.
2019-11-14 00:32:58,622 [Thread-2337] INFO  impl.FollowerState (FollowerState.java:run(111)) - 82068b54-9744-4929-951d-196898e4ec33@group-505D4258462C-FollowerState: change to CANDIDATE, lastRpcTime:1020ms, electionTimeout:1020ms
2019-11-14 00:32:58,622 [Thread-2337] INFO  impl.RoleInfo (RoleInfo.java:shutdownFollowerState(121)) - 82068b54-9744-4929-951d-196898e4ec33: shutdown FollowerState
2019-11-14 00:32:58,622 [Thread-2337] INFO  impl.RaftServerImpl (RaftServerImpl.java:setRole(173)) - 82068b54-9744-4929-951d-196898e4ec33@group-505D4258462C: changes role from  FOLLOWER to CANDIDATE at term 0 for changeToCandidate
2019-11-14 00:32:58,622 [Thread-2337] INFO  impl.RoleInfo (RoleInfo.java:updateAndGet(143)) - 82068b54-9744-4929-951d-196898e4ec33: start LeaderElection
2019-11-14 00:32:58,634 [82068b54-9744-4929-951d-196898e4ec33@group-505D4258462C-LeaderElection78] INFO  impl.LeaderElection (LeaderElection.java:askForVotes(178)) - 82068b54-9744-4929-951d-196898e4ec33@group-505D4258462C-LeaderElection78: begin an election at term 1 for -1: [82068b54-9744-4929-951d-196898e4ec33:192.168.34.25:45067], old=null
2019-11-14 00:32:58,634 [82068b54-9744-4929-951d-196898e4ec33@group-505D4258462C-LeaderElection78] INFO  impl.RoleInfo (RoleInfo.java:shutdownLeaderElection(134)) - 82068b54-9744-4929-951d-196898e4ec33: shutdown LeaderElection
2019-11-14 00:32:58,634 [82068b54-9744-4929-951d-196898e4ec33@group-505D4258462C-LeaderElection78] INFO  impl.RaftServerImpl (RaftServerImpl.java:setRole(173)) - 82068b54-9744-4929-951d-196898e4ec33@group-505D4258462C: changes role from CANDIDATE to LEADER at term 1 for changeToLeader
2019-11-14 00:32:58,635 [82068b54-9744-4929-951d-196898e4ec33@group-505D4258462C-LeaderElection78] INFO  ratis.XceiverServerRatis (XceiverServerRatis.java:handleLeaderChangedNotification(697)) - Leader change notification received for group: group-505D4258462C with new leaderId: 82068b54-9744-4929-951d-196898e4ec33
2019-11-14 00:32:58,635 [82068b54-9744-4929-951d-196898e4ec33@group-505D4258462C-LeaderElection78] INFO  impl.RaftServerImpl (ServerState.java:setLeader(255)) - 82068b54-9744-4929-951d-196898e4ec33@group-505D4258462C: change Leader from null to 82068b54-9744-4929-951d-196898e4ec33 at term 1 for becomeLeader, leader elected after 1036ms
2019-11-14 00:32:58,635 [82068b54-9744-4929-951d-196898e4ec33@group-505D4258462C-LeaderElection78] INFO  server.RaftServerConfigKeys (ConfUtils.java:logGet(43)) - raft.server.staging.catchup.gap = 1000 (default)
2019-11-14 00:32:58,636 [82068b54-9744-4929-951d-196898e4ec33@group-505D4258462C-LeaderElection78] INFO  server.RaftServerConfigKeys (ConfUtils.java:logGet(43)) - raft.server.rpc.sleep.time = 25ms (default)
2019-11-14 00:32:58,637 [82068b54-9744-4929-951d-196898e4ec33@group-505D4258462C-LeaderElection78] INFO  server.RaftServerConfigKeys (ConfUtils.java:logGet(43)) - raft.server.write.element-limit = 4096 (default)
2019-11-14 00:32:58,637 [82068b54-9744-4929-951d-196898e4ec33@group-505D4258462C-LeaderElection78] INFO  server.RaftServerConfigKeys (ConfUtils.java:logGet(43)) - raft.server.watch.timeout = 10s (default)
2019-11-14 00:32:58,637 [82068b54-9744-4929-951d-196898e4ec33@group-505D4258462C-LeaderElection78] INFO  server.RaftServerConfigKeys (ConfUtils.java:logGet(43)) - raft.server.watch.timeout.denomination = 1s (default)
2019-11-14 00:32:58,637 [82068b54-9744-4929-951d-196898e4ec33@group-505D4258462C-LeaderElection78] INFO  server.RaftServerConfigKeys (ConfUtils.java:logGet(43)) - raft.server.watch.element-limit = 65536 (default)
2019-11-14 00:32:58,637 [EventQueue-PipelineReportForPipelineReportHandler] INFO  pipeline.PipelineStateManager (PipelineStateManager.java:openPipeline(134)) - Pipeline Pipeline[ Id: e666e9b3-b9be-4cbe-9336-505d4258462c, Nodes: 82068b54-9744-4929-951d-196898e4ec33{ip: 192.168.34.25, host: pr-hdds-2474-ghsjm-2904119463, networkLocation: /default-rack, certSerialId: null}, Type:RATIS, Factor:ONE, State:OPEN] moved to OPEN state
2019-11-14 00:32:58,637 [82068b54-9744-4929-951d-196898e4ec33@group-505D4258462C-LeaderElection78] INFO  impl.RoleInfo (RoleInfo.java:updateAndGet(143)) - 82068b54-9744-4929-951d-196898e4ec33: start LeaderState
2019-11-14 00:32:58,638 [82068b54-9744-4929-951d-196898e4ec33@group-505D4258462C-LeaderElection78] INFO  segmented.SegmentedRaftLogWorker (SegmentedRaftLogWorker.java:startLogSegment(385)) - 82068b54-9744-4929-951d-196898e4ec33@group-505D4258462C-SegmentedRaftLogWorker: Starting segment from index:0
2019-11-14 00:32:58,638 [82068b54-9744-4929-951d-196898e4ec33@group-505D4258462C-LeaderElection78] INFO  impl.RaftServerImpl (ServerState.java:setRaftConf(356)) - 82068b54-9744-4929-951d-196898e4ec33@group-505D4258462C: set configuration 0: [82068b54-9744-4929-951d-196898e4ec33:192.168.34.25:45067], old=null at 0
2019-11-14 00:32:58,651 [Thread-2334] INFO  impl.FollowerState (FollowerState.java:run(111)) - c0a90149-7086-438b-b575-a58c52a879cd@group-D7A3DBBC2D0D-FollowerState: change to CANDIDATE, lastRpcTime:1122ms, electionTimeout:1122ms
2019-11-14 00:32:58,651 [Thread-2334] INFO  impl.RoleInfo (RoleInfo.java:shutdownFollowerState(121)) - c0a90149-7086-438b-b575-a58c52a879cd: shutdown FollowerState
2019-11-14 00:32:58,651 [Thread-2334] INFO  impl.RaftServerImpl (RaftServerImpl.java:setRole(173)) - c0a90149-7086-438b-b575-a58c52a879cd@group-D7A3DBBC2D0D: changes role from  FOLLOWER to CANDIDATE at term 0 for changeToCandidate
2019-11-14 00:32:58,651 [Thread-2334] INFO  impl.RoleInfo (RoleInfo.java:updateAndGet(143)) - c0a90149-7086-438b-b575-a58c52a879cd: start LeaderElection
2019-11-14 00:32:58,665 [Thread-2331] INFO  impl.FollowerState (FollowerState.java:run(111)) - 75a811de-d3cd-4e06-b16e-b70ad37a4427@group-686B42CD3298-FollowerState: change to CANDIDATE, lastRpcTime:1187ms, electionTimeout:1185ms
2019-11-14 00:32:58,665 [Thread-2331] INFO  impl.RoleInfo (RoleInfo.java:shutdownFollowerState(121)) - 75a811de-d3cd-4e06-b16e-b70ad37a4427: shutdown FollowerState
2019-11-14 00:32:58,667 [Thread-2331] INFO  impl.RaftServerImpl (RaftServerImpl.java:setRole(173)) - 75a811de-d3cd-4e06-b16e-b70ad37a4427@group-686B42CD3298: changes role from  FOLLOWER to CANDIDATE at term 0 for changeToCandidate
2019-11-14 00:32:58,668 [Thread-2331] INFO  impl.RoleInfo (RoleInfo.java:updateAndGet(143)) - 75a811de-d3cd-4e06-b16e-b70ad37a4427: start LeaderElection
2019-11-14 00:32:58,676 [Thread-2344] INFO  impl.FollowerState (FollowerState.java:run(111)) - 82068b54-9744-4929-951d-196898e4ec33@group-A881902D583F-FollowerState: change to CANDIDATE, lastRpcTime:1020ms, electionTimeout:1020ms
2019-11-14 00:32:58,676 [Thread-2344] INFO  impl.RoleInfo (RoleInfo.java:shutdownFollowerState(121)) - 82068b54-9744-4929-951d-196898e4ec33: shutdown FollowerState
2019-11-14 00:32:58,676 [Thread-2344] INFO  impl.RaftServerImpl (RaftServerImpl.java:setRole(173)) - 82068b54-9744-4929-951d-196898e4ec33@group-A881902D583F: changes role from  FOLLOWER to CANDIDATE at term 0 for changeToCandidate
2019-11-14 00:32:58,676 [Thread-2344] INFO  impl.RoleInfo (RoleInfo.java:updateAndGet(143)) - 82068b54-9744-4929-951d-196898e4ec33: start LeaderElection
2019-11-14 00:32:58,737 [82068b54-9744-4929-951d-196898e4ec33@group-505D4258462C-SegmentedRaftLogWorker] INFO  segmented.SegmentedRaftLogWorker (SegmentedRaftLogWorker.java:execute(576)) - 82068b54-9744-4929-951d-196898e4ec33@group-505D4258462C-SegmentedRaftLogWorker: created new log segment /workdir/hadoop-ozone/integration-test/target/test-dir/MiniOzoneClusterImpl-60470fcf-478e-41fe-85ae-08a0494ed2ed/datanode-2/data/ratis/e666e9b3-b9be-4cbe-9336-505d4258462c/current/log_inprogress_0
2019-11-14 00:32:58,737 [c0a90149-7086-438b-b575-a58c52a879cd@group-D7A3DBBC2D0D-LeaderElection79] INFO  impl.LeaderElection (LeaderElection.java:askForVotes(178)) - c0a90149-7086-438b-b575-a58c52a879cd@group-D7A3DBBC2D0D-LeaderElection79: begin an election at term 1 for -1: [c0a90149-7086-438b-b575-a58c52a879cd:192.168.34.25:33958], old=null
2019-11-14 00:32:58,737 [75a811de-d3cd-4e06-b16e-b70ad37a4427@group-686B42CD3298-LeaderElection80] INFO  impl.LeaderElection (LeaderElection.java:askForVotes(178)) - 75a811de-d3cd-4e06-b16e-b70ad37a4427@group-686B42CD3298-LeaderElection80: begin an election at term 1 for -1: [75a811de-d3cd-4e06-b16e-b70ad37a4427:192.168.34.25:45226], old=null
2019-11-14 00:32:58,737 [82068b54-9744-4929-951d-196898e4ec33@group-A881902D583F-LeaderElection81] INFO  impl.LeaderElection (LeaderElection.java:askForVotes(178)) - 82068b54-9744-4929-951d-196898e4ec33@group-A881902D583F-LeaderElection81: begin an election at term 1 for -1: [82068b54-9744-4929-951d-196898e4ec33:192.168.34.25:45067, c0a90149-7086-438b-b575-a58c52a879cd:192.168.34.25:33958, 75a811de-d3cd-4e06-b16e-b70ad37a4427:192.168.34.25:45226], old=null
2019-11-14 00:32:58,738 [75a811de-d3cd-4e06-b16e-b70ad37a4427@group-686B42CD3298-LeaderElection80] INFO  impl.RoleInfo (RoleInfo.java:shutdownLeaderElection(134)) - 75a811de-d3cd-4e06-b16e-b70ad37a4427: shutdown LeaderElection
2019-11-14 00:32:58,738 [c0a90149-7086-438b-b575-a58c52a879cd@group-D7A3DBBC2D0D-LeaderElection79] INFO  impl.RoleInfo (RoleInfo.java:shutdownLeaderElection(134)) - c0a90149-7086-438b-b575-a58c52a879cd: shutdown LeaderElection
2019-11-14 00:32:58,738 [75a811de-d3cd-4e06-b16e-b70ad37a4427@group-686B42CD3298-LeaderElection80] INFO  impl.RaftServerImpl (RaftServerImpl.java:setRole(173)) - 75a811de-d3cd-4e06-b16e-b70ad37a4427@group-686B42CD3298: changes role from CANDIDATE to LEADER at term 1 for changeToLeader
2019-11-14 00:32:58,738 [75a811de-d3cd-4e06-b16e-b70ad37a4427@group-686B42CD3298-LeaderElection80] INFO  ratis.XceiverServerRatis (XceiverServerRatis.java:handleLeaderChangedNotification(697)) - Leader change notification received for group: group-686B42CD3298 with new leaderId: 75a811de-d3cd-4e06-b16e-b70ad37a4427
2019-11-14 00:32:58,738 [c0a90149-7086-438b-b575-a58c52a879cd@group-D7A3DBBC2D0D-LeaderElection79] INFO  impl.RaftServerImpl (RaftServerImpl.java:setRole(173)) - c0a90149-7086-438b-b575-a58c52a879cd@group-D7A3DBBC2D0D: changes role from CANDIDATE to LEADER at term 1 for changeToLeader
2019-11-14 00:32:58,739 [75a811de-d3cd-4e06-b16e-b70ad37a4427@group-686B42CD3298-LeaderElection80] INFO  impl.RaftServerImpl (ServerState.java:setLeader(255)) - 75a811de-d3cd-4e06-b16e-b70ad37a4427@group-686B42CD3298: change Leader from null to 75a811de-d3cd-4e06-b16e-b70ad37a4427 at term 1 for becomeLeader, leader elected after 1266ms
2019-11-14 00:32:58,739 [c0a90149-7086-438b-b575-a58c52a879cd@group-D7A3DBBC2D0D-LeaderElection79] INFO  ratis.XceiverServerRatis (XceiverServerRatis.java:handleLeaderChangedNotification(697)) - Leader change notification received for group: group-D7A3DBBC2D0D with new leaderId: c0a90149-7086-438b-b575-a58c52a879cd
2019-11-14 00:32:58,739 [75a811de-d3cd-4e06-b16e-b70ad37a4427@group-686B42CD3298-LeaderElection80] INFO  server.RaftServerConfigKeys (ConfUtils.java:logGet(43)) - raft.server.staging.catchup.gap = 1000 (default)
2019-11-14 00:32:58,741 [c0a90149-7086-438b-b575-a58c52a879cd@group-D7A3DBBC2D0D-LeaderElection79] INFO  impl.RaftServerImpl (ServerState.java:setLeader(255)) - c0a90149-7086-438b-b575-a58c52a879cd@group-D7A3DBBC2D0D: change Leader from null to c0a90149-7086-438b-b575-a58c52a879cd at term 1 for becomeLeader, leader elected after 1214ms
2019-11-14 00:32:58,741 [75a811de-d3cd-4e06-b16e-b70ad37a4427@group-686B42CD3298-LeaderElection80] INFO  server.RaftServerConfigKeys (ConfUtils.java:logGet(43)) - raft.server.rpc.sleep.time = 25ms (default)
2019-11-14 00:32:58,743 [EventQueue-PipelineReportForPipelineReportHandler] INFO  pipeline.PipelineStateManager (PipelineStateManager.java:openPipeline(134)) - Pipeline Pipeline[ Id: 8051068c-611d-4547-a1d1-686b42cd3298, Nodes: 75a811de-d3cd-4e06-b16e-b70ad37a4427{ip: 192.168.34.25, host: pr-hdds-2474-ghsjm-2904119463, networkLocation: /default-rack, certSerialId: null}, Type:RATIS, Factor:ONE, State:OPEN] moved to OPEN state
2019-11-14 00:32:58,743 [c0a90149-7086-438b-b575-a58c52a879cd@group-D7A3DBBC2D0D-LeaderElection79] INFO  server.RaftServerConfigKeys (ConfUtils.java:logGet(43)) - raft.server.staging.catchup.gap = 1000 (default)
2019-11-14 00:32:58,744 [EventQueue-PipelineReportForPipelineReportHandler] INFO  pipeline.PipelineStateManager (PipelineStateManager.java:openPipeline(134)) - Pipeline Pipeline[ Id: 871ac4ed-231d-469b-bd17-d7a3dbbc2d0d, Nodes: c0a90149-7086-438b-b575-a58c52a879cd{ip: 192.168.34.25, host: pr-hdds-2474-ghsjm-2904119463, networkLocation: /default-rack, certSerialId: null}, Type:RATIS, Factor:ONE, State:OPEN] moved to OPEN state
2019-11-14 00:32:58,744 [75a811de-d3cd-4e06-b16e-b70ad37a4427@group-686B42CD3298-LeaderElection80] INFO  server.RaftServerConfigKeys (ConfUtils.java:logGet(43)) - raft.server.write.element-limit = 4096 (default)
2019-11-14 00:32:58,744 [c0a90149-7086-438b-b575-a58c52a879cd@group-D7A3DBBC2D0D-LeaderElection79] INFO  server.RaftServerConfigKeys (ConfUtils.java:logGet(43)) - raft.server.rpc.sleep.time = 25ms (default)
2019-11-14 00:32:58,744 [75a811de-d3cd-4e06-b16e-b70ad37a4427@group-686B42CD3298-LeaderElection80] INFO  server.RaftServerConfigKeys (ConfUtils.java:logGet(43)) - raft.server.watch.timeout = 10s (default)
2019-11-14 00:32:58,745 [c0a90149-7086-438b-b575-a58c52a879cd@group-D7A3DBBC2D0D-LeaderElection79] INFO  server.RaftServerConfigKeys (ConfUtils.java:logGet(43)) - raft.server.write.element-limit = 4096 (default)
2019-11-14 00:32:58,745 [75a811de-d3cd-4e06-b16e-b70ad37a4427@group-686B42CD3298-LeaderElection80] INFO  server.RaftServerConfigKeys (ConfUtils.java:logGet(43)) - raft.server.watch.timeout.denomination = 1s (default)
2019-11-14 00:32:58,745 [c0a90149-7086-438b-b575-a58c52a879cd@group-D7A3DBBC2D0D-LeaderElection79] INFO  server.RaftServerConfigKeys (ConfUtils.java:logGet(43)) - raft.server.watch.timeout = 10s (default)
2019-11-14 00:32:58,745 [75a811de-d3cd-4e06-b16e-b70ad37a4427@group-686B42CD3298-LeaderElection80] INFO  server.RaftServerConfigKeys (ConfUtils.java:logGet(43)) - raft.server.watch.element-limit = 65536 (default)
2019-11-14 00:32:58,746 [grpc-default-executor-3] INFO  impl.RaftServerImpl (RaftServerImpl.java:setRole(173)) - 75a811de-d3cd-4e06-b16e-b70ad37a4427@group-A881902D583F: changes role from  FOLLOWER to FOLLOWER at term 1 for recognizeCandidate:82068b54-9744-4929-951d-196898e4ec33
2019-11-14 00:32:58,747 [75a811de-d3cd-4e06-b16e-b70ad37a4427@group-686B42CD3298-LeaderElection80] INFO  impl.RoleInfo (RoleInfo.java:updateAndGet(143)) - 75a811de-d3cd-4e06-b16e-b70ad37a4427: start LeaderState
2019-11-14 00:32:58,747 [grpc-default-executor-14] INFO  impl.RaftServerImpl (RaftServerImpl.java:setRole(173)) - c0a90149-7086-438b-b575-a58c52a879cd@group-A881902D583F: changes role from  FOLLOWER to FOLLOWER at term 1 for recognizeCandidate:82068b54-9744-4929-951d-196898e4ec33
2019-11-14 00:32:58,746 [c0a90149-7086-438b-b575-a58c52a879cd@group-D7A3DBBC2D0D-LeaderElection79] INFO  server.RaftServerConfigKeys (ConfUtils.java:logGet(43)) - raft.server.watch.timeout.denomination = 1s (default)
2019-11-14 00:32:58,748 [75a811de-d3cd-4e06-b16e-b70ad37a4427@group-686B42CD3298-LeaderElection80] INFO  segmented.SegmentedRaftLogWorker (SegmentedRaftLogWorker.java:startLogSegment(385)) - 75a811de-d3cd-4e06-b16e-b70ad37a4427@group-686B42CD3298-SegmentedRaftLogWorker: Starting segment from index:0
2019-11-14 00:32:58,748 [grpc-default-executor-14] INFO  impl.RoleInfo (RoleInfo.java:shutdownFollowerState(121)) - c0a90149-7086-438b-b575-a58c52a879cd: shutdown FollowerState
2019-11-14 00:32:58,748 [grpc-default-executor-3] INFO  impl.RoleInfo (RoleInfo.java:shutdownFollowerState(121)) - 75a811de-d3cd-4e06-b16e-b70ad37a4427: shutdown FollowerState
2019-11-14 00:32:58,748 [Thread-2340] INFO  impl.FollowerState (FollowerState.java:run(120)) - c0a90149-7086-438b-b575-a58c52a879cd@group-A881902D583F-FollowerState was interrupted: java.lang.InterruptedException: sleep interrupted
2019-11-14 00:32:58,748 [c0a90149-7086-438b-b575-a58c52a879cd@group-D7A3DBBC2D0D-LeaderElection79] INFO  server.RaftServerConfigKeys (ConfUtils.java:logGet(43)) - raft.server.watch.element-limit = 65536 (default)
2019-11-14 00:32:58,778 [75a811de-d3cd-4e06-b16e-b70ad37a4427@group-686B42CD3298-LeaderElection80] INFO  impl.RaftServerImpl (ServerState.java:setRaftConf(356)) - 75a811de-d3cd-4e06-b16e-b70ad37a4427@group-686B42CD3298: set configuration 0: [75a811de-d3cd-4e06-b16e-b70ad37a4427:192.168.34.25:45226], old=null at 0
2019-11-14 00:32:58,778 [c0a90149-7086-438b-b575-a58c52a879cd@group-D7A3DBBC2D0D-LeaderElection79] INFO  impl.RoleInfo (RoleInfo.java:updateAndGet(143)) - c0a90149-7086-438b-b575-a58c52a879cd: start LeaderState
2019-11-14 00:32:58,778 [grpc-default-executor-14] INFO  impl.RoleInfo (RoleInfo.java:updateAndGet(143)) - c0a90149-7086-438b-b575-a58c52a879cd: start FollowerState
2019-11-14 00:32:58,778 [c0a90149-7086-438b-b575-a58c52a879cd@group-D7A3DBBC2D0D-LeaderElection79] INFO  segmented.SegmentedRaftLogWorker (SegmentedRaftLogWorker.java:startLogSegment(385)) - c0a90149-7086-438b-b575-a58c52a879cd@group-D7A3DBBC2D0D-SegmentedRaftLogWorker: Starting segment from index:0
2019-11-14 00:32:58,778 [grpc-default-executor-3] INFO  impl.RoleInfo (RoleInfo.java:updateAndGet(143)) - 75a811de-d3cd-4e06-b16e-b70ad37a4427: start FollowerState
2019-11-14 00:32:58,748 [Thread-2345] INFO  impl.FollowerState (FollowerState.java:run(120)) - 75a811de-d3cd-4e06-b16e-b70ad37a4427@group-A881902D583F-FollowerState was interrupted: java.lang.InterruptedException: sleep interrupted
2019-11-14 00:32:58,779 [c0a90149-7086-438b-b575-a58c52a879cd@group-D7A3DBBC2D0D-LeaderElection79] INFO  impl.RaftServerImpl (ServerState.java:setRaftConf(356)) - c0a90149-7086-438b-b575-a58c52a879cd@group-D7A3DBBC2D0D: set configuration 0: [c0a90149-7086-438b-b575-a58c52a879cd:192.168.34.25:33958], old=null at 0
2019-11-14 00:32:58,806 [75a811de-d3cd-4e06-b16e-b70ad37a4427@group-686B42CD3298-SegmentedRaftLogWorker] INFO  segmented.SegmentedRaftLogWorker (SegmentedRaftLogWorker.java:execute(576)) - 75a811de-d3cd-4e06-b16e-b70ad37a4427@group-686B42CD3298-SegmentedRaftLogWorker: created new log segment /workdir/hadoop-ozone/integration-test/target/test-dir/MiniOzoneClusterImpl-60470fcf-478e-41fe-85ae-08a0494ed2ed/datanode-0/data/ratis/8051068c-611d-4547-a1d1-686b42cd3298/current/log_inprogress_0
2019-11-14 00:32:58,806 [Thread-2349] INFO  impl.FollowerState (FollowerState.java:run(111)) - 599e9361-b00a-4387-8c81-1beb440b27b2@group-11A3D5B26D51-FollowerState: change to CANDIDATE, lastRpcTime:1059ms, electionTimeout:1052ms
2019-11-14 00:32:58,806 [Thread-2349] INFO  impl.RoleInfo (RoleInfo.java:shutdownFollowerState(121)) - 599e9361-b00a-4387-8c81-1beb440b27b2: shutdown FollowerState
2019-11-14 00:32:58,806 [Thread-2349] INFO  impl.RaftServerImpl (RaftServerImpl.java:setRole(173)) - 599e9361-b00a-4387-8c81-1beb440b27b2@group-11A3D5B26D51: changes role from  FOLLOWER to CANDIDATE at term 0 for changeToCandidate
2019-11-14 00:32:58,806 [Thread-2349] INFO  impl.RoleInfo (RoleInfo.java:updateAndGet(143)) - 599e9361-b00a-4387-8c81-1beb440b27b2: start LeaderElection
2019-11-14 00:32:58,818 [c0a90149-7086-438b-b575-a58c52a879cd@group-D7A3DBBC2D0D-SegmentedRaftLogWorker] INFO  segmented.SegmentedRaftLogWorker (SegmentedRaftLogWorker.java:execute(576)) - c0a90149-7086-438b-b575-a58c52a879cd@group-D7A3DBBC2D0D-SegmentedRaftLogWorker: created new log segment /workdir/hadoop-ozone/integration-test/target/test-dir/MiniOzoneClusterImpl-60470fcf-478e-41fe-85ae-08a0494ed2ed/datanode-1/data/ratis/871ac4ed-231d-469b-bd17-d7a3dbbc2d0d/current/log_inprogress_0
2019-11-14 00:32:58,843 [82068b54-9744-4929-951d-196898e4ec33@group-A881902D583F-LeaderElection81] INFO  impl.LeaderElection (LeaderElection.java:logAndReturn(56)) - 82068b54-9744-4929-951d-196898e4ec33@group-A881902D583F-LeaderElection81: Election PASSED; received 1 response(s) [82068b54-9744-4929-951d-196898e4ec33<-c0a90149-7086-438b-b575-a58c52a879cd#0:OK-t1] and 0 exception(s); 82068b54-9744-4929-951d-196898e4ec33@group-A881902D583F:t1, leader=null, voted=82068b54-9744-4929-951d-196898e4ec33, raftlog=82068b54-9744-4929-951d-196898e4ec33@group-A881902D583F-SegmentedRaftLog:OPENED:c-1,f-1,i0, conf=-1: [82068b54-9744-4929-951d-196898e4ec33:192.168.34.25:45067, c0a90149-7086-438b-b575-a58c52a879cd:192.168.34.25:33958, 75a811de-d3cd-4e06-b16e-b70ad37a4427:192.168.34.25:45226], old=null
2019-11-14 00:32:58,845 [82068b54-9744-4929-951d-196898e4ec33@group-A881902D583F-LeaderElection81] INFO  impl.RoleInfo (RoleInfo.java:shutdownLeaderElection(134)) - 82068b54-9744-4929-951d-196898e4ec33: shutdown LeaderElection
2019-11-14 00:32:58,845 [82068b54-9744-4929-951d-196898e4ec33@group-A881902D583F-LeaderElection81] INFO  impl.RaftServerImpl (RaftServerImpl.java:setRole(173)) - 82068b54-9744-4929-951d-196898e4ec33@group-A881902D583F: changes role from CANDIDATE to LEADER at term 1 for changeToLeader
2019-11-14 00:32:58,845 [82068b54-9744-4929-951d-196898e4ec33@group-A881902D583F-LeaderElection81] INFO  ratis.XceiverServerRatis (XceiverServerRatis.java:handleLeaderChangedNotification(697)) - Leader change notification received for group: group-A881902D583F with new leaderId: 82068b54-9744-4929-951d-196898e4ec33
2019-11-14 00:32:58,845 [82068b54-9744-4929-951d-196898e4ec33@group-A881902D583F-LeaderElection81] INFO  impl.RaftServerImpl (ServerState.java:setLeader(255)) - 82068b54-9744-4929-951d-196898e4ec33@group-A881902D583F: change Leader from null to 82068b54-9744-4929-951d-196898e4ec33 at term 1 for becomeLeader, leader elected after 1201ms
2019-11-14 00:32:58,845 [82068b54-9744-4929-951d-196898e4ec33@group-A881902D583F-LeaderElection81] INFO  server.RaftServerConfigKeys (ConfUtils.java:logGet(43)) - raft.server.staging.catchup.gap = 1000 (default)
2019-11-14 00:32:58,845 [82068b54-9744-4929-951d-196898e4ec33@group-A881902D583F-LeaderElection81] INFO  server.RaftServerConfigKeys (ConfUtils.java:logGet(43)) - raft.server.rpc.sleep.time = 25ms (default)
2019-11-14 00:32:58,846 [82068b54-9744-4929-951d-196898e4ec33@group-A881902D583F-LeaderElection81] INFO  server.RaftServerConfigKeys (ConfUtils.java:logGet(43)) - raft.server.write.element-limit = 4096 (default)
2019-11-14 00:32:58,846 [82068b54-9744-4929-951d-196898e4ec33@group-A881902D583F-LeaderElection81] INFO  server.RaftServerConfigKeys (ConfUtils.java:logGet(43)) - raft.server.watch.timeout = 10s (default)
2019-11-14 00:32:58,846 [82068b54-9744-4929-951d-196898e4ec33@group-A881902D583F-LeaderElection81] INFO  server.RaftServerConfigKeys (ConfUtils.java:logGet(43)) - raft.server.watch.timeout.denomination = 1s (default)
2019-11-14 00:32:58,846 [82068b54-9744-4929-951d-196898e4ec33@group-A881902D583F-LeaderElection81] INFO  server.RaftServerConfigKeys (ConfUtils.java:logGet(43)) - raft.server.watch.element-limit = 65536 (default)
2019-11-14 00:32:58,846 [82068b54-9744-4929-951d-196898e4ec33@group-A881902D583F-LeaderElection81] INFO  server.RaftServerConfigKeys (ConfUtils.java:logGet(43)) - raft.server.log.appender.snapshot.chunk.size.max = 16MB (=16777216) (default)
2019-11-14 00:32:58,846 [EventQueue-PipelineReportForPipelineReportHandler] INFO  pipeline.PipelineStateManager (PipelineStateManager.java:openPipeline(134)) - Pipeline Pipeline[ Id: d6397611-a672-4634-8b28-a881902d583f, Nodes: c0a90149-7086-438b-b575-a58c52a879cd{ip: 192.168.34.25, host: pr-hdds-2474-ghsjm-2904119463, networkLocation: /default-rack, certSerialId: null}75a811de-d3cd-4e06-b16e-b70ad37a4427{ip: 192.168.34.25, host: pr-hdds-2474-ghsjm-2904119463, networkLocation: /default-rack, certSerialId: null}82068b54-9744-4929-951d-196898e4ec33{ip: 192.168.34.25, host: pr-hdds-2474-ghsjm-2904119463, networkLocation: /default-rack, certSerialId: null}, Type:RATIS, Factor:THREE, State:OPEN] moved to OPEN state
2019-11-14 00:32:58,846 [82068b54-9744-4929-951d-196898e4ec33@group-A881902D583F-LeaderElection81] INFO  server.RaftServerConfigKeys (ConfUtils.java:logGet(43)) - raft.server.log.appender.buffer.byte-limit = 33554432 (custom)
2019-11-14 00:32:58,846 [82068b54-9744-4929-951d-196898e4ec33@group-A881902D583F-LeaderElection81] INFO  server.RaftServerConfigKeys (ConfUtils.java:logGet(43)) - raft.server.log.appender.buffer.element-limit = 1 (custom)
2019-11-14 00:32:58,847 [82068b54-9744-4929-951d-196898e4ec33@group-A881902D583F-LeaderElection81] INFO  grpc.GrpcConfigKeys$Server (ConfUtils.java:logGet(43)) - raft.grpc.server.leader.outstanding.appends.max = 128 (default)
2019-11-14 00:32:58,847 [82068b54-9744-4929-951d-196898e4ec33@group-A881902D583F-LeaderElection81] INFO  server.RaftServerConfigKeys (ConfUtils.java:logGet(43)) - raft.server.rpc.request.timeout = 3000ms (default)
2019-11-14 00:32:58,847 [82068b54-9744-4929-951d-196898e4ec33@group-A881902D583F-LeaderElection81] INFO  server.RaftServerConfigKeys (ConfUtils.java:logGet(43)) - raft.server.log.appender.install.snapshot.enabled = false (custom)
2019-11-14 00:32:58,847 [82068b54-9744-4929-951d-196898e4ec33@group-A881902D583F-LeaderElection81] WARN  impl.MetricRegistriesImpl (MetricRegistriesImpl.java:lambda$create$1(61)) - First MetricRegistry has been created without registering reporters. You may need to call MetricRegistries.global().addReportRegistration(...) before.
2019-11-14 00:32:58,847 [82068b54-9744-4929-951d-196898e4ec33@group-A881902D583F-LeaderElection81] INFO  server.RaftServerConfigKeys (ConfUtils.java:logGet(43)) - raft.server.log.appender.snapshot.chunk.size.max = 16MB (=16777216) (default)
2019-11-14 00:32:58,847 [82068b54-9744-4929-951d-196898e4ec33@group-A881902D583F-LeaderElection81] INFO  server.RaftServerConfigKeys (ConfUtils.java:logGet(43)) - raft.server.log.appender.buffer.byte-limit = 33554432 (custom)
2019-11-14 00:32:58,847 [82068b54-9744-4929-951d-196898e4ec33@group-A881902D583F-LeaderElection81] INFO  server.RaftServerConfigKeys (ConfUtils.java:logGet(43)) - raft.server.log.appender.buffer.element-limit = 1 (custom)
2019-11-14 00:32:58,848 [82068b54-9744-4929-951d-196898e4ec33@group-A881902D583F-LeaderElection81] INFO  grpc.GrpcConfigKeys$Server (ConfUtils.java:logGet(43)) - raft.grpc.server.leader.outstanding.appends.max = 128 (default)
2019-11-14 00:32:58,848 [82068b54-9744-4929-951d-196898e4ec33@group-A881902D583F-LeaderElection81] INFO  server.RaftServerConfigKeys (ConfUtils.java:logGet(43)) - raft.server.rpc.request.timeout = 3000ms (default)
2019-11-14 00:32:58,848 [82068b54-9744-4929-951d-196898e4ec33@group-A881902D583F-LeaderElection81] INFO  server.RaftServerConfigKeys (ConfUtils.java:logGet(43)) - raft.server.log.appender.install.snapshot.enabled = false (custom)
2019-11-14 00:32:58,848 [82068b54-9744-4929-951d-196898e4ec33@group-A881902D583F-LeaderElection81] INFO  impl.RoleInfo (RoleInfo.java:updateAndGet(143)) - 82068b54-9744-4929-951d-196898e4ec33: start LeaderState
2019-11-14 00:32:58,848 [82068b54-9744-4929-951d-196898e4ec33@group-A881902D583F-LeaderElection81] INFO  segmented.SegmentedRaftLogWorker (SegmentedRaftLogWorker.java:startLogSegment(385)) - 82068b54-9744-4929-951d-196898e4ec33@group-A881902D583F-SegmentedRaftLogWorker: Starting segment from index:0
2019-11-14 00:32:58,849 [82068b54-9744-4929-951d-196898e4ec33@group-A881902D583F-LeaderElection81] INFO  impl.RaftServerImpl (ServerState.java:setRaftConf(356)) - 82068b54-9744-4929-951d-196898e4ec33@group-A881902D583F: set configuration 0: [82068b54-9744-4929-951d-196898e4ec33:192.168.34.25:45067, c0a90149-7086-438b-b575-a58c52a879cd:192.168.34.25:33958, 75a811de-d3cd-4e06-b16e-b70ad37a4427:192.168.34.25:45226], old=null at 0
2019-11-14 00:32:58,852 [grpc-default-executor-14] INFO  ratis.XceiverServerRatis (XceiverServerRatis.java:handleLeaderChangedNotification(697)) - Leader change notification received for group: group-A881902D583F with new leaderId: 82068b54-9744-4929-951d-196898e4ec33
2019-11-14 00:32:58,852 [grpc-default-executor-14] INFO  impl.RaftServerImpl (ServerState.java:setLeader(255)) - c0a90149-7086-438b-b575-a58c52a879cd@group-A881902D583F: change Leader from null to 82068b54-9744-4929-951d-196898e4ec33 at term 1 for appendEntries, leader elected after 1208ms
2019-11-14 00:32:58,852 [grpc-default-executor-3] INFO  ratis.XceiverServerRatis (XceiverServerRatis.java:handleLeaderChangedNotification(697)) - Leader change notification received for group: group-A881902D583F with new leaderId: 82068b54-9744-4929-951d-196898e4ec33
2019-11-14 00:32:58,852 [grpc-default-executor-3] INFO  impl.RaftServerImpl (ServerState.java:setLeader(255)) - 75a811de-d3cd-4e06-b16e-b70ad37a4427@group-A881902D583F: change Leader from null to 82068b54-9744-4929-951d-196898e4ec33 at term 1 for appendEntries, leader elected after 1208ms
2019-11-14 00:32:58,881 [599e9361-b00a-4387-8c81-1beb440b27b2@group-11A3D5B26D51-LeaderElection82] INFO  impl.LeaderElection (LeaderElection.java:askForVotes(178)) - 599e9361-b00a-4387-8c81-1beb440b27b2@group-11A3D5B26D51-LeaderElection82: begin an election at term 1 for -1: [599e9361-b00a-4387-8c81-1beb440b27b2:192.168.34.25:40470], old=null
2019-11-14 00:32:58,882 [599e9361-b00a-4387-8c81-1beb440b27b2@group-11A3D5B26D51-LeaderElection82] INFO  impl.RoleInfo (RoleInfo.java:shutdownLeaderElection(134)) - 599e9361-b00a-4387-8c81-1beb440b27b2: shutdown LeaderElection
2019-11-14 00:32:58,883 [599e9361-b00a-4387-8c81-1beb440b27b2@group-11A3D5B26D51-LeaderElection82] INFO  impl.RaftServerImpl (RaftServerImpl.java:setRole(173)) - 599e9361-b00a-4387-8c81-1beb440b27b2@group-11A3D5B26D51: changes role from CANDIDATE to LEADER at term 1 for changeToLeader
2019-11-14 00:32:58,883 [599e9361-b00a-4387-8c81-1beb440b27b2@group-11A3D5B26D51-LeaderElection82] INFO  ratis.XceiverServerRatis (XceiverServerRatis.java:handleLeaderChangedNotification(697)) - Leader change notification received for group: group-11A3D5B26D51 with new leaderId: 599e9361-b00a-4387-8c81-1beb440b27b2
2019-11-14 00:32:58,883 [599e9361-b00a-4387-8c81-1beb440b27b2@group-11A3D5B26D51-LeaderElection82] INFO  impl.RaftServerImpl (ServerState.java:setLeader(255)) - 599e9361-b00a-4387-8c81-1beb440b27b2@group-11A3D5B26D51: change Leader from null to 599e9361-b00a-4387-8c81-1beb440b27b2 at term 1 for becomeLeader, leader elected after 1140ms
2019-11-14 00:32:58,884 [599e9361-b00a-4387-8c81-1beb440b27b2@group-11A3D5B26D51-LeaderElection82] INFO  server.RaftServerConfigKeys (ConfUtils.java:logGet(43)) - raft.server.staging.catchup.gap = 1000 (default)
2019-11-14 00:32:58,885 [599e9361-b00a-4387-8c81-1beb440b27b2@group-11A3D5B26D51-LeaderElection82] INFO  server.RaftServerConfigKeys (ConfUtils.java:logGet(43)) - raft.server.rpc.sleep.time = 25ms (default)
2019-11-14 00:32:58,885 [599e9361-b00a-4387-8c81-1beb440b27b2@group-11A3D5B26D51-LeaderElection82] INFO  server.RaftServerConfigKeys (ConfUtils.java:logGet(43)) - raft.server.write.element-limit = 4096 (default)
2019-11-14 00:32:58,886 [599e9361-b00a-4387-8c81-1beb440b27b2@group-11A3D5B26D51-LeaderElection82] INFO  server.RaftServerConfigKeys (ConfUtils.java:logGet(43)) - raft.server.watch.timeout = 10s (default)
2019-11-14 00:32:58,886 [EventQueue-PipelineReportForPipelineReportHandler] INFO  pipeline.PipelineStateManager (PipelineStateManager.java:openPipeline(134)) - Pipeline Pipeline[ Id: c02d126c-79d7-413e-afae-11a3d5b26d51, Nodes: 599e9361-b00a-4387-8c81-1beb440b27b2{ip: 192.168.34.25, host: pr-hdds-2474-ghsjm-2904119463, networkLocation: /default-rack, certSerialId: null}, Type:RATIS, Factor:ONE, State:OPEN] moved to OPEN state
2019-11-14 00:32:58,886 [599e9361-b00a-4387-8c81-1beb440b27b2@group-11A3D5B26D51-LeaderElection82] INFO  server.RaftServerConfigKeys (ConfUtils.java:logGet(43)) - raft.server.watch.timeout.denomination = 1s (default)
2019-11-14 00:32:58,886 [grpc-default-executor-3] INFO  impl.RaftServerImpl (ServerState.java:setRaftConf(356)) - c0a90149-7086-438b-b575-a58c52a879cd@group-A881902D583F: set configuration 0: [82068b54-9744-4929-951d-196898e4ec33:192.168.34.25:45067, c0a90149-7086-438b-b575-a58c52a879cd:192.168.34.25:33958, 75a811de-d3cd-4e06-b16e-b70ad37a4427:192.168.34.25:45226], old=null at 0
2019-11-14 00:32:58,886 [grpc-default-executor-14] INFO  impl.RaftServerImpl (ServerState.java:setRaftConf(356)) - 75a811de-d3cd-4e06-b16e-b70ad37a4427@group-A881902D583F: set configuration 0: [82068b54-9744-4929-951d-196898e4ec33:192.168.34.25:45067, c0a90149-7086-438b-b575-a58c52a879cd:192.168.34.25:33958, 75a811de-d3cd-4e06-b16e-b70ad37a4427:192.168.34.25:45226], old=null at 0
2019-11-14 00:32:58,886 [599e9361-b00a-4387-8c81-1beb440b27b2@group-11A3D5B26D51-LeaderElection82] INFO  server.RaftServerConfigKeys (ConfUtils.java:logGet(43)) - raft.server.watch.element-limit = 65536 (default)
2019-11-14 00:32:58,886 [grpc-default-executor-14] INFO  segmented.SegmentedRaftLogWorker (SegmentedRaftLogWorker.java:startLogSegment(385)) - 75a811de-d3cd-4e06-b16e-b70ad37a4427@group-A881902D583F-SegmentedRaftLogWorker: Starting segment from index:0
2019-11-14 00:32:58,886 [grpc-default-executor-3] INFO  segmented.SegmentedRaftLogWorker (SegmentedRaftLogWorker.java:startLogSegment(385)) - c0a90149-7086-438b-b575-a58c52a879cd@group-A881902D583F-SegmentedRaftLogWorker: Starting segment from index:0
2019-11-14 00:32:58,887 [599e9361-b00a-4387-8c81-1beb440b27b2@group-11A3D5B26D51-LeaderElection82] INFO  impl.RoleInfo (RoleInfo.java:updateAndGet(143)) - 599e9361-b00a-4387-8c81-1beb440b27b2: start LeaderState
2019-11-14 00:32:58,887 [599e9361-b00a-4387-8c81-1beb440b27b2@group-11A3D5B26D51-LeaderElection82] INFO  segmented.SegmentedRaftLogWorker (SegmentedRaftLogWorker.java:startLogSegment(385)) - 599e9361-b00a-4387-8c81-1beb440b27b2@group-11A3D5B26D51-SegmentedRaftLogWorker: Starting segment from index:0
2019-11-14 00:32:58,888 [599e9361-b00a-4387-8c81-1beb440b27b2@group-11A3D5B26D51-LeaderElection82] INFO  impl.RaftServerImpl (ServerState.java:setRaftConf(356)) - 599e9361-b00a-4387-8c81-1beb440b27b2@group-11A3D5B26D51: set configuration 0: [599e9361-b00a-4387-8c81-1beb440b27b2:192.168.34.25:40470], old=null at 0
2019-11-14 00:32:58,893 [82068b54-9744-4929-951d-196898e4ec33@group-A881902D583F-SegmentedRaftLogWorker] INFO  segmented.SegmentedRaftLogWorker (SegmentedRaftLogWorker.java:execute(576)) - 82068b54-9744-4929-951d-196898e4ec33@group-A881902D583F-SegmentedRaftLogWorker: created new log segment /workdir/hadoop-ozone/integration-test/target/test-dir/MiniOzoneClusterImpl-60470fcf-478e-41fe-85ae-08a0494ed2ed/datanode-2/data/ratis/d6397611-a672-4634-8b28-a881902d583f/current/log_inprogress_0
2019-11-14 00:32:58,925 [c0a90149-7086-438b-b575-a58c52a879cd@group-A881902D583F-SegmentedRaftLogWorker] INFO  segmented.SegmentedRaftLogWorker (SegmentedRaftLogWorker.java:execute(576)) - c0a90149-7086-438b-b575-a58c52a879cd@group-A881902D583F-SegmentedRaftLogWorker: created new log segment /workdir/hadoop-ozone/integration-test/target/test-dir/MiniOzoneClusterImpl-60470fcf-478e-41fe-85ae-08a0494ed2ed/datanode-1/data/ratis/d6397611-a672-4634-8b28-a881902d583f/current/log_inprogress_0
2019-11-14 00:32:58,925 [599e9361-b00a-4387-8c81-1beb440b27b2@group-11A3D5B26D51-SegmentedRaftLogWorker] INFO  segmented.SegmentedRaftLogWorker (SegmentedRaftLogWorker.java:execute(576)) - 599e9361-b00a-4387-8c81-1beb440b27b2@group-11A3D5B26D51-SegmentedRaftLogWorker: created new log segment /workdir/hadoop-ozone/integration-test/target/test-dir/MiniOzoneClusterImpl-60470fcf-478e-41fe-85ae-08a0494ed2ed/datanode-3/data/ratis/c02d126c-79d7-413e-afae-11a3d5b26d51/current/log_inprogress_0
2019-11-14 00:32:58,925 [75a811de-d3cd-4e06-b16e-b70ad37a4427@group-A881902D583F-SegmentedRaftLogWorker] INFO  segmented.SegmentedRaftLogWorker (SegmentedRaftLogWorker.java:execute(576)) - 75a811de-d3cd-4e06-b16e-b70ad37a4427@group-A881902D583F-SegmentedRaftLogWorker: created new log segment /workdir/hadoop-ozone/integration-test/target/test-dir/MiniOzoneClusterImpl-60470fcf-478e-41fe-85ae-08a0494ed2ed/datanode-0/data/ratis/d6397611-a672-4634-8b28-a881902d583f/current/log_inprogress_0
2019-11-14 00:32:59,042 [Thread-2352] INFO  impl.FollowerState (FollowerState.java:run(111)) - c7c4673b-1be2-45f8-9c29-c9228fccc788@group-A81C71C47635-FollowerState: change to CANDIDATE, lastRpcTime:1007ms, electionTimeout:1007ms
2019-11-14 00:32:59,042 [Thread-2352] INFO  impl.RoleInfo (RoleInfo.java:shutdownFollowerState(121)) - c7c4673b-1be2-45f8-9c29-c9228fccc788: shutdown FollowerState
2019-11-14 00:32:59,042 [Thread-2352] INFO  impl.RaftServerImpl (RaftServerImpl.java:setRole(173)) - c7c4673b-1be2-45f8-9c29-c9228fccc788@group-A81C71C47635: changes role from  FOLLOWER to CANDIDATE at term 0 for changeToCandidate
2019-11-14 00:32:59,042 [Thread-2352] INFO  impl.RoleInfo (RoleInfo.java:updateAndGet(143)) - c7c4673b-1be2-45f8-9c29-c9228fccc788: start LeaderElection
2019-11-14 00:32:59,060 [c7c4673b-1be2-45f8-9c29-c9228fccc788@group-A81C71C47635-LeaderElection83] INFO  impl.LeaderElection (LeaderElection.java:askForVotes(178)) - c7c4673b-1be2-45f8-9c29-c9228fccc788@group-A81C71C47635-LeaderElection83: begin an election at term 1 for -1: [c7c4673b-1be2-45f8-9c29-c9228fccc788:192.168.34.25:39151], old=null
2019-11-14 00:32:59,060 [c7c4673b-1be2-45f8-9c29-c9228fccc788@group-A81C71C47635-LeaderElection83] INFO  impl.RoleInfo (RoleInfo.java:shutdownLeaderElection(134)) - c7c4673b-1be2-45f8-9c29-c9228fccc788: shutdown LeaderElection
2019-11-14 00:32:59,061 [c7c4673b-1be2-45f8-9c29-c9228fccc788@group-A81C71C47635-LeaderElection83] INFO  impl.RaftServerImpl (RaftServerImpl.java:setRole(173)) - c7c4673b-1be2-45f8-9c29-c9228fccc788@group-A81C71C47635: changes role from CANDIDATE to LEADER at term 1 for changeToLeader
2019-11-14 00:32:59,061 [c7c4673b-1be2-45f8-9c29-c9228fccc788@group-A81C71C47635-LeaderElection83] INFO  ratis.XceiverServerRatis (XceiverServerRatis.java:handleLeaderChangedNotification(697)) - Leader change notification received for group: group-A81C71C47635 with new leaderId: c7c4673b-1be2-45f8-9c29-c9228fccc788
2019-11-14 00:32:59,061 [c7c4673b-1be2-45f8-9c29-c9228fccc788@group-A81C71C47635-LeaderElection83] INFO  impl.RaftServerImpl (ServerState.java:setLeader(255)) - c7c4673b-1be2-45f8-9c29-c9228fccc788@group-A81C71C47635: change Leader from null to c7c4673b-1be2-45f8-9c29-c9228fccc788 at term 1 for becomeLeader, leader elected after 1029ms
2019-11-14 00:32:59,061 [c7c4673b-1be2-45f8-9c29-c9228fccc788@group-A81C71C47635-LeaderElection83] INFO  server.RaftServerConfigKeys (ConfUtils.java:logGet(43)) - raft.server.staging.catchup.gap = 1000 (default)
2019-11-14 00:32:59,063 [c7c4673b-1be2-45f8-9c29-c9228fccc788@group-A81C71C47635-LeaderElection83] INFO  server.RaftServerConfigKeys (ConfUtils.java:logGet(43)) - raft.server.rpc.sleep.time = 25ms (default)
2019-11-14 00:32:59,063 [c7c4673b-1be2-45f8-9c29-c9228fccc788@group-A81C71C47635-LeaderElection83] INFO  server.RaftServerConfigKeys (ConfUtils.java:logGet(43)) - raft.server.write.element-limit = 4096 (default)
2019-11-14 00:32:59,063 [c7c4673b-1be2-45f8-9c29-c9228fccc788@group-A81C71C47635-LeaderElection83] INFO  server.RaftServerConfigKeys (ConfUtils.java:logGet(43)) - raft.server.watch.timeout = 10s (default)
2019-11-14 00:32:59,063 [c7c4673b-1be2-45f8-9c29-c9228fccc788@group-A81C71C47635-LeaderElection83] INFO  server.RaftServerConfigKeys (ConfUtils.java:logGet(43)) - raft.server.watch.timeout.denomination = 1s (default)
2019-11-14 00:32:59,064 [c7c4673b-1be2-45f8-9c29-c9228fccc788@group-A81C71C47635-LeaderElection83] INFO  server.RaftServerConfigKeys (ConfUtils.java:logGet(43)) - raft.server.watch.element-limit = 65536 (default)
2019-11-14 00:32:59,064 [EventQueue-PipelineReportForPipelineReportHandler] INFO  pipeline.PipelineStateManager (PipelineStateManager.java:openPipeline(134)) - Pipeline Pipeline[ Id: b48ba456-0de8-4857-a8b6-a81c71c47635, Nodes: c7c4673b-1be2-45f8-9c29-c9228fccc788{ip: 192.168.34.25, host: pr-hdds-2474-ghsjm-2904119463, networkLocation: /default-rack, certSerialId: null}, Type:RATIS, Factor:ONE, State:OPEN] moved to OPEN state
2019-11-14 00:32:59,064 [c7c4673b-1be2-45f8-9c29-c9228fccc788@group-A81C71C47635-LeaderElection83] INFO  impl.RoleInfo (RoleInfo.java:updateAndGet(143)) - c7c4673b-1be2-45f8-9c29-c9228fccc788: start LeaderState
2019-11-14 00:32:59,064 [c7c4673b-1be2-45f8-9c29-c9228fccc788@group-A81C71C47635-LeaderElection83] INFO  segmented.SegmentedRaftLogWorker (SegmentedRaftLogWorker.java:startLogSegment(385)) - c7c4673b-1be2-45f8-9c29-c9228fccc788@group-A81C71C47635-SegmentedRaftLogWorker: Starting segment from index:0
2019-11-14 00:32:59,065 [c7c4673b-1be2-45f8-9c29-c9228fccc788@group-A81C71C47635-LeaderElection83] INFO  impl.RaftServerImpl (ServerState.java:setRaftConf(356)) - c7c4673b-1be2-45f8-9c29-c9228fccc788@group-A81C71C47635: set configuration 0: [c7c4673b-1be2-45f8-9c29-c9228fccc788:192.168.34.25:39151], old=null at 0
2019-11-14 00:32:59,106 [c7c4673b-1be2-45f8-9c29-c9228fccc788@group-A81C71C47635-SegmentedRaftLogWorker] INFO  segmented.SegmentedRaftLogWorker (SegmentedRaftLogWorker.java:execute(576)) - c7c4673b-1be2-45f8-9c29-c9228fccc788@group-A81C71C47635-SegmentedRaftLogWorker: created new log segment /workdir/hadoop-ozone/integration-test/target/test-dir/MiniOzoneClusterImpl-60470fcf-478e-41fe-85ae-08a0494ed2ed/datanode-4/data/ratis/b48ba456-0de8-4857-a8b6-a81c71c47635/current/log_inprogress_0
2019-11-14 00:32:59,128 [main] INFO  ozone.MiniOzoneClusterImpl (MiniOzoneClusterImpl.java:lambda$waitForClusterToBeReady$2(163)) - Waiting for 2 number of pipelines out of 8, to report a leader.
2019-11-14 00:32:59,157 [Thread-2355] INFO  impl.FollowerState (FollowerState.java:run(111)) - 4b7ea911-6ec4-41f6-86c3-8c310b409e67@group-B7AD03D77DBE-FollowerState: change to CANDIDATE, lastRpcTime:1082ms, electionTimeout:1082ms
2019-11-14 00:32:59,157 [Thread-2355] INFO  impl.RoleInfo (RoleInfo.java:shutdownFollowerState(121)) - 4b7ea911-6ec4-41f6-86c3-8c310b409e67: shutdown FollowerState
2019-11-14 00:32:59,157 [Thread-2355] INFO  impl.RaftServerImpl (RaftServerImpl.java:setRole(173)) - 4b7ea911-6ec4-41f6-86c3-8c310b409e67@group-B7AD03D77DBE: changes role from  FOLLOWER to CANDIDATE at term 0 for changeToCandidate
2019-11-14 00:32:59,157 [Thread-2355] INFO  impl.RoleInfo (RoleInfo.java:updateAndGet(143)) - 4b7ea911-6ec4-41f6-86c3-8c310b409e67: start LeaderElection
2019-11-14 00:32:59,175 [4b7ea911-6ec4-41f6-86c3-8c310b409e67@group-B7AD03D77DBE-LeaderElection84] INFO  impl.LeaderElection (LeaderElection.java:askForVotes(178)) - 4b7ea911-6ec4-41f6-86c3-8c310b409e67@group-B7AD03D77DBE-LeaderElection84: begin an election at term 1 for -1: [4b7ea911-6ec4-41f6-86c3-8c310b409e67:192.168.34.25:41710], old=null
2019-11-14 00:32:59,175 [4b7ea911-6ec4-41f6-86c3-8c310b409e67@group-B7AD03D77DBE-LeaderElection84] INFO  impl.RoleInfo (RoleInfo.java:shutdownLeaderElection(134)) - 4b7ea911-6ec4-41f6-86c3-8c310b409e67: shutdown LeaderElection
2019-11-14 00:32:59,175 [4b7ea911-6ec4-41f6-86c3-8c310b409e67@group-B7AD03D77DBE-LeaderElection84] INFO  impl.RaftServerImpl (RaftServerImpl.java:setRole(173)) - 4b7ea911-6ec4-41f6-86c3-8c310b409e67@group-B7AD03D77DBE: changes role from CANDIDATE to LEADER at term 1 for changeToLeader
2019-11-14 00:32:59,175 [4b7ea911-6ec4-41f6-86c3-8c310b409e67@group-B7AD03D77DBE-LeaderElection84] INFO  ratis.XceiverServerRatis (XceiverServerRatis.java:handleLeaderChangedNotification(697)) - Leader change notification received for group: group-B7AD03D77DBE with new leaderId: 4b7ea911-6ec4-41f6-86c3-8c310b409e67
2019-11-14 00:32:59,175 [4b7ea911-6ec4-41f6-86c3-8c310b409e67@group-B7AD03D77DBE-LeaderElection84] INFO  impl.RaftServerImpl (ServerState.java:setLeader(255)) - 4b7ea911-6ec4-41f6-86c3-8c310b409e67@group-B7AD03D77DBE: change Leader from null to 4b7ea911-6ec4-41f6-86c3-8c310b409e67 at term 1 for becomeLeader, leader elected after 1104ms
2019-11-14 00:32:59,176 [4b7ea911-6ec4-41f6-86c3-8c310b409e67@group-B7AD03D77DBE-LeaderElection84] INFO  server.RaftServerConfigKeys (ConfUtils.java:logGet(43)) - raft.server.staging.catchup.gap = 1000 (default)
2019-11-14 00:32:59,176 [4b7ea911-6ec4-41f6-86c3-8c310b409e67@group-B7AD03D77DBE-LeaderElection84] INFO  server.RaftServerConfigKeys (ConfUtils.java:logGet(43)) - raft.server.rpc.sleep.time = 25ms (default)
2019-11-14 00:32:59,177 [4b7ea911-6ec4-41f6-86c3-8c310b409e67@group-B7AD03D77DBE-LeaderElection84] INFO  server.RaftServerConfigKeys (ConfUtils.java:logGet(43)) - raft.server.write.element-limit = 4096 (default)
2019-11-14 00:32:59,178 [4b7ea911-6ec4-41f6-86c3-8c310b409e67@group-B7AD03D77DBE-LeaderElection84] INFO  server.RaftServerConfigKeys (ConfUtils.java:logGet(43)) - raft.server.watch.timeout = 10s (default)
2019-11-14 00:32:59,178 [4b7ea911-6ec4-41f6-86c3-8c310b409e67@group-B7AD03D77DBE-LeaderElection84] INFO  server.RaftServerConfigKeys (ConfUtils.java:logGet(43)) - raft.server.watch.timeout.denomination = 1s (default)
2019-11-14 00:32:59,178 [4b7ea911-6ec4-41f6-86c3-8c310b409e67@group-B7AD03D77DBE-LeaderElection84] INFO  server.RaftServerConfigKeys (ConfUtils.java:logGet(43)) - raft.server.watch.element-limit = 65536 (default)
2019-11-14 00:32:59,178 [4b7ea911-6ec4-41f6-86c3-8c310b409e67@group-B7AD03D77DBE-LeaderElection84] INFO  impl.RoleInfo (RoleInfo.java:updateAndGet(143)) - 4b7ea911-6ec4-41f6-86c3-8c310b409e67: start LeaderState
2019-11-14 00:32:59,178 [EventQueue-PipelineReportForPipelineReportHandler] INFO  pipeline.PipelineStateManager (PipelineStateManager.java:openPipeline(134)) - Pipeline Pipeline[ Id: b382fe41-3b04-41e1-bbae-b7ad03d77dbe, Nodes: 4b7ea911-6ec4-41f6-86c3-8c310b409e67{ip: 192.168.34.25, host: pr-hdds-2474-ghsjm-2904119463, networkLocation: /default-rack, certSerialId: null}, Type:RATIS, Factor:ONE, State:OPEN] moved to OPEN state
2019-11-14 00:32:59,178 [4b7ea911-6ec4-41f6-86c3-8c310b409e67@group-B7AD03D77DBE-LeaderElection84] INFO  segmented.SegmentedRaftLogWorker (SegmentedRaftLogWorker.java:startLogSegment(385)) - 4b7ea911-6ec4-41f6-86c3-8c310b409e67@group-B7AD03D77DBE-SegmentedRaftLogWorker: Starting segment from index:0
2019-11-14 00:32:59,179 [4b7ea911-6ec4-41f6-86c3-8c310b409e67@group-B7AD03D77DBE-LeaderElection84] INFO  impl.RaftServerImpl (ServerState.java:setRaftConf(356)) - 4b7ea911-6ec4-41f6-86c3-8c310b409e67@group-B7AD03D77DBE: set configuration 0: [4b7ea911-6ec4-41f6-86c3-8c310b409e67:192.168.34.25:41710], old=null at 0
2019-11-14 00:32:59,205 [Thread-2363] INFO  impl.FollowerState (FollowerState.java:run(111)) - 4b7ea911-6ec4-41f6-86c3-8c310b409e67@group-54564E6FFB47-FollowerState: change to CANDIDATE, lastRpcTime:1080ms, electionTimeout:1080ms
2019-11-14 00:32:59,206 [Thread-2363] INFO  impl.RoleInfo (RoleInfo.java:shutdownFollowerState(121)) - 4b7ea911-6ec4-41f6-86c3-8c310b409e67: shutdown FollowerState
2019-11-14 00:32:59,206 [Thread-2363] INFO  impl.RaftServerImpl (RaftServerImpl.java:setRole(173)) - 4b7ea911-6ec4-41f6-86c3-8c310b409e67@group-54564E6FFB47: changes role from  FOLLOWER to CANDIDATE at term 0 for changeToCandidate
2019-11-14 00:32:59,206 [Thread-2363] INFO  impl.RoleInfo (RoleInfo.java:updateAndGet(143)) - 4b7ea911-6ec4-41f6-86c3-8c310b409e67: start LeaderElection
2019-11-14 00:32:59,226 [4b7ea911-6ec4-41f6-86c3-8c310b409e67@group-B7AD03D77DBE-SegmentedRaftLogWorker] INFO  segmented.SegmentedRaftLogWorker (SegmentedRaftLogWorker.java:execute(576)) - 4b7ea911-6ec4-41f6-86c3-8c310b409e67@group-B7AD03D77DBE-SegmentedRaftLogWorker: created new log segment /workdir/hadoop-ozone/integration-test/target/test-dir/MiniOzoneClusterImpl-60470fcf-478e-41fe-85ae-08a0494ed2ed/datanode-5/data/ratis/b382fe41-3b04-41e1-bbae-b7ad03d77dbe/current/log_inprogress_0
2019-11-14 00:32:59,226 [4b7ea911-6ec4-41f6-86c3-8c310b409e67@group-54564E6FFB47-LeaderElection85] INFO  impl.LeaderElection (LeaderElection.java:askForVotes(178)) - 4b7ea911-6ec4-41f6-86c3-8c310b409e67@group-54564E6FFB47-LeaderElection85: begin an election at term 1 for -1: [c7c4673b-1be2-45f8-9c29-c9228fccc788:192.168.34.25:39151, 599e9361-b00a-4387-8c81-1beb440b27b2:192.168.34.25:40470, 4b7ea911-6ec4-41f6-86c3-8c310b409e67:192.168.34.25:41710], old=null
2019-11-14 00:32:59,231 [grpc-default-executor-3] INFO  impl.RaftServerImpl (RaftServerImpl.java:setRole(173)) - c7c4673b-1be2-45f8-9c29-c9228fccc788@group-54564E6FFB47: changes role from  FOLLOWER to FOLLOWER at term 1 for recognizeCandidate:4b7ea911-6ec4-41f6-86c3-8c310b409e67
2019-11-14 00:32:59,231 [grpc-default-executor-14] INFO  impl.RaftServerImpl (RaftServerImpl.java:setRole(173)) - 599e9361-b00a-4387-8c81-1beb440b27b2@group-54564E6FFB47: changes role from  FOLLOWER to FOLLOWER at term 1 for recognizeCandidate:4b7ea911-6ec4-41f6-86c3-8c310b409e67
2019-11-14 00:32:59,231 [grpc-default-executor-3] INFO  impl.RoleInfo (RoleInfo.java:shutdownFollowerState(121)) - c7c4673b-1be2-45f8-9c29-c9228fccc788: shutdown FollowerState
2019-11-14 00:32:59,231 [grpc-default-executor-14] INFO  impl.RoleInfo (RoleInfo.java:shutdownFollowerState(121)) - 599e9361-b00a-4387-8c81-1beb440b27b2: shutdown FollowerState
2019-11-14 00:32:59,231 [Thread-2362] INFO  impl.FollowerState (FollowerState.java:run(120)) - c7c4673b-1be2-45f8-9c29-c9228fccc788@group-54564E6FFB47-FollowerState was interrupted: java.lang.InterruptedException: sleep interrupted
2019-11-14 00:32:59,231 [grpc-default-executor-3] INFO  impl.RoleInfo (RoleInfo.java:updateAndGet(143)) - c7c4673b-1be2-45f8-9c29-c9228fccc788: start FollowerState
2019-11-14 00:32:59,231 [grpc-default-executor-14] INFO  impl.RoleInfo (RoleInfo.java:updateAndGet(143)) - 599e9361-b00a-4387-8c81-1beb440b27b2: start FollowerState
2019-11-14 00:32:59,231 [Thread-2358] INFO  impl.FollowerState (FollowerState.java:run(120)) - 599e9361-b00a-4387-8c81-1beb440b27b2@group-54564E6FFB47-FollowerState was interrupted: java.lang.InterruptedException: sleep interrupted
2019-11-14 00:32:59,240 [4b7ea911-6ec4-41f6-86c3-8c310b409e67@group-54564E6FFB47-LeaderElection85] INFO  impl.LeaderElection (LeaderElection.java:logAndReturn(56)) - 4b7ea911-6ec4-41f6-86c3-8c310b409e67@group-54564E6FFB47-LeaderElection85: Election PASSED; received 1 response(s) [4b7ea911-6ec4-41f6-86c3-8c310b409e67<-c7c4673b-1be2-45f8-9c29-c9228fccc788#0:OK-t1] and 0 exception(s); 4b7ea911-6ec4-41f6-86c3-8c310b409e67@group-54564E6FFB47:t1, leader=null, voted=4b7ea911-6ec4-41f6-86c3-8c310b409e67, raftlog=4b7ea911-6ec4-41f6-86c3-8c310b409e67@group-54564E6FFB47-SegmentedRaftLog:OPENED:c-1,f-1,i0, conf=-1: [c7c4673b-1be2-45f8-9c29-c9228fccc788:192.168.34.25:39151, 599e9361-b00a-4387-8c81-1beb440b27b2:192.168.34.25:40470, 4b7ea911-6ec4-41f6-86c3-8c310b409e67:192.168.34.25:41710], old=null
2019-11-14 00:32:59,241 [4b7ea911-6ec4-41f6-86c3-8c310b409e67@group-54564E6FFB47-LeaderElection85] INFO  impl.RoleInfo (RoleInfo.java:shutdownLeaderElection(134)) - 4b7ea911-6ec4-41f6-86c3-8c310b409e67: shutdown LeaderElection
2019-11-14 00:32:59,241 [4b7ea911-6ec4-41f6-86c3-8c310b409e67@group-54564E6FFB47-LeaderElection85] INFO  impl.RaftServerImpl (RaftServerImpl.java:setRole(173)) - 4b7ea911-6ec4-41f6-86c3-8c310b409e67@group-54564E6FFB47: changes role from CANDIDATE to LEADER at term 1 for changeToLeader
2019-11-14 00:32:59,241 [4b7ea911-6ec4-41f6-86c3-8c310b409e67@group-54564E6FFB47-LeaderElection85] INFO  ratis.XceiverServerRatis (XceiverServerRatis.java:handleLeaderChangedNotification(697)) - Leader change notification received for group: group-54564E6FFB47 with new leaderId: 4b7ea911-6ec4-41f6-86c3-8c310b409e67
2019-11-14 00:32:59,241 [4b7ea911-6ec4-41f6-86c3-8c310b409e67@group-54564E6FFB47-LeaderElection85] INFO  impl.RaftServerImpl (ServerState.java:setLeader(255)) - 4b7ea911-6ec4-41f6-86c3-8c310b409e67@group-54564E6FFB47: change Leader from null to 4b7ea911-6ec4-41f6-86c3-8c310b409e67 at term 1 for becomeLeader, leader elected after 1123ms
2019-11-14 00:32:59,241 [4b7ea911-6ec4-41f6-86c3-8c310b409e67@group-54564E6FFB47-LeaderElection85] INFO  server.RaftServerConfigKeys (ConfUtils.java:logGet(43)) - raft.server.staging.catchup.gap = 1000 (default)
2019-11-14 00:32:59,241 [4b7ea911-6ec4-41f6-86c3-8c310b409e67@group-54564E6FFB47-LeaderElection85] INFO  server.RaftServerConfigKeys (ConfUtils.java:logGet(43)) - raft.server.rpc.sleep.time = 25ms (default)
2019-11-14 00:32:59,241 [4b7ea911-6ec4-41f6-86c3-8c310b409e67@group-54564E6FFB47-LeaderElection85] INFO  server.RaftServerConfigKeys (ConfUtils.java:logGet(43)) - raft.server.write.element-limit = 4096 (default)
2019-11-14 00:32:59,241 [4b7ea911-6ec4-41f6-86c3-8c310b409e67@group-54564E6FFB47-LeaderElection85] INFO  server.RaftServerConfigKeys (ConfUtils.java:logGet(43)) - raft.server.watch.timeout = 10s (default)
2019-11-14 00:32:59,241 [4b7ea911-6ec4-41f6-86c3-8c310b409e67@group-54564E6FFB47-LeaderElection85] INFO  server.RaftServerConfigKeys (ConfUtils.java:logGet(43)) - raft.server.watch.timeout.denomination = 1s (default)
2019-11-14 00:32:59,242 [4b7ea911-6ec4-41f6-86c3-8c310b409e67@group-54564E6FFB47-LeaderElection85] INFO  server.RaftServerConfigKeys (ConfUtils.java:logGet(43)) - raft.server.watch.element-limit = 65536 (default)
2019-11-14 00:32:59,242 [EventQueue-PipelineReportForPipelineReportHandler] INFO  pipeline.PipelineStateManager (PipelineStateManager.java:openPipeline(134)) - Pipeline Pipeline[ Id: 6ba23760-3715-4e79-b144-54564e6ffb47, Nodes: 599e9361-b00a-4387-8c81-1beb440b27b2{ip: 192.168.34.25, host: pr-hdds-2474-ghsjm-2904119463, networkLocation: /default-rack, certSerialId: null}4b7ea911-6ec4-41f6-86c3-8c310b409e67{ip: 192.168.34.25, host: pr-hdds-2474-ghsjm-2904119463, networkLocation: /default-rack, certSerialId: null}c7c4673b-1be2-45f8-9c29-c9228fccc788{ip: 192.168.34.25, host: pr-hdds-2474-ghsjm-2904119463, networkLocation: /default-rack, certSerialId: null}, Type:RATIS, Factor:THREE, State:OPEN] moved to OPEN state
2019-11-14 00:32:59,242 [4b7ea911-6ec4-41f6-86c3-8c310b409e67@group-54564E6FFB47-LeaderElection85] INFO  server.RaftServerConfigKeys (ConfUtils.java:logGet(43)) - raft.server.log.appender.snapshot.chunk.size.max = 16MB (=16777216) (default)
2019-11-14 00:32:59,242 [4b7ea911-6ec4-41f6-86c3-8c310b409e67@group-54564E6FFB47-LeaderElection85] INFO  server.RaftServerConfigKeys (ConfUtils.java:logGet(43)) - raft.server.log.appender.buffer.byte-limit = 33554432 (custom)
2019-11-14 00:32:59,242 [4b7ea911-6ec4-41f6-86c3-8c310b409e67@group-54564E6FFB47-LeaderElection85] INFO  server.RaftServerConfigKeys (ConfUtils.java:logGet(43)) - raft.server.log.appender.buffer.element-limit = 1 (custom)
2019-11-14 00:32:59,242 [4b7ea911-6ec4-41f6-86c3-8c310b409e67@group-54564E6FFB47-LeaderElection85] INFO  grpc.GrpcConfigKeys$Server (ConfUtils.java:logGet(43)) - raft.grpc.server.leader.outstanding.appends.max = 128 (default)
2019-11-14 00:32:59,242 [4b7ea911-6ec4-41f6-86c3-8c310b409e67@group-54564E6FFB47-LeaderElection85] INFO  server.RaftServerConfigKeys (ConfUtils.java:logGet(43)) - raft.server.rpc.request.timeout = 3000ms (default)
2019-11-14 00:32:59,242 [4b7ea911-6ec4-41f6-86c3-8c310b409e67@group-54564E6FFB47-LeaderElection85] INFO  server.RaftServerConfigKeys (ConfUtils.java:logGet(43)) - raft.server.log.appender.install.snapshot.enabled = false (custom)
2019-11-14 00:32:59,243 [4b7ea911-6ec4-41f6-86c3-8c310b409e67@group-54564E6FFB47-LeaderElection85] WARN  impl.MetricRegistriesImpl (MetricRegistriesImpl.java:lambda$create$1(61)) - First MetricRegistry has been created without registering reporters. You may need to call MetricRegistries.global().addReportRegistration(...) before.
2019-11-14 00:32:59,243 [4b7ea911-6ec4-41f6-86c3-8c310b409e67@group-54564E6FFB47-LeaderElection85] INFO  server.RaftServerConfigKeys (ConfUtils.java:logGet(43)) - raft.server.log.appender.snapshot.chunk.size.max = 16MB (=16777216) (default)
2019-11-14 00:32:59,243 [4b7ea911-6ec4-41f6-86c3-8c310b409e67@group-54564E6FFB47-LeaderElection85] INFO  server.RaftServerConfigKeys (ConfUtils.java:logGet(43)) - raft.server.log.appender.buffer.byte-limit = 33554432 (custom)
2019-11-14 00:32:59,243 [4b7ea911-6ec4-41f6-86c3-8c310b409e67@group-54564E6FFB47-LeaderElection85] INFO  server.RaftServerConfigKeys (ConfUtils.java:logGet(43)) - raft.server.log.appender.buffer.element-limit = 1 (custom)
2019-11-14 00:32:59,243 [4b7ea911-6ec4-41f6-86c3-8c310b409e67@group-54564E6FFB47-LeaderElection85] INFO  grpc.GrpcConfigKeys$Server (ConfUtils.java:logGet(43)) - raft.grpc.server.leader.outstanding.appends.max = 128 (default)
2019-11-14 00:32:59,243 [4b7ea911-6ec4-41f6-86c3-8c310b409e67@group-54564E6FFB47-LeaderElection85] INFO  server.RaftServerConfigKeys (ConfUtils.java:logGet(43)) - raft.server.rpc.request.timeout = 3000ms (default)
2019-11-14 00:32:59,243 [4b7ea911-6ec4-41f6-86c3-8c310b409e67@group-54564E6FFB47-LeaderElection85] INFO  server.RaftServerConfigKeys (ConfUtils.java:logGet(43)) - raft.server.log.appender.install.snapshot.enabled = false (custom)
2019-11-14 00:32:59,243 [4b7ea911-6ec4-41f6-86c3-8c310b409e67@group-54564E6FFB47-LeaderElection85] INFO  impl.RoleInfo (RoleInfo.java:updateAndGet(143)) - 4b7ea911-6ec4-41f6-86c3-8c310b409e67: start LeaderState
2019-11-14 00:32:59,244 [4b7ea911-6ec4-41f6-86c3-8c310b409e67@group-54564E6FFB47-LeaderElection85] INFO  segmented.SegmentedRaftLogWorker (SegmentedRaftLogWorker.java:startLogSegment(385)) - 4b7ea911-6ec4-41f6-86c3-8c310b409e67@group-54564E6FFB47-SegmentedRaftLogWorker: Starting segment from index:0
2019-11-14 00:32:59,244 [4b7ea911-6ec4-41f6-86c3-8c310b409e67@group-54564E6FFB47-LeaderElection85] INFO  impl.RaftServerImpl (ServerState.java:setRaftConf(356)) - 4b7ea911-6ec4-41f6-86c3-8c310b409e67@group-54564E6FFB47: set configuration 0: [c7c4673b-1be2-45f8-9c29-c9228fccc788:192.168.34.25:39151, 599e9361-b00a-4387-8c81-1beb440b27b2:192.168.34.25:40470, 4b7ea911-6ec4-41f6-86c3-8c310b409e67:192.168.34.25:41710], old=null at 0
2019-11-14 00:32:59,275 [grpc-default-executor-3] INFO  ratis.XceiverServerRatis (XceiverServerRatis.java:handleLeaderChangedNotification(697)) - Leader change notification received for group: group-54564E6FFB47 with new leaderId: 4b7ea911-6ec4-41f6-86c3-8c310b409e67
2019-11-14 00:32:59,275 [grpc-default-executor-3] INFO  impl.RaftServerImpl (ServerState.java:setLeader(255)) - c7c4673b-1be2-45f8-9c29-c9228fccc788@group-54564E6FFB47: change Leader from null to 4b7ea911-6ec4-41f6-86c3-8c310b409e67 at term 1 for appendEntries, leader elected after 1157ms
2019-11-14 00:32:59,276 [grpc-default-executor-14] INFO  ratis.XceiverServerRatis (XceiverServerRatis.java:handleLeaderChangedNotification(697)) - Leader change notification received for group: group-54564E6FFB47 with new leaderId: 4b7ea911-6ec4-41f6-86c3-8c310b409e67
2019-11-14 00:32:59,277 [grpc-default-executor-14] INFO  impl.RaftServerImpl (ServerState.java:setLeader(255)) - 599e9361-b00a-4387-8c81-1beb440b27b2@group-54564E6FFB47: change Leader from null to 4b7ea911-6ec4-41f6-86c3-8c310b409e67 at term 1 for appendEntries, leader elected after 1157ms
2019-11-14 00:32:59,280 [grpc-default-executor-14] INFO  impl.RaftServerImpl (ServerState.java:setRaftConf(356)) - c7c4673b-1be2-45f8-9c29-c9228fccc788@group-54564E6FFB47: set configuration 0: [c7c4673b-1be2-45f8-9c29-c9228fccc788:192.168.34.25:39151, 599e9361-b00a-4387-8c81-1beb440b27b2:192.168.34.25:40470, 4b7ea911-6ec4-41f6-86c3-8c310b409e67:192.168.34.25:41710], old=null at 0
2019-11-14 00:32:59,280 [grpc-default-executor-3] INFO  impl.RaftServerImpl (ServerState.java:setRaftConf(356)) - 599e9361-b00a-4387-8c81-1beb440b27b2@group-54564E6FFB47: set configuration 0: [c7c4673b-1be2-45f8-9c29-c9228fccc788:192.168.34.25:39151, 599e9361-b00a-4387-8c81-1beb440b27b2:192.168.34.25:40470, 4b7ea911-6ec4-41f6-86c3-8c310b409e67:192.168.34.25:41710], old=null at 0
2019-11-14 00:32:59,280 [grpc-default-executor-14] INFO  segmented.SegmentedRaftLogWorker (SegmentedRaftLogWorker.java:startLogSegment(385)) - c7c4673b-1be2-45f8-9c29-c9228fccc788@group-54564E6FFB47-SegmentedRaftLogWorker: Starting segment from index:0
2019-11-14 00:32:59,280 [grpc-default-executor-3] INFO  segmented.SegmentedRaftLogWorker (SegmentedRaftLogWorker.java:startLogSegment(385)) - 599e9361-b00a-4387-8c81-1beb440b27b2@group-54564E6FFB47-SegmentedRaftLogWorker: Starting segment from index:0
2019-11-14 00:32:59,288 [4b7ea911-6ec4-41f6-86c3-8c310b409e67@group-54564E6FFB47-SegmentedRaftLogWorker] INFO  segmented.SegmentedRaftLogWorker (SegmentedRaftLogWorker.java:execute(576)) - 4b7ea911-6ec4-41f6-86c3-8c310b409e67@group-54564E6FFB47-SegmentedRaftLogWorker: created new log segment /workdir/hadoop-ozone/integration-test/target/test-dir/MiniOzoneClusterImpl-60470fcf-478e-41fe-85ae-08a0494ed2ed/datanode-5/data/ratis/6ba23760-3715-4e79-b144-54564e6ffb47/current/log_inprogress_0
2019-11-14 00:32:59,344 [c7c4673b-1be2-45f8-9c29-c9228fccc788@group-54564E6FFB47-SegmentedRaftLogWorker] INFO  segmented.SegmentedRaftLogWorker (SegmentedRaftLogWorker.java:execute(576)) - c7c4673b-1be2-45f8-9c29-c9228fccc788@group-54564E6FFB47-SegmentedRaftLogWorker: created new log segment /workdir/hadoop-ozone/integration-test/target/test-dir/MiniOzoneClusterImpl-60470fcf-478e-41fe-85ae-08a0494ed2ed/datanode-4/data/ratis/6ba23760-3715-4e79-b144-54564e6ffb47/current/log_inprogress_0
2019-11-14 00:32:59,344 [599e9361-b00a-4387-8c81-1beb440b27b2@group-54564E6FFB47-SegmentedRaftLogWorker] INFO  segmented.SegmentedRaftLogWorker (SegmentedRaftLogWorker.java:execute(576)) - 599e9361-b00a-4387-8c81-1beb440b27b2@group-54564E6FFB47-SegmentedRaftLogWorker: created new log segment /workdir/hadoop-ozone/integration-test/target/test-dir/MiniOzoneClusterImpl-60470fcf-478e-41fe-85ae-08a0494ed2ed/datanode-3/data/ratis/6ba23760-3715-4e79-b144-54564e6ffb47/current/log_inprogress_0
2019-11-14 00:33:00,130 [main] INFO  ozone.MiniOzoneClusterImpl (MiniOzoneClusterImpl.java:lambda$waitForClusterToBeReady$2(171)) - Cluster is ready. Got 6 of 6 DN Heartbeats.
2019-11-14 00:33:00,150 [main] INFO  rpc.RpcClient (RpcClient.java:createVolume(292)) - Creating Volume: datanodefailurehandlingtest, with jenkins1000 as owner.
2019-11-14 00:33:00,152 [IPC Server handler 15 on 42777] INFO  volume.OMVolumeCreateRequest (OMVolumeCreateRequest.java:validateAndUpdateCache(193)) - created volume:datanodefailurehandlingtest for user:jenkins1000
2019-11-14 00:33:00,232 [main] INFO  rpc.RpcClient (RpcClient.java:createBucket(431)) - Creating Bucket: datanodefailurehandlingtest/datanodefailurehandlingtest, with Versioning false and Storage Type set to DISK and Encryption set to false 
2019-11-14 00:33:00,409 [Thread-2329] INFO  container.ReplicationManager (ReplicationManager.java:start(162)) - Starting Replication Monitor Thread.
2019-11-14 00:33:00,409 [Thread-2329] INFO  pipeline.SCMPipelineManager (SCMPipelineManager.java:finalizeAndDestroyPipeline(315)) - destroying pipeline:Pipeline[ Id: 871ac4ed-231d-469b-bd17-d7a3dbbc2d0d, Nodes: c0a90149-7086-438b-b575-a58c52a879cd{ip: 192.168.34.25, host: pr-hdds-2474-ghsjm-2904119463, networkLocation: /default-rack, certSerialId: null}, Type:RATIS, Factor:ONE, State:OPEN]
2019-11-14 00:33:00,412 [Thread-2329] INFO  pipeline.PipelineStateManager (PipelineStateManager.java:finalizePipeline(121)) - Pipeline Pipeline[ Id: 871ac4ed-231d-469b-bd17-d7a3dbbc2d0d, Nodes: c0a90149-7086-438b-b575-a58c52a879cd{ip: 192.168.34.25, host: pr-hdds-2474-ghsjm-2904119463, networkLocation: /default-rack, certSerialId: null}, Type:RATIS, Factor:ONE, State:CLOSED] moved to CLOSED state
2019-11-14 00:33:00,412 [ReplicationMonitor] INFO  container.ReplicationManager (ReplicationManager.java:run(225)) - Replication Monitor Thread took 1 milliseconds for processing 1 containers.
2019-11-14 00:33:00,417 [grpc-default-executor-3] INFO  impl.RaftServerProxy (RaftServerProxy.java:remove(95)) - c0a90149-7086-438b-b575-a58c52a879cd: remove    LEADER c0a90149-7086-438b-b575-a58c52a879cd@group-D7A3DBBC2D0D:t1, leader=c0a90149-7086-438b-b575-a58c52a879cd, voted=c0a90149-7086-438b-b575-a58c52a879cd, raftlog=c0a90149-7086-438b-b575-a58c52a879cd@group-D7A3DBBC2D0D-SegmentedRaftLog:OPENED:c0,f0,i0, conf=0: [c0a90149-7086-438b-b575-a58c52a879cd:192.168.34.25:33958], old=null RUNNING
2019-11-14 00:33:00,417 [grpc-default-executor-3] INFO  impl.RaftServerImpl (RaftServerImpl.java:lambda$shutdown$3(250)) - c0a90149-7086-438b-b575-a58c52a879cd@group-D7A3DBBC2D0D: shutdown
2019-11-14 00:33:00,417 [grpc-default-executor-3] INFO  util.JmxRegister (JmxRegister.java:unregister(73)) - Successfully un-registered JMX Bean with object name Ratis:service=RaftServer,group=group-D7A3DBBC2D0D,id=c0a90149-7086-438b-b575-a58c52a879cd
2019-11-14 00:33:00,417 [grpc-default-executor-3] INFO  impl.RoleInfo (RoleInfo.java:shutdownLeaderState(104)) - c0a90149-7086-438b-b575-a58c52a879cd: shutdown LeaderState
2019-11-14 00:33:00,417 [grpc-default-executor-3] INFO  impl.PendingRequests (PendingRequests.java:sendNotLeaderResponses(206)) - c0a90149-7086-438b-b575-a58c52a879cd@group-D7A3DBBC2D0D-PendingRequests: sendNotLeaderResponses
2019-11-14 00:33:00,417 [grpc-default-executor-3] INFO  impl.StateMachineUpdater (StateMachineUpdater.java:stopAndJoin(136)) - c0a90149-7086-438b-b575-a58c52a879cd@group-D7A3DBBC2D0D-StateMachineUpdater: set stopIndex = 0
2019-11-14 00:33:00,417 [grpc-default-executor-3] INFO  impl.RaftServerImpl (ServerState.java:close(387)) - c0a90149-7086-438b-b575-a58c52a879cd@group-D7A3DBBC2D0D: closes. applyIndex: 0
2019-11-14 00:33:00,418 [c0a90149-7086-438b-b575-a58c52a879cd@group-D7A3DBBC2D0D-SegmentedRaftLogWorker] INFO  segmented.SegmentedRaftLogWorker (SegmentedRaftLogWorker.java:run(316)) - c0a90149-7086-438b-b575-a58c52a879cd@group-D7A3DBBC2D0D-SegmentedRaftLogWorker was interrupted, exiting. There are 0 tasks remaining in the queue.
2019-11-14 00:33:00,420 [grpc-default-executor-3] INFO  segmented.SegmentedRaftLogWorker (SegmentedRaftLogWorker.java:close(224)) - c0a90149-7086-438b-b575-a58c52a879cd@group-D7A3DBBC2D0D-SegmentedRaftLogWorker close()
2019-11-14 00:33:00,424 [Thread-2329] INFO  pipeline.PipelineStateManager (PipelineStateManager.java:removePipeline(106)) - Pipeline Pipeline[ Id: 871ac4ed-231d-469b-bd17-d7a3dbbc2d0d, Nodes: c0a90149-7086-438b-b575-a58c52a879cd{ip: 192.168.34.25, host: pr-hdds-2474-ghsjm-2904119463, networkLocation: /default-rack, certSerialId: null}, Type:RATIS, Factor:ONE, State:CLOSED] removed from db
2019-11-14 00:33:00,425 [Thread-2329] INFO  pipeline.SCMPipelineManager (SCMPipelineManager.java:finalizeAndDestroyPipeline(315)) - destroying pipeline:Pipeline[ Id: 6ba23760-3715-4e79-b144-54564e6ffb47, Nodes: 599e9361-b00a-4387-8c81-1beb440b27b2{ip: 192.168.34.25, host: pr-hdds-2474-ghsjm-2904119463, networkLocation: /default-rack, certSerialId: null}4b7ea911-6ec4-41f6-86c3-8c310b409e67{ip: 192.168.34.25, host: pr-hdds-2474-ghsjm-2904119463, networkLocation: /default-rack, certSerialId: null}c7c4673b-1be2-45f8-9c29-c9228fccc788{ip: 192.168.34.25, host: pr-hdds-2474-ghsjm-2904119463, networkLocation: /default-rack, certSerialId: null}, Type:RATIS, Factor:THREE, State:OPEN]
2019-11-14 00:33:00,429 [grpc-default-executor-3] INFO  impl.RaftServerProxy (RaftServerProxy.java:addNew(89)) - c0a90149-7086-438b-b575-a58c52a879cd: addNew group-358C58BD3182:[c0a90149-7086-438b-b575-a58c52a879cd:192.168.34.25:33958] returns group-358C58BD3182:java.util.concurrent.CompletableFuture@521234b2[Not completed]
2019-11-14 00:33:00,430 [pool-163-thread-1] INFO  impl.RaftServerImpl (RaftServerImpl.java:<init>(98)) - c0a90149-7086-438b-b575-a58c52a879cd: new RaftServerImpl for group-358C58BD3182:[c0a90149-7086-438b-b575-a58c52a879cd:192.168.34.25:33958] with ContainerStateMachine:uninitialized
2019-11-14 00:33:00,430 [pool-163-thread-1] INFO  server.RaftServerConfigKeys (ConfUtils.java:logGet(43)) - raft.server.rpc.timeout.min = 1s (custom)
2019-11-14 00:33:00,430 [pool-163-thread-1] INFO  server.RaftServerConfigKeys (ConfUtils.java:logGet(43)) - raft.server.rpc.timeout.max = 1200ms (custom)
2019-11-14 00:33:00,430 [pool-163-thread-1] INFO  server.RaftServerConfigKeys (ConfUtils.java:logGet(43)) - raft.server.rpcslowness.timeout = 120s (custom)
2019-11-14 00:33:00,430 [pool-163-thread-1] INFO  server.RaftServerConfigKeys (ConfUtils.java:logGet(43)) - raft.server.sleep.deviation.threshold = 300 (default)
2019-11-14 00:33:00,431 [pool-163-thread-1] INFO  server.RaftServerConfigKeys (ConfUtils.java:logGet(43)) - raft.server.log.appender.install.snapshot.enabled = false (custom)
2019-11-14 00:33:00,431 [pool-163-thread-1] INFO  impl.RaftServerImpl (ServerState.java:<init>(103)) - c0a90149-7086-438b-b575-a58c52a879cd@group-358C58BD3182: ConfigurationManager, init=-1: [c0a90149-7086-438b-b575-a58c52a879cd:192.168.34.25:33958], old=null, confs=<EMPTY_MAP>
2019-11-14 00:33:00,431 [pool-163-thread-1] INFO  server.RaftServerConfigKeys (ConfUtils.java:logGet(43)) - raft.server.storage.dir = [/workdir/hadoop-ozone/integration-test/target/test-dir/MiniOzoneClusterImpl-60470fcf-478e-41fe-85ae-08a0494ed2ed/datanode-1/data/ratis] (custom)
2019-11-14 00:33:00,431 [pool-163-thread-1] INFO  server.RaftServerConfigKeys (ConfUtils.java:logGet(43)) - raft.server.log.corruption.policy = EXCEPTION (default)
2019-11-14 00:33:00,431 [pool-163-thread-1] INFO  storage.RaftStorageDirectory (RaftStorageDirectory.java:analyzeStorage(246)) - The storage directory /workdir/hadoop-ozone/integration-test/target/test-dir/MiniOzoneClusterImpl-60470fcf-478e-41fe-85ae-08a0494ed2ed/datanode-1/data/ratis/f8dc6c56-ab63-4b33-84dc-358c58bd3182 does not exist. Creating ...
2019-11-14 00:33:00,436 [pool-163-thread-1] INFO  storage.RaftStorageDirectory (RaftStorageDirectory.java:tryLock(328)) - Lock on /workdir/hadoop-ozone/integration-test/target/test-dir/MiniOzoneClusterImpl-60470fcf-478e-41fe-85ae-08a0494ed2ed/datanode-1/data/ratis/f8dc6c56-ab63-4b33-84dc-358c58bd3182/in_use.lock acquired by nodename 4274@pr-hdds-2474-ghsjm-2904119463
2019-11-14 00:33:00,440 [pool-163-thread-1] INFO  storage.RaftStorage (RaftStorage.java:format(84)) - Storage directory /workdir/hadoop-ozone/integration-test/target/test-dir/MiniOzoneClusterImpl-60470fcf-478e-41fe-85ae-08a0494ed2ed/datanode-1/data/ratis/f8dc6c56-ab63-4b33-84dc-358c58bd3182 has been successfully formatted.
2019-11-14 00:33:00,441 [pool-163-thread-1] INFO  ratis.ContainerStateMachine (ContainerStateMachine.java:loadSnapshot(223)) - group-358C58BD3182: The snapshot info is null. Setting the last applied indexto:(t:0, i:~)
2019-11-14 00:33:00,441 [pool-163-thread-1] INFO  server.RaftServerConfigKeys (ConfUtils.java:logGet(43)) - raft.server.notification.no-leader.timeout = 120s (custom)
2019-11-14 00:33:00,441 [pool-163-thread-1] INFO  server.RaftServerConfigKeys (ConfUtils.java:logGet(43)) - raft.server.log.use.memory = false (default)
2019-11-14 00:33:00,441 [pool-163-thread-1] INFO  server.RaftServerConfigKeys (ConfUtils.java:logGet(43)) - raft.server.log.purge.gap = 1000000 (custom)
2019-11-14 00:33:00,441 [pool-163-thread-1] INFO  server.RaftServerConfigKeys (ConfUtils.java:logGet(43)) - raft.server.log.appender.buffer.byte-limit = 33554432 (custom)
2019-11-14 00:33:00,441 [pool-163-thread-1] INFO  server.RaftServerConfigKeys (ConfUtils.java:logGet(43)) - raft.server.log.segment.size.max = 1048576 (custom)
2019-11-14 00:33:00,441 [pool-163-thread-1] INFO  server.RaftServerConfigKeys (ConfUtils.java:logGet(43)) - raft.server.log.segment.cache.num.max = 2 (custom)
2019-11-14 00:33:00,441 [pool-163-thread-1] INFO  segmented.SegmentedRaftLogWorker (SegmentedRaftLogWorker.java:<init>(173)) - new c0a90149-7086-438b-b575-a58c52a879cd@group-358C58BD3182-SegmentedRaftLogWorker for RaftStorage:Storage Directory /workdir/hadoop-ozone/integration-test/target/test-dir/MiniOzoneClusterImpl-60470fcf-478e-41fe-85ae-08a0494ed2ed/datanode-1/data/ratis/f8dc6c56-ab63-4b33-84dc-358c58bd3182
2019-11-14 00:33:00,441 [pool-163-thread-1] INFO  server.RaftServerConfigKeys (ConfUtils.java:logGet(43)) - raft.server.log.queue.byte-limit = 2147483647 (custom)
2019-11-14 00:33:00,442 [pool-163-thread-1] INFO  server.RaftServerConfigKeys (ConfUtils.java:logGet(43)) - raft.server.log.queue.element-limit = 1024 (custom)
2019-11-14 00:33:00,442 [pool-163-thread-1] INFO  server.RaftServerConfigKeys (ConfUtils.java:logGet(43)) - raft.server.log.segment.size.max = 1048576 (custom)
2019-11-14 00:33:00,442 [pool-163-thread-1] INFO  server.RaftServerConfigKeys (ConfUtils.java:logGet(43)) - raft.server.log.preallocated.size = 16384 (custom)
2019-11-14 00:33:00,442 [pool-163-thread-1] INFO  server.RaftServerConfigKeys (ConfUtils.java:logGet(43)) - raft.server.log.write.buffer.size = 33554432 (custom)
2019-11-14 00:33:00,442 [pool-163-thread-1] INFO  server.RaftServerConfigKeys (ConfUtils.java:logGet(43)) - raft.server.log.force.sync.num = 128 (default)
2019-11-14 00:33:00,442 [pool-163-thread-1] INFO  server.RaftServerConfigKeys (ConfUtils.java:logGet(43)) - raft.server.log.statemachine.data.sync = true (default)
2019-11-14 00:33:00,442 [pool-163-thread-1] INFO  server.RaftServerConfigKeys (ConfUtils.java:logGet(43)) - raft.server.log.statemachine.data.sync.timeout = 10s (default)
2019-11-14 00:33:00,442 [pool-163-thread-1] INFO  server.RaftServerConfigKeys (ConfUtils.java:logGet(43)) - raft.server.log.statemachine.data.sync.timeout.retry = -1 (default)
2019-11-14 00:33:00,442 [pool-163-thread-1] INFO  server.RaftServerConfigKeys (ConfUtils.java:logGet(43)) - raft.server.log.statemachine.data.caching.enabled = true (custom)
2019-11-14 00:33:00,442 [pool-163-thread-1] INFO  segmented.SegmentedRaftLogWorker (SegmentedRaftLogWorker.java:lambda$new$0(128)) - c0a90149-7086-438b-b575-a58c52a879cd@group-358C58BD3182-SegmentedRaftLogWorker: flushIndex: setUnconditionally 0 -> -1
2019-11-14 00:33:00,443 [pool-163-thread-1] INFO  server.RaftServerConfigKeys (ConfUtils.java:logGet(43)) - raft.server.snapshot.auto.trigger.enabled = true (custom)
2019-11-14 00:33:00,443 [pool-163-thread-1] INFO  server.RaftServerConfigKeys (ConfUtils.java:logGet(43)) - raft.server.snapshot.auto.trigger.threshold = 10000 (custom)
2019-11-14 00:33:00,443 [pool-163-thread-1] INFO  server.RaftServerConfigKeys (ConfUtils.java:logGet(43)) - raft.server.snapshot.retention.file.num = 5 (custom)
2019-11-14 00:33:00,443 [pool-163-thread-1] INFO  server.RaftServerConfigKeys (ConfUtils.java:logGet(43)) - raft.server.retrycache.expirytime = 600000ms (custom)
2019-11-14 00:33:00,443 [pool-163-thread-1] WARN  impl.MetricRegistriesImpl (MetricRegistriesImpl.java:lambda$create$1(61)) - First MetricRegistry has been created without registering reporters. You may need to call MetricRegistries.global().addReportRegistration(...) before.
2019-11-14 00:33:00,443 [pool-163-thread-1] WARN  impl.MetricRegistriesImpl (MetricRegistriesImpl.java:lambda$create$1(61)) - First MetricRegistry has been created without registering reporters. You may need to call MetricRegistries.global().addReportRegistration(...) before.
2019-11-14 00:33:00,443 [pool-163-thread-1] INFO  impl.RaftServerImpl (RaftServerImpl.java:start(184)) - c0a90149-7086-438b-b575-a58c52a879cd@group-358C58BD3182: start as a follower, conf=-1: [c0a90149-7086-438b-b575-a58c52a879cd:192.168.34.25:33958], old=null
2019-11-14 00:33:00,443 [pool-163-thread-1] INFO  impl.RaftServerImpl (RaftServerImpl.java:setRole(173)) - c0a90149-7086-438b-b575-a58c52a879cd@group-358C58BD3182: changes role from      null to FOLLOWER at term 0 for startAsFollower
2019-11-14 00:33:00,444 [pool-163-thread-1] INFO  impl.RoleInfo (RoleInfo.java:updateAndGet(143)) - c0a90149-7086-438b-b575-a58c52a879cd: start FollowerState
2019-11-14 00:33:00,444 [pool-163-thread-1] INFO  util.JmxRegister (JmxRegister.java:tryRegister(44)) - Successfully registered JMX Bean with object name Ratis:service=RaftServer,group=group-358C58BD3182,id=c0a90149-7086-438b-b575-a58c52a879cd
2019-11-14 00:33:00,444 [pool-163-thread-1] WARN  impl.MetricRegistriesImpl (MetricRegistriesImpl.java:lambda$create$1(61)) - First MetricRegistry has been created without registering reporters. You may need to call MetricRegistries.global().addReportRegistration(...) before.
2019-11-14 00:33:00,446 [RatisPipelineUtilsThread] INFO  pipeline.PipelineStateManager (PipelineStateManager.java:addPipeline(55)) - Created pipeline Pipeline[ Id: f8dc6c56-ab63-4b33-84dc-358c58bd3182, Nodes: c0a90149-7086-438b-b575-a58c52a879cd{ip: 192.168.34.25, host: pr-hdds-2474-ghsjm-2904119463, networkLocation: /default-rack, certSerialId: null}, Type:RATIS, Factor:ONE, State:ALLOCATED]
2019-11-14 00:33:00,448 [Thread-2329] INFO  pipeline.PipelineStateManager (PipelineStateManager.java:finalizePipeline(121)) - Pipeline Pipeline[ Id: 6ba23760-3715-4e79-b144-54564e6ffb47, Nodes: 599e9361-b00a-4387-8c81-1beb440b27b2{ip: 192.168.34.25, host: pr-hdds-2474-ghsjm-2904119463, networkLocation: /default-rack, certSerialId: null}4b7ea911-6ec4-41f6-86c3-8c310b409e67{ip: 192.168.34.25, host: pr-hdds-2474-ghsjm-2904119463, networkLocation: /default-rack, certSerialId: null}c7c4673b-1be2-45f8-9c29-c9228fccc788{ip: 192.168.34.25, host: pr-hdds-2474-ghsjm-2904119463, networkLocation: /default-rack, certSerialId: null}, Type:RATIS, Factor:THREE, State:CLOSED] moved to CLOSED state
2019-11-14 00:33:00,458 [grpc-default-executor-3] INFO  impl.RaftServerProxy (RaftServerProxy.java:remove(95)) - 599e9361-b00a-4387-8c81-1beb440b27b2: remove  FOLLOWER 599e9361-b00a-4387-8c81-1beb440b27b2@group-54564E6FFB47:t1, leader=4b7ea911-6ec4-41f6-86c3-8c310b409e67, voted=4b7ea911-6ec4-41f6-86c3-8c310b409e67, raftlog=599e9361-b00a-4387-8c81-1beb440b27b2@group-54564E6FFB47-SegmentedRaftLog:OPENED:c0,f0,i0, conf=0: [c7c4673b-1be2-45f8-9c29-c9228fccc788:192.168.34.25:39151, 599e9361-b00a-4387-8c81-1beb440b27b2:192.168.34.25:40470, 4b7ea911-6ec4-41f6-86c3-8c310b409e67:192.168.34.25:41710], old=null RUNNING
2019-11-14 00:33:00,459 [grpc-default-executor-3] INFO  impl.RaftServerImpl (RaftServerImpl.java:lambda$shutdown$3(250)) - 599e9361-b00a-4387-8c81-1beb440b27b2@group-54564E6FFB47: shutdown
2019-11-14 00:33:00,459 [grpc-default-executor-3] INFO  util.JmxRegister (JmxRegister.java:unregister(73)) - Successfully un-registered JMX Bean with object name Ratis:service=RaftServer,group=group-54564E6FFB47,id=599e9361-b00a-4387-8c81-1beb440b27b2
2019-11-14 00:33:00,459 [grpc-default-executor-3] INFO  impl.RoleInfo (RoleInfo.java:shutdownFollowerState(121)) - 599e9361-b00a-4387-8c81-1beb440b27b2: shutdown FollowerState
2019-11-14 00:33:00,459 [grpc-default-executor-3] INFO  impl.StateMachineUpdater (StateMachineUpdater.java:stopAndJoin(136)) - 599e9361-b00a-4387-8c81-1beb440b27b2@group-54564E6FFB47-StateMachineUpdater: set stopIndex = 0
2019-11-14 00:33:00,459 [Thread-2395] INFO  impl.FollowerState (FollowerState.java:run(120)) - 599e9361-b00a-4387-8c81-1beb440b27b2@group-54564E6FFB47-FollowerState was interrupted: java.lang.InterruptedException: sleep interrupted
2019-11-14 00:33:00,460 [grpc-default-executor-3] INFO  impl.RaftServerImpl (ServerState.java:close(387)) - 599e9361-b00a-4387-8c81-1beb440b27b2@group-54564E6FFB47: closes. applyIndex: 0
2019-11-14 00:33:00,461 [599e9361-b00a-4387-8c81-1beb440b27b2@group-54564E6FFB47-SegmentedRaftLogWorker] INFO  segmented.SegmentedRaftLogWorker (SegmentedRaftLogWorker.java:run(316)) - 599e9361-b00a-4387-8c81-1beb440b27b2@group-54564E6FFB47-SegmentedRaftLogWorker was interrupted, exiting. There are 0 tasks remaining in the queue.
2019-11-14 00:33:00,463 [grpc-default-executor-3] INFO  segmented.SegmentedRaftLogWorker (SegmentedRaftLogWorker.java:close(224)) - 599e9361-b00a-4387-8c81-1beb440b27b2@group-54564E6FFB47-SegmentedRaftLogWorker close()
2019-11-14 00:33:00,470 [grpc-default-executor-3] INFO  impl.RaftServerProxy (RaftServerProxy.java:remove(95)) - 4b7ea911-6ec4-41f6-86c3-8c310b409e67: remove    LEADER 4b7ea911-6ec4-41f6-86c3-8c310b409e67@group-54564E6FFB47:t1, leader=4b7ea911-6ec4-41f6-86c3-8c310b409e67, voted=4b7ea911-6ec4-41f6-86c3-8c310b409e67, raftlog=4b7ea911-6ec4-41f6-86c3-8c310b409e67@group-54564E6FFB47-SegmentedRaftLog:OPENED:c0,f0,i0, conf=0: [c7c4673b-1be2-45f8-9c29-c9228fccc788:192.168.34.25:39151, 599e9361-b00a-4387-8c81-1beb440b27b2:192.168.34.25:40470, 4b7ea911-6ec4-41f6-86c3-8c310b409e67:192.168.34.25:41710], old=null RUNNING
2019-11-14 00:33:00,470 [grpc-default-executor-3] INFO  impl.RaftServerImpl (RaftServerImpl.java:lambda$shutdown$3(250)) - 4b7ea911-6ec4-41f6-86c3-8c310b409e67@group-54564E6FFB47: shutdown
2019-11-14 00:33:00,470 [grpc-default-executor-3] INFO  util.JmxRegister (JmxRegister.java:unregister(73)) - Successfully un-registered JMX Bean with object name Ratis:service=RaftServer,group=group-54564E6FFB47,id=4b7ea911-6ec4-41f6-86c3-8c310b409e67
2019-11-14 00:33:00,470 [grpc-default-executor-3] INFO  impl.RoleInfo (RoleInfo.java:shutdownLeaderState(104)) - 4b7ea911-6ec4-41f6-86c3-8c310b409e67: shutdown LeaderState
2019-11-14 00:33:00,472 [grpc-default-executor-3] INFO  impl.PendingRequests (PendingRequests.java:sendNotLeaderResponses(206)) - 4b7ea911-6ec4-41f6-86c3-8c310b409e67@group-54564E6FFB47-PendingRequests: sendNotLeaderResponses
2019-11-14 00:33:00,472 [org.apache.ratis.server.impl.LogAppender$AppenderDaemon$$Lambda$810/1909616988@7647db4e] WARN  server.GrpcLogAppender (GrpcLogAppender.java:mayWait(151)) - 4b7ea911-6ec4-41f6-86c3-8c310b409e67@group-54564E6FFB47->c7c4673b-1be2-45f8-9c29-c9228fccc788-GrpcLogAppender: Wait interrupted by java.lang.InterruptedException
2019-11-14 00:33:00,473 [grpc-default-executor-3] INFO  impl.StateMachineUpdater (StateMachineUpdater.java:stopAndJoin(136)) - 4b7ea911-6ec4-41f6-86c3-8c310b409e67@group-54564E6FFB47-StateMachineUpdater: set stopIndex = 0
2019-11-14 00:33:00,473 [grpc-default-executor-3] INFO  impl.RaftServerImpl (ServerState.java:close(387)) - 4b7ea911-6ec4-41f6-86c3-8c310b409e67@group-54564E6FFB47: closes. applyIndex: 0
2019-11-14 00:33:00,472 [org.apache.ratis.server.impl.LogAppender$AppenderDaemon$$Lambda$810/1909616988@33454be2] WARN  server.GrpcLogAppender (GrpcLogAppender.java:mayWait(151)) - 4b7ea911-6ec4-41f6-86c3-8c310b409e67@group-54564E6FFB47->599e9361-b00a-4387-8c81-1beb440b27b2-GrpcLogAppender: Wait interrupted by java.lang.InterruptedException
2019-11-14 00:33:00,473 [grpc-default-executor-14] INFO  server.GrpcServerProtocolService (GrpcServerProtocolService.java:onCompleted(113)) - c7c4673b-1be2-45f8-9c29-c9228fccc788: Completed APPEND_ENTRIES, lastRequest: 4b7ea911-6ec4-41f6-86c3-8c310b409e67->c7c4673b-1be2-45f8-9c29-c9228fccc788#3-t1, previous=(t:1, i:0), leaderCommit=0, initializing? false, entries: <empty>
2019-11-14 00:33:00,473 [4b7ea911-6ec4-41f6-86c3-8c310b409e67@group-54564E6FFB47-SegmentedRaftLogWorker] INFO  segmented.SegmentedRaftLogWorker (SegmentedRaftLogWorker.java:run(316)) - 4b7ea911-6ec4-41f6-86c3-8c310b409e67@group-54564E6FFB47-SegmentedRaftLogWorker was interrupted, exiting. There are 0 tasks remaining in the queue.
2019-11-14 00:33:00,473 [grpc-default-executor-14] INFO  server.GrpcServerProtocolService (GrpcServerProtocolService.java:onCompleted(113)) - 599e9361-b00a-4387-8c81-1beb440b27b2: Completed APPEND_ENTRIES, lastRequest: 4b7ea911-6ec4-41f6-86c3-8c310b409e67->599e9361-b00a-4387-8c81-1beb440b27b2#3-t1, previous=(t:1, i:0), leaderCommit=0, initializing? false, entries: <empty>
2019-11-14 00:33:00,474 [grpc-default-executor-14] INFO  server.GrpcLogAppender (GrpcLogAppender.java:onCompleted(308)) - 4b7ea911-6ec4-41f6-86c3-8c310b409e67@group-54564E6FFB47->c7c4673b-1be2-45f8-9c29-c9228fccc788-AppendLogResponseHandler: follower responses appendEntries COMPLETED
2019-11-14 00:33:00,475 [grpc-default-executor-3] INFO  segmented.SegmentedRaftLogWorker (SegmentedRaftLogWorker.java:close(224)) - 4b7ea911-6ec4-41f6-86c3-8c310b409e67@group-54564E6FFB47-SegmentedRaftLogWorker close()
2019-11-14 00:33:00,474 [grpc-default-executor-17] INFO  server.GrpcLogAppender (GrpcLogAppender.java:onCompleted(308)) - 4b7ea911-6ec4-41f6-86c3-8c310b409e67@group-54564E6FFB47->599e9361-b00a-4387-8c81-1beb440b27b2-AppendLogResponseHandler: follower responses appendEntries COMPLETED
2019-11-14 00:33:00,477 [grpc-default-executor-14] INFO  impl.FollowerInfo (FollowerInfo.java:lambda$new$0(51)) - 4b7ea911-6ec4-41f6-86c3-8c310b409e67@group-54564E6FFB47->c7c4673b-1be2-45f8-9c29-c9228fccc788: nextIndex: updateUnconditionally 1 -> 0
2019-11-14 00:33:00,477 [grpc-default-executor-17] INFO  impl.FollowerInfo (FollowerInfo.java:lambda$new$0(51)) - 4b7ea911-6ec4-41f6-86c3-8c310b409e67@group-54564E6FFB47->599e9361-b00a-4387-8c81-1beb440b27b2: nextIndex: updateUnconditionally 1 -> 0
2019-11-14 00:33:00,484 [grpc-default-executor-3] INFO  impl.RaftServerProxy (RaftServerProxy.java:remove(95)) - c7c4673b-1be2-45f8-9c29-c9228fccc788: remove  FOLLOWER c7c4673b-1be2-45f8-9c29-c9228fccc788@group-54564E6FFB47:t1, leader=4b7ea911-6ec4-41f6-86c3-8c310b409e67, voted=4b7ea911-6ec4-41f6-86c3-8c310b409e67, raftlog=c7c4673b-1be2-45f8-9c29-c9228fccc788@group-54564E6FFB47-SegmentedRaftLog:OPENED:c0,f0,i0, conf=0: [c7c4673b-1be2-45f8-9c29-c9228fccc788:192.168.34.25:39151, 599e9361-b00a-4387-8c81-1beb440b27b2:192.168.34.25:40470, 4b7ea911-6ec4-41f6-86c3-8c310b409e67:192.168.34.25:41710], old=null RUNNING
2019-11-14 00:33:00,484 [grpc-default-executor-3] INFO  impl.RaftServerImpl (RaftServerImpl.java:lambda$shutdown$3(250)) - c7c4673b-1be2-45f8-9c29-c9228fccc788@group-54564E6FFB47: shutdown
2019-11-14 00:33:00,485 [grpc-default-executor-3] INFO  util.JmxRegister (JmxRegister.java:unregister(73)) - Successfully un-registered JMX Bean with object name Ratis:service=RaftServer,group=group-54564E6FFB47,id=c7c4673b-1be2-45f8-9c29-c9228fccc788
2019-11-14 00:33:00,485 [grpc-default-executor-3] INFO  impl.RoleInfo (RoleInfo.java:shutdownFollowerState(121)) - c7c4673b-1be2-45f8-9c29-c9228fccc788: shutdown FollowerState
2019-11-14 00:33:00,485 [grpc-default-executor-3] INFO  impl.StateMachineUpdater (StateMachineUpdater.java:stopAndJoin(136)) - c7c4673b-1be2-45f8-9c29-c9228fccc788@group-54564E6FFB47-StateMachineUpdater: set stopIndex = 0
2019-11-14 00:33:00,485 [Thread-2394] INFO  impl.FollowerState (FollowerState.java:run(120)) - c7c4673b-1be2-45f8-9c29-c9228fccc788@group-54564E6FFB47-FollowerState was interrupted: java.lang.InterruptedException: sleep interrupted
2019-11-14 00:33:00,485 [grpc-default-executor-3] INFO  impl.RaftServerImpl (ServerState.java:close(387)) - c7c4673b-1be2-45f8-9c29-c9228fccc788@group-54564E6FFB47: closes. applyIndex: 0
2019-11-14 00:33:00,487 [c7c4673b-1be2-45f8-9c29-c9228fccc788@group-54564E6FFB47-SegmentedRaftLogWorker] INFO  segmented.SegmentedRaftLogWorker (SegmentedRaftLogWorker.java:run(316)) - c7c4673b-1be2-45f8-9c29-c9228fccc788@group-54564E6FFB47-SegmentedRaftLogWorker was interrupted, exiting. There are 0 tasks remaining in the queue.
2019-11-14 00:33:00,488 [grpc-default-executor-3] INFO  segmented.SegmentedRaftLogWorker (SegmentedRaftLogWorker.java:close(224)) - c7c4673b-1be2-45f8-9c29-c9228fccc788@group-54564E6FFB47-SegmentedRaftLogWorker close()
2019-11-14 00:33:00,496 [Thread-2329] INFO  pipeline.PipelineStateManager (PipelineStateManager.java:removePipeline(106)) - Pipeline Pipeline[ Id: 6ba23760-3715-4e79-b144-54564e6ffb47, Nodes: 599e9361-b00a-4387-8c81-1beb440b27b2{ip: 192.168.34.25, host: pr-hdds-2474-ghsjm-2904119463, networkLocation: /default-rack, certSerialId: null}4b7ea911-6ec4-41f6-86c3-8c310b409e67{ip: 192.168.34.25, host: pr-hdds-2474-ghsjm-2904119463, networkLocation: /default-rack, certSerialId: null}c7c4673b-1be2-45f8-9c29-c9228fccc788{ip: 192.168.34.25, host: pr-hdds-2474-ghsjm-2904119463, networkLocation: /default-rack, certSerialId: null}, Type:RATIS, Factor:THREE, State:CLOSED] removed from db
2019-11-14 00:33:00,496 [Thread-2329] INFO  pipeline.SCMPipelineManager (SCMPipelineManager.java:finalizeAndDestroyPipeline(315)) - destroying pipeline:Pipeline[ Id: d6397611-a672-4634-8b28-a881902d583f, Nodes: c0a90149-7086-438b-b575-a58c52a879cd{ip: 192.168.34.25, host: pr-hdds-2474-ghsjm-2904119463, networkLocation: /default-rack, certSerialId: null}75a811de-d3cd-4e06-b16e-b70ad37a4427{ip: 192.168.34.25, host: pr-hdds-2474-ghsjm-2904119463, networkLocation: /default-rack, certSerialId: null}82068b54-9744-4929-951d-196898e4ec33{ip: 192.168.34.25, host: pr-hdds-2474-ghsjm-2904119463, networkLocation: /default-rack, certSerialId: null}, Type:RATIS, Factor:THREE, State:OPEN]
2019-11-14 00:33:00,504 [grpc-default-executor-3] INFO  impl.RaftServerProxy (RaftServerProxy.java:addNew(89)) - c7c4673b-1be2-45f8-9c29-c9228fccc788: addNew group-1A4CCE29B0F9:[c7c4673b-1be2-45f8-9c29-c9228fccc788:192.168.34.25:39151, 599e9361-b00a-4387-8c81-1beb440b27b2:192.168.34.25:40470, 4b7ea911-6ec4-41f6-86c3-8c310b409e67:192.168.34.25:41710] returns group-1A4CCE29B0F9:java.util.concurrent.CompletableFuture@43186ca5[Not completed]
2019-11-14 00:33:00,504 [grpc-default-executor-17] INFO  impl.RaftServerProxy (RaftServerProxy.java:addNew(89)) - 599e9361-b00a-4387-8c81-1beb440b27b2: addNew group-1A4CCE29B0F9:[c7c4673b-1be2-45f8-9c29-c9228fccc788:192.168.34.25:39151, 599e9361-b00a-4387-8c81-1beb440b27b2:192.168.34.25:40470, 4b7ea911-6ec4-41f6-86c3-8c310b409e67:192.168.34.25:41710] returns group-1A4CCE29B0F9:java.util.concurrent.CompletableFuture@1d9a0d79[Not completed]
2019-11-14 00:33:00,504 [grpc-default-executor-14] INFO  impl.RaftServerProxy (RaftServerProxy.java:addNew(89)) - 4b7ea911-6ec4-41f6-86c3-8c310b409e67: addNew group-1A4CCE29B0F9:[c7c4673b-1be2-45f8-9c29-c9228fccc788:192.168.34.25:39151, 599e9361-b00a-4387-8c81-1beb440b27b2:192.168.34.25:40470, 4b7ea911-6ec4-41f6-86c3-8c310b409e67:192.168.34.25:41710] returns group-1A4CCE29B0F9:java.util.concurrent.CompletableFuture@9745220[Not completed]
2019-11-14 00:33:00,507 [pool-183-thread-1] INFO  impl.RaftServerImpl (RaftServerImpl.java:<init>(98)) - 599e9361-b00a-4387-8c81-1beb440b27b2: new RaftServerImpl for group-1A4CCE29B0F9:[c7c4673b-1be2-45f8-9c29-c9228fccc788:192.168.34.25:39151, 599e9361-b00a-4387-8c81-1beb440b27b2:192.168.34.25:40470, 4b7ea911-6ec4-41f6-86c3-8c310b409e67:192.168.34.25:41710] with ContainerStateMachine:uninitialized
2019-11-14 00:33:00,507 [pool-183-thread-1] INFO  server.RaftServerConfigKeys (ConfUtils.java:logGet(43)) - raft.server.rpc.timeout.min = 1s (custom)
2019-11-14 00:33:00,508 [pool-183-thread-1] INFO  server.RaftServerConfigKeys (ConfUtils.java:logGet(43)) - raft.server.rpc.timeout.max = 1200ms (custom)
2019-11-14 00:33:00,508 [pool-183-thread-1] INFO  server.RaftServerConfigKeys (ConfUtils.java:logGet(43)) - raft.server.rpcslowness.timeout = 120s (custom)
2019-11-14 00:33:00,508 [pool-183-thread-1] INFO  server.RaftServerConfigKeys (ConfUtils.java:logGet(43)) - raft.server.sleep.deviation.threshold = 300 (default)
2019-11-14 00:33:00,508 [pool-183-thread-1] INFO  server.RaftServerConfigKeys (ConfUtils.java:logGet(43)) - raft.server.log.appender.install.snapshot.enabled = false (custom)
2019-11-14 00:33:00,508 [pool-183-thread-1] INFO  impl.RaftServerImpl (ServerState.java:<init>(103)) - 599e9361-b00a-4387-8c81-1beb440b27b2@group-1A4CCE29B0F9: ConfigurationManager, init=-1: [c7c4673b-1be2-45f8-9c29-c9228fccc788:192.168.34.25:39151, 599e9361-b00a-4387-8c81-1beb440b27b2:192.168.34.25:40470, 4b7ea911-6ec4-41f6-86c3-8c310b409e67:192.168.34.25:41710], old=null, confs=<EMPTY_MAP>
2019-11-14 00:33:00,508 [pool-203-thread-1] INFO  impl.RaftServerImpl (RaftServerImpl.java:<init>(98)) - 4b7ea911-6ec4-41f6-86c3-8c310b409e67: new RaftServerImpl for group-1A4CCE29B0F9:[c7c4673b-1be2-45f8-9c29-c9228fccc788:192.168.34.25:39151, 599e9361-b00a-4387-8c81-1beb440b27b2:192.168.34.25:40470, 4b7ea911-6ec4-41f6-86c3-8c310b409e67:192.168.34.25:41710] with ContainerStateMachine:uninitialized
2019-11-14 00:33:00,508 [pool-183-thread-1] INFO  server.RaftServerConfigKeys (ConfUtils.java:logGet(43)) - raft.server.storage.dir = [/workdir/hadoop-ozone/integration-test/target/test-dir/MiniOzoneClusterImpl-60470fcf-478e-41fe-85ae-08a0494ed2ed/datanode-3/data/ratis] (custom)
2019-11-14 00:33:00,508 [pool-203-thread-1] INFO  server.RaftServerConfigKeys (ConfUtils.java:logGet(43)) - raft.server.rpc.timeout.min = 1s (custom)
2019-11-14 00:33:00,508 [pool-203-thread-1] INFO  server.RaftServerConfigKeys (ConfUtils.java:logGet(43)) - raft.server.rpc.timeout.max = 1200ms (custom)
2019-11-14 00:33:00,508 [pool-183-thread-1] INFO  server.RaftServerConfigKeys (ConfUtils.java:logGet(43)) - raft.server.log.corruption.policy = EXCEPTION (default)
2019-11-14 00:33:00,508 [pool-203-thread-1] INFO  server.RaftServerConfigKeys (ConfUtils.java:logGet(43)) - raft.server.rpcslowness.timeout = 120s (custom)
2019-11-14 00:33:00,509 [pool-203-thread-1] INFO  server.RaftServerConfigKeys (ConfUtils.java:logGet(43)) - raft.server.sleep.deviation.threshold = 300 (default)
2019-11-14 00:33:00,509 [pool-183-thread-1] INFO  storage.RaftStorageDirectory (RaftStorageDirectory.java:analyzeStorage(246)) - The storage directory /workdir/hadoop-ozone/integration-test/target/test-dir/MiniOzoneClusterImpl-60470fcf-478e-41fe-85ae-08a0494ed2ed/datanode-3/data/ratis/b2c7b049-8d07-4cf9-8dd2-1a4cce29b0f9 does not exist. Creating ...
2019-11-14 00:33:00,509 [pool-193-thread-1] INFO  impl.RaftServerImpl (RaftServerImpl.java:<init>(98)) - c7c4673b-1be2-45f8-9c29-c9228fccc788: new RaftServerImpl for group-1A4CCE29B0F9:[c7c4673b-1be2-45f8-9c29-c9228fccc788:192.168.34.25:39151, 599e9361-b00a-4387-8c81-1beb440b27b2:192.168.34.25:40470, 4b7ea911-6ec4-41f6-86c3-8c310b409e67:192.168.34.25:41710] with ContainerStateMachine:uninitialized
2019-11-14 00:33:00,509 [pool-203-thread-1] INFO  server.RaftServerConfigKeys (ConfUtils.java:logGet(43)) - raft.server.log.appender.install.snapshot.enabled = false (custom)
2019-11-14 00:33:00,509 [pool-193-thread-1] INFO  server.RaftServerConfigKeys (ConfUtils.java:logGet(43)) - raft.server.rpc.timeout.min = 1s (custom)
2019-11-14 00:33:00,509 [pool-193-thread-1] INFO  server.RaftServerConfigKeys (ConfUtils.java:logGet(43)) - raft.server.rpc.timeout.max = 1200ms (custom)
2019-11-14 00:33:00,509 [pool-203-thread-1] INFO  impl.RaftServerImpl (ServerState.java:<init>(103)) - 4b7ea911-6ec4-41f6-86c3-8c310b409e67@group-1A4CCE29B0F9: ConfigurationManager, init=-1: [c7c4673b-1be2-45f8-9c29-c9228fccc788:192.168.34.25:39151, 599e9361-b00a-4387-8c81-1beb440b27b2:192.168.34.25:40470, 4b7ea911-6ec4-41f6-86c3-8c310b409e67:192.168.34.25:41710], old=null, confs=<EMPTY_MAP>
2019-11-14 00:33:00,509 [pool-193-thread-1] INFO  server.RaftServerConfigKeys (ConfUtils.java:logGet(43)) - raft.server.rpcslowness.timeout = 120s (custom)
2019-11-14 00:33:00,509 [pool-203-thread-1] INFO  server.RaftServerConfigKeys (ConfUtils.java:logGet(43)) - raft.server.storage.dir = [/workdir/hadoop-ozone/integration-test/target/test-dir/MiniOzoneClusterImpl-60470fcf-478e-41fe-85ae-08a0494ed2ed/datanode-5/data/ratis] (custom)
2019-11-14 00:33:00,510 [pool-193-thread-1] INFO  server.RaftServerConfigKeys (ConfUtils.java:logGet(43)) - raft.server.sleep.deviation.threshold = 300 (default)
2019-11-14 00:33:00,510 [pool-193-thread-1] INFO  server.RaftServerConfigKeys (ConfUtils.java:logGet(43)) - raft.server.log.appender.install.snapshot.enabled = false (custom)
2019-11-14 00:33:00,510 [pool-203-thread-1] INFO  server.RaftServerConfigKeys (ConfUtils.java:logGet(43)) - raft.server.log.corruption.policy = EXCEPTION (default)
2019-11-14 00:33:00,510 [pool-193-thread-1] INFO  impl.RaftServerImpl (ServerState.java:<init>(103)) - c7c4673b-1be2-45f8-9c29-c9228fccc788@group-1A4CCE29B0F9: ConfigurationManager, init=-1: [c7c4673b-1be2-45f8-9c29-c9228fccc788:192.168.34.25:39151, 599e9361-b00a-4387-8c81-1beb440b27b2:192.168.34.25:40470, 4b7ea911-6ec4-41f6-86c3-8c310b409e67:192.168.34.25:41710], old=null, confs=<EMPTY_MAP>
2019-11-14 00:33:00,510 [pool-203-thread-1] INFO  storage.RaftStorageDirectory (RaftStorageDirectory.java:analyzeStorage(246)) - The storage directory /workdir/hadoop-ozone/integration-test/target/test-dir/MiniOzoneClusterImpl-60470fcf-478e-41fe-85ae-08a0494ed2ed/datanode-5/data/ratis/b2c7b049-8d07-4cf9-8dd2-1a4cce29b0f9 does not exist. Creating ...
2019-11-14 00:33:00,510 [pool-193-thread-1] INFO  server.RaftServerConfigKeys (ConfUtils.java:logGet(43)) - raft.server.storage.dir = [/workdir/hadoop-ozone/integration-test/target/test-dir/MiniOzoneClusterImpl-60470fcf-478e-41fe-85ae-08a0494ed2ed/datanode-4/data/ratis] (custom)
2019-11-14 00:33:00,510 [pool-193-thread-1] INFO  server.RaftServerConfigKeys (ConfUtils.java:logGet(43)) - raft.server.log.corruption.policy = EXCEPTION (default)
2019-11-14 00:33:00,510 [pool-193-thread-1] INFO  storage.RaftStorageDirectory (RaftStorageDirectory.java:analyzeStorage(246)) - The storage directory /workdir/hadoop-ozone/integration-test/target/test-dir/MiniOzoneClusterImpl-60470fcf-478e-41fe-85ae-08a0494ed2ed/datanode-4/data/ratis/b2c7b049-8d07-4cf9-8dd2-1a4cce29b0f9 does not exist. Creating ...
2019-11-14 00:33:00,524 [pool-183-thread-1] INFO  storage.RaftStorageDirectory (RaftStorageDirectory.java:tryLock(328)) - Lock on /workdir/hadoop-ozone/integration-test/target/test-dir/MiniOzoneClusterImpl-60470fcf-478e-41fe-85ae-08a0494ed2ed/datanode-3/data/ratis/b2c7b049-8d07-4cf9-8dd2-1a4cce29b0f9/in_use.lock acquired by nodename 4274@pr-hdds-2474-ghsjm-2904119463
2019-11-14 00:33:00,524 [pool-203-thread-1] INFO  storage.RaftStorageDirectory (RaftStorageDirectory.java:tryLock(328)) - Lock on /workdir/hadoop-ozone/integration-test/target/test-dir/MiniOzoneClusterImpl-60470fcf-478e-41fe-85ae-08a0494ed2ed/datanode-5/data/ratis/b2c7b049-8d07-4cf9-8dd2-1a4cce29b0f9/in_use.lock acquired by nodename 4274@pr-hdds-2474-ghsjm-2904119463
2019-11-14 00:33:00,524 [pool-193-thread-1] INFO  storage.RaftStorageDirectory (RaftStorageDirectory.java:tryLock(328)) - Lock on /workdir/hadoop-ozone/integration-test/target/test-dir/MiniOzoneClusterImpl-60470fcf-478e-41fe-85ae-08a0494ed2ed/datanode-4/data/ratis/b2c7b049-8d07-4cf9-8dd2-1a4cce29b0f9/in_use.lock acquired by nodename 4274@pr-hdds-2474-ghsjm-2904119463
2019-11-14 00:33:00,529 [pool-193-thread-1] INFO  storage.RaftStorage (RaftStorage.java:format(84)) - Storage directory /workdir/hadoop-ozone/integration-test/target/test-dir/MiniOzoneClusterImpl-60470fcf-478e-41fe-85ae-08a0494ed2ed/datanode-4/data/ratis/b2c7b049-8d07-4cf9-8dd2-1a4cce29b0f9 has been successfully formatted.
2019-11-14 00:33:00,529 [pool-193-thread-1] INFO  ratis.ContainerStateMachine (ContainerStateMachine.java:loadSnapshot(223)) - group-1A4CCE29B0F9: The snapshot info is null. Setting the last applied indexto:(t:0, i:~)
2019-11-14 00:33:00,529 [pool-193-thread-1] INFO  server.RaftServerConfigKeys (ConfUtils.java:logGet(43)) - raft.server.notification.no-leader.timeout = 120s (custom)
2019-11-14 00:33:00,529 [pool-193-thread-1] INFO  server.RaftServerConfigKeys (ConfUtils.java:logGet(43)) - raft.server.log.use.memory = false (default)
2019-11-14 00:33:00,529 [pool-203-thread-1] INFO  storage.RaftStorage (RaftStorage.java:format(84)) - Storage directory /workdir/hadoop-ozone/integration-test/target/test-dir/MiniOzoneClusterImpl-60470fcf-478e-41fe-85ae-08a0494ed2ed/datanode-5/data/ratis/b2c7b049-8d07-4cf9-8dd2-1a4cce29b0f9 has been successfully formatted.
2019-11-14 00:33:00,529 [pool-193-thread-1] INFO  server.RaftServerConfigKeys (ConfUtils.java:logGet(43)) - raft.server.log.purge.gap = 1000000 (custom)
2019-11-14 00:33:00,529 [pool-183-thread-1] INFO  storage.RaftStorage (RaftStorage.java:format(84)) - Storage directory /workdir/hadoop-ozone/integration-test/target/test-dir/MiniOzoneClusterImpl-60470fcf-478e-41fe-85ae-08a0494ed2ed/datanode-3/data/ratis/b2c7b049-8d07-4cf9-8dd2-1a4cce29b0f9 has been successfully formatted.
2019-11-14 00:33:00,529 [pool-193-thread-1] INFO  server.RaftServerConfigKeys (ConfUtils.java:logGet(43)) - raft.server.log.appender.buffer.byte-limit = 33554432 (custom)
2019-11-14 00:33:00,529 [pool-203-thread-1] INFO  ratis.ContainerStateMachine (ContainerStateMachine.java:loadSnapshot(223)) - group-1A4CCE29B0F9: The snapshot info is null. Setting the last applied indexto:(t:0, i:~)
2019-11-14 00:33:00,530 [pool-183-thread-1] INFO  ratis.ContainerStateMachine (ContainerStateMachine.java:loadSnapshot(223)) - group-1A4CCE29B0F9: The snapshot info is null. Setting the last applied indexto:(t:0, i:~)
2019-11-14 00:33:00,530 [pool-183-thread-1] INFO  server.RaftServerConfigKeys (ConfUtils.java:logGet(43)) - raft.server.notification.no-leader.timeout = 120s (custom)
2019-11-14 00:33:00,530 [pool-183-thread-1] INFO  server.RaftServerConfigKeys (ConfUtils.java:logGet(43)) - raft.server.log.use.memory = false (default)
2019-11-14 00:33:00,530 [pool-183-thread-1] INFO  server.RaftServerConfigKeys (ConfUtils.java:logGet(43)) - raft.server.log.purge.gap = 1000000 (custom)
2019-11-14 00:33:00,530 [pool-183-thread-1] INFO  server.RaftServerConfigKeys (ConfUtils.java:logGet(43)) - raft.server.log.appender.buffer.byte-limit = 33554432 (custom)
2019-11-14 00:33:00,530 [pool-193-thread-1] INFO  server.RaftServerConfigKeys (ConfUtils.java:logGet(43)) - raft.server.log.segment.size.max = 1048576 (custom)
2019-11-14 00:33:00,530 [pool-183-thread-1] INFO  server.RaftServerConfigKeys (ConfUtils.java:logGet(43)) - raft.server.log.segment.size.max = 1048576 (custom)
2019-11-14 00:33:00,530 [pool-203-thread-1] INFO  server.RaftServerConfigKeys (ConfUtils.java:logGet(43)) - raft.server.notification.no-leader.timeout = 120s (custom)
2019-11-14 00:33:00,530 [pool-183-thread-1] INFO  server.RaftServerConfigKeys (ConfUtils.java:logGet(43)) - raft.server.log.segment.cache.num.max = 2 (custom)
2019-11-14 00:33:00,530 [pool-193-thread-1] INFO  server.RaftServerConfigKeys (ConfUtils.java:logGet(43)) - raft.server.log.segment.cache.num.max = 2 (custom)
2019-11-14 00:33:00,531 [pool-183-thread-1] INFO  segmented.SegmentedRaftLogWorker (SegmentedRaftLogWorker.java:<init>(173)) - new 599e9361-b00a-4387-8c81-1beb440b27b2@group-1A4CCE29B0F9-SegmentedRaftLogWorker for RaftStorage:Storage Directory /workdir/hadoop-ozone/integration-test/target/test-dir/MiniOzoneClusterImpl-60470fcf-478e-41fe-85ae-08a0494ed2ed/datanode-3/data/ratis/b2c7b049-8d07-4cf9-8dd2-1a4cce29b0f9
2019-11-14 00:33:00,531 [pool-203-thread-1] INFO  server.RaftServerConfigKeys (ConfUtils.java:logGet(43)) - raft.server.log.use.memory = false (default)
2019-11-14 00:33:00,531 [pool-183-thread-1] INFO  server.RaftServerConfigKeys (ConfUtils.java:logGet(43)) - raft.server.log.queue.byte-limit = 2147483647 (custom)
2019-11-14 00:33:00,531 [pool-193-thread-1] INFO  segmented.SegmentedRaftLogWorker (SegmentedRaftLogWorker.java:<init>(173)) - new c7c4673b-1be2-45f8-9c29-c9228fccc788@group-1A4CCE29B0F9-SegmentedRaftLogWorker for RaftStorage:Storage Directory /workdir/hadoop-ozone/integration-test/target/test-dir/MiniOzoneClusterImpl-60470fcf-478e-41fe-85ae-08a0494ed2ed/datanode-4/data/ratis/b2c7b049-8d07-4cf9-8dd2-1a4cce29b0f9
2019-11-14 00:33:00,531 [pool-183-thread-1] INFO  server.RaftServerConfigKeys (ConfUtils.java:logGet(43)) - raft.server.log.queue.element-limit = 1024 (custom)
2019-11-14 00:33:00,531 [pool-203-thread-1] INFO  server.RaftServerConfigKeys (ConfUtils.java:logGet(43)) - raft.server.log.purge.gap = 1000000 (custom)
2019-11-14 00:33:00,531 [pool-183-thread-1] INFO  server.RaftServerConfigKeys (ConfUtils.java:logGet(43)) - raft.server.log.segment.size.max = 1048576 (custom)
2019-11-14 00:33:00,531 [pool-193-thread-1] INFO  server.RaftServerConfigKeys (ConfUtils.java:logGet(43)) - raft.server.log.queue.byte-limit = 2147483647 (custom)
2019-11-14 00:33:00,531 [pool-183-thread-1] INFO  server.RaftServerConfigKeys (ConfUtils.java:logGet(43)) - raft.server.log.preallocated.size = 16384 (custom)
2019-11-14 00:33:00,531 [pool-203-thread-1] INFO  server.RaftServerConfigKeys (ConfUtils.java:logGet(43)) - raft.server.log.appender.buffer.byte-limit = 33554432 (custom)
2019-11-14 00:33:00,532 [pool-183-thread-1] INFO  server.RaftServerConfigKeys (ConfUtils.java:logGet(43)) - raft.server.log.write.buffer.size = 33554432 (custom)
2019-11-14 00:33:00,532 [pool-193-thread-1] INFO  server.RaftServerConfigKeys (ConfUtils.java:logGet(43)) - raft.server.log.queue.element-limit = 1024 (custom)
2019-11-14 00:33:00,532 [pool-183-thread-1] INFO  server.RaftServerConfigKeys (ConfUtils.java:logGet(43)) - raft.server.log.force.sync.num = 128 (default)
2019-11-14 00:33:00,532 [pool-203-thread-1] INFO  server.RaftServerConfigKeys (ConfUtils.java:logGet(43)) - raft.server.log.segment.size.max = 1048576 (custom)
2019-11-14 00:33:00,532 [pool-183-thread-1] INFO  server.RaftServerConfigKeys (ConfUtils.java:logGet(43)) - raft.server.log.statemachine.data.sync = true (default)
2019-11-14 00:33:00,532 [pool-193-thread-1] INFO  server.RaftServerConfigKeys (ConfUtils.java:logGet(43)) - raft.server.log.segment.size.max = 1048576 (custom)
2019-11-14 00:33:00,532 [pool-183-thread-1] INFO  server.RaftServerConfigKeys (ConfUtils.java:logGet(43)) - raft.server.log.statemachine.data.sync.timeout = 10s (default)
2019-11-14 00:33:00,532 [pool-203-thread-1] INFO  server.RaftServerConfigKeys (ConfUtils.java:logGet(43)) - raft.server.log.segment.cache.num.max = 2 (custom)
2019-11-14 00:33:00,532 [pool-183-thread-1] INFO  server.RaftServerConfigKeys (ConfUtils.java:logGet(43)) - raft.server.log.statemachine.data.sync.timeout.retry = -1 (default)
2019-11-14 00:33:00,532 [pool-193-thread-1] INFO  server.RaftServerConfigKeys (ConfUtils.java:logGet(43)) - raft.server.log.preallocated.size = 16384 (custom)
2019-11-14 00:33:00,533 [pool-203-thread-1] INFO  segmented.SegmentedRaftLogWorker (SegmentedRaftLogWorker.java:<init>(173)) - new 4b7ea911-6ec4-41f6-86c3-8c310b409e67@group-1A4CCE29B0F9-SegmentedRaftLogWorker for RaftStorage:Storage Directory /workdir/hadoop-ozone/integration-test/target/test-dir/MiniOzoneClusterImpl-60470fcf-478e-41fe-85ae-08a0494ed2ed/datanode-5/data/ratis/b2c7b049-8d07-4cf9-8dd2-1a4cce29b0f9
2019-11-14 00:33:00,533 [pool-183-thread-1] INFO  server.RaftServerConfigKeys (ConfUtils.java:logGet(43)) - raft.server.log.statemachine.data.caching.enabled = true (custom)
2019-11-14 00:33:00,533 [pool-193-thread-1] INFO  server.RaftServerConfigKeys (ConfUtils.java:logGet(43)) - raft.server.log.write.buffer.size = 33554432 (custom)
2019-11-14 00:33:00,533 [pool-203-thread-1] INFO  server.RaftServerConfigKeys (ConfUtils.java:logGet(43)) - raft.server.log.queue.byte-limit = 2147483647 (custom)
2019-11-14 00:33:00,534 [pool-193-thread-1] INFO  server.RaftServerConfigKeys (ConfUtils.java:logGet(43)) - raft.server.log.force.sync.num = 128 (default)
2019-11-14 00:33:00,534 [pool-183-thread-1] INFO  segmented.SegmentedRaftLogWorker (SegmentedRaftLogWorker.java:lambda$new$0(128)) - 599e9361-b00a-4387-8c81-1beb440b27b2@group-1A4CCE29B0F9-SegmentedRaftLogWorker: flushIndex: setUnconditionally 0 -> -1
2019-11-14 00:33:00,534 [pool-193-thread-1] INFO  server.RaftServerConfigKeys (ConfUtils.java:logGet(43)) - raft.server.log.statemachine.data.sync = true (default)
2019-11-14 00:33:00,534 [pool-193-thread-1] INFO  server.RaftServerConfigKeys (ConfUtils.java:logGet(43)) - raft.server.log.statemachine.data.sync.timeout = 10s (default)
2019-11-14 00:33:00,534 [pool-193-thread-1] INFO  server.RaftServerConfigKeys (ConfUtils.java:logGet(43)) - raft.server.log.statemachine.data.sync.timeout.retry = -1 (default)
2019-11-14 00:33:00,534 [pool-193-thread-1] INFO  server.RaftServerConfigKeys (ConfUtils.java:logGet(43)) - raft.server.log.statemachine.data.caching.enabled = true (custom)
2019-11-14 00:33:00,534 [pool-203-thread-1] INFO  server.RaftServerConfigKeys (ConfUtils.java:logGet(43)) - raft.server.log.queue.element-limit = 1024 (custom)
2019-11-14 00:33:00,534 [pool-183-thread-1] INFO  server.RaftServerConfigKeys (ConfUtils.java:logGet(43)) - raft.server.snapshot.auto.trigger.enabled = true (custom)
2019-11-14 00:33:00,535 [pool-193-thread-1] INFO  segmented.SegmentedRaftLogWorker (SegmentedRaftLogWorker.java:lambda$new$0(128)) - c7c4673b-1be2-45f8-9c29-c9228fccc788@group-1A4CCE29B0F9-SegmentedRaftLogWorker: flushIndex: setUnconditionally 0 -> -1
2019-11-14 00:33:00,535 [pool-183-thread-1] INFO  server.RaftServerConfigKeys (ConfUtils.java:logGet(43)) - raft.server.snapshot.auto.trigger.threshold = 10000 (custom)
2019-11-14 00:33:00,535 [pool-193-thread-1] INFO  server.RaftServerConfigKeys (ConfUtils.java:logGet(43)) - raft.server.snapshot.auto.trigger.enabled = true (custom)
2019-11-14 00:33:00,535 [pool-203-thread-1] INFO  server.RaftServerConfigKeys (ConfUtils.java:logGet(43)) - raft.server.log.segment.size.max = 1048576 (custom)
2019-11-14 00:33:00,535 [pool-193-thread-1] INFO  server.RaftServerConfigKeys (ConfUtils.java:logGet(43)) - raft.server.snapshot.auto.trigger.threshold = 10000 (custom)
2019-11-14 00:33:00,535 [pool-183-thread-1] INFO  server.RaftServerConfigKeys (ConfUtils.java:logGet(43)) - raft.server.snapshot.retention.file.num = 5 (custom)
2019-11-14 00:33:00,536 [pool-193-thread-1] INFO  server.RaftServerConfigKeys (ConfUtils.java:logGet(43)) - raft.server.snapshot.retention.file.num = 5 (custom)
2019-11-14 00:33:00,536 [pool-203-thread-1] INFO  server.RaftServerConfigKeys (ConfUtils.java:logGet(43)) - raft.server.log.preallocated.size = 16384 (custom)
2019-11-14 00:33:00,536 [pool-193-thread-1] INFO  server.RaftServerConfigKeys (ConfUtils.java:logGet(43)) - raft.server.retrycache.expirytime = 600000ms (custom)
2019-11-14 00:33:00,536 [pool-183-thread-1] INFO  server.RaftServerConfigKeys (ConfUtils.java:logGet(43)) - raft.server.retrycache.expirytime = 600000ms (custom)
2019-11-14 00:33:00,536 [pool-193-thread-1] WARN  impl.MetricRegistriesImpl (MetricRegistriesImpl.java:lambda$create$1(61)) - First MetricRegistry has been created without registering reporters. You may need to call MetricRegistries.global().addReportRegistration(...) before.
2019-11-14 00:33:00,537 [pool-183-thread-1] WARN  impl.MetricRegistriesImpl (MetricRegistriesImpl.java:lambda$create$1(61)) - First MetricRegistry has been created without registering reporters. You may need to call MetricRegistries.global().addReportRegistration(...) before.
2019-11-14 00:33:00,536 [pool-203-thread-1] INFO  server.RaftServerConfigKeys (ConfUtils.java:logGet(43)) - raft.server.log.write.buffer.size = 33554432 (custom)
2019-11-14 00:33:00,537 [pool-183-thread-1] WARN  impl.MetricRegistriesImpl (MetricRegistriesImpl.java:lambda$create$1(61)) - First MetricRegistry has been created without registering reporters. You may need to call MetricRegistries.global().addReportRegistration(...) before.
2019-11-14 00:33:00,537 [pool-193-thread-1] WARN  impl.MetricRegistriesImpl (MetricRegistriesImpl.java:lambda$create$1(61)) - First MetricRegistry has been created without registering reporters. You may need to call MetricRegistries.global().addReportRegistration(...) before.
2019-11-14 00:33:00,537 [pool-203-thread-1] INFO  server.RaftServerConfigKeys (ConfUtils.java:logGet(43)) - raft.server.log.force.sync.num = 128 (default)
2019-11-14 00:33:00,537 [pool-183-thread-1] INFO  impl.RaftServerImpl (RaftServerImpl.java:start(184)) - 599e9361-b00a-4387-8c81-1beb440b27b2@group-1A4CCE29B0F9: start as a follower, conf=-1: [c7c4673b-1be2-45f8-9c29-c9228fccc788:192.168.34.25:39151, 599e9361-b00a-4387-8c81-1beb440b27b2:192.168.34.25:40470, 4b7ea911-6ec4-41f6-86c3-8c310b409e67:192.168.34.25:41710], old=null
2019-11-14 00:33:00,537 [pool-193-thread-1] INFO  impl.RaftServerImpl (RaftServerImpl.java:start(184)) - c7c4673b-1be2-45f8-9c29-c9228fccc788@group-1A4CCE29B0F9: start as a follower, conf=-1: [c7c4673b-1be2-45f8-9c29-c9228fccc788:192.168.34.25:39151, 599e9361-b00a-4387-8c81-1beb440b27b2:192.168.34.25:40470, 4b7ea911-6ec4-41f6-86c3-8c310b409e67:192.168.34.25:41710], old=null
2019-11-14 00:33:00,537 [pool-183-thread-1] INFO  impl.RaftServerImpl (RaftServerImpl.java:setRole(173)) - 599e9361-b00a-4387-8c81-1beb440b27b2@group-1A4CCE29B0F9: changes role from      null to FOLLOWER at term 0 for startAsFollower
2019-11-14 00:33:00,537 [pool-203-thread-1] INFO  server.RaftServerConfigKeys (ConfUtils.java:logGet(43)) - raft.server.log.statemachine.data.sync = true (default)
2019-11-14 00:33:00,537 [pool-183-thread-1] INFO  impl.RoleInfo (RoleInfo.java:updateAndGet(143)) - 599e9361-b00a-4387-8c81-1beb440b27b2: start FollowerState
2019-11-14 00:33:00,537 [pool-193-thread-1] INFO  impl.RaftServerImpl (RaftServerImpl.java:setRole(173)) - c7c4673b-1be2-45f8-9c29-c9228fccc788@group-1A4CCE29B0F9: changes role from      null to FOLLOWER at term 0 for startAsFollower
2019-11-14 00:33:00,537 [pool-203-thread-1] INFO  server.RaftServerConfigKeys (ConfUtils.java:logGet(43)) - raft.server.log.statemachine.data.sync.timeout = 10s (default)
2019-11-14 00:33:00,538 [pool-203-thread-1] INFO  server.RaftServerConfigKeys (ConfUtils.java:logGet(43)) - raft.server.log.statemachine.data.sync.timeout.retry = -1 (default)
2019-11-14 00:33:00,538 [pool-193-thread-1] INFO  impl.RoleInfo (RoleInfo.java:updateAndGet(143)) - c7c4673b-1be2-45f8-9c29-c9228fccc788: start FollowerState
2019-11-14 00:33:00,538 [pool-203-thread-1] INFO  server.RaftServerConfigKeys (ConfUtils.java:logGet(43)) - raft.server.log.statemachine.data.caching.enabled = true (custom)
2019-11-14 00:33:00,538 [pool-183-thread-1] INFO  util.JmxRegister (JmxRegister.java:tryRegister(44)) - Successfully registered JMX Bean with object name Ratis:service=RaftServer,group=group-1A4CCE29B0F9,id=599e9361-b00a-4387-8c81-1beb440b27b2
2019-11-14 00:33:00,538 [pool-193-thread-1] INFO  util.JmxRegister (JmxRegister.java:tryRegister(44)) - Successfully registered JMX Bean with object name Ratis:service=RaftServer,group=group-1A4CCE29B0F9,id=c7c4673b-1be2-45f8-9c29-c9228fccc788
2019-11-14 00:33:00,538 [pool-183-thread-1] WARN  impl.MetricRegistriesImpl (MetricRegistriesImpl.java:lambda$create$1(61)) - First MetricRegistry has been created without registering reporters. You may need to call MetricRegistries.global().addReportRegistration(...) before.
2019-11-14 00:33:00,538 [pool-203-thread-1] INFO  segmented.SegmentedRaftLogWorker (SegmentedRaftLogWorker.java:lambda$new$0(128)) - 4b7ea911-6ec4-41f6-86c3-8c310b409e67@group-1A4CCE29B0F9-SegmentedRaftLogWorker: flushIndex: setUnconditionally 0 -> -1
2019-11-14 00:33:00,538 [pool-193-thread-1] WARN  impl.MetricRegistriesImpl (MetricRegistriesImpl.java:lambda$create$1(61)) - First MetricRegistry has been created without registering reporters. You may need to call MetricRegistries.global().addReportRegistration(...) before.
2019-11-14 00:33:00,539 [pool-203-thread-1] INFO  server.RaftServerConfigKeys (ConfUtils.java:logGet(43)) - raft.server.snapshot.auto.trigger.enabled = true (custom)
2019-11-14 00:33:00,539 [pool-203-thread-1] INFO  server.RaftServerConfigKeys (ConfUtils.java:logGet(43)) - raft.server.snapshot.auto.trigger.threshold = 10000 (custom)
2019-11-14 00:33:00,539 [pool-203-thread-1] INFO  server.RaftServerConfigKeys (ConfUtils.java:logGet(43)) - raft.server.snapshot.retention.file.num = 5 (custom)
2019-11-14 00:33:00,539 [pool-203-thread-1] INFO  server.RaftServerConfigKeys (ConfUtils.java:logGet(43)) - raft.server.retrycache.expirytime = 600000ms (custom)
2019-11-14 00:33:00,539 [pool-203-thread-1] WARN  impl.MetricRegistriesImpl (MetricRegistriesImpl.java:lambda$create$1(61)) - First MetricRegistry has been created without registering reporters. You may need to call MetricRegistries.global().addReportRegistration(...) before.
2019-11-14 00:33:00,539 [pool-203-thread-1] WARN  impl.MetricRegistriesImpl (MetricRegistriesImpl.java:lambda$create$1(61)) - First MetricRegistry has been created without registering reporters. You may need to call MetricRegistries.global().addReportRegistration(...) before.
2019-11-14 00:33:00,539 [pool-203-thread-1] INFO  impl.RaftServerImpl (RaftServerImpl.java:start(184)) - 4b7ea911-6ec4-41f6-86c3-8c310b409e67@group-1A4CCE29B0F9: start as a follower, conf=-1: [c7c4673b-1be2-45f8-9c29-c9228fccc788:192.168.34.25:39151, 599e9361-b00a-4387-8c81-1beb440b27b2:192.168.34.25:40470, 4b7ea911-6ec4-41f6-86c3-8c310b409e67:192.168.34.25:41710], old=null
2019-11-14 00:33:00,540 [pool-203-thread-1] INFO  impl.RaftServerImpl (RaftServerImpl.java:setRole(173)) - 4b7ea911-6ec4-41f6-86c3-8c310b409e67@group-1A4CCE29B0F9: changes role from      null to FOLLOWER at term 0 for startAsFollower
2019-11-14 00:33:00,540 [pool-203-thread-1] INFO  impl.RoleInfo (RoleInfo.java:updateAndGet(143)) - 4b7ea911-6ec4-41f6-86c3-8c310b409e67: start FollowerState
2019-11-14 00:33:00,540 [pool-203-thread-1] INFO  util.JmxRegister (JmxRegister.java:tryRegister(44)) - Successfully registered JMX Bean with object name Ratis:service=RaftServer,group=group-1A4CCE29B0F9,id=4b7ea911-6ec4-41f6-86c3-8c310b409e67
2019-11-14 00:33:00,540 [pool-203-thread-1] WARN  impl.MetricRegistriesImpl (MetricRegistriesImpl.java:lambda$create$1(61)) - First MetricRegistry has been created without registering reporters. You may need to call MetricRegistries.global().addReportRegistration(...) before.
2019-11-14 00:33:00,542 [RatisPipelineUtilsThread] INFO  pipeline.PipelineStateManager (PipelineStateManager.java:addPipeline(55)) - Created pipeline Pipeline[ Id: b2c7b049-8d07-4cf9-8dd2-1a4cce29b0f9, Nodes: 599e9361-b00a-4387-8c81-1beb440b27b2{ip: 192.168.34.25, host: pr-hdds-2474-ghsjm-2904119463, networkLocation: /default-rack, certSerialId: null}4b7ea911-6ec4-41f6-86c3-8c310b409e67{ip: 192.168.34.25, host: pr-hdds-2474-ghsjm-2904119463, networkLocation: /default-rack, certSerialId: null}c7c4673b-1be2-45f8-9c29-c9228fccc788{ip: 192.168.34.25, host: pr-hdds-2474-ghsjm-2904119463, networkLocation: /default-rack, certSerialId: null}, Type:RATIS, Factor:THREE, State:ALLOCATED]
2019-11-14 00:33:00,542 [Thread-2329] INFO  pipeline.PipelineStateManager (PipelineStateManager.java:finalizePipeline(121)) - Pipeline Pipeline[ Id: d6397611-a672-4634-8b28-a881902d583f, Nodes: c0a90149-7086-438b-b575-a58c52a879cd{ip: 192.168.34.25, host: pr-hdds-2474-ghsjm-2904119463, networkLocation: /default-rack, certSerialId: null}75a811de-d3cd-4e06-b16e-b70ad37a4427{ip: 192.168.34.25, host: pr-hdds-2474-ghsjm-2904119463, networkLocation: /default-rack, certSerialId: null}82068b54-9744-4929-951d-196898e4ec33{ip: 192.168.34.25, host: pr-hdds-2474-ghsjm-2904119463, networkLocation: /default-rack, certSerialId: null}, Type:RATIS, Factor:THREE, State:CLOSED] moved to CLOSED state
2019-11-14 00:33:00,542 [EventQueue-CloseContainerForCloseContainerEventHandler] INFO  container.CloseContainerEventHandler (CloseContainerEventHandler.java:onMessage(61)) - Close container Event triggered for container : #1
2019-11-14 00:33:00,546 [grpc-default-executor-14] INFO  impl.RaftServerProxy (RaftServerProxy.java:remove(95)) - c0a90149-7086-438b-b575-a58c52a879cd: remove  FOLLOWER c0a90149-7086-438b-b575-a58c52a879cd@group-A881902D583F:t1, leader=82068b54-9744-4929-951d-196898e4ec33, voted=82068b54-9744-4929-951d-196898e4ec33, raftlog=c0a90149-7086-438b-b575-a58c52a879cd@group-A881902D583F-SegmentedRaftLog:OPENED:c4,f8,i8, conf=0: [82068b54-9744-4929-951d-196898e4ec33:192.168.34.25:45067, c0a90149-7086-438b-b575-a58c52a879cd:192.168.34.25:33958, 75a811de-d3cd-4e06-b16e-b70ad37a4427:192.168.34.25:45226], old=null RUNNING
2019-11-14 00:33:00,546 [grpc-default-executor-14] INFO  impl.RaftServerImpl (RaftServerImpl.java:lambda$shutdown$3(250)) - c0a90149-7086-438b-b575-a58c52a879cd@group-A881902D583F: shutdown
2019-11-14 00:33:00,546 [grpc-default-executor-14] INFO  util.JmxRegister (JmxRegister.java:unregister(73)) - Successfully un-registered JMX Bean with object name Ratis:service=RaftServer,group=group-A881902D583F,id=c0a90149-7086-438b-b575-a58c52a879cd
2019-11-14 00:33:00,546 [grpc-default-executor-14] INFO  impl.RoleInfo (RoleInfo.java:shutdownFollowerState(121)) - c0a90149-7086-438b-b575-a58c52a879cd: shutdown FollowerState
2019-11-14 00:33:00,546 [grpc-default-executor-14] INFO  impl.StateMachineUpdater (StateMachineUpdater.java:stopAndJoin(136)) - c0a90149-7086-438b-b575-a58c52a879cd@group-A881902D583F-StateMachineUpdater: set stopIndex = 4
2019-11-14 00:33:00,546 [c0a90149-7086-438b-b575-a58c52a879cd@group-A881902D583F-StateMachineUpdater] INFO  ratis.ContainerStateMachine (ContainerStateMachine.java:takeSnapshot(285)) - group-A881902D583F: Taking a snapshot at:(t:1, i:1) file /workdir/hadoop-ozone/integration-test/target/test-dir/MiniOzoneClusterImpl-60470fcf-478e-41fe-85ae-08a0494ed2ed/datanode-1/data/ratis/d6397611-a672-4634-8b28-a881902d583f/sm/snapshot.1_1
2019-11-14 00:33:00,546 [Thread-2375] INFO  impl.FollowerState (FollowerState.java:run(120)) - c0a90149-7086-438b-b575-a58c52a879cd@group-A881902D583F-FollowerState was interrupted: java.lang.InterruptedException: sleep interrupted
2019-11-14 00:33:00,550 [c0a90149-7086-438b-b575-a58c52a879cd@group-A881902D583F-StateMachineUpdater] INFO  ratis.ContainerStateMachine (ContainerStateMachine.java:takeSnapshot(296)) - group-A881902D583F: Finished taking a snapshot at:(t:1, i:1) file:/workdir/hadoop-ozone/integration-test/target/test-dir/MiniOzoneClusterImpl-60470fcf-478e-41fe-85ae-08a0494ed2ed/datanode-1/data/ratis/d6397611-a672-4634-8b28-a881902d583f/sm/snapshot.1_1 time:4
2019-11-14 00:33:00,550 [c0a90149-7086-438b-b575-a58c52a879cd@group-A881902D583F-StateMachineUpdater] INFO  impl.StateMachineUpdater (StateMachineUpdater.java:takeSnapshot(269)) - c0a90149-7086-438b-b575-a58c52a879cd@group-A881902D583F-StateMachineUpdater: Took a snapshot at index 1
2019-11-14 00:33:00,550 [c0a90149-7086-438b-b575-a58c52a879cd@group-A881902D583F-StateMachineUpdater] INFO  impl.StateMachineUpdater (StateMachineUpdater.java:lambda$new$0(84)) - c0a90149-7086-438b-b575-a58c52a879cd@group-A881902D583F-StateMachineUpdater: snapshotIndex: updateIncreasingly -1 -> 1
2019-11-14 00:33:00,550 [c0a90149-7086-438b-b575-a58c52a879cd@group-A881902D583F-StateMachineUpdater] INFO  ratis.ContainerStateMachine (ContainerStateMachine.java:takeSnapshot(285)) - group-A881902D583F: Taking a snapshot at:(t:1, i:1) file /workdir/hadoop-ozone/integration-test/target/test-dir/MiniOzoneClusterImpl-60470fcf-478e-41fe-85ae-08a0494ed2ed/datanode-1/data/ratis/d6397611-a672-4634-8b28-a881902d583f/sm/snapshot.1_1
2019-11-14 00:33:00,553 [c0a90149-7086-438b-b575-a58c52a879cd@group-A881902D583F-StateMachineUpdater] INFO  ratis.ContainerStateMachine (ContainerStateMachine.java:takeSnapshot(296)) - group-A881902D583F: Finished taking a snapshot at:(t:1, i:1) file:/workdir/hadoop-ozone/integration-test/target/test-dir/MiniOzoneClusterImpl-60470fcf-478e-41fe-85ae-08a0494ed2ed/datanode-1/data/ratis/d6397611-a672-4634-8b28-a881902d583f/sm/snapshot.1_1 time:3
2019-11-14 00:33:00,553 [c0a90149-7086-438b-b575-a58c52a879cd@group-A881902D583F-StateMachineUpdater] INFO  impl.StateMachineUpdater (StateMachineUpdater.java:takeSnapshot(269)) - c0a90149-7086-438b-b575-a58c52a879cd@group-A881902D583F-StateMachineUpdater: Took a snapshot at index 1
2019-11-14 00:33:00,553 [c0a90149-7086-438b-b575-a58c52a879cd@group-A881902D583F-StateMachineUpdater] INFO  impl.StateMachineUpdater (StateMachineUpdater.java:lambda$new$0(84)) - c0a90149-7086-438b-b575-a58c52a879cd@group-A881902D583F-StateMachineUpdater: snapshotIndex: updateIncreasingly 1 -> 1
2019-11-14 00:33:00,553 [grpc-default-executor-14] INFO  impl.RaftServerImpl (ServerState.java:close(387)) - c0a90149-7086-438b-b575-a58c52a879cd@group-A881902D583F: closes. applyIndex: 4
2019-11-14 00:33:00,554 [c0a90149-7086-438b-b575-a58c52a879cd@group-A881902D583F-SegmentedRaftLogWorker] INFO  segmented.SegmentedRaftLogWorker (SegmentedRaftLogWorker.java:run(316)) - c0a90149-7086-438b-b575-a58c52a879cd@group-A881902D583F-SegmentedRaftLogWorker was interrupted, exiting. There are 0 tasks remaining in the queue.
2019-11-14 00:33:00,565 [grpc-default-executor-14] INFO  segmented.SegmentedRaftLogWorker (SegmentedRaftLogWorker.java:close(224)) - c0a90149-7086-438b-b575-a58c52a879cd@group-A881902D583F-SegmentedRaftLogWorker close()
2019-11-14 00:33:00,670 [grpc-default-executor-14] INFO  interfaces.Container (KeyValueContainer.java:flushAndSyncDB(400)) - Container 1 is synced with bcsId 4.
2019-11-14 00:33:00,684 [grpc-default-executor-14] INFO  interfaces.Container (KeyValueContainer.java:flushAndSyncDB(400)) - Container 1 is synced with bcsId 4.
2019-11-14 00:33:00,700 [EventQueue-IncrementalContainerReportForIncrementalContainerReportHandler] INFO  container.IncrementalContainerReportHandler (AbstractContainerReportHandler.java:updateContainerState(171)) - Moving container #1 to QUASI_CLOSED state, datanode c0a90149-7086-438b-b575-a58c52a879cd{ip: 192.168.34.25, host: pr-hdds-2474-ghsjm-2904119463, networkLocation: /default-rack, certSerialId: null} reported QUASI_CLOSED replica.
2019-11-14 00:33:00,704 [grpc-default-executor-17] INFO  impl.RaftServerProxy (RaftServerProxy.java:remove(95)) - 75a811de-d3cd-4e06-b16e-b70ad37a4427: remove  FOLLOWER 75a811de-d3cd-4e06-b16e-b70ad37a4427@group-A881902D583F:t1, leader=82068b54-9744-4929-951d-196898e4ec33, voted=82068b54-9744-4929-951d-196898e4ec33, raftlog=75a811de-d3cd-4e06-b16e-b70ad37a4427@group-A881902D583F-SegmentedRaftLog:OPENED:c12,f16,i16, conf=0: [82068b54-9744-4929-951d-196898e4ec33:192.168.34.25:45067, c0a90149-7086-438b-b575-a58c52a879cd:192.168.34.25:33958, 75a811de-d3cd-4e06-b16e-b70ad37a4427:192.168.34.25:45226], old=null RUNNING
2019-11-14 00:33:00,704 [grpc-default-executor-17] INFO  impl.RaftServerImpl (RaftServerImpl.java:lambda$shutdown$3(250)) - 75a811de-d3cd-4e06-b16e-b70ad37a4427@group-A881902D583F: shutdown
2019-11-14 00:33:00,704 [grpc-default-executor-17] INFO  util.JmxRegister (JmxRegister.java:unregister(73)) - Successfully un-registered JMX Bean with object name Ratis:service=RaftServer,group=group-A881902D583F,id=75a811de-d3cd-4e06-b16e-b70ad37a4427
2019-11-14 00:33:00,704 [grpc-default-executor-17] INFO  impl.RoleInfo (RoleInfo.java:shutdownFollowerState(121)) - 75a811de-d3cd-4e06-b16e-b70ad37a4427: shutdown FollowerState
2019-11-14 00:33:00,704 [grpc-default-executor-17] INFO  impl.StateMachineUpdater (StateMachineUpdater.java:stopAndJoin(136)) - 75a811de-d3cd-4e06-b16e-b70ad37a4427@group-A881902D583F-StateMachineUpdater: set stopIndex = 12
2019-11-14 00:33:00,704 [75a811de-d3cd-4e06-b16e-b70ad37a4427@group-A881902D583F-StateMachineUpdater] INFO  ratis.ContainerStateMachine (ContainerStateMachine.java:takeSnapshot(285)) - group-A881902D583F: Taking a snapshot at:(t:1, i:12) file /workdir/hadoop-ozone/integration-test/target/test-dir/MiniOzoneClusterImpl-60470fcf-478e-41fe-85ae-08a0494ed2ed/datanode-0/data/ratis/d6397611-a672-4634-8b28-a881902d583f/sm/snapshot.1_12
2019-11-14 00:33:00,704 [Thread-2376] INFO  impl.FollowerState (FollowerState.java:run(120)) - 75a811de-d3cd-4e06-b16e-b70ad37a4427@group-A881902D583F-FollowerState was interrupted: java.lang.InterruptedException: sleep interrupted
2019-11-14 00:33:00,719 [75a811de-d3cd-4e06-b16e-b70ad37a4427@group-A881902D583F-StateMachineUpdater] INFO  ratis.ContainerStateMachine (ContainerStateMachine.java:takeSnapshot(296)) - group-A881902D583F: Finished taking a snapshot at:(t:1, i:12) file:/workdir/hadoop-ozone/integration-test/target/test-dir/MiniOzoneClusterImpl-60470fcf-478e-41fe-85ae-08a0494ed2ed/datanode-0/data/ratis/d6397611-a672-4634-8b28-a881902d583f/sm/snapshot.1_12 time:14
2019-11-14 00:33:00,719 [75a811de-d3cd-4e06-b16e-b70ad37a4427@group-A881902D583F-StateMachineUpdater] INFO  impl.StateMachineUpdater (StateMachineUpdater.java:takeSnapshot(269)) - 75a811de-d3cd-4e06-b16e-b70ad37a4427@group-A881902D583F-StateMachineUpdater: Took a snapshot at index 12
2019-11-14 00:33:00,719 [75a811de-d3cd-4e06-b16e-b70ad37a4427@group-A881902D583F-StateMachineUpdater] INFO  impl.StateMachineUpdater (StateMachineUpdater.java:lambda$new$0(84)) - 75a811de-d3cd-4e06-b16e-b70ad37a4427@group-A881902D583F-StateMachineUpdater: snapshotIndex: updateIncreasingly -1 -> 12
2019-11-14 00:33:00,719 [grpc-default-executor-17] INFO  impl.RaftServerImpl (ServerState.java:close(387)) - 75a811de-d3cd-4e06-b16e-b70ad37a4427@group-A881902D583F: closes. applyIndex: 12
2019-11-14 00:33:00,720 [75a811de-d3cd-4e06-b16e-b70ad37a4427@group-A881902D583F-SegmentedRaftLogWorker] INFO  segmented.SegmentedRaftLogWorker (SegmentedRaftLogWorker.java:run(316)) - 75a811de-d3cd-4e06-b16e-b70ad37a4427@group-A881902D583F-SegmentedRaftLogWorker was interrupted, exiting. There are 0 tasks remaining in the queue.
2019-11-14 00:33:00,722 [grpc-default-executor-17] INFO  segmented.SegmentedRaftLogWorker (SegmentedRaftLogWorker.java:close(224)) - 75a811de-d3cd-4e06-b16e-b70ad37a4427@group-A881902D583F-SegmentedRaftLogWorker close()
2019-11-14 00:33:00,757 [grpc-default-executor-17] INFO  interfaces.Container (KeyValueContainer.java:flushAndSyncDB(400)) - Container 1 is synced with bcsId 12.
2019-11-14 00:33:00,757 [grpc-default-executor-17] INFO  interfaces.Container (KeyValueContainer.java:flushAndSyncDB(400)) - Container 1 is synced with bcsId 12.
2019-11-14 00:33:00,776 [grpc-default-executor-17] INFO  impl.RaftServerProxy (RaftServerProxy.java:remove(95)) - 82068b54-9744-4929-951d-196898e4ec33: remove    LEADER 82068b54-9744-4929-951d-196898e4ec33@group-A881902D583F:t1, leader=82068b54-9744-4929-951d-196898e4ec33, voted=82068b54-9744-4929-951d-196898e4ec33, raftlog=82068b54-9744-4929-951d-196898e4ec33@group-A881902D583F-SegmentedRaftLog:OPENED:c16,f16,i16, conf=0: [82068b54-9744-4929-951d-196898e4ec33:192.168.34.25:45067, c0a90149-7086-438b-b575-a58c52a879cd:192.168.34.25:33958, 75a811de-d3cd-4e06-b16e-b70ad37a4427:192.168.34.25:45226], old=null RUNNING
2019-11-14 00:33:00,776 [grpc-default-executor-17] INFO  impl.RaftServerImpl (RaftServerImpl.java:lambda$shutdown$3(250)) - 82068b54-9744-4929-951d-196898e4ec33@group-A881902D583F: shutdown
2019-11-14 00:33:00,776 [grpc-default-executor-17] INFO  util.JmxRegister (JmxRegister.java:unregister(73)) - Successfully un-registered JMX Bean with object name Ratis:service=RaftServer,group=group-A881902D583F,id=82068b54-9744-4929-951d-196898e4ec33
2019-11-14 00:33:00,776 [grpc-default-executor-17] INFO  impl.RoleInfo (RoleInfo.java:shutdownLeaderState(104)) - 82068b54-9744-4929-951d-196898e4ec33: shutdown LeaderState
2019-11-14 00:33:00,779 [grpc-default-executor-17] INFO  impl.PendingRequests (PendingRequests.java:sendNotLeaderResponses(206)) - 82068b54-9744-4929-951d-196898e4ec33@group-A881902D583F-PendingRequests: sendNotLeaderResponses
2019-11-14 00:33:00,779 [org.apache.ratis.server.impl.LogAppender$AppenderDaemon$$Lambda$810/1909616988@5e8bc811] WARN  server.GrpcLogAppender (GrpcLogAppender.java:mayWait(151)) - 82068b54-9744-4929-951d-196898e4ec33@group-A881902D583F->75a811de-d3cd-4e06-b16e-b70ad37a4427-GrpcLogAppender: Wait interrupted by java.lang.InterruptedException
2019-11-14 00:33:00,779 [org.apache.ratis.server.impl.LogAppender$AppenderDaemon$$Lambda$810/1909616988@1b895504] WARN  server.GrpcLogAppender (GrpcLogAppender.java:mayWait(151)) - 82068b54-9744-4929-951d-196898e4ec33@group-A881902D583F->c0a90149-7086-438b-b575-a58c52a879cd-GrpcLogAppender: Wait interrupted by java.lang.InterruptedException
2019-11-14 00:33:00,785 [Thread-2476] INFO  client.GrpcClientProtocolService (GrpcClientProtocolService.java:lambda$processClientRequest$0(279)) - Failed RaftClientRequest:client-F5FF85ECA291->82068b54-9744-4929-951d-196898e4ec33@group-A881902D583F, cid=129, seq=0, Watch-ALL_COMMITTED(10), Message:<EMPTY>, reply=RaftClientReply:client-F5FF85ECA291->82068b54-9744-4929-951d-196898e4ec33@group-A881902D583F, cid=129, FAILED org.apache.ratis.protocol.NotLeaderException: Server 82068b54-9744-4929-951d-196898e4ec33@group-A881902D583F is not the leader, logIndex=0, commits[82068b54-9744-4929-951d-196898e4ec33:c16]
2019-11-14 00:33:00,786 [grpc-default-executor-14] INFO  server.GrpcServerProtocolService (GrpcServerProtocolService.java:onCompleted(113)) - 75a811de-d3cd-4e06-b16e-b70ad37a4427: Completed APPEND_ENTRIES, lastRequest: 82068b54-9744-4929-951d-196898e4ec33->75a811de-d3cd-4e06-b16e-b70ad37a4427#19-t1, previous=(t:1, i:15), leaderCommit=12, initializing? false, entries: size=1, first=(t:1, i:16), METADATAENTRY(c12)
2019-11-14 00:33:00,786 [grpc-default-executor-17] INFO  impl.StateMachineUpdater (StateMachineUpdater.java:stopAndJoin(136)) - 82068b54-9744-4929-951d-196898e4ec33@group-A881902D583F-StateMachineUpdater: set stopIndex = 16
2019-11-14 00:33:00,786 [82068b54-9744-4929-951d-196898e4ec33@group-A881902D583F-StateMachineUpdater] INFO  ratis.ContainerStateMachine (ContainerStateMachine.java:takeSnapshot(285)) - group-A881902D583F: Taking a snapshot at:(t:1, i:14) file /workdir/hadoop-ozone/integration-test/target/test-dir/MiniOzoneClusterImpl-60470fcf-478e-41fe-85ae-08a0494ed2ed/datanode-2/data/ratis/d6397611-a672-4634-8b28-a881902d583f/sm/snapshot.1_14
2019-11-14 00:33:00,787 [grpc-default-executor-14] INFO  server.GrpcLogAppender (GrpcLogAppender.java:onCompleted(308)) - 82068b54-9744-4929-951d-196898e4ec33@group-A881902D583F->75a811de-d3cd-4e06-b16e-b70ad37a4427-AppendLogResponseHandler: follower responses appendEntries COMPLETED
2019-11-14 00:33:00,786 [grpc-default-executor-18] INFO  server.GrpcServerProtocolService (GrpcServerProtocolService.java:onCompleted(113)) - c0a90149-7086-438b-b575-a58c52a879cd: Completed APPEND_ENTRIES, lastRequest: 82068b54-9744-4929-951d-196898e4ec33->c0a90149-7086-438b-b575-a58c52a879cd#19-t1, previous=(t:1, i:15), leaderCommit=12, initializing? false, entries: size=1, first=(t:1, i:16), METADATAENTRY(c12)
2019-11-14 00:33:00,787 [grpc-default-executor-14] INFO  impl.FollowerInfo (FollowerInfo.java:lambda$new$0(51)) - 82068b54-9744-4929-951d-196898e4ec33@group-A881902D583F->75a811de-d3cd-4e06-b16e-b70ad37a4427: nextIndex: updateUnconditionally 17 -> 16
2019-11-14 00:33:00,787 [grpc-default-executor-15] INFO  server.GrpcLogAppender (GrpcLogAppender.java:onCompleted(308)) - 82068b54-9744-4929-951d-196898e4ec33@group-A881902D583F->c0a90149-7086-438b-b575-a58c52a879cd-AppendLogResponseHandler: follower responses appendEntries COMPLETED
2019-11-14 00:33:00,788 [grpc-default-executor-15] INFO  impl.FollowerInfo (FollowerInfo.java:lambda$new$0(51)) - 82068b54-9744-4929-951d-196898e4ec33@group-A881902D583F->c0a90149-7086-438b-b575-a58c52a879cd: nextIndex: updateUnconditionally 17 -> 9
2019-11-14 00:33:00,799 [82068b54-9744-4929-951d-196898e4ec33@group-A881902D583F-StateMachineUpdater] INFO  ratis.ContainerStateMachine (ContainerStateMachine.java:takeSnapshot(296)) - group-A881902D583F: Finished taking a snapshot at:(t:1, i:14) file:/workdir/hadoop-ozone/integration-test/target/test-dir/MiniOzoneClusterImpl-60470fcf-478e-41fe-85ae-08a0494ed2ed/datanode-2/data/ratis/d6397611-a672-4634-8b28-a881902d583f/sm/snapshot.1_14 time:13
2019-11-14 00:33:00,799 [82068b54-9744-4929-951d-196898e4ec33@group-A881902D583F-StateMachineUpdater] INFO  impl.StateMachineUpdater (StateMachineUpdater.java:takeSnapshot(269)) - 82068b54-9744-4929-951d-196898e4ec33@group-A881902D583F-StateMachineUpdater: Took a snapshot at index 14
2019-11-14 00:33:00,799 [82068b54-9744-4929-951d-196898e4ec33@group-A881902D583F-StateMachineUpdater] INFO  impl.StateMachineUpdater (StateMachineUpdater.java:lambda$new$0(84)) - 82068b54-9744-4929-951d-196898e4ec33@group-A881902D583F-StateMachineUpdater: snapshotIndex: updateIncreasingly -1 -> 14
2019-11-14 00:33:00,799 [82068b54-9744-4929-951d-196898e4ec33@group-A881902D583F-StateMachineUpdater] INFO  ratis.ContainerStateMachine (ContainerStateMachine.java:takeSnapshot(285)) - group-A881902D583F: Taking a snapshot at:(t:1, i:14) file /workdir/hadoop-ozone/integration-test/target/test-dir/MiniOzoneClusterImpl-60470fcf-478e-41fe-85ae-08a0494ed2ed/datanode-2/data/ratis/d6397611-a672-4634-8b28-a881902d583f/sm/snapshot.1_14
2019-11-14 00:33:00,812 [82068b54-9744-4929-951d-196898e4ec33@group-A881902D583F-StateMachineUpdater] INFO  ratis.ContainerStateMachine (ContainerStateMachine.java:takeSnapshot(296)) - group-A881902D583F: Finished taking a snapshot at:(t:1, i:14) file:/workdir/hadoop-ozone/integration-test/target/test-dir/MiniOzoneClusterImpl-60470fcf-478e-41fe-85ae-08a0494ed2ed/datanode-2/data/ratis/d6397611-a672-4634-8b28-a881902d583f/sm/snapshot.1_14 time:12
2019-11-14 00:33:00,812 [82068b54-9744-4929-951d-196898e4ec33@group-A881902D583F-StateMachineUpdater] INFO  impl.StateMachineUpdater (StateMachineUpdater.java:takeSnapshot(269)) - 82068b54-9744-4929-951d-196898e4ec33@group-A881902D583F-StateMachineUpdater: Took a snapshot at index 14
2019-11-14 00:33:00,812 [82068b54-9744-4929-951d-196898e4ec33@group-A881902D583F-StateMachineUpdater] INFO  impl.StateMachineUpdater (StateMachineUpdater.java:lambda$new$0(84)) - 82068b54-9744-4929-951d-196898e4ec33@group-A881902D583F-StateMachineUpdater: snapshotIndex: updateIncreasingly 14 -> 14
2019-11-14 00:33:00,812 [grpc-default-executor-17] INFO  impl.RaftServerImpl (ServerState.java:close(387)) - 82068b54-9744-4929-951d-196898e4ec33@group-A881902D583F: closes. applyIndex: 16
2019-11-14 00:33:00,812 [82068b54-9744-4929-951d-196898e4ec33@group-A881902D583F-SegmentedRaftLogWorker] INFO  segmented.SegmentedRaftLogWorker (SegmentedRaftLogWorker.java:run(316)) - 82068b54-9744-4929-951d-196898e4ec33@group-A881902D583F-SegmentedRaftLogWorker was interrupted, exiting. There are 0 tasks remaining in the queue.
2019-11-14 00:33:00,814 [grpc-default-executor-17] INFO  segmented.SegmentedRaftLogWorker (SegmentedRaftLogWorker.java:close(224)) - 82068b54-9744-4929-951d-196898e4ec33@group-A881902D583F-SegmentedRaftLogWorker close()
2019-11-14 00:33:00,857 [grpc-default-executor-17] INFO  interfaces.Container (KeyValueContainer.java:flushAndSyncDB(400)) - Container 1 is synced with bcsId 12.
2019-11-14 00:33:00,858 [grpc-default-executor-17] INFO  interfaces.Container (KeyValueContainer.java:flushAndSyncDB(400)) - Container 1 is synced with bcsId 12.
2019-11-14 00:33:00,870 [Thread-2329] INFO  pipeline.PipelineStateManager (PipelineStateManager.java:removePipeline(106)) - Pipeline Pipeline[ Id: d6397611-a672-4634-8b28-a881902d583f, Nodes: c0a90149-7086-438b-b575-a58c52a879cd{ip: 192.168.34.25, host: pr-hdds-2474-ghsjm-2904119463, networkLocation: /default-rack, certSerialId: null}75a811de-d3cd-4e06-b16e-b70ad37a4427{ip: 192.168.34.25, host: pr-hdds-2474-ghsjm-2904119463, networkLocation: /default-rack, certSerialId: null}82068b54-9744-4929-951d-196898e4ec33{ip: 192.168.34.25, host: pr-hdds-2474-ghsjm-2904119463, networkLocation: /default-rack, certSerialId: null}, Type:RATIS, Factor:THREE, State:CLOSED] removed from db
2019-11-14 00:33:00,870 [Thread-2329] INFO  pipeline.SCMPipelineManager (SCMPipelineManager.java:finalizeAndDestroyPipeline(315)) - destroying pipeline:Pipeline[ Id: c02d126c-79d7-413e-afae-11a3d5b26d51, Nodes: 599e9361-b00a-4387-8c81-1beb440b27b2{ip: 192.168.34.25, host: pr-hdds-2474-ghsjm-2904119463, networkLocation: /default-rack, certSerialId: null}, Type:RATIS, Factor:ONE, State:OPEN]
2019-11-14 00:33:00,880 [grpc-default-executor-15] INFO  impl.RaftServerProxy (RaftServerProxy.java:addNew(89)) - 82068b54-9744-4929-951d-196898e4ec33: addNew group-F07F0236B362:[82068b54-9744-4929-951d-196898e4ec33:192.168.34.25:45067, c0a90149-7086-438b-b575-a58c52a879cd:192.168.34.25:33958, 75a811de-d3cd-4e06-b16e-b70ad37a4427:192.168.34.25:45226] returns group-F07F0236B362:java.util.concurrent.CompletableFuture@3af43d37[Not completed]
2019-11-14 00:33:00,880 [grpc-default-executor-14] INFO  impl.RaftServerProxy (RaftServerProxy.java:addNew(89)) - c0a90149-7086-438b-b575-a58c52a879cd: addNew group-F07F0236B362:[82068b54-9744-4929-951d-196898e4ec33:192.168.34.25:45067, c0a90149-7086-438b-b575-a58c52a879cd:192.168.34.25:33958, 75a811de-d3cd-4e06-b16e-b70ad37a4427:192.168.34.25:45226] returns group-F07F0236B362:java.util.concurrent.CompletableFuture@3b59c174[Not completed]
2019-11-14 00:33:00,880 [grpc-default-executor-17] INFO  impl.RaftServerProxy (RaftServerProxy.java:addNew(89)) - 75a811de-d3cd-4e06-b16e-b70ad37a4427: addNew group-F07F0236B362:[82068b54-9744-4929-951d-196898e4ec33:192.168.34.25:45067, c0a90149-7086-438b-b575-a58c52a879cd:192.168.34.25:33958, 75a811de-d3cd-4e06-b16e-b70ad37a4427:192.168.34.25:45226] returns group-F07F0236B362:java.util.concurrent.CompletableFuture@2b10c9bd[Not completed]
2019-11-14 00:33:00,882 [pool-153-thread-1] INFO  impl.RaftServerImpl (RaftServerImpl.java:<init>(98)) - 75a811de-d3cd-4e06-b16e-b70ad37a4427: new RaftServerImpl for group-F07F0236B362:[82068b54-9744-4929-951d-196898e4ec33:192.168.34.25:45067, c0a90149-7086-438b-b575-a58c52a879cd:192.168.34.25:33958, 75a811de-d3cd-4e06-b16e-b70ad37a4427:192.168.34.25:45226] with ContainerStateMachine:uninitialized
2019-11-14 00:33:00,882 [pool-153-thread-1] INFO  server.RaftServerConfigKeys (ConfUtils.java:logGet(43)) - raft.server.rpc.timeout.min = 1s (custom)
2019-11-14 00:33:00,882 [pool-153-thread-1] INFO  server.RaftServerConfigKeys (ConfUtils.java:logGet(43)) - raft.server.rpc.timeout.max = 1200ms (custom)
2019-11-14 00:33:00,882 [pool-153-thread-1] INFO  server.RaftServerConfigKeys (ConfUtils.java:logGet(43)) - raft.server.rpcslowness.timeout = 120s (custom)
2019-11-14 00:33:00,882 [pool-153-thread-1] INFO  server.RaftServerConfigKeys (ConfUtils.java:logGet(43)) - raft.server.sleep.deviation.threshold = 300 (default)
2019-11-14 00:33:00,882 [pool-163-thread-1] INFO  impl.RaftServerImpl (RaftServerImpl.java:<init>(98)) - c0a90149-7086-438b-b575-a58c52a879cd: new RaftServerImpl for group-F07F0236B362:[82068b54-9744-4929-951d-196898e4ec33:192.168.34.25:45067, c0a90149-7086-438b-b575-a58c52a879cd:192.168.34.25:33958, 75a811de-d3cd-4e06-b16e-b70ad37a4427:192.168.34.25:45226] with ContainerStateMachine:uninitialized
2019-11-14 00:33:00,882 [pool-153-thread-1] INFO  server.RaftServerConfigKeys (ConfUtils.java:logGet(43)) - raft.server.log.appender.install.snapshot.enabled = false (custom)
2019-11-14 00:33:00,882 [pool-163-thread-1] INFO  server.RaftServerConfigKeys (ConfUtils.java:logGet(43)) - raft.server.rpc.timeout.min = 1s (custom)
2019-11-14 00:33:00,882 [pool-153-thread-1] INFO  impl.RaftServerImpl (ServerState.java:<init>(103)) - 75a811de-d3cd-4e06-b16e-b70ad37a4427@group-F07F0236B362: ConfigurationManager, init=-1: [82068b54-9744-4929-951d-196898e4ec33:192.168.34.25:45067, c0a90149-7086-438b-b575-a58c52a879cd:192.168.34.25:33958, 75a811de-d3cd-4e06-b16e-b70ad37a4427:192.168.34.25:45226], old=null, confs=<EMPTY_MAP>
2019-11-14 00:33:00,882 [pool-163-thread-1] INFO  server.RaftServerConfigKeys (ConfUtils.java:logGet(43)) - raft.server.rpc.timeout.max = 1200ms (custom)
2019-11-14 00:33:00,883 [pool-153-thread-1] INFO  server.RaftServerConfigKeys (ConfUtils.java:logGet(43)) - raft.server.storage.dir = [/workdir/hadoop-ozone/integration-test/target/test-dir/MiniOzoneClusterImpl-60470fcf-478e-41fe-85ae-08a0494ed2ed/datanode-0/data/ratis] (custom)
2019-11-14 00:33:00,883 [pool-173-thread-1] INFO  impl.RaftServerImpl (RaftServerImpl.java:<init>(98)) - 82068b54-9744-4929-951d-196898e4ec33: new RaftServerImpl for group-F07F0236B362:[82068b54-9744-4929-951d-196898e4ec33:192.168.34.25:45067, c0a90149-7086-438b-b575-a58c52a879cd:192.168.34.25:33958, 75a811de-d3cd-4e06-b16e-b70ad37a4427:192.168.34.25:45226] with ContainerStateMachine:uninitialized
2019-11-14 00:33:00,883 [pool-163-thread-1] INFO  server.RaftServerConfigKeys (ConfUtils.java:logGet(43)) - raft.server.rpcslowness.timeout = 120s (custom)
2019-11-14 00:33:00,883 [pool-153-thread-1] INFO  server.RaftServerConfigKeys (ConfUtils.java:logGet(43)) - raft.server.log.corruption.policy = EXCEPTION (default)
2019-11-14 00:33:00,883 [pool-173-thread-1] INFO  server.RaftServerConfigKeys (ConfUtils.java:logGet(43)) - raft.server.rpc.timeout.min = 1s (custom)
2019-11-14 00:33:00,883 [pool-163-thread-1] INFO  server.RaftServerConfigKeys (ConfUtils.java:logGet(43)) - raft.server.sleep.deviation.threshold = 300 (default)
2019-11-14 00:33:00,883 [pool-173-thread-1] INFO  server.RaftServerConfigKeys (ConfUtils.java:logGet(43)) - raft.server.rpc.timeout.max = 1200ms (custom)
2019-11-14 00:33:00,883 [pool-153-thread-1] INFO  storage.RaftStorageDirectory (RaftStorageDirectory.java:analyzeStorage(246)) - The storage directory /workdir/hadoop-ozone/integration-test/target/test-dir/MiniOzoneClusterImpl-60470fcf-478e-41fe-85ae-08a0494ed2ed/datanode-0/data/ratis/158f2323-0b61-4f77-b87f-f07f0236b362 does not exist. Creating ...
2019-11-14 00:33:00,883 [pool-173-thread-1] INFO  server.RaftServerConfigKeys (ConfUtils.java:logGet(43)) - raft.server.rpcslowness.timeout = 120s (custom)
2019-11-14 00:33:00,883 [pool-173-thread-1] INFO  server.RaftServerConfigKeys (ConfUtils.java:logGet(43)) - raft.server.sleep.deviation.threshold = 300 (default)
2019-11-14 00:33:00,883 [pool-173-thread-1] INFO  server.RaftServerConfigKeys (ConfUtils.java:logGet(43)) - raft.server.log.appender.install.snapshot.enabled = false (custom)
2019-11-14 00:33:00,883 [pool-173-thread-1] INFO  impl.RaftServerImpl (ServerState.java:<init>(103)) - 82068b54-9744-4929-951d-196898e4ec33@group-F07F0236B362: ConfigurationManager, init=-1: [82068b54-9744-4929-951d-196898e4ec33:192.168.34.25:45067, c0a90149-7086-438b-b575-a58c52a879cd:192.168.34.25:33958, 75a811de-d3cd-4e06-b16e-b70ad37a4427:192.168.34.25:45226], old=null, confs=<EMPTY_MAP>
2019-11-14 00:33:00,884 [pool-173-thread-1] INFO  server.RaftServerConfigKeys (ConfUtils.java:logGet(43)) - raft.server.storage.dir = [/workdir/hadoop-ozone/integration-test/target/test-dir/MiniOzoneClusterImpl-60470fcf-478e-41fe-85ae-08a0494ed2ed/datanode-2/data/ratis] (custom)
2019-11-14 00:33:00,883 [pool-163-thread-1] INFO  server.RaftServerConfigKeys (ConfUtils.java:logGet(43)) - raft.server.log.appender.install.snapshot.enabled = false (custom)
2019-11-14 00:33:00,884 [pool-173-thread-1] INFO  server.RaftServerConfigKeys (ConfUtils.java:logGet(43)) - raft.server.log.corruption.policy = EXCEPTION (default)
2019-11-14 00:33:00,884 [pool-163-thread-1] INFO  impl.RaftServerImpl (ServerState.java:<init>(103)) - c0a90149-7086-438b-b575-a58c52a879cd@group-F07F0236B362: ConfigurationManager, init=-1: [82068b54-9744-4929-951d-196898e4ec33:192.168.34.25:45067, c0a90149-7086-438b-b575-a58c52a879cd:192.168.34.25:33958, 75a811de-d3cd-4e06-b16e-b70ad37a4427:192.168.34.25:45226], old=null, confs=<EMPTY_MAP>
2019-11-14 00:33:00,884 [pool-173-thread-1] INFO  storage.RaftStorageDirectory (RaftStorageDirectory.java:analyzeStorage(246)) - The storage directory /workdir/hadoop-ozone/integration-test/target/test-dir/MiniOzoneClusterImpl-60470fcf-478e-41fe-85ae-08a0494ed2ed/datanode-2/data/ratis/158f2323-0b61-4f77-b87f-f07f0236b362 does not exist. Creating ...
2019-11-14 00:33:00,884 [pool-163-thread-1] INFO  server.RaftServerConfigKeys (ConfUtils.java:logGet(43)) - raft.server.storage.dir = [/workdir/hadoop-ozone/integration-test/target/test-dir/MiniOzoneClusterImpl-60470fcf-478e-41fe-85ae-08a0494ed2ed/datanode-1/data/ratis] (custom)
2019-11-14 00:33:00,884 [pool-163-thread-1] INFO  server.RaftServerConfigKeys (ConfUtils.java:logGet(43)) - raft.server.log.corruption.policy = EXCEPTION (default)
2019-11-14 00:33:00,884 [pool-163-thread-1] INFO  storage.RaftStorageDirectory (RaftStorageDirectory.java:analyzeStorage(246)) - The storage directory /workdir/hadoop-ozone/integration-test/target/test-dir/MiniOzoneClusterImpl-60470fcf-478e-41fe-85ae-08a0494ed2ed/datanode-1/data/ratis/158f2323-0b61-4f77-b87f-f07f0236b362 does not exist. Creating ...
2019-11-14 00:33:00,897 [pool-153-thread-1] INFO  storage.RaftStorageDirectory (RaftStorageDirectory.java:tryLock(328)) - Lock on /workdir/hadoop-ozone/integration-test/target/test-dir/MiniOzoneClusterImpl-60470fcf-478e-41fe-85ae-08a0494ed2ed/datanode-0/data/ratis/158f2323-0b61-4f77-b87f-f07f0236b362/in_use.lock acquired by nodename 4274@pr-hdds-2474-ghsjm-2904119463
2019-11-14 00:33:00,897 [pool-163-thread-1] INFO  storage.RaftStorageDirectory (RaftStorageDirectory.java:tryLock(328)) - Lock on /workdir/hadoop-ozone/integration-test/target/test-dir/MiniOzoneClusterImpl-60470fcf-478e-41fe-85ae-08a0494ed2ed/datanode-1/data/ratis/158f2323-0b61-4f77-b87f-f07f0236b362/in_use.lock acquired by nodename 4274@pr-hdds-2474-ghsjm-2904119463
2019-11-14 00:33:00,897 [pool-173-thread-1] INFO  storage.RaftStorageDirectory (RaftStorageDirectory.java:tryLock(328)) - Lock on /workdir/hadoop-ozone/integration-test/target/test-dir/MiniOzoneClusterImpl-60470fcf-478e-41fe-85ae-08a0494ed2ed/datanode-2/data/ratis/158f2323-0b61-4f77-b87f-f07f0236b362/in_use.lock acquired by nodename 4274@pr-hdds-2474-ghsjm-2904119463
2019-11-14 00:33:00,911 [pool-163-thread-1] INFO  storage.RaftStorage (RaftStorage.java:format(84)) - Storage directory /workdir/hadoop-ozone/integration-test/target/test-dir/MiniOzoneClusterImpl-60470fcf-478e-41fe-85ae-08a0494ed2ed/datanode-1/data/ratis/158f2323-0b61-4f77-b87f-f07f0236b362 has been successfully formatted.
2019-11-14 00:33:00,911 [pool-153-thread-1] INFO  storage.RaftStorage (RaftStorage.java:format(84)) - Storage directory /workdir/hadoop-ozone/integration-test/target/test-dir/MiniOzoneClusterImpl-60470fcf-478e-41fe-85ae-08a0494ed2ed/datanode-0/data/ratis/158f2323-0b61-4f77-b87f-f07f0236b362 has been successfully formatted.
2019-11-14 00:33:00,911 [pool-173-thread-1] INFO  storage.RaftStorage (RaftStorage.java:format(84)) - Storage directory /workdir/hadoop-ozone/integration-test/target/test-dir/MiniOzoneClusterImpl-60470fcf-478e-41fe-85ae-08a0494ed2ed/datanode-2/data/ratis/158f2323-0b61-4f77-b87f-f07f0236b362 has been successfully formatted.
2019-11-14 00:33:00,911 [pool-153-thread-1] INFO  ratis.ContainerStateMachine (ContainerStateMachine.java:loadSnapshot(223)) - group-F07F0236B362: The snapshot info is null. Setting the last applied indexto:(t:0, i:~)
2019-11-14 00:33:00,911 [pool-163-thread-1] INFO  ratis.ContainerStateMachine (ContainerStateMachine.java:loadSnapshot(223)) - group-F07F0236B362: The snapshot info is null. Setting the last applied indexto:(t:0, i:~)
2019-11-14 00:33:00,911 [pool-153-thread-1] INFO  server.RaftServerConfigKeys (ConfUtils.java:logGet(43)) - raft.server.notification.no-leader.timeout = 120s (custom)
2019-11-14 00:33:00,911 [pool-173-thread-1] INFO  ratis.ContainerStateMachine (ContainerStateMachine.java:loadSnapshot(223)) - group-F07F0236B362: The snapshot info is null. Setting the last applied indexto:(t:0, i:~)
2019-11-14 00:33:00,911 [pool-153-thread-1] INFO  server.RaftServerConfigKeys (ConfUtils.java:logGet(43)) - raft.server.log.use.memory = false (default)
2019-11-14 00:33:00,911 [pool-163-thread-1] INFO  server.RaftServerConfigKeys (ConfUtils.java:logGet(43)) - raft.server.notification.no-leader.timeout = 120s (custom)
2019-11-14 00:33:00,912 [pool-153-thread-1] INFO  server.RaftServerConfigKeys (ConfUtils.java:logGet(43)) - raft.server.log.purge.gap = 1000000 (custom)
2019-11-14 00:33:00,912 [pool-173-thread-1] INFO  server.RaftServerConfigKeys (ConfUtils.java:logGet(43)) - raft.server.notification.no-leader.timeout = 120s (custom)
2019-11-14 00:33:00,912 [pool-153-thread-1] INFO  server.RaftServerConfigKeys (ConfUtils.java:logGet(43)) - raft.server.log.appender.buffer.byte-limit = 33554432 (custom)
2019-11-14 00:33:00,912 [pool-163-thread-1] INFO  server.RaftServerConfigKeys (ConfUtils.java:logGet(43)) - raft.server.log.use.memory = false (default)
2019-11-14 00:33:00,912 [pool-153-thread-1] INFO  server.RaftServerConfigKeys (ConfUtils.java:logGet(43)) - raft.server.log.segment.size.max = 1048576 (custom)
2019-11-14 00:33:00,912 [pool-173-thread-1] INFO  server.RaftServerConfigKeys (ConfUtils.java:logGet(43)) - raft.server.log.use.memory = false (default)
2019-11-14 00:33:00,912 [pool-153-thread-1] INFO  server.RaftServerConfigKeys (ConfUtils.java:logGet(43)) - raft.server.log.segment.cache.num.max = 2 (custom)
2019-11-14 00:33:00,912 [pool-163-thread-1] INFO  server.RaftServerConfigKeys (ConfUtils.java:logGet(43)) - raft.server.log.purge.gap = 1000000 (custom)
2019-11-14 00:33:00,912 [pool-153-thread-1] INFO  segmented.SegmentedRaftLogWorker (SegmentedRaftLogWorker.java:<init>(173)) - new 75a811de-d3cd-4e06-b16e-b70ad37a4427@group-F07F0236B362-SegmentedRaftLogWorker for RaftStorage:Storage Directory /workdir/hadoop-ozone/integration-test/target/test-dir/MiniOzoneClusterImpl-60470fcf-478e-41fe-85ae-08a0494ed2ed/datanode-0/data/ratis/158f2323-0b61-4f77-b87f-f07f0236b362
2019-11-14 00:33:00,912 [pool-173-thread-1] INFO  server.RaftServerConfigKeys (ConfUtils.java:logGet(43)) - raft.server.log.purge.gap = 1000000 (custom)
2019-11-14 00:33:00,912 [pool-153-thread-1] INFO  server.RaftServerConfigKeys (ConfUtils.java:logGet(43)) - raft.server.log.queue.byte-limit = 2147483647 (custom)
2019-11-14 00:33:00,912 [pool-163-thread-1] INFO  server.RaftServerConfigKeys (ConfUtils.java:logGet(43)) - raft.server.log.appender.buffer.byte-limit = 33554432 (custom)
2019-11-14 00:33:00,913 [pool-153-thread-1] INFO  server.RaftServerConfigKeys (ConfUtils.java:logGet(43)) - raft.server.log.queue.element-limit = 1024 (custom)
2019-11-14 00:33:00,913 [pool-173-thread-1] INFO  server.RaftServerConfigKeys (ConfUtils.java:logGet(43)) - raft.server.log.appender.buffer.byte-limit = 33554432 (custom)
2019-11-14 00:33:00,913 [pool-153-thread-1] INFO  server.RaftServerConfigKeys (ConfUtils.java:logGet(43)) - raft.server.log.segment.size.max = 1048576 (custom)
2019-11-14 00:33:00,913 [pool-163-thread-1] INFO  server.RaftServerConfigKeys (ConfUtils.java:logGet(43)) - raft.server.log.segment.size.max = 1048576 (custom)
2019-11-14 00:33:00,913 [pool-153-thread-1] INFO  server.RaftServerConfigKeys (ConfUtils.java:logGet(43)) - raft.server.log.preallocated.size = 16384 (custom)
2019-11-14 00:33:00,913 [pool-173-thread-1] INFO  server.RaftServerConfigKeys (ConfUtils.java:logGet(43)) - raft.server.log.segment.size.max = 1048576 (custom)
2019-11-14 00:33:00,913 [pool-153-thread-1] INFO  server.RaftServerConfigKeys (ConfUtils.java:logGet(43)) - raft.server.log.write.buffer.size = 33554432 (custom)
2019-11-14 00:33:00,913 [pool-163-thread-1] INFO  server.RaftServerConfigKeys (ConfUtils.java:logGet(43)) - raft.server.log.segment.cache.num.max = 2 (custom)
2019-11-14 00:33:00,913 [pool-153-thread-1] INFO  server.RaftServerConfigKeys (ConfUtils.java:logGet(43)) - raft.server.log.force.sync.num = 128 (default)
2019-11-14 00:33:00,913 [pool-173-thread-1] INFO  server.RaftServerConfigKeys (ConfUtils.java:logGet(43)) - raft.server.log.segment.cache.num.max = 2 (custom)
2019-11-14 00:33:00,913 [pool-153-thread-1] INFO  server.RaftServerConfigKeys (ConfUtils.java:logGet(43)) - raft.server.log.statemachine.data.sync = true (default)
2019-11-14 00:33:00,913 [pool-163-thread-1] INFO  segmented.SegmentedRaftLogWorker (SegmentedRaftLogWorker.java:<init>(173)) - new c0a90149-7086-438b-b575-a58c52a879cd@group-F07F0236B362-SegmentedRaftLogWorker for RaftStorage:Storage Directory /workdir/hadoop-ozone/integration-test/target/test-dir/MiniOzoneClusterImpl-60470fcf-478e-41fe-85ae-08a0494ed2ed/datanode-1/data/ratis/158f2323-0b61-4f77-b87f-f07f0236b362
2019-11-14 00:33:00,914 [pool-153-thread-1] INFO  server.RaftServerConfigKeys (ConfUtils.java:logGet(43)) - raft.server.log.statemachine.data.sync.timeout = 10s (default)
2019-11-14 00:33:00,914 [pool-173-thread-1] INFO  segmented.SegmentedRaftLogWorker (SegmentedRaftLogWorker.java:<init>(173)) - new 82068b54-9744-4929-951d-196898e4ec33@group-F07F0236B362-SegmentedRaftLogWorker for RaftStorage:Storage Directory /workdir/hadoop-ozone/integration-test/target/test-dir/MiniOzoneClusterImpl-60470fcf-478e-41fe-85ae-08a0494ed2ed/datanode-2/data/ratis/158f2323-0b61-4f77-b87f-f07f0236b362
2019-11-14 00:33:00,914 [pool-153-thread-1] INFO  server.RaftServerConfigKeys (ConfUtils.java:logGet(43)) - raft.server.log.statemachine.data.sync.timeout.retry = -1 (default)
2019-11-14 00:33:00,914 [pool-163-thread-1] INFO  server.RaftServerConfigKeys (ConfUtils.java:logGet(43)) - raft.server.log.queue.byte-limit = 2147483647 (custom)
2019-11-14 00:33:00,914 [pool-173-thread-1] INFO  server.RaftServerConfigKeys (ConfUtils.java:logGet(43)) - raft.server.log.queue.byte-limit = 2147483647 (custom)
2019-11-14 00:33:00,914 [pool-163-thread-1] INFO  server.RaftServerConfigKeys (ConfUtils.java:logGet(43)) - raft.server.log.queue.element-limit = 1024 (custom)
2019-11-14 00:33:00,914 [pool-153-thread-1] INFO  server.RaftServerConfigKeys (ConfUtils.java:logGet(43)) - raft.server.log.statemachine.data.caching.enabled = true (custom)
2019-11-14 00:33:00,914 [pool-163-thread-1] INFO  server.RaftServerConfigKeys (ConfUtils.java:logGet(43)) - raft.server.log.segment.size.max = 1048576 (custom)
2019-11-14 00:33:00,914 [pool-173-thread-1] INFO  server.RaftServerConfigKeys (ConfUtils.java:logGet(43)) - raft.server.log.queue.element-limit = 1024 (custom)
2019-11-14 00:33:00,914 [pool-153-thread-1] INFO  segmented.SegmentedRaftLogWorker (SegmentedRaftLogWorker.java:lambda$new$0(128)) - 75a811de-d3cd-4e06-b16e-b70ad37a4427@group-F07F0236B362-SegmentedRaftLogWorker: flushIndex: setUnconditionally 0 -> -1
2019-11-14 00:33:00,914 [pool-163-thread-1] INFO  server.RaftServerConfigKeys (ConfUtils.java:logGet(43)) - raft.server.log.preallocated.size = 16384 (custom)
2019-11-14 00:33:00,915 [pool-173-thread-1] INFO  server.RaftServerConfigKeys (ConfUtils.java:logGet(43)) - raft.server.log.segment.size.max = 1048576 (custom)
2019-11-14 00:33:00,915 [pool-153-thread-1] INFO  server.RaftServerConfigKeys (ConfUtils.java:logGet(43)) - raft.server.snapshot.auto.trigger.enabled = true (custom)
2019-11-14 00:33:00,915 [pool-163-thread-1] INFO  server.RaftServerConfigKeys (ConfUtils.java:logGet(43)) - raft.server.log.write.buffer.size = 33554432 (custom)
2019-11-14 00:33:00,915 [pool-153-thread-1] INFO  server.RaftServerConfigKeys (ConfUtils.java:logGet(43)) - raft.server.snapshot.auto.trigger.threshold = 10000 (custom)
2019-11-14 00:33:00,915 [pool-173-thread-1] INFO  server.RaftServerConfigKeys (ConfUtils.java:logGet(43)) - raft.server.log.preallocated.size = 16384 (custom)
2019-11-14 00:33:00,915 [pool-153-thread-1] INFO  server.RaftServerConfigKeys (ConfUtils.java:logGet(43)) - raft.server.snapshot.retention.file.num = 5 (custom)
2019-11-14 00:33:00,915 [pool-163-thread-1] INFO  server.RaftServerConfigKeys (ConfUtils.java:logGet(43)) - raft.server.log.force.sync.num = 128 (default)
2019-11-14 00:33:00,915 [pool-153-thread-1] INFO  server.RaftServerConfigKeys (ConfUtils.java:logGet(43)) - raft.server.retrycache.expirytime = 600000ms (custom)
2019-11-14 00:33:00,915 [pool-173-thread-1] INFO  server.RaftServerConfigKeys (ConfUtils.java:logGet(43)) - raft.server.log.write.buffer.size = 33554432 (custom)
2019-11-14 00:33:00,915 [pool-153-thread-1] WARN  impl.MetricRegistriesImpl (MetricRegistriesImpl.java:lambda$create$1(61)) - First MetricRegistry has been created without registering reporters. You may need to call MetricRegistries.global().addReportRegistration(...) before.
2019-11-14 00:33:00,915 [pool-163-thread-1] INFO  server.RaftServerConfigKeys (ConfUtils.java:logGet(43)) - raft.server.log.statemachine.data.sync = true (default)
2019-11-14 00:33:00,916 [pool-153-thread-1] WARN  impl.MetricRegistriesImpl (MetricRegistriesImpl.java:lambda$create$1(61)) - First MetricRegistry has been created without registering reporters. You may need to call MetricRegistries.global().addReportRegistration(...) before.
2019-11-14 00:33:00,915 [pool-173-thread-1] INFO  server.RaftServerConfigKeys (ConfUtils.java:logGet(43)) - raft.server.log.force.sync.num = 128 (default)
2019-11-14 00:33:00,916 [pool-153-thread-1] INFO  impl.RaftServerImpl (RaftServerImpl.java:start(184)) - 75a811de-d3cd-4e06-b16e-b70ad37a4427@group-F07F0236B362: start as a follower, conf=-1: [82068b54-9744-4929-951d-196898e4ec33:192.168.34.25:45067, c0a90149-7086-438b-b575-a58c52a879cd:192.168.34.25:33958, 75a811de-d3cd-4e06-b16e-b70ad37a4427:192.168.34.25:45226], old=null
2019-11-14 00:33:00,916 [pool-163-thread-1] INFO  server.RaftServerConfigKeys (ConfUtils.java:logGet(43)) - raft.server.log.statemachine.data.sync.timeout = 10s (default)
2019-11-14 00:33:00,916 [pool-153-thread-1] INFO  impl.RaftServerImpl (RaftServerImpl.java:setRole(173)) - 75a811de-d3cd-4e06-b16e-b70ad37a4427@group-F07F0236B362: changes role from      null to FOLLOWER at term 0 for startAsFollower
2019-11-14 00:33:00,916 [pool-173-thread-1] INFO  server.RaftServerConfigKeys (ConfUtils.java:logGet(43)) - raft.server.log.statemachine.data.sync = true (default)
2019-11-14 00:33:00,916 [pool-153-thread-1] INFO  impl.RoleInfo (RoleInfo.java:updateAndGet(143)) - 75a811de-d3cd-4e06-b16e-b70ad37a4427: start FollowerState
2019-11-14 00:33:00,916 [pool-163-thread-1] INFO  server.RaftServerConfigKeys (ConfUtils.java:logGet(43)) - raft.server.log.statemachine.data.sync.timeout.retry = -1 (default)
2019-11-14 00:33:00,916 [pool-173-thread-1] INFO  server.RaftServerConfigKeys (ConfUtils.java:logGet(43)) - raft.server.log.statemachine.data.sync.timeout = 10s (default)
2019-11-14 00:33:00,916 [pool-163-thread-1] INFO  server.RaftServerConfigKeys (ConfUtils.java:logGet(43)) - raft.server.log.statemachine.data.caching.enabled = true (custom)
2019-11-14 00:33:00,916 [pool-153-thread-1] INFO  util.JmxRegister (JmxRegister.java:tryRegister(44)) - Successfully registered JMX Bean with object name Ratis:service=RaftServer,group=group-F07F0236B362,id=75a811de-d3cd-4e06-b16e-b70ad37a4427
2019-11-14 00:33:00,916 [pool-173-thread-1] INFO  server.RaftServerConfigKeys (ConfUtils.java:logGet(43)) - raft.server.log.statemachine.data.sync.timeout.retry = -1 (default)
2019-11-14 00:33:00,917 [pool-163-thread-1] INFO  segmented.SegmentedRaftLogWorker (SegmentedRaftLogWorker.java:lambda$new$0(128)) - c0a90149-7086-438b-b575-a58c52a879cd@group-F07F0236B362-SegmentedRaftLogWorker: flushIndex: setUnconditionally 0 -> -1
2019-11-14 00:33:00,916 [pool-153-thread-1] WARN  impl.MetricRegistriesImpl (MetricRegistriesImpl.java:lambda$create$1(61)) - First MetricRegistry has been created without registering reporters. You may need to call MetricRegistries.global().addReportRegistration(...) before.
2019-11-14 00:33:00,917 [pool-173-thread-1] INFO  server.RaftServerConfigKeys (ConfUtils.java:logGet(43)) - raft.server.log.statemachine.data.caching.enabled = true (custom)
2019-11-14 00:33:00,917 [pool-163-thread-1] INFO  server.RaftServerConfigKeys (ConfUtils.java:logGet(43)) - raft.server.snapshot.auto.trigger.enabled = true (custom)
2019-11-14 00:33:00,917 [pool-163-thread-1] INFO  server.RaftServerConfigKeys (ConfUtils.java:logGet(43)) - raft.server.snapshot.auto.trigger.threshold = 10000 (custom)
2019-11-14 00:33:00,917 [pool-173-thread-1] INFO  segmented.SegmentedRaftLogWorker (SegmentedRaftLogWorker.java:lambda$new$0(128)) - 82068b54-9744-4929-951d-196898e4ec33@group-F07F0236B362-SegmentedRaftLogWorker: flushIndex: setUnconditionally 0 -> -1
2019-11-14 00:33:00,917 [pool-163-thread-1] INFO  server.RaftServerConfigKeys (ConfUtils.java:logGet(43)) - raft.server.snapshot.retention.file.num = 5 (custom)
2019-11-14 00:33:00,919 [pool-163-thread-1] INFO  server.RaftServerConfigKeys (ConfUtils.java:logGet(43)) - raft.server.retrycache.expirytime = 600000ms (custom)
2019-11-14 00:33:00,919 [pool-173-thread-1] INFO  server.RaftServerConfigKeys (ConfUtils.java:logGet(43)) - raft.server.snapshot.auto.trigger.enabled = true (custom)
2019-11-14 00:33:00,919 [pool-163-thread-1] WARN  impl.MetricRegistriesImpl (MetricRegistriesImpl.java:lambda$create$1(61)) - First MetricRegistry has been created without registering reporters. You may need to call MetricRegistries.global().addReportRegistration(...) before.
2019-11-14 00:33:00,920 [pool-173-thread-1] INFO  server.RaftServerConfigKeys (ConfUtils.java:logGet(43)) - raft.server.snapshot.auto.trigger.threshold = 10000 (custom)
2019-11-14 00:33:00,920 [pool-163-thread-1] WARN  impl.MetricRegistriesImpl (MetricRegistriesImpl.java:lambda$create$1(61)) - First MetricRegistry has been created without registering reporters. You may need to call MetricRegistries.global().addReportRegistration(...) before.
2019-11-14 00:33:00,920 [pool-173-thread-1] INFO  server.RaftServerConfigKeys (ConfUtils.java:logGet(43)) - raft.server.snapshot.retention.file.num = 5 (custom)
2019-11-14 00:33:00,920 [pool-163-thread-1] INFO  impl.RaftServerImpl (RaftServerImpl.java:start(184)) - c0a90149-7086-438b-b575-a58c52a879cd@group-F07F0236B362: start as a follower, conf=-1: [82068b54-9744-4929-951d-196898e4ec33:192.168.34.25:45067, c0a90149-7086-438b-b575-a58c52a879cd:192.168.34.25:33958, 75a811de-d3cd-4e06-b16e-b70ad37a4427:192.168.34.25:45226], old=null
2019-11-14 00:33:00,920 [pool-173-thread-1] INFO  server.RaftServerConfigKeys (ConfUtils.java:logGet(43)) - raft.server.retrycache.expirytime = 600000ms (custom)
2019-11-14 00:33:00,920 [pool-163-thread-1] INFO  impl.RaftServerImpl (RaftServerImpl.java:setRole(173)) - c0a90149-7086-438b-b575-a58c52a879cd@group-F07F0236B362: changes role from      null to FOLLOWER at term 0 for startAsFollower
2019-11-14 00:33:00,920 [pool-173-thread-1] WARN  impl.MetricRegistriesImpl (MetricRegistriesImpl.java:lambda$create$1(61)) - First MetricRegistry has been created without registering reporters. You may need to call MetricRegistries.global().addReportRegistration(...) before.
2019-11-14 00:33:00,920 [pool-163-thread-1] INFO  impl.RoleInfo (RoleInfo.java:updateAndGet(143)) - c0a90149-7086-438b-b575-a58c52a879cd: start FollowerState
2019-11-14 00:33:00,921 [pool-173-thread-1] WARN  impl.MetricRegistriesImpl (MetricRegistriesImpl.java:lambda$create$1(61)) - First MetricRegistry has been created without registering reporters. You may need to call MetricRegistries.global().addReportRegistration(...) before.
2019-11-14 00:33:00,921 [pool-173-thread-1] INFO  impl.RaftServerImpl (RaftServerImpl.java:start(184)) - 82068b54-9744-4929-951d-196898e4ec33@group-F07F0236B362: start as a follower, conf=-1: [82068b54-9744-4929-951d-196898e4ec33:192.168.34.25:45067, c0a90149-7086-438b-b575-a58c52a879cd:192.168.34.25:33958, 75a811de-d3cd-4e06-b16e-b70ad37a4427:192.168.34.25:45226], old=null
2019-11-14 00:33:00,921 [pool-163-thread-1] INFO  util.JmxRegister (JmxRegister.java:tryRegister(44)) - Successfully registered JMX Bean with object name Ratis:service=RaftServer,group=group-F07F0236B362,id=c0a90149-7086-438b-b575-a58c52a879cd
2019-11-14 00:33:00,921 [pool-173-thread-1] INFO  impl.RaftServerImpl (RaftServerImpl.java:setRole(173)) - 82068b54-9744-4929-951d-196898e4ec33@group-F07F0236B362: changes role from      null to FOLLOWER at term 0 for startAsFollower
2019-11-14 00:33:00,921 [pool-163-thread-1] WARN  impl.MetricRegistriesImpl (MetricRegistriesImpl.java:lambda$create$1(61)) - First MetricRegistry has been created without registering reporters. You may need to call MetricRegistries.global().addReportRegistration(...) before.
2019-11-14 00:33:00,921 [pool-173-thread-1] INFO  impl.RoleInfo (RoleInfo.java:updateAndGet(143)) - 82068b54-9744-4929-951d-196898e4ec33: start FollowerState
2019-11-14 00:33:00,922 [pool-173-thread-1] INFO  util.JmxRegister (JmxRegister.java:tryRegister(44)) - Successfully registered JMX Bean with object name Ratis:service=RaftServer,group=group-F07F0236B362,id=82068b54-9744-4929-951d-196898e4ec33
2019-11-14 00:33:00,922 [pool-173-thread-1] WARN  impl.MetricRegistriesImpl (MetricRegistriesImpl.java:lambda$create$1(61)) - First MetricRegistry has been created without registering reporters. You may need to call MetricRegistries.global().addReportRegistration(...) before.
2019-11-14 00:33:00,924 [RatisPipelineUtilsThread] INFO  pipeline.PipelineStateManager (PipelineStateManager.java:addPipeline(55)) - Created pipeline Pipeline[ Id: 158f2323-0b61-4f77-b87f-f07f0236b362, Nodes: c0a90149-7086-438b-b575-a58c52a879cd{ip: 192.168.34.25, host: pr-hdds-2474-ghsjm-2904119463, networkLocation: /default-rack, certSerialId: null}75a811de-d3cd-4e06-b16e-b70ad37a4427{ip: 192.168.34.25, host: pr-hdds-2474-ghsjm-2904119463, networkLocation: /default-rack, certSerialId: null}82068b54-9744-4929-951d-196898e4ec33{ip: 192.168.34.25, host: pr-hdds-2474-ghsjm-2904119463, networkLocation: /default-rack, certSerialId: null}, Type:RATIS, Factor:THREE, State:ALLOCATED]
2019-11-14 00:33:00,924 [Thread-2329] INFO  pipeline.PipelineStateManager (PipelineStateManager.java:finalizePipeline(121)) - Pipeline Pipeline[ Id: c02d126c-79d7-413e-afae-11a3d5b26d51, Nodes: 599e9361-b00a-4387-8c81-1beb440b27b2{ip: 192.168.34.25, host: pr-hdds-2474-ghsjm-2904119463, networkLocation: /default-rack, certSerialId: null}, Type:RATIS, Factor:ONE, State:CLOSED] moved to CLOSED state
2019-11-14 00:33:00,928 [grpc-default-executor-17] INFO  impl.RaftServerProxy (RaftServerProxy.java:remove(95)) - 599e9361-b00a-4387-8c81-1beb440b27b2: remove    LEADER 599e9361-b00a-4387-8c81-1beb440b27b2@group-11A3D5B26D51:t1, leader=599e9361-b00a-4387-8c81-1beb440b27b2, voted=599e9361-b00a-4387-8c81-1beb440b27b2, raftlog=599e9361-b00a-4387-8c81-1beb440b27b2@group-11A3D5B26D51-SegmentedRaftLog:OPENED:c0,f0,i0, conf=0: [599e9361-b00a-4387-8c81-1beb440b27b2:192.168.34.25:40470], old=null RUNNING
2019-11-14 00:33:00,928 [grpc-default-executor-17] INFO  impl.RaftServerImpl (RaftServerImpl.java:lambda$shutdown$3(250)) - 599e9361-b00a-4387-8c81-1beb440b27b2@group-11A3D5B26D51: shutdown
2019-11-14 00:33:00,928 [grpc-default-executor-17] INFO  util.JmxRegister (JmxRegister.java:unregister(73)) - Successfully un-registered JMX Bean with object name Ratis:service=RaftServer,group=group-11A3D5B26D51,id=599e9361-b00a-4387-8c81-1beb440b27b2
2019-11-14 00:33:00,929 [grpc-default-executor-17] INFO  impl.RoleInfo (RoleInfo.java:shutdownLeaderState(104)) - 599e9361-b00a-4387-8c81-1beb440b27b2: shutdown LeaderState
2019-11-14 00:33:00,929 [grpc-default-executor-17] INFO  impl.PendingRequests (PendingRequests.java:sendNotLeaderResponses(206)) - 599e9361-b00a-4387-8c81-1beb440b27b2@group-11A3D5B26D51-PendingRequests: sendNotLeaderResponses
2019-11-14 00:33:00,929 [grpc-default-executor-17] INFO  impl.StateMachineUpdater (StateMachineUpdater.java:stopAndJoin(136)) - 599e9361-b00a-4387-8c81-1beb440b27b2@group-11A3D5B26D51-StateMachineUpdater: set stopIndex = 0
2019-11-14 00:33:00,929 [grpc-default-executor-17] INFO  impl.RaftServerImpl (ServerState.java:close(387)) - 599e9361-b00a-4387-8c81-1beb440b27b2@group-11A3D5B26D51: closes. applyIndex: 0
2019-11-14 00:33:00,929 [599e9361-b00a-4387-8c81-1beb440b27b2@group-11A3D5B26D51-SegmentedRaftLogWorker] INFO  segmented.SegmentedRaftLogWorker (SegmentedRaftLogWorker.java:run(316)) - 599e9361-b00a-4387-8c81-1beb440b27b2@group-11A3D5B26D51-SegmentedRaftLogWorker was interrupted, exiting. There are 0 tasks remaining in the queue.
2019-11-14 00:33:00,930 [grpc-default-executor-17] INFO  segmented.SegmentedRaftLogWorker (SegmentedRaftLogWorker.java:close(224)) - 599e9361-b00a-4387-8c81-1beb440b27b2@group-11A3D5B26D51-SegmentedRaftLogWorker close()
2019-11-14 00:33:00,935 [Thread-2329] INFO  pipeline.PipelineStateManager (PipelineStateManager.java:removePipeline(106)) - Pipeline Pipeline[ Id: c02d126c-79d7-413e-afae-11a3d5b26d51, Nodes: 599e9361-b00a-4387-8c81-1beb440b27b2{ip: 192.168.34.25, host: pr-hdds-2474-ghsjm-2904119463, networkLocation: /default-rack, certSerialId: null}, Type:RATIS, Factor:ONE, State:CLOSED] removed from db
2019-11-14 00:33:00,936 [Thread-2329] INFO  pipeline.SCMPipelineManager (SCMPipelineManager.java:finalizeAndDestroyPipeline(315)) - destroying pipeline:Pipeline[ Id: 8051068c-611d-4547-a1d1-686b42cd3298, Nodes: 75a811de-d3cd-4e06-b16e-b70ad37a4427{ip: 192.168.34.25, host: pr-hdds-2474-ghsjm-2904119463, networkLocation: /default-rack, certSerialId: null}, Type:RATIS, Factor:ONE, State:OPEN]
2019-11-14 00:33:00,936 [Thread-2329] INFO  pipeline.PipelineStateManager (PipelineStateManager.java:finalizePipeline(121)) - Pipeline Pipeline[ Id: 8051068c-611d-4547-a1d1-686b42cd3298, Nodes: 75a811de-d3cd-4e06-b16e-b70ad37a4427{ip: 192.168.34.25, host: pr-hdds-2474-ghsjm-2904119463, networkLocation: /default-rack, certSerialId: null}, Type:RATIS, Factor:ONE, State:CLOSED] moved to CLOSED state
2019-11-14 00:33:00,939 [grpc-default-executor-14] INFO  impl.RaftServerProxy (RaftServerProxy.java:remove(95)) - 75a811de-d3cd-4e06-b16e-b70ad37a4427: remove    LEADER 75a811de-d3cd-4e06-b16e-b70ad37a4427@group-686B42CD3298:t1, leader=75a811de-d3cd-4e06-b16e-b70ad37a4427, voted=75a811de-d3cd-4e06-b16e-b70ad37a4427, raftlog=75a811de-d3cd-4e06-b16e-b70ad37a4427@group-686B42CD3298-SegmentedRaftLog:OPENED:c0,f0,i0, conf=0: [75a811de-d3cd-4e06-b16e-b70ad37a4427:192.168.34.25:45226], old=null RUNNING
2019-11-14 00:33:00,940 [grpc-default-executor-14] INFO  impl.RaftServerImpl (RaftServerImpl.java:lambda$shutdown$3(250)) - 75a811de-d3cd-4e06-b16e-b70ad37a4427@group-686B42CD3298: shutdown
2019-11-14 00:33:00,940 [grpc-default-executor-17] INFO  impl.RaftServerProxy (RaftServerProxy.java:addNew(89)) - 599e9361-b00a-4387-8c81-1beb440b27b2: addNew group-0BC801716B22:[599e9361-b00a-4387-8c81-1beb440b27b2:192.168.34.25:40470] returns group-0BC801716B22:java.util.concurrent.CompletableFuture@75926496[Not completed]
2019-11-14 00:33:00,940 [grpc-default-executor-14] INFO  util.JmxRegister (JmxRegister.java:unregister(73)) - Successfully un-registered JMX Bean with object name Ratis:service=RaftServer,group=group-686B42CD3298,id=75a811de-d3cd-4e06-b16e-b70ad37a4427
2019-11-14 00:33:00,940 [grpc-default-executor-14] INFO  impl.RoleInfo (RoleInfo.java:shutdownLeaderState(104)) - 75a811de-d3cd-4e06-b16e-b70ad37a4427: shutdown LeaderState
2019-11-14 00:33:00,940 [grpc-default-executor-14] INFO  impl.PendingRequests (PendingRequests.java:sendNotLeaderResponses(206)) - 75a811de-d3cd-4e06-b16e-b70ad37a4427@group-686B42CD3298-PendingRequests: sendNotLeaderResponses
2019-11-14 00:33:00,940 [grpc-default-executor-14] INFO  impl.StateMachineUpdater (StateMachineUpdater.java:stopAndJoin(136)) - 75a811de-d3cd-4e06-b16e-b70ad37a4427@group-686B42CD3298-StateMachineUpdater: set stopIndex = 0
2019-11-14 00:33:00,941 [grpc-default-executor-14] INFO  impl.RaftServerImpl (ServerState.java:close(387)) - 75a811de-d3cd-4e06-b16e-b70ad37a4427@group-686B42CD3298: closes. applyIndex: 0
2019-11-14 00:33:00,941 [75a811de-d3cd-4e06-b16e-b70ad37a4427@group-686B42CD3298-SegmentedRaftLogWorker] INFO  segmented.SegmentedRaftLogWorker (SegmentedRaftLogWorker.java:run(316)) - 75a811de-d3cd-4e06-b16e-b70ad37a4427@group-686B42CD3298-SegmentedRaftLogWorker was interrupted, exiting. There are 0 tasks remaining in the queue.
2019-11-14 00:33:00,941 [pool-183-thread-1] INFO  impl.RaftServerImpl (RaftServerImpl.java:<init>(98)) - 599e9361-b00a-4387-8c81-1beb440b27b2: new RaftServerImpl for group-0BC801716B22:[599e9361-b00a-4387-8c81-1beb440b27b2:192.168.34.25:40470] with ContainerStateMachine:uninitialized
2019-11-14 00:33:00,941 [grpc-default-executor-14] INFO  segmented.SegmentedRaftLogWorker (SegmentedRaftLogWorker.java:close(224)) - 75a811de-d3cd-4e06-b16e-b70ad37a4427@group-686B42CD3298-SegmentedRaftLogWorker close()
2019-11-14 00:33:00,941 [pool-183-thread-1] INFO  server.RaftServerConfigKeys (ConfUtils.java:logGet(43)) - raft.server.rpc.timeout.min = 1s (custom)
2019-11-14 00:33:00,944 [pool-183-thread-1] INFO  server.RaftServerConfigKeys (ConfUtils.java:logGet(43)) - raft.server.rpc.timeout.max = 1200ms (custom)
2019-11-14 00:33:00,944 [pool-183-thread-1] INFO  server.RaftServerConfigKeys (ConfUtils.java:logGet(43)) - raft.server.rpcslowness.timeout = 120s (custom)
2019-11-14 00:33:00,944 [pool-183-thread-1] INFO  server.RaftServerConfigKeys (ConfUtils.java:logGet(43)) - raft.server.sleep.deviation.threshold = 300 (default)
2019-11-14 00:33:00,944 [pool-183-thread-1] INFO  server.RaftServerConfigKeys (ConfUtils.java:logGet(43)) - raft.server.log.appender.install.snapshot.enabled = false (custom)
2019-11-14 00:33:00,944 [pool-183-thread-1] INFO  impl.RaftServerImpl (ServerState.java:<init>(103)) - 599e9361-b00a-4387-8c81-1beb440b27b2@group-0BC801716B22: ConfigurationManager, init=-1: [599e9361-b00a-4387-8c81-1beb440b27b2:192.168.34.25:40470], old=null, confs=<EMPTY_MAP>
2019-11-14 00:33:00,945 [pool-183-thread-1] INFO  server.RaftServerConfigKeys (ConfUtils.java:logGet(43)) - raft.server.storage.dir = [/workdir/hadoop-ozone/integration-test/target/test-dir/MiniOzoneClusterImpl-60470fcf-478e-41fe-85ae-08a0494ed2ed/datanode-3/data/ratis] (custom)
2019-11-14 00:33:00,945 [pool-183-thread-1] INFO  server.RaftServerConfigKeys (ConfUtils.java:logGet(43)) - raft.server.log.corruption.policy = EXCEPTION (default)
2019-11-14 00:33:00,945 [pool-183-thread-1] INFO  storage.RaftStorageDirectory (RaftStorageDirectory.java:analyzeStorage(246)) - The storage directory /workdir/hadoop-ozone/integration-test/target/test-dir/MiniOzoneClusterImpl-60470fcf-478e-41fe-85ae-08a0494ed2ed/datanode-3/data/ratis/b8ee7cf4-0312-4dba-a43f-0bc801716b22 does not exist. Creating ...
2019-11-14 00:33:00,959 [pool-183-thread-1] INFO  storage.RaftStorageDirectory (RaftStorageDirectory.java:tryLock(328)) - Lock on /workdir/hadoop-ozone/integration-test/target/test-dir/MiniOzoneClusterImpl-60470fcf-478e-41fe-85ae-08a0494ed2ed/datanode-3/data/ratis/b8ee7cf4-0312-4dba-a43f-0bc801716b22/in_use.lock acquired by nodename 4274@pr-hdds-2474-ghsjm-2904119463
2019-11-14 00:33:00,972 [pool-183-thread-1] INFO  storage.RaftStorage (RaftStorage.java:format(84)) - Storage directory /workdir/hadoop-ozone/integration-test/target/test-dir/MiniOzoneClusterImpl-60470fcf-478e-41fe-85ae-08a0494ed2ed/datanode-3/data/ratis/b8ee7cf4-0312-4dba-a43f-0bc801716b22 has been successfully formatted.
2019-11-14 00:33:00,972 [pool-183-thread-1] INFO  ratis.ContainerStateMachine (ContainerStateMachine.java:loadSnapshot(223)) - group-0BC801716B22: The snapshot info is null. Setting the last applied indexto:(t:0, i:~)
2019-11-14 00:33:00,973 [pool-183-thread-1] INFO  server.RaftServerConfigKeys (ConfUtils.java:logGet(43)) - raft.server.notification.no-leader.timeout = 120s (custom)
2019-11-14 00:33:00,973 [pool-183-thread-1] INFO  server.RaftServerConfigKeys (ConfUtils.java:logGet(43)) - raft.server.log.use.memory = false (default)
2019-11-14 00:33:00,973 [pool-183-thread-1] INFO  server.RaftServerConfigKeys (ConfUtils.java:logGet(43)) - raft.server.log.purge.gap = 1000000 (custom)
2019-11-14 00:33:00,973 [pool-183-thread-1] INFO  server.RaftServerConfigKeys (ConfUtils.java:logGet(43)) - raft.server.log.appender.buffer.byte-limit = 33554432 (custom)
2019-11-14 00:33:00,973 [pool-183-thread-1] INFO  server.RaftServerConfigKeys (ConfUtils.java:logGet(43)) - raft.server.log.segment.size.max = 1048576 (custom)
2019-11-14 00:33:00,973 [pool-183-thread-1] INFO  server.RaftServerConfigKeys (ConfUtils.java:logGet(43)) - raft.server.log.segment.cache.num.max = 2 (custom)
2019-11-14 00:33:00,973 [pool-183-thread-1] INFO  segmented.SegmentedRaftLogWorker (SegmentedRaftLogWorker.java:<init>(173)) - new 599e9361-b00a-4387-8c81-1beb440b27b2@group-0BC801716B22-SegmentedRaftLogWorker for RaftStorage:Storage Directory /workdir/hadoop-ozone/integration-test/target/test-dir/MiniOzoneClusterImpl-60470fcf-478e-41fe-85ae-08a0494ed2ed/datanode-3/data/ratis/b8ee7cf4-0312-4dba-a43f-0bc801716b22
2019-11-14 00:33:00,974 [pool-183-thread-1] INFO  server.RaftServerConfigKeys (ConfUtils.java:logGet(43)) - raft.server.log.queue.byte-limit = 2147483647 (custom)
2019-11-14 00:33:00,974 [pool-183-thread-1] INFO  server.RaftServerConfigKeys (ConfUtils.java:logGet(43)) - raft.server.log.queue.element-limit = 1024 (custom)
2019-11-14 00:33:00,974 [pool-183-thread-1] INFO  server.RaftServerConfigKeys (ConfUtils.java:logGet(43)) - raft.server.log.segment.size.max = 1048576 (custom)
2019-11-14 00:33:00,974 [pool-183-thread-1] INFO  server.RaftServerConfigKeys (ConfUtils.java:logGet(43)) - raft.server.log.preallocated.size = 16384 (custom)
2019-11-14 00:33:00,974 [pool-183-thread-1] INFO  server.RaftServerConfigKeys (ConfUtils.java:logGet(43)) - raft.server.log.write.buffer.size = 33554432 (custom)
2019-11-14 00:33:00,974 [pool-183-thread-1] INFO  server.RaftServerConfigKeys (ConfUtils.java:logGet(43)) - raft.server.log.force.sync.num = 128 (default)
2019-11-14 00:33:00,974 [pool-183-thread-1] INFO  server.RaftServerConfigKeys (ConfUtils.java:logGet(43)) - raft.server.log.statemachine.data.sync = true (default)
2019-11-14 00:33:00,974 [pool-183-thread-1] INFO  server.RaftServerConfigKeys (ConfUtils.java:logGet(43)) - raft.server.log.statemachine.data.sync.timeout = 10s (default)
2019-11-14 00:33:00,974 [pool-183-thread-1] INFO  server.RaftServerConfigKeys (ConfUtils.java:logGet(43)) - raft.server.log.statemachine.data.sync.timeout.retry = -1 (default)
2019-11-14 00:33:00,975 [pool-183-thread-1] INFO  server.RaftServerConfigKeys (ConfUtils.java:logGet(43)) - raft.server.log.statemachine.data.caching.enabled = true (custom)
2019-11-14 00:33:00,975 [pool-183-thread-1] INFO  segmented.SegmentedRaftLogWorker (SegmentedRaftLogWorker.java:lambda$new$0(128)) - 599e9361-b00a-4387-8c81-1beb440b27b2@group-0BC801716B22-SegmentedRaftLogWorker: flushIndex: setUnconditionally 0 -> -1
2019-11-14 00:33:00,975 [pool-183-thread-1] INFO  server.RaftServerConfigKeys (ConfUtils.java:logGet(43)) - raft.server.snapshot.auto.trigger.enabled = true (custom)
2019-11-14 00:33:00,975 [pool-183-thread-1] INFO  server.RaftServerConfigKeys (ConfUtils.java:logGet(43)) - raft.server.snapshot.auto.trigger.threshold = 10000 (custom)
2019-11-14 00:33:00,975 [pool-183-thread-1] INFO  server.RaftServerConfigKeys (ConfUtils.java:logGet(43)) - raft.server.snapshot.retention.file.num = 5 (custom)
2019-11-14 00:33:00,976 [pool-183-thread-1] INFO  server.RaftServerConfigKeys (ConfUtils.java:logGet(43)) - raft.server.retrycache.expirytime = 600000ms (custom)
2019-11-14 00:33:00,976 [pool-183-thread-1] WARN  impl.MetricRegistriesImpl (MetricRegistriesImpl.java:lambda$create$1(61)) - First MetricRegistry has been created without registering reporters. You may need to call MetricRegistries.global().addReportRegistration(...) before.
2019-11-14 00:33:00,976 [pool-183-thread-1] WARN  impl.MetricRegistriesImpl (MetricRegistriesImpl.java:lambda$create$1(61)) - First MetricRegistry has been created without registering reporters. You may need to call MetricRegistries.global().addReportRegistration(...) before.
2019-11-14 00:33:00,976 [pool-183-thread-1] INFO  impl.RaftServerImpl (RaftServerImpl.java:start(184)) - 599e9361-b00a-4387-8c81-1beb440b27b2@group-0BC801716B22: start as a follower, conf=-1: [599e9361-b00a-4387-8c81-1beb440b27b2:192.168.34.25:40470], old=null
2019-11-14 00:33:00,976 [pool-183-thread-1] INFO  impl.RaftServerImpl (RaftServerImpl.java:setRole(173)) - 599e9361-b00a-4387-8c81-1beb440b27b2@group-0BC801716B22: changes role from      null to FOLLOWER at term 0 for startAsFollower
2019-11-14 00:33:00,976 [pool-183-thread-1] INFO  impl.RoleInfo (RoleInfo.java:updateAndGet(143)) - 599e9361-b00a-4387-8c81-1beb440b27b2: start FollowerState
2019-11-14 00:33:00,982 [pool-183-thread-1] INFO  util.JmxRegister (JmxRegister.java:tryRegister(44)) - Successfully registered JMX Bean with object name Ratis:service=RaftServer,group=group-0BC801716B22,id=599e9361-b00a-4387-8c81-1beb440b27b2
2019-11-14 00:33:00,982 [pool-183-thread-1] WARN  impl.MetricRegistriesImpl (MetricRegistriesImpl.java:lambda$create$1(61)) - First MetricRegistry has been created without registering reporters. You may need to call MetricRegistries.global().addReportRegistration(...) before.
2019-11-14 00:33:00,988 [RatisPipelineUtilsThread] INFO  pipeline.PipelineStateManager (PipelineStateManager.java:addPipeline(55)) - Created pipeline Pipeline[ Id: b8ee7cf4-0312-4dba-a43f-0bc801716b22, Nodes: 599e9361-b00a-4387-8c81-1beb440b27b2{ip: 192.168.34.25, host: pr-hdds-2474-ghsjm-2904119463, networkLocation: /default-rack, certSerialId: null}, Type:RATIS, Factor:ONE, State:ALLOCATED]
2019-11-14 00:33:00,992 [grpc-default-executor-14] INFO  impl.RaftServerProxy (RaftServerProxy.java:addNew(89)) - 75a811de-d3cd-4e06-b16e-b70ad37a4427: addNew group-A2A8DC483323:[75a811de-d3cd-4e06-b16e-b70ad37a4427:192.168.34.25:45226] returns group-A2A8DC483323:java.util.concurrent.CompletableFuture@70d05d81[Not completed]
2019-11-14 00:33:00,993 [pool-153-thread-1] INFO  impl.RaftServerImpl (RaftServerImpl.java:<init>(98)) - 75a811de-d3cd-4e06-b16e-b70ad37a4427: new RaftServerImpl for group-A2A8DC483323:[75a811de-d3cd-4e06-b16e-b70ad37a4427:192.168.34.25:45226] with ContainerStateMachine:uninitialized
2019-11-14 00:33:00,993 [pool-153-thread-1] INFO  server.RaftServerConfigKeys (ConfUtils.java:logGet(43)) - raft.server.rpc.timeout.min = 1s (custom)
2019-11-14 00:33:00,994 [pool-153-thread-1] INFO  server.RaftServerConfigKeys (ConfUtils.java:logGet(43)) - raft.server.rpc.timeout.max = 1200ms (custom)
2019-11-14 00:33:00,994 [pool-153-thread-1] INFO  server.RaftServerConfigKeys (ConfUtils.java:logGet(43)) - raft.server.rpcslowness.timeout = 120s (custom)
2019-11-14 00:33:00,994 [pool-153-thread-1] INFO  server.RaftServerConfigKeys (ConfUtils.java:logGet(43)) - raft.server.sleep.deviation.threshold = 300 (default)
2019-11-14 00:33:00,994 [pool-153-thread-1] INFO  server.RaftServerConfigKeys (ConfUtils.java:logGet(43)) - raft.server.log.appender.install.snapshot.enabled = false (custom)
2019-11-14 00:33:00,994 [pool-153-thread-1] INFO  impl.RaftServerImpl (ServerState.java:<init>(103)) - 75a811de-d3cd-4e06-b16e-b70ad37a4427@group-A2A8DC483323: ConfigurationManager, init=-1: [75a811de-d3cd-4e06-b16e-b70ad37a4427:192.168.34.25:45226], old=null, confs=<EMPTY_MAP>
2019-11-14 00:33:00,994 [pool-153-thread-1] INFO  server.RaftServerConfigKeys (ConfUtils.java:logGet(43)) - raft.server.storage.dir = [/workdir/hadoop-ozone/integration-test/target/test-dir/MiniOzoneClusterImpl-60470fcf-478e-41fe-85ae-08a0494ed2ed/datanode-0/data/ratis] (custom)
2019-11-14 00:33:00,994 [pool-153-thread-1] INFO  server.RaftServerConfigKeys (ConfUtils.java:logGet(43)) - raft.server.log.corruption.policy = EXCEPTION (default)
2019-11-14 00:33:00,994 [pool-153-thread-1] INFO  storage.RaftStorageDirectory (RaftStorageDirectory.java:analyzeStorage(246)) - The storage directory /workdir/hadoop-ozone/integration-test/target/test-dir/MiniOzoneClusterImpl-60470fcf-478e-41fe-85ae-08a0494ed2ed/datanode-0/data/ratis/7a540424-bf3d-4039-8fd5-a2a8dc483323 does not exist. Creating ...
2019-11-14 00:33:01,008 [pool-153-thread-1] INFO  storage.RaftStorageDirectory (RaftStorageDirectory.java:tryLock(328)) - Lock on /workdir/hadoop-ozone/integration-test/target/test-dir/MiniOzoneClusterImpl-60470fcf-478e-41fe-85ae-08a0494ed2ed/datanode-0/data/ratis/7a540424-bf3d-4039-8fd5-a2a8dc483323/in_use.lock acquired by nodename 4274@pr-hdds-2474-ghsjm-2904119463
2019-11-14 00:33:01,031 [pool-153-thread-1] INFO  storage.RaftStorage (RaftStorage.java:format(84)) - Storage directory /workdir/hadoop-ozone/integration-test/target/test-dir/MiniOzoneClusterImpl-60470fcf-478e-41fe-85ae-08a0494ed2ed/datanode-0/data/ratis/7a540424-bf3d-4039-8fd5-a2a8dc483323 has been successfully formatted.
2019-11-14 00:33:01,031 [pool-153-thread-1] INFO  ratis.ContainerStateMachine (ContainerStateMachine.java:loadSnapshot(223)) - group-A2A8DC483323: The snapshot info is null. Setting the last applied indexto:(t:0, i:~)
2019-11-14 00:33:01,031 [pool-153-thread-1] INFO  server.RaftServerConfigKeys (ConfUtils.java:logGet(43)) - raft.server.notification.no-leader.timeout = 120s (custom)
2019-11-14 00:33:01,031 [pool-153-thread-1] INFO  server.RaftServerConfigKeys (ConfUtils.java:logGet(43)) - raft.server.log.use.memory = false (default)
2019-11-14 00:33:01,032 [pool-153-thread-1] INFO  server.RaftServerConfigKeys (ConfUtils.java:logGet(43)) - raft.server.log.purge.gap = 1000000 (custom)
2019-11-14 00:33:01,032 [pool-153-thread-1] INFO  server.RaftServerConfigKeys (ConfUtils.java:logGet(43)) - raft.server.log.appender.buffer.byte-limit = 33554432 (custom)
2019-11-14 00:33:01,032 [pool-153-thread-1] INFO  server.RaftServerConfigKeys (ConfUtils.java:logGet(43)) - raft.server.log.segment.size.max = 1048576 (custom)
2019-11-14 00:33:01,032 [pool-153-thread-1] INFO  server.RaftServerConfigKeys (ConfUtils.java:logGet(43)) - raft.server.log.segment.cache.num.max = 2 (custom)
2019-11-14 00:33:01,032 [pool-153-thread-1] INFO  segmented.SegmentedRaftLogWorker (SegmentedRaftLogWorker.java:<init>(173)) - new 75a811de-d3cd-4e06-b16e-b70ad37a4427@group-A2A8DC483323-SegmentedRaftLogWorker for RaftStorage:Storage Directory /workdir/hadoop-ozone/integration-test/target/test-dir/MiniOzoneClusterImpl-60470fcf-478e-41fe-85ae-08a0494ed2ed/datanode-0/data/ratis/7a540424-bf3d-4039-8fd5-a2a8dc483323
2019-11-14 00:33:01,032 [pool-153-thread-1] INFO  server.RaftServerConfigKeys (ConfUtils.java:logGet(43)) - raft.server.log.queue.byte-limit = 2147483647 (custom)
2019-11-14 00:33:01,032 [pool-153-thread-1] INFO  server.RaftServerConfigKeys (ConfUtils.java:logGet(43)) - raft.server.log.queue.element-limit = 1024 (custom)
2019-11-14 00:33:01,032 [pool-153-thread-1] INFO  server.RaftServerConfigKeys (ConfUtils.java:logGet(43)) - raft.server.log.segment.size.max = 1048576 (custom)
2019-11-14 00:33:01,032 [pool-153-thread-1] INFO  server.RaftServerConfigKeys (ConfUtils.java:logGet(43)) - raft.server.log.preallocated.size = 16384 (custom)
2019-11-14 00:33:01,033 [pool-153-thread-1] INFO  server.RaftServerConfigKeys (ConfUtils.java:logGet(43)) - raft.server.log.write.buffer.size = 33554432 (custom)
2019-11-14 00:33:01,033 [pool-153-thread-1] INFO  server.RaftServerConfigKeys (ConfUtils.java:logGet(43)) - raft.server.log.force.sync.num = 128 (default)
2019-11-14 00:33:01,033 [pool-153-thread-1] INFO  server.RaftServerConfigKeys (ConfUtils.java:logGet(43)) - raft.server.log.statemachine.data.sync = true (default)
2019-11-14 00:33:01,033 [pool-153-thread-1] INFO  server.RaftServerConfigKeys (ConfUtils.java:logGet(43)) - raft.server.log.statemachine.data.sync.timeout = 10s (default)
2019-11-14 00:33:01,033 [pool-153-thread-1] INFO  server.RaftServerConfigKeys (ConfUtils.java:logGet(43)) - raft.server.log.statemachine.data.sync.timeout.retry = -1 (default)
2019-11-14 00:33:01,033 [pool-153-thread-1] INFO  server.RaftServerConfigKeys (ConfUtils.java:logGet(43)) - raft.server.log.statemachine.data.caching.enabled = true (custom)
2019-11-14 00:33:01,033 [pool-153-thread-1] INFO  segmented.SegmentedRaftLogWorker (SegmentedRaftLogWorker.java:lambda$new$0(128)) - 75a811de-d3cd-4e06-b16e-b70ad37a4427@group-A2A8DC483323-SegmentedRaftLogWorker: flushIndex: setUnconditionally 0 -> -1
2019-11-14 00:33:01,034 [pool-153-thread-1] INFO  server.RaftServerConfigKeys (ConfUtils.java:logGet(43)) - raft.server.snapshot.auto.trigger.enabled = true (custom)
2019-11-14 00:33:01,034 [pool-153-thread-1] INFO  server.RaftServerConfigKeys (ConfUtils.java:logGet(43)) - raft.server.snapshot.auto.trigger.threshold = 10000 (custom)
2019-11-14 00:33:01,034 [pool-153-thread-1] INFO  server.RaftServerConfigKeys (ConfUtils.java:logGet(43)) - raft.server.snapshot.retention.file.num = 5 (custom)
2019-11-14 00:33:01,034 [pool-153-thread-1] INFO  server.RaftServerConfigKeys (ConfUtils.java:logGet(43)) - raft.server.retrycache.expirytime = 600000ms (custom)
2019-11-14 00:33:01,034 [pool-153-thread-1] WARN  impl.MetricRegistriesImpl (MetricRegistriesImpl.java:lambda$create$1(61)) - First MetricRegistry has been created without registering reporters. You may need to call MetricRegistries.global().addReportRegistration(...) before.
2019-11-14 00:33:01,034 [pool-153-thread-1] WARN  impl.MetricRegistriesImpl (MetricRegistriesImpl.java:lambda$create$1(61)) - First MetricRegistry has been created without registering reporters. You may need to call MetricRegistries.global().addReportRegistration(...) before.
2019-11-14 00:33:01,034 [pool-153-thread-1] INFO  impl.RaftServerImpl (RaftServerImpl.java:start(184)) - 75a811de-d3cd-4e06-b16e-b70ad37a4427@group-A2A8DC483323: start as a follower, conf=-1: [75a811de-d3cd-4e06-b16e-b70ad37a4427:192.168.34.25:45226], old=null
2019-11-14 00:33:01,034 [pool-153-thread-1] INFO  impl.RaftServerImpl (RaftServerImpl.java:setRole(173)) - 75a811de-d3cd-4e06-b16e-b70ad37a4427@group-A2A8DC483323: changes role from      null to FOLLOWER at term 0 for startAsFollower
2019-11-14 00:33:01,035 [pool-153-thread-1] INFO  impl.RoleInfo (RoleInfo.java:updateAndGet(143)) - 75a811de-d3cd-4e06-b16e-b70ad37a4427: start FollowerState
2019-11-14 00:33:01,035 [pool-153-thread-1] INFO  util.JmxRegister (JmxRegister.java:tryRegister(44)) - Successfully registered JMX Bean with object name Ratis:service=RaftServer,group=group-A2A8DC483323,id=75a811de-d3cd-4e06-b16e-b70ad37a4427
2019-11-14 00:33:01,035 [pool-153-thread-1] WARN  impl.MetricRegistriesImpl (MetricRegistriesImpl.java:lambda$create$1(61)) - First MetricRegistry has been created without registering reporters. You may need to call MetricRegistries.global().addReportRegistration(...) before.
2019-11-14 00:33:01,037 [RatisPipelineUtilsThread] INFO  pipeline.PipelineStateManager (PipelineStateManager.java:addPipeline(55)) - Created pipeline Pipeline[ Id: 7a540424-bf3d-4039-8fd5-a2a8dc483323, Nodes: 75a811de-d3cd-4e06-b16e-b70ad37a4427{ip: 192.168.34.25, host: pr-hdds-2474-ghsjm-2904119463, networkLocation: /default-rack, certSerialId: null}, Type:RATIS, Factor:ONE, State:ALLOCATED]
2019-11-14 00:33:01,038 [Thread-2329] INFO  pipeline.PipelineStateManager (PipelineStateManager.java:removePipeline(106)) - Pipeline Pipeline[ Id: 8051068c-611d-4547-a1d1-686b42cd3298, Nodes: 75a811de-d3cd-4e06-b16e-b70ad37a4427{ip: 192.168.34.25, host: pr-hdds-2474-ghsjm-2904119463, networkLocation: /default-rack, certSerialId: null}, Type:RATIS, Factor:ONE, State:CLOSED] removed from db
2019-11-14 00:33:01,038 [Thread-2329] INFO  pipeline.SCMPipelineManager (SCMPipelineManager.java:finalizeAndDestroyPipeline(315)) - destroying pipeline:Pipeline[ Id: b48ba456-0de8-4857-a8b6-a81c71c47635, Nodes: c7c4673b-1be2-45f8-9c29-c9228fccc788{ip: 192.168.34.25, host: pr-hdds-2474-ghsjm-2904119463, networkLocation: /default-rack, certSerialId: null}, Type:RATIS, Factor:ONE, State:OPEN]
2019-11-14 00:33:01,038 [Thread-2329] INFO  pipeline.PipelineStateManager (PipelineStateManager.java:finalizePipeline(121)) - Pipeline Pipeline[ Id: b48ba456-0de8-4857-a8b6-a81c71c47635, Nodes: c7c4673b-1be2-45f8-9c29-c9228fccc788{ip: 192.168.34.25, host: pr-hdds-2474-ghsjm-2904119463, networkLocation: /default-rack, certSerialId: null}, Type:RATIS, Factor:ONE, State:CLOSED] moved to CLOSED state
2019-11-14 00:33:01,042 [grpc-default-executor-14] INFO  impl.RaftServerProxy (RaftServerProxy.java:remove(95)) - c7c4673b-1be2-45f8-9c29-c9228fccc788: remove    LEADER c7c4673b-1be2-45f8-9c29-c9228fccc788@group-A81C71C47635:t1, leader=c7c4673b-1be2-45f8-9c29-c9228fccc788, voted=c7c4673b-1be2-45f8-9c29-c9228fccc788, raftlog=c7c4673b-1be2-45f8-9c29-c9228fccc788@group-A81C71C47635-SegmentedRaftLog:OPENED:c0,f0,i0, conf=0: [c7c4673b-1be2-45f8-9c29-c9228fccc788:192.168.34.25:39151], old=null RUNNING
2019-11-14 00:33:01,042 [grpc-default-executor-14] INFO  impl.RaftServerImpl (RaftServerImpl.java:lambda$shutdown$3(250)) - c7c4673b-1be2-45f8-9c29-c9228fccc788@group-A81C71C47635: shutdown
2019-11-14 00:33:01,042 [grpc-default-executor-14] INFO  util.JmxRegister (JmxRegister.java:unregister(73)) - Successfully un-registered JMX Bean with object name Ratis:service=RaftServer,group=group-A81C71C47635,id=c7c4673b-1be2-45f8-9c29-c9228fccc788
2019-11-14 00:33:01,042 [grpc-default-executor-14] INFO  impl.RoleInfo (RoleInfo.java:shutdownLeaderState(104)) - c7c4673b-1be2-45f8-9c29-c9228fccc788: shutdown LeaderState
2019-11-14 00:33:01,042 [grpc-default-executor-14] INFO  impl.PendingRequests (PendingRequests.java:sendNotLeaderResponses(206)) - c7c4673b-1be2-45f8-9c29-c9228fccc788@group-A81C71C47635-PendingRequests: sendNotLeaderResponses
2019-11-14 00:33:01,043 [grpc-default-executor-14] INFO  impl.StateMachineUpdater (StateMachineUpdater.java:stopAndJoin(136)) - c7c4673b-1be2-45f8-9c29-c9228fccc788@group-A81C71C47635-StateMachineUpdater: set stopIndex = 0
2019-11-14 00:33:01,043 [grpc-default-executor-14] INFO  impl.RaftServerImpl (ServerState.java:close(387)) - c7c4673b-1be2-45f8-9c29-c9228fccc788@group-A81C71C47635: closes. applyIndex: 0
2019-11-14 00:33:01,043 [c7c4673b-1be2-45f8-9c29-c9228fccc788@group-A81C71C47635-SegmentedRaftLogWorker] INFO  segmented.SegmentedRaftLogWorker (SegmentedRaftLogWorker.java:run(316)) - c7c4673b-1be2-45f8-9c29-c9228fccc788@group-A81C71C47635-SegmentedRaftLogWorker was interrupted, exiting. There are 0 tasks remaining in the queue.
2019-11-14 00:33:01,043 [grpc-default-executor-14] INFO  segmented.SegmentedRaftLogWorker (SegmentedRaftLogWorker.java:close(224)) - c7c4673b-1be2-45f8-9c29-c9228fccc788@group-A81C71C47635-SegmentedRaftLogWorker close()
2019-11-14 00:33:01,047 [Thread-2329] INFO  pipeline.PipelineStateManager (PipelineStateManager.java:removePipeline(106)) - Pipeline Pipeline[ Id: b48ba456-0de8-4857-a8b6-a81c71c47635, Nodes: c7c4673b-1be2-45f8-9c29-c9228fccc788{ip: 192.168.34.25, host: pr-hdds-2474-ghsjm-2904119463, networkLocation: /default-rack, certSerialId: null}, Type:RATIS, Factor:ONE, State:CLOSED] removed from db
2019-11-14 00:33:01,051 [grpc-default-executor-14] INFO  impl.RaftServerProxy (RaftServerProxy.java:addNew(89)) - c7c4673b-1be2-45f8-9c29-c9228fccc788: addNew group-792301D60944:[c7c4673b-1be2-45f8-9c29-c9228fccc788:192.168.34.25:39151] returns group-792301D60944:java.util.concurrent.CompletableFuture@213678ff[Not completed]
2019-11-14 00:33:01,052 [pool-193-thread-1] INFO  impl.RaftServerImpl (RaftServerImpl.java:<init>(98)) - c7c4673b-1be2-45f8-9c29-c9228fccc788: new RaftServerImpl for group-792301D60944:[c7c4673b-1be2-45f8-9c29-c9228fccc788:192.168.34.25:39151] with ContainerStateMachine:uninitialized
2019-11-14 00:33:01,052 [pool-193-thread-1] INFO  server.RaftServerConfigKeys (ConfUtils.java:logGet(43)) - raft.server.rpc.timeout.min = 1s (custom)
2019-11-14 00:33:01,053 [pool-193-thread-1] INFO  server.RaftServerConfigKeys (ConfUtils.java:logGet(43)) - raft.server.rpc.timeout.max = 1200ms (custom)
2019-11-14 00:33:01,053 [pool-193-thread-1] INFO  server.RaftServerConfigKeys (ConfUtils.java:logGet(43)) - raft.server.rpcslowness.timeout = 120s (custom)
2019-11-14 00:33:01,053 [pool-193-thread-1] INFO  server.RaftServerConfigKeys (ConfUtils.java:logGet(43)) - raft.server.sleep.deviation.threshold = 300 (default)
2019-11-14 00:33:01,053 [pool-193-thread-1] INFO  server.RaftServerConfigKeys (ConfUtils.java:logGet(43)) - raft.server.log.appender.install.snapshot.enabled = false (custom)
2019-11-14 00:33:01,053 [pool-193-thread-1] INFO  impl.RaftServerImpl (ServerState.java:<init>(103)) - c7c4673b-1be2-45f8-9c29-c9228fccc788@group-792301D60944: ConfigurationManager, init=-1: [c7c4673b-1be2-45f8-9c29-c9228fccc788:192.168.34.25:39151], old=null, confs=<EMPTY_MAP>
2019-11-14 00:33:01,053 [pool-193-thread-1] INFO  server.RaftServerConfigKeys (ConfUtils.java:logGet(43)) - raft.server.storage.dir = [/workdir/hadoop-ozone/integration-test/target/test-dir/MiniOzoneClusterImpl-60470fcf-478e-41fe-85ae-08a0494ed2ed/datanode-4/data/ratis] (custom)
2019-11-14 00:33:01,053 [pool-193-thread-1] INFO  server.RaftServerConfigKeys (ConfUtils.java:logGet(43)) - raft.server.log.corruption.policy = EXCEPTION (default)
2019-11-14 00:33:01,053 [pool-193-thread-1] INFO  storage.RaftStorageDirectory (RaftStorageDirectory.java:analyzeStorage(246)) - The storage directory /workdir/hadoop-ozone/integration-test/target/test-dir/MiniOzoneClusterImpl-60470fcf-478e-41fe-85ae-08a0494ed2ed/datanode-4/data/ratis/98c1a9af-2395-4fc1-b2de-792301d60944 does not exist. Creating ...
2019-11-14 00:33:01,067 [pool-193-thread-1] INFO  storage.RaftStorageDirectory (RaftStorageDirectory.java:tryLock(328)) - Lock on /workdir/hadoop-ozone/integration-test/target/test-dir/MiniOzoneClusterImpl-60470fcf-478e-41fe-85ae-08a0494ed2ed/datanode-4/data/ratis/98c1a9af-2395-4fc1-b2de-792301d60944/in_use.lock acquired by nodename 4274@pr-hdds-2474-ghsjm-2904119463
2019-11-14 00:33:01,082 [pool-193-thread-1] INFO  storage.RaftStorage (RaftStorage.java:format(84)) - Storage directory /workdir/hadoop-ozone/integration-test/target/test-dir/MiniOzoneClusterImpl-60470fcf-478e-41fe-85ae-08a0494ed2ed/datanode-4/data/ratis/98c1a9af-2395-4fc1-b2de-792301d60944 has been successfully formatted.
2019-11-14 00:33:01,082 [pool-193-thread-1] INFO  ratis.ContainerStateMachine (ContainerStateMachine.java:loadSnapshot(223)) - group-792301D60944: The snapshot info is null. Setting the last applied indexto:(t:0, i:~)
2019-11-14 00:33:01,082 [pool-193-thread-1] INFO  server.RaftServerConfigKeys (ConfUtils.java:logGet(43)) - raft.server.notification.no-leader.timeout = 120s (custom)
2019-11-14 00:33:01,082 [pool-193-thread-1] INFO  server.RaftServerConfigKeys (ConfUtils.java:logGet(43)) - raft.server.log.use.memory = false (default)
2019-11-14 00:33:01,082 [pool-193-thread-1] INFO  server.RaftServerConfigKeys (ConfUtils.java:logGet(43)) - raft.server.log.purge.gap = 1000000 (custom)
2019-11-14 00:33:01,083 [pool-193-thread-1] INFO  server.RaftServerConfigKeys (ConfUtils.java:logGet(43)) - raft.server.log.appender.buffer.byte-limit = 33554432 (custom)
2019-11-14 00:33:01,083 [pool-193-thread-1] INFO  server.RaftServerConfigKeys (ConfUtils.java:logGet(43)) - raft.server.log.segment.size.max = 1048576 (custom)
2019-11-14 00:33:01,083 [pool-193-thread-1] INFO  server.RaftServerConfigKeys (ConfUtils.java:logGet(43)) - raft.server.log.segment.cache.num.max = 2 (custom)
2019-11-14 00:33:01,083 [pool-193-thread-1] INFO  segmented.SegmentedRaftLogWorker (SegmentedRaftLogWorker.java:<init>(173)) - new c7c4673b-1be2-45f8-9c29-c9228fccc788@group-792301D60944-SegmentedRaftLogWorker for RaftStorage:Storage Directory /workdir/hadoop-ozone/integration-test/target/test-dir/MiniOzoneClusterImpl-60470fcf-478e-41fe-85ae-08a0494ed2ed/datanode-4/data/ratis/98c1a9af-2395-4fc1-b2de-792301d60944
2019-11-14 00:33:01,083 [pool-193-thread-1] INFO  server.RaftServerConfigKeys (ConfUtils.java:logGet(43)) - raft.server.log.queue.byte-limit = 2147483647 (custom)
2019-11-14 00:33:01,083 [pool-193-thread-1] INFO  server.RaftServerConfigKeys (ConfUtils.java:logGet(43)) - raft.server.log.queue.element-limit = 1024 (custom)
2019-11-14 00:33:01,083 [pool-193-thread-1] INFO  server.RaftServerConfigKeys (ConfUtils.java:logGet(43)) - raft.server.log.segment.size.max = 1048576 (custom)
2019-11-14 00:33:01,083 [pool-193-thread-1] INFO  server.RaftServerConfigKeys (ConfUtils.java:logGet(43)) - raft.server.log.preallocated.size = 16384 (custom)
2019-11-14 00:33:01,083 [pool-193-thread-1] INFO  server.RaftServerConfigKeys (ConfUtils.java:logGet(43)) - raft.server.log.write.buffer.size = 33554432 (custom)
2019-11-14 00:33:01,084 [pool-193-thread-1] INFO  server.RaftServerConfigKeys (ConfUtils.java:logGet(43)) - raft.server.log.force.sync.num = 128 (default)
2019-11-14 00:33:01,084 [pool-193-thread-1] INFO  server.RaftServerConfigKeys (ConfUtils.java:logGet(43)) - raft.server.log.statemachine.data.sync = true (default)
2019-11-14 00:33:01,084 [pool-193-thread-1] INFO  server.RaftServerConfigKeys (ConfUtils.java:logGet(43)) - raft.server.log.statemachine.data.sync.timeout = 10s (default)
2019-11-14 00:33:01,084 [pool-193-thread-1] INFO  server.RaftServerConfigKeys (ConfUtils.java:logGet(43)) - raft.server.log.statemachine.data.sync.timeout.retry = -1 (default)
2019-11-14 00:33:01,084 [pool-193-thread-1] INFO  server.RaftServerConfigKeys (ConfUtils.java:logGet(43)) - raft.server.log.statemachine.data.caching.enabled = true (custom)
2019-11-14 00:33:01,084 [pool-193-thread-1] INFO  segmented.SegmentedRaftLogWorker (SegmentedRaftLogWorker.java:lambda$new$0(128)) - c7c4673b-1be2-45f8-9c29-c9228fccc788@group-792301D60944-SegmentedRaftLogWorker: flushIndex: setUnconditionally 0 -> -1
2019-11-14 00:33:01,085 [pool-193-thread-1] INFO  server.RaftServerConfigKeys (ConfUtils.java:logGet(43)) - raft.server.snapshot.auto.trigger.enabled = true (custom)
2019-11-14 00:33:01,085 [pool-193-thread-1] INFO  server.RaftServerConfigKeys (ConfUtils.java:logGet(43)) - raft.server.snapshot.auto.trigger.threshold = 10000 (custom)
2019-11-14 00:33:01,085 [pool-193-thread-1] INFO  server.RaftServerConfigKeys (ConfUtils.java:logGet(43)) - raft.server.snapshot.retention.file.num = 5 (custom)
2019-11-14 00:33:01,085 [pool-193-thread-1] INFO  server.RaftServerConfigKeys (ConfUtils.java:logGet(43)) - raft.server.retrycache.expirytime = 600000ms (custom)
2019-11-14 00:33:01,085 [pool-193-thread-1] WARN  impl.MetricRegistriesImpl (MetricRegistriesImpl.java:lambda$create$1(61)) - First MetricRegistry has been created without registering reporters. You may need to call MetricRegistries.global().addReportRegistration(...) before.
2019-11-14 00:33:01,085 [pool-193-thread-1] WARN  impl.MetricRegistriesImpl (MetricRegistriesImpl.java:lambda$create$1(61)) - First MetricRegistry has been created without registering reporters. You may need to call MetricRegistries.global().addReportRegistration(...) before.
2019-11-14 00:33:01,085 [pool-193-thread-1] INFO  impl.RaftServerImpl (RaftServerImpl.java:start(184)) - c7c4673b-1be2-45f8-9c29-c9228fccc788@group-792301D60944: start as a follower, conf=-1: [c7c4673b-1be2-45f8-9c29-c9228fccc788:192.168.34.25:39151], old=null
2019-11-14 00:33:01,085 [pool-193-thread-1] INFO  impl.RaftServerImpl (RaftServerImpl.java:setRole(173)) - c7c4673b-1be2-45f8-9c29-c9228fccc788@group-792301D60944: changes role from      null to FOLLOWER at term 0 for startAsFollower
2019-11-14 00:33:01,086 [pool-193-thread-1] INFO  impl.RoleInfo (RoleInfo.java:updateAndGet(143)) - c7c4673b-1be2-45f8-9c29-c9228fccc788: start FollowerState
2019-11-14 00:33:01,086 [pool-193-thread-1] INFO  util.JmxRegister (JmxRegister.java:tryRegister(44)) - Successfully registered JMX Bean with object name Ratis:service=RaftServer,group=group-792301D60944,id=c7c4673b-1be2-45f8-9c29-c9228fccc788
2019-11-14 00:33:01,086 [pool-193-thread-1] WARN  impl.MetricRegistriesImpl (MetricRegistriesImpl.java:lambda$create$1(61)) - First MetricRegistry has been created without registering reporters. You may need to call MetricRegistries.global().addReportRegistration(...) before.
2019-11-14 00:33:01,088 [RatisPipelineUtilsThread] INFO  pipeline.PipelineStateManager (PipelineStateManager.java:addPipeline(55)) - Created pipeline Pipeline[ Id: 98c1a9af-2395-4fc1-b2de-792301d60944, Nodes: c7c4673b-1be2-45f8-9c29-c9228fccc788{ip: 192.168.34.25, host: pr-hdds-2474-ghsjm-2904119463, networkLocation: /default-rack, certSerialId: null}, Type:RATIS, Factor:ONE, State:ALLOCATED]
2019-11-14 00:33:01,614 [Thread-2419] INFO  impl.FollowerState (FollowerState.java:run(111)) - c0a90149-7086-438b-b575-a58c52a879cd@group-358C58BD3182-FollowerState: change to CANDIDATE, lastRpcTime:1170ms, electionTimeout:1170ms
2019-11-14 00:33:01,614 [Thread-2419] INFO  impl.RoleInfo (RoleInfo.java:shutdownFollowerState(121)) - c0a90149-7086-438b-b575-a58c52a879cd: shutdown FollowerState
2019-11-14 00:33:01,614 [Thread-2419] INFO  impl.RaftServerImpl (RaftServerImpl.java:setRole(173)) - c0a90149-7086-438b-b575-a58c52a879cd@group-358C58BD3182: changes role from  FOLLOWER to CANDIDATE at term 0 for changeToCandidate
2019-11-14 00:33:01,614 [Thread-2419] INFO  impl.RoleInfo (RoleInfo.java:updateAndGet(143)) - c0a90149-7086-438b-b575-a58c52a879cd: start LeaderElection
2019-11-14 00:33:01,623 [Thread-2451] INFO  impl.FollowerState (FollowerState.java:run(111)) - c7c4673b-1be2-45f8-9c29-c9228fccc788@group-1A4CCE29B0F9-FollowerState: change to CANDIDATE, lastRpcTime:1085ms, electionTimeout:1085ms
2019-11-14 00:33:01,623 [Thread-2451] INFO  impl.RoleInfo (RoleInfo.java:shutdownFollowerState(121)) - c7c4673b-1be2-45f8-9c29-c9228fccc788: shutdown FollowerState
2019-11-14 00:33:01,623 [Thread-2451] INFO  impl.RaftServerImpl (RaftServerImpl.java:setRole(173)) - c7c4673b-1be2-45f8-9c29-c9228fccc788@group-1A4CCE29B0F9: changes role from  FOLLOWER to CANDIDATE at term 0 for changeToCandidate
2019-11-14 00:33:01,623 [Thread-2451] INFO  impl.RoleInfo (RoleInfo.java:updateAndGet(143)) - c7c4673b-1be2-45f8-9c29-c9228fccc788: start LeaderElection
2019-11-14 00:33:01,707 [Thread-2455] INFO  impl.FollowerState (FollowerState.java:run(111)) - 4b7ea911-6ec4-41f6-86c3-8c310b409e67@group-1A4CCE29B0F9-FollowerState: change to CANDIDATE, lastRpcTime:1167ms, electionTimeout:1167ms
2019-11-14 00:33:01,707 [Thread-2455] INFO  impl.RoleInfo (RoleInfo.java:shutdownFollowerState(121)) - 4b7ea911-6ec4-41f6-86c3-8c310b409e67: shutdown FollowerState
2019-11-14 00:33:01,707 [Thread-2455] INFO  impl.RaftServerImpl (RaftServerImpl.java:setRole(173)) - 4b7ea911-6ec4-41f6-86c3-8c310b409e67@group-1A4CCE29B0F9: changes role from  FOLLOWER to CANDIDATE at term 0 for changeToCandidate
2019-11-14 00:33:01,707 [Thread-2455] INFO  impl.RoleInfo (RoleInfo.java:updateAndGet(143)) - 4b7ea911-6ec4-41f6-86c3-8c310b409e67: start LeaderElection
2019-11-14 00:33:01,715 [Thread-2450] INFO  impl.FollowerState (FollowerState.java:run(111)) - 599e9361-b00a-4387-8c81-1beb440b27b2@group-1A4CCE29B0F9-FollowerState: change to CANDIDATE, lastRpcTime:1178ms, electionTimeout:1177ms
2019-11-14 00:33:01,716 [Thread-2450] INFO  impl.RoleInfo (RoleInfo.java:shutdownFollowerState(121)) - 599e9361-b00a-4387-8c81-1beb440b27b2: shutdown FollowerState
2019-11-14 00:33:01,716 [Thread-2450] INFO  impl.RaftServerImpl (RaftServerImpl.java:setRole(173)) - 599e9361-b00a-4387-8c81-1beb440b27b2@group-1A4CCE29B0F9: changes role from  FOLLOWER to CANDIDATE at term 0 for changeToCandidate
2019-11-14 00:33:01,716 [Thread-2450] INFO  impl.RoleInfo (RoleInfo.java:updateAndGet(143)) - 599e9361-b00a-4387-8c81-1beb440b27b2: start LeaderElection
2019-11-14 00:33:01,826 [main] WARN  scm.XceiverClientRatis (XceiverClientRatis.java:watchForCommit(277)) - 3 way commit failed on pipeline Pipeline[ Id: d6397611-a672-4634-8b28-a881902d583f, Nodes: c0a90149-7086-438b-b575-a58c52a879cd{ip: 192.168.34.25, host: pr-hdds-2474-ghsjm-2904119463, networkLocation: /default-rack, certSerialId: null}75a811de-d3cd-4e06-b16e-b70ad37a4427{ip: 192.168.34.25, host: pr-hdds-2474-ghsjm-2904119463, networkLocation: /default-rack, certSerialId: null}82068b54-9744-4929-951d-196898e4ec33{ip: 192.168.34.25, host: pr-hdds-2474-ghsjm-2904119463, networkLocation: /default-rack, certSerialId: null}, Type:RATIS, Factor:THREE, State:OPEN]
java.util.concurrent.ExecutionException: org.apache.ratis.protocol.GroupMismatchException: c0a90149-7086-438b-b575-a58c52a879cd: group-A881902D583F not found.
	at java.util.concurrent.CompletableFuture.reportGet(CompletableFuture.java:357)
	at java.util.concurrent.CompletableFuture.get(CompletableFuture.java:1915)
	at org.apache.hadoop.hdds.scm.XceiverClientRatis.watchForCommit(XceiverClientRatis.java:274)
	at org.apache.hadoop.hdds.scm.storage.CommitWatcher.watchForCommit(CommitWatcher.java:198)
	at org.apache.hadoop.hdds.scm.storage.CommitWatcher.watchOnFirstIndex(CommitWatcher.java:137)
	at org.apache.hadoop.hdds.scm.storage.BlockOutputStream.watchForCommit(BlockOutputStream.java:346)
	at org.apache.hadoop.hdds.scm.storage.BlockOutputStream.handleFullBuffer(BlockOutputStream.java:323)
	at org.apache.hadoop.hdds.scm.storage.BlockOutputStream.write(BlockOutputStream.java:250)
	at org.apache.hadoop.ozone.client.io.BlockOutputStreamEntry.write(BlockOutputStreamEntry.java:129)
	at org.apache.hadoop.ozone.client.io.KeyOutputStream.handleWrite(KeyOutputStream.java:208)
	at org.apache.hadoop.ozone.client.io.KeyOutputStream.write(KeyOutputStream.java:190)
	at org.apache.hadoop.ozone.client.io.OzoneOutputStream.write(OzoneOutputStream.java:49)
	at java.io.OutputStream.write(OutputStream.java:75)
	at org.apache.hadoop.ozone.client.rpc.TestMultiBlockWritesWithDnFailures.testMultiBlockWritesWithDnFailures(TestMultiBlockWritesWithDnFailures.java:123)
	at sun.reflect.NativeMethodAccessorImpl.invoke0(Native Method)
	at sun.reflect.NativeMethodAccessorImpl.invoke(NativeMethodAccessorImpl.java:62)
	at sun.reflect.DelegatingMethodAccessorImpl.invoke(DelegatingMethodAccessorImpl.java:43)
	at java.lang.reflect.Method.invoke(Method.java:498)
	at org.junit.runners.model.FrameworkMethod$1.runReflectiveCall(FrameworkMethod.java:47)
	at org.junit.internal.runners.model.ReflectiveCallable.run(ReflectiveCallable.java:12)
	at org.junit.runners.model.FrameworkMethod.invokeExplosively(FrameworkMethod.java:44)
	at org.junit.internal.runners.statements.InvokeMethod.evaluate(InvokeMethod.java:17)
	at org.junit.internal.runners.statements.RunAfters.evaluate(RunAfters.java:27)
	at org.junit.runners.ParentRunner.runLeaf(ParentRunner.java:271)
	at org.junit.runners.BlockJUnit4ClassRunner.runChild(BlockJUnit4ClassRunner.java:70)
	at org.junit.runners.BlockJUnit4ClassRunner.runChild(BlockJUnit4ClassRunner.java:50)
	at org.junit.runners.ParentRunner$3.run(ParentRunner.java:238)
	at org.junit.runners.ParentRunner$1.schedule(ParentRunner.java:63)
	at org.junit.runners.ParentRunner.runChildren(ParentRunner.java:236)
	at org.junit.runners.ParentRunner.access$000(ParentRunner.java:53)
	at org.junit.runners.ParentRunner$2.evaluate(ParentRunner.java:229)
	at org.junit.runners.ParentRunner.run(ParentRunner.java:309)
	at org.apache.maven.surefire.junit4.JUnit4Provider.execute(JUnit4Provider.java:365)
	at org.apache.maven.surefire.junit4.JUnit4Provider.executeWithRerun(JUnit4Provider.java:273)
	at org.apache.maven.surefire.junit4.JUnit4Provider.executeTestSet(JUnit4Provider.java:238)
	at org.apache.maven.surefire.junit4.JUnit4Provider.invoke(JUnit4Provider.java:159)
	at org.apache.maven.surefire.booter.ForkedBooter.invokeProviderInSameClassLoader(ForkedBooter.java:384)
	at org.apache.maven.surefire.booter.ForkedBooter.runSuitesInProcess(ForkedBooter.java:345)
	at org.apache.maven.surefire.booter.ForkedBooter.execute(ForkedBooter.java:126)
	at org.apache.maven.surefire.booter.ForkedBooter.main(ForkedBooter.java:418)
Caused by: org.apache.ratis.protocol.GroupMismatchException: c0a90149-7086-438b-b575-a58c52a879cd: group-A881902D583F not found.
	at org.apache.ratis.server.impl.RaftServerProxy$ImplMap.get(RaftServerProxy.java:122)
	at org.apache.ratis.server.impl.RaftServerProxy.getImplFuture(RaftServerProxy.java:269)
	at org.apache.ratis.server.impl.RaftServerProxy.submitRequest(RaftServerProxy.java:327)
	at org.apache.ratis.server.impl.RaftServerProxy.submitClientRequestAsync(RaftServerProxy.java:333)
	at org.apache.ratis.grpc.client.GrpcClientProtocolService$RequestStreamObserver.processClientRequest(GrpcClientProtocolService.java:221)
	at org.apache.ratis.grpc.client.GrpcClientProtocolService$UnorderedRequestStreamObserver.processClientRequest(GrpcClientProtocolService.java:277)
	at org.apache.ratis.grpc.client.GrpcClientProtocolService$RequestStreamObserver.onNext(GrpcClientProtocolService.java:241)
	at org.apache.ratis.grpc.client.GrpcClientProtocolService$RequestStreamObserver.onNext(GrpcClientProtocolService.java:168)
	at org.apache.ratis.thirdparty.io.grpc.stub.ServerCalls$StreamingServerCallHandler$StreamingServerCallListener.onMessage(ServerCalls.java:248)
	at org.apache.ratis.thirdparty.io.grpc.internal.ServerCallImpl$ServerStreamListenerImpl.messagesAvailable(ServerCallImpl.java:263)
	at org.apache.ratis.thirdparty.io.grpc.internal.ServerImpl$JumpToApplicationThreadServerStreamListener$1MessagesAvailable.runInContext(ServerImpl.java:686)
	at org.apache.ratis.thirdparty.io.grpc.internal.ContextRunnable.run(ContextRunnable.java:37)
	at org.apache.ratis.thirdparty.io.grpc.internal.SerializingExecutor.run(SerializingExecutor.java:123)
	at java.util.concurrent.ThreadPoolExecutor.runWorker(ThreadPoolExecutor.java:1149)
	at java.util.concurrent.ThreadPoolExecutor$Worker.run(ThreadPoolExecutor.java:624)
	at java.lang.Thread.run(Thread.java:748)
2019-11-14 00:33:01,826 [main] WARN  storage.CommitWatcher (CommitWatcher.java:watchForCommit(207)) - watchForCommit failed for index 10
java.util.concurrent.ExecutionException: org.apache.ratis.protocol.GroupMismatchException: c0a90149-7086-438b-b575-a58c52a879cd: group-A881902D583F not found.
	at java.util.concurrent.CompletableFuture.reportGet(CompletableFuture.java:357)
	at java.util.concurrent.CompletableFuture.get(CompletableFuture.java:1915)
	at org.apache.hadoop.hdds.scm.XceiverClientRatis.watchForCommit(XceiverClientRatis.java:274)
	at org.apache.hadoop.hdds.scm.storage.CommitWatcher.watchForCommit(CommitWatcher.java:198)
	at org.apache.hadoop.hdds.scm.storage.CommitWatcher.watchOnFirstIndex(CommitWatcher.java:137)
	at org.apache.hadoop.hdds.scm.storage.BlockOutputStream.watchForCommit(BlockOutputStream.java:346)
	at org.apache.hadoop.hdds.scm.storage.BlockOutputStream.handleFullBuffer(BlockOutputStream.java:323)
	at org.apache.hadoop.hdds.scm.storage.BlockOutputStream.write(BlockOutputStream.java:250)
	at org.apache.hadoop.ozone.client.io.BlockOutputStreamEntry.write(BlockOutputStreamEntry.java:129)
	at org.apache.hadoop.ozone.client.io.KeyOutputStream.handleWrite(KeyOutputStream.java:208)
	at org.apache.hadoop.ozone.client.io.KeyOutputStream.write(KeyOutputStream.java:190)
	at org.apache.hadoop.ozone.client.io.OzoneOutputStream.write(OzoneOutputStream.java:49)
	at java.io.OutputStream.write(OutputStream.java:75)
	at org.apache.hadoop.ozone.client.rpc.TestMultiBlockWritesWithDnFailures.testMultiBlockWritesWithDnFailures(TestMultiBlockWritesWithDnFailures.java:123)
	at sun.reflect.NativeMethodAccessorImpl.invoke0(Native Method)
	at sun.reflect.NativeMethodAccessorImpl.invoke(NativeMethodAccessorImpl.java:62)
	at sun.reflect.DelegatingMethodAccessorImpl.invoke(DelegatingMethodAccessorImpl.java:43)
	at java.lang.reflect.Method.invoke(Method.java:498)
	at org.junit.runners.model.FrameworkMethod$1.runReflectiveCall(FrameworkMethod.java:47)
	at org.junit.internal.runners.model.ReflectiveCallable.run(ReflectiveCallable.java:12)
	at org.junit.runners.model.FrameworkMethod.invokeExplosively(FrameworkMethod.java:44)
	at org.junit.internal.runners.statements.InvokeMethod.evaluate(InvokeMethod.java:17)
	at org.junit.internal.runners.statements.RunAfters.evaluate(RunAfters.java:27)
	at org.junit.runners.ParentRunner.runLeaf(ParentRunner.java:271)
	at org.junit.runners.BlockJUnit4ClassRunner.runChild(BlockJUnit4ClassRunner.java:70)
	at org.junit.runners.BlockJUnit4ClassRunner.runChild(BlockJUnit4ClassRunner.java:50)
	at org.junit.runners.ParentRunner$3.run(ParentRunner.java:238)
	at org.junit.runners.ParentRunner$1.schedule(ParentRunner.java:63)
	at org.junit.runners.ParentRunner.runChildren(ParentRunner.java:236)
	at org.junit.runners.ParentRunner.access$000(ParentRunner.java:53)
	at org.junit.runners.ParentRunner$2.evaluate(ParentRunner.java:229)
	at org.junit.runners.ParentRunner.run(ParentRunner.java:309)
	at org.apache.maven.surefire.junit4.JUnit4Provider.execute(JUnit4Provider.java:365)
	at org.apache.maven.surefire.junit4.JUnit4Provider.executeWithRerun(JUnit4Provider.java:273)
	at org.apache.maven.surefire.junit4.JUnit4Provider.executeTestSet(JUnit4Provider.java:238)
	at org.apache.maven.surefire.junit4.JUnit4Provider.invoke(JUnit4Provider.java:159)
	at org.apache.maven.surefire.booter.ForkedBooter.invokeProviderInSameClassLoader(ForkedBooter.java:384)
	at org.apache.maven.surefire.booter.ForkedBooter.runSuitesInProcess(ForkedBooter.java:345)
	at org.apache.maven.surefire.booter.ForkedBooter.execute(ForkedBooter.java:126)
	at org.apache.maven.surefire.booter.ForkedBooter.main(ForkedBooter.java:418)
Caused by: org.apache.ratis.protocol.GroupMismatchException: c0a90149-7086-438b-b575-a58c52a879cd: group-A881902D583F not found.
	at org.apache.ratis.server.impl.RaftServerProxy$ImplMap.get(RaftServerProxy.java:122)
	at org.apache.ratis.server.impl.RaftServerProxy.getImplFuture(RaftServerProxy.java:269)
	at org.apache.ratis.server.impl.RaftServerProxy.submitRequest(RaftServerProxy.java:327)
	at org.apache.ratis.server.impl.RaftServerProxy.submitClientRequestAsync(RaftServerProxy.java:333)
	at org.apache.ratis.grpc.client.GrpcClientProtocolService$RequestStreamObserver.processClientRequest(GrpcClientProtocolService.java:221)
	at org.apache.ratis.grpc.client.GrpcClientProtocolService$UnorderedRequestStreamObserver.processClientRequest(GrpcClientProtocolService.java:277)
	at org.apache.ratis.grpc.client.GrpcClientProtocolService$RequestStreamObserver.onNext(GrpcClientProtocolService.java:241)
	at org.apache.ratis.grpc.client.GrpcClientProtocolService$RequestStreamObserver.onNext(GrpcClientProtocolService.java:168)
	at org.apache.ratis.thirdparty.io.grpc.stub.ServerCalls$StreamingServerCallHandler$StreamingServerCallListener.onMessage(ServerCalls.java:248)
	at org.apache.ratis.thirdparty.io.grpc.internal.ServerCallImpl$ServerStreamListenerImpl.messagesAvailable(ServerCallImpl.java:263)
	at org.apache.ratis.thirdparty.io.grpc.internal.ServerImpl$JumpToApplicationThreadServerStreamListener$1MessagesAvailable.runInContext(ServerImpl.java:686)
	at org.apache.ratis.thirdparty.io.grpc.internal.ContextRunnable.run(ContextRunnable.java:37)
	at org.apache.ratis.thirdparty.io.grpc.internal.SerializingExecutor.run(SerializingExecutor.java:123)
	at java.util.concurrent.ThreadPoolExecutor.runWorker(ThreadPoolExecutor.java:1149)
	at java.util.concurrent.ThreadPoolExecutor$Worker.run(ThreadPoolExecutor.java:624)
	at java.lang.Thread.run(Thread.java:748)
2019-11-14 00:33:01,827 [main] WARN  io.KeyOutputStream (KeyOutputStream.java:handleException(274)) - Encountered exception java.io.IOException: Unexpected Storage Container Exception: java.io.IOException: Unexpected Storage Container Exception: java.util.concurrent.ExecutionException: org.apache.ratis.protocol.GroupMismatchException: c0a90149-7086-438b-b575-a58c52a879cd: group-A881902D583F not found. on the pipeline Pipeline[ Id: d6397611-a672-4634-8b28-a881902d583f, Nodes: c0a90149-7086-438b-b575-a58c52a879cd{ip: 192.168.34.25, host: pr-hdds-2474-ghsjm-2904119463, networkLocation: /default-rack, certSerialId: null}75a811de-d3cd-4e06-b16e-b70ad37a4427{ip: 192.168.34.25, host: pr-hdds-2474-ghsjm-2904119463, networkLocation: /default-rack, certSerialId: null}82068b54-9744-4929-951d-196898e4ec33{ip: 192.168.34.25, host: pr-hdds-2474-ghsjm-2904119463, networkLocation: /default-rack, certSerialId: null}, Type:RATIS, Factor:THREE, State:OPEN]. The last committed block length is 2097152, uncommitted data length is 2097152 retry count 0
2019-11-14 00:33:01,827 [main] INFO  io.BlockOutputStreamEntryPool (BlockOutputStreamEntryPool.java:allocateNewBlock(257)) - Allocating block with ExcludeList {datanodes = [], containerIds = [], pipelineIds = [PipelineID=d6397611-a672-4634-8b28-a881902d583f]}
2019-11-14 00:33:01,829 [IPC Server handler 18 on 35409] WARN  block.BlockManagerImpl (BlockManagerImpl.java:allocateBlock(200)) - Pipeline creation failed for type:RATIS factor:THREE. Retrying get pipelines call once.
org.apache.hadoop.hdds.scm.pipeline.InsufficientDatanodesException: Cannot create pipeline of factor 3 using 0 nodes.
	at org.apache.hadoop.hdds.scm.pipeline.RatisPipelineProvider.create(RatisPipelineProvider.java:153)
	at org.apache.hadoop.hdds.scm.pipeline.PipelineFactory.create(PipelineFactory.java:58)
	at org.apache.hadoop.hdds.scm.pipeline.SCMPipelineManager.createPipeline(SCMPipelineManager.java:155)
	at org.apache.hadoop.hdds.scm.block.BlockManagerImpl.allocateBlock(BlockManagerImpl.java:198)
	at org.apache.hadoop.hdds.scm.server.SCMBlockProtocolServer.allocateBlock(SCMBlockProtocolServer.java:187)
	at org.apache.hadoop.hdds.scm.protocol.ScmBlockLocationProtocolServerSideTranslatorPB.allocateScmBlock(ScmBlockLocationProtocolServerSideTranslatorPB.java:159)
	at org.apache.hadoop.hdds.scm.protocol.ScmBlockLocationProtocolServerSideTranslatorPB.processMessage(ScmBlockLocationProtocolServerSideTranslatorPB.java:117)
	at org.apache.hadoop.hdds.server.OzoneProtocolMessageDispatcher.processRequest(OzoneProtocolMessageDispatcher.java:72)
	at org.apache.hadoop.hdds.scm.protocol.ScmBlockLocationProtocolServerSideTranslatorPB.send(ScmBlockLocationProtocolServerSideTranslatorPB.java:98)
	at org.apache.hadoop.hdds.protocol.proto.ScmBlockLocationProtocolProtos$ScmBlockLocationProtocolService$2.callBlockingMethod(ScmBlockLocationProtocolProtos.java:13157)
	at org.apache.hadoop.ipc.ProtobufRpcEngine$Server$ProtoBufRpcInvoker.call(ProtobufRpcEngine.java:524)
	at org.apache.hadoop.ipc.RPC$Server.call(RPC.java:1025)
	at org.apache.hadoop.ipc.Server$RpcCall.run(Server.java:876)
	at org.apache.hadoop.ipc.Server$RpcCall.run(Server.java:822)
	at java.security.AccessController.doPrivileged(Native Method)
	at javax.security.auth.Subject.doAs(Subject.java:422)
	at org.apache.hadoop.security.UserGroupInformation.doAs(UserGroupInformation.java:1730)
	at org.apache.hadoop.ipc.Server$Handler.run(Server.java:2682)
2019-11-14 00:33:01,829 [IPC Server handler 18 on 35409] INFO  block.BlockManagerImpl (BlockManagerImpl.java:allocateBlock(212)) - Could not find available pipeline of type:RATIS and factor:THREE even after retrying
2019-11-14 00:33:01,829 [IPC Server handler 18 on 35409] ERROR block.BlockManagerImpl (BlockManagerImpl.java:allocateBlock(236)) - Unable to allocate a block for the size: 4194304, type: RATIS, factor: THREE
2019-11-14 00:33:01,833 [main] ERROR io.BlockOutputStreamEntryPool (BlockOutputStreamEntryPool.java:allocateBlockIfNeeded(310)) - Try to allocate more blocks for write failed, already allocated 0 blocks for this write.
INTERNAL_ERROR org.apache.hadoop.ozone.om.exceptions.OMException: Allocated 0 blocks. Requested 1 blocks
	at org.apache.hadoop.ozone.om.protocolPB.OzoneManagerProtocolClientSideTranslatorPB.handleError(OzoneManagerProtocolClientSideTranslatorPB.java:761)
	at org.apache.hadoop.ozone.om.protocolPB.OzoneManagerProtocolClientSideTranslatorPB.allocateBlock(OzoneManagerProtocolClientSideTranslatorPB.java:793)
	at sun.reflect.NativeMethodAccessorImpl.invoke0(Native Method)
	at sun.reflect.NativeMethodAccessorImpl.invoke(NativeMethodAccessorImpl.java:62)
	at sun.reflect.DelegatingMethodAccessorImpl.invoke(DelegatingMethodAccessorImpl.java:43)
	at java.lang.reflect.Method.invoke(Method.java:498)
	at org.apache.hadoop.hdds.tracing.TraceAllMethod.invoke(TraceAllMethod.java:66)
	at com.sun.proxy.$Proxy36.allocateBlock(Unknown Source)
	at org.apache.hadoop.ozone.client.io.BlockOutputStreamEntryPool.allocateNewBlock(BlockOutputStreamEntryPool.java:259)
	at org.apache.hadoop.ozone.client.io.BlockOutputStreamEntryPool.allocateBlockIfNeeded(BlockOutputStreamEntryPool.java:307)
	at org.apache.hadoop.ozone.client.io.KeyOutputStream.handleWrite(KeyOutputStream.java:198)
	at org.apache.hadoop.ozone.client.io.KeyOutputStream.handleRetry(KeyOutputStream.java:375)
	at org.apache.hadoop.ozone.client.io.KeyOutputStream.handleException(KeyOutputStream.java:324)
	at org.apache.hadoop.ozone.client.io.KeyOutputStream.handleWrite(KeyOutputStream.java:228)
	at org.apache.hadoop.ozone.client.io.KeyOutputStream.write(KeyOutputStream.java:190)
	at org.apache.hadoop.ozone.client.io.OzoneOutputStream.write(OzoneOutputStream.java:49)
	at java.io.OutputStream.write(OutputStream.java:75)
	at org.apache.hadoop.ozone.client.rpc.TestMultiBlockWritesWithDnFailures.testMultiBlockWritesWithDnFailures(TestMultiBlockWritesWithDnFailures.java:123)
	at sun.reflect.NativeMethodAccessorImpl.invoke0(Native Method)
	at sun.reflect.NativeMethodAccessorImpl.invoke(NativeMethodAccessorImpl.java:62)
	at sun.reflect.DelegatingMethodAccessorImpl.invoke(DelegatingMethodAccessorImpl.java:43)
	at java.lang.reflect.Method.invoke(Method.java:498)
	at org.junit.runners.model.FrameworkMethod$1.runReflectiveCall(FrameworkMethod.java:47)
	at org.junit.internal.runners.model.ReflectiveCallable.run(ReflectiveCallable.java:12)
	at org.junit.runners.model.FrameworkMethod.invokeExplosively(FrameworkMethod.java:44)
	at org.junit.internal.runners.statements.InvokeMethod.evaluate(InvokeMethod.java:17)
	at org.junit.internal.runners.statements.RunAfters.evaluate(RunAfters.java:27)
	at org.junit.runners.ParentRunner.runLeaf(ParentRunner.java:271)
	at org.junit.runners.BlockJUnit4ClassRunner.runChild(BlockJUnit4ClassRunner.java:70)
	at org.junit.runners.BlockJUnit4ClassRunner.runChild(BlockJUnit4ClassRunner.java:50)
	at org.junit.runners.ParentRunner$3.run(ParentRunner.java:238)
	at org.junit.runners.ParentRunner$1.schedule(ParentRunner.java:63)
	at org.junit.runners.ParentRunner.runChildren(ParentRunner.java:236)
	at org.junit.runners.ParentRunner.access$000(ParentRunner.java:53)
	at org.junit.runners.ParentRunner$2.evaluate(ParentRunner.java:229)
	at org.junit.runners.ParentRunner.run(ParentRunner.java:309)
	at org.apache.maven.surefire.junit4.JUnit4Provider.execute(JUnit4Provider.java:365)
	at org.apache.maven.surefire.junit4.JUnit4Provider.executeWithRerun(JUnit4Provider.java:273)
	at org.apache.maven.surefire.junit4.JUnit4Provider.executeTestSet(JUnit4Provider.java:238)
	at org.apache.maven.surefire.junit4.JUnit4Provider.invoke(JUnit4Provider.java:159)
	at org.apache.maven.surefire.booter.ForkedBooter.invokeProviderInSameClassLoader(ForkedBooter.java:384)
	at org.apache.maven.surefire.booter.ForkedBooter.runSuitesInProcess(ForkedBooter.java:345)
	at org.apache.maven.surefire.booter.ForkedBooter.execute(ForkedBooter.java:126)
	at org.apache.maven.surefire.booter.ForkedBooter.main(ForkedBooter.java:418)
2019-11-14 00:33:01,833 [main] INFO  ozone.MiniOzoneClusterImpl (MiniOzoneClusterImpl.java:shutdown(352)) - Shutting down the Mini Ozone Cluster
2019-11-14 00:33:01,834 [main] INFO  ozone.MiniOzoneClusterImpl (MiniOzoneClusterImpl.java:stop(368)) - Stopping the Mini Ozone Cluster
2019-11-14 00:33:01,834 [main] INFO  ozone.MiniOzoneClusterImpl (MiniOzoneClusterImpl.java:stopOM(438)) - Stopping the OzoneManager
2019-11-14 00:33:01,834 [main] INFO  ipc.Server (Server.java:stop(3082)) - Stopping server on 42777
2019-11-14 00:33:01,839 [IPC Server listener on 42777] INFO  ipc.Server (Server.java:run(1185)) - Stopping IPC Server listener on 42777
2019-11-14 00:33:01,844 [main] INFO  ratis.OzoneManagerDoubleBuffer (OzoneManagerDoubleBuffer.java:stop(261)) - Stopping OMDoubleBuffer flush thread
2019-11-14 00:33:01,844 [IPC Server Responder] INFO  ipc.Server (Server.java:run(1319)) - Stopping IPC Server Responder
2019-11-14 00:33:01,845 [OMDoubleBufferFlushThread] INFO  ratis.OzoneManagerDoubleBuffer (OzoneManagerDoubleBuffer.java:flushTransactions(199)) - OMDoubleBuffer flush thread OMDoubleBufferFlushThread is interrupted and will exit. OMDoubleBufferFlushThread
2019-11-14 00:33:01,845 [main] INFO  utils.BackgroundService (BackgroundService.java:shutdown(151)) - Shutting down service KeyDeletingService
2019-11-14 00:33:01,984 [Thread-2492] INFO  impl.FollowerState (FollowerState.java:run(111)) - 599e9361-b00a-4387-8c81-1beb440b27b2@group-0BC801716B22-FollowerState: change to CANDIDATE, lastRpcTime:1007ms, electionTimeout:1007ms
2019-11-14 00:33:01,984 [Thread-2492] INFO  impl.RoleInfo (RoleInfo.java:shutdownFollowerState(121)) - 599e9361-b00a-4387-8c81-1beb440b27b2: shutdown FollowerState
2019-11-14 00:33:01,984 [Thread-2492] INFO  impl.RaftServerImpl (RaftServerImpl.java:setRole(173)) - 599e9361-b00a-4387-8c81-1beb440b27b2@group-0BC801716B22: changes role from  FOLLOWER to CANDIDATE at term 0 for changeToCandidate
2019-11-14 00:33:01,984 [Thread-2492] INFO  impl.RoleInfo (RoleInfo.java:updateAndGet(143)) - 599e9361-b00a-4387-8c81-1beb440b27b2: start LeaderElection
2019-11-14 00:33:02,038 [Thread-2485] INFO  impl.FollowerState (FollowerState.java:run(111)) - c0a90149-7086-438b-b575-a58c52a879cd@group-F07F0236B362-FollowerState: change to CANDIDATE, lastRpcTime:1117ms, electionTimeout:1117ms
2019-11-14 00:33:02,038 [Thread-2485] INFO  impl.RoleInfo (RoleInfo.java:shutdownFollowerState(121)) - c0a90149-7086-438b-b575-a58c52a879cd: shutdown FollowerState
2019-11-14 00:33:02,038 [Thread-2481] INFO  impl.FollowerState (FollowerState.java:run(111)) - 75a811de-d3cd-4e06-b16e-b70ad37a4427@group-F07F0236B362-FollowerState: change to CANDIDATE, lastRpcTime:1122ms, electionTimeout:1122ms
2019-11-14 00:33:02,039 [Thread-2485] INFO  impl.RaftServerImpl (RaftServerImpl.java:setRole(173)) - c0a90149-7086-438b-b575-a58c52a879cd@group-F07F0236B362: changes role from  FOLLOWER to CANDIDATE at term 0 for changeToCandidate
2019-11-14 00:33:02,039 [Thread-2481] INFO  impl.RoleInfo (RoleInfo.java:shutdownFollowerState(121)) - 75a811de-d3cd-4e06-b16e-b70ad37a4427: shutdown FollowerState
2019-11-14 00:33:02,039 [Thread-2485] INFO  impl.RoleInfo (RoleInfo.java:updateAndGet(143)) - c0a90149-7086-438b-b575-a58c52a879cd: start LeaderElection
2019-11-14 00:33:02,039 [Thread-2481] INFO  impl.RaftServerImpl (RaftServerImpl.java:setRole(173)) - 75a811de-d3cd-4e06-b16e-b70ad37a4427@group-F07F0236B362: changes role from  FOLLOWER to CANDIDATE at term 0 for changeToCandidate
2019-11-14 00:33:02,039 [Thread-2481] INFO  impl.RoleInfo (RoleInfo.java:updateAndGet(143)) - 75a811de-d3cd-4e06-b16e-b70ad37a4427: start LeaderElection
2019-11-14 00:33:02,104 [Thread-2486] INFO  impl.FollowerState (FollowerState.java:run(111)) - 82068b54-9744-4929-951d-196898e4ec33@group-F07F0236B362-FollowerState: change to CANDIDATE, lastRpcTime:1182ms, electionTimeout:1182ms
2019-11-14 00:33:02,104 [Thread-2486] INFO  impl.RoleInfo (RoleInfo.java:shutdownFollowerState(121)) - 82068b54-9744-4929-951d-196898e4ec33: shutdown FollowerState
2019-11-14 00:33:02,104 [Thread-2486] INFO  impl.RaftServerImpl (RaftServerImpl.java:setRole(173)) - 82068b54-9744-4929-951d-196898e4ec33@group-F07F0236B362: changes role from  FOLLOWER to CANDIDATE at term 0 for changeToCandidate
2019-11-14 00:33:02,104 [Thread-2486] INFO  impl.RoleInfo (RoleInfo.java:updateAndGet(143)) - 82068b54-9744-4929-951d-196898e4ec33: start LeaderElection
2019-11-14 00:33:02,190 [Thread-2499] INFO  impl.FollowerState (FollowerState.java:run(111)) - c7c4673b-1be2-45f8-9c29-c9228fccc788@group-792301D60944-FollowerState: change to CANDIDATE, lastRpcTime:1104ms, electionTimeout:1104ms
2019-11-14 00:33:02,190 [Thread-2499] INFO  impl.RoleInfo (RoleInfo.java:shutdownFollowerState(121)) - c7c4673b-1be2-45f8-9c29-c9228fccc788: shutdown FollowerState
2019-11-14 00:33:02,190 [Thread-2499] INFO  impl.RaftServerImpl (RaftServerImpl.java:setRole(173)) - c7c4673b-1be2-45f8-9c29-c9228fccc788@group-792301D60944: changes role from  FOLLOWER to CANDIDATE at term 0 for changeToCandidate
2019-11-14 00:33:02,190 [Thread-2499] INFO  impl.RoleInfo (RoleInfo.java:updateAndGet(143)) - c7c4673b-1be2-45f8-9c29-c9228fccc788: start LeaderElection
2019-11-14 00:33:02,200 [Thread-2495] INFO  impl.FollowerState (FollowerState.java:run(111)) - 75a811de-d3cd-4e06-b16e-b70ad37a4427@group-A2A8DC483323-FollowerState: change to CANDIDATE, lastRpcTime:1165ms, electionTimeout:1165ms
2019-11-14 00:33:02,200 [Thread-2495] INFO  impl.RoleInfo (RoleInfo.java:shutdownFollowerState(121)) - 75a811de-d3cd-4e06-b16e-b70ad37a4427: shutdown FollowerState
2019-11-14 00:33:02,200 [Thread-2495] INFO  impl.RaftServerImpl (RaftServerImpl.java:setRole(173)) - 75a811de-d3cd-4e06-b16e-b70ad37a4427@group-A2A8DC483323: changes role from  FOLLOWER to CANDIDATE at term 0 for changeToCandidate
2019-11-14 00:33:02,200 [Thread-2495] INFO  impl.RoleInfo (RoleInfo.java:updateAndGet(143)) - 75a811de-d3cd-4e06-b16e-b70ad37a4427: start LeaderElection
2019-11-14 00:33:03,429 [c0a90149-7086-438b-b575-a58c52a879cd@group-358C58BD3182-LeaderElection86] INFO  impl.LeaderElection (LeaderElection.java:askForVotes(178)) - c0a90149-7086-438b-b575-a58c52a879cd@group-358C58BD3182-LeaderElection86: begin an election at term 1 for -1: [c0a90149-7086-438b-b575-a58c52a879cd:192.168.34.25:33958], old=null
2019-11-14 00:33:03,429 [c7c4673b-1be2-45f8-9c29-c9228fccc788@group-1A4CCE29B0F9-LeaderElection87] INFO  impl.LeaderElection (LeaderElection.java:askForVotes(178)) - c7c4673b-1be2-45f8-9c29-c9228fccc788@group-1A4CCE29B0F9-LeaderElection87: begin an election at term 1 for -1: [c7c4673b-1be2-45f8-9c29-c9228fccc788:192.168.34.25:39151, 599e9361-b00a-4387-8c81-1beb440b27b2:192.168.34.25:40470, 4b7ea911-6ec4-41f6-86c3-8c310b409e67:192.168.34.25:41710], old=null
2019-11-14 00:33:03,429 [c0a90149-7086-438b-b575-a58c52a879cd@group-358C58BD3182-LeaderElection86] INFO  impl.RoleInfo (RoleInfo.java:shutdownLeaderElection(134)) - c0a90149-7086-438b-b575-a58c52a879cd: shutdown LeaderElection
2019-11-14 00:33:03,429 [4b7ea911-6ec4-41f6-86c3-8c310b409e67@group-1A4CCE29B0F9-LeaderElection88] INFO  impl.LeaderElection (LeaderElection.java:askForVotes(178)) - 4b7ea911-6ec4-41f6-86c3-8c310b409e67@group-1A4CCE29B0F9-LeaderElection88: begin an election at term 1 for -1: [c7c4673b-1be2-45f8-9c29-c9228fccc788:192.168.34.25:39151, 599e9361-b00a-4387-8c81-1beb440b27b2:192.168.34.25:40470, 4b7ea911-6ec4-41f6-86c3-8c310b409e67:192.168.34.25:41710], old=null
2019-11-14 00:33:03,429 [599e9361-b00a-4387-8c81-1beb440b27b2@group-1A4CCE29B0F9-LeaderElection89] INFO  impl.LeaderElection (LeaderElection.java:askForVotes(178)) - 599e9361-b00a-4387-8c81-1beb440b27b2@group-1A4CCE29B0F9-LeaderElection89: begin an election at term 1 for -1: [c7c4673b-1be2-45f8-9c29-c9228fccc788:192.168.34.25:39151, 599e9361-b00a-4387-8c81-1beb440b27b2:192.168.34.25:40470, 4b7ea911-6ec4-41f6-86c3-8c310b409e67:192.168.34.25:41710], old=null
2019-11-14 00:33:03,429 [c0a90149-7086-438b-b575-a58c52a879cd@group-358C58BD3182-LeaderElection86] INFO  impl.RaftServerImpl (RaftServerImpl.java:setRole(173)) - c0a90149-7086-438b-b575-a58c52a879cd@group-358C58BD3182: changes role from CANDIDATE to LEADER at term 1 for changeToLeader
2019-11-14 00:33:03,429 [c0a90149-7086-438b-b575-a58c52a879cd@group-358C58BD3182-LeaderElection86] INFO  ratis.XceiverServerRatis (XceiverServerRatis.java:handleLeaderChangedNotification(697)) - Leader change notification received for group: group-358C58BD3182 with new leaderId: c0a90149-7086-438b-b575-a58c52a879cd
2019-11-14 00:33:03,430 [c0a90149-7086-438b-b575-a58c52a879cd@group-358C58BD3182-LeaderElection86] INFO  impl.RaftServerImpl (ServerState.java:setLeader(255)) - c0a90149-7086-438b-b575-a58c52a879cd@group-358C58BD3182: change Leader from null to c0a90149-7086-438b-b575-a58c52a879cd at term 1 for becomeLeader, leader elected after 2988ms
2019-11-14 00:33:03,430 [c0a90149-7086-438b-b575-a58c52a879cd@group-358C58BD3182-LeaderElection86] INFO  server.RaftServerConfigKeys (ConfUtils.java:logGet(43)) - raft.server.staging.catchup.gap = 1000 (default)
2019-11-14 00:33:03,430 [c0a90149-7086-438b-b575-a58c52a879cd@group-358C58BD3182-LeaderElection86] INFO  server.RaftServerConfigKeys (ConfUtils.java:logGet(43)) - raft.server.rpc.sleep.time = 25ms (default)
2019-11-14 00:33:03,430 [c0a90149-7086-438b-b575-a58c52a879cd@group-358C58BD3182-LeaderElection86] INFO  server.RaftServerConfigKeys (ConfUtils.java:logGet(43)) - raft.server.write.element-limit = 4096 (default)
2019-11-14 00:33:03,430 [c0a90149-7086-438b-b575-a58c52a879cd@group-358C58BD3182-LeaderElection86] INFO  server.RaftServerConfigKeys (ConfUtils.java:logGet(43)) - raft.server.watch.timeout = 10s (default)
2019-11-14 00:33:03,430 [c0a90149-7086-438b-b575-a58c52a879cd@group-358C58BD3182-LeaderElection86] INFO  server.RaftServerConfigKeys (ConfUtils.java:logGet(43)) - raft.server.watch.timeout.denomination = 1s (default)
2019-11-14 00:33:03,430 [c0a90149-7086-438b-b575-a58c52a879cd@group-358C58BD3182-LeaderElection86] INFO  server.RaftServerConfigKeys (ConfUtils.java:logGet(43)) - raft.server.watch.element-limit = 65536 (default)
2019-11-14 00:33:03,431 [c0a90149-7086-438b-b575-a58c52a879cd@group-358C58BD3182-LeaderElection86] INFO  impl.RoleInfo (RoleInfo.java:updateAndGet(143)) - c0a90149-7086-438b-b575-a58c52a879cd: start LeaderState
2019-11-14 00:33:03,431 [c0a90149-7086-438b-b575-a58c52a879cd@group-358C58BD3182-LeaderElection86] INFO  segmented.SegmentedRaftLogWorker (SegmentedRaftLogWorker.java:startLogSegment(385)) - c0a90149-7086-438b-b575-a58c52a879cd@group-358C58BD3182-SegmentedRaftLogWorker: Starting segment from index:0
2019-11-14 00:33:03,431 [EventQueue-PipelineReportForPipelineReportHandler] INFO  pipeline.PipelineStateManager (PipelineStateManager.java:openPipeline(134)) - Pipeline Pipeline[ Id: f8dc6c56-ab63-4b33-84dc-358c58bd3182, Nodes: c0a90149-7086-438b-b575-a58c52a879cd{ip: 192.168.34.25, host: pr-hdds-2474-ghsjm-2904119463, networkLocation: /default-rack, certSerialId: null}, Type:RATIS, Factor:ONE, State:OPEN] moved to OPEN state
2019-11-14 00:33:03,431 [c0a90149-7086-438b-b575-a58c52a879cd@group-358C58BD3182-LeaderElection86] INFO  impl.RaftServerImpl (ServerState.java:setRaftConf(356)) - c0a90149-7086-438b-b575-a58c52a879cd@group-358C58BD3182: set configuration 0: [c0a90149-7086-438b-b575-a58c52a879cd:192.168.34.25:33958], old=null at 0
2019-11-14 00:33:03,435 [4b7ea911-6ec4-41f6-86c3-8c310b409e67@group-1A4CCE29B0F9-LeaderElection88] INFO  impl.LeaderElection (LeaderElection.java:logAndReturn(56)) - 4b7ea911-6ec4-41f6-86c3-8c310b409e67@group-1A4CCE29B0F9-LeaderElection88: Election REJECTED; received 2 response(s) [4b7ea911-6ec4-41f6-86c3-8c310b409e67<-c7c4673b-1be2-45f8-9c29-c9228fccc788#0:FAIL-t1, 4b7ea911-6ec4-41f6-86c3-8c310b409e67<-599e9361-b00a-4387-8c81-1beb440b27b2#0:FAIL-t1] and 0 exception(s); 4b7ea911-6ec4-41f6-86c3-8c310b409e67@group-1A4CCE29B0F9:t1, leader=null, voted=4b7ea911-6ec4-41f6-86c3-8c310b409e67, raftlog=4b7ea911-6ec4-41f6-86c3-8c310b409e67@group-1A4CCE29B0F9-SegmentedRaftLog:OPENED:c-1,f-1,i0, conf=-1: [c7c4673b-1be2-45f8-9c29-c9228fccc788:192.168.34.25:39151, 599e9361-b00a-4387-8c81-1beb440b27b2:192.168.34.25:40470, 4b7ea911-6ec4-41f6-86c3-8c310b409e67:192.168.34.25:41710], old=null
2019-11-14 00:33:03,435 [4b7ea911-6ec4-41f6-86c3-8c310b409e67@group-1A4CCE29B0F9-LeaderElection88] INFO  impl.RaftServerImpl (RaftServerImpl.java:setRole(173)) - 4b7ea911-6ec4-41f6-86c3-8c310b409e67@group-1A4CCE29B0F9: changes role from CANDIDATE to FOLLOWER at term 1 for DISCOVERED_A_NEW_TERM
2019-11-14 00:33:03,435 [4b7ea911-6ec4-41f6-86c3-8c310b409e67@group-1A4CCE29B0F9-LeaderElection88] INFO  impl.RoleInfo (RoleInfo.java:shutdownLeaderElection(134)) - 4b7ea911-6ec4-41f6-86c3-8c310b409e67: shutdown LeaderElection
2019-11-14 00:33:03,435 [c7c4673b-1be2-45f8-9c29-c9228fccc788@group-1A4CCE29B0F9-LeaderElection87] INFO  impl.LeaderElection (LeaderElection.java:logAndReturn(56)) - c7c4673b-1be2-45f8-9c29-c9228fccc788@group-1A4CCE29B0F9-LeaderElection87: Election REJECTED; received 2 response(s) [c7c4673b-1be2-45f8-9c29-c9228fccc788<-599e9361-b00a-4387-8c81-1beb440b27b2#0:FAIL-t1, c7c4673b-1be2-45f8-9c29-c9228fccc788<-4b7ea911-6ec4-41f6-86c3-8c310b409e67#0:FAIL-t1] and 0 exception(s); c7c4673b-1be2-45f8-9c29-c9228fccc788@group-1A4CCE29B0F9:t1, leader=null, voted=c7c4673b-1be2-45f8-9c29-c9228fccc788, raftlog=c7c4673b-1be2-45f8-9c29-c9228fccc788@group-1A4CCE29B0F9-SegmentedRaftLog:OPENED:c-1,f-1,i0, conf=-1: [c7c4673b-1be2-45f8-9c29-c9228fccc788:192.168.34.25:39151, 599e9361-b00a-4387-8c81-1beb440b27b2:192.168.34.25:40470, 4b7ea911-6ec4-41f6-86c3-8c310b409e67:192.168.34.25:41710], old=null
2019-11-14 00:33:03,435 [4b7ea911-6ec4-41f6-86c3-8c310b409e67@group-1A4CCE29B0F9-LeaderElection88] INFO  impl.RoleInfo (RoleInfo.java:updateAndGet(143)) - 4b7ea911-6ec4-41f6-86c3-8c310b409e67: start FollowerState
2019-11-14 00:33:03,435 [c7c4673b-1be2-45f8-9c29-c9228fccc788@group-1A4CCE29B0F9-LeaderElection87] INFO  impl.RaftServerImpl (RaftServerImpl.java:setRole(173)) - c7c4673b-1be2-45f8-9c29-c9228fccc788@group-1A4CCE29B0F9: changes role from CANDIDATE to FOLLOWER at term 1 for DISCOVERED_A_NEW_TERM
2019-11-14 00:33:03,436 [c7c4673b-1be2-45f8-9c29-c9228fccc788@group-1A4CCE29B0F9-LeaderElection87] INFO  impl.RoleInfo (RoleInfo.java:shutdownLeaderElection(134)) - c7c4673b-1be2-45f8-9c29-c9228fccc788: shutdown LeaderElection
2019-11-14 00:33:03,436 [c7c4673b-1be2-45f8-9c29-c9228fccc788@group-1A4CCE29B0F9-LeaderElection87] INFO  impl.RoleInfo (RoleInfo.java:updateAndGet(143)) - c7c4673b-1be2-45f8-9c29-c9228fccc788: start FollowerState
2019-11-14 00:33:03,436 [599e9361-b00a-4387-8c81-1beb440b27b2@group-1A4CCE29B0F9-LeaderElection89] INFO  impl.LeaderElection (LeaderElection.java:logAndReturn(56)) - 599e9361-b00a-4387-8c81-1beb440b27b2@group-1A4CCE29B0F9-LeaderElection89: Election REJECTED; received 2 response(s) [599e9361-b00a-4387-8c81-1beb440b27b2<-c7c4673b-1be2-45f8-9c29-c9228fccc788#0:FAIL-t1, 599e9361-b00a-4387-8c81-1beb440b27b2<-4b7ea911-6ec4-41f6-86c3-8c310b409e67#0:FAIL-t1] and 0 exception(s); 599e9361-b00a-4387-8c81-1beb440b27b2@group-1A4CCE29B0F9:t1, leader=null, voted=599e9361-b00a-4387-8c81-1beb440b27b2, raftlog=599e9361-b00a-4387-8c81-1beb440b27b2@group-1A4CCE29B0F9-SegmentedRaftLog:OPENED:c-1,f-1,i0, conf=-1: [c7c4673b-1be2-45f8-9c29-c9228fccc788:192.168.34.25:39151, 599e9361-b00a-4387-8c81-1beb440b27b2:192.168.34.25:40470, 4b7ea911-6ec4-41f6-86c3-8c310b409e67:192.168.34.25:41710], old=null
2019-11-14 00:33:03,436 [599e9361-b00a-4387-8c81-1beb440b27b2@group-1A4CCE29B0F9-LeaderElection89] INFO  impl.RaftServerImpl (RaftServerImpl.java:setRole(173)) - 599e9361-b00a-4387-8c81-1beb440b27b2@group-1A4CCE29B0F9: changes role from CANDIDATE to FOLLOWER at term 1 for DISCOVERED_A_NEW_TERM
2019-11-14 00:33:03,436 [599e9361-b00a-4387-8c81-1beb440b27b2@group-1A4CCE29B0F9-LeaderElection89] INFO  impl.RoleInfo (RoleInfo.java:shutdownLeaderElection(134)) - 599e9361-b00a-4387-8c81-1beb440b27b2: shutdown LeaderElection
2019-11-14 00:33:03,436 [599e9361-b00a-4387-8c81-1beb440b27b2@group-1A4CCE29B0F9-LeaderElection89] INFO  impl.RoleInfo (RoleInfo.java:updateAndGet(143)) - 599e9361-b00a-4387-8c81-1beb440b27b2: start FollowerState
2019-11-14 00:33:03,440 [main] INFO  handler.ContextHandler (ContextHandler.java:doStop(910)) - Stopped o.e.j.w.WebAppContext@d3f4505{/,null,UNAVAILABLE}{/ozoneManager}
2019-11-14 00:33:03,441 [main] INFO  server.AbstractConnector (AbstractConnector.java:doStop(318)) - Stopped ServerConnector@3eb292cd{HTTP/1.1,[http/1.1]}{0.0.0.0:0}
2019-11-14 00:33:03,442 [main] INFO  handler.ContextHandler (ContextHandler.java:doStop(910)) - Stopped o.e.j.s.ServletContextHandler@3234474{/static,file:///workdir/hadoop-ozone/integration-test/target/test-classes/webapps/static,UNAVAILABLE}
2019-11-14 00:33:03,442 [main] INFO  handler.ContextHandler (ContextHandler.java:doStop(910)) - Stopped o.e.j.s.ServletContextHandler@6ef60295{/logs,file:///workdir/hadoop-ozone/integration-test/target/log,UNAVAILABLE}
2019-11-14 00:33:04,506 [Thread-2522] INFO  impl.FollowerState (FollowerState.java:run(111)) - 599e9361-b00a-4387-8c81-1beb440b27b2@group-1A4CCE29B0F9-FollowerState: change to CANDIDATE, lastRpcTime:1069ms, electionTimeout:1069ms
2019-11-14 00:33:04,506 [Thread-2522] INFO  impl.RoleInfo (RoleInfo.java:shutdownFollowerState(121)) - 599e9361-b00a-4387-8c81-1beb440b27b2: shutdown FollowerState
2019-11-14 00:33:04,506 [Thread-2522] INFO  impl.RaftServerImpl (RaftServerImpl.java:setRole(173)) - 599e9361-b00a-4387-8c81-1beb440b27b2@group-1A4CCE29B0F9: changes role from  FOLLOWER to CANDIDATE at term 1 for changeToCandidate
2019-11-14 00:33:04,506 [Thread-2522] INFO  impl.RoleInfo (RoleInfo.java:updateAndGet(143)) - 599e9361-b00a-4387-8c81-1beb440b27b2: start LeaderElection
2019-11-14 00:33:04,611 [Thread-2520] INFO  impl.FollowerState (FollowerState.java:run(111)) - 4b7ea911-6ec4-41f6-86c3-8c310b409e67@group-1A4CCE29B0F9-FollowerState: change to CANDIDATE, lastRpcTime:1175ms, electionTimeout:1175ms
2019-11-14 00:33:04,611 [Thread-2520] INFO  impl.RoleInfo (RoleInfo.java:shutdownFollowerState(121)) - 4b7ea911-6ec4-41f6-86c3-8c310b409e67: shutdown FollowerState
2019-11-14 00:33:04,611 [Thread-2520] INFO  impl.RaftServerImpl (RaftServerImpl.java:setRole(173)) - 4b7ea911-6ec4-41f6-86c3-8c310b409e67@group-1A4CCE29B0F9: changes role from  FOLLOWER to CANDIDATE at term 1 for changeToCandidate
2019-11-14 00:33:04,611 [Thread-2520] INFO  impl.RoleInfo (RoleInfo.java:updateAndGet(143)) - 4b7ea911-6ec4-41f6-86c3-8c310b409e67: start LeaderElection
2019-11-14 00:33:04,628 [Thread-2521] INFO  impl.FollowerState (FollowerState.java:run(111)) - c7c4673b-1be2-45f8-9c29-c9228fccc788@group-1A4CCE29B0F9-FollowerState: change to CANDIDATE, lastRpcTime:1192ms, electionTimeout:1192ms
2019-11-14 00:33:04,629 [Thread-2521] INFO  impl.RoleInfo (RoleInfo.java:shutdownFollowerState(121)) - c7c4673b-1be2-45f8-9c29-c9228fccc788: shutdown FollowerState
2019-11-14 00:33:04,629 [Thread-2521] INFO  impl.RaftServerImpl (RaftServerImpl.java:setRole(173)) - c7c4673b-1be2-45f8-9c29-c9228fccc788@group-1A4CCE29B0F9: changes role from  FOLLOWER to CANDIDATE at term 1 for changeToCandidate
2019-11-14 00:33:04,629 [Thread-2521] INFO  impl.RoleInfo (RoleInfo.java:updateAndGet(143)) - c7c4673b-1be2-45f8-9c29-c9228fccc788: start LeaderElection
2019-11-14 00:33:04,840 [main] INFO  ozone.MiniOzoneClusterImpl (MiniOzoneClusterImpl.java:stopDatanodes(415)) - Stopping the HddsDatanodes
2019-11-14 00:33:04,884 [Datanode State Machine Thread - 0] INFO  statemachine.DatanodeStateMachine (DatanodeStateMachine.java:lambda$startDaemon$0(350)) - Ozone container server started.
2019-11-14 00:33:04,919 [c0a90149-7086-438b-b575-a58c52a879cd@group-358C58BD3182-SegmentedRaftLogWorker] INFO  segmented.SegmentedRaftLogWorker (SegmentedRaftLogWorker.java:execute(576)) - c0a90149-7086-438b-b575-a58c52a879cd@group-358C58BD3182-SegmentedRaftLogWorker: created new log segment /workdir/hadoop-ozone/integration-test/target/test-dir/MiniOzoneClusterImpl-60470fcf-478e-41fe-85ae-08a0494ed2ed/datanode-1/data/ratis/f8dc6c56-ab63-4b33-84dc-358c58bd3182/current/log_inprogress_0
2019-11-14 00:33:04,919 [c0a90149-7086-438b-b575-a58c52a879cd@group-F07F0236B362-LeaderElection91] INFO  impl.LeaderElection (LeaderElection.java:askForVotes(178)) - c0a90149-7086-438b-b575-a58c52a879cd@group-F07F0236B362-LeaderElection91: begin an election at term 1 for -1: [82068b54-9744-4929-951d-196898e4ec33:192.168.34.25:45067, c0a90149-7086-438b-b575-a58c52a879cd:192.168.34.25:33958, 75a811de-d3cd-4e06-b16e-b70ad37a4427:192.168.34.25:45226], old=null
2019-11-14 00:33:04,919 [75a811de-d3cd-4e06-b16e-b70ad37a4427@group-F07F0236B362-LeaderElection92] INFO  impl.LeaderElection (LeaderElection.java:askForVotes(178)) - 75a811de-d3cd-4e06-b16e-b70ad37a4427@group-F07F0236B362-LeaderElection92: begin an election at term 1 for -1: [82068b54-9744-4929-951d-196898e4ec33:192.168.34.25:45067, c0a90149-7086-438b-b575-a58c52a879cd:192.168.34.25:33958, 75a811de-d3cd-4e06-b16e-b70ad37a4427:192.168.34.25:45226], old=null
2019-11-14 00:33:04,919 [82068b54-9744-4929-951d-196898e4ec33@group-F07F0236B362-LeaderElection93] INFO  impl.LeaderElection (LeaderElection.java:askForVotes(178)) - 82068b54-9744-4929-951d-196898e4ec33@group-F07F0236B362-LeaderElection93: begin an election at term 1 for -1: [82068b54-9744-4929-951d-196898e4ec33:192.168.34.25:45067, c0a90149-7086-438b-b575-a58c52a879cd:192.168.34.25:33958, 75a811de-d3cd-4e06-b16e-b70ad37a4427:192.168.34.25:45226], old=null
2019-11-14 00:33:04,919 [599e9361-b00a-4387-8c81-1beb440b27b2@group-0BC801716B22-LeaderElection90] INFO  impl.LeaderElection (LeaderElection.java:askForVotes(178)) - 599e9361-b00a-4387-8c81-1beb440b27b2@group-0BC801716B22-LeaderElection90: begin an election at term 1 for -1: [599e9361-b00a-4387-8c81-1beb440b27b2:192.168.34.25:40470], old=null
2019-11-14 00:33:04,920 [599e9361-b00a-4387-8c81-1beb440b27b2@group-0BC801716B22-LeaderElection90] INFO  impl.RoleInfo (RoleInfo.java:shutdownLeaderElection(134)) - 599e9361-b00a-4387-8c81-1beb440b27b2: shutdown LeaderElection
2019-11-14 00:33:04,920 [599e9361-b00a-4387-8c81-1beb440b27b2@group-0BC801716B22-LeaderElection90] INFO  impl.RaftServerImpl (RaftServerImpl.java:setRole(173)) - 599e9361-b00a-4387-8c81-1beb440b27b2@group-0BC801716B22: changes role from CANDIDATE to LEADER at term 1 for changeToLeader
2019-11-14 00:33:04,920 [599e9361-b00a-4387-8c81-1beb440b27b2@group-0BC801716B22-LeaderElection90] INFO  ratis.XceiverServerRatis (XceiverServerRatis.java:handleLeaderChangedNotification(697)) - Leader change notification received for group: group-0BC801716B22 with new leaderId: 599e9361-b00a-4387-8c81-1beb440b27b2
2019-11-14 00:33:04,920 [599e9361-b00a-4387-8c81-1beb440b27b2@group-0BC801716B22-LeaderElection90] INFO  impl.RaftServerImpl (ServerState.java:setLeader(255)) - 599e9361-b00a-4387-8c81-1beb440b27b2@group-0BC801716B22: change Leader from null to 599e9361-b00a-4387-8c81-1beb440b27b2 at term 1 for becomeLeader, leader elected after 3947ms
2019-11-14 00:33:04,921 [599e9361-b00a-4387-8c81-1beb440b27b2@group-0BC801716B22-LeaderElection90] INFO  server.RaftServerConfigKeys (ConfUtils.java:logGet(43)) - raft.server.staging.catchup.gap = 1000 (default)
2019-11-14 00:33:04,921 [599e9361-b00a-4387-8c81-1beb440b27b2@group-0BC801716B22-LeaderElection90] INFO  server.RaftServerConfigKeys (ConfUtils.java:logGet(43)) - raft.server.rpc.sleep.time = 25ms (default)
2019-11-14 00:33:04,921 [599e9361-b00a-4387-8c81-1beb440b27b2@group-0BC801716B22-LeaderElection90] INFO  server.RaftServerConfigKeys (ConfUtils.java:logGet(43)) - raft.server.write.element-limit = 4096 (default)
2019-11-14 00:33:04,921 [599e9361-b00a-4387-8c81-1beb440b27b2@group-0BC801716B22-LeaderElection90] INFO  server.RaftServerConfigKeys (ConfUtils.java:logGet(43)) - raft.server.watch.timeout = 10s (default)
2019-11-14 00:33:04,921 [599e9361-b00a-4387-8c81-1beb440b27b2@group-0BC801716B22-LeaderElection90] INFO  server.RaftServerConfigKeys (ConfUtils.java:logGet(43)) - raft.server.watch.timeout.denomination = 1s (default)
2019-11-14 00:33:04,921 [599e9361-b00a-4387-8c81-1beb440b27b2@group-0BC801716B22-LeaderElection90] INFO  server.RaftServerConfigKeys (ConfUtils.java:logGet(43)) - raft.server.watch.element-limit = 65536 (default)
2019-11-14 00:33:04,921 [599e9361-b00a-4387-8c81-1beb440b27b2@group-0BC801716B22-LeaderElection90] INFO  impl.RoleInfo (RoleInfo.java:updateAndGet(143)) - 599e9361-b00a-4387-8c81-1beb440b27b2: start LeaderState
2019-11-14 00:33:04,922 [599e9361-b00a-4387-8c81-1beb440b27b2@group-0BC801716B22-LeaderElection90] INFO  segmented.SegmentedRaftLogWorker (SegmentedRaftLogWorker.java:startLogSegment(385)) - 599e9361-b00a-4387-8c81-1beb440b27b2@group-0BC801716B22-SegmentedRaftLogWorker: Starting segment from index:0
2019-11-14 00:33:04,922 [599e9361-b00a-4387-8c81-1beb440b27b2@group-0BC801716B22-LeaderElection90] INFO  impl.RaftServerImpl (ServerState.java:setRaftConf(356)) - 599e9361-b00a-4387-8c81-1beb440b27b2@group-0BC801716B22: set configuration 0: [599e9361-b00a-4387-8c81-1beb440b27b2:192.168.34.25:40470], old=null at 0
2019-11-14 00:33:04,960 [c0a90149-7086-438b-b575-a58c52a879cd@group-F07F0236B362-LeaderElection91] INFO  impl.LeaderElection (LeaderElection.java:logAndReturn(56)) - c0a90149-7086-438b-b575-a58c52a879cd@group-F07F0236B362-LeaderElection91: Election REJECTED; received 2 response(s) [c0a90149-7086-438b-b575-a58c52a879cd<-82068b54-9744-4929-951d-196898e4ec33#0:FAIL-t1, c0a90149-7086-438b-b575-a58c52a879cd<-75a811de-d3cd-4e06-b16e-b70ad37a4427#0:FAIL-t1] and 0 exception(s); c0a90149-7086-438b-b575-a58c52a879cd@group-F07F0236B362:t1, leader=null, voted=c0a90149-7086-438b-b575-a58c52a879cd, raftlog=c0a90149-7086-438b-b575-a58c52a879cd@group-F07F0236B362-SegmentedRaftLog:OPENED:c-1,f-1,i0, conf=-1: [82068b54-9744-4929-951d-196898e4ec33:192.168.34.25:45067, c0a90149-7086-438b-b575-a58c52a879cd:192.168.34.25:33958, 75a811de-d3cd-4e06-b16e-b70ad37a4427:192.168.34.25:45226], old=null
2019-11-14 00:33:04,960 [c0a90149-7086-438b-b575-a58c52a879cd@group-F07F0236B362-LeaderElection91] INFO  impl.RaftServerImpl (RaftServerImpl.java:setRole(173)) - c0a90149-7086-438b-b575-a58c52a879cd@group-F07F0236B362: changes role from CANDIDATE to FOLLOWER at term 1 for DISCOVERED_A_NEW_TERM
2019-11-14 00:33:04,960 [82068b54-9744-4929-951d-196898e4ec33@group-F07F0236B362-LeaderElection93] INFO  impl.LeaderElection (LeaderElection.java:logAndReturn(56)) - 82068b54-9744-4929-951d-196898e4ec33@group-F07F0236B362-LeaderElection93: Election REJECTED; received 2 response(s) [82068b54-9744-4929-951d-196898e4ec33<-c0a90149-7086-438b-b575-a58c52a879cd#0:FAIL-t1, 82068b54-9744-4929-951d-196898e4ec33<-75a811de-d3cd-4e06-b16e-b70ad37a4427#0:FAIL-t1] and 0 exception(s); 82068b54-9744-4929-951d-196898e4ec33@group-F07F0236B362:t1, leader=null, voted=82068b54-9744-4929-951d-196898e4ec33, raftlog=82068b54-9744-4929-951d-196898e4ec33@group-F07F0236B362-SegmentedRaftLog:OPENED:c-1,f-1,i0, conf=-1: [82068b54-9744-4929-951d-196898e4ec33:192.168.34.25:45067, c0a90149-7086-438b-b575-a58c52a879cd:192.168.34.25:33958, 75a811de-d3cd-4e06-b16e-b70ad37a4427:192.168.34.25:45226], old=null
2019-11-14 00:33:04,960 [c0a90149-7086-438b-b575-a58c52a879cd@group-F07F0236B362-LeaderElection91] INFO  impl.RoleInfo (RoleInfo.java:shutdownLeaderElection(134)) - c0a90149-7086-438b-b575-a58c52a879cd: shutdown LeaderElection
2019-11-14 00:33:04,960 [75a811de-d3cd-4e06-b16e-b70ad37a4427@group-F07F0236B362-LeaderElection92] INFO  impl.LeaderElection (LeaderElection.java:logAndReturn(56)) - 75a811de-d3cd-4e06-b16e-b70ad37a4427@group-F07F0236B362-LeaderElection92: Election REJECTED; received 2 response(s) [75a811de-d3cd-4e06-b16e-b70ad37a4427<-82068b54-9744-4929-951d-196898e4ec33#0:FAIL-t1, 75a811de-d3cd-4e06-b16e-b70ad37a4427<-c0a90149-7086-438b-b575-a58c52a879cd#0:FAIL-t1] and 0 exception(s); 75a811de-d3cd-4e06-b16e-b70ad37a4427@group-F07F0236B362:t1, leader=null, voted=75a811de-d3cd-4e06-b16e-b70ad37a4427, raftlog=75a811de-d3cd-4e06-b16e-b70ad37a4427@group-F07F0236B362-SegmentedRaftLog:OPENED:c-1,f-1,i0, conf=-1: [82068b54-9744-4929-951d-196898e4ec33:192.168.34.25:45067, c0a90149-7086-438b-b575-a58c52a879cd:192.168.34.25:33958, 75a811de-d3cd-4e06-b16e-b70ad37a4427:192.168.34.25:45226], old=null
2019-11-14 00:33:04,961 [c0a90149-7086-438b-b575-a58c52a879cd@group-F07F0236B362-LeaderElection91] INFO  impl.RoleInfo (RoleInfo.java:updateAndGet(143)) - c0a90149-7086-438b-b575-a58c52a879cd: start FollowerState
2019-11-14 00:33:04,961 [82068b54-9744-4929-951d-196898e4ec33@group-F07F0236B362-LeaderElection93] INFO  impl.RaftServerImpl (RaftServerImpl.java:setRole(173)) - 82068b54-9744-4929-951d-196898e4ec33@group-F07F0236B362: changes role from CANDIDATE to FOLLOWER at term 1 for DISCOVERED_A_NEW_TERM
2019-11-14 00:33:04,961 [75a811de-d3cd-4e06-b16e-b70ad37a4427@group-F07F0236B362-LeaderElection92] INFO  impl.RaftServerImpl (RaftServerImpl.java:setRole(173)) - 75a811de-d3cd-4e06-b16e-b70ad37a4427@group-F07F0236B362: changes role from CANDIDATE to FOLLOWER at term 1 for DISCOVERED_A_NEW_TERM
2019-11-14 00:33:04,961 [82068b54-9744-4929-951d-196898e4ec33@group-F07F0236B362-LeaderElection93] INFO  impl.RoleInfo (RoleInfo.java:shutdownLeaderElection(134)) - 82068b54-9744-4929-951d-196898e4ec33: shutdown LeaderElection
2019-11-14 00:33:04,961 [75a811de-d3cd-4e06-b16e-b70ad37a4427@group-F07F0236B362-LeaderElection92] INFO  impl.RoleInfo (RoleInfo.java:shutdownLeaderElection(134)) - 75a811de-d3cd-4e06-b16e-b70ad37a4427: shutdown LeaderElection
2019-11-14 00:33:04,961 [82068b54-9744-4929-951d-196898e4ec33@group-F07F0236B362-LeaderElection93] INFO  impl.RoleInfo (RoleInfo.java:updateAndGet(143)) - 82068b54-9744-4929-951d-196898e4ec33: start FollowerState
2019-11-14 00:33:04,961 [75a811de-d3cd-4e06-b16e-b70ad37a4427@group-F07F0236B362-LeaderElection92] INFO  impl.RoleInfo (RoleInfo.java:updateAndGet(143)) - 75a811de-d3cd-4e06-b16e-b70ad37a4427: start FollowerState
2019-11-14 00:33:05,057 [75a811de-d3cd-4e06-b16e-b70ad37a4427@group-A2A8DC483323-LeaderElection95] INFO  impl.LeaderElection (LeaderElection.java:askForVotes(178)) - 75a811de-d3cd-4e06-b16e-b70ad37a4427@group-A2A8DC483323-LeaderElection95: begin an election at term 1 for -1: [75a811de-d3cd-4e06-b16e-b70ad37a4427:192.168.34.25:45226], old=null
2019-11-14 00:33:05,057 [c7c4673b-1be2-45f8-9c29-c9228fccc788@group-792301D60944-LeaderElection94] INFO  impl.LeaderElection (LeaderElection.java:askForVotes(178)) - c7c4673b-1be2-45f8-9c29-c9228fccc788@group-792301D60944-LeaderElection94: begin an election at term 1 for -1: [c7c4673b-1be2-45f8-9c29-c9228fccc788:192.168.34.25:39151], old=null
2019-11-14 00:33:05,058 [75a811de-d3cd-4e06-b16e-b70ad37a4427@group-A2A8DC483323-LeaderElection95] INFO  impl.RoleInfo (RoleInfo.java:shutdownLeaderElection(134)) - 75a811de-d3cd-4e06-b16e-b70ad37a4427: shutdown LeaderElection
2019-11-14 00:33:05,058 [c7c4673b-1be2-45f8-9c29-c9228fccc788@group-792301D60944-LeaderElection94] INFO  impl.RoleInfo (RoleInfo.java:shutdownLeaderElection(134)) - c7c4673b-1be2-45f8-9c29-c9228fccc788: shutdown LeaderElection
2019-11-14 00:33:05,058 [75a811de-d3cd-4e06-b16e-b70ad37a4427@group-A2A8DC483323-LeaderElection95] INFO  impl.RaftServerImpl (RaftServerImpl.java:setRole(173)) - 75a811de-d3cd-4e06-b16e-b70ad37a4427@group-A2A8DC483323: changes role from CANDIDATE to LEADER at term 1 for changeToLeader
2019-11-14 00:33:05,058 [c7c4673b-1be2-45f8-9c29-c9228fccc788@group-792301D60944-LeaderElection94] INFO  impl.RaftServerImpl (RaftServerImpl.java:setRole(173)) - c7c4673b-1be2-45f8-9c29-c9228fccc788@group-792301D60944: changes role from CANDIDATE to LEADER at term 1 for changeToLeader
2019-11-14 00:33:05,058 [75a811de-d3cd-4e06-b16e-b70ad37a4427@group-A2A8DC483323-LeaderElection95] INFO  ratis.XceiverServerRatis (XceiverServerRatis.java:handleLeaderChangedNotification(697)) - Leader change notification received for group: group-A2A8DC483323 with new leaderId: 75a811de-d3cd-4e06-b16e-b70ad37a4427
2019-11-14 00:33:05,058 [c7c4673b-1be2-45f8-9c29-c9228fccc788@group-792301D60944-LeaderElection94] INFO  ratis.XceiverServerRatis (XceiverServerRatis.java:handleLeaderChangedNotification(697)) - Leader change notification received for group: group-792301D60944 with new leaderId: c7c4673b-1be2-45f8-9c29-c9228fccc788
2019-11-14 00:33:05,059 [75a811de-d3cd-4e06-b16e-b70ad37a4427@group-A2A8DC483323-LeaderElection95] INFO  impl.RaftServerImpl (ServerState.java:setLeader(255)) - 75a811de-d3cd-4e06-b16e-b70ad37a4427@group-A2A8DC483323: change Leader from null to 75a811de-d3cd-4e06-b16e-b70ad37a4427 at term 1 for becomeLeader, leader elected after 4026ms
2019-11-14 00:33:05,059 [c7c4673b-1be2-45f8-9c29-c9228fccc788@group-792301D60944-LeaderElection94] INFO  impl.RaftServerImpl (ServerState.java:setLeader(255)) - c7c4673b-1be2-45f8-9c29-c9228fccc788@group-792301D60944: change Leader from null to c7c4673b-1be2-45f8-9c29-c9228fccc788 at term 1 for becomeLeader, leader elected after 3976ms
2019-11-14 00:33:05,059 [75a811de-d3cd-4e06-b16e-b70ad37a4427@group-A2A8DC483323-LeaderElection95] INFO  server.RaftServerConfigKeys (ConfUtils.java:logGet(43)) - raft.server.staging.catchup.gap = 1000 (default)
2019-11-14 00:33:05,059 [c7c4673b-1be2-45f8-9c29-c9228fccc788@group-792301D60944-LeaderElection94] INFO  server.RaftServerConfigKeys (ConfUtils.java:logGet(43)) - raft.server.staging.catchup.gap = 1000 (default)
2019-11-14 00:33:05,059 [75a811de-d3cd-4e06-b16e-b70ad37a4427@group-A2A8DC483323-LeaderElection95] INFO  server.RaftServerConfigKeys (ConfUtils.java:logGet(43)) - raft.server.rpc.sleep.time = 25ms (default)
2019-11-14 00:33:05,059 [c7c4673b-1be2-45f8-9c29-c9228fccc788@group-792301D60944-LeaderElection94] INFO  server.RaftServerConfigKeys (ConfUtils.java:logGet(43)) - raft.server.rpc.sleep.time = 25ms (default)
2019-11-14 00:33:05,059 [75a811de-d3cd-4e06-b16e-b70ad37a4427@group-A2A8DC483323-LeaderElection95] INFO  server.RaftServerConfigKeys (ConfUtils.java:logGet(43)) - raft.server.write.element-limit = 4096 (default)
2019-11-14 00:33:05,059 [c7c4673b-1be2-45f8-9c29-c9228fccc788@group-792301D60944-LeaderElection94] INFO  server.RaftServerConfigKeys (ConfUtils.java:logGet(43)) - raft.server.write.element-limit = 4096 (default)
2019-11-14 00:33:05,059 [75a811de-d3cd-4e06-b16e-b70ad37a4427@group-A2A8DC483323-LeaderElection95] INFO  server.RaftServerConfigKeys (ConfUtils.java:logGet(43)) - raft.server.watch.timeout = 10s (default)
2019-11-14 00:33:05,060 [EventQueue-PipelineReportForPipelineReportHandler] INFO  pipeline.PipelineStateManager (PipelineStateManager.java:openPipeline(134)) - Pipeline Pipeline[ Id: 7a540424-bf3d-4039-8fd5-a2a8dc483323, Nodes: 75a811de-d3cd-4e06-b16e-b70ad37a4427{ip: 192.168.34.25, host: pr-hdds-2474-ghsjm-2904119463, networkLocation: /default-rack, certSerialId: null}, Type:RATIS, Factor:ONE, State:OPEN] moved to OPEN state
2019-11-14 00:33:05,060 [c7c4673b-1be2-45f8-9c29-c9228fccc788@group-792301D60944-LeaderElection94] INFO  server.RaftServerConfigKeys (ConfUtils.java:logGet(43)) - raft.server.watch.timeout = 10s (default)
2019-11-14 00:33:05,060 [EventQueue-PipelineReportForPipelineReportHandler] INFO  pipeline.PipelineStateManager (PipelineStateManager.java:openPipeline(134)) - Pipeline Pipeline[ Id: 98c1a9af-2395-4fc1-b2de-792301d60944, Nodes: c7c4673b-1be2-45f8-9c29-c9228fccc788{ip: 192.168.34.25, host: pr-hdds-2474-ghsjm-2904119463, networkLocation: /default-rack, certSerialId: null}, Type:RATIS, Factor:ONE, State:OPEN] moved to OPEN state
2019-11-14 00:33:05,060 [75a811de-d3cd-4e06-b16e-b70ad37a4427@group-A2A8DC483323-LeaderElection95] INFO  server.RaftServerConfigKeys (ConfUtils.java:logGet(43)) - raft.server.watch.timeout.denomination = 1s (default)
2019-11-14 00:33:05,060 [c7c4673b-1be2-45f8-9c29-c9228fccc788@group-792301D60944-LeaderElection94] INFO  server.RaftServerConfigKeys (ConfUtils.java:logGet(43)) - raft.server.watch.timeout.denomination = 1s (default)
2019-11-14 00:33:05,060 [75a811de-d3cd-4e06-b16e-b70ad37a4427@group-A2A8DC483323-LeaderElection95] INFO  server.RaftServerConfigKeys (ConfUtils.java:logGet(43)) - raft.server.watch.element-limit = 65536 (default)
2019-11-14 00:33:05,060 [c7c4673b-1be2-45f8-9c29-c9228fccc788@group-792301D60944-LeaderElection94] INFO  server.RaftServerConfigKeys (ConfUtils.java:logGet(43)) - raft.server.watch.element-limit = 65536 (default)
2019-11-14 00:33:05,060 [75a811de-d3cd-4e06-b16e-b70ad37a4427@group-A2A8DC483323-LeaderElection95] INFO  impl.RoleInfo (RoleInfo.java:updateAndGet(143)) - 75a811de-d3cd-4e06-b16e-b70ad37a4427: start LeaderState
2019-11-14 00:33:05,061 [c7c4673b-1be2-45f8-9c29-c9228fccc788@group-792301D60944-LeaderElection94] INFO  impl.RoleInfo (RoleInfo.java:updateAndGet(143)) - c7c4673b-1be2-45f8-9c29-c9228fccc788: start LeaderState
2019-11-14 00:33:05,061 [75a811de-d3cd-4e06-b16e-b70ad37a4427@group-A2A8DC483323-LeaderElection95] INFO  segmented.SegmentedRaftLogWorker (SegmentedRaftLogWorker.java:startLogSegment(385)) - 75a811de-d3cd-4e06-b16e-b70ad37a4427@group-A2A8DC483323-SegmentedRaftLogWorker: Starting segment from index:0
2019-11-14 00:33:05,061 [c7c4673b-1be2-45f8-9c29-c9228fccc788@group-792301D60944-LeaderElection94] INFO  segmented.SegmentedRaftLogWorker (SegmentedRaftLogWorker.java:startLogSegment(385)) - c7c4673b-1be2-45f8-9c29-c9228fccc788@group-792301D60944-SegmentedRaftLogWorker: Starting segment from index:0
2019-11-14 00:33:05,061 [75a811de-d3cd-4e06-b16e-b70ad37a4427@group-A2A8DC483323-LeaderElection95] INFO  impl.RaftServerImpl (ServerState.java:setRaftConf(356)) - 75a811de-d3cd-4e06-b16e-b70ad37a4427@group-A2A8DC483323: set configuration 0: [75a811de-d3cd-4e06-b16e-b70ad37a4427:192.168.34.25:45226], old=null at 0
2019-11-14 00:33:05,090 [c7c4673b-1be2-45f8-9c29-c9228fccc788@group-792301D60944-LeaderElection94] INFO  impl.RaftServerImpl (ServerState.java:setRaftConf(356)) - c7c4673b-1be2-45f8-9c29-c9228fccc788@group-792301D60944: set configuration 0: [c7c4673b-1be2-45f8-9c29-c9228fccc788:192.168.34.25:39151], old=null at 0
2019-11-14 00:33:05,099 [4b7ea911-6ec4-41f6-86c3-8c310b409e67@group-1A4CCE29B0F9-LeaderElection97] INFO  impl.LeaderElection (LeaderElection.java:askForVotes(178)) - 4b7ea911-6ec4-41f6-86c3-8c310b409e67@group-1A4CCE29B0F9-LeaderElection97: begin an election at term 2 for -1: [c7c4673b-1be2-45f8-9c29-c9228fccc788:192.168.34.25:39151, 599e9361-b00a-4387-8c81-1beb440b27b2:192.168.34.25:40470, 4b7ea911-6ec4-41f6-86c3-8c310b409e67:192.168.34.25:41710], old=null
2019-11-14 00:33:05,099 [599e9361-b00a-4387-8c81-1beb440b27b2@group-1A4CCE29B0F9-LeaderElection96] INFO  impl.LeaderElection (LeaderElection.java:askForVotes(178)) - 599e9361-b00a-4387-8c81-1beb440b27b2@group-1A4CCE29B0F9-LeaderElection96: begin an election at term 2 for -1: [c7c4673b-1be2-45f8-9c29-c9228fccc788:192.168.34.25:39151, 599e9361-b00a-4387-8c81-1beb440b27b2:192.168.34.25:40470, 4b7ea911-6ec4-41f6-86c3-8c310b409e67:192.168.34.25:41710], old=null
2019-11-14 00:33:05,099 [c7c4673b-1be2-45f8-9c29-c9228fccc788@group-1A4CCE29B0F9-LeaderElection98] INFO  impl.LeaderElection (LeaderElection.java:askForVotes(178)) - c7c4673b-1be2-45f8-9c29-c9228fccc788@group-1A4CCE29B0F9-LeaderElection98: begin an election at term 2 for -1: [c7c4673b-1be2-45f8-9c29-c9228fccc788:192.168.34.25:39151, 599e9361-b00a-4387-8c81-1beb440b27b2:192.168.34.25:40470, 4b7ea911-6ec4-41f6-86c3-8c310b409e67:192.168.34.25:41710], old=null
2019-11-14 00:33:05,100 [599e9361-b00a-4387-8c81-1beb440b27b2@group-0BC801716B22-SegmentedRaftLogWorker] INFO  segmented.SegmentedRaftLogWorker (SegmentedRaftLogWorker.java:execute(576)) - 599e9361-b00a-4387-8c81-1beb440b27b2@group-0BC801716B22-SegmentedRaftLogWorker: created new log segment /workdir/hadoop-ozone/integration-test/target/test-dir/MiniOzoneClusterImpl-60470fcf-478e-41fe-85ae-08a0494ed2ed/datanode-3/data/ratis/b8ee7cf4-0312-4dba-a43f-0bc801716b22/current/log_inprogress_0
2019-11-14 00:33:05,103 [599e9361-b00a-4387-8c81-1beb440b27b2@group-1A4CCE29B0F9-LeaderElection96] INFO  impl.LeaderElection (LeaderElection.java:logAndReturn(56)) - 599e9361-b00a-4387-8c81-1beb440b27b2@group-1A4CCE29B0F9-LeaderElection96: Election REJECTED; received 2 response(s) [599e9361-b00a-4387-8c81-1beb440b27b2<-c7c4673b-1be2-45f8-9c29-c9228fccc788#0:FAIL-t2, 599e9361-b00a-4387-8c81-1beb440b27b2<-4b7ea911-6ec4-41f6-86c3-8c310b409e67#0:FAIL-t2] and 0 exception(s); 599e9361-b00a-4387-8c81-1beb440b27b2@group-1A4CCE29B0F9:t2, leader=null, voted=599e9361-b00a-4387-8c81-1beb440b27b2, raftlog=599e9361-b00a-4387-8c81-1beb440b27b2@group-1A4CCE29B0F9-SegmentedRaftLog:OPENED:c-1,f-1,i0, conf=-1: [c7c4673b-1be2-45f8-9c29-c9228fccc788:192.168.34.25:39151, 599e9361-b00a-4387-8c81-1beb440b27b2:192.168.34.25:40470, 4b7ea911-6ec4-41f6-86c3-8c310b409e67:192.168.34.25:41710], old=null
2019-11-14 00:33:05,103 [c7c4673b-1be2-45f8-9c29-c9228fccc788@group-792301D60944-SegmentedRaftLogWorker] INFO  segmented.SegmentedRaftLogWorker (SegmentedRaftLogWorker.java:execute(576)) - c7c4673b-1be2-45f8-9c29-c9228fccc788@group-792301D60944-SegmentedRaftLogWorker: created new log segment /workdir/hadoop-ozone/integration-test/target/test-dir/MiniOzoneClusterImpl-60470fcf-478e-41fe-85ae-08a0494ed2ed/datanode-4/data/ratis/98c1a9af-2395-4fc1-b2de-792301d60944/current/log_inprogress_0
2019-11-14 00:33:05,103 [75a811de-d3cd-4e06-b16e-b70ad37a4427@group-A2A8DC483323-SegmentedRaftLogWorker] INFO  segmented.SegmentedRaftLogWorker (SegmentedRaftLogWorker.java:execute(576)) - 75a811de-d3cd-4e06-b16e-b70ad37a4427@group-A2A8DC483323-SegmentedRaftLogWorker: created new log segment /workdir/hadoop-ozone/integration-test/target/test-dir/MiniOzoneClusterImpl-60470fcf-478e-41fe-85ae-08a0494ed2ed/datanode-0/data/ratis/7a540424-bf3d-4039-8fd5-a2a8dc483323/current/log_inprogress_0
2019-11-14 00:33:05,103 [599e9361-b00a-4387-8c81-1beb440b27b2@group-1A4CCE29B0F9-LeaderElection96] INFO  impl.RaftServerImpl (RaftServerImpl.java:setRole(173)) - 599e9361-b00a-4387-8c81-1beb440b27b2@group-1A4CCE29B0F9: changes role from CANDIDATE to FOLLOWER at term 2 for DISCOVERED_A_NEW_TERM
2019-11-14 00:33:05,103 [4b7ea911-6ec4-41f6-86c3-8c310b409e67@group-1A4CCE29B0F9-LeaderElection97] INFO  impl.LeaderElection (LeaderElection.java:logAndReturn(56)) - 4b7ea911-6ec4-41f6-86c3-8c310b409e67@group-1A4CCE29B0F9-LeaderElection97: Election REJECTED; received 2 response(s) [4b7ea911-6ec4-41f6-86c3-8c310b409e67<-c7c4673b-1be2-45f8-9c29-c9228fccc788#0:FAIL-t2, 4b7ea911-6ec4-41f6-86c3-8c310b409e67<-599e9361-b00a-4387-8c81-1beb440b27b2#0:FAIL-t2] and 0 exception(s); 4b7ea911-6ec4-41f6-86c3-8c310b409e67@group-1A4CCE29B0F9:t2, leader=null, voted=4b7ea911-6ec4-41f6-86c3-8c310b409e67, raftlog=4b7ea911-6ec4-41f6-86c3-8c310b409e67@group-1A4CCE29B0F9-SegmentedRaftLog:OPENED:c-1,f-1,i0, conf=-1: [c7c4673b-1be2-45f8-9c29-c9228fccc788:192.168.34.25:39151, 599e9361-b00a-4387-8c81-1beb440b27b2:192.168.34.25:40470, 4b7ea911-6ec4-41f6-86c3-8c310b409e67:192.168.34.25:41710], old=null
2019-11-14 00:33:05,103 [599e9361-b00a-4387-8c81-1beb440b27b2@group-1A4CCE29B0F9-LeaderElection96] INFO  impl.RoleInfo (RoleInfo.java:shutdownLeaderElection(134)) - 599e9361-b00a-4387-8c81-1beb440b27b2: shutdown LeaderElection
2019-11-14 00:33:05,103 [c7c4673b-1be2-45f8-9c29-c9228fccc788@group-1A4CCE29B0F9-LeaderElection98] INFO  impl.LeaderElection (LeaderElection.java:logAndReturn(56)) - c7c4673b-1be2-45f8-9c29-c9228fccc788@group-1A4CCE29B0F9-LeaderElection98: Election REJECTED; received 2 response(s) [c7c4673b-1be2-45f8-9c29-c9228fccc788<-599e9361-b00a-4387-8c81-1beb440b27b2#0:FAIL-t2, c7c4673b-1be2-45f8-9c29-c9228fccc788<-4b7ea911-6ec4-41f6-86c3-8c310b409e67#0:FAIL-t2] and 0 exception(s); c7c4673b-1be2-45f8-9c29-c9228fccc788@group-1A4CCE29B0F9:t2, leader=null, voted=c7c4673b-1be2-45f8-9c29-c9228fccc788, raftlog=c7c4673b-1be2-45f8-9c29-c9228fccc788@group-1A4CCE29B0F9-SegmentedRaftLog:OPENED:c-1,f-1,i0, conf=-1: [c7c4673b-1be2-45f8-9c29-c9228fccc788:192.168.34.25:39151, 599e9361-b00a-4387-8c81-1beb440b27b2:192.168.34.25:40470, 4b7ea911-6ec4-41f6-86c3-8c310b409e67:192.168.34.25:41710], old=null
2019-11-14 00:33:05,103 [599e9361-b00a-4387-8c81-1beb440b27b2@group-1A4CCE29B0F9-LeaderElection96] INFO  impl.RoleInfo (RoleInfo.java:updateAndGet(143)) - 599e9361-b00a-4387-8c81-1beb440b27b2: start FollowerState
2019-11-14 00:33:05,103 [4b7ea911-6ec4-41f6-86c3-8c310b409e67@group-1A4CCE29B0F9-LeaderElection97] INFO  impl.RaftServerImpl (RaftServerImpl.java:setRole(173)) - 4b7ea911-6ec4-41f6-86c3-8c310b409e67@group-1A4CCE29B0F9: changes role from CANDIDATE to FOLLOWER at term 2 for DISCOVERED_A_NEW_TERM
2019-11-14 00:33:05,103 [c7c4673b-1be2-45f8-9c29-c9228fccc788@group-1A4CCE29B0F9-LeaderElection98] INFO  impl.RaftServerImpl (RaftServerImpl.java:setRole(173)) - c7c4673b-1be2-45f8-9c29-c9228fccc788@group-1A4CCE29B0F9: changes role from CANDIDATE to FOLLOWER at term 2 for DISCOVERED_A_NEW_TERM
2019-11-14 00:33:05,103 [4b7ea911-6ec4-41f6-86c3-8c310b409e67@group-1A4CCE29B0F9-LeaderElection97] INFO  impl.RoleInfo (RoleInfo.java:shutdownLeaderElection(134)) - 4b7ea911-6ec4-41f6-86c3-8c310b409e67: shutdown LeaderElection
2019-11-14 00:33:05,103 [c7c4673b-1be2-45f8-9c29-c9228fccc788@group-1A4CCE29B0F9-LeaderElection98] INFO  impl.RoleInfo (RoleInfo.java:shutdownLeaderElection(134)) - c7c4673b-1be2-45f8-9c29-c9228fccc788: shutdown LeaderElection
2019-11-14 00:33:05,103 [4b7ea911-6ec4-41f6-86c3-8c310b409e67@group-1A4CCE29B0F9-LeaderElection97] INFO  impl.RoleInfo (RoleInfo.java:updateAndGet(143)) - 4b7ea911-6ec4-41f6-86c3-8c310b409e67: start FollowerState
2019-11-14 00:33:05,104 [c7c4673b-1be2-45f8-9c29-c9228fccc788@group-1A4CCE29B0F9-LeaderElection98] INFO  impl.RoleInfo (RoleInfo.java:updateAndGet(143)) - c7c4673b-1be2-45f8-9c29-c9228fccc788: start FollowerState
2019-11-14 00:33:05,430 [Datanode State Machine Thread - 0] INFO  statemachine.DatanodeStateMachine (DatanodeStateMachine.java:lambda$startDaemon$0(350)) - Ozone container server started.
2019-11-14 00:33:06,084 [Thread-2535] INFO  impl.FollowerState (FollowerState.java:run(111)) - 75a811de-d3cd-4e06-b16e-b70ad37a4427@group-F07F0236B362-FollowerState: change to CANDIDATE, lastRpcTime:1122ms, electionTimeout:1122ms
2019-11-14 00:33:06,084 [Thread-2535] INFO  impl.RoleInfo (RoleInfo.java:shutdownFollowerState(121)) - 75a811de-d3cd-4e06-b16e-b70ad37a4427: shutdown FollowerState
2019-11-14 00:33:06,084 [Thread-2535] INFO  impl.RaftServerImpl (RaftServerImpl.java:setRole(173)) - 75a811de-d3cd-4e06-b16e-b70ad37a4427@group-F07F0236B362: changes role from  FOLLOWER to CANDIDATE at term 1 for changeToCandidate
2019-11-14 00:33:06,084 [Thread-2535] INFO  impl.RoleInfo (RoleInfo.java:updateAndGet(143)) - 75a811de-d3cd-4e06-b16e-b70ad37a4427: start LeaderElection
2019-11-14 00:33:06,097 [75a811de-d3cd-4e06-b16e-b70ad37a4427@group-F07F0236B362-LeaderElection99] INFO  impl.LeaderElection (LeaderElection.java:askForVotes(178)) - 75a811de-d3cd-4e06-b16e-b70ad37a4427@group-F07F0236B362-LeaderElection99: begin an election at term 2 for -1: [82068b54-9744-4929-951d-196898e4ec33:192.168.34.25:45067, c0a90149-7086-438b-b575-a58c52a879cd:192.168.34.25:33958, 75a811de-d3cd-4e06-b16e-b70ad37a4427:192.168.34.25:45226], old=null
2019-11-14 00:33:06,099 [grpc-default-executor-17] INFO  impl.RaftServerImpl (RaftServerImpl.java:setRole(173)) - 82068b54-9744-4929-951d-196898e4ec33@group-F07F0236B362: changes role from  FOLLOWER to FOLLOWER at term 2 for recognizeCandidate:75a811de-d3cd-4e06-b16e-b70ad37a4427
2019-11-14 00:33:06,099 [grpc-default-executor-14] INFO  impl.RaftServerImpl (RaftServerImpl.java:setRole(173)) - c0a90149-7086-438b-b575-a58c52a879cd@group-F07F0236B362: changes role from  FOLLOWER to FOLLOWER at term 2 for recognizeCandidate:75a811de-d3cd-4e06-b16e-b70ad37a4427
2019-11-14 00:33:06,099 [grpc-default-executor-17] INFO  impl.RoleInfo (RoleInfo.java:shutdownFollowerState(121)) - 82068b54-9744-4929-951d-196898e4ec33: shutdown FollowerState
2019-11-14 00:33:06,099 [grpc-default-executor-14] INFO  impl.RoleInfo (RoleInfo.java:shutdownFollowerState(121)) - c0a90149-7086-438b-b575-a58c52a879cd: shutdown FollowerState
2019-11-14 00:33:06,100 [grpc-default-executor-17] INFO  impl.RoleInfo (RoleInfo.java:updateAndGet(143)) - 82068b54-9744-4929-951d-196898e4ec33: start FollowerState
2019-11-14 00:33:06,100 [grpc-default-executor-14] INFO  impl.RoleInfo (RoleInfo.java:updateAndGet(143)) - c0a90149-7086-438b-b575-a58c52a879cd: start FollowerState
2019-11-14 00:33:06,100 [Thread-2533] INFO  impl.FollowerState (FollowerState.java:run(120)) - c0a90149-7086-438b-b575-a58c52a879cd@group-F07F0236B362-FollowerState was interrupted: java.lang.InterruptedException: sleep interrupted
2019-11-14 00:33:06,100 [Thread-2534] INFO  impl.FollowerState (FollowerState.java:run(120)) - 82068b54-9744-4929-951d-196898e4ec33@group-F07F0236B362-FollowerState was interrupted: java.lang.InterruptedException: sleep interrupted
2019-11-14 00:33:06,115 [75a811de-d3cd-4e06-b16e-b70ad37a4427@group-F07F0236B362-LeaderElection99] INFO  impl.LeaderElection (LeaderElection.java:logAndReturn(56)) - 75a811de-d3cd-4e06-b16e-b70ad37a4427@group-F07F0236B362-LeaderElection99: Election PASSED; received 1 response(s) [75a811de-d3cd-4e06-b16e-b70ad37a4427<-c0a90149-7086-438b-b575-a58c52a879cd#0:OK-t2] and 0 exception(s); 75a811de-d3cd-4e06-b16e-b70ad37a4427@group-F07F0236B362:t2, leader=null, voted=75a811de-d3cd-4e06-b16e-b70ad37a4427, raftlog=75a811de-d3cd-4e06-b16e-b70ad37a4427@group-F07F0236B362-SegmentedRaftLog:OPENED:c-1,f-1,i0, conf=-1: [82068b54-9744-4929-951d-196898e4ec33:192.168.34.25:45067, c0a90149-7086-438b-b575-a58c52a879cd:192.168.34.25:33958, 75a811de-d3cd-4e06-b16e-b70ad37a4427:192.168.34.25:45226], old=null
2019-11-14 00:33:06,116 [75a811de-d3cd-4e06-b16e-b70ad37a4427@group-F07F0236B362-LeaderElection99] INFO  impl.RoleInfo (RoleInfo.java:shutdownLeaderElection(134)) - 75a811de-d3cd-4e06-b16e-b70ad37a4427: shutdown LeaderElection
2019-11-14 00:33:06,116 [75a811de-d3cd-4e06-b16e-b70ad37a4427@group-F07F0236B362-LeaderElection99] INFO  impl.RaftServerImpl (RaftServerImpl.java:setRole(173)) - 75a811de-d3cd-4e06-b16e-b70ad37a4427@group-F07F0236B362: changes role from CANDIDATE to LEADER at term 2 for changeToLeader
2019-11-14 00:33:06,116 [75a811de-d3cd-4e06-b16e-b70ad37a4427@group-F07F0236B362-LeaderElection99] INFO  ratis.XceiverServerRatis (XceiverServerRatis.java:handleLeaderChangedNotification(697)) - Leader change notification received for group: group-F07F0236B362 with new leaderId: 75a811de-d3cd-4e06-b16e-b70ad37a4427
2019-11-14 00:33:06,116 [75a811de-d3cd-4e06-b16e-b70ad37a4427@group-F07F0236B362-LeaderElection99] INFO  impl.RaftServerImpl (ServerState.java:setLeader(255)) - 75a811de-d3cd-4e06-b16e-b70ad37a4427@group-F07F0236B362: change Leader from null to 75a811de-d3cd-4e06-b16e-b70ad37a4427 at term 2 for becomeLeader, leader elected after 5204ms
2019-11-14 00:33:06,116 [75a811de-d3cd-4e06-b16e-b70ad37a4427@group-F07F0236B362-LeaderElection99] INFO  server.RaftServerConfigKeys (ConfUtils.java:logGet(43)) - raft.server.staging.catchup.gap = 1000 (default)
2019-11-14 00:33:06,116 [75a811de-d3cd-4e06-b16e-b70ad37a4427@group-F07F0236B362-LeaderElection99] INFO  server.RaftServerConfigKeys (ConfUtils.java:logGet(43)) - raft.server.rpc.sleep.time = 25ms (default)
2019-11-14 00:33:06,117 [75a811de-d3cd-4e06-b16e-b70ad37a4427@group-F07F0236B362-LeaderElection99] INFO  server.RaftServerConfigKeys (ConfUtils.java:logGet(43)) - raft.server.write.element-limit = 4096 (default)
2019-11-14 00:33:06,117 [75a811de-d3cd-4e06-b16e-b70ad37a4427@group-F07F0236B362-LeaderElection99] INFO  server.RaftServerConfigKeys (ConfUtils.java:logGet(43)) - raft.server.watch.timeout = 10s (default)
2019-11-14 00:33:06,117 [75a811de-d3cd-4e06-b16e-b70ad37a4427@group-F07F0236B362-LeaderElection99] INFO  server.RaftServerConfigKeys (ConfUtils.java:logGet(43)) - raft.server.watch.timeout.denomination = 1s (default)
2019-11-14 00:33:06,117 [75a811de-d3cd-4e06-b16e-b70ad37a4427@group-F07F0236B362-LeaderElection99] INFO  server.RaftServerConfigKeys (ConfUtils.java:logGet(43)) - raft.server.watch.element-limit = 65536 (default)
2019-11-14 00:33:06,117 [EventQueue-PipelineReportForPipelineReportHandler] INFO  pipeline.PipelineStateManager (PipelineStateManager.java:openPipeline(134)) - Pipeline Pipeline[ Id: 158f2323-0b61-4f77-b87f-f07f0236b362, Nodes: c0a90149-7086-438b-b575-a58c52a879cd{ip: 192.168.34.25, host: pr-hdds-2474-ghsjm-2904119463, networkLocation: /default-rack, certSerialId: null}75a811de-d3cd-4e06-b16e-b70ad37a4427{ip: 192.168.34.25, host: pr-hdds-2474-ghsjm-2904119463, networkLocation: /default-rack, certSerialId: null}82068b54-9744-4929-951d-196898e4ec33{ip: 192.168.34.25, host: pr-hdds-2474-ghsjm-2904119463, networkLocation: /default-rack, certSerialId: null}, Type:RATIS, Factor:THREE, State:OPEN] moved to OPEN state
2019-11-14 00:33:06,117 [75a811de-d3cd-4e06-b16e-b70ad37a4427@group-F07F0236B362-LeaderElection99] INFO  server.RaftServerConfigKeys (ConfUtils.java:logGet(43)) - raft.server.log.appender.snapshot.chunk.size.max = 16MB (=16777216) (default)
2019-11-14 00:33:06,117 [75a811de-d3cd-4e06-b16e-b70ad37a4427@group-F07F0236B362-LeaderElection99] INFO  server.RaftServerConfigKeys (ConfUtils.java:logGet(43)) - raft.server.log.appender.buffer.byte-limit = 33554432 (custom)
2019-11-14 00:33:06,118 [75a811de-d3cd-4e06-b16e-b70ad37a4427@group-F07F0236B362-LeaderElection99] INFO  server.RaftServerConfigKeys (ConfUtils.java:logGet(43)) - raft.server.log.appender.buffer.element-limit = 1 (custom)
2019-11-14 00:33:06,118 [75a811de-d3cd-4e06-b16e-b70ad37a4427@group-F07F0236B362-LeaderElection99] INFO  grpc.GrpcConfigKeys$Server (ConfUtils.java:logGet(43)) - raft.grpc.server.leader.outstanding.appends.max = 128 (default)
2019-11-14 00:33:06,118 [75a811de-d3cd-4e06-b16e-b70ad37a4427@group-F07F0236B362-LeaderElection99] INFO  server.RaftServerConfigKeys (ConfUtils.java:logGet(43)) - raft.server.rpc.request.timeout = 3000ms (default)
2019-11-14 00:33:06,118 [75a811de-d3cd-4e06-b16e-b70ad37a4427@group-F07F0236B362-LeaderElection99] INFO  server.RaftServerConfigKeys (ConfUtils.java:logGet(43)) - raft.server.log.appender.install.snapshot.enabled = false (custom)
2019-11-14 00:33:06,118 [75a811de-d3cd-4e06-b16e-b70ad37a4427@group-F07F0236B362-LeaderElection99] WARN  impl.MetricRegistriesImpl (MetricRegistriesImpl.java:lambda$create$1(61)) - First MetricRegistry has been created without registering reporters. You may need to call MetricRegistries.global().addReportRegistration(...) before.
2019-11-14 00:33:06,119 [75a811de-d3cd-4e06-b16e-b70ad37a4427@group-F07F0236B362-LeaderElection99] INFO  server.RaftServerConfigKeys (ConfUtils.java:logGet(43)) - raft.server.log.appender.snapshot.chunk.size.max = 16MB (=16777216) (default)
2019-11-14 00:33:06,119 [75a811de-d3cd-4e06-b16e-b70ad37a4427@group-F07F0236B362-LeaderElection99] INFO  server.RaftServerConfigKeys (ConfUtils.java:logGet(43)) - raft.server.log.appender.buffer.byte-limit = 33554432 (custom)
2019-11-14 00:33:06,119 [75a811de-d3cd-4e06-b16e-b70ad37a4427@group-F07F0236B362-LeaderElection99] INFO  server.RaftServerConfigKeys (ConfUtils.java:logGet(43)) - raft.server.log.appender.buffer.element-limit = 1 (custom)
2019-11-14 00:33:06,119 [75a811de-d3cd-4e06-b16e-b70ad37a4427@group-F07F0236B362-LeaderElection99] INFO  grpc.GrpcConfigKeys$Server (ConfUtils.java:logGet(43)) - raft.grpc.server.leader.outstanding.appends.max = 128 (default)
2019-11-14 00:33:06,119 [75a811de-d3cd-4e06-b16e-b70ad37a4427@group-F07F0236B362-LeaderElection99] INFO  server.RaftServerConfigKeys (ConfUtils.java:logGet(43)) - raft.server.rpc.request.timeout = 3000ms (default)
2019-11-14 00:33:06,119 [75a811de-d3cd-4e06-b16e-b70ad37a4427@group-F07F0236B362-LeaderElection99] INFO  server.RaftServerConfigKeys (ConfUtils.java:logGet(43)) - raft.server.log.appender.install.snapshot.enabled = false (custom)
2019-11-14 00:33:06,120 [75a811de-d3cd-4e06-b16e-b70ad37a4427@group-F07F0236B362-LeaderElection99] INFO  impl.RoleInfo (RoleInfo.java:updateAndGet(143)) - 75a811de-d3cd-4e06-b16e-b70ad37a4427: start LeaderState
2019-11-14 00:33:06,120 [75a811de-d3cd-4e06-b16e-b70ad37a4427@group-F07F0236B362-LeaderElection99] INFO  segmented.SegmentedRaftLogWorker (SegmentedRaftLogWorker.java:startLogSegment(385)) - 75a811de-d3cd-4e06-b16e-b70ad37a4427@group-F07F0236B362-SegmentedRaftLogWorker: Starting segment from index:0
2019-11-14 00:33:06,120 [75a811de-d3cd-4e06-b16e-b70ad37a4427@group-F07F0236B362-LeaderElection99] INFO  impl.RaftServerImpl (ServerState.java:setRaftConf(356)) - 75a811de-d3cd-4e06-b16e-b70ad37a4427@group-F07F0236B362: set configuration 0: [82068b54-9744-4929-951d-196898e4ec33:192.168.34.25:45067, c0a90149-7086-438b-b575-a58c52a879cd:192.168.34.25:33958, 75a811de-d3cd-4e06-b16e-b70ad37a4427:192.168.34.25:45226], old=null at 0
2019-11-14 00:33:06,121 [grpc-default-executor-17] INFO  ratis.XceiverServerRatis (XceiverServerRatis.java:handleLeaderChangedNotification(697)) - Leader change notification received for group: group-F07F0236B362 with new leaderId: 75a811de-d3cd-4e06-b16e-b70ad37a4427
2019-11-14 00:33:06,121 [grpc-default-executor-14] INFO  ratis.XceiverServerRatis (XceiverServerRatis.java:handleLeaderChangedNotification(697)) - Leader change notification received for group: group-F07F0236B362 with new leaderId: 75a811de-d3cd-4e06-b16e-b70ad37a4427
2019-11-14 00:33:06,122 [grpc-default-executor-17] INFO  impl.RaftServerImpl (ServerState.java:setLeader(255)) - c0a90149-7086-438b-b575-a58c52a879cd@group-F07F0236B362: change Leader from null to 75a811de-d3cd-4e06-b16e-b70ad37a4427 at term 2 for appendEntries, leader elected after 5209ms
2019-11-14 00:33:06,122 [grpc-default-executor-14] INFO  impl.RaftServerImpl (ServerState.java:setLeader(255)) - 82068b54-9744-4929-951d-196898e4ec33@group-F07F0236B362: change Leader from null to 75a811de-d3cd-4e06-b16e-b70ad37a4427 at term 2 for appendEntries, leader elected after 5209ms
2019-11-14 00:33:06,123 [grpc-default-executor-14] INFO  impl.RaftServerImpl (ServerState.java:setRaftConf(356)) - c0a90149-7086-438b-b575-a58c52a879cd@group-F07F0236B362: set configuration 0: [82068b54-9744-4929-951d-196898e4ec33:192.168.34.25:45067, c0a90149-7086-438b-b575-a58c52a879cd:192.168.34.25:33958, 75a811de-d3cd-4e06-b16e-b70ad37a4427:192.168.34.25:45226], old=null at 0
2019-11-14 00:33:06,123 [grpc-default-executor-17] INFO  impl.RaftServerImpl (ServerState.java:setRaftConf(356)) - 82068b54-9744-4929-951d-196898e4ec33@group-F07F0236B362: set configuration 0: [82068b54-9744-4929-951d-196898e4ec33:192.168.34.25:45067, c0a90149-7086-438b-b575-a58c52a879cd:192.168.34.25:33958, 75a811de-d3cd-4e06-b16e-b70ad37a4427:192.168.34.25:45226], old=null at 0
2019-11-14 00:33:06,124 [grpc-default-executor-14] INFO  segmented.SegmentedRaftLogWorker (SegmentedRaftLogWorker.java:startLogSegment(385)) - c0a90149-7086-438b-b575-a58c52a879cd@group-F07F0236B362-SegmentedRaftLogWorker: Starting segment from index:0
2019-11-14 00:33:06,124 [grpc-default-executor-17] INFO  segmented.SegmentedRaftLogWorker (SegmentedRaftLogWorker.java:startLogSegment(385)) - 82068b54-9744-4929-951d-196898e4ec33@group-F07F0236B362-SegmentedRaftLogWorker: Starting segment from index:0
2019-11-14 00:33:06,142 [Thread-2546] INFO  impl.FollowerState (FollowerState.java:run(111)) - c7c4673b-1be2-45f8-9c29-c9228fccc788@group-1A4CCE29B0F9-FollowerState: change to CANDIDATE, lastRpcTime:1038ms, electionTimeout:1038ms
2019-11-14 00:33:06,142 [Thread-2546] INFO  impl.RoleInfo (RoleInfo.java:shutdownFollowerState(121)) - c7c4673b-1be2-45f8-9c29-c9228fccc788: shutdown FollowerState
2019-11-14 00:33:06,142 [Thread-2546] INFO  impl.RaftServerImpl (RaftServerImpl.java:setRole(173)) - c7c4673b-1be2-45f8-9c29-c9228fccc788@group-1A4CCE29B0F9: changes role from  FOLLOWER to CANDIDATE at term 2 for changeToCandidate
2019-11-14 00:33:06,142 [Thread-2546] INFO  impl.RoleInfo (RoleInfo.java:updateAndGet(143)) - c7c4673b-1be2-45f8-9c29-c9228fccc788: start LeaderElection
2019-11-14 00:33:06,168 [c0a90149-7086-438b-b575-a58c52a879cd@group-F07F0236B362-SegmentedRaftLogWorker] INFO  segmented.SegmentedRaftLogWorker (SegmentedRaftLogWorker.java:execute(576)) - c0a90149-7086-438b-b575-a58c52a879cd@group-F07F0236B362-SegmentedRaftLogWorker: created new log segment /workdir/hadoop-ozone/integration-test/target/test-dir/MiniOzoneClusterImpl-60470fcf-478e-41fe-85ae-08a0494ed2ed/datanode-1/data/ratis/158f2323-0b61-4f77-b87f-f07f0236b362/current/log_inprogress_0
2019-11-14 00:33:06,168 [c7c4673b-1be2-45f8-9c29-c9228fccc788@group-1A4CCE29B0F9-LeaderElection100] INFO  impl.LeaderElection (LeaderElection.java:askForVotes(178)) - c7c4673b-1be2-45f8-9c29-c9228fccc788@group-1A4CCE29B0F9-LeaderElection100: begin an election at term 3 for -1: [c7c4673b-1be2-45f8-9c29-c9228fccc788:192.168.34.25:39151, 599e9361-b00a-4387-8c81-1beb440b27b2:192.168.34.25:40470, 4b7ea911-6ec4-41f6-86c3-8c310b409e67:192.168.34.25:41710], old=null
2019-11-14 00:33:06,168 [82068b54-9744-4929-951d-196898e4ec33@group-F07F0236B362-SegmentedRaftLogWorker] INFO  segmented.SegmentedRaftLogWorker (SegmentedRaftLogWorker.java:execute(576)) - 82068b54-9744-4929-951d-196898e4ec33@group-F07F0236B362-SegmentedRaftLogWorker: created new log segment /workdir/hadoop-ozone/integration-test/target/test-dir/MiniOzoneClusterImpl-60470fcf-478e-41fe-85ae-08a0494ed2ed/datanode-2/data/ratis/158f2323-0b61-4f77-b87f-f07f0236b362/current/log_inprogress_0
2019-11-14 00:33:06,168 [75a811de-d3cd-4e06-b16e-b70ad37a4427@group-F07F0236B362-SegmentedRaftLogWorker] INFO  segmented.SegmentedRaftLogWorker (SegmentedRaftLogWorker.java:execute(576)) - 75a811de-d3cd-4e06-b16e-b70ad37a4427@group-F07F0236B362-SegmentedRaftLogWorker: created new log segment /workdir/hadoop-ozone/integration-test/target/test-dir/MiniOzoneClusterImpl-60470fcf-478e-41fe-85ae-08a0494ed2ed/datanode-0/data/ratis/158f2323-0b61-4f77-b87f-f07f0236b362/current/log_inprogress_0
2019-11-14 00:33:06,170 [grpc-default-executor-14] INFO  impl.RaftServerImpl (RaftServerImpl.java:setRole(173)) - 599e9361-b00a-4387-8c81-1beb440b27b2@group-1A4CCE29B0F9: changes role from  FOLLOWER to FOLLOWER at term 3 for recognizeCandidate:c7c4673b-1be2-45f8-9c29-c9228fccc788
2019-11-14 00:33:06,170 [grpc-default-executor-17] INFO  impl.RaftServerImpl (RaftServerImpl.java:setRole(173)) - 4b7ea911-6ec4-41f6-86c3-8c310b409e67@group-1A4CCE29B0F9: changes role from  FOLLOWER to FOLLOWER at term 3 for recognizeCandidate:c7c4673b-1be2-45f8-9c29-c9228fccc788
2019-11-14 00:33:06,170 [grpc-default-executor-14] INFO  impl.RoleInfo (RoleInfo.java:shutdownFollowerState(121)) - 599e9361-b00a-4387-8c81-1beb440b27b2: shutdown FollowerState
2019-11-14 00:33:06,170 [grpc-default-executor-17] INFO  impl.RoleInfo (RoleInfo.java:shutdownFollowerState(121)) - 4b7ea911-6ec4-41f6-86c3-8c310b409e67: shutdown FollowerState
2019-11-14 00:33:06,171 [Thread-2544] INFO  impl.FollowerState (FollowerState.java:run(120)) - 599e9361-b00a-4387-8c81-1beb440b27b2@group-1A4CCE29B0F9-FollowerState was interrupted: java.lang.InterruptedException: sleep interrupted
2019-11-14 00:33:06,171 [grpc-default-executor-14] INFO  impl.RoleInfo (RoleInfo.java:updateAndGet(143)) - 599e9361-b00a-4387-8c81-1beb440b27b2: start FollowerState
2019-11-14 00:33:06,171 [Thread-2545] INFO  impl.FollowerState (FollowerState.java:run(120)) - 4b7ea911-6ec4-41f6-86c3-8c310b409e67@group-1A4CCE29B0F9-FollowerState was interrupted: java.lang.InterruptedException: sleep interrupted
2019-11-14 00:33:06,171 [grpc-default-executor-17] INFO  impl.RoleInfo (RoleInfo.java:updateAndGet(143)) - 4b7ea911-6ec4-41f6-86c3-8c310b409e67: start FollowerState
2019-11-14 00:33:06,183 [c7c4673b-1be2-45f8-9c29-c9228fccc788@group-1A4CCE29B0F9-LeaderElection100] INFO  impl.LeaderElection (LeaderElection.java:logAndReturn(56)) - c7c4673b-1be2-45f8-9c29-c9228fccc788@group-1A4CCE29B0F9-LeaderElection100: Election PASSED; received 1 response(s) [c7c4673b-1be2-45f8-9c29-c9228fccc788<-4b7ea911-6ec4-41f6-86c3-8c310b409e67#0:OK-t3] and 0 exception(s); c7c4673b-1be2-45f8-9c29-c9228fccc788@group-1A4CCE29B0F9:t3, leader=null, voted=c7c4673b-1be2-45f8-9c29-c9228fccc788, raftlog=c7c4673b-1be2-45f8-9c29-c9228fccc788@group-1A4CCE29B0F9-SegmentedRaftLog:OPENED:c-1,f-1,i0, conf=-1: [c7c4673b-1be2-45f8-9c29-c9228fccc788:192.168.34.25:39151, 599e9361-b00a-4387-8c81-1beb440b27b2:192.168.34.25:40470, 4b7ea911-6ec4-41f6-86c3-8c310b409e67:192.168.34.25:41710], old=null
2019-11-14 00:33:06,183 [c7c4673b-1be2-45f8-9c29-c9228fccc788@group-1A4CCE29B0F9-LeaderElection100] INFO  impl.RoleInfo (RoleInfo.java:shutdownLeaderElection(134)) - c7c4673b-1be2-45f8-9c29-c9228fccc788: shutdown LeaderElection
2019-11-14 00:33:06,183 [c7c4673b-1be2-45f8-9c29-c9228fccc788@group-1A4CCE29B0F9-LeaderElection100] INFO  impl.RaftServerImpl (RaftServerImpl.java:setRole(173)) - c7c4673b-1be2-45f8-9c29-c9228fccc788@group-1A4CCE29B0F9: changes role from CANDIDATE to LEADER at term 3 for changeToLeader
2019-11-14 00:33:06,184 [c7c4673b-1be2-45f8-9c29-c9228fccc788@group-1A4CCE29B0F9-LeaderElection100] INFO  ratis.XceiverServerRatis (XceiverServerRatis.java:handleLeaderChangedNotification(697)) - Leader change notification received for group: group-1A4CCE29B0F9 with new leaderId: c7c4673b-1be2-45f8-9c29-c9228fccc788
2019-11-14 00:33:06,184 [c7c4673b-1be2-45f8-9c29-c9228fccc788@group-1A4CCE29B0F9-LeaderElection100] INFO  impl.RaftServerImpl (ServerState.java:setLeader(255)) - c7c4673b-1be2-45f8-9c29-c9228fccc788@group-1A4CCE29B0F9: change Leader from null to c7c4673b-1be2-45f8-9c29-c9228fccc788 at term 3 for becomeLeader, leader elected after 5654ms
2019-11-14 00:33:06,184 [c7c4673b-1be2-45f8-9c29-c9228fccc788@group-1A4CCE29B0F9-LeaderElection100] INFO  server.RaftServerConfigKeys (ConfUtils.java:logGet(43)) - raft.server.staging.catchup.gap = 1000 (default)
2019-11-14 00:33:06,184 [c7c4673b-1be2-45f8-9c29-c9228fccc788@group-1A4CCE29B0F9-LeaderElection100] INFO  server.RaftServerConfigKeys (ConfUtils.java:logGet(43)) - raft.server.rpc.sleep.time = 25ms (default)
2019-11-14 00:33:06,184 [c7c4673b-1be2-45f8-9c29-c9228fccc788@group-1A4CCE29B0F9-LeaderElection100] INFO  server.RaftServerConfigKeys (ConfUtils.java:logGet(43)) - raft.server.write.element-limit = 4096 (default)
2019-11-14 00:33:06,184 [c7c4673b-1be2-45f8-9c29-c9228fccc788@group-1A4CCE29B0F9-LeaderElection100] INFO  server.RaftServerConfigKeys (ConfUtils.java:logGet(43)) - raft.server.watch.timeout = 10s (default)
2019-11-14 00:33:06,184 [c7c4673b-1be2-45f8-9c29-c9228fccc788@group-1A4CCE29B0F9-LeaderElection100] INFO  server.RaftServerConfigKeys (ConfUtils.java:logGet(43)) - raft.server.watch.timeout.denomination = 1s (default)
2019-11-14 00:33:06,184 [c7c4673b-1be2-45f8-9c29-c9228fccc788@group-1A4CCE29B0F9-LeaderElection100] INFO  server.RaftServerConfigKeys (ConfUtils.java:logGet(43)) - raft.server.watch.element-limit = 65536 (default)
2019-11-14 00:33:06,185 [EventQueue-PipelineReportForPipelineReportHandler] INFO  pipeline.PipelineStateManager (PipelineStateManager.java:openPipeline(134)) - Pipeline Pipeline[ Id: b2c7b049-8d07-4cf9-8dd2-1a4cce29b0f9, Nodes: 599e9361-b00a-4387-8c81-1beb440b27b2{ip: 192.168.34.25, host: pr-hdds-2474-ghsjm-2904119463, networkLocation: /default-rack, certSerialId: null}4b7ea911-6ec4-41f6-86c3-8c310b409e67{ip: 192.168.34.25, host: pr-hdds-2474-ghsjm-2904119463, networkLocation: /default-rack, certSerialId: null}c7c4673b-1be2-45f8-9c29-c9228fccc788{ip: 192.168.34.25, host: pr-hdds-2474-ghsjm-2904119463, networkLocation: /default-rack, certSerialId: null}, Type:RATIS, Factor:THREE, State:OPEN] moved to OPEN state
2019-11-14 00:33:06,185 [c7c4673b-1be2-45f8-9c29-c9228fccc788@group-1A4CCE29B0F9-LeaderElection100] INFO  server.RaftServerConfigKeys (ConfUtils.java:logGet(43)) - raft.server.log.appender.snapshot.chunk.size.max = 16MB (=16777216) (default)
2019-11-14 00:33:06,185 [c7c4673b-1be2-45f8-9c29-c9228fccc788@group-1A4CCE29B0F9-LeaderElection100] INFO  server.RaftServerConfigKeys (ConfUtils.java:logGet(43)) - raft.server.log.appender.buffer.byte-limit = 33554432 (custom)
2019-11-14 00:33:06,185 [c7c4673b-1be2-45f8-9c29-c9228fccc788@group-1A4CCE29B0F9-LeaderElection100] INFO  server.RaftServerConfigKeys (ConfUtils.java:logGet(43)) - raft.server.log.appender.buffer.element-limit = 1 (custom)
2019-11-14 00:33:06,185 [c7c4673b-1be2-45f8-9c29-c9228fccc788@group-1A4CCE29B0F9-LeaderElection100] INFO  grpc.GrpcConfigKeys$Server (ConfUtils.java:logGet(43)) - raft.grpc.server.leader.outstanding.appends.max = 128 (default)
2019-11-14 00:33:06,185 [c7c4673b-1be2-45f8-9c29-c9228fccc788@group-1A4CCE29B0F9-LeaderElection100] INFO  server.RaftServerConfigKeys (ConfUtils.java:logGet(43)) - raft.server.rpc.request.timeout = 3000ms (default)
2019-11-14 00:33:06,185 [c7c4673b-1be2-45f8-9c29-c9228fccc788@group-1A4CCE29B0F9-LeaderElection100] INFO  server.RaftServerConfigKeys (ConfUtils.java:logGet(43)) - raft.server.log.appender.install.snapshot.enabled = false (custom)
2019-11-14 00:33:06,185 [c7c4673b-1be2-45f8-9c29-c9228fccc788@group-1A4CCE29B0F9-LeaderElection100] WARN  impl.MetricRegistriesImpl (MetricRegistriesImpl.java:lambda$create$1(61)) - First MetricRegistry has been created without registering reporters. You may need to call MetricRegistries.global().addReportRegistration(...) before.
2019-11-14 00:33:06,186 [c7c4673b-1be2-45f8-9c29-c9228fccc788@group-1A4CCE29B0F9-LeaderElection100] INFO  server.RaftServerConfigKeys (ConfUtils.java:logGet(43)) - raft.server.log.appender.snapshot.chunk.size.max = 16MB (=16777216) (default)
2019-11-14 00:33:06,186 [c7c4673b-1be2-45f8-9c29-c9228fccc788@group-1A4CCE29B0F9-LeaderElection100] INFO  server.RaftServerConfigKeys (ConfUtils.java:logGet(43)) - raft.server.log.appender.buffer.byte-limit = 33554432 (custom)
2019-11-14 00:33:06,186 [c7c4673b-1be2-45f8-9c29-c9228fccc788@group-1A4CCE29B0F9-LeaderElection100] INFO  server.RaftServerConfigKeys (ConfUtils.java:logGet(43)) - raft.server.log.appender.buffer.element-limit = 1 (custom)
2019-11-14 00:33:06,186 [c7c4673b-1be2-45f8-9c29-c9228fccc788@group-1A4CCE29B0F9-LeaderElection100] INFO  grpc.GrpcConfigKeys$Server (ConfUtils.java:logGet(43)) - raft.grpc.server.leader.outstanding.appends.max = 128 (default)
2019-11-14 00:33:06,186 [c7c4673b-1be2-45f8-9c29-c9228fccc788@group-1A4CCE29B0F9-LeaderElection100] INFO  server.RaftServerConfigKeys (ConfUtils.java:logGet(43)) - raft.server.rpc.request.timeout = 3000ms (default)
2019-11-14 00:33:06,186 [c7c4673b-1be2-45f8-9c29-c9228fccc788@group-1A4CCE29B0F9-LeaderElection100] INFO  server.RaftServerConfigKeys (ConfUtils.java:logGet(43)) - raft.server.log.appender.install.snapshot.enabled = false (custom)
2019-11-14 00:33:06,186 [c7c4673b-1be2-45f8-9c29-c9228fccc788@group-1A4CCE29B0F9-LeaderElection100] INFO  impl.RoleInfo (RoleInfo.java:updateAndGet(143)) - c7c4673b-1be2-45f8-9c29-c9228fccc788: start LeaderState
2019-11-14 00:33:06,187 [c7c4673b-1be2-45f8-9c29-c9228fccc788@group-1A4CCE29B0F9-LeaderElection100] INFO  segmented.SegmentedRaftLogWorker (SegmentedRaftLogWorker.java:startLogSegment(385)) - c7c4673b-1be2-45f8-9c29-c9228fccc788@group-1A4CCE29B0F9-SegmentedRaftLogWorker: Starting segment from index:0
2019-11-14 00:33:06,187 [c7c4673b-1be2-45f8-9c29-c9228fccc788@group-1A4CCE29B0F9-LeaderElection100] INFO  impl.RaftServerImpl (ServerState.java:setRaftConf(356)) - c7c4673b-1be2-45f8-9c29-c9228fccc788@group-1A4CCE29B0F9: set configuration 0: [c7c4673b-1be2-45f8-9c29-c9228fccc788:192.168.34.25:39151, 599e9361-b00a-4387-8c81-1beb440b27b2:192.168.34.25:40470, 4b7ea911-6ec4-41f6-86c3-8c310b409e67:192.168.34.25:41710], old=null at 0
2019-11-14 00:33:06,217 [grpc-default-executor-17] INFO  ratis.XceiverServerRatis (XceiverServerRatis.java:handleLeaderChangedNotification(697)) - Leader change notification received for group: group-1A4CCE29B0F9 with new leaderId: c7c4673b-1be2-45f8-9c29-c9228fccc788
2019-11-14 00:33:06,217 [grpc-default-executor-14] INFO  ratis.XceiverServerRatis (XceiverServerRatis.java:handleLeaderChangedNotification(697)) - Leader change notification received for group: group-1A4CCE29B0F9 with new leaderId: c7c4673b-1be2-45f8-9c29-c9228fccc788
2019-11-14 00:33:06,217 [grpc-default-executor-17] INFO  impl.RaftServerImpl (ServerState.java:setLeader(255)) - 599e9361-b00a-4387-8c81-1beb440b27b2@group-1A4CCE29B0F9: change Leader from null to c7c4673b-1be2-45f8-9c29-c9228fccc788 at term 3 for appendEntries, leader elected after 5686ms
2019-11-14 00:33:06,217 [grpc-default-executor-14] INFO  impl.RaftServerImpl (ServerState.java:setLeader(255)) - 4b7ea911-6ec4-41f6-86c3-8c310b409e67@group-1A4CCE29B0F9: change Leader from null to c7c4673b-1be2-45f8-9c29-c9228fccc788 at term 3 for appendEntries, leader elected after 5686ms
2019-11-14 00:33:06,219 [grpc-default-executor-14] INFO  impl.RaftServerImpl (ServerState.java:setRaftConf(356)) - 599e9361-b00a-4387-8c81-1beb440b27b2@group-1A4CCE29B0F9: set configuration 0: [c7c4673b-1be2-45f8-9c29-c9228fccc788:192.168.34.25:39151, 599e9361-b00a-4387-8c81-1beb440b27b2:192.168.34.25:40470, 4b7ea911-6ec4-41f6-86c3-8c310b409e67:192.168.34.25:41710], old=null at 0
2019-11-14 00:33:06,219 [grpc-default-executor-17] INFO  impl.RaftServerImpl (ServerState.java:setRaftConf(356)) - 4b7ea911-6ec4-41f6-86c3-8c310b409e67@group-1A4CCE29B0F9: set configuration 0: [c7c4673b-1be2-45f8-9c29-c9228fccc788:192.168.34.25:39151, 599e9361-b00a-4387-8c81-1beb440b27b2:192.168.34.25:40470, 4b7ea911-6ec4-41f6-86c3-8c310b409e67:192.168.34.25:41710], old=null at 0
2019-11-14 00:33:06,219 [grpc-default-executor-14] INFO  segmented.SegmentedRaftLogWorker (SegmentedRaftLogWorker.java:startLogSegment(385)) - 599e9361-b00a-4387-8c81-1beb440b27b2@group-1A4CCE29B0F9-SegmentedRaftLogWorker: Starting segment from index:0
2019-11-14 00:33:06,219 [grpc-default-executor-17] INFO  segmented.SegmentedRaftLogWorker (SegmentedRaftLogWorker.java:startLogSegment(385)) - 4b7ea911-6ec4-41f6-86c3-8c310b409e67@group-1A4CCE29B0F9-SegmentedRaftLogWorker: Starting segment from index:0
2019-11-14 00:33:06,221 [c7c4673b-1be2-45f8-9c29-c9228fccc788@group-1A4CCE29B0F9-SegmentedRaftLogWorker] INFO  segmented.SegmentedRaftLogWorker (SegmentedRaftLogWorker.java:execute(576)) - c7c4673b-1be2-45f8-9c29-c9228fccc788@group-1A4CCE29B0F9-SegmentedRaftLogWorker: created new log segment /workdir/hadoop-ozone/integration-test/target/test-dir/MiniOzoneClusterImpl-60470fcf-478e-41fe-85ae-08a0494ed2ed/datanode-4/data/ratis/b2c7b049-8d07-4cf9-8dd2-1a4cce29b0f9/current/log_inprogress_0
2019-11-14 00:33:06,258 [599e9361-b00a-4387-8c81-1beb440b27b2@group-1A4CCE29B0F9-SegmentedRaftLogWorker] INFO  segmented.SegmentedRaftLogWorker (SegmentedRaftLogWorker.java:execute(576)) - 599e9361-b00a-4387-8c81-1beb440b27b2@group-1A4CCE29B0F9-SegmentedRaftLogWorker: created new log segment /workdir/hadoop-ozone/integration-test/target/test-dir/MiniOzoneClusterImpl-60470fcf-478e-41fe-85ae-08a0494ed2ed/datanode-3/data/ratis/b2c7b049-8d07-4cf9-8dd2-1a4cce29b0f9/current/log_inprogress_0
2019-11-14 00:33:06,258 [4b7ea911-6ec4-41f6-86c3-8c310b409e67@group-1A4CCE29B0F9-SegmentedRaftLogWorker] INFO  segmented.SegmentedRaftLogWorker (SegmentedRaftLogWorker.java:execute(576)) - 4b7ea911-6ec4-41f6-86c3-8c310b409e67@group-1A4CCE29B0F9-SegmentedRaftLogWorker: created new log segment /workdir/hadoop-ozone/integration-test/target/test-dir/MiniOzoneClusterImpl-60470fcf-478e-41fe-85ae-08a0494ed2ed/datanode-5/data/ratis/b2c7b049-8d07-4cf9-8dd2-1a4cce29b0f9/current/log_inprogress_0
2019-11-14 00:33:09,842 [main] INFO  ozoneimpl.OzoneContainer (OzoneContainer.java:stop(244)) - Attempting to stop container services.
2019-11-14 00:33:09,842 [ForkJoinPool.commonPool-worker-0] INFO  ozoneimpl.OzoneContainer (OzoneContainer.java:stop(244)) - Attempting to stop container services.
2019-11-14 00:33:09,845 [main] INFO  impl.RaftServerProxy (RaftServerProxy.java:lambda$close$4(314)) - 599e9361-b00a-4387-8c81-1beb440b27b2: close
2019-11-14 00:33:09,845 [ForkJoinPool.commonPool-worker-0] INFO  impl.RaftServerProxy (RaftServerProxy.java:lambda$close$4(314)) - c0a90149-7086-438b-b575-a58c52a879cd: close
2019-11-14 00:33:09,846 [ForkJoinPool.commonPool-worker-0] INFO  impl.RaftServerImpl (RaftServerImpl.java:lambda$shutdown$3(250)) - c0a90149-7086-438b-b575-a58c52a879cd@group-358C58BD3182: shutdown
2019-11-14 00:33:09,846 [main] INFO  impl.RaftServerImpl (RaftServerImpl.java:lambda$shutdown$3(250)) - 599e9361-b00a-4387-8c81-1beb440b27b2@group-0BC801716B22: shutdown
2019-11-14 00:33:09,846 [ForkJoinPool.commonPool-worker-0] INFO  util.JmxRegister (JmxRegister.java:unregister(73)) - Successfully un-registered JMX Bean with object name Ratis:service=RaftServer,group=group-358C58BD3182,id=c0a90149-7086-438b-b575-a58c52a879cd
2019-11-14 00:33:09,847 [main] INFO  util.JmxRegister (JmxRegister.java:unregister(73)) - Successfully un-registered JMX Bean with object name Ratis:service=RaftServer,group=group-0BC801716B22,id=599e9361-b00a-4387-8c81-1beb440b27b2
2019-11-14 00:33:09,847 [ForkJoinPool.commonPool-worker-0] INFO  impl.RoleInfo (RoleInfo.java:shutdownLeaderState(104)) - c0a90149-7086-438b-b575-a58c52a879cd: shutdown LeaderState
2019-11-14 00:33:09,847 [main] INFO  impl.RoleInfo (RoleInfo.java:shutdownLeaderState(104)) - 599e9361-b00a-4387-8c81-1beb440b27b2: shutdown LeaderState
2019-11-14 00:33:09,848 [ForkJoinPool.commonPool-worker-0] INFO  impl.PendingRequests (PendingRequests.java:sendNotLeaderResponses(206)) - c0a90149-7086-438b-b575-a58c52a879cd@group-358C58BD3182-PendingRequests: sendNotLeaderResponses
2019-11-14 00:33:09,848 [main] INFO  impl.PendingRequests (PendingRequests.java:sendNotLeaderResponses(206)) - 599e9361-b00a-4387-8c81-1beb440b27b2@group-0BC801716B22-PendingRequests: sendNotLeaderResponses
2019-11-14 00:33:09,853 [ForkJoinPool.commonPool-worker-0] INFO  impl.StateMachineUpdater (StateMachineUpdater.java:stopAndJoin(136)) - c0a90149-7086-438b-b575-a58c52a879cd@group-358C58BD3182-StateMachineUpdater: set stopIndex = 0
2019-11-14 00:33:09,853 [main] INFO  impl.StateMachineUpdater (StateMachineUpdater.java:stopAndJoin(136)) - 599e9361-b00a-4387-8c81-1beb440b27b2@group-0BC801716B22-StateMachineUpdater: set stopIndex = 0
2019-11-14 00:33:09,854 [ForkJoinPool.commonPool-worker-0] INFO  impl.RaftServerImpl (ServerState.java:close(387)) - c0a90149-7086-438b-b575-a58c52a879cd@group-358C58BD3182: closes. applyIndex: 0
2019-11-14 00:33:09,854 [main] INFO  impl.RaftServerImpl (ServerState.java:close(387)) - 599e9361-b00a-4387-8c81-1beb440b27b2@group-0BC801716B22: closes. applyIndex: 0
2019-11-14 00:33:09,856 [599e9361-b00a-4387-8c81-1beb440b27b2@group-0BC801716B22-SegmentedRaftLogWorker] INFO  segmented.SegmentedRaftLogWorker (SegmentedRaftLogWorker.java:run(316)) - 599e9361-b00a-4387-8c81-1beb440b27b2@group-0BC801716B22-SegmentedRaftLogWorker was interrupted, exiting. There are 0 tasks remaining in the queue.
2019-11-14 00:33:09,856 [c0a90149-7086-438b-b575-a58c52a879cd@group-358C58BD3182-SegmentedRaftLogWorker] INFO  segmented.SegmentedRaftLogWorker (SegmentedRaftLogWorker.java:run(316)) - c0a90149-7086-438b-b575-a58c52a879cd@group-358C58BD3182-SegmentedRaftLogWorker was interrupted, exiting. There are 0 tasks remaining in the queue.
2019-11-14 00:33:09,864 [ForkJoinPool.commonPool-worker-0] INFO  segmented.SegmentedRaftLogWorker (SegmentedRaftLogWorker.java:close(224)) - c0a90149-7086-438b-b575-a58c52a879cd@group-358C58BD3182-SegmentedRaftLogWorker close()
2019-11-14 00:33:09,864 [main] INFO  segmented.SegmentedRaftLogWorker (SegmentedRaftLogWorker.java:close(224)) - 599e9361-b00a-4387-8c81-1beb440b27b2@group-0BC801716B22-SegmentedRaftLogWorker close()
2019-11-14 00:33:09,867 [ForkJoinPool.commonPool-worker-0] INFO  impl.RaftServerImpl (RaftServerImpl.java:lambda$shutdown$3(250)) - c0a90149-7086-438b-b575-a58c52a879cd@group-F07F0236B362: shutdown
2019-11-14 00:33:09,870 [main] INFO  impl.RaftServerImpl (RaftServerImpl.java:lambda$shutdown$3(250)) - 599e9361-b00a-4387-8c81-1beb440b27b2@group-1A4CCE29B0F9: shutdown
2019-11-14 00:33:09,870 [ForkJoinPool.commonPool-worker-0] INFO  util.JmxRegister (JmxRegister.java:unregister(73)) - Successfully un-registered JMX Bean with object name Ratis:service=RaftServer,group=group-F07F0236B362,id=c0a90149-7086-438b-b575-a58c52a879cd
2019-11-14 00:33:09,871 [main] INFO  util.JmxRegister (JmxRegister.java:unregister(73)) - Successfully un-registered JMX Bean with object name Ratis:service=RaftServer,group=group-1A4CCE29B0F9,id=599e9361-b00a-4387-8c81-1beb440b27b2
2019-11-14 00:33:09,872 [main] INFO  impl.RoleInfo (RoleInfo.java:shutdownFollowerState(121)) - 599e9361-b00a-4387-8c81-1beb440b27b2: shutdown FollowerState
2019-11-14 00:33:09,872 [main] INFO  impl.StateMachineUpdater (StateMachineUpdater.java:stopAndJoin(136)) - 599e9361-b00a-4387-8c81-1beb440b27b2@group-1A4CCE29B0F9-StateMachineUpdater: set stopIndex = 0
2019-11-14 00:33:09,873 [Thread-2563] INFO  impl.FollowerState (FollowerState.java:run(120)) - 599e9361-b00a-4387-8c81-1beb440b27b2@group-1A4CCE29B0F9-FollowerState was interrupted: java.lang.InterruptedException: sleep interrupted
2019-11-14 00:33:09,873 [ForkJoinPool.commonPool-worker-0] INFO  impl.RoleInfo (RoleInfo.java:shutdownFollowerState(121)) - c0a90149-7086-438b-b575-a58c52a879cd: shutdown FollowerState
2019-11-14 00:33:09,873 [main] INFO  impl.RaftServerImpl (ServerState.java:close(387)) - 599e9361-b00a-4387-8c81-1beb440b27b2@group-1A4CCE29B0F9: closes. applyIndex: 0
2019-11-14 00:33:09,874 [Thread-2551] INFO  impl.FollowerState (FollowerState.java:run(120)) - c0a90149-7086-438b-b575-a58c52a879cd@group-F07F0236B362-FollowerState was interrupted: java.lang.InterruptedException: sleep interrupted
2019-11-14 00:33:09,874 [ForkJoinPool.commonPool-worker-0] INFO  impl.StateMachineUpdater (StateMachineUpdater.java:stopAndJoin(136)) - c0a90149-7086-438b-b575-a58c52a879cd@group-F07F0236B362-StateMachineUpdater: set stopIndex = 0
2019-11-14 00:33:09,875 [599e9361-b00a-4387-8c81-1beb440b27b2@group-1A4CCE29B0F9-SegmentedRaftLogWorker] INFO  segmented.SegmentedRaftLogWorker (SegmentedRaftLogWorker.java:run(316)) - 599e9361-b00a-4387-8c81-1beb440b27b2@group-1A4CCE29B0F9-SegmentedRaftLogWorker was interrupted, exiting. There are 0 tasks remaining in the queue.
2019-11-14 00:33:09,875 [ForkJoinPool.commonPool-worker-0] INFO  impl.RaftServerImpl (ServerState.java:close(387)) - c0a90149-7086-438b-b575-a58c52a879cd@group-F07F0236B362: closes. applyIndex: 0
2019-11-14 00:33:09,877 [c0a90149-7086-438b-b575-a58c52a879cd@group-F07F0236B362-SegmentedRaftLogWorker] INFO  segmented.SegmentedRaftLogWorker (SegmentedRaftLogWorker.java:run(316)) - c0a90149-7086-438b-b575-a58c52a879cd@group-F07F0236B362-SegmentedRaftLogWorker was interrupted, exiting. There are 0 tasks remaining in the queue.
2019-11-14 00:33:09,877 [main] INFO  segmented.SegmentedRaftLogWorker (SegmentedRaftLogWorker.java:close(224)) - 599e9361-b00a-4387-8c81-1beb440b27b2@group-1A4CCE29B0F9-SegmentedRaftLogWorker close()
2019-11-14 00:33:09,880 [ForkJoinPool.commonPool-worker-0] INFO  segmented.SegmentedRaftLogWorker (SegmentedRaftLogWorker.java:close(224)) - c0a90149-7086-438b-b575-a58c52a879cd@group-F07F0236B362-SegmentedRaftLogWorker close()
2019-11-14 00:33:09,881 [main] INFO  server.GrpcService (GrpcService.java:closeImpl(164)) - 599e9361-b00a-4387-8c81-1beb440b27b2: shutdown server with port 40470 now
2019-11-14 00:33:09,883 [ForkJoinPool.commonPool-worker-0] INFO  server.GrpcService (GrpcService.java:closeImpl(164)) - c0a90149-7086-438b-b575-a58c52a879cd: shutdown server with port 33958 now
2019-11-14 00:33:09,886 [main] INFO  server.GrpcService (GrpcService.java:closeImpl(172)) - 599e9361-b00a-4387-8c81-1beb440b27b2: shutdown server with port 40470 successfully
2019-11-14 00:33:09,886 [grpc-default-executor-17] WARN  server.GrpcServerProtocolService (LogUtils.java:warn(134)) - 599e9361-b00a-4387-8c81-1beb440b27b2: installSnapshot onError, lastRequest: c7c4673b-1be2-45f8-9c29-c9228fccc788->599e9361-b00a-4387-8c81-1beb440b27b2#8-t3, previous=(t:3, i:0), leaderCommit=0, initializing? false, entries: <empty>: org.apache.ratis.thirdparty.io.grpc.StatusRuntimeException: CANCELLED: cancelled before receiving half close
2019-11-14 00:33:09,886 [grpc-default-executor-3] WARN  server.GrpcServerProtocolService (LogUtils.java:warn(134)) - c0a90149-7086-438b-b575-a58c52a879cd: installSnapshot onError, lastRequest: 75a811de-d3cd-4e06-b16e-b70ad37a4427->c0a90149-7086-438b-b575-a58c52a879cd#8-t2, previous=(t:2, i:0), leaderCommit=0, initializing? false, entries: <empty>: org.apache.ratis.thirdparty.io.grpc.StatusRuntimeException: CANCELLED: cancelled before receiving half close
2019-11-14 00:33:09,886 [grpc-default-executor-15] WARN  server.GrpcLogAppender (LogUtils.java:warn(134)) - c7c4673b-1be2-45f8-9c29-c9228fccc788@group-1A4CCE29B0F9->599e9361-b00a-4387-8c81-1beb440b27b2-AppendLogResponseHandler: Failed appendEntries: org.apache.ratis.thirdparty.io.grpc.StatusRuntimeException: CANCELLED: HTTP/2 error code: CANCEL
Received Rst Stream
2019-11-14 00:33:09,887 [ForkJoinPool.commonPool-worker-0] INFO  server.GrpcService (GrpcService.java:closeImpl(172)) - c0a90149-7086-438b-b575-a58c52a879cd: shutdown server with port 33958 successfully
2019-11-14 00:33:09,887 [grpc-default-executor-18] WARN  server.GrpcLogAppender (LogUtils.java:warn(134)) - 75a811de-d3cd-4e06-b16e-b70ad37a4427@group-F07F0236B362->c0a90149-7086-438b-b575-a58c52a879cd-AppendLogResponseHandler: Failed appendEntries: org.apache.ratis.thirdparty.io.grpc.StatusRuntimeException: CANCELLED: HTTP/2 error code: CANCEL
Received Rst Stream
2019-11-14 00:33:09,887 [grpc-default-executor-15] INFO  impl.FollowerInfo (FollowerInfo.java:lambda$new$0(51)) - c7c4673b-1be2-45f8-9c29-c9228fccc788@group-1A4CCE29B0F9->599e9361-b00a-4387-8c81-1beb440b27b2: nextIndex: updateUnconditionally 1 -> 0
2019-11-14 00:33:09,888 [grpc-default-executor-18] INFO  impl.FollowerInfo (FollowerInfo.java:lambda$new$0(51)) - 75a811de-d3cd-4e06-b16e-b70ad37a4427@group-F07F0236B362->c0a90149-7086-438b-b575-a58c52a879cd: nextIndex: updateUnconditionally 1 -> 0
2019-11-14 00:33:09,891 [refreshUsed-/workdir/hadoop-ozone/integration-test/target/test-dir/MiniOzoneClusterImpl-60470fcf-478e-41fe-85ae-08a0494ed2ed/datanode-3/data/containers] WARN  fs.CachingGetSpaceUsed (CachingGetSpaceUsed.java:run(183)) - Thread Interrupted waiting to refresh disk information: sleep interrupted
2019-11-14 00:33:09,893 [refreshUsed-/workdir/hadoop-ozone/integration-test/target/test-dir/MiniOzoneClusterImpl-60470fcf-478e-41fe-85ae-08a0494ed2ed/datanode-1/data/containers] WARN  fs.CachingGetSpaceUsed (CachingGetSpaceUsed.java:run(183)) - Thread Interrupted waiting to refresh disk information: sleep interrupted
2019-11-14 00:33:09,912 [main] INFO  utils.BackgroundService (BackgroundService.java:shutdown(151)) - Shutting down service BlockDeletingService
2019-11-14 00:33:09,916 [main] INFO  statemachine.DatanodeStateMachine (DatanodeStateMachine.java:stopDaemon(395)) - Ozone container server stopped.
2019-11-14 00:33:09,918 [main] INFO  handler.ContextHandler (ContextHandler.java:doStop(910)) - Stopped o.e.j.w.WebAppContext@343e225a{/,null,UNAVAILABLE}{/hddsDatanode}
2019-11-14 00:33:09,918 [main] INFO  server.AbstractConnector (AbstractConnector.java:doStop(318)) - Stopped ServerConnector@1a07bf6{HTTP/1.1,[http/1.1]}{0.0.0.0:0}
2019-11-14 00:33:09,919 [main] INFO  handler.ContextHandler (ContextHandler.java:doStop(910)) - Stopped o.e.j.s.ServletContextHandler@d4df0e{/static,jar:file:/home/user/.m2/repository/org/apache/hadoop/hadoop-hdds-container-service/0.5.0-SNAPSHOT/hadoop-hdds-container-service-0.5.0-SNAPSHOT.jar!/webapps/static,UNAVAILABLE}
2019-11-14 00:33:09,919 [main] INFO  handler.ContextHandler (ContextHandler.java:doStop(910)) - Stopped o.e.j.s.ServletContextHandler@74606204{/logs,file:///workdir/hadoop-ozone/integration-test/target/log,UNAVAILABLE}
2019-11-14 00:33:09,919 [ForkJoinPool.commonPool-worker-0] INFO  utils.BackgroundService (BackgroundService.java:shutdown(151)) - Shutting down service BlockDeletingService
2019-11-14 00:33:09,923 [ForkJoinPool.commonPool-worker-0] INFO  statemachine.DatanodeStateMachine (DatanodeStateMachine.java:stopDaemon(395)) - Ozone container server stopped.
2019-11-14 00:33:09,927 [ForkJoinPool.commonPool-worker-0] INFO  handler.ContextHandler (ContextHandler.java:doStop(910)) - Stopped o.e.j.w.WebAppContext@3a3ed300{/,null,UNAVAILABLE}{/hddsDatanode}
2019-11-14 00:33:09,927 [ForkJoinPool.commonPool-worker-0] INFO  server.AbstractConnector (AbstractConnector.java:doStop(318)) - Stopped ServerConnector@1984212d{HTTP/1.1,[http/1.1]}{0.0.0.0:0}
2019-11-14 00:33:09,928 [ForkJoinPool.commonPool-worker-0] INFO  handler.ContextHandler (ContextHandler.java:doStop(910)) - Stopped o.e.j.s.ServletContextHandler@72976b4{/static,jar:file:/home/user/.m2/repository/org/apache/hadoop/hadoop-hdds-container-service/0.5.0-SNAPSHOT/hadoop-hdds-container-service-0.5.0-SNAPSHOT.jar!/webapps/static,UNAVAILABLE}
2019-11-14 00:33:09,930 [ForkJoinPool.commonPool-worker-0] INFO  handler.ContextHandler (ContextHandler.java:doStop(910)) - Stopped o.e.j.s.ServletContextHandler@92d1782{/logs,file:///workdir/hadoop-ozone/integration-test/target/log,UNAVAILABLE}
2019-11-14 00:33:10,199 [grpc-default-executor-3] WARN  server.GrpcLogAppender (LogUtils.java:warn(134)) - 75a811de-d3cd-4e06-b16e-b70ad37a4427@group-F07F0236B362->c0a90149-7086-438b-b575-a58c52a879cd-AppendLogResponseHandler: Failed appendEntries: org.apache.ratis.thirdparty.io.grpc.StatusRuntimeException: UNAVAILABLE: io exception
2019-11-14 00:33:10,200 [grpc-default-executor-3] INFO  impl.FollowerInfo (FollowerInfo.java:lambda$new$0(51)) - 75a811de-d3cd-4e06-b16e-b70ad37a4427@group-F07F0236B362->c0a90149-7086-438b-b575-a58c52a879cd: nextIndex: updateUnconditionally 0 -> 0
2019-11-14 00:33:10,243 [Datanode State Machine Thread - 0] INFO  statemachine.DatanodeStateMachine (DatanodeStateMachine.java:lambda$startDaemon$0(350)) - Ozone container server started.
2019-11-14 00:33:10,277 [grpc-default-executor-17] WARN  server.GrpcLogAppender (LogUtils.java:warn(134)) - c7c4673b-1be2-45f8-9c29-c9228fccc788@group-1A4CCE29B0F9->599e9361-b00a-4387-8c81-1beb440b27b2-AppendLogResponseHandler: Failed appendEntries: org.apache.ratis.thirdparty.io.grpc.StatusRuntimeException: UNAVAILABLE: io exception
2019-11-14 00:33:10,277 [grpc-default-executor-17] INFO  impl.FollowerInfo (FollowerInfo.java:lambda$new$0(51)) - c7c4673b-1be2-45f8-9c29-c9228fccc788@group-1A4CCE29B0F9->599e9361-b00a-4387-8c81-1beb440b27b2: nextIndex: updateUnconditionally 0 -> 0
2019-11-14 00:33:10,701 [grpc-default-executor-3] WARN  server.GrpcLogAppender (LogUtils.java:warn(134)) - 75a811de-d3cd-4e06-b16e-b70ad37a4427@group-F07F0236B362->c0a90149-7086-438b-b575-a58c52a879cd-AppendLogResponseHandler: Failed appendEntries: org.apache.ratis.thirdparty.io.grpc.StatusRuntimeException: UNAVAILABLE: io exception
2019-11-14 00:33:10,701 [grpc-default-executor-3] INFO  impl.FollowerInfo (FollowerInfo.java:lambda$new$0(51)) - 75a811de-d3cd-4e06-b16e-b70ad37a4427@group-F07F0236B362->c0a90149-7086-438b-b575-a58c52a879cd: nextIndex: updateUnconditionally 0 -> 0
2019-11-14 00:33:10,777 [grpc-default-executor-17] WARN  server.GrpcLogAppender (LogUtils.java:warn(134)) - c7c4673b-1be2-45f8-9c29-c9228fccc788@group-1A4CCE29B0F9->599e9361-b00a-4387-8c81-1beb440b27b2-AppendLogResponseHandler: Failed appendEntries: org.apache.ratis.thirdparty.io.grpc.StatusRuntimeException: UNAVAILABLE: io exception
2019-11-14 00:33:10,778 [grpc-default-executor-17] INFO  impl.FollowerInfo (FollowerInfo.java:lambda$new$0(51)) - c7c4673b-1be2-45f8-9c29-c9228fccc788@group-1A4CCE29B0F9->599e9361-b00a-4387-8c81-1beb440b27b2: nextIndex: updateUnconditionally 0 -> 0
2019-11-14 00:33:10,871 [Datanode State Machine Thread - 0] INFO  statemachine.DatanodeStateMachine (DatanodeStateMachine.java:lambda$startDaemon$0(350)) - Ozone container server started.
2019-11-14 00:33:11,201 [grpc-default-executor-18] WARN  server.GrpcLogAppender (LogUtils.java:warn(134)) - 75a811de-d3cd-4e06-b16e-b70ad37a4427@group-F07F0236B362->c0a90149-7086-438b-b575-a58c52a879cd-AppendLogResponseHandler: Failed appendEntries: org.apache.ratis.thirdparty.io.grpc.StatusRuntimeException: UNAVAILABLE: io exception
2019-11-14 00:33:11,202 [grpc-default-executor-18] INFO  impl.FollowerInfo (FollowerInfo.java:lambda$new$0(51)) - 75a811de-d3cd-4e06-b16e-b70ad37a4427@group-F07F0236B362->c0a90149-7086-438b-b575-a58c52a879cd: nextIndex: updateUnconditionally 0 -> 0
2019-11-14 00:33:11,278 [grpc-default-executor-3] WARN  server.GrpcLogAppender (LogUtils.java:warn(134)) - c7c4673b-1be2-45f8-9c29-c9228fccc788@group-1A4CCE29B0F9->599e9361-b00a-4387-8c81-1beb440b27b2-AppendLogResponseHandler: Failed appendEntries: org.apache.ratis.thirdparty.io.grpc.StatusRuntimeException: UNAVAILABLE: io exception
2019-11-14 00:33:11,278 [grpc-default-executor-3] INFO  impl.FollowerInfo (FollowerInfo.java:lambda$new$0(51)) - c7c4673b-1be2-45f8-9c29-c9228fccc788@group-1A4CCE29B0F9->599e9361-b00a-4387-8c81-1beb440b27b2: nextIndex: updateUnconditionally 0 -> 0
2019-11-14 00:33:11,702 [grpc-default-executor-15] WARN  server.GrpcLogAppender (LogUtils.java:warn(134)) - 75a811de-d3cd-4e06-b16e-b70ad37a4427@group-F07F0236B362->c0a90149-7086-438b-b575-a58c52a879cd-AppendLogResponseHandler: Failed appendEntries: org.apache.ratis.thirdparty.io.grpc.StatusRuntimeException: UNAVAILABLE: io exception
2019-11-14 00:33:11,703 [grpc-default-executor-15] INFO  impl.FollowerInfo (FollowerInfo.java:lambda$new$0(51)) - 75a811de-d3cd-4e06-b16e-b70ad37a4427@group-F07F0236B362->c0a90149-7086-438b-b575-a58c52a879cd: nextIndex: updateUnconditionally 0 -> 0
2019-11-14 00:33:11,778 [grpc-default-executor-15] WARN  server.GrpcLogAppender (LogUtils.java:warn(134)) - c7c4673b-1be2-45f8-9c29-c9228fccc788@group-1A4CCE29B0F9->599e9361-b00a-4387-8c81-1beb440b27b2-AppendLogResponseHandler: Failed appendEntries: org.apache.ratis.thirdparty.io.grpc.StatusRuntimeException: UNAVAILABLE: io exception
2019-11-14 00:33:11,779 [grpc-default-executor-15] INFO  impl.FollowerInfo (FollowerInfo.java:lambda$new$0(51)) - c7c4673b-1be2-45f8-9c29-c9228fccc788@group-1A4CCE29B0F9->599e9361-b00a-4387-8c81-1beb440b27b2: nextIndex: updateUnconditionally 0 -> 0
2019-11-14 00:33:12,202 [grpc-default-executor-15] WARN  server.GrpcLogAppender (LogUtils.java:warn(134)) - 75a811de-d3cd-4e06-b16e-b70ad37a4427@group-F07F0236B362->c0a90149-7086-438b-b575-a58c52a879cd-AppendLogResponseHandler: Failed appendEntries: org.apache.ratis.thirdparty.io.grpc.StatusRuntimeException: UNAVAILABLE: io exception
2019-11-14 00:33:12,203 [grpc-default-executor-15] INFO  impl.FollowerInfo (FollowerInfo.java:lambda$new$0(51)) - 75a811de-d3cd-4e06-b16e-b70ad37a4427@group-F07F0236B362->c0a90149-7086-438b-b575-a58c52a879cd: nextIndex: updateUnconditionally 0 -> 0
2019-11-14 00:33:12,279 [grpc-default-executor-3] WARN  server.GrpcLogAppender (LogUtils.java:warn(134)) - c7c4673b-1be2-45f8-9c29-c9228fccc788@group-1A4CCE29B0F9->599e9361-b00a-4387-8c81-1beb440b27b2-AppendLogResponseHandler: Failed appendEntries: org.apache.ratis.thirdparty.io.grpc.StatusRuntimeException: UNAVAILABLE: io exception
2019-11-14 00:33:12,280 [grpc-default-executor-3] INFO  impl.FollowerInfo (FollowerInfo.java:lambda$new$0(51)) - c7c4673b-1be2-45f8-9c29-c9228fccc788@group-1A4CCE29B0F9->599e9361-b00a-4387-8c81-1beb440b27b2: nextIndex: updateUnconditionally 0 -> 0
2019-11-14 00:33:12,708 [grpc-default-executor-15] WARN  server.GrpcLogAppender (LogUtils.java:warn(134)) - 75a811de-d3cd-4e06-b16e-b70ad37a4427@group-F07F0236B362->c0a90149-7086-438b-b575-a58c52a879cd-AppendLogResponseHandler: Failed appendEntries: org.apache.ratis.thirdparty.io.grpc.StatusRuntimeException: UNAVAILABLE: io exception
2019-11-14 00:33:12,708 [grpc-default-executor-15] INFO  impl.FollowerInfo (FollowerInfo.java:lambda$new$0(51)) - 75a811de-d3cd-4e06-b16e-b70ad37a4427@group-F07F0236B362->c0a90149-7086-438b-b575-a58c52a879cd: nextIndex: updateUnconditionally 0 -> 0
2019-11-14 00:33:12,779 [grpc-default-executor-15] WARN  server.GrpcLogAppender (LogUtils.java:warn(134)) - c7c4673b-1be2-45f8-9c29-c9228fccc788@group-1A4CCE29B0F9->599e9361-b00a-4387-8c81-1beb440b27b2-AppendLogResponseHandler: Failed appendEntries: org.apache.ratis.thirdparty.io.grpc.StatusRuntimeException: UNAVAILABLE: io exception
2019-11-14 00:33:12,780 [grpc-default-executor-15] INFO  impl.FollowerInfo (FollowerInfo.java:lambda$new$0(51)) - c7c4673b-1be2-45f8-9c29-c9228fccc788@group-1A4CCE29B0F9->599e9361-b00a-4387-8c81-1beb440b27b2: nextIndex: updateUnconditionally 0 -> 0
2019-11-14 00:33:13,206 [grpc-default-executor-18] WARN  server.GrpcLogAppender (LogUtils.java:warn(134)) - 75a811de-d3cd-4e06-b16e-b70ad37a4427@group-F07F0236B362->c0a90149-7086-438b-b575-a58c52a879cd-AppendLogResponseHandler: Failed appendEntries: org.apache.ratis.thirdparty.io.grpc.StatusRuntimeException: UNAVAILABLE: io exception
2019-11-14 00:33:13,207 [grpc-default-executor-18] INFO  impl.FollowerInfo (FollowerInfo.java:lambda$new$0(51)) - 75a811de-d3cd-4e06-b16e-b70ad37a4427@group-F07F0236B362->c0a90149-7086-438b-b575-a58c52a879cd: nextIndex: updateUnconditionally 0 -> 0
2019-11-14 00:33:13,280 [grpc-default-executor-3] WARN  server.GrpcLogAppender (LogUtils.java:warn(134)) - c7c4673b-1be2-45f8-9c29-c9228fccc788@group-1A4CCE29B0F9->599e9361-b00a-4387-8c81-1beb440b27b2-AppendLogResponseHandler: Failed appendEntries: org.apache.ratis.thirdparty.io.grpc.StatusRuntimeException: UNAVAILABLE: io exception
2019-11-14 00:33:13,281 [grpc-default-executor-3] INFO  impl.FollowerInfo (FollowerInfo.java:lambda$new$0(51)) - c7c4673b-1be2-45f8-9c29-c9228fccc788@group-1A4CCE29B0F9->599e9361-b00a-4387-8c81-1beb440b27b2: nextIndex: updateUnconditionally 0 -> 0
2019-11-14 00:33:13,707 [grpc-default-executor-15] WARN  server.GrpcLogAppender (LogUtils.java:warn(134)) - 75a811de-d3cd-4e06-b16e-b70ad37a4427@group-F07F0236B362->c0a90149-7086-438b-b575-a58c52a879cd-AppendLogResponseHandler: Failed appendEntries: org.apache.ratis.thirdparty.io.grpc.StatusRuntimeException: UNAVAILABLE: io exception
2019-11-14 00:33:13,707 [grpc-default-executor-15] INFO  impl.FollowerInfo (FollowerInfo.java:lambda$new$0(51)) - 75a811de-d3cd-4e06-b16e-b70ad37a4427@group-F07F0236B362->c0a90149-7086-438b-b575-a58c52a879cd: nextIndex: updateUnconditionally 0 -> 0
2019-11-14 00:33:13,782 [grpc-default-executor-18] WARN  server.GrpcLogAppender (LogUtils.java:warn(134)) - c7c4673b-1be2-45f8-9c29-c9228fccc788@group-1A4CCE29B0F9->599e9361-b00a-4387-8c81-1beb440b27b2-AppendLogResponseHandler: Failed appendEntries: org.apache.ratis.thirdparty.io.grpc.StatusRuntimeException: UNAVAILABLE: io exception
2019-11-14 00:33:13,782 [grpc-default-executor-18] INFO  impl.FollowerInfo (FollowerInfo.java:lambda$new$0(51)) - c7c4673b-1be2-45f8-9c29-c9228fccc788@group-1A4CCE29B0F9->599e9361-b00a-4387-8c81-1beb440b27b2: nextIndex: updateUnconditionally 0 -> 0
2019-11-14 00:33:14,210 [grpc-default-executor-3] WARN  server.GrpcLogAppender (LogUtils.java:warn(134)) - 75a811de-d3cd-4e06-b16e-b70ad37a4427@group-F07F0236B362->c0a90149-7086-438b-b575-a58c52a879cd-AppendLogResponseHandler: Failed appendEntries: org.apache.ratis.thirdparty.io.grpc.StatusRuntimeException: UNAVAILABLE: io exception
2019-11-14 00:33:14,210 [grpc-default-executor-3] INFO  impl.FollowerInfo (FollowerInfo.java:lambda$new$0(51)) - 75a811de-d3cd-4e06-b16e-b70ad37a4427@group-F07F0236B362->c0a90149-7086-438b-b575-a58c52a879cd: nextIndex: updateUnconditionally 0 -> 0
2019-11-14 00:33:14,282 [grpc-default-executor-15] WARN  server.GrpcLogAppender (LogUtils.java:warn(134)) - c7c4673b-1be2-45f8-9c29-c9228fccc788@group-1A4CCE29B0F9->599e9361-b00a-4387-8c81-1beb440b27b2-AppendLogResponseHandler: Failed appendEntries: org.apache.ratis.thirdparty.io.grpc.StatusRuntimeException: UNAVAILABLE: io exception
2019-11-14 00:33:14,282 [grpc-default-executor-15] INFO  impl.FollowerInfo (FollowerInfo.java:lambda$new$0(51)) - c7c4673b-1be2-45f8-9c29-c9228fccc788@group-1A4CCE29B0F9->599e9361-b00a-4387-8c81-1beb440b27b2: nextIndex: updateUnconditionally 0 -> 0
2019-11-14 00:33:14,709 [grpc-default-executor-18] WARN  server.GrpcLogAppender (LogUtils.java:warn(134)) - 75a811de-d3cd-4e06-b16e-b70ad37a4427@group-F07F0236B362->c0a90149-7086-438b-b575-a58c52a879cd-AppendLogResponseHandler: Failed appendEntries: org.apache.ratis.thirdparty.io.grpc.StatusRuntimeException: UNAVAILABLE: io exception
2019-11-14 00:33:14,710 [grpc-default-executor-18] INFO  impl.FollowerInfo (FollowerInfo.java:lambda$new$0(51)) - 75a811de-d3cd-4e06-b16e-b70ad37a4427@group-F07F0236B362->c0a90149-7086-438b-b575-a58c52a879cd: nextIndex: updateUnconditionally 0 -> 0
2019-11-14 00:33:14,784 [grpc-default-executor-18] WARN  server.GrpcLogAppender (LogUtils.java:warn(134)) - c7c4673b-1be2-45f8-9c29-c9228fccc788@group-1A4CCE29B0F9->599e9361-b00a-4387-8c81-1beb440b27b2-AppendLogResponseHandler: Failed appendEntries: org.apache.ratis.thirdparty.io.grpc.StatusRuntimeException: UNAVAILABLE: io exception
2019-11-14 00:33:14,785 [grpc-default-executor-18] INFO  impl.FollowerInfo (FollowerInfo.java:lambda$new$0(51)) - c7c4673b-1be2-45f8-9c29-c9228fccc788@group-1A4CCE29B0F9->599e9361-b00a-4387-8c81-1beb440b27b2: nextIndex: updateUnconditionally 0 -> 0
2019-11-14 00:33:14,923 [main] INFO  ozoneimpl.OzoneContainer (OzoneContainer.java:stop(244)) - Attempting to stop container services.
2019-11-14 00:33:14,924 [main] INFO  impl.RaftServerProxy (RaftServerProxy.java:lambda$close$4(314)) - 4b7ea911-6ec4-41f6-86c3-8c310b409e67: close
2019-11-14 00:33:14,925 [main] INFO  impl.RaftServerImpl (RaftServerImpl.java:lambda$shutdown$3(250)) - 4b7ea911-6ec4-41f6-86c3-8c310b409e67@group-B7AD03D77DBE: shutdown
2019-11-14 00:33:14,925 [main] INFO  util.JmxRegister (JmxRegister.java:unregister(73)) - Successfully un-registered JMX Bean with object name Ratis:service=RaftServer,group=group-B7AD03D77DBE,id=4b7ea911-6ec4-41f6-86c3-8c310b409e67
2019-11-14 00:33:14,926 [main] INFO  impl.RoleInfo (RoleInfo.java:shutdownLeaderState(104)) - 4b7ea911-6ec4-41f6-86c3-8c310b409e67: shutdown LeaderState
2019-11-14 00:33:14,926 [main] INFO  impl.PendingRequests (PendingRequests.java:sendNotLeaderResponses(206)) - 4b7ea911-6ec4-41f6-86c3-8c310b409e67@group-B7AD03D77DBE-PendingRequests: sendNotLeaderResponses
2019-11-14 00:33:14,927 [main] INFO  impl.StateMachineUpdater (StateMachineUpdater.java:stopAndJoin(136)) - 4b7ea911-6ec4-41f6-86c3-8c310b409e67@group-B7AD03D77DBE-StateMachineUpdater: set stopIndex = 0
2019-11-14 00:33:14,927 [main] INFO  impl.RaftServerImpl (ServerState.java:close(387)) - 4b7ea911-6ec4-41f6-86c3-8c310b409e67@group-B7AD03D77DBE: closes. applyIndex: 0
2019-11-14 00:33:14,928 [4b7ea911-6ec4-41f6-86c3-8c310b409e67@group-B7AD03D77DBE-SegmentedRaftLogWorker] INFO  segmented.SegmentedRaftLogWorker (SegmentedRaftLogWorker.java:run(316)) - 4b7ea911-6ec4-41f6-86c3-8c310b409e67@group-B7AD03D77DBE-SegmentedRaftLogWorker was interrupted, exiting. There are 0 tasks remaining in the queue.
2019-11-14 00:33:14,928 [main] INFO  segmented.SegmentedRaftLogWorker (SegmentedRaftLogWorker.java:close(224)) - 4b7ea911-6ec4-41f6-86c3-8c310b409e67@group-B7AD03D77DBE-SegmentedRaftLogWorker close()
2019-11-14 00:33:14,932 [main] INFO  impl.RaftServerImpl (RaftServerImpl.java:lambda$shutdown$3(250)) - 4b7ea911-6ec4-41f6-86c3-8c310b409e67@group-1A4CCE29B0F9: shutdown
2019-11-14 00:33:14,932 [main] INFO  util.JmxRegister (JmxRegister.java:unregister(73)) - Successfully un-registered JMX Bean with object name Ratis:service=RaftServer,group=group-1A4CCE29B0F9,id=4b7ea911-6ec4-41f6-86c3-8c310b409e67
2019-11-14 00:33:14,932 [ForkJoinPool.commonPool-worker-0] INFO  ozoneimpl.OzoneContainer (OzoneContainer.java:stop(244)) - Attempting to stop container services.
2019-11-14 00:33:14,933 [main] INFO  impl.RoleInfo (RoleInfo.java:shutdownFollowerState(121)) - 4b7ea911-6ec4-41f6-86c3-8c310b409e67: shutdown FollowerState
2019-11-14 00:33:14,933 [ForkJoinPool.commonPool-worker-0] INFO  impl.RaftServerProxy (RaftServerProxy.java:lambda$close$4(314)) - 82068b54-9744-4929-951d-196898e4ec33: close
2019-11-14 00:33:14,933 [Thread-2564] INFO  impl.FollowerState (FollowerState.java:run(120)) - 4b7ea911-6ec4-41f6-86c3-8c310b409e67@group-1A4CCE29B0F9-FollowerState was interrupted: java.lang.InterruptedException: sleep interrupted
2019-11-14 00:33:14,933 [main] INFO  impl.StateMachineUpdater (StateMachineUpdater.java:stopAndJoin(136)) - 4b7ea911-6ec4-41f6-86c3-8c310b409e67@group-1A4CCE29B0F9-StateMachineUpdater: set stopIndex = 0
2019-11-14 00:33:14,934 [main] INFO  impl.RaftServerImpl (ServerState.java:close(387)) - 4b7ea911-6ec4-41f6-86c3-8c310b409e67@group-1A4CCE29B0F9: closes. applyIndex: 0
2019-11-14 00:33:14,933 [ForkJoinPool.commonPool-worker-0] INFO  impl.RaftServerImpl (RaftServerImpl.java:lambda$shutdown$3(250)) - 82068b54-9744-4929-951d-196898e4ec33@group-505D4258462C: shutdown
2019-11-14 00:33:14,934 [4b7ea911-6ec4-41f6-86c3-8c310b409e67@group-1A4CCE29B0F9-SegmentedRaftLogWorker] INFO  segmented.SegmentedRaftLogWorker (SegmentedRaftLogWorker.java:run(316)) - 4b7ea911-6ec4-41f6-86c3-8c310b409e67@group-1A4CCE29B0F9-SegmentedRaftLogWorker was interrupted, exiting. There are 0 tasks remaining in the queue.
2019-11-14 00:33:14,934 [ForkJoinPool.commonPool-worker-0] INFO  util.JmxRegister (JmxRegister.java:unregister(73)) - Successfully un-registered JMX Bean with object name Ratis:service=RaftServer,group=group-505D4258462C,id=82068b54-9744-4929-951d-196898e4ec33
2019-11-14 00:33:14,935 [main] INFO  segmented.SegmentedRaftLogWorker (SegmentedRaftLogWorker.java:close(224)) - 4b7ea911-6ec4-41f6-86c3-8c310b409e67@group-1A4CCE29B0F9-SegmentedRaftLogWorker close()
2019-11-14 00:33:14,936 [ForkJoinPool.commonPool-worker-0] INFO  impl.RoleInfo (RoleInfo.java:shutdownLeaderState(104)) - 82068b54-9744-4929-951d-196898e4ec33: shutdown LeaderState
2019-11-14 00:33:14,937 [main] INFO  server.GrpcService (GrpcService.java:closeImpl(164)) - 4b7ea911-6ec4-41f6-86c3-8c310b409e67: shutdown server with port 41710 now
2019-11-14 00:33:14,937 [ForkJoinPool.commonPool-worker-0] INFO  impl.PendingRequests (PendingRequests.java:sendNotLeaderResponses(206)) - 82068b54-9744-4929-951d-196898e4ec33@group-505D4258462C-PendingRequests: sendNotLeaderResponses
2019-11-14 00:33:14,937 [ForkJoinPool.commonPool-worker-0] INFO  impl.StateMachineUpdater (StateMachineUpdater.java:stopAndJoin(136)) - 82068b54-9744-4929-951d-196898e4ec33@group-505D4258462C-StateMachineUpdater: set stopIndex = 0
2019-11-14 00:33:14,938 [ForkJoinPool.commonPool-worker-0] INFO  impl.RaftServerImpl (ServerState.java:close(387)) - 82068b54-9744-4929-951d-196898e4ec33@group-505D4258462C: closes. applyIndex: 0
2019-11-14 00:33:14,938 [grpc-default-executor-15] WARN  server.GrpcServerProtocolService (LogUtils.java:warn(134)) - 4b7ea911-6ec4-41f6-86c3-8c310b409e67: installSnapshot onError, lastRequest: c7c4673b-1be2-45f8-9c29-c9228fccc788->4b7ea911-6ec4-41f6-86c3-8c310b409e67#18-t3, previous=(t:3, i:0), leaderCommit=0, initializing? false, entries: <empty>: org.apache.ratis.thirdparty.io.grpc.StatusRuntimeException: CANCELLED: cancelled before receiving half close
2019-11-14 00:33:14,939 [main] INFO  server.GrpcService (GrpcService.java:closeImpl(172)) - 4b7ea911-6ec4-41f6-86c3-8c310b409e67: shutdown server with port 41710 successfully
2019-11-14 00:33:14,939 [grpc-default-executor-18] WARN  server.GrpcLogAppender (LogUtils.java:warn(134)) - c7c4673b-1be2-45f8-9c29-c9228fccc788@group-1A4CCE29B0F9->4b7ea911-6ec4-41f6-86c3-8c310b409e67-AppendLogResponseHandler: Failed appendEntries: org.apache.ratis.thirdparty.io.grpc.StatusRuntimeException: CANCELLED: HTTP/2 error code: CANCEL
Received Rst Stream
2019-11-14 00:33:14,939 [82068b54-9744-4929-951d-196898e4ec33@group-505D4258462C-SegmentedRaftLogWorker] INFO  segmented.SegmentedRaftLogWorker (SegmentedRaftLogWorker.java:run(316)) - 82068b54-9744-4929-951d-196898e4ec33@group-505D4258462C-SegmentedRaftLogWorker was interrupted, exiting. There are 0 tasks remaining in the queue.
2019-11-14 00:33:14,940 [ForkJoinPool.commonPool-worker-0] INFO  segmented.SegmentedRaftLogWorker (SegmentedRaftLogWorker.java:close(224)) - 82068b54-9744-4929-951d-196898e4ec33@group-505D4258462C-SegmentedRaftLogWorker close()
2019-11-14 00:33:14,940 [grpc-default-executor-18] INFO  impl.FollowerInfo (FollowerInfo.java:lambda$new$0(51)) - c7c4673b-1be2-45f8-9c29-c9228fccc788@group-1A4CCE29B0F9->4b7ea911-6ec4-41f6-86c3-8c310b409e67: nextIndex: updateUnconditionally 1 -> 0
2019-11-14 00:33:14,941 [ForkJoinPool.commonPool-worker-0] INFO  impl.RaftServerImpl (RaftServerImpl.java:lambda$shutdown$3(250)) - 82068b54-9744-4929-951d-196898e4ec33@group-F07F0236B362: shutdown
2019-11-14 00:33:14,941 [ForkJoinPool.commonPool-worker-0] INFO  util.JmxRegister (JmxRegister.java:unregister(73)) - Successfully un-registered JMX Bean with object name Ratis:service=RaftServer,group=group-F07F0236B362,id=82068b54-9744-4929-951d-196898e4ec33
2019-11-14 00:33:14,942 [ForkJoinPool.commonPool-worker-0] INFO  impl.RoleInfo (RoleInfo.java:shutdownFollowerState(121)) - 82068b54-9744-4929-951d-196898e4ec33: shutdown FollowerState
2019-11-14 00:33:14,942 [ForkJoinPool.commonPool-worker-0] INFO  impl.StateMachineUpdater (StateMachineUpdater.java:stopAndJoin(136)) - 82068b54-9744-4929-951d-196898e4ec33@group-F07F0236B362-StateMachineUpdater: set stopIndex = 0
2019-11-14 00:33:14,942 [Thread-2550] INFO  impl.FollowerState (FollowerState.java:run(120)) - 82068b54-9744-4929-951d-196898e4ec33@group-F07F0236B362-FollowerState was interrupted: java.lang.InterruptedException: sleep interrupted
2019-11-14 00:33:14,943 [ForkJoinPool.commonPool-worker-0] INFO  impl.RaftServerImpl (ServerState.java:close(387)) - 82068b54-9744-4929-951d-196898e4ec33@group-F07F0236B362: closes. applyIndex: 0
2019-11-14 00:33:14,943 [refreshUsed-/workdir/hadoop-ozone/integration-test/target/test-dir/MiniOzoneClusterImpl-60470fcf-478e-41fe-85ae-08a0494ed2ed/datanode-5/data/containers] WARN  fs.CachingGetSpaceUsed (CachingGetSpaceUsed.java:run(183)) - Thread Interrupted waiting to refresh disk information: sleep interrupted
2019-11-14 00:33:14,944 [82068b54-9744-4929-951d-196898e4ec33@group-F07F0236B362-SegmentedRaftLogWorker] INFO  segmented.SegmentedRaftLogWorker (SegmentedRaftLogWorker.java:run(316)) - 82068b54-9744-4929-951d-196898e4ec33@group-F07F0236B362-SegmentedRaftLogWorker was interrupted, exiting. There are 0 tasks remaining in the queue.
2019-11-14 00:33:14,945 [ForkJoinPool.commonPool-worker-0] INFO  segmented.SegmentedRaftLogWorker (SegmentedRaftLogWorker.java:close(224)) - 82068b54-9744-4929-951d-196898e4ec33@group-F07F0236B362-SegmentedRaftLogWorker close()
2019-11-14 00:33:14,948 [ForkJoinPool.commonPool-worker-0] INFO  server.GrpcService (GrpcService.java:closeImpl(164)) - 82068b54-9744-4929-951d-196898e4ec33: shutdown server with port 45067 now
2019-11-14 00:33:14,949 [grpc-default-executor-15] WARN  server.GrpcServerProtocolService (LogUtils.java:warn(134)) - 82068b54-9744-4929-951d-196898e4ec33: installSnapshot onError, lastRequest: 75a811de-d3cd-4e06-b16e-b70ad37a4427->82068b54-9744-4929-951d-196898e4ec33#18-t2, previous=(t:2, i:0), leaderCommit=0, initializing? false, entries: <empty>: org.apache.ratis.thirdparty.io.grpc.StatusRuntimeException: CANCELLED: cancelled before receiving half close
2019-11-14 00:33:14,949 [ForkJoinPool.commonPool-worker-0] INFO  server.GrpcService (GrpcService.java:closeImpl(172)) - 82068b54-9744-4929-951d-196898e4ec33: shutdown server with port 45067 successfully
2019-11-14 00:33:14,950 [grpc-default-executor-18] WARN  server.GrpcLogAppender (LogUtils.java:warn(134)) - 75a811de-d3cd-4e06-b16e-b70ad37a4427@group-F07F0236B362->82068b54-9744-4929-951d-196898e4ec33-AppendLogResponseHandler: Failed appendEntries: org.apache.ratis.thirdparty.io.grpc.StatusRuntimeException: CANCELLED: HTTP/2 error code: CANCEL
Received Rst Stream
2019-11-14 00:33:14,950 [grpc-default-executor-18] INFO  impl.FollowerInfo (FollowerInfo.java:lambda$new$0(51)) - 75a811de-d3cd-4e06-b16e-b70ad37a4427@group-F07F0236B362->82068b54-9744-4929-951d-196898e4ec33: nextIndex: updateUnconditionally 1 -> 0
2019-11-14 00:33:14,951 [refreshUsed-/workdir/hadoop-ozone/integration-test/target/test-dir/MiniOzoneClusterImpl-60470fcf-478e-41fe-85ae-08a0494ed2ed/datanode-2/data/containers] WARN  fs.CachingGetSpaceUsed (CachingGetSpaceUsed.java:run(183)) - Thread Interrupted waiting to refresh disk information: sleep interrupted
2019-11-14 00:33:14,969 [ForkJoinPool.commonPool-worker-0] INFO  utils.BackgroundService (BackgroundService.java:shutdown(151)) - Shutting down service BlockDeletingService
2019-11-14 00:33:14,972 [ForkJoinPool.commonPool-worker-0] INFO  statemachine.DatanodeStateMachine (DatanodeStateMachine.java:stopDaemon(395)) - Ozone container server stopped.
2019-11-14 00:33:14,972 [main] INFO  utils.BackgroundService (BackgroundService.java:shutdown(151)) - Shutting down service BlockDeletingService
2019-11-14 00:33:14,977 [main] INFO  statemachine.DatanodeStateMachine (DatanodeStateMachine.java:stopDaemon(395)) - Ozone container server stopped.
2019-11-14 00:33:14,979 [ForkJoinPool.commonPool-worker-0] INFO  handler.ContextHandler (ContextHandler.java:doStop(910)) - Stopped o.e.j.w.WebAppContext@1c067c0d{/,null,UNAVAILABLE}{/hddsDatanode}
2019-11-14 00:33:14,979 [main] INFO  handler.ContextHandler (ContextHandler.java:doStop(910)) - Stopped o.e.j.w.WebAppContext@4ed9f7b1{/,null,UNAVAILABLE}{/hddsDatanode}
2019-11-14 00:33:14,980 [main] INFO  server.AbstractConnector (AbstractConnector.java:doStop(318)) - Stopped ServerConnector@2d119405{HTTP/1.1,[http/1.1]}{0.0.0.0:0}
2019-11-14 00:33:14,980 [ForkJoinPool.commonPool-worker-0] INFO  server.AbstractConnector (AbstractConnector.java:doStop(318)) - Stopped ServerConnector@5d0b0cb9{HTTP/1.1,[http/1.1]}{0.0.0.0:0}
2019-11-14 00:33:14,981 [main] INFO  handler.ContextHandler (ContextHandler.java:doStop(910)) - Stopped o.e.j.s.ServletContextHandler@18d003cd{/static,jar:file:/home/user/.m2/repository/org/apache/hadoop/hadoop-hdds-container-service/0.5.0-SNAPSHOT/hadoop-hdds-container-service-0.5.0-SNAPSHOT.jar!/webapps/static,UNAVAILABLE}
2019-11-14 00:33:14,982 [ForkJoinPool.commonPool-worker-0] INFO  handler.ContextHandler (ContextHandler.java:doStop(910)) - Stopped o.e.j.s.ServletContextHandler@1f2f0109{/static,jar:file:/home/user/.m2/repository/org/apache/hadoop/hadoop-hdds-container-service/0.5.0-SNAPSHOT/hadoop-hdds-container-service-0.5.0-SNAPSHOT.jar!/webapps/static,UNAVAILABLE}
2019-11-14 00:33:14,983 [main] INFO  handler.ContextHandler (ContextHandler.java:doStop(910)) - Stopped o.e.j.s.ServletContextHandler@f438904{/logs,file:///workdir/hadoop-ozone/integration-test/target/log,UNAVAILABLE}
2019-11-14 00:33:14,983 [ForkJoinPool.commonPool-worker-0] INFO  handler.ContextHandler (ContextHandler.java:doStop(910)) - Stopped o.e.j.s.ServletContextHandler@fa5f81c{/logs,file:///workdir/hadoop-ozone/integration-test/target/log,UNAVAILABLE}
2019-11-14 00:33:15,117 [Datanode State Machine Thread - 0] INFO  statemachine.DatanodeStateMachine (DatanodeStateMachine.java:lambda$startDaemon$0(350)) - Ozone container server started.
2019-11-14 00:33:15,186 [Datanode State Machine Thread - 0] INFO  statemachine.DatanodeStateMachine (DatanodeStateMachine.java:lambda$startDaemon$0(350)) - Ozone container server started.
2019-11-14 00:33:15,210 [grpc-default-executor-3] WARN  server.GrpcLogAppender (LogUtils.java:warn(134)) - 75a811de-d3cd-4e06-b16e-b70ad37a4427@group-F07F0236B362->c0a90149-7086-438b-b575-a58c52a879cd-AppendLogResponseHandler: Failed appendEntries: org.apache.ratis.thirdparty.io.grpc.StatusRuntimeException: UNAVAILABLE: io exception
2019-11-14 00:33:15,210 [grpc-default-executor-3] INFO  impl.FollowerInfo (FollowerInfo.java:lambda$new$0(51)) - 75a811de-d3cd-4e06-b16e-b70ad37a4427@group-F07F0236B362->c0a90149-7086-438b-b575-a58c52a879cd: nextIndex: updateUnconditionally 0 -> 0
2019-11-14 00:33:15,216 [grpc-default-executor-15] WARN  server.GrpcLogAppender (LogUtils.java:warn(134)) - 75a811de-d3cd-4e06-b16e-b70ad37a4427@group-F07F0236B362->82068b54-9744-4929-951d-196898e4ec33-AppendLogResponseHandler: Failed appendEntries: org.apache.ratis.thirdparty.io.grpc.StatusRuntimeException: UNAVAILABLE: io exception
2019-11-14 00:33:15,216 [grpc-default-executor-15] INFO  impl.FollowerInfo (FollowerInfo.java:lambda$new$0(51)) - 75a811de-d3cd-4e06-b16e-b70ad37a4427@group-F07F0236B362->82068b54-9744-4929-951d-196898e4ec33: nextIndex: updateUnconditionally 0 -> 0
2019-11-14 00:33:15,284 [grpc-default-executor-18] WARN  server.GrpcLogAppender (LogUtils.java:warn(134)) - c7c4673b-1be2-45f8-9c29-c9228fccc788@group-1A4CCE29B0F9->599e9361-b00a-4387-8c81-1beb440b27b2-AppendLogResponseHandler: Failed appendEntries: org.apache.ratis.thirdparty.io.grpc.StatusRuntimeException: UNAVAILABLE: io exception
2019-11-14 00:33:15,284 [grpc-default-executor-18] INFO  impl.FollowerInfo (FollowerInfo.java:lambda$new$0(51)) - c7c4673b-1be2-45f8-9c29-c9228fccc788@group-1A4CCE29B0F9->599e9361-b00a-4387-8c81-1beb440b27b2: nextIndex: updateUnconditionally 0 -> 0
2019-11-14 00:33:15,292 [grpc-default-executor-3] WARN  server.GrpcLogAppender (LogUtils.java:warn(134)) - c7c4673b-1be2-45f8-9c29-c9228fccc788@group-1A4CCE29B0F9->4b7ea911-6ec4-41f6-86c3-8c310b409e67-AppendLogResponseHandler: Failed appendEntries: org.apache.ratis.thirdparty.io.grpc.StatusRuntimeException: UNAVAILABLE: io exception
2019-11-14 00:33:15,292 [grpc-default-executor-3] INFO  impl.FollowerInfo (FollowerInfo.java:lambda$new$0(51)) - c7c4673b-1be2-45f8-9c29-c9228fccc788@group-1A4CCE29B0F9->4b7ea911-6ec4-41f6-86c3-8c310b409e67: nextIndex: updateUnconditionally 0 -> 0
2019-11-14 00:33:15,711 [grpc-default-executor-15] WARN  server.GrpcLogAppender (LogUtils.java:warn(134)) - 75a811de-d3cd-4e06-b16e-b70ad37a4427@group-F07F0236B362->c0a90149-7086-438b-b575-a58c52a879cd-AppendLogResponseHandler: Failed appendEntries: org.apache.ratis.thirdparty.io.grpc.StatusRuntimeException: UNAVAILABLE: io exception
2019-11-14 00:33:15,711 [grpc-default-executor-15] INFO  impl.FollowerInfo (FollowerInfo.java:lambda$new$0(51)) - 75a811de-d3cd-4e06-b16e-b70ad37a4427@group-F07F0236B362->c0a90149-7086-438b-b575-a58c52a879cd: nextIndex: updateUnconditionally 0 -> 0
2019-11-14 00:33:15,716 [grpc-default-executor-18] WARN  server.GrpcLogAppender (LogUtils.java:warn(134)) - 75a811de-d3cd-4e06-b16e-b70ad37a4427@group-F07F0236B362->82068b54-9744-4929-951d-196898e4ec33-AppendLogResponseHandler: Failed appendEntries: org.apache.ratis.thirdparty.io.grpc.StatusRuntimeException: UNAVAILABLE: io exception
2019-11-14 00:33:15,717 [grpc-default-executor-18] INFO  impl.FollowerInfo (FollowerInfo.java:lambda$new$0(51)) - 75a811de-d3cd-4e06-b16e-b70ad37a4427@group-F07F0236B362->82068b54-9744-4929-951d-196898e4ec33: nextIndex: updateUnconditionally 0 -> 0
2019-11-14 00:33:15,785 [grpc-default-executor-3] WARN  server.GrpcLogAppender (LogUtils.java:warn(134)) - c7c4673b-1be2-45f8-9c29-c9228fccc788@group-1A4CCE29B0F9->599e9361-b00a-4387-8c81-1beb440b27b2-AppendLogResponseHandler: Failed appendEntries: org.apache.ratis.thirdparty.io.grpc.StatusRuntimeException: UNAVAILABLE: io exception
2019-11-14 00:33:15,785 [grpc-default-executor-3] INFO  impl.FollowerInfo (FollowerInfo.java:lambda$new$0(51)) - c7c4673b-1be2-45f8-9c29-c9228fccc788@group-1A4CCE29B0F9->599e9361-b00a-4387-8c81-1beb440b27b2: nextIndex: updateUnconditionally 0 -> 0
2019-11-14 00:33:15,793 [grpc-default-executor-15] WARN  server.GrpcLogAppender (LogUtils.java:warn(134)) - c7c4673b-1be2-45f8-9c29-c9228fccc788@group-1A4CCE29B0F9->4b7ea911-6ec4-41f6-86c3-8c310b409e67-AppendLogResponseHandler: Failed appendEntries: org.apache.ratis.thirdparty.io.grpc.StatusRuntimeException: UNAVAILABLE: io exception
2019-11-14 00:33:15,793 [grpc-default-executor-15] INFO  impl.FollowerInfo (FollowerInfo.java:lambda$new$0(51)) - c7c4673b-1be2-45f8-9c29-c9228fccc788@group-1A4CCE29B0F9->4b7ea911-6ec4-41f6-86c3-8c310b409e67: nextIndex: updateUnconditionally 0 -> 0
2019-11-14 00:33:16,211 [grpc-default-executor-15] WARN  server.GrpcLogAppender (LogUtils.java:warn(134)) - 75a811de-d3cd-4e06-b16e-b70ad37a4427@group-F07F0236B362->c0a90149-7086-438b-b575-a58c52a879cd-AppendLogResponseHandler: Failed appendEntries: org.apache.ratis.thirdparty.io.grpc.StatusRuntimeException: UNAVAILABLE: io exception
2019-11-14 00:33:16,212 [grpc-default-executor-15] INFO  impl.FollowerInfo (FollowerInfo.java:lambda$new$0(51)) - 75a811de-d3cd-4e06-b16e-b70ad37a4427@group-F07F0236B362->c0a90149-7086-438b-b575-a58c52a879cd: nextIndex: updateUnconditionally 0 -> 0
2019-11-14 00:33:16,216 [grpc-default-executor-15] WARN  server.GrpcLogAppender (LogUtils.java:warn(134)) - 75a811de-d3cd-4e06-b16e-b70ad37a4427@group-F07F0236B362->82068b54-9744-4929-951d-196898e4ec33-AppendLogResponseHandler: Failed appendEntries: org.apache.ratis.thirdparty.io.grpc.StatusRuntimeException: UNAVAILABLE: io exception
2019-11-14 00:33:16,217 [grpc-default-executor-15] INFO  impl.FollowerInfo (FollowerInfo.java:lambda$new$0(51)) - 75a811de-d3cd-4e06-b16e-b70ad37a4427@group-F07F0236B362->82068b54-9744-4929-951d-196898e4ec33: nextIndex: updateUnconditionally 0 -> 0
2019-11-14 00:33:16,286 [grpc-default-executor-15] WARN  server.GrpcLogAppender (LogUtils.java:warn(134)) - c7c4673b-1be2-45f8-9c29-c9228fccc788@group-1A4CCE29B0F9->599e9361-b00a-4387-8c81-1beb440b27b2-AppendLogResponseHandler: Failed appendEntries: org.apache.ratis.thirdparty.io.grpc.StatusRuntimeException: UNAVAILABLE: io exception
2019-11-14 00:33:16,286 [grpc-default-executor-15] INFO  impl.FollowerInfo (FollowerInfo.java:lambda$new$0(51)) - c7c4673b-1be2-45f8-9c29-c9228fccc788@group-1A4CCE29B0F9->599e9361-b00a-4387-8c81-1beb440b27b2: nextIndex: updateUnconditionally 0 -> 0
2019-11-14 00:33:16,293 [grpc-default-executor-18] WARN  server.GrpcLogAppender (LogUtils.java:warn(134)) - c7c4673b-1be2-45f8-9c29-c9228fccc788@group-1A4CCE29B0F9->4b7ea911-6ec4-41f6-86c3-8c310b409e67-AppendLogResponseHandler: Failed appendEntries: org.apache.ratis.thirdparty.io.grpc.StatusRuntimeException: UNAVAILABLE: io exception
2019-11-14 00:33:16,294 [grpc-default-executor-18] INFO  impl.FollowerInfo (FollowerInfo.java:lambda$new$0(51)) - c7c4673b-1be2-45f8-9c29-c9228fccc788@group-1A4CCE29B0F9->4b7ea911-6ec4-41f6-86c3-8c310b409e67: nextIndex: updateUnconditionally 0 -> 0
2019-11-14 00:33:16,713 [grpc-default-executor-15] WARN  server.GrpcLogAppender (LogUtils.java:warn(134)) - 75a811de-d3cd-4e06-b16e-b70ad37a4427@group-F07F0236B362->c0a90149-7086-438b-b575-a58c52a879cd-AppendLogResponseHandler: Failed appendEntries: org.apache.ratis.thirdparty.io.grpc.StatusRuntimeException: UNAVAILABLE: io exception
2019-11-14 00:33:16,713 [grpc-default-executor-15] INFO  impl.FollowerInfo (FollowerInfo.java:lambda$new$0(51)) - 75a811de-d3cd-4e06-b16e-b70ad37a4427@group-F07F0236B362->c0a90149-7086-438b-b575-a58c52a879cd: nextIndex: updateUnconditionally 0 -> 0
2019-11-14 00:33:16,717 [grpc-default-executor-3] WARN  server.GrpcLogAppender (LogUtils.java:warn(134)) - 75a811de-d3cd-4e06-b16e-b70ad37a4427@group-F07F0236B362->82068b54-9744-4929-951d-196898e4ec33-AppendLogResponseHandler: Failed appendEntries: org.apache.ratis.thirdparty.io.grpc.StatusRuntimeException: UNAVAILABLE: io exception
2019-11-14 00:33:16,718 [grpc-default-executor-3] INFO  impl.FollowerInfo (FollowerInfo.java:lambda$new$0(51)) - 75a811de-d3cd-4e06-b16e-b70ad37a4427@group-F07F0236B362->82068b54-9744-4929-951d-196898e4ec33: nextIndex: updateUnconditionally 0 -> 0
2019-11-14 00:33:16,787 [grpc-default-executor-15] WARN  server.GrpcLogAppender (LogUtils.java:warn(134)) - c7c4673b-1be2-45f8-9c29-c9228fccc788@group-1A4CCE29B0F9->599e9361-b00a-4387-8c81-1beb440b27b2-AppendLogResponseHandler: Failed appendEntries: org.apache.ratis.thirdparty.io.grpc.StatusRuntimeException: UNAVAILABLE: io exception
2019-11-14 00:33:16,787 [grpc-default-executor-15] INFO  impl.FollowerInfo (FollowerInfo.java:lambda$new$0(51)) - c7c4673b-1be2-45f8-9c29-c9228fccc788@group-1A4CCE29B0F9->599e9361-b00a-4387-8c81-1beb440b27b2: nextIndex: updateUnconditionally 0 -> 0
2019-11-14 00:33:16,794 [grpc-default-executor-18] WARN  server.GrpcLogAppender (LogUtils.java:warn(134)) - c7c4673b-1be2-45f8-9c29-c9228fccc788@group-1A4CCE29B0F9->4b7ea911-6ec4-41f6-86c3-8c310b409e67-AppendLogResponseHandler: Failed appendEntries: org.apache.ratis.thirdparty.io.grpc.StatusRuntimeException: UNAVAILABLE: io exception
2019-11-14 00:33:16,795 [grpc-default-executor-18] INFO  impl.FollowerInfo (FollowerInfo.java:lambda$new$0(51)) - c7c4673b-1be2-45f8-9c29-c9228fccc788@group-1A4CCE29B0F9->4b7ea911-6ec4-41f6-86c3-8c310b409e67: nextIndex: updateUnconditionally 0 -> 0
2019-11-14 00:33:17,213 [grpc-default-executor-15] WARN  server.GrpcLogAppender (LogUtils.java:warn(134)) - 75a811de-d3cd-4e06-b16e-b70ad37a4427@group-F07F0236B362->c0a90149-7086-438b-b575-a58c52a879cd-AppendLogResponseHandler: Failed appendEntries: org.apache.ratis.thirdparty.io.grpc.StatusRuntimeException: UNAVAILABLE: io exception
2019-11-14 00:33:17,214 [grpc-default-executor-15] INFO  impl.FollowerInfo (FollowerInfo.java:lambda$new$0(51)) - 75a811de-d3cd-4e06-b16e-b70ad37a4427@group-F07F0236B362->c0a90149-7086-438b-b575-a58c52a879cd: nextIndex: updateUnconditionally 0 -> 0
2019-11-14 00:33:17,218 [grpc-default-executor-15] WARN  server.GrpcLogAppender (LogUtils.java:warn(134)) - 75a811de-d3cd-4e06-b16e-b70ad37a4427@group-F07F0236B362->82068b54-9744-4929-951d-196898e4ec33-AppendLogResponseHandler: Failed appendEntries: org.apache.ratis.thirdparty.io.grpc.StatusRuntimeException: UNAVAILABLE: io exception
2019-11-14 00:33:17,218 [grpc-default-executor-15] INFO  impl.FollowerInfo (FollowerInfo.java:lambda$new$0(51)) - 75a811de-d3cd-4e06-b16e-b70ad37a4427@group-F07F0236B362->82068b54-9744-4929-951d-196898e4ec33: nextIndex: updateUnconditionally 0 -> 0
2019-11-14 00:33:17,287 [grpc-default-executor-15] WARN  server.GrpcLogAppender (LogUtils.java:warn(134)) - c7c4673b-1be2-45f8-9c29-c9228fccc788@group-1A4CCE29B0F9->599e9361-b00a-4387-8c81-1beb440b27b2-AppendLogResponseHandler: Failed appendEntries: org.apache.ratis.thirdparty.io.grpc.StatusRuntimeException: UNAVAILABLE: io exception
2019-11-14 00:33:17,287 [grpc-default-executor-15] INFO  impl.FollowerInfo (FollowerInfo.java:lambda$new$0(51)) - c7c4673b-1be2-45f8-9c29-c9228fccc788@group-1A4CCE29B0F9->599e9361-b00a-4387-8c81-1beb440b27b2: nextIndex: updateUnconditionally 0 -> 0
2019-11-14 00:33:17,295 [grpc-default-executor-15] WARN  server.GrpcLogAppender (LogUtils.java:warn(134)) - c7c4673b-1be2-45f8-9c29-c9228fccc788@group-1A4CCE29B0F9->4b7ea911-6ec4-41f6-86c3-8c310b409e67-AppendLogResponseHandler: Failed appendEntries: org.apache.ratis.thirdparty.io.grpc.StatusRuntimeException: UNAVAILABLE: io exception
2019-11-14 00:33:17,295 [grpc-default-executor-15] INFO  impl.FollowerInfo (FollowerInfo.java:lambda$new$0(51)) - c7c4673b-1be2-45f8-9c29-c9228fccc788@group-1A4CCE29B0F9->4b7ea911-6ec4-41f6-86c3-8c310b409e67: nextIndex: updateUnconditionally 0 -> 0
2019-11-14 00:33:17,715 [grpc-default-executor-15] WARN  server.GrpcLogAppender (LogUtils.java:warn(134)) - 75a811de-d3cd-4e06-b16e-b70ad37a4427@group-F07F0236B362->c0a90149-7086-438b-b575-a58c52a879cd-AppendLogResponseHandler: Failed appendEntries: org.apache.ratis.thirdparty.io.grpc.StatusRuntimeException: UNAVAILABLE: io exception
2019-11-14 00:33:17,715 [grpc-default-executor-15] INFO  impl.FollowerInfo (FollowerInfo.java:lambda$new$0(51)) - 75a811de-d3cd-4e06-b16e-b70ad37a4427@group-F07F0236B362->c0a90149-7086-438b-b575-a58c52a879cd: nextIndex: updateUnconditionally 0 -> 0
2019-11-14 00:33:17,718 [grpc-default-executor-3] WARN  server.GrpcLogAppender (LogUtils.java:warn(134)) - 75a811de-d3cd-4e06-b16e-b70ad37a4427@group-F07F0236B362->82068b54-9744-4929-951d-196898e4ec33-AppendLogResponseHandler: Failed appendEntries: org.apache.ratis.thirdparty.io.grpc.StatusRuntimeException: UNAVAILABLE: io exception
2019-11-14 00:33:17,719 [grpc-default-executor-3] INFO  impl.FollowerInfo (FollowerInfo.java:lambda$new$0(51)) - 75a811de-d3cd-4e06-b16e-b70ad37a4427@group-F07F0236B362->82068b54-9744-4929-951d-196898e4ec33: nextIndex: updateUnconditionally 0 -> 0
2019-11-14 00:33:17,788 [grpc-default-executor-3] WARN  server.GrpcLogAppender (LogUtils.java:warn(134)) - c7c4673b-1be2-45f8-9c29-c9228fccc788@group-1A4CCE29B0F9->599e9361-b00a-4387-8c81-1beb440b27b2-AppendLogResponseHandler: Failed appendEntries: org.apache.ratis.thirdparty.io.grpc.StatusRuntimeException: UNAVAILABLE: io exception
2019-11-14 00:33:17,788 [grpc-default-executor-3] INFO  impl.FollowerInfo (FollowerInfo.java:lambda$new$0(51)) - c7c4673b-1be2-45f8-9c29-c9228fccc788@group-1A4CCE29B0F9->599e9361-b00a-4387-8c81-1beb440b27b2: nextIndex: updateUnconditionally 0 -> 0
2019-11-14 00:33:17,795 [grpc-default-executor-3] WARN  server.GrpcLogAppender (LogUtils.java:warn(134)) - c7c4673b-1be2-45f8-9c29-c9228fccc788@group-1A4CCE29B0F9->4b7ea911-6ec4-41f6-86c3-8c310b409e67-AppendLogResponseHandler: Failed appendEntries: org.apache.ratis.thirdparty.io.grpc.StatusRuntimeException: UNAVAILABLE: io exception
2019-11-14 00:33:17,796 [grpc-default-executor-3] INFO  impl.FollowerInfo (FollowerInfo.java:lambda$new$0(51)) - c7c4673b-1be2-45f8-9c29-c9228fccc788@group-1A4CCE29B0F9->4b7ea911-6ec4-41f6-86c3-8c310b409e67: nextIndex: updateUnconditionally 0 -> 0
2019-11-14 00:33:18,216 [grpc-default-executor-15] WARN  server.GrpcLogAppender (LogUtils.java:warn(134)) - 75a811de-d3cd-4e06-b16e-b70ad37a4427@group-F07F0236B362->c0a90149-7086-438b-b575-a58c52a879cd-AppendLogResponseHandler: Failed appendEntries: org.apache.ratis.thirdparty.io.grpc.StatusRuntimeException: UNAVAILABLE: io exception
2019-11-14 00:33:18,216 [grpc-default-executor-15] INFO  impl.FollowerInfo (FollowerInfo.java:lambda$new$0(51)) - 75a811de-d3cd-4e06-b16e-b70ad37a4427@group-F07F0236B362->c0a90149-7086-438b-b575-a58c52a879cd: nextIndex: updateUnconditionally 0 -> 0
2019-11-14 00:33:18,219 [grpc-default-executor-18] WARN  server.GrpcLogAppender (LogUtils.java:warn(134)) - 75a811de-d3cd-4e06-b16e-b70ad37a4427@group-F07F0236B362->82068b54-9744-4929-951d-196898e4ec33-AppendLogResponseHandler: Failed appendEntries: org.apache.ratis.thirdparty.io.grpc.StatusRuntimeException: UNAVAILABLE: io exception
2019-11-14 00:33:18,219 [grpc-default-executor-18] INFO  impl.FollowerInfo (FollowerInfo.java:lambda$new$0(51)) - 75a811de-d3cd-4e06-b16e-b70ad37a4427@group-F07F0236B362->82068b54-9744-4929-951d-196898e4ec33: nextIndex: updateUnconditionally 0 -> 0
2019-11-14 00:33:18,289 [grpc-default-executor-15] WARN  server.GrpcLogAppender (LogUtils.java:warn(134)) - c7c4673b-1be2-45f8-9c29-c9228fccc788@group-1A4CCE29B0F9->599e9361-b00a-4387-8c81-1beb440b27b2-AppendLogResponseHandler: Failed appendEntries: org.apache.ratis.thirdparty.io.grpc.StatusRuntimeException: UNAVAILABLE: io exception
2019-11-14 00:33:18,289 [grpc-default-executor-15] INFO  impl.FollowerInfo (FollowerInfo.java:lambda$new$0(51)) - c7c4673b-1be2-45f8-9c29-c9228fccc788@group-1A4CCE29B0F9->599e9361-b00a-4387-8c81-1beb440b27b2: nextIndex: updateUnconditionally 0 -> 0
2019-11-14 00:33:18,296 [grpc-default-executor-15] WARN  server.GrpcLogAppender (LogUtils.java:warn(134)) - c7c4673b-1be2-45f8-9c29-c9228fccc788@group-1A4CCE29B0F9->4b7ea911-6ec4-41f6-86c3-8c310b409e67-AppendLogResponseHandler: Failed appendEntries: org.apache.ratis.thirdparty.io.grpc.StatusRuntimeException: UNAVAILABLE: io exception
2019-11-14 00:33:18,296 [grpc-default-executor-15] INFO  impl.FollowerInfo (FollowerInfo.java:lambda$new$0(51)) - c7c4673b-1be2-45f8-9c29-c9228fccc788@group-1A4CCE29B0F9->4b7ea911-6ec4-41f6-86c3-8c310b409e67: nextIndex: updateUnconditionally 0 -> 0
2019-11-14 00:33:18,720 [grpc-default-executor-15] WARN  server.GrpcLogAppender (LogUtils.java:warn(134)) - 75a811de-d3cd-4e06-b16e-b70ad37a4427@group-F07F0236B362->c0a90149-7086-438b-b575-a58c52a879cd-AppendLogResponseHandler: Failed appendEntries: org.apache.ratis.thirdparty.io.grpc.StatusRuntimeException: UNAVAILABLE: io exception
2019-11-14 00:33:18,720 [grpc-default-executor-17] WARN  server.GrpcLogAppender (LogUtils.java:warn(134)) - 75a811de-d3cd-4e06-b16e-b70ad37a4427@group-F07F0236B362->82068b54-9744-4929-951d-196898e4ec33-AppendLogResponseHandler: Failed appendEntries: org.apache.ratis.thirdparty.io.grpc.StatusRuntimeException: UNAVAILABLE: io exception
2019-11-14 00:33:18,720 [grpc-default-executor-15] INFO  impl.FollowerInfo (FollowerInfo.java:lambda$new$0(51)) - 75a811de-d3cd-4e06-b16e-b70ad37a4427@group-F07F0236B362->c0a90149-7086-438b-b575-a58c52a879cd: nextIndex: updateUnconditionally 0 -> 0
2019-11-14 00:33:18,721 [grpc-default-executor-17] INFO  impl.FollowerInfo (FollowerInfo.java:lambda$new$0(51)) - 75a811de-d3cd-4e06-b16e-b70ad37a4427@group-F07F0236B362->82068b54-9744-4929-951d-196898e4ec33: nextIndex: updateUnconditionally 0 -> 0
2019-11-14 00:33:18,790 [grpc-default-executor-18] WARN  server.GrpcLogAppender (LogUtils.java:warn(134)) - c7c4673b-1be2-45f8-9c29-c9228fccc788@group-1A4CCE29B0F9->599e9361-b00a-4387-8c81-1beb440b27b2-AppendLogResponseHandler: Failed appendEntries: org.apache.ratis.thirdparty.io.grpc.StatusRuntimeException: UNAVAILABLE: io exception
2019-11-14 00:33:18,790 [grpc-default-executor-18] INFO  impl.FollowerInfo (FollowerInfo.java:lambda$new$0(51)) - c7c4673b-1be2-45f8-9c29-c9228fccc788@group-1A4CCE29B0F9->599e9361-b00a-4387-8c81-1beb440b27b2: nextIndex: updateUnconditionally 0 -> 0
2019-11-14 00:33:18,797 [grpc-default-executor-15] WARN  server.GrpcLogAppender (LogUtils.java:warn(134)) - c7c4673b-1be2-45f8-9c29-c9228fccc788@group-1A4CCE29B0F9->4b7ea911-6ec4-41f6-86c3-8c310b409e67-AppendLogResponseHandler: Failed appendEntries: org.apache.ratis.thirdparty.io.grpc.StatusRuntimeException: UNAVAILABLE: io exception
2019-11-14 00:33:18,797 [grpc-default-executor-15] INFO  impl.FollowerInfo (FollowerInfo.java:lambda$new$0(51)) - c7c4673b-1be2-45f8-9c29-c9228fccc788@group-1A4CCE29B0F9->4b7ea911-6ec4-41f6-86c3-8c310b409e67: nextIndex: updateUnconditionally 0 -> 0
2019-11-14 00:33:19,219 [grpc-default-executor-15] WARN  server.GrpcLogAppender (LogUtils.java:warn(134)) - 75a811de-d3cd-4e06-b16e-b70ad37a4427@group-F07F0236B362->c0a90149-7086-438b-b575-a58c52a879cd-AppendLogResponseHandler: Failed appendEntries: org.apache.ratis.thirdparty.io.grpc.StatusRuntimeException: UNAVAILABLE: io exception
2019-11-14 00:33:19,219 [grpc-default-executor-15] INFO  impl.FollowerInfo (FollowerInfo.java:lambda$new$0(51)) - 75a811de-d3cd-4e06-b16e-b70ad37a4427@group-F07F0236B362->c0a90149-7086-438b-b575-a58c52a879cd: nextIndex: updateUnconditionally 0 -> 0
2019-11-14 00:33:19,220 [grpc-default-executor-17] WARN  server.GrpcLogAppender (LogUtils.java:warn(134)) - 75a811de-d3cd-4e06-b16e-b70ad37a4427@group-F07F0236B362->82068b54-9744-4929-951d-196898e4ec33-AppendLogResponseHandler: Failed appendEntries: org.apache.ratis.thirdparty.io.grpc.StatusRuntimeException: UNAVAILABLE: io exception
2019-11-14 00:33:19,221 [grpc-default-executor-17] INFO  impl.FollowerInfo (FollowerInfo.java:lambda$new$0(51)) - 75a811de-d3cd-4e06-b16e-b70ad37a4427@group-F07F0236B362->82068b54-9744-4929-951d-196898e4ec33: nextIndex: updateUnconditionally 0 -> 0
2019-11-14 00:33:19,298 [grpc-default-executor-15] WARN  server.GrpcLogAppender (LogUtils.java:warn(134)) - c7c4673b-1be2-45f8-9c29-c9228fccc788@group-1A4CCE29B0F9->599e9361-b00a-4387-8c81-1beb440b27b2-AppendLogResponseHandler: Failed appendEntries: org.apache.ratis.thirdparty.io.grpc.StatusRuntimeException: UNAVAILABLE: io exception
2019-11-14 00:33:19,298 [grpc-default-executor-17] WARN  server.GrpcLogAppender (LogUtils.java:warn(134)) - c7c4673b-1be2-45f8-9c29-c9228fccc788@group-1A4CCE29B0F9->4b7ea911-6ec4-41f6-86c3-8c310b409e67-AppendLogResponseHandler: Failed appendEntries: org.apache.ratis.thirdparty.io.grpc.StatusRuntimeException: UNAVAILABLE: io exception
2019-11-14 00:33:19,299 [grpc-default-executor-15] INFO  impl.FollowerInfo (FollowerInfo.java:lambda$new$0(51)) - c7c4673b-1be2-45f8-9c29-c9228fccc788@group-1A4CCE29B0F9->599e9361-b00a-4387-8c81-1beb440b27b2: nextIndex: updateUnconditionally 0 -> 0
2019-11-14 00:33:19,299 [grpc-default-executor-17] INFO  impl.FollowerInfo (FollowerInfo.java:lambda$new$0(51)) - c7c4673b-1be2-45f8-9c29-c9228fccc788@group-1A4CCE29B0F9->4b7ea911-6ec4-41f6-86c3-8c310b409e67: nextIndex: updateUnconditionally 0 -> 0
2019-11-14 00:33:19,721 [grpc-default-executor-18] WARN  server.GrpcLogAppender (LogUtils.java:warn(134)) - 75a811de-d3cd-4e06-b16e-b70ad37a4427@group-F07F0236B362->c0a90149-7086-438b-b575-a58c52a879cd-AppendLogResponseHandler: Failed appendEntries: org.apache.ratis.thirdparty.io.grpc.StatusRuntimeException: UNAVAILABLE: io exception
2019-11-14 00:33:19,721 [grpc-default-executor-3] WARN  server.GrpcLogAppender (LogUtils.java:warn(134)) - 75a811de-d3cd-4e06-b16e-b70ad37a4427@group-F07F0236B362->82068b54-9744-4929-951d-196898e4ec33-AppendLogResponseHandler: Failed appendEntries: org.apache.ratis.thirdparty.io.grpc.StatusRuntimeException: UNAVAILABLE: io exception
2019-11-14 00:33:19,721 [grpc-default-executor-18] INFO  impl.FollowerInfo (FollowerInfo.java:lambda$new$0(51)) - 75a811de-d3cd-4e06-b16e-b70ad37a4427@group-F07F0236B362->c0a90149-7086-438b-b575-a58c52a879cd: nextIndex: updateUnconditionally 0 -> 0
2019-11-14 00:33:19,721 [grpc-default-executor-3] INFO  impl.FollowerInfo (FollowerInfo.java:lambda$new$0(51)) - 75a811de-d3cd-4e06-b16e-b70ad37a4427@group-F07F0236B362->82068b54-9744-4929-951d-196898e4ec33: nextIndex: updateUnconditionally 0 -> 0
2019-11-14 00:33:19,795 [grpc-default-executor-17] WARN  server.GrpcLogAppender (LogUtils.java:warn(134)) - c7c4673b-1be2-45f8-9c29-c9228fccc788@group-1A4CCE29B0F9->599e9361-b00a-4387-8c81-1beb440b27b2-AppendLogResponseHandler: Failed appendEntries: org.apache.ratis.thirdparty.io.grpc.StatusRuntimeException: UNAVAILABLE: io exception
2019-11-14 00:33:19,796 [grpc-default-executor-17] INFO  impl.FollowerInfo (FollowerInfo.java:lambda$new$0(51)) - c7c4673b-1be2-45f8-9c29-c9228fccc788@group-1A4CCE29B0F9->599e9361-b00a-4387-8c81-1beb440b27b2: nextIndex: updateUnconditionally 0 -> 0
2019-11-14 00:33:19,798 [grpc-default-executor-18] WARN  server.GrpcLogAppender (LogUtils.java:warn(134)) - c7c4673b-1be2-45f8-9c29-c9228fccc788@group-1A4CCE29B0F9->4b7ea911-6ec4-41f6-86c3-8c310b409e67-AppendLogResponseHandler: Failed appendEntries: org.apache.ratis.thirdparty.io.grpc.StatusRuntimeException: UNAVAILABLE: io exception
2019-11-14 00:33:19,798 [grpc-default-executor-18] INFO  impl.FollowerInfo (FollowerInfo.java:lambda$new$0(51)) - c7c4673b-1be2-45f8-9c29-c9228fccc788@group-1A4CCE29B0F9->4b7ea911-6ec4-41f6-86c3-8c310b409e67: nextIndex: updateUnconditionally 0 -> 0
2019-11-14 00:33:19,986 [ForkJoinPool.commonPool-worker-0] INFO  ozoneimpl.OzoneContainer (OzoneContainer.java:stop(244)) - Attempting to stop container services.
2019-11-14 00:33:19,986 [main] INFO  ozoneimpl.OzoneContainer (OzoneContainer.java:stop(244)) - Attempting to stop container services.
2019-11-14 00:33:19,987 [ForkJoinPool.commonPool-worker-0] INFO  impl.RaftServerProxy (RaftServerProxy.java:lambda$close$4(314)) - 75a811de-d3cd-4e06-b16e-b70ad37a4427: close
2019-11-14 00:33:19,990 [main] INFO  impl.RaftServerProxy (RaftServerProxy.java:lambda$close$4(314)) - c7c4673b-1be2-45f8-9c29-c9228fccc788: close
2019-11-14 00:33:19,991 [ForkJoinPool.commonPool-worker-0] INFO  impl.RaftServerImpl (RaftServerImpl.java:lambda$shutdown$3(250)) - 75a811de-d3cd-4e06-b16e-b70ad37a4427@group-A2A8DC483323: shutdown
2019-11-14 00:33:19,991 [main] INFO  impl.RaftServerImpl (RaftServerImpl.java:lambda$shutdown$3(250)) - c7c4673b-1be2-45f8-9c29-c9228fccc788@group-792301D60944: shutdown
2019-11-14 00:33:19,991 [ForkJoinPool.commonPool-worker-0] INFO  util.JmxRegister (JmxRegister.java:unregister(73)) - Successfully un-registered JMX Bean with object name Ratis:service=RaftServer,group=group-A2A8DC483323,id=75a811de-d3cd-4e06-b16e-b70ad37a4427
2019-11-14 00:33:19,991 [main] INFO  util.JmxRegister (JmxRegister.java:unregister(73)) - Successfully un-registered JMX Bean with object name Ratis:service=RaftServer,group=group-792301D60944,id=c7c4673b-1be2-45f8-9c29-c9228fccc788
2019-11-14 00:33:19,991 [ForkJoinPool.commonPool-worker-0] INFO  impl.RoleInfo (RoleInfo.java:shutdownLeaderState(104)) - 75a811de-d3cd-4e06-b16e-b70ad37a4427: shutdown LeaderState
2019-11-14 00:33:19,992 [main] INFO  impl.RoleInfo (RoleInfo.java:shutdownLeaderState(104)) - c7c4673b-1be2-45f8-9c29-c9228fccc788: shutdown LeaderState
2019-11-14 00:33:19,992 [ForkJoinPool.commonPool-worker-0] INFO  impl.PendingRequests (PendingRequests.java:sendNotLeaderResponses(206)) - 75a811de-d3cd-4e06-b16e-b70ad37a4427@group-A2A8DC483323-PendingRequests: sendNotLeaderResponses
2019-11-14 00:33:19,992 [main] INFO  impl.PendingRequests (PendingRequests.java:sendNotLeaderResponses(206)) - c7c4673b-1be2-45f8-9c29-c9228fccc788@group-792301D60944-PendingRequests: sendNotLeaderResponses
2019-11-14 00:33:19,992 [main] INFO  impl.StateMachineUpdater (StateMachineUpdater.java:stopAndJoin(136)) - c7c4673b-1be2-45f8-9c29-c9228fccc788@group-792301D60944-StateMachineUpdater: set stopIndex = 0
2019-11-14 00:33:19,992 [ForkJoinPool.commonPool-worker-0] INFO  impl.StateMachineUpdater (StateMachineUpdater.java:stopAndJoin(136)) - 75a811de-d3cd-4e06-b16e-b70ad37a4427@group-A2A8DC483323-StateMachineUpdater: set stopIndex = 0
2019-11-14 00:33:19,994 [ForkJoinPool.commonPool-worker-0] INFO  impl.RaftServerImpl (ServerState.java:close(387)) - 75a811de-d3cd-4e06-b16e-b70ad37a4427@group-A2A8DC483323: closes. applyIndex: 0
2019-11-14 00:33:19,994 [main] INFO  impl.RaftServerImpl (ServerState.java:close(387)) - c7c4673b-1be2-45f8-9c29-c9228fccc788@group-792301D60944: closes. applyIndex: 0
2019-11-14 00:33:19,994 [75a811de-d3cd-4e06-b16e-b70ad37a4427@group-A2A8DC483323-SegmentedRaftLogWorker] INFO  segmented.SegmentedRaftLogWorker (SegmentedRaftLogWorker.java:run(316)) - 75a811de-d3cd-4e06-b16e-b70ad37a4427@group-A2A8DC483323-SegmentedRaftLogWorker was interrupted, exiting. There are 0 tasks remaining in the queue.
2019-11-14 00:33:19,994 [c7c4673b-1be2-45f8-9c29-c9228fccc788@group-792301D60944-SegmentedRaftLogWorker] INFO  segmented.SegmentedRaftLogWorker (SegmentedRaftLogWorker.java:run(316)) - c7c4673b-1be2-45f8-9c29-c9228fccc788@group-792301D60944-SegmentedRaftLogWorker was interrupted, exiting. There are 0 tasks remaining in the queue.
2019-11-14 00:33:19,996 [ForkJoinPool.commonPool-worker-0] INFO  segmented.SegmentedRaftLogWorker (SegmentedRaftLogWorker.java:close(224)) - 75a811de-d3cd-4e06-b16e-b70ad37a4427@group-A2A8DC483323-SegmentedRaftLogWorker close()
2019-11-14 00:33:19,997 [main] INFO  segmented.SegmentedRaftLogWorker (SegmentedRaftLogWorker.java:close(224)) - c7c4673b-1be2-45f8-9c29-c9228fccc788@group-792301D60944-SegmentedRaftLogWorker close()
2019-11-14 00:33:19,998 [ForkJoinPool.commonPool-worker-0] INFO  impl.RaftServerImpl (RaftServerImpl.java:lambda$shutdown$3(250)) - 75a811de-d3cd-4e06-b16e-b70ad37a4427@group-F07F0236B362: shutdown
2019-11-14 00:33:19,999 [main] INFO  impl.RaftServerImpl (RaftServerImpl.java:lambda$shutdown$3(250)) - c7c4673b-1be2-45f8-9c29-c9228fccc788@group-1A4CCE29B0F9: shutdown
2019-11-14 00:33:19,999 [ForkJoinPool.commonPool-worker-0] INFO  util.JmxRegister (JmxRegister.java:unregister(73)) - Successfully un-registered JMX Bean with object name Ratis:service=RaftServer,group=group-F07F0236B362,id=75a811de-d3cd-4e06-b16e-b70ad37a4427
2019-11-14 00:33:19,999 [main] INFO  util.JmxRegister (JmxRegister.java:unregister(73)) - Successfully un-registered JMX Bean with object name Ratis:service=RaftServer,group=group-1A4CCE29B0F9,id=c7c4673b-1be2-45f8-9c29-c9228fccc788
2019-11-14 00:33:20,000 [ForkJoinPool.commonPool-worker-0] INFO  impl.RoleInfo (RoleInfo.java:shutdownLeaderState(104)) - 75a811de-d3cd-4e06-b16e-b70ad37a4427: shutdown LeaderState
2019-11-14 00:33:20,000 [main] INFO  impl.RoleInfo (RoleInfo.java:shutdownLeaderState(104)) - c7c4673b-1be2-45f8-9c29-c9228fccc788: shutdown LeaderState
2019-11-14 00:33:20,001 [org.apache.ratis.server.impl.LogAppender$AppenderDaemon$$Lambda$810/1909616988@4683c08] WARN  server.GrpcLogAppender (GrpcLogAppender.java:mayWait(151)) - 75a811de-d3cd-4e06-b16e-b70ad37a4427@group-F07F0236B362->c0a90149-7086-438b-b575-a58c52a879cd-GrpcLogAppender: Wait interrupted by java.lang.InterruptedException
2019-11-14 00:33:20,003 [main] INFO  impl.PendingRequests (PendingRequests.java:sendNotLeaderResponses(206)) - c7c4673b-1be2-45f8-9c29-c9228fccc788@group-1A4CCE29B0F9-PendingRequests: sendNotLeaderResponses
2019-11-14 00:33:20,001 [org.apache.ratis.server.impl.LogAppender$AppenderDaemon$$Lambda$810/1909616988@416aaa41] WARN  server.GrpcLogAppender (GrpcLogAppender.java:mayWait(151)) - 75a811de-d3cd-4e06-b16e-b70ad37a4427@group-F07F0236B362->82068b54-9744-4929-951d-196898e4ec33-GrpcLogAppender: Wait interrupted by java.lang.InterruptedException
2019-11-14 00:33:20,001 [ForkJoinPool.commonPool-worker-0] INFO  impl.PendingRequests (PendingRequests.java:sendNotLeaderResponses(206)) - 75a811de-d3cd-4e06-b16e-b70ad37a4427@group-F07F0236B362-PendingRequests: sendNotLeaderResponses
2019-11-14 00:33:20,003 [main] INFO  impl.StateMachineUpdater (StateMachineUpdater.java:stopAndJoin(136)) - c7c4673b-1be2-45f8-9c29-c9228fccc788@group-1A4CCE29B0F9-StateMachineUpdater: set stopIndex = 0
2019-11-14 00:33:20,004 [main] INFO  impl.RaftServerImpl (ServerState.java:close(387)) - c7c4673b-1be2-45f8-9c29-c9228fccc788@group-1A4CCE29B0F9: closes. applyIndex: 0
2019-11-14 00:33:20,003 [org.apache.ratis.server.impl.LogAppender$AppenderDaemon$$Lambda$810/1909616988@165f0d5e] WARN  server.GrpcLogAppender (GrpcLogAppender.java:mayWait(151)) - c7c4673b-1be2-45f8-9c29-c9228fccc788@group-1A4CCE29B0F9->599e9361-b00a-4387-8c81-1beb440b27b2-GrpcLogAppender: Wait interrupted by java.lang.InterruptedException
2019-11-14 00:33:20,003 [org.apache.ratis.server.impl.LogAppender$AppenderDaemon$$Lambda$810/1909616988@535d91f1] WARN  server.GrpcLogAppender (GrpcLogAppender.java:mayWait(151)) - c7c4673b-1be2-45f8-9c29-c9228fccc788@group-1A4CCE29B0F9->4b7ea911-6ec4-41f6-86c3-8c310b409e67-GrpcLogAppender: Wait interrupted by java.lang.InterruptedException
2019-11-14 00:33:20,005 [c7c4673b-1be2-45f8-9c29-c9228fccc788@group-1A4CCE29B0F9-SegmentedRaftLogWorker] INFO  segmented.SegmentedRaftLogWorker (SegmentedRaftLogWorker.java:run(316)) - c7c4673b-1be2-45f8-9c29-c9228fccc788@group-1A4CCE29B0F9-SegmentedRaftLogWorker was interrupted, exiting. There are 0 tasks remaining in the queue.
2019-11-14 00:33:20,004 [ForkJoinPool.commonPool-worker-0] INFO  impl.StateMachineUpdater (StateMachineUpdater.java:stopAndJoin(136)) - 75a811de-d3cd-4e06-b16e-b70ad37a4427@group-F07F0236B362-StateMachineUpdater: set stopIndex = 0
2019-11-14 00:33:20,006 [main] INFO  segmented.SegmentedRaftLogWorker (SegmentedRaftLogWorker.java:close(224)) - c7c4673b-1be2-45f8-9c29-c9228fccc788@group-1A4CCE29B0F9-SegmentedRaftLogWorker close()
2019-11-14 00:33:20,006 [ForkJoinPool.commonPool-worker-0] INFO  impl.RaftServerImpl (ServerState.java:close(387)) - 75a811de-d3cd-4e06-b16e-b70ad37a4427@group-F07F0236B362: closes. applyIndex: 0
2019-11-14 00:33:20,007 [main] INFO  server.GrpcService (GrpcService.java:closeImpl(164)) - c7c4673b-1be2-45f8-9c29-c9228fccc788: shutdown server with port 39151 now
2019-11-14 00:33:20,007 [75a811de-d3cd-4e06-b16e-b70ad37a4427@group-F07F0236B362-SegmentedRaftLogWorker] INFO  segmented.SegmentedRaftLogWorker (SegmentedRaftLogWorker.java:run(316)) - 75a811de-d3cd-4e06-b16e-b70ad37a4427@group-F07F0236B362-SegmentedRaftLogWorker was interrupted, exiting. There are 0 tasks remaining in the queue.
2019-11-14 00:33:20,008 [main] INFO  server.GrpcService (GrpcService.java:closeImpl(172)) - c7c4673b-1be2-45f8-9c29-c9228fccc788: shutdown server with port 39151 successfully
2019-11-14 00:33:20,008 [ForkJoinPool.commonPool-worker-0] INFO  segmented.SegmentedRaftLogWorker (SegmentedRaftLogWorker.java:close(224)) - 75a811de-d3cd-4e06-b16e-b70ad37a4427@group-F07F0236B362-SegmentedRaftLogWorker close()
2019-11-14 00:33:20,010 [ForkJoinPool.commonPool-worker-0] INFO  server.GrpcService (GrpcService.java:closeImpl(164)) - 75a811de-d3cd-4e06-b16e-b70ad37a4427: shutdown server with port 45226 now
2019-11-14 00:33:20,010 [ForkJoinPool.commonPool-worker-0] INFO  server.GrpcService (GrpcService.java:closeImpl(172)) - 75a811de-d3cd-4e06-b16e-b70ad37a4427: shutdown server with port 45226 successfully
2019-11-14 00:33:20,011 [refreshUsed-/workdir/hadoop-ozone/integration-test/target/test-dir/MiniOzoneClusterImpl-60470fcf-478e-41fe-85ae-08a0494ed2ed/datanode-4/data/containers] WARN  fs.CachingGetSpaceUsed (CachingGetSpaceUsed.java:run(183)) - Thread Interrupted waiting to refresh disk information: sleep interrupted
2019-11-14 00:33:20,013 [refreshUsed-/workdir/hadoop-ozone/integration-test/target/test-dir/MiniOzoneClusterImpl-60470fcf-478e-41fe-85ae-08a0494ed2ed/datanode-0/data/containers] WARN  fs.CachingGetSpaceUsed (CachingGetSpaceUsed.java:run(183)) - Thread Interrupted waiting to refresh disk information: sleep interrupted
2019-11-14 00:33:20,037 [main] INFO  utils.BackgroundService (BackgroundService.java:shutdown(151)) - Shutting down service BlockDeletingService
2019-11-14 00:33:20,039 [main] INFO  statemachine.DatanodeStateMachine (DatanodeStateMachine.java:stopDaemon(395)) - Ozone container server stopped.
2019-11-14 00:33:20,040 [ForkJoinPool.commonPool-worker-0] INFO  utils.BackgroundService (BackgroundService.java:shutdown(151)) - Shutting down service BlockDeletingService
2019-11-14 00:33:20,042 [ForkJoinPool.commonPool-worker-0] INFO  statemachine.DatanodeStateMachine (DatanodeStateMachine.java:stopDaemon(395)) - Ozone container server stopped.
2019-11-14 00:33:20,042 [main] INFO  handler.ContextHandler (ContextHandler.java:doStop(910)) - Stopped o.e.j.w.WebAppContext@3520963d{/,null,UNAVAILABLE}{/hddsDatanode}
2019-11-14 00:33:20,044 [ForkJoinPool.commonPool-worker-0] INFO  handler.ContextHandler (ContextHandler.java:doStop(910)) - Stopped o.e.j.w.WebAppContext@6413d7e7{/,null,UNAVAILABLE}{/hddsDatanode}
2019-11-14 00:33:20,045 [main] INFO  server.AbstractConnector (AbstractConnector.java:doStop(318)) - Stopped ServerConnector@388d14e{HTTP/1.1,[http/1.1]}{0.0.0.0:0}
2019-11-14 00:33:20,045 [main] INFO  handler.ContextHandler (ContextHandler.java:doStop(910)) - Stopped o.e.j.s.ServletContextHandler@20ab76ee{/static,jar:file:/home/user/.m2/repository/org/apache/hadoop/hadoop-hdds-container-service/0.5.0-SNAPSHOT/hadoop-hdds-container-service-0.5.0-SNAPSHOT.jar!/webapps/static,UNAVAILABLE}
2019-11-14 00:33:20,045 [ForkJoinPool.commonPool-worker-0] INFO  server.AbstractConnector (AbstractConnector.java:doStop(318)) - Stopped ServerConnector@d16be4f{HTTP/1.1,[http/1.1]}{0.0.0.0:0}
2019-11-14 00:33:20,045 [main] INFO  handler.ContextHandler (ContextHandler.java:doStop(910)) - Stopped o.e.j.s.ServletContextHandler@46e190ed{/logs,file:///workdir/hadoop-ozone/integration-test/target/log,UNAVAILABLE}
2019-11-14 00:33:20,048 [ForkJoinPool.commonPool-worker-0] INFO  handler.ContextHandler (ContextHandler.java:doStop(910)) - Stopped o.e.j.s.ServletContextHandler@642857e0{/static,jar:file:/home/user/.m2/repository/org/apache/hadoop/hadoop-hdds-container-service/0.5.0-SNAPSHOT/hadoop-hdds-container-service-0.5.0-SNAPSHOT.jar!/webapps/static,UNAVAILABLE}
2019-11-14 00:33:20,049 [ForkJoinPool.commonPool-worker-0] INFO  handler.ContextHandler (ContextHandler.java:doStop(910)) - Stopped o.e.j.s.ServletContextHandler@4d84049a{/logs,file:///workdir/hadoop-ozone/integration-test/target/log,UNAVAILABLE}
2019-11-14 00:33:20,050 [main] INFO  ozone.MiniOzoneClusterImpl (MiniOzoneClusterImpl.java:stopSCM(430)) - Stopping the StorageContainerManager
2019-11-14 00:33:20,050 [main] INFO  server.StorageContainerManager (StorageContainerManager.java:stop(804)) - Stopping Replication Manager Service.
2019-11-14 00:33:20,050 [main] INFO  container.ReplicationManager (ReplicationManager.java:stop(203)) - Stopping Replication Monitor Thread.
2019-11-14 00:33:20,050 [main] INFO  server.StorageContainerManager (StorageContainerManager.java:stop(811)) - Stopping Lease Manager of the command watchers
2019-11-14 00:33:20,051 [main] INFO  server.StorageContainerManager (StorageContainerManager.java:stop(818)) - Stopping datanode service RPC server
2019-11-14 00:33:20,051 [main] INFO  server.SCMDatanodeProtocolServer (SCMDatanodeProtocolServer.java:stop(346)) - Stopping the RPC server for DataNodes
2019-11-14 00:33:20,051 [main] INFO  ipc.Server (Server.java:stop(3082)) - Stopping server on 42736
2019-11-14 00:33:20,053 [IPC Server listener on 42736] INFO  ipc.Server (Server.java:run(1185)) - Stopping IPC Server listener on 42736
2019-11-14 00:33:20,053 [IPC Server Responder] INFO  ipc.Server (Server.java:run(1319)) - Stopping IPC Server Responder
2019-11-14 00:33:20,136 [SCM Heartbeat Processing Thread - 0] WARN  node.NodeStateManager (NodeStateManager.java:scheduleNextHealthCheck(646)) - Current Thread is interrupted, shutting down HB processing thread for Node Manager.
2019-11-14 00:33:20,136 [main] INFO  server.StorageContainerManager (StorageContainerManager.java:stop(826)) - Stopping block service RPC server
2019-11-14 00:33:20,136 [main] INFO  server.SCMBlockProtocolServer (SCMBlockProtocolServer.java:stop(155)) - Stopping the RPC server for Block Protocol
2019-11-14 00:33:20,137 [main] INFO  ipc.Server (Server.java:stop(3082)) - Stopping server on 35409
2019-11-14 00:33:20,138 [IPC Server listener on 35409] INFO  ipc.Server (Server.java:run(1185)) - Stopping IPC Server listener on 35409
2019-11-14 00:33:20,139 [main] INFO  server.StorageContainerManager (StorageContainerManager.java:stop(833)) - Stopping the StorageContainerLocationProtocol RPC server
2019-11-14 00:33:20,140 [IPC Server Responder] INFO  ipc.Server (Server.java:run(1319)) - Stopping IPC Server Responder
2019-11-14 00:33:20,140 [main] INFO  server.SCMClientProtocolServer (SCMClientProtocolServer.java:stop(168)) - Stopping the RPC server for Client Protocol
2019-11-14 00:33:20,140 [main] INFO  ipc.Server (Server.java:stop(3082)) - Stopping server on 39602
2019-11-14 00:33:20,142 [IPC Server listener on 39602] INFO  ipc.Server (Server.java:run(1185)) - Stopping IPC Server listener on 39602
2019-11-14 00:33:20,142 [main] INFO  server.StorageContainerManager (StorageContainerManager.java:stop(840)) - Stopping Storage Container Manager HTTP server.
2019-11-14 00:33:20,142 [IPC Server Responder] INFO  ipc.Server (Server.java:run(1319)) - Stopping IPC Server Responder
2019-11-14 00:33:20,144 [main] INFO  handler.ContextHandler (ContextHandler.java:doStop(910)) - Stopped o.e.j.w.WebAppContext@72eb6200{/,null,UNAVAILABLE}{/scm}
2019-11-14 00:33:20,144 [main] INFO  server.AbstractConnector (AbstractConnector.java:doStop(318)) - Stopped ServerConnector@76ececd{HTTP/1.1,[http/1.1]}{0.0.0.0:0}
2019-11-14 00:33:20,145 [main] INFO  handler.ContextHandler (ContextHandler.java:doStop(910)) - Stopped o.e.j.s.ServletContextHandler@38cedb7d{/static,file:///workdir/hadoop-ozone/integration-test/target/test-classes/webapps/static,UNAVAILABLE}
2019-11-14 00:33:20,145 [main] INFO  handler.ContextHandler (ContextHandler.java:doStop(910)) - Stopped o.e.j.s.ServletContextHandler@2dbfcf7{/logs,file:///workdir/hadoop-ozone/integration-test/target/log,UNAVAILABLE}
2019-11-14 00:33:20,146 [main] INFO  server.StorageContainerManager (StorageContainerManager.java:stop(851)) - Stopping Block Manager Service.
2019-11-14 00:33:20,146 [main] INFO  utils.BackgroundService (BackgroundService.java:shutdown(151)) - Shutting down service SCMBlockDeletingService
2019-11-14 00:33:20,147 [main] INFO  utils.BackgroundService (BackgroundService.java:shutdown(151)) - Shutting down service SCMBlockDeletingService
2019-11-14 00:33:20,147 [main] INFO  server.StorageContainerManager (StorageContainerManager.java:stop(873)) - Stopping SCM Event Queue.
2019-11-14 00:33:20,154 [main] INFO  impl.MetricsSystemImpl (MetricsSystemImpl.java:stop(210)) - Stopping HddsDatanode metrics system...
2019-11-14 00:33:20,165 [main] INFO  impl.MetricsSystemImpl (MetricsSystemImpl.java:stop(216)) - HddsDatanode metrics system stopped.
]]></system-out>
    <system-err><![CDATA[Nov 14, 2019 12:32:57 AM org.apache.ratis.thirdparty.io.grpc.internal.ManagedChannelOrphanWrapper$ManagedChannelReference cleanQueue
SEVERE: *~*~*~ Channel ManagedChannelImpl{logId=863, target=192.168.34.25:42619} was not shutdown properly!!! ~*~*~*
    Make sure to call shutdown()/shutdownNow() and wait until awaitTermination() returns true.
java.lang.RuntimeException: ManagedChannel allocation site
	at org.apache.ratis.thirdparty.io.grpc.internal.ManagedChannelOrphanWrapper$ManagedChannelReference.<init>(ManagedChannelOrphanWrapper.java:103)
	at org.apache.ratis.thirdparty.io.grpc.internal.ManagedChannelOrphanWrapper.<init>(ManagedChannelOrphanWrapper.java:53)
	at org.apache.ratis.thirdparty.io.grpc.internal.ManagedChannelOrphanWrapper.<init>(ManagedChannelOrphanWrapper.java:44)
	at org.apache.ratis.thirdparty.io.grpc.internal.AbstractManagedChannelImplBuilder.build(AbstractManagedChannelImplBuilder.java:411)
	at org.apache.ratis.grpc.client.GrpcClientProtocolClient.<init>(GrpcClientProtocolClient.java:128)
	at org.apache.ratis.grpc.client.GrpcClientRpc.lambda$new$0(GrpcClientRpc.java:55)
	at org.apache.ratis.util.PeerProxyMap$PeerAndProxy.lambda$getProxy$0(PeerProxyMap.java:62)
	at org.apache.ratis.util.LifeCycle.startAndTransition(LifeCycle.java:202)
	at org.apache.ratis.util.PeerProxyMap$PeerAndProxy.getProxy(PeerProxyMap.java:61)
	at org.apache.ratis.util.PeerProxyMap.getProxy(PeerProxyMap.java:109)
	at org.apache.ratis.grpc.client.GrpcClientRpc.sendRequestAsyncUnordered(GrpcClientRpc.java:78)
	at org.apache.ratis.client.impl.UnorderedAsync.sendRequestWithRetry(UnorderedAsync.java:75)
	at org.apache.ratis.client.impl.UnorderedAsync.lambda$null$2(UnorderedAsync.java:120)
	at org.apache.ratis.util.TimeoutScheduler.lambda$onTimeout$0(TimeoutScheduler.java:141)
	at org.apache.ratis.util.TimeoutScheduler.lambda$onTimeout$1(TimeoutScheduler.java:155)
	at org.apache.ratis.util.LogUtils.runAndLog(LogUtils.java:50)
	at org.apache.ratis.util.LogUtils$1.run(LogUtils.java:91)
	at java.util.concurrent.Executors$RunnableAdapter.call(Executors.java:511)
	at java.util.concurrent.FutureTask.run(FutureTask.java:266)
	at java.util.concurrent.ScheduledThreadPoolExecutor$ScheduledFutureTask.access$201(ScheduledThreadPoolExecutor.java:180)
	at java.util.concurrent.ScheduledThreadPoolExecutor$ScheduledFutureTask.run(ScheduledThreadPoolExecutor.java:293)
	at java.util.concurrent.ThreadPoolExecutor.runWorker(ThreadPoolExecutor.java:1149)
	at java.util.concurrent.ThreadPoolExecutor$Worker.run(ThreadPoolExecutor.java:624)
	at java.lang.Thread.run(Thread.java:748)

Nov 14, 2019 12:33:09 AM org.apache.ratis.thirdparty.io.grpc.internal.SerializingExecutor run
SEVERE: Exception while executing runnable org.apache.ratis.thirdparty.io.grpc.internal.ServerImpl$JumpToApplicationThreadServerStreamListener$1Closed@7db01e5
org.apache.ratis.thirdparty.io.grpc.StatusRuntimeException: CANCELLED: call already cancelled
	at org.apache.ratis.thirdparty.io.grpc.Status.asRuntimeException(Status.java:517)
	at org.apache.ratis.thirdparty.io.grpc.stub.ServerCalls$ServerCallStreamObserverImpl.onCompleted(ServerCalls.java:356)
	at org.apache.ratis.grpc.server.GrpcServerProtocolService$ServerRequestStreamObserver.onError(GrpcServerProtocolService.java:121)
	at org.apache.ratis.thirdparty.io.grpc.stub.ServerCalls$StreamingServerCallHandler$StreamingServerCallListener.onCancel(ServerCalls.java:269)
	at org.apache.ratis.thirdparty.io.grpc.internal.ServerCallImpl$ServerStreamListenerImpl.closed(ServerCallImpl.java:293)
	at org.apache.ratis.thirdparty.io.grpc.internal.ServerImpl$JumpToApplicationThreadServerStreamListener$1Closed.runInContext(ServerImpl.java:741)
	at org.apache.ratis.thirdparty.io.grpc.internal.ContextRunnable.run(ContextRunnable.java:37)
	at org.apache.ratis.thirdparty.io.grpc.internal.SerializingExecutor.run(SerializingExecutor.java:123)
	at java.util.concurrent.ThreadPoolExecutor.runWorker(ThreadPoolExecutor.java:1149)
	at java.util.concurrent.ThreadPoolExecutor$Worker.run(ThreadPoolExecutor.java:624)
	at java.lang.Thread.run(Thread.java:748)

Nov 14, 2019 12:33:09 AM org.apache.ratis.thirdparty.io.grpc.internal.SerializingExecutor run
SEVERE: Exception while executing runnable org.apache.ratis.thirdparty.io.grpc.internal.ServerImpl$JumpToApplicationThreadServerStreamListener$1Closed@2ec712c
org.apache.ratis.thirdparty.io.grpc.StatusRuntimeException: CANCELLED: call already cancelled
	at org.apache.ratis.thirdparty.io.grpc.Status.asRuntimeException(Status.java:517)
	at org.apache.ratis.thirdparty.io.grpc.stub.ServerCalls$ServerCallStreamObserverImpl.onCompleted(ServerCalls.java:356)
	at org.apache.ratis.grpc.server.GrpcServerProtocolService$ServerRequestStreamObserver.onError(GrpcServerProtocolService.java:121)
	at org.apache.ratis.thirdparty.io.grpc.stub.ServerCalls$StreamingServerCallHandler$StreamingServerCallListener.onCancel(ServerCalls.java:269)
	at org.apache.ratis.thirdparty.io.grpc.internal.ServerCallImpl$ServerStreamListenerImpl.closed(ServerCallImpl.java:293)
	at org.apache.ratis.thirdparty.io.grpc.internal.ServerImpl$JumpToApplicationThreadServerStreamListener$1Closed.runInContext(ServerImpl.java:741)
	at org.apache.ratis.thirdparty.io.grpc.internal.ContextRunnable.run(ContextRunnable.java:37)
	at org.apache.ratis.thirdparty.io.grpc.internal.SerializingExecutor.run(SerializingExecutor.java:123)
	at java.util.concurrent.ThreadPoolExecutor.runWorker(ThreadPoolExecutor.java:1149)
	at java.util.concurrent.ThreadPoolExecutor$Worker.run(ThreadPoolExecutor.java:624)
	at java.lang.Thread.run(Thread.java:748)

Nov 14, 2019 12:33:14 AM org.apache.ratis.thirdparty.io.grpc.internal.SerializingExecutor run
SEVERE: Exception while executing runnable org.apache.ratis.thirdparty.io.grpc.internal.ServerImpl$JumpToApplicationThreadServerStreamListener$1Closed@62e95142
org.apache.ratis.thirdparty.io.grpc.StatusRuntimeException: CANCELLED: call already cancelled
	at org.apache.ratis.thirdparty.io.grpc.Status.asRuntimeException(Status.java:517)
	at org.apache.ratis.thirdparty.io.grpc.stub.ServerCalls$ServerCallStreamObserverImpl.onCompleted(ServerCalls.java:356)
	at org.apache.ratis.grpc.server.GrpcServerProtocolService$ServerRequestStreamObserver.onError(GrpcServerProtocolService.java:121)
	at org.apache.ratis.thirdparty.io.grpc.stub.ServerCalls$StreamingServerCallHandler$StreamingServerCallListener.onCancel(ServerCalls.java:269)
	at org.apache.ratis.thirdparty.io.grpc.internal.ServerCallImpl$ServerStreamListenerImpl.closed(ServerCallImpl.java:293)
	at org.apache.ratis.thirdparty.io.grpc.internal.ServerImpl$JumpToApplicationThreadServerStreamListener$1Closed.runInContext(ServerImpl.java:741)
	at org.apache.ratis.thirdparty.io.grpc.internal.ContextRunnable.run(ContextRunnable.java:37)
	at org.apache.ratis.thirdparty.io.grpc.internal.SerializingExecutor.run(SerializingExecutor.java:123)
	at java.util.concurrent.ThreadPoolExecutor.runWorker(ThreadPoolExecutor.java:1149)
	at java.util.concurrent.ThreadPoolExecutor$Worker.run(ThreadPoolExecutor.java:624)
	at java.lang.Thread.run(Thread.java:748)

Nov 14, 2019 12:33:14 AM org.apache.ratis.thirdparty.io.grpc.internal.SerializingExecutor run
SEVERE: Exception while executing runnable org.apache.ratis.thirdparty.io.grpc.internal.ServerImpl$JumpToApplicationThreadServerStreamListener$1Closed@11aba35c
org.apache.ratis.thirdparty.io.grpc.StatusRuntimeException: CANCELLED: call already cancelled
	at org.apache.ratis.thirdparty.io.grpc.Status.asRuntimeException(Status.java:517)
	at org.apache.ratis.thirdparty.io.grpc.stub.ServerCalls$ServerCallStreamObserverImpl.onCompleted(ServerCalls.java:356)
	at org.apache.ratis.grpc.server.GrpcServerProtocolService$ServerRequestStreamObserver.onError(GrpcServerProtocolService.java:121)
	at org.apache.ratis.thirdparty.io.grpc.stub.ServerCalls$StreamingServerCallHandler$StreamingServerCallListener.onCancel(ServerCalls.java:269)
	at org.apache.ratis.thirdparty.io.grpc.internal.ServerCallImpl$ServerStreamListenerImpl.closed(ServerCallImpl.java:293)
	at org.apache.ratis.thirdparty.io.grpc.internal.ServerImpl$JumpToApplicationThreadServerStreamListener$1Closed.runInContext(ServerImpl.java:741)
	at org.apache.ratis.thirdparty.io.grpc.internal.ContextRunnable.run(ContextRunnable.java:37)
	at org.apache.ratis.thirdparty.io.grpc.internal.SerializingExecutor.run(SerializingExecutor.java:123)
	at java.util.concurrent.ThreadPoolExecutor.runWorker(ThreadPoolExecutor.java:1149)
	at java.util.concurrent.ThreadPoolExecutor$Worker.run(ThreadPoolExecutor.java:624)
	at java.lang.Thread.run(Thread.java:748)

]]></system-err>
  </testcase>
</testsuite>