<?xml version="1.0" encoding="UTF-8"?>
<testsuite xmlns:xsi="http://www.w3.org/2001/XMLSchema-instance" xsi:noNamespaceSchemaLocation="https://maven.apache.org/surefire/maven-surefire-plugin/xsd/surefire-test-report.xsd" name="org.apache.hadoop.ozone.client.rpc.TestFailureHandlingByClient" time="281.22" tests="5" errors="1" skipped="0" failures="0">
  <properties>
    <property name="awt.toolkit" value="sun.awt.X11.XToolkit"/>
    <property name="file.encoding.pkg" value="sun.io"/>
    <property name="java.specification.version" value="1.8"/>
    <property name="sun.cpu.isalist" value=""/>
    <property name="sun.jnu.encoding" value="ANSI_X3.4-1968"/>
    <property name="java.class.path" value="/workdir/hadoop-ozone/integration-test/target/test-classes:/workdir/hadoop-ozone/integration-test/target/classes:/home/user/.m2/repository/org/apache/hadoop/hadoop-ozone-common/0.5.0-SNAPSHOT/hadoop-ozone-common-0.5.0-SNAPSHOT.jar:/home/user/.m2/repository/org/apache/commons/commons-compress/1.4.1/commons-compress-1.4.1.jar:/home/user/.m2/repository/org/tukaani/xz/1.0/xz-1.0.jar:/home/user/.m2/repository/org/apache/hadoop/hadoop-common/3.2.0/hadoop-common-3.2.0.jar:/home/user/.m2/repository/org/apache/hadoop/hadoop-hdfs/3.2.0/hadoop-hdfs-3.2.0.jar:/home/user/.m2/repository/org/apache/hadoop/hadoop-hdfs-client/3.2.0/hadoop-hdfs-client-3.2.0.jar:/home/user/.m2/repository/com/fasterxml/jackson/core/jackson-annotations/2.9.9/jackson-annotations-2.9.9.jar:/home/user/.m2/repository/org/apache/hadoop/hadoop-hdds-common/0.5.0-SNAPSHOT/hadoop-hdds-common-0.5.0-SNAPSHOT.jar:/home/user/.m2/repository/javax/annotation/javax.annotation-api/1.2/javax.annotation-api-1.2.jar:/home/user/.m2/repository/org/apache/ratis/ratis-server/0.5.0-d6d58d0-SNAPSHOT/ratis-server-0.5.0-d6d58d0-SNAPSHOT.jar:/home/user/.m2/repository/org/apache/ratis/ratis-thirdparty-misc/0.2.0/ratis-thirdparty-misc-0.2.0.jar:/home/user/.m2/repository/org/apache/ratis/ratis-proto/0.5.0-d6d58d0-SNAPSHOT/ratis-proto-0.5.0-d6d58d0-SNAPSHOT.jar:/home/user/.m2/repository/org/apache/ratis/ratis-common/0.5.0-d6d58d0-SNAPSHOT/ratis-common-0.5.0-d6d58d0-SNAPSHOT.jar:/home/user/.m2/repository/org/apache/ratis/ratis-client/0.5.0-d6d58d0-SNAPSHOT/ratis-client-0.5.0-d6d58d0-SNAPSHOT.jar:/home/user/.m2/repository/org/apache/ratis/ratis-metrics/0.5.0-d6d58d0-SNAPSHOT/ratis-metrics-0.5.0-d6d58d0-SNAPSHOT.jar:/home/user/.m2/repository/org/apache/ratis/ratis-netty/0.5.0-d6d58d0-SNAPSHOT/ratis-netty-0.5.0-d6d58d0-SNAPSHOT.jar:/home/user/.m2/repository/org/apache/ratis/ratis-grpc/0.5.0-d6d58d0-SNAPSHOT/ratis-grpc-0.5.0-d6d58d0-SNAPSHOT.jar:/home/user/.m2/repository/org/rocksdb/rocksdbjni/6.0.1/rocksdbjni-6.0.1.jar:/home/user/.m2/repository/org/apache/logging/log4j/log4j-api/2.11.0/log4j-api-2.11.0.jar:/home/user/.m2/repository/org/apache/logging/log4j/log4j-core/2.11.0/log4j-core-2.11.0.jar:/home/user/.m2/repository/com/lmax/disruptor/3.4.2/disruptor-3.4.2.jar:/home/user/.m2/repository/org/apache/commons/commons-pool2/2.6.0/commons-pool2-2.6.0.jar:/home/user/.m2/repository/org/bouncycastle/bcpkix-jdk15on/1.60/bcpkix-jdk15on-1.60.jar:/home/user/.m2/repository/commons-validator/commons-validator/1.6/commons-validator-1.6.jar:/home/user/.m2/repository/commons-digester/commons-digester/1.8.1/commons-digester-1.8.1.jar:/home/user/.m2/repository/io/jaegertracing/jaeger-client/0.34.0/jaeger-client-0.34.0.jar:/home/user/.m2/repository/io/jaegertracing/jaeger-thrift/0.34.0/jaeger-thrift-0.34.0.jar:/home/user/.m2/repository/org/apache/thrift/libthrift/0.12.0/libthrift-0.12.0.jar:/home/user/.m2/repository/com/squareup/okhttp3/okhttp/3.9.0/okhttp-3.9.0.jar:/home/user/.m2/repository/com/squareup/okio/okio/1.13.0/okio-1.13.0.jar:/home/user/.m2/repository/io/jaegertracing/jaeger-core/0.34.0/jaeger-core-0.34.0.jar:/home/user/.m2/repository/io/jaegertracing/jaeger-tracerresolver/0.34.0/jaeger-tracerresolver-0.34.0.jar:/home/user/.m2/repository/io/opentracing/contrib/opentracing-tracerresolver/0.1.5/opentracing-tracerresolver-0.1.5.jar:/home/user/.m2/repository/io/opentracing/opentracing-util/0.31.0/opentracing-util-0.31.0.jar:/home/user/.m2/repository/io/opentracing/opentracing-api/0.31.0/opentracing-api-0.31.0.jar:/home/user/.m2/repository/io/opentracing/opentracing-noop/0.31.0/opentracing-noop-0.31.0.jar:/home/user/.m2/repository/org/apache/hadoop/hadoop-hdds-server-framework/0.5.0-SNAPSHOT/hadoop-hdds-server-framework-0.5.0-SNAPSHOT.jar:/home/user/.m2/repository/org/apache/hadoop/hadoop-hdds-container-service/0.5.0-SNAPSHOT/hadoop-hdds-container-service-0.5.0-SNAPSHOT.jar:/home/user/.m2/repository/org/apache/hadoop/hadoop-hdds-client/0.5.0-SNAPSHOT/hadoop-hdds-client-0.5.0-SNAPSHOT.jar:/home/user/.m2/repository/org/apache/hadoop/hadoop-hdds-tools/0.5.0-SNAPSHOT/hadoop-hdds-tools-0.5.0-SNAPSHOT.jar:/home/user/.m2/repository/org/apache/hadoop/hadoop-hdds-server-scm/0.5.0-SNAPSHOT/hadoop-hdds-server-scm-0.5.0-SNAPSHOT.jar:/home/user/.m2/repository/org/apache/hadoop/hadoop-hdds-docs/0.5.0-SNAPSHOT/hadoop-hdds-docs-0.5.0-SNAPSHOT.jar:/home/user/.m2/repository/io/dropwizard/metrics/metrics-core/3.2.4/metrics-core-3.2.4.jar:/home/user/.m2/repository/org/hamcrest/hamcrest-all/1.3/hamcrest-all-1.3.jar:/home/user/.m2/repository/org/bouncycastle/bcprov-jdk15on/1.60/bcprov-jdk15on-1.60.jar:/home/user/.m2/repository/info/picocli/picocli/3.9.6/picocli-3.9.6.jar:/home/user/.m2/repository/com/google/protobuf/protobuf-java/2.5.0/protobuf-java-2.5.0.jar:/home/user/.m2/repository/com/google/guava/guava/11.0.2/guava-11.0.2.jar:/home/user/.m2/repository/org/apache/hadoop/hadoop-ozone-ozone-manager/0.5.0-SNAPSHOT/hadoop-ozone-ozone-manager-0.5.0-SNAPSHOT.jar:/home/user/.m2/repository/org/apache/hadoop/hadoop-minikdc/3.2.0/hadoop-minikdc-3.2.0.jar:/home/user/.m2/repository/commons-io/commons-io/2.5/commons-io-2.5.jar:/home/user/.m2/repository/org/apache/kerby/kerb-simplekdc/1.0.1/kerb-simplekdc-1.0.1.jar:/home/user/.m2/repository/org/apache/kerby/kerb-client/1.0.1/kerb-client-1.0.1.jar:/home/user/.m2/repository/org/apache/kerby/kerby-config/1.0.1/kerby-config-1.0.1.jar:/home/user/.m2/repository/org/apache/kerby/kerb-core/1.0.1/kerb-core-1.0.1.jar:/home/user/.m2/repository/org/apache/kerby/kerby-pkix/1.0.1/kerby-pkix-1.0.1.jar:/home/user/.m2/repository/org/apache/kerby/kerby-asn1/1.0.1/kerby-asn1-1.0.1.jar:/home/user/.m2/repository/org/apache/kerby/kerby-util/1.0.1/kerby-util-1.0.1.jar:/home/user/.m2/repository/org/apache/kerby/kerb-common/1.0.1/kerb-common-1.0.1.jar:/home/user/.m2/repository/org/apache/kerby/kerb-crypto/1.0.1/kerb-crypto-1.0.1.jar:/home/user/.m2/repository/org/apache/kerby/kerb-util/1.0.1/kerb-util-1.0.1.jar:/home/user/.m2/repository/org/apache/kerby/token-provider/1.0.1/token-provider-1.0.1.jar:/home/user/.m2/repository/org/apache/kerby/kerb-admin/1.0.1/kerb-admin-1.0.1.jar:/home/user/.m2/repository/org/apache/kerby/kerb-server/1.0.1/kerb-server-1.0.1.jar:/home/user/.m2/repository/org/apache/kerby/kerb-identity/1.0.1/kerb-identity-1.0.1.jar:/home/user/.m2/repository/org/apache/kerby/kerby-xdr/1.0.1/kerby-xdr-1.0.1.jar:/home/user/.m2/repository/org/slf4j/slf4j-log4j12/1.7.25/slf4j-log4j12-1.7.25.jar:/home/user/.m2/repository/org/apache/hadoop/hadoop-ozone-s3gateway/0.5.0-SNAPSHOT/hadoop-ozone-s3gateway-0.5.0-SNAPSHOT.jar:/home/user/.m2/repository/org/jboss/weld/servlet/weld-servlet/2.4.7.Final/weld-servlet-2.4.7.Final.jar:/home/user/.m2/repository/org/glassfish/jersey/containers/jersey-container-servlet-core/2.27/jersey-container-servlet-core-2.27.jar:/home/user/.m2/repository/org/glassfish/hk2/external/javax.inject/2.5.0-b42/javax.inject-2.5.0-b42.jar:/home/user/.m2/repository/org/glassfish/jersey/core/jersey-common/2.27/jersey-common-2.27.jar:/home/user/.m2/repository/org/glassfish/hk2/osgi-resource-locator/1.0.1/osgi-resource-locator-1.0.1.jar:/home/user/.m2/repository/javax/ws/rs/javax.ws.rs-api/2.1/javax.ws.rs-api-2.1.jar:/home/user/.m2/repository/org/glassfish/jersey/ext/cdi/jersey-cdi1x/2.27/jersey-cdi1x-2.27.jar:/home/user/.m2/repository/org/glassfish/jersey/inject/jersey-hk2/2.27/jersey-hk2-2.27.jar:/home/user/.m2/repository/org/glassfish/hk2/hk2-locator/2.5.0-b42/hk2-locator-2.5.0-b42.jar:/home/user/.m2/repository/org/javassist/javassist/3.22.0-CR2/javassist-3.22.0-CR2.jar:/home/user/.m2/repository/org/glassfish/hk2/hk2-api/2.5.0/hk2-api-2.5.0.jar:/home/user/.m2/repository/org/glassfish/hk2/external/jakarta.inject/2.5.0/jakarta.inject-2.5.0.jar:/home/user/.m2/repository/org/glassfish/hk2/hk2-utils/2.5.0/hk2-utils-2.5.0.jar:/home/user/.m2/repository/jakarta/annotation/jakarta.annotation-api/1.3.4/jakarta.annotation-api-1.3.4.jar:/home/user/.m2/repository/org/glassfish/hk2/external/aopalliance-repackaged/2.5.0/aopalliance-repackaged-2.5.0.jar:/home/user/.m2/repository/com/fasterxml/jackson/dataformat/jackson-dataformat-xml/2.9.0/jackson-dataformat-xml-2.9.0.jar:/home/user/.m2/repository/com/fasterxml/jackson/core/jackson-core/2.9.9/jackson-core-2.9.9.jar:/home/user/.m2/repository/com/fasterxml/jackson/module/jackson-module-jaxb-annotations/2.9.9/jackson-module-jaxb-annotations-2.9.9.jar:/home/user/.m2/repository/javax/enterprise/cdi-api/1.2/cdi-api-1.2.jar:/home/user/.m2/repository/javax/el/javax.el-api/3.0.0/javax.el-api-3.0.0.jar:/home/user/.m2/repository/javax/interceptor/javax.interceptor-api/1.2/javax.interceptor-api-1.2.jar:/home/user/.m2/repository/javax/inject/javax.inject/1/javax.inject-1.jar:/home/user/.m2/repository/com/sun/xml/bind/jaxb-impl/2.3.0.1/jaxb-impl-2.3.0.1.jar:/home/user/.m2/repository/com/sun/xml/bind/jaxb-core/2.3.0.1/jaxb-core-2.3.0.1.jar:/home/user/.m2/repository/javax/xml/bind/jaxb-api/2.3.0/jaxb-api-2.3.0.jar:/home/user/.m2/repository/javax/activation/activation/1.1.1/activation-1.1.1.jar:/home/user/.m2/repository/org/apache/hadoop/hadoop-ozone-csi/0.5.0-SNAPSHOT/hadoop-ozone-csi-0.5.0-SNAPSHOT.jar:/home/user/.m2/repository/com/google/protobuf/protobuf-java-util/3.5.1/protobuf-java-util-3.5.1.jar:/home/user/.m2/repository/org/apache/hadoop/hadoop-hdds-config/0.5.0-SNAPSHOT/hadoop-hdds-config-0.5.0-SNAPSHOT.jar:/home/user/.m2/repository/io/grpc/grpc-netty/1.17.1/grpc-netty-1.17.1.jar:/home/user/.m2/repository/io/grpc/grpc-core/1.17.1/grpc-core-1.17.1.jar:/home/user/.m2/repository/io/grpc/grpc-context/1.17.1/grpc-context-1.17.1.jar:/home/user/.m2/repository/com/google/errorprone/error_prone_annotations/2.2.0/error_prone_annotations-2.2.0.jar:/home/user/.m2/repository/org/codehaus/mojo/animal-sniffer-annotations/1.17/animal-sniffer-annotations-1.17.jar:/home/user/.m2/repository/io/opencensus/opencensus-api/0.17.0/opencensus-api-0.17.0.jar:/home/user/.m2/repository/io/opencensus/opencensus-contrib-grpc-metrics/0.17.0/opencensus-contrib-grpc-metrics-0.17.0.jar:/home/user/.m2/repository/io/netty/netty-codec-http2/4.1.30.Final/netty-codec-http2-4.1.30.Final.jar:/home/user/.m2/repository/io/netty/netty-codec-http/4.1.30.Final/netty-codec-http-4.1.30.Final.jar:/home/user/.m2/repository/io/netty/netty-codec/4.1.30.Final/netty-codec-4.1.30.Final.jar:/home/user/.m2/repository/io/netty/netty-handler/4.1.30.Final/netty-handler-4.1.30.Final.jar:/home/user/.m2/repository/io/netty/netty-handler-proxy/4.1.30.Final/netty-handler-proxy-4.1.30.Final.jar:/home/user/.m2/repository/io/netty/netty-codec-socks/4.1.30.Final/netty-codec-socks-4.1.30.Final.jar:/home/user/.m2/repository/io/netty/netty-transport-native-epoll/4.1.30.Final/netty-transport-native-epoll-4.1.30.Final.jar:/home/user/.m2/repository/io/netty/netty-common/4.1.30.Final/netty-common-4.1.30.Final.jar:/home/user/.m2/repository/io/netty/netty-buffer/4.1.30.Final/netty-buffer-4.1.30.Final.jar:/home/user/.m2/repository/io/netty/netty-transport/4.1.30.Final/netty-transport-4.1.30.Final.jar:/home/user/.m2/repository/io/netty/netty-resolver/4.1.30.Final/netty-resolver-4.1.30.Final.jar:/home/user/.m2/repository/io/netty/netty-transport-native-unix-common/4.1.30.Final/netty-transport-native-unix-common-4.1.30.Final.jar:/home/user/.m2/repository/io/grpc/grpc-protobuf/1.17.1/grpc-protobuf-1.17.1.jar:/home/user/.m2/repository/com/google/api/grpc/proto-google-common-protos/1.0.0/proto-google-common-protos-1.0.0.jar:/home/user/.m2/repository/io/grpc/grpc-protobuf-lite/1.17.1/grpc-protobuf-lite-1.17.1.jar:/home/user/.m2/repository/io/grpc/grpc-stub/1.17.1/grpc-stub-1.17.1.jar:/home/user/.m2/repository/org/apache/hadoop/hadoop-ozone-recon/0.5.0-SNAPSHOT/hadoop-ozone-recon-0.5.0-SNAPSHOT.jar:/home/user/.m2/repository/org/apache/hadoop/hadoop-ozone-reconcodegen/0.5.0-SNAPSHOT/hadoop-ozone-reconcodegen-0.5.0-SNAPSHOT.jar:/home/user/.m2/repository/com/google/inject/extensions/guice-multibindings/4.0/guice-multibindings-4.0.jar:/home/user/.m2/repository/com/google/inject/guice/4.0/guice-4.0.jar:/home/user/.m2/repository/aopalliance/aopalliance/1.0/aopalliance-1.0.jar:/home/user/.m2/repository/com/google/inject/extensions/guice-servlet/4.0/guice-servlet-4.0.jar:/home/user/.m2/repository/org/glassfish/jersey/containers/jersey-container-servlet/2.27/jersey-container-servlet-2.27.jar:/home/user/.m2/repository/org/glassfish/hk2/guice-bridge/2.5.0/guice-bridge-2.5.0.jar:/home/user/.m2/repository/org/glassfish/jersey/core/jersey-server/2.27/jersey-server-2.27.jar:/home/user/.m2/repository/org/glassfish/jersey/core/jersey-client/2.27/jersey-client-2.27.jar:/home/user/.m2/repository/org/glassfish/jersey/media/jersey-media-jaxb/2.27/jersey-media-jaxb-2.27.jar:/home/user/.m2/repository/javax/validation/validation-api/1.1.0.Final/validation-api-1.1.0.Final.jar:/home/user/.m2/repository/org/glassfish/jersey/media/jersey-media-json-jackson/2.27/jersey-media-json-jackson-2.27.jar:/home/user/.m2/repository/org/glassfish/jersey/ext/jersey-entity-filtering/2.27/jersey-entity-filtering-2.27.jar:/home/user/.m2/repository/com/google/inject/extensions/guice-assistedinject/4.0/guice-assistedinject-4.0.jar:/home/user/.m2/repository/org/jooq/jooq/3.11.10/jooq-3.11.10.jar:/home/user/.m2/repository/org/jooq/jooq-meta/3.11.10/jooq-meta-3.11.10.jar:/home/user/.m2/repository/org/jooq/jooq-codegen/3.11.10/jooq-codegen-3.11.10.jar:/home/user/.m2/repository/com/jolbox/bonecp/0.8.0.RELEASE/bonecp-0.8.0.RELEASE.jar:/home/user/.m2/repository/org/xerial/sqlite-jdbc/3.25.2/sqlite-jdbc-3.25.2.jar:/home/user/.m2/repository/org/springframework/spring-jdbc/5.1.3.RELEASE/spring-jdbc-5.1.3.RELEASE.jar:/home/user/.m2/repository/org/springframework/spring-beans/5.1.3.RELEASE/spring-beans-5.1.3.RELEASE.jar:/home/user/.m2/repository/org/springframework/spring-core/5.1.3.RELEASE/spring-core-5.1.3.RELEASE.jar:/home/user/.m2/repository/org/springframework/spring-jcl/5.1.3.RELEASE/spring-jcl-5.1.3.RELEASE.jar:/home/user/.m2/repository/org/springframework/spring-tx/5.1.3.RELEASE/spring-tx-5.1.3.RELEASE.jar:/home/user/.m2/repository/org/apache/hadoop/hadoop-ozone-client/0.5.0-SNAPSHOT/hadoop-ozone-client-0.5.0-SNAPSHOT.jar:/home/user/.m2/repository/commons-lang/commons-lang/2.6/commons-lang-2.6.jar:/home/user/.m2/repository/org/apache/hadoop/hadoop-ozone-ozone-manager/0.5.0-SNAPSHOT/hadoop-ozone-ozone-manager-0.5.0-SNAPSHOT-tests.jar:/home/user/.m2/repository/junit/junit/4.11/junit-4.11.jar:/home/user/.m2/repository/org/hamcrest/hamcrest-core/1.3/hamcrest-core-1.3.jar:/home/user/.m2/repository/org/openjdk/jmh/jmh-core/1.19/jmh-core-1.19.jar:/home/user/.m2/repository/net/sf/jopt-simple/jopt-simple/4.6/jopt-simple-4.6.jar:/home/user/.m2/repository/org/apache/commons/commons-math3/3.1.1/commons-math3-3.1.1.jar:/home/user/.m2/repository/org/openjdk/jmh/jmh-generator-annprocess/1.19/jmh-generator-annprocess-1.19.jar:/home/user/.m2/repository/org/mockito/mockito-all/1.8.5/mockito-all-1.8.5.jar:/home/user/.m2/repository/org/apache/hadoop/hadoop-kms/3.2.0/hadoop-kms-3.2.0.jar:/home/user/.m2/repository/org/apache/hadoop/hadoop-auth/3.2.0/hadoop-auth-3.2.0.jar:/home/user/.m2/repository/com/nimbusds/nimbus-jose-jwt/4.41.1/nimbus-jose-jwt-4.41.1.jar:/home/user/.m2/repository/com/github/stephenc/jcip/jcip-annotations/1.0-1/jcip-annotations-1.0-1.jar:/home/user/.m2/repository/net/minidev/json-smart/2.3/json-smart-2.3.jar:/home/user/.m2/repository/net/minidev/accessors-smart/1.2/accessors-smart-1.2.jar:/home/user/.m2/repository/org/ow2/asm/asm/5.0.4/asm-5.0.4.jar:/home/user/.m2/repository/org/apache/curator/curator-framework/2.12.0/curator-framework-2.12.0.jar:/home/user/.m2/repository/com/sun/jersey/jersey-core/1.19/jersey-core-1.19.jar:/home/user/.m2/repository/javax/ws/rs/jsr311-api/1.1.1/jsr311-api-1.1.1.jar:/home/user/.m2/repository/com/sun/jersey/jersey-server/1.19/jersey-server-1.19.jar:/home/user/.m2/repository/javax/servlet/javax.servlet-api/3.1.0/javax.servlet-api-3.1.0.jar:/home/user/.m2/repository/org/eclipse/jetty/jetty-server/9.3.25.v20180904/jetty-server-9.3.25.v20180904.jar:/home/user/.m2/repository/org/eclipse/jetty/jetty-http/9.3.25.v20180904/jetty-http-9.3.25.v20180904.jar:/home/user/.m2/repository/org/eclipse/jetty/jetty-io/9.3.25.v20180904/jetty-io-9.3.25.v20180904.jar:/home/user/.m2/repository/org/eclipse/jetty/jetty-webapp/9.3.25.v20180904/jetty-webapp-9.3.25.v20180904.jar:/home/user/.m2/repository/org/eclipse/jetty/jetty-xml/9.3.25.v20180904/jetty-xml-9.3.25.v20180904.jar:/home/user/.m2/repository/log4j/log4j/1.2.17/log4j-1.2.17.jar:/home/user/.m2/repository/org/slf4j/slf4j-api/1.7.25/slf4j-api-1.7.25.jar:/home/user/.m2/repository/org/slf4j/jul-to-slf4j/1.7.25/jul-to-slf4j-1.7.25.jar:/home/user/.m2/repository/org/eclipse/jetty/jetty-util/9.3.25.v20180904/jetty-util-9.3.25.v20180904.jar:/home/user/.m2/repository/com/fasterxml/jackson/core/jackson-databind/2.9.9/jackson-databind-2.9.9.jar:/home/user/.m2/repository/org/apache/hadoop/hadoop-kms/3.2.0/hadoop-kms-3.2.0-tests.jar:/home/user/.m2/repository/org/apache/hadoop/hadoop-hdds-server-scm/0.5.0-SNAPSHOT/hadoop-hdds-server-scm-0.5.0-SNAPSHOT-tests.jar:/home/user/.m2/repository/org/apache/hadoop/hadoop-hdds-container-service/0.5.0-SNAPSHOT/hadoop-hdds-container-service-0.5.0-SNAPSHOT-tests.jar:/home/user/.m2/repository/org/yaml/snakeyaml/1.16/snakeyaml-1.16.jar:/home/user/.m2/repository/org/apache/hadoop/hadoop-common/3.2.0/hadoop-common-3.2.0-tests.jar:/home/user/.m2/repository/org/apache/hadoop/hadoop-annotations/3.2.0/hadoop-annotations-3.2.0.jar:/usr/lib/jvm/java-1.8.0-openjdk-1.8.0.222.b10-1.el7_7.x86_64/jre/../lib/tools.jar:/home/user/.m2/repository/commons-cli/commons-cli/1.2/commons-cli-1.2.jar:/home/user/.m2/repository/org/apache/httpcomponents/httpclient/4.5.2/httpclient-4.5.2.jar:/home/user/.m2/repository/org/apache/httpcomponents/httpcore/4.4.4/httpcore-4.4.4.jar:/home/user/.m2/repository/commons-codec/commons-codec/1.11/commons-codec-1.11.jar:/home/user/.m2/repository/commons-net/commons-net/3.6/commons-net-3.6.jar:/home/user/.m2/repository/commons-collections/commons-collections/3.2.2/commons-collections-3.2.2.jar:/home/user/.m2/repository/org/eclipse/jetty/jetty-servlet/9.3.25.v20180904/jetty-servlet-9.3.25.v20180904.jar:/home/user/.m2/repository/org/eclipse/jetty/jetty-security/9.3.25.v20180904/jetty-security-9.3.25.v20180904.jar:/home/user/.m2/repository/javax/servlet/jsp/jsp-api/2.1/jsp-api-2.1.jar:/home/user/.m2/repository/com/sun/jersey/jersey-servlet/1.19/jersey-servlet-1.19.jar:/home/user/.m2/repository/com/sun/jersey/jersey-json/1.19/jersey-json-1.19.jar:/home/user/.m2/repository/org/codehaus/jettison/jettison/1.1/jettison-1.1.jar:/home/user/.m2/repository/org/codehaus/jackson/jackson-core-asl/1.9.13/jackson-core-asl-1.9.13.jar:/home/user/.m2/repository/org/codehaus/jackson/jackson-mapper-asl/1.9.13/jackson-mapper-asl-1.9.13.jar:/home/user/.m2/repository/org/codehaus/jackson/jackson-jaxrs/1.9.13/jackson-jaxrs-1.9.13.jar:/home/user/.m2/repository/org/codehaus/jackson/jackson-xc/1.9.13/jackson-xc-1.9.13.jar:/home/user/.m2/repository/commons-logging/commons-logging/1.1.3/commons-logging-1.1.3.jar:/home/user/.m2/repository/commons-beanutils/commons-beanutils/1.9.4/commons-beanutils-1.9.4.jar:/home/user/.m2/repository/org/apache/commons/commons-configuration2/2.1.1/commons-configuration2-2.1.1.jar:/home/user/.m2/repository/org/apache/commons/commons-lang3/3.7/commons-lang3-3.7.jar:/home/user/.m2/repository/org/apache/commons/commons-text/1.4/commons-text-1.4.jar:/home/user/.m2/repository/org/apache/avro/avro/1.7.7/avro-1.7.7.jar:/home/user/.m2/repository/com/thoughtworks/paranamer/paranamer/2.3/paranamer-2.3.jar:/home/user/.m2/repository/org/xerial/snappy/snappy-java/1.0.5/snappy-java-1.0.5.jar:/home/user/.m2/repository/com/google/re2j/re2j/1.1/re2j-1.1.jar:/home/user/.m2/repository/com/google/code/gson/gson/2.2.4/gson-2.2.4.jar:/home/user/.m2/repository/com/jcraft/jsch/0.1.54/jsch-0.1.54.jar:/home/user/.m2/repository/org/apache/curator/curator-client/2.12.0/curator-client-2.12.0.jar:/home/user/.m2/repository/org/apache/curator/curator-recipes/2.12.0/curator-recipes-2.12.0.jar:/home/user/.m2/repository/com/google/code/findbugs/jsr305/3.0.0/jsr305-3.0.0.jar:/home/user/.m2/repository/org/apache/htrace/htrace-core4/4.1.0-incubating/htrace-core4-4.1.0-incubating.jar:/home/user/.m2/repository/org/apache/zookeeper/zookeeper/3.4.13/zookeeper-3.4.13.jar:/home/user/.m2/repository/jline/jline/0.9.94/jline-0.9.94.jar:/home/user/.m2/repository/org/apache/yetus/audience-annotations/0.5.0/audience-annotations-0.5.0.jar:/home/user/.m2/repository/org/codehaus/woodstox/stax2-api/3.1.4/stax2-api-3.1.4.jar:/home/user/.m2/repository/com/fasterxml/woodstox/woodstox-core/5.0.3/woodstox-core-5.0.3.jar:/home/user/.m2/repository/dnsjava/dnsjava/2.1.7/dnsjava-2.1.7.jar:/home/user/.m2/repository/org/apache/hadoop/hadoop-hdfs/3.2.0/hadoop-hdfs-3.2.0-tests.jar:/home/user/.m2/repository/org/eclipse/jetty/jetty-util-ajax/9.3.25.v20180904/jetty-util-ajax-9.3.25.v20180904.jar:/home/user/.m2/repository/commons-daemon/commons-daemon/1.0.13/commons-daemon-1.0.13.jar:/home/user/.m2/repository/io/netty/netty/3.10.5.Final/netty-3.10.5.Final.jar:/home/user/.m2/repository/io/netty/netty-all/4.0.52.Final/netty-all-4.0.52.Final.jar:/home/user/.m2/repository/org/fusesource/leveldbjni/leveldbjni-all/1.8/leveldbjni-all-1.8.jar:"/>
    <property name="java.vm.vendor" value="Oracle Corporation"/>
    <property name="sun.arch.data.model" value="64"/>
    <property name="test.build.dir" value="/workdir/hadoop-ozone/integration-test/target/test-dir"/>
    <property name="test.cache.data" value=""/>
    <property name="java.vendor.url" value="http://java.oracle.com/"/>
    <property name="user.timezone" value=""/>
    <property name="java.vm.specification.version" value="1.8"/>
    <property name="os.name" value="Linux"/>
    <property name="test.build.data" value="/workdir/hadoop-ozone/integration-test/target/test-dir"/>
    <property name="user.country" value="US"/>
    <property name="sun.java.launcher" value="SUN_STANDARD"/>
    <property name="sun.boot.library.path" value="/usr/lib/jvm/java-1.8.0-openjdk-1.8.0.222.b10-1.el7_7.x86_64/jre/lib/amd64"/>
    <property name="sun.java.command" value="/workdir/hadoop-ozone/integration-test/target/surefire/surefirebooter3073255329957311069.jar /workdir/hadoop-ozone/integration-test/target/surefire 2019-11-13T23-40-00_170-jvmRun1 surefire1922975603070102188tmp surefire_50425366923178059128tmp"/>
    <property name="surefire.test.class.path" value="/workdir/hadoop-ozone/integration-test/target/test-classes:/workdir/hadoop-ozone/integration-test/target/classes:/home/user/.m2/repository/org/apache/hadoop/hadoop-ozone-common/0.5.0-SNAPSHOT/hadoop-ozone-common-0.5.0-SNAPSHOT.jar:/home/user/.m2/repository/org/apache/commons/commons-compress/1.4.1/commons-compress-1.4.1.jar:/home/user/.m2/repository/org/tukaani/xz/1.0/xz-1.0.jar:/home/user/.m2/repository/org/apache/hadoop/hadoop-common/3.2.0/hadoop-common-3.2.0.jar:/home/user/.m2/repository/org/apache/hadoop/hadoop-hdfs/3.2.0/hadoop-hdfs-3.2.0.jar:/home/user/.m2/repository/org/apache/hadoop/hadoop-hdfs-client/3.2.0/hadoop-hdfs-client-3.2.0.jar:/home/user/.m2/repository/com/fasterxml/jackson/core/jackson-annotations/2.9.9/jackson-annotations-2.9.9.jar:/home/user/.m2/repository/org/apache/hadoop/hadoop-hdds-common/0.5.0-SNAPSHOT/hadoop-hdds-common-0.5.0-SNAPSHOT.jar:/home/user/.m2/repository/javax/annotation/javax.annotation-api/1.2/javax.annotation-api-1.2.jar:/home/user/.m2/repository/org/apache/ratis/ratis-server/0.5.0-d6d58d0-SNAPSHOT/ratis-server-0.5.0-d6d58d0-SNAPSHOT.jar:/home/user/.m2/repository/org/apache/ratis/ratis-thirdparty-misc/0.2.0/ratis-thirdparty-misc-0.2.0.jar:/home/user/.m2/repository/org/apache/ratis/ratis-proto/0.5.0-d6d58d0-SNAPSHOT/ratis-proto-0.5.0-d6d58d0-SNAPSHOT.jar:/home/user/.m2/repository/org/apache/ratis/ratis-common/0.5.0-d6d58d0-SNAPSHOT/ratis-common-0.5.0-d6d58d0-SNAPSHOT.jar:/home/user/.m2/repository/org/apache/ratis/ratis-client/0.5.0-d6d58d0-SNAPSHOT/ratis-client-0.5.0-d6d58d0-SNAPSHOT.jar:/home/user/.m2/repository/org/apache/ratis/ratis-metrics/0.5.0-d6d58d0-SNAPSHOT/ratis-metrics-0.5.0-d6d58d0-SNAPSHOT.jar:/home/user/.m2/repository/org/apache/ratis/ratis-netty/0.5.0-d6d58d0-SNAPSHOT/ratis-netty-0.5.0-d6d58d0-SNAPSHOT.jar:/home/user/.m2/repository/org/apache/ratis/ratis-grpc/0.5.0-d6d58d0-SNAPSHOT/ratis-grpc-0.5.0-d6d58d0-SNAPSHOT.jar:/home/user/.m2/repository/org/rocksdb/rocksdbjni/6.0.1/rocksdbjni-6.0.1.jar:/home/user/.m2/repository/org/apache/logging/log4j/log4j-api/2.11.0/log4j-api-2.11.0.jar:/home/user/.m2/repository/org/apache/logging/log4j/log4j-core/2.11.0/log4j-core-2.11.0.jar:/home/user/.m2/repository/com/lmax/disruptor/3.4.2/disruptor-3.4.2.jar:/home/user/.m2/repository/org/apache/commons/commons-pool2/2.6.0/commons-pool2-2.6.0.jar:/home/user/.m2/repository/org/bouncycastle/bcpkix-jdk15on/1.60/bcpkix-jdk15on-1.60.jar:/home/user/.m2/repository/commons-validator/commons-validator/1.6/commons-validator-1.6.jar:/home/user/.m2/repository/commons-digester/commons-digester/1.8.1/commons-digester-1.8.1.jar:/home/user/.m2/repository/io/jaegertracing/jaeger-client/0.34.0/jaeger-client-0.34.0.jar:/home/user/.m2/repository/io/jaegertracing/jaeger-thrift/0.34.0/jaeger-thrift-0.34.0.jar:/home/user/.m2/repository/org/apache/thrift/libthrift/0.12.0/libthrift-0.12.0.jar:/home/user/.m2/repository/com/squareup/okhttp3/okhttp/3.9.0/okhttp-3.9.0.jar:/home/user/.m2/repository/com/squareup/okio/okio/1.13.0/okio-1.13.0.jar:/home/user/.m2/repository/io/jaegertracing/jaeger-core/0.34.0/jaeger-core-0.34.0.jar:/home/user/.m2/repository/io/jaegertracing/jaeger-tracerresolver/0.34.0/jaeger-tracerresolver-0.34.0.jar:/home/user/.m2/repository/io/opentracing/contrib/opentracing-tracerresolver/0.1.5/opentracing-tracerresolver-0.1.5.jar:/home/user/.m2/repository/io/opentracing/opentracing-util/0.31.0/opentracing-util-0.31.0.jar:/home/user/.m2/repository/io/opentracing/opentracing-api/0.31.0/opentracing-api-0.31.0.jar:/home/user/.m2/repository/io/opentracing/opentracing-noop/0.31.0/opentracing-noop-0.31.0.jar:/home/user/.m2/repository/org/apache/hadoop/hadoop-hdds-server-framework/0.5.0-SNAPSHOT/hadoop-hdds-server-framework-0.5.0-SNAPSHOT.jar:/home/user/.m2/repository/org/apache/hadoop/hadoop-hdds-container-service/0.5.0-SNAPSHOT/hadoop-hdds-container-service-0.5.0-SNAPSHOT.jar:/home/user/.m2/repository/org/apache/hadoop/hadoop-hdds-client/0.5.0-SNAPSHOT/hadoop-hdds-client-0.5.0-SNAPSHOT.jar:/home/user/.m2/repository/org/apache/hadoop/hadoop-hdds-tools/0.5.0-SNAPSHOT/hadoop-hdds-tools-0.5.0-SNAPSHOT.jar:/home/user/.m2/repository/org/apache/hadoop/hadoop-hdds-server-scm/0.5.0-SNAPSHOT/hadoop-hdds-server-scm-0.5.0-SNAPSHOT.jar:/home/user/.m2/repository/org/apache/hadoop/hadoop-hdds-docs/0.5.0-SNAPSHOT/hadoop-hdds-docs-0.5.0-SNAPSHOT.jar:/home/user/.m2/repository/io/dropwizard/metrics/metrics-core/3.2.4/metrics-core-3.2.4.jar:/home/user/.m2/repository/org/hamcrest/hamcrest-all/1.3/hamcrest-all-1.3.jar:/home/user/.m2/repository/org/bouncycastle/bcprov-jdk15on/1.60/bcprov-jdk15on-1.60.jar:/home/user/.m2/repository/info/picocli/picocli/3.9.6/picocli-3.9.6.jar:/home/user/.m2/repository/com/google/protobuf/protobuf-java/2.5.0/protobuf-java-2.5.0.jar:/home/user/.m2/repository/com/google/guava/guava/11.0.2/guava-11.0.2.jar:/home/user/.m2/repository/org/apache/hadoop/hadoop-ozone-ozone-manager/0.5.0-SNAPSHOT/hadoop-ozone-ozone-manager-0.5.0-SNAPSHOT.jar:/home/user/.m2/repository/org/apache/hadoop/hadoop-minikdc/3.2.0/hadoop-minikdc-3.2.0.jar:/home/user/.m2/repository/commons-io/commons-io/2.5/commons-io-2.5.jar:/home/user/.m2/repository/org/apache/kerby/kerb-simplekdc/1.0.1/kerb-simplekdc-1.0.1.jar:/home/user/.m2/repository/org/apache/kerby/kerb-client/1.0.1/kerb-client-1.0.1.jar:/home/user/.m2/repository/org/apache/kerby/kerby-config/1.0.1/kerby-config-1.0.1.jar:/home/user/.m2/repository/org/apache/kerby/kerb-core/1.0.1/kerb-core-1.0.1.jar:/home/user/.m2/repository/org/apache/kerby/kerby-pkix/1.0.1/kerby-pkix-1.0.1.jar:/home/user/.m2/repository/org/apache/kerby/kerby-asn1/1.0.1/kerby-asn1-1.0.1.jar:/home/user/.m2/repository/org/apache/kerby/kerby-util/1.0.1/kerby-util-1.0.1.jar:/home/user/.m2/repository/org/apache/kerby/kerb-common/1.0.1/kerb-common-1.0.1.jar:/home/user/.m2/repository/org/apache/kerby/kerb-crypto/1.0.1/kerb-crypto-1.0.1.jar:/home/user/.m2/repository/org/apache/kerby/kerb-util/1.0.1/kerb-util-1.0.1.jar:/home/user/.m2/repository/org/apache/kerby/token-provider/1.0.1/token-provider-1.0.1.jar:/home/user/.m2/repository/org/apache/kerby/kerb-admin/1.0.1/kerb-admin-1.0.1.jar:/home/user/.m2/repository/org/apache/kerby/kerb-server/1.0.1/kerb-server-1.0.1.jar:/home/user/.m2/repository/org/apache/kerby/kerb-identity/1.0.1/kerb-identity-1.0.1.jar:/home/user/.m2/repository/org/apache/kerby/kerby-xdr/1.0.1/kerby-xdr-1.0.1.jar:/home/user/.m2/repository/org/slf4j/slf4j-log4j12/1.7.25/slf4j-log4j12-1.7.25.jar:/home/user/.m2/repository/org/apache/hadoop/hadoop-ozone-s3gateway/0.5.0-SNAPSHOT/hadoop-ozone-s3gateway-0.5.0-SNAPSHOT.jar:/home/user/.m2/repository/org/jboss/weld/servlet/weld-servlet/2.4.7.Final/weld-servlet-2.4.7.Final.jar:/home/user/.m2/repository/org/glassfish/jersey/containers/jersey-container-servlet-core/2.27/jersey-container-servlet-core-2.27.jar:/home/user/.m2/repository/org/glassfish/hk2/external/javax.inject/2.5.0-b42/javax.inject-2.5.0-b42.jar:/home/user/.m2/repository/org/glassfish/jersey/core/jersey-common/2.27/jersey-common-2.27.jar:/home/user/.m2/repository/org/glassfish/hk2/osgi-resource-locator/1.0.1/osgi-resource-locator-1.0.1.jar:/home/user/.m2/repository/javax/ws/rs/javax.ws.rs-api/2.1/javax.ws.rs-api-2.1.jar:/home/user/.m2/repository/org/glassfish/jersey/ext/cdi/jersey-cdi1x/2.27/jersey-cdi1x-2.27.jar:/home/user/.m2/repository/org/glassfish/jersey/inject/jersey-hk2/2.27/jersey-hk2-2.27.jar:/home/user/.m2/repository/org/glassfish/hk2/hk2-locator/2.5.0-b42/hk2-locator-2.5.0-b42.jar:/home/user/.m2/repository/org/javassist/javassist/3.22.0-CR2/javassist-3.22.0-CR2.jar:/home/user/.m2/repository/org/glassfish/hk2/hk2-api/2.5.0/hk2-api-2.5.0.jar:/home/user/.m2/repository/org/glassfish/hk2/external/jakarta.inject/2.5.0/jakarta.inject-2.5.0.jar:/home/user/.m2/repository/org/glassfish/hk2/hk2-utils/2.5.0/hk2-utils-2.5.0.jar:/home/user/.m2/repository/jakarta/annotation/jakarta.annotation-api/1.3.4/jakarta.annotation-api-1.3.4.jar:/home/user/.m2/repository/org/glassfish/hk2/external/aopalliance-repackaged/2.5.0/aopalliance-repackaged-2.5.0.jar:/home/user/.m2/repository/com/fasterxml/jackson/dataformat/jackson-dataformat-xml/2.9.0/jackson-dataformat-xml-2.9.0.jar:/home/user/.m2/repository/com/fasterxml/jackson/core/jackson-core/2.9.9/jackson-core-2.9.9.jar:/home/user/.m2/repository/com/fasterxml/jackson/module/jackson-module-jaxb-annotations/2.9.9/jackson-module-jaxb-annotations-2.9.9.jar:/home/user/.m2/repository/javax/enterprise/cdi-api/1.2/cdi-api-1.2.jar:/home/user/.m2/repository/javax/el/javax.el-api/3.0.0/javax.el-api-3.0.0.jar:/home/user/.m2/repository/javax/interceptor/javax.interceptor-api/1.2/javax.interceptor-api-1.2.jar:/home/user/.m2/repository/javax/inject/javax.inject/1/javax.inject-1.jar:/home/user/.m2/repository/com/sun/xml/bind/jaxb-impl/2.3.0.1/jaxb-impl-2.3.0.1.jar:/home/user/.m2/repository/com/sun/xml/bind/jaxb-core/2.3.0.1/jaxb-core-2.3.0.1.jar:/home/user/.m2/repository/javax/xml/bind/jaxb-api/2.3.0/jaxb-api-2.3.0.jar:/home/user/.m2/repository/javax/activation/activation/1.1.1/activation-1.1.1.jar:/home/user/.m2/repository/org/apache/hadoop/hadoop-ozone-csi/0.5.0-SNAPSHOT/hadoop-ozone-csi-0.5.0-SNAPSHOT.jar:/home/user/.m2/repository/com/google/protobuf/protobuf-java-util/3.5.1/protobuf-java-util-3.5.1.jar:/home/user/.m2/repository/org/apache/hadoop/hadoop-hdds-config/0.5.0-SNAPSHOT/hadoop-hdds-config-0.5.0-SNAPSHOT.jar:/home/user/.m2/repository/io/grpc/grpc-netty/1.17.1/grpc-netty-1.17.1.jar:/home/user/.m2/repository/io/grpc/grpc-core/1.17.1/grpc-core-1.17.1.jar:/home/user/.m2/repository/io/grpc/grpc-context/1.17.1/grpc-context-1.17.1.jar:/home/user/.m2/repository/com/google/errorprone/error_prone_annotations/2.2.0/error_prone_annotations-2.2.0.jar:/home/user/.m2/repository/org/codehaus/mojo/animal-sniffer-annotations/1.17/animal-sniffer-annotations-1.17.jar:/home/user/.m2/repository/io/opencensus/opencensus-api/0.17.0/opencensus-api-0.17.0.jar:/home/user/.m2/repository/io/opencensus/opencensus-contrib-grpc-metrics/0.17.0/opencensus-contrib-grpc-metrics-0.17.0.jar:/home/user/.m2/repository/io/netty/netty-codec-http2/4.1.30.Final/netty-codec-http2-4.1.30.Final.jar:/home/user/.m2/repository/io/netty/netty-codec-http/4.1.30.Final/netty-codec-http-4.1.30.Final.jar:/home/user/.m2/repository/io/netty/netty-codec/4.1.30.Final/netty-codec-4.1.30.Final.jar:/home/user/.m2/repository/io/netty/netty-handler/4.1.30.Final/netty-handler-4.1.30.Final.jar:/home/user/.m2/repository/io/netty/netty-handler-proxy/4.1.30.Final/netty-handler-proxy-4.1.30.Final.jar:/home/user/.m2/repository/io/netty/netty-codec-socks/4.1.30.Final/netty-codec-socks-4.1.30.Final.jar:/home/user/.m2/repository/io/netty/netty-transport-native-epoll/4.1.30.Final/netty-transport-native-epoll-4.1.30.Final.jar:/home/user/.m2/repository/io/netty/netty-common/4.1.30.Final/netty-common-4.1.30.Final.jar:/home/user/.m2/repository/io/netty/netty-buffer/4.1.30.Final/netty-buffer-4.1.30.Final.jar:/home/user/.m2/repository/io/netty/netty-transport/4.1.30.Final/netty-transport-4.1.30.Final.jar:/home/user/.m2/repository/io/netty/netty-resolver/4.1.30.Final/netty-resolver-4.1.30.Final.jar:/home/user/.m2/repository/io/netty/netty-transport-native-unix-common/4.1.30.Final/netty-transport-native-unix-common-4.1.30.Final.jar:/home/user/.m2/repository/io/grpc/grpc-protobuf/1.17.1/grpc-protobuf-1.17.1.jar:/home/user/.m2/repository/com/google/api/grpc/proto-google-common-protos/1.0.0/proto-google-common-protos-1.0.0.jar:/home/user/.m2/repository/io/grpc/grpc-protobuf-lite/1.17.1/grpc-protobuf-lite-1.17.1.jar:/home/user/.m2/repository/io/grpc/grpc-stub/1.17.1/grpc-stub-1.17.1.jar:/home/user/.m2/repository/org/apache/hadoop/hadoop-ozone-recon/0.5.0-SNAPSHOT/hadoop-ozone-recon-0.5.0-SNAPSHOT.jar:/home/user/.m2/repository/org/apache/hadoop/hadoop-ozone-reconcodegen/0.5.0-SNAPSHOT/hadoop-ozone-reconcodegen-0.5.0-SNAPSHOT.jar:/home/user/.m2/repository/com/google/inject/extensions/guice-multibindings/4.0/guice-multibindings-4.0.jar:/home/user/.m2/repository/com/google/inject/guice/4.0/guice-4.0.jar:/home/user/.m2/repository/aopalliance/aopalliance/1.0/aopalliance-1.0.jar:/home/user/.m2/repository/com/google/inject/extensions/guice-servlet/4.0/guice-servlet-4.0.jar:/home/user/.m2/repository/org/glassfish/jersey/containers/jersey-container-servlet/2.27/jersey-container-servlet-2.27.jar:/home/user/.m2/repository/org/glassfish/hk2/guice-bridge/2.5.0/guice-bridge-2.5.0.jar:/home/user/.m2/repository/org/glassfish/jersey/core/jersey-server/2.27/jersey-server-2.27.jar:/home/user/.m2/repository/org/glassfish/jersey/core/jersey-client/2.27/jersey-client-2.27.jar:/home/user/.m2/repository/org/glassfish/jersey/media/jersey-media-jaxb/2.27/jersey-media-jaxb-2.27.jar:/home/user/.m2/repository/javax/validation/validation-api/1.1.0.Final/validation-api-1.1.0.Final.jar:/home/user/.m2/repository/org/glassfish/jersey/media/jersey-media-json-jackson/2.27/jersey-media-json-jackson-2.27.jar:/home/user/.m2/repository/org/glassfish/jersey/ext/jersey-entity-filtering/2.27/jersey-entity-filtering-2.27.jar:/home/user/.m2/repository/com/google/inject/extensions/guice-assistedinject/4.0/guice-assistedinject-4.0.jar:/home/user/.m2/repository/org/jooq/jooq/3.11.10/jooq-3.11.10.jar:/home/user/.m2/repository/org/jooq/jooq-meta/3.11.10/jooq-meta-3.11.10.jar:/home/user/.m2/repository/org/jooq/jooq-codegen/3.11.10/jooq-codegen-3.11.10.jar:/home/user/.m2/repository/com/jolbox/bonecp/0.8.0.RELEASE/bonecp-0.8.0.RELEASE.jar:/home/user/.m2/repository/org/xerial/sqlite-jdbc/3.25.2/sqlite-jdbc-3.25.2.jar:/home/user/.m2/repository/org/springframework/spring-jdbc/5.1.3.RELEASE/spring-jdbc-5.1.3.RELEASE.jar:/home/user/.m2/repository/org/springframework/spring-beans/5.1.3.RELEASE/spring-beans-5.1.3.RELEASE.jar:/home/user/.m2/repository/org/springframework/spring-core/5.1.3.RELEASE/spring-core-5.1.3.RELEASE.jar:/home/user/.m2/repository/org/springframework/spring-jcl/5.1.3.RELEASE/spring-jcl-5.1.3.RELEASE.jar:/home/user/.m2/repository/org/springframework/spring-tx/5.1.3.RELEASE/spring-tx-5.1.3.RELEASE.jar:/home/user/.m2/repository/org/apache/hadoop/hadoop-ozone-client/0.5.0-SNAPSHOT/hadoop-ozone-client-0.5.0-SNAPSHOT.jar:/home/user/.m2/repository/commons-lang/commons-lang/2.6/commons-lang-2.6.jar:/home/user/.m2/repository/org/apache/hadoop/hadoop-ozone-ozone-manager/0.5.0-SNAPSHOT/hadoop-ozone-ozone-manager-0.5.0-SNAPSHOT-tests.jar:/home/user/.m2/repository/junit/junit/4.11/junit-4.11.jar:/home/user/.m2/repository/org/hamcrest/hamcrest-core/1.3/hamcrest-core-1.3.jar:/home/user/.m2/repository/org/openjdk/jmh/jmh-core/1.19/jmh-core-1.19.jar:/home/user/.m2/repository/net/sf/jopt-simple/jopt-simple/4.6/jopt-simple-4.6.jar:/home/user/.m2/repository/org/apache/commons/commons-math3/3.1.1/commons-math3-3.1.1.jar:/home/user/.m2/repository/org/openjdk/jmh/jmh-generator-annprocess/1.19/jmh-generator-annprocess-1.19.jar:/home/user/.m2/repository/org/mockito/mockito-all/1.8.5/mockito-all-1.8.5.jar:/home/user/.m2/repository/org/apache/hadoop/hadoop-kms/3.2.0/hadoop-kms-3.2.0.jar:/home/user/.m2/repository/org/apache/hadoop/hadoop-auth/3.2.0/hadoop-auth-3.2.0.jar:/home/user/.m2/repository/com/nimbusds/nimbus-jose-jwt/4.41.1/nimbus-jose-jwt-4.41.1.jar:/home/user/.m2/repository/com/github/stephenc/jcip/jcip-annotations/1.0-1/jcip-annotations-1.0-1.jar:/home/user/.m2/repository/net/minidev/json-smart/2.3/json-smart-2.3.jar:/home/user/.m2/repository/net/minidev/accessors-smart/1.2/accessors-smart-1.2.jar:/home/user/.m2/repository/org/ow2/asm/asm/5.0.4/asm-5.0.4.jar:/home/user/.m2/repository/org/apache/curator/curator-framework/2.12.0/curator-framework-2.12.0.jar:/home/user/.m2/repository/com/sun/jersey/jersey-core/1.19/jersey-core-1.19.jar:/home/user/.m2/repository/javax/ws/rs/jsr311-api/1.1.1/jsr311-api-1.1.1.jar:/home/user/.m2/repository/com/sun/jersey/jersey-server/1.19/jersey-server-1.19.jar:/home/user/.m2/repository/javax/servlet/javax.servlet-api/3.1.0/javax.servlet-api-3.1.0.jar:/home/user/.m2/repository/org/eclipse/jetty/jetty-server/9.3.25.v20180904/jetty-server-9.3.25.v20180904.jar:/home/user/.m2/repository/org/eclipse/jetty/jetty-http/9.3.25.v20180904/jetty-http-9.3.25.v20180904.jar:/home/user/.m2/repository/org/eclipse/jetty/jetty-io/9.3.25.v20180904/jetty-io-9.3.25.v20180904.jar:/home/user/.m2/repository/org/eclipse/jetty/jetty-webapp/9.3.25.v20180904/jetty-webapp-9.3.25.v20180904.jar:/home/user/.m2/repository/org/eclipse/jetty/jetty-xml/9.3.25.v20180904/jetty-xml-9.3.25.v20180904.jar:/home/user/.m2/repository/log4j/log4j/1.2.17/log4j-1.2.17.jar:/home/user/.m2/repository/org/slf4j/slf4j-api/1.7.25/slf4j-api-1.7.25.jar:/home/user/.m2/repository/org/slf4j/jul-to-slf4j/1.7.25/jul-to-slf4j-1.7.25.jar:/home/user/.m2/repository/org/eclipse/jetty/jetty-util/9.3.25.v20180904/jetty-util-9.3.25.v20180904.jar:/home/user/.m2/repository/com/fasterxml/jackson/core/jackson-databind/2.9.9/jackson-databind-2.9.9.jar:/home/user/.m2/repository/org/apache/hadoop/hadoop-kms/3.2.0/hadoop-kms-3.2.0-tests.jar:/home/user/.m2/repository/org/apache/hadoop/hadoop-hdds-server-scm/0.5.0-SNAPSHOT/hadoop-hdds-server-scm-0.5.0-SNAPSHOT-tests.jar:/home/user/.m2/repository/org/apache/hadoop/hadoop-hdds-container-service/0.5.0-SNAPSHOT/hadoop-hdds-container-service-0.5.0-SNAPSHOT-tests.jar:/home/user/.m2/repository/org/yaml/snakeyaml/1.16/snakeyaml-1.16.jar:/home/user/.m2/repository/org/apache/hadoop/hadoop-common/3.2.0/hadoop-common-3.2.0-tests.jar:/home/user/.m2/repository/org/apache/hadoop/hadoop-annotations/3.2.0/hadoop-annotations-3.2.0.jar:/usr/lib/jvm/java-1.8.0-openjdk-1.8.0.222.b10-1.el7_7.x86_64/jre/../lib/tools.jar:/home/user/.m2/repository/commons-cli/commons-cli/1.2/commons-cli-1.2.jar:/home/user/.m2/repository/org/apache/httpcomponents/httpclient/4.5.2/httpclient-4.5.2.jar:/home/user/.m2/repository/org/apache/httpcomponents/httpcore/4.4.4/httpcore-4.4.4.jar:/home/user/.m2/repository/commons-codec/commons-codec/1.11/commons-codec-1.11.jar:/home/user/.m2/repository/commons-net/commons-net/3.6/commons-net-3.6.jar:/home/user/.m2/repository/commons-collections/commons-collections/3.2.2/commons-collections-3.2.2.jar:/home/user/.m2/repository/org/eclipse/jetty/jetty-servlet/9.3.25.v20180904/jetty-servlet-9.3.25.v20180904.jar:/home/user/.m2/repository/org/eclipse/jetty/jetty-security/9.3.25.v20180904/jetty-security-9.3.25.v20180904.jar:/home/user/.m2/repository/javax/servlet/jsp/jsp-api/2.1/jsp-api-2.1.jar:/home/user/.m2/repository/com/sun/jersey/jersey-servlet/1.19/jersey-servlet-1.19.jar:/home/user/.m2/repository/com/sun/jersey/jersey-json/1.19/jersey-json-1.19.jar:/home/user/.m2/repository/org/codehaus/jettison/jettison/1.1/jettison-1.1.jar:/home/user/.m2/repository/org/codehaus/jackson/jackson-core-asl/1.9.13/jackson-core-asl-1.9.13.jar:/home/user/.m2/repository/org/codehaus/jackson/jackson-mapper-asl/1.9.13/jackson-mapper-asl-1.9.13.jar:/home/user/.m2/repository/org/codehaus/jackson/jackson-jaxrs/1.9.13/jackson-jaxrs-1.9.13.jar:/home/user/.m2/repository/org/codehaus/jackson/jackson-xc/1.9.13/jackson-xc-1.9.13.jar:/home/user/.m2/repository/commons-logging/commons-logging/1.1.3/commons-logging-1.1.3.jar:/home/user/.m2/repository/commons-beanutils/commons-beanutils/1.9.4/commons-beanutils-1.9.4.jar:/home/user/.m2/repository/org/apache/commons/commons-configuration2/2.1.1/commons-configuration2-2.1.1.jar:/home/user/.m2/repository/org/apache/commons/commons-lang3/3.7/commons-lang3-3.7.jar:/home/user/.m2/repository/org/apache/commons/commons-text/1.4/commons-text-1.4.jar:/home/user/.m2/repository/org/apache/avro/avro/1.7.7/avro-1.7.7.jar:/home/user/.m2/repository/com/thoughtworks/paranamer/paranamer/2.3/paranamer-2.3.jar:/home/user/.m2/repository/org/xerial/snappy/snappy-java/1.0.5/snappy-java-1.0.5.jar:/home/user/.m2/repository/com/google/re2j/re2j/1.1/re2j-1.1.jar:/home/user/.m2/repository/com/google/code/gson/gson/2.2.4/gson-2.2.4.jar:/home/user/.m2/repository/com/jcraft/jsch/0.1.54/jsch-0.1.54.jar:/home/user/.m2/repository/org/apache/curator/curator-client/2.12.0/curator-client-2.12.0.jar:/home/user/.m2/repository/org/apache/curator/curator-recipes/2.12.0/curator-recipes-2.12.0.jar:/home/user/.m2/repository/com/google/code/findbugs/jsr305/3.0.0/jsr305-3.0.0.jar:/home/user/.m2/repository/org/apache/htrace/htrace-core4/4.1.0-incubating/htrace-core4-4.1.0-incubating.jar:/home/user/.m2/repository/org/apache/zookeeper/zookeeper/3.4.13/zookeeper-3.4.13.jar:/home/user/.m2/repository/jline/jline/0.9.94/jline-0.9.94.jar:/home/user/.m2/repository/org/apache/yetus/audience-annotations/0.5.0/audience-annotations-0.5.0.jar:/home/user/.m2/repository/org/codehaus/woodstox/stax2-api/3.1.4/stax2-api-3.1.4.jar:/home/user/.m2/repository/com/fasterxml/woodstox/woodstox-core/5.0.3/woodstox-core-5.0.3.jar:/home/user/.m2/repository/dnsjava/dnsjava/2.1.7/dnsjava-2.1.7.jar:/home/user/.m2/repository/org/apache/hadoop/hadoop-hdfs/3.2.0/hadoop-hdfs-3.2.0-tests.jar:/home/user/.m2/repository/org/eclipse/jetty/jetty-util-ajax/9.3.25.v20180904/jetty-util-ajax-9.3.25.v20180904.jar:/home/user/.m2/repository/commons-daemon/commons-daemon/1.0.13/commons-daemon-1.0.13.jar:/home/user/.m2/repository/io/netty/netty/3.10.5.Final/netty-3.10.5.Final.jar:/home/user/.m2/repository/io/netty/netty-all/4.0.52.Final/netty-all-4.0.52.Final.jar:/home/user/.m2/repository/org/fusesource/leveldbjni/leveldbjni-all/1.8/leveldbjni-all-1.8.jar:"/>
    <property name="sun.cpu.endian" value="little"/>
    <property name="user.home" value="/home/user"/>
    <property name="user.language" value="en"/>
    <property name="java.specification.vendor" value="Oracle Corporation"/>
    <property name="java.home" value="/usr/lib/jvm/java-1.8.0-openjdk-1.8.0.222.b10-1.el7_7.x86_64/jre"/>
    <property name="surefire.excludesFile" value="/tools/ozone-bad-unit-tests"/>
    <property name="java.security.krb5.conf" value="/workdir/hadoop-ozone/integration-test/target/test-classes/krb5.conf"/>
    <property name="basedir" value="/workdir/hadoop-ozone/integration-test"/>
    <property name="file.separator" value="/"/>
    <property name="line.separator" value="&#10;"/>
    <property name="java.vm.specification.vendor" value="Oracle Corporation"/>
    <property name="java.specification.name" value="Java Platform API Specification"/>
    <property name="java.awt.graphicsenv" value="sun.awt.X11GraphicsEnvironment"/>
    <property name="surefire.real.class.path" value="/workdir/hadoop-ozone/integration-test/target/surefire/surefirebooter3073255329957311069.jar"/>
    <property name="hadoop.log.dir" value="/workdir/hadoop-ozone/integration-test/target/log"/>
    <property name="sun.boot.class.path" value="/usr/lib/jvm/java-1.8.0-openjdk-1.8.0.222.b10-1.el7_7.x86_64/jre/lib/resources.jar:/usr/lib/jvm/java-1.8.0-openjdk-1.8.0.222.b10-1.el7_7.x86_64/jre/lib/rt.jar:/usr/lib/jvm/java-1.8.0-openjdk-1.8.0.222.b10-1.el7_7.x86_64/jre/lib/sunrsasign.jar:/usr/lib/jvm/java-1.8.0-openjdk-1.8.0.222.b10-1.el7_7.x86_64/jre/lib/jsse.jar:/usr/lib/jvm/java-1.8.0-openjdk-1.8.0.222.b10-1.el7_7.x86_64/jre/lib/jce.jar:/usr/lib/jvm/java-1.8.0-openjdk-1.8.0.222.b10-1.el7_7.x86_64/jre/lib/charsets.jar:/usr/lib/jvm/java-1.8.0-openjdk-1.8.0.222.b10-1.el7_7.x86_64/jre/lib/jfr.jar:/usr/lib/jvm/java-1.8.0-openjdk-1.8.0.222.b10-1.el7_7.x86_64/jre/classes"/>
    <property name="sun.management.compiler" value="HotSpot 64-Bit Tiered Compilers"/>
    <property name="java.runtime.version" value="1.8.0_222-b10"/>
    <property name="java.net.preferIPv4Stack" value="true"/>
    <property name="user.name" value="jenkins1000"/>
    <property name="path.separator" value=":"/>
    <property name="java.security.egd" value="file:///dev/urandom"/>
    <property name="os.version" value="3.10.0-957.12.2.el7.x86_64"/>
    <property name="java.endorsed.dirs" value="/usr/lib/jvm/java-1.8.0-openjdk-1.8.0.222.b10-1.el7_7.x86_64/jre/lib/endorsed"/>
    <property name="java.runtime.name" value="OpenJDK Runtime Environment"/>
    <property name="file.encoding" value="ANSI_X3.4-1968"/>
    <property name="java.vm.name" value="OpenJDK 64-Bit Server VM"/>
    <property name="test.build.webapps" value=""/>
    <property name="localRepository" value="/home/user/.m2/repository"/>
    <property name="java.vendor.url.bug" value="http://bugreport.sun.com/bugreport/"/>
    <property name="java.io.tmpdir" value="/tmp"/>
    <property name="require.test.libhadoop" value=""/>
    <property name="java.version" value="1.8.0_222"/>
    <property name="user.dir" value="/workdir/hadoop-ozone/integration-test"/>
    <property name="os.arch" value="amd64"/>
    <property name="java.vm.specification.name" value="Java Virtual Machine Specification"/>
    <property name="test.build.classes" value="/workdir/hadoop-ozone/integration-test/target/test-classes"/>
    <property name="java.awt.printerjob" value="sun.print.PSPrinterJob"/>
    <property name="sun.os.patch.level" value="unknown"/>
    <property name="hadoop.tmp.dir" value="/workdir/hadoop-ozone/integration-test/target/tmp"/>
    <property name="java.library.path" value="/usr/lib:/workdir/hadoop-ozone/integration-test/target/native/target/usr/local/lib:/workdir/hadoop-ozone/integration-test/../../hadoop-common-project/hadoop-common/target/native/target/usr/local/lib:/usr/java/packages/lib/amd64:/usr/lib64:/lib64:/lib:/usr/lib"/>
    <property name="java.vm.info" value="mixed mode"/>
    <property name="java.vendor" value="Oracle Corporation"/>
    <property name="java.vm.version" value="25.222-b10"/>
    <property name="java.ext.dirs" value="/usr/lib/jvm/java-1.8.0-openjdk-1.8.0.222.b10-1.el7_7.x86_64/jre/lib/ext:/usr/java/packages/lib/ext"/>
    <property name="sun.io.unicode.encoding" value="UnicodeLittle"/>
    <property name="java.class.version" value="52.0"/>
  </properties>
  <testcase name="testPipelineExclusionWithPipelineFailure" classname="org.apache.hadoop.ozone.client.rpc.TestFailureHandlingByClient" time="113.64"/>
  <testcase name="testContainerExclusionWithClosedContainerException" classname="org.apache.hadoop.ozone.client.rpc.TestFailureHandlingByClient" time="38.946"/>
  <testcase name="testWriteSmallFile" classname="org.apache.hadoop.ozone.client.rpc.TestFailureHandlingByClient" time="50.851"/>
  <testcase name="testBlockWritesWithDnFailures" classname="org.apache.hadoop.ozone.client.rpc.TestFailureHandlingByClient" time="42.567"/>
  <testcase name="testDatanodeExclusionWithMajorityCommit" classname="org.apache.hadoop.ozone.client.rpc.TestFailureHandlingByClient" time="35.144">
    <error message="Allocated 0 blocks. Requested 1 blocks" type="INTERNAL_ERROR org.apache.hadoop.ozone.om.exceptions.OMException">INTERNAL_ERROR org.apache.hadoop.ozone.om.exceptions.OMException: Allocated 0 blocks. Requested 1 blocks
	at org.apache.hadoop.ozone.om.protocolPB.OzoneManagerProtocolClientSideTranslatorPB.handleError(OzoneManagerProtocolClientSideTranslatorPB.java:761)
	at org.apache.hadoop.ozone.om.protocolPB.OzoneManagerProtocolClientSideTranslatorPB.allocateBlock(OzoneManagerProtocolClientSideTranslatorPB.java:793)
	at sun.reflect.NativeMethodAccessorImpl.invoke0(Native Method)
	at sun.reflect.NativeMethodAccessorImpl.invoke(NativeMethodAccessorImpl.java:62)
	at sun.reflect.DelegatingMethodAccessorImpl.invoke(DelegatingMethodAccessorImpl.java:43)
	at java.lang.reflect.Method.invoke(Method.java:498)
	at org.apache.hadoop.hdds.tracing.TraceAllMethod.invoke(TraceAllMethod.java:66)
	at com.sun.proxy.$Proxy36.allocateBlock(Unknown Source)
	at org.apache.hadoop.ozone.client.io.BlockOutputStreamEntryPool.allocateNewBlock(BlockOutputStreamEntryPool.java:259)
	at org.apache.hadoop.ozone.client.io.BlockOutputStreamEntryPool.allocateBlockIfNeeded(BlockOutputStreamEntryPool.java:307)
	at org.apache.hadoop.ozone.client.io.KeyOutputStream.handleWrite(KeyOutputStream.java:198)
	at org.apache.hadoop.ozone.client.io.KeyOutputStream.handleRetry(KeyOutputStream.java:375)
	at org.apache.hadoop.ozone.client.io.KeyOutputStream.handleException(KeyOutputStream.java:324)
	at org.apache.hadoop.ozone.client.io.KeyOutputStream.handleFlushOrClose(KeyOutputStream.java:449)
	at org.apache.hadoop.ozone.client.io.KeyOutputStream.flush(KeyOutputStream.java:397)
	at org.apache.hadoop.ozone.client.io.OzoneOutputStream.flush(OzoneOutputStream.java:54)
	at org.apache.hadoop.ozone.client.rpc.TestFailureHandlingByClient.testDatanodeExclusionWithMajorityCommit(TestFailureHandlingByClient.java:299)
	at sun.reflect.NativeMethodAccessorImpl.invoke0(Native Method)
	at sun.reflect.NativeMethodAccessorImpl.invoke(NativeMethodAccessorImpl.java:62)
	at sun.reflect.DelegatingMethodAccessorImpl.invoke(DelegatingMethodAccessorImpl.java:43)
	at java.lang.reflect.Method.invoke(Method.java:498)
	at org.junit.runners.model.FrameworkMethod$1.runReflectiveCall(FrameworkMethod.java:47)
	at org.junit.internal.runners.model.ReflectiveCallable.run(ReflectiveCallable.java:12)
	at org.junit.runners.model.FrameworkMethod.invokeExplosively(FrameworkMethod.java:44)
	at org.junit.internal.runners.statements.InvokeMethod.evaluate(InvokeMethod.java:17)
	at org.junit.internal.runners.statements.RunAfters.evaluate(RunAfters.java:27)
	at org.junit.runners.ParentRunner.runLeaf(ParentRunner.java:271)
	at org.junit.runners.BlockJUnit4ClassRunner.runChild(BlockJUnit4ClassRunner.java:70)
	at org.junit.runners.BlockJUnit4ClassRunner.runChild(BlockJUnit4ClassRunner.java:50)
	at org.junit.runners.ParentRunner$3.run(ParentRunner.java:238)
	at org.junit.runners.ParentRunner$1.schedule(ParentRunner.java:63)
	at org.junit.runners.ParentRunner.runChildren(ParentRunner.java:236)
	at org.junit.runners.ParentRunner.access$000(ParentRunner.java:53)
	at org.junit.runners.ParentRunner$2.evaluate(ParentRunner.java:229)
	at org.junit.runners.ParentRunner.run(ParentRunner.java:309)
	at org.apache.maven.surefire.junit4.JUnit4Provider.execute(JUnit4Provider.java:365)
	at org.apache.maven.surefire.junit4.JUnit4Provider.executeWithRerun(JUnit4Provider.java:273)
	at org.apache.maven.surefire.junit4.JUnit4Provider.executeTestSet(JUnit4Provider.java:238)
	at org.apache.maven.surefire.junit4.JUnit4Provider.invoke(JUnit4Provider.java:159)
	at org.apache.maven.surefire.booter.ForkedBooter.invokeProviderInSameClassLoader(ForkedBooter.java:384)
	at org.apache.maven.surefire.booter.ForkedBooter.runSuitesInProcess(ForkedBooter.java:345)
	at org.apache.maven.surefire.booter.ForkedBooter.execute(ForkedBooter.java:126)
	at org.apache.maven.surefire.booter.ForkedBooter.main(ForkedBooter.java:418)
</error>
    <system-out><![CDATA[2019-11-14 00:39:33,122 [main] WARN  server.ServerUtils (ServerUtils.java:getScmDbDir(145)) - ozone.scm.db.dirs is not configured. We recommend adding this setting. Falling back to ozone.metadata.dirs instead.
2019-11-14 00:39:33,170 [main] WARN  server.ServerUtils (ServerUtils.java:getScmDbDir(145)) - ozone.scm.db.dirs is not configured. We recommend adding this setting. Falling back to ozone.metadata.dirs instead.
2019-11-14 00:39:33,170 [main] WARN  server.ServerUtils (ServerUtils.java:getScmDbDir(145)) - ozone.scm.db.dirs is not configured. We recommend adding this setting. Falling back to ozone.metadata.dirs instead.
2019-11-14 00:39:33,171 [main] INFO  db.DBStoreBuilder (DBStoreBuilder.java:addTable(127)) - using custom profile for table: deletedBlocks
2019-11-14 00:39:33,171 [main] INFO  db.DBStoreBuilder (DBStoreBuilder.java:processTables(183)) - Using default column profile:DBProfile.DISK for Table:deletedBlocks
2019-11-14 00:39:33,171 [main] INFO  db.DBStoreBuilder (DBStoreBuilder.java:addTable(127)) - using custom profile for table: validCerts
2019-11-14 00:39:33,171 [main] INFO  db.DBStoreBuilder (DBStoreBuilder.java:processTables(183)) - Using default column profile:DBProfile.DISK for Table:validCerts
2019-11-14 00:39:33,172 [main] INFO  db.DBStoreBuilder (DBStoreBuilder.java:addTable(127)) - using custom profile for table: revokedCerts
2019-11-14 00:39:33,172 [main] INFO  db.DBStoreBuilder (DBStoreBuilder.java:processTables(183)) - Using default column profile:DBProfile.DISK for Table:revokedCerts
2019-11-14 00:39:33,172 [main] INFO  db.DBStoreBuilder (DBStoreBuilder.java:addTable(127)) - using custom profile for table: default
2019-11-14 00:39:33,172 [main] INFO  db.DBStoreBuilder (DBStoreBuilder.java:processTables(189)) - Using default column profile:DBProfile.DISK for Table:default
2019-11-14 00:39:33,173 [main] INFO  db.DBStoreBuilder (DBStoreBuilder.java:getDbProfile(220)) - Using default options. DBProfile.DISK
2019-11-14 00:39:33,311 [main] INFO  net.NodeSchemaLoader (NodeSchemaLoader.java:loadSchemaFromFile(125)) - Loading file from sun.misc.CompoundEnumeration@2b999ee8
2019-11-14 00:39:33,311 [main] INFO  net.NodeSchemaLoader (NodeSchemaLoader.java:loadSchema(171)) - Loading network topology layer schema file
2019-11-14 00:39:33,315 [main] INFO  node.SCMNodeManager (SCMNodeManager.java:<init>(116)) - Entering startup safe mode.
2019-11-14 00:39:33,316 [main] INFO  algorithms.ContainerPlacementPolicyFactory (ContainerPlacementPolicyFactory.java:getPolicy(57)) - Create container placement policy of type org.apache.hadoop.hdds.scm.container.placement.algorithms.SCMContainerPlacementRandom
2019-11-14 00:39:33,316 [main] WARN  server.ServerUtils (ServerUtils.java:getScmDbDir(145)) - ozone.scm.db.dirs is not configured. We recommend adding this setting. Falling back to ozone.metadata.dirs instead.
2019-11-14 00:39:33,344 [main] INFO  pipeline.SCMPipelineManager (SCMPipelineManager.java:initializePipelineState(132)) - No pipeline exists in current db
2019-11-14 00:39:33,344 [main] WARN  server.ServerUtils (ServerUtils.java:getScmDbDir(145)) - ozone.scm.db.dirs is not configured. We recommend adding this setting. Falling back to ozone.metadata.dirs instead.
2019-11-14 00:39:33,368 [main] WARN  events.EventQueue (EventQueue.java:fireEvent(183)) - No event handler registered for event TypedEvent{payloadType=SafeModeStatus, name='SafeModeStatus'}
2019-11-14 00:39:33,369 [main] INFO  ipc.CallQueueManager (CallQueueManager.java:<init>(84)) - Using callQueue: class java.util.concurrent.LinkedBlockingQueue, queueCapacity: 2000, scheduler: class org.apache.hadoop.ipc.DefaultRpcScheduler, ipcBackoff: false.
2019-11-14 00:39:33,370 [Socket Reader #1 for port 38866] INFO  ipc.Server (Server.java:run(1074)) - Starting Socket Reader #1 for port 38866
2019-11-14 00:39:33,372 [main] INFO  ipc.CallQueueManager (CallQueueManager.java:<init>(84)) - Using callQueue: class java.util.concurrent.LinkedBlockingQueue, queueCapacity: 2000, scheduler: class org.apache.hadoop.ipc.DefaultRpcScheduler, ipcBackoff: false.
2019-11-14 00:39:33,373 [Socket Reader #1 for port 35648] INFO  ipc.Server (Server.java:run(1074)) - Starting Socket Reader #1 for port 35648
2019-11-14 00:39:33,374 [main] INFO  ipc.CallQueueManager (CallQueueManager.java:<init>(84)) - Using callQueue: class java.util.concurrent.LinkedBlockingQueue, queueCapacity: 2000, scheduler: class org.apache.hadoop.ipc.DefaultRpcScheduler, ipcBackoff: false.
2019-11-14 00:39:33,375 [Socket Reader #1 for port 43262] INFO  ipc.Server (Server.java:run(1074)) - Starting Socket Reader #1 for port 43262
2019-11-14 00:39:33,378 [main] INFO  hdfs.DFSUtil (DFSUtil.java:httpServerTemplateForNNAndJN(1641)) - Starting Web-server for scm at: http://0.0.0.0:0
2019-11-14 00:39:33,380 [main] INFO  server.AuthenticationFilter (AuthenticationFilter.java:constructSecretProvider(240)) - Unable to initialize FileSignerSecretProvider, falling back to use random secrets.
2019-11-14 00:39:33,381 [main] WARN  http.HttpRequestLog (HttpRequestLog.java:getRequestLog(97)) - Jetty request log can only be enabled using Log4j
2019-11-14 00:39:33,383 [main] INFO  http.HttpServer2 (HttpServer2.java:addGlobalFilter(975)) - Added global filter 'safety' (class=org.apache.hadoop.http.HttpServer2$QuotingInputFilter)
2019-11-14 00:39:33,384 [main] INFO  http.HttpServer2 (HttpServer2.java:addFilter(948)) - Added filter static_user_filter (class=org.apache.hadoop.http.lib.StaticUserWebFilter$StaticUserFilter) to context scm
2019-11-14 00:39:33,385 [main] INFO  http.HttpServer2 (HttpServer2.java:addFilter(958)) - Added filter static_user_filter (class=org.apache.hadoop.http.lib.StaticUserWebFilter$StaticUserFilter) to context logs
2019-11-14 00:39:33,385 [main] INFO  http.HttpServer2 (HttpServer2.java:addFilter(958)) - Added filter static_user_filter (class=org.apache.hadoop.http.lib.StaticUserWebFilter$StaticUserFilter) to context static
2019-11-14 00:39:33,387 [main] INFO  server.StorageContainerManager (StorageContainerManager.java:start(766)) - StorageContainerLocationProtocol RPC server is listening at /0.0.0.0:43262
2019-11-14 00:39:33,391 [main] WARN  impl.MetricsConfig (MetricsConfig.java:loadFirst(134)) - Cannot locate configuration: tried hadoop-metrics2-storagecontainermanager.properties,hadoop-metrics2.properties
2019-11-14 00:39:33,392 [main] INFO  impl.MetricsSystemImpl (MetricsSystemImpl.java:startTimer(374)) - Scheduled Metric snapshot period at 10 second(s).
2019-11-14 00:39:33,392 [main] INFO  impl.MetricsSystemImpl (MetricsSystemImpl.java:start(191)) - StorageContainerManager metrics system started
2019-11-14 00:39:33,455 [main] WARN  impl.MetricsSystemImpl (MetricsSystemImpl.java:register(276)) - Sink prometheus already exists!
2019-11-14 00:39:34,003 [main] INFO  server.SCMClientProtocolServer (SCMClientProtocolServer.java:start(159)) - RPC server for Client  is listening at /0.0.0.0:43262
2019-11-14 00:39:34,004 [IPC Server Responder] INFO  ipc.Server (Server.java:run(1314)) - IPC Server Responder: starting
2019-11-14 00:39:34,005 [IPC Server listener on 43262] INFO  ipc.Server (Server.java:run(1153)) - IPC Server listener on 43262: starting
2019-11-14 00:39:34,006 [main] INFO  server.StorageContainerManager (StorageContainerManager.java:start(776)) - ScmBlockLocationProtocol RPC server is listening at /0.0.0.0:35648
2019-11-14 00:39:34,006 [main] INFO  server.SCMBlockProtocolServer (SCMBlockProtocolServer.java:start(146)) - RPC server for Block Protocol is listening at /0.0.0.0:35648
2019-11-14 00:39:34,007 [IPC Server Responder] INFO  ipc.Server (Server.java:run(1314)) - IPC Server Responder: starting
2019-11-14 00:39:34,007 [IPC Server listener on 35648] INFO  ipc.Server (Server.java:run(1153)) - IPC Server listener on 35648: starting
2019-11-14 00:39:34,009 [main] INFO  server.StorageContainerManager (StorageContainerManager.java:start(780)) - ScmDatanodeProtocl RPC server is listening at /0.0.0.0:38866
2019-11-14 00:39:34,009 [main] INFO  server.SCMDatanodeProtocolServer (SCMDatanodeProtocolServer.java:start(169)) - RPC server for DataNodes is listening at /0.0.0.0:38866
2019-11-14 00:39:34,009 [IPC Server Responder] INFO  ipc.Server (Server.java:run(1314)) - IPC Server Responder: starting
2019-11-14 00:39:34,010 [IPC Server listener on 38866] INFO  ipc.Server (Server.java:run(1153)) - IPC Server listener on 38866: starting
2019-11-14 00:39:34,012 [main] INFO  http.HttpServer2 (HttpServer2.java:bindListener(1191)) - Jetty bound to port 46131
2019-11-14 00:39:34,012 [main] INFO  server.Server (Server.java:doStart(351)) - jetty-9.3.25.v20180904, build timestamp: 2018-09-04T21:11:46Z, git hash: 3ce520221d0240229c862b122d2b06c12a625732
2019-11-14 00:39:34,013 [main] INFO  handler.ContextHandler (ContextHandler.java:doStart(781)) - Started o.e.j.s.ServletContextHandler@1b8aaeab{/logs,file:///workdir/hadoop-ozone/integration-test/target/log,AVAILABLE}
2019-11-14 00:39:34,013 [main] INFO  handler.ContextHandler (ContextHandler.java:doStart(781)) - Started o.e.j.s.ServletContextHandler@6812c8cc{/static,file:///workdir/hadoop-ozone/integration-test/target/test-classes/webapps/static,AVAILABLE}
2019-11-14 00:39:34,016 [main] INFO  handler.ContextHandler (ContextHandler.java:doStart(781)) - Started o.e.j.w.WebAppContext@4cc12db2{/,file:///workdir/hadoop-ozone/integration-test/target/test-classes/webapps/scm/,AVAILABLE}{/scm}
2019-11-14 00:39:34,017 [main] INFO  server.AbstractConnector (AbstractConnector.java:doStart(278)) - Started ServerConnector@5ea7bc4{HTTP/1.1,[http/1.1]}{0.0.0.0:46131}
2019-11-14 00:39:34,018 [main] INFO  server.Server (Server.java:doStart(419)) - Started @247349ms
2019-11-14 00:39:34,018 [main] WARN  impl.MetricsSystemImpl (MetricsSystemImpl.java:register(276)) - Sink prometheus already exists!
2019-11-14 00:39:34,019 [main] INFO  server.BaseHttpServer (BaseHttpServer.java:updateConnectorAddress(215)) - HTTP server of SCM is listening at http://0.0.0.0:46131
2019-11-14 00:39:34,023 [main] WARN  server.ServerUtils (ServerUtils.java:getDBPath(222)) - ozone.om.db.dirs is not configured. We recommend adding this setting. Falling back to ozone.metadata.dirs instead.
2019-11-14 00:39:34,023 [org.apache.hadoop.util.JvmPauseMonitor$Monitor@696fad31] INFO  util.JvmPauseMonitor (JvmPauseMonitor.java:run(188)) - Starting JVM pause monitor
2019-11-14 00:39:34,030 [main] INFO  ha.OMHANodeDetails (OMHANodeDetails.java:loadOMHAConfig(190)) - Configuration either no ozone.om.address set. Falling back to the default OM address /127.0.0.1:0
2019-11-14 00:39:34,031 [main] INFO  ha.OMHANodeDetails (OMHANodeDetails.java:getOMNodeDetails(220)) - OM Service ID is not set. Setting it to the default ID: omServiceIdDefault
2019-11-14 00:39:34,031 [main] WARN  server.ServerUtils (ServerUtils.java:getDBPath(222)) - ozone.om.db.dirs is not configured. We recommend adding this setting. Falling back to ozone.metadata.dirs instead.
2019-11-14 00:39:34,032 [main] WARN  server.ServerUtils (ServerUtils.java:getDBPath(222)) - ozone.om.db.dirs is not configured. We recommend adding this setting. Falling back to ozone.metadata.dirs instead.
2019-11-14 00:39:34,037 [main] WARN  server.ServerUtils (ServerUtils.java:getDBPath(222)) - ozone.om.db.dirs is not configured. We recommend adding this setting. Falling back to ozone.metadata.dirs instead.
2019-11-14 00:39:34,038 [main] INFO  db.DBStoreBuilder (DBStoreBuilder.java:addTable(127)) - using custom profile for table: userTable
2019-11-14 00:39:34,038 [main] INFO  db.DBStoreBuilder (DBStoreBuilder.java:processTables(183)) - Using default column profile:DBProfile.DISK for Table:userTable
2019-11-14 00:39:34,038 [main] INFO  db.DBStoreBuilder (DBStoreBuilder.java:addTable(127)) - using custom profile for table: volumeTable
2019-11-14 00:39:34,038 [main] INFO  db.DBStoreBuilder (DBStoreBuilder.java:processTables(183)) - Using default column profile:DBProfile.DISK for Table:volumeTable
2019-11-14 00:39:34,039 [main] INFO  db.DBStoreBuilder (DBStoreBuilder.java:addTable(127)) - using custom profile for table: bucketTable
2019-11-14 00:39:34,039 [main] INFO  db.DBStoreBuilder (DBStoreBuilder.java:processTables(183)) - Using default column profile:DBProfile.DISK for Table:bucketTable
2019-11-14 00:39:34,039 [main] INFO  db.DBStoreBuilder (DBStoreBuilder.java:addTable(127)) - using custom profile for table: keyTable
2019-11-14 00:39:34,039 [main] INFO  db.DBStoreBuilder (DBStoreBuilder.java:processTables(183)) - Using default column profile:DBProfile.DISK for Table:keyTable
2019-11-14 00:39:34,039 [main] INFO  db.DBStoreBuilder (DBStoreBuilder.java:addTable(127)) - using custom profile for table: deletedTable
2019-11-14 00:39:34,039 [main] INFO  db.DBStoreBuilder (DBStoreBuilder.java:processTables(183)) - Using default column profile:DBProfile.DISK for Table:deletedTable
2019-11-14 00:39:34,040 [main] INFO  db.DBStoreBuilder (DBStoreBuilder.java:addTable(127)) - using custom profile for table: openKeyTable
2019-11-14 00:39:34,040 [main] INFO  db.DBStoreBuilder (DBStoreBuilder.java:processTables(183)) - Using default column profile:DBProfile.DISK for Table:openKeyTable
2019-11-14 00:39:34,040 [main] INFO  db.DBStoreBuilder (DBStoreBuilder.java:addTable(127)) - using custom profile for table: s3Table
2019-11-14 00:39:34,040 [main] INFO  db.DBStoreBuilder (DBStoreBuilder.java:processTables(183)) - Using default column profile:DBProfile.DISK for Table:s3Table
2019-11-14 00:39:34,040 [main] INFO  db.DBStoreBuilder (DBStoreBuilder.java:addTable(127)) - using custom profile for table: multipartInfoTable
2019-11-14 00:39:34,040 [main] INFO  db.DBStoreBuilder (DBStoreBuilder.java:processTables(183)) - Using default column profile:DBProfile.DISK for Table:multipartInfoTable
2019-11-14 00:39:34,041 [main] INFO  db.DBStoreBuilder (DBStoreBuilder.java:addTable(127)) - using custom profile for table: dTokenTable
2019-11-14 00:39:34,041 [main] INFO  db.DBStoreBuilder (DBStoreBuilder.java:processTables(183)) - Using default column profile:DBProfile.DISK for Table:dTokenTable
2019-11-14 00:39:34,041 [main] INFO  db.DBStoreBuilder (DBStoreBuilder.java:addTable(127)) - using custom profile for table: s3SecretTable
2019-11-14 00:39:34,041 [main] INFO  db.DBStoreBuilder (DBStoreBuilder.java:processTables(183)) - Using default column profile:DBProfile.DISK for Table:s3SecretTable
2019-11-14 00:39:34,041 [main] INFO  db.DBStoreBuilder (DBStoreBuilder.java:addTable(127)) - using custom profile for table: prefixTable
2019-11-14 00:39:34,041 [main] INFO  db.DBStoreBuilder (DBStoreBuilder.java:processTables(183)) - Using default column profile:DBProfile.DISK for Table:prefixTable
2019-11-14 00:39:34,042 [main] INFO  db.DBStoreBuilder (DBStoreBuilder.java:addTable(127)) - using custom profile for table: default
2019-11-14 00:39:34,042 [main] INFO  db.DBStoreBuilder (DBStoreBuilder.java:processTables(189)) - Using default column profile:DBProfile.DISK for Table:default
2019-11-14 00:39:34,042 [main] INFO  db.DBStoreBuilder (DBStoreBuilder.java:getDbProfile(220)) - Using default options. DBProfile.DISK
2019-11-14 00:39:34,421 [main] INFO  ipc.CallQueueManager (CallQueueManager.java:<init>(84)) - Using callQueue: class java.util.concurrent.LinkedBlockingQueue, queueCapacity: 2000, scheduler: class org.apache.hadoop.ipc.DefaultRpcScheduler, ipcBackoff: false.
2019-11-14 00:39:34,422 [Socket Reader #1 for port 39853] INFO  ipc.Server (Server.java:run(1074)) - Starting Socket Reader #1 for port 39853
2019-11-14 00:39:34,435 [main] INFO  om.OzoneManager (OzoneManager.java:start(1077)) - OzoneManager RPC server is listening at localhost/127.0.0.1:39853
2019-11-14 00:39:34,435 [main] INFO  impl.MetricsSystemImpl (MetricsSystemImpl.java:init(158)) - OzoneManager metrics system started (again)
2019-11-14 00:39:34,437 [IPC Server Responder] INFO  ipc.Server (Server.java:run(1314)) - IPC Server Responder: starting
2019-11-14 00:39:34,439 [IPC Server listener on 39853] INFO  ipc.Server (Server.java:run(1153)) - IPC Server listener on 39853: starting
2019-11-14 00:39:34,443 [main] INFO  hdfs.DFSUtil (DFSUtil.java:httpServerTemplateForNNAndJN(1641)) - Starting Web-server for ozoneManager at: http://0.0.0.0:0
2019-11-14 00:39:34,445 [main] INFO  server.AuthenticationFilter (AuthenticationFilter.java:constructSecretProvider(240)) - Unable to initialize FileSignerSecretProvider, falling back to use random secrets.
2019-11-14 00:39:34,445 [main] WARN  http.HttpRequestLog (HttpRequestLog.java:getRequestLog(97)) - Jetty request log can only be enabled using Log4j
2019-11-14 00:39:34,447 [main] INFO  http.HttpServer2 (HttpServer2.java:addGlobalFilter(975)) - Added global filter 'safety' (class=org.apache.hadoop.http.HttpServer2$QuotingInputFilter)
2019-11-14 00:39:34,448 [main] INFO  http.HttpServer2 (HttpServer2.java:addFilter(948)) - Added filter static_user_filter (class=org.apache.hadoop.http.lib.StaticUserWebFilter$StaticUserFilter) to context ozoneManager
2019-11-14 00:39:34,448 [main] INFO  http.HttpServer2 (HttpServer2.java:addFilter(958)) - Added filter static_user_filter (class=org.apache.hadoop.http.lib.StaticUserWebFilter$StaticUserFilter) to context logs
2019-11-14 00:39:34,448 [main] INFO  http.HttpServer2 (HttpServer2.java:addFilter(958)) - Added filter static_user_filter (class=org.apache.hadoop.http.lib.StaticUserWebFilter$StaticUserFilter) to context static
2019-11-14 00:39:34,449 [main] INFO  http.HttpServer2 (HttpServer2.java:bindListener(1191)) - Jetty bound to port 44832
2019-11-14 00:39:34,449 [main] INFO  server.Server (Server.java:doStart(351)) - jetty-9.3.25.v20180904, build timestamp: 2018-09-04T21:11:46Z, git hash: 3ce520221d0240229c862b122d2b06c12a625732
2019-11-14 00:39:34,450 [main] INFO  handler.ContextHandler (ContextHandler.java:doStart(781)) - Started o.e.j.s.ServletContextHandler@5396eeb1{/logs,file:///workdir/hadoop-ozone/integration-test/target/log,AVAILABLE}
2019-11-14 00:39:34,451 [main] INFO  handler.ContextHandler (ContextHandler.java:doStart(781)) - Started o.e.j.s.ServletContextHandler@7781263c{/static,file:///workdir/hadoop-ozone/integration-test/target/test-classes/webapps/static,AVAILABLE}
2019-11-14 00:39:34,455 [main] INFO  handler.ContextHandler (ContextHandler.java:doStart(781)) - Started o.e.j.w.WebAppContext@2d4a3e13{/,file:///workdir/hadoop-ozone/integration-test/target/test-classes/webapps/ozoneManager/,AVAILABLE}{/ozoneManager}
2019-11-14 00:39:34,455 [main] INFO  server.AbstractConnector (AbstractConnector.java:doStart(278)) - Started ServerConnector@4a22e4d7{HTTP/1.1,[http/1.1]}{0.0.0.0:44832}
2019-11-14 00:39:34,456 [main] INFO  server.Server (Server.java:doStart(419)) - Started @247788ms
2019-11-14 00:39:34,456 [main] WARN  impl.MetricsSystemImpl (MetricsSystemImpl.java:register(276)) - Sink prometheus already exists!
2019-11-14 00:39:34,457 [main] INFO  server.BaseHttpServer (BaseHttpServer.java:updateConnectorAddress(215)) - HTTP server of OZONEMANAGER is listening at http://0.0.0.0:44832
2019-11-14 00:39:34,477 [main] INFO  impl.MetricsSystemImpl (MetricsSystemImpl.java:init(158)) - HddsDatanode metrics system started (again)
2019-11-14 00:39:34,479 [main] INFO  ozone.HddsDatanodeService (HddsDatanodeService.java:start(186)) - HddsDatanodeService host:pr-hdds-2474-ghsjm-2904119463 ip:192.168.34.25
2019-11-14 00:39:34,486 [main] INFO  volume.HddsVolume (HddsVolume.java:<init>(176)) - Creating Volume: /workdir/hadoop-ozone/integration-test/target/test-dir/MiniOzoneClusterImpl-f0c02ddf-6665-4004-91fc-64de6051483a/datanode-0/data/containers/hdds of  storage type : DISK and capacity : 1482555576320
2019-11-14 00:39:34,486 [main] INFO  volume.VolumeSet (VolumeSet.java:initializeVolumeSet(170)) - Added Volume : /workdir/hadoop-ozone/integration-test/target/test-dir/MiniOzoneClusterImpl-f0c02ddf-6665-4004-91fc-64de6051483a/datanode-0/data/containers/hdds to VolumeSet
2019-11-14 00:39:34,487 [main] INFO  volume.ThrottledAsyncChecker (ThrottledAsyncChecker.java:schedule(141)) - Scheduling a check for /workdir/hadoop-ozone/integration-test/target/test-dir/MiniOzoneClusterImpl-f0c02ddf-6665-4004-91fc-64de6051483a/datanode-0/data/containers/hdds
2019-11-14 00:39:34,487 [main] INFO  volume.HddsVolumeChecker (HddsVolumeChecker.java:checkAllVolumes(204)) - Scheduled health check for volume /workdir/hadoop-ozone/integration-test/target/test-dir/MiniOzoneClusterImpl-f0c02ddf-6665-4004-91fc-64de6051483a/datanode-0/data/containers/hdds
2019-11-14 00:39:34,499 [main] INFO  impl.RaftServerProxy (ConfUtils.java:logGet(43)) - raft.rpc.type = GRPC (default)
2019-11-14 00:39:34,500 [main] INFO  grpc.GrpcFactory (GrpcFactory.java:checkPooledByteBufAllocatorUseCacheForAllThreads(45)) - PERFORMANCE WARNING: useCacheForAllThreads is true that may cause Netty to create a lot garbage objects and, as a result, trigger GC.
	It is recommended to disable useCacheForAllThreads by setting -Dorg.apache.ratis.thirdparty.io.netty.allocator.useCacheForAllThreads=false in command line.
2019-11-14 00:39:34,500 [main] INFO  grpc.GrpcConfigKeys$Server (ConfUtils.java:logGet(43)) - raft.grpc.server.port = 0 (default)
2019-11-14 00:39:34,500 [main] INFO  server.GrpcService (ConfUtils.java:logGet(43)) - raft.grpc.message.size.max = 33570816 (custom)
2019-11-14 00:39:34,500 [main] INFO  server.RaftServerConfigKeys (ConfUtils.java:logGet(43)) - raft.server.log.appender.buffer.byte-limit = 33554432 (custom)
2019-11-14 00:39:34,500 [main] INFO  server.GrpcService (ConfUtils.java:logGet(43)) - raft.grpc.flow.control.window = 1MB (=1048576) (default)
2019-11-14 00:39:34,500 [main] INFO  server.RaftServerConfigKeys (ConfUtils.java:logGet(43)) - raft.server.rpc.request.timeout = 3000ms (default)
2019-11-14 00:39:34,501 [main] INFO  server.RaftServerConfigKeys (ConfUtils.java:logGet(43)) - raft.server.storage.dir = [/workdir/hadoop-ozone/integration-test/target/test-dir/MiniOzoneClusterImpl-f0c02ddf-6665-4004-91fc-64de6051483a/datanode-0/data/ratis] (custom)
2019-11-14 00:39:34,502 [main] INFO  hdfs.DFSUtil (DFSUtil.java:httpServerTemplateForNNAndJN(1641)) - Starting Web-server for hddsDatanode at: http://0.0.0.0:0
2019-11-14 00:39:34,504 [main] INFO  server.AuthenticationFilter (AuthenticationFilter.java:constructSecretProvider(240)) - Unable to initialize FileSignerSecretProvider, falling back to use random secrets.
2019-11-14 00:39:34,504 [main] WARN  http.HttpRequestLog (HttpRequestLog.java:getRequestLog(97)) - Jetty request log can only be enabled using Log4j
2019-11-14 00:39:34,505 [main] INFO  http.HttpServer2 (HttpServer2.java:addGlobalFilter(975)) - Added global filter 'safety' (class=org.apache.hadoop.http.HttpServer2$QuotingInputFilter)
2019-11-14 00:39:34,505 [main] INFO  http.HttpServer2 (HttpServer2.java:addFilter(948)) - Added filter static_user_filter (class=org.apache.hadoop.http.lib.StaticUserWebFilter$StaticUserFilter) to context hddsDatanode
2019-11-14 00:39:34,506 [main] INFO  http.HttpServer2 (HttpServer2.java:addFilter(958)) - Added filter static_user_filter (class=org.apache.hadoop.http.lib.StaticUserWebFilter$StaticUserFilter) to context logs
2019-11-14 00:39:34,506 [main] INFO  http.HttpServer2 (HttpServer2.java:addFilter(958)) - Added filter static_user_filter (class=org.apache.hadoop.http.lib.StaticUserWebFilter$StaticUserFilter) to context static
2019-11-14 00:39:34,506 [main] INFO  http.HttpServer2 (HttpServer2.java:bindListener(1191)) - Jetty bound to port 36358
2019-11-14 00:39:34,507 [main] INFO  server.Server (Server.java:doStart(351)) - jetty-9.3.25.v20180904, build timestamp: 2018-09-04T21:11:46Z, git hash: 3ce520221d0240229c862b122d2b06c12a625732
2019-11-14 00:39:34,508 [main] INFO  handler.ContextHandler (ContextHandler.java:doStart(781)) - Started o.e.j.s.ServletContextHandler@76a362a4{/logs,file:///workdir/hadoop-ozone/integration-test/target/log,AVAILABLE}
2019-11-14 00:39:34,508 [main] INFO  handler.ContextHandler (ContextHandler.java:doStart(781)) - Started o.e.j.s.ServletContextHandler@5627cb29{/static,jar:file:/home/user/.m2/repository/org/apache/hadoop/hadoop-hdds-container-service/0.5.0-SNAPSHOT/hadoop-hdds-container-service-0.5.0-SNAPSHOT.jar!/webapps/static,AVAILABLE}
2019-11-14 00:39:34,538 [main] INFO  handler.ContextHandler (ContextHandler.java:doStart(781)) - Started o.e.j.w.WebAppContext@7e191fda{/,file:///tmp/jetty-0.0.0.0-36358-hddsDatanode-_-any-1914195104942805260.dir/webapp/,AVAILABLE}{/hddsDatanode}
2019-11-14 00:39:34,539 [main] INFO  server.AbstractConnector (AbstractConnector.java:doStart(278)) - Started ServerConnector@6562cc23{HTTP/1.1,[http/1.1]}{0.0.0.0:36358}
2019-11-14 00:39:34,540 [main] INFO  server.Server (Server.java:doStart(419)) - Started @247871ms
2019-11-14 00:39:34,540 [main] WARN  impl.MetricsSystemImpl (MetricsSystemImpl.java:register(276)) - Sink prometheus already exists!
2019-11-14 00:39:34,541 [main] INFO  server.BaseHttpServer (BaseHttpServer.java:updateConnectorAddress(215)) - HTTP server of HDDSDATANODE is listening at http://0.0.0.0:36358
2019-11-14 00:39:34,541 [main] INFO  impl.MetricsSystemImpl (MetricsSystemImpl.java:init(158)) - HddsDatanode metrics system started (again)
2019-11-14 00:39:34,543 [main] INFO  ozone.HddsDatanodeService (HddsDatanodeService.java:start(186)) - HddsDatanodeService host:pr-hdds-2474-ghsjm-2904119463 ip:192.168.34.25
2019-11-14 00:39:34,543 [org.apache.hadoop.util.JvmPauseMonitor$Monitor@6100cf5c] INFO  util.JvmPauseMonitor (JvmPauseMonitor.java:run(188)) - Starting JVM pause monitor
2019-11-14 00:39:34,544 [Datanode State Machine Thread - 0] INFO  datanode.InitDatanodeState (InitDatanodeState.java:persistContainerDatanodeDetails(140)) - DatanodeDetails is persisted to /workdir/hadoop-ozone/integration-test/target/test-dir/MiniOzoneClusterImpl-f0c02ddf-6665-4004-91fc-64de6051483a/datanode-0/meta/datanode.id
2019-11-14 00:39:34,549 [main] INFO  volume.HddsVolume (HddsVolume.java:<init>(176)) - Creating Volume: /workdir/hadoop-ozone/integration-test/target/test-dir/MiniOzoneClusterImpl-f0c02ddf-6665-4004-91fc-64de6051483a/datanode-1/data/containers/hdds of  storage type : DISK and capacity : 1482555576320
2019-11-14 00:39:34,549 [main] INFO  volume.VolumeSet (VolumeSet.java:initializeVolumeSet(170)) - Added Volume : /workdir/hadoop-ozone/integration-test/target/test-dir/MiniOzoneClusterImpl-f0c02ddf-6665-4004-91fc-64de6051483a/datanode-1/data/containers/hdds to VolumeSet
2019-11-14 00:39:34,549 [main] INFO  volume.ThrottledAsyncChecker (ThrottledAsyncChecker.java:schedule(141)) - Scheduling a check for /workdir/hadoop-ozone/integration-test/target/test-dir/MiniOzoneClusterImpl-f0c02ddf-6665-4004-91fc-64de6051483a/datanode-1/data/containers/hdds
2019-11-14 00:39:34,550 [main] INFO  volume.HddsVolumeChecker (HddsVolumeChecker.java:checkAllVolumes(204)) - Scheduled health check for volume /workdir/hadoop-ozone/integration-test/target/test-dir/MiniOzoneClusterImpl-f0c02ddf-6665-4004-91fc-64de6051483a/datanode-1/data/containers/hdds
2019-11-14 00:39:34,561 [main] INFO  impl.RaftServerProxy (ConfUtils.java:logGet(43)) - raft.rpc.type = GRPC (default)
2019-11-14 00:39:34,561 [main] INFO  grpc.GrpcFactory (GrpcFactory.java:checkPooledByteBufAllocatorUseCacheForAllThreads(45)) - PERFORMANCE WARNING: useCacheForAllThreads is true that may cause Netty to create a lot garbage objects and, as a result, trigger GC.
	It is recommended to disable useCacheForAllThreads by setting -Dorg.apache.ratis.thirdparty.io.netty.allocator.useCacheForAllThreads=false in command line.
2019-11-14 00:39:34,561 [main] INFO  grpc.GrpcConfigKeys$Server (ConfUtils.java:logGet(43)) - raft.grpc.server.port = 0 (default)
2019-11-14 00:39:34,562 [main] INFO  server.GrpcService (ConfUtils.java:logGet(43)) - raft.grpc.message.size.max = 33570816 (custom)
2019-11-14 00:39:34,562 [main] INFO  server.RaftServerConfigKeys (ConfUtils.java:logGet(43)) - raft.server.log.appender.buffer.byte-limit = 33554432 (custom)
2019-11-14 00:39:34,562 [main] INFO  server.GrpcService (ConfUtils.java:logGet(43)) - raft.grpc.flow.control.window = 1MB (=1048576) (default)
2019-11-14 00:39:34,562 [main] INFO  server.RaftServerConfigKeys (ConfUtils.java:logGet(43)) - raft.server.rpc.request.timeout = 3000ms (default)
2019-11-14 00:39:34,562 [main] INFO  server.RaftServerConfigKeys (ConfUtils.java:logGet(43)) - raft.server.storage.dir = [/workdir/hadoop-ozone/integration-test/target/test-dir/MiniOzoneClusterImpl-f0c02ddf-6665-4004-91fc-64de6051483a/datanode-1/data/ratis] (custom)
2019-11-14 00:39:34,564 [main] INFO  hdfs.DFSUtil (DFSUtil.java:httpServerTemplateForNNAndJN(1641)) - Starting Web-server for hddsDatanode at: http://0.0.0.0:0
2019-11-14 00:39:34,565 [main] INFO  server.AuthenticationFilter (AuthenticationFilter.java:constructSecretProvider(240)) - Unable to initialize FileSignerSecretProvider, falling back to use random secrets.
2019-11-14 00:39:34,565 [main] WARN  http.HttpRequestLog (HttpRequestLog.java:getRequestLog(97)) - Jetty request log can only be enabled using Log4j
2019-11-14 00:39:34,566 [main] INFO  http.HttpServer2 (HttpServer2.java:addGlobalFilter(975)) - Added global filter 'safety' (class=org.apache.hadoop.http.HttpServer2$QuotingInputFilter)
2019-11-14 00:39:34,567 [main] INFO  http.HttpServer2 (HttpServer2.java:addFilter(948)) - Added filter static_user_filter (class=org.apache.hadoop.http.lib.StaticUserWebFilter$StaticUserFilter) to context hddsDatanode
2019-11-14 00:39:34,567 [main] INFO  http.HttpServer2 (HttpServer2.java:addFilter(958)) - Added filter static_user_filter (class=org.apache.hadoop.http.lib.StaticUserWebFilter$StaticUserFilter) to context logs
2019-11-14 00:39:34,567 [main] INFO  http.HttpServer2 (HttpServer2.java:addFilter(958)) - Added filter static_user_filter (class=org.apache.hadoop.http.lib.StaticUserWebFilter$StaticUserFilter) to context static
2019-11-14 00:39:34,568 [main] INFO  http.HttpServer2 (HttpServer2.java:bindListener(1191)) - Jetty bound to port 33469
2019-11-14 00:39:34,568 [main] INFO  server.Server (Server.java:doStart(351)) - jetty-9.3.25.v20180904, build timestamp: 2018-09-04T21:11:46Z, git hash: 3ce520221d0240229c862b122d2b06c12a625732
2019-11-14 00:39:34,569 [main] INFO  handler.ContextHandler (ContextHandler.java:doStart(781)) - Started o.e.j.s.ServletContextHandler@87f501f{/logs,file:///workdir/hadoop-ozone/integration-test/target/log,AVAILABLE}
2019-11-14 00:39:34,569 [main] INFO  handler.ContextHandler (ContextHandler.java:doStart(781)) - Started o.e.j.s.ServletContextHandler@67c6f4d8{/static,jar:file:/home/user/.m2/repository/org/apache/hadoop/hadoop-hdds-container-service/0.5.0-SNAPSHOT/hadoop-hdds-container-service-0.5.0-SNAPSHOT.jar!/webapps/static,AVAILABLE}
2019-11-14 00:39:34,598 [main] INFO  handler.ContextHandler (ContextHandler.java:doStart(781)) - Started o.e.j.w.WebAppContext@33e3bd2e{/,file:///tmp/jetty-0.0.0.0-33469-hddsDatanode-_-any-5194611613686122803.dir/webapp/,AVAILABLE}{/hddsDatanode}
2019-11-14 00:39:34,599 [main] INFO  server.AbstractConnector (AbstractConnector.java:doStart(278)) - Started ServerConnector@646d810b{HTTP/1.1,[http/1.1]}{0.0.0.0:33469}
2019-11-14 00:39:34,600 [main] INFO  server.Server (Server.java:doStart(419)) - Started @247932ms
2019-11-14 00:39:34,600 [main] WARN  impl.MetricsSystemImpl (MetricsSystemImpl.java:register(276)) - Sink prometheus already exists!
2019-11-14 00:39:34,601 [main] INFO  server.BaseHttpServer (BaseHttpServer.java:updateConnectorAddress(215)) - HTTP server of HDDSDATANODE is listening at http://0.0.0.0:33469
2019-11-14 00:39:34,601 [main] INFO  impl.MetricsSystemImpl (MetricsSystemImpl.java:init(158)) - HddsDatanode metrics system started (again)
2019-11-14 00:39:34,603 [main] INFO  ozone.HddsDatanodeService (HddsDatanodeService.java:start(186)) - HddsDatanodeService host:pr-hdds-2474-ghsjm-2904119463 ip:192.168.34.25
2019-11-14 00:39:34,603 [org.apache.hadoop.util.JvmPauseMonitor$Monitor@70aec897] INFO  util.JvmPauseMonitor (JvmPauseMonitor.java:run(188)) - Starting JVM pause monitor
2019-11-14 00:39:34,605 [Datanode State Machine Thread - 0] INFO  datanode.InitDatanodeState (InitDatanodeState.java:persistContainerDatanodeDetails(140)) - DatanodeDetails is persisted to /workdir/hadoop-ozone/integration-test/target/test-dir/MiniOzoneClusterImpl-f0c02ddf-6665-4004-91fc-64de6051483a/datanode-1/meta/datanode.id
2019-11-14 00:39:34,609 [main] INFO  volume.HddsVolume (HddsVolume.java:<init>(176)) - Creating Volume: /workdir/hadoop-ozone/integration-test/target/test-dir/MiniOzoneClusterImpl-f0c02ddf-6665-4004-91fc-64de6051483a/datanode-2/data/containers/hdds of  storage type : DISK and capacity : 1482555576320
2019-11-14 00:39:34,609 [main] INFO  volume.VolumeSet (VolumeSet.java:initializeVolumeSet(170)) - Added Volume : /workdir/hadoop-ozone/integration-test/target/test-dir/MiniOzoneClusterImpl-f0c02ddf-6665-4004-91fc-64de6051483a/datanode-2/data/containers/hdds to VolumeSet
2019-11-14 00:39:34,610 [main] INFO  volume.ThrottledAsyncChecker (ThrottledAsyncChecker.java:schedule(141)) - Scheduling a check for /workdir/hadoop-ozone/integration-test/target/test-dir/MiniOzoneClusterImpl-f0c02ddf-6665-4004-91fc-64de6051483a/datanode-2/data/containers/hdds
2019-11-14 00:39:34,610 [main] INFO  volume.HddsVolumeChecker (HddsVolumeChecker.java:checkAllVolumes(204)) - Scheduled health check for volume /workdir/hadoop-ozone/integration-test/target/test-dir/MiniOzoneClusterImpl-f0c02ddf-6665-4004-91fc-64de6051483a/datanode-2/data/containers/hdds
2019-11-14 00:39:34,621 [main] INFO  impl.RaftServerProxy (ConfUtils.java:logGet(43)) - raft.rpc.type = GRPC (default)
2019-11-14 00:39:34,621 [main] INFO  grpc.GrpcFactory (GrpcFactory.java:checkPooledByteBufAllocatorUseCacheForAllThreads(45)) - PERFORMANCE WARNING: useCacheForAllThreads is true that may cause Netty to create a lot garbage objects and, as a result, trigger GC.
	It is recommended to disable useCacheForAllThreads by setting -Dorg.apache.ratis.thirdparty.io.netty.allocator.useCacheForAllThreads=false in command line.
2019-11-14 00:39:34,621 [main] INFO  grpc.GrpcConfigKeys$Server (ConfUtils.java:logGet(43)) - raft.grpc.server.port = 0 (default)
2019-11-14 00:39:34,621 [main] INFO  server.GrpcService (ConfUtils.java:logGet(43)) - raft.grpc.message.size.max = 33570816 (custom)
2019-11-14 00:39:34,621 [main] INFO  server.RaftServerConfigKeys (ConfUtils.java:logGet(43)) - raft.server.log.appender.buffer.byte-limit = 33554432 (custom)
2019-11-14 00:39:34,621 [main] INFO  server.GrpcService (ConfUtils.java:logGet(43)) - raft.grpc.flow.control.window = 1MB (=1048576) (default)
2019-11-14 00:39:34,621 [main] INFO  server.RaftServerConfigKeys (ConfUtils.java:logGet(43)) - raft.server.rpc.request.timeout = 3000ms (default)
2019-11-14 00:39:34,622 [main] INFO  server.RaftServerConfigKeys (ConfUtils.java:logGet(43)) - raft.server.storage.dir = [/workdir/hadoop-ozone/integration-test/target/test-dir/MiniOzoneClusterImpl-f0c02ddf-6665-4004-91fc-64de6051483a/datanode-2/data/ratis] (custom)
2019-11-14 00:39:34,623 [main] INFO  hdfs.DFSUtil (DFSUtil.java:httpServerTemplateForNNAndJN(1641)) - Starting Web-server for hddsDatanode at: http://0.0.0.0:0
2019-11-14 00:39:34,624 [main] INFO  server.AuthenticationFilter (AuthenticationFilter.java:constructSecretProvider(240)) - Unable to initialize FileSignerSecretProvider, falling back to use random secrets.
2019-11-14 00:39:34,625 [main] WARN  http.HttpRequestLog (HttpRequestLog.java:getRequestLog(97)) - Jetty request log can only be enabled using Log4j
2019-11-14 00:39:34,626 [main] INFO  http.HttpServer2 (HttpServer2.java:addGlobalFilter(975)) - Added global filter 'safety' (class=org.apache.hadoop.http.HttpServer2$QuotingInputFilter)
2019-11-14 00:39:34,626 [main] INFO  http.HttpServer2 (HttpServer2.java:addFilter(948)) - Added filter static_user_filter (class=org.apache.hadoop.http.lib.StaticUserWebFilter$StaticUserFilter) to context hddsDatanode
2019-11-14 00:39:34,626 [main] INFO  http.HttpServer2 (HttpServer2.java:addFilter(958)) - Added filter static_user_filter (class=org.apache.hadoop.http.lib.StaticUserWebFilter$StaticUserFilter) to context static
2019-11-14 00:39:34,626 [main] INFO  http.HttpServer2 (HttpServer2.java:addFilter(958)) - Added filter static_user_filter (class=org.apache.hadoop.http.lib.StaticUserWebFilter$StaticUserFilter) to context logs
2019-11-14 00:39:34,627 [main] INFO  http.HttpServer2 (HttpServer2.java:bindListener(1191)) - Jetty bound to port 36044
2019-11-14 00:39:34,627 [main] INFO  server.Server (Server.java:doStart(351)) - jetty-9.3.25.v20180904, build timestamp: 2018-09-04T21:11:46Z, git hash: 3ce520221d0240229c862b122d2b06c12a625732
2019-11-14 00:39:34,628 [main] INFO  handler.ContextHandler (ContextHandler.java:doStart(781)) - Started o.e.j.s.ServletContextHandler@7a36c83a{/logs,file:///workdir/hadoop-ozone/integration-test/target/log,AVAILABLE}
2019-11-14 00:39:34,629 [main] INFO  handler.ContextHandler (ContextHandler.java:doStart(781)) - Started o.e.j.s.ServletContextHandler@7b297740{/static,jar:file:/home/user/.m2/repository/org/apache/hadoop/hadoop-hdds-container-service/0.5.0-SNAPSHOT/hadoop-hdds-container-service-0.5.0-SNAPSHOT.jar!/webapps/static,AVAILABLE}
2019-11-14 00:39:34,657 [main] INFO  handler.ContextHandler (ContextHandler.java:doStart(781)) - Started o.e.j.w.WebAppContext@4b3a01d8{/,file:///tmp/jetty-0.0.0.0-36044-hddsDatanode-_-any-4605324069482853391.dir/webapp/,AVAILABLE}{/hddsDatanode}
2019-11-14 00:39:34,658 [main] INFO  server.AbstractConnector (AbstractConnector.java:doStart(278)) - Started ServerConnector@19fbc594{HTTP/1.1,[http/1.1]}{0.0.0.0:36044}
2019-11-14 00:39:34,659 [main] INFO  server.Server (Server.java:doStart(419)) - Started @247991ms
2019-11-14 00:39:34,659 [main] WARN  impl.MetricsSystemImpl (MetricsSystemImpl.java:register(276)) - Sink prometheus already exists!
2019-11-14 00:39:34,660 [main] INFO  server.BaseHttpServer (BaseHttpServer.java:updateConnectorAddress(215)) - HTTP server of HDDSDATANODE is listening at http://0.0.0.0:36044
2019-11-14 00:39:34,660 [main] INFO  impl.MetricsSystemImpl (MetricsSystemImpl.java:init(158)) - HddsDatanode metrics system started (again)
2019-11-14 00:39:34,663 [org.apache.hadoop.util.JvmPauseMonitor$Monitor@5d5a1bc8] INFO  util.JvmPauseMonitor (JvmPauseMonitor.java:run(188)) - Starting JVM pause monitor
2019-11-14 00:39:34,663 [main] INFO  ozone.HddsDatanodeService (HddsDatanodeService.java:start(186)) - HddsDatanodeService host:pr-hdds-2474-ghsjm-2904119463 ip:192.168.34.25
2019-11-14 00:39:34,663 [Datanode State Machine Thread - 0] INFO  datanode.InitDatanodeState (InitDatanodeState.java:persistContainerDatanodeDetails(140)) - DatanodeDetails is persisted to /workdir/hadoop-ozone/integration-test/target/test-dir/MiniOzoneClusterImpl-f0c02ddf-6665-4004-91fc-64de6051483a/datanode-2/meta/datanode.id
2019-11-14 00:39:34,668 [main] INFO  volume.HddsVolume (HddsVolume.java:<init>(176)) - Creating Volume: /workdir/hadoop-ozone/integration-test/target/test-dir/MiniOzoneClusterImpl-f0c02ddf-6665-4004-91fc-64de6051483a/datanode-3/data/containers/hdds of  storage type : DISK and capacity : 1482555576320
2019-11-14 00:39:34,668 [main] INFO  volume.VolumeSet (VolumeSet.java:initializeVolumeSet(170)) - Added Volume : /workdir/hadoop-ozone/integration-test/target/test-dir/MiniOzoneClusterImpl-f0c02ddf-6665-4004-91fc-64de6051483a/datanode-3/data/containers/hdds to VolumeSet
2019-11-14 00:39:34,668 [main] INFO  volume.ThrottledAsyncChecker (ThrottledAsyncChecker.java:schedule(141)) - Scheduling a check for /workdir/hadoop-ozone/integration-test/target/test-dir/MiniOzoneClusterImpl-f0c02ddf-6665-4004-91fc-64de6051483a/datanode-3/data/containers/hdds
2019-11-14 00:39:34,669 [main] INFO  volume.HddsVolumeChecker (HddsVolumeChecker.java:checkAllVolumes(204)) - Scheduled health check for volume /workdir/hadoop-ozone/integration-test/target/test-dir/MiniOzoneClusterImpl-f0c02ddf-6665-4004-91fc-64de6051483a/datanode-3/data/containers/hdds
2019-11-14 00:39:34,680 [main] INFO  impl.RaftServerProxy (ConfUtils.java:logGet(43)) - raft.rpc.type = GRPC (default)
2019-11-14 00:39:34,680 [main] INFO  grpc.GrpcFactory (GrpcFactory.java:checkPooledByteBufAllocatorUseCacheForAllThreads(45)) - PERFORMANCE WARNING: useCacheForAllThreads is true that may cause Netty to create a lot garbage objects and, as a result, trigger GC.
	It is recommended to disable useCacheForAllThreads by setting -Dorg.apache.ratis.thirdparty.io.netty.allocator.useCacheForAllThreads=false in command line.
2019-11-14 00:39:34,680 [main] INFO  grpc.GrpcConfigKeys$Server (ConfUtils.java:logGet(43)) - raft.grpc.server.port = 0 (default)
2019-11-14 00:39:34,680 [main] INFO  server.GrpcService (ConfUtils.java:logGet(43)) - raft.grpc.message.size.max = 33570816 (custom)
2019-11-14 00:39:34,680 [main] INFO  server.RaftServerConfigKeys (ConfUtils.java:logGet(43)) - raft.server.log.appender.buffer.byte-limit = 33554432 (custom)
2019-11-14 00:39:34,681 [main] INFO  server.GrpcService (ConfUtils.java:logGet(43)) - raft.grpc.flow.control.window = 1MB (=1048576) (default)
2019-11-14 00:39:34,681 [main] INFO  server.RaftServerConfigKeys (ConfUtils.java:logGet(43)) - raft.server.rpc.request.timeout = 3000ms (default)
2019-11-14 00:39:34,681 [main] INFO  server.RaftServerConfigKeys (ConfUtils.java:logGet(43)) - raft.server.storage.dir = [/workdir/hadoop-ozone/integration-test/target/test-dir/MiniOzoneClusterImpl-f0c02ddf-6665-4004-91fc-64de6051483a/datanode-3/data/ratis] (custom)
2019-11-14 00:39:34,682 [main] INFO  hdfs.DFSUtil (DFSUtil.java:httpServerTemplateForNNAndJN(1641)) - Starting Web-server for hddsDatanode at: http://0.0.0.0:0
2019-11-14 00:39:34,684 [main] INFO  server.AuthenticationFilter (AuthenticationFilter.java:constructSecretProvider(240)) - Unable to initialize FileSignerSecretProvider, falling back to use random secrets.
2019-11-14 00:39:34,684 [main] WARN  http.HttpRequestLog (HttpRequestLog.java:getRequestLog(97)) - Jetty request log can only be enabled using Log4j
2019-11-14 00:39:34,685 [main] INFO  http.HttpServer2 (HttpServer2.java:addGlobalFilter(975)) - Added global filter 'safety' (class=org.apache.hadoop.http.HttpServer2$QuotingInputFilter)
2019-11-14 00:39:34,685 [main] INFO  http.HttpServer2 (HttpServer2.java:addFilter(948)) - Added filter static_user_filter (class=org.apache.hadoop.http.lib.StaticUserWebFilter$StaticUserFilter) to context hddsDatanode
2019-11-14 00:39:34,685 [main] INFO  http.HttpServer2 (HttpServer2.java:addFilter(958)) - Added filter static_user_filter (class=org.apache.hadoop.http.lib.StaticUserWebFilter$StaticUserFilter) to context logs
2019-11-14 00:39:34,685 [main] INFO  http.HttpServer2 (HttpServer2.java:addFilter(958)) - Added filter static_user_filter (class=org.apache.hadoop.http.lib.StaticUserWebFilter$StaticUserFilter) to context static
2019-11-14 00:39:34,686 [main] INFO  http.HttpServer2 (HttpServer2.java:bindListener(1191)) - Jetty bound to port 37612
2019-11-14 00:39:34,686 [main] INFO  server.Server (Server.java:doStart(351)) - jetty-9.3.25.v20180904, build timestamp: 2018-09-04T21:11:46Z, git hash: 3ce520221d0240229c862b122d2b06c12a625732
2019-11-14 00:39:34,687 [main] INFO  handler.ContextHandler (ContextHandler.java:doStart(781)) - Started o.e.j.s.ServletContextHandler@5f5297e3{/logs,file:///workdir/hadoop-ozone/integration-test/target/log,AVAILABLE}
2019-11-14 00:39:34,688 [main] INFO  handler.ContextHandler (ContextHandler.java:doStart(781)) - Started o.e.j.s.ServletContextHandler@7ec3a8bd{/static,jar:file:/home/user/.m2/repository/org/apache/hadoop/hadoop-hdds-container-service/0.5.0-SNAPSHOT/hadoop-hdds-container-service-0.5.0-SNAPSHOT.jar!/webapps/static,AVAILABLE}
2019-11-14 00:39:34,721 [main] INFO  handler.ContextHandler (ContextHandler.java:doStart(781)) - Started o.e.j.w.WebAppContext@7ac5b4c{/,file:///tmp/jetty-0.0.0.0-37612-hddsDatanode-_-any-7723858738538241938.dir/webapp/,AVAILABLE}{/hddsDatanode}
2019-11-14 00:39:34,722 [main] INFO  server.AbstractConnector (AbstractConnector.java:doStart(278)) - Started ServerConnector@150fc7a7{HTTP/1.1,[http/1.1]}{0.0.0.0:37612}
2019-11-14 00:39:34,723 [main] INFO  server.Server (Server.java:doStart(419)) - Started @248055ms
2019-11-14 00:39:34,723 [main] WARN  impl.MetricsSystemImpl (MetricsSystemImpl.java:register(276)) - Sink prometheus already exists!
2019-11-14 00:39:34,724 [main] INFO  server.BaseHttpServer (BaseHttpServer.java:updateConnectorAddress(215)) - HTTP server of HDDSDATANODE is listening at http://0.0.0.0:37612
2019-11-14 00:39:34,725 [main] INFO  impl.MetricsSystemImpl (MetricsSystemImpl.java:init(158)) - HddsDatanode metrics system started (again)
2019-11-14 00:39:34,728 [org.apache.hadoop.util.JvmPauseMonitor$Monitor@135f3632] INFO  util.JvmPauseMonitor (JvmPauseMonitor.java:run(188)) - Starting JVM pause monitor
2019-11-14 00:39:34,728 [main] INFO  ozone.HddsDatanodeService (HddsDatanodeService.java:start(186)) - HddsDatanodeService host:pr-hdds-2474-ghsjm-2904119463 ip:192.168.34.25
2019-11-14 00:39:34,729 [Datanode State Machine Thread - 0] INFO  datanode.InitDatanodeState (InitDatanodeState.java:persistContainerDatanodeDetails(140)) - DatanodeDetails is persisted to /workdir/hadoop-ozone/integration-test/target/test-dir/MiniOzoneClusterImpl-f0c02ddf-6665-4004-91fc-64de6051483a/datanode-3/meta/datanode.id
2019-11-14 00:39:34,739 [main] INFO  volume.HddsVolume (HddsVolume.java:<init>(176)) - Creating Volume: /workdir/hadoop-ozone/integration-test/target/test-dir/MiniOzoneClusterImpl-f0c02ddf-6665-4004-91fc-64de6051483a/datanode-4/data/containers/hdds of  storage type : DISK and capacity : 1482555576320
2019-11-14 00:39:34,740 [main] INFO  volume.VolumeSet (VolumeSet.java:initializeVolumeSet(170)) - Added Volume : /workdir/hadoop-ozone/integration-test/target/test-dir/MiniOzoneClusterImpl-f0c02ddf-6665-4004-91fc-64de6051483a/datanode-4/data/containers/hdds to VolumeSet
2019-11-14 00:39:34,740 [main] INFO  volume.ThrottledAsyncChecker (ThrottledAsyncChecker.java:schedule(141)) - Scheduling a check for /workdir/hadoop-ozone/integration-test/target/test-dir/MiniOzoneClusterImpl-f0c02ddf-6665-4004-91fc-64de6051483a/datanode-4/data/containers/hdds
2019-11-14 00:39:34,740 [main] INFO  volume.HddsVolumeChecker (HddsVolumeChecker.java:checkAllVolumes(204)) - Scheduled health check for volume /workdir/hadoop-ozone/integration-test/target/test-dir/MiniOzoneClusterImpl-f0c02ddf-6665-4004-91fc-64de6051483a/datanode-4/data/containers/hdds
2019-11-14 00:39:34,752 [main] INFO  impl.RaftServerProxy (ConfUtils.java:logGet(43)) - raft.rpc.type = GRPC (default)
2019-11-14 00:39:34,752 [main] INFO  grpc.GrpcFactory (GrpcFactory.java:checkPooledByteBufAllocatorUseCacheForAllThreads(45)) - PERFORMANCE WARNING: useCacheForAllThreads is true that may cause Netty to create a lot garbage objects and, as a result, trigger GC.
	It is recommended to disable useCacheForAllThreads by setting -Dorg.apache.ratis.thirdparty.io.netty.allocator.useCacheForAllThreads=false in command line.
2019-11-14 00:39:34,753 [main] INFO  grpc.GrpcConfigKeys$Server (ConfUtils.java:logGet(43)) - raft.grpc.server.port = 0 (default)
2019-11-14 00:39:34,753 [main] INFO  server.GrpcService (ConfUtils.java:logGet(43)) - raft.grpc.message.size.max = 33570816 (custom)
2019-11-14 00:39:34,753 [main] INFO  server.RaftServerConfigKeys (ConfUtils.java:logGet(43)) - raft.server.log.appender.buffer.byte-limit = 33554432 (custom)
2019-11-14 00:39:34,753 [main] INFO  server.GrpcService (ConfUtils.java:logGet(43)) - raft.grpc.flow.control.window = 1MB (=1048576) (default)
2019-11-14 00:39:34,753 [main] INFO  server.RaftServerConfigKeys (ConfUtils.java:logGet(43)) - raft.server.rpc.request.timeout = 3000ms (default)
2019-11-14 00:39:34,753 [main] INFO  server.RaftServerConfigKeys (ConfUtils.java:logGet(43)) - raft.server.storage.dir = [/workdir/hadoop-ozone/integration-test/target/test-dir/MiniOzoneClusterImpl-f0c02ddf-6665-4004-91fc-64de6051483a/datanode-4/data/ratis] (custom)
2019-11-14 00:39:34,755 [main] INFO  hdfs.DFSUtil (DFSUtil.java:httpServerTemplateForNNAndJN(1641)) - Starting Web-server for hddsDatanode at: http://0.0.0.0:0
2019-11-14 00:39:34,756 [main] INFO  server.AuthenticationFilter (AuthenticationFilter.java:constructSecretProvider(240)) - Unable to initialize FileSignerSecretProvider, falling back to use random secrets.
2019-11-14 00:39:34,756 [main] WARN  http.HttpRequestLog (HttpRequestLog.java:getRequestLog(97)) - Jetty request log can only be enabled using Log4j
2019-11-14 00:39:34,757 [main] INFO  http.HttpServer2 (HttpServer2.java:addGlobalFilter(975)) - Added global filter 'safety' (class=org.apache.hadoop.http.HttpServer2$QuotingInputFilter)
2019-11-14 00:39:34,758 [main] INFO  http.HttpServer2 (HttpServer2.java:addFilter(948)) - Added filter static_user_filter (class=org.apache.hadoop.http.lib.StaticUserWebFilter$StaticUserFilter) to context hddsDatanode
2019-11-14 00:39:34,758 [main] INFO  http.HttpServer2 (HttpServer2.java:addFilter(958)) - Added filter static_user_filter (class=org.apache.hadoop.http.lib.StaticUserWebFilter$StaticUserFilter) to context static
2019-11-14 00:39:34,758 [main] INFO  http.HttpServer2 (HttpServer2.java:addFilter(958)) - Added filter static_user_filter (class=org.apache.hadoop.http.lib.StaticUserWebFilter$StaticUserFilter) to context logs
2019-11-14 00:39:34,758 [main] INFO  http.HttpServer2 (HttpServer2.java:bindListener(1191)) - Jetty bound to port 46418
2019-11-14 00:39:34,759 [main] INFO  server.Server (Server.java:doStart(351)) - jetty-9.3.25.v20180904, build timestamp: 2018-09-04T21:11:46Z, git hash: 3ce520221d0240229c862b122d2b06c12a625732
2019-11-14 00:39:34,760 [main] INFO  handler.ContextHandler (ContextHandler.java:doStart(781)) - Started o.e.j.s.ServletContextHandler@73bb573d{/logs,file:///workdir/hadoop-ozone/integration-test/target/log,AVAILABLE}
2019-11-14 00:39:34,760 [main] INFO  handler.ContextHandler (ContextHandler.java:doStart(781)) - Started o.e.j.s.ServletContextHandler@736b21ee{/static,jar:file:/home/user/.m2/repository/org/apache/hadoop/hadoop-hdds-container-service/0.5.0-SNAPSHOT/hadoop-hdds-container-service-0.5.0-SNAPSHOT.jar!/webapps/static,AVAILABLE}
2019-11-14 00:39:34,789 [main] INFO  handler.ContextHandler (ContextHandler.java:doStart(781)) - Started o.e.j.w.WebAppContext@3d1c933{/,file:///tmp/jetty-0.0.0.0-46418-hddsDatanode-_-any-8788250849343636172.dir/webapp/,AVAILABLE}{/hddsDatanode}
2019-11-14 00:39:34,789 [main] INFO  server.AbstractConnector (AbstractConnector.java:doStart(278)) - Started ServerConnector@79be91eb{HTTP/1.1,[http/1.1]}{0.0.0.0:46418}
2019-11-14 00:39:34,791 [main] INFO  server.Server (Server.java:doStart(419)) - Started @248123ms
2019-11-14 00:39:34,791 [main] WARN  impl.MetricsSystemImpl (MetricsSystemImpl.java:register(276)) - Sink prometheus already exists!
2019-11-14 00:39:34,792 [main] INFO  server.BaseHttpServer (BaseHttpServer.java:updateConnectorAddress(215)) - HTTP server of HDDSDATANODE is listening at http://0.0.0.0:46418
2019-11-14 00:39:34,792 [main] INFO  impl.MetricsSystemImpl (MetricsSystemImpl.java:init(158)) - HddsDatanode metrics system started (again)
2019-11-14 00:39:34,795 [org.apache.hadoop.util.JvmPauseMonitor$Monitor@19c00706] INFO  util.JvmPauseMonitor (JvmPauseMonitor.java:run(188)) - Starting JVM pause monitor
2019-11-14 00:39:34,795 [main] INFO  ozone.HddsDatanodeService (HddsDatanodeService.java:start(186)) - HddsDatanodeService host:pr-hdds-2474-ghsjm-2904119463 ip:192.168.34.25
2019-11-14 00:39:34,796 [Datanode State Machine Thread - 0] INFO  datanode.InitDatanodeState (InitDatanodeState.java:persistContainerDatanodeDetails(140)) - DatanodeDetails is persisted to /workdir/hadoop-ozone/integration-test/target/test-dir/MiniOzoneClusterImpl-f0c02ddf-6665-4004-91fc-64de6051483a/datanode-4/meta/datanode.id
2019-11-14 00:39:34,801 [main] INFO  volume.HddsVolume (HddsVolume.java:<init>(176)) - Creating Volume: /workdir/hadoop-ozone/integration-test/target/test-dir/MiniOzoneClusterImpl-f0c02ddf-6665-4004-91fc-64de6051483a/datanode-5/data/containers/hdds of  storage type : DISK and capacity : 1482555576320
2019-11-14 00:39:34,801 [main] INFO  volume.VolumeSet (VolumeSet.java:initializeVolumeSet(170)) - Added Volume : /workdir/hadoop-ozone/integration-test/target/test-dir/MiniOzoneClusterImpl-f0c02ddf-6665-4004-91fc-64de6051483a/datanode-5/data/containers/hdds to VolumeSet
2019-11-14 00:39:34,801 [main] INFO  volume.ThrottledAsyncChecker (ThrottledAsyncChecker.java:schedule(141)) - Scheduling a check for /workdir/hadoop-ozone/integration-test/target/test-dir/MiniOzoneClusterImpl-f0c02ddf-6665-4004-91fc-64de6051483a/datanode-5/data/containers/hdds
2019-11-14 00:39:34,802 [main] INFO  volume.HddsVolumeChecker (HddsVolumeChecker.java:checkAllVolumes(204)) - Scheduled health check for volume /workdir/hadoop-ozone/integration-test/target/test-dir/MiniOzoneClusterImpl-f0c02ddf-6665-4004-91fc-64de6051483a/datanode-5/data/containers/hdds
2019-11-14 00:39:34,812 [main] INFO  impl.RaftServerProxy (ConfUtils.java:logGet(43)) - raft.rpc.type = GRPC (default)
2019-11-14 00:39:34,813 [main] INFO  grpc.GrpcFactory (GrpcFactory.java:checkPooledByteBufAllocatorUseCacheForAllThreads(45)) - PERFORMANCE WARNING: useCacheForAllThreads is true that may cause Netty to create a lot garbage objects and, as a result, trigger GC.
	It is recommended to disable useCacheForAllThreads by setting -Dorg.apache.ratis.thirdparty.io.netty.allocator.useCacheForAllThreads=false in command line.
2019-11-14 00:39:34,813 [main] INFO  grpc.GrpcConfigKeys$Server (ConfUtils.java:logGet(43)) - raft.grpc.server.port = 0 (default)
2019-11-14 00:39:34,813 [main] INFO  server.GrpcService (ConfUtils.java:logGet(43)) - raft.grpc.message.size.max = 33570816 (custom)
2019-11-14 00:39:34,813 [main] INFO  server.RaftServerConfigKeys (ConfUtils.java:logGet(43)) - raft.server.log.appender.buffer.byte-limit = 33554432 (custom)
2019-11-14 00:39:34,813 [main] INFO  server.GrpcService (ConfUtils.java:logGet(43)) - raft.grpc.flow.control.window = 1MB (=1048576) (default)
2019-11-14 00:39:34,813 [main] INFO  server.RaftServerConfigKeys (ConfUtils.java:logGet(43)) - raft.server.rpc.request.timeout = 3000ms (default)
2019-11-14 00:39:34,814 [main] INFO  server.RaftServerConfigKeys (ConfUtils.java:logGet(43)) - raft.server.storage.dir = [/workdir/hadoop-ozone/integration-test/target/test-dir/MiniOzoneClusterImpl-f0c02ddf-6665-4004-91fc-64de6051483a/datanode-5/data/ratis] (custom)
2019-11-14 00:39:34,815 [main] INFO  hdfs.DFSUtil (DFSUtil.java:httpServerTemplateForNNAndJN(1641)) - Starting Web-server for hddsDatanode at: http://0.0.0.0:0
2019-11-14 00:39:34,816 [main] INFO  server.AuthenticationFilter (AuthenticationFilter.java:constructSecretProvider(240)) - Unable to initialize FileSignerSecretProvider, falling back to use random secrets.
2019-11-14 00:39:34,817 [main] WARN  http.HttpRequestLog (HttpRequestLog.java:getRequestLog(97)) - Jetty request log can only be enabled using Log4j
2019-11-14 00:39:34,818 [main] INFO  http.HttpServer2 (HttpServer2.java:addGlobalFilter(975)) - Added global filter 'safety' (class=org.apache.hadoop.http.HttpServer2$QuotingInputFilter)
2019-11-14 00:39:34,818 [main] INFO  http.HttpServer2 (HttpServer2.java:addFilter(948)) - Added filter static_user_filter (class=org.apache.hadoop.http.lib.StaticUserWebFilter$StaticUserFilter) to context hddsDatanode
2019-11-14 00:39:34,818 [main] INFO  http.HttpServer2 (HttpServer2.java:addFilter(958)) - Added filter static_user_filter (class=org.apache.hadoop.http.lib.StaticUserWebFilter$StaticUserFilter) to context logs
2019-11-14 00:39:34,818 [main] INFO  http.HttpServer2 (HttpServer2.java:addFilter(958)) - Added filter static_user_filter (class=org.apache.hadoop.http.lib.StaticUserWebFilter$StaticUserFilter) to context static
2019-11-14 00:39:34,819 [main] INFO  http.HttpServer2 (HttpServer2.java:bindListener(1191)) - Jetty bound to port 34118
2019-11-14 00:39:34,819 [main] INFO  server.Server (Server.java:doStart(351)) - jetty-9.3.25.v20180904, build timestamp: 2018-09-04T21:11:46Z, git hash: 3ce520221d0240229c862b122d2b06c12a625732
2019-11-14 00:39:34,820 [main] INFO  handler.ContextHandler (ContextHandler.java:doStart(781)) - Started o.e.j.s.ServletContextHandler@6e685e6c{/logs,file:///workdir/hadoop-ozone/integration-test/target/log,AVAILABLE}
2019-11-14 00:39:34,820 [main] INFO  handler.ContextHandler (ContextHandler.java:doStart(781)) - Started o.e.j.s.ServletContextHandler@9d3d54e{/static,jar:file:/home/user/.m2/repository/org/apache/hadoop/hadoop-hdds-container-service/0.5.0-SNAPSHOT/hadoop-hdds-container-service-0.5.0-SNAPSHOT.jar!/webapps/static,AVAILABLE}
2019-11-14 00:39:34,849 [main] INFO  handler.ContextHandler (ContextHandler.java:doStart(781)) - Started o.e.j.w.WebAppContext@21002393{/,file:///tmp/jetty-0.0.0.0-34118-hddsDatanode-_-any-2904679513766960004.dir/webapp/,AVAILABLE}{/hddsDatanode}
2019-11-14 00:39:34,850 [main] INFO  server.AbstractConnector (AbstractConnector.java:doStart(278)) - Started ServerConnector@718989fa{HTTP/1.1,[http/1.1]}{0.0.0.0:34118}
2019-11-14 00:39:34,851 [main] INFO  server.Server (Server.java:doStart(419)) - Started @248183ms
2019-11-14 00:39:34,851 [main] WARN  impl.MetricsSystemImpl (MetricsSystemImpl.java:register(276)) - Sink prometheus already exists!
2019-11-14 00:39:34,852 [main] INFO  server.BaseHttpServer (BaseHttpServer.java:updateConnectorAddress(215)) - HTTP server of HDDSDATANODE is listening at http://0.0.0.0:34118
2019-11-14 00:39:34,852 [main] INFO  impl.MetricsSystemImpl (MetricsSystemImpl.java:init(158)) - HddsDatanode metrics system started (again)
2019-11-14 00:39:34,855 [org.apache.hadoop.util.JvmPauseMonitor$Monitor@15e1fbe6] INFO  util.JvmPauseMonitor (JvmPauseMonitor.java:run(188)) - Starting JVM pause monitor
2019-11-14 00:39:34,856 [main] INFO  ozone.HddsDatanodeService (HddsDatanodeService.java:start(186)) - HddsDatanodeService host:pr-hdds-2474-ghsjm-2904119463 ip:192.168.34.25
2019-11-14 00:39:34,856 [Datanode State Machine Thread - 0] INFO  datanode.InitDatanodeState (InitDatanodeState.java:persistContainerDatanodeDetails(140)) - DatanodeDetails is persisted to /workdir/hadoop-ozone/integration-test/target/test-dir/MiniOzoneClusterImpl-f0c02ddf-6665-4004-91fc-64de6051483a/datanode-5/meta/datanode.id
2019-11-14 00:39:34,861 [main] INFO  volume.HddsVolume (HddsVolume.java:<init>(176)) - Creating Volume: /workdir/hadoop-ozone/integration-test/target/test-dir/MiniOzoneClusterImpl-f0c02ddf-6665-4004-91fc-64de6051483a/datanode-6/data/containers/hdds of  storage type : DISK and capacity : 1482555576320
2019-11-14 00:39:34,861 [main] INFO  volume.VolumeSet (VolumeSet.java:initializeVolumeSet(170)) - Added Volume : /workdir/hadoop-ozone/integration-test/target/test-dir/MiniOzoneClusterImpl-f0c02ddf-6665-4004-91fc-64de6051483a/datanode-6/data/containers/hdds to VolumeSet
2019-11-14 00:39:34,861 [main] INFO  volume.ThrottledAsyncChecker (ThrottledAsyncChecker.java:schedule(141)) - Scheduling a check for /workdir/hadoop-ozone/integration-test/target/test-dir/MiniOzoneClusterImpl-f0c02ddf-6665-4004-91fc-64de6051483a/datanode-6/data/containers/hdds
2019-11-14 00:39:34,862 [main] INFO  volume.HddsVolumeChecker (HddsVolumeChecker.java:checkAllVolumes(204)) - Scheduled health check for volume /workdir/hadoop-ozone/integration-test/target/test-dir/MiniOzoneClusterImpl-f0c02ddf-6665-4004-91fc-64de6051483a/datanode-6/data/containers/hdds
2019-11-14 00:39:34,872 [main] INFO  impl.RaftServerProxy (ConfUtils.java:logGet(43)) - raft.rpc.type = GRPC (default)
2019-11-14 00:39:34,872 [main] INFO  grpc.GrpcFactory (GrpcFactory.java:checkPooledByteBufAllocatorUseCacheForAllThreads(45)) - PERFORMANCE WARNING: useCacheForAllThreads is true that may cause Netty to create a lot garbage objects and, as a result, trigger GC.
	It is recommended to disable useCacheForAllThreads by setting -Dorg.apache.ratis.thirdparty.io.netty.allocator.useCacheForAllThreads=false in command line.
2019-11-14 00:39:34,873 [main] INFO  grpc.GrpcConfigKeys$Server (ConfUtils.java:logGet(43)) - raft.grpc.server.port = 0 (default)
2019-11-14 00:39:34,873 [main] INFO  server.GrpcService (ConfUtils.java:logGet(43)) - raft.grpc.message.size.max = 33570816 (custom)
2019-11-14 00:39:34,873 [main] INFO  server.RaftServerConfigKeys (ConfUtils.java:logGet(43)) - raft.server.log.appender.buffer.byte-limit = 33554432 (custom)
2019-11-14 00:39:34,873 [main] INFO  server.GrpcService (ConfUtils.java:logGet(43)) - raft.grpc.flow.control.window = 1MB (=1048576) (default)
2019-11-14 00:39:34,873 [main] INFO  server.RaftServerConfigKeys (ConfUtils.java:logGet(43)) - raft.server.rpc.request.timeout = 3000ms (default)
2019-11-14 00:39:34,873 [main] INFO  server.RaftServerConfigKeys (ConfUtils.java:logGet(43)) - raft.server.storage.dir = [/workdir/hadoop-ozone/integration-test/target/test-dir/MiniOzoneClusterImpl-f0c02ddf-6665-4004-91fc-64de6051483a/datanode-6/data/ratis] (custom)
2019-11-14 00:39:34,875 [main] INFO  hdfs.DFSUtil (DFSUtil.java:httpServerTemplateForNNAndJN(1641)) - Starting Web-server for hddsDatanode at: http://0.0.0.0:0
2019-11-14 00:39:34,876 [main] INFO  server.AuthenticationFilter (AuthenticationFilter.java:constructSecretProvider(240)) - Unable to initialize FileSignerSecretProvider, falling back to use random secrets.
2019-11-14 00:39:34,876 [main] WARN  http.HttpRequestLog (HttpRequestLog.java:getRequestLog(97)) - Jetty request log can only be enabled using Log4j
2019-11-14 00:39:34,877 [main] INFO  http.HttpServer2 (HttpServer2.java:addGlobalFilter(975)) - Added global filter 'safety' (class=org.apache.hadoop.http.HttpServer2$QuotingInputFilter)
2019-11-14 00:39:34,878 [main] INFO  http.HttpServer2 (HttpServer2.java:addFilter(948)) - Added filter static_user_filter (class=org.apache.hadoop.http.lib.StaticUserWebFilter$StaticUserFilter) to context hddsDatanode
2019-11-14 00:39:34,878 [main] INFO  http.HttpServer2 (HttpServer2.java:addFilter(958)) - Added filter static_user_filter (class=org.apache.hadoop.http.lib.StaticUserWebFilter$StaticUserFilter) to context static
2019-11-14 00:39:34,878 [main] INFO  http.HttpServer2 (HttpServer2.java:addFilter(958)) - Added filter static_user_filter (class=org.apache.hadoop.http.lib.StaticUserWebFilter$StaticUserFilter) to context logs
2019-11-14 00:39:34,878 [main] INFO  http.HttpServer2 (HttpServer2.java:bindListener(1191)) - Jetty bound to port 34523
2019-11-14 00:39:34,879 [main] INFO  server.Server (Server.java:doStart(351)) - jetty-9.3.25.v20180904, build timestamp: 2018-09-04T21:11:46Z, git hash: 3ce520221d0240229c862b122d2b06c12a625732
2019-11-14 00:39:34,880 [main] INFO  handler.ContextHandler (ContextHandler.java:doStart(781)) - Started o.e.j.s.ServletContextHandler@2aa5bd48{/logs,file:///workdir/hadoop-ozone/integration-test/target/log,AVAILABLE}
2019-11-14 00:39:34,880 [main] INFO  handler.ContextHandler (ContextHandler.java:doStart(781)) - Started o.e.j.s.ServletContextHandler@5f193335{/static,jar:file:/home/user/.m2/repository/org/apache/hadoop/hadoop-hdds-container-service/0.5.0-SNAPSHOT/hadoop-hdds-container-service-0.5.0-SNAPSHOT.jar!/webapps/static,AVAILABLE}
2019-11-14 00:39:34,909 [main] INFO  handler.ContextHandler (ContextHandler.java:doStart(781)) - Started o.e.j.w.WebAppContext@8f57e4c{/,file:///tmp/jetty-0.0.0.0-34523-hddsDatanode-_-any-2695263166161873793.dir/webapp/,AVAILABLE}{/hddsDatanode}
2019-11-14 00:39:34,909 [main] INFO  server.AbstractConnector (AbstractConnector.java:doStart(278)) - Started ServerConnector@26fadd98{HTTP/1.1,[http/1.1]}{0.0.0.0:34523}
2019-11-14 00:39:34,911 [main] INFO  server.Server (Server.java:doStart(419)) - Started @248243ms
2019-11-14 00:39:34,911 [main] WARN  impl.MetricsSystemImpl (MetricsSystemImpl.java:register(276)) - Sink prometheus already exists!
2019-11-14 00:39:34,912 [main] INFO  server.BaseHttpServer (BaseHttpServer.java:updateConnectorAddress(215)) - HTTP server of HDDSDATANODE is listening at http://0.0.0.0:34523
2019-11-14 00:39:34,912 [main] INFO  impl.MetricsSystemImpl (MetricsSystemImpl.java:init(158)) - HddsDatanode metrics system started (again)
2019-11-14 00:39:34,915 [org.apache.hadoop.util.JvmPauseMonitor$Monitor@32900bc9] INFO  util.JvmPauseMonitor (JvmPauseMonitor.java:run(188)) - Starting JVM pause monitor
2019-11-14 00:39:34,916 [main] INFO  ozone.HddsDatanodeService (HddsDatanodeService.java:start(186)) - HddsDatanodeService host:pr-hdds-2474-ghsjm-2904119463 ip:192.168.34.25
2019-11-14 00:39:34,916 [Datanode State Machine Thread - 0] INFO  datanode.InitDatanodeState (InitDatanodeState.java:persistContainerDatanodeDetails(140)) - DatanodeDetails is persisted to /workdir/hadoop-ozone/integration-test/target/test-dir/MiniOzoneClusterImpl-f0c02ddf-6665-4004-91fc-64de6051483a/datanode-6/meta/datanode.id
2019-11-14 00:39:34,922 [main] INFO  volume.HddsVolume (HddsVolume.java:<init>(176)) - Creating Volume: /workdir/hadoop-ozone/integration-test/target/test-dir/MiniOzoneClusterImpl-f0c02ddf-6665-4004-91fc-64de6051483a/datanode-7/data/containers/hdds of  storage type : DISK and capacity : 1482555576320
2019-11-14 00:39:34,923 [main] INFO  volume.VolumeSet (VolumeSet.java:initializeVolumeSet(170)) - Added Volume : /workdir/hadoop-ozone/integration-test/target/test-dir/MiniOzoneClusterImpl-f0c02ddf-6665-4004-91fc-64de6051483a/datanode-7/data/containers/hdds to VolumeSet
2019-11-14 00:39:34,923 [main] INFO  volume.ThrottledAsyncChecker (ThrottledAsyncChecker.java:schedule(141)) - Scheduling a check for /workdir/hadoop-ozone/integration-test/target/test-dir/MiniOzoneClusterImpl-f0c02ddf-6665-4004-91fc-64de6051483a/datanode-7/data/containers/hdds
2019-11-14 00:39:34,923 [main] INFO  volume.HddsVolumeChecker (HddsVolumeChecker.java:checkAllVolumes(204)) - Scheduled health check for volume /workdir/hadoop-ozone/integration-test/target/test-dir/MiniOzoneClusterImpl-f0c02ddf-6665-4004-91fc-64de6051483a/datanode-7/data/containers/hdds
2019-11-14 00:39:34,940 [main] INFO  impl.RaftServerProxy (ConfUtils.java:logGet(43)) - raft.rpc.type = GRPC (default)
2019-11-14 00:39:34,941 [main] INFO  grpc.GrpcFactory (GrpcFactory.java:checkPooledByteBufAllocatorUseCacheForAllThreads(45)) - PERFORMANCE WARNING: useCacheForAllThreads is true that may cause Netty to create a lot garbage objects and, as a result, trigger GC.
	It is recommended to disable useCacheForAllThreads by setting -Dorg.apache.ratis.thirdparty.io.netty.allocator.useCacheForAllThreads=false in command line.
2019-11-14 00:39:34,941 [main] INFO  grpc.GrpcConfigKeys$Server (ConfUtils.java:logGet(43)) - raft.grpc.server.port = 0 (default)
2019-11-14 00:39:34,941 [main] INFO  server.GrpcService (ConfUtils.java:logGet(43)) - raft.grpc.message.size.max = 33570816 (custom)
2019-11-14 00:39:34,941 [main] INFO  server.RaftServerConfigKeys (ConfUtils.java:logGet(43)) - raft.server.log.appender.buffer.byte-limit = 33554432 (custom)
2019-11-14 00:39:34,941 [main] INFO  server.GrpcService (ConfUtils.java:logGet(43)) - raft.grpc.flow.control.window = 1MB (=1048576) (default)
2019-11-14 00:39:34,942 [main] INFO  server.RaftServerConfigKeys (ConfUtils.java:logGet(43)) - raft.server.rpc.request.timeout = 3000ms (default)
2019-11-14 00:39:34,942 [main] INFO  server.RaftServerConfigKeys (ConfUtils.java:logGet(43)) - raft.server.storage.dir = [/workdir/hadoop-ozone/integration-test/target/test-dir/MiniOzoneClusterImpl-f0c02ddf-6665-4004-91fc-64de6051483a/datanode-7/data/ratis] (custom)
2019-11-14 00:39:34,944 [main] INFO  hdfs.DFSUtil (DFSUtil.java:httpServerTemplateForNNAndJN(1641)) - Starting Web-server for hddsDatanode at: http://0.0.0.0:0
2019-11-14 00:39:34,945 [main] INFO  server.AuthenticationFilter (AuthenticationFilter.java:constructSecretProvider(240)) - Unable to initialize FileSignerSecretProvider, falling back to use random secrets.
2019-11-14 00:39:34,945 [main] WARN  http.HttpRequestLog (HttpRequestLog.java:getRequestLog(97)) - Jetty request log can only be enabled using Log4j
2019-11-14 00:39:34,947 [main] INFO  http.HttpServer2 (HttpServer2.java:addGlobalFilter(975)) - Added global filter 'safety' (class=org.apache.hadoop.http.HttpServer2$QuotingInputFilter)
2019-11-14 00:39:34,947 [main] INFO  http.HttpServer2 (HttpServer2.java:addFilter(948)) - Added filter static_user_filter (class=org.apache.hadoop.http.lib.StaticUserWebFilter$StaticUserFilter) to context hddsDatanode
2019-11-14 00:39:34,947 [main] INFO  http.HttpServer2 (HttpServer2.java:addFilter(958)) - Added filter static_user_filter (class=org.apache.hadoop.http.lib.StaticUserWebFilter$StaticUserFilter) to context logs
2019-11-14 00:39:34,947 [main] INFO  http.HttpServer2 (HttpServer2.java:addFilter(958)) - Added filter static_user_filter (class=org.apache.hadoop.http.lib.StaticUserWebFilter$StaticUserFilter) to context static
2019-11-14 00:39:34,948 [main] INFO  http.HttpServer2 (HttpServer2.java:bindListener(1191)) - Jetty bound to port 41294
2019-11-14 00:39:34,948 [main] INFO  server.Server (Server.java:doStart(351)) - jetty-9.3.25.v20180904, build timestamp: 2018-09-04T21:11:46Z, git hash: 3ce520221d0240229c862b122d2b06c12a625732
2019-11-14 00:39:34,949 [main] INFO  handler.ContextHandler (ContextHandler.java:doStart(781)) - Started o.e.j.s.ServletContextHandler@2b7facc7{/logs,file:///workdir/hadoop-ozone/integration-test/target/log,AVAILABLE}
2019-11-14 00:39:34,949 [main] INFO  handler.ContextHandler (ContextHandler.java:doStart(781)) - Started o.e.j.s.ServletContextHandler@24197b13{/static,jar:file:/home/user/.m2/repository/org/apache/hadoop/hadoop-hdds-container-service/0.5.0-SNAPSHOT/hadoop-hdds-container-service-0.5.0-SNAPSHOT.jar!/webapps/static,AVAILABLE}
2019-11-14 00:39:34,978 [main] INFO  handler.ContextHandler (ContextHandler.java:doStart(781)) - Started o.e.j.w.WebAppContext@105db94d{/,file:///tmp/jetty-0.0.0.0-41294-hddsDatanode-_-any-3955700380710679681.dir/webapp/,AVAILABLE}{/hddsDatanode}
2019-11-14 00:39:34,978 [main] INFO  server.AbstractConnector (AbstractConnector.java:doStart(278)) - Started ServerConnector@1d99ee1b{HTTP/1.1,[http/1.1]}{0.0.0.0:41294}
2019-11-14 00:39:34,979 [main] INFO  server.Server (Server.java:doStart(419)) - Started @248311ms
2019-11-14 00:39:34,980 [main] WARN  impl.MetricsSystemImpl (MetricsSystemImpl.java:register(276)) - Sink prometheus already exists!
2019-11-14 00:39:34,981 [main] INFO  server.BaseHttpServer (BaseHttpServer.java:updateConnectorAddress(215)) - HTTP server of HDDSDATANODE is listening at http://0.0.0.0:41294
2019-11-14 00:39:34,981 [main] INFO  impl.MetricsSystemImpl (MetricsSystemImpl.java:init(158)) - HddsDatanode metrics system started (again)
2019-11-14 00:39:34,985 [org.apache.hadoop.util.JvmPauseMonitor$Monitor@61ed53cb] INFO  util.JvmPauseMonitor (JvmPauseMonitor.java:run(188)) - Starting JVM pause monitor
2019-11-14 00:39:34,985 [main] INFO  ozone.HddsDatanodeService (HddsDatanodeService.java:start(186)) - HddsDatanodeService host:pr-hdds-2474-ghsjm-2904119463 ip:192.168.34.25
2019-11-14 00:39:34,986 [Datanode State Machine Thread - 0] INFO  datanode.InitDatanodeState (InitDatanodeState.java:persistContainerDatanodeDetails(140)) - DatanodeDetails is persisted to /workdir/hadoop-ozone/integration-test/target/test-dir/MiniOzoneClusterImpl-f0c02ddf-6665-4004-91fc-64de6051483a/datanode-7/meta/datanode.id
2019-11-14 00:39:34,993 [main] INFO  volume.HddsVolume (HddsVolume.java:<init>(176)) - Creating Volume: /workdir/hadoop-ozone/integration-test/target/test-dir/MiniOzoneClusterImpl-f0c02ddf-6665-4004-91fc-64de6051483a/datanode-8/data/containers/hdds of  storage type : DISK and capacity : 1482555576320
2019-11-14 00:39:34,993 [main] INFO  volume.VolumeSet (VolumeSet.java:initializeVolumeSet(170)) - Added Volume : /workdir/hadoop-ozone/integration-test/target/test-dir/MiniOzoneClusterImpl-f0c02ddf-6665-4004-91fc-64de6051483a/datanode-8/data/containers/hdds to VolumeSet
2019-11-14 00:39:34,993 [main] INFO  volume.ThrottledAsyncChecker (ThrottledAsyncChecker.java:schedule(141)) - Scheduling a check for /workdir/hadoop-ozone/integration-test/target/test-dir/MiniOzoneClusterImpl-f0c02ddf-6665-4004-91fc-64de6051483a/datanode-8/data/containers/hdds
2019-11-14 00:39:34,993 [main] INFO  volume.HddsVolumeChecker (HddsVolumeChecker.java:checkAllVolumes(204)) - Scheduled health check for volume /workdir/hadoop-ozone/integration-test/target/test-dir/MiniOzoneClusterImpl-f0c02ddf-6665-4004-91fc-64de6051483a/datanode-8/data/containers/hdds
2019-11-14 00:39:35,004 [main] INFO  impl.RaftServerProxy (ConfUtils.java:logGet(43)) - raft.rpc.type = GRPC (default)
2019-11-14 00:39:35,005 [main] INFO  grpc.GrpcFactory (GrpcFactory.java:checkPooledByteBufAllocatorUseCacheForAllThreads(45)) - PERFORMANCE WARNING: useCacheForAllThreads is true that may cause Netty to create a lot garbage objects and, as a result, trigger GC.
	It is recommended to disable useCacheForAllThreads by setting -Dorg.apache.ratis.thirdparty.io.netty.allocator.useCacheForAllThreads=false in command line.
2019-11-14 00:39:35,005 [main] INFO  grpc.GrpcConfigKeys$Server (ConfUtils.java:logGet(43)) - raft.grpc.server.port = 0 (default)
2019-11-14 00:39:35,005 [main] INFO  server.GrpcService (ConfUtils.java:logGet(43)) - raft.grpc.message.size.max = 33570816 (custom)
2019-11-14 00:39:35,005 [main] INFO  server.RaftServerConfigKeys (ConfUtils.java:logGet(43)) - raft.server.log.appender.buffer.byte-limit = 33554432 (custom)
2019-11-14 00:39:35,005 [main] INFO  server.GrpcService (ConfUtils.java:logGet(43)) - raft.grpc.flow.control.window = 1MB (=1048576) (default)
2019-11-14 00:39:35,005 [main] INFO  server.RaftServerConfigKeys (ConfUtils.java:logGet(43)) - raft.server.rpc.request.timeout = 3000ms (default)
2019-11-14 00:39:35,006 [main] INFO  server.RaftServerConfigKeys (ConfUtils.java:logGet(43)) - raft.server.storage.dir = [/workdir/hadoop-ozone/integration-test/target/test-dir/MiniOzoneClusterImpl-f0c02ddf-6665-4004-91fc-64de6051483a/datanode-8/data/ratis] (custom)
2019-11-14 00:39:35,007 [main] INFO  hdfs.DFSUtil (DFSUtil.java:httpServerTemplateForNNAndJN(1641)) - Starting Web-server for hddsDatanode at: http://0.0.0.0:0
2019-11-14 00:39:35,008 [main] INFO  server.AuthenticationFilter (AuthenticationFilter.java:constructSecretProvider(240)) - Unable to initialize FileSignerSecretProvider, falling back to use random secrets.
2019-11-14 00:39:35,009 [main] WARN  http.HttpRequestLog (HttpRequestLog.java:getRequestLog(97)) - Jetty request log can only be enabled using Log4j
2019-11-14 00:39:35,010 [main] INFO  http.HttpServer2 (HttpServer2.java:addGlobalFilter(975)) - Added global filter 'safety' (class=org.apache.hadoop.http.HttpServer2$QuotingInputFilter)
2019-11-14 00:39:35,011 [main] INFO  http.HttpServer2 (HttpServer2.java:addFilter(948)) - Added filter static_user_filter (class=org.apache.hadoop.http.lib.StaticUserWebFilter$StaticUserFilter) to context hddsDatanode
2019-11-14 00:39:35,011 [main] INFO  http.HttpServer2 (HttpServer2.java:addFilter(958)) - Added filter static_user_filter (class=org.apache.hadoop.http.lib.StaticUserWebFilter$StaticUserFilter) to context static
2019-11-14 00:39:35,012 [main] INFO  http.HttpServer2 (HttpServer2.java:addFilter(958)) - Added filter static_user_filter (class=org.apache.hadoop.http.lib.StaticUserWebFilter$StaticUserFilter) to context logs
2019-11-14 00:39:35,012 [main] INFO  http.HttpServer2 (HttpServer2.java:bindListener(1191)) - Jetty bound to port 37184
2019-11-14 00:39:35,012 [main] INFO  server.Server (Server.java:doStart(351)) - jetty-9.3.25.v20180904, build timestamp: 2018-09-04T21:11:46Z, git hash: 3ce520221d0240229c862b122d2b06c12a625732
2019-11-14 00:39:35,013 [main] INFO  handler.ContextHandler (ContextHandler.java:doStart(781)) - Started o.e.j.s.ServletContextHandler@693f2213{/logs,file:///workdir/hadoop-ozone/integration-test/target/log,AVAILABLE}
2019-11-14 00:39:35,014 [main] INFO  handler.ContextHandler (ContextHandler.java:doStart(781)) - Started o.e.j.s.ServletContextHandler@2e4eda17{/static,jar:file:/home/user/.m2/repository/org/apache/hadoop/hadoop-hdds-container-service/0.5.0-SNAPSHOT/hadoop-hdds-container-service-0.5.0-SNAPSHOT.jar!/webapps/static,AVAILABLE}
2019-11-14 00:39:35,043 [main] INFO  handler.ContextHandler (ContextHandler.java:doStart(781)) - Started o.e.j.w.WebAppContext@35e74e08{/,file:///tmp/jetty-0.0.0.0-37184-hddsDatanode-_-any-4710549829405042678.dir/webapp/,AVAILABLE}{/hddsDatanode}
2019-11-14 00:39:35,043 [main] INFO  server.AbstractConnector (AbstractConnector.java:doStart(278)) - Started ServerConnector@a316f6b{HTTP/1.1,[http/1.1]}{0.0.0.0:37184}
2019-11-14 00:39:35,044 [main] INFO  server.Server (Server.java:doStart(419)) - Started @248376ms
2019-11-14 00:39:35,045 [main] WARN  impl.MetricsSystemImpl (MetricsSystemImpl.java:register(276)) - Sink prometheus already exists!
2019-11-14 00:39:35,045 [main] INFO  server.BaseHttpServer (BaseHttpServer.java:updateConnectorAddress(215)) - HTTP server of HDDSDATANODE is listening at http://0.0.0.0:37184
2019-11-14 00:39:35,046 [main] INFO  impl.MetricsSystemImpl (MetricsSystemImpl.java:init(158)) - HddsDatanode metrics system started (again)
2019-11-14 00:39:35,050 [org.apache.hadoop.util.JvmPauseMonitor$Monitor@1c26320] INFO  util.JvmPauseMonitor (JvmPauseMonitor.java:run(188)) - Starting JVM pause monitor
2019-11-14 00:39:35,050 [main] INFO  ozone.HddsDatanodeService (HddsDatanodeService.java:start(186)) - HddsDatanodeService host:pr-hdds-2474-ghsjm-2904119463 ip:192.168.34.25
2019-11-14 00:39:35,051 [Datanode State Machine Thread - 0] INFO  datanode.InitDatanodeState (InitDatanodeState.java:persistContainerDatanodeDetails(140)) - DatanodeDetails is persisted to /workdir/hadoop-ozone/integration-test/target/test-dir/MiniOzoneClusterImpl-f0c02ddf-6665-4004-91fc-64de6051483a/datanode-8/meta/datanode.id
2019-11-14 00:39:35,057 [main] INFO  volume.HddsVolume (HddsVolume.java:<init>(176)) - Creating Volume: /workdir/hadoop-ozone/integration-test/target/test-dir/MiniOzoneClusterImpl-f0c02ddf-6665-4004-91fc-64de6051483a/datanode-9/data/containers/hdds of  storage type : DISK and capacity : 1482555576320
2019-11-14 00:39:35,058 [main] INFO  volume.VolumeSet (VolumeSet.java:initializeVolumeSet(170)) - Added Volume : /workdir/hadoop-ozone/integration-test/target/test-dir/MiniOzoneClusterImpl-f0c02ddf-6665-4004-91fc-64de6051483a/datanode-9/data/containers/hdds to VolumeSet
2019-11-14 00:39:35,058 [main] INFO  volume.ThrottledAsyncChecker (ThrottledAsyncChecker.java:schedule(141)) - Scheduling a check for /workdir/hadoop-ozone/integration-test/target/test-dir/MiniOzoneClusterImpl-f0c02ddf-6665-4004-91fc-64de6051483a/datanode-9/data/containers/hdds
2019-11-14 00:39:35,059 [main] INFO  volume.HddsVolumeChecker (HddsVolumeChecker.java:checkAllVolumes(204)) - Scheduled health check for volume /workdir/hadoop-ozone/integration-test/target/test-dir/MiniOzoneClusterImpl-f0c02ddf-6665-4004-91fc-64de6051483a/datanode-9/data/containers/hdds
2019-11-14 00:39:35,073 [main] INFO  impl.RaftServerProxy (ConfUtils.java:logGet(43)) - raft.rpc.type = GRPC (default)
2019-11-14 00:39:35,074 [main] INFO  grpc.GrpcFactory (GrpcFactory.java:checkPooledByteBufAllocatorUseCacheForAllThreads(45)) - PERFORMANCE WARNING: useCacheForAllThreads is true that may cause Netty to create a lot garbage objects and, as a result, trigger GC.
	It is recommended to disable useCacheForAllThreads by setting -Dorg.apache.ratis.thirdparty.io.netty.allocator.useCacheForAllThreads=false in command line.
2019-11-14 00:39:35,074 [main] INFO  grpc.GrpcConfigKeys$Server (ConfUtils.java:logGet(43)) - raft.grpc.server.port = 0 (default)
2019-11-14 00:39:35,074 [main] INFO  server.GrpcService (ConfUtils.java:logGet(43)) - raft.grpc.message.size.max = 33570816 (custom)
2019-11-14 00:39:35,074 [main] INFO  server.RaftServerConfigKeys (ConfUtils.java:logGet(43)) - raft.server.log.appender.buffer.byte-limit = 33554432 (custom)
2019-11-14 00:39:35,075 [main] INFO  server.GrpcService (ConfUtils.java:logGet(43)) - raft.grpc.flow.control.window = 1MB (=1048576) (default)
2019-11-14 00:39:35,075 [main] INFO  server.RaftServerConfigKeys (ConfUtils.java:logGet(43)) - raft.server.rpc.request.timeout = 3000ms (default)
2019-11-14 00:39:35,075 [main] INFO  server.RaftServerConfigKeys (ConfUtils.java:logGet(43)) - raft.server.storage.dir = [/workdir/hadoop-ozone/integration-test/target/test-dir/MiniOzoneClusterImpl-f0c02ddf-6665-4004-91fc-64de6051483a/datanode-9/data/ratis] (custom)
2019-11-14 00:39:35,077 [main] INFO  hdfs.DFSUtil (DFSUtil.java:httpServerTemplateForNNAndJN(1641)) - Starting Web-server for hddsDatanode at: http://0.0.0.0:0
2019-11-14 00:39:35,079 [main] INFO  server.AuthenticationFilter (AuthenticationFilter.java:constructSecretProvider(240)) - Unable to initialize FileSignerSecretProvider, falling back to use random secrets.
2019-11-14 00:39:35,079 [main] WARN  http.HttpRequestLog (HttpRequestLog.java:getRequestLog(97)) - Jetty request log can only be enabled using Log4j
2019-11-14 00:39:35,081 [main] INFO  http.HttpServer2 (HttpServer2.java:addGlobalFilter(975)) - Added global filter 'safety' (class=org.apache.hadoop.http.HttpServer2$QuotingInputFilter)
2019-11-14 00:39:35,081 [main] INFO  http.HttpServer2 (HttpServer2.java:addFilter(948)) - Added filter static_user_filter (class=org.apache.hadoop.http.lib.StaticUserWebFilter$StaticUserFilter) to context hddsDatanode
2019-11-14 00:39:35,081 [main] INFO  http.HttpServer2 (HttpServer2.java:addFilter(958)) - Added filter static_user_filter (class=org.apache.hadoop.http.lib.StaticUserWebFilter$StaticUserFilter) to context logs
2019-11-14 00:39:35,082 [main] INFO  http.HttpServer2 (HttpServer2.java:addFilter(958)) - Added filter static_user_filter (class=org.apache.hadoop.http.lib.StaticUserWebFilter$StaticUserFilter) to context static
2019-11-14 00:39:35,083 [main] INFO  http.HttpServer2 (HttpServer2.java:bindListener(1191)) - Jetty bound to port 36869
2019-11-14 00:39:35,083 [main] INFO  server.Server (Server.java:doStart(351)) - jetty-9.3.25.v20180904, build timestamp: 2018-09-04T21:11:46Z, git hash: 3ce520221d0240229c862b122d2b06c12a625732
2019-11-14 00:39:35,086 [main] INFO  handler.ContextHandler (ContextHandler.java:doStart(781)) - Started o.e.j.s.ServletContextHandler@661e1399{/logs,file:///workdir/hadoop-ozone/integration-test/target/log,AVAILABLE}
2019-11-14 00:39:35,087 [main] INFO  handler.ContextHandler (ContextHandler.java:doStart(781)) - Started o.e.j.s.ServletContextHandler@424f02b8{/static,jar:file:/home/user/.m2/repository/org/apache/hadoop/hadoop-hdds-container-service/0.5.0-SNAPSHOT/hadoop-hdds-container-service-0.5.0-SNAPSHOT.jar!/webapps/static,AVAILABLE}
2019-11-14 00:39:35,115 [main] INFO  handler.ContextHandler (ContextHandler.java:doStart(781)) - Started o.e.j.w.WebAppContext@7de147e9{/,file:///tmp/jetty-0.0.0.0-36869-hddsDatanode-_-any-5024576441900609001.dir/webapp/,AVAILABLE}{/hddsDatanode}
2019-11-14 00:39:35,116 [main] INFO  server.AbstractConnector (AbstractConnector.java:doStart(278)) - Started ServerConnector@12567179{HTTP/1.1,[http/1.1]}{0.0.0.0:36869}
2019-11-14 00:39:35,117 [main] INFO  server.Server (Server.java:doStart(419)) - Started @248449ms
2019-11-14 00:39:35,117 [main] WARN  impl.MetricsSystemImpl (MetricsSystemImpl.java:register(276)) - Sink prometheus already exists!
2019-11-14 00:39:35,118 [main] INFO  server.BaseHttpServer (BaseHttpServer.java:updateConnectorAddress(215)) - HTTP server of HDDSDATANODE is listening at http://0.0.0.0:36869
2019-11-14 00:39:35,118 [main] INFO  ozone.MiniOzoneClusterImpl (MiniOzoneClusterImpl.java:lambda$waitForClusterToBeReady$2(171)) - Waiting for cluster to be ready. Got 0 of 10 DN Heartbeats.
2019-11-14 00:39:35,119 [org.apache.hadoop.util.JvmPauseMonitor$Monitor@59820850] INFO  util.JvmPauseMonitor (JvmPauseMonitor.java:run(188)) - Starting JVM pause monitor
2019-11-14 00:39:35,120 [Datanode State Machine Thread - 0] INFO  datanode.InitDatanodeState (InitDatanodeState.java:persistContainerDatanodeDetails(140)) - DatanodeDetails is persisted to /workdir/hadoop-ozone/integration-test/target/test-dir/MiniOzoneClusterImpl-f0c02ddf-6665-4004-91fc-64de6051483a/datanode-9/meta/datanode.id
2019-11-14 00:39:36,119 [main] INFO  ozone.MiniOzoneClusterImpl (MiniOzoneClusterImpl.java:lambda$waitForClusterToBeReady$2(171)) - Waiting for cluster to be ready. Got 0 of 10 DN Heartbeats.
2019-11-14 00:39:36,613 [Datanode State Machine Thread - 0] INFO  ozoneimpl.OzoneContainer (OzoneContainer.java:start(230)) - Attempting to start container services.
2019-11-14 00:39:36,614 [Datanode State Machine Thread - 0] INFO  ozoneimpl.OzoneContainer (OzoneContainer.java:startContainerScrub(194)) - Background container scanner has been disabled.
2019-11-14 00:39:36,614 [Datanode State Machine Thread - 0] INFO  ratis.XceiverServerRatis (XceiverServerRatis.java:start(421)) - Starting XceiverServerRatis 4c0227a7-61cb-4c13-bcf3-e9ab107c9374 at port 0
2019-11-14 00:39:36,622 [Datanode State Machine Thread - 0] INFO  impl.RaftServerProxy (RaftServerProxy.java:lambda$start$3(299)) - 4c0227a7-61cb-4c13-bcf3-e9ab107c9374: start RPC server
2019-11-14 00:39:36,625 [Datanode State Machine Thread - 0] INFO  ozoneimpl.OzoneContainer (OzoneContainer.java:start(230)) - Attempting to start container services.
2019-11-14 00:39:36,625 [Datanode State Machine Thread - 0] INFO  ozoneimpl.OzoneContainer (OzoneContainer.java:startContainerScrub(194)) - Background container scanner has been disabled.
2019-11-14 00:39:36,625 [Datanode State Machine Thread - 0] INFO  ratis.XceiverServerRatis (XceiverServerRatis.java:start(421)) - Starting XceiverServerRatis 2f70a07d-1e84-46bf-8533-fdd294c919e1 at port 0
2019-11-14 00:39:36,625 [Datanode State Machine Thread - 0] INFO  server.GrpcService (GrpcService.java:startImpl(158)) - 4c0227a7-61cb-4c13-bcf3-e9ab107c9374: GrpcService started, listening on 0.0.0.0/0.0.0.0:39301
2019-11-14 00:39:36,625 [Datanode State Machine Thread - 0] INFO  ratis.XceiverServerRatis (XceiverServerRatis.java:start(431)) - XceiverServerRatis 4c0227a7-61cb-4c13-bcf3-e9ab107c9374 is started using port 39301
2019-11-14 00:39:36,626 [Datanode State Machine Thread - 0] INFO  server.XceiverServerGrpc (XceiverServerGrpc.java:start(145)) - XceiverServerGrpc 4c0227a7-61cb-4c13-bcf3-e9ab107c9374 is started using port 40630
2019-11-14 00:39:36,634 [Datanode State Machine Thread - 0] INFO  impl.RaftServerProxy (RaftServerProxy.java:lambda$start$3(299)) - 2f70a07d-1e84-46bf-8533-fdd294c919e1: start RPC server
2019-11-14 00:39:36,634 [Datanode State Machine Thread - 0] INFO  server.GrpcService (GrpcService.java:startImpl(158)) - 2f70a07d-1e84-46bf-8533-fdd294c919e1: GrpcService started, listening on 0.0.0.0/0.0.0.0:45658
2019-11-14 00:39:36,634 [Datanode State Machine Thread - 0] INFO  ratis.XceiverServerRatis (XceiverServerRatis.java:start(431)) - XceiverServerRatis 2f70a07d-1e84-46bf-8533-fdd294c919e1 is started using port 45658
2019-11-14 00:39:36,640 [Datanode State Machine Thread - 0] INFO  server.XceiverServerGrpc (XceiverServerGrpc.java:start(145)) - XceiverServerGrpc 2f70a07d-1e84-46bf-8533-fdd294c919e1 is started using port 33000
2019-11-14 00:39:36,682 [Datanode State Machine Thread - 0] INFO  ozoneimpl.OzoneContainer (OzoneContainer.java:start(230)) - Attempting to start container services.
2019-11-14 00:39:36,682 [Datanode State Machine Thread - 0] INFO  ozoneimpl.OzoneContainer (OzoneContainer.java:startContainerScrub(194)) - Background container scanner has been disabled.
2019-11-14 00:39:36,683 [Datanode State Machine Thread - 0] INFO  ratis.XceiverServerRatis (XceiverServerRatis.java:start(421)) - Starting XceiverServerRatis 536e24f7-ac60-4eb9-a985-13294793bd01 at port 0
2019-11-14 00:39:36,689 [Datanode State Machine Thread - 0] INFO  impl.RaftServerProxy (RaftServerProxy.java:lambda$start$3(299)) - 536e24f7-ac60-4eb9-a985-13294793bd01: start RPC server
2019-11-14 00:39:36,691 [Datanode State Machine Thread - 0] INFO  server.GrpcService (GrpcService.java:startImpl(158)) - 536e24f7-ac60-4eb9-a985-13294793bd01: GrpcService started, listening on 0.0.0.0/0.0.0.0:33623
2019-11-14 00:39:36,691 [Datanode State Machine Thread - 0] INFO  ratis.XceiverServerRatis (XceiverServerRatis.java:start(431)) - XceiverServerRatis 536e24f7-ac60-4eb9-a985-13294793bd01 is started using port 33623
2019-11-14 00:39:36,692 [Datanode State Machine Thread - 0] INFO  server.XceiverServerGrpc (XceiverServerGrpc.java:start(145)) - XceiverServerGrpc 536e24f7-ac60-4eb9-a985-13294793bd01 is started using port 45663
2019-11-14 00:39:36,743 [Datanode State Machine Thread - 0] INFO  ozoneimpl.OzoneContainer (OzoneContainer.java:start(230)) - Attempting to start container services.
2019-11-14 00:39:36,743 [Datanode State Machine Thread - 0] INFO  ozoneimpl.OzoneContainer (OzoneContainer.java:startContainerScrub(194)) - Background container scanner has been disabled.
2019-11-14 00:39:36,743 [Datanode State Machine Thread - 0] INFO  ratis.XceiverServerRatis (XceiverServerRatis.java:start(421)) - Starting XceiverServerRatis cd356495-acb8-453f-96c5-8be3e7d4704d at port 0
2019-11-14 00:39:36,750 [Datanode State Machine Thread - 0] INFO  impl.RaftServerProxy (RaftServerProxy.java:lambda$start$3(299)) - cd356495-acb8-453f-96c5-8be3e7d4704d: start RPC server
2019-11-14 00:39:36,751 [Datanode State Machine Thread - 0] INFO  server.GrpcService (GrpcService.java:startImpl(158)) - cd356495-acb8-453f-96c5-8be3e7d4704d: GrpcService started, listening on 0.0.0.0/0.0.0.0:35310
2019-11-14 00:39:36,751 [Datanode State Machine Thread - 0] INFO  ratis.XceiverServerRatis (XceiverServerRatis.java:start(431)) - XceiverServerRatis cd356495-acb8-453f-96c5-8be3e7d4704d is started using port 35310
2019-11-14 00:39:36,751 [Datanode State Machine Thread - 0] INFO  server.XceiverServerGrpc (XceiverServerGrpc.java:start(145)) - XceiverServerGrpc cd356495-acb8-453f-96c5-8be3e7d4704d is started using port 41671
2019-11-14 00:39:36,810 [Datanode State Machine Thread - 0] INFO  ozoneimpl.OzoneContainer (OzoneContainer.java:start(230)) - Attempting to start container services.
2019-11-14 00:39:36,810 [Datanode State Machine Thread - 0] INFO  ozoneimpl.OzoneContainer (OzoneContainer.java:startContainerScrub(194)) - Background container scanner has been disabled.
2019-11-14 00:39:36,811 [Datanode State Machine Thread - 0] INFO  ratis.XceiverServerRatis (XceiverServerRatis.java:start(421)) - Starting XceiverServerRatis 37126020-3da7-4e98-a0e1-da03830467e3 at port 0
2019-11-14 00:39:36,819 [Datanode State Machine Thread - 0] INFO  impl.RaftServerProxy (RaftServerProxy.java:lambda$start$3(299)) - 37126020-3da7-4e98-a0e1-da03830467e3: start RPC server
2019-11-14 00:39:36,820 [Datanode State Machine Thread - 0] INFO  server.GrpcService (GrpcService.java:startImpl(158)) - 37126020-3da7-4e98-a0e1-da03830467e3: GrpcService started, listening on 0.0.0.0/0.0.0.0:41443
2019-11-14 00:39:36,820 [Datanode State Machine Thread - 0] INFO  ratis.XceiverServerRatis (XceiverServerRatis.java:start(431)) - XceiverServerRatis 37126020-3da7-4e98-a0e1-da03830467e3 is started using port 41443
2019-11-14 00:39:36,820 [Datanode State Machine Thread - 0] INFO  server.XceiverServerGrpc (XceiverServerGrpc.java:start(145)) - XceiverServerGrpc 37126020-3da7-4e98-a0e1-da03830467e3 is started using port 38547
2019-11-14 00:39:36,869 [Datanode State Machine Thread - 0] INFO  ozoneimpl.OzoneContainer (OzoneContainer.java:start(230)) - Attempting to start container services.
2019-11-14 00:39:36,869 [Datanode State Machine Thread - 0] INFO  ozoneimpl.OzoneContainer (OzoneContainer.java:startContainerScrub(194)) - Background container scanner has been disabled.
2019-11-14 00:39:36,869 [Datanode State Machine Thread - 0] INFO  ratis.XceiverServerRatis (XceiverServerRatis.java:start(421)) - Starting XceiverServerRatis dabbec34-9112-49d4-9f2a-1cc38e957548 at port 0
2019-11-14 00:39:36,877 [Datanode State Machine Thread - 0] INFO  impl.RaftServerProxy (RaftServerProxy.java:lambda$start$3(299)) - dabbec34-9112-49d4-9f2a-1cc38e957548: start RPC server
2019-11-14 00:39:36,878 [Datanode State Machine Thread - 0] INFO  server.GrpcService (GrpcService.java:startImpl(158)) - dabbec34-9112-49d4-9f2a-1cc38e957548: GrpcService started, listening on 0.0.0.0/0.0.0.0:32788
2019-11-14 00:39:36,878 [Datanode State Machine Thread - 0] INFO  ratis.XceiverServerRatis (XceiverServerRatis.java:start(431)) - XceiverServerRatis dabbec34-9112-49d4-9f2a-1cc38e957548 is started using port 32788
2019-11-14 00:39:36,878 [Datanode State Machine Thread - 0] INFO  server.XceiverServerGrpc (XceiverServerGrpc.java:start(145)) - XceiverServerGrpc dabbec34-9112-49d4-9f2a-1cc38e957548 is started using port 35578
2019-11-14 00:39:36,931 [Datanode State Machine Thread - 0] INFO  ozoneimpl.OzoneContainer (OzoneContainer.java:start(230)) - Attempting to start container services.
2019-11-14 00:39:36,931 [Datanode State Machine Thread - 0] INFO  ozoneimpl.OzoneContainer (OzoneContainer.java:startContainerScrub(194)) - Background container scanner has been disabled.
2019-11-14 00:39:36,931 [Datanode State Machine Thread - 0] INFO  ratis.XceiverServerRatis (XceiverServerRatis.java:start(421)) - Starting XceiverServerRatis f3a6f38f-08d4-4a6a-b30b-ec54e2e520c3 at port 0
2019-11-14 00:39:36,939 [Datanode State Machine Thread - 0] INFO  impl.RaftServerProxy (RaftServerProxy.java:lambda$start$3(299)) - f3a6f38f-08d4-4a6a-b30b-ec54e2e520c3: start RPC server
2019-11-14 00:39:36,939 [Datanode State Machine Thread - 0] INFO  server.GrpcService (GrpcService.java:startImpl(158)) - f3a6f38f-08d4-4a6a-b30b-ec54e2e520c3: GrpcService started, listening on 0.0.0.0/0.0.0.0:38828
2019-11-14 00:39:36,939 [Datanode State Machine Thread - 0] INFO  ratis.XceiverServerRatis (XceiverServerRatis.java:start(431)) - XceiverServerRatis f3a6f38f-08d4-4a6a-b30b-ec54e2e520c3 is started using port 38828
2019-11-14 00:39:36,940 [Datanode State Machine Thread - 0] INFO  server.XceiverServerGrpc (XceiverServerGrpc.java:start(145)) - XceiverServerGrpc f3a6f38f-08d4-4a6a-b30b-ec54e2e520c3 is started using port 35006
2019-11-14 00:39:36,999 [Datanode State Machine Thread - 0] INFO  ozoneimpl.OzoneContainer (OzoneContainer.java:start(230)) - Attempting to start container services.
2019-11-14 00:39:37,000 [Datanode State Machine Thread - 0] INFO  ozoneimpl.OzoneContainer (OzoneContainer.java:startContainerScrub(194)) - Background container scanner has been disabled.
2019-11-14 00:39:37,000 [Datanode State Machine Thread - 0] INFO  ratis.XceiverServerRatis (XceiverServerRatis.java:start(421)) - Starting XceiverServerRatis 91297bf6-d797-4b12-9aab-de0c4610252f at port 0
2019-11-14 00:39:37,008 [Datanode State Machine Thread - 0] INFO  impl.RaftServerProxy (RaftServerProxy.java:lambda$start$3(299)) - 91297bf6-d797-4b12-9aab-de0c4610252f: start RPC server
2019-11-14 00:39:37,008 [Datanode State Machine Thread - 0] INFO  server.GrpcService (GrpcService.java:startImpl(158)) - 91297bf6-d797-4b12-9aab-de0c4610252f: GrpcService started, listening on 0.0.0.0/0.0.0.0:35231
2019-11-14 00:39:37,009 [Datanode State Machine Thread - 0] INFO  ratis.XceiverServerRatis (XceiverServerRatis.java:start(431)) - XceiverServerRatis 91297bf6-d797-4b12-9aab-de0c4610252f is started using port 35231
2019-11-14 00:39:37,009 [Datanode State Machine Thread - 0] INFO  server.XceiverServerGrpc (XceiverServerGrpc.java:start(145)) - XceiverServerGrpc 91297bf6-d797-4b12-9aab-de0c4610252f is started using port 35768
2019-11-14 00:39:37,064 [Datanode State Machine Thread - 0] INFO  ozoneimpl.OzoneContainer (OzoneContainer.java:start(230)) - Attempting to start container services.
2019-11-14 00:39:37,064 [Datanode State Machine Thread - 0] INFO  ozoneimpl.OzoneContainer (OzoneContainer.java:startContainerScrub(194)) - Background container scanner has been disabled.
2019-11-14 00:39:37,064 [Datanode State Machine Thread - 0] INFO  ratis.XceiverServerRatis (XceiverServerRatis.java:start(421)) - Starting XceiverServerRatis cd0a212a-ef86-44b1-8f77-22d0bd8fbd35 at port 0
2019-11-14 00:39:37,070 [Datanode State Machine Thread - 0] INFO  impl.RaftServerProxy (RaftServerProxy.java:lambda$start$3(299)) - cd0a212a-ef86-44b1-8f77-22d0bd8fbd35: start RPC server
2019-11-14 00:39:37,070 [Datanode State Machine Thread - 0] INFO  server.GrpcService (GrpcService.java:startImpl(158)) - cd0a212a-ef86-44b1-8f77-22d0bd8fbd35: GrpcService started, listening on 0.0.0.0/0.0.0.0:38897
2019-11-14 00:39:37,070 [Datanode State Machine Thread - 0] INFO  ratis.XceiverServerRatis (XceiverServerRatis.java:start(431)) - XceiverServerRatis cd0a212a-ef86-44b1-8f77-22d0bd8fbd35 is started using port 38897
2019-11-14 00:39:37,071 [Datanode State Machine Thread - 0] INFO  server.XceiverServerGrpc (XceiverServerGrpc.java:start(145)) - XceiverServerGrpc cd0a212a-ef86-44b1-8f77-22d0bd8fbd35 is started using port 37975
2019-11-14 00:39:37,119 [main] INFO  ozone.MiniOzoneClusterImpl (MiniOzoneClusterImpl.java:lambda$waitForClusterToBeReady$2(171)) - Waiting for cluster to be ready. Got 0 of 10 DN Heartbeats.
2019-11-14 00:39:37,134 [Datanode State Machine Thread - 0] INFO  ozoneimpl.OzoneContainer (OzoneContainer.java:start(230)) - Attempting to start container services.
2019-11-14 00:39:37,134 [Datanode State Machine Thread - 0] INFO  ozoneimpl.OzoneContainer (OzoneContainer.java:startContainerScrub(194)) - Background container scanner has been disabled.
2019-11-14 00:39:37,134 [Datanode State Machine Thread - 0] INFO  ratis.XceiverServerRatis (XceiverServerRatis.java:start(421)) - Starting XceiverServerRatis c5cc448d-8877-4f4e-8c4b-54f6ffcbe1c1 at port 0
2019-11-14 00:39:37,140 [Datanode State Machine Thread - 0] INFO  impl.RaftServerProxy (RaftServerProxy.java:lambda$start$3(299)) - c5cc448d-8877-4f4e-8c4b-54f6ffcbe1c1: start RPC server
2019-11-14 00:39:37,140 [Datanode State Machine Thread - 0] INFO  server.GrpcService (GrpcService.java:startImpl(158)) - c5cc448d-8877-4f4e-8c4b-54f6ffcbe1c1: GrpcService started, listening on 0.0.0.0/0.0.0.0:35731
2019-11-14 00:39:37,140 [Datanode State Machine Thread - 0] INFO  ratis.XceiverServerRatis (XceiverServerRatis.java:start(431)) - XceiverServerRatis c5cc448d-8877-4f4e-8c4b-54f6ffcbe1c1 is started using port 35731
2019-11-14 00:39:37,154 [Datanode State Machine Thread - 0] INFO  server.XceiverServerGrpc (XceiverServerGrpc.java:start(145)) - XceiverServerGrpc c5cc448d-8877-4f4e-8c4b-54f6ffcbe1c1 is started using port 37983
2019-11-14 00:39:38,120 [main] INFO  ozone.MiniOzoneClusterImpl (MiniOzoneClusterImpl.java:lambda$waitForClusterToBeReady$2(171)) - Waiting for cluster to be ready. Got 0 of 10 DN Heartbeats.
2019-11-14 00:39:38,549 [IPC Server handler 5 on 38866] INFO  net.NetworkTopology (NetworkTopologyImpl.java:add(111)) - Added a new node: /rack1/4c0227a7-61cb-4c13-bcf3-e9ab107c9374
2019-11-14 00:39:38,551 [IPC Server handler 5 on 38866] INFO  node.SCMNodeManager (SCMNodeManager.java:register(267)) - Registered Data node : 4c0227a7-61cb-4c13-bcf3-e9ab107c9374{ip: 192.168.34.25, host: pr-hdds-2474-ghsjm-2904119463, networkLocation: /rack1, certSerialId: null}
2019-11-14 00:39:38,552 [EventQueue-NodeRegistrationContainerReportForDataNodeSafeModeRule] INFO  safemode.SCMSafeModeManager (DataNodeSafeModeRule.java:process(71)) - SCM in safe mode. 1 DataNodes registered, 1 required.
2019-11-14 00:39:38,553 [EventQueue-NodeRegistrationContainerReportForDataNodeSafeModeRule] INFO  safemode.SCMSafeModeManager (SCMSafeModeManager.java:validateSafeModeExitRules(177)) - ScmSafeModeManager, all rules are successfully validated
2019-11-14 00:39:38,553 [EventQueue-NodeRegistrationContainerReportForDataNodeSafeModeRule] INFO  safemode.SCMSafeModeManager (SCMSafeModeManager.java:exitSafeMode(193)) - SCM exiting safe mode.
2019-11-14 00:39:38,571 [grpc-default-executor-6] INFO  impl.RaftServerProxy (RaftServerProxy.java:addNew(89)) - 4c0227a7-61cb-4c13-bcf3-e9ab107c9374: addNew group-7C37095D5FCF:[4c0227a7-61cb-4c13-bcf3-e9ab107c9374:192.168.34.25:39301] returns group-7C37095D5FCF:java.util.concurrent.CompletableFuture@1a60b9f9[Not completed]
2019-11-14 00:39:38,572 [pool-510-thread-1] INFO  impl.RaftServerImpl (RaftServerImpl.java:<init>(98)) - 4c0227a7-61cb-4c13-bcf3-e9ab107c9374: new RaftServerImpl for group-7C37095D5FCF:[4c0227a7-61cb-4c13-bcf3-e9ab107c9374:192.168.34.25:39301] with ContainerStateMachine:uninitialized
2019-11-14 00:39:38,573 [pool-510-thread-1] INFO  server.RaftServerConfigKeys (ConfUtils.java:logGet(43)) - raft.server.rpc.timeout.min = 1s (custom)
2019-11-14 00:39:38,573 [pool-510-thread-1] INFO  server.RaftServerConfigKeys (ConfUtils.java:logGet(43)) - raft.server.rpc.timeout.max = 1200ms (custom)
2019-11-14 00:39:38,573 [pool-510-thread-1] INFO  server.RaftServerConfigKeys (ConfUtils.java:logGet(43)) - raft.server.rpcslowness.timeout = 120s (custom)
2019-11-14 00:39:38,573 [pool-510-thread-1] INFO  server.RaftServerConfigKeys (ConfUtils.java:logGet(43)) - raft.server.sleep.deviation.threshold = 300 (default)
2019-11-14 00:39:38,573 [pool-510-thread-1] INFO  server.RaftServerConfigKeys (ConfUtils.java:logGet(43)) - raft.server.log.appender.install.snapshot.enabled = false (custom)
2019-11-14 00:39:38,573 [pool-510-thread-1] INFO  impl.RaftServerImpl (ServerState.java:<init>(103)) - 4c0227a7-61cb-4c13-bcf3-e9ab107c9374@group-7C37095D5FCF: ConfigurationManager, init=-1: [4c0227a7-61cb-4c13-bcf3-e9ab107c9374:192.168.34.25:39301], old=null, confs=<EMPTY_MAP>
2019-11-14 00:39:38,573 [pool-510-thread-1] INFO  server.RaftServerConfigKeys (ConfUtils.java:logGet(43)) - raft.server.storage.dir = [/workdir/hadoop-ozone/integration-test/target/test-dir/MiniOzoneClusterImpl-f0c02ddf-6665-4004-91fc-64de6051483a/datanode-0/data/ratis] (custom)
2019-11-14 00:39:38,574 [pool-510-thread-1] INFO  server.RaftServerConfigKeys (ConfUtils.java:logGet(43)) - raft.server.log.corruption.policy = EXCEPTION (default)
2019-11-14 00:39:38,574 [pool-510-thread-1] INFO  storage.RaftStorageDirectory (RaftStorageDirectory.java:analyzeStorage(246)) - The storage directory /workdir/hadoop-ozone/integration-test/target/test-dir/MiniOzoneClusterImpl-f0c02ddf-6665-4004-91fc-64de6051483a/datanode-0/data/ratis/2111cd01-ea50-470f-a768-7c37095d5fcf does not exist. Creating ...
2019-11-14 00:39:38,588 [pool-510-thread-1] INFO  storage.RaftStorageDirectory (RaftStorageDirectory.java:tryLock(328)) - Lock on /workdir/hadoop-ozone/integration-test/target/test-dir/MiniOzoneClusterImpl-f0c02ddf-6665-4004-91fc-64de6051483a/datanode-0/data/ratis/2111cd01-ea50-470f-a768-7c37095d5fcf/in_use.lock acquired by nodename 12001@pr-hdds-2474-ghsjm-2904119463
2019-11-14 00:39:38,601 [pool-510-thread-1] INFO  storage.RaftStorage (RaftStorage.java:format(84)) - Storage directory /workdir/hadoop-ozone/integration-test/target/test-dir/MiniOzoneClusterImpl-f0c02ddf-6665-4004-91fc-64de6051483a/datanode-0/data/ratis/2111cd01-ea50-470f-a768-7c37095d5fcf has been successfully formatted.
2019-11-14 00:39:38,601 [pool-510-thread-1] INFO  ratis.ContainerStateMachine (ContainerStateMachine.java:loadSnapshot(223)) - group-7C37095D5FCF: The snapshot info is null. Setting the last applied indexto:(t:0, i:~)
2019-11-14 00:39:38,602 [pool-510-thread-1] INFO  server.RaftServerConfigKeys (ConfUtils.java:logGet(43)) - raft.server.notification.no-leader.timeout = 120s (custom)
2019-11-14 00:39:38,602 [pool-510-thread-1] INFO  server.RaftServerConfigKeys (ConfUtils.java:logGet(43)) - raft.server.log.use.memory = false (default)
2019-11-14 00:39:38,602 [pool-510-thread-1] INFO  server.RaftServerConfigKeys (ConfUtils.java:logGet(43)) - raft.server.log.purge.gap = 1000000 (custom)
2019-11-14 00:39:38,602 [pool-510-thread-1] INFO  server.RaftServerConfigKeys (ConfUtils.java:logGet(43)) - raft.server.log.appender.buffer.byte-limit = 33554432 (custom)
2019-11-14 00:39:38,602 [pool-510-thread-1] INFO  server.RaftServerConfigKeys (ConfUtils.java:logGet(43)) - raft.server.log.segment.size.max = 1048576 (custom)
2019-11-14 00:39:38,602 [pool-510-thread-1] WARN  impl.MetricRegistriesImpl (MetricRegistriesImpl.java:lambda$create$1(61)) - First MetricRegistry has been created without registering reporters. You may need to call MetricRegistries.global().addReportRegistration(...) before.
2019-11-14 00:39:38,602 [pool-510-thread-1] INFO  server.RaftServerConfigKeys (ConfUtils.java:logGet(43)) - raft.server.log.segment.cache.num.max = 2 (custom)
2019-11-14 00:39:38,603 [pool-510-thread-1] INFO  segmented.SegmentedRaftLogWorker (SegmentedRaftLogWorker.java:<init>(173)) - new 4c0227a7-61cb-4c13-bcf3-e9ab107c9374@group-7C37095D5FCF-SegmentedRaftLogWorker for RaftStorage:Storage Directory /workdir/hadoop-ozone/integration-test/target/test-dir/MiniOzoneClusterImpl-f0c02ddf-6665-4004-91fc-64de6051483a/datanode-0/data/ratis/2111cd01-ea50-470f-a768-7c37095d5fcf
2019-11-14 00:39:38,603 [pool-510-thread-1] INFO  server.RaftServerConfigKeys (ConfUtils.java:logGet(43)) - raft.server.log.queue.byte-limit = 2147483647 (custom)
2019-11-14 00:39:38,603 [pool-510-thread-1] INFO  server.RaftServerConfigKeys (ConfUtils.java:logGet(43)) - raft.server.log.queue.element-limit = 1024 (custom)
2019-11-14 00:39:38,603 [pool-510-thread-1] INFO  server.RaftServerConfigKeys (ConfUtils.java:logGet(43)) - raft.server.log.segment.size.max = 1048576 (custom)
2019-11-14 00:39:38,603 [pool-510-thread-1] INFO  server.RaftServerConfigKeys (ConfUtils.java:logGet(43)) - raft.server.log.preallocated.size = 16384 (custom)
2019-11-14 00:39:38,603 [pool-510-thread-1] INFO  server.RaftServerConfigKeys (ConfUtils.java:logGet(43)) - raft.server.log.write.buffer.size = 33554432 (custom)
2019-11-14 00:39:38,603 [pool-510-thread-1] INFO  server.RaftServerConfigKeys (ConfUtils.java:logGet(43)) - raft.server.log.force.sync.num = 128 (default)
2019-11-14 00:39:38,603 [pool-510-thread-1] INFO  server.RaftServerConfigKeys (ConfUtils.java:logGet(43)) - raft.server.log.statemachine.data.sync = true (default)
2019-11-14 00:39:38,603 [pool-510-thread-1] INFO  server.RaftServerConfigKeys (ConfUtils.java:logGet(43)) - raft.server.log.statemachine.data.sync.timeout = 10s (default)
2019-11-14 00:39:38,603 [pool-510-thread-1] INFO  server.RaftServerConfigKeys (ConfUtils.java:logGet(43)) - raft.server.log.statemachine.data.sync.timeout.retry = -1 (default)
2019-11-14 00:39:38,604 [pool-510-thread-1] INFO  server.RaftServerConfigKeys (ConfUtils.java:logGet(43)) - raft.server.log.statemachine.data.caching.enabled = true (custom)
2019-11-14 00:39:38,604 [pool-510-thread-1] INFO  segmented.SegmentedRaftLogWorker (SegmentedRaftLogWorker.java:lambda$new$0(128)) - 4c0227a7-61cb-4c13-bcf3-e9ab107c9374@group-7C37095D5FCF-SegmentedRaftLogWorker: flushIndex: setUnconditionally 0 -> -1
2019-11-14 00:39:38,604 [pool-510-thread-1] INFO  server.RaftServerConfigKeys (ConfUtils.java:logGet(43)) - raft.server.snapshot.auto.trigger.enabled = true (custom)
2019-11-14 00:39:38,605 [pool-510-thread-1] INFO  server.RaftServerConfigKeys (ConfUtils.java:logGet(43)) - raft.server.snapshot.auto.trigger.threshold = 10000 (custom)
2019-11-14 00:39:38,605 [pool-510-thread-1] INFO  server.RaftServerConfigKeys (ConfUtils.java:logGet(43)) - raft.server.snapshot.retention.file.num = 5 (custom)
2019-11-14 00:39:38,605 [pool-510-thread-1] INFO  server.RaftServerConfigKeys (ConfUtils.java:logGet(43)) - raft.server.retrycache.expirytime = 600000ms (custom)
2019-11-14 00:39:38,605 [pool-510-thread-1] WARN  impl.MetricRegistriesImpl (MetricRegistriesImpl.java:lambda$create$1(61)) - First MetricRegistry has been created without registering reporters. You may need to call MetricRegistries.global().addReportRegistration(...) before.
2019-11-14 00:39:38,605 [IPC Server handler 7 on 38866] INFO  net.NetworkTopology (NetworkTopologyImpl.java:add(111)) - Added a new node: /rack1/2f70a07d-1e84-46bf-8533-fdd294c919e1
2019-11-14 00:39:38,605 [pool-510-thread-1] WARN  impl.MetricRegistriesImpl (MetricRegistriesImpl.java:lambda$create$1(61)) - First MetricRegistry has been created without registering reporters. You may need to call MetricRegistries.global().addReportRegistration(...) before.
2019-11-14 00:39:38,605 [IPC Server handler 7 on 38866] INFO  node.SCMNodeManager (SCMNodeManager.java:register(267)) - Registered Data node : 2f70a07d-1e84-46bf-8533-fdd294c919e1{ip: 192.168.34.25, host: pr-hdds-2474-ghsjm-2904119463, networkLocation: /rack1, certSerialId: null}
2019-11-14 00:39:38,605 [pool-510-thread-1] INFO  impl.RaftServerImpl (RaftServerImpl.java:start(184)) - 4c0227a7-61cb-4c13-bcf3-e9ab107c9374@group-7C37095D5FCF: start as a follower, conf=-1: [4c0227a7-61cb-4c13-bcf3-e9ab107c9374:192.168.34.25:39301], old=null
2019-11-14 00:39:38,606 [pool-510-thread-1] INFO  impl.RaftServerImpl (RaftServerImpl.java:setRole(173)) - 4c0227a7-61cb-4c13-bcf3-e9ab107c9374@group-7C37095D5FCF: changes role from      null to FOLLOWER at term 0 for startAsFollower
2019-11-14 00:39:38,606 [pool-510-thread-1] INFO  impl.RoleInfo (RoleInfo.java:updateAndGet(143)) - 4c0227a7-61cb-4c13-bcf3-e9ab107c9374: start FollowerState
2019-11-14 00:39:38,606 [pool-510-thread-1] INFO  util.JmxRegister (JmxRegister.java:tryRegister(44)) - Successfully registered JMX Bean with object name Ratis:service=RaftServer,group=group-7C37095D5FCF,id=4c0227a7-61cb-4c13-bcf3-e9ab107c9374
2019-11-14 00:39:38,606 [pool-510-thread-1] WARN  impl.MetricRegistriesImpl (MetricRegistriesImpl.java:lambda$create$1(61)) - First MetricRegistry has been created without registering reporters. You may need to call MetricRegistries.global().addReportRegistration(...) before.
2019-11-14 00:39:38,609 [RatisPipelineUtilsThread] INFO  pipeline.PipelineStateManager (PipelineStateManager.java:addPipeline(55)) - Created pipeline Pipeline[ Id: 2111cd01-ea50-470f-a768-7c37095d5fcf, Nodes: 4c0227a7-61cb-4c13-bcf3-e9ab107c9374{ip: 192.168.34.25, host: pr-hdds-2474-ghsjm-2904119463, networkLocation: /rack1, certSerialId: null}, Type:RATIS, Factor:ONE, State:ALLOCATED]
2019-11-14 00:39:38,615 [grpc-default-executor-6] INFO  impl.RaftServerProxy (RaftServerProxy.java:addNew(89)) - 2f70a07d-1e84-46bf-8533-fdd294c919e1: addNew group-485940F82AA7:[2f70a07d-1e84-46bf-8533-fdd294c919e1:192.168.34.25:45658] returns group-485940F82AA7:java.util.concurrent.CompletableFuture@1a6f6656[Not completed]
2019-11-14 00:39:38,617 [pool-520-thread-1] INFO  impl.RaftServerImpl (RaftServerImpl.java:<init>(98)) - 2f70a07d-1e84-46bf-8533-fdd294c919e1: new RaftServerImpl for group-485940F82AA7:[2f70a07d-1e84-46bf-8533-fdd294c919e1:192.168.34.25:45658] with ContainerStateMachine:uninitialized
2019-11-14 00:39:38,617 [pool-520-thread-1] INFO  server.RaftServerConfigKeys (ConfUtils.java:logGet(43)) - raft.server.rpc.timeout.min = 1s (custom)
2019-11-14 00:39:38,617 [pool-520-thread-1] INFO  server.RaftServerConfigKeys (ConfUtils.java:logGet(43)) - raft.server.rpc.timeout.max = 1200ms (custom)
2019-11-14 00:39:38,617 [pool-520-thread-1] INFO  server.RaftServerConfigKeys (ConfUtils.java:logGet(43)) - raft.server.rpcslowness.timeout = 120s (custom)
2019-11-14 00:39:38,617 [pool-520-thread-1] INFO  server.RaftServerConfigKeys (ConfUtils.java:logGet(43)) - raft.server.sleep.deviation.threshold = 300 (default)
2019-11-14 00:39:38,617 [pool-520-thread-1] INFO  server.RaftServerConfigKeys (ConfUtils.java:logGet(43)) - raft.server.log.appender.install.snapshot.enabled = false (custom)
2019-11-14 00:39:38,617 [pool-520-thread-1] INFO  impl.RaftServerImpl (ServerState.java:<init>(103)) - 2f70a07d-1e84-46bf-8533-fdd294c919e1@group-485940F82AA7: ConfigurationManager, init=-1: [2f70a07d-1e84-46bf-8533-fdd294c919e1:192.168.34.25:45658], old=null, confs=<EMPTY_MAP>
2019-11-14 00:39:38,617 [pool-520-thread-1] INFO  server.RaftServerConfigKeys (ConfUtils.java:logGet(43)) - raft.server.storage.dir = [/workdir/hadoop-ozone/integration-test/target/test-dir/MiniOzoneClusterImpl-f0c02ddf-6665-4004-91fc-64de6051483a/datanode-1/data/ratis] (custom)
2019-11-14 00:39:38,618 [pool-520-thread-1] INFO  server.RaftServerConfigKeys (ConfUtils.java:logGet(43)) - raft.server.log.corruption.policy = EXCEPTION (default)
2019-11-14 00:39:38,618 [pool-520-thread-1] INFO  storage.RaftStorageDirectory (RaftStorageDirectory.java:analyzeStorage(246)) - The storage directory /workdir/hadoop-ozone/integration-test/target/test-dir/MiniOzoneClusterImpl-f0c02ddf-6665-4004-91fc-64de6051483a/datanode-1/data/ratis/b6f85c18-85a4-4389-b22e-485940f82aa7 does not exist. Creating ...
2019-11-14 00:39:38,631 [pool-520-thread-1] INFO  storage.RaftStorageDirectory (RaftStorageDirectory.java:tryLock(328)) - Lock on /workdir/hadoop-ozone/integration-test/target/test-dir/MiniOzoneClusterImpl-f0c02ddf-6665-4004-91fc-64de6051483a/datanode-1/data/ratis/b6f85c18-85a4-4389-b22e-485940f82aa7/in_use.lock acquired by nodename 12001@pr-hdds-2474-ghsjm-2904119463
2019-11-14 00:39:38,643 [pool-520-thread-1] INFO  storage.RaftStorage (RaftStorage.java:format(84)) - Storage directory /workdir/hadoop-ozone/integration-test/target/test-dir/MiniOzoneClusterImpl-f0c02ddf-6665-4004-91fc-64de6051483a/datanode-1/data/ratis/b6f85c18-85a4-4389-b22e-485940f82aa7 has been successfully formatted.
2019-11-14 00:39:38,644 [pool-520-thread-1] INFO  ratis.ContainerStateMachine (ContainerStateMachine.java:loadSnapshot(223)) - group-485940F82AA7: The snapshot info is null. Setting the last applied indexto:(t:0, i:~)
2019-11-14 00:39:38,644 [pool-520-thread-1] INFO  server.RaftServerConfigKeys (ConfUtils.java:logGet(43)) - raft.server.notification.no-leader.timeout = 120s (custom)
2019-11-14 00:39:38,644 [pool-520-thread-1] INFO  server.RaftServerConfigKeys (ConfUtils.java:logGet(43)) - raft.server.log.use.memory = false (default)
2019-11-14 00:39:38,644 [pool-520-thread-1] INFO  server.RaftServerConfigKeys (ConfUtils.java:logGet(43)) - raft.server.log.purge.gap = 1000000 (custom)
2019-11-14 00:39:38,644 [pool-520-thread-1] INFO  server.RaftServerConfigKeys (ConfUtils.java:logGet(43)) - raft.server.log.appender.buffer.byte-limit = 33554432 (custom)
2019-11-14 00:39:38,644 [pool-520-thread-1] INFO  server.RaftServerConfigKeys (ConfUtils.java:logGet(43)) - raft.server.log.segment.size.max = 1048576 (custom)
2019-11-14 00:39:38,644 [pool-520-thread-1] WARN  impl.MetricRegistriesImpl (MetricRegistriesImpl.java:lambda$create$1(61)) - First MetricRegistry has been created without registering reporters. You may need to call MetricRegistries.global().addReportRegistration(...) before.
2019-11-14 00:39:38,644 [pool-520-thread-1] INFO  server.RaftServerConfigKeys (ConfUtils.java:logGet(43)) - raft.server.log.segment.cache.num.max = 2 (custom)
2019-11-14 00:39:38,644 [pool-520-thread-1] INFO  segmented.SegmentedRaftLogWorker (SegmentedRaftLogWorker.java:<init>(173)) - new 2f70a07d-1e84-46bf-8533-fdd294c919e1@group-485940F82AA7-SegmentedRaftLogWorker for RaftStorage:Storage Directory /workdir/hadoop-ozone/integration-test/target/test-dir/MiniOzoneClusterImpl-f0c02ddf-6665-4004-91fc-64de6051483a/datanode-1/data/ratis/b6f85c18-85a4-4389-b22e-485940f82aa7
2019-11-14 00:39:38,645 [pool-520-thread-1] INFO  server.RaftServerConfigKeys (ConfUtils.java:logGet(43)) - raft.server.log.queue.byte-limit = 2147483647 (custom)
2019-11-14 00:39:38,645 [pool-520-thread-1] INFO  server.RaftServerConfigKeys (ConfUtils.java:logGet(43)) - raft.server.log.queue.element-limit = 1024 (custom)
2019-11-14 00:39:38,645 [pool-520-thread-1] INFO  server.RaftServerConfigKeys (ConfUtils.java:logGet(43)) - raft.server.log.segment.size.max = 1048576 (custom)
2019-11-14 00:39:38,645 [pool-520-thread-1] INFO  server.RaftServerConfigKeys (ConfUtils.java:logGet(43)) - raft.server.log.preallocated.size = 16384 (custom)
2019-11-14 00:39:38,645 [pool-520-thread-1] INFO  server.RaftServerConfigKeys (ConfUtils.java:logGet(43)) - raft.server.log.write.buffer.size = 33554432 (custom)
2019-11-14 00:39:38,645 [pool-520-thread-1] INFO  server.RaftServerConfigKeys (ConfUtils.java:logGet(43)) - raft.server.log.force.sync.num = 128 (default)
2019-11-14 00:39:38,645 [pool-520-thread-1] INFO  server.RaftServerConfigKeys (ConfUtils.java:logGet(43)) - raft.server.log.statemachine.data.sync = true (default)
2019-11-14 00:39:38,645 [pool-520-thread-1] INFO  server.RaftServerConfigKeys (ConfUtils.java:logGet(43)) - raft.server.log.statemachine.data.sync.timeout = 10s (default)
2019-11-14 00:39:38,645 [pool-520-thread-1] INFO  server.RaftServerConfigKeys (ConfUtils.java:logGet(43)) - raft.server.log.statemachine.data.sync.timeout.retry = -1 (default)
2019-11-14 00:39:38,645 [pool-520-thread-1] INFO  server.RaftServerConfigKeys (ConfUtils.java:logGet(43)) - raft.server.log.statemachine.data.caching.enabled = true (custom)
2019-11-14 00:39:38,646 [pool-520-thread-1] INFO  segmented.SegmentedRaftLogWorker (SegmentedRaftLogWorker.java:lambda$new$0(128)) - 2f70a07d-1e84-46bf-8533-fdd294c919e1@group-485940F82AA7-SegmentedRaftLogWorker: flushIndex: setUnconditionally 0 -> -1
2019-11-14 00:39:38,646 [pool-520-thread-1] INFO  server.RaftServerConfigKeys (ConfUtils.java:logGet(43)) - raft.server.snapshot.auto.trigger.enabled = true (custom)
2019-11-14 00:39:38,646 [pool-520-thread-1] INFO  server.RaftServerConfigKeys (ConfUtils.java:logGet(43)) - raft.server.snapshot.auto.trigger.threshold = 10000 (custom)
2019-11-14 00:39:38,646 [pool-520-thread-1] INFO  server.RaftServerConfigKeys (ConfUtils.java:logGet(43)) - raft.server.snapshot.retention.file.num = 5 (custom)
2019-11-14 00:39:38,646 [pool-520-thread-1] INFO  server.RaftServerConfigKeys (ConfUtils.java:logGet(43)) - raft.server.retrycache.expirytime = 600000ms (custom)
2019-11-14 00:39:38,646 [pool-520-thread-1] WARN  impl.MetricRegistriesImpl (MetricRegistriesImpl.java:lambda$create$1(61)) - First MetricRegistry has been created without registering reporters. You may need to call MetricRegistries.global().addReportRegistration(...) before.
2019-11-14 00:39:38,646 [pool-520-thread-1] WARN  impl.MetricRegistriesImpl (MetricRegistriesImpl.java:lambda$create$1(61)) - First MetricRegistry has been created without registering reporters. You may need to call MetricRegistries.global().addReportRegistration(...) before.
2019-11-14 00:39:38,647 [pool-520-thread-1] INFO  impl.RaftServerImpl (RaftServerImpl.java:start(184)) - 2f70a07d-1e84-46bf-8533-fdd294c919e1@group-485940F82AA7: start as a follower, conf=-1: [2f70a07d-1e84-46bf-8533-fdd294c919e1:192.168.34.25:45658], old=null
2019-11-14 00:39:38,647 [pool-520-thread-1] INFO  impl.RaftServerImpl (RaftServerImpl.java:setRole(173)) - 2f70a07d-1e84-46bf-8533-fdd294c919e1@group-485940F82AA7: changes role from      null to FOLLOWER at term 0 for startAsFollower
2019-11-14 00:39:38,647 [pool-520-thread-1] INFO  impl.RoleInfo (RoleInfo.java:updateAndGet(143)) - 2f70a07d-1e84-46bf-8533-fdd294c919e1: start FollowerState
2019-11-14 00:39:38,647 [pool-520-thread-1] INFO  util.JmxRegister (JmxRegister.java:tryRegister(44)) - Successfully registered JMX Bean with object name Ratis:service=RaftServer,group=group-485940F82AA7,id=2f70a07d-1e84-46bf-8533-fdd294c919e1
2019-11-14 00:39:38,647 [pool-520-thread-1] WARN  impl.MetricRegistriesImpl (MetricRegistriesImpl.java:lambda$create$1(61)) - First MetricRegistry has been created without registering reporters. You may need to call MetricRegistries.global().addReportRegistration(...) before.
2019-11-14 00:39:38,649 [RatisPipelineUtilsThread] INFO  pipeline.PipelineStateManager (PipelineStateManager.java:addPipeline(55)) - Created pipeline Pipeline[ Id: b6f85c18-85a4-4389-b22e-485940f82aa7, Nodes: 2f70a07d-1e84-46bf-8533-fdd294c919e1{ip: 192.168.34.25, host: pr-hdds-2474-ghsjm-2904119463, networkLocation: /rack1, certSerialId: null}, Type:RATIS, Factor:ONE, State:ALLOCATED]
2019-11-14 00:39:38,664 [IPC Server handler 0 on 38866] INFO  net.NetworkTopology (NetworkTopologyImpl.java:add(111)) - Added a new node: /rack1/536e24f7-ac60-4eb9-a985-13294793bd01
2019-11-14 00:39:38,664 [IPC Server handler 0 on 38866] INFO  node.SCMNodeManager (SCMNodeManager.java:register(267)) - Registered Data node : 536e24f7-ac60-4eb9-a985-13294793bd01{ip: 192.168.34.25, host: pr-hdds-2474-ghsjm-2904119463, networkLocation: /rack1, certSerialId: null}
2019-11-14 00:39:38,670 [grpc-default-executor-6] INFO  impl.RaftServerProxy (RaftServerProxy.java:addNew(89)) - 536e24f7-ac60-4eb9-a985-13294793bd01: addNew group-C82E8DEE4F3A:[536e24f7-ac60-4eb9-a985-13294793bd01:192.168.34.25:33623] returns group-C82E8DEE4F3A:java.util.concurrent.CompletableFuture@313103be[Not completed]
2019-11-14 00:39:38,670 [pool-530-thread-1] INFO  impl.RaftServerImpl (RaftServerImpl.java:<init>(98)) - 536e24f7-ac60-4eb9-a985-13294793bd01: new RaftServerImpl for group-C82E8DEE4F3A:[536e24f7-ac60-4eb9-a985-13294793bd01:192.168.34.25:33623] with ContainerStateMachine:uninitialized
2019-11-14 00:39:38,671 [pool-530-thread-1] INFO  server.RaftServerConfigKeys (ConfUtils.java:logGet(43)) - raft.server.rpc.timeout.min = 1s (custom)
2019-11-14 00:39:38,671 [pool-530-thread-1] INFO  server.RaftServerConfigKeys (ConfUtils.java:logGet(43)) - raft.server.rpc.timeout.max = 1200ms (custom)
2019-11-14 00:39:38,671 [pool-530-thread-1] INFO  server.RaftServerConfigKeys (ConfUtils.java:logGet(43)) - raft.server.rpcslowness.timeout = 120s (custom)
2019-11-14 00:39:38,671 [pool-530-thread-1] INFO  server.RaftServerConfigKeys (ConfUtils.java:logGet(43)) - raft.server.sleep.deviation.threshold = 300 (default)
2019-11-14 00:39:38,671 [pool-530-thread-1] INFO  server.RaftServerConfigKeys (ConfUtils.java:logGet(43)) - raft.server.log.appender.install.snapshot.enabled = false (custom)
2019-11-14 00:39:38,671 [pool-530-thread-1] INFO  impl.RaftServerImpl (ServerState.java:<init>(103)) - 536e24f7-ac60-4eb9-a985-13294793bd01@group-C82E8DEE4F3A: ConfigurationManager, init=-1: [536e24f7-ac60-4eb9-a985-13294793bd01:192.168.34.25:33623], old=null, confs=<EMPTY_MAP>
2019-11-14 00:39:38,671 [pool-530-thread-1] INFO  server.RaftServerConfigKeys (ConfUtils.java:logGet(43)) - raft.server.storage.dir = [/workdir/hadoop-ozone/integration-test/target/test-dir/MiniOzoneClusterImpl-f0c02ddf-6665-4004-91fc-64de6051483a/datanode-2/data/ratis] (custom)
2019-11-14 00:39:38,671 [pool-530-thread-1] INFO  server.RaftServerConfigKeys (ConfUtils.java:logGet(43)) - raft.server.log.corruption.policy = EXCEPTION (default)
2019-11-14 00:39:38,671 [pool-530-thread-1] INFO  storage.RaftStorageDirectory (RaftStorageDirectory.java:analyzeStorage(246)) - The storage directory /workdir/hadoop-ozone/integration-test/target/test-dir/MiniOzoneClusterImpl-f0c02ddf-6665-4004-91fc-64de6051483a/datanode-2/data/ratis/4d585e9c-d93f-4946-a113-c82e8dee4f3a does not exist. Creating ...
2019-11-14 00:39:38,684 [pool-530-thread-1] INFO  storage.RaftStorageDirectory (RaftStorageDirectory.java:tryLock(328)) - Lock on /workdir/hadoop-ozone/integration-test/target/test-dir/MiniOzoneClusterImpl-f0c02ddf-6665-4004-91fc-64de6051483a/datanode-2/data/ratis/4d585e9c-d93f-4946-a113-c82e8dee4f3a/in_use.lock acquired by nodename 12001@pr-hdds-2474-ghsjm-2904119463
2019-11-14 00:39:38,697 [pool-530-thread-1] INFO  storage.RaftStorage (RaftStorage.java:format(84)) - Storage directory /workdir/hadoop-ozone/integration-test/target/test-dir/MiniOzoneClusterImpl-f0c02ddf-6665-4004-91fc-64de6051483a/datanode-2/data/ratis/4d585e9c-d93f-4946-a113-c82e8dee4f3a has been successfully formatted.
2019-11-14 00:39:38,697 [pool-530-thread-1] INFO  ratis.ContainerStateMachine (ContainerStateMachine.java:loadSnapshot(223)) - group-C82E8DEE4F3A: The snapshot info is null. Setting the last applied indexto:(t:0, i:~)
2019-11-14 00:39:38,697 [pool-530-thread-1] INFO  server.RaftServerConfigKeys (ConfUtils.java:logGet(43)) - raft.server.notification.no-leader.timeout = 120s (custom)
2019-11-14 00:39:38,697 [pool-530-thread-1] INFO  server.RaftServerConfigKeys (ConfUtils.java:logGet(43)) - raft.server.log.use.memory = false (default)
2019-11-14 00:39:38,697 [pool-530-thread-1] INFO  server.RaftServerConfigKeys (ConfUtils.java:logGet(43)) - raft.server.log.purge.gap = 1000000 (custom)
2019-11-14 00:39:38,698 [pool-530-thread-1] INFO  server.RaftServerConfigKeys (ConfUtils.java:logGet(43)) - raft.server.log.appender.buffer.byte-limit = 33554432 (custom)
2019-11-14 00:39:38,698 [pool-530-thread-1] INFO  server.RaftServerConfigKeys (ConfUtils.java:logGet(43)) - raft.server.log.segment.size.max = 1048576 (custom)
2019-11-14 00:39:38,698 [pool-530-thread-1] WARN  impl.MetricRegistriesImpl (MetricRegistriesImpl.java:lambda$create$1(61)) - First MetricRegistry has been created without registering reporters. You may need to call MetricRegistries.global().addReportRegistration(...) before.
2019-11-14 00:39:38,698 [pool-530-thread-1] INFO  server.RaftServerConfigKeys (ConfUtils.java:logGet(43)) - raft.server.log.segment.cache.num.max = 2 (custom)
2019-11-14 00:39:38,698 [pool-530-thread-1] INFO  segmented.SegmentedRaftLogWorker (SegmentedRaftLogWorker.java:<init>(173)) - new 536e24f7-ac60-4eb9-a985-13294793bd01@group-C82E8DEE4F3A-SegmentedRaftLogWorker for RaftStorage:Storage Directory /workdir/hadoop-ozone/integration-test/target/test-dir/MiniOzoneClusterImpl-f0c02ddf-6665-4004-91fc-64de6051483a/datanode-2/data/ratis/4d585e9c-d93f-4946-a113-c82e8dee4f3a
2019-11-14 00:39:38,698 [pool-530-thread-1] INFO  server.RaftServerConfigKeys (ConfUtils.java:logGet(43)) - raft.server.log.queue.byte-limit = 2147483647 (custom)
2019-11-14 00:39:38,698 [pool-530-thread-1] INFO  server.RaftServerConfigKeys (ConfUtils.java:logGet(43)) - raft.server.log.queue.element-limit = 1024 (custom)
2019-11-14 00:39:38,698 [pool-530-thread-1] INFO  server.RaftServerConfigKeys (ConfUtils.java:logGet(43)) - raft.server.log.segment.size.max = 1048576 (custom)
2019-11-14 00:39:38,698 [pool-530-thread-1] INFO  server.RaftServerConfigKeys (ConfUtils.java:logGet(43)) - raft.server.log.preallocated.size = 16384 (custom)
2019-11-14 00:39:38,698 [pool-530-thread-1] INFO  server.RaftServerConfigKeys (ConfUtils.java:logGet(43)) - raft.server.log.write.buffer.size = 33554432 (custom)
2019-11-14 00:39:38,698 [pool-530-thread-1] INFO  server.RaftServerConfigKeys (ConfUtils.java:logGet(43)) - raft.server.log.force.sync.num = 128 (default)
2019-11-14 00:39:38,698 [pool-530-thread-1] INFO  server.RaftServerConfigKeys (ConfUtils.java:logGet(43)) - raft.server.log.statemachine.data.sync = true (default)
2019-11-14 00:39:38,698 [pool-530-thread-1] INFO  server.RaftServerConfigKeys (ConfUtils.java:logGet(43)) - raft.server.log.statemachine.data.sync.timeout = 10s (default)
2019-11-14 00:39:38,698 [pool-530-thread-1] INFO  server.RaftServerConfigKeys (ConfUtils.java:logGet(43)) - raft.server.log.statemachine.data.sync.timeout.retry = -1 (default)
2019-11-14 00:39:38,699 [pool-530-thread-1] INFO  server.RaftServerConfigKeys (ConfUtils.java:logGet(43)) - raft.server.log.statemachine.data.caching.enabled = true (custom)
2019-11-14 00:39:38,699 [pool-530-thread-1] INFO  segmented.SegmentedRaftLogWorker (SegmentedRaftLogWorker.java:lambda$new$0(128)) - 536e24f7-ac60-4eb9-a985-13294793bd01@group-C82E8DEE4F3A-SegmentedRaftLogWorker: flushIndex: setUnconditionally 0 -> -1
2019-11-14 00:39:38,699 [pool-530-thread-1] INFO  server.RaftServerConfigKeys (ConfUtils.java:logGet(43)) - raft.server.snapshot.auto.trigger.enabled = true (custom)
2019-11-14 00:39:38,699 [pool-530-thread-1] INFO  server.RaftServerConfigKeys (ConfUtils.java:logGet(43)) - raft.server.snapshot.auto.trigger.threshold = 10000 (custom)
2019-11-14 00:39:38,699 [pool-530-thread-1] INFO  server.RaftServerConfigKeys (ConfUtils.java:logGet(43)) - raft.server.snapshot.retention.file.num = 5 (custom)
2019-11-14 00:39:38,699 [pool-530-thread-1] INFO  server.RaftServerConfigKeys (ConfUtils.java:logGet(43)) - raft.server.retrycache.expirytime = 600000ms (custom)
2019-11-14 00:39:38,699 [pool-530-thread-1] WARN  impl.MetricRegistriesImpl (MetricRegistriesImpl.java:lambda$create$1(61)) - First MetricRegistry has been created without registering reporters. You may need to call MetricRegistries.global().addReportRegistration(...) before.
2019-11-14 00:39:38,699 [pool-530-thread-1] WARN  impl.MetricRegistriesImpl (MetricRegistriesImpl.java:lambda$create$1(61)) - First MetricRegistry has been created without registering reporters. You may need to call MetricRegistries.global().addReportRegistration(...) before.
2019-11-14 00:39:38,700 [pool-530-thread-1] INFO  impl.RaftServerImpl (RaftServerImpl.java:start(184)) - 536e24f7-ac60-4eb9-a985-13294793bd01@group-C82E8DEE4F3A: start as a follower, conf=-1: [536e24f7-ac60-4eb9-a985-13294793bd01:192.168.34.25:33623], old=null
2019-11-14 00:39:38,700 [pool-530-thread-1] INFO  impl.RaftServerImpl (RaftServerImpl.java:setRole(173)) - 536e24f7-ac60-4eb9-a985-13294793bd01@group-C82E8DEE4F3A: changes role from      null to FOLLOWER at term 0 for startAsFollower
2019-11-14 00:39:38,700 [pool-530-thread-1] INFO  impl.RoleInfo (RoleInfo.java:updateAndGet(143)) - 536e24f7-ac60-4eb9-a985-13294793bd01: start FollowerState
2019-11-14 00:39:38,700 [pool-530-thread-1] INFO  util.JmxRegister (JmxRegister.java:tryRegister(44)) - Successfully registered JMX Bean with object name Ratis:service=RaftServer,group=group-C82E8DEE4F3A,id=536e24f7-ac60-4eb9-a985-13294793bd01
2019-11-14 00:39:38,700 [pool-530-thread-1] WARN  impl.MetricRegistriesImpl (MetricRegistriesImpl.java:lambda$create$1(61)) - First MetricRegistry has been created without registering reporters. You may need to call MetricRegistries.global().addReportRegistration(...) before.
2019-11-14 00:39:38,702 [RatisPipelineUtilsThread] INFO  pipeline.PipelineStateManager (PipelineStateManager.java:addPipeline(55)) - Created pipeline Pipeline[ Id: 4d585e9c-d93f-4946-a113-c82e8dee4f3a, Nodes: 536e24f7-ac60-4eb9-a985-13294793bd01{ip: 192.168.34.25, host: pr-hdds-2474-ghsjm-2904119463, networkLocation: /rack1, certSerialId: null}, Type:RATIS, Factor:ONE, State:ALLOCATED]
2019-11-14 00:39:38,712 [grpc-default-executor-6] INFO  impl.RaftServerProxy (RaftServerProxy.java:addNew(89)) - 536e24f7-ac60-4eb9-a985-13294793bd01: addNew group-01541D9720D9:[536e24f7-ac60-4eb9-a985-13294793bd01:192.168.34.25:33623, 2f70a07d-1e84-46bf-8533-fdd294c919e1:192.168.34.25:45658, 4c0227a7-61cb-4c13-bcf3-e9ab107c9374:192.168.34.25:39301] returns group-01541D9720D9:java.util.concurrent.CompletableFuture@28f624a9[Not completed]
2019-11-14 00:39:38,712 [grpc-default-executor-7] INFO  impl.RaftServerProxy (RaftServerProxy.java:addNew(89)) - 4c0227a7-61cb-4c13-bcf3-e9ab107c9374: addNew group-01541D9720D9:[536e24f7-ac60-4eb9-a985-13294793bd01:192.168.34.25:33623, 2f70a07d-1e84-46bf-8533-fdd294c919e1:192.168.34.25:45658, 4c0227a7-61cb-4c13-bcf3-e9ab107c9374:192.168.34.25:39301] returns group-01541D9720D9:java.util.concurrent.CompletableFuture@4bede8de[Not completed]
2019-11-14 00:39:38,713 [grpc-default-executor-6] INFO  impl.RaftServerProxy (RaftServerProxy.java:addNew(89)) - 2f70a07d-1e84-46bf-8533-fdd294c919e1: addNew group-01541D9720D9:[536e24f7-ac60-4eb9-a985-13294793bd01:192.168.34.25:33623, 2f70a07d-1e84-46bf-8533-fdd294c919e1:192.168.34.25:45658, 4c0227a7-61cb-4c13-bcf3-e9ab107c9374:192.168.34.25:39301] returns group-01541D9720D9:java.util.concurrent.CompletableFuture@73749f96[Not completed]
2019-11-14 00:39:38,714 [pool-510-thread-1] INFO  impl.RaftServerImpl (RaftServerImpl.java:<init>(98)) - 4c0227a7-61cb-4c13-bcf3-e9ab107c9374: new RaftServerImpl for group-01541D9720D9:[536e24f7-ac60-4eb9-a985-13294793bd01:192.168.34.25:33623, 2f70a07d-1e84-46bf-8533-fdd294c919e1:192.168.34.25:45658, 4c0227a7-61cb-4c13-bcf3-e9ab107c9374:192.168.34.25:39301] with ContainerStateMachine:uninitialized
2019-11-14 00:39:38,714 [pool-510-thread-1] INFO  server.RaftServerConfigKeys (ConfUtils.java:logGet(43)) - raft.server.rpc.timeout.min = 1s (custom)
2019-11-14 00:39:38,714 [pool-510-thread-1] INFO  server.RaftServerConfigKeys (ConfUtils.java:logGet(43)) - raft.server.rpc.timeout.max = 1200ms (custom)
2019-11-14 00:39:38,714 [pool-510-thread-1] INFO  server.RaftServerConfigKeys (ConfUtils.java:logGet(43)) - raft.server.rpcslowness.timeout = 120s (custom)
2019-11-14 00:39:38,714 [pool-510-thread-1] INFO  server.RaftServerConfigKeys (ConfUtils.java:logGet(43)) - raft.server.sleep.deviation.threshold = 300 (default)
2019-11-14 00:39:38,714 [pool-510-thread-1] INFO  server.RaftServerConfigKeys (ConfUtils.java:logGet(43)) - raft.server.log.appender.install.snapshot.enabled = false (custom)
2019-11-14 00:39:38,714 [pool-510-thread-1] INFO  impl.RaftServerImpl (ServerState.java:<init>(103)) - 4c0227a7-61cb-4c13-bcf3-e9ab107c9374@group-01541D9720D9: ConfigurationManager, init=-1: [536e24f7-ac60-4eb9-a985-13294793bd01:192.168.34.25:33623, 2f70a07d-1e84-46bf-8533-fdd294c919e1:192.168.34.25:45658, 4c0227a7-61cb-4c13-bcf3-e9ab107c9374:192.168.34.25:39301], old=null, confs=<EMPTY_MAP>
2019-11-14 00:39:38,714 [pool-520-thread-1] INFO  impl.RaftServerImpl (RaftServerImpl.java:<init>(98)) - 2f70a07d-1e84-46bf-8533-fdd294c919e1: new RaftServerImpl for group-01541D9720D9:[536e24f7-ac60-4eb9-a985-13294793bd01:192.168.34.25:33623, 2f70a07d-1e84-46bf-8533-fdd294c919e1:192.168.34.25:45658, 4c0227a7-61cb-4c13-bcf3-e9ab107c9374:192.168.34.25:39301] with ContainerStateMachine:uninitialized
2019-11-14 00:39:38,714 [pool-510-thread-1] INFO  server.RaftServerConfigKeys (ConfUtils.java:logGet(43)) - raft.server.storage.dir = [/workdir/hadoop-ozone/integration-test/target/test-dir/MiniOzoneClusterImpl-f0c02ddf-6665-4004-91fc-64de6051483a/datanode-0/data/ratis] (custom)
2019-11-14 00:39:38,714 [pool-520-thread-1] INFO  server.RaftServerConfigKeys (ConfUtils.java:logGet(43)) - raft.server.rpc.timeout.min = 1s (custom)
2019-11-14 00:39:38,714 [pool-520-thread-1] INFO  server.RaftServerConfigKeys (ConfUtils.java:logGet(43)) - raft.server.rpc.timeout.max = 1200ms (custom)
2019-11-14 00:39:38,714 [pool-530-thread-1] INFO  impl.RaftServerImpl (RaftServerImpl.java:<init>(98)) - 536e24f7-ac60-4eb9-a985-13294793bd01: new RaftServerImpl for group-01541D9720D9:[536e24f7-ac60-4eb9-a985-13294793bd01:192.168.34.25:33623, 2f70a07d-1e84-46bf-8533-fdd294c919e1:192.168.34.25:45658, 4c0227a7-61cb-4c13-bcf3-e9ab107c9374:192.168.34.25:39301] with ContainerStateMachine:uninitialized
2019-11-14 00:39:38,714 [pool-510-thread-1] INFO  server.RaftServerConfigKeys (ConfUtils.java:logGet(43)) - raft.server.log.corruption.policy = EXCEPTION (default)
2019-11-14 00:39:38,715 [pool-530-thread-1] INFO  server.RaftServerConfigKeys (ConfUtils.java:logGet(43)) - raft.server.rpc.timeout.min = 1s (custom)
2019-11-14 00:39:38,714 [pool-520-thread-1] INFO  server.RaftServerConfigKeys (ConfUtils.java:logGet(43)) - raft.server.rpcslowness.timeout = 120s (custom)
2019-11-14 00:39:38,715 [pool-530-thread-1] INFO  server.RaftServerConfigKeys (ConfUtils.java:logGet(43)) - raft.server.rpc.timeout.max = 1200ms (custom)
2019-11-14 00:39:38,715 [pool-510-thread-1] INFO  storage.RaftStorageDirectory (RaftStorageDirectory.java:analyzeStorage(246)) - The storage directory /workdir/hadoop-ozone/integration-test/target/test-dir/MiniOzoneClusterImpl-f0c02ddf-6665-4004-91fc-64de6051483a/datanode-0/data/ratis/78cf7873-1e4b-4408-94c8-01541d9720d9 does not exist. Creating ...
2019-11-14 00:39:38,715 [pool-530-thread-1] INFO  server.RaftServerConfigKeys (ConfUtils.java:logGet(43)) - raft.server.rpcslowness.timeout = 120s (custom)
2019-11-14 00:39:38,715 [pool-520-thread-1] INFO  server.RaftServerConfigKeys (ConfUtils.java:logGet(43)) - raft.server.sleep.deviation.threshold = 300 (default)
2019-11-14 00:39:38,715 [pool-530-thread-1] INFO  server.RaftServerConfigKeys (ConfUtils.java:logGet(43)) - raft.server.sleep.deviation.threshold = 300 (default)
2019-11-14 00:39:38,715 [pool-520-thread-1] INFO  server.RaftServerConfigKeys (ConfUtils.java:logGet(43)) - raft.server.log.appender.install.snapshot.enabled = false (custom)
2019-11-14 00:39:38,715 [pool-530-thread-1] INFO  server.RaftServerConfigKeys (ConfUtils.java:logGet(43)) - raft.server.log.appender.install.snapshot.enabled = false (custom)
2019-11-14 00:39:38,715 [pool-520-thread-1] INFO  impl.RaftServerImpl (ServerState.java:<init>(103)) - 2f70a07d-1e84-46bf-8533-fdd294c919e1@group-01541D9720D9: ConfigurationManager, init=-1: [536e24f7-ac60-4eb9-a985-13294793bd01:192.168.34.25:33623, 2f70a07d-1e84-46bf-8533-fdd294c919e1:192.168.34.25:45658, 4c0227a7-61cb-4c13-bcf3-e9ab107c9374:192.168.34.25:39301], old=null, confs=<EMPTY_MAP>
2019-11-14 00:39:38,715 [pool-530-thread-1] INFO  impl.RaftServerImpl (ServerState.java:<init>(103)) - 536e24f7-ac60-4eb9-a985-13294793bd01@group-01541D9720D9: ConfigurationManager, init=-1: [536e24f7-ac60-4eb9-a985-13294793bd01:192.168.34.25:33623, 2f70a07d-1e84-46bf-8533-fdd294c919e1:192.168.34.25:45658, 4c0227a7-61cb-4c13-bcf3-e9ab107c9374:192.168.34.25:39301], old=null, confs=<EMPTY_MAP>
2019-11-14 00:39:38,715 [pool-520-thread-1] INFO  server.RaftServerConfigKeys (ConfUtils.java:logGet(43)) - raft.server.storage.dir = [/workdir/hadoop-ozone/integration-test/target/test-dir/MiniOzoneClusterImpl-f0c02ddf-6665-4004-91fc-64de6051483a/datanode-1/data/ratis] (custom)
2019-11-14 00:39:38,715 [pool-530-thread-1] INFO  server.RaftServerConfigKeys (ConfUtils.java:logGet(43)) - raft.server.storage.dir = [/workdir/hadoop-ozone/integration-test/target/test-dir/MiniOzoneClusterImpl-f0c02ddf-6665-4004-91fc-64de6051483a/datanode-2/data/ratis] (custom)
2019-11-14 00:39:38,716 [pool-520-thread-1] INFO  server.RaftServerConfigKeys (ConfUtils.java:logGet(43)) - raft.server.log.corruption.policy = EXCEPTION (default)
2019-11-14 00:39:38,716 [pool-530-thread-1] INFO  server.RaftServerConfigKeys (ConfUtils.java:logGet(43)) - raft.server.log.corruption.policy = EXCEPTION (default)
2019-11-14 00:39:38,716 [pool-520-thread-1] INFO  storage.RaftStorageDirectory (RaftStorageDirectory.java:analyzeStorage(246)) - The storage directory /workdir/hadoop-ozone/integration-test/target/test-dir/MiniOzoneClusterImpl-f0c02ddf-6665-4004-91fc-64de6051483a/datanode-1/data/ratis/78cf7873-1e4b-4408-94c8-01541d9720d9 does not exist. Creating ...
2019-11-14 00:39:38,716 [pool-530-thread-1] INFO  storage.RaftStorageDirectory (RaftStorageDirectory.java:analyzeStorage(246)) - The storage directory /workdir/hadoop-ozone/integration-test/target/test-dir/MiniOzoneClusterImpl-f0c02ddf-6665-4004-91fc-64de6051483a/datanode-2/data/ratis/78cf7873-1e4b-4408-94c8-01541d9720d9 does not exist. Creating ...
2019-11-14 00:39:38,728 [pool-530-thread-1] INFO  storage.RaftStorageDirectory (RaftStorageDirectory.java:tryLock(328)) - Lock on /workdir/hadoop-ozone/integration-test/target/test-dir/MiniOzoneClusterImpl-f0c02ddf-6665-4004-91fc-64de6051483a/datanode-2/data/ratis/78cf7873-1e4b-4408-94c8-01541d9720d9/in_use.lock acquired by nodename 12001@pr-hdds-2474-ghsjm-2904119463
2019-11-14 00:39:38,728 [pool-510-thread-1] INFO  storage.RaftStorageDirectory (RaftStorageDirectory.java:tryLock(328)) - Lock on /workdir/hadoop-ozone/integration-test/target/test-dir/MiniOzoneClusterImpl-f0c02ddf-6665-4004-91fc-64de6051483a/datanode-0/data/ratis/78cf7873-1e4b-4408-94c8-01541d9720d9/in_use.lock acquired by nodename 12001@pr-hdds-2474-ghsjm-2904119463
2019-11-14 00:39:38,728 [pool-520-thread-1] INFO  storage.RaftStorageDirectory (RaftStorageDirectory.java:tryLock(328)) - Lock on /workdir/hadoop-ozone/integration-test/target/test-dir/MiniOzoneClusterImpl-f0c02ddf-6665-4004-91fc-64de6051483a/datanode-1/data/ratis/78cf7873-1e4b-4408-94c8-01541d9720d9/in_use.lock acquired by nodename 12001@pr-hdds-2474-ghsjm-2904119463
2019-11-14 00:39:38,729 [IPC Server handler 4 on 38866] INFO  net.NetworkTopology (NetworkTopologyImpl.java:add(111)) - Added a new node: /rack1/cd356495-acb8-453f-96c5-8be3e7d4704d
2019-11-14 00:39:38,730 [IPC Server handler 4 on 38866] INFO  node.SCMNodeManager (SCMNodeManager.java:register(267)) - Registered Data node : cd356495-acb8-453f-96c5-8be3e7d4704d{ip: 192.168.34.25, host: pr-hdds-2474-ghsjm-2904119463, networkLocation: /rack1, certSerialId: null}
2019-11-14 00:39:38,742 [pool-530-thread-1] INFO  storage.RaftStorage (RaftStorage.java:format(84)) - Storage directory /workdir/hadoop-ozone/integration-test/target/test-dir/MiniOzoneClusterImpl-f0c02ddf-6665-4004-91fc-64de6051483a/datanode-2/data/ratis/78cf7873-1e4b-4408-94c8-01541d9720d9 has been successfully formatted.
2019-11-14 00:39:38,742 [pool-510-thread-1] INFO  storage.RaftStorage (RaftStorage.java:format(84)) - Storage directory /workdir/hadoop-ozone/integration-test/target/test-dir/MiniOzoneClusterImpl-f0c02ddf-6665-4004-91fc-64de6051483a/datanode-0/data/ratis/78cf7873-1e4b-4408-94c8-01541d9720d9 has been successfully formatted.
2019-11-14 00:39:38,742 [pool-520-thread-1] INFO  storage.RaftStorage (RaftStorage.java:format(84)) - Storage directory /workdir/hadoop-ozone/integration-test/target/test-dir/MiniOzoneClusterImpl-f0c02ddf-6665-4004-91fc-64de6051483a/datanode-1/data/ratis/78cf7873-1e4b-4408-94c8-01541d9720d9 has been successfully formatted.
2019-11-14 00:39:38,742 [pool-510-thread-1] INFO  ratis.ContainerStateMachine (ContainerStateMachine.java:loadSnapshot(223)) - group-01541D9720D9: The snapshot info is null. Setting the last applied indexto:(t:0, i:~)
2019-11-14 00:39:38,742 [pool-530-thread-1] INFO  ratis.ContainerStateMachine (ContainerStateMachine.java:loadSnapshot(223)) - group-01541D9720D9: The snapshot info is null. Setting the last applied indexto:(t:0, i:~)
2019-11-14 00:39:38,742 [pool-510-thread-1] INFO  server.RaftServerConfigKeys (ConfUtils.java:logGet(43)) - raft.server.notification.no-leader.timeout = 120s (custom)
2019-11-14 00:39:38,742 [pool-520-thread-1] INFO  ratis.ContainerStateMachine (ContainerStateMachine.java:loadSnapshot(223)) - group-01541D9720D9: The snapshot info is null. Setting the last applied indexto:(t:0, i:~)
2019-11-14 00:39:38,743 [pool-510-thread-1] INFO  server.RaftServerConfigKeys (ConfUtils.java:logGet(43)) - raft.server.log.use.memory = false (default)
2019-11-14 00:39:38,742 [pool-530-thread-1] INFO  server.RaftServerConfigKeys (ConfUtils.java:logGet(43)) - raft.server.notification.no-leader.timeout = 120s (custom)
2019-11-14 00:39:38,743 [pool-510-thread-1] INFO  server.RaftServerConfigKeys (ConfUtils.java:logGet(43)) - raft.server.log.purge.gap = 1000000 (custom)
2019-11-14 00:39:38,743 [pool-520-thread-1] INFO  server.RaftServerConfigKeys (ConfUtils.java:logGet(43)) - raft.server.notification.no-leader.timeout = 120s (custom)
2019-11-14 00:39:38,743 [pool-510-thread-1] INFO  server.RaftServerConfigKeys (ConfUtils.java:logGet(43)) - raft.server.log.appender.buffer.byte-limit = 33554432 (custom)
2019-11-14 00:39:38,743 [pool-530-thread-1] INFO  server.RaftServerConfigKeys (ConfUtils.java:logGet(43)) - raft.server.log.use.memory = false (default)
2019-11-14 00:39:38,743 [pool-510-thread-1] INFO  server.RaftServerConfigKeys (ConfUtils.java:logGet(43)) - raft.server.log.segment.size.max = 1048576 (custom)
2019-11-14 00:39:38,743 [pool-520-thread-1] INFO  server.RaftServerConfigKeys (ConfUtils.java:logGet(43)) - raft.server.log.use.memory = false (default)
2019-11-14 00:39:38,743 [pool-510-thread-1] INFO  server.RaftServerConfigKeys (ConfUtils.java:logGet(43)) - raft.server.log.segment.cache.num.max = 2 (custom)
2019-11-14 00:39:38,743 [pool-530-thread-1] INFO  server.RaftServerConfigKeys (ConfUtils.java:logGet(43)) - raft.server.log.purge.gap = 1000000 (custom)
2019-11-14 00:39:38,743 [pool-510-thread-1] INFO  segmented.SegmentedRaftLogWorker (SegmentedRaftLogWorker.java:<init>(173)) - new 4c0227a7-61cb-4c13-bcf3-e9ab107c9374@group-01541D9720D9-SegmentedRaftLogWorker for RaftStorage:Storage Directory /workdir/hadoop-ozone/integration-test/target/test-dir/MiniOzoneClusterImpl-f0c02ddf-6665-4004-91fc-64de6051483a/datanode-0/data/ratis/78cf7873-1e4b-4408-94c8-01541d9720d9
2019-11-14 00:39:38,743 [pool-520-thread-1] INFO  server.RaftServerConfigKeys (ConfUtils.java:logGet(43)) - raft.server.log.purge.gap = 1000000 (custom)
2019-11-14 00:39:38,743 [pool-510-thread-1] INFO  server.RaftServerConfigKeys (ConfUtils.java:logGet(43)) - raft.server.log.queue.byte-limit = 2147483647 (custom)
2019-11-14 00:39:38,743 [pool-530-thread-1] INFO  server.RaftServerConfigKeys (ConfUtils.java:logGet(43)) - raft.server.log.appender.buffer.byte-limit = 33554432 (custom)
2019-11-14 00:39:38,744 [pool-510-thread-1] INFO  server.RaftServerConfigKeys (ConfUtils.java:logGet(43)) - raft.server.log.queue.element-limit = 1024 (custom)
2019-11-14 00:39:38,743 [pool-520-thread-1] INFO  server.RaftServerConfigKeys (ConfUtils.java:logGet(43)) - raft.server.log.appender.buffer.byte-limit = 33554432 (custom)
2019-11-14 00:39:38,744 [pool-510-thread-1] INFO  server.RaftServerConfigKeys (ConfUtils.java:logGet(43)) - raft.server.log.segment.size.max = 1048576 (custom)
2019-11-14 00:39:38,744 [pool-530-thread-1] INFO  server.RaftServerConfigKeys (ConfUtils.java:logGet(43)) - raft.server.log.segment.size.max = 1048576 (custom)
2019-11-14 00:39:38,744 [pool-510-thread-1] INFO  server.RaftServerConfigKeys (ConfUtils.java:logGet(43)) - raft.server.log.preallocated.size = 16384 (custom)
2019-11-14 00:39:38,744 [pool-520-thread-1] INFO  server.RaftServerConfigKeys (ConfUtils.java:logGet(43)) - raft.server.log.segment.size.max = 1048576 (custom)
2019-11-14 00:39:38,744 [pool-510-thread-1] INFO  server.RaftServerConfigKeys (ConfUtils.java:logGet(43)) - raft.server.log.write.buffer.size = 33554432 (custom)
2019-11-14 00:39:38,744 [pool-530-thread-1] INFO  server.RaftServerConfigKeys (ConfUtils.java:logGet(43)) - raft.server.log.segment.cache.num.max = 2 (custom)
2019-11-14 00:39:38,744 [pool-510-thread-1] INFO  server.RaftServerConfigKeys (ConfUtils.java:logGet(43)) - raft.server.log.force.sync.num = 128 (default)
2019-11-14 00:39:38,744 [pool-520-thread-1] INFO  server.RaftServerConfigKeys (ConfUtils.java:logGet(43)) - raft.server.log.segment.cache.num.max = 2 (custom)
2019-11-14 00:39:38,744 [pool-510-thread-1] INFO  server.RaftServerConfigKeys (ConfUtils.java:logGet(43)) - raft.server.log.statemachine.data.sync = true (default)
2019-11-14 00:39:38,744 [pool-530-thread-1] INFO  segmented.SegmentedRaftLogWorker (SegmentedRaftLogWorker.java:<init>(173)) - new 536e24f7-ac60-4eb9-a985-13294793bd01@group-01541D9720D9-SegmentedRaftLogWorker for RaftStorage:Storage Directory /workdir/hadoop-ozone/integration-test/target/test-dir/MiniOzoneClusterImpl-f0c02ddf-6665-4004-91fc-64de6051483a/datanode-2/data/ratis/78cf7873-1e4b-4408-94c8-01541d9720d9
2019-11-14 00:39:38,744 [pool-510-thread-1] INFO  server.RaftServerConfigKeys (ConfUtils.java:logGet(43)) - raft.server.log.statemachine.data.sync.timeout = 10s (default)
2019-11-14 00:39:38,744 [pool-520-thread-1] INFO  segmented.SegmentedRaftLogWorker (SegmentedRaftLogWorker.java:<init>(173)) - new 2f70a07d-1e84-46bf-8533-fdd294c919e1@group-01541D9720D9-SegmentedRaftLogWorker for RaftStorage:Storage Directory /workdir/hadoop-ozone/integration-test/target/test-dir/MiniOzoneClusterImpl-f0c02ddf-6665-4004-91fc-64de6051483a/datanode-1/data/ratis/78cf7873-1e4b-4408-94c8-01541d9720d9
2019-11-14 00:39:38,745 [pool-510-thread-1] INFO  server.RaftServerConfigKeys (ConfUtils.java:logGet(43)) - raft.server.log.statemachine.data.sync.timeout.retry = -1 (default)
2019-11-14 00:39:38,744 [pool-530-thread-1] INFO  server.RaftServerConfigKeys (ConfUtils.java:logGet(43)) - raft.server.log.queue.byte-limit = 2147483647 (custom)
2019-11-14 00:39:38,745 [pool-510-thread-1] INFO  server.RaftServerConfigKeys (ConfUtils.java:logGet(43)) - raft.server.log.statemachine.data.caching.enabled = true (custom)
2019-11-14 00:39:38,745 [pool-520-thread-1] INFO  server.RaftServerConfigKeys (ConfUtils.java:logGet(43)) - raft.server.log.queue.byte-limit = 2147483647 (custom)
2019-11-14 00:39:38,745 [pool-530-thread-1] INFO  server.RaftServerConfigKeys (ConfUtils.java:logGet(43)) - raft.server.log.queue.element-limit = 1024 (custom)
2019-11-14 00:39:38,745 [pool-510-thread-1] INFO  segmented.SegmentedRaftLogWorker (SegmentedRaftLogWorker.java:lambda$new$0(128)) - 4c0227a7-61cb-4c13-bcf3-e9ab107c9374@group-01541D9720D9-SegmentedRaftLogWorker: flushIndex: setUnconditionally 0 -> -1
2019-11-14 00:39:38,745 [pool-520-thread-1] INFO  server.RaftServerConfigKeys (ConfUtils.java:logGet(43)) - raft.server.log.queue.element-limit = 1024 (custom)
2019-11-14 00:39:38,745 [pool-530-thread-1] INFO  server.RaftServerConfigKeys (ConfUtils.java:logGet(43)) - raft.server.log.segment.size.max = 1048576 (custom)
2019-11-14 00:39:38,745 [pool-520-thread-1] INFO  server.RaftServerConfigKeys (ConfUtils.java:logGet(43)) - raft.server.log.segment.size.max = 1048576 (custom)
2019-11-14 00:39:38,745 [pool-510-thread-1] INFO  server.RaftServerConfigKeys (ConfUtils.java:logGet(43)) - raft.server.snapshot.auto.trigger.enabled = true (custom)
2019-11-14 00:39:38,745 [pool-530-thread-1] INFO  server.RaftServerConfigKeys (ConfUtils.java:logGet(43)) - raft.server.log.preallocated.size = 16384 (custom)
2019-11-14 00:39:38,745 [pool-510-thread-1] INFO  server.RaftServerConfigKeys (ConfUtils.java:logGet(43)) - raft.server.snapshot.auto.trigger.threshold = 10000 (custom)
2019-11-14 00:39:38,745 [pool-520-thread-1] INFO  server.RaftServerConfigKeys (ConfUtils.java:logGet(43)) - raft.server.log.preallocated.size = 16384 (custom)
2019-11-14 00:39:38,745 [pool-510-thread-1] INFO  server.RaftServerConfigKeys (ConfUtils.java:logGet(43)) - raft.server.snapshot.retention.file.num = 5 (custom)
2019-11-14 00:39:38,745 [pool-530-thread-1] INFO  server.RaftServerConfigKeys (ConfUtils.java:logGet(43)) - raft.server.log.write.buffer.size = 33554432 (custom)
2019-11-14 00:39:38,746 [pool-510-thread-1] INFO  server.RaftServerConfigKeys (ConfUtils.java:logGet(43)) - raft.server.retrycache.expirytime = 600000ms (custom)
2019-11-14 00:39:38,746 [pool-520-thread-1] INFO  server.RaftServerConfigKeys (ConfUtils.java:logGet(43)) - raft.server.log.write.buffer.size = 33554432 (custom)
2019-11-14 00:39:38,746 [pool-510-thread-1] WARN  impl.MetricRegistriesImpl (MetricRegistriesImpl.java:lambda$create$1(61)) - First MetricRegistry has been created without registering reporters. You may need to call MetricRegistries.global().addReportRegistration(...) before.
2019-11-14 00:39:38,746 [pool-530-thread-1] INFO  server.RaftServerConfigKeys (ConfUtils.java:logGet(43)) - raft.server.log.force.sync.num = 128 (default)
2019-11-14 00:39:38,746 [pool-510-thread-1] WARN  impl.MetricRegistriesImpl (MetricRegistriesImpl.java:lambda$create$1(61)) - First MetricRegistry has been created without registering reporters. You may need to call MetricRegistries.global().addReportRegistration(...) before.
2019-11-14 00:39:38,746 [pool-520-thread-1] INFO  server.RaftServerConfigKeys (ConfUtils.java:logGet(43)) - raft.server.log.force.sync.num = 128 (default)
2019-11-14 00:39:38,746 [pool-510-thread-1] INFO  impl.RaftServerImpl (RaftServerImpl.java:start(184)) - 4c0227a7-61cb-4c13-bcf3-e9ab107c9374@group-01541D9720D9: start as a follower, conf=-1: [536e24f7-ac60-4eb9-a985-13294793bd01:192.168.34.25:33623, 2f70a07d-1e84-46bf-8533-fdd294c919e1:192.168.34.25:45658, 4c0227a7-61cb-4c13-bcf3-e9ab107c9374:192.168.34.25:39301], old=null
2019-11-14 00:39:38,746 [pool-530-thread-1] INFO  server.RaftServerConfigKeys (ConfUtils.java:logGet(43)) - raft.server.log.statemachine.data.sync = true (default)
2019-11-14 00:39:38,746 [pool-510-thread-1] INFO  impl.RaftServerImpl (RaftServerImpl.java:setRole(173)) - 4c0227a7-61cb-4c13-bcf3-e9ab107c9374@group-01541D9720D9: changes role from      null to FOLLOWER at term 0 for startAsFollower
2019-11-14 00:39:38,746 [pool-520-thread-1] INFO  server.RaftServerConfigKeys (ConfUtils.java:logGet(43)) - raft.server.log.statemachine.data.sync = true (default)
2019-11-14 00:39:38,746 [pool-510-thread-1] INFO  impl.RoleInfo (RoleInfo.java:updateAndGet(143)) - 4c0227a7-61cb-4c13-bcf3-e9ab107c9374: start FollowerState
2019-11-14 00:39:38,746 [pool-530-thread-1] INFO  server.RaftServerConfigKeys (ConfUtils.java:logGet(43)) - raft.server.log.statemachine.data.sync.timeout = 10s (default)
2019-11-14 00:39:38,746 [pool-520-thread-1] INFO  server.RaftServerConfigKeys (ConfUtils.java:logGet(43)) - raft.server.log.statemachine.data.sync.timeout = 10s (default)
2019-11-14 00:39:38,747 [pool-530-thread-1] INFO  server.RaftServerConfigKeys (ConfUtils.java:logGet(43)) - raft.server.log.statemachine.data.sync.timeout.retry = -1 (default)
2019-11-14 00:39:38,747 [pool-510-thread-1] INFO  util.JmxRegister (JmxRegister.java:tryRegister(44)) - Successfully registered JMX Bean with object name Ratis:service=RaftServer,group=group-01541D9720D9,id=4c0227a7-61cb-4c13-bcf3-e9ab107c9374
2019-11-14 00:39:38,747 [pool-520-thread-1] INFO  server.RaftServerConfigKeys (ConfUtils.java:logGet(43)) - raft.server.log.statemachine.data.sync.timeout.retry = -1 (default)
2019-11-14 00:39:38,747 [pool-510-thread-1] WARN  impl.MetricRegistriesImpl (MetricRegistriesImpl.java:lambda$create$1(61)) - First MetricRegistry has been created without registering reporters. You may need to call MetricRegistries.global().addReportRegistration(...) before.
2019-11-14 00:39:38,747 [pool-530-thread-1] INFO  server.RaftServerConfigKeys (ConfUtils.java:logGet(43)) - raft.server.log.statemachine.data.caching.enabled = true (custom)
2019-11-14 00:39:38,747 [pool-520-thread-1] INFO  server.RaftServerConfigKeys (ConfUtils.java:logGet(43)) - raft.server.log.statemachine.data.caching.enabled = true (custom)
2019-11-14 00:39:38,747 [pool-530-thread-1] INFO  segmented.SegmentedRaftLogWorker (SegmentedRaftLogWorker.java:lambda$new$0(128)) - 536e24f7-ac60-4eb9-a985-13294793bd01@group-01541D9720D9-SegmentedRaftLogWorker: flushIndex: setUnconditionally 0 -> -1
2019-11-14 00:39:38,747 [pool-520-thread-1] INFO  segmented.SegmentedRaftLogWorker (SegmentedRaftLogWorker.java:lambda$new$0(128)) - 2f70a07d-1e84-46bf-8533-fdd294c919e1@group-01541D9720D9-SegmentedRaftLogWorker: flushIndex: setUnconditionally 0 -> -1
2019-11-14 00:39:38,747 [pool-530-thread-1] INFO  server.RaftServerConfigKeys (ConfUtils.java:logGet(43)) - raft.server.snapshot.auto.trigger.enabled = true (custom)
2019-11-14 00:39:38,747 [pool-530-thread-1] INFO  server.RaftServerConfigKeys (ConfUtils.java:logGet(43)) - raft.server.snapshot.auto.trigger.threshold = 10000 (custom)
2019-11-14 00:39:38,748 [pool-520-thread-1] INFO  server.RaftServerConfigKeys (ConfUtils.java:logGet(43)) - raft.server.snapshot.auto.trigger.enabled = true (custom)
2019-11-14 00:39:38,748 [pool-530-thread-1] INFO  server.RaftServerConfigKeys (ConfUtils.java:logGet(43)) - raft.server.snapshot.retention.file.num = 5 (custom)
2019-11-14 00:39:38,748 [pool-520-thread-1] INFO  server.RaftServerConfigKeys (ConfUtils.java:logGet(43)) - raft.server.snapshot.auto.trigger.threshold = 10000 (custom)
2019-11-14 00:39:38,748 [pool-530-thread-1] INFO  server.RaftServerConfigKeys (ConfUtils.java:logGet(43)) - raft.server.retrycache.expirytime = 600000ms (custom)
2019-11-14 00:39:38,748 [pool-520-thread-1] INFO  server.RaftServerConfigKeys (ConfUtils.java:logGet(43)) - raft.server.snapshot.retention.file.num = 5 (custom)
2019-11-14 00:39:38,748 [pool-530-thread-1] WARN  impl.MetricRegistriesImpl (MetricRegistriesImpl.java:lambda$create$1(61)) - First MetricRegistry has been created without registering reporters. You may need to call MetricRegistries.global().addReportRegistration(...) before.
2019-11-14 00:39:38,748 [pool-520-thread-1] INFO  server.RaftServerConfigKeys (ConfUtils.java:logGet(43)) - raft.server.retrycache.expirytime = 600000ms (custom)
2019-11-14 00:39:38,748 [pool-530-thread-1] WARN  impl.MetricRegistriesImpl (MetricRegistriesImpl.java:lambda$create$1(61)) - First MetricRegistry has been created without registering reporters. You may need to call MetricRegistries.global().addReportRegistration(...) before.
2019-11-14 00:39:38,748 [pool-520-thread-1] WARN  impl.MetricRegistriesImpl (MetricRegistriesImpl.java:lambda$create$1(61)) - First MetricRegistry has been created without registering reporters. You may need to call MetricRegistries.global().addReportRegistration(...) before.
2019-11-14 00:39:38,748 [pool-530-thread-1] INFO  impl.RaftServerImpl (RaftServerImpl.java:start(184)) - 536e24f7-ac60-4eb9-a985-13294793bd01@group-01541D9720D9: start as a follower, conf=-1: [536e24f7-ac60-4eb9-a985-13294793bd01:192.168.34.25:33623, 2f70a07d-1e84-46bf-8533-fdd294c919e1:192.168.34.25:45658, 4c0227a7-61cb-4c13-bcf3-e9ab107c9374:192.168.34.25:39301], old=null
2019-11-14 00:39:38,748 [pool-520-thread-1] WARN  impl.MetricRegistriesImpl (MetricRegistriesImpl.java:lambda$create$1(61)) - First MetricRegistry has been created without registering reporters. You may need to call MetricRegistries.global().addReportRegistration(...) before.
2019-11-14 00:39:38,748 [pool-530-thread-1] INFO  impl.RaftServerImpl (RaftServerImpl.java:setRole(173)) - 536e24f7-ac60-4eb9-a985-13294793bd01@group-01541D9720D9: changes role from      null to FOLLOWER at term 0 for startAsFollower
2019-11-14 00:39:38,748 [pool-520-thread-1] INFO  impl.RaftServerImpl (RaftServerImpl.java:start(184)) - 2f70a07d-1e84-46bf-8533-fdd294c919e1@group-01541D9720D9: start as a follower, conf=-1: [536e24f7-ac60-4eb9-a985-13294793bd01:192.168.34.25:33623, 2f70a07d-1e84-46bf-8533-fdd294c919e1:192.168.34.25:45658, 4c0227a7-61cb-4c13-bcf3-e9ab107c9374:192.168.34.25:39301], old=null
2019-11-14 00:39:38,748 [pool-530-thread-1] INFO  impl.RoleInfo (RoleInfo.java:updateAndGet(143)) - 536e24f7-ac60-4eb9-a985-13294793bd01: start FollowerState
2019-11-14 00:39:38,749 [pool-520-thread-1] INFO  impl.RaftServerImpl (RaftServerImpl.java:setRole(173)) - 2f70a07d-1e84-46bf-8533-fdd294c919e1@group-01541D9720D9: changes role from      null to FOLLOWER at term 0 for startAsFollower
2019-11-14 00:39:38,749 [pool-520-thread-1] INFO  impl.RoleInfo (RoleInfo.java:updateAndGet(143)) - 2f70a07d-1e84-46bf-8533-fdd294c919e1: start FollowerState
2019-11-14 00:39:38,749 [pool-530-thread-1] INFO  util.JmxRegister (JmxRegister.java:tryRegister(44)) - Successfully registered JMX Bean with object name Ratis:service=RaftServer,group=group-01541D9720D9,id=536e24f7-ac60-4eb9-a985-13294793bd01
2019-11-14 00:39:38,749 [pool-530-thread-1] WARN  impl.MetricRegistriesImpl (MetricRegistriesImpl.java:lambda$create$1(61)) - First MetricRegistry has been created without registering reporters. You may need to call MetricRegistries.global().addReportRegistration(...) before.
2019-11-14 00:39:38,749 [pool-520-thread-1] INFO  util.JmxRegister (JmxRegister.java:tryRegister(44)) - Successfully registered JMX Bean with object name Ratis:service=RaftServer,group=group-01541D9720D9,id=2f70a07d-1e84-46bf-8533-fdd294c919e1
2019-11-14 00:39:38,749 [pool-520-thread-1] WARN  impl.MetricRegistriesImpl (MetricRegistriesImpl.java:lambda$create$1(61)) - First MetricRegistry has been created without registering reporters. You may need to call MetricRegistries.global().addReportRegistration(...) before.
2019-11-14 00:39:38,751 [RatisPipelineUtilsThread] INFO  pipeline.PipelineStateManager (PipelineStateManager.java:addPipeline(55)) - Created pipeline Pipeline[ Id: 78cf7873-1e4b-4408-94c8-01541d9720d9, Nodes: 4c0227a7-61cb-4c13-bcf3-e9ab107c9374{ip: 192.168.34.25, host: pr-hdds-2474-ghsjm-2904119463, networkLocation: /rack1, certSerialId: null}536e24f7-ac60-4eb9-a985-13294793bd01{ip: 192.168.34.25, host: pr-hdds-2474-ghsjm-2904119463, networkLocation: /rack1, certSerialId: null}2f70a07d-1e84-46bf-8533-fdd294c919e1{ip: 192.168.34.25, host: pr-hdds-2474-ghsjm-2904119463, networkLocation: /rack1, certSerialId: null}, Type:RATIS, Factor:THREE, State:ALLOCATED]
2019-11-14 00:39:38,796 [IPC Server handler 2 on 38866] INFO  net.NetworkTopology (NetworkTopologyImpl.java:add(111)) - Added a new node: /rack1/37126020-3da7-4e98-a0e1-da03830467e3
2019-11-14 00:39:38,796 [IPC Server handler 2 on 38866] INFO  node.SCMNodeManager (SCMNodeManager.java:register(267)) - Registered Data node : 37126020-3da7-4e98-a0e1-da03830467e3{ip: 192.168.34.25, host: pr-hdds-2474-ghsjm-2904119463, networkLocation: /rack1, certSerialId: null}
2019-11-14 00:39:38,803 [grpc-default-executor-6] INFO  impl.RaftServerProxy (RaftServerProxy.java:addNew(89)) - cd356495-acb8-453f-96c5-8be3e7d4704d: addNew group-FE0491BF36CE:[cd356495-acb8-453f-96c5-8be3e7d4704d:192.168.34.25:35310] returns group-FE0491BF36CE:java.util.concurrent.CompletableFuture@6feac5ae[Not completed]
2019-11-14 00:39:38,804 [pool-540-thread-1] INFO  impl.RaftServerImpl (RaftServerImpl.java:<init>(98)) - cd356495-acb8-453f-96c5-8be3e7d4704d: new RaftServerImpl for group-FE0491BF36CE:[cd356495-acb8-453f-96c5-8be3e7d4704d:192.168.34.25:35310] with ContainerStateMachine:uninitialized
2019-11-14 00:39:38,804 [pool-540-thread-1] INFO  server.RaftServerConfigKeys (ConfUtils.java:logGet(43)) - raft.server.rpc.timeout.min = 1s (custom)
2019-11-14 00:39:38,805 [pool-540-thread-1] INFO  server.RaftServerConfigKeys (ConfUtils.java:logGet(43)) - raft.server.rpc.timeout.max = 1200ms (custom)
2019-11-14 00:39:38,805 [pool-540-thread-1] INFO  server.RaftServerConfigKeys (ConfUtils.java:logGet(43)) - raft.server.rpcslowness.timeout = 120s (custom)
2019-11-14 00:39:38,805 [pool-540-thread-1] INFO  server.RaftServerConfigKeys (ConfUtils.java:logGet(43)) - raft.server.sleep.deviation.threshold = 300 (default)
2019-11-14 00:39:38,805 [pool-540-thread-1] INFO  server.RaftServerConfigKeys (ConfUtils.java:logGet(43)) - raft.server.log.appender.install.snapshot.enabled = false (custom)
2019-11-14 00:39:38,805 [pool-540-thread-1] INFO  impl.RaftServerImpl (ServerState.java:<init>(103)) - cd356495-acb8-453f-96c5-8be3e7d4704d@group-FE0491BF36CE: ConfigurationManager, init=-1: [cd356495-acb8-453f-96c5-8be3e7d4704d:192.168.34.25:35310], old=null, confs=<EMPTY_MAP>
2019-11-14 00:39:38,805 [pool-540-thread-1] INFO  server.RaftServerConfigKeys (ConfUtils.java:logGet(43)) - raft.server.storage.dir = [/workdir/hadoop-ozone/integration-test/target/test-dir/MiniOzoneClusterImpl-f0c02ddf-6665-4004-91fc-64de6051483a/datanode-3/data/ratis] (custom)
2019-11-14 00:39:38,806 [pool-540-thread-1] INFO  server.RaftServerConfigKeys (ConfUtils.java:logGet(43)) - raft.server.log.corruption.policy = EXCEPTION (default)
2019-11-14 00:39:38,806 [pool-540-thread-1] INFO  storage.RaftStorageDirectory (RaftStorageDirectory.java:analyzeStorage(246)) - The storage directory /workdir/hadoop-ozone/integration-test/target/test-dir/MiniOzoneClusterImpl-f0c02ddf-6665-4004-91fc-64de6051483a/datanode-3/data/ratis/de3a61d3-e6fa-4d56-8383-fe0491bf36ce does not exist. Creating ...
2019-11-14 00:39:38,819 [pool-540-thread-1] INFO  storage.RaftStorageDirectory (RaftStorageDirectory.java:tryLock(328)) - Lock on /workdir/hadoop-ozone/integration-test/target/test-dir/MiniOzoneClusterImpl-f0c02ddf-6665-4004-91fc-64de6051483a/datanode-3/data/ratis/de3a61d3-e6fa-4d56-8383-fe0491bf36ce/in_use.lock acquired by nodename 12001@pr-hdds-2474-ghsjm-2904119463
2019-11-14 00:39:38,822 [pool-540-thread-1] INFO  storage.RaftStorage (RaftStorage.java:format(84)) - Storage directory /workdir/hadoop-ozone/integration-test/target/test-dir/MiniOzoneClusterImpl-f0c02ddf-6665-4004-91fc-64de6051483a/datanode-3/data/ratis/de3a61d3-e6fa-4d56-8383-fe0491bf36ce has been successfully formatted.
2019-11-14 00:39:38,823 [pool-540-thread-1] INFO  ratis.ContainerStateMachine (ContainerStateMachine.java:loadSnapshot(223)) - group-FE0491BF36CE: The snapshot info is null. Setting the last applied indexto:(t:0, i:~)
2019-11-14 00:39:38,823 [pool-540-thread-1] INFO  server.RaftServerConfigKeys (ConfUtils.java:logGet(43)) - raft.server.notification.no-leader.timeout = 120s (custom)
2019-11-14 00:39:38,823 [pool-540-thread-1] INFO  server.RaftServerConfigKeys (ConfUtils.java:logGet(43)) - raft.server.log.use.memory = false (default)
2019-11-14 00:39:38,823 [pool-540-thread-1] INFO  server.RaftServerConfigKeys (ConfUtils.java:logGet(43)) - raft.server.log.purge.gap = 1000000 (custom)
2019-11-14 00:39:38,823 [pool-540-thread-1] INFO  server.RaftServerConfigKeys (ConfUtils.java:logGet(43)) - raft.server.log.appender.buffer.byte-limit = 33554432 (custom)
2019-11-14 00:39:38,823 [pool-540-thread-1] INFO  server.RaftServerConfigKeys (ConfUtils.java:logGet(43)) - raft.server.log.segment.size.max = 1048576 (custom)
2019-11-14 00:39:38,823 [pool-540-thread-1] WARN  impl.MetricRegistriesImpl (MetricRegistriesImpl.java:lambda$create$1(61)) - First MetricRegistry has been created without registering reporters. You may need to call MetricRegistries.global().addReportRegistration(...) before.
2019-11-14 00:39:38,824 [pool-540-thread-1] INFO  server.RaftServerConfigKeys (ConfUtils.java:logGet(43)) - raft.server.log.segment.cache.num.max = 2 (custom)
2019-11-14 00:39:38,824 [pool-540-thread-1] INFO  segmented.SegmentedRaftLogWorker (SegmentedRaftLogWorker.java:<init>(173)) - new cd356495-acb8-453f-96c5-8be3e7d4704d@group-FE0491BF36CE-SegmentedRaftLogWorker for RaftStorage:Storage Directory /workdir/hadoop-ozone/integration-test/target/test-dir/MiniOzoneClusterImpl-f0c02ddf-6665-4004-91fc-64de6051483a/datanode-3/data/ratis/de3a61d3-e6fa-4d56-8383-fe0491bf36ce
2019-11-14 00:39:38,824 [pool-540-thread-1] INFO  server.RaftServerConfigKeys (ConfUtils.java:logGet(43)) - raft.server.log.queue.byte-limit = 2147483647 (custom)
2019-11-14 00:39:38,824 [pool-540-thread-1] INFO  server.RaftServerConfigKeys (ConfUtils.java:logGet(43)) - raft.server.log.queue.element-limit = 1024 (custom)
2019-11-14 00:39:38,824 [pool-540-thread-1] INFO  server.RaftServerConfigKeys (ConfUtils.java:logGet(43)) - raft.server.log.segment.size.max = 1048576 (custom)
2019-11-14 00:39:38,824 [pool-540-thread-1] INFO  server.RaftServerConfigKeys (ConfUtils.java:logGet(43)) - raft.server.log.preallocated.size = 16384 (custom)
2019-11-14 00:39:38,824 [pool-540-thread-1] INFO  server.RaftServerConfigKeys (ConfUtils.java:logGet(43)) - raft.server.log.write.buffer.size = 33554432 (custom)
2019-11-14 00:39:38,824 [pool-540-thread-1] INFO  server.RaftServerConfigKeys (ConfUtils.java:logGet(43)) - raft.server.log.force.sync.num = 128 (default)
2019-11-14 00:39:38,824 [pool-540-thread-1] INFO  server.RaftServerConfigKeys (ConfUtils.java:logGet(43)) - raft.server.log.statemachine.data.sync = true (default)
2019-11-14 00:39:38,825 [pool-540-thread-1] INFO  server.RaftServerConfigKeys (ConfUtils.java:logGet(43)) - raft.server.log.statemachine.data.sync.timeout = 10s (default)
2019-11-14 00:39:38,825 [pool-540-thread-1] INFO  server.RaftServerConfigKeys (ConfUtils.java:logGet(43)) - raft.server.log.statemachine.data.sync.timeout.retry = -1 (default)
2019-11-14 00:39:38,825 [pool-540-thread-1] INFO  server.RaftServerConfigKeys (ConfUtils.java:logGet(43)) - raft.server.log.statemachine.data.caching.enabled = true (custom)
2019-11-14 00:39:38,825 [pool-540-thread-1] INFO  segmented.SegmentedRaftLogWorker (SegmentedRaftLogWorker.java:lambda$new$0(128)) - cd356495-acb8-453f-96c5-8be3e7d4704d@group-FE0491BF36CE-SegmentedRaftLogWorker: flushIndex: setUnconditionally 0 -> -1
2019-11-14 00:39:38,826 [pool-540-thread-1] INFO  server.RaftServerConfigKeys (ConfUtils.java:logGet(43)) - raft.server.snapshot.auto.trigger.enabled = true (custom)
2019-11-14 00:39:38,826 [pool-540-thread-1] INFO  server.RaftServerConfigKeys (ConfUtils.java:logGet(43)) - raft.server.snapshot.auto.trigger.threshold = 10000 (custom)
2019-11-14 00:39:38,826 [pool-540-thread-1] INFO  server.RaftServerConfigKeys (ConfUtils.java:logGet(43)) - raft.server.snapshot.retention.file.num = 5 (custom)
2019-11-14 00:39:38,826 [pool-540-thread-1] INFO  server.RaftServerConfigKeys (ConfUtils.java:logGet(43)) - raft.server.retrycache.expirytime = 600000ms (custom)
2019-11-14 00:39:38,826 [pool-540-thread-1] WARN  impl.MetricRegistriesImpl (MetricRegistriesImpl.java:lambda$create$1(61)) - First MetricRegistry has been created without registering reporters. You may need to call MetricRegistries.global().addReportRegistration(...) before.
2019-11-14 00:39:38,826 [pool-540-thread-1] WARN  impl.MetricRegistriesImpl (MetricRegistriesImpl.java:lambda$create$1(61)) - First MetricRegistry has been created without registering reporters. You may need to call MetricRegistries.global().addReportRegistration(...) before.
2019-11-14 00:39:38,826 [pool-540-thread-1] INFO  impl.RaftServerImpl (RaftServerImpl.java:start(184)) - cd356495-acb8-453f-96c5-8be3e7d4704d@group-FE0491BF36CE: start as a follower, conf=-1: [cd356495-acb8-453f-96c5-8be3e7d4704d:192.168.34.25:35310], old=null
2019-11-14 00:39:38,826 [pool-540-thread-1] INFO  impl.RaftServerImpl (RaftServerImpl.java:setRole(173)) - cd356495-acb8-453f-96c5-8be3e7d4704d@group-FE0491BF36CE: changes role from      null to FOLLOWER at term 0 for startAsFollower
2019-11-14 00:39:38,827 [pool-540-thread-1] INFO  impl.RoleInfo (RoleInfo.java:updateAndGet(143)) - cd356495-acb8-453f-96c5-8be3e7d4704d: start FollowerState
2019-11-14 00:39:38,827 [pool-540-thread-1] INFO  util.JmxRegister (JmxRegister.java:tryRegister(44)) - Successfully registered JMX Bean with object name Ratis:service=RaftServer,group=group-FE0491BF36CE,id=cd356495-acb8-453f-96c5-8be3e7d4704d
2019-11-14 00:39:38,827 [pool-540-thread-1] WARN  impl.MetricRegistriesImpl (MetricRegistriesImpl.java:lambda$create$1(61)) - First MetricRegistry has been created without registering reporters. You may need to call MetricRegistries.global().addReportRegistration(...) before.
2019-11-14 00:39:38,830 [RatisPipelineUtilsThread] INFO  pipeline.PipelineStateManager (PipelineStateManager.java:addPipeline(55)) - Created pipeline Pipeline[ Id: de3a61d3-e6fa-4d56-8383-fe0491bf36ce, Nodes: cd356495-acb8-453f-96c5-8be3e7d4704d{ip: 192.168.34.25, host: pr-hdds-2474-ghsjm-2904119463, networkLocation: /rack1, certSerialId: null}, Type:RATIS, Factor:ONE, State:ALLOCATED]
2019-11-14 00:39:38,837 [grpc-default-executor-6] INFO  impl.RaftServerProxy (RaftServerProxy.java:addNew(89)) - 37126020-3da7-4e98-a0e1-da03830467e3: addNew group-F76BD6D18324:[37126020-3da7-4e98-a0e1-da03830467e3:192.168.34.25:41443] returns group-F76BD6D18324:java.util.concurrent.CompletableFuture@d911c90[Not completed]
2019-11-14 00:39:38,838 [pool-550-thread-1] INFO  impl.RaftServerImpl (RaftServerImpl.java:<init>(98)) - 37126020-3da7-4e98-a0e1-da03830467e3: new RaftServerImpl for group-F76BD6D18324:[37126020-3da7-4e98-a0e1-da03830467e3:192.168.34.25:41443] with ContainerStateMachine:uninitialized
2019-11-14 00:39:38,838 [pool-550-thread-1] INFO  server.RaftServerConfigKeys (ConfUtils.java:logGet(43)) - raft.server.rpc.timeout.min = 1s (custom)
2019-11-14 00:39:38,838 [pool-550-thread-1] INFO  server.RaftServerConfigKeys (ConfUtils.java:logGet(43)) - raft.server.rpc.timeout.max = 1200ms (custom)
2019-11-14 00:39:38,838 [pool-550-thread-1] INFO  server.RaftServerConfigKeys (ConfUtils.java:logGet(43)) - raft.server.rpcslowness.timeout = 120s (custom)
2019-11-14 00:39:38,838 [pool-550-thread-1] INFO  server.RaftServerConfigKeys (ConfUtils.java:logGet(43)) - raft.server.sleep.deviation.threshold = 300 (default)
2019-11-14 00:39:38,838 [pool-550-thread-1] INFO  server.RaftServerConfigKeys (ConfUtils.java:logGet(43)) - raft.server.log.appender.install.snapshot.enabled = false (custom)
2019-11-14 00:39:38,839 [pool-550-thread-1] INFO  impl.RaftServerImpl (ServerState.java:<init>(103)) - 37126020-3da7-4e98-a0e1-da03830467e3@group-F76BD6D18324: ConfigurationManager, init=-1: [37126020-3da7-4e98-a0e1-da03830467e3:192.168.34.25:41443], old=null, confs=<EMPTY_MAP>
2019-11-14 00:39:38,839 [pool-550-thread-1] INFO  server.RaftServerConfigKeys (ConfUtils.java:logGet(43)) - raft.server.storage.dir = [/workdir/hadoop-ozone/integration-test/target/test-dir/MiniOzoneClusterImpl-f0c02ddf-6665-4004-91fc-64de6051483a/datanode-4/data/ratis] (custom)
2019-11-14 00:39:38,839 [pool-550-thread-1] INFO  server.RaftServerConfigKeys (ConfUtils.java:logGet(43)) - raft.server.log.corruption.policy = EXCEPTION (default)
2019-11-14 00:39:38,839 [pool-550-thread-1] INFO  storage.RaftStorageDirectory (RaftStorageDirectory.java:analyzeStorage(246)) - The storage directory /workdir/hadoop-ozone/integration-test/target/test-dir/MiniOzoneClusterImpl-f0c02ddf-6665-4004-91fc-64de6051483a/datanode-4/data/ratis/be6c5ed9-01fe-4119-96d5-f76bd6d18324 does not exist. Creating ...
2019-11-14 00:39:38,843 [pool-550-thread-1] INFO  storage.RaftStorageDirectory (RaftStorageDirectory.java:tryLock(328)) - Lock on /workdir/hadoop-ozone/integration-test/target/test-dir/MiniOzoneClusterImpl-f0c02ddf-6665-4004-91fc-64de6051483a/datanode-4/data/ratis/be6c5ed9-01fe-4119-96d5-f76bd6d18324/in_use.lock acquired by nodename 12001@pr-hdds-2474-ghsjm-2904119463
2019-11-14 00:39:38,847 [pool-550-thread-1] INFO  storage.RaftStorage (RaftStorage.java:format(84)) - Storage directory /workdir/hadoop-ozone/integration-test/target/test-dir/MiniOzoneClusterImpl-f0c02ddf-6665-4004-91fc-64de6051483a/datanode-4/data/ratis/be6c5ed9-01fe-4119-96d5-f76bd6d18324 has been successfully formatted.
2019-11-14 00:39:38,847 [pool-550-thread-1] INFO  ratis.ContainerStateMachine (ContainerStateMachine.java:loadSnapshot(223)) - group-F76BD6D18324: The snapshot info is null. Setting the last applied indexto:(t:0, i:~)
2019-11-14 00:39:38,847 [pool-550-thread-1] INFO  server.RaftServerConfigKeys (ConfUtils.java:logGet(43)) - raft.server.notification.no-leader.timeout = 120s (custom)
2019-11-14 00:39:38,847 [pool-550-thread-1] INFO  server.RaftServerConfigKeys (ConfUtils.java:logGet(43)) - raft.server.log.use.memory = false (default)
2019-11-14 00:39:38,847 [pool-550-thread-1] INFO  server.RaftServerConfigKeys (ConfUtils.java:logGet(43)) - raft.server.log.purge.gap = 1000000 (custom)
2019-11-14 00:39:38,848 [pool-550-thread-1] INFO  server.RaftServerConfigKeys (ConfUtils.java:logGet(43)) - raft.server.log.appender.buffer.byte-limit = 33554432 (custom)
2019-11-14 00:39:38,848 [pool-550-thread-1] INFO  server.RaftServerConfigKeys (ConfUtils.java:logGet(43)) - raft.server.log.segment.size.max = 1048576 (custom)
2019-11-14 00:39:38,848 [pool-550-thread-1] WARN  impl.MetricRegistriesImpl (MetricRegistriesImpl.java:lambda$create$1(61)) - First MetricRegistry has been created without registering reporters. You may need to call MetricRegistries.global().addReportRegistration(...) before.
2019-11-14 00:39:38,848 [pool-550-thread-1] INFO  server.RaftServerConfigKeys (ConfUtils.java:logGet(43)) - raft.server.log.segment.cache.num.max = 2 (custom)
2019-11-14 00:39:38,848 [pool-550-thread-1] INFO  segmented.SegmentedRaftLogWorker (SegmentedRaftLogWorker.java:<init>(173)) - new 37126020-3da7-4e98-a0e1-da03830467e3@group-F76BD6D18324-SegmentedRaftLogWorker for RaftStorage:Storage Directory /workdir/hadoop-ozone/integration-test/target/test-dir/MiniOzoneClusterImpl-f0c02ddf-6665-4004-91fc-64de6051483a/datanode-4/data/ratis/be6c5ed9-01fe-4119-96d5-f76bd6d18324
2019-11-14 00:39:38,848 [pool-550-thread-1] INFO  server.RaftServerConfigKeys (ConfUtils.java:logGet(43)) - raft.server.log.queue.byte-limit = 2147483647 (custom)
2019-11-14 00:39:38,848 [pool-550-thread-1] INFO  server.RaftServerConfigKeys (ConfUtils.java:logGet(43)) - raft.server.log.queue.element-limit = 1024 (custom)
2019-11-14 00:39:38,848 [pool-550-thread-1] INFO  server.RaftServerConfigKeys (ConfUtils.java:logGet(43)) - raft.server.log.segment.size.max = 1048576 (custom)
2019-11-14 00:39:38,848 [pool-550-thread-1] INFO  server.RaftServerConfigKeys (ConfUtils.java:logGet(43)) - raft.server.log.preallocated.size = 16384 (custom)
2019-11-14 00:39:38,849 [pool-550-thread-1] INFO  server.RaftServerConfigKeys (ConfUtils.java:logGet(43)) - raft.server.log.write.buffer.size = 33554432 (custom)
2019-11-14 00:39:38,849 [pool-550-thread-1] INFO  server.RaftServerConfigKeys (ConfUtils.java:logGet(43)) - raft.server.log.force.sync.num = 128 (default)
2019-11-14 00:39:38,849 [pool-550-thread-1] INFO  server.RaftServerConfigKeys (ConfUtils.java:logGet(43)) - raft.server.log.statemachine.data.sync = true (default)
2019-11-14 00:39:38,849 [pool-550-thread-1] INFO  server.RaftServerConfigKeys (ConfUtils.java:logGet(43)) - raft.server.log.statemachine.data.sync.timeout = 10s (default)
2019-11-14 00:39:38,849 [pool-550-thread-1] INFO  server.RaftServerConfigKeys (ConfUtils.java:logGet(43)) - raft.server.log.statemachine.data.sync.timeout.retry = -1 (default)
2019-11-14 00:39:38,849 [pool-550-thread-1] INFO  server.RaftServerConfigKeys (ConfUtils.java:logGet(43)) - raft.server.log.statemachine.data.caching.enabled = true (custom)
2019-11-14 00:39:38,849 [pool-550-thread-1] INFO  segmented.SegmentedRaftLogWorker (SegmentedRaftLogWorker.java:lambda$new$0(128)) - 37126020-3da7-4e98-a0e1-da03830467e3@group-F76BD6D18324-SegmentedRaftLogWorker: flushIndex: setUnconditionally 0 -> -1
2019-11-14 00:39:38,850 [pool-550-thread-1] INFO  server.RaftServerConfigKeys (ConfUtils.java:logGet(43)) - raft.server.snapshot.auto.trigger.enabled = true (custom)
2019-11-14 00:39:38,850 [pool-550-thread-1] INFO  server.RaftServerConfigKeys (ConfUtils.java:logGet(43)) - raft.server.snapshot.auto.trigger.threshold = 10000 (custom)
2019-11-14 00:39:38,850 [pool-550-thread-1] INFO  server.RaftServerConfigKeys (ConfUtils.java:logGet(43)) - raft.server.snapshot.retention.file.num = 5 (custom)
2019-11-14 00:39:38,850 [pool-550-thread-1] INFO  server.RaftServerConfigKeys (ConfUtils.java:logGet(43)) - raft.server.retrycache.expirytime = 600000ms (custom)
2019-11-14 00:39:38,850 [pool-550-thread-1] WARN  impl.MetricRegistriesImpl (MetricRegistriesImpl.java:lambda$create$1(61)) - First MetricRegistry has been created without registering reporters. You may need to call MetricRegistries.global().addReportRegistration(...) before.
2019-11-14 00:39:38,850 [pool-550-thread-1] WARN  impl.MetricRegistriesImpl (MetricRegistriesImpl.java:lambda$create$1(61)) - First MetricRegistry has been created without registering reporters. You may need to call MetricRegistries.global().addReportRegistration(...) before.
2019-11-14 00:39:38,850 [pool-550-thread-1] INFO  impl.RaftServerImpl (RaftServerImpl.java:start(184)) - 37126020-3da7-4e98-a0e1-da03830467e3@group-F76BD6D18324: start as a follower, conf=-1: [37126020-3da7-4e98-a0e1-da03830467e3:192.168.34.25:41443], old=null
2019-11-14 00:39:38,850 [pool-550-thread-1] INFO  impl.RaftServerImpl (RaftServerImpl.java:setRole(173)) - 37126020-3da7-4e98-a0e1-da03830467e3@group-F76BD6D18324: changes role from      null to FOLLOWER at term 0 for startAsFollower
2019-11-14 00:39:38,850 [pool-550-thread-1] INFO  impl.RoleInfo (RoleInfo.java:updateAndGet(143)) - 37126020-3da7-4e98-a0e1-da03830467e3: start FollowerState
2019-11-14 00:39:38,851 [pool-550-thread-1] INFO  util.JmxRegister (JmxRegister.java:tryRegister(44)) - Successfully registered JMX Bean with object name Ratis:service=RaftServer,group=group-F76BD6D18324,id=37126020-3da7-4e98-a0e1-da03830467e3
2019-11-14 00:39:38,851 [pool-550-thread-1] WARN  impl.MetricRegistriesImpl (MetricRegistriesImpl.java:lambda$create$1(61)) - First MetricRegistry has been created without registering reporters. You may need to call MetricRegistries.global().addReportRegistration(...) before.
2019-11-14 00:39:38,853 [RatisPipelineUtilsThread] INFO  pipeline.PipelineStateManager (PipelineStateManager.java:addPipeline(55)) - Created pipeline Pipeline[ Id: be6c5ed9-01fe-4119-96d5-f76bd6d18324, Nodes: 37126020-3da7-4e98-a0e1-da03830467e3{ip: 192.168.34.25, host: pr-hdds-2474-ghsjm-2904119463, networkLocation: /rack1, certSerialId: null}, Type:RATIS, Factor:ONE, State:ALLOCATED]
2019-11-14 00:39:38,857 [IPC Server handler 8 on 38866] INFO  net.NetworkTopology (NetworkTopologyImpl.java:add(111)) - Added a new node: /rack1/dabbec34-9112-49d4-9f2a-1cc38e957548
2019-11-14 00:39:38,857 [IPC Server handler 8 on 38866] INFO  node.SCMNodeManager (SCMNodeManager.java:register(267)) - Registered Data node : dabbec34-9112-49d4-9f2a-1cc38e957548{ip: 192.168.34.25, host: pr-hdds-2474-ghsjm-2904119463, networkLocation: /rack1, certSerialId: null}
2019-11-14 00:39:38,863 [grpc-default-executor-6] INFO  impl.RaftServerProxy (RaftServerProxy.java:addNew(89)) - dabbec34-9112-49d4-9f2a-1cc38e957548: addNew group-4D416C5EADFA:[dabbec34-9112-49d4-9f2a-1cc38e957548:192.168.34.25:32788] returns group-4D416C5EADFA:java.util.concurrent.CompletableFuture@57724e4a[Not completed]
2019-11-14 00:39:38,864 [pool-560-thread-1] INFO  impl.RaftServerImpl (RaftServerImpl.java:<init>(98)) - dabbec34-9112-49d4-9f2a-1cc38e957548: new RaftServerImpl for group-4D416C5EADFA:[dabbec34-9112-49d4-9f2a-1cc38e957548:192.168.34.25:32788] with ContainerStateMachine:uninitialized
2019-11-14 00:39:38,864 [pool-560-thread-1] INFO  server.RaftServerConfigKeys (ConfUtils.java:logGet(43)) - raft.server.rpc.timeout.min = 1s (custom)
2019-11-14 00:39:38,864 [pool-560-thread-1] INFO  server.RaftServerConfigKeys (ConfUtils.java:logGet(43)) - raft.server.rpc.timeout.max = 1200ms (custom)
2019-11-14 00:39:38,864 [pool-560-thread-1] INFO  server.RaftServerConfigKeys (ConfUtils.java:logGet(43)) - raft.server.rpcslowness.timeout = 120s (custom)
2019-11-14 00:39:38,865 [pool-560-thread-1] INFO  server.RaftServerConfigKeys (ConfUtils.java:logGet(43)) - raft.server.sleep.deviation.threshold = 300 (default)
2019-11-14 00:39:38,865 [pool-560-thread-1] INFO  server.RaftServerConfigKeys (ConfUtils.java:logGet(43)) - raft.server.log.appender.install.snapshot.enabled = false (custom)
2019-11-14 00:39:38,865 [pool-560-thread-1] INFO  impl.RaftServerImpl (ServerState.java:<init>(103)) - dabbec34-9112-49d4-9f2a-1cc38e957548@group-4D416C5EADFA: ConfigurationManager, init=-1: [dabbec34-9112-49d4-9f2a-1cc38e957548:192.168.34.25:32788], old=null, confs=<EMPTY_MAP>
2019-11-14 00:39:38,865 [pool-560-thread-1] INFO  server.RaftServerConfigKeys (ConfUtils.java:logGet(43)) - raft.server.storage.dir = [/workdir/hadoop-ozone/integration-test/target/test-dir/MiniOzoneClusterImpl-f0c02ddf-6665-4004-91fc-64de6051483a/datanode-5/data/ratis] (custom)
2019-11-14 00:39:38,865 [pool-560-thread-1] INFO  server.RaftServerConfigKeys (ConfUtils.java:logGet(43)) - raft.server.log.corruption.policy = EXCEPTION (default)
2019-11-14 00:39:38,865 [pool-560-thread-1] INFO  storage.RaftStorageDirectory (RaftStorageDirectory.java:analyzeStorage(246)) - The storage directory /workdir/hadoop-ozone/integration-test/target/test-dir/MiniOzoneClusterImpl-f0c02ddf-6665-4004-91fc-64de6051483a/datanode-5/data/ratis/39a4e8e5-efb3-4b85-9ddf-4d416c5eadfa does not exist. Creating ...
2019-11-14 00:39:38,873 [pool-560-thread-1] INFO  storage.RaftStorageDirectory (RaftStorageDirectory.java:tryLock(328)) - Lock on /workdir/hadoop-ozone/integration-test/target/test-dir/MiniOzoneClusterImpl-f0c02ddf-6665-4004-91fc-64de6051483a/datanode-5/data/ratis/39a4e8e5-efb3-4b85-9ddf-4d416c5eadfa/in_use.lock acquired by nodename 12001@pr-hdds-2474-ghsjm-2904119463
2019-11-14 00:39:38,886 [pool-560-thread-1] INFO  storage.RaftStorage (RaftStorage.java:format(84)) - Storage directory /workdir/hadoop-ozone/integration-test/target/test-dir/MiniOzoneClusterImpl-f0c02ddf-6665-4004-91fc-64de6051483a/datanode-5/data/ratis/39a4e8e5-efb3-4b85-9ddf-4d416c5eadfa has been successfully formatted.
2019-11-14 00:39:38,886 [pool-560-thread-1] INFO  ratis.ContainerStateMachine (ContainerStateMachine.java:loadSnapshot(223)) - group-4D416C5EADFA: The snapshot info is null. Setting the last applied indexto:(t:0, i:~)
2019-11-14 00:39:38,886 [pool-560-thread-1] INFO  server.RaftServerConfigKeys (ConfUtils.java:logGet(43)) - raft.server.notification.no-leader.timeout = 120s (custom)
2019-11-14 00:39:38,887 [pool-560-thread-1] INFO  server.RaftServerConfigKeys (ConfUtils.java:logGet(43)) - raft.server.log.use.memory = false (default)
2019-11-14 00:39:38,887 [pool-560-thread-1] INFO  server.RaftServerConfigKeys (ConfUtils.java:logGet(43)) - raft.server.log.purge.gap = 1000000 (custom)
2019-11-14 00:39:38,887 [pool-560-thread-1] INFO  server.RaftServerConfigKeys (ConfUtils.java:logGet(43)) - raft.server.log.appender.buffer.byte-limit = 33554432 (custom)
2019-11-14 00:39:38,887 [pool-560-thread-1] INFO  server.RaftServerConfigKeys (ConfUtils.java:logGet(43)) - raft.server.log.segment.size.max = 1048576 (custom)
2019-11-14 00:39:38,887 [pool-560-thread-1] WARN  impl.MetricRegistriesImpl (MetricRegistriesImpl.java:lambda$create$1(61)) - First MetricRegistry has been created without registering reporters. You may need to call MetricRegistries.global().addReportRegistration(...) before.
2019-11-14 00:39:38,887 [pool-560-thread-1] INFO  server.RaftServerConfigKeys (ConfUtils.java:logGet(43)) - raft.server.log.segment.cache.num.max = 2 (custom)
2019-11-14 00:39:38,887 [pool-560-thread-1] INFO  segmented.SegmentedRaftLogWorker (SegmentedRaftLogWorker.java:<init>(173)) - new dabbec34-9112-49d4-9f2a-1cc38e957548@group-4D416C5EADFA-SegmentedRaftLogWorker for RaftStorage:Storage Directory /workdir/hadoop-ozone/integration-test/target/test-dir/MiniOzoneClusterImpl-f0c02ddf-6665-4004-91fc-64de6051483a/datanode-5/data/ratis/39a4e8e5-efb3-4b85-9ddf-4d416c5eadfa
2019-11-14 00:39:38,887 [pool-560-thread-1] INFO  server.RaftServerConfigKeys (ConfUtils.java:logGet(43)) - raft.server.log.queue.byte-limit = 2147483647 (custom)
2019-11-14 00:39:38,887 [pool-560-thread-1] INFO  server.RaftServerConfigKeys (ConfUtils.java:logGet(43)) - raft.server.log.queue.element-limit = 1024 (custom)
2019-11-14 00:39:38,887 [pool-560-thread-1] INFO  server.RaftServerConfigKeys (ConfUtils.java:logGet(43)) - raft.server.log.segment.size.max = 1048576 (custom)
2019-11-14 00:39:38,887 [pool-560-thread-1] INFO  server.RaftServerConfigKeys (ConfUtils.java:logGet(43)) - raft.server.log.preallocated.size = 16384 (custom)
2019-11-14 00:39:38,887 [pool-560-thread-1] INFO  server.RaftServerConfigKeys (ConfUtils.java:logGet(43)) - raft.server.log.write.buffer.size = 33554432 (custom)
2019-11-14 00:39:38,887 [pool-560-thread-1] INFO  server.RaftServerConfigKeys (ConfUtils.java:logGet(43)) - raft.server.log.force.sync.num = 128 (default)
2019-11-14 00:39:38,887 [pool-560-thread-1] INFO  server.RaftServerConfigKeys (ConfUtils.java:logGet(43)) - raft.server.log.statemachine.data.sync = true (default)
2019-11-14 00:39:38,888 [pool-560-thread-1] INFO  server.RaftServerConfigKeys (ConfUtils.java:logGet(43)) - raft.server.log.statemachine.data.sync.timeout = 10s (default)
2019-11-14 00:39:38,888 [pool-560-thread-1] INFO  server.RaftServerConfigKeys (ConfUtils.java:logGet(43)) - raft.server.log.statemachine.data.sync.timeout.retry = -1 (default)
2019-11-14 00:39:38,888 [pool-560-thread-1] INFO  server.RaftServerConfigKeys (ConfUtils.java:logGet(43)) - raft.server.log.statemachine.data.caching.enabled = true (custom)
2019-11-14 00:39:38,888 [pool-560-thread-1] INFO  segmented.SegmentedRaftLogWorker (SegmentedRaftLogWorker.java:lambda$new$0(128)) - dabbec34-9112-49d4-9f2a-1cc38e957548@group-4D416C5EADFA-SegmentedRaftLogWorker: flushIndex: setUnconditionally 0 -> -1
2019-11-14 00:39:38,888 [pool-560-thread-1] INFO  server.RaftServerConfigKeys (ConfUtils.java:logGet(43)) - raft.server.snapshot.auto.trigger.enabled = true (custom)
2019-11-14 00:39:38,888 [pool-560-thread-1] INFO  server.RaftServerConfigKeys (ConfUtils.java:logGet(43)) - raft.server.snapshot.auto.trigger.threshold = 10000 (custom)
2019-11-14 00:39:38,888 [pool-560-thread-1] INFO  server.RaftServerConfigKeys (ConfUtils.java:logGet(43)) - raft.server.snapshot.retention.file.num = 5 (custom)
2019-11-14 00:39:38,888 [pool-560-thread-1] INFO  server.RaftServerConfigKeys (ConfUtils.java:logGet(43)) - raft.server.retrycache.expirytime = 600000ms (custom)
2019-11-14 00:39:38,889 [pool-560-thread-1] WARN  impl.MetricRegistriesImpl (MetricRegistriesImpl.java:lambda$create$1(61)) - First MetricRegistry has been created without registering reporters. You may need to call MetricRegistries.global().addReportRegistration(...) before.
2019-11-14 00:39:38,889 [pool-560-thread-1] WARN  impl.MetricRegistriesImpl (MetricRegistriesImpl.java:lambda$create$1(61)) - First MetricRegistry has been created without registering reporters. You may need to call MetricRegistries.global().addReportRegistration(...) before.
2019-11-14 00:39:38,889 [pool-560-thread-1] INFO  impl.RaftServerImpl (RaftServerImpl.java:start(184)) - dabbec34-9112-49d4-9f2a-1cc38e957548@group-4D416C5EADFA: start as a follower, conf=-1: [dabbec34-9112-49d4-9f2a-1cc38e957548:192.168.34.25:32788], old=null
2019-11-14 00:39:38,889 [pool-560-thread-1] INFO  impl.RaftServerImpl (RaftServerImpl.java:setRole(173)) - dabbec34-9112-49d4-9f2a-1cc38e957548@group-4D416C5EADFA: changes role from      null to FOLLOWER at term 0 for startAsFollower
2019-11-14 00:39:38,889 [pool-560-thread-1] INFO  impl.RoleInfo (RoleInfo.java:updateAndGet(143)) - dabbec34-9112-49d4-9f2a-1cc38e957548: start FollowerState
2019-11-14 00:39:38,889 [pool-560-thread-1] INFO  util.JmxRegister (JmxRegister.java:tryRegister(44)) - Successfully registered JMX Bean with object name Ratis:service=RaftServer,group=group-4D416C5EADFA,id=dabbec34-9112-49d4-9f2a-1cc38e957548
2019-11-14 00:39:38,889 [pool-560-thread-1] WARN  impl.MetricRegistriesImpl (MetricRegistriesImpl.java:lambda$create$1(61)) - First MetricRegistry has been created without registering reporters. You may need to call MetricRegistries.global().addReportRegistration(...) before.
2019-11-14 00:39:38,891 [RatisPipelineUtilsThread] INFO  pipeline.PipelineStateManager (PipelineStateManager.java:addPipeline(55)) - Created pipeline Pipeline[ Id: 39a4e8e5-efb3-4b85-9ddf-4d416c5eadfa, Nodes: dabbec34-9112-49d4-9f2a-1cc38e957548{ip: 192.168.34.25, host: pr-hdds-2474-ghsjm-2904119463, networkLocation: /rack1, certSerialId: null}, Type:RATIS, Factor:ONE, State:ALLOCATED]
2019-11-14 00:39:38,903 [grpc-default-executor-6] INFO  impl.RaftServerProxy (RaftServerProxy.java:addNew(89)) - dabbec34-9112-49d4-9f2a-1cc38e957548: addNew group-9C65680131BC:[cd356495-acb8-453f-96c5-8be3e7d4704d:192.168.34.25:35310, dabbec34-9112-49d4-9f2a-1cc38e957548:192.168.34.25:32788, 37126020-3da7-4e98-a0e1-da03830467e3:192.168.34.25:41443] returns group-9C65680131BC:java.util.concurrent.CompletableFuture@1d5b8666[Not completed]
2019-11-14 00:39:38,903 [grpc-default-executor-0] INFO  impl.RaftServerProxy (RaftServerProxy.java:addNew(89)) - 37126020-3da7-4e98-a0e1-da03830467e3: addNew group-9C65680131BC:[cd356495-acb8-453f-96c5-8be3e7d4704d:192.168.34.25:35310, dabbec34-9112-49d4-9f2a-1cc38e957548:192.168.34.25:32788, 37126020-3da7-4e98-a0e1-da03830467e3:192.168.34.25:41443] returns group-9C65680131BC:java.util.concurrent.CompletableFuture@1ec24bce[Not completed]
2019-11-14 00:39:38,903 [grpc-default-executor-7] INFO  impl.RaftServerProxy (RaftServerProxy.java:addNew(89)) - cd356495-acb8-453f-96c5-8be3e7d4704d: addNew group-9C65680131BC:[cd356495-acb8-453f-96c5-8be3e7d4704d:192.168.34.25:35310, dabbec34-9112-49d4-9f2a-1cc38e957548:192.168.34.25:32788, 37126020-3da7-4e98-a0e1-da03830467e3:192.168.34.25:41443] returns group-9C65680131BC:java.util.concurrent.CompletableFuture@6a45e6b7[Not completed]
2019-11-14 00:39:38,904 [pool-540-thread-1] INFO  impl.RaftServerImpl (RaftServerImpl.java:<init>(98)) - cd356495-acb8-453f-96c5-8be3e7d4704d: new RaftServerImpl for group-9C65680131BC:[cd356495-acb8-453f-96c5-8be3e7d4704d:192.168.34.25:35310, dabbec34-9112-49d4-9f2a-1cc38e957548:192.168.34.25:32788, 37126020-3da7-4e98-a0e1-da03830467e3:192.168.34.25:41443] with ContainerStateMachine:uninitialized
2019-11-14 00:39:38,904 [pool-540-thread-1] INFO  server.RaftServerConfigKeys (ConfUtils.java:logGet(43)) - raft.server.rpc.timeout.min = 1s (custom)
2019-11-14 00:39:38,905 [pool-540-thread-1] INFO  server.RaftServerConfigKeys (ConfUtils.java:logGet(43)) - raft.server.rpc.timeout.max = 1200ms (custom)
2019-11-14 00:39:38,905 [pool-540-thread-1] INFO  server.RaftServerConfigKeys (ConfUtils.java:logGet(43)) - raft.server.rpcslowness.timeout = 120s (custom)
2019-11-14 00:39:38,905 [pool-540-thread-1] INFO  server.RaftServerConfigKeys (ConfUtils.java:logGet(43)) - raft.server.sleep.deviation.threshold = 300 (default)
2019-11-14 00:39:38,905 [pool-550-thread-1] INFO  impl.RaftServerImpl (RaftServerImpl.java:<init>(98)) - 37126020-3da7-4e98-a0e1-da03830467e3: new RaftServerImpl for group-9C65680131BC:[cd356495-acb8-453f-96c5-8be3e7d4704d:192.168.34.25:35310, dabbec34-9112-49d4-9f2a-1cc38e957548:192.168.34.25:32788, 37126020-3da7-4e98-a0e1-da03830467e3:192.168.34.25:41443] with ContainerStateMachine:uninitialized
2019-11-14 00:39:38,905 [pool-540-thread-1] INFO  server.RaftServerConfigKeys (ConfUtils.java:logGet(43)) - raft.server.log.appender.install.snapshot.enabled = false (custom)
2019-11-14 00:39:38,905 [pool-550-thread-1] INFO  server.RaftServerConfigKeys (ConfUtils.java:logGet(43)) - raft.server.rpc.timeout.min = 1s (custom)
2019-11-14 00:39:38,905 [pool-560-thread-1] INFO  impl.RaftServerImpl (RaftServerImpl.java:<init>(98)) - dabbec34-9112-49d4-9f2a-1cc38e957548: new RaftServerImpl for group-9C65680131BC:[cd356495-acb8-453f-96c5-8be3e7d4704d:192.168.34.25:35310, dabbec34-9112-49d4-9f2a-1cc38e957548:192.168.34.25:32788, 37126020-3da7-4e98-a0e1-da03830467e3:192.168.34.25:41443] with ContainerStateMachine:uninitialized
2019-11-14 00:39:38,905 [pool-550-thread-1] INFO  server.RaftServerConfigKeys (ConfUtils.java:logGet(43)) - raft.server.rpc.timeout.max = 1200ms (custom)
2019-11-14 00:39:38,905 [pool-540-thread-1] INFO  impl.RaftServerImpl (ServerState.java:<init>(103)) - cd356495-acb8-453f-96c5-8be3e7d4704d@group-9C65680131BC: ConfigurationManager, init=-1: [cd356495-acb8-453f-96c5-8be3e7d4704d:192.168.34.25:35310, dabbec34-9112-49d4-9f2a-1cc38e957548:192.168.34.25:32788, 37126020-3da7-4e98-a0e1-da03830467e3:192.168.34.25:41443], old=null, confs=<EMPTY_MAP>
2019-11-14 00:39:38,905 [pool-550-thread-1] INFO  server.RaftServerConfigKeys (ConfUtils.java:logGet(43)) - raft.server.rpcslowness.timeout = 120s (custom)
2019-11-14 00:39:38,905 [pool-560-thread-1] INFO  server.RaftServerConfigKeys (ConfUtils.java:logGet(43)) - raft.server.rpc.timeout.min = 1s (custom)
2019-11-14 00:39:38,906 [pool-550-thread-1] INFO  server.RaftServerConfigKeys (ConfUtils.java:logGet(43)) - raft.server.sleep.deviation.threshold = 300 (default)
2019-11-14 00:39:38,906 [pool-540-thread-1] INFO  server.RaftServerConfigKeys (ConfUtils.java:logGet(43)) - raft.server.storage.dir = [/workdir/hadoop-ozone/integration-test/target/test-dir/MiniOzoneClusterImpl-f0c02ddf-6665-4004-91fc-64de6051483a/datanode-3/data/ratis] (custom)
2019-11-14 00:39:38,906 [pool-550-thread-1] INFO  server.RaftServerConfigKeys (ConfUtils.java:logGet(43)) - raft.server.log.appender.install.snapshot.enabled = false (custom)
2019-11-14 00:39:38,906 [pool-560-thread-1] INFO  server.RaftServerConfigKeys (ConfUtils.java:logGet(43)) - raft.server.rpc.timeout.max = 1200ms (custom)
2019-11-14 00:39:38,906 [pool-550-thread-1] INFO  impl.RaftServerImpl (ServerState.java:<init>(103)) - 37126020-3da7-4e98-a0e1-da03830467e3@group-9C65680131BC: ConfigurationManager, init=-1: [cd356495-acb8-453f-96c5-8be3e7d4704d:192.168.34.25:35310, dabbec34-9112-49d4-9f2a-1cc38e957548:192.168.34.25:32788, 37126020-3da7-4e98-a0e1-da03830467e3:192.168.34.25:41443], old=null, confs=<EMPTY_MAP>
2019-11-14 00:39:38,906 [pool-540-thread-1] INFO  server.RaftServerConfigKeys (ConfUtils.java:logGet(43)) - raft.server.log.corruption.policy = EXCEPTION (default)
2019-11-14 00:39:38,906 [pool-560-thread-1] INFO  server.RaftServerConfigKeys (ConfUtils.java:logGet(43)) - raft.server.rpcslowness.timeout = 120s (custom)
2019-11-14 00:39:38,906 [pool-550-thread-1] INFO  server.RaftServerConfigKeys (ConfUtils.java:logGet(43)) - raft.server.storage.dir = [/workdir/hadoop-ozone/integration-test/target/test-dir/MiniOzoneClusterImpl-f0c02ddf-6665-4004-91fc-64de6051483a/datanode-4/data/ratis] (custom)
2019-11-14 00:39:38,907 [pool-540-thread-1] INFO  storage.RaftStorageDirectory (RaftStorageDirectory.java:analyzeStorage(246)) - The storage directory /workdir/hadoop-ozone/integration-test/target/test-dir/MiniOzoneClusterImpl-f0c02ddf-6665-4004-91fc-64de6051483a/datanode-3/data/ratis/d2b63988-c41d-473e-8da8-9c65680131bc does not exist. Creating ...
2019-11-14 00:39:38,906 [pool-560-thread-1] INFO  server.RaftServerConfigKeys (ConfUtils.java:logGet(43)) - raft.server.sleep.deviation.threshold = 300 (default)
2019-11-14 00:39:38,907 [pool-550-thread-1] INFO  server.RaftServerConfigKeys (ConfUtils.java:logGet(43)) - raft.server.log.corruption.policy = EXCEPTION (default)
2019-11-14 00:39:38,907 [pool-560-thread-1] INFO  server.RaftServerConfigKeys (ConfUtils.java:logGet(43)) - raft.server.log.appender.install.snapshot.enabled = false (custom)
2019-11-14 00:39:38,907 [pool-560-thread-1] INFO  impl.RaftServerImpl (ServerState.java:<init>(103)) - dabbec34-9112-49d4-9f2a-1cc38e957548@group-9C65680131BC: ConfigurationManager, init=-1: [cd356495-acb8-453f-96c5-8be3e7d4704d:192.168.34.25:35310, dabbec34-9112-49d4-9f2a-1cc38e957548:192.168.34.25:32788, 37126020-3da7-4e98-a0e1-da03830467e3:192.168.34.25:41443], old=null, confs=<EMPTY_MAP>
2019-11-14 00:39:38,907 [pool-550-thread-1] INFO  storage.RaftStorageDirectory (RaftStorageDirectory.java:analyzeStorage(246)) - The storage directory /workdir/hadoop-ozone/integration-test/target/test-dir/MiniOzoneClusterImpl-f0c02ddf-6665-4004-91fc-64de6051483a/datanode-4/data/ratis/d2b63988-c41d-473e-8da8-9c65680131bc does not exist. Creating ...
2019-11-14 00:39:38,907 [pool-560-thread-1] INFO  server.RaftServerConfigKeys (ConfUtils.java:logGet(43)) - raft.server.storage.dir = [/workdir/hadoop-ozone/integration-test/target/test-dir/MiniOzoneClusterImpl-f0c02ddf-6665-4004-91fc-64de6051483a/datanode-5/data/ratis] (custom)
2019-11-14 00:39:38,907 [pool-560-thread-1] INFO  server.RaftServerConfigKeys (ConfUtils.java:logGet(43)) - raft.server.log.corruption.policy = EXCEPTION (default)
2019-11-14 00:39:38,907 [pool-560-thread-1] INFO  storage.RaftStorageDirectory (RaftStorageDirectory.java:analyzeStorage(246)) - The storage directory /workdir/hadoop-ozone/integration-test/target/test-dir/MiniOzoneClusterImpl-f0c02ddf-6665-4004-91fc-64de6051483a/datanode-5/data/ratis/d2b63988-c41d-473e-8da8-9c65680131bc does not exist. Creating ...
2019-11-14 00:39:38,916 [IPC Server handler 19 on 38866] INFO  net.NetworkTopology (NetworkTopologyImpl.java:add(111)) - Added a new node: /rack1/f3a6f38f-08d4-4a6a-b30b-ec54e2e520c3
2019-11-14 00:39:38,916 [IPC Server handler 19 on 38866] INFO  node.SCMNodeManager (SCMNodeManager.java:register(267)) - Registered Data node : f3a6f38f-08d4-4a6a-b30b-ec54e2e520c3{ip: 192.168.34.25, host: pr-hdds-2474-ghsjm-2904119463, networkLocation: /rack1, certSerialId: null}
2019-11-14 00:39:38,921 [pool-560-thread-1] INFO  storage.RaftStorageDirectory (RaftStorageDirectory.java:tryLock(328)) - Lock on /workdir/hadoop-ozone/integration-test/target/test-dir/MiniOzoneClusterImpl-f0c02ddf-6665-4004-91fc-64de6051483a/datanode-5/data/ratis/d2b63988-c41d-473e-8da8-9c65680131bc/in_use.lock acquired by nodename 12001@pr-hdds-2474-ghsjm-2904119463
2019-11-14 00:39:38,921 [pool-540-thread-1] INFO  storage.RaftStorageDirectory (RaftStorageDirectory.java:tryLock(328)) - Lock on /workdir/hadoop-ozone/integration-test/target/test-dir/MiniOzoneClusterImpl-f0c02ddf-6665-4004-91fc-64de6051483a/datanode-3/data/ratis/d2b63988-c41d-473e-8da8-9c65680131bc/in_use.lock acquired by nodename 12001@pr-hdds-2474-ghsjm-2904119463
2019-11-14 00:39:38,921 [pool-550-thread-1] INFO  storage.RaftStorageDirectory (RaftStorageDirectory.java:tryLock(328)) - Lock on /workdir/hadoop-ozone/integration-test/target/test-dir/MiniOzoneClusterImpl-f0c02ddf-6665-4004-91fc-64de6051483a/datanode-4/data/ratis/d2b63988-c41d-473e-8da8-9c65680131bc/in_use.lock acquired by nodename 12001@pr-hdds-2474-ghsjm-2904119463
2019-11-14 00:39:38,934 [pool-550-thread-1] INFO  storage.RaftStorage (RaftStorage.java:format(84)) - Storage directory /workdir/hadoop-ozone/integration-test/target/test-dir/MiniOzoneClusterImpl-f0c02ddf-6665-4004-91fc-64de6051483a/datanode-4/data/ratis/d2b63988-c41d-473e-8da8-9c65680131bc has been successfully formatted.
2019-11-14 00:39:38,934 [pool-540-thread-1] INFO  storage.RaftStorage (RaftStorage.java:format(84)) - Storage directory /workdir/hadoop-ozone/integration-test/target/test-dir/MiniOzoneClusterImpl-f0c02ddf-6665-4004-91fc-64de6051483a/datanode-3/data/ratis/d2b63988-c41d-473e-8da8-9c65680131bc has been successfully formatted.
2019-11-14 00:39:38,934 [pool-560-thread-1] INFO  storage.RaftStorage (RaftStorage.java:format(84)) - Storage directory /workdir/hadoop-ozone/integration-test/target/test-dir/MiniOzoneClusterImpl-f0c02ddf-6665-4004-91fc-64de6051483a/datanode-5/data/ratis/d2b63988-c41d-473e-8da8-9c65680131bc has been successfully formatted.
2019-11-14 00:39:38,934 [pool-550-thread-1] INFO  ratis.ContainerStateMachine (ContainerStateMachine.java:loadSnapshot(223)) - group-9C65680131BC: The snapshot info is null. Setting the last applied indexto:(t:0, i:~)
2019-11-14 00:39:38,934 [pool-560-thread-1] INFO  ratis.ContainerStateMachine (ContainerStateMachine.java:loadSnapshot(223)) - group-9C65680131BC: The snapshot info is null. Setting the last applied indexto:(t:0, i:~)
2019-11-14 00:39:38,934 [pool-550-thread-1] INFO  server.RaftServerConfigKeys (ConfUtils.java:logGet(43)) - raft.server.notification.no-leader.timeout = 120s (custom)
2019-11-14 00:39:38,934 [pool-540-thread-1] INFO  ratis.ContainerStateMachine (ContainerStateMachine.java:loadSnapshot(223)) - group-9C65680131BC: The snapshot info is null. Setting the last applied indexto:(t:0, i:~)
2019-11-14 00:39:38,935 [pool-550-thread-1] INFO  server.RaftServerConfigKeys (ConfUtils.java:logGet(43)) - raft.server.log.use.memory = false (default)
2019-11-14 00:39:38,935 [pool-560-thread-1] INFO  server.RaftServerConfigKeys (ConfUtils.java:logGet(43)) - raft.server.notification.no-leader.timeout = 120s (custom)
2019-11-14 00:39:38,935 [pool-550-thread-1] INFO  server.RaftServerConfigKeys (ConfUtils.java:logGet(43)) - raft.server.log.purge.gap = 1000000 (custom)
2019-11-14 00:39:38,935 [pool-540-thread-1] INFO  server.RaftServerConfigKeys (ConfUtils.java:logGet(43)) - raft.server.notification.no-leader.timeout = 120s (custom)
2019-11-14 00:39:38,935 [pool-550-thread-1] INFO  server.RaftServerConfigKeys (ConfUtils.java:logGet(43)) - raft.server.log.appender.buffer.byte-limit = 33554432 (custom)
2019-11-14 00:39:38,935 [pool-560-thread-1] INFO  server.RaftServerConfigKeys (ConfUtils.java:logGet(43)) - raft.server.log.use.memory = false (default)
2019-11-14 00:39:38,935 [pool-550-thread-1] INFO  server.RaftServerConfigKeys (ConfUtils.java:logGet(43)) - raft.server.log.segment.size.max = 1048576 (custom)
2019-11-14 00:39:38,935 [pool-540-thread-1] INFO  server.RaftServerConfigKeys (ConfUtils.java:logGet(43)) - raft.server.log.use.memory = false (default)
2019-11-14 00:39:38,935 [pool-550-thread-1] INFO  server.RaftServerConfigKeys (ConfUtils.java:logGet(43)) - raft.server.log.segment.cache.num.max = 2 (custom)
2019-11-14 00:39:38,935 [pool-560-thread-1] INFO  server.RaftServerConfigKeys (ConfUtils.java:logGet(43)) - raft.server.log.purge.gap = 1000000 (custom)
2019-11-14 00:39:38,935 [pool-550-thread-1] INFO  segmented.SegmentedRaftLogWorker (SegmentedRaftLogWorker.java:<init>(173)) - new 37126020-3da7-4e98-a0e1-da03830467e3@group-9C65680131BC-SegmentedRaftLogWorker for RaftStorage:Storage Directory /workdir/hadoop-ozone/integration-test/target/test-dir/MiniOzoneClusterImpl-f0c02ddf-6665-4004-91fc-64de6051483a/datanode-4/data/ratis/d2b63988-c41d-473e-8da8-9c65680131bc
2019-11-14 00:39:38,935 [pool-540-thread-1] INFO  server.RaftServerConfigKeys (ConfUtils.java:logGet(43)) - raft.server.log.purge.gap = 1000000 (custom)
2019-11-14 00:39:38,936 [pool-550-thread-1] INFO  server.RaftServerConfigKeys (ConfUtils.java:logGet(43)) - raft.server.log.queue.byte-limit = 2147483647 (custom)
2019-11-14 00:39:38,936 [pool-560-thread-1] INFO  server.RaftServerConfigKeys (ConfUtils.java:logGet(43)) - raft.server.log.appender.buffer.byte-limit = 33554432 (custom)
2019-11-14 00:39:38,936 [pool-550-thread-1] INFO  server.RaftServerConfigKeys (ConfUtils.java:logGet(43)) - raft.server.log.queue.element-limit = 1024 (custom)
2019-11-14 00:39:38,936 [pool-540-thread-1] INFO  server.RaftServerConfigKeys (ConfUtils.java:logGet(43)) - raft.server.log.appender.buffer.byte-limit = 33554432 (custom)
2019-11-14 00:39:38,936 [pool-550-thread-1] INFO  server.RaftServerConfigKeys (ConfUtils.java:logGet(43)) - raft.server.log.segment.size.max = 1048576 (custom)
2019-11-14 00:39:38,936 [pool-560-thread-1] INFO  server.RaftServerConfigKeys (ConfUtils.java:logGet(43)) - raft.server.log.segment.size.max = 1048576 (custom)
2019-11-14 00:39:38,936 [pool-550-thread-1] INFO  server.RaftServerConfigKeys (ConfUtils.java:logGet(43)) - raft.server.log.preallocated.size = 16384 (custom)
2019-11-14 00:39:38,936 [pool-540-thread-1] INFO  server.RaftServerConfigKeys (ConfUtils.java:logGet(43)) - raft.server.log.segment.size.max = 1048576 (custom)
2019-11-14 00:39:38,936 [pool-550-thread-1] INFO  server.RaftServerConfigKeys (ConfUtils.java:logGet(43)) - raft.server.log.write.buffer.size = 33554432 (custom)
2019-11-14 00:39:38,936 [pool-560-thread-1] INFO  server.RaftServerConfigKeys (ConfUtils.java:logGet(43)) - raft.server.log.segment.cache.num.max = 2 (custom)
2019-11-14 00:39:38,936 [pool-550-thread-1] INFO  server.RaftServerConfigKeys (ConfUtils.java:logGet(43)) - raft.server.log.force.sync.num = 128 (default)
2019-11-14 00:39:38,936 [pool-540-thread-1] INFO  server.RaftServerConfigKeys (ConfUtils.java:logGet(43)) - raft.server.log.segment.cache.num.max = 2 (custom)
2019-11-14 00:39:38,937 [pool-550-thread-1] INFO  server.RaftServerConfigKeys (ConfUtils.java:logGet(43)) - raft.server.log.statemachine.data.sync = true (default)
2019-11-14 00:39:38,937 [pool-560-thread-1] INFO  segmented.SegmentedRaftLogWorker (SegmentedRaftLogWorker.java:<init>(173)) - new dabbec34-9112-49d4-9f2a-1cc38e957548@group-9C65680131BC-SegmentedRaftLogWorker for RaftStorage:Storage Directory /workdir/hadoop-ozone/integration-test/target/test-dir/MiniOzoneClusterImpl-f0c02ddf-6665-4004-91fc-64de6051483a/datanode-5/data/ratis/d2b63988-c41d-473e-8da8-9c65680131bc
2019-11-14 00:39:38,937 [pool-550-thread-1] INFO  server.RaftServerConfigKeys (ConfUtils.java:logGet(43)) - raft.server.log.statemachine.data.sync.timeout = 10s (default)
2019-11-14 00:39:38,937 [pool-540-thread-1] INFO  segmented.SegmentedRaftLogWorker (SegmentedRaftLogWorker.java:<init>(173)) - new cd356495-acb8-453f-96c5-8be3e7d4704d@group-9C65680131BC-SegmentedRaftLogWorker for RaftStorage:Storage Directory /workdir/hadoop-ozone/integration-test/target/test-dir/MiniOzoneClusterImpl-f0c02ddf-6665-4004-91fc-64de6051483a/datanode-3/data/ratis/d2b63988-c41d-473e-8da8-9c65680131bc
2019-11-14 00:39:38,937 [pool-550-thread-1] INFO  server.RaftServerConfigKeys (ConfUtils.java:logGet(43)) - raft.server.log.statemachine.data.sync.timeout.retry = -1 (default)
2019-11-14 00:39:38,937 [pool-560-thread-1] INFO  server.RaftServerConfigKeys (ConfUtils.java:logGet(43)) - raft.server.log.queue.byte-limit = 2147483647 (custom)
2019-11-14 00:39:38,937 [pool-550-thread-1] INFO  server.RaftServerConfigKeys (ConfUtils.java:logGet(43)) - raft.server.log.statemachine.data.caching.enabled = true (custom)
2019-11-14 00:39:38,937 [pool-540-thread-1] INFO  server.RaftServerConfigKeys (ConfUtils.java:logGet(43)) - raft.server.log.queue.byte-limit = 2147483647 (custom)
2019-11-14 00:39:38,937 [pool-540-thread-1] INFO  server.RaftServerConfigKeys (ConfUtils.java:logGet(43)) - raft.server.log.queue.element-limit = 1024 (custom)
2019-11-14 00:39:38,937 [pool-560-thread-1] INFO  server.RaftServerConfigKeys (ConfUtils.java:logGet(43)) - raft.server.log.queue.element-limit = 1024 (custom)
2019-11-14 00:39:38,937 [pool-550-thread-1] INFO  segmented.SegmentedRaftLogWorker (SegmentedRaftLogWorker.java:lambda$new$0(128)) - 37126020-3da7-4e98-a0e1-da03830467e3@group-9C65680131BC-SegmentedRaftLogWorker: flushIndex: setUnconditionally 0 -> -1
2019-11-14 00:39:38,937 [pool-540-thread-1] INFO  server.RaftServerConfigKeys (ConfUtils.java:logGet(43)) - raft.server.log.segment.size.max = 1048576 (custom)
2019-11-14 00:39:38,938 [pool-540-thread-1] INFO  server.RaftServerConfigKeys (ConfUtils.java:logGet(43)) - raft.server.log.preallocated.size = 16384 (custom)
2019-11-14 00:39:38,938 [pool-540-thread-1] INFO  server.RaftServerConfigKeys (ConfUtils.java:logGet(43)) - raft.server.log.write.buffer.size = 33554432 (custom)
2019-11-14 00:39:38,938 [pool-560-thread-1] INFO  server.RaftServerConfigKeys (ConfUtils.java:logGet(43)) - raft.server.log.segment.size.max = 1048576 (custom)
2019-11-14 00:39:38,938 [pool-540-thread-1] INFO  server.RaftServerConfigKeys (ConfUtils.java:logGet(43)) - raft.server.log.force.sync.num = 128 (default)
2019-11-14 00:39:38,938 [pool-540-thread-1] INFO  server.RaftServerConfigKeys (ConfUtils.java:logGet(43)) - raft.server.log.statemachine.data.sync = true (default)
2019-11-14 00:39:38,938 [pool-550-thread-1] INFO  server.RaftServerConfigKeys (ConfUtils.java:logGet(43)) - raft.server.snapshot.auto.trigger.enabled = true (custom)
2019-11-14 00:39:38,938 [pool-540-thread-1] INFO  server.RaftServerConfigKeys (ConfUtils.java:logGet(43)) - raft.server.log.statemachine.data.sync.timeout = 10s (default)
2019-11-14 00:39:38,938 [pool-560-thread-1] INFO  server.RaftServerConfigKeys (ConfUtils.java:logGet(43)) - raft.server.log.preallocated.size = 16384 (custom)
2019-11-14 00:39:38,938 [pool-540-thread-1] INFO  server.RaftServerConfigKeys (ConfUtils.java:logGet(43)) - raft.server.log.statemachine.data.sync.timeout.retry = -1 (default)
2019-11-14 00:39:38,938 [pool-550-thread-1] INFO  server.RaftServerConfigKeys (ConfUtils.java:logGet(43)) - raft.server.snapshot.auto.trigger.threshold = 10000 (custom)
2019-11-14 00:39:38,939 [pool-540-thread-1] INFO  server.RaftServerConfigKeys (ConfUtils.java:logGet(43)) - raft.server.log.statemachine.data.caching.enabled = true (custom)
2019-11-14 00:39:38,939 [pool-560-thread-1] INFO  server.RaftServerConfigKeys (ConfUtils.java:logGet(43)) - raft.server.log.write.buffer.size = 33554432 (custom)
2019-11-14 00:39:38,939 [pool-550-thread-1] INFO  server.RaftServerConfigKeys (ConfUtils.java:logGet(43)) - raft.server.snapshot.retention.file.num = 5 (custom)
2019-11-14 00:39:38,939 [pool-540-thread-1] INFO  segmented.SegmentedRaftLogWorker (SegmentedRaftLogWorker.java:lambda$new$0(128)) - cd356495-acb8-453f-96c5-8be3e7d4704d@group-9C65680131BC-SegmentedRaftLogWorker: flushIndex: setUnconditionally 0 -> -1
2019-11-14 00:39:38,939 [pool-560-thread-1] INFO  server.RaftServerConfigKeys (ConfUtils.java:logGet(43)) - raft.server.log.force.sync.num = 128 (default)
2019-11-14 00:39:38,939 [pool-550-thread-1] INFO  server.RaftServerConfigKeys (ConfUtils.java:logGet(43)) - raft.server.retrycache.expirytime = 600000ms (custom)
2019-11-14 00:39:38,939 [pool-540-thread-1] INFO  server.RaftServerConfigKeys (ConfUtils.java:logGet(43)) - raft.server.snapshot.auto.trigger.enabled = true (custom)
2019-11-14 00:39:38,939 [pool-560-thread-1] INFO  server.RaftServerConfigKeys (ConfUtils.java:logGet(43)) - raft.server.log.statemachine.data.sync = true (default)
2019-11-14 00:39:38,939 [pool-550-thread-1] WARN  impl.MetricRegistriesImpl (MetricRegistriesImpl.java:lambda$create$1(61)) - First MetricRegistry has been created without registering reporters. You may need to call MetricRegistries.global().addReportRegistration(...) before.
2019-11-14 00:39:38,939 [pool-540-thread-1] INFO  server.RaftServerConfigKeys (ConfUtils.java:logGet(43)) - raft.server.snapshot.auto.trigger.threshold = 10000 (custom)
2019-11-14 00:39:38,939 [pool-550-thread-1] WARN  impl.MetricRegistriesImpl (MetricRegistriesImpl.java:lambda$create$1(61)) - First MetricRegistry has been created without registering reporters. You may need to call MetricRegistries.global().addReportRegistration(...) before.
2019-11-14 00:39:38,939 [pool-560-thread-1] INFO  server.RaftServerConfigKeys (ConfUtils.java:logGet(43)) - raft.server.log.statemachine.data.sync.timeout = 10s (default)
2019-11-14 00:39:38,939 [pool-540-thread-1] INFO  server.RaftServerConfigKeys (ConfUtils.java:logGet(43)) - raft.server.snapshot.retention.file.num = 5 (custom)
2019-11-14 00:39:38,940 [pool-550-thread-1] INFO  impl.RaftServerImpl (RaftServerImpl.java:start(184)) - 37126020-3da7-4e98-a0e1-da03830467e3@group-9C65680131BC: start as a follower, conf=-1: [cd356495-acb8-453f-96c5-8be3e7d4704d:192.168.34.25:35310, dabbec34-9112-49d4-9f2a-1cc38e957548:192.168.34.25:32788, 37126020-3da7-4e98-a0e1-da03830467e3:192.168.34.25:41443], old=null
2019-11-14 00:39:38,940 [pool-560-thread-1] INFO  server.RaftServerConfigKeys (ConfUtils.java:logGet(43)) - raft.server.log.statemachine.data.sync.timeout.retry = -1 (default)
2019-11-14 00:39:38,940 [pool-550-thread-1] INFO  impl.RaftServerImpl (RaftServerImpl.java:setRole(173)) - 37126020-3da7-4e98-a0e1-da03830467e3@group-9C65680131BC: changes role from      null to FOLLOWER at term 0 for startAsFollower
2019-11-14 00:39:38,940 [pool-540-thread-1] INFO  server.RaftServerConfigKeys (ConfUtils.java:logGet(43)) - raft.server.retrycache.expirytime = 600000ms (custom)
2019-11-14 00:39:38,940 [pool-550-thread-1] INFO  impl.RoleInfo (RoleInfo.java:updateAndGet(143)) - 37126020-3da7-4e98-a0e1-da03830467e3: start FollowerState
2019-11-14 00:39:38,940 [pool-560-thread-1] INFO  server.RaftServerConfigKeys (ConfUtils.java:logGet(43)) - raft.server.log.statemachine.data.caching.enabled = true (custom)
2019-11-14 00:39:38,940 [pool-540-thread-1] WARN  impl.MetricRegistriesImpl (MetricRegistriesImpl.java:lambda$create$1(61)) - First MetricRegistry has been created without registering reporters. You may need to call MetricRegistries.global().addReportRegistration(...) before.
2019-11-14 00:39:38,940 [pool-540-thread-1] WARN  impl.MetricRegistriesImpl (MetricRegistriesImpl.java:lambda$create$1(61)) - First MetricRegistry has been created without registering reporters. You may need to call MetricRegistries.global().addReportRegistration(...) before.
2019-11-14 00:39:38,940 [pool-560-thread-1] INFO  segmented.SegmentedRaftLogWorker (SegmentedRaftLogWorker.java:lambda$new$0(128)) - dabbec34-9112-49d4-9f2a-1cc38e957548@group-9C65680131BC-SegmentedRaftLogWorker: flushIndex: setUnconditionally 0 -> -1
2019-11-14 00:39:38,940 [pool-550-thread-1] INFO  util.JmxRegister (JmxRegister.java:tryRegister(44)) - Successfully registered JMX Bean with object name Ratis:service=RaftServer,group=group-9C65680131BC,id=37126020-3da7-4e98-a0e1-da03830467e3
2019-11-14 00:39:38,940 [pool-540-thread-1] INFO  impl.RaftServerImpl (RaftServerImpl.java:start(184)) - cd356495-acb8-453f-96c5-8be3e7d4704d@group-9C65680131BC: start as a follower, conf=-1: [cd356495-acb8-453f-96c5-8be3e7d4704d:192.168.34.25:35310, dabbec34-9112-49d4-9f2a-1cc38e957548:192.168.34.25:32788, 37126020-3da7-4e98-a0e1-da03830467e3:192.168.34.25:41443], old=null
2019-11-14 00:39:38,941 [pool-560-thread-1] INFO  server.RaftServerConfigKeys (ConfUtils.java:logGet(43)) - raft.server.snapshot.auto.trigger.enabled = true (custom)
2019-11-14 00:39:38,941 [pool-550-thread-1] WARN  impl.MetricRegistriesImpl (MetricRegistriesImpl.java:lambda$create$1(61)) - First MetricRegistry has been created without registering reporters. You may need to call MetricRegistries.global().addReportRegistration(...) before.
2019-11-14 00:39:38,941 [pool-560-thread-1] INFO  server.RaftServerConfigKeys (ConfUtils.java:logGet(43)) - raft.server.snapshot.auto.trigger.threshold = 10000 (custom)
2019-11-14 00:39:38,941 [pool-540-thread-1] INFO  impl.RaftServerImpl (RaftServerImpl.java:setRole(173)) - cd356495-acb8-453f-96c5-8be3e7d4704d@group-9C65680131BC: changes role from      null to FOLLOWER at term 0 for startAsFollower
2019-11-14 00:39:38,941 [pool-560-thread-1] INFO  server.RaftServerConfigKeys (ConfUtils.java:logGet(43)) - raft.server.snapshot.retention.file.num = 5 (custom)
2019-11-14 00:39:38,941 [pool-560-thread-1] INFO  server.RaftServerConfigKeys (ConfUtils.java:logGet(43)) - raft.server.retrycache.expirytime = 600000ms (custom)
2019-11-14 00:39:38,941 [pool-540-thread-1] INFO  impl.RoleInfo (RoleInfo.java:updateAndGet(143)) - cd356495-acb8-453f-96c5-8be3e7d4704d: start FollowerState
2019-11-14 00:39:38,941 [pool-560-thread-1] WARN  impl.MetricRegistriesImpl (MetricRegistriesImpl.java:lambda$create$1(61)) - First MetricRegistry has been created without registering reporters. You may need to call MetricRegistries.global().addReportRegistration(...) before.
2019-11-14 00:39:38,942 [pool-560-thread-1] WARN  impl.MetricRegistriesImpl (MetricRegistriesImpl.java:lambda$create$1(61)) - First MetricRegistry has been created without registering reporters. You may need to call MetricRegistries.global().addReportRegistration(...) before.
2019-11-14 00:39:38,942 [pool-540-thread-1] INFO  util.JmxRegister (JmxRegister.java:tryRegister(44)) - Successfully registered JMX Bean with object name Ratis:service=RaftServer,group=group-9C65680131BC,id=cd356495-acb8-453f-96c5-8be3e7d4704d
2019-11-14 00:39:38,942 [pool-560-thread-1] INFO  impl.RaftServerImpl (RaftServerImpl.java:start(184)) - dabbec34-9112-49d4-9f2a-1cc38e957548@group-9C65680131BC: start as a follower, conf=-1: [cd356495-acb8-453f-96c5-8be3e7d4704d:192.168.34.25:35310, dabbec34-9112-49d4-9f2a-1cc38e957548:192.168.34.25:32788, 37126020-3da7-4e98-a0e1-da03830467e3:192.168.34.25:41443], old=null
2019-11-14 00:39:38,942 [pool-540-thread-1] WARN  impl.MetricRegistriesImpl (MetricRegistriesImpl.java:lambda$create$1(61)) - First MetricRegistry has been created without registering reporters. You may need to call MetricRegistries.global().addReportRegistration(...) before.
2019-11-14 00:39:38,942 [pool-560-thread-1] INFO  impl.RaftServerImpl (RaftServerImpl.java:setRole(173)) - dabbec34-9112-49d4-9f2a-1cc38e957548@group-9C65680131BC: changes role from      null to FOLLOWER at term 0 for startAsFollower
2019-11-14 00:39:38,942 [pool-560-thread-1] INFO  impl.RoleInfo (RoleInfo.java:updateAndGet(143)) - dabbec34-9112-49d4-9f2a-1cc38e957548: start FollowerState
2019-11-14 00:39:38,943 [pool-560-thread-1] INFO  util.JmxRegister (JmxRegister.java:tryRegister(44)) - Successfully registered JMX Bean with object name Ratis:service=RaftServer,group=group-9C65680131BC,id=dabbec34-9112-49d4-9f2a-1cc38e957548
2019-11-14 00:39:38,943 [pool-560-thread-1] WARN  impl.MetricRegistriesImpl (MetricRegistriesImpl.java:lambda$create$1(61)) - First MetricRegistry has been created without registering reporters. You may need to call MetricRegistries.global().addReportRegistration(...) before.
2019-11-14 00:39:38,944 [RatisPipelineUtilsThread] INFO  pipeline.PipelineStateManager (PipelineStateManager.java:addPipeline(55)) - Created pipeline Pipeline[ Id: d2b63988-c41d-473e-8da8-9c65680131bc, Nodes: cd356495-acb8-453f-96c5-8be3e7d4704d{ip: 192.168.34.25, host: pr-hdds-2474-ghsjm-2904119463, networkLocation: /rack1, certSerialId: null}37126020-3da7-4e98-a0e1-da03830467e3{ip: 192.168.34.25, host: pr-hdds-2474-ghsjm-2904119463, networkLocation: /rack1, certSerialId: null}dabbec34-9112-49d4-9f2a-1cc38e957548{ip: 192.168.34.25, host: pr-hdds-2474-ghsjm-2904119463, networkLocation: /rack1, certSerialId: null}, Type:RATIS, Factor:THREE, State:ALLOCATED]
2019-11-14 00:39:38,986 [IPC Server handler 17 on 38866] INFO  net.NetworkTopology (NetworkTopologyImpl.java:add(111)) - Added a new node: /rack1/91297bf6-d797-4b12-9aab-de0c4610252f
2019-11-14 00:39:38,986 [IPC Server handler 17 on 38866] INFO  node.SCMNodeManager (SCMNodeManager.java:register(267)) - Registered Data node : 91297bf6-d797-4b12-9aab-de0c4610252f{ip: 192.168.34.25, host: pr-hdds-2474-ghsjm-2904119463, networkLocation: /rack1, certSerialId: null}
2019-11-14 00:39:38,992 [grpc-default-executor-7] INFO  impl.RaftServerProxy (RaftServerProxy.java:addNew(89)) - 91297bf6-d797-4b12-9aab-de0c4610252f: addNew group-15CCCCAF29BE:[91297bf6-d797-4b12-9aab-de0c4610252f:192.168.34.25:35231] returns group-15CCCCAF29BE:java.util.concurrent.CompletableFuture@30d56f2[Not completed]
2019-11-14 00:39:38,993 [pool-580-thread-1] INFO  impl.RaftServerImpl (RaftServerImpl.java:<init>(98)) - 91297bf6-d797-4b12-9aab-de0c4610252f: new RaftServerImpl for group-15CCCCAF29BE:[91297bf6-d797-4b12-9aab-de0c4610252f:192.168.34.25:35231] with ContainerStateMachine:uninitialized
2019-11-14 00:39:38,993 [pool-580-thread-1] INFO  server.RaftServerConfigKeys (ConfUtils.java:logGet(43)) - raft.server.rpc.timeout.min = 1s (custom)
2019-11-14 00:39:38,994 [pool-580-thread-1] INFO  server.RaftServerConfigKeys (ConfUtils.java:logGet(43)) - raft.server.rpc.timeout.max = 1200ms (custom)
2019-11-14 00:39:38,994 [pool-580-thread-1] INFO  server.RaftServerConfigKeys (ConfUtils.java:logGet(43)) - raft.server.rpcslowness.timeout = 120s (custom)
2019-11-14 00:39:38,994 [pool-580-thread-1] INFO  server.RaftServerConfigKeys (ConfUtils.java:logGet(43)) - raft.server.sleep.deviation.threshold = 300 (default)
2019-11-14 00:39:38,994 [pool-580-thread-1] INFO  server.RaftServerConfigKeys (ConfUtils.java:logGet(43)) - raft.server.log.appender.install.snapshot.enabled = false (custom)
2019-11-14 00:39:38,994 [pool-580-thread-1] INFO  impl.RaftServerImpl (ServerState.java:<init>(103)) - 91297bf6-d797-4b12-9aab-de0c4610252f@group-15CCCCAF29BE: ConfigurationManager, init=-1: [91297bf6-d797-4b12-9aab-de0c4610252f:192.168.34.25:35231], old=null, confs=<EMPTY_MAP>
2019-11-14 00:39:38,994 [pool-580-thread-1] INFO  server.RaftServerConfigKeys (ConfUtils.java:logGet(43)) - raft.server.storage.dir = [/workdir/hadoop-ozone/integration-test/target/test-dir/MiniOzoneClusterImpl-f0c02ddf-6665-4004-91fc-64de6051483a/datanode-7/data/ratis] (custom)
2019-11-14 00:39:38,994 [pool-580-thread-1] INFO  server.RaftServerConfigKeys (ConfUtils.java:logGet(43)) - raft.server.log.corruption.policy = EXCEPTION (default)
2019-11-14 00:39:38,994 [pool-580-thread-1] INFO  storage.RaftStorageDirectory (RaftStorageDirectory.java:analyzeStorage(246)) - The storage directory /workdir/hadoop-ozone/integration-test/target/test-dir/MiniOzoneClusterImpl-f0c02ddf-6665-4004-91fc-64de6051483a/datanode-7/data/ratis/16f0d2aa-d4e7-4a33-b48d-15ccccaf29be does not exist. Creating ...
2019-11-14 00:39:39,007 [pool-580-thread-1] INFO  storage.RaftStorageDirectory (RaftStorageDirectory.java:tryLock(328)) - Lock on /workdir/hadoop-ozone/integration-test/target/test-dir/MiniOzoneClusterImpl-f0c02ddf-6665-4004-91fc-64de6051483a/datanode-7/data/ratis/16f0d2aa-d4e7-4a33-b48d-15ccccaf29be/in_use.lock acquired by nodename 12001@pr-hdds-2474-ghsjm-2904119463
2019-11-14 00:39:39,022 [pool-580-thread-1] INFO  storage.RaftStorage (RaftStorage.java:format(84)) - Storage directory /workdir/hadoop-ozone/integration-test/target/test-dir/MiniOzoneClusterImpl-f0c02ddf-6665-4004-91fc-64de6051483a/datanode-7/data/ratis/16f0d2aa-d4e7-4a33-b48d-15ccccaf29be has been successfully formatted.
2019-11-14 00:39:39,022 [pool-580-thread-1] INFO  ratis.ContainerStateMachine (ContainerStateMachine.java:loadSnapshot(223)) - group-15CCCCAF29BE: The snapshot info is null. Setting the last applied indexto:(t:0, i:~)
2019-11-14 00:39:39,022 [pool-580-thread-1] INFO  server.RaftServerConfigKeys (ConfUtils.java:logGet(43)) - raft.server.notification.no-leader.timeout = 120s (custom)
2019-11-14 00:39:39,022 [pool-580-thread-1] INFO  server.RaftServerConfigKeys (ConfUtils.java:logGet(43)) - raft.server.log.use.memory = false (default)
2019-11-14 00:39:39,022 [pool-580-thread-1] INFO  server.RaftServerConfigKeys (ConfUtils.java:logGet(43)) - raft.server.log.purge.gap = 1000000 (custom)
2019-11-14 00:39:39,022 [pool-580-thread-1] INFO  server.RaftServerConfigKeys (ConfUtils.java:logGet(43)) - raft.server.log.appender.buffer.byte-limit = 33554432 (custom)
2019-11-14 00:39:39,022 [pool-580-thread-1] INFO  server.RaftServerConfigKeys (ConfUtils.java:logGet(43)) - raft.server.log.segment.size.max = 1048576 (custom)
2019-11-14 00:39:39,022 [pool-580-thread-1] WARN  impl.MetricRegistriesImpl (MetricRegistriesImpl.java:lambda$create$1(61)) - First MetricRegistry has been created without registering reporters. You may need to call MetricRegistries.global().addReportRegistration(...) before.
2019-11-14 00:39:39,023 [pool-580-thread-1] INFO  server.RaftServerConfigKeys (ConfUtils.java:logGet(43)) - raft.server.log.segment.cache.num.max = 2 (custom)
2019-11-14 00:39:39,023 [pool-580-thread-1] INFO  segmented.SegmentedRaftLogWorker (SegmentedRaftLogWorker.java:<init>(173)) - new 91297bf6-d797-4b12-9aab-de0c4610252f@group-15CCCCAF29BE-SegmentedRaftLogWorker for RaftStorage:Storage Directory /workdir/hadoop-ozone/integration-test/target/test-dir/MiniOzoneClusterImpl-f0c02ddf-6665-4004-91fc-64de6051483a/datanode-7/data/ratis/16f0d2aa-d4e7-4a33-b48d-15ccccaf29be
2019-11-14 00:39:39,023 [pool-580-thread-1] INFO  server.RaftServerConfigKeys (ConfUtils.java:logGet(43)) - raft.server.log.queue.byte-limit = 2147483647 (custom)
2019-11-14 00:39:39,023 [pool-580-thread-1] INFO  server.RaftServerConfigKeys (ConfUtils.java:logGet(43)) - raft.server.log.queue.element-limit = 1024 (custom)
2019-11-14 00:39:39,023 [pool-580-thread-1] INFO  server.RaftServerConfigKeys (ConfUtils.java:logGet(43)) - raft.server.log.segment.size.max = 1048576 (custom)
2019-11-14 00:39:39,023 [pool-580-thread-1] INFO  server.RaftServerConfigKeys (ConfUtils.java:logGet(43)) - raft.server.log.preallocated.size = 16384 (custom)
2019-11-14 00:39:39,023 [pool-580-thread-1] INFO  server.RaftServerConfigKeys (ConfUtils.java:logGet(43)) - raft.server.log.write.buffer.size = 33554432 (custom)
2019-11-14 00:39:39,023 [pool-580-thread-1] INFO  server.RaftServerConfigKeys (ConfUtils.java:logGet(43)) - raft.server.log.force.sync.num = 128 (default)
2019-11-14 00:39:39,023 [pool-580-thread-1] INFO  server.RaftServerConfigKeys (ConfUtils.java:logGet(43)) - raft.server.log.statemachine.data.sync = true (default)
2019-11-14 00:39:39,023 [pool-580-thread-1] INFO  server.RaftServerConfigKeys (ConfUtils.java:logGet(43)) - raft.server.log.statemachine.data.sync.timeout = 10s (default)
2019-11-14 00:39:39,023 [pool-580-thread-1] INFO  server.RaftServerConfigKeys (ConfUtils.java:logGet(43)) - raft.server.log.statemachine.data.sync.timeout.retry = -1 (default)
2019-11-14 00:39:39,023 [pool-580-thread-1] INFO  server.RaftServerConfigKeys (ConfUtils.java:logGet(43)) - raft.server.log.statemachine.data.caching.enabled = true (custom)
2019-11-14 00:39:39,024 [pool-580-thread-1] INFO  segmented.SegmentedRaftLogWorker (SegmentedRaftLogWorker.java:lambda$new$0(128)) - 91297bf6-d797-4b12-9aab-de0c4610252f@group-15CCCCAF29BE-SegmentedRaftLogWorker: flushIndex: setUnconditionally 0 -> -1
2019-11-14 00:39:39,024 [pool-580-thread-1] INFO  server.RaftServerConfigKeys (ConfUtils.java:logGet(43)) - raft.server.snapshot.auto.trigger.enabled = true (custom)
2019-11-14 00:39:39,024 [pool-580-thread-1] INFO  server.RaftServerConfigKeys (ConfUtils.java:logGet(43)) - raft.server.snapshot.auto.trigger.threshold = 10000 (custom)
2019-11-14 00:39:39,024 [pool-580-thread-1] INFO  server.RaftServerConfigKeys (ConfUtils.java:logGet(43)) - raft.server.snapshot.retention.file.num = 5 (custom)
2019-11-14 00:39:39,024 [pool-580-thread-1] INFO  server.RaftServerConfigKeys (ConfUtils.java:logGet(43)) - raft.server.retrycache.expirytime = 600000ms (custom)
2019-11-14 00:39:39,024 [pool-580-thread-1] WARN  impl.MetricRegistriesImpl (MetricRegistriesImpl.java:lambda$create$1(61)) - First MetricRegistry has been created without registering reporters. You may need to call MetricRegistries.global().addReportRegistration(...) before.
2019-11-14 00:39:39,024 [pool-580-thread-1] WARN  impl.MetricRegistriesImpl (MetricRegistriesImpl.java:lambda$create$1(61)) - First MetricRegistry has been created without registering reporters. You may need to call MetricRegistries.global().addReportRegistration(...) before.
2019-11-14 00:39:39,024 [pool-580-thread-1] INFO  impl.RaftServerImpl (RaftServerImpl.java:start(184)) - 91297bf6-d797-4b12-9aab-de0c4610252f@group-15CCCCAF29BE: start as a follower, conf=-1: [91297bf6-d797-4b12-9aab-de0c4610252f:192.168.34.25:35231], old=null
2019-11-14 00:39:39,025 [pool-580-thread-1] INFO  impl.RaftServerImpl (RaftServerImpl.java:setRole(173)) - 91297bf6-d797-4b12-9aab-de0c4610252f@group-15CCCCAF29BE: changes role from      null to FOLLOWER at term 0 for startAsFollower
2019-11-14 00:39:39,025 [pool-580-thread-1] INFO  impl.RoleInfo (RoleInfo.java:updateAndGet(143)) - 91297bf6-d797-4b12-9aab-de0c4610252f: start FollowerState
2019-11-14 00:39:39,025 [pool-580-thread-1] INFO  util.JmxRegister (JmxRegister.java:tryRegister(44)) - Successfully registered JMX Bean with object name Ratis:service=RaftServer,group=group-15CCCCAF29BE,id=91297bf6-d797-4b12-9aab-de0c4610252f
2019-11-14 00:39:39,025 [pool-580-thread-1] WARN  impl.MetricRegistriesImpl (MetricRegistriesImpl.java:lambda$create$1(61)) - First MetricRegistry has been created without registering reporters. You may need to call MetricRegistries.global().addReportRegistration(...) before.
2019-11-14 00:39:39,027 [RatisPipelineUtilsThread] INFO  pipeline.PipelineStateManager (PipelineStateManager.java:addPipeline(55)) - Created pipeline Pipeline[ Id: 16f0d2aa-d4e7-4a33-b48d-15ccccaf29be, Nodes: 91297bf6-d797-4b12-9aab-de0c4610252f{ip: 192.168.34.25, host: pr-hdds-2474-ghsjm-2904119463, networkLocation: /rack1, certSerialId: null}, Type:RATIS, Factor:ONE, State:ALLOCATED]
2019-11-14 00:39:39,033 [grpc-default-executor-7] INFO  impl.RaftServerProxy (RaftServerProxy.java:addNew(89)) - f3a6f38f-08d4-4a6a-b30b-ec54e2e520c3: addNew group-BE669BB69236:[f3a6f38f-08d4-4a6a-b30b-ec54e2e520c3:192.168.34.25:38828] returns group-BE669BB69236:java.util.concurrent.CompletableFuture@1f32786b[Not completed]
2019-11-14 00:39:39,034 [pool-570-thread-1] INFO  impl.RaftServerImpl (RaftServerImpl.java:<init>(98)) - f3a6f38f-08d4-4a6a-b30b-ec54e2e520c3: new RaftServerImpl for group-BE669BB69236:[f3a6f38f-08d4-4a6a-b30b-ec54e2e520c3:192.168.34.25:38828] with ContainerStateMachine:uninitialized
2019-11-14 00:39:39,034 [pool-570-thread-1] INFO  server.RaftServerConfigKeys (ConfUtils.java:logGet(43)) - raft.server.rpc.timeout.min = 1s (custom)
2019-11-14 00:39:39,034 [pool-570-thread-1] INFO  server.RaftServerConfigKeys (ConfUtils.java:logGet(43)) - raft.server.rpc.timeout.max = 1200ms (custom)
2019-11-14 00:39:39,034 [pool-570-thread-1] INFO  server.RaftServerConfigKeys (ConfUtils.java:logGet(43)) - raft.server.rpcslowness.timeout = 120s (custom)
2019-11-14 00:39:39,034 [pool-570-thread-1] INFO  server.RaftServerConfigKeys (ConfUtils.java:logGet(43)) - raft.server.sleep.deviation.threshold = 300 (default)
2019-11-14 00:39:39,034 [pool-570-thread-1] INFO  server.RaftServerConfigKeys (ConfUtils.java:logGet(43)) - raft.server.log.appender.install.snapshot.enabled = false (custom)
2019-11-14 00:39:39,034 [pool-570-thread-1] INFO  impl.RaftServerImpl (ServerState.java:<init>(103)) - f3a6f38f-08d4-4a6a-b30b-ec54e2e520c3@group-BE669BB69236: ConfigurationManager, init=-1: [f3a6f38f-08d4-4a6a-b30b-ec54e2e520c3:192.168.34.25:38828], old=null, confs=<EMPTY_MAP>
2019-11-14 00:39:39,034 [pool-570-thread-1] INFO  server.RaftServerConfigKeys (ConfUtils.java:logGet(43)) - raft.server.storage.dir = [/workdir/hadoop-ozone/integration-test/target/test-dir/MiniOzoneClusterImpl-f0c02ddf-6665-4004-91fc-64de6051483a/datanode-6/data/ratis] (custom)
2019-11-14 00:39:39,035 [pool-570-thread-1] INFO  server.RaftServerConfigKeys (ConfUtils.java:logGet(43)) - raft.server.log.corruption.policy = EXCEPTION (default)
2019-11-14 00:39:39,035 [pool-570-thread-1] INFO  storage.RaftStorageDirectory (RaftStorageDirectory.java:analyzeStorage(246)) - The storage directory /workdir/hadoop-ozone/integration-test/target/test-dir/MiniOzoneClusterImpl-f0c02ddf-6665-4004-91fc-64de6051483a/datanode-6/data/ratis/88d83737-d4e6-4f00-86e3-be669bb69236 does not exist. Creating ...
2019-11-14 00:39:39,047 [pool-570-thread-1] INFO  storage.RaftStorageDirectory (RaftStorageDirectory.java:tryLock(328)) - Lock on /workdir/hadoop-ozone/integration-test/target/test-dir/MiniOzoneClusterImpl-f0c02ddf-6665-4004-91fc-64de6051483a/datanode-6/data/ratis/88d83737-d4e6-4f00-86e3-be669bb69236/in_use.lock acquired by nodename 12001@pr-hdds-2474-ghsjm-2904119463
2019-11-14 00:39:39,051 [IPC Server handler 3 on 38866] INFO  net.NetworkTopology (NetworkTopologyImpl.java:add(111)) - Added a new node: /rack1/cd0a212a-ef86-44b1-8f77-22d0bd8fbd35
2019-11-14 00:39:39,051 [IPC Server handler 3 on 38866] INFO  node.SCMNodeManager (SCMNodeManager.java:register(267)) - Registered Data node : cd0a212a-ef86-44b1-8f77-22d0bd8fbd35{ip: 192.168.34.25, host: pr-hdds-2474-ghsjm-2904119463, networkLocation: /rack1, certSerialId: null}
2019-11-14 00:39:39,061 [pool-570-thread-1] INFO  storage.RaftStorage (RaftStorage.java:format(84)) - Storage directory /workdir/hadoop-ozone/integration-test/target/test-dir/MiniOzoneClusterImpl-f0c02ddf-6665-4004-91fc-64de6051483a/datanode-6/data/ratis/88d83737-d4e6-4f00-86e3-be669bb69236 has been successfully formatted.
2019-11-14 00:39:39,061 [pool-570-thread-1] INFO  ratis.ContainerStateMachine (ContainerStateMachine.java:loadSnapshot(223)) - group-BE669BB69236: The snapshot info is null. Setting the last applied indexto:(t:0, i:~)
2019-11-14 00:39:39,061 [pool-570-thread-1] INFO  server.RaftServerConfigKeys (ConfUtils.java:logGet(43)) - raft.server.notification.no-leader.timeout = 120s (custom)
2019-11-14 00:39:39,061 [pool-570-thread-1] INFO  server.RaftServerConfigKeys (ConfUtils.java:logGet(43)) - raft.server.log.use.memory = false (default)
2019-11-14 00:39:39,061 [pool-570-thread-1] INFO  server.RaftServerConfigKeys (ConfUtils.java:logGet(43)) - raft.server.log.purge.gap = 1000000 (custom)
2019-11-14 00:39:39,061 [pool-570-thread-1] INFO  server.RaftServerConfigKeys (ConfUtils.java:logGet(43)) - raft.server.log.appender.buffer.byte-limit = 33554432 (custom)
2019-11-14 00:39:39,061 [pool-570-thread-1] INFO  server.RaftServerConfigKeys (ConfUtils.java:logGet(43)) - raft.server.log.segment.size.max = 1048576 (custom)
2019-11-14 00:39:39,061 [pool-570-thread-1] WARN  impl.MetricRegistriesImpl (MetricRegistriesImpl.java:lambda$create$1(61)) - First MetricRegistry has been created without registering reporters. You may need to call MetricRegistries.global().addReportRegistration(...) before.
2019-11-14 00:39:39,062 [pool-570-thread-1] INFO  server.RaftServerConfigKeys (ConfUtils.java:logGet(43)) - raft.server.log.segment.cache.num.max = 2 (custom)
2019-11-14 00:39:39,062 [pool-570-thread-1] INFO  segmented.SegmentedRaftLogWorker (SegmentedRaftLogWorker.java:<init>(173)) - new f3a6f38f-08d4-4a6a-b30b-ec54e2e520c3@group-BE669BB69236-SegmentedRaftLogWorker for RaftStorage:Storage Directory /workdir/hadoop-ozone/integration-test/target/test-dir/MiniOzoneClusterImpl-f0c02ddf-6665-4004-91fc-64de6051483a/datanode-6/data/ratis/88d83737-d4e6-4f00-86e3-be669bb69236
2019-11-14 00:39:39,062 [pool-570-thread-1] INFO  server.RaftServerConfigKeys (ConfUtils.java:logGet(43)) - raft.server.log.queue.byte-limit = 2147483647 (custom)
2019-11-14 00:39:39,062 [pool-570-thread-1] INFO  server.RaftServerConfigKeys (ConfUtils.java:logGet(43)) - raft.server.log.queue.element-limit = 1024 (custom)
2019-11-14 00:39:39,062 [pool-570-thread-1] INFO  server.RaftServerConfigKeys (ConfUtils.java:logGet(43)) - raft.server.log.segment.size.max = 1048576 (custom)
2019-11-14 00:39:39,062 [pool-570-thread-1] INFO  server.RaftServerConfigKeys (ConfUtils.java:logGet(43)) - raft.server.log.preallocated.size = 16384 (custom)
2019-11-14 00:39:39,062 [pool-570-thread-1] INFO  server.RaftServerConfigKeys (ConfUtils.java:logGet(43)) - raft.server.log.write.buffer.size = 33554432 (custom)
2019-11-14 00:39:39,062 [pool-570-thread-1] INFO  server.RaftServerConfigKeys (ConfUtils.java:logGet(43)) - raft.server.log.force.sync.num = 128 (default)
2019-11-14 00:39:39,062 [pool-570-thread-1] INFO  server.RaftServerConfigKeys (ConfUtils.java:logGet(43)) - raft.server.log.statemachine.data.sync = true (default)
2019-11-14 00:39:39,062 [pool-570-thread-1] INFO  server.RaftServerConfigKeys (ConfUtils.java:logGet(43)) - raft.server.log.statemachine.data.sync.timeout = 10s (default)
2019-11-14 00:39:39,062 [pool-570-thread-1] INFO  server.RaftServerConfigKeys (ConfUtils.java:logGet(43)) - raft.server.log.statemachine.data.sync.timeout.retry = -1 (default)
2019-11-14 00:39:39,062 [pool-570-thread-1] INFO  server.RaftServerConfigKeys (ConfUtils.java:logGet(43)) - raft.server.log.statemachine.data.caching.enabled = true (custom)
2019-11-14 00:39:39,063 [pool-570-thread-1] INFO  segmented.SegmentedRaftLogWorker (SegmentedRaftLogWorker.java:lambda$new$0(128)) - f3a6f38f-08d4-4a6a-b30b-ec54e2e520c3@group-BE669BB69236-SegmentedRaftLogWorker: flushIndex: setUnconditionally 0 -> -1
2019-11-14 00:39:39,063 [pool-570-thread-1] INFO  server.RaftServerConfigKeys (ConfUtils.java:logGet(43)) - raft.server.snapshot.auto.trigger.enabled = true (custom)
2019-11-14 00:39:39,063 [pool-570-thread-1] INFO  server.RaftServerConfigKeys (ConfUtils.java:logGet(43)) - raft.server.snapshot.auto.trigger.threshold = 10000 (custom)
2019-11-14 00:39:39,063 [pool-570-thread-1] INFO  server.RaftServerConfigKeys (ConfUtils.java:logGet(43)) - raft.server.snapshot.retention.file.num = 5 (custom)
2019-11-14 00:39:39,063 [pool-570-thread-1] INFO  server.RaftServerConfigKeys (ConfUtils.java:logGet(43)) - raft.server.retrycache.expirytime = 600000ms (custom)
2019-11-14 00:39:39,063 [pool-570-thread-1] WARN  impl.MetricRegistriesImpl (MetricRegistriesImpl.java:lambda$create$1(61)) - First MetricRegistry has been created without registering reporters. You may need to call MetricRegistries.global().addReportRegistration(...) before.
2019-11-14 00:39:39,063 [pool-570-thread-1] WARN  impl.MetricRegistriesImpl (MetricRegistriesImpl.java:lambda$create$1(61)) - First MetricRegistry has been created without registering reporters. You may need to call MetricRegistries.global().addReportRegistration(...) before.
2019-11-14 00:39:39,063 [pool-570-thread-1] INFO  impl.RaftServerImpl (RaftServerImpl.java:start(184)) - f3a6f38f-08d4-4a6a-b30b-ec54e2e520c3@group-BE669BB69236: start as a follower, conf=-1: [f3a6f38f-08d4-4a6a-b30b-ec54e2e520c3:192.168.34.25:38828], old=null
2019-11-14 00:39:39,063 [pool-570-thread-1] INFO  impl.RaftServerImpl (RaftServerImpl.java:setRole(173)) - f3a6f38f-08d4-4a6a-b30b-ec54e2e520c3@group-BE669BB69236: changes role from      null to FOLLOWER at term 0 for startAsFollower
2019-11-14 00:39:39,063 [pool-570-thread-1] INFO  impl.RoleInfo (RoleInfo.java:updateAndGet(143)) - f3a6f38f-08d4-4a6a-b30b-ec54e2e520c3: start FollowerState
2019-11-14 00:39:39,064 [pool-570-thread-1] INFO  util.JmxRegister (JmxRegister.java:tryRegister(44)) - Successfully registered JMX Bean with object name Ratis:service=RaftServer,group=group-BE669BB69236,id=f3a6f38f-08d4-4a6a-b30b-ec54e2e520c3
2019-11-14 00:39:39,064 [pool-570-thread-1] WARN  impl.MetricRegistriesImpl (MetricRegistriesImpl.java:lambda$create$1(61)) - First MetricRegistry has been created without registering reporters. You may need to call MetricRegistries.global().addReportRegistration(...) before.
2019-11-14 00:39:39,066 [RatisPipelineUtilsThread] INFO  pipeline.PipelineStateManager (PipelineStateManager.java:addPipeline(55)) - Created pipeline Pipeline[ Id: 88d83737-d4e6-4f00-86e3-be669bb69236, Nodes: f3a6f38f-08d4-4a6a-b30b-ec54e2e520c3{ip: 192.168.34.25, host: pr-hdds-2474-ghsjm-2904119463, networkLocation: /rack1, certSerialId: null}, Type:RATIS, Factor:ONE, State:ALLOCATED]
2019-11-14 00:39:39,072 [grpc-default-executor-7] INFO  impl.RaftServerProxy (RaftServerProxy.java:addNew(89)) - cd0a212a-ef86-44b1-8f77-22d0bd8fbd35: addNew group-FA55063115A9:[cd0a212a-ef86-44b1-8f77-22d0bd8fbd35:192.168.34.25:38897] returns group-FA55063115A9:java.util.concurrent.CompletableFuture@9b8981d[Not completed]
2019-11-14 00:39:39,073 [pool-590-thread-1] INFO  impl.RaftServerImpl (RaftServerImpl.java:<init>(98)) - cd0a212a-ef86-44b1-8f77-22d0bd8fbd35: new RaftServerImpl for group-FA55063115A9:[cd0a212a-ef86-44b1-8f77-22d0bd8fbd35:192.168.34.25:38897] with ContainerStateMachine:uninitialized
2019-11-14 00:39:39,073 [pool-590-thread-1] INFO  server.RaftServerConfigKeys (ConfUtils.java:logGet(43)) - raft.server.rpc.timeout.min = 1s (custom)
2019-11-14 00:39:39,073 [pool-590-thread-1] INFO  server.RaftServerConfigKeys (ConfUtils.java:logGet(43)) - raft.server.rpc.timeout.max = 1200ms (custom)
2019-11-14 00:39:39,073 [pool-590-thread-1] INFO  server.RaftServerConfigKeys (ConfUtils.java:logGet(43)) - raft.server.rpcslowness.timeout = 120s (custom)
2019-11-14 00:39:39,073 [pool-590-thread-1] INFO  server.RaftServerConfigKeys (ConfUtils.java:logGet(43)) - raft.server.sleep.deviation.threshold = 300 (default)
2019-11-14 00:39:39,073 [pool-590-thread-1] INFO  server.RaftServerConfigKeys (ConfUtils.java:logGet(43)) - raft.server.log.appender.install.snapshot.enabled = false (custom)
2019-11-14 00:39:39,073 [pool-590-thread-1] INFO  impl.RaftServerImpl (ServerState.java:<init>(103)) - cd0a212a-ef86-44b1-8f77-22d0bd8fbd35@group-FA55063115A9: ConfigurationManager, init=-1: [cd0a212a-ef86-44b1-8f77-22d0bd8fbd35:192.168.34.25:38897], old=null, confs=<EMPTY_MAP>
2019-11-14 00:39:39,073 [pool-590-thread-1] INFO  server.RaftServerConfigKeys (ConfUtils.java:logGet(43)) - raft.server.storage.dir = [/workdir/hadoop-ozone/integration-test/target/test-dir/MiniOzoneClusterImpl-f0c02ddf-6665-4004-91fc-64de6051483a/datanode-8/data/ratis] (custom)
2019-11-14 00:39:39,074 [pool-590-thread-1] INFO  server.RaftServerConfigKeys (ConfUtils.java:logGet(43)) - raft.server.log.corruption.policy = EXCEPTION (default)
2019-11-14 00:39:39,074 [pool-590-thread-1] INFO  storage.RaftStorageDirectory (RaftStorageDirectory.java:analyzeStorage(246)) - The storage directory /workdir/hadoop-ozone/integration-test/target/test-dir/MiniOzoneClusterImpl-f0c02ddf-6665-4004-91fc-64de6051483a/datanode-8/data/ratis/004d3321-b248-4049-9604-fa55063115a9 does not exist. Creating ...
2019-11-14 00:39:39,086 [pool-590-thread-1] INFO  storage.RaftStorageDirectory (RaftStorageDirectory.java:tryLock(328)) - Lock on /workdir/hadoop-ozone/integration-test/target/test-dir/MiniOzoneClusterImpl-f0c02ddf-6665-4004-91fc-64de6051483a/datanode-8/data/ratis/004d3321-b248-4049-9604-fa55063115a9/in_use.lock acquired by nodename 12001@pr-hdds-2474-ghsjm-2904119463
2019-11-14 00:39:39,121 [IPC Server handler 5 on 38866] INFO  net.NetworkTopology (NetworkTopologyImpl.java:add(111)) - Added a new node: /rack1/c5cc448d-8877-4f4e-8c4b-54f6ffcbe1c1
2019-11-14 00:39:39,121 [IPC Server handler 5 on 38866] INFO  node.SCMNodeManager (SCMNodeManager.java:register(267)) - Registered Data node : c5cc448d-8877-4f4e-8c4b-54f6ffcbe1c1{ip: 192.168.34.25, host: pr-hdds-2474-ghsjm-2904119463, networkLocation: /rack1, certSerialId: null}
2019-11-14 00:39:39,290 [pool-590-thread-1] INFO  storage.RaftStorage (RaftStorage.java:format(84)) - Storage directory /workdir/hadoop-ozone/integration-test/target/test-dir/MiniOzoneClusterImpl-f0c02ddf-6665-4004-91fc-64de6051483a/datanode-8/data/ratis/004d3321-b248-4049-9604-fa55063115a9 has been successfully formatted.
2019-11-14 00:39:39,290 [pool-590-thread-1] INFO  ratis.ContainerStateMachine (ContainerStateMachine.java:loadSnapshot(223)) - group-FA55063115A9: The snapshot info is null. Setting the last applied indexto:(t:0, i:~)
2019-11-14 00:39:39,290 [pool-590-thread-1] INFO  server.RaftServerConfigKeys (ConfUtils.java:logGet(43)) - raft.server.notification.no-leader.timeout = 120s (custom)
2019-11-14 00:39:39,290 [pool-590-thread-1] INFO  server.RaftServerConfigKeys (ConfUtils.java:logGet(43)) - raft.server.log.use.memory = false (default)
2019-11-14 00:39:39,290 [pool-590-thread-1] INFO  server.RaftServerConfigKeys (ConfUtils.java:logGet(43)) - raft.server.log.purge.gap = 1000000 (custom)
2019-11-14 00:39:39,291 [pool-590-thread-1] INFO  server.RaftServerConfigKeys (ConfUtils.java:logGet(43)) - raft.server.log.appender.buffer.byte-limit = 33554432 (custom)
2019-11-14 00:39:39,291 [pool-590-thread-1] INFO  server.RaftServerConfigKeys (ConfUtils.java:logGet(43)) - raft.server.log.segment.size.max = 1048576 (custom)
2019-11-14 00:39:39,291 [pool-590-thread-1] WARN  impl.MetricRegistriesImpl (MetricRegistriesImpl.java:lambda$create$1(61)) - First MetricRegistry has been created without registering reporters. You may need to call MetricRegistries.global().addReportRegistration(...) before.
2019-11-14 00:39:39,291 [pool-590-thread-1] INFO  server.RaftServerConfigKeys (ConfUtils.java:logGet(43)) - raft.server.log.segment.cache.num.max = 2 (custom)
2019-11-14 00:39:39,291 [pool-590-thread-1] INFO  segmented.SegmentedRaftLogWorker (SegmentedRaftLogWorker.java:<init>(173)) - new cd0a212a-ef86-44b1-8f77-22d0bd8fbd35@group-FA55063115A9-SegmentedRaftLogWorker for RaftStorage:Storage Directory /workdir/hadoop-ozone/integration-test/target/test-dir/MiniOzoneClusterImpl-f0c02ddf-6665-4004-91fc-64de6051483a/datanode-8/data/ratis/004d3321-b248-4049-9604-fa55063115a9
2019-11-14 00:39:39,291 [pool-590-thread-1] INFO  server.RaftServerConfigKeys (ConfUtils.java:logGet(43)) - raft.server.log.queue.byte-limit = 2147483647 (custom)
2019-11-14 00:39:39,291 [pool-590-thread-1] INFO  server.RaftServerConfigKeys (ConfUtils.java:logGet(43)) - raft.server.log.queue.element-limit = 1024 (custom)
2019-11-14 00:39:39,291 [pool-590-thread-1] INFO  server.RaftServerConfigKeys (ConfUtils.java:logGet(43)) - raft.server.log.segment.size.max = 1048576 (custom)
2019-11-14 00:39:39,291 [pool-590-thread-1] INFO  server.RaftServerConfigKeys (ConfUtils.java:logGet(43)) - raft.server.log.preallocated.size = 16384 (custom)
2019-11-14 00:39:39,291 [pool-590-thread-1] INFO  server.RaftServerConfigKeys (ConfUtils.java:logGet(43)) - raft.server.log.write.buffer.size = 33554432 (custom)
2019-11-14 00:39:39,292 [pool-590-thread-1] INFO  server.RaftServerConfigKeys (ConfUtils.java:logGet(43)) - raft.server.log.force.sync.num = 128 (default)
2019-11-14 00:39:39,292 [pool-590-thread-1] INFO  server.RaftServerConfigKeys (ConfUtils.java:logGet(43)) - raft.server.log.statemachine.data.sync = true (default)
2019-11-14 00:39:39,292 [pool-590-thread-1] INFO  server.RaftServerConfigKeys (ConfUtils.java:logGet(43)) - raft.server.log.statemachine.data.sync.timeout = 10s (default)
2019-11-14 00:39:39,292 [pool-590-thread-1] INFO  server.RaftServerConfigKeys (ConfUtils.java:logGet(43)) - raft.server.log.statemachine.data.sync.timeout.retry = -1 (default)
2019-11-14 00:39:39,292 [pool-590-thread-1] INFO  server.RaftServerConfigKeys (ConfUtils.java:logGet(43)) - raft.server.log.statemachine.data.caching.enabled = true (custom)
2019-11-14 00:39:39,292 [pool-590-thread-1] INFO  segmented.SegmentedRaftLogWorker (SegmentedRaftLogWorker.java:lambda$new$0(128)) - cd0a212a-ef86-44b1-8f77-22d0bd8fbd35@group-FA55063115A9-SegmentedRaftLogWorker: flushIndex: setUnconditionally 0 -> -1
2019-11-14 00:39:39,292 [pool-590-thread-1] INFO  server.RaftServerConfigKeys (ConfUtils.java:logGet(43)) - raft.server.snapshot.auto.trigger.enabled = true (custom)
2019-11-14 00:39:39,293 [pool-590-thread-1] INFO  server.RaftServerConfigKeys (ConfUtils.java:logGet(43)) - raft.server.snapshot.auto.trigger.threshold = 10000 (custom)
2019-11-14 00:39:39,293 [pool-590-thread-1] INFO  server.RaftServerConfigKeys (ConfUtils.java:logGet(43)) - raft.server.snapshot.retention.file.num = 5 (custom)
2019-11-14 00:39:39,293 [pool-590-thread-1] INFO  server.RaftServerConfigKeys (ConfUtils.java:logGet(43)) - raft.server.retrycache.expirytime = 600000ms (custom)
2019-11-14 00:39:39,293 [pool-590-thread-1] WARN  impl.MetricRegistriesImpl (MetricRegistriesImpl.java:lambda$create$1(61)) - First MetricRegistry has been created without registering reporters. You may need to call MetricRegistries.global().addReportRegistration(...) before.
2019-11-14 00:39:39,293 [pool-590-thread-1] WARN  impl.MetricRegistriesImpl (MetricRegistriesImpl.java:lambda$create$1(61)) - First MetricRegistry has been created without registering reporters. You may need to call MetricRegistries.global().addReportRegistration(...) before.
2019-11-14 00:39:39,293 [pool-590-thread-1] INFO  impl.RaftServerImpl (RaftServerImpl.java:start(184)) - cd0a212a-ef86-44b1-8f77-22d0bd8fbd35@group-FA55063115A9: start as a follower, conf=-1: [cd0a212a-ef86-44b1-8f77-22d0bd8fbd35:192.168.34.25:38897], old=null
2019-11-14 00:39:39,293 [pool-590-thread-1] INFO  impl.RaftServerImpl (RaftServerImpl.java:setRole(173)) - cd0a212a-ef86-44b1-8f77-22d0bd8fbd35@group-FA55063115A9: changes role from      null to FOLLOWER at term 0 for startAsFollower
2019-11-14 00:39:39,293 [pool-590-thread-1] INFO  impl.RoleInfo (RoleInfo.java:updateAndGet(143)) - cd0a212a-ef86-44b1-8f77-22d0bd8fbd35: start FollowerState
2019-11-14 00:39:39,294 [pool-590-thread-1] INFO  util.JmxRegister (JmxRegister.java:tryRegister(44)) - Successfully registered JMX Bean with object name Ratis:service=RaftServer,group=group-FA55063115A9,id=cd0a212a-ef86-44b1-8f77-22d0bd8fbd35
2019-11-14 00:39:39,294 [pool-590-thread-1] WARN  impl.MetricRegistriesImpl (MetricRegistriesImpl.java:lambda$create$1(61)) - First MetricRegistry has been created without registering reporters. You may need to call MetricRegistries.global().addReportRegistration(...) before.
2019-11-14 00:39:39,296 [RatisPipelineUtilsThread] INFO  pipeline.PipelineStateManager (PipelineStateManager.java:addPipeline(55)) - Created pipeline Pipeline[ Id: 004d3321-b248-4049-9604-fa55063115a9, Nodes: cd0a212a-ef86-44b1-8f77-22d0bd8fbd35{ip: 192.168.34.25, host: pr-hdds-2474-ghsjm-2904119463, networkLocation: /rack1, certSerialId: null}, Type:RATIS, Factor:ONE, State:ALLOCATED]
2019-11-14 00:39:39,302 [grpc-default-executor-7] INFO  impl.RaftServerProxy (RaftServerProxy.java:addNew(89)) - c5cc448d-8877-4f4e-8c4b-54f6ffcbe1c1: addNew group-5247083BE5D3:[c5cc448d-8877-4f4e-8c4b-54f6ffcbe1c1:192.168.34.25:35731] returns group-5247083BE5D3:java.util.concurrent.CompletableFuture@76a07c16[Not completed]
2019-11-14 00:39:39,303 [pool-600-thread-1] INFO  impl.RaftServerImpl (RaftServerImpl.java:<init>(98)) - c5cc448d-8877-4f4e-8c4b-54f6ffcbe1c1: new RaftServerImpl for group-5247083BE5D3:[c5cc448d-8877-4f4e-8c4b-54f6ffcbe1c1:192.168.34.25:35731] with ContainerStateMachine:uninitialized
2019-11-14 00:39:39,303 [pool-600-thread-1] INFO  server.RaftServerConfigKeys (ConfUtils.java:logGet(43)) - raft.server.rpc.timeout.min = 1s (custom)
2019-11-14 00:39:39,303 [pool-600-thread-1] INFO  server.RaftServerConfigKeys (ConfUtils.java:logGet(43)) - raft.server.rpc.timeout.max = 1200ms (custom)
2019-11-14 00:39:39,304 [pool-600-thread-1] INFO  server.RaftServerConfigKeys (ConfUtils.java:logGet(43)) - raft.server.rpcslowness.timeout = 120s (custom)
2019-11-14 00:39:39,304 [pool-600-thread-1] INFO  server.RaftServerConfigKeys (ConfUtils.java:logGet(43)) - raft.server.sleep.deviation.threshold = 300 (default)
2019-11-14 00:39:39,304 [pool-600-thread-1] INFO  server.RaftServerConfigKeys (ConfUtils.java:logGet(43)) - raft.server.log.appender.install.snapshot.enabled = false (custom)
2019-11-14 00:39:39,304 [pool-600-thread-1] INFO  impl.RaftServerImpl (ServerState.java:<init>(103)) - c5cc448d-8877-4f4e-8c4b-54f6ffcbe1c1@group-5247083BE5D3: ConfigurationManager, init=-1: [c5cc448d-8877-4f4e-8c4b-54f6ffcbe1c1:192.168.34.25:35731], old=null, confs=<EMPTY_MAP>
2019-11-14 00:39:39,304 [pool-600-thread-1] INFO  server.RaftServerConfigKeys (ConfUtils.java:logGet(43)) - raft.server.storage.dir = [/workdir/hadoop-ozone/integration-test/target/test-dir/MiniOzoneClusterImpl-f0c02ddf-6665-4004-91fc-64de6051483a/datanode-9/data/ratis] (custom)
2019-11-14 00:39:39,304 [pool-600-thread-1] INFO  server.RaftServerConfigKeys (ConfUtils.java:logGet(43)) - raft.server.log.corruption.policy = EXCEPTION (default)
2019-11-14 00:39:39,304 [pool-600-thread-1] INFO  storage.RaftStorageDirectory (RaftStorageDirectory.java:analyzeStorage(246)) - The storage directory /workdir/hadoop-ozone/integration-test/target/test-dir/MiniOzoneClusterImpl-f0c02ddf-6665-4004-91fc-64de6051483a/datanode-9/data/ratis/57441d5c-e25d-4bfe-a19b-5247083be5d3 does not exist. Creating ...
2019-11-14 00:39:39,310 [pool-600-thread-1] INFO  storage.RaftStorageDirectory (RaftStorageDirectory.java:tryLock(328)) - Lock on /workdir/hadoop-ozone/integration-test/target/test-dir/MiniOzoneClusterImpl-f0c02ddf-6665-4004-91fc-64de6051483a/datanode-9/data/ratis/57441d5c-e25d-4bfe-a19b-5247083be5d3/in_use.lock acquired by nodename 12001@pr-hdds-2474-ghsjm-2904119463
2019-11-14 00:39:39,323 [pool-600-thread-1] INFO  storage.RaftStorage (RaftStorage.java:format(84)) - Storage directory /workdir/hadoop-ozone/integration-test/target/test-dir/MiniOzoneClusterImpl-f0c02ddf-6665-4004-91fc-64de6051483a/datanode-9/data/ratis/57441d5c-e25d-4bfe-a19b-5247083be5d3 has been successfully formatted.
2019-11-14 00:39:39,323 [pool-600-thread-1] INFO  ratis.ContainerStateMachine (ContainerStateMachine.java:loadSnapshot(223)) - group-5247083BE5D3: The snapshot info is null. Setting the last applied indexto:(t:0, i:~)
2019-11-14 00:39:39,323 [pool-600-thread-1] INFO  server.RaftServerConfigKeys (ConfUtils.java:logGet(43)) - raft.server.notification.no-leader.timeout = 120s (custom)
2019-11-14 00:39:39,324 [pool-600-thread-1] INFO  server.RaftServerConfigKeys (ConfUtils.java:logGet(43)) - raft.server.log.use.memory = false (default)
2019-11-14 00:39:39,324 [pool-600-thread-1] INFO  server.RaftServerConfigKeys (ConfUtils.java:logGet(43)) - raft.server.log.purge.gap = 1000000 (custom)
2019-11-14 00:39:39,324 [pool-600-thread-1] INFO  server.RaftServerConfigKeys (ConfUtils.java:logGet(43)) - raft.server.log.appender.buffer.byte-limit = 33554432 (custom)
2019-11-14 00:39:39,324 [pool-600-thread-1] INFO  server.RaftServerConfigKeys (ConfUtils.java:logGet(43)) - raft.server.log.segment.size.max = 1048576 (custom)
2019-11-14 00:39:39,324 [pool-600-thread-1] WARN  impl.MetricRegistriesImpl (MetricRegistriesImpl.java:lambda$create$1(61)) - First MetricRegistry has been created without registering reporters. You may need to call MetricRegistries.global().addReportRegistration(...) before.
2019-11-14 00:39:39,324 [pool-600-thread-1] INFO  server.RaftServerConfigKeys (ConfUtils.java:logGet(43)) - raft.server.log.segment.cache.num.max = 2 (custom)
2019-11-14 00:39:39,324 [pool-600-thread-1] INFO  segmented.SegmentedRaftLogWorker (SegmentedRaftLogWorker.java:<init>(173)) - new c5cc448d-8877-4f4e-8c4b-54f6ffcbe1c1@group-5247083BE5D3-SegmentedRaftLogWorker for RaftStorage:Storage Directory /workdir/hadoop-ozone/integration-test/target/test-dir/MiniOzoneClusterImpl-f0c02ddf-6665-4004-91fc-64de6051483a/datanode-9/data/ratis/57441d5c-e25d-4bfe-a19b-5247083be5d3
2019-11-14 00:39:39,324 [pool-600-thread-1] INFO  server.RaftServerConfigKeys (ConfUtils.java:logGet(43)) - raft.server.log.queue.byte-limit = 2147483647 (custom)
2019-11-14 00:39:39,324 [pool-600-thread-1] INFO  server.RaftServerConfigKeys (ConfUtils.java:logGet(43)) - raft.server.log.queue.element-limit = 1024 (custom)
2019-11-14 00:39:39,324 [pool-600-thread-1] INFO  server.RaftServerConfigKeys (ConfUtils.java:logGet(43)) - raft.server.log.segment.size.max = 1048576 (custom)
2019-11-14 00:39:39,324 [pool-600-thread-1] INFO  server.RaftServerConfigKeys (ConfUtils.java:logGet(43)) - raft.server.log.preallocated.size = 16384 (custom)
2019-11-14 00:39:39,325 [pool-600-thread-1] INFO  server.RaftServerConfigKeys (ConfUtils.java:logGet(43)) - raft.server.log.write.buffer.size = 33554432 (custom)
2019-11-14 00:39:39,325 [pool-600-thread-1] INFO  server.RaftServerConfigKeys (ConfUtils.java:logGet(43)) - raft.server.log.force.sync.num = 128 (default)
2019-11-14 00:39:39,325 [pool-600-thread-1] INFO  server.RaftServerConfigKeys (ConfUtils.java:logGet(43)) - raft.server.log.statemachine.data.sync = true (default)
2019-11-14 00:39:39,325 [pool-600-thread-1] INFO  server.RaftServerConfigKeys (ConfUtils.java:logGet(43)) - raft.server.log.statemachine.data.sync.timeout = 10s (default)
2019-11-14 00:39:39,325 [pool-600-thread-1] INFO  server.RaftServerConfigKeys (ConfUtils.java:logGet(43)) - raft.server.log.statemachine.data.sync.timeout.retry = -1 (default)
2019-11-14 00:39:39,325 [pool-600-thread-1] INFO  server.RaftServerConfigKeys (ConfUtils.java:logGet(43)) - raft.server.log.statemachine.data.caching.enabled = true (custom)
2019-11-14 00:39:39,325 [pool-600-thread-1] INFO  segmented.SegmentedRaftLogWorker (SegmentedRaftLogWorker.java:lambda$new$0(128)) - c5cc448d-8877-4f4e-8c4b-54f6ffcbe1c1@group-5247083BE5D3-SegmentedRaftLogWorker: flushIndex: setUnconditionally 0 -> -1
2019-11-14 00:39:39,326 [pool-600-thread-1] INFO  server.RaftServerConfigKeys (ConfUtils.java:logGet(43)) - raft.server.snapshot.auto.trigger.enabled = true (custom)
2019-11-14 00:39:39,326 [pool-600-thread-1] INFO  server.RaftServerConfigKeys (ConfUtils.java:logGet(43)) - raft.server.snapshot.auto.trigger.threshold = 10000 (custom)
2019-11-14 00:39:39,326 [pool-600-thread-1] INFO  server.RaftServerConfigKeys (ConfUtils.java:logGet(43)) - raft.server.snapshot.retention.file.num = 5 (custom)
2019-11-14 00:39:39,326 [pool-600-thread-1] INFO  server.RaftServerConfigKeys (ConfUtils.java:logGet(43)) - raft.server.retrycache.expirytime = 600000ms (custom)
2019-11-14 00:39:39,326 [pool-600-thread-1] WARN  impl.MetricRegistriesImpl (MetricRegistriesImpl.java:lambda$create$1(61)) - First MetricRegistry has been created without registering reporters. You may need to call MetricRegistries.global().addReportRegistration(...) before.
2019-11-14 00:39:39,326 [pool-600-thread-1] WARN  impl.MetricRegistriesImpl (MetricRegistriesImpl.java:lambda$create$1(61)) - First MetricRegistry has been created without registering reporters. You may need to call MetricRegistries.global().addReportRegistration(...) before.
2019-11-14 00:39:39,326 [pool-600-thread-1] INFO  impl.RaftServerImpl (RaftServerImpl.java:start(184)) - c5cc448d-8877-4f4e-8c4b-54f6ffcbe1c1@group-5247083BE5D3: start as a follower, conf=-1: [c5cc448d-8877-4f4e-8c4b-54f6ffcbe1c1:192.168.34.25:35731], old=null
2019-11-14 00:39:39,326 [pool-600-thread-1] INFO  impl.RaftServerImpl (RaftServerImpl.java:setRole(173)) - c5cc448d-8877-4f4e-8c4b-54f6ffcbe1c1@group-5247083BE5D3: changes role from      null to FOLLOWER at term 0 for startAsFollower
2019-11-14 00:39:39,326 [pool-600-thread-1] INFO  impl.RoleInfo (RoleInfo.java:updateAndGet(143)) - c5cc448d-8877-4f4e-8c4b-54f6ffcbe1c1: start FollowerState
2019-11-14 00:39:39,327 [pool-600-thread-1] INFO  util.JmxRegister (JmxRegister.java:tryRegister(44)) - Successfully registered JMX Bean with object name Ratis:service=RaftServer,group=group-5247083BE5D3,id=c5cc448d-8877-4f4e-8c4b-54f6ffcbe1c1
2019-11-14 00:39:39,327 [pool-600-thread-1] WARN  impl.MetricRegistriesImpl (MetricRegistriesImpl.java:lambda$create$1(61)) - First MetricRegistry has been created without registering reporters. You may need to call MetricRegistries.global().addReportRegistration(...) before.
2019-11-14 00:39:39,329 [RatisPipelineUtilsThread] INFO  pipeline.PipelineStateManager (PipelineStateManager.java:addPipeline(55)) - Created pipeline Pipeline[ Id: 57441d5c-e25d-4bfe-a19b-5247083be5d3, Nodes: c5cc448d-8877-4f4e-8c4b-54f6ffcbe1c1{ip: 192.168.34.25, host: pr-hdds-2474-ghsjm-2904119463, networkLocation: /rack1, certSerialId: null}, Type:RATIS, Factor:ONE, State:ALLOCATED]
2019-11-14 00:39:39,341 [grpc-default-executor-0] INFO  impl.RaftServerProxy (RaftServerProxy.java:addNew(89)) - 91297bf6-d797-4b12-9aab-de0c4610252f: addNew group-BC2D59E4F2DC:[cd0a212a-ef86-44b1-8f77-22d0bd8fbd35:192.168.34.25:38897, 91297bf6-d797-4b12-9aab-de0c4610252f:192.168.34.25:35231, f3a6f38f-08d4-4a6a-b30b-ec54e2e520c3:192.168.34.25:38828] returns group-BC2D59E4F2DC:java.util.concurrent.CompletableFuture@20ab6c50[Not completed]
2019-11-14 00:39:39,341 [grpc-default-executor-6] INFO  impl.RaftServerProxy (RaftServerProxy.java:addNew(89)) - cd0a212a-ef86-44b1-8f77-22d0bd8fbd35: addNew group-BC2D59E4F2DC:[cd0a212a-ef86-44b1-8f77-22d0bd8fbd35:192.168.34.25:38897, 91297bf6-d797-4b12-9aab-de0c4610252f:192.168.34.25:35231, f3a6f38f-08d4-4a6a-b30b-ec54e2e520c3:192.168.34.25:38828] returns group-BC2D59E4F2DC:java.util.concurrent.CompletableFuture@4b585baf[Not completed]
2019-11-14 00:39:39,341 [grpc-default-executor-7] INFO  impl.RaftServerProxy (RaftServerProxy.java:addNew(89)) - f3a6f38f-08d4-4a6a-b30b-ec54e2e520c3: addNew group-BC2D59E4F2DC:[cd0a212a-ef86-44b1-8f77-22d0bd8fbd35:192.168.34.25:38897, 91297bf6-d797-4b12-9aab-de0c4610252f:192.168.34.25:35231, f3a6f38f-08d4-4a6a-b30b-ec54e2e520c3:192.168.34.25:38828] returns group-BC2D59E4F2DC:java.util.concurrent.CompletableFuture@14bc2bec[Not completed]
2019-11-14 00:39:39,341 [pool-580-thread-1] INFO  impl.RaftServerImpl (RaftServerImpl.java:<init>(98)) - 91297bf6-d797-4b12-9aab-de0c4610252f: new RaftServerImpl for group-BC2D59E4F2DC:[cd0a212a-ef86-44b1-8f77-22d0bd8fbd35:192.168.34.25:38897, 91297bf6-d797-4b12-9aab-de0c4610252f:192.168.34.25:35231, f3a6f38f-08d4-4a6a-b30b-ec54e2e520c3:192.168.34.25:38828] with ContainerStateMachine:uninitialized
2019-11-14 00:39:39,341 [pool-580-thread-1] INFO  server.RaftServerConfigKeys (ConfUtils.java:logGet(43)) - raft.server.rpc.timeout.min = 1s (custom)
2019-11-14 00:39:39,342 [pool-580-thread-1] INFO  server.RaftServerConfigKeys (ConfUtils.java:logGet(43)) - raft.server.rpc.timeout.max = 1200ms (custom)
2019-11-14 00:39:39,342 [pool-580-thread-1] INFO  server.RaftServerConfigKeys (ConfUtils.java:logGet(43)) - raft.server.rpcslowness.timeout = 120s (custom)
2019-11-14 00:39:39,342 [pool-580-thread-1] INFO  server.RaftServerConfigKeys (ConfUtils.java:logGet(43)) - raft.server.sleep.deviation.threshold = 300 (default)
2019-11-14 00:39:39,342 [pool-580-thread-1] INFO  server.RaftServerConfigKeys (ConfUtils.java:logGet(43)) - raft.server.log.appender.install.snapshot.enabled = false (custom)
2019-11-14 00:39:39,342 [pool-580-thread-1] INFO  impl.RaftServerImpl (ServerState.java:<init>(103)) - 91297bf6-d797-4b12-9aab-de0c4610252f@group-BC2D59E4F2DC: ConfigurationManager, init=-1: [cd0a212a-ef86-44b1-8f77-22d0bd8fbd35:192.168.34.25:38897, 91297bf6-d797-4b12-9aab-de0c4610252f:192.168.34.25:35231, f3a6f38f-08d4-4a6a-b30b-ec54e2e520c3:192.168.34.25:38828], old=null, confs=<EMPTY_MAP>
2019-11-14 00:39:39,342 [pool-570-thread-1] INFO  impl.RaftServerImpl (RaftServerImpl.java:<init>(98)) - f3a6f38f-08d4-4a6a-b30b-ec54e2e520c3: new RaftServerImpl for group-BC2D59E4F2DC:[cd0a212a-ef86-44b1-8f77-22d0bd8fbd35:192.168.34.25:38897, 91297bf6-d797-4b12-9aab-de0c4610252f:192.168.34.25:35231, f3a6f38f-08d4-4a6a-b30b-ec54e2e520c3:192.168.34.25:38828] with ContainerStateMachine:uninitialized
2019-11-14 00:39:39,342 [pool-580-thread-1] INFO  server.RaftServerConfigKeys (ConfUtils.java:logGet(43)) - raft.server.storage.dir = [/workdir/hadoop-ozone/integration-test/target/test-dir/MiniOzoneClusterImpl-f0c02ddf-6665-4004-91fc-64de6051483a/datanode-7/data/ratis] (custom)
2019-11-14 00:39:39,342 [pool-570-thread-1] INFO  server.RaftServerConfigKeys (ConfUtils.java:logGet(43)) - raft.server.rpc.timeout.min = 1s (custom)
2019-11-14 00:39:39,342 [pool-570-thread-1] INFO  server.RaftServerConfigKeys (ConfUtils.java:logGet(43)) - raft.server.rpc.timeout.max = 1200ms (custom)
2019-11-14 00:39:39,342 [pool-580-thread-1] INFO  server.RaftServerConfigKeys (ConfUtils.java:logGet(43)) - raft.server.log.corruption.policy = EXCEPTION (default)
2019-11-14 00:39:39,342 [pool-590-thread-1] INFO  impl.RaftServerImpl (RaftServerImpl.java:<init>(98)) - cd0a212a-ef86-44b1-8f77-22d0bd8fbd35: new RaftServerImpl for group-BC2D59E4F2DC:[cd0a212a-ef86-44b1-8f77-22d0bd8fbd35:192.168.34.25:38897, 91297bf6-d797-4b12-9aab-de0c4610252f:192.168.34.25:35231, f3a6f38f-08d4-4a6a-b30b-ec54e2e520c3:192.168.34.25:38828] with ContainerStateMachine:uninitialized
2019-11-14 00:39:39,342 [pool-570-thread-1] INFO  server.RaftServerConfigKeys (ConfUtils.java:logGet(43)) - raft.server.rpcslowness.timeout = 120s (custom)
2019-11-14 00:39:39,343 [pool-590-thread-1] INFO  server.RaftServerConfigKeys (ConfUtils.java:logGet(43)) - raft.server.rpc.timeout.min = 1s (custom)
2019-11-14 00:39:39,343 [pool-580-thread-1] INFO  storage.RaftStorageDirectory (RaftStorageDirectory.java:analyzeStorage(246)) - The storage directory /workdir/hadoop-ozone/integration-test/target/test-dir/MiniOzoneClusterImpl-f0c02ddf-6665-4004-91fc-64de6051483a/datanode-7/data/ratis/d4b3e8fa-7b00-4048-a977-bc2d59e4f2dc does not exist. Creating ...
2019-11-14 00:39:39,343 [pool-590-thread-1] INFO  server.RaftServerConfigKeys (ConfUtils.java:logGet(43)) - raft.server.rpc.timeout.max = 1200ms (custom)
2019-11-14 00:39:39,343 [pool-570-thread-1] INFO  server.RaftServerConfigKeys (ConfUtils.java:logGet(43)) - raft.server.sleep.deviation.threshold = 300 (default)
2019-11-14 00:39:39,343 [pool-590-thread-1] INFO  server.RaftServerConfigKeys (ConfUtils.java:logGet(43)) - raft.server.rpcslowness.timeout = 120s (custom)
2019-11-14 00:39:39,343 [pool-570-thread-1] INFO  server.RaftServerConfigKeys (ConfUtils.java:logGet(43)) - raft.server.log.appender.install.snapshot.enabled = false (custom)
2019-11-14 00:39:39,343 [pool-590-thread-1] INFO  server.RaftServerConfigKeys (ConfUtils.java:logGet(43)) - raft.server.sleep.deviation.threshold = 300 (default)
2019-11-14 00:39:39,343 [pool-570-thread-1] INFO  impl.RaftServerImpl (ServerState.java:<init>(103)) - f3a6f38f-08d4-4a6a-b30b-ec54e2e520c3@group-BC2D59E4F2DC: ConfigurationManager, init=-1: [cd0a212a-ef86-44b1-8f77-22d0bd8fbd35:192.168.34.25:38897, 91297bf6-d797-4b12-9aab-de0c4610252f:192.168.34.25:35231, f3a6f38f-08d4-4a6a-b30b-ec54e2e520c3:192.168.34.25:38828], old=null, confs=<EMPTY_MAP>
2019-11-14 00:39:39,343 [pool-590-thread-1] INFO  server.RaftServerConfigKeys (ConfUtils.java:logGet(43)) - raft.server.log.appender.install.snapshot.enabled = false (custom)
2019-11-14 00:39:39,343 [pool-570-thread-1] INFO  server.RaftServerConfigKeys (ConfUtils.java:logGet(43)) - raft.server.storage.dir = [/workdir/hadoop-ozone/integration-test/target/test-dir/MiniOzoneClusterImpl-f0c02ddf-6665-4004-91fc-64de6051483a/datanode-6/data/ratis] (custom)
2019-11-14 00:39:39,344 [pool-590-thread-1] INFO  impl.RaftServerImpl (ServerState.java:<init>(103)) - cd0a212a-ef86-44b1-8f77-22d0bd8fbd35@group-BC2D59E4F2DC: ConfigurationManager, init=-1: [cd0a212a-ef86-44b1-8f77-22d0bd8fbd35:192.168.34.25:38897, 91297bf6-d797-4b12-9aab-de0c4610252f:192.168.34.25:35231, f3a6f38f-08d4-4a6a-b30b-ec54e2e520c3:192.168.34.25:38828], old=null, confs=<EMPTY_MAP>
2019-11-14 00:39:39,344 [pool-590-thread-1] INFO  server.RaftServerConfigKeys (ConfUtils.java:logGet(43)) - raft.server.storage.dir = [/workdir/hadoop-ozone/integration-test/target/test-dir/MiniOzoneClusterImpl-f0c02ddf-6665-4004-91fc-64de6051483a/datanode-8/data/ratis] (custom)
2019-11-14 00:39:39,344 [pool-570-thread-1] INFO  server.RaftServerConfigKeys (ConfUtils.java:logGet(43)) - raft.server.log.corruption.policy = EXCEPTION (default)
2019-11-14 00:39:39,344 [pool-590-thread-1] INFO  server.RaftServerConfigKeys (ConfUtils.java:logGet(43)) - raft.server.log.corruption.policy = EXCEPTION (default)
2019-11-14 00:39:39,344 [pool-570-thread-1] INFO  storage.RaftStorageDirectory (RaftStorageDirectory.java:analyzeStorage(246)) - The storage directory /workdir/hadoop-ozone/integration-test/target/test-dir/MiniOzoneClusterImpl-f0c02ddf-6665-4004-91fc-64de6051483a/datanode-6/data/ratis/d4b3e8fa-7b00-4048-a977-bc2d59e4f2dc does not exist. Creating ...
2019-11-14 00:39:39,344 [pool-590-thread-1] INFO  storage.RaftStorageDirectory (RaftStorageDirectory.java:analyzeStorage(246)) - The storage directory /workdir/hadoop-ozone/integration-test/target/test-dir/MiniOzoneClusterImpl-f0c02ddf-6665-4004-91fc-64de6051483a/datanode-8/data/ratis/d4b3e8fa-7b00-4048-a977-bc2d59e4f2dc does not exist. Creating ...
2019-11-14 00:39:39,357 [pool-590-thread-1] INFO  storage.RaftStorageDirectory (RaftStorageDirectory.java:tryLock(328)) - Lock on /workdir/hadoop-ozone/integration-test/target/test-dir/MiniOzoneClusterImpl-f0c02ddf-6665-4004-91fc-64de6051483a/datanode-8/data/ratis/d4b3e8fa-7b00-4048-a977-bc2d59e4f2dc/in_use.lock acquired by nodename 12001@pr-hdds-2474-ghsjm-2904119463
2019-11-14 00:39:39,357 [pool-570-thread-1] INFO  storage.RaftStorageDirectory (RaftStorageDirectory.java:tryLock(328)) - Lock on /workdir/hadoop-ozone/integration-test/target/test-dir/MiniOzoneClusterImpl-f0c02ddf-6665-4004-91fc-64de6051483a/datanode-6/data/ratis/d4b3e8fa-7b00-4048-a977-bc2d59e4f2dc/in_use.lock acquired by nodename 12001@pr-hdds-2474-ghsjm-2904119463
2019-11-14 00:39:39,357 [pool-580-thread-1] INFO  storage.RaftStorageDirectory (RaftStorageDirectory.java:tryLock(328)) - Lock on /workdir/hadoop-ozone/integration-test/target/test-dir/MiniOzoneClusterImpl-f0c02ddf-6665-4004-91fc-64de6051483a/datanode-7/data/ratis/d4b3e8fa-7b00-4048-a977-bc2d59e4f2dc/in_use.lock acquired by nodename 12001@pr-hdds-2474-ghsjm-2904119463
2019-11-14 00:39:39,372 [pool-590-thread-1] INFO  storage.RaftStorage (RaftStorage.java:format(84)) - Storage directory /workdir/hadoop-ozone/integration-test/target/test-dir/MiniOzoneClusterImpl-f0c02ddf-6665-4004-91fc-64de6051483a/datanode-8/data/ratis/d4b3e8fa-7b00-4048-a977-bc2d59e4f2dc has been successfully formatted.
2019-11-14 00:39:39,372 [pool-570-thread-1] INFO  storage.RaftStorage (RaftStorage.java:format(84)) - Storage directory /workdir/hadoop-ozone/integration-test/target/test-dir/MiniOzoneClusterImpl-f0c02ddf-6665-4004-91fc-64de6051483a/datanode-6/data/ratis/d4b3e8fa-7b00-4048-a977-bc2d59e4f2dc has been successfully formatted.
2019-11-14 00:39:39,372 [pool-580-thread-1] INFO  storage.RaftStorage (RaftStorage.java:format(84)) - Storage directory /workdir/hadoop-ozone/integration-test/target/test-dir/MiniOzoneClusterImpl-f0c02ddf-6665-4004-91fc-64de6051483a/datanode-7/data/ratis/d4b3e8fa-7b00-4048-a977-bc2d59e4f2dc has been successfully formatted.
2019-11-14 00:39:39,372 [pool-590-thread-1] INFO  ratis.ContainerStateMachine (ContainerStateMachine.java:loadSnapshot(223)) - group-BC2D59E4F2DC: The snapshot info is null. Setting the last applied indexto:(t:0, i:~)
2019-11-14 00:39:39,372 [pool-580-thread-1] INFO  ratis.ContainerStateMachine (ContainerStateMachine.java:loadSnapshot(223)) - group-BC2D59E4F2DC: The snapshot info is null. Setting the last applied indexto:(t:0, i:~)
2019-11-14 00:39:39,372 [pool-570-thread-1] INFO  ratis.ContainerStateMachine (ContainerStateMachine.java:loadSnapshot(223)) - group-BC2D59E4F2DC: The snapshot info is null. Setting the last applied indexto:(t:0, i:~)
2019-11-14 00:39:39,372 [pool-580-thread-1] INFO  server.RaftServerConfigKeys (ConfUtils.java:logGet(43)) - raft.server.notification.no-leader.timeout = 120s (custom)
2019-11-14 00:39:39,372 [pool-590-thread-1] INFO  server.RaftServerConfigKeys (ConfUtils.java:logGet(43)) - raft.server.notification.no-leader.timeout = 120s (custom)
2019-11-14 00:39:39,373 [pool-580-thread-1] INFO  server.RaftServerConfigKeys (ConfUtils.java:logGet(43)) - raft.server.log.use.memory = false (default)
2019-11-14 00:39:39,372 [pool-570-thread-1] INFO  server.RaftServerConfigKeys (ConfUtils.java:logGet(43)) - raft.server.notification.no-leader.timeout = 120s (custom)
2019-11-14 00:39:39,373 [pool-580-thread-1] INFO  server.RaftServerConfigKeys (ConfUtils.java:logGet(43)) - raft.server.log.purge.gap = 1000000 (custom)
2019-11-14 00:39:39,373 [pool-590-thread-1] INFO  server.RaftServerConfigKeys (ConfUtils.java:logGet(43)) - raft.server.log.use.memory = false (default)
2019-11-14 00:39:39,373 [pool-580-thread-1] INFO  server.RaftServerConfigKeys (ConfUtils.java:logGet(43)) - raft.server.log.appender.buffer.byte-limit = 33554432 (custom)
2019-11-14 00:39:39,373 [pool-570-thread-1] INFO  server.RaftServerConfigKeys (ConfUtils.java:logGet(43)) - raft.server.log.use.memory = false (default)
2019-11-14 00:39:39,373 [pool-580-thread-1] INFO  server.RaftServerConfigKeys (ConfUtils.java:logGet(43)) - raft.server.log.segment.size.max = 1048576 (custom)
2019-11-14 00:39:39,373 [pool-590-thread-1] INFO  server.RaftServerConfigKeys (ConfUtils.java:logGet(43)) - raft.server.log.purge.gap = 1000000 (custom)
2019-11-14 00:39:39,373 [pool-580-thread-1] INFO  server.RaftServerConfigKeys (ConfUtils.java:logGet(43)) - raft.server.log.segment.cache.num.max = 2 (custom)
2019-11-14 00:39:39,373 [pool-570-thread-1] INFO  server.RaftServerConfigKeys (ConfUtils.java:logGet(43)) - raft.server.log.purge.gap = 1000000 (custom)
2019-11-14 00:39:39,374 [pool-580-thread-1] INFO  segmented.SegmentedRaftLogWorker (SegmentedRaftLogWorker.java:<init>(173)) - new 91297bf6-d797-4b12-9aab-de0c4610252f@group-BC2D59E4F2DC-SegmentedRaftLogWorker for RaftStorage:Storage Directory /workdir/hadoop-ozone/integration-test/target/test-dir/MiniOzoneClusterImpl-f0c02ddf-6665-4004-91fc-64de6051483a/datanode-7/data/ratis/d4b3e8fa-7b00-4048-a977-bc2d59e4f2dc
2019-11-14 00:39:39,373 [pool-590-thread-1] INFO  server.RaftServerConfigKeys (ConfUtils.java:logGet(43)) - raft.server.log.appender.buffer.byte-limit = 33554432 (custom)
2019-11-14 00:39:39,374 [pool-580-thread-1] INFO  server.RaftServerConfigKeys (ConfUtils.java:logGet(43)) - raft.server.log.queue.byte-limit = 2147483647 (custom)
2019-11-14 00:39:39,374 [pool-570-thread-1] INFO  server.RaftServerConfigKeys (ConfUtils.java:logGet(43)) - raft.server.log.appender.buffer.byte-limit = 33554432 (custom)
2019-11-14 00:39:39,374 [pool-580-thread-1] INFO  server.RaftServerConfigKeys (ConfUtils.java:logGet(43)) - raft.server.log.queue.element-limit = 1024 (custom)
2019-11-14 00:39:39,374 [pool-590-thread-1] INFO  server.RaftServerConfigKeys (ConfUtils.java:logGet(43)) - raft.server.log.segment.size.max = 1048576 (custom)
2019-11-14 00:39:39,374 [pool-580-thread-1] INFO  server.RaftServerConfigKeys (ConfUtils.java:logGet(43)) - raft.server.log.segment.size.max = 1048576 (custom)
2019-11-14 00:39:39,374 [pool-570-thread-1] INFO  server.RaftServerConfigKeys (ConfUtils.java:logGet(43)) - raft.server.log.segment.size.max = 1048576 (custom)
2019-11-14 00:39:39,374 [pool-580-thread-1] INFO  server.RaftServerConfigKeys (ConfUtils.java:logGet(43)) - raft.server.log.preallocated.size = 16384 (custom)
2019-11-14 00:39:39,374 [pool-590-thread-1] INFO  server.RaftServerConfigKeys (ConfUtils.java:logGet(43)) - raft.server.log.segment.cache.num.max = 2 (custom)
2019-11-14 00:39:39,375 [pool-580-thread-1] INFO  server.RaftServerConfigKeys (ConfUtils.java:logGet(43)) - raft.server.log.write.buffer.size = 33554432 (custom)
2019-11-14 00:39:39,375 [pool-570-thread-1] INFO  server.RaftServerConfigKeys (ConfUtils.java:logGet(43)) - raft.server.log.segment.cache.num.max = 2 (custom)
2019-11-14 00:39:39,375 [pool-580-thread-1] INFO  server.RaftServerConfigKeys (ConfUtils.java:logGet(43)) - raft.server.log.force.sync.num = 128 (default)
2019-11-14 00:39:39,375 [pool-580-thread-1] INFO  server.RaftServerConfigKeys (ConfUtils.java:logGet(43)) - raft.server.log.statemachine.data.sync = true (default)
2019-11-14 00:39:39,375 [pool-590-thread-1] INFO  segmented.SegmentedRaftLogWorker (SegmentedRaftLogWorker.java:<init>(173)) - new cd0a212a-ef86-44b1-8f77-22d0bd8fbd35@group-BC2D59E4F2DC-SegmentedRaftLogWorker for RaftStorage:Storage Directory /workdir/hadoop-ozone/integration-test/target/test-dir/MiniOzoneClusterImpl-f0c02ddf-6665-4004-91fc-64de6051483a/datanode-8/data/ratis/d4b3e8fa-7b00-4048-a977-bc2d59e4f2dc
2019-11-14 00:39:39,375 [pool-580-thread-1] INFO  server.RaftServerConfigKeys (ConfUtils.java:logGet(43)) - raft.server.log.statemachine.data.sync.timeout = 10s (default)
2019-11-14 00:39:39,375 [pool-570-thread-1] INFO  segmented.SegmentedRaftLogWorker (SegmentedRaftLogWorker.java:<init>(173)) - new f3a6f38f-08d4-4a6a-b30b-ec54e2e520c3@group-BC2D59E4F2DC-SegmentedRaftLogWorker for RaftStorage:Storage Directory /workdir/hadoop-ozone/integration-test/target/test-dir/MiniOzoneClusterImpl-f0c02ddf-6665-4004-91fc-64de6051483a/datanode-6/data/ratis/d4b3e8fa-7b00-4048-a977-bc2d59e4f2dc
2019-11-14 00:39:39,375 [pool-580-thread-1] INFO  server.RaftServerConfigKeys (ConfUtils.java:logGet(43)) - raft.server.log.statemachine.data.sync.timeout.retry = -1 (default)
2019-11-14 00:39:39,375 [pool-590-thread-1] INFO  server.RaftServerConfigKeys (ConfUtils.java:logGet(43)) - raft.server.log.queue.byte-limit = 2147483647 (custom)
2019-11-14 00:39:39,376 [pool-580-thread-1] INFO  server.RaftServerConfigKeys (ConfUtils.java:logGet(43)) - raft.server.log.statemachine.data.caching.enabled = true (custom)
2019-11-14 00:39:39,375 [pool-570-thread-1] INFO  server.RaftServerConfigKeys (ConfUtils.java:logGet(43)) - raft.server.log.queue.byte-limit = 2147483647 (custom)
2019-11-14 00:39:39,376 [pool-590-thread-1] INFO  server.RaftServerConfigKeys (ConfUtils.java:logGet(43)) - raft.server.log.queue.element-limit = 1024 (custom)
2019-11-14 00:39:39,376 [pool-570-thread-1] INFO  server.RaftServerConfigKeys (ConfUtils.java:logGet(43)) - raft.server.log.queue.element-limit = 1024 (custom)
2019-11-14 00:39:39,376 [pool-580-thread-1] INFO  segmented.SegmentedRaftLogWorker (SegmentedRaftLogWorker.java:lambda$new$0(128)) - 91297bf6-d797-4b12-9aab-de0c4610252f@group-BC2D59E4F2DC-SegmentedRaftLogWorker: flushIndex: setUnconditionally 0 -> -1
2019-11-14 00:39:39,376 [pool-570-thread-1] INFO  server.RaftServerConfigKeys (ConfUtils.java:logGet(43)) - raft.server.log.segment.size.max = 1048576 (custom)
2019-11-14 00:39:39,376 [pool-590-thread-1] INFO  server.RaftServerConfigKeys (ConfUtils.java:logGet(43)) - raft.server.log.segment.size.max = 1048576 (custom)
2019-11-14 00:39:39,376 [pool-580-thread-1] INFO  server.RaftServerConfigKeys (ConfUtils.java:logGet(43)) - raft.server.snapshot.auto.trigger.enabled = true (custom)
2019-11-14 00:39:39,376 [pool-570-thread-1] INFO  server.RaftServerConfigKeys (ConfUtils.java:logGet(43)) - raft.server.log.preallocated.size = 16384 (custom)
2019-11-14 00:39:39,376 [pool-580-thread-1] INFO  server.RaftServerConfigKeys (ConfUtils.java:logGet(43)) - raft.server.snapshot.auto.trigger.threshold = 10000 (custom)
2019-11-14 00:39:39,377 [pool-580-thread-1] INFO  server.RaftServerConfigKeys (ConfUtils.java:logGet(43)) - raft.server.snapshot.retention.file.num = 5 (custom)
2019-11-14 00:39:39,376 [pool-590-thread-1] INFO  server.RaftServerConfigKeys (ConfUtils.java:logGet(43)) - raft.server.log.preallocated.size = 16384 (custom)
2019-11-14 00:39:39,377 [pool-580-thread-1] INFO  server.RaftServerConfigKeys (ConfUtils.java:logGet(43)) - raft.server.retrycache.expirytime = 600000ms (custom)
2019-11-14 00:39:39,377 [pool-570-thread-1] INFO  server.RaftServerConfigKeys (ConfUtils.java:logGet(43)) - raft.server.log.write.buffer.size = 33554432 (custom)
2019-11-14 00:39:39,377 [pool-580-thread-1] WARN  impl.MetricRegistriesImpl (MetricRegistriesImpl.java:lambda$create$1(61)) - First MetricRegistry has been created without registering reporters. You may need to call MetricRegistries.global().addReportRegistration(...) before.
2019-11-14 00:39:39,377 [pool-580-thread-1] WARN  impl.MetricRegistriesImpl (MetricRegistriesImpl.java:lambda$create$1(61)) - First MetricRegistry has been created without registering reporters. You may need to call MetricRegistries.global().addReportRegistration(...) before.
2019-11-14 00:39:39,377 [pool-590-thread-1] INFO  server.RaftServerConfigKeys (ConfUtils.java:logGet(43)) - raft.server.log.write.buffer.size = 33554432 (custom)
2019-11-14 00:39:39,377 [pool-580-thread-1] INFO  impl.RaftServerImpl (RaftServerImpl.java:start(184)) - 91297bf6-d797-4b12-9aab-de0c4610252f@group-BC2D59E4F2DC: start as a follower, conf=-1: [cd0a212a-ef86-44b1-8f77-22d0bd8fbd35:192.168.34.25:38897, 91297bf6-d797-4b12-9aab-de0c4610252f:192.168.34.25:35231, f3a6f38f-08d4-4a6a-b30b-ec54e2e520c3:192.168.34.25:38828], old=null
2019-11-14 00:39:39,377 [pool-570-thread-1] INFO  server.RaftServerConfigKeys (ConfUtils.java:logGet(43)) - raft.server.log.force.sync.num = 128 (default)
2019-11-14 00:39:39,378 [pool-580-thread-1] INFO  impl.RaftServerImpl (RaftServerImpl.java:setRole(173)) - 91297bf6-d797-4b12-9aab-de0c4610252f@group-BC2D59E4F2DC: changes role from      null to FOLLOWER at term 0 for startAsFollower
2019-11-14 00:39:39,378 [pool-590-thread-1] INFO  server.RaftServerConfigKeys (ConfUtils.java:logGet(43)) - raft.server.log.force.sync.num = 128 (default)
2019-11-14 00:39:39,378 [pool-580-thread-1] INFO  impl.RoleInfo (RoleInfo.java:updateAndGet(143)) - 91297bf6-d797-4b12-9aab-de0c4610252f: start FollowerState
2019-11-14 00:39:39,378 [pool-570-thread-1] INFO  server.RaftServerConfigKeys (ConfUtils.java:logGet(43)) - raft.server.log.statemachine.data.sync = true (default)
2019-11-14 00:39:39,378 [pool-590-thread-1] INFO  server.RaftServerConfigKeys (ConfUtils.java:logGet(43)) - raft.server.log.statemachine.data.sync = true (default)
2019-11-14 00:39:39,378 [pool-570-thread-1] INFO  server.RaftServerConfigKeys (ConfUtils.java:logGet(43)) - raft.server.log.statemachine.data.sync.timeout = 10s (default)
2019-11-14 00:39:39,378 [pool-580-thread-1] INFO  util.JmxRegister (JmxRegister.java:tryRegister(44)) - Successfully registered JMX Bean with object name Ratis:service=RaftServer,group=group-BC2D59E4F2DC,id=91297bf6-d797-4b12-9aab-de0c4610252f
2019-11-14 00:39:39,378 [pool-590-thread-1] INFO  server.RaftServerConfigKeys (ConfUtils.java:logGet(43)) - raft.server.log.statemachine.data.sync.timeout = 10s (default)
2019-11-14 00:39:39,378 [pool-580-thread-1] WARN  impl.MetricRegistriesImpl (MetricRegistriesImpl.java:lambda$create$1(61)) - First MetricRegistry has been created without registering reporters. You may need to call MetricRegistries.global().addReportRegistration(...) before.
2019-11-14 00:39:39,378 [pool-570-thread-1] INFO  server.RaftServerConfigKeys (ConfUtils.java:logGet(43)) - raft.server.log.statemachine.data.sync.timeout.retry = -1 (default)
2019-11-14 00:39:39,379 [pool-590-thread-1] INFO  server.RaftServerConfigKeys (ConfUtils.java:logGet(43)) - raft.server.log.statemachine.data.sync.timeout.retry = -1 (default)
2019-11-14 00:39:39,379 [pool-570-thread-1] INFO  server.RaftServerConfigKeys (ConfUtils.java:logGet(43)) - raft.server.log.statemachine.data.caching.enabled = true (custom)
2019-11-14 00:39:39,379 [pool-590-thread-1] INFO  server.RaftServerConfigKeys (ConfUtils.java:logGet(43)) - raft.server.log.statemachine.data.caching.enabled = true (custom)
2019-11-14 00:39:39,379 [pool-590-thread-1] INFO  segmented.SegmentedRaftLogWorker (SegmentedRaftLogWorker.java:lambda$new$0(128)) - cd0a212a-ef86-44b1-8f77-22d0bd8fbd35@group-BC2D59E4F2DC-SegmentedRaftLogWorker: flushIndex: setUnconditionally 0 -> -1
2019-11-14 00:39:39,379 [pool-570-thread-1] INFO  segmented.SegmentedRaftLogWorker (SegmentedRaftLogWorker.java:lambda$new$0(128)) - f3a6f38f-08d4-4a6a-b30b-ec54e2e520c3@group-BC2D59E4F2DC-SegmentedRaftLogWorker: flushIndex: setUnconditionally 0 -> -1
2019-11-14 00:39:39,380 [pool-590-thread-1] INFO  server.RaftServerConfigKeys (ConfUtils.java:logGet(43)) - raft.server.snapshot.auto.trigger.enabled = true (custom)
2019-11-14 00:39:39,380 [pool-590-thread-1] INFO  server.RaftServerConfigKeys (ConfUtils.java:logGet(43)) - raft.server.snapshot.auto.trigger.threshold = 10000 (custom)
2019-11-14 00:39:39,380 [pool-590-thread-1] INFO  server.RaftServerConfigKeys (ConfUtils.java:logGet(43)) - raft.server.snapshot.retention.file.num = 5 (custom)
2019-11-14 00:39:39,380 [pool-570-thread-1] INFO  server.RaftServerConfigKeys (ConfUtils.java:logGet(43)) - raft.server.snapshot.auto.trigger.enabled = true (custom)
2019-11-14 00:39:39,380 [pool-590-thread-1] INFO  server.RaftServerConfigKeys (ConfUtils.java:logGet(43)) - raft.server.retrycache.expirytime = 600000ms (custom)
2019-11-14 00:39:39,380 [pool-570-thread-1] INFO  server.RaftServerConfigKeys (ConfUtils.java:logGet(43)) - raft.server.snapshot.auto.trigger.threshold = 10000 (custom)
2019-11-14 00:39:39,380 [pool-590-thread-1] WARN  impl.MetricRegistriesImpl (MetricRegistriesImpl.java:lambda$create$1(61)) - First MetricRegistry has been created without registering reporters. You may need to call MetricRegistries.global().addReportRegistration(...) before.
2019-11-14 00:39:39,380 [pool-570-thread-1] INFO  server.RaftServerConfigKeys (ConfUtils.java:logGet(43)) - raft.server.snapshot.retention.file.num = 5 (custom)
2019-11-14 00:39:39,380 [pool-590-thread-1] WARN  impl.MetricRegistriesImpl (MetricRegistriesImpl.java:lambda$create$1(61)) - First MetricRegistry has been created without registering reporters. You may need to call MetricRegistries.global().addReportRegistration(...) before.
2019-11-14 00:39:39,380 [pool-570-thread-1] INFO  server.RaftServerConfigKeys (ConfUtils.java:logGet(43)) - raft.server.retrycache.expirytime = 600000ms (custom)
2019-11-14 00:39:39,380 [pool-590-thread-1] INFO  impl.RaftServerImpl (RaftServerImpl.java:start(184)) - cd0a212a-ef86-44b1-8f77-22d0bd8fbd35@group-BC2D59E4F2DC: start as a follower, conf=-1: [cd0a212a-ef86-44b1-8f77-22d0bd8fbd35:192.168.34.25:38897, 91297bf6-d797-4b12-9aab-de0c4610252f:192.168.34.25:35231, f3a6f38f-08d4-4a6a-b30b-ec54e2e520c3:192.168.34.25:38828], old=null
2019-11-14 00:39:39,381 [pool-570-thread-1] WARN  impl.MetricRegistriesImpl (MetricRegistriesImpl.java:lambda$create$1(61)) - First MetricRegistry has been created without registering reporters. You may need to call MetricRegistries.global().addReportRegistration(...) before.
2019-11-14 00:39:39,381 [pool-590-thread-1] INFO  impl.RaftServerImpl (RaftServerImpl.java:setRole(173)) - cd0a212a-ef86-44b1-8f77-22d0bd8fbd35@group-BC2D59E4F2DC: changes role from      null to FOLLOWER at term 0 for startAsFollower
2019-11-14 00:39:39,381 [pool-570-thread-1] WARN  impl.MetricRegistriesImpl (MetricRegistriesImpl.java:lambda$create$1(61)) - First MetricRegistry has been created without registering reporters. You may need to call MetricRegistries.global().addReportRegistration(...) before.
2019-11-14 00:39:39,381 [pool-590-thread-1] INFO  impl.RoleInfo (RoleInfo.java:updateAndGet(143)) - cd0a212a-ef86-44b1-8f77-22d0bd8fbd35: start FollowerState
2019-11-14 00:39:39,381 [pool-570-thread-1] INFO  impl.RaftServerImpl (RaftServerImpl.java:start(184)) - f3a6f38f-08d4-4a6a-b30b-ec54e2e520c3@group-BC2D59E4F2DC: start as a follower, conf=-1: [cd0a212a-ef86-44b1-8f77-22d0bd8fbd35:192.168.34.25:38897, 91297bf6-d797-4b12-9aab-de0c4610252f:192.168.34.25:35231, f3a6f38f-08d4-4a6a-b30b-ec54e2e520c3:192.168.34.25:38828], old=null
2019-11-14 00:39:39,381 [pool-570-thread-1] INFO  impl.RaftServerImpl (RaftServerImpl.java:setRole(173)) - f3a6f38f-08d4-4a6a-b30b-ec54e2e520c3@group-BC2D59E4F2DC: changes role from      null to FOLLOWER at term 0 for startAsFollower
2019-11-14 00:39:39,381 [pool-590-thread-1] INFO  util.JmxRegister (JmxRegister.java:tryRegister(44)) - Successfully registered JMX Bean with object name Ratis:service=RaftServer,group=group-BC2D59E4F2DC,id=cd0a212a-ef86-44b1-8f77-22d0bd8fbd35
2019-11-14 00:39:39,381 [pool-570-thread-1] INFO  impl.RoleInfo (RoleInfo.java:updateAndGet(143)) - f3a6f38f-08d4-4a6a-b30b-ec54e2e520c3: start FollowerState
2019-11-14 00:39:39,381 [pool-590-thread-1] WARN  impl.MetricRegistriesImpl (MetricRegistriesImpl.java:lambda$create$1(61)) - First MetricRegistry has been created without registering reporters. You may need to call MetricRegistries.global().addReportRegistration(...) before.
2019-11-14 00:39:39,382 [pool-570-thread-1] INFO  util.JmxRegister (JmxRegister.java:tryRegister(44)) - Successfully registered JMX Bean with object name Ratis:service=RaftServer,group=group-BC2D59E4F2DC,id=f3a6f38f-08d4-4a6a-b30b-ec54e2e520c3
2019-11-14 00:39:39,382 [pool-570-thread-1] WARN  impl.MetricRegistriesImpl (MetricRegistriesImpl.java:lambda$create$1(61)) - First MetricRegistry has been created without registering reporters. You may need to call MetricRegistries.global().addReportRegistration(...) before.
2019-11-14 00:39:39,384 [RatisPipelineUtilsThread] INFO  pipeline.PipelineStateManager (PipelineStateManager.java:addPipeline(55)) - Created pipeline Pipeline[ Id: d4b3e8fa-7b00-4048-a977-bc2d59e4f2dc, Nodes: 91297bf6-d797-4b12-9aab-de0c4610252f{ip: 192.168.34.25, host: pr-hdds-2474-ghsjm-2904119463, networkLocation: /rack1, certSerialId: null}cd0a212a-ef86-44b1-8f77-22d0bd8fbd35{ip: 192.168.34.25, host: pr-hdds-2474-ghsjm-2904119463, networkLocation: /rack1, certSerialId: null}f3a6f38f-08d4-4a6a-b30b-ec54e2e520c3{ip: 192.168.34.25, host: pr-hdds-2474-ghsjm-2904119463, networkLocation: /rack1, certSerialId: null}, Type:RATIS, Factor:THREE, State:ALLOCATED]
2019-11-14 00:39:39,385 [main] INFO  ozone.MiniOzoneClusterImpl (MiniOzoneClusterImpl.java:lambda$waitForClusterToBeReady$2(163)) - Waiting for 13 number of pipelines out of 13, to report a leader.
2019-11-14 00:39:39,663 [Thread-3918] INFO  impl.FollowerState (FollowerState.java:run(111)) - 4c0227a7-61cb-4c13-bcf3-e9ab107c9374@group-7C37095D5FCF-FollowerState: change to CANDIDATE, lastRpcTime:1057ms, electionTimeout:1057ms
2019-11-14 00:39:39,663 [Thread-3918] INFO  impl.RoleInfo (RoleInfo.java:shutdownFollowerState(121)) - 4c0227a7-61cb-4c13-bcf3-e9ab107c9374: shutdown FollowerState
2019-11-14 00:39:39,663 [Thread-3918] INFO  impl.RaftServerImpl (RaftServerImpl.java:setRole(173)) - 4c0227a7-61cb-4c13-bcf3-e9ab107c9374@group-7C37095D5FCF: changes role from  FOLLOWER to CANDIDATE at term 0 for changeToCandidate
2019-11-14 00:39:39,664 [Thread-3918] INFO  impl.RoleInfo (RoleInfo.java:updateAndGet(143)) - 4c0227a7-61cb-4c13-bcf3-e9ab107c9374: start LeaderElection
2019-11-14 00:39:39,682 [4c0227a7-61cb-4c13-bcf3-e9ab107c9374@group-7C37095D5FCF-LeaderElection170] INFO  impl.LeaderElection (LeaderElection.java:askForVotes(178)) - 4c0227a7-61cb-4c13-bcf3-e9ab107c9374@group-7C37095D5FCF-LeaderElection170: begin an election at term 1 for -1: [4c0227a7-61cb-4c13-bcf3-e9ab107c9374:192.168.34.25:39301], old=null
2019-11-14 00:39:39,683 [4c0227a7-61cb-4c13-bcf3-e9ab107c9374@group-7C37095D5FCF-LeaderElection170] INFO  impl.RoleInfo (RoleInfo.java:shutdownLeaderElection(134)) - 4c0227a7-61cb-4c13-bcf3-e9ab107c9374: shutdown LeaderElection
2019-11-14 00:39:39,683 [4c0227a7-61cb-4c13-bcf3-e9ab107c9374@group-7C37095D5FCF-LeaderElection170] INFO  impl.RaftServerImpl (RaftServerImpl.java:setRole(173)) - 4c0227a7-61cb-4c13-bcf3-e9ab107c9374@group-7C37095D5FCF: changes role from CANDIDATE to LEADER at term 1 for changeToLeader
2019-11-14 00:39:39,683 [4c0227a7-61cb-4c13-bcf3-e9ab107c9374@group-7C37095D5FCF-LeaderElection170] INFO  ratis.XceiverServerRatis (XceiverServerRatis.java:handleLeaderChangedNotification(697)) - Leader change notification received for group: group-7C37095D5FCF with new leaderId: 4c0227a7-61cb-4c13-bcf3-e9ab107c9374
2019-11-14 00:39:39,683 [4c0227a7-61cb-4c13-bcf3-e9ab107c9374@group-7C37095D5FCF-LeaderElection170] INFO  impl.RaftServerImpl (ServerState.java:setLeader(255)) - 4c0227a7-61cb-4c13-bcf3-e9ab107c9374@group-7C37095D5FCF: change Leader from null to 4c0227a7-61cb-4c13-bcf3-e9ab107c9374 at term 1 for becomeLeader, leader elected after 1081ms
2019-11-14 00:39:39,686 [4c0227a7-61cb-4c13-bcf3-e9ab107c9374@group-7C37095D5FCF-LeaderElection170] INFO  server.RaftServerConfigKeys (ConfUtils.java:logGet(43)) - raft.server.staging.catchup.gap = 1000 (default)
2019-11-14 00:39:39,687 [4c0227a7-61cb-4c13-bcf3-e9ab107c9374@group-7C37095D5FCF-LeaderElection170] INFO  server.RaftServerConfigKeys (ConfUtils.java:logGet(43)) - raft.server.rpc.sleep.time = 25ms (default)
2019-11-14 00:39:39,687 [4c0227a7-61cb-4c13-bcf3-e9ab107c9374@group-7C37095D5FCF-LeaderElection170] INFO  server.RaftServerConfigKeys (ConfUtils.java:logGet(43)) - raft.server.write.element-limit = 4096 (default)
2019-11-14 00:39:39,687 [4c0227a7-61cb-4c13-bcf3-e9ab107c9374@group-7C37095D5FCF-LeaderElection170] INFO  server.RaftServerConfigKeys (ConfUtils.java:logGet(43)) - raft.server.watch.timeout = 10s (default)
2019-11-14 00:39:39,687 [EventQueue-PipelineReportForPipelineReportHandler] INFO  pipeline.PipelineStateManager (PipelineStateManager.java:openPipeline(134)) - Pipeline Pipeline[ Id: 2111cd01-ea50-470f-a768-7c37095d5fcf, Nodes: 4c0227a7-61cb-4c13-bcf3-e9ab107c9374{ip: 192.168.34.25, host: pr-hdds-2474-ghsjm-2904119463, networkLocation: /rack1, certSerialId: null}, Type:RATIS, Factor:ONE, State:OPEN] moved to OPEN state
2019-11-14 00:39:39,687 [4c0227a7-61cb-4c13-bcf3-e9ab107c9374@group-7C37095D5FCF-LeaderElection170] INFO  server.RaftServerConfigKeys (ConfUtils.java:logGet(43)) - raft.server.watch.timeout.denomination = 1s (default)
2019-11-14 00:39:39,688 [4c0227a7-61cb-4c13-bcf3-e9ab107c9374@group-7C37095D5FCF-LeaderElection170] INFO  server.RaftServerConfigKeys (ConfUtils.java:logGet(43)) - raft.server.watch.element-limit = 65536 (default)
2019-11-14 00:39:39,688 [4c0227a7-61cb-4c13-bcf3-e9ab107c9374@group-7C37095D5FCF-LeaderElection170] INFO  impl.RoleInfo (RoleInfo.java:updateAndGet(143)) - 4c0227a7-61cb-4c13-bcf3-e9ab107c9374: start LeaderState
2019-11-14 00:39:39,689 [4c0227a7-61cb-4c13-bcf3-e9ab107c9374@group-7C37095D5FCF-LeaderElection170] INFO  segmented.SegmentedRaftLogWorker (SegmentedRaftLogWorker.java:startLogSegment(385)) - 4c0227a7-61cb-4c13-bcf3-e9ab107c9374@group-7C37095D5FCF-SegmentedRaftLogWorker: Starting segment from index:0
2019-11-14 00:39:39,690 [4c0227a7-61cb-4c13-bcf3-e9ab107c9374@group-7C37095D5FCF-LeaderElection170] INFO  impl.RaftServerImpl (ServerState.java:setRaftConf(356)) - 4c0227a7-61cb-4c13-bcf3-e9ab107c9374@group-7C37095D5FCF: set configuration 0: [4c0227a7-61cb-4c13-bcf3-e9ab107c9374:192.168.34.25:39301], old=null at 0
2019-11-14 00:39:39,728 [4c0227a7-61cb-4c13-bcf3-e9ab107c9374@group-7C37095D5FCF-SegmentedRaftLogWorker] INFO  segmented.SegmentedRaftLogWorker (SegmentedRaftLogWorker.java:execute(576)) - 4c0227a7-61cb-4c13-bcf3-e9ab107c9374@group-7C37095D5FCF-SegmentedRaftLogWorker: created new log segment /workdir/hadoop-ozone/integration-test/target/test-dir/MiniOzoneClusterImpl-f0c02ddf-6665-4004-91fc-64de6051483a/datanode-0/data/ratis/2111cd01-ea50-470f-a768-7c37095d5fcf/current/log_inprogress_0
2019-11-14 00:39:39,756 [Thread-3924] INFO  impl.FollowerState (FollowerState.java:run(111)) - 536e24f7-ac60-4eb9-a985-13294793bd01@group-C82E8DEE4F3A-FollowerState: change to CANDIDATE, lastRpcTime:1056ms, electionTimeout:1056ms
2019-11-14 00:39:39,756 [Thread-3924] INFO  impl.RoleInfo (RoleInfo.java:shutdownFollowerState(121)) - 536e24f7-ac60-4eb9-a985-13294793bd01: shutdown FollowerState
2019-11-14 00:39:39,756 [Thread-3924] INFO  impl.RaftServerImpl (RaftServerImpl.java:setRole(173)) - 536e24f7-ac60-4eb9-a985-13294793bd01@group-C82E8DEE4F3A: changes role from  FOLLOWER to CANDIDATE at term 0 for changeToCandidate
2019-11-14 00:39:39,756 [Thread-3924] INFO  impl.RoleInfo (RoleInfo.java:updateAndGet(143)) - 536e24f7-ac60-4eb9-a985-13294793bd01: start LeaderElection
2019-11-14 00:39:39,775 [Thread-3931] INFO  impl.FollowerState (FollowerState.java:run(111)) - 536e24f7-ac60-4eb9-a985-13294793bd01@group-01541D9720D9-FollowerState: change to CANDIDATE, lastRpcTime:1026ms, electionTimeout:1026ms
2019-11-14 00:39:39,775 [Thread-3931] INFO  impl.RoleInfo (RoleInfo.java:shutdownFollowerState(121)) - 536e24f7-ac60-4eb9-a985-13294793bd01: shutdown FollowerState
2019-11-14 00:39:39,775 [Thread-3931] INFO  impl.RaftServerImpl (RaftServerImpl.java:setRole(173)) - 536e24f7-ac60-4eb9-a985-13294793bd01@group-01541D9720D9: changes role from  FOLLOWER to CANDIDATE at term 0 for changeToCandidate
2019-11-14 00:39:39,775 [Thread-3931] INFO  impl.RoleInfo (RoleInfo.java:updateAndGet(143)) - 536e24f7-ac60-4eb9-a985-13294793bd01: start LeaderElection
2019-11-14 00:39:39,781 [536e24f7-ac60-4eb9-a985-13294793bd01@group-C82E8DEE4F3A-LeaderElection171] INFO  impl.LeaderElection (LeaderElection.java:askForVotes(178)) - 536e24f7-ac60-4eb9-a985-13294793bd01@group-C82E8DEE4F3A-LeaderElection171: begin an election at term 1 for -1: [536e24f7-ac60-4eb9-a985-13294793bd01:192.168.34.25:33623], old=null
2019-11-14 00:39:39,781 [536e24f7-ac60-4eb9-a985-13294793bd01@group-C82E8DEE4F3A-LeaderElection171] INFO  impl.RoleInfo (RoleInfo.java:shutdownLeaderElection(134)) - 536e24f7-ac60-4eb9-a985-13294793bd01: shutdown LeaderElection
2019-11-14 00:39:39,781 [536e24f7-ac60-4eb9-a985-13294793bd01@group-C82E8DEE4F3A-LeaderElection171] INFO  impl.RaftServerImpl (RaftServerImpl.java:setRole(173)) - 536e24f7-ac60-4eb9-a985-13294793bd01@group-C82E8DEE4F3A: changes role from CANDIDATE to LEADER at term 1 for changeToLeader
2019-11-14 00:39:39,781 [536e24f7-ac60-4eb9-a985-13294793bd01@group-C82E8DEE4F3A-LeaderElection171] INFO  ratis.XceiverServerRatis (XceiverServerRatis.java:handleLeaderChangedNotification(697)) - Leader change notification received for group: group-C82E8DEE4F3A with new leaderId: 536e24f7-ac60-4eb9-a985-13294793bd01
2019-11-14 00:39:39,781 [536e24f7-ac60-4eb9-a985-13294793bd01@group-C82E8DEE4F3A-LeaderElection171] INFO  impl.RaftServerImpl (ServerState.java:setLeader(255)) - 536e24f7-ac60-4eb9-a985-13294793bd01@group-C82E8DEE4F3A: change Leader from null to 536e24f7-ac60-4eb9-a985-13294793bd01 at term 1 for becomeLeader, leader elected after 1083ms
2019-11-14 00:39:39,781 [536e24f7-ac60-4eb9-a985-13294793bd01@group-C82E8DEE4F3A-LeaderElection171] INFO  server.RaftServerConfigKeys (ConfUtils.java:logGet(43)) - raft.server.staging.catchup.gap = 1000 (default)
2019-11-14 00:39:39,783 [536e24f7-ac60-4eb9-a985-13294793bd01@group-C82E8DEE4F3A-LeaderElection171] INFO  server.RaftServerConfigKeys (ConfUtils.java:logGet(43)) - raft.server.rpc.sleep.time = 25ms (default)
2019-11-14 00:39:39,784 [536e24f7-ac60-4eb9-a985-13294793bd01@group-C82E8DEE4F3A-LeaderElection171] INFO  server.RaftServerConfigKeys (ConfUtils.java:logGet(43)) - raft.server.write.element-limit = 4096 (default)
2019-11-14 00:39:39,784 [536e24f7-ac60-4eb9-a985-13294793bd01@group-C82E8DEE4F3A-LeaderElection171] INFO  server.RaftServerConfigKeys (ConfUtils.java:logGet(43)) - raft.server.watch.timeout = 10s (default)
2019-11-14 00:39:39,784 [536e24f7-ac60-4eb9-a985-13294793bd01@group-C82E8DEE4F3A-LeaderElection171] INFO  server.RaftServerConfigKeys (ConfUtils.java:logGet(43)) - raft.server.watch.timeout.denomination = 1s (default)
2019-11-14 00:39:39,784 [536e24f7-ac60-4eb9-a985-13294793bd01@group-C82E8DEE4F3A-LeaderElection171] INFO  server.RaftServerConfigKeys (ConfUtils.java:logGet(43)) - raft.server.watch.element-limit = 65536 (default)
2019-11-14 00:39:39,784 [EventQueue-PipelineReportForPipelineReportHandler] INFO  pipeline.PipelineStateManager (PipelineStateManager.java:openPipeline(134)) - Pipeline Pipeline[ Id: 4d585e9c-d93f-4946-a113-c82e8dee4f3a, Nodes: 536e24f7-ac60-4eb9-a985-13294793bd01{ip: 192.168.34.25, host: pr-hdds-2474-ghsjm-2904119463, networkLocation: /rack1, certSerialId: null}, Type:RATIS, Factor:ONE, State:OPEN] moved to OPEN state
2019-11-14 00:39:39,784 [536e24f7-ac60-4eb9-a985-13294793bd01@group-C82E8DEE4F3A-LeaderElection171] INFO  impl.RoleInfo (RoleInfo.java:updateAndGet(143)) - 536e24f7-ac60-4eb9-a985-13294793bd01: start LeaderState
2019-11-14 00:39:39,784 [536e24f7-ac60-4eb9-a985-13294793bd01@group-C82E8DEE4F3A-LeaderElection171] INFO  segmented.SegmentedRaftLogWorker (SegmentedRaftLogWorker.java:startLogSegment(385)) - 536e24f7-ac60-4eb9-a985-13294793bd01@group-C82E8DEE4F3A-SegmentedRaftLogWorker: Starting segment from index:0
2019-11-14 00:39:39,785 [536e24f7-ac60-4eb9-a985-13294793bd01@group-C82E8DEE4F3A-LeaderElection171] INFO  impl.RaftServerImpl (ServerState.java:setRaftConf(356)) - 536e24f7-ac60-4eb9-a985-13294793bd01@group-C82E8DEE4F3A: set configuration 0: [536e24f7-ac60-4eb9-a985-13294793bd01:192.168.34.25:33623], old=null at 0
2019-11-14 00:39:39,794 [536e24f7-ac60-4eb9-a985-13294793bd01@group-01541D9720D9-LeaderElection172] INFO  impl.LeaderElection (LeaderElection.java:askForVotes(178)) - 536e24f7-ac60-4eb9-a985-13294793bd01@group-01541D9720D9-LeaderElection172: begin an election at term 1 for -1: [536e24f7-ac60-4eb9-a985-13294793bd01:192.168.34.25:33623, 2f70a07d-1e84-46bf-8533-fdd294c919e1:192.168.34.25:45658, 4c0227a7-61cb-4c13-bcf3-e9ab107c9374:192.168.34.25:39301], old=null
2019-11-14 00:39:39,821 [grpc-default-executor-6] INFO  impl.RaftServerImpl (RaftServerImpl.java:setRole(173)) - 4c0227a7-61cb-4c13-bcf3-e9ab107c9374@group-01541D9720D9: changes role from  FOLLOWER to FOLLOWER at term 1 for recognizeCandidate:536e24f7-ac60-4eb9-a985-13294793bd01
2019-11-14 00:39:39,821 [grpc-default-executor-7] INFO  impl.RaftServerImpl (RaftServerImpl.java:setRole(173)) - 2f70a07d-1e84-46bf-8533-fdd294c919e1@group-01541D9720D9: changes role from  FOLLOWER to FOLLOWER at term 1 for recognizeCandidate:536e24f7-ac60-4eb9-a985-13294793bd01
2019-11-14 00:39:39,821 [grpc-default-executor-6] INFO  impl.RoleInfo (RoleInfo.java:shutdownFollowerState(121)) - 4c0227a7-61cb-4c13-bcf3-e9ab107c9374: shutdown FollowerState
2019-11-14 00:39:39,821 [grpc-default-executor-7] INFO  impl.RoleInfo (RoleInfo.java:shutdownFollowerState(121)) - 2f70a07d-1e84-46bf-8533-fdd294c919e1: shutdown FollowerState
2019-11-14 00:39:39,822 [Thread-3927] INFO  impl.FollowerState (FollowerState.java:run(120)) - 4c0227a7-61cb-4c13-bcf3-e9ab107c9374@group-01541D9720D9-FollowerState was interrupted: java.lang.InterruptedException: sleep interrupted
2019-11-14 00:39:39,822 [grpc-default-executor-6] INFO  impl.RoleInfo (RoleInfo.java:updateAndGet(143)) - 4c0227a7-61cb-4c13-bcf3-e9ab107c9374: start FollowerState
2019-11-14 00:39:39,822 [grpc-default-executor-7] INFO  impl.RoleInfo (RoleInfo.java:updateAndGet(143)) - 2f70a07d-1e84-46bf-8533-fdd294c919e1: start FollowerState
2019-11-14 00:39:39,822 [Thread-3932] INFO  impl.FollowerState (FollowerState.java:run(120)) - 2f70a07d-1e84-46bf-8533-fdd294c919e1@group-01541D9720D9-FollowerState was interrupted: java.lang.InterruptedException: sleep interrupted
2019-11-14 00:39:39,830 [536e24f7-ac60-4eb9-a985-13294793bd01@group-C82E8DEE4F3A-SegmentedRaftLogWorker] INFO  segmented.SegmentedRaftLogWorker (SegmentedRaftLogWorker.java:execute(576)) - 536e24f7-ac60-4eb9-a985-13294793bd01@group-C82E8DEE4F3A-SegmentedRaftLogWorker: created new log segment /workdir/hadoop-ozone/integration-test/target/test-dir/MiniOzoneClusterImpl-f0c02ddf-6665-4004-91fc-64de6051483a/datanode-2/data/ratis/4d585e9c-d93f-4946-a113-c82e8dee4f3a/current/log_inprogress_0
2019-11-14 00:39:39,831 [536e24f7-ac60-4eb9-a985-13294793bd01@group-01541D9720D9-LeaderElection172] INFO  impl.LeaderElection (LeaderElection.java:logAndReturn(56)) - 536e24f7-ac60-4eb9-a985-13294793bd01@group-01541D9720D9-LeaderElection172: Election PASSED; received 1 response(s) [536e24f7-ac60-4eb9-a985-13294793bd01<-4c0227a7-61cb-4c13-bcf3-e9ab107c9374#0:OK-t1] and 0 exception(s); 536e24f7-ac60-4eb9-a985-13294793bd01@group-01541D9720D9:t1, leader=null, voted=536e24f7-ac60-4eb9-a985-13294793bd01, raftlog=536e24f7-ac60-4eb9-a985-13294793bd01@group-01541D9720D9-SegmentedRaftLog:OPENED:c-1,f-1,i0, conf=-1: [536e24f7-ac60-4eb9-a985-13294793bd01:192.168.34.25:33623, 2f70a07d-1e84-46bf-8533-fdd294c919e1:192.168.34.25:45658, 4c0227a7-61cb-4c13-bcf3-e9ab107c9374:192.168.34.25:39301], old=null
2019-11-14 00:39:39,831 [536e24f7-ac60-4eb9-a985-13294793bd01@group-01541D9720D9-LeaderElection172] INFO  impl.RoleInfo (RoleInfo.java:shutdownLeaderElection(134)) - 536e24f7-ac60-4eb9-a985-13294793bd01: shutdown LeaderElection
2019-11-14 00:39:39,831 [536e24f7-ac60-4eb9-a985-13294793bd01@group-01541D9720D9-LeaderElection172] INFO  impl.RaftServerImpl (RaftServerImpl.java:setRole(173)) - 536e24f7-ac60-4eb9-a985-13294793bd01@group-01541D9720D9: changes role from CANDIDATE to LEADER at term 1 for changeToLeader
2019-11-14 00:39:39,831 [536e24f7-ac60-4eb9-a985-13294793bd01@group-01541D9720D9-LeaderElection172] INFO  ratis.XceiverServerRatis (XceiverServerRatis.java:handleLeaderChangedNotification(697)) - Leader change notification received for group: group-01541D9720D9 with new leaderId: 536e24f7-ac60-4eb9-a985-13294793bd01
2019-11-14 00:39:39,831 [536e24f7-ac60-4eb9-a985-13294793bd01@group-01541D9720D9-LeaderElection172] INFO  impl.RaftServerImpl (ServerState.java:setLeader(255)) - 536e24f7-ac60-4eb9-a985-13294793bd01@group-01541D9720D9: change Leader from null to 536e24f7-ac60-4eb9-a985-13294793bd01 at term 1 for becomeLeader, leader elected after 1088ms
2019-11-14 00:39:39,832 [536e24f7-ac60-4eb9-a985-13294793bd01@group-01541D9720D9-LeaderElection172] INFO  server.RaftServerConfigKeys (ConfUtils.java:logGet(43)) - raft.server.staging.catchup.gap = 1000 (default)
2019-11-14 00:39:39,832 [536e24f7-ac60-4eb9-a985-13294793bd01@group-01541D9720D9-LeaderElection172] INFO  server.RaftServerConfigKeys (ConfUtils.java:logGet(43)) - raft.server.rpc.sleep.time = 25ms (default)
2019-11-14 00:39:39,832 [536e24f7-ac60-4eb9-a985-13294793bd01@group-01541D9720D9-LeaderElection172] INFO  server.RaftServerConfigKeys (ConfUtils.java:logGet(43)) - raft.server.write.element-limit = 4096 (default)
2019-11-14 00:39:39,832 [536e24f7-ac60-4eb9-a985-13294793bd01@group-01541D9720D9-LeaderElection172] INFO  server.RaftServerConfigKeys (ConfUtils.java:logGet(43)) - raft.server.watch.timeout = 10s (default)
2019-11-14 00:39:39,832 [536e24f7-ac60-4eb9-a985-13294793bd01@group-01541D9720D9-LeaderElection172] INFO  server.RaftServerConfigKeys (ConfUtils.java:logGet(43)) - raft.server.watch.timeout.denomination = 1s (default)
2019-11-14 00:39:39,832 [536e24f7-ac60-4eb9-a985-13294793bd01@group-01541D9720D9-LeaderElection172] INFO  server.RaftServerConfigKeys (ConfUtils.java:logGet(43)) - raft.server.watch.element-limit = 65536 (default)
2019-11-14 00:39:39,832 [EventQueue-PipelineReportForPipelineReportHandler] INFO  pipeline.PipelineStateManager (PipelineStateManager.java:openPipeline(134)) - Pipeline Pipeline[ Id: 78cf7873-1e4b-4408-94c8-01541d9720d9, Nodes: 4c0227a7-61cb-4c13-bcf3-e9ab107c9374{ip: 192.168.34.25, host: pr-hdds-2474-ghsjm-2904119463, networkLocation: /rack1, certSerialId: null}536e24f7-ac60-4eb9-a985-13294793bd01{ip: 192.168.34.25, host: pr-hdds-2474-ghsjm-2904119463, networkLocation: /rack1, certSerialId: null}2f70a07d-1e84-46bf-8533-fdd294c919e1{ip: 192.168.34.25, host: pr-hdds-2474-ghsjm-2904119463, networkLocation: /rack1, certSerialId: null}, Type:RATIS, Factor:THREE, State:OPEN] moved to OPEN state
2019-11-14 00:39:39,832 [536e24f7-ac60-4eb9-a985-13294793bd01@group-01541D9720D9-LeaderElection172] INFO  server.RaftServerConfigKeys (ConfUtils.java:logGet(43)) - raft.server.log.appender.snapshot.chunk.size.max = 16MB (=16777216) (default)
2019-11-14 00:39:39,833 [536e24f7-ac60-4eb9-a985-13294793bd01@group-01541D9720D9-LeaderElection172] INFO  server.RaftServerConfigKeys (ConfUtils.java:logGet(43)) - raft.server.log.appender.buffer.byte-limit = 33554432 (custom)
2019-11-14 00:39:39,833 [536e24f7-ac60-4eb9-a985-13294793bd01@group-01541D9720D9-LeaderElection172] INFO  server.RaftServerConfigKeys (ConfUtils.java:logGet(43)) - raft.server.log.appender.buffer.element-limit = 1 (custom)
2019-11-14 00:39:39,833 [536e24f7-ac60-4eb9-a985-13294793bd01@group-01541D9720D9-LeaderElection172] INFO  grpc.GrpcConfigKeys$Server (ConfUtils.java:logGet(43)) - raft.grpc.server.leader.outstanding.appends.max = 128 (default)
2019-11-14 00:39:39,833 [536e24f7-ac60-4eb9-a985-13294793bd01@group-01541D9720D9-LeaderElection172] INFO  server.RaftServerConfigKeys (ConfUtils.java:logGet(43)) - raft.server.rpc.request.timeout = 3000ms (default)
2019-11-14 00:39:39,833 [536e24f7-ac60-4eb9-a985-13294793bd01@group-01541D9720D9-LeaderElection172] INFO  server.RaftServerConfigKeys (ConfUtils.java:logGet(43)) - raft.server.log.appender.install.snapshot.enabled = false (custom)
2019-11-14 00:39:39,833 [536e24f7-ac60-4eb9-a985-13294793bd01@group-01541D9720D9-LeaderElection172] WARN  impl.MetricRegistriesImpl (MetricRegistriesImpl.java:lambda$create$1(61)) - First MetricRegistry has been created without registering reporters. You may need to call MetricRegistries.global().addReportRegistration(...) before.
2019-11-14 00:39:39,834 [536e24f7-ac60-4eb9-a985-13294793bd01@group-01541D9720D9-LeaderElection172] INFO  server.RaftServerConfigKeys (ConfUtils.java:logGet(43)) - raft.server.log.appender.snapshot.chunk.size.max = 16MB (=16777216) (default)
2019-11-14 00:39:39,834 [536e24f7-ac60-4eb9-a985-13294793bd01@group-01541D9720D9-LeaderElection172] INFO  server.RaftServerConfigKeys (ConfUtils.java:logGet(43)) - raft.server.log.appender.buffer.byte-limit = 33554432 (custom)
2019-11-14 00:39:39,834 [536e24f7-ac60-4eb9-a985-13294793bd01@group-01541D9720D9-LeaderElection172] INFO  server.RaftServerConfigKeys (ConfUtils.java:logGet(43)) - raft.server.log.appender.buffer.element-limit = 1 (custom)
2019-11-14 00:39:39,834 [536e24f7-ac60-4eb9-a985-13294793bd01@group-01541D9720D9-LeaderElection172] INFO  grpc.GrpcConfigKeys$Server (ConfUtils.java:logGet(43)) - raft.grpc.server.leader.outstanding.appends.max = 128 (default)
2019-11-14 00:39:39,834 [536e24f7-ac60-4eb9-a985-13294793bd01@group-01541D9720D9-LeaderElection172] INFO  server.RaftServerConfigKeys (ConfUtils.java:logGet(43)) - raft.server.rpc.request.timeout = 3000ms (default)
2019-11-14 00:39:39,834 [536e24f7-ac60-4eb9-a985-13294793bd01@group-01541D9720D9-LeaderElection172] INFO  server.RaftServerConfigKeys (ConfUtils.java:logGet(43)) - raft.server.log.appender.install.snapshot.enabled = false (custom)
2019-11-14 00:39:39,834 [536e24f7-ac60-4eb9-a985-13294793bd01@group-01541D9720D9-LeaderElection172] INFO  impl.RoleInfo (RoleInfo.java:updateAndGet(143)) - 536e24f7-ac60-4eb9-a985-13294793bd01: start LeaderState
2019-11-14 00:39:39,835 [536e24f7-ac60-4eb9-a985-13294793bd01@group-01541D9720D9-LeaderElection172] INFO  segmented.SegmentedRaftLogWorker (SegmentedRaftLogWorker.java:startLogSegment(385)) - 536e24f7-ac60-4eb9-a985-13294793bd01@group-01541D9720D9-SegmentedRaftLogWorker: Starting segment from index:0
2019-11-14 00:39:39,835 [536e24f7-ac60-4eb9-a985-13294793bd01@group-01541D9720D9-LeaderElection172] INFO  impl.RaftServerImpl (ServerState.java:setRaftConf(356)) - 536e24f7-ac60-4eb9-a985-13294793bd01@group-01541D9720D9: set configuration 0: [536e24f7-ac60-4eb9-a985-13294793bd01:192.168.34.25:33623, 2f70a07d-1e84-46bf-8533-fdd294c919e1:192.168.34.25:45658, 4c0227a7-61cb-4c13-bcf3-e9ab107c9374:192.168.34.25:39301], old=null at 0
2019-11-14 00:39:39,866 [grpc-default-executor-6] INFO  ratis.XceiverServerRatis (XceiverServerRatis.java:handleLeaderChangedNotification(697)) - Leader change notification received for group: group-01541D9720D9 with new leaderId: 536e24f7-ac60-4eb9-a985-13294793bd01
2019-11-14 00:39:39,867 [Thread-3936] INFO  impl.FollowerState (FollowerState.java:run(111)) - cd356495-acb8-453f-96c5-8be3e7d4704d@group-FE0491BF36CE-FollowerState: change to CANDIDATE, lastRpcTime:1039ms, electionTimeout:1013ms
2019-11-14 00:39:39,866 [Thread-3921] INFO  impl.FollowerState (FollowerState.java:run(111)) - 2f70a07d-1e84-46bf-8533-fdd294c919e1@group-485940F82AA7-FollowerState: change to CANDIDATE, lastRpcTime:1219ms, electionTimeout:1199ms
2019-11-14 00:39:39,867 [Thread-3936] INFO  impl.RoleInfo (RoleInfo.java:shutdownFollowerState(121)) - cd356495-acb8-453f-96c5-8be3e7d4704d: shutdown FollowerState
2019-11-14 00:39:39,867 [grpc-default-executor-6] INFO  impl.RaftServerImpl (ServerState.java:setLeader(255)) - 2f70a07d-1e84-46bf-8533-fdd294c919e1@group-01541D9720D9: change Leader from null to 536e24f7-ac60-4eb9-a985-13294793bd01 at term 1 for appendEntries, leader elected after 1123ms
2019-11-14 00:39:39,869 [Thread-3936] INFO  impl.RaftServerImpl (RaftServerImpl.java:setRole(173)) - cd356495-acb8-453f-96c5-8be3e7d4704d@group-FE0491BF36CE: changes role from  FOLLOWER to CANDIDATE at term 0 for changeToCandidate
2019-11-14 00:39:39,869 [Thread-3921] INFO  impl.RoleInfo (RoleInfo.java:shutdownFollowerState(121)) - 2f70a07d-1e84-46bf-8533-fdd294c919e1: shutdown FollowerState
2019-11-14 00:39:39,868 [grpc-default-executor-7] INFO  ratis.XceiverServerRatis (XceiverServerRatis.java:handleLeaderChangedNotification(697)) - Leader change notification received for group: group-01541D9720D9 with new leaderId: 536e24f7-ac60-4eb9-a985-13294793bd01
2019-11-14 00:39:39,869 [grpc-default-executor-7] INFO  impl.RaftServerImpl (ServerState.java:setLeader(255)) - 4c0227a7-61cb-4c13-bcf3-e9ab107c9374@group-01541D9720D9: change Leader from null to 536e24f7-ac60-4eb9-a985-13294793bd01 at term 1 for appendEntries, leader elected after 1126ms
2019-11-14 00:39:39,869 [Thread-3921] INFO  impl.RaftServerImpl (RaftServerImpl.java:setRole(173)) - 2f70a07d-1e84-46bf-8533-fdd294c919e1@group-485940F82AA7: changes role from  FOLLOWER to CANDIDATE at term 0 for changeToCandidate
2019-11-14 00:39:39,869 [Thread-3936] INFO  impl.RoleInfo (RoleInfo.java:updateAndGet(143)) - cd356495-acb8-453f-96c5-8be3e7d4704d: start LeaderElection
2019-11-14 00:39:39,870 [Thread-3921] INFO  impl.RoleInfo (RoleInfo.java:updateAndGet(143)) - 2f70a07d-1e84-46bf-8533-fdd294c919e1: start LeaderElection
2019-11-14 00:39:39,877 [grpc-default-executor-6] INFO  impl.RaftServerImpl (ServerState.java:setRaftConf(356)) - 2f70a07d-1e84-46bf-8533-fdd294c919e1@group-01541D9720D9: set configuration 0: [536e24f7-ac60-4eb9-a985-13294793bd01:192.168.34.25:33623, 2f70a07d-1e84-46bf-8533-fdd294c919e1:192.168.34.25:45658, 4c0227a7-61cb-4c13-bcf3-e9ab107c9374:192.168.34.25:39301], old=null at 0
2019-11-14 00:39:39,877 [grpc-default-executor-6] INFO  segmented.SegmentedRaftLogWorker (SegmentedRaftLogWorker.java:startLogSegment(385)) - 2f70a07d-1e84-46bf-8533-fdd294c919e1@group-01541D9720D9-SegmentedRaftLogWorker: Starting segment from index:0
2019-11-14 00:39:39,877 [grpc-default-executor-6] INFO  impl.RaftServerImpl (ServerState.java:setRaftConf(356)) - 4c0227a7-61cb-4c13-bcf3-e9ab107c9374@group-01541D9720D9: set configuration 0: [536e24f7-ac60-4eb9-a985-13294793bd01:192.168.34.25:33623, 2f70a07d-1e84-46bf-8533-fdd294c919e1:192.168.34.25:45658, 4c0227a7-61cb-4c13-bcf3-e9ab107c9374:192.168.34.25:39301], old=null at 0
2019-11-14 00:39:39,877 [grpc-default-executor-6] INFO  segmented.SegmentedRaftLogWorker (SegmentedRaftLogWorker.java:startLogSegment(385)) - 4c0227a7-61cb-4c13-bcf3-e9ab107c9374@group-01541D9720D9-SegmentedRaftLogWorker: Starting segment from index:0
2019-11-14 00:39:39,880 [536e24f7-ac60-4eb9-a985-13294793bd01@group-01541D9720D9-SegmentedRaftLogWorker] INFO  segmented.SegmentedRaftLogWorker (SegmentedRaftLogWorker.java:execute(576)) - 536e24f7-ac60-4eb9-a985-13294793bd01@group-01541D9720D9-SegmentedRaftLogWorker: created new log segment /workdir/hadoop-ozone/integration-test/target/test-dir/MiniOzoneClusterImpl-f0c02ddf-6665-4004-91fc-64de6051483a/datanode-2/data/ratis/78cf7873-1e4b-4408-94c8-01541d9720d9/current/log_inprogress_0
2019-11-14 00:39:39,881 [cd356495-acb8-453f-96c5-8be3e7d4704d@group-FE0491BF36CE-LeaderElection173] INFO  impl.LeaderElection (LeaderElection.java:askForVotes(178)) - cd356495-acb8-453f-96c5-8be3e7d4704d@group-FE0491BF36CE-LeaderElection173: begin an election at term 1 for -1: [cd356495-acb8-453f-96c5-8be3e7d4704d:192.168.34.25:35310], old=null
2019-11-14 00:39:39,881 [cd356495-acb8-453f-96c5-8be3e7d4704d@group-FE0491BF36CE-LeaderElection173] INFO  impl.RoleInfo (RoleInfo.java:shutdownLeaderElection(134)) - cd356495-acb8-453f-96c5-8be3e7d4704d: shutdown LeaderElection
2019-11-14 00:39:39,881 [cd356495-acb8-453f-96c5-8be3e7d4704d@group-FE0491BF36CE-LeaderElection173] INFO  impl.RaftServerImpl (RaftServerImpl.java:setRole(173)) - cd356495-acb8-453f-96c5-8be3e7d4704d@group-FE0491BF36CE: changes role from CANDIDATE to LEADER at term 1 for changeToLeader
2019-11-14 00:39:39,881 [cd356495-acb8-453f-96c5-8be3e7d4704d@group-FE0491BF36CE-LeaderElection173] INFO  ratis.XceiverServerRatis (XceiverServerRatis.java:handleLeaderChangedNotification(697)) - Leader change notification received for group: group-FE0491BF36CE with new leaderId: cd356495-acb8-453f-96c5-8be3e7d4704d
2019-11-14 00:39:39,881 [cd356495-acb8-453f-96c5-8be3e7d4704d@group-FE0491BF36CE-LeaderElection173] INFO  impl.RaftServerImpl (ServerState.java:setLeader(255)) - cd356495-acb8-453f-96c5-8be3e7d4704d@group-FE0491BF36CE: change Leader from null to cd356495-acb8-453f-96c5-8be3e7d4704d at term 1 for becomeLeader, leader elected after 1058ms
2019-11-14 00:39:39,881 [cd356495-acb8-453f-96c5-8be3e7d4704d@group-FE0491BF36CE-LeaderElection173] INFO  server.RaftServerConfigKeys (ConfUtils.java:logGet(43)) - raft.server.staging.catchup.gap = 1000 (default)
2019-11-14 00:39:39,881 [cd356495-acb8-453f-96c5-8be3e7d4704d@group-FE0491BF36CE-LeaderElection173] INFO  server.RaftServerConfigKeys (ConfUtils.java:logGet(43)) - raft.server.rpc.sleep.time = 25ms (default)
2019-11-14 00:39:39,907 [cd356495-acb8-453f-96c5-8be3e7d4704d@group-FE0491BF36CE-LeaderElection173] INFO  server.RaftServerConfigKeys (ConfUtils.java:logGet(43)) - raft.server.write.element-limit = 4096 (default)
2019-11-14 00:39:39,907 [2f70a07d-1e84-46bf-8533-fdd294c919e1@group-485940F82AA7-LeaderElection174] INFO  impl.LeaderElection (LeaderElection.java:askForVotes(178)) - 2f70a07d-1e84-46bf-8533-fdd294c919e1@group-485940F82AA7-LeaderElection174: begin an election at term 1 for -1: [2f70a07d-1e84-46bf-8533-fdd294c919e1:192.168.34.25:45658], old=null
2019-11-14 00:39:39,907 [cd356495-acb8-453f-96c5-8be3e7d4704d@group-FE0491BF36CE-LeaderElection173] INFO  server.RaftServerConfigKeys (ConfUtils.java:logGet(43)) - raft.server.watch.timeout = 10s (default)
2019-11-14 00:39:39,907 [2f70a07d-1e84-46bf-8533-fdd294c919e1@group-485940F82AA7-LeaderElection174] INFO  impl.RoleInfo (RoleInfo.java:shutdownLeaderElection(134)) - 2f70a07d-1e84-46bf-8533-fdd294c919e1: shutdown LeaderElection
2019-11-14 00:39:39,907 [EventQueue-PipelineReportForPipelineReportHandler] INFO  pipeline.PipelineStateManager (PipelineStateManager.java:openPipeline(134)) - Pipeline Pipeline[ Id: de3a61d3-e6fa-4d56-8383-fe0491bf36ce, Nodes: cd356495-acb8-453f-96c5-8be3e7d4704d{ip: 192.168.34.25, host: pr-hdds-2474-ghsjm-2904119463, networkLocation: /rack1, certSerialId: null}, Type:RATIS, Factor:ONE, State:OPEN] moved to OPEN state
2019-11-14 00:39:39,907 [cd356495-acb8-453f-96c5-8be3e7d4704d@group-FE0491BF36CE-LeaderElection173] INFO  server.RaftServerConfigKeys (ConfUtils.java:logGet(43)) - raft.server.watch.timeout.denomination = 1s (default)
2019-11-14 00:39:39,907 [2f70a07d-1e84-46bf-8533-fdd294c919e1@group-485940F82AA7-LeaderElection174] INFO  impl.RaftServerImpl (RaftServerImpl.java:setRole(173)) - 2f70a07d-1e84-46bf-8533-fdd294c919e1@group-485940F82AA7: changes role from CANDIDATE to LEADER at term 1 for changeToLeader
2019-11-14 00:39:39,907 [cd356495-acb8-453f-96c5-8be3e7d4704d@group-FE0491BF36CE-LeaderElection173] INFO  server.RaftServerConfigKeys (ConfUtils.java:logGet(43)) - raft.server.watch.element-limit = 65536 (default)
2019-11-14 00:39:39,907 [2f70a07d-1e84-46bf-8533-fdd294c919e1@group-485940F82AA7-LeaderElection174] INFO  ratis.XceiverServerRatis (XceiverServerRatis.java:handleLeaderChangedNotification(697)) - Leader change notification received for group: group-485940F82AA7 with new leaderId: 2f70a07d-1e84-46bf-8533-fdd294c919e1
2019-11-14 00:39:39,908 [cd356495-acb8-453f-96c5-8be3e7d4704d@group-FE0491BF36CE-LeaderElection173] INFO  impl.RoleInfo (RoleInfo.java:updateAndGet(143)) - cd356495-acb8-453f-96c5-8be3e7d4704d: start LeaderState
2019-11-14 00:39:39,908 [2f70a07d-1e84-46bf-8533-fdd294c919e1@group-485940F82AA7-LeaderElection174] INFO  impl.RaftServerImpl (ServerState.java:setLeader(255)) - 2f70a07d-1e84-46bf-8533-fdd294c919e1@group-485940F82AA7: change Leader from null to 2f70a07d-1e84-46bf-8533-fdd294c919e1 at term 1 for becomeLeader, leader elected after 1263ms
2019-11-14 00:39:39,908 [cd356495-acb8-453f-96c5-8be3e7d4704d@group-FE0491BF36CE-LeaderElection173] INFO  segmented.SegmentedRaftLogWorker (SegmentedRaftLogWorker.java:startLogSegment(385)) - cd356495-acb8-453f-96c5-8be3e7d4704d@group-FE0491BF36CE-SegmentedRaftLogWorker: Starting segment from index:0
2019-11-14 00:39:39,908 [2f70a07d-1e84-46bf-8533-fdd294c919e1@group-485940F82AA7-LeaderElection174] INFO  server.RaftServerConfigKeys (ConfUtils.java:logGet(43)) - raft.server.staging.catchup.gap = 1000 (default)
2019-11-14 00:39:39,910 [2f70a07d-1e84-46bf-8533-fdd294c919e1@group-485940F82AA7-LeaderElection174] INFO  server.RaftServerConfigKeys (ConfUtils.java:logGet(43)) - raft.server.rpc.sleep.time = 25ms (default)
2019-11-14 00:39:39,910 [cd356495-acb8-453f-96c5-8be3e7d4704d@group-FE0491BF36CE-LeaderElection173] INFO  impl.RaftServerImpl (ServerState.java:setRaftConf(356)) - cd356495-acb8-453f-96c5-8be3e7d4704d@group-FE0491BF36CE: set configuration 0: [cd356495-acb8-453f-96c5-8be3e7d4704d:192.168.34.25:35310], old=null at 0
2019-11-14 00:39:39,910 [EventQueue-PipelineReportForPipelineReportHandler] INFO  pipeline.PipelineStateManager (PipelineStateManager.java:openPipeline(134)) - Pipeline Pipeline[ Id: b6f85c18-85a4-4389-b22e-485940f82aa7, Nodes: 2f70a07d-1e84-46bf-8533-fdd294c919e1{ip: 192.168.34.25, host: pr-hdds-2474-ghsjm-2904119463, networkLocation: /rack1, certSerialId: null}, Type:RATIS, Factor:ONE, State:OPEN] moved to OPEN state
2019-11-14 00:39:39,910 [2f70a07d-1e84-46bf-8533-fdd294c919e1@group-485940F82AA7-LeaderElection174] INFO  server.RaftServerConfigKeys (ConfUtils.java:logGet(43)) - raft.server.write.element-limit = 4096 (default)
2019-11-14 00:39:39,911 [2f70a07d-1e84-46bf-8533-fdd294c919e1@group-485940F82AA7-LeaderElection174] INFO  server.RaftServerConfigKeys (ConfUtils.java:logGet(43)) - raft.server.watch.timeout = 10s (default)
2019-11-14 00:39:39,911 [2f70a07d-1e84-46bf-8533-fdd294c919e1@group-485940F82AA7-LeaderElection174] INFO  server.RaftServerConfigKeys (ConfUtils.java:logGet(43)) - raft.server.watch.timeout.denomination = 1s (default)
2019-11-14 00:39:39,911 [2f70a07d-1e84-46bf-8533-fdd294c919e1@group-485940F82AA7-LeaderElection174] INFO  server.RaftServerConfigKeys (ConfUtils.java:logGet(43)) - raft.server.watch.element-limit = 65536 (default)
2019-11-14 00:39:39,911 [2f70a07d-1e84-46bf-8533-fdd294c919e1@group-485940F82AA7-LeaderElection174] INFO  impl.RoleInfo (RoleInfo.java:updateAndGet(143)) - 2f70a07d-1e84-46bf-8533-fdd294c919e1: start LeaderState
2019-11-14 00:39:39,911 [2f70a07d-1e84-46bf-8533-fdd294c919e1@group-485940F82AA7-LeaderElection174] INFO  segmented.SegmentedRaftLogWorker (SegmentedRaftLogWorker.java:startLogSegment(385)) - 2f70a07d-1e84-46bf-8533-fdd294c919e1@group-485940F82AA7-SegmentedRaftLogWorker: Starting segment from index:0
2019-11-14 00:39:39,912 [2f70a07d-1e84-46bf-8533-fdd294c919e1@group-485940F82AA7-LeaderElection174] INFO  impl.RaftServerImpl (ServerState.java:setRaftConf(356)) - 2f70a07d-1e84-46bf-8533-fdd294c919e1@group-485940F82AA7: set configuration 0: [2f70a07d-1e84-46bf-8533-fdd294c919e1:192.168.34.25:45658], old=null at 0
2019-11-14 00:39:39,914 [4c0227a7-61cb-4c13-bcf3-e9ab107c9374@group-01541D9720D9-SegmentedRaftLogWorker] INFO  segmented.SegmentedRaftLogWorker (SegmentedRaftLogWorker.java:execute(576)) - 4c0227a7-61cb-4c13-bcf3-e9ab107c9374@group-01541D9720D9-SegmentedRaftLogWorker: created new log segment /workdir/hadoop-ozone/integration-test/target/test-dir/MiniOzoneClusterImpl-f0c02ddf-6665-4004-91fc-64de6051483a/datanode-0/data/ratis/78cf7873-1e4b-4408-94c8-01541d9720d9/current/log_inprogress_0
2019-11-14 00:39:39,914 [2f70a07d-1e84-46bf-8533-fdd294c919e1@group-01541D9720D9-SegmentedRaftLogWorker] INFO  segmented.SegmentedRaftLogWorker (SegmentedRaftLogWorker.java:execute(576)) - 2f70a07d-1e84-46bf-8533-fdd294c919e1@group-01541D9720D9-SegmentedRaftLogWorker: created new log segment /workdir/hadoop-ozone/integration-test/target/test-dir/MiniOzoneClusterImpl-f0c02ddf-6665-4004-91fc-64de6051483a/datanode-1/data/ratis/78cf7873-1e4b-4408-94c8-01541d9720d9/current/log_inprogress_0
2019-11-14 00:39:39,949 [cd356495-acb8-453f-96c5-8be3e7d4704d@group-FE0491BF36CE-SegmentedRaftLogWorker] INFO  segmented.SegmentedRaftLogWorker (SegmentedRaftLogWorker.java:execute(576)) - cd356495-acb8-453f-96c5-8be3e7d4704d@group-FE0491BF36CE-SegmentedRaftLogWorker: created new log segment /workdir/hadoop-ozone/integration-test/target/test-dir/MiniOzoneClusterImpl-f0c02ddf-6665-4004-91fc-64de6051483a/datanode-3/data/ratis/de3a61d3-e6fa-4d56-8383-fe0491bf36ce/current/log_inprogress_0
2019-11-14 00:39:39,949 [2f70a07d-1e84-46bf-8533-fdd294c919e1@group-485940F82AA7-SegmentedRaftLogWorker] INFO  segmented.SegmentedRaftLogWorker (SegmentedRaftLogWorker.java:execute(576)) - 2f70a07d-1e84-46bf-8533-fdd294c919e1@group-485940F82AA7-SegmentedRaftLogWorker: created new log segment /workdir/hadoop-ozone/integration-test/target/test-dir/MiniOzoneClusterImpl-f0c02ddf-6665-4004-91fc-64de6051483a/datanode-1/data/ratis/b6f85c18-85a4-4389-b22e-485940f82aa7/current/log_inprogress_0
2019-11-14 00:39:40,036 [Thread-3942] INFO  impl.FollowerState (FollowerState.java:run(111)) - dabbec34-9112-49d4-9f2a-1cc38e957548@group-4D416C5EADFA-FollowerState: change to CANDIDATE, lastRpcTime:1147ms, electionTimeout:1147ms
2019-11-14 00:39:40,037 [Thread-3942] INFO  impl.RoleInfo (RoleInfo.java:shutdownFollowerState(121)) - dabbec34-9112-49d4-9f2a-1cc38e957548: shutdown FollowerState
2019-11-14 00:39:40,037 [Thread-3942] INFO  impl.RaftServerImpl (RaftServerImpl.java:setRole(173)) - dabbec34-9112-49d4-9f2a-1cc38e957548@group-4D416C5EADFA: changes role from  FOLLOWER to CANDIDATE at term 0 for changeToCandidate
2019-11-14 00:39:40,037 [Thread-3942] INFO  impl.RoleInfo (RoleInfo.java:updateAndGet(143)) - dabbec34-9112-49d4-9f2a-1cc38e957548: start LeaderElection
2019-11-14 00:39:40,042 [Thread-3946] INFO  impl.FollowerState (FollowerState.java:run(111)) - 37126020-3da7-4e98-a0e1-da03830467e3@group-9C65680131BC-FollowerState: change to CANDIDATE, lastRpcTime:1102ms, electionTimeout:1102ms
2019-11-14 00:39:40,043 [Thread-3946] INFO  impl.RoleInfo (RoleInfo.java:shutdownFollowerState(121)) - 37126020-3da7-4e98-a0e1-da03830467e3: shutdown FollowerState
2019-11-14 00:39:40,043 [Thread-3946] INFO  impl.RaftServerImpl (RaftServerImpl.java:setRole(173)) - 37126020-3da7-4e98-a0e1-da03830467e3@group-9C65680131BC: changes role from  FOLLOWER to CANDIDATE at term 0 for changeToCandidate
2019-11-14 00:39:40,043 [Thread-3946] INFO  impl.RoleInfo (RoleInfo.java:updateAndGet(143)) - 37126020-3da7-4e98-a0e1-da03830467e3: start LeaderElection
2019-11-14 00:39:40,047 [Thread-3939] INFO  impl.FollowerState (FollowerState.java:run(111)) - 37126020-3da7-4e98-a0e1-da03830467e3@group-F76BD6D18324-FollowerState: change to CANDIDATE, lastRpcTime:1196ms, electionTimeout:1196ms
2019-11-14 00:39:40,047 [Thread-3939] INFO  impl.RoleInfo (RoleInfo.java:shutdownFollowerState(121)) - 37126020-3da7-4e98-a0e1-da03830467e3: shutdown FollowerState
2019-11-14 00:39:40,047 [Thread-3939] INFO  impl.RaftServerImpl (RaftServerImpl.java:setRole(173)) - 37126020-3da7-4e98-a0e1-da03830467e3@group-F76BD6D18324: changes role from  FOLLOWER to CANDIDATE at term 0 for changeToCandidate
2019-11-14 00:39:40,047 [Thread-3939] INFO  impl.RoleInfo (RoleInfo.java:updateAndGet(143)) - 37126020-3da7-4e98-a0e1-da03830467e3: start LeaderElection
2019-11-14 00:39:40,056 [dabbec34-9112-49d4-9f2a-1cc38e957548@group-4D416C5EADFA-LeaderElection175] INFO  impl.LeaderElection (LeaderElection.java:askForVotes(178)) - dabbec34-9112-49d4-9f2a-1cc38e957548@group-4D416C5EADFA-LeaderElection175: begin an election at term 1 for -1: [dabbec34-9112-49d4-9f2a-1cc38e957548:192.168.34.25:32788], old=null
2019-11-14 00:39:40,056 [37126020-3da7-4e98-a0e1-da03830467e3@group-9C65680131BC-LeaderElection176] INFO  impl.LeaderElection (LeaderElection.java:askForVotes(178)) - 37126020-3da7-4e98-a0e1-da03830467e3@group-9C65680131BC-LeaderElection176: begin an election at term 1 for -1: [cd356495-acb8-453f-96c5-8be3e7d4704d:192.168.34.25:35310, dabbec34-9112-49d4-9f2a-1cc38e957548:192.168.34.25:32788, 37126020-3da7-4e98-a0e1-da03830467e3:192.168.34.25:41443], old=null
2019-11-14 00:39:40,056 [dabbec34-9112-49d4-9f2a-1cc38e957548@group-4D416C5EADFA-LeaderElection175] INFO  impl.RoleInfo (RoleInfo.java:shutdownLeaderElection(134)) - dabbec34-9112-49d4-9f2a-1cc38e957548: shutdown LeaderElection
2019-11-14 00:39:40,056 [37126020-3da7-4e98-a0e1-da03830467e3@group-F76BD6D18324-LeaderElection177] INFO  impl.LeaderElection (LeaderElection.java:askForVotes(178)) - 37126020-3da7-4e98-a0e1-da03830467e3@group-F76BD6D18324-LeaderElection177: begin an election at term 1 for -1: [37126020-3da7-4e98-a0e1-da03830467e3:192.168.34.25:41443], old=null
2019-11-14 00:39:40,056 [dabbec34-9112-49d4-9f2a-1cc38e957548@group-4D416C5EADFA-LeaderElection175] INFO  impl.RaftServerImpl (RaftServerImpl.java:setRole(173)) - dabbec34-9112-49d4-9f2a-1cc38e957548@group-4D416C5EADFA: changes role from CANDIDATE to LEADER at term 1 for changeToLeader
2019-11-14 00:39:40,056 [37126020-3da7-4e98-a0e1-da03830467e3@group-F76BD6D18324-LeaderElection177] INFO  impl.RoleInfo (RoleInfo.java:shutdownLeaderElection(134)) - 37126020-3da7-4e98-a0e1-da03830467e3: shutdown LeaderElection
2019-11-14 00:39:40,056 [dabbec34-9112-49d4-9f2a-1cc38e957548@group-4D416C5EADFA-LeaderElection175] INFO  ratis.XceiverServerRatis (XceiverServerRatis.java:handleLeaderChangedNotification(697)) - Leader change notification received for group: group-4D416C5EADFA with new leaderId: dabbec34-9112-49d4-9f2a-1cc38e957548
2019-11-14 00:39:40,056 [37126020-3da7-4e98-a0e1-da03830467e3@group-F76BD6D18324-LeaderElection177] INFO  impl.RaftServerImpl (RaftServerImpl.java:setRole(173)) - 37126020-3da7-4e98-a0e1-da03830467e3@group-F76BD6D18324: changes role from CANDIDATE to LEADER at term 1 for changeToLeader
2019-11-14 00:39:40,056 [dabbec34-9112-49d4-9f2a-1cc38e957548@group-4D416C5EADFA-LeaderElection175] INFO  impl.RaftServerImpl (ServerState.java:setLeader(255)) - dabbec34-9112-49d4-9f2a-1cc38e957548@group-4D416C5EADFA: change Leader from null to dabbec34-9112-49d4-9f2a-1cc38e957548 at term 1 for becomeLeader, leader elected after 1169ms
2019-11-14 00:39:40,056 [37126020-3da7-4e98-a0e1-da03830467e3@group-F76BD6D18324-LeaderElection177] INFO  ratis.XceiverServerRatis (XceiverServerRatis.java:handleLeaderChangedNotification(697)) - Leader change notification received for group: group-F76BD6D18324 with new leaderId: 37126020-3da7-4e98-a0e1-da03830467e3
2019-11-14 00:39:40,059 [37126020-3da7-4e98-a0e1-da03830467e3@group-F76BD6D18324-LeaderElection177] INFO  impl.RaftServerImpl (ServerState.java:setLeader(255)) - 37126020-3da7-4e98-a0e1-da03830467e3@group-F76BD6D18324: change Leader from null to 37126020-3da7-4e98-a0e1-da03830467e3 at term 1 for becomeLeader, leader elected after 1209ms
2019-11-14 00:39:40,059 [37126020-3da7-4e98-a0e1-da03830467e3@group-F76BD6D18324-LeaderElection177] INFO  server.RaftServerConfigKeys (ConfUtils.java:logGet(43)) - raft.server.staging.catchup.gap = 1000 (default)
2019-11-14 00:39:40,062 [37126020-3da7-4e98-a0e1-da03830467e3@group-F76BD6D18324-LeaderElection177] INFO  server.RaftServerConfigKeys (ConfUtils.java:logGet(43)) - raft.server.rpc.sleep.time = 25ms (default)
2019-11-14 00:39:40,062 [37126020-3da7-4e98-a0e1-da03830467e3@group-F76BD6D18324-LeaderElection177] INFO  server.RaftServerConfigKeys (ConfUtils.java:logGet(43)) - raft.server.write.element-limit = 4096 (default)
2019-11-14 00:39:40,057 [dabbec34-9112-49d4-9f2a-1cc38e957548@group-4D416C5EADFA-LeaderElection175] INFO  server.RaftServerConfigKeys (ConfUtils.java:logGet(43)) - raft.server.staging.catchup.gap = 1000 (default)
2019-11-14 00:39:40,062 [37126020-3da7-4e98-a0e1-da03830467e3@group-F76BD6D18324-LeaderElection177] INFO  server.RaftServerConfigKeys (ConfUtils.java:logGet(43)) - raft.server.watch.timeout = 10s (default)
2019-11-14 00:39:40,062 [EventQueue-PipelineReportForPipelineReportHandler] INFO  pipeline.PipelineStateManager (PipelineStateManager.java:openPipeline(134)) - Pipeline Pipeline[ Id: be6c5ed9-01fe-4119-96d5-f76bd6d18324, Nodes: 37126020-3da7-4e98-a0e1-da03830467e3{ip: 192.168.34.25, host: pr-hdds-2474-ghsjm-2904119463, networkLocation: /rack1, certSerialId: null}, Type:RATIS, Factor:ONE, State:OPEN] moved to OPEN state
2019-11-14 00:39:40,062 [37126020-3da7-4e98-a0e1-da03830467e3@group-F76BD6D18324-LeaderElection177] INFO  server.RaftServerConfigKeys (ConfUtils.java:logGet(43)) - raft.server.watch.timeout.denomination = 1s (default)
2019-11-14 00:39:40,062 [dabbec34-9112-49d4-9f2a-1cc38e957548@group-4D416C5EADFA-LeaderElection175] INFO  server.RaftServerConfigKeys (ConfUtils.java:logGet(43)) - raft.server.rpc.sleep.time = 25ms (default)
2019-11-14 00:39:40,063 [37126020-3da7-4e98-a0e1-da03830467e3@group-F76BD6D18324-LeaderElection177] INFO  server.RaftServerConfigKeys (ConfUtils.java:logGet(43)) - raft.server.watch.element-limit = 65536 (default)
2019-11-14 00:39:40,063 [EventQueue-PipelineReportForPipelineReportHandler] INFO  pipeline.PipelineStateManager (PipelineStateManager.java:openPipeline(134)) - Pipeline Pipeline[ Id: 39a4e8e5-efb3-4b85-9ddf-4d416c5eadfa, Nodes: dabbec34-9112-49d4-9f2a-1cc38e957548{ip: 192.168.34.25, host: pr-hdds-2474-ghsjm-2904119463, networkLocation: /rack1, certSerialId: null}, Type:RATIS, Factor:ONE, State:OPEN] moved to OPEN state
2019-11-14 00:39:40,063 [dabbec34-9112-49d4-9f2a-1cc38e957548@group-4D416C5EADFA-LeaderElection175] INFO  server.RaftServerConfigKeys (ConfUtils.java:logGet(43)) - raft.server.write.element-limit = 4096 (default)
2019-11-14 00:39:40,063 [37126020-3da7-4e98-a0e1-da03830467e3@group-F76BD6D18324-LeaderElection177] INFO  impl.RoleInfo (RoleInfo.java:updateAndGet(143)) - 37126020-3da7-4e98-a0e1-da03830467e3: start LeaderState
2019-11-14 00:39:40,063 [dabbec34-9112-49d4-9f2a-1cc38e957548@group-4D416C5EADFA-LeaderElection175] INFO  server.RaftServerConfigKeys (ConfUtils.java:logGet(43)) - raft.server.watch.timeout = 10s (default)
2019-11-14 00:39:40,063 [dabbec34-9112-49d4-9f2a-1cc38e957548@group-4D416C5EADFA-LeaderElection175] INFO  server.RaftServerConfigKeys (ConfUtils.java:logGet(43)) - raft.server.watch.timeout.denomination = 1s (default)
2019-11-14 00:39:40,063 [37126020-3da7-4e98-a0e1-da03830467e3@group-F76BD6D18324-LeaderElection177] INFO  segmented.SegmentedRaftLogWorker (SegmentedRaftLogWorker.java:startLogSegment(385)) - 37126020-3da7-4e98-a0e1-da03830467e3@group-F76BD6D18324-SegmentedRaftLogWorker: Starting segment from index:0
2019-11-14 00:39:40,069 [grpc-default-executor-6] INFO  impl.RaftServerImpl (RaftServerImpl.java:setRole(173)) - dabbec34-9112-49d4-9f2a-1cc38e957548@group-9C65680131BC: changes role from  FOLLOWER to FOLLOWER at term 1 for recognizeCandidate:37126020-3da7-4e98-a0e1-da03830467e3
2019-11-14 00:39:40,066 [grpc-default-executor-7] INFO  impl.RaftServerImpl (RaftServerImpl.java:setRole(173)) - cd356495-acb8-453f-96c5-8be3e7d4704d@group-9C65680131BC: changes role from  FOLLOWER to FOLLOWER at term 1 for recognizeCandidate:37126020-3da7-4e98-a0e1-da03830467e3
2019-11-14 00:39:40,069 [grpc-default-executor-7] INFO  impl.RoleInfo (RoleInfo.java:shutdownFollowerState(121)) - cd356495-acb8-453f-96c5-8be3e7d4704d: shutdown FollowerState
2019-11-14 00:39:40,069 [37126020-3da7-4e98-a0e1-da03830467e3@group-F76BD6D18324-LeaderElection177] INFO  impl.RaftServerImpl (ServerState.java:setRaftConf(356)) - 37126020-3da7-4e98-a0e1-da03830467e3@group-F76BD6D18324: set configuration 0: [37126020-3da7-4e98-a0e1-da03830467e3:192.168.34.25:41443], old=null at 0
2019-11-14 00:39:40,069 [grpc-default-executor-6] INFO  impl.RoleInfo (RoleInfo.java:shutdownFollowerState(121)) - dabbec34-9112-49d4-9f2a-1cc38e957548: shutdown FollowerState
2019-11-14 00:39:40,066 [dabbec34-9112-49d4-9f2a-1cc38e957548@group-4D416C5EADFA-LeaderElection175] INFO  server.RaftServerConfigKeys (ConfUtils.java:logGet(43)) - raft.server.watch.element-limit = 65536 (default)
2019-11-14 00:39:40,070 [grpc-default-executor-6] INFO  impl.RoleInfo (RoleInfo.java:updateAndGet(143)) - dabbec34-9112-49d4-9f2a-1cc38e957548: start FollowerState
2019-11-14 00:39:40,070 [Thread-3950] INFO  impl.FollowerState (FollowerState.java:run(120)) - dabbec34-9112-49d4-9f2a-1cc38e957548@group-9C65680131BC-FollowerState was interrupted: java.lang.InterruptedException: sleep interrupted
2019-11-14 00:39:40,069 [Thread-3948] INFO  impl.FollowerState (FollowerState.java:run(120)) - cd356495-acb8-453f-96c5-8be3e7d4704d@group-9C65680131BC-FollowerState was interrupted: java.lang.InterruptedException: sleep interrupted
2019-11-14 00:39:40,069 [grpc-default-executor-7] INFO  impl.RoleInfo (RoleInfo.java:updateAndGet(143)) - cd356495-acb8-453f-96c5-8be3e7d4704d: start FollowerState
2019-11-14 00:39:40,070 [dabbec34-9112-49d4-9f2a-1cc38e957548@group-4D416C5EADFA-LeaderElection175] INFO  impl.RoleInfo (RoleInfo.java:updateAndGet(143)) - dabbec34-9112-49d4-9f2a-1cc38e957548: start LeaderState
2019-11-14 00:39:40,070 [dabbec34-9112-49d4-9f2a-1cc38e957548@group-4D416C5EADFA-LeaderElection175] INFO  segmented.SegmentedRaftLogWorker (SegmentedRaftLogWorker.java:startLogSegment(385)) - dabbec34-9112-49d4-9f2a-1cc38e957548@group-4D416C5EADFA-SegmentedRaftLogWorker: Starting segment from index:0
2019-11-14 00:39:40,071 [dabbec34-9112-49d4-9f2a-1cc38e957548@group-4D416C5EADFA-LeaderElection175] INFO  impl.RaftServerImpl (ServerState.java:setRaftConf(356)) - dabbec34-9112-49d4-9f2a-1cc38e957548@group-4D416C5EADFA: set configuration 0: [dabbec34-9112-49d4-9f2a-1cc38e957548:192.168.34.25:32788], old=null at 0
2019-11-14 00:39:40,082 [Thread-3957] INFO  impl.FollowerState (FollowerState.java:run(111)) - f3a6f38f-08d4-4a6a-b30b-ec54e2e520c3@group-BE669BB69236-FollowerState: change to CANDIDATE, lastRpcTime:1018ms, electionTimeout:1018ms
2019-11-14 00:39:40,082 [Thread-3957] INFO  impl.RoleInfo (RoleInfo.java:shutdownFollowerState(121)) - f3a6f38f-08d4-4a6a-b30b-ec54e2e520c3: shutdown FollowerState
2019-11-14 00:39:40,082 [Thread-3957] INFO  impl.RaftServerImpl (RaftServerImpl.java:setRole(173)) - f3a6f38f-08d4-4a6a-b30b-ec54e2e520c3@group-BE669BB69236: changes role from  FOLLOWER to CANDIDATE at term 0 for changeToCandidate
2019-11-14 00:39:40,082 [Thread-3957] INFO  impl.RoleInfo (RoleInfo.java:updateAndGet(143)) - f3a6f38f-08d4-4a6a-b30b-ec54e2e520c3: start LeaderElection
2019-11-14 00:39:40,107 [37126020-3da7-4e98-a0e1-da03830467e3@group-9C65680131BC-LeaderElection176] INFO  impl.LeaderElection (LeaderElection.java:logAndReturn(56)) - 37126020-3da7-4e98-a0e1-da03830467e3@group-9C65680131BC-LeaderElection176: Election PASSED; received 1 response(s) [37126020-3da7-4e98-a0e1-da03830467e3<-dabbec34-9112-49d4-9f2a-1cc38e957548#0:OK-t1] and 0 exception(s); 37126020-3da7-4e98-a0e1-da03830467e3@group-9C65680131BC:t1, leader=null, voted=37126020-3da7-4e98-a0e1-da03830467e3, raftlog=37126020-3da7-4e98-a0e1-da03830467e3@group-9C65680131BC-SegmentedRaftLog:OPENED:c-1,f-1,i0, conf=-1: [cd356495-acb8-453f-96c5-8be3e7d4704d:192.168.34.25:35310, dabbec34-9112-49d4-9f2a-1cc38e957548:192.168.34.25:32788, 37126020-3da7-4e98-a0e1-da03830467e3:192.168.34.25:41443], old=null
2019-11-14 00:39:40,107 [37126020-3da7-4e98-a0e1-da03830467e3@group-9C65680131BC-LeaderElection176] INFO  impl.RoleInfo (RoleInfo.java:shutdownLeaderElection(134)) - 37126020-3da7-4e98-a0e1-da03830467e3: shutdown LeaderElection
2019-11-14 00:39:40,108 [37126020-3da7-4e98-a0e1-da03830467e3@group-9C65680131BC-LeaderElection176] INFO  impl.RaftServerImpl (RaftServerImpl.java:setRole(173)) - 37126020-3da7-4e98-a0e1-da03830467e3@group-9C65680131BC: changes role from CANDIDATE to LEADER at term 1 for changeToLeader
2019-11-14 00:39:40,108 [37126020-3da7-4e98-a0e1-da03830467e3@group-9C65680131BC-LeaderElection176] INFO  ratis.XceiverServerRatis (XceiverServerRatis.java:handleLeaderChangedNotification(697)) - Leader change notification received for group: group-9C65680131BC with new leaderId: 37126020-3da7-4e98-a0e1-da03830467e3
2019-11-14 00:39:40,108 [37126020-3da7-4e98-a0e1-da03830467e3@group-9C65680131BC-LeaderElection176] INFO  impl.RaftServerImpl (ServerState.java:setLeader(255)) - 37126020-3da7-4e98-a0e1-da03830467e3@group-9C65680131BC: change Leader from null to 37126020-3da7-4e98-a0e1-da03830467e3 at term 1 for becomeLeader, leader elected after 1173ms
2019-11-14 00:39:40,108 [37126020-3da7-4e98-a0e1-da03830467e3@group-9C65680131BC-LeaderElection176] INFO  server.RaftServerConfigKeys (ConfUtils.java:logGet(43)) - raft.server.staging.catchup.gap = 1000 (default)
2019-11-14 00:39:40,108 [37126020-3da7-4e98-a0e1-da03830467e3@group-9C65680131BC-LeaderElection176] INFO  server.RaftServerConfigKeys (ConfUtils.java:logGet(43)) - raft.server.rpc.sleep.time = 25ms (default)
2019-11-14 00:39:40,108 [37126020-3da7-4e98-a0e1-da03830467e3@group-9C65680131BC-LeaderElection176] INFO  server.RaftServerConfigKeys (ConfUtils.java:logGet(43)) - raft.server.write.element-limit = 4096 (default)
2019-11-14 00:39:40,108 [37126020-3da7-4e98-a0e1-da03830467e3@group-9C65680131BC-LeaderElection176] INFO  server.RaftServerConfigKeys (ConfUtils.java:logGet(43)) - raft.server.watch.timeout = 10s (default)
2019-11-14 00:39:40,108 [37126020-3da7-4e98-a0e1-da03830467e3@group-9C65680131BC-LeaderElection176] INFO  server.RaftServerConfigKeys (ConfUtils.java:logGet(43)) - raft.server.watch.timeout.denomination = 1s (default)
2019-11-14 00:39:40,109 [37126020-3da7-4e98-a0e1-da03830467e3@group-9C65680131BC-LeaderElection176] INFO  server.RaftServerConfigKeys (ConfUtils.java:logGet(43)) - raft.server.watch.element-limit = 65536 (default)
2019-11-14 00:39:40,109 [37126020-3da7-4e98-a0e1-da03830467e3@group-9C65680131BC-LeaderElection176] INFO  server.RaftServerConfigKeys (ConfUtils.java:logGet(43)) - raft.server.log.appender.snapshot.chunk.size.max = 16MB (=16777216) (default)
2019-11-14 00:39:40,109 [EventQueue-PipelineReportForPipelineReportHandler] INFO  pipeline.PipelineStateManager (PipelineStateManager.java:openPipeline(134)) - Pipeline Pipeline[ Id: d2b63988-c41d-473e-8da8-9c65680131bc, Nodes: cd356495-acb8-453f-96c5-8be3e7d4704d{ip: 192.168.34.25, host: pr-hdds-2474-ghsjm-2904119463, networkLocation: /rack1, certSerialId: null}37126020-3da7-4e98-a0e1-da03830467e3{ip: 192.168.34.25, host: pr-hdds-2474-ghsjm-2904119463, networkLocation: /rack1, certSerialId: null}dabbec34-9112-49d4-9f2a-1cc38e957548{ip: 192.168.34.25, host: pr-hdds-2474-ghsjm-2904119463, networkLocation: /rack1, certSerialId: null}, Type:RATIS, Factor:THREE, State:OPEN] moved to OPEN state
2019-11-14 00:39:40,109 [37126020-3da7-4e98-a0e1-da03830467e3@group-9C65680131BC-LeaderElection176] INFO  server.RaftServerConfigKeys (ConfUtils.java:logGet(43)) - raft.server.log.appender.buffer.byte-limit = 33554432 (custom)
2019-11-14 00:39:40,109 [37126020-3da7-4e98-a0e1-da03830467e3@group-9C65680131BC-LeaderElection176] INFO  server.RaftServerConfigKeys (ConfUtils.java:logGet(43)) - raft.server.log.appender.buffer.element-limit = 1 (custom)
2019-11-14 00:39:40,109 [37126020-3da7-4e98-a0e1-da03830467e3@group-9C65680131BC-LeaderElection176] INFO  grpc.GrpcConfigKeys$Server (ConfUtils.java:logGet(43)) - raft.grpc.server.leader.outstanding.appends.max = 128 (default)
2019-11-14 00:39:40,110 [37126020-3da7-4e98-a0e1-da03830467e3@group-9C65680131BC-LeaderElection176] INFO  server.RaftServerConfigKeys (ConfUtils.java:logGet(43)) - raft.server.rpc.request.timeout = 3000ms (default)
2019-11-14 00:39:40,110 [37126020-3da7-4e98-a0e1-da03830467e3@group-9C65680131BC-LeaderElection176] INFO  server.RaftServerConfigKeys (ConfUtils.java:logGet(43)) - raft.server.log.appender.install.snapshot.enabled = false (custom)
2019-11-14 00:39:40,110 [37126020-3da7-4e98-a0e1-da03830467e3@group-9C65680131BC-LeaderElection176] WARN  impl.MetricRegistriesImpl (MetricRegistriesImpl.java:lambda$create$1(61)) - First MetricRegistry has been created without registering reporters. You may need to call MetricRegistries.global().addReportRegistration(...) before.
2019-11-14 00:39:40,110 [37126020-3da7-4e98-a0e1-da03830467e3@group-9C65680131BC-LeaderElection176] INFO  server.RaftServerConfigKeys (ConfUtils.java:logGet(43)) - raft.server.log.appender.snapshot.chunk.size.max = 16MB (=16777216) (default)
2019-11-14 00:39:40,110 [37126020-3da7-4e98-a0e1-da03830467e3@group-9C65680131BC-LeaderElection176] INFO  server.RaftServerConfigKeys (ConfUtils.java:logGet(43)) - raft.server.log.appender.buffer.byte-limit = 33554432 (custom)
2019-11-14 00:39:40,110 [37126020-3da7-4e98-a0e1-da03830467e3@group-9C65680131BC-LeaderElection176] INFO  server.RaftServerConfigKeys (ConfUtils.java:logGet(43)) - raft.server.log.appender.buffer.element-limit = 1 (custom)
2019-11-14 00:39:40,110 [37126020-3da7-4e98-a0e1-da03830467e3@group-9C65680131BC-LeaderElection176] INFO  grpc.GrpcConfigKeys$Server (ConfUtils.java:logGet(43)) - raft.grpc.server.leader.outstanding.appends.max = 128 (default)
2019-11-14 00:39:40,110 [37126020-3da7-4e98-a0e1-da03830467e3@group-9C65680131BC-LeaderElection176] INFO  server.RaftServerConfigKeys (ConfUtils.java:logGet(43)) - raft.server.rpc.request.timeout = 3000ms (default)
2019-11-14 00:39:40,111 [37126020-3da7-4e98-a0e1-da03830467e3@group-9C65680131BC-LeaderElection176] INFO  server.RaftServerConfigKeys (ConfUtils.java:logGet(43)) - raft.server.log.appender.install.snapshot.enabled = false (custom)
2019-11-14 00:39:40,111 [37126020-3da7-4e98-a0e1-da03830467e3@group-9C65680131BC-LeaderElection176] INFO  impl.RoleInfo (RoleInfo.java:updateAndGet(143)) - 37126020-3da7-4e98-a0e1-da03830467e3: start LeaderState
2019-11-14 00:39:40,111 [37126020-3da7-4e98-a0e1-da03830467e3@group-9C65680131BC-LeaderElection176] INFO  segmented.SegmentedRaftLogWorker (SegmentedRaftLogWorker.java:startLogSegment(385)) - 37126020-3da7-4e98-a0e1-da03830467e3@group-9C65680131BC-SegmentedRaftLogWorker: Starting segment from index:0
2019-11-14 00:39:40,111 [37126020-3da7-4e98-a0e1-da03830467e3@group-9C65680131BC-LeaderElection176] INFO  impl.RaftServerImpl (ServerState.java:setRaftConf(356)) - 37126020-3da7-4e98-a0e1-da03830467e3@group-9C65680131BC: set configuration 0: [cd356495-acb8-453f-96c5-8be3e7d4704d:192.168.34.25:35310, dabbec34-9112-49d4-9f2a-1cc38e957548:192.168.34.25:32788, 37126020-3da7-4e98-a0e1-da03830467e3:192.168.34.25:41443], old=null at 0
2019-11-14 00:39:40,139 [grpc-default-executor-6] INFO  ratis.XceiverServerRatis (XceiverServerRatis.java:handleLeaderChangedNotification(697)) - Leader change notification received for group: group-9C65680131BC with new leaderId: 37126020-3da7-4e98-a0e1-da03830467e3
2019-11-14 00:39:40,139 [f3a6f38f-08d4-4a6a-b30b-ec54e2e520c3@group-BE669BB69236-LeaderElection178] INFO  impl.LeaderElection (LeaderElection.java:askForVotes(178)) - f3a6f38f-08d4-4a6a-b30b-ec54e2e520c3@group-BE669BB69236-LeaderElection178: begin an election at term 1 for -1: [f3a6f38f-08d4-4a6a-b30b-ec54e2e520c3:192.168.34.25:38828], old=null
2019-11-14 00:39:40,139 [37126020-3da7-4e98-a0e1-da03830467e3@group-F76BD6D18324-SegmentedRaftLogWorker] INFO  segmented.SegmentedRaftLogWorker (SegmentedRaftLogWorker.java:execute(576)) - 37126020-3da7-4e98-a0e1-da03830467e3@group-F76BD6D18324-SegmentedRaftLogWorker: created new log segment /workdir/hadoop-ozone/integration-test/target/test-dir/MiniOzoneClusterImpl-f0c02ddf-6665-4004-91fc-64de6051483a/datanode-4/data/ratis/be6c5ed9-01fe-4119-96d5-f76bd6d18324/current/log_inprogress_0
2019-11-14 00:39:40,139 [dabbec34-9112-49d4-9f2a-1cc38e957548@group-4D416C5EADFA-SegmentedRaftLogWorker] INFO  segmented.SegmentedRaftLogWorker (SegmentedRaftLogWorker.java:execute(576)) - dabbec34-9112-49d4-9f2a-1cc38e957548@group-4D416C5EADFA-SegmentedRaftLogWorker: created new log segment /workdir/hadoop-ozone/integration-test/target/test-dir/MiniOzoneClusterImpl-f0c02ddf-6665-4004-91fc-64de6051483a/datanode-5/data/ratis/39a4e8e5-efb3-4b85-9ddf-4d416c5eadfa/current/log_inprogress_0
2019-11-14 00:39:40,139 [f3a6f38f-08d4-4a6a-b30b-ec54e2e520c3@group-BE669BB69236-LeaderElection178] INFO  impl.RoleInfo (RoleInfo.java:shutdownLeaderElection(134)) - f3a6f38f-08d4-4a6a-b30b-ec54e2e520c3: shutdown LeaderElection
2019-11-14 00:39:40,139 [grpc-default-executor-6] INFO  impl.RaftServerImpl (ServerState.java:setLeader(255)) - cd356495-acb8-453f-96c5-8be3e7d4704d@group-9C65680131BC: change Leader from null to 37126020-3da7-4e98-a0e1-da03830467e3 at term 1 for appendEntries, leader elected after 1203ms
2019-11-14 00:39:40,139 [f3a6f38f-08d4-4a6a-b30b-ec54e2e520c3@group-BE669BB69236-LeaderElection178] INFO  impl.RaftServerImpl (RaftServerImpl.java:setRole(173)) - f3a6f38f-08d4-4a6a-b30b-ec54e2e520c3@group-BE669BB69236: changes role from CANDIDATE to LEADER at term 1 for changeToLeader
2019-11-14 00:39:40,142 [grpc-default-executor-7] INFO  ratis.XceiverServerRatis (XceiverServerRatis.java:handleLeaderChangedNotification(697)) - Leader change notification received for group: group-9C65680131BC with new leaderId: 37126020-3da7-4e98-a0e1-da03830467e3
2019-11-14 00:39:40,142 [f3a6f38f-08d4-4a6a-b30b-ec54e2e520c3@group-BE669BB69236-LeaderElection178] INFO  ratis.XceiverServerRatis (XceiverServerRatis.java:handleLeaderChangedNotification(697)) - Leader change notification received for group: group-BE669BB69236 with new leaderId: f3a6f38f-08d4-4a6a-b30b-ec54e2e520c3
2019-11-14 00:39:40,142 [grpc-default-executor-7] INFO  impl.RaftServerImpl (ServerState.java:setLeader(255)) - dabbec34-9112-49d4-9f2a-1cc38e957548@group-9C65680131BC: change Leader from null to 37126020-3da7-4e98-a0e1-da03830467e3 at term 1 for appendEntries, leader elected after 1207ms
2019-11-14 00:39:40,142 [f3a6f38f-08d4-4a6a-b30b-ec54e2e520c3@group-BE669BB69236-LeaderElection178] INFO  impl.RaftServerImpl (ServerState.java:setLeader(255)) - f3a6f38f-08d4-4a6a-b30b-ec54e2e520c3@group-BE669BB69236: change Leader from null to f3a6f38f-08d4-4a6a-b30b-ec54e2e520c3 at term 1 for becomeLeader, leader elected after 1080ms
2019-11-14 00:39:40,144 [f3a6f38f-08d4-4a6a-b30b-ec54e2e520c3@group-BE669BB69236-LeaderElection178] INFO  server.RaftServerConfigKeys (ConfUtils.java:logGet(43)) - raft.server.staging.catchup.gap = 1000 (default)
2019-11-14 00:39:40,144 [f3a6f38f-08d4-4a6a-b30b-ec54e2e520c3@group-BE669BB69236-LeaderElection178] INFO  server.RaftServerConfigKeys (ConfUtils.java:logGet(43)) - raft.server.rpc.sleep.time = 25ms (default)
2019-11-14 00:39:40,144 [f3a6f38f-08d4-4a6a-b30b-ec54e2e520c3@group-BE669BB69236-LeaderElection178] INFO  server.RaftServerConfigKeys (ConfUtils.java:logGet(43)) - raft.server.write.element-limit = 4096 (default)
2019-11-14 00:39:40,144 [grpc-default-executor-6] INFO  impl.RaftServerImpl (ServerState.java:setRaftConf(356)) - cd356495-acb8-453f-96c5-8be3e7d4704d@group-9C65680131BC: set configuration 0: [cd356495-acb8-453f-96c5-8be3e7d4704d:192.168.34.25:35310, dabbec34-9112-49d4-9f2a-1cc38e957548:192.168.34.25:32788, 37126020-3da7-4e98-a0e1-da03830467e3:192.168.34.25:41443], old=null at 0
2019-11-14 00:39:40,144 [f3a6f38f-08d4-4a6a-b30b-ec54e2e520c3@group-BE669BB69236-LeaderElection178] INFO  server.RaftServerConfigKeys (ConfUtils.java:logGet(43)) - raft.server.watch.timeout = 10s (default)
2019-11-14 00:39:40,145 [grpc-default-executor-6] INFO  segmented.SegmentedRaftLogWorker (SegmentedRaftLogWorker.java:startLogSegment(385)) - cd356495-acb8-453f-96c5-8be3e7d4704d@group-9C65680131BC-SegmentedRaftLogWorker: Starting segment from index:0
2019-11-14 00:39:40,145 [EventQueue-PipelineReportForPipelineReportHandler] INFO  pipeline.PipelineStateManager (PipelineStateManager.java:openPipeline(134)) - Pipeline Pipeline[ Id: 88d83737-d4e6-4f00-86e3-be669bb69236, Nodes: f3a6f38f-08d4-4a6a-b30b-ec54e2e520c3{ip: 192.168.34.25, host: pr-hdds-2474-ghsjm-2904119463, networkLocation: /rack1, certSerialId: null}, Type:RATIS, Factor:ONE, State:OPEN] moved to OPEN state
2019-11-14 00:39:40,145 [f3a6f38f-08d4-4a6a-b30b-ec54e2e520c3@group-BE669BB69236-LeaderElection178] INFO  server.RaftServerConfigKeys (ConfUtils.java:logGet(43)) - raft.server.watch.timeout.denomination = 1s (default)
2019-11-14 00:39:40,145 [f3a6f38f-08d4-4a6a-b30b-ec54e2e520c3@group-BE669BB69236-LeaderElection178] INFO  server.RaftServerConfigKeys (ConfUtils.java:logGet(43)) - raft.server.watch.element-limit = 65536 (default)
2019-11-14 00:39:40,145 [f3a6f38f-08d4-4a6a-b30b-ec54e2e520c3@group-BE669BB69236-LeaderElection178] INFO  impl.RoleInfo (RoleInfo.java:updateAndGet(143)) - f3a6f38f-08d4-4a6a-b30b-ec54e2e520c3: start LeaderState
2019-11-14 00:39:40,145 [grpc-default-executor-6] INFO  impl.RaftServerImpl (ServerState.java:setRaftConf(356)) - dabbec34-9112-49d4-9f2a-1cc38e957548@group-9C65680131BC: set configuration 0: [cd356495-acb8-453f-96c5-8be3e7d4704d:192.168.34.25:35310, dabbec34-9112-49d4-9f2a-1cc38e957548:192.168.34.25:32788, 37126020-3da7-4e98-a0e1-da03830467e3:192.168.34.25:41443], old=null at 0
2019-11-14 00:39:40,145 [f3a6f38f-08d4-4a6a-b30b-ec54e2e520c3@group-BE669BB69236-LeaderElection178] INFO  segmented.SegmentedRaftLogWorker (SegmentedRaftLogWorker.java:startLogSegment(385)) - f3a6f38f-08d4-4a6a-b30b-ec54e2e520c3@group-BE669BB69236-SegmentedRaftLogWorker: Starting segment from index:0
2019-11-14 00:39:40,145 [grpc-default-executor-6] INFO  segmented.SegmentedRaftLogWorker (SegmentedRaftLogWorker.java:startLogSegment(385)) - dabbec34-9112-49d4-9f2a-1cc38e957548@group-9C65680131BC-SegmentedRaftLogWorker: Starting segment from index:0
2019-11-14 00:39:40,146 [f3a6f38f-08d4-4a6a-b30b-ec54e2e520c3@group-BE669BB69236-LeaderElection178] INFO  impl.RaftServerImpl (ServerState.java:setRaftConf(356)) - f3a6f38f-08d4-4a6a-b30b-ec54e2e520c3@group-BE669BB69236: set configuration 0: [f3a6f38f-08d4-4a6a-b30b-ec54e2e520c3:192.168.34.25:38828], old=null at 0
2019-11-14 00:39:40,152 [37126020-3da7-4e98-a0e1-da03830467e3@group-9C65680131BC-SegmentedRaftLogWorker] INFO  segmented.SegmentedRaftLogWorker (SegmentedRaftLogWorker.java:execute(576)) - 37126020-3da7-4e98-a0e1-da03830467e3@group-9C65680131BC-SegmentedRaftLogWorker: created new log segment /workdir/hadoop-ozone/integration-test/target/test-dir/MiniOzoneClusterImpl-f0c02ddf-6665-4004-91fc-64de6051483a/datanode-4/data/ratis/d2b63988-c41d-473e-8da8-9c65680131bc/current/log_inprogress_0
2019-11-14 00:39:40,183 [cd356495-acb8-453f-96c5-8be3e7d4704d@group-9C65680131BC-SegmentedRaftLogWorker] INFO  segmented.SegmentedRaftLogWorker (SegmentedRaftLogWorker.java:execute(576)) - cd356495-acb8-453f-96c5-8be3e7d4704d@group-9C65680131BC-SegmentedRaftLogWorker: created new log segment /workdir/hadoop-ozone/integration-test/target/test-dir/MiniOzoneClusterImpl-f0c02ddf-6665-4004-91fc-64de6051483a/datanode-3/data/ratis/d2b63988-c41d-473e-8da8-9c65680131bc/current/log_inprogress_0
2019-11-14 00:39:40,183 [f3a6f38f-08d4-4a6a-b30b-ec54e2e520c3@group-BE669BB69236-SegmentedRaftLogWorker] INFO  segmented.SegmentedRaftLogWorker (SegmentedRaftLogWorker.java:execute(576)) - f3a6f38f-08d4-4a6a-b30b-ec54e2e520c3@group-BE669BB69236-SegmentedRaftLogWorker: created new log segment /workdir/hadoop-ozone/integration-test/target/test-dir/MiniOzoneClusterImpl-f0c02ddf-6665-4004-91fc-64de6051483a/datanode-6/data/ratis/88d83737-d4e6-4f00-86e3-be669bb69236/current/log_inprogress_0
2019-11-14 00:39:40,183 [dabbec34-9112-49d4-9f2a-1cc38e957548@group-9C65680131BC-SegmentedRaftLogWorker] INFO  segmented.SegmentedRaftLogWorker (SegmentedRaftLogWorker.java:execute(576)) - dabbec34-9112-49d4-9f2a-1cc38e957548@group-9C65680131BC-SegmentedRaftLogWorker: created new log segment /workdir/hadoop-ozone/integration-test/target/test-dir/MiniOzoneClusterImpl-f0c02ddf-6665-4004-91fc-64de6051483a/datanode-5/data/ratis/d2b63988-c41d-473e-8da8-9c65680131bc/current/log_inprogress_0
2019-11-14 00:39:40,223 [Thread-3954] INFO  impl.FollowerState (FollowerState.java:run(111)) - 91297bf6-d797-4b12-9aab-de0c4610252f@group-15CCCCAF29BE-FollowerState: change to CANDIDATE, lastRpcTime:1198ms, electionTimeout:1198ms
2019-11-14 00:39:40,223 [Thread-3954] INFO  impl.RoleInfo (RoleInfo.java:shutdownFollowerState(121)) - 91297bf6-d797-4b12-9aab-de0c4610252f: shutdown FollowerState
2019-11-14 00:39:40,223 [Thread-3954] INFO  impl.RaftServerImpl (RaftServerImpl.java:setRole(173)) - 91297bf6-d797-4b12-9aab-de0c4610252f@group-15CCCCAF29BE: changes role from  FOLLOWER to CANDIDATE at term 0 for changeToCandidate
2019-11-14 00:39:40,224 [Thread-3954] INFO  impl.RoleInfo (RoleInfo.java:updateAndGet(143)) - 91297bf6-d797-4b12-9aab-de0c4610252f: start LeaderElection
2019-11-14 00:39:40,240 [91297bf6-d797-4b12-9aab-de0c4610252f@group-15CCCCAF29BE-LeaderElection179] INFO  impl.LeaderElection (LeaderElection.java:askForVotes(178)) - 91297bf6-d797-4b12-9aab-de0c4610252f@group-15CCCCAF29BE-LeaderElection179: begin an election at term 1 for -1: [91297bf6-d797-4b12-9aab-de0c4610252f:192.168.34.25:35231], old=null
2019-11-14 00:39:40,240 [91297bf6-d797-4b12-9aab-de0c4610252f@group-15CCCCAF29BE-LeaderElection179] INFO  impl.RoleInfo (RoleInfo.java:shutdownLeaderElection(134)) - 91297bf6-d797-4b12-9aab-de0c4610252f: shutdown LeaderElection
2019-11-14 00:39:40,240 [91297bf6-d797-4b12-9aab-de0c4610252f@group-15CCCCAF29BE-LeaderElection179] INFO  impl.RaftServerImpl (RaftServerImpl.java:setRole(173)) - 91297bf6-d797-4b12-9aab-de0c4610252f@group-15CCCCAF29BE: changes role from CANDIDATE to LEADER at term 1 for changeToLeader
2019-11-14 00:39:40,240 [91297bf6-d797-4b12-9aab-de0c4610252f@group-15CCCCAF29BE-LeaderElection179] INFO  ratis.XceiverServerRatis (XceiverServerRatis.java:handleLeaderChangedNotification(697)) - Leader change notification received for group: group-15CCCCAF29BE with new leaderId: 91297bf6-d797-4b12-9aab-de0c4610252f
2019-11-14 00:39:40,240 [91297bf6-d797-4b12-9aab-de0c4610252f@group-15CCCCAF29BE-LeaderElection179] INFO  impl.RaftServerImpl (ServerState.java:setLeader(255)) - 91297bf6-d797-4b12-9aab-de0c4610252f@group-15CCCCAF29BE: change Leader from null to 91297bf6-d797-4b12-9aab-de0c4610252f at term 1 for becomeLeader, leader elected after 1218ms
2019-11-14 00:39:40,241 [91297bf6-d797-4b12-9aab-de0c4610252f@group-15CCCCAF29BE-LeaderElection179] INFO  server.RaftServerConfigKeys (ConfUtils.java:logGet(43)) - raft.server.staging.catchup.gap = 1000 (default)
2019-11-14 00:39:40,241 [91297bf6-d797-4b12-9aab-de0c4610252f@group-15CCCCAF29BE-LeaderElection179] INFO  server.RaftServerConfigKeys (ConfUtils.java:logGet(43)) - raft.server.rpc.sleep.time = 25ms (default)
2019-11-14 00:39:40,243 [91297bf6-d797-4b12-9aab-de0c4610252f@group-15CCCCAF29BE-LeaderElection179] INFO  server.RaftServerConfigKeys (ConfUtils.java:logGet(43)) - raft.server.write.element-limit = 4096 (default)
2019-11-14 00:39:40,243 [91297bf6-d797-4b12-9aab-de0c4610252f@group-15CCCCAF29BE-LeaderElection179] INFO  server.RaftServerConfigKeys (ConfUtils.java:logGet(43)) - raft.server.watch.timeout = 10s (default)
2019-11-14 00:39:40,243 [91297bf6-d797-4b12-9aab-de0c4610252f@group-15CCCCAF29BE-LeaderElection179] INFO  server.RaftServerConfigKeys (ConfUtils.java:logGet(43)) - raft.server.watch.timeout.denomination = 1s (default)
2019-11-14 00:39:40,243 [91297bf6-d797-4b12-9aab-de0c4610252f@group-15CCCCAF29BE-LeaderElection179] INFO  server.RaftServerConfigKeys (ConfUtils.java:logGet(43)) - raft.server.watch.element-limit = 65536 (default)
2019-11-14 00:39:40,243 [91297bf6-d797-4b12-9aab-de0c4610252f@group-15CCCCAF29BE-LeaderElection179] INFO  impl.RoleInfo (RoleInfo.java:updateAndGet(143)) - 91297bf6-d797-4b12-9aab-de0c4610252f: start LeaderState
2019-11-14 00:39:40,244 [91297bf6-d797-4b12-9aab-de0c4610252f@group-15CCCCAF29BE-LeaderElection179] INFO  segmented.SegmentedRaftLogWorker (SegmentedRaftLogWorker.java:startLogSegment(385)) - 91297bf6-d797-4b12-9aab-de0c4610252f@group-15CCCCAF29BE-SegmentedRaftLogWorker: Starting segment from index:0
2019-11-14 00:39:40,244 [EventQueue-PipelineReportForPipelineReportHandler] INFO  pipeline.PipelineStateManager (PipelineStateManager.java:openPipeline(134)) - Pipeline Pipeline[ Id: 16f0d2aa-d4e7-4a33-b48d-15ccccaf29be, Nodes: 91297bf6-d797-4b12-9aab-de0c4610252f{ip: 192.168.34.25, host: pr-hdds-2474-ghsjm-2904119463, networkLocation: /rack1, certSerialId: null}, Type:RATIS, Factor:ONE, State:OPEN] moved to OPEN state
2019-11-14 00:39:40,244 [91297bf6-d797-4b12-9aab-de0c4610252f@group-15CCCCAF29BE-LeaderElection179] INFO  impl.RaftServerImpl (ServerState.java:setRaftConf(356)) - 91297bf6-d797-4b12-9aab-de0c4610252f@group-15CCCCAF29BE: set configuration 0: [91297bf6-d797-4b12-9aab-de0c4610252f:192.168.34.25:35231], old=null at 0
2019-11-14 00:39:40,284 [91297bf6-d797-4b12-9aab-de0c4610252f@group-15CCCCAF29BE-SegmentedRaftLogWorker] INFO  segmented.SegmentedRaftLogWorker (SegmentedRaftLogWorker.java:execute(576)) - 91297bf6-d797-4b12-9aab-de0c4610252f@group-15CCCCAF29BE-SegmentedRaftLogWorker: created new log segment /workdir/hadoop-ozone/integration-test/target/test-dir/MiniOzoneClusterImpl-f0c02ddf-6665-4004-91fc-64de6051483a/datanode-7/data/ratis/16f0d2aa-d4e7-4a33-b48d-15ccccaf29be/current/log_inprogress_0
2019-11-14 00:39:40,385 [main] INFO  ozone.MiniOzoneClusterImpl (MiniOzoneClusterImpl.java:lambda$waitForClusterToBeReady$2(163)) - Waiting for 3 number of pipelines out of 13, to report a leader.
2019-11-14 00:39:40,424 [Thread-3970] INFO  impl.FollowerState (FollowerState.java:run(111)) - cd0a212a-ef86-44b1-8f77-22d0bd8fbd35@group-BC2D59E4F2DC-FollowerState: change to CANDIDATE, lastRpcTime:1043ms, electionTimeout:1043ms
2019-11-14 00:39:40,424 [Thread-3970] INFO  impl.RoleInfo (RoleInfo.java:shutdownFollowerState(121)) - cd0a212a-ef86-44b1-8f77-22d0bd8fbd35: shutdown FollowerState
2019-11-14 00:39:40,425 [Thread-3970] INFO  impl.RaftServerImpl (RaftServerImpl.java:setRole(173)) - cd0a212a-ef86-44b1-8f77-22d0bd8fbd35@group-BC2D59E4F2DC: changes role from  FOLLOWER to CANDIDATE at term 0 for changeToCandidate
2019-11-14 00:39:40,425 [Thread-3970] INFO  impl.RoleInfo (RoleInfo.java:updateAndGet(143)) - cd0a212a-ef86-44b1-8f77-22d0bd8fbd35: start LeaderElection
2019-11-14 00:39:40,431 [Thread-3963] INFO  impl.FollowerState (FollowerState.java:run(111)) - c5cc448d-8877-4f4e-8c4b-54f6ffcbe1c1@group-5247083BE5D3-FollowerState: change to CANDIDATE, lastRpcTime:1104ms, electionTimeout:1104ms
2019-11-14 00:39:40,431 [Thread-3963] INFO  impl.RoleInfo (RoleInfo.java:shutdownFollowerState(121)) - c5cc448d-8877-4f4e-8c4b-54f6ffcbe1c1: shutdown FollowerState
2019-11-14 00:39:40,431 [Thread-3963] INFO  impl.RaftServerImpl (RaftServerImpl.java:setRole(173)) - c5cc448d-8877-4f4e-8c4b-54f6ffcbe1c1@group-5247083BE5D3: changes role from  FOLLOWER to CANDIDATE at term 0 for changeToCandidate
2019-11-14 00:39:40,431 [Thread-3963] INFO  impl.RoleInfo (RoleInfo.java:updateAndGet(143)) - c5cc448d-8877-4f4e-8c4b-54f6ffcbe1c1: start LeaderElection
2019-11-14 00:39:40,444 [cd0a212a-ef86-44b1-8f77-22d0bd8fbd35@group-BC2D59E4F2DC-LeaderElection180] INFO  impl.LeaderElection (LeaderElection.java:askForVotes(178)) - cd0a212a-ef86-44b1-8f77-22d0bd8fbd35@group-BC2D59E4F2DC-LeaderElection180: begin an election at term 1 for -1: [cd0a212a-ef86-44b1-8f77-22d0bd8fbd35:192.168.34.25:38897, 91297bf6-d797-4b12-9aab-de0c4610252f:192.168.34.25:35231, f3a6f38f-08d4-4a6a-b30b-ec54e2e520c3:192.168.34.25:38828], old=null
2019-11-14 00:39:40,444 [c5cc448d-8877-4f4e-8c4b-54f6ffcbe1c1@group-5247083BE5D3-LeaderElection181] INFO  impl.LeaderElection (LeaderElection.java:askForVotes(178)) - c5cc448d-8877-4f4e-8c4b-54f6ffcbe1c1@group-5247083BE5D3-LeaderElection181: begin an election at term 1 for -1: [c5cc448d-8877-4f4e-8c4b-54f6ffcbe1c1:192.168.34.25:35731], old=null
2019-11-14 00:39:40,444 [c5cc448d-8877-4f4e-8c4b-54f6ffcbe1c1@group-5247083BE5D3-LeaderElection181] INFO  impl.RoleInfo (RoleInfo.java:shutdownLeaderElection(134)) - c5cc448d-8877-4f4e-8c4b-54f6ffcbe1c1: shutdown LeaderElection
2019-11-14 00:39:40,444 [c5cc448d-8877-4f4e-8c4b-54f6ffcbe1c1@group-5247083BE5D3-LeaderElection181] INFO  impl.RaftServerImpl (RaftServerImpl.java:setRole(173)) - c5cc448d-8877-4f4e-8c4b-54f6ffcbe1c1@group-5247083BE5D3: changes role from CANDIDATE to LEADER at term 1 for changeToLeader
2019-11-14 00:39:40,444 [c5cc448d-8877-4f4e-8c4b-54f6ffcbe1c1@group-5247083BE5D3-LeaderElection181] INFO  ratis.XceiverServerRatis (XceiverServerRatis.java:handleLeaderChangedNotification(697)) - Leader change notification received for group: group-5247083BE5D3 with new leaderId: c5cc448d-8877-4f4e-8c4b-54f6ffcbe1c1
2019-11-14 00:39:40,445 [c5cc448d-8877-4f4e-8c4b-54f6ffcbe1c1@group-5247083BE5D3-LeaderElection181] INFO  impl.RaftServerImpl (ServerState.java:setLeader(255)) - c5cc448d-8877-4f4e-8c4b-54f6ffcbe1c1@group-5247083BE5D3: change Leader from null to c5cc448d-8877-4f4e-8c4b-54f6ffcbe1c1 at term 1 for becomeLeader, leader elected after 1121ms
2019-11-14 00:39:40,445 [c5cc448d-8877-4f4e-8c4b-54f6ffcbe1c1@group-5247083BE5D3-LeaderElection181] INFO  server.RaftServerConfigKeys (ConfUtils.java:logGet(43)) - raft.server.staging.catchup.gap = 1000 (default)
2019-11-14 00:39:40,461 [Thread-3960] INFO  impl.FollowerState (FollowerState.java:run(111)) - cd0a212a-ef86-44b1-8f77-22d0bd8fbd35@group-FA55063115A9-FollowerState: change to CANDIDATE, lastRpcTime:1167ms, electionTimeout:1163ms
2019-11-14 00:39:40,461 [c5cc448d-8877-4f4e-8c4b-54f6ffcbe1c1@group-5247083BE5D3-LeaderElection181] INFO  server.RaftServerConfigKeys (ConfUtils.java:logGet(43)) - raft.server.rpc.sleep.time = 25ms (default)
2019-11-14 00:39:40,461 [Thread-3960] INFO  impl.RoleInfo (RoleInfo.java:shutdownFollowerState(121)) - cd0a212a-ef86-44b1-8f77-22d0bd8fbd35: shutdown FollowerState
2019-11-14 00:39:40,461 [Thread-3960] INFO  impl.RaftServerImpl (RaftServerImpl.java:setRole(173)) - cd0a212a-ef86-44b1-8f77-22d0bd8fbd35@group-FA55063115A9: changes role from  FOLLOWER to CANDIDATE at term 0 for changeToCandidate
2019-11-14 00:39:40,462 [c5cc448d-8877-4f4e-8c4b-54f6ffcbe1c1@group-5247083BE5D3-LeaderElection181] INFO  server.RaftServerConfigKeys (ConfUtils.java:logGet(43)) - raft.server.write.element-limit = 4096 (default)
2019-11-14 00:39:40,462 [Thread-3960] INFO  impl.RoleInfo (RoleInfo.java:updateAndGet(143)) - cd0a212a-ef86-44b1-8f77-22d0bd8fbd35: start LeaderElection
2019-11-14 00:39:40,462 [c5cc448d-8877-4f4e-8c4b-54f6ffcbe1c1@group-5247083BE5D3-LeaderElection181] INFO  server.RaftServerConfigKeys (ConfUtils.java:logGet(43)) - raft.server.watch.timeout = 10s (default)
2019-11-14 00:39:40,462 [EventQueue-PipelineReportForPipelineReportHandler] INFO  pipeline.PipelineStateManager (PipelineStateManager.java:openPipeline(134)) - Pipeline Pipeline[ Id: 57441d5c-e25d-4bfe-a19b-5247083be5d3, Nodes: c5cc448d-8877-4f4e-8c4b-54f6ffcbe1c1{ip: 192.168.34.25, host: pr-hdds-2474-ghsjm-2904119463, networkLocation: /rack1, certSerialId: null}, Type:RATIS, Factor:ONE, State:OPEN] moved to OPEN state
2019-11-14 00:39:40,462 [c5cc448d-8877-4f4e-8c4b-54f6ffcbe1c1@group-5247083BE5D3-LeaderElection181] INFO  server.RaftServerConfigKeys (ConfUtils.java:logGet(43)) - raft.server.watch.timeout.denomination = 1s (default)
2019-11-14 00:39:40,462 [c5cc448d-8877-4f4e-8c4b-54f6ffcbe1c1@group-5247083BE5D3-LeaderElection181] INFO  server.RaftServerConfigKeys (ConfUtils.java:logGet(43)) - raft.server.watch.element-limit = 65536 (default)
2019-11-14 00:39:40,467 [c5cc448d-8877-4f4e-8c4b-54f6ffcbe1c1@group-5247083BE5D3-LeaderElection181] INFO  impl.RoleInfo (RoleInfo.java:updateAndGet(143)) - c5cc448d-8877-4f4e-8c4b-54f6ffcbe1c1: start LeaderState
2019-11-14 00:39:40,467 [c5cc448d-8877-4f4e-8c4b-54f6ffcbe1c1@group-5247083BE5D3-LeaderElection181] INFO  segmented.SegmentedRaftLogWorker (SegmentedRaftLogWorker.java:startLogSegment(385)) - c5cc448d-8877-4f4e-8c4b-54f6ffcbe1c1@group-5247083BE5D3-SegmentedRaftLogWorker: Starting segment from index:0
2019-11-14 00:39:40,468 [c5cc448d-8877-4f4e-8c4b-54f6ffcbe1c1@group-5247083BE5D3-LeaderElection181] INFO  impl.RaftServerImpl (ServerState.java:setRaftConf(356)) - c5cc448d-8877-4f4e-8c4b-54f6ffcbe1c1@group-5247083BE5D3: set configuration 0: [c5cc448d-8877-4f4e-8c4b-54f6ffcbe1c1:192.168.34.25:35731], old=null at 0
2019-11-14 00:39:40,492 [grpc-default-executor-7] INFO  impl.RaftServerImpl (RaftServerImpl.java:setRole(173)) - f3a6f38f-08d4-4a6a-b30b-ec54e2e520c3@group-BC2D59E4F2DC: changes role from  FOLLOWER to FOLLOWER at term 1 for recognizeCandidate:cd0a212a-ef86-44b1-8f77-22d0bd8fbd35
2019-11-14 00:39:40,493 [grpc-default-executor-7] INFO  impl.RoleInfo (RoleInfo.java:shutdownFollowerState(121)) - f3a6f38f-08d4-4a6a-b30b-ec54e2e520c3: shutdown FollowerState
2019-11-14 00:39:40,492 [grpc-default-executor-6] INFO  impl.RaftServerImpl (RaftServerImpl.java:setRole(173)) - 91297bf6-d797-4b12-9aab-de0c4610252f@group-BC2D59E4F2DC: changes role from  FOLLOWER to FOLLOWER at term 1 for recognizeCandidate:cd0a212a-ef86-44b1-8f77-22d0bd8fbd35
2019-11-14 00:39:40,493 [grpc-default-executor-6] INFO  impl.RoleInfo (RoleInfo.java:shutdownFollowerState(121)) - 91297bf6-d797-4b12-9aab-de0c4610252f: shutdown FollowerState
2019-11-14 00:39:40,493 [Thread-3971] INFO  impl.FollowerState (FollowerState.java:run(120)) - f3a6f38f-08d4-4a6a-b30b-ec54e2e520c3@group-BC2D59E4F2DC-FollowerState was interrupted: java.lang.InterruptedException: sleep interrupted
2019-11-14 00:39:40,493 [grpc-default-executor-7] INFO  impl.RoleInfo (RoleInfo.java:updateAndGet(143)) - f3a6f38f-08d4-4a6a-b30b-ec54e2e520c3: start FollowerState
2019-11-14 00:39:40,493 [cd0a212a-ef86-44b1-8f77-22d0bd8fbd35@group-FA55063115A9-LeaderElection182] INFO  impl.LeaderElection (LeaderElection.java:askForVotes(178)) - cd0a212a-ef86-44b1-8f77-22d0bd8fbd35@group-FA55063115A9-LeaderElection182: begin an election at term 1 for -1: [cd0a212a-ef86-44b1-8f77-22d0bd8fbd35:192.168.34.25:38897], old=null
2019-11-14 00:39:40,493 [Thread-3966] INFO  impl.FollowerState (FollowerState.java:run(120)) - 91297bf6-d797-4b12-9aab-de0c4610252f@group-BC2D59E4F2DC-FollowerState was interrupted: java.lang.InterruptedException: sleep interrupted
2019-11-14 00:39:40,493 [grpc-default-executor-6] INFO  impl.RoleInfo (RoleInfo.java:updateAndGet(143)) - 91297bf6-d797-4b12-9aab-de0c4610252f: start FollowerState
2019-11-14 00:39:40,494 [cd0a212a-ef86-44b1-8f77-22d0bd8fbd35@group-FA55063115A9-LeaderElection182] INFO  impl.RoleInfo (RoleInfo.java:shutdownLeaderElection(134)) - cd0a212a-ef86-44b1-8f77-22d0bd8fbd35: shutdown LeaderElection
2019-11-14 00:39:40,494 [cd0a212a-ef86-44b1-8f77-22d0bd8fbd35@group-FA55063115A9-LeaderElection182] INFO  impl.RaftServerImpl (RaftServerImpl.java:setRole(173)) - cd0a212a-ef86-44b1-8f77-22d0bd8fbd35@group-FA55063115A9: changes role from CANDIDATE to LEADER at term 1 for changeToLeader
2019-11-14 00:39:40,494 [cd0a212a-ef86-44b1-8f77-22d0bd8fbd35@group-FA55063115A9-LeaderElection182] INFO  ratis.XceiverServerRatis (XceiverServerRatis.java:handleLeaderChangedNotification(697)) - Leader change notification received for group: group-FA55063115A9 with new leaderId: cd0a212a-ef86-44b1-8f77-22d0bd8fbd35
2019-11-14 00:39:40,494 [cd0a212a-ef86-44b1-8f77-22d0bd8fbd35@group-FA55063115A9-LeaderElection182] INFO  impl.RaftServerImpl (ServerState.java:setLeader(255)) - cd0a212a-ef86-44b1-8f77-22d0bd8fbd35@group-FA55063115A9: change Leader from null to cd0a212a-ef86-44b1-8f77-22d0bd8fbd35 at term 1 for becomeLeader, leader elected after 1203ms
2019-11-14 00:39:40,494 [cd0a212a-ef86-44b1-8f77-22d0bd8fbd35@group-FA55063115A9-LeaderElection182] INFO  server.RaftServerConfigKeys (ConfUtils.java:logGet(43)) - raft.server.staging.catchup.gap = 1000 (default)
2019-11-14 00:39:40,497 [cd0a212a-ef86-44b1-8f77-22d0bd8fbd35@group-FA55063115A9-LeaderElection182] INFO  server.RaftServerConfigKeys (ConfUtils.java:logGet(43)) - raft.server.rpc.sleep.time = 25ms (default)
2019-11-14 00:39:40,497 [cd0a212a-ef86-44b1-8f77-22d0bd8fbd35@group-FA55063115A9-LeaderElection182] INFO  server.RaftServerConfigKeys (ConfUtils.java:logGet(43)) - raft.server.write.element-limit = 4096 (default)
2019-11-14 00:39:40,498 [cd0a212a-ef86-44b1-8f77-22d0bd8fbd35@group-FA55063115A9-LeaderElection182] INFO  server.RaftServerConfigKeys (ConfUtils.java:logGet(43)) - raft.server.watch.timeout = 10s (default)
2019-11-14 00:39:40,498 [cd0a212a-ef86-44b1-8f77-22d0bd8fbd35@group-FA55063115A9-LeaderElection182] INFO  server.RaftServerConfigKeys (ConfUtils.java:logGet(43)) - raft.server.watch.timeout.denomination = 1s (default)
2019-11-14 00:39:40,498 [cd0a212a-ef86-44b1-8f77-22d0bd8fbd35@group-FA55063115A9-LeaderElection182] INFO  server.RaftServerConfigKeys (ConfUtils.java:logGet(43)) - raft.server.watch.element-limit = 65536 (default)
2019-11-14 00:39:40,498 [cd0a212a-ef86-44b1-8f77-22d0bd8fbd35@group-FA55063115A9-LeaderElection182] INFO  impl.RoleInfo (RoleInfo.java:updateAndGet(143)) - cd0a212a-ef86-44b1-8f77-22d0bd8fbd35: start LeaderState
2019-11-14 00:39:40,498 [cd0a212a-ef86-44b1-8f77-22d0bd8fbd35@group-FA55063115A9-LeaderElection182] INFO  segmented.SegmentedRaftLogWorker (SegmentedRaftLogWorker.java:startLogSegment(385)) - cd0a212a-ef86-44b1-8f77-22d0bd8fbd35@group-FA55063115A9-SegmentedRaftLogWorker: Starting segment from index:0
2019-11-14 00:39:40,498 [EventQueue-PipelineReportForPipelineReportHandler] INFO  pipeline.PipelineStateManager (PipelineStateManager.java:openPipeline(134)) - Pipeline Pipeline[ Id: 004d3321-b248-4049-9604-fa55063115a9, Nodes: cd0a212a-ef86-44b1-8f77-22d0bd8fbd35{ip: 192.168.34.25, host: pr-hdds-2474-ghsjm-2904119463, networkLocation: /rack1, certSerialId: null}, Type:RATIS, Factor:ONE, State:OPEN] moved to OPEN state
2019-11-14 00:39:40,499 [cd0a212a-ef86-44b1-8f77-22d0bd8fbd35@group-FA55063115A9-LeaderElection182] INFO  impl.RaftServerImpl (ServerState.java:setRaftConf(356)) - cd0a212a-ef86-44b1-8f77-22d0bd8fbd35@group-FA55063115A9: set configuration 0: [cd0a212a-ef86-44b1-8f77-22d0bd8fbd35:192.168.34.25:38897], old=null at 0
2019-11-14 00:39:40,505 [c5cc448d-8877-4f4e-8c4b-54f6ffcbe1c1@group-5247083BE5D3-SegmentedRaftLogWorker] INFO  segmented.SegmentedRaftLogWorker (SegmentedRaftLogWorker.java:execute(576)) - c5cc448d-8877-4f4e-8c4b-54f6ffcbe1c1@group-5247083BE5D3-SegmentedRaftLogWorker: created new log segment /workdir/hadoop-ozone/integration-test/target/test-dir/MiniOzoneClusterImpl-f0c02ddf-6665-4004-91fc-64de6051483a/datanode-9/data/ratis/57441d5c-e25d-4bfe-a19b-5247083be5d3/current/log_inprogress_0
2019-11-14 00:39:40,506 [cd0a212a-ef86-44b1-8f77-22d0bd8fbd35@group-BC2D59E4F2DC-LeaderElection180] INFO  impl.LeaderElection (LeaderElection.java:logAndReturn(56)) - cd0a212a-ef86-44b1-8f77-22d0bd8fbd35@group-BC2D59E4F2DC-LeaderElection180: Election PASSED; received 1 response(s) [cd0a212a-ef86-44b1-8f77-22d0bd8fbd35<-91297bf6-d797-4b12-9aab-de0c4610252f#0:OK-t1] and 0 exception(s); cd0a212a-ef86-44b1-8f77-22d0bd8fbd35@group-BC2D59E4F2DC:t1, leader=null, voted=cd0a212a-ef86-44b1-8f77-22d0bd8fbd35, raftlog=cd0a212a-ef86-44b1-8f77-22d0bd8fbd35@group-BC2D59E4F2DC-SegmentedRaftLog:OPENED:c-1,f-1,i0, conf=-1: [cd0a212a-ef86-44b1-8f77-22d0bd8fbd35:192.168.34.25:38897, 91297bf6-d797-4b12-9aab-de0c4610252f:192.168.34.25:35231, f3a6f38f-08d4-4a6a-b30b-ec54e2e520c3:192.168.34.25:38828], old=null
2019-11-14 00:39:40,506 [cd0a212a-ef86-44b1-8f77-22d0bd8fbd35@group-BC2D59E4F2DC-LeaderElection180] INFO  impl.RoleInfo (RoleInfo.java:shutdownLeaderElection(134)) - cd0a212a-ef86-44b1-8f77-22d0bd8fbd35: shutdown LeaderElection
2019-11-14 00:39:40,506 [cd0a212a-ef86-44b1-8f77-22d0bd8fbd35@group-BC2D59E4F2DC-LeaderElection180] INFO  impl.RaftServerImpl (RaftServerImpl.java:setRole(173)) - cd0a212a-ef86-44b1-8f77-22d0bd8fbd35@group-BC2D59E4F2DC: changes role from CANDIDATE to LEADER at term 1 for changeToLeader
2019-11-14 00:39:40,507 [cd0a212a-ef86-44b1-8f77-22d0bd8fbd35@group-BC2D59E4F2DC-LeaderElection180] INFO  ratis.XceiverServerRatis (XceiverServerRatis.java:handleLeaderChangedNotification(697)) - Leader change notification received for group: group-BC2D59E4F2DC with new leaderId: cd0a212a-ef86-44b1-8f77-22d0bd8fbd35
2019-11-14 00:39:40,507 [cd0a212a-ef86-44b1-8f77-22d0bd8fbd35@group-BC2D59E4F2DC-LeaderElection180] INFO  impl.RaftServerImpl (ServerState.java:setLeader(255)) - cd0a212a-ef86-44b1-8f77-22d0bd8fbd35@group-BC2D59E4F2DC: change Leader from null to cd0a212a-ef86-44b1-8f77-22d0bd8fbd35 at term 1 for becomeLeader, leader elected after 1134ms
2019-11-14 00:39:40,507 [cd0a212a-ef86-44b1-8f77-22d0bd8fbd35@group-BC2D59E4F2DC-LeaderElection180] INFO  server.RaftServerConfigKeys (ConfUtils.java:logGet(43)) - raft.server.staging.catchup.gap = 1000 (default)
2019-11-14 00:39:40,507 [cd0a212a-ef86-44b1-8f77-22d0bd8fbd35@group-BC2D59E4F2DC-LeaderElection180] INFO  server.RaftServerConfigKeys (ConfUtils.java:logGet(43)) - raft.server.rpc.sleep.time = 25ms (default)
2019-11-14 00:39:40,507 [cd0a212a-ef86-44b1-8f77-22d0bd8fbd35@group-BC2D59E4F2DC-LeaderElection180] INFO  server.RaftServerConfigKeys (ConfUtils.java:logGet(43)) - raft.server.write.element-limit = 4096 (default)
2019-11-14 00:39:40,507 [cd0a212a-ef86-44b1-8f77-22d0bd8fbd35@group-BC2D59E4F2DC-LeaderElection180] INFO  server.RaftServerConfigKeys (ConfUtils.java:logGet(43)) - raft.server.watch.timeout = 10s (default)
2019-11-14 00:39:40,507 [cd0a212a-ef86-44b1-8f77-22d0bd8fbd35@group-BC2D59E4F2DC-LeaderElection180] INFO  server.RaftServerConfigKeys (ConfUtils.java:logGet(43)) - raft.server.watch.timeout.denomination = 1s (default)
2019-11-14 00:39:40,507 [cd0a212a-ef86-44b1-8f77-22d0bd8fbd35@group-BC2D59E4F2DC-LeaderElection180] INFO  server.RaftServerConfigKeys (ConfUtils.java:logGet(43)) - raft.server.watch.element-limit = 65536 (default)
2019-11-14 00:39:40,507 [cd0a212a-ef86-44b1-8f77-22d0bd8fbd35@group-BC2D59E4F2DC-LeaderElection180] INFO  server.RaftServerConfigKeys (ConfUtils.java:logGet(43)) - raft.server.log.appender.snapshot.chunk.size.max = 16MB (=16777216) (default)
2019-11-14 00:39:40,507 [cd0a212a-ef86-44b1-8f77-22d0bd8fbd35@group-BC2D59E4F2DC-LeaderElection180] INFO  server.RaftServerConfigKeys (ConfUtils.java:logGet(43)) - raft.server.log.appender.buffer.byte-limit = 33554432 (custom)
2019-11-14 00:39:40,508 [cd0a212a-ef86-44b1-8f77-22d0bd8fbd35@group-BC2D59E4F2DC-LeaderElection180] INFO  server.RaftServerConfigKeys (ConfUtils.java:logGet(43)) - raft.server.log.appender.buffer.element-limit = 1 (custom)
2019-11-14 00:39:40,508 [EventQueue-PipelineReportForPipelineReportHandler] INFO  pipeline.PipelineStateManager (PipelineStateManager.java:openPipeline(134)) - Pipeline Pipeline[ Id: d4b3e8fa-7b00-4048-a977-bc2d59e4f2dc, Nodes: 91297bf6-d797-4b12-9aab-de0c4610252f{ip: 192.168.34.25, host: pr-hdds-2474-ghsjm-2904119463, networkLocation: /rack1, certSerialId: null}cd0a212a-ef86-44b1-8f77-22d0bd8fbd35{ip: 192.168.34.25, host: pr-hdds-2474-ghsjm-2904119463, networkLocation: /rack1, certSerialId: null}f3a6f38f-08d4-4a6a-b30b-ec54e2e520c3{ip: 192.168.34.25, host: pr-hdds-2474-ghsjm-2904119463, networkLocation: /rack1, certSerialId: null}, Type:RATIS, Factor:THREE, State:OPEN] moved to OPEN state
2019-11-14 00:39:40,508 [cd0a212a-ef86-44b1-8f77-22d0bd8fbd35@group-BC2D59E4F2DC-LeaderElection180] INFO  grpc.GrpcConfigKeys$Server (ConfUtils.java:logGet(43)) - raft.grpc.server.leader.outstanding.appends.max = 128 (default)
2019-11-14 00:39:40,508 [cd0a212a-ef86-44b1-8f77-22d0bd8fbd35@group-BC2D59E4F2DC-LeaderElection180] INFO  server.RaftServerConfigKeys (ConfUtils.java:logGet(43)) - raft.server.rpc.request.timeout = 3000ms (default)
2019-11-14 00:39:40,508 [cd0a212a-ef86-44b1-8f77-22d0bd8fbd35@group-BC2D59E4F2DC-LeaderElection180] INFO  server.RaftServerConfigKeys (ConfUtils.java:logGet(43)) - raft.server.log.appender.install.snapshot.enabled = false (custom)
2019-11-14 00:39:40,508 [cd0a212a-ef86-44b1-8f77-22d0bd8fbd35@group-BC2D59E4F2DC-LeaderElection180] WARN  impl.MetricRegistriesImpl (MetricRegistriesImpl.java:lambda$create$1(61)) - First MetricRegistry has been created without registering reporters. You may need to call MetricRegistries.global().addReportRegistration(...) before.
2019-11-14 00:39:40,508 [cd0a212a-ef86-44b1-8f77-22d0bd8fbd35@group-BC2D59E4F2DC-LeaderElection180] INFO  server.RaftServerConfigKeys (ConfUtils.java:logGet(43)) - raft.server.log.appender.snapshot.chunk.size.max = 16MB (=16777216) (default)
2019-11-14 00:39:40,508 [cd0a212a-ef86-44b1-8f77-22d0bd8fbd35@group-BC2D59E4F2DC-LeaderElection180] INFO  server.RaftServerConfigKeys (ConfUtils.java:logGet(43)) - raft.server.log.appender.buffer.byte-limit = 33554432 (custom)
2019-11-14 00:39:40,508 [cd0a212a-ef86-44b1-8f77-22d0bd8fbd35@group-BC2D59E4F2DC-LeaderElection180] INFO  server.RaftServerConfigKeys (ConfUtils.java:logGet(43)) - raft.server.log.appender.buffer.element-limit = 1 (custom)
2019-11-14 00:39:40,508 [cd0a212a-ef86-44b1-8f77-22d0bd8fbd35@group-BC2D59E4F2DC-LeaderElection180] INFO  grpc.GrpcConfigKeys$Server (ConfUtils.java:logGet(43)) - raft.grpc.server.leader.outstanding.appends.max = 128 (default)
2019-11-14 00:39:40,508 [cd0a212a-ef86-44b1-8f77-22d0bd8fbd35@group-BC2D59E4F2DC-LeaderElection180] INFO  server.RaftServerConfigKeys (ConfUtils.java:logGet(43)) - raft.server.rpc.request.timeout = 3000ms (default)
2019-11-14 00:39:40,509 [cd0a212a-ef86-44b1-8f77-22d0bd8fbd35@group-BC2D59E4F2DC-LeaderElection180] INFO  server.RaftServerConfigKeys (ConfUtils.java:logGet(43)) - raft.server.log.appender.install.snapshot.enabled = false (custom)
2019-11-14 00:39:40,509 [cd0a212a-ef86-44b1-8f77-22d0bd8fbd35@group-BC2D59E4F2DC-LeaderElection180] INFO  impl.RoleInfo (RoleInfo.java:updateAndGet(143)) - cd0a212a-ef86-44b1-8f77-22d0bd8fbd35: start LeaderState
2019-11-14 00:39:40,509 [cd0a212a-ef86-44b1-8f77-22d0bd8fbd35@group-BC2D59E4F2DC-LeaderElection180] INFO  segmented.SegmentedRaftLogWorker (SegmentedRaftLogWorker.java:startLogSegment(385)) - cd0a212a-ef86-44b1-8f77-22d0bd8fbd35@group-BC2D59E4F2DC-SegmentedRaftLogWorker: Starting segment from index:0
2019-11-14 00:39:40,509 [cd0a212a-ef86-44b1-8f77-22d0bd8fbd35@group-BC2D59E4F2DC-LeaderElection180] INFO  impl.RaftServerImpl (ServerState.java:setRaftConf(356)) - cd0a212a-ef86-44b1-8f77-22d0bd8fbd35@group-BC2D59E4F2DC: set configuration 0: [cd0a212a-ef86-44b1-8f77-22d0bd8fbd35:192.168.34.25:38897, 91297bf6-d797-4b12-9aab-de0c4610252f:192.168.34.25:35231, f3a6f38f-08d4-4a6a-b30b-ec54e2e520c3:192.168.34.25:38828], old=null at 0
2019-11-14 00:39:40,539 [grpc-default-executor-7] INFO  ratis.XceiverServerRatis (XceiverServerRatis.java:handleLeaderChangedNotification(697)) - Leader change notification received for group: group-BC2D59E4F2DC with new leaderId: cd0a212a-ef86-44b1-8f77-22d0bd8fbd35
2019-11-14 00:39:40,539 [grpc-default-executor-7] INFO  impl.RaftServerImpl (ServerState.java:setLeader(255)) - f3a6f38f-08d4-4a6a-b30b-ec54e2e520c3@group-BC2D59E4F2DC: change Leader from null to cd0a212a-ef86-44b1-8f77-22d0bd8fbd35 at term 1 for appendEntries, leader elected after 1166ms
2019-11-14 00:39:40,540 [grpc-default-executor-6] INFO  ratis.XceiverServerRatis (XceiverServerRatis.java:handleLeaderChangedNotification(697)) - Leader change notification received for group: group-BC2D59E4F2DC with new leaderId: cd0a212a-ef86-44b1-8f77-22d0bd8fbd35
2019-11-14 00:39:40,542 [grpc-default-executor-6] INFO  impl.RaftServerImpl (ServerState.java:setLeader(255)) - 91297bf6-d797-4b12-9aab-de0c4610252f@group-BC2D59E4F2DC: change Leader from null to cd0a212a-ef86-44b1-8f77-22d0bd8fbd35 at term 1 for appendEntries, leader elected after 1167ms
2019-11-14 00:39:40,545 [grpc-default-executor-7] INFO  impl.RaftServerImpl (ServerState.java:setRaftConf(356)) - f3a6f38f-08d4-4a6a-b30b-ec54e2e520c3@group-BC2D59E4F2DC: set configuration 0: [cd0a212a-ef86-44b1-8f77-22d0bd8fbd35:192.168.34.25:38897, 91297bf6-d797-4b12-9aab-de0c4610252f:192.168.34.25:35231, f3a6f38f-08d4-4a6a-b30b-ec54e2e520c3:192.168.34.25:38828], old=null at 0
2019-11-14 00:39:40,545 [grpc-default-executor-6] INFO  impl.RaftServerImpl (ServerState.java:setRaftConf(356)) - 91297bf6-d797-4b12-9aab-de0c4610252f@group-BC2D59E4F2DC: set configuration 0: [cd0a212a-ef86-44b1-8f77-22d0bd8fbd35:192.168.34.25:38897, 91297bf6-d797-4b12-9aab-de0c4610252f:192.168.34.25:35231, f3a6f38f-08d4-4a6a-b30b-ec54e2e520c3:192.168.34.25:38828], old=null at 0
2019-11-14 00:39:40,545 [grpc-default-executor-7] INFO  segmented.SegmentedRaftLogWorker (SegmentedRaftLogWorker.java:startLogSegment(385)) - f3a6f38f-08d4-4a6a-b30b-ec54e2e520c3@group-BC2D59E4F2DC-SegmentedRaftLogWorker: Starting segment from index:0
2019-11-14 00:39:40,545 [grpc-default-executor-6] INFO  segmented.SegmentedRaftLogWorker (SegmentedRaftLogWorker.java:startLogSegment(385)) - 91297bf6-d797-4b12-9aab-de0c4610252f@group-BC2D59E4F2DC-SegmentedRaftLogWorker: Starting segment from index:0
2019-11-14 00:39:40,551 [cd0a212a-ef86-44b1-8f77-22d0bd8fbd35@group-FA55063115A9-SegmentedRaftLogWorker] INFO  segmented.SegmentedRaftLogWorker (SegmentedRaftLogWorker.java:execute(576)) - cd0a212a-ef86-44b1-8f77-22d0bd8fbd35@group-FA55063115A9-SegmentedRaftLogWorker: created new log segment /workdir/hadoop-ozone/integration-test/target/test-dir/MiniOzoneClusterImpl-f0c02ddf-6665-4004-91fc-64de6051483a/datanode-8/data/ratis/004d3321-b248-4049-9604-fa55063115a9/current/log_inprogress_0
2019-11-14 00:39:40,551 [cd0a212a-ef86-44b1-8f77-22d0bd8fbd35@group-BC2D59E4F2DC-SegmentedRaftLogWorker] INFO  segmented.SegmentedRaftLogWorker (SegmentedRaftLogWorker.java:execute(576)) - cd0a212a-ef86-44b1-8f77-22d0bd8fbd35@group-BC2D59E4F2DC-SegmentedRaftLogWorker: created new log segment /workdir/hadoop-ozone/integration-test/target/test-dir/MiniOzoneClusterImpl-f0c02ddf-6665-4004-91fc-64de6051483a/datanode-8/data/ratis/d4b3e8fa-7b00-4048-a977-bc2d59e4f2dc/current/log_inprogress_0
2019-11-14 00:39:40,583 [91297bf6-d797-4b12-9aab-de0c4610252f@group-BC2D59E4F2DC-SegmentedRaftLogWorker] INFO  segmented.SegmentedRaftLogWorker (SegmentedRaftLogWorker.java:execute(576)) - 91297bf6-d797-4b12-9aab-de0c4610252f@group-BC2D59E4F2DC-SegmentedRaftLogWorker: created new log segment /workdir/hadoop-ozone/integration-test/target/test-dir/MiniOzoneClusterImpl-f0c02ddf-6665-4004-91fc-64de6051483a/datanode-7/data/ratis/d4b3e8fa-7b00-4048-a977-bc2d59e4f2dc/current/log_inprogress_0
2019-11-14 00:39:40,583 [f3a6f38f-08d4-4a6a-b30b-ec54e2e520c3@group-BC2D59E4F2DC-SegmentedRaftLogWorker] INFO  segmented.SegmentedRaftLogWorker (SegmentedRaftLogWorker.java:execute(576)) - f3a6f38f-08d4-4a6a-b30b-ec54e2e520c3@group-BC2D59E4F2DC-SegmentedRaftLogWorker: created new log segment /workdir/hadoop-ozone/integration-test/target/test-dir/MiniOzoneClusterImpl-f0c02ddf-6665-4004-91fc-64de6051483a/datanode-6/data/ratis/d4b3e8fa-7b00-4048-a977-bc2d59e4f2dc/current/log_inprogress_0
2019-11-14 00:39:41,389 [main] INFO  ozone.MiniOzoneClusterImpl (MiniOzoneClusterImpl.java:lambda$waitForClusterToBeReady$2(171)) - Cluster is ready. Got 10 of 10 DN Heartbeats.
2019-11-14 00:39:41,420 [main] INFO  rpc.RpcClient (RpcClient.java:createVolume(292)) - Creating Volume: datanodefailurehandlingtest, with jenkins1000 as owner.
2019-11-14 00:39:41,422 [IPC Server handler 0 on 39853] INFO  volume.OMVolumeCreateRequest (OMVolumeCreateRequest.java:validateAndUpdateCache(193)) - created volume:datanodefailurehandlingtest for user:jenkins1000
2019-11-14 00:39:41,452 [main] INFO  rpc.RpcClient (RpcClient.java:createBucket(431)) - Creating Bucket: datanodefailurehandlingtest/datanodefailurehandlingtest, with Versioning false and Storage Type set to DISK and Encryption set to false 
2019-11-14 00:39:41,555 [Thread-3916] INFO  container.ReplicationManager (ReplicationManager.java:start(162)) - Starting Replication Monitor Thread.
2019-11-14 00:39:41,555 [Thread-3916] INFO  pipeline.SCMPipelineManager (SCMPipelineManager.java:finalizeAndDestroyPipeline(315)) - destroying pipeline:Pipeline[ Id: 2111cd01-ea50-470f-a768-7c37095d5fcf, Nodes: 4c0227a7-61cb-4c13-bcf3-e9ab107c9374{ip: 192.168.34.25, host: pr-hdds-2474-ghsjm-2904119463, networkLocation: /rack1, certSerialId: null}, Type:RATIS, Factor:ONE, State:OPEN]
2019-11-14 00:39:41,557 [Thread-3916] INFO  pipeline.PipelineStateManager (PipelineStateManager.java:finalizePipeline(121)) - Pipeline Pipeline[ Id: 2111cd01-ea50-470f-a768-7c37095d5fcf, Nodes: 4c0227a7-61cb-4c13-bcf3-e9ab107c9374{ip: 192.168.34.25, host: pr-hdds-2474-ghsjm-2904119463, networkLocation: /rack1, certSerialId: null}, Type:RATIS, Factor:ONE, State:CLOSED] moved to CLOSED state
2019-11-14 00:39:41,558 [ReplicationMonitor] INFO  container.ReplicationManager (ReplicationManager.java:run(225)) - Replication Monitor Thread took 0 milliseconds for processing 1 containers.
2019-11-14 00:39:41,561 [grpc-default-executor-0] INFO  impl.RaftServerProxy (RaftServerProxy.java:remove(95)) - 4c0227a7-61cb-4c13-bcf3-e9ab107c9374: remove    LEADER 4c0227a7-61cb-4c13-bcf3-e9ab107c9374@group-7C37095D5FCF:t1, leader=4c0227a7-61cb-4c13-bcf3-e9ab107c9374, voted=4c0227a7-61cb-4c13-bcf3-e9ab107c9374, raftlog=4c0227a7-61cb-4c13-bcf3-e9ab107c9374@group-7C37095D5FCF-SegmentedRaftLog:OPENED:c0,f0,i0, conf=0: [4c0227a7-61cb-4c13-bcf3-e9ab107c9374:192.168.34.25:39301], old=null RUNNING
2019-11-14 00:39:41,561 [grpc-default-executor-0] INFO  impl.RaftServerImpl (RaftServerImpl.java:lambda$shutdown$3(250)) - 4c0227a7-61cb-4c13-bcf3-e9ab107c9374@group-7C37095D5FCF: shutdown
2019-11-14 00:39:41,561 [grpc-default-executor-0] INFO  util.JmxRegister (JmxRegister.java:unregister(73)) - Successfully un-registered JMX Bean with object name Ratis:service=RaftServer,group=group-7C37095D5FCF,id=4c0227a7-61cb-4c13-bcf3-e9ab107c9374
2019-11-14 00:39:41,561 [grpc-default-executor-0] INFO  impl.RoleInfo (RoleInfo.java:shutdownLeaderState(104)) - 4c0227a7-61cb-4c13-bcf3-e9ab107c9374: shutdown LeaderState
2019-11-14 00:39:41,561 [grpc-default-executor-0] INFO  impl.PendingRequests (PendingRequests.java:sendNotLeaderResponses(206)) - 4c0227a7-61cb-4c13-bcf3-e9ab107c9374@group-7C37095D5FCF-PendingRequests: sendNotLeaderResponses
2019-11-14 00:39:41,561 [grpc-default-executor-0] INFO  impl.StateMachineUpdater (StateMachineUpdater.java:stopAndJoin(136)) - 4c0227a7-61cb-4c13-bcf3-e9ab107c9374@group-7C37095D5FCF-StateMachineUpdater: set stopIndex = 0
2019-11-14 00:39:41,562 [grpc-default-executor-0] INFO  impl.RaftServerImpl (ServerState.java:close(387)) - 4c0227a7-61cb-4c13-bcf3-e9ab107c9374@group-7C37095D5FCF: closes. applyIndex: 0
2019-11-14 00:39:41,562 [4c0227a7-61cb-4c13-bcf3-e9ab107c9374@group-7C37095D5FCF-SegmentedRaftLogWorker] INFO  segmented.SegmentedRaftLogWorker (SegmentedRaftLogWorker.java:run(316)) - 4c0227a7-61cb-4c13-bcf3-e9ab107c9374@group-7C37095D5FCF-SegmentedRaftLogWorker was interrupted, exiting. There are 0 tasks remaining in the queue.
2019-11-14 00:39:41,562 [grpc-default-executor-0] INFO  segmented.SegmentedRaftLogWorker (SegmentedRaftLogWorker.java:close(224)) - 4c0227a7-61cb-4c13-bcf3-e9ab107c9374@group-7C37095D5FCF-SegmentedRaftLogWorker close()
2019-11-14 00:39:41,572 [Thread-3916] INFO  pipeline.PipelineStateManager (PipelineStateManager.java:removePipeline(106)) - Pipeline Pipeline[ Id: 2111cd01-ea50-470f-a768-7c37095d5fcf, Nodes: 4c0227a7-61cb-4c13-bcf3-e9ab107c9374{ip: 192.168.34.25, host: pr-hdds-2474-ghsjm-2904119463, networkLocation: /rack1, certSerialId: null}, Type:RATIS, Factor:ONE, State:CLOSED] removed from db
2019-11-14 00:39:41,575 [Thread-3916] INFO  pipeline.SCMPipelineManager (SCMPipelineManager.java:finalizeAndDestroyPipeline(315)) - destroying pipeline:Pipeline[ Id: d4b3e8fa-7b00-4048-a977-bc2d59e4f2dc, Nodes: 91297bf6-d797-4b12-9aab-de0c4610252f{ip: 192.168.34.25, host: pr-hdds-2474-ghsjm-2904119463, networkLocation: /rack1, certSerialId: null}cd0a212a-ef86-44b1-8f77-22d0bd8fbd35{ip: 192.168.34.25, host: pr-hdds-2474-ghsjm-2904119463, networkLocation: /rack1, certSerialId: null}f3a6f38f-08d4-4a6a-b30b-ec54e2e520c3{ip: 192.168.34.25, host: pr-hdds-2474-ghsjm-2904119463, networkLocation: /rack1, certSerialId: null}, Type:RATIS, Factor:THREE, State:OPEN]
2019-11-14 00:39:41,578 [grpc-default-executor-0] INFO  impl.RaftServerProxy (RaftServerProxy.java:addNew(89)) - 4c0227a7-61cb-4c13-bcf3-e9ab107c9374: addNew group-5CD507DE2608:[4c0227a7-61cb-4c13-bcf3-e9ab107c9374:192.168.34.25:39301] returns group-5CD507DE2608:java.util.concurrent.CompletableFuture@72c4e233[Not completed]
2019-11-14 00:39:41,579 [pool-510-thread-1] INFO  impl.RaftServerImpl (RaftServerImpl.java:<init>(98)) - 4c0227a7-61cb-4c13-bcf3-e9ab107c9374: new RaftServerImpl for group-5CD507DE2608:[4c0227a7-61cb-4c13-bcf3-e9ab107c9374:192.168.34.25:39301] with ContainerStateMachine:uninitialized
2019-11-14 00:39:41,579 [pool-510-thread-1] INFO  server.RaftServerConfigKeys (ConfUtils.java:logGet(43)) - raft.server.rpc.timeout.min = 1s (custom)
2019-11-14 00:39:41,579 [pool-510-thread-1] INFO  server.RaftServerConfigKeys (ConfUtils.java:logGet(43)) - raft.server.rpc.timeout.max = 1200ms (custom)
2019-11-14 00:39:41,579 [pool-510-thread-1] INFO  server.RaftServerConfigKeys (ConfUtils.java:logGet(43)) - raft.server.rpcslowness.timeout = 120s (custom)
2019-11-14 00:39:41,579 [pool-510-thread-1] INFO  server.RaftServerConfigKeys (ConfUtils.java:logGet(43)) - raft.server.sleep.deviation.threshold = 300 (default)
2019-11-14 00:39:41,579 [pool-510-thread-1] INFO  server.RaftServerConfigKeys (ConfUtils.java:logGet(43)) - raft.server.log.appender.install.snapshot.enabled = false (custom)
2019-11-14 00:39:41,579 [pool-510-thread-1] INFO  impl.RaftServerImpl (ServerState.java:<init>(103)) - 4c0227a7-61cb-4c13-bcf3-e9ab107c9374@group-5CD507DE2608: ConfigurationManager, init=-1: [4c0227a7-61cb-4c13-bcf3-e9ab107c9374:192.168.34.25:39301], old=null, confs=<EMPTY_MAP>
2019-11-14 00:39:41,579 [pool-510-thread-1] INFO  server.RaftServerConfigKeys (ConfUtils.java:logGet(43)) - raft.server.storage.dir = [/workdir/hadoop-ozone/integration-test/target/test-dir/MiniOzoneClusterImpl-f0c02ddf-6665-4004-91fc-64de6051483a/datanode-0/data/ratis] (custom)
2019-11-14 00:39:41,583 [pool-510-thread-1] INFO  server.RaftServerConfigKeys (ConfUtils.java:logGet(43)) - raft.server.log.corruption.policy = EXCEPTION (default)
2019-11-14 00:39:41,583 [pool-510-thread-1] INFO  storage.RaftStorageDirectory (RaftStorageDirectory.java:analyzeStorage(246)) - The storage directory /workdir/hadoop-ozone/integration-test/target/test-dir/MiniOzoneClusterImpl-f0c02ddf-6665-4004-91fc-64de6051483a/datanode-0/data/ratis/d3d496ed-b5c5-4e57-b7a5-5cd507de2608 does not exist. Creating ...
2019-11-14 00:39:41,586 [pool-510-thread-1] INFO  storage.RaftStorageDirectory (RaftStorageDirectory.java:tryLock(328)) - Lock on /workdir/hadoop-ozone/integration-test/target/test-dir/MiniOzoneClusterImpl-f0c02ddf-6665-4004-91fc-64de6051483a/datanode-0/data/ratis/d3d496ed-b5c5-4e57-b7a5-5cd507de2608/in_use.lock acquired by nodename 12001@pr-hdds-2474-ghsjm-2904119463
2019-11-14 00:39:41,599 [pool-510-thread-1] INFO  storage.RaftStorage (RaftStorage.java:format(84)) - Storage directory /workdir/hadoop-ozone/integration-test/target/test-dir/MiniOzoneClusterImpl-f0c02ddf-6665-4004-91fc-64de6051483a/datanode-0/data/ratis/d3d496ed-b5c5-4e57-b7a5-5cd507de2608 has been successfully formatted.
2019-11-14 00:39:41,600 [pool-510-thread-1] INFO  ratis.ContainerStateMachine (ContainerStateMachine.java:loadSnapshot(223)) - group-5CD507DE2608: The snapshot info is null. Setting the last applied indexto:(t:0, i:~)
2019-11-14 00:39:41,600 [pool-510-thread-1] INFO  server.RaftServerConfigKeys (ConfUtils.java:logGet(43)) - raft.server.notification.no-leader.timeout = 120s (custom)
2019-11-14 00:39:41,600 [pool-510-thread-1] INFO  server.RaftServerConfigKeys (ConfUtils.java:logGet(43)) - raft.server.log.use.memory = false (default)
2019-11-14 00:39:41,600 [pool-510-thread-1] INFO  server.RaftServerConfigKeys (ConfUtils.java:logGet(43)) - raft.server.log.purge.gap = 1000000 (custom)
2019-11-14 00:39:41,600 [pool-510-thread-1] INFO  server.RaftServerConfigKeys (ConfUtils.java:logGet(43)) - raft.server.log.appender.buffer.byte-limit = 33554432 (custom)
2019-11-14 00:39:41,600 [pool-510-thread-1] INFO  server.RaftServerConfigKeys (ConfUtils.java:logGet(43)) - raft.server.log.segment.size.max = 1048576 (custom)
2019-11-14 00:39:41,600 [pool-510-thread-1] INFO  server.RaftServerConfigKeys (ConfUtils.java:logGet(43)) - raft.server.log.segment.cache.num.max = 2 (custom)
2019-11-14 00:39:41,600 [pool-510-thread-1] INFO  segmented.SegmentedRaftLogWorker (SegmentedRaftLogWorker.java:<init>(173)) - new 4c0227a7-61cb-4c13-bcf3-e9ab107c9374@group-5CD507DE2608-SegmentedRaftLogWorker for RaftStorage:Storage Directory /workdir/hadoop-ozone/integration-test/target/test-dir/MiniOzoneClusterImpl-f0c02ddf-6665-4004-91fc-64de6051483a/datanode-0/data/ratis/d3d496ed-b5c5-4e57-b7a5-5cd507de2608
2019-11-14 00:39:41,600 [pool-510-thread-1] INFO  server.RaftServerConfigKeys (ConfUtils.java:logGet(43)) - raft.server.log.queue.byte-limit = 2147483647 (custom)
2019-11-14 00:39:41,601 [pool-510-thread-1] INFO  server.RaftServerConfigKeys (ConfUtils.java:logGet(43)) - raft.server.log.queue.element-limit = 1024 (custom)
2019-11-14 00:39:41,601 [pool-510-thread-1] INFO  server.RaftServerConfigKeys (ConfUtils.java:logGet(43)) - raft.server.log.segment.size.max = 1048576 (custom)
2019-11-14 00:39:41,601 [pool-510-thread-1] INFO  server.RaftServerConfigKeys (ConfUtils.java:logGet(43)) - raft.server.log.preallocated.size = 16384 (custom)
2019-11-14 00:39:41,601 [pool-510-thread-1] INFO  server.RaftServerConfigKeys (ConfUtils.java:logGet(43)) - raft.server.log.write.buffer.size = 33554432 (custom)
2019-11-14 00:39:41,601 [pool-510-thread-1] INFO  server.RaftServerConfigKeys (ConfUtils.java:logGet(43)) - raft.server.log.force.sync.num = 128 (default)
2019-11-14 00:39:41,601 [pool-510-thread-1] INFO  server.RaftServerConfigKeys (ConfUtils.java:logGet(43)) - raft.server.log.statemachine.data.sync = true (default)
2019-11-14 00:39:41,601 [pool-510-thread-1] INFO  server.RaftServerConfigKeys (ConfUtils.java:logGet(43)) - raft.server.log.statemachine.data.sync.timeout = 10s (default)
2019-11-14 00:39:41,601 [pool-510-thread-1] INFO  server.RaftServerConfigKeys (ConfUtils.java:logGet(43)) - raft.server.log.statemachine.data.sync.timeout.retry = -1 (default)
2019-11-14 00:39:41,601 [pool-510-thread-1] INFO  server.RaftServerConfigKeys (ConfUtils.java:logGet(43)) - raft.server.log.statemachine.data.caching.enabled = true (custom)
2019-11-14 00:39:41,602 [pool-510-thread-1] INFO  segmented.SegmentedRaftLogWorker (SegmentedRaftLogWorker.java:lambda$new$0(128)) - 4c0227a7-61cb-4c13-bcf3-e9ab107c9374@group-5CD507DE2608-SegmentedRaftLogWorker: flushIndex: setUnconditionally 0 -> -1
2019-11-14 00:39:41,602 [pool-510-thread-1] INFO  server.RaftServerConfigKeys (ConfUtils.java:logGet(43)) - raft.server.snapshot.auto.trigger.enabled = true (custom)
2019-11-14 00:39:41,602 [pool-510-thread-1] INFO  server.RaftServerConfigKeys (ConfUtils.java:logGet(43)) - raft.server.snapshot.auto.trigger.threshold = 10000 (custom)
2019-11-14 00:39:41,602 [pool-510-thread-1] INFO  server.RaftServerConfigKeys (ConfUtils.java:logGet(43)) - raft.server.snapshot.retention.file.num = 5 (custom)
2019-11-14 00:39:41,602 [pool-510-thread-1] INFO  server.RaftServerConfigKeys (ConfUtils.java:logGet(43)) - raft.server.retrycache.expirytime = 600000ms (custom)
2019-11-14 00:39:41,602 [pool-510-thread-1] WARN  impl.MetricRegistriesImpl (MetricRegistriesImpl.java:lambda$create$1(61)) - First MetricRegistry has been created without registering reporters. You may need to call MetricRegistries.global().addReportRegistration(...) before.
2019-11-14 00:39:41,602 [pool-510-thread-1] WARN  impl.MetricRegistriesImpl (MetricRegistriesImpl.java:lambda$create$1(61)) - First MetricRegistry has been created without registering reporters. You may need to call MetricRegistries.global().addReportRegistration(...) before.
2019-11-14 00:39:41,602 [pool-510-thread-1] INFO  impl.RaftServerImpl (RaftServerImpl.java:start(184)) - 4c0227a7-61cb-4c13-bcf3-e9ab107c9374@group-5CD507DE2608: start as a follower, conf=-1: [4c0227a7-61cb-4c13-bcf3-e9ab107c9374:192.168.34.25:39301], old=null
2019-11-14 00:39:41,602 [pool-510-thread-1] INFO  impl.RaftServerImpl (RaftServerImpl.java:setRole(173)) - 4c0227a7-61cb-4c13-bcf3-e9ab107c9374@group-5CD507DE2608: changes role from      null to FOLLOWER at term 0 for startAsFollower
2019-11-14 00:39:41,603 [pool-510-thread-1] INFO  impl.RoleInfo (RoleInfo.java:updateAndGet(143)) - 4c0227a7-61cb-4c13-bcf3-e9ab107c9374: start FollowerState
2019-11-14 00:39:41,611 [pool-510-thread-1] INFO  util.JmxRegister (JmxRegister.java:tryRegister(44)) - Successfully registered JMX Bean with object name Ratis:service=RaftServer,group=group-5CD507DE2608,id=4c0227a7-61cb-4c13-bcf3-e9ab107c9374
2019-11-14 00:39:41,611 [pool-510-thread-1] WARN  impl.MetricRegistriesImpl (MetricRegistriesImpl.java:lambda$create$1(61)) - First MetricRegistry has been created without registering reporters. You may need to call MetricRegistries.global().addReportRegistration(...) before.
2019-11-14 00:39:41,620 [RatisPipelineUtilsThread] INFO  pipeline.PipelineStateManager (PipelineStateManager.java:addPipeline(55)) - Created pipeline Pipeline[ Id: d3d496ed-b5c5-4e57-b7a5-5cd507de2608, Nodes: 4c0227a7-61cb-4c13-bcf3-e9ab107c9374{ip: 192.168.34.25, host: pr-hdds-2474-ghsjm-2904119463, networkLocation: /rack1, certSerialId: null}, Type:RATIS, Factor:ONE, State:ALLOCATED]
2019-11-14 00:39:41,620 [Thread-3916] INFO  pipeline.PipelineStateManager (PipelineStateManager.java:finalizePipeline(121)) - Pipeline Pipeline[ Id: d4b3e8fa-7b00-4048-a977-bc2d59e4f2dc, Nodes: 91297bf6-d797-4b12-9aab-de0c4610252f{ip: 192.168.34.25, host: pr-hdds-2474-ghsjm-2904119463, networkLocation: /rack1, certSerialId: null}cd0a212a-ef86-44b1-8f77-22d0bd8fbd35{ip: 192.168.34.25, host: pr-hdds-2474-ghsjm-2904119463, networkLocation: /rack1, certSerialId: null}f3a6f38f-08d4-4a6a-b30b-ec54e2e520c3{ip: 192.168.34.25, host: pr-hdds-2474-ghsjm-2904119463, networkLocation: /rack1, certSerialId: null}, Type:RATIS, Factor:THREE, State:CLOSED] moved to CLOSED state
2019-11-14 00:39:41,621 [EventQueue-CloseContainerForCloseContainerEventHandler] INFO  container.CloseContainerEventHandler (CloseContainerEventHandler.java:onMessage(61)) - Close container Event triggered for container : #1
2019-11-14 00:39:41,623 [grpc-default-executor-0] INFO  impl.RaftServerProxy (RaftServerProxy.java:remove(95)) - 91297bf6-d797-4b12-9aab-de0c4610252f: remove  FOLLOWER 91297bf6-d797-4b12-9aab-de0c4610252f@group-BC2D59E4F2DC:t1, leader=cd0a212a-ef86-44b1-8f77-22d0bd8fbd35, voted=cd0a212a-ef86-44b1-8f77-22d0bd8fbd35, raftlog=91297bf6-d797-4b12-9aab-de0c4610252f@group-BC2D59E4F2DC-SegmentedRaftLog:OPENED:c0,f0,i2, conf=0: [cd0a212a-ef86-44b1-8f77-22d0bd8fbd35:192.168.34.25:38897, 91297bf6-d797-4b12-9aab-de0c4610252f:192.168.34.25:35231, f3a6f38f-08d4-4a6a-b30b-ec54e2e520c3:192.168.34.25:38828], old=null RUNNING
2019-11-14 00:39:41,623 [grpc-default-executor-0] INFO  impl.RaftServerImpl (RaftServerImpl.java:lambda$shutdown$3(250)) - 91297bf6-d797-4b12-9aab-de0c4610252f@group-BC2D59E4F2DC: shutdown
2019-11-14 00:39:41,624 [grpc-default-executor-0] INFO  util.JmxRegister (JmxRegister.java:unregister(73)) - Successfully un-registered JMX Bean with object name Ratis:service=RaftServer,group=group-BC2D59E4F2DC,id=91297bf6-d797-4b12-9aab-de0c4610252f
2019-11-14 00:39:41,624 [grpc-default-executor-0] INFO  impl.RoleInfo (RoleInfo.java:shutdownFollowerState(121)) - 91297bf6-d797-4b12-9aab-de0c4610252f: shutdown FollowerState
2019-11-14 00:39:41,624 [grpc-default-executor-0] INFO  impl.StateMachineUpdater (StateMachineUpdater.java:stopAndJoin(136)) - 91297bf6-d797-4b12-9aab-de0c4610252f@group-BC2D59E4F2DC-StateMachineUpdater: set stopIndex = 0
2019-11-14 00:39:41,624 [Thread-4024] INFO  impl.FollowerState (FollowerState.java:run(120)) - 91297bf6-d797-4b12-9aab-de0c4610252f@group-BC2D59E4F2DC-FollowerState was interrupted: java.lang.InterruptedException: sleep interrupted
2019-11-14 00:39:41,624 [grpc-default-executor-0] INFO  impl.RaftServerImpl (ServerState.java:close(387)) - 91297bf6-d797-4b12-9aab-de0c4610252f@group-BC2D59E4F2DC: closes. applyIndex: 0
2019-11-14 00:39:41,625 [91297bf6-d797-4b12-9aab-de0c4610252f@group-BC2D59E4F2DC-SegmentedRaftLogWorker] INFO  segmented.SegmentedRaftLogWorker (SegmentedRaftLogWorker.java:run(316)) - 91297bf6-d797-4b12-9aab-de0c4610252f@group-BC2D59E4F2DC-SegmentedRaftLogWorker was interrupted, exiting. There are 0 tasks remaining in the queue.
2019-11-14 00:39:41,625 [grpc-default-executor-0] INFO  segmented.SegmentedRaftLogWorker (SegmentedRaftLogWorker.java:close(224)) - 91297bf6-d797-4b12-9aab-de0c4610252f@group-BC2D59E4F2DC-SegmentedRaftLogWorker close()
2019-11-14 00:39:41,750 [grpc-default-executor-0] INFO  interfaces.Container (KeyValueContainer.java:flushAndSyncDB(400)) - Container 1 is synced with bcsId 0.
2019-11-14 00:39:41,750 [grpc-default-executor-0] INFO  interfaces.Container (KeyValueContainer.java:flushAndSyncDB(400)) - Container 1 is synced with bcsId 0.
2019-11-14 00:39:41,761 [EventQueue-IncrementalContainerReportForIncrementalContainerReportHandler] INFO  container.IncrementalContainerReportHandler (AbstractContainerReportHandler.java:updateContainerState(171)) - Moving container #1 to QUASI_CLOSED state, datanode 91297bf6-d797-4b12-9aab-de0c4610252f{ip: 192.168.34.25, host: pr-hdds-2474-ghsjm-2904119463, networkLocation: /rack1, certSerialId: null} reported QUASI_CLOSED replica.
2019-11-14 00:39:41,765 [grpc-default-executor-0] INFO  impl.RaftServerProxy (RaftServerProxy.java:remove(95)) - cd0a212a-ef86-44b1-8f77-22d0bd8fbd35: remove    LEADER cd0a212a-ef86-44b1-8f77-22d0bd8fbd35@group-BC2D59E4F2DC:t1, leader=cd0a212a-ef86-44b1-8f77-22d0bd8fbd35, voted=cd0a212a-ef86-44b1-8f77-22d0bd8fbd35, raftlog=cd0a212a-ef86-44b1-8f77-22d0bd8fbd35@group-BC2D59E4F2DC-SegmentedRaftLog:OPENED:c4,f4,i4, conf=0: [cd0a212a-ef86-44b1-8f77-22d0bd8fbd35:192.168.34.25:38897, 91297bf6-d797-4b12-9aab-de0c4610252f:192.168.34.25:35231, f3a6f38f-08d4-4a6a-b30b-ec54e2e520c3:192.168.34.25:38828], old=null RUNNING
2019-11-14 00:39:41,765 [grpc-default-executor-0] INFO  impl.RaftServerImpl (RaftServerImpl.java:lambda$shutdown$3(250)) - cd0a212a-ef86-44b1-8f77-22d0bd8fbd35@group-BC2D59E4F2DC: shutdown
2019-11-14 00:39:41,765 [grpc-default-executor-0] INFO  util.JmxRegister (JmxRegister.java:unregister(73)) - Successfully un-registered JMX Bean with object name Ratis:service=RaftServer,group=group-BC2D59E4F2DC,id=cd0a212a-ef86-44b1-8f77-22d0bd8fbd35
2019-11-14 00:39:41,765 [grpc-default-executor-0] INFO  impl.RoleInfo (RoleInfo.java:shutdownLeaderState(104)) - cd0a212a-ef86-44b1-8f77-22d0bd8fbd35: shutdown LeaderState
2019-11-14 00:39:41,769 [grpc-default-executor-0] INFO  impl.PendingRequests (PendingRequests.java:sendNotLeaderResponses(206)) - cd0a212a-ef86-44b1-8f77-22d0bd8fbd35@group-BC2D59E4F2DC-PendingRequests: sendNotLeaderResponses
2019-11-14 00:39:41,769 [org.apache.ratis.server.impl.LogAppender$AppenderDaemon$$Lambda$478/1809456900@21699d71] WARN  server.GrpcLogAppender (GrpcLogAppender.java:mayWait(151)) - cd0a212a-ef86-44b1-8f77-22d0bd8fbd35@group-BC2D59E4F2DC->f3a6f38f-08d4-4a6a-b30b-ec54e2e520c3-GrpcLogAppender: Wait interrupted by java.lang.InterruptedException
2019-11-14 00:39:41,769 [org.apache.ratis.server.impl.LogAppender$AppenderDaemon$$Lambda$478/1809456900@646b0f98] WARN  server.GrpcLogAppender (GrpcLogAppender.java:mayWait(151)) - cd0a212a-ef86-44b1-8f77-22d0bd8fbd35@group-BC2D59E4F2DC->91297bf6-d797-4b12-9aab-de0c4610252f-GrpcLogAppender: Wait interrupted by java.lang.InterruptedException
2019-11-14 00:39:41,780 [grpc-default-executor-0] INFO  impl.StateMachineUpdater (StateMachineUpdater.java:stopAndJoin(136)) - cd0a212a-ef86-44b1-8f77-22d0bd8fbd35@group-BC2D59E4F2DC-StateMachineUpdater: set stopIndex = 4
2019-11-14 00:39:41,780 [cd0a212a-ef86-44b1-8f77-22d0bd8fbd35@group-BC2D59E4F2DC-StateMachineUpdater] INFO  ratis.ContainerStateMachine (ContainerStateMachine.java:takeSnapshot(285)) - group-BC2D59E4F2DC: Taking a snapshot at:(t:1, i:4) file /workdir/hadoop-ozone/integration-test/target/test-dir/MiniOzoneClusterImpl-f0c02ddf-6665-4004-91fc-64de6051483a/datanode-8/data/ratis/d4b3e8fa-7b00-4048-a977-bc2d59e4f2dc/sm/snapshot.1_4
2019-11-14 00:39:41,780 [grpc-default-executor-5] INFO  server.GrpcServerProtocolService (GrpcServerProtocolService.java:onCompleted(113)) - f3a6f38f-08d4-4a6a-b30b-ec54e2e520c3: Completed APPEND_ENTRIES, lastRequest: cd0a212a-ef86-44b1-8f77-22d0bd8fbd35->f3a6f38f-08d4-4a6a-b30b-ec54e2e520c3#6-t1, previous=(t:1, i:3), leaderCommit=2, initializing? false, entries: size=1, first=(t:1, i:4), METADATAENTRY(c2)
2019-11-14 00:39:41,780 [grpc-default-executor-7] INFO  server.GrpcServerProtocolService (GrpcServerProtocolService.java:onCompleted(113)) - 91297bf6-d797-4b12-9aab-de0c4610252f: Completed APPEND_ENTRIES, lastRequest: cd0a212a-ef86-44b1-8f77-22d0bd8fbd35->91297bf6-d797-4b12-9aab-de0c4610252f#6-t1, previous=(t:1, i:3), leaderCommit=2, initializing? false, entries: size=1, first=(t:1, i:4), METADATAENTRY(c2)
2019-11-14 00:39:41,781 [grpc-default-executor-5] INFO  server.GrpcLogAppender (GrpcLogAppender.java:onCompleted(308)) - cd0a212a-ef86-44b1-8f77-22d0bd8fbd35@group-BC2D59E4F2DC->f3a6f38f-08d4-4a6a-b30b-ec54e2e520c3-AppendLogResponseHandler: follower responses appendEntries COMPLETED
2019-11-14 00:39:41,781 [grpc-default-executor-7] INFO  server.GrpcLogAppender (GrpcLogAppender.java:onCompleted(308)) - cd0a212a-ef86-44b1-8f77-22d0bd8fbd35@group-BC2D59E4F2DC->91297bf6-d797-4b12-9aab-de0c4610252f-AppendLogResponseHandler: follower responses appendEntries COMPLETED
2019-11-14 00:39:41,781 [Thread-4070] INFO  client.GrpcClientProtocolService (GrpcClientProtocolService.java:lambda$processClientRequest$0(279)) - Failed RaftClientRequest:client-8C0BFD77767E->cd0a212a-ef86-44b1-8f77-22d0bd8fbd35@group-BC2D59E4F2DC, cid=263, seq=0, Watch-ALL_COMMITTED(2), Message:<EMPTY>, reply=RaftClientReply:client-8C0BFD77767E->cd0a212a-ef86-44b1-8f77-22d0bd8fbd35@group-BC2D59E4F2DC, cid=263, FAILED org.apache.ratis.protocol.NotLeaderException: Server cd0a212a-ef86-44b1-8f77-22d0bd8fbd35@group-BC2D59E4F2DC is not the leader, logIndex=0, commits[cd0a212a-ef86-44b1-8f77-22d0bd8fbd35:c4]
2019-11-14 00:39:41,783 [grpc-default-executor-5] INFO  impl.FollowerInfo (FollowerInfo.java:lambda$new$0(51)) - cd0a212a-ef86-44b1-8f77-22d0bd8fbd35@group-BC2D59E4F2DC->f3a6f38f-08d4-4a6a-b30b-ec54e2e520c3: nextIndex: updateUnconditionally 5 -> 4
2019-11-14 00:39:41,783 [grpc-default-executor-7] INFO  impl.FollowerInfo (FollowerInfo.java:lambda$new$0(51)) - cd0a212a-ef86-44b1-8f77-22d0bd8fbd35@group-BC2D59E4F2DC->91297bf6-d797-4b12-9aab-de0c4610252f: nextIndex: updateUnconditionally 5 -> 3
2019-11-14 00:39:41,788 [cd0a212a-ef86-44b1-8f77-22d0bd8fbd35@group-BC2D59E4F2DC-StateMachineUpdater] INFO  ratis.ContainerStateMachine (ContainerStateMachine.java:takeSnapshot(296)) - group-BC2D59E4F2DC: Finished taking a snapshot at:(t:1, i:4) file:/workdir/hadoop-ozone/integration-test/target/test-dir/MiniOzoneClusterImpl-f0c02ddf-6665-4004-91fc-64de6051483a/datanode-8/data/ratis/d4b3e8fa-7b00-4048-a977-bc2d59e4f2dc/sm/snapshot.1_4 time:8
2019-11-14 00:39:41,788 [cd0a212a-ef86-44b1-8f77-22d0bd8fbd35@group-BC2D59E4F2DC-StateMachineUpdater] INFO  impl.StateMachineUpdater (StateMachineUpdater.java:takeSnapshot(269)) - cd0a212a-ef86-44b1-8f77-22d0bd8fbd35@group-BC2D59E4F2DC-StateMachineUpdater: Took a snapshot at index 4
2019-11-14 00:39:41,788 [cd0a212a-ef86-44b1-8f77-22d0bd8fbd35@group-BC2D59E4F2DC-StateMachineUpdater] INFO  impl.StateMachineUpdater (StateMachineUpdater.java:lambda$new$0(84)) - cd0a212a-ef86-44b1-8f77-22d0bd8fbd35@group-BC2D59E4F2DC-StateMachineUpdater: snapshotIndex: updateIncreasingly -1 -> 4
2019-11-14 00:39:41,789 [grpc-default-executor-0] INFO  impl.RaftServerImpl (ServerState.java:close(387)) - cd0a212a-ef86-44b1-8f77-22d0bd8fbd35@group-BC2D59E4F2DC: closes. applyIndex: 4
2019-11-14 00:39:41,789 [cd0a212a-ef86-44b1-8f77-22d0bd8fbd35@group-BC2D59E4F2DC-SegmentedRaftLogWorker] INFO  segmented.SegmentedRaftLogWorker (SegmentedRaftLogWorker.java:run(316)) - cd0a212a-ef86-44b1-8f77-22d0bd8fbd35@group-BC2D59E4F2DC-SegmentedRaftLogWorker was interrupted, exiting. There are 0 tasks remaining in the queue.
2019-11-14 00:39:41,789 [grpc-default-executor-0] INFO  segmented.SegmentedRaftLogWorker (SegmentedRaftLogWorker.java:close(224)) - cd0a212a-ef86-44b1-8f77-22d0bd8fbd35@group-BC2D59E4F2DC-SegmentedRaftLogWorker close()
2019-11-14 00:39:41,814 [grpc-default-executor-0] INFO  interfaces.Container (KeyValueContainer.java:flushAndSyncDB(400)) - Container 1 is synced with bcsId 2.
2019-11-14 00:39:41,814 [grpc-default-executor-0] INFO  interfaces.Container (KeyValueContainer.java:flushAndSyncDB(400)) - Container 1 is synced with bcsId 2.
2019-11-14 00:39:41,835 [grpc-default-executor-0] INFO  impl.RaftServerProxy (RaftServerProxy.java:remove(95)) - f3a6f38f-08d4-4a6a-b30b-ec54e2e520c3: remove  FOLLOWER f3a6f38f-08d4-4a6a-b30b-ec54e2e520c3@group-BC2D59E4F2DC:t1, leader=cd0a212a-ef86-44b1-8f77-22d0bd8fbd35, voted=cd0a212a-ef86-44b1-8f77-22d0bd8fbd35, raftlog=f3a6f38f-08d4-4a6a-b30b-ec54e2e520c3@group-BC2D59E4F2DC-SegmentedRaftLog:OPENED:c2,f4,i4, conf=0: [cd0a212a-ef86-44b1-8f77-22d0bd8fbd35:192.168.34.25:38897, 91297bf6-d797-4b12-9aab-de0c4610252f:192.168.34.25:35231, f3a6f38f-08d4-4a6a-b30b-ec54e2e520c3:192.168.34.25:38828], old=null RUNNING
2019-11-14 00:39:41,835 [grpc-default-executor-0] INFO  impl.RaftServerImpl (RaftServerImpl.java:lambda$shutdown$3(250)) - f3a6f38f-08d4-4a6a-b30b-ec54e2e520c3@group-BC2D59E4F2DC: shutdown
2019-11-14 00:39:41,835 [grpc-default-executor-0] INFO  util.JmxRegister (JmxRegister.java:unregister(73)) - Successfully un-registered JMX Bean with object name Ratis:service=RaftServer,group=group-BC2D59E4F2DC,id=f3a6f38f-08d4-4a6a-b30b-ec54e2e520c3
2019-11-14 00:39:41,836 [grpc-default-executor-0] INFO  impl.RoleInfo (RoleInfo.java:shutdownFollowerState(121)) - f3a6f38f-08d4-4a6a-b30b-ec54e2e520c3: shutdown FollowerState
2019-11-14 00:39:41,836 [grpc-default-executor-0] INFO  impl.StateMachineUpdater (StateMachineUpdater.java:stopAndJoin(136)) - f3a6f38f-08d4-4a6a-b30b-ec54e2e520c3@group-BC2D59E4F2DC-StateMachineUpdater: set stopIndex = 2
2019-11-14 00:39:41,836 [Thread-4023] INFO  impl.FollowerState (FollowerState.java:run(120)) - f3a6f38f-08d4-4a6a-b30b-ec54e2e520c3@group-BC2D59E4F2DC-FollowerState was interrupted: java.lang.InterruptedException: sleep interrupted
2019-11-14 00:39:41,836 [f3a6f38f-08d4-4a6a-b30b-ec54e2e520c3@group-BC2D59E4F2DC-StateMachineUpdater] INFO  ratis.ContainerStateMachine (ContainerStateMachine.java:takeSnapshot(285)) - group-BC2D59E4F2DC: Taking a snapshot at:(t:1, i:2) file /workdir/hadoop-ozone/integration-test/target/test-dir/MiniOzoneClusterImpl-f0c02ddf-6665-4004-91fc-64de6051483a/datanode-6/data/ratis/d4b3e8fa-7b00-4048-a977-bc2d59e4f2dc/sm/snapshot.1_2
2019-11-14 00:39:41,849 [f3a6f38f-08d4-4a6a-b30b-ec54e2e520c3@group-BC2D59E4F2DC-StateMachineUpdater] INFO  ratis.ContainerStateMachine (ContainerStateMachine.java:takeSnapshot(296)) - group-BC2D59E4F2DC: Finished taking a snapshot at:(t:1, i:2) file:/workdir/hadoop-ozone/integration-test/target/test-dir/MiniOzoneClusterImpl-f0c02ddf-6665-4004-91fc-64de6051483a/datanode-6/data/ratis/d4b3e8fa-7b00-4048-a977-bc2d59e4f2dc/sm/snapshot.1_2 time:13
2019-11-14 00:39:41,849 [f3a6f38f-08d4-4a6a-b30b-ec54e2e520c3@group-BC2D59E4F2DC-StateMachineUpdater] INFO  impl.StateMachineUpdater (StateMachineUpdater.java:takeSnapshot(269)) - f3a6f38f-08d4-4a6a-b30b-ec54e2e520c3@group-BC2D59E4F2DC-StateMachineUpdater: Took a snapshot at index 2
2019-11-14 00:39:41,849 [f3a6f38f-08d4-4a6a-b30b-ec54e2e520c3@group-BC2D59E4F2DC-StateMachineUpdater] INFO  impl.StateMachineUpdater (StateMachineUpdater.java:lambda$new$0(84)) - f3a6f38f-08d4-4a6a-b30b-ec54e2e520c3@group-BC2D59E4F2DC-StateMachineUpdater: snapshotIndex: updateIncreasingly -1 -> 2
2019-11-14 00:39:41,850 [grpc-default-executor-0] INFO  impl.RaftServerImpl (ServerState.java:close(387)) - f3a6f38f-08d4-4a6a-b30b-ec54e2e520c3@group-BC2D59E4F2DC: closes. applyIndex: 2
2019-11-14 00:39:41,850 [f3a6f38f-08d4-4a6a-b30b-ec54e2e520c3@group-BC2D59E4F2DC-SegmentedRaftLogWorker] INFO  segmented.SegmentedRaftLogWorker (SegmentedRaftLogWorker.java:run(316)) - f3a6f38f-08d4-4a6a-b30b-ec54e2e520c3@group-BC2D59E4F2DC-SegmentedRaftLogWorker was interrupted, exiting. There are 0 tasks remaining in the queue.
2019-11-14 00:39:41,850 [grpc-default-executor-0] INFO  segmented.SegmentedRaftLogWorker (SegmentedRaftLogWorker.java:close(224)) - f3a6f38f-08d4-4a6a-b30b-ec54e2e520c3@group-BC2D59E4F2DC-SegmentedRaftLogWorker close()
2019-11-14 00:39:41,889 [grpc-default-executor-0] INFO  interfaces.Container (KeyValueContainer.java:flushAndSyncDB(400)) - Container 1 is synced with bcsId 2.
2019-11-14 00:39:41,889 [grpc-default-executor-0] INFO  interfaces.Container (KeyValueContainer.java:flushAndSyncDB(400)) - Container 1 is synced with bcsId 2.
2019-11-14 00:39:41,904 [Thread-3916] INFO  pipeline.PipelineStateManager (PipelineStateManager.java:removePipeline(106)) - Pipeline Pipeline[ Id: d4b3e8fa-7b00-4048-a977-bc2d59e4f2dc, Nodes: 91297bf6-d797-4b12-9aab-de0c4610252f{ip: 192.168.34.25, host: pr-hdds-2474-ghsjm-2904119463, networkLocation: /rack1, certSerialId: null}cd0a212a-ef86-44b1-8f77-22d0bd8fbd35{ip: 192.168.34.25, host: pr-hdds-2474-ghsjm-2904119463, networkLocation: /rack1, certSerialId: null}f3a6f38f-08d4-4a6a-b30b-ec54e2e520c3{ip: 192.168.34.25, host: pr-hdds-2474-ghsjm-2904119463, networkLocation: /rack1, certSerialId: null}, Type:RATIS, Factor:THREE, State:CLOSED] removed from db
2019-11-14 00:39:41,904 [Thread-3916] INFO  pipeline.SCMPipelineManager (SCMPipelineManager.java:finalizeAndDestroyPipeline(315)) - destroying pipeline:Pipeline[ Id: b6f85c18-85a4-4389-b22e-485940f82aa7, Nodes: 2f70a07d-1e84-46bf-8533-fdd294c919e1{ip: 192.168.34.25, host: pr-hdds-2474-ghsjm-2904119463, networkLocation: /rack1, certSerialId: null}, Type:RATIS, Factor:ONE, State:OPEN]
2019-11-14 00:39:41,907 [grpc-default-executor-0] INFO  impl.RaftServerProxy (RaftServerProxy.java:addNew(89)) - cd0a212a-ef86-44b1-8f77-22d0bd8fbd35: addNew group-4121DB32C757:[cd0a212a-ef86-44b1-8f77-22d0bd8fbd35:192.168.34.25:38897, 91297bf6-d797-4b12-9aab-de0c4610252f:192.168.34.25:35231, f3a6f38f-08d4-4a6a-b30b-ec54e2e520c3:192.168.34.25:38828] returns group-4121DB32C757:java.util.concurrent.CompletableFuture@3ebb3461[Not completed]
2019-11-14 00:39:41,907 [grpc-default-executor-6] INFO  impl.RaftServerProxy (RaftServerProxy.java:addNew(89)) - f3a6f38f-08d4-4a6a-b30b-ec54e2e520c3: addNew group-4121DB32C757:[cd0a212a-ef86-44b1-8f77-22d0bd8fbd35:192.168.34.25:38897, 91297bf6-d797-4b12-9aab-de0c4610252f:192.168.34.25:35231, f3a6f38f-08d4-4a6a-b30b-ec54e2e520c3:192.168.34.25:38828] returns group-4121DB32C757:java.util.concurrent.CompletableFuture@2f5160ca[Not completed]
2019-11-14 00:39:41,907 [grpc-default-executor-7] INFO  impl.RaftServerProxy (RaftServerProxy.java:addNew(89)) - 91297bf6-d797-4b12-9aab-de0c4610252f: addNew group-4121DB32C757:[cd0a212a-ef86-44b1-8f77-22d0bd8fbd35:192.168.34.25:38897, 91297bf6-d797-4b12-9aab-de0c4610252f:192.168.34.25:35231, f3a6f38f-08d4-4a6a-b30b-ec54e2e520c3:192.168.34.25:38828] returns group-4121DB32C757:java.util.concurrent.CompletableFuture@735d98b4[Not completed]
2019-11-14 00:39:41,908 [pool-590-thread-1] INFO  impl.RaftServerImpl (RaftServerImpl.java:<init>(98)) - cd0a212a-ef86-44b1-8f77-22d0bd8fbd35: new RaftServerImpl for group-4121DB32C757:[cd0a212a-ef86-44b1-8f77-22d0bd8fbd35:192.168.34.25:38897, 91297bf6-d797-4b12-9aab-de0c4610252f:192.168.34.25:35231, f3a6f38f-08d4-4a6a-b30b-ec54e2e520c3:192.168.34.25:38828] with ContainerStateMachine:uninitialized
2019-11-14 00:39:41,908 [pool-590-thread-1] INFO  server.RaftServerConfigKeys (ConfUtils.java:logGet(43)) - raft.server.rpc.timeout.min = 1s (custom)
2019-11-14 00:39:41,908 [pool-590-thread-1] INFO  server.RaftServerConfigKeys (ConfUtils.java:logGet(43)) - raft.server.rpc.timeout.max = 1200ms (custom)
2019-11-14 00:39:41,908 [pool-590-thread-1] INFO  server.RaftServerConfigKeys (ConfUtils.java:logGet(43)) - raft.server.rpcslowness.timeout = 120s (custom)
2019-11-14 00:39:41,908 [pool-590-thread-1] INFO  server.RaftServerConfigKeys (ConfUtils.java:logGet(43)) - raft.server.sleep.deviation.threshold = 300 (default)
2019-11-14 00:39:41,908 [pool-590-thread-1] INFO  server.RaftServerConfigKeys (ConfUtils.java:logGet(43)) - raft.server.log.appender.install.snapshot.enabled = false (custom)
2019-11-14 00:39:41,908 [pool-590-thread-1] INFO  impl.RaftServerImpl (ServerState.java:<init>(103)) - cd0a212a-ef86-44b1-8f77-22d0bd8fbd35@group-4121DB32C757: ConfigurationManager, init=-1: [cd0a212a-ef86-44b1-8f77-22d0bd8fbd35:192.168.34.25:38897, 91297bf6-d797-4b12-9aab-de0c4610252f:192.168.34.25:35231, f3a6f38f-08d4-4a6a-b30b-ec54e2e520c3:192.168.34.25:38828], old=null, confs=<EMPTY_MAP>
2019-11-14 00:39:41,908 [pool-590-thread-1] INFO  server.RaftServerConfigKeys (ConfUtils.java:logGet(43)) - raft.server.storage.dir = [/workdir/hadoop-ozone/integration-test/target/test-dir/MiniOzoneClusterImpl-f0c02ddf-6665-4004-91fc-64de6051483a/datanode-8/data/ratis] (custom)
2019-11-14 00:39:41,908 [pool-590-thread-1] INFO  server.RaftServerConfigKeys (ConfUtils.java:logGet(43)) - raft.server.log.corruption.policy = EXCEPTION (default)
2019-11-14 00:39:41,909 [pool-570-thread-1] INFO  impl.RaftServerImpl (RaftServerImpl.java:<init>(98)) - f3a6f38f-08d4-4a6a-b30b-ec54e2e520c3: new RaftServerImpl for group-4121DB32C757:[cd0a212a-ef86-44b1-8f77-22d0bd8fbd35:192.168.34.25:38897, 91297bf6-d797-4b12-9aab-de0c4610252f:192.168.34.25:35231, f3a6f38f-08d4-4a6a-b30b-ec54e2e520c3:192.168.34.25:38828] with ContainerStateMachine:uninitialized
2019-11-14 00:39:41,909 [pool-590-thread-1] INFO  storage.RaftStorageDirectory (RaftStorageDirectory.java:analyzeStorage(246)) - The storage directory /workdir/hadoop-ozone/integration-test/target/test-dir/MiniOzoneClusterImpl-f0c02ddf-6665-4004-91fc-64de6051483a/datanode-8/data/ratis/519ba59d-8625-40c1-b9dd-4121db32c757 does not exist. Creating ...
2019-11-14 00:39:41,909 [pool-570-thread-1] INFO  server.RaftServerConfigKeys (ConfUtils.java:logGet(43)) - raft.server.rpc.timeout.min = 1s (custom)
2019-11-14 00:39:41,909 [pool-570-thread-1] INFO  server.RaftServerConfigKeys (ConfUtils.java:logGet(43)) - raft.server.rpc.timeout.max = 1200ms (custom)
2019-11-14 00:39:41,909 [pool-580-thread-1] INFO  impl.RaftServerImpl (RaftServerImpl.java:<init>(98)) - 91297bf6-d797-4b12-9aab-de0c4610252f: new RaftServerImpl for group-4121DB32C757:[cd0a212a-ef86-44b1-8f77-22d0bd8fbd35:192.168.34.25:38897, 91297bf6-d797-4b12-9aab-de0c4610252f:192.168.34.25:35231, f3a6f38f-08d4-4a6a-b30b-ec54e2e520c3:192.168.34.25:38828] with ContainerStateMachine:uninitialized
2019-11-14 00:39:41,909 [pool-570-thread-1] INFO  server.RaftServerConfigKeys (ConfUtils.java:logGet(43)) - raft.server.rpcslowness.timeout = 120s (custom)
2019-11-14 00:39:41,909 [pool-580-thread-1] INFO  server.RaftServerConfigKeys (ConfUtils.java:logGet(43)) - raft.server.rpc.timeout.min = 1s (custom)
2019-11-14 00:39:41,909 [pool-570-thread-1] INFO  server.RaftServerConfigKeys (ConfUtils.java:logGet(43)) - raft.server.sleep.deviation.threshold = 300 (default)
2019-11-14 00:39:41,909 [pool-580-thread-1] INFO  server.RaftServerConfigKeys (ConfUtils.java:logGet(43)) - raft.server.rpc.timeout.max = 1200ms (custom)
2019-11-14 00:39:41,909 [pool-570-thread-1] INFO  server.RaftServerConfigKeys (ConfUtils.java:logGet(43)) - raft.server.log.appender.install.snapshot.enabled = false (custom)
2019-11-14 00:39:41,910 [pool-580-thread-1] INFO  server.RaftServerConfigKeys (ConfUtils.java:logGet(43)) - raft.server.rpcslowness.timeout = 120s (custom)
2019-11-14 00:39:41,910 [pool-570-thread-1] INFO  impl.RaftServerImpl (ServerState.java:<init>(103)) - f3a6f38f-08d4-4a6a-b30b-ec54e2e520c3@group-4121DB32C757: ConfigurationManager, init=-1: [cd0a212a-ef86-44b1-8f77-22d0bd8fbd35:192.168.34.25:38897, 91297bf6-d797-4b12-9aab-de0c4610252f:192.168.34.25:35231, f3a6f38f-08d4-4a6a-b30b-ec54e2e520c3:192.168.34.25:38828], old=null, confs=<EMPTY_MAP>
2019-11-14 00:39:41,910 [pool-580-thread-1] INFO  server.RaftServerConfigKeys (ConfUtils.java:logGet(43)) - raft.server.sleep.deviation.threshold = 300 (default)
2019-11-14 00:39:41,910 [pool-570-thread-1] INFO  server.RaftServerConfigKeys (ConfUtils.java:logGet(43)) - raft.server.storage.dir = [/workdir/hadoop-ozone/integration-test/target/test-dir/MiniOzoneClusterImpl-f0c02ddf-6665-4004-91fc-64de6051483a/datanode-6/data/ratis] (custom)
2019-11-14 00:39:41,910 [pool-580-thread-1] INFO  server.RaftServerConfigKeys (ConfUtils.java:logGet(43)) - raft.server.log.appender.install.snapshot.enabled = false (custom)
2019-11-14 00:39:41,910 [pool-580-thread-1] INFO  impl.RaftServerImpl (ServerState.java:<init>(103)) - 91297bf6-d797-4b12-9aab-de0c4610252f@group-4121DB32C757: ConfigurationManager, init=-1: [cd0a212a-ef86-44b1-8f77-22d0bd8fbd35:192.168.34.25:38897, 91297bf6-d797-4b12-9aab-de0c4610252f:192.168.34.25:35231, f3a6f38f-08d4-4a6a-b30b-ec54e2e520c3:192.168.34.25:38828], old=null, confs=<EMPTY_MAP>
2019-11-14 00:39:41,910 [pool-570-thread-1] INFO  server.RaftServerConfigKeys (ConfUtils.java:logGet(43)) - raft.server.log.corruption.policy = EXCEPTION (default)
2019-11-14 00:39:41,910 [pool-580-thread-1] INFO  server.RaftServerConfigKeys (ConfUtils.java:logGet(43)) - raft.server.storage.dir = [/workdir/hadoop-ozone/integration-test/target/test-dir/MiniOzoneClusterImpl-f0c02ddf-6665-4004-91fc-64de6051483a/datanode-7/data/ratis] (custom)
2019-11-14 00:39:41,911 [pool-570-thread-1] INFO  storage.RaftStorageDirectory (RaftStorageDirectory.java:analyzeStorage(246)) - The storage directory /workdir/hadoop-ozone/integration-test/target/test-dir/MiniOzoneClusterImpl-f0c02ddf-6665-4004-91fc-64de6051483a/datanode-6/data/ratis/519ba59d-8625-40c1-b9dd-4121db32c757 does not exist. Creating ...
2019-11-14 00:39:41,911 [pool-580-thread-1] INFO  server.RaftServerConfigKeys (ConfUtils.java:logGet(43)) - raft.server.log.corruption.policy = EXCEPTION (default)
2019-11-14 00:39:41,911 [pool-580-thread-1] INFO  storage.RaftStorageDirectory (RaftStorageDirectory.java:analyzeStorage(246)) - The storage directory /workdir/hadoop-ozone/integration-test/target/test-dir/MiniOzoneClusterImpl-f0c02ddf-6665-4004-91fc-64de6051483a/datanode-7/data/ratis/519ba59d-8625-40c1-b9dd-4121db32c757 does not exist. Creating ...
2019-11-14 00:39:41,923 [pool-580-thread-1] INFO  storage.RaftStorageDirectory (RaftStorageDirectory.java:tryLock(328)) - Lock on /workdir/hadoop-ozone/integration-test/target/test-dir/MiniOzoneClusterImpl-f0c02ddf-6665-4004-91fc-64de6051483a/datanode-7/data/ratis/519ba59d-8625-40c1-b9dd-4121db32c757/in_use.lock acquired by nodename 12001@pr-hdds-2474-ghsjm-2904119463
2019-11-14 00:39:41,923 [pool-570-thread-1] INFO  storage.RaftStorageDirectory (RaftStorageDirectory.java:tryLock(328)) - Lock on /workdir/hadoop-ozone/integration-test/target/test-dir/MiniOzoneClusterImpl-f0c02ddf-6665-4004-91fc-64de6051483a/datanode-6/data/ratis/519ba59d-8625-40c1-b9dd-4121db32c757/in_use.lock acquired by nodename 12001@pr-hdds-2474-ghsjm-2904119463
2019-11-14 00:39:41,923 [pool-590-thread-1] INFO  storage.RaftStorageDirectory (RaftStorageDirectory.java:tryLock(328)) - Lock on /workdir/hadoop-ozone/integration-test/target/test-dir/MiniOzoneClusterImpl-f0c02ddf-6665-4004-91fc-64de6051483a/datanode-8/data/ratis/519ba59d-8625-40c1-b9dd-4121db32c757/in_use.lock acquired by nodename 12001@pr-hdds-2474-ghsjm-2904119463
2019-11-14 00:39:41,941 [pool-580-thread-1] INFO  storage.RaftStorage (RaftStorage.java:format(84)) - Storage directory /workdir/hadoop-ozone/integration-test/target/test-dir/MiniOzoneClusterImpl-f0c02ddf-6665-4004-91fc-64de6051483a/datanode-7/data/ratis/519ba59d-8625-40c1-b9dd-4121db32c757 has been successfully formatted.
2019-11-14 00:39:41,941 [pool-570-thread-1] INFO  storage.RaftStorage (RaftStorage.java:format(84)) - Storage directory /workdir/hadoop-ozone/integration-test/target/test-dir/MiniOzoneClusterImpl-f0c02ddf-6665-4004-91fc-64de6051483a/datanode-6/data/ratis/519ba59d-8625-40c1-b9dd-4121db32c757 has been successfully formatted.
2019-11-14 00:39:41,941 [pool-590-thread-1] INFO  storage.RaftStorage (RaftStorage.java:format(84)) - Storage directory /workdir/hadoop-ozone/integration-test/target/test-dir/MiniOzoneClusterImpl-f0c02ddf-6665-4004-91fc-64de6051483a/datanode-8/data/ratis/519ba59d-8625-40c1-b9dd-4121db32c757 has been successfully formatted.
2019-11-14 00:39:41,941 [pool-580-thread-1] INFO  ratis.ContainerStateMachine (ContainerStateMachine.java:loadSnapshot(223)) - group-4121DB32C757: The snapshot info is null. Setting the last applied indexto:(t:0, i:~)
2019-11-14 00:39:41,941 [pool-590-thread-1] INFO  ratis.ContainerStateMachine (ContainerStateMachine.java:loadSnapshot(223)) - group-4121DB32C757: The snapshot info is null. Setting the last applied indexto:(t:0, i:~)
2019-11-14 00:39:41,941 [pool-570-thread-1] INFO  ratis.ContainerStateMachine (ContainerStateMachine.java:loadSnapshot(223)) - group-4121DB32C757: The snapshot info is null. Setting the last applied indexto:(t:0, i:~)
2019-11-14 00:39:41,941 [pool-590-thread-1] INFO  server.RaftServerConfigKeys (ConfUtils.java:logGet(43)) - raft.server.notification.no-leader.timeout = 120s (custom)
2019-11-14 00:39:41,941 [pool-580-thread-1] INFO  server.RaftServerConfigKeys (ConfUtils.java:logGet(43)) - raft.server.notification.no-leader.timeout = 120s (custom)
2019-11-14 00:39:41,942 [pool-590-thread-1] INFO  server.RaftServerConfigKeys (ConfUtils.java:logGet(43)) - raft.server.log.use.memory = false (default)
2019-11-14 00:39:41,942 [pool-570-thread-1] INFO  server.RaftServerConfigKeys (ConfUtils.java:logGet(43)) - raft.server.notification.no-leader.timeout = 120s (custom)
2019-11-14 00:39:41,942 [pool-590-thread-1] INFO  server.RaftServerConfigKeys (ConfUtils.java:logGet(43)) - raft.server.log.purge.gap = 1000000 (custom)
2019-11-14 00:39:41,942 [pool-580-thread-1] INFO  server.RaftServerConfigKeys (ConfUtils.java:logGet(43)) - raft.server.log.use.memory = false (default)
2019-11-14 00:39:41,942 [pool-590-thread-1] INFO  server.RaftServerConfigKeys (ConfUtils.java:logGet(43)) - raft.server.log.appender.buffer.byte-limit = 33554432 (custom)
2019-11-14 00:39:41,942 [pool-570-thread-1] INFO  server.RaftServerConfigKeys (ConfUtils.java:logGet(43)) - raft.server.log.use.memory = false (default)
2019-11-14 00:39:41,942 [pool-590-thread-1] INFO  server.RaftServerConfigKeys (ConfUtils.java:logGet(43)) - raft.server.log.segment.size.max = 1048576 (custom)
2019-11-14 00:39:41,942 [pool-580-thread-1] INFO  server.RaftServerConfigKeys (ConfUtils.java:logGet(43)) - raft.server.log.purge.gap = 1000000 (custom)
2019-11-14 00:39:41,942 [pool-590-thread-1] INFO  server.RaftServerConfigKeys (ConfUtils.java:logGet(43)) - raft.server.log.segment.cache.num.max = 2 (custom)
2019-11-14 00:39:41,942 [pool-570-thread-1] INFO  server.RaftServerConfigKeys (ConfUtils.java:logGet(43)) - raft.server.log.purge.gap = 1000000 (custom)
2019-11-14 00:39:41,943 [pool-590-thread-1] INFO  segmented.SegmentedRaftLogWorker (SegmentedRaftLogWorker.java:<init>(173)) - new cd0a212a-ef86-44b1-8f77-22d0bd8fbd35@group-4121DB32C757-SegmentedRaftLogWorker for RaftStorage:Storage Directory /workdir/hadoop-ozone/integration-test/target/test-dir/MiniOzoneClusterImpl-f0c02ddf-6665-4004-91fc-64de6051483a/datanode-8/data/ratis/519ba59d-8625-40c1-b9dd-4121db32c757
2019-11-14 00:39:41,942 [pool-580-thread-1] INFO  server.RaftServerConfigKeys (ConfUtils.java:logGet(43)) - raft.server.log.appender.buffer.byte-limit = 33554432 (custom)
2019-11-14 00:39:41,943 [pool-590-thread-1] INFO  server.RaftServerConfigKeys (ConfUtils.java:logGet(43)) - raft.server.log.queue.byte-limit = 2147483647 (custom)
2019-11-14 00:39:41,943 [pool-570-thread-1] INFO  server.RaftServerConfigKeys (ConfUtils.java:logGet(43)) - raft.server.log.appender.buffer.byte-limit = 33554432 (custom)
2019-11-14 00:39:41,943 [pool-590-thread-1] INFO  server.RaftServerConfigKeys (ConfUtils.java:logGet(43)) - raft.server.log.queue.element-limit = 1024 (custom)
2019-11-14 00:39:41,943 [pool-580-thread-1] INFO  server.RaftServerConfigKeys (ConfUtils.java:logGet(43)) - raft.server.log.segment.size.max = 1048576 (custom)
2019-11-14 00:39:41,943 [pool-590-thread-1] INFO  server.RaftServerConfigKeys (ConfUtils.java:logGet(43)) - raft.server.log.segment.size.max = 1048576 (custom)
2019-11-14 00:39:41,943 [pool-570-thread-1] INFO  server.RaftServerConfigKeys (ConfUtils.java:logGet(43)) - raft.server.log.segment.size.max = 1048576 (custom)
2019-11-14 00:39:41,943 [pool-590-thread-1] INFO  server.RaftServerConfigKeys (ConfUtils.java:logGet(43)) - raft.server.log.preallocated.size = 16384 (custom)
2019-11-14 00:39:41,943 [pool-580-thread-1] INFO  server.RaftServerConfigKeys (ConfUtils.java:logGet(43)) - raft.server.log.segment.cache.num.max = 2 (custom)
2019-11-14 00:39:41,943 [pool-590-thread-1] INFO  server.RaftServerConfigKeys (ConfUtils.java:logGet(43)) - raft.server.log.write.buffer.size = 33554432 (custom)
2019-11-14 00:39:41,943 [pool-570-thread-1] INFO  server.RaftServerConfigKeys (ConfUtils.java:logGet(43)) - raft.server.log.segment.cache.num.max = 2 (custom)
2019-11-14 00:39:41,944 [pool-590-thread-1] INFO  server.RaftServerConfigKeys (ConfUtils.java:logGet(43)) - raft.server.log.force.sync.num = 128 (default)
2019-11-14 00:39:41,943 [pool-580-thread-1] INFO  segmented.SegmentedRaftLogWorker (SegmentedRaftLogWorker.java:<init>(173)) - new 91297bf6-d797-4b12-9aab-de0c4610252f@group-4121DB32C757-SegmentedRaftLogWorker for RaftStorage:Storage Directory /workdir/hadoop-ozone/integration-test/target/test-dir/MiniOzoneClusterImpl-f0c02ddf-6665-4004-91fc-64de6051483a/datanode-7/data/ratis/519ba59d-8625-40c1-b9dd-4121db32c757
2019-11-14 00:39:41,944 [pool-590-thread-1] INFO  server.RaftServerConfigKeys (ConfUtils.java:logGet(43)) - raft.server.log.statemachine.data.sync = true (default)
2019-11-14 00:39:41,944 [pool-570-thread-1] INFO  segmented.SegmentedRaftLogWorker (SegmentedRaftLogWorker.java:<init>(173)) - new f3a6f38f-08d4-4a6a-b30b-ec54e2e520c3@group-4121DB32C757-SegmentedRaftLogWorker for RaftStorage:Storage Directory /workdir/hadoop-ozone/integration-test/target/test-dir/MiniOzoneClusterImpl-f0c02ddf-6665-4004-91fc-64de6051483a/datanode-6/data/ratis/519ba59d-8625-40c1-b9dd-4121db32c757
2019-11-14 00:39:41,944 [pool-590-thread-1] INFO  server.RaftServerConfigKeys (ConfUtils.java:logGet(43)) - raft.server.log.statemachine.data.sync.timeout = 10s (default)
2019-11-14 00:39:41,944 [pool-580-thread-1] INFO  server.RaftServerConfigKeys (ConfUtils.java:logGet(43)) - raft.server.log.queue.byte-limit = 2147483647 (custom)
2019-11-14 00:39:41,944 [pool-590-thread-1] INFO  server.RaftServerConfigKeys (ConfUtils.java:logGet(43)) - raft.server.log.statemachine.data.sync.timeout.retry = -1 (default)
2019-11-14 00:39:41,944 [pool-570-thread-1] INFO  server.RaftServerConfigKeys (ConfUtils.java:logGet(43)) - raft.server.log.queue.byte-limit = 2147483647 (custom)
2019-11-14 00:39:41,944 [pool-590-thread-1] INFO  server.RaftServerConfigKeys (ConfUtils.java:logGet(43)) - raft.server.log.statemachine.data.caching.enabled = true (custom)
2019-11-14 00:39:41,944 [pool-580-thread-1] INFO  server.RaftServerConfigKeys (ConfUtils.java:logGet(43)) - raft.server.log.queue.element-limit = 1024 (custom)
2019-11-14 00:39:41,944 [pool-570-thread-1] INFO  server.RaftServerConfigKeys (ConfUtils.java:logGet(43)) - raft.server.log.queue.element-limit = 1024 (custom)
2019-11-14 00:39:41,945 [pool-590-thread-1] INFO  segmented.SegmentedRaftLogWorker (SegmentedRaftLogWorker.java:lambda$new$0(128)) - cd0a212a-ef86-44b1-8f77-22d0bd8fbd35@group-4121DB32C757-SegmentedRaftLogWorker: flushIndex: setUnconditionally 0 -> -1
2019-11-14 00:39:41,945 [pool-580-thread-1] INFO  server.RaftServerConfigKeys (ConfUtils.java:logGet(43)) - raft.server.log.segment.size.max = 1048576 (custom)
2019-11-14 00:39:41,945 [pool-570-thread-1] INFO  server.RaftServerConfigKeys (ConfUtils.java:logGet(43)) - raft.server.log.segment.size.max = 1048576 (custom)
2019-11-14 00:39:41,945 [pool-590-thread-1] INFO  server.RaftServerConfigKeys (ConfUtils.java:logGet(43)) - raft.server.snapshot.auto.trigger.enabled = true (custom)
2019-11-14 00:39:41,945 [pool-580-thread-1] INFO  server.RaftServerConfigKeys (ConfUtils.java:logGet(43)) - raft.server.log.preallocated.size = 16384 (custom)
2019-11-14 00:39:41,945 [pool-590-thread-1] INFO  server.RaftServerConfigKeys (ConfUtils.java:logGet(43)) - raft.server.snapshot.auto.trigger.threshold = 10000 (custom)
2019-11-14 00:39:41,945 [pool-570-thread-1] INFO  server.RaftServerConfigKeys (ConfUtils.java:logGet(43)) - raft.server.log.preallocated.size = 16384 (custom)
2019-11-14 00:39:41,945 [pool-590-thread-1] INFO  server.RaftServerConfigKeys (ConfUtils.java:logGet(43)) - raft.server.snapshot.retention.file.num = 5 (custom)
2019-11-14 00:39:41,945 [pool-580-thread-1] INFO  server.RaftServerConfigKeys (ConfUtils.java:logGet(43)) - raft.server.log.write.buffer.size = 33554432 (custom)
2019-11-14 00:39:41,945 [pool-590-thread-1] INFO  server.RaftServerConfigKeys (ConfUtils.java:logGet(43)) - raft.server.retrycache.expirytime = 600000ms (custom)
2019-11-14 00:39:41,945 [pool-570-thread-1] INFO  server.RaftServerConfigKeys (ConfUtils.java:logGet(43)) - raft.server.log.write.buffer.size = 33554432 (custom)
2019-11-14 00:39:41,946 [pool-590-thread-1] WARN  impl.MetricRegistriesImpl (MetricRegistriesImpl.java:lambda$create$1(61)) - First MetricRegistry has been created without registering reporters. You may need to call MetricRegistries.global().addReportRegistration(...) before.
2019-11-14 00:39:41,945 [pool-580-thread-1] INFO  server.RaftServerConfigKeys (ConfUtils.java:logGet(43)) - raft.server.log.force.sync.num = 128 (default)
2019-11-14 00:39:41,946 [pool-590-thread-1] WARN  impl.MetricRegistriesImpl (MetricRegistriesImpl.java:lambda$create$1(61)) - First MetricRegistry has been created without registering reporters. You may need to call MetricRegistries.global().addReportRegistration(...) before.
2019-11-14 00:39:41,946 [pool-570-thread-1] INFO  server.RaftServerConfigKeys (ConfUtils.java:logGet(43)) - raft.server.log.force.sync.num = 128 (default)
2019-11-14 00:39:41,946 [pool-590-thread-1] INFO  impl.RaftServerImpl (RaftServerImpl.java:start(184)) - cd0a212a-ef86-44b1-8f77-22d0bd8fbd35@group-4121DB32C757: start as a follower, conf=-1: [cd0a212a-ef86-44b1-8f77-22d0bd8fbd35:192.168.34.25:38897, 91297bf6-d797-4b12-9aab-de0c4610252f:192.168.34.25:35231, f3a6f38f-08d4-4a6a-b30b-ec54e2e520c3:192.168.34.25:38828], old=null
2019-11-14 00:39:41,946 [pool-580-thread-1] INFO  server.RaftServerConfigKeys (ConfUtils.java:logGet(43)) - raft.server.log.statemachine.data.sync = true (default)
2019-11-14 00:39:41,946 [pool-590-thread-1] INFO  impl.RaftServerImpl (RaftServerImpl.java:setRole(173)) - cd0a212a-ef86-44b1-8f77-22d0bd8fbd35@group-4121DB32C757: changes role from      null to FOLLOWER at term 0 for startAsFollower
2019-11-14 00:39:41,946 [pool-570-thread-1] INFO  server.RaftServerConfigKeys (ConfUtils.java:logGet(43)) - raft.server.log.statemachine.data.sync = true (default)
2019-11-14 00:39:41,946 [pool-590-thread-1] INFO  impl.RoleInfo (RoleInfo.java:updateAndGet(143)) - cd0a212a-ef86-44b1-8f77-22d0bd8fbd35: start FollowerState
2019-11-14 00:39:41,946 [pool-580-thread-1] INFO  server.RaftServerConfigKeys (ConfUtils.java:logGet(43)) - raft.server.log.statemachine.data.sync.timeout = 10s (default)
2019-11-14 00:39:41,946 [pool-570-thread-1] INFO  server.RaftServerConfigKeys (ConfUtils.java:logGet(43)) - raft.server.log.statemachine.data.sync.timeout = 10s (default)
2019-11-14 00:39:41,947 [pool-580-thread-1] INFO  server.RaftServerConfigKeys (ConfUtils.java:logGet(43)) - raft.server.log.statemachine.data.sync.timeout.retry = -1 (default)
2019-11-14 00:39:41,947 [pool-590-thread-1] INFO  util.JmxRegister (JmxRegister.java:tryRegister(44)) - Successfully registered JMX Bean with object name Ratis:service=RaftServer,group=group-4121DB32C757,id=cd0a212a-ef86-44b1-8f77-22d0bd8fbd35
2019-11-14 00:39:41,947 [pool-570-thread-1] INFO  server.RaftServerConfigKeys (ConfUtils.java:logGet(43)) - raft.server.log.statemachine.data.sync.timeout.retry = -1 (default)
2019-11-14 00:39:41,947 [pool-590-thread-1] WARN  impl.MetricRegistriesImpl (MetricRegistriesImpl.java:lambda$create$1(61)) - First MetricRegistry has been created without registering reporters. You may need to call MetricRegistries.global().addReportRegistration(...) before.
2019-11-14 00:39:41,947 [pool-580-thread-1] INFO  server.RaftServerConfigKeys (ConfUtils.java:logGet(43)) - raft.server.log.statemachine.data.caching.enabled = true (custom)
2019-11-14 00:39:41,947 [pool-570-thread-1] INFO  server.RaftServerConfigKeys (ConfUtils.java:logGet(43)) - raft.server.log.statemachine.data.caching.enabled = true (custom)
2019-11-14 00:39:41,947 [pool-580-thread-1] INFO  segmented.SegmentedRaftLogWorker (SegmentedRaftLogWorker.java:lambda$new$0(128)) - 91297bf6-d797-4b12-9aab-de0c4610252f@group-4121DB32C757-SegmentedRaftLogWorker: flushIndex: setUnconditionally 0 -> -1
2019-11-14 00:39:41,947 [pool-580-thread-1] INFO  server.RaftServerConfigKeys (ConfUtils.java:logGet(43)) - raft.server.snapshot.auto.trigger.enabled = true (custom)
2019-11-14 00:39:41,947 [pool-570-thread-1] INFO  segmented.SegmentedRaftLogWorker (SegmentedRaftLogWorker.java:lambda$new$0(128)) - f3a6f38f-08d4-4a6a-b30b-ec54e2e520c3@group-4121DB32C757-SegmentedRaftLogWorker: flushIndex: setUnconditionally 0 -> -1
2019-11-14 00:39:41,947 [pool-580-thread-1] INFO  server.RaftServerConfigKeys (ConfUtils.java:logGet(43)) - raft.server.snapshot.auto.trigger.threshold = 10000 (custom)
2019-11-14 00:39:41,948 [pool-580-thread-1] INFO  server.RaftServerConfigKeys (ConfUtils.java:logGet(43)) - raft.server.snapshot.retention.file.num = 5 (custom)
2019-11-14 00:39:41,948 [pool-580-thread-1] INFO  server.RaftServerConfigKeys (ConfUtils.java:logGet(43)) - raft.server.retrycache.expirytime = 600000ms (custom)
2019-11-14 00:39:41,948 [pool-570-thread-1] INFO  server.RaftServerConfigKeys (ConfUtils.java:logGet(43)) - raft.server.snapshot.auto.trigger.enabled = true (custom)
2019-11-14 00:39:41,948 [pool-580-thread-1] WARN  impl.MetricRegistriesImpl (MetricRegistriesImpl.java:lambda$create$1(61)) - First MetricRegistry has been created without registering reporters. You may need to call MetricRegistries.global().addReportRegistration(...) before.
2019-11-14 00:39:41,948 [pool-570-thread-1] INFO  server.RaftServerConfigKeys (ConfUtils.java:logGet(43)) - raft.server.snapshot.auto.trigger.threshold = 10000 (custom)
2019-11-14 00:39:41,948 [pool-580-thread-1] WARN  impl.MetricRegistriesImpl (MetricRegistriesImpl.java:lambda$create$1(61)) - First MetricRegistry has been created without registering reporters. You may need to call MetricRegistries.global().addReportRegistration(...) before.
2019-11-14 00:39:41,948 [pool-570-thread-1] INFO  server.RaftServerConfigKeys (ConfUtils.java:logGet(43)) - raft.server.snapshot.retention.file.num = 5 (custom)
2019-11-14 00:39:41,948 [pool-580-thread-1] INFO  impl.RaftServerImpl (RaftServerImpl.java:start(184)) - 91297bf6-d797-4b12-9aab-de0c4610252f@group-4121DB32C757: start as a follower, conf=-1: [cd0a212a-ef86-44b1-8f77-22d0bd8fbd35:192.168.34.25:38897, 91297bf6-d797-4b12-9aab-de0c4610252f:192.168.34.25:35231, f3a6f38f-08d4-4a6a-b30b-ec54e2e520c3:192.168.34.25:38828], old=null
2019-11-14 00:39:41,948 [pool-570-thread-1] INFO  server.RaftServerConfigKeys (ConfUtils.java:logGet(43)) - raft.server.retrycache.expirytime = 600000ms (custom)
2019-11-14 00:39:41,948 [pool-580-thread-1] INFO  impl.RaftServerImpl (RaftServerImpl.java:setRole(173)) - 91297bf6-d797-4b12-9aab-de0c4610252f@group-4121DB32C757: changes role from      null to FOLLOWER at term 0 for startAsFollower
2019-11-14 00:39:41,956 [pool-570-thread-1] WARN  impl.MetricRegistriesImpl (MetricRegistriesImpl.java:lambda$create$1(61)) - First MetricRegistry has been created without registering reporters. You may need to call MetricRegistries.global().addReportRegistration(...) before.
2019-11-14 00:39:41,956 [pool-580-thread-1] INFO  impl.RoleInfo (RoleInfo.java:updateAndGet(143)) - 91297bf6-d797-4b12-9aab-de0c4610252f: start FollowerState
2019-11-14 00:39:41,957 [pool-570-thread-1] WARN  impl.MetricRegistriesImpl (MetricRegistriesImpl.java:lambda$create$1(61)) - First MetricRegistry has been created without registering reporters. You may need to call MetricRegistries.global().addReportRegistration(...) before.
2019-11-14 00:39:41,957 [pool-580-thread-1] INFO  util.JmxRegister (JmxRegister.java:tryRegister(44)) - Successfully registered JMX Bean with object name Ratis:service=RaftServer,group=group-4121DB32C757,id=91297bf6-d797-4b12-9aab-de0c4610252f
2019-11-14 00:39:41,957 [pool-570-thread-1] INFO  impl.RaftServerImpl (RaftServerImpl.java:start(184)) - f3a6f38f-08d4-4a6a-b30b-ec54e2e520c3@group-4121DB32C757: start as a follower, conf=-1: [cd0a212a-ef86-44b1-8f77-22d0bd8fbd35:192.168.34.25:38897, 91297bf6-d797-4b12-9aab-de0c4610252f:192.168.34.25:35231, f3a6f38f-08d4-4a6a-b30b-ec54e2e520c3:192.168.34.25:38828], old=null
2019-11-14 00:39:41,957 [pool-580-thread-1] WARN  impl.MetricRegistriesImpl (MetricRegistriesImpl.java:lambda$create$1(61)) - First MetricRegistry has been created without registering reporters. You may need to call MetricRegistries.global().addReportRegistration(...) before.
2019-11-14 00:39:41,957 [pool-570-thread-1] INFO  impl.RaftServerImpl (RaftServerImpl.java:setRole(173)) - f3a6f38f-08d4-4a6a-b30b-ec54e2e520c3@group-4121DB32C757: changes role from      null to FOLLOWER at term 0 for startAsFollower
2019-11-14 00:39:41,957 [pool-570-thread-1] INFO  impl.RoleInfo (RoleInfo.java:updateAndGet(143)) - f3a6f38f-08d4-4a6a-b30b-ec54e2e520c3: start FollowerState
2019-11-14 00:39:41,958 [pool-570-thread-1] INFO  util.JmxRegister (JmxRegister.java:tryRegister(44)) - Successfully registered JMX Bean with object name Ratis:service=RaftServer,group=group-4121DB32C757,id=f3a6f38f-08d4-4a6a-b30b-ec54e2e520c3
2019-11-14 00:39:41,958 [pool-570-thread-1] WARN  impl.MetricRegistriesImpl (MetricRegistriesImpl.java:lambda$create$1(61)) - First MetricRegistry has been created without registering reporters. You may need to call MetricRegistries.global().addReportRegistration(...) before.
2019-11-14 00:39:41,959 [RatisPipelineUtilsThread] INFO  pipeline.PipelineStateManager (PipelineStateManager.java:addPipeline(55)) - Created pipeline Pipeline[ Id: 519ba59d-8625-40c1-b9dd-4121db32c757, Nodes: 91297bf6-d797-4b12-9aab-de0c4610252f{ip: 192.168.34.25, host: pr-hdds-2474-ghsjm-2904119463, networkLocation: /rack1, certSerialId: null}cd0a212a-ef86-44b1-8f77-22d0bd8fbd35{ip: 192.168.34.25, host: pr-hdds-2474-ghsjm-2904119463, networkLocation: /rack1, certSerialId: null}f3a6f38f-08d4-4a6a-b30b-ec54e2e520c3{ip: 192.168.34.25, host: pr-hdds-2474-ghsjm-2904119463, networkLocation: /rack1, certSerialId: null}, Type:RATIS, Factor:THREE, State:ALLOCATED]
2019-11-14 00:39:41,960 [Thread-3916] INFO  pipeline.PipelineStateManager (PipelineStateManager.java:finalizePipeline(121)) - Pipeline Pipeline[ Id: b6f85c18-85a4-4389-b22e-485940f82aa7, Nodes: 2f70a07d-1e84-46bf-8533-fdd294c919e1{ip: 192.168.34.25, host: pr-hdds-2474-ghsjm-2904119463, networkLocation: /rack1, certSerialId: null}, Type:RATIS, Factor:ONE, State:CLOSED] moved to CLOSED state
2019-11-14 00:39:41,962 [grpc-default-executor-7] INFO  impl.RaftServerProxy (RaftServerProxy.java:remove(95)) - 2f70a07d-1e84-46bf-8533-fdd294c919e1: remove    LEADER 2f70a07d-1e84-46bf-8533-fdd294c919e1@group-485940F82AA7:t1, leader=2f70a07d-1e84-46bf-8533-fdd294c919e1, voted=2f70a07d-1e84-46bf-8533-fdd294c919e1, raftlog=2f70a07d-1e84-46bf-8533-fdd294c919e1@group-485940F82AA7-SegmentedRaftLog:OPENED:c0,f0,i0, conf=0: [2f70a07d-1e84-46bf-8533-fdd294c919e1:192.168.34.25:45658], old=null RUNNING
2019-11-14 00:39:41,962 [grpc-default-executor-7] INFO  impl.RaftServerImpl (RaftServerImpl.java:lambda$shutdown$3(250)) - 2f70a07d-1e84-46bf-8533-fdd294c919e1@group-485940F82AA7: shutdown
2019-11-14 00:39:41,962 [grpc-default-executor-7] INFO  util.JmxRegister (JmxRegister.java:unregister(73)) - Successfully un-registered JMX Bean with object name Ratis:service=RaftServer,group=group-485940F82AA7,id=2f70a07d-1e84-46bf-8533-fdd294c919e1
2019-11-14 00:39:41,962 [grpc-default-executor-7] INFO  impl.RoleInfo (RoleInfo.java:shutdownLeaderState(104)) - 2f70a07d-1e84-46bf-8533-fdd294c919e1: shutdown LeaderState
2019-11-14 00:39:41,962 [grpc-default-executor-7] INFO  impl.PendingRequests (PendingRequests.java:sendNotLeaderResponses(206)) - 2f70a07d-1e84-46bf-8533-fdd294c919e1@group-485940F82AA7-PendingRequests: sendNotLeaderResponses
2019-11-14 00:39:41,962 [grpc-default-executor-7] INFO  impl.StateMachineUpdater (StateMachineUpdater.java:stopAndJoin(136)) - 2f70a07d-1e84-46bf-8533-fdd294c919e1@group-485940F82AA7-StateMachineUpdater: set stopIndex = 0
2019-11-14 00:39:41,963 [grpc-default-executor-7] INFO  impl.RaftServerImpl (ServerState.java:close(387)) - 2f70a07d-1e84-46bf-8533-fdd294c919e1@group-485940F82AA7: closes. applyIndex: 0
2019-11-14 00:39:41,963 [2f70a07d-1e84-46bf-8533-fdd294c919e1@group-485940F82AA7-SegmentedRaftLogWorker] INFO  segmented.SegmentedRaftLogWorker (SegmentedRaftLogWorker.java:run(316)) - 2f70a07d-1e84-46bf-8533-fdd294c919e1@group-485940F82AA7-SegmentedRaftLogWorker was interrupted, exiting. There are 0 tasks remaining in the queue.
2019-11-14 00:39:41,963 [grpc-default-executor-7] INFO  segmented.SegmentedRaftLogWorker (SegmentedRaftLogWorker.java:close(224)) - 2f70a07d-1e84-46bf-8533-fdd294c919e1@group-485940F82AA7-SegmentedRaftLogWorker close()
2019-11-14 00:39:41,967 [Thread-3916] INFO  pipeline.PipelineStateManager (PipelineStateManager.java:removePipeline(106)) - Pipeline Pipeline[ Id: b6f85c18-85a4-4389-b22e-485940f82aa7, Nodes: 2f70a07d-1e84-46bf-8533-fdd294c919e1{ip: 192.168.34.25, host: pr-hdds-2474-ghsjm-2904119463, networkLocation: /rack1, certSerialId: null}, Type:RATIS, Factor:ONE, State:CLOSED] removed from db
2019-11-14 00:39:41,967 [Thread-3916] INFO  pipeline.SCMPipelineManager (SCMPipelineManager.java:finalizeAndDestroyPipeline(315)) - destroying pipeline:Pipeline[ Id: 88d83737-d4e6-4f00-86e3-be669bb69236, Nodes: f3a6f38f-08d4-4a6a-b30b-ec54e2e520c3{ip: 192.168.34.25, host: pr-hdds-2474-ghsjm-2904119463, networkLocation: /rack1, certSerialId: null}, Type:RATIS, Factor:ONE, State:OPEN]
2019-11-14 00:39:41,969 [grpc-default-executor-7] INFO  impl.RaftServerProxy (RaftServerProxy.java:addNew(89)) - 2f70a07d-1e84-46bf-8533-fdd294c919e1: addNew group-5C4A4D248B9F:[2f70a07d-1e84-46bf-8533-fdd294c919e1:192.168.34.25:45658] returns group-5C4A4D248B9F:java.util.concurrent.CompletableFuture@4146b0eb[Not completed]
2019-11-14 00:39:41,970 [pool-520-thread-1] INFO  impl.RaftServerImpl (RaftServerImpl.java:<init>(98)) - 2f70a07d-1e84-46bf-8533-fdd294c919e1: new RaftServerImpl for group-5C4A4D248B9F:[2f70a07d-1e84-46bf-8533-fdd294c919e1:192.168.34.25:45658] with ContainerStateMachine:uninitialized
2019-11-14 00:39:41,970 [pool-520-thread-1] INFO  server.RaftServerConfigKeys (ConfUtils.java:logGet(43)) - raft.server.rpc.timeout.min = 1s (custom)
2019-11-14 00:39:41,970 [pool-520-thread-1] INFO  server.RaftServerConfigKeys (ConfUtils.java:logGet(43)) - raft.server.rpc.timeout.max = 1200ms (custom)
2019-11-14 00:39:41,970 [pool-520-thread-1] INFO  server.RaftServerConfigKeys (ConfUtils.java:logGet(43)) - raft.server.rpcslowness.timeout = 120s (custom)
2019-11-14 00:39:41,970 [pool-520-thread-1] INFO  server.RaftServerConfigKeys (ConfUtils.java:logGet(43)) - raft.server.sleep.deviation.threshold = 300 (default)
2019-11-14 00:39:41,970 [pool-520-thread-1] INFO  server.RaftServerConfigKeys (ConfUtils.java:logGet(43)) - raft.server.log.appender.install.snapshot.enabled = false (custom)
2019-11-14 00:39:41,970 [pool-520-thread-1] INFO  impl.RaftServerImpl (ServerState.java:<init>(103)) - 2f70a07d-1e84-46bf-8533-fdd294c919e1@group-5C4A4D248B9F: ConfigurationManager, init=-1: [2f70a07d-1e84-46bf-8533-fdd294c919e1:192.168.34.25:45658], old=null, confs=<EMPTY_MAP>
2019-11-14 00:39:41,971 [pool-520-thread-1] INFO  server.RaftServerConfigKeys (ConfUtils.java:logGet(43)) - raft.server.storage.dir = [/workdir/hadoop-ozone/integration-test/target/test-dir/MiniOzoneClusterImpl-f0c02ddf-6665-4004-91fc-64de6051483a/datanode-1/data/ratis] (custom)
2019-11-14 00:39:41,971 [pool-520-thread-1] INFO  server.RaftServerConfigKeys (ConfUtils.java:logGet(43)) - raft.server.log.corruption.policy = EXCEPTION (default)
2019-11-14 00:39:41,971 [pool-520-thread-1] INFO  storage.RaftStorageDirectory (RaftStorageDirectory.java:analyzeStorage(246)) - The storage directory /workdir/hadoop-ozone/integration-test/target/test-dir/MiniOzoneClusterImpl-f0c02ddf-6665-4004-91fc-64de6051483a/datanode-1/data/ratis/b08708ff-b301-4bfb-9060-5c4a4d248b9f does not exist. Creating ...
2019-11-14 00:39:41,984 [pool-520-thread-1] INFO  storage.RaftStorageDirectory (RaftStorageDirectory.java:tryLock(328)) - Lock on /workdir/hadoop-ozone/integration-test/target/test-dir/MiniOzoneClusterImpl-f0c02ddf-6665-4004-91fc-64de6051483a/datanode-1/data/ratis/b08708ff-b301-4bfb-9060-5c4a4d248b9f/in_use.lock acquired by nodename 12001@pr-hdds-2474-ghsjm-2904119463
2019-11-14 00:39:41,997 [pool-520-thread-1] INFO  storage.RaftStorage (RaftStorage.java:format(84)) - Storage directory /workdir/hadoop-ozone/integration-test/target/test-dir/MiniOzoneClusterImpl-f0c02ddf-6665-4004-91fc-64de6051483a/datanode-1/data/ratis/b08708ff-b301-4bfb-9060-5c4a4d248b9f has been successfully formatted.
2019-11-14 00:39:41,998 [pool-520-thread-1] INFO  ratis.ContainerStateMachine (ContainerStateMachine.java:loadSnapshot(223)) - group-5C4A4D248B9F: The snapshot info is null. Setting the last applied indexto:(t:0, i:~)
2019-11-14 00:39:41,998 [pool-520-thread-1] INFO  server.RaftServerConfigKeys (ConfUtils.java:logGet(43)) - raft.server.notification.no-leader.timeout = 120s (custom)
2019-11-14 00:39:41,998 [pool-520-thread-1] INFO  server.RaftServerConfigKeys (ConfUtils.java:logGet(43)) - raft.server.log.use.memory = false (default)
2019-11-14 00:39:41,998 [pool-520-thread-1] INFO  server.RaftServerConfigKeys (ConfUtils.java:logGet(43)) - raft.server.log.purge.gap = 1000000 (custom)
2019-11-14 00:39:41,998 [pool-520-thread-1] INFO  server.RaftServerConfigKeys (ConfUtils.java:logGet(43)) - raft.server.log.appender.buffer.byte-limit = 33554432 (custom)
2019-11-14 00:39:41,998 [pool-520-thread-1] INFO  server.RaftServerConfigKeys (ConfUtils.java:logGet(43)) - raft.server.log.segment.size.max = 1048576 (custom)
2019-11-14 00:39:41,998 [pool-520-thread-1] INFO  server.RaftServerConfigKeys (ConfUtils.java:logGet(43)) - raft.server.log.segment.cache.num.max = 2 (custom)
2019-11-14 00:39:41,998 [pool-520-thread-1] INFO  segmented.SegmentedRaftLogWorker (SegmentedRaftLogWorker.java:<init>(173)) - new 2f70a07d-1e84-46bf-8533-fdd294c919e1@group-5C4A4D248B9F-SegmentedRaftLogWorker for RaftStorage:Storage Directory /workdir/hadoop-ozone/integration-test/target/test-dir/MiniOzoneClusterImpl-f0c02ddf-6665-4004-91fc-64de6051483a/datanode-1/data/ratis/b08708ff-b301-4bfb-9060-5c4a4d248b9f
2019-11-14 00:39:41,998 [pool-520-thread-1] INFO  server.RaftServerConfigKeys (ConfUtils.java:logGet(43)) - raft.server.log.queue.byte-limit = 2147483647 (custom)
2019-11-14 00:39:41,998 [pool-520-thread-1] INFO  server.RaftServerConfigKeys (ConfUtils.java:logGet(43)) - raft.server.log.queue.element-limit = 1024 (custom)
2019-11-14 00:39:41,998 [pool-520-thread-1] INFO  server.RaftServerConfigKeys (ConfUtils.java:logGet(43)) - raft.server.log.segment.size.max = 1048576 (custom)
2019-11-14 00:39:41,998 [pool-520-thread-1] INFO  server.RaftServerConfigKeys (ConfUtils.java:logGet(43)) - raft.server.log.preallocated.size = 16384 (custom)
2019-11-14 00:39:41,998 [pool-520-thread-1] INFO  server.RaftServerConfigKeys (ConfUtils.java:logGet(43)) - raft.server.log.write.buffer.size = 33554432 (custom)
2019-11-14 00:39:41,999 [pool-520-thread-1] INFO  server.RaftServerConfigKeys (ConfUtils.java:logGet(43)) - raft.server.log.force.sync.num = 128 (default)
2019-11-14 00:39:41,999 [pool-520-thread-1] INFO  server.RaftServerConfigKeys (ConfUtils.java:logGet(43)) - raft.server.log.statemachine.data.sync = true (default)
2019-11-14 00:39:41,999 [pool-520-thread-1] INFO  server.RaftServerConfigKeys (ConfUtils.java:logGet(43)) - raft.server.log.statemachine.data.sync.timeout = 10s (default)
2019-11-14 00:39:41,999 [pool-520-thread-1] INFO  server.RaftServerConfigKeys (ConfUtils.java:logGet(43)) - raft.server.log.statemachine.data.sync.timeout.retry = -1 (default)
2019-11-14 00:39:41,999 [pool-520-thread-1] INFO  server.RaftServerConfigKeys (ConfUtils.java:logGet(43)) - raft.server.log.statemachine.data.caching.enabled = true (custom)
2019-11-14 00:39:41,999 [pool-520-thread-1] INFO  segmented.SegmentedRaftLogWorker (SegmentedRaftLogWorker.java:lambda$new$0(128)) - 2f70a07d-1e84-46bf-8533-fdd294c919e1@group-5C4A4D248B9F-SegmentedRaftLogWorker: flushIndex: setUnconditionally 0 -> -1
2019-11-14 00:39:41,999 [pool-520-thread-1] INFO  server.RaftServerConfigKeys (ConfUtils.java:logGet(43)) - raft.server.snapshot.auto.trigger.enabled = true (custom)
2019-11-14 00:39:41,999 [pool-520-thread-1] INFO  server.RaftServerConfigKeys (ConfUtils.java:logGet(43)) - raft.server.snapshot.auto.trigger.threshold = 10000 (custom)
2019-11-14 00:39:41,999 [pool-520-thread-1] INFO  server.RaftServerConfigKeys (ConfUtils.java:logGet(43)) - raft.server.snapshot.retention.file.num = 5 (custom)
2019-11-14 00:39:41,999 [pool-520-thread-1] INFO  server.RaftServerConfigKeys (ConfUtils.java:logGet(43)) - raft.server.retrycache.expirytime = 600000ms (custom)
2019-11-14 00:39:42,000 [pool-520-thread-1] WARN  impl.MetricRegistriesImpl (MetricRegistriesImpl.java:lambda$create$1(61)) - First MetricRegistry has been created without registering reporters. You may need to call MetricRegistries.global().addReportRegistration(...) before.
2019-11-14 00:39:42,000 [pool-520-thread-1] WARN  impl.MetricRegistriesImpl (MetricRegistriesImpl.java:lambda$create$1(61)) - First MetricRegistry has been created without registering reporters. You may need to call MetricRegistries.global().addReportRegistration(...) before.
2019-11-14 00:39:42,000 [pool-520-thread-1] INFO  impl.RaftServerImpl (RaftServerImpl.java:start(184)) - 2f70a07d-1e84-46bf-8533-fdd294c919e1@group-5C4A4D248B9F: start as a follower, conf=-1: [2f70a07d-1e84-46bf-8533-fdd294c919e1:192.168.34.25:45658], old=null
2019-11-14 00:39:42,000 [pool-520-thread-1] INFO  impl.RaftServerImpl (RaftServerImpl.java:setRole(173)) - 2f70a07d-1e84-46bf-8533-fdd294c919e1@group-5C4A4D248B9F: changes role from      null to FOLLOWER at term 0 for startAsFollower
2019-11-14 00:39:42,000 [pool-520-thread-1] INFO  impl.RoleInfo (RoleInfo.java:updateAndGet(143)) - 2f70a07d-1e84-46bf-8533-fdd294c919e1: start FollowerState
2019-11-14 00:39:42,000 [pool-520-thread-1] INFO  util.JmxRegister (JmxRegister.java:tryRegister(44)) - Successfully registered JMX Bean with object name Ratis:service=RaftServer,group=group-5C4A4D248B9F,id=2f70a07d-1e84-46bf-8533-fdd294c919e1
2019-11-14 00:39:42,000 [pool-520-thread-1] WARN  impl.MetricRegistriesImpl (MetricRegistriesImpl.java:lambda$create$1(61)) - First MetricRegistry has been created without registering reporters. You may need to call MetricRegistries.global().addReportRegistration(...) before.
2019-11-14 00:39:42,002 [RatisPipelineUtilsThread] INFO  pipeline.PipelineStateManager (PipelineStateManager.java:addPipeline(55)) - Created pipeline Pipeline[ Id: b08708ff-b301-4bfb-9060-5c4a4d248b9f, Nodes: 2f70a07d-1e84-46bf-8533-fdd294c919e1{ip: 192.168.34.25, host: pr-hdds-2474-ghsjm-2904119463, networkLocation: /rack1, certSerialId: null}, Type:RATIS, Factor:ONE, State:ALLOCATED]
2019-11-14 00:39:42,003 [Thread-3916] INFO  pipeline.PipelineStateManager (PipelineStateManager.java:finalizePipeline(121)) - Pipeline Pipeline[ Id: 88d83737-d4e6-4f00-86e3-be669bb69236, Nodes: f3a6f38f-08d4-4a6a-b30b-ec54e2e520c3{ip: 192.168.34.25, host: pr-hdds-2474-ghsjm-2904119463, networkLocation: /rack1, certSerialId: null}, Type:RATIS, Factor:ONE, State:CLOSED] moved to CLOSED state
2019-11-14 00:39:42,005 [grpc-default-executor-7] INFO  impl.RaftServerProxy (RaftServerProxy.java:remove(95)) - f3a6f38f-08d4-4a6a-b30b-ec54e2e520c3: remove    LEADER f3a6f38f-08d4-4a6a-b30b-ec54e2e520c3@group-BE669BB69236:t1, leader=f3a6f38f-08d4-4a6a-b30b-ec54e2e520c3, voted=f3a6f38f-08d4-4a6a-b30b-ec54e2e520c3, raftlog=f3a6f38f-08d4-4a6a-b30b-ec54e2e520c3@group-BE669BB69236-SegmentedRaftLog:OPENED:c0,f0,i0, conf=0: [f3a6f38f-08d4-4a6a-b30b-ec54e2e520c3:192.168.34.25:38828], old=null RUNNING
2019-11-14 00:39:42,005 [grpc-default-executor-7] INFO  impl.RaftServerImpl (RaftServerImpl.java:lambda$shutdown$3(250)) - f3a6f38f-08d4-4a6a-b30b-ec54e2e520c3@group-BE669BB69236: shutdown
2019-11-14 00:39:42,005 [grpc-default-executor-7] INFO  util.JmxRegister (JmxRegister.java:unregister(73)) - Successfully un-registered JMX Bean with object name Ratis:service=RaftServer,group=group-BE669BB69236,id=f3a6f38f-08d4-4a6a-b30b-ec54e2e520c3
2019-11-14 00:39:42,005 [grpc-default-executor-7] INFO  impl.RoleInfo (RoleInfo.java:shutdownLeaderState(104)) - f3a6f38f-08d4-4a6a-b30b-ec54e2e520c3: shutdown LeaderState
2019-11-14 00:39:42,005 [grpc-default-executor-7] INFO  impl.PendingRequests (PendingRequests.java:sendNotLeaderResponses(206)) - f3a6f38f-08d4-4a6a-b30b-ec54e2e520c3@group-BE669BB69236-PendingRequests: sendNotLeaderResponses
2019-11-14 00:39:42,005 [grpc-default-executor-7] INFO  impl.StateMachineUpdater (StateMachineUpdater.java:stopAndJoin(136)) - f3a6f38f-08d4-4a6a-b30b-ec54e2e520c3@group-BE669BB69236-StateMachineUpdater: set stopIndex = 0
2019-11-14 00:39:42,005 [grpc-default-executor-7] INFO  impl.RaftServerImpl (ServerState.java:close(387)) - f3a6f38f-08d4-4a6a-b30b-ec54e2e520c3@group-BE669BB69236: closes. applyIndex: 0
2019-11-14 00:39:42,006 [f3a6f38f-08d4-4a6a-b30b-ec54e2e520c3@group-BE669BB69236-SegmentedRaftLogWorker] INFO  segmented.SegmentedRaftLogWorker (SegmentedRaftLogWorker.java:run(316)) - f3a6f38f-08d4-4a6a-b30b-ec54e2e520c3@group-BE669BB69236-SegmentedRaftLogWorker was interrupted, exiting. There are 0 tasks remaining in the queue.
2019-11-14 00:39:42,006 [grpc-default-executor-7] INFO  segmented.SegmentedRaftLogWorker (SegmentedRaftLogWorker.java:close(224)) - f3a6f38f-08d4-4a6a-b30b-ec54e2e520c3@group-BE669BB69236-SegmentedRaftLogWorker close()
2019-11-14 00:39:42,011 [Thread-3916] INFO  pipeline.PipelineStateManager (PipelineStateManager.java:removePipeline(106)) - Pipeline Pipeline[ Id: 88d83737-d4e6-4f00-86e3-be669bb69236, Nodes: f3a6f38f-08d4-4a6a-b30b-ec54e2e520c3{ip: 192.168.34.25, host: pr-hdds-2474-ghsjm-2904119463, networkLocation: /rack1, certSerialId: null}, Type:RATIS, Factor:ONE, State:CLOSED] removed from db
2019-11-14 00:39:42,011 [Thread-3916] INFO  pipeline.SCMPipelineManager (SCMPipelineManager.java:finalizeAndDestroyPipeline(315)) - destroying pipeline:Pipeline[ Id: 78cf7873-1e4b-4408-94c8-01541d9720d9, Nodes: 4c0227a7-61cb-4c13-bcf3-e9ab107c9374{ip: 192.168.34.25, host: pr-hdds-2474-ghsjm-2904119463, networkLocation: /rack1, certSerialId: null}536e24f7-ac60-4eb9-a985-13294793bd01{ip: 192.168.34.25, host: pr-hdds-2474-ghsjm-2904119463, networkLocation: /rack1, certSerialId: null}2f70a07d-1e84-46bf-8533-fdd294c919e1{ip: 192.168.34.25, host: pr-hdds-2474-ghsjm-2904119463, networkLocation: /rack1, certSerialId: null}, Type:RATIS, Factor:THREE, State:OPEN]
2019-11-14 00:39:42,013 [grpc-default-executor-7] INFO  impl.RaftServerProxy (RaftServerProxy.java:addNew(89)) - f3a6f38f-08d4-4a6a-b30b-ec54e2e520c3: addNew group-A7D3CC8ABC30:[f3a6f38f-08d4-4a6a-b30b-ec54e2e520c3:192.168.34.25:38828] returns group-A7D3CC8ABC30:java.util.concurrent.CompletableFuture@403a27a0[Not completed]
2019-11-14 00:39:42,014 [pool-570-thread-1] INFO  impl.RaftServerImpl (RaftServerImpl.java:<init>(98)) - f3a6f38f-08d4-4a6a-b30b-ec54e2e520c3: new RaftServerImpl for group-A7D3CC8ABC30:[f3a6f38f-08d4-4a6a-b30b-ec54e2e520c3:192.168.34.25:38828] with ContainerStateMachine:uninitialized
2019-11-14 00:39:42,014 [pool-570-thread-1] INFO  server.RaftServerConfigKeys (ConfUtils.java:logGet(43)) - raft.server.rpc.timeout.min = 1s (custom)
2019-11-14 00:39:42,014 [pool-570-thread-1] INFO  server.RaftServerConfigKeys (ConfUtils.java:logGet(43)) - raft.server.rpc.timeout.max = 1200ms (custom)
2019-11-14 00:39:42,014 [pool-570-thread-1] INFO  server.RaftServerConfigKeys (ConfUtils.java:logGet(43)) - raft.server.rpcslowness.timeout = 120s (custom)
2019-11-14 00:39:42,014 [pool-570-thread-1] INFO  server.RaftServerConfigKeys (ConfUtils.java:logGet(43)) - raft.server.sleep.deviation.threshold = 300 (default)
2019-11-14 00:39:42,014 [pool-570-thread-1] INFO  server.RaftServerConfigKeys (ConfUtils.java:logGet(43)) - raft.server.log.appender.install.snapshot.enabled = false (custom)
2019-11-14 00:39:42,014 [pool-570-thread-1] INFO  impl.RaftServerImpl (ServerState.java:<init>(103)) - f3a6f38f-08d4-4a6a-b30b-ec54e2e520c3@group-A7D3CC8ABC30: ConfigurationManager, init=-1: [f3a6f38f-08d4-4a6a-b30b-ec54e2e520c3:192.168.34.25:38828], old=null, confs=<EMPTY_MAP>
2019-11-14 00:39:42,014 [pool-570-thread-1] INFO  server.RaftServerConfigKeys (ConfUtils.java:logGet(43)) - raft.server.storage.dir = [/workdir/hadoop-ozone/integration-test/target/test-dir/MiniOzoneClusterImpl-f0c02ddf-6665-4004-91fc-64de6051483a/datanode-6/data/ratis] (custom)
2019-11-14 00:39:42,014 [pool-570-thread-1] INFO  server.RaftServerConfigKeys (ConfUtils.java:logGet(43)) - raft.server.log.corruption.policy = EXCEPTION (default)
2019-11-14 00:39:42,014 [pool-570-thread-1] INFO  storage.RaftStorageDirectory (RaftStorageDirectory.java:analyzeStorage(246)) - The storage directory /workdir/hadoop-ozone/integration-test/target/test-dir/MiniOzoneClusterImpl-f0c02ddf-6665-4004-91fc-64de6051483a/datanode-6/data/ratis/85bb8abf-2aa5-46c9-bf5b-a7d3cc8abc30 does not exist. Creating ...
2019-11-14 00:39:42,027 [pool-570-thread-1] INFO  storage.RaftStorageDirectory (RaftStorageDirectory.java:tryLock(328)) - Lock on /workdir/hadoop-ozone/integration-test/target/test-dir/MiniOzoneClusterImpl-f0c02ddf-6665-4004-91fc-64de6051483a/datanode-6/data/ratis/85bb8abf-2aa5-46c9-bf5b-a7d3cc8abc30/in_use.lock acquired by nodename 12001@pr-hdds-2474-ghsjm-2904119463
2019-11-14 00:39:42,040 [pool-570-thread-1] INFO  storage.RaftStorage (RaftStorage.java:format(84)) - Storage directory /workdir/hadoop-ozone/integration-test/target/test-dir/MiniOzoneClusterImpl-f0c02ddf-6665-4004-91fc-64de6051483a/datanode-6/data/ratis/85bb8abf-2aa5-46c9-bf5b-a7d3cc8abc30 has been successfully formatted.
2019-11-14 00:39:42,040 [pool-570-thread-1] INFO  ratis.ContainerStateMachine (ContainerStateMachine.java:loadSnapshot(223)) - group-A7D3CC8ABC30: The snapshot info is null. Setting the last applied indexto:(t:0, i:~)
2019-11-14 00:39:42,040 [pool-570-thread-1] INFO  server.RaftServerConfigKeys (ConfUtils.java:logGet(43)) - raft.server.notification.no-leader.timeout = 120s (custom)
2019-11-14 00:39:42,040 [pool-570-thread-1] INFO  server.RaftServerConfigKeys (ConfUtils.java:logGet(43)) - raft.server.log.use.memory = false (default)
2019-11-14 00:39:42,041 [pool-570-thread-1] INFO  server.RaftServerConfigKeys (ConfUtils.java:logGet(43)) - raft.server.log.purge.gap = 1000000 (custom)
2019-11-14 00:39:42,041 [pool-570-thread-1] INFO  server.RaftServerConfigKeys (ConfUtils.java:logGet(43)) - raft.server.log.appender.buffer.byte-limit = 33554432 (custom)
2019-11-14 00:39:42,041 [pool-570-thread-1] INFO  server.RaftServerConfigKeys (ConfUtils.java:logGet(43)) - raft.server.log.segment.size.max = 1048576 (custom)
2019-11-14 00:39:42,041 [pool-570-thread-1] INFO  server.RaftServerConfigKeys (ConfUtils.java:logGet(43)) - raft.server.log.segment.cache.num.max = 2 (custom)
2019-11-14 00:39:42,041 [pool-570-thread-1] INFO  segmented.SegmentedRaftLogWorker (SegmentedRaftLogWorker.java:<init>(173)) - new f3a6f38f-08d4-4a6a-b30b-ec54e2e520c3@group-A7D3CC8ABC30-SegmentedRaftLogWorker for RaftStorage:Storage Directory /workdir/hadoop-ozone/integration-test/target/test-dir/MiniOzoneClusterImpl-f0c02ddf-6665-4004-91fc-64de6051483a/datanode-6/data/ratis/85bb8abf-2aa5-46c9-bf5b-a7d3cc8abc30
2019-11-14 00:39:42,041 [pool-570-thread-1] INFO  server.RaftServerConfigKeys (ConfUtils.java:logGet(43)) - raft.server.log.queue.byte-limit = 2147483647 (custom)
2019-11-14 00:39:42,041 [pool-570-thread-1] INFO  server.RaftServerConfigKeys (ConfUtils.java:logGet(43)) - raft.server.log.queue.element-limit = 1024 (custom)
2019-11-14 00:39:42,041 [pool-570-thread-1] INFO  server.RaftServerConfigKeys (ConfUtils.java:logGet(43)) - raft.server.log.segment.size.max = 1048576 (custom)
2019-11-14 00:39:42,041 [pool-570-thread-1] INFO  server.RaftServerConfigKeys (ConfUtils.java:logGet(43)) - raft.server.log.preallocated.size = 16384 (custom)
2019-11-14 00:39:42,041 [pool-570-thread-1] INFO  server.RaftServerConfigKeys (ConfUtils.java:logGet(43)) - raft.server.log.write.buffer.size = 33554432 (custom)
2019-11-14 00:39:42,041 [pool-570-thread-1] INFO  server.RaftServerConfigKeys (ConfUtils.java:logGet(43)) - raft.server.log.force.sync.num = 128 (default)
2019-11-14 00:39:42,041 [pool-570-thread-1] INFO  server.RaftServerConfigKeys (ConfUtils.java:logGet(43)) - raft.server.log.statemachine.data.sync = true (default)
2019-11-14 00:39:42,041 [pool-570-thread-1] INFO  server.RaftServerConfigKeys (ConfUtils.java:logGet(43)) - raft.server.log.statemachine.data.sync.timeout = 10s (default)
2019-11-14 00:39:42,041 [pool-570-thread-1] INFO  server.RaftServerConfigKeys (ConfUtils.java:logGet(43)) - raft.server.log.statemachine.data.sync.timeout.retry = -1 (default)
2019-11-14 00:39:42,042 [pool-570-thread-1] INFO  server.RaftServerConfigKeys (ConfUtils.java:logGet(43)) - raft.server.log.statemachine.data.caching.enabled = true (custom)
2019-11-14 00:39:42,042 [pool-570-thread-1] INFO  segmented.SegmentedRaftLogWorker (SegmentedRaftLogWorker.java:lambda$new$0(128)) - f3a6f38f-08d4-4a6a-b30b-ec54e2e520c3@group-A7D3CC8ABC30-SegmentedRaftLogWorker: flushIndex: setUnconditionally 0 -> -1
2019-11-14 00:39:42,042 [pool-570-thread-1] INFO  server.RaftServerConfigKeys (ConfUtils.java:logGet(43)) - raft.server.snapshot.auto.trigger.enabled = true (custom)
2019-11-14 00:39:42,042 [pool-570-thread-1] INFO  server.RaftServerConfigKeys (ConfUtils.java:logGet(43)) - raft.server.snapshot.auto.trigger.threshold = 10000 (custom)
2019-11-14 00:39:42,042 [pool-570-thread-1] INFO  server.RaftServerConfigKeys (ConfUtils.java:logGet(43)) - raft.server.snapshot.retention.file.num = 5 (custom)
2019-11-14 00:39:42,042 [pool-570-thread-1] INFO  server.RaftServerConfigKeys (ConfUtils.java:logGet(43)) - raft.server.retrycache.expirytime = 600000ms (custom)
2019-11-14 00:39:42,042 [pool-570-thread-1] WARN  impl.MetricRegistriesImpl (MetricRegistriesImpl.java:lambda$create$1(61)) - First MetricRegistry has been created without registering reporters. You may need to call MetricRegistries.global().addReportRegistration(...) before.
2019-11-14 00:39:42,042 [pool-570-thread-1] WARN  impl.MetricRegistriesImpl (MetricRegistriesImpl.java:lambda$create$1(61)) - First MetricRegistry has been created without registering reporters. You may need to call MetricRegistries.global().addReportRegistration(...) before.
2019-11-14 00:39:42,042 [pool-570-thread-1] INFO  impl.RaftServerImpl (RaftServerImpl.java:start(184)) - f3a6f38f-08d4-4a6a-b30b-ec54e2e520c3@group-A7D3CC8ABC30: start as a follower, conf=-1: [f3a6f38f-08d4-4a6a-b30b-ec54e2e520c3:192.168.34.25:38828], old=null
2019-11-14 00:39:42,043 [pool-570-thread-1] INFO  impl.RaftServerImpl (RaftServerImpl.java:setRole(173)) - f3a6f38f-08d4-4a6a-b30b-ec54e2e520c3@group-A7D3CC8ABC30: changes role from      null to FOLLOWER at term 0 for startAsFollower
2019-11-14 00:39:42,043 [pool-570-thread-1] INFO  impl.RoleInfo (RoleInfo.java:updateAndGet(143)) - f3a6f38f-08d4-4a6a-b30b-ec54e2e520c3: start FollowerState
2019-11-14 00:39:42,043 [pool-570-thread-1] INFO  util.JmxRegister (JmxRegister.java:tryRegister(44)) - Successfully registered JMX Bean with object name Ratis:service=RaftServer,group=group-A7D3CC8ABC30,id=f3a6f38f-08d4-4a6a-b30b-ec54e2e520c3
2019-11-14 00:39:42,043 [pool-570-thread-1] WARN  impl.MetricRegistriesImpl (MetricRegistriesImpl.java:lambda$create$1(61)) - First MetricRegistry has been created without registering reporters. You may need to call MetricRegistries.global().addReportRegistration(...) before.
2019-11-14 00:39:42,045 [RatisPipelineUtilsThread] INFO  pipeline.PipelineStateManager (PipelineStateManager.java:addPipeline(55)) - Created pipeline Pipeline[ Id: 85bb8abf-2aa5-46c9-bf5b-a7d3cc8abc30, Nodes: f3a6f38f-08d4-4a6a-b30b-ec54e2e520c3{ip: 192.168.34.25, host: pr-hdds-2474-ghsjm-2904119463, networkLocation: /rack1, certSerialId: null}, Type:RATIS, Factor:ONE, State:ALLOCATED]
2019-11-14 00:39:42,045 [Thread-3916] INFO  pipeline.PipelineStateManager (PipelineStateManager.java:finalizePipeline(121)) - Pipeline Pipeline[ Id: 78cf7873-1e4b-4408-94c8-01541d9720d9, Nodes: 4c0227a7-61cb-4c13-bcf3-e9ab107c9374{ip: 192.168.34.25, host: pr-hdds-2474-ghsjm-2904119463, networkLocation: /rack1, certSerialId: null}536e24f7-ac60-4eb9-a985-13294793bd01{ip: 192.168.34.25, host: pr-hdds-2474-ghsjm-2904119463, networkLocation: /rack1, certSerialId: null}2f70a07d-1e84-46bf-8533-fdd294c919e1{ip: 192.168.34.25, host: pr-hdds-2474-ghsjm-2904119463, networkLocation: /rack1, certSerialId: null}, Type:RATIS, Factor:THREE, State:CLOSED] moved to CLOSED state
2019-11-14 00:39:42,048 [grpc-default-executor-7] INFO  impl.RaftServerProxy (RaftServerProxy.java:remove(95)) - 4c0227a7-61cb-4c13-bcf3-e9ab107c9374: remove  FOLLOWER 4c0227a7-61cb-4c13-bcf3-e9ab107c9374@group-01541D9720D9:t1, leader=536e24f7-ac60-4eb9-a985-13294793bd01, voted=536e24f7-ac60-4eb9-a985-13294793bd01, raftlog=4c0227a7-61cb-4c13-bcf3-e9ab107c9374@group-01541D9720D9-SegmentedRaftLog:OPENED:c0,f0,i0, conf=0: [536e24f7-ac60-4eb9-a985-13294793bd01:192.168.34.25:33623, 2f70a07d-1e84-46bf-8533-fdd294c919e1:192.168.34.25:45658, 4c0227a7-61cb-4c13-bcf3-e9ab107c9374:192.168.34.25:39301], old=null RUNNING
2019-11-14 00:39:42,048 [grpc-default-executor-7] INFO  impl.RaftServerImpl (RaftServerImpl.java:lambda$shutdown$3(250)) - 4c0227a7-61cb-4c13-bcf3-e9ab107c9374@group-01541D9720D9: shutdown
2019-11-14 00:39:42,048 [grpc-default-executor-7] INFO  util.JmxRegister (JmxRegister.java:unregister(73)) - Successfully un-registered JMX Bean with object name Ratis:service=RaftServer,group=group-01541D9720D9,id=4c0227a7-61cb-4c13-bcf3-e9ab107c9374
2019-11-14 00:39:42,048 [grpc-default-executor-7] INFO  impl.RoleInfo (RoleInfo.java:shutdownFollowerState(121)) - 4c0227a7-61cb-4c13-bcf3-e9ab107c9374: shutdown FollowerState
2019-11-14 00:39:42,048 [grpc-default-executor-7] INFO  impl.StateMachineUpdater (StateMachineUpdater.java:stopAndJoin(136)) - 4c0227a7-61cb-4c13-bcf3-e9ab107c9374@group-01541D9720D9-StateMachineUpdater: set stopIndex = 0
2019-11-14 00:39:42,048 [Thread-3981] INFO  impl.FollowerState (FollowerState.java:run(120)) - 4c0227a7-61cb-4c13-bcf3-e9ab107c9374@group-01541D9720D9-FollowerState was interrupted: java.lang.InterruptedException: sleep interrupted
2019-11-14 00:39:42,049 [grpc-default-executor-7] INFO  impl.RaftServerImpl (ServerState.java:close(387)) - 4c0227a7-61cb-4c13-bcf3-e9ab107c9374@group-01541D9720D9: closes. applyIndex: 0
2019-11-14 00:39:42,049 [4c0227a7-61cb-4c13-bcf3-e9ab107c9374@group-01541D9720D9-SegmentedRaftLogWorker] INFO  segmented.SegmentedRaftLogWorker (SegmentedRaftLogWorker.java:run(316)) - 4c0227a7-61cb-4c13-bcf3-e9ab107c9374@group-01541D9720D9-SegmentedRaftLogWorker was interrupted, exiting. There are 0 tasks remaining in the queue.
2019-11-14 00:39:42,049 [grpc-default-executor-7] INFO  segmented.SegmentedRaftLogWorker (SegmentedRaftLogWorker.java:close(224)) - 4c0227a7-61cb-4c13-bcf3-e9ab107c9374@group-01541D9720D9-SegmentedRaftLogWorker close()
2019-11-14 00:39:42,055 [grpc-default-executor-7] INFO  impl.RaftServerProxy (RaftServerProxy.java:remove(95)) - 536e24f7-ac60-4eb9-a985-13294793bd01: remove    LEADER 536e24f7-ac60-4eb9-a985-13294793bd01@group-01541D9720D9:t1, leader=536e24f7-ac60-4eb9-a985-13294793bd01, voted=536e24f7-ac60-4eb9-a985-13294793bd01, raftlog=536e24f7-ac60-4eb9-a985-13294793bd01@group-01541D9720D9-SegmentedRaftLog:OPENED:c0,f0,i0, conf=0: [536e24f7-ac60-4eb9-a985-13294793bd01:192.168.34.25:33623, 2f70a07d-1e84-46bf-8533-fdd294c919e1:192.168.34.25:45658, 4c0227a7-61cb-4c13-bcf3-e9ab107c9374:192.168.34.25:39301], old=null RUNNING
2019-11-14 00:39:42,055 [grpc-default-executor-7] INFO  impl.RaftServerImpl (RaftServerImpl.java:lambda$shutdown$3(250)) - 536e24f7-ac60-4eb9-a985-13294793bd01@group-01541D9720D9: shutdown
2019-11-14 00:39:42,055 [grpc-default-executor-7] INFO  util.JmxRegister (JmxRegister.java:unregister(73)) - Successfully un-registered JMX Bean with object name Ratis:service=RaftServer,group=group-01541D9720D9,id=536e24f7-ac60-4eb9-a985-13294793bd01
2019-11-14 00:39:42,056 [grpc-default-executor-7] INFO  impl.RoleInfo (RoleInfo.java:shutdownLeaderState(104)) - 536e24f7-ac60-4eb9-a985-13294793bd01: shutdown LeaderState
2019-11-14 00:39:42,060 [grpc-default-executor-7] INFO  impl.PendingRequests (PendingRequests.java:sendNotLeaderResponses(206)) - 536e24f7-ac60-4eb9-a985-13294793bd01@group-01541D9720D9-PendingRequests: sendNotLeaderResponses
2019-11-14 00:39:42,060 [org.apache.ratis.server.impl.LogAppender$AppenderDaemon$$Lambda$478/1809456900@1ccacf66] WARN  server.GrpcLogAppender (GrpcLogAppender.java:mayWait(151)) - 536e24f7-ac60-4eb9-a985-13294793bd01@group-01541D9720D9->2f70a07d-1e84-46bf-8533-fdd294c919e1-GrpcLogAppender: Wait interrupted by java.lang.InterruptedException
2019-11-14 00:39:42,060 [grpc-default-executor-7] INFO  impl.StateMachineUpdater (StateMachineUpdater.java:stopAndJoin(136)) - 536e24f7-ac60-4eb9-a985-13294793bd01@group-01541D9720D9-StateMachineUpdater: set stopIndex = 0
2019-11-14 00:39:42,060 [org.apache.ratis.server.impl.LogAppender$AppenderDaemon$$Lambda$478/1809456900@59c8429b] WARN  server.GrpcLogAppender (GrpcLogAppender.java:mayWait(151)) - 536e24f7-ac60-4eb9-a985-13294793bd01@group-01541D9720D9->4c0227a7-61cb-4c13-bcf3-e9ab107c9374-GrpcLogAppender: Wait interrupted by java.lang.InterruptedException
2019-11-14 00:39:42,061 [grpc-default-executor-7] INFO  impl.RaftServerImpl (ServerState.java:close(387)) - 536e24f7-ac60-4eb9-a985-13294793bd01@group-01541D9720D9: closes. applyIndex: 0
2019-11-14 00:39:42,061 [grpc-default-executor-6] INFO  server.GrpcServerProtocolService (GrpcServerProtocolService.java:onCompleted(113)) - 2f70a07d-1e84-46bf-8533-fdd294c919e1: Completed APPEND_ENTRIES, lastRequest: 536e24f7-ac60-4eb9-a985-13294793bd01->2f70a07d-1e84-46bf-8533-fdd294c919e1#5-t1, previous=(t:1, i:0), leaderCommit=0, initializing? false, entries: <empty>
2019-11-14 00:39:42,061 [536e24f7-ac60-4eb9-a985-13294793bd01@group-01541D9720D9-SegmentedRaftLogWorker] INFO  segmented.SegmentedRaftLogWorker (SegmentedRaftLogWorker.java:run(316)) - 536e24f7-ac60-4eb9-a985-13294793bd01@group-01541D9720D9-SegmentedRaftLogWorker was interrupted, exiting. There are 0 tasks remaining in the queue.
2019-11-14 00:39:42,061 [grpc-default-executor-0] INFO  server.GrpcServerProtocolService (GrpcServerProtocolService.java:onCompleted(113)) - 4c0227a7-61cb-4c13-bcf3-e9ab107c9374: Completed APPEND_ENTRIES, lastRequest: 536e24f7-ac60-4eb9-a985-13294793bd01->4c0227a7-61cb-4c13-bcf3-e9ab107c9374#5-t1, previous=(t:1, i:0), leaderCommit=0, initializing? false, entries: <empty>
2019-11-14 00:39:42,061 [grpc-default-executor-7] INFO  segmented.SegmentedRaftLogWorker (SegmentedRaftLogWorker.java:close(224)) - 536e24f7-ac60-4eb9-a985-13294793bd01@group-01541D9720D9-SegmentedRaftLogWorker close()
2019-11-14 00:39:42,061 [grpc-default-executor-6] INFO  server.GrpcLogAppender (GrpcLogAppender.java:onCompleted(308)) - 536e24f7-ac60-4eb9-a985-13294793bd01@group-01541D9720D9->2f70a07d-1e84-46bf-8533-fdd294c919e1-AppendLogResponseHandler: follower responses appendEntries COMPLETED
2019-11-14 00:39:42,061 [grpc-default-executor-0] INFO  server.GrpcLogAppender (GrpcLogAppender.java:onCompleted(308)) - 536e24f7-ac60-4eb9-a985-13294793bd01@group-01541D9720D9->4c0227a7-61cb-4c13-bcf3-e9ab107c9374-AppendLogResponseHandler: follower responses appendEntries COMPLETED
2019-11-14 00:39:42,063 [grpc-default-executor-6] INFO  impl.FollowerInfo (FollowerInfo.java:lambda$new$0(51)) - 536e24f7-ac60-4eb9-a985-13294793bd01@group-01541D9720D9->2f70a07d-1e84-46bf-8533-fdd294c919e1: nextIndex: updateUnconditionally 1 -> 0
2019-11-14 00:39:42,063 [grpc-default-executor-0] INFO  impl.FollowerInfo (FollowerInfo.java:lambda$new$0(51)) - 536e24f7-ac60-4eb9-a985-13294793bd01@group-01541D9720D9->4c0227a7-61cb-4c13-bcf3-e9ab107c9374: nextIndex: updateUnconditionally 1 -> 0
2019-11-14 00:39:42,067 [grpc-default-executor-0] INFO  impl.RaftServerProxy (RaftServerProxy.java:remove(95)) - 2f70a07d-1e84-46bf-8533-fdd294c919e1: remove  FOLLOWER 2f70a07d-1e84-46bf-8533-fdd294c919e1@group-01541D9720D9:t1, leader=536e24f7-ac60-4eb9-a985-13294793bd01, voted=536e24f7-ac60-4eb9-a985-13294793bd01, raftlog=2f70a07d-1e84-46bf-8533-fdd294c919e1@group-01541D9720D9-SegmentedRaftLog:OPENED:c0,f0,i0, conf=0: [536e24f7-ac60-4eb9-a985-13294793bd01:192.168.34.25:33623, 2f70a07d-1e84-46bf-8533-fdd294c919e1:192.168.34.25:45658, 4c0227a7-61cb-4c13-bcf3-e9ab107c9374:192.168.34.25:39301], old=null RUNNING
2019-11-14 00:39:42,067 [grpc-default-executor-0] INFO  impl.RaftServerImpl (RaftServerImpl.java:lambda$shutdown$3(250)) - 2f70a07d-1e84-46bf-8533-fdd294c919e1@group-01541D9720D9: shutdown
2019-11-14 00:39:42,067 [grpc-default-executor-0] INFO  util.JmxRegister (JmxRegister.java:unregister(73)) - Successfully un-registered JMX Bean with object name Ratis:service=RaftServer,group=group-01541D9720D9,id=2f70a07d-1e84-46bf-8533-fdd294c919e1
2019-11-14 00:39:42,067 [grpc-default-executor-0] INFO  impl.RoleInfo (RoleInfo.java:shutdownFollowerState(121)) - 2f70a07d-1e84-46bf-8533-fdd294c919e1: shutdown FollowerState
2019-11-14 00:39:42,067 [grpc-default-executor-0] INFO  impl.StateMachineUpdater (StateMachineUpdater.java:stopAndJoin(136)) - 2f70a07d-1e84-46bf-8533-fdd294c919e1@group-01541D9720D9-StateMachineUpdater: set stopIndex = 0
2019-11-14 00:39:42,067 [Thread-3982] INFO  impl.FollowerState (FollowerState.java:run(120)) - 2f70a07d-1e84-46bf-8533-fdd294c919e1@group-01541D9720D9-FollowerState was interrupted: java.lang.InterruptedException: sleep interrupted
2019-11-14 00:39:42,067 [grpc-default-executor-0] INFO  impl.RaftServerImpl (ServerState.java:close(387)) - 2f70a07d-1e84-46bf-8533-fdd294c919e1@group-01541D9720D9: closes. applyIndex: 0
2019-11-14 00:39:42,068 [2f70a07d-1e84-46bf-8533-fdd294c919e1@group-01541D9720D9-SegmentedRaftLogWorker] INFO  segmented.SegmentedRaftLogWorker (SegmentedRaftLogWorker.java:run(316)) - 2f70a07d-1e84-46bf-8533-fdd294c919e1@group-01541D9720D9-SegmentedRaftLogWorker was interrupted, exiting. There are 0 tasks remaining in the queue.
2019-11-14 00:39:42,068 [grpc-default-executor-0] INFO  segmented.SegmentedRaftLogWorker (SegmentedRaftLogWorker.java:close(224)) - 2f70a07d-1e84-46bf-8533-fdd294c919e1@group-01541D9720D9-SegmentedRaftLogWorker close()
2019-11-14 00:39:42,072 [Thread-3916] INFO  pipeline.PipelineStateManager (PipelineStateManager.java:removePipeline(106)) - Pipeline Pipeline[ Id: 78cf7873-1e4b-4408-94c8-01541d9720d9, Nodes: 4c0227a7-61cb-4c13-bcf3-e9ab107c9374{ip: 192.168.34.25, host: pr-hdds-2474-ghsjm-2904119463, networkLocation: /rack1, certSerialId: null}536e24f7-ac60-4eb9-a985-13294793bd01{ip: 192.168.34.25, host: pr-hdds-2474-ghsjm-2904119463, networkLocation: /rack1, certSerialId: null}2f70a07d-1e84-46bf-8533-fdd294c919e1{ip: 192.168.34.25, host: pr-hdds-2474-ghsjm-2904119463, networkLocation: /rack1, certSerialId: null}, Type:RATIS, Factor:THREE, State:CLOSED] removed from db
2019-11-14 00:39:42,072 [Thread-3916] INFO  pipeline.SCMPipelineManager (SCMPipelineManager.java:finalizeAndDestroyPipeline(315)) - destroying pipeline:Pipeline[ Id: 39a4e8e5-efb3-4b85-9ddf-4d416c5eadfa, Nodes: dabbec34-9112-49d4-9f2a-1cc38e957548{ip: 192.168.34.25, host: pr-hdds-2474-ghsjm-2904119463, networkLocation: /rack1, certSerialId: null}, Type:RATIS, Factor:ONE, State:OPEN]
2019-11-14 00:39:42,077 [grpc-default-executor-7] INFO  impl.RaftServerProxy (RaftServerProxy.java:addNew(89)) - 2f70a07d-1e84-46bf-8533-fdd294c919e1: addNew group-46DCB38A8CDA:[536e24f7-ac60-4eb9-a985-13294793bd01:192.168.34.25:33623, 2f70a07d-1e84-46bf-8533-fdd294c919e1:192.168.34.25:45658, 4c0227a7-61cb-4c13-bcf3-e9ab107c9374:192.168.34.25:39301] returns group-46DCB38A8CDA:java.util.concurrent.CompletableFuture@1aca29db[Not completed]
2019-11-14 00:39:42,077 [grpc-default-executor-6] INFO  impl.RaftServerProxy (RaftServerProxy.java:addNew(89)) - 536e24f7-ac60-4eb9-a985-13294793bd01: addNew group-46DCB38A8CDA:[536e24f7-ac60-4eb9-a985-13294793bd01:192.168.34.25:33623, 2f70a07d-1e84-46bf-8533-fdd294c919e1:192.168.34.25:45658, 4c0227a7-61cb-4c13-bcf3-e9ab107c9374:192.168.34.25:39301] returns group-46DCB38A8CDA:java.util.concurrent.CompletableFuture@432c36bf[Not completed]
2019-11-14 00:39:42,077 [grpc-default-executor-0] INFO  impl.RaftServerProxy (RaftServerProxy.java:addNew(89)) - 4c0227a7-61cb-4c13-bcf3-e9ab107c9374: addNew group-46DCB38A8CDA:[536e24f7-ac60-4eb9-a985-13294793bd01:192.168.34.25:33623, 2f70a07d-1e84-46bf-8533-fdd294c919e1:192.168.34.25:45658, 4c0227a7-61cb-4c13-bcf3-e9ab107c9374:192.168.34.25:39301] returns group-46DCB38A8CDA:java.util.concurrent.CompletableFuture@2a33f73[Not completed]
2019-11-14 00:39:42,078 [pool-530-thread-1] INFO  impl.RaftServerImpl (RaftServerImpl.java:<init>(98)) - 536e24f7-ac60-4eb9-a985-13294793bd01: new RaftServerImpl for group-46DCB38A8CDA:[536e24f7-ac60-4eb9-a985-13294793bd01:192.168.34.25:33623, 2f70a07d-1e84-46bf-8533-fdd294c919e1:192.168.34.25:45658, 4c0227a7-61cb-4c13-bcf3-e9ab107c9374:192.168.34.25:39301] with ContainerStateMachine:uninitialized
2019-11-14 00:39:42,078 [pool-530-thread-1] INFO  server.RaftServerConfigKeys (ConfUtils.java:logGet(43)) - raft.server.rpc.timeout.min = 1s (custom)
2019-11-14 00:39:42,078 [pool-530-thread-1] INFO  server.RaftServerConfigKeys (ConfUtils.java:logGet(43)) - raft.server.rpc.timeout.max = 1200ms (custom)
2019-11-14 00:39:42,078 [pool-530-thread-1] INFO  server.RaftServerConfigKeys (ConfUtils.java:logGet(43)) - raft.server.rpcslowness.timeout = 120s (custom)
2019-11-14 00:39:42,078 [pool-530-thread-1] INFO  server.RaftServerConfigKeys (ConfUtils.java:logGet(43)) - raft.server.sleep.deviation.threshold = 300 (default)
2019-11-14 00:39:42,078 [pool-530-thread-1] INFO  server.RaftServerConfigKeys (ConfUtils.java:logGet(43)) - raft.server.log.appender.install.snapshot.enabled = false (custom)
2019-11-14 00:39:42,078 [pool-510-thread-1] INFO  impl.RaftServerImpl (RaftServerImpl.java:<init>(98)) - 4c0227a7-61cb-4c13-bcf3-e9ab107c9374: new RaftServerImpl for group-46DCB38A8CDA:[536e24f7-ac60-4eb9-a985-13294793bd01:192.168.34.25:33623, 2f70a07d-1e84-46bf-8533-fdd294c919e1:192.168.34.25:45658, 4c0227a7-61cb-4c13-bcf3-e9ab107c9374:192.168.34.25:39301] with ContainerStateMachine:uninitialized
2019-11-14 00:39:42,078 [pool-530-thread-1] INFO  impl.RaftServerImpl (ServerState.java:<init>(103)) - 536e24f7-ac60-4eb9-a985-13294793bd01@group-46DCB38A8CDA: ConfigurationManager, init=-1: [536e24f7-ac60-4eb9-a985-13294793bd01:192.168.34.25:33623, 2f70a07d-1e84-46bf-8533-fdd294c919e1:192.168.34.25:45658, 4c0227a7-61cb-4c13-bcf3-e9ab107c9374:192.168.34.25:39301], old=null, confs=<EMPTY_MAP>
2019-11-14 00:39:42,078 [pool-510-thread-1] INFO  server.RaftServerConfigKeys (ConfUtils.java:logGet(43)) - raft.server.rpc.timeout.min = 1s (custom)
2019-11-14 00:39:42,078 [pool-530-thread-1] INFO  server.RaftServerConfigKeys (ConfUtils.java:logGet(43)) - raft.server.storage.dir = [/workdir/hadoop-ozone/integration-test/target/test-dir/MiniOzoneClusterImpl-f0c02ddf-6665-4004-91fc-64de6051483a/datanode-2/data/ratis] (custom)
2019-11-14 00:39:42,078 [pool-510-thread-1] INFO  server.RaftServerConfigKeys (ConfUtils.java:logGet(43)) - raft.server.rpc.timeout.max = 1200ms (custom)
2019-11-14 00:39:42,078 [pool-520-thread-1] INFO  impl.RaftServerImpl (RaftServerImpl.java:<init>(98)) - 2f70a07d-1e84-46bf-8533-fdd294c919e1: new RaftServerImpl for group-46DCB38A8CDA:[536e24f7-ac60-4eb9-a985-13294793bd01:192.168.34.25:33623, 2f70a07d-1e84-46bf-8533-fdd294c919e1:192.168.34.25:45658, 4c0227a7-61cb-4c13-bcf3-e9ab107c9374:192.168.34.25:39301] with ContainerStateMachine:uninitialized
2019-11-14 00:39:42,078 [pool-530-thread-1] INFO  server.RaftServerConfigKeys (ConfUtils.java:logGet(43)) - raft.server.log.corruption.policy = EXCEPTION (default)
2019-11-14 00:39:42,078 [pool-510-thread-1] INFO  server.RaftServerConfigKeys (ConfUtils.java:logGet(43)) - raft.server.rpcslowness.timeout = 120s (custom)
2019-11-14 00:39:42,078 [pool-520-thread-1] INFO  server.RaftServerConfigKeys (ConfUtils.java:logGet(43)) - raft.server.rpc.timeout.min = 1s (custom)
2019-11-14 00:39:42,079 [pool-510-thread-1] INFO  server.RaftServerConfigKeys (ConfUtils.java:logGet(43)) - raft.server.sleep.deviation.threshold = 300 (default)
2019-11-14 00:39:42,079 [pool-530-thread-1] INFO  storage.RaftStorageDirectory (RaftStorageDirectory.java:analyzeStorage(246)) - The storage directory /workdir/hadoop-ozone/integration-test/target/test-dir/MiniOzoneClusterImpl-f0c02ddf-6665-4004-91fc-64de6051483a/datanode-2/data/ratis/a3ffc6c7-2a7c-4978-b27a-46dcb38a8cda does not exist. Creating ...
2019-11-14 00:39:42,079 [pool-510-thread-1] INFO  server.RaftServerConfigKeys (ConfUtils.java:logGet(43)) - raft.server.log.appender.install.snapshot.enabled = false (custom)
2019-11-14 00:39:42,079 [pool-520-thread-1] INFO  server.RaftServerConfigKeys (ConfUtils.java:logGet(43)) - raft.server.rpc.timeout.max = 1200ms (custom)
2019-11-14 00:39:42,079 [pool-510-thread-1] INFO  impl.RaftServerImpl (ServerState.java:<init>(103)) - 4c0227a7-61cb-4c13-bcf3-e9ab107c9374@group-46DCB38A8CDA: ConfigurationManager, init=-1: [536e24f7-ac60-4eb9-a985-13294793bd01:192.168.34.25:33623, 2f70a07d-1e84-46bf-8533-fdd294c919e1:192.168.34.25:45658, 4c0227a7-61cb-4c13-bcf3-e9ab107c9374:192.168.34.25:39301], old=null, confs=<EMPTY_MAP>
2019-11-14 00:39:42,079 [pool-520-thread-1] INFO  server.RaftServerConfigKeys (ConfUtils.java:logGet(43)) - raft.server.rpcslowness.timeout = 120s (custom)
2019-11-14 00:39:42,079 [pool-510-thread-1] INFO  server.RaftServerConfigKeys (ConfUtils.java:logGet(43)) - raft.server.storage.dir = [/workdir/hadoop-ozone/integration-test/target/test-dir/MiniOzoneClusterImpl-f0c02ddf-6665-4004-91fc-64de6051483a/datanode-0/data/ratis] (custom)
2019-11-14 00:39:42,079 [pool-520-thread-1] INFO  server.RaftServerConfigKeys (ConfUtils.java:logGet(43)) - raft.server.sleep.deviation.threshold = 300 (default)
2019-11-14 00:39:42,079 [pool-520-thread-1] INFO  server.RaftServerConfigKeys (ConfUtils.java:logGet(43)) - raft.server.log.appender.install.snapshot.enabled = false (custom)
2019-11-14 00:39:42,079 [pool-510-thread-1] INFO  server.RaftServerConfigKeys (ConfUtils.java:logGet(43)) - raft.server.log.corruption.policy = EXCEPTION (default)
2019-11-14 00:39:42,079 [pool-520-thread-1] INFO  impl.RaftServerImpl (ServerState.java:<init>(103)) - 2f70a07d-1e84-46bf-8533-fdd294c919e1@group-46DCB38A8CDA: ConfigurationManager, init=-1: [536e24f7-ac60-4eb9-a985-13294793bd01:192.168.34.25:33623, 2f70a07d-1e84-46bf-8533-fdd294c919e1:192.168.34.25:45658, 4c0227a7-61cb-4c13-bcf3-e9ab107c9374:192.168.34.25:39301], old=null, confs=<EMPTY_MAP>
2019-11-14 00:39:42,080 [pool-510-thread-1] INFO  storage.RaftStorageDirectory (RaftStorageDirectory.java:analyzeStorage(246)) - The storage directory /workdir/hadoop-ozone/integration-test/target/test-dir/MiniOzoneClusterImpl-f0c02ddf-6665-4004-91fc-64de6051483a/datanode-0/data/ratis/a3ffc6c7-2a7c-4978-b27a-46dcb38a8cda does not exist. Creating ...
2019-11-14 00:39:42,080 [pool-520-thread-1] INFO  server.RaftServerConfigKeys (ConfUtils.java:logGet(43)) - raft.server.storage.dir = [/workdir/hadoop-ozone/integration-test/target/test-dir/MiniOzoneClusterImpl-f0c02ddf-6665-4004-91fc-64de6051483a/datanode-1/data/ratis] (custom)
2019-11-14 00:39:42,080 [pool-520-thread-1] INFO  server.RaftServerConfigKeys (ConfUtils.java:logGet(43)) - raft.server.log.corruption.policy = EXCEPTION (default)
2019-11-14 00:39:42,080 [pool-520-thread-1] INFO  storage.RaftStorageDirectory (RaftStorageDirectory.java:analyzeStorage(246)) - The storage directory /workdir/hadoop-ozone/integration-test/target/test-dir/MiniOzoneClusterImpl-f0c02ddf-6665-4004-91fc-64de6051483a/datanode-1/data/ratis/a3ffc6c7-2a7c-4978-b27a-46dcb38a8cda does not exist. Creating ...
2019-11-14 00:39:42,092 [pool-530-thread-1] INFO  storage.RaftStorageDirectory (RaftStorageDirectory.java:tryLock(328)) - Lock on /workdir/hadoop-ozone/integration-test/target/test-dir/MiniOzoneClusterImpl-f0c02ddf-6665-4004-91fc-64de6051483a/datanode-2/data/ratis/a3ffc6c7-2a7c-4978-b27a-46dcb38a8cda/in_use.lock acquired by nodename 12001@pr-hdds-2474-ghsjm-2904119463
2019-11-14 00:39:42,092 [pool-510-thread-1] INFO  storage.RaftStorageDirectory (RaftStorageDirectory.java:tryLock(328)) - Lock on /workdir/hadoop-ozone/integration-test/target/test-dir/MiniOzoneClusterImpl-f0c02ddf-6665-4004-91fc-64de6051483a/datanode-0/data/ratis/a3ffc6c7-2a7c-4978-b27a-46dcb38a8cda/in_use.lock acquired by nodename 12001@pr-hdds-2474-ghsjm-2904119463
2019-11-14 00:39:42,092 [pool-520-thread-1] INFO  storage.RaftStorageDirectory (RaftStorageDirectory.java:tryLock(328)) - Lock on /workdir/hadoop-ozone/integration-test/target/test-dir/MiniOzoneClusterImpl-f0c02ddf-6665-4004-91fc-64de6051483a/datanode-1/data/ratis/a3ffc6c7-2a7c-4978-b27a-46dcb38a8cda/in_use.lock acquired by nodename 12001@pr-hdds-2474-ghsjm-2904119463
2019-11-14 00:39:42,113 [pool-530-thread-1] INFO  storage.RaftStorage (RaftStorage.java:format(84)) - Storage directory /workdir/hadoop-ozone/integration-test/target/test-dir/MiniOzoneClusterImpl-f0c02ddf-6665-4004-91fc-64de6051483a/datanode-2/data/ratis/a3ffc6c7-2a7c-4978-b27a-46dcb38a8cda has been successfully formatted.
2019-11-14 00:39:42,113 [pool-510-thread-1] INFO  storage.RaftStorage (RaftStorage.java:format(84)) - Storage directory /workdir/hadoop-ozone/integration-test/target/test-dir/MiniOzoneClusterImpl-f0c02ddf-6665-4004-91fc-64de6051483a/datanode-0/data/ratis/a3ffc6c7-2a7c-4978-b27a-46dcb38a8cda has been successfully formatted.
2019-11-14 00:39:42,113 [pool-520-thread-1] INFO  storage.RaftStorage (RaftStorage.java:format(84)) - Storage directory /workdir/hadoop-ozone/integration-test/target/test-dir/MiniOzoneClusterImpl-f0c02ddf-6665-4004-91fc-64de6051483a/datanode-1/data/ratis/a3ffc6c7-2a7c-4978-b27a-46dcb38a8cda has been successfully formatted.
2019-11-14 00:39:42,113 [pool-510-thread-1] INFO  ratis.ContainerStateMachine (ContainerStateMachine.java:loadSnapshot(223)) - group-46DCB38A8CDA: The snapshot info is null. Setting the last applied indexto:(t:0, i:~)
2019-11-14 00:39:42,113 [pool-530-thread-1] INFO  ratis.ContainerStateMachine (ContainerStateMachine.java:loadSnapshot(223)) - group-46DCB38A8CDA: The snapshot info is null. Setting the last applied indexto:(t:0, i:~)
2019-11-14 00:39:42,113 [pool-510-thread-1] INFO  server.RaftServerConfigKeys (ConfUtils.java:logGet(43)) - raft.server.notification.no-leader.timeout = 120s (custom)
2019-11-14 00:39:42,113 [pool-520-thread-1] INFO  ratis.ContainerStateMachine (ContainerStateMachine.java:loadSnapshot(223)) - group-46DCB38A8CDA: The snapshot info is null. Setting the last applied indexto:(t:0, i:~)
2019-11-14 00:39:42,114 [pool-510-thread-1] INFO  server.RaftServerConfigKeys (ConfUtils.java:logGet(43)) - raft.server.log.use.memory = false (default)
2019-11-14 00:39:42,114 [pool-530-thread-1] INFO  server.RaftServerConfigKeys (ConfUtils.java:logGet(43)) - raft.server.notification.no-leader.timeout = 120s (custom)
2019-11-14 00:39:42,114 [pool-510-thread-1] INFO  server.RaftServerConfigKeys (ConfUtils.java:logGet(43)) - raft.server.log.purge.gap = 1000000 (custom)
2019-11-14 00:39:42,114 [pool-520-thread-1] INFO  server.RaftServerConfigKeys (ConfUtils.java:logGet(43)) - raft.server.notification.no-leader.timeout = 120s (custom)
2019-11-14 00:39:42,114 [pool-510-thread-1] INFO  server.RaftServerConfigKeys (ConfUtils.java:logGet(43)) - raft.server.log.appender.buffer.byte-limit = 33554432 (custom)
2019-11-14 00:39:42,114 [pool-530-thread-1] INFO  server.RaftServerConfigKeys (ConfUtils.java:logGet(43)) - raft.server.log.use.memory = false (default)
2019-11-14 00:39:42,114 [pool-510-thread-1] INFO  server.RaftServerConfigKeys (ConfUtils.java:logGet(43)) - raft.server.log.segment.size.max = 1048576 (custom)
2019-11-14 00:39:42,114 [pool-520-thread-1] INFO  server.RaftServerConfigKeys (ConfUtils.java:logGet(43)) - raft.server.log.use.memory = false (default)
2019-11-14 00:39:42,114 [pool-510-thread-1] INFO  server.RaftServerConfigKeys (ConfUtils.java:logGet(43)) - raft.server.log.segment.cache.num.max = 2 (custom)
2019-11-14 00:39:42,114 [pool-530-thread-1] INFO  server.RaftServerConfigKeys (ConfUtils.java:logGet(43)) - raft.server.log.purge.gap = 1000000 (custom)
2019-11-14 00:39:42,114 [pool-510-thread-1] INFO  segmented.SegmentedRaftLogWorker (SegmentedRaftLogWorker.java:<init>(173)) - new 4c0227a7-61cb-4c13-bcf3-e9ab107c9374@group-46DCB38A8CDA-SegmentedRaftLogWorker for RaftStorage:Storage Directory /workdir/hadoop-ozone/integration-test/target/test-dir/MiniOzoneClusterImpl-f0c02ddf-6665-4004-91fc-64de6051483a/datanode-0/data/ratis/a3ffc6c7-2a7c-4978-b27a-46dcb38a8cda
2019-11-14 00:39:42,114 [pool-520-thread-1] INFO  server.RaftServerConfigKeys (ConfUtils.java:logGet(43)) - raft.server.log.purge.gap = 1000000 (custom)
2019-11-14 00:39:42,114 [pool-510-thread-1] INFO  server.RaftServerConfigKeys (ConfUtils.java:logGet(43)) - raft.server.log.queue.byte-limit = 2147483647 (custom)
2019-11-14 00:39:42,114 [pool-530-thread-1] INFO  server.RaftServerConfigKeys (ConfUtils.java:logGet(43)) - raft.server.log.appender.buffer.byte-limit = 33554432 (custom)
2019-11-14 00:39:42,115 [pool-510-thread-1] INFO  server.RaftServerConfigKeys (ConfUtils.java:logGet(43)) - raft.server.log.queue.element-limit = 1024 (custom)
2019-11-14 00:39:42,115 [pool-520-thread-1] INFO  server.RaftServerConfigKeys (ConfUtils.java:logGet(43)) - raft.server.log.appender.buffer.byte-limit = 33554432 (custom)
2019-11-14 00:39:42,115 [pool-510-thread-1] INFO  server.RaftServerConfigKeys (ConfUtils.java:logGet(43)) - raft.server.log.segment.size.max = 1048576 (custom)
2019-11-14 00:39:42,115 [pool-530-thread-1] INFO  server.RaftServerConfigKeys (ConfUtils.java:logGet(43)) - raft.server.log.segment.size.max = 1048576 (custom)
2019-11-14 00:39:42,115 [pool-510-thread-1] INFO  server.RaftServerConfigKeys (ConfUtils.java:logGet(43)) - raft.server.log.preallocated.size = 16384 (custom)
2019-11-14 00:39:42,115 [pool-520-thread-1] INFO  server.RaftServerConfigKeys (ConfUtils.java:logGet(43)) - raft.server.log.segment.size.max = 1048576 (custom)
2019-11-14 00:39:42,115 [pool-510-thread-1] INFO  server.RaftServerConfigKeys (ConfUtils.java:logGet(43)) - raft.server.log.write.buffer.size = 33554432 (custom)
2019-11-14 00:39:42,115 [pool-530-thread-1] INFO  server.RaftServerConfigKeys (ConfUtils.java:logGet(43)) - raft.server.log.segment.cache.num.max = 2 (custom)
2019-11-14 00:39:42,115 [pool-510-thread-1] INFO  server.RaftServerConfigKeys (ConfUtils.java:logGet(43)) - raft.server.log.force.sync.num = 128 (default)
2019-11-14 00:39:42,115 [pool-520-thread-1] INFO  server.RaftServerConfigKeys (ConfUtils.java:logGet(43)) - raft.server.log.segment.cache.num.max = 2 (custom)
2019-11-14 00:39:42,115 [pool-510-thread-1] INFO  server.RaftServerConfigKeys (ConfUtils.java:logGet(43)) - raft.server.log.statemachine.data.sync = true (default)
2019-11-14 00:39:42,115 [pool-530-thread-1] INFO  segmented.SegmentedRaftLogWorker (SegmentedRaftLogWorker.java:<init>(173)) - new 536e24f7-ac60-4eb9-a985-13294793bd01@group-46DCB38A8CDA-SegmentedRaftLogWorker for RaftStorage:Storage Directory /workdir/hadoop-ozone/integration-test/target/test-dir/MiniOzoneClusterImpl-f0c02ddf-6665-4004-91fc-64de6051483a/datanode-2/data/ratis/a3ffc6c7-2a7c-4978-b27a-46dcb38a8cda
2019-11-14 00:39:42,115 [pool-510-thread-1] INFO  server.RaftServerConfigKeys (ConfUtils.java:logGet(43)) - raft.server.log.statemachine.data.sync.timeout = 10s (default)
2019-11-14 00:39:42,115 [pool-520-thread-1] INFO  segmented.SegmentedRaftLogWorker (SegmentedRaftLogWorker.java:<init>(173)) - new 2f70a07d-1e84-46bf-8533-fdd294c919e1@group-46DCB38A8CDA-SegmentedRaftLogWorker for RaftStorage:Storage Directory /workdir/hadoop-ozone/integration-test/target/test-dir/MiniOzoneClusterImpl-f0c02ddf-6665-4004-91fc-64de6051483a/datanode-1/data/ratis/a3ffc6c7-2a7c-4978-b27a-46dcb38a8cda
2019-11-14 00:39:42,116 [pool-510-thread-1] INFO  server.RaftServerConfigKeys (ConfUtils.java:logGet(43)) - raft.server.log.statemachine.data.sync.timeout.retry = -1 (default)
2019-11-14 00:39:42,115 [pool-530-thread-1] INFO  server.RaftServerConfigKeys (ConfUtils.java:logGet(43)) - raft.server.log.queue.byte-limit = 2147483647 (custom)
2019-11-14 00:39:42,116 [pool-510-thread-1] INFO  server.RaftServerConfigKeys (ConfUtils.java:logGet(43)) - raft.server.log.statemachine.data.caching.enabled = true (custom)
2019-11-14 00:39:42,116 [pool-520-thread-1] INFO  server.RaftServerConfigKeys (ConfUtils.java:logGet(43)) - raft.server.log.queue.byte-limit = 2147483647 (custom)
2019-11-14 00:39:42,116 [pool-530-thread-1] INFO  server.RaftServerConfigKeys (ConfUtils.java:logGet(43)) - raft.server.log.queue.element-limit = 1024 (custom)
2019-11-14 00:39:42,116 [pool-510-thread-1] INFO  segmented.SegmentedRaftLogWorker (SegmentedRaftLogWorker.java:lambda$new$0(128)) - 4c0227a7-61cb-4c13-bcf3-e9ab107c9374@group-46DCB38A8CDA-SegmentedRaftLogWorker: flushIndex: setUnconditionally 0 -> -1
2019-11-14 00:39:42,116 [pool-520-thread-1] INFO  server.RaftServerConfigKeys (ConfUtils.java:logGet(43)) - raft.server.log.queue.element-limit = 1024 (custom)
2019-11-14 00:39:42,116 [pool-530-thread-1] INFO  server.RaftServerConfigKeys (ConfUtils.java:logGet(43)) - raft.server.log.segment.size.max = 1048576 (custom)
2019-11-14 00:39:42,116 [pool-510-thread-1] INFO  server.RaftServerConfigKeys (ConfUtils.java:logGet(43)) - raft.server.snapshot.auto.trigger.enabled = true (custom)
2019-11-14 00:39:42,116 [pool-520-thread-1] INFO  server.RaftServerConfigKeys (ConfUtils.java:logGet(43)) - raft.server.log.segment.size.max = 1048576 (custom)
2019-11-14 00:39:42,116 [pool-510-thread-1] INFO  server.RaftServerConfigKeys (ConfUtils.java:logGet(43)) - raft.server.snapshot.auto.trigger.threshold = 10000 (custom)
2019-11-14 00:39:42,116 [pool-530-thread-1] INFO  server.RaftServerConfigKeys (ConfUtils.java:logGet(43)) - raft.server.log.preallocated.size = 16384 (custom)
2019-11-14 00:39:42,116 [pool-510-thread-1] INFO  server.RaftServerConfigKeys (ConfUtils.java:logGet(43)) - raft.server.snapshot.retention.file.num = 5 (custom)
2019-11-14 00:39:42,116 [pool-520-thread-1] INFO  server.RaftServerConfigKeys (ConfUtils.java:logGet(43)) - raft.server.log.preallocated.size = 16384 (custom)
2019-11-14 00:39:42,117 [pool-510-thread-1] INFO  server.RaftServerConfigKeys (ConfUtils.java:logGet(43)) - raft.server.retrycache.expirytime = 600000ms (custom)
2019-11-14 00:39:42,117 [pool-530-thread-1] INFO  server.RaftServerConfigKeys (ConfUtils.java:logGet(43)) - raft.server.log.write.buffer.size = 33554432 (custom)
2019-11-14 00:39:42,117 [pool-510-thread-1] WARN  impl.MetricRegistriesImpl (MetricRegistriesImpl.java:lambda$create$1(61)) - First MetricRegistry has been created without registering reporters. You may need to call MetricRegistries.global().addReportRegistration(...) before.
2019-11-14 00:39:42,117 [pool-520-thread-1] INFO  server.RaftServerConfigKeys (ConfUtils.java:logGet(43)) - raft.server.log.write.buffer.size = 33554432 (custom)
2019-11-14 00:39:42,117 [pool-510-thread-1] WARN  impl.MetricRegistriesImpl (MetricRegistriesImpl.java:lambda$create$1(61)) - First MetricRegistry has been created without registering reporters. You may need to call MetricRegistries.global().addReportRegistration(...) before.
2019-11-14 00:39:42,117 [pool-530-thread-1] INFO  server.RaftServerConfigKeys (ConfUtils.java:logGet(43)) - raft.server.log.force.sync.num = 128 (default)
2019-11-14 00:39:42,117 [pool-520-thread-1] INFO  server.RaftServerConfigKeys (ConfUtils.java:logGet(43)) - raft.server.log.force.sync.num = 128 (default)
2019-11-14 00:39:42,117 [pool-530-thread-1] INFO  server.RaftServerConfigKeys (ConfUtils.java:logGet(43)) - raft.server.log.statemachine.data.sync = true (default)
2019-11-14 00:39:42,117 [pool-510-thread-1] INFO  impl.RaftServerImpl (RaftServerImpl.java:start(184)) - 4c0227a7-61cb-4c13-bcf3-e9ab107c9374@group-46DCB38A8CDA: start as a follower, conf=-1: [536e24f7-ac60-4eb9-a985-13294793bd01:192.168.34.25:33623, 2f70a07d-1e84-46bf-8533-fdd294c919e1:192.168.34.25:45658, 4c0227a7-61cb-4c13-bcf3-e9ab107c9374:192.168.34.25:39301], old=null
2019-11-14 00:39:42,117 [pool-530-thread-1] INFO  server.RaftServerConfigKeys (ConfUtils.java:logGet(43)) - raft.server.log.statemachine.data.sync.timeout = 10s (default)
2019-11-14 00:39:42,117 [pool-520-thread-1] INFO  server.RaftServerConfigKeys (ConfUtils.java:logGet(43)) - raft.server.log.statemachine.data.sync = true (default)
2019-11-14 00:39:42,117 [pool-530-thread-1] INFO  server.RaftServerConfigKeys (ConfUtils.java:logGet(43)) - raft.server.log.statemachine.data.sync.timeout.retry = -1 (default)
2019-11-14 00:39:42,117 [pool-510-thread-1] INFO  impl.RaftServerImpl (RaftServerImpl.java:setRole(173)) - 4c0227a7-61cb-4c13-bcf3-e9ab107c9374@group-46DCB38A8CDA: changes role from      null to FOLLOWER at term 0 for startAsFollower
2019-11-14 00:39:42,118 [pool-530-thread-1] INFO  server.RaftServerConfigKeys (ConfUtils.java:logGet(43)) - raft.server.log.statemachine.data.caching.enabled = true (custom)
2019-11-14 00:39:42,117 [pool-520-thread-1] INFO  server.RaftServerConfigKeys (ConfUtils.java:logGet(43)) - raft.server.log.statemachine.data.sync.timeout = 10s (default)
2019-11-14 00:39:42,118 [pool-510-thread-1] INFO  impl.RoleInfo (RoleInfo.java:updateAndGet(143)) - 4c0227a7-61cb-4c13-bcf3-e9ab107c9374: start FollowerState
2019-11-14 00:39:42,118 [pool-520-thread-1] INFO  server.RaftServerConfigKeys (ConfUtils.java:logGet(43)) - raft.server.log.statemachine.data.sync.timeout.retry = -1 (default)
2019-11-14 00:39:42,118 [pool-530-thread-1] INFO  segmented.SegmentedRaftLogWorker (SegmentedRaftLogWorker.java:lambda$new$0(128)) - 536e24f7-ac60-4eb9-a985-13294793bd01@group-46DCB38A8CDA-SegmentedRaftLogWorker: flushIndex: setUnconditionally 0 -> -1
2019-11-14 00:39:42,118 [pool-520-thread-1] INFO  server.RaftServerConfigKeys (ConfUtils.java:logGet(43)) - raft.server.log.statemachine.data.caching.enabled = true (custom)
2019-11-14 00:39:42,118 [pool-510-thread-1] INFO  util.JmxRegister (JmxRegister.java:tryRegister(44)) - Successfully registered JMX Bean with object name Ratis:service=RaftServer,group=group-46DCB38A8CDA,id=4c0227a7-61cb-4c13-bcf3-e9ab107c9374
2019-11-14 00:39:42,118 [pool-530-thread-1] INFO  server.RaftServerConfigKeys (ConfUtils.java:logGet(43)) - raft.server.snapshot.auto.trigger.enabled = true (custom)
2019-11-14 00:39:42,118 [pool-510-thread-1] WARN  impl.MetricRegistriesImpl (MetricRegistriesImpl.java:lambda$create$1(61)) - First MetricRegistry has been created without registering reporters. You may need to call MetricRegistries.global().addReportRegistration(...) before.
2019-11-14 00:39:42,118 [pool-520-thread-1] INFO  segmented.SegmentedRaftLogWorker (SegmentedRaftLogWorker.java:lambda$new$0(128)) - 2f70a07d-1e84-46bf-8533-fdd294c919e1@group-46DCB38A8CDA-SegmentedRaftLogWorker: flushIndex: setUnconditionally 0 -> -1
2019-11-14 00:39:42,118 [pool-530-thread-1] INFO  server.RaftServerConfigKeys (ConfUtils.java:logGet(43)) - raft.server.snapshot.auto.trigger.threshold = 10000 (custom)
2019-11-14 00:39:42,118 [pool-530-thread-1] INFO  server.RaftServerConfigKeys (ConfUtils.java:logGet(43)) - raft.server.snapshot.retention.file.num = 5 (custom)
2019-11-14 00:39:42,119 [pool-520-thread-1] INFO  server.RaftServerConfigKeys (ConfUtils.java:logGet(43)) - raft.server.snapshot.auto.trigger.enabled = true (custom)
2019-11-14 00:39:42,119 [pool-530-thread-1] INFO  server.RaftServerConfigKeys (ConfUtils.java:logGet(43)) - raft.server.retrycache.expirytime = 600000ms (custom)
2019-11-14 00:39:42,119 [pool-520-thread-1] INFO  server.RaftServerConfigKeys (ConfUtils.java:logGet(43)) - raft.server.snapshot.auto.trigger.threshold = 10000 (custom)
2019-11-14 00:39:42,119 [pool-530-thread-1] WARN  impl.MetricRegistriesImpl (MetricRegistriesImpl.java:lambda$create$1(61)) - First MetricRegistry has been created without registering reporters. You may need to call MetricRegistries.global().addReportRegistration(...) before.
2019-11-14 00:39:42,119 [pool-520-thread-1] INFO  server.RaftServerConfigKeys (ConfUtils.java:logGet(43)) - raft.server.snapshot.retention.file.num = 5 (custom)
2019-11-14 00:39:42,119 [pool-530-thread-1] WARN  impl.MetricRegistriesImpl (MetricRegistriesImpl.java:lambda$create$1(61)) - First MetricRegistry has been created without registering reporters. You may need to call MetricRegistries.global().addReportRegistration(...) before.
2019-11-14 00:39:42,119 [pool-520-thread-1] INFO  server.RaftServerConfigKeys (ConfUtils.java:logGet(43)) - raft.server.retrycache.expirytime = 600000ms (custom)
2019-11-14 00:39:42,119 [pool-530-thread-1] INFO  impl.RaftServerImpl (RaftServerImpl.java:start(184)) - 536e24f7-ac60-4eb9-a985-13294793bd01@group-46DCB38A8CDA: start as a follower, conf=-1: [536e24f7-ac60-4eb9-a985-13294793bd01:192.168.34.25:33623, 2f70a07d-1e84-46bf-8533-fdd294c919e1:192.168.34.25:45658, 4c0227a7-61cb-4c13-bcf3-e9ab107c9374:192.168.34.25:39301], old=null
2019-11-14 00:39:42,119 [pool-520-thread-1] WARN  impl.MetricRegistriesImpl (MetricRegistriesImpl.java:lambda$create$1(61)) - First MetricRegistry has been created without registering reporters. You may need to call MetricRegistries.global().addReportRegistration(...) before.
2019-11-14 00:39:42,119 [pool-530-thread-1] INFO  impl.RaftServerImpl (RaftServerImpl.java:setRole(173)) - 536e24f7-ac60-4eb9-a985-13294793bd01@group-46DCB38A8CDA: changes role from      null to FOLLOWER at term 0 for startAsFollower
2019-11-14 00:39:42,119 [pool-530-thread-1] INFO  impl.RoleInfo (RoleInfo.java:updateAndGet(143)) - 536e24f7-ac60-4eb9-a985-13294793bd01: start FollowerState
2019-11-14 00:39:42,119 [pool-520-thread-1] WARN  impl.MetricRegistriesImpl (MetricRegistriesImpl.java:lambda$create$1(61)) - First MetricRegistry has been created without registering reporters. You may need to call MetricRegistries.global().addReportRegistration(...) before.
2019-11-14 00:39:42,120 [pool-520-thread-1] INFO  impl.RaftServerImpl (RaftServerImpl.java:start(184)) - 2f70a07d-1e84-46bf-8533-fdd294c919e1@group-46DCB38A8CDA: start as a follower, conf=-1: [536e24f7-ac60-4eb9-a985-13294793bd01:192.168.34.25:33623, 2f70a07d-1e84-46bf-8533-fdd294c919e1:192.168.34.25:45658, 4c0227a7-61cb-4c13-bcf3-e9ab107c9374:192.168.34.25:39301], old=null
2019-11-14 00:39:42,120 [pool-530-thread-1] INFO  util.JmxRegister (JmxRegister.java:tryRegister(44)) - Successfully registered JMX Bean with object name Ratis:service=RaftServer,group=group-46DCB38A8CDA,id=536e24f7-ac60-4eb9-a985-13294793bd01
2019-11-14 00:39:42,120 [pool-520-thread-1] INFO  impl.RaftServerImpl (RaftServerImpl.java:setRole(173)) - 2f70a07d-1e84-46bf-8533-fdd294c919e1@group-46DCB38A8CDA: changes role from      null to FOLLOWER at term 0 for startAsFollower
2019-11-14 00:39:42,120 [pool-530-thread-1] WARN  impl.MetricRegistriesImpl (MetricRegistriesImpl.java:lambda$create$1(61)) - First MetricRegistry has been created without registering reporters. You may need to call MetricRegistries.global().addReportRegistration(...) before.
2019-11-14 00:39:42,120 [pool-520-thread-1] INFO  impl.RoleInfo (RoleInfo.java:updateAndGet(143)) - 2f70a07d-1e84-46bf-8533-fdd294c919e1: start FollowerState
2019-11-14 00:39:42,120 [pool-520-thread-1] INFO  util.JmxRegister (JmxRegister.java:tryRegister(44)) - Successfully registered JMX Bean with object name Ratis:service=RaftServer,group=group-46DCB38A8CDA,id=2f70a07d-1e84-46bf-8533-fdd294c919e1
2019-11-14 00:39:42,120 [pool-520-thread-1] WARN  impl.MetricRegistriesImpl (MetricRegistriesImpl.java:lambda$create$1(61)) - First MetricRegistry has been created without registering reporters. You may need to call MetricRegistries.global().addReportRegistration(...) before.
2019-11-14 00:39:42,122 [RatisPipelineUtilsThread] INFO  pipeline.PipelineStateManager (PipelineStateManager.java:addPipeline(55)) - Created pipeline Pipeline[ Id: a3ffc6c7-2a7c-4978-b27a-46dcb38a8cda, Nodes: 4c0227a7-61cb-4c13-bcf3-e9ab107c9374{ip: 192.168.34.25, host: pr-hdds-2474-ghsjm-2904119463, networkLocation: /rack1, certSerialId: null}536e24f7-ac60-4eb9-a985-13294793bd01{ip: 192.168.34.25, host: pr-hdds-2474-ghsjm-2904119463, networkLocation: /rack1, certSerialId: null}2f70a07d-1e84-46bf-8533-fdd294c919e1{ip: 192.168.34.25, host: pr-hdds-2474-ghsjm-2904119463, networkLocation: /rack1, certSerialId: null}, Type:RATIS, Factor:THREE, State:ALLOCATED]
2019-11-14 00:39:42,122 [Thread-3916] INFO  pipeline.PipelineStateManager (PipelineStateManager.java:finalizePipeline(121)) - Pipeline Pipeline[ Id: 39a4e8e5-efb3-4b85-9ddf-4d416c5eadfa, Nodes: dabbec34-9112-49d4-9f2a-1cc38e957548{ip: 192.168.34.25, host: pr-hdds-2474-ghsjm-2904119463, networkLocation: /rack1, certSerialId: null}, Type:RATIS, Factor:ONE, State:CLOSED] moved to CLOSED state
2019-11-14 00:39:42,124 [grpc-default-executor-0] INFO  impl.RaftServerProxy (RaftServerProxy.java:remove(95)) - dabbec34-9112-49d4-9f2a-1cc38e957548: remove    LEADER dabbec34-9112-49d4-9f2a-1cc38e957548@group-4D416C5EADFA:t1, leader=dabbec34-9112-49d4-9f2a-1cc38e957548, voted=dabbec34-9112-49d4-9f2a-1cc38e957548, raftlog=dabbec34-9112-49d4-9f2a-1cc38e957548@group-4D416C5EADFA-SegmentedRaftLog:OPENED:c0,f0,i0, conf=0: [dabbec34-9112-49d4-9f2a-1cc38e957548:192.168.34.25:32788], old=null RUNNING
2019-11-14 00:39:42,124 [grpc-default-executor-0] INFO  impl.RaftServerImpl (RaftServerImpl.java:lambda$shutdown$3(250)) - dabbec34-9112-49d4-9f2a-1cc38e957548@group-4D416C5EADFA: shutdown
2019-11-14 00:39:42,125 [grpc-default-executor-0] INFO  util.JmxRegister (JmxRegister.java:unregister(73)) - Successfully un-registered JMX Bean with object name Ratis:service=RaftServer,group=group-4D416C5EADFA,id=dabbec34-9112-49d4-9f2a-1cc38e957548
2019-11-14 00:39:42,125 [grpc-default-executor-0] INFO  impl.RoleInfo (RoleInfo.java:shutdownLeaderState(104)) - dabbec34-9112-49d4-9f2a-1cc38e957548: shutdown LeaderState
2019-11-14 00:39:42,125 [grpc-default-executor-0] INFO  impl.PendingRequests (PendingRequests.java:sendNotLeaderResponses(206)) - dabbec34-9112-49d4-9f2a-1cc38e957548@group-4D416C5EADFA-PendingRequests: sendNotLeaderResponses
2019-11-14 00:39:42,125 [grpc-default-executor-0] INFO  impl.StateMachineUpdater (StateMachineUpdater.java:stopAndJoin(136)) - dabbec34-9112-49d4-9f2a-1cc38e957548@group-4D416C5EADFA-StateMachineUpdater: set stopIndex = 0
2019-11-14 00:39:42,125 [grpc-default-executor-0] INFO  impl.RaftServerImpl (ServerState.java:close(387)) - dabbec34-9112-49d4-9f2a-1cc38e957548@group-4D416C5EADFA: closes. applyIndex: 0
2019-11-14 00:39:42,125 [dabbec34-9112-49d4-9f2a-1cc38e957548@group-4D416C5EADFA-SegmentedRaftLogWorker] INFO  segmented.SegmentedRaftLogWorker (SegmentedRaftLogWorker.java:run(316)) - dabbec34-9112-49d4-9f2a-1cc38e957548@group-4D416C5EADFA-SegmentedRaftLogWorker was interrupted, exiting. There are 0 tasks remaining in the queue.
2019-11-14 00:39:42,125 [grpc-default-executor-0] INFO  segmented.SegmentedRaftLogWorker (SegmentedRaftLogWorker.java:close(224)) - dabbec34-9112-49d4-9f2a-1cc38e957548@group-4D416C5EADFA-SegmentedRaftLogWorker close()
2019-11-14 00:39:42,130 [Thread-3916] INFO  pipeline.PipelineStateManager (PipelineStateManager.java:removePipeline(106)) - Pipeline Pipeline[ Id: 39a4e8e5-efb3-4b85-9ddf-4d416c5eadfa, Nodes: dabbec34-9112-49d4-9f2a-1cc38e957548{ip: 192.168.34.25, host: pr-hdds-2474-ghsjm-2904119463, networkLocation: /rack1, certSerialId: null}, Type:RATIS, Factor:ONE, State:CLOSED] removed from db
2019-11-14 00:39:42,130 [Thread-3916] INFO  pipeline.SCMPipelineManager (SCMPipelineManager.java:finalizeAndDestroyPipeline(315)) - destroying pipeline:Pipeline[ Id: d2b63988-c41d-473e-8da8-9c65680131bc, Nodes: cd356495-acb8-453f-96c5-8be3e7d4704d{ip: 192.168.34.25, host: pr-hdds-2474-ghsjm-2904119463, networkLocation: /rack1, certSerialId: null}37126020-3da7-4e98-a0e1-da03830467e3{ip: 192.168.34.25, host: pr-hdds-2474-ghsjm-2904119463, networkLocation: /rack1, certSerialId: null}dabbec34-9112-49d4-9f2a-1cc38e957548{ip: 192.168.34.25, host: pr-hdds-2474-ghsjm-2904119463, networkLocation: /rack1, certSerialId: null}, Type:RATIS, Factor:THREE, State:OPEN]
2019-11-14 00:39:42,132 [grpc-default-executor-0] INFO  impl.RaftServerProxy (RaftServerProxy.java:addNew(89)) - dabbec34-9112-49d4-9f2a-1cc38e957548: addNew group-62E93E5DA409:[dabbec34-9112-49d4-9f2a-1cc38e957548:192.168.34.25:32788] returns group-62E93E5DA409:java.util.concurrent.CompletableFuture@4329af7d[Not completed]
2019-11-14 00:39:42,133 [pool-560-thread-1] INFO  impl.RaftServerImpl (RaftServerImpl.java:<init>(98)) - dabbec34-9112-49d4-9f2a-1cc38e957548: new RaftServerImpl for group-62E93E5DA409:[dabbec34-9112-49d4-9f2a-1cc38e957548:192.168.34.25:32788] with ContainerStateMachine:uninitialized
2019-11-14 00:39:42,133 [pool-560-thread-1] INFO  server.RaftServerConfigKeys (ConfUtils.java:logGet(43)) - raft.server.rpc.timeout.min = 1s (custom)
2019-11-14 00:39:42,133 [pool-560-thread-1] INFO  server.RaftServerConfigKeys (ConfUtils.java:logGet(43)) - raft.server.rpc.timeout.max = 1200ms (custom)
2019-11-14 00:39:42,133 [pool-560-thread-1] INFO  server.RaftServerConfigKeys (ConfUtils.java:logGet(43)) - raft.server.rpcslowness.timeout = 120s (custom)
2019-11-14 00:39:42,133 [pool-560-thread-1] INFO  server.RaftServerConfigKeys (ConfUtils.java:logGet(43)) - raft.server.sleep.deviation.threshold = 300 (default)
2019-11-14 00:39:42,134 [pool-560-thread-1] INFO  server.RaftServerConfigKeys (ConfUtils.java:logGet(43)) - raft.server.log.appender.install.snapshot.enabled = false (custom)
2019-11-14 00:39:42,134 [pool-560-thread-1] INFO  impl.RaftServerImpl (ServerState.java:<init>(103)) - dabbec34-9112-49d4-9f2a-1cc38e957548@group-62E93E5DA409: ConfigurationManager, init=-1: [dabbec34-9112-49d4-9f2a-1cc38e957548:192.168.34.25:32788], old=null, confs=<EMPTY_MAP>
2019-11-14 00:39:42,134 [pool-560-thread-1] INFO  server.RaftServerConfigKeys (ConfUtils.java:logGet(43)) - raft.server.storage.dir = [/workdir/hadoop-ozone/integration-test/target/test-dir/MiniOzoneClusterImpl-f0c02ddf-6665-4004-91fc-64de6051483a/datanode-5/data/ratis] (custom)
2019-11-14 00:39:42,134 [pool-560-thread-1] INFO  server.RaftServerConfigKeys (ConfUtils.java:logGet(43)) - raft.server.log.corruption.policy = EXCEPTION (default)
2019-11-14 00:39:42,134 [pool-560-thread-1] INFO  storage.RaftStorageDirectory (RaftStorageDirectory.java:analyzeStorage(246)) - The storage directory /workdir/hadoop-ozone/integration-test/target/test-dir/MiniOzoneClusterImpl-f0c02ddf-6665-4004-91fc-64de6051483a/datanode-5/data/ratis/89ae6f3c-0731-453c-9d03-62e93e5da409 does not exist. Creating ...
2019-11-14 00:39:42,147 [pool-560-thread-1] INFO  storage.RaftStorageDirectory (RaftStorageDirectory.java:tryLock(328)) - Lock on /workdir/hadoop-ozone/integration-test/target/test-dir/MiniOzoneClusterImpl-f0c02ddf-6665-4004-91fc-64de6051483a/datanode-5/data/ratis/89ae6f3c-0731-453c-9d03-62e93e5da409/in_use.lock acquired by nodename 12001@pr-hdds-2474-ghsjm-2904119463
2019-11-14 00:39:42,160 [pool-560-thread-1] INFO  storage.RaftStorage (RaftStorage.java:format(84)) - Storage directory /workdir/hadoop-ozone/integration-test/target/test-dir/MiniOzoneClusterImpl-f0c02ddf-6665-4004-91fc-64de6051483a/datanode-5/data/ratis/89ae6f3c-0731-453c-9d03-62e93e5da409 has been successfully formatted.
2019-11-14 00:39:42,160 [pool-560-thread-1] INFO  ratis.ContainerStateMachine (ContainerStateMachine.java:loadSnapshot(223)) - group-62E93E5DA409: The snapshot info is null. Setting the last applied indexto:(t:0, i:~)
2019-11-14 00:39:42,160 [pool-560-thread-1] INFO  server.RaftServerConfigKeys (ConfUtils.java:logGet(43)) - raft.server.notification.no-leader.timeout = 120s (custom)
2019-11-14 00:39:42,161 [pool-560-thread-1] INFO  server.RaftServerConfigKeys (ConfUtils.java:logGet(43)) - raft.server.log.use.memory = false (default)
2019-11-14 00:39:42,161 [pool-560-thread-1] INFO  server.RaftServerConfigKeys (ConfUtils.java:logGet(43)) - raft.server.log.purge.gap = 1000000 (custom)
2019-11-14 00:39:42,161 [pool-560-thread-1] INFO  server.RaftServerConfigKeys (ConfUtils.java:logGet(43)) - raft.server.log.appender.buffer.byte-limit = 33554432 (custom)
2019-11-14 00:39:42,161 [pool-560-thread-1] INFO  server.RaftServerConfigKeys (ConfUtils.java:logGet(43)) - raft.server.log.segment.size.max = 1048576 (custom)
2019-11-14 00:39:42,161 [pool-560-thread-1] INFO  server.RaftServerConfigKeys (ConfUtils.java:logGet(43)) - raft.server.log.segment.cache.num.max = 2 (custom)
2019-11-14 00:39:42,161 [pool-560-thread-1] INFO  segmented.SegmentedRaftLogWorker (SegmentedRaftLogWorker.java:<init>(173)) - new dabbec34-9112-49d4-9f2a-1cc38e957548@group-62E93E5DA409-SegmentedRaftLogWorker for RaftStorage:Storage Directory /workdir/hadoop-ozone/integration-test/target/test-dir/MiniOzoneClusterImpl-f0c02ddf-6665-4004-91fc-64de6051483a/datanode-5/data/ratis/89ae6f3c-0731-453c-9d03-62e93e5da409
2019-11-14 00:39:42,161 [pool-560-thread-1] INFO  server.RaftServerConfigKeys (ConfUtils.java:logGet(43)) - raft.server.log.queue.byte-limit = 2147483647 (custom)
2019-11-14 00:39:42,161 [pool-560-thread-1] INFO  server.RaftServerConfigKeys (ConfUtils.java:logGet(43)) - raft.server.log.queue.element-limit = 1024 (custom)
2019-11-14 00:39:42,161 [pool-560-thread-1] INFO  server.RaftServerConfigKeys (ConfUtils.java:logGet(43)) - raft.server.log.segment.size.max = 1048576 (custom)
2019-11-14 00:39:42,161 [pool-560-thread-1] INFO  server.RaftServerConfigKeys (ConfUtils.java:logGet(43)) - raft.server.log.preallocated.size = 16384 (custom)
2019-11-14 00:39:42,161 [pool-560-thread-1] INFO  server.RaftServerConfigKeys (ConfUtils.java:logGet(43)) - raft.server.log.write.buffer.size = 33554432 (custom)
2019-11-14 00:39:42,161 [pool-560-thread-1] INFO  server.RaftServerConfigKeys (ConfUtils.java:logGet(43)) - raft.server.log.force.sync.num = 128 (default)
2019-11-14 00:39:42,161 [pool-560-thread-1] INFO  server.RaftServerConfigKeys (ConfUtils.java:logGet(43)) - raft.server.log.statemachine.data.sync = true (default)
2019-11-14 00:39:42,161 [pool-560-thread-1] INFO  server.RaftServerConfigKeys (ConfUtils.java:logGet(43)) - raft.server.log.statemachine.data.sync.timeout = 10s (default)
2019-11-14 00:39:42,162 [pool-560-thread-1] INFO  server.RaftServerConfigKeys (ConfUtils.java:logGet(43)) - raft.server.log.statemachine.data.sync.timeout.retry = -1 (default)
2019-11-14 00:39:42,162 [pool-560-thread-1] INFO  server.RaftServerConfigKeys (ConfUtils.java:logGet(43)) - raft.server.log.statemachine.data.caching.enabled = true (custom)
2019-11-14 00:39:42,162 [pool-560-thread-1] INFO  segmented.SegmentedRaftLogWorker (SegmentedRaftLogWorker.java:lambda$new$0(128)) - dabbec34-9112-49d4-9f2a-1cc38e957548@group-62E93E5DA409-SegmentedRaftLogWorker: flushIndex: setUnconditionally 0 -> -1
2019-11-14 00:39:42,162 [pool-560-thread-1] INFO  server.RaftServerConfigKeys (ConfUtils.java:logGet(43)) - raft.server.snapshot.auto.trigger.enabled = true (custom)
2019-11-14 00:39:42,162 [pool-560-thread-1] INFO  server.RaftServerConfigKeys (ConfUtils.java:logGet(43)) - raft.server.snapshot.auto.trigger.threshold = 10000 (custom)
2019-11-14 00:39:42,162 [pool-560-thread-1] INFO  server.RaftServerConfigKeys (ConfUtils.java:logGet(43)) - raft.server.snapshot.retention.file.num = 5 (custom)
2019-11-14 00:39:42,162 [pool-560-thread-1] INFO  server.RaftServerConfigKeys (ConfUtils.java:logGet(43)) - raft.server.retrycache.expirytime = 600000ms (custom)
2019-11-14 00:39:42,162 [pool-560-thread-1] WARN  impl.MetricRegistriesImpl (MetricRegistriesImpl.java:lambda$create$1(61)) - First MetricRegistry has been created without registering reporters. You may need to call MetricRegistries.global().addReportRegistration(...) before.
2019-11-14 00:39:42,162 [pool-560-thread-1] WARN  impl.MetricRegistriesImpl (MetricRegistriesImpl.java:lambda$create$1(61)) - First MetricRegistry has been created without registering reporters. You may need to call MetricRegistries.global().addReportRegistration(...) before.
2019-11-14 00:39:42,163 [pool-560-thread-1] INFO  impl.RaftServerImpl (RaftServerImpl.java:start(184)) - dabbec34-9112-49d4-9f2a-1cc38e957548@group-62E93E5DA409: start as a follower, conf=-1: [dabbec34-9112-49d4-9f2a-1cc38e957548:192.168.34.25:32788], old=null
2019-11-14 00:39:42,163 [pool-560-thread-1] INFO  impl.RaftServerImpl (RaftServerImpl.java:setRole(173)) - dabbec34-9112-49d4-9f2a-1cc38e957548@group-62E93E5DA409: changes role from      null to FOLLOWER at term 0 for startAsFollower
2019-11-14 00:39:42,163 [pool-560-thread-1] INFO  impl.RoleInfo (RoleInfo.java:updateAndGet(143)) - dabbec34-9112-49d4-9f2a-1cc38e957548: start FollowerState
2019-11-14 00:39:42,163 [pool-560-thread-1] INFO  util.JmxRegister (JmxRegister.java:tryRegister(44)) - Successfully registered JMX Bean with object name Ratis:service=RaftServer,group=group-62E93E5DA409,id=dabbec34-9112-49d4-9f2a-1cc38e957548
2019-11-14 00:39:42,163 [pool-560-thread-1] WARN  impl.MetricRegistriesImpl (MetricRegistriesImpl.java:lambda$create$1(61)) - First MetricRegistry has been created without registering reporters. You may need to call MetricRegistries.global().addReportRegistration(...) before.
2019-11-14 00:39:42,165 [RatisPipelineUtilsThread] INFO  pipeline.PipelineStateManager (PipelineStateManager.java:addPipeline(55)) - Created pipeline Pipeline[ Id: 89ae6f3c-0731-453c-9d03-62e93e5da409, Nodes: dabbec34-9112-49d4-9f2a-1cc38e957548{ip: 192.168.34.25, host: pr-hdds-2474-ghsjm-2904119463, networkLocation: /rack1, certSerialId: null}, Type:RATIS, Factor:ONE, State:ALLOCATED]
2019-11-14 00:39:42,165 [Thread-3916] INFO  pipeline.PipelineStateManager (PipelineStateManager.java:finalizePipeline(121)) - Pipeline Pipeline[ Id: d2b63988-c41d-473e-8da8-9c65680131bc, Nodes: cd356495-acb8-453f-96c5-8be3e7d4704d{ip: 192.168.34.25, host: pr-hdds-2474-ghsjm-2904119463, networkLocation: /rack1, certSerialId: null}37126020-3da7-4e98-a0e1-da03830467e3{ip: 192.168.34.25, host: pr-hdds-2474-ghsjm-2904119463, networkLocation: /rack1, certSerialId: null}dabbec34-9112-49d4-9f2a-1cc38e957548{ip: 192.168.34.25, host: pr-hdds-2474-ghsjm-2904119463, networkLocation: /rack1, certSerialId: null}, Type:RATIS, Factor:THREE, State:CLOSED] moved to CLOSED state
2019-11-14 00:39:42,170 [grpc-default-executor-0] INFO  impl.RaftServerProxy (RaftServerProxy.java:remove(95)) - cd356495-acb8-453f-96c5-8be3e7d4704d: remove  FOLLOWER cd356495-acb8-453f-96c5-8be3e7d4704d@group-9C65680131BC:t1, leader=37126020-3da7-4e98-a0e1-da03830467e3, voted=37126020-3da7-4e98-a0e1-da03830467e3, raftlog=cd356495-acb8-453f-96c5-8be3e7d4704d@group-9C65680131BC-SegmentedRaftLog:OPENED:c0,f0,i0, conf=0: [cd356495-acb8-453f-96c5-8be3e7d4704d:192.168.34.25:35310, dabbec34-9112-49d4-9f2a-1cc38e957548:192.168.34.25:32788, 37126020-3da7-4e98-a0e1-da03830467e3:192.168.34.25:41443], old=null RUNNING
2019-11-14 00:39:42,170 [grpc-default-executor-0] INFO  impl.RaftServerImpl (RaftServerImpl.java:lambda$shutdown$3(250)) - cd356495-acb8-453f-96c5-8be3e7d4704d@group-9C65680131BC: shutdown
2019-11-14 00:39:42,170 [grpc-default-executor-0] INFO  util.JmxRegister (JmxRegister.java:unregister(73)) - Successfully un-registered JMX Bean with object name Ratis:service=RaftServer,group=group-9C65680131BC,id=cd356495-acb8-453f-96c5-8be3e7d4704d
2019-11-14 00:39:42,170 [grpc-default-executor-0] INFO  impl.RoleInfo (RoleInfo.java:shutdownFollowerState(121)) - cd356495-acb8-453f-96c5-8be3e7d4704d: shutdown FollowerState
2019-11-14 00:39:42,171 [grpc-default-executor-0] INFO  impl.StateMachineUpdater (StateMachineUpdater.java:stopAndJoin(136)) - cd356495-acb8-453f-96c5-8be3e7d4704d@group-9C65680131BC-StateMachineUpdater: set stopIndex = 0
2019-11-14 00:39:42,171 [Thread-4002] INFO  impl.FollowerState (FollowerState.java:run(120)) - cd356495-acb8-453f-96c5-8be3e7d4704d@group-9C65680131BC-FollowerState was interrupted: java.lang.InterruptedException: sleep interrupted
2019-11-14 00:39:42,171 [grpc-default-executor-0] INFO  impl.RaftServerImpl (ServerState.java:close(387)) - cd356495-acb8-453f-96c5-8be3e7d4704d@group-9C65680131BC: closes. applyIndex: 0
2019-11-14 00:39:42,171 [cd356495-acb8-453f-96c5-8be3e7d4704d@group-9C65680131BC-SegmentedRaftLogWorker] INFO  segmented.SegmentedRaftLogWorker (SegmentedRaftLogWorker.java:run(316)) - cd356495-acb8-453f-96c5-8be3e7d4704d@group-9C65680131BC-SegmentedRaftLogWorker was interrupted, exiting. There are 0 tasks remaining in the queue.
2019-11-14 00:39:42,171 [grpc-default-executor-0] INFO  segmented.SegmentedRaftLogWorker (SegmentedRaftLogWorker.java:close(224)) - cd356495-acb8-453f-96c5-8be3e7d4704d@group-9C65680131BC-SegmentedRaftLogWorker close()
2019-11-14 00:39:42,177 [grpc-default-executor-0] INFO  impl.RaftServerProxy (RaftServerProxy.java:remove(95)) - 37126020-3da7-4e98-a0e1-da03830467e3: remove    LEADER 37126020-3da7-4e98-a0e1-da03830467e3@group-9C65680131BC:t1, leader=37126020-3da7-4e98-a0e1-da03830467e3, voted=37126020-3da7-4e98-a0e1-da03830467e3, raftlog=37126020-3da7-4e98-a0e1-da03830467e3@group-9C65680131BC-SegmentedRaftLog:OPENED:c0,f0,i0, conf=0: [cd356495-acb8-453f-96c5-8be3e7d4704d:192.168.34.25:35310, dabbec34-9112-49d4-9f2a-1cc38e957548:192.168.34.25:32788, 37126020-3da7-4e98-a0e1-da03830467e3:192.168.34.25:41443], old=null RUNNING
2019-11-14 00:39:42,177 [grpc-default-executor-0] INFO  impl.RaftServerImpl (RaftServerImpl.java:lambda$shutdown$3(250)) - 37126020-3da7-4e98-a0e1-da03830467e3@group-9C65680131BC: shutdown
2019-11-14 00:39:42,177 [grpc-default-executor-0] INFO  util.JmxRegister (JmxRegister.java:unregister(73)) - Successfully un-registered JMX Bean with object name Ratis:service=RaftServer,group=group-9C65680131BC,id=37126020-3da7-4e98-a0e1-da03830467e3
2019-11-14 00:39:42,177 [grpc-default-executor-0] INFO  impl.RoleInfo (RoleInfo.java:shutdownLeaderState(104)) - 37126020-3da7-4e98-a0e1-da03830467e3: shutdown LeaderState
2019-11-14 00:39:42,181 [grpc-default-executor-0] INFO  impl.PendingRequests (PendingRequests.java:sendNotLeaderResponses(206)) - 37126020-3da7-4e98-a0e1-da03830467e3@group-9C65680131BC-PendingRequests: sendNotLeaderResponses
2019-11-14 00:39:42,181 [org.apache.ratis.server.impl.LogAppender$AppenderDaemon$$Lambda$478/1809456900@6ac70143] WARN  server.GrpcLogAppender (GrpcLogAppender.java:mayWait(151)) - 37126020-3da7-4e98-a0e1-da03830467e3@group-9C65680131BC->dabbec34-9112-49d4-9f2a-1cc38e957548-GrpcLogAppender: Wait interrupted by java.lang.InterruptedException
2019-11-14 00:39:42,181 [grpc-default-executor-0] INFO  impl.StateMachineUpdater (StateMachineUpdater.java:stopAndJoin(136)) - 37126020-3da7-4e98-a0e1-da03830467e3@group-9C65680131BC-StateMachineUpdater: set stopIndex = 0
2019-11-14 00:39:42,181 [org.apache.ratis.server.impl.LogAppender$AppenderDaemon$$Lambda$478/1809456900@2fc59adf] WARN  server.GrpcLogAppender (GrpcLogAppender.java:mayWait(151)) - 37126020-3da7-4e98-a0e1-da03830467e3@group-9C65680131BC->cd356495-acb8-453f-96c5-8be3e7d4704d-GrpcLogAppender: Wait interrupted by java.lang.InterruptedException
2019-11-14 00:39:42,182 [grpc-default-executor-6] INFO  server.GrpcServerProtocolService (GrpcServerProtocolService.java:onCompleted(113)) - dabbec34-9112-49d4-9f2a-1cc38e957548: Completed APPEND_ENTRIES, lastRequest: 37126020-3da7-4e98-a0e1-da03830467e3->dabbec34-9112-49d4-9f2a-1cc38e957548#4-t1, previous=(t:1, i:0), leaderCommit=0, initializing? false, entries: <empty>
2019-11-14 00:39:42,182 [grpc-default-executor-0] INFO  impl.RaftServerImpl (ServerState.java:close(387)) - 37126020-3da7-4e98-a0e1-da03830467e3@group-9C65680131BC: closes. applyIndex: 0
2019-11-14 00:39:42,182 [grpc-default-executor-6] INFO  server.GrpcServerProtocolService (GrpcServerProtocolService.java:onCompleted(113)) - cd356495-acb8-453f-96c5-8be3e7d4704d: Completed APPEND_ENTRIES, lastRequest: 37126020-3da7-4e98-a0e1-da03830467e3->cd356495-acb8-453f-96c5-8be3e7d4704d#4-t1, previous=(t:1, i:0), leaderCommit=0, initializing? false, entries: <empty>
2019-11-14 00:39:42,182 [37126020-3da7-4e98-a0e1-da03830467e3@group-9C65680131BC-SegmentedRaftLogWorker] INFO  segmented.SegmentedRaftLogWorker (SegmentedRaftLogWorker.java:run(316)) - 37126020-3da7-4e98-a0e1-da03830467e3@group-9C65680131BC-SegmentedRaftLogWorker was interrupted, exiting. There are 0 tasks remaining in the queue.
2019-11-14 00:39:42,182 [grpc-default-executor-5] INFO  server.GrpcLogAppender (GrpcLogAppender.java:onCompleted(308)) - 37126020-3da7-4e98-a0e1-da03830467e3@group-9C65680131BC->dabbec34-9112-49d4-9f2a-1cc38e957548-AppendLogResponseHandler: follower responses appendEntries COMPLETED
2019-11-14 00:39:42,182 [grpc-default-executor-0] INFO  segmented.SegmentedRaftLogWorker (SegmentedRaftLogWorker.java:close(224)) - 37126020-3da7-4e98-a0e1-da03830467e3@group-9C65680131BC-SegmentedRaftLogWorker close()
2019-11-14 00:39:42,182 [grpc-default-executor-6] INFO  server.GrpcLogAppender (GrpcLogAppender.java:onCompleted(308)) - 37126020-3da7-4e98-a0e1-da03830467e3@group-9C65680131BC->cd356495-acb8-453f-96c5-8be3e7d4704d-AppendLogResponseHandler: follower responses appendEntries COMPLETED
2019-11-14 00:39:42,184 [grpc-default-executor-5] INFO  impl.FollowerInfo (FollowerInfo.java:lambda$new$0(51)) - 37126020-3da7-4e98-a0e1-da03830467e3@group-9C65680131BC->dabbec34-9112-49d4-9f2a-1cc38e957548: nextIndex: updateUnconditionally 1 -> 0
2019-11-14 00:39:42,185 [grpc-default-executor-6] INFO  impl.FollowerInfo (FollowerInfo.java:lambda$new$0(51)) - 37126020-3da7-4e98-a0e1-da03830467e3@group-9C65680131BC->cd356495-acb8-453f-96c5-8be3e7d4704d: nextIndex: updateUnconditionally 1 -> 0
2019-11-14 00:39:42,187 [grpc-default-executor-6] INFO  impl.RaftServerProxy (RaftServerProxy.java:remove(95)) - dabbec34-9112-49d4-9f2a-1cc38e957548: remove  FOLLOWER dabbec34-9112-49d4-9f2a-1cc38e957548@group-9C65680131BC:t1, leader=37126020-3da7-4e98-a0e1-da03830467e3, voted=37126020-3da7-4e98-a0e1-da03830467e3, raftlog=dabbec34-9112-49d4-9f2a-1cc38e957548@group-9C65680131BC-SegmentedRaftLog:OPENED:c0,f0,i0, conf=0: [cd356495-acb8-453f-96c5-8be3e7d4704d:192.168.34.25:35310, dabbec34-9112-49d4-9f2a-1cc38e957548:192.168.34.25:32788, 37126020-3da7-4e98-a0e1-da03830467e3:192.168.34.25:41443], old=null RUNNING
2019-11-14 00:39:42,188 [grpc-default-executor-6] INFO  impl.RaftServerImpl (RaftServerImpl.java:lambda$shutdown$3(250)) - dabbec34-9112-49d4-9f2a-1cc38e957548@group-9C65680131BC: shutdown
2019-11-14 00:39:42,188 [grpc-default-executor-6] INFO  util.JmxRegister (JmxRegister.java:unregister(73)) - Successfully un-registered JMX Bean with object name Ratis:service=RaftServer,group=group-9C65680131BC,id=dabbec34-9112-49d4-9f2a-1cc38e957548
2019-11-14 00:39:42,188 [grpc-default-executor-6] INFO  impl.RoleInfo (RoleInfo.java:shutdownFollowerState(121)) - dabbec34-9112-49d4-9f2a-1cc38e957548: shutdown FollowerState
2019-11-14 00:39:42,188 [grpc-default-executor-6] INFO  impl.StateMachineUpdater (StateMachineUpdater.java:stopAndJoin(136)) - dabbec34-9112-49d4-9f2a-1cc38e957548@group-9C65680131BC-StateMachineUpdater: set stopIndex = 0
2019-11-14 00:39:42,188 [Thread-4003] INFO  impl.FollowerState (FollowerState.java:run(120)) - dabbec34-9112-49d4-9f2a-1cc38e957548@group-9C65680131BC-FollowerState was interrupted: java.lang.InterruptedException: sleep interrupted
2019-11-14 00:39:42,188 [grpc-default-executor-6] INFO  impl.RaftServerImpl (ServerState.java:close(387)) - dabbec34-9112-49d4-9f2a-1cc38e957548@group-9C65680131BC: closes. applyIndex: 0
2019-11-14 00:39:42,188 [dabbec34-9112-49d4-9f2a-1cc38e957548@group-9C65680131BC-SegmentedRaftLogWorker] INFO  segmented.SegmentedRaftLogWorker (SegmentedRaftLogWorker.java:run(316)) - dabbec34-9112-49d4-9f2a-1cc38e957548@group-9C65680131BC-SegmentedRaftLogWorker was interrupted, exiting. There are 0 tasks remaining in the queue.
2019-11-14 00:39:42,188 [grpc-default-executor-6] INFO  segmented.SegmentedRaftLogWorker (SegmentedRaftLogWorker.java:close(224)) - dabbec34-9112-49d4-9f2a-1cc38e957548@group-9C65680131BC-SegmentedRaftLogWorker close()
2019-11-14 00:39:42,192 [Thread-3916] INFO  pipeline.PipelineStateManager (PipelineStateManager.java:removePipeline(106)) - Pipeline Pipeline[ Id: d2b63988-c41d-473e-8da8-9c65680131bc, Nodes: cd356495-acb8-453f-96c5-8be3e7d4704d{ip: 192.168.34.25, host: pr-hdds-2474-ghsjm-2904119463, networkLocation: /rack1, certSerialId: null}37126020-3da7-4e98-a0e1-da03830467e3{ip: 192.168.34.25, host: pr-hdds-2474-ghsjm-2904119463, networkLocation: /rack1, certSerialId: null}dabbec34-9112-49d4-9f2a-1cc38e957548{ip: 192.168.34.25, host: pr-hdds-2474-ghsjm-2904119463, networkLocation: /rack1, certSerialId: null}, Type:RATIS, Factor:THREE, State:CLOSED] removed from db
2019-11-14 00:39:42,193 [Thread-3916] INFO  pipeline.SCMPipelineManager (SCMPipelineManager.java:finalizeAndDestroyPipeline(315)) - destroying pipeline:Pipeline[ Id: 57441d5c-e25d-4bfe-a19b-5247083be5d3, Nodes: c5cc448d-8877-4f4e-8c4b-54f6ffcbe1c1{ip: 192.168.34.25, host: pr-hdds-2474-ghsjm-2904119463, networkLocation: /rack1, certSerialId: null}, Type:RATIS, Factor:ONE, State:OPEN]
2019-11-14 00:39:42,207 [grpc-default-executor-6] INFO  impl.RaftServerProxy (RaftServerProxy.java:addNew(89)) - dabbec34-9112-49d4-9f2a-1cc38e957548: addNew group-E968A8BCEE98:[cd356495-acb8-453f-96c5-8be3e7d4704d:192.168.34.25:35310, dabbec34-9112-49d4-9f2a-1cc38e957548:192.168.34.25:32788, 37126020-3da7-4e98-a0e1-da03830467e3:192.168.34.25:41443] returns group-E968A8BCEE98:java.util.concurrent.CompletableFuture@48ccf89d[Not completed]
2019-11-14 00:39:42,207 [grpc-default-executor-5] INFO  impl.RaftServerProxy (RaftServerProxy.java:addNew(89)) - cd356495-acb8-453f-96c5-8be3e7d4704d: addNew group-E968A8BCEE98:[cd356495-acb8-453f-96c5-8be3e7d4704d:192.168.34.25:35310, dabbec34-9112-49d4-9f2a-1cc38e957548:192.168.34.25:32788, 37126020-3da7-4e98-a0e1-da03830467e3:192.168.34.25:41443] returns group-E968A8BCEE98:java.util.concurrent.CompletableFuture@108bc5f1[Not completed]
2019-11-14 00:39:42,207 [grpc-default-executor-0] INFO  impl.RaftServerProxy (RaftServerProxy.java:addNew(89)) - 37126020-3da7-4e98-a0e1-da03830467e3: addNew group-E968A8BCEE98:[cd356495-acb8-453f-96c5-8be3e7d4704d:192.168.34.25:35310, dabbec34-9112-49d4-9f2a-1cc38e957548:192.168.34.25:32788, 37126020-3da7-4e98-a0e1-da03830467e3:192.168.34.25:41443] returns group-E968A8BCEE98:java.util.concurrent.CompletableFuture@3cb4bfd0[Not completed]
2019-11-14 00:39:42,208 [pool-560-thread-1] INFO  impl.RaftServerImpl (RaftServerImpl.java:<init>(98)) - dabbec34-9112-49d4-9f2a-1cc38e957548: new RaftServerImpl for group-E968A8BCEE98:[cd356495-acb8-453f-96c5-8be3e7d4704d:192.168.34.25:35310, dabbec34-9112-49d4-9f2a-1cc38e957548:192.168.34.25:32788, 37126020-3da7-4e98-a0e1-da03830467e3:192.168.34.25:41443] with ContainerStateMachine:uninitialized
2019-11-14 00:39:42,208 [pool-560-thread-1] INFO  server.RaftServerConfigKeys (ConfUtils.java:logGet(43)) - raft.server.rpc.timeout.min = 1s (custom)
2019-11-14 00:39:42,208 [pool-560-thread-1] INFO  server.RaftServerConfigKeys (ConfUtils.java:logGet(43)) - raft.server.rpc.timeout.max = 1200ms (custom)
2019-11-14 00:39:42,208 [pool-560-thread-1] INFO  server.RaftServerConfigKeys (ConfUtils.java:logGet(43)) - raft.server.rpcslowness.timeout = 120s (custom)
2019-11-14 00:39:42,208 [pool-560-thread-1] INFO  server.RaftServerConfigKeys (ConfUtils.java:logGet(43)) - raft.server.sleep.deviation.threshold = 300 (default)
2019-11-14 00:39:42,208 [pool-560-thread-1] INFO  server.RaftServerConfigKeys (ConfUtils.java:logGet(43)) - raft.server.log.appender.install.snapshot.enabled = false (custom)
2019-11-14 00:39:42,208 [pool-560-thread-1] INFO  impl.RaftServerImpl (ServerState.java:<init>(103)) - dabbec34-9112-49d4-9f2a-1cc38e957548@group-E968A8BCEE98: ConfigurationManager, init=-1: [cd356495-acb8-453f-96c5-8be3e7d4704d:192.168.34.25:35310, dabbec34-9112-49d4-9f2a-1cc38e957548:192.168.34.25:32788, 37126020-3da7-4e98-a0e1-da03830467e3:192.168.34.25:41443], old=null, confs=<EMPTY_MAP>
2019-11-14 00:39:42,208 [pool-560-thread-1] INFO  server.RaftServerConfigKeys (ConfUtils.java:logGet(43)) - raft.server.storage.dir = [/workdir/hadoop-ozone/integration-test/target/test-dir/MiniOzoneClusterImpl-f0c02ddf-6665-4004-91fc-64de6051483a/datanode-5/data/ratis] (custom)
2019-11-14 00:39:42,208 [pool-540-thread-1] INFO  impl.RaftServerImpl (RaftServerImpl.java:<init>(98)) - cd356495-acb8-453f-96c5-8be3e7d4704d: new RaftServerImpl for group-E968A8BCEE98:[cd356495-acb8-453f-96c5-8be3e7d4704d:192.168.34.25:35310, dabbec34-9112-49d4-9f2a-1cc38e957548:192.168.34.25:32788, 37126020-3da7-4e98-a0e1-da03830467e3:192.168.34.25:41443] with ContainerStateMachine:uninitialized
2019-11-14 00:39:42,208 [pool-560-thread-1] INFO  server.RaftServerConfigKeys (ConfUtils.java:logGet(43)) - raft.server.log.corruption.policy = EXCEPTION (default)
2019-11-14 00:39:42,208 [pool-540-thread-1] INFO  server.RaftServerConfigKeys (ConfUtils.java:logGet(43)) - raft.server.rpc.timeout.min = 1s (custom)
2019-11-14 00:39:42,208 [pool-560-thread-1] INFO  storage.RaftStorageDirectory (RaftStorageDirectory.java:analyzeStorage(246)) - The storage directory /workdir/hadoop-ozone/integration-test/target/test-dir/MiniOzoneClusterImpl-f0c02ddf-6665-4004-91fc-64de6051483a/datanode-5/data/ratis/5996426e-4a52-48e4-baed-e968a8bcee98 does not exist. Creating ...
2019-11-14 00:39:42,208 [pool-550-thread-1] INFO  impl.RaftServerImpl (RaftServerImpl.java:<init>(98)) - 37126020-3da7-4e98-a0e1-da03830467e3: new RaftServerImpl for group-E968A8BCEE98:[cd356495-acb8-453f-96c5-8be3e7d4704d:192.168.34.25:35310, dabbec34-9112-49d4-9f2a-1cc38e957548:192.168.34.25:32788, 37126020-3da7-4e98-a0e1-da03830467e3:192.168.34.25:41443] with ContainerStateMachine:uninitialized
2019-11-14 00:39:42,209 [pool-540-thread-1] INFO  server.RaftServerConfigKeys (ConfUtils.java:logGet(43)) - raft.server.rpc.timeout.max = 1200ms (custom)
2019-11-14 00:39:42,209 [pool-550-thread-1] INFO  server.RaftServerConfigKeys (ConfUtils.java:logGet(43)) - raft.server.rpc.timeout.min = 1s (custom)
2019-11-14 00:39:42,209 [pool-540-thread-1] INFO  server.RaftServerConfigKeys (ConfUtils.java:logGet(43)) - raft.server.rpcslowness.timeout = 120s (custom)
2019-11-14 00:39:42,209 [pool-550-thread-1] INFO  server.RaftServerConfigKeys (ConfUtils.java:logGet(43)) - raft.server.rpc.timeout.max = 1200ms (custom)
2019-11-14 00:39:42,209 [pool-540-thread-1] INFO  server.RaftServerConfigKeys (ConfUtils.java:logGet(43)) - raft.server.sleep.deviation.threshold = 300 (default)
2019-11-14 00:39:42,209 [pool-550-thread-1] INFO  server.RaftServerConfigKeys (ConfUtils.java:logGet(43)) - raft.server.rpcslowness.timeout = 120s (custom)
2019-11-14 00:39:42,209 [pool-540-thread-1] INFO  server.RaftServerConfigKeys (ConfUtils.java:logGet(43)) - raft.server.log.appender.install.snapshot.enabled = false (custom)
2019-11-14 00:39:42,209 [pool-550-thread-1] INFO  server.RaftServerConfigKeys (ConfUtils.java:logGet(43)) - raft.server.sleep.deviation.threshold = 300 (default)
2019-11-14 00:39:42,209 [pool-540-thread-1] INFO  impl.RaftServerImpl (ServerState.java:<init>(103)) - cd356495-acb8-453f-96c5-8be3e7d4704d@group-E968A8BCEE98: ConfigurationManager, init=-1: [cd356495-acb8-453f-96c5-8be3e7d4704d:192.168.34.25:35310, dabbec34-9112-49d4-9f2a-1cc38e957548:192.168.34.25:32788, 37126020-3da7-4e98-a0e1-da03830467e3:192.168.34.25:41443], old=null, confs=<EMPTY_MAP>
2019-11-14 00:39:42,209 [pool-550-thread-1] INFO  server.RaftServerConfigKeys (ConfUtils.java:logGet(43)) - raft.server.log.appender.install.snapshot.enabled = false (custom)
2019-11-14 00:39:42,209 [pool-540-thread-1] INFO  server.RaftServerConfigKeys (ConfUtils.java:logGet(43)) - raft.server.storage.dir = [/workdir/hadoop-ozone/integration-test/target/test-dir/MiniOzoneClusterImpl-f0c02ddf-6665-4004-91fc-64de6051483a/datanode-3/data/ratis] (custom)
2019-11-14 00:39:42,209 [pool-550-thread-1] INFO  impl.RaftServerImpl (ServerState.java:<init>(103)) - 37126020-3da7-4e98-a0e1-da03830467e3@group-E968A8BCEE98: ConfigurationManager, init=-1: [cd356495-acb8-453f-96c5-8be3e7d4704d:192.168.34.25:35310, dabbec34-9112-49d4-9f2a-1cc38e957548:192.168.34.25:32788, 37126020-3da7-4e98-a0e1-da03830467e3:192.168.34.25:41443], old=null, confs=<EMPTY_MAP>
2019-11-14 00:39:42,210 [pool-550-thread-1] INFO  server.RaftServerConfigKeys (ConfUtils.java:logGet(43)) - raft.server.storage.dir = [/workdir/hadoop-ozone/integration-test/target/test-dir/MiniOzoneClusterImpl-f0c02ddf-6665-4004-91fc-64de6051483a/datanode-4/data/ratis] (custom)
2019-11-14 00:39:42,210 [pool-540-thread-1] INFO  server.RaftServerConfigKeys (ConfUtils.java:logGet(43)) - raft.server.log.corruption.policy = EXCEPTION (default)
2019-11-14 00:39:42,210 [pool-550-thread-1] INFO  server.RaftServerConfigKeys (ConfUtils.java:logGet(43)) - raft.server.log.corruption.policy = EXCEPTION (default)
2019-11-14 00:39:42,210 [pool-540-thread-1] INFO  storage.RaftStorageDirectory (RaftStorageDirectory.java:analyzeStorage(246)) - The storage directory /workdir/hadoop-ozone/integration-test/target/test-dir/MiniOzoneClusterImpl-f0c02ddf-6665-4004-91fc-64de6051483a/datanode-3/data/ratis/5996426e-4a52-48e4-baed-e968a8bcee98 does not exist. Creating ...
2019-11-14 00:39:42,210 [pool-550-thread-1] INFO  storage.RaftStorageDirectory (RaftStorageDirectory.java:analyzeStorage(246)) - The storage directory /workdir/hadoop-ozone/integration-test/target/test-dir/MiniOzoneClusterImpl-f0c02ddf-6665-4004-91fc-64de6051483a/datanode-4/data/ratis/5996426e-4a52-48e4-baed-e968a8bcee98 does not exist. Creating ...
2019-11-14 00:39:42,222 [pool-550-thread-1] INFO  storage.RaftStorageDirectory (RaftStorageDirectory.java:tryLock(328)) - Lock on /workdir/hadoop-ozone/integration-test/target/test-dir/MiniOzoneClusterImpl-f0c02ddf-6665-4004-91fc-64de6051483a/datanode-4/data/ratis/5996426e-4a52-48e4-baed-e968a8bcee98/in_use.lock acquired by nodename 12001@pr-hdds-2474-ghsjm-2904119463
2019-11-14 00:39:42,222 [pool-560-thread-1] INFO  storage.RaftStorageDirectory (RaftStorageDirectory.java:tryLock(328)) - Lock on /workdir/hadoop-ozone/integration-test/target/test-dir/MiniOzoneClusterImpl-f0c02ddf-6665-4004-91fc-64de6051483a/datanode-5/data/ratis/5996426e-4a52-48e4-baed-e968a8bcee98/in_use.lock acquired by nodename 12001@pr-hdds-2474-ghsjm-2904119463
2019-11-14 00:39:42,222 [pool-540-thread-1] INFO  storage.RaftStorageDirectory (RaftStorageDirectory.java:tryLock(328)) - Lock on /workdir/hadoop-ozone/integration-test/target/test-dir/MiniOzoneClusterImpl-f0c02ddf-6665-4004-91fc-64de6051483a/datanode-3/data/ratis/5996426e-4a52-48e4-baed-e968a8bcee98/in_use.lock acquired by nodename 12001@pr-hdds-2474-ghsjm-2904119463
2019-11-14 00:39:42,234 [pool-540-thread-1] INFO  storage.RaftStorage (RaftStorage.java:format(84)) - Storage directory /workdir/hadoop-ozone/integration-test/target/test-dir/MiniOzoneClusterImpl-f0c02ddf-6665-4004-91fc-64de6051483a/datanode-3/data/ratis/5996426e-4a52-48e4-baed-e968a8bcee98 has been successfully formatted.
2019-11-14 00:39:42,234 [pool-560-thread-1] INFO  storage.RaftStorage (RaftStorage.java:format(84)) - Storage directory /workdir/hadoop-ozone/integration-test/target/test-dir/MiniOzoneClusterImpl-f0c02ddf-6665-4004-91fc-64de6051483a/datanode-5/data/ratis/5996426e-4a52-48e4-baed-e968a8bcee98 has been successfully formatted.
2019-11-14 00:39:42,234 [pool-550-thread-1] INFO  storage.RaftStorage (RaftStorage.java:format(84)) - Storage directory /workdir/hadoop-ozone/integration-test/target/test-dir/MiniOzoneClusterImpl-f0c02ddf-6665-4004-91fc-64de6051483a/datanode-4/data/ratis/5996426e-4a52-48e4-baed-e968a8bcee98 has been successfully formatted.
2019-11-14 00:39:42,234 [pool-540-thread-1] INFO  ratis.ContainerStateMachine (ContainerStateMachine.java:loadSnapshot(223)) - group-E968A8BCEE98: The snapshot info is null. Setting the last applied indexto:(t:0, i:~)
2019-11-14 00:39:42,234 [pool-550-thread-1] INFO  ratis.ContainerStateMachine (ContainerStateMachine.java:loadSnapshot(223)) - group-E968A8BCEE98: The snapshot info is null. Setting the last applied indexto:(t:0, i:~)
2019-11-14 00:39:42,234 [pool-560-thread-1] INFO  ratis.ContainerStateMachine (ContainerStateMachine.java:loadSnapshot(223)) - group-E968A8BCEE98: The snapshot info is null. Setting the last applied indexto:(t:0, i:~)
2019-11-14 00:39:42,234 [pool-550-thread-1] INFO  server.RaftServerConfigKeys (ConfUtils.java:logGet(43)) - raft.server.notification.no-leader.timeout = 120s (custom)
2019-11-14 00:39:42,234 [pool-540-thread-1] INFO  server.RaftServerConfigKeys (ConfUtils.java:logGet(43)) - raft.server.notification.no-leader.timeout = 120s (custom)
2019-11-14 00:39:42,235 [pool-550-thread-1] INFO  server.RaftServerConfigKeys (ConfUtils.java:logGet(43)) - raft.server.log.use.memory = false (default)
2019-11-14 00:39:42,235 [pool-560-thread-1] INFO  server.RaftServerConfigKeys (ConfUtils.java:logGet(43)) - raft.server.notification.no-leader.timeout = 120s (custom)
2019-11-14 00:39:42,235 [pool-550-thread-1] INFO  server.RaftServerConfigKeys (ConfUtils.java:logGet(43)) - raft.server.log.purge.gap = 1000000 (custom)
2019-11-14 00:39:42,235 [pool-540-thread-1] INFO  server.RaftServerConfigKeys (ConfUtils.java:logGet(43)) - raft.server.log.use.memory = false (default)
2019-11-14 00:39:42,235 [pool-550-thread-1] INFO  server.RaftServerConfigKeys (ConfUtils.java:logGet(43)) - raft.server.log.appender.buffer.byte-limit = 33554432 (custom)
2019-11-14 00:39:42,235 [pool-560-thread-1] INFO  server.RaftServerConfigKeys (ConfUtils.java:logGet(43)) - raft.server.log.use.memory = false (default)
2019-11-14 00:39:42,235 [pool-550-thread-1] INFO  server.RaftServerConfigKeys (ConfUtils.java:logGet(43)) - raft.server.log.segment.size.max = 1048576 (custom)
2019-11-14 00:39:42,235 [pool-540-thread-1] INFO  server.RaftServerConfigKeys (ConfUtils.java:logGet(43)) - raft.server.log.purge.gap = 1000000 (custom)
2019-11-14 00:39:42,235 [pool-550-thread-1] INFO  server.RaftServerConfigKeys (ConfUtils.java:logGet(43)) - raft.server.log.segment.cache.num.max = 2 (custom)
2019-11-14 00:39:42,235 [pool-560-thread-1] INFO  server.RaftServerConfigKeys (ConfUtils.java:logGet(43)) - raft.server.log.purge.gap = 1000000 (custom)
2019-11-14 00:39:42,235 [pool-550-thread-1] INFO  segmented.SegmentedRaftLogWorker (SegmentedRaftLogWorker.java:<init>(173)) - new 37126020-3da7-4e98-a0e1-da03830467e3@group-E968A8BCEE98-SegmentedRaftLogWorker for RaftStorage:Storage Directory /workdir/hadoop-ozone/integration-test/target/test-dir/MiniOzoneClusterImpl-f0c02ddf-6665-4004-91fc-64de6051483a/datanode-4/data/ratis/5996426e-4a52-48e4-baed-e968a8bcee98
2019-11-14 00:39:42,235 [pool-540-thread-1] INFO  server.RaftServerConfigKeys (ConfUtils.java:logGet(43)) - raft.server.log.appender.buffer.byte-limit = 33554432 (custom)
2019-11-14 00:39:42,236 [pool-550-thread-1] INFO  server.RaftServerConfigKeys (ConfUtils.java:logGet(43)) - raft.server.log.queue.byte-limit = 2147483647 (custom)
2019-11-14 00:39:42,235 [pool-560-thread-1] INFO  server.RaftServerConfigKeys (ConfUtils.java:logGet(43)) - raft.server.log.appender.buffer.byte-limit = 33554432 (custom)
2019-11-14 00:39:42,236 [pool-550-thread-1] INFO  server.RaftServerConfigKeys (ConfUtils.java:logGet(43)) - raft.server.log.queue.element-limit = 1024 (custom)
2019-11-14 00:39:42,236 [pool-540-thread-1] INFO  server.RaftServerConfigKeys (ConfUtils.java:logGet(43)) - raft.server.log.segment.size.max = 1048576 (custom)
2019-11-14 00:39:42,236 [pool-550-thread-1] INFO  server.RaftServerConfigKeys (ConfUtils.java:logGet(43)) - raft.server.log.segment.size.max = 1048576 (custom)
2019-11-14 00:39:42,236 [pool-560-thread-1] INFO  server.RaftServerConfigKeys (ConfUtils.java:logGet(43)) - raft.server.log.segment.size.max = 1048576 (custom)
2019-11-14 00:39:42,236 [pool-550-thread-1] INFO  server.RaftServerConfigKeys (ConfUtils.java:logGet(43)) - raft.server.log.preallocated.size = 16384 (custom)
2019-11-14 00:39:42,236 [pool-540-thread-1] INFO  server.RaftServerConfigKeys (ConfUtils.java:logGet(43)) - raft.server.log.segment.cache.num.max = 2 (custom)
2019-11-14 00:39:42,236 [pool-550-thread-1] INFO  server.RaftServerConfigKeys (ConfUtils.java:logGet(43)) - raft.server.log.write.buffer.size = 33554432 (custom)
2019-11-14 00:39:42,236 [pool-560-thread-1] INFO  server.RaftServerConfigKeys (ConfUtils.java:logGet(43)) - raft.server.log.segment.cache.num.max = 2 (custom)
2019-11-14 00:39:42,236 [pool-550-thread-1] INFO  server.RaftServerConfigKeys (ConfUtils.java:logGet(43)) - raft.server.log.force.sync.num = 128 (default)
2019-11-14 00:39:42,236 [pool-540-thread-1] INFO  segmented.SegmentedRaftLogWorker (SegmentedRaftLogWorker.java:<init>(173)) - new cd356495-acb8-453f-96c5-8be3e7d4704d@group-E968A8BCEE98-SegmentedRaftLogWorker for RaftStorage:Storage Directory /workdir/hadoop-ozone/integration-test/target/test-dir/MiniOzoneClusterImpl-f0c02ddf-6665-4004-91fc-64de6051483a/datanode-3/data/ratis/5996426e-4a52-48e4-baed-e968a8bcee98
2019-11-14 00:39:42,236 [pool-550-thread-1] INFO  server.RaftServerConfigKeys (ConfUtils.java:logGet(43)) - raft.server.log.statemachine.data.sync = true (default)
2019-11-14 00:39:42,236 [pool-560-thread-1] INFO  segmented.SegmentedRaftLogWorker (SegmentedRaftLogWorker.java:<init>(173)) - new dabbec34-9112-49d4-9f2a-1cc38e957548@group-E968A8BCEE98-SegmentedRaftLogWorker for RaftStorage:Storage Directory /workdir/hadoop-ozone/integration-test/target/test-dir/MiniOzoneClusterImpl-f0c02ddf-6665-4004-91fc-64de6051483a/datanode-5/data/ratis/5996426e-4a52-48e4-baed-e968a8bcee98
2019-11-14 00:39:42,237 [pool-550-thread-1] INFO  server.RaftServerConfigKeys (ConfUtils.java:logGet(43)) - raft.server.log.statemachine.data.sync.timeout = 10s (default)
2019-11-14 00:39:42,237 [pool-540-thread-1] INFO  server.RaftServerConfigKeys (ConfUtils.java:logGet(43)) - raft.server.log.queue.byte-limit = 2147483647 (custom)
2019-11-14 00:39:42,237 [pool-550-thread-1] INFO  server.RaftServerConfigKeys (ConfUtils.java:logGet(43)) - raft.server.log.statemachine.data.sync.timeout.retry = -1 (default)
2019-11-14 00:39:42,237 [pool-560-thread-1] INFO  server.RaftServerConfigKeys (ConfUtils.java:logGet(43)) - raft.server.log.queue.byte-limit = 2147483647 (custom)
2019-11-14 00:39:42,237 [pool-550-thread-1] INFO  server.RaftServerConfigKeys (ConfUtils.java:logGet(43)) - raft.server.log.statemachine.data.caching.enabled = true (custom)
2019-11-14 00:39:42,237 [pool-540-thread-1] INFO  server.RaftServerConfigKeys (ConfUtils.java:logGet(43)) - raft.server.log.queue.element-limit = 1024 (custom)
2019-11-14 00:39:42,237 [pool-560-thread-1] INFO  server.RaftServerConfigKeys (ConfUtils.java:logGet(43)) - raft.server.log.queue.element-limit = 1024 (custom)
2019-11-14 00:39:42,237 [pool-550-thread-1] INFO  segmented.SegmentedRaftLogWorker (SegmentedRaftLogWorker.java:lambda$new$0(128)) - 37126020-3da7-4e98-a0e1-da03830467e3@group-E968A8BCEE98-SegmentedRaftLogWorker: flushIndex: setUnconditionally 0 -> -1
2019-11-14 00:39:42,237 [pool-540-thread-1] INFO  server.RaftServerConfigKeys (ConfUtils.java:logGet(43)) - raft.server.log.segment.size.max = 1048576 (custom)
2019-11-14 00:39:42,237 [pool-560-thread-1] INFO  server.RaftServerConfigKeys (ConfUtils.java:logGet(43)) - raft.server.log.segment.size.max = 1048576 (custom)
2019-11-14 00:39:42,237 [pool-550-thread-1] INFO  server.RaftServerConfigKeys (ConfUtils.java:logGet(43)) - raft.server.snapshot.auto.trigger.enabled = true (custom)
2019-11-14 00:39:42,237 [pool-540-thread-1] INFO  server.RaftServerConfigKeys (ConfUtils.java:logGet(43)) - raft.server.log.preallocated.size = 16384 (custom)
2019-11-14 00:39:42,238 [pool-550-thread-1] INFO  server.RaftServerConfigKeys (ConfUtils.java:logGet(43)) - raft.server.snapshot.auto.trigger.threshold = 10000 (custom)
2019-11-14 00:39:42,238 [pool-560-thread-1] INFO  server.RaftServerConfigKeys (ConfUtils.java:logGet(43)) - raft.server.log.preallocated.size = 16384 (custom)
2019-11-14 00:39:42,238 [pool-550-thread-1] INFO  server.RaftServerConfigKeys (ConfUtils.java:logGet(43)) - raft.server.snapshot.retention.file.num = 5 (custom)
2019-11-14 00:39:42,238 [pool-540-thread-1] INFO  server.RaftServerConfigKeys (ConfUtils.java:logGet(43)) - raft.server.log.write.buffer.size = 33554432 (custom)
2019-11-14 00:39:42,238 [pool-550-thread-1] INFO  server.RaftServerConfigKeys (ConfUtils.java:logGet(43)) - raft.server.retrycache.expirytime = 600000ms (custom)
2019-11-14 00:39:42,238 [pool-560-thread-1] INFO  server.RaftServerConfigKeys (ConfUtils.java:logGet(43)) - raft.server.log.write.buffer.size = 33554432 (custom)
2019-11-14 00:39:42,238 [pool-550-thread-1] WARN  impl.MetricRegistriesImpl (MetricRegistriesImpl.java:lambda$create$1(61)) - First MetricRegistry has been created without registering reporters. You may need to call MetricRegistries.global().addReportRegistration(...) before.
2019-11-14 00:39:42,238 [pool-540-thread-1] INFO  server.RaftServerConfigKeys (ConfUtils.java:logGet(43)) - raft.server.log.force.sync.num = 128 (default)
2019-11-14 00:39:42,238 [pool-550-thread-1] WARN  impl.MetricRegistriesImpl (MetricRegistriesImpl.java:lambda$create$1(61)) - First MetricRegistry has been created without registering reporters. You may need to call MetricRegistries.global().addReportRegistration(...) before.
2019-11-14 00:39:42,238 [pool-560-thread-1] INFO  server.RaftServerConfigKeys (ConfUtils.java:logGet(43)) - raft.server.log.force.sync.num = 128 (default)
2019-11-14 00:39:42,238 [pool-540-thread-1] INFO  server.RaftServerConfigKeys (ConfUtils.java:logGet(43)) - raft.server.log.statemachine.data.sync = true (default)
2019-11-14 00:39:42,238 [pool-560-thread-1] INFO  server.RaftServerConfigKeys (ConfUtils.java:logGet(43)) - raft.server.log.statemachine.data.sync = true (default)
2019-11-14 00:39:42,238 [pool-550-thread-1] INFO  impl.RaftServerImpl (RaftServerImpl.java:start(184)) - 37126020-3da7-4e98-a0e1-da03830467e3@group-E968A8BCEE98: start as a follower, conf=-1: [cd356495-acb8-453f-96c5-8be3e7d4704d:192.168.34.25:35310, dabbec34-9112-49d4-9f2a-1cc38e957548:192.168.34.25:32788, 37126020-3da7-4e98-a0e1-da03830467e3:192.168.34.25:41443], old=null
2019-11-14 00:39:42,239 [pool-560-thread-1] INFO  server.RaftServerConfigKeys (ConfUtils.java:logGet(43)) - raft.server.log.statemachine.data.sync.timeout = 10s (default)
2019-11-14 00:39:42,239 [pool-540-thread-1] INFO  server.RaftServerConfigKeys (ConfUtils.java:logGet(43)) - raft.server.log.statemachine.data.sync.timeout = 10s (default)
2019-11-14 00:39:42,239 [pool-560-thread-1] INFO  server.RaftServerConfigKeys (ConfUtils.java:logGet(43)) - raft.server.log.statemachine.data.sync.timeout.retry = -1 (default)
2019-11-14 00:39:42,239 [pool-550-thread-1] INFO  impl.RaftServerImpl (RaftServerImpl.java:setRole(173)) - 37126020-3da7-4e98-a0e1-da03830467e3@group-E968A8BCEE98: changes role from      null to FOLLOWER at term 0 for startAsFollower
2019-11-14 00:39:42,239 [pool-560-thread-1] INFO  server.RaftServerConfigKeys (ConfUtils.java:logGet(43)) - raft.server.log.statemachine.data.caching.enabled = true (custom)
2019-11-14 00:39:42,239 [pool-540-thread-1] INFO  server.RaftServerConfigKeys (ConfUtils.java:logGet(43)) - raft.server.log.statemachine.data.sync.timeout.retry = -1 (default)
2019-11-14 00:39:42,239 [pool-550-thread-1] INFO  impl.RoleInfo (RoleInfo.java:updateAndGet(143)) - 37126020-3da7-4e98-a0e1-da03830467e3: start FollowerState
2019-11-14 00:39:42,239 [pool-560-thread-1] INFO  segmented.SegmentedRaftLogWorker (SegmentedRaftLogWorker.java:lambda$new$0(128)) - dabbec34-9112-49d4-9f2a-1cc38e957548@group-E968A8BCEE98-SegmentedRaftLogWorker: flushIndex: setUnconditionally 0 -> -1
2019-11-14 00:39:42,239 [pool-540-thread-1] INFO  server.RaftServerConfigKeys (ConfUtils.java:logGet(43)) - raft.server.log.statemachine.data.caching.enabled = true (custom)
2019-11-14 00:39:42,239 [pool-560-thread-1] INFO  server.RaftServerConfigKeys (ConfUtils.java:logGet(43)) - raft.server.snapshot.auto.trigger.enabled = true (custom)
2019-11-14 00:39:42,239 [pool-550-thread-1] INFO  util.JmxRegister (JmxRegister.java:tryRegister(44)) - Successfully registered JMX Bean with object name Ratis:service=RaftServer,group=group-E968A8BCEE98,id=37126020-3da7-4e98-a0e1-da03830467e3
2019-11-14 00:39:42,239 [pool-540-thread-1] INFO  segmented.SegmentedRaftLogWorker (SegmentedRaftLogWorker.java:lambda$new$0(128)) - cd356495-acb8-453f-96c5-8be3e7d4704d@group-E968A8BCEE98-SegmentedRaftLogWorker: flushIndex: setUnconditionally 0 -> -1
2019-11-14 00:39:42,240 [pool-550-thread-1] WARN  impl.MetricRegistriesImpl (MetricRegistriesImpl.java:lambda$create$1(61)) - First MetricRegistry has been created without registering reporters. You may need to call MetricRegistries.global().addReportRegistration(...) before.
2019-11-14 00:39:42,239 [pool-560-thread-1] INFO  server.RaftServerConfigKeys (ConfUtils.java:logGet(43)) - raft.server.snapshot.auto.trigger.threshold = 10000 (custom)
2019-11-14 00:39:42,240 [pool-540-thread-1] INFO  server.RaftServerConfigKeys (ConfUtils.java:logGet(43)) - raft.server.snapshot.auto.trigger.enabled = true (custom)
2019-11-14 00:39:42,240 [pool-560-thread-1] INFO  server.RaftServerConfigKeys (ConfUtils.java:logGet(43)) - raft.server.snapshot.retention.file.num = 5 (custom)
2019-11-14 00:39:42,240 [pool-540-thread-1] INFO  server.RaftServerConfigKeys (ConfUtils.java:logGet(43)) - raft.server.snapshot.auto.trigger.threshold = 10000 (custom)
2019-11-14 00:39:42,240 [pool-560-thread-1] INFO  server.RaftServerConfigKeys (ConfUtils.java:logGet(43)) - raft.server.retrycache.expirytime = 600000ms (custom)
2019-11-14 00:39:42,240 [pool-540-thread-1] INFO  server.RaftServerConfigKeys (ConfUtils.java:logGet(43)) - raft.server.snapshot.retention.file.num = 5 (custom)
2019-11-14 00:39:42,240 [pool-560-thread-1] WARN  impl.MetricRegistriesImpl (MetricRegistriesImpl.java:lambda$create$1(61)) - First MetricRegistry has been created without registering reporters. You may need to call MetricRegistries.global().addReportRegistration(...) before.
2019-11-14 00:39:42,240 [pool-540-thread-1] INFO  server.RaftServerConfigKeys (ConfUtils.java:logGet(43)) - raft.server.retrycache.expirytime = 600000ms (custom)
2019-11-14 00:39:42,240 [pool-560-thread-1] WARN  impl.MetricRegistriesImpl (MetricRegistriesImpl.java:lambda$create$1(61)) - First MetricRegistry has been created without registering reporters. You may need to call MetricRegistries.global().addReportRegistration(...) before.
2019-11-14 00:39:42,240 [pool-540-thread-1] WARN  impl.MetricRegistriesImpl (MetricRegistriesImpl.java:lambda$create$1(61)) - First MetricRegistry has been created without registering reporters. You may need to call MetricRegistries.global().addReportRegistration(...) before.
2019-11-14 00:39:42,240 [pool-560-thread-1] INFO  impl.RaftServerImpl (RaftServerImpl.java:start(184)) - dabbec34-9112-49d4-9f2a-1cc38e957548@group-E968A8BCEE98: start as a follower, conf=-1: [cd356495-acb8-453f-96c5-8be3e7d4704d:192.168.34.25:35310, dabbec34-9112-49d4-9f2a-1cc38e957548:192.168.34.25:32788, 37126020-3da7-4e98-a0e1-da03830467e3:192.168.34.25:41443], old=null
2019-11-14 00:39:42,240 [pool-540-thread-1] WARN  impl.MetricRegistriesImpl (MetricRegistriesImpl.java:lambda$create$1(61)) - First MetricRegistry has been created without registering reporters. You may need to call MetricRegistries.global().addReportRegistration(...) before.
2019-11-14 00:39:42,241 [pool-560-thread-1] INFO  impl.RaftServerImpl (RaftServerImpl.java:setRole(173)) - dabbec34-9112-49d4-9f2a-1cc38e957548@group-E968A8BCEE98: changes role from      null to FOLLOWER at term 0 for startAsFollower
2019-11-14 00:39:42,241 [pool-540-thread-1] INFO  impl.RaftServerImpl (RaftServerImpl.java:start(184)) - cd356495-acb8-453f-96c5-8be3e7d4704d@group-E968A8BCEE98: start as a follower, conf=-1: [cd356495-acb8-453f-96c5-8be3e7d4704d:192.168.34.25:35310, dabbec34-9112-49d4-9f2a-1cc38e957548:192.168.34.25:32788, 37126020-3da7-4e98-a0e1-da03830467e3:192.168.34.25:41443], old=null
2019-11-14 00:39:42,241 [pool-560-thread-1] INFO  impl.RoleInfo (RoleInfo.java:updateAndGet(143)) - dabbec34-9112-49d4-9f2a-1cc38e957548: start FollowerState
2019-11-14 00:39:42,241 [pool-540-thread-1] INFO  impl.RaftServerImpl (RaftServerImpl.java:setRole(173)) - cd356495-acb8-453f-96c5-8be3e7d4704d@group-E968A8BCEE98: changes role from      null to FOLLOWER at term 0 for startAsFollower
2019-11-14 00:39:42,241 [pool-540-thread-1] INFO  impl.RoleInfo (RoleInfo.java:updateAndGet(143)) - cd356495-acb8-453f-96c5-8be3e7d4704d: start FollowerState
2019-11-14 00:39:42,241 [pool-560-thread-1] INFO  util.JmxRegister (JmxRegister.java:tryRegister(44)) - Successfully registered JMX Bean with object name Ratis:service=RaftServer,group=group-E968A8BCEE98,id=dabbec34-9112-49d4-9f2a-1cc38e957548
2019-11-14 00:39:42,241 [pool-560-thread-1] WARN  impl.MetricRegistriesImpl (MetricRegistriesImpl.java:lambda$create$1(61)) - First MetricRegistry has been created without registering reporters. You may need to call MetricRegistries.global().addReportRegistration(...) before.
2019-11-14 00:39:42,241 [pool-540-thread-1] INFO  util.JmxRegister (JmxRegister.java:tryRegister(44)) - Successfully registered JMX Bean with object name Ratis:service=RaftServer,group=group-E968A8BCEE98,id=cd356495-acb8-453f-96c5-8be3e7d4704d
2019-11-14 00:39:42,241 [pool-540-thread-1] WARN  impl.MetricRegistriesImpl (MetricRegistriesImpl.java:lambda$create$1(61)) - First MetricRegistry has been created without registering reporters. You may need to call MetricRegistries.global().addReportRegistration(...) before.
2019-11-14 00:39:42,243 [RatisPipelineUtilsThread] INFO  pipeline.PipelineStateManager (PipelineStateManager.java:addPipeline(55)) - Created pipeline Pipeline[ Id: 5996426e-4a52-48e4-baed-e968a8bcee98, Nodes: cd356495-acb8-453f-96c5-8be3e7d4704d{ip: 192.168.34.25, host: pr-hdds-2474-ghsjm-2904119463, networkLocation: /rack1, certSerialId: null}37126020-3da7-4e98-a0e1-da03830467e3{ip: 192.168.34.25, host: pr-hdds-2474-ghsjm-2904119463, networkLocation: /rack1, certSerialId: null}dabbec34-9112-49d4-9f2a-1cc38e957548{ip: 192.168.34.25, host: pr-hdds-2474-ghsjm-2904119463, networkLocation: /rack1, certSerialId: null}, Type:RATIS, Factor:THREE, State:ALLOCATED]
2019-11-14 00:39:42,243 [Thread-3916] INFO  pipeline.PipelineStateManager (PipelineStateManager.java:finalizePipeline(121)) - Pipeline Pipeline[ Id: 57441d5c-e25d-4bfe-a19b-5247083be5d3, Nodes: c5cc448d-8877-4f4e-8c4b-54f6ffcbe1c1{ip: 192.168.34.25, host: pr-hdds-2474-ghsjm-2904119463, networkLocation: /rack1, certSerialId: null}, Type:RATIS, Factor:ONE, State:CLOSED] moved to CLOSED state
2019-11-14 00:39:42,248 [grpc-default-executor-0] INFO  impl.RaftServerProxy (RaftServerProxy.java:remove(95)) - c5cc448d-8877-4f4e-8c4b-54f6ffcbe1c1: remove    LEADER c5cc448d-8877-4f4e-8c4b-54f6ffcbe1c1@group-5247083BE5D3:t1, leader=c5cc448d-8877-4f4e-8c4b-54f6ffcbe1c1, voted=c5cc448d-8877-4f4e-8c4b-54f6ffcbe1c1, raftlog=c5cc448d-8877-4f4e-8c4b-54f6ffcbe1c1@group-5247083BE5D3-SegmentedRaftLog:OPENED:c0,f0,i0, conf=0: [c5cc448d-8877-4f4e-8c4b-54f6ffcbe1c1:192.168.34.25:35731], old=null RUNNING
2019-11-14 00:39:42,248 [grpc-default-executor-0] INFO  impl.RaftServerImpl (RaftServerImpl.java:lambda$shutdown$3(250)) - c5cc448d-8877-4f4e-8c4b-54f6ffcbe1c1@group-5247083BE5D3: shutdown
2019-11-14 00:39:42,248 [grpc-default-executor-0] INFO  util.JmxRegister (JmxRegister.java:unregister(73)) - Successfully un-registered JMX Bean with object name Ratis:service=RaftServer,group=group-5247083BE5D3,id=c5cc448d-8877-4f4e-8c4b-54f6ffcbe1c1
2019-11-14 00:39:42,248 [grpc-default-executor-0] INFO  impl.RoleInfo (RoleInfo.java:shutdownLeaderState(104)) - c5cc448d-8877-4f4e-8c4b-54f6ffcbe1c1: shutdown LeaderState
2019-11-14 00:39:42,248 [grpc-default-executor-0] INFO  impl.PendingRequests (PendingRequests.java:sendNotLeaderResponses(206)) - c5cc448d-8877-4f4e-8c4b-54f6ffcbe1c1@group-5247083BE5D3-PendingRequests: sendNotLeaderResponses
2019-11-14 00:39:42,248 [grpc-default-executor-0] INFO  impl.StateMachineUpdater (StateMachineUpdater.java:stopAndJoin(136)) - c5cc448d-8877-4f4e-8c4b-54f6ffcbe1c1@group-5247083BE5D3-StateMachineUpdater: set stopIndex = 0
2019-11-14 00:39:42,249 [grpc-default-executor-0] INFO  impl.RaftServerImpl (ServerState.java:close(387)) - c5cc448d-8877-4f4e-8c4b-54f6ffcbe1c1@group-5247083BE5D3: closes. applyIndex: 0
2019-11-14 00:39:42,249 [c5cc448d-8877-4f4e-8c4b-54f6ffcbe1c1@group-5247083BE5D3-SegmentedRaftLogWorker] INFO  segmented.SegmentedRaftLogWorker (SegmentedRaftLogWorker.java:run(316)) - c5cc448d-8877-4f4e-8c4b-54f6ffcbe1c1@group-5247083BE5D3-SegmentedRaftLogWorker was interrupted, exiting. There are 0 tasks remaining in the queue.
2019-11-14 00:39:42,249 [grpc-default-executor-0] INFO  segmented.SegmentedRaftLogWorker (SegmentedRaftLogWorker.java:close(224)) - c5cc448d-8877-4f4e-8c4b-54f6ffcbe1c1@group-5247083BE5D3-SegmentedRaftLogWorker close()
2019-11-14 00:39:42,253 [Thread-3916] INFO  pipeline.PipelineStateManager (PipelineStateManager.java:removePipeline(106)) - Pipeline Pipeline[ Id: 57441d5c-e25d-4bfe-a19b-5247083be5d3, Nodes: c5cc448d-8877-4f4e-8c4b-54f6ffcbe1c1{ip: 192.168.34.25, host: pr-hdds-2474-ghsjm-2904119463, networkLocation: /rack1, certSerialId: null}, Type:RATIS, Factor:ONE, State:CLOSED] removed from db
2019-11-14 00:39:42,253 [Thread-3916] INFO  pipeline.SCMPipelineManager (SCMPipelineManager.java:finalizeAndDestroyPipeline(315)) - destroying pipeline:Pipeline[ Id: de3a61d3-e6fa-4d56-8383-fe0491bf36ce, Nodes: cd356495-acb8-453f-96c5-8be3e7d4704d{ip: 192.168.34.25, host: pr-hdds-2474-ghsjm-2904119463, networkLocation: /rack1, certSerialId: null}, Type:RATIS, Factor:ONE, State:OPEN]
2019-11-14 00:39:42,255 [grpc-default-executor-0] INFO  impl.RaftServerProxy (RaftServerProxy.java:addNew(89)) - c5cc448d-8877-4f4e-8c4b-54f6ffcbe1c1: addNew group-0C22D01FE90D:[c5cc448d-8877-4f4e-8c4b-54f6ffcbe1c1:192.168.34.25:35731] returns group-0C22D01FE90D:java.util.concurrent.CompletableFuture@5ce62a5f[Not completed]
2019-11-14 00:39:42,256 [pool-600-thread-1] INFO  impl.RaftServerImpl (RaftServerImpl.java:<init>(98)) - c5cc448d-8877-4f4e-8c4b-54f6ffcbe1c1: new RaftServerImpl for group-0C22D01FE90D:[c5cc448d-8877-4f4e-8c4b-54f6ffcbe1c1:192.168.34.25:35731] with ContainerStateMachine:uninitialized
2019-11-14 00:39:42,256 [pool-600-thread-1] INFO  server.RaftServerConfigKeys (ConfUtils.java:logGet(43)) - raft.server.rpc.timeout.min = 1s (custom)
2019-11-14 00:39:42,256 [pool-600-thread-1] INFO  server.RaftServerConfigKeys (ConfUtils.java:logGet(43)) - raft.server.rpc.timeout.max = 1200ms (custom)
2019-11-14 00:39:42,256 [pool-600-thread-1] INFO  server.RaftServerConfigKeys (ConfUtils.java:logGet(43)) - raft.server.rpcslowness.timeout = 120s (custom)
2019-11-14 00:39:42,256 [pool-600-thread-1] INFO  server.RaftServerConfigKeys (ConfUtils.java:logGet(43)) - raft.server.sleep.deviation.threshold = 300 (default)
2019-11-14 00:39:42,257 [pool-600-thread-1] INFO  server.RaftServerConfigKeys (ConfUtils.java:logGet(43)) - raft.server.log.appender.install.snapshot.enabled = false (custom)
2019-11-14 00:39:42,257 [pool-600-thread-1] INFO  impl.RaftServerImpl (ServerState.java:<init>(103)) - c5cc448d-8877-4f4e-8c4b-54f6ffcbe1c1@group-0C22D01FE90D: ConfigurationManager, init=-1: [c5cc448d-8877-4f4e-8c4b-54f6ffcbe1c1:192.168.34.25:35731], old=null, confs=<EMPTY_MAP>
2019-11-14 00:39:42,257 [pool-600-thread-1] INFO  server.RaftServerConfigKeys (ConfUtils.java:logGet(43)) - raft.server.storage.dir = [/workdir/hadoop-ozone/integration-test/target/test-dir/MiniOzoneClusterImpl-f0c02ddf-6665-4004-91fc-64de6051483a/datanode-9/data/ratis] (custom)
2019-11-14 00:39:42,257 [pool-600-thread-1] INFO  server.RaftServerConfigKeys (ConfUtils.java:logGet(43)) - raft.server.log.corruption.policy = EXCEPTION (default)
2019-11-14 00:39:42,257 [pool-600-thread-1] INFO  storage.RaftStorageDirectory (RaftStorageDirectory.java:analyzeStorage(246)) - The storage directory /workdir/hadoop-ozone/integration-test/target/test-dir/MiniOzoneClusterImpl-f0c02ddf-6665-4004-91fc-64de6051483a/datanode-9/data/ratis/fcc577a0-ac83-4e02-b410-0c22d01fe90d does not exist. Creating ...
2019-11-14 00:39:42,267 [pool-600-thread-1] INFO  storage.RaftStorageDirectory (RaftStorageDirectory.java:tryLock(328)) - Lock on /workdir/hadoop-ozone/integration-test/target/test-dir/MiniOzoneClusterImpl-f0c02ddf-6665-4004-91fc-64de6051483a/datanode-9/data/ratis/fcc577a0-ac83-4e02-b410-0c22d01fe90d/in_use.lock acquired by nodename 12001@pr-hdds-2474-ghsjm-2904119463
2019-11-14 00:39:42,280 [pool-600-thread-1] INFO  storage.RaftStorage (RaftStorage.java:format(84)) - Storage directory /workdir/hadoop-ozone/integration-test/target/test-dir/MiniOzoneClusterImpl-f0c02ddf-6665-4004-91fc-64de6051483a/datanode-9/data/ratis/fcc577a0-ac83-4e02-b410-0c22d01fe90d has been successfully formatted.
2019-11-14 00:39:42,280 [pool-600-thread-1] INFO  ratis.ContainerStateMachine (ContainerStateMachine.java:loadSnapshot(223)) - group-0C22D01FE90D: The snapshot info is null. Setting the last applied indexto:(t:0, i:~)
2019-11-14 00:39:42,280 [pool-600-thread-1] INFO  server.RaftServerConfigKeys (ConfUtils.java:logGet(43)) - raft.server.notification.no-leader.timeout = 120s (custom)
2019-11-14 00:39:42,280 [pool-600-thread-1] INFO  server.RaftServerConfigKeys (ConfUtils.java:logGet(43)) - raft.server.log.use.memory = false (default)
2019-11-14 00:39:42,281 [pool-600-thread-1] INFO  server.RaftServerConfigKeys (ConfUtils.java:logGet(43)) - raft.server.log.purge.gap = 1000000 (custom)
2019-11-14 00:39:42,281 [pool-600-thread-1] INFO  server.RaftServerConfigKeys (ConfUtils.java:logGet(43)) - raft.server.log.appender.buffer.byte-limit = 33554432 (custom)
2019-11-14 00:39:42,281 [pool-600-thread-1] INFO  server.RaftServerConfigKeys (ConfUtils.java:logGet(43)) - raft.server.log.segment.size.max = 1048576 (custom)
2019-11-14 00:39:42,281 [pool-600-thread-1] INFO  server.RaftServerConfigKeys (ConfUtils.java:logGet(43)) - raft.server.log.segment.cache.num.max = 2 (custom)
2019-11-14 00:39:42,281 [pool-600-thread-1] INFO  segmented.SegmentedRaftLogWorker (SegmentedRaftLogWorker.java:<init>(173)) - new c5cc448d-8877-4f4e-8c4b-54f6ffcbe1c1@group-0C22D01FE90D-SegmentedRaftLogWorker for RaftStorage:Storage Directory /workdir/hadoop-ozone/integration-test/target/test-dir/MiniOzoneClusterImpl-f0c02ddf-6665-4004-91fc-64de6051483a/datanode-9/data/ratis/fcc577a0-ac83-4e02-b410-0c22d01fe90d
2019-11-14 00:39:42,281 [pool-600-thread-1] INFO  server.RaftServerConfigKeys (ConfUtils.java:logGet(43)) - raft.server.log.queue.byte-limit = 2147483647 (custom)
2019-11-14 00:39:42,281 [pool-600-thread-1] INFO  server.RaftServerConfigKeys (ConfUtils.java:logGet(43)) - raft.server.log.queue.element-limit = 1024 (custom)
2019-11-14 00:39:42,281 [pool-600-thread-1] INFO  server.RaftServerConfigKeys (ConfUtils.java:logGet(43)) - raft.server.log.segment.size.max = 1048576 (custom)
2019-11-14 00:39:42,281 [pool-600-thread-1] INFO  server.RaftServerConfigKeys (ConfUtils.java:logGet(43)) - raft.server.log.preallocated.size = 16384 (custom)
2019-11-14 00:39:42,281 [pool-600-thread-1] INFO  server.RaftServerConfigKeys (ConfUtils.java:logGet(43)) - raft.server.log.write.buffer.size = 33554432 (custom)
2019-11-14 00:39:42,282 [pool-600-thread-1] INFO  server.RaftServerConfigKeys (ConfUtils.java:logGet(43)) - raft.server.log.force.sync.num = 128 (default)
2019-11-14 00:39:42,282 [pool-600-thread-1] INFO  server.RaftServerConfigKeys (ConfUtils.java:logGet(43)) - raft.server.log.statemachine.data.sync = true (default)
2019-11-14 00:39:42,282 [pool-600-thread-1] INFO  server.RaftServerConfigKeys (ConfUtils.java:logGet(43)) - raft.server.log.statemachine.data.sync.timeout = 10s (default)
2019-11-14 00:39:42,282 [pool-600-thread-1] INFO  server.RaftServerConfigKeys (ConfUtils.java:logGet(43)) - raft.server.log.statemachine.data.sync.timeout.retry = -1 (default)
2019-11-14 00:39:42,282 [pool-600-thread-1] INFO  server.RaftServerConfigKeys (ConfUtils.java:logGet(43)) - raft.server.log.statemachine.data.caching.enabled = true (custom)
2019-11-14 00:39:42,282 [pool-600-thread-1] INFO  segmented.SegmentedRaftLogWorker (SegmentedRaftLogWorker.java:lambda$new$0(128)) - c5cc448d-8877-4f4e-8c4b-54f6ffcbe1c1@group-0C22D01FE90D-SegmentedRaftLogWorker: flushIndex: setUnconditionally 0 -> -1
2019-11-14 00:39:42,282 [pool-600-thread-1] INFO  server.RaftServerConfigKeys (ConfUtils.java:logGet(43)) - raft.server.snapshot.auto.trigger.enabled = true (custom)
2019-11-14 00:39:42,283 [pool-600-thread-1] INFO  server.RaftServerConfigKeys (ConfUtils.java:logGet(43)) - raft.server.snapshot.auto.trigger.threshold = 10000 (custom)
2019-11-14 00:39:42,283 [pool-600-thread-1] INFO  server.RaftServerConfigKeys (ConfUtils.java:logGet(43)) - raft.server.snapshot.retention.file.num = 5 (custom)
2019-11-14 00:39:42,283 [pool-600-thread-1] INFO  server.RaftServerConfigKeys (ConfUtils.java:logGet(43)) - raft.server.retrycache.expirytime = 600000ms (custom)
2019-11-14 00:39:42,283 [pool-600-thread-1] WARN  impl.MetricRegistriesImpl (MetricRegistriesImpl.java:lambda$create$1(61)) - First MetricRegistry has been created without registering reporters. You may need to call MetricRegistries.global().addReportRegistration(...) before.
2019-11-14 00:39:42,283 [pool-600-thread-1] WARN  impl.MetricRegistriesImpl (MetricRegistriesImpl.java:lambda$create$1(61)) - First MetricRegistry has been created without registering reporters. You may need to call MetricRegistries.global().addReportRegistration(...) before.
2019-11-14 00:39:42,283 [pool-600-thread-1] INFO  impl.RaftServerImpl (RaftServerImpl.java:start(184)) - c5cc448d-8877-4f4e-8c4b-54f6ffcbe1c1@group-0C22D01FE90D: start as a follower, conf=-1: [c5cc448d-8877-4f4e-8c4b-54f6ffcbe1c1:192.168.34.25:35731], old=null
2019-11-14 00:39:42,283 [pool-600-thread-1] INFO  impl.RaftServerImpl (RaftServerImpl.java:setRole(173)) - c5cc448d-8877-4f4e-8c4b-54f6ffcbe1c1@group-0C22D01FE90D: changes role from      null to FOLLOWER at term 0 for startAsFollower
2019-11-14 00:39:42,283 [pool-600-thread-1] INFO  impl.RoleInfo (RoleInfo.java:updateAndGet(143)) - c5cc448d-8877-4f4e-8c4b-54f6ffcbe1c1: start FollowerState
2019-11-14 00:39:42,284 [pool-600-thread-1] INFO  util.JmxRegister (JmxRegister.java:tryRegister(44)) - Successfully registered JMX Bean with object name Ratis:service=RaftServer,group=group-0C22D01FE90D,id=c5cc448d-8877-4f4e-8c4b-54f6ffcbe1c1
2019-11-14 00:39:42,284 [pool-600-thread-1] WARN  impl.MetricRegistriesImpl (MetricRegistriesImpl.java:lambda$create$1(61)) - First MetricRegistry has been created without registering reporters. You may need to call MetricRegistries.global().addReportRegistration(...) before.
2019-11-14 00:39:42,286 [RatisPipelineUtilsThread] INFO  pipeline.PipelineStateManager (PipelineStateManager.java:addPipeline(55)) - Created pipeline Pipeline[ Id: fcc577a0-ac83-4e02-b410-0c22d01fe90d, Nodes: c5cc448d-8877-4f4e-8c4b-54f6ffcbe1c1{ip: 192.168.34.25, host: pr-hdds-2474-ghsjm-2904119463, networkLocation: /rack1, certSerialId: null}, Type:RATIS, Factor:ONE, State:ALLOCATED]
2019-11-14 00:39:42,286 [Thread-3916] INFO  pipeline.PipelineStateManager (PipelineStateManager.java:finalizePipeline(121)) - Pipeline Pipeline[ Id: de3a61d3-e6fa-4d56-8383-fe0491bf36ce, Nodes: cd356495-acb8-453f-96c5-8be3e7d4704d{ip: 192.168.34.25, host: pr-hdds-2474-ghsjm-2904119463, networkLocation: /rack1, certSerialId: null}, Type:RATIS, Factor:ONE, State:CLOSED] moved to CLOSED state
2019-11-14 00:39:42,288 [grpc-default-executor-0] INFO  impl.RaftServerProxy (RaftServerProxy.java:remove(95)) - cd356495-acb8-453f-96c5-8be3e7d4704d: remove    LEADER cd356495-acb8-453f-96c5-8be3e7d4704d@group-FE0491BF36CE:t1, leader=cd356495-acb8-453f-96c5-8be3e7d4704d, voted=cd356495-acb8-453f-96c5-8be3e7d4704d, raftlog=cd356495-acb8-453f-96c5-8be3e7d4704d@group-FE0491BF36CE-SegmentedRaftLog:OPENED:c0,f0,i0, conf=0: [cd356495-acb8-453f-96c5-8be3e7d4704d:192.168.34.25:35310], old=null RUNNING
2019-11-14 00:39:42,289 [grpc-default-executor-0] INFO  impl.RaftServerImpl (RaftServerImpl.java:lambda$shutdown$3(250)) - cd356495-acb8-453f-96c5-8be3e7d4704d@group-FE0491BF36CE: shutdown
2019-11-14 00:39:42,289 [grpc-default-executor-0] INFO  util.JmxRegister (JmxRegister.java:unregister(73)) - Successfully un-registered JMX Bean with object name Ratis:service=RaftServer,group=group-FE0491BF36CE,id=cd356495-acb8-453f-96c5-8be3e7d4704d
2019-11-14 00:39:42,289 [grpc-default-executor-0] INFO  impl.RoleInfo (RoleInfo.java:shutdownLeaderState(104)) - cd356495-acb8-453f-96c5-8be3e7d4704d: shutdown LeaderState
2019-11-14 00:39:42,289 [grpc-default-executor-0] INFO  impl.PendingRequests (PendingRequests.java:sendNotLeaderResponses(206)) - cd356495-acb8-453f-96c5-8be3e7d4704d@group-FE0491BF36CE-PendingRequests: sendNotLeaderResponses
2019-11-14 00:39:42,289 [grpc-default-executor-0] INFO  impl.StateMachineUpdater (StateMachineUpdater.java:stopAndJoin(136)) - cd356495-acb8-453f-96c5-8be3e7d4704d@group-FE0491BF36CE-StateMachineUpdater: set stopIndex = 0
2019-11-14 00:39:42,289 [grpc-default-executor-0] INFO  impl.RaftServerImpl (ServerState.java:close(387)) - cd356495-acb8-453f-96c5-8be3e7d4704d@group-FE0491BF36CE: closes. applyIndex: 0
2019-11-14 00:39:42,289 [cd356495-acb8-453f-96c5-8be3e7d4704d@group-FE0491BF36CE-SegmentedRaftLogWorker] INFO  segmented.SegmentedRaftLogWorker (SegmentedRaftLogWorker.java:run(316)) - cd356495-acb8-453f-96c5-8be3e7d4704d@group-FE0491BF36CE-SegmentedRaftLogWorker was interrupted, exiting. There are 0 tasks remaining in the queue.
2019-11-14 00:39:42,290 [grpc-default-executor-0] INFO  segmented.SegmentedRaftLogWorker (SegmentedRaftLogWorker.java:close(224)) - cd356495-acb8-453f-96c5-8be3e7d4704d@group-FE0491BF36CE-SegmentedRaftLogWorker close()
2019-11-14 00:39:42,294 [Thread-3916] INFO  pipeline.PipelineStateManager (PipelineStateManager.java:removePipeline(106)) - Pipeline Pipeline[ Id: de3a61d3-e6fa-4d56-8383-fe0491bf36ce, Nodes: cd356495-acb8-453f-96c5-8be3e7d4704d{ip: 192.168.34.25, host: pr-hdds-2474-ghsjm-2904119463, networkLocation: /rack1, certSerialId: null}, Type:RATIS, Factor:ONE, State:CLOSED] removed from db
2019-11-14 00:39:42,294 [Thread-3916] INFO  pipeline.SCMPipelineManager (SCMPipelineManager.java:finalizeAndDestroyPipeline(315)) - destroying pipeline:Pipeline[ Id: 16f0d2aa-d4e7-4a33-b48d-15ccccaf29be, Nodes: 91297bf6-d797-4b12-9aab-de0c4610252f{ip: 192.168.34.25, host: pr-hdds-2474-ghsjm-2904119463, networkLocation: /rack1, certSerialId: null}, Type:RATIS, Factor:ONE, State:OPEN]
2019-11-14 00:39:42,296 [grpc-default-executor-0] INFO  impl.RaftServerProxy (RaftServerProxy.java:addNew(89)) - cd356495-acb8-453f-96c5-8be3e7d4704d: addNew group-55E17FFFBC8D:[cd356495-acb8-453f-96c5-8be3e7d4704d:192.168.34.25:35310] returns group-55E17FFFBC8D:java.util.concurrent.CompletableFuture@2807fd19[Not completed]
2019-11-14 00:39:42,297 [pool-540-thread-1] INFO  impl.RaftServerImpl (RaftServerImpl.java:<init>(98)) - cd356495-acb8-453f-96c5-8be3e7d4704d: new RaftServerImpl for group-55E17FFFBC8D:[cd356495-acb8-453f-96c5-8be3e7d4704d:192.168.34.25:35310] with ContainerStateMachine:uninitialized
2019-11-14 00:39:42,297 [pool-540-thread-1] INFO  server.RaftServerConfigKeys (ConfUtils.java:logGet(43)) - raft.server.rpc.timeout.min = 1s (custom)
2019-11-14 00:39:42,297 [pool-540-thread-1] INFO  server.RaftServerConfigKeys (ConfUtils.java:logGet(43)) - raft.server.rpc.timeout.max = 1200ms (custom)
2019-11-14 00:39:42,297 [pool-540-thread-1] INFO  server.RaftServerConfigKeys (ConfUtils.java:logGet(43)) - raft.server.rpcslowness.timeout = 120s (custom)
2019-11-14 00:39:42,297 [pool-540-thread-1] INFO  server.RaftServerConfigKeys (ConfUtils.java:logGet(43)) - raft.server.sleep.deviation.threshold = 300 (default)
2019-11-14 00:39:42,297 [pool-540-thread-1] INFO  server.RaftServerConfigKeys (ConfUtils.java:logGet(43)) - raft.server.log.appender.install.snapshot.enabled = false (custom)
2019-11-14 00:39:42,297 [pool-540-thread-1] INFO  impl.RaftServerImpl (ServerState.java:<init>(103)) - cd356495-acb8-453f-96c5-8be3e7d4704d@group-55E17FFFBC8D: ConfigurationManager, init=-1: [cd356495-acb8-453f-96c5-8be3e7d4704d:192.168.34.25:35310], old=null, confs=<EMPTY_MAP>
2019-11-14 00:39:42,298 [pool-540-thread-1] INFO  server.RaftServerConfigKeys (ConfUtils.java:logGet(43)) - raft.server.storage.dir = [/workdir/hadoop-ozone/integration-test/target/test-dir/MiniOzoneClusterImpl-f0c02ddf-6665-4004-91fc-64de6051483a/datanode-3/data/ratis] (custom)
2019-11-14 00:39:42,298 [pool-540-thread-1] INFO  server.RaftServerConfigKeys (ConfUtils.java:logGet(43)) - raft.server.log.corruption.policy = EXCEPTION (default)
2019-11-14 00:39:42,298 [pool-540-thread-1] INFO  storage.RaftStorageDirectory (RaftStorageDirectory.java:analyzeStorage(246)) - The storage directory /workdir/hadoop-ozone/integration-test/target/test-dir/MiniOzoneClusterImpl-f0c02ddf-6665-4004-91fc-64de6051483a/datanode-3/data/ratis/97b1ba80-6196-4a4f-9c34-55e17fffbc8d does not exist. Creating ...
2019-11-14 00:39:42,311 [pool-540-thread-1] INFO  storage.RaftStorageDirectory (RaftStorageDirectory.java:tryLock(328)) - Lock on /workdir/hadoop-ozone/integration-test/target/test-dir/MiniOzoneClusterImpl-f0c02ddf-6665-4004-91fc-64de6051483a/datanode-3/data/ratis/97b1ba80-6196-4a4f-9c34-55e17fffbc8d/in_use.lock acquired by nodename 12001@pr-hdds-2474-ghsjm-2904119463
2019-11-14 00:39:42,324 [pool-540-thread-1] INFO  storage.RaftStorage (RaftStorage.java:format(84)) - Storage directory /workdir/hadoop-ozone/integration-test/target/test-dir/MiniOzoneClusterImpl-f0c02ddf-6665-4004-91fc-64de6051483a/datanode-3/data/ratis/97b1ba80-6196-4a4f-9c34-55e17fffbc8d has been successfully formatted.
2019-11-14 00:39:42,324 [pool-540-thread-1] INFO  ratis.ContainerStateMachine (ContainerStateMachine.java:loadSnapshot(223)) - group-55E17FFFBC8D: The snapshot info is null. Setting the last applied indexto:(t:0, i:~)
2019-11-14 00:39:42,324 [pool-540-thread-1] INFO  server.RaftServerConfigKeys (ConfUtils.java:logGet(43)) - raft.server.notification.no-leader.timeout = 120s (custom)
2019-11-14 00:39:42,325 [pool-540-thread-1] INFO  server.RaftServerConfigKeys (ConfUtils.java:logGet(43)) - raft.server.log.use.memory = false (default)
2019-11-14 00:39:42,325 [pool-540-thread-1] INFO  server.RaftServerConfigKeys (ConfUtils.java:logGet(43)) - raft.server.log.purge.gap = 1000000 (custom)
2019-11-14 00:39:42,325 [pool-540-thread-1] INFO  server.RaftServerConfigKeys (ConfUtils.java:logGet(43)) - raft.server.log.appender.buffer.byte-limit = 33554432 (custom)
2019-11-14 00:39:42,325 [pool-540-thread-1] INFO  server.RaftServerConfigKeys (ConfUtils.java:logGet(43)) - raft.server.log.segment.size.max = 1048576 (custom)
2019-11-14 00:39:42,325 [pool-540-thread-1] INFO  server.RaftServerConfigKeys (ConfUtils.java:logGet(43)) - raft.server.log.segment.cache.num.max = 2 (custom)
2019-11-14 00:39:42,325 [pool-540-thread-1] INFO  segmented.SegmentedRaftLogWorker (SegmentedRaftLogWorker.java:<init>(173)) - new cd356495-acb8-453f-96c5-8be3e7d4704d@group-55E17FFFBC8D-SegmentedRaftLogWorker for RaftStorage:Storage Directory /workdir/hadoop-ozone/integration-test/target/test-dir/MiniOzoneClusterImpl-f0c02ddf-6665-4004-91fc-64de6051483a/datanode-3/data/ratis/97b1ba80-6196-4a4f-9c34-55e17fffbc8d
2019-11-14 00:39:42,325 [pool-540-thread-1] INFO  server.RaftServerConfigKeys (ConfUtils.java:logGet(43)) - raft.server.log.queue.byte-limit = 2147483647 (custom)
2019-11-14 00:39:42,325 [pool-540-thread-1] INFO  server.RaftServerConfigKeys (ConfUtils.java:logGet(43)) - raft.server.log.queue.element-limit = 1024 (custom)
2019-11-14 00:39:42,325 [pool-540-thread-1] INFO  server.RaftServerConfigKeys (ConfUtils.java:logGet(43)) - raft.server.log.segment.size.max = 1048576 (custom)
2019-11-14 00:39:42,325 [pool-540-thread-1] INFO  server.RaftServerConfigKeys (ConfUtils.java:logGet(43)) - raft.server.log.preallocated.size = 16384 (custom)
2019-11-14 00:39:42,325 [pool-540-thread-1] INFO  server.RaftServerConfigKeys (ConfUtils.java:logGet(43)) - raft.server.log.write.buffer.size = 33554432 (custom)
2019-11-14 00:39:42,325 [pool-540-thread-1] INFO  server.RaftServerConfigKeys (ConfUtils.java:logGet(43)) - raft.server.log.force.sync.num = 128 (default)
2019-11-14 00:39:42,325 [pool-540-thread-1] INFO  server.RaftServerConfigKeys (ConfUtils.java:logGet(43)) - raft.server.log.statemachine.data.sync = true (default)
2019-11-14 00:39:42,326 [pool-540-thread-1] INFO  server.RaftServerConfigKeys (ConfUtils.java:logGet(43)) - raft.server.log.statemachine.data.sync.timeout = 10s (default)
2019-11-14 00:39:42,326 [pool-540-thread-1] INFO  server.RaftServerConfigKeys (ConfUtils.java:logGet(43)) - raft.server.log.statemachine.data.sync.timeout.retry = -1 (default)
2019-11-14 00:39:42,326 [pool-540-thread-1] INFO  server.RaftServerConfigKeys (ConfUtils.java:logGet(43)) - raft.server.log.statemachine.data.caching.enabled = true (custom)
2019-11-14 00:39:42,326 [pool-540-thread-1] INFO  segmented.SegmentedRaftLogWorker (SegmentedRaftLogWorker.java:lambda$new$0(128)) - cd356495-acb8-453f-96c5-8be3e7d4704d@group-55E17FFFBC8D-SegmentedRaftLogWorker: flushIndex: setUnconditionally 0 -> -1
2019-11-14 00:39:42,326 [pool-540-thread-1] INFO  server.RaftServerConfigKeys (ConfUtils.java:logGet(43)) - raft.server.snapshot.auto.trigger.enabled = true (custom)
2019-11-14 00:39:42,326 [pool-540-thread-1] INFO  server.RaftServerConfigKeys (ConfUtils.java:logGet(43)) - raft.server.snapshot.auto.trigger.threshold = 10000 (custom)
2019-11-14 00:39:42,326 [pool-540-thread-1] INFO  server.RaftServerConfigKeys (ConfUtils.java:logGet(43)) - raft.server.snapshot.retention.file.num = 5 (custom)
2019-11-14 00:39:42,326 [pool-540-thread-1] INFO  server.RaftServerConfigKeys (ConfUtils.java:logGet(43)) - raft.server.retrycache.expirytime = 600000ms (custom)
2019-11-14 00:39:42,327 [pool-540-thread-1] WARN  impl.MetricRegistriesImpl (MetricRegistriesImpl.java:lambda$create$1(61)) - First MetricRegistry has been created without registering reporters. You may need to call MetricRegistries.global().addReportRegistration(...) before.
2019-11-14 00:39:42,327 [pool-540-thread-1] WARN  impl.MetricRegistriesImpl (MetricRegistriesImpl.java:lambda$create$1(61)) - First MetricRegistry has been created without registering reporters. You may need to call MetricRegistries.global().addReportRegistration(...) before.
2019-11-14 00:39:42,327 [pool-540-thread-1] INFO  impl.RaftServerImpl (RaftServerImpl.java:start(184)) - cd356495-acb8-453f-96c5-8be3e7d4704d@group-55E17FFFBC8D: start as a follower, conf=-1: [cd356495-acb8-453f-96c5-8be3e7d4704d:192.168.34.25:35310], old=null
2019-11-14 00:39:42,327 [pool-540-thread-1] INFO  impl.RaftServerImpl (RaftServerImpl.java:setRole(173)) - cd356495-acb8-453f-96c5-8be3e7d4704d@group-55E17FFFBC8D: changes role from      null to FOLLOWER at term 0 for startAsFollower
2019-11-14 00:39:42,327 [pool-540-thread-1] INFO  impl.RoleInfo (RoleInfo.java:updateAndGet(143)) - cd356495-acb8-453f-96c5-8be3e7d4704d: start FollowerState
2019-11-14 00:39:42,327 [pool-540-thread-1] INFO  util.JmxRegister (JmxRegister.java:tryRegister(44)) - Successfully registered JMX Bean with object name Ratis:service=RaftServer,group=group-55E17FFFBC8D,id=cd356495-acb8-453f-96c5-8be3e7d4704d
2019-11-14 00:39:42,327 [pool-540-thread-1] WARN  impl.MetricRegistriesImpl (MetricRegistriesImpl.java:lambda$create$1(61)) - First MetricRegistry has been created without registering reporters. You may need to call MetricRegistries.global().addReportRegistration(...) before.
2019-11-14 00:39:42,329 [RatisPipelineUtilsThread] INFO  pipeline.PipelineStateManager (PipelineStateManager.java:addPipeline(55)) - Created pipeline Pipeline[ Id: 97b1ba80-6196-4a4f-9c34-55e17fffbc8d, Nodes: cd356495-acb8-453f-96c5-8be3e7d4704d{ip: 192.168.34.25, host: pr-hdds-2474-ghsjm-2904119463, networkLocation: /rack1, certSerialId: null}, Type:RATIS, Factor:ONE, State:ALLOCATED]
2019-11-14 00:39:42,330 [Thread-3916] INFO  pipeline.PipelineStateManager (PipelineStateManager.java:finalizePipeline(121)) - Pipeline Pipeline[ Id: 16f0d2aa-d4e7-4a33-b48d-15ccccaf29be, Nodes: 91297bf6-d797-4b12-9aab-de0c4610252f{ip: 192.168.34.25, host: pr-hdds-2474-ghsjm-2904119463, networkLocation: /rack1, certSerialId: null}, Type:RATIS, Factor:ONE, State:CLOSED] moved to CLOSED state
2019-11-14 00:39:42,332 [grpc-default-executor-0] INFO  impl.RaftServerProxy (RaftServerProxy.java:remove(95)) - 91297bf6-d797-4b12-9aab-de0c4610252f: remove    LEADER 91297bf6-d797-4b12-9aab-de0c4610252f@group-15CCCCAF29BE:t1, leader=91297bf6-d797-4b12-9aab-de0c4610252f, voted=91297bf6-d797-4b12-9aab-de0c4610252f, raftlog=91297bf6-d797-4b12-9aab-de0c4610252f@group-15CCCCAF29BE-SegmentedRaftLog:OPENED:c0,f0,i0, conf=0: [91297bf6-d797-4b12-9aab-de0c4610252f:192.168.34.25:35231], old=null RUNNING
2019-11-14 00:39:42,332 [grpc-default-executor-0] INFO  impl.RaftServerImpl (RaftServerImpl.java:lambda$shutdown$3(250)) - 91297bf6-d797-4b12-9aab-de0c4610252f@group-15CCCCAF29BE: shutdown
2019-11-14 00:39:42,333 [grpc-default-executor-0] INFO  util.JmxRegister (JmxRegister.java:unregister(73)) - Successfully un-registered JMX Bean with object name Ratis:service=RaftServer,group=group-15CCCCAF29BE,id=91297bf6-d797-4b12-9aab-de0c4610252f
2019-11-14 00:39:42,333 [grpc-default-executor-0] INFO  impl.RoleInfo (RoleInfo.java:shutdownLeaderState(104)) - 91297bf6-d797-4b12-9aab-de0c4610252f: shutdown LeaderState
2019-11-14 00:39:42,333 [grpc-default-executor-0] INFO  impl.PendingRequests (PendingRequests.java:sendNotLeaderResponses(206)) - 91297bf6-d797-4b12-9aab-de0c4610252f@group-15CCCCAF29BE-PendingRequests: sendNotLeaderResponses
2019-11-14 00:39:42,333 [grpc-default-executor-0] INFO  impl.StateMachineUpdater (StateMachineUpdater.java:stopAndJoin(136)) - 91297bf6-d797-4b12-9aab-de0c4610252f@group-15CCCCAF29BE-StateMachineUpdater: set stopIndex = 0
2019-11-14 00:39:42,333 [grpc-default-executor-0] INFO  impl.RaftServerImpl (ServerState.java:close(387)) - 91297bf6-d797-4b12-9aab-de0c4610252f@group-15CCCCAF29BE: closes. applyIndex: 0
2019-11-14 00:39:42,333 [91297bf6-d797-4b12-9aab-de0c4610252f@group-15CCCCAF29BE-SegmentedRaftLogWorker] INFO  segmented.SegmentedRaftLogWorker (SegmentedRaftLogWorker.java:run(316)) - 91297bf6-d797-4b12-9aab-de0c4610252f@group-15CCCCAF29BE-SegmentedRaftLogWorker was interrupted, exiting. There are 0 tasks remaining in the queue.
2019-11-14 00:39:42,334 [grpc-default-executor-0] INFO  segmented.SegmentedRaftLogWorker (SegmentedRaftLogWorker.java:close(224)) - 91297bf6-d797-4b12-9aab-de0c4610252f@group-15CCCCAF29BE-SegmentedRaftLogWorker close()
2019-11-14 00:39:42,338 [Thread-3916] INFO  pipeline.PipelineStateManager (PipelineStateManager.java:removePipeline(106)) - Pipeline Pipeline[ Id: 16f0d2aa-d4e7-4a33-b48d-15ccccaf29be, Nodes: 91297bf6-d797-4b12-9aab-de0c4610252f{ip: 192.168.34.25, host: pr-hdds-2474-ghsjm-2904119463, networkLocation: /rack1, certSerialId: null}, Type:RATIS, Factor:ONE, State:CLOSED] removed from db
2019-11-14 00:39:42,342 [grpc-default-executor-0] INFO  impl.RaftServerProxy (RaftServerProxy.java:addNew(89)) - 91297bf6-d797-4b12-9aab-de0c4610252f: addNew group-8B2F333BA872:[91297bf6-d797-4b12-9aab-de0c4610252f:192.168.34.25:35231] returns group-8B2F333BA872:java.util.concurrent.CompletableFuture@44924d50[Not completed]
2019-11-14 00:39:42,343 [pool-580-thread-1] INFO  impl.RaftServerImpl (RaftServerImpl.java:<init>(98)) - 91297bf6-d797-4b12-9aab-de0c4610252f: new RaftServerImpl for group-8B2F333BA872:[91297bf6-d797-4b12-9aab-de0c4610252f:192.168.34.25:35231] with ContainerStateMachine:uninitialized
2019-11-14 00:39:42,343 [pool-580-thread-1] INFO  server.RaftServerConfigKeys (ConfUtils.java:logGet(43)) - raft.server.rpc.timeout.min = 1s (custom)
2019-11-14 00:39:42,343 [pool-580-thread-1] INFO  server.RaftServerConfigKeys (ConfUtils.java:logGet(43)) - raft.server.rpc.timeout.max = 1200ms (custom)
2019-11-14 00:39:42,343 [pool-580-thread-1] INFO  server.RaftServerConfigKeys (ConfUtils.java:logGet(43)) - raft.server.rpcslowness.timeout = 120s (custom)
2019-11-14 00:39:42,343 [pool-580-thread-1] INFO  server.RaftServerConfigKeys (ConfUtils.java:logGet(43)) - raft.server.sleep.deviation.threshold = 300 (default)
2019-11-14 00:39:42,343 [pool-580-thread-1] INFO  server.RaftServerConfigKeys (ConfUtils.java:logGet(43)) - raft.server.log.appender.install.snapshot.enabled = false (custom)
2019-11-14 00:39:42,343 [pool-580-thread-1] INFO  impl.RaftServerImpl (ServerState.java:<init>(103)) - 91297bf6-d797-4b12-9aab-de0c4610252f@group-8B2F333BA872: ConfigurationManager, init=-1: [91297bf6-d797-4b12-9aab-de0c4610252f:192.168.34.25:35231], old=null, confs=<EMPTY_MAP>
2019-11-14 00:39:42,344 [pool-580-thread-1] INFO  server.RaftServerConfigKeys (ConfUtils.java:logGet(43)) - raft.server.storage.dir = [/workdir/hadoop-ozone/integration-test/target/test-dir/MiniOzoneClusterImpl-f0c02ddf-6665-4004-91fc-64de6051483a/datanode-7/data/ratis] (custom)
2019-11-14 00:39:42,344 [pool-580-thread-1] INFO  server.RaftServerConfigKeys (ConfUtils.java:logGet(43)) - raft.server.log.corruption.policy = EXCEPTION (default)
2019-11-14 00:39:42,344 [pool-580-thread-1] INFO  storage.RaftStorageDirectory (RaftStorageDirectory.java:analyzeStorage(246)) - The storage directory /workdir/hadoop-ozone/integration-test/target/test-dir/MiniOzoneClusterImpl-f0c02ddf-6665-4004-91fc-64de6051483a/datanode-7/data/ratis/7ad3a062-840b-4bcc-b2be-8b2f333ba872 does not exist. Creating ...
2019-11-14 00:39:42,357 [pool-580-thread-1] INFO  storage.RaftStorageDirectory (RaftStorageDirectory.java:tryLock(328)) - Lock on /workdir/hadoop-ozone/integration-test/target/test-dir/MiniOzoneClusterImpl-f0c02ddf-6665-4004-91fc-64de6051483a/datanode-7/data/ratis/7ad3a062-840b-4bcc-b2be-8b2f333ba872/in_use.lock acquired by nodename 12001@pr-hdds-2474-ghsjm-2904119463
2019-11-14 00:39:42,386 [pool-580-thread-1] INFO  storage.RaftStorage (RaftStorage.java:format(84)) - Storage directory /workdir/hadoop-ozone/integration-test/target/test-dir/MiniOzoneClusterImpl-f0c02ddf-6665-4004-91fc-64de6051483a/datanode-7/data/ratis/7ad3a062-840b-4bcc-b2be-8b2f333ba872 has been successfully formatted.
2019-11-14 00:39:42,387 [pool-580-thread-1] INFO  ratis.ContainerStateMachine (ContainerStateMachine.java:loadSnapshot(223)) - group-8B2F333BA872: The snapshot info is null. Setting the last applied indexto:(t:0, i:~)
2019-11-14 00:39:42,387 [pool-580-thread-1] INFO  server.RaftServerConfigKeys (ConfUtils.java:logGet(43)) - raft.server.notification.no-leader.timeout = 120s (custom)
2019-11-14 00:39:42,387 [pool-580-thread-1] INFO  server.RaftServerConfigKeys (ConfUtils.java:logGet(43)) - raft.server.log.use.memory = false (default)
2019-11-14 00:39:42,387 [pool-580-thread-1] INFO  server.RaftServerConfigKeys (ConfUtils.java:logGet(43)) - raft.server.log.purge.gap = 1000000 (custom)
2019-11-14 00:39:42,387 [pool-580-thread-1] INFO  server.RaftServerConfigKeys (ConfUtils.java:logGet(43)) - raft.server.log.appender.buffer.byte-limit = 33554432 (custom)
2019-11-14 00:39:42,387 [pool-580-thread-1] INFO  server.RaftServerConfigKeys (ConfUtils.java:logGet(43)) - raft.server.log.segment.size.max = 1048576 (custom)
2019-11-14 00:39:42,388 [pool-580-thread-1] INFO  server.RaftServerConfigKeys (ConfUtils.java:logGet(43)) - raft.server.log.segment.cache.num.max = 2 (custom)
2019-11-14 00:39:42,388 [pool-580-thread-1] INFO  segmented.SegmentedRaftLogWorker (SegmentedRaftLogWorker.java:<init>(173)) - new 91297bf6-d797-4b12-9aab-de0c4610252f@group-8B2F333BA872-SegmentedRaftLogWorker for RaftStorage:Storage Directory /workdir/hadoop-ozone/integration-test/target/test-dir/MiniOzoneClusterImpl-f0c02ddf-6665-4004-91fc-64de6051483a/datanode-7/data/ratis/7ad3a062-840b-4bcc-b2be-8b2f333ba872
2019-11-14 00:39:42,388 [pool-580-thread-1] INFO  server.RaftServerConfigKeys (ConfUtils.java:logGet(43)) - raft.server.log.queue.byte-limit = 2147483647 (custom)
2019-11-14 00:39:42,388 [pool-580-thread-1] INFO  server.RaftServerConfigKeys (ConfUtils.java:logGet(43)) - raft.server.log.queue.element-limit = 1024 (custom)
2019-11-14 00:39:42,388 [pool-580-thread-1] INFO  server.RaftServerConfigKeys (ConfUtils.java:logGet(43)) - raft.server.log.segment.size.max = 1048576 (custom)
2019-11-14 00:39:42,388 [pool-580-thread-1] INFO  server.RaftServerConfigKeys (ConfUtils.java:logGet(43)) - raft.server.log.preallocated.size = 16384 (custom)
2019-11-14 00:39:42,388 [pool-580-thread-1] INFO  server.RaftServerConfigKeys (ConfUtils.java:logGet(43)) - raft.server.log.write.buffer.size = 33554432 (custom)
2019-11-14 00:39:42,388 [pool-580-thread-1] INFO  server.RaftServerConfigKeys (ConfUtils.java:logGet(43)) - raft.server.log.force.sync.num = 128 (default)
2019-11-14 00:39:42,388 [pool-580-thread-1] INFO  server.RaftServerConfigKeys (ConfUtils.java:logGet(43)) - raft.server.log.statemachine.data.sync = true (default)
2019-11-14 00:39:42,388 [pool-580-thread-1] INFO  server.RaftServerConfigKeys (ConfUtils.java:logGet(43)) - raft.server.log.statemachine.data.sync.timeout = 10s (default)
2019-11-14 00:39:42,389 [pool-580-thread-1] INFO  server.RaftServerConfigKeys (ConfUtils.java:logGet(43)) - raft.server.log.statemachine.data.sync.timeout.retry = -1 (default)
2019-11-14 00:39:42,389 [pool-580-thread-1] INFO  server.RaftServerConfigKeys (ConfUtils.java:logGet(43)) - raft.server.log.statemachine.data.caching.enabled = true (custom)
2019-11-14 00:39:42,389 [pool-580-thread-1] INFO  segmented.SegmentedRaftLogWorker (SegmentedRaftLogWorker.java:lambda$new$0(128)) - 91297bf6-d797-4b12-9aab-de0c4610252f@group-8B2F333BA872-SegmentedRaftLogWorker: flushIndex: setUnconditionally 0 -> -1
2019-11-14 00:39:42,389 [pool-580-thread-1] INFO  server.RaftServerConfigKeys (ConfUtils.java:logGet(43)) - raft.server.snapshot.auto.trigger.enabled = true (custom)
2019-11-14 00:39:42,389 [pool-580-thread-1] INFO  server.RaftServerConfigKeys (ConfUtils.java:logGet(43)) - raft.server.snapshot.auto.trigger.threshold = 10000 (custom)
2019-11-14 00:39:42,389 [pool-580-thread-1] INFO  server.RaftServerConfigKeys (ConfUtils.java:logGet(43)) - raft.server.snapshot.retention.file.num = 5 (custom)
2019-11-14 00:39:42,390 [pool-580-thread-1] INFO  server.RaftServerConfigKeys (ConfUtils.java:logGet(43)) - raft.server.retrycache.expirytime = 600000ms (custom)
2019-11-14 00:39:42,390 [pool-580-thread-1] WARN  impl.MetricRegistriesImpl (MetricRegistriesImpl.java:lambda$create$1(61)) - First MetricRegistry has been created without registering reporters. You may need to call MetricRegistries.global().addReportRegistration(...) before.
2019-11-14 00:39:42,390 [pool-580-thread-1] WARN  impl.MetricRegistriesImpl (MetricRegistriesImpl.java:lambda$create$1(61)) - First MetricRegistry has been created without registering reporters. You may need to call MetricRegistries.global().addReportRegistration(...) before.
2019-11-14 00:39:42,390 [pool-580-thread-1] INFO  impl.RaftServerImpl (RaftServerImpl.java:start(184)) - 91297bf6-d797-4b12-9aab-de0c4610252f@group-8B2F333BA872: start as a follower, conf=-1: [91297bf6-d797-4b12-9aab-de0c4610252f:192.168.34.25:35231], old=null
2019-11-14 00:39:42,390 [pool-580-thread-1] INFO  impl.RaftServerImpl (RaftServerImpl.java:setRole(173)) - 91297bf6-d797-4b12-9aab-de0c4610252f@group-8B2F333BA872: changes role from      null to FOLLOWER at term 0 for startAsFollower
2019-11-14 00:39:42,390 [pool-580-thread-1] INFO  impl.RoleInfo (RoleInfo.java:updateAndGet(143)) - 91297bf6-d797-4b12-9aab-de0c4610252f: start FollowerState
2019-11-14 00:39:42,391 [pool-580-thread-1] INFO  util.JmxRegister (JmxRegister.java:tryRegister(44)) - Successfully registered JMX Bean with object name Ratis:service=RaftServer,group=group-8B2F333BA872,id=91297bf6-d797-4b12-9aab-de0c4610252f
2019-11-14 00:39:42,391 [pool-580-thread-1] WARN  impl.MetricRegistriesImpl (MetricRegistriesImpl.java:lambda$create$1(61)) - First MetricRegistry has been created without registering reporters. You may need to call MetricRegistries.global().addReportRegistration(...) before.
2019-11-14 00:39:42,393 [RatisPipelineUtilsThread] INFO  pipeline.PipelineStateManager (PipelineStateManager.java:addPipeline(55)) - Created pipeline Pipeline[ Id: 7ad3a062-840b-4bcc-b2be-8b2f333ba872, Nodes: 91297bf6-d797-4b12-9aab-de0c4610252f{ip: 192.168.34.25, host: pr-hdds-2474-ghsjm-2904119463, networkLocation: /rack1, certSerialId: null}, Type:RATIS, Factor:ONE, State:ALLOCATED]
2019-11-14 00:39:42,795 [Thread-4052] INFO  impl.FollowerState (FollowerState.java:run(111)) - 4c0227a7-61cb-4c13-bcf3-e9ab107c9374@group-5CD507DE2608-FollowerState: change to CANDIDATE, lastRpcTime:1192ms, electionTimeout:1192ms
2019-11-14 00:39:42,795 [Thread-4052] INFO  impl.RoleInfo (RoleInfo.java:shutdownFollowerState(121)) - 4c0227a7-61cb-4c13-bcf3-e9ab107c9374: shutdown FollowerState
2019-11-14 00:39:42,795 [Thread-4052] INFO  impl.RaftServerImpl (RaftServerImpl.java:setRole(173)) - 4c0227a7-61cb-4c13-bcf3-e9ab107c9374@group-5CD507DE2608: changes role from  FOLLOWER to CANDIDATE at term 0 for changeToCandidate
2019-11-14 00:39:42,795 [Thread-4052] INFO  impl.RoleInfo (RoleInfo.java:updateAndGet(143)) - 4c0227a7-61cb-4c13-bcf3-e9ab107c9374: start LeaderElection
2019-11-14 00:39:42,815 [main] WARN  scm.XceiverClientRatis (XceiverClientRatis.java:watchForCommit(277)) - 3 way commit failed on pipeline Pipeline[ Id: d4b3e8fa-7b00-4048-a977-bc2d59e4f2dc, Nodes: 91297bf6-d797-4b12-9aab-de0c4610252f{ip: 192.168.34.25, host: pr-hdds-2474-ghsjm-2904119463, networkLocation: /rack1, certSerialId: null}cd0a212a-ef86-44b1-8f77-22d0bd8fbd35{ip: 192.168.34.25, host: pr-hdds-2474-ghsjm-2904119463, networkLocation: /rack1, certSerialId: null}f3a6f38f-08d4-4a6a-b30b-ec54e2e520c3{ip: 192.168.34.25, host: pr-hdds-2474-ghsjm-2904119463, networkLocation: /rack1, certSerialId: null}, Type:RATIS, Factor:THREE, State:OPEN]
java.util.concurrent.ExecutionException: org.apache.ratis.protocol.GroupMismatchException: 91297bf6-d797-4b12-9aab-de0c4610252f: group-BC2D59E4F2DC not found.
	at java.util.concurrent.CompletableFuture.reportGet(CompletableFuture.java:357)
	at java.util.concurrent.CompletableFuture.get(CompletableFuture.java:1915)
	at org.apache.hadoop.hdds.scm.XceiverClientRatis.watchForCommit(XceiverClientRatis.java:274)
	at org.apache.hadoop.hdds.scm.storage.CommitWatcher.watchForCommit(CommitWatcher.java:198)
	at org.apache.hadoop.hdds.scm.storage.CommitWatcher.watchOnLastIndex(CommitWatcher.java:161)
	at org.apache.hadoop.hdds.scm.storage.BlockOutputStream.watchForCommit(BlockOutputStream.java:346)
	at org.apache.hadoop.hdds.scm.storage.BlockOutputStream.handleFlush(BlockOutputStream.java:482)
	at org.apache.hadoop.hdds.scm.storage.BlockOutputStream.flush(BlockOutputStream.java:431)
	at org.apache.hadoop.ozone.client.io.BlockOutputStreamEntry.flush(BlockOutputStreamEntry.java:136)
	at org.apache.hadoop.ozone.client.io.KeyOutputStream.handleFlushOrClose(KeyOutputStream.java:443)
	at org.apache.hadoop.ozone.client.io.KeyOutputStream.flush(KeyOutputStream.java:397)
	at org.apache.hadoop.ozone.client.io.OzoneOutputStream.flush(OzoneOutputStream.java:54)
	at org.apache.hadoop.ozone.client.rpc.TestFailureHandlingByClient.testDatanodeExclusionWithMajorityCommit(TestFailureHandlingByClient.java:299)
	at sun.reflect.NativeMethodAccessorImpl.invoke0(Native Method)
	at sun.reflect.NativeMethodAccessorImpl.invoke(NativeMethodAccessorImpl.java:62)
	at sun.reflect.DelegatingMethodAccessorImpl.invoke(DelegatingMethodAccessorImpl.java:43)
	at java.lang.reflect.Method.invoke(Method.java:498)
	at org.junit.runners.model.FrameworkMethod$1.runReflectiveCall(FrameworkMethod.java:47)
	at org.junit.internal.runners.model.ReflectiveCallable.run(ReflectiveCallable.java:12)
	at org.junit.runners.model.FrameworkMethod.invokeExplosively(FrameworkMethod.java:44)
	at org.junit.internal.runners.statements.InvokeMethod.evaluate(InvokeMethod.java:17)
	at org.junit.internal.runners.statements.RunAfters.evaluate(RunAfters.java:27)
	at org.junit.runners.ParentRunner.runLeaf(ParentRunner.java:271)
	at org.junit.runners.BlockJUnit4ClassRunner.runChild(BlockJUnit4ClassRunner.java:70)
	at org.junit.runners.BlockJUnit4ClassRunner.runChild(BlockJUnit4ClassRunner.java:50)
	at org.junit.runners.ParentRunner$3.run(ParentRunner.java:238)
	at org.junit.runners.ParentRunner$1.schedule(ParentRunner.java:63)
	at org.junit.runners.ParentRunner.runChildren(ParentRunner.java:236)
	at org.junit.runners.ParentRunner.access$000(ParentRunner.java:53)
	at org.junit.runners.ParentRunner$2.evaluate(ParentRunner.java:229)
	at org.junit.runners.ParentRunner.run(ParentRunner.java:309)
	at org.apache.maven.surefire.junit4.JUnit4Provider.execute(JUnit4Provider.java:365)
	at org.apache.maven.surefire.junit4.JUnit4Provider.executeWithRerun(JUnit4Provider.java:273)
	at org.apache.maven.surefire.junit4.JUnit4Provider.executeTestSet(JUnit4Provider.java:238)
	at org.apache.maven.surefire.junit4.JUnit4Provider.invoke(JUnit4Provider.java:159)
	at org.apache.maven.surefire.booter.ForkedBooter.invokeProviderInSameClassLoader(ForkedBooter.java:384)
	at org.apache.maven.surefire.booter.ForkedBooter.runSuitesInProcess(ForkedBooter.java:345)
	at org.apache.maven.surefire.booter.ForkedBooter.execute(ForkedBooter.java:126)
	at org.apache.maven.surefire.booter.ForkedBooter.main(ForkedBooter.java:418)
Caused by: org.apache.ratis.protocol.GroupMismatchException: 91297bf6-d797-4b12-9aab-de0c4610252f: group-BC2D59E4F2DC not found.
	at org.apache.ratis.server.impl.RaftServerProxy$ImplMap.get(RaftServerProxy.java:122)
	at org.apache.ratis.server.impl.RaftServerProxy.getImplFuture(RaftServerProxy.java:269)
	at org.apache.ratis.server.impl.RaftServerProxy.submitRequest(RaftServerProxy.java:327)
	at org.apache.ratis.server.impl.RaftServerProxy.submitClientRequestAsync(RaftServerProxy.java:333)
	at org.apache.ratis.grpc.client.GrpcClientProtocolService$RequestStreamObserver.processClientRequest(GrpcClientProtocolService.java:221)
	at org.apache.ratis.grpc.client.GrpcClientProtocolService$UnorderedRequestStreamObserver.processClientRequest(GrpcClientProtocolService.java:277)
	at org.apache.ratis.grpc.client.GrpcClientProtocolService$RequestStreamObserver.onNext(GrpcClientProtocolService.java:241)
	at org.apache.ratis.grpc.client.GrpcClientProtocolService$RequestStreamObserver.onNext(GrpcClientProtocolService.java:168)
	at org.apache.ratis.thirdparty.io.grpc.stub.ServerCalls$StreamingServerCallHandler$StreamingServerCallListener.onMessage(ServerCalls.java:248)
	at org.apache.ratis.thirdparty.io.grpc.internal.ServerCallImpl$ServerStreamListenerImpl.messagesAvailable(ServerCallImpl.java:263)
	at org.apache.ratis.thirdparty.io.grpc.internal.ServerImpl$JumpToApplicationThreadServerStreamListener$1MessagesAvailable.runInContext(ServerImpl.java:686)
	at org.apache.ratis.thirdparty.io.grpc.internal.ContextRunnable.run(ContextRunnable.java:37)
	at org.apache.ratis.thirdparty.io.grpc.internal.SerializingExecutor.run(SerializingExecutor.java:123)
	at java.util.concurrent.ThreadPoolExecutor.runWorker(ThreadPoolExecutor.java:1149)
	at java.util.concurrent.ThreadPoolExecutor$Worker.run(ThreadPoolExecutor.java:624)
	at java.lang.Thread.run(Thread.java:748)
2019-11-14 00:39:42,816 [main] WARN  storage.CommitWatcher (CommitWatcher.java:watchForCommit(207)) - watchForCommit failed for index 2
java.util.concurrent.ExecutionException: org.apache.ratis.protocol.GroupMismatchException: 91297bf6-d797-4b12-9aab-de0c4610252f: group-BC2D59E4F2DC not found.
	at java.util.concurrent.CompletableFuture.reportGet(CompletableFuture.java:357)
	at java.util.concurrent.CompletableFuture.get(CompletableFuture.java:1915)
	at org.apache.hadoop.hdds.scm.XceiverClientRatis.watchForCommit(XceiverClientRatis.java:274)
	at org.apache.hadoop.hdds.scm.storage.CommitWatcher.watchForCommit(CommitWatcher.java:198)
	at org.apache.hadoop.hdds.scm.storage.CommitWatcher.watchOnLastIndex(CommitWatcher.java:161)
	at org.apache.hadoop.hdds.scm.storage.BlockOutputStream.watchForCommit(BlockOutputStream.java:346)
	at org.apache.hadoop.hdds.scm.storage.BlockOutputStream.handleFlush(BlockOutputStream.java:482)
	at org.apache.hadoop.hdds.scm.storage.BlockOutputStream.flush(BlockOutputStream.java:431)
	at org.apache.hadoop.ozone.client.io.BlockOutputStreamEntry.flush(BlockOutputStreamEntry.java:136)
	at org.apache.hadoop.ozone.client.io.KeyOutputStream.handleFlushOrClose(KeyOutputStream.java:443)
	at org.apache.hadoop.ozone.client.io.KeyOutputStream.flush(KeyOutputStream.java:397)
	at org.apache.hadoop.ozone.client.io.OzoneOutputStream.flush(OzoneOutputStream.java:54)
	at org.apache.hadoop.ozone.client.rpc.TestFailureHandlingByClient.testDatanodeExclusionWithMajorityCommit(TestFailureHandlingByClient.java:299)
	at sun.reflect.NativeMethodAccessorImpl.invoke0(Native Method)
	at sun.reflect.NativeMethodAccessorImpl.invoke(NativeMethodAccessorImpl.java:62)
	at sun.reflect.DelegatingMethodAccessorImpl.invoke(DelegatingMethodAccessorImpl.java:43)
	at java.lang.reflect.Method.invoke(Method.java:498)
	at org.junit.runners.model.FrameworkMethod$1.runReflectiveCall(FrameworkMethod.java:47)
	at org.junit.internal.runners.model.ReflectiveCallable.run(ReflectiveCallable.java:12)
	at org.junit.runners.model.FrameworkMethod.invokeExplosively(FrameworkMethod.java:44)
	at org.junit.internal.runners.statements.InvokeMethod.evaluate(InvokeMethod.java:17)
	at org.junit.internal.runners.statements.RunAfters.evaluate(RunAfters.java:27)
	at org.junit.runners.ParentRunner.runLeaf(ParentRunner.java:271)
	at org.junit.runners.BlockJUnit4ClassRunner.runChild(BlockJUnit4ClassRunner.java:70)
	at org.junit.runners.BlockJUnit4ClassRunner.runChild(BlockJUnit4ClassRunner.java:50)
	at org.junit.runners.ParentRunner$3.run(ParentRunner.java:238)
	at org.junit.runners.ParentRunner$1.schedule(ParentRunner.java:63)
	at org.junit.runners.ParentRunner.runChildren(ParentRunner.java:236)
	at org.junit.runners.ParentRunner.access$000(ParentRunner.java:53)
	at org.junit.runners.ParentRunner$2.evaluate(ParentRunner.java:229)
	at org.junit.runners.ParentRunner.run(ParentRunner.java:309)
	at org.apache.maven.surefire.junit4.JUnit4Provider.execute(JUnit4Provider.java:365)
	at org.apache.maven.surefire.junit4.JUnit4Provider.executeWithRerun(JUnit4Provider.java:273)
	at org.apache.maven.surefire.junit4.JUnit4Provider.executeTestSet(JUnit4Provider.java:238)
	at org.apache.maven.surefire.junit4.JUnit4Provider.invoke(JUnit4Provider.java:159)
	at org.apache.maven.surefire.booter.ForkedBooter.invokeProviderInSameClassLoader(ForkedBooter.java:384)
	at org.apache.maven.surefire.booter.ForkedBooter.runSuitesInProcess(ForkedBooter.java:345)
	at org.apache.maven.surefire.booter.ForkedBooter.execute(ForkedBooter.java:126)
	at org.apache.maven.surefire.booter.ForkedBooter.main(ForkedBooter.java:418)
Caused by: org.apache.ratis.protocol.GroupMismatchException: 91297bf6-d797-4b12-9aab-de0c4610252f: group-BC2D59E4F2DC not found.
	at org.apache.ratis.server.impl.RaftServerProxy$ImplMap.get(RaftServerProxy.java:122)
	at org.apache.ratis.server.impl.RaftServerProxy.getImplFuture(RaftServerProxy.java:269)
	at org.apache.ratis.server.impl.RaftServerProxy.submitRequest(RaftServerProxy.java:327)
	at org.apache.ratis.server.impl.RaftServerProxy.submitClientRequestAsync(RaftServerProxy.java:333)
	at org.apache.ratis.grpc.client.GrpcClientProtocolService$RequestStreamObserver.processClientRequest(GrpcClientProtocolService.java:221)
	at org.apache.ratis.grpc.client.GrpcClientProtocolService$UnorderedRequestStreamObserver.processClientRequest(GrpcClientProtocolService.java:277)
	at org.apache.ratis.grpc.client.GrpcClientProtocolService$RequestStreamObserver.onNext(GrpcClientProtocolService.java:241)
	at org.apache.ratis.grpc.client.GrpcClientProtocolService$RequestStreamObserver.onNext(GrpcClientProtocolService.java:168)
	at org.apache.ratis.thirdparty.io.grpc.stub.ServerCalls$StreamingServerCallHandler$StreamingServerCallListener.onMessage(ServerCalls.java:248)
	at org.apache.ratis.thirdparty.io.grpc.internal.ServerCallImpl$ServerStreamListenerImpl.messagesAvailable(ServerCallImpl.java:263)
	at org.apache.ratis.thirdparty.io.grpc.internal.ServerImpl$JumpToApplicationThreadServerStreamListener$1MessagesAvailable.runInContext(ServerImpl.java:686)
	at org.apache.ratis.thirdparty.io.grpc.internal.ContextRunnable.run(ContextRunnable.java:37)
	at org.apache.ratis.thirdparty.io.grpc.internal.SerializingExecutor.run(SerializingExecutor.java:123)
	at java.util.concurrent.ThreadPoolExecutor.runWorker(ThreadPoolExecutor.java:1149)
	at java.util.concurrent.ThreadPoolExecutor$Worker.run(ThreadPoolExecutor.java:624)
	at java.lang.Thread.run(Thread.java:748)
2019-11-14 00:39:42,816 [main] WARN  io.KeyOutputStream (KeyOutputStream.java:handleException(274)) - Encountered exception java.io.IOException: Unexpected Storage Container Exception: java.io.IOException: Unexpected Storage Container Exception: java.util.concurrent.ExecutionException: org.apache.ratis.protocol.GroupMismatchException: 91297bf6-d797-4b12-9aab-de0c4610252f: group-BC2D59E4F2DC not found. on the pipeline Pipeline[ Id: d4b3e8fa-7b00-4048-a977-bc2d59e4f2dc, Nodes: 91297bf6-d797-4b12-9aab-de0c4610252f{ip: 192.168.34.25, host: pr-hdds-2474-ghsjm-2904119463, networkLocation: /rack1, certSerialId: null}cd0a212a-ef86-44b1-8f77-22d0bd8fbd35{ip: 192.168.34.25, host: pr-hdds-2474-ghsjm-2904119463, networkLocation: /rack1, certSerialId: null}f3a6f38f-08d4-4a6a-b30b-ec54e2e520c3{ip: 192.168.34.25, host: pr-hdds-2474-ghsjm-2904119463, networkLocation: /rack1, certSerialId: null}, Type:RATIS, Factor:THREE, State:OPEN]. The last committed block length is 0, uncommitted data length is 1048576 retry count 0
2019-11-14 00:39:42,816 [main] INFO  io.BlockOutputStreamEntryPool (BlockOutputStreamEntryPool.java:allocateNewBlock(257)) - Allocating block with ExcludeList {datanodes = [], containerIds = [], pipelineIds = [PipelineID=d4b3e8fa-7b00-4048-a977-bc2d59e4f2dc]}
2019-11-14 00:39:42,818 [IPC Server handler 2 on 35648] WARN  block.BlockManagerImpl (BlockManagerImpl.java:allocateBlock(200)) - Pipeline creation failed for type:RATIS factor:THREE. Retrying get pipelines call once.
org.apache.hadoop.hdds.scm.pipeline.InsufficientDatanodesException: Cannot create pipeline of factor 3 using 1 nodes.
	at org.apache.hadoop.hdds.scm.pipeline.RatisPipelineProvider.create(RatisPipelineProvider.java:153)
	at org.apache.hadoop.hdds.scm.pipeline.PipelineFactory.create(PipelineFactory.java:58)
	at org.apache.hadoop.hdds.scm.pipeline.SCMPipelineManager.createPipeline(SCMPipelineManager.java:155)
	at org.apache.hadoop.hdds.scm.block.BlockManagerImpl.allocateBlock(BlockManagerImpl.java:198)
	at org.apache.hadoop.hdds.scm.server.SCMBlockProtocolServer.allocateBlock(SCMBlockProtocolServer.java:187)
	at org.apache.hadoop.hdds.scm.protocol.ScmBlockLocationProtocolServerSideTranslatorPB.allocateScmBlock(ScmBlockLocationProtocolServerSideTranslatorPB.java:159)
	at org.apache.hadoop.hdds.scm.protocol.ScmBlockLocationProtocolServerSideTranslatorPB.processMessage(ScmBlockLocationProtocolServerSideTranslatorPB.java:117)
	at org.apache.hadoop.hdds.server.OzoneProtocolMessageDispatcher.processRequest(OzoneProtocolMessageDispatcher.java:72)
	at org.apache.hadoop.hdds.scm.protocol.ScmBlockLocationProtocolServerSideTranslatorPB.send(ScmBlockLocationProtocolServerSideTranslatorPB.java:98)
	at org.apache.hadoop.hdds.protocol.proto.ScmBlockLocationProtocolProtos$ScmBlockLocationProtocolService$2.callBlockingMethod(ScmBlockLocationProtocolProtos.java:13157)
	at org.apache.hadoop.ipc.ProtobufRpcEngine$Server$ProtoBufRpcInvoker.call(ProtobufRpcEngine.java:524)
	at org.apache.hadoop.ipc.RPC$Server.call(RPC.java:1025)
	at org.apache.hadoop.ipc.Server$RpcCall.run(Server.java:876)
	at org.apache.hadoop.ipc.Server$RpcCall.run(Server.java:822)
	at java.security.AccessController.doPrivileged(Native Method)
	at javax.security.auth.Subject.doAs(Subject.java:422)
	at org.apache.hadoop.security.UserGroupInformation.doAs(UserGroupInformation.java:1730)
	at org.apache.hadoop.ipc.Server$Handler.run(Server.java:2682)
2019-11-14 00:39:42,819 [IPC Server handler 2 on 35648] INFO  block.BlockManagerImpl (BlockManagerImpl.java:allocateBlock(212)) - Could not find available pipeline of type:RATIS and factor:THREE even after retrying
2019-11-14 00:39:42,819 [IPC Server handler 2 on 35648] ERROR block.BlockManagerImpl (BlockManagerImpl.java:allocateBlock(236)) - Unable to allocate a block for the size: 4194304, type: RATIS, factor: THREE
2019-11-14 00:39:42,824 [4c0227a7-61cb-4c13-bcf3-e9ab107c9374@group-5CD507DE2608-LeaderElection183] INFO  impl.LeaderElection (LeaderElection.java:askForVotes(178)) - 4c0227a7-61cb-4c13-bcf3-e9ab107c9374@group-5CD507DE2608-LeaderElection183: begin an election at term 1 for -1: [4c0227a7-61cb-4c13-bcf3-e9ab107c9374:192.168.34.25:39301], old=null
2019-11-14 00:39:42,824 [4c0227a7-61cb-4c13-bcf3-e9ab107c9374@group-5CD507DE2608-LeaderElection183] INFO  impl.RoleInfo (RoleInfo.java:shutdownLeaderElection(134)) - 4c0227a7-61cb-4c13-bcf3-e9ab107c9374: shutdown LeaderElection
2019-11-14 00:39:42,824 [4c0227a7-61cb-4c13-bcf3-e9ab107c9374@group-5CD507DE2608-LeaderElection183] INFO  impl.RaftServerImpl (RaftServerImpl.java:setRole(173)) - 4c0227a7-61cb-4c13-bcf3-e9ab107c9374@group-5CD507DE2608: changes role from CANDIDATE to LEADER at term 1 for changeToLeader
2019-11-14 00:39:42,824 [4c0227a7-61cb-4c13-bcf3-e9ab107c9374@group-5CD507DE2608-LeaderElection183] INFO  ratis.XceiverServerRatis (XceiverServerRatis.java:handleLeaderChangedNotification(697)) - Leader change notification received for group: group-5CD507DE2608 with new leaderId: 4c0227a7-61cb-4c13-bcf3-e9ab107c9374
2019-11-14 00:39:42,824 [main] ERROR io.BlockOutputStreamEntryPool (BlockOutputStreamEntryPool.java:allocateBlockIfNeeded(310)) - Try to allocate more blocks for write failed, already allocated 0 blocks for this write.
INTERNAL_ERROR org.apache.hadoop.ozone.om.exceptions.OMException: Allocated 0 blocks. Requested 1 blocks
	at org.apache.hadoop.ozone.om.protocolPB.OzoneManagerProtocolClientSideTranslatorPB.handleError(OzoneManagerProtocolClientSideTranslatorPB.java:761)
	at org.apache.hadoop.ozone.om.protocolPB.OzoneManagerProtocolClientSideTranslatorPB.allocateBlock(OzoneManagerProtocolClientSideTranslatorPB.java:793)
	at sun.reflect.NativeMethodAccessorImpl.invoke0(Native Method)
	at sun.reflect.NativeMethodAccessorImpl.invoke(NativeMethodAccessorImpl.java:62)
	at sun.reflect.DelegatingMethodAccessorImpl.invoke(DelegatingMethodAccessorImpl.java:43)
	at java.lang.reflect.Method.invoke(Method.java:498)
	at org.apache.hadoop.hdds.tracing.TraceAllMethod.invoke(TraceAllMethod.java:66)
	at com.sun.proxy.$Proxy36.allocateBlock(Unknown Source)
	at org.apache.hadoop.ozone.client.io.BlockOutputStreamEntryPool.allocateNewBlock(BlockOutputStreamEntryPool.java:259)
	at org.apache.hadoop.ozone.client.io.BlockOutputStreamEntryPool.allocateBlockIfNeeded(BlockOutputStreamEntryPool.java:307)
	at org.apache.hadoop.ozone.client.io.KeyOutputStream.handleWrite(KeyOutputStream.java:198)
	at org.apache.hadoop.ozone.client.io.KeyOutputStream.handleRetry(KeyOutputStream.java:375)
	at org.apache.hadoop.ozone.client.io.KeyOutputStream.handleException(KeyOutputStream.java:324)
	at org.apache.hadoop.ozone.client.io.KeyOutputStream.handleFlushOrClose(KeyOutputStream.java:449)
	at org.apache.hadoop.ozone.client.io.KeyOutputStream.flush(KeyOutputStream.java:397)
	at org.apache.hadoop.ozone.client.io.OzoneOutputStream.flush(OzoneOutputStream.java:54)
	at org.apache.hadoop.ozone.client.rpc.TestFailureHandlingByClient.testDatanodeExclusionWithMajorityCommit(TestFailureHandlingByClient.java:299)
	at sun.reflect.NativeMethodAccessorImpl.invoke0(Native Method)
	at sun.reflect.NativeMethodAccessorImpl.invoke(NativeMethodAccessorImpl.java:62)
	at sun.reflect.DelegatingMethodAccessorImpl.invoke(DelegatingMethodAccessorImpl.java:43)
	at java.lang.reflect.Method.invoke(Method.java:498)
	at org.junit.runners.model.FrameworkMethod$1.runReflectiveCall(FrameworkMethod.java:47)
	at org.junit.internal.runners.model.ReflectiveCallable.run(ReflectiveCallable.java:12)
	at org.junit.runners.model.FrameworkMethod.invokeExplosively(FrameworkMethod.java:44)
	at org.junit.internal.runners.statements.InvokeMethod.evaluate(InvokeMethod.java:17)
	at org.junit.internal.runners.statements.RunAfters.evaluate(RunAfters.java:27)
	at org.junit.runners.ParentRunner.runLeaf(ParentRunner.java:271)
	at org.junit.runners.BlockJUnit4ClassRunner.runChild(BlockJUnit4ClassRunner.java:70)
	at org.junit.runners.BlockJUnit4ClassRunner.runChild(BlockJUnit4ClassRunner.java:50)
	at org.junit.runners.ParentRunner$3.run(ParentRunner.java:238)
	at org.junit.runners.ParentRunner$1.schedule(ParentRunner.java:63)
	at org.junit.runners.ParentRunner.runChildren(ParentRunner.java:236)
	at org.junit.runners.ParentRunner.access$000(ParentRunner.java:53)
	at org.junit.runners.ParentRunner$2.evaluate(ParentRunner.java:229)
	at org.junit.runners.ParentRunner.run(ParentRunner.java:309)
	at org.apache.maven.surefire.junit4.JUnit4Provider.execute(JUnit4Provider.java:365)
	at org.apache.maven.surefire.junit4.JUnit4Provider.executeWithRerun(JUnit4Provider.java:273)
	at org.apache.maven.surefire.junit4.JUnit4Provider.executeTestSet(JUnit4Provider.java:238)
	at org.apache.maven.surefire.junit4.JUnit4Provider.invoke(JUnit4Provider.java:159)
	at org.apache.maven.surefire.booter.ForkedBooter.invokeProviderInSameClassLoader(ForkedBooter.java:384)
	at org.apache.maven.surefire.booter.ForkedBooter.runSuitesInProcess(ForkedBooter.java:345)
	at org.apache.maven.surefire.booter.ForkedBooter.execute(ForkedBooter.java:126)
	at org.apache.maven.surefire.booter.ForkedBooter.main(ForkedBooter.java:418)
2019-11-14 00:39:42,824 [4c0227a7-61cb-4c13-bcf3-e9ab107c9374@group-5CD507DE2608-LeaderElection183] INFO  impl.RaftServerImpl (ServerState.java:setLeader(255)) - 4c0227a7-61cb-4c13-bcf3-e9ab107c9374@group-5CD507DE2608: change Leader from null to 4c0227a7-61cb-4c13-bcf3-e9ab107c9374 at term 1 for becomeLeader, leader elected after 1224ms
2019-11-14 00:39:42,825 [main] INFO  ozone.MiniOzoneClusterImpl (MiniOzoneClusterImpl.java:shutdown(352)) - Shutting down the Mini Ozone Cluster
2019-11-14 00:39:42,825 [4c0227a7-61cb-4c13-bcf3-e9ab107c9374@group-5CD507DE2608-LeaderElection183] INFO  server.RaftServerConfigKeys (ConfUtils.java:logGet(43)) - raft.server.staging.catchup.gap = 1000 (default)
2019-11-14 00:39:42,825 [EventQueue-PipelineReportForPipelineReportHandler] INFO  pipeline.PipelineStateManager (PipelineStateManager.java:openPipeline(134)) - Pipeline Pipeline[ Id: d3d496ed-b5c5-4e57-b7a5-5cd507de2608, Nodes: 4c0227a7-61cb-4c13-bcf3-e9ab107c9374{ip: 192.168.34.25, host: pr-hdds-2474-ghsjm-2904119463, networkLocation: /rack1, certSerialId: null}, Type:RATIS, Factor:ONE, State:OPEN] moved to OPEN state
2019-11-14 00:39:42,825 [main] INFO  ozone.MiniOzoneClusterImpl (MiniOzoneClusterImpl.java:stop(368)) - Stopping the Mini Ozone Cluster
2019-11-14 00:39:42,825 [main] INFO  ozone.MiniOzoneClusterImpl (MiniOzoneClusterImpl.java:stopOM(438)) - Stopping the OzoneManager
2019-11-14 00:39:42,825 [4c0227a7-61cb-4c13-bcf3-e9ab107c9374@group-5CD507DE2608-LeaderElection183] INFO  server.RaftServerConfigKeys (ConfUtils.java:logGet(43)) - raft.server.rpc.sleep.time = 25ms (default)
2019-11-14 00:39:42,826 [main] INFO  ipc.Server (Server.java:stop(3082)) - Stopping server on 39853
2019-11-14 00:39:42,828 [IPC Server listener on 39853] INFO  ipc.Server (Server.java:run(1185)) - Stopping IPC Server listener on 39853
2019-11-14 00:39:42,830 [4c0227a7-61cb-4c13-bcf3-e9ab107c9374@group-5CD507DE2608-LeaderElection183] INFO  server.RaftServerConfigKeys (ConfUtils.java:logGet(43)) - raft.server.write.element-limit = 4096 (default)
2019-11-14 00:39:42,834 [4c0227a7-61cb-4c13-bcf3-e9ab107c9374@group-5CD507DE2608-LeaderElection183] INFO  server.RaftServerConfigKeys (ConfUtils.java:logGet(43)) - raft.server.watch.timeout = 10s (default)
2019-11-14 00:39:42,834 [4c0227a7-61cb-4c13-bcf3-e9ab107c9374@group-5CD507DE2608-LeaderElection183] INFO  server.RaftServerConfigKeys (ConfUtils.java:logGet(43)) - raft.server.watch.timeout.denomination = 1s (default)
2019-11-14 00:39:42,837 [main] INFO  ratis.OzoneManagerDoubleBuffer (OzoneManagerDoubleBuffer.java:stop(261)) - Stopping OMDoubleBuffer flush thread
2019-11-14 00:39:42,841 [IPC Server Responder] INFO  ipc.Server (Server.java:run(1319)) - Stopping IPC Server Responder
2019-11-14 00:39:42,841 [OMDoubleBufferFlushThread] INFO  ratis.OzoneManagerDoubleBuffer (OzoneManagerDoubleBuffer.java:flushTransactions(199)) - OMDoubleBuffer flush thread OMDoubleBufferFlushThread is interrupted and will exit. OMDoubleBufferFlushThread
2019-11-14 00:39:42,837 [4c0227a7-61cb-4c13-bcf3-e9ab107c9374@group-5CD507DE2608-LeaderElection183] INFO  server.RaftServerConfigKeys (ConfUtils.java:logGet(43)) - raft.server.watch.element-limit = 65536 (default)
2019-11-14 00:39:42,844 [4c0227a7-61cb-4c13-bcf3-e9ab107c9374@group-5CD507DE2608-LeaderElection183] INFO  impl.RoleInfo (RoleInfo.java:updateAndGet(143)) - 4c0227a7-61cb-4c13-bcf3-e9ab107c9374: start LeaderState
2019-11-14 00:39:42,844 [main] INFO  utils.BackgroundService (BackgroundService.java:shutdown(151)) - Shutting down service KeyDeletingService
2019-11-14 00:39:42,844 [4c0227a7-61cb-4c13-bcf3-e9ab107c9374@group-5CD507DE2608-LeaderElection183] INFO  segmented.SegmentedRaftLogWorker (SegmentedRaftLogWorker.java:startLogSegment(385)) - 4c0227a7-61cb-4c13-bcf3-e9ab107c9374@group-5CD507DE2608-SegmentedRaftLogWorker: Starting segment from index:0
2019-11-14 00:39:42,851 [4c0227a7-61cb-4c13-bcf3-e9ab107c9374@group-5CD507DE2608-LeaderElection183] INFO  impl.RaftServerImpl (ServerState.java:setRaftConf(356)) - 4c0227a7-61cb-4c13-bcf3-e9ab107c9374@group-5CD507DE2608: set configuration 0: [4c0227a7-61cb-4c13-bcf3-e9ab107c9374:192.168.34.25:39301], old=null at 0
2019-11-14 00:39:42,877 [main] INFO  handler.ContextHandler (ContextHandler.java:doStop(910)) - Stopped o.e.j.w.WebAppContext@2d4a3e13{/,null,UNAVAILABLE}{/ozoneManager}
2019-11-14 00:39:42,878 [main] INFO  server.AbstractConnector (AbstractConnector.java:doStop(318)) - Stopped ServerConnector@4a22e4d7{HTTP/1.1,[http/1.1]}{0.0.0.0:0}
2019-11-14 00:39:42,878 [main] INFO  handler.ContextHandler (ContextHandler.java:doStop(910)) - Stopped o.e.j.s.ServletContextHandler@7781263c{/static,file:///workdir/hadoop-ozone/integration-test/target/test-classes/webapps/static,UNAVAILABLE}
2019-11-14 00:39:42,878 [main] INFO  handler.ContextHandler (ContextHandler.java:doStop(910)) - Stopped o.e.j.s.ServletContextHandler@5396eeb1{/logs,file:///workdir/hadoop-ozone/integration-test/target/log,UNAVAILABLE}
2019-11-14 00:39:42,880 [main] INFO  ozone.MiniOzoneClusterImpl (MiniOzoneClusterImpl.java:stopDatanodes(415)) - Stopping the HddsDatanodes
2019-11-14 00:39:42,887 [4c0227a7-61cb-4c13-bcf3-e9ab107c9374@group-5CD507DE2608-SegmentedRaftLogWorker] INFO  segmented.SegmentedRaftLogWorker (SegmentedRaftLogWorker.java:execute(576)) - 4c0227a7-61cb-4c13-bcf3-e9ab107c9374@group-5CD507DE2608-SegmentedRaftLogWorker: created new log segment /workdir/hadoop-ozone/integration-test/target/test-dir/MiniOzoneClusterImpl-f0c02ddf-6665-4004-91fc-64de6051483a/datanode-0/data/ratis/d3d496ed-b5c5-4e57-b7a5-5cd507de2608/current/log_inprogress_0
2019-11-14 00:39:42,977 [Thread-4079] INFO  impl.FollowerState (FollowerState.java:run(111)) - cd0a212a-ef86-44b1-8f77-22d0bd8fbd35@group-4121DB32C757-FollowerState: change to CANDIDATE, lastRpcTime:1030ms, electionTimeout:1030ms
2019-11-14 00:39:42,977 [Thread-4079] INFO  impl.RoleInfo (RoleInfo.java:shutdownFollowerState(121)) - cd0a212a-ef86-44b1-8f77-22d0bd8fbd35: shutdown FollowerState
2019-11-14 00:39:42,977 [Thread-4079] INFO  impl.RaftServerImpl (RaftServerImpl.java:setRole(173)) - cd0a212a-ef86-44b1-8f77-22d0bd8fbd35@group-4121DB32C757: changes role from  FOLLOWER to CANDIDATE at term 0 for changeToCandidate
2019-11-14 00:39:42,977 [Thread-4079] INFO  impl.RoleInfo (RoleInfo.java:updateAndGet(143)) - cd0a212a-ef86-44b1-8f77-22d0bd8fbd35: start LeaderElection
2019-11-14 00:39:42,994 [cd0a212a-ef86-44b1-8f77-22d0bd8fbd35@group-4121DB32C757-LeaderElection184] INFO  impl.LeaderElection (LeaderElection.java:askForVotes(178)) - cd0a212a-ef86-44b1-8f77-22d0bd8fbd35@group-4121DB32C757-LeaderElection184: begin an election at term 1 for -1: [cd0a212a-ef86-44b1-8f77-22d0bd8fbd35:192.168.34.25:38897, 91297bf6-d797-4b12-9aab-de0c4610252f:192.168.34.25:35231, f3a6f38f-08d4-4a6a-b30b-ec54e2e520c3:192.168.34.25:38828], old=null
2019-11-14 00:39:42,997 [grpc-default-executor-5] INFO  impl.RaftServerImpl (RaftServerImpl.java:setRole(173)) - 91297bf6-d797-4b12-9aab-de0c4610252f@group-4121DB32C757: changes role from  FOLLOWER to FOLLOWER at term 1 for recognizeCandidate:cd0a212a-ef86-44b1-8f77-22d0bd8fbd35
2019-11-14 00:39:42,997 [grpc-default-executor-5] INFO  impl.RoleInfo (RoleInfo.java:shutdownFollowerState(121)) - 91297bf6-d797-4b12-9aab-de0c4610252f: shutdown FollowerState
2019-11-14 00:39:42,997 [grpc-default-executor-0] INFO  impl.RaftServerImpl (RaftServerImpl.java:setRole(173)) - f3a6f38f-08d4-4a6a-b30b-ec54e2e520c3@group-4121DB32C757: changes role from  FOLLOWER to FOLLOWER at term 1 for recognizeCandidate:cd0a212a-ef86-44b1-8f77-22d0bd8fbd35
2019-11-14 00:39:42,998 [grpc-default-executor-0] INFO  impl.RoleInfo (RoleInfo.java:shutdownFollowerState(121)) - f3a6f38f-08d4-4a6a-b30b-ec54e2e520c3: shutdown FollowerState
2019-11-14 00:39:42,997 [Thread-4083] INFO  impl.FollowerState (FollowerState.java:run(120)) - 91297bf6-d797-4b12-9aab-de0c4610252f@group-4121DB32C757-FollowerState was interrupted: java.lang.InterruptedException: sleep interrupted
2019-11-14 00:39:42,997 [grpc-default-executor-5] INFO  impl.RoleInfo (RoleInfo.java:updateAndGet(143)) - 91297bf6-d797-4b12-9aab-de0c4610252f: start FollowerState
2019-11-14 00:39:42,998 [Thread-4085] INFO  impl.FollowerState (FollowerState.java:run(120)) - f3a6f38f-08d4-4a6a-b30b-ec54e2e520c3@group-4121DB32C757-FollowerState was interrupted: java.lang.InterruptedException: sleep interrupted
2019-11-14 00:39:42,998 [grpc-default-executor-0] INFO  impl.RoleInfo (RoleInfo.java:updateAndGet(143)) - f3a6f38f-08d4-4a6a-b30b-ec54e2e520c3: start FollowerState
2019-11-14 00:39:43,012 [cd0a212a-ef86-44b1-8f77-22d0bd8fbd35@group-4121DB32C757-LeaderElection184] INFO  impl.LeaderElection (LeaderElection.java:logAndReturn(56)) - cd0a212a-ef86-44b1-8f77-22d0bd8fbd35@group-4121DB32C757-LeaderElection184: Election PASSED; received 1 response(s) [cd0a212a-ef86-44b1-8f77-22d0bd8fbd35<-f3a6f38f-08d4-4a6a-b30b-ec54e2e520c3#0:OK-t1] and 0 exception(s); cd0a212a-ef86-44b1-8f77-22d0bd8fbd35@group-4121DB32C757:t1, leader=null, voted=cd0a212a-ef86-44b1-8f77-22d0bd8fbd35, raftlog=cd0a212a-ef86-44b1-8f77-22d0bd8fbd35@group-4121DB32C757-SegmentedRaftLog:OPENED:c-1,f-1,i0, conf=-1: [cd0a212a-ef86-44b1-8f77-22d0bd8fbd35:192.168.34.25:38897, 91297bf6-d797-4b12-9aab-de0c4610252f:192.168.34.25:35231, f3a6f38f-08d4-4a6a-b30b-ec54e2e520c3:192.168.34.25:38828], old=null
2019-11-14 00:39:43,012 [cd0a212a-ef86-44b1-8f77-22d0bd8fbd35@group-4121DB32C757-LeaderElection184] INFO  impl.RoleInfo (RoleInfo.java:shutdownLeaderElection(134)) - cd0a212a-ef86-44b1-8f77-22d0bd8fbd35: shutdown LeaderElection
2019-11-14 00:39:43,012 [cd0a212a-ef86-44b1-8f77-22d0bd8fbd35@group-4121DB32C757-LeaderElection184] INFO  impl.RaftServerImpl (RaftServerImpl.java:setRole(173)) - cd0a212a-ef86-44b1-8f77-22d0bd8fbd35@group-4121DB32C757: changes role from CANDIDATE to LEADER at term 1 for changeToLeader
2019-11-14 00:39:43,013 [cd0a212a-ef86-44b1-8f77-22d0bd8fbd35@group-4121DB32C757-LeaderElection184] INFO  ratis.XceiverServerRatis (XceiverServerRatis.java:handleLeaderChangedNotification(697)) - Leader change notification received for group: group-4121DB32C757 with new leaderId: cd0a212a-ef86-44b1-8f77-22d0bd8fbd35
2019-11-14 00:39:43,013 [cd0a212a-ef86-44b1-8f77-22d0bd8fbd35@group-4121DB32C757-LeaderElection184] INFO  impl.RaftServerImpl (ServerState.java:setLeader(255)) - cd0a212a-ef86-44b1-8f77-22d0bd8fbd35@group-4121DB32C757: change Leader from null to cd0a212a-ef86-44b1-8f77-22d0bd8fbd35 at term 1 for becomeLeader, leader elected after 1071ms
2019-11-14 00:39:43,013 [cd0a212a-ef86-44b1-8f77-22d0bd8fbd35@group-4121DB32C757-LeaderElection184] INFO  server.RaftServerConfigKeys (ConfUtils.java:logGet(43)) - raft.server.staging.catchup.gap = 1000 (default)
2019-11-14 00:39:43,013 [cd0a212a-ef86-44b1-8f77-22d0bd8fbd35@group-4121DB32C757-LeaderElection184] INFO  server.RaftServerConfigKeys (ConfUtils.java:logGet(43)) - raft.server.rpc.sleep.time = 25ms (default)
2019-11-14 00:39:43,013 [cd0a212a-ef86-44b1-8f77-22d0bd8fbd35@group-4121DB32C757-LeaderElection184] INFO  server.RaftServerConfigKeys (ConfUtils.java:logGet(43)) - raft.server.write.element-limit = 4096 (default)
2019-11-14 00:39:43,013 [cd0a212a-ef86-44b1-8f77-22d0bd8fbd35@group-4121DB32C757-LeaderElection184] INFO  server.RaftServerConfigKeys (ConfUtils.java:logGet(43)) - raft.server.watch.timeout = 10s (default)
2019-11-14 00:39:43,013 [cd0a212a-ef86-44b1-8f77-22d0bd8fbd35@group-4121DB32C757-LeaderElection184] INFO  server.RaftServerConfigKeys (ConfUtils.java:logGet(43)) - raft.server.watch.timeout.denomination = 1s (default)
2019-11-14 00:39:43,013 [cd0a212a-ef86-44b1-8f77-22d0bd8fbd35@group-4121DB32C757-LeaderElection184] INFO  server.RaftServerConfigKeys (ConfUtils.java:logGet(43)) - raft.server.watch.element-limit = 65536 (default)
2019-11-14 00:39:43,014 [EventQueue-PipelineReportForPipelineReportHandler] INFO  pipeline.PipelineStateManager (PipelineStateManager.java:openPipeline(134)) - Pipeline Pipeline[ Id: 519ba59d-8625-40c1-b9dd-4121db32c757, Nodes: 91297bf6-d797-4b12-9aab-de0c4610252f{ip: 192.168.34.25, host: pr-hdds-2474-ghsjm-2904119463, networkLocation: /rack1, certSerialId: null}cd0a212a-ef86-44b1-8f77-22d0bd8fbd35{ip: 192.168.34.25, host: pr-hdds-2474-ghsjm-2904119463, networkLocation: /rack1, certSerialId: null}f3a6f38f-08d4-4a6a-b30b-ec54e2e520c3{ip: 192.168.34.25, host: pr-hdds-2474-ghsjm-2904119463, networkLocation: /rack1, certSerialId: null}, Type:RATIS, Factor:THREE, State:OPEN] moved to OPEN state
2019-11-14 00:39:43,014 [cd0a212a-ef86-44b1-8f77-22d0bd8fbd35@group-4121DB32C757-LeaderElection184] INFO  server.RaftServerConfigKeys (ConfUtils.java:logGet(43)) - raft.server.log.appender.snapshot.chunk.size.max = 16MB (=16777216) (default)
2019-11-14 00:39:43,014 [cd0a212a-ef86-44b1-8f77-22d0bd8fbd35@group-4121DB32C757-LeaderElection184] INFO  server.RaftServerConfigKeys (ConfUtils.java:logGet(43)) - raft.server.log.appender.buffer.byte-limit = 33554432 (custom)
2019-11-14 00:39:43,014 [cd0a212a-ef86-44b1-8f77-22d0bd8fbd35@group-4121DB32C757-LeaderElection184] INFO  server.RaftServerConfigKeys (ConfUtils.java:logGet(43)) - raft.server.log.appender.buffer.element-limit = 1 (custom)
2019-11-14 00:39:43,014 [cd0a212a-ef86-44b1-8f77-22d0bd8fbd35@group-4121DB32C757-LeaderElection184] INFO  grpc.GrpcConfigKeys$Server (ConfUtils.java:logGet(43)) - raft.grpc.server.leader.outstanding.appends.max = 128 (default)
2019-11-14 00:39:43,015 [cd0a212a-ef86-44b1-8f77-22d0bd8fbd35@group-4121DB32C757-LeaderElection184] INFO  server.RaftServerConfigKeys (ConfUtils.java:logGet(43)) - raft.server.rpc.request.timeout = 3000ms (default)
2019-11-14 00:39:43,015 [cd0a212a-ef86-44b1-8f77-22d0bd8fbd35@group-4121DB32C757-LeaderElection184] INFO  server.RaftServerConfigKeys (ConfUtils.java:logGet(43)) - raft.server.log.appender.install.snapshot.enabled = false (custom)
2019-11-14 00:39:43,015 [cd0a212a-ef86-44b1-8f77-22d0bd8fbd35@group-4121DB32C757-LeaderElection184] WARN  impl.MetricRegistriesImpl (MetricRegistriesImpl.java:lambda$create$1(61)) - First MetricRegistry has been created without registering reporters. You may need to call MetricRegistries.global().addReportRegistration(...) before.
2019-11-14 00:39:43,015 [cd0a212a-ef86-44b1-8f77-22d0bd8fbd35@group-4121DB32C757-LeaderElection184] INFO  server.RaftServerConfigKeys (ConfUtils.java:logGet(43)) - raft.server.log.appender.snapshot.chunk.size.max = 16MB (=16777216) (default)
2019-11-14 00:39:43,016 [cd0a212a-ef86-44b1-8f77-22d0bd8fbd35@group-4121DB32C757-LeaderElection184] INFO  server.RaftServerConfigKeys (ConfUtils.java:logGet(43)) - raft.server.log.appender.buffer.byte-limit = 33554432 (custom)
2019-11-14 00:39:43,016 [cd0a212a-ef86-44b1-8f77-22d0bd8fbd35@group-4121DB32C757-LeaderElection184] INFO  server.RaftServerConfigKeys (ConfUtils.java:logGet(43)) - raft.server.log.appender.buffer.element-limit = 1 (custom)
2019-11-14 00:39:43,016 [cd0a212a-ef86-44b1-8f77-22d0bd8fbd35@group-4121DB32C757-LeaderElection184] INFO  grpc.GrpcConfigKeys$Server (ConfUtils.java:logGet(43)) - raft.grpc.server.leader.outstanding.appends.max = 128 (default)
2019-11-14 00:39:43,016 [cd0a212a-ef86-44b1-8f77-22d0bd8fbd35@group-4121DB32C757-LeaderElection184] INFO  server.RaftServerConfigKeys (ConfUtils.java:logGet(43)) - raft.server.rpc.request.timeout = 3000ms (default)
2019-11-14 00:39:43,017 [cd0a212a-ef86-44b1-8f77-22d0bd8fbd35@group-4121DB32C757-LeaderElection184] INFO  server.RaftServerConfigKeys (ConfUtils.java:logGet(43)) - raft.server.log.appender.install.snapshot.enabled = false (custom)
2019-11-14 00:39:43,017 [cd0a212a-ef86-44b1-8f77-22d0bd8fbd35@group-4121DB32C757-LeaderElection184] INFO  impl.RoleInfo (RoleInfo.java:updateAndGet(143)) - cd0a212a-ef86-44b1-8f77-22d0bd8fbd35: start LeaderState
2019-11-14 00:39:43,017 [cd0a212a-ef86-44b1-8f77-22d0bd8fbd35@group-4121DB32C757-LeaderElection184] INFO  segmented.SegmentedRaftLogWorker (SegmentedRaftLogWorker.java:startLogSegment(385)) - cd0a212a-ef86-44b1-8f77-22d0bd8fbd35@group-4121DB32C757-SegmentedRaftLogWorker: Starting segment from index:0
2019-11-14 00:39:43,018 [cd0a212a-ef86-44b1-8f77-22d0bd8fbd35@group-4121DB32C757-LeaderElection184] INFO  impl.RaftServerImpl (ServerState.java:setRaftConf(356)) - cd0a212a-ef86-44b1-8f77-22d0bd8fbd35@group-4121DB32C757: set configuration 0: [cd0a212a-ef86-44b1-8f77-22d0bd8fbd35:192.168.34.25:38897, 91297bf6-d797-4b12-9aab-de0c4610252f:192.168.34.25:35231, f3a6f38f-08d4-4a6a-b30b-ec54e2e520c3:192.168.34.25:38828], old=null at 0
2019-11-14 00:39:43,049 [grpc-default-executor-5] INFO  ratis.XceiverServerRatis (XceiverServerRatis.java:handleLeaderChangedNotification(697)) - Leader change notification received for group: group-4121DB32C757 with new leaderId: cd0a212a-ef86-44b1-8f77-22d0bd8fbd35
2019-11-14 00:39:43,049 [grpc-default-executor-0] INFO  ratis.XceiverServerRatis (XceiverServerRatis.java:handleLeaderChangedNotification(697)) - Leader change notification received for group: group-4121DB32C757 with new leaderId: cd0a212a-ef86-44b1-8f77-22d0bd8fbd35
2019-11-14 00:39:43,049 [grpc-default-executor-0] INFO  impl.RaftServerImpl (ServerState.java:setLeader(255)) - 91297bf6-d797-4b12-9aab-de0c4610252f@group-4121DB32C757: change Leader from null to cd0a212a-ef86-44b1-8f77-22d0bd8fbd35 at term 1 for appendEntries, leader elected after 1107ms
2019-11-14 00:39:43,049 [grpc-default-executor-5] INFO  impl.RaftServerImpl (ServerState.java:setLeader(255)) - f3a6f38f-08d4-4a6a-b30b-ec54e2e520c3@group-4121DB32C757: change Leader from null to cd0a212a-ef86-44b1-8f77-22d0bd8fbd35 at term 1 for appendEntries, leader elected after 1107ms
2019-11-14 00:39:43,050 [grpc-default-executor-0] INFO  impl.RaftServerImpl (ServerState.java:setRaftConf(356)) - f3a6f38f-08d4-4a6a-b30b-ec54e2e520c3@group-4121DB32C757: set configuration 0: [cd0a212a-ef86-44b1-8f77-22d0bd8fbd35:192.168.34.25:38897, 91297bf6-d797-4b12-9aab-de0c4610252f:192.168.34.25:35231, f3a6f38f-08d4-4a6a-b30b-ec54e2e520c3:192.168.34.25:38828], old=null at 0
2019-11-14 00:39:43,050 [grpc-default-executor-5] INFO  impl.RaftServerImpl (ServerState.java:setRaftConf(356)) - 91297bf6-d797-4b12-9aab-de0c4610252f@group-4121DB32C757: set configuration 0: [cd0a212a-ef86-44b1-8f77-22d0bd8fbd35:192.168.34.25:38897, 91297bf6-d797-4b12-9aab-de0c4610252f:192.168.34.25:35231, f3a6f38f-08d4-4a6a-b30b-ec54e2e520c3:192.168.34.25:38828], old=null at 0
2019-11-14 00:39:43,050 [grpc-default-executor-0] INFO  segmented.SegmentedRaftLogWorker (SegmentedRaftLogWorker.java:startLogSegment(385)) - f3a6f38f-08d4-4a6a-b30b-ec54e2e520c3@group-4121DB32C757-SegmentedRaftLogWorker: Starting segment from index:0
2019-11-14 00:39:43,051 [grpc-default-executor-5] INFO  segmented.SegmentedRaftLogWorker (SegmentedRaftLogWorker.java:startLogSegment(385)) - 91297bf6-d797-4b12-9aab-de0c4610252f@group-4121DB32C757-SegmentedRaftLogWorker: Starting segment from index:0
2019-11-14 00:39:43,058 [Datanode State Machine Thread - 0] INFO  statemachine.DatanodeStateMachine (DatanodeStateMachine.java:lambda$startDaemon$0(350)) - Ozone container server started.
2019-11-14 00:39:43,058 [cd0a212a-ef86-44b1-8f77-22d0bd8fbd35@group-4121DB32C757-SegmentedRaftLogWorker] INFO  segmented.SegmentedRaftLogWorker (SegmentedRaftLogWorker.java:execute(576)) - cd0a212a-ef86-44b1-8f77-22d0bd8fbd35@group-4121DB32C757-SegmentedRaftLogWorker: created new log segment /workdir/hadoop-ozone/integration-test/target/test-dir/MiniOzoneClusterImpl-f0c02ddf-6665-4004-91fc-64de6051483a/datanode-8/data/ratis/519ba59d-8625-40c1-b9dd-4121db32c757/current/log_inprogress_0
2019-11-14 00:39:43,072 [Thread-4089] INFO  impl.FollowerState (FollowerState.java:run(111)) - 2f70a07d-1e84-46bf-8533-fdd294c919e1@group-5C4A4D248B9F-FollowerState: change to CANDIDATE, lastRpcTime:1072ms, electionTimeout:1072ms
2019-11-14 00:39:43,072 [Thread-4089] INFO  impl.RoleInfo (RoleInfo.java:shutdownFollowerState(121)) - 2f70a07d-1e84-46bf-8533-fdd294c919e1: shutdown FollowerState
2019-11-14 00:39:43,072 [Thread-4089] INFO  impl.RaftServerImpl (RaftServerImpl.java:setRole(173)) - 2f70a07d-1e84-46bf-8533-fdd294c919e1@group-5C4A4D248B9F: changes role from  FOLLOWER to CANDIDATE at term 0 for changeToCandidate
2019-11-14 00:39:43,073 [Thread-4089] INFO  impl.RoleInfo (RoleInfo.java:updateAndGet(143)) - 2f70a07d-1e84-46bf-8533-fdd294c919e1: start LeaderElection
2019-11-14 00:39:43,088 [f3a6f38f-08d4-4a6a-b30b-ec54e2e520c3@group-4121DB32C757-SegmentedRaftLogWorker] INFO  segmented.SegmentedRaftLogWorker (SegmentedRaftLogWorker.java:execute(576)) - f3a6f38f-08d4-4a6a-b30b-ec54e2e520c3@group-4121DB32C757-SegmentedRaftLogWorker: created new log segment /workdir/hadoop-ozone/integration-test/target/test-dir/MiniOzoneClusterImpl-f0c02ddf-6665-4004-91fc-64de6051483a/datanode-6/data/ratis/519ba59d-8625-40c1-b9dd-4121db32c757/current/log_inprogress_0
2019-11-14 00:39:43,088 [2f70a07d-1e84-46bf-8533-fdd294c919e1@group-5C4A4D248B9F-LeaderElection185] INFO  impl.LeaderElection (LeaderElection.java:askForVotes(178)) - 2f70a07d-1e84-46bf-8533-fdd294c919e1@group-5C4A4D248B9F-LeaderElection185: begin an election at term 1 for -1: [2f70a07d-1e84-46bf-8533-fdd294c919e1:192.168.34.25:45658], old=null
2019-11-14 00:39:43,088 [91297bf6-d797-4b12-9aab-de0c4610252f@group-4121DB32C757-SegmentedRaftLogWorker] INFO  segmented.SegmentedRaftLogWorker (SegmentedRaftLogWorker.java:execute(576)) - 91297bf6-d797-4b12-9aab-de0c4610252f@group-4121DB32C757-SegmentedRaftLogWorker: created new log segment /workdir/hadoop-ozone/integration-test/target/test-dir/MiniOzoneClusterImpl-f0c02ddf-6665-4004-91fc-64de6051483a/datanode-7/data/ratis/519ba59d-8625-40c1-b9dd-4121db32c757/current/log_inprogress_0
2019-11-14 00:39:43,088 [2f70a07d-1e84-46bf-8533-fdd294c919e1@group-5C4A4D248B9F-LeaderElection185] INFO  impl.RoleInfo (RoleInfo.java:shutdownLeaderElection(134)) - 2f70a07d-1e84-46bf-8533-fdd294c919e1: shutdown LeaderElection
2019-11-14 00:39:43,088 [2f70a07d-1e84-46bf-8533-fdd294c919e1@group-5C4A4D248B9F-LeaderElection185] INFO  impl.RaftServerImpl (RaftServerImpl.java:setRole(173)) - 2f70a07d-1e84-46bf-8533-fdd294c919e1@group-5C4A4D248B9F: changes role from CANDIDATE to LEADER at term 1 for changeToLeader
2019-11-14 00:39:43,088 [2f70a07d-1e84-46bf-8533-fdd294c919e1@group-5C4A4D248B9F-LeaderElection185] INFO  ratis.XceiverServerRatis (XceiverServerRatis.java:handleLeaderChangedNotification(697)) - Leader change notification received for group: group-5C4A4D248B9F with new leaderId: 2f70a07d-1e84-46bf-8533-fdd294c919e1
2019-11-14 00:39:43,088 [2f70a07d-1e84-46bf-8533-fdd294c919e1@group-5C4A4D248B9F-LeaderElection185] INFO  impl.RaftServerImpl (ServerState.java:setLeader(255)) - 2f70a07d-1e84-46bf-8533-fdd294c919e1@group-5C4A4D248B9F: change Leader from null to 2f70a07d-1e84-46bf-8533-fdd294c919e1 at term 1 for becomeLeader, leader elected after 1090ms
2019-11-14 00:39:43,088 [2f70a07d-1e84-46bf-8533-fdd294c919e1@group-5C4A4D248B9F-LeaderElection185] INFO  server.RaftServerConfigKeys (ConfUtils.java:logGet(43)) - raft.server.staging.catchup.gap = 1000 (default)
2019-11-14 00:39:43,089 [2f70a07d-1e84-46bf-8533-fdd294c919e1@group-5C4A4D248B9F-LeaderElection185] INFO  server.RaftServerConfigKeys (ConfUtils.java:logGet(43)) - raft.server.rpc.sleep.time = 25ms (default)
2019-11-14 00:39:43,089 [2f70a07d-1e84-46bf-8533-fdd294c919e1@group-5C4A4D248B9F-LeaderElection185] INFO  server.RaftServerConfigKeys (ConfUtils.java:logGet(43)) - raft.server.write.element-limit = 4096 (default)
2019-11-14 00:39:43,089 [2f70a07d-1e84-46bf-8533-fdd294c919e1@group-5C4A4D248B9F-LeaderElection185] INFO  server.RaftServerConfigKeys (ConfUtils.java:logGet(43)) - raft.server.watch.timeout = 10s (default)
2019-11-14 00:39:43,089 [2f70a07d-1e84-46bf-8533-fdd294c919e1@group-5C4A4D248B9F-LeaderElection185] INFO  server.RaftServerConfigKeys (ConfUtils.java:logGet(43)) - raft.server.watch.timeout.denomination = 1s (default)
2019-11-14 00:39:43,089 [2f70a07d-1e84-46bf-8533-fdd294c919e1@group-5C4A4D248B9F-LeaderElection185] INFO  server.RaftServerConfigKeys (ConfUtils.java:logGet(43)) - raft.server.watch.element-limit = 65536 (default)
2019-11-14 00:39:43,089 [2f70a07d-1e84-46bf-8533-fdd294c919e1@group-5C4A4D248B9F-LeaderElection185] INFO  impl.RoleInfo (RoleInfo.java:updateAndGet(143)) - 2f70a07d-1e84-46bf-8533-fdd294c919e1: start LeaderState
2019-11-14 00:39:43,089 [EventQueue-PipelineReportForPipelineReportHandler] INFO  pipeline.PipelineStateManager (PipelineStateManager.java:openPipeline(134)) - Pipeline Pipeline[ Id: b08708ff-b301-4bfb-9060-5c4a4d248b9f, Nodes: 2f70a07d-1e84-46bf-8533-fdd294c919e1{ip: 192.168.34.25, host: pr-hdds-2474-ghsjm-2904119463, networkLocation: /rack1, certSerialId: null}, Type:RATIS, Factor:ONE, State:OPEN] moved to OPEN state
2019-11-14 00:39:43,089 [2f70a07d-1e84-46bf-8533-fdd294c919e1@group-5C4A4D248B9F-LeaderElection185] INFO  segmented.SegmentedRaftLogWorker (SegmentedRaftLogWorker.java:startLogSegment(385)) - 2f70a07d-1e84-46bf-8533-fdd294c919e1@group-5C4A4D248B9F-SegmentedRaftLogWorker: Starting segment from index:0
2019-11-14 00:39:43,090 [2f70a07d-1e84-46bf-8533-fdd294c919e1@group-5C4A4D248B9F-LeaderElection185] INFO  impl.RaftServerImpl (ServerState.java:setRaftConf(356)) - 2f70a07d-1e84-46bf-8533-fdd294c919e1@group-5C4A4D248B9F: set configuration 0: [2f70a07d-1e84-46bf-8533-fdd294c919e1:192.168.34.25:45658], old=null at 0
2019-11-14 00:39:43,127 [2f70a07d-1e84-46bf-8533-fdd294c919e1@group-5C4A4D248B9F-SegmentedRaftLogWorker] INFO  segmented.SegmentedRaftLogWorker (SegmentedRaftLogWorker.java:execute(576)) - 2f70a07d-1e84-46bf-8533-fdd294c919e1@group-5C4A4D248B9F-SegmentedRaftLogWorker: created new log segment /workdir/hadoop-ozone/integration-test/target/test-dir/MiniOzoneClusterImpl-f0c02ddf-6665-4004-91fc-64de6051483a/datanode-1/data/ratis/b08708ff-b301-4bfb-9060-5c4a4d248b9f/current/log_inprogress_0
2019-11-14 00:39:43,135 [Thread-4099] INFO  impl.FollowerState (FollowerState.java:run(111)) - 4c0227a7-61cb-4c13-bcf3-e9ab107c9374@group-46DCB38A8CDA-FollowerState: change to CANDIDATE, lastRpcTime:1017ms, electionTimeout:1017ms
2019-11-14 00:39:43,135 [Thread-4099] INFO  impl.RoleInfo (RoleInfo.java:shutdownFollowerState(121)) - 4c0227a7-61cb-4c13-bcf3-e9ab107c9374: shutdown FollowerState
2019-11-14 00:39:43,135 [Thread-4099] INFO  impl.RaftServerImpl (RaftServerImpl.java:setRole(173)) - 4c0227a7-61cb-4c13-bcf3-e9ab107c9374@group-46DCB38A8CDA: changes role from  FOLLOWER to CANDIDATE at term 0 for changeToCandidate
2019-11-14 00:39:43,135 [Thread-4099] INFO  impl.RoleInfo (RoleInfo.java:updateAndGet(143)) - 4c0227a7-61cb-4c13-bcf3-e9ab107c9374: start LeaderElection
2019-11-14 00:39:43,151 [4c0227a7-61cb-4c13-bcf3-e9ab107c9374@group-46DCB38A8CDA-LeaderElection186] INFO  impl.LeaderElection (LeaderElection.java:askForVotes(178)) - 4c0227a7-61cb-4c13-bcf3-e9ab107c9374@group-46DCB38A8CDA-LeaderElection186: begin an election at term 1 for -1: [536e24f7-ac60-4eb9-a985-13294793bd01:192.168.34.25:33623, 2f70a07d-1e84-46bf-8533-fdd294c919e1:192.168.34.25:45658, 4c0227a7-61cb-4c13-bcf3-e9ab107c9374:192.168.34.25:39301], old=null
2019-11-14 00:39:43,154 [grpc-default-executor-0] INFO  impl.RaftServerImpl (RaftServerImpl.java:setRole(173)) - 2f70a07d-1e84-46bf-8533-fdd294c919e1@group-46DCB38A8CDA: changes role from  FOLLOWER to FOLLOWER at term 1 for recognizeCandidate:4c0227a7-61cb-4c13-bcf3-e9ab107c9374
2019-11-14 00:39:43,154 [grpc-default-executor-5] INFO  impl.RaftServerImpl (RaftServerImpl.java:setRole(173)) - 536e24f7-ac60-4eb9-a985-13294793bd01@group-46DCB38A8CDA: changes role from  FOLLOWER to FOLLOWER at term 1 for recognizeCandidate:4c0227a7-61cb-4c13-bcf3-e9ab107c9374
2019-11-14 00:39:43,154 [grpc-default-executor-0] INFO  impl.RoleInfo (RoleInfo.java:shutdownFollowerState(121)) - 2f70a07d-1e84-46bf-8533-fdd294c919e1: shutdown FollowerState
2019-11-14 00:39:43,154 [grpc-default-executor-5] INFO  impl.RoleInfo (RoleInfo.java:shutdownFollowerState(121)) - 536e24f7-ac60-4eb9-a985-13294793bd01: shutdown FollowerState
2019-11-14 00:39:43,154 [Thread-4104] INFO  impl.FollowerState (FollowerState.java:run(120)) - 2f70a07d-1e84-46bf-8533-fdd294c919e1@group-46DCB38A8CDA-FollowerState was interrupted: java.lang.InterruptedException: sleep interrupted
2019-11-14 00:39:43,154 [Thread-4103] INFO  impl.FollowerState (FollowerState.java:run(120)) - 536e24f7-ac60-4eb9-a985-13294793bd01@group-46DCB38A8CDA-FollowerState was interrupted: java.lang.InterruptedException: sleep interrupted
2019-11-14 00:39:43,154 [grpc-default-executor-5] INFO  impl.RoleInfo (RoleInfo.java:updateAndGet(143)) - 536e24f7-ac60-4eb9-a985-13294793bd01: start FollowerState
2019-11-14 00:39:43,154 [grpc-default-executor-0] INFO  impl.RoleInfo (RoleInfo.java:updateAndGet(143)) - 2f70a07d-1e84-46bf-8533-fdd294c919e1: start FollowerState
2019-11-14 00:39:43,168 [4c0227a7-61cb-4c13-bcf3-e9ab107c9374@group-46DCB38A8CDA-LeaderElection186] INFO  impl.LeaderElection (LeaderElection.java:logAndReturn(56)) - 4c0227a7-61cb-4c13-bcf3-e9ab107c9374@group-46DCB38A8CDA-LeaderElection186: Election PASSED; received 1 response(s) [4c0227a7-61cb-4c13-bcf3-e9ab107c9374<-2f70a07d-1e84-46bf-8533-fdd294c919e1#0:OK-t1] and 0 exception(s); 4c0227a7-61cb-4c13-bcf3-e9ab107c9374@group-46DCB38A8CDA:t1, leader=null, voted=4c0227a7-61cb-4c13-bcf3-e9ab107c9374, raftlog=4c0227a7-61cb-4c13-bcf3-e9ab107c9374@group-46DCB38A8CDA-SegmentedRaftLog:OPENED:c-1,f-1,i0, conf=-1: [536e24f7-ac60-4eb9-a985-13294793bd01:192.168.34.25:33623, 2f70a07d-1e84-46bf-8533-fdd294c919e1:192.168.34.25:45658, 4c0227a7-61cb-4c13-bcf3-e9ab107c9374:192.168.34.25:39301], old=null
2019-11-14 00:39:43,168 [4c0227a7-61cb-4c13-bcf3-e9ab107c9374@group-46DCB38A8CDA-LeaderElection186] INFO  impl.RoleInfo (RoleInfo.java:shutdownLeaderElection(134)) - 4c0227a7-61cb-4c13-bcf3-e9ab107c9374: shutdown LeaderElection
2019-11-14 00:39:43,168 [4c0227a7-61cb-4c13-bcf3-e9ab107c9374@group-46DCB38A8CDA-LeaderElection186] INFO  impl.RaftServerImpl (RaftServerImpl.java:setRole(173)) - 4c0227a7-61cb-4c13-bcf3-e9ab107c9374@group-46DCB38A8CDA: changes role from CANDIDATE to LEADER at term 1 for changeToLeader
2019-11-14 00:39:43,169 [4c0227a7-61cb-4c13-bcf3-e9ab107c9374@group-46DCB38A8CDA-LeaderElection186] INFO  ratis.XceiverServerRatis (XceiverServerRatis.java:handleLeaderChangedNotification(697)) - Leader change notification received for group: group-46DCB38A8CDA with new leaderId: 4c0227a7-61cb-4c13-bcf3-e9ab107c9374
2019-11-14 00:39:43,169 [4c0227a7-61cb-4c13-bcf3-e9ab107c9374@group-46DCB38A8CDA-LeaderElection186] INFO  impl.RaftServerImpl (ServerState.java:setLeader(255)) - 4c0227a7-61cb-4c13-bcf3-e9ab107c9374@group-46DCB38A8CDA: change Leader from null to 4c0227a7-61cb-4c13-bcf3-e9ab107c9374 at term 1 for becomeLeader, leader elected after 1055ms
2019-11-14 00:39:43,169 [4c0227a7-61cb-4c13-bcf3-e9ab107c9374@group-46DCB38A8CDA-LeaderElection186] INFO  server.RaftServerConfigKeys (ConfUtils.java:logGet(43)) - raft.server.staging.catchup.gap = 1000 (default)
2019-11-14 00:39:43,169 [4c0227a7-61cb-4c13-bcf3-e9ab107c9374@group-46DCB38A8CDA-LeaderElection186] INFO  server.RaftServerConfigKeys (ConfUtils.java:logGet(43)) - raft.server.rpc.sleep.time = 25ms (default)
2019-11-14 00:39:43,169 [4c0227a7-61cb-4c13-bcf3-e9ab107c9374@group-46DCB38A8CDA-LeaderElection186] INFO  server.RaftServerConfigKeys (ConfUtils.java:logGet(43)) - raft.server.write.element-limit = 4096 (default)
2019-11-14 00:39:43,169 [4c0227a7-61cb-4c13-bcf3-e9ab107c9374@group-46DCB38A8CDA-LeaderElection186] INFO  server.RaftServerConfigKeys (ConfUtils.java:logGet(43)) - raft.server.watch.timeout = 10s (default)
2019-11-14 00:39:43,169 [4c0227a7-61cb-4c13-bcf3-e9ab107c9374@group-46DCB38A8CDA-LeaderElection186] INFO  server.RaftServerConfigKeys (ConfUtils.java:logGet(43)) - raft.server.watch.timeout.denomination = 1s (default)
2019-11-14 00:39:43,169 [4c0227a7-61cb-4c13-bcf3-e9ab107c9374@group-46DCB38A8CDA-LeaderElection186] INFO  server.RaftServerConfigKeys (ConfUtils.java:logGet(43)) - raft.server.watch.element-limit = 65536 (default)
2019-11-14 00:39:43,169 [4c0227a7-61cb-4c13-bcf3-e9ab107c9374@group-46DCB38A8CDA-LeaderElection186] INFO  server.RaftServerConfigKeys (ConfUtils.java:logGet(43)) - raft.server.log.appender.snapshot.chunk.size.max = 16MB (=16777216) (default)
2019-11-14 00:39:43,169 [EventQueue-PipelineReportForPipelineReportHandler] INFO  pipeline.PipelineStateManager (PipelineStateManager.java:openPipeline(134)) - Pipeline Pipeline[ Id: a3ffc6c7-2a7c-4978-b27a-46dcb38a8cda, Nodes: 4c0227a7-61cb-4c13-bcf3-e9ab107c9374{ip: 192.168.34.25, host: pr-hdds-2474-ghsjm-2904119463, networkLocation: /rack1, certSerialId: null}536e24f7-ac60-4eb9-a985-13294793bd01{ip: 192.168.34.25, host: pr-hdds-2474-ghsjm-2904119463, networkLocation: /rack1, certSerialId: null}2f70a07d-1e84-46bf-8533-fdd294c919e1{ip: 192.168.34.25, host: pr-hdds-2474-ghsjm-2904119463, networkLocation: /rack1, certSerialId: null}, Type:RATIS, Factor:THREE, State:OPEN] moved to OPEN state
2019-11-14 00:39:43,169 [4c0227a7-61cb-4c13-bcf3-e9ab107c9374@group-46DCB38A8CDA-LeaderElection186] INFO  server.RaftServerConfigKeys (ConfUtils.java:logGet(43)) - raft.server.log.appender.buffer.byte-limit = 33554432 (custom)
2019-11-14 00:39:43,170 [4c0227a7-61cb-4c13-bcf3-e9ab107c9374@group-46DCB38A8CDA-LeaderElection186] INFO  server.RaftServerConfigKeys (ConfUtils.java:logGet(43)) - raft.server.log.appender.buffer.element-limit = 1 (custom)
2019-11-14 00:39:43,170 [4c0227a7-61cb-4c13-bcf3-e9ab107c9374@group-46DCB38A8CDA-LeaderElection186] INFO  grpc.GrpcConfigKeys$Server (ConfUtils.java:logGet(43)) - raft.grpc.server.leader.outstanding.appends.max = 128 (default)
2019-11-14 00:39:43,170 [4c0227a7-61cb-4c13-bcf3-e9ab107c9374@group-46DCB38A8CDA-LeaderElection186] INFO  server.RaftServerConfigKeys (ConfUtils.java:logGet(43)) - raft.server.rpc.request.timeout = 3000ms (default)
2019-11-14 00:39:43,170 [4c0227a7-61cb-4c13-bcf3-e9ab107c9374@group-46DCB38A8CDA-LeaderElection186] INFO  server.RaftServerConfigKeys (ConfUtils.java:logGet(43)) - raft.server.log.appender.install.snapshot.enabled = false (custom)
2019-11-14 00:39:43,170 [4c0227a7-61cb-4c13-bcf3-e9ab107c9374@group-46DCB38A8CDA-LeaderElection186] WARN  impl.MetricRegistriesImpl (MetricRegistriesImpl.java:lambda$create$1(61)) - First MetricRegistry has been created without registering reporters. You may need to call MetricRegistries.global().addReportRegistration(...) before.
2019-11-14 00:39:43,170 [4c0227a7-61cb-4c13-bcf3-e9ab107c9374@group-46DCB38A8CDA-LeaderElection186] INFO  server.RaftServerConfigKeys (ConfUtils.java:logGet(43)) - raft.server.log.appender.snapshot.chunk.size.max = 16MB (=16777216) (default)
2019-11-14 00:39:43,170 [4c0227a7-61cb-4c13-bcf3-e9ab107c9374@group-46DCB38A8CDA-LeaderElection186] INFO  server.RaftServerConfigKeys (ConfUtils.java:logGet(43)) - raft.server.log.appender.buffer.byte-limit = 33554432 (custom)
2019-11-14 00:39:43,170 [4c0227a7-61cb-4c13-bcf3-e9ab107c9374@group-46DCB38A8CDA-LeaderElection186] INFO  server.RaftServerConfigKeys (ConfUtils.java:logGet(43)) - raft.server.log.appender.buffer.element-limit = 1 (custom)
2019-11-14 00:39:43,170 [4c0227a7-61cb-4c13-bcf3-e9ab107c9374@group-46DCB38A8CDA-LeaderElection186] INFO  grpc.GrpcConfigKeys$Server (ConfUtils.java:logGet(43)) - raft.grpc.server.leader.outstanding.appends.max = 128 (default)
2019-11-14 00:39:43,171 [4c0227a7-61cb-4c13-bcf3-e9ab107c9374@group-46DCB38A8CDA-LeaderElection186] INFO  server.RaftServerConfigKeys (ConfUtils.java:logGet(43)) - raft.server.rpc.request.timeout = 3000ms (default)
2019-11-14 00:39:43,171 [4c0227a7-61cb-4c13-bcf3-e9ab107c9374@group-46DCB38A8CDA-LeaderElection186] INFO  server.RaftServerConfigKeys (ConfUtils.java:logGet(43)) - raft.server.log.appender.install.snapshot.enabled = false (custom)
2019-11-14 00:39:43,171 [4c0227a7-61cb-4c13-bcf3-e9ab107c9374@group-46DCB38A8CDA-LeaderElection186] INFO  impl.RoleInfo (RoleInfo.java:updateAndGet(143)) - 4c0227a7-61cb-4c13-bcf3-e9ab107c9374: start LeaderState
2019-11-14 00:39:43,171 [Thread-4093] INFO  impl.FollowerState (FollowerState.java:run(111)) - f3a6f38f-08d4-4a6a-b30b-ec54e2e520c3@group-A7D3CC8ABC30-FollowerState: change to CANDIDATE, lastRpcTime:1128ms, electionTimeout:1128ms
2019-11-14 00:39:43,171 [4c0227a7-61cb-4c13-bcf3-e9ab107c9374@group-46DCB38A8CDA-LeaderElection186] INFO  segmented.SegmentedRaftLogWorker (SegmentedRaftLogWorker.java:startLogSegment(385)) - 4c0227a7-61cb-4c13-bcf3-e9ab107c9374@group-46DCB38A8CDA-SegmentedRaftLogWorker: Starting segment from index:0
2019-11-14 00:39:43,171 [Thread-4093] INFO  impl.RoleInfo (RoleInfo.java:shutdownFollowerState(121)) - f3a6f38f-08d4-4a6a-b30b-ec54e2e520c3: shutdown FollowerState
2019-11-14 00:39:43,171 [Thread-4093] INFO  impl.RaftServerImpl (RaftServerImpl.java:setRole(173)) - f3a6f38f-08d4-4a6a-b30b-ec54e2e520c3@group-A7D3CC8ABC30: changes role from  FOLLOWER to CANDIDATE at term 0 for changeToCandidate
2019-11-14 00:39:43,171 [Thread-4093] INFO  impl.RoleInfo (RoleInfo.java:updateAndGet(143)) - f3a6f38f-08d4-4a6a-b30b-ec54e2e520c3: start LeaderElection
2019-11-14 00:39:43,172 [4c0227a7-61cb-4c13-bcf3-e9ab107c9374@group-46DCB38A8CDA-LeaderElection186] INFO  impl.RaftServerImpl (ServerState.java:setRaftConf(356)) - 4c0227a7-61cb-4c13-bcf3-e9ab107c9374@group-46DCB38A8CDA: set configuration 0: [536e24f7-ac60-4eb9-a985-13294793bd01:192.168.34.25:33623, 2f70a07d-1e84-46bf-8533-fdd294c919e1:192.168.34.25:45658, 4c0227a7-61cb-4c13-bcf3-e9ab107c9374:192.168.34.25:39301], old=null at 0
2019-11-14 00:39:43,195 [Thread-4109] INFO  impl.FollowerState (FollowerState.java:run(111)) - dabbec34-9112-49d4-9f2a-1cc38e957548@group-62E93E5DA409-FollowerState: change to CANDIDATE, lastRpcTime:1032ms, electionTimeout:1018ms
2019-11-14 00:39:43,195 [Thread-4109] INFO  impl.RoleInfo (RoleInfo.java:shutdownFollowerState(121)) - dabbec34-9112-49d4-9f2a-1cc38e957548: shutdown FollowerState
2019-11-14 00:39:43,195 [Thread-4109] INFO  impl.RaftServerImpl (RaftServerImpl.java:setRole(173)) - dabbec34-9112-49d4-9f2a-1cc38e957548@group-62E93E5DA409: changes role from  FOLLOWER to CANDIDATE at term 0 for changeToCandidate
2019-11-14 00:39:43,196 [Thread-4109] INFO  impl.RoleInfo (RoleInfo.java:updateAndGet(143)) - dabbec34-9112-49d4-9f2a-1cc38e957548: start LeaderElection
2019-11-14 00:39:43,199 [grpc-default-executor-5] INFO  ratis.XceiverServerRatis (XceiverServerRatis.java:handleLeaderChangedNotification(697)) - Leader change notification received for group: group-46DCB38A8CDA with new leaderId: 4c0227a7-61cb-4c13-bcf3-e9ab107c9374
2019-11-14 00:39:43,200 [grpc-default-executor-5] INFO  impl.RaftServerImpl (ServerState.java:setLeader(255)) - 2f70a07d-1e84-46bf-8533-fdd294c919e1@group-46DCB38A8CDA: change Leader from null to 4c0227a7-61cb-4c13-bcf3-e9ab107c9374 at term 1 for appendEntries, leader elected after 1085ms
2019-11-14 00:39:43,199 [grpc-default-executor-0] INFO  ratis.XceiverServerRatis (XceiverServerRatis.java:handleLeaderChangedNotification(697)) - Leader change notification received for group: group-46DCB38A8CDA with new leaderId: 4c0227a7-61cb-4c13-bcf3-e9ab107c9374
2019-11-14 00:39:43,201 [grpc-default-executor-0] INFO  impl.RaftServerImpl (ServerState.java:setLeader(255)) - 536e24f7-ac60-4eb9-a985-13294793bd01@group-46DCB38A8CDA: change Leader from null to 4c0227a7-61cb-4c13-bcf3-e9ab107c9374 at term 1 for appendEntries, leader elected after 1085ms
2019-11-14 00:39:43,202 [grpc-default-executor-0] INFO  impl.RaftServerImpl (ServerState.java:setRaftConf(356)) - 2f70a07d-1e84-46bf-8533-fdd294c919e1@group-46DCB38A8CDA: set configuration 0: [536e24f7-ac60-4eb9-a985-13294793bd01:192.168.34.25:33623, 2f70a07d-1e84-46bf-8533-fdd294c919e1:192.168.34.25:45658, 4c0227a7-61cb-4c13-bcf3-e9ab107c9374:192.168.34.25:39301], old=null at 0
2019-11-14 00:39:43,202 [grpc-default-executor-5] INFO  impl.RaftServerImpl (ServerState.java:setRaftConf(356)) - 536e24f7-ac60-4eb9-a985-13294793bd01@group-46DCB38A8CDA: set configuration 0: [536e24f7-ac60-4eb9-a985-13294793bd01:192.168.34.25:33623, 2f70a07d-1e84-46bf-8533-fdd294c919e1:192.168.34.25:45658, 4c0227a7-61cb-4c13-bcf3-e9ab107c9374:192.168.34.25:39301], old=null at 0
2019-11-14 00:39:43,203 [grpc-default-executor-0] INFO  segmented.SegmentedRaftLogWorker (SegmentedRaftLogWorker.java:startLogSegment(385)) - 2f70a07d-1e84-46bf-8533-fdd294c919e1@group-46DCB38A8CDA-SegmentedRaftLogWorker: Starting segment from index:0
2019-11-14 00:39:43,203 [grpc-default-executor-5] INFO  segmented.SegmentedRaftLogWorker (SegmentedRaftLogWorker.java:startLogSegment(385)) - 536e24f7-ac60-4eb9-a985-13294793bd01@group-46DCB38A8CDA-SegmentedRaftLogWorker: Starting segment from index:0
2019-11-14 00:39:43,208 [4c0227a7-61cb-4c13-bcf3-e9ab107c9374@group-46DCB38A8CDA-SegmentedRaftLogWorker] INFO  segmented.SegmentedRaftLogWorker (SegmentedRaftLogWorker.java:execute(576)) - 4c0227a7-61cb-4c13-bcf3-e9ab107c9374@group-46DCB38A8CDA-SegmentedRaftLogWorker: created new log segment /workdir/hadoop-ozone/integration-test/target/test-dir/MiniOzoneClusterImpl-f0c02ddf-6665-4004-91fc-64de6051483a/datanode-0/data/ratis/a3ffc6c7-2a7c-4978-b27a-46dcb38a8cda/current/log_inprogress_0
2019-11-14 00:39:43,208 [dabbec34-9112-49d4-9f2a-1cc38e957548@group-62E93E5DA409-LeaderElection188] INFO  impl.LeaderElection (LeaderElection.java:askForVotes(178)) - dabbec34-9112-49d4-9f2a-1cc38e957548@group-62E93E5DA409-LeaderElection188: begin an election at term 1 for -1: [dabbec34-9112-49d4-9f2a-1cc38e957548:192.168.34.25:32788], old=null
2019-11-14 00:39:43,208 [f3a6f38f-08d4-4a6a-b30b-ec54e2e520c3@group-A7D3CC8ABC30-LeaderElection187] INFO  impl.LeaderElection (LeaderElection.java:askForVotes(178)) - f3a6f38f-08d4-4a6a-b30b-ec54e2e520c3@group-A7D3CC8ABC30-LeaderElection187: begin an election at term 1 for -1: [f3a6f38f-08d4-4a6a-b30b-ec54e2e520c3:192.168.34.25:38828], old=null
2019-11-14 00:39:43,208 [dabbec34-9112-49d4-9f2a-1cc38e957548@group-62E93E5DA409-LeaderElection188] INFO  impl.RoleInfo (RoleInfo.java:shutdownLeaderElection(134)) - dabbec34-9112-49d4-9f2a-1cc38e957548: shutdown LeaderElection
2019-11-14 00:39:43,208 [f3a6f38f-08d4-4a6a-b30b-ec54e2e520c3@group-A7D3CC8ABC30-LeaderElection187] INFO  impl.RoleInfo (RoleInfo.java:shutdownLeaderElection(134)) - f3a6f38f-08d4-4a6a-b30b-ec54e2e520c3: shutdown LeaderElection
2019-11-14 00:39:43,208 [dabbec34-9112-49d4-9f2a-1cc38e957548@group-62E93E5DA409-LeaderElection188] INFO  impl.RaftServerImpl (RaftServerImpl.java:setRole(173)) - dabbec34-9112-49d4-9f2a-1cc38e957548@group-62E93E5DA409: changes role from CANDIDATE to LEADER at term 1 for changeToLeader
2019-11-14 00:39:43,208 [f3a6f38f-08d4-4a6a-b30b-ec54e2e520c3@group-A7D3CC8ABC30-LeaderElection187] INFO  impl.RaftServerImpl (RaftServerImpl.java:setRole(173)) - f3a6f38f-08d4-4a6a-b30b-ec54e2e520c3@group-A7D3CC8ABC30: changes role from CANDIDATE to LEADER at term 1 for changeToLeader
2019-11-14 00:39:43,208 [dabbec34-9112-49d4-9f2a-1cc38e957548@group-62E93E5DA409-LeaderElection188] INFO  ratis.XceiverServerRatis (XceiverServerRatis.java:handleLeaderChangedNotification(697)) - Leader change notification received for group: group-62E93E5DA409 with new leaderId: dabbec34-9112-49d4-9f2a-1cc38e957548
2019-11-14 00:39:43,208 [f3a6f38f-08d4-4a6a-b30b-ec54e2e520c3@group-A7D3CC8ABC30-LeaderElection187] INFO  ratis.XceiverServerRatis (XceiverServerRatis.java:handleLeaderChangedNotification(697)) - Leader change notification received for group: group-A7D3CC8ABC30 with new leaderId: f3a6f38f-08d4-4a6a-b30b-ec54e2e520c3
2019-11-14 00:39:43,209 [dabbec34-9112-49d4-9f2a-1cc38e957548@group-62E93E5DA409-LeaderElection188] INFO  impl.RaftServerImpl (ServerState.java:setLeader(255)) - dabbec34-9112-49d4-9f2a-1cc38e957548@group-62E93E5DA409: change Leader from null to dabbec34-9112-49d4-9f2a-1cc38e957548 at term 1 for becomeLeader, leader elected after 1047ms
2019-11-14 00:39:43,209 [f3a6f38f-08d4-4a6a-b30b-ec54e2e520c3@group-A7D3CC8ABC30-LeaderElection187] INFO  impl.RaftServerImpl (ServerState.java:setLeader(255)) - f3a6f38f-08d4-4a6a-b30b-ec54e2e520c3@group-A7D3CC8ABC30: change Leader from null to f3a6f38f-08d4-4a6a-b30b-ec54e2e520c3 at term 1 for becomeLeader, leader elected after 1168ms
2019-11-14 00:39:43,209 [f3a6f38f-08d4-4a6a-b30b-ec54e2e520c3@group-A7D3CC8ABC30-LeaderElection187] INFO  server.RaftServerConfigKeys (ConfUtils.java:logGet(43)) - raft.server.staging.catchup.gap = 1000 (default)
2019-11-14 00:39:43,209 [f3a6f38f-08d4-4a6a-b30b-ec54e2e520c3@group-A7D3CC8ABC30-LeaderElection187] INFO  server.RaftServerConfigKeys (ConfUtils.java:logGet(43)) - raft.server.rpc.sleep.time = 25ms (default)
2019-11-14 00:39:43,209 [dabbec34-9112-49d4-9f2a-1cc38e957548@group-62E93E5DA409-LeaderElection188] INFO  server.RaftServerConfigKeys (ConfUtils.java:logGet(43)) - raft.server.staging.catchup.gap = 1000 (default)
2019-11-14 00:39:43,209 [f3a6f38f-08d4-4a6a-b30b-ec54e2e520c3@group-A7D3CC8ABC30-LeaderElection187] INFO  server.RaftServerConfigKeys (ConfUtils.java:logGet(43)) - raft.server.write.element-limit = 4096 (default)
2019-11-14 00:39:43,209 [dabbec34-9112-49d4-9f2a-1cc38e957548@group-62E93E5DA409-LeaderElection188] INFO  server.RaftServerConfigKeys (ConfUtils.java:logGet(43)) - raft.server.rpc.sleep.time = 25ms (default)
2019-11-14 00:39:43,209 [f3a6f38f-08d4-4a6a-b30b-ec54e2e520c3@group-A7D3CC8ABC30-LeaderElection187] INFO  server.RaftServerConfigKeys (ConfUtils.java:logGet(43)) - raft.server.watch.timeout = 10s (default)
2019-11-14 00:39:43,209 [dabbec34-9112-49d4-9f2a-1cc38e957548@group-62E93E5DA409-LeaderElection188] INFO  server.RaftServerConfigKeys (ConfUtils.java:logGet(43)) - raft.server.write.element-limit = 4096 (default)
2019-11-14 00:39:43,209 [EventQueue-PipelineReportForPipelineReportHandler] INFO  pipeline.PipelineStateManager (PipelineStateManager.java:openPipeline(134)) - Pipeline Pipeline[ Id: 85bb8abf-2aa5-46c9-bf5b-a7d3cc8abc30, Nodes: f3a6f38f-08d4-4a6a-b30b-ec54e2e520c3{ip: 192.168.34.25, host: pr-hdds-2474-ghsjm-2904119463, networkLocation: /rack1, certSerialId: null}, Type:RATIS, Factor:ONE, State:OPEN] moved to OPEN state
2019-11-14 00:39:43,209 [f3a6f38f-08d4-4a6a-b30b-ec54e2e520c3@group-A7D3CC8ABC30-LeaderElection187] INFO  server.RaftServerConfigKeys (ConfUtils.java:logGet(43)) - raft.server.watch.timeout.denomination = 1s (default)
2019-11-14 00:39:43,209 [dabbec34-9112-49d4-9f2a-1cc38e957548@group-62E93E5DA409-LeaderElection188] INFO  server.RaftServerConfigKeys (ConfUtils.java:logGet(43)) - raft.server.watch.timeout = 10s (default)
2019-11-14 00:39:43,210 [f3a6f38f-08d4-4a6a-b30b-ec54e2e520c3@group-A7D3CC8ABC30-LeaderElection187] INFO  server.RaftServerConfigKeys (ConfUtils.java:logGet(43)) - raft.server.watch.element-limit = 65536 (default)
2019-11-14 00:39:43,210 [dabbec34-9112-49d4-9f2a-1cc38e957548@group-62E93E5DA409-LeaderElection188] INFO  server.RaftServerConfigKeys (ConfUtils.java:logGet(43)) - raft.server.watch.timeout.denomination = 1s (default)
2019-11-14 00:39:43,210 [dabbec34-9112-49d4-9f2a-1cc38e957548@group-62E93E5DA409-LeaderElection188] INFO  server.RaftServerConfigKeys (ConfUtils.java:logGet(43)) - raft.server.watch.element-limit = 65536 (default)
2019-11-14 00:39:43,210 [f3a6f38f-08d4-4a6a-b30b-ec54e2e520c3@group-A7D3CC8ABC30-LeaderElection187] INFO  impl.RoleInfo (RoleInfo.java:updateAndGet(143)) - f3a6f38f-08d4-4a6a-b30b-ec54e2e520c3: start LeaderState
2019-11-14 00:39:43,210 [dabbec34-9112-49d4-9f2a-1cc38e957548@group-62E93E5DA409-LeaderElection188] INFO  impl.RoleInfo (RoleInfo.java:updateAndGet(143)) - dabbec34-9112-49d4-9f2a-1cc38e957548: start LeaderState
2019-11-14 00:39:43,210 [dabbec34-9112-49d4-9f2a-1cc38e957548@group-62E93E5DA409-LeaderElection188] INFO  segmented.SegmentedRaftLogWorker (SegmentedRaftLogWorker.java:startLogSegment(385)) - dabbec34-9112-49d4-9f2a-1cc38e957548@group-62E93E5DA409-SegmentedRaftLogWorker: Starting segment from index:0
2019-11-14 00:39:43,210 [f3a6f38f-08d4-4a6a-b30b-ec54e2e520c3@group-A7D3CC8ABC30-LeaderElection187] INFO  segmented.SegmentedRaftLogWorker (SegmentedRaftLogWorker.java:startLogSegment(385)) - f3a6f38f-08d4-4a6a-b30b-ec54e2e520c3@group-A7D3CC8ABC30-SegmentedRaftLogWorker: Starting segment from index:0
2019-11-14 00:39:43,210 [dabbec34-9112-49d4-9f2a-1cc38e957548@group-62E93E5DA409-LeaderElection188] INFO  impl.RaftServerImpl (ServerState.java:setRaftConf(356)) - dabbec34-9112-49d4-9f2a-1cc38e957548@group-62E93E5DA409: set configuration 0: [dabbec34-9112-49d4-9f2a-1cc38e957548:192.168.34.25:32788], old=null at 0
2019-11-14 00:39:43,238 [f3a6f38f-08d4-4a6a-b30b-ec54e2e520c3@group-A7D3CC8ABC30-LeaderElection187] INFO  impl.RaftServerImpl (ServerState.java:setRaftConf(356)) - f3a6f38f-08d4-4a6a-b30b-ec54e2e520c3@group-A7D3CC8ABC30: set configuration 0: [f3a6f38f-08d4-4a6a-b30b-ec54e2e520c3:192.168.34.25:38828], old=null at 0
2019-11-14 00:39:43,268 [2f70a07d-1e84-46bf-8533-fdd294c919e1@group-46DCB38A8CDA-SegmentedRaftLogWorker] INFO  segmented.SegmentedRaftLogWorker (SegmentedRaftLogWorker.java:execute(576)) - 2f70a07d-1e84-46bf-8533-fdd294c919e1@group-46DCB38A8CDA-SegmentedRaftLogWorker: created new log segment /workdir/hadoop-ozone/integration-test/target/test-dir/MiniOzoneClusterImpl-f0c02ddf-6665-4004-91fc-64de6051483a/datanode-1/data/ratis/a3ffc6c7-2a7c-4978-b27a-46dcb38a8cda/current/log_inprogress_0
2019-11-14 00:39:43,268 [536e24f7-ac60-4eb9-a985-13294793bd01@group-46DCB38A8CDA-SegmentedRaftLogWorker] INFO  segmented.SegmentedRaftLogWorker (SegmentedRaftLogWorker.java:execute(576)) - 536e24f7-ac60-4eb9-a985-13294793bd01@group-46DCB38A8CDA-SegmentedRaftLogWorker: created new log segment /workdir/hadoop-ozone/integration-test/target/test-dir/MiniOzoneClusterImpl-f0c02ddf-6665-4004-91fc-64de6051483a/datanode-2/data/ratis/a3ffc6c7-2a7c-4978-b27a-46dcb38a8cda/current/log_inprogress_0
2019-11-14 00:39:43,268 [Thread-4115] INFO  impl.FollowerState (FollowerState.java:run(111)) - 37126020-3da7-4e98-a0e1-da03830467e3@group-E968A8BCEE98-FollowerState: change to CANDIDATE, lastRpcTime:1029ms, electionTimeout:1010ms
2019-11-14 00:39:43,269 [dabbec34-9112-49d4-9f2a-1cc38e957548@group-62E93E5DA409-SegmentedRaftLogWorker] INFO  segmented.SegmentedRaftLogWorker (SegmentedRaftLogWorker.java:execute(576)) - dabbec34-9112-49d4-9f2a-1cc38e957548@group-62E93E5DA409-SegmentedRaftLogWorker: created new log segment /workdir/hadoop-ozone/integration-test/target/test-dir/MiniOzoneClusterImpl-f0c02ddf-6665-4004-91fc-64de6051483a/datanode-5/data/ratis/89ae6f3c-0731-453c-9d03-62e93e5da409/current/log_inprogress_0
2019-11-14 00:39:43,269 [Thread-4115] INFO  impl.RoleInfo (RoleInfo.java:shutdownFollowerState(121)) - 37126020-3da7-4e98-a0e1-da03830467e3: shutdown FollowerState
2019-11-14 00:39:43,269 [Thread-4115] INFO  impl.RaftServerImpl (RaftServerImpl.java:setRole(173)) - 37126020-3da7-4e98-a0e1-da03830467e3@group-E968A8BCEE98: changes role from  FOLLOWER to CANDIDATE at term 0 for changeToCandidate
2019-11-14 00:39:43,269 [Thread-4115] INFO  impl.RoleInfo (RoleInfo.java:updateAndGet(143)) - 37126020-3da7-4e98-a0e1-da03830467e3: start LeaderElection
2019-11-14 00:39:43,277 [f3a6f38f-08d4-4a6a-b30b-ec54e2e520c3@group-A7D3CC8ABC30-SegmentedRaftLogWorker] INFO  segmented.SegmentedRaftLogWorker (SegmentedRaftLogWorker.java:execute(576)) - f3a6f38f-08d4-4a6a-b30b-ec54e2e520c3@group-A7D3CC8ABC30-SegmentedRaftLogWorker: created new log segment /workdir/hadoop-ozone/integration-test/target/test-dir/MiniOzoneClusterImpl-f0c02ddf-6665-4004-91fc-64de6051483a/datanode-6/data/ratis/85bb8abf-2aa5-46c9-bf5b-a7d3cc8abc30/current/log_inprogress_0
2019-11-14 00:39:43,277 [37126020-3da7-4e98-a0e1-da03830467e3@group-E968A8BCEE98-LeaderElection189] INFO  impl.LeaderElection (LeaderElection.java:askForVotes(178)) - 37126020-3da7-4e98-a0e1-da03830467e3@group-E968A8BCEE98-LeaderElection189: begin an election at term 1 for -1: [cd356495-acb8-453f-96c5-8be3e7d4704d:192.168.34.25:35310, dabbec34-9112-49d4-9f2a-1cc38e957548:192.168.34.25:32788, 37126020-3da7-4e98-a0e1-da03830467e3:192.168.34.25:41443], old=null
2019-11-14 00:39:43,280 [grpc-default-executor-0] INFO  impl.RaftServerImpl (RaftServerImpl.java:setRole(173)) - cd356495-acb8-453f-96c5-8be3e7d4704d@group-E968A8BCEE98: changes role from  FOLLOWER to FOLLOWER at term 1 for recognizeCandidate:37126020-3da7-4e98-a0e1-da03830467e3
2019-11-14 00:39:43,280 [grpc-default-executor-0] INFO  impl.RoleInfo (RoleInfo.java:shutdownFollowerState(121)) - cd356495-acb8-453f-96c5-8be3e7d4704d: shutdown FollowerState
2019-11-14 00:39:43,280 [grpc-default-executor-5] INFO  impl.RaftServerImpl (RaftServerImpl.java:setRole(173)) - dabbec34-9112-49d4-9f2a-1cc38e957548@group-E968A8BCEE98: changes role from  FOLLOWER to FOLLOWER at term 1 for recognizeCandidate:37126020-3da7-4e98-a0e1-da03830467e3
2019-11-14 00:39:43,280 [Thread-4120] INFO  impl.FollowerState (FollowerState.java:run(120)) - cd356495-acb8-453f-96c5-8be3e7d4704d@group-E968A8BCEE98-FollowerState was interrupted: java.lang.InterruptedException: sleep interrupted
2019-11-14 00:39:43,280 [grpc-default-executor-0] INFO  impl.RoleInfo (RoleInfo.java:updateAndGet(143)) - cd356495-acb8-453f-96c5-8be3e7d4704d: start FollowerState
2019-11-14 00:39:43,280 [grpc-default-executor-5] INFO  impl.RoleInfo (RoleInfo.java:shutdownFollowerState(121)) - dabbec34-9112-49d4-9f2a-1cc38e957548: shutdown FollowerState
2019-11-14 00:39:43,280 [Thread-4119] INFO  impl.FollowerState (FollowerState.java:run(120)) - dabbec34-9112-49d4-9f2a-1cc38e957548@group-E968A8BCEE98-FollowerState was interrupted: java.lang.InterruptedException: sleep interrupted
2019-11-14 00:39:43,280 [grpc-default-executor-5] INFO  impl.RoleInfo (RoleInfo.java:updateAndGet(143)) - dabbec34-9112-49d4-9f2a-1cc38e957548: start FollowerState
2019-11-14 00:39:43,287 [37126020-3da7-4e98-a0e1-da03830467e3@group-E968A8BCEE98-LeaderElection189] INFO  impl.LeaderElection (LeaderElection.java:logAndReturn(56)) - 37126020-3da7-4e98-a0e1-da03830467e3@group-E968A8BCEE98-LeaderElection189: Election PASSED; received 1 response(s) [37126020-3da7-4e98-a0e1-da03830467e3<-cd356495-acb8-453f-96c5-8be3e7d4704d#0:OK-t1] and 0 exception(s); 37126020-3da7-4e98-a0e1-da03830467e3@group-E968A8BCEE98:t1, leader=null, voted=37126020-3da7-4e98-a0e1-da03830467e3, raftlog=37126020-3da7-4e98-a0e1-da03830467e3@group-E968A8BCEE98-SegmentedRaftLog:OPENED:c-1,f-1,i0, conf=-1: [cd356495-acb8-453f-96c5-8be3e7d4704d:192.168.34.25:35310, dabbec34-9112-49d4-9f2a-1cc38e957548:192.168.34.25:32788, 37126020-3da7-4e98-a0e1-da03830467e3:192.168.34.25:41443], old=null
2019-11-14 00:39:43,287 [37126020-3da7-4e98-a0e1-da03830467e3@group-E968A8BCEE98-LeaderElection189] INFO  impl.RoleInfo (RoleInfo.java:shutdownLeaderElection(134)) - 37126020-3da7-4e98-a0e1-da03830467e3: shutdown LeaderElection
2019-11-14 00:39:43,287 [37126020-3da7-4e98-a0e1-da03830467e3@group-E968A8BCEE98-LeaderElection189] INFO  impl.RaftServerImpl (RaftServerImpl.java:setRole(173)) - 37126020-3da7-4e98-a0e1-da03830467e3@group-E968A8BCEE98: changes role from CANDIDATE to LEADER at term 1 for changeToLeader
2019-11-14 00:39:43,288 [37126020-3da7-4e98-a0e1-da03830467e3@group-E968A8BCEE98-LeaderElection189] INFO  ratis.XceiverServerRatis (XceiverServerRatis.java:handleLeaderChangedNotification(697)) - Leader change notification received for group: group-E968A8BCEE98 with new leaderId: 37126020-3da7-4e98-a0e1-da03830467e3
2019-11-14 00:39:43,288 [37126020-3da7-4e98-a0e1-da03830467e3@group-E968A8BCEE98-LeaderElection189] INFO  impl.RaftServerImpl (ServerState.java:setLeader(255)) - 37126020-3da7-4e98-a0e1-da03830467e3@group-E968A8BCEE98: change Leader from null to 37126020-3da7-4e98-a0e1-da03830467e3 at term 1 for becomeLeader, leader elected after 1053ms
2019-11-14 00:39:43,288 [37126020-3da7-4e98-a0e1-da03830467e3@group-E968A8BCEE98-LeaderElection189] INFO  server.RaftServerConfigKeys (ConfUtils.java:logGet(43)) - raft.server.staging.catchup.gap = 1000 (default)
2019-11-14 00:39:43,288 [37126020-3da7-4e98-a0e1-da03830467e3@group-E968A8BCEE98-LeaderElection189] INFO  server.RaftServerConfigKeys (ConfUtils.java:logGet(43)) - raft.server.rpc.sleep.time = 25ms (default)
2019-11-14 00:39:43,288 [37126020-3da7-4e98-a0e1-da03830467e3@group-E968A8BCEE98-LeaderElection189] INFO  server.RaftServerConfigKeys (ConfUtils.java:logGet(43)) - raft.server.write.element-limit = 4096 (default)
2019-11-14 00:39:43,288 [37126020-3da7-4e98-a0e1-da03830467e3@group-E968A8BCEE98-LeaderElection189] INFO  server.RaftServerConfigKeys (ConfUtils.java:logGet(43)) - raft.server.watch.timeout = 10s (default)
2019-11-14 00:39:43,288 [37126020-3da7-4e98-a0e1-da03830467e3@group-E968A8BCEE98-LeaderElection189] INFO  server.RaftServerConfigKeys (ConfUtils.java:logGet(43)) - raft.server.watch.timeout.denomination = 1s (default)
2019-11-14 00:39:43,288 [37126020-3da7-4e98-a0e1-da03830467e3@group-E968A8BCEE98-LeaderElection189] INFO  server.RaftServerConfigKeys (ConfUtils.java:logGet(43)) - raft.server.watch.element-limit = 65536 (default)
2019-11-14 00:39:43,288 [EventQueue-PipelineReportForPipelineReportHandler] INFO  pipeline.PipelineStateManager (PipelineStateManager.java:openPipeline(134)) - Pipeline Pipeline[ Id: 5996426e-4a52-48e4-baed-e968a8bcee98, Nodes: cd356495-acb8-453f-96c5-8be3e7d4704d{ip: 192.168.34.25, host: pr-hdds-2474-ghsjm-2904119463, networkLocation: /rack1, certSerialId: null}37126020-3da7-4e98-a0e1-da03830467e3{ip: 192.168.34.25, host: pr-hdds-2474-ghsjm-2904119463, networkLocation: /rack1, certSerialId: null}dabbec34-9112-49d4-9f2a-1cc38e957548{ip: 192.168.34.25, host: pr-hdds-2474-ghsjm-2904119463, networkLocation: /rack1, certSerialId: null}, Type:RATIS, Factor:THREE, State:OPEN] moved to OPEN state
2019-11-14 00:39:43,288 [37126020-3da7-4e98-a0e1-da03830467e3@group-E968A8BCEE98-LeaderElection189] INFO  server.RaftServerConfigKeys (ConfUtils.java:logGet(43)) - raft.server.log.appender.snapshot.chunk.size.max = 16MB (=16777216) (default)
2019-11-14 00:39:43,289 [37126020-3da7-4e98-a0e1-da03830467e3@group-E968A8BCEE98-LeaderElection189] INFO  server.RaftServerConfigKeys (ConfUtils.java:logGet(43)) - raft.server.log.appender.buffer.byte-limit = 33554432 (custom)
2019-11-14 00:39:43,289 [37126020-3da7-4e98-a0e1-da03830467e3@group-E968A8BCEE98-LeaderElection189] INFO  server.RaftServerConfigKeys (ConfUtils.java:logGet(43)) - raft.server.log.appender.buffer.element-limit = 1 (custom)
2019-11-14 00:39:43,289 [37126020-3da7-4e98-a0e1-da03830467e3@group-E968A8BCEE98-LeaderElection189] INFO  grpc.GrpcConfigKeys$Server (ConfUtils.java:logGet(43)) - raft.grpc.server.leader.outstanding.appends.max = 128 (default)
2019-11-14 00:39:43,289 [37126020-3da7-4e98-a0e1-da03830467e3@group-E968A8BCEE98-LeaderElection189] INFO  server.RaftServerConfigKeys (ConfUtils.java:logGet(43)) - raft.server.rpc.request.timeout = 3000ms (default)
2019-11-14 00:39:43,289 [37126020-3da7-4e98-a0e1-da03830467e3@group-E968A8BCEE98-LeaderElection189] INFO  server.RaftServerConfigKeys (ConfUtils.java:logGet(43)) - raft.server.log.appender.install.snapshot.enabled = false (custom)
2019-11-14 00:39:43,289 [37126020-3da7-4e98-a0e1-da03830467e3@group-E968A8BCEE98-LeaderElection189] WARN  impl.MetricRegistriesImpl (MetricRegistriesImpl.java:lambda$create$1(61)) - First MetricRegistry has been created without registering reporters. You may need to call MetricRegistries.global().addReportRegistration(...) before.
2019-11-14 00:39:43,289 [37126020-3da7-4e98-a0e1-da03830467e3@group-E968A8BCEE98-LeaderElection189] INFO  server.RaftServerConfigKeys (ConfUtils.java:logGet(43)) - raft.server.log.appender.snapshot.chunk.size.max = 16MB (=16777216) (default)
2019-11-14 00:39:43,289 [37126020-3da7-4e98-a0e1-da03830467e3@group-E968A8BCEE98-LeaderElection189] INFO  server.RaftServerConfigKeys (ConfUtils.java:logGet(43)) - raft.server.log.appender.buffer.byte-limit = 33554432 (custom)
2019-11-14 00:39:43,289 [37126020-3da7-4e98-a0e1-da03830467e3@group-E968A8BCEE98-LeaderElection189] INFO  server.RaftServerConfigKeys (ConfUtils.java:logGet(43)) - raft.server.log.appender.buffer.element-limit = 1 (custom)
2019-11-14 00:39:43,289 [37126020-3da7-4e98-a0e1-da03830467e3@group-E968A8BCEE98-LeaderElection189] INFO  grpc.GrpcConfigKeys$Server (ConfUtils.java:logGet(43)) - raft.grpc.server.leader.outstanding.appends.max = 128 (default)
2019-11-14 00:39:43,290 [37126020-3da7-4e98-a0e1-da03830467e3@group-E968A8BCEE98-LeaderElection189] INFO  server.RaftServerConfigKeys (ConfUtils.java:logGet(43)) - raft.server.rpc.request.timeout = 3000ms (default)
2019-11-14 00:39:43,290 [37126020-3da7-4e98-a0e1-da03830467e3@group-E968A8BCEE98-LeaderElection189] INFO  server.RaftServerConfigKeys (ConfUtils.java:logGet(43)) - raft.server.log.appender.install.snapshot.enabled = false (custom)
2019-11-14 00:39:43,290 [37126020-3da7-4e98-a0e1-da03830467e3@group-E968A8BCEE98-LeaderElection189] INFO  impl.RoleInfo (RoleInfo.java:updateAndGet(143)) - 37126020-3da7-4e98-a0e1-da03830467e3: start LeaderState
2019-11-14 00:39:43,290 [37126020-3da7-4e98-a0e1-da03830467e3@group-E968A8BCEE98-LeaderElection189] INFO  segmented.SegmentedRaftLogWorker (SegmentedRaftLogWorker.java:startLogSegment(385)) - 37126020-3da7-4e98-a0e1-da03830467e3@group-E968A8BCEE98-SegmentedRaftLogWorker: Starting segment from index:0
2019-11-14 00:39:43,290 [37126020-3da7-4e98-a0e1-da03830467e3@group-E968A8BCEE98-LeaderElection189] INFO  impl.RaftServerImpl (ServerState.java:setRaftConf(356)) - 37126020-3da7-4e98-a0e1-da03830467e3@group-E968A8BCEE98: set configuration 0: [cd356495-acb8-453f-96c5-8be3e7d4704d:192.168.34.25:35310, dabbec34-9112-49d4-9f2a-1cc38e957548:192.168.34.25:32788, 37126020-3da7-4e98-a0e1-da03830467e3:192.168.34.25:41443], old=null at 0
2019-11-14 00:39:43,320 [grpc-default-executor-5] INFO  ratis.XceiverServerRatis (XceiverServerRatis.java:handleLeaderChangedNotification(697)) - Leader change notification received for group: group-E968A8BCEE98 with new leaderId: 37126020-3da7-4e98-a0e1-da03830467e3
2019-11-14 00:39:43,320 [grpc-default-executor-5] INFO  impl.RaftServerImpl (ServerState.java:setLeader(255)) - cd356495-acb8-453f-96c5-8be3e7d4704d@group-E968A8BCEE98: change Leader from null to 37126020-3da7-4e98-a0e1-da03830467e3 at term 1 for appendEntries, leader elected after 1085ms
2019-11-14 00:39:43,321 [grpc-default-executor-0] INFO  ratis.XceiverServerRatis (XceiverServerRatis.java:handleLeaderChangedNotification(697)) - Leader change notification received for group: group-E968A8BCEE98 with new leaderId: 37126020-3da7-4e98-a0e1-da03830467e3
2019-11-14 00:39:43,321 [grpc-default-executor-0] INFO  impl.RaftServerImpl (ServerState.java:setLeader(255)) - dabbec34-9112-49d4-9f2a-1cc38e957548@group-E968A8BCEE98: change Leader from null to 37126020-3da7-4e98-a0e1-da03830467e3 at term 1 for appendEntries, leader elected after 1086ms
2019-11-14 00:39:43,324 [grpc-default-executor-5] INFO  impl.RaftServerImpl (ServerState.java:setRaftConf(356)) - cd356495-acb8-453f-96c5-8be3e7d4704d@group-E968A8BCEE98: set configuration 0: [cd356495-acb8-453f-96c5-8be3e7d4704d:192.168.34.25:35310, dabbec34-9112-49d4-9f2a-1cc38e957548:192.168.34.25:32788, 37126020-3da7-4e98-a0e1-da03830467e3:192.168.34.25:41443], old=null at 0
2019-11-14 00:39:43,324 [grpc-default-executor-5] INFO  segmented.SegmentedRaftLogWorker (SegmentedRaftLogWorker.java:startLogSegment(385)) - cd356495-acb8-453f-96c5-8be3e7d4704d@group-E968A8BCEE98-SegmentedRaftLogWorker: Starting segment from index:0
2019-11-14 00:39:43,326 [grpc-default-executor-0] INFO  impl.RaftServerImpl (ServerState.java:setRaftConf(356)) - dabbec34-9112-49d4-9f2a-1cc38e957548@group-E968A8BCEE98: set configuration 0: [cd356495-acb8-453f-96c5-8be3e7d4704d:192.168.34.25:35310, dabbec34-9112-49d4-9f2a-1cc38e957548:192.168.34.25:32788, 37126020-3da7-4e98-a0e1-da03830467e3:192.168.34.25:41443], old=null at 0
2019-11-14 00:39:43,326 [grpc-default-executor-0] INFO  segmented.SegmentedRaftLogWorker (SegmentedRaftLogWorker.java:startLogSegment(385)) - dabbec34-9112-49d4-9f2a-1cc38e957548@group-E968A8BCEE98-SegmentedRaftLogWorker: Starting segment from index:0
2019-11-14 00:39:43,329 [37126020-3da7-4e98-a0e1-da03830467e3@group-E968A8BCEE98-SegmentedRaftLogWorker] INFO  segmented.SegmentedRaftLogWorker (SegmentedRaftLogWorker.java:execute(576)) - 37126020-3da7-4e98-a0e1-da03830467e3@group-E968A8BCEE98-SegmentedRaftLogWorker: created new log segment /workdir/hadoop-ozone/integration-test/target/test-dir/MiniOzoneClusterImpl-f0c02ddf-6665-4004-91fc-64de6051483a/datanode-4/data/ratis/5996426e-4a52-48e4-baed-e968a8bcee98/current/log_inprogress_0
2019-11-14 00:39:43,367 [cd356495-acb8-453f-96c5-8be3e7d4704d@group-E968A8BCEE98-SegmentedRaftLogWorker] INFO  segmented.SegmentedRaftLogWorker (SegmentedRaftLogWorker.java:execute(576)) - cd356495-acb8-453f-96c5-8be3e7d4704d@group-E968A8BCEE98-SegmentedRaftLogWorker: created new log segment /workdir/hadoop-ozone/integration-test/target/test-dir/MiniOzoneClusterImpl-f0c02ddf-6665-4004-91fc-64de6051483a/datanode-3/data/ratis/5996426e-4a52-48e4-baed-e968a8bcee98/current/log_inprogress_0
2019-11-14 00:39:43,367 [dabbec34-9112-49d4-9f2a-1cc38e957548@group-E968A8BCEE98-SegmentedRaftLogWorker] INFO  segmented.SegmentedRaftLogWorker (SegmentedRaftLogWorker.java:execute(576)) - dabbec34-9112-49d4-9f2a-1cc38e957548@group-E968A8BCEE98-SegmentedRaftLogWorker: created new log segment /workdir/hadoop-ozone/integration-test/target/test-dir/MiniOzoneClusterImpl-f0c02ddf-6665-4004-91fc-64de6051483a/datanode-5/data/ratis/5996426e-4a52-48e4-baed-e968a8bcee98/current/log_inprogress_0
2019-11-14 00:39:43,428 [Thread-4129] INFO  impl.FollowerState (FollowerState.java:run(111)) - cd356495-acb8-453f-96c5-8be3e7d4704d@group-55E17FFFBC8D-FollowerState: change to CANDIDATE, lastRpcTime:1101ms, electionTimeout:1101ms
2019-11-14 00:39:43,429 [Thread-4129] INFO  impl.RoleInfo (RoleInfo.java:shutdownFollowerState(121)) - cd356495-acb8-453f-96c5-8be3e7d4704d: shutdown FollowerState
2019-11-14 00:39:43,429 [Thread-4129] INFO  impl.RaftServerImpl (RaftServerImpl.java:setRole(173)) - cd356495-acb8-453f-96c5-8be3e7d4704d@group-55E17FFFBC8D: changes role from  FOLLOWER to CANDIDATE at term 0 for changeToCandidate
2019-11-14 00:39:43,429 [Thread-4129] INFO  impl.RoleInfo (RoleInfo.java:updateAndGet(143)) - cd356495-acb8-453f-96c5-8be3e7d4704d: start LeaderElection
2019-11-14 00:39:43,445 [cd356495-acb8-453f-96c5-8be3e7d4704d@group-55E17FFFBC8D-LeaderElection190] INFO  impl.LeaderElection (LeaderElection.java:askForVotes(178)) - cd356495-acb8-453f-96c5-8be3e7d4704d@group-55E17FFFBC8D-LeaderElection190: begin an election at term 1 for -1: [cd356495-acb8-453f-96c5-8be3e7d4704d:192.168.34.25:35310], old=null
2019-11-14 00:39:43,445 [cd356495-acb8-453f-96c5-8be3e7d4704d@group-55E17FFFBC8D-LeaderElection190] INFO  impl.RoleInfo (RoleInfo.java:shutdownLeaderElection(134)) - cd356495-acb8-453f-96c5-8be3e7d4704d: shutdown LeaderElection
2019-11-14 00:39:43,445 [cd356495-acb8-453f-96c5-8be3e7d4704d@group-55E17FFFBC8D-LeaderElection190] INFO  impl.RaftServerImpl (RaftServerImpl.java:setRole(173)) - cd356495-acb8-453f-96c5-8be3e7d4704d@group-55E17FFFBC8D: changes role from CANDIDATE to LEADER at term 1 for changeToLeader
2019-11-14 00:39:43,445 [cd356495-acb8-453f-96c5-8be3e7d4704d@group-55E17FFFBC8D-LeaderElection190] INFO  ratis.XceiverServerRatis (XceiverServerRatis.java:handleLeaderChangedNotification(697)) - Leader change notification received for group: group-55E17FFFBC8D with new leaderId: cd356495-acb8-453f-96c5-8be3e7d4704d
2019-11-14 00:39:43,445 [cd356495-acb8-453f-96c5-8be3e7d4704d@group-55E17FFFBC8D-LeaderElection190] INFO  impl.RaftServerImpl (ServerState.java:setLeader(255)) - cd356495-acb8-453f-96c5-8be3e7d4704d@group-55E17FFFBC8D: change Leader from null to cd356495-acb8-453f-96c5-8be3e7d4704d at term 1 for becomeLeader, leader elected after 1120ms
2019-11-14 00:39:43,445 [cd356495-acb8-453f-96c5-8be3e7d4704d@group-55E17FFFBC8D-LeaderElection190] INFO  server.RaftServerConfigKeys (ConfUtils.java:logGet(43)) - raft.server.staging.catchup.gap = 1000 (default)
2019-11-14 00:39:43,445 [cd356495-acb8-453f-96c5-8be3e7d4704d@group-55E17FFFBC8D-LeaderElection190] INFO  server.RaftServerConfigKeys (ConfUtils.java:logGet(43)) - raft.server.rpc.sleep.time = 25ms (default)
2019-11-14 00:39:43,446 [cd356495-acb8-453f-96c5-8be3e7d4704d@group-55E17FFFBC8D-LeaderElection190] INFO  server.RaftServerConfigKeys (ConfUtils.java:logGet(43)) - raft.server.write.element-limit = 4096 (default)
2019-11-14 00:39:43,446 [cd356495-acb8-453f-96c5-8be3e7d4704d@group-55E17FFFBC8D-LeaderElection190] INFO  server.RaftServerConfigKeys (ConfUtils.java:logGet(43)) - raft.server.watch.timeout = 10s (default)
2019-11-14 00:39:43,446 [cd356495-acb8-453f-96c5-8be3e7d4704d@group-55E17FFFBC8D-LeaderElection190] INFO  server.RaftServerConfigKeys (ConfUtils.java:logGet(43)) - raft.server.watch.timeout.denomination = 1s (default)
2019-11-14 00:39:43,446 [EventQueue-PipelineReportForPipelineReportHandler] INFO  pipeline.PipelineStateManager (PipelineStateManager.java:openPipeline(134)) - Pipeline Pipeline[ Id: 97b1ba80-6196-4a4f-9c34-55e17fffbc8d, Nodes: cd356495-acb8-453f-96c5-8be3e7d4704d{ip: 192.168.34.25, host: pr-hdds-2474-ghsjm-2904119463, networkLocation: /rack1, certSerialId: null}, Type:RATIS, Factor:ONE, State:OPEN] moved to OPEN state
2019-11-14 00:39:43,446 [cd356495-acb8-453f-96c5-8be3e7d4704d@group-55E17FFFBC8D-LeaderElection190] INFO  server.RaftServerConfigKeys (ConfUtils.java:logGet(43)) - raft.server.watch.element-limit = 65536 (default)
2019-11-14 00:39:43,446 [cd356495-acb8-453f-96c5-8be3e7d4704d@group-55E17FFFBC8D-LeaderElection190] INFO  impl.RoleInfo (RoleInfo.java:updateAndGet(143)) - cd356495-acb8-453f-96c5-8be3e7d4704d: start LeaderState
2019-11-14 00:39:43,446 [cd356495-acb8-453f-96c5-8be3e7d4704d@group-55E17FFFBC8D-LeaderElection190] INFO  segmented.SegmentedRaftLogWorker (SegmentedRaftLogWorker.java:startLogSegment(385)) - cd356495-acb8-453f-96c5-8be3e7d4704d@group-55E17FFFBC8D-SegmentedRaftLogWorker: Starting segment from index:0
2019-11-14 00:39:43,447 [cd356495-acb8-453f-96c5-8be3e7d4704d@group-55E17FFFBC8D-LeaderElection190] INFO  impl.RaftServerImpl (ServerState.java:setRaftConf(356)) - cd356495-acb8-453f-96c5-8be3e7d4704d@group-55E17FFFBC8D: set configuration 0: [cd356495-acb8-453f-96c5-8be3e7d4704d:192.168.34.25:35310], old=null at 0
2019-11-14 00:39:43,478 [Thread-4125] INFO  impl.FollowerState (FollowerState.java:run(111)) - c5cc448d-8877-4f4e-8c4b-54f6ffcbe1c1@group-0C22D01FE90D-FollowerState: change to CANDIDATE, lastRpcTime:1194ms, electionTimeout:1194ms
2019-11-14 00:39:43,478 [Thread-4125] INFO  impl.RoleInfo (RoleInfo.java:shutdownFollowerState(121)) - c5cc448d-8877-4f4e-8c4b-54f6ffcbe1c1: shutdown FollowerState
2019-11-14 00:39:43,478 [Thread-4125] INFO  impl.RaftServerImpl (RaftServerImpl.java:setRole(173)) - c5cc448d-8877-4f4e-8c4b-54f6ffcbe1c1@group-0C22D01FE90D: changes role from  FOLLOWER to CANDIDATE at term 0 for changeToCandidate
2019-11-14 00:39:43,478 [Thread-4125] INFO  impl.RoleInfo (RoleInfo.java:updateAndGet(143)) - c5cc448d-8877-4f4e-8c4b-54f6ffcbe1c1: start LeaderElection
2019-11-14 00:39:43,497 [cd356495-acb8-453f-96c5-8be3e7d4704d@group-55E17FFFBC8D-SegmentedRaftLogWorker] INFO  segmented.SegmentedRaftLogWorker (SegmentedRaftLogWorker.java:execute(576)) - cd356495-acb8-453f-96c5-8be3e7d4704d@group-55E17FFFBC8D-SegmentedRaftLogWorker: created new log segment /workdir/hadoop-ozone/integration-test/target/test-dir/MiniOzoneClusterImpl-f0c02ddf-6665-4004-91fc-64de6051483a/datanode-3/data/ratis/97b1ba80-6196-4a4f-9c34-55e17fffbc8d/current/log_inprogress_0
2019-11-14 00:39:43,497 [c5cc448d-8877-4f4e-8c4b-54f6ffcbe1c1@group-0C22D01FE90D-LeaderElection191] INFO  impl.LeaderElection (LeaderElection.java:askForVotes(178)) - c5cc448d-8877-4f4e-8c4b-54f6ffcbe1c1@group-0C22D01FE90D-LeaderElection191: begin an election at term 1 for -1: [c5cc448d-8877-4f4e-8c4b-54f6ffcbe1c1:192.168.34.25:35731], old=null
2019-11-14 00:39:43,497 [c5cc448d-8877-4f4e-8c4b-54f6ffcbe1c1@group-0C22D01FE90D-LeaderElection191] INFO  impl.RoleInfo (RoleInfo.java:shutdownLeaderElection(134)) - c5cc448d-8877-4f4e-8c4b-54f6ffcbe1c1: shutdown LeaderElection
2019-11-14 00:39:43,498 [c5cc448d-8877-4f4e-8c4b-54f6ffcbe1c1@group-0C22D01FE90D-LeaderElection191] INFO  impl.RaftServerImpl (RaftServerImpl.java:setRole(173)) - c5cc448d-8877-4f4e-8c4b-54f6ffcbe1c1@group-0C22D01FE90D: changes role from CANDIDATE to LEADER at term 1 for changeToLeader
2019-11-14 00:39:43,498 [c5cc448d-8877-4f4e-8c4b-54f6ffcbe1c1@group-0C22D01FE90D-LeaderElection191] INFO  ratis.XceiverServerRatis (XceiverServerRatis.java:handleLeaderChangedNotification(697)) - Leader change notification received for group: group-0C22D01FE90D with new leaderId: c5cc448d-8877-4f4e-8c4b-54f6ffcbe1c1
2019-11-14 00:39:43,500 [c5cc448d-8877-4f4e-8c4b-54f6ffcbe1c1@group-0C22D01FE90D-LeaderElection191] INFO  impl.RaftServerImpl (ServerState.java:setLeader(255)) - c5cc448d-8877-4f4e-8c4b-54f6ffcbe1c1@group-0C22D01FE90D: change Leader from null to c5cc448d-8877-4f4e-8c4b-54f6ffcbe1c1 at term 1 for becomeLeader, leader elected after 1217ms
2019-11-14 00:39:43,500 [c5cc448d-8877-4f4e-8c4b-54f6ffcbe1c1@group-0C22D01FE90D-LeaderElection191] INFO  server.RaftServerConfigKeys (ConfUtils.java:logGet(43)) - raft.server.staging.catchup.gap = 1000 (default)
2019-11-14 00:39:43,500 [c5cc448d-8877-4f4e-8c4b-54f6ffcbe1c1@group-0C22D01FE90D-LeaderElection191] INFO  server.RaftServerConfigKeys (ConfUtils.java:logGet(43)) - raft.server.rpc.sleep.time = 25ms (default)
2019-11-14 00:39:43,501 [c5cc448d-8877-4f4e-8c4b-54f6ffcbe1c1@group-0C22D01FE90D-LeaderElection191] INFO  server.RaftServerConfigKeys (ConfUtils.java:logGet(43)) - raft.server.write.element-limit = 4096 (default)
2019-11-14 00:39:43,501 [c5cc448d-8877-4f4e-8c4b-54f6ffcbe1c1@group-0C22D01FE90D-LeaderElection191] INFO  server.RaftServerConfigKeys (ConfUtils.java:logGet(43)) - raft.server.watch.timeout = 10s (default)
2019-11-14 00:39:43,501 [c5cc448d-8877-4f4e-8c4b-54f6ffcbe1c1@group-0C22D01FE90D-LeaderElection191] INFO  server.RaftServerConfigKeys (ConfUtils.java:logGet(43)) - raft.server.watch.timeout.denomination = 1s (default)
2019-11-14 00:39:43,501 [c5cc448d-8877-4f4e-8c4b-54f6ffcbe1c1@group-0C22D01FE90D-LeaderElection191] INFO  server.RaftServerConfigKeys (ConfUtils.java:logGet(43)) - raft.server.watch.element-limit = 65536 (default)
2019-11-14 00:39:43,501 [EventQueue-PipelineReportForPipelineReportHandler] INFO  pipeline.PipelineStateManager (PipelineStateManager.java:openPipeline(134)) - Pipeline Pipeline[ Id: fcc577a0-ac83-4e02-b410-0c22d01fe90d, Nodes: c5cc448d-8877-4f4e-8c4b-54f6ffcbe1c1{ip: 192.168.34.25, host: pr-hdds-2474-ghsjm-2904119463, networkLocation: /rack1, certSerialId: null}, Type:RATIS, Factor:ONE, State:OPEN] moved to OPEN state
2019-11-14 00:39:43,501 [c5cc448d-8877-4f4e-8c4b-54f6ffcbe1c1@group-0C22D01FE90D-LeaderElection191] INFO  impl.RoleInfo (RoleInfo.java:updateAndGet(143)) - c5cc448d-8877-4f4e-8c4b-54f6ffcbe1c1: start LeaderState
2019-11-14 00:39:43,501 [c5cc448d-8877-4f4e-8c4b-54f6ffcbe1c1@group-0C22D01FE90D-LeaderElection191] INFO  segmented.SegmentedRaftLogWorker (SegmentedRaftLogWorker.java:startLogSegment(385)) - c5cc448d-8877-4f4e-8c4b-54f6ffcbe1c1@group-0C22D01FE90D-SegmentedRaftLogWorker: Starting segment from index:0
2019-11-14 00:39:43,502 [c5cc448d-8877-4f4e-8c4b-54f6ffcbe1c1@group-0C22D01FE90D-LeaderElection191] INFO  impl.RaftServerImpl (ServerState.java:setRaftConf(356)) - c5cc448d-8877-4f4e-8c4b-54f6ffcbe1c1@group-0C22D01FE90D: set configuration 0: [c5cc448d-8877-4f4e-8c4b-54f6ffcbe1c1:192.168.34.25:35731], old=null at 0
2019-11-14 00:39:43,527 [Thread-4133] INFO  impl.FollowerState (FollowerState.java:run(111)) - 91297bf6-d797-4b12-9aab-de0c4610252f@group-8B2F333BA872-FollowerState: change to CANDIDATE, lastRpcTime:1137ms, electionTimeout:1121ms
2019-11-14 00:39:43,528 [Thread-4133] INFO  impl.RoleInfo (RoleInfo.java:shutdownFollowerState(121)) - 91297bf6-d797-4b12-9aab-de0c4610252f: shutdown FollowerState
2019-11-14 00:39:43,528 [Thread-4133] INFO  impl.RaftServerImpl (RaftServerImpl.java:setRole(173)) - 91297bf6-d797-4b12-9aab-de0c4610252f@group-8B2F333BA872: changes role from  FOLLOWER to CANDIDATE at term 0 for changeToCandidate
2019-11-14 00:39:43,528 [Thread-4133] INFO  impl.RoleInfo (RoleInfo.java:updateAndGet(143)) - 91297bf6-d797-4b12-9aab-de0c4610252f: start LeaderElection
2019-11-14 00:39:43,540 [c5cc448d-8877-4f4e-8c4b-54f6ffcbe1c1@group-0C22D01FE90D-SegmentedRaftLogWorker] INFO  segmented.SegmentedRaftLogWorker (SegmentedRaftLogWorker.java:execute(576)) - c5cc448d-8877-4f4e-8c4b-54f6ffcbe1c1@group-0C22D01FE90D-SegmentedRaftLogWorker: created new log segment /workdir/hadoop-ozone/integration-test/target/test-dir/MiniOzoneClusterImpl-f0c02ddf-6665-4004-91fc-64de6051483a/datanode-9/data/ratis/fcc577a0-ac83-4e02-b410-0c22d01fe90d/current/log_inprogress_0
2019-11-14 00:39:43,540 [91297bf6-d797-4b12-9aab-de0c4610252f@group-8B2F333BA872-LeaderElection192] INFO  impl.LeaderElection (LeaderElection.java:askForVotes(178)) - 91297bf6-d797-4b12-9aab-de0c4610252f@group-8B2F333BA872-LeaderElection192: begin an election at term 1 for -1: [91297bf6-d797-4b12-9aab-de0c4610252f:192.168.34.25:35231], old=null
2019-11-14 00:39:43,540 [91297bf6-d797-4b12-9aab-de0c4610252f@group-8B2F333BA872-LeaderElection192] INFO  impl.RoleInfo (RoleInfo.java:shutdownLeaderElection(134)) - 91297bf6-d797-4b12-9aab-de0c4610252f: shutdown LeaderElection
2019-11-14 00:39:43,540 [91297bf6-d797-4b12-9aab-de0c4610252f@group-8B2F333BA872-LeaderElection192] INFO  impl.RaftServerImpl (RaftServerImpl.java:setRole(173)) - 91297bf6-d797-4b12-9aab-de0c4610252f@group-8B2F333BA872: changes role from CANDIDATE to LEADER at term 1 for changeToLeader
2019-11-14 00:39:43,540 [91297bf6-d797-4b12-9aab-de0c4610252f@group-8B2F333BA872-LeaderElection192] INFO  ratis.XceiverServerRatis (XceiverServerRatis.java:handleLeaderChangedNotification(697)) - Leader change notification received for group: group-8B2F333BA872 with new leaderId: 91297bf6-d797-4b12-9aab-de0c4610252f
2019-11-14 00:39:43,540 [91297bf6-d797-4b12-9aab-de0c4610252f@group-8B2F333BA872-LeaderElection192] INFO  impl.RaftServerImpl (ServerState.java:setLeader(255)) - 91297bf6-d797-4b12-9aab-de0c4610252f@group-8B2F333BA872: change Leader from null to 91297bf6-d797-4b12-9aab-de0c4610252f at term 1 for becomeLeader, leader elected after 1153ms
2019-11-14 00:39:43,541 [91297bf6-d797-4b12-9aab-de0c4610252f@group-8B2F333BA872-LeaderElection192] INFO  server.RaftServerConfigKeys (ConfUtils.java:logGet(43)) - raft.server.staging.catchup.gap = 1000 (default)
2019-11-14 00:39:43,541 [91297bf6-d797-4b12-9aab-de0c4610252f@group-8B2F333BA872-LeaderElection192] INFO  server.RaftServerConfigKeys (ConfUtils.java:logGet(43)) - raft.server.rpc.sleep.time = 25ms (default)
2019-11-14 00:39:43,541 [91297bf6-d797-4b12-9aab-de0c4610252f@group-8B2F333BA872-LeaderElection192] INFO  server.RaftServerConfigKeys (ConfUtils.java:logGet(43)) - raft.server.write.element-limit = 4096 (default)
2019-11-14 00:39:43,541 [91297bf6-d797-4b12-9aab-de0c4610252f@group-8B2F333BA872-LeaderElection192] INFO  server.RaftServerConfigKeys (ConfUtils.java:logGet(43)) - raft.server.watch.timeout = 10s (default)
2019-11-14 00:39:43,541 [91297bf6-d797-4b12-9aab-de0c4610252f@group-8B2F333BA872-LeaderElection192] INFO  server.RaftServerConfigKeys (ConfUtils.java:logGet(43)) - raft.server.watch.timeout.denomination = 1s (default)
2019-11-14 00:39:43,541 [91297bf6-d797-4b12-9aab-de0c4610252f@group-8B2F333BA872-LeaderElection192] INFO  server.RaftServerConfigKeys (ConfUtils.java:logGet(43)) - raft.server.watch.element-limit = 65536 (default)
2019-11-14 00:39:43,541 [91297bf6-d797-4b12-9aab-de0c4610252f@group-8B2F333BA872-LeaderElection192] INFO  impl.RoleInfo (RoleInfo.java:updateAndGet(143)) - 91297bf6-d797-4b12-9aab-de0c4610252f: start LeaderState
2019-11-14 00:39:43,541 [91297bf6-d797-4b12-9aab-de0c4610252f@group-8B2F333BA872-LeaderElection192] INFO  segmented.SegmentedRaftLogWorker (SegmentedRaftLogWorker.java:startLogSegment(385)) - 91297bf6-d797-4b12-9aab-de0c4610252f@group-8B2F333BA872-SegmentedRaftLogWorker: Starting segment from index:0
2019-11-14 00:39:43,541 [EventQueue-PipelineReportForPipelineReportHandler] INFO  pipeline.PipelineStateManager (PipelineStateManager.java:openPipeline(134)) - Pipeline Pipeline[ Id: 7ad3a062-840b-4bcc-b2be-8b2f333ba872, Nodes: 91297bf6-d797-4b12-9aab-de0c4610252f{ip: 192.168.34.25, host: pr-hdds-2474-ghsjm-2904119463, networkLocation: /rack1, certSerialId: null}, Type:RATIS, Factor:ONE, State:OPEN] moved to OPEN state
2019-11-14 00:39:43,541 [91297bf6-d797-4b12-9aab-de0c4610252f@group-8B2F333BA872-LeaderElection192] INFO  impl.RaftServerImpl (ServerState.java:setRaftConf(356)) - 91297bf6-d797-4b12-9aab-de0c4610252f@group-8B2F333BA872: set configuration 0: [91297bf6-d797-4b12-9aab-de0c4610252f:192.168.34.25:35231], old=null at 0
2019-11-14 00:39:43,580 [91297bf6-d797-4b12-9aab-de0c4610252f@group-8B2F333BA872-SegmentedRaftLogWorker] INFO  segmented.SegmentedRaftLogWorker (SegmentedRaftLogWorker.java:execute(576)) - 91297bf6-d797-4b12-9aab-de0c4610252f@group-8B2F333BA872-SegmentedRaftLogWorker: created new log segment /workdir/hadoop-ozone/integration-test/target/test-dir/MiniOzoneClusterImpl-f0c02ddf-6665-4004-91fc-64de6051483a/datanode-7/data/ratis/7ad3a062-840b-4bcc-b2be-8b2f333ba872/current/log_inprogress_0
2019-11-14 00:39:43,834 [Datanode State Machine Thread - 0] INFO  statemachine.DatanodeStateMachine (DatanodeStateMachine.java:lambda$startDaemon$0(350)) - Ozone container server started.
2019-11-14 00:39:47,882 [ForkJoinPool.commonPool-worker-1] INFO  ozoneimpl.OzoneContainer (OzoneContainer.java:stop(244)) - Attempting to stop container services.
2019-11-14 00:39:47,882 [main] INFO  ozoneimpl.OzoneContainer (OzoneContainer.java:stop(244)) - Attempting to stop container services.
2019-11-14 00:39:47,883 [ForkJoinPool.commonPool-worker-1] INFO  impl.RaftServerProxy (RaftServerProxy.java:lambda$close$4(314)) - 536e24f7-ac60-4eb9-a985-13294793bd01: close
2019-11-14 00:39:47,884 [main] INFO  impl.RaftServerProxy (RaftServerProxy.java:lambda$close$4(314)) - dabbec34-9112-49d4-9f2a-1cc38e957548: close
2019-11-14 00:39:47,884 [ForkJoinPool.commonPool-worker-1] INFO  impl.RaftServerImpl (RaftServerImpl.java:lambda$shutdown$3(250)) - 536e24f7-ac60-4eb9-a985-13294793bd01@group-C82E8DEE4F3A: shutdown
2019-11-14 00:39:47,884 [main] INFO  impl.RaftServerImpl (RaftServerImpl.java:lambda$shutdown$3(250)) - dabbec34-9112-49d4-9f2a-1cc38e957548@group-62E93E5DA409: shutdown
2019-11-14 00:39:47,885 [ForkJoinPool.commonPool-worker-1] INFO  util.JmxRegister (JmxRegister.java:unregister(73)) - Successfully un-registered JMX Bean with object name Ratis:service=RaftServer,group=group-C82E8DEE4F3A,id=536e24f7-ac60-4eb9-a985-13294793bd01
2019-11-14 00:39:47,885 [main] INFO  util.JmxRegister (JmxRegister.java:unregister(73)) - Successfully un-registered JMX Bean with object name Ratis:service=RaftServer,group=group-62E93E5DA409,id=dabbec34-9112-49d4-9f2a-1cc38e957548
2019-11-14 00:39:47,885 [ForkJoinPool.commonPool-worker-1] INFO  impl.RoleInfo (RoleInfo.java:shutdownLeaderState(104)) - 536e24f7-ac60-4eb9-a985-13294793bd01: shutdown LeaderState
2019-11-14 00:39:47,886 [main] INFO  impl.RoleInfo (RoleInfo.java:shutdownLeaderState(104)) - dabbec34-9112-49d4-9f2a-1cc38e957548: shutdown LeaderState
2019-11-14 00:39:47,886 [ForkJoinPool.commonPool-worker-1] INFO  impl.PendingRequests (PendingRequests.java:sendNotLeaderResponses(206)) - 536e24f7-ac60-4eb9-a985-13294793bd01@group-C82E8DEE4F3A-PendingRequests: sendNotLeaderResponses
2019-11-14 00:39:47,886 [main] INFO  impl.PendingRequests (PendingRequests.java:sendNotLeaderResponses(206)) - dabbec34-9112-49d4-9f2a-1cc38e957548@group-62E93E5DA409-PendingRequests: sendNotLeaderResponses
2019-11-14 00:39:47,887 [ForkJoinPool.commonPool-worker-1] INFO  impl.StateMachineUpdater (StateMachineUpdater.java:stopAndJoin(136)) - 536e24f7-ac60-4eb9-a985-13294793bd01@group-C82E8DEE4F3A-StateMachineUpdater: set stopIndex = 0
2019-11-14 00:39:47,887 [main] INFO  impl.StateMachineUpdater (StateMachineUpdater.java:stopAndJoin(136)) - dabbec34-9112-49d4-9f2a-1cc38e957548@group-62E93E5DA409-StateMachineUpdater: set stopIndex = 0
2019-11-14 00:39:47,888 [ForkJoinPool.commonPool-worker-1] INFO  impl.RaftServerImpl (ServerState.java:close(387)) - 536e24f7-ac60-4eb9-a985-13294793bd01@group-C82E8DEE4F3A: closes. applyIndex: 0
2019-11-14 00:39:47,888 [main] INFO  impl.RaftServerImpl (ServerState.java:close(387)) - dabbec34-9112-49d4-9f2a-1cc38e957548@group-62E93E5DA409: closes. applyIndex: 0
2019-11-14 00:39:47,888 [536e24f7-ac60-4eb9-a985-13294793bd01@group-C82E8DEE4F3A-SegmentedRaftLogWorker] INFO  segmented.SegmentedRaftLogWorker (SegmentedRaftLogWorker.java:run(316)) - 536e24f7-ac60-4eb9-a985-13294793bd01@group-C82E8DEE4F3A-SegmentedRaftLogWorker was interrupted, exiting. There are 0 tasks remaining in the queue.
2019-11-14 00:39:47,889 [dabbec34-9112-49d4-9f2a-1cc38e957548@group-62E93E5DA409-SegmentedRaftLogWorker] INFO  segmented.SegmentedRaftLogWorker (SegmentedRaftLogWorker.java:run(316)) - dabbec34-9112-49d4-9f2a-1cc38e957548@group-62E93E5DA409-SegmentedRaftLogWorker was interrupted, exiting. There are 0 tasks remaining in the queue.
2019-11-14 00:39:47,889 [main] INFO  segmented.SegmentedRaftLogWorker (SegmentedRaftLogWorker.java:close(224)) - dabbec34-9112-49d4-9f2a-1cc38e957548@group-62E93E5DA409-SegmentedRaftLogWorker close()
2019-11-14 00:39:47,889 [ForkJoinPool.commonPool-worker-1] INFO  segmented.SegmentedRaftLogWorker (SegmentedRaftLogWorker.java:close(224)) - 536e24f7-ac60-4eb9-a985-13294793bd01@group-C82E8DEE4F3A-SegmentedRaftLogWorker close()
2019-11-14 00:39:47,893 [main] INFO  impl.RaftServerImpl (RaftServerImpl.java:lambda$shutdown$3(250)) - dabbec34-9112-49d4-9f2a-1cc38e957548@group-E968A8BCEE98: shutdown
2019-11-14 00:39:47,895 [ForkJoinPool.commonPool-worker-1] INFO  impl.RaftServerImpl (RaftServerImpl.java:lambda$shutdown$3(250)) - 536e24f7-ac60-4eb9-a985-13294793bd01@group-46DCB38A8CDA: shutdown
2019-11-14 00:39:47,895 [main] INFO  util.JmxRegister (JmxRegister.java:unregister(73)) - Successfully un-registered JMX Bean with object name Ratis:service=RaftServer,group=group-E968A8BCEE98,id=dabbec34-9112-49d4-9f2a-1cc38e957548
2019-11-14 00:39:47,896 [ForkJoinPool.commonPool-worker-1] INFO  util.JmxRegister (JmxRegister.java:unregister(73)) - Successfully un-registered JMX Bean with object name Ratis:service=RaftServer,group=group-46DCB38A8CDA,id=536e24f7-ac60-4eb9-a985-13294793bd01
2019-11-14 00:39:47,896 [main] INFO  impl.RoleInfo (RoleInfo.java:shutdownFollowerState(121)) - dabbec34-9112-49d4-9f2a-1cc38e957548: shutdown FollowerState
2019-11-14 00:39:47,896 [ForkJoinPool.commonPool-worker-1] INFO  impl.RoleInfo (RoleInfo.java:shutdownFollowerState(121)) - 536e24f7-ac60-4eb9-a985-13294793bd01: shutdown FollowerState
2019-11-14 00:39:47,896 [Thread-4173] INFO  impl.FollowerState (FollowerState.java:run(120)) - dabbec34-9112-49d4-9f2a-1cc38e957548@group-E968A8BCEE98-FollowerState was interrupted: java.lang.InterruptedException: sleep interrupted
2019-11-14 00:39:47,896 [main] INFO  impl.StateMachineUpdater (StateMachineUpdater.java:stopAndJoin(136)) - dabbec34-9112-49d4-9f2a-1cc38e957548@group-E968A8BCEE98-StateMachineUpdater: set stopIndex = 0
2019-11-14 00:39:47,897 [main] INFO  impl.RaftServerImpl (ServerState.java:close(387)) - dabbec34-9112-49d4-9f2a-1cc38e957548@group-E968A8BCEE98: closes. applyIndex: 0
2019-11-14 00:39:47,897 [Thread-4157] INFO  impl.FollowerState (FollowerState.java:run(120)) - 536e24f7-ac60-4eb9-a985-13294793bd01@group-46DCB38A8CDA-FollowerState was interrupted: java.lang.InterruptedException: sleep interrupted
2019-11-14 00:39:47,898 [dabbec34-9112-49d4-9f2a-1cc38e957548@group-E968A8BCEE98-SegmentedRaftLogWorker] INFO  segmented.SegmentedRaftLogWorker (SegmentedRaftLogWorker.java:run(316)) - dabbec34-9112-49d4-9f2a-1cc38e957548@group-E968A8BCEE98-SegmentedRaftLogWorker was interrupted, exiting. There are 0 tasks remaining in the queue.
2019-11-14 00:39:47,897 [ForkJoinPool.commonPool-worker-1] INFO  impl.StateMachineUpdater (StateMachineUpdater.java:stopAndJoin(136)) - 536e24f7-ac60-4eb9-a985-13294793bd01@group-46DCB38A8CDA-StateMachineUpdater: set stopIndex = 0
2019-11-14 00:39:47,898 [main] INFO  segmented.SegmentedRaftLogWorker (SegmentedRaftLogWorker.java:close(224)) - dabbec34-9112-49d4-9f2a-1cc38e957548@group-E968A8BCEE98-SegmentedRaftLogWorker close()
2019-11-14 00:39:47,898 [ForkJoinPool.commonPool-worker-1] INFO  impl.RaftServerImpl (ServerState.java:close(387)) - 536e24f7-ac60-4eb9-a985-13294793bd01@group-46DCB38A8CDA: closes. applyIndex: 0
2019-11-14 00:39:47,901 [main] INFO  server.GrpcService (GrpcService.java:closeImpl(164)) - dabbec34-9112-49d4-9f2a-1cc38e957548: shutdown server with port 32788 now
2019-11-14 00:39:47,901 [536e24f7-ac60-4eb9-a985-13294793bd01@group-46DCB38A8CDA-SegmentedRaftLogWorker] INFO  segmented.SegmentedRaftLogWorker (SegmentedRaftLogWorker.java:run(316)) - 536e24f7-ac60-4eb9-a985-13294793bd01@group-46DCB38A8CDA-SegmentedRaftLogWorker was interrupted, exiting. There are 0 tasks remaining in the queue.
2019-11-14 00:39:47,902 [ForkJoinPool.commonPool-worker-1] INFO  segmented.SegmentedRaftLogWorker (SegmentedRaftLogWorker.java:close(224)) - 536e24f7-ac60-4eb9-a985-13294793bd01@group-46DCB38A8CDA-SegmentedRaftLogWorker close()
2019-11-14 00:39:47,904 [ForkJoinPool.commonPool-worker-1] INFO  server.GrpcService (GrpcService.java:closeImpl(164)) - 536e24f7-ac60-4eb9-a985-13294793bd01: shutdown server with port 33623 now
2019-11-14 00:39:47,905 [grpc-default-executor-5] WARN  server.GrpcServerProtocolService (LogUtils.java:warn(134)) - 536e24f7-ac60-4eb9-a985-13294793bd01: installSnapshot onError, lastRequest: 4c0227a7-61cb-4c13-bcf3-e9ab107c9374->536e24f7-ac60-4eb9-a985-13294793bd01#10-t1, previous=(t:1, i:0), leaderCommit=0, initializing? false, entries: <empty>: org.apache.ratis.thirdparty.io.grpc.StatusRuntimeException: CANCELLED: cancelled before receiving half close
2019-11-14 00:39:47,905 [grpc-default-executor-0] WARN  server.GrpcServerProtocolService (LogUtils.java:warn(134)) - dabbec34-9112-49d4-9f2a-1cc38e957548: installSnapshot onError, lastRequest: 37126020-3da7-4e98-a0e1-da03830467e3->dabbec34-9112-49d4-9f2a-1cc38e957548#10-t1, previous=(t:1, i:0), leaderCommit=0, initializing? false, entries: <empty>: org.apache.ratis.thirdparty.io.grpc.StatusRuntimeException: CANCELLED: cancelled before receiving half close
2019-11-14 00:39:47,905 [grpc-default-executor-7] WARN  server.GrpcLogAppender (LogUtils.java:warn(134)) - 37126020-3da7-4e98-a0e1-da03830467e3@group-E968A8BCEE98->dabbec34-9112-49d4-9f2a-1cc38e957548-AppendLogResponseHandler: Failed appendEntries: org.apache.ratis.thirdparty.io.grpc.StatusRuntimeException: CANCELLED: HTTP/2 error code: CANCEL
Received Rst Stream
2019-11-14 00:39:47,905 [ForkJoinPool.commonPool-worker-1] INFO  server.GrpcService (GrpcService.java:closeImpl(172)) - 536e24f7-ac60-4eb9-a985-13294793bd01: shutdown server with port 33623 successfully
2019-11-14 00:39:47,905 [main] INFO  server.GrpcService (GrpcService.java:closeImpl(172)) - dabbec34-9112-49d4-9f2a-1cc38e957548: shutdown server with port 32788 successfully
2019-11-14 00:39:47,906 [grpc-default-executor-8] WARN  server.GrpcLogAppender (LogUtils.java:warn(134)) - 4c0227a7-61cb-4c13-bcf3-e9ab107c9374@group-46DCB38A8CDA->536e24f7-ac60-4eb9-a985-13294793bd01-AppendLogResponseHandler: Failed appendEntries: org.apache.ratis.thirdparty.io.grpc.StatusRuntimeException: CANCELLED: HTTP/2 error code: CANCEL
Received Rst Stream
2019-11-14 00:39:47,906 [grpc-default-executor-7] INFO  impl.FollowerInfo (FollowerInfo.java:lambda$new$0(51)) - 37126020-3da7-4e98-a0e1-da03830467e3@group-E968A8BCEE98->dabbec34-9112-49d4-9f2a-1cc38e957548: nextIndex: updateUnconditionally 1 -> 0
2019-11-14 00:39:47,906 [grpc-default-executor-8] INFO  impl.FollowerInfo (FollowerInfo.java:lambda$new$0(51)) - 4c0227a7-61cb-4c13-bcf3-e9ab107c9374@group-46DCB38A8CDA->536e24f7-ac60-4eb9-a985-13294793bd01: nextIndex: updateUnconditionally 1 -> 0
2019-11-14 00:39:47,908 [refreshUsed-/workdir/hadoop-ozone/integration-test/target/test-dir/MiniOzoneClusterImpl-f0c02ddf-6665-4004-91fc-64de6051483a/datanode-5/data/containers] WARN  fs.CachingGetSpaceUsed (CachingGetSpaceUsed.java:run(183)) - Thread Interrupted waiting to refresh disk information: sleep interrupted
2019-11-14 00:39:47,909 [refreshUsed-/workdir/hadoop-ozone/integration-test/target/test-dir/MiniOzoneClusterImpl-f0c02ddf-6665-4004-91fc-64de6051483a/datanode-2/data/containers] WARN  fs.CachingGetSpaceUsed (CachingGetSpaceUsed.java:run(183)) - Thread Interrupted waiting to refresh disk information: sleep interrupted
2019-11-14 00:39:47,925 [main] INFO  utils.BackgroundService (BackgroundService.java:shutdown(151)) - Shutting down service BlockDeletingService
2019-11-14 00:39:47,930 [main] INFO  statemachine.DatanodeStateMachine (DatanodeStateMachine.java:stopDaemon(395)) - Ozone container server stopped.
2019-11-14 00:39:47,931 [main] INFO  handler.ContextHandler (ContextHandler.java:doStop(910)) - Stopped o.e.j.w.WebAppContext@21002393{/,null,UNAVAILABLE}{/hddsDatanode}
2019-11-14 00:39:47,932 [main] INFO  server.AbstractConnector (AbstractConnector.java:doStop(318)) - Stopped ServerConnector@718989fa{HTTP/1.1,[http/1.1]}{0.0.0.0:0}
2019-11-14 00:39:47,932 [main] INFO  handler.ContextHandler (ContextHandler.java:doStop(910)) - Stopped o.e.j.s.ServletContextHandler@9d3d54e{/static,jar:file:/home/user/.m2/repository/org/apache/hadoop/hadoop-hdds-container-service/0.5.0-SNAPSHOT/hadoop-hdds-container-service-0.5.0-SNAPSHOT.jar!/webapps/static,UNAVAILABLE}
2019-11-14 00:39:47,932 [main] INFO  handler.ContextHandler (ContextHandler.java:doStop(910)) - Stopped o.e.j.s.ServletContextHandler@6e685e6c{/logs,file:///workdir/hadoop-ozone/integration-test/target/log,UNAVAILABLE}
2019-11-14 00:39:47,934 [ForkJoinPool.commonPool-worker-1] INFO  utils.BackgroundService (BackgroundService.java:shutdown(151)) - Shutting down service BlockDeletingService
2019-11-14 00:39:47,949 [ForkJoinPool.commonPool-worker-1] INFO  statemachine.DatanodeStateMachine (DatanodeStateMachine.java:stopDaemon(395)) - Ozone container server stopped.
2019-11-14 00:39:47,953 [ForkJoinPool.commonPool-worker-1] INFO  handler.ContextHandler (ContextHandler.java:doStop(910)) - Stopped o.e.j.w.WebAppContext@4b3a01d8{/,null,UNAVAILABLE}{/hddsDatanode}
2019-11-14 00:39:47,954 [ForkJoinPool.commonPool-worker-1] INFO  server.AbstractConnector (AbstractConnector.java:doStop(318)) - Stopped ServerConnector@19fbc594{HTTP/1.1,[http/1.1]}{0.0.0.0:0}
2019-11-14 00:39:47,955 [ForkJoinPool.commonPool-worker-1] INFO  handler.ContextHandler (ContextHandler.java:doStop(910)) - Stopped o.e.j.s.ServletContextHandler@7b297740{/static,jar:file:/home/user/.m2/repository/org/apache/hadoop/hadoop-hdds-container-service/0.5.0-SNAPSHOT/hadoop-hdds-container-service-0.5.0-SNAPSHOT.jar!/webapps/static,UNAVAILABLE}
2019-11-14 00:39:47,957 [ForkJoinPool.commonPool-worker-1] INFO  handler.ContextHandler (ContextHandler.java:doStop(910)) - Stopped o.e.j.s.ServletContextHandler@7a36c83a{/logs,file:///workdir/hadoop-ozone/integration-test/target/log,UNAVAILABLE}
2019-11-14 00:39:48,209 [Datanode State Machine Thread - 0] INFO  statemachine.DatanodeStateMachine (DatanodeStateMachine.java:lambda$startDaemon$0(350)) - Ozone container server started.
2019-11-14 00:39:48,296 [grpc-default-executor-8] WARN  server.GrpcLogAppender (LogUtils.java:warn(134)) - 4c0227a7-61cb-4c13-bcf3-e9ab107c9374@group-46DCB38A8CDA->536e24f7-ac60-4eb9-a985-13294793bd01-AppendLogResponseHandler: Failed appendEntries: org.apache.ratis.thirdparty.io.grpc.StatusRuntimeException: UNAVAILABLE: io exception
2019-11-14 00:39:48,296 [grpc-default-executor-8] INFO  impl.FollowerInfo (FollowerInfo.java:lambda$new$0(51)) - 4c0227a7-61cb-4c13-bcf3-e9ab107c9374@group-46DCB38A8CDA->536e24f7-ac60-4eb9-a985-13294793bd01: nextIndex: updateUnconditionally 0 -> 0
2019-11-14 00:39:48,397 [grpc-default-executor-8] WARN  server.GrpcLogAppender (LogUtils.java:warn(134)) - 37126020-3da7-4e98-a0e1-da03830467e3@group-E968A8BCEE98->dabbec34-9112-49d4-9f2a-1cc38e957548-AppendLogResponseHandler: Failed appendEntries: org.apache.ratis.thirdparty.io.grpc.StatusRuntimeException: UNAVAILABLE: io exception
2019-11-14 00:39:48,397 [grpc-default-executor-8] INFO  impl.FollowerInfo (FollowerInfo.java:lambda$new$0(51)) - 37126020-3da7-4e98-a0e1-da03830467e3@group-E968A8BCEE98->dabbec34-9112-49d4-9f2a-1cc38e957548: nextIndex: updateUnconditionally 0 -> 0
2019-11-14 00:39:48,447 [Datanode State Machine Thread - 0] INFO  statemachine.DatanodeStateMachine (DatanodeStateMachine.java:lambda$startDaemon$0(350)) - Ozone container server started.
2019-11-14 00:39:48,796 [grpc-default-executor-5] WARN  server.GrpcLogAppender (LogUtils.java:warn(134)) - 4c0227a7-61cb-4c13-bcf3-e9ab107c9374@group-46DCB38A8CDA->536e24f7-ac60-4eb9-a985-13294793bd01-AppendLogResponseHandler: Failed appendEntries: org.apache.ratis.thirdparty.io.grpc.StatusRuntimeException: UNAVAILABLE: io exception
2019-11-14 00:39:48,796 [grpc-default-executor-5] INFO  impl.FollowerInfo (FollowerInfo.java:lambda$new$0(51)) - 4c0227a7-61cb-4c13-bcf3-e9ab107c9374@group-46DCB38A8CDA->536e24f7-ac60-4eb9-a985-13294793bd01: nextIndex: updateUnconditionally 0 -> 0
2019-11-14 00:39:48,897 [grpc-default-executor-7] WARN  server.GrpcLogAppender (LogUtils.java:warn(134)) - 37126020-3da7-4e98-a0e1-da03830467e3@group-E968A8BCEE98->dabbec34-9112-49d4-9f2a-1cc38e957548-AppendLogResponseHandler: Failed appendEntries: org.apache.ratis.thirdparty.io.grpc.StatusRuntimeException: UNAVAILABLE: io exception
2019-11-14 00:39:48,898 [grpc-default-executor-7] INFO  impl.FollowerInfo (FollowerInfo.java:lambda$new$0(51)) - 37126020-3da7-4e98-a0e1-da03830467e3@group-E968A8BCEE98->dabbec34-9112-49d4-9f2a-1cc38e957548: nextIndex: updateUnconditionally 0 -> 0
2019-11-14 00:39:49,296 [grpc-default-executor-7] WARN  server.GrpcLogAppender (LogUtils.java:warn(134)) - 4c0227a7-61cb-4c13-bcf3-e9ab107c9374@group-46DCB38A8CDA->536e24f7-ac60-4eb9-a985-13294793bd01-AppendLogResponseHandler: Failed appendEntries: org.apache.ratis.thirdparty.io.grpc.StatusRuntimeException: UNAVAILABLE: io exception
2019-11-14 00:39:49,296 [grpc-default-executor-7] INFO  impl.FollowerInfo (FollowerInfo.java:lambda$new$0(51)) - 4c0227a7-61cb-4c13-bcf3-e9ab107c9374@group-46DCB38A8CDA->536e24f7-ac60-4eb9-a985-13294793bd01: nextIndex: updateUnconditionally 0 -> 0
2019-11-14 00:39:49,398 [grpc-default-executor-5] WARN  server.GrpcLogAppender (LogUtils.java:warn(134)) - 37126020-3da7-4e98-a0e1-da03830467e3@group-E968A8BCEE98->dabbec34-9112-49d4-9f2a-1cc38e957548-AppendLogResponseHandler: Failed appendEntries: org.apache.ratis.thirdparty.io.grpc.StatusRuntimeException: UNAVAILABLE: io exception
2019-11-14 00:39:49,398 [grpc-default-executor-5] INFO  impl.FollowerInfo (FollowerInfo.java:lambda$new$0(51)) - 37126020-3da7-4e98-a0e1-da03830467e3@group-E968A8BCEE98->dabbec34-9112-49d4-9f2a-1cc38e957548: nextIndex: updateUnconditionally 0 -> 0
2019-11-14 00:39:49,797 [grpc-default-executor-0] WARN  server.GrpcLogAppender (LogUtils.java:warn(134)) - 4c0227a7-61cb-4c13-bcf3-e9ab107c9374@group-46DCB38A8CDA->536e24f7-ac60-4eb9-a985-13294793bd01-AppendLogResponseHandler: Failed appendEntries: org.apache.ratis.thirdparty.io.grpc.StatusRuntimeException: UNAVAILABLE: io exception
2019-11-14 00:39:49,797 [grpc-default-executor-0] INFO  impl.FollowerInfo (FollowerInfo.java:lambda$new$0(51)) - 4c0227a7-61cb-4c13-bcf3-e9ab107c9374@group-46DCB38A8CDA->536e24f7-ac60-4eb9-a985-13294793bd01: nextIndex: updateUnconditionally 0 -> 0
2019-11-14 00:39:49,898 [grpc-default-executor-5] WARN  server.GrpcLogAppender (LogUtils.java:warn(134)) - 37126020-3da7-4e98-a0e1-da03830467e3@group-E968A8BCEE98->dabbec34-9112-49d4-9f2a-1cc38e957548-AppendLogResponseHandler: Failed appendEntries: org.apache.ratis.thirdparty.io.grpc.StatusRuntimeException: UNAVAILABLE: io exception
2019-11-14 00:39:49,899 [grpc-default-executor-5] INFO  impl.FollowerInfo (FollowerInfo.java:lambda$new$0(51)) - 37126020-3da7-4e98-a0e1-da03830467e3@group-E968A8BCEE98->dabbec34-9112-49d4-9f2a-1cc38e957548: nextIndex: updateUnconditionally 0 -> 0
2019-11-14 00:39:50,297 [grpc-default-executor-5] WARN  server.GrpcLogAppender (LogUtils.java:warn(134)) - 4c0227a7-61cb-4c13-bcf3-e9ab107c9374@group-46DCB38A8CDA->536e24f7-ac60-4eb9-a985-13294793bd01-AppendLogResponseHandler: Failed appendEntries: org.apache.ratis.thirdparty.io.grpc.StatusRuntimeException: UNAVAILABLE: io exception
2019-11-14 00:39:50,297 [grpc-default-executor-5] INFO  impl.FollowerInfo (FollowerInfo.java:lambda$new$0(51)) - 4c0227a7-61cb-4c13-bcf3-e9ab107c9374@group-46DCB38A8CDA->536e24f7-ac60-4eb9-a985-13294793bd01: nextIndex: updateUnconditionally 0 -> 0
2019-11-14 00:39:50,399 [grpc-default-executor-5] WARN  server.GrpcLogAppender (LogUtils.java:warn(134)) - 37126020-3da7-4e98-a0e1-da03830467e3@group-E968A8BCEE98->dabbec34-9112-49d4-9f2a-1cc38e957548-AppendLogResponseHandler: Failed appendEntries: org.apache.ratis.thirdparty.io.grpc.StatusRuntimeException: UNAVAILABLE: io exception
2019-11-14 00:39:50,399 [grpc-default-executor-5] INFO  impl.FollowerInfo (FollowerInfo.java:lambda$new$0(51)) - 37126020-3da7-4e98-a0e1-da03830467e3@group-E968A8BCEE98->dabbec34-9112-49d4-9f2a-1cc38e957548: nextIndex: updateUnconditionally 0 -> 0
2019-11-14 00:39:50,799 [grpc-default-executor-5] WARN  server.GrpcLogAppender (LogUtils.java:warn(134)) - 4c0227a7-61cb-4c13-bcf3-e9ab107c9374@group-46DCB38A8CDA->536e24f7-ac60-4eb9-a985-13294793bd01-AppendLogResponseHandler: Failed appendEntries: org.apache.ratis.thirdparty.io.grpc.StatusRuntimeException: UNAVAILABLE: io exception
2019-11-14 00:39:50,800 [grpc-default-executor-5] INFO  impl.FollowerInfo (FollowerInfo.java:lambda$new$0(51)) - 4c0227a7-61cb-4c13-bcf3-e9ab107c9374@group-46DCB38A8CDA->536e24f7-ac60-4eb9-a985-13294793bd01: nextIndex: updateUnconditionally 0 -> 0
2019-11-14 00:39:50,900 [grpc-default-executor-5] WARN  server.GrpcLogAppender (LogUtils.java:warn(134)) - 37126020-3da7-4e98-a0e1-da03830467e3@group-E968A8BCEE98->dabbec34-9112-49d4-9f2a-1cc38e957548-AppendLogResponseHandler: Failed appendEntries: org.apache.ratis.thirdparty.io.grpc.StatusRuntimeException: UNAVAILABLE: io exception
2019-11-14 00:39:50,900 [grpc-default-executor-5] INFO  impl.FollowerInfo (FollowerInfo.java:lambda$new$0(51)) - 37126020-3da7-4e98-a0e1-da03830467e3@group-E968A8BCEE98->dabbec34-9112-49d4-9f2a-1cc38e957548: nextIndex: updateUnconditionally 0 -> 0
2019-11-14 00:39:51,301 [grpc-default-executor-5] WARN  server.GrpcLogAppender (LogUtils.java:warn(134)) - 4c0227a7-61cb-4c13-bcf3-e9ab107c9374@group-46DCB38A8CDA->536e24f7-ac60-4eb9-a985-13294793bd01-AppendLogResponseHandler: Failed appendEntries: org.apache.ratis.thirdparty.io.grpc.StatusRuntimeException: UNAVAILABLE: io exception
2019-11-14 00:39:51,302 [grpc-default-executor-5] INFO  impl.FollowerInfo (FollowerInfo.java:lambda$new$0(51)) - 4c0227a7-61cb-4c13-bcf3-e9ab107c9374@group-46DCB38A8CDA->536e24f7-ac60-4eb9-a985-13294793bd01: nextIndex: updateUnconditionally 0 -> 0
2019-11-14 00:39:51,400 [grpc-default-executor-5] WARN  server.GrpcLogAppender (LogUtils.java:warn(134)) - 37126020-3da7-4e98-a0e1-da03830467e3@group-E968A8BCEE98->dabbec34-9112-49d4-9f2a-1cc38e957548-AppendLogResponseHandler: Failed appendEntries: org.apache.ratis.thirdparty.io.grpc.StatusRuntimeException: UNAVAILABLE: io exception
2019-11-14 00:39:51,400 [grpc-default-executor-5] INFO  impl.FollowerInfo (FollowerInfo.java:lambda$new$0(51)) - 37126020-3da7-4e98-a0e1-da03830467e3@group-E968A8BCEE98->dabbec34-9112-49d4-9f2a-1cc38e957548: nextIndex: updateUnconditionally 0 -> 0
2019-11-14 00:39:51,801 [grpc-default-executor-0] WARN  server.GrpcLogAppender (LogUtils.java:warn(134)) - 4c0227a7-61cb-4c13-bcf3-e9ab107c9374@group-46DCB38A8CDA->536e24f7-ac60-4eb9-a985-13294793bd01-AppendLogResponseHandler: Failed appendEntries: org.apache.ratis.thirdparty.io.grpc.StatusRuntimeException: UNAVAILABLE: io exception
2019-11-14 00:39:51,801 [grpc-default-executor-0] INFO  impl.FollowerInfo (FollowerInfo.java:lambda$new$0(51)) - 4c0227a7-61cb-4c13-bcf3-e9ab107c9374@group-46DCB38A8CDA->536e24f7-ac60-4eb9-a985-13294793bd01: nextIndex: updateUnconditionally 0 -> 0
2019-11-14 00:39:51,901 [grpc-default-executor-5] WARN  server.GrpcLogAppender (LogUtils.java:warn(134)) - 37126020-3da7-4e98-a0e1-da03830467e3@group-E968A8BCEE98->dabbec34-9112-49d4-9f2a-1cc38e957548-AppendLogResponseHandler: Failed appendEntries: org.apache.ratis.thirdparty.io.grpc.StatusRuntimeException: UNAVAILABLE: io exception
2019-11-14 00:39:51,901 [grpc-default-executor-5] INFO  impl.FollowerInfo (FollowerInfo.java:lambda$new$0(51)) - 37126020-3da7-4e98-a0e1-da03830467e3@group-E968A8BCEE98->dabbec34-9112-49d4-9f2a-1cc38e957548: nextIndex: updateUnconditionally 0 -> 0
2019-11-14 00:39:52,302 [grpc-default-executor-5] WARN  server.GrpcLogAppender (LogUtils.java:warn(134)) - 4c0227a7-61cb-4c13-bcf3-e9ab107c9374@group-46DCB38A8CDA->536e24f7-ac60-4eb9-a985-13294793bd01-AppendLogResponseHandler: Failed appendEntries: org.apache.ratis.thirdparty.io.grpc.StatusRuntimeException: UNAVAILABLE: io exception
2019-11-14 00:39:52,303 [grpc-default-executor-5] INFO  impl.FollowerInfo (FollowerInfo.java:lambda$new$0(51)) - 4c0227a7-61cb-4c13-bcf3-e9ab107c9374@group-46DCB38A8CDA->536e24f7-ac60-4eb9-a985-13294793bd01: nextIndex: updateUnconditionally 0 -> 0
2019-11-14 00:39:52,412 [grpc-default-executor-7] WARN  server.GrpcLogAppender (LogUtils.java:warn(134)) - 37126020-3da7-4e98-a0e1-da03830467e3@group-E968A8BCEE98->dabbec34-9112-49d4-9f2a-1cc38e957548-AppendLogResponseHandler: Failed appendEntries: org.apache.ratis.thirdparty.io.grpc.StatusRuntimeException: UNAVAILABLE: io exception
2019-11-14 00:39:52,413 [grpc-default-executor-7] INFO  impl.FollowerInfo (FollowerInfo.java:lambda$new$0(51)) - 37126020-3da7-4e98-a0e1-da03830467e3@group-E968A8BCEE98->dabbec34-9112-49d4-9f2a-1cc38e957548: nextIndex: updateUnconditionally 0 -> 0
2019-11-14 00:39:52,803 [grpc-default-executor-7] WARN  server.GrpcLogAppender (LogUtils.java:warn(134)) - 4c0227a7-61cb-4c13-bcf3-e9ab107c9374@group-46DCB38A8CDA->536e24f7-ac60-4eb9-a985-13294793bd01-AppendLogResponseHandler: Failed appendEntries: org.apache.ratis.thirdparty.io.grpc.StatusRuntimeException: UNAVAILABLE: io exception
2019-11-14 00:39:52,803 [grpc-default-executor-7] INFO  impl.FollowerInfo (FollowerInfo.java:lambda$new$0(51)) - 4c0227a7-61cb-4c13-bcf3-e9ab107c9374@group-46DCB38A8CDA->536e24f7-ac60-4eb9-a985-13294793bd01: nextIndex: updateUnconditionally 0 -> 0
2019-11-14 00:39:52,911 [grpc-default-executor-5] WARN  server.GrpcLogAppender (LogUtils.java:warn(134)) - 37126020-3da7-4e98-a0e1-da03830467e3@group-E968A8BCEE98->dabbec34-9112-49d4-9f2a-1cc38e957548-AppendLogResponseHandler: Failed appendEntries: org.apache.ratis.thirdparty.io.grpc.StatusRuntimeException: UNAVAILABLE: io exception
2019-11-14 00:39:52,912 [grpc-default-executor-5] INFO  impl.FollowerInfo (FollowerInfo.java:lambda$new$0(51)) - 37126020-3da7-4e98-a0e1-da03830467e3@group-E968A8BCEE98->dabbec34-9112-49d4-9f2a-1cc38e957548: nextIndex: updateUnconditionally 0 -> 0
2019-11-14 00:39:52,921 [grpc-default-executor-7] WARN  server.GrpcLogAppender (LogUtils.java:warn(134)) - 37126020-3da7-4e98-a0e1-da03830467e3@group-E968A8BCEE98->dabbec34-9112-49d4-9f2a-1cc38e957548-AppendLogResponseHandler: Failed appendEntries: org.apache.ratis.thirdparty.io.grpc.StatusRuntimeException: UNAVAILABLE: io exception
2019-11-14 00:39:52,922 [grpc-default-executor-7] INFO  impl.FollowerInfo (FollowerInfo.java:lambda$new$0(51)) - 37126020-3da7-4e98-a0e1-da03830467e3@group-E968A8BCEE98->dabbec34-9112-49d4-9f2a-1cc38e957548: nextIndex: updateUnconditionally 1 -> 0
2019-11-14 00:39:52,934 [main] INFO  ozoneimpl.OzoneContainer (OzoneContainer.java:stop(244)) - Attempting to stop container services.
2019-11-14 00:39:52,935 [main] INFO  impl.RaftServerProxy (RaftServerProxy.java:lambda$close$4(314)) - f3a6f38f-08d4-4a6a-b30b-ec54e2e520c3: close
2019-11-14 00:39:52,935 [main] INFO  impl.RaftServerImpl (RaftServerImpl.java:lambda$shutdown$3(250)) - f3a6f38f-08d4-4a6a-b30b-ec54e2e520c3@group-A7D3CC8ABC30: shutdown
2019-11-14 00:39:52,936 [main] INFO  util.JmxRegister (JmxRegister.java:unregister(73)) - Successfully un-registered JMX Bean with object name Ratis:service=RaftServer,group=group-A7D3CC8ABC30,id=f3a6f38f-08d4-4a6a-b30b-ec54e2e520c3
2019-11-14 00:39:52,936 [main] INFO  impl.RoleInfo (RoleInfo.java:shutdownLeaderState(104)) - f3a6f38f-08d4-4a6a-b30b-ec54e2e520c3: shutdown LeaderState
2019-11-14 00:39:52,937 [main] INFO  impl.PendingRequests (PendingRequests.java:sendNotLeaderResponses(206)) - f3a6f38f-08d4-4a6a-b30b-ec54e2e520c3@group-A7D3CC8ABC30-PendingRequests: sendNotLeaderResponses
2019-11-14 00:39:52,937 [main] INFO  impl.StateMachineUpdater (StateMachineUpdater.java:stopAndJoin(136)) - f3a6f38f-08d4-4a6a-b30b-ec54e2e520c3@group-A7D3CC8ABC30-StateMachineUpdater: set stopIndex = 0
2019-11-14 00:39:52,938 [main] INFO  impl.RaftServerImpl (ServerState.java:close(387)) - f3a6f38f-08d4-4a6a-b30b-ec54e2e520c3@group-A7D3CC8ABC30: closes. applyIndex: 0
2019-11-14 00:39:52,938 [f3a6f38f-08d4-4a6a-b30b-ec54e2e520c3@group-A7D3CC8ABC30-SegmentedRaftLogWorker] INFO  segmented.SegmentedRaftLogWorker (SegmentedRaftLogWorker.java:run(316)) - f3a6f38f-08d4-4a6a-b30b-ec54e2e520c3@group-A7D3CC8ABC30-SegmentedRaftLogWorker was interrupted, exiting. There are 0 tasks remaining in the queue.
2019-11-14 00:39:52,939 [main] INFO  segmented.SegmentedRaftLogWorker (SegmentedRaftLogWorker.java:close(224)) - f3a6f38f-08d4-4a6a-b30b-ec54e2e520c3@group-A7D3CC8ABC30-SegmentedRaftLogWorker close()
2019-11-14 00:39:52,944 [main] INFO  impl.RaftServerImpl (RaftServerImpl.java:lambda$shutdown$3(250)) - f3a6f38f-08d4-4a6a-b30b-ec54e2e520c3@group-4121DB32C757: shutdown
2019-11-14 00:39:52,944 [main] INFO  util.JmxRegister (JmxRegister.java:unregister(73)) - Successfully un-registered JMX Bean with object name Ratis:service=RaftServer,group=group-4121DB32C757,id=f3a6f38f-08d4-4a6a-b30b-ec54e2e520c3
2019-11-14 00:39:52,944 [main] INFO  impl.RoleInfo (RoleInfo.java:shutdownFollowerState(121)) - f3a6f38f-08d4-4a6a-b30b-ec54e2e520c3: shutdown FollowerState
2019-11-14 00:39:52,944 [main] INFO  impl.StateMachineUpdater (StateMachineUpdater.java:stopAndJoin(136)) - f3a6f38f-08d4-4a6a-b30b-ec54e2e520c3@group-4121DB32C757-StateMachineUpdater: set stopIndex = 0
2019-11-14 00:39:52,945 [main] INFO  impl.RaftServerImpl (ServerState.java:close(387)) - f3a6f38f-08d4-4a6a-b30b-ec54e2e520c3@group-4121DB32C757: closes. applyIndex: 0
2019-11-14 00:39:52,945 [Thread-4143] INFO  impl.FollowerState (FollowerState.java:run(120)) - f3a6f38f-08d4-4a6a-b30b-ec54e2e520c3@group-4121DB32C757-FollowerState was interrupted: java.lang.InterruptedException: sleep interrupted
2019-11-14 00:39:52,945 [f3a6f38f-08d4-4a6a-b30b-ec54e2e520c3@group-4121DB32C757-SegmentedRaftLogWorker] INFO  segmented.SegmentedRaftLogWorker (SegmentedRaftLogWorker.java:run(316)) - f3a6f38f-08d4-4a6a-b30b-ec54e2e520c3@group-4121DB32C757-SegmentedRaftLogWorker was interrupted, exiting. There are 0 tasks remaining in the queue.
2019-11-14 00:39:52,945 [main] INFO  segmented.SegmentedRaftLogWorker (SegmentedRaftLogWorker.java:close(224)) - f3a6f38f-08d4-4a6a-b30b-ec54e2e520c3@group-4121DB32C757-SegmentedRaftLogWorker close()
2019-11-14 00:39:52,949 [main] INFO  server.GrpcService (GrpcService.java:closeImpl(164)) - f3a6f38f-08d4-4a6a-b30b-ec54e2e520c3: shutdown server with port 38828 now
2019-11-14 00:39:52,950 [grpc-default-executor-5] WARN  server.GrpcServerProtocolService (LogUtils.java:warn(134)) - f3a6f38f-08d4-4a6a-b30b-ec54e2e520c3: installSnapshot onError, lastRequest: cd0a212a-ef86-44b1-8f77-22d0bd8fbd35->f3a6f38f-08d4-4a6a-b30b-ec54e2e520c3#20-t1, previous=(t:1, i:0), leaderCommit=0, initializing? false, entries: <empty>: org.apache.ratis.thirdparty.io.grpc.StatusRuntimeException: CANCELLED: cancelled before receiving half close
2019-11-14 00:39:52,950 [grpc-default-executor-0] WARN  server.GrpcLogAppender (LogUtils.java:warn(134)) - cd0a212a-ef86-44b1-8f77-22d0bd8fbd35@group-4121DB32C757->f3a6f38f-08d4-4a6a-b30b-ec54e2e520c3-AppendLogResponseHandler: Failed appendEntries: org.apache.ratis.thirdparty.io.grpc.StatusRuntimeException: CANCELLED: HTTP/2 error code: CANCEL
Received Rst Stream
2019-11-14 00:39:52,950 [main] INFO  server.GrpcService (GrpcService.java:closeImpl(172)) - f3a6f38f-08d4-4a6a-b30b-ec54e2e520c3: shutdown server with port 38828 successfully
2019-11-14 00:39:52,951 [grpc-default-executor-0] INFO  impl.FollowerInfo (FollowerInfo.java:lambda$new$0(51)) - cd0a212a-ef86-44b1-8f77-22d0bd8fbd35@group-4121DB32C757->f3a6f38f-08d4-4a6a-b30b-ec54e2e520c3: nextIndex: updateUnconditionally 1 -> 0
2019-11-14 00:39:52,953 [refreshUsed-/workdir/hadoop-ozone/integration-test/target/test-dir/MiniOzoneClusterImpl-f0c02ddf-6665-4004-91fc-64de6051483a/datanode-6/data/containers] WARN  fs.CachingGetSpaceUsed (CachingGetSpaceUsed.java:run(183)) - Thread Interrupted waiting to refresh disk information: sleep interrupted
2019-11-14 00:39:52,958 [ForkJoinPool.commonPool-worker-1] INFO  ozoneimpl.OzoneContainer (OzoneContainer.java:stop(244)) - Attempting to stop container services.
2019-11-14 00:39:52,959 [ForkJoinPool.commonPool-worker-1] INFO  impl.RaftServerProxy (RaftServerProxy.java:lambda$close$4(314)) - cd356495-acb8-453f-96c5-8be3e7d4704d: close
2019-11-14 00:39:52,959 [ForkJoinPool.commonPool-worker-1] INFO  impl.RaftServerImpl (RaftServerImpl.java:lambda$shutdown$3(250)) - cd356495-acb8-453f-96c5-8be3e7d4704d@group-E968A8BCEE98: shutdown
2019-11-14 00:39:52,959 [ForkJoinPool.commonPool-worker-1] INFO  util.JmxRegister (JmxRegister.java:unregister(73)) - Successfully un-registered JMX Bean with object name Ratis:service=RaftServer,group=group-E968A8BCEE98,id=cd356495-acb8-453f-96c5-8be3e7d4704d
2019-11-14 00:39:52,959 [ForkJoinPool.commonPool-worker-1] INFO  impl.RoleInfo (RoleInfo.java:shutdownFollowerState(121)) - cd356495-acb8-453f-96c5-8be3e7d4704d: shutdown FollowerState
2019-11-14 00:39:52,960 [ForkJoinPool.commonPool-worker-1] INFO  impl.StateMachineUpdater (StateMachineUpdater.java:stopAndJoin(136)) - cd356495-acb8-453f-96c5-8be3e7d4704d@group-E968A8BCEE98-StateMachineUpdater: set stopIndex = 0
2019-11-14 00:39:52,960 [Thread-4172] INFO  impl.FollowerState (FollowerState.java:run(120)) - cd356495-acb8-453f-96c5-8be3e7d4704d@group-E968A8BCEE98-FollowerState was interrupted: java.lang.InterruptedException: sleep interrupted
2019-11-14 00:39:52,960 [ForkJoinPool.commonPool-worker-1] INFO  impl.RaftServerImpl (ServerState.java:close(387)) - cd356495-acb8-453f-96c5-8be3e7d4704d@group-E968A8BCEE98: closes. applyIndex: 0
2019-11-14 00:39:52,960 [cd356495-acb8-453f-96c5-8be3e7d4704d@group-E968A8BCEE98-SegmentedRaftLogWorker] INFO  segmented.SegmentedRaftLogWorker (SegmentedRaftLogWorker.java:run(316)) - cd356495-acb8-453f-96c5-8be3e7d4704d@group-E968A8BCEE98-SegmentedRaftLogWorker was interrupted, exiting. There are 0 tasks remaining in the queue.
2019-11-14 00:39:52,961 [ForkJoinPool.commonPool-worker-1] INFO  segmented.SegmentedRaftLogWorker (SegmentedRaftLogWorker.java:close(224)) - cd356495-acb8-453f-96c5-8be3e7d4704d@group-E968A8BCEE98-SegmentedRaftLogWorker close()
2019-11-14 00:39:52,964 [ForkJoinPool.commonPool-worker-1] INFO  impl.RaftServerImpl (RaftServerImpl.java:lambda$shutdown$3(250)) - cd356495-acb8-453f-96c5-8be3e7d4704d@group-55E17FFFBC8D: shutdown
2019-11-14 00:39:52,964 [ForkJoinPool.commonPool-worker-1] INFO  util.JmxRegister (JmxRegister.java:unregister(73)) - Successfully un-registered JMX Bean with object name Ratis:service=RaftServer,group=group-55E17FFFBC8D,id=cd356495-acb8-453f-96c5-8be3e7d4704d
2019-11-14 00:39:52,964 [ForkJoinPool.commonPool-worker-1] INFO  impl.RoleInfo (RoleInfo.java:shutdownLeaderState(104)) - cd356495-acb8-453f-96c5-8be3e7d4704d: shutdown LeaderState
2019-11-14 00:39:52,964 [ForkJoinPool.commonPool-worker-1] INFO  impl.PendingRequests (PendingRequests.java:sendNotLeaderResponses(206)) - cd356495-acb8-453f-96c5-8be3e7d4704d@group-55E17FFFBC8D-PendingRequests: sendNotLeaderResponses
2019-11-14 00:39:52,965 [ForkJoinPool.commonPool-worker-1] INFO  impl.StateMachineUpdater (StateMachineUpdater.java:stopAndJoin(136)) - cd356495-acb8-453f-96c5-8be3e7d4704d@group-55E17FFFBC8D-StateMachineUpdater: set stopIndex = 0
2019-11-14 00:39:52,965 [ForkJoinPool.commonPool-worker-1] INFO  impl.RaftServerImpl (ServerState.java:close(387)) - cd356495-acb8-453f-96c5-8be3e7d4704d@group-55E17FFFBC8D: closes. applyIndex: 0
2019-11-14 00:39:52,965 [cd356495-acb8-453f-96c5-8be3e7d4704d@group-55E17FFFBC8D-SegmentedRaftLogWorker] INFO  segmented.SegmentedRaftLogWorker (SegmentedRaftLogWorker.java:run(316)) - cd356495-acb8-453f-96c5-8be3e7d4704d@group-55E17FFFBC8D-SegmentedRaftLogWorker was interrupted, exiting. There are 0 tasks remaining in the queue.
2019-11-14 00:39:52,965 [ForkJoinPool.commonPool-worker-1] INFO  segmented.SegmentedRaftLogWorker (SegmentedRaftLogWorker.java:close(224)) - cd356495-acb8-453f-96c5-8be3e7d4704d@group-55E17FFFBC8D-SegmentedRaftLogWorker close()
2019-11-14 00:39:52,968 [ForkJoinPool.commonPool-worker-1] INFO  server.GrpcService (GrpcService.java:closeImpl(164)) - cd356495-acb8-453f-96c5-8be3e7d4704d: shutdown server with port 35310 now
2019-11-14 00:39:52,968 [grpc-default-executor-0] WARN  server.GrpcServerProtocolService (LogUtils.java:warn(134)) - cd356495-acb8-453f-96c5-8be3e7d4704d: installSnapshot onError, lastRequest: 37126020-3da7-4e98-a0e1-da03830467e3->cd356495-acb8-453f-96c5-8be3e7d4704d#20-t1, previous=(t:1, i:0), leaderCommit=0, initializing? false, entries: <empty>: org.apache.ratis.thirdparty.io.grpc.StatusRuntimeException: CANCELLED: cancelled before receiving half close
2019-11-14 00:39:52,968 [ForkJoinPool.commonPool-worker-1] INFO  server.GrpcService (GrpcService.java:closeImpl(172)) - cd356495-acb8-453f-96c5-8be3e7d4704d: shutdown server with port 35310 successfully
2019-11-14 00:39:52,969 [grpc-default-executor-7] WARN  server.GrpcLogAppender (LogUtils.java:warn(134)) - 37126020-3da7-4e98-a0e1-da03830467e3@group-E968A8BCEE98->cd356495-acb8-453f-96c5-8be3e7d4704d-AppendLogResponseHandler: Failed appendEntries: org.apache.ratis.thirdparty.io.grpc.StatusRuntimeException: CANCELLED: HTTP/2 error code: CANCEL
Received Rst Stream
2019-11-14 00:39:52,969 [grpc-default-executor-7] INFO  impl.FollowerInfo (FollowerInfo.java:lambda$new$0(51)) - 37126020-3da7-4e98-a0e1-da03830467e3@group-E968A8BCEE98->cd356495-acb8-453f-96c5-8be3e7d4704d: nextIndex: updateUnconditionally 1 -> 0
2019-11-14 00:39:52,970 [refreshUsed-/workdir/hadoop-ozone/integration-test/target/test-dir/MiniOzoneClusterImpl-f0c02ddf-6665-4004-91fc-64de6051483a/datanode-3/data/containers] WARN  fs.CachingGetSpaceUsed (CachingGetSpaceUsed.java:run(183)) - Thread Interrupted waiting to refresh disk information: sleep interrupted
2019-11-14 00:39:52,980 [main] INFO  utils.BackgroundService (BackgroundService.java:shutdown(151)) - Shutting down service BlockDeletingService
2019-11-14 00:39:52,983 [main] INFO  statemachine.DatanodeStateMachine (DatanodeStateMachine.java:stopDaemon(395)) - Ozone container server stopped.
2019-11-14 00:39:52,984 [ForkJoinPool.commonPool-worker-1] INFO  utils.BackgroundService (BackgroundService.java:shutdown(151)) - Shutting down service BlockDeletingService
2019-11-14 00:39:52,986 [ForkJoinPool.commonPool-worker-1] INFO  statemachine.DatanodeStateMachine (DatanodeStateMachine.java:stopDaemon(395)) - Ozone container server stopped.
2019-11-14 00:39:53,000 [main] INFO  handler.ContextHandler (ContextHandler.java:doStop(910)) - Stopped o.e.j.w.WebAppContext@8f57e4c{/,null,UNAVAILABLE}{/hddsDatanode}
2019-11-14 00:39:53,006 [ForkJoinPool.commonPool-worker-1] INFO  handler.ContextHandler (ContextHandler.java:doStop(910)) - Stopped o.e.j.w.WebAppContext@7ac5b4c{/,null,UNAVAILABLE}{/hddsDatanode}
2019-11-14 00:39:53,007 [ForkJoinPool.commonPool-worker-1] INFO  server.AbstractConnector (AbstractConnector.java:doStop(318)) - Stopped ServerConnector@150fc7a7{HTTP/1.1,[http/1.1]}{0.0.0.0:0}
2019-11-14 00:39:53,007 [main] INFO  server.AbstractConnector (AbstractConnector.java:doStop(318)) - Stopped ServerConnector@26fadd98{HTTP/1.1,[http/1.1]}{0.0.0.0:0}
2019-11-14 00:39:53,009 [ForkJoinPool.commonPool-worker-1] INFO  handler.ContextHandler (ContextHandler.java:doStop(910)) - Stopped o.e.j.s.ServletContextHandler@7ec3a8bd{/static,jar:file:/home/user/.m2/repository/org/apache/hadoop/hadoop-hdds-container-service/0.5.0-SNAPSHOT/hadoop-hdds-container-service-0.5.0-SNAPSHOT.jar!/webapps/static,UNAVAILABLE}
2019-11-14 00:39:53,011 [ForkJoinPool.commonPool-worker-1] INFO  handler.ContextHandler (ContextHandler.java:doStop(910)) - Stopped o.e.j.s.ServletContextHandler@5f5297e3{/logs,file:///workdir/hadoop-ozone/integration-test/target/log,UNAVAILABLE}
2019-11-14 00:39:53,011 [main] INFO  handler.ContextHandler (ContextHandler.java:doStop(910)) - Stopped o.e.j.s.ServletContextHandler@5f193335{/static,jar:file:/home/user/.m2/repository/org/apache/hadoop/hadoop-hdds-container-service/0.5.0-SNAPSHOT/hadoop-hdds-container-service-0.5.0-SNAPSHOT.jar!/webapps/static,UNAVAILABLE}
2019-11-14 00:39:53,012 [main] INFO  handler.ContextHandler (ContextHandler.java:doStop(910)) - Stopped o.e.j.s.ServletContextHandler@2aa5bd48{/logs,file:///workdir/hadoop-ozone/integration-test/target/log,UNAVAILABLE}
2019-11-14 00:39:53,128 [grpc-default-executor-7] WARN  server.GrpcLogAppender (LogUtils.java:warn(134)) - cd0a212a-ef86-44b1-8f77-22d0bd8fbd35@group-4121DB32C757->f3a6f38f-08d4-4a6a-b30b-ec54e2e520c3-AppendLogResponseHandler: Failed appendEntries: org.apache.ratis.thirdparty.io.grpc.StatusRuntimeException: UNAVAILABLE: io exception
2019-11-14 00:39:53,128 [grpc-default-executor-7] INFO  impl.FollowerInfo (FollowerInfo.java:lambda$new$0(51)) - cd0a212a-ef86-44b1-8f77-22d0bd8fbd35@group-4121DB32C757->f3a6f38f-08d4-4a6a-b30b-ec54e2e520c3: nextIndex: updateUnconditionally 0 -> 0
2019-11-14 00:39:53,288 [Datanode State Machine Thread - 0] INFO  statemachine.DatanodeStateMachine (DatanodeStateMachine.java:lambda$startDaemon$0(350)) - Ozone container server started.
2019-11-14 00:39:53,303 [grpc-default-executor-0] WARN  server.GrpcLogAppender (LogUtils.java:warn(134)) - 4c0227a7-61cb-4c13-bcf3-e9ab107c9374@group-46DCB38A8CDA->536e24f7-ac60-4eb9-a985-13294793bd01-AppendLogResponseHandler: Failed appendEntries: org.apache.ratis.thirdparty.io.grpc.StatusRuntimeException: UNAVAILABLE: io exception
2019-11-14 00:39:53,303 [grpc-default-executor-0] INFO  impl.FollowerInfo (FollowerInfo.java:lambda$new$0(51)) - 4c0227a7-61cb-4c13-bcf3-e9ab107c9374@group-46DCB38A8CDA->536e24f7-ac60-4eb9-a985-13294793bd01: nextIndex: updateUnconditionally 0 -> 0
2019-11-14 00:39:53,422 [grpc-default-executor-0] WARN  server.GrpcLogAppender (LogUtils.java:warn(134)) - 37126020-3da7-4e98-a0e1-da03830467e3@group-E968A8BCEE98->cd356495-acb8-453f-96c5-8be3e7d4704d-AppendLogResponseHandler: Failed appendEntries: org.apache.ratis.thirdparty.io.grpc.StatusRuntimeException: UNAVAILABLE: io exception
2019-11-14 00:39:53,422 [grpc-default-executor-5] WARN  server.GrpcLogAppender (LogUtils.java:warn(134)) - 37126020-3da7-4e98-a0e1-da03830467e3@group-E968A8BCEE98->dabbec34-9112-49d4-9f2a-1cc38e957548-AppendLogResponseHandler: Failed appendEntries: org.apache.ratis.thirdparty.io.grpc.StatusRuntimeException: UNAVAILABLE: io exception
2019-11-14 00:39:53,422 [grpc-default-executor-0] INFO  impl.FollowerInfo (FollowerInfo.java:lambda$new$0(51)) - 37126020-3da7-4e98-a0e1-da03830467e3@group-E968A8BCEE98->cd356495-acb8-453f-96c5-8be3e7d4704d: nextIndex: updateUnconditionally 0 -> 0
2019-11-14 00:39:53,422 [grpc-default-executor-5] INFO  impl.FollowerInfo (FollowerInfo.java:lambda$new$0(51)) - 37126020-3da7-4e98-a0e1-da03830467e3@group-E968A8BCEE98->dabbec34-9112-49d4-9f2a-1cc38e957548: nextIndex: updateUnconditionally 0 -> 0
2019-11-14 00:39:53,628 [grpc-default-executor-7] WARN  server.GrpcLogAppender (LogUtils.java:warn(134)) - cd0a212a-ef86-44b1-8f77-22d0bd8fbd35@group-4121DB32C757->f3a6f38f-08d4-4a6a-b30b-ec54e2e520c3-AppendLogResponseHandler: Failed appendEntries: org.apache.ratis.thirdparty.io.grpc.StatusRuntimeException: UNAVAILABLE: io exception
2019-11-14 00:39:53,629 [grpc-default-executor-7] INFO  impl.FollowerInfo (FollowerInfo.java:lambda$new$0(51)) - cd0a212a-ef86-44b1-8f77-22d0bd8fbd35@group-4121DB32C757->f3a6f38f-08d4-4a6a-b30b-ec54e2e520c3: nextIndex: updateUnconditionally 0 -> 0
2019-11-14 00:39:53,803 [grpc-default-executor-7] WARN  server.GrpcLogAppender (LogUtils.java:warn(134)) - 4c0227a7-61cb-4c13-bcf3-e9ab107c9374@group-46DCB38A8CDA->536e24f7-ac60-4eb9-a985-13294793bd01-AppendLogResponseHandler: Failed appendEntries: org.apache.ratis.thirdparty.io.grpc.StatusRuntimeException: UNAVAILABLE: io exception
2019-11-14 00:39:53,804 [grpc-default-executor-7] INFO  impl.FollowerInfo (FollowerInfo.java:lambda$new$0(51)) - 4c0227a7-61cb-4c13-bcf3-e9ab107c9374@group-46DCB38A8CDA->536e24f7-ac60-4eb9-a985-13294793bd01: nextIndex: updateUnconditionally 0 -> 0
2019-11-14 00:39:53,922 [grpc-default-executor-5] WARN  server.GrpcLogAppender (LogUtils.java:warn(134)) - 37126020-3da7-4e98-a0e1-da03830467e3@group-E968A8BCEE98->dabbec34-9112-49d4-9f2a-1cc38e957548-AppendLogResponseHandler: Failed appendEntries: org.apache.ratis.thirdparty.io.grpc.StatusRuntimeException: UNAVAILABLE: io exception
2019-11-14 00:39:53,922 [grpc-default-executor-0] WARN  server.GrpcLogAppender (LogUtils.java:warn(134)) - 37126020-3da7-4e98-a0e1-da03830467e3@group-E968A8BCEE98->cd356495-acb8-453f-96c5-8be3e7d4704d-AppendLogResponseHandler: Failed appendEntries: org.apache.ratis.thirdparty.io.grpc.StatusRuntimeException: UNAVAILABLE: io exception
2019-11-14 00:39:53,923 [grpc-default-executor-5] INFO  impl.FollowerInfo (FollowerInfo.java:lambda$new$0(51)) - 37126020-3da7-4e98-a0e1-da03830467e3@group-E968A8BCEE98->dabbec34-9112-49d4-9f2a-1cc38e957548: nextIndex: updateUnconditionally 0 -> 0
2019-11-14 00:39:53,923 [grpc-default-executor-0] INFO  impl.FollowerInfo (FollowerInfo.java:lambda$new$0(51)) - 37126020-3da7-4e98-a0e1-da03830467e3@group-E968A8BCEE98->cd356495-acb8-453f-96c5-8be3e7d4704d: nextIndex: updateUnconditionally 0 -> 0
2019-11-14 00:39:54,128 [grpc-default-executor-0] WARN  server.GrpcLogAppender (LogUtils.java:warn(134)) - cd0a212a-ef86-44b1-8f77-22d0bd8fbd35@group-4121DB32C757->f3a6f38f-08d4-4a6a-b30b-ec54e2e520c3-AppendLogResponseHandler: Failed appendEntries: org.apache.ratis.thirdparty.io.grpc.StatusRuntimeException: UNAVAILABLE: io exception
2019-11-14 00:39:54,129 [grpc-default-executor-0] INFO  impl.FollowerInfo (FollowerInfo.java:lambda$new$0(51)) - cd0a212a-ef86-44b1-8f77-22d0bd8fbd35@group-4121DB32C757->f3a6f38f-08d4-4a6a-b30b-ec54e2e520c3: nextIndex: updateUnconditionally 0 -> 0
2019-11-14 00:39:54,304 [grpc-default-executor-7] WARN  server.GrpcLogAppender (LogUtils.java:warn(134)) - 4c0227a7-61cb-4c13-bcf3-e9ab107c9374@group-46DCB38A8CDA->536e24f7-ac60-4eb9-a985-13294793bd01-AppendLogResponseHandler: Failed appendEntries: org.apache.ratis.thirdparty.io.grpc.StatusRuntimeException: UNAVAILABLE: io exception
2019-11-14 00:39:54,304 [grpc-default-executor-7] INFO  impl.FollowerInfo (FollowerInfo.java:lambda$new$0(51)) - 4c0227a7-61cb-4c13-bcf3-e9ab107c9374@group-46DCB38A8CDA->536e24f7-ac60-4eb9-a985-13294793bd01: nextIndex: updateUnconditionally 0 -> 0
2019-11-14 00:39:54,423 [grpc-default-executor-0] WARN  server.GrpcLogAppender (LogUtils.java:warn(134)) - 37126020-3da7-4e98-a0e1-da03830467e3@group-E968A8BCEE98->cd356495-acb8-453f-96c5-8be3e7d4704d-AppendLogResponseHandler: Failed appendEntries: org.apache.ratis.thirdparty.io.grpc.StatusRuntimeException: UNAVAILABLE: io exception
2019-11-14 00:39:54,423 [grpc-default-executor-2] WARN  server.GrpcLogAppender (LogUtils.java:warn(134)) - 37126020-3da7-4e98-a0e1-da03830467e3@group-E968A8BCEE98->dabbec34-9112-49d4-9f2a-1cc38e957548-AppendLogResponseHandler: Failed appendEntries: org.apache.ratis.thirdparty.io.grpc.StatusRuntimeException: UNAVAILABLE: io exception
2019-11-14 00:39:54,423 [grpc-default-executor-0] INFO  impl.FollowerInfo (FollowerInfo.java:lambda$new$0(51)) - 37126020-3da7-4e98-a0e1-da03830467e3@group-E968A8BCEE98->cd356495-acb8-453f-96c5-8be3e7d4704d: nextIndex: updateUnconditionally 0 -> 0
2019-11-14 00:39:54,424 [grpc-default-executor-2] INFO  impl.FollowerInfo (FollowerInfo.java:lambda$new$0(51)) - 37126020-3da7-4e98-a0e1-da03830467e3@group-E968A8BCEE98->dabbec34-9112-49d4-9f2a-1cc38e957548: nextIndex: updateUnconditionally 0 -> 0
2019-11-14 00:39:54,629 [grpc-default-executor-7] WARN  server.GrpcLogAppender (LogUtils.java:warn(134)) - cd0a212a-ef86-44b1-8f77-22d0bd8fbd35@group-4121DB32C757->f3a6f38f-08d4-4a6a-b30b-ec54e2e520c3-AppendLogResponseHandler: Failed appendEntries: org.apache.ratis.thirdparty.io.grpc.StatusRuntimeException: UNAVAILABLE: io exception
2019-11-14 00:39:54,629 [grpc-default-executor-7] INFO  impl.FollowerInfo (FollowerInfo.java:lambda$new$0(51)) - cd0a212a-ef86-44b1-8f77-22d0bd8fbd35@group-4121DB32C757->f3a6f38f-08d4-4a6a-b30b-ec54e2e520c3: nextIndex: updateUnconditionally 0 -> 0
2019-11-14 00:39:54,804 [grpc-default-executor-2] WARN  server.GrpcLogAppender (LogUtils.java:warn(134)) - 4c0227a7-61cb-4c13-bcf3-e9ab107c9374@group-46DCB38A8CDA->536e24f7-ac60-4eb9-a985-13294793bd01-AppendLogResponseHandler: Failed appendEntries: org.apache.ratis.thirdparty.io.grpc.StatusRuntimeException: UNAVAILABLE: io exception
2019-11-14 00:39:54,805 [grpc-default-executor-2] INFO  impl.FollowerInfo (FollowerInfo.java:lambda$new$0(51)) - 4c0227a7-61cb-4c13-bcf3-e9ab107c9374@group-46DCB38A8CDA->536e24f7-ac60-4eb9-a985-13294793bd01: nextIndex: updateUnconditionally 0 -> 0
2019-11-14 00:39:54,923 [grpc-default-executor-8] WARN  server.GrpcLogAppender (LogUtils.java:warn(134)) - 37126020-3da7-4e98-a0e1-da03830467e3@group-E968A8BCEE98->cd356495-acb8-453f-96c5-8be3e7d4704d-AppendLogResponseHandler: Failed appendEntries: org.apache.ratis.thirdparty.io.grpc.StatusRuntimeException: UNAVAILABLE: io exception
2019-11-14 00:39:54,923 [grpc-default-executor-2] WARN  server.GrpcLogAppender (LogUtils.java:warn(134)) - 37126020-3da7-4e98-a0e1-da03830467e3@group-E968A8BCEE98->dabbec34-9112-49d4-9f2a-1cc38e957548-AppendLogResponseHandler: Failed appendEntries: org.apache.ratis.thirdparty.io.grpc.StatusRuntimeException: UNAVAILABLE: io exception
2019-11-14 00:39:54,923 [grpc-default-executor-8] INFO  impl.FollowerInfo (FollowerInfo.java:lambda$new$0(51)) - 37126020-3da7-4e98-a0e1-da03830467e3@group-E968A8BCEE98->cd356495-acb8-453f-96c5-8be3e7d4704d: nextIndex: updateUnconditionally 0 -> 0
2019-11-14 00:39:54,923 [grpc-default-executor-2] INFO  impl.FollowerInfo (FollowerInfo.java:lambda$new$0(51)) - 37126020-3da7-4e98-a0e1-da03830467e3@group-E968A8BCEE98->dabbec34-9112-49d4-9f2a-1cc38e957548: nextIndex: updateUnconditionally 0 -> 0
2019-11-14 00:39:55,130 [grpc-default-executor-2] WARN  server.GrpcLogAppender (LogUtils.java:warn(134)) - cd0a212a-ef86-44b1-8f77-22d0bd8fbd35@group-4121DB32C757->f3a6f38f-08d4-4a6a-b30b-ec54e2e520c3-AppendLogResponseHandler: Failed appendEntries: org.apache.ratis.thirdparty.io.grpc.StatusRuntimeException: UNAVAILABLE: io exception
2019-11-14 00:39:55,130 [grpc-default-executor-2] INFO  impl.FollowerInfo (FollowerInfo.java:lambda$new$0(51)) - cd0a212a-ef86-44b1-8f77-22d0bd8fbd35@group-4121DB32C757->f3a6f38f-08d4-4a6a-b30b-ec54e2e520c3: nextIndex: updateUnconditionally 0 -> 0
2019-11-14 00:39:55,305 [grpc-default-executor-5] WARN  server.GrpcLogAppender (LogUtils.java:warn(134)) - 4c0227a7-61cb-4c13-bcf3-e9ab107c9374@group-46DCB38A8CDA->536e24f7-ac60-4eb9-a985-13294793bd01-AppendLogResponseHandler: Failed appendEntries: org.apache.ratis.thirdparty.io.grpc.StatusRuntimeException: UNAVAILABLE: io exception
2019-11-14 00:39:55,306 [grpc-default-executor-5] INFO  impl.FollowerInfo (FollowerInfo.java:lambda$new$0(51)) - 4c0227a7-61cb-4c13-bcf3-e9ab107c9374@group-46DCB38A8CDA->536e24f7-ac60-4eb9-a985-13294793bd01: nextIndex: updateUnconditionally 0 -> 0
2019-11-14 00:39:55,424 [grpc-default-executor-6] WARN  server.GrpcLogAppender (LogUtils.java:warn(134)) - 37126020-3da7-4e98-a0e1-da03830467e3@group-E968A8BCEE98->cd356495-acb8-453f-96c5-8be3e7d4704d-AppendLogResponseHandler: Failed appendEntries: org.apache.ratis.thirdparty.io.grpc.StatusRuntimeException: UNAVAILABLE: io exception
2019-11-14 00:39:55,424 [grpc-default-executor-7] WARN  server.GrpcLogAppender (LogUtils.java:warn(134)) - 37126020-3da7-4e98-a0e1-da03830467e3@group-E968A8BCEE98->dabbec34-9112-49d4-9f2a-1cc38e957548-AppendLogResponseHandler: Failed appendEntries: org.apache.ratis.thirdparty.io.grpc.StatusRuntimeException: UNAVAILABLE: io exception
2019-11-14 00:39:55,425 [grpc-default-executor-6] INFO  impl.FollowerInfo (FollowerInfo.java:lambda$new$0(51)) - 37126020-3da7-4e98-a0e1-da03830467e3@group-E968A8BCEE98->cd356495-acb8-453f-96c5-8be3e7d4704d: nextIndex: updateUnconditionally 0 -> 0
2019-11-14 00:39:55,425 [grpc-default-executor-7] INFO  impl.FollowerInfo (FollowerInfo.java:lambda$new$0(51)) - 37126020-3da7-4e98-a0e1-da03830467e3@group-E968A8BCEE98->dabbec34-9112-49d4-9f2a-1cc38e957548: nextIndex: updateUnconditionally 0 -> 0
2019-11-14 00:39:55,632 [grpc-default-executor-7] WARN  server.GrpcLogAppender (LogUtils.java:warn(134)) - cd0a212a-ef86-44b1-8f77-22d0bd8fbd35@group-4121DB32C757->f3a6f38f-08d4-4a6a-b30b-ec54e2e520c3-AppendLogResponseHandler: Failed appendEntries: org.apache.ratis.thirdparty.io.grpc.StatusRuntimeException: UNAVAILABLE: io exception
2019-11-14 00:39:55,632 [grpc-default-executor-7] INFO  impl.FollowerInfo (FollowerInfo.java:lambda$new$0(51)) - cd0a212a-ef86-44b1-8f77-22d0bd8fbd35@group-4121DB32C757->f3a6f38f-08d4-4a6a-b30b-ec54e2e520c3: nextIndex: updateUnconditionally 0 -> 0
2019-11-14 00:39:55,806 [grpc-default-executor-5] WARN  server.GrpcLogAppender (LogUtils.java:warn(134)) - 4c0227a7-61cb-4c13-bcf3-e9ab107c9374@group-46DCB38A8CDA->536e24f7-ac60-4eb9-a985-13294793bd01-AppendLogResponseHandler: Failed appendEntries: org.apache.ratis.thirdparty.io.grpc.StatusRuntimeException: UNAVAILABLE: io exception
2019-11-14 00:39:55,807 [grpc-default-executor-5] INFO  impl.FollowerInfo (FollowerInfo.java:lambda$new$0(51)) - 4c0227a7-61cb-4c13-bcf3-e9ab107c9374@group-46DCB38A8CDA->536e24f7-ac60-4eb9-a985-13294793bd01: nextIndex: updateUnconditionally 0 -> 0
2019-11-14 00:39:55,925 [grpc-default-executor-0] WARN  server.GrpcLogAppender (LogUtils.java:warn(134)) - 37126020-3da7-4e98-a0e1-da03830467e3@group-E968A8BCEE98->cd356495-acb8-453f-96c5-8be3e7d4704d-AppendLogResponseHandler: Failed appendEntries: org.apache.ratis.thirdparty.io.grpc.StatusRuntimeException: UNAVAILABLE: io exception
2019-11-14 00:39:55,925 [grpc-default-executor-7] WARN  server.GrpcLogAppender (LogUtils.java:warn(134)) - 37126020-3da7-4e98-a0e1-da03830467e3@group-E968A8BCEE98->dabbec34-9112-49d4-9f2a-1cc38e957548-AppendLogResponseHandler: Failed appendEntries: org.apache.ratis.thirdparty.io.grpc.StatusRuntimeException: UNAVAILABLE: io exception
2019-11-14 00:39:55,925 [grpc-default-executor-0] INFO  impl.FollowerInfo (FollowerInfo.java:lambda$new$0(51)) - 37126020-3da7-4e98-a0e1-da03830467e3@group-E968A8BCEE98->cd356495-acb8-453f-96c5-8be3e7d4704d: nextIndex: updateUnconditionally 0 -> 0
2019-11-14 00:39:55,925 [grpc-default-executor-7] INFO  impl.FollowerInfo (FollowerInfo.java:lambda$new$0(51)) - 37126020-3da7-4e98-a0e1-da03830467e3@group-E968A8BCEE98->dabbec34-9112-49d4-9f2a-1cc38e957548: nextIndex: updateUnconditionally 0 -> 0
2019-11-14 00:39:56,133 [grpc-default-executor-7] WARN  server.GrpcLogAppender (LogUtils.java:warn(134)) - cd0a212a-ef86-44b1-8f77-22d0bd8fbd35@group-4121DB32C757->f3a6f38f-08d4-4a6a-b30b-ec54e2e520c3-AppendLogResponseHandler: Failed appendEntries: org.apache.ratis.thirdparty.io.grpc.StatusRuntimeException: UNAVAILABLE: io exception
2019-11-14 00:39:56,134 [grpc-default-executor-7] INFO  impl.FollowerInfo (FollowerInfo.java:lambda$new$0(51)) - cd0a212a-ef86-44b1-8f77-22d0bd8fbd35@group-4121DB32C757->f3a6f38f-08d4-4a6a-b30b-ec54e2e520c3: nextIndex: updateUnconditionally 0 -> 0
2019-11-14 00:39:56,310 [grpc-default-executor-7] WARN  server.GrpcLogAppender (LogUtils.java:warn(134)) - 4c0227a7-61cb-4c13-bcf3-e9ab107c9374@group-46DCB38A8CDA->536e24f7-ac60-4eb9-a985-13294793bd01-AppendLogResponseHandler: Failed appendEntries: org.apache.ratis.thirdparty.io.grpc.StatusRuntimeException: UNAVAILABLE: io exception
2019-11-14 00:39:56,310 [grpc-default-executor-7] INFO  impl.FollowerInfo (FollowerInfo.java:lambda$new$0(51)) - 4c0227a7-61cb-4c13-bcf3-e9ab107c9374@group-46DCB38A8CDA->536e24f7-ac60-4eb9-a985-13294793bd01: nextIndex: updateUnconditionally 0 -> 0
2019-11-14 00:39:56,426 [grpc-default-executor-5] WARN  server.GrpcLogAppender (LogUtils.java:warn(134)) - 37126020-3da7-4e98-a0e1-da03830467e3@group-E968A8BCEE98->dabbec34-9112-49d4-9f2a-1cc38e957548-AppendLogResponseHandler: Failed appendEntries: org.apache.ratis.thirdparty.io.grpc.StatusRuntimeException: UNAVAILABLE: io exception
2019-11-14 00:39:56,426 [grpc-default-executor-2] WARN  server.GrpcLogAppender (LogUtils.java:warn(134)) - 37126020-3da7-4e98-a0e1-da03830467e3@group-E968A8BCEE98->cd356495-acb8-453f-96c5-8be3e7d4704d-AppendLogResponseHandler: Failed appendEntries: org.apache.ratis.thirdparty.io.grpc.StatusRuntimeException: UNAVAILABLE: io exception
2019-11-14 00:39:56,427 [grpc-default-executor-5] INFO  impl.FollowerInfo (FollowerInfo.java:lambda$new$0(51)) - 37126020-3da7-4e98-a0e1-da03830467e3@group-E968A8BCEE98->dabbec34-9112-49d4-9f2a-1cc38e957548: nextIndex: updateUnconditionally 0 -> 0
2019-11-14 00:39:56,427 [grpc-default-executor-2] INFO  impl.FollowerInfo (FollowerInfo.java:lambda$new$0(51)) - 37126020-3da7-4e98-a0e1-da03830467e3@group-E968A8BCEE98->cd356495-acb8-453f-96c5-8be3e7d4704d: nextIndex: updateUnconditionally 0 -> 0
2019-11-14 00:39:56,633 [grpc-default-executor-7] WARN  server.GrpcLogAppender (LogUtils.java:warn(134)) - cd0a212a-ef86-44b1-8f77-22d0bd8fbd35@group-4121DB32C757->f3a6f38f-08d4-4a6a-b30b-ec54e2e520c3-AppendLogResponseHandler: Failed appendEntries: org.apache.ratis.thirdparty.io.grpc.StatusRuntimeException: UNAVAILABLE: io exception
2019-11-14 00:39:56,634 [grpc-default-executor-7] INFO  impl.FollowerInfo (FollowerInfo.java:lambda$new$0(51)) - cd0a212a-ef86-44b1-8f77-22d0bd8fbd35@group-4121DB32C757->f3a6f38f-08d4-4a6a-b30b-ec54e2e520c3: nextIndex: updateUnconditionally 0 -> 0
2019-11-14 00:39:56,809 [grpc-default-executor-7] WARN  server.GrpcLogAppender (LogUtils.java:warn(134)) - 4c0227a7-61cb-4c13-bcf3-e9ab107c9374@group-46DCB38A8CDA->536e24f7-ac60-4eb9-a985-13294793bd01-AppendLogResponseHandler: Failed appendEntries: org.apache.ratis.thirdparty.io.grpc.StatusRuntimeException: UNAVAILABLE: io exception
2019-11-14 00:39:56,810 [grpc-default-executor-7] INFO  impl.FollowerInfo (FollowerInfo.java:lambda$new$0(51)) - 4c0227a7-61cb-4c13-bcf3-e9ab107c9374@group-46DCB38A8CDA->536e24f7-ac60-4eb9-a985-13294793bd01: nextIndex: updateUnconditionally 0 -> 0
2019-11-14 00:39:56,927 [grpc-default-executor-7] WARN  server.GrpcLogAppender (LogUtils.java:warn(134)) - 37126020-3da7-4e98-a0e1-da03830467e3@group-E968A8BCEE98->cd356495-acb8-453f-96c5-8be3e7d4704d-AppendLogResponseHandler: Failed appendEntries: org.apache.ratis.thirdparty.io.grpc.StatusRuntimeException: UNAVAILABLE: io exception
2019-11-14 00:39:56,927 [grpc-default-executor-8] WARN  server.GrpcLogAppender (LogUtils.java:warn(134)) - 37126020-3da7-4e98-a0e1-da03830467e3@group-E968A8BCEE98->dabbec34-9112-49d4-9f2a-1cc38e957548-AppendLogResponseHandler: Failed appendEntries: org.apache.ratis.thirdparty.io.grpc.StatusRuntimeException: UNAVAILABLE: io exception
2019-11-14 00:39:56,927 [grpc-default-executor-7] INFO  impl.FollowerInfo (FollowerInfo.java:lambda$new$0(51)) - 37126020-3da7-4e98-a0e1-da03830467e3@group-E968A8BCEE98->cd356495-acb8-453f-96c5-8be3e7d4704d: nextIndex: updateUnconditionally 0 -> 0
2019-11-14 00:39:56,927 [grpc-default-executor-8] INFO  impl.FollowerInfo (FollowerInfo.java:lambda$new$0(51)) - 37126020-3da7-4e98-a0e1-da03830467e3@group-E968A8BCEE98->dabbec34-9112-49d4-9f2a-1cc38e957548: nextIndex: updateUnconditionally 0 -> 0
2019-11-14 00:39:57,134 [grpc-default-executor-8] WARN  server.GrpcLogAppender (LogUtils.java:warn(134)) - cd0a212a-ef86-44b1-8f77-22d0bd8fbd35@group-4121DB32C757->f3a6f38f-08d4-4a6a-b30b-ec54e2e520c3-AppendLogResponseHandler: Failed appendEntries: org.apache.ratis.thirdparty.io.grpc.StatusRuntimeException: UNAVAILABLE: io exception
2019-11-14 00:39:57,134 [grpc-default-executor-8] INFO  impl.FollowerInfo (FollowerInfo.java:lambda$new$0(51)) - cd0a212a-ef86-44b1-8f77-22d0bd8fbd35@group-4121DB32C757->f3a6f38f-08d4-4a6a-b30b-ec54e2e520c3: nextIndex: updateUnconditionally 0 -> 0
2019-11-14 00:39:57,309 [grpc-default-executor-2] WARN  server.GrpcLogAppender (LogUtils.java:warn(134)) - 4c0227a7-61cb-4c13-bcf3-e9ab107c9374@group-46DCB38A8CDA->536e24f7-ac60-4eb9-a985-13294793bd01-AppendLogResponseHandler: Failed appendEntries: org.apache.ratis.thirdparty.io.grpc.StatusRuntimeException: UNAVAILABLE: io exception
2019-11-14 00:39:57,310 [grpc-default-executor-2] INFO  impl.FollowerInfo (FollowerInfo.java:lambda$new$0(51)) - 4c0227a7-61cb-4c13-bcf3-e9ab107c9374@group-46DCB38A8CDA->536e24f7-ac60-4eb9-a985-13294793bd01: nextIndex: updateUnconditionally 0 -> 0
2019-11-14 00:39:57,427 [grpc-default-executor-5] WARN  server.GrpcLogAppender (LogUtils.java:warn(134)) - 37126020-3da7-4e98-a0e1-da03830467e3@group-E968A8BCEE98->cd356495-acb8-453f-96c5-8be3e7d4704d-AppendLogResponseHandler: Failed appendEntries: org.apache.ratis.thirdparty.io.grpc.StatusRuntimeException: UNAVAILABLE: io exception
2019-11-14 00:39:57,427 [grpc-default-executor-2] WARN  server.GrpcLogAppender (LogUtils.java:warn(134)) - 37126020-3da7-4e98-a0e1-da03830467e3@group-E968A8BCEE98->dabbec34-9112-49d4-9f2a-1cc38e957548-AppendLogResponseHandler: Failed appendEntries: org.apache.ratis.thirdparty.io.grpc.StatusRuntimeException: UNAVAILABLE: io exception
2019-11-14 00:39:57,428 [grpc-default-executor-5] INFO  impl.FollowerInfo (FollowerInfo.java:lambda$new$0(51)) - 37126020-3da7-4e98-a0e1-da03830467e3@group-E968A8BCEE98->cd356495-acb8-453f-96c5-8be3e7d4704d: nextIndex: updateUnconditionally 0 -> 0
2019-11-14 00:39:57,428 [grpc-default-executor-2] INFO  impl.FollowerInfo (FollowerInfo.java:lambda$new$0(51)) - 37126020-3da7-4e98-a0e1-da03830467e3@group-E968A8BCEE98->dabbec34-9112-49d4-9f2a-1cc38e957548: nextIndex: updateUnconditionally 0 -> 0
2019-11-14 00:39:57,637 [grpc-default-executor-2] WARN  server.GrpcLogAppender (LogUtils.java:warn(134)) - cd0a212a-ef86-44b1-8f77-22d0bd8fbd35@group-4121DB32C757->f3a6f38f-08d4-4a6a-b30b-ec54e2e520c3-AppendLogResponseHandler: Failed appendEntries: org.apache.ratis.thirdparty.io.grpc.StatusRuntimeException: UNAVAILABLE: io exception
2019-11-14 00:39:57,638 [grpc-default-executor-2] INFO  impl.FollowerInfo (FollowerInfo.java:lambda$new$0(51)) - cd0a212a-ef86-44b1-8f77-22d0bd8fbd35@group-4121DB32C757->f3a6f38f-08d4-4a6a-b30b-ec54e2e520c3: nextIndex: updateUnconditionally 0 -> 0
2019-11-14 00:39:57,810 [grpc-default-executor-2] WARN  server.GrpcLogAppender (LogUtils.java:warn(134)) - 4c0227a7-61cb-4c13-bcf3-e9ab107c9374@group-46DCB38A8CDA->536e24f7-ac60-4eb9-a985-13294793bd01-AppendLogResponseHandler: Failed appendEntries: org.apache.ratis.thirdparty.io.grpc.StatusRuntimeException: UNAVAILABLE: io exception
2019-11-14 00:39:57,811 [grpc-default-executor-2] INFO  impl.FollowerInfo (FollowerInfo.java:lambda$new$0(51)) - 4c0227a7-61cb-4c13-bcf3-e9ab107c9374@group-46DCB38A8CDA->536e24f7-ac60-4eb9-a985-13294793bd01: nextIndex: updateUnconditionally 0 -> 0
2019-11-14 00:39:57,928 [grpc-default-executor-5] WARN  server.GrpcLogAppender (LogUtils.java:warn(134)) - 37126020-3da7-4e98-a0e1-da03830467e3@group-E968A8BCEE98->dabbec34-9112-49d4-9f2a-1cc38e957548-AppendLogResponseHandler: Failed appendEntries: org.apache.ratis.thirdparty.io.grpc.StatusRuntimeException: UNAVAILABLE: io exception
2019-11-14 00:39:57,928 [grpc-default-executor-0] WARN  server.GrpcLogAppender (LogUtils.java:warn(134)) - 37126020-3da7-4e98-a0e1-da03830467e3@group-E968A8BCEE98->cd356495-acb8-453f-96c5-8be3e7d4704d-AppendLogResponseHandler: Failed appendEntries: org.apache.ratis.thirdparty.io.grpc.StatusRuntimeException: UNAVAILABLE: io exception
2019-11-14 00:39:57,928 [grpc-default-executor-5] INFO  impl.FollowerInfo (FollowerInfo.java:lambda$new$0(51)) - 37126020-3da7-4e98-a0e1-da03830467e3@group-E968A8BCEE98->dabbec34-9112-49d4-9f2a-1cc38e957548: nextIndex: updateUnconditionally 0 -> 0
2019-11-14 00:39:57,928 [grpc-default-executor-0] INFO  impl.FollowerInfo (FollowerInfo.java:lambda$new$0(51)) - 37126020-3da7-4e98-a0e1-da03830467e3@group-E968A8BCEE98->cd356495-acb8-453f-96c5-8be3e7d4704d: nextIndex: updateUnconditionally 0 -> 0
2019-11-14 00:39:58,013 [ForkJoinPool.commonPool-worker-1] INFO  ozoneimpl.OzoneContainer (OzoneContainer.java:stop(244)) - Attempting to stop container services.
2019-11-14 00:39:58,014 [Datanode State Machine Thread - 0] INFO  statemachine.DatanodeStateMachine (DatanodeStateMachine.java:lambda$startDaemon$0(350)) - Ozone container server started.
2019-11-14 00:39:58,014 [ForkJoinPool.commonPool-worker-1] INFO  impl.RaftServerProxy (RaftServerProxy.java:lambda$close$4(314)) - 37126020-3da7-4e98-a0e1-da03830467e3: close
2019-11-14 00:39:58,014 [main] INFO  ozoneimpl.OzoneContainer (OzoneContainer.java:stop(244)) - Attempting to stop container services.
2019-11-14 00:39:58,014 [ForkJoinPool.commonPool-worker-1] INFO  impl.RaftServerImpl (RaftServerImpl.java:lambda$shutdown$3(250)) - 37126020-3da7-4e98-a0e1-da03830467e3@group-F76BD6D18324: shutdown
2019-11-14 00:39:58,015 [main] INFO  impl.RaftServerProxy (RaftServerProxy.java:lambda$close$4(314)) - cd0a212a-ef86-44b1-8f77-22d0bd8fbd35: close
2019-11-14 00:39:58,015 [ForkJoinPool.commonPool-worker-1] INFO  util.JmxRegister (JmxRegister.java:unregister(73)) - Successfully un-registered JMX Bean with object name Ratis:service=RaftServer,group=group-F76BD6D18324,id=37126020-3da7-4e98-a0e1-da03830467e3
2019-11-14 00:39:58,015 [main] INFO  impl.RaftServerImpl (RaftServerImpl.java:lambda$shutdown$3(250)) - cd0a212a-ef86-44b1-8f77-22d0bd8fbd35@group-FA55063115A9: shutdown
2019-11-14 00:39:58,015 [ForkJoinPool.commonPool-worker-1] INFO  impl.RoleInfo (RoleInfo.java:shutdownLeaderState(104)) - 37126020-3da7-4e98-a0e1-da03830467e3: shutdown LeaderState
2019-11-14 00:39:58,015 [main] INFO  util.JmxRegister (JmxRegister.java:unregister(73)) - Successfully un-registered JMX Bean with object name Ratis:service=RaftServer,group=group-FA55063115A9,id=cd0a212a-ef86-44b1-8f77-22d0bd8fbd35
2019-11-14 00:39:58,016 [ForkJoinPool.commonPool-worker-1] INFO  impl.PendingRequests (PendingRequests.java:sendNotLeaderResponses(206)) - 37126020-3da7-4e98-a0e1-da03830467e3@group-F76BD6D18324-PendingRequests: sendNotLeaderResponses
2019-11-14 00:39:58,016 [main] INFO  impl.RoleInfo (RoleInfo.java:shutdownLeaderState(104)) - cd0a212a-ef86-44b1-8f77-22d0bd8fbd35: shutdown LeaderState
2019-11-14 00:39:58,016 [ForkJoinPool.commonPool-worker-1] INFO  impl.StateMachineUpdater (StateMachineUpdater.java:stopAndJoin(136)) - 37126020-3da7-4e98-a0e1-da03830467e3@group-F76BD6D18324-StateMachineUpdater: set stopIndex = 0
2019-11-14 00:39:58,016 [main] INFO  impl.PendingRequests (PendingRequests.java:sendNotLeaderResponses(206)) - cd0a212a-ef86-44b1-8f77-22d0bd8fbd35@group-FA55063115A9-PendingRequests: sendNotLeaderResponses
2019-11-14 00:39:58,017 [main] INFO  impl.StateMachineUpdater (StateMachineUpdater.java:stopAndJoin(136)) - cd0a212a-ef86-44b1-8f77-22d0bd8fbd35@group-FA55063115A9-StateMachineUpdater: set stopIndex = 0
2019-11-14 00:39:58,017 [ForkJoinPool.commonPool-worker-1] INFO  impl.RaftServerImpl (ServerState.java:close(387)) - 37126020-3da7-4e98-a0e1-da03830467e3@group-F76BD6D18324: closes. applyIndex: 0
2019-11-14 00:39:58,017 [main] INFO  impl.RaftServerImpl (ServerState.java:close(387)) - cd0a212a-ef86-44b1-8f77-22d0bd8fbd35@group-FA55063115A9: closes. applyIndex: 0
2019-11-14 00:39:58,017 [37126020-3da7-4e98-a0e1-da03830467e3@group-F76BD6D18324-SegmentedRaftLogWorker] INFO  segmented.SegmentedRaftLogWorker (SegmentedRaftLogWorker.java:run(316)) - 37126020-3da7-4e98-a0e1-da03830467e3@group-F76BD6D18324-SegmentedRaftLogWorker was interrupted, exiting. There are 0 tasks remaining in the queue.
2019-11-14 00:39:58,017 [cd0a212a-ef86-44b1-8f77-22d0bd8fbd35@group-FA55063115A9-SegmentedRaftLogWorker] INFO  segmented.SegmentedRaftLogWorker (SegmentedRaftLogWorker.java:run(316)) - cd0a212a-ef86-44b1-8f77-22d0bd8fbd35@group-FA55063115A9-SegmentedRaftLogWorker was interrupted, exiting. There are 0 tasks remaining in the queue.
2019-11-14 00:39:58,018 [main] INFO  segmented.SegmentedRaftLogWorker (SegmentedRaftLogWorker.java:close(224)) - cd0a212a-ef86-44b1-8f77-22d0bd8fbd35@group-FA55063115A9-SegmentedRaftLogWorker close()
2019-11-14 00:39:58,018 [ForkJoinPool.commonPool-worker-1] INFO  segmented.SegmentedRaftLogWorker (SegmentedRaftLogWorker.java:close(224)) - 37126020-3da7-4e98-a0e1-da03830467e3@group-F76BD6D18324-SegmentedRaftLogWorker close()
2019-11-14 00:39:58,022 [main] INFO  impl.RaftServerImpl (RaftServerImpl.java:lambda$shutdown$3(250)) - cd0a212a-ef86-44b1-8f77-22d0bd8fbd35@group-4121DB32C757: shutdown
2019-11-14 00:39:58,023 [ForkJoinPool.commonPool-worker-1] INFO  impl.RaftServerImpl (RaftServerImpl.java:lambda$shutdown$3(250)) - 37126020-3da7-4e98-a0e1-da03830467e3@group-E968A8BCEE98: shutdown
2019-11-14 00:39:58,023 [main] INFO  util.JmxRegister (JmxRegister.java:unregister(73)) - Successfully un-registered JMX Bean with object name Ratis:service=RaftServer,group=group-4121DB32C757,id=cd0a212a-ef86-44b1-8f77-22d0bd8fbd35
2019-11-14 00:39:58,023 [ForkJoinPool.commonPool-worker-1] INFO  util.JmxRegister (JmxRegister.java:unregister(73)) - Successfully un-registered JMX Bean with object name Ratis:service=RaftServer,group=group-E968A8BCEE98,id=37126020-3da7-4e98-a0e1-da03830467e3
2019-11-14 00:39:58,023 [ForkJoinPool.commonPool-worker-1] INFO  impl.RoleInfo (RoleInfo.java:shutdownLeaderState(104)) - 37126020-3da7-4e98-a0e1-da03830467e3: shutdown LeaderState
2019-11-14 00:39:58,023 [main] INFO  impl.RoleInfo (RoleInfo.java:shutdownLeaderState(104)) - cd0a212a-ef86-44b1-8f77-22d0bd8fbd35: shutdown LeaderState
2019-11-14 00:39:58,025 [ForkJoinPool.commonPool-worker-1] INFO  impl.PendingRequests (PendingRequests.java:sendNotLeaderResponses(206)) - 37126020-3da7-4e98-a0e1-da03830467e3@group-E968A8BCEE98-PendingRequests: sendNotLeaderResponses
2019-11-14 00:39:58,025 [org.apache.ratis.server.impl.LogAppender$AppenderDaemon$$Lambda$478/1809456900@624f867d] WARN  server.GrpcLogAppender (GrpcLogAppender.java:mayWait(151)) - 37126020-3da7-4e98-a0e1-da03830467e3@group-E968A8BCEE98->dabbec34-9112-49d4-9f2a-1cc38e957548-GrpcLogAppender: Wait interrupted by java.lang.InterruptedException
2019-11-14 00:39:58,025 [org.apache.ratis.server.impl.LogAppender$AppenderDaemon$$Lambda$478/1809456900@274d0cf0] WARN  server.GrpcLogAppender (GrpcLogAppender.java:mayWait(151)) - 37126020-3da7-4e98-a0e1-da03830467e3@group-E968A8BCEE98->cd356495-acb8-453f-96c5-8be3e7d4704d-GrpcLogAppender: Wait interrupted by java.lang.InterruptedException
2019-11-14 00:39:58,027 [ForkJoinPool.commonPool-worker-1] INFO  impl.StateMachineUpdater (StateMachineUpdater.java:stopAndJoin(136)) - 37126020-3da7-4e98-a0e1-da03830467e3@group-E968A8BCEE98-StateMachineUpdater: set stopIndex = 0
2019-11-14 00:39:58,027 [ForkJoinPool.commonPool-worker-1] INFO  impl.RaftServerImpl (ServerState.java:close(387)) - 37126020-3da7-4e98-a0e1-da03830467e3@group-E968A8BCEE98: closes. applyIndex: 0
2019-11-14 00:39:58,027 [org.apache.ratis.server.impl.LogAppender$AppenderDaemon$$Lambda$478/1809456900@2ab643ec] WARN  server.GrpcLogAppender (GrpcLogAppender.java:mayWait(151)) - cd0a212a-ef86-44b1-8f77-22d0bd8fbd35@group-4121DB32C757->91297bf6-d797-4b12-9aab-de0c4610252f-GrpcLogAppender: Wait interrupted by java.lang.InterruptedException
2019-11-14 00:39:58,027 [org.apache.ratis.server.impl.LogAppender$AppenderDaemon$$Lambda$478/1809456900@6fb4d8de] WARN  server.GrpcLogAppender (GrpcLogAppender.java:mayWait(151)) - cd0a212a-ef86-44b1-8f77-22d0bd8fbd35@group-4121DB32C757->f3a6f38f-08d4-4a6a-b30b-ec54e2e520c3-GrpcLogAppender: Wait interrupted by java.lang.InterruptedException
2019-11-14 00:39:58,027 [main] INFO  impl.PendingRequests (PendingRequests.java:sendNotLeaderResponses(206)) - cd0a212a-ef86-44b1-8f77-22d0bd8fbd35@group-4121DB32C757-PendingRequests: sendNotLeaderResponses
2019-11-14 00:39:58,028 [37126020-3da7-4e98-a0e1-da03830467e3@group-E968A8BCEE98-SegmentedRaftLogWorker] INFO  segmented.SegmentedRaftLogWorker (SegmentedRaftLogWorker.java:run(316)) - 37126020-3da7-4e98-a0e1-da03830467e3@group-E968A8BCEE98-SegmentedRaftLogWorker was interrupted, exiting. There are 0 tasks remaining in the queue.
2019-11-14 00:39:58,028 [main] INFO  impl.StateMachineUpdater (StateMachineUpdater.java:stopAndJoin(136)) - cd0a212a-ef86-44b1-8f77-22d0bd8fbd35@group-4121DB32C757-StateMachineUpdater: set stopIndex = 0
2019-11-14 00:39:58,028 [main] INFO  impl.RaftServerImpl (ServerState.java:close(387)) - cd0a212a-ef86-44b1-8f77-22d0bd8fbd35@group-4121DB32C757: closes. applyIndex: 0
2019-11-14 00:39:58,028 [ForkJoinPool.commonPool-worker-1] INFO  segmented.SegmentedRaftLogWorker (SegmentedRaftLogWorker.java:close(224)) - 37126020-3da7-4e98-a0e1-da03830467e3@group-E968A8BCEE98-SegmentedRaftLogWorker close()
2019-11-14 00:39:58,028 [cd0a212a-ef86-44b1-8f77-22d0bd8fbd35@group-4121DB32C757-SegmentedRaftLogWorker] INFO  segmented.SegmentedRaftLogWorker (SegmentedRaftLogWorker.java:run(316)) - cd0a212a-ef86-44b1-8f77-22d0bd8fbd35@group-4121DB32C757-SegmentedRaftLogWorker was interrupted, exiting. There are 0 tasks remaining in the queue.
2019-11-14 00:39:58,029 [grpc-default-executor-0] INFO  server.GrpcServerProtocolService (GrpcServerProtocolService.java:onCompleted(113)) - 91297bf6-d797-4b12-9aab-de0c4610252f: Completed APPEND_ENTRIES, lastRequest: cd0a212a-ef86-44b1-8f77-22d0bd8fbd35->91297bf6-d797-4b12-9aab-de0c4610252f#30-t1, previous=(t:1, i:0), leaderCommit=0, initializing? false, entries: <empty>
2019-11-14 00:39:58,030 [ForkJoinPool.commonPool-worker-1] INFO  server.GrpcService (GrpcService.java:closeImpl(164)) - 37126020-3da7-4e98-a0e1-da03830467e3: shutdown server with port 41443 now
2019-11-14 00:39:58,030 [main] INFO  segmented.SegmentedRaftLogWorker (SegmentedRaftLogWorker.java:close(224)) - cd0a212a-ef86-44b1-8f77-22d0bd8fbd35@group-4121DB32C757-SegmentedRaftLogWorker close()
2019-11-14 00:39:58,031 [main] INFO  server.GrpcService (GrpcService.java:closeImpl(164)) - cd0a212a-ef86-44b1-8f77-22d0bd8fbd35: shutdown server with port 38897 now
2019-11-14 00:39:58,031 [ForkJoinPool.commonPool-worker-1] INFO  server.GrpcService (GrpcService.java:closeImpl(172)) - 37126020-3da7-4e98-a0e1-da03830467e3: shutdown server with port 41443 successfully
2019-11-14 00:39:58,031 [grpc-default-executor-0] INFO  server.GrpcLogAppender (GrpcLogAppender.java:onCompleted(308)) - cd0a212a-ef86-44b1-8f77-22d0bd8fbd35@group-4121DB32C757->91297bf6-d797-4b12-9aab-de0c4610252f-AppendLogResponseHandler: follower responses appendEntries COMPLETED
2019-11-14 00:39:58,032 [grpc-default-executor-0] INFO  impl.FollowerInfo (FollowerInfo.java:lambda$new$0(51)) - cd0a212a-ef86-44b1-8f77-22d0bd8fbd35@group-4121DB32C757->91297bf6-d797-4b12-9aab-de0c4610252f: nextIndex: updateUnconditionally 1 -> 0
2019-11-14 00:39:58,032 [main] INFO  server.GrpcService (GrpcService.java:closeImpl(172)) - cd0a212a-ef86-44b1-8f77-22d0bd8fbd35: shutdown server with port 38897 successfully
2019-11-14 00:39:58,034 [refreshUsed-/workdir/hadoop-ozone/integration-test/target/test-dir/MiniOzoneClusterImpl-f0c02ddf-6665-4004-91fc-64de6051483a/datanode-4/data/containers] WARN  fs.CachingGetSpaceUsed (CachingGetSpaceUsed.java:run(183)) - Thread Interrupted waiting to refresh disk information: sleep interrupted
2019-11-14 00:39:58,035 [refreshUsed-/workdir/hadoop-ozone/integration-test/target/test-dir/MiniOzoneClusterImpl-f0c02ddf-6665-4004-91fc-64de6051483a/datanode-8/data/containers] WARN  fs.CachingGetSpaceUsed (CachingGetSpaceUsed.java:run(183)) - Thread Interrupted waiting to refresh disk information: sleep interrupted
2019-11-14 00:39:58,050 [ForkJoinPool.commonPool-worker-1] INFO  utils.BackgroundService (BackgroundService.java:shutdown(151)) - Shutting down service BlockDeletingService
2019-11-14 00:39:58,052 [ForkJoinPool.commonPool-worker-1] INFO  statemachine.DatanodeStateMachine (DatanodeStateMachine.java:stopDaemon(395)) - Ozone container server stopped.
2019-11-14 00:39:58,054 [ForkJoinPool.commonPool-worker-1] INFO  handler.ContextHandler (ContextHandler.java:doStop(910)) - Stopped o.e.j.w.WebAppContext@3d1c933{/,null,UNAVAILABLE}{/hddsDatanode}
2019-11-14 00:39:58,054 [ForkJoinPool.commonPool-worker-1] INFO  server.AbstractConnector (AbstractConnector.java:doStop(318)) - Stopped ServerConnector@79be91eb{HTTP/1.1,[http/1.1]}{0.0.0.0:0}
2019-11-14 00:39:58,055 [ForkJoinPool.commonPool-worker-1] INFO  handler.ContextHandler (ContextHandler.java:doStop(910)) - Stopped o.e.j.s.ServletContextHandler@736b21ee{/static,jar:file:/home/user/.m2/repository/org/apache/hadoop/hadoop-hdds-container-service/0.5.0-SNAPSHOT/hadoop-hdds-container-service-0.5.0-SNAPSHOT.jar!/webapps/static,UNAVAILABLE}
2019-11-14 00:39:58,056 [ForkJoinPool.commonPool-worker-1] INFO  handler.ContextHandler (ContextHandler.java:doStop(910)) - Stopped o.e.j.s.ServletContextHandler@73bb573d{/logs,file:///workdir/hadoop-ozone/integration-test/target/log,UNAVAILABLE}
2019-11-14 00:39:58,060 [main] INFO  utils.BackgroundService (BackgroundService.java:shutdown(151)) - Shutting down service BlockDeletingService
2019-11-14 00:39:58,061 [main] INFO  statemachine.DatanodeStateMachine (DatanodeStateMachine.java:stopDaemon(395)) - Ozone container server stopped.
2019-11-14 00:39:58,062 [main] INFO  handler.ContextHandler (ContextHandler.java:doStop(910)) - Stopped o.e.j.w.WebAppContext@35e74e08{/,null,UNAVAILABLE}{/hddsDatanode}
2019-11-14 00:39:58,062 [main] INFO  server.AbstractConnector (AbstractConnector.java:doStop(318)) - Stopped ServerConnector@a316f6b{HTTP/1.1,[http/1.1]}{0.0.0.0:0}
2019-11-14 00:39:58,062 [main] INFO  handler.ContextHandler (ContextHandler.java:doStop(910)) - Stopped o.e.j.s.ServletContextHandler@2e4eda17{/static,jar:file:/home/user/.m2/repository/org/apache/hadoop/hadoop-hdds-container-service/0.5.0-SNAPSHOT/hadoop-hdds-container-service-0.5.0-SNAPSHOT.jar!/webapps/static,UNAVAILABLE}
2019-11-14 00:39:58,062 [main] INFO  handler.ContextHandler (ContextHandler.java:doStop(910)) - Stopped o.e.j.s.ServletContextHandler@693f2213{/logs,file:///workdir/hadoop-ozone/integration-test/target/log,UNAVAILABLE}
2019-11-14 00:39:58,171 [Datanode State Machine Thread - 0] INFO  statemachine.DatanodeStateMachine (DatanodeStateMachine.java:lambda$startDaemon$0(350)) - Ozone container server started.
2019-11-14 00:39:58,311 [grpc-default-executor-8] WARN  server.GrpcLogAppender (LogUtils.java:warn(134)) - 4c0227a7-61cb-4c13-bcf3-e9ab107c9374@group-46DCB38A8CDA->536e24f7-ac60-4eb9-a985-13294793bd01-AppendLogResponseHandler: Failed appendEntries: org.apache.ratis.thirdparty.io.grpc.StatusRuntimeException: UNAVAILABLE: io exception
2019-11-14 00:39:58,311 [grpc-default-executor-8] INFO  impl.FollowerInfo (FollowerInfo.java:lambda$new$0(51)) - 4c0227a7-61cb-4c13-bcf3-e9ab107c9374@group-46DCB38A8CDA->536e24f7-ac60-4eb9-a985-13294793bd01: nextIndex: updateUnconditionally 0 -> 0
2019-11-14 00:39:58,505 [Datanode State Machine Thread - 0] INFO  statemachine.DatanodeStateMachine (DatanodeStateMachine.java:lambda$startDaemon$0(350)) - Ozone container server started.
2019-11-14 00:39:58,811 [grpc-default-executor-8] WARN  server.GrpcLogAppender (LogUtils.java:warn(134)) - 4c0227a7-61cb-4c13-bcf3-e9ab107c9374@group-46DCB38A8CDA->536e24f7-ac60-4eb9-a985-13294793bd01-AppendLogResponseHandler: Failed appendEntries: org.apache.ratis.thirdparty.io.grpc.StatusRuntimeException: UNAVAILABLE: io exception
2019-11-14 00:39:58,812 [grpc-default-executor-8] INFO  impl.FollowerInfo (FollowerInfo.java:lambda$new$0(51)) - 4c0227a7-61cb-4c13-bcf3-e9ab107c9374@group-46DCB38A8CDA->536e24f7-ac60-4eb9-a985-13294793bd01: nextIndex: updateUnconditionally 0 -> 0
2019-11-14 00:39:59,312 [grpc-default-executor-8] WARN  server.GrpcLogAppender (LogUtils.java:warn(134)) - 4c0227a7-61cb-4c13-bcf3-e9ab107c9374@group-46DCB38A8CDA->536e24f7-ac60-4eb9-a985-13294793bd01-AppendLogResponseHandler: Failed appendEntries: org.apache.ratis.thirdparty.io.grpc.StatusRuntimeException: UNAVAILABLE: io exception
2019-11-14 00:39:59,312 [grpc-default-executor-8] INFO  impl.FollowerInfo (FollowerInfo.java:lambda$new$0(51)) - 4c0227a7-61cb-4c13-bcf3-e9ab107c9374@group-46DCB38A8CDA->536e24f7-ac60-4eb9-a985-13294793bd01: nextIndex: updateUnconditionally 0 -> 0
2019-11-14 00:39:59,355 [Thread-4142] INFO  impl.FollowerState (FollowerState.java:run(111)) - 91297bf6-d797-4b12-9aab-de0c4610252f@group-4121DB32C757-FollowerState: change to CANDIDATE, lastRpcTime:1685ms, electionTimeout:1169ms
2019-11-14 00:39:59,356 [Thread-4142] INFO  impl.RoleInfo (RoleInfo.java:shutdownFollowerState(121)) - 91297bf6-d797-4b12-9aab-de0c4610252f: shutdown FollowerState
2019-11-14 00:39:59,356 [Thread-4142] INFO  impl.RaftServerImpl (RaftServerImpl.java:setRole(173)) - 91297bf6-d797-4b12-9aab-de0c4610252f@group-4121DB32C757: changes role from  FOLLOWER to CANDIDATE at term 1 for changeToCandidate
2019-11-14 00:39:59,356 [Thread-4142] INFO  impl.RoleInfo (RoleInfo.java:updateAndGet(143)) - 91297bf6-d797-4b12-9aab-de0c4610252f: start LeaderElection
2019-11-14 00:39:59,357 [91297bf6-d797-4b12-9aab-de0c4610252f@group-4121DB32C757-LeaderElection193] INFO  impl.RaftServerImpl (ServerState.java:setLeader(255)) - 91297bf6-d797-4b12-9aab-de0c4610252f@group-4121DB32C757: change Leader from cd0a212a-ef86-44b1-8f77-22d0bd8fbd35 to null at term 1 for initElection
2019-11-14 00:39:59,367 [91297bf6-d797-4b12-9aab-de0c4610252f@group-4121DB32C757-LeaderElection193] INFO  impl.LeaderElection (LeaderElection.java:askForVotes(178)) - 91297bf6-d797-4b12-9aab-de0c4610252f@group-4121DB32C757-LeaderElection193: begin an election at term 2 for 0: [cd0a212a-ef86-44b1-8f77-22d0bd8fbd35:192.168.34.25:38897, 91297bf6-d797-4b12-9aab-de0c4610252f:192.168.34.25:35231, f3a6f38f-08d4-4a6a-b30b-ec54e2e520c3:192.168.34.25:38828], old=null
2019-11-14 00:39:59,373 [91297bf6-d797-4b12-9aab-de0c4610252f@group-4121DB32C757-LeaderElection193] INFO  impl.LeaderElection (LogUtils.java:infoOrTrace(149)) - 91297bf6-d797-4b12-9aab-de0c4610252f@group-4121DB32C757-LeaderElection193 got exception when requesting votes: {}
java.util.concurrent.ExecutionException: org.apache.ratis.thirdparty.io.grpc.StatusRuntimeException: UNAVAILABLE: io exception
	at java.util.concurrent.FutureTask.report(FutureTask.java:122)
	at java.util.concurrent.FutureTask.get(FutureTask.java:192)
	at org.apache.ratis.server.impl.LeaderElection.waitForResults(LeaderElection.java:259)
	at org.apache.ratis.server.impl.LeaderElection.askForVotes(LeaderElection.java:197)
	at org.apache.ratis.server.impl.LeaderElection.run(LeaderElection.java:133)
	at java.lang.Thread.run(Thread.java:748)
Caused by: org.apache.ratis.thirdparty.io.grpc.StatusRuntimeException: UNAVAILABLE: io exception
	at org.apache.ratis.thirdparty.io.grpc.stub.ClientCalls.toStatusRuntimeException(ClientCalls.java:233)
	at org.apache.ratis.thirdparty.io.grpc.stub.ClientCalls.getUnchecked(ClientCalls.java:214)
	at org.apache.ratis.thirdparty.io.grpc.stub.ClientCalls.blockingUnaryCall(ClientCalls.java:139)
	at org.apache.ratis.proto.grpc.RaftServerProtocolServiceGrpc$RaftServerProtocolServiceBlockingStub.requestVote(RaftServerProtocolServiceGrpc.java:265)
	at org.apache.ratis.grpc.server.GrpcServerProtocolClient.requestVote(GrpcServerProtocolClient.java:99)
	at org.apache.ratis.grpc.server.GrpcService.requestVote(GrpcService.java:204)
	at org.apache.ratis.server.impl.LeaderElection.lambda$submitRequests$1(LeaderElection.java:234)
	at java.util.concurrent.FutureTask.run(FutureTask.java:266)
	at java.util.concurrent.Executors$RunnableAdapter.call(Executors.java:511)
	at java.util.concurrent.FutureTask.run(FutureTask.java:266)
	at java.util.concurrent.ThreadPoolExecutor.runWorker(ThreadPoolExecutor.java:1149)
	at java.util.concurrent.ThreadPoolExecutor$Worker.run(ThreadPoolExecutor.java:624)
	... 1 more
Caused by: org.apache.ratis.thirdparty.io.netty.channel.AbstractChannel$AnnotatedConnectException: Connection refused: /192.168.34.25:38828
	at sun.nio.ch.SocketChannelImpl.checkConnect(Native Method)
	at sun.nio.ch.SocketChannelImpl.finishConnect(SocketChannelImpl.java:717)
	at org.apache.ratis.thirdparty.io.netty.channel.socket.nio.NioSocketChannel.doFinishConnect(NioSocketChannel.java:327)
	at org.apache.ratis.thirdparty.io.netty.channel.nio.AbstractNioChannel$AbstractNioUnsafe.finishConnect(AbstractNioChannel.java:340)
	at org.apache.ratis.thirdparty.io.netty.channel.nio.NioEventLoop.processSelectedKey(NioEventLoop.java:632)
	at org.apache.ratis.thirdparty.io.netty.channel.nio.NioEventLoop.processSelectedKeysOptimized(NioEventLoop.java:579)
	at org.apache.ratis.thirdparty.io.netty.channel.nio.NioEventLoop.processSelectedKeys(NioEventLoop.java:496)
	at org.apache.ratis.thirdparty.io.netty.channel.nio.NioEventLoop.run(NioEventLoop.java:458)
	at org.apache.ratis.thirdparty.io.netty.util.concurrent.SingleThreadEventExecutor$5.run(SingleThreadEventExecutor.java:897)
	at org.apache.ratis.thirdparty.io.netty.util.concurrent.FastThreadLocalRunnable.run(FastThreadLocalRunnable.java:30)
	... 1 more
Caused by: java.net.ConnectException: Connection refused
	... 11 more
2019-11-14 00:39:59,374 [91297bf6-d797-4b12-9aab-de0c4610252f@group-4121DB32C757-LeaderElection193] INFO  impl.LeaderElection (LogUtils.java:infoOrTrace(149)) - 91297bf6-d797-4b12-9aab-de0c4610252f@group-4121DB32C757-LeaderElection193 got exception when requesting votes: {}
java.util.concurrent.ExecutionException: org.apache.ratis.thirdparty.io.grpc.StatusRuntimeException: UNAVAILABLE: io exception
	at java.util.concurrent.FutureTask.report(FutureTask.java:122)
	at java.util.concurrent.FutureTask.get(FutureTask.java:192)
	at org.apache.ratis.server.impl.LeaderElection.waitForResults(LeaderElection.java:259)
	at org.apache.ratis.server.impl.LeaderElection.askForVotes(LeaderElection.java:197)
	at org.apache.ratis.server.impl.LeaderElection.run(LeaderElection.java:133)
	at java.lang.Thread.run(Thread.java:748)
Caused by: org.apache.ratis.thirdparty.io.grpc.StatusRuntimeException: UNAVAILABLE: io exception
	at org.apache.ratis.thirdparty.io.grpc.stub.ClientCalls.toStatusRuntimeException(ClientCalls.java:233)
	at org.apache.ratis.thirdparty.io.grpc.stub.ClientCalls.getUnchecked(ClientCalls.java:214)
	at org.apache.ratis.thirdparty.io.grpc.stub.ClientCalls.blockingUnaryCall(ClientCalls.java:139)
	at org.apache.ratis.proto.grpc.RaftServerProtocolServiceGrpc$RaftServerProtocolServiceBlockingStub.requestVote(RaftServerProtocolServiceGrpc.java:265)
	at org.apache.ratis.grpc.server.GrpcServerProtocolClient.requestVote(GrpcServerProtocolClient.java:99)
	at org.apache.ratis.grpc.server.GrpcService.requestVote(GrpcService.java:204)
	at org.apache.ratis.server.impl.LeaderElection.lambda$submitRequests$1(LeaderElection.java:234)
	at java.util.concurrent.FutureTask.run(FutureTask.java:266)
	at java.util.concurrent.Executors$RunnableAdapter.call(Executors.java:511)
	at java.util.concurrent.FutureTask.run(FutureTask.java:266)
	at java.util.concurrent.ThreadPoolExecutor.runWorker(ThreadPoolExecutor.java:1149)
	at java.util.concurrent.ThreadPoolExecutor$Worker.run(ThreadPoolExecutor.java:624)
	... 1 more
Caused by: org.apache.ratis.thirdparty.io.netty.channel.AbstractChannel$AnnotatedConnectException: Connection refused: /192.168.34.25:38897
	at sun.nio.ch.SocketChannelImpl.checkConnect(Native Method)
	at sun.nio.ch.SocketChannelImpl.finishConnect(SocketChannelImpl.java:717)
	at org.apache.ratis.thirdparty.io.netty.channel.socket.nio.NioSocketChannel.doFinishConnect(NioSocketChannel.java:327)
	at org.apache.ratis.thirdparty.io.netty.channel.nio.AbstractNioChannel$AbstractNioUnsafe.finishConnect(AbstractNioChannel.java:340)
	at org.apache.ratis.thirdparty.io.netty.channel.nio.NioEventLoop.processSelectedKey(NioEventLoop.java:632)
	at org.apache.ratis.thirdparty.io.netty.channel.nio.NioEventLoop.processSelectedKeysOptimized(NioEventLoop.java:579)
	at org.apache.ratis.thirdparty.io.netty.channel.nio.NioEventLoop.processSelectedKeys(NioEventLoop.java:496)
	at org.apache.ratis.thirdparty.io.netty.channel.nio.NioEventLoop.run(NioEventLoop.java:458)
	at org.apache.ratis.thirdparty.io.netty.util.concurrent.SingleThreadEventExecutor$5.run(SingleThreadEventExecutor.java:897)
	at org.apache.ratis.thirdparty.io.netty.util.concurrent.FastThreadLocalRunnable.run(FastThreadLocalRunnable.java:30)
	... 1 more
Caused by: java.net.ConnectException: Connection refused
	... 11 more
2019-11-14 00:39:59,375 [91297bf6-d797-4b12-9aab-de0c4610252f@group-4121DB32C757-LeaderElection193] INFO  impl.LeaderElection (LeaderElection.java:logAndReturn(56)) - 91297bf6-d797-4b12-9aab-de0c4610252f@group-4121DB32C757-LeaderElection193: Election REJECTED; received 0 response(s) [] and 2 exception(s); 91297bf6-d797-4b12-9aab-de0c4610252f@group-4121DB32C757:t2, leader=null, voted=91297bf6-d797-4b12-9aab-de0c4610252f, raftlog=91297bf6-d797-4b12-9aab-de0c4610252f@group-4121DB32C757-SegmentedRaftLog:OPENED:c0,f0,i0, conf=0: [cd0a212a-ef86-44b1-8f77-22d0bd8fbd35:192.168.34.25:38897, 91297bf6-d797-4b12-9aab-de0c4610252f:192.168.34.25:35231, f3a6f38f-08d4-4a6a-b30b-ec54e2e520c3:192.168.34.25:38828], old=null
2019-11-14 00:39:59,375 [91297bf6-d797-4b12-9aab-de0c4610252f@group-4121DB32C757-LeaderElection193] INFO  impl.LeaderElection (LogUtils.java:infoOrTrace(149)) -   Exception 0: {}
java.util.concurrent.ExecutionException: org.apache.ratis.thirdparty.io.grpc.StatusRuntimeException: UNAVAILABLE: io exception
	at java.util.concurrent.FutureTask.report(FutureTask.java:122)
	at java.util.concurrent.FutureTask.get(FutureTask.java:192)
	at org.apache.ratis.server.impl.LeaderElection.waitForResults(LeaderElection.java:259)
	at org.apache.ratis.server.impl.LeaderElection.askForVotes(LeaderElection.java:197)
	at org.apache.ratis.server.impl.LeaderElection.run(LeaderElection.java:133)
	at java.lang.Thread.run(Thread.java:748)
Caused by: org.apache.ratis.thirdparty.io.grpc.StatusRuntimeException: UNAVAILABLE: io exception
	at org.apache.ratis.thirdparty.io.grpc.stub.ClientCalls.toStatusRuntimeException(ClientCalls.java:233)
	at org.apache.ratis.thirdparty.io.grpc.stub.ClientCalls.getUnchecked(ClientCalls.java:214)
	at org.apache.ratis.thirdparty.io.grpc.stub.ClientCalls.blockingUnaryCall(ClientCalls.java:139)
	at org.apache.ratis.proto.grpc.RaftServerProtocolServiceGrpc$RaftServerProtocolServiceBlockingStub.requestVote(RaftServerProtocolServiceGrpc.java:265)
	at org.apache.ratis.grpc.server.GrpcServerProtocolClient.requestVote(GrpcServerProtocolClient.java:99)
	at org.apache.ratis.grpc.server.GrpcService.requestVote(GrpcService.java:204)
	at org.apache.ratis.server.impl.LeaderElection.lambda$submitRequests$1(LeaderElection.java:234)
	at java.util.concurrent.FutureTask.run(FutureTask.java:266)
	at java.util.concurrent.Executors$RunnableAdapter.call(Executors.java:511)
	at java.util.concurrent.FutureTask.run(FutureTask.java:266)
	at java.util.concurrent.ThreadPoolExecutor.runWorker(ThreadPoolExecutor.java:1149)
	at java.util.concurrent.ThreadPoolExecutor$Worker.run(ThreadPoolExecutor.java:624)
	... 1 more
Caused by: org.apache.ratis.thirdparty.io.netty.channel.AbstractChannel$AnnotatedConnectException: Connection refused: /192.168.34.25:38828
	at sun.nio.ch.SocketChannelImpl.checkConnect(Native Method)
	at sun.nio.ch.SocketChannelImpl.finishConnect(SocketChannelImpl.java:717)
	at org.apache.ratis.thirdparty.io.netty.channel.socket.nio.NioSocketChannel.doFinishConnect(NioSocketChannel.java:327)
	at org.apache.ratis.thirdparty.io.netty.channel.nio.AbstractNioChannel$AbstractNioUnsafe.finishConnect(AbstractNioChannel.java:340)
	at org.apache.ratis.thirdparty.io.netty.channel.nio.NioEventLoop.processSelectedKey(NioEventLoop.java:632)
	at org.apache.ratis.thirdparty.io.netty.channel.nio.NioEventLoop.processSelectedKeysOptimized(NioEventLoop.java:579)
	at org.apache.ratis.thirdparty.io.netty.channel.nio.NioEventLoop.processSelectedKeys(NioEventLoop.java:496)
	at org.apache.ratis.thirdparty.io.netty.channel.nio.NioEventLoop.run(NioEventLoop.java:458)
	at org.apache.ratis.thirdparty.io.netty.util.concurrent.SingleThreadEventExecutor$5.run(SingleThreadEventExecutor.java:897)
	at org.apache.ratis.thirdparty.io.netty.util.concurrent.FastThreadLocalRunnable.run(FastThreadLocalRunnable.java:30)
	... 1 more
Caused by: java.net.ConnectException: Connection refused
	... 11 more
2019-11-14 00:39:59,376 [91297bf6-d797-4b12-9aab-de0c4610252f@group-4121DB32C757-LeaderElection193] INFO  impl.LeaderElection (LogUtils.java:infoOrTrace(149)) -   Exception 1: {}
java.util.concurrent.ExecutionException: org.apache.ratis.thirdparty.io.grpc.StatusRuntimeException: UNAVAILABLE: io exception
	at java.util.concurrent.FutureTask.report(FutureTask.java:122)
	at java.util.concurrent.FutureTask.get(FutureTask.java:192)
	at org.apache.ratis.server.impl.LeaderElection.waitForResults(LeaderElection.java:259)
	at org.apache.ratis.server.impl.LeaderElection.askForVotes(LeaderElection.java:197)
	at org.apache.ratis.server.impl.LeaderElection.run(LeaderElection.java:133)
	at java.lang.Thread.run(Thread.java:748)
Caused by: org.apache.ratis.thirdparty.io.grpc.StatusRuntimeException: UNAVAILABLE: io exception
	at org.apache.ratis.thirdparty.io.grpc.stub.ClientCalls.toStatusRuntimeException(ClientCalls.java:233)
	at org.apache.ratis.thirdparty.io.grpc.stub.ClientCalls.getUnchecked(ClientCalls.java:214)
	at org.apache.ratis.thirdparty.io.grpc.stub.ClientCalls.blockingUnaryCall(ClientCalls.java:139)
	at org.apache.ratis.proto.grpc.RaftServerProtocolServiceGrpc$RaftServerProtocolServiceBlockingStub.requestVote(RaftServerProtocolServiceGrpc.java:265)
	at org.apache.ratis.grpc.server.GrpcServerProtocolClient.requestVote(GrpcServerProtocolClient.java:99)
	at org.apache.ratis.grpc.server.GrpcService.requestVote(GrpcService.java:204)
	at org.apache.ratis.server.impl.LeaderElection.lambda$submitRequests$1(LeaderElection.java:234)
	at java.util.concurrent.FutureTask.run(FutureTask.java:266)
	at java.util.concurrent.Executors$RunnableAdapter.call(Executors.java:511)
	at java.util.concurrent.FutureTask.run(FutureTask.java:266)
	at java.util.concurrent.ThreadPoolExecutor.runWorker(ThreadPoolExecutor.java:1149)
	at java.util.concurrent.ThreadPoolExecutor$Worker.run(ThreadPoolExecutor.java:624)
	... 1 more
Caused by: org.apache.ratis.thirdparty.io.netty.channel.AbstractChannel$AnnotatedConnectException: Connection refused: /192.168.34.25:38897
	at sun.nio.ch.SocketChannelImpl.checkConnect(Native Method)
	at sun.nio.ch.SocketChannelImpl.finishConnect(SocketChannelImpl.java:717)
	at org.apache.ratis.thirdparty.io.netty.channel.socket.nio.NioSocketChannel.doFinishConnect(NioSocketChannel.java:327)
	at org.apache.ratis.thirdparty.io.netty.channel.nio.AbstractNioChannel$AbstractNioUnsafe.finishConnect(AbstractNioChannel.java:340)
	at org.apache.ratis.thirdparty.io.netty.channel.nio.NioEventLoop.processSelectedKey(NioEventLoop.java:632)
	at org.apache.ratis.thirdparty.io.netty.channel.nio.NioEventLoop.processSelectedKeysOptimized(NioEventLoop.java:579)
	at org.apache.ratis.thirdparty.io.netty.channel.nio.NioEventLoop.processSelectedKeys(NioEventLoop.java:496)
	at org.apache.ratis.thirdparty.io.netty.channel.nio.NioEventLoop.run(NioEventLoop.java:458)
	at org.apache.ratis.thirdparty.io.netty.util.concurrent.SingleThreadEventExecutor$5.run(SingleThreadEventExecutor.java:897)
	at org.apache.ratis.thirdparty.io.netty.util.concurrent.FastThreadLocalRunnable.run(FastThreadLocalRunnable.java:30)
	... 1 more
Caused by: java.net.ConnectException: Connection refused
	... 11 more
2019-11-14 00:39:59,376 [91297bf6-d797-4b12-9aab-de0c4610252f@group-4121DB32C757-LeaderElection193] INFO  impl.RaftServerImpl (RaftServerImpl.java:setRole(173)) - 91297bf6-d797-4b12-9aab-de0c4610252f@group-4121DB32C757: changes role from CANDIDATE to FOLLOWER at term 2 for DISCOVERED_A_NEW_TERM
2019-11-14 00:39:59,376 [91297bf6-d797-4b12-9aab-de0c4610252f@group-4121DB32C757-LeaderElection193] INFO  impl.RoleInfo (RoleInfo.java:shutdownLeaderElection(134)) - 91297bf6-d797-4b12-9aab-de0c4610252f: shutdown LeaderElection
2019-11-14 00:39:59,377 [91297bf6-d797-4b12-9aab-de0c4610252f@group-4121DB32C757-LeaderElection193] INFO  impl.RoleInfo (RoleInfo.java:updateAndGet(143)) - 91297bf6-d797-4b12-9aab-de0c4610252f: start FollowerState
2019-11-14 00:39:59,812 [grpc-default-executor-8] WARN  server.GrpcLogAppender (LogUtils.java:warn(134)) - 4c0227a7-61cb-4c13-bcf3-e9ab107c9374@group-46DCB38A8CDA->536e24f7-ac60-4eb9-a985-13294793bd01-AppendLogResponseHandler: Failed appendEntries: org.apache.ratis.thirdparty.io.grpc.StatusRuntimeException: UNAVAILABLE: io exception
2019-11-14 00:39:59,813 [grpc-default-executor-8] INFO  impl.FollowerInfo (FollowerInfo.java:lambda$new$0(51)) - 4c0227a7-61cb-4c13-bcf3-e9ab107c9374@group-46DCB38A8CDA->536e24f7-ac60-4eb9-a985-13294793bd01: nextIndex: updateUnconditionally 0 -> 0
2019-11-14 00:40:00,313 [grpc-default-executor-8] WARN  server.GrpcLogAppender (LogUtils.java:warn(134)) - 4c0227a7-61cb-4c13-bcf3-e9ab107c9374@group-46DCB38A8CDA->536e24f7-ac60-4eb9-a985-13294793bd01-AppendLogResponseHandler: Failed appendEntries: org.apache.ratis.thirdparty.io.grpc.StatusRuntimeException: UNAVAILABLE: io exception
2019-11-14 00:40:00,313 [grpc-default-executor-8] INFO  impl.FollowerInfo (FollowerInfo.java:lambda$new$0(51)) - 4c0227a7-61cb-4c13-bcf3-e9ab107c9374@group-46DCB38A8CDA->536e24f7-ac60-4eb9-a985-13294793bd01: nextIndex: updateUnconditionally 0 -> 0
2019-11-14 00:40:00,434 [Thread-4306] INFO  impl.FollowerState (FollowerState.java:run(111)) - 91297bf6-d797-4b12-9aab-de0c4610252f@group-4121DB32C757-FollowerState: change to CANDIDATE, lastRpcTime:1057ms, electionTimeout:1057ms
2019-11-14 00:40:00,434 [Thread-4306] INFO  impl.RoleInfo (RoleInfo.java:shutdownFollowerState(121)) - 91297bf6-d797-4b12-9aab-de0c4610252f: shutdown FollowerState
2019-11-14 00:40:00,434 [Thread-4306] INFO  impl.RaftServerImpl (RaftServerImpl.java:setRole(173)) - 91297bf6-d797-4b12-9aab-de0c4610252f@group-4121DB32C757: changes role from  FOLLOWER to CANDIDATE at term 2 for changeToCandidate
2019-11-14 00:40:00,435 [Thread-4306] INFO  impl.RoleInfo (RoleInfo.java:updateAndGet(143)) - 91297bf6-d797-4b12-9aab-de0c4610252f: start LeaderElection
2019-11-14 00:40:00,441 [91297bf6-d797-4b12-9aab-de0c4610252f@group-4121DB32C757-LeaderElection194] INFO  impl.LeaderElection (LeaderElection.java:askForVotes(178)) - 91297bf6-d797-4b12-9aab-de0c4610252f@group-4121DB32C757-LeaderElection194: begin an election at term 3 for 0: [cd0a212a-ef86-44b1-8f77-22d0bd8fbd35:192.168.34.25:38897, 91297bf6-d797-4b12-9aab-de0c4610252f:192.168.34.25:35231, f3a6f38f-08d4-4a6a-b30b-ec54e2e520c3:192.168.34.25:38828], old=null
2019-11-14 00:40:00,442 [91297bf6-d797-4b12-9aab-de0c4610252f@group-4121DB32C757-LeaderElection194] INFO  impl.LeaderElection (LogUtils.java:infoOrTrace(149)) - 91297bf6-d797-4b12-9aab-de0c4610252f@group-4121DB32C757-LeaderElection194 got exception when requesting votes: {}
java.util.concurrent.ExecutionException: org.apache.ratis.thirdparty.io.grpc.StatusRuntimeException: UNAVAILABLE: io exception
	at java.util.concurrent.FutureTask.report(FutureTask.java:122)
	at java.util.concurrent.FutureTask.get(FutureTask.java:192)
	at org.apache.ratis.server.impl.LeaderElection.waitForResults(LeaderElection.java:259)
	at org.apache.ratis.server.impl.LeaderElection.askForVotes(LeaderElection.java:197)
	at org.apache.ratis.server.impl.LeaderElection.run(LeaderElection.java:133)
	at java.lang.Thread.run(Thread.java:748)
Caused by: org.apache.ratis.thirdparty.io.grpc.StatusRuntimeException: UNAVAILABLE: io exception
	at org.apache.ratis.thirdparty.io.grpc.stub.ClientCalls.toStatusRuntimeException(ClientCalls.java:233)
	at org.apache.ratis.thirdparty.io.grpc.stub.ClientCalls.getUnchecked(ClientCalls.java:214)
	at org.apache.ratis.thirdparty.io.grpc.stub.ClientCalls.blockingUnaryCall(ClientCalls.java:139)
	at org.apache.ratis.proto.grpc.RaftServerProtocolServiceGrpc$RaftServerProtocolServiceBlockingStub.requestVote(RaftServerProtocolServiceGrpc.java:265)
	at org.apache.ratis.grpc.server.GrpcServerProtocolClient.requestVote(GrpcServerProtocolClient.java:99)
	at org.apache.ratis.grpc.server.GrpcService.requestVote(GrpcService.java:204)
	at org.apache.ratis.server.impl.LeaderElection.lambda$submitRequests$1(LeaderElection.java:234)
	at java.util.concurrent.FutureTask.run(FutureTask.java:266)
	at java.util.concurrent.Executors$RunnableAdapter.call(Executors.java:511)
	at java.util.concurrent.FutureTask.run(FutureTask.java:266)
	at java.util.concurrent.ThreadPoolExecutor.runWorker(ThreadPoolExecutor.java:1149)
	at java.util.concurrent.ThreadPoolExecutor$Worker.run(ThreadPoolExecutor.java:624)
	... 1 more
Caused by: org.apache.ratis.thirdparty.io.netty.channel.AbstractChannel$AnnotatedConnectException: Connection refused: /192.168.34.25:38897
	at sun.nio.ch.SocketChannelImpl.checkConnect(Native Method)
	at sun.nio.ch.SocketChannelImpl.finishConnect(SocketChannelImpl.java:717)
	at org.apache.ratis.thirdparty.io.netty.channel.socket.nio.NioSocketChannel.doFinishConnect(NioSocketChannel.java:327)
	at org.apache.ratis.thirdparty.io.netty.channel.nio.AbstractNioChannel$AbstractNioUnsafe.finishConnect(AbstractNioChannel.java:340)
	at org.apache.ratis.thirdparty.io.netty.channel.nio.NioEventLoop.processSelectedKey(NioEventLoop.java:632)
	at org.apache.ratis.thirdparty.io.netty.channel.nio.NioEventLoop.processSelectedKeysOptimized(NioEventLoop.java:579)
	at org.apache.ratis.thirdparty.io.netty.channel.nio.NioEventLoop.processSelectedKeys(NioEventLoop.java:496)
	at org.apache.ratis.thirdparty.io.netty.channel.nio.NioEventLoop.run(NioEventLoop.java:458)
	at org.apache.ratis.thirdparty.io.netty.util.concurrent.SingleThreadEventExecutor$5.run(SingleThreadEventExecutor.java:897)
	at org.apache.ratis.thirdparty.io.netty.util.concurrent.FastThreadLocalRunnable.run(FastThreadLocalRunnable.java:30)
	... 1 more
Caused by: java.net.ConnectException: Connection refused
	... 11 more
2019-11-14 00:40:00,443 [91297bf6-d797-4b12-9aab-de0c4610252f@group-4121DB32C757-LeaderElection194] INFO  impl.LeaderElection (LogUtils.java:infoOrTrace(149)) - 91297bf6-d797-4b12-9aab-de0c4610252f@group-4121DB32C757-LeaderElection194 got exception when requesting votes: {}
java.util.concurrent.ExecutionException: org.apache.ratis.thirdparty.io.grpc.StatusRuntimeException: UNAVAILABLE: io exception
	at java.util.concurrent.FutureTask.report(FutureTask.java:122)
	at java.util.concurrent.FutureTask.get(FutureTask.java:192)
	at org.apache.ratis.server.impl.LeaderElection.waitForResults(LeaderElection.java:259)
	at org.apache.ratis.server.impl.LeaderElection.askForVotes(LeaderElection.java:197)
	at org.apache.ratis.server.impl.LeaderElection.run(LeaderElection.java:133)
	at java.lang.Thread.run(Thread.java:748)
Caused by: org.apache.ratis.thirdparty.io.grpc.StatusRuntimeException: UNAVAILABLE: io exception
	at org.apache.ratis.thirdparty.io.grpc.stub.ClientCalls.toStatusRuntimeException(ClientCalls.java:233)
	at org.apache.ratis.thirdparty.io.grpc.stub.ClientCalls.getUnchecked(ClientCalls.java:214)
	at org.apache.ratis.thirdparty.io.grpc.stub.ClientCalls.blockingUnaryCall(ClientCalls.java:139)
	at org.apache.ratis.proto.grpc.RaftServerProtocolServiceGrpc$RaftServerProtocolServiceBlockingStub.requestVote(RaftServerProtocolServiceGrpc.java:265)
	at org.apache.ratis.grpc.server.GrpcServerProtocolClient.requestVote(GrpcServerProtocolClient.java:99)
	at org.apache.ratis.grpc.server.GrpcService.requestVote(GrpcService.java:204)
	at org.apache.ratis.server.impl.LeaderElection.lambda$submitRequests$1(LeaderElection.java:234)
	at java.util.concurrent.FutureTask.run(FutureTask.java:266)
	at java.util.concurrent.Executors$RunnableAdapter.call(Executors.java:511)
	at java.util.concurrent.FutureTask.run(FutureTask.java:266)
	at java.util.concurrent.ThreadPoolExecutor.runWorker(ThreadPoolExecutor.java:1149)
	at java.util.concurrent.ThreadPoolExecutor$Worker.run(ThreadPoolExecutor.java:624)
	... 1 more
Caused by: org.apache.ratis.thirdparty.io.netty.channel.AbstractChannel$AnnotatedConnectException: Connection refused: /192.168.34.25:38828
	at sun.nio.ch.SocketChannelImpl.checkConnect(Native Method)
	at sun.nio.ch.SocketChannelImpl.finishConnect(SocketChannelImpl.java:717)
	at org.apache.ratis.thirdparty.io.netty.channel.socket.nio.NioSocketChannel.doFinishConnect(NioSocketChannel.java:327)
	at org.apache.ratis.thirdparty.io.netty.channel.nio.AbstractNioChannel$AbstractNioUnsafe.finishConnect(AbstractNioChannel.java:340)
	at org.apache.ratis.thirdparty.io.netty.channel.nio.NioEventLoop.processSelectedKey(NioEventLoop.java:632)
	at org.apache.ratis.thirdparty.io.netty.channel.nio.NioEventLoop.processSelectedKeysOptimized(NioEventLoop.java:579)
	at org.apache.ratis.thirdparty.io.netty.channel.nio.NioEventLoop.processSelectedKeys(NioEventLoop.java:496)
	at org.apache.ratis.thirdparty.io.netty.channel.nio.NioEventLoop.run(NioEventLoop.java:458)
	at org.apache.ratis.thirdparty.io.netty.util.concurrent.SingleThreadEventExecutor$5.run(SingleThreadEventExecutor.java:897)
	at org.apache.ratis.thirdparty.io.netty.util.concurrent.FastThreadLocalRunnable.run(FastThreadLocalRunnable.java:30)
	... 1 more
Caused by: java.net.ConnectException: Connection refused
	... 11 more
2019-11-14 00:40:00,443 [91297bf6-d797-4b12-9aab-de0c4610252f@group-4121DB32C757-LeaderElection194] INFO  impl.LeaderElection (LeaderElection.java:logAndReturn(56)) - 91297bf6-d797-4b12-9aab-de0c4610252f@group-4121DB32C757-LeaderElection194: Election REJECTED; received 0 response(s) [] and 2 exception(s); 91297bf6-d797-4b12-9aab-de0c4610252f@group-4121DB32C757:t3, leader=null, voted=91297bf6-d797-4b12-9aab-de0c4610252f, raftlog=91297bf6-d797-4b12-9aab-de0c4610252f@group-4121DB32C757-SegmentedRaftLog:OPENED:c0,f0,i0, conf=0: [cd0a212a-ef86-44b1-8f77-22d0bd8fbd35:192.168.34.25:38897, 91297bf6-d797-4b12-9aab-de0c4610252f:192.168.34.25:35231, f3a6f38f-08d4-4a6a-b30b-ec54e2e520c3:192.168.34.25:38828], old=null
2019-11-14 00:40:00,444 [91297bf6-d797-4b12-9aab-de0c4610252f@group-4121DB32C757-LeaderElection194] INFO  impl.LeaderElection (LogUtils.java:infoOrTrace(149)) -   Exception 0: {}
java.util.concurrent.ExecutionException: org.apache.ratis.thirdparty.io.grpc.StatusRuntimeException: UNAVAILABLE: io exception
	at java.util.concurrent.FutureTask.report(FutureTask.java:122)
	at java.util.concurrent.FutureTask.get(FutureTask.java:192)
	at org.apache.ratis.server.impl.LeaderElection.waitForResults(LeaderElection.java:259)
	at org.apache.ratis.server.impl.LeaderElection.askForVotes(LeaderElection.java:197)
	at org.apache.ratis.server.impl.LeaderElection.run(LeaderElection.java:133)
	at java.lang.Thread.run(Thread.java:748)
Caused by: org.apache.ratis.thirdparty.io.grpc.StatusRuntimeException: UNAVAILABLE: io exception
	at org.apache.ratis.thirdparty.io.grpc.stub.ClientCalls.toStatusRuntimeException(ClientCalls.java:233)
	at org.apache.ratis.thirdparty.io.grpc.stub.ClientCalls.getUnchecked(ClientCalls.java:214)
	at org.apache.ratis.thirdparty.io.grpc.stub.ClientCalls.blockingUnaryCall(ClientCalls.java:139)
	at org.apache.ratis.proto.grpc.RaftServerProtocolServiceGrpc$RaftServerProtocolServiceBlockingStub.requestVote(RaftServerProtocolServiceGrpc.java:265)
	at org.apache.ratis.grpc.server.GrpcServerProtocolClient.requestVote(GrpcServerProtocolClient.java:99)
	at org.apache.ratis.grpc.server.GrpcService.requestVote(GrpcService.java:204)
	at org.apache.ratis.server.impl.LeaderElection.lambda$submitRequests$1(LeaderElection.java:234)
	at java.util.concurrent.FutureTask.run(FutureTask.java:266)
	at java.util.concurrent.Executors$RunnableAdapter.call(Executors.java:511)
	at java.util.concurrent.FutureTask.run(FutureTask.java:266)
	at java.util.concurrent.ThreadPoolExecutor.runWorker(ThreadPoolExecutor.java:1149)
	at java.util.concurrent.ThreadPoolExecutor$Worker.run(ThreadPoolExecutor.java:624)
	... 1 more
Caused by: org.apache.ratis.thirdparty.io.netty.channel.AbstractChannel$AnnotatedConnectException: Connection refused: /192.168.34.25:38897
	at sun.nio.ch.SocketChannelImpl.checkConnect(Native Method)
	at sun.nio.ch.SocketChannelImpl.finishConnect(SocketChannelImpl.java:717)
	at org.apache.ratis.thirdparty.io.netty.channel.socket.nio.NioSocketChannel.doFinishConnect(NioSocketChannel.java:327)
	at org.apache.ratis.thirdparty.io.netty.channel.nio.AbstractNioChannel$AbstractNioUnsafe.finishConnect(AbstractNioChannel.java:340)
	at org.apache.ratis.thirdparty.io.netty.channel.nio.NioEventLoop.processSelectedKey(NioEventLoop.java:632)
	at org.apache.ratis.thirdparty.io.netty.channel.nio.NioEventLoop.processSelectedKeysOptimized(NioEventLoop.java:579)
	at org.apache.ratis.thirdparty.io.netty.channel.nio.NioEventLoop.processSelectedKeys(NioEventLoop.java:496)
	at org.apache.ratis.thirdparty.io.netty.channel.nio.NioEventLoop.run(NioEventLoop.java:458)
	at org.apache.ratis.thirdparty.io.netty.util.concurrent.SingleThreadEventExecutor$5.run(SingleThreadEventExecutor.java:897)
	at org.apache.ratis.thirdparty.io.netty.util.concurrent.FastThreadLocalRunnable.run(FastThreadLocalRunnable.java:30)
	... 1 more
Caused by: java.net.ConnectException: Connection refused
	... 11 more
2019-11-14 00:40:00,444 [91297bf6-d797-4b12-9aab-de0c4610252f@group-4121DB32C757-LeaderElection194] INFO  impl.LeaderElection (LogUtils.java:infoOrTrace(149)) -   Exception 1: {}
java.util.concurrent.ExecutionException: org.apache.ratis.thirdparty.io.grpc.StatusRuntimeException: UNAVAILABLE: io exception
	at java.util.concurrent.FutureTask.report(FutureTask.java:122)
	at java.util.concurrent.FutureTask.get(FutureTask.java:192)
	at org.apache.ratis.server.impl.LeaderElection.waitForResults(LeaderElection.java:259)
	at org.apache.ratis.server.impl.LeaderElection.askForVotes(LeaderElection.java:197)
	at org.apache.ratis.server.impl.LeaderElection.run(LeaderElection.java:133)
	at java.lang.Thread.run(Thread.java:748)
Caused by: org.apache.ratis.thirdparty.io.grpc.StatusRuntimeException: UNAVAILABLE: io exception
	at org.apache.ratis.thirdparty.io.grpc.stub.ClientCalls.toStatusRuntimeException(ClientCalls.java:233)
	at org.apache.ratis.thirdparty.io.grpc.stub.ClientCalls.getUnchecked(ClientCalls.java:214)
	at org.apache.ratis.thirdparty.io.grpc.stub.ClientCalls.blockingUnaryCall(ClientCalls.java:139)
	at org.apache.ratis.proto.grpc.RaftServerProtocolServiceGrpc$RaftServerProtocolServiceBlockingStub.requestVote(RaftServerProtocolServiceGrpc.java:265)
	at org.apache.ratis.grpc.server.GrpcServerProtocolClient.requestVote(GrpcServerProtocolClient.java:99)
	at org.apache.ratis.grpc.server.GrpcService.requestVote(GrpcService.java:204)
	at org.apache.ratis.server.impl.LeaderElection.lambda$submitRequests$1(LeaderElection.java:234)
	at java.util.concurrent.FutureTask.run(FutureTask.java:266)
	at java.util.concurrent.Executors$RunnableAdapter.call(Executors.java:511)
	at java.util.concurrent.FutureTask.run(FutureTask.java:266)
	at java.util.concurrent.ThreadPoolExecutor.runWorker(ThreadPoolExecutor.java:1149)
	at java.util.concurrent.ThreadPoolExecutor$Worker.run(ThreadPoolExecutor.java:624)
	... 1 more
Caused by: org.apache.ratis.thirdparty.io.netty.channel.AbstractChannel$AnnotatedConnectException: Connection refused: /192.168.34.25:38828
	at sun.nio.ch.SocketChannelImpl.checkConnect(Native Method)
	at sun.nio.ch.SocketChannelImpl.finishConnect(SocketChannelImpl.java:717)
	at org.apache.ratis.thirdparty.io.netty.channel.socket.nio.NioSocketChannel.doFinishConnect(NioSocketChannel.java:327)
	at org.apache.ratis.thirdparty.io.netty.channel.nio.AbstractNioChannel$AbstractNioUnsafe.finishConnect(AbstractNioChannel.java:340)
	at org.apache.ratis.thirdparty.io.netty.channel.nio.NioEventLoop.processSelectedKey(NioEventLoop.java:632)
	at org.apache.ratis.thirdparty.io.netty.channel.nio.NioEventLoop.processSelectedKeysOptimized(NioEventLoop.java:579)
	at org.apache.ratis.thirdparty.io.netty.channel.nio.NioEventLoop.processSelectedKeys(NioEventLoop.java:496)
	at org.apache.ratis.thirdparty.io.netty.channel.nio.NioEventLoop.run(NioEventLoop.java:458)
	at org.apache.ratis.thirdparty.io.netty.util.concurrent.SingleThreadEventExecutor$5.run(SingleThreadEventExecutor.java:897)
	at org.apache.ratis.thirdparty.io.netty.util.concurrent.FastThreadLocalRunnable.run(FastThreadLocalRunnable.java:30)
	... 1 more
Caused by: java.net.ConnectException: Connection refused
	... 11 more
2019-11-14 00:40:00,445 [91297bf6-d797-4b12-9aab-de0c4610252f@group-4121DB32C757-LeaderElection194] INFO  impl.RaftServerImpl (RaftServerImpl.java:setRole(173)) - 91297bf6-d797-4b12-9aab-de0c4610252f@group-4121DB32C757: changes role from CANDIDATE to FOLLOWER at term 3 for DISCOVERED_A_NEW_TERM
2019-11-14 00:40:00,445 [91297bf6-d797-4b12-9aab-de0c4610252f@group-4121DB32C757-LeaderElection194] INFO  impl.RoleInfo (RoleInfo.java:shutdownLeaderElection(134)) - 91297bf6-d797-4b12-9aab-de0c4610252f: shutdown LeaderElection
2019-11-14 00:40:00,445 [91297bf6-d797-4b12-9aab-de0c4610252f@group-4121DB32C757-LeaderElection194] INFO  impl.RoleInfo (RoleInfo.java:updateAndGet(143)) - 91297bf6-d797-4b12-9aab-de0c4610252f: start FollowerState
2019-11-14 00:40:00,815 [grpc-default-executor-8] WARN  server.GrpcLogAppender (LogUtils.java:warn(134)) - 4c0227a7-61cb-4c13-bcf3-e9ab107c9374@group-46DCB38A8CDA->536e24f7-ac60-4eb9-a985-13294793bd01-AppendLogResponseHandler: Failed appendEntries: org.apache.ratis.thirdparty.io.grpc.StatusRuntimeException: UNAVAILABLE: io exception
2019-11-14 00:40:00,815 [grpc-default-executor-8] INFO  impl.FollowerInfo (FollowerInfo.java:lambda$new$0(51)) - 4c0227a7-61cb-4c13-bcf3-e9ab107c9374@group-46DCB38A8CDA->536e24f7-ac60-4eb9-a985-13294793bd01: nextIndex: updateUnconditionally 0 -> 0
2019-11-14 00:40:01,319 [grpc-default-executor-8] WARN  server.GrpcLogAppender (LogUtils.java:warn(134)) - 4c0227a7-61cb-4c13-bcf3-e9ab107c9374@group-46DCB38A8CDA->536e24f7-ac60-4eb9-a985-13294793bd01-AppendLogResponseHandler: Failed appendEntries: org.apache.ratis.thirdparty.io.grpc.StatusRuntimeException: UNAVAILABLE: io exception
2019-11-14 00:40:01,320 [grpc-default-executor-8] INFO  impl.FollowerInfo (FollowerInfo.java:lambda$new$0(51)) - 4c0227a7-61cb-4c13-bcf3-e9ab107c9374@group-46DCB38A8CDA->536e24f7-ac60-4eb9-a985-13294793bd01: nextIndex: updateUnconditionally 0 -> 0
2019-11-14 00:40:01,505 [Thread-4312] INFO  impl.FollowerState (FollowerState.java:run(111)) - 91297bf6-d797-4b12-9aab-de0c4610252f@group-4121DB32C757-FollowerState: change to CANDIDATE, lastRpcTime:1059ms, electionTimeout:1059ms
2019-11-14 00:40:01,505 [Thread-4312] INFO  impl.RoleInfo (RoleInfo.java:shutdownFollowerState(121)) - 91297bf6-d797-4b12-9aab-de0c4610252f: shutdown FollowerState
2019-11-14 00:40:01,505 [Thread-4312] INFO  impl.RaftServerImpl (RaftServerImpl.java:setRole(173)) - 91297bf6-d797-4b12-9aab-de0c4610252f@group-4121DB32C757: changes role from  FOLLOWER to CANDIDATE at term 3 for changeToCandidate
2019-11-14 00:40:01,505 [Thread-4312] INFO  impl.RoleInfo (RoleInfo.java:updateAndGet(143)) - 91297bf6-d797-4b12-9aab-de0c4610252f: start LeaderElection
2019-11-14 00:40:01,521 [91297bf6-d797-4b12-9aab-de0c4610252f@group-4121DB32C757-LeaderElection195] INFO  impl.LeaderElection (LeaderElection.java:askForVotes(178)) - 91297bf6-d797-4b12-9aab-de0c4610252f@group-4121DB32C757-LeaderElection195: begin an election at term 4 for 0: [cd0a212a-ef86-44b1-8f77-22d0bd8fbd35:192.168.34.25:38897, 91297bf6-d797-4b12-9aab-de0c4610252f:192.168.34.25:35231, f3a6f38f-08d4-4a6a-b30b-ec54e2e520c3:192.168.34.25:38828], old=null
2019-11-14 00:40:01,527 [91297bf6-d797-4b12-9aab-de0c4610252f@group-4121DB32C757-LeaderElection195] INFO  impl.LeaderElection (LogUtils.java:infoOrTrace(149)) - 91297bf6-d797-4b12-9aab-de0c4610252f@group-4121DB32C757-LeaderElection195 got exception when requesting votes: {}
java.util.concurrent.ExecutionException: org.apache.ratis.thirdparty.io.grpc.StatusRuntimeException: UNAVAILABLE: io exception
	at java.util.concurrent.FutureTask.report(FutureTask.java:122)
	at java.util.concurrent.FutureTask.get(FutureTask.java:192)
	at org.apache.ratis.server.impl.LeaderElection.waitForResults(LeaderElection.java:259)
	at org.apache.ratis.server.impl.LeaderElection.askForVotes(LeaderElection.java:197)
	at org.apache.ratis.server.impl.LeaderElection.run(LeaderElection.java:133)
	at java.lang.Thread.run(Thread.java:748)
Caused by: org.apache.ratis.thirdparty.io.grpc.StatusRuntimeException: UNAVAILABLE: io exception
	at org.apache.ratis.thirdparty.io.grpc.stub.ClientCalls.toStatusRuntimeException(ClientCalls.java:233)
	at org.apache.ratis.thirdparty.io.grpc.stub.ClientCalls.getUnchecked(ClientCalls.java:214)
	at org.apache.ratis.thirdparty.io.grpc.stub.ClientCalls.blockingUnaryCall(ClientCalls.java:139)
	at org.apache.ratis.proto.grpc.RaftServerProtocolServiceGrpc$RaftServerProtocolServiceBlockingStub.requestVote(RaftServerProtocolServiceGrpc.java:265)
	at org.apache.ratis.grpc.server.GrpcServerProtocolClient.requestVote(GrpcServerProtocolClient.java:99)
	at org.apache.ratis.grpc.server.GrpcService.requestVote(GrpcService.java:204)
	at org.apache.ratis.server.impl.LeaderElection.lambda$submitRequests$1(LeaderElection.java:234)
	at java.util.concurrent.FutureTask.run(FutureTask.java:266)
	at java.util.concurrent.Executors$RunnableAdapter.call(Executors.java:511)
	at java.util.concurrent.FutureTask.run(FutureTask.java:266)
	at java.util.concurrent.ThreadPoolExecutor.runWorker(ThreadPoolExecutor.java:1149)
	at java.util.concurrent.ThreadPoolExecutor$Worker.run(ThreadPoolExecutor.java:624)
	... 1 more
Caused by: org.apache.ratis.thirdparty.io.netty.channel.AbstractChannel$AnnotatedConnectException: Connection refused: /192.168.34.25:38897
	at sun.nio.ch.SocketChannelImpl.checkConnect(Native Method)
	at sun.nio.ch.SocketChannelImpl.finishConnect(SocketChannelImpl.java:717)
	at org.apache.ratis.thirdparty.io.netty.channel.socket.nio.NioSocketChannel.doFinishConnect(NioSocketChannel.java:327)
	at org.apache.ratis.thirdparty.io.netty.channel.nio.AbstractNioChannel$AbstractNioUnsafe.finishConnect(AbstractNioChannel.java:340)
	at org.apache.ratis.thirdparty.io.netty.channel.nio.NioEventLoop.processSelectedKey(NioEventLoop.java:632)
	at org.apache.ratis.thirdparty.io.netty.channel.nio.NioEventLoop.processSelectedKeysOptimized(NioEventLoop.java:579)
	at org.apache.ratis.thirdparty.io.netty.channel.nio.NioEventLoop.processSelectedKeys(NioEventLoop.java:496)
	at org.apache.ratis.thirdparty.io.netty.channel.nio.NioEventLoop.run(NioEventLoop.java:458)
	at org.apache.ratis.thirdparty.io.netty.util.concurrent.SingleThreadEventExecutor$5.run(SingleThreadEventExecutor.java:897)
	at org.apache.ratis.thirdparty.io.netty.util.concurrent.FastThreadLocalRunnable.run(FastThreadLocalRunnable.java:30)
	... 1 more
Caused by: java.net.ConnectException: Connection refused
	... 11 more
2019-11-14 00:40:01,528 [91297bf6-d797-4b12-9aab-de0c4610252f@group-4121DB32C757-LeaderElection195] INFO  impl.LeaderElection (LogUtils.java:infoOrTrace(149)) - 91297bf6-d797-4b12-9aab-de0c4610252f@group-4121DB32C757-LeaderElection195 got exception when requesting votes: {}
java.util.concurrent.ExecutionException: org.apache.ratis.thirdparty.io.grpc.StatusRuntimeException: UNAVAILABLE: io exception
	at java.util.concurrent.FutureTask.report(FutureTask.java:122)
	at java.util.concurrent.FutureTask.get(FutureTask.java:192)
	at org.apache.ratis.server.impl.LeaderElection.waitForResults(LeaderElection.java:259)
	at org.apache.ratis.server.impl.LeaderElection.askForVotes(LeaderElection.java:197)
	at org.apache.ratis.server.impl.LeaderElection.run(LeaderElection.java:133)
	at java.lang.Thread.run(Thread.java:748)
Caused by: org.apache.ratis.thirdparty.io.grpc.StatusRuntimeException: UNAVAILABLE: io exception
	at org.apache.ratis.thirdparty.io.grpc.stub.ClientCalls.toStatusRuntimeException(ClientCalls.java:233)
	at org.apache.ratis.thirdparty.io.grpc.stub.ClientCalls.getUnchecked(ClientCalls.java:214)
	at org.apache.ratis.thirdparty.io.grpc.stub.ClientCalls.blockingUnaryCall(ClientCalls.java:139)
	at org.apache.ratis.proto.grpc.RaftServerProtocolServiceGrpc$RaftServerProtocolServiceBlockingStub.requestVote(RaftServerProtocolServiceGrpc.java:265)
	at org.apache.ratis.grpc.server.GrpcServerProtocolClient.requestVote(GrpcServerProtocolClient.java:99)
	at org.apache.ratis.grpc.server.GrpcService.requestVote(GrpcService.java:204)
	at org.apache.ratis.server.impl.LeaderElection.lambda$submitRequests$1(LeaderElection.java:234)
	at java.util.concurrent.FutureTask.run(FutureTask.java:266)
	at java.util.concurrent.Executors$RunnableAdapter.call(Executors.java:511)
	at java.util.concurrent.FutureTask.run(FutureTask.java:266)
	at java.util.concurrent.ThreadPoolExecutor.runWorker(ThreadPoolExecutor.java:1149)
	at java.util.concurrent.ThreadPoolExecutor$Worker.run(ThreadPoolExecutor.java:624)
	... 1 more
Caused by: org.apache.ratis.thirdparty.io.netty.channel.AbstractChannel$AnnotatedConnectException: Connection refused: /192.168.34.25:38828
	at sun.nio.ch.SocketChannelImpl.checkConnect(Native Method)
	at sun.nio.ch.SocketChannelImpl.finishConnect(SocketChannelImpl.java:717)
	at org.apache.ratis.thirdparty.io.netty.channel.socket.nio.NioSocketChannel.doFinishConnect(NioSocketChannel.java:327)
	at org.apache.ratis.thirdparty.io.netty.channel.nio.AbstractNioChannel$AbstractNioUnsafe.finishConnect(AbstractNioChannel.java:340)
	at org.apache.ratis.thirdparty.io.netty.channel.nio.NioEventLoop.processSelectedKey(NioEventLoop.java:632)
	at org.apache.ratis.thirdparty.io.netty.channel.nio.NioEventLoop.processSelectedKeysOptimized(NioEventLoop.java:579)
	at org.apache.ratis.thirdparty.io.netty.channel.nio.NioEventLoop.processSelectedKeys(NioEventLoop.java:496)
	at org.apache.ratis.thirdparty.io.netty.channel.nio.NioEventLoop.run(NioEventLoop.java:458)
	at org.apache.ratis.thirdparty.io.netty.util.concurrent.SingleThreadEventExecutor$5.run(SingleThreadEventExecutor.java:897)
	at org.apache.ratis.thirdparty.io.netty.util.concurrent.FastThreadLocalRunnable.run(FastThreadLocalRunnable.java:30)
	... 1 more
Caused by: java.net.ConnectException: Connection refused
	... 11 more
2019-11-14 00:40:01,529 [91297bf6-d797-4b12-9aab-de0c4610252f@group-4121DB32C757-LeaderElection195] INFO  impl.LeaderElection (LeaderElection.java:logAndReturn(56)) - 91297bf6-d797-4b12-9aab-de0c4610252f@group-4121DB32C757-LeaderElection195: Election REJECTED; received 0 response(s) [] and 2 exception(s); 91297bf6-d797-4b12-9aab-de0c4610252f@group-4121DB32C757:t4, leader=null, voted=91297bf6-d797-4b12-9aab-de0c4610252f, raftlog=91297bf6-d797-4b12-9aab-de0c4610252f@group-4121DB32C757-SegmentedRaftLog:OPENED:c0,f0,i0, conf=0: [cd0a212a-ef86-44b1-8f77-22d0bd8fbd35:192.168.34.25:38897, 91297bf6-d797-4b12-9aab-de0c4610252f:192.168.34.25:35231, f3a6f38f-08d4-4a6a-b30b-ec54e2e520c3:192.168.34.25:38828], old=null
2019-11-14 00:40:01,529 [91297bf6-d797-4b12-9aab-de0c4610252f@group-4121DB32C757-LeaderElection195] INFO  impl.LeaderElection (LogUtils.java:infoOrTrace(149)) -   Exception 0: {}
java.util.concurrent.ExecutionException: org.apache.ratis.thirdparty.io.grpc.StatusRuntimeException: UNAVAILABLE: io exception
	at java.util.concurrent.FutureTask.report(FutureTask.java:122)
	at java.util.concurrent.FutureTask.get(FutureTask.java:192)
	at org.apache.ratis.server.impl.LeaderElection.waitForResults(LeaderElection.java:259)
	at org.apache.ratis.server.impl.LeaderElection.askForVotes(LeaderElection.java:197)
	at org.apache.ratis.server.impl.LeaderElection.run(LeaderElection.java:133)
	at java.lang.Thread.run(Thread.java:748)
Caused by: org.apache.ratis.thirdparty.io.grpc.StatusRuntimeException: UNAVAILABLE: io exception
	at org.apache.ratis.thirdparty.io.grpc.stub.ClientCalls.toStatusRuntimeException(ClientCalls.java:233)
	at org.apache.ratis.thirdparty.io.grpc.stub.ClientCalls.getUnchecked(ClientCalls.java:214)
	at org.apache.ratis.thirdparty.io.grpc.stub.ClientCalls.blockingUnaryCall(ClientCalls.java:139)
	at org.apache.ratis.proto.grpc.RaftServerProtocolServiceGrpc$RaftServerProtocolServiceBlockingStub.requestVote(RaftServerProtocolServiceGrpc.java:265)
	at org.apache.ratis.grpc.server.GrpcServerProtocolClient.requestVote(GrpcServerProtocolClient.java:99)
	at org.apache.ratis.grpc.server.GrpcService.requestVote(GrpcService.java:204)
	at org.apache.ratis.server.impl.LeaderElection.lambda$submitRequests$1(LeaderElection.java:234)
	at java.util.concurrent.FutureTask.run(FutureTask.java:266)
	at java.util.concurrent.Executors$RunnableAdapter.call(Executors.java:511)
	at java.util.concurrent.FutureTask.run(FutureTask.java:266)
	at java.util.concurrent.ThreadPoolExecutor.runWorker(ThreadPoolExecutor.java:1149)
	at java.util.concurrent.ThreadPoolExecutor$Worker.run(ThreadPoolExecutor.java:624)
	... 1 more
Caused by: org.apache.ratis.thirdparty.io.netty.channel.AbstractChannel$AnnotatedConnectException: Connection refused: /192.168.34.25:38897
	at sun.nio.ch.SocketChannelImpl.checkConnect(Native Method)
	at sun.nio.ch.SocketChannelImpl.finishConnect(SocketChannelImpl.java:717)
	at org.apache.ratis.thirdparty.io.netty.channel.socket.nio.NioSocketChannel.doFinishConnect(NioSocketChannel.java:327)
	at org.apache.ratis.thirdparty.io.netty.channel.nio.AbstractNioChannel$AbstractNioUnsafe.finishConnect(AbstractNioChannel.java:340)
	at org.apache.ratis.thirdparty.io.netty.channel.nio.NioEventLoop.processSelectedKey(NioEventLoop.java:632)
	at org.apache.ratis.thirdparty.io.netty.channel.nio.NioEventLoop.processSelectedKeysOptimized(NioEventLoop.java:579)
	at org.apache.ratis.thirdparty.io.netty.channel.nio.NioEventLoop.processSelectedKeys(NioEventLoop.java:496)
	at org.apache.ratis.thirdparty.io.netty.channel.nio.NioEventLoop.run(NioEventLoop.java:458)
	at org.apache.ratis.thirdparty.io.netty.util.concurrent.SingleThreadEventExecutor$5.run(SingleThreadEventExecutor.java:897)
	at org.apache.ratis.thirdparty.io.netty.util.concurrent.FastThreadLocalRunnable.run(FastThreadLocalRunnable.java:30)
	... 1 more
Caused by: java.net.ConnectException: Connection refused
	... 11 more
2019-11-14 00:40:01,529 [91297bf6-d797-4b12-9aab-de0c4610252f@group-4121DB32C757-LeaderElection195] INFO  impl.LeaderElection (LogUtils.java:infoOrTrace(149)) -   Exception 1: {}
java.util.concurrent.ExecutionException: org.apache.ratis.thirdparty.io.grpc.StatusRuntimeException: UNAVAILABLE: io exception
	at java.util.concurrent.FutureTask.report(FutureTask.java:122)
	at java.util.concurrent.FutureTask.get(FutureTask.java:192)
	at org.apache.ratis.server.impl.LeaderElection.waitForResults(LeaderElection.java:259)
	at org.apache.ratis.server.impl.LeaderElection.askForVotes(LeaderElection.java:197)
	at org.apache.ratis.server.impl.LeaderElection.run(LeaderElection.java:133)
	at java.lang.Thread.run(Thread.java:748)
Caused by: org.apache.ratis.thirdparty.io.grpc.StatusRuntimeException: UNAVAILABLE: io exception
	at org.apache.ratis.thirdparty.io.grpc.stub.ClientCalls.toStatusRuntimeException(ClientCalls.java:233)
	at org.apache.ratis.thirdparty.io.grpc.stub.ClientCalls.getUnchecked(ClientCalls.java:214)
	at org.apache.ratis.thirdparty.io.grpc.stub.ClientCalls.blockingUnaryCall(ClientCalls.java:139)
	at org.apache.ratis.proto.grpc.RaftServerProtocolServiceGrpc$RaftServerProtocolServiceBlockingStub.requestVote(RaftServerProtocolServiceGrpc.java:265)
	at org.apache.ratis.grpc.server.GrpcServerProtocolClient.requestVote(GrpcServerProtocolClient.java:99)
	at org.apache.ratis.grpc.server.GrpcService.requestVote(GrpcService.java:204)
	at org.apache.ratis.server.impl.LeaderElection.lambda$submitRequests$1(LeaderElection.java:234)
	at java.util.concurrent.FutureTask.run(FutureTask.java:266)
	at java.util.concurrent.Executors$RunnableAdapter.call(Executors.java:511)
	at java.util.concurrent.FutureTask.run(FutureTask.java:266)
	at java.util.concurrent.ThreadPoolExecutor.runWorker(ThreadPoolExecutor.java:1149)
	at java.util.concurrent.ThreadPoolExecutor$Worker.run(ThreadPoolExecutor.java:624)
	... 1 more
Caused by: org.apache.ratis.thirdparty.io.netty.channel.AbstractChannel$AnnotatedConnectException: Connection refused: /192.168.34.25:38828
	at sun.nio.ch.SocketChannelImpl.checkConnect(Native Method)
	at sun.nio.ch.SocketChannelImpl.finishConnect(SocketChannelImpl.java:717)
	at org.apache.ratis.thirdparty.io.netty.channel.socket.nio.NioSocketChannel.doFinishConnect(NioSocketChannel.java:327)
	at org.apache.ratis.thirdparty.io.netty.channel.nio.AbstractNioChannel$AbstractNioUnsafe.finishConnect(AbstractNioChannel.java:340)
	at org.apache.ratis.thirdparty.io.netty.channel.nio.NioEventLoop.processSelectedKey(NioEventLoop.java:632)
	at org.apache.ratis.thirdparty.io.netty.channel.nio.NioEventLoop.processSelectedKeysOptimized(NioEventLoop.java:579)
	at org.apache.ratis.thirdparty.io.netty.channel.nio.NioEventLoop.processSelectedKeys(NioEventLoop.java:496)
	at org.apache.ratis.thirdparty.io.netty.channel.nio.NioEventLoop.run(NioEventLoop.java:458)
	at org.apache.ratis.thirdparty.io.netty.util.concurrent.SingleThreadEventExecutor$5.run(SingleThreadEventExecutor.java:897)
	at org.apache.ratis.thirdparty.io.netty.util.concurrent.FastThreadLocalRunnable.run(FastThreadLocalRunnable.java:30)
	... 1 more
Caused by: java.net.ConnectException: Connection refused
	... 11 more
2019-11-14 00:40:01,530 [91297bf6-d797-4b12-9aab-de0c4610252f@group-4121DB32C757-LeaderElection195] INFO  impl.RaftServerImpl (RaftServerImpl.java:setRole(173)) - 91297bf6-d797-4b12-9aab-de0c4610252f@group-4121DB32C757: changes role from CANDIDATE to FOLLOWER at term 4 for DISCOVERED_A_NEW_TERM
2019-11-14 00:40:01,530 [91297bf6-d797-4b12-9aab-de0c4610252f@group-4121DB32C757-LeaderElection195] INFO  impl.RoleInfo (RoleInfo.java:shutdownLeaderElection(134)) - 91297bf6-d797-4b12-9aab-de0c4610252f: shutdown LeaderElection
2019-11-14 00:40:01,530 [91297bf6-d797-4b12-9aab-de0c4610252f@group-4121DB32C757-LeaderElection195] INFO  impl.RoleInfo (RoleInfo.java:updateAndGet(143)) - 91297bf6-d797-4b12-9aab-de0c4610252f: start FollowerState
2019-11-14 00:40:01,819 [grpc-default-executor-8] WARN  server.GrpcLogAppender (LogUtils.java:warn(134)) - 4c0227a7-61cb-4c13-bcf3-e9ab107c9374@group-46DCB38A8CDA->536e24f7-ac60-4eb9-a985-13294793bd01-AppendLogResponseHandler: Failed appendEntries: org.apache.ratis.thirdparty.io.grpc.StatusRuntimeException: UNAVAILABLE: io exception
2019-11-14 00:40:01,819 [grpc-default-executor-8] INFO  impl.FollowerInfo (FollowerInfo.java:lambda$new$0(51)) - 4c0227a7-61cb-4c13-bcf3-e9ab107c9374@group-46DCB38A8CDA->536e24f7-ac60-4eb9-a985-13294793bd01: nextIndex: updateUnconditionally 0 -> 0
2019-11-14 00:40:02,320 [grpc-default-executor-8] WARN  server.GrpcLogAppender (LogUtils.java:warn(134)) - 4c0227a7-61cb-4c13-bcf3-e9ab107c9374@group-46DCB38A8CDA->536e24f7-ac60-4eb9-a985-13294793bd01-AppendLogResponseHandler: Failed appendEntries: org.apache.ratis.thirdparty.io.grpc.StatusRuntimeException: UNAVAILABLE: io exception
2019-11-14 00:40:02,321 [grpc-default-executor-8] INFO  impl.FollowerInfo (FollowerInfo.java:lambda$new$0(51)) - 4c0227a7-61cb-4c13-bcf3-e9ab107c9374@group-46DCB38A8CDA->536e24f7-ac60-4eb9-a985-13294793bd01: nextIndex: updateUnconditionally 0 -> 0
2019-11-14 00:40:02,590 [Thread-4318] INFO  impl.FollowerState (FollowerState.java:run(111)) - 91297bf6-d797-4b12-9aab-de0c4610252f@group-4121DB32C757-FollowerState: change to CANDIDATE, lastRpcTime:1059ms, electionTimeout:1059ms
2019-11-14 00:40:02,590 [Thread-4318] INFO  impl.RoleInfo (RoleInfo.java:shutdownFollowerState(121)) - 91297bf6-d797-4b12-9aab-de0c4610252f: shutdown FollowerState
2019-11-14 00:40:02,590 [Thread-4318] INFO  impl.RaftServerImpl (RaftServerImpl.java:setRole(173)) - 91297bf6-d797-4b12-9aab-de0c4610252f@group-4121DB32C757: changes role from  FOLLOWER to CANDIDATE at term 4 for changeToCandidate
2019-11-14 00:40:02,591 [Thread-4318] INFO  impl.RoleInfo (RoleInfo.java:updateAndGet(143)) - 91297bf6-d797-4b12-9aab-de0c4610252f: start LeaderElection
2019-11-14 00:40:02,607 [91297bf6-d797-4b12-9aab-de0c4610252f@group-4121DB32C757-LeaderElection196] INFO  impl.LeaderElection (LeaderElection.java:askForVotes(178)) - 91297bf6-d797-4b12-9aab-de0c4610252f@group-4121DB32C757-LeaderElection196: begin an election at term 5 for 0: [cd0a212a-ef86-44b1-8f77-22d0bd8fbd35:192.168.34.25:38897, 91297bf6-d797-4b12-9aab-de0c4610252f:192.168.34.25:35231, f3a6f38f-08d4-4a6a-b30b-ec54e2e520c3:192.168.34.25:38828], old=null
2019-11-14 00:40:02,610 [91297bf6-d797-4b12-9aab-de0c4610252f@group-4121DB32C757-LeaderElection196] INFO  impl.LeaderElection (LogUtils.java:infoOrTrace(149)) - 91297bf6-d797-4b12-9aab-de0c4610252f@group-4121DB32C757-LeaderElection196 got exception when requesting votes: {}
java.util.concurrent.ExecutionException: org.apache.ratis.thirdparty.io.grpc.StatusRuntimeException: UNAVAILABLE: io exception
	at java.util.concurrent.FutureTask.report(FutureTask.java:122)
	at java.util.concurrent.FutureTask.get(FutureTask.java:192)
	at org.apache.ratis.server.impl.LeaderElection.waitForResults(LeaderElection.java:259)
	at org.apache.ratis.server.impl.LeaderElection.askForVotes(LeaderElection.java:197)
	at org.apache.ratis.server.impl.LeaderElection.run(LeaderElection.java:133)
	at java.lang.Thread.run(Thread.java:748)
Caused by: org.apache.ratis.thirdparty.io.grpc.StatusRuntimeException: UNAVAILABLE: io exception
	at org.apache.ratis.thirdparty.io.grpc.stub.ClientCalls.toStatusRuntimeException(ClientCalls.java:233)
	at org.apache.ratis.thirdparty.io.grpc.stub.ClientCalls.getUnchecked(ClientCalls.java:214)
	at org.apache.ratis.thirdparty.io.grpc.stub.ClientCalls.blockingUnaryCall(ClientCalls.java:139)
	at org.apache.ratis.proto.grpc.RaftServerProtocolServiceGrpc$RaftServerProtocolServiceBlockingStub.requestVote(RaftServerProtocolServiceGrpc.java:265)
	at org.apache.ratis.grpc.server.GrpcServerProtocolClient.requestVote(GrpcServerProtocolClient.java:99)
	at org.apache.ratis.grpc.server.GrpcService.requestVote(GrpcService.java:204)
	at org.apache.ratis.server.impl.LeaderElection.lambda$submitRequests$1(LeaderElection.java:234)
	at java.util.concurrent.FutureTask.run(FutureTask.java:266)
	at java.util.concurrent.Executors$RunnableAdapter.call(Executors.java:511)
	at java.util.concurrent.FutureTask.run(FutureTask.java:266)
	at java.util.concurrent.ThreadPoolExecutor.runWorker(ThreadPoolExecutor.java:1149)
	at java.util.concurrent.ThreadPoolExecutor$Worker.run(ThreadPoolExecutor.java:624)
	... 1 more
Caused by: org.apache.ratis.thirdparty.io.netty.channel.AbstractChannel$AnnotatedConnectException: Connection refused: /192.168.34.25:38897
	at sun.nio.ch.SocketChannelImpl.checkConnect(Native Method)
	at sun.nio.ch.SocketChannelImpl.finishConnect(SocketChannelImpl.java:717)
	at org.apache.ratis.thirdparty.io.netty.channel.socket.nio.NioSocketChannel.doFinishConnect(NioSocketChannel.java:327)
	at org.apache.ratis.thirdparty.io.netty.channel.nio.AbstractNioChannel$AbstractNioUnsafe.finishConnect(AbstractNioChannel.java:340)
	at org.apache.ratis.thirdparty.io.netty.channel.nio.NioEventLoop.processSelectedKey(NioEventLoop.java:632)
	at org.apache.ratis.thirdparty.io.netty.channel.nio.NioEventLoop.processSelectedKeysOptimized(NioEventLoop.java:579)
	at org.apache.ratis.thirdparty.io.netty.channel.nio.NioEventLoop.processSelectedKeys(NioEventLoop.java:496)
	at org.apache.ratis.thirdparty.io.netty.channel.nio.NioEventLoop.run(NioEventLoop.java:458)
	at org.apache.ratis.thirdparty.io.netty.util.concurrent.SingleThreadEventExecutor$5.run(SingleThreadEventExecutor.java:897)
	at org.apache.ratis.thirdparty.io.netty.util.concurrent.FastThreadLocalRunnable.run(FastThreadLocalRunnable.java:30)
	... 1 more
Caused by: java.net.ConnectException: Connection refused
	... 11 more
2019-11-14 00:40:02,610 [91297bf6-d797-4b12-9aab-de0c4610252f@group-4121DB32C757-LeaderElection196] INFO  impl.LeaderElection (LogUtils.java:infoOrTrace(149)) - 91297bf6-d797-4b12-9aab-de0c4610252f@group-4121DB32C757-LeaderElection196 got exception when requesting votes: {}
java.util.concurrent.ExecutionException: org.apache.ratis.thirdparty.io.grpc.StatusRuntimeException: UNAVAILABLE: io exception
	at java.util.concurrent.FutureTask.report(FutureTask.java:122)
	at java.util.concurrent.FutureTask.get(FutureTask.java:192)
	at org.apache.ratis.server.impl.LeaderElection.waitForResults(LeaderElection.java:259)
	at org.apache.ratis.server.impl.LeaderElection.askForVotes(LeaderElection.java:197)
	at org.apache.ratis.server.impl.LeaderElection.run(LeaderElection.java:133)
	at java.lang.Thread.run(Thread.java:748)
Caused by: org.apache.ratis.thirdparty.io.grpc.StatusRuntimeException: UNAVAILABLE: io exception
	at org.apache.ratis.thirdparty.io.grpc.stub.ClientCalls.toStatusRuntimeException(ClientCalls.java:233)
	at org.apache.ratis.thirdparty.io.grpc.stub.ClientCalls.getUnchecked(ClientCalls.java:214)
	at org.apache.ratis.thirdparty.io.grpc.stub.ClientCalls.blockingUnaryCall(ClientCalls.java:139)
	at org.apache.ratis.proto.grpc.RaftServerProtocolServiceGrpc$RaftServerProtocolServiceBlockingStub.requestVote(RaftServerProtocolServiceGrpc.java:265)
	at org.apache.ratis.grpc.server.GrpcServerProtocolClient.requestVote(GrpcServerProtocolClient.java:99)
	at org.apache.ratis.grpc.server.GrpcService.requestVote(GrpcService.java:204)
	at org.apache.ratis.server.impl.LeaderElection.lambda$submitRequests$1(LeaderElection.java:234)
	at java.util.concurrent.FutureTask.run(FutureTask.java:266)
	at java.util.concurrent.Executors$RunnableAdapter.call(Executors.java:511)
	at java.util.concurrent.FutureTask.run(FutureTask.java:266)
	at java.util.concurrent.ThreadPoolExecutor.runWorker(ThreadPoolExecutor.java:1149)
	at java.util.concurrent.ThreadPoolExecutor$Worker.run(ThreadPoolExecutor.java:624)
	... 1 more
Caused by: org.apache.ratis.thirdparty.io.netty.channel.AbstractChannel$AnnotatedConnectException: Connection refused: /192.168.34.25:38828
	at sun.nio.ch.SocketChannelImpl.checkConnect(Native Method)
	at sun.nio.ch.SocketChannelImpl.finishConnect(SocketChannelImpl.java:717)
	at org.apache.ratis.thirdparty.io.netty.channel.socket.nio.NioSocketChannel.doFinishConnect(NioSocketChannel.java:327)
	at org.apache.ratis.thirdparty.io.netty.channel.nio.AbstractNioChannel$AbstractNioUnsafe.finishConnect(AbstractNioChannel.java:340)
	at org.apache.ratis.thirdparty.io.netty.channel.nio.NioEventLoop.processSelectedKey(NioEventLoop.java:632)
	at org.apache.ratis.thirdparty.io.netty.channel.nio.NioEventLoop.processSelectedKeysOptimized(NioEventLoop.java:579)
	at org.apache.ratis.thirdparty.io.netty.channel.nio.NioEventLoop.processSelectedKeys(NioEventLoop.java:496)
	at org.apache.ratis.thirdparty.io.netty.channel.nio.NioEventLoop.run(NioEventLoop.java:458)
	at org.apache.ratis.thirdparty.io.netty.util.concurrent.SingleThreadEventExecutor$5.run(SingleThreadEventExecutor.java:897)
	at org.apache.ratis.thirdparty.io.netty.util.concurrent.FastThreadLocalRunnable.run(FastThreadLocalRunnable.java:30)
	... 1 more
Caused by: java.net.ConnectException: Connection refused
	... 11 more
2019-11-14 00:40:02,611 [91297bf6-d797-4b12-9aab-de0c4610252f@group-4121DB32C757-LeaderElection196] INFO  impl.LeaderElection (LeaderElection.java:logAndReturn(56)) - 91297bf6-d797-4b12-9aab-de0c4610252f@group-4121DB32C757-LeaderElection196: Election REJECTED; received 0 response(s) [] and 2 exception(s); 91297bf6-d797-4b12-9aab-de0c4610252f@group-4121DB32C757:t5, leader=null, voted=91297bf6-d797-4b12-9aab-de0c4610252f, raftlog=91297bf6-d797-4b12-9aab-de0c4610252f@group-4121DB32C757-SegmentedRaftLog:OPENED:c0,f0,i0, conf=0: [cd0a212a-ef86-44b1-8f77-22d0bd8fbd35:192.168.34.25:38897, 91297bf6-d797-4b12-9aab-de0c4610252f:192.168.34.25:35231, f3a6f38f-08d4-4a6a-b30b-ec54e2e520c3:192.168.34.25:38828], old=null
2019-11-14 00:40:02,611 [91297bf6-d797-4b12-9aab-de0c4610252f@group-4121DB32C757-LeaderElection196] INFO  impl.LeaderElection (LogUtils.java:infoOrTrace(149)) -   Exception 0: {}
java.util.concurrent.ExecutionException: org.apache.ratis.thirdparty.io.grpc.StatusRuntimeException: UNAVAILABLE: io exception
	at java.util.concurrent.FutureTask.report(FutureTask.java:122)
	at java.util.concurrent.FutureTask.get(FutureTask.java:192)
	at org.apache.ratis.server.impl.LeaderElection.waitForResults(LeaderElection.java:259)
	at org.apache.ratis.server.impl.LeaderElection.askForVotes(LeaderElection.java:197)
	at org.apache.ratis.server.impl.LeaderElection.run(LeaderElection.java:133)
	at java.lang.Thread.run(Thread.java:748)
Caused by: org.apache.ratis.thirdparty.io.grpc.StatusRuntimeException: UNAVAILABLE: io exception
	at org.apache.ratis.thirdparty.io.grpc.stub.ClientCalls.toStatusRuntimeException(ClientCalls.java:233)
	at org.apache.ratis.thirdparty.io.grpc.stub.ClientCalls.getUnchecked(ClientCalls.java:214)
	at org.apache.ratis.thirdparty.io.grpc.stub.ClientCalls.blockingUnaryCall(ClientCalls.java:139)
	at org.apache.ratis.proto.grpc.RaftServerProtocolServiceGrpc$RaftServerProtocolServiceBlockingStub.requestVote(RaftServerProtocolServiceGrpc.java:265)
	at org.apache.ratis.grpc.server.GrpcServerProtocolClient.requestVote(GrpcServerProtocolClient.java:99)
	at org.apache.ratis.grpc.server.GrpcService.requestVote(GrpcService.java:204)
	at org.apache.ratis.server.impl.LeaderElection.lambda$submitRequests$1(LeaderElection.java:234)
	at java.util.concurrent.FutureTask.run(FutureTask.java:266)
	at java.util.concurrent.Executors$RunnableAdapter.call(Executors.java:511)
	at java.util.concurrent.FutureTask.run(FutureTask.java:266)
	at java.util.concurrent.ThreadPoolExecutor.runWorker(ThreadPoolExecutor.java:1149)
	at java.util.concurrent.ThreadPoolExecutor$Worker.run(ThreadPoolExecutor.java:624)
	... 1 more
Caused by: org.apache.ratis.thirdparty.io.netty.channel.AbstractChannel$AnnotatedConnectException: Connection refused: /192.168.34.25:38897
	at sun.nio.ch.SocketChannelImpl.checkConnect(Native Method)
	at sun.nio.ch.SocketChannelImpl.finishConnect(SocketChannelImpl.java:717)
	at org.apache.ratis.thirdparty.io.netty.channel.socket.nio.NioSocketChannel.doFinishConnect(NioSocketChannel.java:327)
	at org.apache.ratis.thirdparty.io.netty.channel.nio.AbstractNioChannel$AbstractNioUnsafe.finishConnect(AbstractNioChannel.java:340)
	at org.apache.ratis.thirdparty.io.netty.channel.nio.NioEventLoop.processSelectedKey(NioEventLoop.java:632)
	at org.apache.ratis.thirdparty.io.netty.channel.nio.NioEventLoop.processSelectedKeysOptimized(NioEventLoop.java:579)
	at org.apache.ratis.thirdparty.io.netty.channel.nio.NioEventLoop.processSelectedKeys(NioEventLoop.java:496)
	at org.apache.ratis.thirdparty.io.netty.channel.nio.NioEventLoop.run(NioEventLoop.java:458)
	at org.apache.ratis.thirdparty.io.netty.util.concurrent.SingleThreadEventExecutor$5.run(SingleThreadEventExecutor.java:897)
	at org.apache.ratis.thirdparty.io.netty.util.concurrent.FastThreadLocalRunnable.run(FastThreadLocalRunnable.java:30)
	... 1 more
Caused by: java.net.ConnectException: Connection refused
	... 11 more
2019-11-14 00:40:02,612 [91297bf6-d797-4b12-9aab-de0c4610252f@group-4121DB32C757-LeaderElection196] INFO  impl.LeaderElection (LogUtils.java:infoOrTrace(149)) -   Exception 1: {}
java.util.concurrent.ExecutionException: org.apache.ratis.thirdparty.io.grpc.StatusRuntimeException: UNAVAILABLE: io exception
	at java.util.concurrent.FutureTask.report(FutureTask.java:122)
	at java.util.concurrent.FutureTask.get(FutureTask.java:192)
	at org.apache.ratis.server.impl.LeaderElection.waitForResults(LeaderElection.java:259)
	at org.apache.ratis.server.impl.LeaderElection.askForVotes(LeaderElection.java:197)
	at org.apache.ratis.server.impl.LeaderElection.run(LeaderElection.java:133)
	at java.lang.Thread.run(Thread.java:748)
Caused by: org.apache.ratis.thirdparty.io.grpc.StatusRuntimeException: UNAVAILABLE: io exception
	at org.apache.ratis.thirdparty.io.grpc.stub.ClientCalls.toStatusRuntimeException(ClientCalls.java:233)
	at org.apache.ratis.thirdparty.io.grpc.stub.ClientCalls.getUnchecked(ClientCalls.java:214)
	at org.apache.ratis.thirdparty.io.grpc.stub.ClientCalls.blockingUnaryCall(ClientCalls.java:139)
	at org.apache.ratis.proto.grpc.RaftServerProtocolServiceGrpc$RaftServerProtocolServiceBlockingStub.requestVote(RaftServerProtocolServiceGrpc.java:265)
	at org.apache.ratis.grpc.server.GrpcServerProtocolClient.requestVote(GrpcServerProtocolClient.java:99)
	at org.apache.ratis.grpc.server.GrpcService.requestVote(GrpcService.java:204)
	at org.apache.ratis.server.impl.LeaderElection.lambda$submitRequests$1(LeaderElection.java:234)
	at java.util.concurrent.FutureTask.run(FutureTask.java:266)
	at java.util.concurrent.Executors$RunnableAdapter.call(Executors.java:511)
	at java.util.concurrent.FutureTask.run(FutureTask.java:266)
	at java.util.concurrent.ThreadPoolExecutor.runWorker(ThreadPoolExecutor.java:1149)
	at java.util.concurrent.ThreadPoolExecutor$Worker.run(ThreadPoolExecutor.java:624)
	... 1 more
Caused by: org.apache.ratis.thirdparty.io.netty.channel.AbstractChannel$AnnotatedConnectException: Connection refused: /192.168.34.25:38828
	at sun.nio.ch.SocketChannelImpl.checkConnect(Native Method)
	at sun.nio.ch.SocketChannelImpl.finishConnect(SocketChannelImpl.java:717)
	at org.apache.ratis.thirdparty.io.netty.channel.socket.nio.NioSocketChannel.doFinishConnect(NioSocketChannel.java:327)
	at org.apache.ratis.thirdparty.io.netty.channel.nio.AbstractNioChannel$AbstractNioUnsafe.finishConnect(AbstractNioChannel.java:340)
	at org.apache.ratis.thirdparty.io.netty.channel.nio.NioEventLoop.processSelectedKey(NioEventLoop.java:632)
	at org.apache.ratis.thirdparty.io.netty.channel.nio.NioEventLoop.processSelectedKeysOptimized(NioEventLoop.java:579)
	at org.apache.ratis.thirdparty.io.netty.channel.nio.NioEventLoop.processSelectedKeys(NioEventLoop.java:496)
	at org.apache.ratis.thirdparty.io.netty.channel.nio.NioEventLoop.run(NioEventLoop.java:458)
	at org.apache.ratis.thirdparty.io.netty.util.concurrent.SingleThreadEventExecutor$5.run(SingleThreadEventExecutor.java:897)
	at org.apache.ratis.thirdparty.io.netty.util.concurrent.FastThreadLocalRunnable.run(FastThreadLocalRunnable.java:30)
	... 1 more
Caused by: java.net.ConnectException: Connection refused
	... 11 more
2019-11-14 00:40:02,612 [91297bf6-d797-4b12-9aab-de0c4610252f@group-4121DB32C757-LeaderElection196] INFO  impl.RaftServerImpl (RaftServerImpl.java:setRole(173)) - 91297bf6-d797-4b12-9aab-de0c4610252f@group-4121DB32C757: changes role from CANDIDATE to FOLLOWER at term 5 for DISCOVERED_A_NEW_TERM
2019-11-14 00:40:02,612 [91297bf6-d797-4b12-9aab-de0c4610252f@group-4121DB32C757-LeaderElection196] INFO  impl.RoleInfo (RoleInfo.java:shutdownLeaderElection(134)) - 91297bf6-d797-4b12-9aab-de0c4610252f: shutdown LeaderElection
2019-11-14 00:40:02,612 [91297bf6-d797-4b12-9aab-de0c4610252f@group-4121DB32C757-LeaderElection196] INFO  impl.RoleInfo (RoleInfo.java:updateAndGet(143)) - 91297bf6-d797-4b12-9aab-de0c4610252f: start FollowerState
2019-11-14 00:40:02,821 [grpc-default-executor-8] WARN  server.GrpcLogAppender (LogUtils.java:warn(134)) - 4c0227a7-61cb-4c13-bcf3-e9ab107c9374@group-46DCB38A8CDA->536e24f7-ac60-4eb9-a985-13294793bd01-AppendLogResponseHandler: Failed appendEntries: org.apache.ratis.thirdparty.io.grpc.StatusRuntimeException: UNAVAILABLE: io exception
2019-11-14 00:40:02,821 [grpc-default-executor-8] INFO  impl.FollowerInfo (FollowerInfo.java:lambda$new$0(51)) - 4c0227a7-61cb-4c13-bcf3-e9ab107c9374@group-46DCB38A8CDA->536e24f7-ac60-4eb9-a985-13294793bd01: nextIndex: updateUnconditionally 0 -> 0
2019-11-14 00:40:03,057 [ForkJoinPool.commonPool-worker-1] INFO  ozoneimpl.OzoneContainer (OzoneContainer.java:stop(244)) - Attempting to stop container services.
2019-11-14 00:40:03,058 [ForkJoinPool.commonPool-worker-1] INFO  impl.RaftServerProxy (RaftServerProxy.java:lambda$close$4(314)) - 4c0227a7-61cb-4c13-bcf3-e9ab107c9374: close
2019-11-14 00:40:03,058 [ForkJoinPool.commonPool-worker-1] INFO  impl.RaftServerImpl (RaftServerImpl.java:lambda$shutdown$3(250)) - 4c0227a7-61cb-4c13-bcf3-e9ab107c9374@group-46DCB38A8CDA: shutdown
2019-11-14 00:40:03,059 [ForkJoinPool.commonPool-worker-1] INFO  util.JmxRegister (JmxRegister.java:unregister(73)) - Successfully un-registered JMX Bean with object name Ratis:service=RaftServer,group=group-46DCB38A8CDA,id=4c0227a7-61cb-4c13-bcf3-e9ab107c9374
2019-11-14 00:40:03,059 [ForkJoinPool.commonPool-worker-1] INFO  impl.RoleInfo (RoleInfo.java:shutdownLeaderState(104)) - 4c0227a7-61cb-4c13-bcf3-e9ab107c9374: shutdown LeaderState
2019-11-14 00:40:03,061 [ForkJoinPool.commonPool-worker-1] INFO  impl.PendingRequests (PendingRequests.java:sendNotLeaderResponses(206)) - 4c0227a7-61cb-4c13-bcf3-e9ab107c9374@group-46DCB38A8CDA-PendingRequests: sendNotLeaderResponses
2019-11-14 00:40:03,062 [org.apache.ratis.server.impl.LogAppender$AppenderDaemon$$Lambda$478/1809456900@69e493fe] WARN  server.GrpcLogAppender (GrpcLogAppender.java:mayWait(151)) - 4c0227a7-61cb-4c13-bcf3-e9ab107c9374@group-46DCB38A8CDA->2f70a07d-1e84-46bf-8533-fdd294c919e1-GrpcLogAppender: Wait interrupted by java.lang.InterruptedException
2019-11-14 00:40:03,062 [org.apache.ratis.server.impl.LogAppender$AppenderDaemon$$Lambda$478/1809456900@2ce61806] WARN  server.GrpcLogAppender (GrpcLogAppender.java:mayWait(151)) - 4c0227a7-61cb-4c13-bcf3-e9ab107c9374@group-46DCB38A8CDA->536e24f7-ac60-4eb9-a985-13294793bd01-GrpcLogAppender: Wait interrupted by java.lang.InterruptedException
2019-11-14 00:40:03,062 [ForkJoinPool.commonPool-worker-1] INFO  impl.StateMachineUpdater (StateMachineUpdater.java:stopAndJoin(136)) - 4c0227a7-61cb-4c13-bcf3-e9ab107c9374@group-46DCB38A8CDA-StateMachineUpdater: set stopIndex = 0
2019-11-14 00:40:03,063 [grpc-default-executor-8] INFO  server.GrpcServerProtocolService (GrpcServerProtocolService.java:onCompleted(113)) - 2f70a07d-1e84-46bf-8533-fdd294c919e1: Completed APPEND_ENTRIES, lastRequest: 4c0227a7-61cb-4c13-bcf3-e9ab107c9374->2f70a07d-1e84-46bf-8533-fdd294c919e1#40-t1, previous=(t:1, i:0), leaderCommit=0, initializing? false, entries: <empty>
2019-11-14 00:40:03,063 [ForkJoinPool.commonPool-worker-1] INFO  impl.RaftServerImpl (ServerState.java:close(387)) - 4c0227a7-61cb-4c13-bcf3-e9ab107c9374@group-46DCB38A8CDA: closes. applyIndex: 0
2019-11-14 00:40:03,063 [4c0227a7-61cb-4c13-bcf3-e9ab107c9374@group-46DCB38A8CDA-SegmentedRaftLogWorker] INFO  segmented.SegmentedRaftLogWorker (SegmentedRaftLogWorker.java:run(316)) - 4c0227a7-61cb-4c13-bcf3-e9ab107c9374@group-46DCB38A8CDA-SegmentedRaftLogWorker was interrupted, exiting. There are 0 tasks remaining in the queue.
2019-11-14 00:40:03,063 [grpc-default-executor-8] INFO  server.GrpcLogAppender (GrpcLogAppender.java:onCompleted(308)) - 4c0227a7-61cb-4c13-bcf3-e9ab107c9374@group-46DCB38A8CDA->2f70a07d-1e84-46bf-8533-fdd294c919e1-AppendLogResponseHandler: follower responses appendEntries COMPLETED
2019-11-14 00:40:03,064 [ForkJoinPool.commonPool-worker-1] INFO  segmented.SegmentedRaftLogWorker (SegmentedRaftLogWorker.java:close(224)) - 4c0227a7-61cb-4c13-bcf3-e9ab107c9374@group-46DCB38A8CDA-SegmentedRaftLogWorker close()
2019-11-14 00:40:03,064 [main] INFO  ozoneimpl.OzoneContainer (OzoneContainer.java:stop(244)) - Attempting to stop container services.
2019-11-14 00:40:03,065 [grpc-default-executor-8] INFO  impl.FollowerInfo (FollowerInfo.java:lambda$new$0(51)) - 4c0227a7-61cb-4c13-bcf3-e9ab107c9374@group-46DCB38A8CDA->2f70a07d-1e84-46bf-8533-fdd294c919e1: nextIndex: updateUnconditionally 1 -> 0
2019-11-14 00:40:03,065 [ForkJoinPool.commonPool-worker-1] INFO  impl.RaftServerImpl (RaftServerImpl.java:lambda$shutdown$3(250)) - 4c0227a7-61cb-4c13-bcf3-e9ab107c9374@group-5CD507DE2608: shutdown
2019-11-14 00:40:03,065 [main] INFO  impl.RaftServerProxy (RaftServerProxy.java:lambda$close$4(314)) - c5cc448d-8877-4f4e-8c4b-54f6ffcbe1c1: close
2019-11-14 00:40:03,066 [ForkJoinPool.commonPool-worker-1] INFO  util.JmxRegister (JmxRegister.java:unregister(73)) - Successfully un-registered JMX Bean with object name Ratis:service=RaftServer,group=group-5CD507DE2608,id=4c0227a7-61cb-4c13-bcf3-e9ab107c9374
2019-11-14 00:40:03,066 [main] INFO  impl.RaftServerImpl (RaftServerImpl.java:lambda$shutdown$3(250)) - c5cc448d-8877-4f4e-8c4b-54f6ffcbe1c1@group-0C22D01FE90D: shutdown
2019-11-14 00:40:03,066 [ForkJoinPool.commonPool-worker-1] INFO  impl.RoleInfo (RoleInfo.java:shutdownLeaderState(104)) - 4c0227a7-61cb-4c13-bcf3-e9ab107c9374: shutdown LeaderState
2019-11-14 00:40:03,066 [main] INFO  util.JmxRegister (JmxRegister.java:unregister(73)) - Successfully un-registered JMX Bean with object name Ratis:service=RaftServer,group=group-0C22D01FE90D,id=c5cc448d-8877-4f4e-8c4b-54f6ffcbe1c1
2019-11-14 00:40:03,066 [ForkJoinPool.commonPool-worker-1] INFO  impl.PendingRequests (PendingRequests.java:sendNotLeaderResponses(206)) - 4c0227a7-61cb-4c13-bcf3-e9ab107c9374@group-5CD507DE2608-PendingRequests: sendNotLeaderResponses
2019-11-14 00:40:03,066 [main] INFO  impl.RoleInfo (RoleInfo.java:shutdownLeaderState(104)) - c5cc448d-8877-4f4e-8c4b-54f6ffcbe1c1: shutdown LeaderState
2019-11-14 00:40:03,067 [ForkJoinPool.commonPool-worker-1] INFO  impl.StateMachineUpdater (StateMachineUpdater.java:stopAndJoin(136)) - 4c0227a7-61cb-4c13-bcf3-e9ab107c9374@group-5CD507DE2608-StateMachineUpdater: set stopIndex = 0
2019-11-14 00:40:03,067 [main] INFO  impl.PendingRequests (PendingRequests.java:sendNotLeaderResponses(206)) - c5cc448d-8877-4f4e-8c4b-54f6ffcbe1c1@group-0C22D01FE90D-PendingRequests: sendNotLeaderResponses
2019-11-14 00:40:03,067 [ForkJoinPool.commonPool-worker-1] INFO  impl.RaftServerImpl (ServerState.java:close(387)) - 4c0227a7-61cb-4c13-bcf3-e9ab107c9374@group-5CD507DE2608: closes. applyIndex: 0
2019-11-14 00:40:03,067 [main] INFO  impl.StateMachineUpdater (StateMachineUpdater.java:stopAndJoin(136)) - c5cc448d-8877-4f4e-8c4b-54f6ffcbe1c1@group-0C22D01FE90D-StateMachineUpdater: set stopIndex = 0
2019-11-14 00:40:03,067 [4c0227a7-61cb-4c13-bcf3-e9ab107c9374@group-5CD507DE2608-SegmentedRaftLogWorker] INFO  segmented.SegmentedRaftLogWorker (SegmentedRaftLogWorker.java:run(316)) - 4c0227a7-61cb-4c13-bcf3-e9ab107c9374@group-5CD507DE2608-SegmentedRaftLogWorker was interrupted, exiting. There are 0 tasks remaining in the queue.
2019-11-14 00:40:03,067 [main] INFO  impl.RaftServerImpl (ServerState.java:close(387)) - c5cc448d-8877-4f4e-8c4b-54f6ffcbe1c1@group-0C22D01FE90D: closes. applyIndex: 0
2019-11-14 00:40:03,067 [ForkJoinPool.commonPool-worker-1] INFO  segmented.SegmentedRaftLogWorker (SegmentedRaftLogWorker.java:close(224)) - 4c0227a7-61cb-4c13-bcf3-e9ab107c9374@group-5CD507DE2608-SegmentedRaftLogWorker close()
2019-11-14 00:40:03,068 [c5cc448d-8877-4f4e-8c4b-54f6ffcbe1c1@group-0C22D01FE90D-SegmentedRaftLogWorker] INFO  segmented.SegmentedRaftLogWorker (SegmentedRaftLogWorker.java:run(316)) - c5cc448d-8877-4f4e-8c4b-54f6ffcbe1c1@group-0C22D01FE90D-SegmentedRaftLogWorker was interrupted, exiting. There are 0 tasks remaining in the queue.
2019-11-14 00:40:03,069 [ForkJoinPool.commonPool-worker-1] INFO  server.GrpcService (GrpcService.java:closeImpl(164)) - 4c0227a7-61cb-4c13-bcf3-e9ab107c9374: shutdown server with port 39301 now
2019-11-14 00:40:03,069 [main] INFO  segmented.SegmentedRaftLogWorker (SegmentedRaftLogWorker.java:close(224)) - c5cc448d-8877-4f4e-8c4b-54f6ffcbe1c1@group-0C22D01FE90D-SegmentedRaftLogWorker close()
2019-11-14 00:40:03,069 [ForkJoinPool.commonPool-worker-1] INFO  server.GrpcService (GrpcService.java:closeImpl(172)) - 4c0227a7-61cb-4c13-bcf3-e9ab107c9374: shutdown server with port 39301 successfully
2019-11-14 00:40:03,070 [main] INFO  server.GrpcService (GrpcService.java:closeImpl(164)) - c5cc448d-8877-4f4e-8c4b-54f6ffcbe1c1: shutdown server with port 35731 now
2019-11-14 00:40:03,070 [main] INFO  server.GrpcService (GrpcService.java:closeImpl(172)) - c5cc448d-8877-4f4e-8c4b-54f6ffcbe1c1: shutdown server with port 35731 successfully
2019-11-14 00:40:03,071 [refreshUsed-/workdir/hadoop-ozone/integration-test/target/test-dir/MiniOzoneClusterImpl-f0c02ddf-6665-4004-91fc-64de6051483a/datanode-0/data/containers] WARN  fs.CachingGetSpaceUsed (CachingGetSpaceUsed.java:run(183)) - Thread Interrupted waiting to refresh disk information: sleep interrupted
2019-11-14 00:40:03,072 [refreshUsed-/workdir/hadoop-ozone/integration-test/target/test-dir/MiniOzoneClusterImpl-f0c02ddf-6665-4004-91fc-64de6051483a/datanode-9/data/containers] WARN  fs.CachingGetSpaceUsed (CachingGetSpaceUsed.java:run(183)) - Thread Interrupted waiting to refresh disk information: sleep interrupted
2019-11-14 00:40:03,087 [ForkJoinPool.commonPool-worker-1] INFO  utils.BackgroundService (BackgroundService.java:shutdown(151)) - Shutting down service BlockDeletingService
2019-11-14 00:40:03,089 [ForkJoinPool.commonPool-worker-1] INFO  statemachine.DatanodeStateMachine (DatanodeStateMachine.java:stopDaemon(395)) - Ozone container server stopped.
2019-11-14 00:40:03,089 [main] INFO  utils.BackgroundService (BackgroundService.java:shutdown(151)) - Shutting down service BlockDeletingService
2019-11-14 00:40:03,091 [main] INFO  statemachine.DatanodeStateMachine (DatanodeStateMachine.java:stopDaemon(395)) - Ozone container server stopped.
2019-11-14 00:40:03,091 [ForkJoinPool.commonPool-worker-1] INFO  handler.ContextHandler (ContextHandler.java:doStop(910)) - Stopped o.e.j.w.WebAppContext@7e191fda{/,null,UNAVAILABLE}{/hddsDatanode}
2019-11-14 00:40:03,092 [main] INFO  handler.ContextHandler (ContextHandler.java:doStop(910)) - Stopped o.e.j.w.WebAppContext@7de147e9{/,null,UNAVAILABLE}{/hddsDatanode}
2019-11-14 00:40:03,092 [ForkJoinPool.commonPool-worker-1] INFO  server.AbstractConnector (AbstractConnector.java:doStop(318)) - Stopped ServerConnector@6562cc23{HTTP/1.1,[http/1.1]}{0.0.0.0:0}
2019-11-14 00:40:03,093 [ForkJoinPool.commonPool-worker-1] INFO  handler.ContextHandler (ContextHandler.java:doStop(910)) - Stopped o.e.j.s.ServletContextHandler@5627cb29{/static,jar:file:/home/user/.m2/repository/org/apache/hadoop/hadoop-hdds-container-service/0.5.0-SNAPSHOT/hadoop-hdds-container-service-0.5.0-SNAPSHOT.jar!/webapps/static,UNAVAILABLE}
2019-11-14 00:40:03,093 [main] INFO  server.AbstractConnector (AbstractConnector.java:doStop(318)) - Stopped ServerConnector@12567179{HTTP/1.1,[http/1.1]}{0.0.0.0:0}
2019-11-14 00:40:03,093 [ForkJoinPool.commonPool-worker-1] INFO  handler.ContextHandler (ContextHandler.java:doStop(910)) - Stopped o.e.j.s.ServletContextHandler@76a362a4{/logs,file:///workdir/hadoop-ozone/integration-test/target/log,UNAVAILABLE}
2019-11-14 00:40:03,094 [main] INFO  handler.ContextHandler (ContextHandler.java:doStop(910)) - Stopped o.e.j.s.ServletContextHandler@424f02b8{/static,jar:file:/home/user/.m2/repository/org/apache/hadoop/hadoop-hdds-container-service/0.5.0-SNAPSHOT/hadoop-hdds-container-service-0.5.0-SNAPSHOT.jar!/webapps/static,UNAVAILABLE}
2019-11-14 00:40:03,094 [main] INFO  handler.ContextHandler (ContextHandler.java:doStop(910)) - Stopped o.e.j.s.ServletContextHandler@661e1399{/logs,file:///workdir/hadoop-ozone/integration-test/target/log,UNAVAILABLE}
2019-11-14 00:40:03,542 [Datanode State Machine Thread - 0] INFO  statemachine.DatanodeStateMachine (DatanodeStateMachine.java:lambda$startDaemon$0(350)) - Ozone container server started.
2019-11-14 00:40:03,683 [Thread-4324] INFO  impl.FollowerState (FollowerState.java:run(111)) - 91297bf6-d797-4b12-9aab-de0c4610252f@group-4121DB32C757-FollowerState: change to CANDIDATE, lastRpcTime:1070ms, electionTimeout:1070ms
2019-11-14 00:40:03,683 [Thread-4324] INFO  impl.RoleInfo (RoleInfo.java:shutdownFollowerState(121)) - 91297bf6-d797-4b12-9aab-de0c4610252f: shutdown FollowerState
2019-11-14 00:40:03,683 [Thread-4324] INFO  impl.RaftServerImpl (RaftServerImpl.java:setRole(173)) - 91297bf6-d797-4b12-9aab-de0c4610252f@group-4121DB32C757: changes role from  FOLLOWER to CANDIDATE at term 5 for changeToCandidate
2019-11-14 00:40:03,684 [Thread-4324] INFO  impl.RoleInfo (RoleInfo.java:updateAndGet(143)) - 91297bf6-d797-4b12-9aab-de0c4610252f: start LeaderElection
2019-11-14 00:40:03,699 [91297bf6-d797-4b12-9aab-de0c4610252f@group-4121DB32C757-LeaderElection197] INFO  impl.LeaderElection (LeaderElection.java:askForVotes(178)) - 91297bf6-d797-4b12-9aab-de0c4610252f@group-4121DB32C757-LeaderElection197: begin an election at term 6 for 0: [cd0a212a-ef86-44b1-8f77-22d0bd8fbd35:192.168.34.25:38897, 91297bf6-d797-4b12-9aab-de0c4610252f:192.168.34.25:35231, f3a6f38f-08d4-4a6a-b30b-ec54e2e520c3:192.168.34.25:38828], old=null
2019-11-14 00:40:03,700 [91297bf6-d797-4b12-9aab-de0c4610252f@group-4121DB32C757-LeaderElection197] INFO  impl.LeaderElection (LogUtils.java:infoOrTrace(149)) - 91297bf6-d797-4b12-9aab-de0c4610252f@group-4121DB32C757-LeaderElection197 got exception when requesting votes: {}
java.util.concurrent.ExecutionException: org.apache.ratis.thirdparty.io.grpc.StatusRuntimeException: UNAVAILABLE: io exception
	at java.util.concurrent.FutureTask.report(FutureTask.java:122)
	at java.util.concurrent.FutureTask.get(FutureTask.java:192)
	at org.apache.ratis.server.impl.LeaderElection.waitForResults(LeaderElection.java:259)
	at org.apache.ratis.server.impl.LeaderElection.askForVotes(LeaderElection.java:197)
	at org.apache.ratis.server.impl.LeaderElection.run(LeaderElection.java:133)
	at java.lang.Thread.run(Thread.java:748)
Caused by: org.apache.ratis.thirdparty.io.grpc.StatusRuntimeException: UNAVAILABLE: io exception
	at org.apache.ratis.thirdparty.io.grpc.stub.ClientCalls.toStatusRuntimeException(ClientCalls.java:233)
	at org.apache.ratis.thirdparty.io.grpc.stub.ClientCalls.getUnchecked(ClientCalls.java:214)
	at org.apache.ratis.thirdparty.io.grpc.stub.ClientCalls.blockingUnaryCall(ClientCalls.java:139)
	at org.apache.ratis.proto.grpc.RaftServerProtocolServiceGrpc$RaftServerProtocolServiceBlockingStub.requestVote(RaftServerProtocolServiceGrpc.java:265)
	at org.apache.ratis.grpc.server.GrpcServerProtocolClient.requestVote(GrpcServerProtocolClient.java:99)
	at org.apache.ratis.grpc.server.GrpcService.requestVote(GrpcService.java:204)
	at org.apache.ratis.server.impl.LeaderElection.lambda$submitRequests$1(LeaderElection.java:234)
	at java.util.concurrent.FutureTask.run(FutureTask.java:266)
	at java.util.concurrent.Executors$RunnableAdapter.call(Executors.java:511)
	at java.util.concurrent.FutureTask.run(FutureTask.java:266)
	at java.util.concurrent.ThreadPoolExecutor.runWorker(ThreadPoolExecutor.java:1149)
	at java.util.concurrent.ThreadPoolExecutor$Worker.run(ThreadPoolExecutor.java:624)
	... 1 more
Caused by: org.apache.ratis.thirdparty.io.netty.channel.AbstractChannel$AnnotatedConnectException: Connection refused: /192.168.34.25:38897
	at sun.nio.ch.SocketChannelImpl.checkConnect(Native Method)
	at sun.nio.ch.SocketChannelImpl.finishConnect(SocketChannelImpl.java:717)
	at org.apache.ratis.thirdparty.io.netty.channel.socket.nio.NioSocketChannel.doFinishConnect(NioSocketChannel.java:327)
	at org.apache.ratis.thirdparty.io.netty.channel.nio.AbstractNioChannel$AbstractNioUnsafe.finishConnect(AbstractNioChannel.java:340)
	at org.apache.ratis.thirdparty.io.netty.channel.nio.NioEventLoop.processSelectedKey(NioEventLoop.java:632)
	at org.apache.ratis.thirdparty.io.netty.channel.nio.NioEventLoop.processSelectedKeysOptimized(NioEventLoop.java:579)
	at org.apache.ratis.thirdparty.io.netty.channel.nio.NioEventLoop.processSelectedKeys(NioEventLoop.java:496)
	at org.apache.ratis.thirdparty.io.netty.channel.nio.NioEventLoop.run(NioEventLoop.java:458)
	at org.apache.ratis.thirdparty.io.netty.util.concurrent.SingleThreadEventExecutor$5.run(SingleThreadEventExecutor.java:897)
	at org.apache.ratis.thirdparty.io.netty.util.concurrent.FastThreadLocalRunnable.run(FastThreadLocalRunnable.java:30)
	... 1 more
Caused by: java.net.ConnectException: Connection refused
	... 11 more
2019-11-14 00:40:03,700 [91297bf6-d797-4b12-9aab-de0c4610252f@group-4121DB32C757-LeaderElection197] INFO  impl.LeaderElection (LogUtils.java:infoOrTrace(149)) - 91297bf6-d797-4b12-9aab-de0c4610252f@group-4121DB32C757-LeaderElection197 got exception when requesting votes: {}
java.util.concurrent.ExecutionException: org.apache.ratis.thirdparty.io.grpc.StatusRuntimeException: UNAVAILABLE: io exception
	at java.util.concurrent.FutureTask.report(FutureTask.java:122)
	at java.util.concurrent.FutureTask.get(FutureTask.java:192)
	at org.apache.ratis.server.impl.LeaderElection.waitForResults(LeaderElection.java:259)
	at org.apache.ratis.server.impl.LeaderElection.askForVotes(LeaderElection.java:197)
	at org.apache.ratis.server.impl.LeaderElection.run(LeaderElection.java:133)
	at java.lang.Thread.run(Thread.java:748)
Caused by: org.apache.ratis.thirdparty.io.grpc.StatusRuntimeException: UNAVAILABLE: io exception
	at org.apache.ratis.thirdparty.io.grpc.stub.ClientCalls.toStatusRuntimeException(ClientCalls.java:233)
	at org.apache.ratis.thirdparty.io.grpc.stub.ClientCalls.getUnchecked(ClientCalls.java:214)
	at org.apache.ratis.thirdparty.io.grpc.stub.ClientCalls.blockingUnaryCall(ClientCalls.java:139)
	at org.apache.ratis.proto.grpc.RaftServerProtocolServiceGrpc$RaftServerProtocolServiceBlockingStub.requestVote(RaftServerProtocolServiceGrpc.java:265)
	at org.apache.ratis.grpc.server.GrpcServerProtocolClient.requestVote(GrpcServerProtocolClient.java:99)
	at org.apache.ratis.grpc.server.GrpcService.requestVote(GrpcService.java:204)
	at org.apache.ratis.server.impl.LeaderElection.lambda$submitRequests$1(LeaderElection.java:234)
	at java.util.concurrent.FutureTask.run(FutureTask.java:266)
	at java.util.concurrent.Executors$RunnableAdapter.call(Executors.java:511)
	at java.util.concurrent.FutureTask.run(FutureTask.java:266)
	at java.util.concurrent.ThreadPoolExecutor.runWorker(ThreadPoolExecutor.java:1149)
	at java.util.concurrent.ThreadPoolExecutor$Worker.run(ThreadPoolExecutor.java:624)
	... 1 more
Caused by: org.apache.ratis.thirdparty.io.netty.channel.AbstractChannel$AnnotatedConnectException: Connection refused: /192.168.34.25:38828
	at sun.nio.ch.SocketChannelImpl.checkConnect(Native Method)
	at sun.nio.ch.SocketChannelImpl.finishConnect(SocketChannelImpl.java:717)
	at org.apache.ratis.thirdparty.io.netty.channel.socket.nio.NioSocketChannel.doFinishConnect(NioSocketChannel.java:327)
	at org.apache.ratis.thirdparty.io.netty.channel.nio.AbstractNioChannel$AbstractNioUnsafe.finishConnect(AbstractNioChannel.java:340)
	at org.apache.ratis.thirdparty.io.netty.channel.nio.NioEventLoop.processSelectedKey(NioEventLoop.java:632)
	at org.apache.ratis.thirdparty.io.netty.channel.nio.NioEventLoop.processSelectedKeysOptimized(NioEventLoop.java:579)
	at org.apache.ratis.thirdparty.io.netty.channel.nio.NioEventLoop.processSelectedKeys(NioEventLoop.java:496)
	at org.apache.ratis.thirdparty.io.netty.channel.nio.NioEventLoop.run(NioEventLoop.java:458)
	at org.apache.ratis.thirdparty.io.netty.util.concurrent.SingleThreadEventExecutor$5.run(SingleThreadEventExecutor.java:897)
	at org.apache.ratis.thirdparty.io.netty.util.concurrent.FastThreadLocalRunnable.run(FastThreadLocalRunnable.java:30)
	... 1 more
Caused by: java.net.ConnectException: Connection refused
	... 11 more
2019-11-14 00:40:03,701 [91297bf6-d797-4b12-9aab-de0c4610252f@group-4121DB32C757-LeaderElection197] INFO  impl.LeaderElection (LeaderElection.java:logAndReturn(56)) - 91297bf6-d797-4b12-9aab-de0c4610252f@group-4121DB32C757-LeaderElection197: Election REJECTED; received 0 response(s) [] and 2 exception(s); 91297bf6-d797-4b12-9aab-de0c4610252f@group-4121DB32C757:t6, leader=null, voted=91297bf6-d797-4b12-9aab-de0c4610252f, raftlog=91297bf6-d797-4b12-9aab-de0c4610252f@group-4121DB32C757-SegmentedRaftLog:OPENED:c0,f0,i0, conf=0: [cd0a212a-ef86-44b1-8f77-22d0bd8fbd35:192.168.34.25:38897, 91297bf6-d797-4b12-9aab-de0c4610252f:192.168.34.25:35231, f3a6f38f-08d4-4a6a-b30b-ec54e2e520c3:192.168.34.25:38828], old=null
2019-11-14 00:40:03,701 [91297bf6-d797-4b12-9aab-de0c4610252f@group-4121DB32C757-LeaderElection197] INFO  impl.LeaderElection (LogUtils.java:infoOrTrace(149)) -   Exception 0: {}
java.util.concurrent.ExecutionException: org.apache.ratis.thirdparty.io.grpc.StatusRuntimeException: UNAVAILABLE: io exception
	at java.util.concurrent.FutureTask.report(FutureTask.java:122)
	at java.util.concurrent.FutureTask.get(FutureTask.java:192)
	at org.apache.ratis.server.impl.LeaderElection.waitForResults(LeaderElection.java:259)
	at org.apache.ratis.server.impl.LeaderElection.askForVotes(LeaderElection.java:197)
	at org.apache.ratis.server.impl.LeaderElection.run(LeaderElection.java:133)
	at java.lang.Thread.run(Thread.java:748)
Caused by: org.apache.ratis.thirdparty.io.grpc.StatusRuntimeException: UNAVAILABLE: io exception
	at org.apache.ratis.thirdparty.io.grpc.stub.ClientCalls.toStatusRuntimeException(ClientCalls.java:233)
	at org.apache.ratis.thirdparty.io.grpc.stub.ClientCalls.getUnchecked(ClientCalls.java:214)
	at org.apache.ratis.thirdparty.io.grpc.stub.ClientCalls.blockingUnaryCall(ClientCalls.java:139)
	at org.apache.ratis.proto.grpc.RaftServerProtocolServiceGrpc$RaftServerProtocolServiceBlockingStub.requestVote(RaftServerProtocolServiceGrpc.java:265)
	at org.apache.ratis.grpc.server.GrpcServerProtocolClient.requestVote(GrpcServerProtocolClient.java:99)
	at org.apache.ratis.grpc.server.GrpcService.requestVote(GrpcService.java:204)
	at org.apache.ratis.server.impl.LeaderElection.lambda$submitRequests$1(LeaderElection.java:234)
	at java.util.concurrent.FutureTask.run(FutureTask.java:266)
	at java.util.concurrent.Executors$RunnableAdapter.call(Executors.java:511)
	at java.util.concurrent.FutureTask.run(FutureTask.java:266)
	at java.util.concurrent.ThreadPoolExecutor.runWorker(ThreadPoolExecutor.java:1149)
	at java.util.concurrent.ThreadPoolExecutor$Worker.run(ThreadPoolExecutor.java:624)
	... 1 more
Caused by: org.apache.ratis.thirdparty.io.netty.channel.AbstractChannel$AnnotatedConnectException: Connection refused: /192.168.34.25:38897
	at sun.nio.ch.SocketChannelImpl.checkConnect(Native Method)
	at sun.nio.ch.SocketChannelImpl.finishConnect(SocketChannelImpl.java:717)
	at org.apache.ratis.thirdparty.io.netty.channel.socket.nio.NioSocketChannel.doFinishConnect(NioSocketChannel.java:327)
	at org.apache.ratis.thirdparty.io.netty.channel.nio.AbstractNioChannel$AbstractNioUnsafe.finishConnect(AbstractNioChannel.java:340)
	at org.apache.ratis.thirdparty.io.netty.channel.nio.NioEventLoop.processSelectedKey(NioEventLoop.java:632)
	at org.apache.ratis.thirdparty.io.netty.channel.nio.NioEventLoop.processSelectedKeysOptimized(NioEventLoop.java:579)
	at org.apache.ratis.thirdparty.io.netty.channel.nio.NioEventLoop.processSelectedKeys(NioEventLoop.java:496)
	at org.apache.ratis.thirdparty.io.netty.channel.nio.NioEventLoop.run(NioEventLoop.java:458)
	at org.apache.ratis.thirdparty.io.netty.util.concurrent.SingleThreadEventExecutor$5.run(SingleThreadEventExecutor.java:897)
	at org.apache.ratis.thirdparty.io.netty.util.concurrent.FastThreadLocalRunnable.run(FastThreadLocalRunnable.java:30)
	... 1 more
Caused by: java.net.ConnectException: Connection refused
	... 11 more
2019-11-14 00:40:03,702 [91297bf6-d797-4b12-9aab-de0c4610252f@group-4121DB32C757-LeaderElection197] INFO  impl.LeaderElection (LogUtils.java:infoOrTrace(149)) -   Exception 1: {}
java.util.concurrent.ExecutionException: org.apache.ratis.thirdparty.io.grpc.StatusRuntimeException: UNAVAILABLE: io exception
	at java.util.concurrent.FutureTask.report(FutureTask.java:122)
	at java.util.concurrent.FutureTask.get(FutureTask.java:192)
	at org.apache.ratis.server.impl.LeaderElection.waitForResults(LeaderElection.java:259)
	at org.apache.ratis.server.impl.LeaderElection.askForVotes(LeaderElection.java:197)
	at org.apache.ratis.server.impl.LeaderElection.run(LeaderElection.java:133)
	at java.lang.Thread.run(Thread.java:748)
Caused by: org.apache.ratis.thirdparty.io.grpc.StatusRuntimeException: UNAVAILABLE: io exception
	at org.apache.ratis.thirdparty.io.grpc.stub.ClientCalls.toStatusRuntimeException(ClientCalls.java:233)
	at org.apache.ratis.thirdparty.io.grpc.stub.ClientCalls.getUnchecked(ClientCalls.java:214)
	at org.apache.ratis.thirdparty.io.grpc.stub.ClientCalls.blockingUnaryCall(ClientCalls.java:139)
	at org.apache.ratis.proto.grpc.RaftServerProtocolServiceGrpc$RaftServerProtocolServiceBlockingStub.requestVote(RaftServerProtocolServiceGrpc.java:265)
	at org.apache.ratis.grpc.server.GrpcServerProtocolClient.requestVote(GrpcServerProtocolClient.java:99)
	at org.apache.ratis.grpc.server.GrpcService.requestVote(GrpcService.java:204)
	at org.apache.ratis.server.impl.LeaderElection.lambda$submitRequests$1(LeaderElection.java:234)
	at java.util.concurrent.FutureTask.run(FutureTask.java:266)
	at java.util.concurrent.Executors$RunnableAdapter.call(Executors.java:511)
	at java.util.concurrent.FutureTask.run(FutureTask.java:266)
	at java.util.concurrent.ThreadPoolExecutor.runWorker(ThreadPoolExecutor.java:1149)
	at java.util.concurrent.ThreadPoolExecutor$Worker.run(ThreadPoolExecutor.java:624)
	... 1 more
Caused by: org.apache.ratis.thirdparty.io.netty.channel.AbstractChannel$AnnotatedConnectException: Connection refused: /192.168.34.25:38828
	at sun.nio.ch.SocketChannelImpl.checkConnect(Native Method)
	at sun.nio.ch.SocketChannelImpl.finishConnect(SocketChannelImpl.java:717)
	at org.apache.ratis.thirdparty.io.netty.channel.socket.nio.NioSocketChannel.doFinishConnect(NioSocketChannel.java:327)
	at org.apache.ratis.thirdparty.io.netty.channel.nio.AbstractNioChannel$AbstractNioUnsafe.finishConnect(AbstractNioChannel.java:340)
	at org.apache.ratis.thirdparty.io.netty.channel.nio.NioEventLoop.processSelectedKey(NioEventLoop.java:632)
	at org.apache.ratis.thirdparty.io.netty.channel.nio.NioEventLoop.processSelectedKeysOptimized(NioEventLoop.java:579)
	at org.apache.ratis.thirdparty.io.netty.channel.nio.NioEventLoop.processSelectedKeys(NioEventLoop.java:496)
	at org.apache.ratis.thirdparty.io.netty.channel.nio.NioEventLoop.run(NioEventLoop.java:458)
	at org.apache.ratis.thirdparty.io.netty.util.concurrent.SingleThreadEventExecutor$5.run(SingleThreadEventExecutor.java:897)
	at org.apache.ratis.thirdparty.io.netty.util.concurrent.FastThreadLocalRunnable.run(FastThreadLocalRunnable.java:30)
	... 1 more
Caused by: java.net.ConnectException: Connection refused
	... 11 more
2019-11-14 00:40:03,702 [91297bf6-d797-4b12-9aab-de0c4610252f@group-4121DB32C757-LeaderElection197] INFO  impl.RaftServerImpl (RaftServerImpl.java:setRole(173)) - 91297bf6-d797-4b12-9aab-de0c4610252f@group-4121DB32C757: changes role from CANDIDATE to FOLLOWER at term 6 for DISCOVERED_A_NEW_TERM
2019-11-14 00:40:03,702 [91297bf6-d797-4b12-9aab-de0c4610252f@group-4121DB32C757-LeaderElection197] INFO  impl.RoleInfo (RoleInfo.java:shutdownLeaderElection(134)) - 91297bf6-d797-4b12-9aab-de0c4610252f: shutdown LeaderElection
2019-11-14 00:40:03,702 [91297bf6-d797-4b12-9aab-de0c4610252f@group-4121DB32C757-LeaderElection197] INFO  impl.RoleInfo (RoleInfo.java:updateAndGet(143)) - 91297bf6-d797-4b12-9aab-de0c4610252f: start FollowerState
2019-11-14 00:40:04,091 [Datanode State Machine Thread - 0] INFO  statemachine.DatanodeStateMachine (DatanodeStateMachine.java:lambda$startDaemon$0(350)) - Ozone container server started.
2019-11-14 00:40:04,785 [Thread-4329] INFO  impl.FollowerState (FollowerState.java:run(111)) - 91297bf6-d797-4b12-9aab-de0c4610252f@group-4121DB32C757-FollowerState: change to CANDIDATE, lastRpcTime:1082ms, electionTimeout:1082ms
2019-11-14 00:40:04,785 [Thread-4329] INFO  impl.RoleInfo (RoleInfo.java:shutdownFollowerState(121)) - 91297bf6-d797-4b12-9aab-de0c4610252f: shutdown FollowerState
2019-11-14 00:40:04,785 [Thread-4329] INFO  impl.RaftServerImpl (RaftServerImpl.java:setRole(173)) - 91297bf6-d797-4b12-9aab-de0c4610252f@group-4121DB32C757: changes role from  FOLLOWER to CANDIDATE at term 6 for changeToCandidate
2019-11-14 00:40:04,785 [Thread-4329] INFO  impl.RoleInfo (RoleInfo.java:updateAndGet(143)) - 91297bf6-d797-4b12-9aab-de0c4610252f: start LeaderElection
2019-11-14 00:40:04,955 [91297bf6-d797-4b12-9aab-de0c4610252f@group-4121DB32C757-LeaderElection198] INFO  impl.LeaderElection (LeaderElection.java:askForVotes(178)) - 91297bf6-d797-4b12-9aab-de0c4610252f@group-4121DB32C757-LeaderElection198: begin an election at term 7 for 0: [cd0a212a-ef86-44b1-8f77-22d0bd8fbd35:192.168.34.25:38897, 91297bf6-d797-4b12-9aab-de0c4610252f:192.168.34.25:35231, f3a6f38f-08d4-4a6a-b30b-ec54e2e520c3:192.168.34.25:38828], old=null
2019-11-14 00:40:04,956 [91297bf6-d797-4b12-9aab-de0c4610252f@group-4121DB32C757-LeaderElection198] INFO  impl.LeaderElection (LogUtils.java:infoOrTrace(149)) - 91297bf6-d797-4b12-9aab-de0c4610252f@group-4121DB32C757-LeaderElection198 got exception when requesting votes: {}
java.util.concurrent.ExecutionException: org.apache.ratis.thirdparty.io.grpc.StatusRuntimeException: UNAVAILABLE: io exception
	at java.util.concurrent.FutureTask.report(FutureTask.java:122)
	at java.util.concurrent.FutureTask.get(FutureTask.java:192)
	at org.apache.ratis.server.impl.LeaderElection.waitForResults(LeaderElection.java:259)
	at org.apache.ratis.server.impl.LeaderElection.askForVotes(LeaderElection.java:197)
	at org.apache.ratis.server.impl.LeaderElection.run(LeaderElection.java:133)
	at java.lang.Thread.run(Thread.java:748)
Caused by: org.apache.ratis.thirdparty.io.grpc.StatusRuntimeException: UNAVAILABLE: io exception
	at org.apache.ratis.thirdparty.io.grpc.stub.ClientCalls.toStatusRuntimeException(ClientCalls.java:233)
	at org.apache.ratis.thirdparty.io.grpc.stub.ClientCalls.getUnchecked(ClientCalls.java:214)
	at org.apache.ratis.thirdparty.io.grpc.stub.ClientCalls.blockingUnaryCall(ClientCalls.java:139)
	at org.apache.ratis.proto.grpc.RaftServerProtocolServiceGrpc$RaftServerProtocolServiceBlockingStub.requestVote(RaftServerProtocolServiceGrpc.java:265)
	at org.apache.ratis.grpc.server.GrpcServerProtocolClient.requestVote(GrpcServerProtocolClient.java:99)
	at org.apache.ratis.grpc.server.GrpcService.requestVote(GrpcService.java:204)
	at org.apache.ratis.server.impl.LeaderElection.lambda$submitRequests$1(LeaderElection.java:234)
	at java.util.concurrent.FutureTask.run(FutureTask.java:266)
	at java.util.concurrent.Executors$RunnableAdapter.call(Executors.java:511)
	at java.util.concurrent.FutureTask.run(FutureTask.java:266)
	at java.util.concurrent.ThreadPoolExecutor.runWorker(ThreadPoolExecutor.java:1149)
	at java.util.concurrent.ThreadPoolExecutor$Worker.run(ThreadPoolExecutor.java:624)
	... 1 more
Caused by: org.apache.ratis.thirdparty.io.netty.channel.AbstractChannel$AnnotatedConnectException: Connection refused: /192.168.34.25:38897
	at sun.nio.ch.SocketChannelImpl.checkConnect(Native Method)
	at sun.nio.ch.SocketChannelImpl.finishConnect(SocketChannelImpl.java:717)
	at org.apache.ratis.thirdparty.io.netty.channel.socket.nio.NioSocketChannel.doFinishConnect(NioSocketChannel.java:327)
	at org.apache.ratis.thirdparty.io.netty.channel.nio.AbstractNioChannel$AbstractNioUnsafe.finishConnect(AbstractNioChannel.java:340)
	at org.apache.ratis.thirdparty.io.netty.channel.nio.NioEventLoop.processSelectedKey(NioEventLoop.java:632)
	at org.apache.ratis.thirdparty.io.netty.channel.nio.NioEventLoop.processSelectedKeysOptimized(NioEventLoop.java:579)
	at org.apache.ratis.thirdparty.io.netty.channel.nio.NioEventLoop.processSelectedKeys(NioEventLoop.java:496)
	at org.apache.ratis.thirdparty.io.netty.channel.nio.NioEventLoop.run(NioEventLoop.java:458)
	at org.apache.ratis.thirdparty.io.netty.util.concurrent.SingleThreadEventExecutor$5.run(SingleThreadEventExecutor.java:897)
	at org.apache.ratis.thirdparty.io.netty.util.concurrent.FastThreadLocalRunnable.run(FastThreadLocalRunnable.java:30)
	... 1 more
Caused by: java.net.ConnectException: Connection refused
	... 11 more
2019-11-14 00:40:04,956 [91297bf6-d797-4b12-9aab-de0c4610252f@group-4121DB32C757-LeaderElection198] INFO  impl.LeaderElection (LogUtils.java:infoOrTrace(149)) - 91297bf6-d797-4b12-9aab-de0c4610252f@group-4121DB32C757-LeaderElection198 got exception when requesting votes: {}
java.util.concurrent.ExecutionException: org.apache.ratis.thirdparty.io.grpc.StatusRuntimeException: UNAVAILABLE: io exception
	at java.util.concurrent.FutureTask.report(FutureTask.java:122)
	at java.util.concurrent.FutureTask.get(FutureTask.java:192)
	at org.apache.ratis.server.impl.LeaderElection.waitForResults(LeaderElection.java:259)
	at org.apache.ratis.server.impl.LeaderElection.askForVotes(LeaderElection.java:197)
	at org.apache.ratis.server.impl.LeaderElection.run(LeaderElection.java:133)
	at java.lang.Thread.run(Thread.java:748)
Caused by: org.apache.ratis.thirdparty.io.grpc.StatusRuntimeException: UNAVAILABLE: io exception
	at org.apache.ratis.thirdparty.io.grpc.stub.ClientCalls.toStatusRuntimeException(ClientCalls.java:233)
	at org.apache.ratis.thirdparty.io.grpc.stub.ClientCalls.getUnchecked(ClientCalls.java:214)
	at org.apache.ratis.thirdparty.io.grpc.stub.ClientCalls.blockingUnaryCall(ClientCalls.java:139)
	at org.apache.ratis.proto.grpc.RaftServerProtocolServiceGrpc$RaftServerProtocolServiceBlockingStub.requestVote(RaftServerProtocolServiceGrpc.java:265)
	at org.apache.ratis.grpc.server.GrpcServerProtocolClient.requestVote(GrpcServerProtocolClient.java:99)
	at org.apache.ratis.grpc.server.GrpcService.requestVote(GrpcService.java:204)
	at org.apache.ratis.server.impl.LeaderElection.lambda$submitRequests$1(LeaderElection.java:234)
	at java.util.concurrent.FutureTask.run(FutureTask.java:266)
	at java.util.concurrent.Executors$RunnableAdapter.call(Executors.java:511)
	at java.util.concurrent.FutureTask.run(FutureTask.java:266)
	at java.util.concurrent.ThreadPoolExecutor.runWorker(ThreadPoolExecutor.java:1149)
	at java.util.concurrent.ThreadPoolExecutor$Worker.run(ThreadPoolExecutor.java:624)
	... 1 more
Caused by: org.apache.ratis.thirdparty.io.netty.channel.AbstractChannel$AnnotatedConnectException: Connection refused: /192.168.34.25:38828
	at sun.nio.ch.SocketChannelImpl.checkConnect(Native Method)
	at sun.nio.ch.SocketChannelImpl.finishConnect(SocketChannelImpl.java:717)
	at org.apache.ratis.thirdparty.io.netty.channel.socket.nio.NioSocketChannel.doFinishConnect(NioSocketChannel.java:327)
	at org.apache.ratis.thirdparty.io.netty.channel.nio.AbstractNioChannel$AbstractNioUnsafe.finishConnect(AbstractNioChannel.java:340)
	at org.apache.ratis.thirdparty.io.netty.channel.nio.NioEventLoop.processSelectedKey(NioEventLoop.java:632)
	at org.apache.ratis.thirdparty.io.netty.channel.nio.NioEventLoop.processSelectedKeysOptimized(NioEventLoop.java:579)
	at org.apache.ratis.thirdparty.io.netty.channel.nio.NioEventLoop.processSelectedKeys(NioEventLoop.java:496)
	at org.apache.ratis.thirdparty.io.netty.channel.nio.NioEventLoop.run(NioEventLoop.java:458)
	at org.apache.ratis.thirdparty.io.netty.util.concurrent.SingleThreadEventExecutor$5.run(SingleThreadEventExecutor.java:897)
	at org.apache.ratis.thirdparty.io.netty.util.concurrent.FastThreadLocalRunnable.run(FastThreadLocalRunnable.java:30)
	... 1 more
Caused by: java.net.ConnectException: Connection refused
	... 11 more
2019-11-14 00:40:04,957 [91297bf6-d797-4b12-9aab-de0c4610252f@group-4121DB32C757-LeaderElection198] INFO  impl.LeaderElection (LeaderElection.java:logAndReturn(56)) - 91297bf6-d797-4b12-9aab-de0c4610252f@group-4121DB32C757-LeaderElection198: Election REJECTED; received 0 response(s) [] and 2 exception(s); 91297bf6-d797-4b12-9aab-de0c4610252f@group-4121DB32C757:t7, leader=null, voted=91297bf6-d797-4b12-9aab-de0c4610252f, raftlog=91297bf6-d797-4b12-9aab-de0c4610252f@group-4121DB32C757-SegmentedRaftLog:OPENED:c0,f0,i0, conf=0: [cd0a212a-ef86-44b1-8f77-22d0bd8fbd35:192.168.34.25:38897, 91297bf6-d797-4b12-9aab-de0c4610252f:192.168.34.25:35231, f3a6f38f-08d4-4a6a-b30b-ec54e2e520c3:192.168.34.25:38828], old=null
2019-11-14 00:40:04,957 [91297bf6-d797-4b12-9aab-de0c4610252f@group-4121DB32C757-LeaderElection198] INFO  impl.LeaderElection (LogUtils.java:infoOrTrace(149)) -   Exception 0: {}
java.util.concurrent.ExecutionException: org.apache.ratis.thirdparty.io.grpc.StatusRuntimeException: UNAVAILABLE: io exception
	at java.util.concurrent.FutureTask.report(FutureTask.java:122)
	at java.util.concurrent.FutureTask.get(FutureTask.java:192)
	at org.apache.ratis.server.impl.LeaderElection.waitForResults(LeaderElection.java:259)
	at org.apache.ratis.server.impl.LeaderElection.askForVotes(LeaderElection.java:197)
	at org.apache.ratis.server.impl.LeaderElection.run(LeaderElection.java:133)
	at java.lang.Thread.run(Thread.java:748)
Caused by: org.apache.ratis.thirdparty.io.grpc.StatusRuntimeException: UNAVAILABLE: io exception
	at org.apache.ratis.thirdparty.io.grpc.stub.ClientCalls.toStatusRuntimeException(ClientCalls.java:233)
	at org.apache.ratis.thirdparty.io.grpc.stub.ClientCalls.getUnchecked(ClientCalls.java:214)
	at org.apache.ratis.thirdparty.io.grpc.stub.ClientCalls.blockingUnaryCall(ClientCalls.java:139)
	at org.apache.ratis.proto.grpc.RaftServerProtocolServiceGrpc$RaftServerProtocolServiceBlockingStub.requestVote(RaftServerProtocolServiceGrpc.java:265)
	at org.apache.ratis.grpc.server.GrpcServerProtocolClient.requestVote(GrpcServerProtocolClient.java:99)
	at org.apache.ratis.grpc.server.GrpcService.requestVote(GrpcService.java:204)
	at org.apache.ratis.server.impl.LeaderElection.lambda$submitRequests$1(LeaderElection.java:234)
	at java.util.concurrent.FutureTask.run(FutureTask.java:266)
	at java.util.concurrent.Executors$RunnableAdapter.call(Executors.java:511)
	at java.util.concurrent.FutureTask.run(FutureTask.java:266)
	at java.util.concurrent.ThreadPoolExecutor.runWorker(ThreadPoolExecutor.java:1149)
	at java.util.concurrent.ThreadPoolExecutor$Worker.run(ThreadPoolExecutor.java:624)
	... 1 more
Caused by: org.apache.ratis.thirdparty.io.netty.channel.AbstractChannel$AnnotatedConnectException: Connection refused: /192.168.34.25:38897
	at sun.nio.ch.SocketChannelImpl.checkConnect(Native Method)
	at sun.nio.ch.SocketChannelImpl.finishConnect(SocketChannelImpl.java:717)
	at org.apache.ratis.thirdparty.io.netty.channel.socket.nio.NioSocketChannel.doFinishConnect(NioSocketChannel.java:327)
	at org.apache.ratis.thirdparty.io.netty.channel.nio.AbstractNioChannel$AbstractNioUnsafe.finishConnect(AbstractNioChannel.java:340)
	at org.apache.ratis.thirdparty.io.netty.channel.nio.NioEventLoop.processSelectedKey(NioEventLoop.java:632)
	at org.apache.ratis.thirdparty.io.netty.channel.nio.NioEventLoop.processSelectedKeysOptimized(NioEventLoop.java:579)
	at org.apache.ratis.thirdparty.io.netty.channel.nio.NioEventLoop.processSelectedKeys(NioEventLoop.java:496)
	at org.apache.ratis.thirdparty.io.netty.channel.nio.NioEventLoop.run(NioEventLoop.java:458)
	at org.apache.ratis.thirdparty.io.netty.util.concurrent.SingleThreadEventExecutor$5.run(SingleThreadEventExecutor.java:897)
	at org.apache.ratis.thirdparty.io.netty.util.concurrent.FastThreadLocalRunnable.run(FastThreadLocalRunnable.java:30)
	... 1 more
Caused by: java.net.ConnectException: Connection refused
	... 11 more
2019-11-14 00:40:04,957 [91297bf6-d797-4b12-9aab-de0c4610252f@group-4121DB32C757-LeaderElection198] INFO  impl.LeaderElection (LogUtils.java:infoOrTrace(149)) -   Exception 1: {}
java.util.concurrent.ExecutionException: org.apache.ratis.thirdparty.io.grpc.StatusRuntimeException: UNAVAILABLE: io exception
	at java.util.concurrent.FutureTask.report(FutureTask.java:122)
	at java.util.concurrent.FutureTask.get(FutureTask.java:192)
	at org.apache.ratis.server.impl.LeaderElection.waitForResults(LeaderElection.java:259)
	at org.apache.ratis.server.impl.LeaderElection.askForVotes(LeaderElection.java:197)
	at org.apache.ratis.server.impl.LeaderElection.run(LeaderElection.java:133)
	at java.lang.Thread.run(Thread.java:748)
Caused by: org.apache.ratis.thirdparty.io.grpc.StatusRuntimeException: UNAVAILABLE: io exception
	at org.apache.ratis.thirdparty.io.grpc.stub.ClientCalls.toStatusRuntimeException(ClientCalls.java:233)
	at org.apache.ratis.thirdparty.io.grpc.stub.ClientCalls.getUnchecked(ClientCalls.java:214)
	at org.apache.ratis.thirdparty.io.grpc.stub.ClientCalls.blockingUnaryCall(ClientCalls.java:139)
	at org.apache.ratis.proto.grpc.RaftServerProtocolServiceGrpc$RaftServerProtocolServiceBlockingStub.requestVote(RaftServerProtocolServiceGrpc.java:265)
	at org.apache.ratis.grpc.server.GrpcServerProtocolClient.requestVote(GrpcServerProtocolClient.java:99)
	at org.apache.ratis.grpc.server.GrpcService.requestVote(GrpcService.java:204)
	at org.apache.ratis.server.impl.LeaderElection.lambda$submitRequests$1(LeaderElection.java:234)
	at java.util.concurrent.FutureTask.run(FutureTask.java:266)
	at java.util.concurrent.Executors$RunnableAdapter.call(Executors.java:511)
	at java.util.concurrent.FutureTask.run(FutureTask.java:266)
	at java.util.concurrent.ThreadPoolExecutor.runWorker(ThreadPoolExecutor.java:1149)
	at java.util.concurrent.ThreadPoolExecutor$Worker.run(ThreadPoolExecutor.java:624)
	... 1 more
Caused by: org.apache.ratis.thirdparty.io.netty.channel.AbstractChannel$AnnotatedConnectException: Connection refused: /192.168.34.25:38828
	at sun.nio.ch.SocketChannelImpl.checkConnect(Native Method)
	at sun.nio.ch.SocketChannelImpl.finishConnect(SocketChannelImpl.java:717)
	at org.apache.ratis.thirdparty.io.netty.channel.socket.nio.NioSocketChannel.doFinishConnect(NioSocketChannel.java:327)
	at org.apache.ratis.thirdparty.io.netty.channel.nio.AbstractNioChannel$AbstractNioUnsafe.finishConnect(AbstractNioChannel.java:340)
	at org.apache.ratis.thirdparty.io.netty.channel.nio.NioEventLoop.processSelectedKey(NioEventLoop.java:632)
	at org.apache.ratis.thirdparty.io.netty.channel.nio.NioEventLoop.processSelectedKeysOptimized(NioEventLoop.java:579)
	at org.apache.ratis.thirdparty.io.netty.channel.nio.NioEventLoop.processSelectedKeys(NioEventLoop.java:496)
	at org.apache.ratis.thirdparty.io.netty.channel.nio.NioEventLoop.run(NioEventLoop.java:458)
	at org.apache.ratis.thirdparty.io.netty.util.concurrent.SingleThreadEventExecutor$5.run(SingleThreadEventExecutor.java:897)
	at org.apache.ratis.thirdparty.io.netty.util.concurrent.FastThreadLocalRunnable.run(FastThreadLocalRunnable.java:30)
	... 1 more
Caused by: java.net.ConnectException: Connection refused
	... 11 more
2019-11-14 00:40:04,958 [91297bf6-d797-4b12-9aab-de0c4610252f@group-4121DB32C757-LeaderElection198] INFO  impl.RaftServerImpl (RaftServerImpl.java:setRole(173)) - 91297bf6-d797-4b12-9aab-de0c4610252f@group-4121DB32C757: changes role from CANDIDATE to FOLLOWER at term 7 for DISCOVERED_A_NEW_TERM
2019-11-14 00:40:04,958 [91297bf6-d797-4b12-9aab-de0c4610252f@group-4121DB32C757-LeaderElection198] INFO  impl.RoleInfo (RoleInfo.java:shutdownLeaderElection(134)) - 91297bf6-d797-4b12-9aab-de0c4610252f: shutdown LeaderElection
2019-11-14 00:40:04,958 [91297bf6-d797-4b12-9aab-de0c4610252f@group-4121DB32C757-LeaderElection198] INFO  impl.RoleInfo (RoleInfo.java:updateAndGet(143)) - 91297bf6-d797-4b12-9aab-de0c4610252f: start FollowerState
2019-11-14 00:40:05,144 [Thread-4156] INFO  impl.FollowerState (FollowerState.java:run(111)) - 2f70a07d-1e84-46bf-8533-fdd294c919e1@group-46DCB38A8CDA-FollowerState: change to CANDIDATE, lastRpcTime:2288ms, electionTimeout:1182ms
2019-11-14 00:40:05,144 [Thread-4156] INFO  impl.RoleInfo (RoleInfo.java:shutdownFollowerState(121)) - 2f70a07d-1e84-46bf-8533-fdd294c919e1: shutdown FollowerState
2019-11-14 00:40:05,144 [Thread-4156] INFO  impl.RaftServerImpl (RaftServerImpl.java:setRole(173)) - 2f70a07d-1e84-46bf-8533-fdd294c919e1@group-46DCB38A8CDA: changes role from  FOLLOWER to CANDIDATE at term 1 for changeToCandidate
2019-11-14 00:40:05,145 [Thread-4156] INFO  impl.RoleInfo (RoleInfo.java:updateAndGet(143)) - 2f70a07d-1e84-46bf-8533-fdd294c919e1: start LeaderElection
2019-11-14 00:40:05,145 [2f70a07d-1e84-46bf-8533-fdd294c919e1@group-46DCB38A8CDA-LeaderElection199] INFO  impl.RaftServerImpl (ServerState.java:setLeader(255)) - 2f70a07d-1e84-46bf-8533-fdd294c919e1@group-46DCB38A8CDA: change Leader from 4c0227a7-61cb-4c13-bcf3-e9ab107c9374 to null at term 1 for initElection
2019-11-14 00:40:05,160 [2f70a07d-1e84-46bf-8533-fdd294c919e1@group-46DCB38A8CDA-LeaderElection199] INFO  impl.LeaderElection (LeaderElection.java:askForVotes(178)) - 2f70a07d-1e84-46bf-8533-fdd294c919e1@group-46DCB38A8CDA-LeaderElection199: begin an election at term 2 for 0: [536e24f7-ac60-4eb9-a985-13294793bd01:192.168.34.25:33623, 2f70a07d-1e84-46bf-8533-fdd294c919e1:192.168.34.25:45658, 4c0227a7-61cb-4c13-bcf3-e9ab107c9374:192.168.34.25:39301], old=null
2019-11-14 00:40:05,162 [2f70a07d-1e84-46bf-8533-fdd294c919e1@group-46DCB38A8CDA-LeaderElection199] INFO  impl.LeaderElection (LogUtils.java:infoOrTrace(149)) - 2f70a07d-1e84-46bf-8533-fdd294c919e1@group-46DCB38A8CDA-LeaderElection199 got exception when requesting votes: {}
java.util.concurrent.ExecutionException: org.apache.ratis.thirdparty.io.grpc.StatusRuntimeException: UNAVAILABLE: io exception
	at java.util.concurrent.FutureTask.report(FutureTask.java:122)
	at java.util.concurrent.FutureTask.get(FutureTask.java:192)
	at org.apache.ratis.server.impl.LeaderElection.waitForResults(LeaderElection.java:259)
	at org.apache.ratis.server.impl.LeaderElection.askForVotes(LeaderElection.java:197)
	at org.apache.ratis.server.impl.LeaderElection.run(LeaderElection.java:133)
	at java.lang.Thread.run(Thread.java:748)
Caused by: org.apache.ratis.thirdparty.io.grpc.StatusRuntimeException: UNAVAILABLE: io exception
	at org.apache.ratis.thirdparty.io.grpc.stub.ClientCalls.toStatusRuntimeException(ClientCalls.java:233)
	at org.apache.ratis.thirdparty.io.grpc.stub.ClientCalls.getUnchecked(ClientCalls.java:214)
	at org.apache.ratis.thirdparty.io.grpc.stub.ClientCalls.blockingUnaryCall(ClientCalls.java:139)
	at org.apache.ratis.proto.grpc.RaftServerProtocolServiceGrpc$RaftServerProtocolServiceBlockingStub.requestVote(RaftServerProtocolServiceGrpc.java:265)
	at org.apache.ratis.grpc.server.GrpcServerProtocolClient.requestVote(GrpcServerProtocolClient.java:99)
	at org.apache.ratis.grpc.server.GrpcService.requestVote(GrpcService.java:204)
	at org.apache.ratis.server.impl.LeaderElection.lambda$submitRequests$1(LeaderElection.java:234)
	at java.util.concurrent.FutureTask.run(FutureTask.java:266)
	at java.util.concurrent.Executors$RunnableAdapter.call(Executors.java:511)
	at java.util.concurrent.FutureTask.run(FutureTask.java:266)
	at java.util.concurrent.ThreadPoolExecutor.runWorker(ThreadPoolExecutor.java:1149)
	at java.util.concurrent.ThreadPoolExecutor$Worker.run(ThreadPoolExecutor.java:624)
	... 1 more
Caused by: org.apache.ratis.thirdparty.io.netty.channel.AbstractChannel$AnnotatedConnectException: Connection refused: /192.168.34.25:33623
	at sun.nio.ch.SocketChannelImpl.checkConnect(Native Method)
	at sun.nio.ch.SocketChannelImpl.finishConnect(SocketChannelImpl.java:717)
	at org.apache.ratis.thirdparty.io.netty.channel.socket.nio.NioSocketChannel.doFinishConnect(NioSocketChannel.java:327)
	at org.apache.ratis.thirdparty.io.netty.channel.nio.AbstractNioChannel$AbstractNioUnsafe.finishConnect(AbstractNioChannel.java:340)
	at org.apache.ratis.thirdparty.io.netty.channel.nio.NioEventLoop.processSelectedKey(NioEventLoop.java:632)
	at org.apache.ratis.thirdparty.io.netty.channel.nio.NioEventLoop.processSelectedKeysOptimized(NioEventLoop.java:579)
	at org.apache.ratis.thirdparty.io.netty.channel.nio.NioEventLoop.processSelectedKeys(NioEventLoop.java:496)
	at org.apache.ratis.thirdparty.io.netty.channel.nio.NioEventLoop.run(NioEventLoop.java:458)
	at org.apache.ratis.thirdparty.io.netty.util.concurrent.SingleThreadEventExecutor$5.run(SingleThreadEventExecutor.java:897)
	at org.apache.ratis.thirdparty.io.netty.util.concurrent.FastThreadLocalRunnable.run(FastThreadLocalRunnable.java:30)
	... 1 more
Caused by: java.net.ConnectException: Connection refused
	... 11 more
2019-11-14 00:40:05,163 [2f70a07d-1e84-46bf-8533-fdd294c919e1@group-46DCB38A8CDA-LeaderElection199] INFO  impl.LeaderElection (LogUtils.java:infoOrTrace(149)) - 2f70a07d-1e84-46bf-8533-fdd294c919e1@group-46DCB38A8CDA-LeaderElection199 got exception when requesting votes: {}
java.util.concurrent.ExecutionException: org.apache.ratis.thirdparty.io.grpc.StatusRuntimeException: UNAVAILABLE: io exception
	at java.util.concurrent.FutureTask.report(FutureTask.java:122)
	at java.util.concurrent.FutureTask.get(FutureTask.java:192)
	at org.apache.ratis.server.impl.LeaderElection.waitForResults(LeaderElection.java:259)
	at org.apache.ratis.server.impl.LeaderElection.askForVotes(LeaderElection.java:197)
	at org.apache.ratis.server.impl.LeaderElection.run(LeaderElection.java:133)
	at java.lang.Thread.run(Thread.java:748)
Caused by: org.apache.ratis.thirdparty.io.grpc.StatusRuntimeException: UNAVAILABLE: io exception
	at org.apache.ratis.thirdparty.io.grpc.stub.ClientCalls.toStatusRuntimeException(ClientCalls.java:233)
	at org.apache.ratis.thirdparty.io.grpc.stub.ClientCalls.getUnchecked(ClientCalls.java:214)
	at org.apache.ratis.thirdparty.io.grpc.stub.ClientCalls.blockingUnaryCall(ClientCalls.java:139)
	at org.apache.ratis.proto.grpc.RaftServerProtocolServiceGrpc$RaftServerProtocolServiceBlockingStub.requestVote(RaftServerProtocolServiceGrpc.java:265)
	at org.apache.ratis.grpc.server.GrpcServerProtocolClient.requestVote(GrpcServerProtocolClient.java:99)
	at org.apache.ratis.grpc.server.GrpcService.requestVote(GrpcService.java:204)
	at org.apache.ratis.server.impl.LeaderElection.lambda$submitRequests$1(LeaderElection.java:234)
	at java.util.concurrent.FutureTask.run(FutureTask.java:266)
	at java.util.concurrent.Executors$RunnableAdapter.call(Executors.java:511)
	at java.util.concurrent.FutureTask.run(FutureTask.java:266)
	at java.util.concurrent.ThreadPoolExecutor.runWorker(ThreadPoolExecutor.java:1149)
	at java.util.concurrent.ThreadPoolExecutor$Worker.run(ThreadPoolExecutor.java:624)
	... 1 more
Caused by: org.apache.ratis.thirdparty.io.netty.channel.AbstractChannel$AnnotatedConnectException: Connection refused: /192.168.34.25:39301
	at sun.nio.ch.SocketChannelImpl.checkConnect(Native Method)
	at sun.nio.ch.SocketChannelImpl.finishConnect(SocketChannelImpl.java:717)
	at org.apache.ratis.thirdparty.io.netty.channel.socket.nio.NioSocketChannel.doFinishConnect(NioSocketChannel.java:327)
	at org.apache.ratis.thirdparty.io.netty.channel.nio.AbstractNioChannel$AbstractNioUnsafe.finishConnect(AbstractNioChannel.java:340)
	at org.apache.ratis.thirdparty.io.netty.channel.nio.NioEventLoop.processSelectedKey(NioEventLoop.java:632)
	at org.apache.ratis.thirdparty.io.netty.channel.nio.NioEventLoop.processSelectedKeysOptimized(NioEventLoop.java:579)
	at org.apache.ratis.thirdparty.io.netty.channel.nio.NioEventLoop.processSelectedKeys(NioEventLoop.java:496)
	at org.apache.ratis.thirdparty.io.netty.channel.nio.NioEventLoop.run(NioEventLoop.java:458)
	at org.apache.ratis.thirdparty.io.netty.util.concurrent.SingleThreadEventExecutor$5.run(SingleThreadEventExecutor.java:897)
	at org.apache.ratis.thirdparty.io.netty.util.concurrent.FastThreadLocalRunnable.run(FastThreadLocalRunnable.java:30)
	... 1 more
Caused by: java.net.ConnectException: Connection refused
	... 11 more
2019-11-14 00:40:05,163 [2f70a07d-1e84-46bf-8533-fdd294c919e1@group-46DCB38A8CDA-LeaderElection199] INFO  impl.LeaderElection (LeaderElection.java:logAndReturn(56)) - 2f70a07d-1e84-46bf-8533-fdd294c919e1@group-46DCB38A8CDA-LeaderElection199: Election REJECTED; received 0 response(s) [] and 2 exception(s); 2f70a07d-1e84-46bf-8533-fdd294c919e1@group-46DCB38A8CDA:t2, leader=null, voted=2f70a07d-1e84-46bf-8533-fdd294c919e1, raftlog=2f70a07d-1e84-46bf-8533-fdd294c919e1@group-46DCB38A8CDA-SegmentedRaftLog:OPENED:c0,f0,i0, conf=0: [536e24f7-ac60-4eb9-a985-13294793bd01:192.168.34.25:33623, 2f70a07d-1e84-46bf-8533-fdd294c919e1:192.168.34.25:45658, 4c0227a7-61cb-4c13-bcf3-e9ab107c9374:192.168.34.25:39301], old=null
2019-11-14 00:40:05,163 [2f70a07d-1e84-46bf-8533-fdd294c919e1@group-46DCB38A8CDA-LeaderElection199] INFO  impl.LeaderElection (LogUtils.java:infoOrTrace(149)) -   Exception 0: {}
java.util.concurrent.ExecutionException: org.apache.ratis.thirdparty.io.grpc.StatusRuntimeException: UNAVAILABLE: io exception
	at java.util.concurrent.FutureTask.report(FutureTask.java:122)
	at java.util.concurrent.FutureTask.get(FutureTask.java:192)
	at org.apache.ratis.server.impl.LeaderElection.waitForResults(LeaderElection.java:259)
	at org.apache.ratis.server.impl.LeaderElection.askForVotes(LeaderElection.java:197)
	at org.apache.ratis.server.impl.LeaderElection.run(LeaderElection.java:133)
	at java.lang.Thread.run(Thread.java:748)
Caused by: org.apache.ratis.thirdparty.io.grpc.StatusRuntimeException: UNAVAILABLE: io exception
	at org.apache.ratis.thirdparty.io.grpc.stub.ClientCalls.toStatusRuntimeException(ClientCalls.java:233)
	at org.apache.ratis.thirdparty.io.grpc.stub.ClientCalls.getUnchecked(ClientCalls.java:214)
	at org.apache.ratis.thirdparty.io.grpc.stub.ClientCalls.blockingUnaryCall(ClientCalls.java:139)
	at org.apache.ratis.proto.grpc.RaftServerProtocolServiceGrpc$RaftServerProtocolServiceBlockingStub.requestVote(RaftServerProtocolServiceGrpc.java:265)
	at org.apache.ratis.grpc.server.GrpcServerProtocolClient.requestVote(GrpcServerProtocolClient.java:99)
	at org.apache.ratis.grpc.server.GrpcService.requestVote(GrpcService.java:204)
	at org.apache.ratis.server.impl.LeaderElection.lambda$submitRequests$1(LeaderElection.java:234)
	at java.util.concurrent.FutureTask.run(FutureTask.java:266)
	at java.util.concurrent.Executors$RunnableAdapter.call(Executors.java:511)
	at java.util.concurrent.FutureTask.run(FutureTask.java:266)
	at java.util.concurrent.ThreadPoolExecutor.runWorker(ThreadPoolExecutor.java:1149)
	at java.util.concurrent.ThreadPoolExecutor$Worker.run(ThreadPoolExecutor.java:624)
	... 1 more
Caused by: org.apache.ratis.thirdparty.io.netty.channel.AbstractChannel$AnnotatedConnectException: Connection refused: /192.168.34.25:33623
	at sun.nio.ch.SocketChannelImpl.checkConnect(Native Method)
	at sun.nio.ch.SocketChannelImpl.finishConnect(SocketChannelImpl.java:717)
	at org.apache.ratis.thirdparty.io.netty.channel.socket.nio.NioSocketChannel.doFinishConnect(NioSocketChannel.java:327)
	at org.apache.ratis.thirdparty.io.netty.channel.nio.AbstractNioChannel$AbstractNioUnsafe.finishConnect(AbstractNioChannel.java:340)
	at org.apache.ratis.thirdparty.io.netty.channel.nio.NioEventLoop.processSelectedKey(NioEventLoop.java:632)
	at org.apache.ratis.thirdparty.io.netty.channel.nio.NioEventLoop.processSelectedKeysOptimized(NioEventLoop.java:579)
	at org.apache.ratis.thirdparty.io.netty.channel.nio.NioEventLoop.processSelectedKeys(NioEventLoop.java:496)
	at org.apache.ratis.thirdparty.io.netty.channel.nio.NioEventLoop.run(NioEventLoop.java:458)
	at org.apache.ratis.thirdparty.io.netty.util.concurrent.SingleThreadEventExecutor$5.run(SingleThreadEventExecutor.java:897)
	at org.apache.ratis.thirdparty.io.netty.util.concurrent.FastThreadLocalRunnable.run(FastThreadLocalRunnable.java:30)
	... 1 more
Caused by: java.net.ConnectException: Connection refused
	... 11 more
2019-11-14 00:40:05,163 [2f70a07d-1e84-46bf-8533-fdd294c919e1@group-46DCB38A8CDA-LeaderElection199] INFO  impl.LeaderElection (LogUtils.java:infoOrTrace(149)) -   Exception 1: {}
java.util.concurrent.ExecutionException: org.apache.ratis.thirdparty.io.grpc.StatusRuntimeException: UNAVAILABLE: io exception
	at java.util.concurrent.FutureTask.report(FutureTask.java:122)
	at java.util.concurrent.FutureTask.get(FutureTask.java:192)
	at org.apache.ratis.server.impl.LeaderElection.waitForResults(LeaderElection.java:259)
	at org.apache.ratis.server.impl.LeaderElection.askForVotes(LeaderElection.java:197)
	at org.apache.ratis.server.impl.LeaderElection.run(LeaderElection.java:133)
	at java.lang.Thread.run(Thread.java:748)
Caused by: org.apache.ratis.thirdparty.io.grpc.StatusRuntimeException: UNAVAILABLE: io exception
	at org.apache.ratis.thirdparty.io.grpc.stub.ClientCalls.toStatusRuntimeException(ClientCalls.java:233)
	at org.apache.ratis.thirdparty.io.grpc.stub.ClientCalls.getUnchecked(ClientCalls.java:214)
	at org.apache.ratis.thirdparty.io.grpc.stub.ClientCalls.blockingUnaryCall(ClientCalls.java:139)
	at org.apache.ratis.proto.grpc.RaftServerProtocolServiceGrpc$RaftServerProtocolServiceBlockingStub.requestVote(RaftServerProtocolServiceGrpc.java:265)
	at org.apache.ratis.grpc.server.GrpcServerProtocolClient.requestVote(GrpcServerProtocolClient.java:99)
	at org.apache.ratis.grpc.server.GrpcService.requestVote(GrpcService.java:204)
	at org.apache.ratis.server.impl.LeaderElection.lambda$submitRequests$1(LeaderElection.java:234)
	at java.util.concurrent.FutureTask.run(FutureTask.java:266)
	at java.util.concurrent.Executors$RunnableAdapter.call(Executors.java:511)
	at java.util.concurrent.FutureTask.run(FutureTask.java:266)
	at java.util.concurrent.ThreadPoolExecutor.runWorker(ThreadPoolExecutor.java:1149)
	at java.util.concurrent.ThreadPoolExecutor$Worker.run(ThreadPoolExecutor.java:624)
	... 1 more
Caused by: org.apache.ratis.thirdparty.io.netty.channel.AbstractChannel$AnnotatedConnectException: Connection refused: /192.168.34.25:39301
	at sun.nio.ch.SocketChannelImpl.checkConnect(Native Method)
	at sun.nio.ch.SocketChannelImpl.finishConnect(SocketChannelImpl.java:717)
	at org.apache.ratis.thirdparty.io.netty.channel.socket.nio.NioSocketChannel.doFinishConnect(NioSocketChannel.java:327)
	at org.apache.ratis.thirdparty.io.netty.channel.nio.AbstractNioChannel$AbstractNioUnsafe.finishConnect(AbstractNioChannel.java:340)
	at org.apache.ratis.thirdparty.io.netty.channel.nio.NioEventLoop.processSelectedKey(NioEventLoop.java:632)
	at org.apache.ratis.thirdparty.io.netty.channel.nio.NioEventLoop.processSelectedKeysOptimized(NioEventLoop.java:579)
	at org.apache.ratis.thirdparty.io.netty.channel.nio.NioEventLoop.processSelectedKeys(NioEventLoop.java:496)
	at org.apache.ratis.thirdparty.io.netty.channel.nio.NioEventLoop.run(NioEventLoop.java:458)
	at org.apache.ratis.thirdparty.io.netty.util.concurrent.SingleThreadEventExecutor$5.run(SingleThreadEventExecutor.java:897)
	at org.apache.ratis.thirdparty.io.netty.util.concurrent.FastThreadLocalRunnable.run(FastThreadLocalRunnable.java:30)
	... 1 more
Caused by: java.net.ConnectException: Connection refused
	... 11 more
2019-11-14 00:40:05,164 [2f70a07d-1e84-46bf-8533-fdd294c919e1@group-46DCB38A8CDA-LeaderElection199] INFO  impl.RaftServerImpl (RaftServerImpl.java:setRole(173)) - 2f70a07d-1e84-46bf-8533-fdd294c919e1@group-46DCB38A8CDA: changes role from CANDIDATE to FOLLOWER at term 2 for DISCOVERED_A_NEW_TERM
2019-11-14 00:40:05,164 [2f70a07d-1e84-46bf-8533-fdd294c919e1@group-46DCB38A8CDA-LeaderElection199] INFO  impl.RoleInfo (RoleInfo.java:shutdownLeaderElection(134)) - 2f70a07d-1e84-46bf-8533-fdd294c919e1: shutdown LeaderElection
2019-11-14 00:40:05,164 [2f70a07d-1e84-46bf-8533-fdd294c919e1@group-46DCB38A8CDA-LeaderElection199] INFO  impl.RoleInfo (RoleInfo.java:updateAndGet(143)) - 2f70a07d-1e84-46bf-8533-fdd294c919e1: start FollowerState
2019-11-14 00:40:06,049 [Thread-4333] INFO  impl.FollowerState (FollowerState.java:run(111)) - 91297bf6-d797-4b12-9aab-de0c4610252f@group-4121DB32C757-FollowerState: change to CANDIDATE, lastRpcTime:1091ms, electionTimeout:1091ms
2019-11-14 00:40:06,050 [Thread-4333] INFO  impl.RoleInfo (RoleInfo.java:shutdownFollowerState(121)) - 91297bf6-d797-4b12-9aab-de0c4610252f: shutdown FollowerState
2019-11-14 00:40:06,050 [Thread-4333] INFO  impl.RaftServerImpl (RaftServerImpl.java:setRole(173)) - 91297bf6-d797-4b12-9aab-de0c4610252f@group-4121DB32C757: changes role from  FOLLOWER to CANDIDATE at term 7 for changeToCandidate
2019-11-14 00:40:06,050 [Thread-4333] INFO  impl.RoleInfo (RoleInfo.java:updateAndGet(143)) - 91297bf6-d797-4b12-9aab-de0c4610252f: start LeaderElection
2019-11-14 00:40:06,065 [91297bf6-d797-4b12-9aab-de0c4610252f@group-4121DB32C757-LeaderElection200] INFO  impl.LeaderElection (LeaderElection.java:askForVotes(178)) - 91297bf6-d797-4b12-9aab-de0c4610252f@group-4121DB32C757-LeaderElection200: begin an election at term 8 for 0: [cd0a212a-ef86-44b1-8f77-22d0bd8fbd35:192.168.34.25:38897, 91297bf6-d797-4b12-9aab-de0c4610252f:192.168.34.25:35231, f3a6f38f-08d4-4a6a-b30b-ec54e2e520c3:192.168.34.25:38828], old=null
2019-11-14 00:40:06,071 [91297bf6-d797-4b12-9aab-de0c4610252f@group-4121DB32C757-LeaderElection200] INFO  impl.LeaderElection (LogUtils.java:infoOrTrace(149)) - 91297bf6-d797-4b12-9aab-de0c4610252f@group-4121DB32C757-LeaderElection200 got exception when requesting votes: {}
java.util.concurrent.ExecutionException: org.apache.ratis.thirdparty.io.grpc.StatusRuntimeException: UNAVAILABLE: io exception
	at java.util.concurrent.FutureTask.report(FutureTask.java:122)
	at java.util.concurrent.FutureTask.get(FutureTask.java:192)
	at org.apache.ratis.server.impl.LeaderElection.waitForResults(LeaderElection.java:259)
	at org.apache.ratis.server.impl.LeaderElection.askForVotes(LeaderElection.java:197)
	at org.apache.ratis.server.impl.LeaderElection.run(LeaderElection.java:133)
	at java.lang.Thread.run(Thread.java:748)
Caused by: org.apache.ratis.thirdparty.io.grpc.StatusRuntimeException: UNAVAILABLE: io exception
	at org.apache.ratis.thirdparty.io.grpc.stub.ClientCalls.toStatusRuntimeException(ClientCalls.java:233)
	at org.apache.ratis.thirdparty.io.grpc.stub.ClientCalls.getUnchecked(ClientCalls.java:214)
	at org.apache.ratis.thirdparty.io.grpc.stub.ClientCalls.blockingUnaryCall(ClientCalls.java:139)
	at org.apache.ratis.proto.grpc.RaftServerProtocolServiceGrpc$RaftServerProtocolServiceBlockingStub.requestVote(RaftServerProtocolServiceGrpc.java:265)
	at org.apache.ratis.grpc.server.GrpcServerProtocolClient.requestVote(GrpcServerProtocolClient.java:99)
	at org.apache.ratis.grpc.server.GrpcService.requestVote(GrpcService.java:204)
	at org.apache.ratis.server.impl.LeaderElection.lambda$submitRequests$1(LeaderElection.java:234)
	at java.util.concurrent.FutureTask.run(FutureTask.java:266)
	at java.util.concurrent.Executors$RunnableAdapter.call(Executors.java:511)
	at java.util.concurrent.FutureTask.run(FutureTask.java:266)
	at java.util.concurrent.ThreadPoolExecutor.runWorker(ThreadPoolExecutor.java:1149)
	at java.util.concurrent.ThreadPoolExecutor$Worker.run(ThreadPoolExecutor.java:624)
	... 1 more
Caused by: org.apache.ratis.thirdparty.io.netty.channel.AbstractChannel$AnnotatedConnectException: Connection refused: /192.168.34.25:38828
	at sun.nio.ch.SocketChannelImpl.checkConnect(Native Method)
	at sun.nio.ch.SocketChannelImpl.finishConnect(SocketChannelImpl.java:717)
	at org.apache.ratis.thirdparty.io.netty.channel.socket.nio.NioSocketChannel.doFinishConnect(NioSocketChannel.java:327)
	at org.apache.ratis.thirdparty.io.netty.channel.nio.AbstractNioChannel$AbstractNioUnsafe.finishConnect(AbstractNioChannel.java:340)
	at org.apache.ratis.thirdparty.io.netty.channel.nio.NioEventLoop.processSelectedKey(NioEventLoop.java:632)
	at org.apache.ratis.thirdparty.io.netty.channel.nio.NioEventLoop.processSelectedKeysOptimized(NioEventLoop.java:579)
	at org.apache.ratis.thirdparty.io.netty.channel.nio.NioEventLoop.processSelectedKeys(NioEventLoop.java:496)
	at org.apache.ratis.thirdparty.io.netty.channel.nio.NioEventLoop.run(NioEventLoop.java:458)
	at org.apache.ratis.thirdparty.io.netty.util.concurrent.SingleThreadEventExecutor$5.run(SingleThreadEventExecutor.java:897)
	at org.apache.ratis.thirdparty.io.netty.util.concurrent.FastThreadLocalRunnable.run(FastThreadLocalRunnable.java:30)
	... 1 more
Caused by: java.net.ConnectException: Connection refused
	... 11 more
2019-11-14 00:40:06,072 [91297bf6-d797-4b12-9aab-de0c4610252f@group-4121DB32C757-LeaderElection200] INFO  impl.LeaderElection (LogUtils.java:infoOrTrace(149)) - 91297bf6-d797-4b12-9aab-de0c4610252f@group-4121DB32C757-LeaderElection200 got exception when requesting votes: {}
java.util.concurrent.ExecutionException: org.apache.ratis.thirdparty.io.grpc.StatusRuntimeException: UNAVAILABLE: io exception
	at java.util.concurrent.FutureTask.report(FutureTask.java:122)
	at java.util.concurrent.FutureTask.get(FutureTask.java:192)
	at org.apache.ratis.server.impl.LeaderElection.waitForResults(LeaderElection.java:259)
	at org.apache.ratis.server.impl.LeaderElection.askForVotes(LeaderElection.java:197)
	at org.apache.ratis.server.impl.LeaderElection.run(LeaderElection.java:133)
	at java.lang.Thread.run(Thread.java:748)
Caused by: org.apache.ratis.thirdparty.io.grpc.StatusRuntimeException: UNAVAILABLE: io exception
	at org.apache.ratis.thirdparty.io.grpc.stub.ClientCalls.toStatusRuntimeException(ClientCalls.java:233)
	at org.apache.ratis.thirdparty.io.grpc.stub.ClientCalls.getUnchecked(ClientCalls.java:214)
	at org.apache.ratis.thirdparty.io.grpc.stub.ClientCalls.blockingUnaryCall(ClientCalls.java:139)
	at org.apache.ratis.proto.grpc.RaftServerProtocolServiceGrpc$RaftServerProtocolServiceBlockingStub.requestVote(RaftServerProtocolServiceGrpc.java:265)
	at org.apache.ratis.grpc.server.GrpcServerProtocolClient.requestVote(GrpcServerProtocolClient.java:99)
	at org.apache.ratis.grpc.server.GrpcService.requestVote(GrpcService.java:204)
	at org.apache.ratis.server.impl.LeaderElection.lambda$submitRequests$1(LeaderElection.java:234)
	at java.util.concurrent.FutureTask.run(FutureTask.java:266)
	at java.util.concurrent.Executors$RunnableAdapter.call(Executors.java:511)
	at java.util.concurrent.FutureTask.run(FutureTask.java:266)
	at java.util.concurrent.ThreadPoolExecutor.runWorker(ThreadPoolExecutor.java:1149)
	at java.util.concurrent.ThreadPoolExecutor$Worker.run(ThreadPoolExecutor.java:624)
	... 1 more
Caused by: org.apache.ratis.thirdparty.io.netty.channel.AbstractChannel$AnnotatedConnectException: Connection refused: /192.168.34.25:38897
	at sun.nio.ch.SocketChannelImpl.checkConnect(Native Method)
	at sun.nio.ch.SocketChannelImpl.finishConnect(SocketChannelImpl.java:717)
	at org.apache.ratis.thirdparty.io.netty.channel.socket.nio.NioSocketChannel.doFinishConnect(NioSocketChannel.java:327)
	at org.apache.ratis.thirdparty.io.netty.channel.nio.AbstractNioChannel$AbstractNioUnsafe.finishConnect(AbstractNioChannel.java:340)
	at org.apache.ratis.thirdparty.io.netty.channel.nio.NioEventLoop.processSelectedKey(NioEventLoop.java:632)
	at org.apache.ratis.thirdparty.io.netty.channel.nio.NioEventLoop.processSelectedKeysOptimized(NioEventLoop.java:579)
	at org.apache.ratis.thirdparty.io.netty.channel.nio.NioEventLoop.processSelectedKeys(NioEventLoop.java:496)
	at org.apache.ratis.thirdparty.io.netty.channel.nio.NioEventLoop.run(NioEventLoop.java:458)
	at org.apache.ratis.thirdparty.io.netty.util.concurrent.SingleThreadEventExecutor$5.run(SingleThreadEventExecutor.java:897)
	at org.apache.ratis.thirdparty.io.netty.util.concurrent.FastThreadLocalRunnable.run(FastThreadLocalRunnable.java:30)
	... 1 more
Caused by: java.net.ConnectException: Connection refused
	... 11 more
2019-11-14 00:40:06,073 [91297bf6-d797-4b12-9aab-de0c4610252f@group-4121DB32C757-LeaderElection200] INFO  impl.LeaderElection (LeaderElection.java:logAndReturn(56)) - 91297bf6-d797-4b12-9aab-de0c4610252f@group-4121DB32C757-LeaderElection200: Election REJECTED; received 0 response(s) [] and 2 exception(s); 91297bf6-d797-4b12-9aab-de0c4610252f@group-4121DB32C757:t8, leader=null, voted=91297bf6-d797-4b12-9aab-de0c4610252f, raftlog=91297bf6-d797-4b12-9aab-de0c4610252f@group-4121DB32C757-SegmentedRaftLog:OPENED:c0,f0,i0, conf=0: [cd0a212a-ef86-44b1-8f77-22d0bd8fbd35:192.168.34.25:38897, 91297bf6-d797-4b12-9aab-de0c4610252f:192.168.34.25:35231, f3a6f38f-08d4-4a6a-b30b-ec54e2e520c3:192.168.34.25:38828], old=null
2019-11-14 00:40:06,073 [91297bf6-d797-4b12-9aab-de0c4610252f@group-4121DB32C757-LeaderElection200] INFO  impl.LeaderElection (LogUtils.java:infoOrTrace(149)) -   Exception 0: {}
java.util.concurrent.ExecutionException: org.apache.ratis.thirdparty.io.grpc.StatusRuntimeException: UNAVAILABLE: io exception
	at java.util.concurrent.FutureTask.report(FutureTask.java:122)
	at java.util.concurrent.FutureTask.get(FutureTask.java:192)
	at org.apache.ratis.server.impl.LeaderElection.waitForResults(LeaderElection.java:259)
	at org.apache.ratis.server.impl.LeaderElection.askForVotes(LeaderElection.java:197)
	at org.apache.ratis.server.impl.LeaderElection.run(LeaderElection.java:133)
	at java.lang.Thread.run(Thread.java:748)
Caused by: org.apache.ratis.thirdparty.io.grpc.StatusRuntimeException: UNAVAILABLE: io exception
	at org.apache.ratis.thirdparty.io.grpc.stub.ClientCalls.toStatusRuntimeException(ClientCalls.java:233)
	at org.apache.ratis.thirdparty.io.grpc.stub.ClientCalls.getUnchecked(ClientCalls.java:214)
	at org.apache.ratis.thirdparty.io.grpc.stub.ClientCalls.blockingUnaryCall(ClientCalls.java:139)
	at org.apache.ratis.proto.grpc.RaftServerProtocolServiceGrpc$RaftServerProtocolServiceBlockingStub.requestVote(RaftServerProtocolServiceGrpc.java:265)
	at org.apache.ratis.grpc.server.GrpcServerProtocolClient.requestVote(GrpcServerProtocolClient.java:99)
	at org.apache.ratis.grpc.server.GrpcService.requestVote(GrpcService.java:204)
	at org.apache.ratis.server.impl.LeaderElection.lambda$submitRequests$1(LeaderElection.java:234)
	at java.util.concurrent.FutureTask.run(FutureTask.java:266)
	at java.util.concurrent.Executors$RunnableAdapter.call(Executors.java:511)
	at java.util.concurrent.FutureTask.run(FutureTask.java:266)
	at java.util.concurrent.ThreadPoolExecutor.runWorker(ThreadPoolExecutor.java:1149)
	at java.util.concurrent.ThreadPoolExecutor$Worker.run(ThreadPoolExecutor.java:624)
	... 1 more
Caused by: org.apache.ratis.thirdparty.io.netty.channel.AbstractChannel$AnnotatedConnectException: Connection refused: /192.168.34.25:38828
	at sun.nio.ch.SocketChannelImpl.checkConnect(Native Method)
	at sun.nio.ch.SocketChannelImpl.finishConnect(SocketChannelImpl.java:717)
	at org.apache.ratis.thirdparty.io.netty.channel.socket.nio.NioSocketChannel.doFinishConnect(NioSocketChannel.java:327)
	at org.apache.ratis.thirdparty.io.netty.channel.nio.AbstractNioChannel$AbstractNioUnsafe.finishConnect(AbstractNioChannel.java:340)
	at org.apache.ratis.thirdparty.io.netty.channel.nio.NioEventLoop.processSelectedKey(NioEventLoop.java:632)
	at org.apache.ratis.thirdparty.io.netty.channel.nio.NioEventLoop.processSelectedKeysOptimized(NioEventLoop.java:579)
	at org.apache.ratis.thirdparty.io.netty.channel.nio.NioEventLoop.processSelectedKeys(NioEventLoop.java:496)
	at org.apache.ratis.thirdparty.io.netty.channel.nio.NioEventLoop.run(NioEventLoop.java:458)
	at org.apache.ratis.thirdparty.io.netty.util.concurrent.SingleThreadEventExecutor$5.run(SingleThreadEventExecutor.java:897)
	at org.apache.ratis.thirdparty.io.netty.util.concurrent.FastThreadLocalRunnable.run(FastThreadLocalRunnable.java:30)
	... 1 more
Caused by: java.net.ConnectException: Connection refused
	... 11 more
2019-11-14 00:40:06,073 [91297bf6-d797-4b12-9aab-de0c4610252f@group-4121DB32C757-LeaderElection200] INFO  impl.LeaderElection (LogUtils.java:infoOrTrace(149)) -   Exception 1: {}
java.util.concurrent.ExecutionException: org.apache.ratis.thirdparty.io.grpc.StatusRuntimeException: UNAVAILABLE: io exception
	at java.util.concurrent.FutureTask.report(FutureTask.java:122)
	at java.util.concurrent.FutureTask.get(FutureTask.java:192)
	at org.apache.ratis.server.impl.LeaderElection.waitForResults(LeaderElection.java:259)
	at org.apache.ratis.server.impl.LeaderElection.askForVotes(LeaderElection.java:197)
	at org.apache.ratis.server.impl.LeaderElection.run(LeaderElection.java:133)
	at java.lang.Thread.run(Thread.java:748)
Caused by: org.apache.ratis.thirdparty.io.grpc.StatusRuntimeException: UNAVAILABLE: io exception
	at org.apache.ratis.thirdparty.io.grpc.stub.ClientCalls.toStatusRuntimeException(ClientCalls.java:233)
	at org.apache.ratis.thirdparty.io.grpc.stub.ClientCalls.getUnchecked(ClientCalls.java:214)
	at org.apache.ratis.thirdparty.io.grpc.stub.ClientCalls.blockingUnaryCall(ClientCalls.java:139)
	at org.apache.ratis.proto.grpc.RaftServerProtocolServiceGrpc$RaftServerProtocolServiceBlockingStub.requestVote(RaftServerProtocolServiceGrpc.java:265)
	at org.apache.ratis.grpc.server.GrpcServerProtocolClient.requestVote(GrpcServerProtocolClient.java:99)
	at org.apache.ratis.grpc.server.GrpcService.requestVote(GrpcService.java:204)
	at org.apache.ratis.server.impl.LeaderElection.lambda$submitRequests$1(LeaderElection.java:234)
	at java.util.concurrent.FutureTask.run(FutureTask.java:266)
	at java.util.concurrent.Executors$RunnableAdapter.call(Executors.java:511)
	at java.util.concurrent.FutureTask.run(FutureTask.java:266)
	at java.util.concurrent.ThreadPoolExecutor.runWorker(ThreadPoolExecutor.java:1149)
	at java.util.concurrent.ThreadPoolExecutor$Worker.run(ThreadPoolExecutor.java:624)
	... 1 more
Caused by: org.apache.ratis.thirdparty.io.netty.channel.AbstractChannel$AnnotatedConnectException: Connection refused: /192.168.34.25:38897
	at sun.nio.ch.SocketChannelImpl.checkConnect(Native Method)
	at sun.nio.ch.SocketChannelImpl.finishConnect(SocketChannelImpl.java:717)
	at org.apache.ratis.thirdparty.io.netty.channel.socket.nio.NioSocketChannel.doFinishConnect(NioSocketChannel.java:327)
	at org.apache.ratis.thirdparty.io.netty.channel.nio.AbstractNioChannel$AbstractNioUnsafe.finishConnect(AbstractNioChannel.java:340)
	at org.apache.ratis.thirdparty.io.netty.channel.nio.NioEventLoop.processSelectedKey(NioEventLoop.java:632)
	at org.apache.ratis.thirdparty.io.netty.channel.nio.NioEventLoop.processSelectedKeysOptimized(NioEventLoop.java:579)
	at org.apache.ratis.thirdparty.io.netty.channel.nio.NioEventLoop.processSelectedKeys(NioEventLoop.java:496)
	at org.apache.ratis.thirdparty.io.netty.channel.nio.NioEventLoop.run(NioEventLoop.java:458)
	at org.apache.ratis.thirdparty.io.netty.util.concurrent.SingleThreadEventExecutor$5.run(SingleThreadEventExecutor.java:897)
	at org.apache.ratis.thirdparty.io.netty.util.concurrent.FastThreadLocalRunnable.run(FastThreadLocalRunnable.java:30)
	... 1 more
Caused by: java.net.ConnectException: Connection refused
	... 11 more
2019-11-14 00:40:06,074 [91297bf6-d797-4b12-9aab-de0c4610252f@group-4121DB32C757-LeaderElection200] INFO  impl.RaftServerImpl (RaftServerImpl.java:setRole(173)) - 91297bf6-d797-4b12-9aab-de0c4610252f@group-4121DB32C757: changes role from CANDIDATE to FOLLOWER at term 8 for DISCOVERED_A_NEW_TERM
2019-11-14 00:40:06,074 [91297bf6-d797-4b12-9aab-de0c4610252f@group-4121DB32C757-LeaderElection200] INFO  impl.RoleInfo (RoleInfo.java:shutdownLeaderElection(134)) - 91297bf6-d797-4b12-9aab-de0c4610252f: shutdown LeaderElection
2019-11-14 00:40:06,074 [91297bf6-d797-4b12-9aab-de0c4610252f@group-4121DB32C757-LeaderElection200] INFO  impl.RoleInfo (RoleInfo.java:updateAndGet(143)) - 91297bf6-d797-4b12-9aab-de0c4610252f: start FollowerState
2019-11-14 00:40:06,323 [Thread-4337] INFO  impl.FollowerState (FollowerState.java:run(111)) - 2f70a07d-1e84-46bf-8533-fdd294c919e1@group-46DCB38A8CDA-FollowerState: change to CANDIDATE, lastRpcTime:1159ms, electionTimeout:1159ms
2019-11-14 00:40:06,323 [Thread-4337] INFO  impl.RoleInfo (RoleInfo.java:shutdownFollowerState(121)) - 2f70a07d-1e84-46bf-8533-fdd294c919e1: shutdown FollowerState
2019-11-14 00:40:06,324 [Thread-4337] INFO  impl.RaftServerImpl (RaftServerImpl.java:setRole(173)) - 2f70a07d-1e84-46bf-8533-fdd294c919e1@group-46DCB38A8CDA: changes role from  FOLLOWER to CANDIDATE at term 2 for changeToCandidate
2019-11-14 00:40:06,324 [Thread-4337] INFO  impl.RoleInfo (RoleInfo.java:updateAndGet(143)) - 2f70a07d-1e84-46bf-8533-fdd294c919e1: start LeaderElection
2019-11-14 00:40:06,338 [2f70a07d-1e84-46bf-8533-fdd294c919e1@group-46DCB38A8CDA-LeaderElection201] INFO  impl.LeaderElection (LeaderElection.java:askForVotes(178)) - 2f70a07d-1e84-46bf-8533-fdd294c919e1@group-46DCB38A8CDA-LeaderElection201: begin an election at term 3 for 0: [536e24f7-ac60-4eb9-a985-13294793bd01:192.168.34.25:33623, 2f70a07d-1e84-46bf-8533-fdd294c919e1:192.168.34.25:45658, 4c0227a7-61cb-4c13-bcf3-e9ab107c9374:192.168.34.25:39301], old=null
2019-11-14 00:40:06,339 [2f70a07d-1e84-46bf-8533-fdd294c919e1@group-46DCB38A8CDA-LeaderElection201] INFO  impl.LeaderElection (LogUtils.java:infoOrTrace(149)) - 2f70a07d-1e84-46bf-8533-fdd294c919e1@group-46DCB38A8CDA-LeaderElection201 got exception when requesting votes: {}
java.util.concurrent.ExecutionException: org.apache.ratis.thirdparty.io.grpc.StatusRuntimeException: UNAVAILABLE: io exception
	at java.util.concurrent.FutureTask.report(FutureTask.java:122)
	at java.util.concurrent.FutureTask.get(FutureTask.java:192)
	at org.apache.ratis.server.impl.LeaderElection.waitForResults(LeaderElection.java:259)
	at org.apache.ratis.server.impl.LeaderElection.askForVotes(LeaderElection.java:197)
	at org.apache.ratis.server.impl.LeaderElection.run(LeaderElection.java:133)
	at java.lang.Thread.run(Thread.java:748)
Caused by: org.apache.ratis.thirdparty.io.grpc.StatusRuntimeException: UNAVAILABLE: io exception
	at org.apache.ratis.thirdparty.io.grpc.stub.ClientCalls.toStatusRuntimeException(ClientCalls.java:233)
	at org.apache.ratis.thirdparty.io.grpc.stub.ClientCalls.getUnchecked(ClientCalls.java:214)
	at org.apache.ratis.thirdparty.io.grpc.stub.ClientCalls.blockingUnaryCall(ClientCalls.java:139)
	at org.apache.ratis.proto.grpc.RaftServerProtocolServiceGrpc$RaftServerProtocolServiceBlockingStub.requestVote(RaftServerProtocolServiceGrpc.java:265)
	at org.apache.ratis.grpc.server.GrpcServerProtocolClient.requestVote(GrpcServerProtocolClient.java:99)
	at org.apache.ratis.grpc.server.GrpcService.requestVote(GrpcService.java:204)
	at org.apache.ratis.server.impl.LeaderElection.lambda$submitRequests$1(LeaderElection.java:234)
	at java.util.concurrent.FutureTask.run(FutureTask.java:266)
	at java.util.concurrent.Executors$RunnableAdapter.call(Executors.java:511)
	at java.util.concurrent.FutureTask.run(FutureTask.java:266)
	at java.util.concurrent.ThreadPoolExecutor.runWorker(ThreadPoolExecutor.java:1149)
	at java.util.concurrent.ThreadPoolExecutor$Worker.run(ThreadPoolExecutor.java:624)
	... 1 more
Caused by: org.apache.ratis.thirdparty.io.netty.channel.AbstractChannel$AnnotatedConnectException: Connection refused: /192.168.34.25:33623
	at sun.nio.ch.SocketChannelImpl.checkConnect(Native Method)
	at sun.nio.ch.SocketChannelImpl.finishConnect(SocketChannelImpl.java:717)
	at org.apache.ratis.thirdparty.io.netty.channel.socket.nio.NioSocketChannel.doFinishConnect(NioSocketChannel.java:327)
	at org.apache.ratis.thirdparty.io.netty.channel.nio.AbstractNioChannel$AbstractNioUnsafe.finishConnect(AbstractNioChannel.java:340)
	at org.apache.ratis.thirdparty.io.netty.channel.nio.NioEventLoop.processSelectedKey(NioEventLoop.java:632)
	at org.apache.ratis.thirdparty.io.netty.channel.nio.NioEventLoop.processSelectedKeysOptimized(NioEventLoop.java:579)
	at org.apache.ratis.thirdparty.io.netty.channel.nio.NioEventLoop.processSelectedKeys(NioEventLoop.java:496)
	at org.apache.ratis.thirdparty.io.netty.channel.nio.NioEventLoop.run(NioEventLoop.java:458)
	at org.apache.ratis.thirdparty.io.netty.util.concurrent.SingleThreadEventExecutor$5.run(SingleThreadEventExecutor.java:897)
	at org.apache.ratis.thirdparty.io.netty.util.concurrent.FastThreadLocalRunnable.run(FastThreadLocalRunnable.java:30)
	... 1 more
Caused by: java.net.ConnectException: Connection refused
	... 11 more
2019-11-14 00:40:06,340 [2f70a07d-1e84-46bf-8533-fdd294c919e1@group-46DCB38A8CDA-LeaderElection201] INFO  impl.LeaderElection (LogUtils.java:infoOrTrace(149)) - 2f70a07d-1e84-46bf-8533-fdd294c919e1@group-46DCB38A8CDA-LeaderElection201 got exception when requesting votes: {}
java.util.concurrent.ExecutionException: org.apache.ratis.thirdparty.io.grpc.StatusRuntimeException: UNAVAILABLE: io exception
	at java.util.concurrent.FutureTask.report(FutureTask.java:122)
	at java.util.concurrent.FutureTask.get(FutureTask.java:192)
	at org.apache.ratis.server.impl.LeaderElection.waitForResults(LeaderElection.java:259)
	at org.apache.ratis.server.impl.LeaderElection.askForVotes(LeaderElection.java:197)
	at org.apache.ratis.server.impl.LeaderElection.run(LeaderElection.java:133)
	at java.lang.Thread.run(Thread.java:748)
Caused by: org.apache.ratis.thirdparty.io.grpc.StatusRuntimeException: UNAVAILABLE: io exception
	at org.apache.ratis.thirdparty.io.grpc.stub.ClientCalls.toStatusRuntimeException(ClientCalls.java:233)
	at org.apache.ratis.thirdparty.io.grpc.stub.ClientCalls.getUnchecked(ClientCalls.java:214)
	at org.apache.ratis.thirdparty.io.grpc.stub.ClientCalls.blockingUnaryCall(ClientCalls.java:139)
	at org.apache.ratis.proto.grpc.RaftServerProtocolServiceGrpc$RaftServerProtocolServiceBlockingStub.requestVote(RaftServerProtocolServiceGrpc.java:265)
	at org.apache.ratis.grpc.server.GrpcServerProtocolClient.requestVote(GrpcServerProtocolClient.java:99)
	at org.apache.ratis.grpc.server.GrpcService.requestVote(GrpcService.java:204)
	at org.apache.ratis.server.impl.LeaderElection.lambda$submitRequests$1(LeaderElection.java:234)
	at java.util.concurrent.FutureTask.run(FutureTask.java:266)
	at java.util.concurrent.Executors$RunnableAdapter.call(Executors.java:511)
	at java.util.concurrent.FutureTask.run(FutureTask.java:266)
	at java.util.concurrent.ThreadPoolExecutor.runWorker(ThreadPoolExecutor.java:1149)
	at java.util.concurrent.ThreadPoolExecutor$Worker.run(ThreadPoolExecutor.java:624)
	... 1 more
Caused by: org.apache.ratis.thirdparty.io.netty.channel.AbstractChannel$AnnotatedConnectException: Connection refused: /192.168.34.25:39301
	at sun.nio.ch.SocketChannelImpl.checkConnect(Native Method)
	at sun.nio.ch.SocketChannelImpl.finishConnect(SocketChannelImpl.java:717)
	at org.apache.ratis.thirdparty.io.netty.channel.socket.nio.NioSocketChannel.doFinishConnect(NioSocketChannel.java:327)
	at org.apache.ratis.thirdparty.io.netty.channel.nio.AbstractNioChannel$AbstractNioUnsafe.finishConnect(AbstractNioChannel.java:340)
	at org.apache.ratis.thirdparty.io.netty.channel.nio.NioEventLoop.processSelectedKey(NioEventLoop.java:632)
	at org.apache.ratis.thirdparty.io.netty.channel.nio.NioEventLoop.processSelectedKeysOptimized(NioEventLoop.java:579)
	at org.apache.ratis.thirdparty.io.netty.channel.nio.NioEventLoop.processSelectedKeys(NioEventLoop.java:496)
	at org.apache.ratis.thirdparty.io.netty.channel.nio.NioEventLoop.run(NioEventLoop.java:458)
	at org.apache.ratis.thirdparty.io.netty.util.concurrent.SingleThreadEventExecutor$5.run(SingleThreadEventExecutor.java:897)
	at org.apache.ratis.thirdparty.io.netty.util.concurrent.FastThreadLocalRunnable.run(FastThreadLocalRunnable.java:30)
	... 1 more
Caused by: java.net.ConnectException: Connection refused
	... 11 more
2019-11-14 00:40:06,340 [2f70a07d-1e84-46bf-8533-fdd294c919e1@group-46DCB38A8CDA-LeaderElection201] INFO  impl.LeaderElection (LeaderElection.java:logAndReturn(56)) - 2f70a07d-1e84-46bf-8533-fdd294c919e1@group-46DCB38A8CDA-LeaderElection201: Election REJECTED; received 0 response(s) [] and 2 exception(s); 2f70a07d-1e84-46bf-8533-fdd294c919e1@group-46DCB38A8CDA:t3, leader=null, voted=2f70a07d-1e84-46bf-8533-fdd294c919e1, raftlog=2f70a07d-1e84-46bf-8533-fdd294c919e1@group-46DCB38A8CDA-SegmentedRaftLog:OPENED:c0,f0,i0, conf=0: [536e24f7-ac60-4eb9-a985-13294793bd01:192.168.34.25:33623, 2f70a07d-1e84-46bf-8533-fdd294c919e1:192.168.34.25:45658, 4c0227a7-61cb-4c13-bcf3-e9ab107c9374:192.168.34.25:39301], old=null
2019-11-14 00:40:06,340 [2f70a07d-1e84-46bf-8533-fdd294c919e1@group-46DCB38A8CDA-LeaderElection201] INFO  impl.LeaderElection (LogUtils.java:infoOrTrace(149)) -   Exception 0: {}
java.util.concurrent.ExecutionException: org.apache.ratis.thirdparty.io.grpc.StatusRuntimeException: UNAVAILABLE: io exception
	at java.util.concurrent.FutureTask.report(FutureTask.java:122)
	at java.util.concurrent.FutureTask.get(FutureTask.java:192)
	at org.apache.ratis.server.impl.LeaderElection.waitForResults(LeaderElection.java:259)
	at org.apache.ratis.server.impl.LeaderElection.askForVotes(LeaderElection.java:197)
	at org.apache.ratis.server.impl.LeaderElection.run(LeaderElection.java:133)
	at java.lang.Thread.run(Thread.java:748)
Caused by: org.apache.ratis.thirdparty.io.grpc.StatusRuntimeException: UNAVAILABLE: io exception
	at org.apache.ratis.thirdparty.io.grpc.stub.ClientCalls.toStatusRuntimeException(ClientCalls.java:233)
	at org.apache.ratis.thirdparty.io.grpc.stub.ClientCalls.getUnchecked(ClientCalls.java:214)
	at org.apache.ratis.thirdparty.io.grpc.stub.ClientCalls.blockingUnaryCall(ClientCalls.java:139)
	at org.apache.ratis.proto.grpc.RaftServerProtocolServiceGrpc$RaftServerProtocolServiceBlockingStub.requestVote(RaftServerProtocolServiceGrpc.java:265)
	at org.apache.ratis.grpc.server.GrpcServerProtocolClient.requestVote(GrpcServerProtocolClient.java:99)
	at org.apache.ratis.grpc.server.GrpcService.requestVote(GrpcService.java:204)
	at org.apache.ratis.server.impl.LeaderElection.lambda$submitRequests$1(LeaderElection.java:234)
	at java.util.concurrent.FutureTask.run(FutureTask.java:266)
	at java.util.concurrent.Executors$RunnableAdapter.call(Executors.java:511)
	at java.util.concurrent.FutureTask.run(FutureTask.java:266)
	at java.util.concurrent.ThreadPoolExecutor.runWorker(ThreadPoolExecutor.java:1149)
	at java.util.concurrent.ThreadPoolExecutor$Worker.run(ThreadPoolExecutor.java:624)
	... 1 more
Caused by: org.apache.ratis.thirdparty.io.netty.channel.AbstractChannel$AnnotatedConnectException: Connection refused: /192.168.34.25:33623
	at sun.nio.ch.SocketChannelImpl.checkConnect(Native Method)
	at sun.nio.ch.SocketChannelImpl.finishConnect(SocketChannelImpl.java:717)
	at org.apache.ratis.thirdparty.io.netty.channel.socket.nio.NioSocketChannel.doFinishConnect(NioSocketChannel.java:327)
	at org.apache.ratis.thirdparty.io.netty.channel.nio.AbstractNioChannel$AbstractNioUnsafe.finishConnect(AbstractNioChannel.java:340)
	at org.apache.ratis.thirdparty.io.netty.channel.nio.NioEventLoop.processSelectedKey(NioEventLoop.java:632)
	at org.apache.ratis.thirdparty.io.netty.channel.nio.NioEventLoop.processSelectedKeysOptimized(NioEventLoop.java:579)
	at org.apache.ratis.thirdparty.io.netty.channel.nio.NioEventLoop.processSelectedKeys(NioEventLoop.java:496)
	at org.apache.ratis.thirdparty.io.netty.channel.nio.NioEventLoop.run(NioEventLoop.java:458)
	at org.apache.ratis.thirdparty.io.netty.util.concurrent.SingleThreadEventExecutor$5.run(SingleThreadEventExecutor.java:897)
	at org.apache.ratis.thirdparty.io.netty.util.concurrent.FastThreadLocalRunnable.run(FastThreadLocalRunnable.java:30)
	... 1 more
Caused by: java.net.ConnectException: Connection refused
	... 11 more
2019-11-14 00:40:06,341 [2f70a07d-1e84-46bf-8533-fdd294c919e1@group-46DCB38A8CDA-LeaderElection201] INFO  impl.LeaderElection (LogUtils.java:infoOrTrace(149)) -   Exception 1: {}
java.util.concurrent.ExecutionException: org.apache.ratis.thirdparty.io.grpc.StatusRuntimeException: UNAVAILABLE: io exception
	at java.util.concurrent.FutureTask.report(FutureTask.java:122)
	at java.util.concurrent.FutureTask.get(FutureTask.java:192)
	at org.apache.ratis.server.impl.LeaderElection.waitForResults(LeaderElection.java:259)
	at org.apache.ratis.server.impl.LeaderElection.askForVotes(LeaderElection.java:197)
	at org.apache.ratis.server.impl.LeaderElection.run(LeaderElection.java:133)
	at java.lang.Thread.run(Thread.java:748)
Caused by: org.apache.ratis.thirdparty.io.grpc.StatusRuntimeException: UNAVAILABLE: io exception
	at org.apache.ratis.thirdparty.io.grpc.stub.ClientCalls.toStatusRuntimeException(ClientCalls.java:233)
	at org.apache.ratis.thirdparty.io.grpc.stub.ClientCalls.getUnchecked(ClientCalls.java:214)
	at org.apache.ratis.thirdparty.io.grpc.stub.ClientCalls.blockingUnaryCall(ClientCalls.java:139)
	at org.apache.ratis.proto.grpc.RaftServerProtocolServiceGrpc$RaftServerProtocolServiceBlockingStub.requestVote(RaftServerProtocolServiceGrpc.java:265)
	at org.apache.ratis.grpc.server.GrpcServerProtocolClient.requestVote(GrpcServerProtocolClient.java:99)
	at org.apache.ratis.grpc.server.GrpcService.requestVote(GrpcService.java:204)
	at org.apache.ratis.server.impl.LeaderElection.lambda$submitRequests$1(LeaderElection.java:234)
	at java.util.concurrent.FutureTask.run(FutureTask.java:266)
	at java.util.concurrent.Executors$RunnableAdapter.call(Executors.java:511)
	at java.util.concurrent.FutureTask.run(FutureTask.java:266)
	at java.util.concurrent.ThreadPoolExecutor.runWorker(ThreadPoolExecutor.java:1149)
	at java.util.concurrent.ThreadPoolExecutor$Worker.run(ThreadPoolExecutor.java:624)
	... 1 more
Caused by: org.apache.ratis.thirdparty.io.netty.channel.AbstractChannel$AnnotatedConnectException: Connection refused: /192.168.34.25:39301
	at sun.nio.ch.SocketChannelImpl.checkConnect(Native Method)
	at sun.nio.ch.SocketChannelImpl.finishConnect(SocketChannelImpl.java:717)
	at org.apache.ratis.thirdparty.io.netty.channel.socket.nio.NioSocketChannel.doFinishConnect(NioSocketChannel.java:327)
	at org.apache.ratis.thirdparty.io.netty.channel.nio.AbstractNioChannel$AbstractNioUnsafe.finishConnect(AbstractNioChannel.java:340)
	at org.apache.ratis.thirdparty.io.netty.channel.nio.NioEventLoop.processSelectedKey(NioEventLoop.java:632)
	at org.apache.ratis.thirdparty.io.netty.channel.nio.NioEventLoop.processSelectedKeysOptimized(NioEventLoop.java:579)
	at org.apache.ratis.thirdparty.io.netty.channel.nio.NioEventLoop.processSelectedKeys(NioEventLoop.java:496)
	at org.apache.ratis.thirdparty.io.netty.channel.nio.NioEventLoop.run(NioEventLoop.java:458)
	at org.apache.ratis.thirdparty.io.netty.util.concurrent.SingleThreadEventExecutor$5.run(SingleThreadEventExecutor.java:897)
	at org.apache.ratis.thirdparty.io.netty.util.concurrent.FastThreadLocalRunnable.run(FastThreadLocalRunnable.java:30)
	... 1 more
Caused by: java.net.ConnectException: Connection refused
	... 11 more
2019-11-14 00:40:06,341 [2f70a07d-1e84-46bf-8533-fdd294c919e1@group-46DCB38A8CDA-LeaderElection201] INFO  impl.RaftServerImpl (RaftServerImpl.java:setRole(173)) - 2f70a07d-1e84-46bf-8533-fdd294c919e1@group-46DCB38A8CDA: changes role from CANDIDATE to FOLLOWER at term 3 for DISCOVERED_A_NEW_TERM
2019-11-14 00:40:06,341 [2f70a07d-1e84-46bf-8533-fdd294c919e1@group-46DCB38A8CDA-LeaderElection201] INFO  impl.RoleInfo (RoleInfo.java:shutdownLeaderElection(134)) - 2f70a07d-1e84-46bf-8533-fdd294c919e1: shutdown LeaderElection
2019-11-14 00:40:06,341 [2f70a07d-1e84-46bf-8533-fdd294c919e1@group-46DCB38A8CDA-LeaderElection201] INFO  impl.RoleInfo (RoleInfo.java:updateAndGet(143)) - 2f70a07d-1e84-46bf-8533-fdd294c919e1: start FollowerState
2019-11-14 00:40:07,091 [Thread-4341] INFO  impl.FollowerState (FollowerState.java:run(111)) - 91297bf6-d797-4b12-9aab-de0c4610252f@group-4121DB32C757-FollowerState: change to CANDIDATE, lastRpcTime:1016ms, electionTimeout:1016ms
2019-11-14 00:40:07,091 [Thread-4341] INFO  impl.RoleInfo (RoleInfo.java:shutdownFollowerState(121)) - 91297bf6-d797-4b12-9aab-de0c4610252f: shutdown FollowerState
2019-11-14 00:40:07,091 [Thread-4341] INFO  impl.RaftServerImpl (RaftServerImpl.java:setRole(173)) - 91297bf6-d797-4b12-9aab-de0c4610252f@group-4121DB32C757: changes role from  FOLLOWER to CANDIDATE at term 8 for changeToCandidate
2019-11-14 00:40:07,091 [Thread-4341] INFO  impl.RoleInfo (RoleInfo.java:updateAndGet(143)) - 91297bf6-d797-4b12-9aab-de0c4610252f: start LeaderElection
2019-11-14 00:40:07,140 [91297bf6-d797-4b12-9aab-de0c4610252f@group-4121DB32C757-LeaderElection202] INFO  impl.LeaderElection (LeaderElection.java:askForVotes(178)) - 91297bf6-d797-4b12-9aab-de0c4610252f@group-4121DB32C757-LeaderElection202: begin an election at term 9 for 0: [cd0a212a-ef86-44b1-8f77-22d0bd8fbd35:192.168.34.25:38897, 91297bf6-d797-4b12-9aab-de0c4610252f:192.168.34.25:35231, f3a6f38f-08d4-4a6a-b30b-ec54e2e520c3:192.168.34.25:38828], old=null
2019-11-14 00:40:07,141 [91297bf6-d797-4b12-9aab-de0c4610252f@group-4121DB32C757-LeaderElection202] INFO  impl.LeaderElection (LogUtils.java:infoOrTrace(149)) - 91297bf6-d797-4b12-9aab-de0c4610252f@group-4121DB32C757-LeaderElection202 got exception when requesting votes: {}
java.util.concurrent.ExecutionException: org.apache.ratis.thirdparty.io.grpc.StatusRuntimeException: UNAVAILABLE: io exception
	at java.util.concurrent.FutureTask.report(FutureTask.java:122)
	at java.util.concurrent.FutureTask.get(FutureTask.java:192)
	at org.apache.ratis.server.impl.LeaderElection.waitForResults(LeaderElection.java:259)
	at org.apache.ratis.server.impl.LeaderElection.askForVotes(LeaderElection.java:197)
	at org.apache.ratis.server.impl.LeaderElection.run(LeaderElection.java:133)
	at java.lang.Thread.run(Thread.java:748)
Caused by: org.apache.ratis.thirdparty.io.grpc.StatusRuntimeException: UNAVAILABLE: io exception
	at org.apache.ratis.thirdparty.io.grpc.stub.ClientCalls.toStatusRuntimeException(ClientCalls.java:233)
	at org.apache.ratis.thirdparty.io.grpc.stub.ClientCalls.getUnchecked(ClientCalls.java:214)
	at org.apache.ratis.thirdparty.io.grpc.stub.ClientCalls.blockingUnaryCall(ClientCalls.java:139)
	at org.apache.ratis.proto.grpc.RaftServerProtocolServiceGrpc$RaftServerProtocolServiceBlockingStub.requestVote(RaftServerProtocolServiceGrpc.java:265)
	at org.apache.ratis.grpc.server.GrpcServerProtocolClient.requestVote(GrpcServerProtocolClient.java:99)
	at org.apache.ratis.grpc.server.GrpcService.requestVote(GrpcService.java:204)
	at org.apache.ratis.server.impl.LeaderElection.lambda$submitRequests$1(LeaderElection.java:234)
	at java.util.concurrent.FutureTask.run(FutureTask.java:266)
	at java.util.concurrent.Executors$RunnableAdapter.call(Executors.java:511)
	at java.util.concurrent.FutureTask.run(FutureTask.java:266)
	at java.util.concurrent.ThreadPoolExecutor.runWorker(ThreadPoolExecutor.java:1149)
	at java.util.concurrent.ThreadPoolExecutor$Worker.run(ThreadPoolExecutor.java:624)
	... 1 more
Caused by: org.apache.ratis.thirdparty.io.netty.channel.AbstractChannel$AnnotatedConnectException: Connection refused: /192.168.34.25:38897
	at sun.nio.ch.SocketChannelImpl.checkConnect(Native Method)
	at sun.nio.ch.SocketChannelImpl.finishConnect(SocketChannelImpl.java:717)
	at org.apache.ratis.thirdparty.io.netty.channel.socket.nio.NioSocketChannel.doFinishConnect(NioSocketChannel.java:327)
	at org.apache.ratis.thirdparty.io.netty.channel.nio.AbstractNioChannel$AbstractNioUnsafe.finishConnect(AbstractNioChannel.java:340)
	at org.apache.ratis.thirdparty.io.netty.channel.nio.NioEventLoop.processSelectedKey(NioEventLoop.java:632)
	at org.apache.ratis.thirdparty.io.netty.channel.nio.NioEventLoop.processSelectedKeysOptimized(NioEventLoop.java:579)
	at org.apache.ratis.thirdparty.io.netty.channel.nio.NioEventLoop.processSelectedKeys(NioEventLoop.java:496)
	at org.apache.ratis.thirdparty.io.netty.channel.nio.NioEventLoop.run(NioEventLoop.java:458)
	at org.apache.ratis.thirdparty.io.netty.util.concurrent.SingleThreadEventExecutor$5.run(SingleThreadEventExecutor.java:897)
	at org.apache.ratis.thirdparty.io.netty.util.concurrent.FastThreadLocalRunnable.run(FastThreadLocalRunnable.java:30)
	... 1 more
Caused by: java.net.ConnectException: Connection refused
	... 11 more
2019-11-14 00:40:07,142 [91297bf6-d797-4b12-9aab-de0c4610252f@group-4121DB32C757-LeaderElection202] INFO  impl.LeaderElection (LogUtils.java:infoOrTrace(149)) - 91297bf6-d797-4b12-9aab-de0c4610252f@group-4121DB32C757-LeaderElection202 got exception when requesting votes: {}
java.util.concurrent.ExecutionException: org.apache.ratis.thirdparty.io.grpc.StatusRuntimeException: UNAVAILABLE: io exception
	at java.util.concurrent.FutureTask.report(FutureTask.java:122)
	at java.util.concurrent.FutureTask.get(FutureTask.java:192)
	at org.apache.ratis.server.impl.LeaderElection.waitForResults(LeaderElection.java:259)
	at org.apache.ratis.server.impl.LeaderElection.askForVotes(LeaderElection.java:197)
	at org.apache.ratis.server.impl.LeaderElection.run(LeaderElection.java:133)
	at java.lang.Thread.run(Thread.java:748)
Caused by: org.apache.ratis.thirdparty.io.grpc.StatusRuntimeException: UNAVAILABLE: io exception
	at org.apache.ratis.thirdparty.io.grpc.stub.ClientCalls.toStatusRuntimeException(ClientCalls.java:233)
	at org.apache.ratis.thirdparty.io.grpc.stub.ClientCalls.getUnchecked(ClientCalls.java:214)
	at org.apache.ratis.thirdparty.io.grpc.stub.ClientCalls.blockingUnaryCall(ClientCalls.java:139)
	at org.apache.ratis.proto.grpc.RaftServerProtocolServiceGrpc$RaftServerProtocolServiceBlockingStub.requestVote(RaftServerProtocolServiceGrpc.java:265)
	at org.apache.ratis.grpc.server.GrpcServerProtocolClient.requestVote(GrpcServerProtocolClient.java:99)
	at org.apache.ratis.grpc.server.GrpcService.requestVote(GrpcService.java:204)
	at org.apache.ratis.server.impl.LeaderElection.lambda$submitRequests$1(LeaderElection.java:234)
	at java.util.concurrent.FutureTask.run(FutureTask.java:266)
	at java.util.concurrent.Executors$RunnableAdapter.call(Executors.java:511)
	at java.util.concurrent.FutureTask.run(FutureTask.java:266)
	at java.util.concurrent.ThreadPoolExecutor.runWorker(ThreadPoolExecutor.java:1149)
	at java.util.concurrent.ThreadPoolExecutor$Worker.run(ThreadPoolExecutor.java:624)
	... 1 more
Caused by: org.apache.ratis.thirdparty.io.netty.channel.AbstractChannel$AnnotatedConnectException: Connection refused: /192.168.34.25:38828
	at sun.nio.ch.SocketChannelImpl.checkConnect(Native Method)
	at sun.nio.ch.SocketChannelImpl.finishConnect(SocketChannelImpl.java:717)
	at org.apache.ratis.thirdparty.io.netty.channel.socket.nio.NioSocketChannel.doFinishConnect(NioSocketChannel.java:327)
	at org.apache.ratis.thirdparty.io.netty.channel.nio.AbstractNioChannel$AbstractNioUnsafe.finishConnect(AbstractNioChannel.java:340)
	at org.apache.ratis.thirdparty.io.netty.channel.nio.NioEventLoop.processSelectedKey(NioEventLoop.java:632)
	at org.apache.ratis.thirdparty.io.netty.channel.nio.NioEventLoop.processSelectedKeysOptimized(NioEventLoop.java:579)
	at org.apache.ratis.thirdparty.io.netty.channel.nio.NioEventLoop.processSelectedKeys(NioEventLoop.java:496)
	at org.apache.ratis.thirdparty.io.netty.channel.nio.NioEventLoop.run(NioEventLoop.java:458)
	at org.apache.ratis.thirdparty.io.netty.util.concurrent.SingleThreadEventExecutor$5.run(SingleThreadEventExecutor.java:897)
	at org.apache.ratis.thirdparty.io.netty.util.concurrent.FastThreadLocalRunnable.run(FastThreadLocalRunnable.java:30)
	... 1 more
Caused by: java.net.ConnectException: Connection refused
	... 11 more
2019-11-14 00:40:07,142 [91297bf6-d797-4b12-9aab-de0c4610252f@group-4121DB32C757-LeaderElection202] INFO  impl.LeaderElection (LeaderElection.java:logAndReturn(56)) - 91297bf6-d797-4b12-9aab-de0c4610252f@group-4121DB32C757-LeaderElection202: Election REJECTED; received 0 response(s) [] and 2 exception(s); 91297bf6-d797-4b12-9aab-de0c4610252f@group-4121DB32C757:t9, leader=null, voted=91297bf6-d797-4b12-9aab-de0c4610252f, raftlog=91297bf6-d797-4b12-9aab-de0c4610252f@group-4121DB32C757-SegmentedRaftLog:OPENED:c0,f0,i0, conf=0: [cd0a212a-ef86-44b1-8f77-22d0bd8fbd35:192.168.34.25:38897, 91297bf6-d797-4b12-9aab-de0c4610252f:192.168.34.25:35231, f3a6f38f-08d4-4a6a-b30b-ec54e2e520c3:192.168.34.25:38828], old=null
2019-11-14 00:40:07,142 [91297bf6-d797-4b12-9aab-de0c4610252f@group-4121DB32C757-LeaderElection202] INFO  impl.LeaderElection (LogUtils.java:infoOrTrace(149)) -   Exception 0: {}
java.util.concurrent.ExecutionException: org.apache.ratis.thirdparty.io.grpc.StatusRuntimeException: UNAVAILABLE: io exception
	at java.util.concurrent.FutureTask.report(FutureTask.java:122)
	at java.util.concurrent.FutureTask.get(FutureTask.java:192)
	at org.apache.ratis.server.impl.LeaderElection.waitForResults(LeaderElection.java:259)
	at org.apache.ratis.server.impl.LeaderElection.askForVotes(LeaderElection.java:197)
	at org.apache.ratis.server.impl.LeaderElection.run(LeaderElection.java:133)
	at java.lang.Thread.run(Thread.java:748)
Caused by: org.apache.ratis.thirdparty.io.grpc.StatusRuntimeException: UNAVAILABLE: io exception
	at org.apache.ratis.thirdparty.io.grpc.stub.ClientCalls.toStatusRuntimeException(ClientCalls.java:233)
	at org.apache.ratis.thirdparty.io.grpc.stub.ClientCalls.getUnchecked(ClientCalls.java:214)
	at org.apache.ratis.thirdparty.io.grpc.stub.ClientCalls.blockingUnaryCall(ClientCalls.java:139)
	at org.apache.ratis.proto.grpc.RaftServerProtocolServiceGrpc$RaftServerProtocolServiceBlockingStub.requestVote(RaftServerProtocolServiceGrpc.java:265)
	at org.apache.ratis.grpc.server.GrpcServerProtocolClient.requestVote(GrpcServerProtocolClient.java:99)
	at org.apache.ratis.grpc.server.GrpcService.requestVote(GrpcService.java:204)
	at org.apache.ratis.server.impl.LeaderElection.lambda$submitRequests$1(LeaderElection.java:234)
	at java.util.concurrent.FutureTask.run(FutureTask.java:266)
	at java.util.concurrent.Executors$RunnableAdapter.call(Executors.java:511)
	at java.util.concurrent.FutureTask.run(FutureTask.java:266)
	at java.util.concurrent.ThreadPoolExecutor.runWorker(ThreadPoolExecutor.java:1149)
	at java.util.concurrent.ThreadPoolExecutor$Worker.run(ThreadPoolExecutor.java:624)
	... 1 more
Caused by: org.apache.ratis.thirdparty.io.netty.channel.AbstractChannel$AnnotatedConnectException: Connection refused: /192.168.34.25:38897
	at sun.nio.ch.SocketChannelImpl.checkConnect(Native Method)
	at sun.nio.ch.SocketChannelImpl.finishConnect(SocketChannelImpl.java:717)
	at org.apache.ratis.thirdparty.io.netty.channel.socket.nio.NioSocketChannel.doFinishConnect(NioSocketChannel.java:327)
	at org.apache.ratis.thirdparty.io.netty.channel.nio.AbstractNioChannel$AbstractNioUnsafe.finishConnect(AbstractNioChannel.java:340)
	at org.apache.ratis.thirdparty.io.netty.channel.nio.NioEventLoop.processSelectedKey(NioEventLoop.java:632)
	at org.apache.ratis.thirdparty.io.netty.channel.nio.NioEventLoop.processSelectedKeysOptimized(NioEventLoop.java:579)
	at org.apache.ratis.thirdparty.io.netty.channel.nio.NioEventLoop.processSelectedKeys(NioEventLoop.java:496)
	at org.apache.ratis.thirdparty.io.netty.channel.nio.NioEventLoop.run(NioEventLoop.java:458)
	at org.apache.ratis.thirdparty.io.netty.util.concurrent.SingleThreadEventExecutor$5.run(SingleThreadEventExecutor.java:897)
	at org.apache.ratis.thirdparty.io.netty.util.concurrent.FastThreadLocalRunnable.run(FastThreadLocalRunnable.java:30)
	... 1 more
Caused by: java.net.ConnectException: Connection refused
	... 11 more
2019-11-14 00:40:07,142 [91297bf6-d797-4b12-9aab-de0c4610252f@group-4121DB32C757-LeaderElection202] INFO  impl.LeaderElection (LogUtils.java:infoOrTrace(149)) -   Exception 1: {}
java.util.concurrent.ExecutionException: org.apache.ratis.thirdparty.io.grpc.StatusRuntimeException: UNAVAILABLE: io exception
	at java.util.concurrent.FutureTask.report(FutureTask.java:122)
	at java.util.concurrent.FutureTask.get(FutureTask.java:192)
	at org.apache.ratis.server.impl.LeaderElection.waitForResults(LeaderElection.java:259)
	at org.apache.ratis.server.impl.LeaderElection.askForVotes(LeaderElection.java:197)
	at org.apache.ratis.server.impl.LeaderElection.run(LeaderElection.java:133)
	at java.lang.Thread.run(Thread.java:748)
Caused by: org.apache.ratis.thirdparty.io.grpc.StatusRuntimeException: UNAVAILABLE: io exception
	at org.apache.ratis.thirdparty.io.grpc.stub.ClientCalls.toStatusRuntimeException(ClientCalls.java:233)
	at org.apache.ratis.thirdparty.io.grpc.stub.ClientCalls.getUnchecked(ClientCalls.java:214)
	at org.apache.ratis.thirdparty.io.grpc.stub.ClientCalls.blockingUnaryCall(ClientCalls.java:139)
	at org.apache.ratis.proto.grpc.RaftServerProtocolServiceGrpc$RaftServerProtocolServiceBlockingStub.requestVote(RaftServerProtocolServiceGrpc.java:265)
	at org.apache.ratis.grpc.server.GrpcServerProtocolClient.requestVote(GrpcServerProtocolClient.java:99)
	at org.apache.ratis.grpc.server.GrpcService.requestVote(GrpcService.java:204)
	at org.apache.ratis.server.impl.LeaderElection.lambda$submitRequests$1(LeaderElection.java:234)
	at java.util.concurrent.FutureTask.run(FutureTask.java:266)
	at java.util.concurrent.Executors$RunnableAdapter.call(Executors.java:511)
	at java.util.concurrent.FutureTask.run(FutureTask.java:266)
	at java.util.concurrent.ThreadPoolExecutor.runWorker(ThreadPoolExecutor.java:1149)
	at java.util.concurrent.ThreadPoolExecutor$Worker.run(ThreadPoolExecutor.java:624)
	... 1 more
Caused by: org.apache.ratis.thirdparty.io.netty.channel.AbstractChannel$AnnotatedConnectException: Connection refused: /192.168.34.25:38828
	at sun.nio.ch.SocketChannelImpl.checkConnect(Native Method)
	at sun.nio.ch.SocketChannelImpl.finishConnect(SocketChannelImpl.java:717)
	at org.apache.ratis.thirdparty.io.netty.channel.socket.nio.NioSocketChannel.doFinishConnect(NioSocketChannel.java:327)
	at org.apache.ratis.thirdparty.io.netty.channel.nio.AbstractNioChannel$AbstractNioUnsafe.finishConnect(AbstractNioChannel.java:340)
	at org.apache.ratis.thirdparty.io.netty.channel.nio.NioEventLoop.processSelectedKey(NioEventLoop.java:632)
	at org.apache.ratis.thirdparty.io.netty.channel.nio.NioEventLoop.processSelectedKeysOptimized(NioEventLoop.java:579)
	at org.apache.ratis.thirdparty.io.netty.channel.nio.NioEventLoop.processSelectedKeys(NioEventLoop.java:496)
	at org.apache.ratis.thirdparty.io.netty.channel.nio.NioEventLoop.run(NioEventLoop.java:458)
	at org.apache.ratis.thirdparty.io.netty.util.concurrent.SingleThreadEventExecutor$5.run(SingleThreadEventExecutor.java:897)
	at org.apache.ratis.thirdparty.io.netty.util.concurrent.FastThreadLocalRunnable.run(FastThreadLocalRunnable.java:30)
	... 1 more
Caused by: java.net.ConnectException: Connection refused
	... 11 more
2019-11-14 00:40:07,143 [91297bf6-d797-4b12-9aab-de0c4610252f@group-4121DB32C757-LeaderElection202] INFO  impl.RaftServerImpl (RaftServerImpl.java:setRole(173)) - 91297bf6-d797-4b12-9aab-de0c4610252f@group-4121DB32C757: changes role from CANDIDATE to FOLLOWER at term 9 for DISCOVERED_A_NEW_TERM
2019-11-14 00:40:07,143 [91297bf6-d797-4b12-9aab-de0c4610252f@group-4121DB32C757-LeaderElection202] INFO  impl.RoleInfo (RoleInfo.java:shutdownLeaderElection(134)) - 91297bf6-d797-4b12-9aab-de0c4610252f: shutdown LeaderElection
2019-11-14 00:40:07,143 [91297bf6-d797-4b12-9aab-de0c4610252f@group-4121DB32C757-LeaderElection202] INFO  impl.RoleInfo (RoleInfo.java:updateAndGet(143)) - 91297bf6-d797-4b12-9aab-de0c4610252f: start FollowerState
2019-11-14 00:40:07,458 [Thread-4345] INFO  impl.FollowerState (FollowerState.java:run(111)) - 2f70a07d-1e84-46bf-8533-fdd294c919e1@group-46DCB38A8CDA-FollowerState: change to CANDIDATE, lastRpcTime:1116ms, electionTimeout:1116ms
2019-11-14 00:40:07,459 [Thread-4345] INFO  impl.RoleInfo (RoleInfo.java:shutdownFollowerState(121)) - 2f70a07d-1e84-46bf-8533-fdd294c919e1: shutdown FollowerState
2019-11-14 00:40:07,459 [Thread-4345] INFO  impl.RaftServerImpl (RaftServerImpl.java:setRole(173)) - 2f70a07d-1e84-46bf-8533-fdd294c919e1@group-46DCB38A8CDA: changes role from  FOLLOWER to CANDIDATE at term 3 for changeToCandidate
2019-11-14 00:40:07,459 [Thread-4345] INFO  impl.RoleInfo (RoleInfo.java:updateAndGet(143)) - 2f70a07d-1e84-46bf-8533-fdd294c919e1: start LeaderElection
2019-11-14 00:40:07,498 [2f70a07d-1e84-46bf-8533-fdd294c919e1@group-46DCB38A8CDA-LeaderElection203] INFO  impl.LeaderElection (LeaderElection.java:askForVotes(178)) - 2f70a07d-1e84-46bf-8533-fdd294c919e1@group-46DCB38A8CDA-LeaderElection203: begin an election at term 4 for 0: [536e24f7-ac60-4eb9-a985-13294793bd01:192.168.34.25:33623, 2f70a07d-1e84-46bf-8533-fdd294c919e1:192.168.34.25:45658, 4c0227a7-61cb-4c13-bcf3-e9ab107c9374:192.168.34.25:39301], old=null
2019-11-14 00:40:07,500 [2f70a07d-1e84-46bf-8533-fdd294c919e1@group-46DCB38A8CDA-LeaderElection203] INFO  impl.LeaderElection (LogUtils.java:infoOrTrace(149)) - 2f70a07d-1e84-46bf-8533-fdd294c919e1@group-46DCB38A8CDA-LeaderElection203 got exception when requesting votes: {}
java.util.concurrent.ExecutionException: org.apache.ratis.thirdparty.io.grpc.StatusRuntimeException: UNAVAILABLE: io exception
	at java.util.concurrent.FutureTask.report(FutureTask.java:122)
	at java.util.concurrent.FutureTask.get(FutureTask.java:192)
	at org.apache.ratis.server.impl.LeaderElection.waitForResults(LeaderElection.java:259)
	at org.apache.ratis.server.impl.LeaderElection.askForVotes(LeaderElection.java:197)
	at org.apache.ratis.server.impl.LeaderElection.run(LeaderElection.java:133)
	at java.lang.Thread.run(Thread.java:748)
Caused by: org.apache.ratis.thirdparty.io.grpc.StatusRuntimeException: UNAVAILABLE: io exception
	at org.apache.ratis.thirdparty.io.grpc.stub.ClientCalls.toStatusRuntimeException(ClientCalls.java:233)
	at org.apache.ratis.thirdparty.io.grpc.stub.ClientCalls.getUnchecked(ClientCalls.java:214)
	at org.apache.ratis.thirdparty.io.grpc.stub.ClientCalls.blockingUnaryCall(ClientCalls.java:139)
	at org.apache.ratis.proto.grpc.RaftServerProtocolServiceGrpc$RaftServerProtocolServiceBlockingStub.requestVote(RaftServerProtocolServiceGrpc.java:265)
	at org.apache.ratis.grpc.server.GrpcServerProtocolClient.requestVote(GrpcServerProtocolClient.java:99)
	at org.apache.ratis.grpc.server.GrpcService.requestVote(GrpcService.java:204)
	at org.apache.ratis.server.impl.LeaderElection.lambda$submitRequests$1(LeaderElection.java:234)
	at java.util.concurrent.FutureTask.run(FutureTask.java:266)
	at java.util.concurrent.Executors$RunnableAdapter.call(Executors.java:511)
	at java.util.concurrent.FutureTask.run(FutureTask.java:266)
	at java.util.concurrent.ThreadPoolExecutor.runWorker(ThreadPoolExecutor.java:1149)
	at java.util.concurrent.ThreadPoolExecutor$Worker.run(ThreadPoolExecutor.java:624)
	... 1 more
Caused by: org.apache.ratis.thirdparty.io.netty.channel.AbstractChannel$AnnotatedConnectException: Connection refused: /192.168.34.25:33623
	at sun.nio.ch.SocketChannelImpl.checkConnect(Native Method)
	at sun.nio.ch.SocketChannelImpl.finishConnect(SocketChannelImpl.java:717)
	at org.apache.ratis.thirdparty.io.netty.channel.socket.nio.NioSocketChannel.doFinishConnect(NioSocketChannel.java:327)
	at org.apache.ratis.thirdparty.io.netty.channel.nio.AbstractNioChannel$AbstractNioUnsafe.finishConnect(AbstractNioChannel.java:340)
	at org.apache.ratis.thirdparty.io.netty.channel.nio.NioEventLoop.processSelectedKey(NioEventLoop.java:632)
	at org.apache.ratis.thirdparty.io.netty.channel.nio.NioEventLoop.processSelectedKeysOptimized(NioEventLoop.java:579)
	at org.apache.ratis.thirdparty.io.netty.channel.nio.NioEventLoop.processSelectedKeys(NioEventLoop.java:496)
	at org.apache.ratis.thirdparty.io.netty.channel.nio.NioEventLoop.run(NioEventLoop.java:458)
	at org.apache.ratis.thirdparty.io.netty.util.concurrent.SingleThreadEventExecutor$5.run(SingleThreadEventExecutor.java:897)
	at org.apache.ratis.thirdparty.io.netty.util.concurrent.FastThreadLocalRunnable.run(FastThreadLocalRunnable.java:30)
	... 1 more
Caused by: java.net.ConnectException: Connection refused
	... 11 more
2019-11-14 00:40:07,500 [2f70a07d-1e84-46bf-8533-fdd294c919e1@group-46DCB38A8CDA-LeaderElection203] INFO  impl.LeaderElection (LogUtils.java:infoOrTrace(149)) - 2f70a07d-1e84-46bf-8533-fdd294c919e1@group-46DCB38A8CDA-LeaderElection203 got exception when requesting votes: {}
java.util.concurrent.ExecutionException: org.apache.ratis.thirdparty.io.grpc.StatusRuntimeException: UNAVAILABLE: io exception
	at java.util.concurrent.FutureTask.report(FutureTask.java:122)
	at java.util.concurrent.FutureTask.get(FutureTask.java:192)
	at org.apache.ratis.server.impl.LeaderElection.waitForResults(LeaderElection.java:259)
	at org.apache.ratis.server.impl.LeaderElection.askForVotes(LeaderElection.java:197)
	at org.apache.ratis.server.impl.LeaderElection.run(LeaderElection.java:133)
	at java.lang.Thread.run(Thread.java:748)
Caused by: org.apache.ratis.thirdparty.io.grpc.StatusRuntimeException: UNAVAILABLE: io exception
	at org.apache.ratis.thirdparty.io.grpc.stub.ClientCalls.toStatusRuntimeException(ClientCalls.java:233)
	at org.apache.ratis.thirdparty.io.grpc.stub.ClientCalls.getUnchecked(ClientCalls.java:214)
	at org.apache.ratis.thirdparty.io.grpc.stub.ClientCalls.blockingUnaryCall(ClientCalls.java:139)
	at org.apache.ratis.proto.grpc.RaftServerProtocolServiceGrpc$RaftServerProtocolServiceBlockingStub.requestVote(RaftServerProtocolServiceGrpc.java:265)
	at org.apache.ratis.grpc.server.GrpcServerProtocolClient.requestVote(GrpcServerProtocolClient.java:99)
	at org.apache.ratis.grpc.server.GrpcService.requestVote(GrpcService.java:204)
	at org.apache.ratis.server.impl.LeaderElection.lambda$submitRequests$1(LeaderElection.java:234)
	at java.util.concurrent.FutureTask.run(FutureTask.java:266)
	at java.util.concurrent.Executors$RunnableAdapter.call(Executors.java:511)
	at java.util.concurrent.FutureTask.run(FutureTask.java:266)
	at java.util.concurrent.ThreadPoolExecutor.runWorker(ThreadPoolExecutor.java:1149)
	at java.util.concurrent.ThreadPoolExecutor$Worker.run(ThreadPoolExecutor.java:624)
	... 1 more
Caused by: org.apache.ratis.thirdparty.io.netty.channel.AbstractChannel$AnnotatedConnectException: Connection refused: /192.168.34.25:39301
	at sun.nio.ch.SocketChannelImpl.checkConnect(Native Method)
	at sun.nio.ch.SocketChannelImpl.finishConnect(SocketChannelImpl.java:717)
	at org.apache.ratis.thirdparty.io.netty.channel.socket.nio.NioSocketChannel.doFinishConnect(NioSocketChannel.java:327)
	at org.apache.ratis.thirdparty.io.netty.channel.nio.AbstractNioChannel$AbstractNioUnsafe.finishConnect(AbstractNioChannel.java:340)
	at org.apache.ratis.thirdparty.io.netty.channel.nio.NioEventLoop.processSelectedKey(NioEventLoop.java:632)
	at org.apache.ratis.thirdparty.io.netty.channel.nio.NioEventLoop.processSelectedKeysOptimized(NioEventLoop.java:579)
	at org.apache.ratis.thirdparty.io.netty.channel.nio.NioEventLoop.processSelectedKeys(NioEventLoop.java:496)
	at org.apache.ratis.thirdparty.io.netty.channel.nio.NioEventLoop.run(NioEventLoop.java:458)
	at org.apache.ratis.thirdparty.io.netty.util.concurrent.SingleThreadEventExecutor$5.run(SingleThreadEventExecutor.java:897)
	at org.apache.ratis.thirdparty.io.netty.util.concurrent.FastThreadLocalRunnable.run(FastThreadLocalRunnable.java:30)
	... 1 more
Caused by: java.net.ConnectException: Connection refused
	... 11 more
2019-11-14 00:40:07,501 [2f70a07d-1e84-46bf-8533-fdd294c919e1@group-46DCB38A8CDA-LeaderElection203] INFO  impl.LeaderElection (LeaderElection.java:logAndReturn(56)) - 2f70a07d-1e84-46bf-8533-fdd294c919e1@group-46DCB38A8CDA-LeaderElection203: Election REJECTED; received 0 response(s) [] and 2 exception(s); 2f70a07d-1e84-46bf-8533-fdd294c919e1@group-46DCB38A8CDA:t4, leader=null, voted=2f70a07d-1e84-46bf-8533-fdd294c919e1, raftlog=2f70a07d-1e84-46bf-8533-fdd294c919e1@group-46DCB38A8CDA-SegmentedRaftLog:OPENED:c0,f0,i0, conf=0: [536e24f7-ac60-4eb9-a985-13294793bd01:192.168.34.25:33623, 2f70a07d-1e84-46bf-8533-fdd294c919e1:192.168.34.25:45658, 4c0227a7-61cb-4c13-bcf3-e9ab107c9374:192.168.34.25:39301], old=null
2019-11-14 00:40:07,501 [2f70a07d-1e84-46bf-8533-fdd294c919e1@group-46DCB38A8CDA-LeaderElection203] INFO  impl.LeaderElection (LogUtils.java:infoOrTrace(149)) -   Exception 0: {}
java.util.concurrent.ExecutionException: org.apache.ratis.thirdparty.io.grpc.StatusRuntimeException: UNAVAILABLE: io exception
	at java.util.concurrent.FutureTask.report(FutureTask.java:122)
	at java.util.concurrent.FutureTask.get(FutureTask.java:192)
	at org.apache.ratis.server.impl.LeaderElection.waitForResults(LeaderElection.java:259)
	at org.apache.ratis.server.impl.LeaderElection.askForVotes(LeaderElection.java:197)
	at org.apache.ratis.server.impl.LeaderElection.run(LeaderElection.java:133)
	at java.lang.Thread.run(Thread.java:748)
Caused by: org.apache.ratis.thirdparty.io.grpc.StatusRuntimeException: UNAVAILABLE: io exception
	at org.apache.ratis.thirdparty.io.grpc.stub.ClientCalls.toStatusRuntimeException(ClientCalls.java:233)
	at org.apache.ratis.thirdparty.io.grpc.stub.ClientCalls.getUnchecked(ClientCalls.java:214)
	at org.apache.ratis.thirdparty.io.grpc.stub.ClientCalls.blockingUnaryCall(ClientCalls.java:139)
	at org.apache.ratis.proto.grpc.RaftServerProtocolServiceGrpc$RaftServerProtocolServiceBlockingStub.requestVote(RaftServerProtocolServiceGrpc.java:265)
	at org.apache.ratis.grpc.server.GrpcServerProtocolClient.requestVote(GrpcServerProtocolClient.java:99)
	at org.apache.ratis.grpc.server.GrpcService.requestVote(GrpcService.java:204)
	at org.apache.ratis.server.impl.LeaderElection.lambda$submitRequests$1(LeaderElection.java:234)
	at java.util.concurrent.FutureTask.run(FutureTask.java:266)
	at java.util.concurrent.Executors$RunnableAdapter.call(Executors.java:511)
	at java.util.concurrent.FutureTask.run(FutureTask.java:266)
	at java.util.concurrent.ThreadPoolExecutor.runWorker(ThreadPoolExecutor.java:1149)
	at java.util.concurrent.ThreadPoolExecutor$Worker.run(ThreadPoolExecutor.java:624)
	... 1 more
Caused by: org.apache.ratis.thirdparty.io.netty.channel.AbstractChannel$AnnotatedConnectException: Connection refused: /192.168.34.25:33623
	at sun.nio.ch.SocketChannelImpl.checkConnect(Native Method)
	at sun.nio.ch.SocketChannelImpl.finishConnect(SocketChannelImpl.java:717)
	at org.apache.ratis.thirdparty.io.netty.channel.socket.nio.NioSocketChannel.doFinishConnect(NioSocketChannel.java:327)
	at org.apache.ratis.thirdparty.io.netty.channel.nio.AbstractNioChannel$AbstractNioUnsafe.finishConnect(AbstractNioChannel.java:340)
	at org.apache.ratis.thirdparty.io.netty.channel.nio.NioEventLoop.processSelectedKey(NioEventLoop.java:632)
	at org.apache.ratis.thirdparty.io.netty.channel.nio.NioEventLoop.processSelectedKeysOptimized(NioEventLoop.java:579)
	at org.apache.ratis.thirdparty.io.netty.channel.nio.NioEventLoop.processSelectedKeys(NioEventLoop.java:496)
	at org.apache.ratis.thirdparty.io.netty.channel.nio.NioEventLoop.run(NioEventLoop.java:458)
	at org.apache.ratis.thirdparty.io.netty.util.concurrent.SingleThreadEventExecutor$5.run(SingleThreadEventExecutor.java:897)
	at org.apache.ratis.thirdparty.io.netty.util.concurrent.FastThreadLocalRunnable.run(FastThreadLocalRunnable.java:30)
	... 1 more
Caused by: java.net.ConnectException: Connection refused
	... 11 more
2019-11-14 00:40:07,501 [2f70a07d-1e84-46bf-8533-fdd294c919e1@group-46DCB38A8CDA-LeaderElection203] INFO  impl.LeaderElection (LogUtils.java:infoOrTrace(149)) -   Exception 1: {}
java.util.concurrent.ExecutionException: org.apache.ratis.thirdparty.io.grpc.StatusRuntimeException: UNAVAILABLE: io exception
	at java.util.concurrent.FutureTask.report(FutureTask.java:122)
	at java.util.concurrent.FutureTask.get(FutureTask.java:192)
	at org.apache.ratis.server.impl.LeaderElection.waitForResults(LeaderElection.java:259)
	at org.apache.ratis.server.impl.LeaderElection.askForVotes(LeaderElection.java:197)
	at org.apache.ratis.server.impl.LeaderElection.run(LeaderElection.java:133)
	at java.lang.Thread.run(Thread.java:748)
Caused by: org.apache.ratis.thirdparty.io.grpc.StatusRuntimeException: UNAVAILABLE: io exception
	at org.apache.ratis.thirdparty.io.grpc.stub.ClientCalls.toStatusRuntimeException(ClientCalls.java:233)
	at org.apache.ratis.thirdparty.io.grpc.stub.ClientCalls.getUnchecked(ClientCalls.java:214)
	at org.apache.ratis.thirdparty.io.grpc.stub.ClientCalls.blockingUnaryCall(ClientCalls.java:139)
	at org.apache.ratis.proto.grpc.RaftServerProtocolServiceGrpc$RaftServerProtocolServiceBlockingStub.requestVote(RaftServerProtocolServiceGrpc.java:265)
	at org.apache.ratis.grpc.server.GrpcServerProtocolClient.requestVote(GrpcServerProtocolClient.java:99)
	at org.apache.ratis.grpc.server.GrpcService.requestVote(GrpcService.java:204)
	at org.apache.ratis.server.impl.LeaderElection.lambda$submitRequests$1(LeaderElection.java:234)
	at java.util.concurrent.FutureTask.run(FutureTask.java:266)
	at java.util.concurrent.Executors$RunnableAdapter.call(Executors.java:511)
	at java.util.concurrent.FutureTask.run(FutureTask.java:266)
	at java.util.concurrent.ThreadPoolExecutor.runWorker(ThreadPoolExecutor.java:1149)
	at java.util.concurrent.ThreadPoolExecutor$Worker.run(ThreadPoolExecutor.java:624)
	... 1 more
Caused by: org.apache.ratis.thirdparty.io.netty.channel.AbstractChannel$AnnotatedConnectException: Connection refused: /192.168.34.25:39301
	at sun.nio.ch.SocketChannelImpl.checkConnect(Native Method)
	at sun.nio.ch.SocketChannelImpl.finishConnect(SocketChannelImpl.java:717)
	at org.apache.ratis.thirdparty.io.netty.channel.socket.nio.NioSocketChannel.doFinishConnect(NioSocketChannel.java:327)
	at org.apache.ratis.thirdparty.io.netty.channel.nio.AbstractNioChannel$AbstractNioUnsafe.finishConnect(AbstractNioChannel.java:340)
	at org.apache.ratis.thirdparty.io.netty.channel.nio.NioEventLoop.processSelectedKey(NioEventLoop.java:632)
	at org.apache.ratis.thirdparty.io.netty.channel.nio.NioEventLoop.processSelectedKeysOptimized(NioEventLoop.java:579)
	at org.apache.ratis.thirdparty.io.netty.channel.nio.NioEventLoop.processSelectedKeys(NioEventLoop.java:496)
	at org.apache.ratis.thirdparty.io.netty.channel.nio.NioEventLoop.run(NioEventLoop.java:458)
	at org.apache.ratis.thirdparty.io.netty.util.concurrent.SingleThreadEventExecutor$5.run(SingleThreadEventExecutor.java:897)
	at org.apache.ratis.thirdparty.io.netty.util.concurrent.FastThreadLocalRunnable.run(FastThreadLocalRunnable.java:30)
	... 1 more
Caused by: java.net.ConnectException: Connection refused
	... 11 more
2019-11-14 00:40:07,502 [2f70a07d-1e84-46bf-8533-fdd294c919e1@group-46DCB38A8CDA-LeaderElection203] INFO  impl.RaftServerImpl (RaftServerImpl.java:setRole(173)) - 2f70a07d-1e84-46bf-8533-fdd294c919e1@group-46DCB38A8CDA: changes role from CANDIDATE to FOLLOWER at term 4 for DISCOVERED_A_NEW_TERM
2019-11-14 00:40:07,502 [2f70a07d-1e84-46bf-8533-fdd294c919e1@group-46DCB38A8CDA-LeaderElection203] INFO  impl.RoleInfo (RoleInfo.java:shutdownLeaderElection(134)) - 2f70a07d-1e84-46bf-8533-fdd294c919e1: shutdown LeaderElection
2019-11-14 00:40:07,502 [2f70a07d-1e84-46bf-8533-fdd294c919e1@group-46DCB38A8CDA-LeaderElection203] INFO  impl.RoleInfo (RoleInfo.java:updateAndGet(143)) - 2f70a07d-1e84-46bf-8533-fdd294c919e1: start FollowerState
2019-11-14 00:40:08,095 [ForkJoinPool.commonPool-worker-1] INFO  ozoneimpl.OzoneContainer (OzoneContainer.java:stop(244)) - Attempting to stop container services.
2019-11-14 00:40:08,096 [main] INFO  ozoneimpl.OzoneContainer (OzoneContainer.java:stop(244)) - Attempting to stop container services.
2019-11-14 00:40:08,096 [ForkJoinPool.commonPool-worker-1] INFO  impl.RaftServerProxy (RaftServerProxy.java:lambda$close$4(314)) - 2f70a07d-1e84-46bf-8533-fdd294c919e1: close
2019-11-14 00:40:08,097 [main] INFO  impl.RaftServerProxy (RaftServerProxy.java:lambda$close$4(314)) - 91297bf6-d797-4b12-9aab-de0c4610252f: close
2019-11-14 00:40:08,097 [ForkJoinPool.commonPool-worker-1] INFO  impl.RaftServerImpl (RaftServerImpl.java:lambda$shutdown$3(250)) - 2f70a07d-1e84-46bf-8533-fdd294c919e1@group-5C4A4D248B9F: shutdown
2019-11-14 00:40:08,097 [main] INFO  impl.RaftServerImpl (RaftServerImpl.java:lambda$shutdown$3(250)) - 91297bf6-d797-4b12-9aab-de0c4610252f@group-4121DB32C757: shutdown
2019-11-14 00:40:08,097 [ForkJoinPool.commonPool-worker-1] INFO  util.JmxRegister (JmxRegister.java:unregister(73)) - Successfully un-registered JMX Bean with object name Ratis:service=RaftServer,group=group-5C4A4D248B9F,id=2f70a07d-1e84-46bf-8533-fdd294c919e1
2019-11-14 00:40:08,098 [main] INFO  util.JmxRegister (JmxRegister.java:unregister(73)) - Successfully un-registered JMX Bean with object name Ratis:service=RaftServer,group=group-4121DB32C757,id=91297bf6-d797-4b12-9aab-de0c4610252f
2019-11-14 00:40:08,098 [ForkJoinPool.commonPool-worker-1] INFO  impl.RoleInfo (RoleInfo.java:shutdownLeaderState(104)) - 2f70a07d-1e84-46bf-8533-fdd294c919e1: shutdown LeaderState
2019-11-14 00:40:08,098 [main] INFO  impl.RoleInfo (RoleInfo.java:shutdownFollowerState(121)) - 91297bf6-d797-4b12-9aab-de0c4610252f: shutdown FollowerState
2019-11-14 00:40:08,099 [ForkJoinPool.commonPool-worker-1] INFO  impl.PendingRequests (PendingRequests.java:sendNotLeaderResponses(206)) - 2f70a07d-1e84-46bf-8533-fdd294c919e1@group-5C4A4D248B9F-PendingRequests: sendNotLeaderResponses
2019-11-14 00:40:08,099 [Thread-4349] INFO  impl.FollowerState (FollowerState.java:run(120)) - 91297bf6-d797-4b12-9aab-de0c4610252f@group-4121DB32C757-FollowerState was interrupted: java.lang.InterruptedException: sleep interrupted
2019-11-14 00:40:08,099 [main] INFO  impl.StateMachineUpdater (StateMachineUpdater.java:stopAndJoin(136)) - 91297bf6-d797-4b12-9aab-de0c4610252f@group-4121DB32C757-StateMachineUpdater: set stopIndex = 0
2019-11-14 00:40:08,099 [ForkJoinPool.commonPool-worker-1] INFO  impl.StateMachineUpdater (StateMachineUpdater.java:stopAndJoin(136)) - 2f70a07d-1e84-46bf-8533-fdd294c919e1@group-5C4A4D248B9F-StateMachineUpdater: set stopIndex = 0
2019-11-14 00:40:08,100 [main] INFO  impl.RaftServerImpl (ServerState.java:close(387)) - 91297bf6-d797-4b12-9aab-de0c4610252f@group-4121DB32C757: closes. applyIndex: 0
2019-11-14 00:40:08,100 [ForkJoinPool.commonPool-worker-1] INFO  impl.RaftServerImpl (ServerState.java:close(387)) - 2f70a07d-1e84-46bf-8533-fdd294c919e1@group-5C4A4D248B9F: closes. applyIndex: 0
2019-11-14 00:40:08,100 [2f70a07d-1e84-46bf-8533-fdd294c919e1@group-5C4A4D248B9F-SegmentedRaftLogWorker] INFO  segmented.SegmentedRaftLogWorker (SegmentedRaftLogWorker.java:run(316)) - 2f70a07d-1e84-46bf-8533-fdd294c919e1@group-5C4A4D248B9F-SegmentedRaftLogWorker was interrupted, exiting. There are 0 tasks remaining in the queue.
2019-11-14 00:40:08,100 [91297bf6-d797-4b12-9aab-de0c4610252f@group-4121DB32C757-SegmentedRaftLogWorker] INFO  segmented.SegmentedRaftLogWorker (SegmentedRaftLogWorker.java:run(316)) - 91297bf6-d797-4b12-9aab-de0c4610252f@group-4121DB32C757-SegmentedRaftLogWorker was interrupted, exiting. There are 0 tasks remaining in the queue.
2019-11-14 00:40:08,100 [ForkJoinPool.commonPool-worker-1] INFO  segmented.SegmentedRaftLogWorker (SegmentedRaftLogWorker.java:close(224)) - 2f70a07d-1e84-46bf-8533-fdd294c919e1@group-5C4A4D248B9F-SegmentedRaftLogWorker close()
2019-11-14 00:40:08,101 [main] INFO  segmented.SegmentedRaftLogWorker (SegmentedRaftLogWorker.java:close(224)) - 91297bf6-d797-4b12-9aab-de0c4610252f@group-4121DB32C757-SegmentedRaftLogWorker close()
2019-11-14 00:40:08,104 [ForkJoinPool.commonPool-worker-1] INFO  impl.RaftServerImpl (RaftServerImpl.java:lambda$shutdown$3(250)) - 2f70a07d-1e84-46bf-8533-fdd294c919e1@group-46DCB38A8CDA: shutdown
2019-11-14 00:40:08,105 [main] INFO  impl.RaftServerImpl (RaftServerImpl.java:lambda$shutdown$3(250)) - 91297bf6-d797-4b12-9aab-de0c4610252f@group-8B2F333BA872: shutdown
2019-11-14 00:40:08,105 [ForkJoinPool.commonPool-worker-1] INFO  util.JmxRegister (JmxRegister.java:unregister(73)) - Successfully un-registered JMX Bean with object name Ratis:service=RaftServer,group=group-46DCB38A8CDA,id=2f70a07d-1e84-46bf-8533-fdd294c919e1
2019-11-14 00:40:08,106 [main] INFO  util.JmxRegister (JmxRegister.java:unregister(73)) - Successfully un-registered JMX Bean with object name Ratis:service=RaftServer,group=group-8B2F333BA872,id=91297bf6-d797-4b12-9aab-de0c4610252f
2019-11-14 00:40:08,106 [ForkJoinPool.commonPool-worker-1] INFO  impl.RoleInfo (RoleInfo.java:shutdownFollowerState(121)) - 2f70a07d-1e84-46bf-8533-fdd294c919e1: shutdown FollowerState
2019-11-14 00:40:08,106 [main] INFO  impl.RoleInfo (RoleInfo.java:shutdownLeaderState(104)) - 91297bf6-d797-4b12-9aab-de0c4610252f: shutdown LeaderState
2019-11-14 00:40:08,106 [Thread-4353] INFO  impl.FollowerState (FollowerState.java:run(120)) - 2f70a07d-1e84-46bf-8533-fdd294c919e1@group-46DCB38A8CDA-FollowerState was interrupted: java.lang.InterruptedException: sleep interrupted
2019-11-14 00:40:08,106 [ForkJoinPool.commonPool-worker-1] INFO  impl.StateMachineUpdater (StateMachineUpdater.java:stopAndJoin(136)) - 2f70a07d-1e84-46bf-8533-fdd294c919e1@group-46DCB38A8CDA-StateMachineUpdater: set stopIndex = 0
2019-11-14 00:40:08,107 [ForkJoinPool.commonPool-worker-1] INFO  impl.RaftServerImpl (ServerState.java:close(387)) - 2f70a07d-1e84-46bf-8533-fdd294c919e1@group-46DCB38A8CDA: closes. applyIndex: 0
2019-11-14 00:40:08,107 [main] INFO  impl.PendingRequests (PendingRequests.java:sendNotLeaderResponses(206)) - 91297bf6-d797-4b12-9aab-de0c4610252f@group-8B2F333BA872-PendingRequests: sendNotLeaderResponses
2019-11-14 00:40:08,107 [2f70a07d-1e84-46bf-8533-fdd294c919e1@group-46DCB38A8CDA-SegmentedRaftLogWorker] INFO  segmented.SegmentedRaftLogWorker (SegmentedRaftLogWorker.java:run(316)) - 2f70a07d-1e84-46bf-8533-fdd294c919e1@group-46DCB38A8CDA-SegmentedRaftLogWorker was interrupted, exiting. There are 0 tasks remaining in the queue.
2019-11-14 00:40:08,108 [main] INFO  impl.StateMachineUpdater (StateMachineUpdater.java:stopAndJoin(136)) - 91297bf6-d797-4b12-9aab-de0c4610252f@group-8B2F333BA872-StateMachineUpdater: set stopIndex = 0
2019-11-14 00:40:08,108 [main] INFO  impl.RaftServerImpl (ServerState.java:close(387)) - 91297bf6-d797-4b12-9aab-de0c4610252f@group-8B2F333BA872: closes. applyIndex: 0
2019-11-14 00:40:08,108 [ForkJoinPool.commonPool-worker-1] INFO  segmented.SegmentedRaftLogWorker (SegmentedRaftLogWorker.java:close(224)) - 2f70a07d-1e84-46bf-8533-fdd294c919e1@group-46DCB38A8CDA-SegmentedRaftLogWorker close()
2019-11-14 00:40:08,108 [91297bf6-d797-4b12-9aab-de0c4610252f@group-8B2F333BA872-SegmentedRaftLogWorker] INFO  segmented.SegmentedRaftLogWorker (SegmentedRaftLogWorker.java:run(316)) - 91297bf6-d797-4b12-9aab-de0c4610252f@group-8B2F333BA872-SegmentedRaftLogWorker was interrupted, exiting. There are 0 tasks remaining in the queue.
2019-11-14 00:40:08,109 [ForkJoinPool.commonPool-worker-1] INFO  server.GrpcService (GrpcService.java:closeImpl(164)) - 2f70a07d-1e84-46bf-8533-fdd294c919e1: shutdown server with port 45658 now
2019-11-14 00:40:08,109 [main] INFO  segmented.SegmentedRaftLogWorker (SegmentedRaftLogWorker.java:close(224)) - 91297bf6-d797-4b12-9aab-de0c4610252f@group-8B2F333BA872-SegmentedRaftLogWorker close()
2019-11-14 00:40:08,111 [main] INFO  server.GrpcService (GrpcService.java:closeImpl(164)) - 91297bf6-d797-4b12-9aab-de0c4610252f: shutdown server with port 35231 now
2019-11-14 00:40:08,111 [ForkJoinPool.commonPool-worker-1] INFO  server.GrpcService (GrpcService.java:closeImpl(172)) - 2f70a07d-1e84-46bf-8533-fdd294c919e1: shutdown server with port 45658 successfully
2019-11-14 00:40:08,112 [main] INFO  server.GrpcService (GrpcService.java:closeImpl(172)) - 91297bf6-d797-4b12-9aab-de0c4610252f: shutdown server with port 35231 successfully
2019-11-14 00:40:08,113 [refreshUsed-/workdir/hadoop-ozone/integration-test/target/test-dir/MiniOzoneClusterImpl-f0c02ddf-6665-4004-91fc-64de6051483a/datanode-1/data/containers] WARN  fs.CachingGetSpaceUsed (CachingGetSpaceUsed.java:run(183)) - Thread Interrupted waiting to refresh disk information: sleep interrupted
2019-11-14 00:40:08,116 [refreshUsed-/workdir/hadoop-ozone/integration-test/target/test-dir/MiniOzoneClusterImpl-f0c02ddf-6665-4004-91fc-64de6051483a/datanode-7/data/containers] WARN  fs.CachingGetSpaceUsed (CachingGetSpaceUsed.java:run(183)) - Thread Interrupted waiting to refresh disk information: sleep interrupted
2019-11-14 00:40:08,136 [ForkJoinPool.commonPool-worker-1] INFO  utils.BackgroundService (BackgroundService.java:shutdown(151)) - Shutting down service BlockDeletingService
2019-11-14 00:40:08,137 [ForkJoinPool.commonPool-worker-1] INFO  statemachine.DatanodeStateMachine (DatanodeStateMachine.java:stopDaemon(395)) - Ozone container server stopped.
2019-11-14 00:40:08,139 [main] INFO  utils.BackgroundService (BackgroundService.java:shutdown(151)) - Shutting down service BlockDeletingService
2019-11-14 00:40:08,139 [ForkJoinPool.commonPool-worker-1] INFO  handler.ContextHandler (ContextHandler.java:doStop(910)) - Stopped o.e.j.w.WebAppContext@33e3bd2e{/,null,UNAVAILABLE}{/hddsDatanode}
2019-11-14 00:40:08,140 [main] INFO  statemachine.DatanodeStateMachine (DatanodeStateMachine.java:stopDaemon(395)) - Ozone container server stopped.
2019-11-14 00:40:08,140 [ForkJoinPool.commonPool-worker-1] INFO  server.AbstractConnector (AbstractConnector.java:doStop(318)) - Stopped ServerConnector@646d810b{HTTP/1.1,[http/1.1]}{0.0.0.0:0}
2019-11-14 00:40:08,141 [ForkJoinPool.commonPool-worker-1] INFO  handler.ContextHandler (ContextHandler.java:doStop(910)) - Stopped o.e.j.s.ServletContextHandler@67c6f4d8{/static,jar:file:/home/user/.m2/repository/org/apache/hadoop/hadoop-hdds-container-service/0.5.0-SNAPSHOT/hadoop-hdds-container-service-0.5.0-SNAPSHOT.jar!/webapps/static,UNAVAILABLE}
2019-11-14 00:40:08,142 [main] INFO  handler.ContextHandler (ContextHandler.java:doStop(910)) - Stopped o.e.j.w.WebAppContext@105db94d{/,null,UNAVAILABLE}{/hddsDatanode}
2019-11-14 00:40:08,142 [ForkJoinPool.commonPool-worker-1] INFO  handler.ContextHandler (ContextHandler.java:doStop(910)) - Stopped o.e.j.s.ServletContextHandler@87f501f{/logs,file:///workdir/hadoop-ozone/integration-test/target/log,UNAVAILABLE}
2019-11-14 00:40:08,143 [main] INFO  server.AbstractConnector (AbstractConnector.java:doStop(318)) - Stopped ServerConnector@1d99ee1b{HTTP/1.1,[http/1.1]}{0.0.0.0:0}
2019-11-14 00:40:08,143 [main] INFO  handler.ContextHandler (ContextHandler.java:doStop(910)) - Stopped o.e.j.s.ServletContextHandler@24197b13{/static,jar:file:/home/user/.m2/repository/org/apache/hadoop/hadoop-hdds-container-service/0.5.0-SNAPSHOT/hadoop-hdds-container-service-0.5.0-SNAPSHOT.jar!/webapps/static,UNAVAILABLE}
2019-11-14 00:40:08,143 [main] INFO  handler.ContextHandler (ContextHandler.java:doStop(910)) - Stopped o.e.j.s.ServletContextHandler@2b7facc7{/logs,file:///workdir/hadoop-ozone/integration-test/target/log,UNAVAILABLE}
2019-11-14 00:40:08,144 [main] INFO  ozone.MiniOzoneClusterImpl (MiniOzoneClusterImpl.java:stopSCM(430)) - Stopping the StorageContainerManager
2019-11-14 00:40:08,145 [main] INFO  server.StorageContainerManager (StorageContainerManager.java:stop(804)) - Stopping Replication Manager Service.
2019-11-14 00:40:08,145 [main] INFO  container.ReplicationManager (ReplicationManager.java:stop(203)) - Stopping Replication Monitor Thread.
2019-11-14 00:40:08,145 [main] INFO  server.StorageContainerManager (StorageContainerManager.java:stop(811)) - Stopping Lease Manager of the command watchers
2019-11-14 00:40:08,145 [main] INFO  server.StorageContainerManager (StorageContainerManager.java:stop(818)) - Stopping datanode service RPC server
2019-11-14 00:40:08,145 [main] INFO  server.SCMDatanodeProtocolServer (SCMDatanodeProtocolServer.java:stop(346)) - Stopping the RPC server for DataNodes
2019-11-14 00:40:08,146 [main] INFO  ipc.Server (Server.java:stop(3082)) - Stopping server on 38866
2019-11-14 00:40:08,147 [IPC Server listener on 38866] INFO  ipc.Server (Server.java:run(1185)) - Stopping IPC Server listener on 38866
2019-11-14 00:40:08,148 [IPC Server Responder] INFO  ipc.Server (Server.java:run(1319)) - Stopping IPC Server Responder
2019-11-14 00:40:08,174 [SCM Heartbeat Processing Thread - 0] WARN  node.NodeStateManager (NodeStateManager.java:scheduleNextHealthCheck(646)) - Current Thread is interrupted, shutting down HB processing thread for Node Manager.
2019-11-14 00:40:08,174 [main] INFO  server.StorageContainerManager (StorageContainerManager.java:stop(826)) - Stopping block service RPC server
2019-11-14 00:40:08,175 [main] INFO  server.SCMBlockProtocolServer (SCMBlockProtocolServer.java:stop(155)) - Stopping the RPC server for Block Protocol
2019-11-14 00:40:08,175 [main] INFO  ipc.Server (Server.java:stop(3082)) - Stopping server on 35648
2019-11-14 00:40:08,176 [IPC Server listener on 35648] INFO  ipc.Server (Server.java:run(1185)) - Stopping IPC Server listener on 35648
2019-11-14 00:40:08,177 [IPC Server Responder] INFO  ipc.Server (Server.java:run(1319)) - Stopping IPC Server Responder
2019-11-14 00:40:08,176 [main] INFO  server.StorageContainerManager (StorageContainerManager.java:stop(833)) - Stopping the StorageContainerLocationProtocol RPC server
2019-11-14 00:40:08,177 [main] INFO  server.SCMClientProtocolServer (SCMClientProtocolServer.java:stop(168)) - Stopping the RPC server for Client Protocol
2019-11-14 00:40:08,178 [main] INFO  ipc.Server (Server.java:stop(3082)) - Stopping server on 43262
2019-11-14 00:40:08,179 [IPC Server listener on 43262] INFO  ipc.Server (Server.java:run(1185)) - Stopping IPC Server listener on 43262
2019-11-14 00:40:08,181 [main] INFO  server.StorageContainerManager (StorageContainerManager.java:stop(840)) - Stopping Storage Container Manager HTTP server.
2019-11-14 00:40:08,181 [IPC Server Responder] INFO  ipc.Server (Server.java:run(1319)) - Stopping IPC Server Responder
2019-11-14 00:40:08,183 [main] INFO  handler.ContextHandler (ContextHandler.java:doStop(910)) - Stopped o.e.j.w.WebAppContext@4cc12db2{/,null,UNAVAILABLE}{/scm}
2019-11-14 00:40:08,184 [main] INFO  server.AbstractConnector (AbstractConnector.java:doStop(318)) - Stopped ServerConnector@5ea7bc4{HTTP/1.1,[http/1.1]}{0.0.0.0:0}
2019-11-14 00:40:08,184 [main] INFO  handler.ContextHandler (ContextHandler.java:doStop(910)) - Stopped o.e.j.s.ServletContextHandler@6812c8cc{/static,file:///workdir/hadoop-ozone/integration-test/target/test-classes/webapps/static,UNAVAILABLE}
2019-11-14 00:40:08,184 [main] INFO  handler.ContextHandler (ContextHandler.java:doStop(910)) - Stopped o.e.j.s.ServletContextHandler@1b8aaeab{/logs,file:///workdir/hadoop-ozone/integration-test/target/log,UNAVAILABLE}
2019-11-14 00:40:08,185 [main] INFO  server.StorageContainerManager (StorageContainerManager.java:stop(851)) - Stopping Block Manager Service.
2019-11-14 00:40:08,185 [main] INFO  utils.BackgroundService (BackgroundService.java:shutdown(151)) - Shutting down service SCMBlockDeletingService
2019-11-14 00:40:08,186 [main] INFO  utils.BackgroundService (BackgroundService.java:shutdown(151)) - Shutting down service SCMBlockDeletingService
2019-11-14 00:40:08,186 [main] INFO  server.StorageContainerManager (StorageContainerManager.java:stop(873)) - Stopping SCM Event Queue.
2019-11-14 00:40:08,192 [main] INFO  impl.MetricsSystemImpl (MetricsSystemImpl.java:stop(210)) - Stopping HddsDatanode metrics system...
2019-11-14 00:40:08,208 [main] INFO  impl.MetricsSystemImpl (MetricsSystemImpl.java:stop(216)) - HddsDatanode metrics system stopped.
]]></system-out>
    <system-err><![CDATA[Nov 14, 2019 12:39:38 AM org.apache.ratis.thirdparty.io.grpc.internal.ManagedChannelOrphanWrapper$ManagedChannelReference cleanQueue
SEVERE: *~*~*~ Channel ManagedChannelImpl{logId=3374, target=192.168.34.25:44301} was not shutdown properly!!! ~*~*~*
    Make sure to call shutdown()/shutdownNow() and wait until awaitTermination() returns true.
java.lang.RuntimeException: ManagedChannel allocation site
	at org.apache.ratis.thirdparty.io.grpc.internal.ManagedChannelOrphanWrapper$ManagedChannelReference.<init>(ManagedChannelOrphanWrapper.java:103)
	at org.apache.ratis.thirdparty.io.grpc.internal.ManagedChannelOrphanWrapper.<init>(ManagedChannelOrphanWrapper.java:53)
	at org.apache.ratis.thirdparty.io.grpc.internal.ManagedChannelOrphanWrapper.<init>(ManagedChannelOrphanWrapper.java:44)
	at org.apache.ratis.thirdparty.io.grpc.internal.AbstractManagedChannelImplBuilder.build(AbstractManagedChannelImplBuilder.java:411)
	at org.apache.hadoop.hdds.scm.XceiverClientGrpc.connectToDatanode(XceiverClientGrpc.java:189)
	at org.apache.hadoop.hdds.scm.XceiverClientGrpc.connect(XceiverClientGrpc.java:138)
	at org.apache.hadoop.hdds.scm.XceiverClientManager$2.call(XceiverClientManager.java:242)
	at org.apache.hadoop.hdds.scm.XceiverClientManager$2.call(XceiverClientManager.java:226)
	at com.google.common.cache.LocalCache$LocalManualCache$1.load(LocalCache.java:4767)
	at com.google.common.cache.LocalCache$LoadingValueReference.loadFuture(LocalCache.java:3568)
	at com.google.common.cache.LocalCache$Segment.loadSync(LocalCache.java:2350)
	at com.google.common.cache.LocalCache$Segment.lockedGetOrLoad(LocalCache.java:2313)
	at com.google.common.cache.LocalCache$Segment.get(LocalCache.java:2228)
	at com.google.common.cache.LocalCache.get(LocalCache.java:3965)
	at com.google.common.cache.LocalCache$LocalManualCache.get(LocalCache.java:4764)
	at org.apache.hadoop.hdds.scm.XceiverClientManager.getClient(XceiverClientManager.java:226)
	at org.apache.hadoop.hdds.scm.XceiverClientManager.acquireClient(XceiverClientManager.java:172)
	at org.apache.hadoop.hdds.scm.XceiverClientManager.acquireClientForReadData(XceiverClientManager.java:162)
	at org.apache.hadoop.hdds.scm.storage.BlockInputStream.getChunkInfos(BlockInputStream.java:154)
	at org.apache.hadoop.hdds.scm.storage.BlockInputStream.initialize(BlockInputStream.java:118)
	at org.apache.hadoop.hdds.scm.storage.BlockInputStream.read(BlockInputStream.java:224)
	at org.apache.hadoop.ozone.client.io.KeyInputStream.read(KeyInputStream.java:173)
	at org.apache.hadoop.ozone.client.io.OzoneInputStream.read(OzoneInputStream.java:47)
	at java.io.InputStream.read(InputStream.java:101)
	at org.apache.hadoop.ozone.container.ContainerTestHelper.validateData(ContainerTestHelper.java:754)
	at org.apache.hadoop.ozone.client.rpc.TestFailureHandlingByClient.validateData(TestFailureHandlingByClient.java:413)
	at org.apache.hadoop.ozone.client.rpc.TestFailureHandlingByClient.testBlockWritesWithDnFailures(TestFailureHandlingByClient.java:172)
	at sun.reflect.NativeMethodAccessorImpl.invoke0(Native Method)
	at sun.reflect.NativeMethodAccessorImpl.invoke(NativeMethodAccessorImpl.java:62)
	at sun.reflect.DelegatingMethodAccessorImpl.invoke(DelegatingMethodAccessorImpl.java:43)
	at java.lang.reflect.Method.invoke(Method.java:498)
	at org.junit.runners.model.FrameworkMethod$1.runReflectiveCall(FrameworkMethod.java:47)
	at org.junit.internal.runners.model.ReflectiveCallable.run(ReflectiveCallable.java:12)
	at org.junit.runners.model.FrameworkMethod.invokeExplosively(FrameworkMethod.java:44)
	at org.junit.internal.runners.statements.InvokeMethod.evaluate(InvokeMethod.java:17)
	at org.junit.internal.runners.statements.RunAfters.evaluate(RunAfters.java:27)
	at org.junit.runners.ParentRunner.runLeaf(ParentRunner.java:271)
	at org.junit.runners.BlockJUnit4ClassRunner.runChild(BlockJUnit4ClassRunner.java:70)
	at org.junit.runners.BlockJUnit4ClassRunner.runChild(BlockJUnit4ClassRunner.java:50)
	at org.junit.runners.ParentRunner$3.run(ParentRunner.java:238)
	at org.junit.runners.ParentRunner$1.schedule(ParentRunner.java:63)
	at org.junit.runners.ParentRunner.runChildren(ParentRunner.java:236)
	at org.junit.runners.ParentRunner.access$000(ParentRunner.java:53)
	at org.junit.runners.ParentRunner$2.evaluate(ParentRunner.java:229)
	at org.junit.runners.ParentRunner.run(ParentRunner.java:309)
	at org.apache.maven.surefire.junit4.JUnit4Provider.execute(JUnit4Provider.java:365)
	at org.apache.maven.surefire.junit4.JUnit4Provider.executeWithRerun(JUnit4Provider.java:273)
	at org.apache.maven.surefire.junit4.JUnit4Provider.executeTestSet(JUnit4Provider.java:238)
	at org.apache.maven.surefire.junit4.JUnit4Provider.invoke(JUnit4Provider.java:159)
	at org.apache.maven.surefire.booter.ForkedBooter.invokeProviderInSameClassLoader(ForkedBooter.java:384)
	at org.apache.maven.surefire.booter.ForkedBooter.runSuitesInProcess(ForkedBooter.java:345)
	at org.apache.maven.surefire.booter.ForkedBooter.execute(ForkedBooter.java:126)
	at org.apache.maven.surefire.booter.ForkedBooter.main(ForkedBooter.java:418)

Nov 14, 2019 12:39:38 AM org.apache.ratis.thirdparty.io.grpc.internal.ManagedChannelOrphanWrapper$ManagedChannelReference cleanQueue
SEVERE: *~*~*~ Channel ManagedChannelImpl{logId=3381, target=192.168.34.25:40814} was not shutdown properly!!! ~*~*~*
    Make sure to call shutdown()/shutdownNow() and wait until awaitTermination() returns true.
java.lang.RuntimeException: ManagedChannel allocation site
	at org.apache.ratis.thirdparty.io.grpc.internal.ManagedChannelOrphanWrapper$ManagedChannelReference.<init>(ManagedChannelOrphanWrapper.java:103)
	at org.apache.ratis.thirdparty.io.grpc.internal.ManagedChannelOrphanWrapper.<init>(ManagedChannelOrphanWrapper.java:53)
	at org.apache.ratis.thirdparty.io.grpc.internal.ManagedChannelOrphanWrapper.<init>(ManagedChannelOrphanWrapper.java:44)
	at org.apache.ratis.thirdparty.io.grpc.internal.AbstractManagedChannelImplBuilder.build(AbstractManagedChannelImplBuilder.java:411)
	at org.apache.hadoop.hdds.scm.XceiverClientGrpc.connectToDatanode(XceiverClientGrpc.java:189)
	at org.apache.hadoop.hdds.scm.XceiverClientGrpc.connect(XceiverClientGrpc.java:138)
	at org.apache.hadoop.hdds.scm.XceiverClientManager$2.call(XceiverClientManager.java:242)
	at org.apache.hadoop.hdds.scm.XceiverClientManager$2.call(XceiverClientManager.java:226)
	at com.google.common.cache.LocalCache$LocalManualCache$1.load(LocalCache.java:4767)
	at com.google.common.cache.LocalCache$LoadingValueReference.loadFuture(LocalCache.java:3568)
	at com.google.common.cache.LocalCache$Segment.loadSync(LocalCache.java:2350)
	at com.google.common.cache.LocalCache$Segment.lockedGetOrLoad(LocalCache.java:2313)
	at com.google.common.cache.LocalCache$Segment.get(LocalCache.java:2228)
	at com.google.common.cache.LocalCache.get(LocalCache.java:3965)
	at com.google.common.cache.LocalCache$LocalManualCache.get(LocalCache.java:4764)
	at org.apache.hadoop.hdds.scm.XceiverClientManager.getClient(XceiverClientManager.java:226)
	at org.apache.hadoop.hdds.scm.XceiverClientManager.acquireClient(XceiverClientManager.java:172)
	at org.apache.hadoop.hdds.scm.XceiverClientManager.acquireClientForReadData(XceiverClientManager.java:162)
	at org.apache.hadoop.hdds.scm.storage.BlockInputStream.getChunkInfos(BlockInputStream.java:154)
	at org.apache.hadoop.hdds.scm.storage.BlockInputStream.initialize(BlockInputStream.java:118)
	at org.apache.hadoop.hdds.scm.storage.BlockInputStream.read(BlockInputStream.java:224)
	at org.apache.hadoop.ozone.client.io.KeyInputStream.read(KeyInputStream.java:173)
	at org.apache.hadoop.ozone.client.io.OzoneInputStream.read(OzoneInputStream.java:47)
	at java.io.InputStream.read(InputStream.java:101)
	at org.apache.hadoop.ozone.container.ContainerTestHelper.validateData(ContainerTestHelper.java:754)
	at org.apache.hadoop.ozone.client.rpc.TestFailureHandlingByClient.validateData(TestFailureHandlingByClient.java:413)
	at org.apache.hadoop.ozone.client.rpc.TestFailureHandlingByClient.testBlockWritesWithDnFailures(TestFailureHandlingByClient.java:172)
	at sun.reflect.NativeMethodAccessorImpl.invoke0(Native Method)
	at sun.reflect.NativeMethodAccessorImpl.invoke(NativeMethodAccessorImpl.java:62)
	at sun.reflect.DelegatingMethodAccessorImpl.invoke(DelegatingMethodAccessorImpl.java:43)
	at java.lang.reflect.Method.invoke(Method.java:498)
	at org.junit.runners.model.FrameworkMethod$1.runReflectiveCall(FrameworkMethod.java:47)
	at org.junit.internal.runners.model.ReflectiveCallable.run(ReflectiveCallable.java:12)
	at org.junit.runners.model.FrameworkMethod.invokeExplosively(FrameworkMethod.java:44)
	at org.junit.internal.runners.statements.InvokeMethod.evaluate(InvokeMethod.java:17)
	at org.junit.internal.runners.statements.RunAfters.evaluate(RunAfters.java:27)
	at org.junit.runners.ParentRunner.runLeaf(ParentRunner.java:271)
	at org.junit.runners.BlockJUnit4ClassRunner.runChild(BlockJUnit4ClassRunner.java:70)
	at org.junit.runners.BlockJUnit4ClassRunner.runChild(BlockJUnit4ClassRunner.java:50)
	at org.junit.runners.ParentRunner$3.run(ParentRunner.java:238)
	at org.junit.runners.ParentRunner$1.schedule(ParentRunner.java:63)
	at org.junit.runners.ParentRunner.runChildren(ParentRunner.java:236)
	at org.junit.runners.ParentRunner.access$000(ParentRunner.java:53)
	at org.junit.runners.ParentRunner$2.evaluate(ParentRunner.java:229)
	at org.junit.runners.ParentRunner.run(ParentRunner.java:309)
	at org.apache.maven.surefire.junit4.JUnit4Provider.execute(JUnit4Provider.java:365)
	at org.apache.maven.surefire.junit4.JUnit4Provider.executeWithRerun(JUnit4Provider.java:273)
	at org.apache.maven.surefire.junit4.JUnit4Provider.executeTestSet(JUnit4Provider.java:238)
	at org.apache.maven.surefire.junit4.JUnit4Provider.invoke(JUnit4Provider.java:159)
	at org.apache.maven.surefire.booter.ForkedBooter.invokeProviderInSameClassLoader(ForkedBooter.java:384)
	at org.apache.maven.surefire.booter.ForkedBooter.runSuitesInProcess(ForkedBooter.java:345)
	at org.apache.maven.surefire.booter.ForkedBooter.execute(ForkedBooter.java:126)
	at org.apache.maven.surefire.booter.ForkedBooter.main(ForkedBooter.java:418)

Nov 14, 2019 12:39:38 AM org.apache.ratis.thirdparty.io.grpc.internal.ManagedChannelOrphanWrapper$ManagedChannelReference cleanQueue
SEVERE: *~*~*~ Channel ManagedChannelImpl{logId=3369, target=192.168.34.25:41815} was not shutdown properly!!! ~*~*~*
    Make sure to call shutdown()/shutdownNow() and wait until awaitTermination() returns true.
java.lang.RuntimeException: ManagedChannel allocation site
	at org.apache.ratis.thirdparty.io.grpc.internal.ManagedChannelOrphanWrapper$ManagedChannelReference.<init>(ManagedChannelOrphanWrapper.java:103)
	at org.apache.ratis.thirdparty.io.grpc.internal.ManagedChannelOrphanWrapper.<init>(ManagedChannelOrphanWrapper.java:53)
	at org.apache.ratis.thirdparty.io.grpc.internal.ManagedChannelOrphanWrapper.<init>(ManagedChannelOrphanWrapper.java:44)
	at org.apache.ratis.thirdparty.io.grpc.internal.AbstractManagedChannelImplBuilder.build(AbstractManagedChannelImplBuilder.java:411)
	at org.apache.ratis.grpc.client.GrpcClientProtocolClient.<init>(GrpcClientProtocolClient.java:128)
	at org.apache.ratis.grpc.client.GrpcClientRpc.lambda$new$0(GrpcClientRpc.java:55)
	at org.apache.ratis.util.PeerProxyMap$PeerAndProxy.lambda$getProxy$0(PeerProxyMap.java:62)
	at org.apache.ratis.util.LifeCycle.startAndTransition(LifeCycle.java:202)
	at org.apache.ratis.util.PeerProxyMap$PeerAndProxy.getProxy(PeerProxyMap.java:61)
	at org.apache.ratis.util.PeerProxyMap.getProxy(PeerProxyMap.java:109)
	at org.apache.ratis.grpc.client.GrpcClientRpc.sendRequestAsync(GrpcClientRpc.java:66)
	at org.apache.ratis.client.impl.OrderedAsync.sendRequest(OrderedAsync.java:233)
	at org.apache.ratis.client.impl.OrderedAsync.sendRequestWithRetry(OrderedAsync.java:188)
	at org.apache.ratis.util.SlidingWindow$Client.sendOrDelayRequest(SlidingWindow.java:278)
	at org.apache.ratis.util.SlidingWindow$Client.retry(SlidingWindow.java:294)
	at org.apache.ratis.client.impl.OrderedAsync.lambda$scheduleWithTimeout$7(OrderedAsync.java:220)
	at org.apache.ratis.util.TimeoutScheduler.lambda$onTimeout$0(TimeoutScheduler.java:141)
	at org.apache.ratis.util.TimeoutScheduler.lambda$onTimeout$1(TimeoutScheduler.java:155)
	at org.apache.ratis.util.LogUtils.runAndLog(LogUtils.java:50)
	at org.apache.ratis.util.LogUtils$1.run(LogUtils.java:91)
	at java.util.concurrent.Executors$RunnableAdapter.call(Executors.java:511)
	at java.util.concurrent.FutureTask.run(FutureTask.java:266)
	at java.util.concurrent.ScheduledThreadPoolExecutor$ScheduledFutureTask.access$201(ScheduledThreadPoolExecutor.java:180)
	at java.util.concurrent.ScheduledThreadPoolExecutor$ScheduledFutureTask.run(ScheduledThreadPoolExecutor.java:293)
	at java.util.concurrent.ThreadPoolExecutor.runWorker(ThreadPoolExecutor.java:1149)
	at java.util.concurrent.ThreadPoolExecutor$Worker.run(ThreadPoolExecutor.java:624)
	at java.lang.Thread.run(Thread.java:748)

Nov 14, 2019 12:39:38 AM org.apache.ratis.thirdparty.io.grpc.internal.ManagedChannelOrphanWrapper$ManagedChannelReference cleanQueue
SEVERE: *~*~*~ Channel ManagedChannelImpl{logId=3376, target=192.168.34.25:41550} was not shutdown properly!!! ~*~*~*
    Make sure to call shutdown()/shutdownNow() and wait until awaitTermination() returns true.
java.lang.RuntimeException: ManagedChannel allocation site
	at org.apache.ratis.thirdparty.io.grpc.internal.ManagedChannelOrphanWrapper$ManagedChannelReference.<init>(ManagedChannelOrphanWrapper.java:103)
	at org.apache.ratis.thirdparty.io.grpc.internal.ManagedChannelOrphanWrapper.<init>(ManagedChannelOrphanWrapper.java:53)
	at org.apache.ratis.thirdparty.io.grpc.internal.ManagedChannelOrphanWrapper.<init>(ManagedChannelOrphanWrapper.java:44)
	at org.apache.ratis.thirdparty.io.grpc.internal.AbstractManagedChannelImplBuilder.build(AbstractManagedChannelImplBuilder.java:411)
	at org.apache.hadoop.hdds.scm.XceiverClientGrpc.connectToDatanode(XceiverClientGrpc.java:189)
	at org.apache.hadoop.hdds.scm.XceiverClientGrpc.reconnect(XceiverClientGrpc.java:468)
	at org.apache.hadoop.hdds.scm.XceiverClientGrpc.checkOpen(XceiverClientGrpc.java:459)
	at org.apache.hadoop.hdds.scm.XceiverClientGrpc.sendCommandAsync(XceiverClientGrpc.java:401)
	at org.apache.hadoop.hdds.scm.XceiverClientGrpc.sendCommandWithRetry(XceiverClientGrpc.java:320)
	at org.apache.hadoop.hdds.scm.XceiverClientGrpc.sendCommandWithTraceIDAndRetry(XceiverClientGrpc.java:265)
	at org.apache.hadoop.hdds.scm.XceiverClientGrpc.sendCommand(XceiverClientGrpc.java:248)
	at org.apache.hadoop.hdds.scm.storage.ContainerProtocolCalls.getBlock(ContainerProtocolCalls.java:118)
	at org.apache.hadoop.hdds.scm.storage.BlockInputStream.getChunkInfos(BlockInputStream.java:169)
	at org.apache.hadoop.hdds.scm.storage.BlockInputStream.initialize(BlockInputStream.java:118)
	at org.apache.hadoop.hdds.scm.storage.BlockInputStream.read(BlockInputStream.java:224)
	at org.apache.hadoop.ozone.client.io.KeyInputStream.read(KeyInputStream.java:173)
	at org.apache.hadoop.ozone.client.io.OzoneInputStream.read(OzoneInputStream.java:47)
	at java.io.InputStream.read(InputStream.java:101)
	at org.apache.hadoop.ozone.container.ContainerTestHelper.validateData(ContainerTestHelper.java:754)
	at org.apache.hadoop.ozone.client.rpc.TestFailureHandlingByClient.validateData(TestFailureHandlingByClient.java:413)
	at org.apache.hadoop.ozone.client.rpc.TestFailureHandlingByClient.testBlockWritesWithDnFailures(TestFailureHandlingByClient.java:172)
	at sun.reflect.NativeMethodAccessorImpl.invoke0(Native Method)
	at sun.reflect.NativeMethodAccessorImpl.invoke(NativeMethodAccessorImpl.java:62)
	at sun.reflect.DelegatingMethodAccessorImpl.invoke(DelegatingMethodAccessorImpl.java:43)
	at java.lang.reflect.Method.invoke(Method.java:498)
	at org.junit.runners.model.FrameworkMethod$1.runReflectiveCall(FrameworkMethod.java:47)
	at org.junit.internal.runners.model.ReflectiveCallable.run(ReflectiveCallable.java:12)
	at org.junit.runners.model.FrameworkMethod.invokeExplosively(FrameworkMethod.java:44)
	at org.junit.internal.runners.statements.InvokeMethod.evaluate(InvokeMethod.java:17)
	at org.junit.internal.runners.statements.RunAfters.evaluate(RunAfters.java:27)
	at org.junit.runners.ParentRunner.runLeaf(ParentRunner.java:271)
	at org.junit.runners.BlockJUnit4ClassRunner.runChild(BlockJUnit4ClassRunner.java:70)
	at org.junit.runners.BlockJUnit4ClassRunner.runChild(BlockJUnit4ClassRunner.java:50)
	at org.junit.runners.ParentRunner$3.run(ParentRunner.java:238)
	at org.junit.runners.ParentRunner$1.schedule(ParentRunner.java:63)
	at org.junit.runners.ParentRunner.runChildren(ParentRunner.java:236)
	at org.junit.runners.ParentRunner.access$000(ParentRunner.java:53)
	at org.junit.runners.ParentRunner$2.evaluate(ParentRunner.java:229)
	at org.junit.runners.ParentRunner.run(ParentRunner.java:309)
	at org.apache.maven.surefire.junit4.JUnit4Provider.execute(JUnit4Provider.java:365)
	at org.apache.maven.surefire.junit4.JUnit4Provider.executeWithRerun(JUnit4Provider.java:273)
	at org.apache.maven.surefire.junit4.JUnit4Provider.executeTestSet(JUnit4Provider.java:238)
	at org.apache.maven.surefire.junit4.JUnit4Provider.invoke(JUnit4Provider.java:159)
	at org.apache.maven.surefire.booter.ForkedBooter.invokeProviderInSameClassLoader(ForkedBooter.java:384)
	at org.apache.maven.surefire.booter.ForkedBooter.runSuitesInProcess(ForkedBooter.java:345)
	at org.apache.maven.surefire.booter.ForkedBooter.execute(ForkedBooter.java:126)
	at org.apache.maven.surefire.booter.ForkedBooter.main(ForkedBooter.java:418)

Nov 14, 2019 12:39:38 AM org.apache.ratis.thirdparty.io.grpc.internal.ManagedChannelOrphanWrapper$ManagedChannelReference cleanQueue
SEVERE: *~*~*~ Channel ManagedChannelImpl{logId=3383, target=192.168.34.25:39118} was not shutdown properly!!! ~*~*~*
    Make sure to call shutdown()/shutdownNow() and wait until awaitTermination() returns true.
java.lang.RuntimeException: ManagedChannel allocation site
	at org.apache.ratis.thirdparty.io.grpc.internal.ManagedChannelOrphanWrapper$ManagedChannelReference.<init>(ManagedChannelOrphanWrapper.java:103)
	at org.apache.ratis.thirdparty.io.grpc.internal.ManagedChannelOrphanWrapper.<init>(ManagedChannelOrphanWrapper.java:53)
	at org.apache.ratis.thirdparty.io.grpc.internal.ManagedChannelOrphanWrapper.<init>(ManagedChannelOrphanWrapper.java:44)
	at org.apache.ratis.thirdparty.io.grpc.internal.AbstractManagedChannelImplBuilder.build(AbstractManagedChannelImplBuilder.java:411)
	at org.apache.hadoop.hdds.scm.XceiverClientGrpc.connectToDatanode(XceiverClientGrpc.java:189)
	at org.apache.hadoop.hdds.scm.XceiverClientGrpc.reconnect(XceiverClientGrpc.java:468)
	at org.apache.hadoop.hdds.scm.XceiverClientGrpc.checkOpen(XceiverClientGrpc.java:459)
	at org.apache.hadoop.hdds.scm.XceiverClientGrpc.sendCommandAsync(XceiverClientGrpc.java:401)
	at org.apache.hadoop.hdds.scm.XceiverClientGrpc.sendCommandWithRetry(XceiverClientGrpc.java:320)
	at org.apache.hadoop.hdds.scm.XceiverClientGrpc.sendCommandWithTraceIDAndRetry(XceiverClientGrpc.java:265)
	at org.apache.hadoop.hdds.scm.XceiverClientGrpc.sendCommand(XceiverClientGrpc.java:248)
	at org.apache.hadoop.hdds.scm.storage.ContainerProtocolCalls.getBlock(ContainerProtocolCalls.java:118)
	at org.apache.hadoop.hdds.scm.storage.BlockInputStream.getChunkInfos(BlockInputStream.java:169)
	at org.apache.hadoop.hdds.scm.storage.BlockInputStream.initialize(BlockInputStream.java:118)
	at org.apache.hadoop.hdds.scm.storage.BlockInputStream.read(BlockInputStream.java:224)
	at org.apache.hadoop.ozone.client.io.KeyInputStream.read(KeyInputStream.java:173)
	at org.apache.hadoop.ozone.client.io.OzoneInputStream.read(OzoneInputStream.java:47)
	at java.io.InputStream.read(InputStream.java:101)
	at org.apache.hadoop.ozone.container.ContainerTestHelper.validateData(ContainerTestHelper.java:754)
	at org.apache.hadoop.ozone.client.rpc.TestFailureHandlingByClient.validateData(TestFailureHandlingByClient.java:413)
	at org.apache.hadoop.ozone.client.rpc.TestFailureHandlingByClient.testBlockWritesWithDnFailures(TestFailureHandlingByClient.java:172)
	at sun.reflect.NativeMethodAccessorImpl.invoke0(Native Method)
	at sun.reflect.NativeMethodAccessorImpl.invoke(NativeMethodAccessorImpl.java:62)
	at sun.reflect.DelegatingMethodAccessorImpl.invoke(DelegatingMethodAccessorImpl.java:43)
	at java.lang.reflect.Method.invoke(Method.java:498)
	at org.junit.runners.model.FrameworkMethod$1.runReflectiveCall(FrameworkMethod.java:47)
	at org.junit.internal.runners.model.ReflectiveCallable.run(ReflectiveCallable.java:12)
	at org.junit.runners.model.FrameworkMethod.invokeExplosively(FrameworkMethod.java:44)
	at org.junit.internal.runners.statements.InvokeMethod.evaluate(InvokeMethod.java:17)
	at org.junit.internal.runners.statements.RunAfters.evaluate(RunAfters.java:27)
	at org.junit.runners.ParentRunner.runLeaf(ParentRunner.java:271)
	at org.junit.runners.BlockJUnit4ClassRunner.runChild(BlockJUnit4ClassRunner.java:70)
	at org.junit.runners.BlockJUnit4ClassRunner.runChild(BlockJUnit4ClassRunner.java:50)
	at org.junit.runners.ParentRunner$3.run(ParentRunner.java:238)
	at org.junit.runners.ParentRunner$1.schedule(ParentRunner.java:63)
	at org.junit.runners.ParentRunner.runChildren(ParentRunner.java:236)
	at org.junit.runners.ParentRunner.access$000(ParentRunner.java:53)
	at org.junit.runners.ParentRunner$2.evaluate(ParentRunner.java:229)
	at org.junit.runners.ParentRunner.run(ParentRunner.java:309)
	at org.apache.maven.surefire.junit4.JUnit4Provider.execute(JUnit4Provider.java:365)
	at org.apache.maven.surefire.junit4.JUnit4Provider.executeWithRerun(JUnit4Provider.java:273)
	at org.apache.maven.surefire.junit4.JUnit4Provider.executeTestSet(JUnit4Provider.java:238)
	at org.apache.maven.surefire.junit4.JUnit4Provider.invoke(JUnit4Provider.java:159)
	at org.apache.maven.surefire.booter.ForkedBooter.invokeProviderInSameClassLoader(ForkedBooter.java:384)
	at org.apache.maven.surefire.booter.ForkedBooter.runSuitesInProcess(ForkedBooter.java:345)
	at org.apache.maven.surefire.booter.ForkedBooter.execute(ForkedBooter.java:126)
	at org.apache.maven.surefire.booter.ForkedBooter.main(ForkedBooter.java:418)

Nov 14, 2019 12:39:47 AM org.apache.ratis.thirdparty.io.grpc.internal.SerializingExecutor run
SEVERE: Exception while executing runnable org.apache.ratis.thirdparty.io.grpc.internal.ServerImpl$JumpToApplicationThreadServerStreamListener$1Closed@7b6eb065
org.apache.ratis.thirdparty.io.grpc.StatusRuntimeException: CANCELLED: call already cancelled
	at org.apache.ratis.thirdparty.io.grpc.Status.asRuntimeException(Status.java:517)
	at org.apache.ratis.thirdparty.io.grpc.stub.ServerCalls$ServerCallStreamObserverImpl.onCompleted(ServerCalls.java:356)
	at org.apache.ratis.grpc.server.GrpcServerProtocolService$ServerRequestStreamObserver.onError(GrpcServerProtocolService.java:121)
	at org.apache.ratis.thirdparty.io.grpc.stub.ServerCalls$StreamingServerCallHandler$StreamingServerCallListener.onCancel(ServerCalls.java:269)
	at org.apache.ratis.thirdparty.io.grpc.internal.ServerCallImpl$ServerStreamListenerImpl.closed(ServerCallImpl.java:293)
	at org.apache.ratis.thirdparty.io.grpc.internal.ServerImpl$JumpToApplicationThreadServerStreamListener$1Closed.runInContext(ServerImpl.java:741)
	at org.apache.ratis.thirdparty.io.grpc.internal.ContextRunnable.run(ContextRunnable.java:37)
	at org.apache.ratis.thirdparty.io.grpc.internal.SerializingExecutor.run(SerializingExecutor.java:123)
	at java.util.concurrent.ThreadPoolExecutor.runWorker(ThreadPoolExecutor.java:1149)
	at java.util.concurrent.ThreadPoolExecutor$Worker.run(ThreadPoolExecutor.java:624)
	at java.lang.Thread.run(Thread.java:748)

Nov 14, 2019 12:39:47 AM org.apache.ratis.thirdparty.io.grpc.internal.SerializingExecutor run
SEVERE: Exception while executing runnable org.apache.ratis.thirdparty.io.grpc.internal.ServerImpl$JumpToApplicationThreadServerStreamListener$1Closed@6d970c26
org.apache.ratis.thirdparty.io.grpc.StatusRuntimeException: CANCELLED: call already cancelled
	at org.apache.ratis.thirdparty.io.grpc.Status.asRuntimeException(Status.java:517)
	at org.apache.ratis.thirdparty.io.grpc.stub.ServerCalls$ServerCallStreamObserverImpl.onCompleted(ServerCalls.java:356)
	at org.apache.ratis.grpc.server.GrpcServerProtocolService$ServerRequestStreamObserver.onError(GrpcServerProtocolService.java:121)
	at org.apache.ratis.thirdparty.io.grpc.stub.ServerCalls$StreamingServerCallHandler$StreamingServerCallListener.onCancel(ServerCalls.java:269)
	at org.apache.ratis.thirdparty.io.grpc.internal.ServerCallImpl$ServerStreamListenerImpl.closed(ServerCallImpl.java:293)
	at org.apache.ratis.thirdparty.io.grpc.internal.ServerImpl$JumpToApplicationThreadServerStreamListener$1Closed.runInContext(ServerImpl.java:741)
	at org.apache.ratis.thirdparty.io.grpc.internal.ContextRunnable.run(ContextRunnable.java:37)
	at org.apache.ratis.thirdparty.io.grpc.internal.SerializingExecutor.run(SerializingExecutor.java:123)
	at java.util.concurrent.ThreadPoolExecutor.runWorker(ThreadPoolExecutor.java:1149)
	at java.util.concurrent.ThreadPoolExecutor$Worker.run(ThreadPoolExecutor.java:624)
	at java.lang.Thread.run(Thread.java:748)

Nov 14, 2019 12:39:52 AM org.apache.ratis.thirdparty.io.grpc.internal.SerializingExecutor run
SEVERE: Exception while executing runnable org.apache.ratis.thirdparty.io.grpc.internal.ServerImpl$JumpToApplicationThreadServerStreamListener$1Closed@4eb6e6d9
org.apache.ratis.thirdparty.io.grpc.StatusRuntimeException: CANCELLED: call already cancelled
	at org.apache.ratis.thirdparty.io.grpc.Status.asRuntimeException(Status.java:517)
	at org.apache.ratis.thirdparty.io.grpc.stub.ServerCalls$ServerCallStreamObserverImpl.onCompleted(ServerCalls.java:356)
	at org.apache.ratis.grpc.server.GrpcServerProtocolService$ServerRequestStreamObserver.onError(GrpcServerProtocolService.java:121)
	at org.apache.ratis.thirdparty.io.grpc.stub.ServerCalls$StreamingServerCallHandler$StreamingServerCallListener.onCancel(ServerCalls.java:269)
	at org.apache.ratis.thirdparty.io.grpc.internal.ServerCallImpl$ServerStreamListenerImpl.closed(ServerCallImpl.java:293)
	at org.apache.ratis.thirdparty.io.grpc.internal.ServerImpl$JumpToApplicationThreadServerStreamListener$1Closed.runInContext(ServerImpl.java:741)
	at org.apache.ratis.thirdparty.io.grpc.internal.ContextRunnable.run(ContextRunnable.java:37)
	at org.apache.ratis.thirdparty.io.grpc.internal.SerializingExecutor.run(SerializingExecutor.java:123)
	at java.util.concurrent.ThreadPoolExecutor.runWorker(ThreadPoolExecutor.java:1149)
	at java.util.concurrent.ThreadPoolExecutor$Worker.run(ThreadPoolExecutor.java:624)
	at java.lang.Thread.run(Thread.java:748)

Nov 14, 2019 12:39:52 AM org.apache.ratis.thirdparty.io.grpc.internal.SerializingExecutor run
SEVERE: Exception while executing runnable org.apache.ratis.thirdparty.io.grpc.internal.ServerImpl$JumpToApplicationThreadServerStreamListener$1Closed@5a8b914
org.apache.ratis.thirdparty.io.grpc.StatusRuntimeException: CANCELLED: call already cancelled
	at org.apache.ratis.thirdparty.io.grpc.Status.asRuntimeException(Status.java:517)
	at org.apache.ratis.thirdparty.io.grpc.stub.ServerCalls$ServerCallStreamObserverImpl.onCompleted(ServerCalls.java:356)
	at org.apache.ratis.grpc.server.GrpcServerProtocolService$ServerRequestStreamObserver.onError(GrpcServerProtocolService.java:121)
	at org.apache.ratis.thirdparty.io.grpc.stub.ServerCalls$StreamingServerCallHandler$StreamingServerCallListener.onCancel(ServerCalls.java:269)
	at org.apache.ratis.thirdparty.io.grpc.internal.ServerCallImpl$ServerStreamListenerImpl.closed(ServerCallImpl.java:293)
	at org.apache.ratis.thirdparty.io.grpc.internal.ServerImpl$JumpToApplicationThreadServerStreamListener$1Closed.runInContext(ServerImpl.java:741)
	at org.apache.ratis.thirdparty.io.grpc.internal.ContextRunnable.run(ContextRunnable.java:37)
	at org.apache.ratis.thirdparty.io.grpc.internal.SerializingExecutor.run(SerializingExecutor.java:123)
	at java.util.concurrent.ThreadPoolExecutor.runWorker(ThreadPoolExecutor.java:1149)
	at java.util.concurrent.ThreadPoolExecutor$Worker.run(ThreadPoolExecutor.java:624)
	at java.lang.Thread.run(Thread.java:748)

]]></system-err>
  </testcase>
</testsuite>