<?xml version="1.0" encoding="UTF-8"?>
<testsuite xmlns:xsi="http://www.w3.org/2001/XMLSchema-instance" xsi:noNamespaceSchemaLocation="https://maven.apache.org/surefire/maven-surefire-plugin/xsd/surefire-test-report.xsd" name="org.apache.hadoop.ozone.freon.TestFreonWithPipelineDestroy" time="59.216" tests="1" errors="1" skipped="0" failures="0">
  <properties>
    <property name="awt.toolkit" value="sun.awt.X11.XToolkit"/>
    <property name="file.encoding.pkg" value="sun.io"/>
    <property name="java.specification.version" value="1.8"/>
    <property name="sun.cpu.isalist" value=""/>
    <property name="sun.jnu.encoding" value="ANSI_X3.4-1968"/>
    <property name="java.class.path" value="/workdir/hadoop-ozone/tools/target/test-classes:/workdir/hadoop-ozone/tools/target/classes:/home/user/.m2/repository/org/apache/hadoop/hadoop-ozone-ozone-manager/0.5.0-SNAPSHOT/hadoop-ozone-ozone-manager-0.5.0-SNAPSHOT.jar:/home/user/.m2/repository/org/apache/hadoop/hadoop-hdds-docs/0.5.0-SNAPSHOT/hadoop-hdds-docs-0.5.0-SNAPSHOT.jar:/home/user/.m2/repository/org/bouncycastle/bcprov-jdk15on/1.60/bcprov-jdk15on-1.60.jar:/home/user/.m2/repository/org/apache/hadoop/hadoop-ozone-common/0.5.0-SNAPSHOT/hadoop-ozone-common-0.5.0-SNAPSHOT.jar:/home/user/.m2/repository/org/apache/commons/commons-compress/1.4.1/commons-compress-1.4.1.jar:/home/user/.m2/repository/org/tukaani/xz/1.0/xz-1.0.jar:/home/user/.m2/repository/org/apache/hadoop/hadoop-hdfs-client/3.2.0/hadoop-hdfs-client-3.2.0.jar:/home/user/.m2/repository/com/fasterxml/jackson/core/jackson-annotations/2.9.9/jackson-annotations-2.9.9.jar:/home/user/.m2/repository/org/apache/hadoop/hadoop-hdds-common/0.5.0-SNAPSHOT/hadoop-hdds-common-0.5.0-SNAPSHOT.jar:/home/user/.m2/repository/org/apache/hadoop/hadoop-hdds-config/0.5.0-SNAPSHOT/hadoop-hdds-config-0.5.0-SNAPSHOT.jar:/home/user/.m2/repository/javax/annotation/javax.annotation-api/1.2/javax.annotation-api-1.2.jar:/home/user/.m2/repository/org/apache/ratis/ratis-server/0.5.0-d6d58d0-SNAPSHOT/ratis-server-0.5.0-d6d58d0-SNAPSHOT.jar:/home/user/.m2/repository/org/apache/ratis/ratis-thirdparty-misc/0.2.0/ratis-thirdparty-misc-0.2.0.jar:/home/user/.m2/repository/org/apache/ratis/ratis-proto/0.5.0-d6d58d0-SNAPSHOT/ratis-proto-0.5.0-d6d58d0-SNAPSHOT.jar:/home/user/.m2/repository/org/apache/ratis/ratis-common/0.5.0-d6d58d0-SNAPSHOT/ratis-common-0.5.0-d6d58d0-SNAPSHOT.jar:/home/user/.m2/repository/org/apache/ratis/ratis-client/0.5.0-d6d58d0-SNAPSHOT/ratis-client-0.5.0-d6d58d0-SNAPSHOT.jar:/home/user/.m2/repository/org/apache/ratis/ratis-metrics/0.5.0-d6d58d0-SNAPSHOT/ratis-metrics-0.5.0-d6d58d0-SNAPSHOT.jar:/home/user/.m2/repository/org/apache/ratis/ratis-netty/0.5.0-d6d58d0-SNAPSHOT/ratis-netty-0.5.0-d6d58d0-SNAPSHOT.jar:/home/user/.m2/repository/org/apache/ratis/ratis-grpc/0.5.0-d6d58d0-SNAPSHOT/ratis-grpc-0.5.0-d6d58d0-SNAPSHOT.jar:/home/user/.m2/repository/org/rocksdb/rocksdbjni/6.0.1/rocksdbjni-6.0.1.jar:/home/user/.m2/repository/org/apache/logging/log4j/log4j-api/2.11.0/log4j-api-2.11.0.jar:/home/user/.m2/repository/org/apache/logging/log4j/log4j-core/2.11.0/log4j-core-2.11.0.jar:/home/user/.m2/repository/com/lmax/disruptor/3.4.2/disruptor-3.4.2.jar:/home/user/.m2/repository/org/apache/commons/commons-pool2/2.6.0/commons-pool2-2.6.0.jar:/home/user/.m2/repository/org/bouncycastle/bcpkix-jdk15on/1.60/bcpkix-jdk15on-1.60.jar:/home/user/.m2/repository/commons-validator/commons-validator/1.6/commons-validator-1.6.jar:/home/user/.m2/repository/commons-digester/commons-digester/1.8.1/commons-digester-1.8.1.jar:/home/user/.m2/repository/io/jaegertracing/jaeger-client/0.34.0/jaeger-client-0.34.0.jar:/home/user/.m2/repository/io/jaegertracing/jaeger-thrift/0.34.0/jaeger-thrift-0.34.0.jar:/home/user/.m2/repository/org/apache/thrift/libthrift/0.12.0/libthrift-0.12.0.jar:/home/user/.m2/repository/com/squareup/okhttp3/okhttp/3.9.0/okhttp-3.9.0.jar:/home/user/.m2/repository/com/squareup/okio/okio/1.13.0/okio-1.13.0.jar:/home/user/.m2/repository/io/jaegertracing/jaeger-core/0.34.0/jaeger-core-0.34.0.jar:/home/user/.m2/repository/io/jaegertracing/jaeger-tracerresolver/0.34.0/jaeger-tracerresolver-0.34.0.jar:/home/user/.m2/repository/io/opentracing/contrib/opentracing-tracerresolver/0.1.5/opentracing-tracerresolver-0.1.5.jar:/home/user/.m2/repository/io/opentracing/opentracing-util/0.31.0/opentracing-util-0.31.0.jar:/home/user/.m2/repository/io/opentracing/opentracing-api/0.31.0/opentracing-api-0.31.0.jar:/home/user/.m2/repository/io/opentracing/opentracing-noop/0.31.0/opentracing-noop-0.31.0.jar:/home/user/.m2/repository/org/yaml/snakeyaml/1.16/snakeyaml-1.16.jar:/home/user/.m2/repository/org/apache/hadoop/hadoop-hdds-container-service/0.5.0-SNAPSHOT/hadoop-hdds-container-service-0.5.0-SNAPSHOT.jar:/home/user/.m2/repository/org/apache/hadoop/hadoop-hdds-client/0.5.0-SNAPSHOT/hadoop-hdds-client-0.5.0-SNAPSHOT.jar:/home/user/.m2/repository/org/apache/hadoop/hadoop-hdds-tools/0.5.0-SNAPSHOT/hadoop-hdds-tools-0.5.0-SNAPSHOT.jar:/home/user/.m2/repository/org/xerial/sqlite-jdbc/3.25.2/sqlite-jdbc-3.25.2.jar:/home/user/.m2/repository/org/apache/hadoop/hadoop-hdds-server-scm/0.5.0-SNAPSHOT/hadoop-hdds-server-scm-0.5.0-SNAPSHOT.jar:/home/user/.m2/repository/org/hamcrest/hamcrest-all/1.3/hamcrest-all-1.3.jar:/home/user/.m2/repository/info/picocli/picocli/3.9.6/picocli-3.9.6.jar:/home/user/.m2/repository/com/google/protobuf/protobuf-java/2.5.0/protobuf-java-2.5.0.jar:/home/user/.m2/repository/com/google/guava/guava/11.0.2/guava-11.0.2.jar:/home/user/.m2/repository/org/apache/hadoop/hadoop-ozone-client/0.5.0-SNAPSHOT/hadoop-ozone-client-0.5.0-SNAPSHOT.jar:/workdir/hadoop-ozone/ozonefs/target/classes:/home/user/.m2/repository/org/apache/httpcomponents/httpclient/4.5.2/httpclient-4.5.2.jar:/home/user/.m2/repository/org/apache/httpcomponents/httpcore/4.4.4/httpcore-4.4.4.jar:/home/user/.m2/repository/org/apache/hadoop/hadoop-hdds-server-framework/0.5.0-SNAPSHOT/hadoop-hdds-server-framework-0.5.0-SNAPSHOT.jar:/home/user/.m2/repository/org/apache/hadoop/hadoop-common/3.2.0/hadoop-common-3.2.0.jar:/home/user/.m2/repository/org/apache/hadoop/hadoop-annotations/3.2.0/hadoop-annotations-3.2.0.jar:/usr/lib/jvm/java-1.8.0-openjdk-1.8.0.222.b10-1.el7_7.x86_64/jre/../lib/tools.jar:/home/user/.m2/repository/commons-cli/commons-cli/1.2/commons-cli-1.2.jar:/home/user/.m2/repository/org/apache/commons/commons-math3/3.1.1/commons-math3-3.1.1.jar:/home/user/.m2/repository/commons-codec/commons-codec/1.11/commons-codec-1.11.jar:/home/user/.m2/repository/commons-io/commons-io/2.5/commons-io-2.5.jar:/home/user/.m2/repository/commons-net/commons-net/3.6/commons-net-3.6.jar:/home/user/.m2/repository/commons-collections/commons-collections/3.2.2/commons-collections-3.2.2.jar:/home/user/.m2/repository/javax/servlet/javax.servlet-api/3.1.0/javax.servlet-api-3.1.0.jar:/home/user/.m2/repository/org/eclipse/jetty/jetty-server/9.3.25.v20180904/jetty-server-9.3.25.v20180904.jar:/home/user/.m2/repository/org/eclipse/jetty/jetty-http/9.3.25.v20180904/jetty-http-9.3.25.v20180904.jar:/home/user/.m2/repository/org/eclipse/jetty/jetty-io/9.3.25.v20180904/jetty-io-9.3.25.v20180904.jar:/home/user/.m2/repository/org/eclipse/jetty/jetty-util/9.3.25.v20180904/jetty-util-9.3.25.v20180904.jar:/home/user/.m2/repository/org/eclipse/jetty/jetty-servlet/9.3.25.v20180904/jetty-servlet-9.3.25.v20180904.jar:/home/user/.m2/repository/org/eclipse/jetty/jetty-security/9.3.25.v20180904/jetty-security-9.3.25.v20180904.jar:/home/user/.m2/repository/org/eclipse/jetty/jetty-webapp/9.3.25.v20180904/jetty-webapp-9.3.25.v20180904.jar:/home/user/.m2/repository/org/eclipse/jetty/jetty-xml/9.3.25.v20180904/jetty-xml-9.3.25.v20180904.jar:/home/user/.m2/repository/javax/servlet/jsp/jsp-api/2.1/jsp-api-2.1.jar:/home/user/.m2/repository/com/sun/jersey/jersey-core/1.19/jersey-core-1.19.jar:/home/user/.m2/repository/javax/ws/rs/jsr311-api/1.1.1/jsr311-api-1.1.1.jar:/home/user/.m2/repository/com/sun/jersey/jersey-servlet/1.19/jersey-servlet-1.19.jar:/home/user/.m2/repository/com/sun/jersey/jersey-json/1.19/jersey-json-1.19.jar:/home/user/.m2/repository/org/codehaus/jettison/jettison/1.1/jettison-1.1.jar:/home/user/.m2/repository/com/sun/xml/bind/jaxb-impl/2.3.0.1/jaxb-impl-2.3.0.1.jar:/home/user/.m2/repository/org/codehaus/jackson/jackson-core-asl/1.9.13/jackson-core-asl-1.9.13.jar:/home/user/.m2/repository/org/codehaus/jackson/jackson-mapper-asl/1.9.13/jackson-mapper-asl-1.9.13.jar:/home/user/.m2/repository/org/codehaus/jackson/jackson-jaxrs/1.9.13/jackson-jaxrs-1.9.13.jar:/home/user/.m2/repository/org/codehaus/jackson/jackson-xc/1.9.13/jackson-xc-1.9.13.jar:/home/user/.m2/repository/com/sun/jersey/jersey-server/1.19/jersey-server-1.19.jar:/home/user/.m2/repository/commons-logging/commons-logging/1.1.3/commons-logging-1.1.3.jar:/home/user/.m2/repository/log4j/log4j/1.2.17/log4j-1.2.17.jar:/home/user/.m2/repository/commons-beanutils/commons-beanutils/1.9.4/commons-beanutils-1.9.4.jar:/home/user/.m2/repository/org/apache/commons/commons-configuration2/2.1.1/commons-configuration2-2.1.1.jar:/home/user/.m2/repository/org/apache/commons/commons-lang3/3.7/commons-lang3-3.7.jar:/home/user/.m2/repository/org/apache/commons/commons-text/1.4/commons-text-1.4.jar:/home/user/.m2/repository/org/slf4j/slf4j-api/1.7.25/slf4j-api-1.7.25.jar:/home/user/.m2/repository/org/slf4j/slf4j-log4j12/1.7.25/slf4j-log4j12-1.7.25.jar:/home/user/.m2/repository/org/apache/avro/avro/1.7.7/avro-1.7.7.jar:/home/user/.m2/repository/com/thoughtworks/paranamer/paranamer/2.3/paranamer-2.3.jar:/home/user/.m2/repository/org/xerial/snappy/snappy-java/1.0.5/snappy-java-1.0.5.jar:/home/user/.m2/repository/com/google/re2j/re2j/1.1/re2j-1.1.jar:/home/user/.m2/repository/com/google/code/gson/gson/2.2.4/gson-2.2.4.jar:/home/user/.m2/repository/org/apache/hadoop/hadoop-auth/3.2.0/hadoop-auth-3.2.0.jar:/home/user/.m2/repository/com/nimbusds/nimbus-jose-jwt/4.41.1/nimbus-jose-jwt-4.41.1.jar:/home/user/.m2/repository/com/github/stephenc/jcip/jcip-annotations/1.0-1/jcip-annotations-1.0-1.jar:/home/user/.m2/repository/net/minidev/json-smart/2.3/json-smart-2.3.jar:/home/user/.m2/repository/net/minidev/accessors-smart/1.2/accessors-smart-1.2.jar:/home/user/.m2/repository/org/apache/curator/curator-framework/2.12.0/curator-framework-2.12.0.jar:/home/user/.m2/repository/com/jcraft/jsch/0.1.54/jsch-0.1.54.jar:/home/user/.m2/repository/org/apache/curator/curator-client/2.12.0/curator-client-2.12.0.jar:/home/user/.m2/repository/org/apache/curator/curator-recipes/2.12.0/curator-recipes-2.12.0.jar:/home/user/.m2/repository/com/google/code/findbugs/jsr305/3.0.0/jsr305-3.0.0.jar:/home/user/.m2/repository/org/apache/htrace/htrace-core4/4.1.0-incubating/htrace-core4-4.1.0-incubating.jar:/home/user/.m2/repository/org/apache/zookeeper/zookeeper/3.4.13/zookeeper-3.4.13.jar:/home/user/.m2/repository/jline/jline/0.9.94/jline-0.9.94.jar:/home/user/.m2/repository/org/apache/yetus/audience-annotations/0.5.0/audience-annotations-0.5.0.jar:/home/user/.m2/repository/org/apache/kerby/kerb-simplekdc/1.0.1/kerb-simplekdc-1.0.1.jar:/home/user/.m2/repository/org/apache/kerby/kerb-client/1.0.1/kerb-client-1.0.1.jar:/home/user/.m2/repository/org/apache/kerby/kerby-config/1.0.1/kerby-config-1.0.1.jar:/home/user/.m2/repository/org/apache/kerby/kerb-core/1.0.1/kerb-core-1.0.1.jar:/home/user/.m2/repository/org/apache/kerby/kerby-pkix/1.0.1/kerby-pkix-1.0.1.jar:/home/user/.m2/repository/org/apache/kerby/kerby-asn1/1.0.1/kerby-asn1-1.0.1.jar:/home/user/.m2/repository/org/apache/kerby/kerby-util/1.0.1/kerby-util-1.0.1.jar:/home/user/.m2/repository/org/apache/kerby/kerb-common/1.0.1/kerb-common-1.0.1.jar:/home/user/.m2/repository/org/apache/kerby/kerb-crypto/1.0.1/kerb-crypto-1.0.1.jar:/home/user/.m2/repository/org/apache/kerby/kerb-util/1.0.1/kerb-util-1.0.1.jar:/home/user/.m2/repository/org/apache/kerby/token-provider/1.0.1/token-provider-1.0.1.jar:/home/user/.m2/repository/org/apache/kerby/kerb-admin/1.0.1/kerb-admin-1.0.1.jar:/home/user/.m2/repository/org/apache/kerby/kerb-server/1.0.1/kerb-server-1.0.1.jar:/home/user/.m2/repository/org/apache/kerby/kerb-identity/1.0.1/kerb-identity-1.0.1.jar:/home/user/.m2/repository/org/apache/kerby/kerby-xdr/1.0.1/kerby-xdr-1.0.1.jar:/home/user/.m2/repository/com/fasterxml/jackson/core/jackson-databind/2.9.9/jackson-databind-2.9.9.jar:/home/user/.m2/repository/com/fasterxml/jackson/core/jackson-core/2.9.9/jackson-core-2.9.9.jar:/home/user/.m2/repository/org/codehaus/woodstox/stax2-api/3.1.4/stax2-api-3.1.4.jar:/home/user/.m2/repository/com/fasterxml/woodstox/woodstox-core/5.0.3/woodstox-core-5.0.3.jar:/home/user/.m2/repository/dnsjava/dnsjava/2.1.7/dnsjava-2.1.7.jar:/home/user/.m2/repository/org/apache/hadoop/hadoop-hdfs/3.2.0/hadoop-hdfs-3.2.0.jar:/home/user/.m2/repository/org/eclipse/jetty/jetty-util-ajax/9.3.25.v20180904/jetty-util-ajax-9.3.25.v20180904.jar:/home/user/.m2/repository/commons-daemon/commons-daemon/1.0.13/commons-daemon-1.0.13.jar:/home/user/.m2/repository/io/netty/netty/3.10.5.Final/netty-3.10.5.Final.jar:/home/user/.m2/repository/io/netty/netty-all/4.0.52.Final/netty-all-4.0.52.Final.jar:/home/user/.m2/repository/org/fusesource/leveldbjni/leveldbjni-all/1.8/leveldbjni-all-1.8.jar:/home/user/.m2/repository/com/sun/xml/bind/jaxb-core/2.3.0.1/jaxb-core-2.3.0.1.jar:/home/user/.m2/repository/javax/xml/bind/jaxb-api/2.3.0/jaxb-api-2.3.0.jar:/home/user/.m2/repository/javax/activation/activation/1.1.1/activation-1.1.1.jar:/home/user/.m2/repository/org/openjdk/jmh/jmh-core/1.19/jmh-core-1.19.jar:/home/user/.m2/repository/net/sf/jopt-simple/jopt-simple/4.6/jopt-simple-4.6.jar:/home/user/.m2/repository/org/openjdk/jmh/jmh-generator-annprocess/1.19/jmh-generator-annprocess-1.19.jar:/home/user/.m2/repository/io/dropwizard/metrics/metrics-core/3.2.4/metrics-core-3.2.4.jar:/home/user/.m2/repository/com/amazonaws/aws-java-sdk-s3/1.11.615/aws-java-sdk-s3-1.11.615.jar:/home/user/.m2/repository/com/amazonaws/aws-java-sdk-kms/1.11.615/aws-java-sdk-kms-1.11.615.jar:/home/user/.m2/repository/com/amazonaws/aws-java-sdk-core/1.11.615/aws-java-sdk-core-1.11.615.jar:/home/user/.m2/repository/software/amazon/ion/ion-java/1.0.2/ion-java-1.0.2.jar:/home/user/.m2/repository/com/fasterxml/jackson/dataformat/jackson-dataformat-cbor/2.9.9/jackson-dataformat-cbor-2.9.9.jar:/home/user/.m2/repository/joda-time/joda-time/2.9.9/joda-time-2.9.9.jar:/home/user/.m2/repository/com/amazonaws/jmespath-java/1.11.615/jmespath-java-1.11.615.jar:/home/user/.m2/repository/com/github/spotbugs/spotbugs/3.1.12/spotbugs-3.1.12.jar:/home/user/.m2/repository/org/ow2/asm/asm/5.0.4/asm-5.0.4.jar:/home/user/.m2/repository/org/ow2/asm/asm-analysis/7.0/asm-analysis-7.0.jar:/home/user/.m2/repository/org/ow2/asm/asm-commons/7.0/asm-commons-7.0.jar:/home/user/.m2/repository/org/ow2/asm/asm-tree/7.0/asm-tree-7.0.jar:/home/user/.m2/repository/org/ow2/asm/asm-util/7.0/asm-util-7.0.jar:/home/user/.m2/repository/org/apache/bcel/bcel/6.3/bcel-6.3.jar:/home/user/.m2/repository/net/jcip/jcip-annotations/1.0/jcip-annotations-1.0.jar:/home/user/.m2/repository/org/dom4j/dom4j/2.1.1/dom4j-2.1.1.jar:/home/user/.m2/repository/jaxen/jaxen/1.1.6/jaxen-1.1.6.jar:/home/user/.m2/repository/commons-lang/commons-lang/2.6/commons-lang-2.6.jar:/home/user/.m2/repository/com/github/spotbugs/spotbugs-annotations/3.1.12/spotbugs-annotations-3.1.12.jar:/home/user/.m2/repository/junit/junit/4.11/junit-4.11.jar:/home/user/.m2/repository/org/hamcrest/hamcrest-core/1.3/hamcrest-core-1.3.jar:/home/user/.m2/repository/org/apache/hadoop/hadoop-common/3.2.0/hadoop-common-3.2.0-tests.jar:/workdir/hadoop-ozone/integration-test/target/test-classes:/home/user/.m2/repository/org/apache/hadoop/hadoop-ozone-s3gateway/0.5.0-SNAPSHOT/hadoop-ozone-s3gateway-0.5.0-SNAPSHOT.jar:/home/user/.m2/repository/org/jboss/weld/servlet/weld-servlet/2.4.7.Final/weld-servlet-2.4.7.Final.jar:/home/user/.m2/repository/org/glassfish/jersey/containers/jersey-container-servlet-core/2.27/jersey-container-servlet-core-2.27.jar:/home/user/.m2/repository/org/glassfish/hk2/external/javax.inject/2.5.0-b42/javax.inject-2.5.0-b42.jar:/home/user/.m2/repository/org/glassfish/jersey/core/jersey-common/2.27/jersey-common-2.27.jar:/home/user/.m2/repository/org/glassfish/hk2/osgi-resource-locator/1.0.1/osgi-resource-locator-1.0.1.jar:/home/user/.m2/repository/javax/ws/rs/javax.ws.rs-api/2.1/javax.ws.rs-api-2.1.jar:/home/user/.m2/repository/org/glassfish/jersey/ext/cdi/jersey-cdi1x/2.27/jersey-cdi1x-2.27.jar:/home/user/.m2/repository/org/glassfish/jersey/inject/jersey-hk2/2.27/jersey-hk2-2.27.jar:/home/user/.m2/repository/org/glassfish/hk2/hk2-locator/2.5.0-b42/hk2-locator-2.5.0-b42.jar:/home/user/.m2/repository/org/javassist/javassist/3.22.0-CR2/javassist-3.22.0-CR2.jar:/home/user/.m2/repository/org/glassfish/hk2/hk2-api/2.5.0/hk2-api-2.5.0.jar:/home/user/.m2/repository/org/glassfish/hk2/external/jakarta.inject/2.5.0/jakarta.inject-2.5.0.jar:/home/user/.m2/repository/org/glassfish/hk2/hk2-utils/2.5.0/hk2-utils-2.5.0.jar:/home/user/.m2/repository/jakarta/annotation/jakarta.annotation-api/1.3.4/jakarta.annotation-api-1.3.4.jar:/home/user/.m2/repository/org/glassfish/hk2/external/aopalliance-repackaged/2.5.0/aopalliance-repackaged-2.5.0.jar:/home/user/.m2/repository/com/fasterxml/jackson/dataformat/jackson-dataformat-xml/2.9.0/jackson-dataformat-xml-2.9.0.jar:/home/user/.m2/repository/com/fasterxml/jackson/module/jackson-module-jaxb-annotations/2.9.9/jackson-module-jaxb-annotations-2.9.9.jar:/home/user/.m2/repository/javax/enterprise/cdi-api/1.2/cdi-api-1.2.jar:/home/user/.m2/repository/javax/el/javax.el-api/3.0.0/javax.el-api-3.0.0.jar:/home/user/.m2/repository/javax/interceptor/javax.interceptor-api/1.2/javax.interceptor-api-1.2.jar:/home/user/.m2/repository/javax/inject/javax.inject/1/javax.inject-1.jar:/home/user/.m2/repository/org/apache/hadoop/hadoop-ozone-csi/0.5.0-SNAPSHOT/hadoop-ozone-csi-0.5.0-SNAPSHOT.jar:/home/user/.m2/repository/com/google/protobuf/protobuf-java-util/3.5.1/protobuf-java-util-3.5.1.jar:/home/user/.m2/repository/io/grpc/grpc-netty/1.17.1/grpc-netty-1.17.1.jar:/home/user/.m2/repository/io/grpc/grpc-core/1.17.1/grpc-core-1.17.1.jar:/home/user/.m2/repository/io/grpc/grpc-context/1.17.1/grpc-context-1.17.1.jar:/home/user/.m2/repository/com/google/errorprone/error_prone_annotations/2.2.0/error_prone_annotations-2.2.0.jar:/home/user/.m2/repository/org/codehaus/mojo/animal-sniffer-annotations/1.17/animal-sniffer-annotations-1.17.jar:/home/user/.m2/repository/io/opencensus/opencensus-api/0.17.0/opencensus-api-0.17.0.jar:/home/user/.m2/repository/io/opencensus/opencensus-contrib-grpc-metrics/0.17.0/opencensus-contrib-grpc-metrics-0.17.0.jar:/home/user/.m2/repository/io/netty/netty-codec-http2/4.1.30.Final/netty-codec-http2-4.1.30.Final.jar:/home/user/.m2/repository/io/netty/netty-codec-http/4.1.30.Final/netty-codec-http-4.1.30.Final.jar:/home/user/.m2/repository/io/netty/netty-codec/4.1.30.Final/netty-codec-4.1.30.Final.jar:/home/user/.m2/repository/io/netty/netty-handler/4.1.30.Final/netty-handler-4.1.30.Final.jar:/home/user/.m2/repository/io/netty/netty-handler-proxy/4.1.30.Final/netty-handler-proxy-4.1.30.Final.jar:/home/user/.m2/repository/io/netty/netty-codec-socks/4.1.30.Final/netty-codec-socks-4.1.30.Final.jar:/home/user/.m2/repository/io/netty/netty-transport-native-epoll/4.1.30.Final/netty-transport-native-epoll-4.1.30.Final.jar:/home/user/.m2/repository/io/netty/netty-common/4.1.30.Final/netty-common-4.1.30.Final.jar:/home/user/.m2/repository/io/netty/netty-buffer/4.1.30.Final/netty-buffer-4.1.30.Final.jar:/home/user/.m2/repository/io/netty/netty-transport/4.1.30.Final/netty-transport-4.1.30.Final.jar:/home/user/.m2/repository/io/netty/netty-resolver/4.1.30.Final/netty-resolver-4.1.30.Final.jar:/home/user/.m2/repository/io/netty/netty-transport-native-unix-common/4.1.30.Final/netty-transport-native-unix-common-4.1.30.Final.jar:/home/user/.m2/repository/io/grpc/grpc-protobuf/1.17.1/grpc-protobuf-1.17.1.jar:/home/user/.m2/repository/com/google/api/grpc/proto-google-common-protos/1.0.0/proto-google-common-protos-1.0.0.jar:/home/user/.m2/repository/io/grpc/grpc-protobuf-lite/1.17.1/grpc-protobuf-lite-1.17.1.jar:/home/user/.m2/repository/io/grpc/grpc-stub/1.17.1/grpc-stub-1.17.1.jar:/home/user/.m2/repository/org/apache/hadoop/hadoop-ozone-recon/0.5.0-SNAPSHOT/hadoop-ozone-recon-0.5.0-SNAPSHOT.jar:/home/user/.m2/repository/org/apache/hadoop/hadoop-ozone-reconcodegen/0.5.0-SNAPSHOT/hadoop-ozone-reconcodegen-0.5.0-SNAPSHOT.jar:/home/user/.m2/repository/com/google/inject/extensions/guice-multibindings/4.0/guice-multibindings-4.0.jar:/home/user/.m2/repository/com/google/inject/guice/4.0/guice-4.0.jar:/home/user/.m2/repository/aopalliance/aopalliance/1.0/aopalliance-1.0.jar:/home/user/.m2/repository/com/google/inject/extensions/guice-servlet/4.0/guice-servlet-4.0.jar:/home/user/.m2/repository/org/glassfish/jersey/containers/jersey-container-servlet/2.27/jersey-container-servlet-2.27.jar:/home/user/.m2/repository/org/glassfish/hk2/guice-bridge/2.5.0/guice-bridge-2.5.0.jar:/home/user/.m2/repository/org/glassfish/jersey/core/jersey-server/2.27/jersey-server-2.27.jar:/home/user/.m2/repository/org/glassfish/jersey/core/jersey-client/2.27/jersey-client-2.27.jar:/home/user/.m2/repository/org/glassfish/jersey/media/jersey-media-jaxb/2.27/jersey-media-jaxb-2.27.jar:/home/user/.m2/repository/javax/validation/validation-api/1.1.0.Final/validation-api-1.1.0.Final.jar:/home/user/.m2/repository/org/glassfish/jersey/media/jersey-media-json-jackson/2.27/jersey-media-json-jackson-2.27.jar:/home/user/.m2/repository/org/glassfish/jersey/ext/jersey-entity-filtering/2.27/jersey-entity-filtering-2.27.jar:/home/user/.m2/repository/com/google/inject/extensions/guice-assistedinject/4.0/guice-assistedinject-4.0.jar:/home/user/.m2/repository/org/jooq/jooq/3.11.10/jooq-3.11.10.jar:/home/user/.m2/repository/org/jooq/jooq-meta/3.11.10/jooq-meta-3.11.10.jar:/home/user/.m2/repository/org/jooq/jooq-codegen/3.11.10/jooq-codegen-3.11.10.jar:/home/user/.m2/repository/com/jolbox/bonecp/0.8.0.RELEASE/bonecp-0.8.0.RELEASE.jar:/home/user/.m2/repository/org/springframework/spring-jdbc/5.1.3.RELEASE/spring-jdbc-5.1.3.RELEASE.jar:/home/user/.m2/repository/org/springframework/spring-beans/5.1.3.RELEASE/spring-beans-5.1.3.RELEASE.jar:/home/user/.m2/repository/org/springframework/spring-core/5.1.3.RELEASE/spring-core-5.1.3.RELEASE.jar:/home/user/.m2/repository/org/springframework/spring-jcl/5.1.3.RELEASE/spring-jcl-5.1.3.RELEASE.jar:/home/user/.m2/repository/org/springframework/spring-tx/5.1.3.RELEASE/spring-tx-5.1.3.RELEASE.jar:/home/user/.m2/repository/org/mockito/mockito-core/2.15.0/mockito-core-2.15.0.jar:/home/user/.m2/repository/net/bytebuddy/byte-buddy/1.7.9/byte-buddy-1.7.9.jar:/home/user/.m2/repository/net/bytebuddy/byte-buddy-agent/1.7.9/byte-buddy-agent-1.7.9.jar:/home/user/.m2/repository/org/objenesis/objenesis/1.0/objenesis-1.0.jar:"/>
    <property name="java.vm.vendor" value="Oracle Corporation"/>
    <property name="sun.arch.data.model" value="64"/>
    <property name="test.build.dir" value="/workdir/hadoop-ozone/tools/target/test-dir"/>
    <property name="test.cache.data" value=""/>
    <property name="java.vendor.url" value="http://java.oracle.com/"/>
    <property name="user.timezone" value=""/>
    <property name="java.vm.specification.version" value="1.8"/>
    <property name="os.name" value="Linux"/>
    <property name="test.build.data" value="/workdir/hadoop-ozone/tools/target/test-dir"/>
    <property name="user.country" value="US"/>
    <property name="sun.java.launcher" value="SUN_STANDARD"/>
    <property name="sun.boot.library.path" value="/usr/lib/jvm/java-1.8.0-openjdk-1.8.0.222.b10-1.el7_7.x86_64/jre/lib/amd64"/>
    <property name="sun.java.command" value="/workdir/hadoop-ozone/tools/target/surefire/surefirebooter1397856401331224415.jar /workdir/hadoop-ozone/tools/target/surefire 2019-11-17T10-17-56_788-jvmRun1 surefire3275186086605640496tmp surefire_985729541502790939115tmp"/>
    <property name="surefire.test.class.path" value="/workdir/hadoop-ozone/tools/target/test-classes:/workdir/hadoop-ozone/tools/target/classes:/home/user/.m2/repository/org/apache/hadoop/hadoop-ozone-ozone-manager/0.5.0-SNAPSHOT/hadoop-ozone-ozone-manager-0.5.0-SNAPSHOT.jar:/home/user/.m2/repository/org/apache/hadoop/hadoop-hdds-docs/0.5.0-SNAPSHOT/hadoop-hdds-docs-0.5.0-SNAPSHOT.jar:/home/user/.m2/repository/org/bouncycastle/bcprov-jdk15on/1.60/bcprov-jdk15on-1.60.jar:/home/user/.m2/repository/org/apache/hadoop/hadoop-ozone-common/0.5.0-SNAPSHOT/hadoop-ozone-common-0.5.0-SNAPSHOT.jar:/home/user/.m2/repository/org/apache/commons/commons-compress/1.4.1/commons-compress-1.4.1.jar:/home/user/.m2/repository/org/tukaani/xz/1.0/xz-1.0.jar:/home/user/.m2/repository/org/apache/hadoop/hadoop-hdfs-client/3.2.0/hadoop-hdfs-client-3.2.0.jar:/home/user/.m2/repository/com/fasterxml/jackson/core/jackson-annotations/2.9.9/jackson-annotations-2.9.9.jar:/home/user/.m2/repository/org/apache/hadoop/hadoop-hdds-common/0.5.0-SNAPSHOT/hadoop-hdds-common-0.5.0-SNAPSHOT.jar:/home/user/.m2/repository/org/apache/hadoop/hadoop-hdds-config/0.5.0-SNAPSHOT/hadoop-hdds-config-0.5.0-SNAPSHOT.jar:/home/user/.m2/repository/javax/annotation/javax.annotation-api/1.2/javax.annotation-api-1.2.jar:/home/user/.m2/repository/org/apache/ratis/ratis-server/0.5.0-d6d58d0-SNAPSHOT/ratis-server-0.5.0-d6d58d0-SNAPSHOT.jar:/home/user/.m2/repository/org/apache/ratis/ratis-thirdparty-misc/0.2.0/ratis-thirdparty-misc-0.2.0.jar:/home/user/.m2/repository/org/apache/ratis/ratis-proto/0.5.0-d6d58d0-SNAPSHOT/ratis-proto-0.5.0-d6d58d0-SNAPSHOT.jar:/home/user/.m2/repository/org/apache/ratis/ratis-common/0.5.0-d6d58d0-SNAPSHOT/ratis-common-0.5.0-d6d58d0-SNAPSHOT.jar:/home/user/.m2/repository/org/apache/ratis/ratis-client/0.5.0-d6d58d0-SNAPSHOT/ratis-client-0.5.0-d6d58d0-SNAPSHOT.jar:/home/user/.m2/repository/org/apache/ratis/ratis-metrics/0.5.0-d6d58d0-SNAPSHOT/ratis-metrics-0.5.0-d6d58d0-SNAPSHOT.jar:/home/user/.m2/repository/org/apache/ratis/ratis-netty/0.5.0-d6d58d0-SNAPSHOT/ratis-netty-0.5.0-d6d58d0-SNAPSHOT.jar:/home/user/.m2/repository/org/apache/ratis/ratis-grpc/0.5.0-d6d58d0-SNAPSHOT/ratis-grpc-0.5.0-d6d58d0-SNAPSHOT.jar:/home/user/.m2/repository/org/rocksdb/rocksdbjni/6.0.1/rocksdbjni-6.0.1.jar:/home/user/.m2/repository/org/apache/logging/log4j/log4j-api/2.11.0/log4j-api-2.11.0.jar:/home/user/.m2/repository/org/apache/logging/log4j/log4j-core/2.11.0/log4j-core-2.11.0.jar:/home/user/.m2/repository/com/lmax/disruptor/3.4.2/disruptor-3.4.2.jar:/home/user/.m2/repository/org/apache/commons/commons-pool2/2.6.0/commons-pool2-2.6.0.jar:/home/user/.m2/repository/org/bouncycastle/bcpkix-jdk15on/1.60/bcpkix-jdk15on-1.60.jar:/home/user/.m2/repository/commons-validator/commons-validator/1.6/commons-validator-1.6.jar:/home/user/.m2/repository/commons-digester/commons-digester/1.8.1/commons-digester-1.8.1.jar:/home/user/.m2/repository/io/jaegertracing/jaeger-client/0.34.0/jaeger-client-0.34.0.jar:/home/user/.m2/repository/io/jaegertracing/jaeger-thrift/0.34.0/jaeger-thrift-0.34.0.jar:/home/user/.m2/repository/org/apache/thrift/libthrift/0.12.0/libthrift-0.12.0.jar:/home/user/.m2/repository/com/squareup/okhttp3/okhttp/3.9.0/okhttp-3.9.0.jar:/home/user/.m2/repository/com/squareup/okio/okio/1.13.0/okio-1.13.0.jar:/home/user/.m2/repository/io/jaegertracing/jaeger-core/0.34.0/jaeger-core-0.34.0.jar:/home/user/.m2/repository/io/jaegertracing/jaeger-tracerresolver/0.34.0/jaeger-tracerresolver-0.34.0.jar:/home/user/.m2/repository/io/opentracing/contrib/opentracing-tracerresolver/0.1.5/opentracing-tracerresolver-0.1.5.jar:/home/user/.m2/repository/io/opentracing/opentracing-util/0.31.0/opentracing-util-0.31.0.jar:/home/user/.m2/repository/io/opentracing/opentracing-api/0.31.0/opentracing-api-0.31.0.jar:/home/user/.m2/repository/io/opentracing/opentracing-noop/0.31.0/opentracing-noop-0.31.0.jar:/home/user/.m2/repository/org/yaml/snakeyaml/1.16/snakeyaml-1.16.jar:/home/user/.m2/repository/org/apache/hadoop/hadoop-hdds-container-service/0.5.0-SNAPSHOT/hadoop-hdds-container-service-0.5.0-SNAPSHOT.jar:/home/user/.m2/repository/org/apache/hadoop/hadoop-hdds-client/0.5.0-SNAPSHOT/hadoop-hdds-client-0.5.0-SNAPSHOT.jar:/home/user/.m2/repository/org/apache/hadoop/hadoop-hdds-tools/0.5.0-SNAPSHOT/hadoop-hdds-tools-0.5.0-SNAPSHOT.jar:/home/user/.m2/repository/org/xerial/sqlite-jdbc/3.25.2/sqlite-jdbc-3.25.2.jar:/home/user/.m2/repository/org/apache/hadoop/hadoop-hdds-server-scm/0.5.0-SNAPSHOT/hadoop-hdds-server-scm-0.5.0-SNAPSHOT.jar:/home/user/.m2/repository/org/hamcrest/hamcrest-all/1.3/hamcrest-all-1.3.jar:/home/user/.m2/repository/info/picocli/picocli/3.9.6/picocli-3.9.6.jar:/home/user/.m2/repository/com/google/protobuf/protobuf-java/2.5.0/protobuf-java-2.5.0.jar:/home/user/.m2/repository/com/google/guava/guava/11.0.2/guava-11.0.2.jar:/home/user/.m2/repository/org/apache/hadoop/hadoop-ozone-client/0.5.0-SNAPSHOT/hadoop-ozone-client-0.5.0-SNAPSHOT.jar:/workdir/hadoop-ozone/ozonefs/target/classes:/home/user/.m2/repository/org/apache/httpcomponents/httpclient/4.5.2/httpclient-4.5.2.jar:/home/user/.m2/repository/org/apache/httpcomponents/httpcore/4.4.4/httpcore-4.4.4.jar:/home/user/.m2/repository/org/apache/hadoop/hadoop-hdds-server-framework/0.5.0-SNAPSHOT/hadoop-hdds-server-framework-0.5.0-SNAPSHOT.jar:/home/user/.m2/repository/org/apache/hadoop/hadoop-common/3.2.0/hadoop-common-3.2.0.jar:/home/user/.m2/repository/org/apache/hadoop/hadoop-annotations/3.2.0/hadoop-annotations-3.2.0.jar:/usr/lib/jvm/java-1.8.0-openjdk-1.8.0.222.b10-1.el7_7.x86_64/jre/../lib/tools.jar:/home/user/.m2/repository/commons-cli/commons-cli/1.2/commons-cli-1.2.jar:/home/user/.m2/repository/org/apache/commons/commons-math3/3.1.1/commons-math3-3.1.1.jar:/home/user/.m2/repository/commons-codec/commons-codec/1.11/commons-codec-1.11.jar:/home/user/.m2/repository/commons-io/commons-io/2.5/commons-io-2.5.jar:/home/user/.m2/repository/commons-net/commons-net/3.6/commons-net-3.6.jar:/home/user/.m2/repository/commons-collections/commons-collections/3.2.2/commons-collections-3.2.2.jar:/home/user/.m2/repository/javax/servlet/javax.servlet-api/3.1.0/javax.servlet-api-3.1.0.jar:/home/user/.m2/repository/org/eclipse/jetty/jetty-server/9.3.25.v20180904/jetty-server-9.3.25.v20180904.jar:/home/user/.m2/repository/org/eclipse/jetty/jetty-http/9.3.25.v20180904/jetty-http-9.3.25.v20180904.jar:/home/user/.m2/repository/org/eclipse/jetty/jetty-io/9.3.25.v20180904/jetty-io-9.3.25.v20180904.jar:/home/user/.m2/repository/org/eclipse/jetty/jetty-util/9.3.25.v20180904/jetty-util-9.3.25.v20180904.jar:/home/user/.m2/repository/org/eclipse/jetty/jetty-servlet/9.3.25.v20180904/jetty-servlet-9.3.25.v20180904.jar:/home/user/.m2/repository/org/eclipse/jetty/jetty-security/9.3.25.v20180904/jetty-security-9.3.25.v20180904.jar:/home/user/.m2/repository/org/eclipse/jetty/jetty-webapp/9.3.25.v20180904/jetty-webapp-9.3.25.v20180904.jar:/home/user/.m2/repository/org/eclipse/jetty/jetty-xml/9.3.25.v20180904/jetty-xml-9.3.25.v20180904.jar:/home/user/.m2/repository/javax/servlet/jsp/jsp-api/2.1/jsp-api-2.1.jar:/home/user/.m2/repository/com/sun/jersey/jersey-core/1.19/jersey-core-1.19.jar:/home/user/.m2/repository/javax/ws/rs/jsr311-api/1.1.1/jsr311-api-1.1.1.jar:/home/user/.m2/repository/com/sun/jersey/jersey-servlet/1.19/jersey-servlet-1.19.jar:/home/user/.m2/repository/com/sun/jersey/jersey-json/1.19/jersey-json-1.19.jar:/home/user/.m2/repository/org/codehaus/jettison/jettison/1.1/jettison-1.1.jar:/home/user/.m2/repository/com/sun/xml/bind/jaxb-impl/2.3.0.1/jaxb-impl-2.3.0.1.jar:/home/user/.m2/repository/org/codehaus/jackson/jackson-core-asl/1.9.13/jackson-core-asl-1.9.13.jar:/home/user/.m2/repository/org/codehaus/jackson/jackson-mapper-asl/1.9.13/jackson-mapper-asl-1.9.13.jar:/home/user/.m2/repository/org/codehaus/jackson/jackson-jaxrs/1.9.13/jackson-jaxrs-1.9.13.jar:/home/user/.m2/repository/org/codehaus/jackson/jackson-xc/1.9.13/jackson-xc-1.9.13.jar:/home/user/.m2/repository/com/sun/jersey/jersey-server/1.19/jersey-server-1.19.jar:/home/user/.m2/repository/commons-logging/commons-logging/1.1.3/commons-logging-1.1.3.jar:/home/user/.m2/repository/log4j/log4j/1.2.17/log4j-1.2.17.jar:/home/user/.m2/repository/commons-beanutils/commons-beanutils/1.9.4/commons-beanutils-1.9.4.jar:/home/user/.m2/repository/org/apache/commons/commons-configuration2/2.1.1/commons-configuration2-2.1.1.jar:/home/user/.m2/repository/org/apache/commons/commons-lang3/3.7/commons-lang3-3.7.jar:/home/user/.m2/repository/org/apache/commons/commons-text/1.4/commons-text-1.4.jar:/home/user/.m2/repository/org/slf4j/slf4j-api/1.7.25/slf4j-api-1.7.25.jar:/home/user/.m2/repository/org/slf4j/slf4j-log4j12/1.7.25/slf4j-log4j12-1.7.25.jar:/home/user/.m2/repository/org/apache/avro/avro/1.7.7/avro-1.7.7.jar:/home/user/.m2/repository/com/thoughtworks/paranamer/paranamer/2.3/paranamer-2.3.jar:/home/user/.m2/repository/org/xerial/snappy/snappy-java/1.0.5/snappy-java-1.0.5.jar:/home/user/.m2/repository/com/google/re2j/re2j/1.1/re2j-1.1.jar:/home/user/.m2/repository/com/google/code/gson/gson/2.2.4/gson-2.2.4.jar:/home/user/.m2/repository/org/apache/hadoop/hadoop-auth/3.2.0/hadoop-auth-3.2.0.jar:/home/user/.m2/repository/com/nimbusds/nimbus-jose-jwt/4.41.1/nimbus-jose-jwt-4.41.1.jar:/home/user/.m2/repository/com/github/stephenc/jcip/jcip-annotations/1.0-1/jcip-annotations-1.0-1.jar:/home/user/.m2/repository/net/minidev/json-smart/2.3/json-smart-2.3.jar:/home/user/.m2/repository/net/minidev/accessors-smart/1.2/accessors-smart-1.2.jar:/home/user/.m2/repository/org/apache/curator/curator-framework/2.12.0/curator-framework-2.12.0.jar:/home/user/.m2/repository/com/jcraft/jsch/0.1.54/jsch-0.1.54.jar:/home/user/.m2/repository/org/apache/curator/curator-client/2.12.0/curator-client-2.12.0.jar:/home/user/.m2/repository/org/apache/curator/curator-recipes/2.12.0/curator-recipes-2.12.0.jar:/home/user/.m2/repository/com/google/code/findbugs/jsr305/3.0.0/jsr305-3.0.0.jar:/home/user/.m2/repository/org/apache/htrace/htrace-core4/4.1.0-incubating/htrace-core4-4.1.0-incubating.jar:/home/user/.m2/repository/org/apache/zookeeper/zookeeper/3.4.13/zookeeper-3.4.13.jar:/home/user/.m2/repository/jline/jline/0.9.94/jline-0.9.94.jar:/home/user/.m2/repository/org/apache/yetus/audience-annotations/0.5.0/audience-annotations-0.5.0.jar:/home/user/.m2/repository/org/apache/kerby/kerb-simplekdc/1.0.1/kerb-simplekdc-1.0.1.jar:/home/user/.m2/repository/org/apache/kerby/kerb-client/1.0.1/kerb-client-1.0.1.jar:/home/user/.m2/repository/org/apache/kerby/kerby-config/1.0.1/kerby-config-1.0.1.jar:/home/user/.m2/repository/org/apache/kerby/kerb-core/1.0.1/kerb-core-1.0.1.jar:/home/user/.m2/repository/org/apache/kerby/kerby-pkix/1.0.1/kerby-pkix-1.0.1.jar:/home/user/.m2/repository/org/apache/kerby/kerby-asn1/1.0.1/kerby-asn1-1.0.1.jar:/home/user/.m2/repository/org/apache/kerby/kerby-util/1.0.1/kerby-util-1.0.1.jar:/home/user/.m2/repository/org/apache/kerby/kerb-common/1.0.1/kerb-common-1.0.1.jar:/home/user/.m2/repository/org/apache/kerby/kerb-crypto/1.0.1/kerb-crypto-1.0.1.jar:/home/user/.m2/repository/org/apache/kerby/kerb-util/1.0.1/kerb-util-1.0.1.jar:/home/user/.m2/repository/org/apache/kerby/token-provider/1.0.1/token-provider-1.0.1.jar:/home/user/.m2/repository/org/apache/kerby/kerb-admin/1.0.1/kerb-admin-1.0.1.jar:/home/user/.m2/repository/org/apache/kerby/kerb-server/1.0.1/kerb-server-1.0.1.jar:/home/user/.m2/repository/org/apache/kerby/kerb-identity/1.0.1/kerb-identity-1.0.1.jar:/home/user/.m2/repository/org/apache/kerby/kerby-xdr/1.0.1/kerby-xdr-1.0.1.jar:/home/user/.m2/repository/com/fasterxml/jackson/core/jackson-databind/2.9.9/jackson-databind-2.9.9.jar:/home/user/.m2/repository/com/fasterxml/jackson/core/jackson-core/2.9.9/jackson-core-2.9.9.jar:/home/user/.m2/repository/org/codehaus/woodstox/stax2-api/3.1.4/stax2-api-3.1.4.jar:/home/user/.m2/repository/com/fasterxml/woodstox/woodstox-core/5.0.3/woodstox-core-5.0.3.jar:/home/user/.m2/repository/dnsjava/dnsjava/2.1.7/dnsjava-2.1.7.jar:/home/user/.m2/repository/org/apache/hadoop/hadoop-hdfs/3.2.0/hadoop-hdfs-3.2.0.jar:/home/user/.m2/repository/org/eclipse/jetty/jetty-util-ajax/9.3.25.v20180904/jetty-util-ajax-9.3.25.v20180904.jar:/home/user/.m2/repository/commons-daemon/commons-daemon/1.0.13/commons-daemon-1.0.13.jar:/home/user/.m2/repository/io/netty/netty/3.10.5.Final/netty-3.10.5.Final.jar:/home/user/.m2/repository/io/netty/netty-all/4.0.52.Final/netty-all-4.0.52.Final.jar:/home/user/.m2/repository/org/fusesource/leveldbjni/leveldbjni-all/1.8/leveldbjni-all-1.8.jar:/home/user/.m2/repository/com/sun/xml/bind/jaxb-core/2.3.0.1/jaxb-core-2.3.0.1.jar:/home/user/.m2/repository/javax/xml/bind/jaxb-api/2.3.0/jaxb-api-2.3.0.jar:/home/user/.m2/repository/javax/activation/activation/1.1.1/activation-1.1.1.jar:/home/user/.m2/repository/org/openjdk/jmh/jmh-core/1.19/jmh-core-1.19.jar:/home/user/.m2/repository/net/sf/jopt-simple/jopt-simple/4.6/jopt-simple-4.6.jar:/home/user/.m2/repository/org/openjdk/jmh/jmh-generator-annprocess/1.19/jmh-generator-annprocess-1.19.jar:/home/user/.m2/repository/io/dropwizard/metrics/metrics-core/3.2.4/metrics-core-3.2.4.jar:/home/user/.m2/repository/com/amazonaws/aws-java-sdk-s3/1.11.615/aws-java-sdk-s3-1.11.615.jar:/home/user/.m2/repository/com/amazonaws/aws-java-sdk-kms/1.11.615/aws-java-sdk-kms-1.11.615.jar:/home/user/.m2/repository/com/amazonaws/aws-java-sdk-core/1.11.615/aws-java-sdk-core-1.11.615.jar:/home/user/.m2/repository/software/amazon/ion/ion-java/1.0.2/ion-java-1.0.2.jar:/home/user/.m2/repository/com/fasterxml/jackson/dataformat/jackson-dataformat-cbor/2.9.9/jackson-dataformat-cbor-2.9.9.jar:/home/user/.m2/repository/joda-time/joda-time/2.9.9/joda-time-2.9.9.jar:/home/user/.m2/repository/com/amazonaws/jmespath-java/1.11.615/jmespath-java-1.11.615.jar:/home/user/.m2/repository/com/github/spotbugs/spotbugs/3.1.12/spotbugs-3.1.12.jar:/home/user/.m2/repository/org/ow2/asm/asm/5.0.4/asm-5.0.4.jar:/home/user/.m2/repository/org/ow2/asm/asm-analysis/7.0/asm-analysis-7.0.jar:/home/user/.m2/repository/org/ow2/asm/asm-commons/7.0/asm-commons-7.0.jar:/home/user/.m2/repository/org/ow2/asm/asm-tree/7.0/asm-tree-7.0.jar:/home/user/.m2/repository/org/ow2/asm/asm-util/7.0/asm-util-7.0.jar:/home/user/.m2/repository/org/apache/bcel/bcel/6.3/bcel-6.3.jar:/home/user/.m2/repository/net/jcip/jcip-annotations/1.0/jcip-annotations-1.0.jar:/home/user/.m2/repository/org/dom4j/dom4j/2.1.1/dom4j-2.1.1.jar:/home/user/.m2/repository/jaxen/jaxen/1.1.6/jaxen-1.1.6.jar:/home/user/.m2/repository/commons-lang/commons-lang/2.6/commons-lang-2.6.jar:/home/user/.m2/repository/com/github/spotbugs/spotbugs-annotations/3.1.12/spotbugs-annotations-3.1.12.jar:/home/user/.m2/repository/junit/junit/4.11/junit-4.11.jar:/home/user/.m2/repository/org/hamcrest/hamcrest-core/1.3/hamcrest-core-1.3.jar:/home/user/.m2/repository/org/apache/hadoop/hadoop-common/3.2.0/hadoop-common-3.2.0-tests.jar:/workdir/hadoop-ozone/integration-test/target/test-classes:/home/user/.m2/repository/org/apache/hadoop/hadoop-ozone-s3gateway/0.5.0-SNAPSHOT/hadoop-ozone-s3gateway-0.5.0-SNAPSHOT.jar:/home/user/.m2/repository/org/jboss/weld/servlet/weld-servlet/2.4.7.Final/weld-servlet-2.4.7.Final.jar:/home/user/.m2/repository/org/glassfish/jersey/containers/jersey-container-servlet-core/2.27/jersey-container-servlet-core-2.27.jar:/home/user/.m2/repository/org/glassfish/hk2/external/javax.inject/2.5.0-b42/javax.inject-2.5.0-b42.jar:/home/user/.m2/repository/org/glassfish/jersey/core/jersey-common/2.27/jersey-common-2.27.jar:/home/user/.m2/repository/org/glassfish/hk2/osgi-resource-locator/1.0.1/osgi-resource-locator-1.0.1.jar:/home/user/.m2/repository/javax/ws/rs/javax.ws.rs-api/2.1/javax.ws.rs-api-2.1.jar:/home/user/.m2/repository/org/glassfish/jersey/ext/cdi/jersey-cdi1x/2.27/jersey-cdi1x-2.27.jar:/home/user/.m2/repository/org/glassfish/jersey/inject/jersey-hk2/2.27/jersey-hk2-2.27.jar:/home/user/.m2/repository/org/glassfish/hk2/hk2-locator/2.5.0-b42/hk2-locator-2.5.0-b42.jar:/home/user/.m2/repository/org/javassist/javassist/3.22.0-CR2/javassist-3.22.0-CR2.jar:/home/user/.m2/repository/org/glassfish/hk2/hk2-api/2.5.0/hk2-api-2.5.0.jar:/home/user/.m2/repository/org/glassfish/hk2/external/jakarta.inject/2.5.0/jakarta.inject-2.5.0.jar:/home/user/.m2/repository/org/glassfish/hk2/hk2-utils/2.5.0/hk2-utils-2.5.0.jar:/home/user/.m2/repository/jakarta/annotation/jakarta.annotation-api/1.3.4/jakarta.annotation-api-1.3.4.jar:/home/user/.m2/repository/org/glassfish/hk2/external/aopalliance-repackaged/2.5.0/aopalliance-repackaged-2.5.0.jar:/home/user/.m2/repository/com/fasterxml/jackson/dataformat/jackson-dataformat-xml/2.9.0/jackson-dataformat-xml-2.9.0.jar:/home/user/.m2/repository/com/fasterxml/jackson/module/jackson-module-jaxb-annotations/2.9.9/jackson-module-jaxb-annotations-2.9.9.jar:/home/user/.m2/repository/javax/enterprise/cdi-api/1.2/cdi-api-1.2.jar:/home/user/.m2/repository/javax/el/javax.el-api/3.0.0/javax.el-api-3.0.0.jar:/home/user/.m2/repository/javax/interceptor/javax.interceptor-api/1.2/javax.interceptor-api-1.2.jar:/home/user/.m2/repository/javax/inject/javax.inject/1/javax.inject-1.jar:/home/user/.m2/repository/org/apache/hadoop/hadoop-ozone-csi/0.5.0-SNAPSHOT/hadoop-ozone-csi-0.5.0-SNAPSHOT.jar:/home/user/.m2/repository/com/google/protobuf/protobuf-java-util/3.5.1/protobuf-java-util-3.5.1.jar:/home/user/.m2/repository/io/grpc/grpc-netty/1.17.1/grpc-netty-1.17.1.jar:/home/user/.m2/repository/io/grpc/grpc-core/1.17.1/grpc-core-1.17.1.jar:/home/user/.m2/repository/io/grpc/grpc-context/1.17.1/grpc-context-1.17.1.jar:/home/user/.m2/repository/com/google/errorprone/error_prone_annotations/2.2.0/error_prone_annotations-2.2.0.jar:/home/user/.m2/repository/org/codehaus/mojo/animal-sniffer-annotations/1.17/animal-sniffer-annotations-1.17.jar:/home/user/.m2/repository/io/opencensus/opencensus-api/0.17.0/opencensus-api-0.17.0.jar:/home/user/.m2/repository/io/opencensus/opencensus-contrib-grpc-metrics/0.17.0/opencensus-contrib-grpc-metrics-0.17.0.jar:/home/user/.m2/repository/io/netty/netty-codec-http2/4.1.30.Final/netty-codec-http2-4.1.30.Final.jar:/home/user/.m2/repository/io/netty/netty-codec-http/4.1.30.Final/netty-codec-http-4.1.30.Final.jar:/home/user/.m2/repository/io/netty/netty-codec/4.1.30.Final/netty-codec-4.1.30.Final.jar:/home/user/.m2/repository/io/netty/netty-handler/4.1.30.Final/netty-handler-4.1.30.Final.jar:/home/user/.m2/repository/io/netty/netty-handler-proxy/4.1.30.Final/netty-handler-proxy-4.1.30.Final.jar:/home/user/.m2/repository/io/netty/netty-codec-socks/4.1.30.Final/netty-codec-socks-4.1.30.Final.jar:/home/user/.m2/repository/io/netty/netty-transport-native-epoll/4.1.30.Final/netty-transport-native-epoll-4.1.30.Final.jar:/home/user/.m2/repository/io/netty/netty-common/4.1.30.Final/netty-common-4.1.30.Final.jar:/home/user/.m2/repository/io/netty/netty-buffer/4.1.30.Final/netty-buffer-4.1.30.Final.jar:/home/user/.m2/repository/io/netty/netty-transport/4.1.30.Final/netty-transport-4.1.30.Final.jar:/home/user/.m2/repository/io/netty/netty-resolver/4.1.30.Final/netty-resolver-4.1.30.Final.jar:/home/user/.m2/repository/io/netty/netty-transport-native-unix-common/4.1.30.Final/netty-transport-native-unix-common-4.1.30.Final.jar:/home/user/.m2/repository/io/grpc/grpc-protobuf/1.17.1/grpc-protobuf-1.17.1.jar:/home/user/.m2/repository/com/google/api/grpc/proto-google-common-protos/1.0.0/proto-google-common-protos-1.0.0.jar:/home/user/.m2/repository/io/grpc/grpc-protobuf-lite/1.17.1/grpc-protobuf-lite-1.17.1.jar:/home/user/.m2/repository/io/grpc/grpc-stub/1.17.1/grpc-stub-1.17.1.jar:/home/user/.m2/repository/org/apache/hadoop/hadoop-ozone-recon/0.5.0-SNAPSHOT/hadoop-ozone-recon-0.5.0-SNAPSHOT.jar:/home/user/.m2/repository/org/apache/hadoop/hadoop-ozone-reconcodegen/0.5.0-SNAPSHOT/hadoop-ozone-reconcodegen-0.5.0-SNAPSHOT.jar:/home/user/.m2/repository/com/google/inject/extensions/guice-multibindings/4.0/guice-multibindings-4.0.jar:/home/user/.m2/repository/com/google/inject/guice/4.0/guice-4.0.jar:/home/user/.m2/repository/aopalliance/aopalliance/1.0/aopalliance-1.0.jar:/home/user/.m2/repository/com/google/inject/extensions/guice-servlet/4.0/guice-servlet-4.0.jar:/home/user/.m2/repository/org/glassfish/jersey/containers/jersey-container-servlet/2.27/jersey-container-servlet-2.27.jar:/home/user/.m2/repository/org/glassfish/hk2/guice-bridge/2.5.0/guice-bridge-2.5.0.jar:/home/user/.m2/repository/org/glassfish/jersey/core/jersey-server/2.27/jersey-server-2.27.jar:/home/user/.m2/repository/org/glassfish/jersey/core/jersey-client/2.27/jersey-client-2.27.jar:/home/user/.m2/repository/org/glassfish/jersey/media/jersey-media-jaxb/2.27/jersey-media-jaxb-2.27.jar:/home/user/.m2/repository/javax/validation/validation-api/1.1.0.Final/validation-api-1.1.0.Final.jar:/home/user/.m2/repository/org/glassfish/jersey/media/jersey-media-json-jackson/2.27/jersey-media-json-jackson-2.27.jar:/home/user/.m2/repository/org/glassfish/jersey/ext/jersey-entity-filtering/2.27/jersey-entity-filtering-2.27.jar:/home/user/.m2/repository/com/google/inject/extensions/guice-assistedinject/4.0/guice-assistedinject-4.0.jar:/home/user/.m2/repository/org/jooq/jooq/3.11.10/jooq-3.11.10.jar:/home/user/.m2/repository/org/jooq/jooq-meta/3.11.10/jooq-meta-3.11.10.jar:/home/user/.m2/repository/org/jooq/jooq-codegen/3.11.10/jooq-codegen-3.11.10.jar:/home/user/.m2/repository/com/jolbox/bonecp/0.8.0.RELEASE/bonecp-0.8.0.RELEASE.jar:/home/user/.m2/repository/org/springframework/spring-jdbc/5.1.3.RELEASE/spring-jdbc-5.1.3.RELEASE.jar:/home/user/.m2/repository/org/springframework/spring-beans/5.1.3.RELEASE/spring-beans-5.1.3.RELEASE.jar:/home/user/.m2/repository/org/springframework/spring-core/5.1.3.RELEASE/spring-core-5.1.3.RELEASE.jar:/home/user/.m2/repository/org/springframework/spring-jcl/5.1.3.RELEASE/spring-jcl-5.1.3.RELEASE.jar:/home/user/.m2/repository/org/springframework/spring-tx/5.1.3.RELEASE/spring-tx-5.1.3.RELEASE.jar:/home/user/.m2/repository/org/mockito/mockito-core/2.15.0/mockito-core-2.15.0.jar:/home/user/.m2/repository/net/bytebuddy/byte-buddy/1.7.9/byte-buddy-1.7.9.jar:/home/user/.m2/repository/net/bytebuddy/byte-buddy-agent/1.7.9/byte-buddy-agent-1.7.9.jar:/home/user/.m2/repository/org/objenesis/objenesis/1.0/objenesis-1.0.jar:"/>
    <property name="sun.cpu.endian" value="little"/>
    <property name="user.home" value="/home/user"/>
    <property name="user.language" value="en"/>
    <property name="java.specification.vendor" value="Oracle Corporation"/>
    <property name="java.home" value="/usr/lib/jvm/java-1.8.0-openjdk-1.8.0.222.b10-1.el7_7.x86_64/jre"/>
    <property name="surefire.excludesFile" value="/tools/ozone-bad-unit-tests"/>
    <property name="java.security.krb5.conf" value="/workdir/hadoop-ozone/tools/target/test-classes/krb5.conf"/>
    <property name="basedir" value="/workdir/hadoop-ozone/tools"/>
    <property name="file.separator" value="/"/>
    <property name="line.separator" value="&#10;"/>
    <property name="java.vm.specification.vendor" value="Oracle Corporation"/>
    <property name="java.specification.name" value="Java Platform API Specification"/>
    <property name="java.awt.graphicsenv" value="sun.awt.X11GraphicsEnvironment"/>
    <property name="surefire.real.class.path" value="/workdir/hadoop-ozone/tools/target/surefire/surefirebooter1397856401331224415.jar"/>
    <property name="hadoop.log.dir" value="/workdir/hadoop-ozone/tools/target/log"/>
    <property name="sun.boot.class.path" value="/usr/lib/jvm/java-1.8.0-openjdk-1.8.0.222.b10-1.el7_7.x86_64/jre/lib/resources.jar:/usr/lib/jvm/java-1.8.0-openjdk-1.8.0.222.b10-1.el7_7.x86_64/jre/lib/rt.jar:/usr/lib/jvm/java-1.8.0-openjdk-1.8.0.222.b10-1.el7_7.x86_64/jre/lib/sunrsasign.jar:/usr/lib/jvm/java-1.8.0-openjdk-1.8.0.222.b10-1.el7_7.x86_64/jre/lib/jsse.jar:/usr/lib/jvm/java-1.8.0-openjdk-1.8.0.222.b10-1.el7_7.x86_64/jre/lib/jce.jar:/usr/lib/jvm/java-1.8.0-openjdk-1.8.0.222.b10-1.el7_7.x86_64/jre/lib/charsets.jar:/usr/lib/jvm/java-1.8.0-openjdk-1.8.0.222.b10-1.el7_7.x86_64/jre/lib/jfr.jar:/usr/lib/jvm/java-1.8.0-openjdk-1.8.0.222.b10-1.el7_7.x86_64/jre/classes"/>
    <property name="sun.management.compiler" value="HotSpot 64-Bit Tiered Compilers"/>
    <property name="java.runtime.version" value="1.8.0_222-b10"/>
    <property name="java.net.preferIPv4Stack" value="true"/>
    <property name="user.name" value="jenkins1000"/>
    <property name="path.separator" value=":"/>
    <property name="java.security.egd" value="file:///dev/urandom"/>
    <property name="os.version" value="3.10.0-957.12.2.el7.x86_64"/>
    <property name="java.endorsed.dirs" value="/usr/lib/jvm/java-1.8.0-openjdk-1.8.0.222.b10-1.el7_7.x86_64/jre/lib/endorsed"/>
    <property name="java.runtime.name" value="OpenJDK Runtime Environment"/>
    <property name="file.encoding" value="ANSI_X3.4-1968"/>
    <property name="java.vm.name" value="OpenJDK 64-Bit Server VM"/>
    <property name="test.build.webapps" value=""/>
    <property name="localRepository" value="/home/user/.m2/repository"/>
    <property name="java.vendor.url.bug" value="http://bugreport.sun.com/bugreport/"/>
    <property name="java.io.tmpdir" value="/tmp"/>
    <property name="require.test.libhadoop" value=""/>
    <property name="java.version" value="1.8.0_222"/>
    <property name="user.dir" value="/workdir/hadoop-ozone/tools"/>
    <property name="os.arch" value="amd64"/>
    <property name="java.vm.specification.name" value="Java Virtual Machine Specification"/>
    <property name="test.build.classes" value="/workdir/hadoop-ozone/tools/target/test-classes"/>
    <property name="java.awt.printerjob" value="sun.print.PSPrinterJob"/>
    <property name="sun.os.patch.level" value="unknown"/>
    <property name="hadoop.tmp.dir" value="/workdir/hadoop-ozone/tools/target/tmp"/>
    <property name="java.library.path" value="/usr/lib:/workdir/hadoop-ozone/tools/target/native/target/usr/local/lib:/workdir/hadoop-ozone/tools/../../hadoop-common-project/hadoop-common/target/native/target/usr/local/lib:/usr/java/packages/lib/amd64:/usr/lib64:/lib64:/lib:/usr/lib"/>
    <property name="java.vm.info" value="mixed mode"/>
    <property name="java.vendor" value="Oracle Corporation"/>
    <property name="java.vm.version" value="25.222-b10"/>
    <property name="java.ext.dirs" value="/usr/lib/jvm/java-1.8.0-openjdk-1.8.0.222.b10-1.el7_7.x86_64/jre/lib/ext:/usr/java/packages/lib/ext"/>
    <property name="sun.io.unicode.encoding" value="UnicodeLittle"/>
    <property name="java.class.version" value="52.0"/>
  </properties>
  <testcase name="testRestart" classname="org.apache.hadoop.ozone.freon.TestFreonWithPipelineDestroy" time="18.989">
    <error message="INTERNAL_ERROR org.apache.hadoop.ozone.om.exceptions.OMException: Allocated 0 blocks. Requested 5 blocks" type="java.lang.RuntimeException">java.lang.RuntimeException: INTERNAL_ERROR org.apache.hadoop.ozone.om.exceptions.OMException: Allocated 0 blocks. Requested 5 blocks
	at org.apache.hadoop.ozone.freon.RandomKeyGenerator.call(RandomKeyGenerator.java:341)
	at org.apache.hadoop.ozone.freon.TestFreonWithPipelineDestroy.startFreon(TestFreonWithPipelineDestroy.java:87)
	at org.apache.hadoop.ozone.freon.TestFreonWithPipelineDestroy.testRestart(TestFreonWithPipelineDestroy.java:74)
	at sun.reflect.NativeMethodAccessorImpl.invoke0(Native Method)
	at sun.reflect.NativeMethodAccessorImpl.invoke(NativeMethodAccessorImpl.java:62)
	at sun.reflect.DelegatingMethodAccessorImpl.invoke(DelegatingMethodAccessorImpl.java:43)
	at java.lang.reflect.Method.invoke(Method.java:498)
	at org.junit.runners.model.FrameworkMethod$1.runReflectiveCall(FrameworkMethod.java:47)
	at org.junit.internal.runners.model.ReflectiveCallable.run(ReflectiveCallable.java:12)
	at org.junit.runners.model.FrameworkMethod.invokeExplosively(FrameworkMethod.java:44)
	at org.junit.internal.runners.statements.InvokeMethod.evaluate(InvokeMethod.java:17)
	at org.junit.runners.ParentRunner.runLeaf(ParentRunner.java:271)
	at org.junit.runners.BlockJUnit4ClassRunner.runChild(BlockJUnit4ClassRunner.java:70)
	at org.junit.runners.BlockJUnit4ClassRunner.runChild(BlockJUnit4ClassRunner.java:50)
	at org.junit.runners.ParentRunner$3.run(ParentRunner.java:238)
	at org.junit.runners.ParentRunner$1.schedule(ParentRunner.java:63)
	at org.junit.runners.ParentRunner.runChildren(ParentRunner.java:236)
	at org.junit.runners.ParentRunner.access$000(ParentRunner.java:53)
	at org.junit.runners.ParentRunner$2.evaluate(ParentRunner.java:229)
	at org.junit.internal.runners.statements.RunBefores.evaluate(RunBefores.java:26)
	at org.junit.internal.runners.statements.RunAfters.evaluate(RunAfters.java:27)
	at org.junit.runners.ParentRunner.run(ParentRunner.java:309)
	at org.apache.maven.surefire.junit4.JUnit4Provider.execute(JUnit4Provider.java:365)
	at org.apache.maven.surefire.junit4.JUnit4Provider.executeWithRerun(JUnit4Provider.java:273)
	at org.apache.maven.surefire.junit4.JUnit4Provider.executeTestSet(JUnit4Provider.java:238)
	at org.apache.maven.surefire.junit4.JUnit4Provider.invoke(JUnit4Provider.java:159)
	at org.apache.maven.surefire.booter.ForkedBooter.invokeProviderInSameClassLoader(ForkedBooter.java:384)
	at org.apache.maven.surefire.booter.ForkedBooter.runSuitesInProcess(ForkedBooter.java:345)
	at org.apache.maven.surefire.booter.ForkedBooter.execute(ForkedBooter.java:126)
	at org.apache.maven.surefire.booter.ForkedBooter.main(ForkedBooter.java:418)
Caused by: INTERNAL_ERROR org.apache.hadoop.ozone.om.exceptions.OMException: Allocated 0 blocks. Requested 5 blocks
	at org.apache.hadoop.ozone.om.protocolPB.OzoneManagerProtocolClientSideTranslatorPB.handleError(OzoneManagerProtocolClientSideTranslatorPB.java:761)
	at org.apache.hadoop.ozone.om.protocolPB.OzoneManagerProtocolClientSideTranslatorPB.openKey(OzoneManagerProtocolClientSideTranslatorPB.java:752)
	at sun.reflect.NativeMethodAccessorImpl.invoke0(Native Method)
	at sun.reflect.NativeMethodAccessorImpl.invoke(NativeMethodAccessorImpl.java:62)
	at sun.reflect.DelegatingMethodAccessorImpl.invoke(DelegatingMethodAccessorImpl.java:43)
	at java.lang.reflect.Method.invoke(Method.java:498)
	at org.apache.hadoop.hdds.tracing.TraceAllMethod.invoke(TraceAllMethod.java:66)
	at com.sun.proxy.$Proxy37.openKey(Unknown Source)
	at org.apache.hadoop.ozone.client.rpc.RpcClient.createKey(RpcClient.java:633)
	at org.apache.hadoop.ozone.client.OzoneBucket.createKey(OzoneBucket.java:325)
	at org.apache.hadoop.ozone.freon.RandomKeyGenerator.createKey(RandomKeyGenerator.java:697)
	at org.apache.hadoop.ozone.freon.RandomKeyGenerator.access$1100(RandomKeyGenerator.java:88)
	at org.apache.hadoop.ozone.freon.RandomKeyGenerator$ObjectCreator.run(RandomKeyGenerator.java:615)
	at java.util.concurrent.Executors$RunnableAdapter.call(Executors.java:511)
	at java.util.concurrent.FutureTask.run(FutureTask.java:266)
	at java.util.concurrent.ThreadPoolExecutor.runWorker(ThreadPoolExecutor.java:1149)
	at java.util.concurrent.ThreadPoolExecutor$Worker.run(ThreadPoolExecutor.java:624)
	at java.lang.Thread.run(Thread.java:748)
</error>
    <system-out><![CDATA[2019-11-17 12:02:00,041 [main] WARN  server.ServerUtils (ServerUtils.java:getScmDbDir(145)) - ozone.scm.db.dirs is not configured. We recommend adding this setting. Falling back to ozone.metadata.dirs instead.
2019-11-17 12:02:00,148 [main] WARN  server.ServerUtils (ServerUtils.java:getScmDbDir(145)) - ozone.scm.db.dirs is not configured. We recommend adding this setting. Falling back to ozone.metadata.dirs instead.
2019-11-17 12:02:00,151 [main] WARN  server.ServerUtils (ServerUtils.java:getScmDbDir(145)) - ozone.scm.db.dirs is not configured. We recommend adding this setting. Falling back to ozone.metadata.dirs instead.
2019-11-17 12:02:00,183 [main] INFO  util.log (Log.java:initialized(192)) - Logging initialized @878ms
2019-11-17 12:02:00,296 [main] INFO  db.DBStoreBuilder (DBStoreBuilder.java:addTable(127)) - using custom profile for table: deletedBlocks
2019-11-17 12:02:00,297 [main] INFO  db.DBStoreBuilder (DBStoreBuilder.java:processTables(183)) - Using default column profile:DBProfile.DISK for Table:deletedBlocks
2019-11-17 12:02:00,297 [main] INFO  db.DBStoreBuilder (DBStoreBuilder.java:addTable(127)) - using custom profile for table: validCerts
2019-11-17 12:02:00,298 [main] INFO  db.DBStoreBuilder (DBStoreBuilder.java:processTables(183)) - Using default column profile:DBProfile.DISK for Table:validCerts
2019-11-17 12:02:00,298 [main] INFO  db.DBStoreBuilder (DBStoreBuilder.java:addTable(127)) - using custom profile for table: revokedCerts
2019-11-17 12:02:00,298 [main] INFO  db.DBStoreBuilder (DBStoreBuilder.java:processTables(183)) - Using default column profile:DBProfile.DISK for Table:revokedCerts
2019-11-17 12:02:00,309 [main] INFO  db.DBStoreBuilder (DBStoreBuilder.java:addTable(127)) - using custom profile for table: default
2019-11-17 12:02:00,310 [main] INFO  db.DBStoreBuilder (DBStoreBuilder.java:processTables(189)) - Using default column profile:DBProfile.DISK for Table:default
2019-11-17 12:02:00,311 [main] INFO  db.DBStoreBuilder (DBStoreBuilder.java:getDbProfile(220)) - Using default options. DBProfile.DISK
2019-11-17 12:02:00,668 [main] INFO  net.NodeSchemaLoader (NodeSchemaLoader.java:loadSchemaFromFile(125)) - Loading file from sun.misc.CompoundEnumeration@5e0e82ae
2019-11-17 12:02:00,670 [main] INFO  net.NodeSchemaLoader (NodeSchemaLoader.java:loadSchema(171)) - Loading network topology layer schema file
2019-11-17 12:02:00,733 [main] INFO  node.SCMNodeManager (SCMNodeManager.java:<init>(116)) - Entering startup safe mode.
2019-11-17 12:02:00,798 [main] INFO  algorithms.ContainerPlacementPolicyFactory (ContainerPlacementPolicyFactory.java:getPolicy(57)) - Create container placement policy of type org.apache.hadoop.hdds.scm.container.placement.algorithms.SCMContainerPlacementRandom
2019-11-17 12:02:00,814 [main] WARN  server.ServerUtils (ServerUtils.java:getScmDbDir(145)) - ozone.scm.db.dirs is not configured. We recommend adding this setting. Falling back to ozone.metadata.dirs instead.
2019-11-17 12:02:00,930 [main] INFO  pipeline.SCMPipelineManager (SCMPipelineManager.java:initializePipelineState(136)) - No pipeline exists in current db
2019-11-17 12:02:00,933 [main] WARN  server.ServerUtils (ServerUtils.java:getScmDbDir(145)) - ozone.scm.db.dirs is not configured. We recommend adding this setting. Falling back to ozone.metadata.dirs instead.
2019-11-17 12:02:01,080 [main] INFO  safemode.HealthyPipelineSafeModeRule (HealthyPipelineSafeModeRule.java:<init>(92)) -  Total pipeline count is 0, healthy pipeline threshold count is 1
2019-11-17 12:02:01,084 [main] INFO  safemode.OneReplicaPipelineSafeModeRule (OneReplicaPipelineSafeModeRule.java:<init>(79)) - Total pipeline count is 0, pipeline's with at least one datanode reported threshold count is 0
2019-11-17 12:02:01,084 [main] WARN  events.EventQueue (EventQueue.java:fireEvent(183)) - No event handler registered for event TypedEvent{payloadType=SafeModeStatus, name='SafeModeStatus'}
2019-11-17 12:02:01,454 [main] INFO  ipc.CallQueueManager (CallQueueManager.java:<init>(84)) - Using callQueue: class java.util.concurrent.LinkedBlockingQueue, queueCapacity: 2000, scheduler: class org.apache.hadoop.ipc.DefaultRpcScheduler, ipcBackoff: false.
2019-11-17 12:02:01,601 [Socket Reader #1 for port 34928] INFO  ipc.Server (Server.java:run(1074)) - Starting Socket Reader #1 for port 34928
2019-11-17 12:02:01,636 [main] INFO  ipc.CallQueueManager (CallQueueManager.java:<init>(84)) - Using callQueue: class java.util.concurrent.LinkedBlockingQueue, queueCapacity: 2000, scheduler: class org.apache.hadoop.ipc.DefaultRpcScheduler, ipcBackoff: false.
2019-11-17 12:02:01,637 [Socket Reader #1 for port 39907] INFO  ipc.Server (Server.java:run(1074)) - Starting Socket Reader #1 for port 39907
2019-11-17 12:02:01,646 [main] INFO  ipc.CallQueueManager (CallQueueManager.java:<init>(84)) - Using callQueue: class java.util.concurrent.LinkedBlockingQueue, queueCapacity: 2000, scheduler: class org.apache.hadoop.ipc.DefaultRpcScheduler, ipcBackoff: false.
2019-11-17 12:02:01,648 [Socket Reader #1 for port 39108] INFO  ipc.Server (Server.java:run(1074)) - Starting Socket Reader #1 for port 39108
2019-11-17 12:02:01,689 [main] INFO  hdfs.DFSUtil (DFSUtil.java:httpServerTemplateForNNAndJN(1641)) - Starting Web-server for scm at: http://0.0.0.0:0
2019-11-17 12:02:01,872 [main] INFO  server.AuthenticationFilter (AuthenticationFilter.java:constructSecretProvider(240)) - Unable to initialize FileSignerSecretProvider, falling back to use random secrets.
2019-11-17 12:02:01,891 [main] WARN  http.HttpRequestLog (HttpRequestLog.java:getRequestLog(97)) - Jetty request log can only be enabled using Log4j
2019-11-17 12:02:01,903 [main] INFO  http.HttpServer2 (HttpServer2.java:addGlobalFilter(975)) - Added global filter 'safety' (class=org.apache.hadoop.http.HttpServer2$QuotingInputFilter)
2019-11-17 12:02:01,906 [main] INFO  http.HttpServer2 (HttpServer2.java:addFilter(948)) - Added filter static_user_filter (class=org.apache.hadoop.http.lib.StaticUserWebFilter$StaticUserFilter) to context scm
2019-11-17 12:02:01,906 [main] INFO  http.HttpServer2 (HttpServer2.java:addFilter(958)) - Added filter static_user_filter (class=org.apache.hadoop.http.lib.StaticUserWebFilter$StaticUserFilter) to context static
2019-11-17 12:02:01,906 [main] INFO  http.HttpServer2 (HttpServer2.java:addFilter(958)) - Added filter static_user_filter (class=org.apache.hadoop.http.lib.StaticUserWebFilter$StaticUserFilter) to context logs
2019-11-17 12:02:01,935 [main] INFO  server.StorageContainerManager (StorageContainerManager.java:start(765)) - StorageContainerLocationProtocol RPC server is listening at /0.0.0.0:39108
2019-11-17 12:02:01,984 [main] WARN  impl.MetricsConfig (MetricsConfig.java:loadFirst(134)) - Cannot locate configuration: tried hadoop-metrics2-storagecontainermanager.properties,hadoop-metrics2.properties
2019-11-17 12:02:01,997 [main] INFO  impl.MetricsSystemImpl (MetricsSystemImpl.java:startTimer(374)) - Scheduled Metric snapshot period at 10 second(s).
2019-11-17 12:02:01,997 [main] INFO  impl.MetricsSystemImpl (MetricsSystemImpl.java:start(191)) - StorageContainerManager metrics system started
2019-11-17 12:02:02,223 [main] INFO  server.SCMClientProtocolServer (SCMClientProtocolServer.java:start(160)) - RPC server for Client  is listening at /0.0.0.0:39108
2019-11-17 12:02:02,224 [IPC Server Responder] INFO  ipc.Server (Server.java:run(1314)) - IPC Server Responder: starting
2019-11-17 12:02:02,224 [IPC Server listener on 39108] INFO  ipc.Server (Server.java:run(1153)) - IPC Server listener on 39108: starting
2019-11-17 12:02:02,227 [main] INFO  server.StorageContainerManager (StorageContainerManager.java:start(775)) - ScmBlockLocationProtocol RPC server is listening at /0.0.0.0:39907
2019-11-17 12:02:02,227 [main] INFO  server.SCMBlockProtocolServer (SCMBlockProtocolServer.java:start(146)) - RPC server for Block Protocol is listening at /0.0.0.0:39907
2019-11-17 12:02:02,228 [IPC Server listener on 39907] INFO  ipc.Server (Server.java:run(1153)) - IPC Server listener on 39907: starting
2019-11-17 12:02:02,228 [IPC Server Responder] INFO  ipc.Server (Server.java:run(1314)) - IPC Server Responder: starting
2019-11-17 12:02:02,230 [main] INFO  server.StorageContainerManager (StorageContainerManager.java:start(779)) - ScmDatanodeProtocl RPC server is listening at /0.0.0.0:34928
2019-11-17 12:02:02,231 [main] INFO  server.SCMDatanodeProtocolServer (SCMDatanodeProtocolServer.java:start(177)) - RPC server for DataNodes is listening at /0.0.0.0:34928
2019-11-17 12:02:02,231 [IPC Server Responder] INFO  ipc.Server (Server.java:run(1314)) - IPC Server Responder: starting
2019-11-17 12:02:02,231 [IPC Server listener on 34928] INFO  ipc.Server (Server.java:run(1153)) - IPC Server listener on 34928: starting
2019-11-17 12:02:02,235 [main] INFO  http.HttpServer2 (HttpServer2.java:bindListener(1191)) - Jetty bound to port 42017
2019-11-17 12:02:02,236 [main] INFO  server.Server (Server.java:doStart(351)) - jetty-9.3.25.v20180904, build timestamp: 2018-09-04T21:11:46Z, git hash: 3ce520221d0240229c862b122d2b06c12a625732
2019-11-17 12:02:02,269 [main] INFO  handler.ContextHandler (ContextHandler.java:doStart(781)) - Started o.e.j.s.ServletContextHandler@4bff64c2{/logs,file:///workdir/hadoop-ozone/tools/target/log,AVAILABLE}
2019-11-17 12:02:02,269 [main] INFO  handler.ContextHandler (ContextHandler.java:doStart(781)) - Started o.e.j.s.ServletContextHandler@3cc41abc{/static,jar:file:/home/user/.m2/repository/org/apache/hadoop/hadoop-hdds-server-scm/0.5.0-SNAPSHOT/hadoop-hdds-server-scm-0.5.0-SNAPSHOT.jar!/webapps/static,AVAILABLE}
2019-11-17 12:02:02,339 [main] INFO  handler.ContextHandler (ContextHandler.java:doStart(781)) - Started o.e.j.w.WebAppContext@5922ae77{/,file:///tmp/jetty-0.0.0.0-42017-scm-_-any-3092065295142192310.dir/webapp/,AVAILABLE}{/scm}
2019-11-17 12:02:02,344 [main] INFO  server.AbstractConnector (AbstractConnector.java:doStart(278)) - Started ServerConnector@21362712{HTTP/1.1,[http/1.1]}{0.0.0.0:42017}
2019-11-17 12:02:02,345 [main] INFO  server.Server (Server.java:doStart(419)) - Started @3040ms
2019-11-17 12:02:02,347 [main] INFO  impl.MetricsSinkAdapter (MetricsSinkAdapter.java:start(204)) - Sink prometheus started
2019-11-17 12:02:02,347 [main] INFO  impl.MetricsSystemImpl (MetricsSystemImpl.java:registerSink(301)) - Registered sink prometheus
2019-11-17 12:02:02,349 [main] INFO  server.BaseHttpServer (BaseHttpServer.java:updateConnectorAddress(215)) - HTTP server of SCM is listening at http://0.0.0.0:42017
2019-11-17 12:02:02,360 [org.apache.hadoop.util.JvmPauseMonitor$Monitor@56b78e55] INFO  util.JvmPauseMonitor (JvmPauseMonitor.java:run(188)) - Starting JVM pause monitor
2019-11-17 12:02:02,365 [main] WARN  server.ServerUtils (ServerUtils.java:getDBPath(222)) - ozone.om.db.dirs is not configured. We recommend adding this setting. Falling back to ozone.metadata.dirs instead.
2019-11-17 12:02:02,508 [main] INFO  ha.OMHANodeDetails (OMHANodeDetails.java:loadOMHAConfig(190)) - Configuration either no ozone.om.address set. Falling back to the default OM address /127.0.0.1:0
2019-11-17 12:02:02,508 [main] INFO  ha.OMHANodeDetails (OMHANodeDetails.java:getOMNodeDetails(220)) - OM Service ID is not set. Setting it to the default ID: omServiceIdDefault
2019-11-17 12:02:02,510 [main] WARN  server.ServerUtils (ServerUtils.java:getDBPath(222)) - ozone.om.db.dirs is not configured. We recommend adding this setting. Falling back to ozone.metadata.dirs instead.
2019-11-17 12:02:02,511 [main] WARN  server.ServerUtils (ServerUtils.java:getDBPath(222)) - ozone.om.db.dirs is not configured. We recommend adding this setting. Falling back to ozone.metadata.dirs instead.
2019-11-17 12:02:03,156 [main] WARN  server.ServerUtils (ServerUtils.java:getDBPath(222)) - ozone.om.db.dirs is not configured. We recommend adding this setting. Falling back to ozone.metadata.dirs instead.
2019-11-17 12:02:03,164 [main] INFO  db.DBStoreBuilder (DBStoreBuilder.java:addTable(127)) - using custom profile for table: userTable
2019-11-17 12:02:03,164 [main] INFO  db.DBStoreBuilder (DBStoreBuilder.java:processTables(183)) - Using default column profile:DBProfile.DISK for Table:userTable
2019-11-17 12:02:03,165 [main] INFO  db.DBStoreBuilder (DBStoreBuilder.java:addTable(127)) - using custom profile for table: volumeTable
2019-11-17 12:02:03,165 [main] INFO  db.DBStoreBuilder (DBStoreBuilder.java:processTables(183)) - Using default column profile:DBProfile.DISK for Table:volumeTable
2019-11-17 12:02:03,165 [main] INFO  db.DBStoreBuilder (DBStoreBuilder.java:addTable(127)) - using custom profile for table: bucketTable
2019-11-17 12:02:03,165 [main] INFO  db.DBStoreBuilder (DBStoreBuilder.java:processTables(183)) - Using default column profile:DBProfile.DISK for Table:bucketTable
2019-11-17 12:02:03,166 [main] INFO  db.DBStoreBuilder (DBStoreBuilder.java:addTable(127)) - using custom profile for table: keyTable
2019-11-17 12:02:03,166 [main] INFO  db.DBStoreBuilder (DBStoreBuilder.java:processTables(183)) - Using default column profile:DBProfile.DISK for Table:keyTable
2019-11-17 12:02:03,166 [main] INFO  db.DBStoreBuilder (DBStoreBuilder.java:addTable(127)) - using custom profile for table: deletedTable
2019-11-17 12:02:03,166 [main] INFO  db.DBStoreBuilder (DBStoreBuilder.java:processTables(183)) - Using default column profile:DBProfile.DISK for Table:deletedTable
2019-11-17 12:02:03,167 [main] INFO  db.DBStoreBuilder (DBStoreBuilder.java:addTable(127)) - using custom profile for table: openKeyTable
2019-11-17 12:02:03,167 [main] INFO  db.DBStoreBuilder (DBStoreBuilder.java:processTables(183)) - Using default column profile:DBProfile.DISK for Table:openKeyTable
2019-11-17 12:02:03,167 [main] INFO  db.DBStoreBuilder (DBStoreBuilder.java:addTable(127)) - using custom profile for table: s3Table
2019-11-17 12:02:03,167 [main] INFO  db.DBStoreBuilder (DBStoreBuilder.java:processTables(183)) - Using default column profile:DBProfile.DISK for Table:s3Table
2019-11-17 12:02:03,168 [main] INFO  db.DBStoreBuilder (DBStoreBuilder.java:addTable(127)) - using custom profile for table: multipartInfoTable
2019-11-17 12:02:03,168 [main] INFO  db.DBStoreBuilder (DBStoreBuilder.java:processTables(183)) - Using default column profile:DBProfile.DISK for Table:multipartInfoTable
2019-11-17 12:02:03,168 [main] INFO  db.DBStoreBuilder (DBStoreBuilder.java:addTable(127)) - using custom profile for table: dTokenTable
2019-11-17 12:02:03,168 [main] INFO  db.DBStoreBuilder (DBStoreBuilder.java:processTables(183)) - Using default column profile:DBProfile.DISK for Table:dTokenTable
2019-11-17 12:02:03,169 [main] INFO  db.DBStoreBuilder (DBStoreBuilder.java:addTable(127)) - using custom profile for table: s3SecretTable
2019-11-17 12:02:03,169 [main] INFO  db.DBStoreBuilder (DBStoreBuilder.java:processTables(183)) - Using default column profile:DBProfile.DISK for Table:s3SecretTable
2019-11-17 12:02:03,169 [main] INFO  db.DBStoreBuilder (DBStoreBuilder.java:addTable(127)) - using custom profile for table: prefixTable
2019-11-17 12:02:03,169 [main] INFO  db.DBStoreBuilder (DBStoreBuilder.java:processTables(183)) - Using default column profile:DBProfile.DISK for Table:prefixTable
2019-11-17 12:02:03,170 [main] INFO  db.DBStoreBuilder (DBStoreBuilder.java:addTable(127)) - using custom profile for table: default
2019-11-17 12:02:03,170 [main] INFO  db.DBStoreBuilder (DBStoreBuilder.java:processTables(189)) - Using default column profile:DBProfile.DISK for Table:default
2019-11-17 12:02:03,170 [main] INFO  db.DBStoreBuilder (DBStoreBuilder.java:getDbProfile(220)) - Using default options. DBProfile.DISK
2019-11-17 12:02:03,834 [main] INFO  ipc.CallQueueManager (CallQueueManager.java:<init>(84)) - Using callQueue: class java.util.concurrent.LinkedBlockingQueue, queueCapacity: 2000, scheduler: class org.apache.hadoop.ipc.DefaultRpcScheduler, ipcBackoff: false.
2019-11-17 12:02:03,835 [Socket Reader #1 for port 36883] INFO  ipc.Server (Server.java:run(1074)) - Starting Socket Reader #1 for port 36883
2019-11-17 12:02:03,856 [main] INFO  om.OzoneManager (OzoneManager.java:start(1077)) - OzoneManager RPC server is listening at localhost/127.0.0.1:36883
2019-11-17 12:02:03,856 [main] INFO  impl.MetricsSystemImpl (MetricsSystemImpl.java:init(158)) - OzoneManager metrics system started (again)
2019-11-17 12:02:03,864 [IPC Server Responder] INFO  ipc.Server (Server.java:run(1314)) - IPC Server Responder: starting
2019-11-17 12:02:03,864 [IPC Server listener on 36883] INFO  ipc.Server (Server.java:run(1153)) - IPC Server listener on 36883: starting
2019-11-17 12:02:03,870 [main] INFO  hdfs.DFSUtil (DFSUtil.java:httpServerTemplateForNNAndJN(1641)) - Starting Web-server for ozoneManager at: http://0.0.0.0:0
2019-11-17 12:02:03,872 [main] INFO  server.AuthenticationFilter (AuthenticationFilter.java:constructSecretProvider(240)) - Unable to initialize FileSignerSecretProvider, falling back to use random secrets.
2019-11-17 12:02:03,872 [main] WARN  http.HttpRequestLog (HttpRequestLog.java:getRequestLog(97)) - Jetty request log can only be enabled using Log4j
2019-11-17 12:02:03,874 [main] INFO  http.HttpServer2 (HttpServer2.java:addGlobalFilter(975)) - Added global filter 'safety' (class=org.apache.hadoop.http.HttpServer2$QuotingInputFilter)
2019-11-17 12:02:03,875 [main] INFO  http.HttpServer2 (HttpServer2.java:addFilter(948)) - Added filter static_user_filter (class=org.apache.hadoop.http.lib.StaticUserWebFilter$StaticUserFilter) to context ozoneManager
2019-11-17 12:02:03,875 [main] INFO  http.HttpServer2 (HttpServer2.java:addFilter(958)) - Added filter static_user_filter (class=org.apache.hadoop.http.lib.StaticUserWebFilter$StaticUserFilter) to context static
2019-11-17 12:02:03,875 [main] INFO  http.HttpServer2 (HttpServer2.java:addFilter(958)) - Added filter static_user_filter (class=org.apache.hadoop.http.lib.StaticUserWebFilter$StaticUserFilter) to context logs
2019-11-17 12:02:03,877 [main] INFO  http.HttpServer2 (HttpServer2.java:bindListener(1191)) - Jetty bound to port 39535
2019-11-17 12:02:03,878 [main] INFO  server.Server (Server.java:doStart(351)) - jetty-9.3.25.v20180904, build timestamp: 2018-09-04T21:11:46Z, git hash: 3ce520221d0240229c862b122d2b06c12a625732
2019-11-17 12:02:03,880 [main] INFO  handler.ContextHandler (ContextHandler.java:doStart(781)) - Started o.e.j.s.ServletContextHandler@51751e5f{/logs,file:///workdir/hadoop-ozone/tools/target/log,AVAILABLE}
2019-11-17 12:02:03,880 [main] INFO  handler.ContextHandler (ContextHandler.java:doStart(781)) - Started o.e.j.s.ServletContextHandler@7068f7ca{/static,jar:file:/home/user/.m2/repository/org/apache/hadoop/hadoop-ozone-ozone-manager/0.5.0-SNAPSHOT/hadoop-ozone-ozone-manager-0.5.0-SNAPSHOT.jar!/webapps/static,AVAILABLE}
2019-11-17 12:02:03,930 [main] INFO  handler.ContextHandler (ContextHandler.java:doStart(781)) - Started o.e.j.w.WebAppContext@44f3fe83{/,file:///tmp/jetty-0.0.0.0-39535-ozoneManager-_-any-5622276058196988481.dir/webapp/,AVAILABLE}{/ozoneManager}
2019-11-17 12:02:03,931 [main] INFO  server.AbstractConnector (AbstractConnector.java:doStart(278)) - Started ServerConnector@44c5a16f{HTTP/1.1,[http/1.1]}{0.0.0.0:39535}
2019-11-17 12:02:03,931 [main] INFO  server.Server (Server.java:doStart(419)) - Started @4626ms
2019-11-17 12:02:03,932 [main] WARN  impl.MetricsSystemImpl (MetricsSystemImpl.java:register(276)) - Sink prometheus already exists!
2019-11-17 12:02:03,933 [main] INFO  server.BaseHttpServer (BaseHttpServer.java:updateConnectorAddress(215)) - HTTP server of OZONEMANAGER is listening at http://0.0.0.0:39535
2019-11-17 12:02:04,229 [main] INFO  impl.MetricsSystemImpl (MetricsSystemImpl.java:init(158)) - HddsDatanode metrics system started (again)
2019-11-17 12:02:04,279 [main] INFO  ozone.HddsDatanodeService (HddsDatanodeService.java:start(186)) - HddsDatanodeService host:pr-hdds-2521-s74hp-2299638293 ip:192.168.157.219
2019-11-17 12:02:04,316 [main] INFO  volume.HddsVolume (HddsVolume.java:<init>(176)) - Creating Volume: /workdir/hadoop-ozone/tools/target/test-dir/MiniOzoneClusterImpl-d38b15b7-9bf0-47ba-b733-12768a69acc7/datanode-0/data/containers/hdds of  storage type : DISK and capacity : 1482555576320
2019-11-17 12:02:04,318 [main] INFO  volume.VolumeSet (VolumeSet.java:initializeVolumeSet(170)) - Added Volume : /workdir/hadoop-ozone/tools/target/test-dir/MiniOzoneClusterImpl-d38b15b7-9bf0-47ba-b733-12768a69acc7/datanode-0/data/containers/hdds to VolumeSet
2019-11-17 12:02:04,321 [main] INFO  volume.ThrottledAsyncChecker (ThrottledAsyncChecker.java:schedule(141)) - Scheduling a check for /workdir/hadoop-ozone/tools/target/test-dir/MiniOzoneClusterImpl-d38b15b7-9bf0-47ba-b733-12768a69acc7/datanode-0/data/containers/hdds
2019-11-17 12:02:04,340 [main] INFO  volume.HddsVolumeChecker (HddsVolumeChecker.java:checkAllVolumes(204)) - Scheduled health check for volume /workdir/hadoop-ozone/tools/target/test-dir/MiniOzoneClusterImpl-d38b15b7-9bf0-47ba-b733-12768a69acc7/datanode-0/data/containers/hdds
2019-11-17 12:02:04,442 [main] INFO  impl.RaftServerProxy (ConfUtils.java:logGet(43)) - raft.rpc.type = GRPC (default)
2019-11-17 12:02:04,505 [main] INFO  grpc.GrpcFactory (GrpcFactory.java:checkPooledByteBufAllocatorUseCacheForAllThreads(45)) - PERFORMANCE WARNING: useCacheForAllThreads is true that may cause Netty to create a lot garbage objects and, as a result, trigger GC.
	It is recommended to disable useCacheForAllThreads by setting -Dorg.apache.ratis.thirdparty.io.netty.allocator.useCacheForAllThreads=false in command line.
2019-11-17 12:02:04,510 [main] INFO  grpc.GrpcConfigKeys$Server (ConfUtils.java:logGet(43)) - raft.grpc.server.port = 0 (default)
2019-11-17 12:02:04,511 [main] INFO  server.GrpcService (ConfUtils.java:logGet(43)) - raft.grpc.message.size.max = 33570816 (custom)
2019-11-17 12:02:04,513 [main] INFO  server.RaftServerConfigKeys (ConfUtils.java:logGet(43)) - raft.server.log.appender.buffer.byte-limit = 33554432 (custom)
2019-11-17 12:02:04,514 [main] INFO  server.GrpcService (ConfUtils.java:logGet(43)) - raft.grpc.flow.control.window = 1MB (=1048576) (default)
2019-11-17 12:02:04,514 [main] INFO  server.RaftServerConfigKeys (ConfUtils.java:logGet(43)) - raft.server.rpc.request.timeout = 3000ms (default)
2019-11-17 12:02:04,694 [main] INFO  server.RaftServerConfigKeys (ConfUtils.java:logGet(43)) - raft.server.storage.dir = [/workdir/hadoop-ozone/tools/target/test-dir/MiniOzoneClusterImpl-d38b15b7-9bf0-47ba-b733-12768a69acc7/datanode-0/data/ratis] (custom)
2019-11-17 12:02:04,759 [main] INFO  hdfs.DFSUtil (DFSUtil.java:httpServerTemplateForNNAndJN(1641)) - Starting Web-server for hddsDatanode at: http://0.0.0.0:0
2019-11-17 12:02:04,764 [main] INFO  server.AuthenticationFilter (AuthenticationFilter.java:constructSecretProvider(240)) - Unable to initialize FileSignerSecretProvider, falling back to use random secrets.
2019-11-17 12:02:04,765 [main] WARN  http.HttpRequestLog (HttpRequestLog.java:getRequestLog(97)) - Jetty request log can only be enabled using Log4j
2019-11-17 12:02:04,769 [main] INFO  http.HttpServer2 (HttpServer2.java:addGlobalFilter(975)) - Added global filter 'safety' (class=org.apache.hadoop.http.HttpServer2$QuotingInputFilter)
2019-11-17 12:02:04,771 [main] INFO  http.HttpServer2 (HttpServer2.java:addFilter(948)) - Added filter static_user_filter (class=org.apache.hadoop.http.lib.StaticUserWebFilter$StaticUserFilter) to context hddsDatanode
2019-11-17 12:02:04,771 [main] INFO  http.HttpServer2 (HttpServer2.java:addFilter(958)) - Added filter static_user_filter (class=org.apache.hadoop.http.lib.StaticUserWebFilter$StaticUserFilter) to context logs
2019-11-17 12:02:04,772 [main] INFO  http.HttpServer2 (HttpServer2.java:addFilter(958)) - Added filter static_user_filter (class=org.apache.hadoop.http.lib.StaticUserWebFilter$StaticUserFilter) to context static
2019-11-17 12:02:04,775 [main] INFO  http.HttpServer2 (HttpServer2.java:bindListener(1191)) - Jetty bound to port 43797
2019-11-17 12:02:04,775 [main] INFO  server.Server (Server.java:doStart(351)) - jetty-9.3.25.v20180904, build timestamp: 2018-09-04T21:11:46Z, git hash: 3ce520221d0240229c862b122d2b06c12a625732
2019-11-17 12:02:04,781 [main] INFO  handler.ContextHandler (ContextHandler.java:doStart(781)) - Started o.e.j.s.ServletContextHandler@20cece0b{/logs,file:///workdir/hadoop-ozone/tools/target/log,AVAILABLE}
2019-11-17 12:02:04,782 [main] INFO  handler.ContextHandler (ContextHandler.java:doStart(781)) - Started o.e.j.s.ServletContextHandler@5f038248{/static,jar:file:/home/user/.m2/repository/org/apache/hadoop/hadoop-hdds-container-service/0.5.0-SNAPSHOT/hadoop-hdds-container-service-0.5.0-SNAPSHOT.jar!/webapps/static,AVAILABLE}
2019-11-17 12:02:04,831 [main] INFO  handler.ContextHandler (ContextHandler.java:doStart(781)) - Started o.e.j.w.WebAppContext@2a3194c6{/,file:///tmp/jetty-0.0.0.0-43797-hddsDatanode-_-any-1165803715055471530.dir/webapp/,AVAILABLE}{/hddsDatanode}
2019-11-17 12:02:04,833 [main] INFO  server.AbstractConnector (AbstractConnector.java:doStart(278)) - Started ServerConnector@2819c460{HTTP/1.1,[http/1.1]}{0.0.0.0:43797}
2019-11-17 12:02:04,834 [main] INFO  server.Server (Server.java:doStart(419)) - Started @5529ms
2019-11-17 12:02:04,834 [main] WARN  impl.MetricsSystemImpl (MetricsSystemImpl.java:register(276)) - Sink prometheus already exists!
2019-11-17 12:02:04,835 [main] INFO  server.BaseHttpServer (BaseHttpServer.java:updateConnectorAddress(215)) - HTTP server of HDDSDATANODE is listening at http://0.0.0.0:43797
2019-11-17 12:02:04,837 [main] INFO  impl.MetricsSystemImpl (MetricsSystemImpl.java:init(158)) - HddsDatanode metrics system started (again)
2019-11-17 12:02:04,842 [main] INFO  ozone.HddsDatanodeService (HddsDatanodeService.java:start(186)) - HddsDatanodeService host:pr-hdds-2521-s74hp-2299638293 ip:192.168.157.219
2019-11-17 12:02:04,845 [org.apache.hadoop.util.JvmPauseMonitor$Monitor@2057e6d5] INFO  util.JvmPauseMonitor (JvmPauseMonitor.java:run(188)) - Starting JVM pause monitor
2019-11-17 12:02:04,854 [main] INFO  volume.HddsVolume (HddsVolume.java:<init>(176)) - Creating Volume: /workdir/hadoop-ozone/tools/target/test-dir/MiniOzoneClusterImpl-d38b15b7-9bf0-47ba-b733-12768a69acc7/datanode-1/data/containers/hdds of  storage type : DISK and capacity : 1482555576320
2019-11-17 12:02:04,855 [main] INFO  volume.VolumeSet (VolumeSet.java:initializeVolumeSet(170)) - Added Volume : /workdir/hadoop-ozone/tools/target/test-dir/MiniOzoneClusterImpl-d38b15b7-9bf0-47ba-b733-12768a69acc7/datanode-1/data/containers/hdds to VolumeSet
2019-11-17 12:02:04,855 [main] INFO  volume.ThrottledAsyncChecker (ThrottledAsyncChecker.java:schedule(141)) - Scheduling a check for /workdir/hadoop-ozone/tools/target/test-dir/MiniOzoneClusterImpl-d38b15b7-9bf0-47ba-b733-12768a69acc7/datanode-1/data/containers/hdds
2019-11-17 12:02:04,856 [main] INFO  volume.HddsVolumeChecker (HddsVolumeChecker.java:checkAllVolumes(204)) - Scheduled health check for volume /workdir/hadoop-ozone/tools/target/test-dir/MiniOzoneClusterImpl-d38b15b7-9bf0-47ba-b733-12768a69acc7/datanode-1/data/containers/hdds
2019-11-17 12:02:04,874 [main] INFO  impl.RaftServerProxy (ConfUtils.java:logGet(43)) - raft.rpc.type = GRPC (default)
2019-11-17 12:02:04,875 [main] INFO  grpc.GrpcFactory (GrpcFactory.java:checkPooledByteBufAllocatorUseCacheForAllThreads(45)) - PERFORMANCE WARNING: useCacheForAllThreads is true that may cause Netty to create a lot garbage objects and, as a result, trigger GC.
	It is recommended to disable useCacheForAllThreads by setting -Dorg.apache.ratis.thirdparty.io.netty.allocator.useCacheForAllThreads=false in command line.
2019-11-17 12:02:04,875 [main] INFO  grpc.GrpcConfigKeys$Server (ConfUtils.java:logGet(43)) - raft.grpc.server.port = 0 (default)
2019-11-17 12:02:04,875 [main] INFO  server.GrpcService (ConfUtils.java:logGet(43)) - raft.grpc.message.size.max = 33570816 (custom)
2019-11-17 12:02:04,876 [main] INFO  server.RaftServerConfigKeys (ConfUtils.java:logGet(43)) - raft.server.log.appender.buffer.byte-limit = 33554432 (custom)
2019-11-17 12:02:04,876 [main] INFO  server.GrpcService (ConfUtils.java:logGet(43)) - raft.grpc.flow.control.window = 1MB (=1048576) (default)
2019-11-17 12:02:04,876 [main] INFO  server.RaftServerConfigKeys (ConfUtils.java:logGet(43)) - raft.server.rpc.request.timeout = 3000ms (default)
2019-11-17 12:02:04,877 [main] INFO  server.RaftServerConfigKeys (ConfUtils.java:logGet(43)) - raft.server.storage.dir = [/workdir/hadoop-ozone/tools/target/test-dir/MiniOzoneClusterImpl-d38b15b7-9bf0-47ba-b733-12768a69acc7/datanode-1/data/ratis] (custom)
2019-11-17 12:02:04,879 [main] INFO  hdfs.DFSUtil (DFSUtil.java:httpServerTemplateForNNAndJN(1641)) - Starting Web-server for hddsDatanode at: http://0.0.0.0:0
2019-11-17 12:02:04,881 [main] INFO  server.AuthenticationFilter (AuthenticationFilter.java:constructSecretProvider(240)) - Unable to initialize FileSignerSecretProvider, falling back to use random secrets.
2019-11-17 12:02:04,882 [main] WARN  http.HttpRequestLog (HttpRequestLog.java:getRequestLog(97)) - Jetty request log can only be enabled using Log4j
2019-11-17 12:02:04,884 [main] INFO  http.HttpServer2 (HttpServer2.java:addGlobalFilter(975)) - Added global filter 'safety' (class=org.apache.hadoop.http.HttpServer2$QuotingInputFilter)
2019-11-17 12:02:04,887 [main] INFO  http.HttpServer2 (HttpServer2.java:addFilter(948)) - Added filter static_user_filter (class=org.apache.hadoop.http.lib.StaticUserWebFilter$StaticUserFilter) to context hddsDatanode
2019-11-17 12:02:04,887 [main] INFO  http.HttpServer2 (HttpServer2.java:addFilter(958)) - Added filter static_user_filter (class=org.apache.hadoop.http.lib.StaticUserWebFilter$StaticUserFilter) to context static
2019-11-17 12:02:04,887 [main] INFO  http.HttpServer2 (HttpServer2.java:addFilter(958)) - Added filter static_user_filter (class=org.apache.hadoop.http.lib.StaticUserWebFilter$StaticUserFilter) to context logs
2019-11-17 12:02:04,888 [main] INFO  http.HttpServer2 (HttpServer2.java:bindListener(1191)) - Jetty bound to port 43567
2019-11-17 12:02:04,889 [main] INFO  server.Server (Server.java:doStart(351)) - jetty-9.3.25.v20180904, build timestamp: 2018-09-04T21:11:46Z, git hash: 3ce520221d0240229c862b122d2b06c12a625732
2019-11-17 12:02:04,893 [main] INFO  handler.ContextHandler (ContextHandler.java:doStart(781)) - Started o.e.j.s.ServletContextHandler@4047d2d9{/logs,file:///workdir/hadoop-ozone/tools/target/log,AVAILABLE}
2019-11-17 12:02:04,894 [main] INFO  handler.ContextHandler (ContextHandler.java:doStart(781)) - Started o.e.j.s.ServletContextHandler@146dcfe6{/static,jar:file:/home/user/.m2/repository/org/apache/hadoop/hadoop-hdds-container-service/0.5.0-SNAPSHOT/hadoop-hdds-container-service-0.5.0-SNAPSHOT.jar!/webapps/static,AVAILABLE}
2019-11-17 12:02:04,938 [main] INFO  handler.ContextHandler (ContextHandler.java:doStart(781)) - Started o.e.j.w.WebAppContext@e5cbff2{/,file:///tmp/jetty-0.0.0.0-43567-hddsDatanode-_-any-1924764889075796283.dir/webapp/,AVAILABLE}{/hddsDatanode}
2019-11-17 12:02:04,939 [main] INFO  server.AbstractConnector (AbstractConnector.java:doStart(278)) - Started ServerConnector@51c959a4{HTTP/1.1,[http/1.1]}{0.0.0.0:43567}
2019-11-17 12:02:04,940 [main] INFO  server.Server (Server.java:doStart(419)) - Started @5635ms
2019-11-17 12:02:04,940 [main] WARN  impl.MetricsSystemImpl (MetricsSystemImpl.java:register(276)) - Sink prometheus already exists!
2019-11-17 12:02:04,941 [main] INFO  server.BaseHttpServer (BaseHttpServer.java:updateConnectorAddress(215)) - HTTP server of HDDSDATANODE is listening at http://0.0.0.0:43567
2019-11-17 12:02:04,942 [main] INFO  impl.MetricsSystemImpl (MetricsSystemImpl.java:init(158)) - HddsDatanode metrics system started (again)
2019-11-17 12:02:04,945 [main] INFO  ozone.HddsDatanodeService (HddsDatanodeService.java:start(186)) - HddsDatanodeService host:pr-hdds-2521-s74hp-2299638293 ip:192.168.157.219
2019-11-17 12:02:04,945 [org.apache.hadoop.util.JvmPauseMonitor$Monitor@126884bf] INFO  util.JvmPauseMonitor (JvmPauseMonitor.java:run(188)) - Starting JVM pause monitor
2019-11-17 12:02:04,954 [main] INFO  volume.HddsVolume (HddsVolume.java:<init>(176)) - Creating Volume: /workdir/hadoop-ozone/tools/target/test-dir/MiniOzoneClusterImpl-d38b15b7-9bf0-47ba-b733-12768a69acc7/datanode-2/data/containers/hdds of  storage type : DISK and capacity : 1482555576320
2019-11-17 12:02:04,955 [main] INFO  volume.VolumeSet (VolumeSet.java:initializeVolumeSet(170)) - Added Volume : /workdir/hadoop-ozone/tools/target/test-dir/MiniOzoneClusterImpl-d38b15b7-9bf0-47ba-b733-12768a69acc7/datanode-2/data/containers/hdds to VolumeSet
2019-11-17 12:02:04,955 [main] INFO  volume.ThrottledAsyncChecker (ThrottledAsyncChecker.java:schedule(141)) - Scheduling a check for /workdir/hadoop-ozone/tools/target/test-dir/MiniOzoneClusterImpl-d38b15b7-9bf0-47ba-b733-12768a69acc7/datanode-2/data/containers/hdds
2019-11-17 12:02:04,955 [main] INFO  volume.HddsVolumeChecker (HddsVolumeChecker.java:checkAllVolumes(204)) - Scheduled health check for volume /workdir/hadoop-ozone/tools/target/test-dir/MiniOzoneClusterImpl-d38b15b7-9bf0-47ba-b733-12768a69acc7/datanode-2/data/containers/hdds
2019-11-17 12:02:04,964 [Datanode State Machine Thread - 0] INFO  datanode.InitDatanodeState (InitDatanodeState.java:persistContainerDatanodeDetails(140)) - DatanodeDetails is persisted to /workdir/hadoop-ozone/tools/target/test-dir/MiniOzoneClusterImpl-d38b15b7-9bf0-47ba-b733-12768a69acc7/datanode-0/meta/datanode.id
2019-11-17 12:02:04,967 [Datanode State Machine Thread - 0] INFO  datanode.InitDatanodeState (InitDatanodeState.java:persistContainerDatanodeDetails(140)) - DatanodeDetails is persisted to /workdir/hadoop-ozone/tools/target/test-dir/MiniOzoneClusterImpl-d38b15b7-9bf0-47ba-b733-12768a69acc7/datanode-1/meta/datanode.id
2019-11-17 12:02:04,971 [main] INFO  impl.RaftServerProxy (ConfUtils.java:logGet(43)) - raft.rpc.type = GRPC (default)
2019-11-17 12:02:04,971 [main] INFO  grpc.GrpcFactory (GrpcFactory.java:checkPooledByteBufAllocatorUseCacheForAllThreads(45)) - PERFORMANCE WARNING: useCacheForAllThreads is true that may cause Netty to create a lot garbage objects and, as a result, trigger GC.
	It is recommended to disable useCacheForAllThreads by setting -Dorg.apache.ratis.thirdparty.io.netty.allocator.useCacheForAllThreads=false in command line.
2019-11-17 12:02:04,972 [main] INFO  grpc.GrpcConfigKeys$Server (ConfUtils.java:logGet(43)) - raft.grpc.server.port = 0 (default)
2019-11-17 12:02:04,972 [main] INFO  server.GrpcService (ConfUtils.java:logGet(43)) - raft.grpc.message.size.max = 33570816 (custom)
2019-11-17 12:02:04,972 [main] INFO  server.RaftServerConfigKeys (ConfUtils.java:logGet(43)) - raft.server.log.appender.buffer.byte-limit = 33554432 (custom)
2019-11-17 12:02:04,972 [main] INFO  server.GrpcService (ConfUtils.java:logGet(43)) - raft.grpc.flow.control.window = 1MB (=1048576) (default)
2019-11-17 12:02:04,972 [main] INFO  server.RaftServerConfigKeys (ConfUtils.java:logGet(43)) - raft.server.rpc.request.timeout = 3000ms (default)
2019-11-17 12:02:04,973 [main] INFO  server.RaftServerConfigKeys (ConfUtils.java:logGet(43)) - raft.server.storage.dir = [/workdir/hadoop-ozone/tools/target/test-dir/MiniOzoneClusterImpl-d38b15b7-9bf0-47ba-b733-12768a69acc7/datanode-2/data/ratis] (custom)
2019-11-17 12:02:04,975 [main] INFO  hdfs.DFSUtil (DFSUtil.java:httpServerTemplateForNNAndJN(1641)) - Starting Web-server for hddsDatanode at: http://0.0.0.0:0
2019-11-17 12:02:04,977 [main] INFO  server.AuthenticationFilter (AuthenticationFilter.java:constructSecretProvider(240)) - Unable to initialize FileSignerSecretProvider, falling back to use random secrets.
2019-11-17 12:02:04,978 [main] WARN  http.HttpRequestLog (HttpRequestLog.java:getRequestLog(97)) - Jetty request log can only be enabled using Log4j
2019-11-17 12:02:04,981 [main] INFO  http.HttpServer2 (HttpServer2.java:addGlobalFilter(975)) - Added global filter 'safety' (class=org.apache.hadoop.http.HttpServer2$QuotingInputFilter)
2019-11-17 12:02:04,982 [main] INFO  http.HttpServer2 (HttpServer2.java:addFilter(948)) - Added filter static_user_filter (class=org.apache.hadoop.http.lib.StaticUserWebFilter$StaticUserFilter) to context hddsDatanode
2019-11-17 12:02:04,982 [main] INFO  http.HttpServer2 (HttpServer2.java:addFilter(958)) - Added filter static_user_filter (class=org.apache.hadoop.http.lib.StaticUserWebFilter$StaticUserFilter) to context static
2019-11-17 12:02:04,983 [main] INFO  http.HttpServer2 (HttpServer2.java:addFilter(958)) - Added filter static_user_filter (class=org.apache.hadoop.http.lib.StaticUserWebFilter$StaticUserFilter) to context logs
2019-11-17 12:02:04,984 [main] INFO  http.HttpServer2 (HttpServer2.java:bindListener(1191)) - Jetty bound to port 36405
2019-11-17 12:02:04,984 [main] INFO  server.Server (Server.java:doStart(351)) - jetty-9.3.25.v20180904, build timestamp: 2018-09-04T21:11:46Z, git hash: 3ce520221d0240229c862b122d2b06c12a625732
2019-11-17 12:02:04,987 [main] INFO  handler.ContextHandler (ContextHandler.java:doStart(781)) - Started o.e.j.s.ServletContextHandler@60bbacfc{/logs,file:///workdir/hadoop-ozone/tools/target/log,AVAILABLE}
2019-11-17 12:02:04,988 [main] INFO  handler.ContextHandler (ContextHandler.java:doStart(781)) - Started o.e.j.s.ServletContextHandler@255eaa6b{/static,jar:file:/home/user/.m2/repository/org/apache/hadoop/hadoop-hdds-container-service/0.5.0-SNAPSHOT/hadoop-hdds-container-service-0.5.0-SNAPSHOT.jar!/webapps/static,AVAILABLE}
2019-11-17 12:02:05,037 [main] INFO  handler.ContextHandler (ContextHandler.java:doStart(781)) - Started o.e.j.w.WebAppContext@46963479{/,file:///tmp/jetty-0.0.0.0-36405-hddsDatanode-_-any-1258150399675764764.dir/webapp/,AVAILABLE}{/hddsDatanode}
2019-11-17 12:02:05,037 [main] INFO  server.AbstractConnector (AbstractConnector.java:doStart(278)) - Started ServerConnector@7e74a380{HTTP/1.1,[http/1.1]}{0.0.0.0:36405}
2019-11-17 12:02:05,038 [main] INFO  server.Server (Server.java:doStart(419)) - Started @5733ms
2019-11-17 12:02:05,039 [main] WARN  impl.MetricsSystemImpl (MetricsSystemImpl.java:register(276)) - Sink prometheus already exists!
2019-11-17 12:02:05,040 [main] INFO  server.BaseHttpServer (BaseHttpServer.java:updateConnectorAddress(215)) - HTTP server of HDDSDATANODE is listening at http://0.0.0.0:36405
2019-11-17 12:02:05,043 [main] INFO  ozone.MiniOzoneClusterImpl (MiniOzoneClusterImpl.java:lambda$waitForClusterToBeReady$0(150)) - Waiting for nodes to be ready. Got 0 of 3 DN Heartbeats.
2019-11-17 12:02:05,043 [main] INFO  ozone.MiniOzoneClusterImpl (MiniOzoneClusterImpl.java:lambda$waitForClusterToBeReady$0(153)) - Waiting for cluster to exit safe mode
2019-11-17 12:02:05,044 [org.apache.hadoop.util.JvmPauseMonitor$Monitor@12de6606] INFO  util.JvmPauseMonitor (JvmPauseMonitor.java:run(188)) - Starting JVM pause monitor
2019-11-17 12:02:05,047 [Datanode State Machine Thread - 0] INFO  datanode.InitDatanodeState (InitDatanodeState.java:persistContainerDatanodeDetails(140)) - DatanodeDetails is persisted to /workdir/hadoop-ozone/tools/target/test-dir/MiniOzoneClusterImpl-d38b15b7-9bf0-47ba-b733-12768a69acc7/datanode-2/meta/datanode.id
2019-11-17 12:02:06,043 [main] INFO  ozone.MiniOzoneClusterImpl (MiniOzoneClusterImpl.java:lambda$waitForClusterToBeReady$0(150)) - Waiting for nodes to be ready. Got 0 of 3 DN Heartbeats.
2019-11-17 12:02:06,044 [main] INFO  ozone.MiniOzoneClusterImpl (MiniOzoneClusterImpl.java:lambda$waitForClusterToBeReady$0(153)) - Waiting for cluster to exit safe mode
2019-11-17 12:02:06,955 [Datanode State Machine Thread - 0] INFO  ozoneimpl.OzoneContainer (OzoneContainer.java:start(230)) - Attempting to start container services.
2019-11-17 12:02:06,958 [Datanode State Machine Thread - 0] INFO  ozoneimpl.OzoneContainer (OzoneContainer.java:startContainerScrub(194)) - Background container scanner has been disabled.
2019-11-17 12:02:06,959 [Datanode State Machine Thread - 0] INFO  ratis.XceiverServerRatis (XceiverServerRatis.java:start(422)) - Starting XceiverServerRatis ccec334e-1c0a-44c7-9ca2-a5184d8fe135 at port 0
2019-11-17 12:02:06,977 [Datanode State Machine Thread - 0] INFO  ozoneimpl.OzoneContainer (OzoneContainer.java:start(230)) - Attempting to start container services.
2019-11-17 12:02:06,984 [Datanode State Machine Thread - 0] INFO  ozoneimpl.OzoneContainer (OzoneContainer.java:startContainerScrub(194)) - Background container scanner has been disabled.
2019-11-17 12:02:06,984 [Datanode State Machine Thread - 0] INFO  ratis.XceiverServerRatis (XceiverServerRatis.java:start(422)) - Starting XceiverServerRatis d5d1df56-c796-4e3a-a7ef-40175175cdd8 at port 0
2019-11-17 12:02:06,996 [Datanode State Machine Thread - 0] INFO  impl.RaftServerProxy (RaftServerProxy.java:lambda$start$3(299)) - ccec334e-1c0a-44c7-9ca2-a5184d8fe135: start RPC server
2019-11-17 12:02:06,999 [Datanode State Machine Thread - 0] INFO  impl.RaftServerProxy (RaftServerProxy.java:lambda$start$3(299)) - d5d1df56-c796-4e3a-a7ef-40175175cdd8: start RPC server
2019-11-17 12:02:07,044 [main] INFO  ozone.MiniOzoneClusterImpl (MiniOzoneClusterImpl.java:lambda$waitForClusterToBeReady$0(150)) - Waiting for nodes to be ready. Got 0 of 3 DN Heartbeats.
2019-11-17 12:02:07,046 [main] INFO  ozone.MiniOzoneClusterImpl (MiniOzoneClusterImpl.java:lambda$waitForClusterToBeReady$0(153)) - Waiting for cluster to exit safe mode
2019-11-17 12:02:07,071 [Datanode State Machine Thread - 0] INFO  ozoneimpl.OzoneContainer (OzoneContainer.java:start(230)) - Attempting to start container services.
2019-11-17 12:02:07,073 [Datanode State Machine Thread - 0] INFO  ozoneimpl.OzoneContainer (OzoneContainer.java:startContainerScrub(194)) - Background container scanner has been disabled.
2019-11-17 12:02:07,073 [Datanode State Machine Thread - 0] INFO  ratis.XceiverServerRatis (XceiverServerRatis.java:start(422)) - Starting XceiverServerRatis 68d90b29-4c2d-4441-ab97-234a6cd2d540 at port 0
2019-11-17 12:02:07,086 [Datanode State Machine Thread - 0] INFO  impl.RaftServerProxy (RaftServerProxy.java:lambda$start$3(299)) - 68d90b29-4c2d-4441-ab97-234a6cd2d540: start RPC server
2019-11-17 12:02:07,140 [Datanode State Machine Thread - 0] INFO  server.GrpcService (GrpcService.java:startImpl(158)) - ccec334e-1c0a-44c7-9ca2-a5184d8fe135: GrpcService started, listening on 0.0.0.0/0.0.0.0:40432
2019-11-17 12:02:07,140 [Datanode State Machine Thread - 0] INFO  server.GrpcService (GrpcService.java:startImpl(158)) - d5d1df56-c796-4e3a-a7ef-40175175cdd8: GrpcService started, listening on 0.0.0.0/0.0.0.0:32848
2019-11-17 12:02:07,140 [Datanode State Machine Thread - 0] INFO  server.GrpcService (GrpcService.java:startImpl(158)) - 68d90b29-4c2d-4441-ab97-234a6cd2d540: GrpcService started, listening on 0.0.0.0/0.0.0.0:40731
2019-11-17 12:02:07,141 [Datanode State Machine Thread - 0] INFO  ratis.XceiverServerRatis (XceiverServerRatis.java:start(432)) - XceiverServerRatis d5d1df56-c796-4e3a-a7ef-40175175cdd8 is started using port 32848
2019-11-17 12:02:07,141 [Datanode State Machine Thread - 0] INFO  ratis.XceiverServerRatis (XceiverServerRatis.java:start(432)) - XceiverServerRatis ccec334e-1c0a-44c7-9ca2-a5184d8fe135 is started using port 40432
2019-11-17 12:02:07,141 [Datanode State Machine Thread - 0] INFO  ratis.XceiverServerRatis (XceiverServerRatis.java:start(432)) - XceiverServerRatis 68d90b29-4c2d-4441-ab97-234a6cd2d540 is started using port 40731
2019-11-17 12:02:07,148 [Datanode State Machine Thread - 0] INFO  server.XceiverServerGrpc (XceiverServerGrpc.java:start(145)) - XceiverServerGrpc ccec334e-1c0a-44c7-9ca2-a5184d8fe135 is started using port 34869
2019-11-17 12:02:07,148 [Datanode State Machine Thread - 0] INFO  server.XceiverServerGrpc (XceiverServerGrpc.java:start(145)) - XceiverServerGrpc 68d90b29-4c2d-4441-ab97-234a6cd2d540 is started using port 35795
2019-11-17 12:02:07,148 [Datanode State Machine Thread - 0] INFO  server.XceiverServerGrpc (XceiverServerGrpc.java:start(145)) - XceiverServerGrpc d5d1df56-c796-4e3a-a7ef-40175175cdd8 is started using port 43808
2019-11-17 12:02:08,046 [main] INFO  ozone.MiniOzoneClusterImpl (MiniOzoneClusterImpl.java:lambda$waitForClusterToBeReady$0(150)) - Waiting for nodes to be ready. Got 0 of 3 DN Heartbeats.
2019-11-17 12:02:08,046 [main] INFO  ozone.MiniOzoneClusterImpl (MiniOzoneClusterImpl.java:lambda$waitForClusterToBeReady$0(153)) - Waiting for cluster to exit safe mode
2019-11-17 12:02:08,887 [IPC Server handler 0 on 34928] INFO  net.NetworkTopology (NetworkTopologyImpl.java:add(111)) - Added a new node: /default-rack/ccec334e-1c0a-44c7-9ca2-a5184d8fe135
2019-11-17 12:02:08,887 [IPC Server handler 0 on 34928] INFO  node.SCMNodeManager (SCMNodeManager.java:register(267)) - Registered Data node : ccec334e-1c0a-44c7-9ca2-a5184d8fe135{ip: 192.168.157.219, host: pr-hdds-2521-s74hp-2299638293, networkLocation: /default-rack, certSerialId: null}
2019-11-17 12:02:08,890 [EventQueue-NodeRegistrationContainerReportForContainerSafeModeRule] INFO  safemode.SCMSafeModeManager (SCMSafeModeManager.java:validateSafeModeExitRules(176)) - ContainerSafeModeRule rule is successfully validated
2019-11-17 12:02:08,891 [EventQueue-NodeRegistrationContainerReportForDataNodeSafeModeRule] INFO  safemode.SCMSafeModeManager (DataNodeSafeModeRule.java:process(71)) - SCM in safe mode. 1 DataNodes registered, 1 required.
2019-11-17 12:02:08,891 [EventQueue-NodeRegistrationContainerReportForDataNodeSafeModeRule] INFO  safemode.SCMSafeModeManager (SCMSafeModeManager.java:validateSafeModeExitRules(176)) - DataNodeSafeModeRule rule is successfully validated
2019-11-17 12:02:08,895 [RatisPipelineUtilsThread] INFO  pipeline.RatisPipelineProvider (RatisPipelineProvider.java:lambda$create$4(163)) - Send pipeline:PipelineID=51a50450-674d-4a49-8700-b14169a74a9a create command to datanode ccec334e-1c0a-44c7-9ca2-a5184d8fe135
2019-11-17 12:02:08,908 [RatisPipelineUtilsThread] INFO  pipeline.PipelineStateManager (PipelineStateManager.java:addPipeline(55)) - Created pipeline Pipeline[ Id: 51a50450-674d-4a49-8700-b14169a74a9a, Nodes: ccec334e-1c0a-44c7-9ca2-a5184d8fe135{ip: 192.168.157.219, host: pr-hdds-2521-s74hp-2299638293, networkLocation: /default-rack, certSerialId: null}, Type:RATIS, Factor:ONE, State:ALLOCATED]
2019-11-17 12:02:08,947 [IPC Server handler 2 on 34928] INFO  net.NetworkTopology (NetworkTopologyImpl.java:add(111)) - Added a new node: /default-rack/d5d1df56-c796-4e3a-a7ef-40175175cdd8
2019-11-17 12:02:08,948 [IPC Server handler 2 on 34928] INFO  node.SCMNodeManager (SCMNodeManager.java:register(267)) - Registered Data node : d5d1df56-c796-4e3a-a7ef-40175175cdd8{ip: 192.168.157.219, host: pr-hdds-2521-s74hp-2299638293, networkLocation: /default-rack, certSerialId: null}
2019-11-17 12:02:08,948 [EventQueue-NodeRegistrationContainerReportForContainerSafeModeRule] INFO  safemode.SCMSafeModeManager (SCMSafeModeManager.java:validateSafeModeExitRules(176)) - ContainerSafeModeRule rule is successfully validated
2019-11-17 12:02:08,948 [EventQueue-NodeRegistrationContainerReportForDataNodeSafeModeRule] INFO  safemode.SCMSafeModeManager (SCMSafeModeManager.java:validateSafeModeExitRules(176)) - DataNodeSafeModeRule rule is successfully validated
2019-11-17 12:02:08,950 [RatisPipelineUtilsThread] INFO  pipeline.RatisPipelineProvider (RatisPipelineProvider.java:lambda$create$4(163)) - Send pipeline:PipelineID=4c0f8732-5a9f-4a58-9576-aa7f844bdcf2 create command to datanode d5d1df56-c796-4e3a-a7ef-40175175cdd8
2019-11-17 12:02:08,951 [RatisPipelineUtilsThread] INFO  pipeline.PipelineStateManager (PipelineStateManager.java:addPipeline(55)) - Created pipeline Pipeline[ Id: 4c0f8732-5a9f-4a58-9576-aa7f844bdcf2, Nodes: d5d1df56-c796-4e3a-a7ef-40175175cdd8{ip: 192.168.157.219, host: pr-hdds-2521-s74hp-2299638293, networkLocation: /default-rack, certSerialId: null}, Type:RATIS, Factor:ONE, State:ALLOCATED]
2019-11-17 12:02:09,047 [IPC Server handler 3 on 34928] INFO  net.NetworkTopology (NetworkTopologyImpl.java:add(111)) - Added a new node: /default-rack/68d90b29-4c2d-4441-ab97-234a6cd2d540
2019-11-17 12:02:09,047 [main] INFO  ozone.MiniOzoneClusterImpl (MiniOzoneClusterImpl.java:lambda$waitForClusterToBeReady$0(150)) - Nodes are ready. Got 3 of 3 DN Heartbeats.
2019-11-17 12:02:09,048 [IPC Server handler 3 on 34928] INFO  node.SCMNodeManager (SCMNodeManager.java:register(267)) - Registered Data node : 68d90b29-4c2d-4441-ab97-234a6cd2d540{ip: 192.168.157.219, host: pr-hdds-2521-s74hp-2299638293, networkLocation: /default-rack, certSerialId: null}
2019-11-17 12:02:09,049 [RatisPipelineUtilsThread] INFO  pipeline.RatisPipelineProvider (RatisPipelineProvider.java:lambda$create$4(163)) - Send pipeline:PipelineID=62719112-8b0a-4ba3-813b-7d064ee12cd3 create command to datanode 68d90b29-4c2d-4441-ab97-234a6cd2d540
2019-11-17 12:02:09,048 [main] INFO  ozone.MiniOzoneClusterImpl (MiniOzoneClusterImpl.java:lambda$waitForClusterToBeReady$0(153)) - Waiting for cluster to exit safe mode
2019-11-17 12:02:09,049 [EventQueue-NodeRegistrationContainerReportForContainerSafeModeRule] INFO  safemode.SCMSafeModeManager (SCMSafeModeManager.java:validateSafeModeExitRules(176)) - ContainerSafeModeRule rule is successfully validated
2019-11-17 12:02:09,050 [EventQueue-NodeRegistrationContainerReportForDataNodeSafeModeRule] INFO  safemode.SCMSafeModeManager (SCMSafeModeManager.java:validateSafeModeExitRules(176)) - DataNodeSafeModeRule rule is successfully validated
2019-11-17 12:02:09,050 [RatisPipelineUtilsThread] INFO  pipeline.PipelineStateManager (PipelineStateManager.java:addPipeline(55)) - Created pipeline Pipeline[ Id: 62719112-8b0a-4ba3-813b-7d064ee12cd3, Nodes: 68d90b29-4c2d-4441-ab97-234a6cd2d540{ip: 192.168.157.219, host: pr-hdds-2521-s74hp-2299638293, networkLocation: /default-rack, certSerialId: null}, Type:RATIS, Factor:ONE, State:ALLOCATED]
2019-11-17 12:02:09,051 [RatisPipelineUtilsThread] INFO  pipeline.RatisPipelineProvider (RatisPipelineProvider.java:lambda$create$4(163)) - Send pipeline:PipelineID=5a45f44c-c04a-4532-ae8c-2ea0c65c1138 create command to datanode 68d90b29-4c2d-4441-ab97-234a6cd2d540
2019-11-17 12:02:09,052 [RatisPipelineUtilsThread] INFO  pipeline.RatisPipelineProvider (RatisPipelineProvider.java:lambda$create$4(163)) - Send pipeline:PipelineID=5a45f44c-c04a-4532-ae8c-2ea0c65c1138 create command to datanode d5d1df56-c796-4e3a-a7ef-40175175cdd8
2019-11-17 12:02:09,052 [RatisPipelineUtilsThread] INFO  pipeline.RatisPipelineProvider (RatisPipelineProvider.java:lambda$create$4(163)) - Send pipeline:PipelineID=5a45f44c-c04a-4532-ae8c-2ea0c65c1138 create command to datanode ccec334e-1c0a-44c7-9ca2-a5184d8fe135
2019-11-17 12:02:09,053 [RatisPipelineUtilsThread] INFO  pipeline.PipelineStateManager (PipelineStateManager.java:addPipeline(55)) - Created pipeline Pipeline[ Id: 5a45f44c-c04a-4532-ae8c-2ea0c65c1138, Nodes: 68d90b29-4c2d-4441-ab97-234a6cd2d540{ip: 192.168.157.219, host: pr-hdds-2521-s74hp-2299638293, networkLocation: /default-rack, certSerialId: null}d5d1df56-c796-4e3a-a7ef-40175175cdd8{ip: 192.168.157.219, host: pr-hdds-2521-s74hp-2299638293, networkLocation: /default-rack, certSerialId: null}ccec334e-1c0a-44c7-9ca2-a5184d8fe135{ip: 192.168.157.219, host: pr-hdds-2521-s74hp-2299638293, networkLocation: /default-rack, certSerialId: null}, Type:RATIS, Factor:THREE, State:ALLOCATED]
2019-11-17 12:02:10,050 [main] INFO  ozone.MiniOzoneClusterImpl (MiniOzoneClusterImpl.java:lambda$waitForClusterToBeReady$0(150)) - Nodes are ready. Got 3 of 3 DN Heartbeats.
2019-11-17 12:02:10,050 [main] INFO  ozone.MiniOzoneClusterImpl (MiniOzoneClusterImpl.java:lambda$waitForClusterToBeReady$0(153)) - Waiting for cluster to exit safe mode
2019-11-17 12:02:11,051 [main] INFO  ozone.MiniOzoneClusterImpl (MiniOzoneClusterImpl.java:lambda$waitForClusterToBeReady$0(150)) - Nodes are ready. Got 3 of 3 DN Heartbeats.
2019-11-17 12:02:11,051 [main] INFO  ozone.MiniOzoneClusterImpl (MiniOzoneClusterImpl.java:lambda$waitForClusterToBeReady$0(153)) - Waiting for cluster to exit safe mode
2019-11-17 12:02:11,880 [Command processor thread] INFO  impl.RaftServerProxy (RaftServerProxy.java:addNew(89)) - ccec334e-1c0a-44c7-9ca2-a5184d8fe135: addNew group-B14169A74A9A:[ccec334e-1c0a-44c7-9ca2-a5184d8fe135:192.168.157.219:40432] returns group-B14169A74A9A:java.util.concurrent.CompletableFuture@68c7b7c7[Not completed]
2019-11-17 12:02:11,905 [pool-27-thread-1] INFO  impl.RaftServerImpl (RaftServerImpl.java:<init>(98)) - ccec334e-1c0a-44c7-9ca2-a5184d8fe135: new RaftServerImpl for group-B14169A74A9A:[ccec334e-1c0a-44c7-9ca2-a5184d8fe135:192.168.157.219:40432] with ContainerStateMachine:uninitialized
2019-11-17 12:02:11,907 [pool-27-thread-1] INFO  server.RaftServerConfigKeys (ConfUtils.java:logGet(43)) - raft.server.rpc.timeout.min = 5s (custom)
2019-11-17 12:02:11,908 [pool-27-thread-1] INFO  server.RaftServerConfigKeys (ConfUtils.java:logGet(43)) - raft.server.rpc.timeout.max = 5200ms (custom)
2019-11-17 12:02:11,909 [pool-27-thread-1] INFO  server.RaftServerConfigKeys (ConfUtils.java:logGet(43)) - raft.server.rpcslowness.timeout = 120s (custom)
2019-11-17 12:02:11,910 [pool-27-thread-1] INFO  server.RaftServerConfigKeys (ConfUtils.java:logGet(43)) - raft.server.sleep.deviation.threshold = 300 (default)
2019-11-17 12:02:11,911 [pool-27-thread-1] INFO  server.RaftServerConfigKeys (ConfUtils.java:logGet(43)) - raft.server.log.appender.install.snapshot.enabled = false (custom)
2019-11-17 12:02:11,922 [pool-27-thread-1] INFO  impl.RaftServerImpl (ServerState.java:<init>(103)) - ccec334e-1c0a-44c7-9ca2-a5184d8fe135@group-B14169A74A9A: ConfigurationManager, init=-1: [ccec334e-1c0a-44c7-9ca2-a5184d8fe135:192.168.157.219:40432], old=null, confs=<EMPTY_MAP>
2019-11-17 12:02:11,922 [pool-27-thread-1] INFO  server.RaftServerConfigKeys (ConfUtils.java:logGet(43)) - raft.server.storage.dir = [/workdir/hadoop-ozone/tools/target/test-dir/MiniOzoneClusterImpl-d38b15b7-9bf0-47ba-b733-12768a69acc7/datanode-0/data/ratis] (custom)
2019-11-17 12:02:11,931 [pool-27-thread-1] INFO  server.RaftServerConfigKeys (ConfUtils.java:logGet(43)) - raft.server.log.corruption.policy = EXCEPTION (default)
2019-11-17 12:02:11,933 [pool-27-thread-1] INFO  storage.RaftStorageDirectory (RaftStorageDirectory.java:analyzeStorage(246)) - The storage directory /workdir/hadoop-ozone/tools/target/test-dir/MiniOzoneClusterImpl-d38b15b7-9bf0-47ba-b733-12768a69acc7/datanode-0/data/ratis/51a50450-674d-4a49-8700-b14169a74a9a does not exist. Creating ...
2019-11-17 12:02:11,947 [Command processor thread] INFO  impl.RaftServerProxy (RaftServerProxy.java:addNew(89)) - d5d1df56-c796-4e3a-a7ef-40175175cdd8: addNew group-AA7F844BDCF2:[d5d1df56-c796-4e3a-a7ef-40175175cdd8:192.168.157.219:32848] returns group-AA7F844BDCF2:java.util.concurrent.CompletableFuture@6bec6ac6[Not completed]
2019-11-17 12:02:11,963 [pool-27-thread-1] INFO  storage.RaftStorageDirectory (RaftStorageDirectory.java:tryLock(328)) - Lock on /workdir/hadoop-ozone/tools/target/test-dir/MiniOzoneClusterImpl-d38b15b7-9bf0-47ba-b733-12768a69acc7/datanode-0/data/ratis/51a50450-674d-4a49-8700-b14169a74a9a/in_use.lock acquired by nodename 30991@pr-hdds-2521-s74hp-2299638293
2019-11-17 12:02:11,981 [pool-37-thread-1] INFO  impl.RaftServerImpl (RaftServerImpl.java:<init>(98)) - d5d1df56-c796-4e3a-a7ef-40175175cdd8: new RaftServerImpl for group-AA7F844BDCF2:[d5d1df56-c796-4e3a-a7ef-40175175cdd8:192.168.157.219:32848] with ContainerStateMachine:uninitialized
2019-11-17 12:02:11,983 [pool-37-thread-1] INFO  server.RaftServerConfigKeys (ConfUtils.java:logGet(43)) - raft.server.rpc.timeout.min = 5s (custom)
2019-11-17 12:02:11,983 [pool-37-thread-1] INFO  server.RaftServerConfigKeys (ConfUtils.java:logGet(43)) - raft.server.rpc.timeout.max = 5200ms (custom)
2019-11-17 12:02:11,984 [pool-37-thread-1] INFO  server.RaftServerConfigKeys (ConfUtils.java:logGet(43)) - raft.server.rpcslowness.timeout = 120s (custom)
2019-11-17 12:02:11,984 [pool-37-thread-1] INFO  server.RaftServerConfigKeys (ConfUtils.java:logGet(43)) - raft.server.sleep.deviation.threshold = 300 (default)
2019-11-17 12:02:11,984 [pool-37-thread-1] INFO  server.RaftServerConfigKeys (ConfUtils.java:logGet(43)) - raft.server.log.appender.install.snapshot.enabled = false (custom)
2019-11-17 12:02:11,984 [pool-37-thread-1] INFO  impl.RaftServerImpl (ServerState.java:<init>(103)) - d5d1df56-c796-4e3a-a7ef-40175175cdd8@group-AA7F844BDCF2: ConfigurationManager, init=-1: [d5d1df56-c796-4e3a-a7ef-40175175cdd8:192.168.157.219:32848], old=null, confs=<EMPTY_MAP>
2019-11-17 12:02:11,985 [pool-37-thread-1] INFO  server.RaftServerConfigKeys (ConfUtils.java:logGet(43)) - raft.server.storage.dir = [/workdir/hadoop-ozone/tools/target/test-dir/MiniOzoneClusterImpl-d38b15b7-9bf0-47ba-b733-12768a69acc7/datanode-1/data/ratis] (custom)
2019-11-17 12:02:11,985 [pool-37-thread-1] INFO  server.RaftServerConfigKeys (ConfUtils.java:logGet(43)) - raft.server.log.corruption.policy = EXCEPTION (default)
2019-11-17 12:02:11,985 [pool-37-thread-1] INFO  storage.RaftStorageDirectory (RaftStorageDirectory.java:analyzeStorage(246)) - The storage directory /workdir/hadoop-ozone/tools/target/test-dir/MiniOzoneClusterImpl-d38b15b7-9bf0-47ba-b733-12768a69acc7/datanode-1/data/ratis/4c0f8732-5a9f-4a58-9576-aa7f844bdcf2 does not exist. Creating ...
2019-11-17 12:02:12,007 [pool-37-thread-1] INFO  storage.RaftStorageDirectory (RaftStorageDirectory.java:tryLock(328)) - Lock on /workdir/hadoop-ozone/tools/target/test-dir/MiniOzoneClusterImpl-d38b15b7-9bf0-47ba-b733-12768a69acc7/datanode-1/data/ratis/4c0f8732-5a9f-4a58-9576-aa7f844bdcf2/in_use.lock acquired by nodename 30991@pr-hdds-2521-s74hp-2299638293
2019-11-17 12:02:12,007 [pool-27-thread-1] INFO  storage.RaftStorage (RaftStorage.java:format(84)) - Storage directory /workdir/hadoop-ozone/tools/target/test-dir/MiniOzoneClusterImpl-d38b15b7-9bf0-47ba-b733-12768a69acc7/datanode-0/data/ratis/51a50450-674d-4a49-8700-b14169a74a9a has been successfully formatted.
2019-11-17 12:02:12,012 [pool-27-thread-1] INFO  ratis.ContainerStateMachine (ContainerStateMachine.java:loadSnapshot(223)) - group-B14169A74A9A: The snapshot info is null. Setting the last applied indexto:(t:0, i:~)
2019-11-17 12:02:12,013 [pool-27-thread-1] INFO  server.RaftServerConfigKeys (ConfUtils.java:logGet(43)) - raft.server.notification.no-leader.timeout = 120s (custom)
2019-11-17 12:02:12,016 [pool-27-thread-1] INFO  server.RaftServerConfigKeys (ConfUtils.java:logGet(43)) - raft.server.log.use.memory = false (default)
2019-11-17 12:02:12,031 [pool-27-thread-1] INFO  server.RaftServerConfigKeys (ConfUtils.java:logGet(43)) - raft.server.log.purge.gap = 1000000 (custom)
2019-11-17 12:02:12,031 [pool-37-thread-1] INFO  storage.RaftStorage (RaftStorage.java:format(84)) - Storage directory /workdir/hadoop-ozone/tools/target/test-dir/MiniOzoneClusterImpl-d38b15b7-9bf0-47ba-b733-12768a69acc7/datanode-1/data/ratis/4c0f8732-5a9f-4a58-9576-aa7f844bdcf2 has been successfully formatted.
2019-11-17 12:02:12,032 [pool-27-thread-1] INFO  server.RaftServerConfigKeys (ConfUtils.java:logGet(43)) - raft.server.log.appender.buffer.byte-limit = 33554432 (custom)
2019-11-17 12:02:12,032 [pool-37-thread-1] INFO  ratis.ContainerStateMachine (ContainerStateMachine.java:loadSnapshot(223)) - group-AA7F844BDCF2: The snapshot info is null. Setting the last applied indexto:(t:0, i:~)
2019-11-17 12:02:12,033 [pool-37-thread-1] INFO  server.RaftServerConfigKeys (ConfUtils.java:logGet(43)) - raft.server.notification.no-leader.timeout = 120s (custom)
2019-11-17 12:02:12,033 [pool-37-thread-1] INFO  server.RaftServerConfigKeys (ConfUtils.java:logGet(43)) - raft.server.log.use.memory = false (default)
2019-11-17 12:02:12,039 [pool-37-thread-1] INFO  server.RaftServerConfigKeys (ConfUtils.java:logGet(43)) - raft.server.log.purge.gap = 1000000 (custom)
2019-11-17 12:02:12,048 [pool-37-thread-1] INFO  server.RaftServerConfigKeys (ConfUtils.java:logGet(43)) - raft.server.log.appender.buffer.byte-limit = 33554432 (custom)
2019-11-17 12:02:12,049 [pool-27-thread-1] INFO  server.RaftServerConfigKeys (ConfUtils.java:logGet(43)) - raft.server.log.segment.size.max = 1048576 (custom)
2019-11-17 12:02:12,049 [pool-37-thread-1] INFO  server.RaftServerConfigKeys (ConfUtils.java:logGet(43)) - raft.server.log.segment.size.max = 1048576 (custom)
2019-11-17 12:02:12,051 [Command processor thread] INFO  impl.RaftServerProxy (RaftServerProxy.java:addNew(89)) - 68d90b29-4c2d-4441-ab97-234a6cd2d540: addNew group-7D064EE12CD3:[68d90b29-4c2d-4441-ab97-234a6cd2d540:192.168.157.219:40731] returns group-7D064EE12CD3:java.util.concurrent.CompletableFuture@52c2994[Not completed]
2019-11-17 12:02:12,053 [main] INFO  ozone.MiniOzoneClusterImpl (MiniOzoneClusterImpl.java:lambda$waitForClusterToBeReady$0(150)) - Nodes are ready. Got 3 of 3 DN Heartbeats.
2019-11-17 12:02:12,054 [main] INFO  ozone.MiniOzoneClusterImpl (MiniOzoneClusterImpl.java:lambda$waitForClusterToBeReady$0(153)) - Waiting for cluster to exit safe mode
2019-11-17 12:02:12,073 [pool-37-thread-1] INFO  metrics.MetricRegistries (MetricRegistriesLoader.java:load(64)) - Loaded MetricRegistries class org.apache.ratis.metrics.impl.MetricRegistriesImpl
2019-11-17 12:02:12,075 [pool-47-thread-1] INFO  impl.RaftServerImpl (RaftServerImpl.java:<init>(98)) - 68d90b29-4c2d-4441-ab97-234a6cd2d540: new RaftServerImpl for group-7D064EE12CD3:[68d90b29-4c2d-4441-ab97-234a6cd2d540:192.168.157.219:40731] with ContainerStateMachine:uninitialized
2019-11-17 12:02:12,076 [pool-47-thread-1] INFO  server.RaftServerConfigKeys (ConfUtils.java:logGet(43)) - raft.server.rpc.timeout.min = 5s (custom)
2019-11-17 12:02:12,077 [pool-47-thread-1] INFO  server.RaftServerConfigKeys (ConfUtils.java:logGet(43)) - raft.server.rpc.timeout.max = 5200ms (custom)
2019-11-17 12:02:12,077 [pool-47-thread-1] INFO  server.RaftServerConfigKeys (ConfUtils.java:logGet(43)) - raft.server.rpcslowness.timeout = 120s (custom)
2019-11-17 12:02:12,077 [pool-47-thread-1] INFO  server.RaftServerConfigKeys (ConfUtils.java:logGet(43)) - raft.server.sleep.deviation.threshold = 300 (default)
2019-11-17 12:02:12,077 [pool-47-thread-1] INFO  server.RaftServerConfigKeys (ConfUtils.java:logGet(43)) - raft.server.log.appender.install.snapshot.enabled = false (custom)
2019-11-17 12:02:12,078 [pool-47-thread-1] INFO  impl.RaftServerImpl (ServerState.java:<init>(103)) - 68d90b29-4c2d-4441-ab97-234a6cd2d540@group-7D064EE12CD3: ConfigurationManager, init=-1: [68d90b29-4c2d-4441-ab97-234a6cd2d540:192.168.157.219:40731], old=null, confs=<EMPTY_MAP>
2019-11-17 12:02:12,078 [pool-47-thread-1] INFO  server.RaftServerConfigKeys (ConfUtils.java:logGet(43)) - raft.server.storage.dir = [/workdir/hadoop-ozone/tools/target/test-dir/MiniOzoneClusterImpl-d38b15b7-9bf0-47ba-b733-12768a69acc7/datanode-2/data/ratis] (custom)
2019-11-17 12:02:12,078 [pool-47-thread-1] INFO  server.RaftServerConfigKeys (ConfUtils.java:logGet(43)) - raft.server.log.corruption.policy = EXCEPTION (default)
2019-11-17 12:02:12,079 [pool-47-thread-1] INFO  storage.RaftStorageDirectory (RaftStorageDirectory.java:analyzeStorage(246)) - The storage directory /workdir/hadoop-ozone/tools/target/test-dir/MiniOzoneClusterImpl-d38b15b7-9bf0-47ba-b733-12768a69acc7/datanode-2/data/ratis/62719112-8b0a-4ba3-813b-7d064ee12cd3 does not exist. Creating ...
2019-11-17 12:02:12,080 [pool-37-thread-1] WARN  impl.MetricRegistriesImpl (MetricRegistriesImpl.java:lambda$create$1(61)) - First MetricRegistry has been created without registering reporters. You may need to call MetricRegistries.global().addReportRegistration(...) before.
2019-11-17 12:02:12,080 [pool-27-thread-1] WARN  impl.MetricRegistriesImpl (MetricRegistriesImpl.java:lambda$create$1(61)) - First MetricRegistry has been created without registering reporters. You may need to call MetricRegistries.global().addReportRegistration(...) before.
2019-11-17 12:02:12,087 [pool-37-thread-1] INFO  server.RaftServerConfigKeys (ConfUtils.java:logGet(43)) - raft.server.log.segment.cache.num.max = 2 (custom)
2019-11-17 12:02:12,087 [pool-27-thread-1] INFO  server.RaftServerConfigKeys (ConfUtils.java:logGet(43)) - raft.server.log.segment.cache.num.max = 2 (custom)
2019-11-17 12:02:12,094 [pool-37-thread-1] INFO  segmented.SegmentedRaftLogWorker (SegmentedRaftLogWorker.java:<init>(173)) - new d5d1df56-c796-4e3a-a7ef-40175175cdd8@group-AA7F844BDCF2-SegmentedRaftLogWorker for RaftStorage:Storage Directory /workdir/hadoop-ozone/tools/target/test-dir/MiniOzoneClusterImpl-d38b15b7-9bf0-47ba-b733-12768a69acc7/datanode-1/data/ratis/4c0f8732-5a9f-4a58-9576-aa7f844bdcf2
2019-11-17 12:02:12,094 [pool-27-thread-1] INFO  segmented.SegmentedRaftLogWorker (SegmentedRaftLogWorker.java:<init>(173)) - new ccec334e-1c0a-44c7-9ca2-a5184d8fe135@group-B14169A74A9A-SegmentedRaftLogWorker for RaftStorage:Storage Directory /workdir/hadoop-ozone/tools/target/test-dir/MiniOzoneClusterImpl-d38b15b7-9bf0-47ba-b733-12768a69acc7/datanode-0/data/ratis/51a50450-674d-4a49-8700-b14169a74a9a
2019-11-17 12:02:12,095 [pool-37-thread-1] INFO  server.RaftServerConfigKeys (ConfUtils.java:logGet(43)) - raft.server.log.queue.byte-limit = 2147483647 (custom)
2019-11-17 12:02:12,095 [pool-27-thread-1] INFO  server.RaftServerConfigKeys (ConfUtils.java:logGet(43)) - raft.server.log.queue.byte-limit = 2147483647 (custom)
2019-11-17 12:02:12,095 [pool-37-thread-1] INFO  server.RaftServerConfigKeys (ConfUtils.java:logGet(43)) - raft.server.log.queue.element-limit = 1024 (custom)
2019-11-17 12:02:12,096 [pool-27-thread-1] INFO  server.RaftServerConfigKeys (ConfUtils.java:logGet(43)) - raft.server.log.queue.element-limit = 1024 (custom)
2019-11-17 12:02:12,097 [pool-37-thread-1] INFO  server.RaftServerConfigKeys (ConfUtils.java:logGet(43)) - raft.server.log.segment.size.max = 1048576 (custom)
2019-11-17 12:02:12,097 [pool-27-thread-1] INFO  server.RaftServerConfigKeys (ConfUtils.java:logGet(43)) - raft.server.log.segment.size.max = 1048576 (custom)
2019-11-17 12:02:12,098 [pool-37-thread-1] INFO  server.RaftServerConfigKeys (ConfUtils.java:logGet(43)) - raft.server.log.preallocated.size = 16384 (custom)
2019-11-17 12:02:12,098 [pool-27-thread-1] INFO  server.RaftServerConfigKeys (ConfUtils.java:logGet(43)) - raft.server.log.preallocated.size = 16384 (custom)
2019-11-17 12:02:12,098 [pool-37-thread-1] INFO  server.RaftServerConfigKeys (ConfUtils.java:logGet(43)) - raft.server.log.write.buffer.size = 33554432 (custom)
2019-11-17 12:02:12,098 [pool-27-thread-1] INFO  server.RaftServerConfigKeys (ConfUtils.java:logGet(43)) - raft.server.log.write.buffer.size = 33554432 (custom)
2019-11-17 12:02:12,099 [pool-37-thread-1] INFO  server.RaftServerConfigKeys (ConfUtils.java:logGet(43)) - raft.server.log.force.sync.num = 128 (default)
2019-11-17 12:02:12,099 [pool-27-thread-1] INFO  server.RaftServerConfigKeys (ConfUtils.java:logGet(43)) - raft.server.log.force.sync.num = 128 (default)
2019-11-17 12:02:12,100 [pool-37-thread-1] INFO  server.RaftServerConfigKeys (ConfUtils.java:logGet(43)) - raft.server.log.statemachine.data.sync = true (default)
2019-11-17 12:02:12,100 [pool-27-thread-1] INFO  server.RaftServerConfigKeys (ConfUtils.java:logGet(43)) - raft.server.log.statemachine.data.sync = true (default)
2019-11-17 12:02:12,100 [pool-37-thread-1] INFO  server.RaftServerConfigKeys (ConfUtils.java:logGet(43)) - raft.server.log.statemachine.data.sync.timeout = 10s (default)
2019-11-17 12:02:12,101 [pool-27-thread-1] INFO  server.RaftServerConfigKeys (ConfUtils.java:logGet(43)) - raft.server.log.statemachine.data.sync.timeout = 10s (default)
2019-11-17 12:02:12,101 [pool-37-thread-1] INFO  server.RaftServerConfigKeys (ConfUtils.java:logGet(43)) - raft.server.log.statemachine.data.sync.timeout.retry = -1 (default)
2019-11-17 12:02:12,101 [pool-27-thread-1] INFO  server.RaftServerConfigKeys (ConfUtils.java:logGet(43)) - raft.server.log.statemachine.data.sync.timeout.retry = -1 (default)
2019-11-17 12:02:12,103 [pool-47-thread-1] INFO  storage.RaftStorageDirectory (RaftStorageDirectory.java:tryLock(328)) - Lock on /workdir/hadoop-ozone/tools/target/test-dir/MiniOzoneClusterImpl-d38b15b7-9bf0-47ba-b733-12768a69acc7/datanode-2/data/ratis/62719112-8b0a-4ba3-813b-7d064ee12cd3/in_use.lock acquired by nodename 30991@pr-hdds-2521-s74hp-2299638293
2019-11-17 12:02:12,115 [pool-37-thread-1] INFO  server.RaftServerConfigKeys (ConfUtils.java:logGet(43)) - raft.server.log.statemachine.data.caching.enabled = true (custom)
2019-11-17 12:02:12,115 [pool-27-thread-1] INFO  server.RaftServerConfigKeys (ConfUtils.java:logGet(43)) - raft.server.log.statemachine.data.caching.enabled = true (custom)
2019-11-17 12:02:12,126 [pool-47-thread-1] INFO  storage.RaftStorage (RaftStorage.java:format(84)) - Storage directory /workdir/hadoop-ozone/tools/target/test-dir/MiniOzoneClusterImpl-d38b15b7-9bf0-47ba-b733-12768a69acc7/datanode-2/data/ratis/62719112-8b0a-4ba3-813b-7d064ee12cd3 has been successfully formatted.
2019-11-17 12:02:12,127 [pool-47-thread-1] INFO  ratis.ContainerStateMachine (ContainerStateMachine.java:loadSnapshot(223)) - group-7D064EE12CD3: The snapshot info is null. Setting the last applied indexto:(t:0, i:~)
2019-11-17 12:02:12,127 [pool-47-thread-1] INFO  server.RaftServerConfigKeys (ConfUtils.java:logGet(43)) - raft.server.notification.no-leader.timeout = 120s (custom)
2019-11-17 12:02:12,127 [pool-47-thread-1] INFO  server.RaftServerConfigKeys (ConfUtils.java:logGet(43)) - raft.server.log.use.memory = false (default)
2019-11-17 12:02:12,127 [pool-47-thread-1] INFO  server.RaftServerConfigKeys (ConfUtils.java:logGet(43)) - raft.server.log.purge.gap = 1000000 (custom)
2019-11-17 12:02:12,127 [pool-47-thread-1] INFO  server.RaftServerConfigKeys (ConfUtils.java:logGet(43)) - raft.server.log.appender.buffer.byte-limit = 33554432 (custom)
2019-11-17 12:02:12,128 [pool-47-thread-1] INFO  server.RaftServerConfigKeys (ConfUtils.java:logGet(43)) - raft.server.log.segment.size.max = 1048576 (custom)
2019-11-17 12:02:12,128 [pool-47-thread-1] WARN  impl.MetricRegistriesImpl (MetricRegistriesImpl.java:lambda$create$1(61)) - First MetricRegistry has been created without registering reporters. You may need to call MetricRegistries.global().addReportRegistration(...) before.
2019-11-17 12:02:12,128 [pool-47-thread-1] INFO  server.RaftServerConfigKeys (ConfUtils.java:logGet(43)) - raft.server.log.segment.cache.num.max = 2 (custom)
2019-11-17 12:02:12,128 [pool-47-thread-1] INFO  segmented.SegmentedRaftLogWorker (SegmentedRaftLogWorker.java:<init>(173)) - new 68d90b29-4c2d-4441-ab97-234a6cd2d540@group-7D064EE12CD3-SegmentedRaftLogWorker for RaftStorage:Storage Directory /workdir/hadoop-ozone/tools/target/test-dir/MiniOzoneClusterImpl-d38b15b7-9bf0-47ba-b733-12768a69acc7/datanode-2/data/ratis/62719112-8b0a-4ba3-813b-7d064ee12cd3
2019-11-17 12:02:12,129 [pool-47-thread-1] INFO  server.RaftServerConfigKeys (ConfUtils.java:logGet(43)) - raft.server.log.queue.byte-limit = 2147483647 (custom)
2019-11-17 12:02:12,129 [pool-47-thread-1] INFO  server.RaftServerConfigKeys (ConfUtils.java:logGet(43)) - raft.server.log.queue.element-limit = 1024 (custom)
2019-11-17 12:02:12,129 [pool-47-thread-1] INFO  server.RaftServerConfigKeys (ConfUtils.java:logGet(43)) - raft.server.log.segment.size.max = 1048576 (custom)
2019-11-17 12:02:12,130 [pool-47-thread-1] INFO  server.RaftServerConfigKeys (ConfUtils.java:logGet(43)) - raft.server.log.preallocated.size = 16384 (custom)
2019-11-17 12:02:12,130 [pool-47-thread-1] INFO  server.RaftServerConfigKeys (ConfUtils.java:logGet(43)) - raft.server.log.write.buffer.size = 33554432 (custom)
2019-11-17 12:02:12,131 [pool-37-thread-1] INFO  segmented.SegmentedRaftLogWorker (SegmentedRaftLogWorker.java:lambda$new$0(128)) - d5d1df56-c796-4e3a-a7ef-40175175cdd8@group-AA7F844BDCF2-SegmentedRaftLogWorker: flushIndex: setUnconditionally 0 -> -1
2019-11-17 12:02:12,131 [pool-27-thread-1] INFO  segmented.SegmentedRaftLogWorker (SegmentedRaftLogWorker.java:lambda$new$0(128)) - ccec334e-1c0a-44c7-9ca2-a5184d8fe135@group-B14169A74A9A-SegmentedRaftLogWorker: flushIndex: setUnconditionally 0 -> -1
2019-11-17 12:02:12,131 [pool-47-thread-1] INFO  server.RaftServerConfigKeys (ConfUtils.java:logGet(43)) - raft.server.log.force.sync.num = 128 (default)
2019-11-17 12:02:12,132 [pool-47-thread-1] INFO  server.RaftServerConfigKeys (ConfUtils.java:logGet(43)) - raft.server.log.statemachine.data.sync = true (default)
2019-11-17 12:02:12,132 [pool-47-thread-1] INFO  server.RaftServerConfigKeys (ConfUtils.java:logGet(43)) - raft.server.log.statemachine.data.sync.timeout = 10s (default)
2019-11-17 12:02:12,132 [pool-47-thread-1] INFO  server.RaftServerConfigKeys (ConfUtils.java:logGet(43)) - raft.server.log.statemachine.data.sync.timeout.retry = -1 (default)
2019-11-17 12:02:12,132 [pool-47-thread-1] INFO  server.RaftServerConfigKeys (ConfUtils.java:logGet(43)) - raft.server.log.statemachine.data.caching.enabled = true (custom)
2019-11-17 12:02:12,133 [pool-47-thread-1] INFO  segmented.SegmentedRaftLogWorker (SegmentedRaftLogWorker.java:lambda$new$0(128)) - 68d90b29-4c2d-4441-ab97-234a6cd2d540@group-7D064EE12CD3-SegmentedRaftLogWorker: flushIndex: setUnconditionally 0 -> -1
2019-11-17 12:02:12,136 [pool-27-thread-1] INFO  server.RaftServerConfigKeys (ConfUtils.java:logGet(43)) - raft.server.snapshot.auto.trigger.enabled = true (custom)
2019-11-17 12:02:12,136 [pool-37-thread-1] INFO  server.RaftServerConfigKeys (ConfUtils.java:logGet(43)) - raft.server.snapshot.auto.trigger.enabled = true (custom)
2019-11-17 12:02:12,136 [pool-47-thread-1] INFO  server.RaftServerConfigKeys (ConfUtils.java:logGet(43)) - raft.server.snapshot.auto.trigger.enabled = true (custom)
2019-11-17 12:02:12,137 [pool-37-thread-1] INFO  server.RaftServerConfigKeys (ConfUtils.java:logGet(43)) - raft.server.snapshot.auto.trigger.threshold = 10000 (custom)
2019-11-17 12:02:12,137 [pool-27-thread-1] INFO  server.RaftServerConfigKeys (ConfUtils.java:logGet(43)) - raft.server.snapshot.auto.trigger.threshold = 10000 (custom)
2019-11-17 12:02:12,138 [pool-47-thread-1] INFO  server.RaftServerConfigKeys (ConfUtils.java:logGet(43)) - raft.server.snapshot.auto.trigger.threshold = 10000 (custom)
2019-11-17 12:02:12,138 [pool-37-thread-1] INFO  server.RaftServerConfigKeys (ConfUtils.java:logGet(43)) - raft.server.snapshot.retention.file.num = 5 (custom)
2019-11-17 12:02:12,138 [pool-27-thread-1] INFO  server.RaftServerConfigKeys (ConfUtils.java:logGet(43)) - raft.server.snapshot.retention.file.num = 5 (custom)
2019-11-17 12:02:12,138 [pool-47-thread-1] INFO  server.RaftServerConfigKeys (ConfUtils.java:logGet(43)) - raft.server.snapshot.retention.file.num = 5 (custom)
2019-11-17 12:02:12,138 [pool-37-thread-1] INFO  server.RaftServerConfigKeys (ConfUtils.java:logGet(43)) - raft.server.retrycache.expirytime = 600000ms (custom)
2019-11-17 12:02:12,138 [pool-27-thread-1] INFO  server.RaftServerConfigKeys (ConfUtils.java:logGet(43)) - raft.server.retrycache.expirytime = 600000ms (custom)
2019-11-17 12:02:12,138 [pool-47-thread-1] INFO  server.RaftServerConfigKeys (ConfUtils.java:logGet(43)) - raft.server.retrycache.expirytime = 600000ms (custom)
2019-11-17 12:02:12,157 [pool-37-thread-1] WARN  impl.MetricRegistriesImpl (MetricRegistriesImpl.java:lambda$create$1(61)) - First MetricRegistry has been created without registering reporters. You may need to call MetricRegistries.global().addReportRegistration(...) before.
2019-11-17 12:02:12,157 [pool-27-thread-1] WARN  impl.MetricRegistriesImpl (MetricRegistriesImpl.java:lambda$create$1(61)) - First MetricRegistry has been created without registering reporters. You may need to call MetricRegistries.global().addReportRegistration(...) before.
2019-11-17 12:02:12,157 [pool-47-thread-1] WARN  impl.MetricRegistriesImpl (MetricRegistriesImpl.java:lambda$create$1(61)) - First MetricRegistry has been created without registering reporters. You may need to call MetricRegistries.global().addReportRegistration(...) before.
2019-11-17 12:02:12,159 [pool-37-thread-1] WARN  impl.MetricRegistriesImpl (MetricRegistriesImpl.java:lambda$create$1(61)) - First MetricRegistry has been created without registering reporters. You may need to call MetricRegistries.global().addReportRegistration(...) before.
2019-11-17 12:02:12,159 [pool-47-thread-1] WARN  impl.MetricRegistriesImpl (MetricRegistriesImpl.java:lambda$create$1(61)) - First MetricRegistry has been created without registering reporters. You may need to call MetricRegistries.global().addReportRegistration(...) before.
2019-11-17 12:02:12,159 [pool-27-thread-1] WARN  impl.MetricRegistriesImpl (MetricRegistriesImpl.java:lambda$create$1(61)) - First MetricRegistry has been created without registering reporters. You may need to call MetricRegistries.global().addReportRegistration(...) before.
2019-11-17 12:02:12,161 [pool-37-thread-1] INFO  impl.RaftServerImpl (RaftServerImpl.java:start(184)) - d5d1df56-c796-4e3a-a7ef-40175175cdd8@group-AA7F844BDCF2: start as a follower, conf=-1: [d5d1df56-c796-4e3a-a7ef-40175175cdd8:192.168.157.219:32848], old=null
2019-11-17 12:02:12,161 [pool-27-thread-1] INFO  impl.RaftServerImpl (RaftServerImpl.java:start(184)) - ccec334e-1c0a-44c7-9ca2-a5184d8fe135@group-B14169A74A9A: start as a follower, conf=-1: [ccec334e-1c0a-44c7-9ca2-a5184d8fe135:192.168.157.219:40432], old=null
2019-11-17 12:02:12,161 [pool-47-thread-1] INFO  impl.RaftServerImpl (RaftServerImpl.java:start(184)) - 68d90b29-4c2d-4441-ab97-234a6cd2d540@group-7D064EE12CD3: start as a follower, conf=-1: [68d90b29-4c2d-4441-ab97-234a6cd2d540:192.168.157.219:40731], old=null
2019-11-17 12:02:12,162 [pool-37-thread-1] INFO  impl.RaftServerImpl (RaftServerImpl.java:setRole(173)) - d5d1df56-c796-4e3a-a7ef-40175175cdd8@group-AA7F844BDCF2: changes role from      null to FOLLOWER at term 0 for startAsFollower
2019-11-17 12:02:12,162 [pool-47-thread-1] INFO  impl.RaftServerImpl (RaftServerImpl.java:setRole(173)) - 68d90b29-4c2d-4441-ab97-234a6cd2d540@group-7D064EE12CD3: changes role from      null to FOLLOWER at term 0 for startAsFollower
2019-11-17 12:02:12,162 [pool-27-thread-1] INFO  impl.RaftServerImpl (RaftServerImpl.java:setRole(173)) - ccec334e-1c0a-44c7-9ca2-a5184d8fe135@group-B14169A74A9A: changes role from      null to FOLLOWER at term 0 for startAsFollower
2019-11-17 12:02:12,163 [pool-37-thread-1] INFO  impl.RoleInfo (RoleInfo.java:updateAndGet(143)) - d5d1df56-c796-4e3a-a7ef-40175175cdd8: start FollowerState
2019-11-17 12:02:12,163 [pool-27-thread-1] INFO  impl.RoleInfo (RoleInfo.java:updateAndGet(143)) - ccec334e-1c0a-44c7-9ca2-a5184d8fe135: start FollowerState
2019-11-17 12:02:12,163 [pool-47-thread-1] INFO  impl.RoleInfo (RoleInfo.java:updateAndGet(143)) - 68d90b29-4c2d-4441-ab97-234a6cd2d540: start FollowerState
2019-11-17 12:02:12,166 [pool-37-thread-1] INFO  util.JmxRegister (JmxRegister.java:tryRegister(44)) - Successfully registered JMX Bean with object name Ratis:service=RaftServer,group=group-AA7F844BDCF2,id=d5d1df56-c796-4e3a-a7ef-40175175cdd8
2019-11-17 12:02:12,166 [pool-27-thread-1] INFO  util.JmxRegister (JmxRegister.java:tryRegister(44)) - Successfully registered JMX Bean with object name Ratis:service=RaftServer,group=group-B14169A74A9A,id=ccec334e-1c0a-44c7-9ca2-a5184d8fe135
2019-11-17 12:02:12,166 [pool-47-thread-1] INFO  util.JmxRegister (JmxRegister.java:tryRegister(44)) - Successfully registered JMX Bean with object name Ratis:service=RaftServer,group=group-7D064EE12CD3,id=68d90b29-4c2d-4441-ab97-234a6cd2d540
2019-11-17 12:02:12,171 [pool-37-thread-1] WARN  impl.MetricRegistriesImpl (MetricRegistriesImpl.java:lambda$create$1(61)) - First MetricRegistry has been created without registering reporters. You may need to call MetricRegistries.global().addReportRegistration(...) before.
2019-11-17 12:02:12,171 [pool-47-thread-1] WARN  impl.MetricRegistriesImpl (MetricRegistriesImpl.java:lambda$create$1(61)) - First MetricRegistry has been created without registering reporters. You may need to call MetricRegistries.global().addReportRegistration(...) before.
2019-11-17 12:02:12,171 [pool-27-thread-1] WARN  impl.MetricRegistriesImpl (MetricRegistriesImpl.java:lambda$create$1(61)) - First MetricRegistry has been created without registering reporters. You may need to call MetricRegistries.global().addReportRegistration(...) before.
2019-11-17 12:02:12,184 [Command processor thread] INFO  commandhandler.CreatePipelineCommandHandler (CreatePipelineCommandHandler.java:handle(86)) - Create Pipeline RATIS ONE #id: "51a50450-674d-4a49-8700-b14169a74a9a"
 command succeed on datanode ccec334e-1c0a-44c7-9ca2-a5184d8fe135.
2019-11-17 12:02:12,184 [Command processor thread] INFO  commandhandler.CreatePipelineCommandHandler (CreatePipelineCommandHandler.java:handle(86)) - Create Pipeline RATIS ONE #id: "62719112-8b0a-4ba3-813b-7d064ee12cd3"
 command succeed on datanode 68d90b29-4c2d-4441-ab97-234a6cd2d540.
2019-11-17 12:02:12,184 [Command processor thread] INFO  commandhandler.CreatePipelineCommandHandler (CreatePipelineCommandHandler.java:handle(86)) - Create Pipeline RATIS ONE #id: "4c0f8732-5a9f-4a58-9576-aa7f844bdcf2"
 command succeed on datanode d5d1df56-c796-4e3a-a7ef-40175175cdd8.
2019-11-17 12:02:12,190 [Command processor thread] INFO  impl.RaftServerProxy (RaftServerProxy.java:addNew(89)) - d5d1df56-c796-4e3a-a7ef-40175175cdd8: addNew group-2EA0C65C1138:[68d90b29-4c2d-4441-ab97-234a6cd2d540:192.168.157.219:40731, d5d1df56-c796-4e3a-a7ef-40175175cdd8:192.168.157.219:32848, ccec334e-1c0a-44c7-9ca2-a5184d8fe135:192.168.157.219:40432] returns group-2EA0C65C1138:java.util.concurrent.CompletableFuture@6fd3f363[Not completed]
2019-11-17 12:02:12,190 [Command processor thread] INFO  impl.RaftServerProxy (RaftServerProxy.java:addNew(89)) - 68d90b29-4c2d-4441-ab97-234a6cd2d540: addNew group-2EA0C65C1138:[68d90b29-4c2d-4441-ab97-234a6cd2d540:192.168.157.219:40731, d5d1df56-c796-4e3a-a7ef-40175175cdd8:192.168.157.219:32848, ccec334e-1c0a-44c7-9ca2-a5184d8fe135:192.168.157.219:40432] returns group-2EA0C65C1138:java.util.concurrent.CompletableFuture@113bde9[Not completed]
2019-11-17 12:02:12,190 [Command processor thread] INFO  impl.RaftServerProxy (RaftServerProxy.java:addNew(89)) - ccec334e-1c0a-44c7-9ca2-a5184d8fe135: addNew group-2EA0C65C1138:[68d90b29-4c2d-4441-ab97-234a6cd2d540:192.168.157.219:40731, d5d1df56-c796-4e3a-a7ef-40175175cdd8:192.168.157.219:32848, ccec334e-1c0a-44c7-9ca2-a5184d8fe135:192.168.157.219:40432] returns group-2EA0C65C1138:java.util.concurrent.CompletableFuture@1d07e35a[Not completed]
2019-11-17 12:02:12,193 [pool-37-thread-1] INFO  impl.RaftServerImpl (RaftServerImpl.java:<init>(98)) - d5d1df56-c796-4e3a-a7ef-40175175cdd8: new RaftServerImpl for group-2EA0C65C1138:[68d90b29-4c2d-4441-ab97-234a6cd2d540:192.168.157.219:40731, d5d1df56-c796-4e3a-a7ef-40175175cdd8:192.168.157.219:32848, ccec334e-1c0a-44c7-9ca2-a5184d8fe135:192.168.157.219:40432] with ContainerStateMachine:uninitialized
2019-11-17 12:02:12,194 [pool-37-thread-1] INFO  server.RaftServerConfigKeys (ConfUtils.java:logGet(43)) - raft.server.rpc.timeout.min = 5s (custom)
2019-11-17 12:02:12,194 [pool-37-thread-1] INFO  server.RaftServerConfigKeys (ConfUtils.java:logGet(43)) - raft.server.rpc.timeout.max = 5200ms (custom)
2019-11-17 12:02:12,194 [pool-37-thread-1] INFO  server.RaftServerConfigKeys (ConfUtils.java:logGet(43)) - raft.server.rpcslowness.timeout = 120s (custom)
2019-11-17 12:02:12,194 [pool-37-thread-1] INFO  server.RaftServerConfigKeys (ConfUtils.java:logGet(43)) - raft.server.sleep.deviation.threshold = 300 (default)
2019-11-17 12:02:12,194 [pool-37-thread-1] INFO  server.RaftServerConfigKeys (ConfUtils.java:logGet(43)) - raft.server.log.appender.install.snapshot.enabled = false (custom)
2019-11-17 12:02:12,195 [pool-37-thread-1] INFO  impl.RaftServerImpl (ServerState.java:<init>(103)) - d5d1df56-c796-4e3a-a7ef-40175175cdd8@group-2EA0C65C1138: ConfigurationManager, init=-1: [68d90b29-4c2d-4441-ab97-234a6cd2d540:192.168.157.219:40731, d5d1df56-c796-4e3a-a7ef-40175175cdd8:192.168.157.219:32848, ccec334e-1c0a-44c7-9ca2-a5184d8fe135:192.168.157.219:40432], old=null, confs=<EMPTY_MAP>
2019-11-17 12:02:12,195 [pool-27-thread-1] INFO  impl.RaftServerImpl (RaftServerImpl.java:<init>(98)) - ccec334e-1c0a-44c7-9ca2-a5184d8fe135: new RaftServerImpl for group-2EA0C65C1138:[68d90b29-4c2d-4441-ab97-234a6cd2d540:192.168.157.219:40731, d5d1df56-c796-4e3a-a7ef-40175175cdd8:192.168.157.219:32848, ccec334e-1c0a-44c7-9ca2-a5184d8fe135:192.168.157.219:40432] with ContainerStateMachine:uninitialized
2019-11-17 12:02:12,195 [pool-37-thread-1] INFO  server.RaftServerConfigKeys (ConfUtils.java:logGet(43)) - raft.server.storage.dir = [/workdir/hadoop-ozone/tools/target/test-dir/MiniOzoneClusterImpl-d38b15b7-9bf0-47ba-b733-12768a69acc7/datanode-1/data/ratis] (custom)
2019-11-17 12:02:12,195 [pool-27-thread-1] INFO  server.RaftServerConfigKeys (ConfUtils.java:logGet(43)) - raft.server.rpc.timeout.min = 5s (custom)
2019-11-17 12:02:12,195 [pool-27-thread-1] INFO  server.RaftServerConfigKeys (ConfUtils.java:logGet(43)) - raft.server.rpc.timeout.max = 5200ms (custom)
2019-11-17 12:02:12,195 [pool-37-thread-1] INFO  server.RaftServerConfigKeys (ConfUtils.java:logGet(43)) - raft.server.log.corruption.policy = EXCEPTION (default)
2019-11-17 12:02:12,195 [pool-27-thread-1] INFO  server.RaftServerConfigKeys (ConfUtils.java:logGet(43)) - raft.server.rpcslowness.timeout = 120s (custom)
2019-11-17 12:02:12,195 [pool-37-thread-1] INFO  storage.RaftStorageDirectory (RaftStorageDirectory.java:analyzeStorage(246)) - The storage directory /workdir/hadoop-ozone/tools/target/test-dir/MiniOzoneClusterImpl-d38b15b7-9bf0-47ba-b733-12768a69acc7/datanode-1/data/ratis/5a45f44c-c04a-4532-ae8c-2ea0c65c1138 does not exist. Creating ...
2019-11-17 12:02:12,196 [pool-27-thread-1] INFO  server.RaftServerConfigKeys (ConfUtils.java:logGet(43)) - raft.server.sleep.deviation.threshold = 300 (default)
2019-11-17 12:02:12,196 [pool-27-thread-1] INFO  server.RaftServerConfigKeys (ConfUtils.java:logGet(43)) - raft.server.log.appender.install.snapshot.enabled = false (custom)
2019-11-17 12:02:12,196 [pool-27-thread-1] INFO  impl.RaftServerImpl (ServerState.java:<init>(103)) - ccec334e-1c0a-44c7-9ca2-a5184d8fe135@group-2EA0C65C1138: ConfigurationManager, init=-1: [68d90b29-4c2d-4441-ab97-234a6cd2d540:192.168.157.219:40731, d5d1df56-c796-4e3a-a7ef-40175175cdd8:192.168.157.219:32848, ccec334e-1c0a-44c7-9ca2-a5184d8fe135:192.168.157.219:40432], old=null, confs=<EMPTY_MAP>
2019-11-17 12:02:12,196 [pool-47-thread-1] INFO  impl.RaftServerImpl (RaftServerImpl.java:<init>(98)) - 68d90b29-4c2d-4441-ab97-234a6cd2d540: new RaftServerImpl for group-2EA0C65C1138:[68d90b29-4c2d-4441-ab97-234a6cd2d540:192.168.157.219:40731, d5d1df56-c796-4e3a-a7ef-40175175cdd8:192.168.157.219:32848, ccec334e-1c0a-44c7-9ca2-a5184d8fe135:192.168.157.219:40432] with ContainerStateMachine:uninitialized
2019-11-17 12:02:12,196 [pool-27-thread-1] INFO  server.RaftServerConfigKeys (ConfUtils.java:logGet(43)) - raft.server.storage.dir = [/workdir/hadoop-ozone/tools/target/test-dir/MiniOzoneClusterImpl-d38b15b7-9bf0-47ba-b733-12768a69acc7/datanode-0/data/ratis] (custom)
2019-11-17 12:02:12,196 [pool-47-thread-1] INFO  server.RaftServerConfigKeys (ConfUtils.java:logGet(43)) - raft.server.rpc.timeout.min = 5s (custom)
2019-11-17 12:02:12,197 [pool-27-thread-1] INFO  server.RaftServerConfigKeys (ConfUtils.java:logGet(43)) - raft.server.log.corruption.policy = EXCEPTION (default)
2019-11-17 12:02:12,197 [pool-47-thread-1] INFO  server.RaftServerConfigKeys (ConfUtils.java:logGet(43)) - raft.server.rpc.timeout.max = 5200ms (custom)
2019-11-17 12:02:12,197 [pool-27-thread-1] INFO  storage.RaftStorageDirectory (RaftStorageDirectory.java:analyzeStorage(246)) - The storage directory /workdir/hadoop-ozone/tools/target/test-dir/MiniOzoneClusterImpl-d38b15b7-9bf0-47ba-b733-12768a69acc7/datanode-0/data/ratis/5a45f44c-c04a-4532-ae8c-2ea0c65c1138 does not exist. Creating ...
2019-11-17 12:02:12,197 [pool-47-thread-1] INFO  server.RaftServerConfigKeys (ConfUtils.java:logGet(43)) - raft.server.rpcslowness.timeout = 120s (custom)
2019-11-17 12:02:12,197 [pool-47-thread-1] INFO  server.RaftServerConfigKeys (ConfUtils.java:logGet(43)) - raft.server.sleep.deviation.threshold = 300 (default)
2019-11-17 12:02:12,197 [pool-47-thread-1] INFO  server.RaftServerConfigKeys (ConfUtils.java:logGet(43)) - raft.server.log.appender.install.snapshot.enabled = false (custom)
2019-11-17 12:02:12,198 [pool-47-thread-1] INFO  impl.RaftServerImpl (ServerState.java:<init>(103)) - 68d90b29-4c2d-4441-ab97-234a6cd2d540@group-2EA0C65C1138: ConfigurationManager, init=-1: [68d90b29-4c2d-4441-ab97-234a6cd2d540:192.168.157.219:40731, d5d1df56-c796-4e3a-a7ef-40175175cdd8:192.168.157.219:32848, ccec334e-1c0a-44c7-9ca2-a5184d8fe135:192.168.157.219:40432], old=null, confs=<EMPTY_MAP>
2019-11-17 12:02:12,198 [pool-47-thread-1] INFO  server.RaftServerConfigKeys (ConfUtils.java:logGet(43)) - raft.server.storage.dir = [/workdir/hadoop-ozone/tools/target/test-dir/MiniOzoneClusterImpl-d38b15b7-9bf0-47ba-b733-12768a69acc7/datanode-2/data/ratis] (custom)
2019-11-17 12:02:12,198 [pool-47-thread-1] INFO  server.RaftServerConfigKeys (ConfUtils.java:logGet(43)) - raft.server.log.corruption.policy = EXCEPTION (default)
2019-11-17 12:02:12,199 [pool-47-thread-1] INFO  storage.RaftStorageDirectory (RaftStorageDirectory.java:analyzeStorage(246)) - The storage directory /workdir/hadoop-ozone/tools/target/test-dir/MiniOzoneClusterImpl-d38b15b7-9bf0-47ba-b733-12768a69acc7/datanode-2/data/ratis/5a45f44c-c04a-4532-ae8c-2ea0c65c1138 does not exist. Creating ...
2019-11-17 12:02:12,203 [EventQueue-PipelineReportForPipelineReportHandler] INFO  pipeline.PipelineReportHandler (PipelineReportHandler.java:processPipelineReport(113)) - Pipeline ONE PipelineID=4c0f8732-5a9f-4a58-9576-aa7f844bdcf2 reported by d5d1df56-c796-4e3a-a7ef-40175175cdd8{ip: 192.168.157.219, host: pr-hdds-2521-s74hp-2299638293, networkLocation: /default-rack, certSerialId: null}
2019-11-17 12:02:12,204 [EventQueue-PipelineReportForPipelineReportHandler] INFO  pipeline.PipelineStateManager (PipelineStateManager.java:openPipeline(132)) - Pipeline Pipeline[ Id: 4c0f8732-5a9f-4a58-9576-aa7f844bdcf2, Nodes: d5d1df56-c796-4e3a-a7ef-40175175cdd8{ip: 192.168.157.219, host: pr-hdds-2521-s74hp-2299638293, networkLocation: /default-rack, certSerialId: null}, Type:RATIS, Factor:ONE, State:ALLOCATED] moved to OPEN state
2019-11-17 12:02:12,206 [EventQueue-OpenPipelineForOneReplicaPipelineSafeModeRule] INFO  safemode.SCMSafeModeManager (SCMSafeModeManager.java:validateSafeModeExitRules(176)) - AtleastOneDatanodeReportedRule rule is successfully validated
2019-11-17 12:02:12,206 [EventQueue-PipelineReportForPipelineReportHandler] INFO  pipeline.PipelineReportHandler (PipelineReportHandler.java:processPipelineReport(113)) - Pipeline ONE PipelineID=62719112-8b0a-4ba3-813b-7d064ee12cd3 reported by 68d90b29-4c2d-4441-ab97-234a6cd2d540{ip: 192.168.157.219, host: pr-hdds-2521-s74hp-2299638293, networkLocation: /default-rack, certSerialId: null}
2019-11-17 12:02:12,206 [EventQueue-OpenPipelineForHealthyPipelineSafeModeRule] INFO  safemode.SCMSafeModeManager (HealthyPipelineSafeModeRule.java:process(132)) - SCM in safe mode. Healthy pipelines reported count is 0, required healthy pipeline reported count is 1
2019-11-17 12:02:12,206 [EventQueue-PipelineReportForPipelineReportHandler] INFO  pipeline.PipelineStateManager (PipelineStateManager.java:openPipeline(132)) - Pipeline Pipeline[ Id: 62719112-8b0a-4ba3-813b-7d064ee12cd3, Nodes: 68d90b29-4c2d-4441-ab97-234a6cd2d540{ip: 192.168.157.219, host: pr-hdds-2521-s74hp-2299638293, networkLocation: /default-rack, certSerialId: null}, Type:RATIS, Factor:ONE, State:ALLOCATED] moved to OPEN state
2019-11-17 12:02:12,207 [EventQueue-OpenPipelineForHealthyPipelineSafeModeRule] INFO  safemode.SCMSafeModeManager (HealthyPipelineSafeModeRule.java:process(132)) - SCM in safe mode. Healthy pipelines reported count is 0, required healthy pipeline reported count is 1
2019-11-17 12:02:12,207 [EventQueue-PipelineReportForPipelineReportHandler] INFO  pipeline.PipelineReportHandler (PipelineReportHandler.java:processPipelineReport(113)) - Pipeline ONE PipelineID=51a50450-674d-4a49-8700-b14169a74a9a reported by ccec334e-1c0a-44c7-9ca2-a5184d8fe135{ip: 192.168.157.219, host: pr-hdds-2521-s74hp-2299638293, networkLocation: /default-rack, certSerialId: null}
2019-11-17 12:02:12,207 [EventQueue-OpenPipelineForOneReplicaPipelineSafeModeRule] INFO  safemode.SCMSafeModeManager (SCMSafeModeManager.java:validateSafeModeExitRules(176)) - AtleastOneDatanodeReportedRule rule is successfully validated
2019-11-17 12:02:12,207 [EventQueue-PipelineReportForPipelineReportHandler] INFO  pipeline.PipelineStateManager (PipelineStateManager.java:openPipeline(132)) - Pipeline Pipeline[ Id: 51a50450-674d-4a49-8700-b14169a74a9a, Nodes: ccec334e-1c0a-44c7-9ca2-a5184d8fe135{ip: 192.168.157.219, host: pr-hdds-2521-s74hp-2299638293, networkLocation: /default-rack, certSerialId: null}, Type:RATIS, Factor:ONE, State:ALLOCATED] moved to OPEN state
2019-11-17 12:02:12,208 [EventQueue-OpenPipelineForHealthyPipelineSafeModeRule] INFO  safemode.SCMSafeModeManager (HealthyPipelineSafeModeRule.java:process(132)) - SCM in safe mode. Healthy pipelines reported count is 0, required healthy pipeline reported count is 1
2019-11-17 12:02:12,208 [EventQueue-OpenPipelineForOneReplicaPipelineSafeModeRule] INFO  safemode.SCMSafeModeManager (SCMSafeModeManager.java:validateSafeModeExitRules(176)) - AtleastOneDatanodeReportedRule rule is successfully validated
2019-11-17 12:02:12,218 [pool-27-thread-1] INFO  storage.RaftStorageDirectory (RaftStorageDirectory.java:tryLock(328)) - Lock on /workdir/hadoop-ozone/tools/target/test-dir/MiniOzoneClusterImpl-d38b15b7-9bf0-47ba-b733-12768a69acc7/datanode-0/data/ratis/5a45f44c-c04a-4532-ae8c-2ea0c65c1138/in_use.lock acquired by nodename 30991@pr-hdds-2521-s74hp-2299638293
2019-11-17 12:02:12,218 [pool-47-thread-1] INFO  storage.RaftStorageDirectory (RaftStorageDirectory.java:tryLock(328)) - Lock on /workdir/hadoop-ozone/tools/target/test-dir/MiniOzoneClusterImpl-d38b15b7-9bf0-47ba-b733-12768a69acc7/datanode-2/data/ratis/5a45f44c-c04a-4532-ae8c-2ea0c65c1138/in_use.lock acquired by nodename 30991@pr-hdds-2521-s74hp-2299638293
2019-11-17 12:02:12,218 [pool-37-thread-1] INFO  storage.RaftStorageDirectory (RaftStorageDirectory.java:tryLock(328)) - Lock on /workdir/hadoop-ozone/tools/target/test-dir/MiniOzoneClusterImpl-d38b15b7-9bf0-47ba-b733-12768a69acc7/datanode-1/data/ratis/5a45f44c-c04a-4532-ae8c-2ea0c65c1138/in_use.lock acquired by nodename 30991@pr-hdds-2521-s74hp-2299638293
2019-11-17 12:02:12,245 [pool-27-thread-1] INFO  storage.RaftStorage (RaftStorage.java:format(84)) - Storage directory /workdir/hadoop-ozone/tools/target/test-dir/MiniOzoneClusterImpl-d38b15b7-9bf0-47ba-b733-12768a69acc7/datanode-0/data/ratis/5a45f44c-c04a-4532-ae8c-2ea0c65c1138 has been successfully formatted.
2019-11-17 12:02:12,245 [pool-37-thread-1] INFO  storage.RaftStorage (RaftStorage.java:format(84)) - Storage directory /workdir/hadoop-ozone/tools/target/test-dir/MiniOzoneClusterImpl-d38b15b7-9bf0-47ba-b733-12768a69acc7/datanode-1/data/ratis/5a45f44c-c04a-4532-ae8c-2ea0c65c1138 has been successfully formatted.
2019-11-17 12:02:12,245 [pool-47-thread-1] INFO  storage.RaftStorage (RaftStorage.java:format(84)) - Storage directory /workdir/hadoop-ozone/tools/target/test-dir/MiniOzoneClusterImpl-d38b15b7-9bf0-47ba-b733-12768a69acc7/datanode-2/data/ratis/5a45f44c-c04a-4532-ae8c-2ea0c65c1138 has been successfully formatted.
2019-11-17 12:02:12,245 [pool-27-thread-1] INFO  ratis.ContainerStateMachine (ContainerStateMachine.java:loadSnapshot(223)) - group-2EA0C65C1138: The snapshot info is null. Setting the last applied indexto:(t:0, i:~)
2019-11-17 12:02:12,245 [pool-37-thread-1] INFO  ratis.ContainerStateMachine (ContainerStateMachine.java:loadSnapshot(223)) - group-2EA0C65C1138: The snapshot info is null. Setting the last applied indexto:(t:0, i:~)
2019-11-17 12:02:12,245 [pool-27-thread-1] INFO  server.RaftServerConfigKeys (ConfUtils.java:logGet(43)) - raft.server.notification.no-leader.timeout = 120s (custom)
2019-11-17 12:02:12,246 [pool-37-thread-1] INFO  server.RaftServerConfigKeys (ConfUtils.java:logGet(43)) - raft.server.notification.no-leader.timeout = 120s (custom)
2019-11-17 12:02:12,246 [pool-47-thread-1] INFO  ratis.ContainerStateMachine (ContainerStateMachine.java:loadSnapshot(223)) - group-2EA0C65C1138: The snapshot info is null. Setting the last applied indexto:(t:0, i:~)
2019-11-17 12:02:12,246 [pool-37-thread-1] INFO  server.RaftServerConfigKeys (ConfUtils.java:logGet(43)) - raft.server.log.use.memory = false (default)
2019-11-17 12:02:12,246 [pool-27-thread-1] INFO  server.RaftServerConfigKeys (ConfUtils.java:logGet(43)) - raft.server.log.use.memory = false (default)
2019-11-17 12:02:12,246 [pool-37-thread-1] INFO  server.RaftServerConfigKeys (ConfUtils.java:logGet(43)) - raft.server.log.purge.gap = 1000000 (custom)
2019-11-17 12:02:12,246 [pool-47-thread-1] INFO  server.RaftServerConfigKeys (ConfUtils.java:logGet(43)) - raft.server.notification.no-leader.timeout = 120s (custom)
2019-11-17 12:02:12,246 [pool-37-thread-1] INFO  server.RaftServerConfigKeys (ConfUtils.java:logGet(43)) - raft.server.log.appender.buffer.byte-limit = 33554432 (custom)
2019-11-17 12:02:12,246 [pool-27-thread-1] INFO  server.RaftServerConfigKeys (ConfUtils.java:logGet(43)) - raft.server.log.purge.gap = 1000000 (custom)
2019-11-17 12:02:12,247 [pool-37-thread-1] INFO  server.RaftServerConfigKeys (ConfUtils.java:logGet(43)) - raft.server.log.segment.size.max = 1048576 (custom)
2019-11-17 12:02:12,247 [pool-47-thread-1] INFO  server.RaftServerConfigKeys (ConfUtils.java:logGet(43)) - raft.server.log.use.memory = false (default)
2019-11-17 12:02:12,247 [pool-37-thread-1] INFO  server.RaftServerConfigKeys (ConfUtils.java:logGet(43)) - raft.server.log.segment.cache.num.max = 2 (custom)
2019-11-17 12:02:12,247 [pool-27-thread-1] INFO  server.RaftServerConfigKeys (ConfUtils.java:logGet(43)) - raft.server.log.appender.buffer.byte-limit = 33554432 (custom)
2019-11-17 12:02:12,247 [pool-37-thread-1] INFO  segmented.SegmentedRaftLogWorker (SegmentedRaftLogWorker.java:<init>(173)) - new d5d1df56-c796-4e3a-a7ef-40175175cdd8@group-2EA0C65C1138-SegmentedRaftLogWorker for RaftStorage:Storage Directory /workdir/hadoop-ozone/tools/target/test-dir/MiniOzoneClusterImpl-d38b15b7-9bf0-47ba-b733-12768a69acc7/datanode-1/data/ratis/5a45f44c-c04a-4532-ae8c-2ea0c65c1138
2019-11-17 12:02:12,248 [pool-27-thread-1] INFO  server.RaftServerConfigKeys (ConfUtils.java:logGet(43)) - raft.server.log.segment.size.max = 1048576 (custom)
2019-11-17 12:02:12,247 [pool-47-thread-1] INFO  server.RaftServerConfigKeys (ConfUtils.java:logGet(43)) - raft.server.log.purge.gap = 1000000 (custom)
2019-11-17 12:02:12,248 [pool-27-thread-1] INFO  server.RaftServerConfigKeys (ConfUtils.java:logGet(43)) - raft.server.log.segment.cache.num.max = 2 (custom)
2019-11-17 12:02:12,248 [pool-37-thread-1] INFO  server.RaftServerConfigKeys (ConfUtils.java:logGet(43)) - raft.server.log.queue.byte-limit = 2147483647 (custom)
2019-11-17 12:02:12,248 [pool-27-thread-1] INFO  segmented.SegmentedRaftLogWorker (SegmentedRaftLogWorker.java:<init>(173)) - new ccec334e-1c0a-44c7-9ca2-a5184d8fe135@group-2EA0C65C1138-SegmentedRaftLogWorker for RaftStorage:Storage Directory /workdir/hadoop-ozone/tools/target/test-dir/MiniOzoneClusterImpl-d38b15b7-9bf0-47ba-b733-12768a69acc7/datanode-0/data/ratis/5a45f44c-c04a-4532-ae8c-2ea0c65c1138
2019-11-17 12:02:12,248 [pool-47-thread-1] INFO  server.RaftServerConfigKeys (ConfUtils.java:logGet(43)) - raft.server.log.appender.buffer.byte-limit = 33554432 (custom)
2019-11-17 12:02:12,249 [pool-27-thread-1] INFO  server.RaftServerConfigKeys (ConfUtils.java:logGet(43)) - raft.server.log.queue.byte-limit = 2147483647 (custom)
2019-11-17 12:02:12,248 [pool-37-thread-1] INFO  server.RaftServerConfigKeys (ConfUtils.java:logGet(43)) - raft.server.log.queue.element-limit = 1024 (custom)
2019-11-17 12:02:12,249 [pool-27-thread-1] INFO  server.RaftServerConfigKeys (ConfUtils.java:logGet(43)) - raft.server.log.queue.element-limit = 1024 (custom)
2019-11-17 12:02:12,249 [pool-47-thread-1] INFO  server.RaftServerConfigKeys (ConfUtils.java:logGet(43)) - raft.server.log.segment.size.max = 1048576 (custom)
2019-11-17 12:02:12,249 [pool-27-thread-1] INFO  server.RaftServerConfigKeys (ConfUtils.java:logGet(43)) - raft.server.log.segment.size.max = 1048576 (custom)
2019-11-17 12:02:12,249 [pool-37-thread-1] INFO  server.RaftServerConfigKeys (ConfUtils.java:logGet(43)) - raft.server.log.segment.size.max = 1048576 (custom)
2019-11-17 12:02:12,250 [pool-27-thread-1] INFO  server.RaftServerConfigKeys (ConfUtils.java:logGet(43)) - raft.server.log.preallocated.size = 16384 (custom)
2019-11-17 12:02:12,249 [pool-47-thread-1] INFO  server.RaftServerConfigKeys (ConfUtils.java:logGet(43)) - raft.server.log.segment.cache.num.max = 2 (custom)
2019-11-17 12:02:12,250 [pool-27-thread-1] INFO  server.RaftServerConfigKeys (ConfUtils.java:logGet(43)) - raft.server.log.write.buffer.size = 33554432 (custom)
2019-11-17 12:02:12,250 [pool-37-thread-1] INFO  server.RaftServerConfigKeys (ConfUtils.java:logGet(43)) - raft.server.log.preallocated.size = 16384 (custom)
2019-11-17 12:02:12,250 [pool-27-thread-1] INFO  server.RaftServerConfigKeys (ConfUtils.java:logGet(43)) - raft.server.log.force.sync.num = 128 (default)
2019-11-17 12:02:12,250 [pool-47-thread-1] INFO  segmented.SegmentedRaftLogWorker (SegmentedRaftLogWorker.java:<init>(173)) - new 68d90b29-4c2d-4441-ab97-234a6cd2d540@group-2EA0C65C1138-SegmentedRaftLogWorker for RaftStorage:Storage Directory /workdir/hadoop-ozone/tools/target/test-dir/MiniOzoneClusterImpl-d38b15b7-9bf0-47ba-b733-12768a69acc7/datanode-2/data/ratis/5a45f44c-c04a-4532-ae8c-2ea0c65c1138
2019-11-17 12:02:12,251 [pool-27-thread-1] INFO  server.RaftServerConfigKeys (ConfUtils.java:logGet(43)) - raft.server.log.statemachine.data.sync = true (default)
2019-11-17 12:02:12,251 [pool-37-thread-1] INFO  server.RaftServerConfigKeys (ConfUtils.java:logGet(43)) - raft.server.log.write.buffer.size = 33554432 (custom)
2019-11-17 12:02:12,251 [pool-27-thread-1] INFO  server.RaftServerConfigKeys (ConfUtils.java:logGet(43)) - raft.server.log.statemachine.data.sync.timeout = 10s (default)
2019-11-17 12:02:12,251 [pool-47-thread-1] INFO  server.RaftServerConfigKeys (ConfUtils.java:logGet(43)) - raft.server.log.queue.byte-limit = 2147483647 (custom)
2019-11-17 12:02:12,251 [pool-27-thread-1] INFO  server.RaftServerConfigKeys (ConfUtils.java:logGet(43)) - raft.server.log.statemachine.data.sync.timeout.retry = -1 (default)
2019-11-17 12:02:12,251 [pool-37-thread-1] INFO  server.RaftServerConfigKeys (ConfUtils.java:logGet(43)) - raft.server.log.force.sync.num = 128 (default)
2019-11-17 12:02:12,252 [pool-27-thread-1] INFO  server.RaftServerConfigKeys (ConfUtils.java:logGet(43)) - raft.server.log.statemachine.data.caching.enabled = true (custom)
2019-11-17 12:02:12,252 [pool-47-thread-1] INFO  server.RaftServerConfigKeys (ConfUtils.java:logGet(43)) - raft.server.log.queue.element-limit = 1024 (custom)
2019-11-17 12:02:12,252 [pool-37-thread-1] INFO  server.RaftServerConfigKeys (ConfUtils.java:logGet(43)) - raft.server.log.statemachine.data.sync = true (default)
2019-11-17 12:02:12,252 [pool-27-thread-1] INFO  segmented.SegmentedRaftLogWorker (SegmentedRaftLogWorker.java:lambda$new$0(128)) - ccec334e-1c0a-44c7-9ca2-a5184d8fe135@group-2EA0C65C1138-SegmentedRaftLogWorker: flushIndex: setUnconditionally 0 -> -1
2019-11-17 12:02:12,252 [pool-47-thread-1] INFO  server.RaftServerConfigKeys (ConfUtils.java:logGet(43)) - raft.server.log.segment.size.max = 1048576 (custom)
2019-11-17 12:02:12,252 [pool-37-thread-1] INFO  server.RaftServerConfigKeys (ConfUtils.java:logGet(43)) - raft.server.log.statemachine.data.sync.timeout = 10s (default)
2019-11-17 12:02:12,253 [pool-27-thread-1] INFO  server.RaftServerConfigKeys (ConfUtils.java:logGet(43)) - raft.server.snapshot.auto.trigger.enabled = true (custom)
2019-11-17 12:02:12,253 [pool-47-thread-1] INFO  server.RaftServerConfigKeys (ConfUtils.java:logGet(43)) - raft.server.log.preallocated.size = 16384 (custom)
2019-11-17 12:02:12,253 [pool-27-thread-1] INFO  server.RaftServerConfigKeys (ConfUtils.java:logGet(43)) - raft.server.snapshot.auto.trigger.threshold = 10000 (custom)
2019-11-17 12:02:12,253 [pool-37-thread-1] INFO  server.RaftServerConfigKeys (ConfUtils.java:logGet(43)) - raft.server.log.statemachine.data.sync.timeout.retry = -1 (default)
2019-11-17 12:02:12,253 [pool-27-thread-1] INFO  server.RaftServerConfigKeys (ConfUtils.java:logGet(43)) - raft.server.snapshot.retention.file.num = 5 (custom)
2019-11-17 12:02:12,254 [pool-37-thread-1] INFO  server.RaftServerConfigKeys (ConfUtils.java:logGet(43)) - raft.server.log.statemachine.data.caching.enabled = true (custom)
2019-11-17 12:02:12,253 [pool-47-thread-1] INFO  server.RaftServerConfigKeys (ConfUtils.java:logGet(43)) - raft.server.log.write.buffer.size = 33554432 (custom)
2019-11-17 12:02:12,254 [pool-27-thread-1] INFO  server.RaftServerConfigKeys (ConfUtils.java:logGet(43)) - raft.server.retrycache.expirytime = 600000ms (custom)
2019-11-17 12:02:12,254 [pool-47-thread-1] INFO  server.RaftServerConfigKeys (ConfUtils.java:logGet(43)) - raft.server.log.force.sync.num = 128 (default)
2019-11-17 12:02:12,254 [pool-37-thread-1] INFO  segmented.SegmentedRaftLogWorker (SegmentedRaftLogWorker.java:lambda$new$0(128)) - d5d1df56-c796-4e3a-a7ef-40175175cdd8@group-2EA0C65C1138-SegmentedRaftLogWorker: flushIndex: setUnconditionally 0 -> -1
2019-11-17 12:02:12,254 [pool-47-thread-1] INFO  server.RaftServerConfigKeys (ConfUtils.java:logGet(43)) - raft.server.log.statemachine.data.sync = true (default)
2019-11-17 12:02:12,254 [pool-27-thread-1] WARN  impl.MetricRegistriesImpl (MetricRegistriesImpl.java:lambda$create$1(61)) - First MetricRegistry has been created without registering reporters. You may need to call MetricRegistries.global().addReportRegistration(...) before.
2019-11-17 12:02:12,255 [pool-47-thread-1] INFO  server.RaftServerConfigKeys (ConfUtils.java:logGet(43)) - raft.server.log.statemachine.data.sync.timeout = 10s (default)
2019-11-17 12:02:12,255 [pool-37-thread-1] INFO  server.RaftServerConfigKeys (ConfUtils.java:logGet(43)) - raft.server.snapshot.auto.trigger.enabled = true (custom)
2019-11-17 12:02:12,255 [pool-47-thread-1] INFO  server.RaftServerConfigKeys (ConfUtils.java:logGet(43)) - raft.server.log.statemachine.data.sync.timeout.retry = -1 (default)
2019-11-17 12:02:12,255 [pool-27-thread-1] WARN  impl.MetricRegistriesImpl (MetricRegistriesImpl.java:lambda$create$1(61)) - First MetricRegistry has been created without registering reporters. You may need to call MetricRegistries.global().addReportRegistration(...) before.
2019-11-17 12:02:12,255 [pool-47-thread-1] INFO  server.RaftServerConfigKeys (ConfUtils.java:logGet(43)) - raft.server.log.statemachine.data.caching.enabled = true (custom)
2019-11-17 12:02:12,255 [pool-37-thread-1] INFO  server.RaftServerConfigKeys (ConfUtils.java:logGet(43)) - raft.server.snapshot.auto.trigger.threshold = 10000 (custom)
2019-11-17 12:02:12,256 [pool-27-thread-1] INFO  impl.RaftServerImpl (RaftServerImpl.java:start(184)) - ccec334e-1c0a-44c7-9ca2-a5184d8fe135@group-2EA0C65C1138: start as a follower, conf=-1: [68d90b29-4c2d-4441-ab97-234a6cd2d540:192.168.157.219:40731, d5d1df56-c796-4e3a-a7ef-40175175cdd8:192.168.157.219:32848, ccec334e-1c0a-44c7-9ca2-a5184d8fe135:192.168.157.219:40432], old=null
2019-11-17 12:02:12,256 [pool-47-thread-1] INFO  segmented.SegmentedRaftLogWorker (SegmentedRaftLogWorker.java:lambda$new$0(128)) - 68d90b29-4c2d-4441-ab97-234a6cd2d540@group-2EA0C65C1138-SegmentedRaftLogWorker: flushIndex: setUnconditionally 0 -> -1
2019-11-17 12:02:12,256 [pool-37-thread-1] INFO  server.RaftServerConfigKeys (ConfUtils.java:logGet(43)) - raft.server.snapshot.retention.file.num = 5 (custom)
2019-11-17 12:02:12,256 [pool-27-thread-1] INFO  impl.RaftServerImpl (RaftServerImpl.java:setRole(173)) - ccec334e-1c0a-44c7-9ca2-a5184d8fe135@group-2EA0C65C1138: changes role from      null to FOLLOWER at term 0 for startAsFollower
2019-11-17 12:02:12,256 [pool-37-thread-1] INFO  server.RaftServerConfigKeys (ConfUtils.java:logGet(43)) - raft.server.retrycache.expirytime = 600000ms (custom)
2019-11-17 12:02:12,256 [pool-47-thread-1] INFO  server.RaftServerConfigKeys (ConfUtils.java:logGet(43)) - raft.server.snapshot.auto.trigger.enabled = true (custom)
2019-11-17 12:02:12,257 [pool-37-thread-1] WARN  impl.MetricRegistriesImpl (MetricRegistriesImpl.java:lambda$create$1(61)) - First MetricRegistry has been created without registering reporters. You may need to call MetricRegistries.global().addReportRegistration(...) before.
2019-11-17 12:02:12,257 [pool-27-thread-1] INFO  impl.RoleInfo (RoleInfo.java:updateAndGet(143)) - ccec334e-1c0a-44c7-9ca2-a5184d8fe135: start FollowerState
2019-11-17 12:02:12,257 [pool-37-thread-1] WARN  impl.MetricRegistriesImpl (MetricRegistriesImpl.java:lambda$create$1(61)) - First MetricRegistry has been created without registering reporters. You may need to call MetricRegistries.global().addReportRegistration(...) before.
2019-11-17 12:02:12,257 [pool-47-thread-1] INFO  server.RaftServerConfigKeys (ConfUtils.java:logGet(43)) - raft.server.snapshot.auto.trigger.threshold = 10000 (custom)
2019-11-17 12:02:12,257 [pool-37-thread-1] INFO  impl.RaftServerImpl (RaftServerImpl.java:start(184)) - d5d1df56-c796-4e3a-a7ef-40175175cdd8@group-2EA0C65C1138: start as a follower, conf=-1: [68d90b29-4c2d-4441-ab97-234a6cd2d540:192.168.157.219:40731, d5d1df56-c796-4e3a-a7ef-40175175cdd8:192.168.157.219:32848, ccec334e-1c0a-44c7-9ca2-a5184d8fe135:192.168.157.219:40432], old=null
2019-11-17 12:02:12,257 [pool-27-thread-1] INFO  util.JmxRegister (JmxRegister.java:tryRegister(44)) - Successfully registered JMX Bean with object name Ratis:service=RaftServer,group=group-2EA0C65C1138,id=ccec334e-1c0a-44c7-9ca2-a5184d8fe135
2019-11-17 12:02:12,257 [pool-47-thread-1] INFO  server.RaftServerConfigKeys (ConfUtils.java:logGet(43)) - raft.server.snapshot.retention.file.num = 5 (custom)
2019-11-17 12:02:12,258 [pool-27-thread-1] WARN  impl.MetricRegistriesImpl (MetricRegistriesImpl.java:lambda$create$1(61)) - First MetricRegistry has been created without registering reporters. You may need to call MetricRegistries.global().addReportRegistration(...) before.
2019-11-17 12:02:12,257 [pool-37-thread-1] INFO  impl.RaftServerImpl (RaftServerImpl.java:setRole(173)) - d5d1df56-c796-4e3a-a7ef-40175175cdd8@group-2EA0C65C1138: changes role from      null to FOLLOWER at term 0 for startAsFollower
2019-11-17 12:02:12,258 [pool-47-thread-1] INFO  server.RaftServerConfigKeys (ConfUtils.java:logGet(43)) - raft.server.retrycache.expirytime = 600000ms (custom)
2019-11-17 12:02:12,258 [pool-37-thread-1] INFO  impl.RoleInfo (RoleInfo.java:updateAndGet(143)) - d5d1df56-c796-4e3a-a7ef-40175175cdd8: start FollowerState
2019-11-17 12:02:12,258 [pool-47-thread-1] WARN  impl.MetricRegistriesImpl (MetricRegistriesImpl.java:lambda$create$1(61)) - First MetricRegistry has been created without registering reporters. You may need to call MetricRegistries.global().addReportRegistration(...) before.
2019-11-17 12:02:12,258 [pool-47-thread-1] WARN  impl.MetricRegistriesImpl (MetricRegistriesImpl.java:lambda$create$1(61)) - First MetricRegistry has been created without registering reporters. You may need to call MetricRegistries.global().addReportRegistration(...) before.
2019-11-17 12:02:12,258 [Command processor thread] INFO  commandhandler.CreatePipelineCommandHandler (CreatePipelineCommandHandler.java:handle(86)) - Create Pipeline RATIS THREE #id: "5a45f44c-c04a-4532-ae8c-2ea0c65c1138"
 command succeed on datanode ccec334e-1c0a-44c7-9ca2-a5184d8fe135.
2019-11-17 12:02:12,259 [pool-37-thread-1] INFO  util.JmxRegister (JmxRegister.java:tryRegister(44)) - Successfully registered JMX Bean with object name Ratis:service=RaftServer,group=group-2EA0C65C1138,id=d5d1df56-c796-4e3a-a7ef-40175175cdd8
2019-11-17 12:02:12,259 [pool-47-thread-1] INFO  impl.RaftServerImpl (RaftServerImpl.java:start(184)) - 68d90b29-4c2d-4441-ab97-234a6cd2d540@group-2EA0C65C1138: start as a follower, conf=-1: [68d90b29-4c2d-4441-ab97-234a6cd2d540:192.168.157.219:40731, d5d1df56-c796-4e3a-a7ef-40175175cdd8:192.168.157.219:32848, ccec334e-1c0a-44c7-9ca2-a5184d8fe135:192.168.157.219:40432], old=null
2019-11-17 12:02:12,259 [pool-37-thread-1] WARN  impl.MetricRegistriesImpl (MetricRegistriesImpl.java:lambda$create$1(61)) - First MetricRegistry has been created without registering reporters. You may need to call MetricRegistries.global().addReportRegistration(...) before.
2019-11-17 12:02:12,259 [pool-47-thread-1] INFO  impl.RaftServerImpl (RaftServerImpl.java:setRole(173)) - 68d90b29-4c2d-4441-ab97-234a6cd2d540@group-2EA0C65C1138: changes role from      null to FOLLOWER at term 0 for startAsFollower
2019-11-17 12:02:12,259 [pool-47-thread-1] INFO  impl.RoleInfo (RoleInfo.java:updateAndGet(143)) - 68d90b29-4c2d-4441-ab97-234a6cd2d540: start FollowerState
2019-11-17 12:02:12,260 [Command processor thread] INFO  commandhandler.CreatePipelineCommandHandler (CreatePipelineCommandHandler.java:handle(86)) - Create Pipeline RATIS THREE #id: "5a45f44c-c04a-4532-ae8c-2ea0c65c1138"
 command succeed on datanode d5d1df56-c796-4e3a-a7ef-40175175cdd8.
2019-11-17 12:02:12,261 [pool-47-thread-1] INFO  util.JmxRegister (JmxRegister.java:tryRegister(44)) - Successfully registered JMX Bean with object name Ratis:service=RaftServer,group=group-2EA0C65C1138,id=68d90b29-4c2d-4441-ab97-234a6cd2d540
2019-11-17 12:02:12,261 [pool-47-thread-1] WARN  impl.MetricRegistriesImpl (MetricRegistriesImpl.java:lambda$create$1(61)) - First MetricRegistry has been created without registering reporters. You may need to call MetricRegistries.global().addReportRegistration(...) before.
2019-11-17 12:02:12,261 [EventQueue-PipelineReportForPipelineReportHandler] INFO  pipeline.PipelineReportHandler (PipelineReportHandler.java:processPipelineReport(113)) - Pipeline THREE PipelineID=5a45f44c-c04a-4532-ae8c-2ea0c65c1138 reported by ccec334e-1c0a-44c7-9ca2-a5184d8fe135{ip: 192.168.157.219, host: pr-hdds-2521-s74hp-2299638293, networkLocation: /default-rack, certSerialId: null}
2019-11-17 12:02:12,263 [Command processor thread] INFO  commandhandler.CreatePipelineCommandHandler (CreatePipelineCommandHandler.java:handle(86)) - Create Pipeline RATIS THREE #id: "5a45f44c-c04a-4532-ae8c-2ea0c65c1138"
 command succeed on datanode 68d90b29-4c2d-4441-ab97-234a6cd2d540.
2019-11-17 12:02:12,263 [EventQueue-PipelineReportForPipelineReportHandler] INFO  pipeline.PipelineReportHandler (PipelineReportHandler.java:processPipelineReport(113)) - Pipeline THREE PipelineID=5a45f44c-c04a-4532-ae8c-2ea0c65c1138 reported by d5d1df56-c796-4e3a-a7ef-40175175cdd8{ip: 192.168.157.219, host: pr-hdds-2521-s74hp-2299638293, networkLocation: /default-rack, certSerialId: null}
2019-11-17 12:02:12,265 [EventQueue-PipelineReportForPipelineReportHandler] INFO  pipeline.PipelineReportHandler (PipelineReportHandler.java:processPipelineReport(113)) - Pipeline THREE PipelineID=5a45f44c-c04a-4532-ae8c-2ea0c65c1138 reported by 68d90b29-4c2d-4441-ab97-234a6cd2d540{ip: 192.168.157.219, host: pr-hdds-2521-s74hp-2299638293, networkLocation: /default-rack, certSerialId: null}
2019-11-17 12:02:13,054 [main] INFO  ozone.MiniOzoneClusterImpl (MiniOzoneClusterImpl.java:lambda$waitForClusterToBeReady$0(150)) - Nodes are ready. Got 3 of 3 DN Heartbeats.
2019-11-17 12:02:13,055 [main] INFO  ozone.MiniOzoneClusterImpl (MiniOzoneClusterImpl.java:lambda$waitForClusterToBeReady$0(153)) - Waiting for cluster to exit safe mode
2019-11-17 12:02:14,055 [main] INFO  ozone.MiniOzoneClusterImpl (MiniOzoneClusterImpl.java:lambda$waitForClusterToBeReady$0(150)) - Nodes are ready. Got 3 of 3 DN Heartbeats.
2019-11-17 12:02:14,056 [main] INFO  ozone.MiniOzoneClusterImpl (MiniOzoneClusterImpl.java:lambda$waitForClusterToBeReady$0(153)) - Waiting for cluster to exit safe mode
2019-11-17 12:02:15,056 [main] INFO  ozone.MiniOzoneClusterImpl (MiniOzoneClusterImpl.java:lambda$waitForClusterToBeReady$0(150)) - Nodes are ready. Got 3 of 3 DN Heartbeats.
2019-11-17 12:02:15,056 [main] INFO  ozone.MiniOzoneClusterImpl (MiniOzoneClusterImpl.java:lambda$waitForClusterToBeReady$0(153)) - Waiting for cluster to exit safe mode
2019-11-17 12:02:16,057 [main] INFO  ozone.MiniOzoneClusterImpl (MiniOzoneClusterImpl.java:lambda$waitForClusterToBeReady$0(150)) - Nodes are ready. Got 3 of 3 DN Heartbeats.
2019-11-17 12:02:16,057 [main] INFO  ozone.MiniOzoneClusterImpl (MiniOzoneClusterImpl.java:lambda$waitForClusterToBeReady$0(153)) - Waiting for cluster to exit safe mode
2019-11-17 12:02:17,057 [main] INFO  ozone.MiniOzoneClusterImpl (MiniOzoneClusterImpl.java:lambda$waitForClusterToBeReady$0(150)) - Nodes are ready. Got 3 of 3 DN Heartbeats.
2019-11-17 12:02:17,058 [main] INFO  ozone.MiniOzoneClusterImpl (MiniOzoneClusterImpl.java:lambda$waitForClusterToBeReady$0(153)) - Waiting for cluster to exit safe mode
2019-11-17 12:02:17,232 [Thread-182] INFO  impl.FollowerState (FollowerState.java:run(111)) - ccec334e-1c0a-44c7-9ca2-a5184d8fe135@group-B14169A74A9A-FollowerState: change to CANDIDATE, lastRpcTime:5068ms, electionTimeout:5067ms
2019-11-17 12:02:17,235 [Thread-182] INFO  impl.RoleInfo (RoleInfo.java:shutdownFollowerState(121)) - ccec334e-1c0a-44c7-9ca2-a5184d8fe135: shutdown FollowerState
2019-11-17 12:02:17,235 [Thread-182] INFO  impl.RaftServerImpl (RaftServerImpl.java:setRole(173)) - ccec334e-1c0a-44c7-9ca2-a5184d8fe135@group-B14169A74A9A: changes role from  FOLLOWER to CANDIDATE at term 0 for changeToCandidate
2019-11-17 12:02:17,239 [Thread-182] INFO  impl.RoleInfo (RoleInfo.java:updateAndGet(143)) - ccec334e-1c0a-44c7-9ca2-a5184d8fe135: start LeaderElection
2019-11-17 12:02:17,292 [ccec334e-1c0a-44c7-9ca2-a5184d8fe135@group-B14169A74A9A-LeaderElection1] INFO  impl.LeaderElection (LeaderElection.java:askForVotes(178)) - ccec334e-1c0a-44c7-9ca2-a5184d8fe135@group-B14169A74A9A-LeaderElection1: begin an election at term 1 for -1: [ccec334e-1c0a-44c7-9ca2-a5184d8fe135:192.168.157.219:40432], old=null
2019-11-17 12:02:17,295 [ccec334e-1c0a-44c7-9ca2-a5184d8fe135@group-B14169A74A9A-LeaderElection1] INFO  impl.RoleInfo (RoleInfo.java:shutdownLeaderElection(134)) - ccec334e-1c0a-44c7-9ca2-a5184d8fe135: shutdown LeaderElection
2019-11-17 12:02:17,295 [ccec334e-1c0a-44c7-9ca2-a5184d8fe135@group-B14169A74A9A-LeaderElection1] INFO  impl.RaftServerImpl (RaftServerImpl.java:setRole(173)) - ccec334e-1c0a-44c7-9ca2-a5184d8fe135@group-B14169A74A9A: changes role from CANDIDATE to LEADER at term 1 for changeToLeader
2019-11-17 12:02:17,296 [ccec334e-1c0a-44c7-9ca2-a5184d8fe135@group-B14169A74A9A-LeaderElection1] INFO  ratis.XceiverServerRatis (XceiverServerRatis.java:handleLeaderChangedNotification(733)) - Leader change notification received for group: group-B14169A74A9A with new leaderId: ccec334e-1c0a-44c7-9ca2-a5184d8fe135
2019-11-17 12:02:17,296 [ccec334e-1c0a-44c7-9ca2-a5184d8fe135@group-B14169A74A9A-LeaderElection1] INFO  impl.RaftServerImpl (ServerState.java:setLeader(255)) - ccec334e-1c0a-44c7-9ca2-a5184d8fe135@group-B14169A74A9A: change Leader from null to ccec334e-1c0a-44c7-9ca2-a5184d8fe135 at term 1 for becomeLeader, leader elected after 5283ms
2019-11-17 12:02:17,298 [EventQueue-PipelineReportForPipelineReportHandler] INFO  pipeline.PipelineReportHandler (PipelineReportHandler.java:processPipelineReport(113)) - Pipeline THREE PipelineID=5a45f44c-c04a-4532-ae8c-2ea0c65c1138 reported by ccec334e-1c0a-44c7-9ca2-a5184d8fe135{ip: 192.168.157.219, host: pr-hdds-2521-s74hp-2299638293, networkLocation: /default-rack, certSerialId: null}
2019-11-17 12:02:17,304 [ccec334e-1c0a-44c7-9ca2-a5184d8fe135@group-B14169A74A9A-LeaderElection1] INFO  server.RaftServerConfigKeys (ConfUtils.java:logGet(43)) - raft.server.staging.catchup.gap = 1000 (default)
2019-11-17 12:02:17,304 [ccec334e-1c0a-44c7-9ca2-a5184d8fe135@group-B14169A74A9A-LeaderElection1] INFO  server.RaftServerConfigKeys (ConfUtils.java:logGet(43)) - raft.server.rpc.sleep.time = 25ms (default)
2019-11-17 12:02:17,309 [ccec334e-1c0a-44c7-9ca2-a5184d8fe135@group-B14169A74A9A-LeaderElection1] INFO  server.RaftServerConfigKeys (ConfUtils.java:logGet(43)) - raft.server.write.element-limit = 4096 (default)
2019-11-17 12:02:17,316 [ccec334e-1c0a-44c7-9ca2-a5184d8fe135@group-B14169A74A9A-LeaderElection1] INFO  server.RaftServerConfigKeys (ConfUtils.java:logGet(43)) - raft.server.watch.timeout = 10s (default)
2019-11-17 12:02:17,316 [ccec334e-1c0a-44c7-9ca2-a5184d8fe135@group-B14169A74A9A-LeaderElection1] INFO  server.RaftServerConfigKeys (ConfUtils.java:logGet(43)) - raft.server.watch.timeout.denomination = 1s (default)
2019-11-17 12:02:17,317 [ccec334e-1c0a-44c7-9ca2-a5184d8fe135@group-B14169A74A9A-LeaderElection1] INFO  server.RaftServerConfigKeys (ConfUtils.java:logGet(43)) - raft.server.watch.element-limit = 65536 (default)
2019-11-17 12:02:17,323 [Thread-183] INFO  impl.FollowerState (FollowerState.java:run(111)) - 68d90b29-4c2d-4441-ab97-234a6cd2d540@group-7D064EE12CD3-FollowerState: change to CANDIDATE, lastRpcTime:5160ms, electionTimeout:5158ms
2019-11-17 12:02:17,324 [Thread-183] INFO  impl.RoleInfo (RoleInfo.java:shutdownFollowerState(121)) - 68d90b29-4c2d-4441-ab97-234a6cd2d540: shutdown FollowerState
2019-11-17 12:02:17,324 [Thread-183] INFO  impl.RaftServerImpl (RaftServerImpl.java:setRole(173)) - 68d90b29-4c2d-4441-ab97-234a6cd2d540@group-7D064EE12CD3: changes role from  FOLLOWER to CANDIDATE at term 0 for changeToCandidate
2019-11-17 12:02:17,324 [Thread-183] INFO  impl.RoleInfo (RoleInfo.java:updateAndGet(143)) - 68d90b29-4c2d-4441-ab97-234a6cd2d540: start LeaderElection
2019-11-17 12:02:17,329 [ccec334e-1c0a-44c7-9ca2-a5184d8fe135@group-B14169A74A9A-LeaderElection1] INFO  impl.RoleInfo (RoleInfo.java:updateAndGet(143)) - ccec334e-1c0a-44c7-9ca2-a5184d8fe135: start LeaderState
2019-11-17 12:02:17,343 [Thread-191] INFO  impl.FollowerState (FollowerState.java:run(111)) - 68d90b29-4c2d-4441-ab97-234a6cd2d540@group-2EA0C65C1138-FollowerState: change to CANDIDATE, lastRpcTime:5083ms, electionTimeout:5082ms
2019-11-17 12:02:17,343 [Thread-191] INFO  impl.RoleInfo (RoleInfo.java:shutdownFollowerState(121)) - 68d90b29-4c2d-4441-ab97-234a6cd2d540: shutdown FollowerState
2019-11-17 12:02:17,343 [Thread-191] INFO  impl.RaftServerImpl (RaftServerImpl.java:setRole(173)) - 68d90b29-4c2d-4441-ab97-234a6cd2d540@group-2EA0C65C1138: changes role from  FOLLOWER to CANDIDATE at term 0 for changeToCandidate
2019-11-17 12:02:17,344 [Thread-191] INFO  impl.RoleInfo (RoleInfo.java:updateAndGet(143)) - 68d90b29-4c2d-4441-ab97-234a6cd2d540: start LeaderElection
2019-11-17 12:02:17,344 [Thread-181] INFO  impl.FollowerState (FollowerState.java:run(111)) - d5d1df56-c796-4e3a-a7ef-40175175cdd8@group-AA7F844BDCF2-FollowerState: change to CANDIDATE, lastRpcTime:5180ms, electionTimeout:5179ms
2019-11-17 12:02:17,346 [Thread-181] INFO  impl.RoleInfo (RoleInfo.java:shutdownFollowerState(121)) - d5d1df56-c796-4e3a-a7ef-40175175cdd8: shutdown FollowerState
2019-11-17 12:02:17,346 [Thread-181] INFO  impl.RaftServerImpl (RaftServerImpl.java:setRole(173)) - d5d1df56-c796-4e3a-a7ef-40175175cdd8@group-AA7F844BDCF2: changes role from  FOLLOWER to CANDIDATE at term 0 for changeToCandidate
2019-11-17 12:02:17,346 [Thread-181] INFO  impl.RoleInfo (RoleInfo.java:updateAndGet(143)) - d5d1df56-c796-4e3a-a7ef-40175175cdd8: start LeaderElection
2019-11-17 12:02:17,351 [68d90b29-4c2d-4441-ab97-234a6cd2d540@group-7D064EE12CD3-LeaderElection2] INFO  impl.LeaderElection (LeaderElection.java:askForVotes(178)) - 68d90b29-4c2d-4441-ab97-234a6cd2d540@group-7D064EE12CD3-LeaderElection2: begin an election at term 1 for -1: [68d90b29-4c2d-4441-ab97-234a6cd2d540:192.168.157.219:40731], old=null
2019-11-17 12:02:17,352 [68d90b29-4c2d-4441-ab97-234a6cd2d540@group-7D064EE12CD3-LeaderElection2] INFO  impl.RoleInfo (RoleInfo.java:shutdownLeaderElection(134)) - 68d90b29-4c2d-4441-ab97-234a6cd2d540: shutdown LeaderElection
2019-11-17 12:02:17,352 [68d90b29-4c2d-4441-ab97-234a6cd2d540@group-7D064EE12CD3-LeaderElection2] INFO  impl.RaftServerImpl (RaftServerImpl.java:setRole(173)) - 68d90b29-4c2d-4441-ab97-234a6cd2d540@group-7D064EE12CD3: changes role from CANDIDATE to LEADER at term 1 for changeToLeader
2019-11-17 12:02:17,352 [68d90b29-4c2d-4441-ab97-234a6cd2d540@group-7D064EE12CD3-LeaderElection2] INFO  ratis.XceiverServerRatis (XceiverServerRatis.java:handleLeaderChangedNotification(733)) - Leader change notification received for group: group-7D064EE12CD3 with new leaderId: 68d90b29-4c2d-4441-ab97-234a6cd2d540
2019-11-17 12:02:17,353 [68d90b29-4c2d-4441-ab97-234a6cd2d540@group-7D064EE12CD3-LeaderElection2] INFO  impl.RaftServerImpl (ServerState.java:setLeader(255)) - 68d90b29-4c2d-4441-ab97-234a6cd2d540@group-7D064EE12CD3: change Leader from null to 68d90b29-4c2d-4441-ab97-234a6cd2d540 at term 1 for becomeLeader, leader elected after 5225ms
2019-11-17 12:02:17,353 [68d90b29-4c2d-4441-ab97-234a6cd2d540@group-7D064EE12CD3-LeaderElection2] INFO  server.RaftServerConfigKeys (ConfUtils.java:logGet(43)) - raft.server.staging.catchup.gap = 1000 (default)
2019-11-17 12:02:17,353 [68d90b29-4c2d-4441-ab97-234a6cd2d540@group-7D064EE12CD3-LeaderElection2] INFO  server.RaftServerConfigKeys (ConfUtils.java:logGet(43)) - raft.server.rpc.sleep.time = 25ms (default)
2019-11-17 12:02:17,353 [68d90b29-4c2d-4441-ab97-234a6cd2d540@group-7D064EE12CD3-LeaderElection2] INFO  server.RaftServerConfigKeys (ConfUtils.java:logGet(43)) - raft.server.write.element-limit = 4096 (default)
2019-11-17 12:02:17,354 [68d90b29-4c2d-4441-ab97-234a6cd2d540@group-7D064EE12CD3-LeaderElection2] INFO  server.RaftServerConfigKeys (ConfUtils.java:logGet(43)) - raft.server.watch.timeout = 10s (default)
2019-11-17 12:02:17,354 [68d90b29-4c2d-4441-ab97-234a6cd2d540@group-7D064EE12CD3-LeaderElection2] INFO  server.RaftServerConfigKeys (ConfUtils.java:logGet(43)) - raft.server.watch.timeout.denomination = 1s (default)
2019-11-17 12:02:17,354 [68d90b29-4c2d-4441-ab97-234a6cd2d540@group-7D064EE12CD3-LeaderElection2] INFO  server.RaftServerConfigKeys (ConfUtils.java:logGet(43)) - raft.server.watch.element-limit = 65536 (default)
2019-11-17 12:02:17,355 [ccec334e-1c0a-44c7-9ca2-a5184d8fe135@group-B14169A74A9A-LeaderElection1] INFO  segmented.SegmentedRaftLogWorker (SegmentedRaftLogWorker.java:startLogSegment(385)) - ccec334e-1c0a-44c7-9ca2-a5184d8fe135@group-B14169A74A9A-SegmentedRaftLogWorker: Starting segment from index:0
2019-11-17 12:02:17,355 [68d90b29-4c2d-4441-ab97-234a6cd2d540@group-7D064EE12CD3-LeaderElection2] INFO  impl.RoleInfo (RoleInfo.java:updateAndGet(143)) - 68d90b29-4c2d-4441-ab97-234a6cd2d540: start LeaderState
2019-11-17 12:02:17,355 [EventQueue-PipelineReportForPipelineReportHandler] INFO  pipeline.PipelineReportHandler (PipelineReportHandler.java:processPipelineReport(113)) - Pipeline THREE PipelineID=5a45f44c-c04a-4532-ae8c-2ea0c65c1138 reported by 68d90b29-4c2d-4441-ab97-234a6cd2d540{ip: 192.168.157.219, host: pr-hdds-2521-s74hp-2299638293, networkLocation: /default-rack, certSerialId: null}
2019-11-17 12:02:17,355 [68d90b29-4c2d-4441-ab97-234a6cd2d540@group-7D064EE12CD3-LeaderElection2] INFO  segmented.SegmentedRaftLogWorker (SegmentedRaftLogWorker.java:startLogSegment(385)) - 68d90b29-4c2d-4441-ab97-234a6cd2d540@group-7D064EE12CD3-SegmentedRaftLogWorker: Starting segment from index:0
2019-11-17 12:02:17,368 [Thread-190] INFO  impl.FollowerState (FollowerState.java:run(111)) - d5d1df56-c796-4e3a-a7ef-40175175cdd8@group-2EA0C65C1138-FollowerState: change to CANDIDATE, lastRpcTime:5109ms, electionTimeout:5109ms
2019-11-17 12:02:17,368 [Thread-190] INFO  impl.RoleInfo (RoleInfo.java:shutdownFollowerState(121)) - d5d1df56-c796-4e3a-a7ef-40175175cdd8: shutdown FollowerState
2019-11-17 12:02:17,368 [Thread-190] INFO  impl.RaftServerImpl (RaftServerImpl.java:setRole(173)) - d5d1df56-c796-4e3a-a7ef-40175175cdd8@group-2EA0C65C1138: changes role from  FOLLOWER to CANDIDATE at term 0 for changeToCandidate
2019-11-17 12:02:17,368 [Thread-190] INFO  impl.RoleInfo (RoleInfo.java:updateAndGet(143)) - d5d1df56-c796-4e3a-a7ef-40175175cdd8: start LeaderElection
2019-11-17 12:02:17,368 [d5d1df56-c796-4e3a-a7ef-40175175cdd8@group-AA7F844BDCF2-LeaderElection4] INFO  impl.LeaderElection (LeaderElection.java:askForVotes(178)) - d5d1df56-c796-4e3a-a7ef-40175175cdd8@group-AA7F844BDCF2-LeaderElection4: begin an election at term 1 for -1: [d5d1df56-c796-4e3a-a7ef-40175175cdd8:192.168.157.219:32848], old=null
2019-11-17 12:02:17,368 [68d90b29-4c2d-4441-ab97-234a6cd2d540@group-2EA0C65C1138-LeaderElection3] INFO  impl.LeaderElection (LeaderElection.java:askForVotes(178)) - 68d90b29-4c2d-4441-ab97-234a6cd2d540@group-2EA0C65C1138-LeaderElection3: begin an election at term 1 for -1: [68d90b29-4c2d-4441-ab97-234a6cd2d540:192.168.157.219:40731, d5d1df56-c796-4e3a-a7ef-40175175cdd8:192.168.157.219:32848, ccec334e-1c0a-44c7-9ca2-a5184d8fe135:192.168.157.219:40432], old=null
2019-11-17 12:02:17,370 [d5d1df56-c796-4e3a-a7ef-40175175cdd8@group-AA7F844BDCF2-LeaderElection4] INFO  impl.RoleInfo (RoleInfo.java:shutdownLeaderElection(134)) - d5d1df56-c796-4e3a-a7ef-40175175cdd8: shutdown LeaderElection
2019-11-17 12:02:17,370 [d5d1df56-c796-4e3a-a7ef-40175175cdd8@group-AA7F844BDCF2-LeaderElection4] INFO  impl.RaftServerImpl (RaftServerImpl.java:setRole(173)) - d5d1df56-c796-4e3a-a7ef-40175175cdd8@group-AA7F844BDCF2: changes role from CANDIDATE to LEADER at term 1 for changeToLeader
2019-11-17 12:02:17,371 [Thread-188] INFO  impl.FollowerState (FollowerState.java:run(111)) - ccec334e-1c0a-44c7-9ca2-a5184d8fe135@group-2EA0C65C1138-FollowerState: change to CANDIDATE, lastRpcTime:5114ms, electionTimeout:5113ms
2019-11-17 12:02:17,371 [d5d1df56-c796-4e3a-a7ef-40175175cdd8@group-AA7F844BDCF2-LeaderElection4] INFO  ratis.XceiverServerRatis (XceiverServerRatis.java:handleLeaderChangedNotification(733)) - Leader change notification received for group: group-AA7F844BDCF2 with new leaderId: d5d1df56-c796-4e3a-a7ef-40175175cdd8
2019-11-17 12:02:17,371 [Thread-188] INFO  impl.RoleInfo (RoleInfo.java:shutdownFollowerState(121)) - ccec334e-1c0a-44c7-9ca2-a5184d8fe135: shutdown FollowerState
2019-11-17 12:02:17,371 [d5d1df56-c796-4e3a-a7ef-40175175cdd8@group-AA7F844BDCF2-LeaderElection4] INFO  impl.RaftServerImpl (ServerState.java:setLeader(255)) - d5d1df56-c796-4e3a-a7ef-40175175cdd8@group-AA7F844BDCF2: change Leader from null to d5d1df56-c796-4e3a-a7ef-40175175cdd8 at term 1 for becomeLeader, leader elected after 5337ms
2019-11-17 12:02:17,371 [Thread-188] INFO  impl.RaftServerImpl (RaftServerImpl.java:setRole(173)) - ccec334e-1c0a-44c7-9ca2-a5184d8fe135@group-2EA0C65C1138: changes role from  FOLLOWER to CANDIDATE at term 0 for changeToCandidate
2019-11-17 12:02:17,371 [d5d1df56-c796-4e3a-a7ef-40175175cdd8@group-AA7F844BDCF2-LeaderElection4] INFO  server.RaftServerConfigKeys (ConfUtils.java:logGet(43)) - raft.server.staging.catchup.gap = 1000 (default)
2019-11-17 12:02:17,371 [Thread-188] INFO  impl.RoleInfo (RoleInfo.java:updateAndGet(143)) - ccec334e-1c0a-44c7-9ca2-a5184d8fe135: start LeaderElection
2019-11-17 12:02:17,371 [d5d1df56-c796-4e3a-a7ef-40175175cdd8@group-AA7F844BDCF2-LeaderElection4] INFO  server.RaftServerConfigKeys (ConfUtils.java:logGet(43)) - raft.server.rpc.sleep.time = 25ms (default)
2019-11-17 12:02:17,373 [d5d1df56-c796-4e3a-a7ef-40175175cdd8@group-AA7F844BDCF2-LeaderElection4] INFO  server.RaftServerConfigKeys (ConfUtils.java:logGet(43)) - raft.server.write.element-limit = 4096 (default)
2019-11-17 12:02:17,375 [d5d1df56-c796-4e3a-a7ef-40175175cdd8@group-AA7F844BDCF2-LeaderElection4] INFO  server.RaftServerConfigKeys (ConfUtils.java:logGet(43)) - raft.server.watch.timeout = 10s (default)
2019-11-17 12:02:17,376 [d5d1df56-c796-4e3a-a7ef-40175175cdd8@group-AA7F844BDCF2-LeaderElection4] INFO  server.RaftServerConfigKeys (ConfUtils.java:logGet(43)) - raft.server.watch.timeout.denomination = 1s (default)
2019-11-17 12:02:17,376 [d5d1df56-c796-4e3a-a7ef-40175175cdd8@group-AA7F844BDCF2-LeaderElection4] INFO  server.RaftServerConfigKeys (ConfUtils.java:logGet(43)) - raft.server.watch.element-limit = 65536 (default)
2019-11-17 12:02:17,376 [d5d1df56-c796-4e3a-a7ef-40175175cdd8@group-AA7F844BDCF2-LeaderElection4] INFO  impl.RoleInfo (RoleInfo.java:updateAndGet(143)) - d5d1df56-c796-4e3a-a7ef-40175175cdd8: start LeaderState
2019-11-17 12:02:17,376 [EventQueue-PipelineReportForPipelineReportHandler] INFO  pipeline.PipelineReportHandler (PipelineReportHandler.java:processPipelineReport(113)) - Pipeline THREE PipelineID=5a45f44c-c04a-4532-ae8c-2ea0c65c1138 reported by d5d1df56-c796-4e3a-a7ef-40175175cdd8{ip: 192.168.157.219, host: pr-hdds-2521-s74hp-2299638293, networkLocation: /default-rack, certSerialId: null}
2019-11-17 12:02:17,376 [d5d1df56-c796-4e3a-a7ef-40175175cdd8@group-AA7F844BDCF2-LeaderElection4] INFO  segmented.SegmentedRaftLogWorker (SegmentedRaftLogWorker.java:startLogSegment(385)) - d5d1df56-c796-4e3a-a7ef-40175175cdd8@group-AA7F844BDCF2-SegmentedRaftLogWorker: Starting segment from index:0
2019-11-17 12:02:17,380 [ccec334e-1c0a-44c7-9ca2-a5184d8fe135@group-B14169A74A9A-LeaderElection1] INFO  impl.RaftServerImpl (ServerState.java:setRaftConf(356)) - ccec334e-1c0a-44c7-9ca2-a5184d8fe135@group-B14169A74A9A: set configuration 0: [ccec334e-1c0a-44c7-9ca2-a5184d8fe135:192.168.157.219:40432], old=null at 0
2019-11-17 12:02:17,380 [d5d1df56-c796-4e3a-a7ef-40175175cdd8@group-AA7F844BDCF2-LeaderElection4] INFO  impl.RaftServerImpl (ServerState.java:setRaftConf(356)) - d5d1df56-c796-4e3a-a7ef-40175175cdd8@group-AA7F844BDCF2: set configuration 0: [d5d1df56-c796-4e3a-a7ef-40175175cdd8:192.168.157.219:32848], old=null at 0
2019-11-17 12:02:17,380 [68d90b29-4c2d-4441-ab97-234a6cd2d540@group-7D064EE12CD3-LeaderElection2] INFO  impl.RaftServerImpl (ServerState.java:setRaftConf(356)) - 68d90b29-4c2d-4441-ab97-234a6cd2d540@group-7D064EE12CD3: set configuration 0: [68d90b29-4c2d-4441-ab97-234a6cd2d540:192.168.157.219:40731], old=null at 0
2019-11-17 12:02:17,394 [ccec334e-1c0a-44c7-9ca2-a5184d8fe135@group-2EA0C65C1138-LeaderElection6] INFO  impl.LeaderElection (LeaderElection.java:askForVotes(178)) - ccec334e-1c0a-44c7-9ca2-a5184d8fe135@group-2EA0C65C1138-LeaderElection6: begin an election at term 1 for -1: [68d90b29-4c2d-4441-ab97-234a6cd2d540:192.168.157.219:40731, d5d1df56-c796-4e3a-a7ef-40175175cdd8:192.168.157.219:32848, ccec334e-1c0a-44c7-9ca2-a5184d8fe135:192.168.157.219:40432], old=null
2019-11-17 12:02:17,394 [d5d1df56-c796-4e3a-a7ef-40175175cdd8@group-2EA0C65C1138-LeaderElection5] INFO  impl.LeaderElection (LeaderElection.java:askForVotes(178)) - d5d1df56-c796-4e3a-a7ef-40175175cdd8@group-2EA0C65C1138-LeaderElection5: begin an election at term 1 for -1: [68d90b29-4c2d-4441-ab97-234a6cd2d540:192.168.157.219:40731, d5d1df56-c796-4e3a-a7ef-40175175cdd8:192.168.157.219:32848, ccec334e-1c0a-44c7-9ca2-a5184d8fe135:192.168.157.219:40432], old=null
2019-11-17 12:02:17,569 [ccec334e-1c0a-44c7-9ca2-a5184d8fe135@group-B14169A74A9A-SegmentedRaftLogWorker] INFO  segmented.SegmentedRaftLogWorker (SegmentedRaftLogWorker.java:execute(576)) - ccec334e-1c0a-44c7-9ca2-a5184d8fe135@group-B14169A74A9A-SegmentedRaftLogWorker: created new log segment /workdir/hadoop-ozone/tools/target/test-dir/MiniOzoneClusterImpl-d38b15b7-9bf0-47ba-b733-12768a69acc7/datanode-0/data/ratis/51a50450-674d-4a49-8700-b14169a74a9a/current/log_inprogress_0
2019-11-17 12:02:17,569 [d5d1df56-c796-4e3a-a7ef-40175175cdd8@group-AA7F844BDCF2-SegmentedRaftLogWorker] INFO  segmented.SegmentedRaftLogWorker (SegmentedRaftLogWorker.java:execute(576)) - d5d1df56-c796-4e3a-a7ef-40175175cdd8@group-AA7F844BDCF2-SegmentedRaftLogWorker: created new log segment /workdir/hadoop-ozone/tools/target/test-dir/MiniOzoneClusterImpl-d38b15b7-9bf0-47ba-b733-12768a69acc7/datanode-1/data/ratis/4c0f8732-5a9f-4a58-9576-aa7f844bdcf2/current/log_inprogress_0
2019-11-17 12:02:17,569 [68d90b29-4c2d-4441-ab97-234a6cd2d540@group-7D064EE12CD3-SegmentedRaftLogWorker] INFO  segmented.SegmentedRaftLogWorker (SegmentedRaftLogWorker.java:execute(576)) - 68d90b29-4c2d-4441-ab97-234a6cd2d540@group-7D064EE12CD3-SegmentedRaftLogWorker: created new log segment /workdir/hadoop-ozone/tools/target/test-dir/MiniOzoneClusterImpl-d38b15b7-9bf0-47ba-b733-12768a69acc7/datanode-2/data/ratis/62719112-8b0a-4ba3-813b-7d064ee12cd3/current/log_inprogress_0
2019-11-17 12:02:17,898 [ccec334e-1c0a-44c7-9ca2-a5184d8fe135@group-2EA0C65C1138-LeaderElection6] INFO  impl.LeaderElection (LeaderElection.java:logAndReturn(56)) - ccec334e-1c0a-44c7-9ca2-a5184d8fe135@group-2EA0C65C1138-LeaderElection6: Election REJECTED; received 2 response(s) [ccec334e-1c0a-44c7-9ca2-a5184d8fe135<-68d90b29-4c2d-4441-ab97-234a6cd2d540#0:FAIL-t1, ccec334e-1c0a-44c7-9ca2-a5184d8fe135<-d5d1df56-c796-4e3a-a7ef-40175175cdd8#0:FAIL-t1] and 0 exception(s); ccec334e-1c0a-44c7-9ca2-a5184d8fe135@group-2EA0C65C1138:t1, leader=null, voted=ccec334e-1c0a-44c7-9ca2-a5184d8fe135, raftlog=ccec334e-1c0a-44c7-9ca2-a5184d8fe135@group-2EA0C65C1138-SegmentedRaftLog:OPENED:c-1,f-1,i0, conf=-1: [68d90b29-4c2d-4441-ab97-234a6cd2d540:192.168.157.219:40731, d5d1df56-c796-4e3a-a7ef-40175175cdd8:192.168.157.219:32848, ccec334e-1c0a-44c7-9ca2-a5184d8fe135:192.168.157.219:40432], old=null
2019-11-17 12:02:17,898 [68d90b29-4c2d-4441-ab97-234a6cd2d540@group-2EA0C65C1138-LeaderElection3] INFO  impl.LeaderElection (LeaderElection.java:logAndReturn(56)) - 68d90b29-4c2d-4441-ab97-234a6cd2d540@group-2EA0C65C1138-LeaderElection3: Election REJECTED; received 2 response(s) [68d90b29-4c2d-4441-ab97-234a6cd2d540<-d5d1df56-c796-4e3a-a7ef-40175175cdd8#0:FAIL-t1, 68d90b29-4c2d-4441-ab97-234a6cd2d540<-ccec334e-1c0a-44c7-9ca2-a5184d8fe135#0:FAIL-t1] and 0 exception(s); 68d90b29-4c2d-4441-ab97-234a6cd2d540@group-2EA0C65C1138:t1, leader=null, voted=68d90b29-4c2d-4441-ab97-234a6cd2d540, raftlog=68d90b29-4c2d-4441-ab97-234a6cd2d540@group-2EA0C65C1138-SegmentedRaftLog:OPENED:c-1,f-1,i0, conf=-1: [68d90b29-4c2d-4441-ab97-234a6cd2d540:192.168.157.219:40731, d5d1df56-c796-4e3a-a7ef-40175175cdd8:192.168.157.219:32848, ccec334e-1c0a-44c7-9ca2-a5184d8fe135:192.168.157.219:40432], old=null
2019-11-17 12:02:17,898 [d5d1df56-c796-4e3a-a7ef-40175175cdd8@group-2EA0C65C1138-LeaderElection5] INFO  impl.LeaderElection (LeaderElection.java:logAndReturn(56)) - d5d1df56-c796-4e3a-a7ef-40175175cdd8@group-2EA0C65C1138-LeaderElection5: Election REJECTED; received 2 response(s) [d5d1df56-c796-4e3a-a7ef-40175175cdd8<-68d90b29-4c2d-4441-ab97-234a6cd2d540#0:FAIL-t1, d5d1df56-c796-4e3a-a7ef-40175175cdd8<-ccec334e-1c0a-44c7-9ca2-a5184d8fe135#0:FAIL-t1] and 0 exception(s); d5d1df56-c796-4e3a-a7ef-40175175cdd8@group-2EA0C65C1138:t1, leader=null, voted=d5d1df56-c796-4e3a-a7ef-40175175cdd8, raftlog=d5d1df56-c796-4e3a-a7ef-40175175cdd8@group-2EA0C65C1138-SegmentedRaftLog:OPENED:c-1,f-1,i0, conf=-1: [68d90b29-4c2d-4441-ab97-234a6cd2d540:192.168.157.219:40731, d5d1df56-c796-4e3a-a7ef-40175175cdd8:192.168.157.219:32848, ccec334e-1c0a-44c7-9ca2-a5184d8fe135:192.168.157.219:40432], old=null
2019-11-17 12:02:17,902 [ccec334e-1c0a-44c7-9ca2-a5184d8fe135@group-2EA0C65C1138-LeaderElection6] INFO  impl.RaftServerImpl (RaftServerImpl.java:setRole(173)) - ccec334e-1c0a-44c7-9ca2-a5184d8fe135@group-2EA0C65C1138: changes role from CANDIDATE to FOLLOWER at term 1 for DISCOVERED_A_NEW_TERM
2019-11-17 12:02:17,904 [d5d1df56-c796-4e3a-a7ef-40175175cdd8@group-2EA0C65C1138-LeaderElection5] INFO  impl.RaftServerImpl (RaftServerImpl.java:setRole(173)) - d5d1df56-c796-4e3a-a7ef-40175175cdd8@group-2EA0C65C1138: changes role from CANDIDATE to FOLLOWER at term 1 for DISCOVERED_A_NEW_TERM
2019-11-17 12:02:17,905 [ccec334e-1c0a-44c7-9ca2-a5184d8fe135@group-2EA0C65C1138-LeaderElection6] INFO  impl.RoleInfo (RoleInfo.java:shutdownLeaderElection(134)) - ccec334e-1c0a-44c7-9ca2-a5184d8fe135: shutdown LeaderElection
2019-11-17 12:02:17,905 [d5d1df56-c796-4e3a-a7ef-40175175cdd8@group-2EA0C65C1138-LeaderElection5] INFO  impl.RoleInfo (RoleInfo.java:shutdownLeaderElection(134)) - d5d1df56-c796-4e3a-a7ef-40175175cdd8: shutdown LeaderElection
2019-11-17 12:02:17,906 [d5d1df56-c796-4e3a-a7ef-40175175cdd8@group-2EA0C65C1138-LeaderElection5] INFO  impl.RoleInfo (RoleInfo.java:updateAndGet(143)) - d5d1df56-c796-4e3a-a7ef-40175175cdd8: start FollowerState
2019-11-17 12:02:17,906 [ccec334e-1c0a-44c7-9ca2-a5184d8fe135@group-2EA0C65C1138-LeaderElection6] INFO  impl.RoleInfo (RoleInfo.java:updateAndGet(143)) - ccec334e-1c0a-44c7-9ca2-a5184d8fe135: start FollowerState
2019-11-17 12:02:17,906 [68d90b29-4c2d-4441-ab97-234a6cd2d540@group-2EA0C65C1138-LeaderElection3] INFO  impl.RaftServerImpl (RaftServerImpl.java:setRole(173)) - 68d90b29-4c2d-4441-ab97-234a6cd2d540@group-2EA0C65C1138: changes role from CANDIDATE to FOLLOWER at term 1 for DISCOVERED_A_NEW_TERM
2019-11-17 12:02:17,907 [68d90b29-4c2d-4441-ab97-234a6cd2d540@group-2EA0C65C1138-LeaderElection3] INFO  impl.RoleInfo (RoleInfo.java:shutdownLeaderElection(134)) - 68d90b29-4c2d-4441-ab97-234a6cd2d540: shutdown LeaderElection
2019-11-17 12:02:17,908 [68d90b29-4c2d-4441-ab97-234a6cd2d540@group-2EA0C65C1138-LeaderElection3] INFO  impl.RoleInfo (RoleInfo.java:updateAndGet(143)) - 68d90b29-4c2d-4441-ab97-234a6cd2d540: start FollowerState
2019-11-17 12:02:18,058 [main] INFO  ozone.MiniOzoneClusterImpl (MiniOzoneClusterImpl.java:lambda$waitForClusterToBeReady$0(150)) - Nodes are ready. Got 3 of 3 DN Heartbeats.
2019-11-17 12:02:18,059 [main] INFO  ozone.MiniOzoneClusterImpl (MiniOzoneClusterImpl.java:lambda$waitForClusterToBeReady$0(153)) - Waiting for cluster to exit safe mode
2019-11-17 12:02:19,059 [main] INFO  ozone.MiniOzoneClusterImpl (MiniOzoneClusterImpl.java:lambda$waitForClusterToBeReady$0(150)) - Nodes are ready. Got 3 of 3 DN Heartbeats.
2019-11-17 12:02:19,059 [main] INFO  ozone.MiniOzoneClusterImpl (MiniOzoneClusterImpl.java:lambda$waitForClusterToBeReady$0(153)) - Waiting for cluster to exit safe mode
2019-11-17 12:02:20,060 [main] INFO  ozone.MiniOzoneClusterImpl (MiniOzoneClusterImpl.java:lambda$waitForClusterToBeReady$0(150)) - Nodes are ready. Got 3 of 3 DN Heartbeats.
2019-11-17 12:02:20,060 [main] INFO  ozone.MiniOzoneClusterImpl (MiniOzoneClusterImpl.java:lambda$waitForClusterToBeReady$0(153)) - Waiting for cluster to exit safe mode
2019-11-17 12:02:21,060 [main] INFO  ozone.MiniOzoneClusterImpl (MiniOzoneClusterImpl.java:lambda$waitForClusterToBeReady$0(150)) - Nodes are ready. Got 3 of 3 DN Heartbeats.
2019-11-17 12:02:21,061 [main] INFO  ozone.MiniOzoneClusterImpl (MiniOzoneClusterImpl.java:lambda$waitForClusterToBeReady$0(153)) - Waiting for cluster to exit safe mode
2019-11-17 12:02:22,061 [main] INFO  ozone.MiniOzoneClusterImpl (MiniOzoneClusterImpl.java:lambda$waitForClusterToBeReady$0(150)) - Nodes are ready. Got 3 of 3 DN Heartbeats.
2019-11-17 12:02:22,062 [main] INFO  ozone.MiniOzoneClusterImpl (MiniOzoneClusterImpl.java:lambda$waitForClusterToBeReady$0(153)) - Waiting for cluster to exit safe mode
2019-11-17 12:02:23,028 [Thread-209] INFO  impl.FollowerState (FollowerState.java:run(111)) - 68d90b29-4c2d-4441-ab97-234a6cd2d540@group-2EA0C65C1138-FollowerState: change to CANDIDATE, lastRpcTime:5120ms, electionTimeout:5119ms
2019-11-17 12:02:23,028 [Thread-209] INFO  impl.RoleInfo (RoleInfo.java:shutdownFollowerState(121)) - 68d90b29-4c2d-4441-ab97-234a6cd2d540: shutdown FollowerState
2019-11-17 12:02:23,029 [Thread-209] INFO  impl.RaftServerImpl (RaftServerImpl.java:setRole(173)) - 68d90b29-4c2d-4441-ab97-234a6cd2d540@group-2EA0C65C1138: changes role from  FOLLOWER to CANDIDATE at term 1 for changeToCandidate
2019-11-17 12:02:23,029 [Thread-209] INFO  impl.RoleInfo (RoleInfo.java:updateAndGet(143)) - 68d90b29-4c2d-4441-ab97-234a6cd2d540: start LeaderElection
2019-11-17 12:02:23,052 [Thread-207] INFO  impl.FollowerState (FollowerState.java:run(111)) - ccec334e-1c0a-44c7-9ca2-a5184d8fe135@group-2EA0C65C1138-FollowerState: change to CANDIDATE, lastRpcTime:5146ms, electionTimeout:5145ms
2019-11-17 12:02:23,052 [Thread-207] INFO  impl.RoleInfo (RoleInfo.java:shutdownFollowerState(121)) - ccec334e-1c0a-44c7-9ca2-a5184d8fe135: shutdown FollowerState
2019-11-17 12:02:23,053 [Thread-207] INFO  impl.RaftServerImpl (RaftServerImpl.java:setRole(173)) - ccec334e-1c0a-44c7-9ca2-a5184d8fe135@group-2EA0C65C1138: changes role from  FOLLOWER to CANDIDATE at term 1 for changeToCandidate
2019-11-17 12:02:23,053 [Thread-207] INFO  impl.RoleInfo (RoleInfo.java:updateAndGet(143)) - ccec334e-1c0a-44c7-9ca2-a5184d8fe135: start LeaderElection
2019-11-17 12:02:23,056 [68d90b29-4c2d-4441-ab97-234a6cd2d540@group-2EA0C65C1138-LeaderElection7] INFO  impl.LeaderElection (LeaderElection.java:askForVotes(178)) - 68d90b29-4c2d-4441-ab97-234a6cd2d540@group-2EA0C65C1138-LeaderElection7: begin an election at term 2 for -1: [68d90b29-4c2d-4441-ab97-234a6cd2d540:192.168.157.219:40731, d5d1df56-c796-4e3a-a7ef-40175175cdd8:192.168.157.219:32848, ccec334e-1c0a-44c7-9ca2-a5184d8fe135:192.168.157.219:40432], old=null
2019-11-17 12:02:23,056 [Thread-208] INFO  impl.FollowerState (FollowerState.java:run(111)) - d5d1df56-c796-4e3a-a7ef-40175175cdd8@group-2EA0C65C1138-FollowerState: change to CANDIDATE, lastRpcTime:5150ms, electionTimeout:5150ms
2019-11-17 12:02:23,056 [Thread-208] INFO  impl.RoleInfo (RoleInfo.java:shutdownFollowerState(121)) - d5d1df56-c796-4e3a-a7ef-40175175cdd8: shutdown FollowerState
2019-11-17 12:02:23,057 [Thread-208] INFO  impl.RaftServerImpl (RaftServerImpl.java:setRole(173)) - d5d1df56-c796-4e3a-a7ef-40175175cdd8@group-2EA0C65C1138: changes role from  FOLLOWER to CANDIDATE at term 1 for changeToCandidate
2019-11-17 12:02:23,057 [Thread-208] INFO  impl.RoleInfo (RoleInfo.java:updateAndGet(143)) - d5d1df56-c796-4e3a-a7ef-40175175cdd8: start LeaderElection
2019-11-17 12:02:23,063 [main] INFO  ozone.MiniOzoneClusterImpl (MiniOzoneClusterImpl.java:lambda$waitForClusterToBeReady$0(150)) - Nodes are ready. Got 3 of 3 DN Heartbeats.
2019-11-17 12:02:23,063 [main] INFO  ozone.MiniOzoneClusterImpl (MiniOzoneClusterImpl.java:lambda$waitForClusterToBeReady$0(153)) - Waiting for cluster to exit safe mode
2019-11-17 12:02:23,075 [ccec334e-1c0a-44c7-9ca2-a5184d8fe135@group-2EA0C65C1138-LeaderElection8] INFO  impl.LeaderElection (LeaderElection.java:askForVotes(178)) - ccec334e-1c0a-44c7-9ca2-a5184d8fe135@group-2EA0C65C1138-LeaderElection8: begin an election at term 2 for -1: [68d90b29-4c2d-4441-ab97-234a6cd2d540:192.168.157.219:40731, d5d1df56-c796-4e3a-a7ef-40175175cdd8:192.168.157.219:32848, ccec334e-1c0a-44c7-9ca2-a5184d8fe135:192.168.157.219:40432], old=null
2019-11-17 12:02:23,075 [d5d1df56-c796-4e3a-a7ef-40175175cdd8@group-2EA0C65C1138-LeaderElection9] INFO  impl.LeaderElection (LeaderElection.java:askForVotes(178)) - d5d1df56-c796-4e3a-a7ef-40175175cdd8@group-2EA0C65C1138-LeaderElection9: begin an election at term 2 for -1: [68d90b29-4c2d-4441-ab97-234a6cd2d540:192.168.157.219:40731, d5d1df56-c796-4e3a-a7ef-40175175cdd8:192.168.157.219:32848, ccec334e-1c0a-44c7-9ca2-a5184d8fe135:192.168.157.219:40432], old=null
2019-11-17 12:02:23,099 [68d90b29-4c2d-4441-ab97-234a6cd2d540@group-2EA0C65C1138-LeaderElection7] INFO  impl.LeaderElection (LeaderElection.java:logAndReturn(56)) - 68d90b29-4c2d-4441-ab97-234a6cd2d540@group-2EA0C65C1138-LeaderElection7: Election REJECTED; received 2 response(s) [68d90b29-4c2d-4441-ab97-234a6cd2d540<-d5d1df56-c796-4e3a-a7ef-40175175cdd8#0:FAIL-t2, 68d90b29-4c2d-4441-ab97-234a6cd2d540<-ccec334e-1c0a-44c7-9ca2-a5184d8fe135#0:FAIL-t2] and 0 exception(s); 68d90b29-4c2d-4441-ab97-234a6cd2d540@group-2EA0C65C1138:t2, leader=null, voted=68d90b29-4c2d-4441-ab97-234a6cd2d540, raftlog=68d90b29-4c2d-4441-ab97-234a6cd2d540@group-2EA0C65C1138-SegmentedRaftLog:OPENED:c-1,f-1,i0, conf=-1: [68d90b29-4c2d-4441-ab97-234a6cd2d540:192.168.157.219:40731, d5d1df56-c796-4e3a-a7ef-40175175cdd8:192.168.157.219:32848, ccec334e-1c0a-44c7-9ca2-a5184d8fe135:192.168.157.219:40432], old=null
2019-11-17 12:02:23,099 [68d90b29-4c2d-4441-ab97-234a6cd2d540@group-2EA0C65C1138-LeaderElection7] INFO  impl.RaftServerImpl (RaftServerImpl.java:setRole(173)) - 68d90b29-4c2d-4441-ab97-234a6cd2d540@group-2EA0C65C1138: changes role from CANDIDATE to FOLLOWER at term 2 for DISCOVERED_A_NEW_TERM
2019-11-17 12:02:23,100 [68d90b29-4c2d-4441-ab97-234a6cd2d540@group-2EA0C65C1138-LeaderElection7] INFO  impl.RoleInfo (RoleInfo.java:shutdownLeaderElection(134)) - 68d90b29-4c2d-4441-ab97-234a6cd2d540: shutdown LeaderElection
2019-11-17 12:02:23,101 [68d90b29-4c2d-4441-ab97-234a6cd2d540@group-2EA0C65C1138-LeaderElection7] INFO  impl.RoleInfo (RoleInfo.java:updateAndGet(143)) - 68d90b29-4c2d-4441-ab97-234a6cd2d540: start FollowerState
2019-11-17 12:02:23,116 [d5d1df56-c796-4e3a-a7ef-40175175cdd8@group-2EA0C65C1138-LeaderElection9] INFO  impl.LeaderElection (LeaderElection.java:logAndReturn(56)) - d5d1df56-c796-4e3a-a7ef-40175175cdd8@group-2EA0C65C1138-LeaderElection9: Election REJECTED; received 2 response(s) [d5d1df56-c796-4e3a-a7ef-40175175cdd8<-68d90b29-4c2d-4441-ab97-234a6cd2d540#0:FAIL-t2, d5d1df56-c796-4e3a-a7ef-40175175cdd8<-ccec334e-1c0a-44c7-9ca2-a5184d8fe135#0:FAIL-t2] and 0 exception(s); d5d1df56-c796-4e3a-a7ef-40175175cdd8@group-2EA0C65C1138:t2, leader=null, voted=d5d1df56-c796-4e3a-a7ef-40175175cdd8, raftlog=d5d1df56-c796-4e3a-a7ef-40175175cdd8@group-2EA0C65C1138-SegmentedRaftLog:OPENED:c-1,f-1,i0, conf=-1: [68d90b29-4c2d-4441-ab97-234a6cd2d540:192.168.157.219:40731, d5d1df56-c796-4e3a-a7ef-40175175cdd8:192.168.157.219:32848, ccec334e-1c0a-44c7-9ca2-a5184d8fe135:192.168.157.219:40432], old=null
2019-11-17 12:02:23,117 [d5d1df56-c796-4e3a-a7ef-40175175cdd8@group-2EA0C65C1138-LeaderElection9] INFO  impl.RaftServerImpl (RaftServerImpl.java:setRole(173)) - d5d1df56-c796-4e3a-a7ef-40175175cdd8@group-2EA0C65C1138: changes role from CANDIDATE to FOLLOWER at term 2 for DISCOVERED_A_NEW_TERM
2019-11-17 12:02:23,118 [d5d1df56-c796-4e3a-a7ef-40175175cdd8@group-2EA0C65C1138-LeaderElection9] INFO  impl.RoleInfo (RoleInfo.java:shutdownLeaderElection(134)) - d5d1df56-c796-4e3a-a7ef-40175175cdd8: shutdown LeaderElection
2019-11-17 12:02:23,118 [d5d1df56-c796-4e3a-a7ef-40175175cdd8@group-2EA0C65C1138-LeaderElection9] INFO  impl.RoleInfo (RoleInfo.java:updateAndGet(143)) - d5d1df56-c796-4e3a-a7ef-40175175cdd8: start FollowerState
2019-11-17 12:02:23,123 [ccec334e-1c0a-44c7-9ca2-a5184d8fe135@group-2EA0C65C1138-LeaderElection8] INFO  impl.LeaderElection (LeaderElection.java:logAndReturn(56)) - ccec334e-1c0a-44c7-9ca2-a5184d8fe135@group-2EA0C65C1138-LeaderElection8: Election REJECTED; received 2 response(s) [ccec334e-1c0a-44c7-9ca2-a5184d8fe135<-68d90b29-4c2d-4441-ab97-234a6cd2d540#0:FAIL-t2, ccec334e-1c0a-44c7-9ca2-a5184d8fe135<-d5d1df56-c796-4e3a-a7ef-40175175cdd8#0:FAIL-t2] and 0 exception(s); ccec334e-1c0a-44c7-9ca2-a5184d8fe135@group-2EA0C65C1138:t2, leader=null, voted=ccec334e-1c0a-44c7-9ca2-a5184d8fe135, raftlog=ccec334e-1c0a-44c7-9ca2-a5184d8fe135@group-2EA0C65C1138-SegmentedRaftLog:OPENED:c-1,f-1,i0, conf=-1: [68d90b29-4c2d-4441-ab97-234a6cd2d540:192.168.157.219:40731, d5d1df56-c796-4e3a-a7ef-40175175cdd8:192.168.157.219:32848, ccec334e-1c0a-44c7-9ca2-a5184d8fe135:192.168.157.219:40432], old=null
2019-11-17 12:02:23,123 [ccec334e-1c0a-44c7-9ca2-a5184d8fe135@group-2EA0C65C1138-LeaderElection8] INFO  impl.RaftServerImpl (RaftServerImpl.java:setRole(173)) - ccec334e-1c0a-44c7-9ca2-a5184d8fe135@group-2EA0C65C1138: changes role from CANDIDATE to FOLLOWER at term 2 for DISCOVERED_A_NEW_TERM
2019-11-17 12:02:23,124 [ccec334e-1c0a-44c7-9ca2-a5184d8fe135@group-2EA0C65C1138-LeaderElection8] INFO  impl.RoleInfo (RoleInfo.java:shutdownLeaderElection(134)) - ccec334e-1c0a-44c7-9ca2-a5184d8fe135: shutdown LeaderElection
2019-11-17 12:02:23,126 [ccec334e-1c0a-44c7-9ca2-a5184d8fe135@group-2EA0C65C1138-LeaderElection8] INFO  impl.RoleInfo (RoleInfo.java:updateAndGet(143)) - ccec334e-1c0a-44c7-9ca2-a5184d8fe135: start FollowerState
2019-11-17 12:02:24,063 [main] INFO  ozone.MiniOzoneClusterImpl (MiniOzoneClusterImpl.java:lambda$waitForClusterToBeReady$0(150)) - Nodes are ready. Got 3 of 3 DN Heartbeats.
2019-11-17 12:02:24,065 [main] INFO  ozone.MiniOzoneClusterImpl (MiniOzoneClusterImpl.java:lambda$waitForClusterToBeReady$0(153)) - Waiting for cluster to exit safe mode
2019-11-17 12:02:25,066 [main] INFO  ozone.MiniOzoneClusterImpl (MiniOzoneClusterImpl.java:lambda$waitForClusterToBeReady$0(150)) - Nodes are ready. Got 3 of 3 DN Heartbeats.
2019-11-17 12:02:25,066 [main] INFO  ozone.MiniOzoneClusterImpl (MiniOzoneClusterImpl.java:lambda$waitForClusterToBeReady$0(153)) - Waiting for cluster to exit safe mode
2019-11-17 12:02:26,066 [main] INFO  ozone.MiniOzoneClusterImpl (MiniOzoneClusterImpl.java:lambda$waitForClusterToBeReady$0(150)) - Nodes are ready. Got 3 of 3 DN Heartbeats.
2019-11-17 12:02:26,067 [main] INFO  ozone.MiniOzoneClusterImpl (MiniOzoneClusterImpl.java:lambda$waitForClusterToBeReady$0(153)) - Waiting for cluster to exit safe mode
2019-11-17 12:02:27,067 [main] INFO  ozone.MiniOzoneClusterImpl (MiniOzoneClusterImpl.java:lambda$waitForClusterToBeReady$0(150)) - Nodes are ready. Got 3 of 3 DN Heartbeats.
2019-11-17 12:02:27,068 [main] INFO  ozone.MiniOzoneClusterImpl (MiniOzoneClusterImpl.java:lambda$waitForClusterToBeReady$0(153)) - Waiting for cluster to exit safe mode
2019-11-17 12:02:28,068 [main] INFO  ozone.MiniOzoneClusterImpl (MiniOzoneClusterImpl.java:lambda$waitForClusterToBeReady$0(150)) - Nodes are ready. Got 3 of 3 DN Heartbeats.
2019-11-17 12:02:28,068 [main] INFO  ozone.MiniOzoneClusterImpl (MiniOzoneClusterImpl.java:lambda$waitForClusterToBeReady$0(153)) - Waiting for cluster to exit safe mode
2019-11-17 12:02:28,143 [Thread-219] INFO  impl.FollowerState (FollowerState.java:run(111)) - 68d90b29-4c2d-4441-ab97-234a6cd2d540@group-2EA0C65C1138-FollowerState: change to CANDIDATE, lastRpcTime:5042ms, electionTimeout:5040ms
2019-11-17 12:02:28,143 [Thread-219] INFO  impl.RoleInfo (RoleInfo.java:shutdownFollowerState(121)) - 68d90b29-4c2d-4441-ab97-234a6cd2d540: shutdown FollowerState
2019-11-17 12:02:28,144 [Thread-219] INFO  impl.RaftServerImpl (RaftServerImpl.java:setRole(173)) - 68d90b29-4c2d-4441-ab97-234a6cd2d540@group-2EA0C65C1138: changes role from  FOLLOWER to CANDIDATE at term 2 for changeToCandidate
2019-11-17 12:02:28,144 [Thread-219] INFO  impl.RoleInfo (RoleInfo.java:updateAndGet(143)) - 68d90b29-4c2d-4441-ab97-234a6cd2d540: start LeaderElection
2019-11-17 12:02:28,163 [Thread-221] INFO  impl.FollowerState (FollowerState.java:run(111)) - ccec334e-1c0a-44c7-9ca2-a5184d8fe135@group-2EA0C65C1138-FollowerState: change to CANDIDATE, lastRpcTime:5036ms, electionTimeout:5036ms
2019-11-17 12:02:28,163 [Thread-221] INFO  impl.RoleInfo (RoleInfo.java:shutdownFollowerState(121)) - ccec334e-1c0a-44c7-9ca2-a5184d8fe135: shutdown FollowerState
2019-11-17 12:02:28,163 [Thread-221] INFO  impl.RaftServerImpl (RaftServerImpl.java:setRole(173)) - ccec334e-1c0a-44c7-9ca2-a5184d8fe135@group-2EA0C65C1138: changes role from  FOLLOWER to CANDIDATE at term 2 for changeToCandidate
2019-11-17 12:02:28,163 [Thread-221] INFO  impl.RoleInfo (RoleInfo.java:updateAndGet(143)) - ccec334e-1c0a-44c7-9ca2-a5184d8fe135: start LeaderElection
2019-11-17 12:02:28,189 [ccec334e-1c0a-44c7-9ca2-a5184d8fe135@group-2EA0C65C1138-LeaderElection11] INFO  impl.LeaderElection (LeaderElection.java:askForVotes(178)) - ccec334e-1c0a-44c7-9ca2-a5184d8fe135@group-2EA0C65C1138-LeaderElection11: begin an election at term 3 for -1: [68d90b29-4c2d-4441-ab97-234a6cd2d540:192.168.157.219:40731, d5d1df56-c796-4e3a-a7ef-40175175cdd8:192.168.157.219:32848, ccec334e-1c0a-44c7-9ca2-a5184d8fe135:192.168.157.219:40432], old=null
2019-11-17 12:02:28,189 [68d90b29-4c2d-4441-ab97-234a6cd2d540@group-2EA0C65C1138-LeaderElection10] INFO  impl.LeaderElection (LeaderElection.java:askForVotes(178)) - 68d90b29-4c2d-4441-ab97-234a6cd2d540@group-2EA0C65C1138-LeaderElection10: begin an election at term 3 for -1: [68d90b29-4c2d-4441-ab97-234a6cd2d540:192.168.157.219:40731, d5d1df56-c796-4e3a-a7ef-40175175cdd8:192.168.157.219:32848, ccec334e-1c0a-44c7-9ca2-a5184d8fe135:192.168.157.219:40432], old=null
2019-11-17 12:02:28,197 [grpc-default-executor-5] INFO  impl.RaftServerImpl (RaftServerImpl.java:setRole(173)) - d5d1df56-c796-4e3a-a7ef-40175175cdd8@group-2EA0C65C1138: changes role from  FOLLOWER to FOLLOWER at term 3 for recognizeCandidate:68d90b29-4c2d-4441-ab97-234a6cd2d540
2019-11-17 12:02:28,197 [grpc-default-executor-5] INFO  impl.RoleInfo (RoleInfo.java:shutdownFollowerState(121)) - d5d1df56-c796-4e3a-a7ef-40175175cdd8: shutdown FollowerState
2019-11-17 12:02:28,198 [Thread-220] INFO  impl.FollowerState (FollowerState.java:run(120)) - d5d1df56-c796-4e3a-a7ef-40175175cdd8@group-2EA0C65C1138-FollowerState was interrupted: java.lang.InterruptedException: sleep interrupted
2019-11-17 12:02:28,198 [grpc-default-executor-5] INFO  impl.RoleInfo (RoleInfo.java:updateAndGet(143)) - d5d1df56-c796-4e3a-a7ef-40175175cdd8: start FollowerState
2019-11-17 12:02:28,234 [68d90b29-4c2d-4441-ab97-234a6cd2d540@group-2EA0C65C1138-LeaderElection10] INFO  impl.LeaderElection (LeaderElection.java:logAndReturn(56)) - 68d90b29-4c2d-4441-ab97-234a6cd2d540@group-2EA0C65C1138-LeaderElection10: Election PASSED; received 2 response(s) [68d90b29-4c2d-4441-ab97-234a6cd2d540<-d5d1df56-c796-4e3a-a7ef-40175175cdd8#0:OK-t3, 68d90b29-4c2d-4441-ab97-234a6cd2d540<-ccec334e-1c0a-44c7-9ca2-a5184d8fe135#0:FAIL-t3] and 0 exception(s); 68d90b29-4c2d-4441-ab97-234a6cd2d540@group-2EA0C65C1138:t3, leader=null, voted=68d90b29-4c2d-4441-ab97-234a6cd2d540, raftlog=68d90b29-4c2d-4441-ab97-234a6cd2d540@group-2EA0C65C1138-SegmentedRaftLog:OPENED:c-1,f-1,i0, conf=-1: [68d90b29-4c2d-4441-ab97-234a6cd2d540:192.168.157.219:40731, d5d1df56-c796-4e3a-a7ef-40175175cdd8:192.168.157.219:32848, ccec334e-1c0a-44c7-9ca2-a5184d8fe135:192.168.157.219:40432], old=null
2019-11-17 12:02:28,236 [68d90b29-4c2d-4441-ab97-234a6cd2d540@group-2EA0C65C1138-LeaderElection10] INFO  impl.RoleInfo (RoleInfo.java:shutdownLeaderElection(134)) - 68d90b29-4c2d-4441-ab97-234a6cd2d540: shutdown LeaderElection
2019-11-17 12:02:28,237 [ccec334e-1c0a-44c7-9ca2-a5184d8fe135@group-2EA0C65C1138-LeaderElection11] INFO  impl.LeaderElection (LeaderElection.java:logAndReturn(56)) - ccec334e-1c0a-44c7-9ca2-a5184d8fe135@group-2EA0C65C1138-LeaderElection11: Election REJECTED; received 2 response(s) [ccec334e-1c0a-44c7-9ca2-a5184d8fe135<-68d90b29-4c2d-4441-ab97-234a6cd2d540#0:FAIL-t3, ccec334e-1c0a-44c7-9ca2-a5184d8fe135<-d5d1df56-c796-4e3a-a7ef-40175175cdd8#0:FAIL-t3] and 0 exception(s); ccec334e-1c0a-44c7-9ca2-a5184d8fe135@group-2EA0C65C1138:t3, leader=null, voted=ccec334e-1c0a-44c7-9ca2-a5184d8fe135, raftlog=ccec334e-1c0a-44c7-9ca2-a5184d8fe135@group-2EA0C65C1138-SegmentedRaftLog:OPENED:c-1,f-1,i0, conf=-1: [68d90b29-4c2d-4441-ab97-234a6cd2d540:192.168.157.219:40731, d5d1df56-c796-4e3a-a7ef-40175175cdd8:192.168.157.219:32848, ccec334e-1c0a-44c7-9ca2-a5184d8fe135:192.168.157.219:40432], old=null
2019-11-17 12:02:28,239 [68d90b29-4c2d-4441-ab97-234a6cd2d540@group-2EA0C65C1138-LeaderElection10] INFO  impl.RaftServerImpl (RaftServerImpl.java:setRole(173)) - 68d90b29-4c2d-4441-ab97-234a6cd2d540@group-2EA0C65C1138: changes role from CANDIDATE to LEADER at term 3 for changeToLeader
2019-11-17 12:02:28,239 [ccec334e-1c0a-44c7-9ca2-a5184d8fe135@group-2EA0C65C1138-LeaderElection11] INFO  impl.RaftServerImpl (RaftServerImpl.java:setRole(173)) - ccec334e-1c0a-44c7-9ca2-a5184d8fe135@group-2EA0C65C1138: changes role from CANDIDATE to FOLLOWER at term 3 for DISCOVERED_A_NEW_TERM
2019-11-17 12:02:28,240 [ccec334e-1c0a-44c7-9ca2-a5184d8fe135@group-2EA0C65C1138-LeaderElection11] INFO  impl.RoleInfo (RoleInfo.java:shutdownLeaderElection(134)) - ccec334e-1c0a-44c7-9ca2-a5184d8fe135: shutdown LeaderElection
2019-11-17 12:02:28,239 [68d90b29-4c2d-4441-ab97-234a6cd2d540@group-2EA0C65C1138-LeaderElection10] INFO  ratis.XceiverServerRatis (XceiverServerRatis.java:handleLeaderChangedNotification(733)) - Leader change notification received for group: group-2EA0C65C1138 with new leaderId: 68d90b29-4c2d-4441-ab97-234a6cd2d540
2019-11-17 12:02:28,242 [ccec334e-1c0a-44c7-9ca2-a5184d8fe135@group-2EA0C65C1138-LeaderElection11] INFO  impl.RoleInfo (RoleInfo.java:updateAndGet(143)) - ccec334e-1c0a-44c7-9ca2-a5184d8fe135: start FollowerState
2019-11-17 12:02:28,242 [68d90b29-4c2d-4441-ab97-234a6cd2d540@group-2EA0C65C1138-LeaderElection10] INFO  impl.RaftServerImpl (ServerState.java:setLeader(255)) - 68d90b29-4c2d-4441-ab97-234a6cd2d540@group-2EA0C65C1138: change Leader from null to 68d90b29-4c2d-4441-ab97-234a6cd2d540 at term 3 for becomeLeader, leader elected after 15993ms
2019-11-17 12:02:28,243 [68d90b29-4c2d-4441-ab97-234a6cd2d540@group-2EA0C65C1138-LeaderElection10] INFO  server.RaftServerConfigKeys (ConfUtils.java:logGet(43)) - raft.server.staging.catchup.gap = 1000 (default)
2019-11-17 12:02:28,244 [68d90b29-4c2d-4441-ab97-234a6cd2d540@group-2EA0C65C1138-LeaderElection10] INFO  server.RaftServerConfigKeys (ConfUtils.java:logGet(43)) - raft.server.rpc.sleep.time = 25ms (default)
2019-11-17 12:02:28,244 [68d90b29-4c2d-4441-ab97-234a6cd2d540@group-2EA0C65C1138-LeaderElection10] INFO  server.RaftServerConfigKeys (ConfUtils.java:logGet(43)) - raft.server.write.element-limit = 4096 (default)
2019-11-17 12:02:28,244 [68d90b29-4c2d-4441-ab97-234a6cd2d540@group-2EA0C65C1138-LeaderElection10] INFO  server.RaftServerConfigKeys (ConfUtils.java:logGet(43)) - raft.server.watch.timeout = 10s (default)
2019-11-17 12:02:28,245 [68d90b29-4c2d-4441-ab97-234a6cd2d540@group-2EA0C65C1138-LeaderElection10] INFO  server.RaftServerConfigKeys (ConfUtils.java:logGet(43)) - raft.server.watch.timeout.denomination = 1s (default)
2019-11-17 12:02:28,245 [68d90b29-4c2d-4441-ab97-234a6cd2d540@group-2EA0C65C1138-LeaderElection10] INFO  server.RaftServerConfigKeys (ConfUtils.java:logGet(43)) - raft.server.watch.element-limit = 65536 (default)
2019-11-17 12:02:28,246 [EventQueue-PipelineReportForPipelineReportHandler] INFO  pipeline.PipelineReportHandler (PipelineReportHandler.java:processPipelineReport(113)) - Pipeline THREE PipelineID=5a45f44c-c04a-4532-ae8c-2ea0c65c1138 reported by 68d90b29-4c2d-4441-ab97-234a6cd2d540{ip: 192.168.157.219, host: pr-hdds-2521-s74hp-2299638293, networkLocation: /default-rack, certSerialId: null}
2019-11-17 12:02:28,246 [EventQueue-PipelineReportForPipelineReportHandler] INFO  pipeline.PipelineStateManager (PipelineStateManager.java:openPipeline(132)) - Pipeline Pipeline[ Id: 5a45f44c-c04a-4532-ae8c-2ea0c65c1138, Nodes: 68d90b29-4c2d-4441-ab97-234a6cd2d540{ip: 192.168.157.219, host: pr-hdds-2521-s74hp-2299638293, networkLocation: /default-rack, certSerialId: null}d5d1df56-c796-4e3a-a7ef-40175175cdd8{ip: 192.168.157.219, host: pr-hdds-2521-s74hp-2299638293, networkLocation: /default-rack, certSerialId: null}ccec334e-1c0a-44c7-9ca2-a5184d8fe135{ip: 192.168.157.219, host: pr-hdds-2521-s74hp-2299638293, networkLocation: /default-rack, certSerialId: null}, Type:RATIS, Factor:THREE, State:ALLOCATED] moved to OPEN state
2019-11-17 12:02:28,246 [EventQueue-OpenPipelineForOneReplicaPipelineSafeModeRule] INFO  safemode.SCMSafeModeManager (SCMSafeModeManager.java:validateSafeModeExitRules(176)) - AtleastOneDatanodeReportedRule rule is successfully validated
2019-11-17 12:02:28,246 [EventQueue-OpenPipelineForHealthyPipelineSafeModeRule] INFO  safemode.SCMSafeModeManager (HealthyPipelineSafeModeRule.java:process(132)) - SCM in safe mode. Healthy pipelines reported count is 1, required healthy pipeline reported count is 1
2019-11-17 12:02:28,250 [EventQueue-OpenPipelineForHealthyPipelineSafeModeRule] INFO  safemode.SCMSafeModeManager (SCMSafeModeManager.java:validateSafeModeExitRules(176)) - HealthyPipelineSafeModeRule rule is successfully validated
2019-11-17 12:02:28,250 [EventQueue-OpenPipelineForHealthyPipelineSafeModeRule] INFO  safemode.SCMSafeModeManager (SCMSafeModeManager.java:validateSafeModeExitRules(185)) - ScmSafeModeManager, all rules are successfully validated
2019-11-17 12:02:28,250 [EventQueue-OpenPipelineForHealthyPipelineSafeModeRule] INFO  safemode.SCMSafeModeManager (SCMSafeModeManager.java:exitSafeMode(201)) - SCM exiting safe mode.
2019-11-17 12:02:28,250 [68d90b29-4c2d-4441-ab97-234a6cd2d540@group-2EA0C65C1138-LeaderElection10] INFO  server.RaftServerConfigKeys (ConfUtils.java:logGet(43)) - raft.server.log.appender.snapshot.chunk.size.max = 16MB (=16777216) (default)
2019-11-17 12:02:28,251 [68d90b29-4c2d-4441-ab97-234a6cd2d540@group-2EA0C65C1138-LeaderElection10] INFO  server.RaftServerConfigKeys (ConfUtils.java:logGet(43)) - raft.server.log.appender.buffer.byte-limit = 33554432 (custom)
2019-11-17 12:02:28,251 [68d90b29-4c2d-4441-ab97-234a6cd2d540@group-2EA0C65C1138-LeaderElection10] INFO  server.RaftServerConfigKeys (ConfUtils.java:logGet(43)) - raft.server.log.appender.buffer.element-limit = 1 (custom)
2019-11-17 12:02:28,256 [68d90b29-4c2d-4441-ab97-234a6cd2d540@group-2EA0C65C1138-LeaderElection10] INFO  grpc.GrpcConfigKeys$Server (ConfUtils.java:logGet(43)) - raft.grpc.server.leader.outstanding.appends.max = 128 (default)
2019-11-17 12:02:28,256 [68d90b29-4c2d-4441-ab97-234a6cd2d540@group-2EA0C65C1138-LeaderElection10] INFO  server.RaftServerConfigKeys (ConfUtils.java:logGet(43)) - raft.server.rpc.request.timeout = 3000ms (default)
2019-11-17 12:02:28,256 [68d90b29-4c2d-4441-ab97-234a6cd2d540@group-2EA0C65C1138-LeaderElection10] INFO  server.RaftServerConfigKeys (ConfUtils.java:logGet(43)) - raft.server.log.appender.install.snapshot.enabled = false (custom)
2019-11-17 12:02:28,258 [68d90b29-4c2d-4441-ab97-234a6cd2d540@group-2EA0C65C1138-LeaderElection10] WARN  impl.MetricRegistriesImpl (MetricRegistriesImpl.java:lambda$create$1(61)) - First MetricRegistry has been created without registering reporters. You may need to call MetricRegistries.global().addReportRegistration(...) before.
2019-11-17 12:02:28,259 [68d90b29-4c2d-4441-ab97-234a6cd2d540@group-2EA0C65C1138-LeaderElection10] INFO  server.RaftServerConfigKeys (ConfUtils.java:logGet(43)) - raft.server.log.appender.snapshot.chunk.size.max = 16MB (=16777216) (default)
2019-11-17 12:02:28,259 [68d90b29-4c2d-4441-ab97-234a6cd2d540@group-2EA0C65C1138-LeaderElection10] INFO  server.RaftServerConfigKeys (ConfUtils.java:logGet(43)) - raft.server.log.appender.buffer.byte-limit = 33554432 (custom)
2019-11-17 12:02:28,259 [68d90b29-4c2d-4441-ab97-234a6cd2d540@group-2EA0C65C1138-LeaderElection10] INFO  server.RaftServerConfigKeys (ConfUtils.java:logGet(43)) - raft.server.log.appender.buffer.element-limit = 1 (custom)
2019-11-17 12:02:28,260 [68d90b29-4c2d-4441-ab97-234a6cd2d540@group-2EA0C65C1138-LeaderElection10] INFO  grpc.GrpcConfigKeys$Server (ConfUtils.java:logGet(43)) - raft.grpc.server.leader.outstanding.appends.max = 128 (default)
2019-11-17 12:02:28,260 [68d90b29-4c2d-4441-ab97-234a6cd2d540@group-2EA0C65C1138-LeaderElection10] INFO  server.RaftServerConfigKeys (ConfUtils.java:logGet(43)) - raft.server.rpc.request.timeout = 3000ms (default)
2019-11-17 12:02:28,260 [68d90b29-4c2d-4441-ab97-234a6cd2d540@group-2EA0C65C1138-LeaderElection10] INFO  server.RaftServerConfigKeys (ConfUtils.java:logGet(43)) - raft.server.log.appender.install.snapshot.enabled = false (custom)
2019-11-17 12:02:28,264 [68d90b29-4c2d-4441-ab97-234a6cd2d540@group-2EA0C65C1138-LeaderElection10] INFO  impl.RoleInfo (RoleInfo.java:updateAndGet(143)) - 68d90b29-4c2d-4441-ab97-234a6cd2d540: start LeaderState
2019-11-17 12:02:28,264 [68d90b29-4c2d-4441-ab97-234a6cd2d540@group-2EA0C65C1138-LeaderElection10] INFO  segmented.SegmentedRaftLogWorker (SegmentedRaftLogWorker.java:startLogSegment(385)) - 68d90b29-4c2d-4441-ab97-234a6cd2d540@group-2EA0C65C1138-SegmentedRaftLogWorker: Starting segment from index:0
2019-11-17 12:02:28,266 [68d90b29-4c2d-4441-ab97-234a6cd2d540@group-2EA0C65C1138-LeaderElection10] INFO  impl.RaftServerImpl (ServerState.java:setRaftConf(356)) - 68d90b29-4c2d-4441-ab97-234a6cd2d540@group-2EA0C65C1138: set configuration 0: [68d90b29-4c2d-4441-ab97-234a6cd2d540:192.168.157.219:40731, d5d1df56-c796-4e3a-a7ef-40175175cdd8:192.168.157.219:32848, ccec334e-1c0a-44c7-9ca2-a5184d8fe135:192.168.157.219:40432], old=null at 0
2019-11-17 12:02:28,324 [68d90b29-4c2d-4441-ab97-234a6cd2d540@group-2EA0C65C1138-SegmentedRaftLogWorker] INFO  segmented.SegmentedRaftLogWorker (SegmentedRaftLogWorker.java:execute(576)) - 68d90b29-4c2d-4441-ab97-234a6cd2d540@group-2EA0C65C1138-SegmentedRaftLogWorker: created new log segment /workdir/hadoop-ozone/tools/target/test-dir/MiniOzoneClusterImpl-d38b15b7-9bf0-47ba-b733-12768a69acc7/datanode-2/data/ratis/5a45f44c-c04a-4532-ae8c-2ea0c65c1138/current/log_inprogress_0
2019-11-17 12:02:28,331 [grpc-default-executor-0] INFO  ratis.XceiverServerRatis (XceiverServerRatis.java:handleLeaderChangedNotification(733)) - Leader change notification received for group: group-2EA0C65C1138 with new leaderId: 68d90b29-4c2d-4441-ab97-234a6cd2d540
2019-11-17 12:02:28,331 [grpc-default-executor-5] INFO  ratis.XceiverServerRatis (XceiverServerRatis.java:handleLeaderChangedNotification(733)) - Leader change notification received for group: group-2EA0C65C1138 with new leaderId: 68d90b29-4c2d-4441-ab97-234a6cd2d540
2019-11-17 12:02:28,331 [grpc-default-executor-0] INFO  impl.RaftServerImpl (ServerState.java:setLeader(255)) - d5d1df56-c796-4e3a-a7ef-40175175cdd8@group-2EA0C65C1138: change Leader from null to 68d90b29-4c2d-4441-ab97-234a6cd2d540 at term 3 for appendEntries, leader elected after 16085ms
2019-11-17 12:02:28,332 [grpc-default-executor-5] INFO  impl.RaftServerImpl (ServerState.java:setLeader(255)) - ccec334e-1c0a-44c7-9ca2-a5184d8fe135@group-2EA0C65C1138: change Leader from null to 68d90b29-4c2d-4441-ab97-234a6cd2d540 at term 3 for appendEntries, leader elected after 16085ms
2019-11-17 12:02:28,358 [grpc-default-executor-5] INFO  impl.RaftServerImpl (ServerState.java:setRaftConf(356)) - ccec334e-1c0a-44c7-9ca2-a5184d8fe135@group-2EA0C65C1138: set configuration 0: [68d90b29-4c2d-4441-ab97-234a6cd2d540:192.168.157.219:40731, d5d1df56-c796-4e3a-a7ef-40175175cdd8:192.168.157.219:32848, ccec334e-1c0a-44c7-9ca2-a5184d8fe135:192.168.157.219:40432], old=null at 0
2019-11-17 12:02:28,358 [grpc-default-executor-0] INFO  impl.RaftServerImpl (ServerState.java:setRaftConf(356)) - d5d1df56-c796-4e3a-a7ef-40175175cdd8@group-2EA0C65C1138: set configuration 0: [68d90b29-4c2d-4441-ab97-234a6cd2d540:192.168.157.219:40731, d5d1df56-c796-4e3a-a7ef-40175175cdd8:192.168.157.219:32848, ccec334e-1c0a-44c7-9ca2-a5184d8fe135:192.168.157.219:40432], old=null at 0
2019-11-17 12:02:28,358 [grpc-default-executor-5] INFO  segmented.SegmentedRaftLogWorker (SegmentedRaftLogWorker.java:startLogSegment(385)) - ccec334e-1c0a-44c7-9ca2-a5184d8fe135@group-2EA0C65C1138-SegmentedRaftLogWorker: Starting segment from index:0
2019-11-17 12:02:28,359 [grpc-default-executor-0] INFO  segmented.SegmentedRaftLogWorker (SegmentedRaftLogWorker.java:startLogSegment(385)) - d5d1df56-c796-4e3a-a7ef-40175175cdd8@group-2EA0C65C1138-SegmentedRaftLogWorker: Starting segment from index:0
2019-11-17 12:02:28,431 [ccec334e-1c0a-44c7-9ca2-a5184d8fe135@group-2EA0C65C1138-SegmentedRaftLogWorker] INFO  segmented.SegmentedRaftLogWorker (SegmentedRaftLogWorker.java:execute(576)) - ccec334e-1c0a-44c7-9ca2-a5184d8fe135@group-2EA0C65C1138-SegmentedRaftLogWorker: created new log segment /workdir/hadoop-ozone/tools/target/test-dir/MiniOzoneClusterImpl-d38b15b7-9bf0-47ba-b733-12768a69acc7/datanode-0/data/ratis/5a45f44c-c04a-4532-ae8c-2ea0c65c1138/current/log_inprogress_0
2019-11-17 12:02:28,431 [d5d1df56-c796-4e3a-a7ef-40175175cdd8@group-2EA0C65C1138-SegmentedRaftLogWorker] INFO  segmented.SegmentedRaftLogWorker (SegmentedRaftLogWorker.java:execute(576)) - d5d1df56-c796-4e3a-a7ef-40175175cdd8@group-2EA0C65C1138-SegmentedRaftLogWorker: created new log segment /workdir/hadoop-ozone/tools/target/test-dir/MiniOzoneClusterImpl-d38b15b7-9bf0-47ba-b733-12768a69acc7/datanode-1/data/ratis/5a45f44c-c04a-4532-ae8c-2ea0c65c1138/current/log_inprogress_0
2019-11-17 12:02:29,069 [main] INFO  ozone.MiniOzoneClusterImpl (MiniOzoneClusterImpl.java:lambda$waitForClusterToBeReady$0(150)) - Nodes are ready. Got 3 of 3 DN Heartbeats.
2019-11-17 12:02:29,069 [main] INFO  ozone.MiniOzoneClusterImpl (MiniOzoneClusterImpl.java:lambda$waitForClusterToBeReady$0(153)) - Cluster exits safe mode
2019-11-17 12:02:30,011 [main] INFO  freon.RandomKeyGenerator (RandomKeyGenerator.java:call(283)) - Number of Threads: 10
2019-11-17 12:02:30,011 [main] INFO  freon.RandomKeyGenerator (RandomKeyGenerator.java:call(288)) - Number of Volumes: 1.
2019-11-17 12:02:30,011 [main] INFO  freon.RandomKeyGenerator (RandomKeyGenerator.java:call(289)) - Number of Buckets per Volume: 1.
2019-11-17 12:02:30,012 [main] INFO  freon.RandomKeyGenerator (RandomKeyGenerator.java:call(290)) - Number of Keys per Bucket: 1.
2019-11-17 12:02:30,012 [main] INFO  freon.RandomKeyGenerator (RandomKeyGenerator.java:call(291)) - Key size: 20971520 bytes
2019-11-17 12:02:30,012 [main] INFO  freon.RandomKeyGenerator (RandomKeyGenerator.java:call(292)) - Buffer size: 4096 bytes
2019-11-17 12:02:30,012 [main] INFO  freon.RandomKeyGenerator (RandomKeyGenerator.java:call(293)) - validateWrites : true
2019-11-17 12:02:30,016 [main] INFO  freon.RandomKeyGenerator (RandomKeyGenerator.java:call(307)) - Data validation is enabled.
2019-11-17 12:02:30,017 [main] INFO  freon.RandomKeyGenerator (RandomKeyGenerator.java:call(313)) - Starting progress bar Thread.

 0.00% |?                                                                                                    |  0/1 Time: 0:00:002019-11-17 12:02:30,042 [pool-53-thread-1] INFO  rpc.RpcClient (RpcClient.java:createVolume(292)) - Creating Volume: vol-0-80317, with jenkins1000 as owner.
2019-11-17 12:02:30,086 [IPC Server handler 4 on 36883] INFO  volume.OMVolumeCreateRequest (OMVolumeCreateRequest.java:validateAndUpdateCache(193)) - created volume:vol-0-80317 for user:jenkins1000
2019-11-17 12:02:30,128 [pool-53-thread-2] INFO  rpc.RpcClient (RpcClient.java:createBucket(431)) - Creating Bucket: vol-0-80317/bucket-0-50147, with Versioning false and Storage Type set to DISK and Encryption set to false 
2019-11-17 12:02:30,334 [pool-53-thread-3] INFO  impl.MetricsSystemImpl (MetricsSystemImpl.java:init(158)) - XceiverClientMetrics metrics system started (again)
 0.00% |?                                                                                                    |  0/1 Time: 0:00:012019-11-17 12:02:31,255 [Thread-232] INFO  container.ReplicationManager (ReplicationManager.java:start(162)) - Starting Replication Monitor Thread.
2019-11-17 12:02:31,257 [ReplicationMonitor] INFO  container.ReplicationManager (ReplicationManager.java:run(225)) - Replication Monitor Thread took 1 milliseconds for processing 3 containers.
 0.00% |?                                                                                                    |  0/1 Time: 0:00:02 100.00% |?????????????????????????????????????????????????????????????????????????????????????????????????????|  1/1 Time: 0:00:03
2019-11-17 12:02:37,912 [main] INFO  pipeline.SCMPipelineManager (SCMPipelineManager.java:finalizeAndDestroyPipeline(333)) - destroying pipeline:Pipeline[ Id: 5a45f44c-c04a-4532-ae8c-2ea0c65c1138, Nodes: 68d90b29-4c2d-4441-ab97-234a6cd2d540{ip: 192.168.157.219, host: pr-hdds-2521-s74hp-2299638293, networkLocation: /default-rack, certSerialId: null}d5d1df56-c796-4e3a-a7ef-40175175cdd8{ip: 192.168.157.219, host: pr-hdds-2521-s74hp-2299638293, networkLocation: /default-rack, certSerialId: null}ccec334e-1c0a-44c7-9ca2-a5184d8fe135{ip: 192.168.157.219, host: pr-hdds-2521-s74hp-2299638293, networkLocation: /default-rack, certSerialId: null}, Type:RATIS, Factor:THREE, State:OPEN]
2019-11-17 12:02:37,913 [main] INFO  pipeline.PipelineStateManager (PipelineStateManager.java:finalizePipeline(121)) - Pipeline Pipeline[ Id: 5a45f44c-c04a-4532-ae8c-2ea0c65c1138, Nodes: 68d90b29-4c2d-4441-ab97-234a6cd2d540{ip: 192.168.157.219, host: pr-hdds-2521-s74hp-2299638293, networkLocation: /default-rack, certSerialId: null}d5d1df56-c796-4e3a-a7ef-40175175cdd8{ip: 192.168.157.219, host: pr-hdds-2521-s74hp-2299638293, networkLocation: /default-rack, certSerialId: null}ccec334e-1c0a-44c7-9ca2-a5184d8fe135{ip: 192.168.157.219, host: pr-hdds-2521-s74hp-2299638293, networkLocation: /default-rack, certSerialId: null}, Type:RATIS, Factor:THREE, State:CLOSED] moved to CLOSED state
2019-11-17 12:02:37,914 [EventQueue-CloseContainerForCloseContainerEventHandler] INFO  container.CloseContainerEventHandler (CloseContainerEventHandler.java:onMessage(61)) - Close container Event triggered for container : #1
2019-11-17 12:02:37,916 [main] INFO  pipeline.RatisPipelineProvider (RatisPipelineProvider.java:lambda$close$5(207)) - Send pipeline:PipelineID=5a45f44c-c04a-4532-ae8c-2ea0c65c1138 close command to datanode 68d90b29-4c2d-4441-ab97-234a6cd2d540
2019-11-17 12:02:37,917 [main] INFO  pipeline.RatisPipelineProvider (RatisPipelineProvider.java:lambda$close$5(207)) - Send pipeline:PipelineID=5a45f44c-c04a-4532-ae8c-2ea0c65c1138 close command to datanode d5d1df56-c796-4e3a-a7ef-40175175cdd8
2019-11-17 12:02:37,917 [EventQueue-CloseContainerForCloseContainerEventHandler] INFO  container.CloseContainerEventHandler (CloseContainerEventHandler.java:onMessage(61)) - Close container Event triggered for container : #2
2019-11-17 12:02:37,917 [main] INFO  pipeline.RatisPipelineProvider (RatisPipelineProvider.java:lambda$close$5(207)) - Send pipeline:PipelineID=5a45f44c-c04a-4532-ae8c-2ea0c65c1138 close command to datanode ccec334e-1c0a-44c7-9ca2-a5184d8fe135
2019-11-17 12:02:37,929 [main] INFO  pipeline.PipelineStateManager (PipelineStateManager.java:removePipeline(106)) - Pipeline Pipeline[ Id: 5a45f44c-c04a-4532-ae8c-2ea0c65c1138, Nodes: 68d90b29-4c2d-4441-ab97-234a6cd2d540{ip: 192.168.157.219, host: pr-hdds-2521-s74hp-2299638293, networkLocation: /default-rack, certSerialId: null}d5d1df56-c796-4e3a-a7ef-40175175cdd8{ip: 192.168.157.219, host: pr-hdds-2521-s74hp-2299638293, networkLocation: /default-rack, certSerialId: null}ccec334e-1c0a-44c7-9ca2-a5184d8fe135{ip: 192.168.157.219, host: pr-hdds-2521-s74hp-2299638293, networkLocation: /default-rack, certSerialId: null}, Type:RATIS, Factor:THREE, State:CLOSED] removed from db
2019-11-17 12:02:37,932 [EventQueue-CloseContainerForCloseContainerEventHandler] INFO  container.CloseContainerEventHandler (CloseContainerEventHandler.java:onMessage(61)) - Close container Event triggered for container : #3
2019-11-17 12:02:37,933 [RatisPipelineUtilsThread] INFO  pipeline.RatisPipelineProvider (RatisPipelineProvider.java:lambda$create$4(163)) - Send pipeline:PipelineID=f4d17457-33a1-4e2a-910f-8fcd1b987e6d create command to datanode 68d90b29-4c2d-4441-ab97-234a6cd2d540
2019-11-17 12:02:37,934 [RatisPipelineUtilsThread] INFO  pipeline.RatisPipelineProvider (RatisPipelineProvider.java:lambda$create$4(163)) - Send pipeline:PipelineID=f4d17457-33a1-4e2a-910f-8fcd1b987e6d create command to datanode d5d1df56-c796-4e3a-a7ef-40175175cdd8
2019-11-17 12:02:37,934 [RatisPipelineUtilsThread] INFO  pipeline.RatisPipelineProvider (RatisPipelineProvider.java:lambda$create$4(163)) - Send pipeline:PipelineID=f4d17457-33a1-4e2a-910f-8fcd1b987e6d create command to datanode ccec334e-1c0a-44c7-9ca2-a5184d8fe135
2019-11-17 12:02:37,935 [RatisPipelineUtilsThread] INFO  pipeline.PipelineStateManager (PipelineStateManager.java:addPipeline(55)) - Created pipeline Pipeline[ Id: f4d17457-33a1-4e2a-910f-8fcd1b987e6d, Nodes: 68d90b29-4c2d-4441-ab97-234a6cd2d540{ip: 192.168.157.219, host: pr-hdds-2521-s74hp-2299638293, networkLocation: /default-rack, certSerialId: null}d5d1df56-c796-4e3a-a7ef-40175175cdd8{ip: 192.168.157.219, host: pr-hdds-2521-s74hp-2299638293, networkLocation: /default-rack, certSerialId: null}ccec334e-1c0a-44c7-9ca2-a5184d8fe135{ip: 192.168.157.219, host: pr-hdds-2521-s74hp-2299638293, networkLocation: /default-rack, certSerialId: null}, Type:RATIS, Factor:THREE, State:ALLOCATED]
2019-11-17 12:02:37,937 [EventQueue-CloseContainerForCloseContainerEventHandler] ERROR container.CloseContainerEventHandler (CloseContainerEventHandler.java:onMessage(89)) - Failed to close the container #3.
org.apache.hadoop.hdds.scm.pipeline.PipelineNotFoundException: PipelineID=5a45f44c-c04a-4532-ae8c-2ea0c65c1138 not found
	at org.apache.hadoop.hdds.scm.pipeline.PipelineStateMap.removeContainerFromPipeline(PipelineStateMap.java:351)
	at org.apache.hadoop.hdds.scm.pipeline.PipelineStateManager.removeContainerFromPipeline(PipelineStateManager.java:112)
	at org.apache.hadoop.hdds.scm.pipeline.SCMPipelineManager.removeContainerFromPipeline(SCMPipelineManager.java:286)
	at org.apache.hadoop.hdds.scm.container.SCMContainerManager.updateContainerState(SCMContainerManager.java:331)
	at org.apache.hadoop.hdds.scm.container.CloseContainerEventHandler.onMessage(CloseContainerEventHandler.java:66)
	at org.apache.hadoop.hdds.scm.container.CloseContainerEventHandler.onMessage(CloseContainerEventHandler.java:45)
	at org.apache.hadoop.hdds.server.events.SingleThreadExecutor.lambda$onMessage$1(SingleThreadExecutor.java:85)
	at java.util.concurrent.ThreadPoolExecutor.runWorker(ThreadPoolExecutor.java:1149)
	at java.util.concurrent.ThreadPoolExecutor$Worker.run(ThreadPoolExecutor.java:624)
	at java.lang.Thread.run(Thread.java:748)
2019-11-17 12:02:38,044 [main] INFO  freon.RandomKeyGenerator (RandomKeyGenerator.java:call(283)) - Number of Threads: 10
2019-11-17 12:02:38,045 [main] INFO  freon.RandomKeyGenerator (RandomKeyGenerator.java:call(288)) - Number of Volumes: 1.
2019-11-17 12:02:38,045 [main] INFO  freon.RandomKeyGenerator (RandomKeyGenerator.java:call(289)) - Number of Buckets per Volume: 1.
2019-11-17 12:02:38,045 [main] INFO  freon.RandomKeyGenerator (RandomKeyGenerator.java:call(290)) - Number of Keys per Bucket: 1.
2019-11-17 12:02:38,045 [main] INFO  freon.RandomKeyGenerator (RandomKeyGenerator.java:call(291)) - Key size: 20971520 bytes
2019-11-17 12:02:38,045 [main] INFO  freon.RandomKeyGenerator (RandomKeyGenerator.java:call(292)) - Buffer size: 4096 bytes
2019-11-17 12:02:38,045 [main] INFO  freon.RandomKeyGenerator (RandomKeyGenerator.java:call(293)) - validateWrites : true
2019-11-17 12:02:38,047 [main] INFO  freon.RandomKeyGenerator (RandomKeyGenerator.java:call(307)) - Data validation is enabled.
2019-11-17 12:02:38,047 [pool-59-thread-1] INFO  rpc.RpcClient (RpcClient.java:createVolume(292)) - Creating Volume: vol-0-50888, with jenkins1000 as owner.
2019-11-17 12:02:38,047 [main] INFO  freon.RandomKeyGenerator (RandomKeyGenerator.java:call(313)) - Starting progress bar Thread.

 0.00% |?                                                                                                    |  0/1 Time: 0:00:002019-11-17 12:02:38,051 [IPC Server handler 6 on 36883] INFO  volume.OMVolumeCreateRequest (OMVolumeCreateRequest.java:validateAndUpdateCache(193)) - created volume:vol-0-50888 for user:jenkins1000
2019-11-17 12:02:38,087 [pool-59-thread-2] INFO  rpc.RpcClient (RpcClient.java:createBucket(431)) - Creating Bucket: vol-0-50888/bucket-0-89393, with Versioning false and Storage Type set to DISK and Encryption set to false 
2019-11-17 12:02:38,121 [IPC Server handler 10 on 39907] WARN  block.BlockManagerImpl (BlockManagerImpl.java:allocateBlock(203)) - Pipeline creation failed for type:RATIS factor:THREE. Retrying get pipelines call once.
org.apache.hadoop.hdds.scm.pipeline.InsufficientDatanodesException: Cannot create pipeline of factor 3 using 0 nodes.
	at org.apache.hadoop.hdds.scm.pipeline.RatisPipelineProvider.create(RatisPipelineProvider.java:144)
	at org.apache.hadoop.hdds.scm.pipeline.PipelineFactory.create(PipelineFactory.java:60)
	at org.apache.hadoop.hdds.scm.pipeline.SCMPipelineManager.createPipeline(SCMPipelineManager.java:159)
	at org.apache.hadoop.hdds.scm.block.BlockManagerImpl.allocateBlock(BlockManagerImpl.java:199)
	at org.apache.hadoop.hdds.scm.server.SCMBlockProtocolServer.allocateBlock(SCMBlockProtocolServer.java:187)
	at org.apache.hadoop.hdds.scm.protocol.ScmBlockLocationProtocolServerSideTranslatorPB.allocateScmBlock(ScmBlockLocationProtocolServerSideTranslatorPB.java:159)
	at org.apache.hadoop.hdds.scm.protocol.ScmBlockLocationProtocolServerSideTranslatorPB.processMessage(ScmBlockLocationProtocolServerSideTranslatorPB.java:117)
	at org.apache.hadoop.hdds.server.OzoneProtocolMessageDispatcher.processRequest(OzoneProtocolMessageDispatcher.java:72)
	at org.apache.hadoop.hdds.scm.protocol.ScmBlockLocationProtocolServerSideTranslatorPB.send(ScmBlockLocationProtocolServerSideTranslatorPB.java:98)
	at org.apache.hadoop.hdds.protocol.proto.ScmBlockLocationProtocolProtos$ScmBlockLocationProtocolService$2.callBlockingMethod(ScmBlockLocationProtocolProtos.java:13157)
	at org.apache.hadoop.ipc.ProtobufRpcEngine$Server$ProtoBufRpcInvoker.call(ProtobufRpcEngine.java:524)
	at org.apache.hadoop.ipc.RPC$Server.call(RPC.java:1025)
	at org.apache.hadoop.ipc.Server$RpcCall.run(Server.java:876)
	at org.apache.hadoop.ipc.Server$RpcCall.run(Server.java:822)
	at java.security.AccessController.doPrivileged(Native Method)
	at javax.security.auth.Subject.doAs(Subject.java:422)
	at org.apache.hadoop.security.UserGroupInformation.doAs(UserGroupInformation.java:1730)
	at org.apache.hadoop.ipc.Server$Handler.run(Server.java:2682)
2019-11-17 12:02:38,122 [IPC Server handler 10 on 39907] INFO  block.BlockManagerImpl (BlockManagerImpl.java:allocateBlock(215)) - Could not find available pipeline of type:RATIS and factor:THREE even after retrying
2019-11-17 12:02:38,122 [IPC Server handler 10 on 39907] ERROR block.BlockManagerImpl (BlockManagerImpl.java:allocateBlock(239)) - Unable to allocate a block for the size: 4194304, type: RATIS, factor: THREE
2019-11-17 12:02:38,123 [IPC Server handler 10 on 39907] WARN  block.BlockManagerImpl (BlockManagerImpl.java:allocateBlock(203)) - Pipeline creation failed for type:RATIS factor:THREE. Retrying get pipelines call once.
org.apache.hadoop.hdds.scm.pipeline.InsufficientDatanodesException: Cannot create pipeline of factor 3 using 0 nodes.
	at org.apache.hadoop.hdds.scm.pipeline.RatisPipelineProvider.create(RatisPipelineProvider.java:144)
	at org.apache.hadoop.hdds.scm.pipeline.PipelineFactory.create(PipelineFactory.java:60)
	at org.apache.hadoop.hdds.scm.pipeline.SCMPipelineManager.createPipeline(SCMPipelineManager.java:159)
	at org.apache.hadoop.hdds.scm.block.BlockManagerImpl.allocateBlock(BlockManagerImpl.java:199)
	at org.apache.hadoop.hdds.scm.server.SCMBlockProtocolServer.allocateBlock(SCMBlockProtocolServer.java:187)
	at org.apache.hadoop.hdds.scm.protocol.ScmBlockLocationProtocolServerSideTranslatorPB.allocateScmBlock(ScmBlockLocationProtocolServerSideTranslatorPB.java:159)
	at org.apache.hadoop.hdds.scm.protocol.ScmBlockLocationProtocolServerSideTranslatorPB.processMessage(ScmBlockLocationProtocolServerSideTranslatorPB.java:117)
	at org.apache.hadoop.hdds.server.OzoneProtocolMessageDispatcher.processRequest(OzoneProtocolMessageDispatcher.java:72)
	at org.apache.hadoop.hdds.scm.protocol.ScmBlockLocationProtocolServerSideTranslatorPB.send(ScmBlockLocationProtocolServerSideTranslatorPB.java:98)
	at org.apache.hadoop.hdds.protocol.proto.ScmBlockLocationProtocolProtos$ScmBlockLocationProtocolService$2.callBlockingMethod(ScmBlockLocationProtocolProtos.java:13157)
	at org.apache.hadoop.ipc.ProtobufRpcEngine$Server$ProtoBufRpcInvoker.call(ProtobufRpcEngine.java:524)
	at org.apache.hadoop.ipc.RPC$Server.call(RPC.java:1025)
	at org.apache.hadoop.ipc.Server$RpcCall.run(Server.java:876)
	at org.apache.hadoop.ipc.Server$RpcCall.run(Server.java:822)
	at java.security.AccessController.doPrivileged(Native Method)
	at javax.security.auth.Subject.doAs(Subject.java:422)
	at org.apache.hadoop.security.UserGroupInformation.doAs(UserGroupInformation.java:1730)
	at org.apache.hadoop.ipc.Server$Handler.run(Server.java:2682)
2019-11-17 12:02:38,124 [IPC Server handler 10 on 39907] INFO  block.BlockManagerImpl (BlockManagerImpl.java:allocateBlock(215)) - Could not find available pipeline of type:RATIS and factor:THREE even after retrying
2019-11-17 12:02:38,124 [IPC Server handler 10 on 39907] ERROR block.BlockManagerImpl (BlockManagerImpl.java:allocateBlock(239)) - Unable to allocate a block for the size: 4194304, type: RATIS, factor: THREE
2019-11-17 12:02:38,125 [IPC Server handler 10 on 39907] WARN  block.BlockManagerImpl (BlockManagerImpl.java:allocateBlock(203)) - Pipeline creation failed for type:RATIS factor:THREE. Retrying get pipelines call once.
org.apache.hadoop.hdds.scm.pipeline.InsufficientDatanodesException: Cannot create pipeline of factor 3 using 0 nodes.
	at org.apache.hadoop.hdds.scm.pipeline.RatisPipelineProvider.create(RatisPipelineProvider.java:144)
	at org.apache.hadoop.hdds.scm.pipeline.PipelineFactory.create(PipelineFactory.java:60)
	at org.apache.hadoop.hdds.scm.pipeline.SCMPipelineManager.createPipeline(SCMPipelineManager.java:159)
	at org.apache.hadoop.hdds.scm.block.BlockManagerImpl.allocateBlock(BlockManagerImpl.java:199)
	at org.apache.hadoop.hdds.scm.server.SCMBlockProtocolServer.allocateBlock(SCMBlockProtocolServer.java:187)
	at org.apache.hadoop.hdds.scm.protocol.ScmBlockLocationProtocolServerSideTranslatorPB.allocateScmBlock(ScmBlockLocationProtocolServerSideTranslatorPB.java:159)
	at org.apache.hadoop.hdds.scm.protocol.ScmBlockLocationProtocolServerSideTranslatorPB.processMessage(ScmBlockLocationProtocolServerSideTranslatorPB.java:117)
	at org.apache.hadoop.hdds.server.OzoneProtocolMessageDispatcher.processRequest(OzoneProtocolMessageDispatcher.java:72)
	at org.apache.hadoop.hdds.scm.protocol.ScmBlockLocationProtocolServerSideTranslatorPB.send(ScmBlockLocationProtocolServerSideTranslatorPB.java:98)
	at org.apache.hadoop.hdds.protocol.proto.ScmBlockLocationProtocolProtos$ScmBlockLocationProtocolService$2.callBlockingMethod(ScmBlockLocationProtocolProtos.java:13157)
	at org.apache.hadoop.ipc.ProtobufRpcEngine$Server$ProtoBufRpcInvoker.call(ProtobufRpcEngine.java:524)
	at org.apache.hadoop.ipc.RPC$Server.call(RPC.java:1025)
	at org.apache.hadoop.ipc.Server$RpcCall.run(Server.java:876)
	at org.apache.hadoop.ipc.Server$RpcCall.run(Server.java:822)
	at java.security.AccessController.doPrivileged(Native Method)
	at javax.security.auth.Subject.doAs(Subject.java:422)
	at org.apache.hadoop.security.UserGroupInformation.doAs(UserGroupInformation.java:1730)
	at org.apache.hadoop.ipc.Server$Handler.run(Server.java:2682)
2019-11-17 12:02:38,126 [IPC Server handler 10 on 39907] INFO  block.BlockManagerImpl (BlockManagerImpl.java:allocateBlock(215)) - Could not find available pipeline of type:RATIS and factor:THREE even after retrying
2019-11-17 12:02:38,126 [IPC Server handler 10 on 39907] ERROR block.BlockManagerImpl (BlockManagerImpl.java:allocateBlock(239)) - Unable to allocate a block for the size: 4194304, type: RATIS, factor: THREE
2019-11-17 12:02:38,127 [IPC Server handler 10 on 39907] WARN  block.BlockManagerImpl (BlockManagerImpl.java:allocateBlock(203)) - Pipeline creation failed for type:RATIS factor:THREE. Retrying get pipelines call once.
org.apache.hadoop.hdds.scm.pipeline.InsufficientDatanodesException: Cannot create pipeline of factor 3 using 0 nodes.
	at org.apache.hadoop.hdds.scm.pipeline.RatisPipelineProvider.create(RatisPipelineProvider.java:144)
	at org.apache.hadoop.hdds.scm.pipeline.PipelineFactory.create(PipelineFactory.java:60)
	at org.apache.hadoop.hdds.scm.pipeline.SCMPipelineManager.createPipeline(SCMPipelineManager.java:159)
	at org.apache.hadoop.hdds.scm.block.BlockManagerImpl.allocateBlock(BlockManagerImpl.java:199)
	at org.apache.hadoop.hdds.scm.server.SCMBlockProtocolServer.allocateBlock(SCMBlockProtocolServer.java:187)
	at org.apache.hadoop.hdds.scm.protocol.ScmBlockLocationProtocolServerSideTranslatorPB.allocateScmBlock(ScmBlockLocationProtocolServerSideTranslatorPB.java:159)
	at org.apache.hadoop.hdds.scm.protocol.ScmBlockLocationProtocolServerSideTranslatorPB.processMessage(ScmBlockLocationProtocolServerSideTranslatorPB.java:117)
	at org.apache.hadoop.hdds.server.OzoneProtocolMessageDispatcher.processRequest(OzoneProtocolMessageDispatcher.java:72)
	at org.apache.hadoop.hdds.scm.protocol.ScmBlockLocationProtocolServerSideTranslatorPB.send(ScmBlockLocationProtocolServerSideTranslatorPB.java:98)
	at org.apache.hadoop.hdds.protocol.proto.ScmBlockLocationProtocolProtos$ScmBlockLocationProtocolService$2.callBlockingMethod(ScmBlockLocationProtocolProtos.java:13157)
	at org.apache.hadoop.ipc.ProtobufRpcEngine$Server$ProtoBufRpcInvoker.call(ProtobufRpcEngine.java:524)
	at org.apache.hadoop.ipc.RPC$Server.call(RPC.java:1025)
	at org.apache.hadoop.ipc.Server$RpcCall.run(Server.java:876)
	at org.apache.hadoop.ipc.Server$RpcCall.run(Server.java:822)
	at java.security.AccessController.doPrivileged(Native Method)
	at javax.security.auth.Subject.doAs(Subject.java:422)
	at org.apache.hadoop.security.UserGroupInformation.doAs(UserGroupInformation.java:1730)
	at org.apache.hadoop.ipc.Server$Handler.run(Server.java:2682)
2019-11-17 12:02:38,128 [IPC Server handler 10 on 39907] INFO  block.BlockManagerImpl (BlockManagerImpl.java:allocateBlock(215)) - Could not find available pipeline of type:RATIS and factor:THREE even after retrying
2019-11-17 12:02:38,128 [IPC Server handler 10 on 39907] ERROR block.BlockManagerImpl (BlockManagerImpl.java:allocateBlock(239)) - Unable to allocate a block for the size: 4194304, type: RATIS, factor: THREE
2019-11-17 12:02:38,128 [IPC Server handler 10 on 39907] WARN  block.BlockManagerImpl (BlockManagerImpl.java:allocateBlock(203)) - Pipeline creation failed for type:RATIS factor:THREE. Retrying get pipelines call once.
org.apache.hadoop.hdds.scm.pipeline.InsufficientDatanodesException: Cannot create pipeline of factor 3 using 0 nodes.
	at org.apache.hadoop.hdds.scm.pipeline.RatisPipelineProvider.create(RatisPipelineProvider.java:144)
	at org.apache.hadoop.hdds.scm.pipeline.PipelineFactory.create(PipelineFactory.java:60)
	at org.apache.hadoop.hdds.scm.pipeline.SCMPipelineManager.createPipeline(SCMPipelineManager.java:159)
	at org.apache.hadoop.hdds.scm.block.BlockManagerImpl.allocateBlock(BlockManagerImpl.java:199)
	at org.apache.hadoop.hdds.scm.server.SCMBlockProtocolServer.allocateBlock(SCMBlockProtocolServer.java:187)
	at org.apache.hadoop.hdds.scm.protocol.ScmBlockLocationProtocolServerSideTranslatorPB.allocateScmBlock(ScmBlockLocationProtocolServerSideTranslatorPB.java:159)
	at org.apache.hadoop.hdds.scm.protocol.ScmBlockLocationProtocolServerSideTranslatorPB.processMessage(ScmBlockLocationProtocolServerSideTranslatorPB.java:117)
	at org.apache.hadoop.hdds.server.OzoneProtocolMessageDispatcher.processRequest(OzoneProtocolMessageDispatcher.java:72)
	at org.apache.hadoop.hdds.scm.protocol.ScmBlockLocationProtocolServerSideTranslatorPB.send(ScmBlockLocationProtocolServerSideTranslatorPB.java:98)
	at org.apache.hadoop.hdds.protocol.proto.ScmBlockLocationProtocolProtos$ScmBlockLocationProtocolService$2.callBlockingMethod(ScmBlockLocationProtocolProtos.java:13157)
	at org.apache.hadoop.ipc.ProtobufRpcEngine$Server$ProtoBufRpcInvoker.call(ProtobufRpcEngine.java:524)
	at org.apache.hadoop.ipc.RPC$Server.call(RPC.java:1025)
	at org.apache.hadoop.ipc.Server$RpcCall.run(Server.java:876)
	at org.apache.hadoop.ipc.Server$RpcCall.run(Server.java:822)
	at java.security.AccessController.doPrivileged(Native Method)
	at javax.security.auth.Subject.doAs(Subject.java:422)
	at org.apache.hadoop.security.UserGroupInformation.doAs(UserGroupInformation.java:1730)
	at org.apache.hadoop.ipc.Server$Handler.run(Server.java:2682)
2019-11-17 12:02:38,129 [IPC Server handler 10 on 39907] INFO  block.BlockManagerImpl (BlockManagerImpl.java:allocateBlock(215)) - Could not find available pipeline of type:RATIS and factor:THREE even after retrying
2019-11-17 12:02:38,129 [IPC Server handler 10 on 39907] ERROR block.BlockManagerImpl (BlockManagerImpl.java:allocateBlock(239)) - Unable to allocate a block for the size: 4194304, type: RATIS, factor: THREE
2019-11-17 12:02:38,134 [pool-59-thread-3] ERROR freon.RandomKeyGenerator (RandomKeyGenerator.java:createKey(735)) - Exception while adding key: key-0-85461 in bucket: bucket-0-89393 of volume: vol-0-50888.
INTERNAL_ERROR org.apache.hadoop.ozone.om.exceptions.OMException: Allocated 0 blocks. Requested 5 blocks
	at org.apache.hadoop.ozone.om.protocolPB.OzoneManagerProtocolClientSideTranslatorPB.handleError(OzoneManagerProtocolClientSideTranslatorPB.java:761)
	at org.apache.hadoop.ozone.om.protocolPB.OzoneManagerProtocolClientSideTranslatorPB.openKey(OzoneManagerProtocolClientSideTranslatorPB.java:752)
	at sun.reflect.NativeMethodAccessorImpl.invoke0(Native Method)
	at sun.reflect.NativeMethodAccessorImpl.invoke(NativeMethodAccessorImpl.java:62)
	at sun.reflect.DelegatingMethodAccessorImpl.invoke(DelegatingMethodAccessorImpl.java:43)
	at java.lang.reflect.Method.invoke(Method.java:498)
	at org.apache.hadoop.hdds.tracing.TraceAllMethod.invoke(TraceAllMethod.java:66)
	at com.sun.proxy.$Proxy37.openKey(Unknown Source)
	at org.apache.hadoop.ozone.client.rpc.RpcClient.createKey(RpcClient.java:633)
	at org.apache.hadoop.ozone.client.OzoneBucket.createKey(OzoneBucket.java:325)
	at org.apache.hadoop.ozone.freon.RandomKeyGenerator.createKey(RandomKeyGenerator.java:697)
	at org.apache.hadoop.ozone.freon.RandomKeyGenerator.access$1100(RandomKeyGenerator.java:88)
	at org.apache.hadoop.ozone.freon.RandomKeyGenerator$ObjectCreator.run(RandomKeyGenerator.java:615)
	at java.util.concurrent.Executors$RunnableAdapter.call(Executors.java:511)
	at java.util.concurrent.FutureTask.run(FutureTask.java:266)
	at java.util.concurrent.ThreadPoolExecutor.runWorker(ThreadPoolExecutor.java:1149)
	at java.util.concurrent.ThreadPoolExecutor$Worker.run(ThreadPoolExecutor.java:624)
	at java.lang.Thread.run(Thread.java:748)
 0.00% |?                                                                                                    |  0/1 Time: 0:00:012019-11-17 12:02:39,893 [Command processor thread] INFO  impl.RaftServerProxy (RaftServerProxy.java:remove(95)) - 68d90b29-4c2d-4441-ab97-234a6cd2d540: remove    LEADER 68d90b29-4c2d-4441-ab97-234a6cd2d540@group-2EA0C65C1138:t3, leader=68d90b29-4c2d-4441-ab97-234a6cd2d540, voted=68d90b29-4c2d-4441-ab97-234a6cd2d540, raftlog=68d90b29-4c2d-4441-ab97-234a6cd2d540@group-2EA0C65C1138-SegmentedRaftLog:OPENED:c78,f78,i78, conf=0: [68d90b29-4c2d-4441-ab97-234a6cd2d540:192.168.157.219:40731, d5d1df56-c796-4e3a-a7ef-40175175cdd8:192.168.157.219:32848, ccec334e-1c0a-44c7-9ca2-a5184d8fe135:192.168.157.219:40432], old=null RUNNING
2019-11-17 12:02:39,896 [Command processor thread] INFO  impl.RaftServerImpl (RaftServerImpl.java:lambda$shutdown$3(250)) - 68d90b29-4c2d-4441-ab97-234a6cd2d540@group-2EA0C65C1138: shutdown
2019-11-17 12:02:39,896 [Command processor thread] INFO  util.JmxRegister (JmxRegister.java:unregister(73)) - Successfully un-registered JMX Bean with object name Ratis:service=RaftServer,group=group-2EA0C65C1138,id=68d90b29-4c2d-4441-ab97-234a6cd2d540
2019-11-17 12:02:39,896 [Command processor thread] INFO  impl.RoleInfo (RoleInfo.java:shutdownLeaderState(104)) - 68d90b29-4c2d-4441-ab97-234a6cd2d540: shutdown LeaderState
2019-11-17 12:02:39,899 [org.apache.ratis.server.impl.LogAppender$AppenderDaemon$$Lambda$535/1385609796@3f2ec944] WARN  server.GrpcLogAppender (GrpcLogAppender.java:mayWait(151)) - 68d90b29-4c2d-4441-ab97-234a6cd2d540@group-2EA0C65C1138->d5d1df56-c796-4e3a-a7ef-40175175cdd8-GrpcLogAppender: Wait interrupted by java.lang.InterruptedException
2019-11-17 12:02:39,899 [org.apache.ratis.server.impl.LogAppender$AppenderDaemon$$Lambda$535/1385609796@23a1e60b] WARN  server.GrpcLogAppender (GrpcLogAppender.java:mayWait(151)) - 68d90b29-4c2d-4441-ab97-234a6cd2d540@group-2EA0C65C1138->ccec334e-1c0a-44c7-9ca2-a5184d8fe135-GrpcLogAppender: Wait interrupted by java.lang.InterruptedException
2019-11-17 12:02:39,900 [Command processor thread] INFO  impl.PendingRequests (PendingRequests.java:sendNotLeaderResponses(206)) - 68d90b29-4c2d-4441-ab97-234a6cd2d540@group-2EA0C65C1138-PendingRequests: sendNotLeaderResponses
2019-11-17 12:02:39,906 [Command processor thread] INFO  impl.StateMachineUpdater (StateMachineUpdater.java:stopAndJoin(136)) - 68d90b29-4c2d-4441-ab97-234a6cd2d540@group-2EA0C65C1138-StateMachineUpdater: set stopIndex = 78
2019-11-17 12:02:39,907 [68d90b29-4c2d-4441-ab97-234a6cd2d540@group-2EA0C65C1138-StateMachineUpdater] INFO  ratis.ContainerStateMachine (ContainerStateMachine.java:takeSnapshot(285)) - group-2EA0C65C1138: Taking a snapshot at:(t:3, i:76) file /workdir/hadoop-ozone/tools/target/test-dir/MiniOzoneClusterImpl-d38b15b7-9bf0-47ba-b733-12768a69acc7/datanode-2/data/ratis/5a45f44c-c04a-4532-ae8c-2ea0c65c1138/sm/snapshot.3_76
2019-11-17 12:02:39,907 [grpc-default-executor-3] INFO  server.GrpcServerProtocolService (GrpcServerProtocolService.java:onCompleted(113)) - d5d1df56-c796-4e3a-a7ef-40175175cdd8: Completed APPEND_ENTRIES, lastRequest: 68d90b29-4c2d-4441-ab97-234a6cd2d540->d5d1df56-c796-4e3a-a7ef-40175175cdd8#81-t3, previous=(t:3, i:78), leaderCommit=78, initializing? false, entries: <empty>
2019-11-17 12:02:39,907 [grpc-default-executor-5] INFO  server.GrpcServerProtocolService (GrpcServerProtocolService.java:onCompleted(113)) - ccec334e-1c0a-44c7-9ca2-a5184d8fe135: Completed APPEND_ENTRIES, lastRequest: 68d90b29-4c2d-4441-ab97-234a6cd2d540->ccec334e-1c0a-44c7-9ca2-a5184d8fe135#81-t3, previous=(t:3, i:78), leaderCommit=78, initializing? false, entries: <empty>
2019-11-17 12:02:39,909 [grpc-default-executor-5] INFO  server.GrpcLogAppender (GrpcLogAppender.java:onCompleted(308)) - 68d90b29-4c2d-4441-ab97-234a6cd2d540@group-2EA0C65C1138->d5d1df56-c796-4e3a-a7ef-40175175cdd8-AppendLogResponseHandler: follower responses appendEntries COMPLETED
2019-11-17 12:02:39,909 [grpc-default-executor-3] INFO  server.GrpcLogAppender (GrpcLogAppender.java:onCompleted(308)) - 68d90b29-4c2d-4441-ab97-234a6cd2d540@group-2EA0C65C1138->ccec334e-1c0a-44c7-9ca2-a5184d8fe135-AppendLogResponseHandler: follower responses appendEntries COMPLETED
2019-11-17 12:02:39,917 [grpc-default-executor-3] INFO  impl.FollowerInfo (FollowerInfo.java:lambda$new$0(51)) - 68d90b29-4c2d-4441-ab97-234a6cd2d540@group-2EA0C65C1138->ccec334e-1c0a-44c7-9ca2-a5184d8fe135: nextIndex: updateUnconditionally 79 -> 78
2019-11-17 12:02:39,917 [grpc-default-executor-5] INFO  impl.FollowerInfo (FollowerInfo.java:lambda$new$0(51)) - 68d90b29-4c2d-4441-ab97-234a6cd2d540@group-2EA0C65C1138->d5d1df56-c796-4e3a-a7ef-40175175cdd8: nextIndex: updateUnconditionally 79 -> 78
2019-11-17 12:02:39,955 [68d90b29-4c2d-4441-ab97-234a6cd2d540@group-2EA0C65C1138-StateMachineUpdater] INFO  ratis.ContainerStateMachine (ContainerStateMachine.java:takeSnapshot(296)) - group-2EA0C65C1138: Finished taking a snapshot at:(t:3, i:76) file:/workdir/hadoop-ozone/tools/target/test-dir/MiniOzoneClusterImpl-d38b15b7-9bf0-47ba-b733-12768a69acc7/datanode-2/data/ratis/5a45f44c-c04a-4532-ae8c-2ea0c65c1138/sm/snapshot.3_76 time:49
2019-11-17 12:02:39,957 [68d90b29-4c2d-4441-ab97-234a6cd2d540@group-2EA0C65C1138-StateMachineUpdater] INFO  impl.StateMachineUpdater (StateMachineUpdater.java:takeSnapshot(269)) - 68d90b29-4c2d-4441-ab97-234a6cd2d540@group-2EA0C65C1138-StateMachineUpdater: Took a snapshot at index 76
2019-11-17 12:02:39,959 [68d90b29-4c2d-4441-ab97-234a6cd2d540@group-2EA0C65C1138-StateMachineUpdater] INFO  impl.StateMachineUpdater (StateMachineUpdater.java:lambda$new$0(84)) - 68d90b29-4c2d-4441-ab97-234a6cd2d540@group-2EA0C65C1138-StateMachineUpdater: snapshotIndex: updateIncreasingly -1 -> 76
2019-11-17 12:02:39,962 [Command processor thread] INFO  impl.RaftServerProxy (RaftServerProxy.java:remove(95)) - d5d1df56-c796-4e3a-a7ef-40175175cdd8: remove  FOLLOWER d5d1df56-c796-4e3a-a7ef-40175175cdd8@group-2EA0C65C1138:t3, leader=68d90b29-4c2d-4441-ab97-234a6cd2d540, voted=68d90b29-4c2d-4441-ab97-234a6cd2d540, raftlog=d5d1df56-c796-4e3a-a7ef-40175175cdd8@group-2EA0C65C1138-SegmentedRaftLog:OPENED:c78,f78,i78, conf=0: [68d90b29-4c2d-4441-ab97-234a6cd2d540:192.168.157.219:40731, d5d1df56-c796-4e3a-a7ef-40175175cdd8:192.168.157.219:32848, ccec334e-1c0a-44c7-9ca2-a5184d8fe135:192.168.157.219:40432], old=null RUNNING
2019-11-17 12:02:39,962 [Command processor thread] INFO  impl.RaftServerProxy (RaftServerProxy.java:remove(95)) - ccec334e-1c0a-44c7-9ca2-a5184d8fe135: remove  FOLLOWER ccec334e-1c0a-44c7-9ca2-a5184d8fe135@group-2EA0C65C1138:t3, leader=68d90b29-4c2d-4441-ab97-234a6cd2d540, voted=ccec334e-1c0a-44c7-9ca2-a5184d8fe135, raftlog=ccec334e-1c0a-44c7-9ca2-a5184d8fe135@group-2EA0C65C1138-SegmentedRaftLog:OPENED:c78,f78,i78, conf=0: [68d90b29-4c2d-4441-ab97-234a6cd2d540:192.168.157.219:40731, d5d1df56-c796-4e3a-a7ef-40175175cdd8:192.168.157.219:32848, ccec334e-1c0a-44c7-9ca2-a5184d8fe135:192.168.157.219:40432], old=null RUNNING
2019-11-17 12:02:39,963 [Command processor thread] INFO  impl.RaftServerImpl (RaftServerImpl.java:lambda$shutdown$3(250)) - d5d1df56-c796-4e3a-a7ef-40175175cdd8@group-2EA0C65C1138: shutdown
2019-11-17 12:02:39,964 [Command processor thread] INFO  impl.RaftServerImpl (RaftServerImpl.java:lambda$shutdown$3(250)) - ccec334e-1c0a-44c7-9ca2-a5184d8fe135@group-2EA0C65C1138: shutdown
2019-11-17 12:02:39,965 [Command processor thread] INFO  util.JmxRegister (JmxRegister.java:unregister(73)) - Successfully un-registered JMX Bean with object name Ratis:service=RaftServer,group=group-2EA0C65C1138,id=d5d1df56-c796-4e3a-a7ef-40175175cdd8
2019-11-17 12:02:39,965 [Command processor thread] INFO  util.JmxRegister (JmxRegister.java:unregister(73)) - Successfully un-registered JMX Bean with object name Ratis:service=RaftServer,group=group-2EA0C65C1138,id=ccec334e-1c0a-44c7-9ca2-a5184d8fe135
2019-11-17 12:02:39,965 [Command processor thread] INFO  impl.RoleInfo (RoleInfo.java:shutdownFollowerState(121)) - d5d1df56-c796-4e3a-a7ef-40175175cdd8: shutdown FollowerState
2019-11-17 12:02:39,965 [Command processor thread] INFO  impl.RoleInfo (RoleInfo.java:shutdownFollowerState(121)) - ccec334e-1c0a-44c7-9ca2-a5184d8fe135: shutdown FollowerState
2019-11-17 12:02:39,965 [Thread-228] INFO  impl.FollowerState (FollowerState.java:run(120)) - d5d1df56-c796-4e3a-a7ef-40175175cdd8@group-2EA0C65C1138-FollowerState was interrupted: java.lang.InterruptedException: sleep interrupted
2019-11-17 12:02:39,965 [Command processor thread] INFO  impl.StateMachineUpdater (StateMachineUpdater.java:stopAndJoin(136)) - d5d1df56-c796-4e3a-a7ef-40175175cdd8@group-2EA0C65C1138-StateMachineUpdater: set stopIndex = 78
2019-11-17 12:02:39,966 [Thread-229] INFO  impl.FollowerState (FollowerState.java:run(120)) - ccec334e-1c0a-44c7-9ca2-a5184d8fe135@group-2EA0C65C1138-FollowerState was interrupted: java.lang.InterruptedException: sleep interrupted
2019-11-17 12:02:39,965 [Command processor thread] INFO  impl.StateMachineUpdater (StateMachineUpdater.java:stopAndJoin(136)) - ccec334e-1c0a-44c7-9ca2-a5184d8fe135@group-2EA0C65C1138-StateMachineUpdater: set stopIndex = 78
2019-11-17 12:02:39,967 [d5d1df56-c796-4e3a-a7ef-40175175cdd8@group-2EA0C65C1138-StateMachineUpdater] INFO  ratis.ContainerStateMachine (ContainerStateMachine.java:takeSnapshot(285)) - group-2EA0C65C1138: Taking a snapshot at:(t:3, i:76) file /workdir/hadoop-ozone/tools/target/test-dir/MiniOzoneClusterImpl-d38b15b7-9bf0-47ba-b733-12768a69acc7/datanode-1/data/ratis/5a45f44c-c04a-4532-ae8c-2ea0c65c1138/sm/snapshot.3_76
2019-11-17 12:02:39,967 [68d90b29-4c2d-4441-ab97-234a6cd2d540@group-2EA0C65C1138-StateMachineUpdater] INFO  ratis.ContainerStateMachine (ContainerStateMachine.java:takeSnapshot(285)) - group-2EA0C65C1138: Taking a snapshot at:(t:3, i:76) file /workdir/hadoop-ozone/tools/target/test-dir/MiniOzoneClusterImpl-d38b15b7-9bf0-47ba-b733-12768a69acc7/datanode-2/data/ratis/5a45f44c-c04a-4532-ae8c-2ea0c65c1138/sm/snapshot.3_76
2019-11-17 12:02:39,967 [ccec334e-1c0a-44c7-9ca2-a5184d8fe135@group-2EA0C65C1138-StateMachineUpdater] INFO  ratis.ContainerStateMachine (ContainerStateMachine.java:takeSnapshot(285)) - group-2EA0C65C1138: Taking a snapshot at:(t:3, i:76) file /workdir/hadoop-ozone/tools/target/test-dir/MiniOzoneClusterImpl-d38b15b7-9bf0-47ba-b733-12768a69acc7/datanode-0/data/ratis/5a45f44c-c04a-4532-ae8c-2ea0c65c1138/sm/snapshot.3_76
2019-11-17 12:02:39,985 [ccec334e-1c0a-44c7-9ca2-a5184d8fe135@group-2EA0C65C1138-StateMachineUpdater] INFO  ratis.ContainerStateMachine (ContainerStateMachine.java:takeSnapshot(296)) - group-2EA0C65C1138: Finished taking a snapshot at:(t:3, i:76) file:/workdir/hadoop-ozone/tools/target/test-dir/MiniOzoneClusterImpl-d38b15b7-9bf0-47ba-b733-12768a69acc7/datanode-0/data/ratis/5a45f44c-c04a-4532-ae8c-2ea0c65c1138/sm/snapshot.3_76 time:20
2019-11-17 12:02:39,985 [68d90b29-4c2d-4441-ab97-234a6cd2d540@group-2EA0C65C1138-StateMachineUpdater] INFO  ratis.ContainerStateMachine (ContainerStateMachine.java:takeSnapshot(296)) - group-2EA0C65C1138: Finished taking a snapshot at:(t:3, i:76) file:/workdir/hadoop-ozone/tools/target/test-dir/MiniOzoneClusterImpl-d38b15b7-9bf0-47ba-b733-12768a69acc7/datanode-2/data/ratis/5a45f44c-c04a-4532-ae8c-2ea0c65c1138/sm/snapshot.3_76 time:19
2019-11-17 12:02:39,985 [d5d1df56-c796-4e3a-a7ef-40175175cdd8@group-2EA0C65C1138-StateMachineUpdater] INFO  ratis.ContainerStateMachine (ContainerStateMachine.java:takeSnapshot(296)) - group-2EA0C65C1138: Finished taking a snapshot at:(t:3, i:76) file:/workdir/hadoop-ozone/tools/target/test-dir/MiniOzoneClusterImpl-d38b15b7-9bf0-47ba-b733-12768a69acc7/datanode-1/data/ratis/5a45f44c-c04a-4532-ae8c-2ea0c65c1138/sm/snapshot.3_76 time:20
2019-11-17 12:02:39,986 [ccec334e-1c0a-44c7-9ca2-a5184d8fe135@group-2EA0C65C1138-StateMachineUpdater] INFO  impl.StateMachineUpdater (StateMachineUpdater.java:takeSnapshot(269)) - ccec334e-1c0a-44c7-9ca2-a5184d8fe135@group-2EA0C65C1138-StateMachineUpdater: Took a snapshot at index 76
2019-11-17 12:02:39,986 [d5d1df56-c796-4e3a-a7ef-40175175cdd8@group-2EA0C65C1138-StateMachineUpdater] INFO  impl.StateMachineUpdater (StateMachineUpdater.java:takeSnapshot(269)) - d5d1df56-c796-4e3a-a7ef-40175175cdd8@group-2EA0C65C1138-StateMachineUpdater: Took a snapshot at index 76
2019-11-17 12:02:39,986 [68d90b29-4c2d-4441-ab97-234a6cd2d540@group-2EA0C65C1138-StateMachineUpdater] INFO  impl.StateMachineUpdater (StateMachineUpdater.java:takeSnapshot(269)) - 68d90b29-4c2d-4441-ab97-234a6cd2d540@group-2EA0C65C1138-StateMachineUpdater: Took a snapshot at index 76
2019-11-17 12:02:39,986 [d5d1df56-c796-4e3a-a7ef-40175175cdd8@group-2EA0C65C1138-StateMachineUpdater] INFO  impl.StateMachineUpdater (StateMachineUpdater.java:lambda$new$0(84)) - d5d1df56-c796-4e3a-a7ef-40175175cdd8@group-2EA0C65C1138-StateMachineUpdater: snapshotIndex: updateIncreasingly -1 -> 76
2019-11-17 12:02:39,986 [ccec334e-1c0a-44c7-9ca2-a5184d8fe135@group-2EA0C65C1138-StateMachineUpdater] INFO  impl.StateMachineUpdater (StateMachineUpdater.java:lambda$new$0(84)) - ccec334e-1c0a-44c7-9ca2-a5184d8fe135@group-2EA0C65C1138-StateMachineUpdater: snapshotIndex: updateIncreasingly -1 -> 76
2019-11-17 12:02:39,987 [d5d1df56-c796-4e3a-a7ef-40175175cdd8@group-2EA0C65C1138-StateMachineUpdater] INFO  ratis.ContainerStateMachine (ContainerStateMachine.java:takeSnapshot(285)) - group-2EA0C65C1138: Taking a snapshot at:(t:3, i:76) file /workdir/hadoop-ozone/tools/target/test-dir/MiniOzoneClusterImpl-d38b15b7-9bf0-47ba-b733-12768a69acc7/datanode-1/data/ratis/5a45f44c-c04a-4532-ae8c-2ea0c65c1138/sm/snapshot.3_76
2019-11-17 12:02:39,986 [68d90b29-4c2d-4441-ab97-234a6cd2d540@group-2EA0C65C1138-StateMachineUpdater] INFO  impl.StateMachineUpdater (StateMachineUpdater.java:lambda$new$0(84)) - 68d90b29-4c2d-4441-ab97-234a6cd2d540@group-2EA0C65C1138-StateMachineUpdater: snapshotIndex: updateIncreasingly 76 -> 76
2019-11-17 12:02:39,987 [ccec334e-1c0a-44c7-9ca2-a5184d8fe135@group-2EA0C65C1138-StateMachineUpdater] INFO  ratis.ContainerStateMachine (ContainerStateMachine.java:takeSnapshot(285)) - group-2EA0C65C1138: Taking a snapshot at:(t:3, i:76) file /workdir/hadoop-ozone/tools/target/test-dir/MiniOzoneClusterImpl-d38b15b7-9bf0-47ba-b733-12768a69acc7/datanode-0/data/ratis/5a45f44c-c04a-4532-ae8c-2ea0c65c1138/sm/snapshot.3_76
2019-11-17 12:02:39,987 [Command processor thread] INFO  impl.RaftServerImpl (ServerState.java:close(387)) - 68d90b29-4c2d-4441-ab97-234a6cd2d540@group-2EA0C65C1138: closes. applyIndex: 78
2019-11-17 12:02:39,990 [68d90b29-4c2d-4441-ab97-234a6cd2d540@group-2EA0C65C1138-SegmentedRaftLogWorker] INFO  segmented.SegmentedRaftLogWorker (SegmentedRaftLogWorker.java:run(316)) - 68d90b29-4c2d-4441-ab97-234a6cd2d540@group-2EA0C65C1138-SegmentedRaftLogWorker was interrupted, exiting. There are 0 tasks remaining in the queue.
2019-11-17 12:02:39,991 [Command processor thread] INFO  segmented.SegmentedRaftLogWorker (SegmentedRaftLogWorker.java:close(224)) - 68d90b29-4c2d-4441-ab97-234a6cd2d540@group-2EA0C65C1138-SegmentedRaftLogWorker close()
2019-11-17 12:02:40,009 [d5d1df56-c796-4e3a-a7ef-40175175cdd8@group-2EA0C65C1138-StateMachineUpdater] INFO  ratis.ContainerStateMachine (ContainerStateMachine.java:takeSnapshot(296)) - group-2EA0C65C1138: Finished taking a snapshot at:(t:3, i:76) file:/workdir/hadoop-ozone/tools/target/test-dir/MiniOzoneClusterImpl-d38b15b7-9bf0-47ba-b733-12768a69acc7/datanode-1/data/ratis/5a45f44c-c04a-4532-ae8c-2ea0c65c1138/sm/snapshot.3_76 time:23
2019-11-17 12:02:40,009 [ccec334e-1c0a-44c7-9ca2-a5184d8fe135@group-2EA0C65C1138-StateMachineUpdater] INFO  ratis.ContainerStateMachine (ContainerStateMachine.java:takeSnapshot(296)) - group-2EA0C65C1138: Finished taking a snapshot at:(t:3, i:76) file:/workdir/hadoop-ozone/tools/target/test-dir/MiniOzoneClusterImpl-d38b15b7-9bf0-47ba-b733-12768a69acc7/datanode-0/data/ratis/5a45f44c-c04a-4532-ae8c-2ea0c65c1138/sm/snapshot.3_76 time:23
2019-11-17 12:02:40,010 [d5d1df56-c796-4e3a-a7ef-40175175cdd8@group-2EA0C65C1138-StateMachineUpdater] INFO  impl.StateMachineUpdater (StateMachineUpdater.java:takeSnapshot(269)) - d5d1df56-c796-4e3a-a7ef-40175175cdd8@group-2EA0C65C1138-StateMachineUpdater: Took a snapshot at index 76
2019-11-17 12:02:40,010 [d5d1df56-c796-4e3a-a7ef-40175175cdd8@group-2EA0C65C1138-StateMachineUpdater] INFO  impl.StateMachineUpdater (StateMachineUpdater.java:lambda$new$0(84)) - d5d1df56-c796-4e3a-a7ef-40175175cdd8@group-2EA0C65C1138-StateMachineUpdater: snapshotIndex: updateIncreasingly 76 -> 76
2019-11-17 12:02:40,010 [ccec334e-1c0a-44c7-9ca2-a5184d8fe135@group-2EA0C65C1138-StateMachineUpdater] INFO  impl.StateMachineUpdater (StateMachineUpdater.java:takeSnapshot(269)) - ccec334e-1c0a-44c7-9ca2-a5184d8fe135@group-2EA0C65C1138-StateMachineUpdater: Took a snapshot at index 76
2019-11-17 12:02:40,010 [ccec334e-1c0a-44c7-9ca2-a5184d8fe135@group-2EA0C65C1138-StateMachineUpdater] INFO  impl.StateMachineUpdater (StateMachineUpdater.java:lambda$new$0(84)) - ccec334e-1c0a-44c7-9ca2-a5184d8fe135@group-2EA0C65C1138-StateMachineUpdater: snapshotIndex: updateIncreasingly 76 -> 76
2019-11-17 12:02:40,010 [Command processor thread] INFO  impl.RaftServerImpl (ServerState.java:close(387)) - d5d1df56-c796-4e3a-a7ef-40175175cdd8@group-2EA0C65C1138: closes. applyIndex: 78
2019-11-17 12:02:40,011 [Command processor thread] INFO  impl.RaftServerImpl (ServerState.java:close(387)) - ccec334e-1c0a-44c7-9ca2-a5184d8fe135@group-2EA0C65C1138: closes. applyIndex: 78
2019-11-17 12:02:40,011 [d5d1df56-c796-4e3a-a7ef-40175175cdd8@group-2EA0C65C1138-SegmentedRaftLogWorker] INFO  segmented.SegmentedRaftLogWorker (SegmentedRaftLogWorker.java:run(316)) - d5d1df56-c796-4e3a-a7ef-40175175cdd8@group-2EA0C65C1138-SegmentedRaftLogWorker was interrupted, exiting. There are 0 tasks remaining in the queue.
2019-11-17 12:02:40,012 [Command processor thread] INFO  segmented.SegmentedRaftLogWorker (SegmentedRaftLogWorker.java:close(224)) - d5d1df56-c796-4e3a-a7ef-40175175cdd8@group-2EA0C65C1138-SegmentedRaftLogWorker close()
2019-11-17 12:02:40,012 [ccec334e-1c0a-44c7-9ca2-a5184d8fe135@group-2EA0C65C1138-SegmentedRaftLogWorker] INFO  segmented.SegmentedRaftLogWorker (SegmentedRaftLogWorker.java:run(316)) - ccec334e-1c0a-44c7-9ca2-a5184d8fe135@group-2EA0C65C1138-SegmentedRaftLogWorker was interrupted, exiting. There are 0 tasks remaining in the queue.
2019-11-17 12:02:40,015 [Command processor thread] INFO  segmented.SegmentedRaftLogWorker (SegmentedRaftLogWorker.java:close(224)) - ccec334e-1c0a-44c7-9ca2-a5184d8fe135@group-2EA0C65C1138-SegmentedRaftLogWorker close()
2019-11-17 12:02:40,029 [Command processor thread] INFO  interfaces.Container (KeyValueContainer.java:flushAndSyncDB(400)) - Container 1 is synced with bcsId 60.
2019-11-17 12:02:40,029 [Command processor thread] INFO  interfaces.Container (KeyValueContainer.java:flushAndSyncDB(400)) - Container 1 is synced with bcsId 60.
 0.00% |?                                                                                                    |  0/1 Time: 0:00:022019-11-17 12:02:40,050 [Command processor thread] INFO  interfaces.Container (KeyValueContainer.java:flushAndSyncDB(400)) - Container 1 is synced with bcsId 60.
2019-11-17 12:02:40,051 [Command processor thread] INFO  interfaces.Container (KeyValueContainer.java:flushAndSyncDB(400)) - Container 1 is synced with bcsId 60.
2019-11-17 12:02:40,053 [Command processor thread] INFO  interfaces.Container (KeyValueContainer.java:flushAndSyncDB(400)) - Container 1 is synced with bcsId 60.
2019-11-17 12:02:40,053 [Command processor thread] INFO  interfaces.Container (KeyValueContainer.java:flushAndSyncDB(400)) - Container 1 is synced with bcsId 60.
2019-11-17 12:02:40,054 [EventQueue-IncrementalContainerReportForIncrementalContainerReportHandler] INFO  container.IncrementalContainerReportHandler (AbstractContainerReportHandler.java:updateContainerState(171)) - Moving container #1 to QUASI_CLOSED state, datanode d5d1df56-c796-4e3a-a7ef-40175175cdd8{ip: 192.168.157.219, host: pr-hdds-2521-s74hp-2299638293, networkLocation: /default-rack, certSerialId: null} reported QUASI_CLOSED replica.
2019-11-17 12:02:40,111 [Command processor thread] INFO  interfaces.Container (KeyValueContainer.java:flushAndSyncDB(400)) - Container 2 is synced with bcsId 76.
2019-11-17 12:02:40,111 [Command processor thread] INFO  interfaces.Container (KeyValueContainer.java:flushAndSyncDB(400)) - Container 2 is synced with bcsId 76.
2019-11-17 12:02:40,138 [EventQueue-IncrementalContainerReportForIncrementalContainerReportHandler] INFO  container.IncrementalContainerReportHandler (AbstractContainerReportHandler.java:updateContainerState(171)) - Moving container #2 to QUASI_CLOSED state, datanode d5d1df56-c796-4e3a-a7ef-40175175cdd8{ip: 192.168.157.219, host: pr-hdds-2521-s74hp-2299638293, networkLocation: /default-rack, certSerialId: null} reported QUASI_CLOSED replica.
2019-11-17 12:02:40,145 [Command processor thread] INFO  interfaces.Container (KeyValueContainer.java:flushAndSyncDB(400)) - Container 2 is synced with bcsId 76.
2019-11-17 12:02:40,145 [Command processor thread] INFO  interfaces.Container (KeyValueContainer.java:flushAndSyncDB(400)) - Container 2 is synced with bcsId 76.
2019-11-17 12:02:40,162 [Command processor thread] INFO  interfaces.Container (KeyValueContainer.java:flushAndSyncDB(400)) - Container 2 is synced with bcsId 76.
2019-11-17 12:02:40,162 [Command processor thread] INFO  interfaces.Container (KeyValueContainer.java:flushAndSyncDB(400)) - Container 2 is synced with bcsId 76.
2019-11-17 12:02:40,179 [Command processor thread] INFO  interfaces.Container (KeyValueContainer.java:flushAndSyncDB(400)) - Container 3 is synced with bcsId 42.
2019-11-17 12:02:40,179 [Command processor thread] INFO  interfaces.Container (KeyValueContainer.java:flushAndSyncDB(400)) - Container 3 is synced with bcsId 42.
2019-11-17 12:02:40,197 [Command processor thread] INFO  commandhandler.ClosePipelineCommandHandler (ClosePipelineCommandHandler.java:handle(78)) - Close Pipeline #id: "5a45f44c-c04a-4532-ae8c-2ea0c65c1138"
 command on datanode #d5d1df56-c796-4e3a-a7ef-40175175cdd8.
2019-11-17 12:02:40,198 [Command processor thread] INFO  impl.RaftServerProxy (RaftServerProxy.java:addNew(89)) - d5d1df56-c796-4e3a-a7ef-40175175cdd8: addNew group-8FCD1B987E6D:[68d90b29-4c2d-4441-ab97-234a6cd2d540:192.168.157.219:40731, d5d1df56-c796-4e3a-a7ef-40175175cdd8:192.168.157.219:32848, ccec334e-1c0a-44c7-9ca2-a5184d8fe135:192.168.157.219:40432] returns group-8FCD1B987E6D:java.util.concurrent.CompletableFuture@48cf6402[Not completed]
2019-11-17 12:02:40,198 [EventQueue-IncrementalContainerReportForIncrementalContainerReportHandler] INFO  container.IncrementalContainerReportHandler (AbstractContainerReportHandler.java:updateContainerState(171)) - Moving container #3 to QUASI_CLOSED state, datanode d5d1df56-c796-4e3a-a7ef-40175175cdd8{ip: 192.168.157.219, host: pr-hdds-2521-s74hp-2299638293, networkLocation: /default-rack, certSerialId: null} reported QUASI_CLOSED replica.
2019-11-17 12:02:40,200 [pool-37-thread-1] INFO  impl.RaftServerImpl (RaftServerImpl.java:<init>(98)) - d5d1df56-c796-4e3a-a7ef-40175175cdd8: new RaftServerImpl for group-8FCD1B987E6D:[68d90b29-4c2d-4441-ab97-234a6cd2d540:192.168.157.219:40731, d5d1df56-c796-4e3a-a7ef-40175175cdd8:192.168.157.219:32848, ccec334e-1c0a-44c7-9ca2-a5184d8fe135:192.168.157.219:40432] with ContainerStateMachine:uninitialized
2019-11-17 12:02:40,200 [pool-37-thread-1] INFO  server.RaftServerConfigKeys (ConfUtils.java:logGet(43)) - raft.server.rpc.timeout.min = 5s (custom)
2019-11-17 12:02:40,201 [pool-37-thread-1] INFO  server.RaftServerConfigKeys (ConfUtils.java:logGet(43)) - raft.server.rpc.timeout.max = 5200ms (custom)
2019-11-17 12:02:40,201 [pool-37-thread-1] INFO  server.RaftServerConfigKeys (ConfUtils.java:logGet(43)) - raft.server.rpcslowness.timeout = 120s (custom)
2019-11-17 12:02:40,201 [pool-37-thread-1] INFO  server.RaftServerConfigKeys (ConfUtils.java:logGet(43)) - raft.server.sleep.deviation.threshold = 300 (default)
2019-11-17 12:02:40,201 [pool-37-thread-1] INFO  server.RaftServerConfigKeys (ConfUtils.java:logGet(43)) - raft.server.log.appender.install.snapshot.enabled = false (custom)
2019-11-17 12:02:40,201 [pool-37-thread-1] INFO  impl.RaftServerImpl (ServerState.java:<init>(103)) - d5d1df56-c796-4e3a-a7ef-40175175cdd8@group-8FCD1B987E6D: ConfigurationManager, init=-1: [68d90b29-4c2d-4441-ab97-234a6cd2d540:192.168.157.219:40731, d5d1df56-c796-4e3a-a7ef-40175175cdd8:192.168.157.219:32848, ccec334e-1c0a-44c7-9ca2-a5184d8fe135:192.168.157.219:40432], old=null, confs=<EMPTY_MAP>
2019-11-17 12:02:40,202 [pool-37-thread-1] INFO  server.RaftServerConfigKeys (ConfUtils.java:logGet(43)) - raft.server.storage.dir = [/workdir/hadoop-ozone/tools/target/test-dir/MiniOzoneClusterImpl-d38b15b7-9bf0-47ba-b733-12768a69acc7/datanode-1/data/ratis] (custom)
2019-11-17 12:02:40,202 [pool-37-thread-1] INFO  server.RaftServerConfigKeys (ConfUtils.java:logGet(43)) - raft.server.log.corruption.policy = EXCEPTION (default)
2019-11-17 12:02:40,202 [pool-37-thread-1] INFO  storage.RaftStorageDirectory (RaftStorageDirectory.java:analyzeStorage(246)) - The storage directory /workdir/hadoop-ozone/tools/target/test-dir/MiniOzoneClusterImpl-d38b15b7-9bf0-47ba-b733-12768a69acc7/datanode-1/data/ratis/f4d17457-33a1-4e2a-910f-8fcd1b987e6d does not exist. Creating ...
2019-11-17 12:02:40,213 [Command processor thread] INFO  interfaces.Container (KeyValueContainer.java:flushAndSyncDB(400)) - Container 3 is synced with bcsId 42.
2019-11-17 12:02:40,214 [Command processor thread] INFO  interfaces.Container (KeyValueContainer.java:flushAndSyncDB(400)) - Container 3 is synced with bcsId 42.
2019-11-17 12:02:40,239 [pool-37-thread-1] INFO  storage.RaftStorageDirectory (RaftStorageDirectory.java:tryLock(328)) - Lock on /workdir/hadoop-ozone/tools/target/test-dir/MiniOzoneClusterImpl-d38b15b7-9bf0-47ba-b733-12768a69acc7/datanode-1/data/ratis/f4d17457-33a1-4e2a-910f-8fcd1b987e6d/in_use.lock acquired by nodename 30991@pr-hdds-2521-s74hp-2299638293
2019-11-17 12:02:40,239 [Command processor thread] INFO  commandhandler.ClosePipelineCommandHandler (ClosePipelineCommandHandler.java:handle(78)) - Close Pipeline #id: "5a45f44c-c04a-4532-ae8c-2ea0c65c1138"
 command on datanode #ccec334e-1c0a-44c7-9ca2-a5184d8fe135.
2019-11-17 12:02:40,241 [Command processor thread] INFO  impl.RaftServerProxy (RaftServerProxy.java:addNew(89)) - ccec334e-1c0a-44c7-9ca2-a5184d8fe135: addNew group-8FCD1B987E6D:[68d90b29-4c2d-4441-ab97-234a6cd2d540:192.168.157.219:40731, d5d1df56-c796-4e3a-a7ef-40175175cdd8:192.168.157.219:32848, ccec334e-1c0a-44c7-9ca2-a5184d8fe135:192.168.157.219:40432] returns group-8FCD1B987E6D:java.util.concurrent.CompletableFuture@47c13dc0[Not completed]
2019-11-17 12:02:40,245 [pool-27-thread-1] INFO  impl.RaftServerImpl (RaftServerImpl.java:<init>(98)) - ccec334e-1c0a-44c7-9ca2-a5184d8fe135: new RaftServerImpl for group-8FCD1B987E6D:[68d90b29-4c2d-4441-ab97-234a6cd2d540:192.168.157.219:40731, d5d1df56-c796-4e3a-a7ef-40175175cdd8:192.168.157.219:32848, ccec334e-1c0a-44c7-9ca2-a5184d8fe135:192.168.157.219:40432] with ContainerStateMachine:uninitialized
2019-11-17 12:02:40,245 [pool-27-thread-1] INFO  server.RaftServerConfigKeys (ConfUtils.java:logGet(43)) - raft.server.rpc.timeout.min = 5s (custom)
2019-11-17 12:02:40,245 [pool-27-thread-1] INFO  server.RaftServerConfigKeys (ConfUtils.java:logGet(43)) - raft.server.rpc.timeout.max = 5200ms (custom)
2019-11-17 12:02:40,245 [pool-27-thread-1] INFO  server.RaftServerConfigKeys (ConfUtils.java:logGet(43)) - raft.server.rpcslowness.timeout = 120s (custom)
2019-11-17 12:02:40,245 [pool-27-thread-1] INFO  server.RaftServerConfigKeys (ConfUtils.java:logGet(43)) - raft.server.sleep.deviation.threshold = 300 (default)
2019-11-17 12:02:40,246 [pool-27-thread-1] INFO  server.RaftServerConfigKeys (ConfUtils.java:logGet(43)) - raft.server.log.appender.install.snapshot.enabled = false (custom)
2019-11-17 12:02:40,246 [pool-27-thread-1] INFO  impl.RaftServerImpl (ServerState.java:<init>(103)) - ccec334e-1c0a-44c7-9ca2-a5184d8fe135@group-8FCD1B987E6D: ConfigurationManager, init=-1: [68d90b29-4c2d-4441-ab97-234a6cd2d540:192.168.157.219:40731, d5d1df56-c796-4e3a-a7ef-40175175cdd8:192.168.157.219:32848, ccec334e-1c0a-44c7-9ca2-a5184d8fe135:192.168.157.219:40432], old=null, confs=<EMPTY_MAP>
2019-11-17 12:02:40,246 [pool-27-thread-1] INFO  server.RaftServerConfigKeys (ConfUtils.java:logGet(43)) - raft.server.storage.dir = [/workdir/hadoop-ozone/tools/target/test-dir/MiniOzoneClusterImpl-d38b15b7-9bf0-47ba-b733-12768a69acc7/datanode-0/data/ratis] (custom)
2019-11-17 12:02:40,246 [pool-27-thread-1] INFO  server.RaftServerConfigKeys (ConfUtils.java:logGet(43)) - raft.server.log.corruption.policy = EXCEPTION (default)
2019-11-17 12:02:40,247 [pool-27-thread-1] INFO  storage.RaftStorageDirectory (RaftStorageDirectory.java:analyzeStorage(246)) - The storage directory /workdir/hadoop-ozone/tools/target/test-dir/MiniOzoneClusterImpl-d38b15b7-9bf0-47ba-b733-12768a69acc7/datanode-0/data/ratis/f4d17457-33a1-4e2a-910f-8fcd1b987e6d does not exist. Creating ...
2019-11-17 12:02:40,256 [Command processor thread] INFO  interfaces.Container (KeyValueContainer.java:flushAndSyncDB(400)) - Container 3 is synced with bcsId 42.
2019-11-17 12:02:40,256 [Command processor thread] INFO  interfaces.Container (KeyValueContainer.java:flushAndSyncDB(400)) - Container 3 is synced with bcsId 42.
2019-11-17 12:02:40,340 [pool-27-thread-1] INFO  storage.RaftStorageDirectory (RaftStorageDirectory.java:tryLock(328)) - Lock on /workdir/hadoop-ozone/tools/target/test-dir/MiniOzoneClusterImpl-d38b15b7-9bf0-47ba-b733-12768a69acc7/datanode-0/data/ratis/f4d17457-33a1-4e2a-910f-8fcd1b987e6d/in_use.lock acquired by nodename 30991@pr-hdds-2521-s74hp-2299638293
2019-11-17 12:02:40,340 [pool-37-thread-1] INFO  storage.RaftStorage (RaftStorage.java:format(84)) - Storage directory /workdir/hadoop-ozone/tools/target/test-dir/MiniOzoneClusterImpl-d38b15b7-9bf0-47ba-b733-12768a69acc7/datanode-1/data/ratis/f4d17457-33a1-4e2a-910f-8fcd1b987e6d has been successfully formatted.
2019-11-17 12:02:40,341 [Command processor thread] INFO  commandhandler.ClosePipelineCommandHandler (ClosePipelineCommandHandler.java:handle(78)) - Close Pipeline #id: "5a45f44c-c04a-4532-ae8c-2ea0c65c1138"
 command on datanode #68d90b29-4c2d-4441-ab97-234a6cd2d540.
2019-11-17 12:02:40,341 [pool-37-thread-1] INFO  ratis.ContainerStateMachine (ContainerStateMachine.java:loadSnapshot(223)) - group-8FCD1B987E6D: The snapshot info is null. Setting the last applied indexto:(t:0, i:~)
2019-11-17 12:02:40,341 [pool-37-thread-1] INFO  server.RaftServerConfigKeys (ConfUtils.java:logGet(43)) - raft.server.notification.no-leader.timeout = 120s (custom)
2019-11-17 12:02:40,341 [pool-37-thread-1] INFO  server.RaftServerConfigKeys (ConfUtils.java:logGet(43)) - raft.server.log.use.memory = false (default)
2019-11-17 12:02:40,341 [Command processor thread] INFO  impl.RaftServerProxy (RaftServerProxy.java:addNew(89)) - 68d90b29-4c2d-4441-ab97-234a6cd2d540: addNew group-8FCD1B987E6D:[68d90b29-4c2d-4441-ab97-234a6cd2d540:192.168.157.219:40731, d5d1df56-c796-4e3a-a7ef-40175175cdd8:192.168.157.219:32848, ccec334e-1c0a-44c7-9ca2-a5184d8fe135:192.168.157.219:40432] returns group-8FCD1B987E6D:java.util.concurrent.CompletableFuture@6c1961e6[Not completed]
2019-11-17 12:02:40,341 [pool-37-thread-1] INFO  server.RaftServerConfigKeys (ConfUtils.java:logGet(43)) - raft.server.log.purge.gap = 1000000 (custom)
2019-11-17 12:02:40,342 [pool-37-thread-1] INFO  server.RaftServerConfigKeys (ConfUtils.java:logGet(43)) - raft.server.log.appender.buffer.byte-limit = 33554432 (custom)
2019-11-17 12:02:40,342 [pool-37-thread-1] INFO  server.RaftServerConfigKeys (ConfUtils.java:logGet(43)) - raft.server.log.segment.size.max = 1048576 (custom)
2019-11-17 12:02:40,342 [pool-37-thread-1] INFO  server.RaftServerConfigKeys (ConfUtils.java:logGet(43)) - raft.server.log.segment.cache.num.max = 2 (custom)
2019-11-17 12:02:40,342 [pool-37-thread-1] INFO  segmented.SegmentedRaftLogWorker (SegmentedRaftLogWorker.java:<init>(173)) - new d5d1df56-c796-4e3a-a7ef-40175175cdd8@group-8FCD1B987E6D-SegmentedRaftLogWorker for RaftStorage:Storage Directory /workdir/hadoop-ozone/tools/target/test-dir/MiniOzoneClusterImpl-d38b15b7-9bf0-47ba-b733-12768a69acc7/datanode-1/data/ratis/f4d17457-33a1-4e2a-910f-8fcd1b987e6d
2019-11-17 12:02:40,343 [pool-37-thread-1] INFO  server.RaftServerConfigKeys (ConfUtils.java:logGet(43)) - raft.server.log.queue.byte-limit = 2147483647 (custom)
2019-11-17 12:02:40,343 [pool-37-thread-1] INFO  server.RaftServerConfigKeys (ConfUtils.java:logGet(43)) - raft.server.log.queue.element-limit = 1024 (custom)
2019-11-17 12:02:40,343 [pool-37-thread-1] INFO  server.RaftServerConfigKeys (ConfUtils.java:logGet(43)) - raft.server.log.segment.size.max = 1048576 (custom)
2019-11-17 12:02:40,343 [pool-37-thread-1] INFO  server.RaftServerConfigKeys (ConfUtils.java:logGet(43)) - raft.server.log.preallocated.size = 16384 (custom)
2019-11-17 12:02:40,343 [pool-37-thread-1] INFO  server.RaftServerConfigKeys (ConfUtils.java:logGet(43)) - raft.server.log.write.buffer.size = 33554432 (custom)
2019-11-17 12:02:40,343 [pool-37-thread-1] INFO  server.RaftServerConfigKeys (ConfUtils.java:logGet(43)) - raft.server.log.force.sync.num = 128 (default)
2019-11-17 12:02:40,344 [pool-37-thread-1] INFO  server.RaftServerConfigKeys (ConfUtils.java:logGet(43)) - raft.server.log.statemachine.data.sync = true (default)
2019-11-17 12:02:40,344 [pool-37-thread-1] INFO  server.RaftServerConfigKeys (ConfUtils.java:logGet(43)) - raft.server.log.statemachine.data.sync.timeout = 10s (default)
2019-11-17 12:02:40,344 [pool-37-thread-1] INFO  server.RaftServerConfigKeys (ConfUtils.java:logGet(43)) - raft.server.log.statemachine.data.sync.timeout.retry = -1 (default)
2019-11-17 12:02:40,344 [pool-37-thread-1] INFO  server.RaftServerConfigKeys (ConfUtils.java:logGet(43)) - raft.server.log.statemachine.data.caching.enabled = true (custom)
2019-11-17 12:02:40,345 [pool-47-thread-1] INFO  impl.RaftServerImpl (RaftServerImpl.java:<init>(98)) - 68d90b29-4c2d-4441-ab97-234a6cd2d540: new RaftServerImpl for group-8FCD1B987E6D:[68d90b29-4c2d-4441-ab97-234a6cd2d540:192.168.157.219:40731, d5d1df56-c796-4e3a-a7ef-40175175cdd8:192.168.157.219:32848, ccec334e-1c0a-44c7-9ca2-a5184d8fe135:192.168.157.219:40432] with ContainerStateMachine:uninitialized
2019-11-17 12:02:40,345 [pool-37-thread-1] INFO  segmented.SegmentedRaftLogWorker (SegmentedRaftLogWorker.java:lambda$new$0(128)) - d5d1df56-c796-4e3a-a7ef-40175175cdd8@group-8FCD1B987E6D-SegmentedRaftLogWorker: flushIndex: setUnconditionally 0 -> -1
2019-11-17 12:02:40,345 [pool-47-thread-1] INFO  server.RaftServerConfigKeys (ConfUtils.java:logGet(43)) - raft.server.rpc.timeout.min = 5s (custom)
2019-11-17 12:02:40,345 [pool-47-thread-1] INFO  server.RaftServerConfigKeys (ConfUtils.java:logGet(43)) - raft.server.rpc.timeout.max = 5200ms (custom)
2019-11-17 12:02:40,345 [pool-37-thread-1] INFO  server.RaftServerConfigKeys (ConfUtils.java:logGet(43)) - raft.server.snapshot.auto.trigger.enabled = true (custom)
2019-11-17 12:02:40,345 [pool-47-thread-1] INFO  server.RaftServerConfigKeys (ConfUtils.java:logGet(43)) - raft.server.rpcslowness.timeout = 120s (custom)
2019-11-17 12:02:40,345 [pool-37-thread-1] INFO  server.RaftServerConfigKeys (ConfUtils.java:logGet(43)) - raft.server.snapshot.auto.trigger.threshold = 10000 (custom)
2019-11-17 12:02:40,346 [pool-47-thread-1] INFO  server.RaftServerConfigKeys (ConfUtils.java:logGet(43)) - raft.server.sleep.deviation.threshold = 300 (default)
2019-11-17 12:02:40,346 [pool-37-thread-1] INFO  server.RaftServerConfigKeys (ConfUtils.java:logGet(43)) - raft.server.snapshot.retention.file.num = 5 (custom)
2019-11-17 12:02:40,346 [pool-47-thread-1] INFO  server.RaftServerConfigKeys (ConfUtils.java:logGet(43)) - raft.server.log.appender.install.snapshot.enabled = false (custom)
2019-11-17 12:02:40,346 [pool-37-thread-1] INFO  server.RaftServerConfigKeys (ConfUtils.java:logGet(43)) - raft.server.retrycache.expirytime = 600000ms (custom)
2019-11-17 12:02:40,346 [pool-47-thread-1] INFO  impl.RaftServerImpl (ServerState.java:<init>(103)) - 68d90b29-4c2d-4441-ab97-234a6cd2d540@group-8FCD1B987E6D: ConfigurationManager, init=-1: [68d90b29-4c2d-4441-ab97-234a6cd2d540:192.168.157.219:40731, d5d1df56-c796-4e3a-a7ef-40175175cdd8:192.168.157.219:32848, ccec334e-1c0a-44c7-9ca2-a5184d8fe135:192.168.157.219:40432], old=null, confs=<EMPTY_MAP>
2019-11-17 12:02:40,347 [pool-47-thread-1] INFO  server.RaftServerConfigKeys (ConfUtils.java:logGet(43)) - raft.server.storage.dir = [/workdir/hadoop-ozone/tools/target/test-dir/MiniOzoneClusterImpl-d38b15b7-9bf0-47ba-b733-12768a69acc7/datanode-2/data/ratis] (custom)
2019-11-17 12:02:40,347 [pool-37-thread-1] WARN  impl.MetricRegistriesImpl (MetricRegistriesImpl.java:lambda$create$1(61)) - First MetricRegistry has been created without registering reporters. You may need to call MetricRegistries.global().addReportRegistration(...) before.
2019-11-17 12:02:40,347 [pool-47-thread-1] INFO  server.RaftServerConfigKeys (ConfUtils.java:logGet(43)) - raft.server.log.corruption.policy = EXCEPTION (default)
2019-11-17 12:02:40,347 [pool-37-thread-1] WARN  impl.MetricRegistriesImpl (MetricRegistriesImpl.java:lambda$create$1(61)) - First MetricRegistry has been created without registering reporters. You may need to call MetricRegistries.global().addReportRegistration(...) before.
2019-11-17 12:02:40,347 [pool-47-thread-1] INFO  storage.RaftStorageDirectory (RaftStorageDirectory.java:analyzeStorage(246)) - The storage directory /workdir/hadoop-ozone/tools/target/test-dir/MiniOzoneClusterImpl-d38b15b7-9bf0-47ba-b733-12768a69acc7/datanode-2/data/ratis/f4d17457-33a1-4e2a-910f-8fcd1b987e6d does not exist. Creating ...
2019-11-17 12:02:40,348 [pool-37-thread-1] INFO  impl.RaftServerImpl (RaftServerImpl.java:start(184)) - d5d1df56-c796-4e3a-a7ef-40175175cdd8@group-8FCD1B987E6D: start as a follower, conf=-1: [68d90b29-4c2d-4441-ab97-234a6cd2d540:192.168.157.219:40731, d5d1df56-c796-4e3a-a7ef-40175175cdd8:192.168.157.219:32848, ccec334e-1c0a-44c7-9ca2-a5184d8fe135:192.168.157.219:40432], old=null
2019-11-17 12:02:40,348 [pool-37-thread-1] INFO  impl.RaftServerImpl (RaftServerImpl.java:setRole(173)) - d5d1df56-c796-4e3a-a7ef-40175175cdd8@group-8FCD1B987E6D: changes role from      null to FOLLOWER at term 0 for startAsFollower
2019-11-17 12:02:40,348 [pool-37-thread-1] INFO  impl.RoleInfo (RoleInfo.java:updateAndGet(143)) - d5d1df56-c796-4e3a-a7ef-40175175cdd8: start FollowerState
2019-11-17 12:02:40,349 [pool-37-thread-1] INFO  util.JmxRegister (JmxRegister.java:tryRegister(44)) - Successfully registered JMX Bean with object name Ratis:service=RaftServer,group=group-8FCD1B987E6D,id=d5d1df56-c796-4e3a-a7ef-40175175cdd8
2019-11-17 12:02:40,349 [pool-37-thread-1] WARN  impl.MetricRegistriesImpl (MetricRegistriesImpl.java:lambda$create$1(61)) - First MetricRegistry has been created without registering reporters. You may need to call MetricRegistries.global().addReportRegistration(...) before.
2019-11-17 12:02:40,349 [Command processor thread] INFO  commandhandler.CreatePipelineCommandHandler (CreatePipelineCommandHandler.java:handle(86)) - Create Pipeline RATIS THREE #id: "f4d17457-33a1-4e2a-910f-8fcd1b987e6d"
 command succeed on datanode d5d1df56-c796-4e3a-a7ef-40175175cdd8.
2019-11-17 12:02:40,351 [EventQueue-PipelineReportForPipelineReportHandler] INFO  pipeline.PipelineReportHandler (PipelineReportHandler.java:processPipelineReport(113)) - Pipeline THREE PipelineID=f4d17457-33a1-4e2a-910f-8fcd1b987e6d reported by d5d1df56-c796-4e3a-a7ef-40175175cdd8{ip: 192.168.157.219, host: pr-hdds-2521-s74hp-2299638293, networkLocation: /default-rack, certSerialId: null}
2019-11-17 12:02:40,366 [pool-47-thread-1] INFO  storage.RaftStorageDirectory (RaftStorageDirectory.java:tryLock(328)) - Lock on /workdir/hadoop-ozone/tools/target/test-dir/MiniOzoneClusterImpl-d38b15b7-9bf0-47ba-b733-12768a69acc7/datanode-2/data/ratis/f4d17457-33a1-4e2a-910f-8fcd1b987e6d/in_use.lock acquired by nodename 30991@pr-hdds-2521-s74hp-2299638293
2019-11-17 12:02:40,366 [pool-27-thread-1] INFO  storage.RaftStorage (RaftStorage.java:format(84)) - Storage directory /workdir/hadoop-ozone/tools/target/test-dir/MiniOzoneClusterImpl-d38b15b7-9bf0-47ba-b733-12768a69acc7/datanode-0/data/ratis/f4d17457-33a1-4e2a-910f-8fcd1b987e6d has been successfully formatted.
2019-11-17 12:02:40,366 [pool-27-thread-1] INFO  ratis.ContainerStateMachine (ContainerStateMachine.java:loadSnapshot(223)) - group-8FCD1B987E6D: The snapshot info is null. Setting the last applied indexto:(t:0, i:~)
2019-11-17 12:02:40,367 [pool-27-thread-1] INFO  server.RaftServerConfigKeys (ConfUtils.java:logGet(43)) - raft.server.notification.no-leader.timeout = 120s (custom)
2019-11-17 12:02:40,367 [pool-27-thread-1] INFO  server.RaftServerConfigKeys (ConfUtils.java:logGet(43)) - raft.server.log.use.memory = false (default)
2019-11-17 12:02:40,367 [pool-27-thread-1] INFO  server.RaftServerConfigKeys (ConfUtils.java:logGet(43)) - raft.server.log.purge.gap = 1000000 (custom)
2019-11-17 12:02:40,367 [pool-27-thread-1] INFO  server.RaftServerConfigKeys (ConfUtils.java:logGet(43)) - raft.server.log.appender.buffer.byte-limit = 33554432 (custom)
2019-11-17 12:02:40,367 [pool-27-thread-1] INFO  server.RaftServerConfigKeys (ConfUtils.java:logGet(43)) - raft.server.log.segment.size.max = 1048576 (custom)
2019-11-17 12:02:40,367 [pool-27-thread-1] INFO  server.RaftServerConfigKeys (ConfUtils.java:logGet(43)) - raft.server.log.segment.cache.num.max = 2 (custom)
2019-11-17 12:02:40,368 [pool-27-thread-1] INFO  segmented.SegmentedRaftLogWorker (SegmentedRaftLogWorker.java:<init>(173)) - new ccec334e-1c0a-44c7-9ca2-a5184d8fe135@group-8FCD1B987E6D-SegmentedRaftLogWorker for RaftStorage:Storage Directory /workdir/hadoop-ozone/tools/target/test-dir/MiniOzoneClusterImpl-d38b15b7-9bf0-47ba-b733-12768a69acc7/datanode-0/data/ratis/f4d17457-33a1-4e2a-910f-8fcd1b987e6d
2019-11-17 12:02:40,368 [pool-27-thread-1] INFO  server.RaftServerConfigKeys (ConfUtils.java:logGet(43)) - raft.server.log.queue.byte-limit = 2147483647 (custom)
2019-11-17 12:02:40,368 [pool-27-thread-1] INFO  server.RaftServerConfigKeys (ConfUtils.java:logGet(43)) - raft.server.log.queue.element-limit = 1024 (custom)
2019-11-17 12:02:40,368 [pool-27-thread-1] INFO  server.RaftServerConfigKeys (ConfUtils.java:logGet(43)) - raft.server.log.segment.size.max = 1048576 (custom)
2019-11-17 12:02:40,368 [pool-27-thread-1] INFO  server.RaftServerConfigKeys (ConfUtils.java:logGet(43)) - raft.server.log.preallocated.size = 16384 (custom)
2019-11-17 12:02:40,369 [pool-27-thread-1] INFO  server.RaftServerConfigKeys (ConfUtils.java:logGet(43)) - raft.server.log.write.buffer.size = 33554432 (custom)
2019-11-17 12:02:40,369 [pool-27-thread-1] INFO  server.RaftServerConfigKeys (ConfUtils.java:logGet(43)) - raft.server.log.force.sync.num = 128 (default)
2019-11-17 12:02:40,369 [pool-27-thread-1] INFO  server.RaftServerConfigKeys (ConfUtils.java:logGet(43)) - raft.server.log.statemachine.data.sync = true (default)
2019-11-17 12:02:40,369 [pool-27-thread-1] INFO  server.RaftServerConfigKeys (ConfUtils.java:logGet(43)) - raft.server.log.statemachine.data.sync.timeout = 10s (default)
2019-11-17 12:02:40,369 [pool-27-thread-1] INFO  server.RaftServerConfigKeys (ConfUtils.java:logGet(43)) - raft.server.log.statemachine.data.sync.timeout.retry = -1 (default)
2019-11-17 12:02:40,369 [pool-27-thread-1] INFO  server.RaftServerConfigKeys (ConfUtils.java:logGet(43)) - raft.server.log.statemachine.data.caching.enabled = true (custom)
2019-11-17 12:02:40,370 [pool-27-thread-1] INFO  segmented.SegmentedRaftLogWorker (SegmentedRaftLogWorker.java:lambda$new$0(128)) - ccec334e-1c0a-44c7-9ca2-a5184d8fe135@group-8FCD1B987E6D-SegmentedRaftLogWorker: flushIndex: setUnconditionally 0 -> -1
2019-11-17 12:02:40,370 [pool-27-thread-1] INFO  server.RaftServerConfigKeys (ConfUtils.java:logGet(43)) - raft.server.snapshot.auto.trigger.enabled = true (custom)
2019-11-17 12:02:40,370 [pool-27-thread-1] INFO  server.RaftServerConfigKeys (ConfUtils.java:logGet(43)) - raft.server.snapshot.auto.trigger.threshold = 10000 (custom)
2019-11-17 12:02:40,370 [pool-27-thread-1] INFO  server.RaftServerConfigKeys (ConfUtils.java:logGet(43)) - raft.server.snapshot.retention.file.num = 5 (custom)
2019-11-17 12:02:40,371 [pool-27-thread-1] INFO  server.RaftServerConfigKeys (ConfUtils.java:logGet(43)) - raft.server.retrycache.expirytime = 600000ms (custom)
2019-11-17 12:02:40,371 [pool-27-thread-1] WARN  impl.MetricRegistriesImpl (MetricRegistriesImpl.java:lambda$create$1(61)) - First MetricRegistry has been created without registering reporters. You may need to call MetricRegistries.global().addReportRegistration(...) before.
2019-11-17 12:02:40,371 [pool-27-thread-1] WARN  impl.MetricRegistriesImpl (MetricRegistriesImpl.java:lambda$create$1(61)) - First MetricRegistry has been created without registering reporters. You may need to call MetricRegistries.global().addReportRegistration(...) before.
2019-11-17 12:02:40,371 [pool-27-thread-1] INFO  impl.RaftServerImpl (RaftServerImpl.java:start(184)) - ccec334e-1c0a-44c7-9ca2-a5184d8fe135@group-8FCD1B987E6D: start as a follower, conf=-1: [68d90b29-4c2d-4441-ab97-234a6cd2d540:192.168.157.219:40731, d5d1df56-c796-4e3a-a7ef-40175175cdd8:192.168.157.219:32848, ccec334e-1c0a-44c7-9ca2-a5184d8fe135:192.168.157.219:40432], old=null
2019-11-17 12:02:40,371 [pool-27-thread-1] INFO  impl.RaftServerImpl (RaftServerImpl.java:setRole(173)) - ccec334e-1c0a-44c7-9ca2-a5184d8fe135@group-8FCD1B987E6D: changes role from      null to FOLLOWER at term 0 for startAsFollower
2019-11-17 12:02:40,372 [pool-27-thread-1] INFO  impl.RoleInfo (RoleInfo.java:updateAndGet(143)) - ccec334e-1c0a-44c7-9ca2-a5184d8fe135: start FollowerState
2019-11-17 12:02:40,372 [pool-27-thread-1] INFO  util.JmxRegister (JmxRegister.java:tryRegister(44)) - Successfully registered JMX Bean with object name Ratis:service=RaftServer,group=group-8FCD1B987E6D,id=ccec334e-1c0a-44c7-9ca2-a5184d8fe135
2019-11-17 12:02:40,372 [pool-27-thread-1] WARN  impl.MetricRegistriesImpl (MetricRegistriesImpl.java:lambda$create$1(61)) - First MetricRegistry has been created without registering reporters. You may need to call MetricRegistries.global().addReportRegistration(...) before.
2019-11-17 12:02:40,373 [Command processor thread] INFO  commandhandler.CreatePipelineCommandHandler (CreatePipelineCommandHandler.java:handle(86)) - Create Pipeline RATIS THREE #id: "f4d17457-33a1-4e2a-910f-8fcd1b987e6d"
 command succeed on datanode ccec334e-1c0a-44c7-9ca2-a5184d8fe135.
2019-11-17 12:02:40,374 [EventQueue-PipelineReportForPipelineReportHandler] INFO  pipeline.PipelineReportHandler (PipelineReportHandler.java:processPipelineReport(113)) - Pipeline THREE PipelineID=f4d17457-33a1-4e2a-910f-8fcd1b987e6d reported by ccec334e-1c0a-44c7-9ca2-a5184d8fe135{ip: 192.168.157.219, host: pr-hdds-2521-s74hp-2299638293, networkLocation: /default-rack, certSerialId: null}
2019-11-17 12:02:40,392 [pool-47-thread-1] INFO  storage.RaftStorage (RaftStorage.java:format(84)) - Storage directory /workdir/hadoop-ozone/tools/target/test-dir/MiniOzoneClusterImpl-d38b15b7-9bf0-47ba-b733-12768a69acc7/datanode-2/data/ratis/f4d17457-33a1-4e2a-910f-8fcd1b987e6d has been successfully formatted.
2019-11-17 12:02:40,394 [pool-47-thread-1] INFO  ratis.ContainerStateMachine (ContainerStateMachine.java:loadSnapshot(223)) - group-8FCD1B987E6D: The snapshot info is null. Setting the last applied indexto:(t:0, i:~)
2019-11-17 12:02:40,395 [pool-47-thread-1] INFO  server.RaftServerConfigKeys (ConfUtils.java:logGet(43)) - raft.server.notification.no-leader.timeout = 120s (custom)
2019-11-17 12:02:40,395 [pool-47-thread-1] INFO  server.RaftServerConfigKeys (ConfUtils.java:logGet(43)) - raft.server.log.use.memory = false (default)
2019-11-17 12:02:40,395 [pool-47-thread-1] INFO  server.RaftServerConfigKeys (ConfUtils.java:logGet(43)) - raft.server.log.purge.gap = 1000000 (custom)
2019-11-17 12:02:40,395 [pool-47-thread-1] INFO  server.RaftServerConfigKeys (ConfUtils.java:logGet(43)) - raft.server.log.appender.buffer.byte-limit = 33554432 (custom)
2019-11-17 12:02:40,396 [pool-47-thread-1] INFO  server.RaftServerConfigKeys (ConfUtils.java:logGet(43)) - raft.server.log.segment.size.max = 1048576 (custom)
2019-11-17 12:02:40,396 [pool-47-thread-1] INFO  server.RaftServerConfigKeys (ConfUtils.java:logGet(43)) - raft.server.log.segment.cache.num.max = 2 (custom)
2019-11-17 12:02:40,396 [pool-47-thread-1] INFO  segmented.SegmentedRaftLogWorker (SegmentedRaftLogWorker.java:<init>(173)) - new 68d90b29-4c2d-4441-ab97-234a6cd2d540@group-8FCD1B987E6D-SegmentedRaftLogWorker for RaftStorage:Storage Directory /workdir/hadoop-ozone/tools/target/test-dir/MiniOzoneClusterImpl-d38b15b7-9bf0-47ba-b733-12768a69acc7/datanode-2/data/ratis/f4d17457-33a1-4e2a-910f-8fcd1b987e6d
2019-11-17 12:02:40,396 [pool-47-thread-1] INFO  server.RaftServerConfigKeys (ConfUtils.java:logGet(43)) - raft.server.log.queue.byte-limit = 2147483647 (custom)
2019-11-17 12:02:40,397 [pool-47-thread-1] INFO  server.RaftServerConfigKeys (ConfUtils.java:logGet(43)) - raft.server.log.queue.element-limit = 1024 (custom)
2019-11-17 12:02:40,397 [pool-47-thread-1] INFO  server.RaftServerConfigKeys (ConfUtils.java:logGet(43)) - raft.server.log.segment.size.max = 1048576 (custom)
2019-11-17 12:02:40,397 [pool-47-thread-1] INFO  server.RaftServerConfigKeys (ConfUtils.java:logGet(43)) - raft.server.log.preallocated.size = 16384 (custom)
2019-11-17 12:02:40,397 [pool-47-thread-1] INFO  server.RaftServerConfigKeys (ConfUtils.java:logGet(43)) - raft.server.log.write.buffer.size = 33554432 (custom)
2019-11-17 12:02:40,397 [pool-47-thread-1] INFO  server.RaftServerConfigKeys (ConfUtils.java:logGet(43)) - raft.server.log.force.sync.num = 128 (default)
2019-11-17 12:02:40,398 [pool-47-thread-1] INFO  server.RaftServerConfigKeys (ConfUtils.java:logGet(43)) - raft.server.log.statemachine.data.sync = true (default)
2019-11-17 12:02:40,398 [pool-47-thread-1] INFO  server.RaftServerConfigKeys (ConfUtils.java:logGet(43)) - raft.server.log.statemachine.data.sync.timeout = 10s (default)
2019-11-17 12:02:40,398 [pool-47-thread-1] INFO  server.RaftServerConfigKeys (ConfUtils.java:logGet(43)) - raft.server.log.statemachine.data.sync.timeout.retry = -1 (default)
2019-11-17 12:02:40,399 [pool-47-thread-1] INFO  server.RaftServerConfigKeys (ConfUtils.java:logGet(43)) - raft.server.log.statemachine.data.caching.enabled = true (custom)
2019-11-17 12:02:40,399 [pool-47-thread-1] INFO  segmented.SegmentedRaftLogWorker (SegmentedRaftLogWorker.java:lambda$new$0(128)) - 68d90b29-4c2d-4441-ab97-234a6cd2d540@group-8FCD1B987E6D-SegmentedRaftLogWorker: flushIndex: setUnconditionally 0 -> -1
2019-11-17 12:02:40,400 [pool-47-thread-1] INFO  server.RaftServerConfigKeys (ConfUtils.java:logGet(43)) - raft.server.snapshot.auto.trigger.enabled = true (custom)
2019-11-17 12:02:40,400 [pool-47-thread-1] INFO  server.RaftServerConfigKeys (ConfUtils.java:logGet(43)) - raft.server.snapshot.auto.trigger.threshold = 10000 (custom)
2019-11-17 12:02:40,401 [pool-47-thread-1] INFO  server.RaftServerConfigKeys (ConfUtils.java:logGet(43)) - raft.server.snapshot.retention.file.num = 5 (custom)
2019-11-17 12:02:40,401 [pool-47-thread-1] INFO  server.RaftServerConfigKeys (ConfUtils.java:logGet(43)) - raft.server.retrycache.expirytime = 600000ms (custom)
2019-11-17 12:02:40,401 [pool-47-thread-1] WARN  impl.MetricRegistriesImpl (MetricRegistriesImpl.java:lambda$create$1(61)) - First MetricRegistry has been created without registering reporters. You may need to call MetricRegistries.global().addReportRegistration(...) before.
2019-11-17 12:02:40,402 [pool-47-thread-1] WARN  impl.MetricRegistriesImpl (MetricRegistriesImpl.java:lambda$create$1(61)) - First MetricRegistry has been created without registering reporters. You may need to call MetricRegistries.global().addReportRegistration(...) before.
2019-11-17 12:02:40,402 [pool-47-thread-1] INFO  impl.RaftServerImpl (RaftServerImpl.java:start(184)) - 68d90b29-4c2d-4441-ab97-234a6cd2d540@group-8FCD1B987E6D: start as a follower, conf=-1: [68d90b29-4c2d-4441-ab97-234a6cd2d540:192.168.157.219:40731, d5d1df56-c796-4e3a-a7ef-40175175cdd8:192.168.157.219:32848, ccec334e-1c0a-44c7-9ca2-a5184d8fe135:192.168.157.219:40432], old=null
2019-11-17 12:02:40,402 [pool-47-thread-1] INFO  impl.RaftServerImpl (RaftServerImpl.java:setRole(173)) - 68d90b29-4c2d-4441-ab97-234a6cd2d540@group-8FCD1B987E6D: changes role from      null to FOLLOWER at term 0 for startAsFollower
2019-11-17 12:02:40,403 [pool-47-thread-1] INFO  impl.RoleInfo (RoleInfo.java:updateAndGet(143)) - 68d90b29-4c2d-4441-ab97-234a6cd2d540: start FollowerState
2019-11-17 12:02:40,403 [pool-47-thread-1] INFO  util.JmxRegister (JmxRegister.java:tryRegister(44)) - Successfully registered JMX Bean with object name Ratis:service=RaftServer,group=group-8FCD1B987E6D,id=68d90b29-4c2d-4441-ab97-234a6cd2d540
2019-11-17 12:02:40,404 [pool-47-thread-1] WARN  impl.MetricRegistriesImpl (MetricRegistriesImpl.java:lambda$create$1(61)) - First MetricRegistry has been created without registering reporters. You may need to call MetricRegistries.global().addReportRegistration(...) before.
2019-11-17 12:02:40,405 [Command processor thread] INFO  commandhandler.CreatePipelineCommandHandler (CreatePipelineCommandHandler.java:handle(86)) - Create Pipeline RATIS THREE #id: "f4d17457-33a1-4e2a-910f-8fcd1b987e6d"
 command succeed on datanode 68d90b29-4c2d-4441-ab97-234a6cd2d540.
2019-11-17 12:02:40,410 [EventQueue-PipelineReportForPipelineReportHandler] INFO  pipeline.PipelineReportHandler (PipelineReportHandler.java:processPipelineReport(113)) - Pipeline THREE PipelineID=f4d17457-33a1-4e2a-910f-8fcd1b987e6d reported by 68d90b29-4c2d-4441-ab97-234a6cd2d540{ip: 192.168.157.219, host: pr-hdds-2521-s74hp-2299638293, networkLocation: /default-rack, certSerialId: null}
 0.00% |?                                                                                                    |  0/1 Time: 0:00:03 0.00% |?                                                                                                    |  0/1 Time: 0:00:04 100.00% |?????????????????????????????????????????????????????????????????????????????????????????????????????|  1/1 Time: 0:00:05
2019-11-17 12:02:45,499 [Thread-482] INFO  impl.FollowerState (FollowerState.java:run(111)) - ccec334e-1c0a-44c7-9ca2-a5184d8fe135@group-8FCD1B987E6D-FollowerState: change to CANDIDATE, lastRpcTime:5127ms, electionTimeout:5127ms
2019-11-17 12:02:45,500 [Thread-482] INFO  impl.RoleInfo (RoleInfo.java:shutdownFollowerState(121)) - ccec334e-1c0a-44c7-9ca2-a5184d8fe135: shutdown FollowerState
2019-11-17 12:02:45,500 [Thread-482] INFO  impl.RaftServerImpl (RaftServerImpl.java:setRole(173)) - ccec334e-1c0a-44c7-9ca2-a5184d8fe135@group-8FCD1B987E6D: changes role from  FOLLOWER to CANDIDATE at term 0 for changeToCandidate
2019-11-17 12:02:45,500 [Thread-482] INFO  impl.RoleInfo (RoleInfo.java:updateAndGet(143)) - ccec334e-1c0a-44c7-9ca2-a5184d8fe135: start LeaderElection
2019-11-17 12:02:45,513 [Thread-480] INFO  impl.FollowerState (FollowerState.java:run(111)) - d5d1df56-c796-4e3a-a7ef-40175175cdd8@group-8FCD1B987E6D-FollowerState: change to CANDIDATE, lastRpcTime:5164ms, electionTimeout:5164ms
2019-11-17 12:02:45,513 [Thread-480] INFO  impl.RoleInfo (RoleInfo.java:shutdownFollowerState(121)) - d5d1df56-c796-4e3a-a7ef-40175175cdd8: shutdown FollowerState
2019-11-17 12:02:45,513 [Thread-480] INFO  impl.RaftServerImpl (RaftServerImpl.java:setRole(173)) - d5d1df56-c796-4e3a-a7ef-40175175cdd8@group-8FCD1B987E6D: changes role from  FOLLOWER to CANDIDATE at term 0 for changeToCandidate
2019-11-17 12:02:45,513 [Thread-480] INFO  impl.RoleInfo (RoleInfo.java:updateAndGet(143)) - d5d1df56-c796-4e3a-a7ef-40175175cdd8: start LeaderElection
2019-11-17 12:02:45,536 [Thread-484] INFO  impl.FollowerState (FollowerState.java:run(111)) - 68d90b29-4c2d-4441-ab97-234a6cd2d540@group-8FCD1B987E6D-FollowerState: change to CANDIDATE, lastRpcTime:5133ms, electionTimeout:5133ms
2019-11-17 12:02:45,536 [Thread-484] INFO  impl.RoleInfo (RoleInfo.java:shutdownFollowerState(121)) - 68d90b29-4c2d-4441-ab97-234a6cd2d540: shutdown FollowerState
2019-11-17 12:02:45,537 [Thread-484] INFO  impl.RaftServerImpl (RaftServerImpl.java:setRole(173)) - 68d90b29-4c2d-4441-ab97-234a6cd2d540@group-8FCD1B987E6D: changes role from  FOLLOWER to CANDIDATE at term 0 for changeToCandidate
2019-11-17 12:02:45,537 [Thread-484] INFO  impl.RoleInfo (RoleInfo.java:updateAndGet(143)) - 68d90b29-4c2d-4441-ab97-234a6cd2d540: start LeaderElection
2019-11-17 12:02:45,540 [d5d1df56-c796-4e3a-a7ef-40175175cdd8@group-8FCD1B987E6D-LeaderElection13] INFO  impl.LeaderElection (LeaderElection.java:askForVotes(178)) - d5d1df56-c796-4e3a-a7ef-40175175cdd8@group-8FCD1B987E6D-LeaderElection13: begin an election at term 1 for -1: [68d90b29-4c2d-4441-ab97-234a6cd2d540:192.168.157.219:40731, d5d1df56-c796-4e3a-a7ef-40175175cdd8:192.168.157.219:32848, ccec334e-1c0a-44c7-9ca2-a5184d8fe135:192.168.157.219:40432], old=null
2019-11-17 12:02:45,540 [ccec334e-1c0a-44c7-9ca2-a5184d8fe135@group-8FCD1B987E6D-LeaderElection12] INFO  impl.LeaderElection (LeaderElection.java:askForVotes(178)) - ccec334e-1c0a-44c7-9ca2-a5184d8fe135@group-8FCD1B987E6D-LeaderElection12: begin an election at term 1 for -1: [68d90b29-4c2d-4441-ab97-234a6cd2d540:192.168.157.219:40731, d5d1df56-c796-4e3a-a7ef-40175175cdd8:192.168.157.219:32848, ccec334e-1c0a-44c7-9ca2-a5184d8fe135:192.168.157.219:40432], old=null
2019-11-17 12:02:45,563 [68d90b29-4c2d-4441-ab97-234a6cd2d540@group-8FCD1B987E6D-LeaderElection14] INFO  impl.LeaderElection (LeaderElection.java:askForVotes(178)) - 68d90b29-4c2d-4441-ab97-234a6cd2d540@group-8FCD1B987E6D-LeaderElection14: begin an election at term 1 for -1: [68d90b29-4c2d-4441-ab97-234a6cd2d540:192.168.157.219:40731, d5d1df56-c796-4e3a-a7ef-40175175cdd8:192.168.157.219:32848, ccec334e-1c0a-44c7-9ca2-a5184d8fe135:192.168.157.219:40432], old=null
2019-11-17 12:02:45,564 [ccec334e-1c0a-44c7-9ca2-a5184d8fe135@group-8FCD1B987E6D-LeaderElection12] INFO  impl.LeaderElection (LeaderElection.java:logAndReturn(56)) - ccec334e-1c0a-44c7-9ca2-a5184d8fe135@group-8FCD1B987E6D-LeaderElection12: Election REJECTED; received 2 response(s) [ccec334e-1c0a-44c7-9ca2-a5184d8fe135<-68d90b29-4c2d-4441-ab97-234a6cd2d540#0:FAIL-t1, ccec334e-1c0a-44c7-9ca2-a5184d8fe135<-d5d1df56-c796-4e3a-a7ef-40175175cdd8#0:FAIL-t1] and 0 exception(s); ccec334e-1c0a-44c7-9ca2-a5184d8fe135@group-8FCD1B987E6D:t1, leader=null, voted=ccec334e-1c0a-44c7-9ca2-a5184d8fe135, raftlog=ccec334e-1c0a-44c7-9ca2-a5184d8fe135@group-8FCD1B987E6D-SegmentedRaftLog:OPENED:c-1,f-1,i0, conf=-1: [68d90b29-4c2d-4441-ab97-234a6cd2d540:192.168.157.219:40731, d5d1df56-c796-4e3a-a7ef-40175175cdd8:192.168.157.219:32848, ccec334e-1c0a-44c7-9ca2-a5184d8fe135:192.168.157.219:40432], old=null
2019-11-17 12:02:45,564 [d5d1df56-c796-4e3a-a7ef-40175175cdd8@group-8FCD1B987E6D-LeaderElection13] INFO  impl.LeaderElection (LeaderElection.java:logAndReturn(56)) - d5d1df56-c796-4e3a-a7ef-40175175cdd8@group-8FCD1B987E6D-LeaderElection13: Election REJECTED; received 2 response(s) [d5d1df56-c796-4e3a-a7ef-40175175cdd8<-68d90b29-4c2d-4441-ab97-234a6cd2d540#0:FAIL-t1, d5d1df56-c796-4e3a-a7ef-40175175cdd8<-ccec334e-1c0a-44c7-9ca2-a5184d8fe135#0:FAIL-t1] and 0 exception(s); d5d1df56-c796-4e3a-a7ef-40175175cdd8@group-8FCD1B987E6D:t1, leader=null, voted=d5d1df56-c796-4e3a-a7ef-40175175cdd8, raftlog=d5d1df56-c796-4e3a-a7ef-40175175cdd8@group-8FCD1B987E6D-SegmentedRaftLog:OPENED:c-1,f-1,i0, conf=-1: [68d90b29-4c2d-4441-ab97-234a6cd2d540:192.168.157.219:40731, d5d1df56-c796-4e3a-a7ef-40175175cdd8:192.168.157.219:32848, ccec334e-1c0a-44c7-9ca2-a5184d8fe135:192.168.157.219:40432], old=null
2019-11-17 12:02:45,564 [ccec334e-1c0a-44c7-9ca2-a5184d8fe135@group-8FCD1B987E6D-LeaderElection12] INFO  impl.RaftServerImpl (RaftServerImpl.java:setRole(173)) - ccec334e-1c0a-44c7-9ca2-a5184d8fe135@group-8FCD1B987E6D: changes role from CANDIDATE to FOLLOWER at term 1 for DISCOVERED_A_NEW_TERM
2019-11-17 12:02:45,567 [d5d1df56-c796-4e3a-a7ef-40175175cdd8@group-8FCD1B987E6D-LeaderElection13] INFO  impl.RaftServerImpl (RaftServerImpl.java:setRole(173)) - d5d1df56-c796-4e3a-a7ef-40175175cdd8@group-8FCD1B987E6D: changes role from CANDIDATE to FOLLOWER at term 1 for DISCOVERED_A_NEW_TERM
2019-11-17 12:02:45,569 [d5d1df56-c796-4e3a-a7ef-40175175cdd8@group-8FCD1B987E6D-LeaderElection13] INFO  impl.RoleInfo (RoleInfo.java:shutdownLeaderElection(134)) - d5d1df56-c796-4e3a-a7ef-40175175cdd8: shutdown LeaderElection
2019-11-17 12:02:45,567 [ccec334e-1c0a-44c7-9ca2-a5184d8fe135@group-8FCD1B987E6D-LeaderElection12] INFO  impl.RoleInfo (RoleInfo.java:shutdownLeaderElection(134)) - ccec334e-1c0a-44c7-9ca2-a5184d8fe135: shutdown LeaderElection
2019-11-17 12:02:45,570 [d5d1df56-c796-4e3a-a7ef-40175175cdd8@group-8FCD1B987E6D-LeaderElection13] INFO  impl.RoleInfo (RoleInfo.java:updateAndGet(143)) - d5d1df56-c796-4e3a-a7ef-40175175cdd8: start FollowerState
2019-11-17 12:02:45,570 [ccec334e-1c0a-44c7-9ca2-a5184d8fe135@group-8FCD1B987E6D-LeaderElection12] INFO  impl.RoleInfo (RoleInfo.java:updateAndGet(143)) - ccec334e-1c0a-44c7-9ca2-a5184d8fe135: start FollowerState
2019-11-17 12:02:45,585 [68d90b29-4c2d-4441-ab97-234a6cd2d540@group-8FCD1B987E6D-LeaderElection14] INFO  impl.LeaderElection (LeaderElection.java:logAndReturn(56)) - 68d90b29-4c2d-4441-ab97-234a6cd2d540@group-8FCD1B987E6D-LeaderElection14: Election REJECTED; received 2 response(s) [68d90b29-4c2d-4441-ab97-234a6cd2d540<-d5d1df56-c796-4e3a-a7ef-40175175cdd8#0:FAIL-t1, 68d90b29-4c2d-4441-ab97-234a6cd2d540<-ccec334e-1c0a-44c7-9ca2-a5184d8fe135#0:FAIL-t1] and 0 exception(s); 68d90b29-4c2d-4441-ab97-234a6cd2d540@group-8FCD1B987E6D:t1, leader=null, voted=68d90b29-4c2d-4441-ab97-234a6cd2d540, raftlog=68d90b29-4c2d-4441-ab97-234a6cd2d540@group-8FCD1B987E6D-SegmentedRaftLog:OPENED:c-1,f-1,i0, conf=-1: [68d90b29-4c2d-4441-ab97-234a6cd2d540:192.168.157.219:40731, d5d1df56-c796-4e3a-a7ef-40175175cdd8:192.168.157.219:32848, ccec334e-1c0a-44c7-9ca2-a5184d8fe135:192.168.157.219:40432], old=null
2019-11-17 12:02:45,585 [68d90b29-4c2d-4441-ab97-234a6cd2d540@group-8FCD1B987E6D-LeaderElection14] INFO  impl.RaftServerImpl (RaftServerImpl.java:setRole(173)) - 68d90b29-4c2d-4441-ab97-234a6cd2d540@group-8FCD1B987E6D: changes role from CANDIDATE to FOLLOWER at term 1 for DISCOVERED_A_NEW_TERM
2019-11-17 12:02:45,588 [68d90b29-4c2d-4441-ab97-234a6cd2d540@group-8FCD1B987E6D-LeaderElection14] INFO  impl.RoleInfo (RoleInfo.java:shutdownLeaderElection(134)) - 68d90b29-4c2d-4441-ab97-234a6cd2d540: shutdown LeaderElection
2019-11-17 12:02:45,588 [68d90b29-4c2d-4441-ab97-234a6cd2d540@group-8FCD1B987E6D-LeaderElection14] INFO  impl.RoleInfo (RoleInfo.java:updateAndGet(143)) - 68d90b29-4c2d-4441-ab97-234a6cd2d540: start FollowerState
]]></system-out>
    <system-err><![CDATA[ERROR StatusLogger No Log4j 2 configuration file found. Using default configuration (logging only errors to the console), or user programmatically provided configurations. Set system property 'log4j2.debug' to show Log4j 2 internal initialization logging. See https://logging.apache.org/log4j/2.x/manual/configuration.html for instructions on how to configure Log4j 2
]]></system-err>
  </testcase>
</testsuite>