<?xml version="1.0" encoding="UTF-8"?>
<testsuite xmlns:xsi="http://www.w3.org/2001/XMLSchema-instance" xsi:noNamespaceSchemaLocation="https://maven.apache.org/surefire/maven-surefire-plugin/xsd/surefire-test-report.xsd" name="org.apache.hadoop.ozone.freon.TestFreonWithPipelineDestroy" time="59.202" tests="1" errors="1" skipped="0" failures="0">
  <properties>
    <property name="awt.toolkit" value="sun.awt.X11.XToolkit"/>
    <property name="file.encoding.pkg" value="sun.io"/>
    <property name="java.specification.version" value="1.8"/>
    <property name="sun.cpu.isalist" value=""/>
    <property name="sun.jnu.encoding" value="ANSI_X3.4-1968"/>
    <property name="java.class.path" value="/workdir/hadoop-ozone/tools/target/test-classes:/workdir/hadoop-ozone/tools/target/classes:/home/user/.m2/repository/org/apache/hadoop/hadoop-ozone-ozone-manager/0.5.0-SNAPSHOT/hadoop-ozone-ozone-manager-0.5.0-SNAPSHOT.jar:/home/user/.m2/repository/org/apache/hadoop/hadoop-hdds-docs/0.5.0-SNAPSHOT/hadoop-hdds-docs-0.5.0-SNAPSHOT.jar:/home/user/.m2/repository/org/bouncycastle/bcprov-jdk15on/1.60/bcprov-jdk15on-1.60.jar:/home/user/.m2/repository/org/apache/hadoop/hadoop-ozone-common/0.5.0-SNAPSHOT/hadoop-ozone-common-0.5.0-SNAPSHOT.jar:/home/user/.m2/repository/org/apache/commons/commons-compress/1.4.1/commons-compress-1.4.1.jar:/home/user/.m2/repository/org/tukaani/xz/1.0/xz-1.0.jar:/home/user/.m2/repository/org/apache/hadoop/hadoop-hdfs-client/3.2.0/hadoop-hdfs-client-3.2.0.jar:/home/user/.m2/repository/com/fasterxml/jackson/core/jackson-annotations/2.9.9/jackson-annotations-2.9.9.jar:/home/user/.m2/repository/org/apache/hadoop/hadoop-hdds-common/0.5.0-SNAPSHOT/hadoop-hdds-common-0.5.0-SNAPSHOT.jar:/home/user/.m2/repository/org/apache/hadoop/hadoop-hdds-config/0.5.0-SNAPSHOT/hadoop-hdds-config-0.5.0-SNAPSHOT.jar:/home/user/.m2/repository/javax/annotation/javax.annotation-api/1.2/javax.annotation-api-1.2.jar:/home/user/.m2/repository/org/apache/ratis/ratis-server/0.5.0-d6d58d0-SNAPSHOT/ratis-server-0.5.0-d6d58d0-SNAPSHOT.jar:/home/user/.m2/repository/org/apache/ratis/ratis-thirdparty-misc/0.2.0/ratis-thirdparty-misc-0.2.0.jar:/home/user/.m2/repository/org/apache/ratis/ratis-proto/0.5.0-d6d58d0-SNAPSHOT/ratis-proto-0.5.0-d6d58d0-SNAPSHOT.jar:/home/user/.m2/repository/org/apache/ratis/ratis-common/0.5.0-d6d58d0-SNAPSHOT/ratis-common-0.5.0-d6d58d0-SNAPSHOT.jar:/home/user/.m2/repository/org/apache/ratis/ratis-client/0.5.0-d6d58d0-SNAPSHOT/ratis-client-0.5.0-d6d58d0-SNAPSHOT.jar:/home/user/.m2/repository/org/apache/ratis/ratis-metrics/0.5.0-d6d58d0-SNAPSHOT/ratis-metrics-0.5.0-d6d58d0-SNAPSHOT.jar:/home/user/.m2/repository/org/apache/ratis/ratis-netty/0.5.0-d6d58d0-SNAPSHOT/ratis-netty-0.5.0-d6d58d0-SNAPSHOT.jar:/home/user/.m2/repository/org/apache/ratis/ratis-grpc/0.5.0-d6d58d0-SNAPSHOT/ratis-grpc-0.5.0-d6d58d0-SNAPSHOT.jar:/home/user/.m2/repository/org/rocksdb/rocksdbjni/6.0.1/rocksdbjni-6.0.1.jar:/home/user/.m2/repository/org/apache/logging/log4j/log4j-api/2.11.0/log4j-api-2.11.0.jar:/home/user/.m2/repository/org/apache/logging/log4j/log4j-core/2.11.0/log4j-core-2.11.0.jar:/home/user/.m2/repository/com/lmax/disruptor/3.4.2/disruptor-3.4.2.jar:/home/user/.m2/repository/org/apache/commons/commons-pool2/2.6.0/commons-pool2-2.6.0.jar:/home/user/.m2/repository/org/bouncycastle/bcpkix-jdk15on/1.60/bcpkix-jdk15on-1.60.jar:/home/user/.m2/repository/commons-validator/commons-validator/1.6/commons-validator-1.6.jar:/home/user/.m2/repository/commons-digester/commons-digester/1.8.1/commons-digester-1.8.1.jar:/home/user/.m2/repository/io/jaegertracing/jaeger-client/0.34.0/jaeger-client-0.34.0.jar:/home/user/.m2/repository/io/jaegertracing/jaeger-thrift/0.34.0/jaeger-thrift-0.34.0.jar:/home/user/.m2/repository/org/apache/thrift/libthrift/0.12.0/libthrift-0.12.0.jar:/home/user/.m2/repository/com/squareup/okhttp3/okhttp/3.9.0/okhttp-3.9.0.jar:/home/user/.m2/repository/com/squareup/okio/okio/1.13.0/okio-1.13.0.jar:/home/user/.m2/repository/io/jaegertracing/jaeger-core/0.34.0/jaeger-core-0.34.0.jar:/home/user/.m2/repository/io/jaegertracing/jaeger-tracerresolver/0.34.0/jaeger-tracerresolver-0.34.0.jar:/home/user/.m2/repository/io/opentracing/contrib/opentracing-tracerresolver/0.1.5/opentracing-tracerresolver-0.1.5.jar:/home/user/.m2/repository/io/opentracing/opentracing-util/0.31.0/opentracing-util-0.31.0.jar:/home/user/.m2/repository/io/opentracing/opentracing-api/0.31.0/opentracing-api-0.31.0.jar:/home/user/.m2/repository/io/opentracing/opentracing-noop/0.31.0/opentracing-noop-0.31.0.jar:/home/user/.m2/repository/org/yaml/snakeyaml/1.16/snakeyaml-1.16.jar:/home/user/.m2/repository/org/apache/hadoop/hadoop-hdds-container-service/0.5.0-SNAPSHOT/hadoop-hdds-container-service-0.5.0-SNAPSHOT.jar:/home/user/.m2/repository/org/apache/hadoop/hadoop-hdds-client/0.5.0-SNAPSHOT/hadoop-hdds-client-0.5.0-SNAPSHOT.jar:/home/user/.m2/repository/org/apache/hadoop/hadoop-hdds-tools/0.5.0-SNAPSHOT/hadoop-hdds-tools-0.5.0-SNAPSHOT.jar:/home/user/.m2/repository/org/xerial/sqlite-jdbc/3.25.2/sqlite-jdbc-3.25.2.jar:/home/user/.m2/repository/org/apache/hadoop/hadoop-hdds-server-scm/0.5.0-SNAPSHOT/hadoop-hdds-server-scm-0.5.0-SNAPSHOT.jar:/home/user/.m2/repository/org/hamcrest/hamcrest-all/1.3/hamcrest-all-1.3.jar:/home/user/.m2/repository/info/picocli/picocli/3.9.6/picocli-3.9.6.jar:/home/user/.m2/repository/com/google/protobuf/protobuf-java/2.5.0/protobuf-java-2.5.0.jar:/home/user/.m2/repository/com/google/guava/guava/11.0.2/guava-11.0.2.jar:/home/user/.m2/repository/org/apache/hadoop/hadoop-ozone-client/0.5.0-SNAPSHOT/hadoop-ozone-client-0.5.0-SNAPSHOT.jar:/workdir/hadoop-ozone/ozonefs/target/classes:/home/user/.m2/repository/org/apache/httpcomponents/httpclient/4.5.2/httpclient-4.5.2.jar:/home/user/.m2/repository/org/apache/httpcomponents/httpcore/4.4.4/httpcore-4.4.4.jar:/home/user/.m2/repository/org/apache/hadoop/hadoop-hdds-server-framework/0.5.0-SNAPSHOT/hadoop-hdds-server-framework-0.5.0-SNAPSHOT.jar:/home/user/.m2/repository/org/apache/hadoop/hadoop-common/3.2.0/hadoop-common-3.2.0.jar:/home/user/.m2/repository/org/apache/hadoop/hadoop-annotations/3.2.0/hadoop-annotations-3.2.0.jar:/usr/lib/jvm/java-1.8.0-openjdk-1.8.0.222.b10-1.el7_7.x86_64/jre/../lib/tools.jar:/home/user/.m2/repository/commons-cli/commons-cli/1.2/commons-cli-1.2.jar:/home/user/.m2/repository/org/apache/commons/commons-math3/3.1.1/commons-math3-3.1.1.jar:/home/user/.m2/repository/commons-codec/commons-codec/1.11/commons-codec-1.11.jar:/home/user/.m2/repository/commons-io/commons-io/2.5/commons-io-2.5.jar:/home/user/.m2/repository/commons-net/commons-net/3.6/commons-net-3.6.jar:/home/user/.m2/repository/commons-collections/commons-collections/3.2.2/commons-collections-3.2.2.jar:/home/user/.m2/repository/javax/servlet/javax.servlet-api/3.1.0/javax.servlet-api-3.1.0.jar:/home/user/.m2/repository/org/eclipse/jetty/jetty-server/9.3.25.v20180904/jetty-server-9.3.25.v20180904.jar:/home/user/.m2/repository/org/eclipse/jetty/jetty-http/9.3.25.v20180904/jetty-http-9.3.25.v20180904.jar:/home/user/.m2/repository/org/eclipse/jetty/jetty-io/9.3.25.v20180904/jetty-io-9.3.25.v20180904.jar:/home/user/.m2/repository/org/eclipse/jetty/jetty-util/9.3.25.v20180904/jetty-util-9.3.25.v20180904.jar:/home/user/.m2/repository/org/eclipse/jetty/jetty-servlet/9.3.25.v20180904/jetty-servlet-9.3.25.v20180904.jar:/home/user/.m2/repository/org/eclipse/jetty/jetty-security/9.3.25.v20180904/jetty-security-9.3.25.v20180904.jar:/home/user/.m2/repository/org/eclipse/jetty/jetty-webapp/9.3.25.v20180904/jetty-webapp-9.3.25.v20180904.jar:/home/user/.m2/repository/org/eclipse/jetty/jetty-xml/9.3.25.v20180904/jetty-xml-9.3.25.v20180904.jar:/home/user/.m2/repository/javax/servlet/jsp/jsp-api/2.1/jsp-api-2.1.jar:/home/user/.m2/repository/com/sun/jersey/jersey-core/1.19/jersey-core-1.19.jar:/home/user/.m2/repository/javax/ws/rs/jsr311-api/1.1.1/jsr311-api-1.1.1.jar:/home/user/.m2/repository/com/sun/jersey/jersey-servlet/1.19/jersey-servlet-1.19.jar:/home/user/.m2/repository/com/sun/jersey/jersey-json/1.19/jersey-json-1.19.jar:/home/user/.m2/repository/org/codehaus/jettison/jettison/1.1/jettison-1.1.jar:/home/user/.m2/repository/com/sun/xml/bind/jaxb-impl/2.3.0.1/jaxb-impl-2.3.0.1.jar:/home/user/.m2/repository/org/codehaus/jackson/jackson-core-asl/1.9.13/jackson-core-asl-1.9.13.jar:/home/user/.m2/repository/org/codehaus/jackson/jackson-mapper-asl/1.9.13/jackson-mapper-asl-1.9.13.jar:/home/user/.m2/repository/org/codehaus/jackson/jackson-jaxrs/1.9.13/jackson-jaxrs-1.9.13.jar:/home/user/.m2/repository/org/codehaus/jackson/jackson-xc/1.9.13/jackson-xc-1.9.13.jar:/home/user/.m2/repository/com/sun/jersey/jersey-server/1.19/jersey-server-1.19.jar:/home/user/.m2/repository/commons-logging/commons-logging/1.1.3/commons-logging-1.1.3.jar:/home/user/.m2/repository/log4j/log4j/1.2.17/log4j-1.2.17.jar:/home/user/.m2/repository/commons-beanutils/commons-beanutils/1.9.4/commons-beanutils-1.9.4.jar:/home/user/.m2/repository/org/apache/commons/commons-configuration2/2.1.1/commons-configuration2-2.1.1.jar:/home/user/.m2/repository/org/apache/commons/commons-lang3/3.7/commons-lang3-3.7.jar:/home/user/.m2/repository/org/apache/commons/commons-text/1.4/commons-text-1.4.jar:/home/user/.m2/repository/org/slf4j/slf4j-api/1.7.25/slf4j-api-1.7.25.jar:/home/user/.m2/repository/org/slf4j/slf4j-log4j12/1.7.25/slf4j-log4j12-1.7.25.jar:/home/user/.m2/repository/org/apache/avro/avro/1.7.7/avro-1.7.7.jar:/home/user/.m2/repository/com/thoughtworks/paranamer/paranamer/2.3/paranamer-2.3.jar:/home/user/.m2/repository/org/xerial/snappy/snappy-java/1.0.5/snappy-java-1.0.5.jar:/home/user/.m2/repository/com/google/re2j/re2j/1.1/re2j-1.1.jar:/home/user/.m2/repository/com/google/code/gson/gson/2.2.4/gson-2.2.4.jar:/home/user/.m2/repository/org/apache/hadoop/hadoop-auth/3.2.0/hadoop-auth-3.2.0.jar:/home/user/.m2/repository/com/nimbusds/nimbus-jose-jwt/4.41.1/nimbus-jose-jwt-4.41.1.jar:/home/user/.m2/repository/com/github/stephenc/jcip/jcip-annotations/1.0-1/jcip-annotations-1.0-1.jar:/home/user/.m2/repository/net/minidev/json-smart/2.3/json-smart-2.3.jar:/home/user/.m2/repository/net/minidev/accessors-smart/1.2/accessors-smart-1.2.jar:/home/user/.m2/repository/org/apache/curator/curator-framework/2.12.0/curator-framework-2.12.0.jar:/home/user/.m2/repository/com/jcraft/jsch/0.1.54/jsch-0.1.54.jar:/home/user/.m2/repository/org/apache/curator/curator-client/2.12.0/curator-client-2.12.0.jar:/home/user/.m2/repository/org/apache/curator/curator-recipes/2.12.0/curator-recipes-2.12.0.jar:/home/user/.m2/repository/com/google/code/findbugs/jsr305/3.0.0/jsr305-3.0.0.jar:/home/user/.m2/repository/org/apache/htrace/htrace-core4/4.1.0-incubating/htrace-core4-4.1.0-incubating.jar:/home/user/.m2/repository/org/apache/zookeeper/zookeeper/3.4.13/zookeeper-3.4.13.jar:/home/user/.m2/repository/jline/jline/0.9.94/jline-0.9.94.jar:/home/user/.m2/repository/org/apache/yetus/audience-annotations/0.5.0/audience-annotations-0.5.0.jar:/home/user/.m2/repository/org/apache/kerby/kerb-simplekdc/1.0.1/kerb-simplekdc-1.0.1.jar:/home/user/.m2/repository/org/apache/kerby/kerb-client/1.0.1/kerb-client-1.0.1.jar:/home/user/.m2/repository/org/apache/kerby/kerby-config/1.0.1/kerby-config-1.0.1.jar:/home/user/.m2/repository/org/apache/kerby/kerb-core/1.0.1/kerb-core-1.0.1.jar:/home/user/.m2/repository/org/apache/kerby/kerby-pkix/1.0.1/kerby-pkix-1.0.1.jar:/home/user/.m2/repository/org/apache/kerby/kerby-asn1/1.0.1/kerby-asn1-1.0.1.jar:/home/user/.m2/repository/org/apache/kerby/kerby-util/1.0.1/kerby-util-1.0.1.jar:/home/user/.m2/repository/org/apache/kerby/kerb-common/1.0.1/kerb-common-1.0.1.jar:/home/user/.m2/repository/org/apache/kerby/kerb-crypto/1.0.1/kerb-crypto-1.0.1.jar:/home/user/.m2/repository/org/apache/kerby/kerb-util/1.0.1/kerb-util-1.0.1.jar:/home/user/.m2/repository/org/apache/kerby/token-provider/1.0.1/token-provider-1.0.1.jar:/home/user/.m2/repository/org/apache/kerby/kerb-admin/1.0.1/kerb-admin-1.0.1.jar:/home/user/.m2/repository/org/apache/kerby/kerb-server/1.0.1/kerb-server-1.0.1.jar:/home/user/.m2/repository/org/apache/kerby/kerb-identity/1.0.1/kerb-identity-1.0.1.jar:/home/user/.m2/repository/org/apache/kerby/kerby-xdr/1.0.1/kerby-xdr-1.0.1.jar:/home/user/.m2/repository/com/fasterxml/jackson/core/jackson-databind/2.9.9/jackson-databind-2.9.9.jar:/home/user/.m2/repository/com/fasterxml/jackson/core/jackson-core/2.9.9/jackson-core-2.9.9.jar:/home/user/.m2/repository/org/codehaus/woodstox/stax2-api/3.1.4/stax2-api-3.1.4.jar:/home/user/.m2/repository/com/fasterxml/woodstox/woodstox-core/5.0.3/woodstox-core-5.0.3.jar:/home/user/.m2/repository/dnsjava/dnsjava/2.1.7/dnsjava-2.1.7.jar:/home/user/.m2/repository/org/apache/hadoop/hadoop-hdfs/3.2.0/hadoop-hdfs-3.2.0.jar:/home/user/.m2/repository/org/eclipse/jetty/jetty-util-ajax/9.3.25.v20180904/jetty-util-ajax-9.3.25.v20180904.jar:/home/user/.m2/repository/commons-daemon/commons-daemon/1.0.13/commons-daemon-1.0.13.jar:/home/user/.m2/repository/io/netty/netty/3.10.5.Final/netty-3.10.5.Final.jar:/home/user/.m2/repository/io/netty/netty-all/4.0.52.Final/netty-all-4.0.52.Final.jar:/home/user/.m2/repository/org/fusesource/leveldbjni/leveldbjni-all/1.8/leveldbjni-all-1.8.jar:/home/user/.m2/repository/com/sun/xml/bind/jaxb-core/2.3.0.1/jaxb-core-2.3.0.1.jar:/home/user/.m2/repository/javax/xml/bind/jaxb-api/2.3.0/jaxb-api-2.3.0.jar:/home/user/.m2/repository/javax/activation/activation/1.1.1/activation-1.1.1.jar:/home/user/.m2/repository/org/openjdk/jmh/jmh-core/1.19/jmh-core-1.19.jar:/home/user/.m2/repository/net/sf/jopt-simple/jopt-simple/4.6/jopt-simple-4.6.jar:/home/user/.m2/repository/org/openjdk/jmh/jmh-generator-annprocess/1.19/jmh-generator-annprocess-1.19.jar:/home/user/.m2/repository/io/dropwizard/metrics/metrics-core/3.2.4/metrics-core-3.2.4.jar:/home/user/.m2/repository/com/amazonaws/aws-java-sdk-s3/1.11.615/aws-java-sdk-s3-1.11.615.jar:/home/user/.m2/repository/com/amazonaws/aws-java-sdk-kms/1.11.615/aws-java-sdk-kms-1.11.615.jar:/home/user/.m2/repository/com/amazonaws/aws-java-sdk-core/1.11.615/aws-java-sdk-core-1.11.615.jar:/home/user/.m2/repository/software/amazon/ion/ion-java/1.0.2/ion-java-1.0.2.jar:/home/user/.m2/repository/com/fasterxml/jackson/dataformat/jackson-dataformat-cbor/2.9.9/jackson-dataformat-cbor-2.9.9.jar:/home/user/.m2/repository/joda-time/joda-time/2.9.9/joda-time-2.9.9.jar:/home/user/.m2/repository/com/amazonaws/jmespath-java/1.11.615/jmespath-java-1.11.615.jar:/home/user/.m2/repository/com/github/spotbugs/spotbugs/3.1.12/spotbugs-3.1.12.jar:/home/user/.m2/repository/org/ow2/asm/asm/5.0.4/asm-5.0.4.jar:/home/user/.m2/repository/org/ow2/asm/asm-analysis/7.0/asm-analysis-7.0.jar:/home/user/.m2/repository/org/ow2/asm/asm-commons/7.0/asm-commons-7.0.jar:/home/user/.m2/repository/org/ow2/asm/asm-tree/7.0/asm-tree-7.0.jar:/home/user/.m2/repository/org/ow2/asm/asm-util/7.0/asm-util-7.0.jar:/home/user/.m2/repository/org/apache/bcel/bcel/6.3/bcel-6.3.jar:/home/user/.m2/repository/net/jcip/jcip-annotations/1.0/jcip-annotations-1.0.jar:/home/user/.m2/repository/org/dom4j/dom4j/2.1.1/dom4j-2.1.1.jar:/home/user/.m2/repository/jaxen/jaxen/1.1.6/jaxen-1.1.6.jar:/home/user/.m2/repository/commons-lang/commons-lang/2.6/commons-lang-2.6.jar:/home/user/.m2/repository/com/github/spotbugs/spotbugs-annotations/3.1.12/spotbugs-annotations-3.1.12.jar:/home/user/.m2/repository/junit/junit/4.11/junit-4.11.jar:/home/user/.m2/repository/org/hamcrest/hamcrest-core/1.3/hamcrest-core-1.3.jar:/home/user/.m2/repository/org/apache/hadoop/hadoop-common/3.2.0/hadoop-common-3.2.0-tests.jar:/workdir/hadoop-ozone/integration-test/target/test-classes:/home/user/.m2/repository/org/apache/hadoop/hadoop-ozone-s3gateway/0.5.0-SNAPSHOT/hadoop-ozone-s3gateway-0.5.0-SNAPSHOT.jar:/home/user/.m2/repository/org/jboss/weld/servlet/weld-servlet/2.4.7.Final/weld-servlet-2.4.7.Final.jar:/home/user/.m2/repository/org/glassfish/jersey/containers/jersey-container-servlet-core/2.27/jersey-container-servlet-core-2.27.jar:/home/user/.m2/repository/org/glassfish/hk2/external/javax.inject/2.5.0-b42/javax.inject-2.5.0-b42.jar:/home/user/.m2/repository/org/glassfish/jersey/core/jersey-common/2.27/jersey-common-2.27.jar:/home/user/.m2/repository/org/glassfish/hk2/osgi-resource-locator/1.0.1/osgi-resource-locator-1.0.1.jar:/home/user/.m2/repository/javax/ws/rs/javax.ws.rs-api/2.1/javax.ws.rs-api-2.1.jar:/home/user/.m2/repository/org/glassfish/jersey/ext/cdi/jersey-cdi1x/2.27/jersey-cdi1x-2.27.jar:/home/user/.m2/repository/org/glassfish/jersey/inject/jersey-hk2/2.27/jersey-hk2-2.27.jar:/home/user/.m2/repository/org/glassfish/hk2/hk2-locator/2.5.0-b42/hk2-locator-2.5.0-b42.jar:/home/user/.m2/repository/org/javassist/javassist/3.22.0-CR2/javassist-3.22.0-CR2.jar:/home/user/.m2/repository/org/glassfish/hk2/hk2-api/2.5.0/hk2-api-2.5.0.jar:/home/user/.m2/repository/org/glassfish/hk2/external/jakarta.inject/2.5.0/jakarta.inject-2.5.0.jar:/home/user/.m2/repository/org/glassfish/hk2/hk2-utils/2.5.0/hk2-utils-2.5.0.jar:/home/user/.m2/repository/jakarta/annotation/jakarta.annotation-api/1.3.4/jakarta.annotation-api-1.3.4.jar:/home/user/.m2/repository/org/glassfish/hk2/external/aopalliance-repackaged/2.5.0/aopalliance-repackaged-2.5.0.jar:/home/user/.m2/repository/com/fasterxml/jackson/dataformat/jackson-dataformat-xml/2.9.0/jackson-dataformat-xml-2.9.0.jar:/home/user/.m2/repository/com/fasterxml/jackson/module/jackson-module-jaxb-annotations/2.9.9/jackson-module-jaxb-annotations-2.9.9.jar:/home/user/.m2/repository/javax/enterprise/cdi-api/1.2/cdi-api-1.2.jar:/home/user/.m2/repository/javax/el/javax.el-api/3.0.0/javax.el-api-3.0.0.jar:/home/user/.m2/repository/javax/interceptor/javax.interceptor-api/1.2/javax.interceptor-api-1.2.jar:/home/user/.m2/repository/javax/inject/javax.inject/1/javax.inject-1.jar:/home/user/.m2/repository/org/apache/hadoop/hadoop-ozone-csi/0.5.0-SNAPSHOT/hadoop-ozone-csi-0.5.0-SNAPSHOT.jar:/home/user/.m2/repository/com/google/protobuf/protobuf-java-util/3.5.1/protobuf-java-util-3.5.1.jar:/home/user/.m2/repository/io/grpc/grpc-netty/1.17.1/grpc-netty-1.17.1.jar:/home/user/.m2/repository/io/grpc/grpc-core/1.17.1/grpc-core-1.17.1.jar:/home/user/.m2/repository/io/grpc/grpc-context/1.17.1/grpc-context-1.17.1.jar:/home/user/.m2/repository/com/google/errorprone/error_prone_annotations/2.2.0/error_prone_annotations-2.2.0.jar:/home/user/.m2/repository/org/codehaus/mojo/animal-sniffer-annotations/1.17/animal-sniffer-annotations-1.17.jar:/home/user/.m2/repository/io/opencensus/opencensus-api/0.17.0/opencensus-api-0.17.0.jar:/home/user/.m2/repository/io/opencensus/opencensus-contrib-grpc-metrics/0.17.0/opencensus-contrib-grpc-metrics-0.17.0.jar:/home/user/.m2/repository/io/netty/netty-codec-http2/4.1.30.Final/netty-codec-http2-4.1.30.Final.jar:/home/user/.m2/repository/io/netty/netty-codec-http/4.1.30.Final/netty-codec-http-4.1.30.Final.jar:/home/user/.m2/repository/io/netty/netty-codec/4.1.30.Final/netty-codec-4.1.30.Final.jar:/home/user/.m2/repository/io/netty/netty-handler/4.1.30.Final/netty-handler-4.1.30.Final.jar:/home/user/.m2/repository/io/netty/netty-handler-proxy/4.1.30.Final/netty-handler-proxy-4.1.30.Final.jar:/home/user/.m2/repository/io/netty/netty-codec-socks/4.1.30.Final/netty-codec-socks-4.1.30.Final.jar:/home/user/.m2/repository/io/netty/netty-transport-native-epoll/4.1.30.Final/netty-transport-native-epoll-4.1.30.Final.jar:/home/user/.m2/repository/io/netty/netty-common/4.1.30.Final/netty-common-4.1.30.Final.jar:/home/user/.m2/repository/io/netty/netty-buffer/4.1.30.Final/netty-buffer-4.1.30.Final.jar:/home/user/.m2/repository/io/netty/netty-transport/4.1.30.Final/netty-transport-4.1.30.Final.jar:/home/user/.m2/repository/io/netty/netty-resolver/4.1.30.Final/netty-resolver-4.1.30.Final.jar:/home/user/.m2/repository/io/netty/netty-transport-native-unix-common/4.1.30.Final/netty-transport-native-unix-common-4.1.30.Final.jar:/home/user/.m2/repository/io/grpc/grpc-protobuf/1.17.1/grpc-protobuf-1.17.1.jar:/home/user/.m2/repository/com/google/api/grpc/proto-google-common-protos/1.0.0/proto-google-common-protos-1.0.0.jar:/home/user/.m2/repository/io/grpc/grpc-protobuf-lite/1.17.1/grpc-protobuf-lite-1.17.1.jar:/home/user/.m2/repository/io/grpc/grpc-stub/1.17.1/grpc-stub-1.17.1.jar:/home/user/.m2/repository/org/apache/hadoop/hadoop-ozone-recon/0.5.0-SNAPSHOT/hadoop-ozone-recon-0.5.0-SNAPSHOT.jar:/home/user/.m2/repository/org/apache/hadoop/hadoop-ozone-reconcodegen/0.5.0-SNAPSHOT/hadoop-ozone-reconcodegen-0.5.0-SNAPSHOT.jar:/home/user/.m2/repository/com/google/inject/extensions/guice-multibindings/4.0/guice-multibindings-4.0.jar:/home/user/.m2/repository/com/google/inject/guice/4.0/guice-4.0.jar:/home/user/.m2/repository/aopalliance/aopalliance/1.0/aopalliance-1.0.jar:/home/user/.m2/repository/com/google/inject/extensions/guice-servlet/4.0/guice-servlet-4.0.jar:/home/user/.m2/repository/org/glassfish/jersey/containers/jersey-container-servlet/2.27/jersey-container-servlet-2.27.jar:/home/user/.m2/repository/org/glassfish/hk2/guice-bridge/2.5.0/guice-bridge-2.5.0.jar:/home/user/.m2/repository/org/glassfish/jersey/core/jersey-server/2.27/jersey-server-2.27.jar:/home/user/.m2/repository/org/glassfish/jersey/core/jersey-client/2.27/jersey-client-2.27.jar:/home/user/.m2/repository/org/glassfish/jersey/media/jersey-media-jaxb/2.27/jersey-media-jaxb-2.27.jar:/home/user/.m2/repository/javax/validation/validation-api/1.1.0.Final/validation-api-1.1.0.Final.jar:/home/user/.m2/repository/org/glassfish/jersey/media/jersey-media-json-jackson/2.27/jersey-media-json-jackson-2.27.jar:/home/user/.m2/repository/org/glassfish/jersey/ext/jersey-entity-filtering/2.27/jersey-entity-filtering-2.27.jar:/home/user/.m2/repository/com/google/inject/extensions/guice-assistedinject/4.0/guice-assistedinject-4.0.jar:/home/user/.m2/repository/org/jooq/jooq/3.11.10/jooq-3.11.10.jar:/home/user/.m2/repository/org/jooq/jooq-meta/3.11.10/jooq-meta-3.11.10.jar:/home/user/.m2/repository/org/jooq/jooq-codegen/3.11.10/jooq-codegen-3.11.10.jar:/home/user/.m2/repository/com/jolbox/bonecp/0.8.0.RELEASE/bonecp-0.8.0.RELEASE.jar:/home/user/.m2/repository/org/springframework/spring-jdbc/5.1.3.RELEASE/spring-jdbc-5.1.3.RELEASE.jar:/home/user/.m2/repository/org/springframework/spring-beans/5.1.3.RELEASE/spring-beans-5.1.3.RELEASE.jar:/home/user/.m2/repository/org/springframework/spring-core/5.1.3.RELEASE/spring-core-5.1.3.RELEASE.jar:/home/user/.m2/repository/org/springframework/spring-jcl/5.1.3.RELEASE/spring-jcl-5.1.3.RELEASE.jar:/home/user/.m2/repository/org/springframework/spring-tx/5.1.3.RELEASE/spring-tx-5.1.3.RELEASE.jar:/home/user/.m2/repository/org/mockito/mockito-core/2.15.0/mockito-core-2.15.0.jar:/home/user/.m2/repository/net/bytebuddy/byte-buddy/1.7.9/byte-buddy-1.7.9.jar:/home/user/.m2/repository/net/bytebuddy/byte-buddy-agent/1.7.9/byte-buddy-agent-1.7.9.jar:/home/user/.m2/repository/org/objenesis/objenesis/1.0/objenesis-1.0.jar:"/>
    <property name="java.vm.vendor" value="Oracle Corporation"/>
    <property name="sun.arch.data.model" value="64"/>
    <property name="test.build.dir" value="/workdir/hadoop-ozone/tools/target/test-dir"/>
    <property name="test.cache.data" value=""/>
    <property name="java.vendor.url" value="http://java.oracle.com/"/>
    <property name="user.timezone" value=""/>
    <property name="java.vm.specification.version" value="1.8"/>
    <property name="os.name" value="Linux"/>
    <property name="test.build.data" value="/workdir/hadoop-ozone/tools/target/test-dir"/>
    <property name="user.country" value="US"/>
    <property name="sun.java.launcher" value="SUN_STANDARD"/>
    <property name="sun.boot.library.path" value="/usr/lib/jvm/java-1.8.0-openjdk-1.8.0.222.b10-1.el7_7.x86_64/jre/lib/amd64"/>
    <property name="sun.java.command" value="/workdir/hadoop-ozone/tools/target/surefire/surefirebooter6714611642421259802.jar /workdir/hadoop-ozone/tools/target/surefire 2019-11-06T20-02-13_108-jvmRun1 surefire5610370423150732803tmp surefire_1031764321407899486887tmp"/>
    <property name="surefire.test.class.path" value="/workdir/hadoop-ozone/tools/target/test-classes:/workdir/hadoop-ozone/tools/target/classes:/home/user/.m2/repository/org/apache/hadoop/hadoop-ozone-ozone-manager/0.5.0-SNAPSHOT/hadoop-ozone-ozone-manager-0.5.0-SNAPSHOT.jar:/home/user/.m2/repository/org/apache/hadoop/hadoop-hdds-docs/0.5.0-SNAPSHOT/hadoop-hdds-docs-0.5.0-SNAPSHOT.jar:/home/user/.m2/repository/org/bouncycastle/bcprov-jdk15on/1.60/bcprov-jdk15on-1.60.jar:/home/user/.m2/repository/org/apache/hadoop/hadoop-ozone-common/0.5.0-SNAPSHOT/hadoop-ozone-common-0.5.0-SNAPSHOT.jar:/home/user/.m2/repository/org/apache/commons/commons-compress/1.4.1/commons-compress-1.4.1.jar:/home/user/.m2/repository/org/tukaani/xz/1.0/xz-1.0.jar:/home/user/.m2/repository/org/apache/hadoop/hadoop-hdfs-client/3.2.0/hadoop-hdfs-client-3.2.0.jar:/home/user/.m2/repository/com/fasterxml/jackson/core/jackson-annotations/2.9.9/jackson-annotations-2.9.9.jar:/home/user/.m2/repository/org/apache/hadoop/hadoop-hdds-common/0.5.0-SNAPSHOT/hadoop-hdds-common-0.5.0-SNAPSHOT.jar:/home/user/.m2/repository/org/apache/hadoop/hadoop-hdds-config/0.5.0-SNAPSHOT/hadoop-hdds-config-0.5.0-SNAPSHOT.jar:/home/user/.m2/repository/javax/annotation/javax.annotation-api/1.2/javax.annotation-api-1.2.jar:/home/user/.m2/repository/org/apache/ratis/ratis-server/0.5.0-d6d58d0-SNAPSHOT/ratis-server-0.5.0-d6d58d0-SNAPSHOT.jar:/home/user/.m2/repository/org/apache/ratis/ratis-thirdparty-misc/0.2.0/ratis-thirdparty-misc-0.2.0.jar:/home/user/.m2/repository/org/apache/ratis/ratis-proto/0.5.0-d6d58d0-SNAPSHOT/ratis-proto-0.5.0-d6d58d0-SNAPSHOT.jar:/home/user/.m2/repository/org/apache/ratis/ratis-common/0.5.0-d6d58d0-SNAPSHOT/ratis-common-0.5.0-d6d58d0-SNAPSHOT.jar:/home/user/.m2/repository/org/apache/ratis/ratis-client/0.5.0-d6d58d0-SNAPSHOT/ratis-client-0.5.0-d6d58d0-SNAPSHOT.jar:/home/user/.m2/repository/org/apache/ratis/ratis-metrics/0.5.0-d6d58d0-SNAPSHOT/ratis-metrics-0.5.0-d6d58d0-SNAPSHOT.jar:/home/user/.m2/repository/org/apache/ratis/ratis-netty/0.5.0-d6d58d0-SNAPSHOT/ratis-netty-0.5.0-d6d58d0-SNAPSHOT.jar:/home/user/.m2/repository/org/apache/ratis/ratis-grpc/0.5.0-d6d58d0-SNAPSHOT/ratis-grpc-0.5.0-d6d58d0-SNAPSHOT.jar:/home/user/.m2/repository/org/rocksdb/rocksdbjni/6.0.1/rocksdbjni-6.0.1.jar:/home/user/.m2/repository/org/apache/logging/log4j/log4j-api/2.11.0/log4j-api-2.11.0.jar:/home/user/.m2/repository/org/apache/logging/log4j/log4j-core/2.11.0/log4j-core-2.11.0.jar:/home/user/.m2/repository/com/lmax/disruptor/3.4.2/disruptor-3.4.2.jar:/home/user/.m2/repository/org/apache/commons/commons-pool2/2.6.0/commons-pool2-2.6.0.jar:/home/user/.m2/repository/org/bouncycastle/bcpkix-jdk15on/1.60/bcpkix-jdk15on-1.60.jar:/home/user/.m2/repository/commons-validator/commons-validator/1.6/commons-validator-1.6.jar:/home/user/.m2/repository/commons-digester/commons-digester/1.8.1/commons-digester-1.8.1.jar:/home/user/.m2/repository/io/jaegertracing/jaeger-client/0.34.0/jaeger-client-0.34.0.jar:/home/user/.m2/repository/io/jaegertracing/jaeger-thrift/0.34.0/jaeger-thrift-0.34.0.jar:/home/user/.m2/repository/org/apache/thrift/libthrift/0.12.0/libthrift-0.12.0.jar:/home/user/.m2/repository/com/squareup/okhttp3/okhttp/3.9.0/okhttp-3.9.0.jar:/home/user/.m2/repository/com/squareup/okio/okio/1.13.0/okio-1.13.0.jar:/home/user/.m2/repository/io/jaegertracing/jaeger-core/0.34.0/jaeger-core-0.34.0.jar:/home/user/.m2/repository/io/jaegertracing/jaeger-tracerresolver/0.34.0/jaeger-tracerresolver-0.34.0.jar:/home/user/.m2/repository/io/opentracing/contrib/opentracing-tracerresolver/0.1.5/opentracing-tracerresolver-0.1.5.jar:/home/user/.m2/repository/io/opentracing/opentracing-util/0.31.0/opentracing-util-0.31.0.jar:/home/user/.m2/repository/io/opentracing/opentracing-api/0.31.0/opentracing-api-0.31.0.jar:/home/user/.m2/repository/io/opentracing/opentracing-noop/0.31.0/opentracing-noop-0.31.0.jar:/home/user/.m2/repository/org/yaml/snakeyaml/1.16/snakeyaml-1.16.jar:/home/user/.m2/repository/org/apache/hadoop/hadoop-hdds-container-service/0.5.0-SNAPSHOT/hadoop-hdds-container-service-0.5.0-SNAPSHOT.jar:/home/user/.m2/repository/org/apache/hadoop/hadoop-hdds-client/0.5.0-SNAPSHOT/hadoop-hdds-client-0.5.0-SNAPSHOT.jar:/home/user/.m2/repository/org/apache/hadoop/hadoop-hdds-tools/0.5.0-SNAPSHOT/hadoop-hdds-tools-0.5.0-SNAPSHOT.jar:/home/user/.m2/repository/org/xerial/sqlite-jdbc/3.25.2/sqlite-jdbc-3.25.2.jar:/home/user/.m2/repository/org/apache/hadoop/hadoop-hdds-server-scm/0.5.0-SNAPSHOT/hadoop-hdds-server-scm-0.5.0-SNAPSHOT.jar:/home/user/.m2/repository/org/hamcrest/hamcrest-all/1.3/hamcrest-all-1.3.jar:/home/user/.m2/repository/info/picocli/picocli/3.9.6/picocli-3.9.6.jar:/home/user/.m2/repository/com/google/protobuf/protobuf-java/2.5.0/protobuf-java-2.5.0.jar:/home/user/.m2/repository/com/google/guava/guava/11.0.2/guava-11.0.2.jar:/home/user/.m2/repository/org/apache/hadoop/hadoop-ozone-client/0.5.0-SNAPSHOT/hadoop-ozone-client-0.5.0-SNAPSHOT.jar:/workdir/hadoop-ozone/ozonefs/target/classes:/home/user/.m2/repository/org/apache/httpcomponents/httpclient/4.5.2/httpclient-4.5.2.jar:/home/user/.m2/repository/org/apache/httpcomponents/httpcore/4.4.4/httpcore-4.4.4.jar:/home/user/.m2/repository/org/apache/hadoop/hadoop-hdds-server-framework/0.5.0-SNAPSHOT/hadoop-hdds-server-framework-0.5.0-SNAPSHOT.jar:/home/user/.m2/repository/org/apache/hadoop/hadoop-common/3.2.0/hadoop-common-3.2.0.jar:/home/user/.m2/repository/org/apache/hadoop/hadoop-annotations/3.2.0/hadoop-annotations-3.2.0.jar:/usr/lib/jvm/java-1.8.0-openjdk-1.8.0.222.b10-1.el7_7.x86_64/jre/../lib/tools.jar:/home/user/.m2/repository/commons-cli/commons-cli/1.2/commons-cli-1.2.jar:/home/user/.m2/repository/org/apache/commons/commons-math3/3.1.1/commons-math3-3.1.1.jar:/home/user/.m2/repository/commons-codec/commons-codec/1.11/commons-codec-1.11.jar:/home/user/.m2/repository/commons-io/commons-io/2.5/commons-io-2.5.jar:/home/user/.m2/repository/commons-net/commons-net/3.6/commons-net-3.6.jar:/home/user/.m2/repository/commons-collections/commons-collections/3.2.2/commons-collections-3.2.2.jar:/home/user/.m2/repository/javax/servlet/javax.servlet-api/3.1.0/javax.servlet-api-3.1.0.jar:/home/user/.m2/repository/org/eclipse/jetty/jetty-server/9.3.25.v20180904/jetty-server-9.3.25.v20180904.jar:/home/user/.m2/repository/org/eclipse/jetty/jetty-http/9.3.25.v20180904/jetty-http-9.3.25.v20180904.jar:/home/user/.m2/repository/org/eclipse/jetty/jetty-io/9.3.25.v20180904/jetty-io-9.3.25.v20180904.jar:/home/user/.m2/repository/org/eclipse/jetty/jetty-util/9.3.25.v20180904/jetty-util-9.3.25.v20180904.jar:/home/user/.m2/repository/org/eclipse/jetty/jetty-servlet/9.3.25.v20180904/jetty-servlet-9.3.25.v20180904.jar:/home/user/.m2/repository/org/eclipse/jetty/jetty-security/9.3.25.v20180904/jetty-security-9.3.25.v20180904.jar:/home/user/.m2/repository/org/eclipse/jetty/jetty-webapp/9.3.25.v20180904/jetty-webapp-9.3.25.v20180904.jar:/home/user/.m2/repository/org/eclipse/jetty/jetty-xml/9.3.25.v20180904/jetty-xml-9.3.25.v20180904.jar:/home/user/.m2/repository/javax/servlet/jsp/jsp-api/2.1/jsp-api-2.1.jar:/home/user/.m2/repository/com/sun/jersey/jersey-core/1.19/jersey-core-1.19.jar:/home/user/.m2/repository/javax/ws/rs/jsr311-api/1.1.1/jsr311-api-1.1.1.jar:/home/user/.m2/repository/com/sun/jersey/jersey-servlet/1.19/jersey-servlet-1.19.jar:/home/user/.m2/repository/com/sun/jersey/jersey-json/1.19/jersey-json-1.19.jar:/home/user/.m2/repository/org/codehaus/jettison/jettison/1.1/jettison-1.1.jar:/home/user/.m2/repository/com/sun/xml/bind/jaxb-impl/2.3.0.1/jaxb-impl-2.3.0.1.jar:/home/user/.m2/repository/org/codehaus/jackson/jackson-core-asl/1.9.13/jackson-core-asl-1.9.13.jar:/home/user/.m2/repository/org/codehaus/jackson/jackson-mapper-asl/1.9.13/jackson-mapper-asl-1.9.13.jar:/home/user/.m2/repository/org/codehaus/jackson/jackson-jaxrs/1.9.13/jackson-jaxrs-1.9.13.jar:/home/user/.m2/repository/org/codehaus/jackson/jackson-xc/1.9.13/jackson-xc-1.9.13.jar:/home/user/.m2/repository/com/sun/jersey/jersey-server/1.19/jersey-server-1.19.jar:/home/user/.m2/repository/commons-logging/commons-logging/1.1.3/commons-logging-1.1.3.jar:/home/user/.m2/repository/log4j/log4j/1.2.17/log4j-1.2.17.jar:/home/user/.m2/repository/commons-beanutils/commons-beanutils/1.9.4/commons-beanutils-1.9.4.jar:/home/user/.m2/repository/org/apache/commons/commons-configuration2/2.1.1/commons-configuration2-2.1.1.jar:/home/user/.m2/repository/org/apache/commons/commons-lang3/3.7/commons-lang3-3.7.jar:/home/user/.m2/repository/org/apache/commons/commons-text/1.4/commons-text-1.4.jar:/home/user/.m2/repository/org/slf4j/slf4j-api/1.7.25/slf4j-api-1.7.25.jar:/home/user/.m2/repository/org/slf4j/slf4j-log4j12/1.7.25/slf4j-log4j12-1.7.25.jar:/home/user/.m2/repository/org/apache/avro/avro/1.7.7/avro-1.7.7.jar:/home/user/.m2/repository/com/thoughtworks/paranamer/paranamer/2.3/paranamer-2.3.jar:/home/user/.m2/repository/org/xerial/snappy/snappy-java/1.0.5/snappy-java-1.0.5.jar:/home/user/.m2/repository/com/google/re2j/re2j/1.1/re2j-1.1.jar:/home/user/.m2/repository/com/google/code/gson/gson/2.2.4/gson-2.2.4.jar:/home/user/.m2/repository/org/apache/hadoop/hadoop-auth/3.2.0/hadoop-auth-3.2.0.jar:/home/user/.m2/repository/com/nimbusds/nimbus-jose-jwt/4.41.1/nimbus-jose-jwt-4.41.1.jar:/home/user/.m2/repository/com/github/stephenc/jcip/jcip-annotations/1.0-1/jcip-annotations-1.0-1.jar:/home/user/.m2/repository/net/minidev/json-smart/2.3/json-smart-2.3.jar:/home/user/.m2/repository/net/minidev/accessors-smart/1.2/accessors-smart-1.2.jar:/home/user/.m2/repository/org/apache/curator/curator-framework/2.12.0/curator-framework-2.12.0.jar:/home/user/.m2/repository/com/jcraft/jsch/0.1.54/jsch-0.1.54.jar:/home/user/.m2/repository/org/apache/curator/curator-client/2.12.0/curator-client-2.12.0.jar:/home/user/.m2/repository/org/apache/curator/curator-recipes/2.12.0/curator-recipes-2.12.0.jar:/home/user/.m2/repository/com/google/code/findbugs/jsr305/3.0.0/jsr305-3.0.0.jar:/home/user/.m2/repository/org/apache/htrace/htrace-core4/4.1.0-incubating/htrace-core4-4.1.0-incubating.jar:/home/user/.m2/repository/org/apache/zookeeper/zookeeper/3.4.13/zookeeper-3.4.13.jar:/home/user/.m2/repository/jline/jline/0.9.94/jline-0.9.94.jar:/home/user/.m2/repository/org/apache/yetus/audience-annotations/0.5.0/audience-annotations-0.5.0.jar:/home/user/.m2/repository/org/apache/kerby/kerb-simplekdc/1.0.1/kerb-simplekdc-1.0.1.jar:/home/user/.m2/repository/org/apache/kerby/kerb-client/1.0.1/kerb-client-1.0.1.jar:/home/user/.m2/repository/org/apache/kerby/kerby-config/1.0.1/kerby-config-1.0.1.jar:/home/user/.m2/repository/org/apache/kerby/kerb-core/1.0.1/kerb-core-1.0.1.jar:/home/user/.m2/repository/org/apache/kerby/kerby-pkix/1.0.1/kerby-pkix-1.0.1.jar:/home/user/.m2/repository/org/apache/kerby/kerby-asn1/1.0.1/kerby-asn1-1.0.1.jar:/home/user/.m2/repository/org/apache/kerby/kerby-util/1.0.1/kerby-util-1.0.1.jar:/home/user/.m2/repository/org/apache/kerby/kerb-common/1.0.1/kerb-common-1.0.1.jar:/home/user/.m2/repository/org/apache/kerby/kerb-crypto/1.0.1/kerb-crypto-1.0.1.jar:/home/user/.m2/repository/org/apache/kerby/kerb-util/1.0.1/kerb-util-1.0.1.jar:/home/user/.m2/repository/org/apache/kerby/token-provider/1.0.1/token-provider-1.0.1.jar:/home/user/.m2/repository/org/apache/kerby/kerb-admin/1.0.1/kerb-admin-1.0.1.jar:/home/user/.m2/repository/org/apache/kerby/kerb-server/1.0.1/kerb-server-1.0.1.jar:/home/user/.m2/repository/org/apache/kerby/kerb-identity/1.0.1/kerb-identity-1.0.1.jar:/home/user/.m2/repository/org/apache/kerby/kerby-xdr/1.0.1/kerby-xdr-1.0.1.jar:/home/user/.m2/repository/com/fasterxml/jackson/core/jackson-databind/2.9.9/jackson-databind-2.9.9.jar:/home/user/.m2/repository/com/fasterxml/jackson/core/jackson-core/2.9.9/jackson-core-2.9.9.jar:/home/user/.m2/repository/org/codehaus/woodstox/stax2-api/3.1.4/stax2-api-3.1.4.jar:/home/user/.m2/repository/com/fasterxml/woodstox/woodstox-core/5.0.3/woodstox-core-5.0.3.jar:/home/user/.m2/repository/dnsjava/dnsjava/2.1.7/dnsjava-2.1.7.jar:/home/user/.m2/repository/org/apache/hadoop/hadoop-hdfs/3.2.0/hadoop-hdfs-3.2.0.jar:/home/user/.m2/repository/org/eclipse/jetty/jetty-util-ajax/9.3.25.v20180904/jetty-util-ajax-9.3.25.v20180904.jar:/home/user/.m2/repository/commons-daemon/commons-daemon/1.0.13/commons-daemon-1.0.13.jar:/home/user/.m2/repository/io/netty/netty/3.10.5.Final/netty-3.10.5.Final.jar:/home/user/.m2/repository/io/netty/netty-all/4.0.52.Final/netty-all-4.0.52.Final.jar:/home/user/.m2/repository/org/fusesource/leveldbjni/leveldbjni-all/1.8/leveldbjni-all-1.8.jar:/home/user/.m2/repository/com/sun/xml/bind/jaxb-core/2.3.0.1/jaxb-core-2.3.0.1.jar:/home/user/.m2/repository/javax/xml/bind/jaxb-api/2.3.0/jaxb-api-2.3.0.jar:/home/user/.m2/repository/javax/activation/activation/1.1.1/activation-1.1.1.jar:/home/user/.m2/repository/org/openjdk/jmh/jmh-core/1.19/jmh-core-1.19.jar:/home/user/.m2/repository/net/sf/jopt-simple/jopt-simple/4.6/jopt-simple-4.6.jar:/home/user/.m2/repository/org/openjdk/jmh/jmh-generator-annprocess/1.19/jmh-generator-annprocess-1.19.jar:/home/user/.m2/repository/io/dropwizard/metrics/metrics-core/3.2.4/metrics-core-3.2.4.jar:/home/user/.m2/repository/com/amazonaws/aws-java-sdk-s3/1.11.615/aws-java-sdk-s3-1.11.615.jar:/home/user/.m2/repository/com/amazonaws/aws-java-sdk-kms/1.11.615/aws-java-sdk-kms-1.11.615.jar:/home/user/.m2/repository/com/amazonaws/aws-java-sdk-core/1.11.615/aws-java-sdk-core-1.11.615.jar:/home/user/.m2/repository/software/amazon/ion/ion-java/1.0.2/ion-java-1.0.2.jar:/home/user/.m2/repository/com/fasterxml/jackson/dataformat/jackson-dataformat-cbor/2.9.9/jackson-dataformat-cbor-2.9.9.jar:/home/user/.m2/repository/joda-time/joda-time/2.9.9/joda-time-2.9.9.jar:/home/user/.m2/repository/com/amazonaws/jmespath-java/1.11.615/jmespath-java-1.11.615.jar:/home/user/.m2/repository/com/github/spotbugs/spotbugs/3.1.12/spotbugs-3.1.12.jar:/home/user/.m2/repository/org/ow2/asm/asm/5.0.4/asm-5.0.4.jar:/home/user/.m2/repository/org/ow2/asm/asm-analysis/7.0/asm-analysis-7.0.jar:/home/user/.m2/repository/org/ow2/asm/asm-commons/7.0/asm-commons-7.0.jar:/home/user/.m2/repository/org/ow2/asm/asm-tree/7.0/asm-tree-7.0.jar:/home/user/.m2/repository/org/ow2/asm/asm-util/7.0/asm-util-7.0.jar:/home/user/.m2/repository/org/apache/bcel/bcel/6.3/bcel-6.3.jar:/home/user/.m2/repository/net/jcip/jcip-annotations/1.0/jcip-annotations-1.0.jar:/home/user/.m2/repository/org/dom4j/dom4j/2.1.1/dom4j-2.1.1.jar:/home/user/.m2/repository/jaxen/jaxen/1.1.6/jaxen-1.1.6.jar:/home/user/.m2/repository/commons-lang/commons-lang/2.6/commons-lang-2.6.jar:/home/user/.m2/repository/com/github/spotbugs/spotbugs-annotations/3.1.12/spotbugs-annotations-3.1.12.jar:/home/user/.m2/repository/junit/junit/4.11/junit-4.11.jar:/home/user/.m2/repository/org/hamcrest/hamcrest-core/1.3/hamcrest-core-1.3.jar:/home/user/.m2/repository/org/apache/hadoop/hadoop-common/3.2.0/hadoop-common-3.2.0-tests.jar:/workdir/hadoop-ozone/integration-test/target/test-classes:/home/user/.m2/repository/org/apache/hadoop/hadoop-ozone-s3gateway/0.5.0-SNAPSHOT/hadoop-ozone-s3gateway-0.5.0-SNAPSHOT.jar:/home/user/.m2/repository/org/jboss/weld/servlet/weld-servlet/2.4.7.Final/weld-servlet-2.4.7.Final.jar:/home/user/.m2/repository/org/glassfish/jersey/containers/jersey-container-servlet-core/2.27/jersey-container-servlet-core-2.27.jar:/home/user/.m2/repository/org/glassfish/hk2/external/javax.inject/2.5.0-b42/javax.inject-2.5.0-b42.jar:/home/user/.m2/repository/org/glassfish/jersey/core/jersey-common/2.27/jersey-common-2.27.jar:/home/user/.m2/repository/org/glassfish/hk2/osgi-resource-locator/1.0.1/osgi-resource-locator-1.0.1.jar:/home/user/.m2/repository/javax/ws/rs/javax.ws.rs-api/2.1/javax.ws.rs-api-2.1.jar:/home/user/.m2/repository/org/glassfish/jersey/ext/cdi/jersey-cdi1x/2.27/jersey-cdi1x-2.27.jar:/home/user/.m2/repository/org/glassfish/jersey/inject/jersey-hk2/2.27/jersey-hk2-2.27.jar:/home/user/.m2/repository/org/glassfish/hk2/hk2-locator/2.5.0-b42/hk2-locator-2.5.0-b42.jar:/home/user/.m2/repository/org/javassist/javassist/3.22.0-CR2/javassist-3.22.0-CR2.jar:/home/user/.m2/repository/org/glassfish/hk2/hk2-api/2.5.0/hk2-api-2.5.0.jar:/home/user/.m2/repository/org/glassfish/hk2/external/jakarta.inject/2.5.0/jakarta.inject-2.5.0.jar:/home/user/.m2/repository/org/glassfish/hk2/hk2-utils/2.5.0/hk2-utils-2.5.0.jar:/home/user/.m2/repository/jakarta/annotation/jakarta.annotation-api/1.3.4/jakarta.annotation-api-1.3.4.jar:/home/user/.m2/repository/org/glassfish/hk2/external/aopalliance-repackaged/2.5.0/aopalliance-repackaged-2.5.0.jar:/home/user/.m2/repository/com/fasterxml/jackson/dataformat/jackson-dataformat-xml/2.9.0/jackson-dataformat-xml-2.9.0.jar:/home/user/.m2/repository/com/fasterxml/jackson/module/jackson-module-jaxb-annotations/2.9.9/jackson-module-jaxb-annotations-2.9.9.jar:/home/user/.m2/repository/javax/enterprise/cdi-api/1.2/cdi-api-1.2.jar:/home/user/.m2/repository/javax/el/javax.el-api/3.0.0/javax.el-api-3.0.0.jar:/home/user/.m2/repository/javax/interceptor/javax.interceptor-api/1.2/javax.interceptor-api-1.2.jar:/home/user/.m2/repository/javax/inject/javax.inject/1/javax.inject-1.jar:/home/user/.m2/repository/org/apache/hadoop/hadoop-ozone-csi/0.5.0-SNAPSHOT/hadoop-ozone-csi-0.5.0-SNAPSHOT.jar:/home/user/.m2/repository/com/google/protobuf/protobuf-java-util/3.5.1/protobuf-java-util-3.5.1.jar:/home/user/.m2/repository/io/grpc/grpc-netty/1.17.1/grpc-netty-1.17.1.jar:/home/user/.m2/repository/io/grpc/grpc-core/1.17.1/grpc-core-1.17.1.jar:/home/user/.m2/repository/io/grpc/grpc-context/1.17.1/grpc-context-1.17.1.jar:/home/user/.m2/repository/com/google/errorprone/error_prone_annotations/2.2.0/error_prone_annotations-2.2.0.jar:/home/user/.m2/repository/org/codehaus/mojo/animal-sniffer-annotations/1.17/animal-sniffer-annotations-1.17.jar:/home/user/.m2/repository/io/opencensus/opencensus-api/0.17.0/opencensus-api-0.17.0.jar:/home/user/.m2/repository/io/opencensus/opencensus-contrib-grpc-metrics/0.17.0/opencensus-contrib-grpc-metrics-0.17.0.jar:/home/user/.m2/repository/io/netty/netty-codec-http2/4.1.30.Final/netty-codec-http2-4.1.30.Final.jar:/home/user/.m2/repository/io/netty/netty-codec-http/4.1.30.Final/netty-codec-http-4.1.30.Final.jar:/home/user/.m2/repository/io/netty/netty-codec/4.1.30.Final/netty-codec-4.1.30.Final.jar:/home/user/.m2/repository/io/netty/netty-handler/4.1.30.Final/netty-handler-4.1.30.Final.jar:/home/user/.m2/repository/io/netty/netty-handler-proxy/4.1.30.Final/netty-handler-proxy-4.1.30.Final.jar:/home/user/.m2/repository/io/netty/netty-codec-socks/4.1.30.Final/netty-codec-socks-4.1.30.Final.jar:/home/user/.m2/repository/io/netty/netty-transport-native-epoll/4.1.30.Final/netty-transport-native-epoll-4.1.30.Final.jar:/home/user/.m2/repository/io/netty/netty-common/4.1.30.Final/netty-common-4.1.30.Final.jar:/home/user/.m2/repository/io/netty/netty-buffer/4.1.30.Final/netty-buffer-4.1.30.Final.jar:/home/user/.m2/repository/io/netty/netty-transport/4.1.30.Final/netty-transport-4.1.30.Final.jar:/home/user/.m2/repository/io/netty/netty-resolver/4.1.30.Final/netty-resolver-4.1.30.Final.jar:/home/user/.m2/repository/io/netty/netty-transport-native-unix-common/4.1.30.Final/netty-transport-native-unix-common-4.1.30.Final.jar:/home/user/.m2/repository/io/grpc/grpc-protobuf/1.17.1/grpc-protobuf-1.17.1.jar:/home/user/.m2/repository/com/google/api/grpc/proto-google-common-protos/1.0.0/proto-google-common-protos-1.0.0.jar:/home/user/.m2/repository/io/grpc/grpc-protobuf-lite/1.17.1/grpc-protobuf-lite-1.17.1.jar:/home/user/.m2/repository/io/grpc/grpc-stub/1.17.1/grpc-stub-1.17.1.jar:/home/user/.m2/repository/org/apache/hadoop/hadoop-ozone-recon/0.5.0-SNAPSHOT/hadoop-ozone-recon-0.5.0-SNAPSHOT.jar:/home/user/.m2/repository/org/apache/hadoop/hadoop-ozone-reconcodegen/0.5.0-SNAPSHOT/hadoop-ozone-reconcodegen-0.5.0-SNAPSHOT.jar:/home/user/.m2/repository/com/google/inject/extensions/guice-multibindings/4.0/guice-multibindings-4.0.jar:/home/user/.m2/repository/com/google/inject/guice/4.0/guice-4.0.jar:/home/user/.m2/repository/aopalliance/aopalliance/1.0/aopalliance-1.0.jar:/home/user/.m2/repository/com/google/inject/extensions/guice-servlet/4.0/guice-servlet-4.0.jar:/home/user/.m2/repository/org/glassfish/jersey/containers/jersey-container-servlet/2.27/jersey-container-servlet-2.27.jar:/home/user/.m2/repository/org/glassfish/hk2/guice-bridge/2.5.0/guice-bridge-2.5.0.jar:/home/user/.m2/repository/org/glassfish/jersey/core/jersey-server/2.27/jersey-server-2.27.jar:/home/user/.m2/repository/org/glassfish/jersey/core/jersey-client/2.27/jersey-client-2.27.jar:/home/user/.m2/repository/org/glassfish/jersey/media/jersey-media-jaxb/2.27/jersey-media-jaxb-2.27.jar:/home/user/.m2/repository/javax/validation/validation-api/1.1.0.Final/validation-api-1.1.0.Final.jar:/home/user/.m2/repository/org/glassfish/jersey/media/jersey-media-json-jackson/2.27/jersey-media-json-jackson-2.27.jar:/home/user/.m2/repository/org/glassfish/jersey/ext/jersey-entity-filtering/2.27/jersey-entity-filtering-2.27.jar:/home/user/.m2/repository/com/google/inject/extensions/guice-assistedinject/4.0/guice-assistedinject-4.0.jar:/home/user/.m2/repository/org/jooq/jooq/3.11.10/jooq-3.11.10.jar:/home/user/.m2/repository/org/jooq/jooq-meta/3.11.10/jooq-meta-3.11.10.jar:/home/user/.m2/repository/org/jooq/jooq-codegen/3.11.10/jooq-codegen-3.11.10.jar:/home/user/.m2/repository/com/jolbox/bonecp/0.8.0.RELEASE/bonecp-0.8.0.RELEASE.jar:/home/user/.m2/repository/org/springframework/spring-jdbc/5.1.3.RELEASE/spring-jdbc-5.1.3.RELEASE.jar:/home/user/.m2/repository/org/springframework/spring-beans/5.1.3.RELEASE/spring-beans-5.1.3.RELEASE.jar:/home/user/.m2/repository/org/springframework/spring-core/5.1.3.RELEASE/spring-core-5.1.3.RELEASE.jar:/home/user/.m2/repository/org/springframework/spring-jcl/5.1.3.RELEASE/spring-jcl-5.1.3.RELEASE.jar:/home/user/.m2/repository/org/springframework/spring-tx/5.1.3.RELEASE/spring-tx-5.1.3.RELEASE.jar:/home/user/.m2/repository/org/mockito/mockito-core/2.15.0/mockito-core-2.15.0.jar:/home/user/.m2/repository/net/bytebuddy/byte-buddy/1.7.9/byte-buddy-1.7.9.jar:/home/user/.m2/repository/net/bytebuddy/byte-buddy-agent/1.7.9/byte-buddy-agent-1.7.9.jar:/home/user/.m2/repository/org/objenesis/objenesis/1.0/objenesis-1.0.jar:"/>
    <property name="sun.cpu.endian" value="little"/>
    <property name="user.home" value="/home/user"/>
    <property name="user.language" value="en"/>
    <property name="java.specification.vendor" value="Oracle Corporation"/>
    <property name="java.home" value="/usr/lib/jvm/java-1.8.0-openjdk-1.8.0.222.b10-1.el7_7.x86_64/jre"/>
    <property name="surefire.excludesFile" value="/tools/ozone-bad-unit-tests"/>
    <property name="java.security.krb5.conf" value="/workdir/hadoop-ozone/tools/target/test-classes/krb5.conf"/>
    <property name="basedir" value="/workdir/hadoop-ozone/tools"/>
    <property name="file.separator" value="/"/>
    <property name="line.separator" value="&#10;"/>
    <property name="java.vm.specification.vendor" value="Oracle Corporation"/>
    <property name="java.specification.name" value="Java Platform API Specification"/>
    <property name="java.awt.graphicsenv" value="sun.awt.X11GraphicsEnvironment"/>
    <property name="surefire.real.class.path" value="/workdir/hadoop-ozone/tools/target/surefire/surefirebooter6714611642421259802.jar"/>
    <property name="hadoop.log.dir" value="/workdir/hadoop-ozone/tools/target/log"/>
    <property name="sun.boot.class.path" value="/usr/lib/jvm/java-1.8.0-openjdk-1.8.0.222.b10-1.el7_7.x86_64/jre/lib/resources.jar:/usr/lib/jvm/java-1.8.0-openjdk-1.8.0.222.b10-1.el7_7.x86_64/jre/lib/rt.jar:/usr/lib/jvm/java-1.8.0-openjdk-1.8.0.222.b10-1.el7_7.x86_64/jre/lib/sunrsasign.jar:/usr/lib/jvm/java-1.8.0-openjdk-1.8.0.222.b10-1.el7_7.x86_64/jre/lib/jsse.jar:/usr/lib/jvm/java-1.8.0-openjdk-1.8.0.222.b10-1.el7_7.x86_64/jre/lib/jce.jar:/usr/lib/jvm/java-1.8.0-openjdk-1.8.0.222.b10-1.el7_7.x86_64/jre/lib/charsets.jar:/usr/lib/jvm/java-1.8.0-openjdk-1.8.0.222.b10-1.el7_7.x86_64/jre/lib/jfr.jar:/usr/lib/jvm/java-1.8.0-openjdk-1.8.0.222.b10-1.el7_7.x86_64/jre/classes"/>
    <property name="sun.management.compiler" value="HotSpot 64-Bit Tiered Compilers"/>
    <property name="java.runtime.version" value="1.8.0_222-b10"/>
    <property name="java.net.preferIPv4Stack" value="true"/>
    <property name="user.name" value="jenkins1000"/>
    <property name="path.separator" value=":"/>
    <property name="java.security.egd" value="file:///dev/urandom"/>
    <property name="os.version" value="3.10.0-957.12.2.el7.x86_64"/>
    <property name="java.endorsed.dirs" value="/usr/lib/jvm/java-1.8.0-openjdk-1.8.0.222.b10-1.el7_7.x86_64/jre/lib/endorsed"/>
    <property name="java.runtime.name" value="OpenJDK Runtime Environment"/>
    <property name="file.encoding" value="ANSI_X3.4-1968"/>
    <property name="java.vm.name" value="OpenJDK 64-Bit Server VM"/>
    <property name="test.build.webapps" value=""/>
    <property name="localRepository" value="/home/user/.m2/repository"/>
    <property name="java.vendor.url.bug" value="http://bugreport.sun.com/bugreport/"/>
    <property name="java.io.tmpdir" value="/tmp"/>
    <property name="require.test.libhadoop" value=""/>
    <property name="java.version" value="1.8.0_222"/>
    <property name="user.dir" value="/workdir/hadoop-ozone/tools"/>
    <property name="os.arch" value="amd64"/>
    <property name="java.vm.specification.name" value="Java Virtual Machine Specification"/>
    <property name="test.build.classes" value="/workdir/hadoop-ozone/tools/target/test-classes"/>
    <property name="java.awt.printerjob" value="sun.print.PSPrinterJob"/>
    <property name="sun.os.patch.level" value="unknown"/>
    <property name="hadoop.tmp.dir" value="/workdir/hadoop-ozone/tools/target/tmp"/>
    <property name="java.library.path" value="/usr/lib:/workdir/hadoop-ozone/tools/target/native/target/usr/local/lib:/workdir/hadoop-ozone/tools/../../hadoop-common-project/hadoop-common/target/native/target/usr/local/lib:/usr/java/packages/lib/amd64:/usr/lib64:/lib64:/lib:/usr/lib"/>
    <property name="java.vm.info" value="mixed mode"/>
    <property name="java.vendor" value="Oracle Corporation"/>
    <property name="java.vm.version" value="25.222-b10"/>
    <property name="java.ext.dirs" value="/usr/lib/jvm/java-1.8.0-openjdk-1.8.0.222.b10-1.el7_7.x86_64/jre/lib/ext:/usr/java/packages/lib/ext"/>
    <property name="sun.io.unicode.encoding" value="UnicodeLittle"/>
    <property name="java.class.version" value="52.0"/>
  </properties>
  <testcase name="testRestart" classname="org.apache.hadoop.ozone.freon.TestFreonWithPipelineDestroy" time="19.682">
    <error message="INTERNAL_ERROR org.apache.hadoop.ozone.om.exceptions.OMException: Allocated 0 blocks. Requested 5 blocks" type="java.lang.RuntimeException">java.lang.RuntimeException: INTERNAL_ERROR org.apache.hadoop.ozone.om.exceptions.OMException: Allocated 0 blocks. Requested 5 blocks
	at org.apache.hadoop.ozone.freon.RandomKeyGenerator.call(RandomKeyGenerator.java:341)
	at org.apache.hadoop.ozone.freon.TestFreonWithPipelineDestroy.startFreon(TestFreonWithPipelineDestroy.java:87)
	at org.apache.hadoop.ozone.freon.TestFreonWithPipelineDestroy.testRestart(TestFreonWithPipelineDestroy.java:74)
	at sun.reflect.NativeMethodAccessorImpl.invoke0(Native Method)
	at sun.reflect.NativeMethodAccessorImpl.invoke(NativeMethodAccessorImpl.java:62)
	at sun.reflect.DelegatingMethodAccessorImpl.invoke(DelegatingMethodAccessorImpl.java:43)
	at java.lang.reflect.Method.invoke(Method.java:498)
	at org.junit.runners.model.FrameworkMethod$1.runReflectiveCall(FrameworkMethod.java:47)
	at org.junit.internal.runners.model.ReflectiveCallable.run(ReflectiveCallable.java:12)
	at org.junit.runners.model.FrameworkMethod.invokeExplosively(FrameworkMethod.java:44)
	at org.junit.internal.runners.statements.InvokeMethod.evaluate(InvokeMethod.java:17)
	at org.junit.runners.ParentRunner.runLeaf(ParentRunner.java:271)
	at org.junit.runners.BlockJUnit4ClassRunner.runChild(BlockJUnit4ClassRunner.java:70)
	at org.junit.runners.BlockJUnit4ClassRunner.runChild(BlockJUnit4ClassRunner.java:50)
	at org.junit.runners.ParentRunner$3.run(ParentRunner.java:238)
	at org.junit.runners.ParentRunner$1.schedule(ParentRunner.java:63)
	at org.junit.runners.ParentRunner.runChildren(ParentRunner.java:236)
	at org.junit.runners.ParentRunner.access$000(ParentRunner.java:53)
	at org.junit.runners.ParentRunner$2.evaluate(ParentRunner.java:229)
	at org.junit.internal.runners.statements.RunBefores.evaluate(RunBefores.java:26)
	at org.junit.internal.runners.statements.RunAfters.evaluate(RunAfters.java:27)
	at org.junit.runners.ParentRunner.run(ParentRunner.java:309)
	at org.apache.maven.surefire.junit4.JUnit4Provider.execute(JUnit4Provider.java:365)
	at org.apache.maven.surefire.junit4.JUnit4Provider.executeWithRerun(JUnit4Provider.java:273)
	at org.apache.maven.surefire.junit4.JUnit4Provider.executeTestSet(JUnit4Provider.java:238)
	at org.apache.maven.surefire.junit4.JUnit4Provider.invoke(JUnit4Provider.java:159)
	at org.apache.maven.surefire.booter.ForkedBooter.invokeProviderInSameClassLoader(ForkedBooter.java:384)
	at org.apache.maven.surefire.booter.ForkedBooter.runSuitesInProcess(ForkedBooter.java:345)
	at org.apache.maven.surefire.booter.ForkedBooter.execute(ForkedBooter.java:126)
	at org.apache.maven.surefire.booter.ForkedBooter.main(ForkedBooter.java:418)
Caused by: INTERNAL_ERROR org.apache.hadoop.ozone.om.exceptions.OMException: Allocated 0 blocks. Requested 5 blocks
	at org.apache.hadoop.ozone.om.protocolPB.OzoneManagerProtocolClientSideTranslatorPB.handleError(OzoneManagerProtocolClientSideTranslatorPB.java:758)
	at org.apache.hadoop.ozone.om.protocolPB.OzoneManagerProtocolClientSideTranslatorPB.openKey(OzoneManagerProtocolClientSideTranslatorPB.java:749)
	at sun.reflect.NativeMethodAccessorImpl.invoke0(Native Method)
	at sun.reflect.NativeMethodAccessorImpl.invoke(NativeMethodAccessorImpl.java:62)
	at sun.reflect.DelegatingMethodAccessorImpl.invoke(DelegatingMethodAccessorImpl.java:43)
	at java.lang.reflect.Method.invoke(Method.java:498)
	at org.apache.hadoop.hdds.tracing.TraceAllMethod.invoke(TraceAllMethod.java:66)
	at com.sun.proxy.$Proxy37.openKey(Unknown Source)
	at org.apache.hadoop.ozone.client.rpc.RpcClient.createKey(RpcClient.java:633)
	at org.apache.hadoop.ozone.client.OzoneBucket.createKey(OzoneBucket.java:325)
	at org.apache.hadoop.ozone.freon.RandomKeyGenerator.createKey(RandomKeyGenerator.java:697)
	at org.apache.hadoop.ozone.freon.RandomKeyGenerator.access$1100(RandomKeyGenerator.java:88)
	at org.apache.hadoop.ozone.freon.RandomKeyGenerator$ObjectCreator.run(RandomKeyGenerator.java:615)
	at java.util.concurrent.Executors$RunnableAdapter.call(Executors.java:511)
	at java.util.concurrent.FutureTask.run(FutureTask.java:266)
	at java.util.concurrent.ThreadPoolExecutor.runWorker(ThreadPoolExecutor.java:1149)
	at java.util.concurrent.ThreadPoolExecutor$Worker.run(ThreadPoolExecutor.java:624)
	at java.lang.Thread.run(Thread.java:748)
</error>
    <system-out><![CDATA[2019-11-06 22:00:30,880 [main] WARN  server.ServerUtils (ServerUtils.java:getScmDbDir(145)) - ozone.scm.db.dirs is not configured. We recommend adding this setting. Falling back to ozone.metadata.dirs instead.
2019-11-06 22:00:31,014 [main] WARN  server.ServerUtils (ServerUtils.java:getScmDbDir(145)) - ozone.scm.db.dirs is not configured. We recommend adding this setting. Falling back to ozone.metadata.dirs instead.
2019-11-06 22:00:31,017 [main] WARN  server.ServerUtils (ServerUtils.java:getScmDbDir(145)) - ozone.scm.db.dirs is not configured. We recommend adding this setting. Falling back to ozone.metadata.dirs instead.
2019-11-06 22:00:31,043 [main] INFO  util.log (Log.java:initialized(192)) - Logging initialized @894ms
2019-11-06 22:00:31,139 [main] INFO  db.DBStoreBuilder (DBStoreBuilder.java:addTable(127)) - using custom profile for table: deletedBlocks
2019-11-06 22:00:31,139 [main] INFO  db.DBStoreBuilder (DBStoreBuilder.java:processTables(183)) - Using default column profile:DBProfile.DISK for Table:deletedBlocks
2019-11-06 22:00:31,140 [main] INFO  db.DBStoreBuilder (DBStoreBuilder.java:addTable(127)) - using custom profile for table: validCerts
2019-11-06 22:00:31,140 [main] INFO  db.DBStoreBuilder (DBStoreBuilder.java:processTables(183)) - Using default column profile:DBProfile.DISK for Table:validCerts
2019-11-06 22:00:31,140 [main] INFO  db.DBStoreBuilder (DBStoreBuilder.java:addTable(127)) - using custom profile for table: revokedCerts
2019-11-06 22:00:31,141 [main] INFO  db.DBStoreBuilder (DBStoreBuilder.java:processTables(183)) - Using default column profile:DBProfile.DISK for Table:revokedCerts
2019-11-06 22:00:31,152 [main] INFO  db.DBStoreBuilder (DBStoreBuilder.java:addTable(127)) - using custom profile for table: default
2019-11-06 22:00:31,152 [main] INFO  db.DBStoreBuilder (DBStoreBuilder.java:processTables(189)) - Using default column profile:DBProfile.DISK for Table:default
2019-11-06 22:00:31,154 [main] INFO  db.DBStoreBuilder (DBStoreBuilder.java:getDbProfile(220)) - Using default options. DBProfile.DISK
2019-11-06 22:00:31,522 [main] INFO  net.NodeSchemaLoader (NodeSchemaLoader.java:loadSchemaFromFile(125)) - Loading file from sun.misc.CompoundEnumeration@618b19ad
2019-11-06 22:00:31,524 [main] INFO  net.NodeSchemaLoader (NodeSchemaLoader.java:loadSchema(171)) - Loading network topology layer schema file
2019-11-06 22:00:31,588 [main] INFO  node.SCMNodeManager (SCMNodeManager.java:<init>(116)) - Entering startup safe mode.
2019-11-06 22:00:31,656 [main] INFO  algorithms.ContainerPlacementPolicyFactory (ContainerPlacementPolicyFactory.java:getPolicy(57)) - Create container placement policy of type org.apache.hadoop.hdds.scm.container.placement.algorithms.SCMContainerPlacementRandom
2019-11-06 22:00:31,670 [main] WARN  server.ServerUtils (ServerUtils.java:getScmDbDir(145)) - ozone.scm.db.dirs is not configured. We recommend adding this setting. Falling back to ozone.metadata.dirs instead.
2019-11-06 22:00:31,794 [main] INFO  pipeline.SCMPipelineManager (SCMPipelineManager.java:initializePipelineState(132)) - No pipeline exists in current db
2019-11-06 22:00:31,797 [main] WARN  server.ServerUtils (ServerUtils.java:getScmDbDir(145)) - ozone.scm.db.dirs is not configured. We recommend adding this setting. Falling back to ozone.metadata.dirs instead.
2019-11-06 22:00:31,957 [main] WARN  events.EventQueue (EventQueue.java:fireEvent(183)) - No event handler registered for event TypedEvent{payloadType=SafeModeStatus, name='SafeModeStatus'}
2019-11-06 22:00:32,303 [main] INFO  ipc.CallQueueManager (CallQueueManager.java:<init>(84)) - Using callQueue: class java.util.concurrent.LinkedBlockingQueue, queueCapacity: 2000, scheduler: class org.apache.hadoop.ipc.DefaultRpcScheduler, ipcBackoff: false.
2019-11-06 22:00:32,328 [Socket Reader #1 for port 42747] INFO  ipc.Server (Server.java:run(1074)) - Starting Socket Reader #1 for port 42747
2019-11-06 22:00:32,469 [main] INFO  ipc.CallQueueManager (CallQueueManager.java:<init>(84)) - Using callQueue: class java.util.concurrent.LinkedBlockingQueue, queueCapacity: 2000, scheduler: class org.apache.hadoop.ipc.DefaultRpcScheduler, ipcBackoff: false.
2019-11-06 22:00:32,471 [Socket Reader #1 for port 38736] INFO  ipc.Server (Server.java:run(1074)) - Starting Socket Reader #1 for port 38736
2019-11-06 22:00:32,481 [main] INFO  ipc.CallQueueManager (CallQueueManager.java:<init>(84)) - Using callQueue: class java.util.concurrent.LinkedBlockingQueue, queueCapacity: 2000, scheduler: class org.apache.hadoop.ipc.DefaultRpcScheduler, ipcBackoff: false.
2019-11-06 22:00:32,482 [Socket Reader #1 for port 42989] INFO  ipc.Server (Server.java:run(1074)) - Starting Socket Reader #1 for port 42989
2019-11-06 22:00:32,512 [main] INFO  hdfs.DFSUtil (DFSUtil.java:httpServerTemplateForNNAndJN(1641)) - Starting Web-server for scm at: http://0.0.0.0:0
2019-11-06 22:00:32,634 [main] INFO  server.AuthenticationFilter (AuthenticationFilter.java:constructSecretProvider(240)) - Unable to initialize FileSignerSecretProvider, falling back to use random secrets.
2019-11-06 22:00:32,649 [main] WARN  http.HttpRequestLog (HttpRequestLog.java:getRequestLog(97)) - Jetty request log can only be enabled using Log4j
2019-11-06 22:00:32,658 [main] INFO  http.HttpServer2 (HttpServer2.java:addGlobalFilter(975)) - Added global filter 'safety' (class=org.apache.hadoop.http.HttpServer2$QuotingInputFilter)
2019-11-06 22:00:32,660 [main] INFO  http.HttpServer2 (HttpServer2.java:addFilter(948)) - Added filter static_user_filter (class=org.apache.hadoop.http.lib.StaticUserWebFilter$StaticUserFilter) to context scm
2019-11-06 22:00:32,661 [main] INFO  http.HttpServer2 (HttpServer2.java:addFilter(958)) - Added filter static_user_filter (class=org.apache.hadoop.http.lib.StaticUserWebFilter$StaticUserFilter) to context static
2019-11-06 22:00:32,661 [main] INFO  http.HttpServer2 (HttpServer2.java:addFilter(958)) - Added filter static_user_filter (class=org.apache.hadoop.http.lib.StaticUserWebFilter$StaticUserFilter) to context logs
2019-11-06 22:00:32,687 [main] INFO  server.StorageContainerManager (StorageContainerManager.java:start(764)) - StorageContainerLocationProtocol RPC server is listening at /0.0.0.0:42989
2019-11-06 22:00:32,738 [main] WARN  impl.MetricsConfig (MetricsConfig.java:loadFirst(134)) - Cannot locate configuration: tried hadoop-metrics2-storagecontainermanager.properties,hadoop-metrics2.properties
2019-11-06 22:00:32,751 [main] INFO  impl.MetricsSystemImpl (MetricsSystemImpl.java:startTimer(374)) - Scheduled Metric snapshot period at 10 second(s).
2019-11-06 22:00:32,751 [main] INFO  impl.MetricsSystemImpl (MetricsSystemImpl.java:start(191)) - StorageContainerManager metrics system started
2019-11-06 22:00:32,970 [main] INFO  server.SCMClientProtocolServer (SCMClientProtocolServer.java:start(159)) - RPC server for Client  is listening at /0.0.0.0:42989
2019-11-06 22:00:32,971 [IPC Server Responder] INFO  ipc.Server (Server.java:run(1314)) - IPC Server Responder: starting
2019-11-06 22:00:32,971 [IPC Server listener on 42989] INFO  ipc.Server (Server.java:run(1153)) - IPC Server listener on 42989: starting
2019-11-06 22:00:32,974 [main] INFO  server.StorageContainerManager (StorageContainerManager.java:start(774)) - ScmBlockLocationProtocol RPC server is listening at /0.0.0.0:38736
2019-11-06 22:00:32,975 [main] INFO  server.SCMBlockProtocolServer (SCMBlockProtocolServer.java:start(146)) - RPC server for Block Protocol is listening at /0.0.0.0:38736
2019-11-06 22:00:32,975 [IPC Server Responder] INFO  ipc.Server (Server.java:run(1314)) - IPC Server Responder: starting
2019-11-06 22:00:32,975 [IPC Server listener on 38736] INFO  ipc.Server (Server.java:run(1153)) - IPC Server listener on 38736: starting
2019-11-06 22:00:32,978 [main] INFO  server.StorageContainerManager (StorageContainerManager.java:start(778)) - ScmDatanodeProtocl RPC server is listening at /0.0.0.0:42747
2019-11-06 22:00:32,978 [main] INFO  server.SCMDatanodeProtocolServer (SCMDatanodeProtocolServer.java:start(169)) - RPC server for DataNodes is listening at /0.0.0.0:42747
2019-11-06 22:00:32,979 [IPC Server Responder] INFO  ipc.Server (Server.java:run(1314)) - IPC Server Responder: starting
2019-11-06 22:00:32,979 [IPC Server listener on 42747] INFO  ipc.Server (Server.java:run(1153)) - IPC Server listener on 42747: starting
2019-11-06 22:00:32,982 [main] INFO  http.HttpServer2 (HttpServer2.java:bindListener(1191)) - Jetty bound to port 33564
2019-11-06 22:00:32,984 [main] INFO  server.Server (Server.java:doStart(351)) - jetty-9.3.25.v20180904, build timestamp: 2018-09-04T21:11:46Z, git hash: 3ce520221d0240229c862b122d2b06c12a625732
2019-11-06 22:00:33,018 [main] INFO  handler.ContextHandler (ContextHandler.java:doStart(781)) - Started o.e.j.s.ServletContextHandler@293a5f75{/logs,file:///workdir/hadoop-ozone/tools/target/log,AVAILABLE}
2019-11-06 22:00:33,018 [main] INFO  handler.ContextHandler (ContextHandler.java:doStart(781)) - Started o.e.j.s.ServletContextHandler@2dd29a59{/static,jar:file:/home/user/.m2/repository/org/apache/hadoop/hadoop-hdds-server-scm/0.5.0-SNAPSHOT/hadoop-hdds-server-scm-0.5.0-SNAPSHOT.jar!/webapps/static,AVAILABLE}
2019-11-06 22:00:33,090 [main] INFO  handler.ContextHandler (ContextHandler.java:doStart(781)) - Started o.e.j.w.WebAppContext@6815c5f2{/,file:///tmp/jetty-0.0.0.0-33564-scm-_-any-1745345110522706339.dir/webapp/,AVAILABLE}{/scm}
2019-11-06 22:00:33,095 [main] INFO  server.AbstractConnector (AbstractConnector.java:doStart(278)) - Started ServerConnector@7689ddef{HTTP/1.1,[http/1.1]}{0.0.0.0:33564}
2019-11-06 22:00:33,095 [main] INFO  server.Server (Server.java:doStart(419)) - Started @2946ms
2019-11-06 22:00:33,097 [main] INFO  impl.MetricsSinkAdapter (MetricsSinkAdapter.java:start(204)) - Sink prometheus started
2019-11-06 22:00:33,097 [main] INFO  impl.MetricsSystemImpl (MetricsSystemImpl.java:registerSink(301)) - Registered sink prometheus
2019-11-06 22:00:33,099 [main] INFO  server.BaseHttpServer (BaseHttpServer.java:updateConnectorAddress(215)) - HTTP server of SCM is listening at http://0.0.0.0:33564
2019-11-06 22:00:33,109 [org.apache.hadoop.util.JvmPauseMonitor$Monitor@27eb3298] INFO  util.JvmPauseMonitor (JvmPauseMonitor.java:run(188)) - Starting JVM pause monitor
2019-11-06 22:00:33,113 [main] WARN  server.ServerUtils (ServerUtils.java:getDBPath(222)) - ozone.om.db.dirs is not configured. We recommend adding this setting. Falling back to ozone.metadata.dirs instead.
2019-11-06 22:00:33,242 [main] INFO  ha.OMHANodeDetails (OMHANodeDetails.java:loadOMHAConfig(190)) - Configuration either no ozone.om.address set. Falling back to the default OM address /127.0.0.1:0
2019-11-06 22:00:33,243 [main] INFO  ha.OMHANodeDetails (OMHANodeDetails.java:getOMNodeDetails(220)) - OM Service ID is not set. Setting it to the default ID: omServiceIdDefault
2019-11-06 22:00:33,244 [main] WARN  server.ServerUtils (ServerUtils.java:getDBPath(222)) - ozone.om.db.dirs is not configured. We recommend adding this setting. Falling back to ozone.metadata.dirs instead.
2019-11-06 22:00:33,245 [main] WARN  server.ServerUtils (ServerUtils.java:getDBPath(222)) - ozone.om.db.dirs is not configured. We recommend adding this setting. Falling back to ozone.metadata.dirs instead.
2019-11-06 22:00:33,907 [main] WARN  server.ServerUtils (ServerUtils.java:getDBPath(222)) - ozone.om.db.dirs is not configured. We recommend adding this setting. Falling back to ozone.metadata.dirs instead.
2019-11-06 22:00:33,915 [main] INFO  db.DBStoreBuilder (DBStoreBuilder.java:addTable(127)) - using custom profile for table: userTable
2019-11-06 22:00:33,915 [main] INFO  db.DBStoreBuilder (DBStoreBuilder.java:processTables(183)) - Using default column profile:DBProfile.DISK for Table:userTable
2019-11-06 22:00:33,916 [main] INFO  db.DBStoreBuilder (DBStoreBuilder.java:addTable(127)) - using custom profile for table: volumeTable
2019-11-06 22:00:33,916 [main] INFO  db.DBStoreBuilder (DBStoreBuilder.java:processTables(183)) - Using default column profile:DBProfile.DISK for Table:volumeTable
2019-11-06 22:00:33,917 [main] INFO  db.DBStoreBuilder (DBStoreBuilder.java:addTable(127)) - using custom profile for table: bucketTable
2019-11-06 22:00:33,917 [main] INFO  db.DBStoreBuilder (DBStoreBuilder.java:processTables(183)) - Using default column profile:DBProfile.DISK for Table:bucketTable
2019-11-06 22:00:33,918 [main] INFO  db.DBStoreBuilder (DBStoreBuilder.java:addTable(127)) - using custom profile for table: keyTable
2019-11-06 22:00:33,918 [main] INFO  db.DBStoreBuilder (DBStoreBuilder.java:processTables(183)) - Using default column profile:DBProfile.DISK for Table:keyTable
2019-11-06 22:00:33,918 [main] INFO  db.DBStoreBuilder (DBStoreBuilder.java:addTable(127)) - using custom profile for table: deletedTable
2019-11-06 22:00:33,919 [main] INFO  db.DBStoreBuilder (DBStoreBuilder.java:processTables(183)) - Using default column profile:DBProfile.DISK for Table:deletedTable
2019-11-06 22:00:33,919 [main] INFO  db.DBStoreBuilder (DBStoreBuilder.java:addTable(127)) - using custom profile for table: openKeyTable
2019-11-06 22:00:33,919 [main] INFO  db.DBStoreBuilder (DBStoreBuilder.java:processTables(183)) - Using default column profile:DBProfile.DISK for Table:openKeyTable
2019-11-06 22:00:33,920 [main] INFO  db.DBStoreBuilder (DBStoreBuilder.java:addTable(127)) - using custom profile for table: s3Table
2019-11-06 22:00:33,920 [main] INFO  db.DBStoreBuilder (DBStoreBuilder.java:processTables(183)) - Using default column profile:DBProfile.DISK for Table:s3Table
2019-11-06 22:00:33,921 [main] INFO  db.DBStoreBuilder (DBStoreBuilder.java:addTable(127)) - using custom profile for table: multipartInfoTable
2019-11-06 22:00:33,921 [main] INFO  db.DBStoreBuilder (DBStoreBuilder.java:processTables(183)) - Using default column profile:DBProfile.DISK for Table:multipartInfoTable
2019-11-06 22:00:33,921 [main] INFO  db.DBStoreBuilder (DBStoreBuilder.java:addTable(127)) - using custom profile for table: dTokenTable
2019-11-06 22:00:33,922 [main] INFO  db.DBStoreBuilder (DBStoreBuilder.java:processTables(183)) - Using default column profile:DBProfile.DISK for Table:dTokenTable
2019-11-06 22:00:33,922 [main] INFO  db.DBStoreBuilder (DBStoreBuilder.java:addTable(127)) - using custom profile for table: s3SecretTable
2019-11-06 22:00:33,922 [main] INFO  db.DBStoreBuilder (DBStoreBuilder.java:processTables(183)) - Using default column profile:DBProfile.DISK for Table:s3SecretTable
2019-11-06 22:00:33,923 [main] INFO  db.DBStoreBuilder (DBStoreBuilder.java:addTable(127)) - using custom profile for table: prefixTable
2019-11-06 22:00:33,923 [main] INFO  db.DBStoreBuilder (DBStoreBuilder.java:processTables(183)) - Using default column profile:DBProfile.DISK for Table:prefixTable
2019-11-06 22:00:33,924 [main] INFO  db.DBStoreBuilder (DBStoreBuilder.java:addTable(127)) - using custom profile for table: default
2019-11-06 22:00:33,924 [main] INFO  db.DBStoreBuilder (DBStoreBuilder.java:processTables(189)) - Using default column profile:DBProfile.DISK for Table:default
2019-11-06 22:00:33,924 [main] INFO  db.DBStoreBuilder (DBStoreBuilder.java:getDbProfile(220)) - Using default options. DBProfile.DISK
2019-11-06 22:00:34,684 [main] INFO  ipc.CallQueueManager (CallQueueManager.java:<init>(84)) - Using callQueue: class java.util.concurrent.LinkedBlockingQueue, queueCapacity: 2000, scheduler: class org.apache.hadoop.ipc.DefaultRpcScheduler, ipcBackoff: false.
2019-11-06 22:00:34,685 [Socket Reader #1 for port 41472] INFO  ipc.Server (Server.java:run(1074)) - Starting Socket Reader #1 for port 41472
2019-11-06 22:00:34,718 [main] INFO  om.OzoneManager (OzoneManager.java:start(1076)) - OzoneManager RPC server is listening at localhost/127.0.0.1:41472
2019-11-06 22:00:34,718 [main] INFO  impl.MetricsSystemImpl (MetricsSystemImpl.java:init(158)) - OzoneManager metrics system started (again)
2019-11-06 22:00:34,727 [IPC Server Responder] INFO  ipc.Server (Server.java:run(1314)) - IPC Server Responder: starting
2019-11-06 22:00:34,727 [IPC Server listener on 41472] INFO  ipc.Server (Server.java:run(1153)) - IPC Server listener on 41472: starting
2019-11-06 22:00:34,735 [main] INFO  hdfs.DFSUtil (DFSUtil.java:httpServerTemplateForNNAndJN(1641)) - Starting Web-server for ozoneManager at: http://0.0.0.0:0
2019-11-06 22:00:34,737 [main] INFO  server.AuthenticationFilter (AuthenticationFilter.java:constructSecretProvider(240)) - Unable to initialize FileSignerSecretProvider, falling back to use random secrets.
2019-11-06 22:00:34,738 [main] WARN  http.HttpRequestLog (HttpRequestLog.java:getRequestLog(97)) - Jetty request log can only be enabled using Log4j
2019-11-06 22:00:34,741 [main] INFO  http.HttpServer2 (HttpServer2.java:addGlobalFilter(975)) - Added global filter 'safety' (class=org.apache.hadoop.http.HttpServer2$QuotingInputFilter)
2019-11-06 22:00:34,742 [main] INFO  http.HttpServer2 (HttpServer2.java:addFilter(948)) - Added filter static_user_filter (class=org.apache.hadoop.http.lib.StaticUserWebFilter$StaticUserFilter) to context ozoneManager
2019-11-06 22:00:34,742 [main] INFO  http.HttpServer2 (HttpServer2.java:addFilter(958)) - Added filter static_user_filter (class=org.apache.hadoop.http.lib.StaticUserWebFilter$StaticUserFilter) to context static
2019-11-06 22:00:34,743 [main] INFO  http.HttpServer2 (HttpServer2.java:addFilter(958)) - Added filter static_user_filter (class=org.apache.hadoop.http.lib.StaticUserWebFilter$StaticUserFilter) to context logs
2019-11-06 22:00:34,745 [main] INFO  http.HttpServer2 (HttpServer2.java:bindListener(1191)) - Jetty bound to port 34187
2019-11-06 22:00:34,746 [main] INFO  server.Server (Server.java:doStart(351)) - jetty-9.3.25.v20180904, build timestamp: 2018-09-04T21:11:46Z, git hash: 3ce520221d0240229c862b122d2b06c12a625732
2019-11-06 22:00:34,748 [main] INFO  handler.ContextHandler (ContextHandler.java:doStart(781)) - Started o.e.j.s.ServletContextHandler@73877e19{/logs,file:///workdir/hadoop-ozone/tools/target/log,AVAILABLE}
2019-11-06 22:00:34,749 [main] INFO  handler.ContextHandler (ContextHandler.java:doStart(781)) - Started o.e.j.s.ServletContextHandler@5bfc257{/static,jar:file:/home/user/.m2/repository/org/apache/hadoop/hadoop-ozone-ozone-manager/0.5.0-SNAPSHOT/hadoop-ozone-ozone-manager-0.5.0-SNAPSHOT.jar!/webapps/static,AVAILABLE}
2019-11-06 22:00:34,801 [main] INFO  handler.ContextHandler (ContextHandler.java:doStart(781)) - Started o.e.j.w.WebAppContext@3013909b{/,file:///tmp/jetty-0.0.0.0-34187-ozoneManager-_-any-4161897264937596025.dir/webapp/,AVAILABLE}{/ozoneManager}
2019-11-06 22:00:34,802 [main] INFO  server.AbstractConnector (AbstractConnector.java:doStart(278)) - Started ServerConnector@2a49fe{HTTP/1.1,[http/1.1]}{0.0.0.0:34187}
2019-11-06 22:00:34,803 [main] INFO  server.Server (Server.java:doStart(419)) - Started @4654ms
2019-11-06 22:00:34,803 [main] WARN  impl.MetricsSystemImpl (MetricsSystemImpl.java:register(276)) - Sink prometheus already exists!
2019-11-06 22:00:34,805 [main] INFO  server.BaseHttpServer (BaseHttpServer.java:updateConnectorAddress(215)) - HTTP server of OZONEMANAGER is listening at http://0.0.0.0:34187
2019-11-06 22:00:35,131 [main] INFO  impl.MetricsSystemImpl (MetricsSystemImpl.java:init(158)) - HddsDatanode metrics system started (again)
2019-11-06 22:00:35,178 [main] INFO  ozone.HddsDatanodeService (HddsDatanodeService.java:start(183)) - HddsDatanodeService host:pr-hdds-1868-vmdzj-1914290063 ip:192.168.69.67
2019-11-06 22:00:35,212 [main] INFO  volume.HddsVolume (HddsVolume.java:<init>(176)) - Creating Volume: /workdir/hadoop-ozone/tools/target/test-dir/MiniOzoneClusterImpl-e43eae99-bc27-4f1a-9c22-6446528dd8bd/datanode-0/data/containers/hdds of  storage type : DISK and capacity : 1482555576320
2019-11-06 22:00:35,213 [main] INFO  volume.VolumeSet (VolumeSet.java:initializeVolumeSet(170)) - Added Volume : /workdir/hadoop-ozone/tools/target/test-dir/MiniOzoneClusterImpl-e43eae99-bc27-4f1a-9c22-6446528dd8bd/datanode-0/data/containers/hdds to VolumeSet
2019-11-06 22:00:35,217 [main] INFO  volume.ThrottledAsyncChecker (ThrottledAsyncChecker.java:schedule(141)) - Scheduling a check for /workdir/hadoop-ozone/tools/target/test-dir/MiniOzoneClusterImpl-e43eae99-bc27-4f1a-9c22-6446528dd8bd/datanode-0/data/containers/hdds
2019-11-06 22:00:35,234 [main] INFO  volume.HddsVolumeChecker (HddsVolumeChecker.java:checkAllVolumes(204)) - Scheduled health check for volume /workdir/hadoop-ozone/tools/target/test-dir/MiniOzoneClusterImpl-e43eae99-bc27-4f1a-9c22-6446528dd8bd/datanode-0/data/containers/hdds
2019-11-06 22:00:35,344 [main] INFO  impl.RaftServerProxy (ConfUtils.java:logGet(43)) - raft.rpc.type = GRPC (default)
2019-11-06 22:00:35,409 [main] INFO  grpc.GrpcFactory (GrpcFactory.java:checkPooledByteBufAllocatorUseCacheForAllThreads(45)) - PERFORMANCE WARNING: useCacheForAllThreads is true that may cause Netty to create a lot garbage objects and, as a result, trigger GC.
	It is recommended to disable useCacheForAllThreads by setting -Dorg.apache.ratis.thirdparty.io.netty.allocator.useCacheForAllThreads=false in command line.
2019-11-06 22:00:35,415 [main] INFO  grpc.GrpcConfigKeys$Server (ConfUtils.java:logGet(43)) - raft.grpc.server.port = 0 (default)
2019-11-06 22:00:35,416 [main] INFO  server.GrpcService (ConfUtils.java:logGet(43)) - raft.grpc.message.size.max = 33570816 (custom)
2019-11-06 22:00:35,417 [main] INFO  server.RaftServerConfigKeys (ConfUtils.java:logGet(43)) - raft.server.log.appender.buffer.byte-limit = 33554432 (custom)
2019-11-06 22:00:35,418 [main] INFO  server.GrpcService (ConfUtils.java:logGet(43)) - raft.grpc.flow.control.window = 1MB (=1048576) (default)
2019-11-06 22:00:35,419 [main] INFO  server.RaftServerConfigKeys (ConfUtils.java:logGet(43)) - raft.server.rpc.request.timeout = 3000ms (default)
2019-11-06 22:00:35,586 [main] INFO  server.RaftServerConfigKeys (ConfUtils.java:logGet(43)) - raft.server.storage.dir = [/workdir/hadoop-ozone/tools/target/test-dir/MiniOzoneClusterImpl-e43eae99-bc27-4f1a-9c22-6446528dd8bd/datanode-0/data/ratis] (custom)
2019-11-06 22:00:35,636 [main] INFO  hdfs.DFSUtil (DFSUtil.java:httpServerTemplateForNNAndJN(1641)) - Starting Web-server for hddsDatanode at: http://0.0.0.0:0
2019-11-06 22:00:35,639 [main] INFO  server.AuthenticationFilter (AuthenticationFilter.java:constructSecretProvider(240)) - Unable to initialize FileSignerSecretProvider, falling back to use random secrets.
2019-11-06 22:00:35,640 [main] WARN  http.HttpRequestLog (HttpRequestLog.java:getRequestLog(97)) - Jetty request log can only be enabled using Log4j
2019-11-06 22:00:35,643 [main] INFO  http.HttpServer2 (HttpServer2.java:addGlobalFilter(975)) - Added global filter 'safety' (class=org.apache.hadoop.http.HttpServer2$QuotingInputFilter)
2019-11-06 22:00:35,644 [main] INFO  http.HttpServer2 (HttpServer2.java:addFilter(948)) - Added filter static_user_filter (class=org.apache.hadoop.http.lib.StaticUserWebFilter$StaticUserFilter) to context hddsDatanode
2019-11-06 22:00:35,645 [main] INFO  http.HttpServer2 (HttpServer2.java:addFilter(958)) - Added filter static_user_filter (class=org.apache.hadoop.http.lib.StaticUserWebFilter$StaticUserFilter) to context static
2019-11-06 22:00:35,645 [main] INFO  http.HttpServer2 (HttpServer2.java:addFilter(958)) - Added filter static_user_filter (class=org.apache.hadoop.http.lib.StaticUserWebFilter$StaticUserFilter) to context logs
2019-11-06 22:00:35,647 [main] INFO  http.HttpServer2 (HttpServer2.java:bindListener(1191)) - Jetty bound to port 33400
2019-11-06 22:00:35,647 [main] INFO  server.Server (Server.java:doStart(351)) - jetty-9.3.25.v20180904, build timestamp: 2018-09-04T21:11:46Z, git hash: 3ce520221d0240229c862b122d2b06c12a625732
2019-11-06 22:00:35,651 [main] INFO  handler.ContextHandler (ContextHandler.java:doStart(781)) - Started o.e.j.s.ServletContextHandler@1bc0d349{/logs,file:///workdir/hadoop-ozone/tools/target/log,AVAILABLE}
2019-11-06 22:00:35,652 [main] INFO  handler.ContextHandler (ContextHandler.java:doStart(781)) - Started o.e.j.s.ServletContextHandler@5292ceca{/static,jar:file:/home/user/.m2/repository/org/apache/hadoop/hadoop-hdds-container-service/0.5.0-SNAPSHOT/hadoop-hdds-container-service-0.5.0-SNAPSHOT.jar!/webapps/static,AVAILABLE}
2019-11-06 22:00:35,698 [main] INFO  handler.ContextHandler (ContextHandler.java:doStart(781)) - Started o.e.j.w.WebAppContext@62db3891{/,file:///tmp/jetty-0.0.0.0-33400-hddsDatanode-_-any-6182496987338914002.dir/webapp/,AVAILABLE}{/hddsDatanode}
2019-11-06 22:00:35,699 [main] INFO  server.AbstractConnector (AbstractConnector.java:doStart(278)) - Started ServerConnector@61cd1c71{HTTP/1.1,[http/1.1]}{0.0.0.0:33400}
2019-11-06 22:00:35,700 [main] INFO  server.Server (Server.java:doStart(419)) - Started @5551ms
2019-11-06 22:00:35,700 [main] WARN  impl.MetricsSystemImpl (MetricsSystemImpl.java:register(276)) - Sink prometheus already exists!
2019-11-06 22:00:35,702 [main] INFO  server.BaseHttpServer (BaseHttpServer.java:updateConnectorAddress(215)) - HTTP server of HDDSDATANODE is listening at http://0.0.0.0:33400
2019-11-06 22:00:35,703 [main] INFO  impl.MetricsSystemImpl (MetricsSystemImpl.java:init(158)) - HddsDatanode metrics system started (again)
2019-11-06 22:00:35,707 [main] INFO  ozone.HddsDatanodeService (HddsDatanodeService.java:start(183)) - HddsDatanodeService host:pr-hdds-1868-vmdzj-1914290063 ip:192.168.69.67
2019-11-06 22:00:35,709 [org.apache.hadoop.util.JvmPauseMonitor$Monitor@15fb0c43] INFO  util.JvmPauseMonitor (JvmPauseMonitor.java:run(188)) - Starting JVM pause monitor
2019-11-06 22:00:35,717 [main] INFO  volume.HddsVolume (HddsVolume.java:<init>(176)) - Creating Volume: /workdir/hadoop-ozone/tools/target/test-dir/MiniOzoneClusterImpl-e43eae99-bc27-4f1a-9c22-6446528dd8bd/datanode-1/data/containers/hdds of  storage type : DISK and capacity : 1482555576320
2019-11-06 22:00:35,718 [main] INFO  volume.VolumeSet (VolumeSet.java:initializeVolumeSet(170)) - Added Volume : /workdir/hadoop-ozone/tools/target/test-dir/MiniOzoneClusterImpl-e43eae99-bc27-4f1a-9c22-6446528dd8bd/datanode-1/data/containers/hdds to VolumeSet
2019-11-06 22:00:35,718 [main] INFO  volume.ThrottledAsyncChecker (ThrottledAsyncChecker.java:schedule(141)) - Scheduling a check for /workdir/hadoop-ozone/tools/target/test-dir/MiniOzoneClusterImpl-e43eae99-bc27-4f1a-9c22-6446528dd8bd/datanode-1/data/containers/hdds
2019-11-06 22:00:35,719 [main] INFO  volume.HddsVolumeChecker (HddsVolumeChecker.java:checkAllVolumes(204)) - Scheduled health check for volume /workdir/hadoop-ozone/tools/target/test-dir/MiniOzoneClusterImpl-e43eae99-bc27-4f1a-9c22-6446528dd8bd/datanode-1/data/containers/hdds
2019-11-06 22:00:35,745 [main] INFO  impl.RaftServerProxy (ConfUtils.java:logGet(43)) - raft.rpc.type = GRPC (default)
2019-11-06 22:00:35,745 [main] INFO  grpc.GrpcFactory (GrpcFactory.java:checkPooledByteBufAllocatorUseCacheForAllThreads(45)) - PERFORMANCE WARNING: useCacheForAllThreads is true that may cause Netty to create a lot garbage objects and, as a result, trigger GC.
	It is recommended to disable useCacheForAllThreads by setting -Dorg.apache.ratis.thirdparty.io.netty.allocator.useCacheForAllThreads=false in command line.
2019-11-06 22:00:35,746 [main] INFO  grpc.GrpcConfigKeys$Server (ConfUtils.java:logGet(43)) - raft.grpc.server.port = 0 (default)
2019-11-06 22:00:35,746 [main] INFO  server.GrpcService (ConfUtils.java:logGet(43)) - raft.grpc.message.size.max = 33570816 (custom)
2019-11-06 22:00:35,746 [main] INFO  server.RaftServerConfigKeys (ConfUtils.java:logGet(43)) - raft.server.log.appender.buffer.byte-limit = 33554432 (custom)
2019-11-06 22:00:35,747 [main] INFO  server.GrpcService (ConfUtils.java:logGet(43)) - raft.grpc.flow.control.window = 1MB (=1048576) (default)
2019-11-06 22:00:35,747 [main] INFO  server.RaftServerConfigKeys (ConfUtils.java:logGet(43)) - raft.server.rpc.request.timeout = 3000ms (default)
2019-11-06 22:00:35,748 [main] INFO  server.RaftServerConfigKeys (ConfUtils.java:logGet(43)) - raft.server.storage.dir = [/workdir/hadoop-ozone/tools/target/test-dir/MiniOzoneClusterImpl-e43eae99-bc27-4f1a-9c22-6446528dd8bd/datanode-1/data/ratis] (custom)
2019-11-06 22:00:35,751 [main] INFO  hdfs.DFSUtil (DFSUtil.java:httpServerTemplateForNNAndJN(1641)) - Starting Web-server for hddsDatanode at: http://0.0.0.0:0
2019-11-06 22:00:35,753 [main] INFO  server.AuthenticationFilter (AuthenticationFilter.java:constructSecretProvider(240)) - Unable to initialize FileSignerSecretProvider, falling back to use random secrets.
2019-11-06 22:00:35,753 [main] WARN  http.HttpRequestLog (HttpRequestLog.java:getRequestLog(97)) - Jetty request log can only be enabled using Log4j
2019-11-06 22:00:35,755 [main] INFO  http.HttpServer2 (HttpServer2.java:addGlobalFilter(975)) - Added global filter 'safety' (class=org.apache.hadoop.http.HttpServer2$QuotingInputFilter)
2019-11-06 22:00:35,756 [main] INFO  http.HttpServer2 (HttpServer2.java:addFilter(948)) - Added filter static_user_filter (class=org.apache.hadoop.http.lib.StaticUserWebFilter$StaticUserFilter) to context hddsDatanode
2019-11-06 22:00:35,756 [main] INFO  http.HttpServer2 (HttpServer2.java:addFilter(958)) - Added filter static_user_filter (class=org.apache.hadoop.http.lib.StaticUserWebFilter$StaticUserFilter) to context static
2019-11-06 22:00:35,757 [main] INFO  http.HttpServer2 (HttpServer2.java:addFilter(958)) - Added filter static_user_filter (class=org.apache.hadoop.http.lib.StaticUserWebFilter$StaticUserFilter) to context logs
2019-11-06 22:00:35,758 [main] INFO  http.HttpServer2 (HttpServer2.java:bindListener(1191)) - Jetty bound to port 44992
2019-11-06 22:00:35,758 [main] INFO  server.Server (Server.java:doStart(351)) - jetty-9.3.25.v20180904, build timestamp: 2018-09-04T21:11:46Z, git hash: 3ce520221d0240229c862b122d2b06c12a625732
2019-11-06 22:00:35,762 [main] INFO  handler.ContextHandler (ContextHandler.java:doStart(781)) - Started o.e.j.s.ServletContextHandler@fab35b1{/logs,file:///workdir/hadoop-ozone/tools/target/log,AVAILABLE}
2019-11-06 22:00:35,763 [main] INFO  handler.ContextHandler (ContextHandler.java:doStart(781)) - Started o.e.j.s.ServletContextHandler@65bdd558{/static,jar:file:/home/user/.m2/repository/org/apache/hadoop/hadoop-hdds-container-service/0.5.0-SNAPSHOT/hadoop-hdds-container-service-0.5.0-SNAPSHOT.jar!/webapps/static,AVAILABLE}
2019-11-06 22:00:35,798 [main] INFO  handler.ContextHandler (ContextHandler.java:doStart(781)) - Started o.e.j.w.WebAppContext@17f2dd85{/,file:///tmp/jetty-0.0.0.0-44992-hddsDatanode-_-any-3038440080409197902.dir/webapp/,AVAILABLE}{/hddsDatanode}
2019-11-06 22:00:35,799 [main] INFO  server.AbstractConnector (AbstractConnector.java:doStart(278)) - Started ServerConnector@1e58512c{HTTP/1.1,[http/1.1]}{0.0.0.0:44992}
2019-11-06 22:00:35,800 [main] INFO  server.Server (Server.java:doStart(419)) - Started @5651ms
2019-11-06 22:00:35,801 [main] WARN  impl.MetricsSystemImpl (MetricsSystemImpl.java:register(276)) - Sink prometheus already exists!
2019-11-06 22:00:35,801 [Datanode State Machine Thread - 0] INFO  datanode.InitDatanodeState (InitDatanodeState.java:persistContainerDatanodeDetails(140)) - DatanodeDetails is persisted to /workdir/hadoop-ozone/tools/target/test-dir/MiniOzoneClusterImpl-e43eae99-bc27-4f1a-9c22-6446528dd8bd/datanode-0/meta/datanode.id
2019-11-06 22:00:35,802 [main] INFO  server.BaseHttpServer (BaseHttpServer.java:updateConnectorAddress(215)) - HTTP server of HDDSDATANODE is listening at http://0.0.0.0:44992
2019-11-06 22:00:35,803 [main] INFO  impl.MetricsSystemImpl (MetricsSystemImpl.java:init(158)) - HddsDatanode metrics system started (again)
2019-11-06 22:00:35,806 [org.apache.hadoop.util.JvmPauseMonitor$Monitor@5c33584f] INFO  util.JvmPauseMonitor (JvmPauseMonitor.java:run(188)) - Starting JVM pause monitor
2019-11-06 22:00:35,807 [main] INFO  ozone.HddsDatanodeService (HddsDatanodeService.java:start(183)) - HddsDatanodeService host:pr-hdds-1868-vmdzj-1914290063 ip:192.168.69.67
2019-11-06 22:00:35,812 [Datanode State Machine Thread - 0] INFO  datanode.InitDatanodeState (InitDatanodeState.java:persistContainerDatanodeDetails(140)) - DatanodeDetails is persisted to /workdir/hadoop-ozone/tools/target/test-dir/MiniOzoneClusterImpl-e43eae99-bc27-4f1a-9c22-6446528dd8bd/datanode-1/meta/datanode.id
2019-11-06 22:00:35,818 [main] INFO  volume.HddsVolume (HddsVolume.java:<init>(176)) - Creating Volume: /workdir/hadoop-ozone/tools/target/test-dir/MiniOzoneClusterImpl-e43eae99-bc27-4f1a-9c22-6446528dd8bd/datanode-2/data/containers/hdds of  storage type : DISK and capacity : 1482555576320
2019-11-06 22:00:35,819 [main] INFO  volume.VolumeSet (VolumeSet.java:initializeVolumeSet(170)) - Added Volume : /workdir/hadoop-ozone/tools/target/test-dir/MiniOzoneClusterImpl-e43eae99-bc27-4f1a-9c22-6446528dd8bd/datanode-2/data/containers/hdds to VolumeSet
2019-11-06 22:00:35,819 [main] INFO  volume.ThrottledAsyncChecker (ThrottledAsyncChecker.java:schedule(141)) - Scheduling a check for /workdir/hadoop-ozone/tools/target/test-dir/MiniOzoneClusterImpl-e43eae99-bc27-4f1a-9c22-6446528dd8bd/datanode-2/data/containers/hdds
2019-11-06 22:00:35,820 [main] INFO  volume.HddsVolumeChecker (HddsVolumeChecker.java:checkAllVolumes(204)) - Scheduled health check for volume /workdir/hadoop-ozone/tools/target/test-dir/MiniOzoneClusterImpl-e43eae99-bc27-4f1a-9c22-6446528dd8bd/datanode-2/data/containers/hdds
2019-11-06 22:00:35,842 [main] INFO  impl.RaftServerProxy (ConfUtils.java:logGet(43)) - raft.rpc.type = GRPC (default)
2019-11-06 22:00:35,843 [main] INFO  grpc.GrpcFactory (GrpcFactory.java:checkPooledByteBufAllocatorUseCacheForAllThreads(45)) - PERFORMANCE WARNING: useCacheForAllThreads is true that may cause Netty to create a lot garbage objects and, as a result, trigger GC.
	It is recommended to disable useCacheForAllThreads by setting -Dorg.apache.ratis.thirdparty.io.netty.allocator.useCacheForAllThreads=false in command line.
2019-11-06 22:00:35,843 [main] INFO  grpc.GrpcConfigKeys$Server (ConfUtils.java:logGet(43)) - raft.grpc.server.port = 0 (default)
2019-11-06 22:00:35,844 [main] INFO  server.GrpcService (ConfUtils.java:logGet(43)) - raft.grpc.message.size.max = 33570816 (custom)
2019-11-06 22:00:35,844 [main] INFO  server.RaftServerConfigKeys (ConfUtils.java:logGet(43)) - raft.server.log.appender.buffer.byte-limit = 33554432 (custom)
2019-11-06 22:00:35,845 [main] INFO  server.GrpcService (ConfUtils.java:logGet(43)) - raft.grpc.flow.control.window = 1MB (=1048576) (default)
2019-11-06 22:00:35,845 [main] INFO  server.RaftServerConfigKeys (ConfUtils.java:logGet(43)) - raft.server.rpc.request.timeout = 3000ms (default)
2019-11-06 22:00:35,846 [main] INFO  server.RaftServerConfigKeys (ConfUtils.java:logGet(43)) - raft.server.storage.dir = [/workdir/hadoop-ozone/tools/target/test-dir/MiniOzoneClusterImpl-e43eae99-bc27-4f1a-9c22-6446528dd8bd/datanode-2/data/ratis] (custom)
2019-11-06 22:00:35,850 [main] INFO  hdfs.DFSUtil (DFSUtil.java:httpServerTemplateForNNAndJN(1641)) - Starting Web-server for hddsDatanode at: http://0.0.0.0:0
2019-11-06 22:00:35,853 [main] INFO  server.AuthenticationFilter (AuthenticationFilter.java:constructSecretProvider(240)) - Unable to initialize FileSignerSecretProvider, falling back to use random secrets.
2019-11-06 22:00:35,853 [main] WARN  http.HttpRequestLog (HttpRequestLog.java:getRequestLog(97)) - Jetty request log can only be enabled using Log4j
2019-11-06 22:00:35,856 [main] INFO  http.HttpServer2 (HttpServer2.java:addGlobalFilter(975)) - Added global filter 'safety' (class=org.apache.hadoop.http.HttpServer2$QuotingInputFilter)
2019-11-06 22:00:35,857 [main] INFO  http.HttpServer2 (HttpServer2.java:addFilter(948)) - Added filter static_user_filter (class=org.apache.hadoop.http.lib.StaticUserWebFilter$StaticUserFilter) to context hddsDatanode
2019-11-06 22:00:35,858 [main] INFO  http.HttpServer2 (HttpServer2.java:addFilter(958)) - Added filter static_user_filter (class=org.apache.hadoop.http.lib.StaticUserWebFilter$StaticUserFilter) to context logs
2019-11-06 22:00:35,858 [main] INFO  http.HttpServer2 (HttpServer2.java:addFilter(958)) - Added filter static_user_filter (class=org.apache.hadoop.http.lib.StaticUserWebFilter$StaticUserFilter) to context static
2019-11-06 22:00:35,859 [main] INFO  http.HttpServer2 (HttpServer2.java:bindListener(1191)) - Jetty bound to port 42449
2019-11-06 22:00:35,859 [main] INFO  server.Server (Server.java:doStart(351)) - jetty-9.3.25.v20180904, build timestamp: 2018-09-04T21:11:46Z, git hash: 3ce520221d0240229c862b122d2b06c12a625732
2019-11-06 22:00:35,863 [main] INFO  handler.ContextHandler (ContextHandler.java:doStart(781)) - Started o.e.j.s.ServletContextHandler@767a014e{/logs,file:///workdir/hadoop-ozone/tools/target/log,AVAILABLE}
2019-11-06 22:00:35,863 [main] INFO  handler.ContextHandler (ContextHandler.java:doStart(781)) - Started o.e.j.s.ServletContextHandler@3968bc60{/static,jar:file:/home/user/.m2/repository/org/apache/hadoop/hadoop-hdds-container-service/0.5.0-SNAPSHOT/hadoop-hdds-container-service-0.5.0-SNAPSHOT.jar!/webapps/static,AVAILABLE}
2019-11-06 22:00:35,905 [main] INFO  handler.ContextHandler (ContextHandler.java:doStart(781)) - Started o.e.j.w.WebAppContext@6edcad64{/,file:///tmp/jetty-0.0.0.0-42449-hddsDatanode-_-any-2342422851514295636.dir/webapp/,AVAILABLE}{/hddsDatanode}
2019-11-06 22:00:35,905 [main] INFO  server.AbstractConnector (AbstractConnector.java:doStart(278)) - Started ServerConnector@4c6007fb{HTTP/1.1,[http/1.1]}{0.0.0.0:42449}
2019-11-06 22:00:35,906 [main] INFO  server.Server (Server.java:doStart(419)) - Started @5757ms
2019-11-06 22:00:35,907 [main] WARN  impl.MetricsSystemImpl (MetricsSystemImpl.java:register(276)) - Sink prometheus already exists!
2019-11-06 22:00:35,908 [main] INFO  server.BaseHttpServer (BaseHttpServer.java:updateConnectorAddress(215)) - HTTP server of HDDSDATANODE is listening at http://0.0.0.0:42449
2019-11-06 22:00:35,910 [main] INFO  ozone.MiniOzoneClusterImpl (MiniOzoneClusterImpl.java:lambda$waitForClusterToBeReady$2(171)) - Waiting for cluster to be ready. Got 0 of 3 DN Heartbeats.
2019-11-06 22:00:35,911 [org.apache.hadoop.util.JvmPauseMonitor$Monitor@45848547] INFO  util.JvmPauseMonitor (JvmPauseMonitor.java:run(188)) - Starting JVM pause monitor
2019-11-06 22:00:35,915 [Datanode State Machine Thread - 0] INFO  datanode.InitDatanodeState (InitDatanodeState.java:persistContainerDatanodeDetails(140)) - DatanodeDetails is persisted to /workdir/hadoop-ozone/tools/target/test-dir/MiniOzoneClusterImpl-e43eae99-bc27-4f1a-9c22-6446528dd8bd/datanode-2/meta/datanode.id
2019-11-06 22:00:36,910 [main] INFO  ozone.MiniOzoneClusterImpl (MiniOzoneClusterImpl.java:lambda$waitForClusterToBeReady$2(171)) - Waiting for cluster to be ready. Got 0 of 3 DN Heartbeats.
2019-11-06 22:00:37,801 [Datanode State Machine Thread - 0] INFO  ozoneimpl.OzoneContainer (OzoneContainer.java:start(218)) - Attempting to start container services.
2019-11-06 22:00:37,804 [Datanode State Machine Thread - 0] INFO  ozoneimpl.OzoneContainer (OzoneContainer.java:startContainerScrub(182)) - Background container scanner has been disabled.
2019-11-06 22:00:37,804 [Datanode State Machine Thread - 0] INFO  ratis.XceiverServerRatis (XceiverServerRatis.java:start(421)) - Starting XceiverServerRatis f43e54ba-3512-4e04-ab9f-9f297ff5c4f5 at port 0
2019-11-06 22:00:37,831 [Datanode State Machine Thread - 0] INFO  impl.RaftServerProxy (RaftServerProxy.java:lambda$start$3(299)) - f43e54ba-3512-4e04-ab9f-9f297ff5c4f5: start RPC server
2019-11-06 22:00:37,832 [Datanode State Machine Thread - 0] INFO  ozoneimpl.OzoneContainer (OzoneContainer.java:start(218)) - Attempting to start container services.
2019-11-06 22:00:37,838 [Datanode State Machine Thread - 0] INFO  ozoneimpl.OzoneContainer (OzoneContainer.java:startContainerScrub(182)) - Background container scanner has been disabled.
2019-11-06 22:00:37,838 [Datanode State Machine Thread - 0] INFO  ratis.XceiverServerRatis (XceiverServerRatis.java:start(421)) - Starting XceiverServerRatis 388ec716-e68c-4af6-83f1-31c84c7cef06 at port 0
2019-11-06 22:00:37,851 [Datanode State Machine Thread - 0] INFO  impl.RaftServerProxy (RaftServerProxy.java:lambda$start$3(299)) - 388ec716-e68c-4af6-83f1-31c84c7cef06: start RPC server
2019-11-06 22:00:37,911 [main] INFO  ozone.MiniOzoneClusterImpl (MiniOzoneClusterImpl.java:lambda$waitForClusterToBeReady$2(171)) - Waiting for cluster to be ready. Got 0 of 3 DN Heartbeats.
2019-11-06 22:00:37,937 [Datanode State Machine Thread - 0] INFO  ozoneimpl.OzoneContainer (OzoneContainer.java:start(218)) - Attempting to start container services.
2019-11-06 22:00:37,938 [Datanode State Machine Thread - 0] INFO  ozoneimpl.OzoneContainer (OzoneContainer.java:startContainerScrub(182)) - Background container scanner has been disabled.
2019-11-06 22:00:37,938 [Datanode State Machine Thread - 0] INFO  ratis.XceiverServerRatis (XceiverServerRatis.java:start(421)) - Starting XceiverServerRatis 692acf91-075d-4599-8cc1-9f4b7a7c5a1f at port 0
2019-11-06 22:00:37,950 [Datanode State Machine Thread - 0] INFO  impl.RaftServerProxy (RaftServerProxy.java:lambda$start$3(299)) - 692acf91-075d-4599-8cc1-9f4b7a7c5a1f: start RPC server
2019-11-06 22:00:37,968 [Datanode State Machine Thread - 0] INFO  server.GrpcService (GrpcService.java:startImpl(158)) - 692acf91-075d-4599-8cc1-9f4b7a7c5a1f: GrpcService started, listening on 0.0.0.0/0.0.0.0:46565
2019-11-06 22:00:37,968 [Datanode State Machine Thread - 0] INFO  server.GrpcService (GrpcService.java:startImpl(158)) - 388ec716-e68c-4af6-83f1-31c84c7cef06: GrpcService started, listening on 0.0.0.0/0.0.0.0:39108
2019-11-06 22:00:37,968 [Datanode State Machine Thread - 0] INFO  server.GrpcService (GrpcService.java:startImpl(158)) - f43e54ba-3512-4e04-ab9f-9f297ff5c4f5: GrpcService started, listening on 0.0.0.0/0.0.0.0:44224
2019-11-06 22:00:37,968 [Datanode State Machine Thread - 0] INFO  ratis.XceiverServerRatis (XceiverServerRatis.java:start(431)) - XceiverServerRatis 388ec716-e68c-4af6-83f1-31c84c7cef06 is started using port 39108
2019-11-06 22:00:37,968 [Datanode State Machine Thread - 0] INFO  ratis.XceiverServerRatis (XceiverServerRatis.java:start(431)) - XceiverServerRatis 692acf91-075d-4599-8cc1-9f4b7a7c5a1f is started using port 46565
2019-11-06 22:00:37,969 [Datanode State Machine Thread - 0] INFO  ratis.XceiverServerRatis (XceiverServerRatis.java:start(431)) - XceiverServerRatis f43e54ba-3512-4e04-ab9f-9f297ff5c4f5 is started using port 44224
2019-11-06 22:00:37,973 [Datanode State Machine Thread - 0] INFO  server.XceiverServerGrpc (XceiverServerGrpc.java:start(145)) - XceiverServerGrpc f43e54ba-3512-4e04-ab9f-9f297ff5c4f5 is started using port 34835
2019-11-06 22:00:37,973 [Datanode State Machine Thread - 0] INFO  server.XceiverServerGrpc (XceiverServerGrpc.java:start(145)) - XceiverServerGrpc 692acf91-075d-4599-8cc1-9f4b7a7c5a1f is started using port 34719
2019-11-06 22:00:37,973 [Datanode State Machine Thread - 0] INFO  server.XceiverServerGrpc (XceiverServerGrpc.java:start(145)) - XceiverServerGrpc 388ec716-e68c-4af6-83f1-31c84c7cef06 is started using port 44086
2019-11-06 22:00:38,912 [main] INFO  ozone.MiniOzoneClusterImpl (MiniOzoneClusterImpl.java:lambda$waitForClusterToBeReady$2(171)) - Waiting for cluster to be ready. Got 0 of 3 DN Heartbeats.
2019-11-06 22:00:39,750 [IPC Server handler 18 on 42747] INFO  net.NetworkTopology (NetworkTopologyImpl.java:add(111)) - Added a new node: /default-rack/f43e54ba-3512-4e04-ab9f-9f297ff5c4f5
2019-11-06 22:00:39,753 [IPC Server handler 18 on 42747] INFO  node.SCMNodeManager (SCMNodeManager.java:register(267)) - Registered Data node : f43e54ba-3512-4e04-ab9f-9f297ff5c4f5{ip: 192.168.69.67, host: pr-hdds-1868-vmdzj-1914290063, networkLocation: /default-rack, certSerialId: null}
2019-11-06 22:00:39,764 [EventQueue-NodeRegistrationContainerReportForDataNodeSafeModeRule] INFO  safemode.SCMSafeModeManager (DataNodeSafeModeRule.java:process(71)) - SCM in safe mode. 1 DataNodes registered, 1 required.
2019-11-06 22:00:39,765 [EventQueue-NodeRegistrationContainerReportForDataNodeSafeModeRule] INFO  safemode.SCMSafeModeManager (SCMSafeModeManager.java:validateSafeModeExitRules(177)) - ScmSafeModeManager, all rules are successfully validated
2019-11-06 22:00:39,765 [EventQueue-NodeRegistrationContainerReportForDataNodeSafeModeRule] INFO  safemode.SCMSafeModeManager (SCMSafeModeManager.java:exitSafeMode(193)) - SCM exiting safe mode.
2019-11-06 22:00:39,815 [IPC Server handler 19 on 42747] INFO  net.NetworkTopology (NetworkTopologyImpl.java:add(111)) - Added a new node: /default-rack/388ec716-e68c-4af6-83f1-31c84c7cef06
2019-11-06 22:00:39,815 [IPC Server handler 19 on 42747] INFO  node.SCMNodeManager (SCMNodeManager.java:register(267)) - Registered Data node : 388ec716-e68c-4af6-83f1-31c84c7cef06{ip: 192.168.69.67, host: pr-hdds-1868-vmdzj-1914290063, networkLocation: /default-rack, certSerialId: null}
2019-11-06 22:00:39,915 [IPC Server handler 17 on 42747] INFO  net.NetworkTopology (NetworkTopologyImpl.java:add(111)) - Added a new node: /default-rack/692acf91-075d-4599-8cc1-9f4b7a7c5a1f
2019-11-06 22:00:39,915 [IPC Server handler 17 on 42747] INFO  node.SCMNodeManager (SCMNodeManager.java:register(267)) - Registered Data node : 692acf91-075d-4599-8cc1-9f4b7a7c5a1f{ip: 192.168.69.67, host: pr-hdds-1868-vmdzj-1914290063, networkLocation: /default-rack, certSerialId: null}
2019-11-06 22:00:40,272 [grpc-default-executor-0] INFO  impl.RaftServerProxy (RaftServerProxy.java:addNew(89)) - f43e54ba-3512-4e04-ab9f-9f297ff5c4f5: addNew group-FEB9E5B0752C:[f43e54ba-3512-4e04-ab9f-9f297ff5c4f5:192.168.69.67:44224] returns group-FEB9E5B0752C:java.util.concurrent.CompletableFuture@29ada6f2[Not completed]
2019-11-06 22:00:40,289 [pool-27-thread-1] INFO  impl.RaftServerImpl (RaftServerImpl.java:<init>(98)) - f43e54ba-3512-4e04-ab9f-9f297ff5c4f5: new RaftServerImpl for group-FEB9E5B0752C:[f43e54ba-3512-4e04-ab9f-9f297ff5c4f5:192.168.69.67:44224] with ContainerStateMachine:uninitialized
2019-11-06 22:00:40,292 [pool-27-thread-1] INFO  server.RaftServerConfigKeys (ConfUtils.java:logGet(43)) - raft.server.rpc.timeout.min = 5s (custom)
2019-11-06 22:00:40,293 [pool-27-thread-1] INFO  server.RaftServerConfigKeys (ConfUtils.java:logGet(43)) - raft.server.rpc.timeout.max = 5200ms (custom)
2019-11-06 22:00:40,294 [pool-27-thread-1] INFO  server.RaftServerConfigKeys (ConfUtils.java:logGet(43)) - raft.server.rpcslowness.timeout = 120s (custom)
2019-11-06 22:00:40,295 [pool-27-thread-1] INFO  server.RaftServerConfigKeys (ConfUtils.java:logGet(43)) - raft.server.sleep.deviation.threshold = 300 (default)
2019-11-06 22:00:40,296 [pool-27-thread-1] INFO  server.RaftServerConfigKeys (ConfUtils.java:logGet(43)) - raft.server.log.appender.install.snapshot.enabled = false (custom)
2019-11-06 22:00:40,306 [pool-27-thread-1] INFO  impl.RaftServerImpl (ServerState.java:<init>(103)) - f43e54ba-3512-4e04-ab9f-9f297ff5c4f5@group-FEB9E5B0752C: ConfigurationManager, init=-1: [f43e54ba-3512-4e04-ab9f-9f297ff5c4f5:192.168.69.67:44224], old=null, confs=<EMPTY_MAP>
2019-11-06 22:00:40,307 [pool-27-thread-1] INFO  server.RaftServerConfigKeys (ConfUtils.java:logGet(43)) - raft.server.storage.dir = [/workdir/hadoop-ozone/tools/target/test-dir/MiniOzoneClusterImpl-e43eae99-bc27-4f1a-9c22-6446528dd8bd/datanode-0/data/ratis] (custom)
2019-11-06 22:00:40,315 [pool-27-thread-1] INFO  server.RaftServerConfigKeys (ConfUtils.java:logGet(43)) - raft.server.log.corruption.policy = EXCEPTION (default)
2019-11-06 22:00:40,317 [pool-27-thread-1] INFO  storage.RaftStorageDirectory (RaftStorageDirectory.java:analyzeStorage(246)) - The storage directory /workdir/hadoop-ozone/tools/target/test-dir/MiniOzoneClusterImpl-e43eae99-bc27-4f1a-9c22-6446528dd8bd/datanode-0/data/ratis/02639149-ea25-4fb3-833e-feb9e5b0752c does not exist. Creating ...
2019-11-06 22:00:40,347 [pool-27-thread-1] INFO  storage.RaftStorageDirectory (RaftStorageDirectory.java:tryLock(328)) - Lock on /workdir/hadoop-ozone/tools/target/test-dir/MiniOzoneClusterImpl-e43eae99-bc27-4f1a-9c22-6446528dd8bd/datanode-0/data/ratis/02639149-ea25-4fb3-833e-feb9e5b0752c/in_use.lock acquired by nodename 23789@pr-hdds-1868-vmdzj-1914290063
2019-11-06 22:00:40,373 [pool-27-thread-1] INFO  storage.RaftStorage (RaftStorage.java:format(84)) - Storage directory /workdir/hadoop-ozone/tools/target/test-dir/MiniOzoneClusterImpl-e43eae99-bc27-4f1a-9c22-6446528dd8bd/datanode-0/data/ratis/02639149-ea25-4fb3-833e-feb9e5b0752c has been successfully formatted.
2019-11-06 22:00:40,376 [pool-27-thread-1] INFO  ratis.ContainerStateMachine (ContainerStateMachine.java:loadSnapshot(223)) - group-FEB9E5B0752C: The snapshot info is null. Setting the last applied indexto:(t:0, i:~)
2019-11-06 22:00:40,376 [pool-27-thread-1] INFO  server.RaftServerConfigKeys (ConfUtils.java:logGet(43)) - raft.server.notification.no-leader.timeout = 120s (custom)
2019-11-06 22:00:40,378 [pool-27-thread-1] INFO  server.RaftServerConfigKeys (ConfUtils.java:logGet(43)) - raft.server.log.use.memory = false (default)
2019-11-06 22:00:40,384 [pool-27-thread-1] INFO  server.RaftServerConfigKeys (ConfUtils.java:logGet(43)) - raft.server.log.purge.gap = 1000000 (custom)
2019-11-06 22:00:40,384 [pool-27-thread-1] INFO  server.RaftServerConfigKeys (ConfUtils.java:logGet(43)) - raft.server.log.appender.buffer.byte-limit = 33554432 (custom)
2019-11-06 22:00:40,386 [pool-27-thread-1] INFO  server.RaftServerConfigKeys (ConfUtils.java:logGet(43)) - raft.server.log.segment.size.max = 1048576 (custom)
2019-11-06 22:00:40,391 [pool-27-thread-1] INFO  metrics.MetricRegistries (MetricRegistriesLoader.java:load(64)) - Loaded MetricRegistries class org.apache.ratis.metrics.impl.MetricRegistriesImpl
2019-11-06 22:00:40,395 [pool-27-thread-1] WARN  impl.MetricRegistriesImpl (MetricRegistriesImpl.java:lambda$create$1(61)) - First MetricRegistry has been created without registering reporters. You may need to call MetricRegistries.global().addReportRegistration(...) before.
2019-11-06 22:00:40,400 [pool-27-thread-1] INFO  server.RaftServerConfigKeys (ConfUtils.java:logGet(43)) - raft.server.log.segment.cache.num.max = 2 (custom)
2019-11-06 22:00:40,405 [pool-27-thread-1] INFO  segmented.SegmentedRaftLogWorker (SegmentedRaftLogWorker.java:<init>(173)) - new f43e54ba-3512-4e04-ab9f-9f297ff5c4f5@group-FEB9E5B0752C-SegmentedRaftLogWorker for RaftStorage:Storage Directory /workdir/hadoop-ozone/tools/target/test-dir/MiniOzoneClusterImpl-e43eae99-bc27-4f1a-9c22-6446528dd8bd/datanode-0/data/ratis/02639149-ea25-4fb3-833e-feb9e5b0752c
2019-11-06 22:00:40,406 [pool-27-thread-1] INFO  server.RaftServerConfigKeys (ConfUtils.java:logGet(43)) - raft.server.log.queue.byte-limit = 2147483647 (custom)
2019-11-06 22:00:40,406 [pool-27-thread-1] INFO  server.RaftServerConfigKeys (ConfUtils.java:logGet(43)) - raft.server.log.queue.element-limit = 1024 (custom)
2019-11-06 22:00:40,407 [pool-27-thread-1] INFO  server.RaftServerConfigKeys (ConfUtils.java:logGet(43)) - raft.server.log.segment.size.max = 1048576 (custom)
2019-11-06 22:00:40,408 [pool-27-thread-1] INFO  server.RaftServerConfigKeys (ConfUtils.java:logGet(43)) - raft.server.log.preallocated.size = 16384 (custom)
2019-11-06 22:00:40,408 [pool-27-thread-1] INFO  server.RaftServerConfigKeys (ConfUtils.java:logGet(43)) - raft.server.log.write.buffer.size = 33554432 (custom)
2019-11-06 22:00:40,409 [pool-27-thread-1] INFO  server.RaftServerConfigKeys (ConfUtils.java:logGet(43)) - raft.server.log.force.sync.num = 128 (default)
2019-11-06 22:00:40,410 [pool-27-thread-1] INFO  server.RaftServerConfigKeys (ConfUtils.java:logGet(43)) - raft.server.log.statemachine.data.sync = true (default)
2019-11-06 22:00:40,410 [pool-27-thread-1] INFO  server.RaftServerConfigKeys (ConfUtils.java:logGet(43)) - raft.server.log.statemachine.data.sync.timeout = 10s (default)
2019-11-06 22:00:40,410 [pool-27-thread-1] INFO  server.RaftServerConfigKeys (ConfUtils.java:logGet(43)) - raft.server.log.statemachine.data.sync.timeout.retry = -1 (default)
2019-11-06 22:00:40,422 [pool-27-thread-1] INFO  server.RaftServerConfigKeys (ConfUtils.java:logGet(43)) - raft.server.log.statemachine.data.caching.enabled = true (custom)
2019-11-06 22:00:40,428 [pool-27-thread-1] INFO  segmented.SegmentedRaftLogWorker (SegmentedRaftLogWorker.java:lambda$new$0(128)) - f43e54ba-3512-4e04-ab9f-9f297ff5c4f5@group-FEB9E5B0752C-SegmentedRaftLogWorker: flushIndex: setUnconditionally 0 -> -1
2019-11-06 22:00:40,437 [pool-27-thread-1] INFO  server.RaftServerConfigKeys (ConfUtils.java:logGet(43)) - raft.server.snapshot.auto.trigger.enabled = true (custom)
2019-11-06 22:00:40,439 [pool-27-thread-1] INFO  server.RaftServerConfigKeys (ConfUtils.java:logGet(43)) - raft.server.snapshot.auto.trigger.threshold = 10000 (custom)
2019-11-06 22:00:40,440 [pool-27-thread-1] INFO  server.RaftServerConfigKeys (ConfUtils.java:logGet(43)) - raft.server.snapshot.retention.file.num = 5 (custom)
2019-11-06 22:00:40,441 [pool-27-thread-1] INFO  server.RaftServerConfigKeys (ConfUtils.java:logGet(43)) - raft.server.retrycache.expirytime = 600000ms (custom)
2019-11-06 22:00:40,469 [pool-27-thread-1] WARN  impl.MetricRegistriesImpl (MetricRegistriesImpl.java:lambda$create$1(61)) - First MetricRegistry has been created without registering reporters. You may need to call MetricRegistries.global().addReportRegistration(...) before.
2019-11-06 22:00:40,472 [pool-27-thread-1] WARN  impl.MetricRegistriesImpl (MetricRegistriesImpl.java:lambda$create$1(61)) - First MetricRegistry has been created without registering reporters. You may need to call MetricRegistries.global().addReportRegistration(...) before.
2019-11-06 22:00:40,475 [pool-27-thread-1] INFO  impl.RaftServerImpl (RaftServerImpl.java:start(184)) - f43e54ba-3512-4e04-ab9f-9f297ff5c4f5@group-FEB9E5B0752C: start as a follower, conf=-1: [f43e54ba-3512-4e04-ab9f-9f297ff5c4f5:192.168.69.67:44224], old=null
2019-11-06 22:00:40,477 [pool-27-thread-1] INFO  impl.RaftServerImpl (RaftServerImpl.java:setRole(173)) - f43e54ba-3512-4e04-ab9f-9f297ff5c4f5@group-FEB9E5B0752C: changes role from      null to FOLLOWER at term 0 for startAsFollower
2019-11-06 22:00:40,479 [pool-27-thread-1] INFO  impl.RoleInfo (RoleInfo.java:updateAndGet(143)) - f43e54ba-3512-4e04-ab9f-9f297ff5c4f5: start FollowerState
2019-11-06 22:00:40,482 [pool-27-thread-1] INFO  util.JmxRegister (JmxRegister.java:tryRegister(44)) - Successfully registered JMX Bean with object name Ratis:service=RaftServer,group=group-FEB9E5B0752C,id=f43e54ba-3512-4e04-ab9f-9f297ff5c4f5
2019-11-06 22:00:40,484 [pool-27-thread-1] WARN  impl.MetricRegistriesImpl (MetricRegistriesImpl.java:lambda$create$1(61)) - First MetricRegistry has been created without registering reporters. You may need to call MetricRegistries.global().addReportRegistration(...) before.
2019-11-06 22:00:40,543 [RatisPipelineUtilsThread] INFO  pipeline.PipelineStateManager (PipelineStateManager.java:addPipeline(55)) - Created pipeline Pipeline[ Id: 02639149-ea25-4fb3-833e-feb9e5b0752c, Nodes: f43e54ba-3512-4e04-ab9f-9f297ff5c4f5{ip: 192.168.69.67, host: pr-hdds-1868-vmdzj-1914290063, networkLocation: /default-rack, certSerialId: null}, Type:RATIS, Factor:ONE, State:ALLOCATED]
2019-11-06 22:00:40,559 [grpc-default-executor-0] INFO  impl.RaftServerProxy (RaftServerProxy.java:addNew(89)) - 388ec716-e68c-4af6-83f1-31c84c7cef06: addNew group-4D5D277D5577:[388ec716-e68c-4af6-83f1-31c84c7cef06:192.168.69.67:39108] returns group-4D5D277D5577:java.util.concurrent.CompletableFuture@724da6ff[Not completed]
2019-11-06 22:00:40,580 [pool-37-thread-1] INFO  impl.RaftServerImpl (RaftServerImpl.java:<init>(98)) - 388ec716-e68c-4af6-83f1-31c84c7cef06: new RaftServerImpl for group-4D5D277D5577:[388ec716-e68c-4af6-83f1-31c84c7cef06:192.168.69.67:39108] with ContainerStateMachine:uninitialized
2019-11-06 22:00:40,581 [pool-37-thread-1] INFO  server.RaftServerConfigKeys (ConfUtils.java:logGet(43)) - raft.server.rpc.timeout.min = 5s (custom)
2019-11-06 22:00:40,582 [pool-37-thread-1] INFO  server.RaftServerConfigKeys (ConfUtils.java:logGet(43)) - raft.server.rpc.timeout.max = 5200ms (custom)
2019-11-06 22:00:40,582 [pool-37-thread-1] INFO  server.RaftServerConfigKeys (ConfUtils.java:logGet(43)) - raft.server.rpcslowness.timeout = 120s (custom)
2019-11-06 22:00:40,582 [pool-37-thread-1] INFO  server.RaftServerConfigKeys (ConfUtils.java:logGet(43)) - raft.server.sleep.deviation.threshold = 300 (default)
2019-11-06 22:00:40,582 [pool-37-thread-1] INFO  server.RaftServerConfigKeys (ConfUtils.java:logGet(43)) - raft.server.log.appender.install.snapshot.enabled = false (custom)
2019-11-06 22:00:40,582 [pool-37-thread-1] INFO  impl.RaftServerImpl (ServerState.java:<init>(103)) - 388ec716-e68c-4af6-83f1-31c84c7cef06@group-4D5D277D5577: ConfigurationManager, init=-1: [388ec716-e68c-4af6-83f1-31c84c7cef06:192.168.69.67:39108], old=null, confs=<EMPTY_MAP>
2019-11-06 22:00:40,583 [pool-37-thread-1] INFO  server.RaftServerConfigKeys (ConfUtils.java:logGet(43)) - raft.server.storage.dir = [/workdir/hadoop-ozone/tools/target/test-dir/MiniOzoneClusterImpl-e43eae99-bc27-4f1a-9c22-6446528dd8bd/datanode-1/data/ratis] (custom)
2019-11-06 22:00:40,583 [pool-37-thread-1] INFO  server.RaftServerConfigKeys (ConfUtils.java:logGet(43)) - raft.server.log.corruption.policy = EXCEPTION (default)
2019-11-06 22:00:40,584 [pool-37-thread-1] INFO  storage.RaftStorageDirectory (RaftStorageDirectory.java:analyzeStorage(246)) - The storage directory /workdir/hadoop-ozone/tools/target/test-dir/MiniOzoneClusterImpl-e43eae99-bc27-4f1a-9c22-6446528dd8bd/datanode-1/data/ratis/26101670-fbf7-41f6-9b91-4d5d277d5577 does not exist. Creating ...
2019-11-06 22:00:40,607 [pool-37-thread-1] INFO  storage.RaftStorageDirectory (RaftStorageDirectory.java:tryLock(328)) - Lock on /workdir/hadoop-ozone/tools/target/test-dir/MiniOzoneClusterImpl-e43eae99-bc27-4f1a-9c22-6446528dd8bd/datanode-1/data/ratis/26101670-fbf7-41f6-9b91-4d5d277d5577/in_use.lock acquired by nodename 23789@pr-hdds-1868-vmdzj-1914290063
2019-11-06 22:00:40,623 [pool-37-thread-1] INFO  storage.RaftStorage (RaftStorage.java:format(84)) - Storage directory /workdir/hadoop-ozone/tools/target/test-dir/MiniOzoneClusterImpl-e43eae99-bc27-4f1a-9c22-6446528dd8bd/datanode-1/data/ratis/26101670-fbf7-41f6-9b91-4d5d277d5577 has been successfully formatted.
2019-11-06 22:00:40,624 [pool-37-thread-1] INFO  ratis.ContainerStateMachine (ContainerStateMachine.java:loadSnapshot(223)) - group-4D5D277D5577: The snapshot info is null. Setting the last applied indexto:(t:0, i:~)
2019-11-06 22:00:40,625 [pool-37-thread-1] INFO  server.RaftServerConfigKeys (ConfUtils.java:logGet(43)) - raft.server.notification.no-leader.timeout = 120s (custom)
2019-11-06 22:00:40,625 [pool-37-thread-1] INFO  server.RaftServerConfigKeys (ConfUtils.java:logGet(43)) - raft.server.log.use.memory = false (default)
2019-11-06 22:00:40,625 [pool-37-thread-1] INFO  server.RaftServerConfigKeys (ConfUtils.java:logGet(43)) - raft.server.log.purge.gap = 1000000 (custom)
2019-11-06 22:00:40,626 [pool-37-thread-1] INFO  server.RaftServerConfigKeys (ConfUtils.java:logGet(43)) - raft.server.log.appender.buffer.byte-limit = 33554432 (custom)
2019-11-06 22:00:40,626 [pool-37-thread-1] INFO  server.RaftServerConfigKeys (ConfUtils.java:logGet(43)) - raft.server.log.segment.size.max = 1048576 (custom)
2019-11-06 22:00:40,626 [pool-37-thread-1] WARN  impl.MetricRegistriesImpl (MetricRegistriesImpl.java:lambda$create$1(61)) - First MetricRegistry has been created without registering reporters. You may need to call MetricRegistries.global().addReportRegistration(...) before.
2019-11-06 22:00:40,627 [pool-37-thread-1] INFO  server.RaftServerConfigKeys (ConfUtils.java:logGet(43)) - raft.server.log.segment.cache.num.max = 2 (custom)
2019-11-06 22:00:40,627 [pool-37-thread-1] INFO  segmented.SegmentedRaftLogWorker (SegmentedRaftLogWorker.java:<init>(173)) - new 388ec716-e68c-4af6-83f1-31c84c7cef06@group-4D5D277D5577-SegmentedRaftLogWorker for RaftStorage:Storage Directory /workdir/hadoop-ozone/tools/target/test-dir/MiniOzoneClusterImpl-e43eae99-bc27-4f1a-9c22-6446528dd8bd/datanode-1/data/ratis/26101670-fbf7-41f6-9b91-4d5d277d5577
2019-11-06 22:00:40,628 [pool-37-thread-1] INFO  server.RaftServerConfigKeys (ConfUtils.java:logGet(43)) - raft.server.log.queue.byte-limit = 2147483647 (custom)
2019-11-06 22:00:40,628 [pool-37-thread-1] INFO  server.RaftServerConfigKeys (ConfUtils.java:logGet(43)) - raft.server.log.queue.element-limit = 1024 (custom)
2019-11-06 22:00:40,628 [pool-37-thread-1] INFO  server.RaftServerConfigKeys (ConfUtils.java:logGet(43)) - raft.server.log.segment.size.max = 1048576 (custom)
2019-11-06 22:00:40,629 [pool-37-thread-1] INFO  server.RaftServerConfigKeys (ConfUtils.java:logGet(43)) - raft.server.log.preallocated.size = 16384 (custom)
2019-11-06 22:00:40,629 [pool-37-thread-1] INFO  server.RaftServerConfigKeys (ConfUtils.java:logGet(43)) - raft.server.log.write.buffer.size = 33554432 (custom)
2019-11-06 22:00:40,629 [pool-37-thread-1] INFO  server.RaftServerConfigKeys (ConfUtils.java:logGet(43)) - raft.server.log.force.sync.num = 128 (default)
2019-11-06 22:00:40,629 [pool-37-thread-1] INFO  server.RaftServerConfigKeys (ConfUtils.java:logGet(43)) - raft.server.log.statemachine.data.sync = true (default)
2019-11-06 22:00:40,629 [pool-37-thread-1] INFO  server.RaftServerConfigKeys (ConfUtils.java:logGet(43)) - raft.server.log.statemachine.data.sync.timeout = 10s (default)
2019-11-06 22:00:40,629 [pool-37-thread-1] INFO  server.RaftServerConfigKeys (ConfUtils.java:logGet(43)) - raft.server.log.statemachine.data.sync.timeout.retry = -1 (default)
2019-11-06 22:00:40,630 [pool-37-thread-1] INFO  server.RaftServerConfigKeys (ConfUtils.java:logGet(43)) - raft.server.log.statemachine.data.caching.enabled = true (custom)
2019-11-06 22:00:40,630 [pool-37-thread-1] INFO  segmented.SegmentedRaftLogWorker (SegmentedRaftLogWorker.java:lambda$new$0(128)) - 388ec716-e68c-4af6-83f1-31c84c7cef06@group-4D5D277D5577-SegmentedRaftLogWorker: flushIndex: setUnconditionally 0 -> -1
2019-11-06 22:00:40,630 [pool-37-thread-1] INFO  server.RaftServerConfigKeys (ConfUtils.java:logGet(43)) - raft.server.snapshot.auto.trigger.enabled = true (custom)
2019-11-06 22:00:40,631 [pool-37-thread-1] INFO  server.RaftServerConfigKeys (ConfUtils.java:logGet(43)) - raft.server.snapshot.auto.trigger.threshold = 10000 (custom)
2019-11-06 22:00:40,631 [pool-37-thread-1] INFO  server.RaftServerConfigKeys (ConfUtils.java:logGet(43)) - raft.server.snapshot.retention.file.num = 5 (custom)
2019-11-06 22:00:40,631 [pool-37-thread-1] INFO  server.RaftServerConfigKeys (ConfUtils.java:logGet(43)) - raft.server.retrycache.expirytime = 600000ms (custom)
2019-11-06 22:00:40,631 [pool-37-thread-1] WARN  impl.MetricRegistriesImpl (MetricRegistriesImpl.java:lambda$create$1(61)) - First MetricRegistry has been created without registering reporters. You may need to call MetricRegistries.global().addReportRegistration(...) before.
2019-11-06 22:00:40,631 [pool-37-thread-1] WARN  impl.MetricRegistriesImpl (MetricRegistriesImpl.java:lambda$create$1(61)) - First MetricRegistry has been created without registering reporters. You may need to call MetricRegistries.global().addReportRegistration(...) before.
2019-11-06 22:00:40,632 [pool-37-thread-1] INFO  impl.RaftServerImpl (RaftServerImpl.java:start(184)) - 388ec716-e68c-4af6-83f1-31c84c7cef06@group-4D5D277D5577: start as a follower, conf=-1: [388ec716-e68c-4af6-83f1-31c84c7cef06:192.168.69.67:39108], old=null
2019-11-06 22:00:40,632 [pool-37-thread-1] INFO  impl.RaftServerImpl (RaftServerImpl.java:setRole(173)) - 388ec716-e68c-4af6-83f1-31c84c7cef06@group-4D5D277D5577: changes role from      null to FOLLOWER at term 0 for startAsFollower
2019-11-06 22:00:40,632 [pool-37-thread-1] INFO  impl.RoleInfo (RoleInfo.java:updateAndGet(143)) - 388ec716-e68c-4af6-83f1-31c84c7cef06: start FollowerState
2019-11-06 22:00:40,633 [pool-37-thread-1] INFO  util.JmxRegister (JmxRegister.java:tryRegister(44)) - Successfully registered JMX Bean with object name Ratis:service=RaftServer,group=group-4D5D277D5577,id=388ec716-e68c-4af6-83f1-31c84c7cef06
2019-11-06 22:00:40,634 [pool-37-thread-1] WARN  impl.MetricRegistriesImpl (MetricRegistriesImpl.java:lambda$create$1(61)) - First MetricRegistry has been created without registering reporters. You may need to call MetricRegistries.global().addReportRegistration(...) before.
2019-11-06 22:00:40,646 [RatisPipelineUtilsThread] INFO  pipeline.PipelineStateManager (PipelineStateManager.java:addPipeline(55)) - Created pipeline Pipeline[ Id: 26101670-fbf7-41f6-9b91-4d5d277d5577, Nodes: 388ec716-e68c-4af6-83f1-31c84c7cef06{ip: 192.168.69.67, host: pr-hdds-1868-vmdzj-1914290063, networkLocation: /default-rack, certSerialId: null}, Type:RATIS, Factor:ONE, State:ALLOCATED]
2019-11-06 22:00:40,663 [grpc-default-executor-0] INFO  impl.RaftServerProxy (RaftServerProxy.java:addNew(89)) - 692acf91-075d-4599-8cc1-9f4b7a7c5a1f: addNew group-612D64E796AB:[692acf91-075d-4599-8cc1-9f4b7a7c5a1f:192.168.69.67:46565] returns group-612D64E796AB:java.util.concurrent.CompletableFuture@6f4db57d[Not completed]
2019-11-06 22:00:40,678 [pool-47-thread-1] INFO  impl.RaftServerImpl (RaftServerImpl.java:<init>(98)) - 692acf91-075d-4599-8cc1-9f4b7a7c5a1f: new RaftServerImpl for group-612D64E796AB:[692acf91-075d-4599-8cc1-9f4b7a7c5a1f:192.168.69.67:46565] with ContainerStateMachine:uninitialized
2019-11-06 22:00:40,679 [pool-47-thread-1] INFO  server.RaftServerConfigKeys (ConfUtils.java:logGet(43)) - raft.server.rpc.timeout.min = 5s (custom)
2019-11-06 22:00:40,679 [pool-47-thread-1] INFO  server.RaftServerConfigKeys (ConfUtils.java:logGet(43)) - raft.server.rpc.timeout.max = 5200ms (custom)
2019-11-06 22:00:40,679 [pool-47-thread-1] INFO  server.RaftServerConfigKeys (ConfUtils.java:logGet(43)) - raft.server.rpcslowness.timeout = 120s (custom)
2019-11-06 22:00:40,680 [pool-47-thread-1] INFO  server.RaftServerConfigKeys (ConfUtils.java:logGet(43)) - raft.server.sleep.deviation.threshold = 300 (default)
2019-11-06 22:00:40,680 [pool-47-thread-1] INFO  server.RaftServerConfigKeys (ConfUtils.java:logGet(43)) - raft.server.log.appender.install.snapshot.enabled = false (custom)
2019-11-06 22:00:40,680 [pool-47-thread-1] INFO  impl.RaftServerImpl (ServerState.java:<init>(103)) - 692acf91-075d-4599-8cc1-9f4b7a7c5a1f@group-612D64E796AB: ConfigurationManager, init=-1: [692acf91-075d-4599-8cc1-9f4b7a7c5a1f:192.168.69.67:46565], old=null, confs=<EMPTY_MAP>
2019-11-06 22:00:40,680 [pool-47-thread-1] INFO  server.RaftServerConfigKeys (ConfUtils.java:logGet(43)) - raft.server.storage.dir = [/workdir/hadoop-ozone/tools/target/test-dir/MiniOzoneClusterImpl-e43eae99-bc27-4f1a-9c22-6446528dd8bd/datanode-2/data/ratis] (custom)
2019-11-06 22:00:40,681 [pool-47-thread-1] INFO  server.RaftServerConfigKeys (ConfUtils.java:logGet(43)) - raft.server.log.corruption.policy = EXCEPTION (default)
2019-11-06 22:00:40,681 [pool-47-thread-1] INFO  storage.RaftStorageDirectory (RaftStorageDirectory.java:analyzeStorage(246)) - The storage directory /workdir/hadoop-ozone/tools/target/test-dir/MiniOzoneClusterImpl-e43eae99-bc27-4f1a-9c22-6446528dd8bd/datanode-2/data/ratis/c6b2db31-87c6-47be-bfdc-612d64e796ab does not exist. Creating ...
2019-11-06 22:00:40,704 [pool-47-thread-1] INFO  storage.RaftStorageDirectory (RaftStorageDirectory.java:tryLock(328)) - Lock on /workdir/hadoop-ozone/tools/target/test-dir/MiniOzoneClusterImpl-e43eae99-bc27-4f1a-9c22-6446528dd8bd/datanode-2/data/ratis/c6b2db31-87c6-47be-bfdc-612d64e796ab/in_use.lock acquired by nodename 23789@pr-hdds-1868-vmdzj-1914290063
2019-11-06 22:00:40,728 [pool-47-thread-1] INFO  storage.RaftStorage (RaftStorage.java:format(84)) - Storage directory /workdir/hadoop-ozone/tools/target/test-dir/MiniOzoneClusterImpl-e43eae99-bc27-4f1a-9c22-6446528dd8bd/datanode-2/data/ratis/c6b2db31-87c6-47be-bfdc-612d64e796ab has been successfully formatted.
2019-11-06 22:00:40,728 [pool-47-thread-1] INFO  ratis.ContainerStateMachine (ContainerStateMachine.java:loadSnapshot(223)) - group-612D64E796AB: The snapshot info is null. Setting the last applied indexto:(t:0, i:~)
2019-11-06 22:00:40,728 [pool-47-thread-1] INFO  server.RaftServerConfigKeys (ConfUtils.java:logGet(43)) - raft.server.notification.no-leader.timeout = 120s (custom)
2019-11-06 22:00:40,729 [pool-47-thread-1] INFO  server.RaftServerConfigKeys (ConfUtils.java:logGet(43)) - raft.server.log.use.memory = false (default)
2019-11-06 22:00:40,729 [pool-47-thread-1] INFO  server.RaftServerConfigKeys (ConfUtils.java:logGet(43)) - raft.server.log.purge.gap = 1000000 (custom)
2019-11-06 22:00:40,729 [pool-47-thread-1] INFO  server.RaftServerConfigKeys (ConfUtils.java:logGet(43)) - raft.server.log.appender.buffer.byte-limit = 33554432 (custom)
2019-11-06 22:00:40,729 [pool-47-thread-1] INFO  server.RaftServerConfigKeys (ConfUtils.java:logGet(43)) - raft.server.log.segment.size.max = 1048576 (custom)
2019-11-06 22:00:40,729 [pool-47-thread-1] WARN  impl.MetricRegistriesImpl (MetricRegistriesImpl.java:lambda$create$1(61)) - First MetricRegistry has been created without registering reporters. You may need to call MetricRegistries.global().addReportRegistration(...) before.
2019-11-06 22:00:40,730 [pool-47-thread-1] INFO  server.RaftServerConfigKeys (ConfUtils.java:logGet(43)) - raft.server.log.segment.cache.num.max = 2 (custom)
2019-11-06 22:00:40,730 [pool-47-thread-1] INFO  segmented.SegmentedRaftLogWorker (SegmentedRaftLogWorker.java:<init>(173)) - new 692acf91-075d-4599-8cc1-9f4b7a7c5a1f@group-612D64E796AB-SegmentedRaftLogWorker for RaftStorage:Storage Directory /workdir/hadoop-ozone/tools/target/test-dir/MiniOzoneClusterImpl-e43eae99-bc27-4f1a-9c22-6446528dd8bd/datanode-2/data/ratis/c6b2db31-87c6-47be-bfdc-612d64e796ab
2019-11-06 22:00:40,730 [pool-47-thread-1] INFO  server.RaftServerConfigKeys (ConfUtils.java:logGet(43)) - raft.server.log.queue.byte-limit = 2147483647 (custom)
2019-11-06 22:00:40,730 [pool-47-thread-1] INFO  server.RaftServerConfigKeys (ConfUtils.java:logGet(43)) - raft.server.log.queue.element-limit = 1024 (custom)
2019-11-06 22:00:40,730 [pool-47-thread-1] INFO  server.RaftServerConfigKeys (ConfUtils.java:logGet(43)) - raft.server.log.segment.size.max = 1048576 (custom)
2019-11-06 22:00:40,731 [pool-47-thread-1] INFO  server.RaftServerConfigKeys (ConfUtils.java:logGet(43)) - raft.server.log.preallocated.size = 16384 (custom)
2019-11-06 22:00:40,731 [pool-47-thread-1] INFO  server.RaftServerConfigKeys (ConfUtils.java:logGet(43)) - raft.server.log.write.buffer.size = 33554432 (custom)
2019-11-06 22:00:40,731 [pool-47-thread-1] INFO  server.RaftServerConfigKeys (ConfUtils.java:logGet(43)) - raft.server.log.force.sync.num = 128 (default)
2019-11-06 22:00:40,731 [pool-47-thread-1] INFO  server.RaftServerConfigKeys (ConfUtils.java:logGet(43)) - raft.server.log.statemachine.data.sync = true (default)
2019-11-06 22:00:40,731 [pool-47-thread-1] INFO  server.RaftServerConfigKeys (ConfUtils.java:logGet(43)) - raft.server.log.statemachine.data.sync.timeout = 10s (default)
2019-11-06 22:00:40,731 [pool-47-thread-1] INFO  server.RaftServerConfigKeys (ConfUtils.java:logGet(43)) - raft.server.log.statemachine.data.sync.timeout.retry = -1 (default)
2019-11-06 22:00:40,732 [pool-47-thread-1] INFO  server.RaftServerConfigKeys (ConfUtils.java:logGet(43)) - raft.server.log.statemachine.data.caching.enabled = true (custom)
2019-11-06 22:00:40,732 [pool-47-thread-1] INFO  segmented.SegmentedRaftLogWorker (SegmentedRaftLogWorker.java:lambda$new$0(128)) - 692acf91-075d-4599-8cc1-9f4b7a7c5a1f@group-612D64E796AB-SegmentedRaftLogWorker: flushIndex: setUnconditionally 0 -> -1
2019-11-06 22:00:40,733 [pool-47-thread-1] INFO  server.RaftServerConfigKeys (ConfUtils.java:logGet(43)) - raft.server.snapshot.auto.trigger.enabled = true (custom)
2019-11-06 22:00:40,733 [pool-47-thread-1] INFO  server.RaftServerConfigKeys (ConfUtils.java:logGet(43)) - raft.server.snapshot.auto.trigger.threshold = 10000 (custom)
2019-11-06 22:00:40,733 [pool-47-thread-1] INFO  server.RaftServerConfigKeys (ConfUtils.java:logGet(43)) - raft.server.snapshot.retention.file.num = 5 (custom)
2019-11-06 22:00:40,734 [pool-47-thread-1] INFO  server.RaftServerConfigKeys (ConfUtils.java:logGet(43)) - raft.server.retrycache.expirytime = 600000ms (custom)
2019-11-06 22:00:40,734 [pool-47-thread-1] WARN  impl.MetricRegistriesImpl (MetricRegistriesImpl.java:lambda$create$1(61)) - First MetricRegistry has been created without registering reporters. You may need to call MetricRegistries.global().addReportRegistration(...) before.
2019-11-06 22:00:40,734 [pool-47-thread-1] WARN  impl.MetricRegistriesImpl (MetricRegistriesImpl.java:lambda$create$1(61)) - First MetricRegistry has been created without registering reporters. You may need to call MetricRegistries.global().addReportRegistration(...) before.
2019-11-06 22:00:40,734 [pool-47-thread-1] INFO  impl.RaftServerImpl (RaftServerImpl.java:start(184)) - 692acf91-075d-4599-8cc1-9f4b7a7c5a1f@group-612D64E796AB: start as a follower, conf=-1: [692acf91-075d-4599-8cc1-9f4b7a7c5a1f:192.168.69.67:46565], old=null
2019-11-06 22:00:40,735 [pool-47-thread-1] INFO  impl.RaftServerImpl (RaftServerImpl.java:setRole(173)) - 692acf91-075d-4599-8cc1-9f4b7a7c5a1f@group-612D64E796AB: changes role from      null to FOLLOWER at term 0 for startAsFollower
2019-11-06 22:00:40,735 [pool-47-thread-1] INFO  impl.RoleInfo (RoleInfo.java:updateAndGet(143)) - 692acf91-075d-4599-8cc1-9f4b7a7c5a1f: start FollowerState
2019-11-06 22:00:40,735 [pool-47-thread-1] INFO  util.JmxRegister (JmxRegister.java:tryRegister(44)) - Successfully registered JMX Bean with object name Ratis:service=RaftServer,group=group-612D64E796AB,id=692acf91-075d-4599-8cc1-9f4b7a7c5a1f
2019-11-06 22:00:40,736 [pool-47-thread-1] WARN  impl.MetricRegistriesImpl (MetricRegistriesImpl.java:lambda$create$1(61)) - First MetricRegistry has been created without registering reporters. You may need to call MetricRegistries.global().addReportRegistration(...) before.
2019-11-06 22:00:40,746 [RatisPipelineUtilsThread] INFO  pipeline.PipelineStateManager (PipelineStateManager.java:addPipeline(55)) - Created pipeline Pipeline[ Id: c6b2db31-87c6-47be-bfdc-612d64e796ab, Nodes: 692acf91-075d-4599-8cc1-9f4b7a7c5a1f{ip: 192.168.69.67, host: pr-hdds-1868-vmdzj-1914290063, networkLocation: /default-rack, certSerialId: null}, Type:RATIS, Factor:ONE, State:ALLOCATED]
2019-11-06 22:00:40,780 [grpc-default-executor-2] INFO  impl.RaftServerProxy (RaftServerProxy.java:addNew(89)) - 692acf91-075d-4599-8cc1-9f4b7a7c5a1f: addNew group-4C24AD834EFF:[388ec716-e68c-4af6-83f1-31c84c7cef06:192.168.69.67:39108, f43e54ba-3512-4e04-ab9f-9f297ff5c4f5:192.168.69.67:44224, 692acf91-075d-4599-8cc1-9f4b7a7c5a1f:192.168.69.67:46565] returns group-4C24AD834EFF:java.util.concurrent.CompletableFuture@16f9e5d3[Not completed]
2019-11-06 22:00:40,780 [grpc-default-executor-1] INFO  impl.RaftServerProxy (RaftServerProxy.java:addNew(89)) - f43e54ba-3512-4e04-ab9f-9f297ff5c4f5: addNew group-4C24AD834EFF:[388ec716-e68c-4af6-83f1-31c84c7cef06:192.168.69.67:39108, f43e54ba-3512-4e04-ab9f-9f297ff5c4f5:192.168.69.67:44224, 692acf91-075d-4599-8cc1-9f4b7a7c5a1f:192.168.69.67:46565] returns group-4C24AD834EFF:java.util.concurrent.CompletableFuture@6353dea1[Not completed]
2019-11-06 22:00:40,780 [grpc-default-executor-0] INFO  impl.RaftServerProxy (RaftServerProxy.java:addNew(89)) - 388ec716-e68c-4af6-83f1-31c84c7cef06: addNew group-4C24AD834EFF:[388ec716-e68c-4af6-83f1-31c84c7cef06:192.168.69.67:39108, f43e54ba-3512-4e04-ab9f-9f297ff5c4f5:192.168.69.67:44224, 692acf91-075d-4599-8cc1-9f4b7a7c5a1f:192.168.69.67:46565] returns group-4C24AD834EFF:java.util.concurrent.CompletableFuture@36b2fe6d[Not completed]
2019-11-06 22:00:40,784 [pool-37-thread-1] INFO  impl.RaftServerImpl (RaftServerImpl.java:<init>(98)) - 388ec716-e68c-4af6-83f1-31c84c7cef06: new RaftServerImpl for group-4C24AD834EFF:[388ec716-e68c-4af6-83f1-31c84c7cef06:192.168.69.67:39108, f43e54ba-3512-4e04-ab9f-9f297ff5c4f5:192.168.69.67:44224, 692acf91-075d-4599-8cc1-9f4b7a7c5a1f:192.168.69.67:46565] with ContainerStateMachine:uninitialized
2019-11-06 22:00:40,784 [pool-37-thread-1] INFO  server.RaftServerConfigKeys (ConfUtils.java:logGet(43)) - raft.server.rpc.timeout.min = 5s (custom)
2019-11-06 22:00:40,785 [pool-37-thread-1] INFO  server.RaftServerConfigKeys (ConfUtils.java:logGet(43)) - raft.server.rpc.timeout.max = 5200ms (custom)
2019-11-06 22:00:40,785 [pool-37-thread-1] INFO  server.RaftServerConfigKeys (ConfUtils.java:logGet(43)) - raft.server.rpcslowness.timeout = 120s (custom)
2019-11-06 22:00:40,785 [pool-37-thread-1] INFO  server.RaftServerConfigKeys (ConfUtils.java:logGet(43)) - raft.server.sleep.deviation.threshold = 300 (default)
2019-11-06 22:00:40,785 [pool-37-thread-1] INFO  server.RaftServerConfigKeys (ConfUtils.java:logGet(43)) - raft.server.log.appender.install.snapshot.enabled = false (custom)
2019-11-06 22:00:40,786 [pool-37-thread-1] INFO  impl.RaftServerImpl (ServerState.java:<init>(103)) - 388ec716-e68c-4af6-83f1-31c84c7cef06@group-4C24AD834EFF: ConfigurationManager, init=-1: [388ec716-e68c-4af6-83f1-31c84c7cef06:192.168.69.67:39108, f43e54ba-3512-4e04-ab9f-9f297ff5c4f5:192.168.69.67:44224, 692acf91-075d-4599-8cc1-9f4b7a7c5a1f:192.168.69.67:46565], old=null, confs=<EMPTY_MAP>
2019-11-06 22:00:40,786 [pool-47-thread-1] INFO  impl.RaftServerImpl (RaftServerImpl.java:<init>(98)) - 692acf91-075d-4599-8cc1-9f4b7a7c5a1f: new RaftServerImpl for group-4C24AD834EFF:[388ec716-e68c-4af6-83f1-31c84c7cef06:192.168.69.67:39108, f43e54ba-3512-4e04-ab9f-9f297ff5c4f5:192.168.69.67:44224, 692acf91-075d-4599-8cc1-9f4b7a7c5a1f:192.168.69.67:46565] with ContainerStateMachine:uninitialized
2019-11-06 22:00:40,786 [pool-37-thread-1] INFO  server.RaftServerConfigKeys (ConfUtils.java:logGet(43)) - raft.server.storage.dir = [/workdir/hadoop-ozone/tools/target/test-dir/MiniOzoneClusterImpl-e43eae99-bc27-4f1a-9c22-6446528dd8bd/datanode-1/data/ratis] (custom)
2019-11-06 22:00:40,786 [pool-47-thread-1] INFO  server.RaftServerConfigKeys (ConfUtils.java:logGet(43)) - raft.server.rpc.timeout.min = 5s (custom)
2019-11-06 22:00:40,787 [pool-47-thread-1] INFO  server.RaftServerConfigKeys (ConfUtils.java:logGet(43)) - raft.server.rpc.timeout.max = 5200ms (custom)
2019-11-06 22:00:40,787 [pool-37-thread-1] INFO  server.RaftServerConfigKeys (ConfUtils.java:logGet(43)) - raft.server.log.corruption.policy = EXCEPTION (default)
2019-11-06 22:00:40,787 [pool-47-thread-1] INFO  server.RaftServerConfigKeys (ConfUtils.java:logGet(43)) - raft.server.rpcslowness.timeout = 120s (custom)
2019-11-06 22:00:40,787 [pool-37-thread-1] INFO  storage.RaftStorageDirectory (RaftStorageDirectory.java:analyzeStorage(246)) - The storage directory /workdir/hadoop-ozone/tools/target/test-dir/MiniOzoneClusterImpl-e43eae99-bc27-4f1a-9c22-6446528dd8bd/datanode-1/data/ratis/a9be6fb9-5b79-4e45-97c2-4c24ad834eff does not exist. Creating ...
2019-11-06 22:00:40,787 [pool-27-thread-1] INFO  impl.RaftServerImpl (RaftServerImpl.java:<init>(98)) - f43e54ba-3512-4e04-ab9f-9f297ff5c4f5: new RaftServerImpl for group-4C24AD834EFF:[388ec716-e68c-4af6-83f1-31c84c7cef06:192.168.69.67:39108, f43e54ba-3512-4e04-ab9f-9f297ff5c4f5:192.168.69.67:44224, 692acf91-075d-4599-8cc1-9f4b7a7c5a1f:192.168.69.67:46565] with ContainerStateMachine:uninitialized
2019-11-06 22:00:40,787 [pool-47-thread-1] INFO  server.RaftServerConfigKeys (ConfUtils.java:logGet(43)) - raft.server.sleep.deviation.threshold = 300 (default)
2019-11-06 22:00:40,788 [pool-27-thread-1] INFO  server.RaftServerConfigKeys (ConfUtils.java:logGet(43)) - raft.server.rpc.timeout.min = 5s (custom)
2019-11-06 22:00:40,788 [pool-47-thread-1] INFO  server.RaftServerConfigKeys (ConfUtils.java:logGet(43)) - raft.server.log.appender.install.snapshot.enabled = false (custom)
2019-11-06 22:00:40,788 [pool-27-thread-1] INFO  server.RaftServerConfigKeys (ConfUtils.java:logGet(43)) - raft.server.rpc.timeout.max = 5200ms (custom)
2019-11-06 22:00:40,789 [pool-47-thread-1] INFO  impl.RaftServerImpl (ServerState.java:<init>(103)) - 692acf91-075d-4599-8cc1-9f4b7a7c5a1f@group-4C24AD834EFF: ConfigurationManager, init=-1: [388ec716-e68c-4af6-83f1-31c84c7cef06:192.168.69.67:39108, f43e54ba-3512-4e04-ab9f-9f297ff5c4f5:192.168.69.67:44224, 692acf91-075d-4599-8cc1-9f4b7a7c5a1f:192.168.69.67:46565], old=null, confs=<EMPTY_MAP>
2019-11-06 22:00:40,789 [pool-27-thread-1] INFO  server.RaftServerConfigKeys (ConfUtils.java:logGet(43)) - raft.server.rpcslowness.timeout = 120s (custom)
2019-11-06 22:00:40,789 [pool-47-thread-1] INFO  server.RaftServerConfigKeys (ConfUtils.java:logGet(43)) - raft.server.storage.dir = [/workdir/hadoop-ozone/tools/target/test-dir/MiniOzoneClusterImpl-e43eae99-bc27-4f1a-9c22-6446528dd8bd/datanode-2/data/ratis] (custom)
2019-11-06 22:00:40,789 [pool-27-thread-1] INFO  server.RaftServerConfigKeys (ConfUtils.java:logGet(43)) - raft.server.sleep.deviation.threshold = 300 (default)
2019-11-06 22:00:40,789 [pool-27-thread-1] INFO  server.RaftServerConfigKeys (ConfUtils.java:logGet(43)) - raft.server.log.appender.install.snapshot.enabled = false (custom)
2019-11-06 22:00:40,789 [pool-47-thread-1] INFO  server.RaftServerConfigKeys (ConfUtils.java:logGet(43)) - raft.server.log.corruption.policy = EXCEPTION (default)
2019-11-06 22:00:40,790 [pool-27-thread-1] INFO  impl.RaftServerImpl (ServerState.java:<init>(103)) - f43e54ba-3512-4e04-ab9f-9f297ff5c4f5@group-4C24AD834EFF: ConfigurationManager, init=-1: [388ec716-e68c-4af6-83f1-31c84c7cef06:192.168.69.67:39108, f43e54ba-3512-4e04-ab9f-9f297ff5c4f5:192.168.69.67:44224, 692acf91-075d-4599-8cc1-9f4b7a7c5a1f:192.168.69.67:46565], old=null, confs=<EMPTY_MAP>
2019-11-06 22:00:40,790 [pool-47-thread-1] INFO  storage.RaftStorageDirectory (RaftStorageDirectory.java:analyzeStorage(246)) - The storage directory /workdir/hadoop-ozone/tools/target/test-dir/MiniOzoneClusterImpl-e43eae99-bc27-4f1a-9c22-6446528dd8bd/datanode-2/data/ratis/a9be6fb9-5b79-4e45-97c2-4c24ad834eff does not exist. Creating ...
2019-11-06 22:00:40,790 [pool-27-thread-1] INFO  server.RaftServerConfigKeys (ConfUtils.java:logGet(43)) - raft.server.storage.dir = [/workdir/hadoop-ozone/tools/target/test-dir/MiniOzoneClusterImpl-e43eae99-bc27-4f1a-9c22-6446528dd8bd/datanode-0/data/ratis] (custom)
2019-11-06 22:00:40,791 [pool-27-thread-1] INFO  server.RaftServerConfigKeys (ConfUtils.java:logGet(43)) - raft.server.log.corruption.policy = EXCEPTION (default)
2019-11-06 22:00:40,791 [pool-27-thread-1] INFO  storage.RaftStorageDirectory (RaftStorageDirectory.java:analyzeStorage(246)) - The storage directory /workdir/hadoop-ozone/tools/target/test-dir/MiniOzoneClusterImpl-e43eae99-bc27-4f1a-9c22-6446528dd8bd/datanode-0/data/ratis/a9be6fb9-5b79-4e45-97c2-4c24ad834eff does not exist. Creating ...
2019-11-06 22:00:40,822 [pool-37-thread-1] INFO  storage.RaftStorageDirectory (RaftStorageDirectory.java:tryLock(328)) - Lock on /workdir/hadoop-ozone/tools/target/test-dir/MiniOzoneClusterImpl-e43eae99-bc27-4f1a-9c22-6446528dd8bd/datanode-1/data/ratis/a9be6fb9-5b79-4e45-97c2-4c24ad834eff/in_use.lock acquired by nodename 23789@pr-hdds-1868-vmdzj-1914290063
2019-11-06 22:00:40,822 [pool-47-thread-1] INFO  storage.RaftStorageDirectory (RaftStorageDirectory.java:tryLock(328)) - Lock on /workdir/hadoop-ozone/tools/target/test-dir/MiniOzoneClusterImpl-e43eae99-bc27-4f1a-9c22-6446528dd8bd/datanode-2/data/ratis/a9be6fb9-5b79-4e45-97c2-4c24ad834eff/in_use.lock acquired by nodename 23789@pr-hdds-1868-vmdzj-1914290063
2019-11-06 22:00:40,822 [pool-27-thread-1] INFO  storage.RaftStorageDirectory (RaftStorageDirectory.java:tryLock(328)) - Lock on /workdir/hadoop-ozone/tools/target/test-dir/MiniOzoneClusterImpl-e43eae99-bc27-4f1a-9c22-6446528dd8bd/datanode-0/data/ratis/a9be6fb9-5b79-4e45-97c2-4c24ad834eff/in_use.lock acquired by nodename 23789@pr-hdds-1868-vmdzj-1914290063
2019-11-06 22:00:40,848 [pool-47-thread-1] INFO  storage.RaftStorage (RaftStorage.java:format(84)) - Storage directory /workdir/hadoop-ozone/tools/target/test-dir/MiniOzoneClusterImpl-e43eae99-bc27-4f1a-9c22-6446528dd8bd/datanode-2/data/ratis/a9be6fb9-5b79-4e45-97c2-4c24ad834eff has been successfully formatted.
2019-11-06 22:00:40,848 [pool-37-thread-1] INFO  storage.RaftStorage (RaftStorage.java:format(84)) - Storage directory /workdir/hadoop-ozone/tools/target/test-dir/MiniOzoneClusterImpl-e43eae99-bc27-4f1a-9c22-6446528dd8bd/datanode-1/data/ratis/a9be6fb9-5b79-4e45-97c2-4c24ad834eff has been successfully formatted.
2019-11-06 22:00:40,848 [pool-27-thread-1] INFO  storage.RaftStorage (RaftStorage.java:format(84)) - Storage directory /workdir/hadoop-ozone/tools/target/test-dir/MiniOzoneClusterImpl-e43eae99-bc27-4f1a-9c22-6446528dd8bd/datanode-0/data/ratis/a9be6fb9-5b79-4e45-97c2-4c24ad834eff has been successfully formatted.
2019-11-06 22:00:40,848 [pool-47-thread-1] INFO  ratis.ContainerStateMachine (ContainerStateMachine.java:loadSnapshot(223)) - group-4C24AD834EFF: The snapshot info is null. Setting the last applied indexto:(t:0, i:~)
2019-11-06 22:00:40,848 [pool-37-thread-1] INFO  ratis.ContainerStateMachine (ContainerStateMachine.java:loadSnapshot(223)) - group-4C24AD834EFF: The snapshot info is null. Setting the last applied indexto:(t:0, i:~)
2019-11-06 22:00:40,849 [pool-47-thread-1] INFO  server.RaftServerConfigKeys (ConfUtils.java:logGet(43)) - raft.server.notification.no-leader.timeout = 120s (custom)
2019-11-06 22:00:40,849 [pool-37-thread-1] INFO  server.RaftServerConfigKeys (ConfUtils.java:logGet(43)) - raft.server.notification.no-leader.timeout = 120s (custom)
2019-11-06 22:00:40,849 [pool-27-thread-1] INFO  ratis.ContainerStateMachine (ContainerStateMachine.java:loadSnapshot(223)) - group-4C24AD834EFF: The snapshot info is null. Setting the last applied indexto:(t:0, i:~)
2019-11-06 22:00:40,849 [pool-37-thread-1] INFO  server.RaftServerConfigKeys (ConfUtils.java:logGet(43)) - raft.server.log.use.memory = false (default)
2019-11-06 22:00:40,849 [pool-47-thread-1] INFO  server.RaftServerConfigKeys (ConfUtils.java:logGet(43)) - raft.server.log.use.memory = false (default)
2019-11-06 22:00:40,849 [pool-37-thread-1] INFO  server.RaftServerConfigKeys (ConfUtils.java:logGet(43)) - raft.server.log.purge.gap = 1000000 (custom)
2019-11-06 22:00:40,849 [pool-27-thread-1] INFO  server.RaftServerConfigKeys (ConfUtils.java:logGet(43)) - raft.server.notification.no-leader.timeout = 120s (custom)
2019-11-06 22:00:40,850 [pool-37-thread-1] INFO  server.RaftServerConfigKeys (ConfUtils.java:logGet(43)) - raft.server.log.appender.buffer.byte-limit = 33554432 (custom)
2019-11-06 22:00:40,849 [pool-47-thread-1] INFO  server.RaftServerConfigKeys (ConfUtils.java:logGet(43)) - raft.server.log.purge.gap = 1000000 (custom)
2019-11-06 22:00:40,850 [pool-27-thread-1] INFO  server.RaftServerConfigKeys (ConfUtils.java:logGet(43)) - raft.server.log.use.memory = false (default)
2019-11-06 22:00:40,850 [pool-37-thread-1] INFO  server.RaftServerConfigKeys (ConfUtils.java:logGet(43)) - raft.server.log.segment.size.max = 1048576 (custom)
2019-11-06 22:00:40,850 [pool-47-thread-1] INFO  server.RaftServerConfigKeys (ConfUtils.java:logGet(43)) - raft.server.log.appender.buffer.byte-limit = 33554432 (custom)
2019-11-06 22:00:40,850 [pool-27-thread-1] INFO  server.RaftServerConfigKeys (ConfUtils.java:logGet(43)) - raft.server.log.purge.gap = 1000000 (custom)
2019-11-06 22:00:40,851 [pool-47-thread-1] INFO  server.RaftServerConfigKeys (ConfUtils.java:logGet(43)) - raft.server.log.segment.size.max = 1048576 (custom)
2019-11-06 22:00:40,850 [pool-37-thread-1] INFO  server.RaftServerConfigKeys (ConfUtils.java:logGet(43)) - raft.server.log.segment.cache.num.max = 2 (custom)
2019-11-06 22:00:40,851 [pool-47-thread-1] INFO  server.RaftServerConfigKeys (ConfUtils.java:logGet(43)) - raft.server.log.segment.cache.num.max = 2 (custom)
2019-11-06 22:00:40,851 [pool-27-thread-1] INFO  server.RaftServerConfigKeys (ConfUtils.java:logGet(43)) - raft.server.log.appender.buffer.byte-limit = 33554432 (custom)
2019-11-06 22:00:40,851 [pool-47-thread-1] INFO  segmented.SegmentedRaftLogWorker (SegmentedRaftLogWorker.java:<init>(173)) - new 692acf91-075d-4599-8cc1-9f4b7a7c5a1f@group-4C24AD834EFF-SegmentedRaftLogWorker for RaftStorage:Storage Directory /workdir/hadoop-ozone/tools/target/test-dir/MiniOzoneClusterImpl-e43eae99-bc27-4f1a-9c22-6446528dd8bd/datanode-2/data/ratis/a9be6fb9-5b79-4e45-97c2-4c24ad834eff
2019-11-06 22:00:40,851 [pool-37-thread-1] INFO  segmented.SegmentedRaftLogWorker (SegmentedRaftLogWorker.java:<init>(173)) - new 388ec716-e68c-4af6-83f1-31c84c7cef06@group-4C24AD834EFF-SegmentedRaftLogWorker for RaftStorage:Storage Directory /workdir/hadoop-ozone/tools/target/test-dir/MiniOzoneClusterImpl-e43eae99-bc27-4f1a-9c22-6446528dd8bd/datanode-1/data/ratis/a9be6fb9-5b79-4e45-97c2-4c24ad834eff
2019-11-06 22:00:40,851 [pool-47-thread-1] INFO  server.RaftServerConfigKeys (ConfUtils.java:logGet(43)) - raft.server.log.queue.byte-limit = 2147483647 (custom)
2019-11-06 22:00:40,851 [pool-27-thread-1] INFO  server.RaftServerConfigKeys (ConfUtils.java:logGet(43)) - raft.server.log.segment.size.max = 1048576 (custom)
2019-11-06 22:00:40,852 [pool-47-thread-1] INFO  server.RaftServerConfigKeys (ConfUtils.java:logGet(43)) - raft.server.log.queue.element-limit = 1024 (custom)
2019-11-06 22:00:40,852 [pool-37-thread-1] INFO  server.RaftServerConfigKeys (ConfUtils.java:logGet(43)) - raft.server.log.queue.byte-limit = 2147483647 (custom)
2019-11-06 22:00:40,852 [pool-47-thread-1] INFO  server.RaftServerConfigKeys (ConfUtils.java:logGet(43)) - raft.server.log.segment.size.max = 1048576 (custom)
2019-11-06 22:00:40,852 [pool-27-thread-1] INFO  server.RaftServerConfigKeys (ConfUtils.java:logGet(43)) - raft.server.log.segment.cache.num.max = 2 (custom)
2019-11-06 22:00:40,852 [pool-47-thread-1] INFO  server.RaftServerConfigKeys (ConfUtils.java:logGet(43)) - raft.server.log.preallocated.size = 16384 (custom)
2019-11-06 22:00:40,852 [pool-37-thread-1] INFO  server.RaftServerConfigKeys (ConfUtils.java:logGet(43)) - raft.server.log.queue.element-limit = 1024 (custom)
2019-11-06 22:00:40,853 [pool-47-thread-1] INFO  server.RaftServerConfigKeys (ConfUtils.java:logGet(43)) - raft.server.log.write.buffer.size = 33554432 (custom)
2019-11-06 22:00:40,853 [pool-27-thread-1] INFO  segmented.SegmentedRaftLogWorker (SegmentedRaftLogWorker.java:<init>(173)) - new f43e54ba-3512-4e04-ab9f-9f297ff5c4f5@group-4C24AD834EFF-SegmentedRaftLogWorker for RaftStorage:Storage Directory /workdir/hadoop-ozone/tools/target/test-dir/MiniOzoneClusterImpl-e43eae99-bc27-4f1a-9c22-6446528dd8bd/datanode-0/data/ratis/a9be6fb9-5b79-4e45-97c2-4c24ad834eff
2019-11-06 22:00:40,853 [pool-47-thread-1] INFO  server.RaftServerConfigKeys (ConfUtils.java:logGet(43)) - raft.server.log.force.sync.num = 128 (default)
2019-11-06 22:00:40,853 [pool-37-thread-1] INFO  server.RaftServerConfigKeys (ConfUtils.java:logGet(43)) - raft.server.log.segment.size.max = 1048576 (custom)
2019-11-06 22:00:40,854 [pool-47-thread-1] INFO  server.RaftServerConfigKeys (ConfUtils.java:logGet(43)) - raft.server.log.statemachine.data.sync = true (default)
2019-11-06 22:00:40,853 [pool-27-thread-1] INFO  server.RaftServerConfigKeys (ConfUtils.java:logGet(43)) - raft.server.log.queue.byte-limit = 2147483647 (custom)
2019-11-06 22:00:40,854 [pool-47-thread-1] INFO  server.RaftServerConfigKeys (ConfUtils.java:logGet(43)) - raft.server.log.statemachine.data.sync.timeout = 10s (default)
2019-11-06 22:00:40,854 [pool-37-thread-1] INFO  server.RaftServerConfigKeys (ConfUtils.java:logGet(43)) - raft.server.log.preallocated.size = 16384 (custom)
2019-11-06 22:00:40,854 [pool-47-thread-1] INFO  server.RaftServerConfigKeys (ConfUtils.java:logGet(43)) - raft.server.log.statemachine.data.sync.timeout.retry = -1 (default)
2019-11-06 22:00:40,854 [pool-27-thread-1] INFO  server.RaftServerConfigKeys (ConfUtils.java:logGet(43)) - raft.server.log.queue.element-limit = 1024 (custom)
2019-11-06 22:00:40,854 [pool-37-thread-1] INFO  server.RaftServerConfigKeys (ConfUtils.java:logGet(43)) - raft.server.log.write.buffer.size = 33554432 (custom)
2019-11-06 22:00:40,855 [pool-27-thread-1] INFO  server.RaftServerConfigKeys (ConfUtils.java:logGet(43)) - raft.server.log.segment.size.max = 1048576 (custom)
2019-11-06 22:00:40,855 [pool-47-thread-1] INFO  server.RaftServerConfigKeys (ConfUtils.java:logGet(43)) - raft.server.log.statemachine.data.caching.enabled = true (custom)
2019-11-06 22:00:40,855 [pool-27-thread-1] INFO  server.RaftServerConfigKeys (ConfUtils.java:logGet(43)) - raft.server.log.preallocated.size = 16384 (custom)
2019-11-06 22:00:40,855 [pool-37-thread-1] INFO  server.RaftServerConfigKeys (ConfUtils.java:logGet(43)) - raft.server.log.force.sync.num = 128 (default)
2019-11-06 22:00:40,855 [pool-47-thread-1] INFO  segmented.SegmentedRaftLogWorker (SegmentedRaftLogWorker.java:lambda$new$0(128)) - 692acf91-075d-4599-8cc1-9f4b7a7c5a1f@group-4C24AD834EFF-SegmentedRaftLogWorker: flushIndex: setUnconditionally 0 -> -1
2019-11-06 22:00:40,856 [pool-37-thread-1] INFO  server.RaftServerConfigKeys (ConfUtils.java:logGet(43)) - raft.server.log.statemachine.data.sync = true (default)
2019-11-06 22:00:40,855 [pool-27-thread-1] INFO  server.RaftServerConfigKeys (ConfUtils.java:logGet(43)) - raft.server.log.write.buffer.size = 33554432 (custom)
2019-11-06 22:00:40,856 [pool-47-thread-1] INFO  server.RaftServerConfigKeys (ConfUtils.java:logGet(43)) - raft.server.snapshot.auto.trigger.enabled = true (custom)
2019-11-06 22:00:40,856 [pool-37-thread-1] INFO  server.RaftServerConfigKeys (ConfUtils.java:logGet(43)) - raft.server.log.statemachine.data.sync.timeout = 10s (default)
2019-11-06 22:00:40,856 [pool-47-thread-1] INFO  server.RaftServerConfigKeys (ConfUtils.java:logGet(43)) - raft.server.snapshot.auto.trigger.threshold = 10000 (custom)
2019-11-06 22:00:40,856 [pool-27-thread-1] INFO  server.RaftServerConfigKeys (ConfUtils.java:logGet(43)) - raft.server.log.force.sync.num = 128 (default)
2019-11-06 22:00:40,856 [pool-47-thread-1] INFO  server.RaftServerConfigKeys (ConfUtils.java:logGet(43)) - raft.server.snapshot.retention.file.num = 5 (custom)
2019-11-06 22:00:40,856 [pool-37-thread-1] INFO  server.RaftServerConfigKeys (ConfUtils.java:logGet(43)) - raft.server.log.statemachine.data.sync.timeout.retry = -1 (default)
2019-11-06 22:00:40,857 [pool-27-thread-1] INFO  server.RaftServerConfigKeys (ConfUtils.java:logGet(43)) - raft.server.log.statemachine.data.sync = true (default)
2019-11-06 22:00:40,857 [pool-37-thread-1] INFO  server.RaftServerConfigKeys (ConfUtils.java:logGet(43)) - raft.server.log.statemachine.data.caching.enabled = true (custom)
2019-11-06 22:00:40,857 [pool-47-thread-1] INFO  server.RaftServerConfigKeys (ConfUtils.java:logGet(43)) - raft.server.retrycache.expirytime = 600000ms (custom)
2019-11-06 22:00:40,857 [pool-27-thread-1] INFO  server.RaftServerConfigKeys (ConfUtils.java:logGet(43)) - raft.server.log.statemachine.data.sync.timeout = 10s (default)
2019-11-06 22:00:40,857 [pool-37-thread-1] INFO  segmented.SegmentedRaftLogWorker (SegmentedRaftLogWorker.java:lambda$new$0(128)) - 388ec716-e68c-4af6-83f1-31c84c7cef06@group-4C24AD834EFF-SegmentedRaftLogWorker: flushIndex: setUnconditionally 0 -> -1
2019-11-06 22:00:40,857 [pool-47-thread-1] WARN  impl.MetricRegistriesImpl (MetricRegistriesImpl.java:lambda$create$1(61)) - First MetricRegistry has been created without registering reporters. You may need to call MetricRegistries.global().addReportRegistration(...) before.
2019-11-06 22:00:40,858 [pool-27-thread-1] INFO  server.RaftServerConfigKeys (ConfUtils.java:logGet(43)) - raft.server.log.statemachine.data.sync.timeout.retry = -1 (default)
2019-11-06 22:00:40,858 [pool-47-thread-1] WARN  impl.MetricRegistriesImpl (MetricRegistriesImpl.java:lambda$create$1(61)) - First MetricRegistry has been created without registering reporters. You may need to call MetricRegistries.global().addReportRegistration(...) before.
2019-11-06 22:00:40,858 [pool-37-thread-1] INFO  server.RaftServerConfigKeys (ConfUtils.java:logGet(43)) - raft.server.snapshot.auto.trigger.enabled = true (custom)
2019-11-06 22:00:40,858 [pool-47-thread-1] INFO  impl.RaftServerImpl (RaftServerImpl.java:start(184)) - 692acf91-075d-4599-8cc1-9f4b7a7c5a1f@group-4C24AD834EFF: start as a follower, conf=-1: [388ec716-e68c-4af6-83f1-31c84c7cef06:192.168.69.67:39108, f43e54ba-3512-4e04-ab9f-9f297ff5c4f5:192.168.69.67:44224, 692acf91-075d-4599-8cc1-9f4b7a7c5a1f:192.168.69.67:46565], old=null
2019-11-06 22:00:40,858 [pool-27-thread-1] INFO  server.RaftServerConfigKeys (ConfUtils.java:logGet(43)) - raft.server.log.statemachine.data.caching.enabled = true (custom)
2019-11-06 22:00:40,858 [pool-47-thread-1] INFO  impl.RaftServerImpl (RaftServerImpl.java:setRole(173)) - 692acf91-075d-4599-8cc1-9f4b7a7c5a1f@group-4C24AD834EFF: changes role from      null to FOLLOWER at term 0 for startAsFollower
2019-11-06 22:00:40,858 [pool-37-thread-1] INFO  server.RaftServerConfigKeys (ConfUtils.java:logGet(43)) - raft.server.snapshot.auto.trigger.threshold = 10000 (custom)
2019-11-06 22:00:40,859 [pool-47-thread-1] INFO  impl.RoleInfo (RoleInfo.java:updateAndGet(143)) - 692acf91-075d-4599-8cc1-9f4b7a7c5a1f: start FollowerState
2019-11-06 22:00:40,859 [pool-27-thread-1] INFO  segmented.SegmentedRaftLogWorker (SegmentedRaftLogWorker.java:lambda$new$0(128)) - f43e54ba-3512-4e04-ab9f-9f297ff5c4f5@group-4C24AD834EFF-SegmentedRaftLogWorker: flushIndex: setUnconditionally 0 -> -1
2019-11-06 22:00:40,859 [pool-37-thread-1] INFO  server.RaftServerConfigKeys (ConfUtils.java:logGet(43)) - raft.server.snapshot.retention.file.num = 5 (custom)
2019-11-06 22:00:40,859 [pool-47-thread-1] INFO  util.JmxRegister (JmxRegister.java:tryRegister(44)) - Successfully registered JMX Bean with object name Ratis:service=RaftServer,group=group-4C24AD834EFF,id=692acf91-075d-4599-8cc1-9f4b7a7c5a1f
2019-11-06 22:00:40,859 [pool-37-thread-1] INFO  server.RaftServerConfigKeys (ConfUtils.java:logGet(43)) - raft.server.retrycache.expirytime = 600000ms (custom)
2019-11-06 22:00:40,859 [pool-27-thread-1] INFO  server.RaftServerConfigKeys (ConfUtils.java:logGet(43)) - raft.server.snapshot.auto.trigger.enabled = true (custom)
2019-11-06 22:00:40,860 [pool-37-thread-1] WARN  impl.MetricRegistriesImpl (MetricRegistriesImpl.java:lambda$create$1(61)) - First MetricRegistry has been created without registering reporters. You may need to call MetricRegistries.global().addReportRegistration(...) before.
2019-11-06 22:00:40,859 [pool-47-thread-1] WARN  impl.MetricRegistriesImpl (MetricRegistriesImpl.java:lambda$create$1(61)) - First MetricRegistry has been created without registering reporters. You may need to call MetricRegistries.global().addReportRegistration(...) before.
2019-11-06 22:00:40,860 [pool-37-thread-1] WARN  impl.MetricRegistriesImpl (MetricRegistriesImpl.java:lambda$create$1(61)) - First MetricRegistry has been created without registering reporters. You may need to call MetricRegistries.global().addReportRegistration(...) before.
2019-11-06 22:00:40,860 [pool-27-thread-1] INFO  server.RaftServerConfigKeys (ConfUtils.java:logGet(43)) - raft.server.snapshot.auto.trigger.threshold = 10000 (custom)
2019-11-06 22:00:40,860 [pool-37-thread-1] INFO  impl.RaftServerImpl (RaftServerImpl.java:start(184)) - 388ec716-e68c-4af6-83f1-31c84c7cef06@group-4C24AD834EFF: start as a follower, conf=-1: [388ec716-e68c-4af6-83f1-31c84c7cef06:192.168.69.67:39108, f43e54ba-3512-4e04-ab9f-9f297ff5c4f5:192.168.69.67:44224, 692acf91-075d-4599-8cc1-9f4b7a7c5a1f:192.168.69.67:46565], old=null
2019-11-06 22:00:40,860 [pool-27-thread-1] INFO  server.RaftServerConfigKeys (ConfUtils.java:logGet(43)) - raft.server.snapshot.retention.file.num = 5 (custom)
2019-11-06 22:00:40,860 [pool-37-thread-1] INFO  impl.RaftServerImpl (RaftServerImpl.java:setRole(173)) - 388ec716-e68c-4af6-83f1-31c84c7cef06@group-4C24AD834EFF: changes role from      null to FOLLOWER at term 0 for startAsFollower
2019-11-06 22:00:40,861 [pool-27-thread-1] INFO  server.RaftServerConfigKeys (ConfUtils.java:logGet(43)) - raft.server.retrycache.expirytime = 600000ms (custom)
2019-11-06 22:00:40,861 [pool-37-thread-1] INFO  impl.RoleInfo (RoleInfo.java:updateAndGet(143)) - 388ec716-e68c-4af6-83f1-31c84c7cef06: start FollowerState
2019-11-06 22:00:40,861 [pool-27-thread-1] WARN  impl.MetricRegistriesImpl (MetricRegistriesImpl.java:lambda$create$1(61)) - First MetricRegistry has been created without registering reporters. You may need to call MetricRegistries.global().addReportRegistration(...) before.
2019-11-06 22:00:40,861 [pool-27-thread-1] WARN  impl.MetricRegistriesImpl (MetricRegistriesImpl.java:lambda$create$1(61)) - First MetricRegistry has been created without registering reporters. You may need to call MetricRegistries.global().addReportRegistration(...) before.
2019-11-06 22:00:40,861 [pool-37-thread-1] INFO  util.JmxRegister (JmxRegister.java:tryRegister(44)) - Successfully registered JMX Bean with object name Ratis:service=RaftServer,group=group-4C24AD834EFF,id=388ec716-e68c-4af6-83f1-31c84c7cef06
2019-11-06 22:00:40,863 [pool-37-thread-1] WARN  impl.MetricRegistriesImpl (MetricRegistriesImpl.java:lambda$create$1(61)) - First MetricRegistry has been created without registering reporters. You may need to call MetricRegistries.global().addReportRegistration(...) before.
2019-11-06 22:00:40,863 [pool-27-thread-1] INFO  impl.RaftServerImpl (RaftServerImpl.java:start(184)) - f43e54ba-3512-4e04-ab9f-9f297ff5c4f5@group-4C24AD834EFF: start as a follower, conf=-1: [388ec716-e68c-4af6-83f1-31c84c7cef06:192.168.69.67:39108, f43e54ba-3512-4e04-ab9f-9f297ff5c4f5:192.168.69.67:44224, 692acf91-075d-4599-8cc1-9f4b7a7c5a1f:192.168.69.67:46565], old=null
2019-11-06 22:00:40,863 [pool-27-thread-1] INFO  impl.RaftServerImpl (RaftServerImpl.java:setRole(173)) - f43e54ba-3512-4e04-ab9f-9f297ff5c4f5@group-4C24AD834EFF: changes role from      null to FOLLOWER at term 0 for startAsFollower
2019-11-06 22:00:40,864 [pool-27-thread-1] INFO  impl.RoleInfo (RoleInfo.java:updateAndGet(143)) - f43e54ba-3512-4e04-ab9f-9f297ff5c4f5: start FollowerState
2019-11-06 22:00:40,866 [pool-27-thread-1] INFO  util.JmxRegister (JmxRegister.java:tryRegister(44)) - Successfully registered JMX Bean with object name Ratis:service=RaftServer,group=group-4C24AD834EFF,id=f43e54ba-3512-4e04-ab9f-9f297ff5c4f5
2019-11-06 22:00:40,866 [pool-27-thread-1] WARN  impl.MetricRegistriesImpl (MetricRegistriesImpl.java:lambda$create$1(61)) - First MetricRegistry has been created without registering reporters. You may need to call MetricRegistries.global().addReportRegistration(...) before.
2019-11-06 22:00:40,882 [RatisPipelineUtilsThread] INFO  pipeline.PipelineStateManager (PipelineStateManager.java:addPipeline(55)) - Created pipeline Pipeline[ Id: a9be6fb9-5b79-4e45-97c2-4c24ad834eff, Nodes: 388ec716-e68c-4af6-83f1-31c84c7cef06{ip: 192.168.69.67, host: pr-hdds-1868-vmdzj-1914290063, networkLocation: /default-rack, certSerialId: null}f43e54ba-3512-4e04-ab9f-9f297ff5c4f5{ip: 192.168.69.67, host: pr-hdds-1868-vmdzj-1914290063, networkLocation: /default-rack, certSerialId: null}692acf91-075d-4599-8cc1-9f4b7a7c5a1f{ip: 192.168.69.67, host: pr-hdds-1868-vmdzj-1914290063, networkLocation: /default-rack, certSerialId: null}, Type:RATIS, Factor:THREE, State:ALLOCATED]
2019-11-06 22:00:40,884 [main] INFO  ozone.MiniOzoneClusterImpl (MiniOzoneClusterImpl.java:lambda$waitForClusterToBeReady$2(163)) - Waiting for 4 number of pipelines out of 4, to report a leader.
2019-11-06 22:00:41,885 [main] INFO  ozone.MiniOzoneClusterImpl (MiniOzoneClusterImpl.java:lambda$waitForClusterToBeReady$2(163)) - Waiting for 4 number of pipelines out of 4, to report a leader.
2019-11-06 22:00:42,809 [Thread-178] INFO  container.ReplicationManager (ReplicationManager.java:start(162)) - Starting Replication Monitor Thread.
2019-11-06 22:00:42,812 [Thread-178] INFO  pipeline.SCMPipelineManager (SCMPipelineManager.java:finalizeAndDestroyPipeline(315)) - destroying pipeline:Pipeline[ Id: a9be6fb9-5b79-4e45-97c2-4c24ad834eff, Nodes: 388ec716-e68c-4af6-83f1-31c84c7cef06{ip: 192.168.69.67, host: pr-hdds-1868-vmdzj-1914290063, networkLocation: /default-rack, certSerialId: null}f43e54ba-3512-4e04-ab9f-9f297ff5c4f5{ip: 192.168.69.67, host: pr-hdds-1868-vmdzj-1914290063, networkLocation: /default-rack, certSerialId: null}692acf91-075d-4599-8cc1-9f4b7a7c5a1f{ip: 192.168.69.67, host: pr-hdds-1868-vmdzj-1914290063, networkLocation: /default-rack, certSerialId: null}, Type:RATIS, Factor:THREE, State:ALLOCATED]
2019-11-06 22:00:42,812 [ReplicationMonitor] INFO  container.ReplicationManager (ReplicationManager.java:run(225)) - Replication Monitor Thread took 0 milliseconds for processing 0 containers.
2019-11-06 22:00:42,813 [Thread-178] INFO  pipeline.PipelineStateManager (PipelineStateManager.java:finalizePipeline(121)) - Pipeline Pipeline[ Id: a9be6fb9-5b79-4e45-97c2-4c24ad834eff, Nodes: 388ec716-e68c-4af6-83f1-31c84c7cef06{ip: 192.168.69.67, host: pr-hdds-1868-vmdzj-1914290063, networkLocation: /default-rack, certSerialId: null}f43e54ba-3512-4e04-ab9f-9f297ff5c4f5{ip: 192.168.69.67, host: pr-hdds-1868-vmdzj-1914290063, networkLocation: /default-rack, certSerialId: null}692acf91-075d-4599-8cc1-9f4b7a7c5a1f{ip: 192.168.69.67, host: pr-hdds-1868-vmdzj-1914290063, networkLocation: /default-rack, certSerialId: null}, Type:RATIS, Factor:THREE, State:CLOSED] moved to CLOSED state
2019-11-06 22:00:42,835 [grpc-default-executor-0] INFO  impl.RaftServerProxy (RaftServerProxy.java:remove(95)) - 388ec716-e68c-4af6-83f1-31c84c7cef06: remove  FOLLOWER 388ec716-e68c-4af6-83f1-31c84c7cef06@group-4C24AD834EFF:t0, leader=null, voted=null, raftlog=388ec716-e68c-4af6-83f1-31c84c7cef06@group-4C24AD834EFF-SegmentedRaftLog:OPENED:c-1,f-1,i0, conf=-1: [388ec716-e68c-4af6-83f1-31c84c7cef06:192.168.69.67:39108, f43e54ba-3512-4e04-ab9f-9f297ff5c4f5:192.168.69.67:44224, 692acf91-075d-4599-8cc1-9f4b7a7c5a1f:192.168.69.67:46565], old=null RUNNING
2019-11-06 22:00:42,837 [grpc-default-executor-0] INFO  impl.RaftServerImpl (RaftServerImpl.java:lambda$shutdown$3(250)) - 388ec716-e68c-4af6-83f1-31c84c7cef06@group-4C24AD834EFF: shutdown
2019-11-06 22:00:42,838 [grpc-default-executor-0] INFO  util.JmxRegister (JmxRegister.java:unregister(73)) - Successfully un-registered JMX Bean with object name Ratis:service=RaftServer,group=group-4C24AD834EFF,id=388ec716-e68c-4af6-83f1-31c84c7cef06
2019-11-06 22:00:42,838 [grpc-default-executor-0] INFO  impl.RoleInfo (RoleInfo.java:shutdownFollowerState(121)) - 388ec716-e68c-4af6-83f1-31c84c7cef06: shutdown FollowerState
2019-11-06 22:00:42,838 [grpc-default-executor-0] INFO  impl.StateMachineUpdater (StateMachineUpdater.java:stopAndJoin(136)) - 388ec716-e68c-4af6-83f1-31c84c7cef06@group-4C24AD834EFF-StateMachineUpdater: set stopIndex = -1
2019-11-06 22:00:42,838 [Thread-193] INFO  impl.FollowerState (FollowerState.java:run(120)) - 388ec716-e68c-4af6-83f1-31c84c7cef06@group-4C24AD834EFF-FollowerState was interrupted: java.lang.InterruptedException: sleep interrupted
2019-11-06 22:00:42,840 [grpc-default-executor-0] INFO  impl.RaftServerImpl (ServerState.java:close(387)) - 388ec716-e68c-4af6-83f1-31c84c7cef06@group-4C24AD834EFF: closes. applyIndex: -1
2019-11-06 22:00:42,844 [388ec716-e68c-4af6-83f1-31c84c7cef06@group-4C24AD834EFF-SegmentedRaftLogWorker] INFO  segmented.SegmentedRaftLogWorker (SegmentedRaftLogWorker.java:run(316)) - 388ec716-e68c-4af6-83f1-31c84c7cef06@group-4C24AD834EFF-SegmentedRaftLogWorker was interrupted, exiting. There are 0 tasks remaining in the queue.
2019-11-06 22:00:42,845 [grpc-default-executor-0] INFO  segmented.SegmentedRaftLogWorker (SegmentedRaftLogWorker.java:close(224)) - 388ec716-e68c-4af6-83f1-31c84c7cef06@group-4C24AD834EFF-SegmentedRaftLogWorker close()
2019-11-06 22:00:42,869 [grpc-default-executor-0] INFO  impl.RaftServerProxy (RaftServerProxy.java:remove(95)) - f43e54ba-3512-4e04-ab9f-9f297ff5c4f5: remove  FOLLOWER f43e54ba-3512-4e04-ab9f-9f297ff5c4f5@group-4C24AD834EFF:t0, leader=null, voted=null, raftlog=f43e54ba-3512-4e04-ab9f-9f297ff5c4f5@group-4C24AD834EFF-SegmentedRaftLog:OPENED:c-1,f-1,i0, conf=-1: [388ec716-e68c-4af6-83f1-31c84c7cef06:192.168.69.67:39108, f43e54ba-3512-4e04-ab9f-9f297ff5c4f5:192.168.69.67:44224, 692acf91-075d-4599-8cc1-9f4b7a7c5a1f:192.168.69.67:46565], old=null RUNNING
2019-11-06 22:00:42,869 [grpc-default-executor-0] INFO  impl.RaftServerImpl (RaftServerImpl.java:lambda$shutdown$3(250)) - f43e54ba-3512-4e04-ab9f-9f297ff5c4f5@group-4C24AD834EFF: shutdown
2019-11-06 22:00:42,869 [grpc-default-executor-0] INFO  util.JmxRegister (JmxRegister.java:unregister(73)) - Successfully un-registered JMX Bean with object name Ratis:service=RaftServer,group=group-4C24AD834EFF,id=f43e54ba-3512-4e04-ab9f-9f297ff5c4f5
2019-11-06 22:00:42,869 [grpc-default-executor-0] INFO  impl.RoleInfo (RoleInfo.java:shutdownFollowerState(121)) - f43e54ba-3512-4e04-ab9f-9f297ff5c4f5: shutdown FollowerState
2019-11-06 22:00:42,869 [grpc-default-executor-0] INFO  impl.StateMachineUpdater (StateMachineUpdater.java:stopAndJoin(136)) - f43e54ba-3512-4e04-ab9f-9f297ff5c4f5@group-4C24AD834EFF-StateMachineUpdater: set stopIndex = -1
2019-11-06 22:00:42,869 [Thread-195] INFO  impl.FollowerState (FollowerState.java:run(120)) - f43e54ba-3512-4e04-ab9f-9f297ff5c4f5@group-4C24AD834EFF-FollowerState was interrupted: java.lang.InterruptedException: sleep interrupted
2019-11-06 22:00:42,871 [grpc-default-executor-0] INFO  impl.RaftServerImpl (ServerState.java:close(387)) - f43e54ba-3512-4e04-ab9f-9f297ff5c4f5@group-4C24AD834EFF: closes. applyIndex: -1
2019-11-06 22:00:42,872 [f43e54ba-3512-4e04-ab9f-9f297ff5c4f5@group-4C24AD834EFF-SegmentedRaftLogWorker] INFO  segmented.SegmentedRaftLogWorker (SegmentedRaftLogWorker.java:run(316)) - f43e54ba-3512-4e04-ab9f-9f297ff5c4f5@group-4C24AD834EFF-SegmentedRaftLogWorker was interrupted, exiting. There are 0 tasks remaining in the queue.
2019-11-06 22:00:42,872 [grpc-default-executor-0] INFO  segmented.SegmentedRaftLogWorker (SegmentedRaftLogWorker.java:close(224)) - f43e54ba-3512-4e04-ab9f-9f297ff5c4f5@group-4C24AD834EFF-SegmentedRaftLogWorker close()
2019-11-06 22:00:42,887 [main] INFO  ozone.MiniOzoneClusterImpl (MiniOzoneClusterImpl.java:lambda$waitForClusterToBeReady$2(163)) - Waiting for 3 number of pipelines out of 4, to report a leader.
2019-11-06 22:00:42,891 [grpc-default-executor-0] INFO  impl.RaftServerProxy (RaftServerProxy.java:remove(95)) - 692acf91-075d-4599-8cc1-9f4b7a7c5a1f: remove  FOLLOWER 692acf91-075d-4599-8cc1-9f4b7a7c5a1f@group-4C24AD834EFF:t0, leader=null, voted=null, raftlog=692acf91-075d-4599-8cc1-9f4b7a7c5a1f@group-4C24AD834EFF-SegmentedRaftLog:OPENED:c-1,f-1,i0, conf=-1: [388ec716-e68c-4af6-83f1-31c84c7cef06:192.168.69.67:39108, f43e54ba-3512-4e04-ab9f-9f297ff5c4f5:192.168.69.67:44224, 692acf91-075d-4599-8cc1-9f4b7a7c5a1f:192.168.69.67:46565], old=null RUNNING
2019-11-06 22:00:42,892 [grpc-default-executor-0] INFO  impl.RaftServerImpl (RaftServerImpl.java:lambda$shutdown$3(250)) - 692acf91-075d-4599-8cc1-9f4b7a7c5a1f@group-4C24AD834EFF: shutdown
2019-11-06 22:00:42,892 [grpc-default-executor-0] INFO  util.JmxRegister (JmxRegister.java:unregister(73)) - Successfully un-registered JMX Bean with object name Ratis:service=RaftServer,group=group-4C24AD834EFF,id=692acf91-075d-4599-8cc1-9f4b7a7c5a1f
2019-11-06 22:00:42,892 [grpc-default-executor-0] INFO  impl.RoleInfo (RoleInfo.java:shutdownFollowerState(121)) - 692acf91-075d-4599-8cc1-9f4b7a7c5a1f: shutdown FollowerState
2019-11-06 22:00:42,892 [grpc-default-executor-0] INFO  impl.StateMachineUpdater (StateMachineUpdater.java:stopAndJoin(136)) - 692acf91-075d-4599-8cc1-9f4b7a7c5a1f@group-4C24AD834EFF-StateMachineUpdater: set stopIndex = -1
2019-11-06 22:00:42,892 [Thread-189] INFO  impl.FollowerState (FollowerState.java:run(120)) - 692acf91-075d-4599-8cc1-9f4b7a7c5a1f@group-4C24AD834EFF-FollowerState was interrupted: java.lang.InterruptedException: sleep interrupted
2019-11-06 22:00:42,893 [grpc-default-executor-0] INFO  impl.RaftServerImpl (ServerState.java:close(387)) - 692acf91-075d-4599-8cc1-9f4b7a7c5a1f@group-4C24AD834EFF: closes. applyIndex: -1
2019-11-06 22:00:42,894 [692acf91-075d-4599-8cc1-9f4b7a7c5a1f@group-4C24AD834EFF-SegmentedRaftLogWorker] INFO  segmented.SegmentedRaftLogWorker (SegmentedRaftLogWorker.java:run(316)) - 692acf91-075d-4599-8cc1-9f4b7a7c5a1f@group-4C24AD834EFF-SegmentedRaftLogWorker was interrupted, exiting. There are 0 tasks remaining in the queue.
2019-11-06 22:00:42,894 [grpc-default-executor-0] INFO  segmented.SegmentedRaftLogWorker (SegmentedRaftLogWorker.java:close(224)) - 692acf91-075d-4599-8cc1-9f4b7a7c5a1f@group-4C24AD834EFF-SegmentedRaftLogWorker close()
2019-11-06 22:00:42,902 [Thread-178] INFO  pipeline.PipelineStateManager (PipelineStateManager.java:removePipeline(106)) - Pipeline Pipeline[ Id: a9be6fb9-5b79-4e45-97c2-4c24ad834eff, Nodes: 388ec716-e68c-4af6-83f1-31c84c7cef06{ip: 192.168.69.67, host: pr-hdds-1868-vmdzj-1914290063, networkLocation: /default-rack, certSerialId: null}f43e54ba-3512-4e04-ab9f-9f297ff5c4f5{ip: 192.168.69.67, host: pr-hdds-1868-vmdzj-1914290063, networkLocation: /default-rack, certSerialId: null}692acf91-075d-4599-8cc1-9f4b7a7c5a1f{ip: 192.168.69.67, host: pr-hdds-1868-vmdzj-1914290063, networkLocation: /default-rack, certSerialId: null}, Type:RATIS, Factor:THREE, State:CLOSED] removed from db
2019-11-06 22:00:42,903 [Thread-178] INFO  pipeline.SCMPipelineManager (SCMPipelineManager.java:finalizeAndDestroyPipeline(315)) - destroying pipeline:Pipeline[ Id: c6b2db31-87c6-47be-bfdc-612d64e796ab, Nodes: 692acf91-075d-4599-8cc1-9f4b7a7c5a1f{ip: 192.168.69.67, host: pr-hdds-1868-vmdzj-1914290063, networkLocation: /default-rack, certSerialId: null}, Type:RATIS, Factor:ONE, State:ALLOCATED]
2019-11-06 22:00:42,920 [grpc-default-executor-2] INFO  impl.RaftServerProxy (RaftServerProxy.java:addNew(89)) - f43e54ba-3512-4e04-ab9f-9f297ff5c4f5: addNew group-67787E8AA61B:[388ec716-e68c-4af6-83f1-31c84c7cef06:192.168.69.67:39108, f43e54ba-3512-4e04-ab9f-9f297ff5c4f5:192.168.69.67:44224, 692acf91-075d-4599-8cc1-9f4b7a7c5a1f:192.168.69.67:46565] returns group-67787E8AA61B:java.util.concurrent.CompletableFuture@57c4efe8[Not completed]
2019-11-06 22:00:42,922 [grpc-default-executor-1] INFO  impl.RaftServerProxy (RaftServerProxy.java:addNew(89)) - 692acf91-075d-4599-8cc1-9f4b7a7c5a1f: addNew group-67787E8AA61B:[388ec716-e68c-4af6-83f1-31c84c7cef06:192.168.69.67:39108, f43e54ba-3512-4e04-ab9f-9f297ff5c4f5:192.168.69.67:44224, 692acf91-075d-4599-8cc1-9f4b7a7c5a1f:192.168.69.67:46565] returns group-67787E8AA61B:java.util.concurrent.CompletableFuture@12606089[Not completed]
2019-11-06 22:00:42,922 [grpc-default-executor-0] INFO  impl.RaftServerProxy (RaftServerProxy.java:addNew(89)) - 388ec716-e68c-4af6-83f1-31c84c7cef06: addNew group-67787E8AA61B:[388ec716-e68c-4af6-83f1-31c84c7cef06:192.168.69.67:39108, f43e54ba-3512-4e04-ab9f-9f297ff5c4f5:192.168.69.67:44224, 692acf91-075d-4599-8cc1-9f4b7a7c5a1f:192.168.69.67:46565] returns group-67787E8AA61B:java.util.concurrent.CompletableFuture@4228381c[Not completed]
2019-11-06 22:00:42,923 [pool-27-thread-1] INFO  impl.RaftServerImpl (RaftServerImpl.java:<init>(98)) - f43e54ba-3512-4e04-ab9f-9f297ff5c4f5: new RaftServerImpl for group-67787E8AA61B:[388ec716-e68c-4af6-83f1-31c84c7cef06:192.168.69.67:39108, f43e54ba-3512-4e04-ab9f-9f297ff5c4f5:192.168.69.67:44224, 692acf91-075d-4599-8cc1-9f4b7a7c5a1f:192.168.69.67:46565] with ContainerStateMachine:uninitialized
2019-11-06 22:00:42,923 [pool-27-thread-1] INFO  server.RaftServerConfigKeys (ConfUtils.java:logGet(43)) - raft.server.rpc.timeout.min = 5s (custom)
2019-11-06 22:00:42,923 [pool-27-thread-1] INFO  server.RaftServerConfigKeys (ConfUtils.java:logGet(43)) - raft.server.rpc.timeout.max = 5200ms (custom)
2019-11-06 22:00:42,923 [pool-27-thread-1] INFO  server.RaftServerConfigKeys (ConfUtils.java:logGet(43)) - raft.server.rpcslowness.timeout = 120s (custom)
2019-11-06 22:00:42,923 [pool-27-thread-1] INFO  server.RaftServerConfigKeys (ConfUtils.java:logGet(43)) - raft.server.sleep.deviation.threshold = 300 (default)
2019-11-06 22:00:42,923 [pool-27-thread-1] INFO  server.RaftServerConfigKeys (ConfUtils.java:logGet(43)) - raft.server.log.appender.install.snapshot.enabled = false (custom)
2019-11-06 22:00:42,923 [pool-27-thread-1] INFO  impl.RaftServerImpl (ServerState.java:<init>(103)) - f43e54ba-3512-4e04-ab9f-9f297ff5c4f5@group-67787E8AA61B: ConfigurationManager, init=-1: [388ec716-e68c-4af6-83f1-31c84c7cef06:192.168.69.67:39108, f43e54ba-3512-4e04-ab9f-9f297ff5c4f5:192.168.69.67:44224, 692acf91-075d-4599-8cc1-9f4b7a7c5a1f:192.168.69.67:46565], old=null, confs=<EMPTY_MAP>
2019-11-06 22:00:42,924 [pool-27-thread-1] INFO  server.RaftServerConfigKeys (ConfUtils.java:logGet(43)) - raft.server.storage.dir = [/workdir/hadoop-ozone/tools/target/test-dir/MiniOzoneClusterImpl-e43eae99-bc27-4f1a-9c22-6446528dd8bd/datanode-0/data/ratis] (custom)
2019-11-06 22:00:42,924 [pool-27-thread-1] INFO  server.RaftServerConfigKeys (ConfUtils.java:logGet(43)) - raft.server.log.corruption.policy = EXCEPTION (default)
2019-11-06 22:00:42,924 [pool-47-thread-1] INFO  impl.RaftServerImpl (RaftServerImpl.java:<init>(98)) - 692acf91-075d-4599-8cc1-9f4b7a7c5a1f: new RaftServerImpl for group-67787E8AA61B:[388ec716-e68c-4af6-83f1-31c84c7cef06:192.168.69.67:39108, f43e54ba-3512-4e04-ab9f-9f297ff5c4f5:192.168.69.67:44224, 692acf91-075d-4599-8cc1-9f4b7a7c5a1f:192.168.69.67:46565] with ContainerStateMachine:uninitialized
2019-11-06 22:00:42,924 [pool-27-thread-1] INFO  storage.RaftStorageDirectory (RaftStorageDirectory.java:analyzeStorage(246)) - The storage directory /workdir/hadoop-ozone/tools/target/test-dir/MiniOzoneClusterImpl-e43eae99-bc27-4f1a-9c22-6446528dd8bd/datanode-0/data/ratis/17b38c05-8b38-4211-a536-67787e8aa61b does not exist. Creating ...
2019-11-06 22:00:42,924 [pool-47-thread-1] INFO  server.RaftServerConfigKeys (ConfUtils.java:logGet(43)) - raft.server.rpc.timeout.min = 5s (custom)
2019-11-06 22:00:42,924 [pool-47-thread-1] INFO  server.RaftServerConfigKeys (ConfUtils.java:logGet(43)) - raft.server.rpc.timeout.max = 5200ms (custom)
2019-11-06 22:00:42,925 [pool-47-thread-1] INFO  server.RaftServerConfigKeys (ConfUtils.java:logGet(43)) - raft.server.rpcslowness.timeout = 120s (custom)
2019-11-06 22:00:42,925 [pool-47-thread-1] INFO  server.RaftServerConfigKeys (ConfUtils.java:logGet(43)) - raft.server.sleep.deviation.threshold = 300 (default)
2019-11-06 22:00:42,925 [pool-37-thread-1] INFO  impl.RaftServerImpl (RaftServerImpl.java:<init>(98)) - 388ec716-e68c-4af6-83f1-31c84c7cef06: new RaftServerImpl for group-67787E8AA61B:[388ec716-e68c-4af6-83f1-31c84c7cef06:192.168.69.67:39108, f43e54ba-3512-4e04-ab9f-9f297ff5c4f5:192.168.69.67:44224, 692acf91-075d-4599-8cc1-9f4b7a7c5a1f:192.168.69.67:46565] with ContainerStateMachine:uninitialized
2019-11-06 22:00:42,925 [pool-47-thread-1] INFO  server.RaftServerConfigKeys (ConfUtils.java:logGet(43)) - raft.server.log.appender.install.snapshot.enabled = false (custom)
2019-11-06 22:00:42,925 [pool-37-thread-1] INFO  server.RaftServerConfigKeys (ConfUtils.java:logGet(43)) - raft.server.rpc.timeout.min = 5s (custom)
2019-11-06 22:00:42,925 [pool-47-thread-1] INFO  impl.RaftServerImpl (ServerState.java:<init>(103)) - 692acf91-075d-4599-8cc1-9f4b7a7c5a1f@group-67787E8AA61B: ConfigurationManager, init=-1: [388ec716-e68c-4af6-83f1-31c84c7cef06:192.168.69.67:39108, f43e54ba-3512-4e04-ab9f-9f297ff5c4f5:192.168.69.67:44224, 692acf91-075d-4599-8cc1-9f4b7a7c5a1f:192.168.69.67:46565], old=null, confs=<EMPTY_MAP>
2019-11-06 22:00:42,925 [pool-37-thread-1] INFO  server.RaftServerConfigKeys (ConfUtils.java:logGet(43)) - raft.server.rpc.timeout.max = 5200ms (custom)
2019-11-06 22:00:42,926 [pool-37-thread-1] INFO  server.RaftServerConfigKeys (ConfUtils.java:logGet(43)) - raft.server.rpcslowness.timeout = 120s (custom)
2019-11-06 22:00:42,926 [pool-47-thread-1] INFO  server.RaftServerConfigKeys (ConfUtils.java:logGet(43)) - raft.server.storage.dir = [/workdir/hadoop-ozone/tools/target/test-dir/MiniOzoneClusterImpl-e43eae99-bc27-4f1a-9c22-6446528dd8bd/datanode-2/data/ratis] (custom)
2019-11-06 22:00:42,926 [pool-37-thread-1] INFO  server.RaftServerConfigKeys (ConfUtils.java:logGet(43)) - raft.server.sleep.deviation.threshold = 300 (default)
2019-11-06 22:00:42,926 [pool-37-thread-1] INFO  server.RaftServerConfigKeys (ConfUtils.java:logGet(43)) - raft.server.log.appender.install.snapshot.enabled = false (custom)
2019-11-06 22:00:42,926 [pool-47-thread-1] INFO  server.RaftServerConfigKeys (ConfUtils.java:logGet(43)) - raft.server.log.corruption.policy = EXCEPTION (default)
2019-11-06 22:00:42,926 [pool-37-thread-1] INFO  impl.RaftServerImpl (ServerState.java:<init>(103)) - 388ec716-e68c-4af6-83f1-31c84c7cef06@group-67787E8AA61B: ConfigurationManager, init=-1: [388ec716-e68c-4af6-83f1-31c84c7cef06:192.168.69.67:39108, f43e54ba-3512-4e04-ab9f-9f297ff5c4f5:192.168.69.67:44224, 692acf91-075d-4599-8cc1-9f4b7a7c5a1f:192.168.69.67:46565], old=null, confs=<EMPTY_MAP>
2019-11-06 22:00:42,926 [pool-47-thread-1] INFO  storage.RaftStorageDirectory (RaftStorageDirectory.java:analyzeStorage(246)) - The storage directory /workdir/hadoop-ozone/tools/target/test-dir/MiniOzoneClusterImpl-e43eae99-bc27-4f1a-9c22-6446528dd8bd/datanode-2/data/ratis/17b38c05-8b38-4211-a536-67787e8aa61b does not exist. Creating ...
2019-11-06 22:00:42,926 [pool-37-thread-1] INFO  server.RaftServerConfigKeys (ConfUtils.java:logGet(43)) - raft.server.storage.dir = [/workdir/hadoop-ozone/tools/target/test-dir/MiniOzoneClusterImpl-e43eae99-bc27-4f1a-9c22-6446528dd8bd/datanode-1/data/ratis] (custom)
2019-11-06 22:00:42,927 [pool-37-thread-1] INFO  server.RaftServerConfigKeys (ConfUtils.java:logGet(43)) - raft.server.log.corruption.policy = EXCEPTION (default)
2019-11-06 22:00:42,927 [pool-37-thread-1] INFO  storage.RaftStorageDirectory (RaftStorageDirectory.java:analyzeStorage(246)) - The storage directory /workdir/hadoop-ozone/tools/target/test-dir/MiniOzoneClusterImpl-e43eae99-bc27-4f1a-9c22-6446528dd8bd/datanode-1/data/ratis/17b38c05-8b38-4211-a536-67787e8aa61b does not exist. Creating ...
2019-11-06 22:00:42,957 [pool-37-thread-1] INFO  storage.RaftStorageDirectory (RaftStorageDirectory.java:tryLock(328)) - Lock on /workdir/hadoop-ozone/tools/target/test-dir/MiniOzoneClusterImpl-e43eae99-bc27-4f1a-9c22-6446528dd8bd/datanode-1/data/ratis/17b38c05-8b38-4211-a536-67787e8aa61b/in_use.lock acquired by nodename 23789@pr-hdds-1868-vmdzj-1914290063
2019-11-06 22:00:42,957 [pool-27-thread-1] INFO  storage.RaftStorageDirectory (RaftStorageDirectory.java:tryLock(328)) - Lock on /workdir/hadoop-ozone/tools/target/test-dir/MiniOzoneClusterImpl-e43eae99-bc27-4f1a-9c22-6446528dd8bd/datanode-0/data/ratis/17b38c05-8b38-4211-a536-67787e8aa61b/in_use.lock acquired by nodename 23789@pr-hdds-1868-vmdzj-1914290063
2019-11-06 22:00:42,957 [pool-47-thread-1] INFO  storage.RaftStorageDirectory (RaftStorageDirectory.java:tryLock(328)) - Lock on /workdir/hadoop-ozone/tools/target/test-dir/MiniOzoneClusterImpl-e43eae99-bc27-4f1a-9c22-6446528dd8bd/datanode-2/data/ratis/17b38c05-8b38-4211-a536-67787e8aa61b/in_use.lock acquired by nodename 23789@pr-hdds-1868-vmdzj-1914290063
2019-11-06 22:00:42,983 [pool-47-thread-1] INFO  storage.RaftStorage (RaftStorage.java:format(84)) - Storage directory /workdir/hadoop-ozone/tools/target/test-dir/MiniOzoneClusterImpl-e43eae99-bc27-4f1a-9c22-6446528dd8bd/datanode-2/data/ratis/17b38c05-8b38-4211-a536-67787e8aa61b has been successfully formatted.
2019-11-06 22:00:42,983 [pool-27-thread-1] INFO  storage.RaftStorage (RaftStorage.java:format(84)) - Storage directory /workdir/hadoop-ozone/tools/target/test-dir/MiniOzoneClusterImpl-e43eae99-bc27-4f1a-9c22-6446528dd8bd/datanode-0/data/ratis/17b38c05-8b38-4211-a536-67787e8aa61b has been successfully formatted.
2019-11-06 22:00:42,983 [pool-47-thread-1] INFO  ratis.ContainerStateMachine (ContainerStateMachine.java:loadSnapshot(223)) - group-67787E8AA61B: The snapshot info is null. Setting the last applied indexto:(t:0, i:~)
2019-11-06 22:00:42,983 [pool-37-thread-1] INFO  storage.RaftStorage (RaftStorage.java:format(84)) - Storage directory /workdir/hadoop-ozone/tools/target/test-dir/MiniOzoneClusterImpl-e43eae99-bc27-4f1a-9c22-6446528dd8bd/datanode-1/data/ratis/17b38c05-8b38-4211-a536-67787e8aa61b has been successfully formatted.
2019-11-06 22:00:42,983 [pool-27-thread-1] INFO  ratis.ContainerStateMachine (ContainerStateMachine.java:loadSnapshot(223)) - group-67787E8AA61B: The snapshot info is null. Setting the last applied indexto:(t:0, i:~)
2019-11-06 22:00:42,983 [pool-47-thread-1] INFO  server.RaftServerConfigKeys (ConfUtils.java:logGet(43)) - raft.server.notification.no-leader.timeout = 120s (custom)
2019-11-06 22:00:42,984 [pool-37-thread-1] INFO  ratis.ContainerStateMachine (ContainerStateMachine.java:loadSnapshot(223)) - group-67787E8AA61B: The snapshot info is null. Setting the last applied indexto:(t:0, i:~)
2019-11-06 22:00:42,984 [pool-27-thread-1] INFO  server.RaftServerConfigKeys (ConfUtils.java:logGet(43)) - raft.server.notification.no-leader.timeout = 120s (custom)
2019-11-06 22:00:42,984 [pool-37-thread-1] INFO  server.RaftServerConfigKeys (ConfUtils.java:logGet(43)) - raft.server.notification.no-leader.timeout = 120s (custom)
2019-11-06 22:00:42,984 [pool-47-thread-1] INFO  server.RaftServerConfigKeys (ConfUtils.java:logGet(43)) - raft.server.log.use.memory = false (default)
2019-11-06 22:00:42,984 [pool-37-thread-1] INFO  server.RaftServerConfigKeys (ConfUtils.java:logGet(43)) - raft.server.log.use.memory = false (default)
2019-11-06 22:00:42,984 [pool-27-thread-1] INFO  server.RaftServerConfigKeys (ConfUtils.java:logGet(43)) - raft.server.log.use.memory = false (default)
2019-11-06 22:00:42,984 [pool-37-thread-1] INFO  server.RaftServerConfigKeys (ConfUtils.java:logGet(43)) - raft.server.log.purge.gap = 1000000 (custom)
2019-11-06 22:00:42,984 [pool-47-thread-1] INFO  server.RaftServerConfigKeys (ConfUtils.java:logGet(43)) - raft.server.log.purge.gap = 1000000 (custom)
2019-11-06 22:00:42,985 [pool-37-thread-1] INFO  server.RaftServerConfigKeys (ConfUtils.java:logGet(43)) - raft.server.log.appender.buffer.byte-limit = 33554432 (custom)
2019-11-06 22:00:42,985 [pool-27-thread-1] INFO  server.RaftServerConfigKeys (ConfUtils.java:logGet(43)) - raft.server.log.purge.gap = 1000000 (custom)
2019-11-06 22:00:42,985 [pool-37-thread-1] INFO  server.RaftServerConfigKeys (ConfUtils.java:logGet(43)) - raft.server.log.segment.size.max = 1048576 (custom)
2019-11-06 22:00:42,985 [pool-47-thread-1] INFO  server.RaftServerConfigKeys (ConfUtils.java:logGet(43)) - raft.server.log.appender.buffer.byte-limit = 33554432 (custom)
2019-11-06 22:00:42,985 [pool-37-thread-1] INFO  server.RaftServerConfigKeys (ConfUtils.java:logGet(43)) - raft.server.log.segment.cache.num.max = 2 (custom)
2019-11-06 22:00:42,985 [pool-27-thread-1] INFO  server.RaftServerConfigKeys (ConfUtils.java:logGet(43)) - raft.server.log.appender.buffer.byte-limit = 33554432 (custom)
2019-11-06 22:00:42,986 [pool-37-thread-1] INFO  segmented.SegmentedRaftLogWorker (SegmentedRaftLogWorker.java:<init>(173)) - new 388ec716-e68c-4af6-83f1-31c84c7cef06@group-67787E8AA61B-SegmentedRaftLogWorker for RaftStorage:Storage Directory /workdir/hadoop-ozone/tools/target/test-dir/MiniOzoneClusterImpl-e43eae99-bc27-4f1a-9c22-6446528dd8bd/datanode-1/data/ratis/17b38c05-8b38-4211-a536-67787e8aa61b
2019-11-06 22:00:42,986 [pool-47-thread-1] INFO  server.RaftServerConfigKeys (ConfUtils.java:logGet(43)) - raft.server.log.segment.size.max = 1048576 (custom)
2019-11-06 22:00:42,986 [pool-37-thread-1] INFO  server.RaftServerConfigKeys (ConfUtils.java:logGet(43)) - raft.server.log.queue.byte-limit = 2147483647 (custom)
2019-11-06 22:00:42,986 [pool-27-thread-1] INFO  server.RaftServerConfigKeys (ConfUtils.java:logGet(43)) - raft.server.log.segment.size.max = 1048576 (custom)
2019-11-06 22:00:42,986 [pool-37-thread-1] INFO  server.RaftServerConfigKeys (ConfUtils.java:logGet(43)) - raft.server.log.queue.element-limit = 1024 (custom)
2019-11-06 22:00:42,986 [pool-47-thread-1] INFO  server.RaftServerConfigKeys (ConfUtils.java:logGet(43)) - raft.server.log.segment.cache.num.max = 2 (custom)
2019-11-06 22:00:42,987 [pool-37-thread-1] INFO  server.RaftServerConfigKeys (ConfUtils.java:logGet(43)) - raft.server.log.segment.size.max = 1048576 (custom)
2019-11-06 22:00:42,986 [pool-27-thread-1] INFO  server.RaftServerConfigKeys (ConfUtils.java:logGet(43)) - raft.server.log.segment.cache.num.max = 2 (custom)
2019-11-06 22:00:42,987 [pool-37-thread-1] INFO  server.RaftServerConfigKeys (ConfUtils.java:logGet(43)) - raft.server.log.preallocated.size = 16384 (custom)
2019-11-06 22:00:42,987 [pool-47-thread-1] INFO  segmented.SegmentedRaftLogWorker (SegmentedRaftLogWorker.java:<init>(173)) - new 692acf91-075d-4599-8cc1-9f4b7a7c5a1f@group-67787E8AA61B-SegmentedRaftLogWorker for RaftStorage:Storage Directory /workdir/hadoop-ozone/tools/target/test-dir/MiniOzoneClusterImpl-e43eae99-bc27-4f1a-9c22-6446528dd8bd/datanode-2/data/ratis/17b38c05-8b38-4211-a536-67787e8aa61b
2019-11-06 22:00:42,987 [pool-37-thread-1] INFO  server.RaftServerConfigKeys (ConfUtils.java:logGet(43)) - raft.server.log.write.buffer.size = 33554432 (custom)
2019-11-06 22:00:42,987 [pool-27-thread-1] INFO  segmented.SegmentedRaftLogWorker (SegmentedRaftLogWorker.java:<init>(173)) - new f43e54ba-3512-4e04-ab9f-9f297ff5c4f5@group-67787E8AA61B-SegmentedRaftLogWorker for RaftStorage:Storage Directory /workdir/hadoop-ozone/tools/target/test-dir/MiniOzoneClusterImpl-e43eae99-bc27-4f1a-9c22-6446528dd8bd/datanode-0/data/ratis/17b38c05-8b38-4211-a536-67787e8aa61b
2019-11-06 22:00:42,988 [pool-37-thread-1] INFO  server.RaftServerConfigKeys (ConfUtils.java:logGet(43)) - raft.server.log.force.sync.num = 128 (default)
2019-11-06 22:00:42,987 [pool-47-thread-1] INFO  server.RaftServerConfigKeys (ConfUtils.java:logGet(43)) - raft.server.log.queue.byte-limit = 2147483647 (custom)
2019-11-06 22:00:42,988 [pool-37-thread-1] INFO  server.RaftServerConfigKeys (ConfUtils.java:logGet(43)) - raft.server.log.statemachine.data.sync = true (default)
2019-11-06 22:00:42,988 [pool-27-thread-1] INFO  server.RaftServerConfigKeys (ConfUtils.java:logGet(43)) - raft.server.log.queue.byte-limit = 2147483647 (custom)
2019-11-06 22:00:42,988 [pool-37-thread-1] INFO  server.RaftServerConfigKeys (ConfUtils.java:logGet(43)) - raft.server.log.statemachine.data.sync.timeout = 10s (default)
2019-11-06 22:00:42,988 [pool-47-thread-1] INFO  server.RaftServerConfigKeys (ConfUtils.java:logGet(43)) - raft.server.log.queue.element-limit = 1024 (custom)
2019-11-06 22:00:42,989 [pool-37-thread-1] INFO  server.RaftServerConfigKeys (ConfUtils.java:logGet(43)) - raft.server.log.statemachine.data.sync.timeout.retry = -1 (default)
2019-11-06 22:00:42,988 [pool-27-thread-1] INFO  server.RaftServerConfigKeys (ConfUtils.java:logGet(43)) - raft.server.log.queue.element-limit = 1024 (custom)
2019-11-06 22:00:42,989 [pool-47-thread-1] INFO  server.RaftServerConfigKeys (ConfUtils.java:logGet(43)) - raft.server.log.segment.size.max = 1048576 (custom)
2019-11-06 22:00:42,989 [pool-27-thread-1] INFO  server.RaftServerConfigKeys (ConfUtils.java:logGet(43)) - raft.server.log.segment.size.max = 1048576 (custom)
2019-11-06 22:00:42,989 [pool-37-thread-1] INFO  server.RaftServerConfigKeys (ConfUtils.java:logGet(43)) - raft.server.log.statemachine.data.caching.enabled = true (custom)
2019-11-06 22:00:42,989 [pool-27-thread-1] INFO  server.RaftServerConfigKeys (ConfUtils.java:logGet(43)) - raft.server.log.preallocated.size = 16384 (custom)
2019-11-06 22:00:42,989 [pool-47-thread-1] INFO  server.RaftServerConfigKeys (ConfUtils.java:logGet(43)) - raft.server.log.preallocated.size = 16384 (custom)
2019-11-06 22:00:42,990 [pool-27-thread-1] INFO  server.RaftServerConfigKeys (ConfUtils.java:logGet(43)) - raft.server.log.write.buffer.size = 33554432 (custom)
2019-11-06 22:00:42,990 [pool-37-thread-1] INFO  segmented.SegmentedRaftLogWorker (SegmentedRaftLogWorker.java:lambda$new$0(128)) - 388ec716-e68c-4af6-83f1-31c84c7cef06@group-67787E8AA61B-SegmentedRaftLogWorker: flushIndex: setUnconditionally 0 -> -1
2019-11-06 22:00:42,990 [pool-47-thread-1] INFO  server.RaftServerConfigKeys (ConfUtils.java:logGet(43)) - raft.server.log.write.buffer.size = 33554432 (custom)
2019-11-06 22:00:42,990 [pool-27-thread-1] INFO  server.RaftServerConfigKeys (ConfUtils.java:logGet(43)) - raft.server.log.force.sync.num = 128 (default)
2019-11-06 22:00:42,991 [pool-37-thread-1] INFO  server.RaftServerConfigKeys (ConfUtils.java:logGet(43)) - raft.server.snapshot.auto.trigger.enabled = true (custom)
2019-11-06 22:00:42,990 [pool-47-thread-1] INFO  server.RaftServerConfigKeys (ConfUtils.java:logGet(43)) - raft.server.log.force.sync.num = 128 (default)
2019-11-06 22:00:42,991 [pool-37-thread-1] INFO  server.RaftServerConfigKeys (ConfUtils.java:logGet(43)) - raft.server.snapshot.auto.trigger.threshold = 10000 (custom)
2019-11-06 22:00:42,991 [pool-27-thread-1] INFO  server.RaftServerConfigKeys (ConfUtils.java:logGet(43)) - raft.server.log.statemachine.data.sync = true (default)
2019-11-06 22:00:42,991 [pool-37-thread-1] INFO  server.RaftServerConfigKeys (ConfUtils.java:logGet(43)) - raft.server.snapshot.retention.file.num = 5 (custom)
2019-11-06 22:00:42,991 [pool-47-thread-1] INFO  server.RaftServerConfigKeys (ConfUtils.java:logGet(43)) - raft.server.log.statemachine.data.sync = true (default)
2019-11-06 22:00:42,991 [pool-27-thread-1] INFO  server.RaftServerConfigKeys (ConfUtils.java:logGet(43)) - raft.server.log.statemachine.data.sync.timeout = 10s (default)
2019-11-06 22:00:42,992 [pool-47-thread-1] INFO  server.RaftServerConfigKeys (ConfUtils.java:logGet(43)) - raft.server.log.statemachine.data.sync.timeout = 10s (default)
2019-11-06 22:00:42,992 [pool-37-thread-1] INFO  server.RaftServerConfigKeys (ConfUtils.java:logGet(43)) - raft.server.retrycache.expirytime = 600000ms (custom)
2019-11-06 22:00:42,992 [pool-47-thread-1] INFO  server.RaftServerConfigKeys (ConfUtils.java:logGet(43)) - raft.server.log.statemachine.data.sync.timeout.retry = -1 (default)
2019-11-06 22:00:42,992 [pool-37-thread-1] WARN  impl.MetricRegistriesImpl (MetricRegistriesImpl.java:lambda$create$1(61)) - First MetricRegistry has been created without registering reporters. You may need to call MetricRegistries.global().addReportRegistration(...) before.
2019-11-06 22:00:42,992 [pool-27-thread-1] INFO  server.RaftServerConfigKeys (ConfUtils.java:logGet(43)) - raft.server.log.statemachine.data.sync.timeout.retry = -1 (default)
2019-11-06 22:00:42,992 [pool-37-thread-1] WARN  impl.MetricRegistriesImpl (MetricRegistriesImpl.java:lambda$create$1(61)) - First MetricRegistry has been created without registering reporters. You may need to call MetricRegistries.global().addReportRegistration(...) before.
2019-11-06 22:00:42,992 [pool-47-thread-1] INFO  server.RaftServerConfigKeys (ConfUtils.java:logGet(43)) - raft.server.log.statemachine.data.caching.enabled = true (custom)
2019-11-06 22:00:42,993 [pool-27-thread-1] INFO  server.RaftServerConfigKeys (ConfUtils.java:logGet(43)) - raft.server.log.statemachine.data.caching.enabled = true (custom)
2019-11-06 22:00:42,993 [pool-37-thread-1] INFO  impl.RaftServerImpl (RaftServerImpl.java:start(184)) - 388ec716-e68c-4af6-83f1-31c84c7cef06@group-67787E8AA61B: start as a follower, conf=-1: [388ec716-e68c-4af6-83f1-31c84c7cef06:192.168.69.67:39108, f43e54ba-3512-4e04-ab9f-9f297ff5c4f5:192.168.69.67:44224, 692acf91-075d-4599-8cc1-9f4b7a7c5a1f:192.168.69.67:46565], old=null
2019-11-06 22:00:42,993 [pool-47-thread-1] INFO  segmented.SegmentedRaftLogWorker (SegmentedRaftLogWorker.java:lambda$new$0(128)) - 692acf91-075d-4599-8cc1-9f4b7a7c5a1f@group-67787E8AA61B-SegmentedRaftLogWorker: flushIndex: setUnconditionally 0 -> -1
2019-11-06 22:00:42,993 [pool-37-thread-1] INFO  impl.RaftServerImpl (RaftServerImpl.java:setRole(173)) - 388ec716-e68c-4af6-83f1-31c84c7cef06@group-67787E8AA61B: changes role from      null to FOLLOWER at term 0 for startAsFollower
2019-11-06 22:00:42,993 [pool-27-thread-1] INFO  segmented.SegmentedRaftLogWorker (SegmentedRaftLogWorker.java:lambda$new$0(128)) - f43e54ba-3512-4e04-ab9f-9f297ff5c4f5@group-67787E8AA61B-SegmentedRaftLogWorker: flushIndex: setUnconditionally 0 -> -1
2019-11-06 22:00:42,994 [pool-37-thread-1] INFO  impl.RoleInfo (RoleInfo.java:updateAndGet(143)) - 388ec716-e68c-4af6-83f1-31c84c7cef06: start FollowerState
2019-11-06 22:00:42,993 [pool-47-thread-1] INFO  server.RaftServerConfigKeys (ConfUtils.java:logGet(43)) - raft.server.snapshot.auto.trigger.enabled = true (custom)
2019-11-06 22:00:42,994 [pool-27-thread-1] INFO  server.RaftServerConfigKeys (ConfUtils.java:logGet(43)) - raft.server.snapshot.auto.trigger.enabled = true (custom)
2019-11-06 22:00:42,994 [pool-47-thread-1] INFO  server.RaftServerConfigKeys (ConfUtils.java:logGet(43)) - raft.server.snapshot.auto.trigger.threshold = 10000 (custom)
2019-11-06 22:00:42,994 [pool-37-thread-1] INFO  util.JmxRegister (JmxRegister.java:tryRegister(44)) - Successfully registered JMX Bean with object name Ratis:service=RaftServer,group=group-67787E8AA61B,id=388ec716-e68c-4af6-83f1-31c84c7cef06
2019-11-06 22:00:42,994 [pool-27-thread-1] INFO  server.RaftServerConfigKeys (ConfUtils.java:logGet(43)) - raft.server.snapshot.auto.trigger.threshold = 10000 (custom)
2019-11-06 22:00:42,994 [pool-37-thread-1] WARN  impl.MetricRegistriesImpl (MetricRegistriesImpl.java:lambda$create$1(61)) - First MetricRegistry has been created without registering reporters. You may need to call MetricRegistries.global().addReportRegistration(...) before.
2019-11-06 22:00:42,994 [pool-47-thread-1] INFO  server.RaftServerConfigKeys (ConfUtils.java:logGet(43)) - raft.server.snapshot.retention.file.num = 5 (custom)
2019-11-06 22:00:42,994 [pool-27-thread-1] INFO  server.RaftServerConfigKeys (ConfUtils.java:logGet(43)) - raft.server.snapshot.retention.file.num = 5 (custom)
2019-11-06 22:00:42,995 [pool-47-thread-1] INFO  server.RaftServerConfigKeys (ConfUtils.java:logGet(43)) - raft.server.retrycache.expirytime = 600000ms (custom)
2019-11-06 22:00:42,995 [pool-27-thread-1] INFO  server.RaftServerConfigKeys (ConfUtils.java:logGet(43)) - raft.server.retrycache.expirytime = 600000ms (custom)
2019-11-06 22:00:42,995 [pool-47-thread-1] WARN  impl.MetricRegistriesImpl (MetricRegistriesImpl.java:lambda$create$1(61)) - First MetricRegistry has been created without registering reporters. You may need to call MetricRegistries.global().addReportRegistration(...) before.
2019-11-06 22:00:42,995 [pool-27-thread-1] WARN  impl.MetricRegistriesImpl (MetricRegistriesImpl.java:lambda$create$1(61)) - First MetricRegistry has been created without registering reporters. You may need to call MetricRegistries.global().addReportRegistration(...) before.
2019-11-06 22:00:42,995 [pool-47-thread-1] WARN  impl.MetricRegistriesImpl (MetricRegistriesImpl.java:lambda$create$1(61)) - First MetricRegistry has been created without registering reporters. You may need to call MetricRegistries.global().addReportRegistration(...) before.
2019-11-06 22:00:42,995 [pool-27-thread-1] WARN  impl.MetricRegistriesImpl (MetricRegistriesImpl.java:lambda$create$1(61)) - First MetricRegistry has been created without registering reporters. You may need to call MetricRegistries.global().addReportRegistration(...) before.
2019-11-06 22:00:42,996 [pool-47-thread-1] INFO  impl.RaftServerImpl (RaftServerImpl.java:start(184)) - 692acf91-075d-4599-8cc1-9f4b7a7c5a1f@group-67787E8AA61B: start as a follower, conf=-1: [388ec716-e68c-4af6-83f1-31c84c7cef06:192.168.69.67:39108, f43e54ba-3512-4e04-ab9f-9f297ff5c4f5:192.168.69.67:44224, 692acf91-075d-4599-8cc1-9f4b7a7c5a1f:192.168.69.67:46565], old=null
2019-11-06 22:00:42,996 [pool-27-thread-1] INFO  impl.RaftServerImpl (RaftServerImpl.java:start(184)) - f43e54ba-3512-4e04-ab9f-9f297ff5c4f5@group-67787E8AA61B: start as a follower, conf=-1: [388ec716-e68c-4af6-83f1-31c84c7cef06:192.168.69.67:39108, f43e54ba-3512-4e04-ab9f-9f297ff5c4f5:192.168.69.67:44224, 692acf91-075d-4599-8cc1-9f4b7a7c5a1f:192.168.69.67:46565], old=null
2019-11-06 22:00:42,996 [pool-47-thread-1] INFO  impl.RaftServerImpl (RaftServerImpl.java:setRole(173)) - 692acf91-075d-4599-8cc1-9f4b7a7c5a1f@group-67787E8AA61B: changes role from      null to FOLLOWER at term 0 for startAsFollower
2019-11-06 22:00:42,996 [pool-27-thread-1] INFO  impl.RaftServerImpl (RaftServerImpl.java:setRole(173)) - f43e54ba-3512-4e04-ab9f-9f297ff5c4f5@group-67787E8AA61B: changes role from      null to FOLLOWER at term 0 for startAsFollower
2019-11-06 22:00:42,996 [pool-47-thread-1] INFO  impl.RoleInfo (RoleInfo.java:updateAndGet(143)) - 692acf91-075d-4599-8cc1-9f4b7a7c5a1f: start FollowerState
2019-11-06 22:00:42,996 [pool-27-thread-1] INFO  impl.RoleInfo (RoleInfo.java:updateAndGet(143)) - f43e54ba-3512-4e04-ab9f-9f297ff5c4f5: start FollowerState
2019-11-06 22:00:42,997 [pool-47-thread-1] INFO  util.JmxRegister (JmxRegister.java:tryRegister(44)) - Successfully registered JMX Bean with object name Ratis:service=RaftServer,group=group-67787E8AA61B,id=692acf91-075d-4599-8cc1-9f4b7a7c5a1f
2019-11-06 22:00:42,997 [pool-47-thread-1] WARN  impl.MetricRegistriesImpl (MetricRegistriesImpl.java:lambda$create$1(61)) - First MetricRegistry has been created without registering reporters. You may need to call MetricRegistries.global().addReportRegistration(...) before.
2019-11-06 22:00:42,997 [pool-27-thread-1] INFO  util.JmxRegister (JmxRegister.java:tryRegister(44)) - Successfully registered JMX Bean with object name Ratis:service=RaftServer,group=group-67787E8AA61B,id=f43e54ba-3512-4e04-ab9f-9f297ff5c4f5
2019-11-06 22:00:42,997 [pool-27-thread-1] WARN  impl.MetricRegistriesImpl (MetricRegistriesImpl.java:lambda$create$1(61)) - First MetricRegistry has been created without registering reporters. You may need to call MetricRegistries.global().addReportRegistration(...) before.
2019-11-06 22:00:43,012 [RatisPipelineUtilsThread] INFO  pipeline.PipelineStateManager (PipelineStateManager.java:addPipeline(55)) - Created pipeline Pipeline[ Id: 17b38c05-8b38-4211-a536-67787e8aa61b, Nodes: 388ec716-e68c-4af6-83f1-31c84c7cef06{ip: 192.168.69.67, host: pr-hdds-1868-vmdzj-1914290063, networkLocation: /default-rack, certSerialId: null}f43e54ba-3512-4e04-ab9f-9f297ff5c4f5{ip: 192.168.69.67, host: pr-hdds-1868-vmdzj-1914290063, networkLocation: /default-rack, certSerialId: null}692acf91-075d-4599-8cc1-9f4b7a7c5a1f{ip: 192.168.69.67, host: pr-hdds-1868-vmdzj-1914290063, networkLocation: /default-rack, certSerialId: null}, Type:RATIS, Factor:THREE, State:ALLOCATED]
2019-11-06 22:00:43,013 [Thread-178] INFO  pipeline.PipelineStateManager (PipelineStateManager.java:finalizePipeline(121)) - Pipeline Pipeline[ Id: c6b2db31-87c6-47be-bfdc-612d64e796ab, Nodes: 692acf91-075d-4599-8cc1-9f4b7a7c5a1f{ip: 192.168.69.67, host: pr-hdds-1868-vmdzj-1914290063, networkLocation: /default-rack, certSerialId: null}, Type:RATIS, Factor:ONE, State:CLOSED] moved to CLOSED state
2019-11-06 22:00:43,025 [grpc-default-executor-0] INFO  impl.RaftServerProxy (RaftServerProxy.java:remove(95)) - 692acf91-075d-4599-8cc1-9f4b7a7c5a1f: remove  FOLLOWER 692acf91-075d-4599-8cc1-9f4b7a7c5a1f@group-612D64E796AB:t0, leader=null, voted=null, raftlog=692acf91-075d-4599-8cc1-9f4b7a7c5a1f@group-612D64E796AB-SegmentedRaftLog:OPENED:c-1,f-1,i0, conf=-1: [692acf91-075d-4599-8cc1-9f4b7a7c5a1f:192.168.69.67:46565], old=null RUNNING
2019-11-06 22:00:43,026 [grpc-default-executor-0] INFO  impl.RaftServerImpl (RaftServerImpl.java:lambda$shutdown$3(250)) - 692acf91-075d-4599-8cc1-9f4b7a7c5a1f@group-612D64E796AB: shutdown
2019-11-06 22:00:43,026 [grpc-default-executor-0] INFO  util.JmxRegister (JmxRegister.java:unregister(73)) - Successfully un-registered JMX Bean with object name Ratis:service=RaftServer,group=group-612D64E796AB,id=692acf91-075d-4599-8cc1-9f4b7a7c5a1f
2019-11-06 22:00:43,026 [grpc-default-executor-0] INFO  impl.RoleInfo (RoleInfo.java:shutdownFollowerState(121)) - 692acf91-075d-4599-8cc1-9f4b7a7c5a1f: shutdown FollowerState
2019-11-06 22:00:43,026 [grpc-default-executor-0] INFO  impl.StateMachineUpdater (StateMachineUpdater.java:stopAndJoin(136)) - 692acf91-075d-4599-8cc1-9f4b7a7c5a1f@group-612D64E796AB-StateMachineUpdater: set stopIndex = -1
2019-11-06 22:00:43,026 [Thread-186] INFO  impl.FollowerState (FollowerState.java:run(120)) - 692acf91-075d-4599-8cc1-9f4b7a7c5a1f@group-612D64E796AB-FollowerState was interrupted: java.lang.InterruptedException: sleep interrupted
2019-11-06 22:00:43,027 [grpc-default-executor-0] INFO  impl.RaftServerImpl (ServerState.java:close(387)) - 692acf91-075d-4599-8cc1-9f4b7a7c5a1f@group-612D64E796AB: closes. applyIndex: -1
2019-11-06 22:00:43,028 [692acf91-075d-4599-8cc1-9f4b7a7c5a1f@group-612D64E796AB-SegmentedRaftLogWorker] INFO  segmented.SegmentedRaftLogWorker (SegmentedRaftLogWorker.java:run(316)) - 692acf91-075d-4599-8cc1-9f4b7a7c5a1f@group-612D64E796AB-SegmentedRaftLogWorker was interrupted, exiting. There are 0 tasks remaining in the queue.
2019-11-06 22:00:43,028 [grpc-default-executor-0] INFO  segmented.SegmentedRaftLogWorker (SegmentedRaftLogWorker.java:close(224)) - 692acf91-075d-4599-8cc1-9f4b7a7c5a1f@group-612D64E796AB-SegmentedRaftLogWorker close()
2019-11-06 22:00:43,040 [Thread-178] INFO  pipeline.PipelineStateManager (PipelineStateManager.java:removePipeline(106)) - Pipeline Pipeline[ Id: c6b2db31-87c6-47be-bfdc-612d64e796ab, Nodes: 692acf91-075d-4599-8cc1-9f4b7a7c5a1f{ip: 192.168.69.67, host: pr-hdds-1868-vmdzj-1914290063, networkLocation: /default-rack, certSerialId: null}, Type:RATIS, Factor:ONE, State:CLOSED] removed from db
2019-11-06 22:00:43,040 [Thread-178] INFO  pipeline.SCMPipelineManager (SCMPipelineManager.java:finalizeAndDestroyPipeline(315)) - destroying pipeline:Pipeline[ Id: 02639149-ea25-4fb3-833e-feb9e5b0752c, Nodes: f43e54ba-3512-4e04-ab9f-9f297ff5c4f5{ip: 192.168.69.67, host: pr-hdds-1868-vmdzj-1914290063, networkLocation: /default-rack, certSerialId: null}, Type:RATIS, Factor:ONE, State:ALLOCATED]
2019-11-06 22:00:43,050 [grpc-default-executor-0] INFO  impl.RaftServerProxy (RaftServerProxy.java:addNew(89)) - 692acf91-075d-4599-8cc1-9f4b7a7c5a1f: addNew group-0DF693ED1A17:[692acf91-075d-4599-8cc1-9f4b7a7c5a1f:192.168.69.67:46565] returns group-0DF693ED1A17:java.util.concurrent.CompletableFuture@459a252d[Not completed]
2019-11-06 22:00:43,052 [pool-47-thread-1] INFO  impl.RaftServerImpl (RaftServerImpl.java:<init>(98)) - 692acf91-075d-4599-8cc1-9f4b7a7c5a1f: new RaftServerImpl for group-0DF693ED1A17:[692acf91-075d-4599-8cc1-9f4b7a7c5a1f:192.168.69.67:46565] with ContainerStateMachine:uninitialized
2019-11-06 22:00:43,052 [pool-47-thread-1] INFO  server.RaftServerConfigKeys (ConfUtils.java:logGet(43)) - raft.server.rpc.timeout.min = 5s (custom)
2019-11-06 22:00:43,052 [pool-47-thread-1] INFO  server.RaftServerConfigKeys (ConfUtils.java:logGet(43)) - raft.server.rpc.timeout.max = 5200ms (custom)
2019-11-06 22:00:43,052 [pool-47-thread-1] INFO  server.RaftServerConfigKeys (ConfUtils.java:logGet(43)) - raft.server.rpcslowness.timeout = 120s (custom)
2019-11-06 22:00:43,052 [pool-47-thread-1] INFO  server.RaftServerConfigKeys (ConfUtils.java:logGet(43)) - raft.server.sleep.deviation.threshold = 300 (default)
2019-11-06 22:00:43,052 [pool-47-thread-1] INFO  server.RaftServerConfigKeys (ConfUtils.java:logGet(43)) - raft.server.log.appender.install.snapshot.enabled = false (custom)
2019-11-06 22:00:43,052 [pool-47-thread-1] INFO  impl.RaftServerImpl (ServerState.java:<init>(103)) - 692acf91-075d-4599-8cc1-9f4b7a7c5a1f@group-0DF693ED1A17: ConfigurationManager, init=-1: [692acf91-075d-4599-8cc1-9f4b7a7c5a1f:192.168.69.67:46565], old=null, confs=<EMPTY_MAP>
2019-11-06 22:00:43,053 [pool-47-thread-1] INFO  server.RaftServerConfigKeys (ConfUtils.java:logGet(43)) - raft.server.storage.dir = [/workdir/hadoop-ozone/tools/target/test-dir/MiniOzoneClusterImpl-e43eae99-bc27-4f1a-9c22-6446528dd8bd/datanode-2/data/ratis] (custom)
2019-11-06 22:00:43,053 [pool-47-thread-1] INFO  server.RaftServerConfigKeys (ConfUtils.java:logGet(43)) - raft.server.log.corruption.policy = EXCEPTION (default)
2019-11-06 22:00:43,053 [pool-47-thread-1] INFO  storage.RaftStorageDirectory (RaftStorageDirectory.java:analyzeStorage(246)) - The storage directory /workdir/hadoop-ozone/tools/target/test-dir/MiniOzoneClusterImpl-e43eae99-bc27-4f1a-9c22-6446528dd8bd/datanode-2/data/ratis/e42d342d-1103-4bed-b606-0df693ed1a17 does not exist. Creating ...
2019-11-06 22:00:43,083 [pool-47-thread-1] INFO  storage.RaftStorageDirectory (RaftStorageDirectory.java:tryLock(328)) - Lock on /workdir/hadoop-ozone/tools/target/test-dir/MiniOzoneClusterImpl-e43eae99-bc27-4f1a-9c22-6446528dd8bd/datanode-2/data/ratis/e42d342d-1103-4bed-b606-0df693ed1a17/in_use.lock acquired by nodename 23789@pr-hdds-1868-vmdzj-1914290063
2019-11-06 22:00:43,109 [pool-47-thread-1] INFO  storage.RaftStorage (RaftStorage.java:format(84)) - Storage directory /workdir/hadoop-ozone/tools/target/test-dir/MiniOzoneClusterImpl-e43eae99-bc27-4f1a-9c22-6446528dd8bd/datanode-2/data/ratis/e42d342d-1103-4bed-b606-0df693ed1a17 has been successfully formatted.
2019-11-06 22:00:43,109 [pool-47-thread-1] INFO  ratis.ContainerStateMachine (ContainerStateMachine.java:loadSnapshot(223)) - group-0DF693ED1A17: The snapshot info is null. Setting the last applied indexto:(t:0, i:~)
2019-11-06 22:00:43,109 [pool-47-thread-1] INFO  server.RaftServerConfigKeys (ConfUtils.java:logGet(43)) - raft.server.notification.no-leader.timeout = 120s (custom)
2019-11-06 22:00:43,109 [pool-47-thread-1] INFO  server.RaftServerConfigKeys (ConfUtils.java:logGet(43)) - raft.server.log.use.memory = false (default)
2019-11-06 22:00:43,110 [pool-47-thread-1] INFO  server.RaftServerConfigKeys (ConfUtils.java:logGet(43)) - raft.server.log.purge.gap = 1000000 (custom)
2019-11-06 22:00:43,110 [pool-47-thread-1] INFO  server.RaftServerConfigKeys (ConfUtils.java:logGet(43)) - raft.server.log.appender.buffer.byte-limit = 33554432 (custom)
2019-11-06 22:00:43,110 [pool-47-thread-1] INFO  server.RaftServerConfigKeys (ConfUtils.java:logGet(43)) - raft.server.log.segment.size.max = 1048576 (custom)
2019-11-06 22:00:43,110 [pool-47-thread-1] INFO  server.RaftServerConfigKeys (ConfUtils.java:logGet(43)) - raft.server.log.segment.cache.num.max = 2 (custom)
2019-11-06 22:00:43,110 [pool-47-thread-1] INFO  segmented.SegmentedRaftLogWorker (SegmentedRaftLogWorker.java:<init>(173)) - new 692acf91-075d-4599-8cc1-9f4b7a7c5a1f@group-0DF693ED1A17-SegmentedRaftLogWorker for RaftStorage:Storage Directory /workdir/hadoop-ozone/tools/target/test-dir/MiniOzoneClusterImpl-e43eae99-bc27-4f1a-9c22-6446528dd8bd/datanode-2/data/ratis/e42d342d-1103-4bed-b606-0df693ed1a17
2019-11-06 22:00:43,110 [pool-47-thread-1] INFO  server.RaftServerConfigKeys (ConfUtils.java:logGet(43)) - raft.server.log.queue.byte-limit = 2147483647 (custom)
2019-11-06 22:00:43,111 [pool-47-thread-1] INFO  server.RaftServerConfigKeys (ConfUtils.java:logGet(43)) - raft.server.log.queue.element-limit = 1024 (custom)
2019-11-06 22:00:43,111 [pool-47-thread-1] INFO  server.RaftServerConfigKeys (ConfUtils.java:logGet(43)) - raft.server.log.segment.size.max = 1048576 (custom)
2019-11-06 22:00:43,111 [pool-47-thread-1] INFO  server.RaftServerConfigKeys (ConfUtils.java:logGet(43)) - raft.server.log.preallocated.size = 16384 (custom)
2019-11-06 22:00:43,111 [pool-47-thread-1] INFO  server.RaftServerConfigKeys (ConfUtils.java:logGet(43)) - raft.server.log.write.buffer.size = 33554432 (custom)
2019-11-06 22:00:43,111 [pool-47-thread-1] INFO  server.RaftServerConfigKeys (ConfUtils.java:logGet(43)) - raft.server.log.force.sync.num = 128 (default)
2019-11-06 22:00:43,111 [pool-47-thread-1] INFO  server.RaftServerConfigKeys (ConfUtils.java:logGet(43)) - raft.server.log.statemachine.data.sync = true (default)
2019-11-06 22:00:43,112 [pool-47-thread-1] INFO  server.RaftServerConfigKeys (ConfUtils.java:logGet(43)) - raft.server.log.statemachine.data.sync.timeout = 10s (default)
2019-11-06 22:00:43,112 [pool-47-thread-1] INFO  server.RaftServerConfigKeys (ConfUtils.java:logGet(43)) - raft.server.log.statemachine.data.sync.timeout.retry = -1 (default)
2019-11-06 22:00:43,112 [pool-47-thread-1] INFO  server.RaftServerConfigKeys (ConfUtils.java:logGet(43)) - raft.server.log.statemachine.data.caching.enabled = true (custom)
2019-11-06 22:00:43,112 [pool-47-thread-1] INFO  segmented.SegmentedRaftLogWorker (SegmentedRaftLogWorker.java:lambda$new$0(128)) - 692acf91-075d-4599-8cc1-9f4b7a7c5a1f@group-0DF693ED1A17-SegmentedRaftLogWorker: flushIndex: setUnconditionally 0 -> -1
2019-11-06 22:00:43,113 [pool-47-thread-1] INFO  server.RaftServerConfigKeys (ConfUtils.java:logGet(43)) - raft.server.snapshot.auto.trigger.enabled = true (custom)
2019-11-06 22:00:43,113 [pool-47-thread-1] INFO  server.RaftServerConfigKeys (ConfUtils.java:logGet(43)) - raft.server.snapshot.auto.trigger.threshold = 10000 (custom)
2019-11-06 22:00:43,113 [pool-47-thread-1] INFO  server.RaftServerConfigKeys (ConfUtils.java:logGet(43)) - raft.server.snapshot.retention.file.num = 5 (custom)
2019-11-06 22:00:43,113 [pool-47-thread-1] INFO  server.RaftServerConfigKeys (ConfUtils.java:logGet(43)) - raft.server.retrycache.expirytime = 600000ms (custom)
2019-11-06 22:00:43,114 [pool-47-thread-1] WARN  impl.MetricRegistriesImpl (MetricRegistriesImpl.java:lambda$create$1(61)) - First MetricRegistry has been created without registering reporters. You may need to call MetricRegistries.global().addReportRegistration(...) before.
2019-11-06 22:00:43,114 [pool-47-thread-1] WARN  impl.MetricRegistriesImpl (MetricRegistriesImpl.java:lambda$create$1(61)) - First MetricRegistry has been created without registering reporters. You may need to call MetricRegistries.global().addReportRegistration(...) before.
2019-11-06 22:00:43,114 [pool-47-thread-1] INFO  impl.RaftServerImpl (RaftServerImpl.java:start(184)) - 692acf91-075d-4599-8cc1-9f4b7a7c5a1f@group-0DF693ED1A17: start as a follower, conf=-1: [692acf91-075d-4599-8cc1-9f4b7a7c5a1f:192.168.69.67:46565], old=null
2019-11-06 22:00:43,114 [pool-47-thread-1] INFO  impl.RaftServerImpl (RaftServerImpl.java:setRole(173)) - 692acf91-075d-4599-8cc1-9f4b7a7c5a1f@group-0DF693ED1A17: changes role from      null to FOLLOWER at term 0 for startAsFollower
2019-11-06 22:00:43,115 [pool-47-thread-1] INFO  impl.RoleInfo (RoleInfo.java:updateAndGet(143)) - 692acf91-075d-4599-8cc1-9f4b7a7c5a1f: start FollowerState
2019-11-06 22:00:43,115 [pool-47-thread-1] INFO  util.JmxRegister (JmxRegister.java:tryRegister(44)) - Successfully registered JMX Bean with object name Ratis:service=RaftServer,group=group-0DF693ED1A17,id=692acf91-075d-4599-8cc1-9f4b7a7c5a1f
2019-11-06 22:00:43,115 [pool-47-thread-1] WARN  impl.MetricRegistriesImpl (MetricRegistriesImpl.java:lambda$create$1(61)) - First MetricRegistry has been created without registering reporters. You may need to call MetricRegistries.global().addReportRegistration(...) before.
2019-11-06 22:00:43,125 [RatisPipelineUtilsThread] INFO  pipeline.PipelineStateManager (PipelineStateManager.java:addPipeline(55)) - Created pipeline Pipeline[ Id: e42d342d-1103-4bed-b606-0df693ed1a17, Nodes: 692acf91-075d-4599-8cc1-9f4b7a7c5a1f{ip: 192.168.69.67, host: pr-hdds-1868-vmdzj-1914290063, networkLocation: /default-rack, certSerialId: null}, Type:RATIS, Factor:ONE, State:ALLOCATED]
2019-11-06 22:00:43,126 [Thread-178] INFO  pipeline.PipelineStateManager (PipelineStateManager.java:finalizePipeline(121)) - Pipeline Pipeline[ Id: 02639149-ea25-4fb3-833e-feb9e5b0752c, Nodes: f43e54ba-3512-4e04-ab9f-9f297ff5c4f5{ip: 192.168.69.67, host: pr-hdds-1868-vmdzj-1914290063, networkLocation: /default-rack, certSerialId: null}, Type:RATIS, Factor:ONE, State:CLOSED] moved to CLOSED state
2019-11-06 22:00:43,137 [grpc-default-executor-0] INFO  impl.RaftServerProxy (RaftServerProxy.java:remove(95)) - f43e54ba-3512-4e04-ab9f-9f297ff5c4f5: remove  FOLLOWER f43e54ba-3512-4e04-ab9f-9f297ff5c4f5@group-FEB9E5B0752C:t0, leader=null, voted=null, raftlog=f43e54ba-3512-4e04-ab9f-9f297ff5c4f5@group-FEB9E5B0752C-SegmentedRaftLog:OPENED:c-1,f-1,i0, conf=-1: [f43e54ba-3512-4e04-ab9f-9f297ff5c4f5:192.168.69.67:44224], old=null RUNNING
2019-11-06 22:00:43,138 [grpc-default-executor-0] INFO  impl.RaftServerImpl (RaftServerImpl.java:lambda$shutdown$3(250)) - f43e54ba-3512-4e04-ab9f-9f297ff5c4f5@group-FEB9E5B0752C: shutdown
2019-11-06 22:00:43,138 [grpc-default-executor-0] INFO  util.JmxRegister (JmxRegister.java:unregister(73)) - Successfully un-registered JMX Bean with object name Ratis:service=RaftServer,group=group-FEB9E5B0752C,id=f43e54ba-3512-4e04-ab9f-9f297ff5c4f5
2019-11-06 22:00:43,138 [grpc-default-executor-0] INFO  impl.RoleInfo (RoleInfo.java:shutdownFollowerState(121)) - f43e54ba-3512-4e04-ab9f-9f297ff5c4f5: shutdown FollowerState
2019-11-06 22:00:43,138 [grpc-default-executor-0] INFO  impl.StateMachineUpdater (StateMachineUpdater.java:stopAndJoin(136)) - f43e54ba-3512-4e04-ab9f-9f297ff5c4f5@group-FEB9E5B0752C-StateMachineUpdater: set stopIndex = -1
2019-11-06 22:00:43,139 [Thread-180] INFO  impl.FollowerState (FollowerState.java:run(120)) - f43e54ba-3512-4e04-ab9f-9f297ff5c4f5@group-FEB9E5B0752C-FollowerState was interrupted: java.lang.InterruptedException: sleep interrupted
2019-11-06 22:00:43,139 [grpc-default-executor-0] INFO  impl.RaftServerImpl (ServerState.java:close(387)) - f43e54ba-3512-4e04-ab9f-9f297ff5c4f5@group-FEB9E5B0752C: closes. applyIndex: -1
2019-11-06 22:00:43,141 [f43e54ba-3512-4e04-ab9f-9f297ff5c4f5@group-FEB9E5B0752C-SegmentedRaftLogWorker] INFO  segmented.SegmentedRaftLogWorker (SegmentedRaftLogWorker.java:run(316)) - f43e54ba-3512-4e04-ab9f-9f297ff5c4f5@group-FEB9E5B0752C-SegmentedRaftLogWorker was interrupted, exiting. There are 0 tasks remaining in the queue.
2019-11-06 22:00:43,141 [grpc-default-executor-0] INFO  segmented.SegmentedRaftLogWorker (SegmentedRaftLogWorker.java:close(224)) - f43e54ba-3512-4e04-ab9f-9f297ff5c4f5@group-FEB9E5B0752C-SegmentedRaftLogWorker close()
2019-11-06 22:00:43,148 [Thread-178] INFO  pipeline.PipelineStateManager (PipelineStateManager.java:removePipeline(106)) - Pipeline Pipeline[ Id: 02639149-ea25-4fb3-833e-feb9e5b0752c, Nodes: f43e54ba-3512-4e04-ab9f-9f297ff5c4f5{ip: 192.168.69.67, host: pr-hdds-1868-vmdzj-1914290063, networkLocation: /default-rack, certSerialId: null}, Type:RATIS, Factor:ONE, State:CLOSED] removed from db
2019-11-06 22:00:43,148 [Thread-178] INFO  pipeline.SCMPipelineManager (SCMPipelineManager.java:finalizeAndDestroyPipeline(315)) - destroying pipeline:Pipeline[ Id: 26101670-fbf7-41f6-9b91-4d5d277d5577, Nodes: 388ec716-e68c-4af6-83f1-31c84c7cef06{ip: 192.168.69.67, host: pr-hdds-1868-vmdzj-1914290063, networkLocation: /default-rack, certSerialId: null}, Type:RATIS, Factor:ONE, State:ALLOCATED]
2019-11-06 22:00:43,159 [grpc-default-executor-0] INFO  impl.RaftServerProxy (RaftServerProxy.java:addNew(89)) - f43e54ba-3512-4e04-ab9f-9f297ff5c4f5: addNew group-9BDBCCCA5146:[f43e54ba-3512-4e04-ab9f-9f297ff5c4f5:192.168.69.67:44224] returns group-9BDBCCCA5146:java.util.concurrent.CompletableFuture@3b9121c4[Not completed]
2019-11-06 22:00:43,161 [pool-27-thread-1] INFO  impl.RaftServerImpl (RaftServerImpl.java:<init>(98)) - f43e54ba-3512-4e04-ab9f-9f297ff5c4f5: new RaftServerImpl for group-9BDBCCCA5146:[f43e54ba-3512-4e04-ab9f-9f297ff5c4f5:192.168.69.67:44224] with ContainerStateMachine:uninitialized
2019-11-06 22:00:43,161 [pool-27-thread-1] INFO  server.RaftServerConfigKeys (ConfUtils.java:logGet(43)) - raft.server.rpc.timeout.min = 5s (custom)
2019-11-06 22:00:43,162 [pool-27-thread-1] INFO  server.RaftServerConfigKeys (ConfUtils.java:logGet(43)) - raft.server.rpc.timeout.max = 5200ms (custom)
2019-11-06 22:00:43,162 [pool-27-thread-1] INFO  server.RaftServerConfigKeys (ConfUtils.java:logGet(43)) - raft.server.rpcslowness.timeout = 120s (custom)
2019-11-06 22:00:43,162 [pool-27-thread-1] INFO  server.RaftServerConfigKeys (ConfUtils.java:logGet(43)) - raft.server.sleep.deviation.threshold = 300 (default)
2019-11-06 22:00:43,162 [pool-27-thread-1] INFO  server.RaftServerConfigKeys (ConfUtils.java:logGet(43)) - raft.server.log.appender.install.snapshot.enabled = false (custom)
2019-11-06 22:00:43,162 [pool-27-thread-1] INFO  impl.RaftServerImpl (ServerState.java:<init>(103)) - f43e54ba-3512-4e04-ab9f-9f297ff5c4f5@group-9BDBCCCA5146: ConfigurationManager, init=-1: [f43e54ba-3512-4e04-ab9f-9f297ff5c4f5:192.168.69.67:44224], old=null, confs=<EMPTY_MAP>
2019-11-06 22:00:43,162 [pool-27-thread-1] INFO  server.RaftServerConfigKeys (ConfUtils.java:logGet(43)) - raft.server.storage.dir = [/workdir/hadoop-ozone/tools/target/test-dir/MiniOzoneClusterImpl-e43eae99-bc27-4f1a-9c22-6446528dd8bd/datanode-0/data/ratis] (custom)
2019-11-06 22:00:43,163 [pool-27-thread-1] INFO  server.RaftServerConfigKeys (ConfUtils.java:logGet(43)) - raft.server.log.corruption.policy = EXCEPTION (default)
2019-11-06 22:00:43,163 [pool-27-thread-1] INFO  storage.RaftStorageDirectory (RaftStorageDirectory.java:analyzeStorage(246)) - The storage directory /workdir/hadoop-ozone/tools/target/test-dir/MiniOzoneClusterImpl-e43eae99-bc27-4f1a-9c22-6446528dd8bd/datanode-0/data/ratis/019d29c7-5464-45f1-b8ed-9bdbccca5146 does not exist. Creating ...
2019-11-06 22:00:43,192 [pool-27-thread-1] INFO  storage.RaftStorageDirectory (RaftStorageDirectory.java:tryLock(328)) - Lock on /workdir/hadoop-ozone/tools/target/test-dir/MiniOzoneClusterImpl-e43eae99-bc27-4f1a-9c22-6446528dd8bd/datanode-0/data/ratis/019d29c7-5464-45f1-b8ed-9bdbccca5146/in_use.lock acquired by nodename 23789@pr-hdds-1868-vmdzj-1914290063
2019-11-06 22:00:43,218 [pool-27-thread-1] INFO  storage.RaftStorage (RaftStorage.java:format(84)) - Storage directory /workdir/hadoop-ozone/tools/target/test-dir/MiniOzoneClusterImpl-e43eae99-bc27-4f1a-9c22-6446528dd8bd/datanode-0/data/ratis/019d29c7-5464-45f1-b8ed-9bdbccca5146 has been successfully formatted.
2019-11-06 22:00:43,218 [pool-27-thread-1] INFO  ratis.ContainerStateMachine (ContainerStateMachine.java:loadSnapshot(223)) - group-9BDBCCCA5146: The snapshot info is null. Setting the last applied indexto:(t:0, i:~)
2019-11-06 22:00:43,219 [pool-27-thread-1] INFO  server.RaftServerConfigKeys (ConfUtils.java:logGet(43)) - raft.server.notification.no-leader.timeout = 120s (custom)
2019-11-06 22:00:43,219 [pool-27-thread-1] INFO  server.RaftServerConfigKeys (ConfUtils.java:logGet(43)) - raft.server.log.use.memory = false (default)
2019-11-06 22:00:43,219 [pool-27-thread-1] INFO  server.RaftServerConfigKeys (ConfUtils.java:logGet(43)) - raft.server.log.purge.gap = 1000000 (custom)
2019-11-06 22:00:43,219 [pool-27-thread-1] INFO  server.RaftServerConfigKeys (ConfUtils.java:logGet(43)) - raft.server.log.appender.buffer.byte-limit = 33554432 (custom)
2019-11-06 22:00:43,219 [pool-27-thread-1] INFO  server.RaftServerConfigKeys (ConfUtils.java:logGet(43)) - raft.server.log.segment.size.max = 1048576 (custom)
2019-11-06 22:00:43,219 [pool-27-thread-1] INFO  server.RaftServerConfigKeys (ConfUtils.java:logGet(43)) - raft.server.log.segment.cache.num.max = 2 (custom)
2019-11-06 22:00:43,220 [pool-27-thread-1] INFO  segmented.SegmentedRaftLogWorker (SegmentedRaftLogWorker.java:<init>(173)) - new f43e54ba-3512-4e04-ab9f-9f297ff5c4f5@group-9BDBCCCA5146-SegmentedRaftLogWorker for RaftStorage:Storage Directory /workdir/hadoop-ozone/tools/target/test-dir/MiniOzoneClusterImpl-e43eae99-bc27-4f1a-9c22-6446528dd8bd/datanode-0/data/ratis/019d29c7-5464-45f1-b8ed-9bdbccca5146
2019-11-06 22:00:43,220 [pool-27-thread-1] INFO  server.RaftServerConfigKeys (ConfUtils.java:logGet(43)) - raft.server.log.queue.byte-limit = 2147483647 (custom)
2019-11-06 22:00:43,220 [pool-27-thread-1] INFO  server.RaftServerConfigKeys (ConfUtils.java:logGet(43)) - raft.server.log.queue.element-limit = 1024 (custom)
2019-11-06 22:00:43,220 [pool-27-thread-1] INFO  server.RaftServerConfigKeys (ConfUtils.java:logGet(43)) - raft.server.log.segment.size.max = 1048576 (custom)
2019-11-06 22:00:43,220 [pool-27-thread-1] INFO  server.RaftServerConfigKeys (ConfUtils.java:logGet(43)) - raft.server.log.preallocated.size = 16384 (custom)
2019-11-06 22:00:43,220 [pool-27-thread-1] INFO  server.RaftServerConfigKeys (ConfUtils.java:logGet(43)) - raft.server.log.write.buffer.size = 33554432 (custom)
2019-11-06 22:00:43,220 [pool-27-thread-1] INFO  server.RaftServerConfigKeys (ConfUtils.java:logGet(43)) - raft.server.log.force.sync.num = 128 (default)
2019-11-06 22:00:43,221 [pool-27-thread-1] INFO  server.RaftServerConfigKeys (ConfUtils.java:logGet(43)) - raft.server.log.statemachine.data.sync = true (default)
2019-11-06 22:00:43,221 [pool-27-thread-1] INFO  server.RaftServerConfigKeys (ConfUtils.java:logGet(43)) - raft.server.log.statemachine.data.sync.timeout = 10s (default)
2019-11-06 22:00:43,221 [pool-27-thread-1] INFO  server.RaftServerConfigKeys (ConfUtils.java:logGet(43)) - raft.server.log.statemachine.data.sync.timeout.retry = -1 (default)
2019-11-06 22:00:43,221 [pool-27-thread-1] INFO  server.RaftServerConfigKeys (ConfUtils.java:logGet(43)) - raft.server.log.statemachine.data.caching.enabled = true (custom)
2019-11-06 22:00:43,222 [pool-27-thread-1] INFO  segmented.SegmentedRaftLogWorker (SegmentedRaftLogWorker.java:lambda$new$0(128)) - f43e54ba-3512-4e04-ab9f-9f297ff5c4f5@group-9BDBCCCA5146-SegmentedRaftLogWorker: flushIndex: setUnconditionally 0 -> -1
2019-11-06 22:00:43,222 [pool-27-thread-1] INFO  server.RaftServerConfigKeys (ConfUtils.java:logGet(43)) - raft.server.snapshot.auto.trigger.enabled = true (custom)
2019-11-06 22:00:43,222 [pool-27-thread-1] INFO  server.RaftServerConfigKeys (ConfUtils.java:logGet(43)) - raft.server.snapshot.auto.trigger.threshold = 10000 (custom)
2019-11-06 22:00:43,222 [pool-27-thread-1] INFO  server.RaftServerConfigKeys (ConfUtils.java:logGet(43)) - raft.server.snapshot.retention.file.num = 5 (custom)
2019-11-06 22:00:43,222 [pool-27-thread-1] INFO  server.RaftServerConfigKeys (ConfUtils.java:logGet(43)) - raft.server.retrycache.expirytime = 600000ms (custom)
2019-11-06 22:00:43,223 [pool-27-thread-1] WARN  impl.MetricRegistriesImpl (MetricRegistriesImpl.java:lambda$create$1(61)) - First MetricRegistry has been created without registering reporters. You may need to call MetricRegistries.global().addReportRegistration(...) before.
2019-11-06 22:00:43,223 [pool-27-thread-1] WARN  impl.MetricRegistriesImpl (MetricRegistriesImpl.java:lambda$create$1(61)) - First MetricRegistry has been created without registering reporters. You may need to call MetricRegistries.global().addReportRegistration(...) before.
2019-11-06 22:00:43,223 [pool-27-thread-1] INFO  impl.RaftServerImpl (RaftServerImpl.java:start(184)) - f43e54ba-3512-4e04-ab9f-9f297ff5c4f5@group-9BDBCCCA5146: start as a follower, conf=-1: [f43e54ba-3512-4e04-ab9f-9f297ff5c4f5:192.168.69.67:44224], old=null
2019-11-06 22:00:43,223 [pool-27-thread-1] INFO  impl.RaftServerImpl (RaftServerImpl.java:setRole(173)) - f43e54ba-3512-4e04-ab9f-9f297ff5c4f5@group-9BDBCCCA5146: changes role from      null to FOLLOWER at term 0 for startAsFollower
2019-11-06 22:00:43,224 [pool-27-thread-1] INFO  impl.RoleInfo (RoleInfo.java:updateAndGet(143)) - f43e54ba-3512-4e04-ab9f-9f297ff5c4f5: start FollowerState
2019-11-06 22:00:43,224 [pool-27-thread-1] INFO  util.JmxRegister (JmxRegister.java:tryRegister(44)) - Successfully registered JMX Bean with object name Ratis:service=RaftServer,group=group-9BDBCCCA5146,id=f43e54ba-3512-4e04-ab9f-9f297ff5c4f5
2019-11-06 22:00:43,224 [pool-27-thread-1] WARN  impl.MetricRegistriesImpl (MetricRegistriesImpl.java:lambda$create$1(61)) - First MetricRegistry has been created without registering reporters. You may need to call MetricRegistries.global().addReportRegistration(...) before.
2019-11-06 22:00:43,230 [RatisPipelineUtilsThread] INFO  pipeline.PipelineStateManager (PipelineStateManager.java:addPipeline(55)) - Created pipeline Pipeline[ Id: 019d29c7-5464-45f1-b8ed-9bdbccca5146, Nodes: f43e54ba-3512-4e04-ab9f-9f297ff5c4f5{ip: 192.168.69.67, host: pr-hdds-1868-vmdzj-1914290063, networkLocation: /default-rack, certSerialId: null}, Type:RATIS, Factor:ONE, State:ALLOCATED]
2019-11-06 22:00:43,231 [Thread-178] INFO  pipeline.PipelineStateManager (PipelineStateManager.java:finalizePipeline(121)) - Pipeline Pipeline[ Id: 26101670-fbf7-41f6-9b91-4d5d277d5577, Nodes: 388ec716-e68c-4af6-83f1-31c84c7cef06{ip: 192.168.69.67, host: pr-hdds-1868-vmdzj-1914290063, networkLocation: /default-rack, certSerialId: null}, Type:RATIS, Factor:ONE, State:CLOSED] moved to CLOSED state
2019-11-06 22:00:43,245 [grpc-default-executor-0] INFO  impl.RaftServerProxy (RaftServerProxy.java:remove(95)) - 388ec716-e68c-4af6-83f1-31c84c7cef06: remove  FOLLOWER 388ec716-e68c-4af6-83f1-31c84c7cef06@group-4D5D277D5577:t0, leader=null, voted=null, raftlog=388ec716-e68c-4af6-83f1-31c84c7cef06@group-4D5D277D5577-SegmentedRaftLog:OPENED:c-1,f-1,i0, conf=-1: [388ec716-e68c-4af6-83f1-31c84c7cef06:192.168.69.67:39108], old=null RUNNING
2019-11-06 22:00:43,246 [grpc-default-executor-0] INFO  impl.RaftServerImpl (RaftServerImpl.java:lambda$shutdown$3(250)) - 388ec716-e68c-4af6-83f1-31c84c7cef06@group-4D5D277D5577: shutdown
2019-11-06 22:00:43,246 [grpc-default-executor-0] INFO  util.JmxRegister (JmxRegister.java:unregister(73)) - Successfully un-registered JMX Bean with object name Ratis:service=RaftServer,group=group-4D5D277D5577,id=388ec716-e68c-4af6-83f1-31c84c7cef06
2019-11-06 22:00:43,246 [grpc-default-executor-0] INFO  impl.RoleInfo (RoleInfo.java:shutdownFollowerState(121)) - 388ec716-e68c-4af6-83f1-31c84c7cef06: shutdown FollowerState
2019-11-06 22:00:43,246 [grpc-default-executor-0] INFO  impl.StateMachineUpdater (StateMachineUpdater.java:stopAndJoin(136)) - 388ec716-e68c-4af6-83f1-31c84c7cef06@group-4D5D277D5577-StateMachineUpdater: set stopIndex = -1
2019-11-06 22:00:43,246 [Thread-183] INFO  impl.FollowerState (FollowerState.java:run(120)) - 388ec716-e68c-4af6-83f1-31c84c7cef06@group-4D5D277D5577-FollowerState was interrupted: java.lang.InterruptedException: sleep interrupted
2019-11-06 22:00:43,247 [grpc-default-executor-0] INFO  impl.RaftServerImpl (ServerState.java:close(387)) - 388ec716-e68c-4af6-83f1-31c84c7cef06@group-4D5D277D5577: closes. applyIndex: -1
2019-11-06 22:00:43,248 [388ec716-e68c-4af6-83f1-31c84c7cef06@group-4D5D277D5577-SegmentedRaftLogWorker] INFO  segmented.SegmentedRaftLogWorker (SegmentedRaftLogWorker.java:run(316)) - 388ec716-e68c-4af6-83f1-31c84c7cef06@group-4D5D277D5577-SegmentedRaftLogWorker was interrupted, exiting. There are 0 tasks remaining in the queue.
2019-11-06 22:00:43,248 [grpc-default-executor-0] INFO  segmented.SegmentedRaftLogWorker (SegmentedRaftLogWorker.java:close(224)) - 388ec716-e68c-4af6-83f1-31c84c7cef06@group-4D5D277D5577-SegmentedRaftLogWorker close()
2019-11-06 22:00:43,256 [Thread-178] INFO  pipeline.PipelineStateManager (PipelineStateManager.java:removePipeline(106)) - Pipeline Pipeline[ Id: 26101670-fbf7-41f6-9b91-4d5d277d5577, Nodes: 388ec716-e68c-4af6-83f1-31c84c7cef06{ip: 192.168.69.67, host: pr-hdds-1868-vmdzj-1914290063, networkLocation: /default-rack, certSerialId: null}, Type:RATIS, Factor:ONE, State:CLOSED] removed from db
2019-11-06 22:00:43,266 [grpc-default-executor-0] INFO  impl.RaftServerProxy (RaftServerProxy.java:addNew(89)) - 388ec716-e68c-4af6-83f1-31c84c7cef06: addNew group-67DE708A7028:[388ec716-e68c-4af6-83f1-31c84c7cef06:192.168.69.67:39108] returns group-67DE708A7028:java.util.concurrent.CompletableFuture@57a19981[Not completed]
2019-11-06 22:00:43,268 [pool-37-thread-1] INFO  impl.RaftServerImpl (RaftServerImpl.java:<init>(98)) - 388ec716-e68c-4af6-83f1-31c84c7cef06: new RaftServerImpl for group-67DE708A7028:[388ec716-e68c-4af6-83f1-31c84c7cef06:192.168.69.67:39108] with ContainerStateMachine:uninitialized
2019-11-06 22:00:43,268 [pool-37-thread-1] INFO  server.RaftServerConfigKeys (ConfUtils.java:logGet(43)) - raft.server.rpc.timeout.min = 5s (custom)
2019-11-06 22:00:43,268 [pool-37-thread-1] INFO  server.RaftServerConfigKeys (ConfUtils.java:logGet(43)) - raft.server.rpc.timeout.max = 5200ms (custom)
2019-11-06 22:00:43,269 [pool-37-thread-1] INFO  server.RaftServerConfigKeys (ConfUtils.java:logGet(43)) - raft.server.rpcslowness.timeout = 120s (custom)
2019-11-06 22:00:43,269 [pool-37-thread-1] INFO  server.RaftServerConfigKeys (ConfUtils.java:logGet(43)) - raft.server.sleep.deviation.threshold = 300 (default)
2019-11-06 22:00:43,269 [pool-37-thread-1] INFO  server.RaftServerConfigKeys (ConfUtils.java:logGet(43)) - raft.server.log.appender.install.snapshot.enabled = false (custom)
2019-11-06 22:00:43,269 [pool-37-thread-1] INFO  impl.RaftServerImpl (ServerState.java:<init>(103)) - 388ec716-e68c-4af6-83f1-31c84c7cef06@group-67DE708A7028: ConfigurationManager, init=-1: [388ec716-e68c-4af6-83f1-31c84c7cef06:192.168.69.67:39108], old=null, confs=<EMPTY_MAP>
2019-11-06 22:00:43,269 [pool-37-thread-1] INFO  server.RaftServerConfigKeys (ConfUtils.java:logGet(43)) - raft.server.storage.dir = [/workdir/hadoop-ozone/tools/target/test-dir/MiniOzoneClusterImpl-e43eae99-bc27-4f1a-9c22-6446528dd8bd/datanode-1/data/ratis] (custom)
2019-11-06 22:00:43,270 [pool-37-thread-1] INFO  server.RaftServerConfigKeys (ConfUtils.java:logGet(43)) - raft.server.log.corruption.policy = EXCEPTION (default)
2019-11-06 22:00:43,270 [pool-37-thread-1] INFO  storage.RaftStorageDirectory (RaftStorageDirectory.java:analyzeStorage(246)) - The storage directory /workdir/hadoop-ozone/tools/target/test-dir/MiniOzoneClusterImpl-e43eae99-bc27-4f1a-9c22-6446528dd8bd/datanode-1/data/ratis/f7052d41-6e2c-46c3-8102-67de708a7028 does not exist. Creating ...
2019-11-06 22:00:43,293 [pool-37-thread-1] INFO  storage.RaftStorageDirectory (RaftStorageDirectory.java:tryLock(328)) - Lock on /workdir/hadoop-ozone/tools/target/test-dir/MiniOzoneClusterImpl-e43eae99-bc27-4f1a-9c22-6446528dd8bd/datanode-1/data/ratis/f7052d41-6e2c-46c3-8102-67de708a7028/in_use.lock acquired by nodename 23789@pr-hdds-1868-vmdzj-1914290063
2019-11-06 22:00:43,319 [pool-37-thread-1] INFO  storage.RaftStorage (RaftStorage.java:format(84)) - Storage directory /workdir/hadoop-ozone/tools/target/test-dir/MiniOzoneClusterImpl-e43eae99-bc27-4f1a-9c22-6446528dd8bd/datanode-1/data/ratis/f7052d41-6e2c-46c3-8102-67de708a7028 has been successfully formatted.
2019-11-06 22:00:43,319 [pool-37-thread-1] INFO  ratis.ContainerStateMachine (ContainerStateMachine.java:loadSnapshot(223)) - group-67DE708A7028: The snapshot info is null. Setting the last applied indexto:(t:0, i:~)
2019-11-06 22:00:43,320 [pool-37-thread-1] INFO  server.RaftServerConfigKeys (ConfUtils.java:logGet(43)) - raft.server.notification.no-leader.timeout = 120s (custom)
2019-11-06 22:00:43,320 [pool-37-thread-1] INFO  server.RaftServerConfigKeys (ConfUtils.java:logGet(43)) - raft.server.log.use.memory = false (default)
2019-11-06 22:00:43,320 [pool-37-thread-1] INFO  server.RaftServerConfigKeys (ConfUtils.java:logGet(43)) - raft.server.log.purge.gap = 1000000 (custom)
2019-11-06 22:00:43,320 [pool-37-thread-1] INFO  server.RaftServerConfigKeys (ConfUtils.java:logGet(43)) - raft.server.log.appender.buffer.byte-limit = 33554432 (custom)
2019-11-06 22:00:43,320 [pool-37-thread-1] INFO  server.RaftServerConfigKeys (ConfUtils.java:logGet(43)) - raft.server.log.segment.size.max = 1048576 (custom)
2019-11-06 22:00:43,320 [pool-37-thread-1] INFO  server.RaftServerConfigKeys (ConfUtils.java:logGet(43)) - raft.server.log.segment.cache.num.max = 2 (custom)
2019-11-06 22:00:43,320 [pool-37-thread-1] INFO  segmented.SegmentedRaftLogWorker (SegmentedRaftLogWorker.java:<init>(173)) - new 388ec716-e68c-4af6-83f1-31c84c7cef06@group-67DE708A7028-SegmentedRaftLogWorker for RaftStorage:Storage Directory /workdir/hadoop-ozone/tools/target/test-dir/MiniOzoneClusterImpl-e43eae99-bc27-4f1a-9c22-6446528dd8bd/datanode-1/data/ratis/f7052d41-6e2c-46c3-8102-67de708a7028
2019-11-06 22:00:43,321 [pool-37-thread-1] INFO  server.RaftServerConfigKeys (ConfUtils.java:logGet(43)) - raft.server.log.queue.byte-limit = 2147483647 (custom)
2019-11-06 22:00:43,321 [pool-37-thread-1] INFO  server.RaftServerConfigKeys (ConfUtils.java:logGet(43)) - raft.server.log.queue.element-limit = 1024 (custom)
2019-11-06 22:00:43,321 [pool-37-thread-1] INFO  server.RaftServerConfigKeys (ConfUtils.java:logGet(43)) - raft.server.log.segment.size.max = 1048576 (custom)
2019-11-06 22:00:43,321 [pool-37-thread-1] INFO  server.RaftServerConfigKeys (ConfUtils.java:logGet(43)) - raft.server.log.preallocated.size = 16384 (custom)
2019-11-06 22:00:43,321 [pool-37-thread-1] INFO  server.RaftServerConfigKeys (ConfUtils.java:logGet(43)) - raft.server.log.write.buffer.size = 33554432 (custom)
2019-11-06 22:00:43,321 [pool-37-thread-1] INFO  server.RaftServerConfigKeys (ConfUtils.java:logGet(43)) - raft.server.log.force.sync.num = 128 (default)
2019-11-06 22:00:43,321 [pool-37-thread-1] INFO  server.RaftServerConfigKeys (ConfUtils.java:logGet(43)) - raft.server.log.statemachine.data.sync = true (default)
2019-11-06 22:00:43,321 [pool-37-thread-1] INFO  server.RaftServerConfigKeys (ConfUtils.java:logGet(43)) - raft.server.log.statemachine.data.sync.timeout = 10s (default)
2019-11-06 22:00:43,322 [pool-37-thread-1] INFO  server.RaftServerConfigKeys (ConfUtils.java:logGet(43)) - raft.server.log.statemachine.data.sync.timeout.retry = -1 (default)
2019-11-06 22:00:43,322 [pool-37-thread-1] INFO  server.RaftServerConfigKeys (ConfUtils.java:logGet(43)) - raft.server.log.statemachine.data.caching.enabled = true (custom)
2019-11-06 22:00:43,322 [pool-37-thread-1] INFO  segmented.SegmentedRaftLogWorker (SegmentedRaftLogWorker.java:lambda$new$0(128)) - 388ec716-e68c-4af6-83f1-31c84c7cef06@group-67DE708A7028-SegmentedRaftLogWorker: flushIndex: setUnconditionally 0 -> -1
2019-11-06 22:00:43,323 [pool-37-thread-1] INFO  server.RaftServerConfigKeys (ConfUtils.java:logGet(43)) - raft.server.snapshot.auto.trigger.enabled = true (custom)
2019-11-06 22:00:43,323 [pool-37-thread-1] INFO  server.RaftServerConfigKeys (ConfUtils.java:logGet(43)) - raft.server.snapshot.auto.trigger.threshold = 10000 (custom)
2019-11-06 22:00:43,323 [pool-37-thread-1] INFO  server.RaftServerConfigKeys (ConfUtils.java:logGet(43)) - raft.server.snapshot.retention.file.num = 5 (custom)
2019-11-06 22:00:43,323 [pool-37-thread-1] INFO  server.RaftServerConfigKeys (ConfUtils.java:logGet(43)) - raft.server.retrycache.expirytime = 600000ms (custom)
2019-11-06 22:00:43,323 [pool-37-thread-1] WARN  impl.MetricRegistriesImpl (MetricRegistriesImpl.java:lambda$create$1(61)) - First MetricRegistry has been created without registering reporters. You may need to call MetricRegistries.global().addReportRegistration(...) before.
2019-11-06 22:00:43,323 [pool-37-thread-1] WARN  impl.MetricRegistriesImpl (MetricRegistriesImpl.java:lambda$create$1(61)) - First MetricRegistry has been created without registering reporters. You may need to call MetricRegistries.global().addReportRegistration(...) before.
2019-11-06 22:00:43,324 [pool-37-thread-1] INFO  impl.RaftServerImpl (RaftServerImpl.java:start(184)) - 388ec716-e68c-4af6-83f1-31c84c7cef06@group-67DE708A7028: start as a follower, conf=-1: [388ec716-e68c-4af6-83f1-31c84c7cef06:192.168.69.67:39108], old=null
2019-11-06 22:00:43,324 [pool-37-thread-1] INFO  impl.RaftServerImpl (RaftServerImpl.java:setRole(173)) - 388ec716-e68c-4af6-83f1-31c84c7cef06@group-67DE708A7028: changes role from      null to FOLLOWER at term 0 for startAsFollower
2019-11-06 22:00:43,324 [pool-37-thread-1] INFO  impl.RoleInfo (RoleInfo.java:updateAndGet(143)) - 388ec716-e68c-4af6-83f1-31c84c7cef06: start FollowerState
2019-11-06 22:00:43,325 [pool-37-thread-1] INFO  util.JmxRegister (JmxRegister.java:tryRegister(44)) - Successfully registered JMX Bean with object name Ratis:service=RaftServer,group=group-67DE708A7028,id=388ec716-e68c-4af6-83f1-31c84c7cef06
2019-11-06 22:00:43,325 [pool-37-thread-1] WARN  impl.MetricRegistriesImpl (MetricRegistriesImpl.java:lambda$create$1(61)) - First MetricRegistry has been created without registering reporters. You may need to call MetricRegistries.global().addReportRegistration(...) before.
2019-11-06 22:00:43,331 [RatisPipelineUtilsThread] INFO  pipeline.PipelineStateManager (PipelineStateManager.java:addPipeline(55)) - Created pipeline Pipeline[ Id: f7052d41-6e2c-46c3-8102-67de708a7028, Nodes: 388ec716-e68c-4af6-83f1-31c84c7cef06{ip: 192.168.69.67, host: pr-hdds-1868-vmdzj-1914290063, networkLocation: /default-rack, certSerialId: null}, Type:RATIS, Factor:ONE, State:ALLOCATED]
2019-11-06 22:00:43,887 [main] INFO  ozone.MiniOzoneClusterImpl (MiniOzoneClusterImpl.java:lambda$waitForClusterToBeReady$2(163)) - Waiting for 4 number of pipelines out of 4, to report a leader.
2019-11-06 22:00:44,888 [main] INFO  ozone.MiniOzoneClusterImpl (MiniOzoneClusterImpl.java:lambda$waitForClusterToBeReady$2(163)) - Waiting for 4 number of pipelines out of 4, to report a leader.
2019-11-06 22:00:45,888 [main] INFO  ozone.MiniOzoneClusterImpl (MiniOzoneClusterImpl.java:lambda$waitForClusterToBeReady$2(163)) - Waiting for 4 number of pipelines out of 4, to report a leader.
2019-11-06 22:00:46,889 [main] INFO  ozone.MiniOzoneClusterImpl (MiniOzoneClusterImpl.java:lambda$waitForClusterToBeReady$2(163)) - Waiting for 4 number of pipelines out of 4, to report a leader.
2019-11-06 22:00:47,890 [main] INFO  ozone.MiniOzoneClusterImpl (MiniOzoneClusterImpl.java:lambda$waitForClusterToBeReady$2(163)) - Waiting for 4 number of pipelines out of 4, to report a leader.
2019-11-06 22:00:48,087 [Thread-202] INFO  impl.FollowerState (FollowerState.java:run(111)) - 388ec716-e68c-4af6-83f1-31c84c7cef06@group-67787E8AA61B-FollowerState: change to CANDIDATE, lastRpcTime:5093ms, electionTimeout:5093ms
2019-11-06 22:00:48,091 [Thread-202] INFO  impl.RoleInfo (RoleInfo.java:shutdownFollowerState(121)) - 388ec716-e68c-4af6-83f1-31c84c7cef06: shutdown FollowerState
2019-11-06 22:00:48,091 [Thread-202] INFO  impl.RaftServerImpl (RaftServerImpl.java:setRole(173)) - 388ec716-e68c-4af6-83f1-31c84c7cef06@group-67787E8AA61B: changes role from  FOLLOWER to CANDIDATE at term 0 for changeToCandidate
2019-11-06 22:00:48,096 [Thread-202] INFO  impl.RoleInfo (RoleInfo.java:updateAndGet(143)) - 388ec716-e68c-4af6-83f1-31c84c7cef06: start LeaderElection
2019-11-06 22:00:48,107 [Thread-207] INFO  impl.FollowerState (FollowerState.java:run(111)) - f43e54ba-3512-4e04-ab9f-9f297ff5c4f5@group-67787E8AA61B-FollowerState: change to CANDIDATE, lastRpcTime:5110ms, electionTimeout:5110ms
2019-11-06 22:00:48,107 [Thread-207] INFO  impl.RoleInfo (RoleInfo.java:shutdownFollowerState(121)) - f43e54ba-3512-4e04-ab9f-9f297ff5c4f5: shutdown FollowerState
2019-11-06 22:00:48,107 [Thread-207] INFO  impl.RaftServerImpl (RaftServerImpl.java:setRole(173)) - f43e54ba-3512-4e04-ab9f-9f297ff5c4f5@group-67787E8AA61B: changes role from  FOLLOWER to CANDIDATE at term 0 for changeToCandidate
2019-11-06 22:00:48,108 [Thread-207] INFO  impl.RoleInfo (RoleInfo.java:updateAndGet(143)) - f43e54ba-3512-4e04-ab9f-9f297ff5c4f5: start LeaderElection
2019-11-06 22:00:48,123 [388ec716-e68c-4af6-83f1-31c84c7cef06@group-67787E8AA61B-LeaderElection1] INFO  impl.LeaderElection (LeaderElection.java:askForVotes(178)) - 388ec716-e68c-4af6-83f1-31c84c7cef06@group-67787E8AA61B-LeaderElection1: begin an election at term 1 for -1: [388ec716-e68c-4af6-83f1-31c84c7cef06:192.168.69.67:39108, f43e54ba-3512-4e04-ab9f-9f297ff5c4f5:192.168.69.67:44224, 692acf91-075d-4599-8cc1-9f4b7a7c5a1f:192.168.69.67:46565], old=null
2019-11-06 22:00:48,123 [f43e54ba-3512-4e04-ab9f-9f297ff5c4f5@group-67787E8AA61B-LeaderElection2] INFO  impl.LeaderElection (LeaderElection.java:askForVotes(178)) - f43e54ba-3512-4e04-ab9f-9f297ff5c4f5@group-67787E8AA61B-LeaderElection2: begin an election at term 1 for -1: [388ec716-e68c-4af6-83f1-31c84c7cef06:192.168.69.67:39108, f43e54ba-3512-4e04-ab9f-9f297ff5c4f5:192.168.69.67:44224, 692acf91-075d-4599-8cc1-9f4b7a7c5a1f:192.168.69.67:46565], old=null
2019-11-06 22:00:48,131 [Thread-206] INFO  impl.FollowerState (FollowerState.java:run(111)) - 692acf91-075d-4599-8cc1-9f4b7a7c5a1f@group-67787E8AA61B-FollowerState: change to CANDIDATE, lastRpcTime:5134ms, electionTimeout:5134ms
2019-11-06 22:00:48,131 [Thread-206] INFO  impl.RoleInfo (RoleInfo.java:shutdownFollowerState(121)) - 692acf91-075d-4599-8cc1-9f4b7a7c5a1f: shutdown FollowerState
2019-11-06 22:00:48,131 [Thread-206] INFO  impl.RaftServerImpl (RaftServerImpl.java:setRole(173)) - 692acf91-075d-4599-8cc1-9f4b7a7c5a1f@group-67787E8AA61B: changes role from  FOLLOWER to CANDIDATE at term 0 for changeToCandidate
2019-11-06 22:00:48,132 [Thread-206] INFO  impl.RoleInfo (RoleInfo.java:updateAndGet(143)) - 692acf91-075d-4599-8cc1-9f4b7a7c5a1f: start LeaderElection
2019-11-06 22:00:48,157 [692acf91-075d-4599-8cc1-9f4b7a7c5a1f@group-67787E8AA61B-LeaderElection3] INFO  impl.LeaderElection (LeaderElection.java:askForVotes(178)) - 692acf91-075d-4599-8cc1-9f4b7a7c5a1f@group-67787E8AA61B-LeaderElection3: begin an election at term 1 for -1: [388ec716-e68c-4af6-83f1-31c84c7cef06:192.168.69.67:39108, f43e54ba-3512-4e04-ab9f-9f297ff5c4f5:192.168.69.67:44224, 692acf91-075d-4599-8cc1-9f4b7a7c5a1f:192.168.69.67:46565], old=null
2019-11-06 22:00:48,175 [f43e54ba-3512-4e04-ab9f-9f297ff5c4f5@group-67787E8AA61B-LeaderElection2] INFO  impl.LeaderElection (LeaderElection.java:logAndReturn(56)) - f43e54ba-3512-4e04-ab9f-9f297ff5c4f5@group-67787E8AA61B-LeaderElection2: Election REJECTED; received 2 response(s) [f43e54ba-3512-4e04-ab9f-9f297ff5c4f5<-388ec716-e68c-4af6-83f1-31c84c7cef06#0:FAIL-t1, f43e54ba-3512-4e04-ab9f-9f297ff5c4f5<-692acf91-075d-4599-8cc1-9f4b7a7c5a1f#0:FAIL-t1] and 0 exception(s); f43e54ba-3512-4e04-ab9f-9f297ff5c4f5@group-67787E8AA61B:t1, leader=null, voted=f43e54ba-3512-4e04-ab9f-9f297ff5c4f5, raftlog=f43e54ba-3512-4e04-ab9f-9f297ff5c4f5@group-67787E8AA61B-SegmentedRaftLog:OPENED:c-1,f-1,i0, conf=-1: [388ec716-e68c-4af6-83f1-31c84c7cef06:192.168.69.67:39108, f43e54ba-3512-4e04-ab9f-9f297ff5c4f5:192.168.69.67:44224, 692acf91-075d-4599-8cc1-9f4b7a7c5a1f:192.168.69.67:46565], old=null
2019-11-06 22:00:48,176 [388ec716-e68c-4af6-83f1-31c84c7cef06@group-67787E8AA61B-LeaderElection1] INFO  impl.LeaderElection (LeaderElection.java:logAndReturn(56)) - 388ec716-e68c-4af6-83f1-31c84c7cef06@group-67787E8AA61B-LeaderElection1: Election REJECTED; received 2 response(s) [388ec716-e68c-4af6-83f1-31c84c7cef06<-f43e54ba-3512-4e04-ab9f-9f297ff5c4f5#0:FAIL-t1, 388ec716-e68c-4af6-83f1-31c84c7cef06<-692acf91-075d-4599-8cc1-9f4b7a7c5a1f#0:FAIL-t1] and 0 exception(s); 388ec716-e68c-4af6-83f1-31c84c7cef06@group-67787E8AA61B:t1, leader=null, voted=388ec716-e68c-4af6-83f1-31c84c7cef06, raftlog=388ec716-e68c-4af6-83f1-31c84c7cef06@group-67787E8AA61B-SegmentedRaftLog:OPENED:c-1,f-1,i0, conf=-1: [388ec716-e68c-4af6-83f1-31c84c7cef06:192.168.69.67:39108, f43e54ba-3512-4e04-ab9f-9f297ff5c4f5:192.168.69.67:44224, 692acf91-075d-4599-8cc1-9f4b7a7c5a1f:192.168.69.67:46565], old=null
2019-11-06 22:00:48,179 [692acf91-075d-4599-8cc1-9f4b7a7c5a1f@group-67787E8AA61B-LeaderElection3] INFO  impl.LeaderElection (LeaderElection.java:logAndReturn(56)) - 692acf91-075d-4599-8cc1-9f4b7a7c5a1f@group-67787E8AA61B-LeaderElection3: Election REJECTED; received 2 response(s) [692acf91-075d-4599-8cc1-9f4b7a7c5a1f<-388ec716-e68c-4af6-83f1-31c84c7cef06#0:FAIL-t1, 692acf91-075d-4599-8cc1-9f4b7a7c5a1f<-f43e54ba-3512-4e04-ab9f-9f297ff5c4f5#0:FAIL-t1] and 0 exception(s); 692acf91-075d-4599-8cc1-9f4b7a7c5a1f@group-67787E8AA61B:t1, leader=null, voted=692acf91-075d-4599-8cc1-9f4b7a7c5a1f, raftlog=692acf91-075d-4599-8cc1-9f4b7a7c5a1f@group-67787E8AA61B-SegmentedRaftLog:OPENED:c-1,f-1,i0, conf=-1: [388ec716-e68c-4af6-83f1-31c84c7cef06:192.168.69.67:39108, f43e54ba-3512-4e04-ab9f-9f297ff5c4f5:192.168.69.67:44224, 692acf91-075d-4599-8cc1-9f4b7a7c5a1f:192.168.69.67:46565], old=null
2019-11-06 22:00:48,181 [692acf91-075d-4599-8cc1-9f4b7a7c5a1f@group-67787E8AA61B-LeaderElection3] INFO  impl.RaftServerImpl (RaftServerImpl.java:setRole(173)) - 692acf91-075d-4599-8cc1-9f4b7a7c5a1f@group-67787E8AA61B: changes role from CANDIDATE to FOLLOWER at term 1 for DISCOVERED_A_NEW_TERM
2019-11-06 22:00:48,181 [f43e54ba-3512-4e04-ab9f-9f297ff5c4f5@group-67787E8AA61B-LeaderElection2] INFO  impl.RaftServerImpl (RaftServerImpl.java:setRole(173)) - f43e54ba-3512-4e04-ab9f-9f297ff5c4f5@group-67787E8AA61B: changes role from CANDIDATE to FOLLOWER at term 1 for DISCOVERED_A_NEW_TERM
2019-11-06 22:00:48,181 [692acf91-075d-4599-8cc1-9f4b7a7c5a1f@group-67787E8AA61B-LeaderElection3] INFO  impl.RoleInfo (RoleInfo.java:shutdownLeaderElection(134)) - 692acf91-075d-4599-8cc1-9f4b7a7c5a1f: shutdown LeaderElection
2019-11-06 22:00:48,181 [388ec716-e68c-4af6-83f1-31c84c7cef06@group-67787E8AA61B-LeaderElection1] INFO  impl.RaftServerImpl (RaftServerImpl.java:setRole(173)) - 388ec716-e68c-4af6-83f1-31c84c7cef06@group-67787E8AA61B: changes role from CANDIDATE to FOLLOWER at term 1 for DISCOVERED_A_NEW_TERM
2019-11-06 22:00:48,181 [f43e54ba-3512-4e04-ab9f-9f297ff5c4f5@group-67787E8AA61B-LeaderElection2] INFO  impl.RoleInfo (RoleInfo.java:shutdownLeaderElection(134)) - f43e54ba-3512-4e04-ab9f-9f297ff5c4f5: shutdown LeaderElection
2019-11-06 22:00:48,182 [388ec716-e68c-4af6-83f1-31c84c7cef06@group-67787E8AA61B-LeaderElection1] INFO  impl.RoleInfo (RoleInfo.java:shutdownLeaderElection(134)) - 388ec716-e68c-4af6-83f1-31c84c7cef06: shutdown LeaderElection
2019-11-06 22:00:48,182 [692acf91-075d-4599-8cc1-9f4b7a7c5a1f@group-67787E8AA61B-LeaderElection3] INFO  impl.RoleInfo (RoleInfo.java:updateAndGet(143)) - 692acf91-075d-4599-8cc1-9f4b7a7c5a1f: start FollowerState
2019-11-06 22:00:48,182 [388ec716-e68c-4af6-83f1-31c84c7cef06@group-67787E8AA61B-LeaderElection1] INFO  impl.RoleInfo (RoleInfo.java:updateAndGet(143)) - 388ec716-e68c-4af6-83f1-31c84c7cef06: start FollowerState
2019-11-06 22:00:48,182 [f43e54ba-3512-4e04-ab9f-9f297ff5c4f5@group-67787E8AA61B-LeaderElection2] INFO  impl.RoleInfo (RoleInfo.java:updateAndGet(143)) - f43e54ba-3512-4e04-ab9f-9f297ff5c4f5: start FollowerState
2019-11-06 22:00:48,298 [Thread-212] INFO  impl.FollowerState (FollowerState.java:run(111)) - 692acf91-075d-4599-8cc1-9f4b7a7c5a1f@group-0DF693ED1A17-FollowerState: change to CANDIDATE, lastRpcTime:5183ms, electionTimeout:5183ms
2019-11-06 22:00:48,298 [Thread-212] INFO  impl.RoleInfo (RoleInfo.java:shutdownFollowerState(121)) - 692acf91-075d-4599-8cc1-9f4b7a7c5a1f: shutdown FollowerState
2019-11-06 22:00:48,299 [Thread-212] INFO  impl.RaftServerImpl (RaftServerImpl.java:setRole(173)) - 692acf91-075d-4599-8cc1-9f4b7a7c5a1f@group-0DF693ED1A17: changes role from  FOLLOWER to CANDIDATE at term 0 for changeToCandidate
2019-11-06 22:00:48,299 [Thread-212] INFO  impl.RoleInfo (RoleInfo.java:updateAndGet(143)) - 692acf91-075d-4599-8cc1-9f4b7a7c5a1f: start LeaderElection
2019-11-06 22:00:48,325 [692acf91-075d-4599-8cc1-9f4b7a7c5a1f@group-0DF693ED1A17-LeaderElection4] INFO  impl.LeaderElection (LeaderElection.java:askForVotes(178)) - 692acf91-075d-4599-8cc1-9f4b7a7c5a1f@group-0DF693ED1A17-LeaderElection4: begin an election at term 1 for -1: [692acf91-075d-4599-8cc1-9f4b7a7c5a1f:192.168.69.67:46565], old=null
2019-11-06 22:00:48,326 [692acf91-075d-4599-8cc1-9f4b7a7c5a1f@group-0DF693ED1A17-LeaderElection4] INFO  impl.RoleInfo (RoleInfo.java:shutdownLeaderElection(134)) - 692acf91-075d-4599-8cc1-9f4b7a7c5a1f: shutdown LeaderElection
2019-11-06 22:00:48,326 [692acf91-075d-4599-8cc1-9f4b7a7c5a1f@group-0DF693ED1A17-LeaderElection4] INFO  impl.RaftServerImpl (RaftServerImpl.java:setRole(173)) - 692acf91-075d-4599-8cc1-9f4b7a7c5a1f@group-0DF693ED1A17: changes role from CANDIDATE to LEADER at term 1 for changeToLeader
2019-11-06 22:00:48,326 [692acf91-075d-4599-8cc1-9f4b7a7c5a1f@group-0DF693ED1A17-LeaderElection4] INFO  ratis.XceiverServerRatis (XceiverServerRatis.java:handleLeaderChangedNotification(697)) - Leader change notification received for group: group-0DF693ED1A17 with new leaderId: 692acf91-075d-4599-8cc1-9f4b7a7c5a1f
2019-11-06 22:00:48,331 [692acf91-075d-4599-8cc1-9f4b7a7c5a1f@group-0DF693ED1A17-LeaderElection4] INFO  impl.RaftServerImpl (ServerState.java:setLeader(255)) - 692acf91-075d-4599-8cc1-9f4b7a7c5a1f@group-0DF693ED1A17: change Leader from null to 692acf91-075d-4599-8cc1-9f4b7a7c5a1f at term 1 for becomeLeader, leader elected after 5216ms
2019-11-06 22:00:48,339 [692acf91-075d-4599-8cc1-9f4b7a7c5a1f@group-0DF693ED1A17-LeaderElection4] INFO  server.RaftServerConfigKeys (ConfUtils.java:logGet(43)) - raft.server.staging.catchup.gap = 1000 (default)
2019-11-06 22:00:48,339 [692acf91-075d-4599-8cc1-9f4b7a7c5a1f@group-0DF693ED1A17-LeaderElection4] INFO  server.RaftServerConfigKeys (ConfUtils.java:logGet(43)) - raft.server.rpc.sleep.time = 25ms (default)
2019-11-06 22:00:48,345 [692acf91-075d-4599-8cc1-9f4b7a7c5a1f@group-0DF693ED1A17-LeaderElection4] INFO  server.RaftServerConfigKeys (ConfUtils.java:logGet(43)) - raft.server.write.element-limit = 4096 (default)
2019-11-06 22:00:48,349 [692acf91-075d-4599-8cc1-9f4b7a7c5a1f@group-0DF693ED1A17-LeaderElection4] INFO  server.RaftServerConfigKeys (ConfUtils.java:logGet(43)) - raft.server.watch.timeout = 10s (default)
2019-11-06 22:00:48,349 [692acf91-075d-4599-8cc1-9f4b7a7c5a1f@group-0DF693ED1A17-LeaderElection4] INFO  server.RaftServerConfigKeys (ConfUtils.java:logGet(43)) - raft.server.watch.timeout.denomination = 1s (default)
2019-11-06 22:00:48,350 [692acf91-075d-4599-8cc1-9f4b7a7c5a1f@group-0DF693ED1A17-LeaderElection4] INFO  server.RaftServerConfigKeys (ConfUtils.java:logGet(43)) - raft.server.watch.element-limit = 65536 (default)
2019-11-06 22:00:48,356 [EventQueue-PipelineReportForPipelineReportHandler] INFO  pipeline.PipelineStateManager (PipelineStateManager.java:openPipeline(134)) - Pipeline Pipeline[ Id: e42d342d-1103-4bed-b606-0df693ed1a17, Nodes: 692acf91-075d-4599-8cc1-9f4b7a7c5a1f{ip: 192.168.69.67, host: pr-hdds-1868-vmdzj-1914290063, networkLocation: /default-rack, certSerialId: null}, Type:RATIS, Factor:ONE, State:OPEN] moved to OPEN state
2019-11-06 22:00:48,358 [Thread-216] INFO  impl.FollowerState (FollowerState.java:run(111)) - f43e54ba-3512-4e04-ab9f-9f297ff5c4f5@group-9BDBCCCA5146-FollowerState: change to CANDIDATE, lastRpcTime:5134ms, electionTimeout:5134ms
2019-11-06 22:00:48,358 [Thread-216] INFO  impl.RoleInfo (RoleInfo.java:shutdownFollowerState(121)) - f43e54ba-3512-4e04-ab9f-9f297ff5c4f5: shutdown FollowerState
2019-11-06 22:00:48,358 [Thread-216] INFO  impl.RaftServerImpl (RaftServerImpl.java:setRole(173)) - f43e54ba-3512-4e04-ab9f-9f297ff5c4f5@group-9BDBCCCA5146: changes role from  FOLLOWER to CANDIDATE at term 0 for changeToCandidate
2019-11-06 22:00:48,359 [Thread-216] INFO  impl.RoleInfo (RoleInfo.java:updateAndGet(143)) - f43e54ba-3512-4e04-ab9f-9f297ff5c4f5: start LeaderElection
2019-11-06 22:00:48,364 [692acf91-075d-4599-8cc1-9f4b7a7c5a1f@group-0DF693ED1A17-LeaderElection4] INFO  impl.RoleInfo (RoleInfo.java:updateAndGet(143)) - 692acf91-075d-4599-8cc1-9f4b7a7c5a1f: start LeaderState
2019-11-06 22:00:48,383 [692acf91-075d-4599-8cc1-9f4b7a7c5a1f@group-0DF693ED1A17-LeaderElection4] INFO  segmented.SegmentedRaftLogWorker (SegmentedRaftLogWorker.java:startLogSegment(385)) - 692acf91-075d-4599-8cc1-9f4b7a7c5a1f@group-0DF693ED1A17-SegmentedRaftLogWorker: Starting segment from index:0
2019-11-06 22:00:48,385 [f43e54ba-3512-4e04-ab9f-9f297ff5c4f5@group-9BDBCCCA5146-LeaderElection5] INFO  impl.LeaderElection (LeaderElection.java:askForVotes(178)) - f43e54ba-3512-4e04-ab9f-9f297ff5c4f5@group-9BDBCCCA5146-LeaderElection5: begin an election at term 1 for -1: [f43e54ba-3512-4e04-ab9f-9f297ff5c4f5:192.168.69.67:44224], old=null
2019-11-06 22:00:48,385 [f43e54ba-3512-4e04-ab9f-9f297ff5c4f5@group-9BDBCCCA5146-LeaderElection5] INFO  impl.RoleInfo (RoleInfo.java:shutdownLeaderElection(134)) - f43e54ba-3512-4e04-ab9f-9f297ff5c4f5: shutdown LeaderElection
2019-11-06 22:00:48,385 [f43e54ba-3512-4e04-ab9f-9f297ff5c4f5@group-9BDBCCCA5146-LeaderElection5] INFO  impl.RaftServerImpl (RaftServerImpl.java:setRole(173)) - f43e54ba-3512-4e04-ab9f-9f297ff5c4f5@group-9BDBCCCA5146: changes role from CANDIDATE to LEADER at term 1 for changeToLeader
2019-11-06 22:00:48,385 [f43e54ba-3512-4e04-ab9f-9f297ff5c4f5@group-9BDBCCCA5146-LeaderElection5] INFO  ratis.XceiverServerRatis (XceiverServerRatis.java:handleLeaderChangedNotification(697)) - Leader change notification received for group: group-9BDBCCCA5146 with new leaderId: f43e54ba-3512-4e04-ab9f-9f297ff5c4f5
2019-11-06 22:00:48,386 [f43e54ba-3512-4e04-ab9f-9f297ff5c4f5@group-9BDBCCCA5146-LeaderElection5] INFO  impl.RaftServerImpl (ServerState.java:setLeader(255)) - f43e54ba-3512-4e04-ab9f-9f297ff5c4f5@group-9BDBCCCA5146: change Leader from null to f43e54ba-3512-4e04-ab9f-9f297ff5c4f5 at term 1 for becomeLeader, leader elected after 5166ms
2019-11-06 22:00:48,387 [f43e54ba-3512-4e04-ab9f-9f297ff5c4f5@group-9BDBCCCA5146-LeaderElection5] INFO  server.RaftServerConfigKeys (ConfUtils.java:logGet(43)) - raft.server.staging.catchup.gap = 1000 (default)
2019-11-06 22:00:48,387 [f43e54ba-3512-4e04-ab9f-9f297ff5c4f5@group-9BDBCCCA5146-LeaderElection5] INFO  server.RaftServerConfigKeys (ConfUtils.java:logGet(43)) - raft.server.rpc.sleep.time = 25ms (default)
2019-11-06 22:00:48,387 [f43e54ba-3512-4e04-ab9f-9f297ff5c4f5@group-9BDBCCCA5146-LeaderElection5] INFO  server.RaftServerConfigKeys (ConfUtils.java:logGet(43)) - raft.server.write.element-limit = 4096 (default)
2019-11-06 22:00:48,389 [f43e54ba-3512-4e04-ab9f-9f297ff5c4f5@group-9BDBCCCA5146-LeaderElection5] INFO  server.RaftServerConfigKeys (ConfUtils.java:logGet(43)) - raft.server.watch.timeout = 10s (default)
2019-11-06 22:00:48,389 [f43e54ba-3512-4e04-ab9f-9f297ff5c4f5@group-9BDBCCCA5146-LeaderElection5] INFO  server.RaftServerConfigKeys (ConfUtils.java:logGet(43)) - raft.server.watch.timeout.denomination = 1s (default)
2019-11-06 22:00:48,390 [f43e54ba-3512-4e04-ab9f-9f297ff5c4f5@group-9BDBCCCA5146-LeaderElection5] INFO  server.RaftServerConfigKeys (ConfUtils.java:logGet(43)) - raft.server.watch.element-limit = 65536 (default)
2019-11-06 22:00:48,390 [f43e54ba-3512-4e04-ab9f-9f297ff5c4f5@group-9BDBCCCA5146-LeaderElection5] INFO  impl.RoleInfo (RoleInfo.java:updateAndGet(143)) - f43e54ba-3512-4e04-ab9f-9f297ff5c4f5: start LeaderState
2019-11-06 22:00:48,390 [EventQueue-PipelineReportForPipelineReportHandler] INFO  pipeline.PipelineStateManager (PipelineStateManager.java:openPipeline(134)) - Pipeline Pipeline[ Id: 019d29c7-5464-45f1-b8ed-9bdbccca5146, Nodes: f43e54ba-3512-4e04-ab9f-9f297ff5c4f5{ip: 192.168.69.67, host: pr-hdds-1868-vmdzj-1914290063, networkLocation: /default-rack, certSerialId: null}, Type:RATIS, Factor:ONE, State:OPEN] moved to OPEN state
2019-11-06 22:00:48,390 [f43e54ba-3512-4e04-ab9f-9f297ff5c4f5@group-9BDBCCCA5146-LeaderElection5] INFO  segmented.SegmentedRaftLogWorker (SegmentedRaftLogWorker.java:startLogSegment(385)) - f43e54ba-3512-4e04-ab9f-9f297ff5c4f5@group-9BDBCCCA5146-SegmentedRaftLogWorker: Starting segment from index:0
2019-11-06 22:00:48,399 [692acf91-075d-4599-8cc1-9f4b7a7c5a1f@group-0DF693ED1A17-LeaderElection4] INFO  impl.RaftServerImpl (ServerState.java:setRaftConf(356)) - 692acf91-075d-4599-8cc1-9f4b7a7c5a1f@group-0DF693ED1A17: set configuration 0: [692acf91-075d-4599-8cc1-9f4b7a7c5a1f:192.168.69.67:46565], old=null at 0
2019-11-06 22:00:48,399 [f43e54ba-3512-4e04-ab9f-9f297ff5c4f5@group-9BDBCCCA5146-LeaderElection5] INFO  impl.RaftServerImpl (ServerState.java:setRaftConf(356)) - f43e54ba-3512-4e04-ab9f-9f297ff5c4f5@group-9BDBCCCA5146: set configuration 0: [f43e54ba-3512-4e04-ab9f-9f297ff5c4f5:192.168.69.67:44224], old=null at 0
2019-11-06 22:00:48,524 [Thread-220] INFO  impl.FollowerState (FollowerState.java:run(111)) - 388ec716-e68c-4af6-83f1-31c84c7cef06@group-67DE708A7028-FollowerState: change to CANDIDATE, lastRpcTime:5199ms, electionTimeout:5199ms
2019-11-06 22:00:48,524 [Thread-220] INFO  impl.RoleInfo (RoleInfo.java:shutdownFollowerState(121)) - 388ec716-e68c-4af6-83f1-31c84c7cef06: shutdown FollowerState
2019-11-06 22:00:48,524 [Thread-220] INFO  impl.RaftServerImpl (RaftServerImpl.java:setRole(173)) - 388ec716-e68c-4af6-83f1-31c84c7cef06@group-67DE708A7028: changes role from  FOLLOWER to CANDIDATE at term 0 for changeToCandidate
2019-11-06 22:00:48,524 [Thread-220] INFO  impl.RoleInfo (RoleInfo.java:updateAndGet(143)) - 388ec716-e68c-4af6-83f1-31c84c7cef06: start LeaderElection
2019-11-06 22:00:48,550 [388ec716-e68c-4af6-83f1-31c84c7cef06@group-67DE708A7028-LeaderElection6] INFO  impl.LeaderElection (LeaderElection.java:askForVotes(178)) - 388ec716-e68c-4af6-83f1-31c84c7cef06@group-67DE708A7028-LeaderElection6: begin an election at term 1 for -1: [388ec716-e68c-4af6-83f1-31c84c7cef06:192.168.69.67:39108], old=null
2019-11-06 22:00:48,550 [388ec716-e68c-4af6-83f1-31c84c7cef06@group-67DE708A7028-LeaderElection6] INFO  impl.RoleInfo (RoleInfo.java:shutdownLeaderElection(134)) - 388ec716-e68c-4af6-83f1-31c84c7cef06: shutdown LeaderElection
2019-11-06 22:00:48,550 [388ec716-e68c-4af6-83f1-31c84c7cef06@group-67DE708A7028-LeaderElection6] INFO  impl.RaftServerImpl (RaftServerImpl.java:setRole(173)) - 388ec716-e68c-4af6-83f1-31c84c7cef06@group-67DE708A7028: changes role from CANDIDATE to LEADER at term 1 for changeToLeader
2019-11-06 22:00:48,551 [388ec716-e68c-4af6-83f1-31c84c7cef06@group-67DE708A7028-LeaderElection6] INFO  ratis.XceiverServerRatis (XceiverServerRatis.java:handleLeaderChangedNotification(697)) - Leader change notification received for group: group-67DE708A7028 with new leaderId: 388ec716-e68c-4af6-83f1-31c84c7cef06
2019-11-06 22:00:48,566 [388ec716-e68c-4af6-83f1-31c84c7cef06@group-67DE708A7028-LeaderElection6] INFO  impl.RaftServerImpl (ServerState.java:setLeader(255)) - 388ec716-e68c-4af6-83f1-31c84c7cef06@group-67DE708A7028: change Leader from null to 388ec716-e68c-4af6-83f1-31c84c7cef06 at term 1 for becomeLeader, leader elected after 5231ms
2019-11-06 22:00:48,566 [388ec716-e68c-4af6-83f1-31c84c7cef06@group-67DE708A7028-LeaderElection6] INFO  server.RaftServerConfigKeys (ConfUtils.java:logGet(43)) - raft.server.staging.catchup.gap = 1000 (default)
2019-11-06 22:00:48,567 [388ec716-e68c-4af6-83f1-31c84c7cef06@group-67DE708A7028-LeaderElection6] INFO  server.RaftServerConfigKeys (ConfUtils.java:logGet(43)) - raft.server.rpc.sleep.time = 25ms (default)
2019-11-06 22:00:48,567 [388ec716-e68c-4af6-83f1-31c84c7cef06@group-67DE708A7028-LeaderElection6] INFO  server.RaftServerConfigKeys (ConfUtils.java:logGet(43)) - raft.server.write.element-limit = 4096 (default)
2019-11-06 22:00:48,567 [388ec716-e68c-4af6-83f1-31c84c7cef06@group-67DE708A7028-LeaderElection6] INFO  server.RaftServerConfigKeys (ConfUtils.java:logGet(43)) - raft.server.watch.timeout = 10s (default)
2019-11-06 22:00:48,568 [388ec716-e68c-4af6-83f1-31c84c7cef06@group-67DE708A7028-LeaderElection6] INFO  server.RaftServerConfigKeys (ConfUtils.java:logGet(43)) - raft.server.watch.timeout.denomination = 1s (default)
2019-11-06 22:00:48,568 [388ec716-e68c-4af6-83f1-31c84c7cef06@group-67DE708A7028-LeaderElection6] INFO  server.RaftServerConfigKeys (ConfUtils.java:logGet(43)) - raft.server.watch.element-limit = 65536 (default)
2019-11-06 22:00:48,569 [388ec716-e68c-4af6-83f1-31c84c7cef06@group-67DE708A7028-LeaderElection6] INFO  impl.RoleInfo (RoleInfo.java:updateAndGet(143)) - 388ec716-e68c-4af6-83f1-31c84c7cef06: start LeaderState
2019-11-06 22:00:48,569 [388ec716-e68c-4af6-83f1-31c84c7cef06@group-67DE708A7028-LeaderElection6] INFO  segmented.SegmentedRaftLogWorker (SegmentedRaftLogWorker.java:startLogSegment(385)) - 388ec716-e68c-4af6-83f1-31c84c7cef06@group-67DE708A7028-SegmentedRaftLogWorker: Starting segment from index:0
2019-11-06 22:00:48,569 [EventQueue-PipelineReportForPipelineReportHandler] INFO  pipeline.PipelineStateManager (PipelineStateManager.java:openPipeline(134)) - Pipeline Pipeline[ Id: f7052d41-6e2c-46c3-8102-67de708a7028, Nodes: 388ec716-e68c-4af6-83f1-31c84c7cef06{ip: 192.168.69.67, host: pr-hdds-1868-vmdzj-1914290063, networkLocation: /default-rack, certSerialId: null}, Type:RATIS, Factor:ONE, State:OPEN] moved to OPEN state
2019-11-06 22:00:48,570 [388ec716-e68c-4af6-83f1-31c84c7cef06@group-67DE708A7028-LeaderElection6] INFO  impl.RaftServerImpl (ServerState.java:setRaftConf(356)) - 388ec716-e68c-4af6-83f1-31c84c7cef06@group-67DE708A7028: set configuration 0: [388ec716-e68c-4af6-83f1-31c84c7cef06:192.168.69.67:39108], old=null at 0
2019-11-06 22:00:48,609 [692acf91-075d-4599-8cc1-9f4b7a7c5a1f@group-0DF693ED1A17-SegmentedRaftLogWorker] INFO  segmented.SegmentedRaftLogWorker (SegmentedRaftLogWorker.java:execute(576)) - 692acf91-075d-4599-8cc1-9f4b7a7c5a1f@group-0DF693ED1A17-SegmentedRaftLogWorker: created new log segment /workdir/hadoop-ozone/tools/target/test-dir/MiniOzoneClusterImpl-e43eae99-bc27-4f1a-9c22-6446528dd8bd/datanode-2/data/ratis/e42d342d-1103-4bed-b606-0df693ed1a17/current/log_inprogress_0
2019-11-06 22:00:48,609 [f43e54ba-3512-4e04-ab9f-9f297ff5c4f5@group-9BDBCCCA5146-SegmentedRaftLogWorker] INFO  segmented.SegmentedRaftLogWorker (SegmentedRaftLogWorker.java:execute(576)) - f43e54ba-3512-4e04-ab9f-9f297ff5c4f5@group-9BDBCCCA5146-SegmentedRaftLogWorker: created new log segment /workdir/hadoop-ozone/tools/target/test-dir/MiniOzoneClusterImpl-e43eae99-bc27-4f1a-9c22-6446528dd8bd/datanode-0/data/ratis/019d29c7-5464-45f1-b8ed-9bdbccca5146/current/log_inprogress_0
2019-11-06 22:00:48,631 [388ec716-e68c-4af6-83f1-31c84c7cef06@group-67DE708A7028-SegmentedRaftLogWorker] INFO  segmented.SegmentedRaftLogWorker (SegmentedRaftLogWorker.java:execute(576)) - 388ec716-e68c-4af6-83f1-31c84c7cef06@group-67DE708A7028-SegmentedRaftLogWorker: created new log segment /workdir/hadoop-ozone/tools/target/test-dir/MiniOzoneClusterImpl-e43eae99-bc27-4f1a-9c22-6446528dd8bd/datanode-1/data/ratis/f7052d41-6e2c-46c3-8102-67de708a7028/current/log_inprogress_0
2019-11-06 22:00:48,890 [main] INFO  ozone.MiniOzoneClusterImpl (MiniOzoneClusterImpl.java:lambda$waitForClusterToBeReady$2(163)) - Waiting for 1 number of pipelines out of 4, to report a leader.
2019-11-06 22:00:49,891 [main] INFO  ozone.MiniOzoneClusterImpl (MiniOzoneClusterImpl.java:lambda$waitForClusterToBeReady$2(163)) - Waiting for 1 number of pipelines out of 4, to report a leader.
2019-11-06 22:00:50,900 [main] INFO  ozone.MiniOzoneClusterImpl (MiniOzoneClusterImpl.java:lambda$waitForClusterToBeReady$2(163)) - Waiting for 1 number of pipelines out of 4, to report a leader.
2019-11-06 22:00:51,900 [main] INFO  ozone.MiniOzoneClusterImpl (MiniOzoneClusterImpl.java:lambda$waitForClusterToBeReady$2(163)) - Waiting for 1 number of pipelines out of 4, to report a leader.
2019-11-06 22:00:52,901 [main] INFO  ozone.MiniOzoneClusterImpl (MiniOzoneClusterImpl.java:lambda$waitForClusterToBeReady$2(163)) - Waiting for 1 number of pipelines out of 4, to report a leader.
2019-11-06 22:00:53,328 [Thread-231] INFO  impl.FollowerState (FollowerState.java:run(111)) - 692acf91-075d-4599-8cc1-9f4b7a7c5a1f@group-67787E8AA61B-FollowerState: change to CANDIDATE, lastRpcTime:5146ms, electionTimeout:5145ms
2019-11-06 22:00:53,328 [Thread-231] INFO  impl.RoleInfo (RoleInfo.java:shutdownFollowerState(121)) - 692acf91-075d-4599-8cc1-9f4b7a7c5a1f: shutdown FollowerState
2019-11-06 22:00:53,329 [Thread-231] INFO  impl.RaftServerImpl (RaftServerImpl.java:setRole(173)) - 692acf91-075d-4599-8cc1-9f4b7a7c5a1f@group-67787E8AA61B: changes role from  FOLLOWER to CANDIDATE at term 1 for changeToCandidate
2019-11-06 22:00:53,329 [Thread-231] INFO  impl.RoleInfo (RoleInfo.java:updateAndGet(143)) - 692acf91-075d-4599-8cc1-9f4b7a7c5a1f: start LeaderElection
2019-11-06 22:00:53,342 [Thread-232] INFO  impl.FollowerState (FollowerState.java:run(111)) - 388ec716-e68c-4af6-83f1-31c84c7cef06@group-67787E8AA61B-FollowerState: change to CANDIDATE, lastRpcTime:5160ms, electionTimeout:5159ms
2019-11-06 22:00:53,342 [Thread-232] INFO  impl.RoleInfo (RoleInfo.java:shutdownFollowerState(121)) - 388ec716-e68c-4af6-83f1-31c84c7cef06: shutdown FollowerState
2019-11-06 22:00:53,343 [Thread-232] INFO  impl.RaftServerImpl (RaftServerImpl.java:setRole(173)) - 388ec716-e68c-4af6-83f1-31c84c7cef06@group-67787E8AA61B: changes role from  FOLLOWER to CANDIDATE at term 1 for changeToCandidate
2019-11-06 22:00:53,343 [Thread-232] INFO  impl.RoleInfo (RoleInfo.java:updateAndGet(143)) - 388ec716-e68c-4af6-83f1-31c84c7cef06: start LeaderElection
2019-11-06 22:00:53,354 [692acf91-075d-4599-8cc1-9f4b7a7c5a1f@group-67787E8AA61B-LeaderElection7] INFO  impl.LeaderElection (LeaderElection.java:askForVotes(178)) - 692acf91-075d-4599-8cc1-9f4b7a7c5a1f@group-67787E8AA61B-LeaderElection7: begin an election at term 2 for -1: [388ec716-e68c-4af6-83f1-31c84c7cef06:192.168.69.67:39108, f43e54ba-3512-4e04-ab9f-9f297ff5c4f5:192.168.69.67:44224, 692acf91-075d-4599-8cc1-9f4b7a7c5a1f:192.168.69.67:46565], old=null
2019-11-06 22:00:53,357 [Thread-233] INFO  impl.FollowerState (FollowerState.java:run(111)) - f43e54ba-3512-4e04-ab9f-9f297ff5c4f5@group-67787E8AA61B-FollowerState: change to CANDIDATE, lastRpcTime:5175ms, electionTimeout:5173ms
2019-11-06 22:00:53,357 [Thread-233] INFO  impl.RoleInfo (RoleInfo.java:shutdownFollowerState(121)) - f43e54ba-3512-4e04-ab9f-9f297ff5c4f5: shutdown FollowerState
2019-11-06 22:00:53,358 [Thread-233] INFO  impl.RaftServerImpl (RaftServerImpl.java:setRole(173)) - f43e54ba-3512-4e04-ab9f-9f297ff5c4f5@group-67787E8AA61B: changes role from  FOLLOWER to CANDIDATE at term 1 for changeToCandidate
2019-11-06 22:00:53,358 [Thread-233] INFO  impl.RoleInfo (RoleInfo.java:updateAndGet(143)) - f43e54ba-3512-4e04-ab9f-9f297ff5c4f5: start LeaderElection
2019-11-06 22:00:53,377 [388ec716-e68c-4af6-83f1-31c84c7cef06@group-67787E8AA61B-LeaderElection8] INFO  impl.LeaderElection (LeaderElection.java:askForVotes(178)) - 388ec716-e68c-4af6-83f1-31c84c7cef06@group-67787E8AA61B-LeaderElection8: begin an election at term 2 for -1: [388ec716-e68c-4af6-83f1-31c84c7cef06:192.168.69.67:39108, f43e54ba-3512-4e04-ab9f-9f297ff5c4f5:192.168.69.67:44224, 692acf91-075d-4599-8cc1-9f4b7a7c5a1f:192.168.69.67:46565], old=null
2019-11-06 22:00:53,377 [f43e54ba-3512-4e04-ab9f-9f297ff5c4f5@group-67787E8AA61B-LeaderElection9] INFO  impl.LeaderElection (LeaderElection.java:askForVotes(178)) - f43e54ba-3512-4e04-ab9f-9f297ff5c4f5@group-67787E8AA61B-LeaderElection9: begin an election at term 2 for -1: [388ec716-e68c-4af6-83f1-31c84c7cef06:192.168.69.67:39108, f43e54ba-3512-4e04-ab9f-9f297ff5c4f5:192.168.69.67:44224, 692acf91-075d-4599-8cc1-9f4b7a7c5a1f:192.168.69.67:46565], old=null
2019-11-06 22:00:53,380 [692acf91-075d-4599-8cc1-9f4b7a7c5a1f@group-67787E8AA61B-LeaderElection7] INFO  impl.LeaderElection (LeaderElection.java:logAndReturn(56)) - 692acf91-075d-4599-8cc1-9f4b7a7c5a1f@group-67787E8AA61B-LeaderElection7: Election REJECTED; received 2 response(s) [692acf91-075d-4599-8cc1-9f4b7a7c5a1f<-388ec716-e68c-4af6-83f1-31c84c7cef06#0:FAIL-t2, 692acf91-075d-4599-8cc1-9f4b7a7c5a1f<-f43e54ba-3512-4e04-ab9f-9f297ff5c4f5#0:FAIL-t2] and 0 exception(s); 692acf91-075d-4599-8cc1-9f4b7a7c5a1f@group-67787E8AA61B:t2, leader=null, voted=692acf91-075d-4599-8cc1-9f4b7a7c5a1f, raftlog=692acf91-075d-4599-8cc1-9f4b7a7c5a1f@group-67787E8AA61B-SegmentedRaftLog:OPENED:c-1,f-1,i0, conf=-1: [388ec716-e68c-4af6-83f1-31c84c7cef06:192.168.69.67:39108, f43e54ba-3512-4e04-ab9f-9f297ff5c4f5:192.168.69.67:44224, 692acf91-075d-4599-8cc1-9f4b7a7c5a1f:192.168.69.67:46565], old=null
2019-11-06 22:00:53,380 [692acf91-075d-4599-8cc1-9f4b7a7c5a1f@group-67787E8AA61B-LeaderElection7] INFO  impl.RaftServerImpl (RaftServerImpl.java:setRole(173)) - 692acf91-075d-4599-8cc1-9f4b7a7c5a1f@group-67787E8AA61B: changes role from CANDIDATE to FOLLOWER at term 2 for DISCOVERED_A_NEW_TERM
2019-11-06 22:00:53,381 [692acf91-075d-4599-8cc1-9f4b7a7c5a1f@group-67787E8AA61B-LeaderElection7] INFO  impl.RoleInfo (RoleInfo.java:shutdownLeaderElection(134)) - 692acf91-075d-4599-8cc1-9f4b7a7c5a1f: shutdown LeaderElection
2019-11-06 22:00:53,382 [692acf91-075d-4599-8cc1-9f4b7a7c5a1f@group-67787E8AA61B-LeaderElection7] INFO  impl.RoleInfo (RoleInfo.java:updateAndGet(143)) - 692acf91-075d-4599-8cc1-9f4b7a7c5a1f: start FollowerState
2019-11-06 22:00:53,390 [388ec716-e68c-4af6-83f1-31c84c7cef06@group-67787E8AA61B-LeaderElection8] INFO  impl.LeaderElection (LeaderElection.java:logAndReturn(56)) - 388ec716-e68c-4af6-83f1-31c84c7cef06@group-67787E8AA61B-LeaderElection8: Election REJECTED; received 2 response(s) [388ec716-e68c-4af6-83f1-31c84c7cef06<-692acf91-075d-4599-8cc1-9f4b7a7c5a1f#0:FAIL-t2, 388ec716-e68c-4af6-83f1-31c84c7cef06<-f43e54ba-3512-4e04-ab9f-9f297ff5c4f5#0:FAIL-t2] and 0 exception(s); 388ec716-e68c-4af6-83f1-31c84c7cef06@group-67787E8AA61B:t2, leader=null, voted=388ec716-e68c-4af6-83f1-31c84c7cef06, raftlog=388ec716-e68c-4af6-83f1-31c84c7cef06@group-67787E8AA61B-SegmentedRaftLog:OPENED:c-1,f-1,i0, conf=-1: [388ec716-e68c-4af6-83f1-31c84c7cef06:192.168.69.67:39108, f43e54ba-3512-4e04-ab9f-9f297ff5c4f5:192.168.69.67:44224, 692acf91-075d-4599-8cc1-9f4b7a7c5a1f:192.168.69.67:46565], old=null
2019-11-06 22:00:53,391 [f43e54ba-3512-4e04-ab9f-9f297ff5c4f5@group-67787E8AA61B-LeaderElection9] INFO  impl.LeaderElection (LeaderElection.java:logAndReturn(56)) - f43e54ba-3512-4e04-ab9f-9f297ff5c4f5@group-67787E8AA61B-LeaderElection9: Election REJECTED; received 2 response(s) [f43e54ba-3512-4e04-ab9f-9f297ff5c4f5<-388ec716-e68c-4af6-83f1-31c84c7cef06#0:FAIL-t2, f43e54ba-3512-4e04-ab9f-9f297ff5c4f5<-692acf91-075d-4599-8cc1-9f4b7a7c5a1f#0:FAIL-t2] and 0 exception(s); f43e54ba-3512-4e04-ab9f-9f297ff5c4f5@group-67787E8AA61B:t2, leader=null, voted=f43e54ba-3512-4e04-ab9f-9f297ff5c4f5, raftlog=f43e54ba-3512-4e04-ab9f-9f297ff5c4f5@group-67787E8AA61B-SegmentedRaftLog:OPENED:c-1,f-1,i0, conf=-1: [388ec716-e68c-4af6-83f1-31c84c7cef06:192.168.69.67:39108, f43e54ba-3512-4e04-ab9f-9f297ff5c4f5:192.168.69.67:44224, 692acf91-075d-4599-8cc1-9f4b7a7c5a1f:192.168.69.67:46565], old=null
2019-11-06 22:00:53,391 [388ec716-e68c-4af6-83f1-31c84c7cef06@group-67787E8AA61B-LeaderElection8] INFO  impl.RaftServerImpl (RaftServerImpl.java:setRole(173)) - 388ec716-e68c-4af6-83f1-31c84c7cef06@group-67787E8AA61B: changes role from CANDIDATE to FOLLOWER at term 2 for DISCOVERED_A_NEW_TERM
2019-11-06 22:00:53,392 [f43e54ba-3512-4e04-ab9f-9f297ff5c4f5@group-67787E8AA61B-LeaderElection9] INFO  impl.RaftServerImpl (RaftServerImpl.java:setRole(173)) - f43e54ba-3512-4e04-ab9f-9f297ff5c4f5@group-67787E8AA61B: changes role from CANDIDATE to FOLLOWER at term 2 for DISCOVERED_A_NEW_TERM
2019-11-06 22:00:53,393 [388ec716-e68c-4af6-83f1-31c84c7cef06@group-67787E8AA61B-LeaderElection8] INFO  impl.RoleInfo (RoleInfo.java:shutdownLeaderElection(134)) - 388ec716-e68c-4af6-83f1-31c84c7cef06: shutdown LeaderElection
2019-11-06 22:00:53,394 [f43e54ba-3512-4e04-ab9f-9f297ff5c4f5@group-67787E8AA61B-LeaderElection9] INFO  impl.RoleInfo (RoleInfo.java:shutdownLeaderElection(134)) - f43e54ba-3512-4e04-ab9f-9f297ff5c4f5: shutdown LeaderElection
2019-11-06 22:00:53,395 [388ec716-e68c-4af6-83f1-31c84c7cef06@group-67787E8AA61B-LeaderElection8] INFO  impl.RoleInfo (RoleInfo.java:updateAndGet(143)) - 388ec716-e68c-4af6-83f1-31c84c7cef06: start FollowerState
2019-11-06 22:00:53,395 [f43e54ba-3512-4e04-ab9f-9f297ff5c4f5@group-67787E8AA61B-LeaderElection9] INFO  impl.RoleInfo (RoleInfo.java:updateAndGet(143)) - f43e54ba-3512-4e04-ab9f-9f297ff5c4f5: start FollowerState
2019-11-06 22:00:53,902 [main] INFO  ozone.MiniOzoneClusterImpl (MiniOzoneClusterImpl.java:lambda$waitForClusterToBeReady$2(163)) - Waiting for 1 number of pipelines out of 4, to report a leader.
2019-11-06 22:00:54,902 [main] INFO  ozone.MiniOzoneClusterImpl (MiniOzoneClusterImpl.java:lambda$waitForClusterToBeReady$2(163)) - Waiting for 1 number of pipelines out of 4, to report a leader.
2019-11-06 22:00:55,903 [main] INFO  ozone.MiniOzoneClusterImpl (MiniOzoneClusterImpl.java:lambda$waitForClusterToBeReady$2(163)) - Waiting for 1 number of pipelines out of 4, to report a leader.
2019-11-06 22:00:56,904 [main] INFO  ozone.MiniOzoneClusterImpl (MiniOzoneClusterImpl.java:lambda$waitForClusterToBeReady$2(163)) - Waiting for 1 number of pipelines out of 4, to report a leader.
2019-11-06 22:00:57,905 [main] INFO  ozone.MiniOzoneClusterImpl (MiniOzoneClusterImpl.java:lambda$waitForClusterToBeReady$2(163)) - Waiting for 1 number of pipelines out of 4, to report a leader.
2019-11-06 22:00:58,432 [Thread-250] INFO  impl.FollowerState (FollowerState.java:run(111)) - 388ec716-e68c-4af6-83f1-31c84c7cef06@group-67787E8AA61B-FollowerState: change to CANDIDATE, lastRpcTime:5037ms, electionTimeout:5035ms
2019-11-06 22:00:58,432 [Thread-250] INFO  impl.RoleInfo (RoleInfo.java:shutdownFollowerState(121)) - 388ec716-e68c-4af6-83f1-31c84c7cef06: shutdown FollowerState
2019-11-06 22:00:58,432 [Thread-250] INFO  impl.RaftServerImpl (RaftServerImpl.java:setRole(173)) - 388ec716-e68c-4af6-83f1-31c84c7cef06@group-67787E8AA61B: changes role from  FOLLOWER to CANDIDATE at term 2 for changeToCandidate
2019-11-06 22:00:58,433 [Thread-250] INFO  impl.RoleInfo (RoleInfo.java:updateAndGet(143)) - 388ec716-e68c-4af6-83f1-31c84c7cef06: start LeaderElection
2019-11-06 22:00:58,441 [Thread-249] INFO  impl.FollowerState (FollowerState.java:run(111)) - 692acf91-075d-4599-8cc1-9f4b7a7c5a1f@group-67787E8AA61B-FollowerState: change to CANDIDATE, lastRpcTime:5058ms, electionTimeout:5057ms
2019-11-06 22:00:58,441 [Thread-249] INFO  impl.RoleInfo (RoleInfo.java:shutdownFollowerState(121)) - 692acf91-075d-4599-8cc1-9f4b7a7c5a1f: shutdown FollowerState
2019-11-06 22:00:58,441 [Thread-249] INFO  impl.RaftServerImpl (RaftServerImpl.java:setRole(173)) - 692acf91-075d-4599-8cc1-9f4b7a7c5a1f@group-67787E8AA61B: changes role from  FOLLOWER to CANDIDATE at term 2 for changeToCandidate
2019-11-06 22:00:58,441 [Thread-249] INFO  impl.RoleInfo (RoleInfo.java:updateAndGet(143)) - 692acf91-075d-4599-8cc1-9f4b7a7c5a1f: start LeaderElection
2019-11-06 22:00:58,477 [388ec716-e68c-4af6-83f1-31c84c7cef06@group-67787E8AA61B-LeaderElection10] INFO  impl.LeaderElection (LeaderElection.java:askForVotes(178)) - 388ec716-e68c-4af6-83f1-31c84c7cef06@group-67787E8AA61B-LeaderElection10: begin an election at term 3 for -1: [388ec716-e68c-4af6-83f1-31c84c7cef06:192.168.69.67:39108, f43e54ba-3512-4e04-ab9f-9f297ff5c4f5:192.168.69.67:44224, 692acf91-075d-4599-8cc1-9f4b7a7c5a1f:192.168.69.67:46565], old=null
2019-11-06 22:00:58,477 [692acf91-075d-4599-8cc1-9f4b7a7c5a1f@group-67787E8AA61B-LeaderElection11] INFO  impl.LeaderElection (LeaderElection.java:askForVotes(178)) - 692acf91-075d-4599-8cc1-9f4b7a7c5a1f@group-67787E8AA61B-LeaderElection11: begin an election at term 3 for -1: [388ec716-e68c-4af6-83f1-31c84c7cef06:192.168.69.67:39108, f43e54ba-3512-4e04-ab9f-9f297ff5c4f5:192.168.69.67:44224, 692acf91-075d-4599-8cc1-9f4b7a7c5a1f:192.168.69.67:46565], old=null
2019-11-06 22:00:58,485 [grpc-default-executor-1] INFO  impl.RaftServerImpl (RaftServerImpl.java:setRole(173)) - f43e54ba-3512-4e04-ab9f-9f297ff5c4f5@group-67787E8AA61B: changes role from  FOLLOWER to FOLLOWER at term 3 for recognizeCandidate:388ec716-e68c-4af6-83f1-31c84c7cef06
2019-11-06 22:00:58,486 [grpc-default-executor-1] INFO  impl.RoleInfo (RoleInfo.java:shutdownFollowerState(121)) - f43e54ba-3512-4e04-ab9f-9f297ff5c4f5: shutdown FollowerState
2019-11-06 22:00:58,487 [Thread-251] INFO  impl.FollowerState (FollowerState.java:run(120)) - f43e54ba-3512-4e04-ab9f-9f297ff5c4f5@group-67787E8AA61B-FollowerState was interrupted: java.lang.InterruptedException: sleep interrupted
2019-11-06 22:00:58,487 [grpc-default-executor-1] INFO  impl.RoleInfo (RoleInfo.java:updateAndGet(143)) - f43e54ba-3512-4e04-ab9f-9f297ff5c4f5: start FollowerState
2019-11-06 22:00:58,518 [692acf91-075d-4599-8cc1-9f4b7a7c5a1f@group-67787E8AA61B-LeaderElection11] INFO  impl.LeaderElection (LeaderElection.java:logAndReturn(56)) - 692acf91-075d-4599-8cc1-9f4b7a7c5a1f@group-67787E8AA61B-LeaderElection11: Election REJECTED; received 2 response(s) [692acf91-075d-4599-8cc1-9f4b7a7c5a1f<-388ec716-e68c-4af6-83f1-31c84c7cef06#0:FAIL-t3, 692acf91-075d-4599-8cc1-9f4b7a7c5a1f<-f43e54ba-3512-4e04-ab9f-9f297ff5c4f5#0:FAIL-t3] and 0 exception(s); 692acf91-075d-4599-8cc1-9f4b7a7c5a1f@group-67787E8AA61B:t3, leader=null, voted=692acf91-075d-4599-8cc1-9f4b7a7c5a1f, raftlog=692acf91-075d-4599-8cc1-9f4b7a7c5a1f@group-67787E8AA61B-SegmentedRaftLog:OPENED:c-1,f-1,i0, conf=-1: [388ec716-e68c-4af6-83f1-31c84c7cef06:192.168.69.67:39108, f43e54ba-3512-4e04-ab9f-9f297ff5c4f5:192.168.69.67:44224, 692acf91-075d-4599-8cc1-9f4b7a7c5a1f:192.168.69.67:46565], old=null
2019-11-06 22:00:58,518 [692acf91-075d-4599-8cc1-9f4b7a7c5a1f@group-67787E8AA61B-LeaderElection11] INFO  impl.RaftServerImpl (RaftServerImpl.java:setRole(173)) - 692acf91-075d-4599-8cc1-9f4b7a7c5a1f@group-67787E8AA61B: changes role from CANDIDATE to FOLLOWER at term 3 for DISCOVERED_A_NEW_TERM
2019-11-06 22:00:58,520 [692acf91-075d-4599-8cc1-9f4b7a7c5a1f@group-67787E8AA61B-LeaderElection11] INFO  impl.RoleInfo (RoleInfo.java:shutdownLeaderElection(134)) - 692acf91-075d-4599-8cc1-9f4b7a7c5a1f: shutdown LeaderElection
2019-11-06 22:00:58,520 [692acf91-075d-4599-8cc1-9f4b7a7c5a1f@group-67787E8AA61B-LeaderElection11] INFO  impl.RoleInfo (RoleInfo.java:updateAndGet(143)) - 692acf91-075d-4599-8cc1-9f4b7a7c5a1f: start FollowerState
2019-11-06 22:00:58,520 [388ec716-e68c-4af6-83f1-31c84c7cef06@group-67787E8AA61B-LeaderElection10] INFO  impl.LeaderElection (LeaderElection.java:logAndReturn(56)) - 388ec716-e68c-4af6-83f1-31c84c7cef06@group-67787E8AA61B-LeaderElection10: Election PASSED; received 2 response(s) [388ec716-e68c-4af6-83f1-31c84c7cef06<-692acf91-075d-4599-8cc1-9f4b7a7c5a1f#0:FAIL-t3, 388ec716-e68c-4af6-83f1-31c84c7cef06<-f43e54ba-3512-4e04-ab9f-9f297ff5c4f5#0:OK-t3] and 0 exception(s); 388ec716-e68c-4af6-83f1-31c84c7cef06@group-67787E8AA61B:t3, leader=null, voted=388ec716-e68c-4af6-83f1-31c84c7cef06, raftlog=388ec716-e68c-4af6-83f1-31c84c7cef06@group-67787E8AA61B-SegmentedRaftLog:OPENED:c-1,f-1,i0, conf=-1: [388ec716-e68c-4af6-83f1-31c84c7cef06:192.168.69.67:39108, f43e54ba-3512-4e04-ab9f-9f297ff5c4f5:192.168.69.67:44224, 692acf91-075d-4599-8cc1-9f4b7a7c5a1f:192.168.69.67:46565], old=null
2019-11-06 22:00:58,522 [388ec716-e68c-4af6-83f1-31c84c7cef06@group-67787E8AA61B-LeaderElection10] INFO  impl.RoleInfo (RoleInfo.java:shutdownLeaderElection(134)) - 388ec716-e68c-4af6-83f1-31c84c7cef06: shutdown LeaderElection
2019-11-06 22:00:58,523 [388ec716-e68c-4af6-83f1-31c84c7cef06@group-67787E8AA61B-LeaderElection10] INFO  impl.RaftServerImpl (RaftServerImpl.java:setRole(173)) - 388ec716-e68c-4af6-83f1-31c84c7cef06@group-67787E8AA61B: changes role from CANDIDATE to LEADER at term 3 for changeToLeader
2019-11-06 22:00:58,523 [388ec716-e68c-4af6-83f1-31c84c7cef06@group-67787E8AA61B-LeaderElection10] INFO  ratis.XceiverServerRatis (XceiverServerRatis.java:handleLeaderChangedNotification(697)) - Leader change notification received for group: group-67787E8AA61B with new leaderId: 388ec716-e68c-4af6-83f1-31c84c7cef06
2019-11-06 22:00:58,523 [388ec716-e68c-4af6-83f1-31c84c7cef06@group-67787E8AA61B-LeaderElection10] INFO  impl.RaftServerImpl (ServerState.java:setLeader(255)) - 388ec716-e68c-4af6-83f1-31c84c7cef06@group-67787E8AA61B: change Leader from null to 388ec716-e68c-4af6-83f1-31c84c7cef06 at term 3 for becomeLeader, leader elected after 15539ms
2019-11-06 22:00:58,524 [388ec716-e68c-4af6-83f1-31c84c7cef06@group-67787E8AA61B-LeaderElection10] INFO  server.RaftServerConfigKeys (ConfUtils.java:logGet(43)) - raft.server.staging.catchup.gap = 1000 (default)
2019-11-06 22:00:58,524 [388ec716-e68c-4af6-83f1-31c84c7cef06@group-67787E8AA61B-LeaderElection10] INFO  server.RaftServerConfigKeys (ConfUtils.java:logGet(43)) - raft.server.rpc.sleep.time = 25ms (default)
2019-11-06 22:00:58,524 [388ec716-e68c-4af6-83f1-31c84c7cef06@group-67787E8AA61B-LeaderElection10] INFO  server.RaftServerConfigKeys (ConfUtils.java:logGet(43)) - raft.server.write.element-limit = 4096 (default)
2019-11-06 22:00:58,524 [388ec716-e68c-4af6-83f1-31c84c7cef06@group-67787E8AA61B-LeaderElection10] INFO  server.RaftServerConfigKeys (ConfUtils.java:logGet(43)) - raft.server.watch.timeout = 10s (default)
2019-11-06 22:00:58,525 [388ec716-e68c-4af6-83f1-31c84c7cef06@group-67787E8AA61B-LeaderElection10] INFO  server.RaftServerConfigKeys (ConfUtils.java:logGet(43)) - raft.server.watch.timeout.denomination = 1s (default)
2019-11-06 22:00:58,525 [388ec716-e68c-4af6-83f1-31c84c7cef06@group-67787E8AA61B-LeaderElection10] INFO  server.RaftServerConfigKeys (ConfUtils.java:logGet(43)) - raft.server.watch.element-limit = 65536 (default)
2019-11-06 22:00:58,526 [EventQueue-PipelineReportForPipelineReportHandler] INFO  pipeline.PipelineStateManager (PipelineStateManager.java:openPipeline(134)) - Pipeline Pipeline[ Id: 17b38c05-8b38-4211-a536-67787e8aa61b, Nodes: 388ec716-e68c-4af6-83f1-31c84c7cef06{ip: 192.168.69.67, host: pr-hdds-1868-vmdzj-1914290063, networkLocation: /default-rack, certSerialId: null}f43e54ba-3512-4e04-ab9f-9f297ff5c4f5{ip: 192.168.69.67, host: pr-hdds-1868-vmdzj-1914290063, networkLocation: /default-rack, certSerialId: null}692acf91-075d-4599-8cc1-9f4b7a7c5a1f{ip: 192.168.69.67, host: pr-hdds-1868-vmdzj-1914290063, networkLocation: /default-rack, certSerialId: null}, Type:RATIS, Factor:THREE, State:OPEN] moved to OPEN state
2019-11-06 22:00:58,530 [388ec716-e68c-4af6-83f1-31c84c7cef06@group-67787E8AA61B-LeaderElection10] INFO  server.RaftServerConfigKeys (ConfUtils.java:logGet(43)) - raft.server.log.appender.snapshot.chunk.size.max = 16MB (=16777216) (default)
2019-11-06 22:00:58,530 [388ec716-e68c-4af6-83f1-31c84c7cef06@group-67787E8AA61B-LeaderElection10] INFO  server.RaftServerConfigKeys (ConfUtils.java:logGet(43)) - raft.server.log.appender.buffer.byte-limit = 33554432 (custom)
2019-11-06 22:00:58,531 [388ec716-e68c-4af6-83f1-31c84c7cef06@group-67787E8AA61B-LeaderElection10] INFO  server.RaftServerConfigKeys (ConfUtils.java:logGet(43)) - raft.server.log.appender.buffer.element-limit = 1 (custom)
2019-11-06 22:00:58,535 [388ec716-e68c-4af6-83f1-31c84c7cef06@group-67787E8AA61B-LeaderElection10] INFO  grpc.GrpcConfigKeys$Server (ConfUtils.java:logGet(43)) - raft.grpc.server.leader.outstanding.appends.max = 128 (default)
2019-11-06 22:00:58,536 [388ec716-e68c-4af6-83f1-31c84c7cef06@group-67787E8AA61B-LeaderElection10] INFO  server.RaftServerConfigKeys (ConfUtils.java:logGet(43)) - raft.server.rpc.request.timeout = 3000ms (default)
2019-11-06 22:00:58,536 [388ec716-e68c-4af6-83f1-31c84c7cef06@group-67787E8AA61B-LeaderElection10] INFO  server.RaftServerConfigKeys (ConfUtils.java:logGet(43)) - raft.server.log.appender.install.snapshot.enabled = false (custom)
2019-11-06 22:00:58,538 [388ec716-e68c-4af6-83f1-31c84c7cef06@group-67787E8AA61B-LeaderElection10] WARN  impl.MetricRegistriesImpl (MetricRegistriesImpl.java:lambda$create$1(61)) - First MetricRegistry has been created without registering reporters. You may need to call MetricRegistries.global().addReportRegistration(...) before.
2019-11-06 22:00:58,539 [388ec716-e68c-4af6-83f1-31c84c7cef06@group-67787E8AA61B-LeaderElection10] INFO  server.RaftServerConfigKeys (ConfUtils.java:logGet(43)) - raft.server.log.appender.snapshot.chunk.size.max = 16MB (=16777216) (default)
2019-11-06 22:00:58,539 [388ec716-e68c-4af6-83f1-31c84c7cef06@group-67787E8AA61B-LeaderElection10] INFO  server.RaftServerConfigKeys (ConfUtils.java:logGet(43)) - raft.server.log.appender.buffer.byte-limit = 33554432 (custom)
2019-11-06 22:00:58,539 [388ec716-e68c-4af6-83f1-31c84c7cef06@group-67787E8AA61B-LeaderElection10] INFO  server.RaftServerConfigKeys (ConfUtils.java:logGet(43)) - raft.server.log.appender.buffer.element-limit = 1 (custom)
2019-11-06 22:00:58,540 [388ec716-e68c-4af6-83f1-31c84c7cef06@group-67787E8AA61B-LeaderElection10] INFO  grpc.GrpcConfigKeys$Server (ConfUtils.java:logGet(43)) - raft.grpc.server.leader.outstanding.appends.max = 128 (default)
2019-11-06 22:00:58,540 [388ec716-e68c-4af6-83f1-31c84c7cef06@group-67787E8AA61B-LeaderElection10] INFO  server.RaftServerConfigKeys (ConfUtils.java:logGet(43)) - raft.server.rpc.request.timeout = 3000ms (default)
2019-11-06 22:00:58,540 [388ec716-e68c-4af6-83f1-31c84c7cef06@group-67787E8AA61B-LeaderElection10] INFO  server.RaftServerConfigKeys (ConfUtils.java:logGet(43)) - raft.server.log.appender.install.snapshot.enabled = false (custom)
2019-11-06 22:00:58,544 [388ec716-e68c-4af6-83f1-31c84c7cef06@group-67787E8AA61B-LeaderElection10] INFO  impl.RoleInfo (RoleInfo.java:updateAndGet(143)) - 388ec716-e68c-4af6-83f1-31c84c7cef06: start LeaderState
2019-11-06 22:00:58,544 [388ec716-e68c-4af6-83f1-31c84c7cef06@group-67787E8AA61B-LeaderElection10] INFO  segmented.SegmentedRaftLogWorker (SegmentedRaftLogWorker.java:startLogSegment(385)) - 388ec716-e68c-4af6-83f1-31c84c7cef06@group-67787E8AA61B-SegmentedRaftLogWorker: Starting segment from index:0
2019-11-06 22:00:58,546 [388ec716-e68c-4af6-83f1-31c84c7cef06@group-67787E8AA61B-LeaderElection10] INFO  impl.RaftServerImpl (ServerState.java:setRaftConf(356)) - 388ec716-e68c-4af6-83f1-31c84c7cef06@group-67787E8AA61B: set configuration 0: [388ec716-e68c-4af6-83f1-31c84c7cef06:192.168.69.67:39108, f43e54ba-3512-4e04-ab9f-9f297ff5c4f5:192.168.69.67:44224, 692acf91-075d-4599-8cc1-9f4b7a7c5a1f:192.168.69.67:46565], old=null at 0
2019-11-06 22:00:58,599 [388ec716-e68c-4af6-83f1-31c84c7cef06@group-67787E8AA61B-SegmentedRaftLogWorker] INFO  segmented.SegmentedRaftLogWorker (SegmentedRaftLogWorker.java:execute(576)) - 388ec716-e68c-4af6-83f1-31c84c7cef06@group-67787E8AA61B-SegmentedRaftLogWorker: created new log segment /workdir/hadoop-ozone/tools/target/test-dir/MiniOzoneClusterImpl-e43eae99-bc27-4f1a-9c22-6446528dd8bd/datanode-1/data/ratis/17b38c05-8b38-4211-a536-67787e8aa61b/current/log_inprogress_0
2019-11-06 22:00:58,606 [grpc-default-executor-3] INFO  ratis.XceiverServerRatis (XceiverServerRatis.java:handleLeaderChangedNotification(697)) - Leader change notification received for group: group-67787E8AA61B with new leaderId: 388ec716-e68c-4af6-83f1-31c84c7cef06
2019-11-06 22:00:58,606 [grpc-default-executor-1] INFO  ratis.XceiverServerRatis (XceiverServerRatis.java:handleLeaderChangedNotification(697)) - Leader change notification received for group: group-67787E8AA61B with new leaderId: 388ec716-e68c-4af6-83f1-31c84c7cef06
2019-11-06 22:00:58,606 [grpc-default-executor-3] INFO  impl.RaftServerImpl (ServerState.java:setLeader(255)) - f43e54ba-3512-4e04-ab9f-9f297ff5c4f5@group-67787E8AA61B: change Leader from null to 388ec716-e68c-4af6-83f1-31c84c7cef06 at term 3 for appendEntries, leader elected after 15622ms
2019-11-06 22:00:58,607 [grpc-default-executor-1] INFO  impl.RaftServerImpl (ServerState.java:setLeader(255)) - 692acf91-075d-4599-8cc1-9f4b7a7c5a1f@group-67787E8AA61B: change Leader from null to 388ec716-e68c-4af6-83f1-31c84c7cef06 at term 3 for appendEntries, leader elected after 15622ms
2019-11-06 22:00:58,640 [grpc-default-executor-1] INFO  impl.RaftServerImpl (ServerState.java:setRaftConf(356)) - 692acf91-075d-4599-8cc1-9f4b7a7c5a1f@group-67787E8AA61B: set configuration 0: [388ec716-e68c-4af6-83f1-31c84c7cef06:192.168.69.67:39108, f43e54ba-3512-4e04-ab9f-9f297ff5c4f5:192.168.69.67:44224, 692acf91-075d-4599-8cc1-9f4b7a7c5a1f:192.168.69.67:46565], old=null at 0
2019-11-06 22:00:58,640 [grpc-default-executor-3] INFO  impl.RaftServerImpl (ServerState.java:setRaftConf(356)) - f43e54ba-3512-4e04-ab9f-9f297ff5c4f5@group-67787E8AA61B: set configuration 0: [388ec716-e68c-4af6-83f1-31c84c7cef06:192.168.69.67:39108, f43e54ba-3512-4e04-ab9f-9f297ff5c4f5:192.168.69.67:44224, 692acf91-075d-4599-8cc1-9f4b7a7c5a1f:192.168.69.67:46565], old=null at 0
2019-11-06 22:00:58,641 [grpc-default-executor-1] INFO  segmented.SegmentedRaftLogWorker (SegmentedRaftLogWorker.java:startLogSegment(385)) - 692acf91-075d-4599-8cc1-9f4b7a7c5a1f@group-67787E8AA61B-SegmentedRaftLogWorker: Starting segment from index:0
2019-11-06 22:00:58,641 [grpc-default-executor-3] INFO  segmented.SegmentedRaftLogWorker (SegmentedRaftLogWorker.java:startLogSegment(385)) - f43e54ba-3512-4e04-ab9f-9f297ff5c4f5@group-67787E8AA61B-SegmentedRaftLogWorker: Starting segment from index:0
2019-11-06 22:00:58,701 [f43e54ba-3512-4e04-ab9f-9f297ff5c4f5@group-67787E8AA61B-SegmentedRaftLogWorker] INFO  segmented.SegmentedRaftLogWorker (SegmentedRaftLogWorker.java:execute(576)) - f43e54ba-3512-4e04-ab9f-9f297ff5c4f5@group-67787E8AA61B-SegmentedRaftLogWorker: created new log segment /workdir/hadoop-ozone/tools/target/test-dir/MiniOzoneClusterImpl-e43eae99-bc27-4f1a-9c22-6446528dd8bd/datanode-0/data/ratis/17b38c05-8b38-4211-a536-67787e8aa61b/current/log_inprogress_0
2019-11-06 22:00:58,701 [692acf91-075d-4599-8cc1-9f4b7a7c5a1f@group-67787E8AA61B-SegmentedRaftLogWorker] INFO  segmented.SegmentedRaftLogWorker (SegmentedRaftLogWorker.java:execute(576)) - 692acf91-075d-4599-8cc1-9f4b7a7c5a1f@group-67787E8AA61B-SegmentedRaftLogWorker: created new log segment /workdir/hadoop-ozone/tools/target/test-dir/MiniOzoneClusterImpl-e43eae99-bc27-4f1a-9c22-6446528dd8bd/datanode-2/data/ratis/17b38c05-8b38-4211-a536-67787e8aa61b/current/log_inprogress_0
2019-11-06 22:00:58,905 [main] INFO  ozone.MiniOzoneClusterImpl (MiniOzoneClusterImpl.java:lambda$waitForClusterToBeReady$2(171)) - Cluster is ready. Got 3 of 3 DN Heartbeats.
2019-11-06 22:00:59,854 [main] INFO  freon.RandomKeyGenerator (RandomKeyGenerator.java:call(283)) - Number of Threads: 10
2019-11-06 22:00:59,855 [main] INFO  freon.RandomKeyGenerator (RandomKeyGenerator.java:call(288)) - Number of Volumes: 1.
2019-11-06 22:00:59,855 [main] INFO  freon.RandomKeyGenerator (RandomKeyGenerator.java:call(289)) - Number of Buckets per Volume: 1.
2019-11-06 22:00:59,856 [main] INFO  freon.RandomKeyGenerator (RandomKeyGenerator.java:call(290)) - Number of Keys per Bucket: 1.
2019-11-06 22:00:59,856 [main] INFO  freon.RandomKeyGenerator (RandomKeyGenerator.java:call(291)) - Key size: 20971520 bytes
2019-11-06 22:00:59,856 [main] INFO  freon.RandomKeyGenerator (RandomKeyGenerator.java:call(292)) - Buffer size: 4096 bytes
2019-11-06 22:00:59,856 [main] INFO  freon.RandomKeyGenerator (RandomKeyGenerator.java:call(293)) - validateWrites : true
2019-11-06 22:00:59,860 [main] INFO  freon.RandomKeyGenerator (RandomKeyGenerator.java:call(307)) - Data validation is enabled.
2019-11-06 22:00:59,861 [main] INFO  freon.RandomKeyGenerator (RandomKeyGenerator.java:call(313)) - Starting progress bar Thread.

 0.00% |?                                                                                                    |  0/1 Time: 0:00:002019-11-06 22:00:59,887 [pool-53-thread-1] INFO  rpc.RpcClient (RpcClient.java:createVolume(291)) - Creating Volume: vol-0-67024, with jenkins1000 as owner.
2019-11-06 22:00:59,974 [IPC Server handler 0 on 41472] INFO  volume.OMVolumeCreateRequest (OMVolumeCreateRequest.java:validateAndUpdateCache(193)) - created volume:vol-0-67024 for user:jenkins1000
2019-11-06 22:01:00,015 [pool-53-thread-2] INFO  rpc.RpcClient (RpcClient.java:createBucket(430)) - Creating Bucket: vol-0-67024/bucket-0-56649, with Versioning false and Storage Type set to DISK and Encryption set to false 
2019-11-06 22:01:00,205 [pool-53-thread-3] INFO  impl.MetricsSystemImpl (MetricsSystemImpl.java:init(158)) - XceiverClientMetrics metrics system started (again)
 0.00% |?                                                                                                    |  0/1 Time: 0:00:01 0.00% |?                                                                                                    |  0/1 Time: 0:00:02 100.00% |?????????????????????????????????????????????????????????????????????????????????????????????????????|  1/1 Time: 0:00:03
2019-11-06 22:01:07,592 [main] INFO  pipeline.SCMPipelineManager (SCMPipelineManager.java:finalizeAndDestroyPipeline(315)) - destroying pipeline:Pipeline[ Id: 17b38c05-8b38-4211-a536-67787e8aa61b, Nodes: 388ec716-e68c-4af6-83f1-31c84c7cef06{ip: 192.168.69.67, host: pr-hdds-1868-vmdzj-1914290063, networkLocation: /default-rack, certSerialId: null}f43e54ba-3512-4e04-ab9f-9f297ff5c4f5{ip: 192.168.69.67, host: pr-hdds-1868-vmdzj-1914290063, networkLocation: /default-rack, certSerialId: null}692acf91-075d-4599-8cc1-9f4b7a7c5a1f{ip: 192.168.69.67, host: pr-hdds-1868-vmdzj-1914290063, networkLocation: /default-rack, certSerialId: null}, Type:RATIS, Factor:THREE, State:OPEN]
2019-11-06 22:01:07,593 [main] INFO  pipeline.PipelineStateManager (PipelineStateManager.java:finalizePipeline(121)) - Pipeline Pipeline[ Id: 17b38c05-8b38-4211-a536-67787e8aa61b, Nodes: 388ec716-e68c-4af6-83f1-31c84c7cef06{ip: 192.168.69.67, host: pr-hdds-1868-vmdzj-1914290063, networkLocation: /default-rack, certSerialId: null}f43e54ba-3512-4e04-ab9f-9f297ff5c4f5{ip: 192.168.69.67, host: pr-hdds-1868-vmdzj-1914290063, networkLocation: /default-rack, certSerialId: null}692acf91-075d-4599-8cc1-9f4b7a7c5a1f{ip: 192.168.69.67, host: pr-hdds-1868-vmdzj-1914290063, networkLocation: /default-rack, certSerialId: null}, Type:RATIS, Factor:THREE, State:CLOSED] moved to CLOSED state
2019-11-06 22:01:07,593 [EventQueue-CloseContainerForCloseContainerEventHandler] INFO  container.CloseContainerEventHandler (CloseContainerEventHandler.java:onMessage(61)) - Close container Event triggered for container : #1
2019-11-06 22:01:07,599 [EventQueue-CloseContainerForCloseContainerEventHandler] INFO  container.CloseContainerEventHandler (CloseContainerEventHandler.java:onMessage(61)) - Close container Event triggered for container : #2
2019-11-06 22:01:07,599 [EventQueue-CloseContainerForCloseContainerEventHandler] INFO  container.CloseContainerEventHandler (CloseContainerEventHandler.java:onMessage(61)) - Close container Event triggered for container : #3
2019-11-06 22:01:07,601 [grpc-default-executor-1] INFO  impl.RaftServerProxy (RaftServerProxy.java:remove(95)) - 388ec716-e68c-4af6-83f1-31c84c7cef06: remove    LEADER 388ec716-e68c-4af6-83f1-31c84c7cef06@group-67787E8AA61B:t3, leader=388ec716-e68c-4af6-83f1-31c84c7cef06, voted=388ec716-e68c-4af6-83f1-31c84c7cef06, raftlog=388ec716-e68c-4af6-83f1-31c84c7cef06@group-67787E8AA61B-SegmentedRaftLog:OPENED:c77,f77,i77, conf=0: [388ec716-e68c-4af6-83f1-31c84c7cef06:192.168.69.67:39108, f43e54ba-3512-4e04-ab9f-9f297ff5c4f5:192.168.69.67:44224, 692acf91-075d-4599-8cc1-9f4b7a7c5a1f:192.168.69.67:46565], old=null RUNNING
2019-11-06 22:01:07,602 [grpc-default-executor-1] INFO  impl.RaftServerImpl (RaftServerImpl.java:lambda$shutdown$3(250)) - 388ec716-e68c-4af6-83f1-31c84c7cef06@group-67787E8AA61B: shutdown
2019-11-06 22:01:07,602 [grpc-default-executor-1] INFO  util.JmxRegister (JmxRegister.java:unregister(73)) - Successfully un-registered JMX Bean with object name Ratis:service=RaftServer,group=group-67787E8AA61B,id=388ec716-e68c-4af6-83f1-31c84c7cef06
2019-11-06 22:01:07,602 [grpc-default-executor-1] INFO  impl.RoleInfo (RoleInfo.java:shutdownLeaderState(104)) - 388ec716-e68c-4af6-83f1-31c84c7cef06: shutdown LeaderState
2019-11-06 22:01:07,604 [org.apache.ratis.server.impl.LogAppender$AppenderDaemon$$Lambda$458/862537165@28fd8e9c] WARN  server.GrpcLogAppender (GrpcLogAppender.java:mayWait(151)) - 388ec716-e68c-4af6-83f1-31c84c7cef06@group-67787E8AA61B->692acf91-075d-4599-8cc1-9f4b7a7c5a1f-GrpcLogAppender: Wait interrupted by java.lang.InterruptedException
2019-11-06 22:01:07,605 [grpc-default-executor-1] INFO  impl.PendingRequests (PendingRequests.java:sendNotLeaderResponses(206)) - 388ec716-e68c-4af6-83f1-31c84c7cef06@group-67787E8AA61B-PendingRequests: sendNotLeaderResponses
2019-11-06 22:01:07,604 [org.apache.ratis.server.impl.LogAppender$AppenderDaemon$$Lambda$458/862537165@6f0329d1] WARN  server.GrpcLogAppender (GrpcLogAppender.java:mayWait(151)) - 388ec716-e68c-4af6-83f1-31c84c7cef06@group-67787E8AA61B->f43e54ba-3512-4e04-ab9f-9f297ff5c4f5-GrpcLogAppender: Wait interrupted by java.lang.InterruptedException
2019-11-06 22:01:07,609 [grpc-default-executor-1] INFO  impl.StateMachineUpdater (StateMachineUpdater.java:stopAndJoin(136)) - 388ec716-e68c-4af6-83f1-31c84c7cef06@group-67787E8AA61B-StateMachineUpdater: set stopIndex = 77
2019-11-06 22:01:07,609 [grpc-default-executor-0] INFO  server.GrpcServerProtocolService (GrpcServerProtocolService.java:onCompleted(113)) - f43e54ba-3512-4e04-ab9f-9f297ff5c4f5: Completed APPEND_ENTRIES, lastRequest: 388ec716-e68c-4af6-83f1-31c84c7cef06->f43e54ba-3512-4e04-ab9f-9f297ff5c4f5#80-t3, previous=(t:3, i:77), leaderCommit=77, initializing? false, entries: <empty>
2019-11-06 22:01:07,609 [grpc-default-executor-3] INFO  server.GrpcServerProtocolService (GrpcServerProtocolService.java:onCompleted(113)) - 692acf91-075d-4599-8cc1-9f4b7a7c5a1f: Completed APPEND_ENTRIES, lastRequest: 388ec716-e68c-4af6-83f1-31c84c7cef06->692acf91-075d-4599-8cc1-9f4b7a7c5a1f#80-t3, previous=(t:3, i:77), leaderCommit=77, initializing? false, entries: <empty>
2019-11-06 22:01:07,609 [388ec716-e68c-4af6-83f1-31c84c7cef06@group-67787E8AA61B-StateMachineUpdater] INFO  ratis.ContainerStateMachine (ContainerStateMachine.java:takeSnapshot(285)) - group-67787E8AA61B: Taking a snapshot at:(t:3, i:75) file /workdir/hadoop-ozone/tools/target/test-dir/MiniOzoneClusterImpl-e43eae99-bc27-4f1a-9c22-6446528dd8bd/datanode-1/data/ratis/17b38c05-8b38-4211-a536-67787e8aa61b/sm/snapshot.3_75
2019-11-06 22:01:07,610 [grpc-default-executor-3] INFO  server.GrpcLogAppender (GrpcLogAppender.java:onCompleted(308)) - 388ec716-e68c-4af6-83f1-31c84c7cef06@group-67787E8AA61B->f43e54ba-3512-4e04-ab9f-9f297ff5c4f5-AppendLogResponseHandler: follower responses appendEntries COMPLETED
2019-11-06 22:01:07,610 [grpc-default-executor-0] INFO  server.GrpcLogAppender (GrpcLogAppender.java:onCompleted(308)) - 388ec716-e68c-4af6-83f1-31c84c7cef06@group-67787E8AA61B->692acf91-075d-4599-8cc1-9f4b7a7c5a1f-AppendLogResponseHandler: follower responses appendEntries COMPLETED
2019-11-06 22:01:07,614 [grpc-default-executor-0] INFO  impl.FollowerInfo (FollowerInfo.java:lambda$new$0(51)) - 388ec716-e68c-4af6-83f1-31c84c7cef06@group-67787E8AA61B->692acf91-075d-4599-8cc1-9f4b7a7c5a1f: nextIndex: updateUnconditionally 78 -> 77
2019-11-06 22:01:07,614 [grpc-default-executor-3] INFO  impl.FollowerInfo (FollowerInfo.java:lambda$new$0(51)) - 388ec716-e68c-4af6-83f1-31c84c7cef06@group-67787E8AA61B->f43e54ba-3512-4e04-ab9f-9f297ff5c4f5: nextIndex: updateUnconditionally 78 -> 77
2019-11-06 22:01:07,652 [388ec716-e68c-4af6-83f1-31c84c7cef06@group-67787E8AA61B-StateMachineUpdater] INFO  ratis.ContainerStateMachine (ContainerStateMachine.java:takeSnapshot(296)) - group-67787E8AA61B: Finished taking a snapshot at:(t:3, i:75) file:/workdir/hadoop-ozone/tools/target/test-dir/MiniOzoneClusterImpl-e43eae99-bc27-4f1a-9c22-6446528dd8bd/datanode-1/data/ratis/17b38c05-8b38-4211-a536-67787e8aa61b/sm/snapshot.3_75 time:43
2019-11-06 22:01:07,654 [388ec716-e68c-4af6-83f1-31c84c7cef06@group-67787E8AA61B-StateMachineUpdater] INFO  impl.StateMachineUpdater (StateMachineUpdater.java:takeSnapshot(269)) - 388ec716-e68c-4af6-83f1-31c84c7cef06@group-67787E8AA61B-StateMachineUpdater: Took a snapshot at index 75
2019-11-06 22:01:07,655 [388ec716-e68c-4af6-83f1-31c84c7cef06@group-67787E8AA61B-StateMachineUpdater] INFO  impl.StateMachineUpdater (StateMachineUpdater.java:lambda$new$0(84)) - 388ec716-e68c-4af6-83f1-31c84c7cef06@group-67787E8AA61B-StateMachineUpdater: snapshotIndex: updateIncreasingly -1 -> 75
2019-11-06 22:01:07,658 [388ec716-e68c-4af6-83f1-31c84c7cef06@group-67787E8AA61B-StateMachineUpdater] INFO  ratis.ContainerStateMachine (ContainerStateMachine.java:takeSnapshot(285)) - group-67787E8AA61B: Taking a snapshot at:(t:3, i:75) file /workdir/hadoop-ozone/tools/target/test-dir/MiniOzoneClusterImpl-e43eae99-bc27-4f1a-9c22-6446528dd8bd/datanode-1/data/ratis/17b38c05-8b38-4211-a536-67787e8aa61b/sm/snapshot.3_75
2019-11-06 22:01:07,698 [388ec716-e68c-4af6-83f1-31c84c7cef06@group-67787E8AA61B-StateMachineUpdater] INFO  ratis.ContainerStateMachine (ContainerStateMachine.java:takeSnapshot(296)) - group-67787E8AA61B: Finished taking a snapshot at:(t:3, i:75) file:/workdir/hadoop-ozone/tools/target/test-dir/MiniOzoneClusterImpl-e43eae99-bc27-4f1a-9c22-6446528dd8bd/datanode-1/data/ratis/17b38c05-8b38-4211-a536-67787e8aa61b/sm/snapshot.3_75 time:39
2019-11-06 22:01:07,698 [388ec716-e68c-4af6-83f1-31c84c7cef06@group-67787E8AA61B-StateMachineUpdater] INFO  impl.StateMachineUpdater (StateMachineUpdater.java:takeSnapshot(269)) - 388ec716-e68c-4af6-83f1-31c84c7cef06@group-67787E8AA61B-StateMachineUpdater: Took a snapshot at index 75
2019-11-06 22:01:07,698 [388ec716-e68c-4af6-83f1-31c84c7cef06@group-67787E8AA61B-StateMachineUpdater] INFO  impl.StateMachineUpdater (StateMachineUpdater.java:lambda$new$0(84)) - 388ec716-e68c-4af6-83f1-31c84c7cef06@group-67787E8AA61B-StateMachineUpdater: snapshotIndex: updateIncreasingly 75 -> 75
2019-11-06 22:01:07,699 [grpc-default-executor-1] INFO  impl.RaftServerImpl (ServerState.java:close(387)) - 388ec716-e68c-4af6-83f1-31c84c7cef06@group-67787E8AA61B: closes. applyIndex: 77
2019-11-06 22:01:07,699 [388ec716-e68c-4af6-83f1-31c84c7cef06@group-67787E8AA61B-SegmentedRaftLogWorker] INFO  segmented.SegmentedRaftLogWorker (SegmentedRaftLogWorker.java:run(316)) - 388ec716-e68c-4af6-83f1-31c84c7cef06@group-67787E8AA61B-SegmentedRaftLogWorker was interrupted, exiting. There are 0 tasks remaining in the queue.
2019-11-06 22:01:07,700 [grpc-default-executor-1] INFO  segmented.SegmentedRaftLogWorker (SegmentedRaftLogWorker.java:close(224)) - 388ec716-e68c-4af6-83f1-31c84c7cef06@group-67787E8AA61B-SegmentedRaftLogWorker close()
2019-11-06 22:01:07,744 [grpc-default-executor-1] INFO  interfaces.Container (KeyValueContainer.java:flushAndSyncDB(400)) - Container 1 is synced with bcsId 59.
2019-11-06 22:01:07,744 [grpc-default-executor-1] INFO  interfaces.Container (KeyValueContainer.java:flushAndSyncDB(400)) - Container 1 is synced with bcsId 59.
2019-11-06 22:01:07,772 [EventQueue-IncrementalContainerReportForIncrementalContainerReportHandler] INFO  container.IncrementalContainerReportHandler (AbstractContainerReportHandler.java:updateContainerState(171)) - Moving container #1 to QUASI_CLOSED state, datanode 388ec716-e68c-4af6-83f1-31c84c7cef06{ip: 192.168.69.67, host: pr-hdds-1868-vmdzj-1914290063, networkLocation: /default-rack, certSerialId: null} reported QUASI_CLOSED replica.
2019-11-06 22:01:07,825 [grpc-default-executor-1] INFO  interfaces.Container (KeyValueContainer.java:flushAndSyncDB(400)) - Container 2 is synced with bcsId 75.
2019-11-06 22:01:07,825 [grpc-default-executor-1] INFO  interfaces.Container (KeyValueContainer.java:flushAndSyncDB(400)) - Container 2 is synced with bcsId 75.
2019-11-06 22:01:07,852 [EventQueue-IncrementalContainerReportForIncrementalContainerReportHandler] INFO  container.IncrementalContainerReportHandler (AbstractContainerReportHandler.java:updateContainerState(171)) - Moving container #2 to QUASI_CLOSED state, datanode 388ec716-e68c-4af6-83f1-31c84c7cef06{ip: 192.168.69.67, host: pr-hdds-1868-vmdzj-1914290063, networkLocation: /default-rack, certSerialId: null} reported QUASI_CLOSED replica.
2019-11-06 22:01:07,893 [grpc-default-executor-1] INFO  interfaces.Container (KeyValueContainer.java:flushAndSyncDB(400)) - Container 3 is synced with bcsId 41.
2019-11-06 22:01:07,893 [grpc-default-executor-1] INFO  interfaces.Container (KeyValueContainer.java:flushAndSyncDB(400)) - Container 3 is synced with bcsId 41.
2019-11-06 22:01:07,945 [EventQueue-IncrementalContainerReportForIncrementalContainerReportHandler] INFO  container.IncrementalContainerReportHandler (AbstractContainerReportHandler.java:updateContainerState(171)) - Moving container #3 to QUASI_CLOSED state, datanode 388ec716-e68c-4af6-83f1-31c84c7cef06{ip: 192.168.69.67, host: pr-hdds-1868-vmdzj-1914290063, networkLocation: /default-rack, certSerialId: null} reported QUASI_CLOSED replica.
2019-11-06 22:01:07,955 [grpc-default-executor-1] INFO  impl.RaftServerProxy (RaftServerProxy.java:remove(95)) - f43e54ba-3512-4e04-ab9f-9f297ff5c4f5: remove  FOLLOWER f43e54ba-3512-4e04-ab9f-9f297ff5c4f5@group-67787E8AA61B:t3, leader=388ec716-e68c-4af6-83f1-31c84c7cef06, voted=388ec716-e68c-4af6-83f1-31c84c7cef06, raftlog=f43e54ba-3512-4e04-ab9f-9f297ff5c4f5@group-67787E8AA61B-SegmentedRaftLog:OPENED:c77,f77,i77, conf=0: [388ec716-e68c-4af6-83f1-31c84c7cef06:192.168.69.67:39108, f43e54ba-3512-4e04-ab9f-9f297ff5c4f5:192.168.69.67:44224, 692acf91-075d-4599-8cc1-9f4b7a7c5a1f:192.168.69.67:46565], old=null RUNNING
2019-11-06 22:01:07,956 [grpc-default-executor-1] INFO  impl.RaftServerImpl (RaftServerImpl.java:lambda$shutdown$3(250)) - f43e54ba-3512-4e04-ab9f-9f297ff5c4f5@group-67787E8AA61B: shutdown
2019-11-06 22:01:07,956 [grpc-default-executor-1] INFO  util.JmxRegister (JmxRegister.java:unregister(73)) - Successfully un-registered JMX Bean with object name Ratis:service=RaftServer,group=group-67787E8AA61B,id=f43e54ba-3512-4e04-ab9f-9f297ff5c4f5
2019-11-06 22:01:07,956 [grpc-default-executor-1] INFO  impl.RoleInfo (RoleInfo.java:shutdownFollowerState(121)) - f43e54ba-3512-4e04-ab9f-9f297ff5c4f5: shutdown FollowerState
2019-11-06 22:01:07,956 [grpc-default-executor-1] INFO  impl.StateMachineUpdater (StateMachineUpdater.java:stopAndJoin(136)) - f43e54ba-3512-4e04-ab9f-9f297ff5c4f5@group-67787E8AA61B-StateMachineUpdater: set stopIndex = 77
2019-11-06 22:01:07,956 [f43e54ba-3512-4e04-ab9f-9f297ff5c4f5@group-67787E8AA61B-StateMachineUpdater] INFO  ratis.ContainerStateMachine (ContainerStateMachine.java:takeSnapshot(285)) - group-67787E8AA61B: Taking a snapshot at:(t:3, i:75) file /workdir/hadoop-ozone/tools/target/test-dir/MiniOzoneClusterImpl-e43eae99-bc27-4f1a-9c22-6446528dd8bd/datanode-0/data/ratis/17b38c05-8b38-4211-a536-67787e8aa61b/sm/snapshot.3_75
2019-11-06 22:01:07,956 [Thread-258] INFO  impl.FollowerState (FollowerState.java:run(120)) - f43e54ba-3512-4e04-ab9f-9f297ff5c4f5@group-67787E8AA61B-FollowerState was interrupted: java.lang.InterruptedException: sleep interrupted
2019-11-06 22:01:07,985 [f43e54ba-3512-4e04-ab9f-9f297ff5c4f5@group-67787E8AA61B-StateMachineUpdater] INFO  ratis.ContainerStateMachine (ContainerStateMachine.java:takeSnapshot(296)) - group-67787E8AA61B: Finished taking a snapshot at:(t:3, i:75) file:/workdir/hadoop-ozone/tools/target/test-dir/MiniOzoneClusterImpl-e43eae99-bc27-4f1a-9c22-6446528dd8bd/datanode-0/data/ratis/17b38c05-8b38-4211-a536-67787e8aa61b/sm/snapshot.3_75 time:29
2019-11-06 22:01:07,986 [f43e54ba-3512-4e04-ab9f-9f297ff5c4f5@group-67787E8AA61B-StateMachineUpdater] INFO  impl.StateMachineUpdater (StateMachineUpdater.java:takeSnapshot(269)) - f43e54ba-3512-4e04-ab9f-9f297ff5c4f5@group-67787E8AA61B-StateMachineUpdater: Took a snapshot at index 75
2019-11-06 22:01:07,986 [f43e54ba-3512-4e04-ab9f-9f297ff5c4f5@group-67787E8AA61B-StateMachineUpdater] INFO  impl.StateMachineUpdater (StateMachineUpdater.java:lambda$new$0(84)) - f43e54ba-3512-4e04-ab9f-9f297ff5c4f5@group-67787E8AA61B-StateMachineUpdater: snapshotIndex: updateIncreasingly -1 -> 75
2019-11-06 22:01:07,986 [f43e54ba-3512-4e04-ab9f-9f297ff5c4f5@group-67787E8AA61B-StateMachineUpdater] INFO  ratis.ContainerStateMachine (ContainerStateMachine.java:takeSnapshot(285)) - group-67787E8AA61B: Taking a snapshot at:(t:3, i:75) file /workdir/hadoop-ozone/tools/target/test-dir/MiniOzoneClusterImpl-e43eae99-bc27-4f1a-9c22-6446528dd8bd/datanode-0/data/ratis/17b38c05-8b38-4211-a536-67787e8aa61b/sm/snapshot.3_75
2019-11-06 22:01:08,010 [f43e54ba-3512-4e04-ab9f-9f297ff5c4f5@group-67787E8AA61B-StateMachineUpdater] INFO  ratis.ContainerStateMachine (ContainerStateMachine.java:takeSnapshot(296)) - group-67787E8AA61B: Finished taking a snapshot at:(t:3, i:75) file:/workdir/hadoop-ozone/tools/target/test-dir/MiniOzoneClusterImpl-e43eae99-bc27-4f1a-9c22-6446528dd8bd/datanode-0/data/ratis/17b38c05-8b38-4211-a536-67787e8aa61b/sm/snapshot.3_75 time:24
2019-11-06 22:01:08,011 [f43e54ba-3512-4e04-ab9f-9f297ff5c4f5@group-67787E8AA61B-StateMachineUpdater] INFO  impl.StateMachineUpdater (StateMachineUpdater.java:takeSnapshot(269)) - f43e54ba-3512-4e04-ab9f-9f297ff5c4f5@group-67787E8AA61B-StateMachineUpdater: Took a snapshot at index 75
2019-11-06 22:01:08,011 [f43e54ba-3512-4e04-ab9f-9f297ff5c4f5@group-67787E8AA61B-StateMachineUpdater] INFO  impl.StateMachineUpdater (StateMachineUpdater.java:lambda$new$0(84)) - f43e54ba-3512-4e04-ab9f-9f297ff5c4f5@group-67787E8AA61B-StateMachineUpdater: snapshotIndex: updateIncreasingly 75 -> 75
2019-11-06 22:01:08,011 [grpc-default-executor-1] INFO  impl.RaftServerImpl (ServerState.java:close(387)) - f43e54ba-3512-4e04-ab9f-9f297ff5c4f5@group-67787E8AA61B: closes. applyIndex: 77
2019-11-06 22:01:08,012 [f43e54ba-3512-4e04-ab9f-9f297ff5c4f5@group-67787E8AA61B-SegmentedRaftLogWorker] INFO  segmented.SegmentedRaftLogWorker (SegmentedRaftLogWorker.java:run(316)) - f43e54ba-3512-4e04-ab9f-9f297ff5c4f5@group-67787E8AA61B-SegmentedRaftLogWorker was interrupted, exiting. There are 0 tasks remaining in the queue.
2019-11-06 22:01:08,013 [grpc-default-executor-1] INFO  segmented.SegmentedRaftLogWorker (SegmentedRaftLogWorker.java:close(224)) - f43e54ba-3512-4e04-ab9f-9f297ff5c4f5@group-67787E8AA61B-SegmentedRaftLogWorker close()
2019-11-06 22:01:08,061 [grpc-default-executor-1] INFO  interfaces.Container (KeyValueContainer.java:flushAndSyncDB(400)) - Container 1 is synced with bcsId 59.
2019-11-06 22:01:08,061 [grpc-default-executor-1] INFO  interfaces.Container (KeyValueContainer.java:flushAndSyncDB(400)) - Container 1 is synced with bcsId 59.
2019-11-06 22:01:08,129 [grpc-default-executor-1] INFO  interfaces.Container (KeyValueContainer.java:flushAndSyncDB(400)) - Container 2 is synced with bcsId 75.
2019-11-06 22:01:08,129 [grpc-default-executor-1] INFO  interfaces.Container (KeyValueContainer.java:flushAndSyncDB(400)) - Container 2 is synced with bcsId 75.
2019-11-06 22:01:08,197 [grpc-default-executor-1] INFO  interfaces.Container (KeyValueContainer.java:flushAndSyncDB(400)) - Container 3 is synced with bcsId 41.
2019-11-06 22:01:08,197 [grpc-default-executor-1] INFO  interfaces.Container (KeyValueContainer.java:flushAndSyncDB(400)) - Container 3 is synced with bcsId 41.
2019-11-06 22:01:08,241 [grpc-default-executor-1] INFO  impl.RaftServerProxy (RaftServerProxy.java:remove(95)) - 692acf91-075d-4599-8cc1-9f4b7a7c5a1f: remove  FOLLOWER 692acf91-075d-4599-8cc1-9f4b7a7c5a1f@group-67787E8AA61B:t3, leader=388ec716-e68c-4af6-83f1-31c84c7cef06, voted=692acf91-075d-4599-8cc1-9f4b7a7c5a1f, raftlog=692acf91-075d-4599-8cc1-9f4b7a7c5a1f@group-67787E8AA61B-SegmentedRaftLog:OPENED:c77,f77,i77, conf=0: [388ec716-e68c-4af6-83f1-31c84c7cef06:192.168.69.67:39108, f43e54ba-3512-4e04-ab9f-9f297ff5c4f5:192.168.69.67:44224, 692acf91-075d-4599-8cc1-9f4b7a7c5a1f:192.168.69.67:46565], old=null RUNNING
2019-11-06 22:01:08,241 [grpc-default-executor-1] INFO  impl.RaftServerImpl (RaftServerImpl.java:lambda$shutdown$3(250)) - 692acf91-075d-4599-8cc1-9f4b7a7c5a1f@group-67787E8AA61B: shutdown
2019-11-06 22:01:08,241 [grpc-default-executor-1] INFO  util.JmxRegister (JmxRegister.java:unregister(73)) - Successfully un-registered JMX Bean with object name Ratis:service=RaftServer,group=group-67787E8AA61B,id=692acf91-075d-4599-8cc1-9f4b7a7c5a1f
2019-11-06 22:01:08,242 [grpc-default-executor-1] INFO  impl.RoleInfo (RoleInfo.java:shutdownFollowerState(121)) - 692acf91-075d-4599-8cc1-9f4b7a7c5a1f: shutdown FollowerState
2019-11-06 22:01:08,242 [grpc-default-executor-1] INFO  impl.StateMachineUpdater (StateMachineUpdater.java:stopAndJoin(136)) - 692acf91-075d-4599-8cc1-9f4b7a7c5a1f@group-67787E8AA61B-StateMachineUpdater: set stopIndex = 77
2019-11-06 22:01:08,242 [692acf91-075d-4599-8cc1-9f4b7a7c5a1f@group-67787E8AA61B-StateMachineUpdater] INFO  ratis.ContainerStateMachine (ContainerStateMachine.java:takeSnapshot(285)) - group-67787E8AA61B: Taking a snapshot at:(t:3, i:75) file /workdir/hadoop-ozone/tools/target/test-dir/MiniOzoneClusterImpl-e43eae99-bc27-4f1a-9c22-6446528dd8bd/datanode-2/data/ratis/17b38c05-8b38-4211-a536-67787e8aa61b/sm/snapshot.3_75
2019-11-06 22:01:08,242 [Thread-259] INFO  impl.FollowerState (FollowerState.java:run(120)) - 692acf91-075d-4599-8cc1-9f4b7a7c5a1f@group-67787E8AA61B-FollowerState was interrupted: java.lang.InterruptedException: sleep interrupted
2019-11-06 22:01:08,263 [692acf91-075d-4599-8cc1-9f4b7a7c5a1f@group-67787E8AA61B-StateMachineUpdater] INFO  ratis.ContainerStateMachine (ContainerStateMachine.java:takeSnapshot(296)) - group-67787E8AA61B: Finished taking a snapshot at:(t:3, i:75) file:/workdir/hadoop-ozone/tools/target/test-dir/MiniOzoneClusterImpl-e43eae99-bc27-4f1a-9c22-6446528dd8bd/datanode-2/data/ratis/17b38c05-8b38-4211-a536-67787e8aa61b/sm/snapshot.3_75 time:21
2019-11-06 22:01:08,264 [692acf91-075d-4599-8cc1-9f4b7a7c5a1f@group-67787E8AA61B-StateMachineUpdater] INFO  impl.StateMachineUpdater (StateMachineUpdater.java:takeSnapshot(269)) - 692acf91-075d-4599-8cc1-9f4b7a7c5a1f@group-67787E8AA61B-StateMachineUpdater: Took a snapshot at index 75
2019-11-06 22:01:08,264 [692acf91-075d-4599-8cc1-9f4b7a7c5a1f@group-67787E8AA61B-StateMachineUpdater] INFO  impl.StateMachineUpdater (StateMachineUpdater.java:lambda$new$0(84)) - 692acf91-075d-4599-8cc1-9f4b7a7c5a1f@group-67787E8AA61B-StateMachineUpdater: snapshotIndex: updateIncreasingly -1 -> 75
2019-11-06 22:01:08,264 [692acf91-075d-4599-8cc1-9f4b7a7c5a1f@group-67787E8AA61B-StateMachineUpdater] INFO  ratis.ContainerStateMachine (ContainerStateMachine.java:takeSnapshot(285)) - group-67787E8AA61B: Taking a snapshot at:(t:3, i:75) file /workdir/hadoop-ozone/tools/target/test-dir/MiniOzoneClusterImpl-e43eae99-bc27-4f1a-9c22-6446528dd8bd/datanode-2/data/ratis/17b38c05-8b38-4211-a536-67787e8aa61b/sm/snapshot.3_75
2019-11-06 22:01:08,276 [692acf91-075d-4599-8cc1-9f4b7a7c5a1f@group-67787E8AA61B-StateMachineUpdater] INFO  ratis.ContainerStateMachine (ContainerStateMachine.java:takeSnapshot(296)) - group-67787E8AA61B: Finished taking a snapshot at:(t:3, i:75) file:/workdir/hadoop-ozone/tools/target/test-dir/MiniOzoneClusterImpl-e43eae99-bc27-4f1a-9c22-6446528dd8bd/datanode-2/data/ratis/17b38c05-8b38-4211-a536-67787e8aa61b/sm/snapshot.3_75 time:12
2019-11-06 22:01:08,277 [692acf91-075d-4599-8cc1-9f4b7a7c5a1f@group-67787E8AA61B-StateMachineUpdater] INFO  impl.StateMachineUpdater (StateMachineUpdater.java:takeSnapshot(269)) - 692acf91-075d-4599-8cc1-9f4b7a7c5a1f@group-67787E8AA61B-StateMachineUpdater: Took a snapshot at index 75
2019-11-06 22:01:08,277 [692acf91-075d-4599-8cc1-9f4b7a7c5a1f@group-67787E8AA61B-StateMachineUpdater] INFO  impl.StateMachineUpdater (StateMachineUpdater.java:lambda$new$0(84)) - 692acf91-075d-4599-8cc1-9f4b7a7c5a1f@group-67787E8AA61B-StateMachineUpdater: snapshotIndex: updateIncreasingly 75 -> 75
2019-11-06 22:01:08,277 [grpc-default-executor-1] INFO  impl.RaftServerImpl (ServerState.java:close(387)) - 692acf91-075d-4599-8cc1-9f4b7a7c5a1f@group-67787E8AA61B: closes. applyIndex: 77
2019-11-06 22:01:08,278 [692acf91-075d-4599-8cc1-9f4b7a7c5a1f@group-67787E8AA61B-SegmentedRaftLogWorker] INFO  segmented.SegmentedRaftLogWorker (SegmentedRaftLogWorker.java:run(316)) - 692acf91-075d-4599-8cc1-9f4b7a7c5a1f@group-67787E8AA61B-SegmentedRaftLogWorker was interrupted, exiting. There are 0 tasks remaining in the queue.
2019-11-06 22:01:08,279 [grpc-default-executor-1] INFO  segmented.SegmentedRaftLogWorker (SegmentedRaftLogWorker.java:close(224)) - 692acf91-075d-4599-8cc1-9f4b7a7c5a1f@group-67787E8AA61B-SegmentedRaftLogWorker close()
2019-11-06 22:01:08,306 [grpc-default-executor-1] INFO  interfaces.Container (KeyValueContainer.java:flushAndSyncDB(400)) - Container 1 is synced with bcsId 59.
2019-11-06 22:01:08,306 [grpc-default-executor-1] INFO  interfaces.Container (KeyValueContainer.java:flushAndSyncDB(400)) - Container 1 is synced with bcsId 59.
2019-11-06 22:01:08,355 [grpc-default-executor-1] INFO  interfaces.Container (KeyValueContainer.java:flushAndSyncDB(400)) - Container 2 is synced with bcsId 75.
2019-11-06 22:01:08,355 [grpc-default-executor-1] INFO  interfaces.Container (KeyValueContainer.java:flushAndSyncDB(400)) - Container 2 is synced with bcsId 75.
2019-11-06 22:01:08,426 [grpc-default-executor-1] INFO  interfaces.Container (KeyValueContainer.java:flushAndSyncDB(400)) - Container 3 is synced with bcsId 41.
2019-11-06 22:01:08,426 [grpc-default-executor-1] INFO  interfaces.Container (KeyValueContainer.java:flushAndSyncDB(400)) - Container 3 is synced with bcsId 41.
2019-11-06 22:01:08,455 [main] INFO  pipeline.PipelineStateManager (PipelineStateManager.java:removePipeline(106)) - Pipeline Pipeline[ Id: 17b38c05-8b38-4211-a536-67787e8aa61b, Nodes: 388ec716-e68c-4af6-83f1-31c84c7cef06{ip: 192.168.69.67, host: pr-hdds-1868-vmdzj-1914290063, networkLocation: /default-rack, certSerialId: null}f43e54ba-3512-4e04-ab9f-9f297ff5c4f5{ip: 192.168.69.67, host: pr-hdds-1868-vmdzj-1914290063, networkLocation: /default-rack, certSerialId: null}692acf91-075d-4599-8cc1-9f4b7a7c5a1f{ip: 192.168.69.67, host: pr-hdds-1868-vmdzj-1914290063, networkLocation: /default-rack, certSerialId: null}, Type:RATIS, Factor:THREE, State:CLOSED] removed from db
2019-11-06 22:01:08,470 [grpc-default-executor-3] INFO  impl.RaftServerProxy (RaftServerProxy.java:addNew(89)) - 388ec716-e68c-4af6-83f1-31c84c7cef06: addNew group-F1B92ABE0EE3:[388ec716-e68c-4af6-83f1-31c84c7cef06:192.168.69.67:39108, f43e54ba-3512-4e04-ab9f-9f297ff5c4f5:192.168.69.67:44224, 692acf91-075d-4599-8cc1-9f4b7a7c5a1f:192.168.69.67:46565] returns group-F1B92ABE0EE3:java.util.concurrent.CompletableFuture@226515a4[Not completed]
2019-11-06 22:01:08,470 [grpc-default-executor-0] INFO  impl.RaftServerProxy (RaftServerProxy.java:addNew(89)) - 692acf91-075d-4599-8cc1-9f4b7a7c5a1f: addNew group-F1B92ABE0EE3:[388ec716-e68c-4af6-83f1-31c84c7cef06:192.168.69.67:39108, f43e54ba-3512-4e04-ab9f-9f297ff5c4f5:192.168.69.67:44224, 692acf91-075d-4599-8cc1-9f4b7a7c5a1f:192.168.69.67:46565] returns group-F1B92ABE0EE3:java.util.concurrent.CompletableFuture@5dcdec9e[Not completed]
2019-11-06 22:01:08,470 [grpc-default-executor-1] INFO  impl.RaftServerProxy (RaftServerProxy.java:addNew(89)) - f43e54ba-3512-4e04-ab9f-9f297ff5c4f5: addNew group-F1B92ABE0EE3:[388ec716-e68c-4af6-83f1-31c84c7cef06:192.168.69.67:39108, f43e54ba-3512-4e04-ab9f-9f297ff5c4f5:192.168.69.67:44224, 692acf91-075d-4599-8cc1-9f4b7a7c5a1f:192.168.69.67:46565] returns group-F1B92ABE0EE3:java.util.concurrent.CompletableFuture@64848bdb[Not completed]
2019-11-06 22:01:08,473 [pool-37-thread-1] INFO  impl.RaftServerImpl (RaftServerImpl.java:<init>(98)) - 388ec716-e68c-4af6-83f1-31c84c7cef06: new RaftServerImpl for group-F1B92ABE0EE3:[388ec716-e68c-4af6-83f1-31c84c7cef06:192.168.69.67:39108, f43e54ba-3512-4e04-ab9f-9f297ff5c4f5:192.168.69.67:44224, 692acf91-075d-4599-8cc1-9f4b7a7c5a1f:192.168.69.67:46565] with ContainerStateMachine:uninitialized
2019-11-06 22:01:08,473 [pool-37-thread-1] INFO  server.RaftServerConfigKeys (ConfUtils.java:logGet(43)) - raft.server.rpc.timeout.min = 5s (custom)
2019-11-06 22:01:08,473 [pool-37-thread-1] INFO  server.RaftServerConfigKeys (ConfUtils.java:logGet(43)) - raft.server.rpc.timeout.max = 5200ms (custom)
2019-11-06 22:01:08,474 [pool-37-thread-1] INFO  server.RaftServerConfigKeys (ConfUtils.java:logGet(43)) - raft.server.rpcslowness.timeout = 120s (custom)
2019-11-06 22:01:08,474 [pool-37-thread-1] INFO  server.RaftServerConfigKeys (ConfUtils.java:logGet(43)) - raft.server.sleep.deviation.threshold = 300 (default)
2019-11-06 22:01:08,474 [pool-37-thread-1] INFO  server.RaftServerConfigKeys (ConfUtils.java:logGet(43)) - raft.server.log.appender.install.snapshot.enabled = false (custom)
2019-11-06 22:01:08,474 [pool-37-thread-1] INFO  impl.RaftServerImpl (ServerState.java:<init>(103)) - 388ec716-e68c-4af6-83f1-31c84c7cef06@group-F1B92ABE0EE3: ConfigurationManager, init=-1: [388ec716-e68c-4af6-83f1-31c84c7cef06:192.168.69.67:39108, f43e54ba-3512-4e04-ab9f-9f297ff5c4f5:192.168.69.67:44224, 692acf91-075d-4599-8cc1-9f4b7a7c5a1f:192.168.69.67:46565], old=null, confs=<EMPTY_MAP>
2019-11-06 22:01:08,474 [pool-37-thread-1] INFO  server.RaftServerConfigKeys (ConfUtils.java:logGet(43)) - raft.server.storage.dir = [/workdir/hadoop-ozone/tools/target/test-dir/MiniOzoneClusterImpl-e43eae99-bc27-4f1a-9c22-6446528dd8bd/datanode-1/data/ratis] (custom)
2019-11-06 22:01:08,474 [pool-37-thread-1] INFO  server.RaftServerConfigKeys (ConfUtils.java:logGet(43)) - raft.server.log.corruption.policy = EXCEPTION (default)
2019-11-06 22:01:08,474 [pool-47-thread-1] INFO  impl.RaftServerImpl (RaftServerImpl.java:<init>(98)) - 692acf91-075d-4599-8cc1-9f4b7a7c5a1f: new RaftServerImpl for group-F1B92ABE0EE3:[388ec716-e68c-4af6-83f1-31c84c7cef06:192.168.69.67:39108, f43e54ba-3512-4e04-ab9f-9f297ff5c4f5:192.168.69.67:44224, 692acf91-075d-4599-8cc1-9f4b7a7c5a1f:192.168.69.67:46565] with ContainerStateMachine:uninitialized
2019-11-06 22:01:08,475 [pool-37-thread-1] INFO  storage.RaftStorageDirectory (RaftStorageDirectory.java:analyzeStorage(246)) - The storage directory /workdir/hadoop-ozone/tools/target/test-dir/MiniOzoneClusterImpl-e43eae99-bc27-4f1a-9c22-6446528dd8bd/datanode-1/data/ratis/54717bf7-2d41-4f1f-bd86-f1b92abe0ee3 does not exist. Creating ...
2019-11-06 22:01:08,475 [pool-47-thread-1] INFO  server.RaftServerConfigKeys (ConfUtils.java:logGet(43)) - raft.server.rpc.timeout.min = 5s (custom)
2019-11-06 22:01:08,475 [pool-47-thread-1] INFO  server.RaftServerConfigKeys (ConfUtils.java:logGet(43)) - raft.server.rpc.timeout.max = 5200ms (custom)
2019-11-06 22:01:08,475 [pool-47-thread-1] INFO  server.RaftServerConfigKeys (ConfUtils.java:logGet(43)) - raft.server.rpcslowness.timeout = 120s (custom)
2019-11-06 22:01:08,475 [pool-47-thread-1] INFO  server.RaftServerConfigKeys (ConfUtils.java:logGet(43)) - raft.server.sleep.deviation.threshold = 300 (default)
2019-11-06 22:01:08,475 [pool-47-thread-1] INFO  server.RaftServerConfigKeys (ConfUtils.java:logGet(43)) - raft.server.log.appender.install.snapshot.enabled = false (custom)
2019-11-06 22:01:08,475 [pool-47-thread-1] INFO  impl.RaftServerImpl (ServerState.java:<init>(103)) - 692acf91-075d-4599-8cc1-9f4b7a7c5a1f@group-F1B92ABE0EE3: ConfigurationManager, init=-1: [388ec716-e68c-4af6-83f1-31c84c7cef06:192.168.69.67:39108, f43e54ba-3512-4e04-ab9f-9f297ff5c4f5:192.168.69.67:44224, 692acf91-075d-4599-8cc1-9f4b7a7c5a1f:192.168.69.67:46565], old=null, confs=<EMPTY_MAP>
2019-11-06 22:01:08,476 [pool-47-thread-1] INFO  server.RaftServerConfigKeys (ConfUtils.java:logGet(43)) - raft.server.storage.dir = [/workdir/hadoop-ozone/tools/target/test-dir/MiniOzoneClusterImpl-e43eae99-bc27-4f1a-9c22-6446528dd8bd/datanode-2/data/ratis] (custom)
2019-11-06 22:01:08,476 [pool-47-thread-1] INFO  server.RaftServerConfigKeys (ConfUtils.java:logGet(43)) - raft.server.log.corruption.policy = EXCEPTION (default)
2019-11-06 22:01:08,476 [pool-27-thread-1] INFO  impl.RaftServerImpl (RaftServerImpl.java:<init>(98)) - f43e54ba-3512-4e04-ab9f-9f297ff5c4f5: new RaftServerImpl for group-F1B92ABE0EE3:[388ec716-e68c-4af6-83f1-31c84c7cef06:192.168.69.67:39108, f43e54ba-3512-4e04-ab9f-9f297ff5c4f5:192.168.69.67:44224, 692acf91-075d-4599-8cc1-9f4b7a7c5a1f:192.168.69.67:46565] with ContainerStateMachine:uninitialized
2019-11-06 22:01:08,476 [pool-47-thread-1] INFO  storage.RaftStorageDirectory (RaftStorageDirectory.java:analyzeStorage(246)) - The storage directory /workdir/hadoop-ozone/tools/target/test-dir/MiniOzoneClusterImpl-e43eae99-bc27-4f1a-9c22-6446528dd8bd/datanode-2/data/ratis/54717bf7-2d41-4f1f-bd86-f1b92abe0ee3 does not exist. Creating ...
2019-11-06 22:01:08,476 [pool-27-thread-1] INFO  server.RaftServerConfigKeys (ConfUtils.java:logGet(43)) - raft.server.rpc.timeout.min = 5s (custom)
2019-11-06 22:01:08,477 [pool-27-thread-1] INFO  server.RaftServerConfigKeys (ConfUtils.java:logGet(43)) - raft.server.rpc.timeout.max = 5200ms (custom)
2019-11-06 22:01:08,477 [pool-27-thread-1] INFO  server.RaftServerConfigKeys (ConfUtils.java:logGet(43)) - raft.server.rpcslowness.timeout = 120s (custom)
2019-11-06 22:01:08,477 [pool-27-thread-1] INFO  server.RaftServerConfigKeys (ConfUtils.java:logGet(43)) - raft.server.sleep.deviation.threshold = 300 (default)
2019-11-06 22:01:08,477 [pool-27-thread-1] INFO  server.RaftServerConfigKeys (ConfUtils.java:logGet(43)) - raft.server.log.appender.install.snapshot.enabled = false (custom)
2019-11-06 22:01:08,477 [pool-27-thread-1] INFO  impl.RaftServerImpl (ServerState.java:<init>(103)) - f43e54ba-3512-4e04-ab9f-9f297ff5c4f5@group-F1B92ABE0EE3: ConfigurationManager, init=-1: [388ec716-e68c-4af6-83f1-31c84c7cef06:192.168.69.67:39108, f43e54ba-3512-4e04-ab9f-9f297ff5c4f5:192.168.69.67:44224, 692acf91-075d-4599-8cc1-9f4b7a7c5a1f:192.168.69.67:46565], old=null, confs=<EMPTY_MAP>
2019-11-06 22:01:08,478 [pool-27-thread-1] INFO  server.RaftServerConfigKeys (ConfUtils.java:logGet(43)) - raft.server.storage.dir = [/workdir/hadoop-ozone/tools/target/test-dir/MiniOzoneClusterImpl-e43eae99-bc27-4f1a-9c22-6446528dd8bd/datanode-0/data/ratis] (custom)
2019-11-06 22:01:08,478 [pool-27-thread-1] INFO  server.RaftServerConfigKeys (ConfUtils.java:logGet(43)) - raft.server.log.corruption.policy = EXCEPTION (default)
2019-11-06 22:01:08,478 [pool-27-thread-1] INFO  storage.RaftStorageDirectory (RaftStorageDirectory.java:analyzeStorage(246)) - The storage directory /workdir/hadoop-ozone/tools/target/test-dir/MiniOzoneClusterImpl-e43eae99-bc27-4f1a-9c22-6446528dd8bd/datanode-0/data/ratis/54717bf7-2d41-4f1f-bd86-f1b92abe0ee3 does not exist. Creating ...
2019-11-06 22:01:08,502 [pool-37-thread-1] INFO  storage.RaftStorageDirectory (RaftStorageDirectory.java:tryLock(328)) - Lock on /workdir/hadoop-ozone/tools/target/test-dir/MiniOzoneClusterImpl-e43eae99-bc27-4f1a-9c22-6446528dd8bd/datanode-1/data/ratis/54717bf7-2d41-4f1f-bd86-f1b92abe0ee3/in_use.lock acquired by nodename 23789@pr-hdds-1868-vmdzj-1914290063
2019-11-06 22:01:08,502 [pool-27-thread-1] INFO  storage.RaftStorageDirectory (RaftStorageDirectory.java:tryLock(328)) - Lock on /workdir/hadoop-ozone/tools/target/test-dir/MiniOzoneClusterImpl-e43eae99-bc27-4f1a-9c22-6446528dd8bd/datanode-0/data/ratis/54717bf7-2d41-4f1f-bd86-f1b92abe0ee3/in_use.lock acquired by nodename 23789@pr-hdds-1868-vmdzj-1914290063
2019-11-06 22:01:08,502 [pool-47-thread-1] INFO  storage.RaftStorageDirectory (RaftStorageDirectory.java:tryLock(328)) - Lock on /workdir/hadoop-ozone/tools/target/test-dir/MiniOzoneClusterImpl-e43eae99-bc27-4f1a-9c22-6446528dd8bd/datanode-2/data/ratis/54717bf7-2d41-4f1f-bd86-f1b92abe0ee3/in_use.lock acquired by nodename 23789@pr-hdds-1868-vmdzj-1914290063
2019-11-06 22:01:08,528 [pool-37-thread-1] INFO  storage.RaftStorage (RaftStorage.java:format(84)) - Storage directory /workdir/hadoop-ozone/tools/target/test-dir/MiniOzoneClusterImpl-e43eae99-bc27-4f1a-9c22-6446528dd8bd/datanode-1/data/ratis/54717bf7-2d41-4f1f-bd86-f1b92abe0ee3 has been successfully formatted.
2019-11-06 22:01:08,528 [pool-27-thread-1] INFO  storage.RaftStorage (RaftStorage.java:format(84)) - Storage directory /workdir/hadoop-ozone/tools/target/test-dir/MiniOzoneClusterImpl-e43eae99-bc27-4f1a-9c22-6446528dd8bd/datanode-0/data/ratis/54717bf7-2d41-4f1f-bd86-f1b92abe0ee3 has been successfully formatted.
2019-11-06 22:01:08,528 [pool-47-thread-1] INFO  storage.RaftStorage (RaftStorage.java:format(84)) - Storage directory /workdir/hadoop-ozone/tools/target/test-dir/MiniOzoneClusterImpl-e43eae99-bc27-4f1a-9c22-6446528dd8bd/datanode-2/data/ratis/54717bf7-2d41-4f1f-bd86-f1b92abe0ee3 has been successfully formatted.
2019-11-06 22:01:08,528 [pool-37-thread-1] INFO  ratis.ContainerStateMachine (ContainerStateMachine.java:loadSnapshot(223)) - group-F1B92ABE0EE3: The snapshot info is null. Setting the last applied indexto:(t:0, i:~)
2019-11-06 22:01:08,529 [pool-27-thread-1] INFO  ratis.ContainerStateMachine (ContainerStateMachine.java:loadSnapshot(223)) - group-F1B92ABE0EE3: The snapshot info is null. Setting the last applied indexto:(t:0, i:~)
2019-11-06 22:01:08,529 [pool-47-thread-1] INFO  ratis.ContainerStateMachine (ContainerStateMachine.java:loadSnapshot(223)) - group-F1B92ABE0EE3: The snapshot info is null. Setting the last applied indexto:(t:0, i:~)
2019-11-06 22:01:08,529 [pool-37-thread-1] INFO  server.RaftServerConfigKeys (ConfUtils.java:logGet(43)) - raft.server.notification.no-leader.timeout = 120s (custom)
2019-11-06 22:01:08,529 [pool-47-thread-1] INFO  server.RaftServerConfigKeys (ConfUtils.java:logGet(43)) - raft.server.notification.no-leader.timeout = 120s (custom)
2019-11-06 22:01:08,529 [pool-27-thread-1] INFO  server.RaftServerConfigKeys (ConfUtils.java:logGet(43)) - raft.server.notification.no-leader.timeout = 120s (custom)
2019-11-06 22:01:08,529 [pool-47-thread-1] INFO  server.RaftServerConfigKeys (ConfUtils.java:logGet(43)) - raft.server.log.use.memory = false (default)
2019-11-06 22:01:08,529 [pool-37-thread-1] INFO  server.RaftServerConfigKeys (ConfUtils.java:logGet(43)) - raft.server.log.use.memory = false (default)
2019-11-06 22:01:08,530 [pool-47-thread-1] INFO  server.RaftServerConfigKeys (ConfUtils.java:logGet(43)) - raft.server.log.purge.gap = 1000000 (custom)
2019-11-06 22:01:08,530 [pool-37-thread-1] INFO  server.RaftServerConfigKeys (ConfUtils.java:logGet(43)) - raft.server.log.purge.gap = 1000000 (custom)
2019-11-06 22:01:08,529 [pool-27-thread-1] INFO  server.RaftServerConfigKeys (ConfUtils.java:logGet(43)) - raft.server.log.use.memory = false (default)
2019-11-06 22:01:08,530 [pool-37-thread-1] INFO  server.RaftServerConfigKeys (ConfUtils.java:logGet(43)) - raft.server.log.appender.buffer.byte-limit = 33554432 (custom)
2019-11-06 22:01:08,530 [pool-47-thread-1] INFO  server.RaftServerConfigKeys (ConfUtils.java:logGet(43)) - raft.server.log.appender.buffer.byte-limit = 33554432 (custom)
2019-11-06 22:01:08,530 [pool-37-thread-1] INFO  server.RaftServerConfigKeys (ConfUtils.java:logGet(43)) - raft.server.log.segment.size.max = 1048576 (custom)
2019-11-06 22:01:08,530 [pool-27-thread-1] INFO  server.RaftServerConfigKeys (ConfUtils.java:logGet(43)) - raft.server.log.purge.gap = 1000000 (custom)
2019-11-06 22:01:08,530 [pool-37-thread-1] INFO  server.RaftServerConfigKeys (ConfUtils.java:logGet(43)) - raft.server.log.segment.cache.num.max = 2 (custom)
2019-11-06 22:01:08,530 [pool-47-thread-1] INFO  server.RaftServerConfigKeys (ConfUtils.java:logGet(43)) - raft.server.log.segment.size.max = 1048576 (custom)
2019-11-06 22:01:08,531 [pool-37-thread-1] INFO  segmented.SegmentedRaftLogWorker (SegmentedRaftLogWorker.java:<init>(173)) - new 388ec716-e68c-4af6-83f1-31c84c7cef06@group-F1B92ABE0EE3-SegmentedRaftLogWorker for RaftStorage:Storage Directory /workdir/hadoop-ozone/tools/target/test-dir/MiniOzoneClusterImpl-e43eae99-bc27-4f1a-9c22-6446528dd8bd/datanode-1/data/ratis/54717bf7-2d41-4f1f-bd86-f1b92abe0ee3
2019-11-06 22:01:08,531 [pool-47-thread-1] INFO  server.RaftServerConfigKeys (ConfUtils.java:logGet(43)) - raft.server.log.segment.cache.num.max = 2 (custom)
2019-11-06 22:01:08,531 [pool-27-thread-1] INFO  server.RaftServerConfigKeys (ConfUtils.java:logGet(43)) - raft.server.log.appender.buffer.byte-limit = 33554432 (custom)
2019-11-06 22:01:08,531 [pool-47-thread-1] INFO  segmented.SegmentedRaftLogWorker (SegmentedRaftLogWorker.java:<init>(173)) - new 692acf91-075d-4599-8cc1-9f4b7a7c5a1f@group-F1B92ABE0EE3-SegmentedRaftLogWorker for RaftStorage:Storage Directory /workdir/hadoop-ozone/tools/target/test-dir/MiniOzoneClusterImpl-e43eae99-bc27-4f1a-9c22-6446528dd8bd/datanode-2/data/ratis/54717bf7-2d41-4f1f-bd86-f1b92abe0ee3
2019-11-06 22:01:08,531 [pool-37-thread-1] INFO  server.RaftServerConfigKeys (ConfUtils.java:logGet(43)) - raft.server.log.queue.byte-limit = 2147483647 (custom)
2019-11-06 22:01:08,531 [pool-47-thread-1] INFO  server.RaftServerConfigKeys (ConfUtils.java:logGet(43)) - raft.server.log.queue.byte-limit = 2147483647 (custom)
2019-11-06 22:01:08,531 [pool-27-thread-1] INFO  server.RaftServerConfigKeys (ConfUtils.java:logGet(43)) - raft.server.log.segment.size.max = 1048576 (custom)
2019-11-06 22:01:08,532 [pool-47-thread-1] INFO  server.RaftServerConfigKeys (ConfUtils.java:logGet(43)) - raft.server.log.queue.element-limit = 1024 (custom)
2019-11-06 22:01:08,532 [pool-37-thread-1] INFO  server.RaftServerConfigKeys (ConfUtils.java:logGet(43)) - raft.server.log.queue.element-limit = 1024 (custom)
2019-11-06 22:01:08,532 [pool-47-thread-1] INFO  server.RaftServerConfigKeys (ConfUtils.java:logGet(43)) - raft.server.log.segment.size.max = 1048576 (custom)
2019-11-06 22:01:08,532 [pool-27-thread-1] INFO  server.RaftServerConfigKeys (ConfUtils.java:logGet(43)) - raft.server.log.segment.cache.num.max = 2 (custom)
2019-11-06 22:01:08,532 [pool-47-thread-1] INFO  server.RaftServerConfigKeys (ConfUtils.java:logGet(43)) - raft.server.log.preallocated.size = 16384 (custom)
2019-11-06 22:01:08,532 [pool-37-thread-1] INFO  server.RaftServerConfigKeys (ConfUtils.java:logGet(43)) - raft.server.log.segment.size.max = 1048576 (custom)
2019-11-06 22:01:08,533 [pool-47-thread-1] INFO  server.RaftServerConfigKeys (ConfUtils.java:logGet(43)) - raft.server.log.write.buffer.size = 33554432 (custom)
2019-11-06 22:01:08,532 [pool-27-thread-1] INFO  segmented.SegmentedRaftLogWorker (SegmentedRaftLogWorker.java:<init>(173)) - new f43e54ba-3512-4e04-ab9f-9f297ff5c4f5@group-F1B92ABE0EE3-SegmentedRaftLogWorker for RaftStorage:Storage Directory /workdir/hadoop-ozone/tools/target/test-dir/MiniOzoneClusterImpl-e43eae99-bc27-4f1a-9c22-6446528dd8bd/datanode-0/data/ratis/54717bf7-2d41-4f1f-bd86-f1b92abe0ee3
2019-11-06 22:01:08,533 [pool-47-thread-1] INFO  server.RaftServerConfigKeys (ConfUtils.java:logGet(43)) - raft.server.log.force.sync.num = 128 (default)
2019-11-06 22:01:08,533 [pool-37-thread-1] INFO  server.RaftServerConfigKeys (ConfUtils.java:logGet(43)) - raft.server.log.preallocated.size = 16384 (custom)
2019-11-06 22:01:08,533 [pool-47-thread-1] INFO  server.RaftServerConfigKeys (ConfUtils.java:logGet(43)) - raft.server.log.statemachine.data.sync = true (default)
2019-11-06 22:01:08,533 [pool-27-thread-1] INFO  server.RaftServerConfigKeys (ConfUtils.java:logGet(43)) - raft.server.log.queue.byte-limit = 2147483647 (custom)
2019-11-06 22:01:08,533 [pool-47-thread-1] INFO  server.RaftServerConfigKeys (ConfUtils.java:logGet(43)) - raft.server.log.statemachine.data.sync.timeout = 10s (default)
2019-11-06 22:01:08,533 [pool-37-thread-1] INFO  server.RaftServerConfigKeys (ConfUtils.java:logGet(43)) - raft.server.log.write.buffer.size = 33554432 (custom)
2019-11-06 22:01:08,534 [pool-47-thread-1] INFO  server.RaftServerConfigKeys (ConfUtils.java:logGet(43)) - raft.server.log.statemachine.data.sync.timeout.retry = -1 (default)
2019-11-06 22:01:08,534 [pool-27-thread-1] INFO  server.RaftServerConfigKeys (ConfUtils.java:logGet(43)) - raft.server.log.queue.element-limit = 1024 (custom)
2019-11-06 22:01:08,534 [pool-37-thread-1] INFO  server.RaftServerConfigKeys (ConfUtils.java:logGet(43)) - raft.server.log.force.sync.num = 128 (default)
2019-11-06 22:01:08,534 [pool-27-thread-1] INFO  server.RaftServerConfigKeys (ConfUtils.java:logGet(43)) - raft.server.log.segment.size.max = 1048576 (custom)
2019-11-06 22:01:08,534 [pool-47-thread-1] INFO  server.RaftServerConfigKeys (ConfUtils.java:logGet(43)) - raft.server.log.statemachine.data.caching.enabled = true (custom)
2019-11-06 22:01:08,534 [pool-27-thread-1] INFO  server.RaftServerConfigKeys (ConfUtils.java:logGet(43)) - raft.server.log.preallocated.size = 16384 (custom)
2019-11-06 22:01:08,534 [pool-37-thread-1] INFO  server.RaftServerConfigKeys (ConfUtils.java:logGet(43)) - raft.server.log.statemachine.data.sync = true (default)
2019-11-06 22:01:08,535 [pool-47-thread-1] INFO  segmented.SegmentedRaftLogWorker (SegmentedRaftLogWorker.java:lambda$new$0(128)) - 692acf91-075d-4599-8cc1-9f4b7a7c5a1f@group-F1B92ABE0EE3-SegmentedRaftLogWorker: flushIndex: setUnconditionally 0 -> -1
2019-11-06 22:01:08,535 [pool-27-thread-1] INFO  server.RaftServerConfigKeys (ConfUtils.java:logGet(43)) - raft.server.log.write.buffer.size = 33554432 (custom)
2019-11-06 22:01:08,535 [pool-37-thread-1] INFO  server.RaftServerConfigKeys (ConfUtils.java:logGet(43)) - raft.server.log.statemachine.data.sync.timeout = 10s (default)
2019-11-06 22:01:08,535 [pool-47-thread-1] INFO  server.RaftServerConfigKeys (ConfUtils.java:logGet(43)) - raft.server.snapshot.auto.trigger.enabled = true (custom)
2019-11-06 22:01:08,535 [pool-27-thread-1] INFO  server.RaftServerConfigKeys (ConfUtils.java:logGet(43)) - raft.server.log.force.sync.num = 128 (default)
2019-11-06 22:01:08,535 [pool-47-thread-1] INFO  server.RaftServerConfigKeys (ConfUtils.java:logGet(43)) - raft.server.snapshot.auto.trigger.threshold = 10000 (custom)
2019-11-06 22:01:08,535 [pool-37-thread-1] INFO  server.RaftServerConfigKeys (ConfUtils.java:logGet(43)) - raft.server.log.statemachine.data.sync.timeout.retry = -1 (default)
2019-11-06 22:01:08,536 [pool-47-thread-1] INFO  server.RaftServerConfigKeys (ConfUtils.java:logGet(43)) - raft.server.snapshot.retention.file.num = 5 (custom)
2019-11-06 22:01:08,536 [pool-27-thread-1] INFO  server.RaftServerConfigKeys (ConfUtils.java:logGet(43)) - raft.server.log.statemachine.data.sync = true (default)
2019-11-06 22:01:08,536 [pool-47-thread-1] INFO  server.RaftServerConfigKeys (ConfUtils.java:logGet(43)) - raft.server.retrycache.expirytime = 600000ms (custom)
2019-11-06 22:01:08,536 [pool-37-thread-1] INFO  server.RaftServerConfigKeys (ConfUtils.java:logGet(43)) - raft.server.log.statemachine.data.caching.enabled = true (custom)
2019-11-06 22:01:08,536 [pool-47-thread-1] WARN  impl.MetricRegistriesImpl (MetricRegistriesImpl.java:lambda$create$1(61)) - First MetricRegistry has been created without registering reporters. You may need to call MetricRegistries.global().addReportRegistration(...) before.
2019-11-06 22:01:08,536 [pool-27-thread-1] INFO  server.RaftServerConfigKeys (ConfUtils.java:logGet(43)) - raft.server.log.statemachine.data.sync.timeout = 10s (default)
2019-11-06 22:01:08,537 [pool-47-thread-1] WARN  impl.MetricRegistriesImpl (MetricRegistriesImpl.java:lambda$create$1(61)) - First MetricRegistry has been created without registering reporters. You may need to call MetricRegistries.global().addReportRegistration(...) before.
2019-11-06 22:01:08,537 [pool-37-thread-1] INFO  segmented.SegmentedRaftLogWorker (SegmentedRaftLogWorker.java:lambda$new$0(128)) - 388ec716-e68c-4af6-83f1-31c84c7cef06@group-F1B92ABE0EE3-SegmentedRaftLogWorker: flushIndex: setUnconditionally 0 -> -1
2019-11-06 22:01:08,537 [pool-27-thread-1] INFO  server.RaftServerConfigKeys (ConfUtils.java:logGet(43)) - raft.server.log.statemachine.data.sync.timeout.retry = -1 (default)
2019-11-06 22:01:08,537 [pool-37-thread-1] INFO  server.RaftServerConfigKeys (ConfUtils.java:logGet(43)) - raft.server.snapshot.auto.trigger.enabled = true (custom)
2019-11-06 22:01:08,537 [pool-47-thread-1] INFO  impl.RaftServerImpl (RaftServerImpl.java:start(184)) - 692acf91-075d-4599-8cc1-9f4b7a7c5a1f@group-F1B92ABE0EE3: start as a follower, conf=-1: [388ec716-e68c-4af6-83f1-31c84c7cef06:192.168.69.67:39108, f43e54ba-3512-4e04-ab9f-9f297ff5c4f5:192.168.69.67:44224, 692acf91-075d-4599-8cc1-9f4b7a7c5a1f:192.168.69.67:46565], old=null
2019-11-06 22:01:08,538 [pool-27-thread-1] INFO  server.RaftServerConfigKeys (ConfUtils.java:logGet(43)) - raft.server.log.statemachine.data.caching.enabled = true (custom)
2019-11-06 22:01:08,538 [pool-37-thread-1] INFO  server.RaftServerConfigKeys (ConfUtils.java:logGet(43)) - raft.server.snapshot.auto.trigger.threshold = 10000 (custom)
2019-11-06 22:01:08,538 [pool-47-thread-1] INFO  impl.RaftServerImpl (RaftServerImpl.java:setRole(173)) - 692acf91-075d-4599-8cc1-9f4b7a7c5a1f@group-F1B92ABE0EE3: changes role from      null to FOLLOWER at term 0 for startAsFollower
2019-11-06 22:01:08,538 [pool-37-thread-1] INFO  server.RaftServerConfigKeys (ConfUtils.java:logGet(43)) - raft.server.snapshot.retention.file.num = 5 (custom)
2019-11-06 22:01:08,538 [pool-27-thread-1] INFO  segmented.SegmentedRaftLogWorker (SegmentedRaftLogWorker.java:lambda$new$0(128)) - f43e54ba-3512-4e04-ab9f-9f297ff5c4f5@group-F1B92ABE0EE3-SegmentedRaftLogWorker: flushIndex: setUnconditionally 0 -> -1
2019-11-06 22:01:08,538 [pool-47-thread-1] INFO  impl.RoleInfo (RoleInfo.java:updateAndGet(143)) - 692acf91-075d-4599-8cc1-9f4b7a7c5a1f: start FollowerState
2019-11-06 22:01:08,538 [pool-37-thread-1] INFO  server.RaftServerConfigKeys (ConfUtils.java:logGet(43)) - raft.server.retrycache.expirytime = 600000ms (custom)
2019-11-06 22:01:08,539 [pool-27-thread-1] INFO  server.RaftServerConfigKeys (ConfUtils.java:logGet(43)) - raft.server.snapshot.auto.trigger.enabled = true (custom)
2019-11-06 22:01:08,539 [pool-37-thread-1] WARN  impl.MetricRegistriesImpl (MetricRegistriesImpl.java:lambda$create$1(61)) - First MetricRegistry has been created without registering reporters. You may need to call MetricRegistries.global().addReportRegistration(...) before.
2019-11-06 22:01:08,539 [pool-47-thread-1] INFO  util.JmxRegister (JmxRegister.java:tryRegister(44)) - Successfully registered JMX Bean with object name Ratis:service=RaftServer,group=group-F1B92ABE0EE3,id=692acf91-075d-4599-8cc1-9f4b7a7c5a1f
2019-11-06 22:01:08,539 [pool-27-thread-1] INFO  server.RaftServerConfigKeys (ConfUtils.java:logGet(43)) - raft.server.snapshot.auto.trigger.threshold = 10000 (custom)
2019-11-06 22:01:08,539 [pool-47-thread-1] WARN  impl.MetricRegistriesImpl (MetricRegistriesImpl.java:lambda$create$1(61)) - First MetricRegistry has been created without registering reporters. You may need to call MetricRegistries.global().addReportRegistration(...) before.
2019-11-06 22:01:08,539 [pool-37-thread-1] WARN  impl.MetricRegistriesImpl (MetricRegistriesImpl.java:lambda$create$1(61)) - First MetricRegistry has been created without registering reporters. You may need to call MetricRegistries.global().addReportRegistration(...) before.
2019-11-06 22:01:08,539 [pool-27-thread-1] INFO  server.RaftServerConfigKeys (ConfUtils.java:logGet(43)) - raft.server.snapshot.retention.file.num = 5 (custom)
2019-11-06 22:01:08,540 [pool-37-thread-1] INFO  impl.RaftServerImpl (RaftServerImpl.java:start(184)) - 388ec716-e68c-4af6-83f1-31c84c7cef06@group-F1B92ABE0EE3: start as a follower, conf=-1: [388ec716-e68c-4af6-83f1-31c84c7cef06:192.168.69.67:39108, f43e54ba-3512-4e04-ab9f-9f297ff5c4f5:192.168.69.67:44224, 692acf91-075d-4599-8cc1-9f4b7a7c5a1f:192.168.69.67:46565], old=null
2019-11-06 22:01:08,540 [pool-37-thread-1] INFO  impl.RaftServerImpl (RaftServerImpl.java:setRole(173)) - 388ec716-e68c-4af6-83f1-31c84c7cef06@group-F1B92ABE0EE3: changes role from      null to FOLLOWER at term 0 for startAsFollower
2019-11-06 22:01:08,540 [pool-27-thread-1] INFO  server.RaftServerConfigKeys (ConfUtils.java:logGet(43)) - raft.server.retrycache.expirytime = 600000ms (custom)
2019-11-06 22:01:08,540 [pool-37-thread-1] INFO  impl.RoleInfo (RoleInfo.java:updateAndGet(143)) - 388ec716-e68c-4af6-83f1-31c84c7cef06: start FollowerState
2019-11-06 22:01:08,540 [pool-27-thread-1] WARN  impl.MetricRegistriesImpl (MetricRegistriesImpl.java:lambda$create$1(61)) - First MetricRegistry has been created without registering reporters. You may need to call MetricRegistries.global().addReportRegistration(...) before.
2019-11-06 22:01:08,540 [pool-27-thread-1] WARN  impl.MetricRegistriesImpl (MetricRegistriesImpl.java:lambda$create$1(61)) - First MetricRegistry has been created without registering reporters. You may need to call MetricRegistries.global().addReportRegistration(...) before.
2019-11-06 22:01:08,541 [pool-37-thread-1] INFO  util.JmxRegister (JmxRegister.java:tryRegister(44)) - Successfully registered JMX Bean with object name Ratis:service=RaftServer,group=group-F1B92ABE0EE3,id=388ec716-e68c-4af6-83f1-31c84c7cef06
2019-11-06 22:01:08,542 [pool-27-thread-1] INFO  impl.RaftServerImpl (RaftServerImpl.java:start(184)) - f43e54ba-3512-4e04-ab9f-9f297ff5c4f5@group-F1B92ABE0EE3: start as a follower, conf=-1: [388ec716-e68c-4af6-83f1-31c84c7cef06:192.168.69.67:39108, f43e54ba-3512-4e04-ab9f-9f297ff5c4f5:192.168.69.67:44224, 692acf91-075d-4599-8cc1-9f4b7a7c5a1f:192.168.69.67:46565], old=null
2019-11-06 22:01:08,542 [pool-37-thread-1] WARN  impl.MetricRegistriesImpl (MetricRegistriesImpl.java:lambda$create$1(61)) - First MetricRegistry has been created without registering reporters. You may need to call MetricRegistries.global().addReportRegistration(...) before.
2019-11-06 22:01:08,542 [pool-27-thread-1] INFO  impl.RaftServerImpl (RaftServerImpl.java:setRole(173)) - f43e54ba-3512-4e04-ab9f-9f297ff5c4f5@group-F1B92ABE0EE3: changes role from      null to FOLLOWER at term 0 for startAsFollower
2019-11-06 22:01:08,543 [pool-27-thread-1] INFO  impl.RoleInfo (RoleInfo.java:updateAndGet(143)) - f43e54ba-3512-4e04-ab9f-9f297ff5c4f5: start FollowerState
2019-11-06 22:01:08,543 [pool-27-thread-1] INFO  util.JmxRegister (JmxRegister.java:tryRegister(44)) - Successfully registered JMX Bean with object name Ratis:service=RaftServer,group=group-F1B92ABE0EE3,id=f43e54ba-3512-4e04-ab9f-9f297ff5c4f5
2019-11-06 22:01:08,544 [pool-27-thread-1] WARN  impl.MetricRegistriesImpl (MetricRegistriesImpl.java:lambda$create$1(61)) - First MetricRegistry has been created without registering reporters. You may need to call MetricRegistries.global().addReportRegistration(...) before.
2019-11-06 22:01:08,549 [RatisPipelineUtilsThread] INFO  pipeline.PipelineStateManager (PipelineStateManager.java:addPipeline(55)) - Created pipeline Pipeline[ Id: 54717bf7-2d41-4f1f-bd86-f1b92abe0ee3, Nodes: 388ec716-e68c-4af6-83f1-31c84c7cef06{ip: 192.168.69.67, host: pr-hdds-1868-vmdzj-1914290063, networkLocation: /default-rack, certSerialId: null}f43e54ba-3512-4e04-ab9f-9f297ff5c4f5{ip: 192.168.69.67, host: pr-hdds-1868-vmdzj-1914290063, networkLocation: /default-rack, certSerialId: null}692acf91-075d-4599-8cc1-9f4b7a7c5a1f{ip: 192.168.69.67, host: pr-hdds-1868-vmdzj-1914290063, networkLocation: /default-rack, certSerialId: null}, Type:RATIS, Factor:THREE, State:ALLOCATED]
2019-11-06 22:01:08,570 [main] INFO  freon.RandomKeyGenerator (RandomKeyGenerator.java:call(283)) - Number of Threads: 10
2019-11-06 22:01:08,571 [main] INFO  freon.RandomKeyGenerator (RandomKeyGenerator.java:call(288)) - Number of Volumes: 1.
2019-11-06 22:01:08,571 [main] INFO  freon.RandomKeyGenerator (RandomKeyGenerator.java:call(289)) - Number of Buckets per Volume: 1.
2019-11-06 22:01:08,571 [main] INFO  freon.RandomKeyGenerator (RandomKeyGenerator.java:call(290)) - Number of Keys per Bucket: 1.
2019-11-06 22:01:08,571 [main] INFO  freon.RandomKeyGenerator (RandomKeyGenerator.java:call(291)) - Key size: 20971520 bytes
2019-11-06 22:01:08,571 [main] INFO  freon.RandomKeyGenerator (RandomKeyGenerator.java:call(292)) - Buffer size: 4096 bytes
2019-11-06 22:01:08,571 [main] INFO  freon.RandomKeyGenerator (RandomKeyGenerator.java:call(293)) - validateWrites : true
2019-11-06 22:01:08,572 [pool-59-thread-1] INFO  rpc.RpcClient (RpcClient.java:createVolume(291)) - Creating Volume: vol-0-82941, with jenkins1000 as owner.
2019-11-06 22:01:08,574 [main] INFO  freon.RandomKeyGenerator (RandomKeyGenerator.java:call(307)) - Data validation is enabled.
2019-11-06 22:01:08,575 [main] INFO  freon.RandomKeyGenerator (RandomKeyGenerator.java:call(313)) - Starting progress bar Thread.

 0.00% |?                                                                                                    |  0/1 Time: 0:00:002019-11-06 22:01:08,579 [IPC Server handler 10 on 41472] INFO  volume.OMVolumeCreateRequest (OMVolumeCreateRequest.java:validateAndUpdateCache(193)) - created volume:vol-0-82941 for user:jenkins1000
2019-11-06 22:01:08,602 [pool-59-thread-3] INFO  rpc.RpcClient (RpcClient.java:createBucket(430)) - Creating Bucket: vol-0-82941/bucket-0-42382, with Versioning false and Storage Type set to DISK and Encryption set to false 
2019-11-06 22:01:08,626 [IPC Server handler 7 on 38736] WARN  block.BlockManagerImpl (BlockManagerImpl.java:allocateBlock(200)) - Pipeline creation failed for type:RATIS factor:THREE. Retrying get pipelines call once.
org.apache.hadoop.hdds.scm.pipeline.InsufficientDatanodesException: Cannot create pipeline of factor 3 using 0 nodes.
	at org.apache.hadoop.hdds.scm.pipeline.RatisPipelineProvider.create(RatisPipelineProvider.java:153)
	at org.apache.hadoop.hdds.scm.pipeline.PipelineFactory.create(PipelineFactory.java:58)
	at org.apache.hadoop.hdds.scm.pipeline.SCMPipelineManager.createPipeline(SCMPipelineManager.java:155)
	at org.apache.hadoop.hdds.scm.block.BlockManagerImpl.allocateBlock(BlockManagerImpl.java:198)
	at org.apache.hadoop.hdds.scm.server.SCMBlockProtocolServer.allocateBlock(SCMBlockProtocolServer.java:187)
	at org.apache.hadoop.hdds.scm.protocol.ScmBlockLocationProtocolServerSideTranslatorPB.allocateScmBlock(ScmBlockLocationProtocolServerSideTranslatorPB.java:159)
	at org.apache.hadoop.hdds.scm.protocol.ScmBlockLocationProtocolServerSideTranslatorPB.processMessage(ScmBlockLocationProtocolServerSideTranslatorPB.java:117)
	at org.apache.hadoop.hdds.server.OzoneProtocolMessageDispatcher.processRequest(OzoneProtocolMessageDispatcher.java:72)
	at org.apache.hadoop.hdds.scm.protocol.ScmBlockLocationProtocolServerSideTranslatorPB.send(ScmBlockLocationProtocolServerSideTranslatorPB.java:98)
	at org.apache.hadoop.hdds.protocol.proto.ScmBlockLocationProtocolProtos$ScmBlockLocationProtocolService$2.callBlockingMethod(ScmBlockLocationProtocolProtos.java:13157)
	at org.apache.hadoop.ipc.ProtobufRpcEngine$Server$ProtoBufRpcInvoker.call(ProtobufRpcEngine.java:524)
	at org.apache.hadoop.ipc.RPC$Server.call(RPC.java:1025)
	at org.apache.hadoop.ipc.Server$RpcCall.run(Server.java:876)
	at org.apache.hadoop.ipc.Server$RpcCall.run(Server.java:822)
	at java.security.AccessController.doPrivileged(Native Method)
	at javax.security.auth.Subject.doAs(Subject.java:422)
	at org.apache.hadoop.security.UserGroupInformation.doAs(UserGroupInformation.java:1730)
	at org.apache.hadoop.ipc.Server$Handler.run(Server.java:2682)
2019-11-06 22:01:08,628 [IPC Server handler 7 on 38736] INFO  block.BlockManagerImpl (BlockManagerImpl.java:allocateBlock(212)) - Could not find available pipeline of type:RATIS and factor:THREE even after retrying
2019-11-06 22:01:08,628 [IPC Server handler 7 on 38736] ERROR block.BlockManagerImpl (BlockManagerImpl.java:allocateBlock(236)) - Unable to allocate a block for the size: 4194304, type: RATIS, factor: THREE
2019-11-06 22:01:08,628 [IPC Server handler 7 on 38736] WARN  block.BlockManagerImpl (BlockManagerImpl.java:allocateBlock(200)) - Pipeline creation failed for type:RATIS factor:THREE. Retrying get pipelines call once.
org.apache.hadoop.hdds.scm.pipeline.InsufficientDatanodesException: Cannot create pipeline of factor 3 using 0 nodes.
	at org.apache.hadoop.hdds.scm.pipeline.RatisPipelineProvider.create(RatisPipelineProvider.java:153)
	at org.apache.hadoop.hdds.scm.pipeline.PipelineFactory.create(PipelineFactory.java:58)
	at org.apache.hadoop.hdds.scm.pipeline.SCMPipelineManager.createPipeline(SCMPipelineManager.java:155)
	at org.apache.hadoop.hdds.scm.block.BlockManagerImpl.allocateBlock(BlockManagerImpl.java:198)
	at org.apache.hadoop.hdds.scm.server.SCMBlockProtocolServer.allocateBlock(SCMBlockProtocolServer.java:187)
	at org.apache.hadoop.hdds.scm.protocol.ScmBlockLocationProtocolServerSideTranslatorPB.allocateScmBlock(ScmBlockLocationProtocolServerSideTranslatorPB.java:159)
	at org.apache.hadoop.hdds.scm.protocol.ScmBlockLocationProtocolServerSideTranslatorPB.processMessage(ScmBlockLocationProtocolServerSideTranslatorPB.java:117)
	at org.apache.hadoop.hdds.server.OzoneProtocolMessageDispatcher.processRequest(OzoneProtocolMessageDispatcher.java:72)
	at org.apache.hadoop.hdds.scm.protocol.ScmBlockLocationProtocolServerSideTranslatorPB.send(ScmBlockLocationProtocolServerSideTranslatorPB.java:98)
	at org.apache.hadoop.hdds.protocol.proto.ScmBlockLocationProtocolProtos$ScmBlockLocationProtocolService$2.callBlockingMethod(ScmBlockLocationProtocolProtos.java:13157)
	at org.apache.hadoop.ipc.ProtobufRpcEngine$Server$ProtoBufRpcInvoker.call(ProtobufRpcEngine.java:524)
	at org.apache.hadoop.ipc.RPC$Server.call(RPC.java:1025)
	at org.apache.hadoop.ipc.Server$RpcCall.run(Server.java:876)
	at org.apache.hadoop.ipc.Server$RpcCall.run(Server.java:822)
	at java.security.AccessController.doPrivileged(Native Method)
	at javax.security.auth.Subject.doAs(Subject.java:422)
	at org.apache.hadoop.security.UserGroupInformation.doAs(UserGroupInformation.java:1730)
	at org.apache.hadoop.ipc.Server$Handler.run(Server.java:2682)
2019-11-06 22:01:08,628 [IPC Server handler 7 on 38736] INFO  block.BlockManagerImpl (BlockManagerImpl.java:allocateBlock(212)) - Could not find available pipeline of type:RATIS and factor:THREE even after retrying
2019-11-06 22:01:08,628 [IPC Server handler 7 on 38736] ERROR block.BlockManagerImpl (BlockManagerImpl.java:allocateBlock(236)) - Unable to allocate a block for the size: 4194304, type: RATIS, factor: THREE
2019-11-06 22:01:08,629 [IPC Server handler 7 on 38736] WARN  block.BlockManagerImpl (BlockManagerImpl.java:allocateBlock(200)) - Pipeline creation failed for type:RATIS factor:THREE. Retrying get pipelines call once.
org.apache.hadoop.hdds.scm.pipeline.InsufficientDatanodesException: Cannot create pipeline of factor 3 using 0 nodes.
	at org.apache.hadoop.hdds.scm.pipeline.RatisPipelineProvider.create(RatisPipelineProvider.java:153)
	at org.apache.hadoop.hdds.scm.pipeline.PipelineFactory.create(PipelineFactory.java:58)
	at org.apache.hadoop.hdds.scm.pipeline.SCMPipelineManager.createPipeline(SCMPipelineManager.java:155)
	at org.apache.hadoop.hdds.scm.block.BlockManagerImpl.allocateBlock(BlockManagerImpl.java:198)
	at org.apache.hadoop.hdds.scm.server.SCMBlockProtocolServer.allocateBlock(SCMBlockProtocolServer.java:187)
	at org.apache.hadoop.hdds.scm.protocol.ScmBlockLocationProtocolServerSideTranslatorPB.allocateScmBlock(ScmBlockLocationProtocolServerSideTranslatorPB.java:159)
	at org.apache.hadoop.hdds.scm.protocol.ScmBlockLocationProtocolServerSideTranslatorPB.processMessage(ScmBlockLocationProtocolServerSideTranslatorPB.java:117)
	at org.apache.hadoop.hdds.server.OzoneProtocolMessageDispatcher.processRequest(OzoneProtocolMessageDispatcher.java:72)
	at org.apache.hadoop.hdds.scm.protocol.ScmBlockLocationProtocolServerSideTranslatorPB.send(ScmBlockLocationProtocolServerSideTranslatorPB.java:98)
	at org.apache.hadoop.hdds.protocol.proto.ScmBlockLocationProtocolProtos$ScmBlockLocationProtocolService$2.callBlockingMethod(ScmBlockLocationProtocolProtos.java:13157)
	at org.apache.hadoop.ipc.ProtobufRpcEngine$Server$ProtoBufRpcInvoker.call(ProtobufRpcEngine.java:524)
	at org.apache.hadoop.ipc.RPC$Server.call(RPC.java:1025)
	at org.apache.hadoop.ipc.Server$RpcCall.run(Server.java:876)
	at org.apache.hadoop.ipc.Server$RpcCall.run(Server.java:822)
	at java.security.AccessController.doPrivileged(Native Method)
	at javax.security.auth.Subject.doAs(Subject.java:422)
	at org.apache.hadoop.security.UserGroupInformation.doAs(UserGroupInformation.java:1730)
	at org.apache.hadoop.ipc.Server$Handler.run(Server.java:2682)
2019-11-06 22:01:08,629 [IPC Server handler 7 on 38736] INFO  block.BlockManagerImpl (BlockManagerImpl.java:allocateBlock(212)) - Could not find available pipeline of type:RATIS and factor:THREE even after retrying
2019-11-06 22:01:08,629 [IPC Server handler 7 on 38736] ERROR block.BlockManagerImpl (BlockManagerImpl.java:allocateBlock(236)) - Unable to allocate a block for the size: 4194304, type: RATIS, factor: THREE
2019-11-06 22:01:08,629 [IPC Server handler 7 on 38736] WARN  block.BlockManagerImpl (BlockManagerImpl.java:allocateBlock(200)) - Pipeline creation failed for type:RATIS factor:THREE. Retrying get pipelines call once.
org.apache.hadoop.hdds.scm.pipeline.InsufficientDatanodesException: Cannot create pipeline of factor 3 using 0 nodes.
	at org.apache.hadoop.hdds.scm.pipeline.RatisPipelineProvider.create(RatisPipelineProvider.java:153)
	at org.apache.hadoop.hdds.scm.pipeline.PipelineFactory.create(PipelineFactory.java:58)
	at org.apache.hadoop.hdds.scm.pipeline.SCMPipelineManager.createPipeline(SCMPipelineManager.java:155)
	at org.apache.hadoop.hdds.scm.block.BlockManagerImpl.allocateBlock(BlockManagerImpl.java:198)
	at org.apache.hadoop.hdds.scm.server.SCMBlockProtocolServer.allocateBlock(SCMBlockProtocolServer.java:187)
	at org.apache.hadoop.hdds.scm.protocol.ScmBlockLocationProtocolServerSideTranslatorPB.allocateScmBlock(ScmBlockLocationProtocolServerSideTranslatorPB.java:159)
	at org.apache.hadoop.hdds.scm.protocol.ScmBlockLocationProtocolServerSideTranslatorPB.processMessage(ScmBlockLocationProtocolServerSideTranslatorPB.java:117)
	at org.apache.hadoop.hdds.server.OzoneProtocolMessageDispatcher.processRequest(OzoneProtocolMessageDispatcher.java:72)
	at org.apache.hadoop.hdds.scm.protocol.ScmBlockLocationProtocolServerSideTranslatorPB.send(ScmBlockLocationProtocolServerSideTranslatorPB.java:98)
	at org.apache.hadoop.hdds.protocol.proto.ScmBlockLocationProtocolProtos$ScmBlockLocationProtocolService$2.callBlockingMethod(ScmBlockLocationProtocolProtos.java:13157)
	at org.apache.hadoop.ipc.ProtobufRpcEngine$Server$ProtoBufRpcInvoker.call(ProtobufRpcEngine.java:524)
	at org.apache.hadoop.ipc.RPC$Server.call(RPC.java:1025)
	at org.apache.hadoop.ipc.Server$RpcCall.run(Server.java:876)
	at org.apache.hadoop.ipc.Server$RpcCall.run(Server.java:822)
	at java.security.AccessController.doPrivileged(Native Method)
	at javax.security.auth.Subject.doAs(Subject.java:422)
	at org.apache.hadoop.security.UserGroupInformation.doAs(UserGroupInformation.java:1730)
	at org.apache.hadoop.ipc.Server$Handler.run(Server.java:2682)
2019-11-06 22:01:08,630 [IPC Server handler 7 on 38736] INFO  block.BlockManagerImpl (BlockManagerImpl.java:allocateBlock(212)) - Could not find available pipeline of type:RATIS and factor:THREE even after retrying
2019-11-06 22:01:08,630 [IPC Server handler 7 on 38736] ERROR block.BlockManagerImpl (BlockManagerImpl.java:allocateBlock(236)) - Unable to allocate a block for the size: 4194304, type: RATIS, factor: THREE
2019-11-06 22:01:08,630 [IPC Server handler 7 on 38736] WARN  block.BlockManagerImpl (BlockManagerImpl.java:allocateBlock(200)) - Pipeline creation failed for type:RATIS factor:THREE. Retrying get pipelines call once.
org.apache.hadoop.hdds.scm.pipeline.InsufficientDatanodesException: Cannot create pipeline of factor 3 using 0 nodes.
	at org.apache.hadoop.hdds.scm.pipeline.RatisPipelineProvider.create(RatisPipelineProvider.java:153)
	at org.apache.hadoop.hdds.scm.pipeline.PipelineFactory.create(PipelineFactory.java:58)
	at org.apache.hadoop.hdds.scm.pipeline.SCMPipelineManager.createPipeline(SCMPipelineManager.java:155)
	at org.apache.hadoop.hdds.scm.block.BlockManagerImpl.allocateBlock(BlockManagerImpl.java:198)
	at org.apache.hadoop.hdds.scm.server.SCMBlockProtocolServer.allocateBlock(SCMBlockProtocolServer.java:187)
	at org.apache.hadoop.hdds.scm.protocol.ScmBlockLocationProtocolServerSideTranslatorPB.allocateScmBlock(ScmBlockLocationProtocolServerSideTranslatorPB.java:159)
	at org.apache.hadoop.hdds.scm.protocol.ScmBlockLocationProtocolServerSideTranslatorPB.processMessage(ScmBlockLocationProtocolServerSideTranslatorPB.java:117)
	at org.apache.hadoop.hdds.server.OzoneProtocolMessageDispatcher.processRequest(OzoneProtocolMessageDispatcher.java:72)
	at org.apache.hadoop.hdds.scm.protocol.ScmBlockLocationProtocolServerSideTranslatorPB.send(ScmBlockLocationProtocolServerSideTranslatorPB.java:98)
	at org.apache.hadoop.hdds.protocol.proto.ScmBlockLocationProtocolProtos$ScmBlockLocationProtocolService$2.callBlockingMethod(ScmBlockLocationProtocolProtos.java:13157)
	at org.apache.hadoop.ipc.ProtobufRpcEngine$Server$ProtoBufRpcInvoker.call(ProtobufRpcEngine.java:524)
	at org.apache.hadoop.ipc.RPC$Server.call(RPC.java:1025)
	at org.apache.hadoop.ipc.Server$RpcCall.run(Server.java:876)
	at org.apache.hadoop.ipc.Server$RpcCall.run(Server.java:822)
	at java.security.AccessController.doPrivileged(Native Method)
	at javax.security.auth.Subject.doAs(Subject.java:422)
	at org.apache.hadoop.security.UserGroupInformation.doAs(UserGroupInformation.java:1730)
	at org.apache.hadoop.ipc.Server$Handler.run(Server.java:2682)
2019-11-06 22:01:08,630 [IPC Server handler 7 on 38736] INFO  block.BlockManagerImpl (BlockManagerImpl.java:allocateBlock(212)) - Could not find available pipeline of type:RATIS and factor:THREE even after retrying
2019-11-06 22:01:08,630 [IPC Server handler 7 on 38736] ERROR block.BlockManagerImpl (BlockManagerImpl.java:allocateBlock(236)) - Unable to allocate a block for the size: 4194304, type: RATIS, factor: THREE
2019-11-06 22:01:08,634 [pool-59-thread-2] ERROR freon.RandomKeyGenerator (RandomKeyGenerator.java:createKey(735)) - Exception while adding key: key-0-23946 in bucket: bucket-0-42382 of volume: vol-0-82941.
INTERNAL_ERROR org.apache.hadoop.ozone.om.exceptions.OMException: Allocated 0 blocks. Requested 5 blocks
	at org.apache.hadoop.ozone.om.protocolPB.OzoneManagerProtocolClientSideTranslatorPB.handleError(OzoneManagerProtocolClientSideTranslatorPB.java:758)
	at org.apache.hadoop.ozone.om.protocolPB.OzoneManagerProtocolClientSideTranslatorPB.openKey(OzoneManagerProtocolClientSideTranslatorPB.java:749)
	at sun.reflect.NativeMethodAccessorImpl.invoke0(Native Method)
	at sun.reflect.NativeMethodAccessorImpl.invoke(NativeMethodAccessorImpl.java:62)
	at sun.reflect.DelegatingMethodAccessorImpl.invoke(DelegatingMethodAccessorImpl.java:43)
	at java.lang.reflect.Method.invoke(Method.java:498)
	at org.apache.hadoop.hdds.tracing.TraceAllMethod.invoke(TraceAllMethod.java:66)
	at com.sun.proxy.$Proxy37.openKey(Unknown Source)
	at org.apache.hadoop.ozone.client.rpc.RpcClient.createKey(RpcClient.java:633)
	at org.apache.hadoop.ozone.client.OzoneBucket.createKey(OzoneBucket.java:325)
	at org.apache.hadoop.ozone.freon.RandomKeyGenerator.createKey(RandomKeyGenerator.java:697)
	at org.apache.hadoop.ozone.freon.RandomKeyGenerator.access$1100(RandomKeyGenerator.java:88)
	at org.apache.hadoop.ozone.freon.RandomKeyGenerator$ObjectCreator.run(RandomKeyGenerator.java:615)
	at java.util.concurrent.Executors$RunnableAdapter.call(Executors.java:511)
	at java.util.concurrent.FutureTask.run(FutureTask.java:266)
	at java.util.concurrent.ThreadPoolExecutor.runWorker(ThreadPoolExecutor.java:1149)
	at java.util.concurrent.ThreadPoolExecutor$Worker.run(ThreadPoolExecutor.java:624)
	at java.lang.Thread.run(Thread.java:748)
 0.00% |?                                                                                                    |  0/1 Time: 0:00:01 0.00% |?                                                                                                    |  0/1 Time: 0:00:02 0.00% |?                                                                                                    |  0/1 Time: 0:00:03 0.00% |?                                                                                                    |  0/1 Time: 0:00:04 100.00% |?????????????????????????????????????????????????????????????????????????????????????????????????????|  1/1 Time: 0:00:05
2019-11-06 22:01:13,578 [Thread-508] INFO  impl.FollowerState (FollowerState.java:run(111)) - 388ec716-e68c-4af6-83f1-31c84c7cef06@group-F1B92ABE0EE3-FollowerState: change to CANDIDATE, lastRpcTime:5037ms, electionTimeout:5037ms
2019-11-06 22:01:13,579 [Thread-508] INFO  impl.RoleInfo (RoleInfo.java:shutdownFollowerState(121)) - 388ec716-e68c-4af6-83f1-31c84c7cef06: shutdown FollowerState
2019-11-06 22:01:13,579 [Thread-508] INFO  impl.RaftServerImpl (RaftServerImpl.java:setRole(173)) - 388ec716-e68c-4af6-83f1-31c84c7cef06@group-F1B92ABE0EE3: changes role from  FOLLOWER to CANDIDATE at term 0 for changeToCandidate
2019-11-06 22:01:13,579 [Thread-508] INFO  impl.RoleInfo (RoleInfo.java:updateAndGet(143)) - 388ec716-e68c-4af6-83f1-31c84c7cef06: start LeaderElection
2019-11-06 22:01:13,607 [388ec716-e68c-4af6-83f1-31c84c7cef06@group-F1B92ABE0EE3-LeaderElection12] INFO  impl.LeaderElection (LeaderElection.java:askForVotes(178)) - 388ec716-e68c-4af6-83f1-31c84c7cef06@group-F1B92ABE0EE3-LeaderElection12: begin an election at term 1 for -1: [388ec716-e68c-4af6-83f1-31c84c7cef06:192.168.69.67:39108, f43e54ba-3512-4e04-ab9f-9f297ff5c4f5:192.168.69.67:44224, 692acf91-075d-4599-8cc1-9f4b7a7c5a1f:192.168.69.67:46565], old=null
2019-11-06 22:01:13,622 [grpc-default-executor-0] INFO  impl.RaftServerImpl (RaftServerImpl.java:setRole(173)) - f43e54ba-3512-4e04-ab9f-9f297ff5c4f5@group-F1B92ABE0EE3: changes role from  FOLLOWER to FOLLOWER at term 1 for recognizeCandidate:388ec716-e68c-4af6-83f1-31c84c7cef06
2019-11-06 22:01:13,622 [grpc-default-executor-1] INFO  impl.RaftServerImpl (RaftServerImpl.java:setRole(173)) - 692acf91-075d-4599-8cc1-9f4b7a7c5a1f@group-F1B92ABE0EE3: changes role from  FOLLOWER to FOLLOWER at term 1 for recognizeCandidate:388ec716-e68c-4af6-83f1-31c84c7cef06
2019-11-06 22:01:13,622 [grpc-default-executor-0] INFO  impl.RoleInfo (RoleInfo.java:shutdownFollowerState(121)) - f43e54ba-3512-4e04-ab9f-9f297ff5c4f5: shutdown FollowerState
2019-11-06 22:01:13,623 [grpc-default-executor-1] INFO  impl.RoleInfo (RoleInfo.java:shutdownFollowerState(121)) - 692acf91-075d-4599-8cc1-9f4b7a7c5a1f: shutdown FollowerState
2019-11-06 22:01:13,623 [grpc-default-executor-0] INFO  impl.RoleInfo (RoleInfo.java:updateAndGet(143)) - f43e54ba-3512-4e04-ab9f-9f297ff5c4f5: start FollowerState
2019-11-06 22:01:13,623 [grpc-default-executor-1] INFO  impl.RoleInfo (RoleInfo.java:updateAndGet(143)) - 692acf91-075d-4599-8cc1-9f4b7a7c5a1f: start FollowerState
2019-11-06 22:01:13,623 [Thread-509] INFO  impl.FollowerState (FollowerState.java:run(120)) - f43e54ba-3512-4e04-ab9f-9f297ff5c4f5@group-F1B92ABE0EE3-FollowerState was interrupted: java.lang.InterruptedException: sleep interrupted
2019-11-06 22:01:13,623 [Thread-504] INFO  impl.FollowerState (FollowerState.java:run(120)) - 692acf91-075d-4599-8cc1-9f4b7a7c5a1f@group-F1B92ABE0EE3-FollowerState was interrupted: java.lang.InterruptedException: sleep interrupted
2019-11-06 22:01:13,652 [388ec716-e68c-4af6-83f1-31c84c7cef06@group-F1B92ABE0EE3-LeaderElection12] INFO  impl.LeaderElection (LeaderElection.java:logAndReturn(56)) - 388ec716-e68c-4af6-83f1-31c84c7cef06@group-F1B92ABE0EE3-LeaderElection12: Election PASSED; received 1 response(s) [388ec716-e68c-4af6-83f1-31c84c7cef06<-692acf91-075d-4599-8cc1-9f4b7a7c5a1f#0:OK-t1] and 0 exception(s); 388ec716-e68c-4af6-83f1-31c84c7cef06@group-F1B92ABE0EE3:t1, leader=null, voted=388ec716-e68c-4af6-83f1-31c84c7cef06, raftlog=388ec716-e68c-4af6-83f1-31c84c7cef06@group-F1B92ABE0EE3-SegmentedRaftLog:OPENED:c-1,f-1,i0, conf=-1: [388ec716-e68c-4af6-83f1-31c84c7cef06:192.168.69.67:39108, f43e54ba-3512-4e04-ab9f-9f297ff5c4f5:192.168.69.67:44224, 692acf91-075d-4599-8cc1-9f4b7a7c5a1f:192.168.69.67:46565], old=null
2019-11-06 22:01:13,652 [388ec716-e68c-4af6-83f1-31c84c7cef06@group-F1B92ABE0EE3-LeaderElection12] INFO  impl.RoleInfo (RoleInfo.java:shutdownLeaderElection(134)) - 388ec716-e68c-4af6-83f1-31c84c7cef06: shutdown LeaderElection
2019-11-06 22:01:13,653 [388ec716-e68c-4af6-83f1-31c84c7cef06@group-F1B92ABE0EE3-LeaderElection12] INFO  impl.RaftServerImpl (RaftServerImpl.java:setRole(173)) - 388ec716-e68c-4af6-83f1-31c84c7cef06@group-F1B92ABE0EE3: changes role from CANDIDATE to LEADER at term 1 for changeToLeader
2019-11-06 22:01:13,653 [388ec716-e68c-4af6-83f1-31c84c7cef06@group-F1B92ABE0EE3-LeaderElection12] INFO  ratis.XceiverServerRatis (XceiverServerRatis.java:handleLeaderChangedNotification(697)) - Leader change notification received for group: group-F1B92ABE0EE3 with new leaderId: 388ec716-e68c-4af6-83f1-31c84c7cef06
2019-11-06 22:01:13,653 [388ec716-e68c-4af6-83f1-31c84c7cef06@group-F1B92ABE0EE3-LeaderElection12] INFO  impl.RaftServerImpl (ServerState.java:setLeader(255)) - 388ec716-e68c-4af6-83f1-31c84c7cef06@group-F1B92ABE0EE3: change Leader from null to 388ec716-e68c-4af6-83f1-31c84c7cef06 at term 1 for becomeLeader, leader elected after 5124ms
2019-11-06 22:01:13,654 [388ec716-e68c-4af6-83f1-31c84c7cef06@group-F1B92ABE0EE3-LeaderElection12] INFO  server.RaftServerConfigKeys (ConfUtils.java:logGet(43)) - raft.server.staging.catchup.gap = 1000 (default)
2019-11-06 22:01:13,654 [388ec716-e68c-4af6-83f1-31c84c7cef06@group-F1B92ABE0EE3-LeaderElection12] INFO  server.RaftServerConfigKeys (ConfUtils.java:logGet(43)) - raft.server.rpc.sleep.time = 25ms (default)
2019-11-06 22:01:13,655 [388ec716-e68c-4af6-83f1-31c84c7cef06@group-F1B92ABE0EE3-LeaderElection12] INFO  server.RaftServerConfigKeys (ConfUtils.java:logGet(43)) - raft.server.write.element-limit = 4096 (default)
2019-11-06 22:01:13,655 [388ec716-e68c-4af6-83f1-31c84c7cef06@group-F1B92ABE0EE3-LeaderElection12] INFO  server.RaftServerConfigKeys (ConfUtils.java:logGet(43)) - raft.server.watch.timeout = 10s (default)
2019-11-06 22:01:13,655 [388ec716-e68c-4af6-83f1-31c84c7cef06@group-F1B92ABE0EE3-LeaderElection12] INFO  server.RaftServerConfigKeys (ConfUtils.java:logGet(43)) - raft.server.watch.timeout.denomination = 1s (default)
2019-11-06 22:01:13,655 [388ec716-e68c-4af6-83f1-31c84c7cef06@group-F1B92ABE0EE3-LeaderElection12] INFO  server.RaftServerConfigKeys (ConfUtils.java:logGet(43)) - raft.server.watch.element-limit = 65536 (default)
2019-11-06 22:01:13,656 [EventQueue-PipelineReportForPipelineReportHandler] INFO  pipeline.PipelineStateManager (PipelineStateManager.java:openPipeline(134)) - Pipeline Pipeline[ Id: 54717bf7-2d41-4f1f-bd86-f1b92abe0ee3, Nodes: 388ec716-e68c-4af6-83f1-31c84c7cef06{ip: 192.168.69.67, host: pr-hdds-1868-vmdzj-1914290063, networkLocation: /default-rack, certSerialId: null}f43e54ba-3512-4e04-ab9f-9f297ff5c4f5{ip: 192.168.69.67, host: pr-hdds-1868-vmdzj-1914290063, networkLocation: /default-rack, certSerialId: null}692acf91-075d-4599-8cc1-9f4b7a7c5a1f{ip: 192.168.69.67, host: pr-hdds-1868-vmdzj-1914290063, networkLocation: /default-rack, certSerialId: null}, Type:RATIS, Factor:THREE, State:OPEN] moved to OPEN state
2019-11-06 22:01:13,657 [388ec716-e68c-4af6-83f1-31c84c7cef06@group-F1B92ABE0EE3-LeaderElection12] INFO  server.RaftServerConfigKeys (ConfUtils.java:logGet(43)) - raft.server.log.appender.snapshot.chunk.size.max = 16MB (=16777216) (default)
2019-11-06 22:01:13,658 [388ec716-e68c-4af6-83f1-31c84c7cef06@group-F1B92ABE0EE3-LeaderElection12] INFO  server.RaftServerConfigKeys (ConfUtils.java:logGet(43)) - raft.server.log.appender.buffer.byte-limit = 33554432 (custom)
2019-11-06 22:01:13,658 [388ec716-e68c-4af6-83f1-31c84c7cef06@group-F1B92ABE0EE3-LeaderElection12] INFO  server.RaftServerConfigKeys (ConfUtils.java:logGet(43)) - raft.server.log.appender.buffer.element-limit = 1 (custom)
2019-11-06 22:01:13,658 [388ec716-e68c-4af6-83f1-31c84c7cef06@group-F1B92ABE0EE3-LeaderElection12] INFO  grpc.GrpcConfigKeys$Server (ConfUtils.java:logGet(43)) - raft.grpc.server.leader.outstanding.appends.max = 128 (default)
2019-11-06 22:01:13,659 [388ec716-e68c-4af6-83f1-31c84c7cef06@group-F1B92ABE0EE3-LeaderElection12] INFO  server.RaftServerConfigKeys (ConfUtils.java:logGet(43)) - raft.server.rpc.request.timeout = 3000ms (default)
2019-11-06 22:01:13,660 [388ec716-e68c-4af6-83f1-31c84c7cef06@group-F1B92ABE0EE3-LeaderElection12] INFO  server.RaftServerConfigKeys (ConfUtils.java:logGet(43)) - raft.server.log.appender.install.snapshot.enabled = false (custom)
2019-11-06 22:01:13,660 [388ec716-e68c-4af6-83f1-31c84c7cef06@group-F1B92ABE0EE3-LeaderElection12] WARN  impl.MetricRegistriesImpl (MetricRegistriesImpl.java:lambda$create$1(61)) - First MetricRegistry has been created without registering reporters. You may need to call MetricRegistries.global().addReportRegistration(...) before.
2019-11-06 22:01:13,660 [388ec716-e68c-4af6-83f1-31c84c7cef06@group-F1B92ABE0EE3-LeaderElection12] INFO  server.RaftServerConfigKeys (ConfUtils.java:logGet(43)) - raft.server.log.appender.snapshot.chunk.size.max = 16MB (=16777216) (default)
2019-11-06 22:01:13,661 [388ec716-e68c-4af6-83f1-31c84c7cef06@group-F1B92ABE0EE3-LeaderElection12] INFO  server.RaftServerConfigKeys (ConfUtils.java:logGet(43)) - raft.server.log.appender.buffer.byte-limit = 33554432 (custom)
2019-11-06 22:01:13,661 [388ec716-e68c-4af6-83f1-31c84c7cef06@group-F1B92ABE0EE3-LeaderElection12] INFO  server.RaftServerConfigKeys (ConfUtils.java:logGet(43)) - raft.server.log.appender.buffer.element-limit = 1 (custom)
2019-11-06 22:01:13,661 [388ec716-e68c-4af6-83f1-31c84c7cef06@group-F1B92ABE0EE3-LeaderElection12] INFO  grpc.GrpcConfigKeys$Server (ConfUtils.java:logGet(43)) - raft.grpc.server.leader.outstanding.appends.max = 128 (default)
2019-11-06 22:01:13,661 [388ec716-e68c-4af6-83f1-31c84c7cef06@group-F1B92ABE0EE3-LeaderElection12] INFO  server.RaftServerConfigKeys (ConfUtils.java:logGet(43)) - raft.server.rpc.request.timeout = 3000ms (default)
2019-11-06 22:01:13,661 [388ec716-e68c-4af6-83f1-31c84c7cef06@group-F1B92ABE0EE3-LeaderElection12] INFO  server.RaftServerConfigKeys (ConfUtils.java:logGet(43)) - raft.server.log.appender.install.snapshot.enabled = false (custom)
2019-11-06 22:01:13,662 [388ec716-e68c-4af6-83f1-31c84c7cef06@group-F1B92ABE0EE3-LeaderElection12] INFO  impl.RoleInfo (RoleInfo.java:updateAndGet(143)) - 388ec716-e68c-4af6-83f1-31c84c7cef06: start LeaderState
2019-11-06 22:01:13,663 [388ec716-e68c-4af6-83f1-31c84c7cef06@group-F1B92ABE0EE3-LeaderElection12] INFO  segmented.SegmentedRaftLogWorker (SegmentedRaftLogWorker.java:startLogSegment(385)) - 388ec716-e68c-4af6-83f1-31c84c7cef06@group-F1B92ABE0EE3-SegmentedRaftLogWorker: Starting segment from index:0
2019-11-06 22:01:13,665 [388ec716-e68c-4af6-83f1-31c84c7cef06@group-F1B92ABE0EE3-LeaderElection12] INFO  impl.RaftServerImpl (ServerState.java:setRaftConf(356)) - 388ec716-e68c-4af6-83f1-31c84c7cef06@group-F1B92ABE0EE3: set configuration 0: [388ec716-e68c-4af6-83f1-31c84c7cef06:192.168.69.67:39108, f43e54ba-3512-4e04-ab9f-9f297ff5c4f5:192.168.69.67:44224, 692acf91-075d-4599-8cc1-9f4b7a7c5a1f:192.168.69.67:46565], old=null at 0
2019-11-06 22:01:13,695 [grpc-default-executor-0] INFO  ratis.XceiverServerRatis (XceiverServerRatis.java:handleLeaderChangedNotification(697)) - Leader change notification received for group: group-F1B92ABE0EE3 with new leaderId: 388ec716-e68c-4af6-83f1-31c84c7cef06
2019-11-06 22:01:13,695 [grpc-default-executor-1] INFO  ratis.XceiverServerRatis (XceiverServerRatis.java:handleLeaderChangedNotification(697)) - Leader change notification received for group: group-F1B92ABE0EE3 with new leaderId: 388ec716-e68c-4af6-83f1-31c84c7cef06
2019-11-06 22:01:13,696 [grpc-default-executor-0] INFO  impl.RaftServerImpl (ServerState.java:setLeader(255)) - f43e54ba-3512-4e04-ab9f-9f297ff5c4f5@group-F1B92ABE0EE3: change Leader from null to 388ec716-e68c-4af6-83f1-31c84c7cef06 at term 1 for appendEntries, leader elected after 5166ms
2019-11-06 22:01:13,696 [grpc-default-executor-1] INFO  impl.RaftServerImpl (ServerState.java:setLeader(255)) - 692acf91-075d-4599-8cc1-9f4b7a7c5a1f@group-F1B92ABE0EE3: change Leader from null to 388ec716-e68c-4af6-83f1-31c84c7cef06 at term 1 for appendEntries, leader elected after 5165ms
2019-11-06 22:01:13,702 [grpc-default-executor-0] INFO  impl.RaftServerImpl (ServerState.java:setRaftConf(356)) - 692acf91-075d-4599-8cc1-9f4b7a7c5a1f@group-F1B92ABE0EE3: set configuration 0: [388ec716-e68c-4af6-83f1-31c84c7cef06:192.168.69.67:39108, f43e54ba-3512-4e04-ab9f-9f297ff5c4f5:192.168.69.67:44224, 692acf91-075d-4599-8cc1-9f4b7a7c5a1f:192.168.69.67:46565], old=null at 0
2019-11-06 22:01:13,702 [grpc-default-executor-1] INFO  impl.RaftServerImpl (ServerState.java:setRaftConf(356)) - f43e54ba-3512-4e04-ab9f-9f297ff5c4f5@group-F1B92ABE0EE3: set configuration 0: [388ec716-e68c-4af6-83f1-31c84c7cef06:192.168.69.67:39108, f43e54ba-3512-4e04-ab9f-9f297ff5c4f5:192.168.69.67:44224, 692acf91-075d-4599-8cc1-9f4b7a7c5a1f:192.168.69.67:46565], old=null at 0
2019-11-06 22:01:13,702 [grpc-default-executor-0] INFO  segmented.SegmentedRaftLogWorker (SegmentedRaftLogWorker.java:startLogSegment(385)) - 692acf91-075d-4599-8cc1-9f4b7a7c5a1f@group-F1B92ABE0EE3-SegmentedRaftLogWorker: Starting segment from index:0
2019-11-06 22:01:13,702 [grpc-default-executor-1] INFO  segmented.SegmentedRaftLogWorker (SegmentedRaftLogWorker.java:startLogSegment(385)) - f43e54ba-3512-4e04-ab9f-9f297ff5c4f5@group-F1B92ABE0EE3-SegmentedRaftLogWorker: Starting segment from index:0
2019-11-06 22:01:13,716 [388ec716-e68c-4af6-83f1-31c84c7cef06@group-F1B92ABE0EE3-SegmentedRaftLogWorker] INFO  segmented.SegmentedRaftLogWorker (SegmentedRaftLogWorker.java:execute(576)) - 388ec716-e68c-4af6-83f1-31c84c7cef06@group-F1B92ABE0EE3-SegmentedRaftLogWorker: created new log segment /workdir/hadoop-ozone/tools/target/test-dir/MiniOzoneClusterImpl-e43eae99-bc27-4f1a-9c22-6446528dd8bd/datanode-1/data/ratis/54717bf7-2d41-4f1f-bd86-f1b92abe0ee3/current/log_inprogress_0
2019-11-06 22:01:13,753 [f43e54ba-3512-4e04-ab9f-9f297ff5c4f5@group-F1B92ABE0EE3-SegmentedRaftLogWorker] INFO  segmented.SegmentedRaftLogWorker (SegmentedRaftLogWorker.java:execute(576)) - f43e54ba-3512-4e04-ab9f-9f297ff5c4f5@group-F1B92ABE0EE3-SegmentedRaftLogWorker: created new log segment /workdir/hadoop-ozone/tools/target/test-dir/MiniOzoneClusterImpl-e43eae99-bc27-4f1a-9c22-6446528dd8bd/datanode-0/data/ratis/54717bf7-2d41-4f1f-bd86-f1b92abe0ee3/current/log_inprogress_0
2019-11-06 22:01:13,753 [692acf91-075d-4599-8cc1-9f4b7a7c5a1f@group-F1B92ABE0EE3-SegmentedRaftLogWorker] INFO  segmented.SegmentedRaftLogWorker (SegmentedRaftLogWorker.java:execute(576)) - 692acf91-075d-4599-8cc1-9f4b7a7c5a1f@group-F1B92ABE0EE3-SegmentedRaftLogWorker: created new log segment /workdir/hadoop-ozone/tools/target/test-dir/MiniOzoneClusterImpl-e43eae99-bc27-4f1a-9c22-6446528dd8bd/datanode-2/data/ratis/54717bf7-2d41-4f1f-bd86-f1b92abe0ee3/current/log_inprogress_0
]]></system-out>
    <system-err><![CDATA[ERROR StatusLogger No Log4j 2 configuration file found. Using default configuration (logging only errors to the console), or user programmatically provided configurations. Set system property 'log4j2.debug' to show Log4j 2 internal initialization logging. See https://logging.apache.org/log4j/2.x/manual/configuration.html for instructions on how to configure Log4j 2
]]></system-err>
  </testcase>
</testsuite>