<?xml version="1.0" encoding="UTF-8"?>
<testsuite xmlns:xsi="http://www.w3.org/2001/XMLSchema-instance" xsi:noNamespaceSchemaLocation="https://maven.apache.org/surefire/maven-surefire-plugin/xsd/surefire-test-report.xsd" name="org.apache.hadoop.ozone.TestSecureOzoneCluster" time="114.755" tests="10" errors="2" skipped="0" failures="1">
  <properties>
    <property name="awt.toolkit" value="sun.awt.X11.XToolkit"/>
    <property name="file.encoding.pkg" value="sun.io"/>
    <property name="java.specification.version" value="1.8"/>
    <property name="sun.cpu.isalist" value=""/>
    <property name="sun.jnu.encoding" value="ANSI_X3.4-1968"/>
    <property name="java.class.path" value="/workdir/hadoop-ozone/integration-test/target/test-classes:/workdir/hadoop-ozone/integration-test/target/classes:/home/user/.m2/repository/org/apache/hadoop/hadoop-ozone-common/0.5.0-SNAPSHOT/hadoop-ozone-common-0.5.0-SNAPSHOT.jar:/home/user/.m2/repository/org/apache/commons/commons-compress/1.4.1/commons-compress-1.4.1.jar:/home/user/.m2/repository/org/tukaani/xz/1.0/xz-1.0.jar:/home/user/.m2/repository/org/apache/hadoop/hadoop-common/3.2.0/hadoop-common-3.2.0.jar:/home/user/.m2/repository/org/apache/hadoop/hadoop-hdfs/3.2.0/hadoop-hdfs-3.2.0.jar:/home/user/.m2/repository/org/apache/hadoop/hadoop-hdfs-client/3.2.0/hadoop-hdfs-client-3.2.0.jar:/home/user/.m2/repository/com/fasterxml/jackson/core/jackson-annotations/2.9.9/jackson-annotations-2.9.9.jar:/home/user/.m2/repository/org/apache/hadoop/hadoop-hdds-common/0.5.0-SNAPSHOT/hadoop-hdds-common-0.5.0-SNAPSHOT.jar:/home/user/.m2/repository/javax/annotation/javax.annotation-api/1.2/javax.annotation-api-1.2.jar:/home/user/.m2/repository/org/apache/ratis/ratis-server/0.5.0-d6d58d0-SNAPSHOT/ratis-server-0.5.0-d6d58d0-SNAPSHOT.jar:/home/user/.m2/repository/org/apache/ratis/ratis-thirdparty-misc/0.2.0/ratis-thirdparty-misc-0.2.0.jar:/home/user/.m2/repository/org/apache/ratis/ratis-proto/0.5.0-d6d58d0-SNAPSHOT/ratis-proto-0.5.0-d6d58d0-SNAPSHOT.jar:/home/user/.m2/repository/org/apache/ratis/ratis-common/0.5.0-d6d58d0-SNAPSHOT/ratis-common-0.5.0-d6d58d0-SNAPSHOT.jar:/home/user/.m2/repository/org/apache/ratis/ratis-client/0.5.0-d6d58d0-SNAPSHOT/ratis-client-0.5.0-d6d58d0-SNAPSHOT.jar:/home/user/.m2/repository/org/apache/ratis/ratis-metrics/0.5.0-d6d58d0-SNAPSHOT/ratis-metrics-0.5.0-d6d58d0-SNAPSHOT.jar:/home/user/.m2/repository/org/apache/ratis/ratis-netty/0.5.0-d6d58d0-SNAPSHOT/ratis-netty-0.5.0-d6d58d0-SNAPSHOT.jar:/home/user/.m2/repository/org/apache/ratis/ratis-grpc/0.5.0-d6d58d0-SNAPSHOT/ratis-grpc-0.5.0-d6d58d0-SNAPSHOT.jar:/home/user/.m2/repository/org/rocksdb/rocksdbjni/6.0.1/rocksdbjni-6.0.1.jar:/home/user/.m2/repository/org/apache/logging/log4j/log4j-api/2.11.0/log4j-api-2.11.0.jar:/home/user/.m2/repository/org/apache/logging/log4j/log4j-core/2.11.0/log4j-core-2.11.0.jar:/home/user/.m2/repository/com/lmax/disruptor/3.4.2/disruptor-3.4.2.jar:/home/user/.m2/repository/org/apache/commons/commons-pool2/2.6.0/commons-pool2-2.6.0.jar:/home/user/.m2/repository/org/bouncycastle/bcpkix-jdk15on/1.60/bcpkix-jdk15on-1.60.jar:/home/user/.m2/repository/commons-validator/commons-validator/1.6/commons-validator-1.6.jar:/home/user/.m2/repository/commons-digester/commons-digester/1.8.1/commons-digester-1.8.1.jar:/home/user/.m2/repository/io/jaegertracing/jaeger-client/0.34.0/jaeger-client-0.34.0.jar:/home/user/.m2/repository/io/jaegertracing/jaeger-thrift/0.34.0/jaeger-thrift-0.34.0.jar:/home/user/.m2/repository/org/apache/thrift/libthrift/0.12.0/libthrift-0.12.0.jar:/home/user/.m2/repository/com/squareup/okhttp3/okhttp/3.9.0/okhttp-3.9.0.jar:/home/user/.m2/repository/com/squareup/okio/okio/1.13.0/okio-1.13.0.jar:/home/user/.m2/repository/io/jaegertracing/jaeger-core/0.34.0/jaeger-core-0.34.0.jar:/home/user/.m2/repository/io/jaegertracing/jaeger-tracerresolver/0.34.0/jaeger-tracerresolver-0.34.0.jar:/home/user/.m2/repository/io/opentracing/contrib/opentracing-tracerresolver/0.1.5/opentracing-tracerresolver-0.1.5.jar:/home/user/.m2/repository/io/opentracing/opentracing-util/0.31.0/opentracing-util-0.31.0.jar:/home/user/.m2/repository/io/opentracing/opentracing-api/0.31.0/opentracing-api-0.31.0.jar:/home/user/.m2/repository/io/opentracing/opentracing-noop/0.31.0/opentracing-noop-0.31.0.jar:/home/user/.m2/repository/org/apache/hadoop/hadoop-hdds-server-framework/0.5.0-SNAPSHOT/hadoop-hdds-server-framework-0.5.0-SNAPSHOT.jar:/home/user/.m2/repository/org/apache/hadoop/hadoop-hdds-container-service/0.5.0-SNAPSHOT/hadoop-hdds-container-service-0.5.0-SNAPSHOT.jar:/home/user/.m2/repository/org/apache/hadoop/hadoop-hdds-client/0.5.0-SNAPSHOT/hadoop-hdds-client-0.5.0-SNAPSHOT.jar:/home/user/.m2/repository/org/apache/hadoop/hadoop-hdds-tools/0.5.0-SNAPSHOT/hadoop-hdds-tools-0.5.0-SNAPSHOT.jar:/home/user/.m2/repository/org/apache/hadoop/hadoop-hdds-server-scm/0.5.0-SNAPSHOT/hadoop-hdds-server-scm-0.5.0-SNAPSHOT.jar:/home/user/.m2/repository/org/apache/hadoop/hadoop-hdds-docs/0.5.0-SNAPSHOT/hadoop-hdds-docs-0.5.0-SNAPSHOT.jar:/home/user/.m2/repository/io/dropwizard/metrics/metrics-core/3.2.4/metrics-core-3.2.4.jar:/home/user/.m2/repository/org/hamcrest/hamcrest-all/1.3/hamcrest-all-1.3.jar:/home/user/.m2/repository/org/bouncycastle/bcprov-jdk15on/1.60/bcprov-jdk15on-1.60.jar:/home/user/.m2/repository/info/picocli/picocli/3.9.6/picocli-3.9.6.jar:/home/user/.m2/repository/com/google/protobuf/protobuf-java/2.5.0/protobuf-java-2.5.0.jar:/home/user/.m2/repository/com/google/guava/guava/11.0.2/guava-11.0.2.jar:/home/user/.m2/repository/org/apache/hadoop/hadoop-ozone-ozone-manager/0.5.0-SNAPSHOT/hadoop-ozone-ozone-manager-0.5.0-SNAPSHOT.jar:/home/user/.m2/repository/org/apache/hadoop/hadoop-minikdc/3.2.0/hadoop-minikdc-3.2.0.jar:/home/user/.m2/repository/commons-io/commons-io/2.5/commons-io-2.5.jar:/home/user/.m2/repository/org/apache/kerby/kerb-simplekdc/1.0.1/kerb-simplekdc-1.0.1.jar:/home/user/.m2/repository/org/apache/kerby/kerb-client/1.0.1/kerb-client-1.0.1.jar:/home/user/.m2/repository/org/apache/kerby/kerby-config/1.0.1/kerby-config-1.0.1.jar:/home/user/.m2/repository/org/apache/kerby/kerb-core/1.0.1/kerb-core-1.0.1.jar:/home/user/.m2/repository/org/apache/kerby/kerby-pkix/1.0.1/kerby-pkix-1.0.1.jar:/home/user/.m2/repository/org/apache/kerby/kerby-asn1/1.0.1/kerby-asn1-1.0.1.jar:/home/user/.m2/repository/org/apache/kerby/kerby-util/1.0.1/kerby-util-1.0.1.jar:/home/user/.m2/repository/org/apache/kerby/kerb-common/1.0.1/kerb-common-1.0.1.jar:/home/user/.m2/repository/org/apache/kerby/kerb-crypto/1.0.1/kerb-crypto-1.0.1.jar:/home/user/.m2/repository/org/apache/kerby/kerb-util/1.0.1/kerb-util-1.0.1.jar:/home/user/.m2/repository/org/apache/kerby/token-provider/1.0.1/token-provider-1.0.1.jar:/home/user/.m2/repository/org/apache/kerby/kerb-admin/1.0.1/kerb-admin-1.0.1.jar:/home/user/.m2/repository/org/apache/kerby/kerb-server/1.0.1/kerb-server-1.0.1.jar:/home/user/.m2/repository/org/apache/kerby/kerb-identity/1.0.1/kerb-identity-1.0.1.jar:/home/user/.m2/repository/org/apache/kerby/kerby-xdr/1.0.1/kerby-xdr-1.0.1.jar:/home/user/.m2/repository/org/slf4j/slf4j-log4j12/1.7.25/slf4j-log4j12-1.7.25.jar:/home/user/.m2/repository/org/apache/hadoop/hadoop-ozone-s3gateway/0.5.0-SNAPSHOT/hadoop-ozone-s3gateway-0.5.0-SNAPSHOT.jar:/home/user/.m2/repository/org/jboss/weld/servlet/weld-servlet/2.4.7.Final/weld-servlet-2.4.7.Final.jar:/home/user/.m2/repository/org/glassfish/jersey/containers/jersey-container-servlet-core/2.27/jersey-container-servlet-core-2.27.jar:/home/user/.m2/repository/org/glassfish/hk2/external/javax.inject/2.5.0-b42/javax.inject-2.5.0-b42.jar:/home/user/.m2/repository/org/glassfish/jersey/core/jersey-common/2.27/jersey-common-2.27.jar:/home/user/.m2/repository/org/glassfish/hk2/osgi-resource-locator/1.0.1/osgi-resource-locator-1.0.1.jar:/home/user/.m2/repository/javax/ws/rs/javax.ws.rs-api/2.1/javax.ws.rs-api-2.1.jar:/home/user/.m2/repository/org/glassfish/jersey/ext/cdi/jersey-cdi1x/2.27/jersey-cdi1x-2.27.jar:/home/user/.m2/repository/org/glassfish/jersey/inject/jersey-hk2/2.27/jersey-hk2-2.27.jar:/home/user/.m2/repository/org/glassfish/hk2/hk2-locator/2.5.0-b42/hk2-locator-2.5.0-b42.jar:/home/user/.m2/repository/org/javassist/javassist/3.22.0-CR2/javassist-3.22.0-CR2.jar:/home/user/.m2/repository/org/glassfish/hk2/hk2-api/2.5.0/hk2-api-2.5.0.jar:/home/user/.m2/repository/org/glassfish/hk2/external/jakarta.inject/2.5.0/jakarta.inject-2.5.0.jar:/home/user/.m2/repository/org/glassfish/hk2/hk2-utils/2.5.0/hk2-utils-2.5.0.jar:/home/user/.m2/repository/jakarta/annotation/jakarta.annotation-api/1.3.4/jakarta.annotation-api-1.3.4.jar:/home/user/.m2/repository/org/glassfish/hk2/external/aopalliance-repackaged/2.5.0/aopalliance-repackaged-2.5.0.jar:/home/user/.m2/repository/com/fasterxml/jackson/dataformat/jackson-dataformat-xml/2.9.0/jackson-dataformat-xml-2.9.0.jar:/home/user/.m2/repository/com/fasterxml/jackson/core/jackson-core/2.9.9/jackson-core-2.9.9.jar:/home/user/.m2/repository/com/fasterxml/jackson/module/jackson-module-jaxb-annotations/2.9.9/jackson-module-jaxb-annotations-2.9.9.jar:/home/user/.m2/repository/javax/enterprise/cdi-api/1.2/cdi-api-1.2.jar:/home/user/.m2/repository/javax/el/javax.el-api/3.0.0/javax.el-api-3.0.0.jar:/home/user/.m2/repository/javax/interceptor/javax.interceptor-api/1.2/javax.interceptor-api-1.2.jar:/home/user/.m2/repository/javax/inject/javax.inject/1/javax.inject-1.jar:/home/user/.m2/repository/com/sun/xml/bind/jaxb-impl/2.3.0.1/jaxb-impl-2.3.0.1.jar:/home/user/.m2/repository/com/sun/xml/bind/jaxb-core/2.3.0.1/jaxb-core-2.3.0.1.jar:/home/user/.m2/repository/javax/xml/bind/jaxb-api/2.3.0/jaxb-api-2.3.0.jar:/home/user/.m2/repository/javax/activation/activation/1.1.1/activation-1.1.1.jar:/home/user/.m2/repository/org/apache/hadoop/hadoop-ozone-csi/0.5.0-SNAPSHOT/hadoop-ozone-csi-0.5.0-SNAPSHOT.jar:/home/user/.m2/repository/com/google/protobuf/protobuf-java-util/3.5.1/protobuf-java-util-3.5.1.jar:/home/user/.m2/repository/org/apache/hadoop/hadoop-hdds-config/0.5.0-SNAPSHOT/hadoop-hdds-config-0.5.0-SNAPSHOT.jar:/home/user/.m2/repository/io/grpc/grpc-netty/1.17.1/grpc-netty-1.17.1.jar:/home/user/.m2/repository/io/grpc/grpc-core/1.17.1/grpc-core-1.17.1.jar:/home/user/.m2/repository/io/grpc/grpc-context/1.17.1/grpc-context-1.17.1.jar:/home/user/.m2/repository/com/google/errorprone/error_prone_annotations/2.2.0/error_prone_annotations-2.2.0.jar:/home/user/.m2/repository/org/codehaus/mojo/animal-sniffer-annotations/1.17/animal-sniffer-annotations-1.17.jar:/home/user/.m2/repository/io/opencensus/opencensus-api/0.17.0/opencensus-api-0.17.0.jar:/home/user/.m2/repository/io/opencensus/opencensus-contrib-grpc-metrics/0.17.0/opencensus-contrib-grpc-metrics-0.17.0.jar:/home/user/.m2/repository/io/netty/netty-codec-http2/4.1.30.Final/netty-codec-http2-4.1.30.Final.jar:/home/user/.m2/repository/io/netty/netty-codec-http/4.1.30.Final/netty-codec-http-4.1.30.Final.jar:/home/user/.m2/repository/io/netty/netty-codec/4.1.30.Final/netty-codec-4.1.30.Final.jar:/home/user/.m2/repository/io/netty/netty-handler/4.1.30.Final/netty-handler-4.1.30.Final.jar:/home/user/.m2/repository/io/netty/netty-handler-proxy/4.1.30.Final/netty-handler-proxy-4.1.30.Final.jar:/home/user/.m2/repository/io/netty/netty-codec-socks/4.1.30.Final/netty-codec-socks-4.1.30.Final.jar:/home/user/.m2/repository/io/netty/netty-transport-native-epoll/4.1.30.Final/netty-transport-native-epoll-4.1.30.Final.jar:/home/user/.m2/repository/io/netty/netty-common/4.1.30.Final/netty-common-4.1.30.Final.jar:/home/user/.m2/repository/io/netty/netty-buffer/4.1.30.Final/netty-buffer-4.1.30.Final.jar:/home/user/.m2/repository/io/netty/netty-transport/4.1.30.Final/netty-transport-4.1.30.Final.jar:/home/user/.m2/repository/io/netty/netty-resolver/4.1.30.Final/netty-resolver-4.1.30.Final.jar:/home/user/.m2/repository/io/netty/netty-transport-native-unix-common/4.1.30.Final/netty-transport-native-unix-common-4.1.30.Final.jar:/home/user/.m2/repository/io/grpc/grpc-protobuf/1.17.1/grpc-protobuf-1.17.1.jar:/home/user/.m2/repository/com/google/api/grpc/proto-google-common-protos/1.0.0/proto-google-common-protos-1.0.0.jar:/home/user/.m2/repository/io/grpc/grpc-protobuf-lite/1.17.1/grpc-protobuf-lite-1.17.1.jar:/home/user/.m2/repository/io/grpc/grpc-stub/1.17.1/grpc-stub-1.17.1.jar:/home/user/.m2/repository/org/apache/hadoop/hadoop-ozone-recon/0.5.0-SNAPSHOT/hadoop-ozone-recon-0.5.0-SNAPSHOT.jar:/home/user/.m2/repository/org/apache/hadoop/hadoop-ozone-reconcodegen/0.5.0-SNAPSHOT/hadoop-ozone-reconcodegen-0.5.0-SNAPSHOT.jar:/home/user/.m2/repository/com/google/inject/extensions/guice-multibindings/4.0/guice-multibindings-4.0.jar:/home/user/.m2/repository/com/google/inject/guice/4.0/guice-4.0.jar:/home/user/.m2/repository/aopalliance/aopalliance/1.0/aopalliance-1.0.jar:/home/user/.m2/repository/com/google/inject/extensions/guice-servlet/4.0/guice-servlet-4.0.jar:/home/user/.m2/repository/org/glassfish/jersey/containers/jersey-container-servlet/2.27/jersey-container-servlet-2.27.jar:/home/user/.m2/repository/org/glassfish/hk2/guice-bridge/2.5.0/guice-bridge-2.5.0.jar:/home/user/.m2/repository/org/glassfish/jersey/core/jersey-server/2.27/jersey-server-2.27.jar:/home/user/.m2/repository/org/glassfish/jersey/core/jersey-client/2.27/jersey-client-2.27.jar:/home/user/.m2/repository/org/glassfish/jersey/media/jersey-media-jaxb/2.27/jersey-media-jaxb-2.27.jar:/home/user/.m2/repository/javax/validation/validation-api/1.1.0.Final/validation-api-1.1.0.Final.jar:/home/user/.m2/repository/org/glassfish/jersey/media/jersey-media-json-jackson/2.27/jersey-media-json-jackson-2.27.jar:/home/user/.m2/repository/org/glassfish/jersey/ext/jersey-entity-filtering/2.27/jersey-entity-filtering-2.27.jar:/home/user/.m2/repository/com/google/inject/extensions/guice-assistedinject/4.0/guice-assistedinject-4.0.jar:/home/user/.m2/repository/org/jooq/jooq/3.11.10/jooq-3.11.10.jar:/home/user/.m2/repository/org/jooq/jooq-meta/3.11.10/jooq-meta-3.11.10.jar:/home/user/.m2/repository/org/jooq/jooq-codegen/3.11.10/jooq-codegen-3.11.10.jar:/home/user/.m2/repository/com/jolbox/bonecp/0.8.0.RELEASE/bonecp-0.8.0.RELEASE.jar:/home/user/.m2/repository/org/xerial/sqlite-jdbc/3.25.2/sqlite-jdbc-3.25.2.jar:/home/user/.m2/repository/org/springframework/spring-jdbc/5.1.3.RELEASE/spring-jdbc-5.1.3.RELEASE.jar:/home/user/.m2/repository/org/springframework/spring-beans/5.1.3.RELEASE/spring-beans-5.1.3.RELEASE.jar:/home/user/.m2/repository/org/springframework/spring-core/5.1.3.RELEASE/spring-core-5.1.3.RELEASE.jar:/home/user/.m2/repository/org/springframework/spring-jcl/5.1.3.RELEASE/spring-jcl-5.1.3.RELEASE.jar:/home/user/.m2/repository/org/springframework/spring-tx/5.1.3.RELEASE/spring-tx-5.1.3.RELEASE.jar:/home/user/.m2/repository/org/apache/hadoop/hadoop-ozone-client/0.5.0-SNAPSHOT/hadoop-ozone-client-0.5.0-SNAPSHOT.jar:/home/user/.m2/repository/commons-lang/commons-lang/2.6/commons-lang-2.6.jar:/home/user/.m2/repository/org/apache/hadoop/hadoop-ozone-ozone-manager/0.5.0-SNAPSHOT/hadoop-ozone-ozone-manager-0.5.0-SNAPSHOT-tests.jar:/home/user/.m2/repository/junit/junit/4.11/junit-4.11.jar:/home/user/.m2/repository/org/hamcrest/hamcrest-core/1.3/hamcrest-core-1.3.jar:/home/user/.m2/repository/org/openjdk/jmh/jmh-core/1.19/jmh-core-1.19.jar:/home/user/.m2/repository/net/sf/jopt-simple/jopt-simple/4.6/jopt-simple-4.6.jar:/home/user/.m2/repository/org/apache/commons/commons-math3/3.1.1/commons-math3-3.1.1.jar:/home/user/.m2/repository/org/openjdk/jmh/jmh-generator-annprocess/1.19/jmh-generator-annprocess-1.19.jar:/home/user/.m2/repository/org/mockito/mockito-all/1.8.5/mockito-all-1.8.5.jar:/home/user/.m2/repository/org/apache/hadoop/hadoop-kms/3.2.0/hadoop-kms-3.2.0.jar:/home/user/.m2/repository/org/apache/hadoop/hadoop-auth/3.2.0/hadoop-auth-3.2.0.jar:/home/user/.m2/repository/com/nimbusds/nimbus-jose-jwt/4.41.1/nimbus-jose-jwt-4.41.1.jar:/home/user/.m2/repository/com/github/stephenc/jcip/jcip-annotations/1.0-1/jcip-annotations-1.0-1.jar:/home/user/.m2/repository/net/minidev/json-smart/2.3/json-smart-2.3.jar:/home/user/.m2/repository/net/minidev/accessors-smart/1.2/accessors-smart-1.2.jar:/home/user/.m2/repository/org/ow2/asm/asm/5.0.4/asm-5.0.4.jar:/home/user/.m2/repository/org/apache/curator/curator-framework/2.12.0/curator-framework-2.12.0.jar:/home/user/.m2/repository/com/sun/jersey/jersey-core/1.19/jersey-core-1.19.jar:/home/user/.m2/repository/javax/ws/rs/jsr311-api/1.1.1/jsr311-api-1.1.1.jar:/home/user/.m2/repository/com/sun/jersey/jersey-server/1.19/jersey-server-1.19.jar:/home/user/.m2/repository/javax/servlet/javax.servlet-api/3.1.0/javax.servlet-api-3.1.0.jar:/home/user/.m2/repository/org/eclipse/jetty/jetty-server/9.3.25.v20180904/jetty-server-9.3.25.v20180904.jar:/home/user/.m2/repository/org/eclipse/jetty/jetty-http/9.3.25.v20180904/jetty-http-9.3.25.v20180904.jar:/home/user/.m2/repository/org/eclipse/jetty/jetty-io/9.3.25.v20180904/jetty-io-9.3.25.v20180904.jar:/home/user/.m2/repository/org/eclipse/jetty/jetty-webapp/9.3.25.v20180904/jetty-webapp-9.3.25.v20180904.jar:/home/user/.m2/repository/org/eclipse/jetty/jetty-xml/9.3.25.v20180904/jetty-xml-9.3.25.v20180904.jar:/home/user/.m2/repository/log4j/log4j/1.2.17/log4j-1.2.17.jar:/home/user/.m2/repository/org/slf4j/slf4j-api/1.7.25/slf4j-api-1.7.25.jar:/home/user/.m2/repository/org/slf4j/jul-to-slf4j/1.7.25/jul-to-slf4j-1.7.25.jar:/home/user/.m2/repository/org/eclipse/jetty/jetty-util/9.3.25.v20180904/jetty-util-9.3.25.v20180904.jar:/home/user/.m2/repository/com/fasterxml/jackson/core/jackson-databind/2.9.9/jackson-databind-2.9.9.jar:/home/user/.m2/repository/org/apache/hadoop/hadoop-kms/3.2.0/hadoop-kms-3.2.0-tests.jar:/home/user/.m2/repository/org/apache/hadoop/hadoop-hdds-server-scm/0.5.0-SNAPSHOT/hadoop-hdds-server-scm-0.5.0-SNAPSHOT-tests.jar:/home/user/.m2/repository/org/apache/hadoop/hadoop-hdds-container-service/0.5.0-SNAPSHOT/hadoop-hdds-container-service-0.5.0-SNAPSHOT-tests.jar:/home/user/.m2/repository/org/yaml/snakeyaml/1.16/snakeyaml-1.16.jar:/home/user/.m2/repository/org/apache/hadoop/hadoop-common/3.2.0/hadoop-common-3.2.0-tests.jar:/home/user/.m2/repository/org/apache/hadoop/hadoop-annotations/3.2.0/hadoop-annotations-3.2.0.jar:/usr/lib/jvm/java-1.8.0-openjdk-1.8.0.222.b10-1.el7_7.x86_64/jre/../lib/tools.jar:/home/user/.m2/repository/commons-cli/commons-cli/1.2/commons-cli-1.2.jar:/home/user/.m2/repository/org/apache/httpcomponents/httpclient/4.5.2/httpclient-4.5.2.jar:/home/user/.m2/repository/org/apache/httpcomponents/httpcore/4.4.4/httpcore-4.4.4.jar:/home/user/.m2/repository/commons-codec/commons-codec/1.11/commons-codec-1.11.jar:/home/user/.m2/repository/commons-net/commons-net/3.6/commons-net-3.6.jar:/home/user/.m2/repository/commons-collections/commons-collections/3.2.2/commons-collections-3.2.2.jar:/home/user/.m2/repository/org/eclipse/jetty/jetty-servlet/9.3.25.v20180904/jetty-servlet-9.3.25.v20180904.jar:/home/user/.m2/repository/org/eclipse/jetty/jetty-security/9.3.25.v20180904/jetty-security-9.3.25.v20180904.jar:/home/user/.m2/repository/javax/servlet/jsp/jsp-api/2.1/jsp-api-2.1.jar:/home/user/.m2/repository/com/sun/jersey/jersey-servlet/1.19/jersey-servlet-1.19.jar:/home/user/.m2/repository/com/sun/jersey/jersey-json/1.19/jersey-json-1.19.jar:/home/user/.m2/repository/org/codehaus/jettison/jettison/1.1/jettison-1.1.jar:/home/user/.m2/repository/org/codehaus/jackson/jackson-core-asl/1.9.13/jackson-core-asl-1.9.13.jar:/home/user/.m2/repository/org/codehaus/jackson/jackson-mapper-asl/1.9.13/jackson-mapper-asl-1.9.13.jar:/home/user/.m2/repository/org/codehaus/jackson/jackson-jaxrs/1.9.13/jackson-jaxrs-1.9.13.jar:/home/user/.m2/repository/org/codehaus/jackson/jackson-xc/1.9.13/jackson-xc-1.9.13.jar:/home/user/.m2/repository/commons-logging/commons-logging/1.1.3/commons-logging-1.1.3.jar:/home/user/.m2/repository/commons-beanutils/commons-beanutils/1.9.4/commons-beanutils-1.9.4.jar:/home/user/.m2/repository/org/apache/commons/commons-configuration2/2.1.1/commons-configuration2-2.1.1.jar:/home/user/.m2/repository/org/apache/commons/commons-lang3/3.7/commons-lang3-3.7.jar:/home/user/.m2/repository/org/apache/commons/commons-text/1.4/commons-text-1.4.jar:/home/user/.m2/repository/org/apache/avro/avro/1.7.7/avro-1.7.7.jar:/home/user/.m2/repository/com/thoughtworks/paranamer/paranamer/2.3/paranamer-2.3.jar:/home/user/.m2/repository/org/xerial/snappy/snappy-java/1.0.5/snappy-java-1.0.5.jar:/home/user/.m2/repository/com/google/re2j/re2j/1.1/re2j-1.1.jar:/home/user/.m2/repository/com/google/code/gson/gson/2.2.4/gson-2.2.4.jar:/home/user/.m2/repository/com/jcraft/jsch/0.1.54/jsch-0.1.54.jar:/home/user/.m2/repository/org/apache/curator/curator-client/2.12.0/curator-client-2.12.0.jar:/home/user/.m2/repository/org/apache/curator/curator-recipes/2.12.0/curator-recipes-2.12.0.jar:/home/user/.m2/repository/com/google/code/findbugs/jsr305/3.0.0/jsr305-3.0.0.jar:/home/user/.m2/repository/org/apache/htrace/htrace-core4/4.1.0-incubating/htrace-core4-4.1.0-incubating.jar:/home/user/.m2/repository/org/apache/zookeeper/zookeeper/3.4.13/zookeeper-3.4.13.jar:/home/user/.m2/repository/jline/jline/0.9.94/jline-0.9.94.jar:/home/user/.m2/repository/org/apache/yetus/audience-annotations/0.5.0/audience-annotations-0.5.0.jar:/home/user/.m2/repository/org/codehaus/woodstox/stax2-api/3.1.4/stax2-api-3.1.4.jar:/home/user/.m2/repository/com/fasterxml/woodstox/woodstox-core/5.0.3/woodstox-core-5.0.3.jar:/home/user/.m2/repository/dnsjava/dnsjava/2.1.7/dnsjava-2.1.7.jar:/home/user/.m2/repository/org/apache/hadoop/hadoop-hdfs/3.2.0/hadoop-hdfs-3.2.0-tests.jar:/home/user/.m2/repository/org/eclipse/jetty/jetty-util-ajax/9.3.25.v20180904/jetty-util-ajax-9.3.25.v20180904.jar:/home/user/.m2/repository/commons-daemon/commons-daemon/1.0.13/commons-daemon-1.0.13.jar:/home/user/.m2/repository/io/netty/netty/3.10.5.Final/netty-3.10.5.Final.jar:/home/user/.m2/repository/io/netty/netty-all/4.0.52.Final/netty-all-4.0.52.Final.jar:/home/user/.m2/repository/org/fusesource/leveldbjni/leveldbjni-all/1.8/leveldbjni-all-1.8.jar:"/>
    <property name="java.vm.vendor" value="Oracle Corporation"/>
    <property name="sun.arch.data.model" value="64"/>
    <property name="test.build.dir" value="/workdir/hadoop-ozone/integration-test/target/test-dir"/>
    <property name="test.cache.data" value=""/>
    <property name="java.vendor.url" value="http://java.oracle.com/"/>
    <property name="user.timezone" value=""/>
    <property name="java.vm.specification.version" value="1.8"/>
    <property name="os.name" value="Linux"/>
    <property name="test.build.data" value="/workdir/hadoop-ozone/integration-test/target/test-dir"/>
    <property name="user.country" value="US"/>
    <property name="sun.java.launcher" value="SUN_STANDARD"/>
    <property name="sun.boot.library.path" value="/usr/lib/jvm/java-1.8.0-openjdk-1.8.0.222.b10-1.el7_7.x86_64/jre/lib/amd64"/>
    <property name="sun.java.command" value="/workdir/hadoop-ozone/integration-test/target/surefire/surefirebooter3463070708926317989.jar /workdir/hadoop-ozone/integration-test/target/surefire 2019-11-06T16-27-19_601-jvmRun1 surefire8171557298729574097tmp surefire_256209038675799084370tmp"/>
    <property name="surefire.test.class.path" value="/workdir/hadoop-ozone/integration-test/target/test-classes:/workdir/hadoop-ozone/integration-test/target/classes:/home/user/.m2/repository/org/apache/hadoop/hadoop-ozone-common/0.5.0-SNAPSHOT/hadoop-ozone-common-0.5.0-SNAPSHOT.jar:/home/user/.m2/repository/org/apache/commons/commons-compress/1.4.1/commons-compress-1.4.1.jar:/home/user/.m2/repository/org/tukaani/xz/1.0/xz-1.0.jar:/home/user/.m2/repository/org/apache/hadoop/hadoop-common/3.2.0/hadoop-common-3.2.0.jar:/home/user/.m2/repository/org/apache/hadoop/hadoop-hdfs/3.2.0/hadoop-hdfs-3.2.0.jar:/home/user/.m2/repository/org/apache/hadoop/hadoop-hdfs-client/3.2.0/hadoop-hdfs-client-3.2.0.jar:/home/user/.m2/repository/com/fasterxml/jackson/core/jackson-annotations/2.9.9/jackson-annotations-2.9.9.jar:/home/user/.m2/repository/org/apache/hadoop/hadoop-hdds-common/0.5.0-SNAPSHOT/hadoop-hdds-common-0.5.0-SNAPSHOT.jar:/home/user/.m2/repository/javax/annotation/javax.annotation-api/1.2/javax.annotation-api-1.2.jar:/home/user/.m2/repository/org/apache/ratis/ratis-server/0.5.0-d6d58d0-SNAPSHOT/ratis-server-0.5.0-d6d58d0-SNAPSHOT.jar:/home/user/.m2/repository/org/apache/ratis/ratis-thirdparty-misc/0.2.0/ratis-thirdparty-misc-0.2.0.jar:/home/user/.m2/repository/org/apache/ratis/ratis-proto/0.5.0-d6d58d0-SNAPSHOT/ratis-proto-0.5.0-d6d58d0-SNAPSHOT.jar:/home/user/.m2/repository/org/apache/ratis/ratis-common/0.5.0-d6d58d0-SNAPSHOT/ratis-common-0.5.0-d6d58d0-SNAPSHOT.jar:/home/user/.m2/repository/org/apache/ratis/ratis-client/0.5.0-d6d58d0-SNAPSHOT/ratis-client-0.5.0-d6d58d0-SNAPSHOT.jar:/home/user/.m2/repository/org/apache/ratis/ratis-metrics/0.5.0-d6d58d0-SNAPSHOT/ratis-metrics-0.5.0-d6d58d0-SNAPSHOT.jar:/home/user/.m2/repository/org/apache/ratis/ratis-netty/0.5.0-d6d58d0-SNAPSHOT/ratis-netty-0.5.0-d6d58d0-SNAPSHOT.jar:/home/user/.m2/repository/org/apache/ratis/ratis-grpc/0.5.0-d6d58d0-SNAPSHOT/ratis-grpc-0.5.0-d6d58d0-SNAPSHOT.jar:/home/user/.m2/repository/org/rocksdb/rocksdbjni/6.0.1/rocksdbjni-6.0.1.jar:/home/user/.m2/repository/org/apache/logging/log4j/log4j-api/2.11.0/log4j-api-2.11.0.jar:/home/user/.m2/repository/org/apache/logging/log4j/log4j-core/2.11.0/log4j-core-2.11.0.jar:/home/user/.m2/repository/com/lmax/disruptor/3.4.2/disruptor-3.4.2.jar:/home/user/.m2/repository/org/apache/commons/commons-pool2/2.6.0/commons-pool2-2.6.0.jar:/home/user/.m2/repository/org/bouncycastle/bcpkix-jdk15on/1.60/bcpkix-jdk15on-1.60.jar:/home/user/.m2/repository/commons-validator/commons-validator/1.6/commons-validator-1.6.jar:/home/user/.m2/repository/commons-digester/commons-digester/1.8.1/commons-digester-1.8.1.jar:/home/user/.m2/repository/io/jaegertracing/jaeger-client/0.34.0/jaeger-client-0.34.0.jar:/home/user/.m2/repository/io/jaegertracing/jaeger-thrift/0.34.0/jaeger-thrift-0.34.0.jar:/home/user/.m2/repository/org/apache/thrift/libthrift/0.12.0/libthrift-0.12.0.jar:/home/user/.m2/repository/com/squareup/okhttp3/okhttp/3.9.0/okhttp-3.9.0.jar:/home/user/.m2/repository/com/squareup/okio/okio/1.13.0/okio-1.13.0.jar:/home/user/.m2/repository/io/jaegertracing/jaeger-core/0.34.0/jaeger-core-0.34.0.jar:/home/user/.m2/repository/io/jaegertracing/jaeger-tracerresolver/0.34.0/jaeger-tracerresolver-0.34.0.jar:/home/user/.m2/repository/io/opentracing/contrib/opentracing-tracerresolver/0.1.5/opentracing-tracerresolver-0.1.5.jar:/home/user/.m2/repository/io/opentracing/opentracing-util/0.31.0/opentracing-util-0.31.0.jar:/home/user/.m2/repository/io/opentracing/opentracing-api/0.31.0/opentracing-api-0.31.0.jar:/home/user/.m2/repository/io/opentracing/opentracing-noop/0.31.0/opentracing-noop-0.31.0.jar:/home/user/.m2/repository/org/apache/hadoop/hadoop-hdds-server-framework/0.5.0-SNAPSHOT/hadoop-hdds-server-framework-0.5.0-SNAPSHOT.jar:/home/user/.m2/repository/org/apache/hadoop/hadoop-hdds-container-service/0.5.0-SNAPSHOT/hadoop-hdds-container-service-0.5.0-SNAPSHOT.jar:/home/user/.m2/repository/org/apache/hadoop/hadoop-hdds-client/0.5.0-SNAPSHOT/hadoop-hdds-client-0.5.0-SNAPSHOT.jar:/home/user/.m2/repository/org/apache/hadoop/hadoop-hdds-tools/0.5.0-SNAPSHOT/hadoop-hdds-tools-0.5.0-SNAPSHOT.jar:/home/user/.m2/repository/org/apache/hadoop/hadoop-hdds-server-scm/0.5.0-SNAPSHOT/hadoop-hdds-server-scm-0.5.0-SNAPSHOT.jar:/home/user/.m2/repository/org/apache/hadoop/hadoop-hdds-docs/0.5.0-SNAPSHOT/hadoop-hdds-docs-0.5.0-SNAPSHOT.jar:/home/user/.m2/repository/io/dropwizard/metrics/metrics-core/3.2.4/metrics-core-3.2.4.jar:/home/user/.m2/repository/org/hamcrest/hamcrest-all/1.3/hamcrest-all-1.3.jar:/home/user/.m2/repository/org/bouncycastle/bcprov-jdk15on/1.60/bcprov-jdk15on-1.60.jar:/home/user/.m2/repository/info/picocli/picocli/3.9.6/picocli-3.9.6.jar:/home/user/.m2/repository/com/google/protobuf/protobuf-java/2.5.0/protobuf-java-2.5.0.jar:/home/user/.m2/repository/com/google/guava/guava/11.0.2/guava-11.0.2.jar:/home/user/.m2/repository/org/apache/hadoop/hadoop-ozone-ozone-manager/0.5.0-SNAPSHOT/hadoop-ozone-ozone-manager-0.5.0-SNAPSHOT.jar:/home/user/.m2/repository/org/apache/hadoop/hadoop-minikdc/3.2.0/hadoop-minikdc-3.2.0.jar:/home/user/.m2/repository/commons-io/commons-io/2.5/commons-io-2.5.jar:/home/user/.m2/repository/org/apache/kerby/kerb-simplekdc/1.0.1/kerb-simplekdc-1.0.1.jar:/home/user/.m2/repository/org/apache/kerby/kerb-client/1.0.1/kerb-client-1.0.1.jar:/home/user/.m2/repository/org/apache/kerby/kerby-config/1.0.1/kerby-config-1.0.1.jar:/home/user/.m2/repository/org/apache/kerby/kerb-core/1.0.1/kerb-core-1.0.1.jar:/home/user/.m2/repository/org/apache/kerby/kerby-pkix/1.0.1/kerby-pkix-1.0.1.jar:/home/user/.m2/repository/org/apache/kerby/kerby-asn1/1.0.1/kerby-asn1-1.0.1.jar:/home/user/.m2/repository/org/apache/kerby/kerby-util/1.0.1/kerby-util-1.0.1.jar:/home/user/.m2/repository/org/apache/kerby/kerb-common/1.0.1/kerb-common-1.0.1.jar:/home/user/.m2/repository/org/apache/kerby/kerb-crypto/1.0.1/kerb-crypto-1.0.1.jar:/home/user/.m2/repository/org/apache/kerby/kerb-util/1.0.1/kerb-util-1.0.1.jar:/home/user/.m2/repository/org/apache/kerby/token-provider/1.0.1/token-provider-1.0.1.jar:/home/user/.m2/repository/org/apache/kerby/kerb-admin/1.0.1/kerb-admin-1.0.1.jar:/home/user/.m2/repository/org/apache/kerby/kerb-server/1.0.1/kerb-server-1.0.1.jar:/home/user/.m2/repository/org/apache/kerby/kerb-identity/1.0.1/kerb-identity-1.0.1.jar:/home/user/.m2/repository/org/apache/kerby/kerby-xdr/1.0.1/kerby-xdr-1.0.1.jar:/home/user/.m2/repository/org/slf4j/slf4j-log4j12/1.7.25/slf4j-log4j12-1.7.25.jar:/home/user/.m2/repository/org/apache/hadoop/hadoop-ozone-s3gateway/0.5.0-SNAPSHOT/hadoop-ozone-s3gateway-0.5.0-SNAPSHOT.jar:/home/user/.m2/repository/org/jboss/weld/servlet/weld-servlet/2.4.7.Final/weld-servlet-2.4.7.Final.jar:/home/user/.m2/repository/org/glassfish/jersey/containers/jersey-container-servlet-core/2.27/jersey-container-servlet-core-2.27.jar:/home/user/.m2/repository/org/glassfish/hk2/external/javax.inject/2.5.0-b42/javax.inject-2.5.0-b42.jar:/home/user/.m2/repository/org/glassfish/jersey/core/jersey-common/2.27/jersey-common-2.27.jar:/home/user/.m2/repository/org/glassfish/hk2/osgi-resource-locator/1.0.1/osgi-resource-locator-1.0.1.jar:/home/user/.m2/repository/javax/ws/rs/javax.ws.rs-api/2.1/javax.ws.rs-api-2.1.jar:/home/user/.m2/repository/org/glassfish/jersey/ext/cdi/jersey-cdi1x/2.27/jersey-cdi1x-2.27.jar:/home/user/.m2/repository/org/glassfish/jersey/inject/jersey-hk2/2.27/jersey-hk2-2.27.jar:/home/user/.m2/repository/org/glassfish/hk2/hk2-locator/2.5.0-b42/hk2-locator-2.5.0-b42.jar:/home/user/.m2/repository/org/javassist/javassist/3.22.0-CR2/javassist-3.22.0-CR2.jar:/home/user/.m2/repository/org/glassfish/hk2/hk2-api/2.5.0/hk2-api-2.5.0.jar:/home/user/.m2/repository/org/glassfish/hk2/external/jakarta.inject/2.5.0/jakarta.inject-2.5.0.jar:/home/user/.m2/repository/org/glassfish/hk2/hk2-utils/2.5.0/hk2-utils-2.5.0.jar:/home/user/.m2/repository/jakarta/annotation/jakarta.annotation-api/1.3.4/jakarta.annotation-api-1.3.4.jar:/home/user/.m2/repository/org/glassfish/hk2/external/aopalliance-repackaged/2.5.0/aopalliance-repackaged-2.5.0.jar:/home/user/.m2/repository/com/fasterxml/jackson/dataformat/jackson-dataformat-xml/2.9.0/jackson-dataformat-xml-2.9.0.jar:/home/user/.m2/repository/com/fasterxml/jackson/core/jackson-core/2.9.9/jackson-core-2.9.9.jar:/home/user/.m2/repository/com/fasterxml/jackson/module/jackson-module-jaxb-annotations/2.9.9/jackson-module-jaxb-annotations-2.9.9.jar:/home/user/.m2/repository/javax/enterprise/cdi-api/1.2/cdi-api-1.2.jar:/home/user/.m2/repository/javax/el/javax.el-api/3.0.0/javax.el-api-3.0.0.jar:/home/user/.m2/repository/javax/interceptor/javax.interceptor-api/1.2/javax.interceptor-api-1.2.jar:/home/user/.m2/repository/javax/inject/javax.inject/1/javax.inject-1.jar:/home/user/.m2/repository/com/sun/xml/bind/jaxb-impl/2.3.0.1/jaxb-impl-2.3.0.1.jar:/home/user/.m2/repository/com/sun/xml/bind/jaxb-core/2.3.0.1/jaxb-core-2.3.0.1.jar:/home/user/.m2/repository/javax/xml/bind/jaxb-api/2.3.0/jaxb-api-2.3.0.jar:/home/user/.m2/repository/javax/activation/activation/1.1.1/activation-1.1.1.jar:/home/user/.m2/repository/org/apache/hadoop/hadoop-ozone-csi/0.5.0-SNAPSHOT/hadoop-ozone-csi-0.5.0-SNAPSHOT.jar:/home/user/.m2/repository/com/google/protobuf/protobuf-java-util/3.5.1/protobuf-java-util-3.5.1.jar:/home/user/.m2/repository/org/apache/hadoop/hadoop-hdds-config/0.5.0-SNAPSHOT/hadoop-hdds-config-0.5.0-SNAPSHOT.jar:/home/user/.m2/repository/io/grpc/grpc-netty/1.17.1/grpc-netty-1.17.1.jar:/home/user/.m2/repository/io/grpc/grpc-core/1.17.1/grpc-core-1.17.1.jar:/home/user/.m2/repository/io/grpc/grpc-context/1.17.1/grpc-context-1.17.1.jar:/home/user/.m2/repository/com/google/errorprone/error_prone_annotations/2.2.0/error_prone_annotations-2.2.0.jar:/home/user/.m2/repository/org/codehaus/mojo/animal-sniffer-annotations/1.17/animal-sniffer-annotations-1.17.jar:/home/user/.m2/repository/io/opencensus/opencensus-api/0.17.0/opencensus-api-0.17.0.jar:/home/user/.m2/repository/io/opencensus/opencensus-contrib-grpc-metrics/0.17.0/opencensus-contrib-grpc-metrics-0.17.0.jar:/home/user/.m2/repository/io/netty/netty-codec-http2/4.1.30.Final/netty-codec-http2-4.1.30.Final.jar:/home/user/.m2/repository/io/netty/netty-codec-http/4.1.30.Final/netty-codec-http-4.1.30.Final.jar:/home/user/.m2/repository/io/netty/netty-codec/4.1.30.Final/netty-codec-4.1.30.Final.jar:/home/user/.m2/repository/io/netty/netty-handler/4.1.30.Final/netty-handler-4.1.30.Final.jar:/home/user/.m2/repository/io/netty/netty-handler-proxy/4.1.30.Final/netty-handler-proxy-4.1.30.Final.jar:/home/user/.m2/repository/io/netty/netty-codec-socks/4.1.30.Final/netty-codec-socks-4.1.30.Final.jar:/home/user/.m2/repository/io/netty/netty-transport-native-epoll/4.1.30.Final/netty-transport-native-epoll-4.1.30.Final.jar:/home/user/.m2/repository/io/netty/netty-common/4.1.30.Final/netty-common-4.1.30.Final.jar:/home/user/.m2/repository/io/netty/netty-buffer/4.1.30.Final/netty-buffer-4.1.30.Final.jar:/home/user/.m2/repository/io/netty/netty-transport/4.1.30.Final/netty-transport-4.1.30.Final.jar:/home/user/.m2/repository/io/netty/netty-resolver/4.1.30.Final/netty-resolver-4.1.30.Final.jar:/home/user/.m2/repository/io/netty/netty-transport-native-unix-common/4.1.30.Final/netty-transport-native-unix-common-4.1.30.Final.jar:/home/user/.m2/repository/io/grpc/grpc-protobuf/1.17.1/grpc-protobuf-1.17.1.jar:/home/user/.m2/repository/com/google/api/grpc/proto-google-common-protos/1.0.0/proto-google-common-protos-1.0.0.jar:/home/user/.m2/repository/io/grpc/grpc-protobuf-lite/1.17.1/grpc-protobuf-lite-1.17.1.jar:/home/user/.m2/repository/io/grpc/grpc-stub/1.17.1/grpc-stub-1.17.1.jar:/home/user/.m2/repository/org/apache/hadoop/hadoop-ozone-recon/0.5.0-SNAPSHOT/hadoop-ozone-recon-0.5.0-SNAPSHOT.jar:/home/user/.m2/repository/org/apache/hadoop/hadoop-ozone-reconcodegen/0.5.0-SNAPSHOT/hadoop-ozone-reconcodegen-0.5.0-SNAPSHOT.jar:/home/user/.m2/repository/com/google/inject/extensions/guice-multibindings/4.0/guice-multibindings-4.0.jar:/home/user/.m2/repository/com/google/inject/guice/4.0/guice-4.0.jar:/home/user/.m2/repository/aopalliance/aopalliance/1.0/aopalliance-1.0.jar:/home/user/.m2/repository/com/google/inject/extensions/guice-servlet/4.0/guice-servlet-4.0.jar:/home/user/.m2/repository/org/glassfish/jersey/containers/jersey-container-servlet/2.27/jersey-container-servlet-2.27.jar:/home/user/.m2/repository/org/glassfish/hk2/guice-bridge/2.5.0/guice-bridge-2.5.0.jar:/home/user/.m2/repository/org/glassfish/jersey/core/jersey-server/2.27/jersey-server-2.27.jar:/home/user/.m2/repository/org/glassfish/jersey/core/jersey-client/2.27/jersey-client-2.27.jar:/home/user/.m2/repository/org/glassfish/jersey/media/jersey-media-jaxb/2.27/jersey-media-jaxb-2.27.jar:/home/user/.m2/repository/javax/validation/validation-api/1.1.0.Final/validation-api-1.1.0.Final.jar:/home/user/.m2/repository/org/glassfish/jersey/media/jersey-media-json-jackson/2.27/jersey-media-json-jackson-2.27.jar:/home/user/.m2/repository/org/glassfish/jersey/ext/jersey-entity-filtering/2.27/jersey-entity-filtering-2.27.jar:/home/user/.m2/repository/com/google/inject/extensions/guice-assistedinject/4.0/guice-assistedinject-4.0.jar:/home/user/.m2/repository/org/jooq/jooq/3.11.10/jooq-3.11.10.jar:/home/user/.m2/repository/org/jooq/jooq-meta/3.11.10/jooq-meta-3.11.10.jar:/home/user/.m2/repository/org/jooq/jooq-codegen/3.11.10/jooq-codegen-3.11.10.jar:/home/user/.m2/repository/com/jolbox/bonecp/0.8.0.RELEASE/bonecp-0.8.0.RELEASE.jar:/home/user/.m2/repository/org/xerial/sqlite-jdbc/3.25.2/sqlite-jdbc-3.25.2.jar:/home/user/.m2/repository/org/springframework/spring-jdbc/5.1.3.RELEASE/spring-jdbc-5.1.3.RELEASE.jar:/home/user/.m2/repository/org/springframework/spring-beans/5.1.3.RELEASE/spring-beans-5.1.3.RELEASE.jar:/home/user/.m2/repository/org/springframework/spring-core/5.1.3.RELEASE/spring-core-5.1.3.RELEASE.jar:/home/user/.m2/repository/org/springframework/spring-jcl/5.1.3.RELEASE/spring-jcl-5.1.3.RELEASE.jar:/home/user/.m2/repository/org/springframework/spring-tx/5.1.3.RELEASE/spring-tx-5.1.3.RELEASE.jar:/home/user/.m2/repository/org/apache/hadoop/hadoop-ozone-client/0.5.0-SNAPSHOT/hadoop-ozone-client-0.5.0-SNAPSHOT.jar:/home/user/.m2/repository/commons-lang/commons-lang/2.6/commons-lang-2.6.jar:/home/user/.m2/repository/org/apache/hadoop/hadoop-ozone-ozone-manager/0.5.0-SNAPSHOT/hadoop-ozone-ozone-manager-0.5.0-SNAPSHOT-tests.jar:/home/user/.m2/repository/junit/junit/4.11/junit-4.11.jar:/home/user/.m2/repository/org/hamcrest/hamcrest-core/1.3/hamcrest-core-1.3.jar:/home/user/.m2/repository/org/openjdk/jmh/jmh-core/1.19/jmh-core-1.19.jar:/home/user/.m2/repository/net/sf/jopt-simple/jopt-simple/4.6/jopt-simple-4.6.jar:/home/user/.m2/repository/org/apache/commons/commons-math3/3.1.1/commons-math3-3.1.1.jar:/home/user/.m2/repository/org/openjdk/jmh/jmh-generator-annprocess/1.19/jmh-generator-annprocess-1.19.jar:/home/user/.m2/repository/org/mockito/mockito-all/1.8.5/mockito-all-1.8.5.jar:/home/user/.m2/repository/org/apache/hadoop/hadoop-kms/3.2.0/hadoop-kms-3.2.0.jar:/home/user/.m2/repository/org/apache/hadoop/hadoop-auth/3.2.0/hadoop-auth-3.2.0.jar:/home/user/.m2/repository/com/nimbusds/nimbus-jose-jwt/4.41.1/nimbus-jose-jwt-4.41.1.jar:/home/user/.m2/repository/com/github/stephenc/jcip/jcip-annotations/1.0-1/jcip-annotations-1.0-1.jar:/home/user/.m2/repository/net/minidev/json-smart/2.3/json-smart-2.3.jar:/home/user/.m2/repository/net/minidev/accessors-smart/1.2/accessors-smart-1.2.jar:/home/user/.m2/repository/org/ow2/asm/asm/5.0.4/asm-5.0.4.jar:/home/user/.m2/repository/org/apache/curator/curator-framework/2.12.0/curator-framework-2.12.0.jar:/home/user/.m2/repository/com/sun/jersey/jersey-core/1.19/jersey-core-1.19.jar:/home/user/.m2/repository/javax/ws/rs/jsr311-api/1.1.1/jsr311-api-1.1.1.jar:/home/user/.m2/repository/com/sun/jersey/jersey-server/1.19/jersey-server-1.19.jar:/home/user/.m2/repository/javax/servlet/javax.servlet-api/3.1.0/javax.servlet-api-3.1.0.jar:/home/user/.m2/repository/org/eclipse/jetty/jetty-server/9.3.25.v20180904/jetty-server-9.3.25.v20180904.jar:/home/user/.m2/repository/org/eclipse/jetty/jetty-http/9.3.25.v20180904/jetty-http-9.3.25.v20180904.jar:/home/user/.m2/repository/org/eclipse/jetty/jetty-io/9.3.25.v20180904/jetty-io-9.3.25.v20180904.jar:/home/user/.m2/repository/org/eclipse/jetty/jetty-webapp/9.3.25.v20180904/jetty-webapp-9.3.25.v20180904.jar:/home/user/.m2/repository/org/eclipse/jetty/jetty-xml/9.3.25.v20180904/jetty-xml-9.3.25.v20180904.jar:/home/user/.m2/repository/log4j/log4j/1.2.17/log4j-1.2.17.jar:/home/user/.m2/repository/org/slf4j/slf4j-api/1.7.25/slf4j-api-1.7.25.jar:/home/user/.m2/repository/org/slf4j/jul-to-slf4j/1.7.25/jul-to-slf4j-1.7.25.jar:/home/user/.m2/repository/org/eclipse/jetty/jetty-util/9.3.25.v20180904/jetty-util-9.3.25.v20180904.jar:/home/user/.m2/repository/com/fasterxml/jackson/core/jackson-databind/2.9.9/jackson-databind-2.9.9.jar:/home/user/.m2/repository/org/apache/hadoop/hadoop-kms/3.2.0/hadoop-kms-3.2.0-tests.jar:/home/user/.m2/repository/org/apache/hadoop/hadoop-hdds-server-scm/0.5.0-SNAPSHOT/hadoop-hdds-server-scm-0.5.0-SNAPSHOT-tests.jar:/home/user/.m2/repository/org/apache/hadoop/hadoop-hdds-container-service/0.5.0-SNAPSHOT/hadoop-hdds-container-service-0.5.0-SNAPSHOT-tests.jar:/home/user/.m2/repository/org/yaml/snakeyaml/1.16/snakeyaml-1.16.jar:/home/user/.m2/repository/org/apache/hadoop/hadoop-common/3.2.0/hadoop-common-3.2.0-tests.jar:/home/user/.m2/repository/org/apache/hadoop/hadoop-annotations/3.2.0/hadoop-annotations-3.2.0.jar:/usr/lib/jvm/java-1.8.0-openjdk-1.8.0.222.b10-1.el7_7.x86_64/jre/../lib/tools.jar:/home/user/.m2/repository/commons-cli/commons-cli/1.2/commons-cli-1.2.jar:/home/user/.m2/repository/org/apache/httpcomponents/httpclient/4.5.2/httpclient-4.5.2.jar:/home/user/.m2/repository/org/apache/httpcomponents/httpcore/4.4.4/httpcore-4.4.4.jar:/home/user/.m2/repository/commons-codec/commons-codec/1.11/commons-codec-1.11.jar:/home/user/.m2/repository/commons-net/commons-net/3.6/commons-net-3.6.jar:/home/user/.m2/repository/commons-collections/commons-collections/3.2.2/commons-collections-3.2.2.jar:/home/user/.m2/repository/org/eclipse/jetty/jetty-servlet/9.3.25.v20180904/jetty-servlet-9.3.25.v20180904.jar:/home/user/.m2/repository/org/eclipse/jetty/jetty-security/9.3.25.v20180904/jetty-security-9.3.25.v20180904.jar:/home/user/.m2/repository/javax/servlet/jsp/jsp-api/2.1/jsp-api-2.1.jar:/home/user/.m2/repository/com/sun/jersey/jersey-servlet/1.19/jersey-servlet-1.19.jar:/home/user/.m2/repository/com/sun/jersey/jersey-json/1.19/jersey-json-1.19.jar:/home/user/.m2/repository/org/codehaus/jettison/jettison/1.1/jettison-1.1.jar:/home/user/.m2/repository/org/codehaus/jackson/jackson-core-asl/1.9.13/jackson-core-asl-1.9.13.jar:/home/user/.m2/repository/org/codehaus/jackson/jackson-mapper-asl/1.9.13/jackson-mapper-asl-1.9.13.jar:/home/user/.m2/repository/org/codehaus/jackson/jackson-jaxrs/1.9.13/jackson-jaxrs-1.9.13.jar:/home/user/.m2/repository/org/codehaus/jackson/jackson-xc/1.9.13/jackson-xc-1.9.13.jar:/home/user/.m2/repository/commons-logging/commons-logging/1.1.3/commons-logging-1.1.3.jar:/home/user/.m2/repository/commons-beanutils/commons-beanutils/1.9.4/commons-beanutils-1.9.4.jar:/home/user/.m2/repository/org/apache/commons/commons-configuration2/2.1.1/commons-configuration2-2.1.1.jar:/home/user/.m2/repository/org/apache/commons/commons-lang3/3.7/commons-lang3-3.7.jar:/home/user/.m2/repository/org/apache/commons/commons-text/1.4/commons-text-1.4.jar:/home/user/.m2/repository/org/apache/avro/avro/1.7.7/avro-1.7.7.jar:/home/user/.m2/repository/com/thoughtworks/paranamer/paranamer/2.3/paranamer-2.3.jar:/home/user/.m2/repository/org/xerial/snappy/snappy-java/1.0.5/snappy-java-1.0.5.jar:/home/user/.m2/repository/com/google/re2j/re2j/1.1/re2j-1.1.jar:/home/user/.m2/repository/com/google/code/gson/gson/2.2.4/gson-2.2.4.jar:/home/user/.m2/repository/com/jcraft/jsch/0.1.54/jsch-0.1.54.jar:/home/user/.m2/repository/org/apache/curator/curator-client/2.12.0/curator-client-2.12.0.jar:/home/user/.m2/repository/org/apache/curator/curator-recipes/2.12.0/curator-recipes-2.12.0.jar:/home/user/.m2/repository/com/google/code/findbugs/jsr305/3.0.0/jsr305-3.0.0.jar:/home/user/.m2/repository/org/apache/htrace/htrace-core4/4.1.0-incubating/htrace-core4-4.1.0-incubating.jar:/home/user/.m2/repository/org/apache/zookeeper/zookeeper/3.4.13/zookeeper-3.4.13.jar:/home/user/.m2/repository/jline/jline/0.9.94/jline-0.9.94.jar:/home/user/.m2/repository/org/apache/yetus/audience-annotations/0.5.0/audience-annotations-0.5.0.jar:/home/user/.m2/repository/org/codehaus/woodstox/stax2-api/3.1.4/stax2-api-3.1.4.jar:/home/user/.m2/repository/com/fasterxml/woodstox/woodstox-core/5.0.3/woodstox-core-5.0.3.jar:/home/user/.m2/repository/dnsjava/dnsjava/2.1.7/dnsjava-2.1.7.jar:/home/user/.m2/repository/org/apache/hadoop/hadoop-hdfs/3.2.0/hadoop-hdfs-3.2.0-tests.jar:/home/user/.m2/repository/org/eclipse/jetty/jetty-util-ajax/9.3.25.v20180904/jetty-util-ajax-9.3.25.v20180904.jar:/home/user/.m2/repository/commons-daemon/commons-daemon/1.0.13/commons-daemon-1.0.13.jar:/home/user/.m2/repository/io/netty/netty/3.10.5.Final/netty-3.10.5.Final.jar:/home/user/.m2/repository/io/netty/netty-all/4.0.52.Final/netty-all-4.0.52.Final.jar:/home/user/.m2/repository/org/fusesource/leveldbjni/leveldbjni-all/1.8/leveldbjni-all-1.8.jar:"/>
    <property name="sun.cpu.endian" value="little"/>
    <property name="user.home" value="/home/user"/>
    <property name="user.language" value="en"/>
    <property name="java.specification.vendor" value="Oracle Corporation"/>
    <property name="java.home" value="/usr/lib/jvm/java-1.8.0-openjdk-1.8.0.222.b10-1.el7_7.x86_64/jre"/>
    <property name="surefire.excludesFile" value="/tools/ozone-bad-unit-tests"/>
    <property name="java.security.krb5.conf" value="/workdir/hadoop-ozone/integration-test/target/test-classes/krb5.conf"/>
    <property name="basedir" value="/workdir/hadoop-ozone/integration-test"/>
    <property name="file.separator" value="/"/>
    <property name="line.separator" value="&#10;"/>
    <property name="java.vm.specification.vendor" value="Oracle Corporation"/>
    <property name="java.specification.name" value="Java Platform API Specification"/>
    <property name="java.awt.graphicsenv" value="sun.awt.X11GraphicsEnvironment"/>
    <property name="surefire.real.class.path" value="/workdir/hadoop-ozone/integration-test/target/surefire/surefirebooter3463070708926317989.jar"/>
    <property name="hadoop.log.dir" value="/workdir/hadoop-ozone/integration-test/target/log"/>
    <property name="sun.boot.class.path" value="/usr/lib/jvm/java-1.8.0-openjdk-1.8.0.222.b10-1.el7_7.x86_64/jre/lib/resources.jar:/usr/lib/jvm/java-1.8.0-openjdk-1.8.0.222.b10-1.el7_7.x86_64/jre/lib/rt.jar:/usr/lib/jvm/java-1.8.0-openjdk-1.8.0.222.b10-1.el7_7.x86_64/jre/lib/sunrsasign.jar:/usr/lib/jvm/java-1.8.0-openjdk-1.8.0.222.b10-1.el7_7.x86_64/jre/lib/jsse.jar:/usr/lib/jvm/java-1.8.0-openjdk-1.8.0.222.b10-1.el7_7.x86_64/jre/lib/jce.jar:/usr/lib/jvm/java-1.8.0-openjdk-1.8.0.222.b10-1.el7_7.x86_64/jre/lib/charsets.jar:/usr/lib/jvm/java-1.8.0-openjdk-1.8.0.222.b10-1.el7_7.x86_64/jre/lib/jfr.jar:/usr/lib/jvm/java-1.8.0-openjdk-1.8.0.222.b10-1.el7_7.x86_64/jre/classes"/>
    <property name="sun.management.compiler" value="HotSpot 64-Bit Tiered Compilers"/>
    <property name="java.runtime.version" value="1.8.0_222-b10"/>
    <property name="java.net.preferIPv4Stack" value="true"/>
    <property name="user.name" value="jenkins1000"/>
    <property name="path.separator" value=":"/>
    <property name="java.security.egd" value="file:///dev/urandom"/>
    <property name="os.version" value="3.10.0-957.12.2.el7.x86_64"/>
    <property name="java.endorsed.dirs" value="/usr/lib/jvm/java-1.8.0-openjdk-1.8.0.222.b10-1.el7_7.x86_64/jre/lib/endorsed"/>
    <property name="java.runtime.name" value="OpenJDK Runtime Environment"/>
    <property name="file.encoding" value="ANSI_X3.4-1968"/>
    <property name="java.vm.name" value="OpenJDK 64-Bit Server VM"/>
    <property name="test.build.webapps" value=""/>
    <property name="localRepository" value="/home/user/.m2/repository"/>
    <property name="java.vendor.url.bug" value="http://bugreport.sun.com/bugreport/"/>
    <property name="java.io.tmpdir" value="/tmp"/>
    <property name="require.test.libhadoop" value=""/>
    <property name="java.version" value="1.8.0_222"/>
    <property name="user.dir" value="/workdir/hadoop-ozone/integration-test"/>
    <property name="os.arch" value="amd64"/>
    <property name="java.vm.specification.name" value="Java Virtual Machine Specification"/>
    <property name="test.build.classes" value="/workdir/hadoop-ozone/integration-test/target/test-classes"/>
    <property name="java.awt.printerjob" value="sun.print.PSPrinterJob"/>
    <property name="sun.os.patch.level" value="unknown"/>
    <property name="hadoop.tmp.dir" value="/workdir/hadoop-ozone/integration-test/target/tmp"/>
    <property name="java.library.path" value="/usr/lib:/workdir/hadoop-ozone/integration-test/target/native/target/usr/local/lib:/workdir/hadoop-ozone/integration-test/../../hadoop-common-project/hadoop-common/target/native/target/usr/local/lib:/usr/java/packages/lib/amd64:/usr/lib64:/lib64:/lib:/usr/lib"/>
    <property name="java.vm.info" value="mixed mode"/>
    <property name="java.vendor" value="Oracle Corporation"/>
    <property name="java.vm.version" value="25.222-b10"/>
    <property name="java.ext.dirs" value="/usr/lib/jvm/java-1.8.0-openjdk-1.8.0.222.b10-1.el7_7.x86_64/jre/lib/ext:/usr/java/packages/lib/ext"/>
    <property name="sun.io.unicode.encoding" value="UnicodeLittle"/>
    <property name="java.class.version" value="52.0"/>
  </properties>
  <testcase name="testSCMSecurityProtocol" classname="org.apache.hadoop.ozone.TestSecureOzoneCluster" time="6.752"/>
  <testcase name="testSecureOmReInit" classname="org.apache.hadoop.ozone.TestSecureOzoneCluster" time="5.157"/>
  <testcase name="testDelegationToken" classname="org.apache.hadoop.ozone.TestSecureOzoneCluster" time="4.836"/>
  <testcase name="testSecureOmInitSuccess" classname="org.apache.hadoop.ozone.TestSecureOzoneCluster" time="80.021">
    <error message="test timed out after 80000 milliseconds" type="java.lang.Exception">java.lang.Exception: test timed out after 80000 milliseconds
	at java.lang.Thread.sleep(Native Method)
	at org.apache.hadoop.util.ThreadUtil.sleepAtLeastIgnoreInterrupts(ThreadUtil.java:45)
	at org.apache.hadoop.hdds.utils.RetriableTask.call(RetriableTask.java:64)
	at org.apache.hadoop.ozone.om.ScmClient.getScmInfo(ScmClient.java:118)
	at org.apache.hadoop.ozone.om.init.FullUnsecureInitializer.initialize(FullUnsecureInitializer.java:36)
	at org.apache.hadoop.ozone.om.init.FullSecureInitializer.initialize(FullSecureInitializer.java:33)
	at org.apache.hadoop.ozone.om.init.OzoneManagerStorageInitializer.run(OzoneManagerStorageInitializer.java:64)
	at org.apache.hadoop.ozone.TestSecureOzoneCluster.initializeOmStorage(TestSecureOzoneCluster.java:882)
	at org.apache.hadoop.ozone.TestSecureOzoneCluster.testSecureOmInitSuccess(TestSecureOzoneCluster.java:813)
	at sun.reflect.NativeMethodAccessorImpl.invoke0(Native Method)
	at sun.reflect.NativeMethodAccessorImpl.invoke(NativeMethodAccessorImpl.java:62)
	at sun.reflect.DelegatingMethodAccessorImpl.invoke(DelegatingMethodAccessorImpl.java:43)
	at java.lang.reflect.Method.invoke(Method.java:498)
	at org.junit.runners.model.FrameworkMethod$1.runReflectiveCall(FrameworkMethod.java:47)
	at org.junit.internal.runners.model.ReflectiveCallable.run(ReflectiveCallable.java:12)
	at org.junit.runners.model.FrameworkMethod.invokeExplosively(FrameworkMethod.java:44)
	at org.junit.internal.runners.statements.InvokeMethod.evaluate(InvokeMethod.java:17)
	at org.junit.internal.runners.statements.RunBefores.evaluate(RunBefores.java:26)
	at org.junit.internal.runners.statements.RunAfters.evaluate(RunAfters.java:27)
	at org.junit.internal.runners.statements.FailOnTimeout$StatementThread.run(FailOnTimeout.java:74)
</error>
    <system-out><![CDATA[2019-11-06 16:51:25,700 [Thread-179] INFO  net.ServerSocketUtil (ServerSocketUtil.java:getPort(53)) - Using port 9860
2019-11-06 16:51:25,700 [Thread-179] INFO  net.ServerSocketUtil (ServerSocketUtil.java:getPort(53)) - Using port 9861
2019-11-06 16:51:25,700 [Thread-179] INFO  net.ServerSocketUtil (ServerSocketUtil.java:getPort(53)) - Using port 9863
2019-11-06 16:51:25,700 [Thread-179] INFO  net.ServerSocketUtil (ServerSocketUtil.java:getPort(53)) - Using port 9961
2019-11-06 16:51:25,701 [Thread-179] INFO  minikdc.MiniKdc (MiniKdc.java:<init>(225)) - Configuration:
2019-11-06 16:51:25,701 [Thread-179] INFO  minikdc.MiniKdc (MiniKdc.java:<init>(226)) - ---------------------------------------------------------------
2019-11-06 16:51:25,701 [Thread-179] INFO  minikdc.MiniKdc (MiniKdc.java:<init>(228)) -   debug: false
2019-11-06 16:51:25,702 [Thread-179] INFO  minikdc.MiniKdc (MiniKdc.java:<init>(228)) -   transport: TCP
2019-11-06 16:51:25,702 [Thread-179] INFO  minikdc.MiniKdc (MiniKdc.java:<init>(228)) -   max.ticket.lifetime: 86400000
2019-11-06 16:51:25,702 [Thread-179] INFO  minikdc.MiniKdc (MiniKdc.java:<init>(228)) -   org.name: EXAMPLE
2019-11-06 16:51:25,702 [Thread-179] INFO  minikdc.MiniKdc (MiniKdc.java:<init>(228)) -   kdc.port: 0
2019-11-06 16:51:25,702 [Thread-179] INFO  minikdc.MiniKdc (MiniKdc.java:<init>(228)) -   org.domain: COM
2019-11-06 16:51:25,702 [Thread-179] INFO  minikdc.MiniKdc (MiniKdc.java:<init>(228)) -   max.renewable.lifetime: 604800000
2019-11-06 16:51:25,702 [Thread-179] INFO  minikdc.MiniKdc (MiniKdc.java:<init>(228)) -   instance: DefaultKrbServer
2019-11-06 16:51:25,702 [Thread-179] INFO  minikdc.MiniKdc (MiniKdc.java:<init>(228)) -   kdc.bind.address: localhost
2019-11-06 16:51:25,702 [Thread-179] INFO  minikdc.MiniKdc (MiniKdc.java:<init>(230)) - ---------------------------------------------------------------
2019-11-06 16:51:25,705 [Thread-179] INFO  minikdc.MiniKdc (MiniKdc.java:start(285)) - MiniKdc started.
2019-11-06 16:51:25,985 [Thread-179] WARN  server.ServerUtils (ServerUtils.java:getScmDbDir(145)) - ozone.scm.db.dirs is not configured. We recommend adding this setting. Falling back to ozone.metadata.dirs instead.
2019-11-06 16:51:25,999 [Thread-179] WARN  server.ServerUtils (ServerUtils.java:getScmDbDir(145)) - ozone.scm.db.dirs is not configured. We recommend adding this setting. Falling back to ozone.metadata.dirs instead.
2019-11-06 16:51:26,000 [Thread-179] WARN  server.ServerUtils (ServerUtils.java:getScmDbDir(145)) - ozone.scm.db.dirs is not configured. We recommend adding this setting. Falling back to ozone.metadata.dirs instead.
2019-11-06 16:51:26,011 [pool-53-thread-1] INFO  request.KdcRequest (KdcRequest.java:preauth(651)) - The preauth data is empty.
2019-11-06 16:51:26,011 [pool-53-thread-1] INFO  server.KdcHandler (KdcHandler.java:handleRecoverableException(177)) - KRB error occurred while processing request:Additional pre-authentication required
2019-11-06 16:51:26,023 [pool-53-thread-1] INFO  request.AsRequest (AsRequest.java:issueTicket(112)) - AS_REQ ISSUE: authtime 1573059086021,scm/pr-hdds-2408-9x7cr-207459206@EXAMPLE.COM for krbtgt/EXAMPLE.COM@EXAMPLE.COM
2019-11-06 16:51:26,026 [Thread-179] INFO  security.UserGroupInformation (UserGroupInformation.java:loginUserFromKeytab(1009)) - Login successful for user scm/pr-hdds-2408-9x7cr-207459206@EXAMPLE.COM using keytab file /workdir/hadoop-ozone/integration-test/target/test-dir/TestSecureOzoneCluster/scm.keytab
2019-11-06 16:51:26,026 [Thread-179] INFO  server.StorageContainerManager (StorageContainerManager.java:loginAsSCMUser(515)) - SCM login successful.
2019-11-06 16:51:26,026 [Thread-179] WARN  server.ServerUtils (ServerUtils.java:getScmDbDir(145)) - ozone.scm.db.dirs is not configured. We recommend adding this setting. Falling back to ozone.metadata.dirs instead.
2019-11-06 16:51:26,026 [Thread-179] INFO  db.DBStoreBuilder (DBStoreBuilder.java:addTable(127)) - using custom profile for table: deletedBlocks
2019-11-06 16:51:26,027 [Thread-179] INFO  db.DBStoreBuilder (DBStoreBuilder.java:processTables(183)) - Using default column profile:DBProfile.DISK for Table:deletedBlocks
2019-11-06 16:51:26,027 [Thread-179] INFO  db.DBStoreBuilder (DBStoreBuilder.java:addTable(127)) - using custom profile for table: validCerts
2019-11-06 16:51:26,027 [Thread-179] INFO  db.DBStoreBuilder (DBStoreBuilder.java:processTables(183)) - Using default column profile:DBProfile.DISK for Table:validCerts
2019-11-06 16:51:26,027 [Thread-179] INFO  db.DBStoreBuilder (DBStoreBuilder.java:addTable(127)) - using custom profile for table: revokedCerts
2019-11-06 16:51:26,027 [Thread-179] INFO  db.DBStoreBuilder (DBStoreBuilder.java:processTables(183)) - Using default column profile:DBProfile.DISK for Table:revokedCerts
2019-11-06 16:51:26,028 [Thread-179] INFO  db.DBStoreBuilder (DBStoreBuilder.java:addTable(127)) - using custom profile for table: default
2019-11-06 16:51:26,028 [Thread-179] INFO  db.DBStoreBuilder (DBStoreBuilder.java:processTables(189)) - Using default column profile:DBProfile.DISK for Table:default
2019-11-06 16:51:26,028 [Thread-179] INFO  db.DBStoreBuilder (DBStoreBuilder.java:getDbProfile(220)) - Using default options. DBProfile.DISK
2019-11-06 16:51:26,519 [Thread-179] INFO  ipc.CallQueueManager (CallQueueManager.java:<init>(84)) - Using callQueue: class java.util.concurrent.LinkedBlockingQueue, queueCapacity: 200, scheduler: class org.apache.hadoop.ipc.DefaultRpcScheduler, ipcBackoff: false.
2019-11-06 16:51:26,520 [Socket Reader #1 for port 9961] INFO  ipc.Server (Server.java:run(1074)) - Starting Socket Reader #1 for port 9961
2019-11-06 16:51:26,524 [Thread-179] INFO  net.NodeSchemaLoader (NodeSchemaLoader.java:loadSchemaFromFile(125)) - Loading file from sun.misc.CompoundEnumeration@3498d0e6
2019-11-06 16:51:26,524 [Thread-179] INFO  net.NodeSchemaLoader (NodeSchemaLoader.java:loadSchema(171)) - Loading network topology layer schema file
2019-11-06 16:51:26,528 [Thread-179] INFO  node.SCMNodeManager (SCMNodeManager.java:<init>(116)) - Entering startup safe mode.
2019-11-06 16:51:26,529 [Thread-179] INFO  algorithms.ContainerPlacementPolicyFactory (ContainerPlacementPolicyFactory.java:getPolicy(57)) - Create container placement policy of type org.apache.hadoop.hdds.scm.container.placement.algorithms.SCMContainerPlacementRandom
2019-11-06 16:51:26,529 [Thread-179] WARN  server.ServerUtils (ServerUtils.java:getScmDbDir(145)) - ozone.scm.db.dirs is not configured. We recommend adding this setting. Falling back to ozone.metadata.dirs instead.
2019-11-06 16:51:26,586 [Thread-179] INFO  pipeline.SCMPipelineManager (SCMPipelineManager.java:initializePipelineState(132)) - No pipeline exists in current db
2019-11-06 16:51:26,586 [Thread-179] WARN  server.ServerUtils (ServerUtils.java:getScmDbDir(145)) - ozone.scm.db.dirs is not configured. We recommend adding this setting. Falling back to ozone.metadata.dirs instead.
2019-11-06 16:51:26,641 [Thread-179] WARN  events.EventQueue (EventQueue.java:fireEvent(183)) - No event handler registered for event TypedEvent{payloadType=SafeModeStatus, name='SafeModeStatus'}
2019-11-06 16:51:26,644 [Thread-179] INFO  ipc.CallQueueManager (CallQueueManager.java:<init>(84)) - Using callQueue: class java.util.concurrent.LinkedBlockingQueue, queueCapacity: 1000, scheduler: class org.apache.hadoop.ipc.DefaultRpcScheduler, ipcBackoff: false.
2019-11-06 16:51:26,645 [Socket Reader #1 for port 39557] INFO  ipc.Server (Server.java:run(1074)) - Starting Socket Reader #1 for port 39557
2019-11-06 16:51:26,649 [Thread-179] INFO  ipc.CallQueueManager (CallQueueManager.java:<init>(84)) - Using callQueue: class java.util.concurrent.LinkedBlockingQueue, queueCapacity: 1000, scheduler: class org.apache.hadoop.ipc.DefaultRpcScheduler, ipcBackoff: false.
2019-11-06 16:51:26,650 [Socket Reader #1 for port 40571] INFO  ipc.Server (Server.java:run(1074)) - Starting Socket Reader #1 for port 40571
2019-11-06 16:51:26,653 [Thread-179] INFO  ipc.CallQueueManager (CallQueueManager.java:<init>(84)) - Using callQueue: class java.util.concurrent.LinkedBlockingQueue, queueCapacity: 1000, scheduler: class org.apache.hadoop.ipc.DefaultRpcScheduler, ipcBackoff: false.
2019-11-06 16:51:26,654 [Socket Reader #1 for port 39212] INFO  ipc.Server (Server.java:run(1074)) - Starting Socket Reader #1 for port 39212
2019-11-06 16:51:26,658 [Thread-179] INFO  hdfs.DFSUtil (DFSUtil.java:httpServerTemplateForNNAndJN(1629)) - Starting web server as: HTTP_SCM/pr-hdds-2408-9x7cr-207459206@EXAMPLE.COM
2019-11-06 16:51:26,658 [Thread-179] INFO  hdfs.DFSUtil (DFSUtil.java:httpServerTemplateForNNAndJN(1641)) - Starting Web-server for scm at: http://0.0.0.0:0
2019-11-06 16:51:26,660 [Thread-179] INFO  server.AuthenticationFilter (AuthenticationFilter.java:constructSecretProvider(240)) - Unable to initialize FileSignerSecretProvider, falling back to use random secrets.
2019-11-06 16:51:26,661 [Thread-179] WARN  http.HttpRequestLog (HttpRequestLog.java:getRequestLog(97)) - Jetty request log can only be enabled using Log4j
2019-11-06 16:51:26,663 [Thread-179] INFO  http.HttpServer2 (HttpServer2.java:addGlobalFilter(975)) - Added global filter 'safety' (class=org.apache.hadoop.http.HttpServer2$QuotingInputFilter)
2019-11-06 16:51:26,664 [Thread-179] INFO  http.HttpServer2 (HttpServer2.java:addFilter(948)) - Added filter static_user_filter (class=org.apache.hadoop.http.lib.StaticUserWebFilter$StaticUserFilter) to context scm
2019-11-06 16:51:26,664 [Thread-179] INFO  http.HttpServer2 (HttpServer2.java:addFilter(958)) - Added filter static_user_filter (class=org.apache.hadoop.http.lib.StaticUserWebFilter$StaticUserFilter) to context static
2019-11-06 16:51:26,664 [Thread-179] INFO  http.HttpServer2 (HttpServer2.java:addFilter(958)) - Added filter static_user_filter (class=org.apache.hadoop.http.lib.StaticUserWebFilter$StaticUserFilter) to context logs
2019-11-06 16:51:26,672 [Thread-179] INFO  server.StorageContainerManager (StorageContainerManager.java:start(764)) - StorageContainerLocationProtocol RPC server is listening at /0.0.0.0:39212
2019-11-06 16:51:26,673 [Thread-179] INFO  impl.MetricsSystemImpl (MetricsSystemImpl.java:init(158)) - StorageContainerManager metrics system started (again)
2019-11-06 16:51:26,674 [Thread-179] INFO  server.SCMClientProtocolServer (SCMClientProtocolServer.java:start(159)) - RPC server for Client  is listening at /0.0.0.0:39212
2019-11-06 16:51:26,675 [IPC Server Responder] INFO  ipc.Server (Server.java:run(1314)) - IPC Server Responder: starting
2019-11-06 16:51:26,675 [IPC Server listener on 39212] INFO  ipc.Server (Server.java:run(1153)) - IPC Server listener on 39212: starting
2019-11-06 16:51:26,681 [Thread-179] INFO  server.StorageContainerManager (StorageContainerManager.java:start(774)) - ScmBlockLocationProtocol RPC server is listening at /0.0.0.0:40571
2019-11-06 16:51:26,681 [Thread-179] INFO  server.SCMBlockProtocolServer (SCMBlockProtocolServer.java:start(146)) - RPC server for Block Protocol is listening at /0.0.0.0:40571
2019-11-06 16:51:26,682 [IPC Server Responder] INFO  ipc.Server (Server.java:run(1314)) - IPC Server Responder: starting
2019-11-06 16:51:26,682 [IPC Server listener on 40571] INFO  ipc.Server (Server.java:run(1153)) - IPC Server listener on 40571: starting
2019-11-06 16:51:26,684 [Thread-179] INFO  server.StorageContainerManager (StorageContainerManager.java:start(778)) - ScmDatanodeProtocl RPC server is listening at /0.0.0.0:39557
2019-11-06 16:51:26,684 [Thread-179] INFO  server.SCMDatanodeProtocolServer (SCMDatanodeProtocolServer.java:start(169)) - RPC server for DataNodes is listening at /0.0.0.0:39557
2019-11-06 16:51:26,685 [IPC Server Responder] INFO  ipc.Server (Server.java:run(1314)) - IPC Server Responder: starting
2019-11-06 16:51:26,685 [IPC Server listener on 39557] INFO  ipc.Server (Server.java:run(1153)) - IPC Server listener on 39557: starting
2019-11-06 16:51:26,688 [Thread-179] INFO  server.SCMClientProtocolServer (SCMSecurityProtocolServer.java:start(204)) - Starting RPC server for SCMSecurityProtocolServer. is listening at /0.0.0.0:9961
2019-11-06 16:51:26,688 [IPC Server Responder] INFO  ipc.Server (Server.java:run(1314)) - IPC Server Responder: starting
2019-11-06 16:51:26,688 [IPC Server listener on 9961] INFO  ipc.Server (Server.java:run(1153)) - IPC Server listener on 9961: starting
2019-11-06 16:51:26,690 [Thread-179] INFO  http.HttpServer2 (HttpServer2.java:bindListener(1191)) - Jetty bound to port 40769
2019-11-06 16:51:26,690 [Thread-179] INFO  server.Server (Server.java:doStart(351)) - jetty-9.3.25.v20180904, build timestamp: 2018-09-04T21:11:46Z, git hash: 3ce520221d0240229c862b122d2b06c12a625732
2019-11-06 16:51:26,692 [Thread-179] INFO  handler.ContextHandler (ContextHandler.java:doStart(781)) - Started o.e.j.s.ServletContextHandler@18557d53{/logs,file:///workdir/hadoop-ozone/integration-test/target/log,AVAILABLE}
2019-11-06 16:51:26,692 [Thread-179] INFO  handler.ContextHandler (ContextHandler.java:doStart(781)) - Started o.e.j.s.ServletContextHandler@78e306e3{/static,file:///workdir/hadoop-ozone/integration-test/target/test-classes/webapps/static,AVAILABLE}
2019-11-06 16:51:26,697 [Thread-179] INFO  server.KerberosAuthenticationHandler (KerberosAuthenticationHandler.java:init(164)) - Using keytab /workdir/hadoop-ozone/integration-test/target/test-dir/TestSecureOzoneCluster/http.keytab, for principal HTTP_SCM/pr-hdds-2408-9x7cr-207459206@EXAMPLE.COM
2019-11-06 16:51:26,698 [Thread-179] INFO  handler.ContextHandler (ContextHandler.java:doStart(781)) - Started o.e.j.w.WebAppContext@5b424d5f{/,file:///workdir/hadoop-ozone/integration-test/target/test-classes/webapps/scm/,AVAILABLE}{/scm}
2019-11-06 16:51:26,699 [Thread-179] INFO  server.AbstractConnector (AbstractConnector.java:doStart(278)) - Started ServerConnector@3a28876{HTTP/1.1,[http/1.1]}{0.0.0.0:40769}
2019-11-06 16:51:26,699 [Thread-179] INFO  server.Server (Server.java:doStart(419)) - Started @18284ms
2019-11-06 16:51:26,699 [Thread-179] WARN  impl.MetricsSystemImpl (MetricsSystemImpl.java:register(276)) - Sink prometheus already exists!
2019-11-06 16:51:26,700 [Thread-179] INFO  server.BaseHttpServer (BaseHttpServer.java:updateConnectorAddress(215)) - HTTP server of SCM is listening at http://0.0.0.0:40769
2019-11-06 16:51:26,701 [Thread-179] WARN  server.ServerUtils (ServerUtils.java:getDBPath(222)) - ozone.om.db.dirs is not configured. We recommend adding this setting. Falling back to ozone.metadata.dirs instead.
2019-11-06 16:51:26,701 [org.apache.hadoop.util.JvmPauseMonitor$Monitor@84512a8] INFO  util.JvmPauseMonitor (JvmPauseMonitor.java:run(188)) - Starting JVM pause monitor
2019-11-06 16:51:26,702 [Thread-179] INFO  ha.OMHANodeDetails (OMHANodeDetails.java:loadOMHAConfig(190)) - Configuration either no ozone.om.address set. Falling back to the default OM address /0.0.0.0:9862
2019-11-06 16:51:26,702 [Thread-179] INFO  ha.OMHANodeDetails (OMHANodeDetails.java:getOMNodeDetails(220)) - OM Service ID is not set. Setting it to the default ID: omServiceIdDefault
2019-11-06 16:51:26,703 [Thread-179] WARN  server.ServerUtils (ServerUtils.java:getDBPath(222)) - ozone.om.db.dirs is not configured. We recommend adding this setting. Falling back to ozone.metadata.dirs instead.
2019-11-06 16:51:26,711 [pool-53-thread-1] INFO  request.KdcRequest (KdcRequest.java:preauth(651)) - The preauth data is empty.
2019-11-06 16:51:26,711 [pool-53-thread-1] INFO  server.KdcHandler (KdcHandler.java:handleRecoverableException(177)) - KRB error occurred while processing request:Additional pre-authentication required
2019-11-06 16:51:26,720 [pool-53-thread-1] INFO  request.AsRequest (AsRequest.java:issueTicket(112)) - AS_REQ ISSUE: authtime 1573059086719,om/pr-hdds-2408-9x7cr-207459206@EXAMPLE.COM for krbtgt/EXAMPLE.COM@EXAMPLE.COM
2019-11-06 16:51:26,722 [Thread-179] INFO  security.UserGroupInformation (UserGroupInformation.java:loginUserFromKeytab(1009)) - Login successful for user om/pr-hdds-2408-9x7cr-207459206@EXAMPLE.COM using keytab file /workdir/hadoop-ozone/integration-test/target/test-dir/TestSecureOzoneCluster/om.keytab
2019-11-06 16:51:26,722 [Thread-179] INFO  ozone.OzoneSecurityUtil (OzoneSecurityUtil.java:login(93)) - om/pr-hdds-2408-9x7cr-207459206@EXAMPLE.COM logged in successfully.
2019-11-06 16:51:26,735 [pool-53-thread-1] INFO  request.TgsRequest (TgsRequest.java:issueTicket(115)) - TGS_REQ ISSUE: authtime 1573059086734,om/pr-hdds-2408-9x7cr-207459206 for scm/pr-hdds-2408-9x7cr-207459206@EXAMPLE.COM
2019-11-06 16:51:26,741 [Socket Reader #1 for port 40571] WARN  ipc.Server (Server.java:saslProcess(1833)) - Auth failed for 192.168.34.31:38792:null (GSS initiate failed) with true cause: (GSS initiate failed)
2019-11-06 16:51:26,815 [pool-53-thread-1] INFO  request.KdcRequest (KdcRequest.java:preauth(651)) - The preauth data is empty.
2019-11-06 16:51:26,816 [pool-53-thread-1] INFO  server.KdcHandler (KdcHandler.java:handleRecoverableException(177)) - KRB error occurred while processing request:Additional pre-authentication required
2019-11-06 16:51:26,831 [pool-53-thread-1] INFO  request.AsRequest (AsRequest.java:issueTicket(112)) - AS_REQ ISSUE: authtime 1573059086830,om/pr-hdds-2408-9x7cr-207459206@EXAMPLE.COM for krbtgt/EXAMPLE.COM@EXAMPLE.COM
2019-11-06 16:51:31,663 [pool-53-thread-1] INFO  request.TgsRequest (TgsRequest.java:issueTicket(115)) - TGS_REQ ISSUE: authtime 1573059091662,om/pr-hdds-2408-9x7cr-207459206 for scm/pr-hdds-2408-9x7cr-207459206@EXAMPLE.COM
2019-11-06 16:51:31,669 [Socket Reader #1 for port 40571] WARN  ipc.Server (Server.java:saslProcess(1833)) - Auth failed for 192.168.34.31:40916:null (GSS initiate failed) with true cause: (GSS initiate failed)
2019-11-06 16:51:31,670 [Thread-179] WARN  security.UserGroupInformation (UserGroupInformation.java:hasSufficientTimeElapsed(1221)) - Not attempting to re-login since the last re-login was attempted less than 60 seconds before. Last Login=1573059086742
2019-11-06 16:51:35,420 [Socket Reader #1 for port 40571] WARN  ipc.Server (Server.java:saslProcess(1833)) - Auth failed for 192.168.34.31:38988:null (GSS initiate failed) with true cause: (GSS initiate failed)
2019-11-06 16:51:35,421 [Thread-179] WARN  security.UserGroupInformation (UserGroupInformation.java:hasSufficientTimeElapsed(1221)) - Not attempting to re-login since the last re-login was attempted less than 60 seconds before. Last Login=1573059086742
2019-11-06 16:51:38,994 [Socket Reader #1 for port 40571] WARN  ipc.Server (Server.java:saslProcess(1833)) - Auth failed for 192.168.34.31:33146:null (GSS initiate failed) with true cause: (GSS initiate failed)
2019-11-06 16:51:38,995 [Thread-179] WARN  security.UserGroupInformation (UserGroupInformation.java:hasSufficientTimeElapsed(1221)) - Not attempting to re-login since the last re-login was attempted less than 60 seconds before. Last Login=1573059086742
2019-11-06 16:51:41,990 [Socket Reader #1 for port 40571] WARN  ipc.Server (Server.java:saslProcess(1833)) - Auth failed for 192.168.34.31:44646:null (GSS initiate failed) with true cause: (GSS initiate failed)
2019-11-06 16:51:41,991 [Thread-179] WARN  security.UserGroupInformation (UserGroupInformation.java:hasSufficientTimeElapsed(1221)) - Not attempting to re-login since the last re-login was attempted less than 60 seconds before. Last Login=1573059086742
2019-11-06 16:51:46,284 [Socket Reader #1 for port 40571] WARN  ipc.Server (Server.java:saslProcess(1833)) - Auth failed for 192.168.34.31:33256:null (GSS initiate failed) with true cause: (GSS initiate failed)
2019-11-06 16:51:46,285 [Thread-179] WARN  ipc.Client (Client.java:run(751)) - Couldn't setup connection for om/pr-hdds-2408-9x7cr-207459206@EXAMPLE.COM to /0.0.0.0:40571
org.apache.hadoop.ipc.RemoteException(javax.security.sasl.SaslException): GSS initiate failed
	at org.apache.hadoop.security.SaslRpcClient.saslConnect(SaslRpcClient.java:374)
	at org.apache.hadoop.ipc.Client$Connection.setupSaslConnection(Client.java:617)
	at org.apache.hadoop.ipc.Client$Connection.access$2300(Client.java:411)
	at org.apache.hadoop.ipc.Client$Connection$2.run(Client.java:804)
	at org.apache.hadoop.ipc.Client$Connection$2.run(Client.java:800)
	at java.security.AccessController.doPrivileged(Native Method)
	at javax.security.auth.Subject.doAs(Subject.java:422)
	at org.apache.hadoop.security.UserGroupInformation.doAs(UserGroupInformation.java:1730)
	at org.apache.hadoop.ipc.Client$Connection.setupIOstreams(Client.java:800)
	at org.apache.hadoop.ipc.Client$Connection.access$3700(Client.java:411)
	at org.apache.hadoop.ipc.Client.getConnection(Client.java:1572)
	at org.apache.hadoop.ipc.Client.call(Client.java:1403)
	at org.apache.hadoop.ipc.Client.call(Client.java:1367)
	at org.apache.hadoop.ipc.ProtobufRpcEngine$Invoker.invoke(ProtobufRpcEngine.java:228)
	at org.apache.hadoop.ipc.ProtobufRpcEngine$Invoker.invoke(ProtobufRpcEngine.java:116)
	at com.sun.proxy.$Proxy26.send(Unknown Source)
	at org.apache.hadoop.hdds.scm.protocolPB.ScmBlockLocationProtocolClientSideTranslatorPB.submitRequest(ScmBlockLocationProtocolClientSideTranslatorPB.java:107)
	at org.apache.hadoop.hdds.scm.protocolPB.ScmBlockLocationProtocolClientSideTranslatorPB.getScmInfo(ScmBlockLocationProtocolClientSideTranslatorPB.java:227)
	at sun.reflect.NativeMethodAccessorImpl.invoke0(Native Method)
	at sun.reflect.NativeMethodAccessorImpl.invoke(NativeMethodAccessorImpl.java:62)
	at sun.reflect.DelegatingMethodAccessorImpl.invoke(DelegatingMethodAccessorImpl.java:43)
	at java.lang.reflect.Method.invoke(Method.java:498)
	at org.apache.hadoop.hdds.tracing.TraceAllMethod.invoke(TraceAllMethod.java:66)
	at com.sun.proxy.$Proxy27.getScmInfo(Unknown Source)
	at org.apache.hadoop.ozone.om.ScmClient.lambda$getScmInfo$0(ScmClient.java:117)
	at org.apache.hadoop.hdds.utils.RetriableTask.call(RetriableTask.java:56)
	at org.apache.hadoop.ozone.om.ScmClient.getScmInfo(ScmClient.java:118)
	at org.apache.hadoop.ozone.om.init.FullUnsecureInitializer.initialize(FullUnsecureInitializer.java:36)
	at org.apache.hadoop.ozone.om.init.FullSecureInitializer.initialize(FullSecureInitializer.java:33)
	at org.apache.hadoop.ozone.om.init.OzoneManagerStorageInitializer.run(OzoneManagerStorageInitializer.java:64)
	at org.apache.hadoop.ozone.TestSecureOzoneCluster.initializeOmStorage(TestSecureOzoneCluster.java:882)
	at org.apache.hadoop.ozone.TestSecureOzoneCluster.testSecureOmInitSuccess(TestSecureOzoneCluster.java:813)
	at sun.reflect.NativeMethodAccessorImpl.invoke0(Native Method)
	at sun.reflect.NativeMethodAccessorImpl.invoke(NativeMethodAccessorImpl.java:62)
	at sun.reflect.DelegatingMethodAccessorImpl.invoke(DelegatingMethodAccessorImpl.java:43)
	at java.lang.reflect.Method.invoke(Method.java:498)
	at org.junit.runners.model.FrameworkMethod$1.runReflectiveCall(FrameworkMethod.java:47)
	at org.junit.internal.runners.model.ReflectiveCallable.run(ReflectiveCallable.java:12)
	at org.junit.runners.model.FrameworkMethod.invokeExplosively(FrameworkMethod.java:44)
	at org.junit.internal.runners.statements.InvokeMethod.evaluate(InvokeMethod.java:17)
	at org.junit.internal.runners.statements.RunBefores.evaluate(RunBefores.java:26)
	at org.junit.internal.runners.statements.RunAfters.evaluate(RunAfters.java:27)
	at org.junit.internal.runners.statements.FailOnTimeout$StatementThread.run(FailOnTimeout.java:74)
2019-11-06 16:51:46,291 [Thread-179] INFO  utils.RetriableTask (RetriableTask.java:call(62)) - Execution of task OM#getScmInfo failed, will be retried in 5000 ms
2019-11-06 16:51:51,301 [Socket Reader #1 for port 40571] WARN  ipc.Server (Server.java:saslProcess(1833)) - Auth failed for 192.168.34.31:35196:null (GSS initiate failed) with true cause: (GSS initiate failed)
2019-11-06 16:51:51,303 [Thread-179] WARN  security.UserGroupInformation (UserGroupInformation.java:hasSufficientTimeElapsed(1221)) - Not attempting to re-login since the last re-login was attempted less than 60 seconds before. Last Login=1573059086742
2019-11-06 16:51:54,429 [Socket Reader #1 for port 40571] WARN  ipc.Server (Server.java:saslProcess(1833)) - Auth failed for 192.168.34.31:41145:null (GSS initiate failed) with true cause: (GSS initiate failed)
2019-11-06 16:51:54,430 [Thread-179] WARN  security.UserGroupInformation (UserGroupInformation.java:hasSufficientTimeElapsed(1221)) - Not attempting to re-login since the last re-login was attempted less than 60 seconds before. Last Login=1573059086742
2019-11-06 16:51:54,591 [Socket Reader #1 for port 40571] WARN  ipc.Server (Server.java:saslProcess(1833)) - Auth failed for 192.168.34.31:38240:null (GSS initiate failed) with true cause: (GSS initiate failed)
2019-11-06 16:51:54,592 [Thread-179] WARN  security.UserGroupInformation (UserGroupInformation.java:hasSufficientTimeElapsed(1221)) - Not attempting to re-login since the last re-login was attempted less than 60 seconds before. Last Login=1573059086742
2019-11-06 16:51:58,247 [Socket Reader #1 for port 40571] WARN  ipc.Server (Server.java:saslProcess(1833)) - Auth failed for 192.168.34.31:34332:null (GSS initiate failed) with true cause: (GSS initiate failed)
2019-11-06 16:51:58,248 [Thread-179] WARN  security.UserGroupInformation (UserGroupInformation.java:hasSufficientTimeElapsed(1221)) - Not attempting to re-login since the last re-login was attempted less than 60 seconds before. Last Login=1573059086742
2019-11-06 16:52:02,289 [Socket Reader #1 for port 40571] WARN  ipc.Server (Server.java:saslProcess(1833)) - Auth failed for 192.168.34.31:34361:null (GSS initiate failed) with true cause: (GSS initiate failed)
2019-11-06 16:52:02,291 [Thread-179] WARN  security.UserGroupInformation (UserGroupInformation.java:hasSufficientTimeElapsed(1221)) - Not attempting to re-login since the last re-login was attempted less than 60 seconds before. Last Login=1573059086742
2019-11-06 16:52:06,681 [Socket Reader #1 for port 40571] WARN  ipc.Server (Server.java:saslProcess(1833)) - Auth failed for 192.168.34.31:42373:null (GSS initiate failed) with true cause: (GSS initiate failed)
2019-11-06 16:52:06,682 [Thread-179] WARN  ipc.Client (Client.java:run(751)) - Couldn't setup connection for om/pr-hdds-2408-9x7cr-207459206@EXAMPLE.COM to 0.0.0.0/0.0.0.0:40571
org.apache.hadoop.ipc.RemoteException(javax.security.sasl.SaslException): GSS initiate failed
	at org.apache.hadoop.security.SaslRpcClient.saslConnect(SaslRpcClient.java:374)
	at org.apache.hadoop.ipc.Client$Connection.setupSaslConnection(Client.java:617)
	at org.apache.hadoop.ipc.Client$Connection.access$2300(Client.java:411)
	at org.apache.hadoop.ipc.Client$Connection$2.run(Client.java:804)
	at org.apache.hadoop.ipc.Client$Connection$2.run(Client.java:800)
	at java.security.AccessController.doPrivileged(Native Method)
	at javax.security.auth.Subject.doAs(Subject.java:422)
	at org.apache.hadoop.security.UserGroupInformation.doAs(UserGroupInformation.java:1730)
	at org.apache.hadoop.ipc.Client$Connection.setupIOstreams(Client.java:800)
	at org.apache.hadoop.ipc.Client$Connection.access$3700(Client.java:411)
	at org.apache.hadoop.ipc.Client.getConnection(Client.java:1572)
	at org.apache.hadoop.ipc.Client.call(Client.java:1403)
	at org.apache.hadoop.ipc.Client.call(Client.java:1367)
	at org.apache.hadoop.ipc.ProtobufRpcEngine$Invoker.invoke(ProtobufRpcEngine.java:228)
	at org.apache.hadoop.ipc.ProtobufRpcEngine$Invoker.invoke(ProtobufRpcEngine.java:116)
	at com.sun.proxy.$Proxy26.send(Unknown Source)
	at org.apache.hadoop.hdds.scm.protocolPB.ScmBlockLocationProtocolClientSideTranslatorPB.submitRequest(ScmBlockLocationProtocolClientSideTranslatorPB.java:107)
	at org.apache.hadoop.hdds.scm.protocolPB.ScmBlockLocationProtocolClientSideTranslatorPB.getScmInfo(ScmBlockLocationProtocolClientSideTranslatorPB.java:227)
	at sun.reflect.NativeMethodAccessorImpl.invoke0(Native Method)
	at sun.reflect.NativeMethodAccessorImpl.invoke(NativeMethodAccessorImpl.java:62)
	at sun.reflect.DelegatingMethodAccessorImpl.invoke(DelegatingMethodAccessorImpl.java:43)
	at java.lang.reflect.Method.invoke(Method.java:498)
	at org.apache.hadoop.hdds.tracing.TraceAllMethod.invoke(TraceAllMethod.java:66)
	at com.sun.proxy.$Proxy27.getScmInfo(Unknown Source)
	at org.apache.hadoop.ozone.om.ScmClient.lambda$getScmInfo$0(ScmClient.java:117)
	at org.apache.hadoop.hdds.utils.RetriableTask.call(RetriableTask.java:56)
	at org.apache.hadoop.ozone.om.ScmClient.getScmInfo(ScmClient.java:118)
	at org.apache.hadoop.ozone.om.init.FullUnsecureInitializer.initialize(FullUnsecureInitializer.java:36)
	at org.apache.hadoop.ozone.om.init.FullSecureInitializer.initialize(FullSecureInitializer.java:33)
	at org.apache.hadoop.ozone.om.init.OzoneManagerStorageInitializer.run(OzoneManagerStorageInitializer.java:64)
	at org.apache.hadoop.ozone.TestSecureOzoneCluster.initializeOmStorage(TestSecureOzoneCluster.java:882)
	at org.apache.hadoop.ozone.TestSecureOzoneCluster.testSecureOmInitSuccess(TestSecureOzoneCluster.java:813)
	at sun.reflect.NativeMethodAccessorImpl.invoke0(Native Method)
	at sun.reflect.NativeMethodAccessorImpl.invoke(NativeMethodAccessorImpl.java:62)
	at sun.reflect.DelegatingMethodAccessorImpl.invoke(DelegatingMethodAccessorImpl.java:43)
	at java.lang.reflect.Method.invoke(Method.java:498)
	at org.junit.runners.model.FrameworkMethod$1.runReflectiveCall(FrameworkMethod.java:47)
	at org.junit.internal.runners.model.ReflectiveCallable.run(ReflectiveCallable.java:12)
	at org.junit.runners.model.FrameworkMethod.invokeExplosively(FrameworkMethod.java:44)
	at org.junit.internal.runners.statements.InvokeMethod.evaluate(InvokeMethod.java:17)
	at org.junit.internal.runners.statements.RunBefores.evaluate(RunBefores.java:26)
	at org.junit.internal.runners.statements.RunAfters.evaluate(RunAfters.java:27)
	at org.junit.internal.runners.statements.FailOnTimeout$StatementThread.run(FailOnTimeout.java:74)
2019-11-06 16:52:06,684 [Thread-179] INFO  utils.RetriableTask (RetriableTask.java:call(62)) - Execution of task OM#getScmInfo failed, will be retried in 5000 ms
2019-11-06 16:52:11,691 [Socket Reader #1 for port 40571] WARN  ipc.Server (Server.java:saslProcess(1833)) - Auth failed for 192.168.34.31:34131:null (GSS initiate failed) with true cause: (GSS initiate failed)
2019-11-06 16:52:11,691 [Thread-179] WARN  security.UserGroupInformation (UserGroupInformation.java:hasSufficientTimeElapsed(1221)) - Not attempting to re-login since the last re-login was attempted less than 60 seconds before. Last Login=1573059086742
2019-11-06 16:52:14,817 [Socket Reader #1 for port 40571] WARN  ipc.Server (Server.java:saslProcess(1833)) - Auth failed for 192.168.34.31:37263:null (GSS initiate failed) with true cause: (GSS initiate failed)
2019-11-06 16:52:14,818 [Thread-179] WARN  security.UserGroupInformation (UserGroupInformation.java:hasSufficientTimeElapsed(1221)) - Not attempting to re-login since the last re-login was attempted less than 60 seconds before. Last Login=1573059086742
2019-11-06 16:52:16,435 [Socket Reader #1 for port 40571] WARN  ipc.Server (Server.java:saslProcess(1833)) - Auth failed for 192.168.34.31:44140:null (GSS initiate failed) with true cause: (GSS initiate failed)
2019-11-06 16:52:16,436 [Thread-179] WARN  security.UserGroupInformation (UserGroupInformation.java:hasSufficientTimeElapsed(1221)) - Not attempting to re-login since the last re-login was attempted less than 60 seconds before. Last Login=1573059086742
2019-11-06 16:52:20,549 [Socket Reader #1 for port 40571] WARN  ipc.Server (Server.java:saslProcess(1833)) - Auth failed for 192.168.34.31:32859:null (GSS initiate failed) with true cause: (GSS initiate failed)
2019-11-06 16:52:20,550 [Thread-179] WARN  security.UserGroupInformation (UserGroupInformation.java:hasSufficientTimeElapsed(1221)) - Not attempting to re-login since the last re-login was attempted less than 60 seconds before. Last Login=1573059086742
2019-11-06 16:52:21,785 [Socket Reader #1 for port 40571] WARN  ipc.Server (Server.java:saslProcess(1833)) - Auth failed for 192.168.34.31:36533:null (GSS initiate failed) with true cause: (GSS initiate failed)
2019-11-06 16:52:21,786 [Thread-179] WARN  security.UserGroupInformation (UserGroupInformation.java:hasSufficientTimeElapsed(1221)) - Not attempting to re-login since the last re-login was attempted less than 60 seconds before. Last Login=1573059086742
2019-11-06 16:52:24,569 [Socket Reader #1 for port 40571] WARN  ipc.Server (Server.java:saslProcess(1833)) - Auth failed for 192.168.34.31:43550:null (GSS initiate failed) with true cause: (GSS initiate failed)
2019-11-06 16:52:24,570 [Thread-179] WARN  ipc.Client (Client.java:run(751)) - Couldn't setup connection for om/pr-hdds-2408-9x7cr-207459206@EXAMPLE.COM to 0.0.0.0/0.0.0.0:40571
org.apache.hadoop.ipc.RemoteException(javax.security.sasl.SaslException): GSS initiate failed
	at org.apache.hadoop.security.SaslRpcClient.saslConnect(SaslRpcClient.java:374)
	at org.apache.hadoop.ipc.Client$Connection.setupSaslConnection(Client.java:617)
	at org.apache.hadoop.ipc.Client$Connection.access$2300(Client.java:411)
	at org.apache.hadoop.ipc.Client$Connection$2.run(Client.java:804)
	at org.apache.hadoop.ipc.Client$Connection$2.run(Client.java:800)
	at java.security.AccessController.doPrivileged(Native Method)
	at javax.security.auth.Subject.doAs(Subject.java:422)
	at org.apache.hadoop.security.UserGroupInformation.doAs(UserGroupInformation.java:1730)
	at org.apache.hadoop.ipc.Client$Connection.setupIOstreams(Client.java:800)
	at org.apache.hadoop.ipc.Client$Connection.access$3700(Client.java:411)
	at org.apache.hadoop.ipc.Client.getConnection(Client.java:1572)
	at org.apache.hadoop.ipc.Client.call(Client.java:1403)
	at org.apache.hadoop.ipc.Client.call(Client.java:1367)
	at org.apache.hadoop.ipc.ProtobufRpcEngine$Invoker.invoke(ProtobufRpcEngine.java:228)
	at org.apache.hadoop.ipc.ProtobufRpcEngine$Invoker.invoke(ProtobufRpcEngine.java:116)
	at com.sun.proxy.$Proxy26.send(Unknown Source)
	at org.apache.hadoop.hdds.scm.protocolPB.ScmBlockLocationProtocolClientSideTranslatorPB.submitRequest(ScmBlockLocationProtocolClientSideTranslatorPB.java:107)
	at org.apache.hadoop.hdds.scm.protocolPB.ScmBlockLocationProtocolClientSideTranslatorPB.getScmInfo(ScmBlockLocationProtocolClientSideTranslatorPB.java:227)
	at sun.reflect.NativeMethodAccessorImpl.invoke0(Native Method)
	at sun.reflect.NativeMethodAccessorImpl.invoke(NativeMethodAccessorImpl.java:62)
	at sun.reflect.DelegatingMethodAccessorImpl.invoke(DelegatingMethodAccessorImpl.java:43)
	at java.lang.reflect.Method.invoke(Method.java:498)
	at org.apache.hadoop.hdds.tracing.TraceAllMethod.invoke(TraceAllMethod.java:66)
	at com.sun.proxy.$Proxy27.getScmInfo(Unknown Source)
	at org.apache.hadoop.ozone.om.ScmClient.lambda$getScmInfo$0(ScmClient.java:117)
	at org.apache.hadoop.hdds.utils.RetriableTask.call(RetriableTask.java:56)
	at org.apache.hadoop.ozone.om.ScmClient.getScmInfo(ScmClient.java:118)
	at org.apache.hadoop.ozone.om.init.FullUnsecureInitializer.initialize(FullUnsecureInitializer.java:36)
	at org.apache.hadoop.ozone.om.init.FullSecureInitializer.initialize(FullSecureInitializer.java:33)
	at org.apache.hadoop.ozone.om.init.OzoneManagerStorageInitializer.run(OzoneManagerStorageInitializer.java:64)
	at org.apache.hadoop.ozone.TestSecureOzoneCluster.initializeOmStorage(TestSecureOzoneCluster.java:882)
	at org.apache.hadoop.ozone.TestSecureOzoneCluster.testSecureOmInitSuccess(TestSecureOzoneCluster.java:813)
	at sun.reflect.NativeMethodAccessorImpl.invoke0(Native Method)
	at sun.reflect.NativeMethodAccessorImpl.invoke(NativeMethodAccessorImpl.java:62)
	at sun.reflect.DelegatingMethodAccessorImpl.invoke(DelegatingMethodAccessorImpl.java:43)
	at java.lang.reflect.Method.invoke(Method.java:498)
	at org.junit.runners.model.FrameworkMethod$1.runReflectiveCall(FrameworkMethod.java:47)
	at org.junit.internal.runners.model.ReflectiveCallable.run(ReflectiveCallable.java:12)
	at org.junit.runners.model.FrameworkMethod.invokeExplosively(FrameworkMethod.java:44)
	at org.junit.internal.runners.statements.InvokeMethod.evaluate(InvokeMethod.java:17)
	at org.junit.internal.runners.statements.RunBefores.evaluate(RunBefores.java:26)
	at org.junit.internal.runners.statements.RunAfters.evaluate(RunAfters.java:27)
	at org.junit.internal.runners.statements.FailOnTimeout$StatementThread.run(FailOnTimeout.java:74)
2019-11-06 16:52:24,571 [Thread-179] INFO  utils.RetriableTask (RetriableTask.java:call(62)) - Execution of task OM#getScmInfo failed, will be retried in 5000 ms
2019-11-06 16:52:29,580 [Socket Reader #1 for port 40571] WARN  ipc.Server (Server.java:saslProcess(1833)) - Auth failed for 192.168.34.31:44851:null (GSS initiate failed) with true cause: (GSS initiate failed)
2019-11-06 16:52:29,589 [pool-53-thread-1] INFO  request.KdcRequest (KdcRequest.java:preauth(651)) - The preauth data is empty.
2019-11-06 16:52:29,589 [pool-53-thread-1] INFO  server.KdcHandler (KdcHandler.java:handleRecoverableException(177)) - KRB error occurred while processing request:Additional pre-authentication required
2019-11-06 16:52:29,601 [pool-53-thread-1] INFO  request.AsRequest (AsRequest.java:issueTicket(112)) - AS_REQ ISSUE: authtime 1573059149600,om/pr-hdds-2408-9x7cr-207459206@EXAMPLE.COM for krbtgt/EXAMPLE.COM@EXAMPLE.COM
2019-11-06 16:52:31,744 [pool-53-thread-1] INFO  request.TgsRequest (TgsRequest.java:issueTicket(115)) - TGS_REQ ISSUE: authtime 1573059151743,om/pr-hdds-2408-9x7cr-207459206 for scm/pr-hdds-2408-9x7cr-207459206@EXAMPLE.COM
2019-11-06 16:52:31,752 [Socket Reader #1 for port 40571] WARN  ipc.Server (Server.java:saslProcess(1833)) - Auth failed for 192.168.34.31:33010:null (GSS initiate failed) with true cause: (GSS initiate failed)
2019-11-06 16:52:31,753 [Thread-179] WARN  security.UserGroupInformation (UserGroupInformation.java:hasSufficientTimeElapsed(1221)) - Not attempting to re-login since the last re-login was attempted less than 60 seconds before. Last Login=1573059149581
2019-11-06 16:52:35,977 [Socket Reader #1 for port 40571] WARN  ipc.Server (Server.java:saslProcess(1833)) - Auth failed for 192.168.34.31:37232:null (GSS initiate failed) with true cause: (GSS initiate failed)
2019-11-06 16:52:35,978 [Thread-179] WARN  security.UserGroupInformation (UserGroupInformation.java:hasSufficientTimeElapsed(1221)) - Not attempting to re-login since the last re-login was attempted less than 60 seconds before. Last Login=1573059149581
2019-11-06 16:52:38,990 [Socket Reader #1 for port 40571] WARN  ipc.Server (Server.java:saslProcess(1833)) - Auth failed for 192.168.34.31:37144:null (GSS initiate failed) with true cause: (GSS initiate failed)
2019-11-06 16:52:38,991 [Thread-179] WARN  security.UserGroupInformation (UserGroupInformation.java:hasSufficientTimeElapsed(1221)) - Not attempting to re-login since the last re-login was attempted less than 60 seconds before. Last Login=1573059149581
2019-11-06 16:52:39,662 [Socket Reader #1 for port 40571] WARN  ipc.Server (Server.java:saslProcess(1833)) - Auth failed for 192.168.34.31:38627:null (GSS initiate failed) with true cause: (GSS initiate failed)
2019-11-06 16:52:39,663 [Thread-179] WARN  security.UserGroupInformation (UserGroupInformation.java:hasSufficientTimeElapsed(1221)) - Not attempting to re-login since the last re-login was attempted less than 60 seconds before. Last Login=1573059149581
2019-11-06 16:52:42,703 [Socket Reader #1 for port 40571] WARN  ipc.Server (Server.java:saslProcess(1833)) - Auth failed for 192.168.34.31:42006:null (GSS initiate failed) with true cause: (GSS initiate failed)
2019-11-06 16:52:42,704 [Thread-179] WARN  ipc.Client (Client.java:run(751)) - Couldn't setup connection for om/pr-hdds-2408-9x7cr-207459206@EXAMPLE.COM to 0.0.0.0/0.0.0.0:40571
org.apache.hadoop.ipc.RemoteException(javax.security.sasl.SaslException): GSS initiate failed
	at org.apache.hadoop.security.SaslRpcClient.saslConnect(SaslRpcClient.java:374)
	at org.apache.hadoop.ipc.Client$Connection.setupSaslConnection(Client.java:617)
	at org.apache.hadoop.ipc.Client$Connection.access$2300(Client.java:411)
	at org.apache.hadoop.ipc.Client$Connection$2.run(Client.java:804)
	at org.apache.hadoop.ipc.Client$Connection$2.run(Client.java:800)
	at java.security.AccessController.doPrivileged(Native Method)
	at javax.security.auth.Subject.doAs(Subject.java:422)
	at org.apache.hadoop.security.UserGroupInformation.doAs(UserGroupInformation.java:1730)
	at org.apache.hadoop.ipc.Client$Connection.setupIOstreams(Client.java:800)
	at org.apache.hadoop.ipc.Client$Connection.access$3700(Client.java:411)
	at org.apache.hadoop.ipc.Client.getConnection(Client.java:1572)
	at org.apache.hadoop.ipc.Client.call(Client.java:1403)
	at org.apache.hadoop.ipc.Client.call(Client.java:1367)
	at org.apache.hadoop.ipc.ProtobufRpcEngine$Invoker.invoke(ProtobufRpcEngine.java:228)
	at org.apache.hadoop.ipc.ProtobufRpcEngine$Invoker.invoke(ProtobufRpcEngine.java:116)
	at com.sun.proxy.$Proxy26.send(Unknown Source)
	at org.apache.hadoop.hdds.scm.protocolPB.ScmBlockLocationProtocolClientSideTranslatorPB.submitRequest(ScmBlockLocationProtocolClientSideTranslatorPB.java:107)
	at org.apache.hadoop.hdds.scm.protocolPB.ScmBlockLocationProtocolClientSideTranslatorPB.getScmInfo(ScmBlockLocationProtocolClientSideTranslatorPB.java:227)
	at sun.reflect.NativeMethodAccessorImpl.invoke0(Native Method)
	at sun.reflect.NativeMethodAccessorImpl.invoke(NativeMethodAccessorImpl.java:62)
	at sun.reflect.DelegatingMethodAccessorImpl.invoke(DelegatingMethodAccessorImpl.java:43)
	at java.lang.reflect.Method.invoke(Method.java:498)
	at org.apache.hadoop.hdds.tracing.TraceAllMethod.invoke(TraceAllMethod.java:66)
	at com.sun.proxy.$Proxy27.getScmInfo(Unknown Source)
	at org.apache.hadoop.ozone.om.ScmClient.lambda$getScmInfo$0(ScmClient.java:117)
	at org.apache.hadoop.hdds.utils.RetriableTask.call(RetriableTask.java:56)
	at org.apache.hadoop.ozone.om.ScmClient.getScmInfo(ScmClient.java:118)
	at org.apache.hadoop.ozone.om.init.FullUnsecureInitializer.initialize(FullUnsecureInitializer.java:36)
	at org.apache.hadoop.ozone.om.init.FullSecureInitializer.initialize(FullSecureInitializer.java:33)
	at org.apache.hadoop.ozone.om.init.OzoneManagerStorageInitializer.run(OzoneManagerStorageInitializer.java:64)
	at org.apache.hadoop.ozone.TestSecureOzoneCluster.initializeOmStorage(TestSecureOzoneCluster.java:882)
	at org.apache.hadoop.ozone.TestSecureOzoneCluster.testSecureOmInitSuccess(TestSecureOzoneCluster.java:813)
	at sun.reflect.NativeMethodAccessorImpl.invoke0(Native Method)
	at sun.reflect.NativeMethodAccessorImpl.invoke(NativeMethodAccessorImpl.java:62)
	at sun.reflect.DelegatingMethodAccessorImpl.invoke(DelegatingMethodAccessorImpl.java:43)
	at java.lang.reflect.Method.invoke(Method.java:498)
	at org.junit.runners.model.FrameworkMethod$1.runReflectiveCall(FrameworkMethod.java:47)
	at org.junit.internal.runners.model.ReflectiveCallable.run(ReflectiveCallable.java:12)
	at org.junit.runners.model.FrameworkMethod.invokeExplosively(FrameworkMethod.java:44)
	at org.junit.internal.runners.statements.InvokeMethod.evaluate(InvokeMethod.java:17)
	at org.junit.internal.runners.statements.RunBefores.evaluate(RunBefores.java:26)
	at org.junit.internal.runners.statements.RunAfters.evaluate(RunAfters.java:27)
	at org.junit.internal.runners.statements.FailOnTimeout$StatementThread.run(FailOnTimeout.java:74)
2019-11-06 16:52:42,706 [Thread-179] INFO  utils.RetriableTask (RetriableTask.java:call(62)) - Execution of task OM#getScmInfo failed, will be retried in 5000 ms
2019-11-06 16:52:45,677 [Thread-179] WARN  util.ThreadUtil (ThreadUtil.java:sleepAtLeastIgnoreInterrupts(47)) - interrupted while sleeping
java.lang.InterruptedException: sleep interrupted
	at java.lang.Thread.sleep(Native Method)
	at org.apache.hadoop.util.ThreadUtil.sleepAtLeastIgnoreInterrupts(ThreadUtil.java:45)
	at org.apache.hadoop.hdds.utils.RetriableTask.call(RetriableTask.java:64)
	at org.apache.hadoop.ozone.om.ScmClient.getScmInfo(ScmClient.java:118)
	at org.apache.hadoop.ozone.om.init.FullUnsecureInitializer.initialize(FullUnsecureInitializer.java:36)
	at org.apache.hadoop.ozone.om.init.FullSecureInitializer.initialize(FullSecureInitializer.java:33)
	at org.apache.hadoop.ozone.om.init.OzoneManagerStorageInitializer.run(OzoneManagerStorageInitializer.java:64)
	at org.apache.hadoop.ozone.TestSecureOzoneCluster.initializeOmStorage(TestSecureOzoneCluster.java:882)
	at org.apache.hadoop.ozone.TestSecureOzoneCluster.testSecureOmInitSuccess(TestSecureOzoneCluster.java:813)
	at sun.reflect.NativeMethodAccessorImpl.invoke0(Native Method)
	at sun.reflect.NativeMethodAccessorImpl.invoke(NativeMethodAccessorImpl.java:62)
	at sun.reflect.DelegatingMethodAccessorImpl.invoke(DelegatingMethodAccessorImpl.java:43)
	at java.lang.reflect.Method.invoke(Method.java:498)
	at org.junit.runners.model.FrameworkMethod$1.runReflectiveCall(FrameworkMethod.java:47)
	at org.junit.internal.runners.model.ReflectiveCallable.run(ReflectiveCallable.java:12)
	at org.junit.runners.model.FrameworkMethod.invokeExplosively(FrameworkMethod.java:44)
	at org.junit.internal.runners.statements.InvokeMethod.evaluate(InvokeMethod.java:17)
	at org.junit.internal.runners.statements.RunBefores.evaluate(RunBefores.java:26)
	at org.junit.internal.runners.statements.RunAfters.evaluate(RunAfters.java:27)
	at org.junit.internal.runners.statements.FailOnTimeout$StatementThread.run(FailOnTimeout.java:74)
]]></system-out>
  </testcase>
  <testcase name="testSecureOmInitializationSuccess" classname="org.apache.hadoop.ozone.TestSecureOzoneCluster" time="3.939">
    <failure type="java.lang.AssertionError">java.lang.AssertionError
	at org.junit.Assert.fail(Assert.java:86)
	at org.junit.Assert.assertTrue(Assert.java:41)
	at org.junit.Assert.assertTrue(Assert.java:52)
	at org.apache.hadoop.ozone.TestSecureOzoneCluster.testSecureOmInitializationSuccess(TestSecureOzoneCluster.java:422)
	at sun.reflect.NativeMethodAccessorImpl.invoke0(Native Method)
	at sun.reflect.NativeMethodAccessorImpl.invoke(NativeMethodAccessorImpl.java:62)
	at sun.reflect.DelegatingMethodAccessorImpl.invoke(DelegatingMethodAccessorImpl.java:43)
	at java.lang.reflect.Method.invoke(Method.java:498)
	at org.junit.runners.model.FrameworkMethod$1.runReflectiveCall(FrameworkMethod.java:47)
	at org.junit.internal.runners.model.ReflectiveCallable.run(ReflectiveCallable.java:12)
	at org.junit.runners.model.FrameworkMethod.invokeExplosively(FrameworkMethod.java:44)
	at org.junit.internal.runners.statements.InvokeMethod.evaluate(InvokeMethod.java:17)
	at org.junit.internal.runners.statements.RunBefores.evaluate(RunBefores.java:26)
	at org.junit.internal.runners.statements.RunAfters.evaluate(RunAfters.java:27)
	at org.junit.internal.runners.statements.FailOnTimeout$StatementThread.run(FailOnTimeout.java:74)
</failure>
    <system-out><![CDATA[2019-11-06 16:52:45,720 [Thread-241] INFO  net.ServerSocketUtil (ServerSocketUtil.java:getPort(53)) - Using port 9860
2019-11-06 16:52:45,721 [Thread-241] INFO  net.ServerSocketUtil (ServerSocketUtil.java:getPort(53)) - Using port 9861
2019-11-06 16:52:45,721 [Thread-241] INFO  net.ServerSocketUtil (ServerSocketUtil.java:getPort(53)) - Using port 9863
2019-11-06 16:52:45,721 [Thread-241] INFO  net.ServerSocketUtil (ServerSocketUtil.java:getPort(61)) - Port is already in use; trying again
2019-11-06 16:52:45,721 [Thread-241] INFO  net.ServerSocketUtil (ServerSocketUtil.java:getPort(53)) - Using port 29176
2019-11-06 16:52:45,722 [Thread-241] INFO  minikdc.MiniKdc (MiniKdc.java:<init>(225)) - Configuration:
2019-11-06 16:52:45,722 [Thread-241] INFO  minikdc.MiniKdc (MiniKdc.java:<init>(226)) - ---------------------------------------------------------------
2019-11-06 16:52:45,723 [Thread-241] INFO  minikdc.MiniKdc (MiniKdc.java:<init>(228)) -   debug: false
2019-11-06 16:52:45,723 [Thread-241] INFO  minikdc.MiniKdc (MiniKdc.java:<init>(228)) -   transport: TCP
2019-11-06 16:52:45,723 [Thread-241] INFO  minikdc.MiniKdc (MiniKdc.java:<init>(228)) -   max.ticket.lifetime: 86400000
2019-11-06 16:52:45,723 [Thread-241] INFO  minikdc.MiniKdc (MiniKdc.java:<init>(228)) -   org.name: EXAMPLE
2019-11-06 16:52:45,723 [Thread-241] INFO  minikdc.MiniKdc (MiniKdc.java:<init>(228)) -   kdc.port: 0
2019-11-06 16:52:45,723 [Thread-241] INFO  minikdc.MiniKdc (MiniKdc.java:<init>(228)) -   org.domain: COM
2019-11-06 16:52:45,723 [Thread-241] INFO  minikdc.MiniKdc (MiniKdc.java:<init>(228)) -   max.renewable.lifetime: 604800000
2019-11-06 16:52:45,723 [Thread-241] INFO  minikdc.MiniKdc (MiniKdc.java:<init>(228)) -   instance: DefaultKrbServer
2019-11-06 16:52:45,723 [Thread-241] INFO  minikdc.MiniKdc (MiniKdc.java:<init>(228)) -   kdc.bind.address: localhost
2019-11-06 16:52:45,724 [Thread-241] INFO  minikdc.MiniKdc (MiniKdc.java:<init>(230)) - ---------------------------------------------------------------
2019-11-06 16:52:45,727 [Thread-241] INFO  minikdc.MiniKdc (MiniKdc.java:start(285)) - MiniKdc started.
2019-11-06 16:52:46,211 [Thread-241] WARN  server.ServerUtils (ServerUtils.java:getScmDbDir(145)) - ozone.scm.db.dirs is not configured. We recommend adding this setting. Falling back to ozone.metadata.dirs instead.
2019-11-06 16:52:46,236 [Thread-241] WARN  server.ServerUtils (ServerUtils.java:getScmDbDir(145)) - ozone.scm.db.dirs is not configured. We recommend adding this setting. Falling back to ozone.metadata.dirs instead.
2019-11-06 16:52:46,245 [pool-60-thread-1] INFO  request.KdcRequest (KdcRequest.java:preauth(651)) - The preauth data is empty.
2019-11-06 16:52:46,246 [pool-60-thread-1] INFO  server.KdcHandler (KdcHandler.java:handleRecoverableException(177)) - KRB error occurred while processing request:Additional pre-authentication required
2019-11-06 16:52:46,254 [pool-60-thread-1] INFO  request.AsRequest (AsRequest.java:issueTicket(112)) - AS_REQ ISSUE: authtime 1573059166253,scm/pr-hdds-2408-9x7cr-207459206@EXAMPLE.COM for krbtgt/EXAMPLE.COM@EXAMPLE.COM
2019-11-06 16:52:46,256 [Thread-241] INFO  security.UserGroupInformation (UserGroupInformation.java:loginUserFromKeytab(1009)) - Login successful for user scm/pr-hdds-2408-9x7cr-207459206@EXAMPLE.COM using keytab file /workdir/hadoop-ozone/integration-test/target/test-dir/TestSecureOzoneCluster/scm.keytab
2019-11-06 16:52:46,256 [Thread-241] INFO  server.StorageContainerManager (StorageContainerManager.java:loginAsSCMUser(515)) - SCM login successful.
2019-11-06 16:52:46,257 [Thread-241] WARN  server.ServerUtils (ServerUtils.java:getScmDbDir(145)) - ozone.scm.db.dirs is not configured. We recommend adding this setting. Falling back to ozone.metadata.dirs instead.
2019-11-06 16:52:46,258 [Thread-241] INFO  db.DBStoreBuilder (DBStoreBuilder.java:addTable(127)) - using custom profile for table: deletedBlocks
2019-11-06 16:52:46,258 [Thread-241] INFO  db.DBStoreBuilder (DBStoreBuilder.java:processTables(183)) - Using default column profile:DBProfile.DISK for Table:deletedBlocks
2019-11-06 16:52:46,258 [Thread-241] INFO  db.DBStoreBuilder (DBStoreBuilder.java:addTable(127)) - using custom profile for table: validCerts
2019-11-06 16:52:46,258 [Thread-241] INFO  db.DBStoreBuilder (DBStoreBuilder.java:processTables(183)) - Using default column profile:DBProfile.DISK for Table:validCerts
2019-11-06 16:52:46,259 [Thread-241] INFO  db.DBStoreBuilder (DBStoreBuilder.java:addTable(127)) - using custom profile for table: revokedCerts
2019-11-06 16:52:46,259 [Thread-241] INFO  db.DBStoreBuilder (DBStoreBuilder.java:processTables(183)) - Using default column profile:DBProfile.DISK for Table:revokedCerts
2019-11-06 16:52:46,259 [Thread-241] INFO  db.DBStoreBuilder (DBStoreBuilder.java:addTable(127)) - using custom profile for table: default
2019-11-06 16:52:46,259 [Thread-241] INFO  db.DBStoreBuilder (DBStoreBuilder.java:processTables(189)) - Using default column profile:DBProfile.DISK for Table:default
2019-11-06 16:52:46,260 [Thread-241] INFO  db.DBStoreBuilder (DBStoreBuilder.java:getDbProfile(220)) - Using default options. DBProfile.DISK
2019-11-06 16:52:46,597 [Thread-241] INFO  ipc.CallQueueManager (CallQueueManager.java:<init>(84)) - Using callQueue: class java.util.concurrent.LinkedBlockingQueue, queueCapacity: 200, scheduler: class org.apache.hadoop.ipc.DefaultRpcScheduler, ipcBackoff: false.
2019-11-06 16:52:46,598 [Socket Reader #1 for port 29176] INFO  ipc.Server (Server.java:run(1074)) - Starting Socket Reader #1 for port 29176
2019-11-06 16:52:46,601 [Thread-241] INFO  net.NodeSchemaLoader (NodeSchemaLoader.java:loadSchemaFromFile(125)) - Loading file from sun.misc.CompoundEnumeration@32ebc825
2019-11-06 16:52:46,601 [Thread-241] INFO  net.NodeSchemaLoader (NodeSchemaLoader.java:loadSchema(171)) - Loading network topology layer schema file
2019-11-06 16:52:46,605 [Thread-241] INFO  node.SCMNodeManager (SCMNodeManager.java:<init>(116)) - Entering startup safe mode.
2019-11-06 16:52:46,606 [Thread-241] INFO  algorithms.ContainerPlacementPolicyFactory (ContainerPlacementPolicyFactory.java:getPolicy(57)) - Create container placement policy of type org.apache.hadoop.hdds.scm.container.placement.algorithms.SCMContainerPlacementRandom
2019-11-06 16:52:46,606 [Thread-241] WARN  server.ServerUtils (ServerUtils.java:getScmDbDir(145)) - ozone.scm.db.dirs is not configured. We recommend adding this setting. Falling back to ozone.metadata.dirs instead.
2019-11-06 16:52:46,705 [Thread-241] INFO  pipeline.SCMPipelineManager (SCMPipelineManager.java:initializePipelineState(132)) - No pipeline exists in current db
2019-11-06 16:52:46,705 [Thread-241] WARN  server.ServerUtils (ServerUtils.java:getScmDbDir(145)) - ozone.scm.db.dirs is not configured. We recommend adding this setting. Falling back to ozone.metadata.dirs instead.
2019-11-06 16:52:46,786 [Thread-241] WARN  events.EventQueue (EventQueue.java:fireEvent(183)) - No event handler registered for event TypedEvent{payloadType=SafeModeStatus, name='SafeModeStatus'}
2019-11-06 16:52:46,789 [Thread-241] INFO  ipc.CallQueueManager (CallQueueManager.java:<init>(84)) - Using callQueue: class java.util.concurrent.LinkedBlockingQueue, queueCapacity: 1000, scheduler: class org.apache.hadoop.ipc.DefaultRpcScheduler, ipcBackoff: false.
2019-11-06 16:52:46,790 [Socket Reader #1 for port 9861] INFO  ipc.Server (Server.java:run(1074)) - Starting Socket Reader #1 for port 9861
2019-11-06 16:52:46,794 [Thread-241] INFO  ipc.CallQueueManager (CallQueueManager.java:<init>(84)) - Using callQueue: class java.util.concurrent.LinkedBlockingQueue, queueCapacity: 1000, scheduler: class org.apache.hadoop.ipc.DefaultRpcScheduler, ipcBackoff: false.
2019-11-06 16:52:46,795 [Socket Reader #1 for port 9863] INFO  ipc.Server (Server.java:run(1074)) - Starting Socket Reader #1 for port 9863
2019-11-06 16:52:46,798 [Thread-241] INFO  ipc.CallQueueManager (CallQueueManager.java:<init>(84)) - Using callQueue: class java.util.concurrent.LinkedBlockingQueue, queueCapacity: 1000, scheduler: class org.apache.hadoop.ipc.DefaultRpcScheduler, ipcBackoff: false.
2019-11-06 16:52:46,800 [Socket Reader #1 for port 9860] INFO  ipc.Server (Server.java:run(1074)) - Starting Socket Reader #1 for port 9860
2019-11-06 16:52:46,805 [Thread-241] INFO  hdfs.DFSUtil (DFSUtil.java:httpServerTemplateForNNAndJN(1629)) - Starting web server as: HTTP_SCM/pr-hdds-2408-9x7cr-207459206@EXAMPLE.COM
2019-11-06 16:52:46,805 [Thread-241] INFO  hdfs.DFSUtil (DFSUtil.java:httpServerTemplateForNNAndJN(1641)) - Starting Web-server for scm at: http://0.0.0.0:9876
2019-11-06 16:52:46,808 [Thread-241] INFO  server.AuthenticationFilter (AuthenticationFilter.java:constructSecretProvider(240)) - Unable to initialize FileSignerSecretProvider, falling back to use random secrets.
2019-11-06 16:52:46,809 [Thread-241] WARN  http.HttpRequestLog (HttpRequestLog.java:getRequestLog(97)) - Jetty request log can only be enabled using Log4j
2019-11-06 16:52:46,812 [Thread-241] INFO  http.HttpServer2 (HttpServer2.java:addGlobalFilter(975)) - Added global filter 'safety' (class=org.apache.hadoop.http.HttpServer2$QuotingInputFilter)
2019-11-06 16:52:46,813 [Thread-241] INFO  http.HttpServer2 (HttpServer2.java:addFilter(948)) - Added filter static_user_filter (class=org.apache.hadoop.http.lib.StaticUserWebFilter$StaticUserFilter) to context scm
2019-11-06 16:52:46,813 [Thread-241] INFO  http.HttpServer2 (HttpServer2.java:addFilter(958)) - Added filter static_user_filter (class=org.apache.hadoop.http.lib.StaticUserWebFilter$StaticUserFilter) to context static
2019-11-06 16:52:46,814 [Thread-241] INFO  http.HttpServer2 (HttpServer2.java:addFilter(958)) - Added filter static_user_filter (class=org.apache.hadoop.http.lib.StaticUserWebFilter$StaticUserFilter) to context logs
2019-11-06 16:52:46,824 [Thread-241] WARN  server.ServerUtils (ServerUtils.java:getDBPath(222)) - ozone.om.db.dirs is not configured. We recommend adding this setting. Falling back to ozone.metadata.dirs instead.
2019-11-06 16:52:46,839 [Thread-241] INFO  ha.OMHANodeDetails (OMHANodeDetails.java:loadOMHAConfig(190)) - Configuration either no ozone.om.address set. Falling back to the default OM address /0.0.0.0:9862
2019-11-06 16:52:46,839 [Thread-241] INFO  ha.OMHANodeDetails (OMHANodeDetails.java:getOMNodeDetails(220)) - OM Service ID is not set. Setting it to the default ID: omServiceIdDefault
2019-11-06 16:52:46,840 [Thread-241] WARN  server.ServerUtils (ServerUtils.java:getDBPath(222)) - ozone.om.db.dirs is not configured. We recommend adding this setting. Falling back to ozone.metadata.dirs instead.
2019-11-06 16:52:46,847 [pool-60-thread-1] INFO  request.KdcRequest (KdcRequest.java:preauth(651)) - The preauth data is empty.
2019-11-06 16:52:46,848 [pool-60-thread-1] INFO  server.KdcHandler (KdcHandler.java:handleRecoverableException(177)) - KRB error occurred while processing request:Additional pre-authentication required
2019-11-06 16:52:46,856 [pool-60-thread-1] INFO  request.AsRequest (AsRequest.java:issueTicket(112)) - AS_REQ ISSUE: authtime 1573059166856,om/pr-hdds-2408-9x7cr-207459206@EXAMPLE.COM for krbtgt/EXAMPLE.COM@EXAMPLE.COM
2019-11-06 16:52:46,859 [Thread-241] INFO  security.UserGroupInformation (UserGroupInformation.java:loginUserFromKeytab(1009)) - Login successful for user om/pr-hdds-2408-9x7cr-207459206@EXAMPLE.COM using keytab file /workdir/hadoop-ozone/integration-test/target/test-dir/TestSecureOzoneCluster/om.keytab
2019-11-06 16:52:46,859 [Thread-241] INFO  ozone.OzoneSecurityUtil (OzoneSecurityUtil.java:login(93)) - om/pr-hdds-2408-9x7cr-207459206@EXAMPLE.COM logged in successfully.
2019-11-06 16:52:46,859 [Thread-241] WARN  server.ServerUtils (ServerUtils.java:getDBPath(222)) - ozone.om.db.dirs is not configured. We recommend adding this setting. Falling back to ozone.metadata.dirs instead.
2019-11-06 16:52:46,861 [Thread-241] WARN  server.ServerUtils (ServerUtils.java:getDBPath(222)) - ozone.om.db.dirs is not configured. We recommend adding this setting. Falling back to ozone.metadata.dirs instead.
2019-11-06 16:52:46,862 [Thread-241] INFO  db.DBStoreBuilder (DBStoreBuilder.java:addTable(127)) - using custom profile for table: userTable
2019-11-06 16:52:46,862 [Thread-241] INFO  db.DBStoreBuilder (DBStoreBuilder.java:processTables(183)) - Using default column profile:DBProfile.DISK for Table:userTable
2019-11-06 16:52:46,862 [Thread-241] INFO  db.DBStoreBuilder (DBStoreBuilder.java:addTable(127)) - using custom profile for table: volumeTable
2019-11-06 16:52:46,862 [Thread-241] INFO  db.DBStoreBuilder (DBStoreBuilder.java:processTables(183)) - Using default column profile:DBProfile.DISK for Table:volumeTable
2019-11-06 16:52:46,863 [Thread-241] INFO  db.DBStoreBuilder (DBStoreBuilder.java:addTable(127)) - using custom profile for table: bucketTable
2019-11-06 16:52:46,863 [Thread-241] INFO  db.DBStoreBuilder (DBStoreBuilder.java:processTables(183)) - Using default column profile:DBProfile.DISK for Table:bucketTable
2019-11-06 16:52:46,863 [Thread-241] INFO  db.DBStoreBuilder (DBStoreBuilder.java:addTable(127)) - using custom profile for table: keyTable
2019-11-06 16:52:46,863 [Thread-241] INFO  db.DBStoreBuilder (DBStoreBuilder.java:processTables(183)) - Using default column profile:DBProfile.DISK for Table:keyTable
2019-11-06 16:52:46,864 [Thread-241] INFO  db.DBStoreBuilder (DBStoreBuilder.java:addTable(127)) - using custom profile for table: deletedTable
2019-11-06 16:52:46,864 [Thread-241] INFO  db.DBStoreBuilder (DBStoreBuilder.java:processTables(183)) - Using default column profile:DBProfile.DISK for Table:deletedTable
2019-11-06 16:52:46,864 [Thread-241] INFO  db.DBStoreBuilder (DBStoreBuilder.java:addTable(127)) - using custom profile for table: openKeyTable
2019-11-06 16:52:46,864 [Thread-241] INFO  db.DBStoreBuilder (DBStoreBuilder.java:processTables(183)) - Using default column profile:DBProfile.DISK for Table:openKeyTable
2019-11-06 16:52:46,864 [Thread-241] INFO  db.DBStoreBuilder (DBStoreBuilder.java:addTable(127)) - using custom profile for table: s3Table
2019-11-06 16:52:46,865 [Thread-241] INFO  db.DBStoreBuilder (DBStoreBuilder.java:processTables(183)) - Using default column profile:DBProfile.DISK for Table:s3Table
2019-11-06 16:52:46,865 [Thread-241] INFO  db.DBStoreBuilder (DBStoreBuilder.java:addTable(127)) - using custom profile for table: multipartInfoTable
2019-11-06 16:52:46,865 [Thread-241] INFO  db.DBStoreBuilder (DBStoreBuilder.java:processTables(183)) - Using default column profile:DBProfile.DISK for Table:multipartInfoTable
2019-11-06 16:52:46,865 [Thread-241] INFO  db.DBStoreBuilder (DBStoreBuilder.java:addTable(127)) - using custom profile for table: dTokenTable
2019-11-06 16:52:46,865 [Thread-241] INFO  db.DBStoreBuilder (DBStoreBuilder.java:processTables(183)) - Using default column profile:DBProfile.DISK for Table:dTokenTable
2019-11-06 16:52:46,866 [Thread-241] INFO  db.DBStoreBuilder (DBStoreBuilder.java:addTable(127)) - using custom profile for table: s3SecretTable
2019-11-06 16:52:46,866 [Thread-241] INFO  db.DBStoreBuilder (DBStoreBuilder.java:processTables(183)) - Using default column profile:DBProfile.DISK for Table:s3SecretTable
2019-11-06 16:52:46,866 [Thread-241] INFO  db.DBStoreBuilder (DBStoreBuilder.java:addTable(127)) - using custom profile for table: prefixTable
2019-11-06 16:52:46,866 [Thread-241] INFO  db.DBStoreBuilder (DBStoreBuilder.java:processTables(183)) - Using default column profile:DBProfile.DISK for Table:prefixTable
2019-11-06 16:52:46,866 [Thread-241] INFO  db.DBStoreBuilder (DBStoreBuilder.java:addTable(127)) - using custom profile for table: default
2019-11-06 16:52:46,867 [Thread-241] INFO  db.DBStoreBuilder (DBStoreBuilder.java:processTables(189)) - Using default column profile:DBProfile.DISK for Table:default
2019-11-06 16:52:46,867 [Thread-241] INFO  db.DBStoreBuilder (DBStoreBuilder.java:getDbProfile(220)) - Using default options. DBProfile.DISK
2019-11-06 16:52:47,251 [Thread-241] INFO  Configuration.deprecation (Configuration.java:logDeprecation(1394)) - No unit for ozone.manager.delegation.remover.scan.interval(3600000) assuming MILLISECONDS
2019-11-06 16:52:47,251 [Thread-241] INFO  security.OzoneSecretStore (OzoneSecretStore.java:loadState(69)) - Loaded 0 tokens
2019-11-06 16:52:47,252 [Thread-241] INFO  security.OzoneDelegationTokenSecretManager (OzoneDelegationTokenSecretManager.java:loadTokenSecretState(426)) - Loading token state into token manager.
2019-11-06 16:52:47,261 [Thread-241] INFO  ipc.CallQueueManager (CallQueueManager.java:<init>(84)) - Using callQueue: class java.util.concurrent.LinkedBlockingQueue, queueCapacity: 2000, scheduler: class org.apache.hadoop.ipc.DefaultRpcScheduler, ipcBackoff: false.
2019-11-06 16:52:47,262 [Socket Reader #1 for port 9862] INFO  ipc.Server (Server.java:run(1074)) - Starting Socket Reader #1 for port 9862
2019-11-06 16:52:47,275 [Thread-241] INFO  om.OzoneManager (OzoneManager.java:start(852)) - OzoneManager RPC server is listening at /0.0.0.0:9862
2019-11-06 16:52:47,276 [Thread-241] INFO  impl.MetricsSystemImpl (MetricsSystemImpl.java:init(158)) - OzoneManager metrics system started (again)
2019-11-06 16:52:47,276 [Thread-241] INFO  om.OzoneManager (OzoneManager.java:readKeyPair(697)) - Reading keypair and certificate from file system.
2019-11-06 16:52:47,278 [Thread-241] ERROR om.OzoneManager (OzoneManager.java:startSecretManager(658)) - Unable to read key pair for OM.
org.apache.hadoop.ozone.security.OzoneSecurityException: Error reading keypair & certificate OzoneManager.
	at org.apache.hadoop.ozone.om.OzoneManager.readKeyPair(OzoneManager.java:704)
	at org.apache.hadoop.ozone.om.OzoneManager.startSecretManager(OzoneManager.java:656)
	at org.apache.hadoop.ozone.om.OzoneManager.startSecretManagerIfNecessary(OzoneManager.java:1102)
	at org.apache.hadoop.ozone.om.OzoneManager.start(OzoneManager.java:866)
	at org.apache.hadoop.ozone.TestSecureOzoneCluster.testSecureOmInitializationSuccess(TestSecureOzoneCluster.java:418)
	at sun.reflect.NativeMethodAccessorImpl.invoke0(Native Method)
	at sun.reflect.NativeMethodAccessorImpl.invoke(NativeMethodAccessorImpl.java:62)
	at sun.reflect.DelegatingMethodAccessorImpl.invoke(DelegatingMethodAccessorImpl.java:43)
	at java.lang.reflect.Method.invoke(Method.java:498)
	at org.junit.runners.model.FrameworkMethod$1.runReflectiveCall(FrameworkMethod.java:47)
	at org.junit.internal.runners.model.ReflectiveCallable.run(ReflectiveCallable.java:12)
	at org.junit.runners.model.FrameworkMethod.invokeExplosively(FrameworkMethod.java:44)
	at org.junit.internal.runners.statements.InvokeMethod.evaluate(InvokeMethod.java:17)
	at org.junit.internal.runners.statements.RunBefores.evaluate(RunBefores.java:26)
	at org.junit.internal.runners.statements.RunAfters.evaluate(RunAfters.java:27)
	at org.junit.internal.runners.statements.FailOnTimeout$StatementThread.run(FailOnTimeout.java:74)
Caused by: java.lang.NullPointerException
	at java.util.Objects.requireNonNull(Objects.java:203)
	at org.apache.hadoop.ozone.om.OzoneManager.readKeyPair(OzoneManager.java:700)
	... 15 more
2019-11-06 16:52:47,278 [Thread-241] INFO  impl.DefaultInternalKdcServerImpl (DefaultInternalKdcServerImpl.java:doStop(102)) - Default Internal kdc server stopped.
2019-11-06 16:52:47,716 [Socket Reader #1 for port 40571] WARN  ipc.Server (Server.java:saslProcess(1833)) - Auth failed for 192.168.34.31:41192:null (GSS initiate failed) with true cause: (GSS initiate failed)
2019-11-06 16:52:47,717 [Thread-179] WARN  ipc.Client (Client.java:run(755)) - Exception encountered while connecting to the server : org.apache.hadoop.ipc.RemoteException(javax.security.sasl.SaslException): GSS initiate failed
2019-11-06 16:52:47,717 [Thread-179] INFO  utils.RetriableTask (RetriableTask.java:call(62)) - Execution of task OM#getScmInfo failed, will be retried in 5000 ms
2019-11-06 16:52:48,279 [Thread-241] INFO  minikdc.MiniKdc (MiniKdc.java:stop(359)) - MiniKdc stopped.
2019-11-06 16:52:48,279 [Thread-241] INFO  server.StorageContainerManager (StorageContainerManager.java:stop(802)) - Stopping Replication Manager Service.
2019-11-06 16:52:48,279 [Thread-241] INFO  container.ReplicationManager (ReplicationManager.java:stop(209)) - Replication Monitor Thread is not running.
2019-11-06 16:52:48,279 [Thread-241] INFO  server.StorageContainerManager (StorageContainerManager.java:stop(809)) - Stopping Lease Manager of the command watchers
2019-11-06 16:52:48,280 [Thread-241] ERROR server.StorageContainerManager (StorageContainerManager.java:stop(812)) - Lease Manager of the command watchers stop failed
2019-11-06 16:52:48,280 [Thread-241] INFO  server.StorageContainerManager (StorageContainerManager.java:stop(816)) - Stopping datanode service RPC server
2019-11-06 16:52:48,280 [Thread-241] INFO  server.SCMDatanodeProtocolServer (SCMDatanodeProtocolServer.java:stop(346)) - Stopping the RPC server for DataNodes
2019-11-06 16:52:48,280 [Thread-241] INFO  ipc.Server (Server.java:stop(3082)) - Stopping server on 9861
2019-11-06 16:52:49,605 [SCM Heartbeat Processing Thread - 0] WARN  node.NodeStateManager (NodeStateManager.java:scheduleNextHealthCheck(646)) - Current Thread is interrupted, shutting down HB processing thread for Node Manager.
2019-11-06 16:52:49,607 [Thread-241] INFO  server.StorageContainerManager (StorageContainerManager.java:stop(824)) - Stopping block service RPC server
2019-11-06 16:52:49,607 [Thread-241] INFO  server.SCMBlockProtocolServer (SCMBlockProtocolServer.java:stop(155)) - Stopping the RPC server for Block Protocol
2019-11-06 16:52:49,608 [Thread-241] INFO  ipc.Server (Server.java:stop(3082)) - Stopping server on 9863
2019-11-06 16:52:49,608 [Thread-241] INFO  server.StorageContainerManager (StorageContainerManager.java:stop(831)) - Stopping the StorageContainerLocationProtocol RPC server
2019-11-06 16:52:49,609 [Thread-241] INFO  server.SCMClientProtocolServer (SCMClientProtocolServer.java:stop(168)) - Stopping the RPC server for Client Protocol
2019-11-06 16:52:49,609 [Thread-241] INFO  ipc.Server (Server.java:stop(3082)) - Stopping server on 9860
2019-11-06 16:52:49,610 [Thread-241] INFO  server.StorageContainerManager (StorageContainerManager.java:stop(838)) - Stopping Storage Container Manager HTTP server.
2019-11-06 16:52:49,611 [Thread-241] INFO  server.SCMClientProtocolServer (SCMSecurityProtocolServer.java:stop(212)) - Stopping the SCMSecurityProtocolServer.
2019-11-06 16:52:49,612 [Thread-241] INFO  ipc.Server (Server.java:stop(3082)) - Stopping server on 29176
2019-11-06 16:52:49,612 [Thread-241] INFO  server.StorageContainerManager (StorageContainerManager.java:stop(849)) - Stopping Block Manager Service.
2019-11-06 16:52:49,612 [Thread-241] INFO  utils.BackgroundService (BackgroundService.java:shutdown(151)) - Shutting down service SCMBlockDeletingService
2019-11-06 16:52:49,613 [Thread-241] INFO  utils.BackgroundService (BackgroundService.java:shutdown(151)) - Shutting down service SCMBlockDeletingService
2019-11-06 16:52:49,623 [Thread-241] INFO  server.StorageContainerManager (StorageContainerManager.java:stop(871)) - Stopping SCM Event Queue.
2019-11-06 16:52:49,628 [Thread-241] INFO  ipc.Server (Server.java:stop(3082)) - Stopping server on 9862
2019-11-06 16:52:49,628 [Thread-241] INFO  ratis.OzoneManagerDoubleBuffer (OzoneManagerDoubleBuffer.java:stop(261)) - Stopping OMDoubleBuffer flush thread
2019-11-06 16:52:49,629 [OMDoubleBufferFlushThread] INFO  ratis.OzoneManagerDoubleBuffer (OzoneManagerDoubleBuffer.java:flushTransactions(199)) - OMDoubleBuffer flush thread OMDoubleBufferFlushThread is interrupted and will exit. OMDoubleBufferFlushThread
2019-11-06 16:52:49,629 [Thread-241] INFO  om.OzoneManager (OzoneManager.java:stopSecretManager(644)) - Stopping OM delegation token secret manager.
]]></system-out>
  </testcase>
  <testcase name="testGetS3Secret" classname="org.apache.hadoop.ozone.TestSecureOzoneCluster" time="2.068"/>
  <testcase name="testSecureScmStartupSuccess" classname="org.apache.hadoop.ozone.TestSecureOzoneCluster" time="4.064"/>
  <testcase name="testSecureOMInitializationFailure" classname="org.apache.hadoop.ozone.TestSecureOzoneCluster" time="3.627">
    <error message="Login failed for non-existent-user@EXAMPLE.com with keytab: /workdir/hadoop-ozone/integration-test/target/test-dir/TestSecureOzoneCluster/om.keytab" type="org.apache.hadoop.security.authentication.client.AuthenticationException"><![CDATA[org.apache.hadoop.security.authentication.client.AuthenticationException: Login failed for non-existent-user@EXAMPLE.com with keytab: /workdir/hadoop-ozone/integration-test/target/test-dir/TestSecureOzoneCluster/om.keytab
	at org.apache.hadoop.ozone.OzoneSecurityUtil.login(OzoneSecurityUtil.java:91)
	at org.apache.hadoop.ozone.om.OzoneManager.<init>(OzoneManager.java:310)
	at org.apache.hadoop.ozone.om.OzoneManager.createOm(OzoneManager.java:753)
	at org.apache.hadoop.ozone.TestSecureOzoneCluster.lambda$testSecureOMInitializationFailure$5(TestSecureOzoneCluster.java:400)
	at org.apache.hadoop.test.LambdaTestUtils.intercept(LambdaTestUtils.java:491)
	at org.apache.hadoop.test.LambdaTestUtils.intercept(LambdaTestUtils.java:377)
	at org.apache.hadoop.test.LambdaTestUtils.intercept(LambdaTestUtils.java:446)
	at org.apache.hadoop.ozone.TestSecureOzoneCluster.testCommonKerberosFailures(TestSecureOzoneCluster.java:371)
	at org.apache.hadoop.ozone.TestSecureOzoneCluster.testSecureOMInitializationFailure(TestSecureOzoneCluster.java:400)
	at sun.reflect.NativeMethodAccessorImpl.invoke0(Native Method)
	at sun.reflect.NativeMethodAccessorImpl.invoke(NativeMethodAccessorImpl.java:62)
	at sun.reflect.DelegatingMethodAccessorImpl.invoke(DelegatingMethodAccessorImpl.java:43)
	at java.lang.reflect.Method.invoke(Method.java:498)
	at org.junit.runners.model.FrameworkMethod$1.runReflectiveCall(FrameworkMethod.java:47)
	at org.junit.internal.runners.model.ReflectiveCallable.run(ReflectiveCallable.java:12)
	at org.junit.runners.model.FrameworkMethod.invokeExplosively(FrameworkMethod.java:44)
	at org.junit.internal.runners.statements.InvokeMethod.evaluate(InvokeMethod.java:17)
	at org.junit.internal.runners.statements.RunBefores.evaluate(RunBefores.java:26)
	at org.junit.internal.runners.statements.RunAfters.evaluate(RunAfters.java:27)
	at org.junit.internal.runners.statements.FailOnTimeout$StatementThread.run(FailOnTimeout.java:74)
Caused by: org.apache.hadoop.security.KerberosAuthException: failure to login: for principal: non-existent-user@EXAMPLE.com from keytab /workdir/hadoop-ozone/integration-test/target/test-dir/TestSecureOzoneCluster/om.keytab javax.security.auth.login.LoginException: Unable to obtain password from user

	at org.apache.hadoop.security.UserGroupInformation.doSubjectLogin(UserGroupInformation.java:1847)
	at org.apache.hadoop.security.UserGroupInformation.loginUserFromKeytabAndReturnUGI(UserGroupInformation.java:1215)
	at org.apache.hadoop.security.UserGroupInformation.loginUserFromKeytab(UserGroupInformation.java:1008)
	at org.apache.hadoop.security.SecurityUtil.login(SecurityUtil.java:315)
	at org.apache.hadoop.ozone.OzoneSecurityUtil.login(OzoneSecurityUtil.java:87)
	... 19 more
Caused by: javax.security.auth.login.LoginException: Unable to obtain password from user

	at com.sun.security.auth.module.Krb5LoginModule.promptForPass(Krb5LoginModule.java:897)
	at com.sun.security.auth.module.Krb5LoginModule.attemptAuthentication(Krb5LoginModule.java:760)
	at com.sun.security.auth.module.Krb5LoginModule.login(Krb5LoginModule.java:617)
	at sun.reflect.GeneratedMethodAccessor19.invoke(Unknown Source)
	at sun.reflect.DelegatingMethodAccessorImpl.invoke(DelegatingMethodAccessorImpl.java:43)
	at java.lang.reflect.Method.invoke(Method.java:498)
	at javax.security.auth.login.LoginContext.invoke(LoginContext.java:755)
	at javax.security.auth.login.LoginContext.access$000(LoginContext.java:195)
	at javax.security.auth.login.LoginContext$4.run(LoginContext.java:682)
	at javax.security.auth.login.LoginContext$4.run(LoginContext.java:680)
	at java.security.AccessController.doPrivileged(Native Method)
	at javax.security.auth.login.LoginContext.invokePriv(LoginContext.java:680)
	at javax.security.auth.login.LoginContext.login(LoginContext.java:587)
	at org.apache.hadoop.security.UserGroupInformation$HadoopLoginContext.login(UserGroupInformation.java:1926)
	at org.apache.hadoop.security.UserGroupInformation.doSubjectLogin(UserGroupInformation.java:1837)
	... 23 more
]]></error>
    <system-out><![CDATA[2019-11-06 16:52:55,793 [Thread-315] INFO  net.ServerSocketUtil (ServerSocketUtil.java:getPort(53)) - Using port 9860
2019-11-06 16:52:55,793 [Thread-315] INFO  net.ServerSocketUtil (ServerSocketUtil.java:getPort(53)) - Using port 9861
2019-11-06 16:52:55,794 [Thread-315] INFO  net.ServerSocketUtil (ServerSocketUtil.java:getPort(53)) - Using port 9863
2019-11-06 16:52:55,794 [Thread-315] INFO  net.ServerSocketUtil (ServerSocketUtil.java:getPort(61)) - Port is already in use; trying again
2019-11-06 16:52:55,794 [Thread-315] INFO  net.ServerSocketUtil (ServerSocketUtil.java:getPort(53)) - Using port 63077
2019-11-06 16:52:55,795 [Thread-315] INFO  minikdc.MiniKdc (MiniKdc.java:<init>(225)) - Configuration:
2019-11-06 16:52:55,795 [Thread-315] INFO  minikdc.MiniKdc (MiniKdc.java:<init>(226)) - ---------------------------------------------------------------
2019-11-06 16:52:55,795 [Thread-315] INFO  minikdc.MiniKdc (MiniKdc.java:<init>(228)) -   debug: false
2019-11-06 16:52:55,795 [Thread-315] INFO  minikdc.MiniKdc (MiniKdc.java:<init>(228)) -   transport: TCP
2019-11-06 16:52:55,796 [Thread-315] INFO  minikdc.MiniKdc (MiniKdc.java:<init>(228)) -   max.ticket.lifetime: 86400000
2019-11-06 16:52:55,796 [Thread-315] INFO  minikdc.MiniKdc (MiniKdc.java:<init>(228)) -   org.name: EXAMPLE
2019-11-06 16:52:55,796 [Thread-315] INFO  minikdc.MiniKdc (MiniKdc.java:<init>(228)) -   kdc.port: 0
2019-11-06 16:52:55,796 [Thread-315] INFO  minikdc.MiniKdc (MiniKdc.java:<init>(228)) -   org.domain: COM
2019-11-06 16:52:55,796 [Thread-315] INFO  minikdc.MiniKdc (MiniKdc.java:<init>(228)) -   max.renewable.lifetime: 604800000
2019-11-06 16:52:55,796 [Thread-315] INFO  minikdc.MiniKdc (MiniKdc.java:<init>(228)) -   instance: DefaultKrbServer
2019-11-06 16:52:55,796 [Thread-315] INFO  minikdc.MiniKdc (MiniKdc.java:<init>(228)) -   kdc.bind.address: localhost
2019-11-06 16:52:55,796 [Thread-315] INFO  minikdc.MiniKdc (MiniKdc.java:<init>(230)) - ---------------------------------------------------------------
2019-11-06 16:52:55,799 [Thread-315] INFO  minikdc.MiniKdc (MiniKdc.java:start(285)) - MiniKdc started.
2019-11-06 16:52:55,944 [Thread-315] WARN  server.ServerUtils (ServerUtils.java:getScmDbDir(145)) - ozone.scm.db.dirs is not configured. We recommend adding this setting. Falling back to ozone.metadata.dirs instead.
2019-11-06 16:52:55,969 [Thread-315] WARN  server.ServerUtils (ServerUtils.java:getScmDbDir(145)) - ozone.scm.db.dirs is not configured. We recommend adding this setting. Falling back to ozone.metadata.dirs instead.
2019-11-06 16:52:55,982 [pool-96-thread-1] INFO  request.KdcRequest (KdcRequest.java:preauth(651)) - The preauth data is empty.
2019-11-06 16:52:55,982 [pool-96-thread-1] INFO  server.KdcHandler (KdcHandler.java:handleRecoverableException(177)) - KRB error occurred while processing request:Additional pre-authentication required
2019-11-06 16:52:55,999 [pool-96-thread-1] INFO  request.AsRequest (AsRequest.java:issueTicket(112)) - AS_REQ ISSUE: authtime 1573059175998,scm/pr-hdds-2408-9x7cr-207459206@EXAMPLE.COM for krbtgt/EXAMPLE.COM@EXAMPLE.COM
2019-11-06 16:52:56,003 [Thread-315] INFO  security.UserGroupInformation (UserGroupInformation.java:loginUserFromKeytab(1009)) - Login successful for user scm/pr-hdds-2408-9x7cr-207459206@EXAMPLE.COM using keytab file /workdir/hadoop-ozone/integration-test/target/test-dir/TestSecureOzoneCluster/scm.keytab
2019-11-06 16:52:56,003 [Thread-315] INFO  server.StorageContainerManager (StorageContainerManager.java:loginAsSCMUser(515)) - SCM login successful.
2019-11-06 16:52:56,003 [Thread-315] WARN  server.ServerUtils (ServerUtils.java:getScmDbDir(145)) - ozone.scm.db.dirs is not configured. We recommend adding this setting. Falling back to ozone.metadata.dirs instead.
2019-11-06 16:52:56,004 [Thread-315] INFO  db.DBStoreBuilder (DBStoreBuilder.java:addTable(127)) - using custom profile for table: deletedBlocks
2019-11-06 16:52:56,004 [Thread-315] INFO  db.DBStoreBuilder (DBStoreBuilder.java:processTables(183)) - Using default column profile:DBProfile.DISK for Table:deletedBlocks
2019-11-06 16:52:56,004 [Thread-315] INFO  db.DBStoreBuilder (DBStoreBuilder.java:addTable(127)) - using custom profile for table: validCerts
2019-11-06 16:52:56,004 [Thread-315] INFO  db.DBStoreBuilder (DBStoreBuilder.java:processTables(183)) - Using default column profile:DBProfile.DISK for Table:validCerts
2019-11-06 16:52:56,005 [Thread-315] INFO  db.DBStoreBuilder (DBStoreBuilder.java:addTable(127)) - using custom profile for table: revokedCerts
2019-11-06 16:52:56,005 [Thread-315] INFO  db.DBStoreBuilder (DBStoreBuilder.java:processTables(183)) - Using default column profile:DBProfile.DISK for Table:revokedCerts
2019-11-06 16:52:56,005 [Thread-315] INFO  db.DBStoreBuilder (DBStoreBuilder.java:addTable(127)) - using custom profile for table: default
2019-11-06 16:52:56,005 [Thread-315] INFO  db.DBStoreBuilder (DBStoreBuilder.java:processTables(189)) - Using default column profile:DBProfile.DISK for Table:default
2019-11-06 16:52:56,005 [Thread-315] INFO  db.DBStoreBuilder (DBStoreBuilder.java:getDbProfile(220)) - Using default options. DBProfile.DISK
2019-11-06 16:52:56,359 [Thread-315] INFO  ipc.CallQueueManager (CallQueueManager.java:<init>(84)) - Using callQueue: class java.util.concurrent.LinkedBlockingQueue, queueCapacity: 200, scheduler: class org.apache.hadoop.ipc.DefaultRpcScheduler, ipcBackoff: false.
2019-11-06 16:52:56,361 [Socket Reader #1 for port 63077] INFO  ipc.Server (Server.java:run(1074)) - Starting Socket Reader #1 for port 63077
2019-11-06 16:52:56,365 [Thread-315] INFO  net.NodeSchemaLoader (NodeSchemaLoader.java:loadSchemaFromFile(125)) - Loading file from sun.misc.CompoundEnumeration@4a865d46
2019-11-06 16:52:56,365 [Thread-315] INFO  net.NodeSchemaLoader (NodeSchemaLoader.java:loadSchema(171)) - Loading network topology layer schema file
2019-11-06 16:52:56,372 [Thread-315] INFO  node.SCMNodeManager (SCMNodeManager.java:<init>(116)) - Entering startup safe mode.
2019-11-06 16:52:56,374 [Thread-315] INFO  algorithms.ContainerPlacementPolicyFactory (ContainerPlacementPolicyFactory.java:getPolicy(57)) - Create container placement policy of type org.apache.hadoop.hdds.scm.container.placement.algorithms.SCMContainerPlacementRandom
2019-11-06 16:52:56,374 [Thread-315] WARN  server.ServerUtils (ServerUtils.java:getScmDbDir(145)) - ozone.scm.db.dirs is not configured. We recommend adding this setting. Falling back to ozone.metadata.dirs instead.
2019-11-06 16:52:56,423 [Thread-315] INFO  pipeline.SCMPipelineManager (SCMPipelineManager.java:initializePipelineState(132)) - No pipeline exists in current db
2019-11-06 16:52:56,423 [Thread-315] WARN  server.ServerUtils (ServerUtils.java:getScmDbDir(145)) - ozone.scm.db.dirs is not configured. We recommend adding this setting. Falling back to ozone.metadata.dirs instead.
2019-11-06 16:52:56,480 [Thread-315] WARN  events.EventQueue (EventQueue.java:fireEvent(183)) - No event handler registered for event TypedEvent{payloadType=SafeModeStatus, name='SafeModeStatus'}
2019-11-06 16:52:56,482 [Thread-315] INFO  ipc.CallQueueManager (CallQueueManager.java:<init>(84)) - Using callQueue: class java.util.concurrent.LinkedBlockingQueue, queueCapacity: 1000, scheduler: class org.apache.hadoop.ipc.DefaultRpcScheduler, ipcBackoff: false.
2019-11-06 16:52:56,483 [Socket Reader #1 for port 9861] INFO  ipc.Server (Server.java:run(1074)) - Starting Socket Reader #1 for port 9861
2019-11-06 16:52:56,486 [Thread-315] INFO  ipc.CallQueueManager (CallQueueManager.java:<init>(84)) - Using callQueue: class java.util.concurrent.LinkedBlockingQueue, queueCapacity: 1000, scheduler: class org.apache.hadoop.ipc.DefaultRpcScheduler, ipcBackoff: false.
2019-11-06 16:52:56,488 [Socket Reader #1 for port 9863] INFO  ipc.Server (Server.java:run(1074)) - Starting Socket Reader #1 for port 9863
2019-11-06 16:52:56,491 [Thread-315] INFO  ipc.CallQueueManager (CallQueueManager.java:<init>(84)) - Using callQueue: class java.util.concurrent.LinkedBlockingQueue, queueCapacity: 1000, scheduler: class org.apache.hadoop.ipc.DefaultRpcScheduler, ipcBackoff: false.
2019-11-06 16:52:56,492 [Socket Reader #1 for port 9860] INFO  ipc.Server (Server.java:run(1074)) - Starting Socket Reader #1 for port 9860
2019-11-06 16:52:56,496 [Thread-315] INFO  hdfs.DFSUtil (DFSUtil.java:httpServerTemplateForNNAndJN(1629)) - Starting web server as: HTTP_SCM/pr-hdds-2408-9x7cr-207459206@EXAMPLE.COM
2019-11-06 16:52:56,496 [Thread-315] INFO  hdfs.DFSUtil (DFSUtil.java:httpServerTemplateForNNAndJN(1641)) - Starting Web-server for scm at: http://0.0.0.0:9876
2019-11-06 16:52:56,499 [Thread-315] INFO  server.AuthenticationFilter (AuthenticationFilter.java:constructSecretProvider(240)) - Unable to initialize FileSignerSecretProvider, falling back to use random secrets.
2019-11-06 16:52:56,500 [Thread-315] WARN  http.HttpRequestLog (HttpRequestLog.java:getRequestLog(97)) - Jetty request log can only be enabled using Log4j
2019-11-06 16:52:56,502 [Thread-315] INFO  http.HttpServer2 (HttpServer2.java:addGlobalFilter(975)) - Added global filter 'safety' (class=org.apache.hadoop.http.HttpServer2$QuotingInputFilter)
2019-11-06 16:52:56,503 [Thread-315] INFO  http.HttpServer2 (HttpServer2.java:addFilter(948)) - Added filter static_user_filter (class=org.apache.hadoop.http.lib.StaticUserWebFilter$StaticUserFilter) to context scm
2019-11-06 16:52:56,504 [Thread-315] INFO  http.HttpServer2 (HttpServer2.java:addFilter(958)) - Added filter static_user_filter (class=org.apache.hadoop.http.lib.StaticUserWebFilter$StaticUserFilter) to context static
2019-11-06 16:52:56,504 [Thread-315] INFO  http.HttpServer2 (HttpServer2.java:addFilter(958)) - Added filter static_user_filter (class=org.apache.hadoop.http.lib.StaticUserWebFilter$StaticUserFilter) to context logs
2019-11-06 16:52:56,512 [Thread-315] WARN  server.ServerUtils (ServerUtils.java:getDBPath(222)) - ozone.om.db.dirs is not configured. We recommend adding this setting. Falling back to ozone.metadata.dirs instead.
2019-11-06 16:52:56,526 [Thread-315] INFO  ha.OMHANodeDetails (OMHANodeDetails.java:loadOMHAConfig(190)) - Configuration either no ozone.om.address set. Falling back to the default OM address /0.0.0.0:9862
2019-11-06 16:52:56,526 [Thread-315] INFO  ha.OMHANodeDetails (OMHANodeDetails.java:getOMNodeDetails(220)) - OM Service ID is not set. Setting it to the default ID: omServiceIdDefault
2019-11-06 16:52:56,527 [Thread-315] WARN  server.ServerUtils (ServerUtils.java:getDBPath(222)) - ozone.om.db.dirs is not configured. We recommend adding this setting. Falling back to ozone.metadata.dirs instead.
2019-11-06 16:52:56,535 [pool-96-thread-1] INFO  request.KdcRequest (KdcRequest.java:preauth(651)) - The preauth data is empty.
2019-11-06 16:52:56,535 [pool-96-thread-1] INFO  server.KdcHandler (KdcHandler.java:handleRecoverableException(177)) - KRB error occurred while processing request:Additional pre-authentication required
2019-11-06 16:52:56,551 [pool-96-thread-1] INFO  request.AsRequest (AsRequest.java:issueTicket(112)) - AS_REQ ISSUE: authtime 1573059176551,om/pr-hdds-2408-9x7cr-207459206@EXAMPLE.COM for krbtgt/EXAMPLE.COM@EXAMPLE.COM
2019-11-06 16:52:56,554 [Thread-315] INFO  security.UserGroupInformation (UserGroupInformation.java:loginUserFromKeytab(1009)) - Login successful for user om/pr-hdds-2408-9x7cr-207459206@EXAMPLE.COM using keytab file /workdir/hadoop-ozone/integration-test/target/test-dir/TestSecureOzoneCluster/om.keytab
2019-11-06 16:52:56,554 [Thread-315] INFO  ozone.OzoneSecurityUtil (OzoneSecurityUtil.java:login(93)) - om/pr-hdds-2408-9x7cr-207459206@EXAMPLE.COM logged in successfully.
2019-11-06 16:52:56,554 [Thread-315] WARN  server.ServerUtils (ServerUtils.java:getDBPath(222)) - ozone.om.db.dirs is not configured. We recommend adding this setting. Falling back to ozone.metadata.dirs instead.
2019-11-06 16:52:56,557 [Thread-315] WARN  server.ServerUtils (ServerUtils.java:getDBPath(222)) - ozone.om.db.dirs is not configured. We recommend adding this setting. Falling back to ozone.metadata.dirs instead.
2019-11-06 16:52:56,557 [Thread-315] INFO  db.DBStoreBuilder (DBStoreBuilder.java:addTable(127)) - using custom profile for table: userTable
2019-11-06 16:52:56,557 [Thread-315] INFO  db.DBStoreBuilder (DBStoreBuilder.java:processTables(183)) - Using default column profile:DBProfile.DISK for Table:userTable
2019-11-06 16:52:56,557 [Thread-315] INFO  db.DBStoreBuilder (DBStoreBuilder.java:addTable(127)) - using custom profile for table: volumeTable
2019-11-06 16:52:56,558 [Thread-315] INFO  db.DBStoreBuilder (DBStoreBuilder.java:processTables(183)) - Using default column profile:DBProfile.DISK for Table:volumeTable
2019-11-06 16:52:56,558 [Thread-315] INFO  db.DBStoreBuilder (DBStoreBuilder.java:addTable(127)) - using custom profile for table: bucketTable
2019-11-06 16:52:56,558 [Thread-315] INFO  db.DBStoreBuilder (DBStoreBuilder.java:processTables(183)) - Using default column profile:DBProfile.DISK for Table:bucketTable
2019-11-06 16:52:56,558 [Thread-315] INFO  db.DBStoreBuilder (DBStoreBuilder.java:addTable(127)) - using custom profile for table: keyTable
2019-11-06 16:52:56,558 [Thread-315] INFO  db.DBStoreBuilder (DBStoreBuilder.java:processTables(183)) - Using default column profile:DBProfile.DISK for Table:keyTable
2019-11-06 16:52:56,558 [Thread-315] INFO  db.DBStoreBuilder (DBStoreBuilder.java:addTable(127)) - using custom profile for table: deletedTable
2019-11-06 16:52:56,558 [Thread-315] INFO  db.DBStoreBuilder (DBStoreBuilder.java:processTables(183)) - Using default column profile:DBProfile.DISK for Table:deletedTable
2019-11-06 16:52:56,559 [Thread-315] INFO  db.DBStoreBuilder (DBStoreBuilder.java:addTable(127)) - using custom profile for table: openKeyTable
2019-11-06 16:52:56,559 [Thread-315] INFO  db.DBStoreBuilder (DBStoreBuilder.java:processTables(183)) - Using default column profile:DBProfile.DISK for Table:openKeyTable
2019-11-06 16:52:56,559 [Thread-315] INFO  db.DBStoreBuilder (DBStoreBuilder.java:addTable(127)) - using custom profile for table: s3Table
2019-11-06 16:52:56,559 [Thread-315] INFO  db.DBStoreBuilder (DBStoreBuilder.java:processTables(183)) - Using default column profile:DBProfile.DISK for Table:s3Table
2019-11-06 16:52:56,559 [Thread-315] INFO  db.DBStoreBuilder (DBStoreBuilder.java:addTable(127)) - using custom profile for table: multipartInfoTable
2019-11-06 16:52:56,559 [Thread-315] INFO  db.DBStoreBuilder (DBStoreBuilder.java:processTables(183)) - Using default column profile:DBProfile.DISK for Table:multipartInfoTable
2019-11-06 16:52:56,560 [Thread-315] INFO  db.DBStoreBuilder (DBStoreBuilder.java:addTable(127)) - using custom profile for table: dTokenTable
2019-11-06 16:52:56,560 [Thread-315] INFO  db.DBStoreBuilder (DBStoreBuilder.java:processTables(183)) - Using default column profile:DBProfile.DISK for Table:dTokenTable
2019-11-06 16:52:56,560 [Thread-315] INFO  db.DBStoreBuilder (DBStoreBuilder.java:addTable(127)) - using custom profile for table: s3SecretTable
2019-11-06 16:52:56,560 [Thread-315] INFO  db.DBStoreBuilder (DBStoreBuilder.java:processTables(183)) - Using default column profile:DBProfile.DISK for Table:s3SecretTable
2019-11-06 16:52:56,560 [Thread-315] INFO  db.DBStoreBuilder (DBStoreBuilder.java:addTable(127)) - using custom profile for table: prefixTable
2019-11-06 16:52:56,560 [Thread-315] INFO  db.DBStoreBuilder (DBStoreBuilder.java:processTables(183)) - Using default column profile:DBProfile.DISK for Table:prefixTable
2019-11-06 16:52:56,561 [Thread-315] INFO  db.DBStoreBuilder (DBStoreBuilder.java:addTable(127)) - using custom profile for table: default
2019-11-06 16:52:56,561 [Thread-315] INFO  db.DBStoreBuilder (DBStoreBuilder.java:processTables(189)) - Using default column profile:DBProfile.DISK for Table:default
2019-11-06 16:52:56,561 [Thread-315] INFO  db.DBStoreBuilder (DBStoreBuilder.java:getDbProfile(220)) - Using default options. DBProfile.DISK
2019-11-06 16:52:56,982 [Thread-315] INFO  Configuration.deprecation (Configuration.java:logDeprecation(1394)) - No unit for ozone.manager.delegation.remover.scan.interval(3600000) assuming MILLISECONDS
2019-11-06 16:52:56,983 [Thread-315] INFO  security.OzoneSecretStore (OzoneSecretStore.java:loadState(69)) - Loaded 0 tokens
2019-11-06 16:52:56,983 [Thread-315] INFO  security.OzoneDelegationTokenSecretManager (OzoneDelegationTokenSecretManager.java:loadTokenSecretState(426)) - Loading token state into token manager.
2019-11-06 16:52:56,986 [Thread-315] INFO  ipc.CallQueueManager (CallQueueManager.java:<init>(84)) - Using callQueue: class java.util.concurrent.LinkedBlockingQueue, queueCapacity: 2000, scheduler: class org.apache.hadoop.ipc.DefaultRpcScheduler, ipcBackoff: false.
2019-11-06 16:52:56,988 [Socket Reader #1 for port 9862] INFO  ipc.Server (Server.java:run(1074)) - Starting Socket Reader #1 for port 9862
2019-11-06 16:52:57,020 [Thread-315] INFO  ha.OMHANodeDetails (OMHANodeDetails.java:loadOMHAConfig(190)) - Configuration either no ozone.om.address set. Falling back to the default OM address /0.0.0.0:9862
2019-11-06 16:52:57,020 [Thread-315] INFO  ha.OMHANodeDetails (OMHANodeDetails.java:getOMNodeDetails(220)) - OM Service ID is not set. Setting it to the default ID: omServiceIdDefault
2019-11-06 16:52:57,022 [Thread-315] WARN  server.ServerUtils (ServerUtils.java:getDBPath(222)) - ozone.om.db.dirs is not configured. We recommend adding this setting. Falling back to ozone.metadata.dirs instead.
2019-11-06 16:52:57,025 [Thread-315] INFO  impl.DefaultInternalKdcServerImpl (DefaultInternalKdcServerImpl.java:doStop(102)) - Default Internal kdc server stopped.
2019-11-06 16:52:57,739 [Socket Reader #1 for port 40571] WARN  ipc.Server (Server.java:saslProcess(1833)) - Auth failed for 192.168.34.31:42532:null (GSS initiate failed) with true cause: (GSS initiate failed)
2019-11-06 16:52:57,740 [Thread-179] WARN  ipc.Client (Client.java:run(755)) - Exception encountered while connecting to the server : org.apache.hadoop.ipc.RemoteException(javax.security.sasl.SaslException): GSS initiate failed
2019-11-06 16:52:57,740 [Thread-179] INFO  utils.RetriableTask (RetriableTask.java:call(62)) - Execution of task OM#getScmInfo failed, will be retried in 5000 ms
2019-11-06 16:52:58,037 [Thread-315] INFO  minikdc.MiniKdc (MiniKdc.java:stop(359)) - MiniKdc stopped.
2019-11-06 16:52:58,037 [Thread-315] INFO  server.StorageContainerManager (StorageContainerManager.java:stop(802)) - Stopping Replication Manager Service.
2019-11-06 16:52:58,037 [Thread-315] INFO  container.ReplicationManager (ReplicationManager.java:stop(209)) - Replication Monitor Thread is not running.
2019-11-06 16:52:58,038 [Thread-315] INFO  server.StorageContainerManager (StorageContainerManager.java:stop(809)) - Stopping Lease Manager of the command watchers
2019-11-06 16:52:58,038 [Thread-315] ERROR server.StorageContainerManager (StorageContainerManager.java:stop(812)) - Lease Manager of the command watchers stop failed
2019-11-06 16:52:58,038 [Thread-315] INFO  server.StorageContainerManager (StorageContainerManager.java:stop(816)) - Stopping datanode service RPC server
2019-11-06 16:52:58,038 [Thread-315] INFO  server.SCMDatanodeProtocolServer (SCMDatanodeProtocolServer.java:stop(346)) - Stopping the RPC server for DataNodes
2019-11-06 16:52:58,038 [Thread-315] INFO  ipc.Server (Server.java:stop(3082)) - Stopping server on 9861
2019-11-06 16:52:59,372 [SCM Heartbeat Processing Thread - 0] WARN  node.NodeStateManager (NodeStateManager.java:scheduleNextHealthCheck(646)) - Current Thread is interrupted, shutting down HB processing thread for Node Manager.
2019-11-06 16:52:59,373 [Thread-315] INFO  server.StorageContainerManager (StorageContainerManager.java:stop(824)) - Stopping block service RPC server
2019-11-06 16:52:59,373 [Thread-315] INFO  server.SCMBlockProtocolServer (SCMBlockProtocolServer.java:stop(155)) - Stopping the RPC server for Block Protocol
2019-11-06 16:52:59,373 [Thread-315] INFO  ipc.Server (Server.java:stop(3082)) - Stopping server on 9863
2019-11-06 16:52:59,374 [Thread-315] INFO  server.StorageContainerManager (StorageContainerManager.java:stop(831)) - Stopping the StorageContainerLocationProtocol RPC server
2019-11-06 16:52:59,374 [Thread-315] INFO  server.SCMClientProtocolServer (SCMClientProtocolServer.java:stop(168)) - Stopping the RPC server for Client Protocol
2019-11-06 16:52:59,374 [Thread-315] INFO  ipc.Server (Server.java:stop(3082)) - Stopping server on 9860
2019-11-06 16:52:59,376 [Thread-315] INFO  server.StorageContainerManager (StorageContainerManager.java:stop(838)) - Stopping Storage Container Manager HTTP server.
2019-11-06 16:52:59,376 [Thread-315] INFO  server.SCMClientProtocolServer (SCMSecurityProtocolServer.java:stop(212)) - Stopping the SCMSecurityProtocolServer.
2019-11-06 16:52:59,376 [Thread-315] INFO  ipc.Server (Server.java:stop(3082)) - Stopping server on 63077
2019-11-06 16:52:59,377 [Thread-315] INFO  server.StorageContainerManager (StorageContainerManager.java:stop(849)) - Stopping Block Manager Service.
2019-11-06 16:52:59,377 [Thread-315] INFO  utils.BackgroundService (BackgroundService.java:shutdown(151)) - Shutting down service SCMBlockDeletingService
2019-11-06 16:52:59,377 [Thread-315] INFO  utils.BackgroundService (BackgroundService.java:shutdown(151)) - Shutting down service SCMBlockDeletingService
2019-11-06 16:52:59,378 [Thread-315] INFO  server.StorageContainerManager (StorageContainerManager.java:stop(871)) - Stopping SCM Event Queue.
2019-11-06 16:52:59,381 [Thread-315] INFO  ipc.Server (Server.java:stop(3082)) - Stopping server on 9862
2019-11-06 16:52:59,382 [Thread-315] INFO  ratis.OzoneManagerDoubleBuffer (OzoneManagerDoubleBuffer.java:stop(261)) - Stopping OMDoubleBuffer flush thread
2019-11-06 16:52:59,382 [OMDoubleBufferFlushThread] INFO  ratis.OzoneManagerDoubleBuffer (OzoneManagerDoubleBuffer.java:flushTransactions(199)) - OMDoubleBuffer flush thread OMDoubleBufferFlushThread is interrupted and will exit. OMDoubleBufferFlushThread
2019-11-06 16:52:59,382 [Thread-315] INFO  om.OzoneManager (OzoneManager.java:stopSecretManager(644)) - Stopping OM delegation token secret manager.
]]></system-out>
  </testcase>
  <testcase name="testDelegationTokenRenewal" classname="org.apache.hadoop.ozone.TestSecureOzoneCluster" time="2.849"/>
  <testcase name="testSecureScmStartupFailure" classname="org.apache.hadoop.ozone.TestSecureOzoneCluster" time="1.258"/>
</testsuite>