<?xml version="1.0" encoding="UTF-8"?>
<testsuite xmlns:xsi="http://www.w3.org/2001/XMLSchema-instance" xsi:noNamespaceSchemaLocation="https://maven.apache.org/surefire/maven-surefire-plugin/xsd/surefire-test-report.xsd" name="org.apache.hadoop.ozone.client.rpc.TestFailureHandlingByClient" time="321.793" tests="5" errors="0" skipped="0" failures="1">
  <properties>
    <property name="awt.toolkit" value="sun.awt.X11.XToolkit"/>
    <property name="file.encoding.pkg" value="sun.io"/>
    <property name="java.specification.version" value="1.8"/>
    <property name="sun.cpu.isalist" value=""/>
    <property name="sun.jnu.encoding" value="ANSI_X3.4-1968"/>
    <property name="java.class.path" value="/workdir/hadoop-ozone/integration-test/target/test-classes:/workdir/hadoop-ozone/integration-test/target/classes:/home/user/.m2/repository/org/apache/hadoop/hadoop-ozone-common/0.5.0-SNAPSHOT/hadoop-ozone-common-0.5.0-SNAPSHOT.jar:/home/user/.m2/repository/org/apache/commons/commons-compress/1.4.1/commons-compress-1.4.1.jar:/home/user/.m2/repository/org/tukaani/xz/1.0/xz-1.0.jar:/home/user/.m2/repository/org/apache/hadoop/hadoop-common/3.2.0/hadoop-common-3.2.0.jar:/home/user/.m2/repository/org/apache/hadoop/hadoop-hdfs/3.2.0/hadoop-hdfs-3.2.0.jar:/home/user/.m2/repository/org/apache/hadoop/hadoop-hdfs-client/3.2.0/hadoop-hdfs-client-3.2.0.jar:/home/user/.m2/repository/com/fasterxml/jackson/core/jackson-annotations/2.9.9/jackson-annotations-2.9.9.jar:/home/user/.m2/repository/org/apache/hadoop/hadoop-hdds-common/0.5.0-SNAPSHOT/hadoop-hdds-common-0.5.0-SNAPSHOT.jar:/home/user/.m2/repository/javax/annotation/javax.annotation-api/1.2/javax.annotation-api-1.2.jar:/home/user/.m2/repository/org/apache/ratis/ratis-server/0.5.0-d6d58d0-SNAPSHOT/ratis-server-0.5.0-d6d58d0-SNAPSHOT.jar:/home/user/.m2/repository/org/apache/ratis/ratis-thirdparty-misc/0.2.0/ratis-thirdparty-misc-0.2.0.jar:/home/user/.m2/repository/org/apache/ratis/ratis-proto/0.5.0-d6d58d0-SNAPSHOT/ratis-proto-0.5.0-d6d58d0-SNAPSHOT.jar:/home/user/.m2/repository/org/apache/ratis/ratis-common/0.5.0-d6d58d0-SNAPSHOT/ratis-common-0.5.0-d6d58d0-SNAPSHOT.jar:/home/user/.m2/repository/org/apache/ratis/ratis-client/0.5.0-d6d58d0-SNAPSHOT/ratis-client-0.5.0-d6d58d0-SNAPSHOT.jar:/home/user/.m2/repository/org/apache/ratis/ratis-metrics/0.5.0-d6d58d0-SNAPSHOT/ratis-metrics-0.5.0-d6d58d0-SNAPSHOT.jar:/home/user/.m2/repository/org/apache/ratis/ratis-netty/0.5.0-d6d58d0-SNAPSHOT/ratis-netty-0.5.0-d6d58d0-SNAPSHOT.jar:/home/user/.m2/repository/org/apache/ratis/ratis-grpc/0.5.0-d6d58d0-SNAPSHOT/ratis-grpc-0.5.0-d6d58d0-SNAPSHOT.jar:/home/user/.m2/repository/org/rocksdb/rocksdbjni/6.0.1/rocksdbjni-6.0.1.jar:/home/user/.m2/repository/org/apache/logging/log4j/log4j-api/2.11.0/log4j-api-2.11.0.jar:/home/user/.m2/repository/org/apache/logging/log4j/log4j-core/2.11.0/log4j-core-2.11.0.jar:/home/user/.m2/repository/com/lmax/disruptor/3.4.2/disruptor-3.4.2.jar:/home/user/.m2/repository/org/apache/commons/commons-pool2/2.6.0/commons-pool2-2.6.0.jar:/home/user/.m2/repository/org/bouncycastle/bcpkix-jdk15on/1.60/bcpkix-jdk15on-1.60.jar:/home/user/.m2/repository/commons-validator/commons-validator/1.6/commons-validator-1.6.jar:/home/user/.m2/repository/commons-digester/commons-digester/1.8.1/commons-digester-1.8.1.jar:/home/user/.m2/repository/io/jaegertracing/jaeger-client/0.34.0/jaeger-client-0.34.0.jar:/home/user/.m2/repository/io/jaegertracing/jaeger-thrift/0.34.0/jaeger-thrift-0.34.0.jar:/home/user/.m2/repository/org/apache/thrift/libthrift/0.12.0/libthrift-0.12.0.jar:/home/user/.m2/repository/com/squareup/okhttp3/okhttp/3.9.0/okhttp-3.9.0.jar:/home/user/.m2/repository/com/squareup/okio/okio/1.13.0/okio-1.13.0.jar:/home/user/.m2/repository/io/jaegertracing/jaeger-core/0.34.0/jaeger-core-0.34.0.jar:/home/user/.m2/repository/io/jaegertracing/jaeger-tracerresolver/0.34.0/jaeger-tracerresolver-0.34.0.jar:/home/user/.m2/repository/io/opentracing/contrib/opentracing-tracerresolver/0.1.5/opentracing-tracerresolver-0.1.5.jar:/home/user/.m2/repository/io/opentracing/opentracing-util/0.31.0/opentracing-util-0.31.0.jar:/home/user/.m2/repository/io/opentracing/opentracing-api/0.31.0/opentracing-api-0.31.0.jar:/home/user/.m2/repository/io/opentracing/opentracing-noop/0.31.0/opentracing-noop-0.31.0.jar:/home/user/.m2/repository/org/apache/hadoop/hadoop-hdds-server-framework/0.5.0-SNAPSHOT/hadoop-hdds-server-framework-0.5.0-SNAPSHOT.jar:/home/user/.m2/repository/org/apache/hadoop/hadoop-hdds-container-service/0.5.0-SNAPSHOT/hadoop-hdds-container-service-0.5.0-SNAPSHOT.jar:/home/user/.m2/repository/org/apache/hadoop/hadoop-hdds-client/0.5.0-SNAPSHOT/hadoop-hdds-client-0.5.0-SNAPSHOT.jar:/home/user/.m2/repository/org/apache/hadoop/hadoop-hdds-tools/0.5.0-SNAPSHOT/hadoop-hdds-tools-0.5.0-SNAPSHOT.jar:/home/user/.m2/repository/org/apache/hadoop/hadoop-hdds-server-scm/0.5.0-SNAPSHOT/hadoop-hdds-server-scm-0.5.0-SNAPSHOT.jar:/home/user/.m2/repository/org/apache/hadoop/hadoop-hdds-docs/0.5.0-SNAPSHOT/hadoop-hdds-docs-0.5.0-SNAPSHOT.jar:/home/user/.m2/repository/io/dropwizard/metrics/metrics-core/3.2.4/metrics-core-3.2.4.jar:/home/user/.m2/repository/org/hamcrest/hamcrest-all/1.3/hamcrest-all-1.3.jar:/home/user/.m2/repository/org/bouncycastle/bcprov-jdk15on/1.60/bcprov-jdk15on-1.60.jar:/home/user/.m2/repository/info/picocli/picocli/3.9.6/picocli-3.9.6.jar:/home/user/.m2/repository/com/google/protobuf/protobuf-java/2.5.0/protobuf-java-2.5.0.jar:/home/user/.m2/repository/com/google/guava/guava/11.0.2/guava-11.0.2.jar:/home/user/.m2/repository/org/apache/hadoop/hadoop-ozone-ozone-manager/0.5.0-SNAPSHOT/hadoop-ozone-ozone-manager-0.5.0-SNAPSHOT.jar:/home/user/.m2/repository/org/apache/hadoop/hadoop-minikdc/3.2.0/hadoop-minikdc-3.2.0.jar:/home/user/.m2/repository/commons-io/commons-io/2.5/commons-io-2.5.jar:/home/user/.m2/repository/org/apache/kerby/kerb-simplekdc/1.0.1/kerb-simplekdc-1.0.1.jar:/home/user/.m2/repository/org/apache/kerby/kerb-client/1.0.1/kerb-client-1.0.1.jar:/home/user/.m2/repository/org/apache/kerby/kerby-config/1.0.1/kerby-config-1.0.1.jar:/home/user/.m2/repository/org/apache/kerby/kerb-core/1.0.1/kerb-core-1.0.1.jar:/home/user/.m2/repository/org/apache/kerby/kerby-pkix/1.0.1/kerby-pkix-1.0.1.jar:/home/user/.m2/repository/org/apache/kerby/kerby-asn1/1.0.1/kerby-asn1-1.0.1.jar:/home/user/.m2/repository/org/apache/kerby/kerby-util/1.0.1/kerby-util-1.0.1.jar:/home/user/.m2/repository/org/apache/kerby/kerb-common/1.0.1/kerb-common-1.0.1.jar:/home/user/.m2/repository/org/apache/kerby/kerb-crypto/1.0.1/kerb-crypto-1.0.1.jar:/home/user/.m2/repository/org/apache/kerby/kerb-util/1.0.1/kerb-util-1.0.1.jar:/home/user/.m2/repository/org/apache/kerby/token-provider/1.0.1/token-provider-1.0.1.jar:/home/user/.m2/repository/org/apache/kerby/kerb-admin/1.0.1/kerb-admin-1.0.1.jar:/home/user/.m2/repository/org/apache/kerby/kerb-server/1.0.1/kerb-server-1.0.1.jar:/home/user/.m2/repository/org/apache/kerby/kerb-identity/1.0.1/kerb-identity-1.0.1.jar:/home/user/.m2/repository/org/apache/kerby/kerby-xdr/1.0.1/kerby-xdr-1.0.1.jar:/home/user/.m2/repository/org/slf4j/slf4j-log4j12/1.7.25/slf4j-log4j12-1.7.25.jar:/home/user/.m2/repository/org/apache/hadoop/hadoop-ozone-s3gateway/0.5.0-SNAPSHOT/hadoop-ozone-s3gateway-0.5.0-SNAPSHOT.jar:/home/user/.m2/repository/org/jboss/weld/servlet/weld-servlet/2.4.7.Final/weld-servlet-2.4.7.Final.jar:/home/user/.m2/repository/org/glassfish/jersey/containers/jersey-container-servlet-core/2.27/jersey-container-servlet-core-2.27.jar:/home/user/.m2/repository/org/glassfish/hk2/external/javax.inject/2.5.0-b42/javax.inject-2.5.0-b42.jar:/home/user/.m2/repository/org/glassfish/jersey/core/jersey-common/2.27/jersey-common-2.27.jar:/home/user/.m2/repository/org/glassfish/hk2/osgi-resource-locator/1.0.1/osgi-resource-locator-1.0.1.jar:/home/user/.m2/repository/javax/ws/rs/javax.ws.rs-api/2.1/javax.ws.rs-api-2.1.jar:/home/user/.m2/repository/org/glassfish/jersey/ext/cdi/jersey-cdi1x/2.27/jersey-cdi1x-2.27.jar:/home/user/.m2/repository/org/glassfish/jersey/inject/jersey-hk2/2.27/jersey-hk2-2.27.jar:/home/user/.m2/repository/org/glassfish/hk2/hk2-locator/2.5.0-b42/hk2-locator-2.5.0-b42.jar:/home/user/.m2/repository/org/javassist/javassist/3.22.0-CR2/javassist-3.22.0-CR2.jar:/home/user/.m2/repository/org/glassfish/hk2/hk2-api/2.5.0/hk2-api-2.5.0.jar:/home/user/.m2/repository/org/glassfish/hk2/external/jakarta.inject/2.5.0/jakarta.inject-2.5.0.jar:/home/user/.m2/repository/org/glassfish/hk2/hk2-utils/2.5.0/hk2-utils-2.5.0.jar:/home/user/.m2/repository/jakarta/annotation/jakarta.annotation-api/1.3.4/jakarta.annotation-api-1.3.4.jar:/home/user/.m2/repository/org/glassfish/hk2/external/aopalliance-repackaged/2.5.0/aopalliance-repackaged-2.5.0.jar:/home/user/.m2/repository/com/fasterxml/jackson/dataformat/jackson-dataformat-xml/2.9.0/jackson-dataformat-xml-2.9.0.jar:/home/user/.m2/repository/com/fasterxml/jackson/core/jackson-core/2.9.9/jackson-core-2.9.9.jar:/home/user/.m2/repository/com/fasterxml/jackson/module/jackson-module-jaxb-annotations/2.9.9/jackson-module-jaxb-annotations-2.9.9.jar:/home/user/.m2/repository/javax/enterprise/cdi-api/1.2/cdi-api-1.2.jar:/home/user/.m2/repository/javax/el/javax.el-api/3.0.0/javax.el-api-3.0.0.jar:/home/user/.m2/repository/javax/interceptor/javax.interceptor-api/1.2/javax.interceptor-api-1.2.jar:/home/user/.m2/repository/javax/inject/javax.inject/1/javax.inject-1.jar:/home/user/.m2/repository/com/sun/xml/bind/jaxb-impl/2.3.0.1/jaxb-impl-2.3.0.1.jar:/home/user/.m2/repository/com/sun/xml/bind/jaxb-core/2.3.0.1/jaxb-core-2.3.0.1.jar:/home/user/.m2/repository/javax/xml/bind/jaxb-api/2.3.0/jaxb-api-2.3.0.jar:/home/user/.m2/repository/javax/activation/activation/1.1.1/activation-1.1.1.jar:/home/user/.m2/repository/org/apache/hadoop/hadoop-ozone-csi/0.5.0-SNAPSHOT/hadoop-ozone-csi-0.5.0-SNAPSHOT.jar:/home/user/.m2/repository/com/google/protobuf/protobuf-java-util/3.5.1/protobuf-java-util-3.5.1.jar:/home/user/.m2/repository/org/apache/hadoop/hadoop-hdds-config/0.5.0-SNAPSHOT/hadoop-hdds-config-0.5.0-SNAPSHOT.jar:/home/user/.m2/repository/io/grpc/grpc-netty/1.17.1/grpc-netty-1.17.1.jar:/home/user/.m2/repository/io/grpc/grpc-core/1.17.1/grpc-core-1.17.1.jar:/home/user/.m2/repository/io/grpc/grpc-context/1.17.1/grpc-context-1.17.1.jar:/home/user/.m2/repository/com/google/errorprone/error_prone_annotations/2.2.0/error_prone_annotations-2.2.0.jar:/home/user/.m2/repository/org/codehaus/mojo/animal-sniffer-annotations/1.17/animal-sniffer-annotations-1.17.jar:/home/user/.m2/repository/io/opencensus/opencensus-api/0.17.0/opencensus-api-0.17.0.jar:/home/user/.m2/repository/io/opencensus/opencensus-contrib-grpc-metrics/0.17.0/opencensus-contrib-grpc-metrics-0.17.0.jar:/home/user/.m2/repository/io/netty/netty-codec-http2/4.1.30.Final/netty-codec-http2-4.1.30.Final.jar:/home/user/.m2/repository/io/netty/netty-codec-http/4.1.30.Final/netty-codec-http-4.1.30.Final.jar:/home/user/.m2/repository/io/netty/netty-codec/4.1.30.Final/netty-codec-4.1.30.Final.jar:/home/user/.m2/repository/io/netty/netty-handler/4.1.30.Final/netty-handler-4.1.30.Final.jar:/home/user/.m2/repository/io/netty/netty-handler-proxy/4.1.30.Final/netty-handler-proxy-4.1.30.Final.jar:/home/user/.m2/repository/io/netty/netty-codec-socks/4.1.30.Final/netty-codec-socks-4.1.30.Final.jar:/home/user/.m2/repository/io/netty/netty-transport-native-epoll/4.1.30.Final/netty-transport-native-epoll-4.1.30.Final.jar:/home/user/.m2/repository/io/netty/netty-common/4.1.30.Final/netty-common-4.1.30.Final.jar:/home/user/.m2/repository/io/netty/netty-buffer/4.1.30.Final/netty-buffer-4.1.30.Final.jar:/home/user/.m2/repository/io/netty/netty-transport/4.1.30.Final/netty-transport-4.1.30.Final.jar:/home/user/.m2/repository/io/netty/netty-resolver/4.1.30.Final/netty-resolver-4.1.30.Final.jar:/home/user/.m2/repository/io/netty/netty-transport-native-unix-common/4.1.30.Final/netty-transport-native-unix-common-4.1.30.Final.jar:/home/user/.m2/repository/io/grpc/grpc-protobuf/1.17.1/grpc-protobuf-1.17.1.jar:/home/user/.m2/repository/com/google/api/grpc/proto-google-common-protos/1.0.0/proto-google-common-protos-1.0.0.jar:/home/user/.m2/repository/io/grpc/grpc-protobuf-lite/1.17.1/grpc-protobuf-lite-1.17.1.jar:/home/user/.m2/repository/io/grpc/grpc-stub/1.17.1/grpc-stub-1.17.1.jar:/home/user/.m2/repository/org/apache/hadoop/hadoop-ozone-recon/0.5.0-SNAPSHOT/hadoop-ozone-recon-0.5.0-SNAPSHOT.jar:/home/user/.m2/repository/org/apache/hadoop/hadoop-ozone-reconcodegen/0.5.0-SNAPSHOT/hadoop-ozone-reconcodegen-0.5.0-SNAPSHOT.jar:/home/user/.m2/repository/com/google/inject/extensions/guice-multibindings/4.0/guice-multibindings-4.0.jar:/home/user/.m2/repository/com/google/inject/guice/4.0/guice-4.0.jar:/home/user/.m2/repository/aopalliance/aopalliance/1.0/aopalliance-1.0.jar:/home/user/.m2/repository/com/google/inject/extensions/guice-servlet/4.0/guice-servlet-4.0.jar:/home/user/.m2/repository/org/glassfish/jersey/containers/jersey-container-servlet/2.27/jersey-container-servlet-2.27.jar:/home/user/.m2/repository/org/glassfish/hk2/guice-bridge/2.5.0/guice-bridge-2.5.0.jar:/home/user/.m2/repository/org/glassfish/jersey/core/jersey-server/2.27/jersey-server-2.27.jar:/home/user/.m2/repository/org/glassfish/jersey/core/jersey-client/2.27/jersey-client-2.27.jar:/home/user/.m2/repository/org/glassfish/jersey/media/jersey-media-jaxb/2.27/jersey-media-jaxb-2.27.jar:/home/user/.m2/repository/javax/validation/validation-api/1.1.0.Final/validation-api-1.1.0.Final.jar:/home/user/.m2/repository/org/glassfish/jersey/media/jersey-media-json-jackson/2.27/jersey-media-json-jackson-2.27.jar:/home/user/.m2/repository/org/glassfish/jersey/ext/jersey-entity-filtering/2.27/jersey-entity-filtering-2.27.jar:/home/user/.m2/repository/com/google/inject/extensions/guice-assistedinject/4.0/guice-assistedinject-4.0.jar:/home/user/.m2/repository/org/jooq/jooq/3.11.10/jooq-3.11.10.jar:/home/user/.m2/repository/org/jooq/jooq-meta/3.11.10/jooq-meta-3.11.10.jar:/home/user/.m2/repository/org/jooq/jooq-codegen/3.11.10/jooq-codegen-3.11.10.jar:/home/user/.m2/repository/com/jolbox/bonecp/0.8.0.RELEASE/bonecp-0.8.0.RELEASE.jar:/home/user/.m2/repository/org/xerial/sqlite-jdbc/3.25.2/sqlite-jdbc-3.25.2.jar:/home/user/.m2/repository/org/springframework/spring-jdbc/5.1.3.RELEASE/spring-jdbc-5.1.3.RELEASE.jar:/home/user/.m2/repository/org/springframework/spring-beans/5.1.3.RELEASE/spring-beans-5.1.3.RELEASE.jar:/home/user/.m2/repository/org/springframework/spring-core/5.1.3.RELEASE/spring-core-5.1.3.RELEASE.jar:/home/user/.m2/repository/org/springframework/spring-jcl/5.1.3.RELEASE/spring-jcl-5.1.3.RELEASE.jar:/home/user/.m2/repository/org/springframework/spring-tx/5.1.3.RELEASE/spring-tx-5.1.3.RELEASE.jar:/home/user/.m2/repository/org/apache/hadoop/hadoop-ozone-client/0.5.0-SNAPSHOT/hadoop-ozone-client-0.5.0-SNAPSHOT.jar:/home/user/.m2/repository/commons-lang/commons-lang/2.6/commons-lang-2.6.jar:/home/user/.m2/repository/org/apache/hadoop/hadoop-ozone-ozone-manager/0.5.0-SNAPSHOT/hadoop-ozone-ozone-manager-0.5.0-SNAPSHOT-tests.jar:/home/user/.m2/repository/junit/junit/4.11/junit-4.11.jar:/home/user/.m2/repository/org/hamcrest/hamcrest-core/1.3/hamcrest-core-1.3.jar:/home/user/.m2/repository/org/openjdk/jmh/jmh-core/1.19/jmh-core-1.19.jar:/home/user/.m2/repository/net/sf/jopt-simple/jopt-simple/4.6/jopt-simple-4.6.jar:/home/user/.m2/repository/org/apache/commons/commons-math3/3.1.1/commons-math3-3.1.1.jar:/home/user/.m2/repository/org/openjdk/jmh/jmh-generator-annprocess/1.19/jmh-generator-annprocess-1.19.jar:/home/user/.m2/repository/org/mockito/mockito-all/1.8.5/mockito-all-1.8.5.jar:/home/user/.m2/repository/org/apache/hadoop/hadoop-kms/3.2.0/hadoop-kms-3.2.0.jar:/home/user/.m2/repository/org/apache/hadoop/hadoop-auth/3.2.0/hadoop-auth-3.2.0.jar:/home/user/.m2/repository/com/nimbusds/nimbus-jose-jwt/4.41.1/nimbus-jose-jwt-4.41.1.jar:/home/user/.m2/repository/com/github/stephenc/jcip/jcip-annotations/1.0-1/jcip-annotations-1.0-1.jar:/home/user/.m2/repository/net/minidev/json-smart/2.3/json-smart-2.3.jar:/home/user/.m2/repository/net/minidev/accessors-smart/1.2/accessors-smart-1.2.jar:/home/user/.m2/repository/org/ow2/asm/asm/5.0.4/asm-5.0.4.jar:/home/user/.m2/repository/org/apache/curator/curator-framework/2.12.0/curator-framework-2.12.0.jar:/home/user/.m2/repository/com/sun/jersey/jersey-core/1.19/jersey-core-1.19.jar:/home/user/.m2/repository/javax/ws/rs/jsr311-api/1.1.1/jsr311-api-1.1.1.jar:/home/user/.m2/repository/com/sun/jersey/jersey-server/1.19/jersey-server-1.19.jar:/home/user/.m2/repository/javax/servlet/javax.servlet-api/3.1.0/javax.servlet-api-3.1.0.jar:/home/user/.m2/repository/org/eclipse/jetty/jetty-server/9.3.25.v20180904/jetty-server-9.3.25.v20180904.jar:/home/user/.m2/repository/org/eclipse/jetty/jetty-http/9.3.25.v20180904/jetty-http-9.3.25.v20180904.jar:/home/user/.m2/repository/org/eclipse/jetty/jetty-io/9.3.25.v20180904/jetty-io-9.3.25.v20180904.jar:/home/user/.m2/repository/org/eclipse/jetty/jetty-webapp/9.3.25.v20180904/jetty-webapp-9.3.25.v20180904.jar:/home/user/.m2/repository/org/eclipse/jetty/jetty-xml/9.3.25.v20180904/jetty-xml-9.3.25.v20180904.jar:/home/user/.m2/repository/log4j/log4j/1.2.17/log4j-1.2.17.jar:/home/user/.m2/repository/org/slf4j/slf4j-api/1.7.25/slf4j-api-1.7.25.jar:/home/user/.m2/repository/org/slf4j/jul-to-slf4j/1.7.25/jul-to-slf4j-1.7.25.jar:/home/user/.m2/repository/org/eclipse/jetty/jetty-util/9.3.25.v20180904/jetty-util-9.3.25.v20180904.jar:/home/user/.m2/repository/com/fasterxml/jackson/core/jackson-databind/2.9.9/jackson-databind-2.9.9.jar:/home/user/.m2/repository/org/apache/hadoop/hadoop-kms/3.2.0/hadoop-kms-3.2.0-tests.jar:/home/user/.m2/repository/org/apache/hadoop/hadoop-hdds-server-scm/0.5.0-SNAPSHOT/hadoop-hdds-server-scm-0.5.0-SNAPSHOT-tests.jar:/home/user/.m2/repository/org/apache/hadoop/hadoop-hdds-container-service/0.5.0-SNAPSHOT/hadoop-hdds-container-service-0.5.0-SNAPSHOT-tests.jar:/home/user/.m2/repository/org/yaml/snakeyaml/1.16/snakeyaml-1.16.jar:/home/user/.m2/repository/org/apache/hadoop/hadoop-common/3.2.0/hadoop-common-3.2.0-tests.jar:/home/user/.m2/repository/org/apache/hadoop/hadoop-annotations/3.2.0/hadoop-annotations-3.2.0.jar:/usr/lib/jvm/java-1.8.0-openjdk-1.8.0.222.b10-1.el7_7.x86_64/jre/../lib/tools.jar:/home/user/.m2/repository/commons-cli/commons-cli/1.2/commons-cli-1.2.jar:/home/user/.m2/repository/org/apache/httpcomponents/httpclient/4.5.2/httpclient-4.5.2.jar:/home/user/.m2/repository/org/apache/httpcomponents/httpcore/4.4.4/httpcore-4.4.4.jar:/home/user/.m2/repository/commons-codec/commons-codec/1.11/commons-codec-1.11.jar:/home/user/.m2/repository/commons-net/commons-net/3.6/commons-net-3.6.jar:/home/user/.m2/repository/commons-collections/commons-collections/3.2.2/commons-collections-3.2.2.jar:/home/user/.m2/repository/org/eclipse/jetty/jetty-servlet/9.3.25.v20180904/jetty-servlet-9.3.25.v20180904.jar:/home/user/.m2/repository/org/eclipse/jetty/jetty-security/9.3.25.v20180904/jetty-security-9.3.25.v20180904.jar:/home/user/.m2/repository/javax/servlet/jsp/jsp-api/2.1/jsp-api-2.1.jar:/home/user/.m2/repository/com/sun/jersey/jersey-servlet/1.19/jersey-servlet-1.19.jar:/home/user/.m2/repository/com/sun/jersey/jersey-json/1.19/jersey-json-1.19.jar:/home/user/.m2/repository/org/codehaus/jettison/jettison/1.1/jettison-1.1.jar:/home/user/.m2/repository/org/codehaus/jackson/jackson-core-asl/1.9.13/jackson-core-asl-1.9.13.jar:/home/user/.m2/repository/org/codehaus/jackson/jackson-mapper-asl/1.9.13/jackson-mapper-asl-1.9.13.jar:/home/user/.m2/repository/org/codehaus/jackson/jackson-jaxrs/1.9.13/jackson-jaxrs-1.9.13.jar:/home/user/.m2/repository/org/codehaus/jackson/jackson-xc/1.9.13/jackson-xc-1.9.13.jar:/home/user/.m2/repository/commons-logging/commons-logging/1.1.3/commons-logging-1.1.3.jar:/home/user/.m2/repository/commons-beanutils/commons-beanutils/1.9.4/commons-beanutils-1.9.4.jar:/home/user/.m2/repository/org/apache/commons/commons-configuration2/2.1.1/commons-configuration2-2.1.1.jar:/home/user/.m2/repository/org/apache/commons/commons-lang3/3.7/commons-lang3-3.7.jar:/home/user/.m2/repository/org/apache/commons/commons-text/1.4/commons-text-1.4.jar:/home/user/.m2/repository/org/apache/avro/avro/1.7.7/avro-1.7.7.jar:/home/user/.m2/repository/com/thoughtworks/paranamer/paranamer/2.3/paranamer-2.3.jar:/home/user/.m2/repository/org/xerial/snappy/snappy-java/1.0.5/snappy-java-1.0.5.jar:/home/user/.m2/repository/com/google/re2j/re2j/1.1/re2j-1.1.jar:/home/user/.m2/repository/com/google/code/gson/gson/2.2.4/gson-2.2.4.jar:/home/user/.m2/repository/com/jcraft/jsch/0.1.54/jsch-0.1.54.jar:/home/user/.m2/repository/org/apache/curator/curator-client/2.12.0/curator-client-2.12.0.jar:/home/user/.m2/repository/org/apache/curator/curator-recipes/2.12.0/curator-recipes-2.12.0.jar:/home/user/.m2/repository/com/google/code/findbugs/jsr305/3.0.0/jsr305-3.0.0.jar:/home/user/.m2/repository/org/apache/htrace/htrace-core4/4.1.0-incubating/htrace-core4-4.1.0-incubating.jar:/home/user/.m2/repository/org/apache/zookeeper/zookeeper/3.4.13/zookeeper-3.4.13.jar:/home/user/.m2/repository/jline/jline/0.9.94/jline-0.9.94.jar:/home/user/.m2/repository/org/apache/yetus/audience-annotations/0.5.0/audience-annotations-0.5.0.jar:/home/user/.m2/repository/org/codehaus/woodstox/stax2-api/3.1.4/stax2-api-3.1.4.jar:/home/user/.m2/repository/com/fasterxml/woodstox/woodstox-core/5.0.3/woodstox-core-5.0.3.jar:/home/user/.m2/repository/dnsjava/dnsjava/2.1.7/dnsjava-2.1.7.jar:/home/user/.m2/repository/org/apache/hadoop/hadoop-hdfs/3.2.0/hadoop-hdfs-3.2.0-tests.jar:/home/user/.m2/repository/org/eclipse/jetty/jetty-util-ajax/9.3.25.v20180904/jetty-util-ajax-9.3.25.v20180904.jar:/home/user/.m2/repository/commons-daemon/commons-daemon/1.0.13/commons-daemon-1.0.13.jar:/home/user/.m2/repository/io/netty/netty/3.10.5.Final/netty-3.10.5.Final.jar:/home/user/.m2/repository/io/netty/netty-all/4.0.52.Final/netty-all-4.0.52.Final.jar:/home/user/.m2/repository/org/fusesource/leveldbjni/leveldbjni-all/1.8/leveldbjni-all-1.8.jar:"/>
    <property name="java.vm.vendor" value="Oracle Corporation"/>
    <property name="sun.arch.data.model" value="64"/>
    <property name="test.build.dir" value="/workdir/hadoop-ozone/integration-test/target/test-dir"/>
    <property name="test.cache.data" value=""/>
    <property name="java.vendor.url" value="http://java.oracle.com/"/>
    <property name="user.timezone" value=""/>
    <property name="java.vm.specification.version" value="1.8"/>
    <property name="os.name" value="Linux"/>
    <property name="test.build.data" value="/workdir/hadoop-ozone/integration-test/target/test-dir"/>
    <property name="user.country" value="US"/>
    <property name="sun.java.launcher" value="SUN_STANDARD"/>
    <property name="sun.boot.library.path" value="/usr/lib/jvm/java-1.8.0-openjdk-1.8.0.222.b10-1.el7_7.x86_64/jre/lib/amd64"/>
    <property name="sun.java.command" value="/workdir/hadoop-ozone/integration-test/target/surefire/surefirebooter989154155456827844.jar /workdir/hadoop-ozone/integration-test/target/surefire 2019-11-14T21-50-11_598-jvmRun1 surefire8160197518565292127tmp surefire_511939480709125899820tmp"/>
    <property name="surefire.test.class.path" value="/workdir/hadoop-ozone/integration-test/target/test-classes:/workdir/hadoop-ozone/integration-test/target/classes:/home/user/.m2/repository/org/apache/hadoop/hadoop-ozone-common/0.5.0-SNAPSHOT/hadoop-ozone-common-0.5.0-SNAPSHOT.jar:/home/user/.m2/repository/org/apache/commons/commons-compress/1.4.1/commons-compress-1.4.1.jar:/home/user/.m2/repository/org/tukaani/xz/1.0/xz-1.0.jar:/home/user/.m2/repository/org/apache/hadoop/hadoop-common/3.2.0/hadoop-common-3.2.0.jar:/home/user/.m2/repository/org/apache/hadoop/hadoop-hdfs/3.2.0/hadoop-hdfs-3.2.0.jar:/home/user/.m2/repository/org/apache/hadoop/hadoop-hdfs-client/3.2.0/hadoop-hdfs-client-3.2.0.jar:/home/user/.m2/repository/com/fasterxml/jackson/core/jackson-annotations/2.9.9/jackson-annotations-2.9.9.jar:/home/user/.m2/repository/org/apache/hadoop/hadoop-hdds-common/0.5.0-SNAPSHOT/hadoop-hdds-common-0.5.0-SNAPSHOT.jar:/home/user/.m2/repository/javax/annotation/javax.annotation-api/1.2/javax.annotation-api-1.2.jar:/home/user/.m2/repository/org/apache/ratis/ratis-server/0.5.0-d6d58d0-SNAPSHOT/ratis-server-0.5.0-d6d58d0-SNAPSHOT.jar:/home/user/.m2/repository/org/apache/ratis/ratis-thirdparty-misc/0.2.0/ratis-thirdparty-misc-0.2.0.jar:/home/user/.m2/repository/org/apache/ratis/ratis-proto/0.5.0-d6d58d0-SNAPSHOT/ratis-proto-0.5.0-d6d58d0-SNAPSHOT.jar:/home/user/.m2/repository/org/apache/ratis/ratis-common/0.5.0-d6d58d0-SNAPSHOT/ratis-common-0.5.0-d6d58d0-SNAPSHOT.jar:/home/user/.m2/repository/org/apache/ratis/ratis-client/0.5.0-d6d58d0-SNAPSHOT/ratis-client-0.5.0-d6d58d0-SNAPSHOT.jar:/home/user/.m2/repository/org/apache/ratis/ratis-metrics/0.5.0-d6d58d0-SNAPSHOT/ratis-metrics-0.5.0-d6d58d0-SNAPSHOT.jar:/home/user/.m2/repository/org/apache/ratis/ratis-netty/0.5.0-d6d58d0-SNAPSHOT/ratis-netty-0.5.0-d6d58d0-SNAPSHOT.jar:/home/user/.m2/repository/org/apache/ratis/ratis-grpc/0.5.0-d6d58d0-SNAPSHOT/ratis-grpc-0.5.0-d6d58d0-SNAPSHOT.jar:/home/user/.m2/repository/org/rocksdb/rocksdbjni/6.0.1/rocksdbjni-6.0.1.jar:/home/user/.m2/repository/org/apache/logging/log4j/log4j-api/2.11.0/log4j-api-2.11.0.jar:/home/user/.m2/repository/org/apache/logging/log4j/log4j-core/2.11.0/log4j-core-2.11.0.jar:/home/user/.m2/repository/com/lmax/disruptor/3.4.2/disruptor-3.4.2.jar:/home/user/.m2/repository/org/apache/commons/commons-pool2/2.6.0/commons-pool2-2.6.0.jar:/home/user/.m2/repository/org/bouncycastle/bcpkix-jdk15on/1.60/bcpkix-jdk15on-1.60.jar:/home/user/.m2/repository/commons-validator/commons-validator/1.6/commons-validator-1.6.jar:/home/user/.m2/repository/commons-digester/commons-digester/1.8.1/commons-digester-1.8.1.jar:/home/user/.m2/repository/io/jaegertracing/jaeger-client/0.34.0/jaeger-client-0.34.0.jar:/home/user/.m2/repository/io/jaegertracing/jaeger-thrift/0.34.0/jaeger-thrift-0.34.0.jar:/home/user/.m2/repository/org/apache/thrift/libthrift/0.12.0/libthrift-0.12.0.jar:/home/user/.m2/repository/com/squareup/okhttp3/okhttp/3.9.0/okhttp-3.9.0.jar:/home/user/.m2/repository/com/squareup/okio/okio/1.13.0/okio-1.13.0.jar:/home/user/.m2/repository/io/jaegertracing/jaeger-core/0.34.0/jaeger-core-0.34.0.jar:/home/user/.m2/repository/io/jaegertracing/jaeger-tracerresolver/0.34.0/jaeger-tracerresolver-0.34.0.jar:/home/user/.m2/repository/io/opentracing/contrib/opentracing-tracerresolver/0.1.5/opentracing-tracerresolver-0.1.5.jar:/home/user/.m2/repository/io/opentracing/opentracing-util/0.31.0/opentracing-util-0.31.0.jar:/home/user/.m2/repository/io/opentracing/opentracing-api/0.31.0/opentracing-api-0.31.0.jar:/home/user/.m2/repository/io/opentracing/opentracing-noop/0.31.0/opentracing-noop-0.31.0.jar:/home/user/.m2/repository/org/apache/hadoop/hadoop-hdds-server-framework/0.5.0-SNAPSHOT/hadoop-hdds-server-framework-0.5.0-SNAPSHOT.jar:/home/user/.m2/repository/org/apache/hadoop/hadoop-hdds-container-service/0.5.0-SNAPSHOT/hadoop-hdds-container-service-0.5.0-SNAPSHOT.jar:/home/user/.m2/repository/org/apache/hadoop/hadoop-hdds-client/0.5.0-SNAPSHOT/hadoop-hdds-client-0.5.0-SNAPSHOT.jar:/home/user/.m2/repository/org/apache/hadoop/hadoop-hdds-tools/0.5.0-SNAPSHOT/hadoop-hdds-tools-0.5.0-SNAPSHOT.jar:/home/user/.m2/repository/org/apache/hadoop/hadoop-hdds-server-scm/0.5.0-SNAPSHOT/hadoop-hdds-server-scm-0.5.0-SNAPSHOT.jar:/home/user/.m2/repository/org/apache/hadoop/hadoop-hdds-docs/0.5.0-SNAPSHOT/hadoop-hdds-docs-0.5.0-SNAPSHOT.jar:/home/user/.m2/repository/io/dropwizard/metrics/metrics-core/3.2.4/metrics-core-3.2.4.jar:/home/user/.m2/repository/org/hamcrest/hamcrest-all/1.3/hamcrest-all-1.3.jar:/home/user/.m2/repository/org/bouncycastle/bcprov-jdk15on/1.60/bcprov-jdk15on-1.60.jar:/home/user/.m2/repository/info/picocli/picocli/3.9.6/picocli-3.9.6.jar:/home/user/.m2/repository/com/google/protobuf/protobuf-java/2.5.0/protobuf-java-2.5.0.jar:/home/user/.m2/repository/com/google/guava/guava/11.0.2/guava-11.0.2.jar:/home/user/.m2/repository/org/apache/hadoop/hadoop-ozone-ozone-manager/0.5.0-SNAPSHOT/hadoop-ozone-ozone-manager-0.5.0-SNAPSHOT.jar:/home/user/.m2/repository/org/apache/hadoop/hadoop-minikdc/3.2.0/hadoop-minikdc-3.2.0.jar:/home/user/.m2/repository/commons-io/commons-io/2.5/commons-io-2.5.jar:/home/user/.m2/repository/org/apache/kerby/kerb-simplekdc/1.0.1/kerb-simplekdc-1.0.1.jar:/home/user/.m2/repository/org/apache/kerby/kerb-client/1.0.1/kerb-client-1.0.1.jar:/home/user/.m2/repository/org/apache/kerby/kerby-config/1.0.1/kerby-config-1.0.1.jar:/home/user/.m2/repository/org/apache/kerby/kerb-core/1.0.1/kerb-core-1.0.1.jar:/home/user/.m2/repository/org/apache/kerby/kerby-pkix/1.0.1/kerby-pkix-1.0.1.jar:/home/user/.m2/repository/org/apache/kerby/kerby-asn1/1.0.1/kerby-asn1-1.0.1.jar:/home/user/.m2/repository/org/apache/kerby/kerby-util/1.0.1/kerby-util-1.0.1.jar:/home/user/.m2/repository/org/apache/kerby/kerb-common/1.0.1/kerb-common-1.0.1.jar:/home/user/.m2/repository/org/apache/kerby/kerb-crypto/1.0.1/kerb-crypto-1.0.1.jar:/home/user/.m2/repository/org/apache/kerby/kerb-util/1.0.1/kerb-util-1.0.1.jar:/home/user/.m2/repository/org/apache/kerby/token-provider/1.0.1/token-provider-1.0.1.jar:/home/user/.m2/repository/org/apache/kerby/kerb-admin/1.0.1/kerb-admin-1.0.1.jar:/home/user/.m2/repository/org/apache/kerby/kerb-server/1.0.1/kerb-server-1.0.1.jar:/home/user/.m2/repository/org/apache/kerby/kerb-identity/1.0.1/kerb-identity-1.0.1.jar:/home/user/.m2/repository/org/apache/kerby/kerby-xdr/1.0.1/kerby-xdr-1.0.1.jar:/home/user/.m2/repository/org/slf4j/slf4j-log4j12/1.7.25/slf4j-log4j12-1.7.25.jar:/home/user/.m2/repository/org/apache/hadoop/hadoop-ozone-s3gateway/0.5.0-SNAPSHOT/hadoop-ozone-s3gateway-0.5.0-SNAPSHOT.jar:/home/user/.m2/repository/org/jboss/weld/servlet/weld-servlet/2.4.7.Final/weld-servlet-2.4.7.Final.jar:/home/user/.m2/repository/org/glassfish/jersey/containers/jersey-container-servlet-core/2.27/jersey-container-servlet-core-2.27.jar:/home/user/.m2/repository/org/glassfish/hk2/external/javax.inject/2.5.0-b42/javax.inject-2.5.0-b42.jar:/home/user/.m2/repository/org/glassfish/jersey/core/jersey-common/2.27/jersey-common-2.27.jar:/home/user/.m2/repository/org/glassfish/hk2/osgi-resource-locator/1.0.1/osgi-resource-locator-1.0.1.jar:/home/user/.m2/repository/javax/ws/rs/javax.ws.rs-api/2.1/javax.ws.rs-api-2.1.jar:/home/user/.m2/repository/org/glassfish/jersey/ext/cdi/jersey-cdi1x/2.27/jersey-cdi1x-2.27.jar:/home/user/.m2/repository/org/glassfish/jersey/inject/jersey-hk2/2.27/jersey-hk2-2.27.jar:/home/user/.m2/repository/org/glassfish/hk2/hk2-locator/2.5.0-b42/hk2-locator-2.5.0-b42.jar:/home/user/.m2/repository/org/javassist/javassist/3.22.0-CR2/javassist-3.22.0-CR2.jar:/home/user/.m2/repository/org/glassfish/hk2/hk2-api/2.5.0/hk2-api-2.5.0.jar:/home/user/.m2/repository/org/glassfish/hk2/external/jakarta.inject/2.5.0/jakarta.inject-2.5.0.jar:/home/user/.m2/repository/org/glassfish/hk2/hk2-utils/2.5.0/hk2-utils-2.5.0.jar:/home/user/.m2/repository/jakarta/annotation/jakarta.annotation-api/1.3.4/jakarta.annotation-api-1.3.4.jar:/home/user/.m2/repository/org/glassfish/hk2/external/aopalliance-repackaged/2.5.0/aopalliance-repackaged-2.5.0.jar:/home/user/.m2/repository/com/fasterxml/jackson/dataformat/jackson-dataformat-xml/2.9.0/jackson-dataformat-xml-2.9.0.jar:/home/user/.m2/repository/com/fasterxml/jackson/core/jackson-core/2.9.9/jackson-core-2.9.9.jar:/home/user/.m2/repository/com/fasterxml/jackson/module/jackson-module-jaxb-annotations/2.9.9/jackson-module-jaxb-annotations-2.9.9.jar:/home/user/.m2/repository/javax/enterprise/cdi-api/1.2/cdi-api-1.2.jar:/home/user/.m2/repository/javax/el/javax.el-api/3.0.0/javax.el-api-3.0.0.jar:/home/user/.m2/repository/javax/interceptor/javax.interceptor-api/1.2/javax.interceptor-api-1.2.jar:/home/user/.m2/repository/javax/inject/javax.inject/1/javax.inject-1.jar:/home/user/.m2/repository/com/sun/xml/bind/jaxb-impl/2.3.0.1/jaxb-impl-2.3.0.1.jar:/home/user/.m2/repository/com/sun/xml/bind/jaxb-core/2.3.0.1/jaxb-core-2.3.0.1.jar:/home/user/.m2/repository/javax/xml/bind/jaxb-api/2.3.0/jaxb-api-2.3.0.jar:/home/user/.m2/repository/javax/activation/activation/1.1.1/activation-1.1.1.jar:/home/user/.m2/repository/org/apache/hadoop/hadoop-ozone-csi/0.5.0-SNAPSHOT/hadoop-ozone-csi-0.5.0-SNAPSHOT.jar:/home/user/.m2/repository/com/google/protobuf/protobuf-java-util/3.5.1/protobuf-java-util-3.5.1.jar:/home/user/.m2/repository/org/apache/hadoop/hadoop-hdds-config/0.5.0-SNAPSHOT/hadoop-hdds-config-0.5.0-SNAPSHOT.jar:/home/user/.m2/repository/io/grpc/grpc-netty/1.17.1/grpc-netty-1.17.1.jar:/home/user/.m2/repository/io/grpc/grpc-core/1.17.1/grpc-core-1.17.1.jar:/home/user/.m2/repository/io/grpc/grpc-context/1.17.1/grpc-context-1.17.1.jar:/home/user/.m2/repository/com/google/errorprone/error_prone_annotations/2.2.0/error_prone_annotations-2.2.0.jar:/home/user/.m2/repository/org/codehaus/mojo/animal-sniffer-annotations/1.17/animal-sniffer-annotations-1.17.jar:/home/user/.m2/repository/io/opencensus/opencensus-api/0.17.0/opencensus-api-0.17.0.jar:/home/user/.m2/repository/io/opencensus/opencensus-contrib-grpc-metrics/0.17.0/opencensus-contrib-grpc-metrics-0.17.0.jar:/home/user/.m2/repository/io/netty/netty-codec-http2/4.1.30.Final/netty-codec-http2-4.1.30.Final.jar:/home/user/.m2/repository/io/netty/netty-codec-http/4.1.30.Final/netty-codec-http-4.1.30.Final.jar:/home/user/.m2/repository/io/netty/netty-codec/4.1.30.Final/netty-codec-4.1.30.Final.jar:/home/user/.m2/repository/io/netty/netty-handler/4.1.30.Final/netty-handler-4.1.30.Final.jar:/home/user/.m2/repository/io/netty/netty-handler-proxy/4.1.30.Final/netty-handler-proxy-4.1.30.Final.jar:/home/user/.m2/repository/io/netty/netty-codec-socks/4.1.30.Final/netty-codec-socks-4.1.30.Final.jar:/home/user/.m2/repository/io/netty/netty-transport-native-epoll/4.1.30.Final/netty-transport-native-epoll-4.1.30.Final.jar:/home/user/.m2/repository/io/netty/netty-common/4.1.30.Final/netty-common-4.1.30.Final.jar:/home/user/.m2/repository/io/netty/netty-buffer/4.1.30.Final/netty-buffer-4.1.30.Final.jar:/home/user/.m2/repository/io/netty/netty-transport/4.1.30.Final/netty-transport-4.1.30.Final.jar:/home/user/.m2/repository/io/netty/netty-resolver/4.1.30.Final/netty-resolver-4.1.30.Final.jar:/home/user/.m2/repository/io/netty/netty-transport-native-unix-common/4.1.30.Final/netty-transport-native-unix-common-4.1.30.Final.jar:/home/user/.m2/repository/io/grpc/grpc-protobuf/1.17.1/grpc-protobuf-1.17.1.jar:/home/user/.m2/repository/com/google/api/grpc/proto-google-common-protos/1.0.0/proto-google-common-protos-1.0.0.jar:/home/user/.m2/repository/io/grpc/grpc-protobuf-lite/1.17.1/grpc-protobuf-lite-1.17.1.jar:/home/user/.m2/repository/io/grpc/grpc-stub/1.17.1/grpc-stub-1.17.1.jar:/home/user/.m2/repository/org/apache/hadoop/hadoop-ozone-recon/0.5.0-SNAPSHOT/hadoop-ozone-recon-0.5.0-SNAPSHOT.jar:/home/user/.m2/repository/org/apache/hadoop/hadoop-ozone-reconcodegen/0.5.0-SNAPSHOT/hadoop-ozone-reconcodegen-0.5.0-SNAPSHOT.jar:/home/user/.m2/repository/com/google/inject/extensions/guice-multibindings/4.0/guice-multibindings-4.0.jar:/home/user/.m2/repository/com/google/inject/guice/4.0/guice-4.0.jar:/home/user/.m2/repository/aopalliance/aopalliance/1.0/aopalliance-1.0.jar:/home/user/.m2/repository/com/google/inject/extensions/guice-servlet/4.0/guice-servlet-4.0.jar:/home/user/.m2/repository/org/glassfish/jersey/containers/jersey-container-servlet/2.27/jersey-container-servlet-2.27.jar:/home/user/.m2/repository/org/glassfish/hk2/guice-bridge/2.5.0/guice-bridge-2.5.0.jar:/home/user/.m2/repository/org/glassfish/jersey/core/jersey-server/2.27/jersey-server-2.27.jar:/home/user/.m2/repository/org/glassfish/jersey/core/jersey-client/2.27/jersey-client-2.27.jar:/home/user/.m2/repository/org/glassfish/jersey/media/jersey-media-jaxb/2.27/jersey-media-jaxb-2.27.jar:/home/user/.m2/repository/javax/validation/validation-api/1.1.0.Final/validation-api-1.1.0.Final.jar:/home/user/.m2/repository/org/glassfish/jersey/media/jersey-media-json-jackson/2.27/jersey-media-json-jackson-2.27.jar:/home/user/.m2/repository/org/glassfish/jersey/ext/jersey-entity-filtering/2.27/jersey-entity-filtering-2.27.jar:/home/user/.m2/repository/com/google/inject/extensions/guice-assistedinject/4.0/guice-assistedinject-4.0.jar:/home/user/.m2/repository/org/jooq/jooq/3.11.10/jooq-3.11.10.jar:/home/user/.m2/repository/org/jooq/jooq-meta/3.11.10/jooq-meta-3.11.10.jar:/home/user/.m2/repository/org/jooq/jooq-codegen/3.11.10/jooq-codegen-3.11.10.jar:/home/user/.m2/repository/com/jolbox/bonecp/0.8.0.RELEASE/bonecp-0.8.0.RELEASE.jar:/home/user/.m2/repository/org/xerial/sqlite-jdbc/3.25.2/sqlite-jdbc-3.25.2.jar:/home/user/.m2/repository/org/springframework/spring-jdbc/5.1.3.RELEASE/spring-jdbc-5.1.3.RELEASE.jar:/home/user/.m2/repository/org/springframework/spring-beans/5.1.3.RELEASE/spring-beans-5.1.3.RELEASE.jar:/home/user/.m2/repository/org/springframework/spring-core/5.1.3.RELEASE/spring-core-5.1.3.RELEASE.jar:/home/user/.m2/repository/org/springframework/spring-jcl/5.1.3.RELEASE/spring-jcl-5.1.3.RELEASE.jar:/home/user/.m2/repository/org/springframework/spring-tx/5.1.3.RELEASE/spring-tx-5.1.3.RELEASE.jar:/home/user/.m2/repository/org/apache/hadoop/hadoop-ozone-client/0.5.0-SNAPSHOT/hadoop-ozone-client-0.5.0-SNAPSHOT.jar:/home/user/.m2/repository/commons-lang/commons-lang/2.6/commons-lang-2.6.jar:/home/user/.m2/repository/org/apache/hadoop/hadoop-ozone-ozone-manager/0.5.0-SNAPSHOT/hadoop-ozone-ozone-manager-0.5.0-SNAPSHOT-tests.jar:/home/user/.m2/repository/junit/junit/4.11/junit-4.11.jar:/home/user/.m2/repository/org/hamcrest/hamcrest-core/1.3/hamcrest-core-1.3.jar:/home/user/.m2/repository/org/openjdk/jmh/jmh-core/1.19/jmh-core-1.19.jar:/home/user/.m2/repository/net/sf/jopt-simple/jopt-simple/4.6/jopt-simple-4.6.jar:/home/user/.m2/repository/org/apache/commons/commons-math3/3.1.1/commons-math3-3.1.1.jar:/home/user/.m2/repository/org/openjdk/jmh/jmh-generator-annprocess/1.19/jmh-generator-annprocess-1.19.jar:/home/user/.m2/repository/org/mockito/mockito-all/1.8.5/mockito-all-1.8.5.jar:/home/user/.m2/repository/org/apache/hadoop/hadoop-kms/3.2.0/hadoop-kms-3.2.0.jar:/home/user/.m2/repository/org/apache/hadoop/hadoop-auth/3.2.0/hadoop-auth-3.2.0.jar:/home/user/.m2/repository/com/nimbusds/nimbus-jose-jwt/4.41.1/nimbus-jose-jwt-4.41.1.jar:/home/user/.m2/repository/com/github/stephenc/jcip/jcip-annotations/1.0-1/jcip-annotations-1.0-1.jar:/home/user/.m2/repository/net/minidev/json-smart/2.3/json-smart-2.3.jar:/home/user/.m2/repository/net/minidev/accessors-smart/1.2/accessors-smart-1.2.jar:/home/user/.m2/repository/org/ow2/asm/asm/5.0.4/asm-5.0.4.jar:/home/user/.m2/repository/org/apache/curator/curator-framework/2.12.0/curator-framework-2.12.0.jar:/home/user/.m2/repository/com/sun/jersey/jersey-core/1.19/jersey-core-1.19.jar:/home/user/.m2/repository/javax/ws/rs/jsr311-api/1.1.1/jsr311-api-1.1.1.jar:/home/user/.m2/repository/com/sun/jersey/jersey-server/1.19/jersey-server-1.19.jar:/home/user/.m2/repository/javax/servlet/javax.servlet-api/3.1.0/javax.servlet-api-3.1.0.jar:/home/user/.m2/repository/org/eclipse/jetty/jetty-server/9.3.25.v20180904/jetty-server-9.3.25.v20180904.jar:/home/user/.m2/repository/org/eclipse/jetty/jetty-http/9.3.25.v20180904/jetty-http-9.3.25.v20180904.jar:/home/user/.m2/repository/org/eclipse/jetty/jetty-io/9.3.25.v20180904/jetty-io-9.3.25.v20180904.jar:/home/user/.m2/repository/org/eclipse/jetty/jetty-webapp/9.3.25.v20180904/jetty-webapp-9.3.25.v20180904.jar:/home/user/.m2/repository/org/eclipse/jetty/jetty-xml/9.3.25.v20180904/jetty-xml-9.3.25.v20180904.jar:/home/user/.m2/repository/log4j/log4j/1.2.17/log4j-1.2.17.jar:/home/user/.m2/repository/org/slf4j/slf4j-api/1.7.25/slf4j-api-1.7.25.jar:/home/user/.m2/repository/org/slf4j/jul-to-slf4j/1.7.25/jul-to-slf4j-1.7.25.jar:/home/user/.m2/repository/org/eclipse/jetty/jetty-util/9.3.25.v20180904/jetty-util-9.3.25.v20180904.jar:/home/user/.m2/repository/com/fasterxml/jackson/core/jackson-databind/2.9.9/jackson-databind-2.9.9.jar:/home/user/.m2/repository/org/apache/hadoop/hadoop-kms/3.2.0/hadoop-kms-3.2.0-tests.jar:/home/user/.m2/repository/org/apache/hadoop/hadoop-hdds-server-scm/0.5.0-SNAPSHOT/hadoop-hdds-server-scm-0.5.0-SNAPSHOT-tests.jar:/home/user/.m2/repository/org/apache/hadoop/hadoop-hdds-container-service/0.5.0-SNAPSHOT/hadoop-hdds-container-service-0.5.0-SNAPSHOT-tests.jar:/home/user/.m2/repository/org/yaml/snakeyaml/1.16/snakeyaml-1.16.jar:/home/user/.m2/repository/org/apache/hadoop/hadoop-common/3.2.0/hadoop-common-3.2.0-tests.jar:/home/user/.m2/repository/org/apache/hadoop/hadoop-annotations/3.2.0/hadoop-annotations-3.2.0.jar:/usr/lib/jvm/java-1.8.0-openjdk-1.8.0.222.b10-1.el7_7.x86_64/jre/../lib/tools.jar:/home/user/.m2/repository/commons-cli/commons-cli/1.2/commons-cli-1.2.jar:/home/user/.m2/repository/org/apache/httpcomponents/httpclient/4.5.2/httpclient-4.5.2.jar:/home/user/.m2/repository/org/apache/httpcomponents/httpcore/4.4.4/httpcore-4.4.4.jar:/home/user/.m2/repository/commons-codec/commons-codec/1.11/commons-codec-1.11.jar:/home/user/.m2/repository/commons-net/commons-net/3.6/commons-net-3.6.jar:/home/user/.m2/repository/commons-collections/commons-collections/3.2.2/commons-collections-3.2.2.jar:/home/user/.m2/repository/org/eclipse/jetty/jetty-servlet/9.3.25.v20180904/jetty-servlet-9.3.25.v20180904.jar:/home/user/.m2/repository/org/eclipse/jetty/jetty-security/9.3.25.v20180904/jetty-security-9.3.25.v20180904.jar:/home/user/.m2/repository/javax/servlet/jsp/jsp-api/2.1/jsp-api-2.1.jar:/home/user/.m2/repository/com/sun/jersey/jersey-servlet/1.19/jersey-servlet-1.19.jar:/home/user/.m2/repository/com/sun/jersey/jersey-json/1.19/jersey-json-1.19.jar:/home/user/.m2/repository/org/codehaus/jettison/jettison/1.1/jettison-1.1.jar:/home/user/.m2/repository/org/codehaus/jackson/jackson-core-asl/1.9.13/jackson-core-asl-1.9.13.jar:/home/user/.m2/repository/org/codehaus/jackson/jackson-mapper-asl/1.9.13/jackson-mapper-asl-1.9.13.jar:/home/user/.m2/repository/org/codehaus/jackson/jackson-jaxrs/1.9.13/jackson-jaxrs-1.9.13.jar:/home/user/.m2/repository/org/codehaus/jackson/jackson-xc/1.9.13/jackson-xc-1.9.13.jar:/home/user/.m2/repository/commons-logging/commons-logging/1.1.3/commons-logging-1.1.3.jar:/home/user/.m2/repository/commons-beanutils/commons-beanutils/1.9.4/commons-beanutils-1.9.4.jar:/home/user/.m2/repository/org/apache/commons/commons-configuration2/2.1.1/commons-configuration2-2.1.1.jar:/home/user/.m2/repository/org/apache/commons/commons-lang3/3.7/commons-lang3-3.7.jar:/home/user/.m2/repository/org/apache/commons/commons-text/1.4/commons-text-1.4.jar:/home/user/.m2/repository/org/apache/avro/avro/1.7.7/avro-1.7.7.jar:/home/user/.m2/repository/com/thoughtworks/paranamer/paranamer/2.3/paranamer-2.3.jar:/home/user/.m2/repository/org/xerial/snappy/snappy-java/1.0.5/snappy-java-1.0.5.jar:/home/user/.m2/repository/com/google/re2j/re2j/1.1/re2j-1.1.jar:/home/user/.m2/repository/com/google/code/gson/gson/2.2.4/gson-2.2.4.jar:/home/user/.m2/repository/com/jcraft/jsch/0.1.54/jsch-0.1.54.jar:/home/user/.m2/repository/org/apache/curator/curator-client/2.12.0/curator-client-2.12.0.jar:/home/user/.m2/repository/org/apache/curator/curator-recipes/2.12.0/curator-recipes-2.12.0.jar:/home/user/.m2/repository/com/google/code/findbugs/jsr305/3.0.0/jsr305-3.0.0.jar:/home/user/.m2/repository/org/apache/htrace/htrace-core4/4.1.0-incubating/htrace-core4-4.1.0-incubating.jar:/home/user/.m2/repository/org/apache/zookeeper/zookeeper/3.4.13/zookeeper-3.4.13.jar:/home/user/.m2/repository/jline/jline/0.9.94/jline-0.9.94.jar:/home/user/.m2/repository/org/apache/yetus/audience-annotations/0.5.0/audience-annotations-0.5.0.jar:/home/user/.m2/repository/org/codehaus/woodstox/stax2-api/3.1.4/stax2-api-3.1.4.jar:/home/user/.m2/repository/com/fasterxml/woodstox/woodstox-core/5.0.3/woodstox-core-5.0.3.jar:/home/user/.m2/repository/dnsjava/dnsjava/2.1.7/dnsjava-2.1.7.jar:/home/user/.m2/repository/org/apache/hadoop/hadoop-hdfs/3.2.0/hadoop-hdfs-3.2.0-tests.jar:/home/user/.m2/repository/org/eclipse/jetty/jetty-util-ajax/9.3.25.v20180904/jetty-util-ajax-9.3.25.v20180904.jar:/home/user/.m2/repository/commons-daemon/commons-daemon/1.0.13/commons-daemon-1.0.13.jar:/home/user/.m2/repository/io/netty/netty/3.10.5.Final/netty-3.10.5.Final.jar:/home/user/.m2/repository/io/netty/netty-all/4.0.52.Final/netty-all-4.0.52.Final.jar:/home/user/.m2/repository/org/fusesource/leveldbjni/leveldbjni-all/1.8/leveldbjni-all-1.8.jar:"/>
    <property name="sun.cpu.endian" value="little"/>
    <property name="user.home" value="/home/user"/>
    <property name="user.language" value="en"/>
    <property name="java.specification.vendor" value="Oracle Corporation"/>
    <property name="java.home" value="/usr/lib/jvm/java-1.8.0-openjdk-1.8.0.222.b10-1.el7_7.x86_64/jre"/>
    <property name="surefire.excludesFile" value="/tools/ozone-bad-unit-tests"/>
    <property name="java.security.krb5.conf" value="/workdir/hadoop-ozone/integration-test/target/test-classes/krb5.conf"/>
    <property name="basedir" value="/workdir/hadoop-ozone/integration-test"/>
    <property name="file.separator" value="/"/>
    <property name="line.separator" value="&#10;"/>
    <property name="java.vm.specification.vendor" value="Oracle Corporation"/>
    <property name="java.specification.name" value="Java Platform API Specification"/>
    <property name="java.awt.graphicsenv" value="sun.awt.X11GraphicsEnvironment"/>
    <property name="surefire.real.class.path" value="/workdir/hadoop-ozone/integration-test/target/surefire/surefirebooter989154155456827844.jar"/>
    <property name="hadoop.log.dir" value="/workdir/hadoop-ozone/integration-test/target/log"/>
    <property name="sun.boot.class.path" value="/usr/lib/jvm/java-1.8.0-openjdk-1.8.0.222.b10-1.el7_7.x86_64/jre/lib/resources.jar:/usr/lib/jvm/java-1.8.0-openjdk-1.8.0.222.b10-1.el7_7.x86_64/jre/lib/rt.jar:/usr/lib/jvm/java-1.8.0-openjdk-1.8.0.222.b10-1.el7_7.x86_64/jre/lib/sunrsasign.jar:/usr/lib/jvm/java-1.8.0-openjdk-1.8.0.222.b10-1.el7_7.x86_64/jre/lib/jsse.jar:/usr/lib/jvm/java-1.8.0-openjdk-1.8.0.222.b10-1.el7_7.x86_64/jre/lib/jce.jar:/usr/lib/jvm/java-1.8.0-openjdk-1.8.0.222.b10-1.el7_7.x86_64/jre/lib/charsets.jar:/usr/lib/jvm/java-1.8.0-openjdk-1.8.0.222.b10-1.el7_7.x86_64/jre/lib/jfr.jar:/usr/lib/jvm/java-1.8.0-openjdk-1.8.0.222.b10-1.el7_7.x86_64/jre/classes"/>
    <property name="sun.management.compiler" value="HotSpot 64-Bit Tiered Compilers"/>
    <property name="java.runtime.version" value="1.8.0_222-b10"/>
    <property name="java.net.preferIPv4Stack" value="true"/>
    <property name="user.name" value="jenkins1000"/>
    <property name="path.separator" value=":"/>
    <property name="java.security.egd" value="file:///dev/urandom"/>
    <property name="os.version" value="3.10.0-957.12.2.el7.x86_64"/>
    <property name="java.endorsed.dirs" value="/usr/lib/jvm/java-1.8.0-openjdk-1.8.0.222.b10-1.el7_7.x86_64/jre/lib/endorsed"/>
    <property name="java.runtime.name" value="OpenJDK Runtime Environment"/>
    <property name="file.encoding" value="ANSI_X3.4-1968"/>
    <property name="java.vm.name" value="OpenJDK 64-Bit Server VM"/>
    <property name="test.build.webapps" value=""/>
    <property name="localRepository" value="/home/user/.m2/repository"/>
    <property name="java.vendor.url.bug" value="http://bugreport.sun.com/bugreport/"/>
    <property name="java.io.tmpdir" value="/tmp"/>
    <property name="require.test.libhadoop" value=""/>
    <property name="java.version" value="1.8.0_222"/>
    <property name="user.dir" value="/workdir/hadoop-ozone/integration-test"/>
    <property name="os.arch" value="amd64"/>
    <property name="java.vm.specification.name" value="Java Virtual Machine Specification"/>
    <property name="test.build.classes" value="/workdir/hadoop-ozone/integration-test/target/test-classes"/>
    <property name="java.awt.printerjob" value="sun.print.PSPrinterJob"/>
    <property name="sun.os.patch.level" value="unknown"/>
    <property name="hadoop.tmp.dir" value="/workdir/hadoop-ozone/integration-test/target/tmp"/>
    <property name="java.library.path" value="/usr/lib:/workdir/hadoop-ozone/integration-test/target/native/target/usr/local/lib:/workdir/hadoop-ozone/integration-test/../../hadoop-common-project/hadoop-common/target/native/target/usr/local/lib:/usr/java/packages/lib/amd64:/usr/lib64:/lib64:/lib:/usr/lib"/>
    <property name="java.vm.info" value="mixed mode"/>
    <property name="java.vendor" value="Oracle Corporation"/>
    <property name="java.vm.version" value="25.222-b10"/>
    <property name="java.ext.dirs" value="/usr/lib/jvm/java-1.8.0-openjdk-1.8.0.222.b10-1.el7_7.x86_64/jre/lib/ext:/usr/java/packages/lib/ext"/>
    <property name="sun.io.unicode.encoding" value="UnicodeLittle"/>
    <property name="java.class.version" value="52.0"/>
  </properties>
  <testcase name="testPipelineExclusionWithPipelineFailure" classname="org.apache.hadoop.ozone.client.rpc.TestFailureHandlingByClient" time="96.858"/>
  <testcase name="testContainerExclusionWithClosedContainerException" classname="org.apache.hadoop.ozone.client.rpc.TestFailureHandlingByClient" time="39.281"/>
  <testcase name="testWriteSmallFile" classname="org.apache.hadoop.ozone.client.rpc.TestFailureHandlingByClient" time="66.816"/>
  <testcase name="testBlockWritesWithDnFailures" classname="org.apache.hadoop.ozone.client.rpc.TestFailureHandlingByClient" time="71.712"/>
  <testcase name="testDatanodeExclusionWithMajorityCommit" classname="org.apache.hadoop.ozone.client.rpc.TestFailureHandlingByClient" time="47.063">
    <failure type="java.lang.AssertionError">java.lang.AssertionError
	at org.junit.Assert.fail(Assert.java:86)
	at org.junit.Assert.assertTrue(Assert.java:41)
	at org.junit.Assert.assertTrue(Assert.java:52)
	at org.apache.hadoop.ozone.client.rpc.TestFailureHandlingByClient.testDatanodeExclusionWithMajorityCommit(TestFailureHandlingByClient.java:322)
	at sun.reflect.NativeMethodAccessorImpl.invoke0(Native Method)
	at sun.reflect.NativeMethodAccessorImpl.invoke(NativeMethodAccessorImpl.java:62)
	at sun.reflect.DelegatingMethodAccessorImpl.invoke(DelegatingMethodAccessorImpl.java:43)
	at java.lang.reflect.Method.invoke(Method.java:498)
	at org.junit.runners.model.FrameworkMethod$1.runReflectiveCall(FrameworkMethod.java:47)
	at org.junit.internal.runners.model.ReflectiveCallable.run(ReflectiveCallable.java:12)
	at org.junit.runners.model.FrameworkMethod.invokeExplosively(FrameworkMethod.java:44)
	at org.junit.internal.runners.statements.InvokeMethod.evaluate(InvokeMethod.java:17)
	at org.junit.internal.runners.statements.RunAfters.evaluate(RunAfters.java:27)
	at org.junit.runners.ParentRunner.runLeaf(ParentRunner.java:271)
	at org.junit.runners.BlockJUnit4ClassRunner.runChild(BlockJUnit4ClassRunner.java:70)
	at org.junit.runners.BlockJUnit4ClassRunner.runChild(BlockJUnit4ClassRunner.java:50)
	at org.junit.runners.ParentRunner$3.run(ParentRunner.java:238)
	at org.junit.runners.ParentRunner$1.schedule(ParentRunner.java:63)
	at org.junit.runners.ParentRunner.runChildren(ParentRunner.java:236)
	at org.junit.runners.ParentRunner.access$000(ParentRunner.java:53)
	at org.junit.runners.ParentRunner$2.evaluate(ParentRunner.java:229)
	at org.junit.runners.ParentRunner.run(ParentRunner.java:309)
	at org.apache.maven.surefire.junit4.JUnit4Provider.execute(JUnit4Provider.java:365)
	at org.apache.maven.surefire.junit4.JUnit4Provider.executeWithRerun(JUnit4Provider.java:273)
	at org.apache.maven.surefire.junit4.JUnit4Provider.executeTestSet(JUnit4Provider.java:238)
	at org.apache.maven.surefire.junit4.JUnit4Provider.invoke(JUnit4Provider.java:159)
	at org.apache.maven.surefire.booter.ForkedBooter.invokeProviderInSameClassLoader(ForkedBooter.java:384)
	at org.apache.maven.surefire.booter.ForkedBooter.runSuitesInProcess(ForkedBooter.java:345)
	at org.apache.maven.surefire.booter.ForkedBooter.execute(ForkedBooter.java:126)
	at org.apache.maven.surefire.booter.ForkedBooter.main(ForkedBooter.java:418)
</failure>
    <system-out><![CDATA[2019-11-14 22:53:29,726 [main] WARN  server.ServerUtils (ServerUtils.java:getScmDbDir(145)) - ozone.scm.db.dirs is not configured. We recommend adding this setting. Falling back to ozone.metadata.dirs instead.
2019-11-14 22:53:29,739 [main] WARN  server.ServerUtils (ServerUtils.java:getScmDbDir(145)) - ozone.scm.db.dirs is not configured. We recommend adding this setting. Falling back to ozone.metadata.dirs instead.
2019-11-14 22:53:29,739 [main] WARN  server.ServerUtils (ServerUtils.java:getScmDbDir(145)) - ozone.scm.db.dirs is not configured. We recommend adding this setting. Falling back to ozone.metadata.dirs instead.
2019-11-14 22:53:29,740 [main] INFO  db.DBStoreBuilder (DBStoreBuilder.java:addTable(127)) - using custom profile for table: deletedBlocks
2019-11-14 22:53:29,740 [main] INFO  db.DBStoreBuilder (DBStoreBuilder.java:processTables(183)) - Using default column profile:DBProfile.DISK for Table:deletedBlocks
2019-11-14 22:53:29,740 [main] INFO  db.DBStoreBuilder (DBStoreBuilder.java:addTable(127)) - using custom profile for table: validCerts
2019-11-14 22:53:29,740 [main] INFO  db.DBStoreBuilder (DBStoreBuilder.java:processTables(183)) - Using default column profile:DBProfile.DISK for Table:validCerts
2019-11-14 22:53:29,740 [main] INFO  db.DBStoreBuilder (DBStoreBuilder.java:addTable(127)) - using custom profile for table: revokedCerts
2019-11-14 22:53:29,740 [main] INFO  db.DBStoreBuilder (DBStoreBuilder.java:processTables(183)) - Using default column profile:DBProfile.DISK for Table:revokedCerts
2019-11-14 22:53:29,741 [main] INFO  db.DBStoreBuilder (DBStoreBuilder.java:addTable(127)) - using custom profile for table: default
2019-11-14 22:53:29,741 [main] INFO  db.DBStoreBuilder (DBStoreBuilder.java:processTables(189)) - Using default column profile:DBProfile.DISK for Table:default
2019-11-14 22:53:29,741 [main] INFO  db.DBStoreBuilder (DBStoreBuilder.java:getDbProfile(220)) - Using default options. DBProfile.DISK
2019-11-14 22:53:29,799 [main] INFO  net.NodeSchemaLoader (NodeSchemaLoader.java:loadSchemaFromFile(125)) - Loading file from sun.misc.CompoundEnumeration@5cff729b
2019-11-14 22:53:29,799 [main] INFO  net.NodeSchemaLoader (NodeSchemaLoader.java:loadSchema(171)) - Loading network topology layer schema file
2019-11-14 22:53:29,803 [main] INFO  node.SCMNodeManager (SCMNodeManager.java:<init>(116)) - Entering startup safe mode.
2019-11-14 22:53:29,804 [main] INFO  algorithms.ContainerPlacementPolicyFactory (ContainerPlacementPolicyFactory.java:getPolicy(57)) - Create container placement policy of type org.apache.hadoop.hdds.scm.container.placement.algorithms.SCMContainerPlacementRandom
2019-11-14 22:53:29,804 [main] WARN  server.ServerUtils (ServerUtils.java:getScmDbDir(145)) - ozone.scm.db.dirs is not configured. We recommend adding this setting. Falling back to ozone.metadata.dirs instead.
2019-11-14 22:53:29,827 [main] INFO  pipeline.SCMPipelineManager (SCMPipelineManager.java:initializePipelineState(132)) - No pipeline exists in current db
2019-11-14 22:53:29,827 [main] WARN  server.ServerUtils (ServerUtils.java:getScmDbDir(145)) - ozone.scm.db.dirs is not configured. We recommend adding this setting. Falling back to ozone.metadata.dirs instead.
2019-11-14 22:53:29,885 [main] WARN  events.EventQueue (EventQueue.java:fireEvent(183)) - No event handler registered for event TypedEvent{payloadType=SafeModeStatus, name='SafeModeStatus'}
2019-11-14 22:53:29,885 [main] INFO  ipc.CallQueueManager (CallQueueManager.java:<init>(84)) - Using callQueue: class java.util.concurrent.LinkedBlockingQueue, queueCapacity: 2000, scheduler: class org.apache.hadoop.ipc.DefaultRpcScheduler, ipcBackoff: false.
2019-11-14 22:53:29,886 [Socket Reader #1 for port 33986] INFO  ipc.Server (Server.java:run(1074)) - Starting Socket Reader #1 for port 33986
2019-11-14 22:53:29,888 [main] INFO  ipc.CallQueueManager (CallQueueManager.java:<init>(84)) - Using callQueue: class java.util.concurrent.LinkedBlockingQueue, queueCapacity: 2000, scheduler: class org.apache.hadoop.ipc.DefaultRpcScheduler, ipcBackoff: false.
2019-11-14 22:53:29,888 [Socket Reader #1 for port 36333] INFO  ipc.Server (Server.java:run(1074)) - Starting Socket Reader #1 for port 36333
2019-11-14 22:53:29,889 [main] INFO  ipc.CallQueueManager (CallQueueManager.java:<init>(84)) - Using callQueue: class java.util.concurrent.LinkedBlockingQueue, queueCapacity: 2000, scheduler: class org.apache.hadoop.ipc.DefaultRpcScheduler, ipcBackoff: false.
2019-11-14 22:53:29,890 [Socket Reader #1 for port 37333] INFO  ipc.Server (Server.java:run(1074)) - Starting Socket Reader #1 for port 37333
2019-11-14 22:53:29,892 [main] INFO  hdfs.DFSUtil (DFSUtil.java:httpServerTemplateForNNAndJN(1641)) - Starting Web-server for scm at: http://0.0.0.0:0
2019-11-14 22:53:29,894 [main] INFO  server.AuthenticationFilter (AuthenticationFilter.java:constructSecretProvider(240)) - Unable to initialize FileSignerSecretProvider, falling back to use random secrets.
2019-11-14 22:53:29,895 [main] WARN  http.HttpRequestLog (HttpRequestLog.java:getRequestLog(97)) - Jetty request log can only be enabled using Log4j
2019-11-14 22:53:29,896 [main] INFO  http.HttpServer2 (HttpServer2.java:addGlobalFilter(975)) - Added global filter 'safety' (class=org.apache.hadoop.http.HttpServer2$QuotingInputFilter)
2019-11-14 22:53:29,897 [main] INFO  http.HttpServer2 (HttpServer2.java:addFilter(948)) - Added filter static_user_filter (class=org.apache.hadoop.http.lib.StaticUserWebFilter$StaticUserFilter) to context scm
2019-11-14 22:53:29,897 [main] INFO  http.HttpServer2 (HttpServer2.java:addFilter(958)) - Added filter static_user_filter (class=org.apache.hadoop.http.lib.StaticUserWebFilter$StaticUserFilter) to context logs
2019-11-14 22:53:29,897 [main] INFO  http.HttpServer2 (HttpServer2.java:addFilter(958)) - Added filter static_user_filter (class=org.apache.hadoop.http.lib.StaticUserWebFilter$StaticUserFilter) to context static
2019-11-14 22:53:29,899 [main] INFO  server.StorageContainerManager (StorageContainerManager.java:start(766)) - StorageContainerLocationProtocol RPC server is listening at /0.0.0.0:37333
2019-11-14 22:53:29,902 [main] WARN  impl.MetricsConfig (MetricsConfig.java:loadFirst(134)) - Cannot locate configuration: tried hadoop-metrics2-storagecontainermanager.properties,hadoop-metrics2.properties
2019-11-14 22:53:29,903 [main] INFO  impl.MetricsSystemImpl (MetricsSystemImpl.java:startTimer(374)) - Scheduled Metric snapshot period at 10 second(s).
2019-11-14 22:53:29,903 [main] INFO  impl.MetricsSystemImpl (MetricsSystemImpl.java:start(191)) - StorageContainerManager metrics system started
2019-11-14 22:53:29,942 [main] WARN  impl.MetricsSystemImpl (MetricsSystemImpl.java:register(276)) - Sink prometheus already exists!
2019-11-14 22:53:29,992 [main] INFO  server.SCMClientProtocolServer (SCMClientProtocolServer.java:start(160)) - RPC server for Client  is listening at /0.0.0.0:37333
2019-11-14 22:53:29,992 [IPC Server Responder] INFO  ipc.Server (Server.java:run(1314)) - IPC Server Responder: starting
2019-11-14 22:53:29,993 [IPC Server listener on 37333] INFO  ipc.Server (Server.java:run(1153)) - IPC Server listener on 37333: starting
2019-11-14 22:53:29,996 [main] INFO  server.StorageContainerManager (StorageContainerManager.java:start(776)) - ScmBlockLocationProtocol RPC server is listening at /0.0.0.0:36333
2019-11-14 22:53:29,996 [main] INFO  server.SCMBlockProtocolServer (SCMBlockProtocolServer.java:start(146)) - RPC server for Block Protocol is listening at /0.0.0.0:36333
2019-11-14 22:53:29,997 [IPC Server Responder] INFO  ipc.Server (Server.java:run(1314)) - IPC Server Responder: starting
2019-11-14 22:53:29,997 [IPC Server listener on 36333] INFO  ipc.Server (Server.java:run(1153)) - IPC Server listener on 36333: starting
2019-11-14 22:53:30,001 [main] INFO  server.StorageContainerManager (StorageContainerManager.java:start(780)) - ScmDatanodeProtocl RPC server is listening at /0.0.0.0:33986
2019-11-14 22:53:30,001 [main] INFO  server.SCMDatanodeProtocolServer (SCMDatanodeProtocolServer.java:start(169)) - RPC server for DataNodes is listening at /0.0.0.0:33986
2019-11-14 22:53:30,002 [IPC Server Responder] INFO  ipc.Server (Server.java:run(1314)) - IPC Server Responder: starting
2019-11-14 22:53:30,002 [IPC Server listener on 33986] INFO  ipc.Server (Server.java:run(1153)) - IPC Server listener on 33986: starting
2019-11-14 22:53:30,005 [main] INFO  http.HttpServer2 (HttpServer2.java:bindListener(1191)) - Jetty bound to port 45114
2019-11-14 22:53:30,005 [main] INFO  server.Server (Server.java:doStart(351)) - jetty-9.3.25.v20180904, build timestamp: 2018-09-04T21:11:46Z, git hash: 3ce520221d0240229c862b122d2b06c12a625732
2019-11-14 22:53:30,007 [main] INFO  handler.ContextHandler (ContextHandler.java:doStart(781)) - Started o.e.j.s.ServletContextHandler@4def7d36{/logs,file:///workdir/hadoop-ozone/integration-test/target/log,AVAILABLE}
2019-11-14 22:53:30,008 [main] INFO  handler.ContextHandler (ContextHandler.java:doStart(781)) - Started o.e.j.s.ServletContextHandler@67f946c3{/static,file:///workdir/hadoop-ozone/integration-test/target/test-classes/webapps/static,AVAILABLE}
2019-11-14 22:53:30,012 [main] INFO  handler.ContextHandler (ContextHandler.java:doStart(781)) - Started o.e.j.w.WebAppContext@78d73b1b{/,file:///workdir/hadoop-ozone/integration-test/target/test-classes/webapps/scm/,AVAILABLE}{/scm}
2019-11-14 22:53:30,013 [main] INFO  server.AbstractConnector (AbstractConnector.java:doStart(278)) - Started ServerConnector@238291d4{HTTP/1.1,[http/1.1]}{0.0.0.0:45114}
2019-11-14 22:53:30,013 [main] INFO  server.Server (Server.java:doStart(419)) - Started @275399ms
2019-11-14 22:53:30,014 [main] WARN  impl.MetricsSystemImpl (MetricsSystemImpl.java:register(276)) - Sink prometheus already exists!
2019-11-14 22:53:30,015 [main] INFO  server.BaseHttpServer (BaseHttpServer.java:updateConnectorAddress(215)) - HTTP server of SCM is listening at http://0.0.0.0:45114
2019-11-14 22:53:30,016 [main] WARN  server.ServerUtils (ServerUtils.java:getDBPath(222)) - ozone.om.db.dirs is not configured. We recommend adding this setting. Falling back to ozone.metadata.dirs instead.
2019-11-14 22:53:30,016 [org.apache.hadoop.util.JvmPauseMonitor$Monitor@681e913c] INFO  util.JvmPauseMonitor (JvmPauseMonitor.java:run(188)) - Starting JVM pause monitor
2019-11-14 22:53:30,030 [main] INFO  ha.OMHANodeDetails (OMHANodeDetails.java:loadOMHAConfig(190)) - Configuration either no ozone.om.address set. Falling back to the default OM address /127.0.0.1:0
2019-11-14 22:53:30,030 [main] INFO  ha.OMHANodeDetails (OMHANodeDetails.java:getOMNodeDetails(220)) - OM Service ID is not set. Setting it to the default ID: omServiceIdDefault
2019-11-14 22:53:30,030 [main] WARN  server.ServerUtils (ServerUtils.java:getDBPath(222)) - ozone.om.db.dirs is not configured. We recommend adding this setting. Falling back to ozone.metadata.dirs instead.
2019-11-14 22:53:30,030 [main] WARN  server.ServerUtils (ServerUtils.java:getDBPath(222)) - ozone.om.db.dirs is not configured. We recommend adding this setting. Falling back to ozone.metadata.dirs instead.
2019-11-14 22:53:30,036 [main] WARN  server.ServerUtils (ServerUtils.java:getDBPath(222)) - ozone.om.db.dirs is not configured. We recommend adding this setting. Falling back to ozone.metadata.dirs instead.
2019-11-14 22:53:30,036 [main] INFO  db.DBStoreBuilder (DBStoreBuilder.java:addTable(127)) - using custom profile for table: userTable
2019-11-14 22:53:30,036 [main] INFO  db.DBStoreBuilder (DBStoreBuilder.java:processTables(183)) - Using default column profile:DBProfile.DISK for Table:userTable
2019-11-14 22:53:30,037 [main] INFO  db.DBStoreBuilder (DBStoreBuilder.java:addTable(127)) - using custom profile for table: volumeTable
2019-11-14 22:53:30,037 [main] INFO  db.DBStoreBuilder (DBStoreBuilder.java:processTables(183)) - Using default column profile:DBProfile.DISK for Table:volumeTable
2019-11-14 22:53:30,037 [main] INFO  db.DBStoreBuilder (DBStoreBuilder.java:addTable(127)) - using custom profile for table: bucketTable
2019-11-14 22:53:30,037 [main] INFO  db.DBStoreBuilder (DBStoreBuilder.java:processTables(183)) - Using default column profile:DBProfile.DISK for Table:bucketTable
2019-11-14 22:53:30,037 [main] INFO  db.DBStoreBuilder (DBStoreBuilder.java:addTable(127)) - using custom profile for table: keyTable
2019-11-14 22:53:30,037 [main] INFO  db.DBStoreBuilder (DBStoreBuilder.java:processTables(183)) - Using default column profile:DBProfile.DISK for Table:keyTable
2019-11-14 22:53:30,037 [main] INFO  db.DBStoreBuilder (DBStoreBuilder.java:addTable(127)) - using custom profile for table: deletedTable
2019-11-14 22:53:30,038 [main] INFO  db.DBStoreBuilder (DBStoreBuilder.java:processTables(183)) - Using default column profile:DBProfile.DISK for Table:deletedTable
2019-11-14 22:53:30,038 [main] INFO  db.DBStoreBuilder (DBStoreBuilder.java:addTable(127)) - using custom profile for table: openKeyTable
2019-11-14 22:53:30,038 [main] INFO  db.DBStoreBuilder (DBStoreBuilder.java:processTables(183)) - Using default column profile:DBProfile.DISK for Table:openKeyTable
2019-11-14 22:53:30,038 [main] INFO  db.DBStoreBuilder (DBStoreBuilder.java:addTable(127)) - using custom profile for table: s3Table
2019-11-14 22:53:30,038 [main] INFO  db.DBStoreBuilder (DBStoreBuilder.java:processTables(183)) - Using default column profile:DBProfile.DISK for Table:s3Table
2019-11-14 22:53:30,038 [main] INFO  db.DBStoreBuilder (DBStoreBuilder.java:addTable(127)) - using custom profile for table: multipartInfoTable
2019-11-14 22:53:30,038 [main] INFO  db.DBStoreBuilder (DBStoreBuilder.java:processTables(183)) - Using default column profile:DBProfile.DISK for Table:multipartInfoTable
2019-11-14 22:53:30,039 [main] INFO  db.DBStoreBuilder (DBStoreBuilder.java:addTable(127)) - using custom profile for table: dTokenTable
2019-11-14 22:53:30,039 [main] INFO  db.DBStoreBuilder (DBStoreBuilder.java:processTables(183)) - Using default column profile:DBProfile.DISK for Table:dTokenTable
2019-11-14 22:53:30,039 [main] INFO  db.DBStoreBuilder (DBStoreBuilder.java:addTable(127)) - using custom profile for table: s3SecretTable
2019-11-14 22:53:30,039 [main] INFO  db.DBStoreBuilder (DBStoreBuilder.java:processTables(183)) - Using default column profile:DBProfile.DISK for Table:s3SecretTable
2019-11-14 22:53:30,039 [main] INFO  db.DBStoreBuilder (DBStoreBuilder.java:addTable(127)) - using custom profile for table: prefixTable
2019-11-14 22:53:30,039 [main] INFO  db.DBStoreBuilder (DBStoreBuilder.java:processTables(183)) - Using default column profile:DBProfile.DISK for Table:prefixTable
2019-11-14 22:53:30,039 [main] INFO  db.DBStoreBuilder (DBStoreBuilder.java:addTable(127)) - using custom profile for table: default
2019-11-14 22:53:30,039 [main] INFO  db.DBStoreBuilder (DBStoreBuilder.java:processTables(189)) - Using default column profile:DBProfile.DISK for Table:default
2019-11-14 22:53:30,040 [main] INFO  db.DBStoreBuilder (DBStoreBuilder.java:getDbProfile(220)) - Using default options. DBProfile.DISK
2019-11-14 22:53:30,335 [main] INFO  ipc.CallQueueManager (CallQueueManager.java:<init>(84)) - Using callQueue: class java.util.concurrent.LinkedBlockingQueue, queueCapacity: 2000, scheduler: class org.apache.hadoop.ipc.DefaultRpcScheduler, ipcBackoff: false.
2019-11-14 22:53:30,335 [Socket Reader #1 for port 36902] INFO  ipc.Server (Server.java:run(1074)) - Starting Socket Reader #1 for port 36902
2019-11-14 22:53:30,348 [main] INFO  om.OzoneManager (OzoneManager.java:start(1077)) - OzoneManager RPC server is listening at localhost/127.0.0.1:36902
2019-11-14 22:53:30,348 [main] INFO  impl.MetricsSystemImpl (MetricsSystemImpl.java:init(158)) - OzoneManager metrics system started (again)
2019-11-14 22:53:30,349 [IPC Server Responder] INFO  ipc.Server (Server.java:run(1314)) - IPC Server Responder: starting
2019-11-14 22:53:30,350 [IPC Server listener on 36902] INFO  ipc.Server (Server.java:run(1153)) - IPC Server listener on 36902: starting
2019-11-14 22:53:30,354 [main] INFO  hdfs.DFSUtil (DFSUtil.java:httpServerTemplateForNNAndJN(1641)) - Starting Web-server for ozoneManager at: http://0.0.0.0:0
2019-11-14 22:53:30,355 [main] INFO  server.AuthenticationFilter (AuthenticationFilter.java:constructSecretProvider(240)) - Unable to initialize FileSignerSecretProvider, falling back to use random secrets.
2019-11-14 22:53:30,355 [main] WARN  http.HttpRequestLog (HttpRequestLog.java:getRequestLog(97)) - Jetty request log can only be enabled using Log4j
2019-11-14 22:53:30,356 [main] INFO  http.HttpServer2 (HttpServer2.java:addGlobalFilter(975)) - Added global filter 'safety' (class=org.apache.hadoop.http.HttpServer2$QuotingInputFilter)
2019-11-14 22:53:30,357 [main] INFO  http.HttpServer2 (HttpServer2.java:addFilter(948)) - Added filter static_user_filter (class=org.apache.hadoop.http.lib.StaticUserWebFilter$StaticUserFilter) to context ozoneManager
2019-11-14 22:53:30,357 [main] INFO  http.HttpServer2 (HttpServer2.java:addFilter(958)) - Added filter static_user_filter (class=org.apache.hadoop.http.lib.StaticUserWebFilter$StaticUserFilter) to context static
2019-11-14 22:53:30,357 [main] INFO  http.HttpServer2 (HttpServer2.java:addFilter(958)) - Added filter static_user_filter (class=org.apache.hadoop.http.lib.StaticUserWebFilter$StaticUserFilter) to context logs
2019-11-14 22:53:30,358 [main] INFO  http.HttpServer2 (HttpServer2.java:bindListener(1191)) - Jetty bound to port 44992
2019-11-14 22:53:30,358 [main] INFO  server.Server (Server.java:doStart(351)) - jetty-9.3.25.v20180904, build timestamp: 2018-09-04T21:11:46Z, git hash: 3ce520221d0240229c862b122d2b06c12a625732
2019-11-14 22:53:30,359 [main] INFO  handler.ContextHandler (ContextHandler.java:doStart(781)) - Started o.e.j.s.ServletContextHandler@6fbf5db2{/logs,file:///workdir/hadoop-ozone/integration-test/target/log,AVAILABLE}
2019-11-14 22:53:30,359 [main] INFO  handler.ContextHandler (ContextHandler.java:doStart(781)) - Started o.e.j.s.ServletContextHandler@57cabdc3{/static,file:///workdir/hadoop-ozone/integration-test/target/test-classes/webapps/static,AVAILABLE}
2019-11-14 22:53:30,362 [main] INFO  handler.ContextHandler (ContextHandler.java:doStart(781)) - Started o.e.j.w.WebAppContext@5e3db14{/,file:///workdir/hadoop-ozone/integration-test/target/test-classes/webapps/ozoneManager/,AVAILABLE}{/ozoneManager}
2019-11-14 22:53:30,363 [main] INFO  server.AbstractConnector (AbstractConnector.java:doStart(278)) - Started ServerConnector@5fb54740{HTTP/1.1,[http/1.1]}{0.0.0.0:44992}
2019-11-14 22:53:30,363 [main] INFO  server.Server (Server.java:doStart(419)) - Started @275749ms
2019-11-14 22:53:30,363 [main] WARN  impl.MetricsSystemImpl (MetricsSystemImpl.java:register(276)) - Sink prometheus already exists!
2019-11-14 22:53:30,364 [main] INFO  server.BaseHttpServer (BaseHttpServer.java:updateConnectorAddress(215)) - HTTP server of OZONEMANAGER is listening at http://0.0.0.0:44992
2019-11-14 22:53:30,385 [main] INFO  impl.MetricsSystemImpl (MetricsSystemImpl.java:init(158)) - HddsDatanode metrics system started (again)
2019-11-14 22:53:30,387 [main] INFO  ozone.HddsDatanodeService (HddsDatanodeService.java:start(186)) - HddsDatanodeService host:pr-hdds-2448-del-container-qmj8s-3203767274 ip:192.168.164.210
2019-11-14 22:53:30,394 [main] INFO  volume.HddsVolume (HddsVolume.java:<init>(176)) - Creating Volume: /workdir/hadoop-ozone/integration-test/target/test-dir/MiniOzoneClusterImpl-c304fa79-6e7f-43ac-8564-360665bd8c65/datanode-0/data/containers/hdds of  storage type : DISK and capacity : 1482555576320
2019-11-14 22:53:30,395 [main] INFO  volume.VolumeSet (VolumeSet.java:initializeVolumeSet(170)) - Added Volume : /workdir/hadoop-ozone/integration-test/target/test-dir/MiniOzoneClusterImpl-c304fa79-6e7f-43ac-8564-360665bd8c65/datanode-0/data/containers/hdds to VolumeSet
2019-11-14 22:53:30,395 [main] INFO  volume.ThrottledAsyncChecker (ThrottledAsyncChecker.java:schedule(141)) - Scheduling a check for /workdir/hadoop-ozone/integration-test/target/test-dir/MiniOzoneClusterImpl-c304fa79-6e7f-43ac-8564-360665bd8c65/datanode-0/data/containers/hdds
2019-11-14 22:53:30,395 [main] INFO  volume.HddsVolumeChecker (HddsVolumeChecker.java:checkAllVolumes(204)) - Scheduled health check for volume /workdir/hadoop-ozone/integration-test/target/test-dir/MiniOzoneClusterImpl-c304fa79-6e7f-43ac-8564-360665bd8c65/datanode-0/data/containers/hdds
2019-11-14 22:53:30,408 [main] INFO  impl.RaftServerProxy (ConfUtils.java:logGet(43)) - raft.rpc.type = GRPC (default)
2019-11-14 22:53:30,409 [main] INFO  grpc.GrpcFactory (GrpcFactory.java:checkPooledByteBufAllocatorUseCacheForAllThreads(45)) - PERFORMANCE WARNING: useCacheForAllThreads is true that may cause Netty to create a lot garbage objects and, as a result, trigger GC.
	It is recommended to disable useCacheForAllThreads by setting -Dorg.apache.ratis.thirdparty.io.netty.allocator.useCacheForAllThreads=false in command line.
2019-11-14 22:53:30,409 [main] INFO  grpc.GrpcConfigKeys$Server (ConfUtils.java:logGet(43)) - raft.grpc.server.port = 0 (default)
2019-11-14 22:53:30,409 [main] INFO  server.GrpcService (ConfUtils.java:logGet(43)) - raft.grpc.message.size.max = 33570816 (custom)
2019-11-14 22:53:30,409 [main] INFO  server.RaftServerConfigKeys (ConfUtils.java:logGet(43)) - raft.server.log.appender.buffer.byte-limit = 33554432 (custom)
2019-11-14 22:53:30,409 [main] INFO  server.GrpcService (ConfUtils.java:logGet(43)) - raft.grpc.flow.control.window = 1MB (=1048576) (default)
2019-11-14 22:53:30,409 [main] INFO  server.RaftServerConfigKeys (ConfUtils.java:logGet(43)) - raft.server.rpc.request.timeout = 3000ms (default)
2019-11-14 22:53:30,410 [main] INFO  server.RaftServerConfigKeys (ConfUtils.java:logGet(43)) - raft.server.storage.dir = [/workdir/hadoop-ozone/integration-test/target/test-dir/MiniOzoneClusterImpl-c304fa79-6e7f-43ac-8564-360665bd8c65/datanode-0/data/ratis] (custom)
2019-11-14 22:53:30,412 [main] INFO  hdfs.DFSUtil (DFSUtil.java:httpServerTemplateForNNAndJN(1641)) - Starting Web-server for hddsDatanode at: http://0.0.0.0:0
2019-11-14 22:53:30,413 [main] INFO  server.AuthenticationFilter (AuthenticationFilter.java:constructSecretProvider(240)) - Unable to initialize FileSignerSecretProvider, falling back to use random secrets.
2019-11-14 22:53:30,413 [main] WARN  http.HttpRequestLog (HttpRequestLog.java:getRequestLog(97)) - Jetty request log can only be enabled using Log4j
2019-11-14 22:53:30,414 [main] INFO  http.HttpServer2 (HttpServer2.java:addGlobalFilter(975)) - Added global filter 'safety' (class=org.apache.hadoop.http.HttpServer2$QuotingInputFilter)
2019-11-14 22:53:30,415 [main] INFO  http.HttpServer2 (HttpServer2.java:addFilter(948)) - Added filter static_user_filter (class=org.apache.hadoop.http.lib.StaticUserWebFilter$StaticUserFilter) to context hddsDatanode
2019-11-14 22:53:30,415 [main] INFO  http.HttpServer2 (HttpServer2.java:addFilter(958)) - Added filter static_user_filter (class=org.apache.hadoop.http.lib.StaticUserWebFilter$StaticUserFilter) to context static
2019-11-14 22:53:30,415 [main] INFO  http.HttpServer2 (HttpServer2.java:addFilter(958)) - Added filter static_user_filter (class=org.apache.hadoop.http.lib.StaticUserWebFilter$StaticUserFilter) to context logs
2019-11-14 22:53:30,416 [main] INFO  http.HttpServer2 (HttpServer2.java:bindListener(1191)) - Jetty bound to port 36254
2019-11-14 22:53:30,417 [main] INFO  server.Server (Server.java:doStart(351)) - jetty-9.3.25.v20180904, build timestamp: 2018-09-04T21:11:46Z, git hash: 3ce520221d0240229c862b122d2b06c12a625732
2019-11-14 22:53:30,419 [main] INFO  handler.ContextHandler (ContextHandler.java:doStart(781)) - Started o.e.j.s.ServletContextHandler@624b3544{/logs,file:///workdir/hadoop-ozone/integration-test/target/log,AVAILABLE}
2019-11-14 22:53:30,419 [main] INFO  handler.ContextHandler (ContextHandler.java:doStart(781)) - Started o.e.j.s.ServletContextHandler@2c9fdb64{/static,jar:file:/home/user/.m2/repository/org/apache/hadoop/hadoop-hdds-container-service/0.5.0-SNAPSHOT/hadoop-hdds-container-service-0.5.0-SNAPSHOT.jar!/webapps/static,AVAILABLE}
2019-11-14 22:53:30,455 [main] INFO  handler.ContextHandler (ContextHandler.java:doStart(781)) - Started o.e.j.w.WebAppContext@6238d5e0{/,file:///tmp/jetty-0.0.0.0-36254-hddsDatanode-_-any-4877448923075576960.dir/webapp/,AVAILABLE}{/hddsDatanode}
2019-11-14 22:53:30,456 [main] INFO  server.AbstractConnector (AbstractConnector.java:doStart(278)) - Started ServerConnector@336f49a1{HTTP/1.1,[http/1.1]}{0.0.0.0:36254}
2019-11-14 22:53:30,456 [main] INFO  server.Server (Server.java:doStart(419)) - Started @275842ms
2019-11-14 22:53:30,457 [main] WARN  impl.MetricsSystemImpl (MetricsSystemImpl.java:register(276)) - Sink prometheus already exists!
2019-11-14 22:53:30,457 [main] INFO  server.BaseHttpServer (BaseHttpServer.java:updateConnectorAddress(215)) - HTTP server of HDDSDATANODE is listening at http://0.0.0.0:36254
2019-11-14 22:53:30,458 [main] INFO  impl.MetricsSystemImpl (MetricsSystemImpl.java:init(158)) - HddsDatanode metrics system started (again)
2019-11-14 22:53:30,460 [main] INFO  ozone.HddsDatanodeService (HddsDatanodeService.java:start(186)) - HddsDatanodeService host:pr-hdds-2448-del-container-qmj8s-3203767274 ip:192.168.164.210
2019-11-14 22:53:30,460 [org.apache.hadoop.util.JvmPauseMonitor$Monitor@13ef8248] INFO  util.JvmPauseMonitor (JvmPauseMonitor.java:run(188)) - Starting JVM pause monitor
2019-11-14 22:53:30,464 [Datanode State Machine Thread - 0] INFO  datanode.InitDatanodeState (InitDatanodeState.java:persistContainerDatanodeDetails(140)) - DatanodeDetails is persisted to /workdir/hadoop-ozone/integration-test/target/test-dir/MiniOzoneClusterImpl-c304fa79-6e7f-43ac-8564-360665bd8c65/datanode-0/meta/datanode.id
2019-11-14 22:53:30,467 [main] INFO  volume.HddsVolume (HddsVolume.java:<init>(176)) - Creating Volume: /workdir/hadoop-ozone/integration-test/target/test-dir/MiniOzoneClusterImpl-c304fa79-6e7f-43ac-8564-360665bd8c65/datanode-1/data/containers/hdds of  storage type : DISK and capacity : 1482555576320
2019-11-14 22:53:30,468 [main] INFO  volume.VolumeSet (VolumeSet.java:initializeVolumeSet(170)) - Added Volume : /workdir/hadoop-ozone/integration-test/target/test-dir/MiniOzoneClusterImpl-c304fa79-6e7f-43ac-8564-360665bd8c65/datanode-1/data/containers/hdds to VolumeSet
2019-11-14 22:53:30,468 [main] INFO  volume.ThrottledAsyncChecker (ThrottledAsyncChecker.java:schedule(141)) - Scheduling a check for /workdir/hadoop-ozone/integration-test/target/test-dir/MiniOzoneClusterImpl-c304fa79-6e7f-43ac-8564-360665bd8c65/datanode-1/data/containers/hdds
2019-11-14 22:53:30,468 [main] INFO  volume.HddsVolumeChecker (HddsVolumeChecker.java:checkAllVolumes(204)) - Scheduled health check for volume /workdir/hadoop-ozone/integration-test/target/test-dir/MiniOzoneClusterImpl-c304fa79-6e7f-43ac-8564-360665bd8c65/datanode-1/data/containers/hdds
2019-11-14 22:53:30,479 [main] INFO  impl.RaftServerProxy (ConfUtils.java:logGet(43)) - raft.rpc.type = GRPC (default)
2019-11-14 22:53:30,479 [main] INFO  grpc.GrpcFactory (GrpcFactory.java:checkPooledByteBufAllocatorUseCacheForAllThreads(45)) - PERFORMANCE WARNING: useCacheForAllThreads is true that may cause Netty to create a lot garbage objects and, as a result, trigger GC.
	It is recommended to disable useCacheForAllThreads by setting -Dorg.apache.ratis.thirdparty.io.netty.allocator.useCacheForAllThreads=false in command line.
2019-11-14 22:53:30,479 [main] INFO  grpc.GrpcConfigKeys$Server (ConfUtils.java:logGet(43)) - raft.grpc.server.port = 0 (default)
2019-11-14 22:53:30,480 [main] INFO  server.GrpcService (ConfUtils.java:logGet(43)) - raft.grpc.message.size.max = 33570816 (custom)
2019-11-14 22:53:30,480 [main] INFO  server.RaftServerConfigKeys (ConfUtils.java:logGet(43)) - raft.server.log.appender.buffer.byte-limit = 33554432 (custom)
2019-11-14 22:53:30,480 [main] INFO  server.GrpcService (ConfUtils.java:logGet(43)) - raft.grpc.flow.control.window = 1MB (=1048576) (default)
2019-11-14 22:53:30,480 [main] INFO  server.RaftServerConfigKeys (ConfUtils.java:logGet(43)) - raft.server.rpc.request.timeout = 3000ms (default)
2019-11-14 22:53:30,480 [main] INFO  server.RaftServerConfigKeys (ConfUtils.java:logGet(43)) - raft.server.storage.dir = [/workdir/hadoop-ozone/integration-test/target/test-dir/MiniOzoneClusterImpl-c304fa79-6e7f-43ac-8564-360665bd8c65/datanode-1/data/ratis] (custom)
2019-11-14 22:53:30,482 [main] INFO  hdfs.DFSUtil (DFSUtil.java:httpServerTemplateForNNAndJN(1641)) - Starting Web-server for hddsDatanode at: http://0.0.0.0:0
2019-11-14 22:53:30,483 [main] INFO  server.AuthenticationFilter (AuthenticationFilter.java:constructSecretProvider(240)) - Unable to initialize FileSignerSecretProvider, falling back to use random secrets.
2019-11-14 22:53:30,483 [main] WARN  http.HttpRequestLog (HttpRequestLog.java:getRequestLog(97)) - Jetty request log can only be enabled using Log4j
2019-11-14 22:53:30,484 [main] INFO  http.HttpServer2 (HttpServer2.java:addGlobalFilter(975)) - Added global filter 'safety' (class=org.apache.hadoop.http.HttpServer2$QuotingInputFilter)
2019-11-14 22:53:30,484 [main] INFO  http.HttpServer2 (HttpServer2.java:addFilter(948)) - Added filter static_user_filter (class=org.apache.hadoop.http.lib.StaticUserWebFilter$StaticUserFilter) to context hddsDatanode
2019-11-14 22:53:30,485 [main] INFO  http.HttpServer2 (HttpServer2.java:addFilter(958)) - Added filter static_user_filter (class=org.apache.hadoop.http.lib.StaticUserWebFilter$StaticUserFilter) to context static
2019-11-14 22:53:30,485 [main] INFO  http.HttpServer2 (HttpServer2.java:addFilter(958)) - Added filter static_user_filter (class=org.apache.hadoop.http.lib.StaticUserWebFilter$StaticUserFilter) to context logs
2019-11-14 22:53:30,485 [main] INFO  http.HttpServer2 (HttpServer2.java:bindListener(1191)) - Jetty bound to port 46807
2019-11-14 22:53:30,485 [main] INFO  server.Server (Server.java:doStart(351)) - jetty-9.3.25.v20180904, build timestamp: 2018-09-04T21:11:46Z, git hash: 3ce520221d0240229c862b122d2b06c12a625732
2019-11-14 22:53:30,487 [main] INFO  handler.ContextHandler (ContextHandler.java:doStart(781)) - Started o.e.j.s.ServletContextHandler@2aee0704{/logs,file:///workdir/hadoop-ozone/integration-test/target/log,AVAILABLE}
2019-11-14 22:53:30,487 [main] INFO  handler.ContextHandler (ContextHandler.java:doStart(781)) - Started o.e.j.s.ServletContextHandler@4f3c7808{/static,jar:file:/home/user/.m2/repository/org/apache/hadoop/hadoop-hdds-container-service/0.5.0-SNAPSHOT/hadoop-hdds-container-service-0.5.0-SNAPSHOT.jar!/webapps/static,AVAILABLE}
2019-11-14 22:53:30,518 [main] INFO  handler.ContextHandler (ContextHandler.java:doStart(781)) - Started o.e.j.w.WebAppContext@7be94cd6{/,file:///tmp/jetty-0.0.0.0-46807-hddsDatanode-_-any-7396560844097860963.dir/webapp/,AVAILABLE}{/hddsDatanode}
2019-11-14 22:53:30,518 [main] INFO  server.AbstractConnector (AbstractConnector.java:doStart(278)) - Started ServerConnector@20cff21e{HTTP/1.1,[http/1.1]}{0.0.0.0:46807}
2019-11-14 22:53:30,519 [main] INFO  server.Server (Server.java:doStart(419)) - Started @275905ms
2019-11-14 22:53:30,520 [main] WARN  impl.MetricsSystemImpl (MetricsSystemImpl.java:register(276)) - Sink prometheus already exists!
2019-11-14 22:53:30,521 [main] INFO  server.BaseHttpServer (BaseHttpServer.java:updateConnectorAddress(215)) - HTTP server of HDDSDATANODE is listening at http://0.0.0.0:46807
2019-11-14 22:53:30,521 [main] INFO  impl.MetricsSystemImpl (MetricsSystemImpl.java:init(158)) - HddsDatanode metrics system started (again)
2019-11-14 22:53:30,524 [org.apache.hadoop.util.JvmPauseMonitor$Monitor@6a12442a] INFO  util.JvmPauseMonitor (JvmPauseMonitor.java:run(188)) - Starting JVM pause monitor
2019-11-14 22:53:30,525 [main] INFO  ozone.HddsDatanodeService (HddsDatanodeService.java:start(186)) - HddsDatanodeService host:pr-hdds-2448-del-container-qmj8s-3203767274 ip:192.168.164.210
2019-11-14 22:53:30,525 [Datanode State Machine Thread - 0] INFO  datanode.InitDatanodeState (InitDatanodeState.java:persistContainerDatanodeDetails(140)) - DatanodeDetails is persisted to /workdir/hadoop-ozone/integration-test/target/test-dir/MiniOzoneClusterImpl-c304fa79-6e7f-43ac-8564-360665bd8c65/datanode-1/meta/datanode.id
2019-11-14 22:53:30,533 [main] INFO  volume.HddsVolume (HddsVolume.java:<init>(176)) - Creating Volume: /workdir/hadoop-ozone/integration-test/target/test-dir/MiniOzoneClusterImpl-c304fa79-6e7f-43ac-8564-360665bd8c65/datanode-2/data/containers/hdds of  storage type : DISK and capacity : 1482555576320
2019-11-14 22:53:30,533 [main] INFO  volume.VolumeSet (VolumeSet.java:initializeVolumeSet(170)) - Added Volume : /workdir/hadoop-ozone/integration-test/target/test-dir/MiniOzoneClusterImpl-c304fa79-6e7f-43ac-8564-360665bd8c65/datanode-2/data/containers/hdds to VolumeSet
2019-11-14 22:53:30,534 [main] INFO  volume.ThrottledAsyncChecker (ThrottledAsyncChecker.java:schedule(141)) - Scheduling a check for /workdir/hadoop-ozone/integration-test/target/test-dir/MiniOzoneClusterImpl-c304fa79-6e7f-43ac-8564-360665bd8c65/datanode-2/data/containers/hdds
2019-11-14 22:53:30,534 [main] INFO  volume.HddsVolumeChecker (HddsVolumeChecker.java:checkAllVolumes(204)) - Scheduled health check for volume /workdir/hadoop-ozone/integration-test/target/test-dir/MiniOzoneClusterImpl-c304fa79-6e7f-43ac-8564-360665bd8c65/datanode-2/data/containers/hdds
2019-11-14 22:53:30,551 [main] INFO  impl.RaftServerProxy (ConfUtils.java:logGet(43)) - raft.rpc.type = GRPC (default)
2019-11-14 22:53:30,551 [main] INFO  grpc.GrpcFactory (GrpcFactory.java:checkPooledByteBufAllocatorUseCacheForAllThreads(45)) - PERFORMANCE WARNING: useCacheForAllThreads is true that may cause Netty to create a lot garbage objects and, as a result, trigger GC.
	It is recommended to disable useCacheForAllThreads by setting -Dorg.apache.ratis.thirdparty.io.netty.allocator.useCacheForAllThreads=false in command line.
2019-11-14 22:53:30,551 [main] INFO  grpc.GrpcConfigKeys$Server (ConfUtils.java:logGet(43)) - raft.grpc.server.port = 0 (default)
2019-11-14 22:53:30,552 [main] INFO  server.GrpcService (ConfUtils.java:logGet(43)) - raft.grpc.message.size.max = 33570816 (custom)
2019-11-14 22:53:30,552 [main] INFO  server.RaftServerConfigKeys (ConfUtils.java:logGet(43)) - raft.server.log.appender.buffer.byte-limit = 33554432 (custom)
2019-11-14 22:53:30,552 [main] INFO  server.GrpcService (ConfUtils.java:logGet(43)) - raft.grpc.flow.control.window = 1MB (=1048576) (default)
2019-11-14 22:53:30,552 [main] INFO  server.RaftServerConfigKeys (ConfUtils.java:logGet(43)) - raft.server.rpc.request.timeout = 3000ms (default)
2019-11-14 22:53:30,553 [main] INFO  server.RaftServerConfigKeys (ConfUtils.java:logGet(43)) - raft.server.storage.dir = [/workdir/hadoop-ozone/integration-test/target/test-dir/MiniOzoneClusterImpl-c304fa79-6e7f-43ac-8564-360665bd8c65/datanode-2/data/ratis] (custom)
2019-11-14 22:53:30,554 [main] INFO  hdfs.DFSUtil (DFSUtil.java:httpServerTemplateForNNAndJN(1641)) - Starting Web-server for hddsDatanode at: http://0.0.0.0:0
2019-11-14 22:53:30,556 [main] INFO  server.AuthenticationFilter (AuthenticationFilter.java:constructSecretProvider(240)) - Unable to initialize FileSignerSecretProvider, falling back to use random secrets.
2019-11-14 22:53:30,556 [main] WARN  http.HttpRequestLog (HttpRequestLog.java:getRequestLog(97)) - Jetty request log can only be enabled using Log4j
2019-11-14 22:53:30,558 [main] INFO  http.HttpServer2 (HttpServer2.java:addGlobalFilter(975)) - Added global filter 'safety' (class=org.apache.hadoop.http.HttpServer2$QuotingInputFilter)
2019-11-14 22:53:30,558 [main] INFO  http.HttpServer2 (HttpServer2.java:addFilter(948)) - Added filter static_user_filter (class=org.apache.hadoop.http.lib.StaticUserWebFilter$StaticUserFilter) to context hddsDatanode
2019-11-14 22:53:30,559 [main] INFO  http.HttpServer2 (HttpServer2.java:addFilter(958)) - Added filter static_user_filter (class=org.apache.hadoop.http.lib.StaticUserWebFilter$StaticUserFilter) to context static
2019-11-14 22:53:30,559 [main] INFO  http.HttpServer2 (HttpServer2.java:addFilter(958)) - Added filter static_user_filter (class=org.apache.hadoop.http.lib.StaticUserWebFilter$StaticUserFilter) to context logs
2019-11-14 22:53:30,560 [main] INFO  http.HttpServer2 (HttpServer2.java:bindListener(1191)) - Jetty bound to port 46545
2019-11-14 22:53:30,560 [main] INFO  server.Server (Server.java:doStart(351)) - jetty-9.3.25.v20180904, build timestamp: 2018-09-04T21:11:46Z, git hash: 3ce520221d0240229c862b122d2b06c12a625732
2019-11-14 22:53:30,561 [main] INFO  handler.ContextHandler (ContextHandler.java:doStart(781)) - Started o.e.j.s.ServletContextHandler@77324a58{/logs,file:///workdir/hadoop-ozone/integration-test/target/log,AVAILABLE}
2019-11-14 22:53:30,562 [main] INFO  handler.ContextHandler (ContextHandler.java:doStart(781)) - Started o.e.j.s.ServletContextHandler@307cf964{/static,jar:file:/home/user/.m2/repository/org/apache/hadoop/hadoop-hdds-container-service/0.5.0-SNAPSHOT/hadoop-hdds-container-service-0.5.0-SNAPSHOT.jar!/webapps/static,AVAILABLE}
2019-11-14 22:53:30,599 [main] INFO  handler.ContextHandler (ContextHandler.java:doStart(781)) - Started o.e.j.w.WebAppContext@1693ff90{/,file:///tmp/jetty-0.0.0.0-46545-hddsDatanode-_-any-6461297288060968312.dir/webapp/,AVAILABLE}{/hddsDatanode}
2019-11-14 22:53:30,600 [main] INFO  server.AbstractConnector (AbstractConnector.java:doStart(278)) - Started ServerConnector@47058864{HTTP/1.1,[http/1.1]}{0.0.0.0:46545}
2019-11-14 22:53:30,600 [main] INFO  server.Server (Server.java:doStart(419)) - Started @275986ms
2019-11-14 22:53:30,601 [main] WARN  impl.MetricsSystemImpl (MetricsSystemImpl.java:register(276)) - Sink prometheus already exists!
2019-11-14 22:53:30,602 [main] INFO  server.BaseHttpServer (BaseHttpServer.java:updateConnectorAddress(215)) - HTTP server of HDDSDATANODE is listening at http://0.0.0.0:46545
2019-11-14 22:53:30,602 [main] INFO  impl.MetricsSystemImpl (MetricsSystemImpl.java:init(158)) - HddsDatanode metrics system started (again)
2019-11-14 22:53:30,607 [org.apache.hadoop.util.JvmPauseMonitor$Monitor@10786a7c] INFO  util.JvmPauseMonitor (JvmPauseMonitor.java:run(188)) - Starting JVM pause monitor
2019-11-14 22:53:30,607 [main] INFO  ozone.HddsDatanodeService (HddsDatanodeService.java:start(186)) - HddsDatanodeService host:pr-hdds-2448-del-container-qmj8s-3203767274 ip:192.168.164.210
2019-11-14 22:53:30,609 [Datanode State Machine Thread - 0] INFO  datanode.InitDatanodeState (InitDatanodeState.java:persistContainerDatanodeDetails(140)) - DatanodeDetails is persisted to /workdir/hadoop-ozone/integration-test/target/test-dir/MiniOzoneClusterImpl-c304fa79-6e7f-43ac-8564-360665bd8c65/datanode-2/meta/datanode.id
2019-11-14 22:53:30,614 [main] INFO  volume.HddsVolume (HddsVolume.java:<init>(176)) - Creating Volume: /workdir/hadoop-ozone/integration-test/target/test-dir/MiniOzoneClusterImpl-c304fa79-6e7f-43ac-8564-360665bd8c65/datanode-3/data/containers/hdds of  storage type : DISK and capacity : 1482555576320
2019-11-14 22:53:30,615 [main] INFO  volume.VolumeSet (VolumeSet.java:initializeVolumeSet(170)) - Added Volume : /workdir/hadoop-ozone/integration-test/target/test-dir/MiniOzoneClusterImpl-c304fa79-6e7f-43ac-8564-360665bd8c65/datanode-3/data/containers/hdds to VolumeSet
2019-11-14 22:53:30,615 [main] INFO  volume.ThrottledAsyncChecker (ThrottledAsyncChecker.java:schedule(141)) - Scheduling a check for /workdir/hadoop-ozone/integration-test/target/test-dir/MiniOzoneClusterImpl-c304fa79-6e7f-43ac-8564-360665bd8c65/datanode-3/data/containers/hdds
2019-11-14 22:53:30,616 [main] INFO  volume.HddsVolumeChecker (HddsVolumeChecker.java:checkAllVolumes(204)) - Scheduled health check for volume /workdir/hadoop-ozone/integration-test/target/test-dir/MiniOzoneClusterImpl-c304fa79-6e7f-43ac-8564-360665bd8c65/datanode-3/data/containers/hdds
2019-11-14 22:53:30,633 [main] INFO  impl.RaftServerProxy (ConfUtils.java:logGet(43)) - raft.rpc.type = GRPC (default)
2019-11-14 22:53:30,633 [main] INFO  grpc.GrpcFactory (GrpcFactory.java:checkPooledByteBufAllocatorUseCacheForAllThreads(45)) - PERFORMANCE WARNING: useCacheForAllThreads is true that may cause Netty to create a lot garbage objects and, as a result, trigger GC.
	It is recommended to disable useCacheForAllThreads by setting -Dorg.apache.ratis.thirdparty.io.netty.allocator.useCacheForAllThreads=false in command line.
2019-11-14 22:53:30,633 [main] INFO  grpc.GrpcConfigKeys$Server (ConfUtils.java:logGet(43)) - raft.grpc.server.port = 0 (default)
2019-11-14 22:53:30,634 [main] INFO  server.GrpcService (ConfUtils.java:logGet(43)) - raft.grpc.message.size.max = 33570816 (custom)
2019-11-14 22:53:30,634 [main] INFO  server.RaftServerConfigKeys (ConfUtils.java:logGet(43)) - raft.server.log.appender.buffer.byte-limit = 33554432 (custom)
2019-11-14 22:53:30,634 [main] INFO  server.GrpcService (ConfUtils.java:logGet(43)) - raft.grpc.flow.control.window = 1MB (=1048576) (default)
2019-11-14 22:53:30,634 [main] INFO  server.RaftServerConfigKeys (ConfUtils.java:logGet(43)) - raft.server.rpc.request.timeout = 3000ms (default)
2019-11-14 22:53:30,635 [main] INFO  server.RaftServerConfigKeys (ConfUtils.java:logGet(43)) - raft.server.storage.dir = [/workdir/hadoop-ozone/integration-test/target/test-dir/MiniOzoneClusterImpl-c304fa79-6e7f-43ac-8564-360665bd8c65/datanode-3/data/ratis] (custom)
2019-11-14 22:53:30,636 [main] INFO  hdfs.DFSUtil (DFSUtil.java:httpServerTemplateForNNAndJN(1641)) - Starting Web-server for hddsDatanode at: http://0.0.0.0:0
2019-11-14 22:53:30,638 [main] INFO  server.AuthenticationFilter (AuthenticationFilter.java:constructSecretProvider(240)) - Unable to initialize FileSignerSecretProvider, falling back to use random secrets.
2019-11-14 22:53:30,638 [main] WARN  http.HttpRequestLog (HttpRequestLog.java:getRequestLog(97)) - Jetty request log can only be enabled using Log4j
2019-11-14 22:53:30,639 [main] INFO  http.HttpServer2 (HttpServer2.java:addGlobalFilter(975)) - Added global filter 'safety' (class=org.apache.hadoop.http.HttpServer2$QuotingInputFilter)
2019-11-14 22:53:30,640 [main] INFO  http.HttpServer2 (HttpServer2.java:addFilter(948)) - Added filter static_user_filter (class=org.apache.hadoop.http.lib.StaticUserWebFilter$StaticUserFilter) to context hddsDatanode
2019-11-14 22:53:30,640 [main] INFO  http.HttpServer2 (HttpServer2.java:addFilter(958)) - Added filter static_user_filter (class=org.apache.hadoop.http.lib.StaticUserWebFilter$StaticUserFilter) to context static
2019-11-14 22:53:30,640 [main] INFO  http.HttpServer2 (HttpServer2.java:addFilter(958)) - Added filter static_user_filter (class=org.apache.hadoop.http.lib.StaticUserWebFilter$StaticUserFilter) to context logs
2019-11-14 22:53:30,641 [main] INFO  http.HttpServer2 (HttpServer2.java:bindListener(1191)) - Jetty bound to port 35874
2019-11-14 22:53:30,641 [main] INFO  server.Server (Server.java:doStart(351)) - jetty-9.3.25.v20180904, build timestamp: 2018-09-04T21:11:46Z, git hash: 3ce520221d0240229c862b122d2b06c12a625732
2019-11-14 22:53:30,643 [main] INFO  handler.ContextHandler (ContextHandler.java:doStart(781)) - Started o.e.j.s.ServletContextHandler@781654f8{/logs,file:///workdir/hadoop-ozone/integration-test/target/log,AVAILABLE}
2019-11-14 22:53:30,643 [main] INFO  handler.ContextHandler (ContextHandler.java:doStart(781)) - Started o.e.j.s.ServletContextHandler@4e958f08{/static,jar:file:/home/user/.m2/repository/org/apache/hadoop/hadoop-hdds-container-service/0.5.0-SNAPSHOT/hadoop-hdds-container-service-0.5.0-SNAPSHOT.jar!/webapps/static,AVAILABLE}
2019-11-14 22:53:30,691 [main] INFO  handler.ContextHandler (ContextHandler.java:doStart(781)) - Started o.e.j.w.WebAppContext@76e4212{/,file:///tmp/jetty-0.0.0.0-35874-hddsDatanode-_-any-8731155281514201018.dir/webapp/,AVAILABLE}{/hddsDatanode}
2019-11-14 22:53:30,692 [main] INFO  server.AbstractConnector (AbstractConnector.java:doStart(278)) - Started ServerConnector@23121d14{HTTP/1.1,[http/1.1]}{0.0.0.0:35874}
2019-11-14 22:53:30,692 [main] INFO  server.Server (Server.java:doStart(419)) - Started @276078ms
2019-11-14 22:53:30,693 [main] WARN  impl.MetricsSystemImpl (MetricsSystemImpl.java:register(276)) - Sink prometheus already exists!
2019-11-14 22:53:30,693 [main] INFO  server.BaseHttpServer (BaseHttpServer.java:updateConnectorAddress(215)) - HTTP server of HDDSDATANODE is listening at http://0.0.0.0:35874
2019-11-14 22:53:30,694 [main] INFO  impl.MetricsSystemImpl (MetricsSystemImpl.java:init(158)) - HddsDatanode metrics system started (again)
2019-11-14 22:53:30,697 [main] INFO  ozone.HddsDatanodeService (HddsDatanodeService.java:start(186)) - HddsDatanodeService host:pr-hdds-2448-del-container-qmj8s-3203767274 ip:192.168.164.210
2019-11-14 22:53:30,697 [org.apache.hadoop.util.JvmPauseMonitor$Monitor@2663234b] INFO  util.JvmPauseMonitor (JvmPauseMonitor.java:run(188)) - Starting JVM pause monitor
2019-11-14 22:53:30,699 [Datanode State Machine Thread - 0] INFO  datanode.InitDatanodeState (InitDatanodeState.java:persistContainerDatanodeDetails(140)) - DatanodeDetails is persisted to /workdir/hadoop-ozone/integration-test/target/test-dir/MiniOzoneClusterImpl-c304fa79-6e7f-43ac-8564-360665bd8c65/datanode-3/meta/datanode.id
2019-11-14 22:53:30,703 [main] INFO  volume.HddsVolume (HddsVolume.java:<init>(176)) - Creating Volume: /workdir/hadoop-ozone/integration-test/target/test-dir/MiniOzoneClusterImpl-c304fa79-6e7f-43ac-8564-360665bd8c65/datanode-4/data/containers/hdds of  storage type : DISK and capacity : 1482555576320
2019-11-14 22:53:30,703 [main] INFO  volume.VolumeSet (VolumeSet.java:initializeVolumeSet(170)) - Added Volume : /workdir/hadoop-ozone/integration-test/target/test-dir/MiniOzoneClusterImpl-c304fa79-6e7f-43ac-8564-360665bd8c65/datanode-4/data/containers/hdds to VolumeSet
2019-11-14 22:53:30,704 [main] INFO  volume.ThrottledAsyncChecker (ThrottledAsyncChecker.java:schedule(141)) - Scheduling a check for /workdir/hadoop-ozone/integration-test/target/test-dir/MiniOzoneClusterImpl-c304fa79-6e7f-43ac-8564-360665bd8c65/datanode-4/data/containers/hdds
2019-11-14 22:53:30,704 [main] INFO  volume.HddsVolumeChecker (HddsVolumeChecker.java:checkAllVolumes(204)) - Scheduled health check for volume /workdir/hadoop-ozone/integration-test/target/test-dir/MiniOzoneClusterImpl-c304fa79-6e7f-43ac-8564-360665bd8c65/datanode-4/data/containers/hdds
2019-11-14 22:53:30,715 [main] INFO  impl.RaftServerProxy (ConfUtils.java:logGet(43)) - raft.rpc.type = GRPC (default)
2019-11-14 22:53:30,715 [main] INFO  grpc.GrpcFactory (GrpcFactory.java:checkPooledByteBufAllocatorUseCacheForAllThreads(45)) - PERFORMANCE WARNING: useCacheForAllThreads is true that may cause Netty to create a lot garbage objects and, as a result, trigger GC.
	It is recommended to disable useCacheForAllThreads by setting -Dorg.apache.ratis.thirdparty.io.netty.allocator.useCacheForAllThreads=false in command line.
2019-11-14 22:53:30,715 [main] INFO  grpc.GrpcConfigKeys$Server (ConfUtils.java:logGet(43)) - raft.grpc.server.port = 0 (default)
2019-11-14 22:53:30,715 [main] INFO  server.GrpcService (ConfUtils.java:logGet(43)) - raft.grpc.message.size.max = 33570816 (custom)
2019-11-14 22:53:30,716 [main] INFO  server.RaftServerConfigKeys (ConfUtils.java:logGet(43)) - raft.server.log.appender.buffer.byte-limit = 33554432 (custom)
2019-11-14 22:53:30,716 [main] INFO  server.GrpcService (ConfUtils.java:logGet(43)) - raft.grpc.flow.control.window = 1MB (=1048576) (default)
2019-11-14 22:53:30,716 [main] INFO  server.RaftServerConfigKeys (ConfUtils.java:logGet(43)) - raft.server.rpc.request.timeout = 3000ms (default)
2019-11-14 22:53:30,716 [main] INFO  server.RaftServerConfigKeys (ConfUtils.java:logGet(43)) - raft.server.storage.dir = [/workdir/hadoop-ozone/integration-test/target/test-dir/MiniOzoneClusterImpl-c304fa79-6e7f-43ac-8564-360665bd8c65/datanode-4/data/ratis] (custom)
2019-11-14 22:53:30,717 [main] INFO  hdfs.DFSUtil (DFSUtil.java:httpServerTemplateForNNAndJN(1641)) - Starting Web-server for hddsDatanode at: http://0.0.0.0:0
2019-11-14 22:53:30,719 [main] INFO  server.AuthenticationFilter (AuthenticationFilter.java:constructSecretProvider(240)) - Unable to initialize FileSignerSecretProvider, falling back to use random secrets.
2019-11-14 22:53:30,719 [main] WARN  http.HttpRequestLog (HttpRequestLog.java:getRequestLog(97)) - Jetty request log can only be enabled using Log4j
2019-11-14 22:53:30,720 [main] INFO  http.HttpServer2 (HttpServer2.java:addGlobalFilter(975)) - Added global filter 'safety' (class=org.apache.hadoop.http.HttpServer2$QuotingInputFilter)
2019-11-14 22:53:30,721 [main] INFO  http.HttpServer2 (HttpServer2.java:addFilter(948)) - Added filter static_user_filter (class=org.apache.hadoop.http.lib.StaticUserWebFilter$StaticUserFilter) to context hddsDatanode
2019-11-14 22:53:30,721 [main] INFO  http.HttpServer2 (HttpServer2.java:addFilter(958)) - Added filter static_user_filter (class=org.apache.hadoop.http.lib.StaticUserWebFilter$StaticUserFilter) to context logs
2019-11-14 22:53:30,721 [main] INFO  http.HttpServer2 (HttpServer2.java:addFilter(958)) - Added filter static_user_filter (class=org.apache.hadoop.http.lib.StaticUserWebFilter$StaticUserFilter) to context static
2019-11-14 22:53:30,722 [main] INFO  http.HttpServer2 (HttpServer2.java:bindListener(1191)) - Jetty bound to port 40889
2019-11-14 22:53:30,722 [main] INFO  server.Server (Server.java:doStart(351)) - jetty-9.3.25.v20180904, build timestamp: 2018-09-04T21:11:46Z, git hash: 3ce520221d0240229c862b122d2b06c12a625732
2019-11-14 22:53:30,723 [main] INFO  handler.ContextHandler (ContextHandler.java:doStart(781)) - Started o.e.j.s.ServletContextHandler@204d9edf{/logs,file:///workdir/hadoop-ozone/integration-test/target/log,AVAILABLE}
2019-11-14 22:53:30,724 [main] INFO  handler.ContextHandler (ContextHandler.java:doStart(781)) - Started o.e.j.s.ServletContextHandler@50cbcca7{/static,jar:file:/home/user/.m2/repository/org/apache/hadoop/hadoop-hdds-container-service/0.5.0-SNAPSHOT/hadoop-hdds-container-service-0.5.0-SNAPSHOT.jar!/webapps/static,AVAILABLE}
2019-11-14 22:53:30,752 [main] INFO  handler.ContextHandler (ContextHandler.java:doStart(781)) - Started o.e.j.w.WebAppContext@625487a6{/,file:///tmp/jetty-0.0.0.0-40889-hddsDatanode-_-any-7224389140225939276.dir/webapp/,AVAILABLE}{/hddsDatanode}
2019-11-14 22:53:30,752 [main] INFO  server.AbstractConnector (AbstractConnector.java:doStart(278)) - Started ServerConnector@682e445e{HTTP/1.1,[http/1.1]}{0.0.0.0:40889}
2019-11-14 22:53:30,753 [main] INFO  server.Server (Server.java:doStart(419)) - Started @276139ms
2019-11-14 22:53:30,754 [main] WARN  impl.MetricsSystemImpl (MetricsSystemImpl.java:register(276)) - Sink prometheus already exists!
2019-11-14 22:53:30,754 [main] INFO  server.BaseHttpServer (BaseHttpServer.java:updateConnectorAddress(215)) - HTTP server of HDDSDATANODE is listening at http://0.0.0.0:40889
2019-11-14 22:53:30,755 [main] INFO  impl.MetricsSystemImpl (MetricsSystemImpl.java:init(158)) - HddsDatanode metrics system started (again)
2019-11-14 22:53:30,757 [org.apache.hadoop.util.JvmPauseMonitor$Monitor@4684550c] INFO  util.JvmPauseMonitor (JvmPauseMonitor.java:run(188)) - Starting JVM pause monitor
2019-11-14 22:53:30,757 [main] INFO  ozone.HddsDatanodeService (HddsDatanodeService.java:start(186)) - HddsDatanodeService host:pr-hdds-2448-del-container-qmj8s-3203767274 ip:192.168.164.210
2019-11-14 22:53:30,759 [Datanode State Machine Thread - 0] INFO  datanode.InitDatanodeState (InitDatanodeState.java:persistContainerDatanodeDetails(140)) - DatanodeDetails is persisted to /workdir/hadoop-ozone/integration-test/target/test-dir/MiniOzoneClusterImpl-c304fa79-6e7f-43ac-8564-360665bd8c65/datanode-4/meta/datanode.id
2019-11-14 22:53:30,763 [main] INFO  volume.HddsVolume (HddsVolume.java:<init>(176)) - Creating Volume: /workdir/hadoop-ozone/integration-test/target/test-dir/MiniOzoneClusterImpl-c304fa79-6e7f-43ac-8564-360665bd8c65/datanode-5/data/containers/hdds of  storage type : DISK and capacity : 1482555576320
2019-11-14 22:53:30,763 [main] INFO  volume.VolumeSet (VolumeSet.java:initializeVolumeSet(170)) - Added Volume : /workdir/hadoop-ozone/integration-test/target/test-dir/MiniOzoneClusterImpl-c304fa79-6e7f-43ac-8564-360665bd8c65/datanode-5/data/containers/hdds to VolumeSet
2019-11-14 22:53:30,764 [main] INFO  volume.ThrottledAsyncChecker (ThrottledAsyncChecker.java:schedule(141)) - Scheduling a check for /workdir/hadoop-ozone/integration-test/target/test-dir/MiniOzoneClusterImpl-c304fa79-6e7f-43ac-8564-360665bd8c65/datanode-5/data/containers/hdds
2019-11-14 22:53:30,764 [main] INFO  volume.HddsVolumeChecker (HddsVolumeChecker.java:checkAllVolumes(204)) - Scheduled health check for volume /workdir/hadoop-ozone/integration-test/target/test-dir/MiniOzoneClusterImpl-c304fa79-6e7f-43ac-8564-360665bd8c65/datanode-5/data/containers/hdds
2019-11-14 22:53:30,777 [main] INFO  impl.RaftServerProxy (ConfUtils.java:logGet(43)) - raft.rpc.type = GRPC (default)
2019-11-14 22:53:30,777 [main] INFO  grpc.GrpcFactory (GrpcFactory.java:checkPooledByteBufAllocatorUseCacheForAllThreads(45)) - PERFORMANCE WARNING: useCacheForAllThreads is true that may cause Netty to create a lot garbage objects and, as a result, trigger GC.
	It is recommended to disable useCacheForAllThreads by setting -Dorg.apache.ratis.thirdparty.io.netty.allocator.useCacheForAllThreads=false in command line.
2019-11-14 22:53:30,777 [main] INFO  grpc.GrpcConfigKeys$Server (ConfUtils.java:logGet(43)) - raft.grpc.server.port = 0 (default)
2019-11-14 22:53:30,777 [main] INFO  server.GrpcService (ConfUtils.java:logGet(43)) - raft.grpc.message.size.max = 33570816 (custom)
2019-11-14 22:53:30,778 [main] INFO  server.RaftServerConfigKeys (ConfUtils.java:logGet(43)) - raft.server.log.appender.buffer.byte-limit = 33554432 (custom)
2019-11-14 22:53:30,778 [main] INFO  server.GrpcService (ConfUtils.java:logGet(43)) - raft.grpc.flow.control.window = 1MB (=1048576) (default)
2019-11-14 22:53:30,778 [main] INFO  server.RaftServerConfigKeys (ConfUtils.java:logGet(43)) - raft.server.rpc.request.timeout = 3000ms (default)
2019-11-14 22:53:30,778 [main] INFO  server.RaftServerConfigKeys (ConfUtils.java:logGet(43)) - raft.server.storage.dir = [/workdir/hadoop-ozone/integration-test/target/test-dir/MiniOzoneClusterImpl-c304fa79-6e7f-43ac-8564-360665bd8c65/datanode-5/data/ratis] (custom)
2019-11-14 22:53:30,779 [main] INFO  hdfs.DFSUtil (DFSUtil.java:httpServerTemplateForNNAndJN(1641)) - Starting Web-server for hddsDatanode at: http://0.0.0.0:0
2019-11-14 22:53:30,781 [main] INFO  server.AuthenticationFilter (AuthenticationFilter.java:constructSecretProvider(240)) - Unable to initialize FileSignerSecretProvider, falling back to use random secrets.
2019-11-14 22:53:30,781 [main] WARN  http.HttpRequestLog (HttpRequestLog.java:getRequestLog(97)) - Jetty request log can only be enabled using Log4j
2019-11-14 22:53:30,782 [main] INFO  http.HttpServer2 (HttpServer2.java:addGlobalFilter(975)) - Added global filter 'safety' (class=org.apache.hadoop.http.HttpServer2$QuotingInputFilter)
2019-11-14 22:53:30,782 [main] INFO  http.HttpServer2 (HttpServer2.java:addFilter(948)) - Added filter static_user_filter (class=org.apache.hadoop.http.lib.StaticUserWebFilter$StaticUserFilter) to context hddsDatanode
2019-11-14 22:53:30,782 [main] INFO  http.HttpServer2 (HttpServer2.java:addFilter(958)) - Added filter static_user_filter (class=org.apache.hadoop.http.lib.StaticUserWebFilter$StaticUserFilter) to context logs
2019-11-14 22:53:30,783 [main] INFO  http.HttpServer2 (HttpServer2.java:addFilter(958)) - Added filter static_user_filter (class=org.apache.hadoop.http.lib.StaticUserWebFilter$StaticUserFilter) to context static
2019-11-14 22:53:30,783 [main] INFO  http.HttpServer2 (HttpServer2.java:bindListener(1191)) - Jetty bound to port 39798
2019-11-14 22:53:30,783 [main] INFO  server.Server (Server.java:doStart(351)) - jetty-9.3.25.v20180904, build timestamp: 2018-09-04T21:11:46Z, git hash: 3ce520221d0240229c862b122d2b06c12a625732
2019-11-14 22:53:30,785 [main] INFO  handler.ContextHandler (ContextHandler.java:doStart(781)) - Started o.e.j.s.ServletContextHandler@1304e0d7{/logs,file:///workdir/hadoop-ozone/integration-test/target/log,AVAILABLE}
2019-11-14 22:53:30,785 [main] INFO  handler.ContextHandler (ContextHandler.java:doStart(781)) - Started o.e.j.s.ServletContextHandler@7767bd4e{/static,jar:file:/home/user/.m2/repository/org/apache/hadoop/hadoop-hdds-container-service/0.5.0-SNAPSHOT/hadoop-hdds-container-service-0.5.0-SNAPSHOT.jar!/webapps/static,AVAILABLE}
2019-11-14 22:53:30,813 [main] INFO  handler.ContextHandler (ContextHandler.java:doStart(781)) - Started o.e.j.w.WebAppContext@682618e5{/,file:///tmp/jetty-0.0.0.0-39798-hddsDatanode-_-any-2753518105471676443.dir/webapp/,AVAILABLE}{/hddsDatanode}
2019-11-14 22:53:30,813 [main] INFO  server.AbstractConnector (AbstractConnector.java:doStart(278)) - Started ServerConnector@25ad25f5{HTTP/1.1,[http/1.1]}{0.0.0.0:39798}
2019-11-14 22:53:30,813 [main] INFO  server.Server (Server.java:doStart(419)) - Started @276199ms
2019-11-14 22:53:30,814 [main] WARN  impl.MetricsSystemImpl (MetricsSystemImpl.java:register(276)) - Sink prometheus already exists!
2019-11-14 22:53:30,815 [main] INFO  server.BaseHttpServer (BaseHttpServer.java:updateConnectorAddress(215)) - HTTP server of HDDSDATANODE is listening at http://0.0.0.0:39798
2019-11-14 22:53:30,815 [main] INFO  impl.MetricsSystemImpl (MetricsSystemImpl.java:init(158)) - HddsDatanode metrics system started (again)
2019-11-14 22:53:30,818 [org.apache.hadoop.util.JvmPauseMonitor$Monitor@5d4e9146] INFO  util.JvmPauseMonitor (JvmPauseMonitor.java:run(188)) - Starting JVM pause monitor
2019-11-14 22:53:30,818 [main] INFO  ozone.HddsDatanodeService (HddsDatanodeService.java:start(186)) - HddsDatanodeService host:pr-hdds-2448-del-container-qmj8s-3203767274 ip:192.168.164.210
2019-11-14 22:53:30,820 [Datanode State Machine Thread - 0] INFO  datanode.InitDatanodeState (InitDatanodeState.java:persistContainerDatanodeDetails(140)) - DatanodeDetails is persisted to /workdir/hadoop-ozone/integration-test/target/test-dir/MiniOzoneClusterImpl-c304fa79-6e7f-43ac-8564-360665bd8c65/datanode-5/meta/datanode.id
2019-11-14 22:53:30,825 [main] INFO  volume.HddsVolume (HddsVolume.java:<init>(176)) - Creating Volume: /workdir/hadoop-ozone/integration-test/target/test-dir/MiniOzoneClusterImpl-c304fa79-6e7f-43ac-8564-360665bd8c65/datanode-6/data/containers/hdds of  storage type : DISK and capacity : 1482555576320
2019-11-14 22:53:30,825 [main] INFO  volume.VolumeSet (VolumeSet.java:initializeVolumeSet(170)) - Added Volume : /workdir/hadoop-ozone/integration-test/target/test-dir/MiniOzoneClusterImpl-c304fa79-6e7f-43ac-8564-360665bd8c65/datanode-6/data/containers/hdds to VolumeSet
2019-11-14 22:53:30,825 [main] INFO  volume.ThrottledAsyncChecker (ThrottledAsyncChecker.java:schedule(141)) - Scheduling a check for /workdir/hadoop-ozone/integration-test/target/test-dir/MiniOzoneClusterImpl-c304fa79-6e7f-43ac-8564-360665bd8c65/datanode-6/data/containers/hdds
2019-11-14 22:53:30,825 [main] INFO  volume.HddsVolumeChecker (HddsVolumeChecker.java:checkAllVolumes(204)) - Scheduled health check for volume /workdir/hadoop-ozone/integration-test/target/test-dir/MiniOzoneClusterImpl-c304fa79-6e7f-43ac-8564-360665bd8c65/datanode-6/data/containers/hdds
2019-11-14 22:53:30,838 [main] INFO  impl.RaftServerProxy (ConfUtils.java:logGet(43)) - raft.rpc.type = GRPC (default)
2019-11-14 22:53:30,838 [main] INFO  grpc.GrpcFactory (GrpcFactory.java:checkPooledByteBufAllocatorUseCacheForAllThreads(45)) - PERFORMANCE WARNING: useCacheForAllThreads is true that may cause Netty to create a lot garbage objects and, as a result, trigger GC.
	It is recommended to disable useCacheForAllThreads by setting -Dorg.apache.ratis.thirdparty.io.netty.allocator.useCacheForAllThreads=false in command line.
2019-11-14 22:53:30,838 [main] INFO  grpc.GrpcConfigKeys$Server (ConfUtils.java:logGet(43)) - raft.grpc.server.port = 0 (default)
2019-11-14 22:53:30,838 [main] INFO  server.GrpcService (ConfUtils.java:logGet(43)) - raft.grpc.message.size.max = 33570816 (custom)
2019-11-14 22:53:30,838 [main] INFO  server.RaftServerConfigKeys (ConfUtils.java:logGet(43)) - raft.server.log.appender.buffer.byte-limit = 33554432 (custom)
2019-11-14 22:53:30,839 [main] INFO  server.GrpcService (ConfUtils.java:logGet(43)) - raft.grpc.flow.control.window = 1MB (=1048576) (default)
2019-11-14 22:53:30,839 [main] INFO  server.RaftServerConfigKeys (ConfUtils.java:logGet(43)) - raft.server.rpc.request.timeout = 3000ms (default)
2019-11-14 22:53:30,839 [main] INFO  server.RaftServerConfigKeys (ConfUtils.java:logGet(43)) - raft.server.storage.dir = [/workdir/hadoop-ozone/integration-test/target/test-dir/MiniOzoneClusterImpl-c304fa79-6e7f-43ac-8564-360665bd8c65/datanode-6/data/ratis] (custom)
2019-11-14 22:53:30,841 [main] INFO  hdfs.DFSUtil (DFSUtil.java:httpServerTemplateForNNAndJN(1641)) - Starting Web-server for hddsDatanode at: http://0.0.0.0:0
2019-11-14 22:53:30,842 [main] INFO  server.AuthenticationFilter (AuthenticationFilter.java:constructSecretProvider(240)) - Unable to initialize FileSignerSecretProvider, falling back to use random secrets.
2019-11-14 22:53:30,843 [main] WARN  http.HttpRequestLog (HttpRequestLog.java:getRequestLog(97)) - Jetty request log can only be enabled using Log4j
2019-11-14 22:53:30,845 [main] INFO  http.HttpServer2 (HttpServer2.java:addGlobalFilter(975)) - Added global filter 'safety' (class=org.apache.hadoop.http.HttpServer2$QuotingInputFilter)
2019-11-14 22:53:30,845 [main] INFO  http.HttpServer2 (HttpServer2.java:addFilter(948)) - Added filter static_user_filter (class=org.apache.hadoop.http.lib.StaticUserWebFilter$StaticUserFilter) to context hddsDatanode
2019-11-14 22:53:30,846 [main] INFO  http.HttpServer2 (HttpServer2.java:addFilter(958)) - Added filter static_user_filter (class=org.apache.hadoop.http.lib.StaticUserWebFilter$StaticUserFilter) to context static
2019-11-14 22:53:30,846 [main] INFO  http.HttpServer2 (HttpServer2.java:addFilter(958)) - Added filter static_user_filter (class=org.apache.hadoop.http.lib.StaticUserWebFilter$StaticUserFilter) to context logs
2019-11-14 22:53:30,847 [main] INFO  http.HttpServer2 (HttpServer2.java:bindListener(1191)) - Jetty bound to port 46809
2019-11-14 22:53:30,847 [main] INFO  server.Server (Server.java:doStart(351)) - jetty-9.3.25.v20180904, build timestamp: 2018-09-04T21:11:46Z, git hash: 3ce520221d0240229c862b122d2b06c12a625732
2019-11-14 22:53:30,848 [main] INFO  handler.ContextHandler (ContextHandler.java:doStart(781)) - Started o.e.j.s.ServletContextHandler@4c7d7430{/logs,file:///workdir/hadoop-ozone/integration-test/target/log,AVAILABLE}
2019-11-14 22:53:30,849 [main] INFO  handler.ContextHandler (ContextHandler.java:doStart(781)) - Started o.e.j.s.ServletContextHandler@74123110{/static,jar:file:/home/user/.m2/repository/org/apache/hadoop/hadoop-hdds-container-service/0.5.0-SNAPSHOT/hadoop-hdds-container-service-0.5.0-SNAPSHOT.jar!/webapps/static,AVAILABLE}
2019-11-14 22:53:30,890 [main] INFO  handler.ContextHandler (ContextHandler.java:doStart(781)) - Started o.e.j.w.WebAppContext@427308f8{/,file:///tmp/jetty-0.0.0.0-46809-hddsDatanode-_-any-1260026938694270941.dir/webapp/,AVAILABLE}{/hddsDatanode}
2019-11-14 22:53:30,891 [main] INFO  server.AbstractConnector (AbstractConnector.java:doStart(278)) - Started ServerConnector@54247647{HTTP/1.1,[http/1.1]}{0.0.0.0:46809}
2019-11-14 22:53:30,891 [main] INFO  server.Server (Server.java:doStart(419)) - Started @276277ms
2019-11-14 22:53:30,892 [main] WARN  impl.MetricsSystemImpl (MetricsSystemImpl.java:register(276)) - Sink prometheus already exists!
2019-11-14 22:53:30,893 [main] INFO  server.BaseHttpServer (BaseHttpServer.java:updateConnectorAddress(215)) - HTTP server of HDDSDATANODE is listening at http://0.0.0.0:46809
2019-11-14 22:53:30,893 [main] INFO  impl.MetricsSystemImpl (MetricsSystemImpl.java:init(158)) - HddsDatanode metrics system started (again)
2019-11-14 22:53:30,898 [org.apache.hadoop.util.JvmPauseMonitor$Monitor@6badf483] INFO  util.JvmPauseMonitor (JvmPauseMonitor.java:run(188)) - Starting JVM pause monitor
2019-11-14 22:53:30,898 [main] INFO  ozone.HddsDatanodeService (HddsDatanodeService.java:start(186)) - HddsDatanodeService host:pr-hdds-2448-del-container-qmj8s-3203767274 ip:192.168.164.210
2019-11-14 22:53:30,899 [Datanode State Machine Thread - 0] INFO  datanode.InitDatanodeState (InitDatanodeState.java:persistContainerDatanodeDetails(140)) - DatanodeDetails is persisted to /workdir/hadoop-ozone/integration-test/target/test-dir/MiniOzoneClusterImpl-c304fa79-6e7f-43ac-8564-360665bd8c65/datanode-6/meta/datanode.id
2019-11-14 22:53:30,907 [main] INFO  volume.HddsVolume (HddsVolume.java:<init>(176)) - Creating Volume: /workdir/hadoop-ozone/integration-test/target/test-dir/MiniOzoneClusterImpl-c304fa79-6e7f-43ac-8564-360665bd8c65/datanode-7/data/containers/hdds of  storage type : DISK and capacity : 1482555576320
2019-11-14 22:53:30,908 [main] INFO  volume.VolumeSet (VolumeSet.java:initializeVolumeSet(170)) - Added Volume : /workdir/hadoop-ozone/integration-test/target/test-dir/MiniOzoneClusterImpl-c304fa79-6e7f-43ac-8564-360665bd8c65/datanode-7/data/containers/hdds to VolumeSet
2019-11-14 22:53:30,908 [main] INFO  volume.ThrottledAsyncChecker (ThrottledAsyncChecker.java:schedule(141)) - Scheduling a check for /workdir/hadoop-ozone/integration-test/target/test-dir/MiniOzoneClusterImpl-c304fa79-6e7f-43ac-8564-360665bd8c65/datanode-7/data/containers/hdds
2019-11-14 22:53:30,908 [main] INFO  volume.HddsVolumeChecker (HddsVolumeChecker.java:checkAllVolumes(204)) - Scheduled health check for volume /workdir/hadoop-ozone/integration-test/target/test-dir/MiniOzoneClusterImpl-c304fa79-6e7f-43ac-8564-360665bd8c65/datanode-7/data/containers/hdds
2019-11-14 22:53:30,926 [main] INFO  impl.RaftServerProxy (ConfUtils.java:logGet(43)) - raft.rpc.type = GRPC (default)
2019-11-14 22:53:30,926 [main] INFO  grpc.GrpcFactory (GrpcFactory.java:checkPooledByteBufAllocatorUseCacheForAllThreads(45)) - PERFORMANCE WARNING: useCacheForAllThreads is true that may cause Netty to create a lot garbage objects and, as a result, trigger GC.
	It is recommended to disable useCacheForAllThreads by setting -Dorg.apache.ratis.thirdparty.io.netty.allocator.useCacheForAllThreads=false in command line.
2019-11-14 22:53:30,926 [main] INFO  grpc.GrpcConfigKeys$Server (ConfUtils.java:logGet(43)) - raft.grpc.server.port = 0 (default)
2019-11-14 22:53:30,927 [main] INFO  server.GrpcService (ConfUtils.java:logGet(43)) - raft.grpc.message.size.max = 33570816 (custom)
2019-11-14 22:53:30,927 [main] INFO  server.RaftServerConfigKeys (ConfUtils.java:logGet(43)) - raft.server.log.appender.buffer.byte-limit = 33554432 (custom)
2019-11-14 22:53:30,927 [main] INFO  server.GrpcService (ConfUtils.java:logGet(43)) - raft.grpc.flow.control.window = 1MB (=1048576) (default)
2019-11-14 22:53:30,927 [main] INFO  server.RaftServerConfigKeys (ConfUtils.java:logGet(43)) - raft.server.rpc.request.timeout = 3000ms (default)
2019-11-14 22:53:30,928 [main] INFO  server.RaftServerConfigKeys (ConfUtils.java:logGet(43)) - raft.server.storage.dir = [/workdir/hadoop-ozone/integration-test/target/test-dir/MiniOzoneClusterImpl-c304fa79-6e7f-43ac-8564-360665bd8c65/datanode-7/data/ratis] (custom)
2019-11-14 22:53:30,930 [main] INFO  hdfs.DFSUtil (DFSUtil.java:httpServerTemplateForNNAndJN(1641)) - Starting Web-server for hddsDatanode at: http://0.0.0.0:0
2019-11-14 22:53:30,931 [main] INFO  server.AuthenticationFilter (AuthenticationFilter.java:constructSecretProvider(240)) - Unable to initialize FileSignerSecretProvider, falling back to use random secrets.
2019-11-14 22:53:30,932 [main] WARN  http.HttpRequestLog (HttpRequestLog.java:getRequestLog(97)) - Jetty request log can only be enabled using Log4j
2019-11-14 22:53:30,933 [main] INFO  http.HttpServer2 (HttpServer2.java:addGlobalFilter(975)) - Added global filter 'safety' (class=org.apache.hadoop.http.HttpServer2$QuotingInputFilter)
2019-11-14 22:53:30,933 [main] INFO  http.HttpServer2 (HttpServer2.java:addFilter(948)) - Added filter static_user_filter (class=org.apache.hadoop.http.lib.StaticUserWebFilter$StaticUserFilter) to context hddsDatanode
2019-11-14 22:53:30,933 [main] INFO  http.HttpServer2 (HttpServer2.java:addFilter(958)) - Added filter static_user_filter (class=org.apache.hadoop.http.lib.StaticUserWebFilter$StaticUserFilter) to context logs
2019-11-14 22:53:30,933 [main] INFO  http.HttpServer2 (HttpServer2.java:addFilter(958)) - Added filter static_user_filter (class=org.apache.hadoop.http.lib.StaticUserWebFilter$StaticUserFilter) to context static
2019-11-14 22:53:30,934 [main] INFO  http.HttpServer2 (HttpServer2.java:bindListener(1191)) - Jetty bound to port 40945
2019-11-14 22:53:30,934 [main] INFO  server.Server (Server.java:doStart(351)) - jetty-9.3.25.v20180904, build timestamp: 2018-09-04T21:11:46Z, git hash: 3ce520221d0240229c862b122d2b06c12a625732
2019-11-14 22:53:30,936 [main] INFO  handler.ContextHandler (ContextHandler.java:doStart(781)) - Started o.e.j.s.ServletContextHandler@4d7cac24{/logs,file:///workdir/hadoop-ozone/integration-test/target/log,AVAILABLE}
2019-11-14 22:53:30,936 [main] INFO  handler.ContextHandler (ContextHandler.java:doStart(781)) - Started o.e.j.s.ServletContextHandler@73d62b5{/static,jar:file:/home/user/.m2/repository/org/apache/hadoop/hadoop-hdds-container-service/0.5.0-SNAPSHOT/hadoop-hdds-container-service-0.5.0-SNAPSHOT.jar!/webapps/static,AVAILABLE}
2019-11-14 22:53:30,964 [main] INFO  handler.ContextHandler (ContextHandler.java:doStart(781)) - Started o.e.j.w.WebAppContext@5ac044ef{/,file:///tmp/jetty-0.0.0.0-40945-hddsDatanode-_-any-2960988207058944674.dir/webapp/,AVAILABLE}{/hddsDatanode}
2019-11-14 22:53:30,964 [main] INFO  server.AbstractConnector (AbstractConnector.java:doStart(278)) - Started ServerConnector@6afbe6a1{HTTP/1.1,[http/1.1]}{0.0.0.0:40945}
2019-11-14 22:53:30,965 [main] INFO  server.Server (Server.java:doStart(419)) - Started @276351ms
2019-11-14 22:53:30,966 [main] WARN  impl.MetricsSystemImpl (MetricsSystemImpl.java:register(276)) - Sink prometheus already exists!
2019-11-14 22:53:30,966 [main] INFO  server.BaseHttpServer (BaseHttpServer.java:updateConnectorAddress(215)) - HTTP server of HDDSDATANODE is listening at http://0.0.0.0:40945
2019-11-14 22:53:30,967 [main] INFO  impl.MetricsSystemImpl (MetricsSystemImpl.java:init(158)) - HddsDatanode metrics system started (again)
2019-11-14 22:53:30,970 [main] INFO  ozone.HddsDatanodeService (HddsDatanodeService.java:start(186)) - HddsDatanodeService host:pr-hdds-2448-del-container-qmj8s-3203767274 ip:192.168.164.210
2019-11-14 22:53:30,971 [org.apache.hadoop.util.JvmPauseMonitor$Monitor@4f2580ce] INFO  util.JvmPauseMonitor (JvmPauseMonitor.java:run(188)) - Starting JVM pause monitor
2019-11-14 22:53:30,973 [Datanode State Machine Thread - 0] INFO  datanode.InitDatanodeState (InitDatanodeState.java:persistContainerDatanodeDetails(140)) - DatanodeDetails is persisted to /workdir/hadoop-ozone/integration-test/target/test-dir/MiniOzoneClusterImpl-c304fa79-6e7f-43ac-8564-360665bd8c65/datanode-7/meta/datanode.id
2019-11-14 22:53:30,977 [main] INFO  volume.HddsVolume (HddsVolume.java:<init>(176)) - Creating Volume: /workdir/hadoop-ozone/integration-test/target/test-dir/MiniOzoneClusterImpl-c304fa79-6e7f-43ac-8564-360665bd8c65/datanode-8/data/containers/hdds of  storage type : DISK and capacity : 1482555576320
2019-11-14 22:53:30,978 [main] INFO  volume.VolumeSet (VolumeSet.java:initializeVolumeSet(170)) - Added Volume : /workdir/hadoop-ozone/integration-test/target/test-dir/MiniOzoneClusterImpl-c304fa79-6e7f-43ac-8564-360665bd8c65/datanode-8/data/containers/hdds to VolumeSet
2019-11-14 22:53:30,978 [main] INFO  volume.ThrottledAsyncChecker (ThrottledAsyncChecker.java:schedule(141)) - Scheduling a check for /workdir/hadoop-ozone/integration-test/target/test-dir/MiniOzoneClusterImpl-c304fa79-6e7f-43ac-8564-360665bd8c65/datanode-8/data/containers/hdds
2019-11-14 22:53:30,978 [main] INFO  volume.HddsVolumeChecker (HddsVolumeChecker.java:checkAllVolumes(204)) - Scheduled health check for volume /workdir/hadoop-ozone/integration-test/target/test-dir/MiniOzoneClusterImpl-c304fa79-6e7f-43ac-8564-360665bd8c65/datanode-8/data/containers/hdds
2019-11-14 22:53:30,993 [main] INFO  impl.RaftServerProxy (ConfUtils.java:logGet(43)) - raft.rpc.type = GRPC (default)
2019-11-14 22:53:30,994 [main] INFO  grpc.GrpcFactory (GrpcFactory.java:checkPooledByteBufAllocatorUseCacheForAllThreads(45)) - PERFORMANCE WARNING: useCacheForAllThreads is true that may cause Netty to create a lot garbage objects and, as a result, trigger GC.
	It is recommended to disable useCacheForAllThreads by setting -Dorg.apache.ratis.thirdparty.io.netty.allocator.useCacheForAllThreads=false in command line.
2019-11-14 22:53:30,994 [main] INFO  grpc.GrpcConfigKeys$Server (ConfUtils.java:logGet(43)) - raft.grpc.server.port = 0 (default)
2019-11-14 22:53:30,994 [main] INFO  server.GrpcService (ConfUtils.java:logGet(43)) - raft.grpc.message.size.max = 33570816 (custom)
2019-11-14 22:53:30,994 [main] INFO  server.RaftServerConfigKeys (ConfUtils.java:logGet(43)) - raft.server.log.appender.buffer.byte-limit = 33554432 (custom)
2019-11-14 22:53:30,995 [main] INFO  server.GrpcService (ConfUtils.java:logGet(43)) - raft.grpc.flow.control.window = 1MB (=1048576) (default)
2019-11-14 22:53:30,995 [main] INFO  server.RaftServerConfigKeys (ConfUtils.java:logGet(43)) - raft.server.rpc.request.timeout = 3000ms (default)
2019-11-14 22:53:30,995 [main] INFO  server.RaftServerConfigKeys (ConfUtils.java:logGet(43)) - raft.server.storage.dir = [/workdir/hadoop-ozone/integration-test/target/test-dir/MiniOzoneClusterImpl-c304fa79-6e7f-43ac-8564-360665bd8c65/datanode-8/data/ratis] (custom)
2019-11-14 22:53:30,997 [main] INFO  hdfs.DFSUtil (DFSUtil.java:httpServerTemplateForNNAndJN(1641)) - Starting Web-server for hddsDatanode at: http://0.0.0.0:0
2019-11-14 22:53:30,999 [main] INFO  server.AuthenticationFilter (AuthenticationFilter.java:constructSecretProvider(240)) - Unable to initialize FileSignerSecretProvider, falling back to use random secrets.
2019-11-14 22:53:31,000 [main] WARN  http.HttpRequestLog (HttpRequestLog.java:getRequestLog(97)) - Jetty request log can only be enabled using Log4j
2019-11-14 22:53:31,002 [main] INFO  http.HttpServer2 (HttpServer2.java:addGlobalFilter(975)) - Added global filter 'safety' (class=org.apache.hadoop.http.HttpServer2$QuotingInputFilter)
2019-11-14 22:53:31,002 [main] INFO  http.HttpServer2 (HttpServer2.java:addFilter(948)) - Added filter static_user_filter (class=org.apache.hadoop.http.lib.StaticUserWebFilter$StaticUserFilter) to context hddsDatanode
2019-11-14 22:53:31,003 [main] INFO  http.HttpServer2 (HttpServer2.java:addFilter(958)) - Added filter static_user_filter (class=org.apache.hadoop.http.lib.StaticUserWebFilter$StaticUserFilter) to context logs
2019-11-14 22:53:31,003 [main] INFO  http.HttpServer2 (HttpServer2.java:addFilter(958)) - Added filter static_user_filter (class=org.apache.hadoop.http.lib.StaticUserWebFilter$StaticUserFilter) to context static
2019-11-14 22:53:31,004 [main] INFO  http.HttpServer2 (HttpServer2.java:bindListener(1191)) - Jetty bound to port 38790
2019-11-14 22:53:31,004 [main] INFO  server.Server (Server.java:doStart(351)) - jetty-9.3.25.v20180904, build timestamp: 2018-09-04T21:11:46Z, git hash: 3ce520221d0240229c862b122d2b06c12a625732
2019-11-14 22:53:31,006 [main] INFO  handler.ContextHandler (ContextHandler.java:doStart(781)) - Started o.e.j.s.ServletContextHandler@3a109ff7{/logs,file:///workdir/hadoop-ozone/integration-test/target/log,AVAILABLE}
2019-11-14 22:53:31,007 [main] INFO  handler.ContextHandler (ContextHandler.java:doStart(781)) - Started o.e.j.s.ServletContextHandler@1a2773a8{/static,jar:file:/home/user/.m2/repository/org/apache/hadoop/hadoop-hdds-container-service/0.5.0-SNAPSHOT/hadoop-hdds-container-service-0.5.0-SNAPSHOT.jar!/webapps/static,AVAILABLE}
2019-11-14 22:53:31,050 [main] INFO  handler.ContextHandler (ContextHandler.java:doStart(781)) - Started o.e.j.w.WebAppContext@55c1ced9{/,file:///tmp/jetty-0.0.0.0-38790-hddsDatanode-_-any-2612179228128803318.dir/webapp/,AVAILABLE}{/hddsDatanode}
2019-11-14 22:53:31,050 [main] INFO  server.AbstractConnector (AbstractConnector.java:doStart(278)) - Started ServerConnector@49cc9b2a{HTTP/1.1,[http/1.1]}{0.0.0.0:38790}
2019-11-14 22:53:31,051 [main] INFO  server.Server (Server.java:doStart(419)) - Started @276437ms
2019-11-14 22:53:31,052 [main] WARN  impl.MetricsSystemImpl (MetricsSystemImpl.java:register(276)) - Sink prometheus already exists!
2019-11-14 22:53:31,053 [main] INFO  server.BaseHttpServer (BaseHttpServer.java:updateConnectorAddress(215)) - HTTP server of HDDSDATANODE is listening at http://0.0.0.0:38790
2019-11-14 22:53:31,053 [main] INFO  impl.MetricsSystemImpl (MetricsSystemImpl.java:init(158)) - HddsDatanode metrics system started (again)
2019-11-14 22:53:31,058 [org.apache.hadoop.util.JvmPauseMonitor$Monitor@51761eb6] INFO  util.JvmPauseMonitor (JvmPauseMonitor.java:run(188)) - Starting JVM pause monitor
2019-11-14 22:53:31,058 [main] INFO  ozone.HddsDatanodeService (HddsDatanodeService.java:start(186)) - HddsDatanodeService host:pr-hdds-2448-del-container-qmj8s-3203767274 ip:192.168.164.210
2019-11-14 22:53:31,060 [Datanode State Machine Thread - 0] INFO  datanode.InitDatanodeState (InitDatanodeState.java:persistContainerDatanodeDetails(140)) - DatanodeDetails is persisted to /workdir/hadoop-ozone/integration-test/target/test-dir/MiniOzoneClusterImpl-c304fa79-6e7f-43ac-8564-360665bd8c65/datanode-8/meta/datanode.id
2019-11-14 22:53:31,066 [main] INFO  volume.HddsVolume (HddsVolume.java:<init>(176)) - Creating Volume: /workdir/hadoop-ozone/integration-test/target/test-dir/MiniOzoneClusterImpl-c304fa79-6e7f-43ac-8564-360665bd8c65/datanode-9/data/containers/hdds of  storage type : DISK and capacity : 1482555576320
2019-11-14 22:53:31,066 [main] INFO  volume.VolumeSet (VolumeSet.java:initializeVolumeSet(170)) - Added Volume : /workdir/hadoop-ozone/integration-test/target/test-dir/MiniOzoneClusterImpl-c304fa79-6e7f-43ac-8564-360665bd8c65/datanode-9/data/containers/hdds to VolumeSet
2019-11-14 22:53:31,066 [main] INFO  volume.ThrottledAsyncChecker (ThrottledAsyncChecker.java:schedule(141)) - Scheduling a check for /workdir/hadoop-ozone/integration-test/target/test-dir/MiniOzoneClusterImpl-c304fa79-6e7f-43ac-8564-360665bd8c65/datanode-9/data/containers/hdds
2019-11-14 22:53:31,067 [main] INFO  volume.HddsVolumeChecker (HddsVolumeChecker.java:checkAllVolumes(204)) - Scheduled health check for volume /workdir/hadoop-ozone/integration-test/target/test-dir/MiniOzoneClusterImpl-c304fa79-6e7f-43ac-8564-360665bd8c65/datanode-9/data/containers/hdds
2019-11-14 22:53:31,083 [main] INFO  impl.RaftServerProxy (ConfUtils.java:logGet(43)) - raft.rpc.type = GRPC (default)
2019-11-14 22:53:31,083 [main] INFO  grpc.GrpcFactory (GrpcFactory.java:checkPooledByteBufAllocatorUseCacheForAllThreads(45)) - PERFORMANCE WARNING: useCacheForAllThreads is true that may cause Netty to create a lot garbage objects and, as a result, trigger GC.
	It is recommended to disable useCacheForAllThreads by setting -Dorg.apache.ratis.thirdparty.io.netty.allocator.useCacheForAllThreads=false in command line.
2019-11-14 22:53:31,083 [main] INFO  grpc.GrpcConfigKeys$Server (ConfUtils.java:logGet(43)) - raft.grpc.server.port = 0 (default)
2019-11-14 22:53:31,083 [main] INFO  server.GrpcService (ConfUtils.java:logGet(43)) - raft.grpc.message.size.max = 33570816 (custom)
2019-11-14 22:53:31,083 [main] INFO  server.RaftServerConfigKeys (ConfUtils.java:logGet(43)) - raft.server.log.appender.buffer.byte-limit = 33554432 (custom)
2019-11-14 22:53:31,084 [main] INFO  server.GrpcService (ConfUtils.java:logGet(43)) - raft.grpc.flow.control.window = 1MB (=1048576) (default)
2019-11-14 22:53:31,084 [main] INFO  server.RaftServerConfigKeys (ConfUtils.java:logGet(43)) - raft.server.rpc.request.timeout = 3000ms (default)
2019-11-14 22:53:31,084 [main] INFO  server.RaftServerConfigKeys (ConfUtils.java:logGet(43)) - raft.server.storage.dir = [/workdir/hadoop-ozone/integration-test/target/test-dir/MiniOzoneClusterImpl-c304fa79-6e7f-43ac-8564-360665bd8c65/datanode-9/data/ratis] (custom)
2019-11-14 22:53:31,086 [main] INFO  hdfs.DFSUtil (DFSUtil.java:httpServerTemplateForNNAndJN(1641)) - Starting Web-server for hddsDatanode at: http://0.0.0.0:0
2019-11-14 22:53:31,087 [main] INFO  server.AuthenticationFilter (AuthenticationFilter.java:constructSecretProvider(240)) - Unable to initialize FileSignerSecretProvider, falling back to use random secrets.
2019-11-14 22:53:31,088 [main] WARN  http.HttpRequestLog (HttpRequestLog.java:getRequestLog(97)) - Jetty request log can only be enabled using Log4j
2019-11-14 22:53:31,089 [main] INFO  http.HttpServer2 (HttpServer2.java:addGlobalFilter(975)) - Added global filter 'safety' (class=org.apache.hadoop.http.HttpServer2$QuotingInputFilter)
2019-11-14 22:53:31,089 [main] INFO  http.HttpServer2 (HttpServer2.java:addFilter(948)) - Added filter static_user_filter (class=org.apache.hadoop.http.lib.StaticUserWebFilter$StaticUserFilter) to context hddsDatanode
2019-11-14 22:53:31,090 [main] INFO  http.HttpServer2 (HttpServer2.java:addFilter(958)) - Added filter static_user_filter (class=org.apache.hadoop.http.lib.StaticUserWebFilter$StaticUserFilter) to context static
2019-11-14 22:53:31,090 [main] INFO  http.HttpServer2 (HttpServer2.java:addFilter(958)) - Added filter static_user_filter (class=org.apache.hadoop.http.lib.StaticUserWebFilter$StaticUserFilter) to context logs
2019-11-14 22:53:31,091 [main] INFO  http.HttpServer2 (HttpServer2.java:bindListener(1191)) - Jetty bound to port 38305
2019-11-14 22:53:31,091 [main] INFO  server.Server (Server.java:doStart(351)) - jetty-9.3.25.v20180904, build timestamp: 2018-09-04T21:11:46Z, git hash: 3ce520221d0240229c862b122d2b06c12a625732
2019-11-14 22:53:31,093 [main] INFO  handler.ContextHandler (ContextHandler.java:doStart(781)) - Started o.e.j.s.ServletContextHandler@5ebbde60{/logs,file:///workdir/hadoop-ozone/integration-test/target/log,AVAILABLE}
2019-11-14 22:53:31,093 [main] INFO  handler.ContextHandler (ContextHandler.java:doStart(781)) - Started o.e.j.s.ServletContextHandler@2a5abd3c{/static,jar:file:/home/user/.m2/repository/org/apache/hadoop/hadoop-hdds-container-service/0.5.0-SNAPSHOT/hadoop-hdds-container-service-0.5.0-SNAPSHOT.jar!/webapps/static,AVAILABLE}
2019-11-14 22:53:31,122 [main] INFO  handler.ContextHandler (ContextHandler.java:doStart(781)) - Started o.e.j.w.WebAppContext@58c42c8c{/,file:///tmp/jetty-0.0.0.0-38305-hddsDatanode-_-any-4684965328523145386.dir/webapp/,AVAILABLE}{/hddsDatanode}
2019-11-14 22:53:31,122 [main] INFO  server.AbstractConnector (AbstractConnector.java:doStart(278)) - Started ServerConnector@3af236d0{HTTP/1.1,[http/1.1]}{0.0.0.0:38305}
2019-11-14 22:53:31,122 [main] INFO  server.Server (Server.java:doStart(419)) - Started @276508ms
2019-11-14 22:53:31,124 [main] WARN  impl.MetricsSystemImpl (MetricsSystemImpl.java:register(276)) - Sink prometheus already exists!
2019-11-14 22:53:31,124 [main] INFO  server.BaseHttpServer (BaseHttpServer.java:updateConnectorAddress(215)) - HTTP server of HDDSDATANODE is listening at http://0.0.0.0:38305
2019-11-14 22:53:31,125 [main] INFO  ozone.MiniOzoneClusterImpl (MiniOzoneClusterImpl.java:lambda$waitForClusterToBeReady$2(171)) - Waiting for cluster to be ready. Got 0 of 10 DN Heartbeats.
2019-11-14 22:53:31,126 [org.apache.hadoop.util.JvmPauseMonitor$Monitor@2c4deb5c] INFO  util.JvmPauseMonitor (JvmPauseMonitor.java:run(188)) - Starting JVM pause monitor
2019-11-14 22:53:31,127 [Datanode State Machine Thread - 0] INFO  datanode.InitDatanodeState (InitDatanodeState.java:persistContainerDatanodeDetails(140)) - DatanodeDetails is persisted to /workdir/hadoop-ozone/integration-test/target/test-dir/MiniOzoneClusterImpl-c304fa79-6e7f-43ac-8564-360665bd8c65/datanode-9/meta/datanode.id
2019-11-14 22:53:32,125 [main] INFO  ozone.MiniOzoneClusterImpl (MiniOzoneClusterImpl.java:lambda$waitForClusterToBeReady$2(171)) - Waiting for cluster to be ready. Got 0 of 10 DN Heartbeats.
2019-11-14 22:53:32,513 [Datanode State Machine Thread - 0] INFO  ozoneimpl.OzoneContainer (OzoneContainer.java:start(230)) - Attempting to start container services.
2019-11-14 22:53:32,513 [Datanode State Machine Thread - 0] INFO  ozoneimpl.OzoneContainer (OzoneContainer.java:startContainerScrub(194)) - Background container scanner has been disabled.
2019-11-14 22:53:32,514 [Datanode State Machine Thread - 0] INFO  ratis.XceiverServerRatis (XceiverServerRatis.java:start(421)) - Starting XceiverServerRatis 1557401b-269c-4760-ad9d-3babb3e549ee at port 0
2019-11-14 22:53:32,524 [Datanode State Machine Thread - 0] INFO  impl.RaftServerProxy (RaftServerProxy.java:lambda$start$3(299)) - 1557401b-269c-4760-ad9d-3babb3e549ee: start RPC server
2019-11-14 22:53:32,530 [Datanode State Machine Thread - 0] INFO  server.GrpcService (GrpcService.java:startImpl(158)) - 1557401b-269c-4760-ad9d-3babb3e549ee: GrpcService started, listening on 0.0.0.0/0.0.0.0:38449
2019-11-14 22:53:32,530 [Datanode State Machine Thread - 0] INFO  ratis.XceiverServerRatis (XceiverServerRatis.java:start(431)) - XceiverServerRatis 1557401b-269c-4760-ad9d-3babb3e549ee is started using port 38449
2019-11-14 22:53:32,531 [Datanode State Machine Thread - 0] INFO  server.XceiverServerGrpc (XceiverServerGrpc.java:start(145)) - XceiverServerGrpc 1557401b-269c-4760-ad9d-3babb3e549ee is started using port 33218
2019-11-14 22:53:32,541 [Datanode State Machine Thread - 0] INFO  ozoneimpl.OzoneContainer (OzoneContainer.java:start(230)) - Attempting to start container services.
2019-11-14 22:53:32,541 [Datanode State Machine Thread - 0] INFO  ozoneimpl.OzoneContainer (OzoneContainer.java:startContainerScrub(194)) - Background container scanner has been disabled.
2019-11-14 22:53:32,542 [Datanode State Machine Thread - 0] INFO  ratis.XceiverServerRatis (XceiverServerRatis.java:start(421)) - Starting XceiverServerRatis 377585f1-7b09-4361-841d-f3e5d0778973 at port 0
2019-11-14 22:53:32,549 [Datanode State Machine Thread - 0] INFO  impl.RaftServerProxy (RaftServerProxy.java:lambda$start$3(299)) - 377585f1-7b09-4361-841d-f3e5d0778973: start RPC server
2019-11-14 22:53:32,550 [Datanode State Machine Thread - 0] INFO  server.GrpcService (GrpcService.java:startImpl(158)) - 377585f1-7b09-4361-841d-f3e5d0778973: GrpcService started, listening on 0.0.0.0/0.0.0.0:33333
2019-11-14 22:53:32,550 [Datanode State Machine Thread - 0] INFO  ratis.XceiverServerRatis (XceiverServerRatis.java:start(431)) - XceiverServerRatis 377585f1-7b09-4361-841d-f3e5d0778973 is started using port 33333
2019-11-14 22:53:32,550 [Datanode State Machine Thread - 0] INFO  server.XceiverServerGrpc (XceiverServerGrpc.java:start(145)) - XceiverServerGrpc 377585f1-7b09-4361-841d-f3e5d0778973 is started using port 36950
2019-11-14 22:53:32,621 [Datanode State Machine Thread - 0] INFO  ozoneimpl.OzoneContainer (OzoneContainer.java:start(230)) - Attempting to start container services.
2019-11-14 22:53:32,621 [Datanode State Machine Thread - 0] INFO  ozoneimpl.OzoneContainer (OzoneContainer.java:startContainerScrub(194)) - Background container scanner has been disabled.
2019-11-14 22:53:32,621 [Datanode State Machine Thread - 0] INFO  ratis.XceiverServerRatis (XceiverServerRatis.java:start(421)) - Starting XceiverServerRatis 9969a5d9-fcab-46ad-a887-333766046ab2 at port 0
2019-11-14 22:53:32,629 [Datanode State Machine Thread - 0] INFO  impl.RaftServerProxy (RaftServerProxy.java:lambda$start$3(299)) - 9969a5d9-fcab-46ad-a887-333766046ab2: start RPC server
2019-11-14 22:53:32,630 [Datanode State Machine Thread - 0] INFO  server.GrpcService (GrpcService.java:startImpl(158)) - 9969a5d9-fcab-46ad-a887-333766046ab2: GrpcService started, listening on 0.0.0.0/0.0.0.0:41238
2019-11-14 22:53:32,630 [Datanode State Machine Thread - 0] INFO  ratis.XceiverServerRatis (XceiverServerRatis.java:start(431)) - XceiverServerRatis 9969a5d9-fcab-46ad-a887-333766046ab2 is started using port 41238
2019-11-14 22:53:32,630 [Datanode State Machine Thread - 0] INFO  server.XceiverServerGrpc (XceiverServerGrpc.java:start(145)) - XceiverServerGrpc 9969a5d9-fcab-46ad-a887-333766046ab2 is started using port 37385
2019-11-14 22:53:32,712 [Datanode State Machine Thread - 0] INFO  ozoneimpl.OzoneContainer (OzoneContainer.java:start(230)) - Attempting to start container services.
2019-11-14 22:53:32,713 [Datanode State Machine Thread - 0] INFO  ozoneimpl.OzoneContainer (OzoneContainer.java:startContainerScrub(194)) - Background container scanner has been disabled.
2019-11-14 22:53:32,713 [Datanode State Machine Thread - 0] INFO  ratis.XceiverServerRatis (XceiverServerRatis.java:start(421)) - Starting XceiverServerRatis 2e7f8c24-c608-431c-b6d8-707cc816ba74 at port 0
2019-11-14 22:53:32,721 [Datanode State Machine Thread - 0] INFO  impl.RaftServerProxy (RaftServerProxy.java:lambda$start$3(299)) - 2e7f8c24-c608-431c-b6d8-707cc816ba74: start RPC server
2019-11-14 22:53:32,722 [Datanode State Machine Thread - 0] INFO  server.GrpcService (GrpcService.java:startImpl(158)) - 2e7f8c24-c608-431c-b6d8-707cc816ba74: GrpcService started, listening on 0.0.0.0/0.0.0.0:38009
2019-11-14 22:53:32,722 [Datanode State Machine Thread - 0] INFO  ratis.XceiverServerRatis (XceiverServerRatis.java:start(431)) - XceiverServerRatis 2e7f8c24-c608-431c-b6d8-707cc816ba74 is started using port 38009
2019-11-14 22:53:32,723 [Datanode State Machine Thread - 0] INFO  server.XceiverServerGrpc (XceiverServerGrpc.java:start(145)) - XceiverServerGrpc 2e7f8c24-c608-431c-b6d8-707cc816ba74 is started using port 35945
2019-11-14 22:53:32,774 [Datanode State Machine Thread - 0] INFO  ozoneimpl.OzoneContainer (OzoneContainer.java:start(230)) - Attempting to start container services.
2019-11-14 22:53:32,774 [Datanode State Machine Thread - 0] INFO  ozoneimpl.OzoneContainer (OzoneContainer.java:startContainerScrub(194)) - Background container scanner has been disabled.
2019-11-14 22:53:32,774 [Datanode State Machine Thread - 0] INFO  ratis.XceiverServerRatis (XceiverServerRatis.java:start(421)) - Starting XceiverServerRatis 0261bc30-8b8d-4db7-80aa-965ad1e19f13 at port 0
2019-11-14 22:53:32,782 [Datanode State Machine Thread - 0] INFO  impl.RaftServerProxy (RaftServerProxy.java:lambda$start$3(299)) - 0261bc30-8b8d-4db7-80aa-965ad1e19f13: start RPC server
2019-11-14 22:53:32,783 [Datanode State Machine Thread - 0] INFO  server.GrpcService (GrpcService.java:startImpl(158)) - 0261bc30-8b8d-4db7-80aa-965ad1e19f13: GrpcService started, listening on 0.0.0.0/0.0.0.0:35118
2019-11-14 22:53:32,783 [Datanode State Machine Thread - 0] INFO  ratis.XceiverServerRatis (XceiverServerRatis.java:start(431)) - XceiverServerRatis 0261bc30-8b8d-4db7-80aa-965ad1e19f13 is started using port 35118
2019-11-14 22:53:32,783 [Datanode State Machine Thread - 0] INFO  server.XceiverServerGrpc (XceiverServerGrpc.java:start(145)) - XceiverServerGrpc 0261bc30-8b8d-4db7-80aa-965ad1e19f13 is started using port 33408
2019-11-14 22:53:32,833 [Datanode State Machine Thread - 0] INFO  ozoneimpl.OzoneContainer (OzoneContainer.java:start(230)) - Attempting to start container services.
2019-11-14 22:53:32,833 [Datanode State Machine Thread - 0] INFO  ozoneimpl.OzoneContainer (OzoneContainer.java:startContainerScrub(194)) - Background container scanner has been disabled.
2019-11-14 22:53:32,833 [Datanode State Machine Thread - 0] INFO  ratis.XceiverServerRatis (XceiverServerRatis.java:start(421)) - Starting XceiverServerRatis 8c93cdd4-5606-4221-9500-0bbe6d2ac50a at port 0
2019-11-14 22:53:32,841 [Datanode State Machine Thread - 0] INFO  impl.RaftServerProxy (RaftServerProxy.java:lambda$start$3(299)) - 8c93cdd4-5606-4221-9500-0bbe6d2ac50a: start RPC server
2019-11-14 22:53:32,842 [Datanode State Machine Thread - 0] INFO  server.GrpcService (GrpcService.java:startImpl(158)) - 8c93cdd4-5606-4221-9500-0bbe6d2ac50a: GrpcService started, listening on 0.0.0.0/0.0.0.0:37665
2019-11-14 22:53:32,842 [Datanode State Machine Thread - 0] INFO  ratis.XceiverServerRatis (XceiverServerRatis.java:start(431)) - XceiverServerRatis 8c93cdd4-5606-4221-9500-0bbe6d2ac50a is started using port 37665
2019-11-14 22:53:32,843 [Datanode State Machine Thread - 0] INFO  server.XceiverServerGrpc (XceiverServerGrpc.java:start(145)) - XceiverServerGrpc 8c93cdd4-5606-4221-9500-0bbe6d2ac50a is started using port 44854
2019-11-14 22:53:32,905 [Datanode State Machine Thread - 0] INFO  ozoneimpl.OzoneContainer (OzoneContainer.java:start(230)) - Attempting to start container services.
2019-11-14 22:53:32,905 [Datanode State Machine Thread - 0] INFO  ozoneimpl.OzoneContainer (OzoneContainer.java:startContainerScrub(194)) - Background container scanner has been disabled.
2019-11-14 22:53:32,905 [Datanode State Machine Thread - 0] INFO  ratis.XceiverServerRatis (XceiverServerRatis.java:start(421)) - Starting XceiverServerRatis fe27ed9b-283a-4979-94f3-8c29e1f5fa70 at port 0
2019-11-14 22:53:32,913 [Datanode State Machine Thread - 0] INFO  impl.RaftServerProxy (RaftServerProxy.java:lambda$start$3(299)) - fe27ed9b-283a-4979-94f3-8c29e1f5fa70: start RPC server
2019-11-14 22:53:32,913 [Datanode State Machine Thread - 0] INFO  server.GrpcService (GrpcService.java:startImpl(158)) - fe27ed9b-283a-4979-94f3-8c29e1f5fa70: GrpcService started, listening on 0.0.0.0/0.0.0.0:38253
2019-11-14 22:53:32,913 [Datanode State Machine Thread - 0] INFO  ratis.XceiverServerRatis (XceiverServerRatis.java:start(431)) - XceiverServerRatis fe27ed9b-283a-4979-94f3-8c29e1f5fa70 is started using port 38253
2019-11-14 22:53:32,914 [Datanode State Machine Thread - 0] INFO  server.XceiverServerGrpc (XceiverServerGrpc.java:start(145)) - XceiverServerGrpc fe27ed9b-283a-4979-94f3-8c29e1f5fa70 is started using port 34114
2019-11-14 22:53:32,986 [Datanode State Machine Thread - 0] INFO  ozoneimpl.OzoneContainer (OzoneContainer.java:start(230)) - Attempting to start container services.
2019-11-14 22:53:32,986 [Datanode State Machine Thread - 0] INFO  ozoneimpl.OzoneContainer (OzoneContainer.java:startContainerScrub(194)) - Background container scanner has been disabled.
2019-11-14 22:53:32,986 [Datanode State Machine Thread - 0] INFO  ratis.XceiverServerRatis (XceiverServerRatis.java:start(421)) - Starting XceiverServerRatis 38d24973-4522-4e24-8845-d0d59163b20a at port 0
2019-11-14 22:53:32,994 [Datanode State Machine Thread - 0] INFO  impl.RaftServerProxy (RaftServerProxy.java:lambda$start$3(299)) - 38d24973-4522-4e24-8845-d0d59163b20a: start RPC server
2019-11-14 22:53:32,994 [Datanode State Machine Thread - 0] INFO  server.GrpcService (GrpcService.java:startImpl(158)) - 38d24973-4522-4e24-8845-d0d59163b20a: GrpcService started, listening on 0.0.0.0/0.0.0.0:38331
2019-11-14 22:53:32,995 [Datanode State Machine Thread - 0] INFO  ratis.XceiverServerRatis (XceiverServerRatis.java:start(431)) - XceiverServerRatis 38d24973-4522-4e24-8845-d0d59163b20a is started using port 38331
2019-11-14 22:53:32,995 [Datanode State Machine Thread - 0] INFO  server.XceiverServerGrpc (XceiverServerGrpc.java:start(145)) - XceiverServerGrpc 38d24973-4522-4e24-8845-d0d59163b20a is started using port 36937
2019-11-14 22:53:33,072 [Datanode State Machine Thread - 0] INFO  ozoneimpl.OzoneContainer (OzoneContainer.java:start(230)) - Attempting to start container services.
2019-11-14 22:53:33,072 [Datanode State Machine Thread - 0] INFO  ozoneimpl.OzoneContainer (OzoneContainer.java:startContainerScrub(194)) - Background container scanner has been disabled.
2019-11-14 22:53:33,072 [Datanode State Machine Thread - 0] INFO  ratis.XceiverServerRatis (XceiverServerRatis.java:start(421)) - Starting XceiverServerRatis 9b10aba0-cc5c-407b-9285-7072d29b9deb at port 0
2019-11-14 22:53:33,080 [Datanode State Machine Thread - 0] INFO  impl.RaftServerProxy (RaftServerProxy.java:lambda$start$3(299)) - 9b10aba0-cc5c-407b-9285-7072d29b9deb: start RPC server
2019-11-14 22:53:33,081 [Datanode State Machine Thread - 0] INFO  server.GrpcService (GrpcService.java:startImpl(158)) - 9b10aba0-cc5c-407b-9285-7072d29b9deb: GrpcService started, listening on 0.0.0.0/0.0.0.0:44092
2019-11-14 22:53:33,081 [Datanode State Machine Thread - 0] INFO  ratis.XceiverServerRatis (XceiverServerRatis.java:start(431)) - XceiverServerRatis 9b10aba0-cc5c-407b-9285-7072d29b9deb is started using port 44092
2019-11-14 22:53:33,081 [Datanode State Machine Thread - 0] INFO  server.XceiverServerGrpc (XceiverServerGrpc.java:start(145)) - XceiverServerGrpc 9b10aba0-cc5c-407b-9285-7072d29b9deb is started using port 35028
2019-11-14 22:53:33,126 [main] INFO  ozone.MiniOzoneClusterImpl (MiniOzoneClusterImpl.java:lambda$waitForClusterToBeReady$2(171)) - Waiting for cluster to be ready. Got 0 of 10 DN Heartbeats.
2019-11-14 22:53:33,139 [Datanode State Machine Thread - 0] INFO  ozoneimpl.OzoneContainer (OzoneContainer.java:start(230)) - Attempting to start container services.
2019-11-14 22:53:33,140 [Datanode State Machine Thread - 0] INFO  ozoneimpl.OzoneContainer (OzoneContainer.java:startContainerScrub(194)) - Background container scanner has been disabled.
2019-11-14 22:53:33,140 [Datanode State Machine Thread - 0] INFO  ratis.XceiverServerRatis (XceiverServerRatis.java:start(421)) - Starting XceiverServerRatis 257e5bad-a5d9-4311-875c-39b27f9709ed at port 0
2019-11-14 22:53:33,147 [Datanode State Machine Thread - 0] INFO  impl.RaftServerProxy (RaftServerProxy.java:lambda$start$3(299)) - 257e5bad-a5d9-4311-875c-39b27f9709ed: start RPC server
2019-11-14 22:53:33,148 [Datanode State Machine Thread - 0] INFO  server.GrpcService (GrpcService.java:startImpl(158)) - 257e5bad-a5d9-4311-875c-39b27f9709ed: GrpcService started, listening on 0.0.0.0/0.0.0.0:40481
2019-11-14 22:53:33,148 [Datanode State Machine Thread - 0] INFO  ratis.XceiverServerRatis (XceiverServerRatis.java:start(431)) - XceiverServerRatis 257e5bad-a5d9-4311-875c-39b27f9709ed is started using port 40481
2019-11-14 22:53:33,160 [Datanode State Machine Thread - 0] INFO  server.XceiverServerGrpc (XceiverServerGrpc.java:start(145)) - XceiverServerGrpc 257e5bad-a5d9-4311-875c-39b27f9709ed is started using port 41802
2019-11-14 22:53:34,126 [main] INFO  ozone.MiniOzoneClusterImpl (MiniOzoneClusterImpl.java:lambda$waitForClusterToBeReady$2(171)) - Waiting for cluster to be ready. Got 0 of 10 DN Heartbeats.
2019-11-14 22:53:34,468 [IPC Server handler 3 on 33986] INFO  net.NetworkTopology (NetworkTopologyImpl.java:add(111)) - Added a new node: /rack1/1557401b-269c-4760-ad9d-3babb3e549ee
2019-11-14 22:53:34,469 [IPC Server handler 3 on 33986] INFO  node.SCMNodeManager (SCMNodeManager.java:register(267)) - Registered Data node : 1557401b-269c-4760-ad9d-3babb3e549ee{ip: 192.168.164.210, host: pr-hdds-2448-del-container-qmj8s-3203767274, networkLocation: /rack1, certSerialId: null}
2019-11-14 22:53:34,470 [EventQueue-NodeRegistrationContainerReportForDataNodeSafeModeRule] INFO  safemode.SCMSafeModeManager (DataNodeSafeModeRule.java:process(71)) - SCM in safe mode. 1 DataNodes registered, 1 required.
2019-11-14 22:53:34,472 [EventQueue-NodeRegistrationContainerReportForContainerSafeModeRule] INFO  safemode.SCMSafeModeManager (SCMSafeModeManager.java:validateSafeModeExitRules(177)) - ScmSafeModeManager, all rules are successfully validated
2019-11-14 22:53:34,472 [EventQueue-NodeRegistrationContainerReportForContainerSafeModeRule] INFO  safemode.SCMSafeModeManager (SCMSafeModeManager.java:exitSafeMode(193)) - SCM exiting safe mode.
2019-11-14 22:53:34,482 [grpc-default-executor-4] INFO  impl.RaftServerProxy (RaftServerProxy.java:addNew(89)) - 1557401b-269c-4760-ad9d-3babb3e549ee: addNew group-4DF9FCFED42B:[1557401b-269c-4760-ad9d-3babb3e549ee:192.168.164.210:38449] returns group-4DF9FCFED42B:java.util.concurrent.CompletableFuture@35c91531[Not completed]
2019-11-14 22:53:34,483 [pool-549-thread-1] INFO  impl.RaftServerImpl (RaftServerImpl.java:<init>(98)) - 1557401b-269c-4760-ad9d-3babb3e549ee: new RaftServerImpl for group-4DF9FCFED42B:[1557401b-269c-4760-ad9d-3babb3e549ee:192.168.164.210:38449] with ContainerStateMachine:uninitialized
2019-11-14 22:53:34,484 [pool-549-thread-1] INFO  server.RaftServerConfigKeys (ConfUtils.java:logGet(43)) - raft.server.rpc.timeout.min = 1s (custom)
2019-11-14 22:53:34,484 [pool-549-thread-1] INFO  server.RaftServerConfigKeys (ConfUtils.java:logGet(43)) - raft.server.rpc.timeout.max = 1200ms (custom)
2019-11-14 22:53:34,484 [pool-549-thread-1] INFO  server.RaftServerConfigKeys (ConfUtils.java:logGet(43)) - raft.server.rpcslowness.timeout = 120s (custom)
2019-11-14 22:53:34,484 [pool-549-thread-1] INFO  server.RaftServerConfigKeys (ConfUtils.java:logGet(43)) - raft.server.sleep.deviation.threshold = 300 (default)
2019-11-14 22:53:34,484 [pool-549-thread-1] INFO  server.RaftServerConfigKeys (ConfUtils.java:logGet(43)) - raft.server.log.appender.install.snapshot.enabled = false (custom)
2019-11-14 22:53:34,484 [pool-549-thread-1] INFO  impl.RaftServerImpl (ServerState.java:<init>(103)) - 1557401b-269c-4760-ad9d-3babb3e549ee@group-4DF9FCFED42B: ConfigurationManager, init=-1: [1557401b-269c-4760-ad9d-3babb3e549ee:192.168.164.210:38449], old=null, confs=<EMPTY_MAP>
2019-11-14 22:53:34,484 [pool-549-thread-1] INFO  server.RaftServerConfigKeys (ConfUtils.java:logGet(43)) - raft.server.storage.dir = [/workdir/hadoop-ozone/integration-test/target/test-dir/MiniOzoneClusterImpl-c304fa79-6e7f-43ac-8564-360665bd8c65/datanode-0/data/ratis] (custom)
2019-11-14 22:53:34,485 [pool-549-thread-1] INFO  server.RaftServerConfigKeys (ConfUtils.java:logGet(43)) - raft.server.log.corruption.policy = EXCEPTION (default)
2019-11-14 22:53:34,485 [pool-549-thread-1] INFO  storage.RaftStorageDirectory (RaftStorageDirectory.java:analyzeStorage(246)) - The storage directory /workdir/hadoop-ozone/integration-test/target/test-dir/MiniOzoneClusterImpl-c304fa79-6e7f-43ac-8564-360665bd8c65/datanode-0/data/ratis/dbb5313b-bf12-4e4f-a008-4df9fcfed42b does not exist. Creating ...
2019-11-14 22:53:34,498 [pool-549-thread-1] INFO  storage.RaftStorageDirectory (RaftStorageDirectory.java:tryLock(328)) - Lock on /workdir/hadoop-ozone/integration-test/target/test-dir/MiniOzoneClusterImpl-c304fa79-6e7f-43ac-8564-360665bd8c65/datanode-0/data/ratis/dbb5313b-bf12-4e4f-a008-4df9fcfed42b/in_use.lock acquired by nodename 20539@pr-hdds-2448-del-container-qmj8s-3203767274
2019-11-14 22:53:34,511 [pool-549-thread-1] INFO  storage.RaftStorage (RaftStorage.java:format(84)) - Storage directory /workdir/hadoop-ozone/integration-test/target/test-dir/MiniOzoneClusterImpl-c304fa79-6e7f-43ac-8564-360665bd8c65/datanode-0/data/ratis/dbb5313b-bf12-4e4f-a008-4df9fcfed42b has been successfully formatted.
2019-11-14 22:53:34,512 [pool-549-thread-1] INFO  ratis.ContainerStateMachine (ContainerStateMachine.java:loadSnapshot(223)) - group-4DF9FCFED42B: The snapshot info is null. Setting the last applied indexto:(t:0, i:~)
2019-11-14 22:53:34,512 [pool-549-thread-1] INFO  server.RaftServerConfigKeys (ConfUtils.java:logGet(43)) - raft.server.notification.no-leader.timeout = 120s (custom)
2019-11-14 22:53:34,512 [pool-549-thread-1] INFO  server.RaftServerConfigKeys (ConfUtils.java:logGet(43)) - raft.server.log.use.memory = false (default)
2019-11-14 22:53:34,512 [pool-549-thread-1] INFO  server.RaftServerConfigKeys (ConfUtils.java:logGet(43)) - raft.server.log.purge.gap = 1000000 (custom)
2019-11-14 22:53:34,512 [pool-549-thread-1] INFO  server.RaftServerConfigKeys (ConfUtils.java:logGet(43)) - raft.server.log.appender.buffer.byte-limit = 33554432 (custom)
2019-11-14 22:53:34,512 [pool-549-thread-1] INFO  server.RaftServerConfigKeys (ConfUtils.java:logGet(43)) - raft.server.log.segment.size.max = 1048576 (custom)
2019-11-14 22:53:34,512 [pool-549-thread-1] WARN  impl.MetricRegistriesImpl (MetricRegistriesImpl.java:lambda$create$1(61)) - First MetricRegistry has been created without registering reporters. You may need to call MetricRegistries.global().addReportRegistration(...) before.
2019-11-14 22:53:34,512 [pool-549-thread-1] INFO  server.RaftServerConfigKeys (ConfUtils.java:logGet(43)) - raft.server.log.segment.cache.num.max = 2 (custom)
2019-11-14 22:53:34,512 [pool-549-thread-1] INFO  segmented.SegmentedRaftLogWorker (SegmentedRaftLogWorker.java:<init>(173)) - new 1557401b-269c-4760-ad9d-3babb3e549ee@group-4DF9FCFED42B-SegmentedRaftLogWorker for RaftStorage:Storage Directory /workdir/hadoop-ozone/integration-test/target/test-dir/MiniOzoneClusterImpl-c304fa79-6e7f-43ac-8564-360665bd8c65/datanode-0/data/ratis/dbb5313b-bf12-4e4f-a008-4df9fcfed42b
2019-11-14 22:53:34,513 [pool-549-thread-1] INFO  server.RaftServerConfigKeys (ConfUtils.java:logGet(43)) - raft.server.log.queue.byte-limit = 2147483647 (custom)
2019-11-14 22:53:34,513 [pool-549-thread-1] INFO  server.RaftServerConfigKeys (ConfUtils.java:logGet(43)) - raft.server.log.queue.element-limit = 1024 (custom)
2019-11-14 22:53:34,513 [pool-549-thread-1] INFO  server.RaftServerConfigKeys (ConfUtils.java:logGet(43)) - raft.server.log.segment.size.max = 1048576 (custom)
2019-11-14 22:53:34,513 [pool-549-thread-1] INFO  server.RaftServerConfigKeys (ConfUtils.java:logGet(43)) - raft.server.log.preallocated.size = 16384 (custom)
2019-11-14 22:53:34,513 [pool-549-thread-1] INFO  server.RaftServerConfigKeys (ConfUtils.java:logGet(43)) - raft.server.log.write.buffer.size = 33554432 (custom)
2019-11-14 22:53:34,513 [pool-549-thread-1] INFO  server.RaftServerConfigKeys (ConfUtils.java:logGet(43)) - raft.server.log.force.sync.num = 128 (default)
2019-11-14 22:53:34,513 [pool-549-thread-1] INFO  server.RaftServerConfigKeys (ConfUtils.java:logGet(43)) - raft.server.log.statemachine.data.sync = true (default)
2019-11-14 22:53:34,513 [pool-549-thread-1] INFO  server.RaftServerConfigKeys (ConfUtils.java:logGet(43)) - raft.server.log.statemachine.data.sync.timeout = 10s (default)
2019-11-14 22:53:34,513 [pool-549-thread-1] INFO  server.RaftServerConfigKeys (ConfUtils.java:logGet(43)) - raft.server.log.statemachine.data.sync.timeout.retry = -1 (default)
2019-11-14 22:53:34,513 [pool-549-thread-1] INFO  server.RaftServerConfigKeys (ConfUtils.java:logGet(43)) - raft.server.log.statemachine.data.caching.enabled = true (custom)
2019-11-14 22:53:34,514 [pool-549-thread-1] INFO  segmented.SegmentedRaftLogWorker (SegmentedRaftLogWorker.java:lambda$new$0(128)) - 1557401b-269c-4760-ad9d-3babb3e549ee@group-4DF9FCFED42B-SegmentedRaftLogWorker: flushIndex: setUnconditionally 0 -> -1
2019-11-14 22:53:34,514 [pool-549-thread-1] INFO  server.RaftServerConfigKeys (ConfUtils.java:logGet(43)) - raft.server.snapshot.auto.trigger.enabled = true (custom)
2019-11-14 22:53:34,514 [pool-549-thread-1] INFO  server.RaftServerConfigKeys (ConfUtils.java:logGet(43)) - raft.server.snapshot.auto.trigger.threshold = 10000 (custom)
2019-11-14 22:53:34,514 [pool-549-thread-1] INFO  server.RaftServerConfigKeys (ConfUtils.java:logGet(43)) - raft.server.snapshot.retention.file.num = 5 (custom)
2019-11-14 22:53:34,514 [pool-549-thread-1] INFO  server.RaftServerConfigKeys (ConfUtils.java:logGet(43)) - raft.server.retrycache.expirytime = 600000ms (custom)
2019-11-14 22:53:34,514 [pool-549-thread-1] WARN  impl.MetricRegistriesImpl (MetricRegistriesImpl.java:lambda$create$1(61)) - First MetricRegistry has been created without registering reporters. You may need to call MetricRegistries.global().addReportRegistration(...) before.
2019-11-14 22:53:34,515 [pool-549-thread-1] WARN  impl.MetricRegistriesImpl (MetricRegistriesImpl.java:lambda$create$1(61)) - First MetricRegistry has been created without registering reporters. You may need to call MetricRegistries.global().addReportRegistration(...) before.
2019-11-14 22:53:34,515 [pool-549-thread-1] INFO  impl.RaftServerImpl (RaftServerImpl.java:start(184)) - 1557401b-269c-4760-ad9d-3babb3e549ee@group-4DF9FCFED42B: start as a follower, conf=-1: [1557401b-269c-4760-ad9d-3babb3e549ee:192.168.164.210:38449], old=null
2019-11-14 22:53:34,515 [pool-549-thread-1] INFO  impl.RaftServerImpl (RaftServerImpl.java:setRole(173)) - 1557401b-269c-4760-ad9d-3babb3e549ee@group-4DF9FCFED42B: changes role from      null to FOLLOWER at term 0 for startAsFollower
2019-11-14 22:53:34,515 [pool-549-thread-1] INFO  impl.RoleInfo (RoleInfo.java:updateAndGet(143)) - 1557401b-269c-4760-ad9d-3babb3e549ee: start FollowerState
2019-11-14 22:53:34,515 [pool-549-thread-1] INFO  util.JmxRegister (JmxRegister.java:tryRegister(44)) - Successfully registered JMX Bean with object name Ratis:service=RaftServer,group=group-4DF9FCFED42B,id=1557401b-269c-4760-ad9d-3babb3e549ee
2019-11-14 22:53:34,516 [pool-549-thread-1] WARN  impl.MetricRegistriesImpl (MetricRegistriesImpl.java:lambda$create$1(61)) - First MetricRegistry has been created without registering reporters. You may need to call MetricRegistries.global().addReportRegistration(...) before.
2019-11-14 22:53:34,519 [RatisPipelineUtilsThread] INFO  pipeline.PipelineStateManager (PipelineStateManager.java:addPipeline(55)) - Created pipeline Pipeline[ Id: dbb5313b-bf12-4e4f-a008-4df9fcfed42b, Nodes: 1557401b-269c-4760-ad9d-3babb3e549ee{ip: 192.168.164.210, host: pr-hdds-2448-del-container-qmj8s-3203767274, networkLocation: /rack1, certSerialId: null}, Type:RATIS, Factor:ONE, State:ALLOCATED]
2019-11-14 22:53:34,525 [IPC Server handler 1 on 33986] INFO  net.NetworkTopology (NetworkTopologyImpl.java:add(111)) - Added a new node: /rack1/377585f1-7b09-4361-841d-f3e5d0778973
2019-11-14 22:53:34,525 [IPC Server handler 1 on 33986] INFO  node.SCMNodeManager (SCMNodeManager.java:register(267)) - Registered Data node : 377585f1-7b09-4361-841d-f3e5d0778973{ip: 192.168.164.210, host: pr-hdds-2448-del-container-qmj8s-3203767274, networkLocation: /rack1, certSerialId: null}
2019-11-14 22:53:34,531 [grpc-default-executor-4] INFO  impl.RaftServerProxy (RaftServerProxy.java:addNew(89)) - 377585f1-7b09-4361-841d-f3e5d0778973: addNew group-AD7B28DB1B00:[377585f1-7b09-4361-841d-f3e5d0778973:192.168.164.210:33333] returns group-AD7B28DB1B00:java.util.concurrent.CompletableFuture@44874802[Not completed]
2019-11-14 22:53:34,532 [pool-560-thread-1] INFO  impl.RaftServerImpl (RaftServerImpl.java:<init>(98)) - 377585f1-7b09-4361-841d-f3e5d0778973: new RaftServerImpl for group-AD7B28DB1B00:[377585f1-7b09-4361-841d-f3e5d0778973:192.168.164.210:33333] with ContainerStateMachine:uninitialized
2019-11-14 22:53:34,532 [pool-560-thread-1] INFO  server.RaftServerConfigKeys (ConfUtils.java:logGet(43)) - raft.server.rpc.timeout.min = 1s (custom)
2019-11-14 22:53:34,532 [pool-560-thread-1] INFO  server.RaftServerConfigKeys (ConfUtils.java:logGet(43)) - raft.server.rpc.timeout.max = 1200ms (custom)
2019-11-14 22:53:34,532 [pool-560-thread-1] INFO  server.RaftServerConfigKeys (ConfUtils.java:logGet(43)) - raft.server.rpcslowness.timeout = 120s (custom)
2019-11-14 22:53:34,532 [pool-560-thread-1] INFO  server.RaftServerConfigKeys (ConfUtils.java:logGet(43)) - raft.server.sleep.deviation.threshold = 300 (default)
2019-11-14 22:53:34,532 [pool-560-thread-1] INFO  server.RaftServerConfigKeys (ConfUtils.java:logGet(43)) - raft.server.log.appender.install.snapshot.enabled = false (custom)
2019-11-14 22:53:34,532 [pool-560-thread-1] INFO  impl.RaftServerImpl (ServerState.java:<init>(103)) - 377585f1-7b09-4361-841d-f3e5d0778973@group-AD7B28DB1B00: ConfigurationManager, init=-1: [377585f1-7b09-4361-841d-f3e5d0778973:192.168.164.210:33333], old=null, confs=<EMPTY_MAP>
2019-11-14 22:53:34,532 [pool-560-thread-1] INFO  server.RaftServerConfigKeys (ConfUtils.java:logGet(43)) - raft.server.storage.dir = [/workdir/hadoop-ozone/integration-test/target/test-dir/MiniOzoneClusterImpl-c304fa79-6e7f-43ac-8564-360665bd8c65/datanode-1/data/ratis] (custom)
2019-11-14 22:53:34,532 [pool-560-thread-1] INFO  server.RaftServerConfigKeys (ConfUtils.java:logGet(43)) - raft.server.log.corruption.policy = EXCEPTION (default)
2019-11-14 22:53:34,532 [pool-560-thread-1] INFO  storage.RaftStorageDirectory (RaftStorageDirectory.java:analyzeStorage(246)) - The storage directory /workdir/hadoop-ozone/integration-test/target/test-dir/MiniOzoneClusterImpl-c304fa79-6e7f-43ac-8564-360665bd8c65/datanode-1/data/ratis/06fa83d9-db5a-4f36-993e-ad7b28db1b00 does not exist. Creating ...
2019-11-14 22:53:34,545 [pool-560-thread-1] INFO  storage.RaftStorageDirectory (RaftStorageDirectory.java:tryLock(328)) - Lock on /workdir/hadoop-ozone/integration-test/target/test-dir/MiniOzoneClusterImpl-c304fa79-6e7f-43ac-8564-360665bd8c65/datanode-1/data/ratis/06fa83d9-db5a-4f36-993e-ad7b28db1b00/in_use.lock acquired by nodename 20539@pr-hdds-2448-del-container-qmj8s-3203767274
2019-11-14 22:53:34,558 [pool-560-thread-1] INFO  storage.RaftStorage (RaftStorage.java:format(84)) - Storage directory /workdir/hadoop-ozone/integration-test/target/test-dir/MiniOzoneClusterImpl-c304fa79-6e7f-43ac-8564-360665bd8c65/datanode-1/data/ratis/06fa83d9-db5a-4f36-993e-ad7b28db1b00 has been successfully formatted.
2019-11-14 22:53:34,558 [pool-560-thread-1] INFO  ratis.ContainerStateMachine (ContainerStateMachine.java:loadSnapshot(223)) - group-AD7B28DB1B00: The snapshot info is null. Setting the last applied indexto:(t:0, i:~)
2019-11-14 22:53:34,558 [pool-560-thread-1] INFO  server.RaftServerConfigKeys (ConfUtils.java:logGet(43)) - raft.server.notification.no-leader.timeout = 120s (custom)
2019-11-14 22:53:34,559 [pool-560-thread-1] INFO  server.RaftServerConfigKeys (ConfUtils.java:logGet(43)) - raft.server.log.use.memory = false (default)
2019-11-14 22:53:34,559 [pool-560-thread-1] INFO  server.RaftServerConfigKeys (ConfUtils.java:logGet(43)) - raft.server.log.purge.gap = 1000000 (custom)
2019-11-14 22:53:34,559 [pool-560-thread-1] INFO  server.RaftServerConfigKeys (ConfUtils.java:logGet(43)) - raft.server.log.appender.buffer.byte-limit = 33554432 (custom)
2019-11-14 22:53:34,559 [pool-560-thread-1] INFO  server.RaftServerConfigKeys (ConfUtils.java:logGet(43)) - raft.server.log.segment.size.max = 1048576 (custom)
2019-11-14 22:53:34,559 [pool-560-thread-1] WARN  impl.MetricRegistriesImpl (MetricRegistriesImpl.java:lambda$create$1(61)) - First MetricRegistry has been created without registering reporters. You may need to call MetricRegistries.global().addReportRegistration(...) before.
2019-11-14 22:53:34,559 [pool-560-thread-1] INFO  server.RaftServerConfigKeys (ConfUtils.java:logGet(43)) - raft.server.log.segment.cache.num.max = 2 (custom)
2019-11-14 22:53:34,559 [pool-560-thread-1] INFO  segmented.SegmentedRaftLogWorker (SegmentedRaftLogWorker.java:<init>(173)) - new 377585f1-7b09-4361-841d-f3e5d0778973@group-AD7B28DB1B00-SegmentedRaftLogWorker for RaftStorage:Storage Directory /workdir/hadoop-ozone/integration-test/target/test-dir/MiniOzoneClusterImpl-c304fa79-6e7f-43ac-8564-360665bd8c65/datanode-1/data/ratis/06fa83d9-db5a-4f36-993e-ad7b28db1b00
2019-11-14 22:53:34,559 [pool-560-thread-1] INFO  server.RaftServerConfigKeys (ConfUtils.java:logGet(43)) - raft.server.log.queue.byte-limit = 2147483647 (custom)
2019-11-14 22:53:34,559 [pool-560-thread-1] INFO  server.RaftServerConfigKeys (ConfUtils.java:logGet(43)) - raft.server.log.queue.element-limit = 1024 (custom)
2019-11-14 22:53:34,559 [pool-560-thread-1] INFO  server.RaftServerConfigKeys (ConfUtils.java:logGet(43)) - raft.server.log.segment.size.max = 1048576 (custom)
2019-11-14 22:53:34,559 [pool-560-thread-1] INFO  server.RaftServerConfigKeys (ConfUtils.java:logGet(43)) - raft.server.log.preallocated.size = 16384 (custom)
2019-11-14 22:53:34,560 [pool-560-thread-1] INFO  server.RaftServerConfigKeys (ConfUtils.java:logGet(43)) - raft.server.log.write.buffer.size = 33554432 (custom)
2019-11-14 22:53:34,560 [pool-560-thread-1] INFO  server.RaftServerConfigKeys (ConfUtils.java:logGet(43)) - raft.server.log.force.sync.num = 128 (default)
2019-11-14 22:53:34,560 [pool-560-thread-1] INFO  server.RaftServerConfigKeys (ConfUtils.java:logGet(43)) - raft.server.log.statemachine.data.sync = true (default)
2019-11-14 22:53:34,560 [pool-560-thread-1] INFO  server.RaftServerConfigKeys (ConfUtils.java:logGet(43)) - raft.server.log.statemachine.data.sync.timeout = 10s (default)
2019-11-14 22:53:34,560 [pool-560-thread-1] INFO  server.RaftServerConfigKeys (ConfUtils.java:logGet(43)) - raft.server.log.statemachine.data.sync.timeout.retry = -1 (default)
2019-11-14 22:53:34,560 [pool-560-thread-1] INFO  server.RaftServerConfigKeys (ConfUtils.java:logGet(43)) - raft.server.log.statemachine.data.caching.enabled = true (custom)
2019-11-14 22:53:34,560 [pool-560-thread-1] INFO  segmented.SegmentedRaftLogWorker (SegmentedRaftLogWorker.java:lambda$new$0(128)) - 377585f1-7b09-4361-841d-f3e5d0778973@group-AD7B28DB1B00-SegmentedRaftLogWorker: flushIndex: setUnconditionally 0 -> -1
2019-11-14 22:53:34,560 [pool-560-thread-1] INFO  server.RaftServerConfigKeys (ConfUtils.java:logGet(43)) - raft.server.snapshot.auto.trigger.enabled = true (custom)
2019-11-14 22:53:34,560 [pool-560-thread-1] INFO  server.RaftServerConfigKeys (ConfUtils.java:logGet(43)) - raft.server.snapshot.auto.trigger.threshold = 10000 (custom)
2019-11-14 22:53:34,561 [pool-560-thread-1] INFO  server.RaftServerConfigKeys (ConfUtils.java:logGet(43)) - raft.server.snapshot.retention.file.num = 5 (custom)
2019-11-14 22:53:34,561 [pool-560-thread-1] INFO  server.RaftServerConfigKeys (ConfUtils.java:logGet(43)) - raft.server.retrycache.expirytime = 600000ms (custom)
2019-11-14 22:53:34,561 [pool-560-thread-1] WARN  impl.MetricRegistriesImpl (MetricRegistriesImpl.java:lambda$create$1(61)) - First MetricRegistry has been created without registering reporters. You may need to call MetricRegistries.global().addReportRegistration(...) before.
2019-11-14 22:53:34,561 [pool-560-thread-1] WARN  impl.MetricRegistriesImpl (MetricRegistriesImpl.java:lambda$create$1(61)) - First MetricRegistry has been created without registering reporters. You may need to call MetricRegistries.global().addReportRegistration(...) before.
2019-11-14 22:53:34,561 [pool-560-thread-1] INFO  impl.RaftServerImpl (RaftServerImpl.java:start(184)) - 377585f1-7b09-4361-841d-f3e5d0778973@group-AD7B28DB1B00: start as a follower, conf=-1: [377585f1-7b09-4361-841d-f3e5d0778973:192.168.164.210:33333], old=null
2019-11-14 22:53:34,561 [pool-560-thread-1] INFO  impl.RaftServerImpl (RaftServerImpl.java:setRole(173)) - 377585f1-7b09-4361-841d-f3e5d0778973@group-AD7B28DB1B00: changes role from      null to FOLLOWER at term 0 for startAsFollower
2019-11-14 22:53:34,561 [pool-560-thread-1] INFO  impl.RoleInfo (RoleInfo.java:updateAndGet(143)) - 377585f1-7b09-4361-841d-f3e5d0778973: start FollowerState
2019-11-14 22:53:34,561 [pool-560-thread-1] INFO  util.JmxRegister (JmxRegister.java:tryRegister(44)) - Successfully registered JMX Bean with object name Ratis:service=RaftServer,group=group-AD7B28DB1B00,id=377585f1-7b09-4361-841d-f3e5d0778973
2019-11-14 22:53:34,562 [pool-560-thread-1] WARN  impl.MetricRegistriesImpl (MetricRegistriesImpl.java:lambda$create$1(61)) - First MetricRegistry has been created without registering reporters. You may need to call MetricRegistries.global().addReportRegistration(...) before.
2019-11-14 22:53:34,563 [RatisPipelineUtilsThread] INFO  pipeline.PipelineStateManager (PipelineStateManager.java:addPipeline(55)) - Created pipeline Pipeline[ Id: 06fa83d9-db5a-4f36-993e-ad7b28db1b00, Nodes: 377585f1-7b09-4361-841d-f3e5d0778973{ip: 192.168.164.210, host: pr-hdds-2448-del-container-qmj8s-3203767274, networkLocation: /rack1, certSerialId: null}, Type:RATIS, Factor:ONE, State:ALLOCATED]
2019-11-14 22:53:34,608 [IPC Server handler 6 on 33986] INFO  net.NetworkTopology (NetworkTopologyImpl.java:add(111)) - Added a new node: /rack1/9969a5d9-fcab-46ad-a887-333766046ab2
2019-11-14 22:53:34,608 [IPC Server handler 6 on 33986] INFO  node.SCMNodeManager (SCMNodeManager.java:register(267)) - Registered Data node : 9969a5d9-fcab-46ad-a887-333766046ab2{ip: 192.168.164.210, host: pr-hdds-2448-del-container-qmj8s-3203767274, networkLocation: /rack1, certSerialId: null}
2019-11-14 22:53:34,614 [grpc-default-executor-4] INFO  impl.RaftServerProxy (RaftServerProxy.java:addNew(89)) - 9969a5d9-fcab-46ad-a887-333766046ab2: addNew group-323824B0AB55:[9969a5d9-fcab-46ad-a887-333766046ab2:192.168.164.210:41238] returns group-323824B0AB55:java.util.concurrent.CompletableFuture@64b8b58d[Not completed]
2019-11-14 22:53:34,615 [pool-571-thread-1] INFO  impl.RaftServerImpl (RaftServerImpl.java:<init>(98)) - 9969a5d9-fcab-46ad-a887-333766046ab2: new RaftServerImpl for group-323824B0AB55:[9969a5d9-fcab-46ad-a887-333766046ab2:192.168.164.210:41238] with ContainerStateMachine:uninitialized
2019-11-14 22:53:34,616 [pool-571-thread-1] INFO  server.RaftServerConfigKeys (ConfUtils.java:logGet(43)) - raft.server.rpc.timeout.min = 1s (custom)
2019-11-14 22:53:34,616 [pool-571-thread-1] INFO  server.RaftServerConfigKeys (ConfUtils.java:logGet(43)) - raft.server.rpc.timeout.max = 1200ms (custom)
2019-11-14 22:53:34,616 [pool-571-thread-1] INFO  server.RaftServerConfigKeys (ConfUtils.java:logGet(43)) - raft.server.rpcslowness.timeout = 120s (custom)
2019-11-14 22:53:34,616 [pool-571-thread-1] INFO  server.RaftServerConfigKeys (ConfUtils.java:logGet(43)) - raft.server.sleep.deviation.threshold = 300 (default)
2019-11-14 22:53:34,616 [pool-571-thread-1] INFO  server.RaftServerConfigKeys (ConfUtils.java:logGet(43)) - raft.server.log.appender.install.snapshot.enabled = false (custom)
2019-11-14 22:53:34,616 [pool-571-thread-1] INFO  impl.RaftServerImpl (ServerState.java:<init>(103)) - 9969a5d9-fcab-46ad-a887-333766046ab2@group-323824B0AB55: ConfigurationManager, init=-1: [9969a5d9-fcab-46ad-a887-333766046ab2:192.168.164.210:41238], old=null, confs=<EMPTY_MAP>
2019-11-14 22:53:34,616 [pool-571-thread-1] INFO  server.RaftServerConfigKeys (ConfUtils.java:logGet(43)) - raft.server.storage.dir = [/workdir/hadoop-ozone/integration-test/target/test-dir/MiniOzoneClusterImpl-c304fa79-6e7f-43ac-8564-360665bd8c65/datanode-2/data/ratis] (custom)
2019-11-14 22:53:34,617 [pool-571-thread-1] INFO  server.RaftServerConfigKeys (ConfUtils.java:logGet(43)) - raft.server.log.corruption.policy = EXCEPTION (default)
2019-11-14 22:53:34,617 [pool-571-thread-1] INFO  storage.RaftStorageDirectory (RaftStorageDirectory.java:analyzeStorage(246)) - The storage directory /workdir/hadoop-ozone/integration-test/target/test-dir/MiniOzoneClusterImpl-c304fa79-6e7f-43ac-8564-360665bd8c65/datanode-2/data/ratis/d9db7ee3-8d35-423f-a530-323824b0ab55 does not exist. Creating ...
2019-11-14 22:53:34,630 [pool-571-thread-1] INFO  storage.RaftStorageDirectory (RaftStorageDirectory.java:tryLock(328)) - Lock on /workdir/hadoop-ozone/integration-test/target/test-dir/MiniOzoneClusterImpl-c304fa79-6e7f-43ac-8564-360665bd8c65/datanode-2/data/ratis/d9db7ee3-8d35-423f-a530-323824b0ab55/in_use.lock acquired by nodename 20539@pr-hdds-2448-del-container-qmj8s-3203767274
2019-11-14 22:53:34,643 [pool-571-thread-1] INFO  storage.RaftStorage (RaftStorage.java:format(84)) - Storage directory /workdir/hadoop-ozone/integration-test/target/test-dir/MiniOzoneClusterImpl-c304fa79-6e7f-43ac-8564-360665bd8c65/datanode-2/data/ratis/d9db7ee3-8d35-423f-a530-323824b0ab55 has been successfully formatted.
2019-11-14 22:53:34,643 [pool-571-thread-1] INFO  ratis.ContainerStateMachine (ContainerStateMachine.java:loadSnapshot(223)) - group-323824B0AB55: The snapshot info is null. Setting the last applied indexto:(t:0, i:~)
2019-11-14 22:53:34,643 [pool-571-thread-1] INFO  server.RaftServerConfigKeys (ConfUtils.java:logGet(43)) - raft.server.notification.no-leader.timeout = 120s (custom)
2019-11-14 22:53:34,643 [pool-571-thread-1] INFO  server.RaftServerConfigKeys (ConfUtils.java:logGet(43)) - raft.server.log.use.memory = false (default)
2019-11-14 22:53:34,644 [pool-571-thread-1] INFO  server.RaftServerConfigKeys (ConfUtils.java:logGet(43)) - raft.server.log.purge.gap = 1000000 (custom)
2019-11-14 22:53:34,644 [pool-571-thread-1] INFO  server.RaftServerConfigKeys (ConfUtils.java:logGet(43)) - raft.server.log.appender.buffer.byte-limit = 33554432 (custom)
2019-11-14 22:53:34,644 [pool-571-thread-1] INFO  server.RaftServerConfigKeys (ConfUtils.java:logGet(43)) - raft.server.log.segment.size.max = 1048576 (custom)
2019-11-14 22:53:34,644 [pool-571-thread-1] WARN  impl.MetricRegistriesImpl (MetricRegistriesImpl.java:lambda$create$1(61)) - First MetricRegistry has been created without registering reporters. You may need to call MetricRegistries.global().addReportRegistration(...) before.
2019-11-14 22:53:34,644 [pool-571-thread-1] INFO  server.RaftServerConfigKeys (ConfUtils.java:logGet(43)) - raft.server.log.segment.cache.num.max = 2 (custom)
2019-11-14 22:53:34,644 [pool-571-thread-1] INFO  segmented.SegmentedRaftLogWorker (SegmentedRaftLogWorker.java:<init>(173)) - new 9969a5d9-fcab-46ad-a887-333766046ab2@group-323824B0AB55-SegmentedRaftLogWorker for RaftStorage:Storage Directory /workdir/hadoop-ozone/integration-test/target/test-dir/MiniOzoneClusterImpl-c304fa79-6e7f-43ac-8564-360665bd8c65/datanode-2/data/ratis/d9db7ee3-8d35-423f-a530-323824b0ab55
2019-11-14 22:53:34,644 [pool-571-thread-1] INFO  server.RaftServerConfigKeys (ConfUtils.java:logGet(43)) - raft.server.log.queue.byte-limit = 2147483647 (custom)
2019-11-14 22:53:34,644 [pool-571-thread-1] INFO  server.RaftServerConfigKeys (ConfUtils.java:logGet(43)) - raft.server.log.queue.element-limit = 1024 (custom)
2019-11-14 22:53:34,644 [pool-571-thread-1] INFO  server.RaftServerConfigKeys (ConfUtils.java:logGet(43)) - raft.server.log.segment.size.max = 1048576 (custom)
2019-11-14 22:53:34,644 [pool-571-thread-1] INFO  server.RaftServerConfigKeys (ConfUtils.java:logGet(43)) - raft.server.log.preallocated.size = 16384 (custom)
2019-11-14 22:53:34,644 [pool-571-thread-1] INFO  server.RaftServerConfigKeys (ConfUtils.java:logGet(43)) - raft.server.log.write.buffer.size = 33554432 (custom)
2019-11-14 22:53:34,645 [pool-571-thread-1] INFO  server.RaftServerConfigKeys (ConfUtils.java:logGet(43)) - raft.server.log.force.sync.num = 128 (default)
2019-11-14 22:53:34,645 [pool-571-thread-1] INFO  server.RaftServerConfigKeys (ConfUtils.java:logGet(43)) - raft.server.log.statemachine.data.sync = true (default)
2019-11-14 22:53:34,645 [pool-571-thread-1] INFO  server.RaftServerConfigKeys (ConfUtils.java:logGet(43)) - raft.server.log.statemachine.data.sync.timeout = 10s (default)
2019-11-14 22:53:34,645 [pool-571-thread-1] INFO  server.RaftServerConfigKeys (ConfUtils.java:logGet(43)) - raft.server.log.statemachine.data.sync.timeout.retry = -1 (default)
2019-11-14 22:53:34,645 [pool-571-thread-1] INFO  server.RaftServerConfigKeys (ConfUtils.java:logGet(43)) - raft.server.log.statemachine.data.caching.enabled = true (custom)
2019-11-14 22:53:34,645 [pool-571-thread-1] INFO  segmented.SegmentedRaftLogWorker (SegmentedRaftLogWorker.java:lambda$new$0(128)) - 9969a5d9-fcab-46ad-a887-333766046ab2@group-323824B0AB55-SegmentedRaftLogWorker: flushIndex: setUnconditionally 0 -> -1
2019-11-14 22:53:34,645 [pool-571-thread-1] INFO  server.RaftServerConfigKeys (ConfUtils.java:logGet(43)) - raft.server.snapshot.auto.trigger.enabled = true (custom)
2019-11-14 22:53:34,645 [pool-571-thread-1] INFO  server.RaftServerConfigKeys (ConfUtils.java:logGet(43)) - raft.server.snapshot.auto.trigger.threshold = 10000 (custom)
2019-11-14 22:53:34,646 [pool-571-thread-1] INFO  server.RaftServerConfigKeys (ConfUtils.java:logGet(43)) - raft.server.snapshot.retention.file.num = 5 (custom)
2019-11-14 22:53:34,646 [pool-571-thread-1] INFO  server.RaftServerConfigKeys (ConfUtils.java:logGet(43)) - raft.server.retrycache.expirytime = 600000ms (custom)
2019-11-14 22:53:34,646 [pool-571-thread-1] WARN  impl.MetricRegistriesImpl (MetricRegistriesImpl.java:lambda$create$1(61)) - First MetricRegistry has been created without registering reporters. You may need to call MetricRegistries.global().addReportRegistration(...) before.
2019-11-14 22:53:34,646 [pool-571-thread-1] WARN  impl.MetricRegistriesImpl (MetricRegistriesImpl.java:lambda$create$1(61)) - First MetricRegistry has been created without registering reporters. You may need to call MetricRegistries.global().addReportRegistration(...) before.
2019-11-14 22:53:34,646 [pool-571-thread-1] INFO  impl.RaftServerImpl (RaftServerImpl.java:start(184)) - 9969a5d9-fcab-46ad-a887-333766046ab2@group-323824B0AB55: start as a follower, conf=-1: [9969a5d9-fcab-46ad-a887-333766046ab2:192.168.164.210:41238], old=null
2019-11-14 22:53:34,646 [pool-571-thread-1] INFO  impl.RaftServerImpl (RaftServerImpl.java:setRole(173)) - 9969a5d9-fcab-46ad-a887-333766046ab2@group-323824B0AB55: changes role from      null to FOLLOWER at term 0 for startAsFollower
2019-11-14 22:53:34,646 [pool-571-thread-1] INFO  impl.RoleInfo (RoleInfo.java:updateAndGet(143)) - 9969a5d9-fcab-46ad-a887-333766046ab2: start FollowerState
2019-11-14 22:53:34,647 [pool-571-thread-1] INFO  util.JmxRegister (JmxRegister.java:tryRegister(44)) - Successfully registered JMX Bean with object name Ratis:service=RaftServer,group=group-323824B0AB55,id=9969a5d9-fcab-46ad-a887-333766046ab2
2019-11-14 22:53:34,647 [pool-571-thread-1] WARN  impl.MetricRegistriesImpl (MetricRegistriesImpl.java:lambda$create$1(61)) - First MetricRegistry has been created without registering reporters. You may need to call MetricRegistries.global().addReportRegistration(...) before.
2019-11-14 22:53:34,648 [RatisPipelineUtilsThread] INFO  pipeline.PipelineStateManager (PipelineStateManager.java:addPipeline(55)) - Created pipeline Pipeline[ Id: d9db7ee3-8d35-423f-a530-323824b0ab55, Nodes: 9969a5d9-fcab-46ad-a887-333766046ab2{ip: 192.168.164.210, host: pr-hdds-2448-del-container-qmj8s-3203767274, networkLocation: /rack1, certSerialId: null}, Type:RATIS, Factor:ONE, State:ALLOCATED]
2019-11-14 22:53:34,656 [grpc-default-executor-1] INFO  impl.RaftServerProxy (RaftServerProxy.java:addNew(89)) - 9969a5d9-fcab-46ad-a887-333766046ab2: addNew group-EF7A66731833:[1557401b-269c-4760-ad9d-3babb3e549ee:192.168.164.210:38449, 9969a5d9-fcab-46ad-a887-333766046ab2:192.168.164.210:41238, 377585f1-7b09-4361-841d-f3e5d0778973:192.168.164.210:33333] returns group-EF7A66731833:java.util.concurrent.CompletableFuture@240702fb[Not completed]
2019-11-14 22:53:34,656 [grpc-default-executor-6] INFO  impl.RaftServerProxy (RaftServerProxy.java:addNew(89)) - 377585f1-7b09-4361-841d-f3e5d0778973: addNew group-EF7A66731833:[1557401b-269c-4760-ad9d-3babb3e549ee:192.168.164.210:38449, 9969a5d9-fcab-46ad-a887-333766046ab2:192.168.164.210:41238, 377585f1-7b09-4361-841d-f3e5d0778973:192.168.164.210:33333] returns group-EF7A66731833:java.util.concurrent.CompletableFuture@688a0736[Not completed]
2019-11-14 22:53:34,656 [grpc-default-executor-4] INFO  impl.RaftServerProxy (RaftServerProxy.java:addNew(89)) - 1557401b-269c-4760-ad9d-3babb3e549ee: addNew group-EF7A66731833:[1557401b-269c-4760-ad9d-3babb3e549ee:192.168.164.210:38449, 9969a5d9-fcab-46ad-a887-333766046ab2:192.168.164.210:41238, 377585f1-7b09-4361-841d-f3e5d0778973:192.168.164.210:33333] returns group-EF7A66731833:java.util.concurrent.CompletableFuture@769e9b73[Not completed]
2019-11-14 22:53:34,657 [pool-571-thread-1] INFO  impl.RaftServerImpl (RaftServerImpl.java:<init>(98)) - 9969a5d9-fcab-46ad-a887-333766046ab2: new RaftServerImpl for group-EF7A66731833:[1557401b-269c-4760-ad9d-3babb3e549ee:192.168.164.210:38449, 9969a5d9-fcab-46ad-a887-333766046ab2:192.168.164.210:41238, 377585f1-7b09-4361-841d-f3e5d0778973:192.168.164.210:33333] with ContainerStateMachine:uninitialized
2019-11-14 22:53:34,657 [pool-571-thread-1] INFO  server.RaftServerConfigKeys (ConfUtils.java:logGet(43)) - raft.server.rpc.timeout.min = 1s (custom)
2019-11-14 22:53:34,657 [pool-571-thread-1] INFO  server.RaftServerConfigKeys (ConfUtils.java:logGet(43)) - raft.server.rpc.timeout.max = 1200ms (custom)
2019-11-14 22:53:34,658 [pool-571-thread-1] INFO  server.RaftServerConfigKeys (ConfUtils.java:logGet(43)) - raft.server.rpcslowness.timeout = 120s (custom)
2019-11-14 22:53:34,658 [pool-571-thread-1] INFO  server.RaftServerConfigKeys (ConfUtils.java:logGet(43)) - raft.server.sleep.deviation.threshold = 300 (default)
2019-11-14 22:53:34,658 [pool-571-thread-1] INFO  server.RaftServerConfigKeys (ConfUtils.java:logGet(43)) - raft.server.log.appender.install.snapshot.enabled = false (custom)
2019-11-14 22:53:34,658 [pool-571-thread-1] INFO  impl.RaftServerImpl (ServerState.java:<init>(103)) - 9969a5d9-fcab-46ad-a887-333766046ab2@group-EF7A66731833: ConfigurationManager, init=-1: [1557401b-269c-4760-ad9d-3babb3e549ee:192.168.164.210:38449, 9969a5d9-fcab-46ad-a887-333766046ab2:192.168.164.210:41238, 377585f1-7b09-4361-841d-f3e5d0778973:192.168.164.210:33333], old=null, confs=<EMPTY_MAP>
2019-11-14 22:53:34,658 [pool-571-thread-1] INFO  server.RaftServerConfigKeys (ConfUtils.java:logGet(43)) - raft.server.storage.dir = [/workdir/hadoop-ozone/integration-test/target/test-dir/MiniOzoneClusterImpl-c304fa79-6e7f-43ac-8564-360665bd8c65/datanode-2/data/ratis] (custom)
2019-11-14 22:53:34,658 [pool-549-thread-1] INFO  impl.RaftServerImpl (RaftServerImpl.java:<init>(98)) - 1557401b-269c-4760-ad9d-3babb3e549ee: new RaftServerImpl for group-EF7A66731833:[1557401b-269c-4760-ad9d-3babb3e549ee:192.168.164.210:38449, 9969a5d9-fcab-46ad-a887-333766046ab2:192.168.164.210:41238, 377585f1-7b09-4361-841d-f3e5d0778973:192.168.164.210:33333] with ContainerStateMachine:uninitialized
2019-11-14 22:53:34,658 [pool-571-thread-1] INFO  server.RaftServerConfigKeys (ConfUtils.java:logGet(43)) - raft.server.log.corruption.policy = EXCEPTION (default)
2019-11-14 22:53:34,658 [pool-549-thread-1] INFO  server.RaftServerConfigKeys (ConfUtils.java:logGet(43)) - raft.server.rpc.timeout.min = 1s (custom)
2019-11-14 22:53:34,658 [pool-571-thread-1] INFO  storage.RaftStorageDirectory (RaftStorageDirectory.java:analyzeStorage(246)) - The storage directory /workdir/hadoop-ozone/integration-test/target/test-dir/MiniOzoneClusterImpl-c304fa79-6e7f-43ac-8564-360665bd8c65/datanode-2/data/ratis/0937e5e0-133f-4c39-af56-ef7a66731833 does not exist. Creating ...
2019-11-14 22:53:34,658 [pool-560-thread-1] INFO  impl.RaftServerImpl (RaftServerImpl.java:<init>(98)) - 377585f1-7b09-4361-841d-f3e5d0778973: new RaftServerImpl for group-EF7A66731833:[1557401b-269c-4760-ad9d-3babb3e549ee:192.168.164.210:38449, 9969a5d9-fcab-46ad-a887-333766046ab2:192.168.164.210:41238, 377585f1-7b09-4361-841d-f3e5d0778973:192.168.164.210:33333] with ContainerStateMachine:uninitialized
2019-11-14 22:53:34,658 [pool-549-thread-1] INFO  server.RaftServerConfigKeys (ConfUtils.java:logGet(43)) - raft.server.rpc.timeout.max = 1200ms (custom)
2019-11-14 22:53:34,659 [pool-549-thread-1] INFO  server.RaftServerConfigKeys (ConfUtils.java:logGet(43)) - raft.server.rpcslowness.timeout = 120s (custom)
2019-11-14 22:53:34,659 [pool-560-thread-1] INFO  server.RaftServerConfigKeys (ConfUtils.java:logGet(43)) - raft.server.rpc.timeout.min = 1s (custom)
2019-11-14 22:53:34,659 [pool-549-thread-1] INFO  server.RaftServerConfigKeys (ConfUtils.java:logGet(43)) - raft.server.sleep.deviation.threshold = 300 (default)
2019-11-14 22:53:34,659 [pool-560-thread-1] INFO  server.RaftServerConfigKeys (ConfUtils.java:logGet(43)) - raft.server.rpc.timeout.max = 1200ms (custom)
2019-11-14 22:53:34,659 [pool-549-thread-1] INFO  server.RaftServerConfigKeys (ConfUtils.java:logGet(43)) - raft.server.log.appender.install.snapshot.enabled = false (custom)
2019-11-14 22:53:34,659 [pool-560-thread-1] INFO  server.RaftServerConfigKeys (ConfUtils.java:logGet(43)) - raft.server.rpcslowness.timeout = 120s (custom)
2019-11-14 22:53:34,659 [pool-549-thread-1] INFO  impl.RaftServerImpl (ServerState.java:<init>(103)) - 1557401b-269c-4760-ad9d-3babb3e549ee@group-EF7A66731833: ConfigurationManager, init=-1: [1557401b-269c-4760-ad9d-3babb3e549ee:192.168.164.210:38449, 9969a5d9-fcab-46ad-a887-333766046ab2:192.168.164.210:41238, 377585f1-7b09-4361-841d-f3e5d0778973:192.168.164.210:33333], old=null, confs=<EMPTY_MAP>
2019-11-14 22:53:34,659 [pool-560-thread-1] INFO  server.RaftServerConfigKeys (ConfUtils.java:logGet(43)) - raft.server.sleep.deviation.threshold = 300 (default)
2019-11-14 22:53:34,659 [pool-549-thread-1] INFO  server.RaftServerConfigKeys (ConfUtils.java:logGet(43)) - raft.server.storage.dir = [/workdir/hadoop-ozone/integration-test/target/test-dir/MiniOzoneClusterImpl-c304fa79-6e7f-43ac-8564-360665bd8c65/datanode-0/data/ratis] (custom)
2019-11-14 22:53:34,659 [pool-560-thread-1] INFO  server.RaftServerConfigKeys (ConfUtils.java:logGet(43)) - raft.server.log.appender.install.snapshot.enabled = false (custom)
2019-11-14 22:53:34,660 [pool-560-thread-1] INFO  impl.RaftServerImpl (ServerState.java:<init>(103)) - 377585f1-7b09-4361-841d-f3e5d0778973@group-EF7A66731833: ConfigurationManager, init=-1: [1557401b-269c-4760-ad9d-3babb3e549ee:192.168.164.210:38449, 9969a5d9-fcab-46ad-a887-333766046ab2:192.168.164.210:41238, 377585f1-7b09-4361-841d-f3e5d0778973:192.168.164.210:33333], old=null, confs=<EMPTY_MAP>
2019-11-14 22:53:34,660 [pool-549-thread-1] INFO  server.RaftServerConfigKeys (ConfUtils.java:logGet(43)) - raft.server.log.corruption.policy = EXCEPTION (default)
2019-11-14 22:53:34,660 [pool-560-thread-1] INFO  server.RaftServerConfigKeys (ConfUtils.java:logGet(43)) - raft.server.storage.dir = [/workdir/hadoop-ozone/integration-test/target/test-dir/MiniOzoneClusterImpl-c304fa79-6e7f-43ac-8564-360665bd8c65/datanode-1/data/ratis] (custom)
2019-11-14 22:53:34,660 [pool-549-thread-1] INFO  storage.RaftStorageDirectory (RaftStorageDirectory.java:analyzeStorage(246)) - The storage directory /workdir/hadoop-ozone/integration-test/target/test-dir/MiniOzoneClusterImpl-c304fa79-6e7f-43ac-8564-360665bd8c65/datanode-0/data/ratis/0937e5e0-133f-4c39-af56-ef7a66731833 does not exist. Creating ...
2019-11-14 22:53:34,660 [pool-560-thread-1] INFO  server.RaftServerConfigKeys (ConfUtils.java:logGet(43)) - raft.server.log.corruption.policy = EXCEPTION (default)
2019-11-14 22:53:34,660 [pool-560-thread-1] INFO  storage.RaftStorageDirectory (RaftStorageDirectory.java:analyzeStorage(246)) - The storage directory /workdir/hadoop-ozone/integration-test/target/test-dir/MiniOzoneClusterImpl-c304fa79-6e7f-43ac-8564-360665bd8c65/datanode-1/data/ratis/0937e5e0-133f-4c39-af56-ef7a66731833 does not exist. Creating ...
2019-11-14 22:53:34,672 [pool-571-thread-1] INFO  storage.RaftStorageDirectory (RaftStorageDirectory.java:tryLock(328)) - Lock on /workdir/hadoop-ozone/integration-test/target/test-dir/MiniOzoneClusterImpl-c304fa79-6e7f-43ac-8564-360665bd8c65/datanode-2/data/ratis/0937e5e0-133f-4c39-af56-ef7a66731833/in_use.lock acquired by nodename 20539@pr-hdds-2448-del-container-qmj8s-3203767274
2019-11-14 22:53:34,672 [pool-560-thread-1] INFO  storage.RaftStorageDirectory (RaftStorageDirectory.java:tryLock(328)) - Lock on /workdir/hadoop-ozone/integration-test/target/test-dir/MiniOzoneClusterImpl-c304fa79-6e7f-43ac-8564-360665bd8c65/datanode-1/data/ratis/0937e5e0-133f-4c39-af56-ef7a66731833/in_use.lock acquired by nodename 20539@pr-hdds-2448-del-container-qmj8s-3203767274
2019-11-14 22:53:34,672 [pool-549-thread-1] INFO  storage.RaftStorageDirectory (RaftStorageDirectory.java:tryLock(328)) - Lock on /workdir/hadoop-ozone/integration-test/target/test-dir/MiniOzoneClusterImpl-c304fa79-6e7f-43ac-8564-360665bd8c65/datanode-0/data/ratis/0937e5e0-133f-4c39-af56-ef7a66731833/in_use.lock acquired by nodename 20539@pr-hdds-2448-del-container-qmj8s-3203767274
2019-11-14 22:53:34,686 [pool-560-thread-1] INFO  storage.RaftStorage (RaftStorage.java:format(84)) - Storage directory /workdir/hadoop-ozone/integration-test/target/test-dir/MiniOzoneClusterImpl-c304fa79-6e7f-43ac-8564-360665bd8c65/datanode-1/data/ratis/0937e5e0-133f-4c39-af56-ef7a66731833 has been successfully formatted.
2019-11-14 22:53:34,686 [pool-549-thread-1] INFO  storage.RaftStorage (RaftStorage.java:format(84)) - Storage directory /workdir/hadoop-ozone/integration-test/target/test-dir/MiniOzoneClusterImpl-c304fa79-6e7f-43ac-8564-360665bd8c65/datanode-0/data/ratis/0937e5e0-133f-4c39-af56-ef7a66731833 has been successfully formatted.
2019-11-14 22:53:34,686 [pool-571-thread-1] INFO  storage.RaftStorage (RaftStorage.java:format(84)) - Storage directory /workdir/hadoop-ozone/integration-test/target/test-dir/MiniOzoneClusterImpl-c304fa79-6e7f-43ac-8564-360665bd8c65/datanode-2/data/ratis/0937e5e0-133f-4c39-af56-ef7a66731833 has been successfully formatted.
2019-11-14 22:53:34,686 [pool-560-thread-1] INFO  ratis.ContainerStateMachine (ContainerStateMachine.java:loadSnapshot(223)) - group-EF7A66731833: The snapshot info is null. Setting the last applied indexto:(t:0, i:~)
2019-11-14 22:53:34,686 [pool-571-thread-1] INFO  ratis.ContainerStateMachine (ContainerStateMachine.java:loadSnapshot(223)) - group-EF7A66731833: The snapshot info is null. Setting the last applied indexto:(t:0, i:~)
2019-11-14 22:53:34,686 [pool-549-thread-1] INFO  ratis.ContainerStateMachine (ContainerStateMachine.java:loadSnapshot(223)) - group-EF7A66731833: The snapshot info is null. Setting the last applied indexto:(t:0, i:~)
2019-11-14 22:53:34,686 [pool-571-thread-1] INFO  server.RaftServerConfigKeys (ConfUtils.java:logGet(43)) - raft.server.notification.no-leader.timeout = 120s (custom)
2019-11-14 22:53:34,686 [pool-560-thread-1] INFO  server.RaftServerConfigKeys (ConfUtils.java:logGet(43)) - raft.server.notification.no-leader.timeout = 120s (custom)
2019-11-14 22:53:34,687 [pool-571-thread-1] INFO  server.RaftServerConfigKeys (ConfUtils.java:logGet(43)) - raft.server.log.use.memory = false (default)
2019-11-14 22:53:34,687 [pool-549-thread-1] INFO  server.RaftServerConfigKeys (ConfUtils.java:logGet(43)) - raft.server.notification.no-leader.timeout = 120s (custom)
2019-11-14 22:53:34,687 [pool-571-thread-1] INFO  server.RaftServerConfigKeys (ConfUtils.java:logGet(43)) - raft.server.log.purge.gap = 1000000 (custom)
2019-11-14 22:53:34,687 [pool-560-thread-1] INFO  server.RaftServerConfigKeys (ConfUtils.java:logGet(43)) - raft.server.log.use.memory = false (default)
2019-11-14 22:53:34,687 [pool-571-thread-1] INFO  server.RaftServerConfigKeys (ConfUtils.java:logGet(43)) - raft.server.log.appender.buffer.byte-limit = 33554432 (custom)
2019-11-14 22:53:34,687 [pool-549-thread-1] INFO  server.RaftServerConfigKeys (ConfUtils.java:logGet(43)) - raft.server.log.use.memory = false (default)
2019-11-14 22:53:34,687 [pool-571-thread-1] INFO  server.RaftServerConfigKeys (ConfUtils.java:logGet(43)) - raft.server.log.segment.size.max = 1048576 (custom)
2019-11-14 22:53:34,687 [pool-560-thread-1] INFO  server.RaftServerConfigKeys (ConfUtils.java:logGet(43)) - raft.server.log.purge.gap = 1000000 (custom)
2019-11-14 22:53:34,687 [pool-571-thread-1] INFO  server.RaftServerConfigKeys (ConfUtils.java:logGet(43)) - raft.server.log.segment.cache.num.max = 2 (custom)
2019-11-14 22:53:34,688 [pool-571-thread-1] INFO  segmented.SegmentedRaftLogWorker (SegmentedRaftLogWorker.java:<init>(173)) - new 9969a5d9-fcab-46ad-a887-333766046ab2@group-EF7A66731833-SegmentedRaftLogWorker for RaftStorage:Storage Directory /workdir/hadoop-ozone/integration-test/target/test-dir/MiniOzoneClusterImpl-c304fa79-6e7f-43ac-8564-360665bd8c65/datanode-2/data/ratis/0937e5e0-133f-4c39-af56-ef7a66731833
2019-11-14 22:53:34,687 [pool-549-thread-1] INFO  server.RaftServerConfigKeys (ConfUtils.java:logGet(43)) - raft.server.log.purge.gap = 1000000 (custom)
2019-11-14 22:53:34,688 [pool-571-thread-1] INFO  server.RaftServerConfigKeys (ConfUtils.java:logGet(43)) - raft.server.log.queue.byte-limit = 2147483647 (custom)
2019-11-14 22:53:34,688 [pool-571-thread-1] INFO  server.RaftServerConfigKeys (ConfUtils.java:logGet(43)) - raft.server.log.queue.element-limit = 1024 (custom)
2019-11-14 22:53:34,688 [pool-571-thread-1] INFO  server.RaftServerConfigKeys (ConfUtils.java:logGet(43)) - raft.server.log.segment.size.max = 1048576 (custom)
2019-11-14 22:53:34,688 [pool-571-thread-1] INFO  server.RaftServerConfigKeys (ConfUtils.java:logGet(43)) - raft.server.log.preallocated.size = 16384 (custom)
2019-11-14 22:53:34,688 [pool-560-thread-1] INFO  server.RaftServerConfigKeys (ConfUtils.java:logGet(43)) - raft.server.log.appender.buffer.byte-limit = 33554432 (custom)
2019-11-14 22:53:34,688 [pool-571-thread-1] INFO  server.RaftServerConfigKeys (ConfUtils.java:logGet(43)) - raft.server.log.write.buffer.size = 33554432 (custom)
2019-11-14 22:53:34,688 [pool-571-thread-1] INFO  server.RaftServerConfigKeys (ConfUtils.java:logGet(43)) - raft.server.log.force.sync.num = 128 (default)
2019-11-14 22:53:34,688 [pool-549-thread-1] INFO  server.RaftServerConfigKeys (ConfUtils.java:logGet(43)) - raft.server.log.appender.buffer.byte-limit = 33554432 (custom)
2019-11-14 22:53:34,689 [pool-571-thread-1] INFO  server.RaftServerConfigKeys (ConfUtils.java:logGet(43)) - raft.server.log.statemachine.data.sync = true (default)
2019-11-14 22:53:34,688 [pool-560-thread-1] INFO  server.RaftServerConfigKeys (ConfUtils.java:logGet(43)) - raft.server.log.segment.size.max = 1048576 (custom)
2019-11-14 22:53:34,689 [pool-571-thread-1] INFO  server.RaftServerConfigKeys (ConfUtils.java:logGet(43)) - raft.server.log.statemachine.data.sync.timeout = 10s (default)
2019-11-14 22:53:34,689 [pool-549-thread-1] INFO  server.RaftServerConfigKeys (ConfUtils.java:logGet(43)) - raft.server.log.segment.size.max = 1048576 (custom)
2019-11-14 22:53:34,689 [pool-571-thread-1] INFO  server.RaftServerConfigKeys (ConfUtils.java:logGet(43)) - raft.server.log.statemachine.data.sync.timeout.retry = -1 (default)
2019-11-14 22:53:34,689 [pool-560-thread-1] INFO  server.RaftServerConfigKeys (ConfUtils.java:logGet(43)) - raft.server.log.segment.cache.num.max = 2 (custom)
2019-11-14 22:53:34,689 [pool-571-thread-1] INFO  server.RaftServerConfigKeys (ConfUtils.java:logGet(43)) - raft.server.log.statemachine.data.caching.enabled = true (custom)
2019-11-14 22:53:34,689 [pool-549-thread-1] INFO  server.RaftServerConfigKeys (ConfUtils.java:logGet(43)) - raft.server.log.segment.cache.num.max = 2 (custom)
2019-11-14 22:53:34,690 [pool-571-thread-1] INFO  segmented.SegmentedRaftLogWorker (SegmentedRaftLogWorker.java:lambda$new$0(128)) - 9969a5d9-fcab-46ad-a887-333766046ab2@group-EF7A66731833-SegmentedRaftLogWorker: flushIndex: setUnconditionally 0 -> -1
2019-11-14 22:53:34,689 [pool-560-thread-1] INFO  segmented.SegmentedRaftLogWorker (SegmentedRaftLogWorker.java:<init>(173)) - new 377585f1-7b09-4361-841d-f3e5d0778973@group-EF7A66731833-SegmentedRaftLogWorker for RaftStorage:Storage Directory /workdir/hadoop-ozone/integration-test/target/test-dir/MiniOzoneClusterImpl-c304fa79-6e7f-43ac-8564-360665bd8c65/datanode-1/data/ratis/0937e5e0-133f-4c39-af56-ef7a66731833
2019-11-14 22:53:34,690 [pool-549-thread-1] INFO  segmented.SegmentedRaftLogWorker (SegmentedRaftLogWorker.java:<init>(173)) - new 1557401b-269c-4760-ad9d-3babb3e549ee@group-EF7A66731833-SegmentedRaftLogWorker for RaftStorage:Storage Directory /workdir/hadoop-ozone/integration-test/target/test-dir/MiniOzoneClusterImpl-c304fa79-6e7f-43ac-8564-360665bd8c65/datanode-0/data/ratis/0937e5e0-133f-4c39-af56-ef7a66731833
2019-11-14 22:53:34,690 [pool-571-thread-1] INFO  server.RaftServerConfigKeys (ConfUtils.java:logGet(43)) - raft.server.snapshot.auto.trigger.enabled = true (custom)
2019-11-14 22:53:34,690 [pool-560-thread-1] INFO  server.RaftServerConfigKeys (ConfUtils.java:logGet(43)) - raft.server.log.queue.byte-limit = 2147483647 (custom)
2019-11-14 22:53:34,690 [pool-571-thread-1] INFO  server.RaftServerConfigKeys (ConfUtils.java:logGet(43)) - raft.server.snapshot.auto.trigger.threshold = 10000 (custom)
2019-11-14 22:53:34,690 [pool-549-thread-1] INFO  server.RaftServerConfigKeys (ConfUtils.java:logGet(43)) - raft.server.log.queue.byte-limit = 2147483647 (custom)
2019-11-14 22:53:34,690 [pool-571-thread-1] INFO  server.RaftServerConfigKeys (ConfUtils.java:logGet(43)) - raft.server.snapshot.retention.file.num = 5 (custom)
2019-11-14 22:53:34,690 [pool-560-thread-1] INFO  server.RaftServerConfigKeys (ConfUtils.java:logGet(43)) - raft.server.log.queue.element-limit = 1024 (custom)
2019-11-14 22:53:34,691 [pool-571-thread-1] INFO  server.RaftServerConfigKeys (ConfUtils.java:logGet(43)) - raft.server.retrycache.expirytime = 600000ms (custom)
2019-11-14 22:53:34,691 [pool-549-thread-1] INFO  server.RaftServerConfigKeys (ConfUtils.java:logGet(43)) - raft.server.log.queue.element-limit = 1024 (custom)
2019-11-14 22:53:34,691 [pool-571-thread-1] WARN  impl.MetricRegistriesImpl (MetricRegistriesImpl.java:lambda$create$1(61)) - First MetricRegistry has been created without registering reporters. You may need to call MetricRegistries.global().addReportRegistration(...) before.
2019-11-14 22:53:34,691 [pool-560-thread-1] INFO  server.RaftServerConfigKeys (ConfUtils.java:logGet(43)) - raft.server.log.segment.size.max = 1048576 (custom)
2019-11-14 22:53:34,691 [pool-571-thread-1] WARN  impl.MetricRegistriesImpl (MetricRegistriesImpl.java:lambda$create$1(61)) - First MetricRegistry has been created without registering reporters. You may need to call MetricRegistries.global().addReportRegistration(...) before.
2019-11-14 22:53:34,691 [pool-549-thread-1] INFO  server.RaftServerConfigKeys (ConfUtils.java:logGet(43)) - raft.server.log.segment.size.max = 1048576 (custom)
2019-11-14 22:53:34,692 [pool-571-thread-1] INFO  impl.RaftServerImpl (RaftServerImpl.java:start(184)) - 9969a5d9-fcab-46ad-a887-333766046ab2@group-EF7A66731833: start as a follower, conf=-1: [1557401b-269c-4760-ad9d-3babb3e549ee:192.168.164.210:38449, 9969a5d9-fcab-46ad-a887-333766046ab2:192.168.164.210:41238, 377585f1-7b09-4361-841d-f3e5d0778973:192.168.164.210:33333], old=null
2019-11-14 22:53:34,691 [pool-560-thread-1] INFO  server.RaftServerConfigKeys (ConfUtils.java:logGet(43)) - raft.server.log.preallocated.size = 16384 (custom)
2019-11-14 22:53:34,692 [pool-571-thread-1] INFO  impl.RaftServerImpl (RaftServerImpl.java:setRole(173)) - 9969a5d9-fcab-46ad-a887-333766046ab2@group-EF7A66731833: changes role from      null to FOLLOWER at term 0 for startAsFollower
2019-11-14 22:53:34,692 [pool-549-thread-1] INFO  server.RaftServerConfigKeys (ConfUtils.java:logGet(43)) - raft.server.log.preallocated.size = 16384 (custom)
2019-11-14 22:53:34,692 [pool-571-thread-1] INFO  impl.RoleInfo (RoleInfo.java:updateAndGet(143)) - 9969a5d9-fcab-46ad-a887-333766046ab2: start FollowerState
2019-11-14 22:53:34,692 [pool-560-thread-1] INFO  server.RaftServerConfigKeys (ConfUtils.java:logGet(43)) - raft.server.log.write.buffer.size = 33554432 (custom)
2019-11-14 22:53:34,692 [pool-549-thread-1] INFO  server.RaftServerConfigKeys (ConfUtils.java:logGet(43)) - raft.server.log.write.buffer.size = 33554432 (custom)
2019-11-14 22:53:34,692 [pool-560-thread-1] INFO  server.RaftServerConfigKeys (ConfUtils.java:logGet(43)) - raft.server.log.force.sync.num = 128 (default)
2019-11-14 22:53:34,692 [pool-549-thread-1] INFO  server.RaftServerConfigKeys (ConfUtils.java:logGet(43)) - raft.server.log.force.sync.num = 128 (default)
2019-11-14 22:53:34,693 [pool-571-thread-1] INFO  util.JmxRegister (JmxRegister.java:tryRegister(44)) - Successfully registered JMX Bean with object name Ratis:service=RaftServer,group=group-EF7A66731833,id=9969a5d9-fcab-46ad-a887-333766046ab2
2019-11-14 22:53:34,692 [pool-560-thread-1] INFO  server.RaftServerConfigKeys (ConfUtils.java:logGet(43)) - raft.server.log.statemachine.data.sync = true (default)
2019-11-14 22:53:34,693 [pool-571-thread-1] WARN  impl.MetricRegistriesImpl (MetricRegistriesImpl.java:lambda$create$1(61)) - First MetricRegistry has been created without registering reporters. You may need to call MetricRegistries.global().addReportRegistration(...) before.
2019-11-14 22:53:34,693 [pool-549-thread-1] INFO  server.RaftServerConfigKeys (ConfUtils.java:logGet(43)) - raft.server.log.statemachine.data.sync = true (default)
2019-11-14 22:53:34,693 [pool-549-thread-1] INFO  server.RaftServerConfigKeys (ConfUtils.java:logGet(43)) - raft.server.log.statemachine.data.sync.timeout = 10s (default)
2019-11-14 22:53:34,693 [pool-560-thread-1] INFO  server.RaftServerConfigKeys (ConfUtils.java:logGet(43)) - raft.server.log.statemachine.data.sync.timeout = 10s (default)
2019-11-14 22:53:34,693 [pool-549-thread-1] INFO  server.RaftServerConfigKeys (ConfUtils.java:logGet(43)) - raft.server.log.statemachine.data.sync.timeout.retry = -1 (default)
2019-11-14 22:53:34,693 [pool-560-thread-1] INFO  server.RaftServerConfigKeys (ConfUtils.java:logGet(43)) - raft.server.log.statemachine.data.sync.timeout.retry = -1 (default)
2019-11-14 22:53:34,693 [pool-549-thread-1] INFO  server.RaftServerConfigKeys (ConfUtils.java:logGet(43)) - raft.server.log.statemachine.data.caching.enabled = true (custom)
2019-11-14 22:53:34,693 [pool-560-thread-1] INFO  server.RaftServerConfigKeys (ConfUtils.java:logGet(43)) - raft.server.log.statemachine.data.caching.enabled = true (custom)
2019-11-14 22:53:34,694 [pool-549-thread-1] INFO  segmented.SegmentedRaftLogWorker (SegmentedRaftLogWorker.java:lambda$new$0(128)) - 1557401b-269c-4760-ad9d-3babb3e549ee@group-EF7A66731833-SegmentedRaftLogWorker: flushIndex: setUnconditionally 0 -> -1
2019-11-14 22:53:34,694 [pool-560-thread-1] INFO  segmented.SegmentedRaftLogWorker (SegmentedRaftLogWorker.java:lambda$new$0(128)) - 377585f1-7b09-4361-841d-f3e5d0778973@group-EF7A66731833-SegmentedRaftLogWorker: flushIndex: setUnconditionally 0 -> -1
2019-11-14 22:53:34,694 [pool-549-thread-1] INFO  server.RaftServerConfigKeys (ConfUtils.java:logGet(43)) - raft.server.snapshot.auto.trigger.enabled = true (custom)
2019-11-14 22:53:34,694 [pool-549-thread-1] INFO  server.RaftServerConfigKeys (ConfUtils.java:logGet(43)) - raft.server.snapshot.auto.trigger.threshold = 10000 (custom)
2019-11-14 22:53:34,694 [pool-560-thread-1] INFO  server.RaftServerConfigKeys (ConfUtils.java:logGet(43)) - raft.server.snapshot.auto.trigger.enabled = true (custom)
2019-11-14 22:53:34,694 [pool-549-thread-1] INFO  server.RaftServerConfigKeys (ConfUtils.java:logGet(43)) - raft.server.snapshot.retention.file.num = 5 (custom)
2019-11-14 22:53:34,694 [pool-560-thread-1] INFO  server.RaftServerConfigKeys (ConfUtils.java:logGet(43)) - raft.server.snapshot.auto.trigger.threshold = 10000 (custom)
2019-11-14 22:53:34,694 [pool-549-thread-1] INFO  server.RaftServerConfigKeys (ConfUtils.java:logGet(43)) - raft.server.retrycache.expirytime = 600000ms (custom)
2019-11-14 22:53:34,694 [pool-560-thread-1] INFO  server.RaftServerConfigKeys (ConfUtils.java:logGet(43)) - raft.server.snapshot.retention.file.num = 5 (custom)
2019-11-14 22:53:34,695 [pool-549-thread-1] WARN  impl.MetricRegistriesImpl (MetricRegistriesImpl.java:lambda$create$1(61)) - First MetricRegistry has been created without registering reporters. You may need to call MetricRegistries.global().addReportRegistration(...) before.
2019-11-14 22:53:34,695 [pool-560-thread-1] INFO  server.RaftServerConfigKeys (ConfUtils.java:logGet(43)) - raft.server.retrycache.expirytime = 600000ms (custom)
2019-11-14 22:53:34,695 [pool-549-thread-1] WARN  impl.MetricRegistriesImpl (MetricRegistriesImpl.java:lambda$create$1(61)) - First MetricRegistry has been created without registering reporters. You may need to call MetricRegistries.global().addReportRegistration(...) before.
2019-11-14 22:53:34,695 [pool-560-thread-1] WARN  impl.MetricRegistriesImpl (MetricRegistriesImpl.java:lambda$create$1(61)) - First MetricRegistry has been created without registering reporters. You may need to call MetricRegistries.global().addReportRegistration(...) before.
2019-11-14 22:53:34,695 [pool-549-thread-1] INFO  impl.RaftServerImpl (RaftServerImpl.java:start(184)) - 1557401b-269c-4760-ad9d-3babb3e549ee@group-EF7A66731833: start as a follower, conf=-1: [1557401b-269c-4760-ad9d-3babb3e549ee:192.168.164.210:38449, 9969a5d9-fcab-46ad-a887-333766046ab2:192.168.164.210:41238, 377585f1-7b09-4361-841d-f3e5d0778973:192.168.164.210:33333], old=null
2019-11-14 22:53:34,695 [pool-560-thread-1] WARN  impl.MetricRegistriesImpl (MetricRegistriesImpl.java:lambda$create$1(61)) - First MetricRegistry has been created without registering reporters. You may need to call MetricRegistries.global().addReportRegistration(...) before.
2019-11-14 22:53:34,695 [pool-549-thread-1] INFO  impl.RaftServerImpl (RaftServerImpl.java:setRole(173)) - 1557401b-269c-4760-ad9d-3babb3e549ee@group-EF7A66731833: changes role from      null to FOLLOWER at term 0 for startAsFollower
2019-11-14 22:53:34,695 [pool-560-thread-1] INFO  impl.RaftServerImpl (RaftServerImpl.java:start(184)) - 377585f1-7b09-4361-841d-f3e5d0778973@group-EF7A66731833: start as a follower, conf=-1: [1557401b-269c-4760-ad9d-3babb3e549ee:192.168.164.210:38449, 9969a5d9-fcab-46ad-a887-333766046ab2:192.168.164.210:41238, 377585f1-7b09-4361-841d-f3e5d0778973:192.168.164.210:33333], old=null
2019-11-14 22:53:34,695 [pool-549-thread-1] INFO  impl.RoleInfo (RoleInfo.java:updateAndGet(143)) - 1557401b-269c-4760-ad9d-3babb3e549ee: start FollowerState
2019-11-14 22:53:34,695 [pool-560-thread-1] INFO  impl.RaftServerImpl (RaftServerImpl.java:setRole(173)) - 377585f1-7b09-4361-841d-f3e5d0778973@group-EF7A66731833: changes role from      null to FOLLOWER at term 0 for startAsFollower
2019-11-14 22:53:34,695 [pool-560-thread-1] INFO  impl.RoleInfo (RoleInfo.java:updateAndGet(143)) - 377585f1-7b09-4361-841d-f3e5d0778973: start FollowerState
2019-11-14 22:53:34,695 [pool-549-thread-1] INFO  util.JmxRegister (JmxRegister.java:tryRegister(44)) - Successfully registered JMX Bean with object name Ratis:service=RaftServer,group=group-EF7A66731833,id=1557401b-269c-4760-ad9d-3babb3e549ee
2019-11-14 22:53:34,696 [pool-549-thread-1] WARN  impl.MetricRegistriesImpl (MetricRegistriesImpl.java:lambda$create$1(61)) - First MetricRegistry has been created without registering reporters. You may need to call MetricRegistries.global().addReportRegistration(...) before.
2019-11-14 22:53:34,696 [pool-560-thread-1] INFO  util.JmxRegister (JmxRegister.java:tryRegister(44)) - Successfully registered JMX Bean with object name Ratis:service=RaftServer,group=group-EF7A66731833,id=377585f1-7b09-4361-841d-f3e5d0778973
2019-11-14 22:53:34,696 [pool-560-thread-1] WARN  impl.MetricRegistriesImpl (MetricRegistriesImpl.java:lambda$create$1(61)) - First MetricRegistry has been created without registering reporters. You may need to call MetricRegistries.global().addReportRegistration(...) before.
2019-11-14 22:53:34,698 [RatisPipelineUtilsThread] INFO  pipeline.PipelineStateManager (PipelineStateManager.java:addPipeline(55)) - Created pipeline Pipeline[ Id: 0937e5e0-133f-4c39-af56-ef7a66731833, Nodes: 377585f1-7b09-4361-841d-f3e5d0778973{ip: 192.168.164.210, host: pr-hdds-2448-del-container-qmj8s-3203767274, networkLocation: /rack1, certSerialId: null}9969a5d9-fcab-46ad-a887-333766046ab2{ip: 192.168.164.210, host: pr-hdds-2448-del-container-qmj8s-3203767274, networkLocation: /rack1, certSerialId: null}1557401b-269c-4760-ad9d-3babb3e549ee{ip: 192.168.164.210, host: pr-hdds-2448-del-container-qmj8s-3203767274, networkLocation: /rack1, certSerialId: null}, Type:RATIS, Factor:THREE, State:ALLOCATED]
2019-11-14 22:53:34,699 [IPC Server handler 5 on 33986] INFO  net.NetworkTopology (NetworkTopologyImpl.java:add(111)) - Added a new node: /rack1/2e7f8c24-c608-431c-b6d8-707cc816ba74
2019-11-14 22:53:34,699 [IPC Server handler 5 on 33986] INFO  node.SCMNodeManager (SCMNodeManager.java:register(267)) - Registered Data node : 2e7f8c24-c608-431c-b6d8-707cc816ba74{ip: 192.168.164.210, host: pr-hdds-2448-del-container-qmj8s-3203767274, networkLocation: /rack1, certSerialId: null}
2019-11-14 22:53:34,705 [grpc-default-executor-4] INFO  impl.RaftServerProxy (RaftServerProxy.java:addNew(89)) - 2e7f8c24-c608-431c-b6d8-707cc816ba74: addNew group-2A75C0A03975:[2e7f8c24-c608-431c-b6d8-707cc816ba74:192.168.164.210:38009] returns group-2A75C0A03975:java.util.concurrent.CompletableFuture@69cc57c7[Not completed]
2019-11-14 22:53:34,706 [pool-582-thread-1] INFO  impl.RaftServerImpl (RaftServerImpl.java:<init>(98)) - 2e7f8c24-c608-431c-b6d8-707cc816ba74: new RaftServerImpl for group-2A75C0A03975:[2e7f8c24-c608-431c-b6d8-707cc816ba74:192.168.164.210:38009] with ContainerStateMachine:uninitialized
2019-11-14 22:53:34,706 [pool-582-thread-1] INFO  server.RaftServerConfigKeys (ConfUtils.java:logGet(43)) - raft.server.rpc.timeout.min = 1s (custom)
2019-11-14 22:53:34,706 [pool-582-thread-1] INFO  server.RaftServerConfigKeys (ConfUtils.java:logGet(43)) - raft.server.rpc.timeout.max = 1200ms (custom)
2019-11-14 22:53:34,706 [pool-582-thread-1] INFO  server.RaftServerConfigKeys (ConfUtils.java:logGet(43)) - raft.server.rpcslowness.timeout = 120s (custom)
2019-11-14 22:53:34,706 [pool-582-thread-1] INFO  server.RaftServerConfigKeys (ConfUtils.java:logGet(43)) - raft.server.sleep.deviation.threshold = 300 (default)
2019-11-14 22:53:34,706 [pool-582-thread-1] INFO  server.RaftServerConfigKeys (ConfUtils.java:logGet(43)) - raft.server.log.appender.install.snapshot.enabled = false (custom)
2019-11-14 22:53:34,706 [pool-582-thread-1] INFO  impl.RaftServerImpl (ServerState.java:<init>(103)) - 2e7f8c24-c608-431c-b6d8-707cc816ba74@group-2A75C0A03975: ConfigurationManager, init=-1: [2e7f8c24-c608-431c-b6d8-707cc816ba74:192.168.164.210:38009], old=null, confs=<EMPTY_MAP>
2019-11-14 22:53:34,706 [pool-582-thread-1] INFO  server.RaftServerConfigKeys (ConfUtils.java:logGet(43)) - raft.server.storage.dir = [/workdir/hadoop-ozone/integration-test/target/test-dir/MiniOzoneClusterImpl-c304fa79-6e7f-43ac-8564-360665bd8c65/datanode-3/data/ratis] (custom)
2019-11-14 22:53:34,706 [pool-582-thread-1] INFO  server.RaftServerConfigKeys (ConfUtils.java:logGet(43)) - raft.server.log.corruption.policy = EXCEPTION (default)
2019-11-14 22:53:34,707 [pool-582-thread-1] INFO  storage.RaftStorageDirectory (RaftStorageDirectory.java:analyzeStorage(246)) - The storage directory /workdir/hadoop-ozone/integration-test/target/test-dir/MiniOzoneClusterImpl-c304fa79-6e7f-43ac-8564-360665bd8c65/datanode-3/data/ratis/c3b4d1d6-ec27-485e-b673-2a75c0a03975 does not exist. Creating ...
2019-11-14 22:53:34,720 [pool-582-thread-1] INFO  storage.RaftStorageDirectory (RaftStorageDirectory.java:tryLock(328)) - Lock on /workdir/hadoop-ozone/integration-test/target/test-dir/MiniOzoneClusterImpl-c304fa79-6e7f-43ac-8564-360665bd8c65/datanode-3/data/ratis/c3b4d1d6-ec27-485e-b673-2a75c0a03975/in_use.lock acquired by nodename 20539@pr-hdds-2448-del-container-qmj8s-3203767274
2019-11-14 22:53:34,733 [pool-582-thread-1] INFO  storage.RaftStorage (RaftStorage.java:format(84)) - Storage directory /workdir/hadoop-ozone/integration-test/target/test-dir/MiniOzoneClusterImpl-c304fa79-6e7f-43ac-8564-360665bd8c65/datanode-3/data/ratis/c3b4d1d6-ec27-485e-b673-2a75c0a03975 has been successfully formatted.
2019-11-14 22:53:34,733 [pool-582-thread-1] INFO  ratis.ContainerStateMachine (ContainerStateMachine.java:loadSnapshot(223)) - group-2A75C0A03975: The snapshot info is null. Setting the last applied indexto:(t:0, i:~)
2019-11-14 22:53:34,733 [pool-582-thread-1] INFO  server.RaftServerConfigKeys (ConfUtils.java:logGet(43)) - raft.server.notification.no-leader.timeout = 120s (custom)
2019-11-14 22:53:34,733 [pool-582-thread-1] INFO  server.RaftServerConfigKeys (ConfUtils.java:logGet(43)) - raft.server.log.use.memory = false (default)
2019-11-14 22:53:34,733 [pool-582-thread-1] INFO  server.RaftServerConfigKeys (ConfUtils.java:logGet(43)) - raft.server.log.purge.gap = 1000000 (custom)
2019-11-14 22:53:34,733 [pool-582-thread-1] INFO  server.RaftServerConfigKeys (ConfUtils.java:logGet(43)) - raft.server.log.appender.buffer.byte-limit = 33554432 (custom)
2019-11-14 22:53:34,733 [pool-582-thread-1] INFO  server.RaftServerConfigKeys (ConfUtils.java:logGet(43)) - raft.server.log.segment.size.max = 1048576 (custom)
2019-11-14 22:53:34,733 [pool-582-thread-1] WARN  impl.MetricRegistriesImpl (MetricRegistriesImpl.java:lambda$create$1(61)) - First MetricRegistry has been created without registering reporters. You may need to call MetricRegistries.global().addReportRegistration(...) before.
2019-11-14 22:53:34,733 [pool-582-thread-1] INFO  server.RaftServerConfigKeys (ConfUtils.java:logGet(43)) - raft.server.log.segment.cache.num.max = 2 (custom)
2019-11-14 22:53:34,734 [pool-582-thread-1] INFO  segmented.SegmentedRaftLogWorker (SegmentedRaftLogWorker.java:<init>(173)) - new 2e7f8c24-c608-431c-b6d8-707cc816ba74@group-2A75C0A03975-SegmentedRaftLogWorker for RaftStorage:Storage Directory /workdir/hadoop-ozone/integration-test/target/test-dir/MiniOzoneClusterImpl-c304fa79-6e7f-43ac-8564-360665bd8c65/datanode-3/data/ratis/c3b4d1d6-ec27-485e-b673-2a75c0a03975
2019-11-14 22:53:34,734 [pool-582-thread-1] INFO  server.RaftServerConfigKeys (ConfUtils.java:logGet(43)) - raft.server.log.queue.byte-limit = 2147483647 (custom)
2019-11-14 22:53:34,734 [pool-582-thread-1] INFO  server.RaftServerConfigKeys (ConfUtils.java:logGet(43)) - raft.server.log.queue.element-limit = 1024 (custom)
2019-11-14 22:53:34,734 [pool-582-thread-1] INFO  server.RaftServerConfigKeys (ConfUtils.java:logGet(43)) - raft.server.log.segment.size.max = 1048576 (custom)
2019-11-14 22:53:34,734 [pool-582-thread-1] INFO  server.RaftServerConfigKeys (ConfUtils.java:logGet(43)) - raft.server.log.preallocated.size = 16384 (custom)
2019-11-14 22:53:34,734 [pool-582-thread-1] INFO  server.RaftServerConfigKeys (ConfUtils.java:logGet(43)) - raft.server.log.write.buffer.size = 33554432 (custom)
2019-11-14 22:53:34,734 [pool-582-thread-1] INFO  server.RaftServerConfigKeys (ConfUtils.java:logGet(43)) - raft.server.log.force.sync.num = 128 (default)
2019-11-14 22:53:34,734 [pool-582-thread-1] INFO  server.RaftServerConfigKeys (ConfUtils.java:logGet(43)) - raft.server.log.statemachine.data.sync = true (default)
2019-11-14 22:53:34,734 [pool-582-thread-1] INFO  server.RaftServerConfigKeys (ConfUtils.java:logGet(43)) - raft.server.log.statemachine.data.sync.timeout = 10s (default)
2019-11-14 22:53:34,734 [pool-582-thread-1] INFO  server.RaftServerConfigKeys (ConfUtils.java:logGet(43)) - raft.server.log.statemachine.data.sync.timeout.retry = -1 (default)
2019-11-14 22:53:34,734 [pool-582-thread-1] INFO  server.RaftServerConfigKeys (ConfUtils.java:logGet(43)) - raft.server.log.statemachine.data.caching.enabled = true (custom)
2019-11-14 22:53:34,735 [pool-582-thread-1] INFO  segmented.SegmentedRaftLogWorker (SegmentedRaftLogWorker.java:lambda$new$0(128)) - 2e7f8c24-c608-431c-b6d8-707cc816ba74@group-2A75C0A03975-SegmentedRaftLogWorker: flushIndex: setUnconditionally 0 -> -1
2019-11-14 22:53:34,735 [pool-582-thread-1] INFO  server.RaftServerConfigKeys (ConfUtils.java:logGet(43)) - raft.server.snapshot.auto.trigger.enabled = true (custom)
2019-11-14 22:53:34,735 [pool-582-thread-1] INFO  server.RaftServerConfigKeys (ConfUtils.java:logGet(43)) - raft.server.snapshot.auto.trigger.threshold = 10000 (custom)
2019-11-14 22:53:34,735 [pool-582-thread-1] INFO  server.RaftServerConfigKeys (ConfUtils.java:logGet(43)) - raft.server.snapshot.retention.file.num = 5 (custom)
2019-11-14 22:53:34,735 [pool-582-thread-1] INFO  server.RaftServerConfigKeys (ConfUtils.java:logGet(43)) - raft.server.retrycache.expirytime = 600000ms (custom)
2019-11-14 22:53:34,735 [pool-582-thread-1] WARN  impl.MetricRegistriesImpl (MetricRegistriesImpl.java:lambda$create$1(61)) - First MetricRegistry has been created without registering reporters. You may need to call MetricRegistries.global().addReportRegistration(...) before.
2019-11-14 22:53:34,735 [pool-582-thread-1] WARN  impl.MetricRegistriesImpl (MetricRegistriesImpl.java:lambda$create$1(61)) - First MetricRegistry has been created without registering reporters. You may need to call MetricRegistries.global().addReportRegistration(...) before.
2019-11-14 22:53:34,735 [pool-582-thread-1] INFO  impl.RaftServerImpl (RaftServerImpl.java:start(184)) - 2e7f8c24-c608-431c-b6d8-707cc816ba74@group-2A75C0A03975: start as a follower, conf=-1: [2e7f8c24-c608-431c-b6d8-707cc816ba74:192.168.164.210:38009], old=null
2019-11-14 22:53:34,735 [pool-582-thread-1] INFO  impl.RaftServerImpl (RaftServerImpl.java:setRole(173)) - 2e7f8c24-c608-431c-b6d8-707cc816ba74@group-2A75C0A03975: changes role from      null to FOLLOWER at term 0 for startAsFollower
2019-11-14 22:53:34,735 [pool-582-thread-1] INFO  impl.RoleInfo (RoleInfo.java:updateAndGet(143)) - 2e7f8c24-c608-431c-b6d8-707cc816ba74: start FollowerState
2019-11-14 22:53:34,736 [pool-582-thread-1] INFO  util.JmxRegister (JmxRegister.java:tryRegister(44)) - Successfully registered JMX Bean with object name Ratis:service=RaftServer,group=group-2A75C0A03975,id=2e7f8c24-c608-431c-b6d8-707cc816ba74
2019-11-14 22:53:34,736 [pool-582-thread-1] WARN  impl.MetricRegistriesImpl (MetricRegistriesImpl.java:lambda$create$1(61)) - First MetricRegistry has been created without registering reporters. You may need to call MetricRegistries.global().addReportRegistration(...) before.
2019-11-14 22:53:34,738 [RatisPipelineUtilsThread] INFO  pipeline.PipelineStateManager (PipelineStateManager.java:addPipeline(55)) - Created pipeline Pipeline[ Id: c3b4d1d6-ec27-485e-b673-2a75c0a03975, Nodes: 2e7f8c24-c608-431c-b6d8-707cc816ba74{ip: 192.168.164.210, host: pr-hdds-2448-del-container-qmj8s-3203767274, networkLocation: /rack1, certSerialId: null}, Type:RATIS, Factor:ONE, State:ALLOCATED]
2019-11-14 22:53:34,760 [IPC Server handler 4 on 33986] INFO  net.NetworkTopology (NetworkTopologyImpl.java:add(111)) - Added a new node: /rack1/0261bc30-8b8d-4db7-80aa-965ad1e19f13
2019-11-14 22:53:34,760 [IPC Server handler 4 on 33986] INFO  node.SCMNodeManager (SCMNodeManager.java:register(267)) - Registered Data node : 0261bc30-8b8d-4db7-80aa-965ad1e19f13{ip: 192.168.164.210, host: pr-hdds-2448-del-container-qmj8s-3203767274, networkLocation: /rack1, certSerialId: null}
2019-11-14 22:53:34,767 [grpc-default-executor-4] INFO  impl.RaftServerProxy (RaftServerProxy.java:addNew(89)) - 0261bc30-8b8d-4db7-80aa-965ad1e19f13: addNew group-FDA6E6437DE0:[0261bc30-8b8d-4db7-80aa-965ad1e19f13:192.168.164.210:35118] returns group-FDA6E6437DE0:java.util.concurrent.CompletableFuture@64a03049[Not completed]
2019-11-14 22:53:34,768 [pool-593-thread-1] INFO  impl.RaftServerImpl (RaftServerImpl.java:<init>(98)) - 0261bc30-8b8d-4db7-80aa-965ad1e19f13: new RaftServerImpl for group-FDA6E6437DE0:[0261bc30-8b8d-4db7-80aa-965ad1e19f13:192.168.164.210:35118] with ContainerStateMachine:uninitialized
2019-11-14 22:53:34,768 [pool-593-thread-1] INFO  server.RaftServerConfigKeys (ConfUtils.java:logGet(43)) - raft.server.rpc.timeout.min = 1s (custom)
2019-11-14 22:53:34,768 [pool-593-thread-1] INFO  server.RaftServerConfigKeys (ConfUtils.java:logGet(43)) - raft.server.rpc.timeout.max = 1200ms (custom)
2019-11-14 22:53:34,768 [pool-593-thread-1] INFO  server.RaftServerConfigKeys (ConfUtils.java:logGet(43)) - raft.server.rpcslowness.timeout = 120s (custom)
2019-11-14 22:53:34,768 [pool-593-thread-1] INFO  server.RaftServerConfigKeys (ConfUtils.java:logGet(43)) - raft.server.sleep.deviation.threshold = 300 (default)
2019-11-14 22:53:34,769 [pool-593-thread-1] INFO  server.RaftServerConfigKeys (ConfUtils.java:logGet(43)) - raft.server.log.appender.install.snapshot.enabled = false (custom)
2019-11-14 22:53:34,769 [pool-593-thread-1] INFO  impl.RaftServerImpl (ServerState.java:<init>(103)) - 0261bc30-8b8d-4db7-80aa-965ad1e19f13@group-FDA6E6437DE0: ConfigurationManager, init=-1: [0261bc30-8b8d-4db7-80aa-965ad1e19f13:192.168.164.210:35118], old=null, confs=<EMPTY_MAP>
2019-11-14 22:53:34,769 [pool-593-thread-1] INFO  server.RaftServerConfigKeys (ConfUtils.java:logGet(43)) - raft.server.storage.dir = [/workdir/hadoop-ozone/integration-test/target/test-dir/MiniOzoneClusterImpl-c304fa79-6e7f-43ac-8564-360665bd8c65/datanode-4/data/ratis] (custom)
2019-11-14 22:53:34,769 [pool-593-thread-1] INFO  server.RaftServerConfigKeys (ConfUtils.java:logGet(43)) - raft.server.log.corruption.policy = EXCEPTION (default)
2019-11-14 22:53:34,769 [pool-593-thread-1] INFO  storage.RaftStorageDirectory (RaftStorageDirectory.java:analyzeStorage(246)) - The storage directory /workdir/hadoop-ozone/integration-test/target/test-dir/MiniOzoneClusterImpl-c304fa79-6e7f-43ac-8564-360665bd8c65/datanode-4/data/ratis/8a73413d-aa83-4003-86f2-fda6e6437de0 does not exist. Creating ...
2019-11-14 22:53:34,782 [pool-593-thread-1] INFO  storage.RaftStorageDirectory (RaftStorageDirectory.java:tryLock(328)) - Lock on /workdir/hadoop-ozone/integration-test/target/test-dir/MiniOzoneClusterImpl-c304fa79-6e7f-43ac-8564-360665bd8c65/datanode-4/data/ratis/8a73413d-aa83-4003-86f2-fda6e6437de0/in_use.lock acquired by nodename 20539@pr-hdds-2448-del-container-qmj8s-3203767274
2019-11-14 22:53:34,795 [pool-593-thread-1] INFO  storage.RaftStorage (RaftStorage.java:format(84)) - Storage directory /workdir/hadoop-ozone/integration-test/target/test-dir/MiniOzoneClusterImpl-c304fa79-6e7f-43ac-8564-360665bd8c65/datanode-4/data/ratis/8a73413d-aa83-4003-86f2-fda6e6437de0 has been successfully formatted.
2019-11-14 22:53:34,795 [pool-593-thread-1] INFO  ratis.ContainerStateMachine (ContainerStateMachine.java:loadSnapshot(223)) - group-FDA6E6437DE0: The snapshot info is null. Setting the last applied indexto:(t:0, i:~)
2019-11-14 22:53:34,796 [pool-593-thread-1] INFO  server.RaftServerConfigKeys (ConfUtils.java:logGet(43)) - raft.server.notification.no-leader.timeout = 120s (custom)
2019-11-14 22:53:34,796 [pool-593-thread-1] INFO  server.RaftServerConfigKeys (ConfUtils.java:logGet(43)) - raft.server.log.use.memory = false (default)
2019-11-14 22:53:34,796 [pool-593-thread-1] INFO  server.RaftServerConfigKeys (ConfUtils.java:logGet(43)) - raft.server.log.purge.gap = 1000000 (custom)
2019-11-14 22:53:34,796 [pool-593-thread-1] INFO  server.RaftServerConfigKeys (ConfUtils.java:logGet(43)) - raft.server.log.appender.buffer.byte-limit = 33554432 (custom)
2019-11-14 22:53:34,796 [pool-593-thread-1] INFO  server.RaftServerConfigKeys (ConfUtils.java:logGet(43)) - raft.server.log.segment.size.max = 1048576 (custom)
2019-11-14 22:53:34,796 [pool-593-thread-1] WARN  impl.MetricRegistriesImpl (MetricRegistriesImpl.java:lambda$create$1(61)) - First MetricRegistry has been created without registering reporters. You may need to call MetricRegistries.global().addReportRegistration(...) before.
2019-11-14 22:53:34,796 [pool-593-thread-1] INFO  server.RaftServerConfigKeys (ConfUtils.java:logGet(43)) - raft.server.log.segment.cache.num.max = 2 (custom)
2019-11-14 22:53:34,796 [pool-593-thread-1] INFO  segmented.SegmentedRaftLogWorker (SegmentedRaftLogWorker.java:<init>(173)) - new 0261bc30-8b8d-4db7-80aa-965ad1e19f13@group-FDA6E6437DE0-SegmentedRaftLogWorker for RaftStorage:Storage Directory /workdir/hadoop-ozone/integration-test/target/test-dir/MiniOzoneClusterImpl-c304fa79-6e7f-43ac-8564-360665bd8c65/datanode-4/data/ratis/8a73413d-aa83-4003-86f2-fda6e6437de0
2019-11-14 22:53:34,796 [pool-593-thread-1] INFO  server.RaftServerConfigKeys (ConfUtils.java:logGet(43)) - raft.server.log.queue.byte-limit = 2147483647 (custom)
2019-11-14 22:53:34,797 [pool-593-thread-1] INFO  server.RaftServerConfigKeys (ConfUtils.java:logGet(43)) - raft.server.log.queue.element-limit = 1024 (custom)
2019-11-14 22:53:34,797 [pool-593-thread-1] INFO  server.RaftServerConfigKeys (ConfUtils.java:logGet(43)) - raft.server.log.segment.size.max = 1048576 (custom)
2019-11-14 22:53:34,797 [pool-593-thread-1] INFO  server.RaftServerConfigKeys (ConfUtils.java:logGet(43)) - raft.server.log.preallocated.size = 16384 (custom)
2019-11-14 22:53:34,797 [pool-593-thread-1] INFO  server.RaftServerConfigKeys (ConfUtils.java:logGet(43)) - raft.server.log.write.buffer.size = 33554432 (custom)
2019-11-14 22:53:34,797 [pool-593-thread-1] INFO  server.RaftServerConfigKeys (ConfUtils.java:logGet(43)) - raft.server.log.force.sync.num = 128 (default)
2019-11-14 22:53:34,797 [pool-593-thread-1] INFO  server.RaftServerConfigKeys (ConfUtils.java:logGet(43)) - raft.server.log.statemachine.data.sync = true (default)
2019-11-14 22:53:34,797 [pool-593-thread-1] INFO  server.RaftServerConfigKeys (ConfUtils.java:logGet(43)) - raft.server.log.statemachine.data.sync.timeout = 10s (default)
2019-11-14 22:53:34,797 [pool-593-thread-1] INFO  server.RaftServerConfigKeys (ConfUtils.java:logGet(43)) - raft.server.log.statemachine.data.sync.timeout.retry = -1 (default)
2019-11-14 22:53:34,797 [pool-593-thread-1] INFO  server.RaftServerConfigKeys (ConfUtils.java:logGet(43)) - raft.server.log.statemachine.data.caching.enabled = true (custom)
2019-11-14 22:53:34,798 [pool-593-thread-1] INFO  segmented.SegmentedRaftLogWorker (SegmentedRaftLogWorker.java:lambda$new$0(128)) - 0261bc30-8b8d-4db7-80aa-965ad1e19f13@group-FDA6E6437DE0-SegmentedRaftLogWorker: flushIndex: setUnconditionally 0 -> -1
2019-11-14 22:53:34,798 [pool-593-thread-1] INFO  server.RaftServerConfigKeys (ConfUtils.java:logGet(43)) - raft.server.snapshot.auto.trigger.enabled = true (custom)
2019-11-14 22:53:34,798 [pool-593-thread-1] INFO  server.RaftServerConfigKeys (ConfUtils.java:logGet(43)) - raft.server.snapshot.auto.trigger.threshold = 10000 (custom)
2019-11-14 22:53:34,798 [pool-593-thread-1] INFO  server.RaftServerConfigKeys (ConfUtils.java:logGet(43)) - raft.server.snapshot.retention.file.num = 5 (custom)
2019-11-14 22:53:34,798 [pool-593-thread-1] INFO  server.RaftServerConfigKeys (ConfUtils.java:logGet(43)) - raft.server.retrycache.expirytime = 600000ms (custom)
2019-11-14 22:53:34,798 [pool-593-thread-1] WARN  impl.MetricRegistriesImpl (MetricRegistriesImpl.java:lambda$create$1(61)) - First MetricRegistry has been created without registering reporters. You may need to call MetricRegistries.global().addReportRegistration(...) before.
2019-11-14 22:53:34,798 [pool-593-thread-1] WARN  impl.MetricRegistriesImpl (MetricRegistriesImpl.java:lambda$create$1(61)) - First MetricRegistry has been created without registering reporters. You may need to call MetricRegistries.global().addReportRegistration(...) before.
2019-11-14 22:53:34,799 [pool-593-thread-1] INFO  impl.RaftServerImpl (RaftServerImpl.java:start(184)) - 0261bc30-8b8d-4db7-80aa-965ad1e19f13@group-FDA6E6437DE0: start as a follower, conf=-1: [0261bc30-8b8d-4db7-80aa-965ad1e19f13:192.168.164.210:35118], old=null
2019-11-14 22:53:34,799 [pool-593-thread-1] INFO  impl.RaftServerImpl (RaftServerImpl.java:setRole(173)) - 0261bc30-8b8d-4db7-80aa-965ad1e19f13@group-FDA6E6437DE0: changes role from      null to FOLLOWER at term 0 for startAsFollower
2019-11-14 22:53:34,799 [pool-593-thread-1] INFO  impl.RoleInfo (RoleInfo.java:updateAndGet(143)) - 0261bc30-8b8d-4db7-80aa-965ad1e19f13: start FollowerState
2019-11-14 22:53:34,799 [pool-593-thread-1] INFO  util.JmxRegister (JmxRegister.java:tryRegister(44)) - Successfully registered JMX Bean with object name Ratis:service=RaftServer,group=group-FDA6E6437DE0,id=0261bc30-8b8d-4db7-80aa-965ad1e19f13
2019-11-14 22:53:34,799 [pool-593-thread-1] WARN  impl.MetricRegistriesImpl (MetricRegistriesImpl.java:lambda$create$1(61)) - First MetricRegistry has been created without registering reporters. You may need to call MetricRegistries.global().addReportRegistration(...) before.
2019-11-14 22:53:34,801 [RatisPipelineUtilsThread] INFO  pipeline.PipelineStateManager (PipelineStateManager.java:addPipeline(55)) - Created pipeline Pipeline[ Id: 8a73413d-aa83-4003-86f2-fda6e6437de0, Nodes: 0261bc30-8b8d-4db7-80aa-965ad1e19f13{ip: 192.168.164.210, host: pr-hdds-2448-del-container-qmj8s-3203767274, networkLocation: /rack1, certSerialId: null}, Type:RATIS, Factor:ONE, State:ALLOCATED]
2019-11-14 22:53:34,820 [IPC Server handler 7 on 33986] INFO  net.NetworkTopology (NetworkTopologyImpl.java:add(111)) - Added a new node: /rack1/8c93cdd4-5606-4221-9500-0bbe6d2ac50a
2019-11-14 22:53:34,821 [IPC Server handler 7 on 33986] INFO  node.SCMNodeManager (SCMNodeManager.java:register(267)) - Registered Data node : 8c93cdd4-5606-4221-9500-0bbe6d2ac50a{ip: 192.168.164.210, host: pr-hdds-2448-del-container-qmj8s-3203767274, networkLocation: /rack1, certSerialId: null}
2019-11-14 22:53:34,826 [grpc-default-executor-4] INFO  impl.RaftServerProxy (RaftServerProxy.java:addNew(89)) - 8c93cdd4-5606-4221-9500-0bbe6d2ac50a: addNew group-A8789E45C384:[8c93cdd4-5606-4221-9500-0bbe6d2ac50a:192.168.164.210:37665] returns group-A8789E45C384:java.util.concurrent.CompletableFuture@5c32ea0a[Not completed]
2019-11-14 22:53:34,827 [pool-604-thread-1] INFO  impl.RaftServerImpl (RaftServerImpl.java:<init>(98)) - 8c93cdd4-5606-4221-9500-0bbe6d2ac50a: new RaftServerImpl for group-A8789E45C384:[8c93cdd4-5606-4221-9500-0bbe6d2ac50a:192.168.164.210:37665] with ContainerStateMachine:uninitialized
2019-11-14 22:53:34,827 [pool-604-thread-1] INFO  server.RaftServerConfigKeys (ConfUtils.java:logGet(43)) - raft.server.rpc.timeout.min = 1s (custom)
2019-11-14 22:53:34,827 [pool-604-thread-1] INFO  server.RaftServerConfigKeys (ConfUtils.java:logGet(43)) - raft.server.rpc.timeout.max = 1200ms (custom)
2019-11-14 22:53:34,827 [pool-604-thread-1] INFO  server.RaftServerConfigKeys (ConfUtils.java:logGet(43)) - raft.server.rpcslowness.timeout = 120s (custom)
2019-11-14 22:53:34,827 [pool-604-thread-1] INFO  server.RaftServerConfigKeys (ConfUtils.java:logGet(43)) - raft.server.sleep.deviation.threshold = 300 (default)
2019-11-14 22:53:34,827 [pool-604-thread-1] INFO  server.RaftServerConfigKeys (ConfUtils.java:logGet(43)) - raft.server.log.appender.install.snapshot.enabled = false (custom)
2019-11-14 22:53:34,828 [pool-604-thread-1] INFO  impl.RaftServerImpl (ServerState.java:<init>(103)) - 8c93cdd4-5606-4221-9500-0bbe6d2ac50a@group-A8789E45C384: ConfigurationManager, init=-1: [8c93cdd4-5606-4221-9500-0bbe6d2ac50a:192.168.164.210:37665], old=null, confs=<EMPTY_MAP>
2019-11-14 22:53:34,828 [pool-604-thread-1] INFO  server.RaftServerConfigKeys (ConfUtils.java:logGet(43)) - raft.server.storage.dir = [/workdir/hadoop-ozone/integration-test/target/test-dir/MiniOzoneClusterImpl-c304fa79-6e7f-43ac-8564-360665bd8c65/datanode-5/data/ratis] (custom)
2019-11-14 22:53:34,828 [pool-604-thread-1] INFO  server.RaftServerConfigKeys (ConfUtils.java:logGet(43)) - raft.server.log.corruption.policy = EXCEPTION (default)
2019-11-14 22:53:34,828 [pool-604-thread-1] INFO  storage.RaftStorageDirectory (RaftStorageDirectory.java:analyzeStorage(246)) - The storage directory /workdir/hadoop-ozone/integration-test/target/test-dir/MiniOzoneClusterImpl-c304fa79-6e7f-43ac-8564-360665bd8c65/datanode-5/data/ratis/1a17d261-73e9-41d7-ab4b-a8789e45c384 does not exist. Creating ...
2019-11-14 22:53:34,841 [pool-604-thread-1] INFO  storage.RaftStorageDirectory (RaftStorageDirectory.java:tryLock(328)) - Lock on /workdir/hadoop-ozone/integration-test/target/test-dir/MiniOzoneClusterImpl-c304fa79-6e7f-43ac-8564-360665bd8c65/datanode-5/data/ratis/1a17d261-73e9-41d7-ab4b-a8789e45c384/in_use.lock acquired by nodename 20539@pr-hdds-2448-del-container-qmj8s-3203767274
2019-11-14 22:53:34,853 [pool-604-thread-1] INFO  storage.RaftStorage (RaftStorage.java:format(84)) - Storage directory /workdir/hadoop-ozone/integration-test/target/test-dir/MiniOzoneClusterImpl-c304fa79-6e7f-43ac-8564-360665bd8c65/datanode-5/data/ratis/1a17d261-73e9-41d7-ab4b-a8789e45c384 has been successfully formatted.
2019-11-14 22:53:34,854 [pool-604-thread-1] INFO  ratis.ContainerStateMachine (ContainerStateMachine.java:loadSnapshot(223)) - group-A8789E45C384: The snapshot info is null. Setting the last applied indexto:(t:0, i:~)
2019-11-14 22:53:34,854 [pool-604-thread-1] INFO  server.RaftServerConfigKeys (ConfUtils.java:logGet(43)) - raft.server.notification.no-leader.timeout = 120s (custom)
2019-11-14 22:53:34,854 [pool-604-thread-1] INFO  server.RaftServerConfigKeys (ConfUtils.java:logGet(43)) - raft.server.log.use.memory = false (default)
2019-11-14 22:53:34,854 [pool-604-thread-1] INFO  server.RaftServerConfigKeys (ConfUtils.java:logGet(43)) - raft.server.log.purge.gap = 1000000 (custom)
2019-11-14 22:53:34,854 [pool-604-thread-1] INFO  server.RaftServerConfigKeys (ConfUtils.java:logGet(43)) - raft.server.log.appender.buffer.byte-limit = 33554432 (custom)
2019-11-14 22:53:34,854 [pool-604-thread-1] INFO  server.RaftServerConfigKeys (ConfUtils.java:logGet(43)) - raft.server.log.segment.size.max = 1048576 (custom)
2019-11-14 22:53:34,854 [pool-604-thread-1] WARN  impl.MetricRegistriesImpl (MetricRegistriesImpl.java:lambda$create$1(61)) - First MetricRegistry has been created without registering reporters. You may need to call MetricRegistries.global().addReportRegistration(...) before.
2019-11-14 22:53:34,854 [pool-604-thread-1] INFO  server.RaftServerConfigKeys (ConfUtils.java:logGet(43)) - raft.server.log.segment.cache.num.max = 2 (custom)
2019-11-14 22:53:34,854 [pool-604-thread-1] INFO  segmented.SegmentedRaftLogWorker (SegmentedRaftLogWorker.java:<init>(173)) - new 8c93cdd4-5606-4221-9500-0bbe6d2ac50a@group-A8789E45C384-SegmentedRaftLogWorker for RaftStorage:Storage Directory /workdir/hadoop-ozone/integration-test/target/test-dir/MiniOzoneClusterImpl-c304fa79-6e7f-43ac-8564-360665bd8c65/datanode-5/data/ratis/1a17d261-73e9-41d7-ab4b-a8789e45c384
2019-11-14 22:53:34,854 [pool-604-thread-1] INFO  server.RaftServerConfigKeys (ConfUtils.java:logGet(43)) - raft.server.log.queue.byte-limit = 2147483647 (custom)
2019-11-14 22:53:34,854 [pool-604-thread-1] INFO  server.RaftServerConfigKeys (ConfUtils.java:logGet(43)) - raft.server.log.queue.element-limit = 1024 (custom)
2019-11-14 22:53:34,854 [pool-604-thread-1] INFO  server.RaftServerConfigKeys (ConfUtils.java:logGet(43)) - raft.server.log.segment.size.max = 1048576 (custom)
2019-11-14 22:53:34,855 [pool-604-thread-1] INFO  server.RaftServerConfigKeys (ConfUtils.java:logGet(43)) - raft.server.log.preallocated.size = 16384 (custom)
2019-11-14 22:53:34,855 [pool-604-thread-1] INFO  server.RaftServerConfigKeys (ConfUtils.java:logGet(43)) - raft.server.log.write.buffer.size = 33554432 (custom)
2019-11-14 22:53:34,855 [pool-604-thread-1] INFO  server.RaftServerConfigKeys (ConfUtils.java:logGet(43)) - raft.server.log.force.sync.num = 128 (default)
2019-11-14 22:53:34,855 [pool-604-thread-1] INFO  server.RaftServerConfigKeys (ConfUtils.java:logGet(43)) - raft.server.log.statemachine.data.sync = true (default)
2019-11-14 22:53:34,855 [pool-604-thread-1] INFO  server.RaftServerConfigKeys (ConfUtils.java:logGet(43)) - raft.server.log.statemachine.data.sync.timeout = 10s (default)
2019-11-14 22:53:34,855 [pool-604-thread-1] INFO  server.RaftServerConfigKeys (ConfUtils.java:logGet(43)) - raft.server.log.statemachine.data.sync.timeout.retry = -1 (default)
2019-11-14 22:53:34,855 [pool-604-thread-1] INFO  server.RaftServerConfigKeys (ConfUtils.java:logGet(43)) - raft.server.log.statemachine.data.caching.enabled = true (custom)
2019-11-14 22:53:34,855 [pool-604-thread-1] INFO  segmented.SegmentedRaftLogWorker (SegmentedRaftLogWorker.java:lambda$new$0(128)) - 8c93cdd4-5606-4221-9500-0bbe6d2ac50a@group-A8789E45C384-SegmentedRaftLogWorker: flushIndex: setUnconditionally 0 -> -1
2019-11-14 22:53:34,856 [pool-604-thread-1] INFO  server.RaftServerConfigKeys (ConfUtils.java:logGet(43)) - raft.server.snapshot.auto.trigger.enabled = true (custom)
2019-11-14 22:53:34,856 [pool-604-thread-1] INFO  server.RaftServerConfigKeys (ConfUtils.java:logGet(43)) - raft.server.snapshot.auto.trigger.threshold = 10000 (custom)
2019-11-14 22:53:34,856 [pool-604-thread-1] INFO  server.RaftServerConfigKeys (ConfUtils.java:logGet(43)) - raft.server.snapshot.retention.file.num = 5 (custom)
2019-11-14 22:53:34,856 [pool-604-thread-1] INFO  server.RaftServerConfigKeys (ConfUtils.java:logGet(43)) - raft.server.retrycache.expirytime = 600000ms (custom)
2019-11-14 22:53:34,856 [pool-604-thread-1] WARN  impl.MetricRegistriesImpl (MetricRegistriesImpl.java:lambda$create$1(61)) - First MetricRegistry has been created without registering reporters. You may need to call MetricRegistries.global().addReportRegistration(...) before.
2019-11-14 22:53:34,856 [pool-604-thread-1] WARN  impl.MetricRegistriesImpl (MetricRegistriesImpl.java:lambda$create$1(61)) - First MetricRegistry has been created without registering reporters. You may need to call MetricRegistries.global().addReportRegistration(...) before.
2019-11-14 22:53:34,856 [pool-604-thread-1] INFO  impl.RaftServerImpl (RaftServerImpl.java:start(184)) - 8c93cdd4-5606-4221-9500-0bbe6d2ac50a@group-A8789E45C384: start as a follower, conf=-1: [8c93cdd4-5606-4221-9500-0bbe6d2ac50a:192.168.164.210:37665], old=null
2019-11-14 22:53:34,856 [pool-604-thread-1] INFO  impl.RaftServerImpl (RaftServerImpl.java:setRole(173)) - 8c93cdd4-5606-4221-9500-0bbe6d2ac50a@group-A8789E45C384: changes role from      null to FOLLOWER at term 0 for startAsFollower
2019-11-14 22:53:34,856 [pool-604-thread-1] INFO  impl.RoleInfo (RoleInfo.java:updateAndGet(143)) - 8c93cdd4-5606-4221-9500-0bbe6d2ac50a: start FollowerState
2019-11-14 22:53:34,857 [pool-604-thread-1] INFO  util.JmxRegister (JmxRegister.java:tryRegister(44)) - Successfully registered JMX Bean with object name Ratis:service=RaftServer,group=group-A8789E45C384,id=8c93cdd4-5606-4221-9500-0bbe6d2ac50a
2019-11-14 22:53:34,857 [pool-604-thread-1] WARN  impl.MetricRegistriesImpl (MetricRegistriesImpl.java:lambda$create$1(61)) - First MetricRegistry has been created without registering reporters. You may need to call MetricRegistries.global().addReportRegistration(...) before.
2019-11-14 22:53:34,859 [RatisPipelineUtilsThread] INFO  pipeline.PipelineStateManager (PipelineStateManager.java:addPipeline(55)) - Created pipeline Pipeline[ Id: 1a17d261-73e9-41d7-ab4b-a8789e45c384, Nodes: 8c93cdd4-5606-4221-9500-0bbe6d2ac50a{ip: 192.168.164.210, host: pr-hdds-2448-del-container-qmj8s-3203767274, networkLocation: /rack1, certSerialId: null}, Type:RATIS, Factor:ONE, State:ALLOCATED]
2019-11-14 22:53:34,865 [grpc-default-executor-1] INFO  impl.RaftServerProxy (RaftServerProxy.java:addNew(89)) - 8c93cdd4-5606-4221-9500-0bbe6d2ac50a: addNew group-3585028410D3:[2e7f8c24-c608-431c-b6d8-707cc816ba74:192.168.164.210:38009, 8c93cdd4-5606-4221-9500-0bbe6d2ac50a:192.168.164.210:37665, 0261bc30-8b8d-4db7-80aa-965ad1e19f13:192.168.164.210:35118] returns group-3585028410D3:java.util.concurrent.CompletableFuture@793aa70d[Not completed]
2019-11-14 22:53:34,865 [grpc-default-executor-4] INFO  impl.RaftServerProxy (RaftServerProxy.java:addNew(89)) - 0261bc30-8b8d-4db7-80aa-965ad1e19f13: addNew group-3585028410D3:[2e7f8c24-c608-431c-b6d8-707cc816ba74:192.168.164.210:38009, 8c93cdd4-5606-4221-9500-0bbe6d2ac50a:192.168.164.210:37665, 0261bc30-8b8d-4db7-80aa-965ad1e19f13:192.168.164.210:35118] returns group-3585028410D3:java.util.concurrent.CompletableFuture@1f81676f[Not completed]
2019-11-14 22:53:34,865 [grpc-default-executor-6] INFO  impl.RaftServerProxy (RaftServerProxy.java:addNew(89)) - 2e7f8c24-c608-431c-b6d8-707cc816ba74: addNew group-3585028410D3:[2e7f8c24-c608-431c-b6d8-707cc816ba74:192.168.164.210:38009, 8c93cdd4-5606-4221-9500-0bbe6d2ac50a:192.168.164.210:37665, 0261bc30-8b8d-4db7-80aa-965ad1e19f13:192.168.164.210:35118] returns group-3585028410D3:java.util.concurrent.CompletableFuture@3f0c9512[Not completed]
2019-11-14 22:53:34,866 [pool-604-thread-1] INFO  impl.RaftServerImpl (RaftServerImpl.java:<init>(98)) - 8c93cdd4-5606-4221-9500-0bbe6d2ac50a: new RaftServerImpl for group-3585028410D3:[2e7f8c24-c608-431c-b6d8-707cc816ba74:192.168.164.210:38009, 8c93cdd4-5606-4221-9500-0bbe6d2ac50a:192.168.164.210:37665, 0261bc30-8b8d-4db7-80aa-965ad1e19f13:192.168.164.210:35118] with ContainerStateMachine:uninitialized
2019-11-14 22:53:34,866 [pool-604-thread-1] INFO  server.RaftServerConfigKeys (ConfUtils.java:logGet(43)) - raft.server.rpc.timeout.min = 1s (custom)
2019-11-14 22:53:34,866 [pool-604-thread-1] INFO  server.RaftServerConfigKeys (ConfUtils.java:logGet(43)) - raft.server.rpc.timeout.max = 1200ms (custom)
2019-11-14 22:53:34,866 [pool-604-thread-1] INFO  server.RaftServerConfigKeys (ConfUtils.java:logGet(43)) - raft.server.rpcslowness.timeout = 120s (custom)
2019-11-14 22:53:34,866 [pool-604-thread-1] INFO  server.RaftServerConfigKeys (ConfUtils.java:logGet(43)) - raft.server.sleep.deviation.threshold = 300 (default)
2019-11-14 22:53:34,867 [pool-604-thread-1] INFO  server.RaftServerConfigKeys (ConfUtils.java:logGet(43)) - raft.server.log.appender.install.snapshot.enabled = false (custom)
2019-11-14 22:53:34,867 [pool-604-thread-1] INFO  impl.RaftServerImpl (ServerState.java:<init>(103)) - 8c93cdd4-5606-4221-9500-0bbe6d2ac50a@group-3585028410D3: ConfigurationManager, init=-1: [2e7f8c24-c608-431c-b6d8-707cc816ba74:192.168.164.210:38009, 8c93cdd4-5606-4221-9500-0bbe6d2ac50a:192.168.164.210:37665, 0261bc30-8b8d-4db7-80aa-965ad1e19f13:192.168.164.210:35118], old=null, confs=<EMPTY_MAP>
2019-11-14 22:53:34,867 [pool-604-thread-1] INFO  server.RaftServerConfigKeys (ConfUtils.java:logGet(43)) - raft.server.storage.dir = [/workdir/hadoop-ozone/integration-test/target/test-dir/MiniOzoneClusterImpl-c304fa79-6e7f-43ac-8564-360665bd8c65/datanode-5/data/ratis] (custom)
2019-11-14 22:53:34,867 [pool-604-thread-1] INFO  server.RaftServerConfigKeys (ConfUtils.java:logGet(43)) - raft.server.log.corruption.policy = EXCEPTION (default)
2019-11-14 22:53:34,867 [pool-582-thread-1] INFO  impl.RaftServerImpl (RaftServerImpl.java:<init>(98)) - 2e7f8c24-c608-431c-b6d8-707cc816ba74: new RaftServerImpl for group-3585028410D3:[2e7f8c24-c608-431c-b6d8-707cc816ba74:192.168.164.210:38009, 8c93cdd4-5606-4221-9500-0bbe6d2ac50a:192.168.164.210:37665, 0261bc30-8b8d-4db7-80aa-965ad1e19f13:192.168.164.210:35118] with ContainerStateMachine:uninitialized
2019-11-14 22:53:34,867 [pool-604-thread-1] INFO  storage.RaftStorageDirectory (RaftStorageDirectory.java:analyzeStorage(246)) - The storage directory /workdir/hadoop-ozone/integration-test/target/test-dir/MiniOzoneClusterImpl-c304fa79-6e7f-43ac-8564-360665bd8c65/datanode-5/data/ratis/078bad0d-1d16-4d11-b4ef-3585028410d3 does not exist. Creating ...
2019-11-14 22:53:34,867 [pool-582-thread-1] INFO  server.RaftServerConfigKeys (ConfUtils.java:logGet(43)) - raft.server.rpc.timeout.min = 1s (custom)
2019-11-14 22:53:34,867 [pool-582-thread-1] INFO  server.RaftServerConfigKeys (ConfUtils.java:logGet(43)) - raft.server.rpc.timeout.max = 1200ms (custom)
2019-11-14 22:53:34,867 [pool-593-thread-1] INFO  impl.RaftServerImpl (RaftServerImpl.java:<init>(98)) - 0261bc30-8b8d-4db7-80aa-965ad1e19f13: new RaftServerImpl for group-3585028410D3:[2e7f8c24-c608-431c-b6d8-707cc816ba74:192.168.164.210:38009, 8c93cdd4-5606-4221-9500-0bbe6d2ac50a:192.168.164.210:37665, 0261bc30-8b8d-4db7-80aa-965ad1e19f13:192.168.164.210:35118] with ContainerStateMachine:uninitialized
2019-11-14 22:53:34,868 [pool-582-thread-1] INFO  server.RaftServerConfigKeys (ConfUtils.java:logGet(43)) - raft.server.rpcslowness.timeout = 120s (custom)
2019-11-14 22:53:34,868 [pool-593-thread-1] INFO  server.RaftServerConfigKeys (ConfUtils.java:logGet(43)) - raft.server.rpc.timeout.min = 1s (custom)
2019-11-14 22:53:34,868 [pool-582-thread-1] INFO  server.RaftServerConfigKeys (ConfUtils.java:logGet(43)) - raft.server.sleep.deviation.threshold = 300 (default)
2019-11-14 22:53:34,868 [pool-593-thread-1] INFO  server.RaftServerConfigKeys (ConfUtils.java:logGet(43)) - raft.server.rpc.timeout.max = 1200ms (custom)
2019-11-14 22:53:34,868 [pool-582-thread-1] INFO  server.RaftServerConfigKeys (ConfUtils.java:logGet(43)) - raft.server.log.appender.install.snapshot.enabled = false (custom)
2019-11-14 22:53:34,868 [pool-593-thread-1] INFO  server.RaftServerConfigKeys (ConfUtils.java:logGet(43)) - raft.server.rpcslowness.timeout = 120s (custom)
2019-11-14 22:53:34,868 [pool-582-thread-1] INFO  impl.RaftServerImpl (ServerState.java:<init>(103)) - 2e7f8c24-c608-431c-b6d8-707cc816ba74@group-3585028410D3: ConfigurationManager, init=-1: [2e7f8c24-c608-431c-b6d8-707cc816ba74:192.168.164.210:38009, 8c93cdd4-5606-4221-9500-0bbe6d2ac50a:192.168.164.210:37665, 0261bc30-8b8d-4db7-80aa-965ad1e19f13:192.168.164.210:35118], old=null, confs=<EMPTY_MAP>
2019-11-14 22:53:34,868 [pool-593-thread-1] INFO  server.RaftServerConfigKeys (ConfUtils.java:logGet(43)) - raft.server.sleep.deviation.threshold = 300 (default)
2019-11-14 22:53:34,868 [pool-582-thread-1] INFO  server.RaftServerConfigKeys (ConfUtils.java:logGet(43)) - raft.server.storage.dir = [/workdir/hadoop-ozone/integration-test/target/test-dir/MiniOzoneClusterImpl-c304fa79-6e7f-43ac-8564-360665bd8c65/datanode-3/data/ratis] (custom)
2019-11-14 22:53:34,868 [pool-593-thread-1] INFO  server.RaftServerConfigKeys (ConfUtils.java:logGet(43)) - raft.server.log.appender.install.snapshot.enabled = false (custom)
2019-11-14 22:53:34,869 [pool-593-thread-1] INFO  impl.RaftServerImpl (ServerState.java:<init>(103)) - 0261bc30-8b8d-4db7-80aa-965ad1e19f13@group-3585028410D3: ConfigurationManager, init=-1: [2e7f8c24-c608-431c-b6d8-707cc816ba74:192.168.164.210:38009, 8c93cdd4-5606-4221-9500-0bbe6d2ac50a:192.168.164.210:37665, 0261bc30-8b8d-4db7-80aa-965ad1e19f13:192.168.164.210:35118], old=null, confs=<EMPTY_MAP>
2019-11-14 22:53:34,869 [pool-582-thread-1] INFO  server.RaftServerConfigKeys (ConfUtils.java:logGet(43)) - raft.server.log.corruption.policy = EXCEPTION (default)
2019-11-14 22:53:34,869 [pool-593-thread-1] INFO  server.RaftServerConfigKeys (ConfUtils.java:logGet(43)) - raft.server.storage.dir = [/workdir/hadoop-ozone/integration-test/target/test-dir/MiniOzoneClusterImpl-c304fa79-6e7f-43ac-8564-360665bd8c65/datanode-4/data/ratis] (custom)
2019-11-14 22:53:34,869 [pool-582-thread-1] INFO  storage.RaftStorageDirectory (RaftStorageDirectory.java:analyzeStorage(246)) - The storage directory /workdir/hadoop-ozone/integration-test/target/test-dir/MiniOzoneClusterImpl-c304fa79-6e7f-43ac-8564-360665bd8c65/datanode-3/data/ratis/078bad0d-1d16-4d11-b4ef-3585028410d3 does not exist. Creating ...
2019-11-14 22:53:34,869 [pool-593-thread-1] INFO  server.RaftServerConfigKeys (ConfUtils.java:logGet(43)) - raft.server.log.corruption.policy = EXCEPTION (default)
2019-11-14 22:53:34,869 [pool-593-thread-1] INFO  storage.RaftStorageDirectory (RaftStorageDirectory.java:analyzeStorage(246)) - The storage directory /workdir/hadoop-ozone/integration-test/target/test-dir/MiniOzoneClusterImpl-c304fa79-6e7f-43ac-8564-360665bd8c65/datanode-4/data/ratis/078bad0d-1d16-4d11-b4ef-3585028410d3 does not exist. Creating ...
2019-11-14 22:53:34,881 [pool-582-thread-1] INFO  storage.RaftStorageDirectory (RaftStorageDirectory.java:tryLock(328)) - Lock on /workdir/hadoop-ozone/integration-test/target/test-dir/MiniOzoneClusterImpl-c304fa79-6e7f-43ac-8564-360665bd8c65/datanode-3/data/ratis/078bad0d-1d16-4d11-b4ef-3585028410d3/in_use.lock acquired by nodename 20539@pr-hdds-2448-del-container-qmj8s-3203767274
2019-11-14 22:53:34,881 [pool-593-thread-1] INFO  storage.RaftStorageDirectory (RaftStorageDirectory.java:tryLock(328)) - Lock on /workdir/hadoop-ozone/integration-test/target/test-dir/MiniOzoneClusterImpl-c304fa79-6e7f-43ac-8564-360665bd8c65/datanode-4/data/ratis/078bad0d-1d16-4d11-b4ef-3585028410d3/in_use.lock acquired by nodename 20539@pr-hdds-2448-del-container-qmj8s-3203767274
2019-11-14 22:53:34,881 [pool-604-thread-1] INFO  storage.RaftStorageDirectory (RaftStorageDirectory.java:tryLock(328)) - Lock on /workdir/hadoop-ozone/integration-test/target/test-dir/MiniOzoneClusterImpl-c304fa79-6e7f-43ac-8564-360665bd8c65/datanode-5/data/ratis/078bad0d-1d16-4d11-b4ef-3585028410d3/in_use.lock acquired by nodename 20539@pr-hdds-2448-del-container-qmj8s-3203767274
2019-11-14 22:53:34,899 [IPC Server handler 8 on 33986] INFO  net.NetworkTopology (NetworkTopologyImpl.java:add(111)) - Added a new node: /rack1/fe27ed9b-283a-4979-94f3-8c29e1f5fa70
2019-11-14 22:53:34,899 [IPC Server handler 8 on 33986] INFO  node.SCMNodeManager (SCMNodeManager.java:register(267)) - Registered Data node : fe27ed9b-283a-4979-94f3-8c29e1f5fa70{ip: 192.168.164.210, host: pr-hdds-2448-del-container-qmj8s-3203767274, networkLocation: /rack1, certSerialId: null}
2019-11-14 22:53:34,912 [pool-593-thread-1] INFO  storage.RaftStorage (RaftStorage.java:format(84)) - Storage directory /workdir/hadoop-ozone/integration-test/target/test-dir/MiniOzoneClusterImpl-c304fa79-6e7f-43ac-8564-360665bd8c65/datanode-4/data/ratis/078bad0d-1d16-4d11-b4ef-3585028410d3 has been successfully formatted.
2019-11-14 22:53:34,912 [pool-582-thread-1] INFO  storage.RaftStorage (RaftStorage.java:format(84)) - Storage directory /workdir/hadoop-ozone/integration-test/target/test-dir/MiniOzoneClusterImpl-c304fa79-6e7f-43ac-8564-360665bd8c65/datanode-3/data/ratis/078bad0d-1d16-4d11-b4ef-3585028410d3 has been successfully formatted.
2019-11-14 22:53:34,912 [pool-604-thread-1] INFO  storage.RaftStorage (RaftStorage.java:format(84)) - Storage directory /workdir/hadoop-ozone/integration-test/target/test-dir/MiniOzoneClusterImpl-c304fa79-6e7f-43ac-8564-360665bd8c65/datanode-5/data/ratis/078bad0d-1d16-4d11-b4ef-3585028410d3 has been successfully formatted.
2019-11-14 22:53:34,912 [pool-593-thread-1] INFO  ratis.ContainerStateMachine (ContainerStateMachine.java:loadSnapshot(223)) - group-3585028410D3: The snapshot info is null. Setting the last applied indexto:(t:0, i:~)
2019-11-14 22:53:34,912 [pool-604-thread-1] INFO  ratis.ContainerStateMachine (ContainerStateMachine.java:loadSnapshot(223)) - group-3585028410D3: The snapshot info is null. Setting the last applied indexto:(t:0, i:~)
2019-11-14 22:53:34,912 [pool-582-thread-1] INFO  ratis.ContainerStateMachine (ContainerStateMachine.java:loadSnapshot(223)) - group-3585028410D3: The snapshot info is null. Setting the last applied indexto:(t:0, i:~)
2019-11-14 22:53:34,912 [pool-604-thread-1] INFO  server.RaftServerConfigKeys (ConfUtils.java:logGet(43)) - raft.server.notification.no-leader.timeout = 120s (custom)
2019-11-14 22:53:34,912 [pool-593-thread-1] INFO  server.RaftServerConfigKeys (ConfUtils.java:logGet(43)) - raft.server.notification.no-leader.timeout = 120s (custom)
2019-11-14 22:53:34,912 [pool-604-thread-1] INFO  server.RaftServerConfigKeys (ConfUtils.java:logGet(43)) - raft.server.log.use.memory = false (default)
2019-11-14 22:53:34,912 [pool-582-thread-1] INFO  server.RaftServerConfigKeys (ConfUtils.java:logGet(43)) - raft.server.notification.no-leader.timeout = 120s (custom)
2019-11-14 22:53:34,913 [pool-604-thread-1] INFO  server.RaftServerConfigKeys (ConfUtils.java:logGet(43)) - raft.server.log.purge.gap = 1000000 (custom)
2019-11-14 22:53:34,913 [pool-593-thread-1] INFO  server.RaftServerConfigKeys (ConfUtils.java:logGet(43)) - raft.server.log.use.memory = false (default)
2019-11-14 22:53:34,913 [pool-604-thread-1] INFO  server.RaftServerConfigKeys (ConfUtils.java:logGet(43)) - raft.server.log.appender.buffer.byte-limit = 33554432 (custom)
2019-11-14 22:53:34,913 [pool-582-thread-1] INFO  server.RaftServerConfigKeys (ConfUtils.java:logGet(43)) - raft.server.log.use.memory = false (default)
2019-11-14 22:53:34,913 [pool-604-thread-1] INFO  server.RaftServerConfigKeys (ConfUtils.java:logGet(43)) - raft.server.log.segment.size.max = 1048576 (custom)
2019-11-14 22:53:34,913 [pool-593-thread-1] INFO  server.RaftServerConfigKeys (ConfUtils.java:logGet(43)) - raft.server.log.purge.gap = 1000000 (custom)
2019-11-14 22:53:34,913 [pool-604-thread-1] INFO  server.RaftServerConfigKeys (ConfUtils.java:logGet(43)) - raft.server.log.segment.cache.num.max = 2 (custom)
2019-11-14 22:53:34,913 [pool-582-thread-1] INFO  server.RaftServerConfigKeys (ConfUtils.java:logGet(43)) - raft.server.log.purge.gap = 1000000 (custom)
2019-11-14 22:53:34,913 [pool-604-thread-1] INFO  segmented.SegmentedRaftLogWorker (SegmentedRaftLogWorker.java:<init>(173)) - new 8c93cdd4-5606-4221-9500-0bbe6d2ac50a@group-3585028410D3-SegmentedRaftLogWorker for RaftStorage:Storage Directory /workdir/hadoop-ozone/integration-test/target/test-dir/MiniOzoneClusterImpl-c304fa79-6e7f-43ac-8564-360665bd8c65/datanode-5/data/ratis/078bad0d-1d16-4d11-b4ef-3585028410d3
2019-11-14 22:53:34,913 [pool-593-thread-1] INFO  server.RaftServerConfigKeys (ConfUtils.java:logGet(43)) - raft.server.log.appender.buffer.byte-limit = 33554432 (custom)
2019-11-14 22:53:34,914 [pool-604-thread-1] INFO  server.RaftServerConfigKeys (ConfUtils.java:logGet(43)) - raft.server.log.queue.byte-limit = 2147483647 (custom)
2019-11-14 22:53:34,914 [pool-604-thread-1] INFO  server.RaftServerConfigKeys (ConfUtils.java:logGet(43)) - raft.server.log.queue.element-limit = 1024 (custom)
2019-11-14 22:53:34,914 [pool-582-thread-1] INFO  server.RaftServerConfigKeys (ConfUtils.java:logGet(43)) - raft.server.log.appender.buffer.byte-limit = 33554432 (custom)
2019-11-14 22:53:34,914 [pool-604-thread-1] INFO  server.RaftServerConfigKeys (ConfUtils.java:logGet(43)) - raft.server.log.segment.size.max = 1048576 (custom)
2019-11-14 22:53:34,914 [pool-593-thread-1] INFO  server.RaftServerConfigKeys (ConfUtils.java:logGet(43)) - raft.server.log.segment.size.max = 1048576 (custom)
2019-11-14 22:53:34,914 [pool-604-thread-1] INFO  server.RaftServerConfigKeys (ConfUtils.java:logGet(43)) - raft.server.log.preallocated.size = 16384 (custom)
2019-11-14 22:53:34,914 [pool-582-thread-1] INFO  server.RaftServerConfigKeys (ConfUtils.java:logGet(43)) - raft.server.log.segment.size.max = 1048576 (custom)
2019-11-14 22:53:34,914 [pool-604-thread-1] INFO  server.RaftServerConfigKeys (ConfUtils.java:logGet(43)) - raft.server.log.write.buffer.size = 33554432 (custom)
2019-11-14 22:53:34,914 [pool-593-thread-1] INFO  server.RaftServerConfigKeys (ConfUtils.java:logGet(43)) - raft.server.log.segment.cache.num.max = 2 (custom)
2019-11-14 22:53:34,915 [pool-604-thread-1] INFO  server.RaftServerConfigKeys (ConfUtils.java:logGet(43)) - raft.server.log.force.sync.num = 128 (default)
2019-11-14 22:53:34,915 [pool-604-thread-1] INFO  server.RaftServerConfigKeys (ConfUtils.java:logGet(43)) - raft.server.log.statemachine.data.sync = true (default)
2019-11-14 22:53:34,915 [pool-582-thread-1] INFO  server.RaftServerConfigKeys (ConfUtils.java:logGet(43)) - raft.server.log.segment.cache.num.max = 2 (custom)
2019-11-14 22:53:34,915 [pool-604-thread-1] INFO  server.RaftServerConfigKeys (ConfUtils.java:logGet(43)) - raft.server.log.statemachine.data.sync.timeout = 10s (default)
2019-11-14 22:53:34,915 [pool-593-thread-1] INFO  segmented.SegmentedRaftLogWorker (SegmentedRaftLogWorker.java:<init>(173)) - new 0261bc30-8b8d-4db7-80aa-965ad1e19f13@group-3585028410D3-SegmentedRaftLogWorker for RaftStorage:Storage Directory /workdir/hadoop-ozone/integration-test/target/test-dir/MiniOzoneClusterImpl-c304fa79-6e7f-43ac-8564-360665bd8c65/datanode-4/data/ratis/078bad0d-1d16-4d11-b4ef-3585028410d3
2019-11-14 22:53:34,915 [pool-604-thread-1] INFO  server.RaftServerConfigKeys (ConfUtils.java:logGet(43)) - raft.server.log.statemachine.data.sync.timeout.retry = -1 (default)
2019-11-14 22:53:34,915 [pool-582-thread-1] INFO  segmented.SegmentedRaftLogWorker (SegmentedRaftLogWorker.java:<init>(173)) - new 2e7f8c24-c608-431c-b6d8-707cc816ba74@group-3585028410D3-SegmentedRaftLogWorker for RaftStorage:Storage Directory /workdir/hadoop-ozone/integration-test/target/test-dir/MiniOzoneClusterImpl-c304fa79-6e7f-43ac-8564-360665bd8c65/datanode-3/data/ratis/078bad0d-1d16-4d11-b4ef-3585028410d3
2019-11-14 22:53:34,915 [pool-604-thread-1] INFO  server.RaftServerConfigKeys (ConfUtils.java:logGet(43)) - raft.server.log.statemachine.data.caching.enabled = true (custom)
2019-11-14 22:53:34,915 [pool-593-thread-1] INFO  server.RaftServerConfigKeys (ConfUtils.java:logGet(43)) - raft.server.log.queue.byte-limit = 2147483647 (custom)
2019-11-14 22:53:34,916 [pool-604-thread-1] INFO  segmented.SegmentedRaftLogWorker (SegmentedRaftLogWorker.java:lambda$new$0(128)) - 8c93cdd4-5606-4221-9500-0bbe6d2ac50a@group-3585028410D3-SegmentedRaftLogWorker: flushIndex: setUnconditionally 0 -> -1
2019-11-14 22:53:34,916 [pool-593-thread-1] INFO  server.RaftServerConfigKeys (ConfUtils.java:logGet(43)) - raft.server.log.queue.element-limit = 1024 (custom)
2019-11-14 22:53:34,915 [pool-582-thread-1] INFO  server.RaftServerConfigKeys (ConfUtils.java:logGet(43)) - raft.server.log.queue.byte-limit = 2147483647 (custom)
2019-11-14 22:53:34,916 [pool-593-thread-1] INFO  server.RaftServerConfigKeys (ConfUtils.java:logGet(43)) - raft.server.log.segment.size.max = 1048576 (custom)
2019-11-14 22:53:34,916 [pool-604-thread-1] INFO  server.RaftServerConfigKeys (ConfUtils.java:logGet(43)) - raft.server.snapshot.auto.trigger.enabled = true (custom)
2019-11-14 22:53:34,916 [pool-593-thread-1] INFO  server.RaftServerConfigKeys (ConfUtils.java:logGet(43)) - raft.server.log.preallocated.size = 16384 (custom)
2019-11-14 22:53:34,916 [pool-582-thread-1] INFO  server.RaftServerConfigKeys (ConfUtils.java:logGet(43)) - raft.server.log.queue.element-limit = 1024 (custom)
2019-11-14 22:53:34,916 [pool-593-thread-1] INFO  server.RaftServerConfigKeys (ConfUtils.java:logGet(43)) - raft.server.log.write.buffer.size = 33554432 (custom)
2019-11-14 22:53:34,916 [pool-604-thread-1] INFO  server.RaftServerConfigKeys (ConfUtils.java:logGet(43)) - raft.server.snapshot.auto.trigger.threshold = 10000 (custom)
2019-11-14 22:53:34,917 [pool-593-thread-1] INFO  server.RaftServerConfigKeys (ConfUtils.java:logGet(43)) - raft.server.log.force.sync.num = 128 (default)
2019-11-14 22:53:34,917 [pool-593-thread-1] INFO  server.RaftServerConfigKeys (ConfUtils.java:logGet(43)) - raft.server.log.statemachine.data.sync = true (default)
2019-11-14 22:53:34,917 [pool-582-thread-1] INFO  server.RaftServerConfigKeys (ConfUtils.java:logGet(43)) - raft.server.log.segment.size.max = 1048576 (custom)
2019-11-14 22:53:34,917 [pool-593-thread-1] INFO  server.RaftServerConfigKeys (ConfUtils.java:logGet(43)) - raft.server.log.statemachine.data.sync.timeout = 10s (default)
2019-11-14 22:53:34,917 [pool-604-thread-1] INFO  server.RaftServerConfigKeys (ConfUtils.java:logGet(43)) - raft.server.snapshot.retention.file.num = 5 (custom)
2019-11-14 22:53:34,917 [pool-593-thread-1] INFO  server.RaftServerConfigKeys (ConfUtils.java:logGet(43)) - raft.server.log.statemachine.data.sync.timeout.retry = -1 (default)
2019-11-14 22:53:34,917 [pool-582-thread-1] INFO  server.RaftServerConfigKeys (ConfUtils.java:logGet(43)) - raft.server.log.preallocated.size = 16384 (custom)
2019-11-14 22:53:34,918 [pool-593-thread-1] INFO  server.RaftServerConfigKeys (ConfUtils.java:logGet(43)) - raft.server.log.statemachine.data.caching.enabled = true (custom)
2019-11-14 22:53:34,917 [pool-604-thread-1] INFO  server.RaftServerConfigKeys (ConfUtils.java:logGet(43)) - raft.server.retrycache.expirytime = 600000ms (custom)
2019-11-14 22:53:34,918 [pool-582-thread-1] INFO  server.RaftServerConfigKeys (ConfUtils.java:logGet(43)) - raft.server.log.write.buffer.size = 33554432 (custom)
2019-11-14 22:53:34,918 [pool-604-thread-1] WARN  impl.MetricRegistriesImpl (MetricRegistriesImpl.java:lambda$create$1(61)) - First MetricRegistry has been created without registering reporters. You may need to call MetricRegistries.global().addReportRegistration(...) before.
2019-11-14 22:53:34,918 [pool-593-thread-1] INFO  segmented.SegmentedRaftLogWorker (SegmentedRaftLogWorker.java:lambda$new$0(128)) - 0261bc30-8b8d-4db7-80aa-965ad1e19f13@group-3585028410D3-SegmentedRaftLogWorker: flushIndex: setUnconditionally 0 -> -1
2019-11-14 22:53:34,918 [pool-604-thread-1] WARN  impl.MetricRegistriesImpl (MetricRegistriesImpl.java:lambda$create$1(61)) - First MetricRegistry has been created without registering reporters. You may need to call MetricRegistries.global().addReportRegistration(...) before.
2019-11-14 22:53:34,918 [pool-582-thread-1] INFO  server.RaftServerConfigKeys (ConfUtils.java:logGet(43)) - raft.server.log.force.sync.num = 128 (default)
2019-11-14 22:53:34,918 [pool-593-thread-1] INFO  server.RaftServerConfigKeys (ConfUtils.java:logGet(43)) - raft.server.snapshot.auto.trigger.enabled = true (custom)
2019-11-14 22:53:34,918 [pool-604-thread-1] INFO  impl.RaftServerImpl (RaftServerImpl.java:start(184)) - 8c93cdd4-5606-4221-9500-0bbe6d2ac50a@group-3585028410D3: start as a follower, conf=-1: [2e7f8c24-c608-431c-b6d8-707cc816ba74:192.168.164.210:38009, 8c93cdd4-5606-4221-9500-0bbe6d2ac50a:192.168.164.210:37665, 0261bc30-8b8d-4db7-80aa-965ad1e19f13:192.168.164.210:35118], old=null
2019-11-14 22:53:34,919 [pool-593-thread-1] INFO  server.RaftServerConfigKeys (ConfUtils.java:logGet(43)) - raft.server.snapshot.auto.trigger.threshold = 10000 (custom)
2019-11-14 22:53:34,919 [pool-593-thread-1] INFO  server.RaftServerConfigKeys (ConfUtils.java:logGet(43)) - raft.server.snapshot.retention.file.num = 5 (custom)
2019-11-14 22:53:34,918 [pool-582-thread-1] INFO  server.RaftServerConfigKeys (ConfUtils.java:logGet(43)) - raft.server.log.statemachine.data.sync = true (default)
2019-11-14 22:53:34,919 [pool-593-thread-1] INFO  server.RaftServerConfigKeys (ConfUtils.java:logGet(43)) - raft.server.retrycache.expirytime = 600000ms (custom)
2019-11-14 22:53:34,919 [pool-604-thread-1] INFO  impl.RaftServerImpl (RaftServerImpl.java:setRole(173)) - 8c93cdd4-5606-4221-9500-0bbe6d2ac50a@group-3585028410D3: changes role from      null to FOLLOWER at term 0 for startAsFollower
2019-11-14 22:53:34,919 [pool-593-thread-1] WARN  impl.MetricRegistriesImpl (MetricRegistriesImpl.java:lambda$create$1(61)) - First MetricRegistry has been created without registering reporters. You may need to call MetricRegistries.global().addReportRegistration(...) before.
2019-11-14 22:53:34,919 [pool-593-thread-1] WARN  impl.MetricRegistriesImpl (MetricRegistriesImpl.java:lambda$create$1(61)) - First MetricRegistry has been created without registering reporters. You may need to call MetricRegistries.global().addReportRegistration(...) before.
2019-11-14 22:53:34,919 [pool-582-thread-1] INFO  server.RaftServerConfigKeys (ConfUtils.java:logGet(43)) - raft.server.log.statemachine.data.sync.timeout = 10s (default)
2019-11-14 22:53:34,919 [pool-593-thread-1] INFO  impl.RaftServerImpl (RaftServerImpl.java:start(184)) - 0261bc30-8b8d-4db7-80aa-965ad1e19f13@group-3585028410D3: start as a follower, conf=-1: [2e7f8c24-c608-431c-b6d8-707cc816ba74:192.168.164.210:38009, 8c93cdd4-5606-4221-9500-0bbe6d2ac50a:192.168.164.210:37665, 0261bc30-8b8d-4db7-80aa-965ad1e19f13:192.168.164.210:35118], old=null
2019-11-14 22:53:34,920 [pool-593-thread-1] INFO  impl.RaftServerImpl (RaftServerImpl.java:setRole(173)) - 0261bc30-8b8d-4db7-80aa-965ad1e19f13@group-3585028410D3: changes role from      null to FOLLOWER at term 0 for startAsFollower
2019-11-14 22:53:34,919 [pool-604-thread-1] INFO  impl.RoleInfo (RoleInfo.java:updateAndGet(143)) - 8c93cdd4-5606-4221-9500-0bbe6d2ac50a: start FollowerState
2019-11-14 22:53:34,920 [pool-593-thread-1] INFO  impl.RoleInfo (RoleInfo.java:updateAndGet(143)) - 0261bc30-8b8d-4db7-80aa-965ad1e19f13: start FollowerState
2019-11-14 22:53:34,920 [pool-582-thread-1] INFO  server.RaftServerConfigKeys (ConfUtils.java:logGet(43)) - raft.server.log.statemachine.data.sync.timeout.retry = -1 (default)
2019-11-14 22:53:34,920 [pool-604-thread-1] INFO  util.JmxRegister (JmxRegister.java:tryRegister(44)) - Successfully registered JMX Bean with object name Ratis:service=RaftServer,group=group-3585028410D3,id=8c93cdd4-5606-4221-9500-0bbe6d2ac50a
2019-11-14 22:53:34,920 [pool-582-thread-1] INFO  server.RaftServerConfigKeys (ConfUtils.java:logGet(43)) - raft.server.log.statemachine.data.caching.enabled = true (custom)
2019-11-14 22:53:34,920 [pool-593-thread-1] INFO  util.JmxRegister (JmxRegister.java:tryRegister(44)) - Successfully registered JMX Bean with object name Ratis:service=RaftServer,group=group-3585028410D3,id=0261bc30-8b8d-4db7-80aa-965ad1e19f13
2019-11-14 22:53:34,920 [pool-604-thread-1] WARN  impl.MetricRegistriesImpl (MetricRegistriesImpl.java:lambda$create$1(61)) - First MetricRegistry has been created without registering reporters. You may need to call MetricRegistries.global().addReportRegistration(...) before.
2019-11-14 22:53:34,921 [pool-582-thread-1] INFO  segmented.SegmentedRaftLogWorker (SegmentedRaftLogWorker.java:lambda$new$0(128)) - 2e7f8c24-c608-431c-b6d8-707cc816ba74@group-3585028410D3-SegmentedRaftLogWorker: flushIndex: setUnconditionally 0 -> -1
2019-11-14 22:53:34,921 [pool-593-thread-1] WARN  impl.MetricRegistriesImpl (MetricRegistriesImpl.java:lambda$create$1(61)) - First MetricRegistry has been created without registering reporters. You may need to call MetricRegistries.global().addReportRegistration(...) before.
2019-11-14 22:53:34,921 [pool-582-thread-1] INFO  server.RaftServerConfigKeys (ConfUtils.java:logGet(43)) - raft.server.snapshot.auto.trigger.enabled = true (custom)
2019-11-14 22:53:34,921 [pool-582-thread-1] INFO  server.RaftServerConfigKeys (ConfUtils.java:logGet(43)) - raft.server.snapshot.auto.trigger.threshold = 10000 (custom)
2019-11-14 22:53:34,922 [pool-582-thread-1] INFO  server.RaftServerConfigKeys (ConfUtils.java:logGet(43)) - raft.server.snapshot.retention.file.num = 5 (custom)
2019-11-14 22:53:34,922 [pool-582-thread-1] INFO  server.RaftServerConfigKeys (ConfUtils.java:logGet(43)) - raft.server.retrycache.expirytime = 600000ms (custom)
2019-11-14 22:53:34,922 [pool-582-thread-1] WARN  impl.MetricRegistriesImpl (MetricRegistriesImpl.java:lambda$create$1(61)) - First MetricRegistry has been created without registering reporters. You may need to call MetricRegistries.global().addReportRegistration(...) before.
2019-11-14 22:53:34,922 [pool-582-thread-1] WARN  impl.MetricRegistriesImpl (MetricRegistriesImpl.java:lambda$create$1(61)) - First MetricRegistry has been created without registering reporters. You may need to call MetricRegistries.global().addReportRegistration(...) before.
2019-11-14 22:53:34,922 [pool-582-thread-1] INFO  impl.RaftServerImpl (RaftServerImpl.java:start(184)) - 2e7f8c24-c608-431c-b6d8-707cc816ba74@group-3585028410D3: start as a follower, conf=-1: [2e7f8c24-c608-431c-b6d8-707cc816ba74:192.168.164.210:38009, 8c93cdd4-5606-4221-9500-0bbe6d2ac50a:192.168.164.210:37665, 0261bc30-8b8d-4db7-80aa-965ad1e19f13:192.168.164.210:35118], old=null
2019-11-14 22:53:34,922 [pool-582-thread-1] INFO  impl.RaftServerImpl (RaftServerImpl.java:setRole(173)) - 2e7f8c24-c608-431c-b6d8-707cc816ba74@group-3585028410D3: changes role from      null to FOLLOWER at term 0 for startAsFollower
2019-11-14 22:53:34,922 [pool-582-thread-1] INFO  impl.RoleInfo (RoleInfo.java:updateAndGet(143)) - 2e7f8c24-c608-431c-b6d8-707cc816ba74: start FollowerState
2019-11-14 22:53:34,923 [pool-582-thread-1] INFO  util.JmxRegister (JmxRegister.java:tryRegister(44)) - Successfully registered JMX Bean with object name Ratis:service=RaftServer,group=group-3585028410D3,id=2e7f8c24-c608-431c-b6d8-707cc816ba74
2019-11-14 22:53:34,923 [pool-582-thread-1] WARN  impl.MetricRegistriesImpl (MetricRegistriesImpl.java:lambda$create$1(61)) - First MetricRegistry has been created without registering reporters. You may need to call MetricRegistries.global().addReportRegistration(...) before.
2019-11-14 22:53:34,925 [RatisPipelineUtilsThread] INFO  pipeline.PipelineStateManager (PipelineStateManager.java:addPipeline(55)) - Created pipeline Pipeline[ Id: 078bad0d-1d16-4d11-b4ef-3585028410d3, Nodes: 2e7f8c24-c608-431c-b6d8-707cc816ba74{ip: 192.168.164.210, host: pr-hdds-2448-del-container-qmj8s-3203767274, networkLocation: /rack1, certSerialId: null}0261bc30-8b8d-4db7-80aa-965ad1e19f13{ip: 192.168.164.210, host: pr-hdds-2448-del-container-qmj8s-3203767274, networkLocation: /rack1, certSerialId: null}8c93cdd4-5606-4221-9500-0bbe6d2ac50a{ip: 192.168.164.210, host: pr-hdds-2448-del-container-qmj8s-3203767274, networkLocation: /rack1, certSerialId: null}, Type:RATIS, Factor:THREE, State:ALLOCATED]
2019-11-14 22:53:34,972 [IPC Server handler 9 on 33986] INFO  net.NetworkTopology (NetworkTopologyImpl.java:add(111)) - Added a new node: /rack1/38d24973-4522-4e24-8845-d0d59163b20a
2019-11-14 22:53:34,972 [IPC Server handler 9 on 33986] INFO  node.SCMNodeManager (SCMNodeManager.java:register(267)) - Registered Data node : 38d24973-4522-4e24-8845-d0d59163b20a{ip: 192.168.164.210, host: pr-hdds-2448-del-container-qmj8s-3203767274, networkLocation: /rack1, certSerialId: null}
2019-11-14 22:53:34,978 [grpc-default-executor-6] INFO  impl.RaftServerProxy (RaftServerProxy.java:addNew(89)) - fe27ed9b-283a-4979-94f3-8c29e1f5fa70: addNew group-7025C73134F4:[fe27ed9b-283a-4979-94f3-8c29e1f5fa70:192.168.164.210:38253] returns group-7025C73134F4:java.util.concurrent.CompletableFuture@5499b4be[Not completed]
2019-11-14 22:53:34,980 [pool-615-thread-1] INFO  impl.RaftServerImpl (RaftServerImpl.java:<init>(98)) - fe27ed9b-283a-4979-94f3-8c29e1f5fa70: new RaftServerImpl for group-7025C73134F4:[fe27ed9b-283a-4979-94f3-8c29e1f5fa70:192.168.164.210:38253] with ContainerStateMachine:uninitialized
2019-11-14 22:53:34,980 [pool-615-thread-1] INFO  server.RaftServerConfigKeys (ConfUtils.java:logGet(43)) - raft.server.rpc.timeout.min = 1s (custom)
2019-11-14 22:53:34,980 [pool-615-thread-1] INFO  server.RaftServerConfigKeys (ConfUtils.java:logGet(43)) - raft.server.rpc.timeout.max = 1200ms (custom)
2019-11-14 22:53:34,980 [pool-615-thread-1] INFO  server.RaftServerConfigKeys (ConfUtils.java:logGet(43)) - raft.server.rpcslowness.timeout = 120s (custom)
2019-11-14 22:53:34,980 [pool-615-thread-1] INFO  server.RaftServerConfigKeys (ConfUtils.java:logGet(43)) - raft.server.sleep.deviation.threshold = 300 (default)
2019-11-14 22:53:34,980 [pool-615-thread-1] INFO  server.RaftServerConfigKeys (ConfUtils.java:logGet(43)) - raft.server.log.appender.install.snapshot.enabled = false (custom)
2019-11-14 22:53:34,980 [pool-615-thread-1] INFO  impl.RaftServerImpl (ServerState.java:<init>(103)) - fe27ed9b-283a-4979-94f3-8c29e1f5fa70@group-7025C73134F4: ConfigurationManager, init=-1: [fe27ed9b-283a-4979-94f3-8c29e1f5fa70:192.168.164.210:38253], old=null, confs=<EMPTY_MAP>
2019-11-14 22:53:34,981 [pool-615-thread-1] INFO  server.RaftServerConfigKeys (ConfUtils.java:logGet(43)) - raft.server.storage.dir = [/workdir/hadoop-ozone/integration-test/target/test-dir/MiniOzoneClusterImpl-c304fa79-6e7f-43ac-8564-360665bd8c65/datanode-6/data/ratis] (custom)
2019-11-14 22:53:34,981 [pool-615-thread-1] INFO  server.RaftServerConfigKeys (ConfUtils.java:logGet(43)) - raft.server.log.corruption.policy = EXCEPTION (default)
2019-11-14 22:53:34,981 [pool-615-thread-1] INFO  storage.RaftStorageDirectory (RaftStorageDirectory.java:analyzeStorage(246)) - The storage directory /workdir/hadoop-ozone/integration-test/target/test-dir/MiniOzoneClusterImpl-c304fa79-6e7f-43ac-8564-360665bd8c65/datanode-6/data/ratis/c435bafd-47b1-4620-b14d-7025c73134f4 does not exist. Creating ...
2019-11-14 22:53:34,995 [pool-615-thread-1] INFO  storage.RaftStorageDirectory (RaftStorageDirectory.java:tryLock(328)) - Lock on /workdir/hadoop-ozone/integration-test/target/test-dir/MiniOzoneClusterImpl-c304fa79-6e7f-43ac-8564-360665bd8c65/datanode-6/data/ratis/c435bafd-47b1-4620-b14d-7025c73134f4/in_use.lock acquired by nodename 20539@pr-hdds-2448-del-container-qmj8s-3203767274
2019-11-14 22:53:35,009 [pool-615-thread-1] INFO  storage.RaftStorage (RaftStorage.java:format(84)) - Storage directory /workdir/hadoop-ozone/integration-test/target/test-dir/MiniOzoneClusterImpl-c304fa79-6e7f-43ac-8564-360665bd8c65/datanode-6/data/ratis/c435bafd-47b1-4620-b14d-7025c73134f4 has been successfully formatted.
2019-11-14 22:53:35,009 [pool-615-thread-1] INFO  ratis.ContainerStateMachine (ContainerStateMachine.java:loadSnapshot(223)) - group-7025C73134F4: The snapshot info is null. Setting the last applied indexto:(t:0, i:~)
2019-11-14 22:53:35,009 [pool-615-thread-1] INFO  server.RaftServerConfigKeys (ConfUtils.java:logGet(43)) - raft.server.notification.no-leader.timeout = 120s (custom)
2019-11-14 22:53:35,009 [pool-615-thread-1] INFO  server.RaftServerConfigKeys (ConfUtils.java:logGet(43)) - raft.server.log.use.memory = false (default)
2019-11-14 22:53:35,009 [pool-615-thread-1] INFO  server.RaftServerConfigKeys (ConfUtils.java:logGet(43)) - raft.server.log.purge.gap = 1000000 (custom)
2019-11-14 22:53:35,010 [pool-615-thread-1] INFO  server.RaftServerConfigKeys (ConfUtils.java:logGet(43)) - raft.server.log.appender.buffer.byte-limit = 33554432 (custom)
2019-11-14 22:53:35,010 [pool-615-thread-1] INFO  server.RaftServerConfigKeys (ConfUtils.java:logGet(43)) - raft.server.log.segment.size.max = 1048576 (custom)
2019-11-14 22:53:35,010 [pool-615-thread-1] WARN  impl.MetricRegistriesImpl (MetricRegistriesImpl.java:lambda$create$1(61)) - First MetricRegistry has been created without registering reporters. You may need to call MetricRegistries.global().addReportRegistration(...) before.
2019-11-14 22:53:35,010 [pool-615-thread-1] INFO  server.RaftServerConfigKeys (ConfUtils.java:logGet(43)) - raft.server.log.segment.cache.num.max = 2 (custom)
2019-11-14 22:53:35,010 [pool-615-thread-1] INFO  segmented.SegmentedRaftLogWorker (SegmentedRaftLogWorker.java:<init>(173)) - new fe27ed9b-283a-4979-94f3-8c29e1f5fa70@group-7025C73134F4-SegmentedRaftLogWorker for RaftStorage:Storage Directory /workdir/hadoop-ozone/integration-test/target/test-dir/MiniOzoneClusterImpl-c304fa79-6e7f-43ac-8564-360665bd8c65/datanode-6/data/ratis/c435bafd-47b1-4620-b14d-7025c73134f4
2019-11-14 22:53:35,010 [pool-615-thread-1] INFO  server.RaftServerConfigKeys (ConfUtils.java:logGet(43)) - raft.server.log.queue.byte-limit = 2147483647 (custom)
2019-11-14 22:53:35,010 [pool-615-thread-1] INFO  server.RaftServerConfigKeys (ConfUtils.java:logGet(43)) - raft.server.log.queue.element-limit = 1024 (custom)
2019-11-14 22:53:35,010 [pool-615-thread-1] INFO  server.RaftServerConfigKeys (ConfUtils.java:logGet(43)) - raft.server.log.segment.size.max = 1048576 (custom)
2019-11-14 22:53:35,011 [pool-615-thread-1] INFO  server.RaftServerConfigKeys (ConfUtils.java:logGet(43)) - raft.server.log.preallocated.size = 16384 (custom)
2019-11-14 22:53:35,011 [pool-615-thread-1] INFO  server.RaftServerConfigKeys (ConfUtils.java:logGet(43)) - raft.server.log.write.buffer.size = 33554432 (custom)
2019-11-14 22:53:35,011 [pool-615-thread-1] INFO  server.RaftServerConfigKeys (ConfUtils.java:logGet(43)) - raft.server.log.force.sync.num = 128 (default)
2019-11-14 22:53:35,011 [pool-615-thread-1] INFO  server.RaftServerConfigKeys (ConfUtils.java:logGet(43)) - raft.server.log.statemachine.data.sync = true (default)
2019-11-14 22:53:35,011 [pool-615-thread-1] INFO  server.RaftServerConfigKeys (ConfUtils.java:logGet(43)) - raft.server.log.statemachine.data.sync.timeout = 10s (default)
2019-11-14 22:53:35,011 [pool-615-thread-1] INFO  server.RaftServerConfigKeys (ConfUtils.java:logGet(43)) - raft.server.log.statemachine.data.sync.timeout.retry = -1 (default)
2019-11-14 22:53:35,011 [pool-615-thread-1] INFO  server.RaftServerConfigKeys (ConfUtils.java:logGet(43)) - raft.server.log.statemachine.data.caching.enabled = true (custom)
2019-11-14 22:53:35,012 [pool-615-thread-1] INFO  segmented.SegmentedRaftLogWorker (SegmentedRaftLogWorker.java:lambda$new$0(128)) - fe27ed9b-283a-4979-94f3-8c29e1f5fa70@group-7025C73134F4-SegmentedRaftLogWorker: flushIndex: setUnconditionally 0 -> -1
2019-11-14 22:53:35,012 [pool-615-thread-1] INFO  server.RaftServerConfigKeys (ConfUtils.java:logGet(43)) - raft.server.snapshot.auto.trigger.enabled = true (custom)
2019-11-14 22:53:35,012 [pool-615-thread-1] INFO  server.RaftServerConfigKeys (ConfUtils.java:logGet(43)) - raft.server.snapshot.auto.trigger.threshold = 10000 (custom)
2019-11-14 22:53:35,012 [pool-615-thread-1] INFO  server.RaftServerConfigKeys (ConfUtils.java:logGet(43)) - raft.server.snapshot.retention.file.num = 5 (custom)
2019-11-14 22:53:35,012 [pool-615-thread-1] INFO  server.RaftServerConfigKeys (ConfUtils.java:logGet(43)) - raft.server.retrycache.expirytime = 600000ms (custom)
2019-11-14 22:53:35,012 [pool-615-thread-1] WARN  impl.MetricRegistriesImpl (MetricRegistriesImpl.java:lambda$create$1(61)) - First MetricRegistry has been created without registering reporters. You may need to call MetricRegistries.global().addReportRegistration(...) before.
2019-11-14 22:53:35,013 [pool-615-thread-1] WARN  impl.MetricRegistriesImpl (MetricRegistriesImpl.java:lambda$create$1(61)) - First MetricRegistry has been created without registering reporters. You may need to call MetricRegistries.global().addReportRegistration(...) before.
2019-11-14 22:53:35,013 [pool-615-thread-1] INFO  impl.RaftServerImpl (RaftServerImpl.java:start(184)) - fe27ed9b-283a-4979-94f3-8c29e1f5fa70@group-7025C73134F4: start as a follower, conf=-1: [fe27ed9b-283a-4979-94f3-8c29e1f5fa70:192.168.164.210:38253], old=null
2019-11-14 22:53:35,013 [pool-615-thread-1] INFO  impl.RaftServerImpl (RaftServerImpl.java:setRole(173)) - fe27ed9b-283a-4979-94f3-8c29e1f5fa70@group-7025C73134F4: changes role from      null to FOLLOWER at term 0 for startAsFollower
2019-11-14 22:53:35,013 [pool-615-thread-1] INFO  impl.RoleInfo (RoleInfo.java:updateAndGet(143)) - fe27ed9b-283a-4979-94f3-8c29e1f5fa70: start FollowerState
2019-11-14 22:53:35,013 [pool-615-thread-1] INFO  util.JmxRegister (JmxRegister.java:tryRegister(44)) - Successfully registered JMX Bean with object name Ratis:service=RaftServer,group=group-7025C73134F4,id=fe27ed9b-283a-4979-94f3-8c29e1f5fa70
2019-11-14 22:53:35,014 [pool-615-thread-1] WARN  impl.MetricRegistriesImpl (MetricRegistriesImpl.java:lambda$create$1(61)) - First MetricRegistry has been created without registering reporters. You may need to call MetricRegistries.global().addReportRegistration(...) before.
2019-11-14 22:53:35,016 [RatisPipelineUtilsThread] INFO  pipeline.PipelineStateManager (PipelineStateManager.java:addPipeline(55)) - Created pipeline Pipeline[ Id: c435bafd-47b1-4620-b14d-7025c73134f4, Nodes: fe27ed9b-283a-4979-94f3-8c29e1f5fa70{ip: 192.168.164.210, host: pr-hdds-2448-del-container-qmj8s-3203767274, networkLocation: /rack1, certSerialId: null}, Type:RATIS, Factor:ONE, State:ALLOCATED]
2019-11-14 22:53:35,023 [grpc-default-executor-6] INFO  impl.RaftServerProxy (RaftServerProxy.java:addNew(89)) - 38d24973-4522-4e24-8845-d0d59163b20a: addNew group-B029DA686437:[38d24973-4522-4e24-8845-d0d59163b20a:192.168.164.210:38331] returns group-B029DA686437:java.util.concurrent.CompletableFuture@6f6611b0[Not completed]
2019-11-14 22:53:35,024 [pool-626-thread-1] INFO  impl.RaftServerImpl (RaftServerImpl.java:<init>(98)) - 38d24973-4522-4e24-8845-d0d59163b20a: new RaftServerImpl for group-B029DA686437:[38d24973-4522-4e24-8845-d0d59163b20a:192.168.164.210:38331] with ContainerStateMachine:uninitialized
2019-11-14 22:53:35,024 [pool-626-thread-1] INFO  server.RaftServerConfigKeys (ConfUtils.java:logGet(43)) - raft.server.rpc.timeout.min = 1s (custom)
2019-11-14 22:53:35,024 [pool-626-thread-1] INFO  server.RaftServerConfigKeys (ConfUtils.java:logGet(43)) - raft.server.rpc.timeout.max = 1200ms (custom)
2019-11-14 22:53:35,024 [pool-626-thread-1] INFO  server.RaftServerConfigKeys (ConfUtils.java:logGet(43)) - raft.server.rpcslowness.timeout = 120s (custom)
2019-11-14 22:53:35,025 [pool-626-thread-1] INFO  server.RaftServerConfigKeys (ConfUtils.java:logGet(43)) - raft.server.sleep.deviation.threshold = 300 (default)
2019-11-14 22:53:35,025 [pool-626-thread-1] INFO  server.RaftServerConfigKeys (ConfUtils.java:logGet(43)) - raft.server.log.appender.install.snapshot.enabled = false (custom)
2019-11-14 22:53:35,025 [pool-626-thread-1] INFO  impl.RaftServerImpl (ServerState.java:<init>(103)) - 38d24973-4522-4e24-8845-d0d59163b20a@group-B029DA686437: ConfigurationManager, init=-1: [38d24973-4522-4e24-8845-d0d59163b20a:192.168.164.210:38331], old=null, confs=<EMPTY_MAP>
2019-11-14 22:53:35,025 [pool-626-thread-1] INFO  server.RaftServerConfigKeys (ConfUtils.java:logGet(43)) - raft.server.storage.dir = [/workdir/hadoop-ozone/integration-test/target/test-dir/MiniOzoneClusterImpl-c304fa79-6e7f-43ac-8564-360665bd8c65/datanode-7/data/ratis] (custom)
2019-11-14 22:53:35,025 [pool-626-thread-1] INFO  server.RaftServerConfigKeys (ConfUtils.java:logGet(43)) - raft.server.log.corruption.policy = EXCEPTION (default)
2019-11-14 22:53:35,025 [pool-626-thread-1] INFO  storage.RaftStorageDirectory (RaftStorageDirectory.java:analyzeStorage(246)) - The storage directory /workdir/hadoop-ozone/integration-test/target/test-dir/MiniOzoneClusterImpl-c304fa79-6e7f-43ac-8564-360665bd8c65/datanode-7/data/ratis/98f74d72-be64-46db-afde-b029da686437 does not exist. Creating ...
2019-11-14 22:53:35,039 [pool-626-thread-1] INFO  storage.RaftStorageDirectory (RaftStorageDirectory.java:tryLock(328)) - Lock on /workdir/hadoop-ozone/integration-test/target/test-dir/MiniOzoneClusterImpl-c304fa79-6e7f-43ac-8564-360665bd8c65/datanode-7/data/ratis/98f74d72-be64-46db-afde-b029da686437/in_use.lock acquired by nodename 20539@pr-hdds-2448-del-container-qmj8s-3203767274
2019-11-14 22:53:35,052 [pool-626-thread-1] INFO  storage.RaftStorage (RaftStorage.java:format(84)) - Storage directory /workdir/hadoop-ozone/integration-test/target/test-dir/MiniOzoneClusterImpl-c304fa79-6e7f-43ac-8564-360665bd8c65/datanode-7/data/ratis/98f74d72-be64-46db-afde-b029da686437 has been successfully formatted.
2019-11-14 22:53:35,052 [pool-626-thread-1] INFO  ratis.ContainerStateMachine (ContainerStateMachine.java:loadSnapshot(223)) - group-B029DA686437: The snapshot info is null. Setting the last applied indexto:(t:0, i:~)
2019-11-14 22:53:35,052 [pool-626-thread-1] INFO  server.RaftServerConfigKeys (ConfUtils.java:logGet(43)) - raft.server.notification.no-leader.timeout = 120s (custom)
2019-11-14 22:53:35,052 [pool-626-thread-1] INFO  server.RaftServerConfigKeys (ConfUtils.java:logGet(43)) - raft.server.log.use.memory = false (default)
2019-11-14 22:53:35,052 [pool-626-thread-1] INFO  server.RaftServerConfigKeys (ConfUtils.java:logGet(43)) - raft.server.log.purge.gap = 1000000 (custom)
2019-11-14 22:53:35,052 [pool-626-thread-1] INFO  server.RaftServerConfigKeys (ConfUtils.java:logGet(43)) - raft.server.log.appender.buffer.byte-limit = 33554432 (custom)
2019-11-14 22:53:35,053 [pool-626-thread-1] INFO  server.RaftServerConfigKeys (ConfUtils.java:logGet(43)) - raft.server.log.segment.size.max = 1048576 (custom)
2019-11-14 22:53:35,053 [pool-626-thread-1] WARN  impl.MetricRegistriesImpl (MetricRegistriesImpl.java:lambda$create$1(61)) - First MetricRegistry has been created without registering reporters. You may need to call MetricRegistries.global().addReportRegistration(...) before.
2019-11-14 22:53:35,053 [pool-626-thread-1] INFO  server.RaftServerConfigKeys (ConfUtils.java:logGet(43)) - raft.server.log.segment.cache.num.max = 2 (custom)
2019-11-14 22:53:35,053 [pool-626-thread-1] INFO  segmented.SegmentedRaftLogWorker (SegmentedRaftLogWorker.java:<init>(173)) - new 38d24973-4522-4e24-8845-d0d59163b20a@group-B029DA686437-SegmentedRaftLogWorker for RaftStorage:Storage Directory /workdir/hadoop-ozone/integration-test/target/test-dir/MiniOzoneClusterImpl-c304fa79-6e7f-43ac-8564-360665bd8c65/datanode-7/data/ratis/98f74d72-be64-46db-afde-b029da686437
2019-11-14 22:53:35,053 [pool-626-thread-1] INFO  server.RaftServerConfigKeys (ConfUtils.java:logGet(43)) - raft.server.log.queue.byte-limit = 2147483647 (custom)
2019-11-14 22:53:35,053 [pool-626-thread-1] INFO  server.RaftServerConfigKeys (ConfUtils.java:logGet(43)) - raft.server.log.queue.element-limit = 1024 (custom)
2019-11-14 22:53:35,053 [pool-626-thread-1] INFO  server.RaftServerConfigKeys (ConfUtils.java:logGet(43)) - raft.server.log.segment.size.max = 1048576 (custom)
2019-11-14 22:53:35,053 [pool-626-thread-1] INFO  server.RaftServerConfigKeys (ConfUtils.java:logGet(43)) - raft.server.log.preallocated.size = 16384 (custom)
2019-11-14 22:53:35,054 [pool-626-thread-1] INFO  server.RaftServerConfigKeys (ConfUtils.java:logGet(43)) - raft.server.log.write.buffer.size = 33554432 (custom)
2019-11-14 22:53:35,054 [pool-626-thread-1] INFO  server.RaftServerConfigKeys (ConfUtils.java:logGet(43)) - raft.server.log.force.sync.num = 128 (default)
2019-11-14 22:53:35,054 [pool-626-thread-1] INFO  server.RaftServerConfigKeys (ConfUtils.java:logGet(43)) - raft.server.log.statemachine.data.sync = true (default)
2019-11-14 22:53:35,054 [pool-626-thread-1] INFO  server.RaftServerConfigKeys (ConfUtils.java:logGet(43)) - raft.server.log.statemachine.data.sync.timeout = 10s (default)
2019-11-14 22:53:35,054 [pool-626-thread-1] INFO  server.RaftServerConfigKeys (ConfUtils.java:logGet(43)) - raft.server.log.statemachine.data.sync.timeout.retry = -1 (default)
2019-11-14 22:53:35,054 [pool-626-thread-1] INFO  server.RaftServerConfigKeys (ConfUtils.java:logGet(43)) - raft.server.log.statemachine.data.caching.enabled = true (custom)
2019-11-14 22:53:35,055 [pool-626-thread-1] INFO  segmented.SegmentedRaftLogWorker (SegmentedRaftLogWorker.java:lambda$new$0(128)) - 38d24973-4522-4e24-8845-d0d59163b20a@group-B029DA686437-SegmentedRaftLogWorker: flushIndex: setUnconditionally 0 -> -1
2019-11-14 22:53:35,055 [pool-626-thread-1] INFO  server.RaftServerConfigKeys (ConfUtils.java:logGet(43)) - raft.server.snapshot.auto.trigger.enabled = true (custom)
2019-11-14 22:53:35,055 [pool-626-thread-1] INFO  server.RaftServerConfigKeys (ConfUtils.java:logGet(43)) - raft.server.snapshot.auto.trigger.threshold = 10000 (custom)
2019-11-14 22:53:35,055 [pool-626-thread-1] INFO  server.RaftServerConfigKeys (ConfUtils.java:logGet(43)) - raft.server.snapshot.retention.file.num = 5 (custom)
2019-11-14 22:53:35,055 [pool-626-thread-1] INFO  server.RaftServerConfigKeys (ConfUtils.java:logGet(43)) - raft.server.retrycache.expirytime = 600000ms (custom)
2019-11-14 22:53:35,055 [pool-626-thread-1] WARN  impl.MetricRegistriesImpl (MetricRegistriesImpl.java:lambda$create$1(61)) - First MetricRegistry has been created without registering reporters. You may need to call MetricRegistries.global().addReportRegistration(...) before.
2019-11-14 22:53:35,056 [pool-626-thread-1] WARN  impl.MetricRegistriesImpl (MetricRegistriesImpl.java:lambda$create$1(61)) - First MetricRegistry has been created without registering reporters. You may need to call MetricRegistries.global().addReportRegistration(...) before.
2019-11-14 22:53:35,056 [pool-626-thread-1] INFO  impl.RaftServerImpl (RaftServerImpl.java:start(184)) - 38d24973-4522-4e24-8845-d0d59163b20a@group-B029DA686437: start as a follower, conf=-1: [38d24973-4522-4e24-8845-d0d59163b20a:192.168.164.210:38331], old=null
2019-11-14 22:53:35,056 [pool-626-thread-1] INFO  impl.RaftServerImpl (RaftServerImpl.java:setRole(173)) - 38d24973-4522-4e24-8845-d0d59163b20a@group-B029DA686437: changes role from      null to FOLLOWER at term 0 for startAsFollower
2019-11-14 22:53:35,056 [pool-626-thread-1] INFO  impl.RoleInfo (RoleInfo.java:updateAndGet(143)) - 38d24973-4522-4e24-8845-d0d59163b20a: start FollowerState
2019-11-14 22:53:35,056 [pool-626-thread-1] INFO  util.JmxRegister (JmxRegister.java:tryRegister(44)) - Successfully registered JMX Bean with object name Ratis:service=RaftServer,group=group-B029DA686437,id=38d24973-4522-4e24-8845-d0d59163b20a
2019-11-14 22:53:35,057 [pool-626-thread-1] WARN  impl.MetricRegistriesImpl (MetricRegistriesImpl.java:lambda$create$1(61)) - First MetricRegistry has been created without registering reporters. You may need to call MetricRegistries.global().addReportRegistration(...) before.
2019-11-14 22:53:35,058 [RatisPipelineUtilsThread] INFO  pipeline.PipelineStateManager (PipelineStateManager.java:addPipeline(55)) - Created pipeline Pipeline[ Id: 98f74d72-be64-46db-afde-b029da686437, Nodes: 38d24973-4522-4e24-8845-d0d59163b20a{ip: 192.168.164.210, host: pr-hdds-2448-del-container-qmj8s-3203767274, networkLocation: /rack1, certSerialId: null}, Type:RATIS, Factor:ONE, State:ALLOCATED]
2019-11-14 22:53:35,059 [IPC Server handler 0 on 33986] INFO  net.NetworkTopology (NetworkTopologyImpl.java:add(111)) - Added a new node: /rack1/9b10aba0-cc5c-407b-9285-7072d29b9deb
2019-11-14 22:53:35,062 [IPC Server handler 0 on 33986] INFO  node.SCMNodeManager (SCMNodeManager.java:register(267)) - Registered Data node : 9b10aba0-cc5c-407b-9285-7072d29b9deb{ip: 192.168.164.210, host: pr-hdds-2448-del-container-qmj8s-3203767274, networkLocation: /rack1, certSerialId: null}
2019-11-14 22:53:35,127 [IPC Server handler 2 on 33986] INFO  net.NetworkTopology (NetworkTopologyImpl.java:add(111)) - Added a new node: /rack1/257e5bad-a5d9-4311-875c-39b27f9709ed
2019-11-14 22:53:35,127 [IPC Server handler 2 on 33986] INFO  node.SCMNodeManager (SCMNodeManager.java:register(267)) - Registered Data node : 257e5bad-a5d9-4311-875c-39b27f9709ed{ip: 192.168.164.210, host: pr-hdds-2448-del-container-qmj8s-3203767274, networkLocation: /rack1, certSerialId: null}
2019-11-14 22:53:35,133 [grpc-default-executor-6] INFO  impl.RaftServerProxy (RaftServerProxy.java:addNew(89)) - 9b10aba0-cc5c-407b-9285-7072d29b9deb: addNew group-CF5B8F46C9B1:[9b10aba0-cc5c-407b-9285-7072d29b9deb:192.168.164.210:44092] returns group-CF5B8F46C9B1:java.util.concurrent.CompletableFuture@f38c122[Not completed]
2019-11-14 22:53:35,134 [pool-637-thread-1] INFO  impl.RaftServerImpl (RaftServerImpl.java:<init>(98)) - 9b10aba0-cc5c-407b-9285-7072d29b9deb: new RaftServerImpl for group-CF5B8F46C9B1:[9b10aba0-cc5c-407b-9285-7072d29b9deb:192.168.164.210:44092] with ContainerStateMachine:uninitialized
2019-11-14 22:53:35,134 [pool-637-thread-1] INFO  server.RaftServerConfigKeys (ConfUtils.java:logGet(43)) - raft.server.rpc.timeout.min = 1s (custom)
2019-11-14 22:53:35,135 [pool-637-thread-1] INFO  server.RaftServerConfigKeys (ConfUtils.java:logGet(43)) - raft.server.rpc.timeout.max = 1200ms (custom)
2019-11-14 22:53:35,135 [pool-637-thread-1] INFO  server.RaftServerConfigKeys (ConfUtils.java:logGet(43)) - raft.server.rpcslowness.timeout = 120s (custom)
2019-11-14 22:53:35,135 [pool-637-thread-1] INFO  server.RaftServerConfigKeys (ConfUtils.java:logGet(43)) - raft.server.sleep.deviation.threshold = 300 (default)
2019-11-14 22:53:35,135 [pool-637-thread-1] INFO  server.RaftServerConfigKeys (ConfUtils.java:logGet(43)) - raft.server.log.appender.install.snapshot.enabled = false (custom)
2019-11-14 22:53:35,135 [pool-637-thread-1] INFO  impl.RaftServerImpl (ServerState.java:<init>(103)) - 9b10aba0-cc5c-407b-9285-7072d29b9deb@group-CF5B8F46C9B1: ConfigurationManager, init=-1: [9b10aba0-cc5c-407b-9285-7072d29b9deb:192.168.164.210:44092], old=null, confs=<EMPTY_MAP>
2019-11-14 22:53:35,135 [pool-637-thread-1] INFO  server.RaftServerConfigKeys (ConfUtils.java:logGet(43)) - raft.server.storage.dir = [/workdir/hadoop-ozone/integration-test/target/test-dir/MiniOzoneClusterImpl-c304fa79-6e7f-43ac-8564-360665bd8c65/datanode-8/data/ratis] (custom)
2019-11-14 22:53:35,135 [pool-637-thread-1] INFO  server.RaftServerConfigKeys (ConfUtils.java:logGet(43)) - raft.server.log.corruption.policy = EXCEPTION (default)
2019-11-14 22:53:35,136 [pool-637-thread-1] INFO  storage.RaftStorageDirectory (RaftStorageDirectory.java:analyzeStorage(246)) - The storage directory /workdir/hadoop-ozone/integration-test/target/test-dir/MiniOzoneClusterImpl-c304fa79-6e7f-43ac-8564-360665bd8c65/datanode-8/data/ratis/2233ae19-4a95-415a-b510-cf5b8f46c9b1 does not exist. Creating ...
2019-11-14 22:53:35,149 [pool-637-thread-1] INFO  storage.RaftStorageDirectory (RaftStorageDirectory.java:tryLock(328)) - Lock on /workdir/hadoop-ozone/integration-test/target/test-dir/MiniOzoneClusterImpl-c304fa79-6e7f-43ac-8564-360665bd8c65/datanode-8/data/ratis/2233ae19-4a95-415a-b510-cf5b8f46c9b1/in_use.lock acquired by nodename 20539@pr-hdds-2448-del-container-qmj8s-3203767274
2019-11-14 22:53:35,162 [pool-637-thread-1] INFO  storage.RaftStorage (RaftStorage.java:format(84)) - Storage directory /workdir/hadoop-ozone/integration-test/target/test-dir/MiniOzoneClusterImpl-c304fa79-6e7f-43ac-8564-360665bd8c65/datanode-8/data/ratis/2233ae19-4a95-415a-b510-cf5b8f46c9b1 has been successfully formatted.
2019-11-14 22:53:35,162 [pool-637-thread-1] INFO  ratis.ContainerStateMachine (ContainerStateMachine.java:loadSnapshot(223)) - group-CF5B8F46C9B1: The snapshot info is null. Setting the last applied indexto:(t:0, i:~)
2019-11-14 22:53:35,162 [pool-637-thread-1] INFO  server.RaftServerConfigKeys (ConfUtils.java:logGet(43)) - raft.server.notification.no-leader.timeout = 120s (custom)
2019-11-14 22:53:35,162 [pool-637-thread-1] INFO  server.RaftServerConfigKeys (ConfUtils.java:logGet(43)) - raft.server.log.use.memory = false (default)
2019-11-14 22:53:35,162 [pool-637-thread-1] INFO  server.RaftServerConfigKeys (ConfUtils.java:logGet(43)) - raft.server.log.purge.gap = 1000000 (custom)
2019-11-14 22:53:35,162 [pool-637-thread-1] INFO  server.RaftServerConfigKeys (ConfUtils.java:logGet(43)) - raft.server.log.appender.buffer.byte-limit = 33554432 (custom)
2019-11-14 22:53:35,163 [pool-637-thread-1] INFO  server.RaftServerConfigKeys (ConfUtils.java:logGet(43)) - raft.server.log.segment.size.max = 1048576 (custom)
2019-11-14 22:53:35,163 [pool-637-thread-1] WARN  impl.MetricRegistriesImpl (MetricRegistriesImpl.java:lambda$create$1(61)) - First MetricRegistry has been created without registering reporters. You may need to call MetricRegistries.global().addReportRegistration(...) before.
2019-11-14 22:53:35,163 [pool-637-thread-1] INFO  server.RaftServerConfigKeys (ConfUtils.java:logGet(43)) - raft.server.log.segment.cache.num.max = 2 (custom)
2019-11-14 22:53:35,163 [pool-637-thread-1] INFO  segmented.SegmentedRaftLogWorker (SegmentedRaftLogWorker.java:<init>(173)) - new 9b10aba0-cc5c-407b-9285-7072d29b9deb@group-CF5B8F46C9B1-SegmentedRaftLogWorker for RaftStorage:Storage Directory /workdir/hadoop-ozone/integration-test/target/test-dir/MiniOzoneClusterImpl-c304fa79-6e7f-43ac-8564-360665bd8c65/datanode-8/data/ratis/2233ae19-4a95-415a-b510-cf5b8f46c9b1
2019-11-14 22:53:35,163 [pool-637-thread-1] INFO  server.RaftServerConfigKeys (ConfUtils.java:logGet(43)) - raft.server.log.queue.byte-limit = 2147483647 (custom)
2019-11-14 22:53:35,163 [pool-637-thread-1] INFO  server.RaftServerConfigKeys (ConfUtils.java:logGet(43)) - raft.server.log.queue.element-limit = 1024 (custom)
2019-11-14 22:53:35,163 [pool-637-thread-1] INFO  server.RaftServerConfigKeys (ConfUtils.java:logGet(43)) - raft.server.log.segment.size.max = 1048576 (custom)
2019-11-14 22:53:35,163 [pool-637-thread-1] INFO  server.RaftServerConfigKeys (ConfUtils.java:logGet(43)) - raft.server.log.preallocated.size = 16384 (custom)
2019-11-14 22:53:35,163 [pool-637-thread-1] INFO  server.RaftServerConfigKeys (ConfUtils.java:logGet(43)) - raft.server.log.write.buffer.size = 33554432 (custom)
2019-11-14 22:53:35,163 [pool-637-thread-1] INFO  server.RaftServerConfigKeys (ConfUtils.java:logGet(43)) - raft.server.log.force.sync.num = 128 (default)
2019-11-14 22:53:35,164 [pool-637-thread-1] INFO  server.RaftServerConfigKeys (ConfUtils.java:logGet(43)) - raft.server.log.statemachine.data.sync = true (default)
2019-11-14 22:53:35,164 [pool-637-thread-1] INFO  server.RaftServerConfigKeys (ConfUtils.java:logGet(43)) - raft.server.log.statemachine.data.sync.timeout = 10s (default)
2019-11-14 22:53:35,164 [pool-637-thread-1] INFO  server.RaftServerConfigKeys (ConfUtils.java:logGet(43)) - raft.server.log.statemachine.data.sync.timeout.retry = -1 (default)
2019-11-14 22:53:35,164 [pool-637-thread-1] INFO  server.RaftServerConfigKeys (ConfUtils.java:logGet(43)) - raft.server.log.statemachine.data.caching.enabled = true (custom)
2019-11-14 22:53:35,164 [pool-637-thread-1] INFO  segmented.SegmentedRaftLogWorker (SegmentedRaftLogWorker.java:lambda$new$0(128)) - 9b10aba0-cc5c-407b-9285-7072d29b9deb@group-CF5B8F46C9B1-SegmentedRaftLogWorker: flushIndex: setUnconditionally 0 -> -1
2019-11-14 22:53:35,164 [pool-637-thread-1] INFO  server.RaftServerConfigKeys (ConfUtils.java:logGet(43)) - raft.server.snapshot.auto.trigger.enabled = true (custom)
2019-11-14 22:53:35,165 [pool-637-thread-1] INFO  server.RaftServerConfigKeys (ConfUtils.java:logGet(43)) - raft.server.snapshot.auto.trigger.threshold = 10000 (custom)
2019-11-14 22:53:35,165 [pool-637-thread-1] INFO  server.RaftServerConfigKeys (ConfUtils.java:logGet(43)) - raft.server.snapshot.retention.file.num = 5 (custom)
2019-11-14 22:53:35,165 [pool-637-thread-1] INFO  server.RaftServerConfigKeys (ConfUtils.java:logGet(43)) - raft.server.retrycache.expirytime = 600000ms (custom)
2019-11-14 22:53:35,165 [pool-637-thread-1] WARN  impl.MetricRegistriesImpl (MetricRegistriesImpl.java:lambda$create$1(61)) - First MetricRegistry has been created without registering reporters. You may need to call MetricRegistries.global().addReportRegistration(...) before.
2019-11-14 22:53:35,165 [pool-637-thread-1] WARN  impl.MetricRegistriesImpl (MetricRegistriesImpl.java:lambda$create$1(61)) - First MetricRegistry has been created without registering reporters. You may need to call MetricRegistries.global().addReportRegistration(...) before.
2019-11-14 22:53:35,165 [pool-637-thread-1] INFO  impl.RaftServerImpl (RaftServerImpl.java:start(184)) - 9b10aba0-cc5c-407b-9285-7072d29b9deb@group-CF5B8F46C9B1: start as a follower, conf=-1: [9b10aba0-cc5c-407b-9285-7072d29b9deb:192.168.164.210:44092], old=null
2019-11-14 22:53:35,165 [pool-637-thread-1] INFO  impl.RaftServerImpl (RaftServerImpl.java:setRole(173)) - 9b10aba0-cc5c-407b-9285-7072d29b9deb@group-CF5B8F46C9B1: changes role from      null to FOLLOWER at term 0 for startAsFollower
2019-11-14 22:53:35,165 [pool-637-thread-1] INFO  impl.RoleInfo (RoleInfo.java:updateAndGet(143)) - 9b10aba0-cc5c-407b-9285-7072d29b9deb: start FollowerState
2019-11-14 22:53:35,166 [pool-637-thread-1] INFO  util.JmxRegister (JmxRegister.java:tryRegister(44)) - Successfully registered JMX Bean with object name Ratis:service=RaftServer,group=group-CF5B8F46C9B1,id=9b10aba0-cc5c-407b-9285-7072d29b9deb
2019-11-14 22:53:35,166 [pool-637-thread-1] WARN  impl.MetricRegistriesImpl (MetricRegistriesImpl.java:lambda$create$1(61)) - First MetricRegistry has been created without registering reporters. You may need to call MetricRegistries.global().addReportRegistration(...) before.
2019-11-14 22:53:35,168 [RatisPipelineUtilsThread] INFO  pipeline.PipelineStateManager (PipelineStateManager.java:addPipeline(55)) - Created pipeline Pipeline[ Id: 2233ae19-4a95-415a-b510-cf5b8f46c9b1, Nodes: 9b10aba0-cc5c-407b-9285-7072d29b9deb{ip: 192.168.164.210, host: pr-hdds-2448-del-container-qmj8s-3203767274, networkLocation: /rack1, certSerialId: null}, Type:RATIS, Factor:ONE, State:ALLOCATED]
2019-11-14 22:53:35,174 [grpc-default-executor-6] INFO  impl.RaftServerProxy (RaftServerProxy.java:addNew(89)) - 257e5bad-a5d9-4311-875c-39b27f9709ed: addNew group-4212E911BFF7:[257e5bad-a5d9-4311-875c-39b27f9709ed:192.168.164.210:40481] returns group-4212E911BFF7:java.util.concurrent.CompletableFuture@69e440de[Not completed]
2019-11-14 22:53:35,175 [pool-648-thread-1] INFO  impl.RaftServerImpl (RaftServerImpl.java:<init>(98)) - 257e5bad-a5d9-4311-875c-39b27f9709ed: new RaftServerImpl for group-4212E911BFF7:[257e5bad-a5d9-4311-875c-39b27f9709ed:192.168.164.210:40481] with ContainerStateMachine:uninitialized
2019-11-14 22:53:35,175 [pool-648-thread-1] INFO  server.RaftServerConfigKeys (ConfUtils.java:logGet(43)) - raft.server.rpc.timeout.min = 1s (custom)
2019-11-14 22:53:35,175 [pool-648-thread-1] INFO  server.RaftServerConfigKeys (ConfUtils.java:logGet(43)) - raft.server.rpc.timeout.max = 1200ms (custom)
2019-11-14 22:53:35,175 [pool-648-thread-1] INFO  server.RaftServerConfigKeys (ConfUtils.java:logGet(43)) - raft.server.rpcslowness.timeout = 120s (custom)
2019-11-14 22:53:35,175 [pool-648-thread-1] INFO  server.RaftServerConfigKeys (ConfUtils.java:logGet(43)) - raft.server.sleep.deviation.threshold = 300 (default)
2019-11-14 22:53:35,175 [pool-648-thread-1] INFO  server.RaftServerConfigKeys (ConfUtils.java:logGet(43)) - raft.server.log.appender.install.snapshot.enabled = false (custom)
2019-11-14 22:53:35,175 [pool-648-thread-1] INFO  impl.RaftServerImpl (ServerState.java:<init>(103)) - 257e5bad-a5d9-4311-875c-39b27f9709ed@group-4212E911BFF7: ConfigurationManager, init=-1: [257e5bad-a5d9-4311-875c-39b27f9709ed:192.168.164.210:40481], old=null, confs=<EMPTY_MAP>
2019-11-14 22:53:35,175 [pool-648-thread-1] INFO  server.RaftServerConfigKeys (ConfUtils.java:logGet(43)) - raft.server.storage.dir = [/workdir/hadoop-ozone/integration-test/target/test-dir/MiniOzoneClusterImpl-c304fa79-6e7f-43ac-8564-360665bd8c65/datanode-9/data/ratis] (custom)
2019-11-14 22:53:35,176 [pool-648-thread-1] INFO  server.RaftServerConfigKeys (ConfUtils.java:logGet(43)) - raft.server.log.corruption.policy = EXCEPTION (default)
2019-11-14 22:53:35,176 [pool-648-thread-1] INFO  storage.RaftStorageDirectory (RaftStorageDirectory.java:analyzeStorage(246)) - The storage directory /workdir/hadoop-ozone/integration-test/target/test-dir/MiniOzoneClusterImpl-c304fa79-6e7f-43ac-8564-360665bd8c65/datanode-9/data/ratis/6e41b1e7-0b44-4b72-a23a-4212e911bff7 does not exist. Creating ...
2019-11-14 22:53:35,189 [pool-648-thread-1] INFO  storage.RaftStorageDirectory (RaftStorageDirectory.java:tryLock(328)) - Lock on /workdir/hadoop-ozone/integration-test/target/test-dir/MiniOzoneClusterImpl-c304fa79-6e7f-43ac-8564-360665bd8c65/datanode-9/data/ratis/6e41b1e7-0b44-4b72-a23a-4212e911bff7/in_use.lock acquired by nodename 20539@pr-hdds-2448-del-container-qmj8s-3203767274
2019-11-14 22:53:35,202 [pool-648-thread-1] INFO  storage.RaftStorage (RaftStorage.java:format(84)) - Storage directory /workdir/hadoop-ozone/integration-test/target/test-dir/MiniOzoneClusterImpl-c304fa79-6e7f-43ac-8564-360665bd8c65/datanode-9/data/ratis/6e41b1e7-0b44-4b72-a23a-4212e911bff7 has been successfully formatted.
2019-11-14 22:53:35,202 [pool-648-thread-1] INFO  ratis.ContainerStateMachine (ContainerStateMachine.java:loadSnapshot(223)) - group-4212E911BFF7: The snapshot info is null. Setting the last applied indexto:(t:0, i:~)
2019-11-14 22:53:35,202 [pool-648-thread-1] INFO  server.RaftServerConfigKeys (ConfUtils.java:logGet(43)) - raft.server.notification.no-leader.timeout = 120s (custom)
2019-11-14 22:53:35,202 [pool-648-thread-1] INFO  server.RaftServerConfigKeys (ConfUtils.java:logGet(43)) - raft.server.log.use.memory = false (default)
2019-11-14 22:53:35,202 [pool-648-thread-1] INFO  server.RaftServerConfigKeys (ConfUtils.java:logGet(43)) - raft.server.log.purge.gap = 1000000 (custom)
2019-11-14 22:53:35,202 [pool-648-thread-1] INFO  server.RaftServerConfigKeys (ConfUtils.java:logGet(43)) - raft.server.log.appender.buffer.byte-limit = 33554432 (custom)
2019-11-14 22:53:35,202 [pool-648-thread-1] INFO  server.RaftServerConfigKeys (ConfUtils.java:logGet(43)) - raft.server.log.segment.size.max = 1048576 (custom)
2019-11-14 22:53:35,202 [pool-648-thread-1] WARN  impl.MetricRegistriesImpl (MetricRegistriesImpl.java:lambda$create$1(61)) - First MetricRegistry has been created without registering reporters. You may need to call MetricRegistries.global().addReportRegistration(...) before.
2019-11-14 22:53:35,202 [pool-648-thread-1] INFO  server.RaftServerConfigKeys (ConfUtils.java:logGet(43)) - raft.server.log.segment.cache.num.max = 2 (custom)
2019-11-14 22:53:35,203 [pool-648-thread-1] INFO  segmented.SegmentedRaftLogWorker (SegmentedRaftLogWorker.java:<init>(173)) - new 257e5bad-a5d9-4311-875c-39b27f9709ed@group-4212E911BFF7-SegmentedRaftLogWorker for RaftStorage:Storage Directory /workdir/hadoop-ozone/integration-test/target/test-dir/MiniOzoneClusterImpl-c304fa79-6e7f-43ac-8564-360665bd8c65/datanode-9/data/ratis/6e41b1e7-0b44-4b72-a23a-4212e911bff7
2019-11-14 22:53:35,203 [pool-648-thread-1] INFO  server.RaftServerConfigKeys (ConfUtils.java:logGet(43)) - raft.server.log.queue.byte-limit = 2147483647 (custom)
2019-11-14 22:53:35,203 [pool-648-thread-1] INFO  server.RaftServerConfigKeys (ConfUtils.java:logGet(43)) - raft.server.log.queue.element-limit = 1024 (custom)
2019-11-14 22:53:35,203 [pool-648-thread-1] INFO  server.RaftServerConfigKeys (ConfUtils.java:logGet(43)) - raft.server.log.segment.size.max = 1048576 (custom)
2019-11-14 22:53:35,203 [pool-648-thread-1] INFO  server.RaftServerConfigKeys (ConfUtils.java:logGet(43)) - raft.server.log.preallocated.size = 16384 (custom)
2019-11-14 22:53:35,203 [pool-648-thread-1] INFO  server.RaftServerConfigKeys (ConfUtils.java:logGet(43)) - raft.server.log.write.buffer.size = 33554432 (custom)
2019-11-14 22:53:35,203 [pool-648-thread-1] INFO  server.RaftServerConfigKeys (ConfUtils.java:logGet(43)) - raft.server.log.force.sync.num = 128 (default)
2019-11-14 22:53:35,203 [pool-648-thread-1] INFO  server.RaftServerConfigKeys (ConfUtils.java:logGet(43)) - raft.server.log.statemachine.data.sync = true (default)
2019-11-14 22:53:35,203 [pool-648-thread-1] INFO  server.RaftServerConfigKeys (ConfUtils.java:logGet(43)) - raft.server.log.statemachine.data.sync.timeout = 10s (default)
2019-11-14 22:53:35,203 [pool-648-thread-1] INFO  server.RaftServerConfigKeys (ConfUtils.java:logGet(43)) - raft.server.log.statemachine.data.sync.timeout.retry = -1 (default)
2019-11-14 22:53:35,203 [pool-648-thread-1] INFO  server.RaftServerConfigKeys (ConfUtils.java:logGet(43)) - raft.server.log.statemachine.data.caching.enabled = true (custom)
2019-11-14 22:53:35,203 [pool-648-thread-1] INFO  segmented.SegmentedRaftLogWorker (SegmentedRaftLogWorker.java:lambda$new$0(128)) - 257e5bad-a5d9-4311-875c-39b27f9709ed@group-4212E911BFF7-SegmentedRaftLogWorker: flushIndex: setUnconditionally 0 -> -1
2019-11-14 22:53:35,204 [pool-648-thread-1] INFO  server.RaftServerConfigKeys (ConfUtils.java:logGet(43)) - raft.server.snapshot.auto.trigger.enabled = true (custom)
2019-11-14 22:53:35,204 [pool-648-thread-1] INFO  server.RaftServerConfigKeys (ConfUtils.java:logGet(43)) - raft.server.snapshot.auto.trigger.threshold = 10000 (custom)
2019-11-14 22:53:35,204 [pool-648-thread-1] INFO  server.RaftServerConfigKeys (ConfUtils.java:logGet(43)) - raft.server.snapshot.retention.file.num = 5 (custom)
2019-11-14 22:53:35,204 [pool-648-thread-1] INFO  server.RaftServerConfigKeys (ConfUtils.java:logGet(43)) - raft.server.retrycache.expirytime = 600000ms (custom)
2019-11-14 22:53:35,204 [pool-648-thread-1] WARN  impl.MetricRegistriesImpl (MetricRegistriesImpl.java:lambda$create$1(61)) - First MetricRegistry has been created without registering reporters. You may need to call MetricRegistries.global().addReportRegistration(...) before.
2019-11-14 22:53:35,204 [pool-648-thread-1] WARN  impl.MetricRegistriesImpl (MetricRegistriesImpl.java:lambda$create$1(61)) - First MetricRegistry has been created without registering reporters. You may need to call MetricRegistries.global().addReportRegistration(...) before.
2019-11-14 22:53:35,204 [pool-648-thread-1] INFO  impl.RaftServerImpl (RaftServerImpl.java:start(184)) - 257e5bad-a5d9-4311-875c-39b27f9709ed@group-4212E911BFF7: start as a follower, conf=-1: [257e5bad-a5d9-4311-875c-39b27f9709ed:192.168.164.210:40481], old=null
2019-11-14 22:53:35,204 [pool-648-thread-1] INFO  impl.RaftServerImpl (RaftServerImpl.java:setRole(173)) - 257e5bad-a5d9-4311-875c-39b27f9709ed@group-4212E911BFF7: changes role from      null to FOLLOWER at term 0 for startAsFollower
2019-11-14 22:53:35,204 [pool-648-thread-1] INFO  impl.RoleInfo (RoleInfo.java:updateAndGet(143)) - 257e5bad-a5d9-4311-875c-39b27f9709ed: start FollowerState
2019-11-14 22:53:35,205 [pool-648-thread-1] INFO  util.JmxRegister (JmxRegister.java:tryRegister(44)) - Successfully registered JMX Bean with object name Ratis:service=RaftServer,group=group-4212E911BFF7,id=257e5bad-a5d9-4311-875c-39b27f9709ed
2019-11-14 22:53:35,205 [pool-648-thread-1] WARN  impl.MetricRegistriesImpl (MetricRegistriesImpl.java:lambda$create$1(61)) - First MetricRegistry has been created without registering reporters. You may need to call MetricRegistries.global().addReportRegistration(...) before.
2019-11-14 22:53:35,207 [RatisPipelineUtilsThread] INFO  pipeline.PipelineStateManager (PipelineStateManager.java:addPipeline(55)) - Created pipeline Pipeline[ Id: 6e41b1e7-0b44-4b72-a23a-4212e911bff7, Nodes: 257e5bad-a5d9-4311-875c-39b27f9709ed{ip: 192.168.164.210, host: pr-hdds-2448-del-container-qmj8s-3203767274, networkLocation: /rack1, certSerialId: null}, Type:RATIS, Factor:ONE, State:ALLOCATED]
2019-11-14 22:53:35,215 [grpc-default-executor-4] INFO  impl.RaftServerProxy (RaftServerProxy.java:addNew(89)) - fe27ed9b-283a-4979-94f3-8c29e1f5fa70: addNew group-FB138B0A8187:[fe27ed9b-283a-4979-94f3-8c29e1f5fa70:192.168.164.210:38253, 9b10aba0-cc5c-407b-9285-7072d29b9deb:192.168.164.210:44092, 38d24973-4522-4e24-8845-d0d59163b20a:192.168.164.210:38331] returns group-FB138B0A8187:java.util.concurrent.CompletableFuture@2123105d[Not completed]
2019-11-14 22:53:35,216 [grpc-default-executor-1] INFO  impl.RaftServerProxy (RaftServerProxy.java:addNew(89)) - 9b10aba0-cc5c-407b-9285-7072d29b9deb: addNew group-FB138B0A8187:[fe27ed9b-283a-4979-94f3-8c29e1f5fa70:192.168.164.210:38253, 9b10aba0-cc5c-407b-9285-7072d29b9deb:192.168.164.210:44092, 38d24973-4522-4e24-8845-d0d59163b20a:192.168.164.210:38331] returns group-FB138B0A8187:java.util.concurrent.CompletableFuture@76889943[Not completed]
2019-11-14 22:53:35,216 [grpc-default-executor-4] INFO  impl.RaftServerProxy (RaftServerProxy.java:addNew(89)) - 38d24973-4522-4e24-8845-d0d59163b20a: addNew group-FB138B0A8187:[fe27ed9b-283a-4979-94f3-8c29e1f5fa70:192.168.164.210:38253, 9b10aba0-cc5c-407b-9285-7072d29b9deb:192.168.164.210:44092, 38d24973-4522-4e24-8845-d0d59163b20a:192.168.164.210:38331] returns group-FB138B0A8187:java.util.concurrent.CompletableFuture@351f7f97[Not completed]
2019-11-14 22:53:35,217 [pool-615-thread-1] INFO  impl.RaftServerImpl (RaftServerImpl.java:<init>(98)) - fe27ed9b-283a-4979-94f3-8c29e1f5fa70: new RaftServerImpl for group-FB138B0A8187:[fe27ed9b-283a-4979-94f3-8c29e1f5fa70:192.168.164.210:38253, 9b10aba0-cc5c-407b-9285-7072d29b9deb:192.168.164.210:44092, 38d24973-4522-4e24-8845-d0d59163b20a:192.168.164.210:38331] with ContainerStateMachine:uninitialized
2019-11-14 22:53:35,217 [pool-615-thread-1] INFO  server.RaftServerConfigKeys (ConfUtils.java:logGet(43)) - raft.server.rpc.timeout.min = 1s (custom)
2019-11-14 22:53:35,217 [pool-615-thread-1] INFO  server.RaftServerConfigKeys (ConfUtils.java:logGet(43)) - raft.server.rpc.timeout.max = 1200ms (custom)
2019-11-14 22:53:35,217 [pool-615-thread-1] INFO  server.RaftServerConfigKeys (ConfUtils.java:logGet(43)) - raft.server.rpcslowness.timeout = 120s (custom)
2019-11-14 22:53:35,217 [pool-615-thread-1] INFO  server.RaftServerConfigKeys (ConfUtils.java:logGet(43)) - raft.server.sleep.deviation.threshold = 300 (default)
2019-11-14 22:53:35,217 [pool-626-thread-1] INFO  impl.RaftServerImpl (RaftServerImpl.java:<init>(98)) - 38d24973-4522-4e24-8845-d0d59163b20a: new RaftServerImpl for group-FB138B0A8187:[fe27ed9b-283a-4979-94f3-8c29e1f5fa70:192.168.164.210:38253, 9b10aba0-cc5c-407b-9285-7072d29b9deb:192.168.164.210:44092, 38d24973-4522-4e24-8845-d0d59163b20a:192.168.164.210:38331] with ContainerStateMachine:uninitialized
2019-11-14 22:53:35,217 [pool-615-thread-1] INFO  server.RaftServerConfigKeys (ConfUtils.java:logGet(43)) - raft.server.log.appender.install.snapshot.enabled = false (custom)
2019-11-14 22:53:35,218 [pool-626-thread-1] INFO  server.RaftServerConfigKeys (ConfUtils.java:logGet(43)) - raft.server.rpc.timeout.min = 1s (custom)
2019-11-14 22:53:35,218 [pool-615-thread-1] INFO  impl.RaftServerImpl (ServerState.java:<init>(103)) - fe27ed9b-283a-4979-94f3-8c29e1f5fa70@group-FB138B0A8187: ConfigurationManager, init=-1: [fe27ed9b-283a-4979-94f3-8c29e1f5fa70:192.168.164.210:38253, 9b10aba0-cc5c-407b-9285-7072d29b9deb:192.168.164.210:44092, 38d24973-4522-4e24-8845-d0d59163b20a:192.168.164.210:38331], old=null, confs=<EMPTY_MAP>
2019-11-14 22:53:35,218 [pool-626-thread-1] INFO  server.RaftServerConfigKeys (ConfUtils.java:logGet(43)) - raft.server.rpc.timeout.max = 1200ms (custom)
2019-11-14 22:53:35,218 [pool-615-thread-1] INFO  server.RaftServerConfigKeys (ConfUtils.java:logGet(43)) - raft.server.storage.dir = [/workdir/hadoop-ozone/integration-test/target/test-dir/MiniOzoneClusterImpl-c304fa79-6e7f-43ac-8564-360665bd8c65/datanode-6/data/ratis] (custom)
2019-11-14 22:53:35,218 [pool-637-thread-1] INFO  impl.RaftServerImpl (RaftServerImpl.java:<init>(98)) - 9b10aba0-cc5c-407b-9285-7072d29b9deb: new RaftServerImpl for group-FB138B0A8187:[fe27ed9b-283a-4979-94f3-8c29e1f5fa70:192.168.164.210:38253, 9b10aba0-cc5c-407b-9285-7072d29b9deb:192.168.164.210:44092, 38d24973-4522-4e24-8845-d0d59163b20a:192.168.164.210:38331] with ContainerStateMachine:uninitialized
2019-11-14 22:53:35,218 [pool-637-thread-1] INFO  server.RaftServerConfigKeys (ConfUtils.java:logGet(43)) - raft.server.rpc.timeout.min = 1s (custom)
2019-11-14 22:53:35,218 [pool-626-thread-1] INFO  server.RaftServerConfigKeys (ConfUtils.java:logGet(43)) - raft.server.rpcslowness.timeout = 120s (custom)
2019-11-14 22:53:35,218 [pool-637-thread-1] INFO  server.RaftServerConfigKeys (ConfUtils.java:logGet(43)) - raft.server.rpc.timeout.max = 1200ms (custom)
2019-11-14 22:53:35,218 [pool-615-thread-1] INFO  server.RaftServerConfigKeys (ConfUtils.java:logGet(43)) - raft.server.log.corruption.policy = EXCEPTION (default)
2019-11-14 22:53:35,219 [pool-637-thread-1] INFO  server.RaftServerConfigKeys (ConfUtils.java:logGet(43)) - raft.server.rpcslowness.timeout = 120s (custom)
2019-11-14 22:53:35,218 [pool-626-thread-1] INFO  server.RaftServerConfigKeys (ConfUtils.java:logGet(43)) - raft.server.sleep.deviation.threshold = 300 (default)
2019-11-14 22:53:35,219 [pool-615-thread-1] INFO  storage.RaftStorageDirectory (RaftStorageDirectory.java:analyzeStorage(246)) - The storage directory /workdir/hadoop-ozone/integration-test/target/test-dir/MiniOzoneClusterImpl-c304fa79-6e7f-43ac-8564-360665bd8c65/datanode-6/data/ratis/bea2774a-2976-4ea3-a9ae-fb138b0a8187 does not exist. Creating ...
2019-11-14 22:53:35,219 [pool-637-thread-1] INFO  server.RaftServerConfigKeys (ConfUtils.java:logGet(43)) - raft.server.sleep.deviation.threshold = 300 (default)
2019-11-14 22:53:35,219 [pool-626-thread-1] INFO  server.RaftServerConfigKeys (ConfUtils.java:logGet(43)) - raft.server.log.appender.install.snapshot.enabled = false (custom)
2019-11-14 22:53:35,219 [pool-637-thread-1] INFO  server.RaftServerConfigKeys (ConfUtils.java:logGet(43)) - raft.server.log.appender.install.snapshot.enabled = false (custom)
2019-11-14 22:53:35,219 [pool-626-thread-1] INFO  impl.RaftServerImpl (ServerState.java:<init>(103)) - 38d24973-4522-4e24-8845-d0d59163b20a@group-FB138B0A8187: ConfigurationManager, init=-1: [fe27ed9b-283a-4979-94f3-8c29e1f5fa70:192.168.164.210:38253, 9b10aba0-cc5c-407b-9285-7072d29b9deb:192.168.164.210:44092, 38d24973-4522-4e24-8845-d0d59163b20a:192.168.164.210:38331], old=null, confs=<EMPTY_MAP>
2019-11-14 22:53:35,219 [pool-637-thread-1] INFO  impl.RaftServerImpl (ServerState.java:<init>(103)) - 9b10aba0-cc5c-407b-9285-7072d29b9deb@group-FB138B0A8187: ConfigurationManager, init=-1: [fe27ed9b-283a-4979-94f3-8c29e1f5fa70:192.168.164.210:38253, 9b10aba0-cc5c-407b-9285-7072d29b9deb:192.168.164.210:44092, 38d24973-4522-4e24-8845-d0d59163b20a:192.168.164.210:38331], old=null, confs=<EMPTY_MAP>
2019-11-14 22:53:35,219 [pool-626-thread-1] INFO  server.RaftServerConfigKeys (ConfUtils.java:logGet(43)) - raft.server.storage.dir = [/workdir/hadoop-ozone/integration-test/target/test-dir/MiniOzoneClusterImpl-c304fa79-6e7f-43ac-8564-360665bd8c65/datanode-7/data/ratis] (custom)
2019-11-14 22:53:35,219 [pool-637-thread-1] INFO  server.RaftServerConfigKeys (ConfUtils.java:logGet(43)) - raft.server.storage.dir = [/workdir/hadoop-ozone/integration-test/target/test-dir/MiniOzoneClusterImpl-c304fa79-6e7f-43ac-8564-360665bd8c65/datanode-8/data/ratis] (custom)
2019-11-14 22:53:35,220 [pool-626-thread-1] INFO  server.RaftServerConfigKeys (ConfUtils.java:logGet(43)) - raft.server.log.corruption.policy = EXCEPTION (default)
2019-11-14 22:53:35,220 [pool-637-thread-1] INFO  server.RaftServerConfigKeys (ConfUtils.java:logGet(43)) - raft.server.log.corruption.policy = EXCEPTION (default)
2019-11-14 22:53:35,220 [pool-626-thread-1] INFO  storage.RaftStorageDirectory (RaftStorageDirectory.java:analyzeStorage(246)) - The storage directory /workdir/hadoop-ozone/integration-test/target/test-dir/MiniOzoneClusterImpl-c304fa79-6e7f-43ac-8564-360665bd8c65/datanode-7/data/ratis/bea2774a-2976-4ea3-a9ae-fb138b0a8187 does not exist. Creating ...
2019-11-14 22:53:35,220 [pool-637-thread-1] INFO  storage.RaftStorageDirectory (RaftStorageDirectory.java:analyzeStorage(246)) - The storage directory /workdir/hadoop-ozone/integration-test/target/test-dir/MiniOzoneClusterImpl-c304fa79-6e7f-43ac-8564-360665bd8c65/datanode-8/data/ratis/bea2774a-2976-4ea3-a9ae-fb138b0a8187 does not exist. Creating ...
2019-11-14 22:53:35,233 [pool-637-thread-1] INFO  storage.RaftStorageDirectory (RaftStorageDirectory.java:tryLock(328)) - Lock on /workdir/hadoop-ozone/integration-test/target/test-dir/MiniOzoneClusterImpl-c304fa79-6e7f-43ac-8564-360665bd8c65/datanode-8/data/ratis/bea2774a-2976-4ea3-a9ae-fb138b0a8187/in_use.lock acquired by nodename 20539@pr-hdds-2448-del-container-qmj8s-3203767274
2019-11-14 22:53:35,233 [pool-615-thread-1] INFO  storage.RaftStorageDirectory (RaftStorageDirectory.java:tryLock(328)) - Lock on /workdir/hadoop-ozone/integration-test/target/test-dir/MiniOzoneClusterImpl-c304fa79-6e7f-43ac-8564-360665bd8c65/datanode-6/data/ratis/bea2774a-2976-4ea3-a9ae-fb138b0a8187/in_use.lock acquired by nodename 20539@pr-hdds-2448-del-container-qmj8s-3203767274
2019-11-14 22:53:35,233 [pool-626-thread-1] INFO  storage.RaftStorageDirectory (RaftStorageDirectory.java:tryLock(328)) - Lock on /workdir/hadoop-ozone/integration-test/target/test-dir/MiniOzoneClusterImpl-c304fa79-6e7f-43ac-8564-360665bd8c65/datanode-7/data/ratis/bea2774a-2976-4ea3-a9ae-fb138b0a8187/in_use.lock acquired by nodename 20539@pr-hdds-2448-del-container-qmj8s-3203767274
2019-11-14 22:53:35,247 [pool-637-thread-1] INFO  storage.RaftStorage (RaftStorage.java:format(84)) - Storage directory /workdir/hadoop-ozone/integration-test/target/test-dir/MiniOzoneClusterImpl-c304fa79-6e7f-43ac-8564-360665bd8c65/datanode-8/data/ratis/bea2774a-2976-4ea3-a9ae-fb138b0a8187 has been successfully formatted.
2019-11-14 22:53:35,247 [pool-615-thread-1] INFO  storage.RaftStorage (RaftStorage.java:format(84)) - Storage directory /workdir/hadoop-ozone/integration-test/target/test-dir/MiniOzoneClusterImpl-c304fa79-6e7f-43ac-8564-360665bd8c65/datanode-6/data/ratis/bea2774a-2976-4ea3-a9ae-fb138b0a8187 has been successfully formatted.
2019-11-14 22:53:35,247 [pool-626-thread-1] INFO  storage.RaftStorage (RaftStorage.java:format(84)) - Storage directory /workdir/hadoop-ozone/integration-test/target/test-dir/MiniOzoneClusterImpl-c304fa79-6e7f-43ac-8564-360665bd8c65/datanode-7/data/ratis/bea2774a-2976-4ea3-a9ae-fb138b0a8187 has been successfully formatted.
2019-11-14 22:53:35,247 [pool-637-thread-1] INFO  ratis.ContainerStateMachine (ContainerStateMachine.java:loadSnapshot(223)) - group-FB138B0A8187: The snapshot info is null. Setting the last applied indexto:(t:0, i:~)
2019-11-14 22:53:35,247 [pool-615-thread-1] INFO  ratis.ContainerStateMachine (ContainerStateMachine.java:loadSnapshot(223)) - group-FB138B0A8187: The snapshot info is null. Setting the last applied indexto:(t:0, i:~)
2019-11-14 22:53:35,248 [pool-626-thread-1] INFO  ratis.ContainerStateMachine (ContainerStateMachine.java:loadSnapshot(223)) - group-FB138B0A8187: The snapshot info is null. Setting the last applied indexto:(t:0, i:~)
2019-11-14 22:53:35,248 [pool-637-thread-1] INFO  server.RaftServerConfigKeys (ConfUtils.java:logGet(43)) - raft.server.notification.no-leader.timeout = 120s (custom)
2019-11-14 22:53:35,248 [pool-626-thread-1] INFO  server.RaftServerConfigKeys (ConfUtils.java:logGet(43)) - raft.server.notification.no-leader.timeout = 120s (custom)
2019-11-14 22:53:35,248 [pool-615-thread-1] INFO  server.RaftServerConfigKeys (ConfUtils.java:logGet(43)) - raft.server.notification.no-leader.timeout = 120s (custom)
2019-11-14 22:53:35,248 [pool-626-thread-1] INFO  server.RaftServerConfigKeys (ConfUtils.java:logGet(43)) - raft.server.log.use.memory = false (default)
2019-11-14 22:53:35,248 [pool-637-thread-1] INFO  server.RaftServerConfigKeys (ConfUtils.java:logGet(43)) - raft.server.log.use.memory = false (default)
2019-11-14 22:53:35,248 [pool-626-thread-1] INFO  server.RaftServerConfigKeys (ConfUtils.java:logGet(43)) - raft.server.log.purge.gap = 1000000 (custom)
2019-11-14 22:53:35,248 [pool-615-thread-1] INFO  server.RaftServerConfigKeys (ConfUtils.java:logGet(43)) - raft.server.log.use.memory = false (default)
2019-11-14 22:53:35,248 [pool-626-thread-1] INFO  server.RaftServerConfigKeys (ConfUtils.java:logGet(43)) - raft.server.log.appender.buffer.byte-limit = 33554432 (custom)
2019-11-14 22:53:35,248 [pool-637-thread-1] INFO  server.RaftServerConfigKeys (ConfUtils.java:logGet(43)) - raft.server.log.purge.gap = 1000000 (custom)
2019-11-14 22:53:35,249 [pool-626-thread-1] INFO  server.RaftServerConfigKeys (ConfUtils.java:logGet(43)) - raft.server.log.segment.size.max = 1048576 (custom)
2019-11-14 22:53:35,249 [pool-615-thread-1] INFO  server.RaftServerConfigKeys (ConfUtils.java:logGet(43)) - raft.server.log.purge.gap = 1000000 (custom)
2019-11-14 22:53:35,249 [pool-626-thread-1] INFO  server.RaftServerConfigKeys (ConfUtils.java:logGet(43)) - raft.server.log.segment.cache.num.max = 2 (custom)
2019-11-14 22:53:35,249 [pool-637-thread-1] INFO  server.RaftServerConfigKeys (ConfUtils.java:logGet(43)) - raft.server.log.appender.buffer.byte-limit = 33554432 (custom)
2019-11-14 22:53:35,249 [pool-626-thread-1] INFO  segmented.SegmentedRaftLogWorker (SegmentedRaftLogWorker.java:<init>(173)) - new 38d24973-4522-4e24-8845-d0d59163b20a@group-FB138B0A8187-SegmentedRaftLogWorker for RaftStorage:Storage Directory /workdir/hadoop-ozone/integration-test/target/test-dir/MiniOzoneClusterImpl-c304fa79-6e7f-43ac-8564-360665bd8c65/datanode-7/data/ratis/bea2774a-2976-4ea3-a9ae-fb138b0a8187
2019-11-14 22:53:35,249 [pool-615-thread-1] INFO  server.RaftServerConfigKeys (ConfUtils.java:logGet(43)) - raft.server.log.appender.buffer.byte-limit = 33554432 (custom)
2019-11-14 22:53:35,249 [pool-626-thread-1] INFO  server.RaftServerConfigKeys (ConfUtils.java:logGet(43)) - raft.server.log.queue.byte-limit = 2147483647 (custom)
2019-11-14 22:53:35,249 [pool-637-thread-1] INFO  server.RaftServerConfigKeys (ConfUtils.java:logGet(43)) - raft.server.log.segment.size.max = 1048576 (custom)
2019-11-14 22:53:35,250 [pool-626-thread-1] INFO  server.RaftServerConfigKeys (ConfUtils.java:logGet(43)) - raft.server.log.queue.element-limit = 1024 (custom)
2019-11-14 22:53:35,250 [pool-615-thread-1] INFO  server.RaftServerConfigKeys (ConfUtils.java:logGet(43)) - raft.server.log.segment.size.max = 1048576 (custom)
2019-11-14 22:53:35,250 [pool-626-thread-1] INFO  server.RaftServerConfigKeys (ConfUtils.java:logGet(43)) - raft.server.log.segment.size.max = 1048576 (custom)
2019-11-14 22:53:35,250 [pool-637-thread-1] INFO  server.RaftServerConfigKeys (ConfUtils.java:logGet(43)) - raft.server.log.segment.cache.num.max = 2 (custom)
2019-11-14 22:53:35,250 [pool-626-thread-1] INFO  server.RaftServerConfigKeys (ConfUtils.java:logGet(43)) - raft.server.log.preallocated.size = 16384 (custom)
2019-11-14 22:53:35,250 [pool-615-thread-1] INFO  server.RaftServerConfigKeys (ConfUtils.java:logGet(43)) - raft.server.log.segment.cache.num.max = 2 (custom)
2019-11-14 22:53:35,250 [pool-626-thread-1] INFO  server.RaftServerConfigKeys (ConfUtils.java:logGet(43)) - raft.server.log.write.buffer.size = 33554432 (custom)
2019-11-14 22:53:35,251 [pool-626-thread-1] INFO  server.RaftServerConfigKeys (ConfUtils.java:logGet(43)) - raft.server.log.force.sync.num = 128 (default)
2019-11-14 22:53:35,250 [pool-637-thread-1] INFO  segmented.SegmentedRaftLogWorker (SegmentedRaftLogWorker.java:<init>(173)) - new 9b10aba0-cc5c-407b-9285-7072d29b9deb@group-FB138B0A8187-SegmentedRaftLogWorker for RaftStorage:Storage Directory /workdir/hadoop-ozone/integration-test/target/test-dir/MiniOzoneClusterImpl-c304fa79-6e7f-43ac-8564-360665bd8c65/datanode-8/data/ratis/bea2774a-2976-4ea3-a9ae-fb138b0a8187
2019-11-14 22:53:35,251 [pool-626-thread-1] INFO  server.RaftServerConfigKeys (ConfUtils.java:logGet(43)) - raft.server.log.statemachine.data.sync = true (default)
2019-11-14 22:53:35,251 [pool-626-thread-1] INFO  server.RaftServerConfigKeys (ConfUtils.java:logGet(43)) - raft.server.log.statemachine.data.sync.timeout = 10s (default)
2019-11-14 22:53:35,250 [pool-615-thread-1] INFO  segmented.SegmentedRaftLogWorker (SegmentedRaftLogWorker.java:<init>(173)) - new fe27ed9b-283a-4979-94f3-8c29e1f5fa70@group-FB138B0A8187-SegmentedRaftLogWorker for RaftStorage:Storage Directory /workdir/hadoop-ozone/integration-test/target/test-dir/MiniOzoneClusterImpl-c304fa79-6e7f-43ac-8564-360665bd8c65/datanode-6/data/ratis/bea2774a-2976-4ea3-a9ae-fb138b0a8187
2019-11-14 22:53:35,251 [pool-626-thread-1] INFO  server.RaftServerConfigKeys (ConfUtils.java:logGet(43)) - raft.server.log.statemachine.data.sync.timeout.retry = -1 (default)
2019-11-14 22:53:35,251 [pool-637-thread-1] INFO  server.RaftServerConfigKeys (ConfUtils.java:logGet(43)) - raft.server.log.queue.byte-limit = 2147483647 (custom)
2019-11-14 22:53:35,251 [pool-626-thread-1] INFO  server.RaftServerConfigKeys (ConfUtils.java:logGet(43)) - raft.server.log.statemachine.data.caching.enabled = true (custom)
2019-11-14 22:53:35,251 [pool-615-thread-1] INFO  server.RaftServerConfigKeys (ConfUtils.java:logGet(43)) - raft.server.log.queue.byte-limit = 2147483647 (custom)
2019-11-14 22:53:35,252 [pool-626-thread-1] INFO  segmented.SegmentedRaftLogWorker (SegmentedRaftLogWorker.java:lambda$new$0(128)) - 38d24973-4522-4e24-8845-d0d59163b20a@group-FB138B0A8187-SegmentedRaftLogWorker: flushIndex: setUnconditionally 0 -> -1
2019-11-14 22:53:35,251 [pool-637-thread-1] INFO  server.RaftServerConfigKeys (ConfUtils.java:logGet(43)) - raft.server.log.queue.element-limit = 1024 (custom)
2019-11-14 22:53:35,252 [pool-615-thread-1] INFO  server.RaftServerConfigKeys (ConfUtils.java:logGet(43)) - raft.server.log.queue.element-limit = 1024 (custom)
2019-11-14 22:53:35,252 [pool-626-thread-1] INFO  server.RaftServerConfigKeys (ConfUtils.java:logGet(43)) - raft.server.snapshot.auto.trigger.enabled = true (custom)
2019-11-14 22:53:35,252 [pool-637-thread-1] INFO  server.RaftServerConfigKeys (ConfUtils.java:logGet(43)) - raft.server.log.segment.size.max = 1048576 (custom)
2019-11-14 22:53:35,252 [pool-626-thread-1] INFO  server.RaftServerConfigKeys (ConfUtils.java:logGet(43)) - raft.server.snapshot.auto.trigger.threshold = 10000 (custom)
2019-11-14 22:53:35,252 [pool-615-thread-1] INFO  server.RaftServerConfigKeys (ConfUtils.java:logGet(43)) - raft.server.log.segment.size.max = 1048576 (custom)
2019-11-14 22:53:35,252 [pool-626-thread-1] INFO  server.RaftServerConfigKeys (ConfUtils.java:logGet(43)) - raft.server.snapshot.retention.file.num = 5 (custom)
2019-11-14 22:53:35,252 [pool-637-thread-1] INFO  server.RaftServerConfigKeys (ConfUtils.java:logGet(43)) - raft.server.log.preallocated.size = 16384 (custom)
2019-11-14 22:53:35,253 [pool-626-thread-1] INFO  server.RaftServerConfigKeys (ConfUtils.java:logGet(43)) - raft.server.retrycache.expirytime = 600000ms (custom)
2019-11-14 22:53:35,253 [pool-615-thread-1] INFO  server.RaftServerConfigKeys (ConfUtils.java:logGet(43)) - raft.server.log.preallocated.size = 16384 (custom)
2019-11-14 22:53:35,253 [pool-626-thread-1] WARN  impl.MetricRegistriesImpl (MetricRegistriesImpl.java:lambda$create$1(61)) - First MetricRegistry has been created without registering reporters. You may need to call MetricRegistries.global().addReportRegistration(...) before.
2019-11-14 22:53:35,253 [pool-637-thread-1] INFO  server.RaftServerConfigKeys (ConfUtils.java:logGet(43)) - raft.server.log.write.buffer.size = 33554432 (custom)
2019-11-14 22:53:35,253 [pool-626-thread-1] WARN  impl.MetricRegistriesImpl (MetricRegistriesImpl.java:lambda$create$1(61)) - First MetricRegistry has been created without registering reporters. You may need to call MetricRegistries.global().addReportRegistration(...) before.
2019-11-14 22:53:35,253 [pool-615-thread-1] INFO  server.RaftServerConfigKeys (ConfUtils.java:logGet(43)) - raft.server.log.write.buffer.size = 33554432 (custom)
2019-11-14 22:53:35,253 [pool-626-thread-1] INFO  impl.RaftServerImpl (RaftServerImpl.java:start(184)) - 38d24973-4522-4e24-8845-d0d59163b20a@group-FB138B0A8187: start as a follower, conf=-1: [fe27ed9b-283a-4979-94f3-8c29e1f5fa70:192.168.164.210:38253, 9b10aba0-cc5c-407b-9285-7072d29b9deb:192.168.164.210:44092, 38d24973-4522-4e24-8845-d0d59163b20a:192.168.164.210:38331], old=null
2019-11-14 22:53:35,253 [pool-637-thread-1] INFO  server.RaftServerConfigKeys (ConfUtils.java:logGet(43)) - raft.server.log.force.sync.num = 128 (default)
2019-11-14 22:53:35,254 [pool-626-thread-1] INFO  impl.RaftServerImpl (RaftServerImpl.java:setRole(173)) - 38d24973-4522-4e24-8845-d0d59163b20a@group-FB138B0A8187: changes role from      null to FOLLOWER at term 0 for startAsFollower
2019-11-14 22:53:35,254 [pool-615-thread-1] INFO  server.RaftServerConfigKeys (ConfUtils.java:logGet(43)) - raft.server.log.force.sync.num = 128 (default)
2019-11-14 22:53:35,254 [pool-626-thread-1] INFO  impl.RoleInfo (RoleInfo.java:updateAndGet(143)) - 38d24973-4522-4e24-8845-d0d59163b20a: start FollowerState
2019-11-14 22:53:35,254 [pool-637-thread-1] INFO  server.RaftServerConfigKeys (ConfUtils.java:logGet(43)) - raft.server.log.statemachine.data.sync = true (default)
2019-11-14 22:53:35,254 [pool-615-thread-1] INFO  server.RaftServerConfigKeys (ConfUtils.java:logGet(43)) - raft.server.log.statemachine.data.sync = true (default)
2019-11-14 22:53:35,254 [pool-637-thread-1] INFO  server.RaftServerConfigKeys (ConfUtils.java:logGet(43)) - raft.server.log.statemachine.data.sync.timeout = 10s (default)
2019-11-14 22:53:35,254 [pool-626-thread-1] INFO  util.JmxRegister (JmxRegister.java:tryRegister(44)) - Successfully registered JMX Bean with object name Ratis:service=RaftServer,group=group-FB138B0A8187,id=38d24973-4522-4e24-8845-d0d59163b20a
2019-11-14 22:53:35,254 [pool-615-thread-1] INFO  server.RaftServerConfigKeys (ConfUtils.java:logGet(43)) - raft.server.log.statemachine.data.sync.timeout = 10s (default)
2019-11-14 22:53:35,255 [pool-626-thread-1] WARN  impl.MetricRegistriesImpl (MetricRegistriesImpl.java:lambda$create$1(61)) - First MetricRegistry has been created without registering reporters. You may need to call MetricRegistries.global().addReportRegistration(...) before.
2019-11-14 22:53:35,255 [pool-637-thread-1] INFO  server.RaftServerConfigKeys (ConfUtils.java:logGet(43)) - raft.server.log.statemachine.data.sync.timeout.retry = -1 (default)
2019-11-14 22:53:35,255 [pool-615-thread-1] INFO  server.RaftServerConfigKeys (ConfUtils.java:logGet(43)) - raft.server.log.statemachine.data.sync.timeout.retry = -1 (default)
2019-11-14 22:53:35,255 [pool-637-thread-1] INFO  server.RaftServerConfigKeys (ConfUtils.java:logGet(43)) - raft.server.log.statemachine.data.caching.enabled = true (custom)
2019-11-14 22:53:35,255 [pool-615-thread-1] INFO  server.RaftServerConfigKeys (ConfUtils.java:logGet(43)) - raft.server.log.statemachine.data.caching.enabled = true (custom)
2019-11-14 22:53:35,255 [pool-637-thread-1] INFO  segmented.SegmentedRaftLogWorker (SegmentedRaftLogWorker.java:lambda$new$0(128)) - 9b10aba0-cc5c-407b-9285-7072d29b9deb@group-FB138B0A8187-SegmentedRaftLogWorker: flushIndex: setUnconditionally 0 -> -1
2019-11-14 22:53:35,256 [pool-615-thread-1] INFO  segmented.SegmentedRaftLogWorker (SegmentedRaftLogWorker.java:lambda$new$0(128)) - fe27ed9b-283a-4979-94f3-8c29e1f5fa70@group-FB138B0A8187-SegmentedRaftLogWorker: flushIndex: setUnconditionally 0 -> -1
2019-11-14 22:53:35,256 [pool-637-thread-1] INFO  server.RaftServerConfigKeys (ConfUtils.java:logGet(43)) - raft.server.snapshot.auto.trigger.enabled = true (custom)
2019-11-14 22:53:35,256 [pool-637-thread-1] INFO  server.RaftServerConfigKeys (ConfUtils.java:logGet(43)) - raft.server.snapshot.auto.trigger.threshold = 10000 (custom)
2019-11-14 22:53:35,256 [pool-615-thread-1] INFO  server.RaftServerConfigKeys (ConfUtils.java:logGet(43)) - raft.server.snapshot.auto.trigger.enabled = true (custom)
2019-11-14 22:53:35,256 [pool-637-thread-1] INFO  server.RaftServerConfigKeys (ConfUtils.java:logGet(43)) - raft.server.snapshot.retention.file.num = 5 (custom)
2019-11-14 22:53:35,256 [pool-615-thread-1] INFO  server.RaftServerConfigKeys (ConfUtils.java:logGet(43)) - raft.server.snapshot.auto.trigger.threshold = 10000 (custom)
2019-11-14 22:53:35,256 [pool-637-thread-1] INFO  server.RaftServerConfigKeys (ConfUtils.java:logGet(43)) - raft.server.retrycache.expirytime = 600000ms (custom)
2019-11-14 22:53:35,256 [pool-615-thread-1] INFO  server.RaftServerConfigKeys (ConfUtils.java:logGet(43)) - raft.server.snapshot.retention.file.num = 5 (custom)
2019-11-14 22:53:35,256 [pool-637-thread-1] WARN  impl.MetricRegistriesImpl (MetricRegistriesImpl.java:lambda$create$1(61)) - First MetricRegistry has been created without registering reporters. You may need to call MetricRegistries.global().addReportRegistration(...) before.
2019-11-14 22:53:35,257 [pool-615-thread-1] INFO  server.RaftServerConfigKeys (ConfUtils.java:logGet(43)) - raft.server.retrycache.expirytime = 600000ms (custom)
2019-11-14 22:53:35,257 [pool-637-thread-1] WARN  impl.MetricRegistriesImpl (MetricRegistriesImpl.java:lambda$create$1(61)) - First MetricRegistry has been created without registering reporters. You may need to call MetricRegistries.global().addReportRegistration(...) before.
2019-11-14 22:53:35,257 [pool-615-thread-1] WARN  impl.MetricRegistriesImpl (MetricRegistriesImpl.java:lambda$create$1(61)) - First MetricRegistry has been created without registering reporters. You may need to call MetricRegistries.global().addReportRegistration(...) before.
2019-11-14 22:53:35,257 [pool-637-thread-1] INFO  impl.RaftServerImpl (RaftServerImpl.java:start(184)) - 9b10aba0-cc5c-407b-9285-7072d29b9deb@group-FB138B0A8187: start as a follower, conf=-1: [fe27ed9b-283a-4979-94f3-8c29e1f5fa70:192.168.164.210:38253, 9b10aba0-cc5c-407b-9285-7072d29b9deb:192.168.164.210:44092, 38d24973-4522-4e24-8845-d0d59163b20a:192.168.164.210:38331], old=null
2019-11-14 22:53:35,257 [pool-615-thread-1] WARN  impl.MetricRegistriesImpl (MetricRegistriesImpl.java:lambda$create$1(61)) - First MetricRegistry has been created without registering reporters. You may need to call MetricRegistries.global().addReportRegistration(...) before.
2019-11-14 22:53:35,257 [pool-637-thread-1] INFO  impl.RaftServerImpl (RaftServerImpl.java:setRole(173)) - 9b10aba0-cc5c-407b-9285-7072d29b9deb@group-FB138B0A8187: changes role from      null to FOLLOWER at term 0 for startAsFollower
2019-11-14 22:53:35,257 [pool-615-thread-1] INFO  impl.RaftServerImpl (RaftServerImpl.java:start(184)) - fe27ed9b-283a-4979-94f3-8c29e1f5fa70@group-FB138B0A8187: start as a follower, conf=-1: [fe27ed9b-283a-4979-94f3-8c29e1f5fa70:192.168.164.210:38253, 9b10aba0-cc5c-407b-9285-7072d29b9deb:192.168.164.210:44092, 38d24973-4522-4e24-8845-d0d59163b20a:192.168.164.210:38331], old=null
2019-11-14 22:53:35,257 [pool-637-thread-1] INFO  impl.RoleInfo (RoleInfo.java:updateAndGet(143)) - 9b10aba0-cc5c-407b-9285-7072d29b9deb: start FollowerState
2019-11-14 22:53:35,258 [pool-615-thread-1] INFO  impl.RaftServerImpl (RaftServerImpl.java:setRole(173)) - fe27ed9b-283a-4979-94f3-8c29e1f5fa70@group-FB138B0A8187: changes role from      null to FOLLOWER at term 0 for startAsFollower
2019-11-14 22:53:35,258 [pool-615-thread-1] INFO  impl.RoleInfo (RoleInfo.java:updateAndGet(143)) - fe27ed9b-283a-4979-94f3-8c29e1f5fa70: start FollowerState
2019-11-14 22:53:35,258 [pool-637-thread-1] INFO  util.JmxRegister (JmxRegister.java:tryRegister(44)) - Successfully registered JMX Bean with object name Ratis:service=RaftServer,group=group-FB138B0A8187,id=9b10aba0-cc5c-407b-9285-7072d29b9deb
2019-11-14 22:53:35,258 [pool-637-thread-1] WARN  impl.MetricRegistriesImpl (MetricRegistriesImpl.java:lambda$create$1(61)) - First MetricRegistry has been created without registering reporters. You may need to call MetricRegistries.global().addReportRegistration(...) before.
2019-11-14 22:53:35,258 [pool-615-thread-1] INFO  util.JmxRegister (JmxRegister.java:tryRegister(44)) - Successfully registered JMX Bean with object name Ratis:service=RaftServer,group=group-FB138B0A8187,id=fe27ed9b-283a-4979-94f3-8c29e1f5fa70
2019-11-14 22:53:35,258 [pool-615-thread-1] WARN  impl.MetricRegistriesImpl (MetricRegistriesImpl.java:lambda$create$1(61)) - First MetricRegistry has been created without registering reporters. You may need to call MetricRegistries.global().addReportRegistration(...) before.
2019-11-14 22:53:35,260 [RatisPipelineUtilsThread] INFO  pipeline.PipelineStateManager (PipelineStateManager.java:addPipeline(55)) - Created pipeline Pipeline[ Id: bea2774a-2976-4ea3-a9ae-fb138b0a8187, Nodes: fe27ed9b-283a-4979-94f3-8c29e1f5fa70{ip: 192.168.164.210, host: pr-hdds-2448-del-container-qmj8s-3203767274, networkLocation: /rack1, certSerialId: null}9b10aba0-cc5c-407b-9285-7072d29b9deb{ip: 192.168.164.210, host: pr-hdds-2448-del-container-qmj8s-3203767274, networkLocation: /rack1, certSerialId: null}38d24973-4522-4e24-8845-d0d59163b20a{ip: 192.168.164.210, host: pr-hdds-2448-del-container-qmj8s-3203767274, networkLocation: /rack1, certSerialId: null}, Type:RATIS, Factor:THREE, State:ALLOCATED]
2019-11-14 22:53:35,261 [main] INFO  ozone.MiniOzoneClusterImpl (MiniOzoneClusterImpl.java:lambda$waitForClusterToBeReady$2(163)) - Waiting for 13 number of pipelines out of 13, to report a leader.
2019-11-14 22:53:35,558 [Thread-4247] INFO  impl.FollowerState (FollowerState.java:run(111)) - 1557401b-269c-4760-ad9d-3babb3e549ee@group-4DF9FCFED42B-FollowerState: change to CANDIDATE, lastRpcTime:1043ms, electionTimeout:1043ms
2019-11-14 22:53:35,559 [Thread-4247] INFO  impl.RoleInfo (RoleInfo.java:shutdownFollowerState(121)) - 1557401b-269c-4760-ad9d-3babb3e549ee: shutdown FollowerState
2019-11-14 22:53:35,559 [Thread-4247] INFO  impl.RaftServerImpl (RaftServerImpl.java:setRole(173)) - 1557401b-269c-4760-ad9d-3babb3e549ee@group-4DF9FCFED42B: changes role from  FOLLOWER to CANDIDATE at term 0 for changeToCandidate
2019-11-14 22:53:35,559 [Thread-4247] INFO  impl.RoleInfo (RoleInfo.java:updateAndGet(143)) - 1557401b-269c-4760-ad9d-3babb3e549ee: start LeaderElection
2019-11-14 22:53:35,578 [1557401b-269c-4760-ad9d-3babb3e549ee@group-4DF9FCFED42B-LeaderElection138] INFO  impl.LeaderElection (LeaderElection.java:askForVotes(178)) - 1557401b-269c-4760-ad9d-3babb3e549ee@group-4DF9FCFED42B-LeaderElection138: begin an election at term 1 for -1: [1557401b-269c-4760-ad9d-3babb3e549ee:192.168.164.210:38449], old=null
2019-11-14 22:53:35,579 [1557401b-269c-4760-ad9d-3babb3e549ee@group-4DF9FCFED42B-LeaderElection138] INFO  impl.RoleInfo (RoleInfo.java:shutdownLeaderElection(134)) - 1557401b-269c-4760-ad9d-3babb3e549ee: shutdown LeaderElection
2019-11-14 22:53:35,579 [1557401b-269c-4760-ad9d-3babb3e549ee@group-4DF9FCFED42B-LeaderElection138] INFO  impl.RaftServerImpl (RaftServerImpl.java:setRole(173)) - 1557401b-269c-4760-ad9d-3babb3e549ee@group-4DF9FCFED42B: changes role from CANDIDATE to LEADER at term 1 for changeToLeader
2019-11-14 22:53:35,579 [1557401b-269c-4760-ad9d-3babb3e549ee@group-4DF9FCFED42B-LeaderElection138] INFO  ratis.XceiverServerRatis (XceiverServerRatis.java:handleLeaderChangedNotification(697)) - Leader change notification received for group: group-4DF9FCFED42B with new leaderId: 1557401b-269c-4760-ad9d-3babb3e549ee
2019-11-14 22:53:35,579 [1557401b-269c-4760-ad9d-3babb3e549ee@group-4DF9FCFED42B-LeaderElection138] INFO  impl.RaftServerImpl (ServerState.java:setLeader(255)) - 1557401b-269c-4760-ad9d-3babb3e549ee@group-4DF9FCFED42B: change Leader from null to 1557401b-269c-4760-ad9d-3babb3e549ee at term 1 for becomeLeader, leader elected after 1067ms
2019-11-14 22:53:35,579 [1557401b-269c-4760-ad9d-3babb3e549ee@group-4DF9FCFED42B-LeaderElection138] INFO  server.RaftServerConfigKeys (ConfUtils.java:logGet(43)) - raft.server.staging.catchup.gap = 1000 (default)
2019-11-14 22:53:35,579 [1557401b-269c-4760-ad9d-3babb3e549ee@group-4DF9FCFED42B-LeaderElection138] INFO  server.RaftServerConfigKeys (ConfUtils.java:logGet(43)) - raft.server.rpc.sleep.time = 25ms (default)
2019-11-14 22:53:35,581 [1557401b-269c-4760-ad9d-3babb3e549ee@group-4DF9FCFED42B-LeaderElection138] INFO  server.RaftServerConfigKeys (ConfUtils.java:logGet(43)) - raft.server.write.element-limit = 4096 (default)
2019-11-14 22:53:35,582 [1557401b-269c-4760-ad9d-3babb3e549ee@group-4DF9FCFED42B-LeaderElection138] INFO  server.RaftServerConfigKeys (ConfUtils.java:logGet(43)) - raft.server.watch.timeout = 10s (default)
2019-11-14 22:53:35,582 [1557401b-269c-4760-ad9d-3babb3e549ee@group-4DF9FCFED42B-LeaderElection138] INFO  server.RaftServerConfigKeys (ConfUtils.java:logGet(43)) - raft.server.watch.timeout.denomination = 1s (default)
2019-11-14 22:53:35,582 [1557401b-269c-4760-ad9d-3babb3e549ee@group-4DF9FCFED42B-LeaderElection138] INFO  server.RaftServerConfigKeys (ConfUtils.java:logGet(43)) - raft.server.watch.element-limit = 65536 (default)
2019-11-14 22:53:35,582 [1557401b-269c-4760-ad9d-3babb3e549ee@group-4DF9FCFED42B-LeaderElection138] INFO  impl.RoleInfo (RoleInfo.java:updateAndGet(143)) - 1557401b-269c-4760-ad9d-3babb3e549ee: start LeaderState
2019-11-14 22:53:35,582 [EventQueue-PipelineReportForPipelineReportHandler] INFO  pipeline.PipelineStateManager (PipelineStateManager.java:openPipeline(134)) - Pipeline Pipeline[ Id: dbb5313b-bf12-4e4f-a008-4df9fcfed42b, Nodes: 1557401b-269c-4760-ad9d-3babb3e549ee{ip: 192.168.164.210, host: pr-hdds-2448-del-container-qmj8s-3203767274, networkLocation: /rack1, certSerialId: null}, Type:RATIS, Factor:ONE, State:OPEN] moved to OPEN state
2019-11-14 22:53:35,583 [1557401b-269c-4760-ad9d-3babb3e549ee@group-4DF9FCFED42B-LeaderElection138] INFO  segmented.SegmentedRaftLogWorker (SegmentedRaftLogWorker.java:startLogSegment(385)) - 1557401b-269c-4760-ad9d-3babb3e549ee@group-4DF9FCFED42B-SegmentedRaftLogWorker: Starting segment from index:0
2019-11-14 22:53:35,584 [1557401b-269c-4760-ad9d-3babb3e549ee@group-4DF9FCFED42B-LeaderElection138] INFO  impl.RaftServerImpl (ServerState.java:setRaftConf(356)) - 1557401b-269c-4760-ad9d-3babb3e549ee@group-4DF9FCFED42B: set configuration 0: [1557401b-269c-4760-ad9d-3babb3e549ee:192.168.164.210:38449], old=null at 0
2019-11-14 22:53:35,627 [1557401b-269c-4760-ad9d-3babb3e549ee@group-4DF9FCFED42B-SegmentedRaftLogWorker] INFO  segmented.SegmentedRaftLogWorker (SegmentedRaftLogWorker.java:execute(576)) - 1557401b-269c-4760-ad9d-3babb3e549ee@group-4DF9FCFED42B-SegmentedRaftLogWorker: created new log segment /workdir/hadoop-ozone/integration-test/target/test-dir/MiniOzoneClusterImpl-c304fa79-6e7f-43ac-8564-360665bd8c65/datanode-0/data/ratis/dbb5313b-bf12-4e4f-a008-4df9fcfed42b/current/log_inprogress_0
2019-11-14 22:53:35,720 [Thread-4250] INFO  impl.FollowerState (FollowerState.java:run(111)) - 377585f1-7b09-4361-841d-f3e5d0778973@group-AD7B28DB1B00-FollowerState: change to CANDIDATE, lastRpcTime:1158ms, electionTimeout:1158ms
2019-11-14 22:53:35,720 [Thread-4250] INFO  impl.RoleInfo (RoleInfo.java:shutdownFollowerState(121)) - 377585f1-7b09-4361-841d-f3e5d0778973: shutdown FollowerState
2019-11-14 22:53:35,720 [Thread-4250] INFO  impl.RaftServerImpl (RaftServerImpl.java:setRole(173)) - 377585f1-7b09-4361-841d-f3e5d0778973@group-AD7B28DB1B00: changes role from  FOLLOWER to CANDIDATE at term 0 for changeToCandidate
2019-11-14 22:53:35,720 [Thread-4250] INFO  impl.RoleInfo (RoleInfo.java:updateAndGet(143)) - 377585f1-7b09-4361-841d-f3e5d0778973: start LeaderElection
2019-11-14 22:53:35,736 [Thread-4261] INFO  impl.FollowerState (FollowerState.java:run(111)) - 377585f1-7b09-4361-841d-f3e5d0778973@group-EF7A66731833-FollowerState: change to CANDIDATE, lastRpcTime:1040ms, electionTimeout:1040ms
2019-11-14 22:53:35,736 [Thread-4261] INFO  impl.RoleInfo (RoleInfo.java:shutdownFollowerState(121)) - 377585f1-7b09-4361-841d-f3e5d0778973: shutdown FollowerState
2019-11-14 22:53:35,736 [Thread-4261] INFO  impl.RaftServerImpl (RaftServerImpl.java:setRole(173)) - 377585f1-7b09-4361-841d-f3e5d0778973@group-EF7A66731833: changes role from  FOLLOWER to CANDIDATE at term 0 for changeToCandidate
2019-11-14 22:53:35,736 [Thread-4261] INFO  impl.RoleInfo (RoleInfo.java:updateAndGet(143)) - 377585f1-7b09-4361-841d-f3e5d0778973: start LeaderElection
2019-11-14 22:53:35,741 [Thread-4260] INFO  impl.FollowerState (FollowerState.java:run(111)) - 1557401b-269c-4760-ad9d-3babb3e549ee@group-EF7A66731833-FollowerState: change to CANDIDATE, lastRpcTime:1045ms, electionTimeout:1044ms
2019-11-14 22:53:35,741 [Thread-4260] INFO  impl.RoleInfo (RoleInfo.java:shutdownFollowerState(121)) - 1557401b-269c-4760-ad9d-3babb3e549ee: shutdown FollowerState
2019-11-14 22:53:35,741 [377585f1-7b09-4361-841d-f3e5d0778973@group-AD7B28DB1B00-LeaderElection139] INFO  impl.LeaderElection (LeaderElection.java:askForVotes(178)) - 377585f1-7b09-4361-841d-f3e5d0778973@group-AD7B28DB1B00-LeaderElection139: begin an election at term 1 for -1: [377585f1-7b09-4361-841d-f3e5d0778973:192.168.164.210:33333], old=null
2019-11-14 22:53:35,741 [Thread-4260] INFO  impl.RaftServerImpl (RaftServerImpl.java:setRole(173)) - 1557401b-269c-4760-ad9d-3babb3e549ee@group-EF7A66731833: changes role from  FOLLOWER to CANDIDATE at term 0 for changeToCandidate
2019-11-14 22:53:35,741 [377585f1-7b09-4361-841d-f3e5d0778973@group-AD7B28DB1B00-LeaderElection139] INFO  impl.RoleInfo (RoleInfo.java:shutdownLeaderElection(134)) - 377585f1-7b09-4361-841d-f3e5d0778973: shutdown LeaderElection
2019-11-14 22:53:35,741 [Thread-4260] INFO  impl.RoleInfo (RoleInfo.java:updateAndGet(143)) - 1557401b-269c-4760-ad9d-3babb3e549ee: start LeaderElection
2019-11-14 22:53:35,741 [377585f1-7b09-4361-841d-f3e5d0778973@group-AD7B28DB1B00-LeaderElection139] INFO  impl.RaftServerImpl (RaftServerImpl.java:setRole(173)) - 377585f1-7b09-4361-841d-f3e5d0778973@group-AD7B28DB1B00: changes role from CANDIDATE to LEADER at term 1 for changeToLeader
2019-11-14 22:53:35,742 [377585f1-7b09-4361-841d-f3e5d0778973@group-AD7B28DB1B00-LeaderElection139] INFO  ratis.XceiverServerRatis (XceiverServerRatis.java:handleLeaderChangedNotification(697)) - Leader change notification received for group: group-AD7B28DB1B00 with new leaderId: 377585f1-7b09-4361-841d-f3e5d0778973
2019-11-14 22:53:35,744 [377585f1-7b09-4361-841d-f3e5d0778973@group-AD7B28DB1B00-LeaderElection139] INFO  impl.RaftServerImpl (ServerState.java:setLeader(255)) - 377585f1-7b09-4361-841d-f3e5d0778973@group-AD7B28DB1B00: change Leader from null to 377585f1-7b09-4361-841d-f3e5d0778973 at term 1 for becomeLeader, leader elected after 1183ms
2019-11-14 22:53:35,746 [377585f1-7b09-4361-841d-f3e5d0778973@group-AD7B28DB1B00-LeaderElection139] INFO  server.RaftServerConfigKeys (ConfUtils.java:logGet(43)) - raft.server.staging.catchup.gap = 1000 (default)
2019-11-14 22:53:35,748 [Thread-4253] INFO  impl.FollowerState (FollowerState.java:run(111)) - 9969a5d9-fcab-46ad-a887-333766046ab2@group-323824B0AB55-FollowerState: change to CANDIDATE, lastRpcTime:1101ms, electionTimeout:1100ms
2019-11-14 22:53:35,748 [377585f1-7b09-4361-841d-f3e5d0778973@group-AD7B28DB1B00-LeaderElection139] INFO  server.RaftServerConfigKeys (ConfUtils.java:logGet(43)) - raft.server.rpc.sleep.time = 25ms (default)
2019-11-14 22:53:35,748 [Thread-4253] INFO  impl.RoleInfo (RoleInfo.java:shutdownFollowerState(121)) - 9969a5d9-fcab-46ad-a887-333766046ab2: shutdown FollowerState
2019-11-14 22:53:35,748 [377585f1-7b09-4361-841d-f3e5d0778973@group-AD7B28DB1B00-LeaderElection139] INFO  server.RaftServerConfigKeys (ConfUtils.java:logGet(43)) - raft.server.write.element-limit = 4096 (default)
2019-11-14 22:53:35,748 [Thread-4253] INFO  impl.RaftServerImpl (RaftServerImpl.java:setRole(173)) - 9969a5d9-fcab-46ad-a887-333766046ab2@group-323824B0AB55: changes role from  FOLLOWER to CANDIDATE at term 0 for changeToCandidate
2019-11-14 22:53:35,748 [EventQueue-PipelineReportForPipelineReportHandler] INFO  pipeline.PipelineStateManager (PipelineStateManager.java:openPipeline(134)) - Pipeline Pipeline[ Id: 06fa83d9-db5a-4f36-993e-ad7b28db1b00, Nodes: 377585f1-7b09-4361-841d-f3e5d0778973{ip: 192.168.164.210, host: pr-hdds-2448-del-container-qmj8s-3203767274, networkLocation: /rack1, certSerialId: null}, Type:RATIS, Factor:ONE, State:OPEN] moved to OPEN state
2019-11-14 22:53:35,748 [377585f1-7b09-4361-841d-f3e5d0778973@group-AD7B28DB1B00-LeaderElection139] INFO  server.RaftServerConfigKeys (ConfUtils.java:logGet(43)) - raft.server.watch.timeout = 10s (default)
2019-11-14 22:53:35,748 [Thread-4253] INFO  impl.RoleInfo (RoleInfo.java:updateAndGet(143)) - 9969a5d9-fcab-46ad-a887-333766046ab2: start LeaderElection
2019-11-14 22:53:35,749 [377585f1-7b09-4361-841d-f3e5d0778973@group-AD7B28DB1B00-LeaderElection139] INFO  server.RaftServerConfigKeys (ConfUtils.java:logGet(43)) - raft.server.watch.timeout.denomination = 1s (default)
2019-11-14 22:53:35,749 [377585f1-7b09-4361-841d-f3e5d0778973@group-AD7B28DB1B00-LeaderElection139] INFO  server.RaftServerConfigKeys (ConfUtils.java:logGet(43)) - raft.server.watch.element-limit = 65536 (default)
2019-11-14 22:53:35,752 [377585f1-7b09-4361-841d-f3e5d0778973@group-AD7B28DB1B00-LeaderElection139] INFO  impl.RoleInfo (RoleInfo.java:updateAndGet(143)) - 377585f1-7b09-4361-841d-f3e5d0778973: start LeaderState
2019-11-14 22:53:35,752 [377585f1-7b09-4361-841d-f3e5d0778973@group-AD7B28DB1B00-LeaderElection139] INFO  segmented.SegmentedRaftLogWorker (SegmentedRaftLogWorker.java:startLogSegment(385)) - 377585f1-7b09-4361-841d-f3e5d0778973@group-AD7B28DB1B00-SegmentedRaftLogWorker: Starting segment from index:0
2019-11-14 22:53:35,753 [377585f1-7b09-4361-841d-f3e5d0778973@group-AD7B28DB1B00-LeaderElection139] INFO  impl.RaftServerImpl (ServerState.java:setRaftConf(356)) - 377585f1-7b09-4361-841d-f3e5d0778973@group-AD7B28DB1B00: set configuration 0: [377585f1-7b09-4361-841d-f3e5d0778973:192.168.164.210:33333], old=null at 0
2019-11-14 22:53:35,756 [9969a5d9-fcab-46ad-a887-333766046ab2@group-323824B0AB55-LeaderElection142] INFO  impl.LeaderElection (LeaderElection.java:askForVotes(178)) - 9969a5d9-fcab-46ad-a887-333766046ab2@group-323824B0AB55-LeaderElection142: begin an election at term 1 for -1: [9969a5d9-fcab-46ad-a887-333766046ab2:192.168.164.210:41238], old=null
2019-11-14 22:53:35,756 [1557401b-269c-4760-ad9d-3babb3e549ee@group-EF7A66731833-LeaderElection141] INFO  impl.LeaderElection (LeaderElection.java:askForVotes(178)) - 1557401b-269c-4760-ad9d-3babb3e549ee@group-EF7A66731833-LeaderElection141: begin an election at term 1 for -1: [1557401b-269c-4760-ad9d-3babb3e549ee:192.168.164.210:38449, 9969a5d9-fcab-46ad-a887-333766046ab2:192.168.164.210:41238, 377585f1-7b09-4361-841d-f3e5d0778973:192.168.164.210:33333], old=null
2019-11-14 22:53:35,756 [9969a5d9-fcab-46ad-a887-333766046ab2@group-323824B0AB55-LeaderElection142] INFO  impl.RoleInfo (RoleInfo.java:shutdownLeaderElection(134)) - 9969a5d9-fcab-46ad-a887-333766046ab2: shutdown LeaderElection
2019-11-14 22:53:35,756 [377585f1-7b09-4361-841d-f3e5d0778973@group-EF7A66731833-LeaderElection140] INFO  impl.LeaderElection (LeaderElection.java:askForVotes(178)) - 377585f1-7b09-4361-841d-f3e5d0778973@group-EF7A66731833-LeaderElection140: begin an election at term 1 for -1: [1557401b-269c-4760-ad9d-3babb3e549ee:192.168.164.210:38449, 9969a5d9-fcab-46ad-a887-333766046ab2:192.168.164.210:41238, 377585f1-7b09-4361-841d-f3e5d0778973:192.168.164.210:33333], old=null
2019-11-14 22:53:35,757 [9969a5d9-fcab-46ad-a887-333766046ab2@group-323824B0AB55-LeaderElection142] INFO  impl.RaftServerImpl (RaftServerImpl.java:setRole(173)) - 9969a5d9-fcab-46ad-a887-333766046ab2@group-323824B0AB55: changes role from CANDIDATE to LEADER at term 1 for changeToLeader
2019-11-14 22:53:35,757 [9969a5d9-fcab-46ad-a887-333766046ab2@group-323824B0AB55-LeaderElection142] INFO  ratis.XceiverServerRatis (XceiverServerRatis.java:handleLeaderChangedNotification(697)) - Leader change notification received for group: group-323824B0AB55 with new leaderId: 9969a5d9-fcab-46ad-a887-333766046ab2
2019-11-14 22:53:35,757 [9969a5d9-fcab-46ad-a887-333766046ab2@group-323824B0AB55-LeaderElection142] INFO  impl.RaftServerImpl (ServerState.java:setLeader(255)) - 9969a5d9-fcab-46ad-a887-333766046ab2@group-323824B0AB55: change Leader from null to 9969a5d9-fcab-46ad-a887-333766046ab2 at term 1 for becomeLeader, leader elected after 1113ms
2019-11-14 22:53:35,757 [9969a5d9-fcab-46ad-a887-333766046ab2@group-323824B0AB55-LeaderElection142] INFO  server.RaftServerConfigKeys (ConfUtils.java:logGet(43)) - raft.server.staging.catchup.gap = 1000 (default)
2019-11-14 22:53:35,758 [9969a5d9-fcab-46ad-a887-333766046ab2@group-323824B0AB55-LeaderElection142] INFO  server.RaftServerConfigKeys (ConfUtils.java:logGet(43)) - raft.server.rpc.sleep.time = 25ms (default)
2019-11-14 22:53:35,790 [Thread-4256] INFO  impl.FollowerState (FollowerState.java:run(111)) - 9969a5d9-fcab-46ad-a887-333766046ab2@group-EF7A66731833-FollowerState: change to CANDIDATE, lastRpcTime:1098ms, electionTimeout:1093ms
2019-11-14 22:53:35,790 [9969a5d9-fcab-46ad-a887-333766046ab2@group-323824B0AB55-LeaderElection142] INFO  server.RaftServerConfigKeys (ConfUtils.java:logGet(43)) - raft.server.write.element-limit = 4096 (default)
2019-11-14 22:53:35,790 [Thread-4256] INFO  impl.RoleInfo (RoleInfo.java:shutdownFollowerState(121)) - 9969a5d9-fcab-46ad-a887-333766046ab2: shutdown FollowerState
2019-11-14 22:53:35,791 [9969a5d9-fcab-46ad-a887-333766046ab2@group-323824B0AB55-LeaderElection142] INFO  server.RaftServerConfigKeys (ConfUtils.java:logGet(43)) - raft.server.watch.timeout = 10s (default)
2019-11-14 22:53:35,791 [Thread-4256] INFO  impl.RaftServerImpl (RaftServerImpl.java:setRole(173)) - 9969a5d9-fcab-46ad-a887-333766046ab2@group-EF7A66731833: changes role from  FOLLOWER to CANDIDATE at term 0 for changeToCandidate
2019-11-14 22:53:35,791 [9969a5d9-fcab-46ad-a887-333766046ab2@group-323824B0AB55-LeaderElection142] INFO  server.RaftServerConfigKeys (ConfUtils.java:logGet(43)) - raft.server.watch.timeout.denomination = 1s (default)
2019-11-14 22:53:35,791 [Thread-4256] INFO  impl.RoleInfo (RoleInfo.java:updateAndGet(143)) - 9969a5d9-fcab-46ad-a887-333766046ab2: start LeaderElection
2019-11-14 22:53:35,791 [EventQueue-PipelineReportForPipelineReportHandler] INFO  pipeline.PipelineStateManager (PipelineStateManager.java:openPipeline(134)) - Pipeline Pipeline[ Id: d9db7ee3-8d35-423f-a530-323824b0ab55, Nodes: 9969a5d9-fcab-46ad-a887-333766046ab2{ip: 192.168.164.210, host: pr-hdds-2448-del-container-qmj8s-3203767274, networkLocation: /rack1, certSerialId: null}, Type:RATIS, Factor:ONE, State:OPEN] moved to OPEN state
2019-11-14 22:53:35,791 [9969a5d9-fcab-46ad-a887-333766046ab2@group-323824B0AB55-LeaderElection142] INFO  server.RaftServerConfigKeys (ConfUtils.java:logGet(43)) - raft.server.watch.element-limit = 65536 (default)
2019-11-14 22:53:35,797 [9969a5d9-fcab-46ad-a887-333766046ab2@group-323824B0AB55-LeaderElection142] INFO  impl.RoleInfo (RoleInfo.java:updateAndGet(143)) - 9969a5d9-fcab-46ad-a887-333766046ab2: start LeaderState
2019-11-14 22:53:35,797 [9969a5d9-fcab-46ad-a887-333766046ab2@group-323824B0AB55-LeaderElection142] INFO  segmented.SegmentedRaftLogWorker (SegmentedRaftLogWorker.java:startLogSegment(385)) - 9969a5d9-fcab-46ad-a887-333766046ab2@group-323824B0AB55-SegmentedRaftLogWorker: Starting segment from index:0
2019-11-14 22:53:35,797 [9969a5d9-fcab-46ad-a887-333766046ab2@group-323824B0AB55-LeaderElection142] INFO  impl.RaftServerImpl (ServerState.java:setRaftConf(356)) - 9969a5d9-fcab-46ad-a887-333766046ab2@group-323824B0AB55: set configuration 0: [9969a5d9-fcab-46ad-a887-333766046ab2:192.168.164.210:41238], old=null at 0
2019-11-14 22:53:35,804 [377585f1-7b09-4361-841d-f3e5d0778973@group-AD7B28DB1B00-SegmentedRaftLogWorker] INFO  segmented.SegmentedRaftLogWorker (SegmentedRaftLogWorker.java:execute(576)) - 377585f1-7b09-4361-841d-f3e5d0778973@group-AD7B28DB1B00-SegmentedRaftLogWorker: created new log segment /workdir/hadoop-ozone/integration-test/target/test-dir/MiniOzoneClusterImpl-c304fa79-6e7f-43ac-8564-360665bd8c65/datanode-1/data/ratis/06fa83d9-db5a-4f36-993e-ad7b28db1b00/current/log_inprogress_0
2019-11-14 22:53:35,804 [9969a5d9-fcab-46ad-a887-333766046ab2@group-EF7A66731833-LeaderElection143] INFO  impl.LeaderElection (LeaderElection.java:askForVotes(178)) - 9969a5d9-fcab-46ad-a887-333766046ab2@group-EF7A66731833-LeaderElection143: begin an election at term 1 for -1: [1557401b-269c-4760-ad9d-3babb3e549ee:192.168.164.210:38449, 9969a5d9-fcab-46ad-a887-333766046ab2:192.168.164.210:41238, 377585f1-7b09-4361-841d-f3e5d0778973:192.168.164.210:33333], old=null
2019-11-14 22:53:35,805 [1557401b-269c-4760-ad9d-3babb3e549ee@group-EF7A66731833-LeaderElection141] INFO  impl.LeaderElection (LeaderElection.java:logAndReturn(56)) - 1557401b-269c-4760-ad9d-3babb3e549ee@group-EF7A66731833-LeaderElection141: Election REJECTED; received 2 response(s) [1557401b-269c-4760-ad9d-3babb3e549ee<-9969a5d9-fcab-46ad-a887-333766046ab2#0:FAIL-t1, 1557401b-269c-4760-ad9d-3babb3e549ee<-377585f1-7b09-4361-841d-f3e5d0778973#0:FAIL-t1] and 0 exception(s); 1557401b-269c-4760-ad9d-3babb3e549ee@group-EF7A66731833:t1, leader=null, voted=1557401b-269c-4760-ad9d-3babb3e549ee, raftlog=1557401b-269c-4760-ad9d-3babb3e549ee@group-EF7A66731833-SegmentedRaftLog:OPENED:c-1,f-1,i0, conf=-1: [1557401b-269c-4760-ad9d-3babb3e549ee:192.168.164.210:38449, 9969a5d9-fcab-46ad-a887-333766046ab2:192.168.164.210:41238, 377585f1-7b09-4361-841d-f3e5d0778973:192.168.164.210:33333], old=null
2019-11-14 22:53:35,805 [1557401b-269c-4760-ad9d-3babb3e549ee@group-EF7A66731833-LeaderElection141] INFO  impl.RaftServerImpl (RaftServerImpl.java:setRole(173)) - 1557401b-269c-4760-ad9d-3babb3e549ee@group-EF7A66731833: changes role from CANDIDATE to FOLLOWER at term 1 for DISCOVERED_A_NEW_TERM
2019-11-14 22:53:35,805 [377585f1-7b09-4361-841d-f3e5d0778973@group-EF7A66731833-LeaderElection140] INFO  impl.LeaderElection (LeaderElection.java:logAndReturn(56)) - 377585f1-7b09-4361-841d-f3e5d0778973@group-EF7A66731833-LeaderElection140: Election REJECTED; received 2 response(s) [377585f1-7b09-4361-841d-f3e5d0778973<-1557401b-269c-4760-ad9d-3babb3e549ee#0:FAIL-t1, 377585f1-7b09-4361-841d-f3e5d0778973<-9969a5d9-fcab-46ad-a887-333766046ab2#0:FAIL-t1] and 0 exception(s); 377585f1-7b09-4361-841d-f3e5d0778973@group-EF7A66731833:t1, leader=null, voted=377585f1-7b09-4361-841d-f3e5d0778973, raftlog=377585f1-7b09-4361-841d-f3e5d0778973@group-EF7A66731833-SegmentedRaftLog:OPENED:c-1,f-1,i0, conf=-1: [1557401b-269c-4760-ad9d-3babb3e549ee:192.168.164.210:38449, 9969a5d9-fcab-46ad-a887-333766046ab2:192.168.164.210:41238, 377585f1-7b09-4361-841d-f3e5d0778973:192.168.164.210:33333], old=null
2019-11-14 22:53:35,805 [1557401b-269c-4760-ad9d-3babb3e549ee@group-EF7A66731833-LeaderElection141] INFO  impl.RoleInfo (RoleInfo.java:shutdownLeaderElection(134)) - 1557401b-269c-4760-ad9d-3babb3e549ee: shutdown LeaderElection
2019-11-14 22:53:35,805 [377585f1-7b09-4361-841d-f3e5d0778973@group-EF7A66731833-LeaderElection140] INFO  impl.RaftServerImpl (RaftServerImpl.java:setRole(173)) - 377585f1-7b09-4361-841d-f3e5d0778973@group-EF7A66731833: changes role from CANDIDATE to FOLLOWER at term 1 for DISCOVERED_A_NEW_TERM
2019-11-14 22:53:35,805 [1557401b-269c-4760-ad9d-3babb3e549ee@group-EF7A66731833-LeaderElection141] INFO  impl.RoleInfo (RoleInfo.java:updateAndGet(143)) - 1557401b-269c-4760-ad9d-3babb3e549ee: start FollowerState
2019-11-14 22:53:35,806 [377585f1-7b09-4361-841d-f3e5d0778973@group-EF7A66731833-LeaderElection140] INFO  impl.RoleInfo (RoleInfo.java:shutdownLeaderElection(134)) - 377585f1-7b09-4361-841d-f3e5d0778973: shutdown LeaderElection
2019-11-14 22:53:35,806 [377585f1-7b09-4361-841d-f3e5d0778973@group-EF7A66731833-LeaderElection140] INFO  impl.RoleInfo (RoleInfo.java:updateAndGet(143)) - 377585f1-7b09-4361-841d-f3e5d0778973: start FollowerState
2019-11-14 22:53:35,808 [9969a5d9-fcab-46ad-a887-333766046ab2@group-EF7A66731833-LeaderElection143] INFO  impl.LeaderElection (LeaderElection.java:logAndReturn(56)) - 9969a5d9-fcab-46ad-a887-333766046ab2@group-EF7A66731833-LeaderElection143: Election REJECTED; received 2 response(s) [9969a5d9-fcab-46ad-a887-333766046ab2<-1557401b-269c-4760-ad9d-3babb3e549ee#0:FAIL-t1, 9969a5d9-fcab-46ad-a887-333766046ab2<-377585f1-7b09-4361-841d-f3e5d0778973#0:FAIL-t1] and 0 exception(s); 9969a5d9-fcab-46ad-a887-333766046ab2@group-EF7A66731833:t1, leader=null, voted=9969a5d9-fcab-46ad-a887-333766046ab2, raftlog=9969a5d9-fcab-46ad-a887-333766046ab2@group-EF7A66731833-SegmentedRaftLog:OPENED:c-1,f-1,i0, conf=-1: [1557401b-269c-4760-ad9d-3babb3e549ee:192.168.164.210:38449, 9969a5d9-fcab-46ad-a887-333766046ab2:192.168.164.210:41238, 377585f1-7b09-4361-841d-f3e5d0778973:192.168.164.210:33333], old=null
2019-11-14 22:53:35,808 [9969a5d9-fcab-46ad-a887-333766046ab2@group-EF7A66731833-LeaderElection143] INFO  impl.RaftServerImpl (RaftServerImpl.java:setRole(173)) - 9969a5d9-fcab-46ad-a887-333766046ab2@group-EF7A66731833: changes role from CANDIDATE to FOLLOWER at term 1 for DISCOVERED_A_NEW_TERM
2019-11-14 22:53:35,808 [9969a5d9-fcab-46ad-a887-333766046ab2@group-EF7A66731833-LeaderElection143] INFO  impl.RoleInfo (RoleInfo.java:shutdownLeaderElection(134)) - 9969a5d9-fcab-46ad-a887-333766046ab2: shutdown LeaderElection
2019-11-14 22:53:35,809 [9969a5d9-fcab-46ad-a887-333766046ab2@group-EF7A66731833-LeaderElection143] INFO  impl.RoleInfo (RoleInfo.java:updateAndGet(143)) - 9969a5d9-fcab-46ad-a887-333766046ab2: start FollowerState
2019-11-14 22:53:35,838 [9969a5d9-fcab-46ad-a887-333766046ab2@group-323824B0AB55-SegmentedRaftLogWorker] INFO  segmented.SegmentedRaftLogWorker (SegmentedRaftLogWorker.java:execute(576)) - 9969a5d9-fcab-46ad-a887-333766046ab2@group-323824B0AB55-SegmentedRaftLogWorker: created new log segment /workdir/hadoop-ozone/integration-test/target/test-dir/MiniOzoneClusterImpl-c304fa79-6e7f-43ac-8564-360665bd8c65/datanode-2/data/ratis/d9db7ee3-8d35-423f-a530-323824b0ab55/current/log_inprogress_0
2019-11-14 22:53:35,856 [Thread-4265] INFO  impl.FollowerState (FollowerState.java:run(111)) - 2e7f8c24-c608-431c-b6d8-707cc816ba74@group-2A75C0A03975-FollowerState: change to CANDIDATE, lastRpcTime:1120ms, electionTimeout:1120ms
2019-11-14 22:53:35,856 [Thread-4265] INFO  impl.RoleInfo (RoleInfo.java:shutdownFollowerState(121)) - 2e7f8c24-c608-431c-b6d8-707cc816ba74: shutdown FollowerState
2019-11-14 22:53:35,856 [Thread-4265] INFO  impl.RaftServerImpl (RaftServerImpl.java:setRole(173)) - 2e7f8c24-c608-431c-b6d8-707cc816ba74@group-2A75C0A03975: changes role from  FOLLOWER to CANDIDATE at term 0 for changeToCandidate
2019-11-14 22:53:35,856 [Thread-4265] INFO  impl.RoleInfo (RoleInfo.java:updateAndGet(143)) - 2e7f8c24-c608-431c-b6d8-707cc816ba74: start LeaderElection
2019-11-14 22:53:35,874 [2e7f8c24-c608-431c-b6d8-707cc816ba74@group-2A75C0A03975-LeaderElection144] INFO  impl.LeaderElection (LeaderElection.java:askForVotes(178)) - 2e7f8c24-c608-431c-b6d8-707cc816ba74@group-2A75C0A03975-LeaderElection144: begin an election at term 1 for -1: [2e7f8c24-c608-431c-b6d8-707cc816ba74:192.168.164.210:38009], old=null
2019-11-14 22:53:35,874 [2e7f8c24-c608-431c-b6d8-707cc816ba74@group-2A75C0A03975-LeaderElection144] INFO  impl.RoleInfo (RoleInfo.java:shutdownLeaderElection(134)) - 2e7f8c24-c608-431c-b6d8-707cc816ba74: shutdown LeaderElection
2019-11-14 22:53:35,874 [2e7f8c24-c608-431c-b6d8-707cc816ba74@group-2A75C0A03975-LeaderElection144] INFO  impl.RaftServerImpl (RaftServerImpl.java:setRole(173)) - 2e7f8c24-c608-431c-b6d8-707cc816ba74@group-2A75C0A03975: changes role from CANDIDATE to LEADER at term 1 for changeToLeader
2019-11-14 22:53:35,874 [2e7f8c24-c608-431c-b6d8-707cc816ba74@group-2A75C0A03975-LeaderElection144] INFO  ratis.XceiverServerRatis (XceiverServerRatis.java:handleLeaderChangedNotification(697)) - Leader change notification received for group: group-2A75C0A03975 with new leaderId: 2e7f8c24-c608-431c-b6d8-707cc816ba74
2019-11-14 22:53:35,875 [2e7f8c24-c608-431c-b6d8-707cc816ba74@group-2A75C0A03975-LeaderElection144] INFO  impl.RaftServerImpl (ServerState.java:setLeader(255)) - 2e7f8c24-c608-431c-b6d8-707cc816ba74@group-2A75C0A03975: change Leader from null to 2e7f8c24-c608-431c-b6d8-707cc816ba74 at term 1 for becomeLeader, leader elected after 1141ms
2019-11-14 22:53:35,875 [2e7f8c24-c608-431c-b6d8-707cc816ba74@group-2A75C0A03975-LeaderElection144] INFO  server.RaftServerConfigKeys (ConfUtils.java:logGet(43)) - raft.server.staging.catchup.gap = 1000 (default)
2019-11-14 22:53:35,875 [2e7f8c24-c608-431c-b6d8-707cc816ba74@group-2A75C0A03975-LeaderElection144] INFO  server.RaftServerConfigKeys (ConfUtils.java:logGet(43)) - raft.server.rpc.sleep.time = 25ms (default)
2019-11-14 22:53:35,876 [2e7f8c24-c608-431c-b6d8-707cc816ba74@group-2A75C0A03975-LeaderElection144] INFO  server.RaftServerConfigKeys (ConfUtils.java:logGet(43)) - raft.server.write.element-limit = 4096 (default)
2019-11-14 22:53:35,877 [2e7f8c24-c608-431c-b6d8-707cc816ba74@group-2A75C0A03975-LeaderElection144] INFO  server.RaftServerConfigKeys (ConfUtils.java:logGet(43)) - raft.server.watch.timeout = 10s (default)
2019-11-14 22:53:35,877 [2e7f8c24-c608-431c-b6d8-707cc816ba74@group-2A75C0A03975-LeaderElection144] INFO  server.RaftServerConfigKeys (ConfUtils.java:logGet(43)) - raft.server.watch.timeout.denomination = 1s (default)
2019-11-14 22:53:35,877 [2e7f8c24-c608-431c-b6d8-707cc816ba74@group-2A75C0A03975-LeaderElection144] INFO  server.RaftServerConfigKeys (ConfUtils.java:logGet(43)) - raft.server.watch.element-limit = 65536 (default)
2019-11-14 22:53:35,877 [EventQueue-PipelineReportForPipelineReportHandler] INFO  pipeline.PipelineStateManager (PipelineStateManager.java:openPipeline(134)) - Pipeline Pipeline[ Id: c3b4d1d6-ec27-485e-b673-2a75c0a03975, Nodes: 2e7f8c24-c608-431c-b6d8-707cc816ba74{ip: 192.168.164.210, host: pr-hdds-2448-del-container-qmj8s-3203767274, networkLocation: /rack1, certSerialId: null}, Type:RATIS, Factor:ONE, State:OPEN] moved to OPEN state
2019-11-14 22:53:35,877 [2e7f8c24-c608-431c-b6d8-707cc816ba74@group-2A75C0A03975-LeaderElection144] INFO  impl.RoleInfo (RoleInfo.java:updateAndGet(143)) - 2e7f8c24-c608-431c-b6d8-707cc816ba74: start LeaderState
2019-11-14 22:53:35,877 [2e7f8c24-c608-431c-b6d8-707cc816ba74@group-2A75C0A03975-LeaderElection144] INFO  segmented.SegmentedRaftLogWorker (SegmentedRaftLogWorker.java:startLogSegment(385)) - 2e7f8c24-c608-431c-b6d8-707cc816ba74@group-2A75C0A03975-SegmentedRaftLogWorker: Starting segment from index:0
2019-11-14 22:53:35,878 [2e7f8c24-c608-431c-b6d8-707cc816ba74@group-2A75C0A03975-LeaderElection144] INFO  impl.RaftServerImpl (ServerState.java:setRaftConf(356)) - 2e7f8c24-c608-431c-b6d8-707cc816ba74@group-2A75C0A03975: set configuration 0: [2e7f8c24-c608-431c-b6d8-707cc816ba74:192.168.164.210:38009], old=null at 0
2019-11-14 22:53:35,915 [2e7f8c24-c608-431c-b6d8-707cc816ba74@group-2A75C0A03975-SegmentedRaftLogWorker] INFO  segmented.SegmentedRaftLogWorker (SegmentedRaftLogWorker.java:execute(576)) - 2e7f8c24-c608-431c-b6d8-707cc816ba74@group-2A75C0A03975-SegmentedRaftLogWorker: created new log segment /workdir/hadoop-ozone/integration-test/target/test-dir/MiniOzoneClusterImpl-c304fa79-6e7f-43ac-8564-360665bd8c65/datanode-3/data/ratis/c3b4d1d6-ec27-485e-b673-2a75c0a03975/current/log_inprogress_0
2019-11-14 22:53:35,974 [Thread-4268] INFO  impl.FollowerState (FollowerState.java:run(111)) - 0261bc30-8b8d-4db7-80aa-965ad1e19f13@group-FDA6E6437DE0-FollowerState: change to CANDIDATE, lastRpcTime:1175ms, electionTimeout:1175ms
2019-11-14 22:53:35,974 [Thread-4268] INFO  impl.RoleInfo (RoleInfo.java:shutdownFollowerState(121)) - 0261bc30-8b8d-4db7-80aa-965ad1e19f13: shutdown FollowerState
2019-11-14 22:53:35,975 [Thread-4268] INFO  impl.RaftServerImpl (RaftServerImpl.java:setRole(173)) - 0261bc30-8b8d-4db7-80aa-965ad1e19f13@group-FDA6E6437DE0: changes role from  FOLLOWER to CANDIDATE at term 0 for changeToCandidate
2019-11-14 22:53:35,975 [Thread-4268] INFO  impl.RoleInfo (RoleInfo.java:updateAndGet(143)) - 0261bc30-8b8d-4db7-80aa-965ad1e19f13: start LeaderElection
2019-11-14 22:53:35,989 [Thread-4271] INFO  impl.FollowerState (FollowerState.java:run(111)) - 8c93cdd4-5606-4221-9500-0bbe6d2ac50a@group-A8789E45C384-FollowerState: change to CANDIDATE, lastRpcTime:1132ms, electionTimeout:1132ms
2019-11-14 22:53:35,989 [Thread-4271] INFO  impl.RoleInfo (RoleInfo.java:shutdownFollowerState(121)) - 8c93cdd4-5606-4221-9500-0bbe6d2ac50a: shutdown FollowerState
2019-11-14 22:53:35,989 [Thread-4271] INFO  impl.RaftServerImpl (RaftServerImpl.java:setRole(173)) - 8c93cdd4-5606-4221-9500-0bbe6d2ac50a@group-A8789E45C384: changes role from  FOLLOWER to CANDIDATE at term 0 for changeToCandidate
2019-11-14 22:53:35,989 [Thread-4271] INFO  impl.RoleInfo (RoleInfo.java:updateAndGet(143)) - 8c93cdd4-5606-4221-9500-0bbe6d2ac50a: start LeaderElection
2019-11-14 22:53:36,008 [Thread-4275] INFO  impl.FollowerState (FollowerState.java:run(111)) - 8c93cdd4-5606-4221-9500-0bbe6d2ac50a@group-3585028410D3-FollowerState: change to CANDIDATE, lastRpcTime:1089ms, electionTimeout:1088ms
2019-11-14 22:53:36,009 [Thread-4275] INFO  impl.RoleInfo (RoleInfo.java:shutdownFollowerState(121)) - 8c93cdd4-5606-4221-9500-0bbe6d2ac50a: shutdown FollowerState
2019-11-14 22:53:36,009 [Thread-4275] INFO  impl.RaftServerImpl (RaftServerImpl.java:setRole(173)) - 8c93cdd4-5606-4221-9500-0bbe6d2ac50a@group-3585028410D3: changes role from  FOLLOWER to CANDIDATE at term 0 for changeToCandidate
2019-11-14 22:53:36,009 [Thread-4275] INFO  impl.RoleInfo (RoleInfo.java:updateAndGet(143)) - 8c93cdd4-5606-4221-9500-0bbe6d2ac50a: start LeaderElection
2019-11-14 22:53:36,019 [0261bc30-8b8d-4db7-80aa-965ad1e19f13@group-FDA6E6437DE0-LeaderElection145] INFO  impl.LeaderElection (LeaderElection.java:askForVotes(178)) - 0261bc30-8b8d-4db7-80aa-965ad1e19f13@group-FDA6E6437DE0-LeaderElection145: begin an election at term 1 for -1: [0261bc30-8b8d-4db7-80aa-965ad1e19f13:192.168.164.210:35118], old=null
2019-11-14 22:53:36,019 [8c93cdd4-5606-4221-9500-0bbe6d2ac50a@group-A8789E45C384-LeaderElection146] INFO  impl.LeaderElection (LeaderElection.java:askForVotes(178)) - 8c93cdd4-5606-4221-9500-0bbe6d2ac50a@group-A8789E45C384-LeaderElection146: begin an election at term 1 for -1: [8c93cdd4-5606-4221-9500-0bbe6d2ac50a:192.168.164.210:37665], old=null
2019-11-14 22:53:36,019 [8c93cdd4-5606-4221-9500-0bbe6d2ac50a@group-3585028410D3-LeaderElection147] INFO  impl.LeaderElection (LeaderElection.java:askForVotes(178)) - 8c93cdd4-5606-4221-9500-0bbe6d2ac50a@group-3585028410D3-LeaderElection147: begin an election at term 1 for -1: [2e7f8c24-c608-431c-b6d8-707cc816ba74:192.168.164.210:38009, 8c93cdd4-5606-4221-9500-0bbe6d2ac50a:192.168.164.210:37665, 0261bc30-8b8d-4db7-80aa-965ad1e19f13:192.168.164.210:35118], old=null
2019-11-14 22:53:36,019 [8c93cdd4-5606-4221-9500-0bbe6d2ac50a@group-A8789E45C384-LeaderElection146] INFO  impl.RoleInfo (RoleInfo.java:shutdownLeaderElection(134)) - 8c93cdd4-5606-4221-9500-0bbe6d2ac50a: shutdown LeaderElection
2019-11-14 22:53:36,019 [0261bc30-8b8d-4db7-80aa-965ad1e19f13@group-FDA6E6437DE0-LeaderElection145] INFO  impl.RoleInfo (RoleInfo.java:shutdownLeaderElection(134)) - 0261bc30-8b8d-4db7-80aa-965ad1e19f13: shutdown LeaderElection
2019-11-14 22:53:36,019 [8c93cdd4-5606-4221-9500-0bbe6d2ac50a@group-A8789E45C384-LeaderElection146] INFO  impl.RaftServerImpl (RaftServerImpl.java:setRole(173)) - 8c93cdd4-5606-4221-9500-0bbe6d2ac50a@group-A8789E45C384: changes role from CANDIDATE to LEADER at term 1 for changeToLeader
2019-11-14 22:53:36,019 [0261bc30-8b8d-4db7-80aa-965ad1e19f13@group-FDA6E6437DE0-LeaderElection145] INFO  impl.RaftServerImpl (RaftServerImpl.java:setRole(173)) - 0261bc30-8b8d-4db7-80aa-965ad1e19f13@group-FDA6E6437DE0: changes role from CANDIDATE to LEADER at term 1 for changeToLeader
2019-11-14 22:53:36,019 [8c93cdd4-5606-4221-9500-0bbe6d2ac50a@group-A8789E45C384-LeaderElection146] INFO  ratis.XceiverServerRatis (XceiverServerRatis.java:handleLeaderChangedNotification(697)) - Leader change notification received for group: group-A8789E45C384 with new leaderId: 8c93cdd4-5606-4221-9500-0bbe6d2ac50a
2019-11-14 22:53:36,019 [0261bc30-8b8d-4db7-80aa-965ad1e19f13@group-FDA6E6437DE0-LeaderElection145] INFO  ratis.XceiverServerRatis (XceiverServerRatis.java:handleLeaderChangedNotification(697)) - Leader change notification received for group: group-FDA6E6437DE0 with new leaderId: 0261bc30-8b8d-4db7-80aa-965ad1e19f13
2019-11-14 22:53:36,019 [8c93cdd4-5606-4221-9500-0bbe6d2ac50a@group-A8789E45C384-LeaderElection146] INFO  impl.RaftServerImpl (ServerState.java:setLeader(255)) - 8c93cdd4-5606-4221-9500-0bbe6d2ac50a@group-A8789E45C384: change Leader from null to 8c93cdd4-5606-4221-9500-0bbe6d2ac50a at term 1 for becomeLeader, leader elected after 1165ms
2019-11-14 22:53:36,019 [0261bc30-8b8d-4db7-80aa-965ad1e19f13@group-FDA6E6437DE0-LeaderElection145] INFO  impl.RaftServerImpl (ServerState.java:setLeader(255)) - 0261bc30-8b8d-4db7-80aa-965ad1e19f13@group-FDA6E6437DE0: change Leader from null to 0261bc30-8b8d-4db7-80aa-965ad1e19f13 at term 1 for becomeLeader, leader elected after 1223ms
2019-11-14 22:53:36,019 [8c93cdd4-5606-4221-9500-0bbe6d2ac50a@group-A8789E45C384-LeaderElection146] INFO  server.RaftServerConfigKeys (ConfUtils.java:logGet(43)) - raft.server.staging.catchup.gap = 1000 (default)
2019-11-14 22:53:36,020 [0261bc30-8b8d-4db7-80aa-965ad1e19f13@group-FDA6E6437DE0-LeaderElection145] INFO  server.RaftServerConfigKeys (ConfUtils.java:logGet(43)) - raft.server.staging.catchup.gap = 1000 (default)
2019-11-14 22:53:36,029 [8c93cdd4-5606-4221-9500-0bbe6d2ac50a@group-A8789E45C384-LeaderElection146] INFO  server.RaftServerConfigKeys (ConfUtils.java:logGet(43)) - raft.server.rpc.sleep.time = 25ms (default)
2019-11-14 22:53:36,029 [0261bc30-8b8d-4db7-80aa-965ad1e19f13@group-FDA6E6437DE0-LeaderElection145] INFO  server.RaftServerConfigKeys (ConfUtils.java:logGet(43)) - raft.server.rpc.sleep.time = 25ms (default)
2019-11-14 22:53:36,029 [8c93cdd4-5606-4221-9500-0bbe6d2ac50a@group-A8789E45C384-LeaderElection146] INFO  server.RaftServerConfigKeys (ConfUtils.java:logGet(43)) - raft.server.write.element-limit = 4096 (default)
2019-11-14 22:53:36,029 [0261bc30-8b8d-4db7-80aa-965ad1e19f13@group-FDA6E6437DE0-LeaderElection145] INFO  server.RaftServerConfigKeys (ConfUtils.java:logGet(43)) - raft.server.write.element-limit = 4096 (default)
2019-11-14 22:53:36,029 [8c93cdd4-5606-4221-9500-0bbe6d2ac50a@group-A8789E45C384-LeaderElection146] INFO  server.RaftServerConfigKeys (ConfUtils.java:logGet(43)) - raft.server.watch.timeout = 10s (default)
2019-11-14 22:53:36,029 [EventQueue-PipelineReportForPipelineReportHandler] INFO  pipeline.PipelineStateManager (PipelineStateManager.java:openPipeline(134)) - Pipeline Pipeline[ Id: 8a73413d-aa83-4003-86f2-fda6e6437de0, Nodes: 0261bc30-8b8d-4db7-80aa-965ad1e19f13{ip: 192.168.164.210, host: pr-hdds-2448-del-container-qmj8s-3203767274, networkLocation: /rack1, certSerialId: null}, Type:RATIS, Factor:ONE, State:OPEN] moved to OPEN state
2019-11-14 22:53:36,030 [8c93cdd4-5606-4221-9500-0bbe6d2ac50a@group-A8789E45C384-LeaderElection146] INFO  server.RaftServerConfigKeys (ConfUtils.java:logGet(43)) - raft.server.watch.timeout.denomination = 1s (default)
2019-11-14 22:53:36,030 [0261bc30-8b8d-4db7-80aa-965ad1e19f13@group-FDA6E6437DE0-LeaderElection145] INFO  server.RaftServerConfigKeys (ConfUtils.java:logGet(43)) - raft.server.watch.timeout = 10s (default)
2019-11-14 22:53:36,030 [EventQueue-PipelineReportForPipelineReportHandler] INFO  pipeline.PipelineStateManager (PipelineStateManager.java:openPipeline(134)) - Pipeline Pipeline[ Id: 1a17d261-73e9-41d7-ab4b-a8789e45c384, Nodes: 8c93cdd4-5606-4221-9500-0bbe6d2ac50a{ip: 192.168.164.210, host: pr-hdds-2448-del-container-qmj8s-3203767274, networkLocation: /rack1, certSerialId: null}, Type:RATIS, Factor:ONE, State:OPEN] moved to OPEN state
2019-11-14 22:53:36,030 [8c93cdd4-5606-4221-9500-0bbe6d2ac50a@group-A8789E45C384-LeaderElection146] INFO  server.RaftServerConfigKeys (ConfUtils.java:logGet(43)) - raft.server.watch.element-limit = 65536 (default)
2019-11-14 22:53:36,030 [0261bc30-8b8d-4db7-80aa-965ad1e19f13@group-FDA6E6437DE0-LeaderElection145] INFO  server.RaftServerConfigKeys (ConfUtils.java:logGet(43)) - raft.server.watch.timeout.denomination = 1s (default)
2019-11-14 22:53:36,030 [8c93cdd4-5606-4221-9500-0bbe6d2ac50a@group-A8789E45C384-LeaderElection146] INFO  impl.RoleInfo (RoleInfo.java:updateAndGet(143)) - 8c93cdd4-5606-4221-9500-0bbe6d2ac50a: start LeaderState
2019-11-14 22:53:36,030 [0261bc30-8b8d-4db7-80aa-965ad1e19f13@group-FDA6E6437DE0-LeaderElection145] INFO  server.RaftServerConfigKeys (ConfUtils.java:logGet(43)) - raft.server.watch.element-limit = 65536 (default)
2019-11-14 22:53:36,030 [8c93cdd4-5606-4221-9500-0bbe6d2ac50a@group-A8789E45C384-LeaderElection146] INFO  segmented.SegmentedRaftLogWorker (SegmentedRaftLogWorker.java:startLogSegment(385)) - 8c93cdd4-5606-4221-9500-0bbe6d2ac50a@group-A8789E45C384-SegmentedRaftLogWorker: Starting segment from index:0
2019-11-14 22:53:36,030 [0261bc30-8b8d-4db7-80aa-965ad1e19f13@group-FDA6E6437DE0-LeaderElection145] INFO  impl.RoleInfo (RoleInfo.java:updateAndGet(143)) - 0261bc30-8b8d-4db7-80aa-965ad1e19f13: start LeaderState
2019-11-14 22:53:36,031 [0261bc30-8b8d-4db7-80aa-965ad1e19f13@group-FDA6E6437DE0-LeaderElection145] INFO  segmented.SegmentedRaftLogWorker (SegmentedRaftLogWorker.java:startLogSegment(385)) - 0261bc30-8b8d-4db7-80aa-965ad1e19f13@group-FDA6E6437DE0-SegmentedRaftLogWorker: Starting segment from index:0
2019-11-14 22:53:36,031 [8c93cdd4-5606-4221-9500-0bbe6d2ac50a@group-A8789E45C384-LeaderElection146] INFO  impl.RaftServerImpl (ServerState.java:setRaftConf(356)) - 8c93cdd4-5606-4221-9500-0bbe6d2ac50a@group-A8789E45C384: set configuration 0: [8c93cdd4-5606-4221-9500-0bbe6d2ac50a:192.168.164.210:37665], old=null at 0
2019-11-14 22:53:36,031 [0261bc30-8b8d-4db7-80aa-965ad1e19f13@group-FDA6E6437DE0-LeaderElection145] INFO  impl.RaftServerImpl (ServerState.java:setRaftConf(356)) - 0261bc30-8b8d-4db7-80aa-965ad1e19f13@group-FDA6E6437DE0: set configuration 0: [0261bc30-8b8d-4db7-80aa-965ad1e19f13:192.168.164.210:35118], old=null at 0
2019-11-14 22:53:36,034 [grpc-default-executor-4] INFO  impl.RaftServerImpl (RaftServerImpl.java:setRole(173)) - 2e7f8c24-c608-431c-b6d8-707cc816ba74@group-3585028410D3: changes role from  FOLLOWER to FOLLOWER at term 1 for recognizeCandidate:8c93cdd4-5606-4221-9500-0bbe6d2ac50a
2019-11-14 22:53:36,033 [grpc-default-executor-5] INFO  impl.RaftServerImpl (RaftServerImpl.java:setRole(173)) - 0261bc30-8b8d-4db7-80aa-965ad1e19f13@group-3585028410D3: changes role from  FOLLOWER to FOLLOWER at term 1 for recognizeCandidate:8c93cdd4-5606-4221-9500-0bbe6d2ac50a
2019-11-14 22:53:36,035 [grpc-default-executor-4] INFO  impl.RoleInfo (RoleInfo.java:shutdownFollowerState(121)) - 2e7f8c24-c608-431c-b6d8-707cc816ba74: shutdown FollowerState
2019-11-14 22:53:36,035 [grpc-default-executor-5] INFO  impl.RoleInfo (RoleInfo.java:shutdownFollowerState(121)) - 0261bc30-8b8d-4db7-80aa-965ad1e19f13: shutdown FollowerState
2019-11-14 22:53:36,035 [Thread-4280] INFO  impl.FollowerState (FollowerState.java:run(120)) - 2e7f8c24-c608-431c-b6d8-707cc816ba74@group-3585028410D3-FollowerState was interrupted: java.lang.InterruptedException: sleep interrupted
2019-11-14 22:53:36,035 [grpc-default-executor-4] INFO  impl.RoleInfo (RoleInfo.java:updateAndGet(143)) - 2e7f8c24-c608-431c-b6d8-707cc816ba74: start FollowerState
2019-11-14 22:53:36,035 [Thread-4276] INFO  impl.FollowerState (FollowerState.java:run(120)) - 0261bc30-8b8d-4db7-80aa-965ad1e19f13@group-3585028410D3-FollowerState was interrupted: java.lang.InterruptedException: sleep interrupted
2019-11-14 22:53:36,035 [grpc-default-executor-5] INFO  impl.RoleInfo (RoleInfo.java:updateAndGet(143)) - 0261bc30-8b8d-4db7-80aa-965ad1e19f13: start FollowerState
2019-11-14 22:53:36,049 [8c93cdd4-5606-4221-9500-0bbe6d2ac50a@group-3585028410D3-LeaderElection147] INFO  impl.LeaderElection (LeaderElection.java:logAndReturn(56)) - 8c93cdd4-5606-4221-9500-0bbe6d2ac50a@group-3585028410D3-LeaderElection147: Election PASSED; received 1 response(s) [8c93cdd4-5606-4221-9500-0bbe6d2ac50a<-0261bc30-8b8d-4db7-80aa-965ad1e19f13#0:OK-t1] and 0 exception(s); 8c93cdd4-5606-4221-9500-0bbe6d2ac50a@group-3585028410D3:t1, leader=null, voted=8c93cdd4-5606-4221-9500-0bbe6d2ac50a, raftlog=8c93cdd4-5606-4221-9500-0bbe6d2ac50a@group-3585028410D3-SegmentedRaftLog:OPENED:c-1,f-1,i0, conf=-1: [2e7f8c24-c608-431c-b6d8-707cc816ba74:192.168.164.210:38009, 8c93cdd4-5606-4221-9500-0bbe6d2ac50a:192.168.164.210:37665, 0261bc30-8b8d-4db7-80aa-965ad1e19f13:192.168.164.210:35118], old=null
2019-11-14 22:53:36,049 [8c93cdd4-5606-4221-9500-0bbe6d2ac50a@group-3585028410D3-LeaderElection147] INFO  impl.RoleInfo (RoleInfo.java:shutdownLeaderElection(134)) - 8c93cdd4-5606-4221-9500-0bbe6d2ac50a: shutdown LeaderElection
2019-11-14 22:53:36,050 [8c93cdd4-5606-4221-9500-0bbe6d2ac50a@group-3585028410D3-LeaderElection147] INFO  impl.RaftServerImpl (RaftServerImpl.java:setRole(173)) - 8c93cdd4-5606-4221-9500-0bbe6d2ac50a@group-3585028410D3: changes role from CANDIDATE to LEADER at term 1 for changeToLeader
2019-11-14 22:53:36,050 [8c93cdd4-5606-4221-9500-0bbe6d2ac50a@group-3585028410D3-LeaderElection147] INFO  ratis.XceiverServerRatis (XceiverServerRatis.java:handleLeaderChangedNotification(697)) - Leader change notification received for group: group-3585028410D3 with new leaderId: 8c93cdd4-5606-4221-9500-0bbe6d2ac50a
2019-11-14 22:53:36,050 [8c93cdd4-5606-4221-9500-0bbe6d2ac50a@group-3585028410D3-LeaderElection147] INFO  impl.RaftServerImpl (ServerState.java:setLeader(255)) - 8c93cdd4-5606-4221-9500-0bbe6d2ac50a@group-3585028410D3: change Leader from null to 8c93cdd4-5606-4221-9500-0bbe6d2ac50a at term 1 for becomeLeader, leader elected after 1137ms
2019-11-14 22:53:36,050 [8c93cdd4-5606-4221-9500-0bbe6d2ac50a@group-3585028410D3-LeaderElection147] INFO  server.RaftServerConfigKeys (ConfUtils.java:logGet(43)) - raft.server.staging.catchup.gap = 1000 (default)
2019-11-14 22:53:36,050 [8c93cdd4-5606-4221-9500-0bbe6d2ac50a@group-3585028410D3-LeaderElection147] INFO  server.RaftServerConfigKeys (ConfUtils.java:logGet(43)) - raft.server.rpc.sleep.time = 25ms (default)
2019-11-14 22:53:36,050 [8c93cdd4-5606-4221-9500-0bbe6d2ac50a@group-3585028410D3-LeaderElection147] INFO  server.RaftServerConfigKeys (ConfUtils.java:logGet(43)) - raft.server.write.element-limit = 4096 (default)
2019-11-14 22:53:36,050 [8c93cdd4-5606-4221-9500-0bbe6d2ac50a@group-3585028410D3-LeaderElection147] INFO  server.RaftServerConfigKeys (ConfUtils.java:logGet(43)) - raft.server.watch.timeout = 10s (default)
2019-11-14 22:53:36,050 [8c93cdd4-5606-4221-9500-0bbe6d2ac50a@group-3585028410D3-LeaderElection147] INFO  server.RaftServerConfigKeys (ConfUtils.java:logGet(43)) - raft.server.watch.timeout.denomination = 1s (default)
2019-11-14 22:53:36,050 [8c93cdd4-5606-4221-9500-0bbe6d2ac50a@group-3585028410D3-LeaderElection147] INFO  server.RaftServerConfigKeys (ConfUtils.java:logGet(43)) - raft.server.watch.element-limit = 65536 (default)
2019-11-14 22:53:36,051 [EventQueue-PipelineReportForPipelineReportHandler] INFO  pipeline.PipelineStateManager (PipelineStateManager.java:openPipeline(134)) - Pipeline Pipeline[ Id: 078bad0d-1d16-4d11-b4ef-3585028410d3, Nodes: 2e7f8c24-c608-431c-b6d8-707cc816ba74{ip: 192.168.164.210, host: pr-hdds-2448-del-container-qmj8s-3203767274, networkLocation: /rack1, certSerialId: null}0261bc30-8b8d-4db7-80aa-965ad1e19f13{ip: 192.168.164.210, host: pr-hdds-2448-del-container-qmj8s-3203767274, networkLocation: /rack1, certSerialId: null}8c93cdd4-5606-4221-9500-0bbe6d2ac50a{ip: 192.168.164.210, host: pr-hdds-2448-del-container-qmj8s-3203767274, networkLocation: /rack1, certSerialId: null}, Type:RATIS, Factor:THREE, State:OPEN] moved to OPEN state
2019-11-14 22:53:36,051 [8c93cdd4-5606-4221-9500-0bbe6d2ac50a@group-3585028410D3-LeaderElection147] INFO  server.RaftServerConfigKeys (ConfUtils.java:logGet(43)) - raft.server.log.appender.snapshot.chunk.size.max = 16MB (=16777216) (default)
2019-11-14 22:53:36,051 [8c93cdd4-5606-4221-9500-0bbe6d2ac50a@group-3585028410D3-LeaderElection147] INFO  server.RaftServerConfigKeys (ConfUtils.java:logGet(43)) - raft.server.log.appender.buffer.byte-limit = 33554432 (custom)
2019-11-14 22:53:36,051 [8c93cdd4-5606-4221-9500-0bbe6d2ac50a@group-3585028410D3-LeaderElection147] INFO  server.RaftServerConfigKeys (ConfUtils.java:logGet(43)) - raft.server.log.appender.buffer.element-limit = 1 (custom)
2019-11-14 22:53:36,051 [8c93cdd4-5606-4221-9500-0bbe6d2ac50a@group-3585028410D3-LeaderElection147] INFO  grpc.GrpcConfigKeys$Server (ConfUtils.java:logGet(43)) - raft.grpc.server.leader.outstanding.appends.max = 128 (default)
2019-11-14 22:53:36,051 [8c93cdd4-5606-4221-9500-0bbe6d2ac50a@group-3585028410D3-LeaderElection147] INFO  server.RaftServerConfigKeys (ConfUtils.java:logGet(43)) - raft.server.rpc.request.timeout = 3000ms (default)
2019-11-14 22:53:36,051 [8c93cdd4-5606-4221-9500-0bbe6d2ac50a@group-3585028410D3-LeaderElection147] INFO  server.RaftServerConfigKeys (ConfUtils.java:logGet(43)) - raft.server.log.appender.install.snapshot.enabled = false (custom)
2019-11-14 22:53:36,052 [8c93cdd4-5606-4221-9500-0bbe6d2ac50a@group-3585028410D3-LeaderElection147] WARN  impl.MetricRegistriesImpl (MetricRegistriesImpl.java:lambda$create$1(61)) - First MetricRegistry has been created without registering reporters. You may need to call MetricRegistries.global().addReportRegistration(...) before.
2019-11-14 22:53:36,052 [8c93cdd4-5606-4221-9500-0bbe6d2ac50a@group-3585028410D3-LeaderElection147] INFO  server.RaftServerConfigKeys (ConfUtils.java:logGet(43)) - raft.server.log.appender.snapshot.chunk.size.max = 16MB (=16777216) (default)
2019-11-14 22:53:36,052 [8c93cdd4-5606-4221-9500-0bbe6d2ac50a@group-3585028410D3-LeaderElection147] INFO  server.RaftServerConfigKeys (ConfUtils.java:logGet(43)) - raft.server.log.appender.buffer.byte-limit = 33554432 (custom)
2019-11-14 22:53:36,052 [8c93cdd4-5606-4221-9500-0bbe6d2ac50a@group-3585028410D3-LeaderElection147] INFO  server.RaftServerConfigKeys (ConfUtils.java:logGet(43)) - raft.server.log.appender.buffer.element-limit = 1 (custom)
2019-11-14 22:53:36,052 [8c93cdd4-5606-4221-9500-0bbe6d2ac50a@group-3585028410D3-LeaderElection147] INFO  grpc.GrpcConfigKeys$Server (ConfUtils.java:logGet(43)) - raft.grpc.server.leader.outstanding.appends.max = 128 (default)
2019-11-14 22:53:36,052 [8c93cdd4-5606-4221-9500-0bbe6d2ac50a@group-3585028410D3-LeaderElection147] INFO  server.RaftServerConfigKeys (ConfUtils.java:logGet(43)) - raft.server.rpc.request.timeout = 3000ms (default)
2019-11-14 22:53:36,052 [8c93cdd4-5606-4221-9500-0bbe6d2ac50a@group-3585028410D3-LeaderElection147] INFO  server.RaftServerConfigKeys (ConfUtils.java:logGet(43)) - raft.server.log.appender.install.snapshot.enabled = false (custom)
2019-11-14 22:53:36,052 [8c93cdd4-5606-4221-9500-0bbe6d2ac50a@group-3585028410D3-LeaderElection147] INFO  impl.RoleInfo (RoleInfo.java:updateAndGet(143)) - 8c93cdd4-5606-4221-9500-0bbe6d2ac50a: start LeaderState
2019-11-14 22:53:36,053 [8c93cdd4-5606-4221-9500-0bbe6d2ac50a@group-3585028410D3-LeaderElection147] INFO  segmented.SegmentedRaftLogWorker (SegmentedRaftLogWorker.java:startLogSegment(385)) - 8c93cdd4-5606-4221-9500-0bbe6d2ac50a@group-3585028410D3-SegmentedRaftLogWorker: Starting segment from index:0
2019-11-14 22:53:36,053 [8c93cdd4-5606-4221-9500-0bbe6d2ac50a@group-3585028410D3-LeaderElection147] INFO  impl.RaftServerImpl (ServerState.java:setRaftConf(356)) - 8c93cdd4-5606-4221-9500-0bbe6d2ac50a@group-3585028410D3: set configuration 0: [2e7f8c24-c608-431c-b6d8-707cc816ba74:192.168.164.210:38009, 8c93cdd4-5606-4221-9500-0bbe6d2ac50a:192.168.164.210:37665, 0261bc30-8b8d-4db7-80aa-965ad1e19f13:192.168.164.210:35118], old=null at 0
2019-11-14 22:53:36,084 [grpc-default-executor-5] INFO  ratis.XceiverServerRatis (XceiverServerRatis.java:handleLeaderChangedNotification(697)) - Leader change notification received for group: group-3585028410D3 with new leaderId: 8c93cdd4-5606-4221-9500-0bbe6d2ac50a
2019-11-14 22:53:36,084 [grpc-default-executor-4] INFO  ratis.XceiverServerRatis (XceiverServerRatis.java:handleLeaderChangedNotification(697)) - Leader change notification received for group: group-3585028410D3 with new leaderId: 8c93cdd4-5606-4221-9500-0bbe6d2ac50a
2019-11-14 22:53:36,084 [grpc-default-executor-5] INFO  impl.RaftServerImpl (ServerState.java:setLeader(255)) - 2e7f8c24-c608-431c-b6d8-707cc816ba74@group-3585028410D3: change Leader from null to 8c93cdd4-5606-4221-9500-0bbe6d2ac50a at term 1 for appendEntries, leader elected after 1171ms
2019-11-14 22:53:36,085 [grpc-default-executor-4] INFO  impl.RaftServerImpl (ServerState.java:setLeader(255)) - 0261bc30-8b8d-4db7-80aa-965ad1e19f13@group-3585028410D3: change Leader from null to 8c93cdd4-5606-4221-9500-0bbe6d2ac50a at term 1 for appendEntries, leader elected after 1172ms
2019-11-14 22:53:36,086 [grpc-default-executor-4] INFO  impl.RaftServerImpl (ServerState.java:setRaftConf(356)) - 2e7f8c24-c608-431c-b6d8-707cc816ba74@group-3585028410D3: set configuration 0: [2e7f8c24-c608-431c-b6d8-707cc816ba74:192.168.164.210:38009, 8c93cdd4-5606-4221-9500-0bbe6d2ac50a:192.168.164.210:37665, 0261bc30-8b8d-4db7-80aa-965ad1e19f13:192.168.164.210:35118], old=null at 0
2019-11-14 22:53:36,086 [grpc-default-executor-5] INFO  impl.RaftServerImpl (ServerState.java:setRaftConf(356)) - 0261bc30-8b8d-4db7-80aa-965ad1e19f13@group-3585028410D3: set configuration 0: [2e7f8c24-c608-431c-b6d8-707cc816ba74:192.168.164.210:38009, 8c93cdd4-5606-4221-9500-0bbe6d2ac50a:192.168.164.210:37665, 0261bc30-8b8d-4db7-80aa-965ad1e19f13:192.168.164.210:35118], old=null at 0
2019-11-14 22:53:36,087 [grpc-default-executor-4] INFO  segmented.SegmentedRaftLogWorker (SegmentedRaftLogWorker.java:startLogSegment(385)) - 2e7f8c24-c608-431c-b6d8-707cc816ba74@group-3585028410D3-SegmentedRaftLogWorker: Starting segment from index:0
2019-11-14 22:53:36,087 [grpc-default-executor-5] INFO  segmented.SegmentedRaftLogWorker (SegmentedRaftLogWorker.java:startLogSegment(385)) - 0261bc30-8b8d-4db7-80aa-965ad1e19f13@group-3585028410D3-SegmentedRaftLogWorker: Starting segment from index:0
2019-11-14 22:53:36,094 [8c93cdd4-5606-4221-9500-0bbe6d2ac50a@group-3585028410D3-SegmentedRaftLogWorker] INFO  segmented.SegmentedRaftLogWorker (SegmentedRaftLogWorker.java:execute(576)) - 8c93cdd4-5606-4221-9500-0bbe6d2ac50a@group-3585028410D3-SegmentedRaftLogWorker: created new log segment /workdir/hadoop-ozone/integration-test/target/test-dir/MiniOzoneClusterImpl-c304fa79-6e7f-43ac-8564-360665bd8c65/datanode-5/data/ratis/078bad0d-1d16-4d11-b4ef-3585028410d3/current/log_inprogress_0
2019-11-14 22:53:36,094 [8c93cdd4-5606-4221-9500-0bbe6d2ac50a@group-A8789E45C384-SegmentedRaftLogWorker] INFO  segmented.SegmentedRaftLogWorker (SegmentedRaftLogWorker.java:execute(576)) - 8c93cdd4-5606-4221-9500-0bbe6d2ac50a@group-A8789E45C384-SegmentedRaftLogWorker: created new log segment /workdir/hadoop-ozone/integration-test/target/test-dir/MiniOzoneClusterImpl-c304fa79-6e7f-43ac-8564-360665bd8c65/datanode-5/data/ratis/1a17d261-73e9-41d7-ab4b-a8789e45c384/current/log_inprogress_0
2019-11-14 22:53:36,094 [0261bc30-8b8d-4db7-80aa-965ad1e19f13@group-FDA6E6437DE0-SegmentedRaftLogWorker] INFO  segmented.SegmentedRaftLogWorker (SegmentedRaftLogWorker.java:execute(576)) - 0261bc30-8b8d-4db7-80aa-965ad1e19f13@group-FDA6E6437DE0-SegmentedRaftLogWorker: created new log segment /workdir/hadoop-ozone/integration-test/target/test-dir/MiniOzoneClusterImpl-c304fa79-6e7f-43ac-8564-360665bd8c65/datanode-4/data/ratis/8a73413d-aa83-4003-86f2-fda6e6437de0/current/log_inprogress_0
2019-11-14 22:53:36,124 [2e7f8c24-c608-431c-b6d8-707cc816ba74@group-3585028410D3-SegmentedRaftLogWorker] INFO  segmented.SegmentedRaftLogWorker (SegmentedRaftLogWorker.java:execute(576)) - 2e7f8c24-c608-431c-b6d8-707cc816ba74@group-3585028410D3-SegmentedRaftLogWorker: created new log segment /workdir/hadoop-ozone/integration-test/target/test-dir/MiniOzoneClusterImpl-c304fa79-6e7f-43ac-8564-360665bd8c65/datanode-3/data/ratis/078bad0d-1d16-4d11-b4ef-3585028410d3/current/log_inprogress_0
2019-11-14 22:53:36,124 [0261bc30-8b8d-4db7-80aa-965ad1e19f13@group-3585028410D3-SegmentedRaftLogWorker] INFO  segmented.SegmentedRaftLogWorker (SegmentedRaftLogWorker.java:execute(576)) - 0261bc30-8b8d-4db7-80aa-965ad1e19f13@group-3585028410D3-SegmentedRaftLogWorker: created new log segment /workdir/hadoop-ozone/integration-test/target/test-dir/MiniOzoneClusterImpl-c304fa79-6e7f-43ac-8564-360665bd8c65/datanode-4/data/ratis/078bad0d-1d16-4d11-b4ef-3585028410d3/current/log_inprogress_0
2019-11-14 22:53:36,136 [Thread-4283] INFO  impl.FollowerState (FollowerState.java:run(111)) - fe27ed9b-283a-4979-94f3-8c29e1f5fa70@group-7025C73134F4-FollowerState: change to CANDIDATE, lastRpcTime:1122ms, electionTimeout:1122ms
2019-11-14 22:53:36,136 [Thread-4283] INFO  impl.RoleInfo (RoleInfo.java:shutdownFollowerState(121)) - fe27ed9b-283a-4979-94f3-8c29e1f5fa70: shutdown FollowerState
2019-11-14 22:53:36,136 [Thread-4283] INFO  impl.RaftServerImpl (RaftServerImpl.java:setRole(173)) - fe27ed9b-283a-4979-94f3-8c29e1f5fa70@group-7025C73134F4: changes role from  FOLLOWER to CANDIDATE at term 0 for changeToCandidate
2019-11-14 22:53:36,136 [Thread-4283] INFO  impl.RoleInfo (RoleInfo.java:updateAndGet(143)) - fe27ed9b-283a-4979-94f3-8c29e1f5fa70: start LeaderElection
2019-11-14 22:53:36,152 [fe27ed9b-283a-4979-94f3-8c29e1f5fa70@group-7025C73134F4-LeaderElection148] INFO  impl.LeaderElection (LeaderElection.java:askForVotes(178)) - fe27ed9b-283a-4979-94f3-8c29e1f5fa70@group-7025C73134F4-LeaderElection148: begin an election at term 1 for -1: [fe27ed9b-283a-4979-94f3-8c29e1f5fa70:192.168.164.210:38253], old=null
2019-11-14 22:53:36,152 [fe27ed9b-283a-4979-94f3-8c29e1f5fa70@group-7025C73134F4-LeaderElection148] INFO  impl.RoleInfo (RoleInfo.java:shutdownLeaderElection(134)) - fe27ed9b-283a-4979-94f3-8c29e1f5fa70: shutdown LeaderElection
2019-11-14 22:53:36,153 [fe27ed9b-283a-4979-94f3-8c29e1f5fa70@group-7025C73134F4-LeaderElection148] INFO  impl.RaftServerImpl (RaftServerImpl.java:setRole(173)) - fe27ed9b-283a-4979-94f3-8c29e1f5fa70@group-7025C73134F4: changes role from CANDIDATE to LEADER at term 1 for changeToLeader
2019-11-14 22:53:36,153 [fe27ed9b-283a-4979-94f3-8c29e1f5fa70@group-7025C73134F4-LeaderElection148] INFO  ratis.XceiverServerRatis (XceiverServerRatis.java:handleLeaderChangedNotification(697)) - Leader change notification received for group: group-7025C73134F4 with new leaderId: fe27ed9b-283a-4979-94f3-8c29e1f5fa70
2019-11-14 22:53:36,153 [fe27ed9b-283a-4979-94f3-8c29e1f5fa70@group-7025C73134F4-LeaderElection148] INFO  impl.RaftServerImpl (ServerState.java:setLeader(255)) - fe27ed9b-283a-4979-94f3-8c29e1f5fa70@group-7025C73134F4: change Leader from null to fe27ed9b-283a-4979-94f3-8c29e1f5fa70 at term 1 for becomeLeader, leader elected after 1143ms
2019-11-14 22:53:36,153 [fe27ed9b-283a-4979-94f3-8c29e1f5fa70@group-7025C73134F4-LeaderElection148] INFO  server.RaftServerConfigKeys (ConfUtils.java:logGet(43)) - raft.server.staging.catchup.gap = 1000 (default)
2019-11-14 22:53:36,153 [fe27ed9b-283a-4979-94f3-8c29e1f5fa70@group-7025C73134F4-LeaderElection148] INFO  server.RaftServerConfigKeys (ConfUtils.java:logGet(43)) - raft.server.rpc.sleep.time = 25ms (default)
2019-11-14 22:53:36,155 [fe27ed9b-283a-4979-94f3-8c29e1f5fa70@group-7025C73134F4-LeaderElection148] INFO  server.RaftServerConfigKeys (ConfUtils.java:logGet(43)) - raft.server.write.element-limit = 4096 (default)
2019-11-14 22:53:36,155 [fe27ed9b-283a-4979-94f3-8c29e1f5fa70@group-7025C73134F4-LeaderElection148] INFO  server.RaftServerConfigKeys (ConfUtils.java:logGet(43)) - raft.server.watch.timeout = 10s (default)
2019-11-14 22:53:36,155 [fe27ed9b-283a-4979-94f3-8c29e1f5fa70@group-7025C73134F4-LeaderElection148] INFO  server.RaftServerConfigKeys (ConfUtils.java:logGet(43)) - raft.server.watch.timeout.denomination = 1s (default)
2019-11-14 22:53:36,155 [EventQueue-PipelineReportForPipelineReportHandler] INFO  pipeline.PipelineStateManager (PipelineStateManager.java:openPipeline(134)) - Pipeline Pipeline[ Id: c435bafd-47b1-4620-b14d-7025c73134f4, Nodes: fe27ed9b-283a-4979-94f3-8c29e1f5fa70{ip: 192.168.164.210, host: pr-hdds-2448-del-container-qmj8s-3203767274, networkLocation: /rack1, certSerialId: null}, Type:RATIS, Factor:ONE, State:OPEN] moved to OPEN state
2019-11-14 22:53:36,155 [fe27ed9b-283a-4979-94f3-8c29e1f5fa70@group-7025C73134F4-LeaderElection148] INFO  server.RaftServerConfigKeys (ConfUtils.java:logGet(43)) - raft.server.watch.element-limit = 65536 (default)
2019-11-14 22:53:36,156 [fe27ed9b-283a-4979-94f3-8c29e1f5fa70@group-7025C73134F4-LeaderElection148] INFO  impl.RoleInfo (RoleInfo.java:updateAndGet(143)) - fe27ed9b-283a-4979-94f3-8c29e1f5fa70: start LeaderState
2019-11-14 22:53:36,156 [fe27ed9b-283a-4979-94f3-8c29e1f5fa70@group-7025C73134F4-LeaderElection148] INFO  segmented.SegmentedRaftLogWorker (SegmentedRaftLogWorker.java:startLogSegment(385)) - fe27ed9b-283a-4979-94f3-8c29e1f5fa70@group-7025C73134F4-SegmentedRaftLogWorker: Starting segment from index:0
2019-11-14 22:53:36,156 [fe27ed9b-283a-4979-94f3-8c29e1f5fa70@group-7025C73134F4-LeaderElection148] INFO  impl.RaftServerImpl (ServerState.java:setRaftConf(356)) - fe27ed9b-283a-4979-94f3-8c29e1f5fa70@group-7025C73134F4: set configuration 0: [fe27ed9b-283a-4979-94f3-8c29e1f5fa70:192.168.164.210:38253], old=null at 0
2019-11-14 22:53:36,192 [fe27ed9b-283a-4979-94f3-8c29e1f5fa70@group-7025C73134F4-SegmentedRaftLogWorker] INFO  segmented.SegmentedRaftLogWorker (SegmentedRaftLogWorker.java:execute(576)) - fe27ed9b-283a-4979-94f3-8c29e1f5fa70@group-7025C73134F4-SegmentedRaftLogWorker: created new log segment /workdir/hadoop-ozone/integration-test/target/test-dir/MiniOzoneClusterImpl-c304fa79-6e7f-43ac-8564-360665bd8c65/datanode-6/data/ratis/c435bafd-47b1-4620-b14d-7025c73134f4/current/log_inprogress_0
2019-11-14 22:53:36,210 [Thread-4286] INFO  impl.FollowerState (FollowerState.java:run(111)) - 38d24973-4522-4e24-8845-d0d59163b20a@group-B029DA686437-FollowerState: change to CANDIDATE, lastRpcTime:1154ms, electionTimeout:1154ms
2019-11-14 22:53:36,211 [Thread-4286] INFO  impl.RoleInfo (RoleInfo.java:shutdownFollowerState(121)) - 38d24973-4522-4e24-8845-d0d59163b20a: shutdown FollowerState
2019-11-14 22:53:36,211 [Thread-4286] INFO  impl.RaftServerImpl (RaftServerImpl.java:setRole(173)) - 38d24973-4522-4e24-8845-d0d59163b20a@group-B029DA686437: changes role from  FOLLOWER to CANDIDATE at term 0 for changeToCandidate
2019-11-14 22:53:36,211 [Thread-4286] INFO  impl.RoleInfo (RoleInfo.java:updateAndGet(143)) - 38d24973-4522-4e24-8845-d0d59163b20a: start LeaderElection
2019-11-14 22:53:36,223 [Thread-4289] INFO  impl.FollowerState (FollowerState.java:run(111)) - 9b10aba0-cc5c-407b-9285-7072d29b9deb@group-CF5B8F46C9B1-FollowerState: change to CANDIDATE, lastRpcTime:1057ms, electionTimeout:1057ms
2019-11-14 22:53:36,223 [Thread-4289] INFO  impl.RoleInfo (RoleInfo.java:shutdownFollowerState(121)) - 9b10aba0-cc5c-407b-9285-7072d29b9deb: shutdown FollowerState
2019-11-14 22:53:36,223 [Thread-4289] INFO  impl.RaftServerImpl (RaftServerImpl.java:setRole(173)) - 9b10aba0-cc5c-407b-9285-7072d29b9deb@group-CF5B8F46C9B1: changes role from  FOLLOWER to CANDIDATE at term 0 for changeToCandidate
2019-11-14 22:53:36,223 [Thread-4289] INFO  impl.RoleInfo (RoleInfo.java:updateAndGet(143)) - 9b10aba0-cc5c-407b-9285-7072d29b9deb: start LeaderElection
2019-11-14 22:53:36,229 [38d24973-4522-4e24-8845-d0d59163b20a@group-B029DA686437-LeaderElection149] INFO  impl.LeaderElection (LeaderElection.java:askForVotes(178)) - 38d24973-4522-4e24-8845-d0d59163b20a@group-B029DA686437-LeaderElection149: begin an election at term 1 for -1: [38d24973-4522-4e24-8845-d0d59163b20a:192.168.164.210:38331], old=null
2019-11-14 22:53:36,229 [9b10aba0-cc5c-407b-9285-7072d29b9deb@group-CF5B8F46C9B1-LeaderElection150] INFO  impl.LeaderElection (LeaderElection.java:askForVotes(178)) - 9b10aba0-cc5c-407b-9285-7072d29b9deb@group-CF5B8F46C9B1-LeaderElection150: begin an election at term 1 for -1: [9b10aba0-cc5c-407b-9285-7072d29b9deb:192.168.164.210:44092], old=null
2019-11-14 22:53:36,229 [38d24973-4522-4e24-8845-d0d59163b20a@group-B029DA686437-LeaderElection149] INFO  impl.RoleInfo (RoleInfo.java:shutdownLeaderElection(134)) - 38d24973-4522-4e24-8845-d0d59163b20a: shutdown LeaderElection
2019-11-14 22:53:36,229 [9b10aba0-cc5c-407b-9285-7072d29b9deb@group-CF5B8F46C9B1-LeaderElection150] INFO  impl.RoleInfo (RoleInfo.java:shutdownLeaderElection(134)) - 9b10aba0-cc5c-407b-9285-7072d29b9deb: shutdown LeaderElection
2019-11-14 22:53:36,229 [38d24973-4522-4e24-8845-d0d59163b20a@group-B029DA686437-LeaderElection149] INFO  impl.RaftServerImpl (RaftServerImpl.java:setRole(173)) - 38d24973-4522-4e24-8845-d0d59163b20a@group-B029DA686437: changes role from CANDIDATE to LEADER at term 1 for changeToLeader
2019-11-14 22:53:36,229 [9b10aba0-cc5c-407b-9285-7072d29b9deb@group-CF5B8F46C9B1-LeaderElection150] INFO  impl.RaftServerImpl (RaftServerImpl.java:setRole(173)) - 9b10aba0-cc5c-407b-9285-7072d29b9deb@group-CF5B8F46C9B1: changes role from CANDIDATE to LEADER at term 1 for changeToLeader
2019-11-14 22:53:36,229 [38d24973-4522-4e24-8845-d0d59163b20a@group-B029DA686437-LeaderElection149] INFO  ratis.XceiverServerRatis (XceiverServerRatis.java:handleLeaderChangedNotification(697)) - Leader change notification received for group: group-B029DA686437 with new leaderId: 38d24973-4522-4e24-8845-d0d59163b20a
2019-11-14 22:53:36,229 [9b10aba0-cc5c-407b-9285-7072d29b9deb@group-CF5B8F46C9B1-LeaderElection150] INFO  ratis.XceiverServerRatis (XceiverServerRatis.java:handleLeaderChangedNotification(697)) - Leader change notification received for group: group-CF5B8F46C9B1 with new leaderId: 9b10aba0-cc5c-407b-9285-7072d29b9deb
2019-11-14 22:53:36,229 [38d24973-4522-4e24-8845-d0d59163b20a@group-B029DA686437-LeaderElection149] INFO  impl.RaftServerImpl (ServerState.java:setLeader(255)) - 38d24973-4522-4e24-8845-d0d59163b20a@group-B029DA686437: change Leader from null to 38d24973-4522-4e24-8845-d0d59163b20a at term 1 for becomeLeader, leader elected after 1176ms
2019-11-14 22:53:36,229 [9b10aba0-cc5c-407b-9285-7072d29b9deb@group-CF5B8F46C9B1-LeaderElection150] INFO  impl.RaftServerImpl (ServerState.java:setLeader(255)) - 9b10aba0-cc5c-407b-9285-7072d29b9deb@group-CF5B8F46C9B1: change Leader from null to 9b10aba0-cc5c-407b-9285-7072d29b9deb at term 1 for becomeLeader, leader elected after 1066ms
2019-11-14 22:53:36,229 [38d24973-4522-4e24-8845-d0d59163b20a@group-B029DA686437-LeaderElection149] INFO  server.RaftServerConfigKeys (ConfUtils.java:logGet(43)) - raft.server.staging.catchup.gap = 1000 (default)
2019-11-14 22:53:36,229 [9b10aba0-cc5c-407b-9285-7072d29b9deb@group-CF5B8F46C9B1-LeaderElection150] INFO  server.RaftServerConfigKeys (ConfUtils.java:logGet(43)) - raft.server.staging.catchup.gap = 1000 (default)
2019-11-14 22:53:36,233 [38d24973-4522-4e24-8845-d0d59163b20a@group-B029DA686437-LeaderElection149] INFO  server.RaftServerConfigKeys (ConfUtils.java:logGet(43)) - raft.server.rpc.sleep.time = 25ms (default)
2019-11-14 22:53:36,233 [9b10aba0-cc5c-407b-9285-7072d29b9deb@group-CF5B8F46C9B1-LeaderElection150] INFO  server.RaftServerConfigKeys (ConfUtils.java:logGet(43)) - raft.server.rpc.sleep.time = 25ms (default)
2019-11-14 22:53:36,234 [38d24973-4522-4e24-8845-d0d59163b20a@group-B029DA686437-LeaderElection149] INFO  server.RaftServerConfigKeys (ConfUtils.java:logGet(43)) - raft.server.write.element-limit = 4096 (default)
2019-11-14 22:53:36,234 [EventQueue-PipelineReportForPipelineReportHandler] INFO  pipeline.PipelineStateManager (PipelineStateManager.java:openPipeline(134)) - Pipeline Pipeline[ Id: 98f74d72-be64-46db-afde-b029da686437, Nodes: 38d24973-4522-4e24-8845-d0d59163b20a{ip: 192.168.164.210, host: pr-hdds-2448-del-container-qmj8s-3203767274, networkLocation: /rack1, certSerialId: null}, Type:RATIS, Factor:ONE, State:OPEN] moved to OPEN state
2019-11-14 22:53:36,234 [9b10aba0-cc5c-407b-9285-7072d29b9deb@group-CF5B8F46C9B1-LeaderElection150] INFO  server.RaftServerConfigKeys (ConfUtils.java:logGet(43)) - raft.server.write.element-limit = 4096 (default)
2019-11-14 22:53:36,234 [EventQueue-PipelineReportForPipelineReportHandler] INFO  pipeline.PipelineStateManager (PipelineStateManager.java:openPipeline(134)) - Pipeline Pipeline[ Id: 2233ae19-4a95-415a-b510-cf5b8f46c9b1, Nodes: 9b10aba0-cc5c-407b-9285-7072d29b9deb{ip: 192.168.164.210, host: pr-hdds-2448-del-container-qmj8s-3203767274, networkLocation: /rack1, certSerialId: null}, Type:RATIS, Factor:ONE, State:OPEN] moved to OPEN state
2019-11-14 22:53:36,234 [38d24973-4522-4e24-8845-d0d59163b20a@group-B029DA686437-LeaderElection149] INFO  server.RaftServerConfigKeys (ConfUtils.java:logGet(43)) - raft.server.watch.timeout = 10s (default)
2019-11-14 22:53:36,234 [9b10aba0-cc5c-407b-9285-7072d29b9deb@group-CF5B8F46C9B1-LeaderElection150] INFO  server.RaftServerConfigKeys (ConfUtils.java:logGet(43)) - raft.server.watch.timeout = 10s (default)
2019-11-14 22:53:36,234 [38d24973-4522-4e24-8845-d0d59163b20a@group-B029DA686437-LeaderElection149] INFO  server.RaftServerConfigKeys (ConfUtils.java:logGet(43)) - raft.server.watch.timeout.denomination = 1s (default)
2019-11-14 22:53:36,234 [9b10aba0-cc5c-407b-9285-7072d29b9deb@group-CF5B8F46C9B1-LeaderElection150] INFO  server.RaftServerConfigKeys (ConfUtils.java:logGet(43)) - raft.server.watch.timeout.denomination = 1s (default)
2019-11-14 22:53:36,234 [38d24973-4522-4e24-8845-d0d59163b20a@group-B029DA686437-LeaderElection149] INFO  server.RaftServerConfigKeys (ConfUtils.java:logGet(43)) - raft.server.watch.element-limit = 65536 (default)
2019-11-14 22:53:36,235 [9b10aba0-cc5c-407b-9285-7072d29b9deb@group-CF5B8F46C9B1-LeaderElection150] INFO  server.RaftServerConfigKeys (ConfUtils.java:logGet(43)) - raft.server.watch.element-limit = 65536 (default)
2019-11-14 22:53:36,235 [38d24973-4522-4e24-8845-d0d59163b20a@group-B029DA686437-LeaderElection149] INFO  impl.RoleInfo (RoleInfo.java:updateAndGet(143)) - 38d24973-4522-4e24-8845-d0d59163b20a: start LeaderState
2019-11-14 22:53:36,235 [9b10aba0-cc5c-407b-9285-7072d29b9deb@group-CF5B8F46C9B1-LeaderElection150] INFO  impl.RoleInfo (RoleInfo.java:updateAndGet(143)) - 9b10aba0-cc5c-407b-9285-7072d29b9deb: start LeaderState
2019-11-14 22:53:36,235 [38d24973-4522-4e24-8845-d0d59163b20a@group-B029DA686437-LeaderElection149] INFO  segmented.SegmentedRaftLogWorker (SegmentedRaftLogWorker.java:startLogSegment(385)) - 38d24973-4522-4e24-8845-d0d59163b20a@group-B029DA686437-SegmentedRaftLogWorker: Starting segment from index:0
2019-11-14 22:53:36,235 [9b10aba0-cc5c-407b-9285-7072d29b9deb@group-CF5B8F46C9B1-LeaderElection150] INFO  segmented.SegmentedRaftLogWorker (SegmentedRaftLogWorker.java:startLogSegment(385)) - 9b10aba0-cc5c-407b-9285-7072d29b9deb@group-CF5B8F46C9B1-SegmentedRaftLogWorker: Starting segment from index:0
2019-11-14 22:53:36,236 [38d24973-4522-4e24-8845-d0d59163b20a@group-B029DA686437-LeaderElection149] INFO  impl.RaftServerImpl (ServerState.java:setRaftConf(356)) - 38d24973-4522-4e24-8845-d0d59163b20a@group-B029DA686437: set configuration 0: [38d24973-4522-4e24-8845-d0d59163b20a:192.168.164.210:38331], old=null at 0
2019-11-14 22:53:36,236 [9b10aba0-cc5c-407b-9285-7072d29b9deb@group-CF5B8F46C9B1-LeaderElection150] INFO  impl.RaftServerImpl (ServerState.java:setRaftConf(356)) - 9b10aba0-cc5c-407b-9285-7072d29b9deb@group-CF5B8F46C9B1: set configuration 0: [9b10aba0-cc5c-407b-9285-7072d29b9deb:192.168.164.210:44092], old=null at 0
2019-11-14 22:53:36,258 [Thread-4295] INFO  impl.FollowerState (FollowerState.java:run(111)) - 38d24973-4522-4e24-8845-d0d59163b20a@group-FB138B0A8187-FollowerState: change to CANDIDATE, lastRpcTime:1003ms, electionTimeout:1003ms
2019-11-14 22:53:36,258 [Thread-4295] INFO  impl.RoleInfo (RoleInfo.java:shutdownFollowerState(121)) - 38d24973-4522-4e24-8845-d0d59163b20a: shutdown FollowerState
2019-11-14 22:53:36,258 [Thread-4295] INFO  impl.RaftServerImpl (RaftServerImpl.java:setRole(173)) - 38d24973-4522-4e24-8845-d0d59163b20a@group-FB138B0A8187: changes role from  FOLLOWER to CANDIDATE at term 0 for changeToCandidate
2019-11-14 22:53:36,258 [Thread-4295] INFO  impl.RoleInfo (RoleInfo.java:updateAndGet(143)) - 38d24973-4522-4e24-8845-d0d59163b20a: start LeaderElection
2019-11-14 22:53:36,277 [main] INFO  ozone.MiniOzoneClusterImpl (MiniOzoneClusterImpl.java:lambda$waitForClusterToBeReady$2(163)) - Waiting for 3 number of pipelines out of 13, to report a leader.
2019-11-14 22:53:36,290 [38d24973-4522-4e24-8845-d0d59163b20a@group-B029DA686437-SegmentedRaftLogWorker] INFO  segmented.SegmentedRaftLogWorker (SegmentedRaftLogWorker.java:execute(576)) - 38d24973-4522-4e24-8845-d0d59163b20a@group-B029DA686437-SegmentedRaftLogWorker: created new log segment /workdir/hadoop-ozone/integration-test/target/test-dir/MiniOzoneClusterImpl-c304fa79-6e7f-43ac-8564-360665bd8c65/datanode-7/data/ratis/98f74d72-be64-46db-afde-b029da686437/current/log_inprogress_0
2019-11-14 22:53:36,290 [38d24973-4522-4e24-8845-d0d59163b20a@group-FB138B0A8187-LeaderElection151] INFO  impl.LeaderElection (LeaderElection.java:askForVotes(178)) - 38d24973-4522-4e24-8845-d0d59163b20a@group-FB138B0A8187-LeaderElection151: begin an election at term 1 for -1: [fe27ed9b-283a-4979-94f3-8c29e1f5fa70:192.168.164.210:38253, 9b10aba0-cc5c-407b-9285-7072d29b9deb:192.168.164.210:44092, 38d24973-4522-4e24-8845-d0d59163b20a:192.168.164.210:38331], old=null
2019-11-14 22:53:36,290 [9b10aba0-cc5c-407b-9285-7072d29b9deb@group-CF5B8F46C9B1-SegmentedRaftLogWorker] INFO  segmented.SegmentedRaftLogWorker (SegmentedRaftLogWorker.java:execute(576)) - 9b10aba0-cc5c-407b-9285-7072d29b9deb@group-CF5B8F46C9B1-SegmentedRaftLogWorker: created new log segment /workdir/hadoop-ozone/integration-test/target/test-dir/MiniOzoneClusterImpl-c304fa79-6e7f-43ac-8564-360665bd8c65/datanode-8/data/ratis/2233ae19-4a95-415a-b510-cf5b8f46c9b1/current/log_inprogress_0
2019-11-14 22:53:36,299 [grpc-default-executor-4] INFO  impl.RaftServerImpl (RaftServerImpl.java:setRole(173)) - fe27ed9b-283a-4979-94f3-8c29e1f5fa70@group-FB138B0A8187: changes role from  FOLLOWER to FOLLOWER at term 1 for recognizeCandidate:38d24973-4522-4e24-8845-d0d59163b20a
2019-11-14 22:53:36,315 [Thread-4292] INFO  impl.FollowerState (FollowerState.java:run(111)) - 257e5bad-a5d9-4311-875c-39b27f9709ed@group-4212E911BFF7-FollowerState: change to CANDIDATE, lastRpcTime:1110ms, electionTimeout:1097ms
2019-11-14 22:53:36,315 [grpc-default-executor-4] INFO  impl.RoleInfo (RoleInfo.java:shutdownFollowerState(121)) - fe27ed9b-283a-4979-94f3-8c29e1f5fa70: shutdown FollowerState
2019-11-14 22:53:36,315 [grpc-default-executor-5] INFO  impl.RaftServerImpl (RaftServerImpl.java:setRole(173)) - 9b10aba0-cc5c-407b-9285-7072d29b9deb@group-FB138B0A8187: changes role from  FOLLOWER to FOLLOWER at term 1 for recognizeCandidate:38d24973-4522-4e24-8845-d0d59163b20a
2019-11-14 22:53:36,316 [Thread-4300] INFO  impl.FollowerState (FollowerState.java:run(120)) - fe27ed9b-283a-4979-94f3-8c29e1f5fa70@group-FB138B0A8187-FollowerState was interrupted: java.lang.InterruptedException: sleep interrupted
2019-11-14 22:53:36,316 [grpc-default-executor-4] INFO  impl.RoleInfo (RoleInfo.java:updateAndGet(143)) - fe27ed9b-283a-4979-94f3-8c29e1f5fa70: start FollowerState
2019-11-14 22:53:36,315 [Thread-4292] INFO  impl.RoleInfo (RoleInfo.java:shutdownFollowerState(121)) - 257e5bad-a5d9-4311-875c-39b27f9709ed: shutdown FollowerState
2019-11-14 22:53:36,316 [grpc-default-executor-5] INFO  impl.RoleInfo (RoleInfo.java:shutdownFollowerState(121)) - 9b10aba0-cc5c-407b-9285-7072d29b9deb: shutdown FollowerState
2019-11-14 22:53:36,316 [Thread-4292] INFO  impl.RaftServerImpl (RaftServerImpl.java:setRole(173)) - 257e5bad-a5d9-4311-875c-39b27f9709ed@group-4212E911BFF7: changes role from  FOLLOWER to CANDIDATE at term 0 for changeToCandidate
2019-11-14 22:53:36,316 [grpc-default-executor-5] INFO  impl.RoleInfo (RoleInfo.java:updateAndGet(143)) - 9b10aba0-cc5c-407b-9285-7072d29b9deb: start FollowerState
2019-11-14 22:53:36,316 [Thread-4292] INFO  impl.RoleInfo (RoleInfo.java:updateAndGet(143)) - 257e5bad-a5d9-4311-875c-39b27f9709ed: start LeaderElection
2019-11-14 22:53:36,316 [Thread-4299] INFO  impl.FollowerState (FollowerState.java:run(120)) - 9b10aba0-cc5c-407b-9285-7072d29b9deb@group-FB138B0A8187-FollowerState was interrupted: java.lang.InterruptedException: sleep interrupted
2019-11-14 22:53:36,347 [257e5bad-a5d9-4311-875c-39b27f9709ed@group-4212E911BFF7-LeaderElection152] INFO  impl.LeaderElection (LeaderElection.java:askForVotes(178)) - 257e5bad-a5d9-4311-875c-39b27f9709ed@group-4212E911BFF7-LeaderElection152: begin an election at term 1 for -1: [257e5bad-a5d9-4311-875c-39b27f9709ed:192.168.164.210:40481], old=null
2019-11-14 22:53:36,347 [257e5bad-a5d9-4311-875c-39b27f9709ed@group-4212E911BFF7-LeaderElection152] INFO  impl.RoleInfo (RoleInfo.java:shutdownLeaderElection(134)) - 257e5bad-a5d9-4311-875c-39b27f9709ed: shutdown LeaderElection
2019-11-14 22:53:36,348 [257e5bad-a5d9-4311-875c-39b27f9709ed@group-4212E911BFF7-LeaderElection152] INFO  impl.RaftServerImpl (RaftServerImpl.java:setRole(173)) - 257e5bad-a5d9-4311-875c-39b27f9709ed@group-4212E911BFF7: changes role from CANDIDATE to LEADER at term 1 for changeToLeader
2019-11-14 22:53:36,348 [257e5bad-a5d9-4311-875c-39b27f9709ed@group-4212E911BFF7-LeaderElection152] INFO  ratis.XceiverServerRatis (XceiverServerRatis.java:handleLeaderChangedNotification(697)) - Leader change notification received for group: group-4212E911BFF7 with new leaderId: 257e5bad-a5d9-4311-875c-39b27f9709ed
2019-11-14 22:53:36,348 [257e5bad-a5d9-4311-875c-39b27f9709ed@group-4212E911BFF7-LeaderElection152] INFO  impl.RaftServerImpl (ServerState.java:setLeader(255)) - 257e5bad-a5d9-4311-875c-39b27f9709ed@group-4212E911BFF7: change Leader from null to 257e5bad-a5d9-4311-875c-39b27f9709ed at term 1 for becomeLeader, leader elected after 1145ms
2019-11-14 22:53:36,348 [257e5bad-a5d9-4311-875c-39b27f9709ed@group-4212E911BFF7-LeaderElection152] INFO  server.RaftServerConfigKeys (ConfUtils.java:logGet(43)) - raft.server.staging.catchup.gap = 1000 (default)
2019-11-14 22:53:36,351 [257e5bad-a5d9-4311-875c-39b27f9709ed@group-4212E911BFF7-LeaderElection152] INFO  server.RaftServerConfigKeys (ConfUtils.java:logGet(43)) - raft.server.rpc.sleep.time = 25ms (default)
2019-11-14 22:53:36,351 [38d24973-4522-4e24-8845-d0d59163b20a@group-FB138B0A8187-LeaderElection151] INFO  impl.LeaderElection (LeaderElection.java:logAndReturn(56)) - 38d24973-4522-4e24-8845-d0d59163b20a@group-FB138B0A8187-LeaderElection151: Election PASSED; received 1 response(s) [38d24973-4522-4e24-8845-d0d59163b20a<-fe27ed9b-283a-4979-94f3-8c29e1f5fa70#0:OK-t1] and 0 exception(s); 38d24973-4522-4e24-8845-d0d59163b20a@group-FB138B0A8187:t1, leader=null, voted=38d24973-4522-4e24-8845-d0d59163b20a, raftlog=38d24973-4522-4e24-8845-d0d59163b20a@group-FB138B0A8187-SegmentedRaftLog:OPENED:c-1,f-1,i0, conf=-1: [fe27ed9b-283a-4979-94f3-8c29e1f5fa70:192.168.164.210:38253, 9b10aba0-cc5c-407b-9285-7072d29b9deb:192.168.164.210:44092, 38d24973-4522-4e24-8845-d0d59163b20a:192.168.164.210:38331], old=null
2019-11-14 22:53:36,351 [257e5bad-a5d9-4311-875c-39b27f9709ed@group-4212E911BFF7-LeaderElection152] INFO  server.RaftServerConfigKeys (ConfUtils.java:logGet(43)) - raft.server.write.element-limit = 4096 (default)
2019-11-14 22:53:36,351 [38d24973-4522-4e24-8845-d0d59163b20a@group-FB138B0A8187-LeaderElection151] INFO  impl.RoleInfo (RoleInfo.java:shutdownLeaderElection(134)) - 38d24973-4522-4e24-8845-d0d59163b20a: shutdown LeaderElection
2019-11-14 22:53:36,352 [257e5bad-a5d9-4311-875c-39b27f9709ed@group-4212E911BFF7-LeaderElection152] INFO  server.RaftServerConfigKeys (ConfUtils.java:logGet(43)) - raft.server.watch.timeout = 10s (default)
2019-11-14 22:53:36,352 [38d24973-4522-4e24-8845-d0d59163b20a@group-FB138B0A8187-LeaderElection151] INFO  impl.RaftServerImpl (RaftServerImpl.java:setRole(173)) - 38d24973-4522-4e24-8845-d0d59163b20a@group-FB138B0A8187: changes role from CANDIDATE to LEADER at term 1 for changeToLeader
2019-11-14 22:53:36,352 [257e5bad-a5d9-4311-875c-39b27f9709ed@group-4212E911BFF7-LeaderElection152] INFO  server.RaftServerConfigKeys (ConfUtils.java:logGet(43)) - raft.server.watch.timeout.denomination = 1s (default)
2019-11-14 22:53:36,352 [38d24973-4522-4e24-8845-d0d59163b20a@group-FB138B0A8187-LeaderElection151] INFO  ratis.XceiverServerRatis (XceiverServerRatis.java:handleLeaderChangedNotification(697)) - Leader change notification received for group: group-FB138B0A8187 with new leaderId: 38d24973-4522-4e24-8845-d0d59163b20a
2019-11-14 22:53:36,352 [EventQueue-PipelineReportForPipelineReportHandler] INFO  pipeline.PipelineStateManager (PipelineStateManager.java:openPipeline(134)) - Pipeline Pipeline[ Id: 6e41b1e7-0b44-4b72-a23a-4212e911bff7, Nodes: 257e5bad-a5d9-4311-875c-39b27f9709ed{ip: 192.168.164.210, host: pr-hdds-2448-del-container-qmj8s-3203767274, networkLocation: /rack1, certSerialId: null}, Type:RATIS, Factor:ONE, State:OPEN] moved to OPEN state
2019-11-14 22:53:36,352 [257e5bad-a5d9-4311-875c-39b27f9709ed@group-4212E911BFF7-LeaderElection152] INFO  server.RaftServerConfigKeys (ConfUtils.java:logGet(43)) - raft.server.watch.element-limit = 65536 (default)
2019-11-14 22:53:36,352 [38d24973-4522-4e24-8845-d0d59163b20a@group-FB138B0A8187-LeaderElection151] INFO  impl.RaftServerImpl (ServerState.java:setLeader(255)) - 38d24973-4522-4e24-8845-d0d59163b20a@group-FB138B0A8187: change Leader from null to 38d24973-4522-4e24-8845-d0d59163b20a at term 1 for becomeLeader, leader elected after 1103ms
2019-11-14 22:53:36,352 [257e5bad-a5d9-4311-875c-39b27f9709ed@group-4212E911BFF7-LeaderElection152] INFO  impl.RoleInfo (RoleInfo.java:updateAndGet(143)) - 257e5bad-a5d9-4311-875c-39b27f9709ed: start LeaderState
2019-11-14 22:53:36,352 [38d24973-4522-4e24-8845-d0d59163b20a@group-FB138B0A8187-LeaderElection151] INFO  server.RaftServerConfigKeys (ConfUtils.java:logGet(43)) - raft.server.staging.catchup.gap = 1000 (default)
2019-11-14 22:53:36,352 [38d24973-4522-4e24-8845-d0d59163b20a@group-FB138B0A8187-LeaderElection151] INFO  server.RaftServerConfigKeys (ConfUtils.java:logGet(43)) - raft.server.rpc.sleep.time = 25ms (default)
2019-11-14 22:53:36,353 [38d24973-4522-4e24-8845-d0d59163b20a@group-FB138B0A8187-LeaderElection151] INFO  server.RaftServerConfigKeys (ConfUtils.java:logGet(43)) - raft.server.write.element-limit = 4096 (default)
2019-11-14 22:53:36,353 [257e5bad-a5d9-4311-875c-39b27f9709ed@group-4212E911BFF7-LeaderElection152] INFO  segmented.SegmentedRaftLogWorker (SegmentedRaftLogWorker.java:startLogSegment(385)) - 257e5bad-a5d9-4311-875c-39b27f9709ed@group-4212E911BFF7-SegmentedRaftLogWorker: Starting segment from index:0
2019-11-14 22:53:36,353 [38d24973-4522-4e24-8845-d0d59163b20a@group-FB138B0A8187-LeaderElection151] INFO  server.RaftServerConfigKeys (ConfUtils.java:logGet(43)) - raft.server.watch.timeout = 10s (default)
2019-11-14 22:53:36,353 [EventQueue-PipelineReportForPipelineReportHandler] INFO  pipeline.PipelineStateManager (PipelineStateManager.java:openPipeline(134)) - Pipeline Pipeline[ Id: bea2774a-2976-4ea3-a9ae-fb138b0a8187, Nodes: fe27ed9b-283a-4979-94f3-8c29e1f5fa70{ip: 192.168.164.210, host: pr-hdds-2448-del-container-qmj8s-3203767274, networkLocation: /rack1, certSerialId: null}9b10aba0-cc5c-407b-9285-7072d29b9deb{ip: 192.168.164.210, host: pr-hdds-2448-del-container-qmj8s-3203767274, networkLocation: /rack1, certSerialId: null}38d24973-4522-4e24-8845-d0d59163b20a{ip: 192.168.164.210, host: pr-hdds-2448-del-container-qmj8s-3203767274, networkLocation: /rack1, certSerialId: null}, Type:RATIS, Factor:THREE, State:OPEN] moved to OPEN state
2019-11-14 22:53:36,353 [257e5bad-a5d9-4311-875c-39b27f9709ed@group-4212E911BFF7-LeaderElection152] INFO  impl.RaftServerImpl (ServerState.java:setRaftConf(356)) - 257e5bad-a5d9-4311-875c-39b27f9709ed@group-4212E911BFF7: set configuration 0: [257e5bad-a5d9-4311-875c-39b27f9709ed:192.168.164.210:40481], old=null at 0
2019-11-14 22:53:36,353 [38d24973-4522-4e24-8845-d0d59163b20a@group-FB138B0A8187-LeaderElection151] INFO  server.RaftServerConfigKeys (ConfUtils.java:logGet(43)) - raft.server.watch.timeout.denomination = 1s (default)
2019-11-14 22:53:36,356 [38d24973-4522-4e24-8845-d0d59163b20a@group-FB138B0A8187-LeaderElection151] INFO  server.RaftServerConfigKeys (ConfUtils.java:logGet(43)) - raft.server.watch.element-limit = 65536 (default)
2019-11-14 22:53:36,356 [38d24973-4522-4e24-8845-d0d59163b20a@group-FB138B0A8187-LeaderElection151] INFO  server.RaftServerConfigKeys (ConfUtils.java:logGet(43)) - raft.server.log.appender.snapshot.chunk.size.max = 16MB (=16777216) (default)
2019-11-14 22:53:36,356 [38d24973-4522-4e24-8845-d0d59163b20a@group-FB138B0A8187-LeaderElection151] INFO  server.RaftServerConfigKeys (ConfUtils.java:logGet(43)) - raft.server.log.appender.buffer.byte-limit = 33554432 (custom)
2019-11-14 22:53:36,356 [38d24973-4522-4e24-8845-d0d59163b20a@group-FB138B0A8187-LeaderElection151] INFO  server.RaftServerConfigKeys (ConfUtils.java:logGet(43)) - raft.server.log.appender.buffer.element-limit = 1 (custom)
2019-11-14 22:53:36,356 [38d24973-4522-4e24-8845-d0d59163b20a@group-FB138B0A8187-LeaderElection151] INFO  grpc.GrpcConfigKeys$Server (ConfUtils.java:logGet(43)) - raft.grpc.server.leader.outstanding.appends.max = 128 (default)
2019-11-14 22:53:36,356 [38d24973-4522-4e24-8845-d0d59163b20a@group-FB138B0A8187-LeaderElection151] INFO  server.RaftServerConfigKeys (ConfUtils.java:logGet(43)) - raft.server.rpc.request.timeout = 3000ms (default)
2019-11-14 22:53:36,357 [38d24973-4522-4e24-8845-d0d59163b20a@group-FB138B0A8187-LeaderElection151] INFO  server.RaftServerConfigKeys (ConfUtils.java:logGet(43)) - raft.server.log.appender.install.snapshot.enabled = false (custom)
2019-11-14 22:53:36,357 [38d24973-4522-4e24-8845-d0d59163b20a@group-FB138B0A8187-LeaderElection151] WARN  impl.MetricRegistriesImpl (MetricRegistriesImpl.java:lambda$create$1(61)) - First MetricRegistry has been created without registering reporters. You may need to call MetricRegistries.global().addReportRegistration(...) before.
2019-11-14 22:53:36,357 [38d24973-4522-4e24-8845-d0d59163b20a@group-FB138B0A8187-LeaderElection151] INFO  server.RaftServerConfigKeys (ConfUtils.java:logGet(43)) - raft.server.log.appender.snapshot.chunk.size.max = 16MB (=16777216) (default)
2019-11-14 22:53:36,357 [38d24973-4522-4e24-8845-d0d59163b20a@group-FB138B0A8187-LeaderElection151] INFO  server.RaftServerConfigKeys (ConfUtils.java:logGet(43)) - raft.server.log.appender.buffer.byte-limit = 33554432 (custom)
2019-11-14 22:53:36,357 [38d24973-4522-4e24-8845-d0d59163b20a@group-FB138B0A8187-LeaderElection151] INFO  server.RaftServerConfigKeys (ConfUtils.java:logGet(43)) - raft.server.log.appender.buffer.element-limit = 1 (custom)
2019-11-14 22:53:36,357 [38d24973-4522-4e24-8845-d0d59163b20a@group-FB138B0A8187-LeaderElection151] INFO  grpc.GrpcConfigKeys$Server (ConfUtils.java:logGet(43)) - raft.grpc.server.leader.outstanding.appends.max = 128 (default)
2019-11-14 22:53:36,357 [38d24973-4522-4e24-8845-d0d59163b20a@group-FB138B0A8187-LeaderElection151] INFO  server.RaftServerConfigKeys (ConfUtils.java:logGet(43)) - raft.server.rpc.request.timeout = 3000ms (default)
2019-11-14 22:53:36,358 [38d24973-4522-4e24-8845-d0d59163b20a@group-FB138B0A8187-LeaderElection151] INFO  server.RaftServerConfigKeys (ConfUtils.java:logGet(43)) - raft.server.log.appender.install.snapshot.enabled = false (custom)
2019-11-14 22:53:36,358 [38d24973-4522-4e24-8845-d0d59163b20a@group-FB138B0A8187-LeaderElection151] INFO  impl.RoleInfo (RoleInfo.java:updateAndGet(143)) - 38d24973-4522-4e24-8845-d0d59163b20a: start LeaderState
2019-11-14 22:53:36,358 [38d24973-4522-4e24-8845-d0d59163b20a@group-FB138B0A8187-LeaderElection151] INFO  segmented.SegmentedRaftLogWorker (SegmentedRaftLogWorker.java:startLogSegment(385)) - 38d24973-4522-4e24-8845-d0d59163b20a@group-FB138B0A8187-SegmentedRaftLogWorker: Starting segment from index:0
2019-11-14 22:53:36,358 [38d24973-4522-4e24-8845-d0d59163b20a@group-FB138B0A8187-LeaderElection151] INFO  impl.RaftServerImpl (ServerState.java:setRaftConf(356)) - 38d24973-4522-4e24-8845-d0d59163b20a@group-FB138B0A8187: set configuration 0: [fe27ed9b-283a-4979-94f3-8c29e1f5fa70:192.168.164.210:38253, 9b10aba0-cc5c-407b-9285-7072d29b9deb:192.168.164.210:44092, 38d24973-4522-4e24-8845-d0d59163b20a:192.168.164.210:38331], old=null at 0
2019-11-14 22:53:36,398 [grpc-default-executor-5] INFO  ratis.XceiverServerRatis (XceiverServerRatis.java:handleLeaderChangedNotification(697)) - Leader change notification received for group: group-FB138B0A8187 with new leaderId: 38d24973-4522-4e24-8845-d0d59163b20a
2019-11-14 22:53:36,400 [grpc-default-executor-4] INFO  ratis.XceiverServerRatis (XceiverServerRatis.java:handleLeaderChangedNotification(697)) - Leader change notification received for group: group-FB138B0A8187 with new leaderId: 38d24973-4522-4e24-8845-d0d59163b20a
2019-11-14 22:53:36,400 [grpc-default-executor-5] INFO  impl.RaftServerImpl (ServerState.java:setLeader(255)) - fe27ed9b-283a-4979-94f3-8c29e1f5fa70@group-FB138B0A8187: change Leader from null to 38d24973-4522-4e24-8845-d0d59163b20a at term 1 for appendEntries, leader elected after 1150ms
2019-11-14 22:53:36,401 [grpc-default-executor-4] INFO  impl.RaftServerImpl (ServerState.java:setLeader(255)) - 9b10aba0-cc5c-407b-9285-7072d29b9deb@group-FB138B0A8187: change Leader from null to 38d24973-4522-4e24-8845-d0d59163b20a at term 1 for appendEntries, leader elected after 1152ms
2019-11-14 22:53:36,402 [grpc-default-executor-5] INFO  impl.RaftServerImpl (ServerState.java:setRaftConf(356)) - 9b10aba0-cc5c-407b-9285-7072d29b9deb@group-FB138B0A8187: set configuration 0: [fe27ed9b-283a-4979-94f3-8c29e1f5fa70:192.168.164.210:38253, 9b10aba0-cc5c-407b-9285-7072d29b9deb:192.168.164.210:44092, 38d24973-4522-4e24-8845-d0d59163b20a:192.168.164.210:38331], old=null at 0
2019-11-14 22:53:36,402 [grpc-default-executor-4] INFO  impl.RaftServerImpl (ServerState.java:setRaftConf(356)) - fe27ed9b-283a-4979-94f3-8c29e1f5fa70@group-FB138B0A8187: set configuration 0: [fe27ed9b-283a-4979-94f3-8c29e1f5fa70:192.168.164.210:38253, 9b10aba0-cc5c-407b-9285-7072d29b9deb:192.168.164.210:44092, 38d24973-4522-4e24-8845-d0d59163b20a:192.168.164.210:38331], old=null at 0
2019-11-14 22:53:36,403 [grpc-default-executor-5] INFO  segmented.SegmentedRaftLogWorker (SegmentedRaftLogWorker.java:startLogSegment(385)) - 9b10aba0-cc5c-407b-9285-7072d29b9deb@group-FB138B0A8187-SegmentedRaftLogWorker: Starting segment from index:0
2019-11-14 22:53:36,403 [grpc-default-executor-4] INFO  segmented.SegmentedRaftLogWorker (SegmentedRaftLogWorker.java:startLogSegment(385)) - fe27ed9b-283a-4979-94f3-8c29e1f5fa70@group-FB138B0A8187-SegmentedRaftLogWorker: Starting segment from index:0
2019-11-14 22:53:36,408 [38d24973-4522-4e24-8845-d0d59163b20a@group-FB138B0A8187-SegmentedRaftLogWorker] INFO  segmented.SegmentedRaftLogWorker (SegmentedRaftLogWorker.java:execute(576)) - 38d24973-4522-4e24-8845-d0d59163b20a@group-FB138B0A8187-SegmentedRaftLogWorker: created new log segment /workdir/hadoop-ozone/integration-test/target/test-dir/MiniOzoneClusterImpl-c304fa79-6e7f-43ac-8564-360665bd8c65/datanode-7/data/ratis/bea2774a-2976-4ea3-a9ae-fb138b0a8187/current/log_inprogress_0
2019-11-14 22:53:36,408 [257e5bad-a5d9-4311-875c-39b27f9709ed@group-4212E911BFF7-SegmentedRaftLogWorker] INFO  segmented.SegmentedRaftLogWorker (SegmentedRaftLogWorker.java:execute(576)) - 257e5bad-a5d9-4311-875c-39b27f9709ed@group-4212E911BFF7-SegmentedRaftLogWorker: created new log segment /workdir/hadoop-ozone/integration-test/target/test-dir/MiniOzoneClusterImpl-c304fa79-6e7f-43ac-8564-360665bd8c65/datanode-9/data/ratis/6e41b1e7-0b44-4b72-a23a-4212e911bff7/current/log_inprogress_0
2019-11-14 22:53:36,445 [9b10aba0-cc5c-407b-9285-7072d29b9deb@group-FB138B0A8187-SegmentedRaftLogWorker] INFO  segmented.SegmentedRaftLogWorker (SegmentedRaftLogWorker.java:execute(576)) - 9b10aba0-cc5c-407b-9285-7072d29b9deb@group-FB138B0A8187-SegmentedRaftLogWorker: created new log segment /workdir/hadoop-ozone/integration-test/target/test-dir/MiniOzoneClusterImpl-c304fa79-6e7f-43ac-8564-360665bd8c65/datanode-8/data/ratis/bea2774a-2976-4ea3-a9ae-fb138b0a8187/current/log_inprogress_0
2019-11-14 22:53:36,446 [fe27ed9b-283a-4979-94f3-8c29e1f5fa70@group-FB138B0A8187-SegmentedRaftLogWorker] INFO  segmented.SegmentedRaftLogWorker (SegmentedRaftLogWorker.java:execute(576)) - fe27ed9b-283a-4979-94f3-8c29e1f5fa70@group-FB138B0A8187-SegmentedRaftLogWorker: created new log segment /workdir/hadoop-ozone/integration-test/target/test-dir/MiniOzoneClusterImpl-c304fa79-6e7f-43ac-8564-360665bd8c65/datanode-6/data/ratis/bea2774a-2976-4ea3-a9ae-fb138b0a8187/current/log_inprogress_0
2019-11-14 22:53:36,826 [Thread-4320] INFO  impl.FollowerState (FollowerState.java:run(111)) - 9969a5d9-fcab-46ad-a887-333766046ab2@group-EF7A66731833-FollowerState: change to CANDIDATE, lastRpcTime:1017ms, electionTimeout:1017ms
2019-11-14 22:53:36,826 [Thread-4320] INFO  impl.RoleInfo (RoleInfo.java:shutdownFollowerState(121)) - 9969a5d9-fcab-46ad-a887-333766046ab2: shutdown FollowerState
2019-11-14 22:53:36,826 [Thread-4320] INFO  impl.RaftServerImpl (RaftServerImpl.java:setRole(173)) - 9969a5d9-fcab-46ad-a887-333766046ab2@group-EF7A66731833: changes role from  FOLLOWER to CANDIDATE at term 1 for changeToCandidate
2019-11-14 22:53:36,826 [Thread-4320] INFO  impl.RoleInfo (RoleInfo.java:updateAndGet(143)) - 9969a5d9-fcab-46ad-a887-333766046ab2: start LeaderElection
2019-11-14 22:53:36,836 [Thread-4318] INFO  impl.FollowerState (FollowerState.java:run(111)) - 1557401b-269c-4760-ad9d-3babb3e549ee@group-EF7A66731833-FollowerState: change to CANDIDATE, lastRpcTime:1030ms, electionTimeout:1030ms
2019-11-14 22:53:36,836 [Thread-4318] INFO  impl.RoleInfo (RoleInfo.java:shutdownFollowerState(121)) - 1557401b-269c-4760-ad9d-3babb3e549ee: shutdown FollowerState
2019-11-14 22:53:36,836 [Thread-4318] INFO  impl.RaftServerImpl (RaftServerImpl.java:setRole(173)) - 1557401b-269c-4760-ad9d-3babb3e549ee@group-EF7A66731833: changes role from  FOLLOWER to CANDIDATE at term 1 for changeToCandidate
2019-11-14 22:53:36,837 [Thread-4318] INFO  impl.RoleInfo (RoleInfo.java:updateAndGet(143)) - 1557401b-269c-4760-ad9d-3babb3e549ee: start LeaderElection
2019-11-14 22:53:36,841 [9969a5d9-fcab-46ad-a887-333766046ab2@group-EF7A66731833-LeaderElection153] INFO  impl.LeaderElection (LeaderElection.java:askForVotes(178)) - 9969a5d9-fcab-46ad-a887-333766046ab2@group-EF7A66731833-LeaderElection153: begin an election at term 2 for -1: [1557401b-269c-4760-ad9d-3babb3e549ee:192.168.164.210:38449, 9969a5d9-fcab-46ad-a887-333766046ab2:192.168.164.210:41238, 377585f1-7b09-4361-841d-f3e5d0778973:192.168.164.210:33333], old=null
2019-11-14 22:53:36,841 [1557401b-269c-4760-ad9d-3babb3e549ee@group-EF7A66731833-LeaderElection154] INFO  impl.LeaderElection (LeaderElection.java:askForVotes(178)) - 1557401b-269c-4760-ad9d-3babb3e549ee@group-EF7A66731833-LeaderElection154: begin an election at term 2 for -1: [1557401b-269c-4760-ad9d-3babb3e549ee:192.168.164.210:38449, 9969a5d9-fcab-46ad-a887-333766046ab2:192.168.164.210:41238, 377585f1-7b09-4361-841d-f3e5d0778973:192.168.164.210:33333], old=null
2019-11-14 22:53:36,844 [grpc-default-executor-4] INFO  impl.RaftServerImpl (RaftServerImpl.java:setRole(173)) - 377585f1-7b09-4361-841d-f3e5d0778973@group-EF7A66731833: changes role from  FOLLOWER to FOLLOWER at term 2 for recognizeCandidate:1557401b-269c-4760-ad9d-3babb3e549ee
2019-11-14 22:53:36,844 [grpc-default-executor-4] INFO  impl.RoleInfo (RoleInfo.java:shutdownFollowerState(121)) - 377585f1-7b09-4361-841d-f3e5d0778973: shutdown FollowerState
2019-11-14 22:53:36,844 [grpc-default-executor-4] INFO  impl.RoleInfo (RoleInfo.java:updateAndGet(143)) - 377585f1-7b09-4361-841d-f3e5d0778973: start FollowerState
2019-11-14 22:53:36,845 [Thread-4319] INFO  impl.FollowerState (FollowerState.java:run(120)) - 377585f1-7b09-4361-841d-f3e5d0778973@group-EF7A66731833-FollowerState was interrupted: java.lang.InterruptedException: sleep interrupted
2019-11-14 22:53:36,852 [1557401b-269c-4760-ad9d-3babb3e549ee@group-EF7A66731833-LeaderElection154] INFO  impl.LeaderElection (LeaderElection.java:logAndReturn(56)) - 1557401b-269c-4760-ad9d-3babb3e549ee@group-EF7A66731833-LeaderElection154: Election PASSED; received 2 response(s) [1557401b-269c-4760-ad9d-3babb3e549ee<-9969a5d9-fcab-46ad-a887-333766046ab2#0:FAIL-t2, 1557401b-269c-4760-ad9d-3babb3e549ee<-377585f1-7b09-4361-841d-f3e5d0778973#0:OK-t2] and 0 exception(s); 1557401b-269c-4760-ad9d-3babb3e549ee@group-EF7A66731833:t2, leader=null, voted=1557401b-269c-4760-ad9d-3babb3e549ee, raftlog=1557401b-269c-4760-ad9d-3babb3e549ee@group-EF7A66731833-SegmentedRaftLog:OPENED:c-1,f-1,i0, conf=-1: [1557401b-269c-4760-ad9d-3babb3e549ee:192.168.164.210:38449, 9969a5d9-fcab-46ad-a887-333766046ab2:192.168.164.210:41238, 377585f1-7b09-4361-841d-f3e5d0778973:192.168.164.210:33333], old=null
2019-11-14 22:53:36,852 [9969a5d9-fcab-46ad-a887-333766046ab2@group-EF7A66731833-LeaderElection153] INFO  impl.LeaderElection (LeaderElection.java:logAndReturn(56)) - 9969a5d9-fcab-46ad-a887-333766046ab2@group-EF7A66731833-LeaderElection153: Election REJECTED; received 2 response(s) [9969a5d9-fcab-46ad-a887-333766046ab2<-1557401b-269c-4760-ad9d-3babb3e549ee#0:FAIL-t2, 9969a5d9-fcab-46ad-a887-333766046ab2<-377585f1-7b09-4361-841d-f3e5d0778973#0:FAIL-t2] and 0 exception(s); 9969a5d9-fcab-46ad-a887-333766046ab2@group-EF7A66731833:t2, leader=null, voted=9969a5d9-fcab-46ad-a887-333766046ab2, raftlog=9969a5d9-fcab-46ad-a887-333766046ab2@group-EF7A66731833-SegmentedRaftLog:OPENED:c-1,f-1,i0, conf=-1: [1557401b-269c-4760-ad9d-3babb3e549ee:192.168.164.210:38449, 9969a5d9-fcab-46ad-a887-333766046ab2:192.168.164.210:41238, 377585f1-7b09-4361-841d-f3e5d0778973:192.168.164.210:33333], old=null
2019-11-14 22:53:36,852 [1557401b-269c-4760-ad9d-3babb3e549ee@group-EF7A66731833-LeaderElection154] INFO  impl.RoleInfo (RoleInfo.java:shutdownLeaderElection(134)) - 1557401b-269c-4760-ad9d-3babb3e549ee: shutdown LeaderElection
2019-11-14 22:53:36,852 [9969a5d9-fcab-46ad-a887-333766046ab2@group-EF7A66731833-LeaderElection153] INFO  impl.RaftServerImpl (RaftServerImpl.java:setRole(173)) - 9969a5d9-fcab-46ad-a887-333766046ab2@group-EF7A66731833: changes role from CANDIDATE to FOLLOWER at term 2 for DISCOVERED_A_NEW_TERM
2019-11-14 22:53:36,853 [1557401b-269c-4760-ad9d-3babb3e549ee@group-EF7A66731833-LeaderElection154] INFO  impl.RaftServerImpl (RaftServerImpl.java:setRole(173)) - 1557401b-269c-4760-ad9d-3babb3e549ee@group-EF7A66731833: changes role from CANDIDATE to LEADER at term 2 for changeToLeader
2019-11-14 22:53:36,853 [9969a5d9-fcab-46ad-a887-333766046ab2@group-EF7A66731833-LeaderElection153] INFO  impl.RoleInfo (RoleInfo.java:shutdownLeaderElection(134)) - 9969a5d9-fcab-46ad-a887-333766046ab2: shutdown LeaderElection
2019-11-14 22:53:36,853 [1557401b-269c-4760-ad9d-3babb3e549ee@group-EF7A66731833-LeaderElection154] INFO  ratis.XceiverServerRatis (XceiverServerRatis.java:handleLeaderChangedNotification(697)) - Leader change notification received for group: group-EF7A66731833 with new leaderId: 1557401b-269c-4760-ad9d-3babb3e549ee
2019-11-14 22:53:36,853 [9969a5d9-fcab-46ad-a887-333766046ab2@group-EF7A66731833-LeaderElection153] INFO  impl.RoleInfo (RoleInfo.java:updateAndGet(143)) - 9969a5d9-fcab-46ad-a887-333766046ab2: start FollowerState
2019-11-14 22:53:36,853 [1557401b-269c-4760-ad9d-3babb3e549ee@group-EF7A66731833-LeaderElection154] INFO  impl.RaftServerImpl (ServerState.java:setLeader(255)) - 1557401b-269c-4760-ad9d-3babb3e549ee@group-EF7A66731833: change Leader from null to 1557401b-269c-4760-ad9d-3babb3e549ee at term 2 for becomeLeader, leader elected after 2166ms
2019-11-14 22:53:36,853 [1557401b-269c-4760-ad9d-3babb3e549ee@group-EF7A66731833-LeaderElection154] INFO  server.RaftServerConfigKeys (ConfUtils.java:logGet(43)) - raft.server.staging.catchup.gap = 1000 (default)
2019-11-14 22:53:36,853 [1557401b-269c-4760-ad9d-3babb3e549ee@group-EF7A66731833-LeaderElection154] INFO  server.RaftServerConfigKeys (ConfUtils.java:logGet(43)) - raft.server.rpc.sleep.time = 25ms (default)
2019-11-14 22:53:36,854 [1557401b-269c-4760-ad9d-3babb3e549ee@group-EF7A66731833-LeaderElection154] INFO  server.RaftServerConfigKeys (ConfUtils.java:logGet(43)) - raft.server.write.element-limit = 4096 (default)
2019-11-14 22:53:36,854 [1557401b-269c-4760-ad9d-3babb3e549ee@group-EF7A66731833-LeaderElection154] INFO  server.RaftServerConfigKeys (ConfUtils.java:logGet(43)) - raft.server.watch.timeout = 10s (default)
2019-11-14 22:53:36,854 [1557401b-269c-4760-ad9d-3babb3e549ee@group-EF7A66731833-LeaderElection154] INFO  server.RaftServerConfigKeys (ConfUtils.java:logGet(43)) - raft.server.watch.timeout.denomination = 1s (default)
2019-11-14 22:53:36,854 [1557401b-269c-4760-ad9d-3babb3e549ee@group-EF7A66731833-LeaderElection154] INFO  server.RaftServerConfigKeys (ConfUtils.java:logGet(43)) - raft.server.watch.element-limit = 65536 (default)
2019-11-14 22:53:36,854 [1557401b-269c-4760-ad9d-3babb3e549ee@group-EF7A66731833-LeaderElection154] INFO  server.RaftServerConfigKeys (ConfUtils.java:logGet(43)) - raft.server.log.appender.snapshot.chunk.size.max = 16MB (=16777216) (default)
2019-11-14 22:53:36,854 [EventQueue-PipelineReportForPipelineReportHandler] INFO  pipeline.PipelineStateManager (PipelineStateManager.java:openPipeline(134)) - Pipeline Pipeline[ Id: 0937e5e0-133f-4c39-af56-ef7a66731833, Nodes: 377585f1-7b09-4361-841d-f3e5d0778973{ip: 192.168.164.210, host: pr-hdds-2448-del-container-qmj8s-3203767274, networkLocation: /rack1, certSerialId: null}9969a5d9-fcab-46ad-a887-333766046ab2{ip: 192.168.164.210, host: pr-hdds-2448-del-container-qmj8s-3203767274, networkLocation: /rack1, certSerialId: null}1557401b-269c-4760-ad9d-3babb3e549ee{ip: 192.168.164.210, host: pr-hdds-2448-del-container-qmj8s-3203767274, networkLocation: /rack1, certSerialId: null}, Type:RATIS, Factor:THREE, State:OPEN] moved to OPEN state
2019-11-14 22:53:36,854 [1557401b-269c-4760-ad9d-3babb3e549ee@group-EF7A66731833-LeaderElection154] INFO  server.RaftServerConfigKeys (ConfUtils.java:logGet(43)) - raft.server.log.appender.buffer.byte-limit = 33554432 (custom)
2019-11-14 22:53:36,855 [1557401b-269c-4760-ad9d-3babb3e549ee@group-EF7A66731833-LeaderElection154] INFO  server.RaftServerConfigKeys (ConfUtils.java:logGet(43)) - raft.server.log.appender.buffer.element-limit = 1 (custom)
2019-11-14 22:53:36,855 [1557401b-269c-4760-ad9d-3babb3e549ee@group-EF7A66731833-LeaderElection154] INFO  grpc.GrpcConfigKeys$Server (ConfUtils.java:logGet(43)) - raft.grpc.server.leader.outstanding.appends.max = 128 (default)
2019-11-14 22:53:36,855 [1557401b-269c-4760-ad9d-3babb3e549ee@group-EF7A66731833-LeaderElection154] INFO  server.RaftServerConfigKeys (ConfUtils.java:logGet(43)) - raft.server.rpc.request.timeout = 3000ms (default)
2019-11-14 22:53:36,855 [1557401b-269c-4760-ad9d-3babb3e549ee@group-EF7A66731833-LeaderElection154] INFO  server.RaftServerConfigKeys (ConfUtils.java:logGet(43)) - raft.server.log.appender.install.snapshot.enabled = false (custom)
2019-11-14 22:53:36,855 [1557401b-269c-4760-ad9d-3babb3e549ee@group-EF7A66731833-LeaderElection154] WARN  impl.MetricRegistriesImpl (MetricRegistriesImpl.java:lambda$create$1(61)) - First MetricRegistry has been created without registering reporters. You may need to call MetricRegistries.global().addReportRegistration(...) before.
2019-11-14 22:53:36,856 [1557401b-269c-4760-ad9d-3babb3e549ee@group-EF7A66731833-LeaderElection154] INFO  server.RaftServerConfigKeys (ConfUtils.java:logGet(43)) - raft.server.log.appender.snapshot.chunk.size.max = 16MB (=16777216) (default)
2019-11-14 22:53:36,856 [1557401b-269c-4760-ad9d-3babb3e549ee@group-EF7A66731833-LeaderElection154] INFO  server.RaftServerConfigKeys (ConfUtils.java:logGet(43)) - raft.server.log.appender.buffer.byte-limit = 33554432 (custom)
2019-11-14 22:53:36,856 [1557401b-269c-4760-ad9d-3babb3e549ee@group-EF7A66731833-LeaderElection154] INFO  server.RaftServerConfigKeys (ConfUtils.java:logGet(43)) - raft.server.log.appender.buffer.element-limit = 1 (custom)
2019-11-14 22:53:36,856 [1557401b-269c-4760-ad9d-3babb3e549ee@group-EF7A66731833-LeaderElection154] INFO  grpc.GrpcConfigKeys$Server (ConfUtils.java:logGet(43)) - raft.grpc.server.leader.outstanding.appends.max = 128 (default)
2019-11-14 22:53:36,856 [1557401b-269c-4760-ad9d-3babb3e549ee@group-EF7A66731833-LeaderElection154] INFO  server.RaftServerConfigKeys (ConfUtils.java:logGet(43)) - raft.server.rpc.request.timeout = 3000ms (default)
2019-11-14 22:53:36,856 [1557401b-269c-4760-ad9d-3babb3e549ee@group-EF7A66731833-LeaderElection154] INFO  server.RaftServerConfigKeys (ConfUtils.java:logGet(43)) - raft.server.log.appender.install.snapshot.enabled = false (custom)
2019-11-14 22:53:36,857 [1557401b-269c-4760-ad9d-3babb3e549ee@group-EF7A66731833-LeaderElection154] INFO  impl.RoleInfo (RoleInfo.java:updateAndGet(143)) - 1557401b-269c-4760-ad9d-3babb3e549ee: start LeaderState
2019-11-14 22:53:36,857 [1557401b-269c-4760-ad9d-3babb3e549ee@group-EF7A66731833-LeaderElection154] INFO  segmented.SegmentedRaftLogWorker (SegmentedRaftLogWorker.java:startLogSegment(385)) - 1557401b-269c-4760-ad9d-3babb3e549ee@group-EF7A66731833-SegmentedRaftLogWorker: Starting segment from index:0
2019-11-14 22:53:36,858 [1557401b-269c-4760-ad9d-3babb3e549ee@group-EF7A66731833-LeaderElection154] INFO  impl.RaftServerImpl (ServerState.java:setRaftConf(356)) - 1557401b-269c-4760-ad9d-3babb3e549ee@group-EF7A66731833: set configuration 0: [1557401b-269c-4760-ad9d-3babb3e549ee:192.168.164.210:38449, 9969a5d9-fcab-46ad-a887-333766046ab2:192.168.164.210:41238, 377585f1-7b09-4361-841d-f3e5d0778973:192.168.164.210:33333], old=null at 0
2019-11-14 22:53:36,859 [grpc-default-executor-5] INFO  ratis.XceiverServerRatis (XceiverServerRatis.java:handleLeaderChangedNotification(697)) - Leader change notification received for group: group-EF7A66731833 with new leaderId: 1557401b-269c-4760-ad9d-3babb3e549ee
2019-11-14 22:53:36,859 [grpc-default-executor-5] INFO  impl.RaftServerImpl (ServerState.java:setLeader(255)) - 377585f1-7b09-4361-841d-f3e5d0778973@group-EF7A66731833: change Leader from null to 1557401b-269c-4760-ad9d-3babb3e549ee at term 2 for appendEntries, leader elected after 2172ms
2019-11-14 22:53:36,860 [grpc-default-executor-4] INFO  ratis.XceiverServerRatis (XceiverServerRatis.java:handleLeaderChangedNotification(697)) - Leader change notification received for group: group-EF7A66731833 with new leaderId: 1557401b-269c-4760-ad9d-3babb3e549ee
2019-11-14 22:53:36,860 [grpc-default-executor-4] INFO  impl.RaftServerImpl (ServerState.java:setLeader(255)) - 9969a5d9-fcab-46ad-a887-333766046ab2@group-EF7A66731833: change Leader from null to 1557401b-269c-4760-ad9d-3babb3e549ee at term 2 for appendEntries, leader elected after 2173ms
2019-11-14 22:53:36,862 [grpc-default-executor-4] INFO  impl.RaftServerImpl (ServerState.java:setRaftConf(356)) - 377585f1-7b09-4361-841d-f3e5d0778973@group-EF7A66731833: set configuration 0: [1557401b-269c-4760-ad9d-3babb3e549ee:192.168.164.210:38449, 9969a5d9-fcab-46ad-a887-333766046ab2:192.168.164.210:41238, 377585f1-7b09-4361-841d-f3e5d0778973:192.168.164.210:33333], old=null at 0
2019-11-14 22:53:36,862 [grpc-default-executor-5] INFO  impl.RaftServerImpl (ServerState.java:setRaftConf(356)) - 9969a5d9-fcab-46ad-a887-333766046ab2@group-EF7A66731833: set configuration 0: [1557401b-269c-4760-ad9d-3babb3e549ee:192.168.164.210:38449, 9969a5d9-fcab-46ad-a887-333766046ab2:192.168.164.210:41238, 377585f1-7b09-4361-841d-f3e5d0778973:192.168.164.210:33333], old=null at 0
2019-11-14 22:53:36,862 [grpc-default-executor-4] INFO  segmented.SegmentedRaftLogWorker (SegmentedRaftLogWorker.java:startLogSegment(385)) - 377585f1-7b09-4361-841d-f3e5d0778973@group-EF7A66731833-SegmentedRaftLogWorker: Starting segment from index:0
2019-11-14 22:53:36,862 [grpc-default-executor-5] INFO  segmented.SegmentedRaftLogWorker (SegmentedRaftLogWorker.java:startLogSegment(385)) - 9969a5d9-fcab-46ad-a887-333766046ab2@group-EF7A66731833-SegmentedRaftLogWorker: Starting segment from index:0
2019-11-14 22:53:36,906 [1557401b-269c-4760-ad9d-3babb3e549ee@group-EF7A66731833-SegmentedRaftLogWorker] INFO  segmented.SegmentedRaftLogWorker (SegmentedRaftLogWorker.java:execute(576)) - 1557401b-269c-4760-ad9d-3babb3e549ee@group-EF7A66731833-SegmentedRaftLogWorker: created new log segment /workdir/hadoop-ozone/integration-test/target/test-dir/MiniOzoneClusterImpl-c304fa79-6e7f-43ac-8564-360665bd8c65/datanode-0/data/ratis/0937e5e0-133f-4c39-af56-ef7a66731833/current/log_inprogress_0
2019-11-14 22:53:36,906 [9969a5d9-fcab-46ad-a887-333766046ab2@group-EF7A66731833-SegmentedRaftLogWorker] INFO  segmented.SegmentedRaftLogWorker (SegmentedRaftLogWorker.java:execute(576)) - 9969a5d9-fcab-46ad-a887-333766046ab2@group-EF7A66731833-SegmentedRaftLogWorker: created new log segment /workdir/hadoop-ozone/integration-test/target/test-dir/MiniOzoneClusterImpl-c304fa79-6e7f-43ac-8564-360665bd8c65/datanode-2/data/ratis/0937e5e0-133f-4c39-af56-ef7a66731833/current/log_inprogress_0
2019-11-14 22:53:36,906 [377585f1-7b09-4361-841d-f3e5d0778973@group-EF7A66731833-SegmentedRaftLogWorker] INFO  segmented.SegmentedRaftLogWorker (SegmentedRaftLogWorker.java:execute(576)) - 377585f1-7b09-4361-841d-f3e5d0778973@group-EF7A66731833-SegmentedRaftLogWorker: created new log segment /workdir/hadoop-ozone/integration-test/target/test-dir/MiniOzoneClusterImpl-c304fa79-6e7f-43ac-8564-360665bd8c65/datanode-1/data/ratis/0937e5e0-133f-4c39-af56-ef7a66731833/current/log_inprogress_0
2019-11-14 22:53:37,277 [main] INFO  ozone.MiniOzoneClusterImpl (MiniOzoneClusterImpl.java:lambda$waitForClusterToBeReady$2(171)) - Cluster is ready. Got 10 of 10 DN Heartbeats.
2019-11-14 22:53:37,310 [main] INFO  rpc.RpcClient (RpcClient.java:createVolume(292)) - Creating Volume: datanodefailurehandlingtest, with jenkins1000 as owner.
2019-11-14 22:53:37,312 [IPC Server handler 0 on 36902] INFO  volume.OMVolumeCreateRequest (OMVolumeCreateRequest.java:validateAndUpdateCache(193)) - created volume:datanodefailurehandlingtest for user:jenkins1000
2019-11-14 22:53:37,335 [main] INFO  rpc.RpcClient (RpcClient.java:createBucket(431)) - Creating Bucket: datanodefailurehandlingtest/datanodefailurehandlingtest, with Versioning false and Storage Type set to DISK and Encryption set to false 
2019-11-14 22:53:37,473 [Thread-4245] INFO  container.ReplicationManager (ReplicationManager.java:start(162)) - Starting Replication Monitor Thread.
2019-11-14 22:53:37,474 [Thread-4245] INFO  pipeline.SCMPipelineManager (SCMPipelineManager.java:finalizeAndDestroyPipeline(315)) - destroying pipeline:Pipeline[ Id: c3b4d1d6-ec27-485e-b673-2a75c0a03975, Nodes: 2e7f8c24-c608-431c-b6d8-707cc816ba74{ip: 192.168.164.210, host: pr-hdds-2448-del-container-qmj8s-3203767274, networkLocation: /rack1, certSerialId: null}, Type:RATIS, Factor:ONE, State:OPEN]
2019-11-14 22:53:37,477 [Thread-4245] INFO  pipeline.PipelineStateManager (PipelineStateManager.java:finalizePipeline(121)) - Pipeline Pipeline[ Id: c3b4d1d6-ec27-485e-b673-2a75c0a03975, Nodes: 2e7f8c24-c608-431c-b6d8-707cc816ba74{ip: 192.168.164.210, host: pr-hdds-2448-del-container-qmj8s-3203767274, networkLocation: /rack1, certSerialId: null}, Type:RATIS, Factor:ONE, State:CLOSED] moved to CLOSED state
2019-11-14 22:53:37,477 [ReplicationMonitor] INFO  container.ReplicationManager (ReplicationManager.java:run(225)) - Replication Monitor Thread took 1 milliseconds for processing 1 containers.
2019-11-14 22:53:37,483 [grpc-default-executor-5] INFO  impl.RaftServerProxy (RaftServerProxy.java:remove(95)) - 2e7f8c24-c608-431c-b6d8-707cc816ba74: remove    LEADER 2e7f8c24-c608-431c-b6d8-707cc816ba74@group-2A75C0A03975:t1, leader=2e7f8c24-c608-431c-b6d8-707cc816ba74, voted=2e7f8c24-c608-431c-b6d8-707cc816ba74, raftlog=2e7f8c24-c608-431c-b6d8-707cc816ba74@group-2A75C0A03975-SegmentedRaftLog:OPENED:c0,f0,i0, conf=0: [2e7f8c24-c608-431c-b6d8-707cc816ba74:192.168.164.210:38009], old=null RUNNING
2019-11-14 22:53:37,484 [grpc-default-executor-5] INFO  impl.RaftServerImpl (RaftServerImpl.java:lambda$shutdown$3(250)) - 2e7f8c24-c608-431c-b6d8-707cc816ba74@group-2A75C0A03975: shutdown
2019-11-14 22:53:37,484 [grpc-default-executor-5] INFO  util.JmxRegister (JmxRegister.java:unregister(73)) - Successfully un-registered JMX Bean with object name Ratis:service=RaftServer,group=group-2A75C0A03975,id=2e7f8c24-c608-431c-b6d8-707cc816ba74
2019-11-14 22:53:37,484 [grpc-default-executor-5] INFO  impl.RoleInfo (RoleInfo.java:shutdownLeaderState(104)) - 2e7f8c24-c608-431c-b6d8-707cc816ba74: shutdown LeaderState
2019-11-14 22:53:37,484 [grpc-default-executor-5] INFO  impl.PendingRequests (PendingRequests.java:sendNotLeaderResponses(206)) - 2e7f8c24-c608-431c-b6d8-707cc816ba74@group-2A75C0A03975-PendingRequests: sendNotLeaderResponses
2019-11-14 22:53:37,484 [grpc-default-executor-5] INFO  impl.StateMachineUpdater (StateMachineUpdater.java:stopAndJoin(136)) - 2e7f8c24-c608-431c-b6d8-707cc816ba74@group-2A75C0A03975-StateMachineUpdater: set stopIndex = 0
2019-11-14 22:53:37,485 [grpc-default-executor-5] INFO  impl.RaftServerImpl (ServerState.java:close(387)) - 2e7f8c24-c608-431c-b6d8-707cc816ba74@group-2A75C0A03975: closes. applyIndex: 0
2019-11-14 22:53:37,485 [2e7f8c24-c608-431c-b6d8-707cc816ba74@group-2A75C0A03975-SegmentedRaftLogWorker] INFO  segmented.SegmentedRaftLogWorker (SegmentedRaftLogWorker.java:run(316)) - 2e7f8c24-c608-431c-b6d8-707cc816ba74@group-2A75C0A03975-SegmentedRaftLogWorker was interrupted, exiting. There are 0 tasks remaining in the queue.
2019-11-14 22:53:37,487 [grpc-default-executor-5] INFO  segmented.SegmentedRaftLogWorker (SegmentedRaftLogWorker.java:close(224)) - 2e7f8c24-c608-431c-b6d8-707cc816ba74@group-2A75C0A03975-SegmentedRaftLogWorker close()
2019-11-14 22:53:37,497 [Thread-4245] INFO  pipeline.PipelineStateManager (PipelineStateManager.java:removePipeline(106)) - Pipeline Pipeline[ Id: c3b4d1d6-ec27-485e-b673-2a75c0a03975, Nodes: 2e7f8c24-c608-431c-b6d8-707cc816ba74{ip: 192.168.164.210, host: pr-hdds-2448-del-container-qmj8s-3203767274, networkLocation: /rack1, certSerialId: null}, Type:RATIS, Factor:ONE, State:CLOSED] removed from db
2019-11-14 22:53:37,500 [Thread-4245] INFO  pipeline.SCMPipelineManager (SCMPipelineManager.java:finalizeAndDestroyPipeline(315)) - destroying pipeline:Pipeline[ Id: bea2774a-2976-4ea3-a9ae-fb138b0a8187, Nodes: fe27ed9b-283a-4979-94f3-8c29e1f5fa70{ip: 192.168.164.210, host: pr-hdds-2448-del-container-qmj8s-3203767274, networkLocation: /rack1, certSerialId: null}9b10aba0-cc5c-407b-9285-7072d29b9deb{ip: 192.168.164.210, host: pr-hdds-2448-del-container-qmj8s-3203767274, networkLocation: /rack1, certSerialId: null}38d24973-4522-4e24-8845-d0d59163b20a{ip: 192.168.164.210, host: pr-hdds-2448-del-container-qmj8s-3203767274, networkLocation: /rack1, certSerialId: null}, Type:RATIS, Factor:THREE, State:OPEN]
2019-11-14 22:53:37,503 [grpc-default-executor-5] INFO  impl.RaftServerProxy (RaftServerProxy.java:addNew(89)) - 2e7f8c24-c608-431c-b6d8-707cc816ba74: addNew group-F806C27B6AB2:[2e7f8c24-c608-431c-b6d8-707cc816ba74:192.168.164.210:38009] returns group-F806C27B6AB2:java.util.concurrent.CompletableFuture@5f9a8bed[Not completed]
2019-11-14 22:53:37,504 [pool-582-thread-1] INFO  impl.RaftServerImpl (RaftServerImpl.java:<init>(98)) - 2e7f8c24-c608-431c-b6d8-707cc816ba74: new RaftServerImpl for group-F806C27B6AB2:[2e7f8c24-c608-431c-b6d8-707cc816ba74:192.168.164.210:38009] with ContainerStateMachine:uninitialized
2019-11-14 22:53:37,505 [pool-582-thread-1] INFO  server.RaftServerConfigKeys (ConfUtils.java:logGet(43)) - raft.server.rpc.timeout.min = 1s (custom)
2019-11-14 22:53:37,505 [pool-582-thread-1] INFO  server.RaftServerConfigKeys (ConfUtils.java:logGet(43)) - raft.server.rpc.timeout.max = 1200ms (custom)
2019-11-14 22:53:37,505 [pool-582-thread-1] INFO  server.RaftServerConfigKeys (ConfUtils.java:logGet(43)) - raft.server.rpcslowness.timeout = 120s (custom)
2019-11-14 22:53:37,505 [pool-582-thread-1] INFO  server.RaftServerConfigKeys (ConfUtils.java:logGet(43)) - raft.server.sleep.deviation.threshold = 300 (default)
2019-11-14 22:53:37,505 [pool-582-thread-1] INFO  server.RaftServerConfigKeys (ConfUtils.java:logGet(43)) - raft.server.log.appender.install.snapshot.enabled = false (custom)
2019-11-14 22:53:37,505 [pool-582-thread-1] INFO  impl.RaftServerImpl (ServerState.java:<init>(103)) - 2e7f8c24-c608-431c-b6d8-707cc816ba74@group-F806C27B6AB2: ConfigurationManager, init=-1: [2e7f8c24-c608-431c-b6d8-707cc816ba74:192.168.164.210:38009], old=null, confs=<EMPTY_MAP>
2019-11-14 22:53:37,505 [pool-582-thread-1] INFO  server.RaftServerConfigKeys (ConfUtils.java:logGet(43)) - raft.server.storage.dir = [/workdir/hadoop-ozone/integration-test/target/test-dir/MiniOzoneClusterImpl-c304fa79-6e7f-43ac-8564-360665bd8c65/datanode-3/data/ratis] (custom)
2019-11-14 22:53:37,505 [pool-582-thread-1] INFO  server.RaftServerConfigKeys (ConfUtils.java:logGet(43)) - raft.server.log.corruption.policy = EXCEPTION (default)
2019-11-14 22:53:37,506 [pool-582-thread-1] INFO  storage.RaftStorageDirectory (RaftStorageDirectory.java:analyzeStorage(246)) - The storage directory /workdir/hadoop-ozone/integration-test/target/test-dir/MiniOzoneClusterImpl-c304fa79-6e7f-43ac-8564-360665bd8c65/datanode-3/data/ratis/92c90de9-97e9-4353-bbf9-f806c27b6ab2 does not exist. Creating ...
2019-11-14 22:53:37,515 [pool-582-thread-1] INFO  storage.RaftStorageDirectory (RaftStorageDirectory.java:tryLock(328)) - Lock on /workdir/hadoop-ozone/integration-test/target/test-dir/MiniOzoneClusterImpl-c304fa79-6e7f-43ac-8564-360665bd8c65/datanode-3/data/ratis/92c90de9-97e9-4353-bbf9-f806c27b6ab2/in_use.lock acquired by nodename 20539@pr-hdds-2448-del-container-qmj8s-3203767274
2019-11-14 22:53:37,519 [pool-582-thread-1] INFO  storage.RaftStorage (RaftStorage.java:format(84)) - Storage directory /workdir/hadoop-ozone/integration-test/target/test-dir/MiniOzoneClusterImpl-c304fa79-6e7f-43ac-8564-360665bd8c65/datanode-3/data/ratis/92c90de9-97e9-4353-bbf9-f806c27b6ab2 has been successfully formatted.
2019-11-14 22:53:37,519 [pool-582-thread-1] INFO  ratis.ContainerStateMachine (ContainerStateMachine.java:loadSnapshot(223)) - group-F806C27B6AB2: The snapshot info is null. Setting the last applied indexto:(t:0, i:~)
2019-11-14 22:53:37,519 [pool-582-thread-1] INFO  server.RaftServerConfigKeys (ConfUtils.java:logGet(43)) - raft.server.notification.no-leader.timeout = 120s (custom)
2019-11-14 22:53:37,520 [pool-582-thread-1] INFO  server.RaftServerConfigKeys (ConfUtils.java:logGet(43)) - raft.server.log.use.memory = false (default)
2019-11-14 22:53:37,520 [pool-582-thread-1] INFO  server.RaftServerConfigKeys (ConfUtils.java:logGet(43)) - raft.server.log.purge.gap = 1000000 (custom)
2019-11-14 22:53:37,520 [pool-582-thread-1] INFO  server.RaftServerConfigKeys (ConfUtils.java:logGet(43)) - raft.server.log.appender.buffer.byte-limit = 33554432 (custom)
2019-11-14 22:53:37,520 [pool-582-thread-1] INFO  server.RaftServerConfigKeys (ConfUtils.java:logGet(43)) - raft.server.log.segment.size.max = 1048576 (custom)
2019-11-14 22:53:37,521 [pool-582-thread-1] INFO  server.RaftServerConfigKeys (ConfUtils.java:logGet(43)) - raft.server.log.segment.cache.num.max = 2 (custom)
2019-11-14 22:53:37,521 [pool-582-thread-1] INFO  segmented.SegmentedRaftLogWorker (SegmentedRaftLogWorker.java:<init>(173)) - new 2e7f8c24-c608-431c-b6d8-707cc816ba74@group-F806C27B6AB2-SegmentedRaftLogWorker for RaftStorage:Storage Directory /workdir/hadoop-ozone/integration-test/target/test-dir/MiniOzoneClusterImpl-c304fa79-6e7f-43ac-8564-360665bd8c65/datanode-3/data/ratis/92c90de9-97e9-4353-bbf9-f806c27b6ab2
2019-11-14 22:53:37,521 [pool-582-thread-1] INFO  server.RaftServerConfigKeys (ConfUtils.java:logGet(43)) - raft.server.log.queue.byte-limit = 2147483647 (custom)
2019-11-14 22:53:37,521 [pool-582-thread-1] INFO  server.RaftServerConfigKeys (ConfUtils.java:logGet(43)) - raft.server.log.queue.element-limit = 1024 (custom)
2019-11-14 22:53:37,521 [pool-582-thread-1] INFO  server.RaftServerConfigKeys (ConfUtils.java:logGet(43)) - raft.server.log.segment.size.max = 1048576 (custom)
2019-11-14 22:53:37,521 [pool-582-thread-1] INFO  server.RaftServerConfigKeys (ConfUtils.java:logGet(43)) - raft.server.log.preallocated.size = 16384 (custom)
2019-11-14 22:53:37,521 [pool-582-thread-1] INFO  server.RaftServerConfigKeys (ConfUtils.java:logGet(43)) - raft.server.log.write.buffer.size = 33554432 (custom)
2019-11-14 22:53:37,522 [pool-582-thread-1] INFO  server.RaftServerConfigKeys (ConfUtils.java:logGet(43)) - raft.server.log.force.sync.num = 128 (default)
2019-11-14 22:53:37,522 [pool-582-thread-1] INFO  server.RaftServerConfigKeys (ConfUtils.java:logGet(43)) - raft.server.log.statemachine.data.sync = true (default)
2019-11-14 22:53:37,522 [pool-582-thread-1] INFO  server.RaftServerConfigKeys (ConfUtils.java:logGet(43)) - raft.server.log.statemachine.data.sync.timeout = 10s (default)
2019-11-14 22:53:37,522 [pool-582-thread-1] INFO  server.RaftServerConfigKeys (ConfUtils.java:logGet(43)) - raft.server.log.statemachine.data.sync.timeout.retry = -1 (default)
2019-11-14 22:53:37,522 [pool-582-thread-1] INFO  server.RaftServerConfigKeys (ConfUtils.java:logGet(43)) - raft.server.log.statemachine.data.caching.enabled = true (custom)
2019-11-14 22:53:37,522 [pool-582-thread-1] INFO  segmented.SegmentedRaftLogWorker (SegmentedRaftLogWorker.java:lambda$new$0(128)) - 2e7f8c24-c608-431c-b6d8-707cc816ba74@group-F806C27B6AB2-SegmentedRaftLogWorker: flushIndex: setUnconditionally 0 -> -1
2019-11-14 22:53:37,523 [pool-582-thread-1] INFO  server.RaftServerConfigKeys (ConfUtils.java:logGet(43)) - raft.server.snapshot.auto.trigger.enabled = true (custom)
2019-11-14 22:53:37,523 [pool-582-thread-1] INFO  server.RaftServerConfigKeys (ConfUtils.java:logGet(43)) - raft.server.snapshot.auto.trigger.threshold = 10000 (custom)
2019-11-14 22:53:37,523 [pool-582-thread-1] INFO  server.RaftServerConfigKeys (ConfUtils.java:logGet(43)) - raft.server.snapshot.retention.file.num = 5 (custom)
2019-11-14 22:53:37,523 [pool-582-thread-1] INFO  server.RaftServerConfigKeys (ConfUtils.java:logGet(43)) - raft.server.retrycache.expirytime = 600000ms (custom)
2019-11-14 22:53:37,523 [pool-582-thread-1] WARN  impl.MetricRegistriesImpl (MetricRegistriesImpl.java:lambda$create$1(61)) - First MetricRegistry has been created without registering reporters. You may need to call MetricRegistries.global().addReportRegistration(...) before.
2019-11-14 22:53:37,524 [pool-582-thread-1] WARN  impl.MetricRegistriesImpl (MetricRegistriesImpl.java:lambda$create$1(61)) - First MetricRegistry has been created without registering reporters. You may need to call MetricRegistries.global().addReportRegistration(...) before.
2019-11-14 22:53:37,524 [pool-582-thread-1] INFO  impl.RaftServerImpl (RaftServerImpl.java:start(184)) - 2e7f8c24-c608-431c-b6d8-707cc816ba74@group-F806C27B6AB2: start as a follower, conf=-1: [2e7f8c24-c608-431c-b6d8-707cc816ba74:192.168.164.210:38009], old=null
2019-11-14 22:53:37,524 [pool-582-thread-1] INFO  impl.RaftServerImpl (RaftServerImpl.java:setRole(173)) - 2e7f8c24-c608-431c-b6d8-707cc816ba74@group-F806C27B6AB2: changes role from      null to FOLLOWER at term 0 for startAsFollower
2019-11-14 22:53:37,524 [pool-582-thread-1] INFO  impl.RoleInfo (RoleInfo.java:updateAndGet(143)) - 2e7f8c24-c608-431c-b6d8-707cc816ba74: start FollowerState
2019-11-14 22:53:37,533 [pool-582-thread-1] INFO  util.JmxRegister (JmxRegister.java:tryRegister(44)) - Successfully registered JMX Bean with object name Ratis:service=RaftServer,group=group-F806C27B6AB2,id=2e7f8c24-c608-431c-b6d8-707cc816ba74
2019-11-14 22:53:37,534 [pool-582-thread-1] WARN  impl.MetricRegistriesImpl (MetricRegistriesImpl.java:lambda$create$1(61)) - First MetricRegistry has been created without registering reporters. You may need to call MetricRegistries.global().addReportRegistration(...) before.
2019-11-14 22:53:37,547 [RatisPipelineUtilsThread] INFO  pipeline.PipelineStateManager (PipelineStateManager.java:addPipeline(55)) - Created pipeline Pipeline[ Id: 92c90de9-97e9-4353-bbf9-f806c27b6ab2, Nodes: 2e7f8c24-c608-431c-b6d8-707cc816ba74{ip: 192.168.164.210, host: pr-hdds-2448-del-container-qmj8s-3203767274, networkLocation: /rack1, certSerialId: null}, Type:RATIS, Factor:ONE, State:ALLOCATED]
2019-11-14 22:53:37,547 [Thread-4245] INFO  pipeline.PipelineStateManager (PipelineStateManager.java:finalizePipeline(121)) - Pipeline Pipeline[ Id: bea2774a-2976-4ea3-a9ae-fb138b0a8187, Nodes: fe27ed9b-283a-4979-94f3-8c29e1f5fa70{ip: 192.168.164.210, host: pr-hdds-2448-del-container-qmj8s-3203767274, networkLocation: /rack1, certSerialId: null}9b10aba0-cc5c-407b-9285-7072d29b9deb{ip: 192.168.164.210, host: pr-hdds-2448-del-container-qmj8s-3203767274, networkLocation: /rack1, certSerialId: null}38d24973-4522-4e24-8845-d0d59163b20a{ip: 192.168.164.210, host: pr-hdds-2448-del-container-qmj8s-3203767274, networkLocation: /rack1, certSerialId: null}, Type:RATIS, Factor:THREE, State:CLOSED] moved to CLOSED state
2019-11-14 22:53:37,550 [grpc-default-executor-5] INFO  impl.RaftServerProxy (RaftServerProxy.java:remove(95)) - fe27ed9b-283a-4979-94f3-8c29e1f5fa70: remove  FOLLOWER fe27ed9b-283a-4979-94f3-8c29e1f5fa70@group-FB138B0A8187:t1, leader=38d24973-4522-4e24-8845-d0d59163b20a, voted=38d24973-4522-4e24-8845-d0d59163b20a, raftlog=fe27ed9b-283a-4979-94f3-8c29e1f5fa70@group-FB138B0A8187-SegmentedRaftLog:OPENED:c0,f0,i0, conf=0: [fe27ed9b-283a-4979-94f3-8c29e1f5fa70:192.168.164.210:38253, 9b10aba0-cc5c-407b-9285-7072d29b9deb:192.168.164.210:44092, 38d24973-4522-4e24-8845-d0d59163b20a:192.168.164.210:38331], old=null RUNNING
2019-11-14 22:53:37,551 [grpc-default-executor-5] INFO  impl.RaftServerImpl (RaftServerImpl.java:lambda$shutdown$3(250)) - fe27ed9b-283a-4979-94f3-8c29e1f5fa70@group-FB138B0A8187: shutdown
2019-11-14 22:53:37,551 [grpc-default-executor-5] INFO  util.JmxRegister (JmxRegister.java:unregister(73)) - Successfully un-registered JMX Bean with object name Ratis:service=RaftServer,group=group-FB138B0A8187,id=fe27ed9b-283a-4979-94f3-8c29e1f5fa70
2019-11-14 22:53:37,551 [grpc-default-executor-5] INFO  impl.RoleInfo (RoleInfo.java:shutdownFollowerState(121)) - fe27ed9b-283a-4979-94f3-8c29e1f5fa70: shutdown FollowerState
2019-11-14 22:53:37,551 [grpc-default-executor-5] INFO  impl.StateMachineUpdater (StateMachineUpdater.java:stopAndJoin(136)) - fe27ed9b-283a-4979-94f3-8c29e1f5fa70@group-FB138B0A8187-StateMachineUpdater: set stopIndex = 0
2019-11-14 22:53:37,551 [Thread-4349] INFO  impl.FollowerState (FollowerState.java:run(120)) - fe27ed9b-283a-4979-94f3-8c29e1f5fa70@group-FB138B0A8187-FollowerState was interrupted: java.lang.InterruptedException: sleep interrupted
2019-11-14 22:53:37,551 [grpc-default-executor-5] INFO  impl.RaftServerImpl (ServerState.java:close(387)) - fe27ed9b-283a-4979-94f3-8c29e1f5fa70@group-FB138B0A8187: closes. applyIndex: 0
2019-11-14 22:53:37,551 [fe27ed9b-283a-4979-94f3-8c29e1f5fa70@group-FB138B0A8187-SegmentedRaftLogWorker] INFO  segmented.SegmentedRaftLogWorker (SegmentedRaftLogWorker.java:run(316)) - fe27ed9b-283a-4979-94f3-8c29e1f5fa70@group-FB138B0A8187-SegmentedRaftLogWorker was interrupted, exiting. There are 0 tasks remaining in the queue.
2019-11-14 22:53:37,554 [grpc-default-executor-5] INFO  segmented.SegmentedRaftLogWorker (SegmentedRaftLogWorker.java:close(224)) - fe27ed9b-283a-4979-94f3-8c29e1f5fa70@group-FB138B0A8187-SegmentedRaftLogWorker close()
2019-11-14 22:53:37,561 [grpc-default-executor-5] INFO  impl.RaftServerProxy (RaftServerProxy.java:remove(95)) - 9b10aba0-cc5c-407b-9285-7072d29b9deb: remove  FOLLOWER 9b10aba0-cc5c-407b-9285-7072d29b9deb@group-FB138B0A8187:t1, leader=38d24973-4522-4e24-8845-d0d59163b20a, voted=38d24973-4522-4e24-8845-d0d59163b20a, raftlog=9b10aba0-cc5c-407b-9285-7072d29b9deb@group-FB138B0A8187-SegmentedRaftLog:OPENED:c0,f0,i0, conf=0: [fe27ed9b-283a-4979-94f3-8c29e1f5fa70:192.168.164.210:38253, 9b10aba0-cc5c-407b-9285-7072d29b9deb:192.168.164.210:44092, 38d24973-4522-4e24-8845-d0d59163b20a:192.168.164.210:38331], old=null RUNNING
2019-11-14 22:53:37,562 [grpc-default-executor-5] INFO  impl.RaftServerImpl (RaftServerImpl.java:lambda$shutdown$3(250)) - 9b10aba0-cc5c-407b-9285-7072d29b9deb@group-FB138B0A8187: shutdown
2019-11-14 22:53:37,562 [grpc-default-executor-5] INFO  util.JmxRegister (JmxRegister.java:unregister(73)) - Successfully un-registered JMX Bean with object name Ratis:service=RaftServer,group=group-FB138B0A8187,id=9b10aba0-cc5c-407b-9285-7072d29b9deb
2019-11-14 22:53:37,562 [grpc-default-executor-5] INFO  impl.RoleInfo (RoleInfo.java:shutdownFollowerState(121)) - 9b10aba0-cc5c-407b-9285-7072d29b9deb: shutdown FollowerState
2019-11-14 22:53:37,562 [grpc-default-executor-5] INFO  impl.StateMachineUpdater (StateMachineUpdater.java:stopAndJoin(136)) - 9b10aba0-cc5c-407b-9285-7072d29b9deb@group-FB138B0A8187-StateMachineUpdater: set stopIndex = 0
2019-11-14 22:53:37,562 [Thread-4350] INFO  impl.FollowerState (FollowerState.java:run(120)) - 9b10aba0-cc5c-407b-9285-7072d29b9deb@group-FB138B0A8187-FollowerState was interrupted: java.lang.InterruptedException: sleep interrupted
2019-11-14 22:53:37,562 [grpc-default-executor-5] INFO  impl.RaftServerImpl (ServerState.java:close(387)) - 9b10aba0-cc5c-407b-9285-7072d29b9deb@group-FB138B0A8187: closes. applyIndex: 0
2019-11-14 22:53:37,563 [9b10aba0-cc5c-407b-9285-7072d29b9deb@group-FB138B0A8187-SegmentedRaftLogWorker] INFO  segmented.SegmentedRaftLogWorker (SegmentedRaftLogWorker.java:run(316)) - 9b10aba0-cc5c-407b-9285-7072d29b9deb@group-FB138B0A8187-SegmentedRaftLogWorker was interrupted, exiting. There are 0 tasks remaining in the queue.
2019-11-14 22:53:37,564 [grpc-default-executor-5] INFO  segmented.SegmentedRaftLogWorker (SegmentedRaftLogWorker.java:close(224)) - 9b10aba0-cc5c-407b-9285-7072d29b9deb@group-FB138B0A8187-SegmentedRaftLogWorker close()
2019-11-14 22:53:37,573 [grpc-default-executor-5] INFO  impl.RaftServerProxy (RaftServerProxy.java:remove(95)) - 38d24973-4522-4e24-8845-d0d59163b20a: remove    LEADER 38d24973-4522-4e24-8845-d0d59163b20a@group-FB138B0A8187:t1, leader=38d24973-4522-4e24-8845-d0d59163b20a, voted=38d24973-4522-4e24-8845-d0d59163b20a, raftlog=38d24973-4522-4e24-8845-d0d59163b20a@group-FB138B0A8187-SegmentedRaftLog:OPENED:c0,f0,i0, conf=0: [fe27ed9b-283a-4979-94f3-8c29e1f5fa70:192.168.164.210:38253, 9b10aba0-cc5c-407b-9285-7072d29b9deb:192.168.164.210:44092, 38d24973-4522-4e24-8845-d0d59163b20a:192.168.164.210:38331], old=null RUNNING
2019-11-14 22:53:37,573 [grpc-default-executor-5] INFO  impl.RaftServerImpl (RaftServerImpl.java:lambda$shutdown$3(250)) - 38d24973-4522-4e24-8845-d0d59163b20a@group-FB138B0A8187: shutdown
2019-11-14 22:53:37,573 [grpc-default-executor-5] INFO  util.JmxRegister (JmxRegister.java:unregister(73)) - Successfully un-registered JMX Bean with object name Ratis:service=RaftServer,group=group-FB138B0A8187,id=38d24973-4522-4e24-8845-d0d59163b20a
2019-11-14 22:53:37,573 [grpc-default-executor-5] INFO  impl.RoleInfo (RoleInfo.java:shutdownLeaderState(104)) - 38d24973-4522-4e24-8845-d0d59163b20a: shutdown LeaderState
2019-11-14 22:53:37,577 [grpc-default-executor-5] INFO  impl.PendingRequests (PendingRequests.java:sendNotLeaderResponses(206)) - 38d24973-4522-4e24-8845-d0d59163b20a@group-FB138B0A8187-PendingRequests: sendNotLeaderResponses
2019-11-14 22:53:37,577 [org.apache.ratis.server.impl.LogAppender$AppenderDaemon$$Lambda$475/1389080355@6f8b2a18] WARN  server.GrpcLogAppender (GrpcLogAppender.java:mayWait(151)) - 38d24973-4522-4e24-8845-d0d59163b20a@group-FB138B0A8187->fe27ed9b-283a-4979-94f3-8c29e1f5fa70-GrpcLogAppender: Wait interrupted by java.lang.InterruptedException
2019-11-14 22:53:37,577 [org.apache.ratis.server.impl.LogAppender$AppenderDaemon$$Lambda$475/1389080355@2a89a98d] WARN  server.GrpcLogAppender (GrpcLogAppender.java:mayWait(151)) - 38d24973-4522-4e24-8845-d0d59163b20a@group-FB138B0A8187->9b10aba0-cc5c-407b-9285-7072d29b9deb-GrpcLogAppender: Wait interrupted by java.lang.InterruptedException
2019-11-14 22:53:37,577 [grpc-default-executor-5] INFO  impl.StateMachineUpdater (StateMachineUpdater.java:stopAndJoin(136)) - 38d24973-4522-4e24-8845-d0d59163b20a@group-FB138B0A8187-StateMachineUpdater: set stopIndex = 0
2019-11-14 22:53:37,577 [grpc-default-executor-5] INFO  impl.RaftServerImpl (ServerState.java:close(387)) - 38d24973-4522-4e24-8845-d0d59163b20a@group-FB138B0A8187: closes. applyIndex: 0
2019-11-14 22:53:37,577 [grpc-default-executor-4] INFO  server.GrpcServerProtocolService (GrpcServerProtocolService.java:onCompleted(113)) - fe27ed9b-283a-4979-94f3-8c29e1f5fa70: Completed APPEND_ENTRIES, lastRequest: 38d24973-4522-4e24-8845-d0d59163b20a->fe27ed9b-283a-4979-94f3-8c29e1f5fa70#3-t1, previous=(t:1, i:0), leaderCommit=0, initializing? false, entries: <empty>
2019-11-14 22:53:37,577 [grpc-default-executor-6] INFO  server.GrpcServerProtocolService (GrpcServerProtocolService.java:onCompleted(113)) - 9b10aba0-cc5c-407b-9285-7072d29b9deb: Completed APPEND_ENTRIES, lastRequest: 38d24973-4522-4e24-8845-d0d59163b20a->9b10aba0-cc5c-407b-9285-7072d29b9deb#3-t1, previous=(t:1, i:0), leaderCommit=0, initializing? false, entries: <empty>
2019-11-14 22:53:37,577 [38d24973-4522-4e24-8845-d0d59163b20a@group-FB138B0A8187-SegmentedRaftLogWorker] INFO  segmented.SegmentedRaftLogWorker (SegmentedRaftLogWorker.java:run(316)) - 38d24973-4522-4e24-8845-d0d59163b20a@group-FB138B0A8187-SegmentedRaftLogWorker was interrupted, exiting. There are 0 tasks remaining in the queue.
2019-11-14 22:53:37,577 [grpc-default-executor-4] INFO  server.GrpcLogAppender (GrpcLogAppender.java:onCompleted(308)) - 38d24973-4522-4e24-8845-d0d59163b20a@group-FB138B0A8187->fe27ed9b-283a-4979-94f3-8c29e1f5fa70-AppendLogResponseHandler: follower responses appendEntries COMPLETED
2019-11-14 22:53:37,579 [grpc-default-executor-5] INFO  segmented.SegmentedRaftLogWorker (SegmentedRaftLogWorker.java:close(224)) - 38d24973-4522-4e24-8845-d0d59163b20a@group-FB138B0A8187-SegmentedRaftLogWorker close()
2019-11-14 22:53:37,578 [grpc-default-executor-6] INFO  server.GrpcLogAppender (GrpcLogAppender.java:onCompleted(308)) - 38d24973-4522-4e24-8845-d0d59163b20a@group-FB138B0A8187->9b10aba0-cc5c-407b-9285-7072d29b9deb-AppendLogResponseHandler: follower responses appendEntries COMPLETED
2019-11-14 22:53:37,582 [grpc-default-executor-4] INFO  impl.FollowerInfo (FollowerInfo.java:lambda$new$0(51)) - 38d24973-4522-4e24-8845-d0d59163b20a@group-FB138B0A8187->fe27ed9b-283a-4979-94f3-8c29e1f5fa70: nextIndex: updateUnconditionally 1 -> 0
2019-11-14 22:53:37,583 [grpc-default-executor-6] INFO  impl.FollowerInfo (FollowerInfo.java:lambda$new$0(51)) - 38d24973-4522-4e24-8845-d0d59163b20a@group-FB138B0A8187->9b10aba0-cc5c-407b-9285-7072d29b9deb: nextIndex: updateUnconditionally 1 -> 0
2019-11-14 22:53:37,600 [Thread-4245] INFO  pipeline.PipelineStateManager (PipelineStateManager.java:removePipeline(106)) - Pipeline Pipeline[ Id: bea2774a-2976-4ea3-a9ae-fb138b0a8187, Nodes: fe27ed9b-283a-4979-94f3-8c29e1f5fa70{ip: 192.168.164.210, host: pr-hdds-2448-del-container-qmj8s-3203767274, networkLocation: /rack1, certSerialId: null}9b10aba0-cc5c-407b-9285-7072d29b9deb{ip: 192.168.164.210, host: pr-hdds-2448-del-container-qmj8s-3203767274, networkLocation: /rack1, certSerialId: null}38d24973-4522-4e24-8845-d0d59163b20a{ip: 192.168.164.210, host: pr-hdds-2448-del-container-qmj8s-3203767274, networkLocation: /rack1, certSerialId: null}, Type:RATIS, Factor:THREE, State:CLOSED] removed from db
2019-11-14 22:53:37,600 [Thread-4245] INFO  pipeline.SCMPipelineManager (SCMPipelineManager.java:finalizeAndDestroyPipeline(315)) - destroying pipeline:Pipeline[ Id: 06fa83d9-db5a-4f36-993e-ad7b28db1b00, Nodes: 377585f1-7b09-4361-841d-f3e5d0778973{ip: 192.168.164.210, host: pr-hdds-2448-del-container-qmj8s-3203767274, networkLocation: /rack1, certSerialId: null}, Type:RATIS, Factor:ONE, State:OPEN]
2019-11-14 22:53:37,608 [grpc-default-executor-5] INFO  impl.RaftServerProxy (RaftServerProxy.java:addNew(89)) - fe27ed9b-283a-4979-94f3-8c29e1f5fa70: addNew group-0FFB5E9BE82E:[fe27ed9b-283a-4979-94f3-8c29e1f5fa70:192.168.164.210:38253, 9b10aba0-cc5c-407b-9285-7072d29b9deb:192.168.164.210:44092, 38d24973-4522-4e24-8845-d0d59163b20a:192.168.164.210:38331] returns group-0FFB5E9BE82E:java.util.concurrent.CompletableFuture@1cd4a510[Not completed]
2019-11-14 22:53:37,608 [grpc-default-executor-6] INFO  impl.RaftServerProxy (RaftServerProxy.java:addNew(89)) - 9b10aba0-cc5c-407b-9285-7072d29b9deb: addNew group-0FFB5E9BE82E:[fe27ed9b-283a-4979-94f3-8c29e1f5fa70:192.168.164.210:38253, 9b10aba0-cc5c-407b-9285-7072d29b9deb:192.168.164.210:44092, 38d24973-4522-4e24-8845-d0d59163b20a:192.168.164.210:38331] returns group-0FFB5E9BE82E:java.util.concurrent.CompletableFuture@5fcd879d[Not completed]
2019-11-14 22:53:37,609 [grpc-default-executor-6] INFO  impl.RaftServerProxy (RaftServerProxy.java:addNew(89)) - 38d24973-4522-4e24-8845-d0d59163b20a: addNew group-0FFB5E9BE82E:[fe27ed9b-283a-4979-94f3-8c29e1f5fa70:192.168.164.210:38253, 9b10aba0-cc5c-407b-9285-7072d29b9deb:192.168.164.210:44092, 38d24973-4522-4e24-8845-d0d59163b20a:192.168.164.210:38331] returns group-0FFB5E9BE82E:java.util.concurrent.CompletableFuture@1afccd40[Not completed]
2019-11-14 22:53:37,610 [pool-615-thread-1] INFO  impl.RaftServerImpl (RaftServerImpl.java:<init>(98)) - fe27ed9b-283a-4979-94f3-8c29e1f5fa70: new RaftServerImpl for group-0FFB5E9BE82E:[fe27ed9b-283a-4979-94f3-8c29e1f5fa70:192.168.164.210:38253, 9b10aba0-cc5c-407b-9285-7072d29b9deb:192.168.164.210:44092, 38d24973-4522-4e24-8845-d0d59163b20a:192.168.164.210:38331] with ContainerStateMachine:uninitialized
2019-11-14 22:53:37,610 [pool-615-thread-1] INFO  server.RaftServerConfigKeys (ConfUtils.java:logGet(43)) - raft.server.rpc.timeout.min = 1s (custom)
2019-11-14 22:53:37,610 [pool-615-thread-1] INFO  server.RaftServerConfigKeys (ConfUtils.java:logGet(43)) - raft.server.rpc.timeout.max = 1200ms (custom)
2019-11-14 22:53:37,610 [pool-615-thread-1] INFO  server.RaftServerConfigKeys (ConfUtils.java:logGet(43)) - raft.server.rpcslowness.timeout = 120s (custom)
2019-11-14 22:53:37,610 [pool-615-thread-1] INFO  server.RaftServerConfigKeys (ConfUtils.java:logGet(43)) - raft.server.sleep.deviation.threshold = 300 (default)
2019-11-14 22:53:37,611 [pool-615-thread-1] INFO  server.RaftServerConfigKeys (ConfUtils.java:logGet(43)) - raft.server.log.appender.install.snapshot.enabled = false (custom)
2019-11-14 22:53:37,611 [pool-626-thread-1] INFO  impl.RaftServerImpl (RaftServerImpl.java:<init>(98)) - 38d24973-4522-4e24-8845-d0d59163b20a: new RaftServerImpl for group-0FFB5E9BE82E:[fe27ed9b-283a-4979-94f3-8c29e1f5fa70:192.168.164.210:38253, 9b10aba0-cc5c-407b-9285-7072d29b9deb:192.168.164.210:44092, 38d24973-4522-4e24-8845-d0d59163b20a:192.168.164.210:38331] with ContainerStateMachine:uninitialized
2019-11-14 22:53:37,611 [pool-615-thread-1] INFO  impl.RaftServerImpl (ServerState.java:<init>(103)) - fe27ed9b-283a-4979-94f3-8c29e1f5fa70@group-0FFB5E9BE82E: ConfigurationManager, init=-1: [fe27ed9b-283a-4979-94f3-8c29e1f5fa70:192.168.164.210:38253, 9b10aba0-cc5c-407b-9285-7072d29b9deb:192.168.164.210:44092, 38d24973-4522-4e24-8845-d0d59163b20a:192.168.164.210:38331], old=null, confs=<EMPTY_MAP>
2019-11-14 22:53:37,611 [pool-626-thread-1] INFO  server.RaftServerConfigKeys (ConfUtils.java:logGet(43)) - raft.server.rpc.timeout.min = 1s (custom)
2019-11-14 22:53:37,611 [pool-615-thread-1] INFO  server.RaftServerConfigKeys (ConfUtils.java:logGet(43)) - raft.server.storage.dir = [/workdir/hadoop-ozone/integration-test/target/test-dir/MiniOzoneClusterImpl-c304fa79-6e7f-43ac-8564-360665bd8c65/datanode-6/data/ratis] (custom)
2019-11-14 22:53:37,611 [pool-626-thread-1] INFO  server.RaftServerConfigKeys (ConfUtils.java:logGet(43)) - raft.server.rpc.timeout.max = 1200ms (custom)
2019-11-14 22:53:37,611 [pool-626-thread-1] INFO  server.RaftServerConfigKeys (ConfUtils.java:logGet(43)) - raft.server.rpcslowness.timeout = 120s (custom)
2019-11-14 22:53:37,612 [pool-626-thread-1] INFO  server.RaftServerConfigKeys (ConfUtils.java:logGet(43)) - raft.server.sleep.deviation.threshold = 300 (default)
2019-11-14 22:53:37,612 [pool-615-thread-1] INFO  server.RaftServerConfigKeys (ConfUtils.java:logGet(43)) - raft.server.log.corruption.policy = EXCEPTION (default)
2019-11-14 22:53:37,612 [pool-626-thread-1] INFO  server.RaftServerConfigKeys (ConfUtils.java:logGet(43)) - raft.server.log.appender.install.snapshot.enabled = false (custom)
2019-11-14 22:53:37,612 [pool-626-thread-1] INFO  impl.RaftServerImpl (ServerState.java:<init>(103)) - 38d24973-4522-4e24-8845-d0d59163b20a@group-0FFB5E9BE82E: ConfigurationManager, init=-1: [fe27ed9b-283a-4979-94f3-8c29e1f5fa70:192.168.164.210:38253, 9b10aba0-cc5c-407b-9285-7072d29b9deb:192.168.164.210:44092, 38d24973-4522-4e24-8845-d0d59163b20a:192.168.164.210:38331], old=null, confs=<EMPTY_MAP>
2019-11-14 22:53:37,612 [pool-615-thread-1] INFO  storage.RaftStorageDirectory (RaftStorageDirectory.java:analyzeStorage(246)) - The storage directory /workdir/hadoop-ozone/integration-test/target/test-dir/MiniOzoneClusterImpl-c304fa79-6e7f-43ac-8564-360665bd8c65/datanode-6/data/ratis/fdce159a-e5fb-4e16-a5bd-0ffb5e9be82e does not exist. Creating ...
2019-11-14 22:53:37,612 [pool-637-thread-1] INFO  impl.RaftServerImpl (RaftServerImpl.java:<init>(98)) - 9b10aba0-cc5c-407b-9285-7072d29b9deb: new RaftServerImpl for group-0FFB5E9BE82E:[fe27ed9b-283a-4979-94f3-8c29e1f5fa70:192.168.164.210:38253, 9b10aba0-cc5c-407b-9285-7072d29b9deb:192.168.164.210:44092, 38d24973-4522-4e24-8845-d0d59163b20a:192.168.164.210:38331] with ContainerStateMachine:uninitialized
2019-11-14 22:53:37,612 [pool-626-thread-1] INFO  server.RaftServerConfigKeys (ConfUtils.java:logGet(43)) - raft.server.storage.dir = [/workdir/hadoop-ozone/integration-test/target/test-dir/MiniOzoneClusterImpl-c304fa79-6e7f-43ac-8564-360665bd8c65/datanode-7/data/ratis] (custom)
2019-11-14 22:53:37,613 [pool-637-thread-1] INFO  server.RaftServerConfigKeys (ConfUtils.java:logGet(43)) - raft.server.rpc.timeout.min = 1s (custom)
2019-11-14 22:53:37,613 [pool-626-thread-1] INFO  server.RaftServerConfigKeys (ConfUtils.java:logGet(43)) - raft.server.log.corruption.policy = EXCEPTION (default)
2019-11-14 22:53:37,613 [pool-637-thread-1] INFO  server.RaftServerConfigKeys (ConfUtils.java:logGet(43)) - raft.server.rpc.timeout.max = 1200ms (custom)
2019-11-14 22:53:37,613 [pool-626-thread-1] INFO  storage.RaftStorageDirectory (RaftStorageDirectory.java:analyzeStorage(246)) - The storage directory /workdir/hadoop-ozone/integration-test/target/test-dir/MiniOzoneClusterImpl-c304fa79-6e7f-43ac-8564-360665bd8c65/datanode-7/data/ratis/fdce159a-e5fb-4e16-a5bd-0ffb5e9be82e does not exist. Creating ...
2019-11-14 22:53:37,613 [pool-637-thread-1] INFO  server.RaftServerConfigKeys (ConfUtils.java:logGet(43)) - raft.server.rpcslowness.timeout = 120s (custom)
2019-11-14 22:53:37,613 [pool-637-thread-1] INFO  server.RaftServerConfigKeys (ConfUtils.java:logGet(43)) - raft.server.sleep.deviation.threshold = 300 (default)
2019-11-14 22:53:37,614 [pool-637-thread-1] INFO  server.RaftServerConfigKeys (ConfUtils.java:logGet(43)) - raft.server.log.appender.install.snapshot.enabled = false (custom)
2019-11-14 22:53:37,614 [pool-637-thread-1] INFO  impl.RaftServerImpl (ServerState.java:<init>(103)) - 9b10aba0-cc5c-407b-9285-7072d29b9deb@group-0FFB5E9BE82E: ConfigurationManager, init=-1: [fe27ed9b-283a-4979-94f3-8c29e1f5fa70:192.168.164.210:38253, 9b10aba0-cc5c-407b-9285-7072d29b9deb:192.168.164.210:44092, 38d24973-4522-4e24-8845-d0d59163b20a:192.168.164.210:38331], old=null, confs=<EMPTY_MAP>
2019-11-14 22:53:37,614 [pool-637-thread-1] INFO  server.RaftServerConfigKeys (ConfUtils.java:logGet(43)) - raft.server.storage.dir = [/workdir/hadoop-ozone/integration-test/target/test-dir/MiniOzoneClusterImpl-c304fa79-6e7f-43ac-8564-360665bd8c65/datanode-8/data/ratis] (custom)
2019-11-14 22:53:37,615 [pool-637-thread-1] INFO  server.RaftServerConfigKeys (ConfUtils.java:logGet(43)) - raft.server.log.corruption.policy = EXCEPTION (default)
2019-11-14 22:53:37,615 [pool-637-thread-1] INFO  storage.RaftStorageDirectory (RaftStorageDirectory.java:analyzeStorage(246)) - The storage directory /workdir/hadoop-ozone/integration-test/target/test-dir/MiniOzoneClusterImpl-c304fa79-6e7f-43ac-8564-360665bd8c65/datanode-8/data/ratis/fdce159a-e5fb-4e16-a5bd-0ffb5e9be82e does not exist. Creating ...
2019-11-14 22:53:37,616 [pool-626-thread-1] INFO  storage.RaftStorageDirectory (RaftStorageDirectory.java:tryLock(328)) - Lock on /workdir/hadoop-ozone/integration-test/target/test-dir/MiniOzoneClusterImpl-c304fa79-6e7f-43ac-8564-360665bd8c65/datanode-7/data/ratis/fdce159a-e5fb-4e16-a5bd-0ffb5e9be82e/in_use.lock acquired by nodename 20539@pr-hdds-2448-del-container-qmj8s-3203767274
2019-11-14 22:53:37,616 [pool-615-thread-1] INFO  storage.RaftStorageDirectory (RaftStorageDirectory.java:tryLock(328)) - Lock on /workdir/hadoop-ozone/integration-test/target/test-dir/MiniOzoneClusterImpl-c304fa79-6e7f-43ac-8564-360665bd8c65/datanode-6/data/ratis/fdce159a-e5fb-4e16-a5bd-0ffb5e9be82e/in_use.lock acquired by nodename 20539@pr-hdds-2448-del-container-qmj8s-3203767274
2019-11-14 22:53:37,619 [pool-637-thread-1] INFO  storage.RaftStorageDirectory (RaftStorageDirectory.java:tryLock(328)) - Lock on /workdir/hadoop-ozone/integration-test/target/test-dir/MiniOzoneClusterImpl-c304fa79-6e7f-43ac-8564-360665bd8c65/datanode-8/data/ratis/fdce159a-e5fb-4e16-a5bd-0ffb5e9be82e/in_use.lock acquired by nodename 20539@pr-hdds-2448-del-container-qmj8s-3203767274
2019-11-14 22:53:37,623 [pool-626-thread-1] INFO  storage.RaftStorage (RaftStorage.java:format(84)) - Storage directory /workdir/hadoop-ozone/integration-test/target/test-dir/MiniOzoneClusterImpl-c304fa79-6e7f-43ac-8564-360665bd8c65/datanode-7/data/ratis/fdce159a-e5fb-4e16-a5bd-0ffb5e9be82e has been successfully formatted.
2019-11-14 22:53:37,623 [pool-615-thread-1] INFO  storage.RaftStorage (RaftStorage.java:format(84)) - Storage directory /workdir/hadoop-ozone/integration-test/target/test-dir/MiniOzoneClusterImpl-c304fa79-6e7f-43ac-8564-360665bd8c65/datanode-6/data/ratis/fdce159a-e5fb-4e16-a5bd-0ffb5e9be82e has been successfully formatted.
2019-11-14 22:53:37,624 [pool-626-thread-1] INFO  ratis.ContainerStateMachine (ContainerStateMachine.java:loadSnapshot(223)) - group-0FFB5E9BE82E: The snapshot info is null. Setting the last applied indexto:(t:0, i:~)
2019-11-14 22:53:37,624 [pool-615-thread-1] INFO  ratis.ContainerStateMachine (ContainerStateMachine.java:loadSnapshot(223)) - group-0FFB5E9BE82E: The snapshot info is null. Setting the last applied indexto:(t:0, i:~)
2019-11-14 22:53:37,624 [pool-626-thread-1] INFO  server.RaftServerConfigKeys (ConfUtils.java:logGet(43)) - raft.server.notification.no-leader.timeout = 120s (custom)
2019-11-14 22:53:37,624 [pool-626-thread-1] INFO  server.RaftServerConfigKeys (ConfUtils.java:logGet(43)) - raft.server.log.use.memory = false (default)
2019-11-14 22:53:37,624 [pool-615-thread-1] INFO  server.RaftServerConfigKeys (ConfUtils.java:logGet(43)) - raft.server.notification.no-leader.timeout = 120s (custom)
2019-11-14 22:53:37,624 [pool-626-thread-1] INFO  server.RaftServerConfigKeys (ConfUtils.java:logGet(43)) - raft.server.log.purge.gap = 1000000 (custom)
2019-11-14 22:53:37,624 [pool-615-thread-1] INFO  server.RaftServerConfigKeys (ConfUtils.java:logGet(43)) - raft.server.log.use.memory = false (default)
2019-11-14 22:53:37,624 [pool-626-thread-1] INFO  server.RaftServerConfigKeys (ConfUtils.java:logGet(43)) - raft.server.log.appender.buffer.byte-limit = 33554432 (custom)
2019-11-14 22:53:37,624 [pool-615-thread-1] INFO  server.RaftServerConfigKeys (ConfUtils.java:logGet(43)) - raft.server.log.purge.gap = 1000000 (custom)
2019-11-14 22:53:37,624 [pool-626-thread-1] INFO  server.RaftServerConfigKeys (ConfUtils.java:logGet(43)) - raft.server.log.segment.size.max = 1048576 (custom)
2019-11-14 22:53:37,625 [pool-615-thread-1] INFO  server.RaftServerConfigKeys (ConfUtils.java:logGet(43)) - raft.server.log.appender.buffer.byte-limit = 33554432 (custom)
2019-11-14 22:53:37,625 [pool-626-thread-1] INFO  server.RaftServerConfigKeys (ConfUtils.java:logGet(43)) - raft.server.log.segment.cache.num.max = 2 (custom)
2019-11-14 22:53:37,625 [pool-615-thread-1] INFO  server.RaftServerConfigKeys (ConfUtils.java:logGet(43)) - raft.server.log.segment.size.max = 1048576 (custom)
2019-11-14 22:53:37,625 [pool-626-thread-1] INFO  segmented.SegmentedRaftLogWorker (SegmentedRaftLogWorker.java:<init>(173)) - new 38d24973-4522-4e24-8845-d0d59163b20a@group-0FFB5E9BE82E-SegmentedRaftLogWorker for RaftStorage:Storage Directory /workdir/hadoop-ozone/integration-test/target/test-dir/MiniOzoneClusterImpl-c304fa79-6e7f-43ac-8564-360665bd8c65/datanode-7/data/ratis/fdce159a-e5fb-4e16-a5bd-0ffb5e9be82e
2019-11-14 22:53:37,625 [pool-615-thread-1] INFO  server.RaftServerConfigKeys (ConfUtils.java:logGet(43)) - raft.server.log.segment.cache.num.max = 2 (custom)
2019-11-14 22:53:37,625 [pool-626-thread-1] INFO  server.RaftServerConfigKeys (ConfUtils.java:logGet(43)) - raft.server.log.queue.byte-limit = 2147483647 (custom)
2019-11-14 22:53:37,625 [pool-615-thread-1] INFO  segmented.SegmentedRaftLogWorker (SegmentedRaftLogWorker.java:<init>(173)) - new fe27ed9b-283a-4979-94f3-8c29e1f5fa70@group-0FFB5E9BE82E-SegmentedRaftLogWorker for RaftStorage:Storage Directory /workdir/hadoop-ozone/integration-test/target/test-dir/MiniOzoneClusterImpl-c304fa79-6e7f-43ac-8564-360665bd8c65/datanode-6/data/ratis/fdce159a-e5fb-4e16-a5bd-0ffb5e9be82e
2019-11-14 22:53:37,625 [pool-626-thread-1] INFO  server.RaftServerConfigKeys (ConfUtils.java:logGet(43)) - raft.server.log.queue.element-limit = 1024 (custom)
2019-11-14 22:53:37,625 [pool-615-thread-1] INFO  server.RaftServerConfigKeys (ConfUtils.java:logGet(43)) - raft.server.log.queue.byte-limit = 2147483647 (custom)
2019-11-14 22:53:37,626 [pool-626-thread-1] INFO  server.RaftServerConfigKeys (ConfUtils.java:logGet(43)) - raft.server.log.segment.size.max = 1048576 (custom)
2019-11-14 22:53:37,626 [pool-615-thread-1] INFO  server.RaftServerConfigKeys (ConfUtils.java:logGet(43)) - raft.server.log.queue.element-limit = 1024 (custom)
2019-11-14 22:53:37,626 [pool-626-thread-1] INFO  server.RaftServerConfigKeys (ConfUtils.java:logGet(43)) - raft.server.log.preallocated.size = 16384 (custom)
2019-11-14 22:53:37,626 [pool-615-thread-1] INFO  server.RaftServerConfigKeys (ConfUtils.java:logGet(43)) - raft.server.log.segment.size.max = 1048576 (custom)
2019-11-14 22:53:37,626 [pool-626-thread-1] INFO  server.RaftServerConfigKeys (ConfUtils.java:logGet(43)) - raft.server.log.write.buffer.size = 33554432 (custom)
2019-11-14 22:53:37,626 [pool-615-thread-1] INFO  server.RaftServerConfigKeys (ConfUtils.java:logGet(43)) - raft.server.log.preallocated.size = 16384 (custom)
2019-11-14 22:53:37,626 [pool-626-thread-1] INFO  server.RaftServerConfigKeys (ConfUtils.java:logGet(43)) - raft.server.log.force.sync.num = 128 (default)
2019-11-14 22:53:37,626 [pool-615-thread-1] INFO  server.RaftServerConfigKeys (ConfUtils.java:logGet(43)) - raft.server.log.write.buffer.size = 33554432 (custom)
2019-11-14 22:53:37,626 [pool-626-thread-1] INFO  server.RaftServerConfigKeys (ConfUtils.java:logGet(43)) - raft.server.log.statemachine.data.sync = true (default)
2019-11-14 22:53:37,626 [pool-615-thread-1] INFO  server.RaftServerConfigKeys (ConfUtils.java:logGet(43)) - raft.server.log.force.sync.num = 128 (default)
2019-11-14 22:53:37,627 [pool-626-thread-1] INFO  server.RaftServerConfigKeys (ConfUtils.java:logGet(43)) - raft.server.log.statemachine.data.sync.timeout = 10s (default)
2019-11-14 22:53:37,627 [pool-615-thread-1] INFO  server.RaftServerConfigKeys (ConfUtils.java:logGet(43)) - raft.server.log.statemachine.data.sync = true (default)
2019-11-14 22:53:37,627 [pool-626-thread-1] INFO  server.RaftServerConfigKeys (ConfUtils.java:logGet(43)) - raft.server.log.statemachine.data.sync.timeout.retry = -1 (default)
2019-11-14 22:53:37,627 [pool-615-thread-1] INFO  server.RaftServerConfigKeys (ConfUtils.java:logGet(43)) - raft.server.log.statemachine.data.sync.timeout = 10s (default)
2019-11-14 22:53:37,627 [pool-626-thread-1] INFO  server.RaftServerConfigKeys (ConfUtils.java:logGet(43)) - raft.server.log.statemachine.data.caching.enabled = true (custom)
2019-11-14 22:53:37,627 [pool-615-thread-1] INFO  server.RaftServerConfigKeys (ConfUtils.java:logGet(43)) - raft.server.log.statemachine.data.sync.timeout.retry = -1 (default)
2019-11-14 22:53:37,627 [pool-615-thread-1] INFO  server.RaftServerConfigKeys (ConfUtils.java:logGet(43)) - raft.server.log.statemachine.data.caching.enabled = true (custom)
2019-11-14 22:53:37,627 [pool-626-thread-1] INFO  segmented.SegmentedRaftLogWorker (SegmentedRaftLogWorker.java:lambda$new$0(128)) - 38d24973-4522-4e24-8845-d0d59163b20a@group-0FFB5E9BE82E-SegmentedRaftLogWorker: flushIndex: setUnconditionally 0 -> -1
2019-11-14 22:53:37,627 [pool-615-thread-1] INFO  segmented.SegmentedRaftLogWorker (SegmentedRaftLogWorker.java:lambda$new$0(128)) - fe27ed9b-283a-4979-94f3-8c29e1f5fa70@group-0FFB5E9BE82E-SegmentedRaftLogWorker: flushIndex: setUnconditionally 0 -> -1
2019-11-14 22:53:37,628 [pool-626-thread-1] INFO  server.RaftServerConfigKeys (ConfUtils.java:logGet(43)) - raft.server.snapshot.auto.trigger.enabled = true (custom)
2019-11-14 22:53:37,628 [pool-615-thread-1] INFO  server.RaftServerConfigKeys (ConfUtils.java:logGet(43)) - raft.server.snapshot.auto.trigger.enabled = true (custom)
2019-11-14 22:53:37,628 [pool-626-thread-1] INFO  server.RaftServerConfigKeys (ConfUtils.java:logGet(43)) - raft.server.snapshot.auto.trigger.threshold = 10000 (custom)
2019-11-14 22:53:37,628 [pool-615-thread-1] INFO  server.RaftServerConfigKeys (ConfUtils.java:logGet(43)) - raft.server.snapshot.auto.trigger.threshold = 10000 (custom)
2019-11-14 22:53:37,628 [pool-626-thread-1] INFO  server.RaftServerConfigKeys (ConfUtils.java:logGet(43)) - raft.server.snapshot.retention.file.num = 5 (custom)
2019-11-14 22:53:37,628 [pool-615-thread-1] INFO  server.RaftServerConfigKeys (ConfUtils.java:logGet(43)) - raft.server.snapshot.retention.file.num = 5 (custom)
2019-11-14 22:53:37,628 [pool-626-thread-1] INFO  server.RaftServerConfigKeys (ConfUtils.java:logGet(43)) - raft.server.retrycache.expirytime = 600000ms (custom)
2019-11-14 22:53:37,628 [pool-615-thread-1] INFO  server.RaftServerConfigKeys (ConfUtils.java:logGet(43)) - raft.server.retrycache.expirytime = 600000ms (custom)
2019-11-14 22:53:37,628 [pool-626-thread-1] WARN  impl.MetricRegistriesImpl (MetricRegistriesImpl.java:lambda$create$1(61)) - First MetricRegistry has been created without registering reporters. You may need to call MetricRegistries.global().addReportRegistration(...) before.
2019-11-14 22:53:37,628 [pool-615-thread-1] WARN  impl.MetricRegistriesImpl (MetricRegistriesImpl.java:lambda$create$1(61)) - First MetricRegistry has been created without registering reporters. You may need to call MetricRegistries.global().addReportRegistration(...) before.
2019-11-14 22:53:37,628 [pool-626-thread-1] WARN  impl.MetricRegistriesImpl (MetricRegistriesImpl.java:lambda$create$1(61)) - First MetricRegistry has been created without registering reporters. You may need to call MetricRegistries.global().addReportRegistration(...) before.
2019-11-14 22:53:37,628 [pool-615-thread-1] WARN  impl.MetricRegistriesImpl (MetricRegistriesImpl.java:lambda$create$1(61)) - First MetricRegistry has been created without registering reporters. You may need to call MetricRegistries.global().addReportRegistration(...) before.
2019-11-14 22:53:37,629 [pool-626-thread-1] INFO  impl.RaftServerImpl (RaftServerImpl.java:start(184)) - 38d24973-4522-4e24-8845-d0d59163b20a@group-0FFB5E9BE82E: start as a follower, conf=-1: [fe27ed9b-283a-4979-94f3-8c29e1f5fa70:192.168.164.210:38253, 9b10aba0-cc5c-407b-9285-7072d29b9deb:192.168.164.210:44092, 38d24973-4522-4e24-8845-d0d59163b20a:192.168.164.210:38331], old=null
2019-11-14 22:53:37,629 [pool-615-thread-1] INFO  impl.RaftServerImpl (RaftServerImpl.java:start(184)) - fe27ed9b-283a-4979-94f3-8c29e1f5fa70@group-0FFB5E9BE82E: start as a follower, conf=-1: [fe27ed9b-283a-4979-94f3-8c29e1f5fa70:192.168.164.210:38253, 9b10aba0-cc5c-407b-9285-7072d29b9deb:192.168.164.210:44092, 38d24973-4522-4e24-8845-d0d59163b20a:192.168.164.210:38331], old=null
2019-11-14 22:53:37,629 [pool-626-thread-1] INFO  impl.RaftServerImpl (RaftServerImpl.java:setRole(173)) - 38d24973-4522-4e24-8845-d0d59163b20a@group-0FFB5E9BE82E: changes role from      null to FOLLOWER at term 0 for startAsFollower
2019-11-14 22:53:37,629 [pool-615-thread-1] INFO  impl.RaftServerImpl (RaftServerImpl.java:setRole(173)) - fe27ed9b-283a-4979-94f3-8c29e1f5fa70@group-0FFB5E9BE82E: changes role from      null to FOLLOWER at term 0 for startAsFollower
2019-11-14 22:53:37,629 [pool-626-thread-1] INFO  impl.RoleInfo (RoleInfo.java:updateAndGet(143)) - 38d24973-4522-4e24-8845-d0d59163b20a: start FollowerState
2019-11-14 22:53:37,629 [pool-615-thread-1] INFO  impl.RoleInfo (RoleInfo.java:updateAndGet(143)) - fe27ed9b-283a-4979-94f3-8c29e1f5fa70: start FollowerState
2019-11-14 22:53:37,629 [pool-615-thread-1] INFO  util.JmxRegister (JmxRegister.java:tryRegister(44)) - Successfully registered JMX Bean with object name Ratis:service=RaftServer,group=group-0FFB5E9BE82E,id=fe27ed9b-283a-4979-94f3-8c29e1f5fa70
2019-11-14 22:53:37,629 [pool-626-thread-1] INFO  util.JmxRegister (JmxRegister.java:tryRegister(44)) - Successfully registered JMX Bean with object name Ratis:service=RaftServer,group=group-0FFB5E9BE82E,id=38d24973-4522-4e24-8845-d0d59163b20a
2019-11-14 22:53:37,629 [pool-615-thread-1] WARN  impl.MetricRegistriesImpl (MetricRegistriesImpl.java:lambda$create$1(61)) - First MetricRegistry has been created without registering reporters. You may need to call MetricRegistries.global().addReportRegistration(...) before.
2019-11-14 22:53:37,630 [pool-626-thread-1] WARN  impl.MetricRegistriesImpl (MetricRegistriesImpl.java:lambda$create$1(61)) - First MetricRegistry has been created without registering reporters. You may need to call MetricRegistries.global().addReportRegistration(...) before.
2019-11-14 22:53:37,637 [pool-637-thread-1] INFO  storage.RaftStorage (RaftStorage.java:format(84)) - Storage directory /workdir/hadoop-ozone/integration-test/target/test-dir/MiniOzoneClusterImpl-c304fa79-6e7f-43ac-8564-360665bd8c65/datanode-8/data/ratis/fdce159a-e5fb-4e16-a5bd-0ffb5e9be82e has been successfully formatted.
2019-11-14 22:53:37,637 [pool-637-thread-1] INFO  ratis.ContainerStateMachine (ContainerStateMachine.java:loadSnapshot(223)) - group-0FFB5E9BE82E: The snapshot info is null. Setting the last applied indexto:(t:0, i:~)
2019-11-14 22:53:37,637 [pool-637-thread-1] INFO  server.RaftServerConfigKeys (ConfUtils.java:logGet(43)) - raft.server.notification.no-leader.timeout = 120s (custom)
2019-11-14 22:53:37,638 [pool-637-thread-1] INFO  server.RaftServerConfigKeys (ConfUtils.java:logGet(43)) - raft.server.log.use.memory = false (default)
2019-11-14 22:53:37,638 [pool-637-thread-1] INFO  server.RaftServerConfigKeys (ConfUtils.java:logGet(43)) - raft.server.log.purge.gap = 1000000 (custom)
2019-11-14 22:53:37,638 [pool-637-thread-1] INFO  server.RaftServerConfigKeys (ConfUtils.java:logGet(43)) - raft.server.log.appender.buffer.byte-limit = 33554432 (custom)
2019-11-14 22:53:37,638 [pool-637-thread-1] INFO  server.RaftServerConfigKeys (ConfUtils.java:logGet(43)) - raft.server.log.segment.size.max = 1048576 (custom)
2019-11-14 22:53:37,638 [pool-637-thread-1] INFO  server.RaftServerConfigKeys (ConfUtils.java:logGet(43)) - raft.server.log.segment.cache.num.max = 2 (custom)
2019-11-14 22:53:37,638 [pool-637-thread-1] INFO  segmented.SegmentedRaftLogWorker (SegmentedRaftLogWorker.java:<init>(173)) - new 9b10aba0-cc5c-407b-9285-7072d29b9deb@group-0FFB5E9BE82E-SegmentedRaftLogWorker for RaftStorage:Storage Directory /workdir/hadoop-ozone/integration-test/target/test-dir/MiniOzoneClusterImpl-c304fa79-6e7f-43ac-8564-360665bd8c65/datanode-8/data/ratis/fdce159a-e5fb-4e16-a5bd-0ffb5e9be82e
2019-11-14 22:53:37,638 [pool-637-thread-1] INFO  server.RaftServerConfigKeys (ConfUtils.java:logGet(43)) - raft.server.log.queue.byte-limit = 2147483647 (custom)
2019-11-14 22:53:37,638 [pool-637-thread-1] INFO  server.RaftServerConfigKeys (ConfUtils.java:logGet(43)) - raft.server.log.queue.element-limit = 1024 (custom)
2019-11-14 22:53:37,638 [pool-637-thread-1] INFO  server.RaftServerConfigKeys (ConfUtils.java:logGet(43)) - raft.server.log.segment.size.max = 1048576 (custom)
2019-11-14 22:53:37,638 [pool-637-thread-1] INFO  server.RaftServerConfigKeys (ConfUtils.java:logGet(43)) - raft.server.log.preallocated.size = 16384 (custom)
2019-11-14 22:53:37,638 [pool-637-thread-1] INFO  server.RaftServerConfigKeys (ConfUtils.java:logGet(43)) - raft.server.log.write.buffer.size = 33554432 (custom)
2019-11-14 22:53:37,639 [pool-637-thread-1] INFO  server.RaftServerConfigKeys (ConfUtils.java:logGet(43)) - raft.server.log.force.sync.num = 128 (default)
2019-11-14 22:53:37,639 [pool-637-thread-1] INFO  server.RaftServerConfigKeys (ConfUtils.java:logGet(43)) - raft.server.log.statemachine.data.sync = true (default)
2019-11-14 22:53:37,639 [pool-637-thread-1] INFO  server.RaftServerConfigKeys (ConfUtils.java:logGet(43)) - raft.server.log.statemachine.data.sync.timeout = 10s (default)
2019-11-14 22:53:37,639 [pool-637-thread-1] INFO  server.RaftServerConfigKeys (ConfUtils.java:logGet(43)) - raft.server.log.statemachine.data.sync.timeout.retry = -1 (default)
2019-11-14 22:53:37,639 [pool-637-thread-1] INFO  server.RaftServerConfigKeys (ConfUtils.java:logGet(43)) - raft.server.log.statemachine.data.caching.enabled = true (custom)
2019-11-14 22:53:37,649 [pool-637-thread-1] INFO  segmented.SegmentedRaftLogWorker (SegmentedRaftLogWorker.java:lambda$new$0(128)) - 9b10aba0-cc5c-407b-9285-7072d29b9deb@group-0FFB5E9BE82E-SegmentedRaftLogWorker: flushIndex: setUnconditionally 0 -> -1
2019-11-14 22:53:37,649 [pool-637-thread-1] INFO  server.RaftServerConfigKeys (ConfUtils.java:logGet(43)) - raft.server.snapshot.auto.trigger.enabled = true (custom)
2019-11-14 22:53:37,649 [pool-637-thread-1] INFO  server.RaftServerConfigKeys (ConfUtils.java:logGet(43)) - raft.server.snapshot.auto.trigger.threshold = 10000 (custom)
2019-11-14 22:53:37,649 [pool-637-thread-1] INFO  server.RaftServerConfigKeys (ConfUtils.java:logGet(43)) - raft.server.snapshot.retention.file.num = 5 (custom)
2019-11-14 22:53:37,649 [pool-637-thread-1] INFO  server.RaftServerConfigKeys (ConfUtils.java:logGet(43)) - raft.server.retrycache.expirytime = 600000ms (custom)
2019-11-14 22:53:37,650 [pool-637-thread-1] WARN  impl.MetricRegistriesImpl (MetricRegistriesImpl.java:lambda$create$1(61)) - First MetricRegistry has been created without registering reporters. You may need to call MetricRegistries.global().addReportRegistration(...) before.
2019-11-14 22:53:37,650 [pool-637-thread-1] WARN  impl.MetricRegistriesImpl (MetricRegistriesImpl.java:lambda$create$1(61)) - First MetricRegistry has been created without registering reporters. You may need to call MetricRegistries.global().addReportRegistration(...) before.
2019-11-14 22:53:37,650 [pool-637-thread-1] INFO  impl.RaftServerImpl (RaftServerImpl.java:start(184)) - 9b10aba0-cc5c-407b-9285-7072d29b9deb@group-0FFB5E9BE82E: start as a follower, conf=-1: [fe27ed9b-283a-4979-94f3-8c29e1f5fa70:192.168.164.210:38253, 9b10aba0-cc5c-407b-9285-7072d29b9deb:192.168.164.210:44092, 38d24973-4522-4e24-8845-d0d59163b20a:192.168.164.210:38331], old=null
2019-11-14 22:53:37,650 [pool-637-thread-1] INFO  impl.RaftServerImpl (RaftServerImpl.java:setRole(173)) - 9b10aba0-cc5c-407b-9285-7072d29b9deb@group-0FFB5E9BE82E: changes role from      null to FOLLOWER at term 0 for startAsFollower
2019-11-14 22:53:37,650 [pool-637-thread-1] INFO  impl.RoleInfo (RoleInfo.java:updateAndGet(143)) - 9b10aba0-cc5c-407b-9285-7072d29b9deb: start FollowerState
2019-11-14 22:53:37,650 [pool-637-thread-1] INFO  util.JmxRegister (JmxRegister.java:tryRegister(44)) - Successfully registered JMX Bean with object name Ratis:service=RaftServer,group=group-0FFB5E9BE82E,id=9b10aba0-cc5c-407b-9285-7072d29b9deb
2019-11-14 22:53:37,651 [pool-637-thread-1] WARN  impl.MetricRegistriesImpl (MetricRegistriesImpl.java:lambda$create$1(61)) - First MetricRegistry has been created without registering reporters. You may need to call MetricRegistries.global().addReportRegistration(...) before.
2019-11-14 22:53:37,652 [RatisPipelineUtilsThread] INFO  pipeline.PipelineStateManager (PipelineStateManager.java:addPipeline(55)) - Created pipeline Pipeline[ Id: fdce159a-e5fb-4e16-a5bd-0ffb5e9be82e, Nodes: fe27ed9b-283a-4979-94f3-8c29e1f5fa70{ip: 192.168.164.210, host: pr-hdds-2448-del-container-qmj8s-3203767274, networkLocation: /rack1, certSerialId: null}9b10aba0-cc5c-407b-9285-7072d29b9deb{ip: 192.168.164.210, host: pr-hdds-2448-del-container-qmj8s-3203767274, networkLocation: /rack1, certSerialId: null}38d24973-4522-4e24-8845-d0d59163b20a{ip: 192.168.164.210, host: pr-hdds-2448-del-container-qmj8s-3203767274, networkLocation: /rack1, certSerialId: null}, Type:RATIS, Factor:THREE, State:ALLOCATED]
2019-11-14 22:53:37,653 [Thread-4245] INFO  pipeline.PipelineStateManager (PipelineStateManager.java:finalizePipeline(121)) - Pipeline Pipeline[ Id: 06fa83d9-db5a-4f36-993e-ad7b28db1b00, Nodes: 377585f1-7b09-4361-841d-f3e5d0778973{ip: 192.168.164.210, host: pr-hdds-2448-del-container-qmj8s-3203767274, networkLocation: /rack1, certSerialId: null}, Type:RATIS, Factor:ONE, State:CLOSED] moved to CLOSED state
2019-11-14 22:53:37,655 [grpc-default-executor-5] INFO  impl.RaftServerProxy (RaftServerProxy.java:remove(95)) - 377585f1-7b09-4361-841d-f3e5d0778973: remove    LEADER 377585f1-7b09-4361-841d-f3e5d0778973@group-AD7B28DB1B00:t1, leader=377585f1-7b09-4361-841d-f3e5d0778973, voted=377585f1-7b09-4361-841d-f3e5d0778973, raftlog=377585f1-7b09-4361-841d-f3e5d0778973@group-AD7B28DB1B00-SegmentedRaftLog:OPENED:c0,f0,i0, conf=0: [377585f1-7b09-4361-841d-f3e5d0778973:192.168.164.210:33333], old=null RUNNING
2019-11-14 22:53:37,655 [grpc-default-executor-5] INFO  impl.RaftServerImpl (RaftServerImpl.java:lambda$shutdown$3(250)) - 377585f1-7b09-4361-841d-f3e5d0778973@group-AD7B28DB1B00: shutdown
2019-11-14 22:53:37,656 [grpc-default-executor-5] INFO  util.JmxRegister (JmxRegister.java:unregister(73)) - Successfully un-registered JMX Bean with object name Ratis:service=RaftServer,group=group-AD7B28DB1B00,id=377585f1-7b09-4361-841d-f3e5d0778973
2019-11-14 22:53:37,656 [grpc-default-executor-5] INFO  impl.RoleInfo (RoleInfo.java:shutdownLeaderState(104)) - 377585f1-7b09-4361-841d-f3e5d0778973: shutdown LeaderState
2019-11-14 22:53:37,656 [grpc-default-executor-5] INFO  impl.PendingRequests (PendingRequests.java:sendNotLeaderResponses(206)) - 377585f1-7b09-4361-841d-f3e5d0778973@group-AD7B28DB1B00-PendingRequests: sendNotLeaderResponses
2019-11-14 22:53:37,656 [grpc-default-executor-5] INFO  impl.StateMachineUpdater (StateMachineUpdater.java:stopAndJoin(136)) - 377585f1-7b09-4361-841d-f3e5d0778973@group-AD7B28DB1B00-StateMachineUpdater: set stopIndex = 0
2019-11-14 22:53:37,656 [grpc-default-executor-5] INFO  impl.RaftServerImpl (ServerState.java:close(387)) - 377585f1-7b09-4361-841d-f3e5d0778973@group-AD7B28DB1B00: closes. applyIndex: 0
2019-11-14 22:53:37,657 [377585f1-7b09-4361-841d-f3e5d0778973@group-AD7B28DB1B00-SegmentedRaftLogWorker] INFO  segmented.SegmentedRaftLogWorker (SegmentedRaftLogWorker.java:run(316)) - 377585f1-7b09-4361-841d-f3e5d0778973@group-AD7B28DB1B00-SegmentedRaftLogWorker was interrupted, exiting. There are 0 tasks remaining in the queue.
2019-11-14 22:53:37,660 [grpc-default-executor-5] INFO  segmented.SegmentedRaftLogWorker (SegmentedRaftLogWorker.java:close(224)) - 377585f1-7b09-4361-841d-f3e5d0778973@group-AD7B28DB1B00-SegmentedRaftLogWorker close()
2019-11-14 22:53:37,666 [Thread-4245] INFO  pipeline.PipelineStateManager (PipelineStateManager.java:removePipeline(106)) - Pipeline Pipeline[ Id: 06fa83d9-db5a-4f36-993e-ad7b28db1b00, Nodes: 377585f1-7b09-4361-841d-f3e5d0778973{ip: 192.168.164.210, host: pr-hdds-2448-del-container-qmj8s-3203767274, networkLocation: /rack1, certSerialId: null}, Type:RATIS, Factor:ONE, State:CLOSED] removed from db
2019-11-14 22:53:37,666 [Thread-4245] INFO  pipeline.SCMPipelineManager (SCMPipelineManager.java:finalizeAndDestroyPipeline(315)) - destroying pipeline:Pipeline[ Id: c435bafd-47b1-4620-b14d-7025c73134f4, Nodes: fe27ed9b-283a-4979-94f3-8c29e1f5fa70{ip: 192.168.164.210, host: pr-hdds-2448-del-container-qmj8s-3203767274, networkLocation: /rack1, certSerialId: null}, Type:RATIS, Factor:ONE, State:OPEN]
2019-11-14 22:53:37,669 [grpc-default-executor-5] INFO  impl.RaftServerProxy (RaftServerProxy.java:addNew(89)) - 377585f1-7b09-4361-841d-f3e5d0778973: addNew group-75B0821C1AE0:[377585f1-7b09-4361-841d-f3e5d0778973:192.168.164.210:33333] returns group-75B0821C1AE0:java.util.concurrent.CompletableFuture@23051183[Not completed]
2019-11-14 22:53:37,670 [pool-560-thread-1] INFO  impl.RaftServerImpl (RaftServerImpl.java:<init>(98)) - 377585f1-7b09-4361-841d-f3e5d0778973: new RaftServerImpl for group-75B0821C1AE0:[377585f1-7b09-4361-841d-f3e5d0778973:192.168.164.210:33333] with ContainerStateMachine:uninitialized
2019-11-14 22:53:37,670 [pool-560-thread-1] INFO  server.RaftServerConfigKeys (ConfUtils.java:logGet(43)) - raft.server.rpc.timeout.min = 1s (custom)
2019-11-14 22:53:37,670 [pool-560-thread-1] INFO  server.RaftServerConfigKeys (ConfUtils.java:logGet(43)) - raft.server.rpc.timeout.max = 1200ms (custom)
2019-11-14 22:53:37,671 [pool-560-thread-1] INFO  server.RaftServerConfigKeys (ConfUtils.java:logGet(43)) - raft.server.rpcslowness.timeout = 120s (custom)
2019-11-14 22:53:37,671 [pool-560-thread-1] INFO  server.RaftServerConfigKeys (ConfUtils.java:logGet(43)) - raft.server.sleep.deviation.threshold = 300 (default)
2019-11-14 22:53:37,671 [pool-560-thread-1] INFO  server.RaftServerConfigKeys (ConfUtils.java:logGet(43)) - raft.server.log.appender.install.snapshot.enabled = false (custom)
2019-11-14 22:53:37,671 [pool-560-thread-1] INFO  impl.RaftServerImpl (ServerState.java:<init>(103)) - 377585f1-7b09-4361-841d-f3e5d0778973@group-75B0821C1AE0: ConfigurationManager, init=-1: [377585f1-7b09-4361-841d-f3e5d0778973:192.168.164.210:33333], old=null, confs=<EMPTY_MAP>
2019-11-14 22:53:37,671 [pool-560-thread-1] INFO  server.RaftServerConfigKeys (ConfUtils.java:logGet(43)) - raft.server.storage.dir = [/workdir/hadoop-ozone/integration-test/target/test-dir/MiniOzoneClusterImpl-c304fa79-6e7f-43ac-8564-360665bd8c65/datanode-1/data/ratis] (custom)
2019-11-14 22:53:37,671 [pool-560-thread-1] INFO  server.RaftServerConfigKeys (ConfUtils.java:logGet(43)) - raft.server.log.corruption.policy = EXCEPTION (default)
2019-11-14 22:53:37,671 [pool-560-thread-1] INFO  storage.RaftStorageDirectory (RaftStorageDirectory.java:analyzeStorage(246)) - The storage directory /workdir/hadoop-ozone/integration-test/target/test-dir/MiniOzoneClusterImpl-c304fa79-6e7f-43ac-8564-360665bd8c65/datanode-1/data/ratis/ba56e3e4-6357-4a35-9fa2-75b0821c1ae0 does not exist. Creating ...
2019-11-14 22:53:37,685 [pool-560-thread-1] INFO  storage.RaftStorageDirectory (RaftStorageDirectory.java:tryLock(328)) - Lock on /workdir/hadoop-ozone/integration-test/target/test-dir/MiniOzoneClusterImpl-c304fa79-6e7f-43ac-8564-360665bd8c65/datanode-1/data/ratis/ba56e3e4-6357-4a35-9fa2-75b0821c1ae0/in_use.lock acquired by nodename 20539@pr-hdds-2448-del-container-qmj8s-3203767274
2019-11-14 22:53:37,698 [pool-560-thread-1] INFO  storage.RaftStorage (RaftStorage.java:format(84)) - Storage directory /workdir/hadoop-ozone/integration-test/target/test-dir/MiniOzoneClusterImpl-c304fa79-6e7f-43ac-8564-360665bd8c65/datanode-1/data/ratis/ba56e3e4-6357-4a35-9fa2-75b0821c1ae0 has been successfully formatted.
2019-11-14 22:53:37,698 [pool-560-thread-1] INFO  ratis.ContainerStateMachine (ContainerStateMachine.java:loadSnapshot(223)) - group-75B0821C1AE0: The snapshot info is null. Setting the last applied indexto:(t:0, i:~)
2019-11-14 22:53:37,698 [pool-560-thread-1] INFO  server.RaftServerConfigKeys (ConfUtils.java:logGet(43)) - raft.server.notification.no-leader.timeout = 120s (custom)
2019-11-14 22:53:37,698 [pool-560-thread-1] INFO  server.RaftServerConfigKeys (ConfUtils.java:logGet(43)) - raft.server.log.use.memory = false (default)
2019-11-14 22:53:37,698 [pool-560-thread-1] INFO  server.RaftServerConfigKeys (ConfUtils.java:logGet(43)) - raft.server.log.purge.gap = 1000000 (custom)
2019-11-14 22:53:37,699 [pool-560-thread-1] INFO  server.RaftServerConfigKeys (ConfUtils.java:logGet(43)) - raft.server.log.appender.buffer.byte-limit = 33554432 (custom)
2019-11-14 22:53:37,699 [pool-560-thread-1] INFO  server.RaftServerConfigKeys (ConfUtils.java:logGet(43)) - raft.server.log.segment.size.max = 1048576 (custom)
2019-11-14 22:53:37,699 [pool-560-thread-1] INFO  server.RaftServerConfigKeys (ConfUtils.java:logGet(43)) - raft.server.log.segment.cache.num.max = 2 (custom)
2019-11-14 22:53:37,699 [pool-560-thread-1] INFO  segmented.SegmentedRaftLogWorker (SegmentedRaftLogWorker.java:<init>(173)) - new 377585f1-7b09-4361-841d-f3e5d0778973@group-75B0821C1AE0-SegmentedRaftLogWorker for RaftStorage:Storage Directory /workdir/hadoop-ozone/integration-test/target/test-dir/MiniOzoneClusterImpl-c304fa79-6e7f-43ac-8564-360665bd8c65/datanode-1/data/ratis/ba56e3e4-6357-4a35-9fa2-75b0821c1ae0
2019-11-14 22:53:37,699 [pool-560-thread-1] INFO  server.RaftServerConfigKeys (ConfUtils.java:logGet(43)) - raft.server.log.queue.byte-limit = 2147483647 (custom)
2019-11-14 22:53:37,699 [pool-560-thread-1] INFO  server.RaftServerConfigKeys (ConfUtils.java:logGet(43)) - raft.server.log.queue.element-limit = 1024 (custom)
2019-11-14 22:53:37,699 [pool-560-thread-1] INFO  server.RaftServerConfigKeys (ConfUtils.java:logGet(43)) - raft.server.log.segment.size.max = 1048576 (custom)
2019-11-14 22:53:37,699 [pool-560-thread-1] INFO  server.RaftServerConfigKeys (ConfUtils.java:logGet(43)) - raft.server.log.preallocated.size = 16384 (custom)
2019-11-14 22:53:37,699 [pool-560-thread-1] INFO  server.RaftServerConfigKeys (ConfUtils.java:logGet(43)) - raft.server.log.write.buffer.size = 33554432 (custom)
2019-11-14 22:53:37,699 [pool-560-thread-1] INFO  server.RaftServerConfigKeys (ConfUtils.java:logGet(43)) - raft.server.log.force.sync.num = 128 (default)
2019-11-14 22:53:37,700 [pool-560-thread-1] INFO  server.RaftServerConfigKeys (ConfUtils.java:logGet(43)) - raft.server.log.statemachine.data.sync = true (default)
2019-11-14 22:53:37,700 [pool-560-thread-1] INFO  server.RaftServerConfigKeys (ConfUtils.java:logGet(43)) - raft.server.log.statemachine.data.sync.timeout = 10s (default)
2019-11-14 22:53:37,700 [pool-560-thread-1] INFO  server.RaftServerConfigKeys (ConfUtils.java:logGet(43)) - raft.server.log.statemachine.data.sync.timeout.retry = -1 (default)
2019-11-14 22:53:37,700 [pool-560-thread-1] INFO  server.RaftServerConfigKeys (ConfUtils.java:logGet(43)) - raft.server.log.statemachine.data.caching.enabled = true (custom)
2019-11-14 22:53:37,700 [pool-560-thread-1] INFO  segmented.SegmentedRaftLogWorker (SegmentedRaftLogWorker.java:lambda$new$0(128)) - 377585f1-7b09-4361-841d-f3e5d0778973@group-75B0821C1AE0-SegmentedRaftLogWorker: flushIndex: setUnconditionally 0 -> -1
2019-11-14 22:53:37,700 [pool-560-thread-1] INFO  server.RaftServerConfigKeys (ConfUtils.java:logGet(43)) - raft.server.snapshot.auto.trigger.enabled = true (custom)
2019-11-14 22:53:37,701 [pool-560-thread-1] INFO  server.RaftServerConfigKeys (ConfUtils.java:logGet(43)) - raft.server.snapshot.auto.trigger.threshold = 10000 (custom)
2019-11-14 22:53:37,701 [pool-560-thread-1] INFO  server.RaftServerConfigKeys (ConfUtils.java:logGet(43)) - raft.server.snapshot.retention.file.num = 5 (custom)
2019-11-14 22:53:37,701 [pool-560-thread-1] INFO  server.RaftServerConfigKeys (ConfUtils.java:logGet(43)) - raft.server.retrycache.expirytime = 600000ms (custom)
2019-11-14 22:53:37,701 [pool-560-thread-1] WARN  impl.MetricRegistriesImpl (MetricRegistriesImpl.java:lambda$create$1(61)) - First MetricRegistry has been created without registering reporters. You may need to call MetricRegistries.global().addReportRegistration(...) before.
2019-11-14 22:53:37,701 [pool-560-thread-1] WARN  impl.MetricRegistriesImpl (MetricRegistriesImpl.java:lambda$create$1(61)) - First MetricRegistry has been created without registering reporters. You may need to call MetricRegistries.global().addReportRegistration(...) before.
2019-11-14 22:53:37,701 [pool-560-thread-1] INFO  impl.RaftServerImpl (RaftServerImpl.java:start(184)) - 377585f1-7b09-4361-841d-f3e5d0778973@group-75B0821C1AE0: start as a follower, conf=-1: [377585f1-7b09-4361-841d-f3e5d0778973:192.168.164.210:33333], old=null
2019-11-14 22:53:37,701 [pool-560-thread-1] INFO  impl.RaftServerImpl (RaftServerImpl.java:setRole(173)) - 377585f1-7b09-4361-841d-f3e5d0778973@group-75B0821C1AE0: changes role from      null to FOLLOWER at term 0 for startAsFollower
2019-11-14 22:53:37,701 [pool-560-thread-1] INFO  impl.RoleInfo (RoleInfo.java:updateAndGet(143)) - 377585f1-7b09-4361-841d-f3e5d0778973: start FollowerState
2019-11-14 22:53:37,702 [pool-560-thread-1] INFO  util.JmxRegister (JmxRegister.java:tryRegister(44)) - Successfully registered JMX Bean with object name Ratis:service=RaftServer,group=group-75B0821C1AE0,id=377585f1-7b09-4361-841d-f3e5d0778973
2019-11-14 22:53:37,702 [pool-560-thread-1] WARN  impl.MetricRegistriesImpl (MetricRegistriesImpl.java:lambda$create$1(61)) - First MetricRegistry has been created without registering reporters. You may need to call MetricRegistries.global().addReportRegistration(...) before.
2019-11-14 22:53:37,705 [RatisPipelineUtilsThread] INFO  pipeline.PipelineStateManager (PipelineStateManager.java:addPipeline(55)) - Created pipeline Pipeline[ Id: ba56e3e4-6357-4a35-9fa2-75b0821c1ae0, Nodes: 377585f1-7b09-4361-841d-f3e5d0778973{ip: 192.168.164.210, host: pr-hdds-2448-del-container-qmj8s-3203767274, networkLocation: /rack1, certSerialId: null}, Type:RATIS, Factor:ONE, State:ALLOCATED]
2019-11-14 22:53:37,705 [Thread-4245] INFO  pipeline.PipelineStateManager (PipelineStateManager.java:finalizePipeline(121)) - Pipeline Pipeline[ Id: c435bafd-47b1-4620-b14d-7025c73134f4, Nodes: fe27ed9b-283a-4979-94f3-8c29e1f5fa70{ip: 192.168.164.210, host: pr-hdds-2448-del-container-qmj8s-3203767274, networkLocation: /rack1, certSerialId: null}, Type:RATIS, Factor:ONE, State:CLOSED] moved to CLOSED state
2019-11-14 22:53:37,708 [grpc-default-executor-5] INFO  impl.RaftServerProxy (RaftServerProxy.java:remove(95)) - fe27ed9b-283a-4979-94f3-8c29e1f5fa70: remove    LEADER fe27ed9b-283a-4979-94f3-8c29e1f5fa70@group-7025C73134F4:t1, leader=fe27ed9b-283a-4979-94f3-8c29e1f5fa70, voted=fe27ed9b-283a-4979-94f3-8c29e1f5fa70, raftlog=fe27ed9b-283a-4979-94f3-8c29e1f5fa70@group-7025C73134F4-SegmentedRaftLog:OPENED:c0,f0,i0, conf=0: [fe27ed9b-283a-4979-94f3-8c29e1f5fa70:192.168.164.210:38253], old=null RUNNING
2019-11-14 22:53:37,708 [grpc-default-executor-5] INFO  impl.RaftServerImpl (RaftServerImpl.java:lambda$shutdown$3(250)) - fe27ed9b-283a-4979-94f3-8c29e1f5fa70@group-7025C73134F4: shutdown
2019-11-14 22:53:37,708 [grpc-default-executor-5] INFO  util.JmxRegister (JmxRegister.java:unregister(73)) - Successfully un-registered JMX Bean with object name Ratis:service=RaftServer,group=group-7025C73134F4,id=fe27ed9b-283a-4979-94f3-8c29e1f5fa70
2019-11-14 22:53:37,708 [grpc-default-executor-5] INFO  impl.RoleInfo (RoleInfo.java:shutdownLeaderState(104)) - fe27ed9b-283a-4979-94f3-8c29e1f5fa70: shutdown LeaderState
2019-11-14 22:53:37,708 [grpc-default-executor-5] INFO  impl.PendingRequests (PendingRequests.java:sendNotLeaderResponses(206)) - fe27ed9b-283a-4979-94f3-8c29e1f5fa70@group-7025C73134F4-PendingRequests: sendNotLeaderResponses
2019-11-14 22:53:37,709 [grpc-default-executor-5] INFO  impl.StateMachineUpdater (StateMachineUpdater.java:stopAndJoin(136)) - fe27ed9b-283a-4979-94f3-8c29e1f5fa70@group-7025C73134F4-StateMachineUpdater: set stopIndex = 0
2019-11-14 22:53:37,709 [grpc-default-executor-5] INFO  impl.RaftServerImpl (ServerState.java:close(387)) - fe27ed9b-283a-4979-94f3-8c29e1f5fa70@group-7025C73134F4: closes. applyIndex: 0
2019-11-14 22:53:37,709 [fe27ed9b-283a-4979-94f3-8c29e1f5fa70@group-7025C73134F4-SegmentedRaftLogWorker] INFO  segmented.SegmentedRaftLogWorker (SegmentedRaftLogWorker.java:run(316)) - fe27ed9b-283a-4979-94f3-8c29e1f5fa70@group-7025C73134F4-SegmentedRaftLogWorker was interrupted, exiting. There are 0 tasks remaining in the queue.
2019-11-14 22:53:37,713 [grpc-default-executor-5] INFO  segmented.SegmentedRaftLogWorker (SegmentedRaftLogWorker.java:close(224)) - fe27ed9b-283a-4979-94f3-8c29e1f5fa70@group-7025C73134F4-SegmentedRaftLogWorker close()
2019-11-14 22:53:37,719 [Thread-4245] INFO  pipeline.PipelineStateManager (PipelineStateManager.java:removePipeline(106)) - Pipeline Pipeline[ Id: c435bafd-47b1-4620-b14d-7025c73134f4, Nodes: fe27ed9b-283a-4979-94f3-8c29e1f5fa70{ip: 192.168.164.210, host: pr-hdds-2448-del-container-qmj8s-3203767274, networkLocation: /rack1, certSerialId: null}, Type:RATIS, Factor:ONE, State:CLOSED] removed from db
2019-11-14 22:53:37,720 [Thread-4245] INFO  pipeline.SCMPipelineManager (SCMPipelineManager.java:finalizeAndDestroyPipeline(315)) - destroying pipeline:Pipeline[ Id: 8a73413d-aa83-4003-86f2-fda6e6437de0, Nodes: 0261bc30-8b8d-4db7-80aa-965ad1e19f13{ip: 192.168.164.210, host: pr-hdds-2448-del-container-qmj8s-3203767274, networkLocation: /rack1, certSerialId: null}, Type:RATIS, Factor:ONE, State:OPEN]
2019-11-14 22:53:37,722 [grpc-default-executor-5] INFO  impl.RaftServerProxy (RaftServerProxy.java:addNew(89)) - fe27ed9b-283a-4979-94f3-8c29e1f5fa70: addNew group-C390ADC57249:[fe27ed9b-283a-4979-94f3-8c29e1f5fa70:192.168.164.210:38253] returns group-C390ADC57249:java.util.concurrent.CompletableFuture@639a79c8[Not completed]
2019-11-14 22:53:37,723 [pool-615-thread-1] INFO  impl.RaftServerImpl (RaftServerImpl.java:<init>(98)) - fe27ed9b-283a-4979-94f3-8c29e1f5fa70: new RaftServerImpl for group-C390ADC57249:[fe27ed9b-283a-4979-94f3-8c29e1f5fa70:192.168.164.210:38253] with ContainerStateMachine:uninitialized
2019-11-14 22:53:37,723 [pool-615-thread-1] INFO  server.RaftServerConfigKeys (ConfUtils.java:logGet(43)) - raft.server.rpc.timeout.min = 1s (custom)
2019-11-14 22:53:37,724 [pool-615-thread-1] INFO  server.RaftServerConfigKeys (ConfUtils.java:logGet(43)) - raft.server.rpc.timeout.max = 1200ms (custom)
2019-11-14 22:53:37,724 [pool-615-thread-1] INFO  server.RaftServerConfigKeys (ConfUtils.java:logGet(43)) - raft.server.rpcslowness.timeout = 120s (custom)
2019-11-14 22:53:37,724 [pool-615-thread-1] INFO  server.RaftServerConfigKeys (ConfUtils.java:logGet(43)) - raft.server.sleep.deviation.threshold = 300 (default)
2019-11-14 22:53:37,724 [pool-615-thread-1] INFO  server.RaftServerConfigKeys (ConfUtils.java:logGet(43)) - raft.server.log.appender.install.snapshot.enabled = false (custom)
2019-11-14 22:53:37,724 [pool-615-thread-1] INFO  impl.RaftServerImpl (ServerState.java:<init>(103)) - fe27ed9b-283a-4979-94f3-8c29e1f5fa70@group-C390ADC57249: ConfigurationManager, init=-1: [fe27ed9b-283a-4979-94f3-8c29e1f5fa70:192.168.164.210:38253], old=null, confs=<EMPTY_MAP>
2019-11-14 22:53:37,724 [pool-615-thread-1] INFO  server.RaftServerConfigKeys (ConfUtils.java:logGet(43)) - raft.server.storage.dir = [/workdir/hadoop-ozone/integration-test/target/test-dir/MiniOzoneClusterImpl-c304fa79-6e7f-43ac-8564-360665bd8c65/datanode-6/data/ratis] (custom)
2019-11-14 22:53:37,724 [pool-615-thread-1] INFO  server.RaftServerConfigKeys (ConfUtils.java:logGet(43)) - raft.server.log.corruption.policy = EXCEPTION (default)
2019-11-14 22:53:37,725 [pool-615-thread-1] INFO  storage.RaftStorageDirectory (RaftStorageDirectory.java:analyzeStorage(246)) - The storage directory /workdir/hadoop-ozone/integration-test/target/test-dir/MiniOzoneClusterImpl-c304fa79-6e7f-43ac-8564-360665bd8c65/datanode-6/data/ratis/034923c4-6f06-444d-aab9-c390adc57249 does not exist. Creating ...
2019-11-14 22:53:37,737 [pool-615-thread-1] INFO  storage.RaftStorageDirectory (RaftStorageDirectory.java:tryLock(328)) - Lock on /workdir/hadoop-ozone/integration-test/target/test-dir/MiniOzoneClusterImpl-c304fa79-6e7f-43ac-8564-360665bd8c65/datanode-6/data/ratis/034923c4-6f06-444d-aab9-c390adc57249/in_use.lock acquired by nodename 20539@pr-hdds-2448-del-container-qmj8s-3203767274
2019-11-14 22:53:37,750 [pool-615-thread-1] INFO  storage.RaftStorage (RaftStorage.java:format(84)) - Storage directory /workdir/hadoop-ozone/integration-test/target/test-dir/MiniOzoneClusterImpl-c304fa79-6e7f-43ac-8564-360665bd8c65/datanode-6/data/ratis/034923c4-6f06-444d-aab9-c390adc57249 has been successfully formatted.
2019-11-14 22:53:37,750 [pool-615-thread-1] INFO  ratis.ContainerStateMachine (ContainerStateMachine.java:loadSnapshot(223)) - group-C390ADC57249: The snapshot info is null. Setting the last applied indexto:(t:0, i:~)
2019-11-14 22:53:37,750 [pool-615-thread-1] INFO  server.RaftServerConfigKeys (ConfUtils.java:logGet(43)) - raft.server.notification.no-leader.timeout = 120s (custom)
2019-11-14 22:53:37,750 [pool-615-thread-1] INFO  server.RaftServerConfigKeys (ConfUtils.java:logGet(43)) - raft.server.log.use.memory = false (default)
2019-11-14 22:53:37,750 [pool-615-thread-1] INFO  server.RaftServerConfigKeys (ConfUtils.java:logGet(43)) - raft.server.log.purge.gap = 1000000 (custom)
2019-11-14 22:53:37,750 [pool-615-thread-1] INFO  server.RaftServerConfigKeys (ConfUtils.java:logGet(43)) - raft.server.log.appender.buffer.byte-limit = 33554432 (custom)
2019-11-14 22:53:37,751 [pool-615-thread-1] INFO  server.RaftServerConfigKeys (ConfUtils.java:logGet(43)) - raft.server.log.segment.size.max = 1048576 (custom)
2019-11-14 22:53:37,751 [pool-615-thread-1] INFO  server.RaftServerConfigKeys (ConfUtils.java:logGet(43)) - raft.server.log.segment.cache.num.max = 2 (custom)
2019-11-14 22:53:37,751 [pool-615-thread-1] INFO  segmented.SegmentedRaftLogWorker (SegmentedRaftLogWorker.java:<init>(173)) - new fe27ed9b-283a-4979-94f3-8c29e1f5fa70@group-C390ADC57249-SegmentedRaftLogWorker for RaftStorage:Storage Directory /workdir/hadoop-ozone/integration-test/target/test-dir/MiniOzoneClusterImpl-c304fa79-6e7f-43ac-8564-360665bd8c65/datanode-6/data/ratis/034923c4-6f06-444d-aab9-c390adc57249
2019-11-14 22:53:37,751 [pool-615-thread-1] INFO  server.RaftServerConfigKeys (ConfUtils.java:logGet(43)) - raft.server.log.queue.byte-limit = 2147483647 (custom)
2019-11-14 22:53:37,751 [pool-615-thread-1] INFO  server.RaftServerConfigKeys (ConfUtils.java:logGet(43)) - raft.server.log.queue.element-limit = 1024 (custom)
2019-11-14 22:53:37,751 [pool-615-thread-1] INFO  server.RaftServerConfigKeys (ConfUtils.java:logGet(43)) - raft.server.log.segment.size.max = 1048576 (custom)
2019-11-14 22:53:37,751 [pool-615-thread-1] INFO  server.RaftServerConfigKeys (ConfUtils.java:logGet(43)) - raft.server.log.preallocated.size = 16384 (custom)
2019-11-14 22:53:37,751 [pool-615-thread-1] INFO  server.RaftServerConfigKeys (ConfUtils.java:logGet(43)) - raft.server.log.write.buffer.size = 33554432 (custom)
2019-11-14 22:53:37,751 [pool-615-thread-1] INFO  server.RaftServerConfigKeys (ConfUtils.java:logGet(43)) - raft.server.log.force.sync.num = 128 (default)
2019-11-14 22:53:37,751 [pool-615-thread-1] INFO  server.RaftServerConfigKeys (ConfUtils.java:logGet(43)) - raft.server.log.statemachine.data.sync = true (default)
2019-11-14 22:53:37,751 [pool-615-thread-1] INFO  server.RaftServerConfigKeys (ConfUtils.java:logGet(43)) - raft.server.log.statemachine.data.sync.timeout = 10s (default)
2019-11-14 22:53:37,751 [pool-615-thread-1] INFO  server.RaftServerConfigKeys (ConfUtils.java:logGet(43)) - raft.server.log.statemachine.data.sync.timeout.retry = -1 (default)
2019-11-14 22:53:37,751 [pool-615-thread-1] INFO  server.RaftServerConfigKeys (ConfUtils.java:logGet(43)) - raft.server.log.statemachine.data.caching.enabled = true (custom)
2019-11-14 22:53:37,752 [pool-615-thread-1] INFO  segmented.SegmentedRaftLogWorker (SegmentedRaftLogWorker.java:lambda$new$0(128)) - fe27ed9b-283a-4979-94f3-8c29e1f5fa70@group-C390ADC57249-SegmentedRaftLogWorker: flushIndex: setUnconditionally 0 -> -1
2019-11-14 22:53:37,752 [pool-615-thread-1] INFO  server.RaftServerConfigKeys (ConfUtils.java:logGet(43)) - raft.server.snapshot.auto.trigger.enabled = true (custom)
2019-11-14 22:53:37,752 [pool-615-thread-1] INFO  server.RaftServerConfigKeys (ConfUtils.java:logGet(43)) - raft.server.snapshot.auto.trigger.threshold = 10000 (custom)
2019-11-14 22:53:37,752 [pool-615-thread-1] INFO  server.RaftServerConfigKeys (ConfUtils.java:logGet(43)) - raft.server.snapshot.retention.file.num = 5 (custom)
2019-11-14 22:53:37,752 [pool-615-thread-1] INFO  server.RaftServerConfigKeys (ConfUtils.java:logGet(43)) - raft.server.retrycache.expirytime = 600000ms (custom)
2019-11-14 22:53:37,752 [pool-615-thread-1] WARN  impl.MetricRegistriesImpl (MetricRegistriesImpl.java:lambda$create$1(61)) - First MetricRegistry has been created without registering reporters. You may need to call MetricRegistries.global().addReportRegistration(...) before.
2019-11-14 22:53:37,752 [pool-615-thread-1] WARN  impl.MetricRegistriesImpl (MetricRegistriesImpl.java:lambda$create$1(61)) - First MetricRegistry has been created without registering reporters. You may need to call MetricRegistries.global().addReportRegistration(...) before.
2019-11-14 22:53:37,752 [pool-615-thread-1] INFO  impl.RaftServerImpl (RaftServerImpl.java:start(184)) - fe27ed9b-283a-4979-94f3-8c29e1f5fa70@group-C390ADC57249: start as a follower, conf=-1: [fe27ed9b-283a-4979-94f3-8c29e1f5fa70:192.168.164.210:38253], old=null
2019-11-14 22:53:37,752 [pool-615-thread-1] INFO  impl.RaftServerImpl (RaftServerImpl.java:setRole(173)) - fe27ed9b-283a-4979-94f3-8c29e1f5fa70@group-C390ADC57249: changes role from      null to FOLLOWER at term 0 for startAsFollower
2019-11-14 22:53:37,753 [pool-615-thread-1] INFO  impl.RoleInfo (RoleInfo.java:updateAndGet(143)) - fe27ed9b-283a-4979-94f3-8c29e1f5fa70: start FollowerState
2019-11-14 22:53:37,753 [pool-615-thread-1] INFO  util.JmxRegister (JmxRegister.java:tryRegister(44)) - Successfully registered JMX Bean with object name Ratis:service=RaftServer,group=group-C390ADC57249,id=fe27ed9b-283a-4979-94f3-8c29e1f5fa70
2019-11-14 22:53:37,753 [pool-615-thread-1] WARN  impl.MetricRegistriesImpl (MetricRegistriesImpl.java:lambda$create$1(61)) - First MetricRegistry has been created without registering reporters. You may need to call MetricRegistries.global().addReportRegistration(...) before.
2019-11-14 22:53:37,755 [RatisPipelineUtilsThread] INFO  pipeline.PipelineStateManager (PipelineStateManager.java:addPipeline(55)) - Created pipeline Pipeline[ Id: 034923c4-6f06-444d-aab9-c390adc57249, Nodes: fe27ed9b-283a-4979-94f3-8c29e1f5fa70{ip: 192.168.164.210, host: pr-hdds-2448-del-container-qmj8s-3203767274, networkLocation: /rack1, certSerialId: null}, Type:RATIS, Factor:ONE, State:ALLOCATED]
2019-11-14 22:53:37,756 [Thread-4245] INFO  pipeline.PipelineStateManager (PipelineStateManager.java:finalizePipeline(121)) - Pipeline Pipeline[ Id: 8a73413d-aa83-4003-86f2-fda6e6437de0, Nodes: 0261bc30-8b8d-4db7-80aa-965ad1e19f13{ip: 192.168.164.210, host: pr-hdds-2448-del-container-qmj8s-3203767274, networkLocation: /rack1, certSerialId: null}, Type:RATIS, Factor:ONE, State:CLOSED] moved to CLOSED state
2019-11-14 22:53:37,759 [grpc-default-executor-5] INFO  impl.RaftServerProxy (RaftServerProxy.java:remove(95)) - 0261bc30-8b8d-4db7-80aa-965ad1e19f13: remove    LEADER 0261bc30-8b8d-4db7-80aa-965ad1e19f13@group-FDA6E6437DE0:t1, leader=0261bc30-8b8d-4db7-80aa-965ad1e19f13, voted=0261bc30-8b8d-4db7-80aa-965ad1e19f13, raftlog=0261bc30-8b8d-4db7-80aa-965ad1e19f13@group-FDA6E6437DE0-SegmentedRaftLog:OPENED:c0,f0,i0, conf=0: [0261bc30-8b8d-4db7-80aa-965ad1e19f13:192.168.164.210:35118], old=null RUNNING
2019-11-14 22:53:37,759 [grpc-default-executor-5] INFO  impl.RaftServerImpl (RaftServerImpl.java:lambda$shutdown$3(250)) - 0261bc30-8b8d-4db7-80aa-965ad1e19f13@group-FDA6E6437DE0: shutdown
2019-11-14 22:53:37,759 [grpc-default-executor-5] INFO  util.JmxRegister (JmxRegister.java:unregister(73)) - Successfully un-registered JMX Bean with object name Ratis:service=RaftServer,group=group-FDA6E6437DE0,id=0261bc30-8b8d-4db7-80aa-965ad1e19f13
2019-11-14 22:53:37,759 [grpc-default-executor-5] INFO  impl.RoleInfo (RoleInfo.java:shutdownLeaderState(104)) - 0261bc30-8b8d-4db7-80aa-965ad1e19f13: shutdown LeaderState
2019-11-14 22:53:37,759 [grpc-default-executor-5] INFO  impl.PendingRequests (PendingRequests.java:sendNotLeaderResponses(206)) - 0261bc30-8b8d-4db7-80aa-965ad1e19f13@group-FDA6E6437DE0-PendingRequests: sendNotLeaderResponses
2019-11-14 22:53:37,759 [grpc-default-executor-5] INFO  impl.StateMachineUpdater (StateMachineUpdater.java:stopAndJoin(136)) - 0261bc30-8b8d-4db7-80aa-965ad1e19f13@group-FDA6E6437DE0-StateMachineUpdater: set stopIndex = 0
2019-11-14 22:53:37,759 [grpc-default-executor-5] INFO  impl.RaftServerImpl (ServerState.java:close(387)) - 0261bc30-8b8d-4db7-80aa-965ad1e19f13@group-FDA6E6437DE0: closes. applyIndex: 0
2019-11-14 22:53:37,760 [0261bc30-8b8d-4db7-80aa-965ad1e19f13@group-FDA6E6437DE0-SegmentedRaftLogWorker] INFO  segmented.SegmentedRaftLogWorker (SegmentedRaftLogWorker.java:run(316)) - 0261bc30-8b8d-4db7-80aa-965ad1e19f13@group-FDA6E6437DE0-SegmentedRaftLogWorker was interrupted, exiting. There are 0 tasks remaining in the queue.
2019-11-14 22:53:37,763 [grpc-default-executor-5] INFO  segmented.SegmentedRaftLogWorker (SegmentedRaftLogWorker.java:close(224)) - 0261bc30-8b8d-4db7-80aa-965ad1e19f13@group-FDA6E6437DE0-SegmentedRaftLogWorker close()
2019-11-14 22:53:37,769 [Thread-4245] INFO  pipeline.PipelineStateManager (PipelineStateManager.java:removePipeline(106)) - Pipeline Pipeline[ Id: 8a73413d-aa83-4003-86f2-fda6e6437de0, Nodes: 0261bc30-8b8d-4db7-80aa-965ad1e19f13{ip: 192.168.164.210, host: pr-hdds-2448-del-container-qmj8s-3203767274, networkLocation: /rack1, certSerialId: null}, Type:RATIS, Factor:ONE, State:CLOSED] removed from db
2019-11-14 22:53:37,770 [Thread-4245] INFO  pipeline.SCMPipelineManager (SCMPipelineManager.java:finalizeAndDestroyPipeline(315)) - destroying pipeline:Pipeline[ Id: 2233ae19-4a95-415a-b510-cf5b8f46c9b1, Nodes: 9b10aba0-cc5c-407b-9285-7072d29b9deb{ip: 192.168.164.210, host: pr-hdds-2448-del-container-qmj8s-3203767274, networkLocation: /rack1, certSerialId: null}, Type:RATIS, Factor:ONE, State:OPEN]
2019-11-14 22:53:37,772 [grpc-default-executor-5] INFO  impl.RaftServerProxy (RaftServerProxy.java:addNew(89)) - 0261bc30-8b8d-4db7-80aa-965ad1e19f13: addNew group-EC6EFEB7A9F5:[0261bc30-8b8d-4db7-80aa-965ad1e19f13:192.168.164.210:35118] returns group-EC6EFEB7A9F5:java.util.concurrent.CompletableFuture@28e0e1f3[Not completed]
2019-11-14 22:53:37,774 [pool-593-thread-1] INFO  impl.RaftServerImpl (RaftServerImpl.java:<init>(98)) - 0261bc30-8b8d-4db7-80aa-965ad1e19f13: new RaftServerImpl for group-EC6EFEB7A9F5:[0261bc30-8b8d-4db7-80aa-965ad1e19f13:192.168.164.210:35118] with ContainerStateMachine:uninitialized
2019-11-14 22:53:37,774 [pool-593-thread-1] INFO  server.RaftServerConfigKeys (ConfUtils.java:logGet(43)) - raft.server.rpc.timeout.min = 1s (custom)
2019-11-14 22:53:37,774 [pool-593-thread-1] INFO  server.RaftServerConfigKeys (ConfUtils.java:logGet(43)) - raft.server.rpc.timeout.max = 1200ms (custom)
2019-11-14 22:53:37,774 [pool-593-thread-1] INFO  server.RaftServerConfigKeys (ConfUtils.java:logGet(43)) - raft.server.rpcslowness.timeout = 120s (custom)
2019-11-14 22:53:37,774 [pool-593-thread-1] INFO  server.RaftServerConfigKeys (ConfUtils.java:logGet(43)) - raft.server.sleep.deviation.threshold = 300 (default)
2019-11-14 22:53:37,774 [pool-593-thread-1] INFO  server.RaftServerConfigKeys (ConfUtils.java:logGet(43)) - raft.server.log.appender.install.snapshot.enabled = false (custom)
2019-11-14 22:53:37,774 [pool-593-thread-1] INFO  impl.RaftServerImpl (ServerState.java:<init>(103)) - 0261bc30-8b8d-4db7-80aa-965ad1e19f13@group-EC6EFEB7A9F5: ConfigurationManager, init=-1: [0261bc30-8b8d-4db7-80aa-965ad1e19f13:192.168.164.210:35118], old=null, confs=<EMPTY_MAP>
2019-11-14 22:53:37,774 [pool-593-thread-1] INFO  server.RaftServerConfigKeys (ConfUtils.java:logGet(43)) - raft.server.storage.dir = [/workdir/hadoop-ozone/integration-test/target/test-dir/MiniOzoneClusterImpl-c304fa79-6e7f-43ac-8564-360665bd8c65/datanode-4/data/ratis] (custom)
2019-11-14 22:53:37,774 [pool-593-thread-1] INFO  server.RaftServerConfigKeys (ConfUtils.java:logGet(43)) - raft.server.log.corruption.policy = EXCEPTION (default)
2019-11-14 22:53:37,775 [pool-593-thread-1] INFO  storage.RaftStorageDirectory (RaftStorageDirectory.java:analyzeStorage(246)) - The storage directory /workdir/hadoop-ozone/integration-test/target/test-dir/MiniOzoneClusterImpl-c304fa79-6e7f-43ac-8564-360665bd8c65/datanode-4/data/ratis/fad4dab1-087e-425f-bbd0-ec6efeb7a9f5 does not exist. Creating ...
2019-11-14 22:53:37,789 [pool-593-thread-1] INFO  storage.RaftStorageDirectory (RaftStorageDirectory.java:tryLock(328)) - Lock on /workdir/hadoop-ozone/integration-test/target/test-dir/MiniOzoneClusterImpl-c304fa79-6e7f-43ac-8564-360665bd8c65/datanode-4/data/ratis/fad4dab1-087e-425f-bbd0-ec6efeb7a9f5/in_use.lock acquired by nodename 20539@pr-hdds-2448-del-container-qmj8s-3203767274
2019-11-14 22:53:37,803 [pool-593-thread-1] INFO  storage.RaftStorage (RaftStorage.java:format(84)) - Storage directory /workdir/hadoop-ozone/integration-test/target/test-dir/MiniOzoneClusterImpl-c304fa79-6e7f-43ac-8564-360665bd8c65/datanode-4/data/ratis/fad4dab1-087e-425f-bbd0-ec6efeb7a9f5 has been successfully formatted.
2019-11-14 22:53:37,803 [pool-593-thread-1] INFO  ratis.ContainerStateMachine (ContainerStateMachine.java:loadSnapshot(223)) - group-EC6EFEB7A9F5: The snapshot info is null. Setting the last applied indexto:(t:0, i:~)
2019-11-14 22:53:37,803 [pool-593-thread-1] INFO  server.RaftServerConfigKeys (ConfUtils.java:logGet(43)) - raft.server.notification.no-leader.timeout = 120s (custom)
2019-11-14 22:53:37,803 [pool-593-thread-1] INFO  server.RaftServerConfigKeys (ConfUtils.java:logGet(43)) - raft.server.log.use.memory = false (default)
2019-11-14 22:53:37,803 [pool-593-thread-1] INFO  server.RaftServerConfigKeys (ConfUtils.java:logGet(43)) - raft.server.log.purge.gap = 1000000 (custom)
2019-11-14 22:53:37,803 [pool-593-thread-1] INFO  server.RaftServerConfigKeys (ConfUtils.java:logGet(43)) - raft.server.log.appender.buffer.byte-limit = 33554432 (custom)
2019-11-14 22:53:37,803 [pool-593-thread-1] INFO  server.RaftServerConfigKeys (ConfUtils.java:logGet(43)) - raft.server.log.segment.size.max = 1048576 (custom)
2019-11-14 22:53:37,803 [pool-593-thread-1] INFO  server.RaftServerConfigKeys (ConfUtils.java:logGet(43)) - raft.server.log.segment.cache.num.max = 2 (custom)
2019-11-14 22:53:37,804 [pool-593-thread-1] INFO  segmented.SegmentedRaftLogWorker (SegmentedRaftLogWorker.java:<init>(173)) - new 0261bc30-8b8d-4db7-80aa-965ad1e19f13@group-EC6EFEB7A9F5-SegmentedRaftLogWorker for RaftStorage:Storage Directory /workdir/hadoop-ozone/integration-test/target/test-dir/MiniOzoneClusterImpl-c304fa79-6e7f-43ac-8564-360665bd8c65/datanode-4/data/ratis/fad4dab1-087e-425f-bbd0-ec6efeb7a9f5
2019-11-14 22:53:37,804 [pool-593-thread-1] INFO  server.RaftServerConfigKeys (ConfUtils.java:logGet(43)) - raft.server.log.queue.byte-limit = 2147483647 (custom)
2019-11-14 22:53:37,804 [pool-593-thread-1] INFO  server.RaftServerConfigKeys (ConfUtils.java:logGet(43)) - raft.server.log.queue.element-limit = 1024 (custom)
2019-11-14 22:53:37,804 [pool-593-thread-1] INFO  server.RaftServerConfigKeys (ConfUtils.java:logGet(43)) - raft.server.log.segment.size.max = 1048576 (custom)
2019-11-14 22:53:37,804 [pool-593-thread-1] INFO  server.RaftServerConfigKeys (ConfUtils.java:logGet(43)) - raft.server.log.preallocated.size = 16384 (custom)
2019-11-14 22:53:37,804 [pool-593-thread-1] INFO  server.RaftServerConfigKeys (ConfUtils.java:logGet(43)) - raft.server.log.write.buffer.size = 33554432 (custom)
2019-11-14 22:53:37,804 [pool-593-thread-1] INFO  server.RaftServerConfigKeys (ConfUtils.java:logGet(43)) - raft.server.log.force.sync.num = 128 (default)
2019-11-14 22:53:37,804 [pool-593-thread-1] INFO  server.RaftServerConfigKeys (ConfUtils.java:logGet(43)) - raft.server.log.statemachine.data.sync = true (default)
2019-11-14 22:53:37,804 [pool-593-thread-1] INFO  server.RaftServerConfigKeys (ConfUtils.java:logGet(43)) - raft.server.log.statemachine.data.sync.timeout = 10s (default)
2019-11-14 22:53:37,804 [pool-593-thread-1] INFO  server.RaftServerConfigKeys (ConfUtils.java:logGet(43)) - raft.server.log.statemachine.data.sync.timeout.retry = -1 (default)
2019-11-14 22:53:37,804 [pool-593-thread-1] INFO  server.RaftServerConfigKeys (ConfUtils.java:logGet(43)) - raft.server.log.statemachine.data.caching.enabled = true (custom)
2019-11-14 22:53:37,805 [pool-593-thread-1] INFO  segmented.SegmentedRaftLogWorker (SegmentedRaftLogWorker.java:lambda$new$0(128)) - 0261bc30-8b8d-4db7-80aa-965ad1e19f13@group-EC6EFEB7A9F5-SegmentedRaftLogWorker: flushIndex: setUnconditionally 0 -> -1
2019-11-14 22:53:37,805 [pool-593-thread-1] INFO  server.RaftServerConfigKeys (ConfUtils.java:logGet(43)) - raft.server.snapshot.auto.trigger.enabled = true (custom)
2019-11-14 22:53:37,805 [pool-593-thread-1] INFO  server.RaftServerConfigKeys (ConfUtils.java:logGet(43)) - raft.server.snapshot.auto.trigger.threshold = 10000 (custom)
2019-11-14 22:53:37,805 [pool-593-thread-1] INFO  server.RaftServerConfigKeys (ConfUtils.java:logGet(43)) - raft.server.snapshot.retention.file.num = 5 (custom)
2019-11-14 22:53:37,805 [pool-593-thread-1] INFO  server.RaftServerConfigKeys (ConfUtils.java:logGet(43)) - raft.server.retrycache.expirytime = 600000ms (custom)
2019-11-14 22:53:37,805 [pool-593-thread-1] WARN  impl.MetricRegistriesImpl (MetricRegistriesImpl.java:lambda$create$1(61)) - First MetricRegistry has been created without registering reporters. You may need to call MetricRegistries.global().addReportRegistration(...) before.
2019-11-14 22:53:37,805 [pool-593-thread-1] WARN  impl.MetricRegistriesImpl (MetricRegistriesImpl.java:lambda$create$1(61)) - First MetricRegistry has been created without registering reporters. You may need to call MetricRegistries.global().addReportRegistration(...) before.
2019-11-14 22:53:37,806 [pool-593-thread-1] INFO  impl.RaftServerImpl (RaftServerImpl.java:start(184)) - 0261bc30-8b8d-4db7-80aa-965ad1e19f13@group-EC6EFEB7A9F5: start as a follower, conf=-1: [0261bc30-8b8d-4db7-80aa-965ad1e19f13:192.168.164.210:35118], old=null
2019-11-14 22:53:37,806 [pool-593-thread-1] INFO  impl.RaftServerImpl (RaftServerImpl.java:setRole(173)) - 0261bc30-8b8d-4db7-80aa-965ad1e19f13@group-EC6EFEB7A9F5: changes role from      null to FOLLOWER at term 0 for startAsFollower
2019-11-14 22:53:37,806 [pool-593-thread-1] INFO  impl.RoleInfo (RoleInfo.java:updateAndGet(143)) - 0261bc30-8b8d-4db7-80aa-965ad1e19f13: start FollowerState
2019-11-14 22:53:37,806 [pool-593-thread-1] INFO  util.JmxRegister (JmxRegister.java:tryRegister(44)) - Successfully registered JMX Bean with object name Ratis:service=RaftServer,group=group-EC6EFEB7A9F5,id=0261bc30-8b8d-4db7-80aa-965ad1e19f13
2019-11-14 22:53:37,806 [pool-593-thread-1] WARN  impl.MetricRegistriesImpl (MetricRegistriesImpl.java:lambda$create$1(61)) - First MetricRegistry has been created without registering reporters. You may need to call MetricRegistries.global().addReportRegistration(...) before.
2019-11-14 22:53:37,809 [RatisPipelineUtilsThread] INFO  pipeline.PipelineStateManager (PipelineStateManager.java:addPipeline(55)) - Created pipeline Pipeline[ Id: fad4dab1-087e-425f-bbd0-ec6efeb7a9f5, Nodes: 0261bc30-8b8d-4db7-80aa-965ad1e19f13{ip: 192.168.164.210, host: pr-hdds-2448-del-container-qmj8s-3203767274, networkLocation: /rack1, certSerialId: null}, Type:RATIS, Factor:ONE, State:ALLOCATED]
2019-11-14 22:53:37,810 [Thread-4245] INFO  pipeline.PipelineStateManager (PipelineStateManager.java:finalizePipeline(121)) - Pipeline Pipeline[ Id: 2233ae19-4a95-415a-b510-cf5b8f46c9b1, Nodes: 9b10aba0-cc5c-407b-9285-7072d29b9deb{ip: 192.168.164.210, host: pr-hdds-2448-del-container-qmj8s-3203767274, networkLocation: /rack1, certSerialId: null}, Type:RATIS, Factor:ONE, State:CLOSED] moved to CLOSED state
2019-11-14 22:53:37,812 [grpc-default-executor-5] INFO  impl.RaftServerProxy (RaftServerProxy.java:remove(95)) - 9b10aba0-cc5c-407b-9285-7072d29b9deb: remove    LEADER 9b10aba0-cc5c-407b-9285-7072d29b9deb@group-CF5B8F46C9B1:t1, leader=9b10aba0-cc5c-407b-9285-7072d29b9deb, voted=9b10aba0-cc5c-407b-9285-7072d29b9deb, raftlog=9b10aba0-cc5c-407b-9285-7072d29b9deb@group-CF5B8F46C9B1-SegmentedRaftLog:OPENED:c0,f0,i0, conf=0: [9b10aba0-cc5c-407b-9285-7072d29b9deb:192.168.164.210:44092], old=null RUNNING
2019-11-14 22:53:37,812 [grpc-default-executor-5] INFO  impl.RaftServerImpl (RaftServerImpl.java:lambda$shutdown$3(250)) - 9b10aba0-cc5c-407b-9285-7072d29b9deb@group-CF5B8F46C9B1: shutdown
2019-11-14 22:53:37,813 [grpc-default-executor-5] INFO  util.JmxRegister (JmxRegister.java:unregister(73)) - Successfully un-registered JMX Bean with object name Ratis:service=RaftServer,group=group-CF5B8F46C9B1,id=9b10aba0-cc5c-407b-9285-7072d29b9deb
2019-11-14 22:53:37,813 [grpc-default-executor-5] INFO  impl.RoleInfo (RoleInfo.java:shutdownLeaderState(104)) - 9b10aba0-cc5c-407b-9285-7072d29b9deb: shutdown LeaderState
2019-11-14 22:53:37,813 [grpc-default-executor-5] INFO  impl.PendingRequests (PendingRequests.java:sendNotLeaderResponses(206)) - 9b10aba0-cc5c-407b-9285-7072d29b9deb@group-CF5B8F46C9B1-PendingRequests: sendNotLeaderResponses
2019-11-14 22:53:37,813 [grpc-default-executor-5] INFO  impl.StateMachineUpdater (StateMachineUpdater.java:stopAndJoin(136)) - 9b10aba0-cc5c-407b-9285-7072d29b9deb@group-CF5B8F46C9B1-StateMachineUpdater: set stopIndex = 0
2019-11-14 22:53:37,813 [grpc-default-executor-5] INFO  impl.RaftServerImpl (ServerState.java:close(387)) - 9b10aba0-cc5c-407b-9285-7072d29b9deb@group-CF5B8F46C9B1: closes. applyIndex: 0
2019-11-14 22:53:37,814 [9b10aba0-cc5c-407b-9285-7072d29b9deb@group-CF5B8F46C9B1-SegmentedRaftLogWorker] INFO  segmented.SegmentedRaftLogWorker (SegmentedRaftLogWorker.java:run(316)) - 9b10aba0-cc5c-407b-9285-7072d29b9deb@group-CF5B8F46C9B1-SegmentedRaftLogWorker was interrupted, exiting. There are 0 tasks remaining in the queue.
2019-11-14 22:53:37,817 [grpc-default-executor-5] INFO  segmented.SegmentedRaftLogWorker (SegmentedRaftLogWorker.java:close(224)) - 9b10aba0-cc5c-407b-9285-7072d29b9deb@group-CF5B8F46C9B1-SegmentedRaftLogWorker close()
2019-11-14 22:53:37,822 [Thread-4245] INFO  pipeline.PipelineStateManager (PipelineStateManager.java:removePipeline(106)) - Pipeline Pipeline[ Id: 2233ae19-4a95-415a-b510-cf5b8f46c9b1, Nodes: 9b10aba0-cc5c-407b-9285-7072d29b9deb{ip: 192.168.164.210, host: pr-hdds-2448-del-container-qmj8s-3203767274, networkLocation: /rack1, certSerialId: null}, Type:RATIS, Factor:ONE, State:CLOSED] removed from db
2019-11-14 22:53:37,822 [Thread-4245] INFO  pipeline.SCMPipelineManager (SCMPipelineManager.java:finalizeAndDestroyPipeline(315)) - destroying pipeline:Pipeline[ Id: 078bad0d-1d16-4d11-b4ef-3585028410d3, Nodes: 2e7f8c24-c608-431c-b6d8-707cc816ba74{ip: 192.168.164.210, host: pr-hdds-2448-del-container-qmj8s-3203767274, networkLocation: /rack1, certSerialId: null}0261bc30-8b8d-4db7-80aa-965ad1e19f13{ip: 192.168.164.210, host: pr-hdds-2448-del-container-qmj8s-3203767274, networkLocation: /rack1, certSerialId: null}8c93cdd4-5606-4221-9500-0bbe6d2ac50a{ip: 192.168.164.210, host: pr-hdds-2448-del-container-qmj8s-3203767274, networkLocation: /rack1, certSerialId: null}, Type:RATIS, Factor:THREE, State:OPEN]
2019-11-14 22:53:37,825 [grpc-default-executor-5] INFO  impl.RaftServerProxy (RaftServerProxy.java:addNew(89)) - 9b10aba0-cc5c-407b-9285-7072d29b9deb: addNew group-F5BC40990A3C:[9b10aba0-cc5c-407b-9285-7072d29b9deb:192.168.164.210:44092] returns group-F5BC40990A3C:java.util.concurrent.CompletableFuture@52c904cb[Not completed]
2019-11-14 22:53:37,827 [pool-637-thread-1] INFO  impl.RaftServerImpl (RaftServerImpl.java:<init>(98)) - 9b10aba0-cc5c-407b-9285-7072d29b9deb: new RaftServerImpl for group-F5BC40990A3C:[9b10aba0-cc5c-407b-9285-7072d29b9deb:192.168.164.210:44092] with ContainerStateMachine:uninitialized
2019-11-14 22:53:37,827 [pool-637-thread-1] INFO  server.RaftServerConfigKeys (ConfUtils.java:logGet(43)) - raft.server.rpc.timeout.min = 1s (custom)
2019-11-14 22:53:37,827 [pool-637-thread-1] INFO  server.RaftServerConfigKeys (ConfUtils.java:logGet(43)) - raft.server.rpc.timeout.max = 1200ms (custom)
2019-11-14 22:53:37,827 [pool-637-thread-1] INFO  server.RaftServerConfigKeys (ConfUtils.java:logGet(43)) - raft.server.rpcslowness.timeout = 120s (custom)
2019-11-14 22:53:37,827 [pool-637-thread-1] INFO  server.RaftServerConfigKeys (ConfUtils.java:logGet(43)) - raft.server.sleep.deviation.threshold = 300 (default)
2019-11-14 22:53:37,828 [pool-637-thread-1] INFO  server.RaftServerConfigKeys (ConfUtils.java:logGet(43)) - raft.server.log.appender.install.snapshot.enabled = false (custom)
2019-11-14 22:53:37,828 [pool-637-thread-1] INFO  impl.RaftServerImpl (ServerState.java:<init>(103)) - 9b10aba0-cc5c-407b-9285-7072d29b9deb@group-F5BC40990A3C: ConfigurationManager, init=-1: [9b10aba0-cc5c-407b-9285-7072d29b9deb:192.168.164.210:44092], old=null, confs=<EMPTY_MAP>
2019-11-14 22:53:37,828 [pool-637-thread-1] INFO  server.RaftServerConfigKeys (ConfUtils.java:logGet(43)) - raft.server.storage.dir = [/workdir/hadoop-ozone/integration-test/target/test-dir/MiniOzoneClusterImpl-c304fa79-6e7f-43ac-8564-360665bd8c65/datanode-8/data/ratis] (custom)
2019-11-14 22:53:37,828 [pool-637-thread-1] INFO  server.RaftServerConfigKeys (ConfUtils.java:logGet(43)) - raft.server.log.corruption.policy = EXCEPTION (default)
2019-11-14 22:53:37,829 [pool-637-thread-1] INFO  storage.RaftStorageDirectory (RaftStorageDirectory.java:analyzeStorage(246)) - The storage directory /workdir/hadoop-ozone/integration-test/target/test-dir/MiniOzoneClusterImpl-c304fa79-6e7f-43ac-8564-360665bd8c65/datanode-8/data/ratis/eca49d81-3727-4b90-a5b9-f5bc40990a3c does not exist. Creating ...
2019-11-14 22:53:37,842 [pool-637-thread-1] INFO  storage.RaftStorageDirectory (RaftStorageDirectory.java:tryLock(328)) - Lock on /workdir/hadoop-ozone/integration-test/target/test-dir/MiniOzoneClusterImpl-c304fa79-6e7f-43ac-8564-360665bd8c65/datanode-8/data/ratis/eca49d81-3727-4b90-a5b9-f5bc40990a3c/in_use.lock acquired by nodename 20539@pr-hdds-2448-del-container-qmj8s-3203767274
2019-11-14 22:53:37,865 [pool-637-thread-1] INFO  storage.RaftStorage (RaftStorage.java:format(84)) - Storage directory /workdir/hadoop-ozone/integration-test/target/test-dir/MiniOzoneClusterImpl-c304fa79-6e7f-43ac-8564-360665bd8c65/datanode-8/data/ratis/eca49d81-3727-4b90-a5b9-f5bc40990a3c has been successfully formatted.
2019-11-14 22:53:37,866 [pool-637-thread-1] INFO  ratis.ContainerStateMachine (ContainerStateMachine.java:loadSnapshot(223)) - group-F5BC40990A3C: The snapshot info is null. Setting the last applied indexto:(t:0, i:~)
2019-11-14 22:53:37,866 [pool-637-thread-1] INFO  server.RaftServerConfigKeys (ConfUtils.java:logGet(43)) - raft.server.notification.no-leader.timeout = 120s (custom)
2019-11-14 22:53:37,866 [pool-637-thread-1] INFO  server.RaftServerConfigKeys (ConfUtils.java:logGet(43)) - raft.server.log.use.memory = false (default)
2019-11-14 22:53:37,866 [pool-637-thread-1] INFO  server.RaftServerConfigKeys (ConfUtils.java:logGet(43)) - raft.server.log.purge.gap = 1000000 (custom)
2019-11-14 22:53:37,866 [pool-637-thread-1] INFO  server.RaftServerConfigKeys (ConfUtils.java:logGet(43)) - raft.server.log.appender.buffer.byte-limit = 33554432 (custom)
2019-11-14 22:53:37,866 [pool-637-thread-1] INFO  server.RaftServerConfigKeys (ConfUtils.java:logGet(43)) - raft.server.log.segment.size.max = 1048576 (custom)
2019-11-14 22:53:37,867 [pool-637-thread-1] INFO  server.RaftServerConfigKeys (ConfUtils.java:logGet(43)) - raft.server.log.segment.cache.num.max = 2 (custom)
2019-11-14 22:53:37,867 [pool-637-thread-1] INFO  segmented.SegmentedRaftLogWorker (SegmentedRaftLogWorker.java:<init>(173)) - new 9b10aba0-cc5c-407b-9285-7072d29b9deb@group-F5BC40990A3C-SegmentedRaftLogWorker for RaftStorage:Storage Directory /workdir/hadoop-ozone/integration-test/target/test-dir/MiniOzoneClusterImpl-c304fa79-6e7f-43ac-8564-360665bd8c65/datanode-8/data/ratis/eca49d81-3727-4b90-a5b9-f5bc40990a3c
2019-11-14 22:53:37,867 [pool-637-thread-1] INFO  server.RaftServerConfigKeys (ConfUtils.java:logGet(43)) - raft.server.log.queue.byte-limit = 2147483647 (custom)
2019-11-14 22:53:37,867 [pool-637-thread-1] INFO  server.RaftServerConfigKeys (ConfUtils.java:logGet(43)) - raft.server.log.queue.element-limit = 1024 (custom)
2019-11-14 22:53:37,867 [pool-637-thread-1] INFO  server.RaftServerConfigKeys (ConfUtils.java:logGet(43)) - raft.server.log.segment.size.max = 1048576 (custom)
2019-11-14 22:53:37,867 [pool-637-thread-1] INFO  server.RaftServerConfigKeys (ConfUtils.java:logGet(43)) - raft.server.log.preallocated.size = 16384 (custom)
2019-11-14 22:53:37,868 [pool-637-thread-1] INFO  server.RaftServerConfigKeys (ConfUtils.java:logGet(43)) - raft.server.log.write.buffer.size = 33554432 (custom)
2019-11-14 22:53:37,868 [pool-637-thread-1] INFO  server.RaftServerConfigKeys (ConfUtils.java:logGet(43)) - raft.server.log.force.sync.num = 128 (default)
2019-11-14 22:53:37,868 [pool-637-thread-1] INFO  server.RaftServerConfigKeys (ConfUtils.java:logGet(43)) - raft.server.log.statemachine.data.sync = true (default)
2019-11-14 22:53:37,868 [pool-637-thread-1] INFO  server.RaftServerConfigKeys (ConfUtils.java:logGet(43)) - raft.server.log.statemachine.data.sync.timeout = 10s (default)
2019-11-14 22:53:37,868 [pool-637-thread-1] INFO  server.RaftServerConfigKeys (ConfUtils.java:logGet(43)) - raft.server.log.statemachine.data.sync.timeout.retry = -1 (default)
2019-11-14 22:53:37,868 [pool-637-thread-1] INFO  server.RaftServerConfigKeys (ConfUtils.java:logGet(43)) - raft.server.log.statemachine.data.caching.enabled = true (custom)
2019-11-14 22:53:37,869 [pool-637-thread-1] INFO  segmented.SegmentedRaftLogWorker (SegmentedRaftLogWorker.java:lambda$new$0(128)) - 9b10aba0-cc5c-407b-9285-7072d29b9deb@group-F5BC40990A3C-SegmentedRaftLogWorker: flushIndex: setUnconditionally 0 -> -1
2019-11-14 22:53:37,869 [pool-637-thread-1] INFO  server.RaftServerConfigKeys (ConfUtils.java:logGet(43)) - raft.server.snapshot.auto.trigger.enabled = true (custom)
2019-11-14 22:53:37,869 [pool-637-thread-1] INFO  server.RaftServerConfigKeys (ConfUtils.java:logGet(43)) - raft.server.snapshot.auto.trigger.threshold = 10000 (custom)
2019-11-14 22:53:37,869 [pool-637-thread-1] INFO  server.RaftServerConfigKeys (ConfUtils.java:logGet(43)) - raft.server.snapshot.retention.file.num = 5 (custom)
2019-11-14 22:53:37,869 [pool-637-thread-1] INFO  server.RaftServerConfigKeys (ConfUtils.java:logGet(43)) - raft.server.retrycache.expirytime = 600000ms (custom)
2019-11-14 22:53:37,869 [pool-637-thread-1] WARN  impl.MetricRegistriesImpl (MetricRegistriesImpl.java:lambda$create$1(61)) - First MetricRegistry has been created without registering reporters. You may need to call MetricRegistries.global().addReportRegistration(...) before.
2019-11-14 22:53:37,870 [pool-637-thread-1] WARN  impl.MetricRegistriesImpl (MetricRegistriesImpl.java:lambda$create$1(61)) - First MetricRegistry has been created without registering reporters. You may need to call MetricRegistries.global().addReportRegistration(...) before.
2019-11-14 22:53:37,870 [pool-637-thread-1] INFO  impl.RaftServerImpl (RaftServerImpl.java:start(184)) - 9b10aba0-cc5c-407b-9285-7072d29b9deb@group-F5BC40990A3C: start as a follower, conf=-1: [9b10aba0-cc5c-407b-9285-7072d29b9deb:192.168.164.210:44092], old=null
2019-11-14 22:53:37,870 [pool-637-thread-1] INFO  impl.RaftServerImpl (RaftServerImpl.java:setRole(173)) - 9b10aba0-cc5c-407b-9285-7072d29b9deb@group-F5BC40990A3C: changes role from      null to FOLLOWER at term 0 for startAsFollower
2019-11-14 22:53:37,870 [pool-637-thread-1] INFO  impl.RoleInfo (RoleInfo.java:updateAndGet(143)) - 9b10aba0-cc5c-407b-9285-7072d29b9deb: start FollowerState
2019-11-14 22:53:37,871 [pool-637-thread-1] INFO  util.JmxRegister (JmxRegister.java:tryRegister(44)) - Successfully registered JMX Bean with object name Ratis:service=RaftServer,group=group-F5BC40990A3C,id=9b10aba0-cc5c-407b-9285-7072d29b9deb
2019-11-14 22:53:37,871 [pool-637-thread-1] WARN  impl.MetricRegistriesImpl (MetricRegistriesImpl.java:lambda$create$1(61)) - First MetricRegistry has been created without registering reporters. You may need to call MetricRegistries.global().addReportRegistration(...) before.
2019-11-14 22:53:37,873 [RatisPipelineUtilsThread] INFO  pipeline.PipelineStateManager (PipelineStateManager.java:addPipeline(55)) - Created pipeline Pipeline[ Id: eca49d81-3727-4b90-a5b9-f5bc40990a3c, Nodes: 9b10aba0-cc5c-407b-9285-7072d29b9deb{ip: 192.168.164.210, host: pr-hdds-2448-del-container-qmj8s-3203767274, networkLocation: /rack1, certSerialId: null}, Type:RATIS, Factor:ONE, State:ALLOCATED]
2019-11-14 22:53:37,874 [Thread-4245] INFO  pipeline.PipelineStateManager (PipelineStateManager.java:finalizePipeline(121)) - Pipeline Pipeline[ Id: 078bad0d-1d16-4d11-b4ef-3585028410d3, Nodes: 2e7f8c24-c608-431c-b6d8-707cc816ba74{ip: 192.168.164.210, host: pr-hdds-2448-del-container-qmj8s-3203767274, networkLocation: /rack1, certSerialId: null}0261bc30-8b8d-4db7-80aa-965ad1e19f13{ip: 192.168.164.210, host: pr-hdds-2448-del-container-qmj8s-3203767274, networkLocation: /rack1, certSerialId: null}8c93cdd4-5606-4221-9500-0bbe6d2ac50a{ip: 192.168.164.210, host: pr-hdds-2448-del-container-qmj8s-3203767274, networkLocation: /rack1, certSerialId: null}, Type:RATIS, Factor:THREE, State:CLOSED] moved to CLOSED state
2019-11-14 22:53:37,876 [grpc-default-executor-5] INFO  impl.RaftServerProxy (RaftServerProxy.java:remove(95)) - 2e7f8c24-c608-431c-b6d8-707cc816ba74: remove  FOLLOWER 2e7f8c24-c608-431c-b6d8-707cc816ba74@group-3585028410D3:t1, leader=8c93cdd4-5606-4221-9500-0bbe6d2ac50a, voted=8c93cdd4-5606-4221-9500-0bbe6d2ac50a, raftlog=2e7f8c24-c608-431c-b6d8-707cc816ba74@group-3585028410D3-SegmentedRaftLog:OPENED:c0,f0,i0, conf=0: [2e7f8c24-c608-431c-b6d8-707cc816ba74:192.168.164.210:38009, 8c93cdd4-5606-4221-9500-0bbe6d2ac50a:192.168.164.210:37665, 0261bc30-8b8d-4db7-80aa-965ad1e19f13:192.168.164.210:35118], old=null RUNNING
2019-11-14 22:53:37,876 [grpc-default-executor-5] INFO  impl.RaftServerImpl (RaftServerImpl.java:lambda$shutdown$3(250)) - 2e7f8c24-c608-431c-b6d8-707cc816ba74@group-3585028410D3: shutdown
2019-11-14 22:53:37,877 [grpc-default-executor-5] INFO  util.JmxRegister (JmxRegister.java:unregister(73)) - Successfully un-registered JMX Bean with object name Ratis:service=RaftServer,group=group-3585028410D3,id=2e7f8c24-c608-431c-b6d8-707cc816ba74
2019-11-14 22:53:37,877 [grpc-default-executor-5] INFO  impl.RoleInfo (RoleInfo.java:shutdownFollowerState(121)) - 2e7f8c24-c608-431c-b6d8-707cc816ba74: shutdown FollowerState
2019-11-14 22:53:37,877 [grpc-default-executor-5] INFO  impl.StateMachineUpdater (StateMachineUpdater.java:stopAndJoin(136)) - 2e7f8c24-c608-431c-b6d8-707cc816ba74@group-3585028410D3-StateMachineUpdater: set stopIndex = 0
2019-11-14 22:53:37,877 [Thread-4330] INFO  impl.FollowerState (FollowerState.java:run(120)) - 2e7f8c24-c608-431c-b6d8-707cc816ba74@group-3585028410D3-FollowerState was interrupted: java.lang.InterruptedException: sleep interrupted
2019-11-14 22:53:37,877 [grpc-default-executor-5] INFO  impl.RaftServerImpl (ServerState.java:close(387)) - 2e7f8c24-c608-431c-b6d8-707cc816ba74@group-3585028410D3: closes. applyIndex: 0
2019-11-14 22:53:37,877 [2e7f8c24-c608-431c-b6d8-707cc816ba74@group-3585028410D3-SegmentedRaftLogWorker] INFO  segmented.SegmentedRaftLogWorker (SegmentedRaftLogWorker.java:run(316)) - 2e7f8c24-c608-431c-b6d8-707cc816ba74@group-3585028410D3-SegmentedRaftLogWorker was interrupted, exiting. There are 0 tasks remaining in the queue.
2019-11-14 22:53:37,880 [grpc-default-executor-5] INFO  segmented.SegmentedRaftLogWorker (SegmentedRaftLogWorker.java:close(224)) - 2e7f8c24-c608-431c-b6d8-707cc816ba74@group-3585028410D3-SegmentedRaftLogWorker close()
2019-11-14 22:53:37,886 [grpc-default-executor-5] INFO  impl.RaftServerProxy (RaftServerProxy.java:remove(95)) - 0261bc30-8b8d-4db7-80aa-965ad1e19f13: remove  FOLLOWER 0261bc30-8b8d-4db7-80aa-965ad1e19f13@group-3585028410D3:t1, leader=8c93cdd4-5606-4221-9500-0bbe6d2ac50a, voted=8c93cdd4-5606-4221-9500-0bbe6d2ac50a, raftlog=0261bc30-8b8d-4db7-80aa-965ad1e19f13@group-3585028410D3-SegmentedRaftLog:OPENED:c0,f0,i0, conf=0: [2e7f8c24-c608-431c-b6d8-707cc816ba74:192.168.164.210:38009, 8c93cdd4-5606-4221-9500-0bbe6d2ac50a:192.168.164.210:37665, 0261bc30-8b8d-4db7-80aa-965ad1e19f13:192.168.164.210:35118], old=null RUNNING
2019-11-14 22:53:37,887 [grpc-default-executor-5] INFO  impl.RaftServerImpl (RaftServerImpl.java:lambda$shutdown$3(250)) - 0261bc30-8b8d-4db7-80aa-965ad1e19f13@group-3585028410D3: shutdown
2019-11-14 22:53:37,887 [grpc-default-executor-5] INFO  util.JmxRegister (JmxRegister.java:unregister(73)) - Successfully un-registered JMX Bean with object name Ratis:service=RaftServer,group=group-3585028410D3,id=0261bc30-8b8d-4db7-80aa-965ad1e19f13
2019-11-14 22:53:37,887 [grpc-default-executor-5] INFO  impl.RoleInfo (RoleInfo.java:shutdownFollowerState(121)) - 0261bc30-8b8d-4db7-80aa-965ad1e19f13: shutdown FollowerState
2019-11-14 22:53:37,887 [grpc-default-executor-5] INFO  impl.StateMachineUpdater (StateMachineUpdater.java:stopAndJoin(136)) - 0261bc30-8b8d-4db7-80aa-965ad1e19f13@group-3585028410D3-StateMachineUpdater: set stopIndex = 0
2019-11-14 22:53:37,887 [Thread-4331] INFO  impl.FollowerState (FollowerState.java:run(120)) - 0261bc30-8b8d-4db7-80aa-965ad1e19f13@group-3585028410D3-FollowerState was interrupted: java.lang.InterruptedException: sleep interrupted
2019-11-14 22:53:37,887 [grpc-default-executor-5] INFO  impl.RaftServerImpl (ServerState.java:close(387)) - 0261bc30-8b8d-4db7-80aa-965ad1e19f13@group-3585028410D3: closes. applyIndex: 0
2019-11-14 22:53:37,887 [0261bc30-8b8d-4db7-80aa-965ad1e19f13@group-3585028410D3-SegmentedRaftLogWorker] INFO  segmented.SegmentedRaftLogWorker (SegmentedRaftLogWorker.java:run(316)) - 0261bc30-8b8d-4db7-80aa-965ad1e19f13@group-3585028410D3-SegmentedRaftLogWorker was interrupted, exiting. There are 0 tasks remaining in the queue.
2019-11-14 22:53:37,890 [grpc-default-executor-5] INFO  segmented.SegmentedRaftLogWorker (SegmentedRaftLogWorker.java:close(224)) - 0261bc30-8b8d-4db7-80aa-965ad1e19f13@group-3585028410D3-SegmentedRaftLogWorker close()
2019-11-14 22:53:37,907 [grpc-default-executor-5] INFO  impl.RaftServerProxy (RaftServerProxy.java:remove(95)) - 8c93cdd4-5606-4221-9500-0bbe6d2ac50a: remove    LEADER 8c93cdd4-5606-4221-9500-0bbe6d2ac50a@group-3585028410D3:t1, leader=8c93cdd4-5606-4221-9500-0bbe6d2ac50a, voted=8c93cdd4-5606-4221-9500-0bbe6d2ac50a, raftlog=8c93cdd4-5606-4221-9500-0bbe6d2ac50a@group-3585028410D3-SegmentedRaftLog:OPENED:c0,f0,i0, conf=0: [2e7f8c24-c608-431c-b6d8-707cc816ba74:192.168.164.210:38009, 8c93cdd4-5606-4221-9500-0bbe6d2ac50a:192.168.164.210:37665, 0261bc30-8b8d-4db7-80aa-965ad1e19f13:192.168.164.210:35118], old=null RUNNING
2019-11-14 22:53:37,908 [grpc-default-executor-5] INFO  impl.RaftServerImpl (RaftServerImpl.java:lambda$shutdown$3(250)) - 8c93cdd4-5606-4221-9500-0bbe6d2ac50a@group-3585028410D3: shutdown
2019-11-14 22:53:37,908 [grpc-default-executor-5] INFO  util.JmxRegister (JmxRegister.java:unregister(73)) - Successfully un-registered JMX Bean with object name Ratis:service=RaftServer,group=group-3585028410D3,id=8c93cdd4-5606-4221-9500-0bbe6d2ac50a
2019-11-14 22:53:37,908 [grpc-default-executor-5] INFO  impl.RoleInfo (RoleInfo.java:shutdownLeaderState(104)) - 8c93cdd4-5606-4221-9500-0bbe6d2ac50a: shutdown LeaderState
2019-11-14 22:53:37,911 [grpc-default-executor-5] INFO  impl.PendingRequests (PendingRequests.java:sendNotLeaderResponses(206)) - 8c93cdd4-5606-4221-9500-0bbe6d2ac50a@group-3585028410D3-PendingRequests: sendNotLeaderResponses
2019-11-14 22:53:37,911 [org.apache.ratis.server.impl.LogAppender$AppenderDaemon$$Lambda$475/1389080355@60322e22] WARN  server.GrpcLogAppender (GrpcLogAppender.java:mayWait(151)) - 8c93cdd4-5606-4221-9500-0bbe6d2ac50a@group-3585028410D3->2e7f8c24-c608-431c-b6d8-707cc816ba74-GrpcLogAppender: Wait interrupted by java.lang.InterruptedException
2019-11-14 22:53:37,911 [grpc-default-executor-5] INFO  impl.StateMachineUpdater (StateMachineUpdater.java:stopAndJoin(136)) - 8c93cdd4-5606-4221-9500-0bbe6d2ac50a@group-3585028410D3-StateMachineUpdater: set stopIndex = 0
2019-11-14 22:53:37,911 [org.apache.ratis.server.impl.LogAppender$AppenderDaemon$$Lambda$475/1389080355@2530ac40] WARN  server.GrpcLogAppender (GrpcLogAppender.java:mayWait(151)) - 8c93cdd4-5606-4221-9500-0bbe6d2ac50a@group-3585028410D3->0261bc30-8b8d-4db7-80aa-965ad1e19f13-GrpcLogAppender: Wait interrupted by java.lang.InterruptedException
2019-11-14 22:53:37,912 [grpc-default-executor-5] INFO  impl.RaftServerImpl (ServerState.java:close(387)) - 8c93cdd4-5606-4221-9500-0bbe6d2ac50a@group-3585028410D3: closes. applyIndex: 0
2019-11-14 22:53:37,912 [grpc-default-executor-6] INFO  server.GrpcServerProtocolService (GrpcServerProtocolService.java:onCompleted(113)) - 2e7f8c24-c608-431c-b6d8-707cc816ba74: Completed APPEND_ENTRIES, lastRequest: 8c93cdd4-5606-4221-9500-0bbe6d2ac50a->2e7f8c24-c608-431c-b6d8-707cc816ba74#4-t1, previous=(t:1, i:0), leaderCommit=0, initializing? false, entries: <empty>
2019-11-14 22:53:37,912 [8c93cdd4-5606-4221-9500-0bbe6d2ac50a@group-3585028410D3-SegmentedRaftLogWorker] INFO  segmented.SegmentedRaftLogWorker (SegmentedRaftLogWorker.java:run(316)) - 8c93cdd4-5606-4221-9500-0bbe6d2ac50a@group-3585028410D3-SegmentedRaftLogWorker was interrupted, exiting. There are 0 tasks remaining in the queue.
2019-11-14 22:53:37,912 [grpc-default-executor-4] INFO  server.GrpcServerProtocolService (GrpcServerProtocolService.java:onCompleted(113)) - 0261bc30-8b8d-4db7-80aa-965ad1e19f13: Completed APPEND_ENTRIES, lastRequest: 8c93cdd4-5606-4221-9500-0bbe6d2ac50a->0261bc30-8b8d-4db7-80aa-965ad1e19f13#4-t1, previous=(t:1, i:0), leaderCommit=0, initializing? false, entries: <empty>
2019-11-14 22:53:37,912 [grpc-default-executor-6] INFO  server.GrpcLogAppender (GrpcLogAppender.java:onCompleted(308)) - 8c93cdd4-5606-4221-9500-0bbe6d2ac50a@group-3585028410D3->2e7f8c24-c608-431c-b6d8-707cc816ba74-AppendLogResponseHandler: follower responses appendEntries COMPLETED
2019-11-14 22:53:37,912 [grpc-default-executor-5] INFO  segmented.SegmentedRaftLogWorker (SegmentedRaftLogWorker.java:close(224)) - 8c93cdd4-5606-4221-9500-0bbe6d2ac50a@group-3585028410D3-SegmentedRaftLogWorker close()
2019-11-14 22:53:37,912 [grpc-default-executor-4] INFO  server.GrpcLogAppender (GrpcLogAppender.java:onCompleted(308)) - 8c93cdd4-5606-4221-9500-0bbe6d2ac50a@group-3585028410D3->0261bc30-8b8d-4db7-80aa-965ad1e19f13-AppendLogResponseHandler: follower responses appendEntries COMPLETED
2019-11-14 22:53:37,914 [grpc-default-executor-6] INFO  impl.FollowerInfo (FollowerInfo.java:lambda$new$0(51)) - 8c93cdd4-5606-4221-9500-0bbe6d2ac50a@group-3585028410D3->2e7f8c24-c608-431c-b6d8-707cc816ba74: nextIndex: updateUnconditionally 1 -> 0
2019-11-14 22:53:37,914 [grpc-default-executor-4] INFO  impl.FollowerInfo (FollowerInfo.java:lambda$new$0(51)) - 8c93cdd4-5606-4221-9500-0bbe6d2ac50a@group-3585028410D3->0261bc30-8b8d-4db7-80aa-965ad1e19f13: nextIndex: updateUnconditionally 1 -> 0
2019-11-14 22:53:37,915 [Thread-4245] INFO  pipeline.PipelineStateManager (PipelineStateManager.java:removePipeline(106)) - Pipeline Pipeline[ Id: 078bad0d-1d16-4d11-b4ef-3585028410d3, Nodes: 2e7f8c24-c608-431c-b6d8-707cc816ba74{ip: 192.168.164.210, host: pr-hdds-2448-del-container-qmj8s-3203767274, networkLocation: /rack1, certSerialId: null}0261bc30-8b8d-4db7-80aa-965ad1e19f13{ip: 192.168.164.210, host: pr-hdds-2448-del-container-qmj8s-3203767274, networkLocation: /rack1, certSerialId: null}8c93cdd4-5606-4221-9500-0bbe6d2ac50a{ip: 192.168.164.210, host: pr-hdds-2448-del-container-qmj8s-3203767274, networkLocation: /rack1, certSerialId: null}, Type:RATIS, Factor:THREE, State:CLOSED] removed from db
2019-11-14 22:53:37,915 [Thread-4245] INFO  pipeline.SCMPipelineManager (SCMPipelineManager.java:finalizeAndDestroyPipeline(315)) - destroying pipeline:Pipeline[ Id: 0937e5e0-133f-4c39-af56-ef7a66731833, Nodes: 377585f1-7b09-4361-841d-f3e5d0778973{ip: 192.168.164.210, host: pr-hdds-2448-del-container-qmj8s-3203767274, networkLocation: /rack1, certSerialId: null}9969a5d9-fcab-46ad-a887-333766046ab2{ip: 192.168.164.210, host: pr-hdds-2448-del-container-qmj8s-3203767274, networkLocation: /rack1, certSerialId: null}1557401b-269c-4760-ad9d-3babb3e549ee{ip: 192.168.164.210, host: pr-hdds-2448-del-container-qmj8s-3203767274, networkLocation: /rack1, certSerialId: null}, Type:RATIS, Factor:THREE, State:OPEN]
2019-11-14 22:53:37,927 [grpc-default-executor-6] INFO  impl.RaftServerProxy (RaftServerProxy.java:addNew(89)) - 8c93cdd4-5606-4221-9500-0bbe6d2ac50a: addNew group-BC97297BA0D4:[2e7f8c24-c608-431c-b6d8-707cc816ba74:192.168.164.210:38009, 8c93cdd4-5606-4221-9500-0bbe6d2ac50a:192.168.164.210:37665, 0261bc30-8b8d-4db7-80aa-965ad1e19f13:192.168.164.210:35118] returns group-BC97297BA0D4:java.util.concurrent.CompletableFuture@2ea68422[Not completed]
2019-11-14 22:53:37,927 [grpc-default-executor-5] INFO  impl.RaftServerProxy (RaftServerProxy.java:addNew(89)) - 0261bc30-8b8d-4db7-80aa-965ad1e19f13: addNew group-BC97297BA0D4:[2e7f8c24-c608-431c-b6d8-707cc816ba74:192.168.164.210:38009, 8c93cdd4-5606-4221-9500-0bbe6d2ac50a:192.168.164.210:37665, 0261bc30-8b8d-4db7-80aa-965ad1e19f13:192.168.164.210:35118] returns group-BC97297BA0D4:java.util.concurrent.CompletableFuture@bbde56c[Not completed]
2019-11-14 22:53:37,928 [grpc-default-executor-5] INFO  impl.RaftServerProxy (RaftServerProxy.java:addNew(89)) - 2e7f8c24-c608-431c-b6d8-707cc816ba74: addNew group-BC97297BA0D4:[2e7f8c24-c608-431c-b6d8-707cc816ba74:192.168.164.210:38009, 8c93cdd4-5606-4221-9500-0bbe6d2ac50a:192.168.164.210:37665, 0261bc30-8b8d-4db7-80aa-965ad1e19f13:192.168.164.210:35118] returns group-BC97297BA0D4:java.util.concurrent.CompletableFuture@35a5917[Not completed]
2019-11-14 22:53:37,928 [pool-604-thread-1] INFO  impl.RaftServerImpl (RaftServerImpl.java:<init>(98)) - 8c93cdd4-5606-4221-9500-0bbe6d2ac50a: new RaftServerImpl for group-BC97297BA0D4:[2e7f8c24-c608-431c-b6d8-707cc816ba74:192.168.164.210:38009, 8c93cdd4-5606-4221-9500-0bbe6d2ac50a:192.168.164.210:37665, 0261bc30-8b8d-4db7-80aa-965ad1e19f13:192.168.164.210:35118] with ContainerStateMachine:uninitialized
2019-11-14 22:53:37,929 [pool-604-thread-1] INFO  server.RaftServerConfigKeys (ConfUtils.java:logGet(43)) - raft.server.rpc.timeout.min = 1s (custom)
2019-11-14 22:53:37,929 [pool-604-thread-1] INFO  server.RaftServerConfigKeys (ConfUtils.java:logGet(43)) - raft.server.rpc.timeout.max = 1200ms (custom)
2019-11-14 22:53:37,929 [pool-604-thread-1] INFO  server.RaftServerConfigKeys (ConfUtils.java:logGet(43)) - raft.server.rpcslowness.timeout = 120s (custom)
2019-11-14 22:53:37,929 [pool-604-thread-1] INFO  server.RaftServerConfigKeys (ConfUtils.java:logGet(43)) - raft.server.sleep.deviation.threshold = 300 (default)
2019-11-14 22:53:37,929 [pool-604-thread-1] INFO  server.RaftServerConfigKeys (ConfUtils.java:logGet(43)) - raft.server.log.appender.install.snapshot.enabled = false (custom)
2019-11-14 22:53:37,929 [pool-604-thread-1] INFO  impl.RaftServerImpl (ServerState.java:<init>(103)) - 8c93cdd4-5606-4221-9500-0bbe6d2ac50a@group-BC97297BA0D4: ConfigurationManager, init=-1: [2e7f8c24-c608-431c-b6d8-707cc816ba74:192.168.164.210:38009, 8c93cdd4-5606-4221-9500-0bbe6d2ac50a:192.168.164.210:37665, 0261bc30-8b8d-4db7-80aa-965ad1e19f13:192.168.164.210:35118], old=null, confs=<EMPTY_MAP>
2019-11-14 22:53:37,929 [pool-604-thread-1] INFO  server.RaftServerConfigKeys (ConfUtils.java:logGet(43)) - raft.server.storage.dir = [/workdir/hadoop-ozone/integration-test/target/test-dir/MiniOzoneClusterImpl-c304fa79-6e7f-43ac-8564-360665bd8c65/datanode-5/data/ratis] (custom)
2019-11-14 22:53:37,929 [pool-582-thread-1] INFO  impl.RaftServerImpl (RaftServerImpl.java:<init>(98)) - 2e7f8c24-c608-431c-b6d8-707cc816ba74: new RaftServerImpl for group-BC97297BA0D4:[2e7f8c24-c608-431c-b6d8-707cc816ba74:192.168.164.210:38009, 8c93cdd4-5606-4221-9500-0bbe6d2ac50a:192.168.164.210:37665, 0261bc30-8b8d-4db7-80aa-965ad1e19f13:192.168.164.210:35118] with ContainerStateMachine:uninitialized
2019-11-14 22:53:37,929 [pool-604-thread-1] INFO  server.RaftServerConfigKeys (ConfUtils.java:logGet(43)) - raft.server.log.corruption.policy = EXCEPTION (default)
2019-11-14 22:53:37,929 [pool-582-thread-1] INFO  server.RaftServerConfigKeys (ConfUtils.java:logGet(43)) - raft.server.rpc.timeout.min = 1s (custom)
2019-11-14 22:53:37,930 [pool-582-thread-1] INFO  server.RaftServerConfigKeys (ConfUtils.java:logGet(43)) - raft.server.rpc.timeout.max = 1200ms (custom)
2019-11-14 22:53:37,930 [pool-604-thread-1] INFO  storage.RaftStorageDirectory (RaftStorageDirectory.java:analyzeStorage(246)) - The storage directory /workdir/hadoop-ozone/integration-test/target/test-dir/MiniOzoneClusterImpl-c304fa79-6e7f-43ac-8564-360665bd8c65/datanode-5/data/ratis/5426f1d3-bf87-45f4-824f-bc97297ba0d4 does not exist. Creating ...
2019-11-14 22:53:37,930 [pool-582-thread-1] INFO  server.RaftServerConfigKeys (ConfUtils.java:logGet(43)) - raft.server.rpcslowness.timeout = 120s (custom)
2019-11-14 22:53:37,930 [pool-593-thread-1] INFO  impl.RaftServerImpl (RaftServerImpl.java:<init>(98)) - 0261bc30-8b8d-4db7-80aa-965ad1e19f13: new RaftServerImpl for group-BC97297BA0D4:[2e7f8c24-c608-431c-b6d8-707cc816ba74:192.168.164.210:38009, 8c93cdd4-5606-4221-9500-0bbe6d2ac50a:192.168.164.210:37665, 0261bc30-8b8d-4db7-80aa-965ad1e19f13:192.168.164.210:35118] with ContainerStateMachine:uninitialized
2019-11-14 22:53:37,930 [pool-582-thread-1] INFO  server.RaftServerConfigKeys (ConfUtils.java:logGet(43)) - raft.server.sleep.deviation.threshold = 300 (default)
2019-11-14 22:53:37,930 [pool-593-thread-1] INFO  server.RaftServerConfigKeys (ConfUtils.java:logGet(43)) - raft.server.rpc.timeout.min = 1s (custom)
2019-11-14 22:53:37,930 [pool-582-thread-1] INFO  server.RaftServerConfigKeys (ConfUtils.java:logGet(43)) - raft.server.log.appender.install.snapshot.enabled = false (custom)
2019-11-14 22:53:37,930 [pool-593-thread-1] INFO  server.RaftServerConfigKeys (ConfUtils.java:logGet(43)) - raft.server.rpc.timeout.max = 1200ms (custom)
2019-11-14 22:53:37,930 [pool-582-thread-1] INFO  impl.RaftServerImpl (ServerState.java:<init>(103)) - 2e7f8c24-c608-431c-b6d8-707cc816ba74@group-BC97297BA0D4: ConfigurationManager, init=-1: [2e7f8c24-c608-431c-b6d8-707cc816ba74:192.168.164.210:38009, 8c93cdd4-5606-4221-9500-0bbe6d2ac50a:192.168.164.210:37665, 0261bc30-8b8d-4db7-80aa-965ad1e19f13:192.168.164.210:35118], old=null, confs=<EMPTY_MAP>
2019-11-14 22:53:37,930 [pool-593-thread-1] INFO  server.RaftServerConfigKeys (ConfUtils.java:logGet(43)) - raft.server.rpcslowness.timeout = 120s (custom)
2019-11-14 22:53:37,930 [pool-582-thread-1] INFO  server.RaftServerConfigKeys (ConfUtils.java:logGet(43)) - raft.server.storage.dir = [/workdir/hadoop-ozone/integration-test/target/test-dir/MiniOzoneClusterImpl-c304fa79-6e7f-43ac-8564-360665bd8c65/datanode-3/data/ratis] (custom)
2019-11-14 22:53:37,930 [pool-593-thread-1] INFO  server.RaftServerConfigKeys (ConfUtils.java:logGet(43)) - raft.server.sleep.deviation.threshold = 300 (default)
2019-11-14 22:53:37,931 [pool-593-thread-1] INFO  server.RaftServerConfigKeys (ConfUtils.java:logGet(43)) - raft.server.log.appender.install.snapshot.enabled = false (custom)
2019-11-14 22:53:37,931 [pool-582-thread-1] INFO  server.RaftServerConfigKeys (ConfUtils.java:logGet(43)) - raft.server.log.corruption.policy = EXCEPTION (default)
2019-11-14 22:53:37,931 [pool-593-thread-1] INFO  impl.RaftServerImpl (ServerState.java:<init>(103)) - 0261bc30-8b8d-4db7-80aa-965ad1e19f13@group-BC97297BA0D4: ConfigurationManager, init=-1: [2e7f8c24-c608-431c-b6d8-707cc816ba74:192.168.164.210:38009, 8c93cdd4-5606-4221-9500-0bbe6d2ac50a:192.168.164.210:37665, 0261bc30-8b8d-4db7-80aa-965ad1e19f13:192.168.164.210:35118], old=null, confs=<EMPTY_MAP>
2019-11-14 22:53:37,931 [pool-582-thread-1] INFO  storage.RaftStorageDirectory (RaftStorageDirectory.java:analyzeStorage(246)) - The storage directory /workdir/hadoop-ozone/integration-test/target/test-dir/MiniOzoneClusterImpl-c304fa79-6e7f-43ac-8564-360665bd8c65/datanode-3/data/ratis/5426f1d3-bf87-45f4-824f-bc97297ba0d4 does not exist. Creating ...
2019-11-14 22:53:37,931 [pool-593-thread-1] INFO  server.RaftServerConfigKeys (ConfUtils.java:logGet(43)) - raft.server.storage.dir = [/workdir/hadoop-ozone/integration-test/target/test-dir/MiniOzoneClusterImpl-c304fa79-6e7f-43ac-8564-360665bd8c65/datanode-4/data/ratis] (custom)
2019-11-14 22:53:37,931 [pool-593-thread-1] INFO  server.RaftServerConfigKeys (ConfUtils.java:logGet(43)) - raft.server.log.corruption.policy = EXCEPTION (default)
2019-11-14 22:53:37,931 [pool-593-thread-1] INFO  storage.RaftStorageDirectory (RaftStorageDirectory.java:analyzeStorage(246)) - The storage directory /workdir/hadoop-ozone/integration-test/target/test-dir/MiniOzoneClusterImpl-c304fa79-6e7f-43ac-8564-360665bd8c65/datanode-4/data/ratis/5426f1d3-bf87-45f4-824f-bc97297ba0d4 does not exist. Creating ...
2019-11-14 22:53:37,943 [pool-593-thread-1] INFO  storage.RaftStorageDirectory (RaftStorageDirectory.java:tryLock(328)) - Lock on /workdir/hadoop-ozone/integration-test/target/test-dir/MiniOzoneClusterImpl-c304fa79-6e7f-43ac-8564-360665bd8c65/datanode-4/data/ratis/5426f1d3-bf87-45f4-824f-bc97297ba0d4/in_use.lock acquired by nodename 20539@pr-hdds-2448-del-container-qmj8s-3203767274
2019-11-14 22:53:37,943 [pool-582-thread-1] INFO  storage.RaftStorageDirectory (RaftStorageDirectory.java:tryLock(328)) - Lock on /workdir/hadoop-ozone/integration-test/target/test-dir/MiniOzoneClusterImpl-c304fa79-6e7f-43ac-8564-360665bd8c65/datanode-3/data/ratis/5426f1d3-bf87-45f4-824f-bc97297ba0d4/in_use.lock acquired by nodename 20539@pr-hdds-2448-del-container-qmj8s-3203767274
2019-11-14 22:53:37,943 [pool-604-thread-1] INFO  storage.RaftStorageDirectory (RaftStorageDirectory.java:tryLock(328)) - Lock on /workdir/hadoop-ozone/integration-test/target/test-dir/MiniOzoneClusterImpl-c304fa79-6e7f-43ac-8564-360665bd8c65/datanode-5/data/ratis/5426f1d3-bf87-45f4-824f-bc97297ba0d4/in_use.lock acquired by nodename 20539@pr-hdds-2448-del-container-qmj8s-3203767274
2019-11-14 22:53:37,957 [pool-593-thread-1] INFO  storage.RaftStorage (RaftStorage.java:format(84)) - Storage directory /workdir/hadoop-ozone/integration-test/target/test-dir/MiniOzoneClusterImpl-c304fa79-6e7f-43ac-8564-360665bd8c65/datanode-4/data/ratis/5426f1d3-bf87-45f4-824f-bc97297ba0d4 has been successfully formatted.
2019-11-14 22:53:37,957 [pool-582-thread-1] INFO  storage.RaftStorage (RaftStorage.java:format(84)) - Storage directory /workdir/hadoop-ozone/integration-test/target/test-dir/MiniOzoneClusterImpl-c304fa79-6e7f-43ac-8564-360665bd8c65/datanode-3/data/ratis/5426f1d3-bf87-45f4-824f-bc97297ba0d4 has been successfully formatted.
2019-11-14 22:53:37,957 [pool-604-thread-1] INFO  storage.RaftStorage (RaftStorage.java:format(84)) - Storage directory /workdir/hadoop-ozone/integration-test/target/test-dir/MiniOzoneClusterImpl-c304fa79-6e7f-43ac-8564-360665bd8c65/datanode-5/data/ratis/5426f1d3-bf87-45f4-824f-bc97297ba0d4 has been successfully formatted.
2019-11-14 22:53:37,957 [pool-582-thread-1] INFO  ratis.ContainerStateMachine (ContainerStateMachine.java:loadSnapshot(223)) - group-BC97297BA0D4: The snapshot info is null. Setting the last applied indexto:(t:0, i:~)
2019-11-14 22:53:37,957 [pool-593-thread-1] INFO  ratis.ContainerStateMachine (ContainerStateMachine.java:loadSnapshot(223)) - group-BC97297BA0D4: The snapshot info is null. Setting the last applied indexto:(t:0, i:~)
2019-11-14 22:53:37,957 [pool-582-thread-1] INFO  server.RaftServerConfigKeys (ConfUtils.java:logGet(43)) - raft.server.notification.no-leader.timeout = 120s (custom)
2019-11-14 22:53:37,957 [pool-604-thread-1] INFO  ratis.ContainerStateMachine (ContainerStateMachine.java:loadSnapshot(223)) - group-BC97297BA0D4: The snapshot info is null. Setting the last applied indexto:(t:0, i:~)
2019-11-14 22:53:37,957 [pool-582-thread-1] INFO  server.RaftServerConfigKeys (ConfUtils.java:logGet(43)) - raft.server.log.use.memory = false (default)
2019-11-14 22:53:37,957 [pool-593-thread-1] INFO  server.RaftServerConfigKeys (ConfUtils.java:logGet(43)) - raft.server.notification.no-leader.timeout = 120s (custom)
2019-11-14 22:53:37,958 [pool-582-thread-1] INFO  server.RaftServerConfigKeys (ConfUtils.java:logGet(43)) - raft.server.log.purge.gap = 1000000 (custom)
2019-11-14 22:53:37,957 [pool-604-thread-1] INFO  server.RaftServerConfigKeys (ConfUtils.java:logGet(43)) - raft.server.notification.no-leader.timeout = 120s (custom)
2019-11-14 22:53:37,958 [pool-582-thread-1] INFO  server.RaftServerConfigKeys (ConfUtils.java:logGet(43)) - raft.server.log.appender.buffer.byte-limit = 33554432 (custom)
2019-11-14 22:53:37,958 [pool-593-thread-1] INFO  server.RaftServerConfigKeys (ConfUtils.java:logGet(43)) - raft.server.log.use.memory = false (default)
2019-11-14 22:53:37,958 [pool-582-thread-1] INFO  server.RaftServerConfigKeys (ConfUtils.java:logGet(43)) - raft.server.log.segment.size.max = 1048576 (custom)
2019-11-14 22:53:37,958 [pool-604-thread-1] INFO  server.RaftServerConfigKeys (ConfUtils.java:logGet(43)) - raft.server.log.use.memory = false (default)
2019-11-14 22:53:37,958 [pool-582-thread-1] INFO  server.RaftServerConfigKeys (ConfUtils.java:logGet(43)) - raft.server.log.segment.cache.num.max = 2 (custom)
2019-11-14 22:53:37,958 [pool-593-thread-1] INFO  server.RaftServerConfigKeys (ConfUtils.java:logGet(43)) - raft.server.log.purge.gap = 1000000 (custom)
2019-11-14 22:53:37,958 [pool-582-thread-1] INFO  segmented.SegmentedRaftLogWorker (SegmentedRaftLogWorker.java:<init>(173)) - new 2e7f8c24-c608-431c-b6d8-707cc816ba74@group-BC97297BA0D4-SegmentedRaftLogWorker for RaftStorage:Storage Directory /workdir/hadoop-ozone/integration-test/target/test-dir/MiniOzoneClusterImpl-c304fa79-6e7f-43ac-8564-360665bd8c65/datanode-3/data/ratis/5426f1d3-bf87-45f4-824f-bc97297ba0d4
2019-11-14 22:53:37,958 [pool-604-thread-1] INFO  server.RaftServerConfigKeys (ConfUtils.java:logGet(43)) - raft.server.log.purge.gap = 1000000 (custom)
2019-11-14 22:53:37,958 [pool-582-thread-1] INFO  server.RaftServerConfigKeys (ConfUtils.java:logGet(43)) - raft.server.log.queue.byte-limit = 2147483647 (custom)
2019-11-14 22:53:37,958 [pool-593-thread-1] INFO  server.RaftServerConfigKeys (ConfUtils.java:logGet(43)) - raft.server.log.appender.buffer.byte-limit = 33554432 (custom)
2019-11-14 22:53:37,959 [pool-582-thread-1] INFO  server.RaftServerConfigKeys (ConfUtils.java:logGet(43)) - raft.server.log.queue.element-limit = 1024 (custom)
2019-11-14 22:53:37,959 [pool-604-thread-1] INFO  server.RaftServerConfigKeys (ConfUtils.java:logGet(43)) - raft.server.log.appender.buffer.byte-limit = 33554432 (custom)
2019-11-14 22:53:37,959 [pool-582-thread-1] INFO  server.RaftServerConfigKeys (ConfUtils.java:logGet(43)) - raft.server.log.segment.size.max = 1048576 (custom)
2019-11-14 22:53:37,959 [pool-593-thread-1] INFO  server.RaftServerConfigKeys (ConfUtils.java:logGet(43)) - raft.server.log.segment.size.max = 1048576 (custom)
2019-11-14 22:53:37,959 [pool-582-thread-1] INFO  server.RaftServerConfigKeys (ConfUtils.java:logGet(43)) - raft.server.log.preallocated.size = 16384 (custom)
2019-11-14 22:53:37,959 [pool-604-thread-1] INFO  server.RaftServerConfigKeys (ConfUtils.java:logGet(43)) - raft.server.log.segment.size.max = 1048576 (custom)
2019-11-14 22:53:37,959 [pool-582-thread-1] INFO  server.RaftServerConfigKeys (ConfUtils.java:logGet(43)) - raft.server.log.write.buffer.size = 33554432 (custom)
2019-11-14 22:53:37,959 [pool-593-thread-1] INFO  server.RaftServerConfigKeys (ConfUtils.java:logGet(43)) - raft.server.log.segment.cache.num.max = 2 (custom)
2019-11-14 22:53:37,959 [pool-582-thread-1] INFO  server.RaftServerConfigKeys (ConfUtils.java:logGet(43)) - raft.server.log.force.sync.num = 128 (default)
2019-11-14 22:53:37,959 [pool-604-thread-1] INFO  server.RaftServerConfigKeys (ConfUtils.java:logGet(43)) - raft.server.log.segment.cache.num.max = 2 (custom)
2019-11-14 22:53:37,960 [pool-582-thread-1] INFO  server.RaftServerConfigKeys (ConfUtils.java:logGet(43)) - raft.server.log.statemachine.data.sync = true (default)
2019-11-14 22:53:37,960 [pool-582-thread-1] INFO  server.RaftServerConfigKeys (ConfUtils.java:logGet(43)) - raft.server.log.statemachine.data.sync.timeout = 10s (default)
2019-11-14 22:53:37,960 [pool-582-thread-1] INFO  server.RaftServerConfigKeys (ConfUtils.java:logGet(43)) - raft.server.log.statemachine.data.sync.timeout.retry = -1 (default)
2019-11-14 22:53:37,959 [pool-593-thread-1] INFO  segmented.SegmentedRaftLogWorker (SegmentedRaftLogWorker.java:<init>(173)) - new 0261bc30-8b8d-4db7-80aa-965ad1e19f13@group-BC97297BA0D4-SegmentedRaftLogWorker for RaftStorage:Storage Directory /workdir/hadoop-ozone/integration-test/target/test-dir/MiniOzoneClusterImpl-c304fa79-6e7f-43ac-8564-360665bd8c65/datanode-4/data/ratis/5426f1d3-bf87-45f4-824f-bc97297ba0d4
2019-11-14 22:53:37,960 [pool-582-thread-1] INFO  server.RaftServerConfigKeys (ConfUtils.java:logGet(43)) - raft.server.log.statemachine.data.caching.enabled = true (custom)
2019-11-14 22:53:37,960 [pool-604-thread-1] INFO  segmented.SegmentedRaftLogWorker (SegmentedRaftLogWorker.java:<init>(173)) - new 8c93cdd4-5606-4221-9500-0bbe6d2ac50a@group-BC97297BA0D4-SegmentedRaftLogWorker for RaftStorage:Storage Directory /workdir/hadoop-ozone/integration-test/target/test-dir/MiniOzoneClusterImpl-c304fa79-6e7f-43ac-8564-360665bd8c65/datanode-5/data/ratis/5426f1d3-bf87-45f4-824f-bc97297ba0d4
2019-11-14 22:53:37,960 [pool-593-thread-1] INFO  server.RaftServerConfigKeys (ConfUtils.java:logGet(43)) - raft.server.log.queue.byte-limit = 2147483647 (custom)
2019-11-14 22:53:37,960 [pool-582-thread-1] INFO  segmented.SegmentedRaftLogWorker (SegmentedRaftLogWorker.java:lambda$new$0(128)) - 2e7f8c24-c608-431c-b6d8-707cc816ba74@group-BC97297BA0D4-SegmentedRaftLogWorker: flushIndex: setUnconditionally 0 -> -1
2019-11-14 22:53:37,960 [pool-604-thread-1] INFO  server.RaftServerConfigKeys (ConfUtils.java:logGet(43)) - raft.server.log.queue.byte-limit = 2147483647 (custom)
2019-11-14 22:53:37,961 [pool-593-thread-1] INFO  server.RaftServerConfigKeys (ConfUtils.java:logGet(43)) - raft.server.log.queue.element-limit = 1024 (custom)
2019-11-14 22:53:37,961 [pool-582-thread-1] INFO  server.RaftServerConfigKeys (ConfUtils.java:logGet(43)) - raft.server.snapshot.auto.trigger.enabled = true (custom)
2019-11-14 22:53:37,961 [pool-604-thread-1] INFO  server.RaftServerConfigKeys (ConfUtils.java:logGet(43)) - raft.server.log.queue.element-limit = 1024 (custom)
2019-11-14 22:53:37,961 [pool-582-thread-1] INFO  server.RaftServerConfigKeys (ConfUtils.java:logGet(43)) - raft.server.snapshot.auto.trigger.threshold = 10000 (custom)
2019-11-14 22:53:37,961 [pool-593-thread-1] INFO  server.RaftServerConfigKeys (ConfUtils.java:logGet(43)) - raft.server.log.segment.size.max = 1048576 (custom)
2019-11-14 22:53:37,961 [pool-582-thread-1] INFO  server.RaftServerConfigKeys (ConfUtils.java:logGet(43)) - raft.server.snapshot.retention.file.num = 5 (custom)
2019-11-14 22:53:37,961 [pool-604-thread-1] INFO  server.RaftServerConfigKeys (ConfUtils.java:logGet(43)) - raft.server.log.segment.size.max = 1048576 (custom)
2019-11-14 22:53:37,962 [pool-582-thread-1] INFO  server.RaftServerConfigKeys (ConfUtils.java:logGet(43)) - raft.server.retrycache.expirytime = 600000ms (custom)
2019-11-14 22:53:37,961 [pool-593-thread-1] INFO  server.RaftServerConfigKeys (ConfUtils.java:logGet(43)) - raft.server.log.preallocated.size = 16384 (custom)
2019-11-14 22:53:37,962 [pool-582-thread-1] WARN  impl.MetricRegistriesImpl (MetricRegistriesImpl.java:lambda$create$1(61)) - First MetricRegistry has been created without registering reporters. You may need to call MetricRegistries.global().addReportRegistration(...) before.
2019-11-14 22:53:37,962 [pool-604-thread-1] INFO  server.RaftServerConfigKeys (ConfUtils.java:logGet(43)) - raft.server.log.preallocated.size = 16384 (custom)
2019-11-14 22:53:37,962 [pool-582-thread-1] WARN  impl.MetricRegistriesImpl (MetricRegistriesImpl.java:lambda$create$1(61)) - First MetricRegistry has been created without registering reporters. You may need to call MetricRegistries.global().addReportRegistration(...) before.
2019-11-14 22:53:37,962 [pool-593-thread-1] INFO  server.RaftServerConfigKeys (ConfUtils.java:logGet(43)) - raft.server.log.write.buffer.size = 33554432 (custom)
2019-11-14 22:53:37,962 [pool-582-thread-1] INFO  impl.RaftServerImpl (RaftServerImpl.java:start(184)) - 2e7f8c24-c608-431c-b6d8-707cc816ba74@group-BC97297BA0D4: start as a follower, conf=-1: [2e7f8c24-c608-431c-b6d8-707cc816ba74:192.168.164.210:38009, 8c93cdd4-5606-4221-9500-0bbe6d2ac50a:192.168.164.210:37665, 0261bc30-8b8d-4db7-80aa-965ad1e19f13:192.168.164.210:35118], old=null
2019-11-14 22:53:37,962 [pool-582-thread-1] INFO  impl.RaftServerImpl (RaftServerImpl.java:setRole(173)) - 2e7f8c24-c608-431c-b6d8-707cc816ba74@group-BC97297BA0D4: changes role from      null to FOLLOWER at term 0 for startAsFollower
2019-11-14 22:53:37,962 [pool-604-thread-1] INFO  server.RaftServerConfigKeys (ConfUtils.java:logGet(43)) - raft.server.log.write.buffer.size = 33554432 (custom)
2019-11-14 22:53:37,963 [pool-582-thread-1] INFO  impl.RoleInfo (RoleInfo.java:updateAndGet(143)) - 2e7f8c24-c608-431c-b6d8-707cc816ba74: start FollowerState
2019-11-14 22:53:37,962 [pool-593-thread-1] INFO  server.RaftServerConfigKeys (ConfUtils.java:logGet(43)) - raft.server.log.force.sync.num = 128 (default)
2019-11-14 22:53:37,963 [pool-604-thread-1] INFO  server.RaftServerConfigKeys (ConfUtils.java:logGet(43)) - raft.server.log.force.sync.num = 128 (default)
2019-11-14 22:53:37,963 [pool-582-thread-1] INFO  util.JmxRegister (JmxRegister.java:tryRegister(44)) - Successfully registered JMX Bean with object name Ratis:service=RaftServer,group=group-BC97297BA0D4,id=2e7f8c24-c608-431c-b6d8-707cc816ba74
2019-11-14 22:53:37,963 [pool-593-thread-1] INFO  server.RaftServerConfigKeys (ConfUtils.java:logGet(43)) - raft.server.log.statemachine.data.sync = true (default)
2019-11-14 22:53:37,963 [pool-582-thread-1] WARN  impl.MetricRegistriesImpl (MetricRegistriesImpl.java:lambda$create$1(61)) - First MetricRegistry has been created without registering reporters. You may need to call MetricRegistries.global().addReportRegistration(...) before.
2019-11-14 22:53:37,963 [pool-604-thread-1] INFO  server.RaftServerConfigKeys (ConfUtils.java:logGet(43)) - raft.server.log.statemachine.data.sync = true (default)
2019-11-14 22:53:37,963 [pool-593-thread-1] INFO  server.RaftServerConfigKeys (ConfUtils.java:logGet(43)) - raft.server.log.statemachine.data.sync.timeout = 10s (default)
2019-11-14 22:53:37,964 [pool-604-thread-1] INFO  server.RaftServerConfigKeys (ConfUtils.java:logGet(43)) - raft.server.log.statemachine.data.sync.timeout = 10s (default)
2019-11-14 22:53:37,964 [pool-593-thread-1] INFO  server.RaftServerConfigKeys (ConfUtils.java:logGet(43)) - raft.server.log.statemachine.data.sync.timeout.retry = -1 (default)
2019-11-14 22:53:37,964 [pool-604-thread-1] INFO  server.RaftServerConfigKeys (ConfUtils.java:logGet(43)) - raft.server.log.statemachine.data.sync.timeout.retry = -1 (default)
2019-11-14 22:53:37,964 [pool-593-thread-1] INFO  server.RaftServerConfigKeys (ConfUtils.java:logGet(43)) - raft.server.log.statemachine.data.caching.enabled = true (custom)
2019-11-14 22:53:37,964 [pool-604-thread-1] INFO  server.RaftServerConfigKeys (ConfUtils.java:logGet(43)) - raft.server.log.statemachine.data.caching.enabled = true (custom)
2019-11-14 22:53:37,965 [pool-593-thread-1] INFO  segmented.SegmentedRaftLogWorker (SegmentedRaftLogWorker.java:lambda$new$0(128)) - 0261bc30-8b8d-4db7-80aa-965ad1e19f13@group-BC97297BA0D4-SegmentedRaftLogWorker: flushIndex: setUnconditionally 0 -> -1
2019-11-14 22:53:37,965 [pool-604-thread-1] INFO  segmented.SegmentedRaftLogWorker (SegmentedRaftLogWorker.java:lambda$new$0(128)) - 8c93cdd4-5606-4221-9500-0bbe6d2ac50a@group-BC97297BA0D4-SegmentedRaftLogWorker: flushIndex: setUnconditionally 0 -> -1
2019-11-14 22:53:37,965 [pool-593-thread-1] INFO  server.RaftServerConfigKeys (ConfUtils.java:logGet(43)) - raft.server.snapshot.auto.trigger.enabled = true (custom)
2019-11-14 22:53:37,965 [pool-604-thread-1] INFO  server.RaftServerConfigKeys (ConfUtils.java:logGet(43)) - raft.server.snapshot.auto.trigger.enabled = true (custom)
2019-11-14 22:53:37,965 [pool-593-thread-1] INFO  server.RaftServerConfigKeys (ConfUtils.java:logGet(43)) - raft.server.snapshot.auto.trigger.threshold = 10000 (custom)
2019-11-14 22:53:37,965 [pool-604-thread-1] INFO  server.RaftServerConfigKeys (ConfUtils.java:logGet(43)) - raft.server.snapshot.auto.trigger.threshold = 10000 (custom)
2019-11-14 22:53:37,965 [pool-593-thread-1] INFO  server.RaftServerConfigKeys (ConfUtils.java:logGet(43)) - raft.server.snapshot.retention.file.num = 5 (custom)
2019-11-14 22:53:37,965 [pool-604-thread-1] INFO  server.RaftServerConfigKeys (ConfUtils.java:logGet(43)) - raft.server.snapshot.retention.file.num = 5 (custom)
2019-11-14 22:53:37,966 [pool-593-thread-1] INFO  server.RaftServerConfigKeys (ConfUtils.java:logGet(43)) - raft.server.retrycache.expirytime = 600000ms (custom)
2019-11-14 22:53:37,966 [pool-604-thread-1] INFO  server.RaftServerConfigKeys (ConfUtils.java:logGet(43)) - raft.server.retrycache.expirytime = 600000ms (custom)
2019-11-14 22:53:37,966 [pool-593-thread-1] WARN  impl.MetricRegistriesImpl (MetricRegistriesImpl.java:lambda$create$1(61)) - First MetricRegistry has been created without registering reporters. You may need to call MetricRegistries.global().addReportRegistration(...) before.
2019-11-14 22:53:37,966 [pool-604-thread-1] WARN  impl.MetricRegistriesImpl (MetricRegistriesImpl.java:lambda$create$1(61)) - First MetricRegistry has been created without registering reporters. You may need to call MetricRegistries.global().addReportRegistration(...) before.
2019-11-14 22:53:37,966 [pool-593-thread-1] WARN  impl.MetricRegistriesImpl (MetricRegistriesImpl.java:lambda$create$1(61)) - First MetricRegistry has been created without registering reporters. You may need to call MetricRegistries.global().addReportRegistration(...) before.
2019-11-14 22:53:37,966 [pool-604-thread-1] WARN  impl.MetricRegistriesImpl (MetricRegistriesImpl.java:lambda$create$1(61)) - First MetricRegistry has been created without registering reporters. You may need to call MetricRegistries.global().addReportRegistration(...) before.
2019-11-14 22:53:37,966 [pool-593-thread-1] INFO  impl.RaftServerImpl (RaftServerImpl.java:start(184)) - 0261bc30-8b8d-4db7-80aa-965ad1e19f13@group-BC97297BA0D4: start as a follower, conf=-1: [2e7f8c24-c608-431c-b6d8-707cc816ba74:192.168.164.210:38009, 8c93cdd4-5606-4221-9500-0bbe6d2ac50a:192.168.164.210:37665, 0261bc30-8b8d-4db7-80aa-965ad1e19f13:192.168.164.210:35118], old=null
2019-11-14 22:53:37,966 [pool-604-thread-1] INFO  impl.RaftServerImpl (RaftServerImpl.java:start(184)) - 8c93cdd4-5606-4221-9500-0bbe6d2ac50a@group-BC97297BA0D4: start as a follower, conf=-1: [2e7f8c24-c608-431c-b6d8-707cc816ba74:192.168.164.210:38009, 8c93cdd4-5606-4221-9500-0bbe6d2ac50a:192.168.164.210:37665, 0261bc30-8b8d-4db7-80aa-965ad1e19f13:192.168.164.210:35118], old=null
2019-11-14 22:53:37,966 [pool-593-thread-1] INFO  impl.RaftServerImpl (RaftServerImpl.java:setRole(173)) - 0261bc30-8b8d-4db7-80aa-965ad1e19f13@group-BC97297BA0D4: changes role from      null to FOLLOWER at term 0 for startAsFollower
2019-11-14 22:53:37,966 [pool-604-thread-1] INFO  impl.RaftServerImpl (RaftServerImpl.java:setRole(173)) - 8c93cdd4-5606-4221-9500-0bbe6d2ac50a@group-BC97297BA0D4: changes role from      null to FOLLOWER at term 0 for startAsFollower
2019-11-14 22:53:37,967 [pool-593-thread-1] INFO  impl.RoleInfo (RoleInfo.java:updateAndGet(143)) - 0261bc30-8b8d-4db7-80aa-965ad1e19f13: start FollowerState
2019-11-14 22:53:37,967 [pool-604-thread-1] INFO  impl.RoleInfo (RoleInfo.java:updateAndGet(143)) - 8c93cdd4-5606-4221-9500-0bbe6d2ac50a: start FollowerState
2019-11-14 22:53:37,967 [pool-604-thread-1] INFO  util.JmxRegister (JmxRegister.java:tryRegister(44)) - Successfully registered JMX Bean with object name Ratis:service=RaftServer,group=group-BC97297BA0D4,id=8c93cdd4-5606-4221-9500-0bbe6d2ac50a
2019-11-14 22:53:37,967 [pool-593-thread-1] INFO  util.JmxRegister (JmxRegister.java:tryRegister(44)) - Successfully registered JMX Bean with object name Ratis:service=RaftServer,group=group-BC97297BA0D4,id=0261bc30-8b8d-4db7-80aa-965ad1e19f13
2019-11-14 22:53:37,967 [pool-604-thread-1] WARN  impl.MetricRegistriesImpl (MetricRegistriesImpl.java:lambda$create$1(61)) - First MetricRegistry has been created without registering reporters. You may need to call MetricRegistries.global().addReportRegistration(...) before.
2019-11-14 22:53:37,967 [pool-593-thread-1] WARN  impl.MetricRegistriesImpl (MetricRegistriesImpl.java:lambda$create$1(61)) - First MetricRegistry has been created without registering reporters. You may need to call MetricRegistries.global().addReportRegistration(...) before.
2019-11-14 22:53:37,970 [RatisPipelineUtilsThread] INFO  pipeline.PipelineStateManager (PipelineStateManager.java:addPipeline(55)) - Created pipeline Pipeline[ Id: 5426f1d3-bf87-45f4-824f-bc97297ba0d4, Nodes: 2e7f8c24-c608-431c-b6d8-707cc816ba74{ip: 192.168.164.210, host: pr-hdds-2448-del-container-qmj8s-3203767274, networkLocation: /rack1, certSerialId: null}0261bc30-8b8d-4db7-80aa-965ad1e19f13{ip: 192.168.164.210, host: pr-hdds-2448-del-container-qmj8s-3203767274, networkLocation: /rack1, certSerialId: null}8c93cdd4-5606-4221-9500-0bbe6d2ac50a{ip: 192.168.164.210, host: pr-hdds-2448-del-container-qmj8s-3203767274, networkLocation: /rack1, certSerialId: null}, Type:RATIS, Factor:THREE, State:ALLOCATED]
2019-11-14 22:53:37,970 [Thread-4245] INFO  pipeline.PipelineStateManager (PipelineStateManager.java:finalizePipeline(121)) - Pipeline Pipeline[ Id: 0937e5e0-133f-4c39-af56-ef7a66731833, Nodes: 377585f1-7b09-4361-841d-f3e5d0778973{ip: 192.168.164.210, host: pr-hdds-2448-del-container-qmj8s-3203767274, networkLocation: /rack1, certSerialId: null}9969a5d9-fcab-46ad-a887-333766046ab2{ip: 192.168.164.210, host: pr-hdds-2448-del-container-qmj8s-3203767274, networkLocation: /rack1, certSerialId: null}1557401b-269c-4760-ad9d-3babb3e549ee{ip: 192.168.164.210, host: pr-hdds-2448-del-container-qmj8s-3203767274, networkLocation: /rack1, certSerialId: null}, Type:RATIS, Factor:THREE, State:CLOSED] moved to CLOSED state
2019-11-14 22:53:37,970 [EventQueue-CloseContainerForCloseContainerEventHandler] INFO  container.CloseContainerEventHandler (CloseContainerEventHandler.java:onMessage(61)) - Close container Event triggered for container : #1
2019-11-14 22:53:37,972 [grpc-default-executor-5] INFO  impl.RaftServerProxy (RaftServerProxy.java:remove(95)) - 377585f1-7b09-4361-841d-f3e5d0778973: remove  FOLLOWER 377585f1-7b09-4361-841d-f3e5d0778973@group-EF7A66731833:t2, leader=1557401b-269c-4760-ad9d-3babb3e549ee, voted=1557401b-269c-4760-ad9d-3babb3e549ee, raftlog=377585f1-7b09-4361-841d-f3e5d0778973@group-EF7A66731833-SegmentedRaftLog:OPENED:c2,f4,i4, conf=0: [1557401b-269c-4760-ad9d-3babb3e549ee:192.168.164.210:38449, 9969a5d9-fcab-46ad-a887-333766046ab2:192.168.164.210:41238, 377585f1-7b09-4361-841d-f3e5d0778973:192.168.164.210:33333], old=null RUNNING
2019-11-14 22:53:37,973 [grpc-default-executor-5] INFO  impl.RaftServerImpl (RaftServerImpl.java:lambda$shutdown$3(250)) - 377585f1-7b09-4361-841d-f3e5d0778973@group-EF7A66731833: shutdown
2019-11-14 22:53:37,973 [grpc-default-executor-5] INFO  util.JmxRegister (JmxRegister.java:unregister(73)) - Successfully un-registered JMX Bean with object name Ratis:service=RaftServer,group=group-EF7A66731833,id=377585f1-7b09-4361-841d-f3e5d0778973
2019-11-14 22:53:37,973 [grpc-default-executor-5] INFO  impl.RoleInfo (RoleInfo.java:shutdownFollowerState(121)) - 377585f1-7b09-4361-841d-f3e5d0778973: shutdown FollowerState
2019-11-14 22:53:37,973 [grpc-default-executor-5] INFO  impl.StateMachineUpdater (StateMachineUpdater.java:stopAndJoin(136)) - 377585f1-7b09-4361-841d-f3e5d0778973@group-EF7A66731833-StateMachineUpdater: set stopIndex = 2
2019-11-14 22:53:37,973 [377585f1-7b09-4361-841d-f3e5d0778973@group-EF7A66731833-StateMachineUpdater] INFO  ratis.ContainerStateMachine (ContainerStateMachine.java:takeSnapshot(285)) - group-EF7A66731833: Taking a snapshot at:(t:2, i:2) file /workdir/hadoop-ozone/integration-test/target/test-dir/MiniOzoneClusterImpl-c304fa79-6e7f-43ac-8564-360665bd8c65/datanode-1/data/ratis/0937e5e0-133f-4c39-af56-ef7a66731833/sm/snapshot.2_2
2019-11-14 22:53:37,973 [Thread-4368] INFO  impl.FollowerState (FollowerState.java:run(120)) - 377585f1-7b09-4361-841d-f3e5d0778973@group-EF7A66731833-FollowerState was interrupted: java.lang.InterruptedException: sleep interrupted
2019-11-14 22:53:37,986 [377585f1-7b09-4361-841d-f3e5d0778973@group-EF7A66731833-StateMachineUpdater] INFO  ratis.ContainerStateMachine (ContainerStateMachine.java:takeSnapshot(296)) - group-EF7A66731833: Finished taking a snapshot at:(t:2, i:2) file:/workdir/hadoop-ozone/integration-test/target/test-dir/MiniOzoneClusterImpl-c304fa79-6e7f-43ac-8564-360665bd8c65/datanode-1/data/ratis/0937e5e0-133f-4c39-af56-ef7a66731833/sm/snapshot.2_2 time:13
2019-11-14 22:53:37,986 [377585f1-7b09-4361-841d-f3e5d0778973@group-EF7A66731833-StateMachineUpdater] INFO  impl.StateMachineUpdater (StateMachineUpdater.java:takeSnapshot(269)) - 377585f1-7b09-4361-841d-f3e5d0778973@group-EF7A66731833-StateMachineUpdater: Took a snapshot at index 2
2019-11-14 22:53:37,986 [377585f1-7b09-4361-841d-f3e5d0778973@group-EF7A66731833-StateMachineUpdater] INFO  impl.StateMachineUpdater (StateMachineUpdater.java:lambda$new$0(84)) - 377585f1-7b09-4361-841d-f3e5d0778973@group-EF7A66731833-StateMachineUpdater: snapshotIndex: updateIncreasingly -1 -> 2
2019-11-14 22:53:37,986 [grpc-default-executor-5] INFO  impl.RaftServerImpl (ServerState.java:close(387)) - 377585f1-7b09-4361-841d-f3e5d0778973@group-EF7A66731833: closes. applyIndex: 2
2019-11-14 22:53:37,987 [377585f1-7b09-4361-841d-f3e5d0778973@group-EF7A66731833-SegmentedRaftLogWorker] INFO  segmented.SegmentedRaftLogWorker (SegmentedRaftLogWorker.java:run(316)) - 377585f1-7b09-4361-841d-f3e5d0778973@group-EF7A66731833-SegmentedRaftLogWorker was interrupted, exiting. There are 0 tasks remaining in the queue.
2019-11-14 22:53:37,987 [grpc-default-executor-5] INFO  segmented.SegmentedRaftLogWorker (SegmentedRaftLogWorker.java:close(224)) - 377585f1-7b09-4361-841d-f3e5d0778973@group-EF7A66731833-SegmentedRaftLogWorker close()
2019-11-14 22:53:38,004 [Datanode State Machine Thread - 0] INFO  statemachine.DatanodeStateMachine (DatanodeStateMachine.java:lambda$startDaemon$0(360)) - Ozone container server started.
2019-11-14 22:53:38,034 [grpc-default-executor-5] INFO  interfaces.Container (KeyValueContainer.java:flushAndSyncDB(400)) - Container 1 is synced with bcsId 2.
2019-11-14 22:53:38,035 [grpc-default-executor-5] INFO  interfaces.Container (KeyValueContainer.java:flushAndSyncDB(400)) - Container 1 is synced with bcsId 2.
2019-11-14 22:53:38,050 [grpc-default-executor-6] INFO  impl.RaftServerProxy (RaftServerProxy.java:remove(95)) - 9969a5d9-fcab-46ad-a887-333766046ab2: remove  FOLLOWER 9969a5d9-fcab-46ad-a887-333766046ab2@group-EF7A66731833:t2, leader=1557401b-269c-4760-ad9d-3babb3e549ee, voted=9969a5d9-fcab-46ad-a887-333766046ab2, raftlog=9969a5d9-fcab-46ad-a887-333766046ab2@group-EF7A66731833-SegmentedRaftLog:OPENED:c4,f4,i4, conf=0: [1557401b-269c-4760-ad9d-3babb3e549ee:192.168.164.210:38449, 9969a5d9-fcab-46ad-a887-333766046ab2:192.168.164.210:41238, 377585f1-7b09-4361-841d-f3e5d0778973:192.168.164.210:33333], old=null RUNNING
2019-11-14 22:53:38,050 [grpc-default-executor-6] INFO  impl.RaftServerImpl (RaftServerImpl.java:lambda$shutdown$3(250)) - 9969a5d9-fcab-46ad-a887-333766046ab2@group-EF7A66731833: shutdown
2019-11-14 22:53:38,050 [grpc-default-executor-6] INFO  util.JmxRegister (JmxRegister.java:unregister(73)) - Successfully un-registered JMX Bean with object name Ratis:service=RaftServer,group=group-EF7A66731833,id=9969a5d9-fcab-46ad-a887-333766046ab2
2019-11-14 22:53:38,050 [grpc-default-executor-6] INFO  impl.RoleInfo (RoleInfo.java:shutdownFollowerState(121)) - 9969a5d9-fcab-46ad-a887-333766046ab2: shutdown FollowerState
2019-11-14 22:53:38,050 [grpc-default-executor-6] INFO  impl.StateMachineUpdater (StateMachineUpdater.java:stopAndJoin(136)) - 9969a5d9-fcab-46ad-a887-333766046ab2@group-EF7A66731833-StateMachineUpdater: set stopIndex = 4
2019-11-14 22:53:38,050 [9969a5d9-fcab-46ad-a887-333766046ab2@group-EF7A66731833-StateMachineUpdater] INFO  ratis.ContainerStateMachine (ContainerStateMachine.java:takeSnapshot(285)) - group-EF7A66731833: Taking a snapshot at:(t:2, i:2) file /workdir/hadoop-ozone/integration-test/target/test-dir/MiniOzoneClusterImpl-c304fa79-6e7f-43ac-8564-360665bd8c65/datanode-2/data/ratis/0937e5e0-133f-4c39-af56-ef7a66731833/sm/snapshot.2_2
2019-11-14 22:53:38,050 [Thread-4369] INFO  impl.FollowerState (FollowerState.java:run(120)) - 9969a5d9-fcab-46ad-a887-333766046ab2@group-EF7A66731833-FollowerState was interrupted: java.lang.InterruptedException: sleep interrupted
2019-11-14 22:53:38,056 [9969a5d9-fcab-46ad-a887-333766046ab2@group-EF7A66731833-StateMachineUpdater] INFO  ratis.ContainerStateMachine (ContainerStateMachine.java:takeSnapshot(296)) - group-EF7A66731833: Finished taking a snapshot at:(t:2, i:2) file:/workdir/hadoop-ozone/integration-test/target/test-dir/MiniOzoneClusterImpl-c304fa79-6e7f-43ac-8564-360665bd8c65/datanode-2/data/ratis/0937e5e0-133f-4c39-af56-ef7a66731833/sm/snapshot.2_2 time:6
2019-11-14 22:53:38,056 [9969a5d9-fcab-46ad-a887-333766046ab2@group-EF7A66731833-StateMachineUpdater] INFO  impl.StateMachineUpdater (StateMachineUpdater.java:takeSnapshot(269)) - 9969a5d9-fcab-46ad-a887-333766046ab2@group-EF7A66731833-StateMachineUpdater: Took a snapshot at index 2
2019-11-14 22:53:38,056 [9969a5d9-fcab-46ad-a887-333766046ab2@group-EF7A66731833-StateMachineUpdater] INFO  impl.StateMachineUpdater (StateMachineUpdater.java:lambda$new$0(84)) - 9969a5d9-fcab-46ad-a887-333766046ab2@group-EF7A66731833-StateMachineUpdater: snapshotIndex: updateIncreasingly -1 -> 2
2019-11-14 22:53:38,056 [9969a5d9-fcab-46ad-a887-333766046ab2@group-EF7A66731833-StateMachineUpdater] INFO  ratis.ContainerStateMachine (ContainerStateMachine.java:takeSnapshot(285)) - group-EF7A66731833: Taking a snapshot at:(t:2, i:2) file /workdir/hadoop-ozone/integration-test/target/test-dir/MiniOzoneClusterImpl-c304fa79-6e7f-43ac-8564-360665bd8c65/datanode-2/data/ratis/0937e5e0-133f-4c39-af56-ef7a66731833/sm/snapshot.2_2
2019-11-14 22:53:38,068 [9969a5d9-fcab-46ad-a887-333766046ab2@group-EF7A66731833-StateMachineUpdater] INFO  ratis.ContainerStateMachine (ContainerStateMachine.java:takeSnapshot(296)) - group-EF7A66731833: Finished taking a snapshot at:(t:2, i:2) file:/workdir/hadoop-ozone/integration-test/target/test-dir/MiniOzoneClusterImpl-c304fa79-6e7f-43ac-8564-360665bd8c65/datanode-2/data/ratis/0937e5e0-133f-4c39-af56-ef7a66731833/sm/snapshot.2_2 time:12
2019-11-14 22:53:38,069 [9969a5d9-fcab-46ad-a887-333766046ab2@group-EF7A66731833-StateMachineUpdater] INFO  impl.StateMachineUpdater (StateMachineUpdater.java:takeSnapshot(269)) - 9969a5d9-fcab-46ad-a887-333766046ab2@group-EF7A66731833-StateMachineUpdater: Took a snapshot at index 2
2019-11-14 22:53:38,069 [9969a5d9-fcab-46ad-a887-333766046ab2@group-EF7A66731833-StateMachineUpdater] INFO  impl.StateMachineUpdater (StateMachineUpdater.java:lambda$new$0(84)) - 9969a5d9-fcab-46ad-a887-333766046ab2@group-EF7A66731833-StateMachineUpdater: snapshotIndex: updateIncreasingly 2 -> 2
2019-11-14 22:53:38,069 [grpc-default-executor-6] INFO  impl.RaftServerImpl (ServerState.java:close(387)) - 9969a5d9-fcab-46ad-a887-333766046ab2@group-EF7A66731833: closes. applyIndex: 4
2019-11-14 22:53:38,069 [9969a5d9-fcab-46ad-a887-333766046ab2@group-EF7A66731833-SegmentedRaftLogWorker] INFO  segmented.SegmentedRaftLogWorker (SegmentedRaftLogWorker.java:run(316)) - 9969a5d9-fcab-46ad-a887-333766046ab2@group-EF7A66731833-SegmentedRaftLogWorker was interrupted, exiting. There are 0 tasks remaining in the queue.
2019-11-14 22:53:38,069 [grpc-default-executor-6] INFO  segmented.SegmentedRaftLogWorker (SegmentedRaftLogWorker.java:close(224)) - 9969a5d9-fcab-46ad-a887-333766046ab2@group-EF7A66731833-SegmentedRaftLogWorker close()
2019-11-14 22:53:38,092 [grpc-default-executor-6] INFO  interfaces.Container (KeyValueContainer.java:flushAndSyncDB(400)) - Container 1 is synced with bcsId 2.
2019-11-14 22:53:38,092 [grpc-default-executor-6] INFO  interfaces.Container (KeyValueContainer.java:flushAndSyncDB(400)) - Container 1 is synced with bcsId 2.
2019-11-14 22:53:38,103 [EventQueue-IncrementalContainerReportForIncrementalContainerReportHandler] INFO  container.IncrementalContainerReportHandler (AbstractContainerReportHandler.java:updateContainerState(171)) - Moving container #1 to QUASI_CLOSED state, datanode 9969a5d9-fcab-46ad-a887-333766046ab2{ip: 192.168.164.210, host: pr-hdds-2448-del-container-qmj8s-3203767274, networkLocation: /rack1, certSerialId: null} reported QUASI_CLOSED replica.
2019-11-14 22:53:38,106 [grpc-default-executor-6] INFO  impl.RaftServerProxy (RaftServerProxy.java:remove(95)) - 1557401b-269c-4760-ad9d-3babb3e549ee: remove    LEADER 1557401b-269c-4760-ad9d-3babb3e549ee@group-EF7A66731833:t2, leader=1557401b-269c-4760-ad9d-3babb3e549ee, voted=1557401b-269c-4760-ad9d-3babb3e549ee, raftlog=1557401b-269c-4760-ad9d-3babb3e549ee@group-EF7A66731833-SegmentedRaftLog:OPENED:c4,f4,i4, conf=0: [1557401b-269c-4760-ad9d-3babb3e549ee:192.168.164.210:38449, 9969a5d9-fcab-46ad-a887-333766046ab2:192.168.164.210:41238, 377585f1-7b09-4361-841d-f3e5d0778973:192.168.164.210:33333], old=null RUNNING
2019-11-14 22:53:38,106 [grpc-default-executor-6] INFO  impl.RaftServerImpl (RaftServerImpl.java:lambda$shutdown$3(250)) - 1557401b-269c-4760-ad9d-3babb3e549ee@group-EF7A66731833: shutdown
2019-11-14 22:53:38,106 [grpc-default-executor-6] INFO  util.JmxRegister (JmxRegister.java:unregister(73)) - Successfully un-registered JMX Bean with object name Ratis:service=RaftServer,group=group-EF7A66731833,id=1557401b-269c-4760-ad9d-3babb3e549ee
2019-11-14 22:53:38,106 [grpc-default-executor-6] INFO  impl.RoleInfo (RoleInfo.java:shutdownLeaderState(104)) - 1557401b-269c-4760-ad9d-3babb3e549ee: shutdown LeaderState
2019-11-14 22:53:38,110 [grpc-default-executor-6] INFO  impl.PendingRequests (PendingRequests.java:sendNotLeaderResponses(206)) - 1557401b-269c-4760-ad9d-3babb3e549ee@group-EF7A66731833-PendingRequests: sendNotLeaderResponses
2019-11-14 22:53:38,110 [org.apache.ratis.server.impl.LogAppender$AppenderDaemon$$Lambda$475/1389080355@420f23fe] WARN  server.GrpcLogAppender (GrpcLogAppender.java:mayWait(151)) - 1557401b-269c-4760-ad9d-3babb3e549ee@group-EF7A66731833->377585f1-7b09-4361-841d-f3e5d0778973-GrpcLogAppender: Wait interrupted by java.lang.InterruptedException
2019-11-14 22:53:38,121 [1557401b-269c-4760-ad9d-3babb3e549ee@group-EF7A66731833-StateMachineUpdater] INFO  ratis.ContainerStateMachine (ContainerStateMachine.java:takeSnapshot(285)) - group-EF7A66731833: Taking a snapshot at:(t:2, i:4) file /workdir/hadoop-ozone/integration-test/target/test-dir/MiniOzoneClusterImpl-c304fa79-6e7f-43ac-8564-360665bd8c65/datanode-0/data/ratis/0937e5e0-133f-4c39-af56-ef7a66731833/sm/snapshot.2_4
2019-11-14 22:53:38,121 [org.apache.ratis.server.impl.LogAppender$AppenderDaemon$$Lambda$475/1389080355@70dad7b] WARN  server.GrpcLogAppender (GrpcLogAppender.java:mayWait(151)) - 1557401b-269c-4760-ad9d-3babb3e549ee@group-EF7A66731833->9969a5d9-fcab-46ad-a887-333766046ab2-GrpcLogAppender: Wait interrupted by java.lang.InterruptedException
2019-11-14 22:53:38,121 [grpc-default-executor-6] INFO  impl.StateMachineUpdater (StateMachineUpdater.java:stopAndJoin(136)) - 1557401b-269c-4760-ad9d-3babb3e549ee@group-EF7A66731833-StateMachineUpdater: set stopIndex = 4
2019-11-14 22:53:38,122 [grpc-default-executor-4] INFO  server.GrpcServerProtocolService (GrpcServerProtocolService.java:onCompleted(113)) - 377585f1-7b09-4361-841d-f3e5d0778973: Completed APPEND_ENTRIES, lastRequest: 1557401b-269c-4760-ad9d-3babb3e549ee->377585f1-7b09-4361-841d-f3e5d0778973#7-t2, previous=(t:2, i:4), leaderCommit=4, initializing? false, entries: <empty>
2019-11-14 22:53:38,122 [grpc-default-executor-5] INFO  server.GrpcServerProtocolService (GrpcServerProtocolService.java:onCompleted(113)) - 9969a5d9-fcab-46ad-a887-333766046ab2: Completed APPEND_ENTRIES, lastRequest: 1557401b-269c-4760-ad9d-3babb3e549ee->9969a5d9-fcab-46ad-a887-333766046ab2#7-t2, previous=(t:2, i:4), leaderCommit=4, initializing? false, entries: <empty>
2019-11-14 22:53:38,122 [grpc-default-executor-4] INFO  server.GrpcLogAppender (GrpcLogAppender.java:onCompleted(308)) - 1557401b-269c-4760-ad9d-3babb3e549ee@group-EF7A66731833->377585f1-7b09-4361-841d-f3e5d0778973-AppendLogResponseHandler: follower responses appendEntries COMPLETED
2019-11-14 22:53:38,122 [grpc-default-executor-5] INFO  server.GrpcLogAppender (GrpcLogAppender.java:onCompleted(308)) - 1557401b-269c-4760-ad9d-3babb3e549ee@group-EF7A66731833->9969a5d9-fcab-46ad-a887-333766046ab2-AppendLogResponseHandler: follower responses appendEntries COMPLETED
2019-11-14 22:53:38,122 [grpc-default-executor-4] INFO  impl.FollowerInfo (FollowerInfo.java:lambda$new$0(51)) - 1557401b-269c-4760-ad9d-3babb3e549ee@group-EF7A66731833->377585f1-7b09-4361-841d-f3e5d0778973: nextIndex: updateUnconditionally 5 -> 4
2019-11-14 22:53:38,123 [grpc-default-executor-5] INFO  impl.FollowerInfo (FollowerInfo.java:lambda$new$0(51)) - 1557401b-269c-4760-ad9d-3babb3e549ee@group-EF7A66731833->9969a5d9-fcab-46ad-a887-333766046ab2: nextIndex: updateUnconditionally 5 -> 4
2019-11-14 22:53:38,133 [1557401b-269c-4760-ad9d-3babb3e549ee@group-EF7A66731833-StateMachineUpdater] INFO  ratis.ContainerStateMachine (ContainerStateMachine.java:takeSnapshot(296)) - group-EF7A66731833: Finished taking a snapshot at:(t:2, i:4) file:/workdir/hadoop-ozone/integration-test/target/test-dir/MiniOzoneClusterImpl-c304fa79-6e7f-43ac-8564-360665bd8c65/datanode-0/data/ratis/0937e5e0-133f-4c39-af56-ef7a66731833/sm/snapshot.2_4 time:11
2019-11-14 22:53:38,133 [1557401b-269c-4760-ad9d-3babb3e549ee@group-EF7A66731833-StateMachineUpdater] INFO  impl.StateMachineUpdater (StateMachineUpdater.java:takeSnapshot(269)) - 1557401b-269c-4760-ad9d-3babb3e549ee@group-EF7A66731833-StateMachineUpdater: Took a snapshot at index 4
2019-11-14 22:53:38,133 [1557401b-269c-4760-ad9d-3babb3e549ee@group-EF7A66731833-StateMachineUpdater] INFO  impl.StateMachineUpdater (StateMachineUpdater.java:lambda$new$0(84)) - 1557401b-269c-4760-ad9d-3babb3e549ee@group-EF7A66731833-StateMachineUpdater: snapshotIndex: updateIncreasingly -1 -> 4
2019-11-14 22:53:38,134 [grpc-default-executor-6] INFO  impl.RaftServerImpl (ServerState.java:close(387)) - 1557401b-269c-4760-ad9d-3babb3e549ee@group-EF7A66731833: closes. applyIndex: 4
2019-11-14 22:53:38,134 [1557401b-269c-4760-ad9d-3babb3e549ee@group-EF7A66731833-SegmentedRaftLogWorker] INFO  segmented.SegmentedRaftLogWorker (SegmentedRaftLogWorker.java:run(316)) - 1557401b-269c-4760-ad9d-3babb3e549ee@group-EF7A66731833-SegmentedRaftLogWorker was interrupted, exiting. There are 0 tasks remaining in the queue.
2019-11-14 22:53:38,134 [grpc-default-executor-6] INFO  segmented.SegmentedRaftLogWorker (SegmentedRaftLogWorker.java:close(224)) - 1557401b-269c-4760-ad9d-3babb3e549ee@group-EF7A66731833-SegmentedRaftLogWorker close()
2019-11-14 22:53:38,153 [grpc-default-executor-6] INFO  interfaces.Container (KeyValueContainer.java:flushAndSyncDB(400)) - Container 1 is synced with bcsId 2.
2019-11-14 22:53:38,154 [grpc-default-executor-6] INFO  interfaces.Container (KeyValueContainer.java:flushAndSyncDB(400)) - Container 1 is synced with bcsId 2.
2019-11-14 22:53:38,166 [Thread-4245] INFO  pipeline.PipelineStateManager (PipelineStateManager.java:removePipeline(106)) - Pipeline Pipeline[ Id: 0937e5e0-133f-4c39-af56-ef7a66731833, Nodes: 377585f1-7b09-4361-841d-f3e5d0778973{ip: 192.168.164.210, host: pr-hdds-2448-del-container-qmj8s-3203767274, networkLocation: /rack1, certSerialId: null}9969a5d9-fcab-46ad-a887-333766046ab2{ip: 192.168.164.210, host: pr-hdds-2448-del-container-qmj8s-3203767274, networkLocation: /rack1, certSerialId: null}1557401b-269c-4760-ad9d-3babb3e549ee{ip: 192.168.164.210, host: pr-hdds-2448-del-container-qmj8s-3203767274, networkLocation: /rack1, certSerialId: null}, Type:RATIS, Factor:THREE, State:CLOSED] removed from db
2019-11-14 22:53:38,166 [Thread-4245] INFO  pipeline.SCMPipelineManager (SCMPipelineManager.java:finalizeAndDestroyPipeline(315)) - destroying pipeline:Pipeline[ Id: 6e41b1e7-0b44-4b72-a23a-4212e911bff7, Nodes: 257e5bad-a5d9-4311-875c-39b27f9709ed{ip: 192.168.164.210, host: pr-hdds-2448-del-container-qmj8s-3203767274, networkLocation: /rack1, certSerialId: null}, Type:RATIS, Factor:ONE, State:OPEN]
2019-11-14 22:53:38,175 [grpc-default-executor-4] INFO  impl.RaftServerProxy (RaftServerProxy.java:addNew(89)) - 9969a5d9-fcab-46ad-a887-333766046ab2: addNew group-8ACE7C8AE926:[1557401b-269c-4760-ad9d-3babb3e549ee:192.168.164.210:38449, 9969a5d9-fcab-46ad-a887-333766046ab2:192.168.164.210:41238, 377585f1-7b09-4361-841d-f3e5d0778973:192.168.164.210:33333] returns group-8ACE7C8AE926:java.util.concurrent.CompletableFuture@4d749943[Not completed]
2019-11-14 22:53:38,175 [grpc-default-executor-5] INFO  impl.RaftServerProxy (RaftServerProxy.java:addNew(89)) - 377585f1-7b09-4361-841d-f3e5d0778973: addNew group-8ACE7C8AE926:[1557401b-269c-4760-ad9d-3babb3e549ee:192.168.164.210:38449, 9969a5d9-fcab-46ad-a887-333766046ab2:192.168.164.210:41238, 377585f1-7b09-4361-841d-f3e5d0778973:192.168.164.210:33333] returns group-8ACE7C8AE926:java.util.concurrent.CompletableFuture@342b01e3[Not completed]
2019-11-14 22:53:38,175 [grpc-default-executor-6] INFO  impl.RaftServerProxy (RaftServerProxy.java:addNew(89)) - 1557401b-269c-4760-ad9d-3babb3e549ee: addNew group-8ACE7C8AE926:[1557401b-269c-4760-ad9d-3babb3e549ee:192.168.164.210:38449, 9969a5d9-fcab-46ad-a887-333766046ab2:192.168.164.210:41238, 377585f1-7b09-4361-841d-f3e5d0778973:192.168.164.210:33333] returns group-8ACE7C8AE926:java.util.concurrent.CompletableFuture@7d5688d7[Not completed]
2019-11-14 22:53:38,177 [pool-571-thread-1] INFO  impl.RaftServerImpl (RaftServerImpl.java:<init>(98)) - 9969a5d9-fcab-46ad-a887-333766046ab2: new RaftServerImpl for group-8ACE7C8AE926:[1557401b-269c-4760-ad9d-3babb3e549ee:192.168.164.210:38449, 9969a5d9-fcab-46ad-a887-333766046ab2:192.168.164.210:41238, 377585f1-7b09-4361-841d-f3e5d0778973:192.168.164.210:33333] with ContainerStateMachine:uninitialized
2019-11-14 22:53:38,177 [pool-571-thread-1] INFO  server.RaftServerConfigKeys (ConfUtils.java:logGet(43)) - raft.server.rpc.timeout.min = 1s (custom)
2019-11-14 22:53:38,177 [pool-571-thread-1] INFO  server.RaftServerConfigKeys (ConfUtils.java:logGet(43)) - raft.server.rpc.timeout.max = 1200ms (custom)
2019-11-14 22:53:38,177 [pool-571-thread-1] INFO  server.RaftServerConfigKeys (ConfUtils.java:logGet(43)) - raft.server.rpcslowness.timeout = 120s (custom)
2019-11-14 22:53:38,177 [pool-571-thread-1] INFO  server.RaftServerConfigKeys (ConfUtils.java:logGet(43)) - raft.server.sleep.deviation.threshold = 300 (default)
2019-11-14 22:53:38,177 [pool-571-thread-1] INFO  server.RaftServerConfigKeys (ConfUtils.java:logGet(43)) - raft.server.log.appender.install.snapshot.enabled = false (custom)
2019-11-14 22:53:38,177 [pool-560-thread-1] INFO  impl.RaftServerImpl (RaftServerImpl.java:<init>(98)) - 377585f1-7b09-4361-841d-f3e5d0778973: new RaftServerImpl for group-8ACE7C8AE926:[1557401b-269c-4760-ad9d-3babb3e549ee:192.168.164.210:38449, 9969a5d9-fcab-46ad-a887-333766046ab2:192.168.164.210:41238, 377585f1-7b09-4361-841d-f3e5d0778973:192.168.164.210:33333] with ContainerStateMachine:uninitialized
2019-11-14 22:53:38,177 [pool-571-thread-1] INFO  impl.RaftServerImpl (ServerState.java:<init>(103)) - 9969a5d9-fcab-46ad-a887-333766046ab2@group-8ACE7C8AE926: ConfigurationManager, init=-1: [1557401b-269c-4760-ad9d-3babb3e549ee:192.168.164.210:38449, 9969a5d9-fcab-46ad-a887-333766046ab2:192.168.164.210:41238, 377585f1-7b09-4361-841d-f3e5d0778973:192.168.164.210:33333], old=null, confs=<EMPTY_MAP>
2019-11-14 22:53:38,177 [pool-560-thread-1] INFO  server.RaftServerConfigKeys (ConfUtils.java:logGet(43)) - raft.server.rpc.timeout.min = 1s (custom)
2019-11-14 22:53:38,177 [pool-571-thread-1] INFO  server.RaftServerConfigKeys (ConfUtils.java:logGet(43)) - raft.server.storage.dir = [/workdir/hadoop-ozone/integration-test/target/test-dir/MiniOzoneClusterImpl-c304fa79-6e7f-43ac-8564-360665bd8c65/datanode-2/data/ratis] (custom)
2019-11-14 22:53:38,178 [pool-560-thread-1] INFO  server.RaftServerConfigKeys (ConfUtils.java:logGet(43)) - raft.server.rpc.timeout.max = 1200ms (custom)
2019-11-14 22:53:38,178 [pool-549-thread-1] INFO  impl.RaftServerImpl (RaftServerImpl.java:<init>(98)) - 1557401b-269c-4760-ad9d-3babb3e549ee: new RaftServerImpl for group-8ACE7C8AE926:[1557401b-269c-4760-ad9d-3babb3e549ee:192.168.164.210:38449, 9969a5d9-fcab-46ad-a887-333766046ab2:192.168.164.210:41238, 377585f1-7b09-4361-841d-f3e5d0778973:192.168.164.210:33333] with ContainerStateMachine:uninitialized
2019-11-14 22:53:38,178 [pool-571-thread-1] INFO  server.RaftServerConfigKeys (ConfUtils.java:logGet(43)) - raft.server.log.corruption.policy = EXCEPTION (default)
2019-11-14 22:53:38,178 [pool-560-thread-1] INFO  server.RaftServerConfigKeys (ConfUtils.java:logGet(43)) - raft.server.rpcslowness.timeout = 120s (custom)
2019-11-14 22:53:38,178 [pool-549-thread-1] INFO  server.RaftServerConfigKeys (ConfUtils.java:logGet(43)) - raft.server.rpc.timeout.min = 1s (custom)
2019-11-14 22:53:38,178 [pool-560-thread-1] INFO  server.RaftServerConfigKeys (ConfUtils.java:logGet(43)) - raft.server.sleep.deviation.threshold = 300 (default)
2019-11-14 22:53:38,178 [pool-571-thread-1] INFO  storage.RaftStorageDirectory (RaftStorageDirectory.java:analyzeStorage(246)) - The storage directory /workdir/hadoop-ozone/integration-test/target/test-dir/MiniOzoneClusterImpl-c304fa79-6e7f-43ac-8564-360665bd8c65/datanode-2/data/ratis/2297f64d-c6f4-4fb8-a350-8ace7c8ae926 does not exist. Creating ...
2019-11-14 22:53:38,178 [pool-560-thread-1] INFO  server.RaftServerConfigKeys (ConfUtils.java:logGet(43)) - raft.server.log.appender.install.snapshot.enabled = false (custom)
2019-11-14 22:53:38,178 [pool-549-thread-1] INFO  server.RaftServerConfigKeys (ConfUtils.java:logGet(43)) - raft.server.rpc.timeout.max = 1200ms (custom)
2019-11-14 22:53:38,178 [pool-560-thread-1] INFO  impl.RaftServerImpl (ServerState.java:<init>(103)) - 377585f1-7b09-4361-841d-f3e5d0778973@group-8ACE7C8AE926: ConfigurationManager, init=-1: [1557401b-269c-4760-ad9d-3babb3e549ee:192.168.164.210:38449, 9969a5d9-fcab-46ad-a887-333766046ab2:192.168.164.210:41238, 377585f1-7b09-4361-841d-f3e5d0778973:192.168.164.210:33333], old=null, confs=<EMPTY_MAP>
2019-11-14 22:53:38,178 [pool-549-thread-1] INFO  server.RaftServerConfigKeys (ConfUtils.java:logGet(43)) - raft.server.rpcslowness.timeout = 120s (custom)
2019-11-14 22:53:38,179 [pool-560-thread-1] INFO  server.RaftServerConfigKeys (ConfUtils.java:logGet(43)) - raft.server.storage.dir = [/workdir/hadoop-ozone/integration-test/target/test-dir/MiniOzoneClusterImpl-c304fa79-6e7f-43ac-8564-360665bd8c65/datanode-1/data/ratis] (custom)
2019-11-14 22:53:38,179 [pool-549-thread-1] INFO  server.RaftServerConfigKeys (ConfUtils.java:logGet(43)) - raft.server.sleep.deviation.threshold = 300 (default)
2019-11-14 22:53:38,179 [pool-549-thread-1] INFO  server.RaftServerConfigKeys (ConfUtils.java:logGet(43)) - raft.server.log.appender.install.snapshot.enabled = false (custom)
2019-11-14 22:53:38,179 [pool-560-thread-1] INFO  server.RaftServerConfigKeys (ConfUtils.java:logGet(43)) - raft.server.log.corruption.policy = EXCEPTION (default)
2019-11-14 22:53:38,179 [pool-549-thread-1] INFO  impl.RaftServerImpl (ServerState.java:<init>(103)) - 1557401b-269c-4760-ad9d-3babb3e549ee@group-8ACE7C8AE926: ConfigurationManager, init=-1: [1557401b-269c-4760-ad9d-3babb3e549ee:192.168.164.210:38449, 9969a5d9-fcab-46ad-a887-333766046ab2:192.168.164.210:41238, 377585f1-7b09-4361-841d-f3e5d0778973:192.168.164.210:33333], old=null, confs=<EMPTY_MAP>
2019-11-14 22:53:38,179 [pool-560-thread-1] INFO  storage.RaftStorageDirectory (RaftStorageDirectory.java:analyzeStorage(246)) - The storage directory /workdir/hadoop-ozone/integration-test/target/test-dir/MiniOzoneClusterImpl-c304fa79-6e7f-43ac-8564-360665bd8c65/datanode-1/data/ratis/2297f64d-c6f4-4fb8-a350-8ace7c8ae926 does not exist. Creating ...
2019-11-14 22:53:38,179 [pool-549-thread-1] INFO  server.RaftServerConfigKeys (ConfUtils.java:logGet(43)) - raft.server.storage.dir = [/workdir/hadoop-ozone/integration-test/target/test-dir/MiniOzoneClusterImpl-c304fa79-6e7f-43ac-8564-360665bd8c65/datanode-0/data/ratis] (custom)
2019-11-14 22:53:38,179 [pool-549-thread-1] INFO  server.RaftServerConfigKeys (ConfUtils.java:logGet(43)) - raft.server.log.corruption.policy = EXCEPTION (default)
2019-11-14 22:53:38,180 [pool-549-thread-1] INFO  storage.RaftStorageDirectory (RaftStorageDirectory.java:analyzeStorage(246)) - The storage directory /workdir/hadoop-ozone/integration-test/target/test-dir/MiniOzoneClusterImpl-c304fa79-6e7f-43ac-8564-360665bd8c65/datanode-0/data/ratis/2297f64d-c6f4-4fb8-a350-8ace7c8ae926 does not exist. Creating ...
2019-11-14 22:53:38,193 [pool-549-thread-1] INFO  storage.RaftStorageDirectory (RaftStorageDirectory.java:tryLock(328)) - Lock on /workdir/hadoop-ozone/integration-test/target/test-dir/MiniOzoneClusterImpl-c304fa79-6e7f-43ac-8564-360665bd8c65/datanode-0/data/ratis/2297f64d-c6f4-4fb8-a350-8ace7c8ae926/in_use.lock acquired by nodename 20539@pr-hdds-2448-del-container-qmj8s-3203767274
2019-11-14 22:53:38,193 [pool-571-thread-1] INFO  storage.RaftStorageDirectory (RaftStorageDirectory.java:tryLock(328)) - Lock on /workdir/hadoop-ozone/integration-test/target/test-dir/MiniOzoneClusterImpl-c304fa79-6e7f-43ac-8564-360665bd8c65/datanode-2/data/ratis/2297f64d-c6f4-4fb8-a350-8ace7c8ae926/in_use.lock acquired by nodename 20539@pr-hdds-2448-del-container-qmj8s-3203767274
2019-11-14 22:53:38,193 [pool-560-thread-1] INFO  storage.RaftStorageDirectory (RaftStorageDirectory.java:tryLock(328)) - Lock on /workdir/hadoop-ozone/integration-test/target/test-dir/MiniOzoneClusterImpl-c304fa79-6e7f-43ac-8564-360665bd8c65/datanode-1/data/ratis/2297f64d-c6f4-4fb8-a350-8ace7c8ae926/in_use.lock acquired by nodename 20539@pr-hdds-2448-del-container-qmj8s-3203767274
2019-11-14 22:53:38,207 [pool-549-thread-1] INFO  storage.RaftStorage (RaftStorage.java:format(84)) - Storage directory /workdir/hadoop-ozone/integration-test/target/test-dir/MiniOzoneClusterImpl-c304fa79-6e7f-43ac-8564-360665bd8c65/datanode-0/data/ratis/2297f64d-c6f4-4fb8-a350-8ace7c8ae926 has been successfully formatted.
2019-11-14 22:53:38,207 [pool-571-thread-1] INFO  storage.RaftStorage (RaftStorage.java:format(84)) - Storage directory /workdir/hadoop-ozone/integration-test/target/test-dir/MiniOzoneClusterImpl-c304fa79-6e7f-43ac-8564-360665bd8c65/datanode-2/data/ratis/2297f64d-c6f4-4fb8-a350-8ace7c8ae926 has been successfully formatted.
2019-11-14 22:53:38,207 [pool-560-thread-1] INFO  storage.RaftStorage (RaftStorage.java:format(84)) - Storage directory /workdir/hadoop-ozone/integration-test/target/test-dir/MiniOzoneClusterImpl-c304fa79-6e7f-43ac-8564-360665bd8c65/datanode-1/data/ratis/2297f64d-c6f4-4fb8-a350-8ace7c8ae926 has been successfully formatted.
2019-11-14 22:53:38,207 [pool-549-thread-1] INFO  ratis.ContainerStateMachine (ContainerStateMachine.java:loadSnapshot(223)) - group-8ACE7C8AE926: The snapshot info is null. Setting the last applied indexto:(t:0, i:~)
2019-11-14 22:53:38,207 [pool-560-thread-1] INFO  ratis.ContainerStateMachine (ContainerStateMachine.java:loadSnapshot(223)) - group-8ACE7C8AE926: The snapshot info is null. Setting the last applied indexto:(t:0, i:~)
2019-11-14 22:53:38,207 [pool-549-thread-1] INFO  server.RaftServerConfigKeys (ConfUtils.java:logGet(43)) - raft.server.notification.no-leader.timeout = 120s (custom)
2019-11-14 22:53:38,207 [pool-571-thread-1] INFO  ratis.ContainerStateMachine (ContainerStateMachine.java:loadSnapshot(223)) - group-8ACE7C8AE926: The snapshot info is null. Setting the last applied indexto:(t:0, i:~)
2019-11-14 22:53:38,207 [pool-549-thread-1] INFO  server.RaftServerConfigKeys (ConfUtils.java:logGet(43)) - raft.server.log.use.memory = false (default)
2019-11-14 22:53:38,207 [pool-560-thread-1] INFO  server.RaftServerConfigKeys (ConfUtils.java:logGet(43)) - raft.server.notification.no-leader.timeout = 120s (custom)
2019-11-14 22:53:38,208 [pool-549-thread-1] INFO  server.RaftServerConfigKeys (ConfUtils.java:logGet(43)) - raft.server.log.purge.gap = 1000000 (custom)
2019-11-14 22:53:38,207 [pool-571-thread-1] INFO  server.RaftServerConfigKeys (ConfUtils.java:logGet(43)) - raft.server.notification.no-leader.timeout = 120s (custom)
2019-11-14 22:53:38,208 [pool-560-thread-1] INFO  server.RaftServerConfigKeys (ConfUtils.java:logGet(43)) - raft.server.log.use.memory = false (default)
2019-11-14 22:53:38,208 [pool-549-thread-1] INFO  server.RaftServerConfigKeys (ConfUtils.java:logGet(43)) - raft.server.log.appender.buffer.byte-limit = 33554432 (custom)
2019-11-14 22:53:38,208 [pool-571-thread-1] INFO  server.RaftServerConfigKeys (ConfUtils.java:logGet(43)) - raft.server.log.use.memory = false (default)
2019-11-14 22:53:38,208 [pool-549-thread-1] INFO  server.RaftServerConfigKeys (ConfUtils.java:logGet(43)) - raft.server.log.segment.size.max = 1048576 (custom)
2019-11-14 22:53:38,208 [pool-560-thread-1] INFO  server.RaftServerConfigKeys (ConfUtils.java:logGet(43)) - raft.server.log.purge.gap = 1000000 (custom)
2019-11-14 22:53:38,208 [pool-549-thread-1] INFO  server.RaftServerConfigKeys (ConfUtils.java:logGet(43)) - raft.server.log.segment.cache.num.max = 2 (custom)
2019-11-14 22:53:38,208 [pool-571-thread-1] INFO  server.RaftServerConfigKeys (ConfUtils.java:logGet(43)) - raft.server.log.purge.gap = 1000000 (custom)
2019-11-14 22:53:38,208 [pool-549-thread-1] INFO  segmented.SegmentedRaftLogWorker (SegmentedRaftLogWorker.java:<init>(173)) - new 1557401b-269c-4760-ad9d-3babb3e549ee@group-8ACE7C8AE926-SegmentedRaftLogWorker for RaftStorage:Storage Directory /workdir/hadoop-ozone/integration-test/target/test-dir/MiniOzoneClusterImpl-c304fa79-6e7f-43ac-8564-360665bd8c65/datanode-0/data/ratis/2297f64d-c6f4-4fb8-a350-8ace7c8ae926
2019-11-14 22:53:38,208 [pool-560-thread-1] INFO  server.RaftServerConfigKeys (ConfUtils.java:logGet(43)) - raft.server.log.appender.buffer.byte-limit = 33554432 (custom)
2019-11-14 22:53:38,209 [pool-549-thread-1] INFO  server.RaftServerConfigKeys (ConfUtils.java:logGet(43)) - raft.server.log.queue.byte-limit = 2147483647 (custom)
2019-11-14 22:53:38,208 [pool-571-thread-1] INFO  server.RaftServerConfigKeys (ConfUtils.java:logGet(43)) - raft.server.log.appender.buffer.byte-limit = 33554432 (custom)
2019-11-14 22:53:38,209 [pool-549-thread-1] INFO  server.RaftServerConfigKeys (ConfUtils.java:logGet(43)) - raft.server.log.queue.element-limit = 1024 (custom)
2019-11-14 22:53:38,209 [pool-560-thread-1] INFO  server.RaftServerConfigKeys (ConfUtils.java:logGet(43)) - raft.server.log.segment.size.max = 1048576 (custom)
2019-11-14 22:53:38,209 [pool-549-thread-1] INFO  server.RaftServerConfigKeys (ConfUtils.java:logGet(43)) - raft.server.log.segment.size.max = 1048576 (custom)
2019-11-14 22:53:38,209 [pool-571-thread-1] INFO  server.RaftServerConfigKeys (ConfUtils.java:logGet(43)) - raft.server.log.segment.size.max = 1048576 (custom)
2019-11-14 22:53:38,209 [pool-549-thread-1] INFO  server.RaftServerConfigKeys (ConfUtils.java:logGet(43)) - raft.server.log.preallocated.size = 16384 (custom)
2019-11-14 22:53:38,209 [pool-560-thread-1] INFO  server.RaftServerConfigKeys (ConfUtils.java:logGet(43)) - raft.server.log.segment.cache.num.max = 2 (custom)
2019-11-14 22:53:38,209 [pool-549-thread-1] INFO  server.RaftServerConfigKeys (ConfUtils.java:logGet(43)) - raft.server.log.write.buffer.size = 33554432 (custom)
2019-11-14 22:53:38,209 [pool-571-thread-1] INFO  server.RaftServerConfigKeys (ConfUtils.java:logGet(43)) - raft.server.log.segment.cache.num.max = 2 (custom)
2019-11-14 22:53:38,210 [pool-549-thread-1] INFO  server.RaftServerConfigKeys (ConfUtils.java:logGet(43)) - raft.server.log.force.sync.num = 128 (default)
2019-11-14 22:53:38,210 [pool-560-thread-1] INFO  segmented.SegmentedRaftLogWorker (SegmentedRaftLogWorker.java:<init>(173)) - new 377585f1-7b09-4361-841d-f3e5d0778973@group-8ACE7C8AE926-SegmentedRaftLogWorker for RaftStorage:Storage Directory /workdir/hadoop-ozone/integration-test/target/test-dir/MiniOzoneClusterImpl-c304fa79-6e7f-43ac-8564-360665bd8c65/datanode-1/data/ratis/2297f64d-c6f4-4fb8-a350-8ace7c8ae926
2019-11-14 22:53:38,210 [pool-549-thread-1] INFO  server.RaftServerConfigKeys (ConfUtils.java:logGet(43)) - raft.server.log.statemachine.data.sync = true (default)
2019-11-14 22:53:38,210 [pool-571-thread-1] INFO  segmented.SegmentedRaftLogWorker (SegmentedRaftLogWorker.java:<init>(173)) - new 9969a5d9-fcab-46ad-a887-333766046ab2@group-8ACE7C8AE926-SegmentedRaftLogWorker for RaftStorage:Storage Directory /workdir/hadoop-ozone/integration-test/target/test-dir/MiniOzoneClusterImpl-c304fa79-6e7f-43ac-8564-360665bd8c65/datanode-2/data/ratis/2297f64d-c6f4-4fb8-a350-8ace7c8ae926
2019-11-14 22:53:38,210 [pool-549-thread-1] INFO  server.RaftServerConfigKeys (ConfUtils.java:logGet(43)) - raft.server.log.statemachine.data.sync.timeout = 10s (default)
2019-11-14 22:53:38,210 [pool-560-thread-1] INFO  server.RaftServerConfigKeys (ConfUtils.java:logGet(43)) - raft.server.log.queue.byte-limit = 2147483647 (custom)
2019-11-14 22:53:38,210 [pool-549-thread-1] INFO  server.RaftServerConfigKeys (ConfUtils.java:logGet(43)) - raft.server.log.statemachine.data.sync.timeout.retry = -1 (default)
2019-11-14 22:53:38,210 [pool-571-thread-1] INFO  server.RaftServerConfigKeys (ConfUtils.java:logGet(43)) - raft.server.log.queue.byte-limit = 2147483647 (custom)
2019-11-14 22:53:38,210 [pool-549-thread-1] INFO  server.RaftServerConfigKeys (ConfUtils.java:logGet(43)) - raft.server.log.statemachine.data.caching.enabled = true (custom)
2019-11-14 22:53:38,210 [pool-560-thread-1] INFO  server.RaftServerConfigKeys (ConfUtils.java:logGet(43)) - raft.server.log.queue.element-limit = 1024 (custom)
2019-11-14 22:53:38,210 [pool-571-thread-1] INFO  server.RaftServerConfigKeys (ConfUtils.java:logGet(43)) - raft.server.log.queue.element-limit = 1024 (custom)
2019-11-14 22:53:38,211 [pool-549-thread-1] INFO  segmented.SegmentedRaftLogWorker (SegmentedRaftLogWorker.java:lambda$new$0(128)) - 1557401b-269c-4760-ad9d-3babb3e549ee@group-8ACE7C8AE926-SegmentedRaftLogWorker: flushIndex: setUnconditionally 0 -> -1
2019-11-14 22:53:38,211 [pool-560-thread-1] INFO  server.RaftServerConfigKeys (ConfUtils.java:logGet(43)) - raft.server.log.segment.size.max = 1048576 (custom)
2019-11-14 22:53:38,211 [pool-571-thread-1] INFO  server.RaftServerConfigKeys (ConfUtils.java:logGet(43)) - raft.server.log.segment.size.max = 1048576 (custom)
2019-11-14 22:53:38,211 [pool-549-thread-1] INFO  server.RaftServerConfigKeys (ConfUtils.java:logGet(43)) - raft.server.snapshot.auto.trigger.enabled = true (custom)
2019-11-14 22:53:38,211 [pool-560-thread-1] INFO  server.RaftServerConfigKeys (ConfUtils.java:logGet(43)) - raft.server.log.preallocated.size = 16384 (custom)
2019-11-14 22:53:38,211 [pool-549-thread-1] INFO  server.RaftServerConfigKeys (ConfUtils.java:logGet(43)) - raft.server.snapshot.auto.trigger.threshold = 10000 (custom)
2019-11-14 22:53:38,211 [pool-571-thread-1] INFO  server.RaftServerConfigKeys (ConfUtils.java:logGet(43)) - raft.server.log.preallocated.size = 16384 (custom)
2019-11-14 22:53:38,211 [pool-549-thread-1] INFO  server.RaftServerConfigKeys (ConfUtils.java:logGet(43)) - raft.server.snapshot.retention.file.num = 5 (custom)
2019-11-14 22:53:38,211 [pool-560-thread-1] INFO  server.RaftServerConfigKeys (ConfUtils.java:logGet(43)) - raft.server.log.write.buffer.size = 33554432 (custom)
2019-11-14 22:53:38,211 [pool-549-thread-1] INFO  server.RaftServerConfigKeys (ConfUtils.java:logGet(43)) - raft.server.retrycache.expirytime = 600000ms (custom)
2019-11-14 22:53:38,211 [pool-571-thread-1] INFO  server.RaftServerConfigKeys (ConfUtils.java:logGet(43)) - raft.server.log.write.buffer.size = 33554432 (custom)
2019-11-14 22:53:38,211 [pool-549-thread-1] WARN  impl.MetricRegistriesImpl (MetricRegistriesImpl.java:lambda$create$1(61)) - First MetricRegistry has been created without registering reporters. You may need to call MetricRegistries.global().addReportRegistration(...) before.
2019-11-14 22:53:38,211 [pool-560-thread-1] INFO  server.RaftServerConfigKeys (ConfUtils.java:logGet(43)) - raft.server.log.force.sync.num = 128 (default)
2019-11-14 22:53:38,212 [pool-549-thread-1] WARN  impl.MetricRegistriesImpl (MetricRegistriesImpl.java:lambda$create$1(61)) - First MetricRegistry has been created without registering reporters. You may need to call MetricRegistries.global().addReportRegistration(...) before.
2019-11-14 22:53:38,212 [pool-571-thread-1] INFO  server.RaftServerConfigKeys (ConfUtils.java:logGet(43)) - raft.server.log.force.sync.num = 128 (default)
2019-11-14 22:53:38,212 [pool-549-thread-1] INFO  impl.RaftServerImpl (RaftServerImpl.java:start(184)) - 1557401b-269c-4760-ad9d-3babb3e549ee@group-8ACE7C8AE926: start as a follower, conf=-1: [1557401b-269c-4760-ad9d-3babb3e549ee:192.168.164.210:38449, 9969a5d9-fcab-46ad-a887-333766046ab2:192.168.164.210:41238, 377585f1-7b09-4361-841d-f3e5d0778973:192.168.164.210:33333], old=null
2019-11-14 22:53:38,212 [pool-560-thread-1] INFO  server.RaftServerConfigKeys (ConfUtils.java:logGet(43)) - raft.server.log.statemachine.data.sync = true (default)
2019-11-14 22:53:38,212 [pool-549-thread-1] INFO  impl.RaftServerImpl (RaftServerImpl.java:setRole(173)) - 1557401b-269c-4760-ad9d-3babb3e549ee@group-8ACE7C8AE926: changes role from      null to FOLLOWER at term 0 for startAsFollower
2019-11-14 22:53:38,212 [pool-571-thread-1] INFO  server.RaftServerConfigKeys (ConfUtils.java:logGet(43)) - raft.server.log.statemachine.data.sync = true (default)
2019-11-14 22:53:38,212 [pool-549-thread-1] INFO  impl.RoleInfo (RoleInfo.java:updateAndGet(143)) - 1557401b-269c-4760-ad9d-3babb3e549ee: start FollowerState
2019-11-14 22:53:38,212 [pool-560-thread-1] INFO  server.RaftServerConfigKeys (ConfUtils.java:logGet(43)) - raft.server.log.statemachine.data.sync.timeout = 10s (default)
2019-11-14 22:53:38,212 [pool-571-thread-1] INFO  server.RaftServerConfigKeys (ConfUtils.java:logGet(43)) - raft.server.log.statemachine.data.sync.timeout = 10s (default)
2019-11-14 22:53:38,212 [pool-560-thread-1] INFO  server.RaftServerConfigKeys (ConfUtils.java:logGet(43)) - raft.server.log.statemachine.data.sync.timeout.retry = -1 (default)
2019-11-14 22:53:38,212 [pool-549-thread-1] INFO  util.JmxRegister (JmxRegister.java:tryRegister(44)) - Successfully registered JMX Bean with object name Ratis:service=RaftServer,group=group-8ACE7C8AE926,id=1557401b-269c-4760-ad9d-3babb3e549ee
2019-11-14 22:53:38,212 [pool-571-thread-1] INFO  server.RaftServerConfigKeys (ConfUtils.java:logGet(43)) - raft.server.log.statemachine.data.sync.timeout.retry = -1 (default)
2019-11-14 22:53:38,213 [pool-549-thread-1] WARN  impl.MetricRegistriesImpl (MetricRegistriesImpl.java:lambda$create$1(61)) - First MetricRegistry has been created without registering reporters. You may need to call MetricRegistries.global().addReportRegistration(...) before.
2019-11-14 22:53:38,213 [pool-560-thread-1] INFO  server.RaftServerConfigKeys (ConfUtils.java:logGet(43)) - raft.server.log.statemachine.data.caching.enabled = true (custom)
2019-11-14 22:53:38,213 [pool-571-thread-1] INFO  server.RaftServerConfigKeys (ConfUtils.java:logGet(43)) - raft.server.log.statemachine.data.caching.enabled = true (custom)
2019-11-14 22:53:38,213 [pool-560-thread-1] INFO  segmented.SegmentedRaftLogWorker (SegmentedRaftLogWorker.java:lambda$new$0(128)) - 377585f1-7b09-4361-841d-f3e5d0778973@group-8ACE7C8AE926-SegmentedRaftLogWorker: flushIndex: setUnconditionally 0 -> -1
2019-11-14 22:53:38,213 [pool-571-thread-1] INFO  segmented.SegmentedRaftLogWorker (SegmentedRaftLogWorker.java:lambda$new$0(128)) - 9969a5d9-fcab-46ad-a887-333766046ab2@group-8ACE7C8AE926-SegmentedRaftLogWorker: flushIndex: setUnconditionally 0 -> -1
2019-11-14 22:53:38,213 [pool-560-thread-1] INFO  server.RaftServerConfigKeys (ConfUtils.java:logGet(43)) - raft.server.snapshot.auto.trigger.enabled = true (custom)
2019-11-14 22:53:38,213 [pool-571-thread-1] INFO  server.RaftServerConfigKeys (ConfUtils.java:logGet(43)) - raft.server.snapshot.auto.trigger.enabled = true (custom)
2019-11-14 22:53:38,213 [pool-560-thread-1] INFO  server.RaftServerConfigKeys (ConfUtils.java:logGet(43)) - raft.server.snapshot.auto.trigger.threshold = 10000 (custom)
2019-11-14 22:53:38,214 [pool-571-thread-1] INFO  server.RaftServerConfigKeys (ConfUtils.java:logGet(43)) - raft.server.snapshot.auto.trigger.threshold = 10000 (custom)
2019-11-14 22:53:38,214 [pool-560-thread-1] INFO  server.RaftServerConfigKeys (ConfUtils.java:logGet(43)) - raft.server.snapshot.retention.file.num = 5 (custom)
2019-11-14 22:53:38,214 [pool-571-thread-1] INFO  server.RaftServerConfigKeys (ConfUtils.java:logGet(43)) - raft.server.snapshot.retention.file.num = 5 (custom)
2019-11-14 22:53:38,214 [pool-560-thread-1] INFO  server.RaftServerConfigKeys (ConfUtils.java:logGet(43)) - raft.server.retrycache.expirytime = 600000ms (custom)
2019-11-14 22:53:38,214 [pool-571-thread-1] INFO  server.RaftServerConfigKeys (ConfUtils.java:logGet(43)) - raft.server.retrycache.expirytime = 600000ms (custom)
2019-11-14 22:53:38,214 [pool-560-thread-1] WARN  impl.MetricRegistriesImpl (MetricRegistriesImpl.java:lambda$create$1(61)) - First MetricRegistry has been created without registering reporters. You may need to call MetricRegistries.global().addReportRegistration(...) before.
2019-11-14 22:53:38,214 [pool-571-thread-1] WARN  impl.MetricRegistriesImpl (MetricRegistriesImpl.java:lambda$create$1(61)) - First MetricRegistry has been created without registering reporters. You may need to call MetricRegistries.global().addReportRegistration(...) before.
2019-11-14 22:53:38,214 [pool-571-thread-1] WARN  impl.MetricRegistriesImpl (MetricRegistriesImpl.java:lambda$create$1(61)) - First MetricRegistry has been created without registering reporters. You may need to call MetricRegistries.global().addReportRegistration(...) before.
2019-11-14 22:53:38,214 [pool-560-thread-1] WARN  impl.MetricRegistriesImpl (MetricRegistriesImpl.java:lambda$create$1(61)) - First MetricRegistry has been created without registering reporters. You may need to call MetricRegistries.global().addReportRegistration(...) before.
2019-11-14 22:53:38,215 [pool-571-thread-1] INFO  impl.RaftServerImpl (RaftServerImpl.java:start(184)) - 9969a5d9-fcab-46ad-a887-333766046ab2@group-8ACE7C8AE926: start as a follower, conf=-1: [1557401b-269c-4760-ad9d-3babb3e549ee:192.168.164.210:38449, 9969a5d9-fcab-46ad-a887-333766046ab2:192.168.164.210:41238, 377585f1-7b09-4361-841d-f3e5d0778973:192.168.164.210:33333], old=null
2019-11-14 22:53:38,215 [pool-571-thread-1] INFO  impl.RaftServerImpl (RaftServerImpl.java:setRole(173)) - 9969a5d9-fcab-46ad-a887-333766046ab2@group-8ACE7C8AE926: changes role from      null to FOLLOWER at term 0 for startAsFollower
2019-11-14 22:53:38,215 [pool-560-thread-1] INFO  impl.RaftServerImpl (RaftServerImpl.java:start(184)) - 377585f1-7b09-4361-841d-f3e5d0778973@group-8ACE7C8AE926: start as a follower, conf=-1: [1557401b-269c-4760-ad9d-3babb3e549ee:192.168.164.210:38449, 9969a5d9-fcab-46ad-a887-333766046ab2:192.168.164.210:41238, 377585f1-7b09-4361-841d-f3e5d0778973:192.168.164.210:33333], old=null
2019-11-14 22:53:38,215 [pool-560-thread-1] INFO  impl.RaftServerImpl (RaftServerImpl.java:setRole(173)) - 377585f1-7b09-4361-841d-f3e5d0778973@group-8ACE7C8AE926: changes role from      null to FOLLOWER at term 0 for startAsFollower
2019-11-14 22:53:38,215 [pool-571-thread-1] INFO  impl.RoleInfo (RoleInfo.java:updateAndGet(143)) - 9969a5d9-fcab-46ad-a887-333766046ab2: start FollowerState
2019-11-14 22:53:38,218 [pool-560-thread-1] INFO  impl.RoleInfo (RoleInfo.java:updateAndGet(143)) - 377585f1-7b09-4361-841d-f3e5d0778973: start FollowerState
2019-11-14 22:53:38,218 [pool-571-thread-1] INFO  util.JmxRegister (JmxRegister.java:tryRegister(44)) - Successfully registered JMX Bean with object name Ratis:service=RaftServer,group=group-8ACE7C8AE926,id=9969a5d9-fcab-46ad-a887-333766046ab2
2019-11-14 22:53:38,218 [pool-560-thread-1] INFO  util.JmxRegister (JmxRegister.java:tryRegister(44)) - Successfully registered JMX Bean with object name Ratis:service=RaftServer,group=group-8ACE7C8AE926,id=377585f1-7b09-4361-841d-f3e5d0778973
2019-11-14 22:53:38,218 [pool-571-thread-1] WARN  impl.MetricRegistriesImpl (MetricRegistriesImpl.java:lambda$create$1(61)) - First MetricRegistry has been created without registering reporters. You may need to call MetricRegistries.global().addReportRegistration(...) before.
2019-11-14 22:53:38,218 [pool-560-thread-1] WARN  impl.MetricRegistriesImpl (MetricRegistriesImpl.java:lambda$create$1(61)) - First MetricRegistry has been created without registering reporters. You may need to call MetricRegistries.global().addReportRegistration(...) before.
2019-11-14 22:53:38,220 [RatisPipelineUtilsThread] INFO  pipeline.PipelineStateManager (PipelineStateManager.java:addPipeline(55)) - Created pipeline Pipeline[ Id: 2297f64d-c6f4-4fb8-a350-8ace7c8ae926, Nodes: 377585f1-7b09-4361-841d-f3e5d0778973{ip: 192.168.164.210, host: pr-hdds-2448-del-container-qmj8s-3203767274, networkLocation: /rack1, certSerialId: null}9969a5d9-fcab-46ad-a887-333766046ab2{ip: 192.168.164.210, host: pr-hdds-2448-del-container-qmj8s-3203767274, networkLocation: /rack1, certSerialId: null}1557401b-269c-4760-ad9d-3babb3e549ee{ip: 192.168.164.210, host: pr-hdds-2448-del-container-qmj8s-3203767274, networkLocation: /rack1, certSerialId: null}, Type:RATIS, Factor:THREE, State:ALLOCATED]
2019-11-14 22:53:38,220 [Thread-4245] INFO  pipeline.PipelineStateManager (PipelineStateManager.java:finalizePipeline(121)) - Pipeline Pipeline[ Id: 6e41b1e7-0b44-4b72-a23a-4212e911bff7, Nodes: 257e5bad-a5d9-4311-875c-39b27f9709ed{ip: 192.168.164.210, host: pr-hdds-2448-del-container-qmj8s-3203767274, networkLocation: /rack1, certSerialId: null}, Type:RATIS, Factor:ONE, State:CLOSED] moved to CLOSED state
2019-11-14 22:53:38,224 [grpc-default-executor-6] INFO  impl.RaftServerProxy (RaftServerProxy.java:remove(95)) - 257e5bad-a5d9-4311-875c-39b27f9709ed: remove    LEADER 257e5bad-a5d9-4311-875c-39b27f9709ed@group-4212E911BFF7:t1, leader=257e5bad-a5d9-4311-875c-39b27f9709ed, voted=257e5bad-a5d9-4311-875c-39b27f9709ed, raftlog=257e5bad-a5d9-4311-875c-39b27f9709ed@group-4212E911BFF7-SegmentedRaftLog:OPENED:c0,f0,i0, conf=0: [257e5bad-a5d9-4311-875c-39b27f9709ed:192.168.164.210:40481], old=null RUNNING
2019-11-14 22:53:38,225 [grpc-default-executor-6] INFO  impl.RaftServerImpl (RaftServerImpl.java:lambda$shutdown$3(250)) - 257e5bad-a5d9-4311-875c-39b27f9709ed@group-4212E911BFF7: shutdown
2019-11-14 22:53:38,225 [grpc-default-executor-6] INFO  util.JmxRegister (JmxRegister.java:unregister(73)) - Successfully un-registered JMX Bean with object name Ratis:service=RaftServer,group=group-4212E911BFF7,id=257e5bad-a5d9-4311-875c-39b27f9709ed
2019-11-14 22:53:38,225 [grpc-default-executor-6] INFO  impl.RoleInfo (RoleInfo.java:shutdownLeaderState(104)) - 257e5bad-a5d9-4311-875c-39b27f9709ed: shutdown LeaderState
2019-11-14 22:53:38,225 [grpc-default-executor-6] INFO  impl.PendingRequests (PendingRequests.java:sendNotLeaderResponses(206)) - 257e5bad-a5d9-4311-875c-39b27f9709ed@group-4212E911BFF7-PendingRequests: sendNotLeaderResponses
2019-11-14 22:53:38,225 [grpc-default-executor-6] INFO  impl.StateMachineUpdater (StateMachineUpdater.java:stopAndJoin(136)) - 257e5bad-a5d9-4311-875c-39b27f9709ed@group-4212E911BFF7-StateMachineUpdater: set stopIndex = 0
2019-11-14 22:53:38,225 [grpc-default-executor-6] INFO  impl.RaftServerImpl (ServerState.java:close(387)) - 257e5bad-a5d9-4311-875c-39b27f9709ed@group-4212E911BFF7: closes. applyIndex: 0
2019-11-14 22:53:38,225 [257e5bad-a5d9-4311-875c-39b27f9709ed@group-4212E911BFF7-SegmentedRaftLogWorker] INFO  segmented.SegmentedRaftLogWorker (SegmentedRaftLogWorker.java:run(316)) - 257e5bad-a5d9-4311-875c-39b27f9709ed@group-4212E911BFF7-SegmentedRaftLogWorker was interrupted, exiting. There are 0 tasks remaining in the queue.
2019-11-14 22:53:38,226 [grpc-default-executor-6] INFO  segmented.SegmentedRaftLogWorker (SegmentedRaftLogWorker.java:close(224)) - 257e5bad-a5d9-4311-875c-39b27f9709ed@group-4212E911BFF7-SegmentedRaftLogWorker close()
2019-11-14 22:53:38,229 [Thread-4245] INFO  pipeline.PipelineStateManager (PipelineStateManager.java:removePipeline(106)) - Pipeline Pipeline[ Id: 6e41b1e7-0b44-4b72-a23a-4212e911bff7, Nodes: 257e5bad-a5d9-4311-875c-39b27f9709ed{ip: 192.168.164.210, host: pr-hdds-2448-del-container-qmj8s-3203767274, networkLocation: /rack1, certSerialId: null}, Type:RATIS, Factor:ONE, State:CLOSED] removed from db
2019-11-14 22:53:38,229 [Thread-4245] INFO  pipeline.SCMPipelineManager (SCMPipelineManager.java:finalizeAndDestroyPipeline(315)) - destroying pipeline:Pipeline[ Id: d9db7ee3-8d35-423f-a530-323824b0ab55, Nodes: 9969a5d9-fcab-46ad-a887-333766046ab2{ip: 192.168.164.210, host: pr-hdds-2448-del-container-qmj8s-3203767274, networkLocation: /rack1, certSerialId: null}, Type:RATIS, Factor:ONE, State:OPEN]
2019-11-14 22:53:38,231 [grpc-default-executor-6] INFO  impl.RaftServerProxy (RaftServerProxy.java:addNew(89)) - 257e5bad-a5d9-4311-875c-39b27f9709ed: addNew group-D7E28BAA19B5:[257e5bad-a5d9-4311-875c-39b27f9709ed:192.168.164.210:40481] returns group-D7E28BAA19B5:java.util.concurrent.CompletableFuture@5ad0a5f8[Not completed]
2019-11-14 22:53:38,232 [pool-648-thread-1] INFO  impl.RaftServerImpl (RaftServerImpl.java:<init>(98)) - 257e5bad-a5d9-4311-875c-39b27f9709ed: new RaftServerImpl for group-D7E28BAA19B5:[257e5bad-a5d9-4311-875c-39b27f9709ed:192.168.164.210:40481] with ContainerStateMachine:uninitialized
2019-11-14 22:53:38,232 [pool-648-thread-1] INFO  server.RaftServerConfigKeys (ConfUtils.java:logGet(43)) - raft.server.rpc.timeout.min = 1s (custom)
2019-11-14 22:53:38,232 [pool-648-thread-1] INFO  server.RaftServerConfigKeys (ConfUtils.java:logGet(43)) - raft.server.rpc.timeout.max = 1200ms (custom)
2019-11-14 22:53:38,232 [pool-648-thread-1] INFO  server.RaftServerConfigKeys (ConfUtils.java:logGet(43)) - raft.server.rpcslowness.timeout = 120s (custom)
2019-11-14 22:53:38,232 [pool-648-thread-1] INFO  server.RaftServerConfigKeys (ConfUtils.java:logGet(43)) - raft.server.sleep.deviation.threshold = 300 (default)
2019-11-14 22:53:38,232 [pool-648-thread-1] INFO  server.RaftServerConfigKeys (ConfUtils.java:logGet(43)) - raft.server.log.appender.install.snapshot.enabled = false (custom)
2019-11-14 22:53:38,232 [pool-648-thread-1] INFO  impl.RaftServerImpl (ServerState.java:<init>(103)) - 257e5bad-a5d9-4311-875c-39b27f9709ed@group-D7E28BAA19B5: ConfigurationManager, init=-1: [257e5bad-a5d9-4311-875c-39b27f9709ed:192.168.164.210:40481], old=null, confs=<EMPTY_MAP>
2019-11-14 22:53:38,233 [pool-648-thread-1] INFO  server.RaftServerConfigKeys (ConfUtils.java:logGet(43)) - raft.server.storage.dir = [/workdir/hadoop-ozone/integration-test/target/test-dir/MiniOzoneClusterImpl-c304fa79-6e7f-43ac-8564-360665bd8c65/datanode-9/data/ratis] (custom)
2019-11-14 22:53:38,233 [pool-648-thread-1] INFO  server.RaftServerConfigKeys (ConfUtils.java:logGet(43)) - raft.server.log.corruption.policy = EXCEPTION (default)
2019-11-14 22:53:38,233 [pool-648-thread-1] INFO  storage.RaftStorageDirectory (RaftStorageDirectory.java:analyzeStorage(246)) - The storage directory /workdir/hadoop-ozone/integration-test/target/test-dir/MiniOzoneClusterImpl-c304fa79-6e7f-43ac-8564-360665bd8c65/datanode-9/data/ratis/564286cd-1b83-47c5-9810-d7e28baa19b5 does not exist. Creating ...
2019-11-14 22:53:38,243 [pool-648-thread-1] INFO  storage.RaftStorageDirectory (RaftStorageDirectory.java:tryLock(328)) - Lock on /workdir/hadoop-ozone/integration-test/target/test-dir/MiniOzoneClusterImpl-c304fa79-6e7f-43ac-8564-360665bd8c65/datanode-9/data/ratis/564286cd-1b83-47c5-9810-d7e28baa19b5/in_use.lock acquired by nodename 20539@pr-hdds-2448-del-container-qmj8s-3203767274
2019-11-14 22:53:38,255 [pool-648-thread-1] INFO  storage.RaftStorage (RaftStorage.java:format(84)) - Storage directory /workdir/hadoop-ozone/integration-test/target/test-dir/MiniOzoneClusterImpl-c304fa79-6e7f-43ac-8564-360665bd8c65/datanode-9/data/ratis/564286cd-1b83-47c5-9810-d7e28baa19b5 has been successfully formatted.
2019-11-14 22:53:38,255 [pool-648-thread-1] INFO  ratis.ContainerStateMachine (ContainerStateMachine.java:loadSnapshot(223)) - group-D7E28BAA19B5: The snapshot info is null. Setting the last applied indexto:(t:0, i:~)
2019-11-14 22:53:38,255 [pool-648-thread-1] INFO  server.RaftServerConfigKeys (ConfUtils.java:logGet(43)) - raft.server.notification.no-leader.timeout = 120s (custom)
2019-11-14 22:53:38,255 [pool-648-thread-1] INFO  server.RaftServerConfigKeys (ConfUtils.java:logGet(43)) - raft.server.log.use.memory = false (default)
2019-11-14 22:53:38,255 [pool-648-thread-1] INFO  server.RaftServerConfigKeys (ConfUtils.java:logGet(43)) - raft.server.log.purge.gap = 1000000 (custom)
2019-11-14 22:53:38,255 [pool-648-thread-1] INFO  server.RaftServerConfigKeys (ConfUtils.java:logGet(43)) - raft.server.log.appender.buffer.byte-limit = 33554432 (custom)
2019-11-14 22:53:38,255 [pool-648-thread-1] INFO  server.RaftServerConfigKeys (ConfUtils.java:logGet(43)) - raft.server.log.segment.size.max = 1048576 (custom)
2019-11-14 22:53:38,256 [pool-648-thread-1] INFO  server.RaftServerConfigKeys (ConfUtils.java:logGet(43)) - raft.server.log.segment.cache.num.max = 2 (custom)
2019-11-14 22:53:38,256 [pool-648-thread-1] INFO  segmented.SegmentedRaftLogWorker (SegmentedRaftLogWorker.java:<init>(173)) - new 257e5bad-a5d9-4311-875c-39b27f9709ed@group-D7E28BAA19B5-SegmentedRaftLogWorker for RaftStorage:Storage Directory /workdir/hadoop-ozone/integration-test/target/test-dir/MiniOzoneClusterImpl-c304fa79-6e7f-43ac-8564-360665bd8c65/datanode-9/data/ratis/564286cd-1b83-47c5-9810-d7e28baa19b5
2019-11-14 22:53:38,256 [pool-648-thread-1] INFO  server.RaftServerConfigKeys (ConfUtils.java:logGet(43)) - raft.server.log.queue.byte-limit = 2147483647 (custom)
2019-11-14 22:53:38,256 [pool-648-thread-1] INFO  server.RaftServerConfigKeys (ConfUtils.java:logGet(43)) - raft.server.log.queue.element-limit = 1024 (custom)
2019-11-14 22:53:38,256 [pool-648-thread-1] INFO  server.RaftServerConfigKeys (ConfUtils.java:logGet(43)) - raft.server.log.segment.size.max = 1048576 (custom)
2019-11-14 22:53:38,256 [pool-648-thread-1] INFO  server.RaftServerConfigKeys (ConfUtils.java:logGet(43)) - raft.server.log.preallocated.size = 16384 (custom)
2019-11-14 22:53:38,256 [pool-648-thread-1] INFO  server.RaftServerConfigKeys (ConfUtils.java:logGet(43)) - raft.server.log.write.buffer.size = 33554432 (custom)
2019-11-14 22:53:38,256 [pool-648-thread-1] INFO  server.RaftServerConfigKeys (ConfUtils.java:logGet(43)) - raft.server.log.force.sync.num = 128 (default)
2019-11-14 22:53:38,256 [pool-648-thread-1] INFO  server.RaftServerConfigKeys (ConfUtils.java:logGet(43)) - raft.server.log.statemachine.data.sync = true (default)
2019-11-14 22:53:38,256 [pool-648-thread-1] INFO  server.RaftServerConfigKeys (ConfUtils.java:logGet(43)) - raft.server.log.statemachine.data.sync.timeout = 10s (default)
2019-11-14 22:53:38,256 [pool-648-thread-1] INFO  server.RaftServerConfigKeys (ConfUtils.java:logGet(43)) - raft.server.log.statemachine.data.sync.timeout.retry = -1 (default)
2019-11-14 22:53:38,256 [pool-648-thread-1] INFO  server.RaftServerConfigKeys (ConfUtils.java:logGet(43)) - raft.server.log.statemachine.data.caching.enabled = true (custom)
2019-11-14 22:53:38,256 [pool-648-thread-1] INFO  segmented.SegmentedRaftLogWorker (SegmentedRaftLogWorker.java:lambda$new$0(128)) - 257e5bad-a5d9-4311-875c-39b27f9709ed@group-D7E28BAA19B5-SegmentedRaftLogWorker: flushIndex: setUnconditionally 0 -> -1
2019-11-14 22:53:38,257 [pool-648-thread-1] INFO  server.RaftServerConfigKeys (ConfUtils.java:logGet(43)) - raft.server.snapshot.auto.trigger.enabled = true (custom)
2019-11-14 22:53:38,257 [pool-648-thread-1] INFO  server.RaftServerConfigKeys (ConfUtils.java:logGet(43)) - raft.server.snapshot.auto.trigger.threshold = 10000 (custom)
2019-11-14 22:53:38,257 [pool-648-thread-1] INFO  server.RaftServerConfigKeys (ConfUtils.java:logGet(43)) - raft.server.snapshot.retention.file.num = 5 (custom)
2019-11-14 22:53:38,257 [pool-648-thread-1] INFO  server.RaftServerConfigKeys (ConfUtils.java:logGet(43)) - raft.server.retrycache.expirytime = 600000ms (custom)
2019-11-14 22:53:38,257 [pool-648-thread-1] WARN  impl.MetricRegistriesImpl (MetricRegistriesImpl.java:lambda$create$1(61)) - First MetricRegistry has been created without registering reporters. You may need to call MetricRegistries.global().addReportRegistration(...) before.
2019-11-14 22:53:38,257 [pool-648-thread-1] WARN  impl.MetricRegistriesImpl (MetricRegistriesImpl.java:lambda$create$1(61)) - First MetricRegistry has been created without registering reporters. You may need to call MetricRegistries.global().addReportRegistration(...) before.
2019-11-14 22:53:38,257 [pool-648-thread-1] INFO  impl.RaftServerImpl (RaftServerImpl.java:start(184)) - 257e5bad-a5d9-4311-875c-39b27f9709ed@group-D7E28BAA19B5: start as a follower, conf=-1: [257e5bad-a5d9-4311-875c-39b27f9709ed:192.168.164.210:40481], old=null
2019-11-14 22:53:38,257 [pool-648-thread-1] INFO  impl.RaftServerImpl (RaftServerImpl.java:setRole(173)) - 257e5bad-a5d9-4311-875c-39b27f9709ed@group-D7E28BAA19B5: changes role from      null to FOLLOWER at term 0 for startAsFollower
2019-11-14 22:53:38,257 [pool-648-thread-1] INFO  impl.RoleInfo (RoleInfo.java:updateAndGet(143)) - 257e5bad-a5d9-4311-875c-39b27f9709ed: start FollowerState
2019-11-14 22:53:38,258 [pool-648-thread-1] INFO  util.JmxRegister (JmxRegister.java:tryRegister(44)) - Successfully registered JMX Bean with object name Ratis:service=RaftServer,group=group-D7E28BAA19B5,id=257e5bad-a5d9-4311-875c-39b27f9709ed
2019-11-14 22:53:38,258 [pool-648-thread-1] WARN  impl.MetricRegistriesImpl (MetricRegistriesImpl.java:lambda$create$1(61)) - First MetricRegistry has been created without registering reporters. You may need to call MetricRegistries.global().addReportRegistration(...) before.
2019-11-14 22:53:38,259 [RatisPipelineUtilsThread] INFO  pipeline.PipelineStateManager (PipelineStateManager.java:addPipeline(55)) - Created pipeline Pipeline[ Id: 564286cd-1b83-47c5-9810-d7e28baa19b5, Nodes: 257e5bad-a5d9-4311-875c-39b27f9709ed{ip: 192.168.164.210, host: pr-hdds-2448-del-container-qmj8s-3203767274, networkLocation: /rack1, certSerialId: null}, Type:RATIS, Factor:ONE, State:ALLOCATED]
2019-11-14 22:53:38,260 [Thread-4245] INFO  pipeline.PipelineStateManager (PipelineStateManager.java:finalizePipeline(121)) - Pipeline Pipeline[ Id: d9db7ee3-8d35-423f-a530-323824b0ab55, Nodes: 9969a5d9-fcab-46ad-a887-333766046ab2{ip: 192.168.164.210, host: pr-hdds-2448-del-container-qmj8s-3203767274, networkLocation: /rack1, certSerialId: null}, Type:RATIS, Factor:ONE, State:CLOSED] moved to CLOSED state
2019-11-14 22:53:38,262 [grpc-default-executor-6] INFO  impl.RaftServerProxy (RaftServerProxy.java:remove(95)) - 9969a5d9-fcab-46ad-a887-333766046ab2: remove    LEADER 9969a5d9-fcab-46ad-a887-333766046ab2@group-323824B0AB55:t1, leader=9969a5d9-fcab-46ad-a887-333766046ab2, voted=9969a5d9-fcab-46ad-a887-333766046ab2, raftlog=9969a5d9-fcab-46ad-a887-333766046ab2@group-323824B0AB55-SegmentedRaftLog:OPENED:c0,f0,i0, conf=0: [9969a5d9-fcab-46ad-a887-333766046ab2:192.168.164.210:41238], old=null RUNNING
2019-11-14 22:53:38,262 [grpc-default-executor-6] INFO  impl.RaftServerImpl (RaftServerImpl.java:lambda$shutdown$3(250)) - 9969a5d9-fcab-46ad-a887-333766046ab2@group-323824B0AB55: shutdown
2019-11-14 22:53:38,262 [grpc-default-executor-6] INFO  util.JmxRegister (JmxRegister.java:unregister(73)) - Successfully un-registered JMX Bean with object name Ratis:service=RaftServer,group=group-323824B0AB55,id=9969a5d9-fcab-46ad-a887-333766046ab2
2019-11-14 22:53:38,262 [grpc-default-executor-6] INFO  impl.RoleInfo (RoleInfo.java:shutdownLeaderState(104)) - 9969a5d9-fcab-46ad-a887-333766046ab2: shutdown LeaderState
2019-11-14 22:53:38,262 [grpc-default-executor-6] INFO  impl.PendingRequests (PendingRequests.java:sendNotLeaderResponses(206)) - 9969a5d9-fcab-46ad-a887-333766046ab2@group-323824B0AB55-PendingRequests: sendNotLeaderResponses
2019-11-14 22:53:38,262 [grpc-default-executor-6] INFO  impl.StateMachineUpdater (StateMachineUpdater.java:stopAndJoin(136)) - 9969a5d9-fcab-46ad-a887-333766046ab2@group-323824B0AB55-StateMachineUpdater: set stopIndex = 0
2019-11-14 22:53:38,262 [grpc-default-executor-6] INFO  impl.RaftServerImpl (ServerState.java:close(387)) - 9969a5d9-fcab-46ad-a887-333766046ab2@group-323824B0AB55: closes. applyIndex: 0
2019-11-14 22:53:38,262 [9969a5d9-fcab-46ad-a887-333766046ab2@group-323824B0AB55-SegmentedRaftLogWorker] INFO  segmented.SegmentedRaftLogWorker (SegmentedRaftLogWorker.java:run(316)) - 9969a5d9-fcab-46ad-a887-333766046ab2@group-323824B0AB55-SegmentedRaftLogWorker was interrupted, exiting. There are 0 tasks remaining in the queue.
2019-11-14 22:53:38,263 [grpc-default-executor-6] INFO  segmented.SegmentedRaftLogWorker (SegmentedRaftLogWorker.java:close(224)) - 9969a5d9-fcab-46ad-a887-333766046ab2@group-323824B0AB55-SegmentedRaftLogWorker close()
2019-11-14 22:53:38,272 [Thread-4245] INFO  pipeline.PipelineStateManager (PipelineStateManager.java:removePipeline(106)) - Pipeline Pipeline[ Id: d9db7ee3-8d35-423f-a530-323824b0ab55, Nodes: 9969a5d9-fcab-46ad-a887-333766046ab2{ip: 192.168.164.210, host: pr-hdds-2448-del-container-qmj8s-3203767274, networkLocation: /rack1, certSerialId: null}, Type:RATIS, Factor:ONE, State:CLOSED] removed from db
2019-11-14 22:53:38,274 [grpc-default-executor-6] INFO  impl.RaftServerProxy (RaftServerProxy.java:addNew(89)) - 9969a5d9-fcab-46ad-a887-333766046ab2: addNew group-E12C89C92680:[9969a5d9-fcab-46ad-a887-333766046ab2:192.168.164.210:41238] returns group-E12C89C92680:java.util.concurrent.CompletableFuture@34bd9dc[Not completed]
2019-11-14 22:53:38,276 [pool-571-thread-1] INFO  impl.RaftServerImpl (RaftServerImpl.java:<init>(98)) - 9969a5d9-fcab-46ad-a887-333766046ab2: new RaftServerImpl for group-E12C89C92680:[9969a5d9-fcab-46ad-a887-333766046ab2:192.168.164.210:41238] with ContainerStateMachine:uninitialized
2019-11-14 22:53:38,276 [pool-571-thread-1] INFO  server.RaftServerConfigKeys (ConfUtils.java:logGet(43)) - raft.server.rpc.timeout.min = 1s (custom)
2019-11-14 22:53:38,276 [pool-571-thread-1] INFO  server.RaftServerConfigKeys (ConfUtils.java:logGet(43)) - raft.server.rpc.timeout.max = 1200ms (custom)
2019-11-14 22:53:38,276 [pool-571-thread-1] INFO  server.RaftServerConfigKeys (ConfUtils.java:logGet(43)) - raft.server.rpcslowness.timeout = 120s (custom)
2019-11-14 22:53:38,276 [pool-571-thread-1] INFO  server.RaftServerConfigKeys (ConfUtils.java:logGet(43)) - raft.server.sleep.deviation.threshold = 300 (default)
2019-11-14 22:53:38,276 [pool-571-thread-1] INFO  server.RaftServerConfigKeys (ConfUtils.java:logGet(43)) - raft.server.log.appender.install.snapshot.enabled = false (custom)
2019-11-14 22:53:38,276 [pool-571-thread-1] INFO  impl.RaftServerImpl (ServerState.java:<init>(103)) - 9969a5d9-fcab-46ad-a887-333766046ab2@group-E12C89C92680: ConfigurationManager, init=-1: [9969a5d9-fcab-46ad-a887-333766046ab2:192.168.164.210:41238], old=null, confs=<EMPTY_MAP>
2019-11-14 22:53:38,277 [pool-571-thread-1] INFO  server.RaftServerConfigKeys (ConfUtils.java:logGet(43)) - raft.server.storage.dir = [/workdir/hadoop-ozone/integration-test/target/test-dir/MiniOzoneClusterImpl-c304fa79-6e7f-43ac-8564-360665bd8c65/datanode-2/data/ratis] (custom)
2019-11-14 22:53:38,277 [pool-571-thread-1] INFO  server.RaftServerConfigKeys (ConfUtils.java:logGet(43)) - raft.server.log.corruption.policy = EXCEPTION (default)
2019-11-14 22:53:38,277 [pool-571-thread-1] INFO  storage.RaftStorageDirectory (RaftStorageDirectory.java:analyzeStorage(246)) - The storage directory /workdir/hadoop-ozone/integration-test/target/test-dir/MiniOzoneClusterImpl-c304fa79-6e7f-43ac-8564-360665bd8c65/datanode-2/data/ratis/54dc5d56-f837-4026-843f-e12c89c92680 does not exist. Creating ...
2019-11-14 22:53:38,291 [pool-571-thread-1] INFO  storage.RaftStorageDirectory (RaftStorageDirectory.java:tryLock(328)) - Lock on /workdir/hadoop-ozone/integration-test/target/test-dir/MiniOzoneClusterImpl-c304fa79-6e7f-43ac-8564-360665bd8c65/datanode-2/data/ratis/54dc5d56-f837-4026-843f-e12c89c92680/in_use.lock acquired by nodename 20539@pr-hdds-2448-del-container-qmj8s-3203767274
2019-11-14 22:53:38,304 [pool-571-thread-1] INFO  storage.RaftStorage (RaftStorage.java:format(84)) - Storage directory /workdir/hadoop-ozone/integration-test/target/test-dir/MiniOzoneClusterImpl-c304fa79-6e7f-43ac-8564-360665bd8c65/datanode-2/data/ratis/54dc5d56-f837-4026-843f-e12c89c92680 has been successfully formatted.
2019-11-14 22:53:38,304 [pool-571-thread-1] INFO  ratis.ContainerStateMachine (ContainerStateMachine.java:loadSnapshot(223)) - group-E12C89C92680: The snapshot info is null. Setting the last applied indexto:(t:0, i:~)
2019-11-14 22:53:38,304 [pool-571-thread-1] INFO  server.RaftServerConfigKeys (ConfUtils.java:logGet(43)) - raft.server.notification.no-leader.timeout = 120s (custom)
2019-11-14 22:53:38,304 [pool-571-thread-1] INFO  server.RaftServerConfigKeys (ConfUtils.java:logGet(43)) - raft.server.log.use.memory = false (default)
2019-11-14 22:53:38,304 [pool-571-thread-1] INFO  server.RaftServerConfigKeys (ConfUtils.java:logGet(43)) - raft.server.log.purge.gap = 1000000 (custom)
2019-11-14 22:53:38,305 [pool-571-thread-1] INFO  server.RaftServerConfigKeys (ConfUtils.java:logGet(43)) - raft.server.log.appender.buffer.byte-limit = 33554432 (custom)
2019-11-14 22:53:38,305 [pool-571-thread-1] INFO  server.RaftServerConfigKeys (ConfUtils.java:logGet(43)) - raft.server.log.segment.size.max = 1048576 (custom)
2019-11-14 22:53:38,305 [pool-571-thread-1] INFO  server.RaftServerConfigKeys (ConfUtils.java:logGet(43)) - raft.server.log.segment.cache.num.max = 2 (custom)
2019-11-14 22:53:38,305 [pool-571-thread-1] INFO  segmented.SegmentedRaftLogWorker (SegmentedRaftLogWorker.java:<init>(173)) - new 9969a5d9-fcab-46ad-a887-333766046ab2@group-E12C89C92680-SegmentedRaftLogWorker for RaftStorage:Storage Directory /workdir/hadoop-ozone/integration-test/target/test-dir/MiniOzoneClusterImpl-c304fa79-6e7f-43ac-8564-360665bd8c65/datanode-2/data/ratis/54dc5d56-f837-4026-843f-e12c89c92680
2019-11-14 22:53:38,305 [pool-571-thread-1] INFO  server.RaftServerConfigKeys (ConfUtils.java:logGet(43)) - raft.server.log.queue.byte-limit = 2147483647 (custom)
2019-11-14 22:53:38,305 [pool-571-thread-1] INFO  server.RaftServerConfigKeys (ConfUtils.java:logGet(43)) - raft.server.log.queue.element-limit = 1024 (custom)
2019-11-14 22:53:38,305 [pool-571-thread-1] INFO  server.RaftServerConfigKeys (ConfUtils.java:logGet(43)) - raft.server.log.segment.size.max = 1048576 (custom)
2019-11-14 22:53:38,305 [pool-571-thread-1] INFO  server.RaftServerConfigKeys (ConfUtils.java:logGet(43)) - raft.server.log.preallocated.size = 16384 (custom)
2019-11-14 22:53:38,305 [pool-571-thread-1] INFO  server.RaftServerConfigKeys (ConfUtils.java:logGet(43)) - raft.server.log.write.buffer.size = 33554432 (custom)
2019-11-14 22:53:38,306 [pool-571-thread-1] INFO  server.RaftServerConfigKeys (ConfUtils.java:logGet(43)) - raft.server.log.force.sync.num = 128 (default)
2019-11-14 22:53:38,306 [pool-571-thread-1] INFO  server.RaftServerConfigKeys (ConfUtils.java:logGet(43)) - raft.server.log.statemachine.data.sync = true (default)
2019-11-14 22:53:38,306 [pool-571-thread-1] INFO  server.RaftServerConfigKeys (ConfUtils.java:logGet(43)) - raft.server.log.statemachine.data.sync.timeout = 10s (default)
2019-11-14 22:53:38,306 [pool-571-thread-1] INFO  server.RaftServerConfigKeys (ConfUtils.java:logGet(43)) - raft.server.log.statemachine.data.sync.timeout.retry = -1 (default)
2019-11-14 22:53:38,306 [pool-571-thread-1] INFO  server.RaftServerConfigKeys (ConfUtils.java:logGet(43)) - raft.server.log.statemachine.data.caching.enabled = true (custom)
2019-11-14 22:53:38,306 [pool-571-thread-1] INFO  segmented.SegmentedRaftLogWorker (SegmentedRaftLogWorker.java:lambda$new$0(128)) - 9969a5d9-fcab-46ad-a887-333766046ab2@group-E12C89C92680-SegmentedRaftLogWorker: flushIndex: setUnconditionally 0 -> -1
2019-11-14 22:53:38,306 [pool-571-thread-1] INFO  server.RaftServerConfigKeys (ConfUtils.java:logGet(43)) - raft.server.snapshot.auto.trigger.enabled = true (custom)
2019-11-14 22:53:38,307 [pool-571-thread-1] INFO  server.RaftServerConfigKeys (ConfUtils.java:logGet(43)) - raft.server.snapshot.auto.trigger.threshold = 10000 (custom)
2019-11-14 22:53:38,307 [pool-571-thread-1] INFO  server.RaftServerConfigKeys (ConfUtils.java:logGet(43)) - raft.server.snapshot.retention.file.num = 5 (custom)
2019-11-14 22:53:38,307 [pool-571-thread-1] INFO  server.RaftServerConfigKeys (ConfUtils.java:logGet(43)) - raft.server.retrycache.expirytime = 600000ms (custom)
2019-11-14 22:53:38,307 [pool-571-thread-1] WARN  impl.MetricRegistriesImpl (MetricRegistriesImpl.java:lambda$create$1(61)) - First MetricRegistry has been created without registering reporters. You may need to call MetricRegistries.global().addReportRegistration(...) before.
2019-11-14 22:53:38,307 [pool-571-thread-1] WARN  impl.MetricRegistriesImpl (MetricRegistriesImpl.java:lambda$create$1(61)) - First MetricRegistry has been created without registering reporters. You may need to call MetricRegistries.global().addReportRegistration(...) before.
2019-11-14 22:53:38,307 [pool-571-thread-1] INFO  impl.RaftServerImpl (RaftServerImpl.java:start(184)) - 9969a5d9-fcab-46ad-a887-333766046ab2@group-E12C89C92680: start as a follower, conf=-1: [9969a5d9-fcab-46ad-a887-333766046ab2:192.168.164.210:41238], old=null
2019-11-14 22:53:38,307 [pool-571-thread-1] INFO  impl.RaftServerImpl (RaftServerImpl.java:setRole(173)) - 9969a5d9-fcab-46ad-a887-333766046ab2@group-E12C89C92680: changes role from      null to FOLLOWER at term 0 for startAsFollower
2019-11-14 22:53:38,307 [pool-571-thread-1] INFO  impl.RoleInfo (RoleInfo.java:updateAndGet(143)) - 9969a5d9-fcab-46ad-a887-333766046ab2: start FollowerState
2019-11-14 22:53:38,308 [pool-571-thread-1] INFO  util.JmxRegister (JmxRegister.java:tryRegister(44)) - Successfully registered JMX Bean with object name Ratis:service=RaftServer,group=group-E12C89C92680,id=9969a5d9-fcab-46ad-a887-333766046ab2
2019-11-14 22:53:38,308 [pool-571-thread-1] WARN  impl.MetricRegistriesImpl (MetricRegistriesImpl.java:lambda$create$1(61)) - First MetricRegistry has been created without registering reporters. You may need to call MetricRegistries.global().addReportRegistration(...) before.
2019-11-14 22:53:38,310 [RatisPipelineUtilsThread] INFO  pipeline.PipelineStateManager (PipelineStateManager.java:addPipeline(55)) - Created pipeline Pipeline[ Id: 54dc5d56-f837-4026-843f-e12c89c92680, Nodes: 9969a5d9-fcab-46ad-a887-333766046ab2{ip: 192.168.164.210, host: pr-hdds-2448-del-container-qmj8s-3203767274, networkLocation: /rack1, certSerialId: null}, Type:RATIS, Factor:ONE, State:ALLOCATED]
2019-11-14 22:53:38,584 [Thread-4405] INFO  impl.FollowerState (FollowerState.java:run(111)) - 2e7f8c24-c608-431c-b6d8-707cc816ba74@group-F806C27B6AB2-FollowerState: change to CANDIDATE, lastRpcTime:1060ms, electionTimeout:1060ms
2019-11-14 22:53:38,585 [Thread-4405] INFO  impl.RoleInfo (RoleInfo.java:shutdownFollowerState(121)) - 2e7f8c24-c608-431c-b6d8-707cc816ba74: shutdown FollowerState
2019-11-14 22:53:38,585 [Thread-4405] INFO  impl.RaftServerImpl (RaftServerImpl.java:setRole(173)) - 2e7f8c24-c608-431c-b6d8-707cc816ba74@group-F806C27B6AB2: changes role from  FOLLOWER to CANDIDATE at term 0 for changeToCandidate
2019-11-14 22:53:38,585 [Thread-4405] INFO  impl.RoleInfo (RoleInfo.java:updateAndGet(143)) - 2e7f8c24-c608-431c-b6d8-707cc816ba74: start LeaderElection
2019-11-14 22:53:38,615 [2e7f8c24-c608-431c-b6d8-707cc816ba74@group-F806C27B6AB2-LeaderElection155] INFO  impl.LeaderElection (LeaderElection.java:askForVotes(178)) - 2e7f8c24-c608-431c-b6d8-707cc816ba74@group-F806C27B6AB2-LeaderElection155: begin an election at term 1 for -1: [2e7f8c24-c608-431c-b6d8-707cc816ba74:192.168.164.210:38009], old=null
2019-11-14 22:53:38,615 [2e7f8c24-c608-431c-b6d8-707cc816ba74@group-F806C27B6AB2-LeaderElection155] INFO  impl.RoleInfo (RoleInfo.java:shutdownLeaderElection(134)) - 2e7f8c24-c608-431c-b6d8-707cc816ba74: shutdown LeaderElection
2019-11-14 22:53:38,615 [2e7f8c24-c608-431c-b6d8-707cc816ba74@group-F806C27B6AB2-LeaderElection155] INFO  impl.RaftServerImpl (RaftServerImpl.java:setRole(173)) - 2e7f8c24-c608-431c-b6d8-707cc816ba74@group-F806C27B6AB2: changes role from CANDIDATE to LEADER at term 1 for changeToLeader
2019-11-14 22:53:38,615 [2e7f8c24-c608-431c-b6d8-707cc816ba74@group-F806C27B6AB2-LeaderElection155] INFO  ratis.XceiverServerRatis (XceiverServerRatis.java:handleLeaderChangedNotification(697)) - Leader change notification received for group: group-F806C27B6AB2 with new leaderId: 2e7f8c24-c608-431c-b6d8-707cc816ba74
2019-11-14 22:53:38,616 [2e7f8c24-c608-431c-b6d8-707cc816ba74@group-F806C27B6AB2-LeaderElection155] INFO  impl.RaftServerImpl (ServerState.java:setLeader(255)) - 2e7f8c24-c608-431c-b6d8-707cc816ba74@group-F806C27B6AB2: change Leader from null to 2e7f8c24-c608-431c-b6d8-707cc816ba74 at term 1 for becomeLeader, leader elected after 1095ms
2019-11-14 22:53:38,616 [2e7f8c24-c608-431c-b6d8-707cc816ba74@group-F806C27B6AB2-LeaderElection155] INFO  server.RaftServerConfigKeys (ConfUtils.java:logGet(43)) - raft.server.staging.catchup.gap = 1000 (default)
2019-11-14 22:53:38,616 [2e7f8c24-c608-431c-b6d8-707cc816ba74@group-F806C27B6AB2-LeaderElection155] INFO  server.RaftServerConfigKeys (ConfUtils.java:logGet(43)) - raft.server.rpc.sleep.time = 25ms (default)
2019-11-14 22:53:38,616 [2e7f8c24-c608-431c-b6d8-707cc816ba74@group-F806C27B6AB2-LeaderElection155] INFO  server.RaftServerConfigKeys (ConfUtils.java:logGet(43)) - raft.server.write.element-limit = 4096 (default)
2019-11-14 22:53:38,616 [2e7f8c24-c608-431c-b6d8-707cc816ba74@group-F806C27B6AB2-LeaderElection155] INFO  server.RaftServerConfigKeys (ConfUtils.java:logGet(43)) - raft.server.watch.timeout = 10s (default)
2019-11-14 22:53:38,616 [2e7f8c24-c608-431c-b6d8-707cc816ba74@group-F806C27B6AB2-LeaderElection155] INFO  server.RaftServerConfigKeys (ConfUtils.java:logGet(43)) - raft.server.watch.timeout.denomination = 1s (default)
2019-11-14 22:53:38,616 [2e7f8c24-c608-431c-b6d8-707cc816ba74@group-F806C27B6AB2-LeaderElection155] INFO  server.RaftServerConfigKeys (ConfUtils.java:logGet(43)) - raft.server.watch.element-limit = 65536 (default)
2019-11-14 22:53:38,617 [EventQueue-PipelineReportForPipelineReportHandler] INFO  pipeline.PipelineStateManager (PipelineStateManager.java:openPipeline(134)) - Pipeline Pipeline[ Id: 92c90de9-97e9-4353-bbf9-f806c27b6ab2, Nodes: 2e7f8c24-c608-431c-b6d8-707cc816ba74{ip: 192.168.164.210, host: pr-hdds-2448-del-container-qmj8s-3203767274, networkLocation: /rack1, certSerialId: null}, Type:RATIS, Factor:ONE, State:OPEN] moved to OPEN state
2019-11-14 22:53:38,617 [2e7f8c24-c608-431c-b6d8-707cc816ba74@group-F806C27B6AB2-LeaderElection155] INFO  impl.RoleInfo (RoleInfo.java:updateAndGet(143)) - 2e7f8c24-c608-431c-b6d8-707cc816ba74: start LeaderState
2019-11-14 22:53:38,617 [2e7f8c24-c608-431c-b6d8-707cc816ba74@group-F806C27B6AB2-LeaderElection155] INFO  segmented.SegmentedRaftLogWorker (SegmentedRaftLogWorker.java:startLogSegment(385)) - 2e7f8c24-c608-431c-b6d8-707cc816ba74@group-F806C27B6AB2-SegmentedRaftLogWorker: Starting segment from index:0
2019-11-14 22:53:38,617 [2e7f8c24-c608-431c-b6d8-707cc816ba74@group-F806C27B6AB2-LeaderElection155] INFO  impl.RaftServerImpl (ServerState.java:setRaftConf(356)) - 2e7f8c24-c608-431c-b6d8-707cc816ba74@group-F806C27B6AB2: set configuration 0: [2e7f8c24-c608-431c-b6d8-707cc816ba74:192.168.164.210:38009], old=null at 0
2019-11-14 22:53:38,656 [2e7f8c24-c608-431c-b6d8-707cc816ba74@group-F806C27B6AB2-SegmentedRaftLogWorker] INFO  segmented.SegmentedRaftLogWorker (SegmentedRaftLogWorker.java:execute(576)) - 2e7f8c24-c608-431c-b6d8-707cc816ba74@group-F806C27B6AB2-SegmentedRaftLogWorker: created new log segment /workdir/hadoop-ozone/integration-test/target/test-dir/MiniOzoneClusterImpl-c304fa79-6e7f-43ac-8564-360665bd8c65/datanode-3/data/ratis/92c90de9-97e9-4353-bbf9-f806c27b6ab2/current/log_inprogress_0
2019-11-14 22:53:38,726 [Thread-4423] INFO  impl.FollowerState (FollowerState.java:run(111)) - 9b10aba0-cc5c-407b-9285-7072d29b9deb@group-0FFB5E9BE82E-FollowerState: change to CANDIDATE, lastRpcTime:1076ms, electionTimeout:1076ms
2019-11-14 22:53:38,727 [Thread-4423] INFO  impl.RoleInfo (RoleInfo.java:shutdownFollowerState(121)) - 9b10aba0-cc5c-407b-9285-7072d29b9deb: shutdown FollowerState
2019-11-14 22:53:38,727 [Thread-4423] INFO  impl.RaftServerImpl (RaftServerImpl.java:setRole(173)) - 9b10aba0-cc5c-407b-9285-7072d29b9deb@group-0FFB5E9BE82E: changes role from  FOLLOWER to CANDIDATE at term 0 for changeToCandidate
2019-11-14 22:53:38,727 [Thread-4423] INFO  impl.RoleInfo (RoleInfo.java:updateAndGet(143)) - 9b10aba0-cc5c-407b-9285-7072d29b9deb: start LeaderElection
2019-11-14 22:53:38,744 [9b10aba0-cc5c-407b-9285-7072d29b9deb@group-0FFB5E9BE82E-LeaderElection156] INFO  impl.LeaderElection (LeaderElection.java:askForVotes(178)) - 9b10aba0-cc5c-407b-9285-7072d29b9deb@group-0FFB5E9BE82E-LeaderElection156: begin an election at term 1 for -1: [fe27ed9b-283a-4979-94f3-8c29e1f5fa70:192.168.164.210:38253, 9b10aba0-cc5c-407b-9285-7072d29b9deb:192.168.164.210:44092, 38d24973-4522-4e24-8845-d0d59163b20a:192.168.164.210:38331], old=null
2019-11-14 22:53:38,749 [grpc-default-executor-5] INFO  impl.RaftServerImpl (RaftServerImpl.java:setRole(173)) - fe27ed9b-283a-4979-94f3-8c29e1f5fa70@group-0FFB5E9BE82E: changes role from  FOLLOWER to FOLLOWER at term 1 for recognizeCandidate:9b10aba0-cc5c-407b-9285-7072d29b9deb
2019-11-14 22:53:38,750 [grpc-default-executor-5] INFO  impl.RoleInfo (RoleInfo.java:shutdownFollowerState(121)) - fe27ed9b-283a-4979-94f3-8c29e1f5fa70: shutdown FollowerState
2019-11-14 22:53:38,749 [Thread-4415] INFO  impl.FollowerState (FollowerState.java:run(111)) - 38d24973-4522-4e24-8845-d0d59163b20a@group-0FFB5E9BE82E-FollowerState: change to CANDIDATE, lastRpcTime:1120ms, electionTimeout:1119ms
2019-11-14 22:53:38,752 [Thread-4416] INFO  impl.FollowerState (FollowerState.java:run(120)) - fe27ed9b-283a-4979-94f3-8c29e1f5fa70@group-0FFB5E9BE82E-FollowerState was interrupted: java.lang.InterruptedException: sleep interrupted
2019-11-14 22:53:38,750 [grpc-default-executor-5] INFO  impl.RoleInfo (RoleInfo.java:updateAndGet(143)) - fe27ed9b-283a-4979-94f3-8c29e1f5fa70: start FollowerState
2019-11-14 22:53:38,752 [Thread-4415] INFO  impl.RoleInfo (RoleInfo.java:shutdownFollowerState(121)) - 38d24973-4522-4e24-8845-d0d59163b20a: shutdown FollowerState
2019-11-14 22:53:38,752 [Thread-4415] INFO  impl.RaftServerImpl (RaftServerImpl.java:setRole(173)) - 38d24973-4522-4e24-8845-d0d59163b20a@group-0FFB5E9BE82E: changes role from  FOLLOWER to CANDIDATE at term 0 for changeToCandidate
2019-11-14 22:53:38,753 [Thread-4415] INFO  impl.RoleInfo (RoleInfo.java:updateAndGet(143)) - 38d24973-4522-4e24-8845-d0d59163b20a: start LeaderElection
2019-11-14 22:53:38,755 [grpc-default-executor-6] INFO  impl.RaftServerImpl (RaftServerImpl.java:setRole(173)) - 38d24973-4522-4e24-8845-d0d59163b20a@group-0FFB5E9BE82E: changes role from CANDIDATE to FOLLOWER at term 1 for recognizeCandidate:9b10aba0-cc5c-407b-9285-7072d29b9deb
2019-11-14 22:53:38,755 [grpc-default-executor-6] INFO  impl.RoleInfo (RoleInfo.java:shutdownLeaderElection(134)) - 38d24973-4522-4e24-8845-d0d59163b20a: shutdown LeaderElection
2019-11-14 22:53:38,755 [grpc-default-executor-6] INFO  impl.RoleInfo (RoleInfo.java:updateAndGet(143)) - 38d24973-4522-4e24-8845-d0d59163b20a: start FollowerState
2019-11-14 22:53:38,769 [9b10aba0-cc5c-407b-9285-7072d29b9deb@group-0FFB5E9BE82E-LeaderElection156] INFO  impl.LeaderElection (LeaderElection.java:logAndReturn(56)) - 9b10aba0-cc5c-407b-9285-7072d29b9deb@group-0FFB5E9BE82E-LeaderElection156: Election PASSED; received 2 response(s) [9b10aba0-cc5c-407b-9285-7072d29b9deb<-fe27ed9b-283a-4979-94f3-8c29e1f5fa70#0:OK-t1, 9b10aba0-cc5c-407b-9285-7072d29b9deb<-38d24973-4522-4e24-8845-d0d59163b20a#0:FAIL-t1] and 0 exception(s); 9b10aba0-cc5c-407b-9285-7072d29b9deb@group-0FFB5E9BE82E:t1, leader=null, voted=9b10aba0-cc5c-407b-9285-7072d29b9deb, raftlog=9b10aba0-cc5c-407b-9285-7072d29b9deb@group-0FFB5E9BE82E-SegmentedRaftLog:OPENED:c-1,f-1,i0, conf=-1: [fe27ed9b-283a-4979-94f3-8c29e1f5fa70:192.168.164.210:38253, 9b10aba0-cc5c-407b-9285-7072d29b9deb:192.168.164.210:44092, 38d24973-4522-4e24-8845-d0d59163b20a:192.168.164.210:38331], old=null
2019-11-14 22:53:38,769 [9b10aba0-cc5c-407b-9285-7072d29b9deb@group-0FFB5E9BE82E-LeaderElection156] INFO  impl.RoleInfo (RoleInfo.java:shutdownLeaderElection(134)) - 9b10aba0-cc5c-407b-9285-7072d29b9deb: shutdown LeaderElection
2019-11-14 22:53:38,769 [9b10aba0-cc5c-407b-9285-7072d29b9deb@group-0FFB5E9BE82E-LeaderElection156] INFO  impl.RaftServerImpl (RaftServerImpl.java:setRole(173)) - 9b10aba0-cc5c-407b-9285-7072d29b9deb@group-0FFB5E9BE82E: changes role from CANDIDATE to LEADER at term 1 for changeToLeader
2019-11-14 22:53:38,769 [9b10aba0-cc5c-407b-9285-7072d29b9deb@group-0FFB5E9BE82E-LeaderElection156] INFO  ratis.XceiverServerRatis (XceiverServerRatis.java:handleLeaderChangedNotification(697)) - Leader change notification received for group: group-0FFB5E9BE82E with new leaderId: 9b10aba0-cc5c-407b-9285-7072d29b9deb
2019-11-14 22:53:38,769 [9b10aba0-cc5c-407b-9285-7072d29b9deb@group-0FFB5E9BE82E-LeaderElection156] INFO  impl.RaftServerImpl (ServerState.java:setLeader(255)) - 9b10aba0-cc5c-407b-9285-7072d29b9deb@group-0FFB5E9BE82E: change Leader from null to 9b10aba0-cc5c-407b-9285-7072d29b9deb at term 1 for becomeLeader, leader elected after 1131ms
2019-11-14 22:53:38,769 [9b10aba0-cc5c-407b-9285-7072d29b9deb@group-0FFB5E9BE82E-LeaderElection156] INFO  server.RaftServerConfigKeys (ConfUtils.java:logGet(43)) - raft.server.staging.catchup.gap = 1000 (default)
2019-11-14 22:53:38,769 [9b10aba0-cc5c-407b-9285-7072d29b9deb@group-0FFB5E9BE82E-LeaderElection156] INFO  server.RaftServerConfigKeys (ConfUtils.java:logGet(43)) - raft.server.rpc.sleep.time = 25ms (default)
2019-11-14 22:53:38,770 [9b10aba0-cc5c-407b-9285-7072d29b9deb@group-0FFB5E9BE82E-LeaderElection156] INFO  server.RaftServerConfigKeys (ConfUtils.java:logGet(43)) - raft.server.write.element-limit = 4096 (default)
2019-11-14 22:53:38,770 [9b10aba0-cc5c-407b-9285-7072d29b9deb@group-0FFB5E9BE82E-LeaderElection156] INFO  server.RaftServerConfigKeys (ConfUtils.java:logGet(43)) - raft.server.watch.timeout = 10s (default)
2019-11-14 22:53:38,770 [EventQueue-PipelineReportForPipelineReportHandler] INFO  pipeline.PipelineStateManager (PipelineStateManager.java:openPipeline(134)) - Pipeline Pipeline[ Id: fdce159a-e5fb-4e16-a5bd-0ffb5e9be82e, Nodes: fe27ed9b-283a-4979-94f3-8c29e1f5fa70{ip: 192.168.164.210, host: pr-hdds-2448-del-container-qmj8s-3203767274, networkLocation: /rack1, certSerialId: null}9b10aba0-cc5c-407b-9285-7072d29b9deb{ip: 192.168.164.210, host: pr-hdds-2448-del-container-qmj8s-3203767274, networkLocation: /rack1, certSerialId: null}38d24973-4522-4e24-8845-d0d59163b20a{ip: 192.168.164.210, host: pr-hdds-2448-del-container-qmj8s-3203767274, networkLocation: /rack1, certSerialId: null}, Type:RATIS, Factor:THREE, State:OPEN] moved to OPEN state
2019-11-14 22:53:38,770 [9b10aba0-cc5c-407b-9285-7072d29b9deb@group-0FFB5E9BE82E-LeaderElection156] INFO  server.RaftServerConfigKeys (ConfUtils.java:logGet(43)) - raft.server.watch.timeout.denomination = 1s (default)
2019-11-14 22:53:38,770 [9b10aba0-cc5c-407b-9285-7072d29b9deb@group-0FFB5E9BE82E-LeaderElection156] INFO  server.RaftServerConfigKeys (ConfUtils.java:logGet(43)) - raft.server.watch.element-limit = 65536 (default)
2019-11-14 22:53:38,770 [9b10aba0-cc5c-407b-9285-7072d29b9deb@group-0FFB5E9BE82E-LeaderElection156] INFO  server.RaftServerConfigKeys (ConfUtils.java:logGet(43)) - raft.server.log.appender.snapshot.chunk.size.max = 16MB (=16777216) (default)
2019-11-14 22:53:38,770 [9b10aba0-cc5c-407b-9285-7072d29b9deb@group-0FFB5E9BE82E-LeaderElection156] INFO  server.RaftServerConfigKeys (ConfUtils.java:logGet(43)) - raft.server.log.appender.buffer.byte-limit = 33554432 (custom)
2019-11-14 22:53:38,771 [9b10aba0-cc5c-407b-9285-7072d29b9deb@group-0FFB5E9BE82E-LeaderElection156] INFO  server.RaftServerConfigKeys (ConfUtils.java:logGet(43)) - raft.server.log.appender.buffer.element-limit = 1 (custom)
2019-11-14 22:53:38,771 [9b10aba0-cc5c-407b-9285-7072d29b9deb@group-0FFB5E9BE82E-LeaderElection156] INFO  grpc.GrpcConfigKeys$Server (ConfUtils.java:logGet(43)) - raft.grpc.server.leader.outstanding.appends.max = 128 (default)
2019-11-14 22:53:38,771 [9b10aba0-cc5c-407b-9285-7072d29b9deb@group-0FFB5E9BE82E-LeaderElection156] INFO  server.RaftServerConfigKeys (ConfUtils.java:logGet(43)) - raft.server.rpc.request.timeout = 3000ms (default)
2019-11-14 22:53:38,771 [9b10aba0-cc5c-407b-9285-7072d29b9deb@group-0FFB5E9BE82E-LeaderElection156] INFO  server.RaftServerConfigKeys (ConfUtils.java:logGet(43)) - raft.server.log.appender.install.snapshot.enabled = false (custom)
2019-11-14 22:53:38,771 [9b10aba0-cc5c-407b-9285-7072d29b9deb@group-0FFB5E9BE82E-LeaderElection156] WARN  impl.MetricRegistriesImpl (MetricRegistriesImpl.java:lambda$create$1(61)) - First MetricRegistry has been created without registering reporters. You may need to call MetricRegistries.global().addReportRegistration(...) before.
2019-11-14 22:53:38,771 [9b10aba0-cc5c-407b-9285-7072d29b9deb@group-0FFB5E9BE82E-LeaderElection156] INFO  server.RaftServerConfigKeys (ConfUtils.java:logGet(43)) - raft.server.log.appender.snapshot.chunk.size.max = 16MB (=16777216) (default)
2019-11-14 22:53:38,772 [9b10aba0-cc5c-407b-9285-7072d29b9deb@group-0FFB5E9BE82E-LeaderElection156] INFO  server.RaftServerConfigKeys (ConfUtils.java:logGet(43)) - raft.server.log.appender.buffer.byte-limit = 33554432 (custom)
2019-11-14 22:53:38,772 [9b10aba0-cc5c-407b-9285-7072d29b9deb@group-0FFB5E9BE82E-LeaderElection156] INFO  server.RaftServerConfigKeys (ConfUtils.java:logGet(43)) - raft.server.log.appender.buffer.element-limit = 1 (custom)
2019-11-14 22:53:38,772 [9b10aba0-cc5c-407b-9285-7072d29b9deb@group-0FFB5E9BE82E-LeaderElection156] INFO  grpc.GrpcConfigKeys$Server (ConfUtils.java:logGet(43)) - raft.grpc.server.leader.outstanding.appends.max = 128 (default)
2019-11-14 22:53:38,772 [9b10aba0-cc5c-407b-9285-7072d29b9deb@group-0FFB5E9BE82E-LeaderElection156] INFO  server.RaftServerConfigKeys (ConfUtils.java:logGet(43)) - raft.server.rpc.request.timeout = 3000ms (default)
2019-11-14 22:53:38,772 [9b10aba0-cc5c-407b-9285-7072d29b9deb@group-0FFB5E9BE82E-LeaderElection156] INFO  server.RaftServerConfigKeys (ConfUtils.java:logGet(43)) - raft.server.log.appender.install.snapshot.enabled = false (custom)
2019-11-14 22:53:38,772 [9b10aba0-cc5c-407b-9285-7072d29b9deb@group-0FFB5E9BE82E-LeaderElection156] INFO  impl.RoleInfo (RoleInfo.java:updateAndGet(143)) - 9b10aba0-cc5c-407b-9285-7072d29b9deb: start LeaderState
2019-11-14 22:53:38,772 [9b10aba0-cc5c-407b-9285-7072d29b9deb@group-0FFB5E9BE82E-LeaderElection156] INFO  segmented.SegmentedRaftLogWorker (SegmentedRaftLogWorker.java:startLogSegment(385)) - 9b10aba0-cc5c-407b-9285-7072d29b9deb@group-0FFB5E9BE82E-SegmentedRaftLogWorker: Starting segment from index:0
2019-11-14 22:53:38,773 [9b10aba0-cc5c-407b-9285-7072d29b9deb@group-0FFB5E9BE82E-LeaderElection156] INFO  impl.RaftServerImpl (ServerState.java:setRaftConf(356)) - 9b10aba0-cc5c-407b-9285-7072d29b9deb@group-0FFB5E9BE82E: set configuration 0: [fe27ed9b-283a-4979-94f3-8c29e1f5fa70:192.168.164.210:38253, 9b10aba0-cc5c-407b-9285-7072d29b9deb:192.168.164.210:44092, 38d24973-4522-4e24-8845-d0d59163b20a:192.168.164.210:38331], old=null at 0
2019-11-14 22:53:38,774 [grpc-default-executor-6] INFO  ratis.XceiverServerRatis (XceiverServerRatis.java:handleLeaderChangedNotification(697)) - Leader change notification received for group: group-0FFB5E9BE82E with new leaderId: 9b10aba0-cc5c-407b-9285-7072d29b9deb
2019-11-14 22:53:38,774 [grpc-default-executor-6] INFO  impl.RaftServerImpl (ServerState.java:setLeader(255)) - 38d24973-4522-4e24-8845-d0d59163b20a@group-0FFB5E9BE82E: change Leader from null to 9b10aba0-cc5c-407b-9285-7072d29b9deb at term 1 for appendEntries, leader elected after 1150ms
2019-11-14 22:53:38,774 [grpc-default-executor-5] INFO  ratis.XceiverServerRatis (XceiverServerRatis.java:handleLeaderChangedNotification(697)) - Leader change notification received for group: group-0FFB5E9BE82E with new leaderId: 9b10aba0-cc5c-407b-9285-7072d29b9deb
2019-11-14 22:53:38,774 [grpc-default-executor-5] INFO  impl.RaftServerImpl (ServerState.java:setLeader(255)) - fe27ed9b-283a-4979-94f3-8c29e1f5fa70@group-0FFB5E9BE82E: change Leader from null to 9b10aba0-cc5c-407b-9285-7072d29b9deb at term 1 for appendEntries, leader elected after 1150ms
2019-11-14 22:53:38,804 [Thread-4427] INFO  impl.FollowerState (FollowerState.java:run(111)) - 377585f1-7b09-4361-841d-f3e5d0778973@group-75B0821C1AE0-FollowerState: change to CANDIDATE, lastRpcTime:1102ms, electionTimeout:1088ms
2019-11-14 22:53:38,805 [Thread-4427] INFO  impl.RoleInfo (RoleInfo.java:shutdownFollowerState(121)) - 377585f1-7b09-4361-841d-f3e5d0778973: shutdown FollowerState
2019-11-14 22:53:38,805 [Thread-4431] INFO  impl.FollowerState (FollowerState.java:run(111)) - fe27ed9b-283a-4979-94f3-8c29e1f5fa70@group-C390ADC57249-FollowerState: change to CANDIDATE, lastRpcTime:1052ms, electionTimeout:1052ms
2019-11-14 22:53:38,805 [Thread-4427] INFO  impl.RaftServerImpl (RaftServerImpl.java:setRole(173)) - 377585f1-7b09-4361-841d-f3e5d0778973@group-75B0821C1AE0: changes role from  FOLLOWER to CANDIDATE at term 0 for changeToCandidate
2019-11-14 22:53:38,805 [Thread-4431] INFO  impl.RoleInfo (RoleInfo.java:shutdownFollowerState(121)) - fe27ed9b-283a-4979-94f3-8c29e1f5fa70: shutdown FollowerState
2019-11-14 22:53:38,805 [Thread-4427] INFO  impl.RoleInfo (RoleInfo.java:updateAndGet(143)) - 377585f1-7b09-4361-841d-f3e5d0778973: start LeaderElection
2019-11-14 22:53:38,805 [Thread-4431] INFO  impl.RaftServerImpl (RaftServerImpl.java:setRole(173)) - fe27ed9b-283a-4979-94f3-8c29e1f5fa70@group-C390ADC57249: changes role from  FOLLOWER to CANDIDATE at term 0 for changeToCandidate
2019-11-14 22:53:38,805 [Thread-4431] INFO  impl.RoleInfo (RoleInfo.java:updateAndGet(143)) - fe27ed9b-283a-4979-94f3-8c29e1f5fa70: start LeaderElection
2019-11-14 22:53:38,809 [grpc-default-executor-5] INFO  impl.RaftServerImpl (ServerState.java:setRaftConf(356)) - fe27ed9b-283a-4979-94f3-8c29e1f5fa70@group-0FFB5E9BE82E: set configuration 0: [fe27ed9b-283a-4979-94f3-8c29e1f5fa70:192.168.164.210:38253, 9b10aba0-cc5c-407b-9285-7072d29b9deb:192.168.164.210:44092, 38d24973-4522-4e24-8845-d0d59163b20a:192.168.164.210:38331], old=null at 0
2019-11-14 22:53:38,811 [grpc-default-executor-6] INFO  impl.RaftServerImpl (ServerState.java:setRaftConf(356)) - 38d24973-4522-4e24-8845-d0d59163b20a@group-0FFB5E9BE82E: set configuration 0: [fe27ed9b-283a-4979-94f3-8c29e1f5fa70:192.168.164.210:38253, 9b10aba0-cc5c-407b-9285-7072d29b9deb:192.168.164.210:44092, 38d24973-4522-4e24-8845-d0d59163b20a:192.168.164.210:38331], old=null at 0
2019-11-14 22:53:38,811 [grpc-default-executor-5] INFO  segmented.SegmentedRaftLogWorker (SegmentedRaftLogWorker.java:startLogSegment(385)) - fe27ed9b-283a-4979-94f3-8c29e1f5fa70@group-0FFB5E9BE82E-SegmentedRaftLogWorker: Starting segment from index:0
2019-11-14 22:53:38,811 [grpc-default-executor-6] INFO  segmented.SegmentedRaftLogWorker (SegmentedRaftLogWorker.java:startLogSegment(385)) - 38d24973-4522-4e24-8845-d0d59163b20a@group-0FFB5E9BE82E-SegmentedRaftLogWorker: Starting segment from index:0
2019-11-14 22:53:38,817 [9b10aba0-cc5c-407b-9285-7072d29b9deb@group-0FFB5E9BE82E-SegmentedRaftLogWorker] INFO  segmented.SegmentedRaftLogWorker (SegmentedRaftLogWorker.java:execute(576)) - 9b10aba0-cc5c-407b-9285-7072d29b9deb@group-0FFB5E9BE82E-SegmentedRaftLogWorker: created new log segment /workdir/hadoop-ozone/integration-test/target/test-dir/MiniOzoneClusterImpl-c304fa79-6e7f-43ac-8564-360665bd8c65/datanode-8/data/ratis/fdce159a-e5fb-4e16-a5bd-0ffb5e9be82e/current/log_inprogress_0
2019-11-14 22:53:38,818 [377585f1-7b09-4361-841d-f3e5d0778973@group-75B0821C1AE0-LeaderElection158] INFO  impl.LeaderElection (LeaderElection.java:askForVotes(178)) - 377585f1-7b09-4361-841d-f3e5d0778973@group-75B0821C1AE0-LeaderElection158: begin an election at term 1 for -1: [377585f1-7b09-4361-841d-f3e5d0778973:192.168.164.210:33333], old=null
2019-11-14 22:53:38,818 [fe27ed9b-283a-4979-94f3-8c29e1f5fa70@group-C390ADC57249-LeaderElection159] INFO  impl.LeaderElection (LeaderElection.java:askForVotes(178)) - fe27ed9b-283a-4979-94f3-8c29e1f5fa70@group-C390ADC57249-LeaderElection159: begin an election at term 1 for -1: [fe27ed9b-283a-4979-94f3-8c29e1f5fa70:192.168.164.210:38253], old=null
2019-11-14 22:53:38,818 [377585f1-7b09-4361-841d-f3e5d0778973@group-75B0821C1AE0-LeaderElection158] INFO  impl.RoleInfo (RoleInfo.java:shutdownLeaderElection(134)) - 377585f1-7b09-4361-841d-f3e5d0778973: shutdown LeaderElection
2019-11-14 22:53:38,818 [fe27ed9b-283a-4979-94f3-8c29e1f5fa70@group-C390ADC57249-LeaderElection159] INFO  impl.RoleInfo (RoleInfo.java:shutdownLeaderElection(134)) - fe27ed9b-283a-4979-94f3-8c29e1f5fa70: shutdown LeaderElection
2019-11-14 22:53:38,818 [377585f1-7b09-4361-841d-f3e5d0778973@group-75B0821C1AE0-LeaderElection158] INFO  impl.RaftServerImpl (RaftServerImpl.java:setRole(173)) - 377585f1-7b09-4361-841d-f3e5d0778973@group-75B0821C1AE0: changes role from CANDIDATE to LEADER at term 1 for changeToLeader
2019-11-14 22:53:38,818 [fe27ed9b-283a-4979-94f3-8c29e1f5fa70@group-C390ADC57249-LeaderElection159] INFO  impl.RaftServerImpl (RaftServerImpl.java:setRole(173)) - fe27ed9b-283a-4979-94f3-8c29e1f5fa70@group-C390ADC57249: changes role from CANDIDATE to LEADER at term 1 for changeToLeader
2019-11-14 22:53:38,818 [377585f1-7b09-4361-841d-f3e5d0778973@group-75B0821C1AE0-LeaderElection158] INFO  ratis.XceiverServerRatis (XceiverServerRatis.java:handleLeaderChangedNotification(697)) - Leader change notification received for group: group-75B0821C1AE0 with new leaderId: 377585f1-7b09-4361-841d-f3e5d0778973
2019-11-14 22:53:38,818 [fe27ed9b-283a-4979-94f3-8c29e1f5fa70@group-C390ADC57249-LeaderElection159] INFO  ratis.XceiverServerRatis (XceiverServerRatis.java:handleLeaderChangedNotification(697)) - Leader change notification received for group: group-C390ADC57249 with new leaderId: fe27ed9b-283a-4979-94f3-8c29e1f5fa70
2019-11-14 22:53:38,819 [377585f1-7b09-4361-841d-f3e5d0778973@group-75B0821C1AE0-LeaderElection158] INFO  impl.RaftServerImpl (ServerState.java:setLeader(255)) - 377585f1-7b09-4361-841d-f3e5d0778973@group-75B0821C1AE0: change Leader from null to 377585f1-7b09-4361-841d-f3e5d0778973 at term 1 for becomeLeader, leader elected after 1119ms
2019-11-14 22:53:38,819 [fe27ed9b-283a-4979-94f3-8c29e1f5fa70@group-C390ADC57249-LeaderElection159] INFO  impl.RaftServerImpl (ServerState.java:setLeader(255)) - fe27ed9b-283a-4979-94f3-8c29e1f5fa70@group-C390ADC57249: change Leader from null to fe27ed9b-283a-4979-94f3-8c29e1f5fa70 at term 1 for becomeLeader, leader elected after 1068ms
2019-11-14 22:53:38,819 [377585f1-7b09-4361-841d-f3e5d0778973@group-75B0821C1AE0-LeaderElection158] INFO  server.RaftServerConfigKeys (ConfUtils.java:logGet(43)) - raft.server.staging.catchup.gap = 1000 (default)
2019-11-14 22:53:38,819 [fe27ed9b-283a-4979-94f3-8c29e1f5fa70@group-C390ADC57249-LeaderElection159] INFO  server.RaftServerConfigKeys (ConfUtils.java:logGet(43)) - raft.server.staging.catchup.gap = 1000 (default)
2019-11-14 22:53:38,819 [377585f1-7b09-4361-841d-f3e5d0778973@group-75B0821C1AE0-LeaderElection158] INFO  server.RaftServerConfigKeys (ConfUtils.java:logGet(43)) - raft.server.rpc.sleep.time = 25ms (default)
2019-11-14 22:53:38,819 [fe27ed9b-283a-4979-94f3-8c29e1f5fa70@group-C390ADC57249-LeaderElection159] INFO  server.RaftServerConfigKeys (ConfUtils.java:logGet(43)) - raft.server.rpc.sleep.time = 25ms (default)
2019-11-14 22:53:38,819 [377585f1-7b09-4361-841d-f3e5d0778973@group-75B0821C1AE0-LeaderElection158] INFO  server.RaftServerConfigKeys (ConfUtils.java:logGet(43)) - raft.server.write.element-limit = 4096 (default)
2019-11-14 22:53:38,819 [fe27ed9b-283a-4979-94f3-8c29e1f5fa70@group-C390ADC57249-LeaderElection159] INFO  server.RaftServerConfigKeys (ConfUtils.java:logGet(43)) - raft.server.write.element-limit = 4096 (default)
2019-11-14 22:53:38,819 [377585f1-7b09-4361-841d-f3e5d0778973@group-75B0821C1AE0-LeaderElection158] INFO  server.RaftServerConfigKeys (ConfUtils.java:logGet(43)) - raft.server.watch.timeout = 10s (default)
2019-11-14 22:53:38,820 [fe27ed9b-283a-4979-94f3-8c29e1f5fa70@group-C390ADC57249-LeaderElection159] INFO  server.RaftServerConfigKeys (ConfUtils.java:logGet(43)) - raft.server.watch.timeout = 10s (default)
2019-11-14 22:53:38,820 [377585f1-7b09-4361-841d-f3e5d0778973@group-75B0821C1AE0-LeaderElection158] INFO  server.RaftServerConfigKeys (ConfUtils.java:logGet(43)) - raft.server.watch.timeout.denomination = 1s (default)
2019-11-14 22:53:38,820 [EventQueue-PipelineReportForPipelineReportHandler] INFO  pipeline.PipelineStateManager (PipelineStateManager.java:openPipeline(134)) - Pipeline Pipeline[ Id: 034923c4-6f06-444d-aab9-c390adc57249, Nodes: fe27ed9b-283a-4979-94f3-8c29e1f5fa70{ip: 192.168.164.210, host: pr-hdds-2448-del-container-qmj8s-3203767274, networkLocation: /rack1, certSerialId: null}, Type:RATIS, Factor:ONE, State:OPEN] moved to OPEN state
2019-11-14 22:53:38,820 [377585f1-7b09-4361-841d-f3e5d0778973@group-75B0821C1AE0-LeaderElection158] INFO  server.RaftServerConfigKeys (ConfUtils.java:logGet(43)) - raft.server.watch.element-limit = 65536 (default)
2019-11-14 22:53:38,820 [fe27ed9b-283a-4979-94f3-8c29e1f5fa70@group-C390ADC57249-LeaderElection159] INFO  server.RaftServerConfigKeys (ConfUtils.java:logGet(43)) - raft.server.watch.timeout.denomination = 1s (default)
2019-11-14 22:53:38,820 [377585f1-7b09-4361-841d-f3e5d0778973@group-75B0821C1AE0-LeaderElection158] INFO  impl.RoleInfo (RoleInfo.java:updateAndGet(143)) - 377585f1-7b09-4361-841d-f3e5d0778973: start LeaderState
2019-11-14 22:53:38,820 [fe27ed9b-283a-4979-94f3-8c29e1f5fa70@group-C390ADC57249-LeaderElection159] INFO  server.RaftServerConfigKeys (ConfUtils.java:logGet(43)) - raft.server.watch.element-limit = 65536 (default)
2019-11-14 22:53:38,820 [377585f1-7b09-4361-841d-f3e5d0778973@group-75B0821C1AE0-LeaderElection158] INFO  segmented.SegmentedRaftLogWorker (SegmentedRaftLogWorker.java:startLogSegment(385)) - 377585f1-7b09-4361-841d-f3e5d0778973@group-75B0821C1AE0-SegmentedRaftLogWorker: Starting segment from index:0
2019-11-14 22:53:38,821 [fe27ed9b-283a-4979-94f3-8c29e1f5fa70@group-C390ADC57249-LeaderElection159] INFO  impl.RoleInfo (RoleInfo.java:updateAndGet(143)) - fe27ed9b-283a-4979-94f3-8c29e1f5fa70: start LeaderState
2019-11-14 22:53:38,821 [377585f1-7b09-4361-841d-f3e5d0778973@group-75B0821C1AE0-LeaderElection158] INFO  impl.RaftServerImpl (ServerState.java:setRaftConf(356)) - 377585f1-7b09-4361-841d-f3e5d0778973@group-75B0821C1AE0: set configuration 0: [377585f1-7b09-4361-841d-f3e5d0778973:192.168.164.210:33333], old=null at 0
2019-11-14 22:53:38,821 [fe27ed9b-283a-4979-94f3-8c29e1f5fa70@group-C390ADC57249-LeaderElection159] INFO  segmented.SegmentedRaftLogWorker (SegmentedRaftLogWorker.java:startLogSegment(385)) - fe27ed9b-283a-4979-94f3-8c29e1f5fa70@group-C390ADC57249-SegmentedRaftLogWorker: Starting segment from index:0
2019-11-14 22:53:38,821 [fe27ed9b-283a-4979-94f3-8c29e1f5fa70@group-C390ADC57249-LeaderElection159] INFO  impl.RaftServerImpl (ServerState.java:setRaftConf(356)) - fe27ed9b-283a-4979-94f3-8c29e1f5fa70@group-C390ADC57249: set configuration 0: [fe27ed9b-283a-4979-94f3-8c29e1f5fa70:192.168.164.210:38253], old=null at 0
2019-11-14 22:53:38,849 [38d24973-4522-4e24-8845-d0d59163b20a@group-0FFB5E9BE82E-SegmentedRaftLogWorker] INFO  segmented.SegmentedRaftLogWorker (SegmentedRaftLogWorker.java:execute(576)) - 38d24973-4522-4e24-8845-d0d59163b20a@group-0FFB5E9BE82E-SegmentedRaftLogWorker: created new log segment /workdir/hadoop-ozone/integration-test/target/test-dir/MiniOzoneClusterImpl-c304fa79-6e7f-43ac-8564-360665bd8c65/datanode-7/data/ratis/fdce159a-e5fb-4e16-a5bd-0ffb5e9be82e/current/log_inprogress_0
2019-11-14 22:53:38,849 [fe27ed9b-283a-4979-94f3-8c29e1f5fa70@group-0FFB5E9BE82E-SegmentedRaftLogWorker] INFO  segmented.SegmentedRaftLogWorker (SegmentedRaftLogWorker.java:execute(576)) - fe27ed9b-283a-4979-94f3-8c29e1f5fa70@group-0FFB5E9BE82E-SegmentedRaftLogWorker: created new log segment /workdir/hadoop-ozone/integration-test/target/test-dir/MiniOzoneClusterImpl-c304fa79-6e7f-43ac-8564-360665bd8c65/datanode-6/data/ratis/fdce159a-e5fb-4e16-a5bd-0ffb5e9be82e/current/log_inprogress_0
2019-11-14 22:53:38,852 [377585f1-7b09-4361-841d-f3e5d0778973@group-75B0821C1AE0-SegmentedRaftLogWorker] INFO  segmented.SegmentedRaftLogWorker (SegmentedRaftLogWorker.java:execute(576)) - 377585f1-7b09-4361-841d-f3e5d0778973@group-75B0821C1AE0-SegmentedRaftLogWorker: created new log segment /workdir/hadoop-ozone/integration-test/target/test-dir/MiniOzoneClusterImpl-c304fa79-6e7f-43ac-8564-360665bd8c65/datanode-1/data/ratis/ba56e3e4-6357-4a35-9fa2-75b0821c1ae0/current/log_inprogress_0
2019-11-14 22:53:38,854 [fe27ed9b-283a-4979-94f3-8c29e1f5fa70@group-C390ADC57249-SegmentedRaftLogWorker] INFO  segmented.SegmentedRaftLogWorker (SegmentedRaftLogWorker.java:execute(576)) - fe27ed9b-283a-4979-94f3-8c29e1f5fa70@group-C390ADC57249-SegmentedRaftLogWorker: created new log segment /workdir/hadoop-ozone/integration-test/target/test-dir/MiniOzoneClusterImpl-c304fa79-6e7f-43ac-8564-360665bd8c65/datanode-6/data/ratis/034923c4-6f06-444d-aab9-c390adc57249/current/log_inprogress_0
2019-11-14 22:53:38,960 [Thread-4435] INFO  impl.FollowerState (FollowerState.java:run(111)) - 0261bc30-8b8d-4db7-80aa-965ad1e19f13@group-EC6EFEB7A9F5-FollowerState: change to CANDIDATE, lastRpcTime:1154ms, electionTimeout:1154ms
2019-11-14 22:53:38,960 [Thread-4435] INFO  impl.RoleInfo (RoleInfo.java:shutdownFollowerState(121)) - 0261bc30-8b8d-4db7-80aa-965ad1e19f13: shutdown FollowerState
2019-11-14 22:53:38,961 [Thread-4435] INFO  impl.RaftServerImpl (RaftServerImpl.java:setRole(173)) - 0261bc30-8b8d-4db7-80aa-965ad1e19f13@group-EC6EFEB7A9F5: changes role from  FOLLOWER to CANDIDATE at term 0 for changeToCandidate
2019-11-14 22:53:38,961 [Thread-4435] INFO  impl.RoleInfo (RoleInfo.java:updateAndGet(143)) - 0261bc30-8b8d-4db7-80aa-965ad1e19f13: start LeaderElection
2019-11-14 22:53:38,966 [Thread-4439] INFO  impl.FollowerState (FollowerState.java:run(111)) - 9b10aba0-cc5c-407b-9285-7072d29b9deb@group-F5BC40990A3C-FollowerState: change to CANDIDATE, lastRpcTime:1096ms, electionTimeout:1095ms
2019-11-14 22:53:38,966 [Thread-4439] INFO  impl.RoleInfo (RoleInfo.java:shutdownFollowerState(121)) - 9b10aba0-cc5c-407b-9285-7072d29b9deb: shutdown FollowerState
2019-11-14 22:53:38,967 [Thread-4439] INFO  impl.RaftServerImpl (RaftServerImpl.java:setRole(173)) - 9b10aba0-cc5c-407b-9285-7072d29b9deb@group-F5BC40990A3C: changes role from  FOLLOWER to CANDIDATE at term 0 for changeToCandidate
2019-11-14 22:53:38,967 [Thread-4439] INFO  impl.RoleInfo (RoleInfo.java:updateAndGet(143)) - 9b10aba0-cc5c-407b-9285-7072d29b9deb: start LeaderElection
2019-11-14 22:53:38,967 [Thread-4449] INFO  impl.FollowerState (FollowerState.java:run(111)) - 0261bc30-8b8d-4db7-80aa-965ad1e19f13@group-BC97297BA0D4-FollowerState: change to CANDIDATE, lastRpcTime:1000ms, electionTimeout:1000ms
2019-11-14 22:53:38,967 [Thread-4449] INFO  impl.RoleInfo (RoleInfo.java:shutdownFollowerState(121)) - 0261bc30-8b8d-4db7-80aa-965ad1e19f13: shutdown FollowerState
2019-11-14 22:53:38,970 [Thread-4449] INFO  impl.RaftServerImpl (RaftServerImpl.java:setRole(173)) - 0261bc30-8b8d-4db7-80aa-965ad1e19f13@group-BC97297BA0D4: changes role from  FOLLOWER to CANDIDATE at term 0 for changeToCandidate
2019-11-14 22:53:38,970 [Thread-4449] INFO  impl.RoleInfo (RoleInfo.java:updateAndGet(143)) - 0261bc30-8b8d-4db7-80aa-965ad1e19f13: start LeaderElection
2019-11-14 22:53:38,980 [0261bc30-8b8d-4db7-80aa-965ad1e19f13@group-EC6EFEB7A9F5-LeaderElection160] INFO  impl.LeaderElection (LeaderElection.java:askForVotes(178)) - 0261bc30-8b8d-4db7-80aa-965ad1e19f13@group-EC6EFEB7A9F5-LeaderElection160: begin an election at term 1 for -1: [0261bc30-8b8d-4db7-80aa-965ad1e19f13:192.168.164.210:35118], old=null
2019-11-14 22:53:38,980 [9b10aba0-cc5c-407b-9285-7072d29b9deb@group-F5BC40990A3C-LeaderElection161] INFO  impl.LeaderElection (LeaderElection.java:askForVotes(178)) - 9b10aba0-cc5c-407b-9285-7072d29b9deb@group-F5BC40990A3C-LeaderElection161: begin an election at term 1 for -1: [9b10aba0-cc5c-407b-9285-7072d29b9deb:192.168.164.210:44092], old=null
2019-11-14 22:53:38,980 [0261bc30-8b8d-4db7-80aa-965ad1e19f13@group-EC6EFEB7A9F5-LeaderElection160] INFO  impl.RoleInfo (RoleInfo.java:shutdownLeaderElection(134)) - 0261bc30-8b8d-4db7-80aa-965ad1e19f13: shutdown LeaderElection
2019-11-14 22:53:38,980 [0261bc30-8b8d-4db7-80aa-965ad1e19f13@group-BC97297BA0D4-LeaderElection162] INFO  impl.LeaderElection (LeaderElection.java:askForVotes(178)) - 0261bc30-8b8d-4db7-80aa-965ad1e19f13@group-BC97297BA0D4-LeaderElection162: begin an election at term 1 for -1: [2e7f8c24-c608-431c-b6d8-707cc816ba74:192.168.164.210:38009, 8c93cdd4-5606-4221-9500-0bbe6d2ac50a:192.168.164.210:37665, 0261bc30-8b8d-4db7-80aa-965ad1e19f13:192.168.164.210:35118], old=null
2019-11-14 22:53:38,980 [0261bc30-8b8d-4db7-80aa-965ad1e19f13@group-EC6EFEB7A9F5-LeaderElection160] INFO  impl.RaftServerImpl (RaftServerImpl.java:setRole(173)) - 0261bc30-8b8d-4db7-80aa-965ad1e19f13@group-EC6EFEB7A9F5: changes role from CANDIDATE to LEADER at term 1 for changeToLeader
2019-11-14 22:53:38,980 [9b10aba0-cc5c-407b-9285-7072d29b9deb@group-F5BC40990A3C-LeaderElection161] INFO  impl.RoleInfo (RoleInfo.java:shutdownLeaderElection(134)) - 9b10aba0-cc5c-407b-9285-7072d29b9deb: shutdown LeaderElection
2019-11-14 22:53:38,981 [0261bc30-8b8d-4db7-80aa-965ad1e19f13@group-EC6EFEB7A9F5-LeaderElection160] INFO  ratis.XceiverServerRatis (XceiverServerRatis.java:handleLeaderChangedNotification(697)) - Leader change notification received for group: group-EC6EFEB7A9F5 with new leaderId: 0261bc30-8b8d-4db7-80aa-965ad1e19f13
2019-11-14 22:53:38,981 [9b10aba0-cc5c-407b-9285-7072d29b9deb@group-F5BC40990A3C-LeaderElection161] INFO  impl.RaftServerImpl (RaftServerImpl.java:setRole(173)) - 9b10aba0-cc5c-407b-9285-7072d29b9deb@group-F5BC40990A3C: changes role from CANDIDATE to LEADER at term 1 for changeToLeader
2019-11-14 22:53:38,982 [0261bc30-8b8d-4db7-80aa-965ad1e19f13@group-EC6EFEB7A9F5-LeaderElection160] INFO  impl.RaftServerImpl (ServerState.java:setLeader(255)) - 0261bc30-8b8d-4db7-80aa-965ad1e19f13@group-EC6EFEB7A9F5: change Leader from null to 0261bc30-8b8d-4db7-80aa-965ad1e19f13 at term 1 for becomeLeader, leader elected after 1177ms
2019-11-14 22:53:38,982 [9b10aba0-cc5c-407b-9285-7072d29b9deb@group-F5BC40990A3C-LeaderElection161] INFO  ratis.XceiverServerRatis (XceiverServerRatis.java:handleLeaderChangedNotification(697)) - Leader change notification received for group: group-F5BC40990A3C with new leaderId: 9b10aba0-cc5c-407b-9285-7072d29b9deb
2019-11-14 22:53:38,982 [0261bc30-8b8d-4db7-80aa-965ad1e19f13@group-EC6EFEB7A9F5-LeaderElection160] INFO  server.RaftServerConfigKeys (ConfUtils.java:logGet(43)) - raft.server.staging.catchup.gap = 1000 (default)
2019-11-14 22:53:38,983 [9b10aba0-cc5c-407b-9285-7072d29b9deb@group-F5BC40990A3C-LeaderElection161] INFO  impl.RaftServerImpl (ServerState.java:setLeader(255)) - 9b10aba0-cc5c-407b-9285-7072d29b9deb@group-F5BC40990A3C: change Leader from null to 9b10aba0-cc5c-407b-9285-7072d29b9deb at term 1 for becomeLeader, leader elected after 1116ms
2019-11-14 22:53:38,983 [0261bc30-8b8d-4db7-80aa-965ad1e19f13@group-EC6EFEB7A9F5-LeaderElection160] INFO  server.RaftServerConfigKeys (ConfUtils.java:logGet(43)) - raft.server.rpc.sleep.time = 25ms (default)
2019-11-14 22:53:38,983 [9b10aba0-cc5c-407b-9285-7072d29b9deb@group-F5BC40990A3C-LeaderElection161] INFO  server.RaftServerConfigKeys (ConfUtils.java:logGet(43)) - raft.server.staging.catchup.gap = 1000 (default)
2019-11-14 22:53:38,983 [0261bc30-8b8d-4db7-80aa-965ad1e19f13@group-EC6EFEB7A9F5-LeaderElection160] INFO  server.RaftServerConfigKeys (ConfUtils.java:logGet(43)) - raft.server.write.element-limit = 4096 (default)
2019-11-14 22:53:38,983 [9b10aba0-cc5c-407b-9285-7072d29b9deb@group-F5BC40990A3C-LeaderElection161] INFO  server.RaftServerConfigKeys (ConfUtils.java:logGet(43)) - raft.server.rpc.sleep.time = 25ms (default)
2019-11-14 22:53:38,983 [0261bc30-8b8d-4db7-80aa-965ad1e19f13@group-EC6EFEB7A9F5-LeaderElection160] INFO  server.RaftServerConfigKeys (ConfUtils.java:logGet(43)) - raft.server.watch.timeout = 10s (default)
2019-11-14 22:53:38,983 [EventQueue-PipelineReportForPipelineReportHandler] INFO  pipeline.PipelineStateManager (PipelineStateManager.java:openPipeline(134)) - Pipeline Pipeline[ Id: fad4dab1-087e-425f-bbd0-ec6efeb7a9f5, Nodes: 0261bc30-8b8d-4db7-80aa-965ad1e19f13{ip: 192.168.164.210, host: pr-hdds-2448-del-container-qmj8s-3203767274, networkLocation: /rack1, certSerialId: null}, Type:RATIS, Factor:ONE, State:OPEN] moved to OPEN state
2019-11-14 22:53:38,983 [0261bc30-8b8d-4db7-80aa-965ad1e19f13@group-EC6EFEB7A9F5-LeaderElection160] INFO  server.RaftServerConfigKeys (ConfUtils.java:logGet(43)) - raft.server.watch.timeout.denomination = 1s (default)
2019-11-14 22:53:38,983 [9b10aba0-cc5c-407b-9285-7072d29b9deb@group-F5BC40990A3C-LeaderElection161] INFO  server.RaftServerConfigKeys (ConfUtils.java:logGet(43)) - raft.server.write.element-limit = 4096 (default)
2019-11-14 22:53:38,984 [EventQueue-PipelineReportForPipelineReportHandler] INFO  pipeline.PipelineStateManager (PipelineStateManager.java:openPipeline(134)) - Pipeline Pipeline[ Id: eca49d81-3727-4b90-a5b9-f5bc40990a3c, Nodes: 9b10aba0-cc5c-407b-9285-7072d29b9deb{ip: 192.168.164.210, host: pr-hdds-2448-del-container-qmj8s-3203767274, networkLocation: /rack1, certSerialId: null}, Type:RATIS, Factor:ONE, State:OPEN] moved to OPEN state
2019-11-14 22:53:38,984 [0261bc30-8b8d-4db7-80aa-965ad1e19f13@group-EC6EFEB7A9F5-LeaderElection160] INFO  server.RaftServerConfigKeys (ConfUtils.java:logGet(43)) - raft.server.watch.element-limit = 65536 (default)
2019-11-14 22:53:38,984 [9b10aba0-cc5c-407b-9285-7072d29b9deb@group-F5BC40990A3C-LeaderElection161] INFO  server.RaftServerConfigKeys (ConfUtils.java:logGet(43)) - raft.server.watch.timeout = 10s (default)
2019-11-14 22:53:38,984 [0261bc30-8b8d-4db7-80aa-965ad1e19f13@group-EC6EFEB7A9F5-LeaderElection160] INFO  impl.RoleInfo (RoleInfo.java:updateAndGet(143)) - 0261bc30-8b8d-4db7-80aa-965ad1e19f13: start LeaderState
2019-11-14 22:53:38,984 [9b10aba0-cc5c-407b-9285-7072d29b9deb@group-F5BC40990A3C-LeaderElection161] INFO  server.RaftServerConfigKeys (ConfUtils.java:logGet(43)) - raft.server.watch.timeout.denomination = 1s (default)
2019-11-14 22:53:38,984 [0261bc30-8b8d-4db7-80aa-965ad1e19f13@group-EC6EFEB7A9F5-LeaderElection160] INFO  segmented.SegmentedRaftLogWorker (SegmentedRaftLogWorker.java:startLogSegment(385)) - 0261bc30-8b8d-4db7-80aa-965ad1e19f13@group-EC6EFEB7A9F5-SegmentedRaftLogWorker: Starting segment from index:0
2019-11-14 22:53:38,984 [9b10aba0-cc5c-407b-9285-7072d29b9deb@group-F5BC40990A3C-LeaderElection161] INFO  server.RaftServerConfigKeys (ConfUtils.java:logGet(43)) - raft.server.watch.element-limit = 65536 (default)
2019-11-14 22:53:38,985 [9b10aba0-cc5c-407b-9285-7072d29b9deb@group-F5BC40990A3C-LeaderElection161] INFO  impl.RoleInfo (RoleInfo.java:updateAndGet(143)) - 9b10aba0-cc5c-407b-9285-7072d29b9deb: start LeaderState
2019-11-14 22:53:38,985 [0261bc30-8b8d-4db7-80aa-965ad1e19f13@group-EC6EFEB7A9F5-LeaderElection160] INFO  impl.RaftServerImpl (ServerState.java:setRaftConf(356)) - 0261bc30-8b8d-4db7-80aa-965ad1e19f13@group-EC6EFEB7A9F5: set configuration 0: [0261bc30-8b8d-4db7-80aa-965ad1e19f13:192.168.164.210:35118], old=null at 0
2019-11-14 22:53:38,985 [9b10aba0-cc5c-407b-9285-7072d29b9deb@group-F5BC40990A3C-LeaderElection161] INFO  segmented.SegmentedRaftLogWorker (SegmentedRaftLogWorker.java:startLogSegment(385)) - 9b10aba0-cc5c-407b-9285-7072d29b9deb@group-F5BC40990A3C-SegmentedRaftLogWorker: Starting segment from index:0
2019-11-14 22:53:38,985 [9b10aba0-cc5c-407b-9285-7072d29b9deb@group-F5BC40990A3C-LeaderElection161] INFO  impl.RaftServerImpl (ServerState.java:setRaftConf(356)) - 9b10aba0-cc5c-407b-9285-7072d29b9deb@group-F5BC40990A3C: set configuration 0: [9b10aba0-cc5c-407b-9285-7072d29b9deb:192.168.164.210:44092], old=null at 0
2019-11-14 22:53:39,021 [grpc-default-executor-5] INFO  impl.RaftServerImpl (RaftServerImpl.java:setRole(173)) - 2e7f8c24-c608-431c-b6d8-707cc816ba74@group-BC97297BA0D4: changes role from  FOLLOWER to FOLLOWER at term 1 for recognizeCandidate:0261bc30-8b8d-4db7-80aa-965ad1e19f13
2019-11-14 22:53:39,024 [grpc-default-executor-6] INFO  impl.RaftServerImpl (RaftServerImpl.java:setRole(173)) - 8c93cdd4-5606-4221-9500-0bbe6d2ac50a@group-BC97297BA0D4: changes role from  FOLLOWER to FOLLOWER at term 1 for recognizeCandidate:0261bc30-8b8d-4db7-80aa-965ad1e19f13
2019-11-14 22:53:39,024 [grpc-default-executor-5] INFO  impl.RoleInfo (RoleInfo.java:shutdownFollowerState(121)) - 2e7f8c24-c608-431c-b6d8-707cc816ba74: shutdown FollowerState
2019-11-14 22:53:39,024 [grpc-default-executor-6] INFO  impl.RoleInfo (RoleInfo.java:shutdownFollowerState(121)) - 8c93cdd4-5606-4221-9500-0bbe6d2ac50a: shutdown FollowerState
2019-11-14 22:53:39,024 [grpc-default-executor-5] INFO  impl.RoleInfo (RoleInfo.java:updateAndGet(143)) - 2e7f8c24-c608-431c-b6d8-707cc816ba74: start FollowerState
2019-11-14 22:53:39,025 [Thread-4450] INFO  impl.FollowerState (FollowerState.java:run(120)) - 8c93cdd4-5606-4221-9500-0bbe6d2ac50a@group-BC97297BA0D4-FollowerState was interrupted: java.lang.InterruptedException: sleep interrupted
2019-11-14 22:53:39,024 [grpc-default-executor-6] INFO  impl.RoleInfo (RoleInfo.java:updateAndGet(143)) - 8c93cdd4-5606-4221-9500-0bbe6d2ac50a: start FollowerState
2019-11-14 22:53:39,034 [0261bc30-8b8d-4db7-80aa-965ad1e19f13@group-EC6EFEB7A9F5-SegmentedRaftLogWorker] INFO  segmented.SegmentedRaftLogWorker (SegmentedRaftLogWorker.java:execute(576)) - 0261bc30-8b8d-4db7-80aa-965ad1e19f13@group-EC6EFEB7A9F5-SegmentedRaftLogWorker: created new log segment /workdir/hadoop-ozone/integration-test/target/test-dir/MiniOzoneClusterImpl-c304fa79-6e7f-43ac-8564-360665bd8c65/datanode-4/data/ratis/fad4dab1-087e-425f-bbd0-ec6efeb7a9f5/current/log_inprogress_0
2019-11-14 22:53:39,034 [9b10aba0-cc5c-407b-9285-7072d29b9deb@group-F5BC40990A3C-SegmentedRaftLogWorker] INFO  segmented.SegmentedRaftLogWorker (SegmentedRaftLogWorker.java:execute(576)) - 9b10aba0-cc5c-407b-9285-7072d29b9deb@group-F5BC40990A3C-SegmentedRaftLogWorker: created new log segment /workdir/hadoop-ozone/integration-test/target/test-dir/MiniOzoneClusterImpl-c304fa79-6e7f-43ac-8564-360665bd8c65/datanode-8/data/ratis/eca49d81-3727-4b90-a5b9-f5bc40990a3c/current/log_inprogress_0
2019-11-14 22:53:39,035 [0261bc30-8b8d-4db7-80aa-965ad1e19f13@group-BC97297BA0D4-LeaderElection162] INFO  impl.LeaderElection (LeaderElection.java:logAndReturn(56)) - 0261bc30-8b8d-4db7-80aa-965ad1e19f13@group-BC97297BA0D4-LeaderElection162: Election PASSED; received 1 response(s) [0261bc30-8b8d-4db7-80aa-965ad1e19f13<-2e7f8c24-c608-431c-b6d8-707cc816ba74#0:OK-t1] and 0 exception(s); 0261bc30-8b8d-4db7-80aa-965ad1e19f13@group-BC97297BA0D4:t1, leader=null, voted=0261bc30-8b8d-4db7-80aa-965ad1e19f13, raftlog=0261bc30-8b8d-4db7-80aa-965ad1e19f13@group-BC97297BA0D4-SegmentedRaftLog:OPENED:c-1,f-1,i0, conf=-1: [2e7f8c24-c608-431c-b6d8-707cc816ba74:192.168.164.210:38009, 8c93cdd4-5606-4221-9500-0bbe6d2ac50a:192.168.164.210:37665, 0261bc30-8b8d-4db7-80aa-965ad1e19f13:192.168.164.210:35118], old=null
2019-11-14 22:53:39,035 [0261bc30-8b8d-4db7-80aa-965ad1e19f13@group-BC97297BA0D4-LeaderElection162] INFO  impl.RoleInfo (RoleInfo.java:shutdownLeaderElection(134)) - 0261bc30-8b8d-4db7-80aa-965ad1e19f13: shutdown LeaderElection
2019-11-14 22:53:39,035 [0261bc30-8b8d-4db7-80aa-965ad1e19f13@group-BC97297BA0D4-LeaderElection162] INFO  impl.RaftServerImpl (RaftServerImpl.java:setRole(173)) - 0261bc30-8b8d-4db7-80aa-965ad1e19f13@group-BC97297BA0D4: changes role from CANDIDATE to LEADER at term 1 for changeToLeader
2019-11-14 22:53:39,036 [0261bc30-8b8d-4db7-80aa-965ad1e19f13@group-BC97297BA0D4-LeaderElection162] INFO  ratis.XceiverServerRatis (XceiverServerRatis.java:handleLeaderChangedNotification(697)) - Leader change notification received for group: group-BC97297BA0D4 with new leaderId: 0261bc30-8b8d-4db7-80aa-965ad1e19f13
2019-11-14 22:53:39,036 [0261bc30-8b8d-4db7-80aa-965ad1e19f13@group-BC97297BA0D4-LeaderElection162] INFO  impl.RaftServerImpl (ServerState.java:setLeader(255)) - 0261bc30-8b8d-4db7-80aa-965ad1e19f13@group-BC97297BA0D4: change Leader from null to 0261bc30-8b8d-4db7-80aa-965ad1e19f13 at term 1 for becomeLeader, leader elected after 1078ms
2019-11-14 22:53:39,036 [0261bc30-8b8d-4db7-80aa-965ad1e19f13@group-BC97297BA0D4-LeaderElection162] INFO  server.RaftServerConfigKeys (ConfUtils.java:logGet(43)) - raft.server.staging.catchup.gap = 1000 (default)
2019-11-14 22:53:39,036 [0261bc30-8b8d-4db7-80aa-965ad1e19f13@group-BC97297BA0D4-LeaderElection162] INFO  server.RaftServerConfigKeys (ConfUtils.java:logGet(43)) - raft.server.rpc.sleep.time = 25ms (default)
2019-11-14 22:53:39,036 [0261bc30-8b8d-4db7-80aa-965ad1e19f13@group-BC97297BA0D4-LeaderElection162] INFO  server.RaftServerConfigKeys (ConfUtils.java:logGet(43)) - raft.server.write.element-limit = 4096 (default)
2019-11-14 22:53:39,036 [0261bc30-8b8d-4db7-80aa-965ad1e19f13@group-BC97297BA0D4-LeaderElection162] INFO  server.RaftServerConfigKeys (ConfUtils.java:logGet(43)) - raft.server.watch.timeout = 10s (default)
2019-11-14 22:53:39,036 [0261bc30-8b8d-4db7-80aa-965ad1e19f13@group-BC97297BA0D4-LeaderElection162] INFO  server.RaftServerConfigKeys (ConfUtils.java:logGet(43)) - raft.server.watch.timeout.denomination = 1s (default)
2019-11-14 22:53:39,036 [0261bc30-8b8d-4db7-80aa-965ad1e19f13@group-BC97297BA0D4-LeaderElection162] INFO  server.RaftServerConfigKeys (ConfUtils.java:logGet(43)) - raft.server.watch.element-limit = 65536 (default)
2019-11-14 22:53:39,036 [EventQueue-PipelineReportForPipelineReportHandler] INFO  pipeline.PipelineStateManager (PipelineStateManager.java:openPipeline(134)) - Pipeline Pipeline[ Id: 5426f1d3-bf87-45f4-824f-bc97297ba0d4, Nodes: 2e7f8c24-c608-431c-b6d8-707cc816ba74{ip: 192.168.164.210, host: pr-hdds-2448-del-container-qmj8s-3203767274, networkLocation: /rack1, certSerialId: null}0261bc30-8b8d-4db7-80aa-965ad1e19f13{ip: 192.168.164.210, host: pr-hdds-2448-del-container-qmj8s-3203767274, networkLocation: /rack1, certSerialId: null}8c93cdd4-5606-4221-9500-0bbe6d2ac50a{ip: 192.168.164.210, host: pr-hdds-2448-del-container-qmj8s-3203767274, networkLocation: /rack1, certSerialId: null}, Type:RATIS, Factor:THREE, State:OPEN] moved to OPEN state
2019-11-14 22:53:39,036 [0261bc30-8b8d-4db7-80aa-965ad1e19f13@group-BC97297BA0D4-LeaderElection162] INFO  server.RaftServerConfigKeys (ConfUtils.java:logGet(43)) - raft.server.log.appender.snapshot.chunk.size.max = 16MB (=16777216) (default)
2019-11-14 22:53:39,037 [0261bc30-8b8d-4db7-80aa-965ad1e19f13@group-BC97297BA0D4-LeaderElection162] INFO  server.RaftServerConfigKeys (ConfUtils.java:logGet(43)) - raft.server.log.appender.buffer.byte-limit = 33554432 (custom)
2019-11-14 22:53:39,037 [0261bc30-8b8d-4db7-80aa-965ad1e19f13@group-BC97297BA0D4-LeaderElection162] INFO  server.RaftServerConfigKeys (ConfUtils.java:logGet(43)) - raft.server.log.appender.buffer.element-limit = 1 (custom)
2019-11-14 22:53:39,037 [0261bc30-8b8d-4db7-80aa-965ad1e19f13@group-BC97297BA0D4-LeaderElection162] INFO  grpc.GrpcConfigKeys$Server (ConfUtils.java:logGet(43)) - raft.grpc.server.leader.outstanding.appends.max = 128 (default)
2019-11-14 22:53:39,037 [0261bc30-8b8d-4db7-80aa-965ad1e19f13@group-BC97297BA0D4-LeaderElection162] INFO  server.RaftServerConfigKeys (ConfUtils.java:logGet(43)) - raft.server.rpc.request.timeout = 3000ms (default)
2019-11-14 22:53:39,037 [0261bc30-8b8d-4db7-80aa-965ad1e19f13@group-BC97297BA0D4-LeaderElection162] INFO  server.RaftServerConfigKeys (ConfUtils.java:logGet(43)) - raft.server.log.appender.install.snapshot.enabled = false (custom)
2019-11-14 22:53:39,037 [0261bc30-8b8d-4db7-80aa-965ad1e19f13@group-BC97297BA0D4-LeaderElection162] WARN  impl.MetricRegistriesImpl (MetricRegistriesImpl.java:lambda$create$1(61)) - First MetricRegistry has been created without registering reporters. You may need to call MetricRegistries.global().addReportRegistration(...) before.
2019-11-14 22:53:39,037 [0261bc30-8b8d-4db7-80aa-965ad1e19f13@group-BC97297BA0D4-LeaderElection162] INFO  server.RaftServerConfigKeys (ConfUtils.java:logGet(43)) - raft.server.log.appender.snapshot.chunk.size.max = 16MB (=16777216) (default)
2019-11-14 22:53:39,038 [0261bc30-8b8d-4db7-80aa-965ad1e19f13@group-BC97297BA0D4-LeaderElection162] INFO  server.RaftServerConfigKeys (ConfUtils.java:logGet(43)) - raft.server.log.appender.buffer.byte-limit = 33554432 (custom)
2019-11-14 22:53:39,038 [0261bc30-8b8d-4db7-80aa-965ad1e19f13@group-BC97297BA0D4-LeaderElection162] INFO  server.RaftServerConfigKeys (ConfUtils.java:logGet(43)) - raft.server.log.appender.buffer.element-limit = 1 (custom)
2019-11-14 22:53:39,038 [0261bc30-8b8d-4db7-80aa-965ad1e19f13@group-BC97297BA0D4-LeaderElection162] INFO  grpc.GrpcConfigKeys$Server (ConfUtils.java:logGet(43)) - raft.grpc.server.leader.outstanding.appends.max = 128 (default)
2019-11-14 22:53:39,038 [0261bc30-8b8d-4db7-80aa-965ad1e19f13@group-BC97297BA0D4-LeaderElection162] INFO  server.RaftServerConfigKeys (ConfUtils.java:logGet(43)) - raft.server.rpc.request.timeout = 3000ms (default)
2019-11-14 22:53:39,038 [0261bc30-8b8d-4db7-80aa-965ad1e19f13@group-BC97297BA0D4-LeaderElection162] INFO  server.RaftServerConfigKeys (ConfUtils.java:logGet(43)) - raft.server.log.appender.install.snapshot.enabled = false (custom)
2019-11-14 22:53:39,038 [0261bc30-8b8d-4db7-80aa-965ad1e19f13@group-BC97297BA0D4-LeaderElection162] INFO  impl.RoleInfo (RoleInfo.java:updateAndGet(143)) - 0261bc30-8b8d-4db7-80aa-965ad1e19f13: start LeaderState
2019-11-14 22:53:39,038 [0261bc30-8b8d-4db7-80aa-965ad1e19f13@group-BC97297BA0D4-LeaderElection162] INFO  segmented.SegmentedRaftLogWorker (SegmentedRaftLogWorker.java:startLogSegment(385)) - 0261bc30-8b8d-4db7-80aa-965ad1e19f13@group-BC97297BA0D4-SegmentedRaftLogWorker: Starting segment from index:0
2019-11-14 22:53:39,039 [0261bc30-8b8d-4db7-80aa-965ad1e19f13@group-BC97297BA0D4-LeaderElection162] INFO  impl.RaftServerImpl (ServerState.java:setRaftConf(356)) - 0261bc30-8b8d-4db7-80aa-965ad1e19f13@group-BC97297BA0D4: set configuration 0: [2e7f8c24-c608-431c-b6d8-707cc816ba74:192.168.164.210:38009, 8c93cdd4-5606-4221-9500-0bbe6d2ac50a:192.168.164.210:37665, 0261bc30-8b8d-4db7-80aa-965ad1e19f13:192.168.164.210:35118], old=null at 0
2019-11-14 22:53:39,040 [grpc-default-executor-5] INFO  ratis.XceiverServerRatis (XceiverServerRatis.java:handleLeaderChangedNotification(697)) - Leader change notification received for group: group-BC97297BA0D4 with new leaderId: 0261bc30-8b8d-4db7-80aa-965ad1e19f13
2019-11-14 22:53:39,040 [grpc-default-executor-5] INFO  impl.RaftServerImpl (ServerState.java:setLeader(255)) - 2e7f8c24-c608-431c-b6d8-707cc816ba74@group-BC97297BA0D4: change Leader from null to 0261bc30-8b8d-4db7-80aa-965ad1e19f13 at term 1 for appendEntries, leader elected after 1082ms
2019-11-14 22:53:39,072 [grpc-default-executor-5] INFO  ratis.XceiverServerRatis (XceiverServerRatis.java:handleLeaderChangedNotification(697)) - Leader change notification received for group: group-BC97297BA0D4 with new leaderId: 0261bc30-8b8d-4db7-80aa-965ad1e19f13
2019-11-14 22:53:39,072 [grpc-default-executor-5] INFO  impl.RaftServerImpl (ServerState.java:setLeader(255)) - 8c93cdd4-5606-4221-9500-0bbe6d2ac50a@group-BC97297BA0D4: change Leader from null to 0261bc30-8b8d-4db7-80aa-965ad1e19f13 at term 1 for appendEntries, leader elected after 1114ms
2019-11-14 22:53:39,074 [grpc-default-executor-5] INFO  impl.RaftServerImpl (ServerState.java:setRaftConf(356)) - 2e7f8c24-c608-431c-b6d8-707cc816ba74@group-BC97297BA0D4: set configuration 0: [2e7f8c24-c608-431c-b6d8-707cc816ba74:192.168.164.210:38009, 8c93cdd4-5606-4221-9500-0bbe6d2ac50a:192.168.164.210:37665, 0261bc30-8b8d-4db7-80aa-965ad1e19f13:192.168.164.210:35118], old=null at 0
2019-11-14 22:53:39,074 [grpc-default-executor-6] INFO  impl.RaftServerImpl (ServerState.java:setRaftConf(356)) - 8c93cdd4-5606-4221-9500-0bbe6d2ac50a@group-BC97297BA0D4: set configuration 0: [2e7f8c24-c608-431c-b6d8-707cc816ba74:192.168.164.210:38009, 8c93cdd4-5606-4221-9500-0bbe6d2ac50a:192.168.164.210:37665, 0261bc30-8b8d-4db7-80aa-965ad1e19f13:192.168.164.210:35118], old=null at 0
2019-11-14 22:53:39,074 [grpc-default-executor-5] INFO  segmented.SegmentedRaftLogWorker (SegmentedRaftLogWorker.java:startLogSegment(385)) - 2e7f8c24-c608-431c-b6d8-707cc816ba74@group-BC97297BA0D4-SegmentedRaftLogWorker: Starting segment from index:0
2019-11-14 22:53:39,074 [grpc-default-executor-6] INFO  segmented.SegmentedRaftLogWorker (SegmentedRaftLogWorker.java:startLogSegment(385)) - 8c93cdd4-5606-4221-9500-0bbe6d2ac50a@group-BC97297BA0D4-SegmentedRaftLogWorker: Starting segment from index:0
2019-11-14 22:53:39,084 [0261bc30-8b8d-4db7-80aa-965ad1e19f13@group-BC97297BA0D4-SegmentedRaftLogWorker] INFO  segmented.SegmentedRaftLogWorker (SegmentedRaftLogWorker.java:execute(576)) - 0261bc30-8b8d-4db7-80aa-965ad1e19f13@group-BC97297BA0D4-SegmentedRaftLogWorker: created new log segment /workdir/hadoop-ozone/integration-test/target/test-dir/MiniOzoneClusterImpl-c304fa79-6e7f-43ac-8564-360665bd8c65/datanode-4/data/ratis/5426f1d3-bf87-45f4-824f-bc97297ba0d4/current/log_inprogress_0
2019-11-14 22:53:39,111 [2e7f8c24-c608-431c-b6d8-707cc816ba74@group-BC97297BA0D4-SegmentedRaftLogWorker] INFO  segmented.SegmentedRaftLogWorker (SegmentedRaftLogWorker.java:execute(576)) - 2e7f8c24-c608-431c-b6d8-707cc816ba74@group-BC97297BA0D4-SegmentedRaftLogWorker: created new log segment /workdir/hadoop-ozone/integration-test/target/test-dir/MiniOzoneClusterImpl-c304fa79-6e7f-43ac-8564-360665bd8c65/datanode-3/data/ratis/5426f1d3-bf87-45f4-824f-bc97297ba0d4/current/log_inprogress_0
2019-11-14 22:53:39,111 [8c93cdd4-5606-4221-9500-0bbe6d2ac50a@group-BC97297BA0D4-SegmentedRaftLogWorker] INFO  segmented.SegmentedRaftLogWorker (SegmentedRaftLogWorker.java:execute(576)) - 8c93cdd4-5606-4221-9500-0bbe6d2ac50a@group-BC97297BA0D4-SegmentedRaftLogWorker: created new log segment /workdir/hadoop-ozone/integration-test/target/test-dir/MiniOzoneClusterImpl-c304fa79-6e7f-43ac-8564-360665bd8c65/datanode-5/data/ratis/5426f1d3-bf87-45f4-824f-bc97297ba0d4/current/log_inprogress_0
2019-11-14 22:53:39,248 [Thread-4461] INFO  impl.FollowerState (FollowerState.java:run(111)) - 1557401b-269c-4760-ad9d-3babb3e549ee@group-8ACE7C8AE926-FollowerState: change to CANDIDATE, lastRpcTime:1036ms, electionTimeout:1036ms
2019-11-14 22:53:39,249 [Thread-4461] INFO  impl.RoleInfo (RoleInfo.java:shutdownFollowerState(121)) - 1557401b-269c-4760-ad9d-3babb3e549ee: shutdown FollowerState
2019-11-14 22:53:39,249 [Thread-4461] INFO  impl.RaftServerImpl (RaftServerImpl.java:setRole(173)) - 1557401b-269c-4760-ad9d-3babb3e549ee@group-8ACE7C8AE926: changes role from  FOLLOWER to CANDIDATE at term 0 for changeToCandidate
2019-11-14 22:53:39,249 [Thread-4461] INFO  impl.RoleInfo (RoleInfo.java:updateAndGet(143)) - 1557401b-269c-4760-ad9d-3babb3e549ee: start LeaderElection
2019-11-14 22:53:39,263 [Thread-4466] INFO  impl.FollowerState (FollowerState.java:run(111)) - 377585f1-7b09-4361-841d-f3e5d0778973@group-8ACE7C8AE926-FollowerState: change to CANDIDATE, lastRpcTime:1045ms, electionTimeout:1045ms
2019-11-14 22:53:39,263 [Thread-4466] INFO  impl.RoleInfo (RoleInfo.java:shutdownFollowerState(121)) - 377585f1-7b09-4361-841d-f3e5d0778973: shutdown FollowerState
2019-11-14 22:53:39,263 [Thread-4466] INFO  impl.RaftServerImpl (RaftServerImpl.java:setRole(173)) - 377585f1-7b09-4361-841d-f3e5d0778973@group-8ACE7C8AE926: changes role from  FOLLOWER to CANDIDATE at term 0 for changeToCandidate
2019-11-14 22:53:39,263 [Thread-4466] INFO  impl.RoleInfo (RoleInfo.java:updateAndGet(143)) - 377585f1-7b09-4361-841d-f3e5d0778973: start LeaderElection
2019-11-14 22:53:39,268 [1557401b-269c-4760-ad9d-3babb3e549ee@group-8ACE7C8AE926-LeaderElection163] INFO  impl.LeaderElection (LeaderElection.java:askForVotes(178)) - 1557401b-269c-4760-ad9d-3babb3e549ee@group-8ACE7C8AE926-LeaderElection163: begin an election at term 1 for -1: [1557401b-269c-4760-ad9d-3babb3e549ee:192.168.164.210:38449, 9969a5d9-fcab-46ad-a887-333766046ab2:192.168.164.210:41238, 377585f1-7b09-4361-841d-f3e5d0778973:192.168.164.210:33333], old=null
2019-11-14 22:53:39,273 [grpc-default-executor-6] INFO  impl.RaftServerImpl (RaftServerImpl.java:setRole(173)) - 9969a5d9-fcab-46ad-a887-333766046ab2@group-8ACE7C8AE926: changes role from  FOLLOWER to FOLLOWER at term 1 for recognizeCandidate:1557401b-269c-4760-ad9d-3babb3e549ee
2019-11-14 22:53:39,274 [grpc-default-executor-6] INFO  impl.RoleInfo (RoleInfo.java:shutdownFollowerState(121)) - 9969a5d9-fcab-46ad-a887-333766046ab2: shutdown FollowerState
2019-11-14 22:53:39,274 [grpc-default-executor-6] INFO  impl.RoleInfo (RoleInfo.java:updateAndGet(143)) - 9969a5d9-fcab-46ad-a887-333766046ab2: start FollowerState
2019-11-14 22:53:39,274 [Thread-4465] INFO  impl.FollowerState (FollowerState.java:run(120)) - 9969a5d9-fcab-46ad-a887-333766046ab2@group-8ACE7C8AE926-FollowerState was interrupted: java.lang.InterruptedException: sleep interrupted
2019-11-14 22:53:39,280 [Thread-4471] INFO  impl.FollowerState (FollowerState.java:run(111)) - 257e5bad-a5d9-4311-875c-39b27f9709ed@group-D7E28BAA19B5-FollowerState: change to CANDIDATE, lastRpcTime:1022ms, electionTimeout:1022ms
2019-11-14 22:53:39,280 [Thread-4471] INFO  impl.RoleInfo (RoleInfo.java:shutdownFollowerState(121)) - 257e5bad-a5d9-4311-875c-39b27f9709ed: shutdown FollowerState
2019-11-14 22:53:39,280 [Thread-4471] INFO  impl.RaftServerImpl (RaftServerImpl.java:setRole(173)) - 257e5bad-a5d9-4311-875c-39b27f9709ed@group-D7E28BAA19B5: changes role from  FOLLOWER to CANDIDATE at term 0 for changeToCandidate
2019-11-14 22:53:39,280 [Thread-4471] INFO  impl.RoleInfo (RoleInfo.java:updateAndGet(143)) - 257e5bad-a5d9-4311-875c-39b27f9709ed: start LeaderElection
2019-11-14 22:53:39,284 [377585f1-7b09-4361-841d-f3e5d0778973@group-8ACE7C8AE926-LeaderElection164] INFO  impl.LeaderElection (LeaderElection.java:askForVotes(178)) - 377585f1-7b09-4361-841d-f3e5d0778973@group-8ACE7C8AE926-LeaderElection164: begin an election at term 1 for -1: [1557401b-269c-4760-ad9d-3babb3e549ee:192.168.164.210:38449, 9969a5d9-fcab-46ad-a887-333766046ab2:192.168.164.210:41238, 377585f1-7b09-4361-841d-f3e5d0778973:192.168.164.210:33333], old=null
2019-11-14 22:53:39,285 [1557401b-269c-4760-ad9d-3babb3e549ee@group-8ACE7C8AE926-LeaderElection163] INFO  impl.LeaderElection (LeaderElection.java:logAndReturn(56)) - 1557401b-269c-4760-ad9d-3babb3e549ee@group-8ACE7C8AE926-LeaderElection163: Election PASSED; received 1 response(s) [1557401b-269c-4760-ad9d-3babb3e549ee<-9969a5d9-fcab-46ad-a887-333766046ab2#0:OK-t1] and 0 exception(s); 1557401b-269c-4760-ad9d-3babb3e549ee@group-8ACE7C8AE926:t1, leader=null, voted=1557401b-269c-4760-ad9d-3babb3e549ee, raftlog=1557401b-269c-4760-ad9d-3babb3e549ee@group-8ACE7C8AE926-SegmentedRaftLog:OPENED:c-1,f-1,i0, conf=-1: [1557401b-269c-4760-ad9d-3babb3e549ee:192.168.164.210:38449, 9969a5d9-fcab-46ad-a887-333766046ab2:192.168.164.210:41238, 377585f1-7b09-4361-841d-f3e5d0778973:192.168.164.210:33333], old=null
2019-11-14 22:53:39,285 [1557401b-269c-4760-ad9d-3babb3e549ee@group-8ACE7C8AE926-LeaderElection163] INFO  impl.RoleInfo (RoleInfo.java:shutdownLeaderElection(134)) - 1557401b-269c-4760-ad9d-3babb3e549ee: shutdown LeaderElection
2019-11-14 22:53:39,285 [1557401b-269c-4760-ad9d-3babb3e549ee@group-8ACE7C8AE926-LeaderElection163] INFO  impl.RaftServerImpl (RaftServerImpl.java:setRole(173)) - 1557401b-269c-4760-ad9d-3babb3e549ee@group-8ACE7C8AE926: changes role from CANDIDATE to LEADER at term 1 for changeToLeader
2019-11-14 22:53:39,285 [1557401b-269c-4760-ad9d-3babb3e549ee@group-8ACE7C8AE926-LeaderElection163] INFO  ratis.XceiverServerRatis (XceiverServerRatis.java:handleLeaderChangedNotification(697)) - Leader change notification received for group: group-8ACE7C8AE926 with new leaderId: 1557401b-269c-4760-ad9d-3babb3e549ee
2019-11-14 22:53:39,286 [1557401b-269c-4760-ad9d-3babb3e549ee@group-8ACE7C8AE926-LeaderElection163] INFO  impl.RaftServerImpl (ServerState.java:setLeader(255)) - 1557401b-269c-4760-ad9d-3babb3e549ee@group-8ACE7C8AE926: change Leader from null to 1557401b-269c-4760-ad9d-3babb3e549ee at term 1 for becomeLeader, leader elected after 1078ms
2019-11-14 22:53:39,286 [1557401b-269c-4760-ad9d-3babb3e549ee@group-8ACE7C8AE926-LeaderElection163] INFO  server.RaftServerConfigKeys (ConfUtils.java:logGet(43)) - raft.server.staging.catchup.gap = 1000 (default)
2019-11-14 22:53:39,286 [1557401b-269c-4760-ad9d-3babb3e549ee@group-8ACE7C8AE926-LeaderElection163] INFO  server.RaftServerConfigKeys (ConfUtils.java:logGet(43)) - raft.server.rpc.sleep.time = 25ms (default)
2019-11-14 22:53:39,286 [1557401b-269c-4760-ad9d-3babb3e549ee@group-8ACE7C8AE926-LeaderElection163] INFO  server.RaftServerConfigKeys (ConfUtils.java:logGet(43)) - raft.server.write.element-limit = 4096 (default)
2019-11-14 22:53:39,286 [1557401b-269c-4760-ad9d-3babb3e549ee@group-8ACE7C8AE926-LeaderElection163] INFO  server.RaftServerConfigKeys (ConfUtils.java:logGet(43)) - raft.server.watch.timeout = 10s (default)
2019-11-14 22:53:39,286 [1557401b-269c-4760-ad9d-3babb3e549ee@group-8ACE7C8AE926-LeaderElection163] INFO  server.RaftServerConfigKeys (ConfUtils.java:logGet(43)) - raft.server.watch.timeout.denomination = 1s (default)
2019-11-14 22:53:39,286 [EventQueue-PipelineReportForPipelineReportHandler] INFO  pipeline.PipelineStateManager (PipelineStateManager.java:openPipeline(134)) - Pipeline Pipeline[ Id: 2297f64d-c6f4-4fb8-a350-8ace7c8ae926, Nodes: 377585f1-7b09-4361-841d-f3e5d0778973{ip: 192.168.164.210, host: pr-hdds-2448-del-container-qmj8s-3203767274, networkLocation: /rack1, certSerialId: null}9969a5d9-fcab-46ad-a887-333766046ab2{ip: 192.168.164.210, host: pr-hdds-2448-del-container-qmj8s-3203767274, networkLocation: /rack1, certSerialId: null}1557401b-269c-4760-ad9d-3babb3e549ee{ip: 192.168.164.210, host: pr-hdds-2448-del-container-qmj8s-3203767274, networkLocation: /rack1, certSerialId: null}, Type:RATIS, Factor:THREE, State:OPEN] moved to OPEN state
2019-11-14 22:53:39,286 [1557401b-269c-4760-ad9d-3babb3e549ee@group-8ACE7C8AE926-LeaderElection163] INFO  server.RaftServerConfigKeys (ConfUtils.java:logGet(43)) - raft.server.watch.element-limit = 65536 (default)
2019-11-14 22:53:39,287 [1557401b-269c-4760-ad9d-3babb3e549ee@group-8ACE7C8AE926-LeaderElection163] INFO  server.RaftServerConfigKeys (ConfUtils.java:logGet(43)) - raft.server.log.appender.snapshot.chunk.size.max = 16MB (=16777216) (default)
2019-11-14 22:53:39,287 [1557401b-269c-4760-ad9d-3babb3e549ee@group-8ACE7C8AE926-LeaderElection163] INFO  server.RaftServerConfigKeys (ConfUtils.java:logGet(43)) - raft.server.log.appender.buffer.byte-limit = 33554432 (custom)
2019-11-14 22:53:39,287 [1557401b-269c-4760-ad9d-3babb3e549ee@group-8ACE7C8AE926-LeaderElection163] INFO  server.RaftServerConfigKeys (ConfUtils.java:logGet(43)) - raft.server.log.appender.buffer.element-limit = 1 (custom)
2019-11-14 22:53:39,287 [1557401b-269c-4760-ad9d-3babb3e549ee@group-8ACE7C8AE926-LeaderElection163] INFO  grpc.GrpcConfigKeys$Server (ConfUtils.java:logGet(43)) - raft.grpc.server.leader.outstanding.appends.max = 128 (default)
2019-11-14 22:53:39,287 [1557401b-269c-4760-ad9d-3babb3e549ee@group-8ACE7C8AE926-LeaderElection163] INFO  server.RaftServerConfigKeys (ConfUtils.java:logGet(43)) - raft.server.rpc.request.timeout = 3000ms (default)
2019-11-14 22:53:39,287 [1557401b-269c-4760-ad9d-3babb3e549ee@group-8ACE7C8AE926-LeaderElection163] INFO  server.RaftServerConfigKeys (ConfUtils.java:logGet(43)) - raft.server.log.appender.install.snapshot.enabled = false (custom)
2019-11-14 22:53:39,287 [1557401b-269c-4760-ad9d-3babb3e549ee@group-8ACE7C8AE926-LeaderElection163] WARN  impl.MetricRegistriesImpl (MetricRegistriesImpl.java:lambda$create$1(61)) - First MetricRegistry has been created without registering reporters. You may need to call MetricRegistries.global().addReportRegistration(...) before.
2019-11-14 22:53:39,288 [1557401b-269c-4760-ad9d-3babb3e549ee@group-8ACE7C8AE926-LeaderElection163] INFO  server.RaftServerConfigKeys (ConfUtils.java:logGet(43)) - raft.server.log.appender.snapshot.chunk.size.max = 16MB (=16777216) (default)
2019-11-14 22:53:39,288 [1557401b-269c-4760-ad9d-3babb3e549ee@group-8ACE7C8AE926-LeaderElection163] INFO  server.RaftServerConfigKeys (ConfUtils.java:logGet(43)) - raft.server.log.appender.buffer.byte-limit = 33554432 (custom)
2019-11-14 22:53:39,288 [1557401b-269c-4760-ad9d-3babb3e549ee@group-8ACE7C8AE926-LeaderElection163] INFO  server.RaftServerConfigKeys (ConfUtils.java:logGet(43)) - raft.server.log.appender.buffer.element-limit = 1 (custom)
2019-11-14 22:53:39,288 [1557401b-269c-4760-ad9d-3babb3e549ee@group-8ACE7C8AE926-LeaderElection163] INFO  grpc.GrpcConfigKeys$Server (ConfUtils.java:logGet(43)) - raft.grpc.server.leader.outstanding.appends.max = 128 (default)
2019-11-14 22:53:39,288 [1557401b-269c-4760-ad9d-3babb3e549ee@group-8ACE7C8AE926-LeaderElection163] INFO  server.RaftServerConfigKeys (ConfUtils.java:logGet(43)) - raft.server.rpc.request.timeout = 3000ms (default)
2019-11-14 22:53:39,288 [1557401b-269c-4760-ad9d-3babb3e549ee@group-8ACE7C8AE926-LeaderElection163] INFO  server.RaftServerConfigKeys (ConfUtils.java:logGet(43)) - raft.server.log.appender.install.snapshot.enabled = false (custom)
2019-11-14 22:53:39,289 [1557401b-269c-4760-ad9d-3babb3e549ee@group-8ACE7C8AE926-LeaderElection163] INFO  impl.RoleInfo (RoleInfo.java:updateAndGet(143)) - 1557401b-269c-4760-ad9d-3babb3e549ee: start LeaderState
2019-11-14 22:53:39,289 [1557401b-269c-4760-ad9d-3babb3e549ee@group-8ACE7C8AE926-LeaderElection163] INFO  segmented.SegmentedRaftLogWorker (SegmentedRaftLogWorker.java:startLogSegment(385)) - 1557401b-269c-4760-ad9d-3babb3e549ee@group-8ACE7C8AE926-SegmentedRaftLogWorker: Starting segment from index:0
2019-11-14 22:53:39,289 [1557401b-269c-4760-ad9d-3babb3e549ee@group-8ACE7C8AE926-LeaderElection163] INFO  impl.RaftServerImpl (ServerState.java:setRaftConf(356)) - 1557401b-269c-4760-ad9d-3babb3e549ee@group-8ACE7C8AE926: set configuration 0: [1557401b-269c-4760-ad9d-3babb3e549ee:192.168.164.210:38449, 9969a5d9-fcab-46ad-a887-333766046ab2:192.168.164.210:41238, 377585f1-7b09-4361-841d-f3e5d0778973:192.168.164.210:33333], old=null at 0
2019-11-14 22:53:39,290 [grpc-default-executor-5] INFO  impl.RaftServerImpl (RaftServerImpl.java:requestVote(776)) - 1557401b-269c-4760-ad9d-3babb3e549ee@group-8ACE7C8AE926-   LEADER: Withhold vote from candidate 377585f1-7b09-4361-841d-f3e5d0778973 with term 1. State: leader=1557401b-269c-4760-ad9d-3babb3e549ee, term=1, lastRpcElapsed=null
2019-11-14 22:53:39,290 [377585f1-7b09-4361-841d-f3e5d0778973@group-8ACE7C8AE926-LeaderElection164] INFO  impl.LeaderElection (LeaderElection.java:logAndReturn(56)) - 377585f1-7b09-4361-841d-f3e5d0778973@group-8ACE7C8AE926-LeaderElection164: Election REJECTED; received 2 response(s) [377585f1-7b09-4361-841d-f3e5d0778973<-1557401b-269c-4760-ad9d-3babb3e549ee#0:FAIL-t1, 377585f1-7b09-4361-841d-f3e5d0778973<-9969a5d9-fcab-46ad-a887-333766046ab2#0:FAIL-t1] and 0 exception(s); 377585f1-7b09-4361-841d-f3e5d0778973@group-8ACE7C8AE926:t1, leader=null, voted=377585f1-7b09-4361-841d-f3e5d0778973, raftlog=377585f1-7b09-4361-841d-f3e5d0778973@group-8ACE7C8AE926-SegmentedRaftLog:OPENED:c-1,f-1,i0, conf=-1: [1557401b-269c-4760-ad9d-3babb3e549ee:192.168.164.210:38449, 9969a5d9-fcab-46ad-a887-333766046ab2:192.168.164.210:41238, 377585f1-7b09-4361-841d-f3e5d0778973:192.168.164.210:33333], old=null
2019-11-14 22:53:39,316 [257e5bad-a5d9-4311-875c-39b27f9709ed@group-D7E28BAA19B5-LeaderElection165] INFO  impl.LeaderElection (LeaderElection.java:askForVotes(178)) - 257e5bad-a5d9-4311-875c-39b27f9709ed@group-D7E28BAA19B5-LeaderElection165: begin an election at term 1 for -1: [257e5bad-a5d9-4311-875c-39b27f9709ed:192.168.164.210:40481], old=null
2019-11-14 22:53:39,316 [grpc-default-executor-5] INFO  ratis.XceiverServerRatis (XceiverServerRatis.java:handleLeaderChangedNotification(697)) - Leader change notification received for group: group-8ACE7C8AE926 with new leaderId: 1557401b-269c-4760-ad9d-3babb3e549ee
2019-11-14 22:53:39,317 [grpc-default-executor-6] INFO  impl.RaftServerImpl (RaftServerImpl.java:setRole(173)) - 377585f1-7b09-4361-841d-f3e5d0778973@group-8ACE7C8AE926: changes role from CANDIDATE to FOLLOWER at term 1 for appendEntries
2019-11-14 22:53:39,317 [grpc-default-executor-6] INFO  impl.RoleInfo (RoleInfo.java:shutdownLeaderElection(134)) - 377585f1-7b09-4361-841d-f3e5d0778973: shutdown LeaderElection
2019-11-14 22:53:39,317 [257e5bad-a5d9-4311-875c-39b27f9709ed@group-D7E28BAA19B5-LeaderElection165] INFO  impl.RoleInfo (RoleInfo.java:shutdownLeaderElection(134)) - 257e5bad-a5d9-4311-875c-39b27f9709ed: shutdown LeaderElection
2019-11-14 22:53:39,317 [grpc-default-executor-5] INFO  impl.RaftServerImpl (ServerState.java:setLeader(255)) - 9969a5d9-fcab-46ad-a887-333766046ab2@group-8ACE7C8AE926: change Leader from null to 1557401b-269c-4760-ad9d-3babb3e549ee at term 1 for appendEntries, leader elected after 1108ms
2019-11-14 22:53:39,317 [257e5bad-a5d9-4311-875c-39b27f9709ed@group-D7E28BAA19B5-LeaderElection165] INFO  impl.RaftServerImpl (RaftServerImpl.java:setRole(173)) - 257e5bad-a5d9-4311-875c-39b27f9709ed@group-D7E28BAA19B5: changes role from CANDIDATE to LEADER at term 1 for changeToLeader
2019-11-14 22:53:39,317 [grpc-default-executor-6] INFO  impl.RoleInfo (RoleInfo.java:updateAndGet(143)) - 377585f1-7b09-4361-841d-f3e5d0778973: start FollowerState
2019-11-14 22:53:39,318 [257e5bad-a5d9-4311-875c-39b27f9709ed@group-D7E28BAA19B5-LeaderElection165] INFO  ratis.XceiverServerRatis (XceiverServerRatis.java:handleLeaderChangedNotification(697)) - Leader change notification received for group: group-D7E28BAA19B5 with new leaderId: 257e5bad-a5d9-4311-875c-39b27f9709ed
2019-11-14 22:53:39,318 [grpc-default-executor-6] INFO  ratis.XceiverServerRatis (XceiverServerRatis.java:handleLeaderChangedNotification(697)) - Leader change notification received for group: group-8ACE7C8AE926 with new leaderId: 1557401b-269c-4760-ad9d-3babb3e549ee
2019-11-14 22:53:39,318 [257e5bad-a5d9-4311-875c-39b27f9709ed@group-D7E28BAA19B5-LeaderElection165] INFO  impl.RaftServerImpl (ServerState.java:setLeader(255)) - 257e5bad-a5d9-4311-875c-39b27f9709ed@group-D7E28BAA19B5: change Leader from null to 257e5bad-a5d9-4311-875c-39b27f9709ed at term 1 for becomeLeader, leader elected after 1062ms
2019-11-14 22:53:39,318 [grpc-default-executor-6] INFO  impl.RaftServerImpl (ServerState.java:setLeader(255)) - 377585f1-7b09-4361-841d-f3e5d0778973@group-8ACE7C8AE926: change Leader from null to 1557401b-269c-4760-ad9d-3babb3e549ee at term 1 for appendEntries, leader elected after 1110ms
2019-11-14 22:53:39,318 [257e5bad-a5d9-4311-875c-39b27f9709ed@group-D7E28BAA19B5-LeaderElection165] INFO  server.RaftServerConfigKeys (ConfUtils.java:logGet(43)) - raft.server.staging.catchup.gap = 1000 (default)
2019-11-14 22:53:39,318 [257e5bad-a5d9-4311-875c-39b27f9709ed@group-D7E28BAA19B5-LeaderElection165] INFO  server.RaftServerConfigKeys (ConfUtils.java:logGet(43)) - raft.server.rpc.sleep.time = 25ms (default)
2019-11-14 22:53:39,319 [257e5bad-a5d9-4311-875c-39b27f9709ed@group-D7E28BAA19B5-LeaderElection165] INFO  server.RaftServerConfigKeys (ConfUtils.java:logGet(43)) - raft.server.write.element-limit = 4096 (default)
2019-11-14 22:53:39,319 [EventQueue-PipelineReportForPipelineReportHandler] INFO  pipeline.PipelineStateManager (PipelineStateManager.java:openPipeline(134)) - Pipeline Pipeline[ Id: 564286cd-1b83-47c5-9810-d7e28baa19b5, Nodes: 257e5bad-a5d9-4311-875c-39b27f9709ed{ip: 192.168.164.210, host: pr-hdds-2448-del-container-qmj8s-3203767274, networkLocation: /rack1, certSerialId: null}, Type:RATIS, Factor:ONE, State:OPEN] moved to OPEN state
2019-11-14 22:53:39,319 [grpc-default-executor-6] INFO  impl.RaftServerImpl (ServerState.java:setRaftConf(356)) - 9969a5d9-fcab-46ad-a887-333766046ab2@group-8ACE7C8AE926: set configuration 0: [1557401b-269c-4760-ad9d-3babb3e549ee:192.168.164.210:38449, 9969a5d9-fcab-46ad-a887-333766046ab2:192.168.164.210:41238, 377585f1-7b09-4361-841d-f3e5d0778973:192.168.164.210:33333], old=null at 0
2019-11-14 22:53:39,319 [257e5bad-a5d9-4311-875c-39b27f9709ed@group-D7E28BAA19B5-LeaderElection165] INFO  server.RaftServerConfigKeys (ConfUtils.java:logGet(43)) - raft.server.watch.timeout = 10s (default)
2019-11-14 22:53:39,319 [grpc-default-executor-6] INFO  segmented.SegmentedRaftLogWorker (SegmentedRaftLogWorker.java:startLogSegment(385)) - 9969a5d9-fcab-46ad-a887-333766046ab2@group-8ACE7C8AE926-SegmentedRaftLogWorker: Starting segment from index:0
2019-11-14 22:53:39,320 [257e5bad-a5d9-4311-875c-39b27f9709ed@group-D7E28BAA19B5-LeaderElection165] INFO  server.RaftServerConfigKeys (ConfUtils.java:logGet(43)) - raft.server.watch.timeout.denomination = 1s (default)
2019-11-14 22:53:39,320 [257e5bad-a5d9-4311-875c-39b27f9709ed@group-D7E28BAA19B5-LeaderElection165] INFO  server.RaftServerConfigKeys (ConfUtils.java:logGet(43)) - raft.server.watch.element-limit = 65536 (default)
2019-11-14 22:53:39,320 [257e5bad-a5d9-4311-875c-39b27f9709ed@group-D7E28BAA19B5-LeaderElection165] INFO  impl.RoleInfo (RoleInfo.java:updateAndGet(143)) - 257e5bad-a5d9-4311-875c-39b27f9709ed: start LeaderState
2019-11-14 22:53:39,320 [grpc-default-executor-5] INFO  impl.RaftServerImpl (ServerState.java:setRaftConf(356)) - 377585f1-7b09-4361-841d-f3e5d0778973@group-8ACE7C8AE926: set configuration 0: [1557401b-269c-4760-ad9d-3babb3e549ee:192.168.164.210:38449, 9969a5d9-fcab-46ad-a887-333766046ab2:192.168.164.210:41238, 377585f1-7b09-4361-841d-f3e5d0778973:192.168.164.210:33333], old=null at 0
2019-11-14 22:53:39,320 [257e5bad-a5d9-4311-875c-39b27f9709ed@group-D7E28BAA19B5-LeaderElection165] INFO  segmented.SegmentedRaftLogWorker (SegmentedRaftLogWorker.java:startLogSegment(385)) - 257e5bad-a5d9-4311-875c-39b27f9709ed@group-D7E28BAA19B5-SegmentedRaftLogWorker: Starting segment from index:0
2019-11-14 22:53:39,320 [grpc-default-executor-5] INFO  segmented.SegmentedRaftLogWorker (SegmentedRaftLogWorker.java:startLogSegment(385)) - 377585f1-7b09-4361-841d-f3e5d0778973@group-8ACE7C8AE926-SegmentedRaftLogWorker: Starting segment from index:0
2019-11-14 22:53:39,321 [257e5bad-a5d9-4311-875c-39b27f9709ed@group-D7E28BAA19B5-LeaderElection165] INFO  impl.RaftServerImpl (ServerState.java:setRaftConf(356)) - 257e5bad-a5d9-4311-875c-39b27f9709ed@group-D7E28BAA19B5: set configuration 0: [257e5bad-a5d9-4311-875c-39b27f9709ed:192.168.164.210:40481], old=null at 0
2019-11-14 22:53:39,328 [1557401b-269c-4760-ad9d-3babb3e549ee@group-8ACE7C8AE926-SegmentedRaftLogWorker] INFO  segmented.SegmentedRaftLogWorker (SegmentedRaftLogWorker.java:execute(576)) - 1557401b-269c-4760-ad9d-3babb3e549ee@group-8ACE7C8AE926-SegmentedRaftLogWorker: created new log segment /workdir/hadoop-ozone/integration-test/target/test-dir/MiniOzoneClusterImpl-c304fa79-6e7f-43ac-8564-360665bd8c65/datanode-0/data/ratis/2297f64d-c6f4-4fb8-a350-8ace7c8ae926/current/log_inprogress_0
2019-11-14 22:53:39,357 [377585f1-7b09-4361-841d-f3e5d0778973@group-8ACE7C8AE926-SegmentedRaftLogWorker] INFO  segmented.SegmentedRaftLogWorker (SegmentedRaftLogWorker.java:execute(576)) - 377585f1-7b09-4361-841d-f3e5d0778973@group-8ACE7C8AE926-SegmentedRaftLogWorker: created new log segment /workdir/hadoop-ozone/integration-test/target/test-dir/MiniOzoneClusterImpl-c304fa79-6e7f-43ac-8564-360665bd8c65/datanode-1/data/ratis/2297f64d-c6f4-4fb8-a350-8ace7c8ae926/current/log_inprogress_0
2019-11-14 22:53:39,357 [257e5bad-a5d9-4311-875c-39b27f9709ed@group-D7E28BAA19B5-SegmentedRaftLogWorker] INFO  segmented.SegmentedRaftLogWorker (SegmentedRaftLogWorker.java:execute(576)) - 257e5bad-a5d9-4311-875c-39b27f9709ed@group-D7E28BAA19B5-SegmentedRaftLogWorker: created new log segment /workdir/hadoop-ozone/integration-test/target/test-dir/MiniOzoneClusterImpl-c304fa79-6e7f-43ac-8564-360665bd8c65/datanode-9/data/ratis/564286cd-1b83-47c5-9810-d7e28baa19b5/current/log_inprogress_0
2019-11-14 22:53:39,357 [9969a5d9-fcab-46ad-a887-333766046ab2@group-8ACE7C8AE926-SegmentedRaftLogWorker] INFO  segmented.SegmentedRaftLogWorker (SegmentedRaftLogWorker.java:execute(576)) - 9969a5d9-fcab-46ad-a887-333766046ab2@group-8ACE7C8AE926-SegmentedRaftLogWorker: created new log segment /workdir/hadoop-ozone/integration-test/target/test-dir/MiniOzoneClusterImpl-c304fa79-6e7f-43ac-8564-360665bd8c65/datanode-2/data/ratis/2297f64d-c6f4-4fb8-a350-8ace7c8ae926/current/log_inprogress_0
2019-11-14 22:53:39,416 [Thread-4475] INFO  impl.FollowerState (FollowerState.java:run(111)) - 9969a5d9-fcab-46ad-a887-333766046ab2@group-E12C89C92680-FollowerState: change to CANDIDATE, lastRpcTime:1108ms, electionTimeout:1108ms
2019-11-14 22:53:39,416 [Thread-4475] INFO  impl.RoleInfo (RoleInfo.java:shutdownFollowerState(121)) - 9969a5d9-fcab-46ad-a887-333766046ab2: shutdown FollowerState
2019-11-14 22:53:39,416 [Thread-4475] INFO  impl.RaftServerImpl (RaftServerImpl.java:setRole(173)) - 9969a5d9-fcab-46ad-a887-333766046ab2@group-E12C89C92680: changes role from  FOLLOWER to CANDIDATE at term 0 for changeToCandidate
2019-11-14 22:53:39,416 [Thread-4475] INFO  impl.RoleInfo (RoleInfo.java:updateAndGet(143)) - 9969a5d9-fcab-46ad-a887-333766046ab2: start LeaderElection
2019-11-14 22:53:39,434 [9969a5d9-fcab-46ad-a887-333766046ab2@group-E12C89C92680-LeaderElection166] INFO  impl.LeaderElection (LeaderElection.java:askForVotes(178)) - 9969a5d9-fcab-46ad-a887-333766046ab2@group-E12C89C92680-LeaderElection166: begin an election at term 1 for -1: [9969a5d9-fcab-46ad-a887-333766046ab2:192.168.164.210:41238], old=null
2019-11-14 22:53:39,435 [9969a5d9-fcab-46ad-a887-333766046ab2@group-E12C89C92680-LeaderElection166] INFO  impl.RoleInfo (RoleInfo.java:shutdownLeaderElection(134)) - 9969a5d9-fcab-46ad-a887-333766046ab2: shutdown LeaderElection
2019-11-14 22:53:39,435 [9969a5d9-fcab-46ad-a887-333766046ab2@group-E12C89C92680-LeaderElection166] INFO  impl.RaftServerImpl (RaftServerImpl.java:setRole(173)) - 9969a5d9-fcab-46ad-a887-333766046ab2@group-E12C89C92680: changes role from CANDIDATE to LEADER at term 1 for changeToLeader
2019-11-14 22:53:39,435 [9969a5d9-fcab-46ad-a887-333766046ab2@group-E12C89C92680-LeaderElection166] INFO  ratis.XceiverServerRatis (XceiverServerRatis.java:handleLeaderChangedNotification(697)) - Leader change notification received for group: group-E12C89C92680 with new leaderId: 9969a5d9-fcab-46ad-a887-333766046ab2
2019-11-14 22:53:39,435 [9969a5d9-fcab-46ad-a887-333766046ab2@group-E12C89C92680-LeaderElection166] INFO  impl.RaftServerImpl (ServerState.java:setLeader(255)) - 9969a5d9-fcab-46ad-a887-333766046ab2@group-E12C89C92680: change Leader from null to 9969a5d9-fcab-46ad-a887-333766046ab2 at term 1 for becomeLeader, leader elected after 1130ms
2019-11-14 22:53:39,435 [9969a5d9-fcab-46ad-a887-333766046ab2@group-E12C89C92680-LeaderElection166] INFO  server.RaftServerConfigKeys (ConfUtils.java:logGet(43)) - raft.server.staging.catchup.gap = 1000 (default)
2019-11-14 22:53:39,435 [9969a5d9-fcab-46ad-a887-333766046ab2@group-E12C89C92680-LeaderElection166] INFO  server.RaftServerConfigKeys (ConfUtils.java:logGet(43)) - raft.server.rpc.sleep.time = 25ms (default)
2019-11-14 22:53:39,435 [9969a5d9-fcab-46ad-a887-333766046ab2@group-E12C89C92680-LeaderElection166] INFO  server.RaftServerConfigKeys (ConfUtils.java:logGet(43)) - raft.server.write.element-limit = 4096 (default)
2019-11-14 22:53:39,435 [9969a5d9-fcab-46ad-a887-333766046ab2@group-E12C89C92680-LeaderElection166] INFO  server.RaftServerConfigKeys (ConfUtils.java:logGet(43)) - raft.server.watch.timeout = 10s (default)
2019-11-14 22:53:39,435 [9969a5d9-fcab-46ad-a887-333766046ab2@group-E12C89C92680-LeaderElection166] INFO  server.RaftServerConfigKeys (ConfUtils.java:logGet(43)) - raft.server.watch.timeout.denomination = 1s (default)
2019-11-14 22:53:39,435 [9969a5d9-fcab-46ad-a887-333766046ab2@group-E12C89C92680-LeaderElection166] INFO  server.RaftServerConfigKeys (ConfUtils.java:logGet(43)) - raft.server.watch.element-limit = 65536 (default)
2019-11-14 22:53:39,436 [9969a5d9-fcab-46ad-a887-333766046ab2@group-E12C89C92680-LeaderElection166] INFO  impl.RoleInfo (RoleInfo.java:updateAndGet(143)) - 9969a5d9-fcab-46ad-a887-333766046ab2: start LeaderState
2019-11-14 22:53:39,436 [EventQueue-PipelineReportForPipelineReportHandler] INFO  pipeline.PipelineStateManager (PipelineStateManager.java:openPipeline(134)) - Pipeline Pipeline[ Id: 54dc5d56-f837-4026-843f-e12c89c92680, Nodes: 9969a5d9-fcab-46ad-a887-333766046ab2{ip: 192.168.164.210, host: pr-hdds-2448-del-container-qmj8s-3203767274, networkLocation: /rack1, certSerialId: null}, Type:RATIS, Factor:ONE, State:OPEN] moved to OPEN state
2019-11-14 22:53:39,436 [9969a5d9-fcab-46ad-a887-333766046ab2@group-E12C89C92680-LeaderElection166] INFO  segmented.SegmentedRaftLogWorker (SegmentedRaftLogWorker.java:startLogSegment(385)) - 9969a5d9-fcab-46ad-a887-333766046ab2@group-E12C89C92680-SegmentedRaftLogWorker: Starting segment from index:0
2019-11-14 22:53:39,436 [9969a5d9-fcab-46ad-a887-333766046ab2@group-E12C89C92680-LeaderElection166] INFO  impl.RaftServerImpl (ServerState.java:setRaftConf(356)) - 9969a5d9-fcab-46ad-a887-333766046ab2@group-E12C89C92680: set configuration 0: [9969a5d9-fcab-46ad-a887-333766046ab2:192.168.164.210:41238], old=null at 0
2019-11-14 22:53:39,470 [9969a5d9-fcab-46ad-a887-333766046ab2@group-E12C89C92680-SegmentedRaftLogWorker] INFO  segmented.SegmentedRaftLogWorker (SegmentedRaftLogWorker.java:execute(576)) - 9969a5d9-fcab-46ad-a887-333766046ab2@group-E12C89C92680-SegmentedRaftLogWorker: created new log segment /workdir/hadoop-ozone/integration-test/target/test-dir/MiniOzoneClusterImpl-c304fa79-6e7f-43ac-8564-360665bd8c65/datanode-2/data/ratis/54dc5d56-f837-4026-843f-e12c89c92680/current/log_inprogress_0
2019-11-14 22:53:42,566 [main] INFO  ozoneimpl.OzoneContainer (OzoneContainer.java:stop(244)) - Attempting to stop container services.
2019-11-14 22:53:42,567 [main] INFO  impl.RaftServerProxy (RaftServerProxy.java:lambda$close$4(314)) - 377585f1-7b09-4361-841d-f3e5d0778973: close
2019-11-14 22:53:42,568 [main] INFO  impl.RaftServerImpl (RaftServerImpl.java:lambda$shutdown$3(250)) - 377585f1-7b09-4361-841d-f3e5d0778973@group-8ACE7C8AE926: shutdown
2019-11-14 22:53:42,568 [ForkJoinPool.commonPool-worker-0] INFO  impl.RaftServerImpl (RaftServerImpl.java:lambda$shutdown$3(250)) - 377585f1-7b09-4361-841d-f3e5d0778973@group-75B0821C1AE0: shutdown
2019-11-14 22:53:42,569 [main] INFO  util.JmxRegister (JmxRegister.java:unregister(73)) - Successfully un-registered JMX Bean with object name Ratis:service=RaftServer,group=group-8ACE7C8AE926,id=377585f1-7b09-4361-841d-f3e5d0778973
2019-11-14 22:53:42,569 [ForkJoinPool.commonPool-worker-0] INFO  util.JmxRegister (JmxRegister.java:unregister(73)) - Successfully un-registered JMX Bean with object name Ratis:service=RaftServer,group=group-75B0821C1AE0,id=377585f1-7b09-4361-841d-f3e5d0778973
2019-11-14 22:53:42,569 [main] INFO  impl.RoleInfo (RoleInfo.java:shutdownFollowerState(121)) - 377585f1-7b09-4361-841d-f3e5d0778973: shutdown FollowerState
2019-11-14 22:53:42,569 [ForkJoinPool.commonPool-worker-0] INFO  impl.RoleInfo (RoleInfo.java:shutdownLeaderState(104)) - 377585f1-7b09-4361-841d-f3e5d0778973: shutdown LeaderState
2019-11-14 22:53:42,570 [Thread-4524] INFO  impl.FollowerState (FollowerState.java:run(120)) - 377585f1-7b09-4361-841d-f3e5d0778973@group-8ACE7C8AE926-FollowerState was interrupted: java.lang.InterruptedException: sleep interrupted
2019-11-14 22:53:42,570 [main] INFO  impl.StateMachineUpdater (StateMachineUpdater.java:stopAndJoin(136)) - 377585f1-7b09-4361-841d-f3e5d0778973@group-8ACE7C8AE926-StateMachineUpdater: set stopIndex = 0
2019-11-14 22:53:42,570 [ForkJoinPool.commonPool-worker-0] INFO  impl.PendingRequests (PendingRequests.java:sendNotLeaderResponses(206)) - 377585f1-7b09-4361-841d-f3e5d0778973@group-75B0821C1AE0-PendingRequests: sendNotLeaderResponses
2019-11-14 22:53:42,570 [main] INFO  impl.RaftServerImpl (ServerState.java:close(387)) - 377585f1-7b09-4361-841d-f3e5d0778973@group-8ACE7C8AE926: closes. applyIndex: 0
2019-11-14 22:53:42,571 [ForkJoinPool.commonPool-worker-0] INFO  impl.StateMachineUpdater (StateMachineUpdater.java:stopAndJoin(136)) - 377585f1-7b09-4361-841d-f3e5d0778973@group-75B0821C1AE0-StateMachineUpdater: set stopIndex = 0
2019-11-14 22:53:42,571 [ForkJoinPool.commonPool-worker-0] INFO  impl.RaftServerImpl (ServerState.java:close(387)) - 377585f1-7b09-4361-841d-f3e5d0778973@group-75B0821C1AE0: closes. applyIndex: 0
2019-11-14 22:53:42,571 [377585f1-7b09-4361-841d-f3e5d0778973@group-8ACE7C8AE926-SegmentedRaftLogWorker] INFO  segmented.SegmentedRaftLogWorker (SegmentedRaftLogWorker.java:run(316)) - 377585f1-7b09-4361-841d-f3e5d0778973@group-8ACE7C8AE926-SegmentedRaftLogWorker was interrupted, exiting. There are 0 tasks remaining in the queue.
2019-11-14 22:53:42,571 [377585f1-7b09-4361-841d-f3e5d0778973@group-75B0821C1AE0-SegmentedRaftLogWorker] INFO  segmented.SegmentedRaftLogWorker (SegmentedRaftLogWorker.java:run(316)) - 377585f1-7b09-4361-841d-f3e5d0778973@group-75B0821C1AE0-SegmentedRaftLogWorker was interrupted, exiting. There are 0 tasks remaining in the queue.
2019-11-14 22:53:42,572 [main] INFO  segmented.SegmentedRaftLogWorker (SegmentedRaftLogWorker.java:close(224)) - 377585f1-7b09-4361-841d-f3e5d0778973@group-8ACE7C8AE926-SegmentedRaftLogWorker close()
2019-11-14 22:53:42,572 [ForkJoinPool.commonPool-worker-0] INFO  segmented.SegmentedRaftLogWorker (SegmentedRaftLogWorker.java:close(224)) - 377585f1-7b09-4361-841d-f3e5d0778973@group-75B0821C1AE0-SegmentedRaftLogWorker close()
2019-11-14 22:53:42,575 [main] INFO  server.GrpcService (GrpcService.java:closeImpl(164)) - 377585f1-7b09-4361-841d-f3e5d0778973: shutdown server with port 33333 now
2019-11-14 22:53:42,577 [grpc-default-executor-6] WARN  server.GrpcServerProtocolService (LogUtils.java:warn(134)) - 377585f1-7b09-4361-841d-f3e5d0778973: installSnapshot onError, lastRequest: 1557401b-269c-4760-ad9d-3babb3e549ee->377585f1-7b09-4361-841d-f3e5d0778973#7-t1, previous=(t:1, i:0), leaderCommit=0, initializing? false, entries: <empty>: org.apache.ratis.thirdparty.io.grpc.StatusRuntimeException: CANCELLED: cancelled before receiving half close
2019-11-14 22:53:42,577 [main] INFO  server.GrpcService (GrpcService.java:closeImpl(172)) - 377585f1-7b09-4361-841d-f3e5d0778973: shutdown server with port 33333 successfully
2019-11-14 22:53:42,578 [grpc-default-executor-1] WARN  server.GrpcLogAppender (LogUtils.java:warn(134)) - 1557401b-269c-4760-ad9d-3babb3e549ee@group-8ACE7C8AE926->377585f1-7b09-4361-841d-f3e5d0778973-AppendLogResponseHandler: Failed appendEntries: org.apache.ratis.thirdparty.io.grpc.StatusRuntimeException: CANCELLED: HTTP/2 error code: CANCEL
Received Rst Stream
2019-11-14 22:53:42,579 [grpc-default-executor-1] INFO  impl.FollowerInfo (FollowerInfo.java:lambda$new$0(51)) - 1557401b-269c-4760-ad9d-3babb3e549ee@group-8ACE7C8AE926->377585f1-7b09-4361-841d-f3e5d0778973: nextIndex: updateUnconditionally 1 -> 0
2019-11-14 22:53:42,582 [refreshUsed-/workdir/hadoop-ozone/integration-test/target/test-dir/MiniOzoneClusterImpl-c304fa79-6e7f-43ac-8564-360665bd8c65/datanode-1/data/containers] WARN  fs.CachingGetSpaceUsed (CachingGetSpaceUsed.java:run(183)) - Thread Interrupted waiting to refresh disk information: sleep interrupted
2019-11-14 22:53:42,604 [main] INFO  utils.BackgroundService (BackgroundService.java:shutdown(151)) - Shutting down service BlockDeletingService
2019-11-14 22:53:42,610 [main] INFO  statemachine.DatanodeStateMachine (DatanodeStateMachine.java:stopDaemon(405)) - Ozone container server stopped.
2019-11-14 22:53:42,612 [main] INFO  handler.ContextHandler (ContextHandler.java:doStop(910)) - Stopped o.e.j.w.WebAppContext@7be94cd6{/,null,UNAVAILABLE}{/hddsDatanode}
2019-11-14 22:53:42,614 [main] INFO  server.AbstractConnector (AbstractConnector.java:doStop(318)) - Stopped ServerConnector@20cff21e{HTTP/1.1,[http/1.1]}{0.0.0.0:0}
2019-11-14 22:53:42,614 [main] INFO  handler.ContextHandler (ContextHandler.java:doStop(910)) - Stopped o.e.j.s.ServletContextHandler@4f3c7808{/static,jar:file:/home/user/.m2/repository/org/apache/hadoop/hadoop-hdds-container-service/0.5.0-SNAPSHOT/hadoop-hdds-container-service-0.5.0-SNAPSHOT.jar!/webapps/static,UNAVAILABLE}
2019-11-14 22:53:42,614 [main] INFO  handler.ContextHandler (ContextHandler.java:doStop(910)) - Stopped o.e.j.s.ServletContextHandler@2aee0704{/logs,file:///workdir/hadoop-ozone/integration-test/target/log,UNAVAILABLE}
2019-11-14 22:53:42,871 [grpc-default-executor-4] WARN  server.GrpcLogAppender (LogUtils.java:warn(134)) - 1557401b-269c-4760-ad9d-3babb3e549ee@group-8ACE7C8AE926->377585f1-7b09-4361-841d-f3e5d0778973-AppendLogResponseHandler: Failed appendEntries: org.apache.ratis.thirdparty.io.grpc.StatusRuntimeException: UNAVAILABLE: io exception
2019-11-14 22:53:42,871 [grpc-default-executor-4] INFO  impl.FollowerInfo (FollowerInfo.java:lambda$new$0(51)) - 1557401b-269c-4760-ad9d-3babb3e549ee@group-8ACE7C8AE926->377585f1-7b09-4361-841d-f3e5d0778973: nextIndex: updateUnconditionally 0 -> 0
2019-11-14 22:53:43,370 [grpc-default-executor-6] WARN  server.GrpcLogAppender (LogUtils.java:warn(134)) - 1557401b-269c-4760-ad9d-3babb3e549ee@group-8ACE7C8AE926->377585f1-7b09-4361-841d-f3e5d0778973-AppendLogResponseHandler: Failed appendEntries: org.apache.ratis.thirdparty.io.grpc.StatusRuntimeException: UNAVAILABLE: io exception
2019-11-14 22:53:43,370 [grpc-default-executor-6] INFO  impl.FollowerInfo (FollowerInfo.java:lambda$new$0(51)) - 1557401b-269c-4760-ad9d-3babb3e549ee@group-8ACE7C8AE926->377585f1-7b09-4361-841d-f3e5d0778973: nextIndex: updateUnconditionally 0 -> 0
2019-11-14 22:53:43,672 [main] WARN  io.KeyOutputStream (KeyOutputStream.java:handleException(274)) - Encountered exception java.io.IOException: Unexpected Storage Container Exception: java.util.concurrent.CompletionException: java.util.concurrent.CompletionException: org.apache.ratis.protocol.GroupMismatchException: 9969a5d9-fcab-46ad-a887-333766046ab2: group-EF7A66731833 not found. on the pipeline Pipeline[ Id: 0937e5e0-133f-4c39-af56-ef7a66731833, Nodes: 377585f1-7b09-4361-841d-f3e5d0778973{ip: 192.168.164.210, host: pr-hdds-2448-del-container-qmj8s-3203767274, networkLocation: /rack1, certSerialId: null}9969a5d9-fcab-46ad-a887-333766046ab2{ip: 192.168.164.210, host: pr-hdds-2448-del-container-qmj8s-3203767274, networkLocation: /rack1, certSerialId: null}1557401b-269c-4760-ad9d-3babb3e549ee{ip: 192.168.164.210, host: pr-hdds-2448-del-container-qmj8s-3203767274, networkLocation: /rack1, certSerialId: null}, Type:RATIS, Factor:THREE, State:OPEN]. The last committed block length is 1048576, uncommitted data length is 2097152 retry count 0
2019-11-14 22:53:43,673 [main] INFO  io.BlockOutputStreamEntryPool (BlockOutputStreamEntryPool.java:allocateNewBlock(257)) - Allocating block with ExcludeList {datanodes = [], containerIds = [], pipelineIds = [PipelineID=0937e5e0-133f-4c39-af56-ef7a66731833]}
2019-11-14 22:53:43,870 [grpc-default-executor-5] WARN  server.GrpcLogAppender (LogUtils.java:warn(134)) - 1557401b-269c-4760-ad9d-3babb3e549ee@group-8ACE7C8AE926->377585f1-7b09-4361-841d-f3e5d0778973-AppendLogResponseHandler: Failed appendEntries: org.apache.ratis.thirdparty.io.grpc.StatusRuntimeException: UNAVAILABLE: io exception
2019-11-14 22:53:43,871 [grpc-default-executor-5] INFO  impl.FollowerInfo (FollowerInfo.java:lambda$new$0(51)) - 1557401b-269c-4760-ad9d-3babb3e549ee@group-8ACE7C8AE926->377585f1-7b09-4361-841d-f3e5d0778973: nextIndex: updateUnconditionally 0 -> 0
2019-11-14 22:53:44,371 [grpc-default-executor-5] WARN  server.GrpcLogAppender (LogUtils.java:warn(134)) - 1557401b-269c-4760-ad9d-3babb3e549ee@group-8ACE7C8AE926->377585f1-7b09-4361-841d-f3e5d0778973-AppendLogResponseHandler: Failed appendEntries: org.apache.ratis.thirdparty.io.grpc.StatusRuntimeException: UNAVAILABLE: io exception
2019-11-14 22:53:44,371 [grpc-default-executor-5] INFO  impl.FollowerInfo (FollowerInfo.java:lambda$new$0(51)) - 1557401b-269c-4760-ad9d-3babb3e549ee@group-8ACE7C8AE926->377585f1-7b09-4361-841d-f3e5d0778973: nextIndex: updateUnconditionally 0 -> 0
2019-11-14 22:53:44,748 [grpc-default-executor-1] WARN  server.GrpcLogAppender (LogUtils.java:warn(134)) - 1557401b-269c-4760-ad9d-3babb3e549ee@group-8ACE7C8AE926->377585f1-7b09-4361-841d-f3e5d0778973-AppendLogResponseHandler: Failed appendEntries: org.apache.ratis.thirdparty.io.grpc.StatusRuntimeException: UNAVAILABLE: io exception
2019-11-14 22:53:44,748 [grpc-default-executor-1] INFO  impl.FollowerInfo (FollowerInfo.java:lambda$new$0(51)) - 1557401b-269c-4760-ad9d-3babb3e549ee@group-8ACE7C8AE926->377585f1-7b09-4361-841d-f3e5d0778973: nextIndex: updateUnconditionally 1 -> 0
2019-11-14 22:53:44,755 [grpc-default-executor-4] WARN  server.GrpcLogAppender (LogUtils.java:warn(134)) - 1557401b-269c-4760-ad9d-3babb3e549ee@group-8ACE7C8AE926->377585f1-7b09-4361-841d-f3e5d0778973-AppendLogResponseHandler: Failed appendEntries: org.apache.ratis.thirdparty.io.grpc.StatusRuntimeException: UNAVAILABLE: io exception
2019-11-14 22:53:44,756 [grpc-default-executor-4] INFO  impl.FollowerInfo (FollowerInfo.java:lambda$new$0(51)) - 1557401b-269c-4760-ad9d-3babb3e549ee@group-8ACE7C8AE926->377585f1-7b09-4361-841d-f3e5d0778973: nextIndex: updateUnconditionally 1 -> 0
2019-11-14 22:53:45,124 [grpc-default-executor-1] WARN  server.GrpcLogAppender (LogUtils.java:warn(134)) - 1557401b-269c-4760-ad9d-3babb3e549ee@group-8ACE7C8AE926->377585f1-7b09-4361-841d-f3e5d0778973-AppendLogResponseHandler: Failed appendEntries: org.apache.ratis.thirdparty.io.grpc.StatusRuntimeException: UNAVAILABLE: io exception
2019-11-14 22:53:45,127 [grpc-default-executor-1] INFO  impl.FollowerInfo (FollowerInfo.java:lambda$new$0(51)) - 1557401b-269c-4760-ad9d-3babb3e549ee@group-8ACE7C8AE926->377585f1-7b09-4361-841d-f3e5d0778973: nextIndex: updateUnconditionally 1 -> 0
2019-11-14 22:53:45,136 [grpc-default-executor-5] WARN  server.GrpcLogAppender (LogUtils.java:warn(134)) - 1557401b-269c-4760-ad9d-3babb3e549ee@group-8ACE7C8AE926->377585f1-7b09-4361-841d-f3e5d0778973-AppendLogResponseHandler: Failed appendEntries: org.apache.ratis.thirdparty.io.grpc.StatusRuntimeException: UNAVAILABLE: io exception
2019-11-14 22:53:45,136 [grpc-default-executor-5] INFO  impl.FollowerInfo (FollowerInfo.java:lambda$new$0(51)) - 1557401b-269c-4760-ad9d-3babb3e549ee@group-8ACE7C8AE926->377585f1-7b09-4361-841d-f3e5d0778973: nextIndex: updateUnconditionally 1 -> 0
2019-11-14 22:53:45,139 [grpc-default-executor-5] WARN  server.GrpcLogAppender (LogUtils.java:warn(134)) - 1557401b-269c-4760-ad9d-3babb3e549ee@group-8ACE7C8AE926->377585f1-7b09-4361-841d-f3e5d0778973-AppendLogResponseHandler: Failed appendEntries: org.apache.ratis.thirdparty.io.grpc.StatusRuntimeException: UNAVAILABLE: io exception
2019-11-14 22:53:45,139 [grpc-default-executor-5] INFO  impl.FollowerInfo (FollowerInfo.java:lambda$new$0(51)) - 1557401b-269c-4760-ad9d-3babb3e549ee@group-8ACE7C8AE926->377585f1-7b09-4361-841d-f3e5d0778973: nextIndex: updateUnconditionally 1 -> 0
2019-11-14 22:53:45,640 [grpc-default-executor-5] WARN  server.GrpcLogAppender (LogUtils.java:warn(134)) - 1557401b-269c-4760-ad9d-3babb3e549ee@group-8ACE7C8AE926->377585f1-7b09-4361-841d-f3e5d0778973-AppendLogResponseHandler: Failed appendEntries: org.apache.ratis.thirdparty.io.grpc.StatusRuntimeException: UNAVAILABLE: io exception
2019-11-14 22:53:45,641 [grpc-default-executor-5] INFO  impl.FollowerInfo (FollowerInfo.java:lambda$new$0(51)) - 1557401b-269c-4760-ad9d-3babb3e549ee@group-8ACE7C8AE926->377585f1-7b09-4361-841d-f3e5d0778973: nextIndex: updateUnconditionally 0 -> 0
2019-11-14 22:53:46,143 [grpc-default-executor-4] WARN  server.GrpcLogAppender (LogUtils.java:warn(134)) - 1557401b-269c-4760-ad9d-3babb3e549ee@group-8ACE7C8AE926->377585f1-7b09-4361-841d-f3e5d0778973-AppendLogResponseHandler: Failed appendEntries: org.apache.ratis.thirdparty.io.grpc.StatusRuntimeException: UNAVAILABLE: io exception
2019-11-14 22:53:46,144 [grpc-default-executor-4] INFO  impl.FollowerInfo (FollowerInfo.java:lambda$new$0(51)) - 1557401b-269c-4760-ad9d-3babb3e549ee@group-8ACE7C8AE926->377585f1-7b09-4361-841d-f3e5d0778973: nextIndex: updateUnconditionally 0 -> 0
2019-11-14 22:53:46,644 [grpc-default-executor-1] WARN  server.GrpcLogAppender (LogUtils.java:warn(134)) - 1557401b-269c-4760-ad9d-3babb3e549ee@group-8ACE7C8AE926->377585f1-7b09-4361-841d-f3e5d0778973-AppendLogResponseHandler: Failed appendEntries: org.apache.ratis.thirdparty.io.grpc.StatusRuntimeException: UNAVAILABLE: io exception
2019-11-14 22:53:46,644 [grpc-default-executor-1] INFO  impl.FollowerInfo (FollowerInfo.java:lambda$new$0(51)) - 1557401b-269c-4760-ad9d-3babb3e549ee@group-8ACE7C8AE926->377585f1-7b09-4361-841d-f3e5d0778973: nextIndex: updateUnconditionally 0 -> 0
2019-11-14 22:53:47,145 [grpc-default-executor-5] WARN  server.GrpcLogAppender (LogUtils.java:warn(134)) - 1557401b-269c-4760-ad9d-3babb3e549ee@group-8ACE7C8AE926->377585f1-7b09-4361-841d-f3e5d0778973-AppendLogResponseHandler: Failed appendEntries: org.apache.ratis.thirdparty.io.grpc.StatusRuntimeException: UNAVAILABLE: io exception
2019-11-14 22:53:47,145 [grpc-default-executor-5] INFO  impl.FollowerInfo (FollowerInfo.java:lambda$new$0(51)) - 1557401b-269c-4760-ad9d-3babb3e549ee@group-8ACE7C8AE926->377585f1-7b09-4361-841d-f3e5d0778973: nextIndex: updateUnconditionally 0 -> 0
2019-11-14 22:53:47,649 [grpc-default-executor-5] WARN  server.GrpcLogAppender (LogUtils.java:warn(134)) - 1557401b-269c-4760-ad9d-3babb3e549ee@group-8ACE7C8AE926->377585f1-7b09-4361-841d-f3e5d0778973-AppendLogResponseHandler: Failed appendEntries: org.apache.ratis.thirdparty.io.grpc.StatusRuntimeException: UNAVAILABLE: io exception
2019-11-14 22:53:47,650 [grpc-default-executor-5] INFO  impl.FollowerInfo (FollowerInfo.java:lambda$new$0(51)) - 1557401b-269c-4760-ad9d-3babb3e549ee@group-8ACE7C8AE926->377585f1-7b09-4361-841d-f3e5d0778973: nextIndex: updateUnconditionally 0 -> 0
2019-11-14 22:53:48,148 [grpc-default-executor-6] WARN  server.GrpcLogAppender (LogUtils.java:warn(134)) - 1557401b-269c-4760-ad9d-3babb3e549ee@group-8ACE7C8AE926->377585f1-7b09-4361-841d-f3e5d0778973-AppendLogResponseHandler: Failed appendEntries: org.apache.ratis.thirdparty.io.grpc.StatusRuntimeException: UNAVAILABLE: io exception
2019-11-14 22:53:48,149 [grpc-default-executor-6] INFO  impl.FollowerInfo (FollowerInfo.java:lambda$new$0(51)) - 1557401b-269c-4760-ad9d-3babb3e549ee@group-8ACE7C8AE926->377585f1-7b09-4361-841d-f3e5d0778973: nextIndex: updateUnconditionally 0 -> 0
2019-11-14 22:53:48,649 [grpc-default-executor-5] WARN  server.GrpcLogAppender (LogUtils.java:warn(134)) - 1557401b-269c-4760-ad9d-3babb3e549ee@group-8ACE7C8AE926->377585f1-7b09-4361-841d-f3e5d0778973-AppendLogResponseHandler: Failed appendEntries: org.apache.ratis.thirdparty.io.grpc.StatusRuntimeException: UNAVAILABLE: io exception
2019-11-14 22:53:48,649 [grpc-default-executor-5] INFO  impl.FollowerInfo (FollowerInfo.java:lambda$new$0(51)) - 1557401b-269c-4760-ad9d-3babb3e549ee@group-8ACE7C8AE926->377585f1-7b09-4361-841d-f3e5d0778973: nextIndex: updateUnconditionally 0 -> 0
2019-11-14 22:53:49,151 [grpc-default-executor-5] WARN  server.GrpcLogAppender (LogUtils.java:warn(134)) - 1557401b-269c-4760-ad9d-3babb3e549ee@group-8ACE7C8AE926->377585f1-7b09-4361-841d-f3e5d0778973-AppendLogResponseHandler: Failed appendEntries: org.apache.ratis.thirdparty.io.grpc.StatusRuntimeException: UNAVAILABLE: io exception
2019-11-14 22:53:49,152 [grpc-default-executor-5] INFO  impl.FollowerInfo (FollowerInfo.java:lambda$new$0(51)) - 1557401b-269c-4760-ad9d-3babb3e549ee@group-8ACE7C8AE926->377585f1-7b09-4361-841d-f3e5d0778973: nextIndex: updateUnconditionally 0 -> 0
2019-11-14 22:53:49,652 [grpc-default-executor-5] WARN  server.GrpcLogAppender (LogUtils.java:warn(134)) - 1557401b-269c-4760-ad9d-3babb3e549ee@group-8ACE7C8AE926->377585f1-7b09-4361-841d-f3e5d0778973-AppendLogResponseHandler: Failed appendEntries: org.apache.ratis.thirdparty.io.grpc.StatusRuntimeException: UNAVAILABLE: io exception
2019-11-14 22:53:49,653 [grpc-default-executor-5] INFO  impl.FollowerInfo (FollowerInfo.java:lambda$new$0(51)) - 1557401b-269c-4760-ad9d-3babb3e549ee@group-8ACE7C8AE926->377585f1-7b09-4361-841d-f3e5d0778973: nextIndex: updateUnconditionally 0 -> 0
2019-11-14 22:53:50,152 [grpc-default-executor-5] WARN  server.GrpcLogAppender (LogUtils.java:warn(134)) - 1557401b-269c-4760-ad9d-3babb3e549ee@group-8ACE7C8AE926->377585f1-7b09-4361-841d-f3e5d0778973-AppendLogResponseHandler: Failed appendEntries: org.apache.ratis.thirdparty.io.grpc.StatusRuntimeException: UNAVAILABLE: io exception
2019-11-14 22:53:50,152 [grpc-default-executor-5] INFO  impl.FollowerInfo (FollowerInfo.java:lambda$new$0(51)) - 1557401b-269c-4760-ad9d-3babb3e549ee@group-8ACE7C8AE926->377585f1-7b09-4361-841d-f3e5d0778973: nextIndex: updateUnconditionally 0 -> 0
2019-11-14 22:53:50,207 [main] WARN  scm.XceiverClientRatis (XceiverClientRatis.java:watchForCommit(277)) - 3 way commit failed on pipeline Pipeline[ Id: 2297f64d-c6f4-4fb8-a350-8ace7c8ae926, Nodes: 377585f1-7b09-4361-841d-f3e5d0778973{ip: 192.168.164.210, host: pr-hdds-2448-del-container-qmj8s-3203767274, networkLocation: /rack1, certSerialId: null}9969a5d9-fcab-46ad-a887-333766046ab2{ip: 192.168.164.210, host: pr-hdds-2448-del-container-qmj8s-3203767274, networkLocation: /rack1, certSerialId: null}1557401b-269c-4760-ad9d-3babb3e549ee{ip: 192.168.164.210, host: pr-hdds-2448-del-container-qmj8s-3203767274, networkLocation: /rack1, certSerialId: null}, Type:RATIS, Factor:THREE, State:OPEN]
java.util.concurrent.TimeoutException
	at java.util.concurrent.CompletableFuture.timedGet(CompletableFuture.java:1771)
	at java.util.concurrent.CompletableFuture.get(CompletableFuture.java:1915)
	at org.apache.hadoop.hdds.scm.XceiverClientRatis.watchForCommit(XceiverClientRatis.java:274)
	at org.apache.hadoop.hdds.scm.storage.CommitWatcher.watchForCommit(CommitWatcher.java:198)
	at org.apache.hadoop.hdds.scm.storage.CommitWatcher.watchOnFirstIndex(CommitWatcher.java:137)
	at org.apache.hadoop.hdds.scm.storage.BlockOutputStream.watchForCommit(BlockOutputStream.java:346)
	at org.apache.hadoop.hdds.scm.storage.BlockOutputStream.handleFullBuffer(BlockOutputStream.java:323)
	at org.apache.hadoop.hdds.scm.storage.BlockOutputStream.writeOnRetry(BlockOutputStream.java:301)
	at org.apache.hadoop.ozone.client.io.BlockOutputStreamEntry.writeOnRetry(BlockOutputStreamEntry.java:200)
	at org.apache.hadoop.ozone.client.io.KeyOutputStream.handleWrite(KeyOutputStream.java:206)
	at org.apache.hadoop.ozone.client.io.KeyOutputStream.handleRetry(KeyOutputStream.java:375)
	at org.apache.hadoop.ozone.client.io.KeyOutputStream.handleException(KeyOutputStream.java:324)
	at org.apache.hadoop.ozone.client.io.KeyOutputStream.handleWrite(KeyOutputStream.java:228)
	at org.apache.hadoop.ozone.client.io.KeyOutputStream.write(KeyOutputStream.java:190)
	at org.apache.hadoop.ozone.client.io.OzoneOutputStream.write(OzoneOutputStream.java:49)
	at java.io.OutputStream.write(OutputStream.java:75)
	at org.apache.hadoop.ozone.client.rpc.TestFailureHandlingByClient.testDatanodeExclusionWithMajorityCommit(TestFailureHandlingByClient.java:315)
	at sun.reflect.NativeMethodAccessorImpl.invoke0(Native Method)
	at sun.reflect.NativeMethodAccessorImpl.invoke(NativeMethodAccessorImpl.java:62)
	at sun.reflect.DelegatingMethodAccessorImpl.invoke(DelegatingMethodAccessorImpl.java:43)
	at java.lang.reflect.Method.invoke(Method.java:498)
	at org.junit.runners.model.FrameworkMethod$1.runReflectiveCall(FrameworkMethod.java:47)
	at org.junit.internal.runners.model.ReflectiveCallable.run(ReflectiveCallable.java:12)
	at org.junit.runners.model.FrameworkMethod.invokeExplosively(FrameworkMethod.java:44)
	at org.junit.internal.runners.statements.InvokeMethod.evaluate(InvokeMethod.java:17)
	at org.junit.internal.runners.statements.RunAfters.evaluate(RunAfters.java:27)
	at org.junit.runners.ParentRunner.runLeaf(ParentRunner.java:271)
	at org.junit.runners.BlockJUnit4ClassRunner.runChild(BlockJUnit4ClassRunner.java:70)
	at org.junit.runners.BlockJUnit4ClassRunner.runChild(BlockJUnit4ClassRunner.java:50)
	at org.junit.runners.ParentRunner$3.run(ParentRunner.java:238)
	at org.junit.runners.ParentRunner$1.schedule(ParentRunner.java:63)
	at org.junit.runners.ParentRunner.runChildren(ParentRunner.java:236)
	at org.junit.runners.ParentRunner.access$000(ParentRunner.java:53)
	at org.junit.runners.ParentRunner$2.evaluate(ParentRunner.java:229)
	at org.junit.runners.ParentRunner.run(ParentRunner.java:309)
	at org.apache.maven.surefire.junit4.JUnit4Provider.execute(JUnit4Provider.java:365)
	at org.apache.maven.surefire.junit4.JUnit4Provider.executeWithRerun(JUnit4Provider.java:273)
	at org.apache.maven.surefire.junit4.JUnit4Provider.executeTestSet(JUnit4Provider.java:238)
	at org.apache.maven.surefire.junit4.JUnit4Provider.invoke(JUnit4Provider.java:159)
	at org.apache.maven.surefire.booter.ForkedBooter.invokeProviderInSameClassLoader(ForkedBooter.java:384)
	at org.apache.maven.surefire.booter.ForkedBooter.runSuitesInProcess(ForkedBooter.java:345)
	at org.apache.maven.surefire.booter.ForkedBooter.execute(ForkedBooter.java:126)
	at org.apache.maven.surefire.booter.ForkedBooter.main(ForkedBooter.java:418)
2019-11-14 22:53:50,653 [grpc-default-executor-1] WARN  server.GrpcLogAppender (LogUtils.java:warn(134)) - 1557401b-269c-4760-ad9d-3babb3e549ee@group-8ACE7C8AE926->377585f1-7b09-4361-841d-f3e5d0778973-AppendLogResponseHandler: Failed appendEntries: org.apache.ratis.thirdparty.io.grpc.StatusRuntimeException: UNAVAILABLE: io exception
2019-11-14 22:53:50,653 [grpc-default-executor-1] INFO  impl.FollowerInfo (FollowerInfo.java:lambda$new$0(51)) - 1557401b-269c-4760-ad9d-3babb3e549ee@group-8ACE7C8AE926->377585f1-7b09-4361-841d-f3e5d0778973: nextIndex: updateUnconditionally 0 -> 0
2019-11-14 22:53:51,156 [grpc-default-executor-5] WARN  server.GrpcLogAppender (LogUtils.java:warn(134)) - 1557401b-269c-4760-ad9d-3babb3e549ee@group-8ACE7C8AE926->377585f1-7b09-4361-841d-f3e5d0778973-AppendLogResponseHandler: Failed appendEntries: org.apache.ratis.thirdparty.io.grpc.StatusRuntimeException: UNAVAILABLE: io exception
2019-11-14 22:53:51,157 [grpc-default-executor-5] INFO  impl.FollowerInfo (FollowerInfo.java:lambda$new$0(51)) - 1557401b-269c-4760-ad9d-3babb3e549ee@group-8ACE7C8AE926->377585f1-7b09-4361-841d-f3e5d0778973: nextIndex: updateUnconditionally 0 -> 0
2019-11-14 22:53:51,231 [Thread-4677] INFO  client.GrpcClientProtocolService (GrpcClientProtocolService.java:lambda$processClientRequest$0(279)) - Failed RaftClientRequest:client-173713865E58->9969a5d9-fcab-46ad-a887-333766046ab2@group-8ACE7C8AE926, cid=268, seq=0, Watch-MAJORITY_COMMITTED(2), Message:<EMPTY>, reply=RaftClientReply:client-173713865E58->9969a5d9-fcab-46ad-a887-333766046ab2@group-8ACE7C8AE926, cid=268, FAILED org.apache.ratis.protocol.NotLeaderException: Server 9969a5d9-fcab-46ad-a887-333766046ab2@group-8ACE7C8AE926 is not the leader 1557401b-269c-4760-ad9d-3babb3e549ee:192.168.164.210:38449, logIndex=0, commits[9969a5d9-fcab-46ad-a887-333766046ab2:c7, 1557401b-269c-4760-ad9d-3babb3e549ee:c7, 377585f1-7b09-4361-841d-f3e5d0778973:c0]
2019-11-14 22:53:51,269 [main] INFO  scm.XceiverClientRatis (XceiverClientRatis.java:lambda$watchForCommit$5(295)) - Could not commit index 2 on pipeline Pipeline[ Id: 2297f64d-c6f4-4fb8-a350-8ace7c8ae926, Nodes: 377585f1-7b09-4361-841d-f3e5d0778973{ip: 192.168.164.210, host: pr-hdds-2448-del-container-qmj8s-3203767274, networkLocation: /rack1, certSerialId: null}9969a5d9-fcab-46ad-a887-333766046ab2{ip: 192.168.164.210, host: pr-hdds-2448-del-container-qmj8s-3203767274, networkLocation: /rack1, certSerialId: null}1557401b-269c-4760-ad9d-3babb3e549ee{ip: 192.168.164.210, host: pr-hdds-2448-del-container-qmj8s-3203767274, networkLocation: /rack1, certSerialId: null}, Type:RATIS, Factor:THREE, State:OPEN] to all the nodes. Server 377585f1-7b09-4361-841d-f3e5d0778973 has failed. Committed by majority.
2019-11-14 22:53:51,270 [main] WARN  storage.BlockOutputStream (BlockOutputStream.java:watchForCommit(352)) - Failed to commit BlockId conID: 2 locID: 103138723343958030 bcsId: 4 on Pipeline[ Id: 2297f64d-c6f4-4fb8-a350-8ace7c8ae926, Nodes: 377585f1-7b09-4361-841d-f3e5d0778973{ip: 192.168.164.210, host: pr-hdds-2448-del-container-qmj8s-3203767274, networkLocation: /rack1, certSerialId: null}9969a5d9-fcab-46ad-a887-333766046ab2{ip: 192.168.164.210, host: pr-hdds-2448-del-container-qmj8s-3203767274, networkLocation: /rack1, certSerialId: null}1557401b-269c-4760-ad9d-3babb3e549ee{ip: 192.168.164.210, host: pr-hdds-2448-del-container-qmj8s-3203767274, networkLocation: /rack1, certSerialId: null}, Type:RATIS, Factor:THREE, State:OPEN]. Failed nodes: [377585f1-7b09-4361-841d-f3e5d0778973{ip: null, host: null, networkLocation: /default-rack, certSerialId: null}]
2019-11-14 22:53:51,271 [main] INFO  ozone.MiniOzoneClusterImpl (MiniOzoneClusterImpl.java:shutdown(352)) - Shutting down the Mini Ozone Cluster
2019-11-14 22:53:51,271 [main] INFO  ozone.MiniOzoneClusterImpl (MiniOzoneClusterImpl.java:stop(368)) - Stopping the Mini Ozone Cluster
2019-11-14 22:53:51,271 [main] INFO  ozone.MiniOzoneClusterImpl (MiniOzoneClusterImpl.java:stopOM(438)) - Stopping the OzoneManager
2019-11-14 22:53:51,271 [main] INFO  ipc.Server (Server.java:stop(3082)) - Stopping server on 36902
2019-11-14 22:53:51,283 [IPC Server listener on 36902] INFO  ipc.Server (Server.java:run(1185)) - Stopping IPC Server listener on 36902
2019-11-14 22:53:51,287 [IPC Server Responder] INFO  ipc.Server (Server.java:run(1319)) - Stopping IPC Server Responder
2019-11-14 22:53:51,287 [main] INFO  ratis.OzoneManagerDoubleBuffer (OzoneManagerDoubleBuffer.java:stop(261)) - Stopping OMDoubleBuffer flush thread
2019-11-14 22:53:51,299 [OMDoubleBufferFlushThread] INFO  ratis.OzoneManagerDoubleBuffer (OzoneManagerDoubleBuffer.java:flushTransactions(199)) - OMDoubleBuffer flush thread OMDoubleBufferFlushThread is interrupted and will exit. OMDoubleBufferFlushThread
2019-11-14 22:53:51,309 [main] INFO  utils.BackgroundService (BackgroundService.java:shutdown(151)) - Shutting down service KeyDeletingService
2019-11-14 22:53:51,314 [main] INFO  handler.ContextHandler (ContextHandler.java:doStop(910)) - Stopped o.e.j.w.WebAppContext@5e3db14{/,null,UNAVAILABLE}{/ozoneManager}
2019-11-14 22:53:51,316 [main] INFO  server.AbstractConnector (AbstractConnector.java:doStop(318)) - Stopped ServerConnector@5fb54740{HTTP/1.1,[http/1.1]}{0.0.0.0:0}
2019-11-14 22:53:51,317 [main] INFO  handler.ContextHandler (ContextHandler.java:doStop(910)) - Stopped o.e.j.s.ServletContextHandler@57cabdc3{/static,file:///workdir/hadoop-ozone/integration-test/target/test-classes/webapps/static,UNAVAILABLE}
2019-11-14 22:53:51,318 [main] INFO  handler.ContextHandler (ContextHandler.java:doStop(910)) - Stopped o.e.j.s.ServletContextHandler@6fbf5db2{/logs,file:///workdir/hadoop-ozone/integration-test/target/log,UNAVAILABLE}
2019-11-14 22:53:51,323 [main] INFO  ozone.MiniOzoneClusterImpl (MiniOzoneClusterImpl.java:stopDatanodes(415)) - Stopping the HddsDatanodes
2019-11-14 22:53:51,654 [grpc-default-executor-6] WARN  server.GrpcLogAppender (LogUtils.java:warn(134)) - 1557401b-269c-4760-ad9d-3babb3e549ee@group-8ACE7C8AE926->377585f1-7b09-4361-841d-f3e5d0778973-AppendLogResponseHandler: Failed appendEntries: org.apache.ratis.thirdparty.io.grpc.StatusRuntimeException: UNAVAILABLE: io exception
2019-11-14 22:53:51,655 [grpc-default-executor-6] INFO  impl.FollowerInfo (FollowerInfo.java:lambda$new$0(51)) - 1557401b-269c-4760-ad9d-3babb3e549ee@group-8ACE7C8AE926->377585f1-7b09-4361-841d-f3e5d0778973: nextIndex: updateUnconditionally 0 -> 0
2019-11-14 22:53:52,076 [Datanode State Machine Thread - 0] INFO  statemachine.DatanodeStateMachine (DatanodeStateMachine.java:lambda$startDaemon$0(360)) - Ozone container server started.
2019-11-14 22:53:52,111 [Datanode State Machine Thread - 0] INFO  statemachine.DatanodeStateMachine (DatanodeStateMachine.java:lambda$startDaemon$0(360)) - Ozone container server started.
2019-11-14 22:53:52,155 [grpc-default-executor-1] WARN  server.GrpcLogAppender (LogUtils.java:warn(134)) - 1557401b-269c-4760-ad9d-3babb3e549ee@group-8ACE7C8AE926->377585f1-7b09-4361-841d-f3e5d0778973-AppendLogResponseHandler: Failed appendEntries: org.apache.ratis.thirdparty.io.grpc.StatusRuntimeException: UNAVAILABLE: io exception
2019-11-14 22:53:52,155 [grpc-default-executor-1] INFO  impl.FollowerInfo (FollowerInfo.java:lambda$new$0(51)) - 1557401b-269c-4760-ad9d-3babb3e549ee@group-8ACE7C8AE926->377585f1-7b09-4361-841d-f3e5d0778973: nextIndex: updateUnconditionally 0 -> 0
2019-11-14 22:53:52,655 [grpc-default-executor-5] WARN  server.GrpcLogAppender (LogUtils.java:warn(134)) - 1557401b-269c-4760-ad9d-3babb3e549ee@group-8ACE7C8AE926->377585f1-7b09-4361-841d-f3e5d0778973-AppendLogResponseHandler: Failed appendEntries: org.apache.ratis.thirdparty.io.grpc.StatusRuntimeException: UNAVAILABLE: io exception
2019-11-14 22:53:52,656 [grpc-default-executor-5] INFO  impl.FollowerInfo (FollowerInfo.java:lambda$new$0(51)) - 1557401b-269c-4760-ad9d-3babb3e549ee@group-8ACE7C8AE926->377585f1-7b09-4361-841d-f3e5d0778973: nextIndex: updateUnconditionally 0 -> 0
2019-11-14 22:53:53,155 [grpc-default-executor-1] WARN  server.GrpcLogAppender (LogUtils.java:warn(134)) - 1557401b-269c-4760-ad9d-3babb3e549ee@group-8ACE7C8AE926->377585f1-7b09-4361-841d-f3e5d0778973-AppendLogResponseHandler: Failed appendEntries: org.apache.ratis.thirdparty.io.grpc.StatusRuntimeException: UNAVAILABLE: io exception
2019-11-14 22:53:53,156 [grpc-default-executor-1] INFO  impl.FollowerInfo (FollowerInfo.java:lambda$new$0(51)) - 1557401b-269c-4760-ad9d-3babb3e549ee@group-8ACE7C8AE926->377585f1-7b09-4361-841d-f3e5d0778973: nextIndex: updateUnconditionally 0 -> 0
2019-11-14 22:53:53,656 [grpc-default-executor-5] WARN  server.GrpcLogAppender (LogUtils.java:warn(134)) - 1557401b-269c-4760-ad9d-3babb3e549ee@group-8ACE7C8AE926->377585f1-7b09-4361-841d-f3e5d0778973-AppendLogResponseHandler: Failed appendEntries: org.apache.ratis.thirdparty.io.grpc.StatusRuntimeException: UNAVAILABLE: io exception
2019-11-14 22:53:53,657 [grpc-default-executor-5] INFO  impl.FollowerInfo (FollowerInfo.java:lambda$new$0(51)) - 1557401b-269c-4760-ad9d-3babb3e549ee@group-8ACE7C8AE926->377585f1-7b09-4361-841d-f3e5d0778973: nextIndex: updateUnconditionally 0 -> 0
2019-11-14 22:53:54,157 [grpc-default-executor-5] WARN  server.GrpcLogAppender (LogUtils.java:warn(134)) - 1557401b-269c-4760-ad9d-3babb3e549ee@group-8ACE7C8AE926->377585f1-7b09-4361-841d-f3e5d0778973-AppendLogResponseHandler: Failed appendEntries: org.apache.ratis.thirdparty.io.grpc.StatusRuntimeException: UNAVAILABLE: io exception
2019-11-14 22:53:54,157 [grpc-default-executor-5] INFO  impl.FollowerInfo (FollowerInfo.java:lambda$new$0(51)) - 1557401b-269c-4760-ad9d-3babb3e549ee@group-8ACE7C8AE926->377585f1-7b09-4361-841d-f3e5d0778973: nextIndex: updateUnconditionally 0 -> 0
2019-11-14 22:53:54,659 [grpc-default-executor-1] WARN  server.GrpcLogAppender (LogUtils.java:warn(134)) - 1557401b-269c-4760-ad9d-3babb3e549ee@group-8ACE7C8AE926->377585f1-7b09-4361-841d-f3e5d0778973-AppendLogResponseHandler: Failed appendEntries: org.apache.ratis.thirdparty.io.grpc.StatusRuntimeException: UNAVAILABLE: io exception
2019-11-14 22:53:54,660 [grpc-default-executor-1] INFO  impl.FollowerInfo (FollowerInfo.java:lambda$new$0(51)) - 1557401b-269c-4760-ad9d-3babb3e549ee@group-8ACE7C8AE926->377585f1-7b09-4361-841d-f3e5d0778973: nextIndex: updateUnconditionally 0 -> 0
2019-11-14 22:53:55,159 [grpc-default-executor-6] WARN  server.GrpcLogAppender (LogUtils.java:warn(134)) - 1557401b-269c-4760-ad9d-3babb3e549ee@group-8ACE7C8AE926->377585f1-7b09-4361-841d-f3e5d0778973-AppendLogResponseHandler: Failed appendEntries: org.apache.ratis.thirdparty.io.grpc.StatusRuntimeException: UNAVAILABLE: io exception
2019-11-14 22:53:55,159 [grpc-default-executor-6] INFO  impl.FollowerInfo (FollowerInfo.java:lambda$new$0(51)) - 1557401b-269c-4760-ad9d-3babb3e549ee@group-8ACE7C8AE926->377585f1-7b09-4361-841d-f3e5d0778973: nextIndex: updateUnconditionally 0 -> 0
2019-11-14 22:53:55,659 [grpc-default-executor-1] WARN  server.GrpcLogAppender (LogUtils.java:warn(134)) - 1557401b-269c-4760-ad9d-3babb3e549ee@group-8ACE7C8AE926->377585f1-7b09-4361-841d-f3e5d0778973-AppendLogResponseHandler: Failed appendEntries: org.apache.ratis.thirdparty.io.grpc.StatusRuntimeException: UNAVAILABLE: io exception
2019-11-14 22:53:55,660 [grpc-default-executor-1] INFO  impl.FollowerInfo (FollowerInfo.java:lambda$new$0(51)) - 1557401b-269c-4760-ad9d-3babb3e549ee@group-8ACE7C8AE926->377585f1-7b09-4361-841d-f3e5d0778973: nextIndex: updateUnconditionally 0 -> 0
2019-11-14 22:53:55,685 [Thread-4728] INFO  client.GrpcClientProtocolService (GrpcClientProtocolService.java:lambda$processClientRequest$0(279)) - Failed RaftClientRequest:client-173713865E58->1557401b-269c-4760-ad9d-3babb3e549ee@group-8ACE7C8AE926, cid=267, seq=0, Watch-ALL_COMMITTED(2), Message:<EMPTY>, reply=RaftClientReply:client-173713865E58->1557401b-269c-4760-ad9d-3babb3e549ee@group-8ACE7C8AE926, cid=267, FAILED org.apache.ratis.protocol.NotReplicatedException: Request with call Id 267 and log index 2 is not yet replicated to ALL_COMMITTED, logIndex=2, commits[1557401b-269c-4760-ad9d-3babb3e549ee:c7, 9969a5d9-fcab-46ad-a887-333766046ab2:c7, 377585f1-7b09-4361-841d-f3e5d0778973:c0]
2019-11-14 22:53:56,162 [grpc-default-executor-1] WARN  server.GrpcLogAppender (LogUtils.java:warn(134)) - 1557401b-269c-4760-ad9d-3babb3e549ee@group-8ACE7C8AE926->377585f1-7b09-4361-841d-f3e5d0778973-AppendLogResponseHandler: Failed appendEntries: org.apache.ratis.thirdparty.io.grpc.StatusRuntimeException: UNAVAILABLE: io exception
2019-11-14 22:53:56,163 [grpc-default-executor-1] INFO  impl.FollowerInfo (FollowerInfo.java:lambda$new$0(51)) - 1557401b-269c-4760-ad9d-3babb3e549ee@group-8ACE7C8AE926->377585f1-7b09-4361-841d-f3e5d0778973: nextIndex: updateUnconditionally 0 -> 0
2019-11-14 22:53:56,325 [ForkJoinPool.commonPool-worker-1] INFO  ozoneimpl.OzoneContainer (OzoneContainer.java:stop(244)) - Attempting to stop container services.
2019-11-14 22:53:56,325 [main] INFO  ozoneimpl.OzoneContainer (OzoneContainer.java:stop(244)) - Attempting to stop container services.
2019-11-14 22:53:56,331 [ForkJoinPool.commonPool-worker-1] INFO  impl.RaftServerProxy (RaftServerProxy.java:lambda$close$4(314)) - 9969a5d9-fcab-46ad-a887-333766046ab2: close
2019-11-14 22:53:56,331 [main] INFO  impl.RaftServerProxy (RaftServerProxy.java:lambda$close$4(314)) - 8c93cdd4-5606-4221-9500-0bbe6d2ac50a: close
2019-11-14 22:53:56,331 [ForkJoinPool.commonPool-worker-1] INFO  impl.RaftServerImpl (RaftServerImpl.java:lambda$shutdown$3(250)) - 9969a5d9-fcab-46ad-a887-333766046ab2@group-E12C89C92680: shutdown
2019-11-14 22:53:56,331 [main] INFO  impl.RaftServerImpl (RaftServerImpl.java:lambda$shutdown$3(250)) - 8c93cdd4-5606-4221-9500-0bbe6d2ac50a@group-BC97297BA0D4: shutdown
2019-11-14 22:53:56,331 [ForkJoinPool.commonPool-worker-1] INFO  util.JmxRegister (JmxRegister.java:unregister(73)) - Successfully un-registered JMX Bean with object name Ratis:service=RaftServer,group=group-E12C89C92680,id=9969a5d9-fcab-46ad-a887-333766046ab2
2019-11-14 22:53:56,332 [main] INFO  util.JmxRegister (JmxRegister.java:unregister(73)) - Successfully un-registered JMX Bean with object name Ratis:service=RaftServer,group=group-BC97297BA0D4,id=8c93cdd4-5606-4221-9500-0bbe6d2ac50a
2019-11-14 22:53:56,332 [ForkJoinPool.commonPool-worker-1] INFO  impl.RoleInfo (RoleInfo.java:shutdownLeaderState(104)) - 9969a5d9-fcab-46ad-a887-333766046ab2: shutdown LeaderState
2019-11-14 22:53:56,332 [main] INFO  impl.RoleInfo (RoleInfo.java:shutdownFollowerState(121)) - 8c93cdd4-5606-4221-9500-0bbe6d2ac50a: shutdown FollowerState
2019-11-14 22:53:56,332 [ForkJoinPool.commonPool-worker-1] INFO  impl.PendingRequests (PendingRequests.java:sendNotLeaderResponses(206)) - 9969a5d9-fcab-46ad-a887-333766046ab2@group-E12C89C92680-PendingRequests: sendNotLeaderResponses
2019-11-14 22:53:56,332 [Thread-4505] INFO  impl.FollowerState (FollowerState.java:run(120)) - 8c93cdd4-5606-4221-9500-0bbe6d2ac50a@group-BC97297BA0D4-FollowerState was interrupted: java.lang.InterruptedException: sleep interrupted
2019-11-14 22:53:56,332 [main] INFO  impl.StateMachineUpdater (StateMachineUpdater.java:stopAndJoin(136)) - 8c93cdd4-5606-4221-9500-0bbe6d2ac50a@group-BC97297BA0D4-StateMachineUpdater: set stopIndex = 0
2019-11-14 22:53:56,333 [ForkJoinPool.commonPool-worker-1] INFO  impl.StateMachineUpdater (StateMachineUpdater.java:stopAndJoin(136)) - 9969a5d9-fcab-46ad-a887-333766046ab2@group-E12C89C92680-StateMachineUpdater: set stopIndex = 0
2019-11-14 22:53:56,333 [main] INFO  impl.RaftServerImpl (ServerState.java:close(387)) - 8c93cdd4-5606-4221-9500-0bbe6d2ac50a@group-BC97297BA0D4: closes. applyIndex: 0
2019-11-14 22:53:56,333 [ForkJoinPool.commonPool-worker-1] INFO  impl.RaftServerImpl (ServerState.java:close(387)) - 9969a5d9-fcab-46ad-a887-333766046ab2@group-E12C89C92680: closes. applyIndex: 0
2019-11-14 22:53:56,334 [8c93cdd4-5606-4221-9500-0bbe6d2ac50a@group-BC97297BA0D4-SegmentedRaftLogWorker] INFO  segmented.SegmentedRaftLogWorker (SegmentedRaftLogWorker.java:run(316)) - 8c93cdd4-5606-4221-9500-0bbe6d2ac50a@group-BC97297BA0D4-SegmentedRaftLogWorker was interrupted, exiting. There are 0 tasks remaining in the queue.
2019-11-14 22:53:56,334 [9969a5d9-fcab-46ad-a887-333766046ab2@group-E12C89C92680-SegmentedRaftLogWorker] INFO  segmented.SegmentedRaftLogWorker (SegmentedRaftLogWorker.java:run(316)) - 9969a5d9-fcab-46ad-a887-333766046ab2@group-E12C89C92680-SegmentedRaftLogWorker was interrupted, exiting. There are 0 tasks remaining in the queue.
2019-11-14 22:53:56,334 [main] INFO  segmented.SegmentedRaftLogWorker (SegmentedRaftLogWorker.java:close(224)) - 8c93cdd4-5606-4221-9500-0bbe6d2ac50a@group-BC97297BA0D4-SegmentedRaftLogWorker close()
2019-11-14 22:53:56,334 [ForkJoinPool.commonPool-worker-1] INFO  segmented.SegmentedRaftLogWorker (SegmentedRaftLogWorker.java:close(224)) - 9969a5d9-fcab-46ad-a887-333766046ab2@group-E12C89C92680-SegmentedRaftLogWorker close()
2019-11-14 22:53:56,334 [main] INFO  impl.RaftServerImpl (RaftServerImpl.java:lambda$shutdown$3(250)) - 8c93cdd4-5606-4221-9500-0bbe6d2ac50a@group-A8789E45C384: shutdown
2019-11-14 22:53:56,341 [ForkJoinPool.commonPool-worker-1] INFO  impl.RaftServerImpl (RaftServerImpl.java:lambda$shutdown$3(250)) - 9969a5d9-fcab-46ad-a887-333766046ab2@group-8ACE7C8AE926: shutdown
2019-11-14 22:53:56,341 [main] INFO  util.JmxRegister (JmxRegister.java:unregister(73)) - Successfully un-registered JMX Bean with object name Ratis:service=RaftServer,group=group-A8789E45C384,id=8c93cdd4-5606-4221-9500-0bbe6d2ac50a
2019-11-14 22:53:56,341 [ForkJoinPool.commonPool-worker-1] INFO  util.JmxRegister (JmxRegister.java:unregister(73)) - Successfully un-registered JMX Bean with object name Ratis:service=RaftServer,group=group-8ACE7C8AE926,id=9969a5d9-fcab-46ad-a887-333766046ab2
2019-11-14 22:53:56,341 [main] INFO  impl.RoleInfo (RoleInfo.java:shutdownLeaderState(104)) - 8c93cdd4-5606-4221-9500-0bbe6d2ac50a: shutdown LeaderState
2019-11-14 22:53:56,341 [ForkJoinPool.commonPool-worker-1] INFO  impl.RoleInfo (RoleInfo.java:shutdownFollowerState(121)) - 9969a5d9-fcab-46ad-a887-333766046ab2: shutdown FollowerState
2019-11-14 22:53:56,342 [main] INFO  impl.PendingRequests (PendingRequests.java:sendNotLeaderResponses(206)) - 8c93cdd4-5606-4221-9500-0bbe6d2ac50a@group-A8789E45C384-PendingRequests: sendNotLeaderResponses
2019-11-14 22:53:56,342 [Thread-4517] INFO  impl.FollowerState (FollowerState.java:run(120)) - 9969a5d9-fcab-46ad-a887-333766046ab2@group-8ACE7C8AE926-FollowerState was interrupted: java.lang.InterruptedException: sleep interrupted
2019-11-14 22:53:56,342 [ForkJoinPool.commonPool-worker-1] INFO  impl.StateMachineUpdater (StateMachineUpdater.java:stopAndJoin(136)) - 9969a5d9-fcab-46ad-a887-333766046ab2@group-8ACE7C8AE926-StateMachineUpdater: set stopIndex = 7
2019-11-14 22:53:56,342 [main] INFO  impl.StateMachineUpdater (StateMachineUpdater.java:stopAndJoin(136)) - 8c93cdd4-5606-4221-9500-0bbe6d2ac50a@group-A8789E45C384-StateMachineUpdater: set stopIndex = 0
2019-11-14 22:53:56,343 [main] INFO  impl.RaftServerImpl (ServerState.java:close(387)) - 8c93cdd4-5606-4221-9500-0bbe6d2ac50a@group-A8789E45C384: closes. applyIndex: 0
2019-11-14 22:53:56,342 [9969a5d9-fcab-46ad-a887-333766046ab2@group-8ACE7C8AE926-StateMachineUpdater] INFO  ratis.ContainerStateMachine (ContainerStateMachine.java:takeSnapshot(285)) - group-8ACE7C8AE926: Taking a snapshot at:(t:1, i:4) file /workdir/hadoop-ozone/integration-test/target/test-dir/MiniOzoneClusterImpl-c304fa79-6e7f-43ac-8564-360665bd8c65/datanode-2/data/ratis/2297f64d-c6f4-4fb8-a350-8ace7c8ae926/sm/snapshot.1_4
2019-11-14 22:53:56,343 [8c93cdd4-5606-4221-9500-0bbe6d2ac50a@group-A8789E45C384-SegmentedRaftLogWorker] INFO  segmented.SegmentedRaftLogWorker (SegmentedRaftLogWorker.java:run(316)) - 8c93cdd4-5606-4221-9500-0bbe6d2ac50a@group-A8789E45C384-SegmentedRaftLogWorker was interrupted, exiting. There are 0 tasks remaining in the queue.
2019-11-14 22:53:56,343 [main] INFO  segmented.SegmentedRaftLogWorker (SegmentedRaftLogWorker.java:close(224)) - 8c93cdd4-5606-4221-9500-0bbe6d2ac50a@group-A8789E45C384-SegmentedRaftLogWorker close()
2019-11-14 22:53:56,344 [main] INFO  server.GrpcService (GrpcService.java:closeImpl(164)) - 8c93cdd4-5606-4221-9500-0bbe6d2ac50a: shutdown server with port 37665 now
2019-11-14 22:53:56,345 [grpc-default-executor-1] WARN  server.GrpcServerProtocolService (LogUtils.java:warn(134)) - 8c93cdd4-5606-4221-9500-0bbe6d2ac50a: installSnapshot onError, lastRequest: 0261bc30-8b8d-4db7-80aa-965ad1e19f13->8c93cdd4-5606-4221-9500-0bbe6d2ac50a#35-t1, previous=(t:1, i:0), leaderCommit=0, initializing? false, entries: <empty>: org.apache.ratis.thirdparty.io.grpc.StatusRuntimeException: CANCELLED: cancelled before receiving half close
2019-11-14 22:53:56,345 [main] INFO  server.GrpcService (GrpcService.java:closeImpl(172)) - 8c93cdd4-5606-4221-9500-0bbe6d2ac50a: shutdown server with port 37665 successfully
2019-11-14 22:53:56,345 [grpc-default-executor-6] WARN  server.GrpcLogAppender (LogUtils.java:warn(134)) - 0261bc30-8b8d-4db7-80aa-965ad1e19f13@group-BC97297BA0D4->8c93cdd4-5606-4221-9500-0bbe6d2ac50a-AppendLogResponseHandler: Failed appendEntries: org.apache.ratis.thirdparty.io.grpc.StatusRuntimeException: CANCELLED: HTTP/2 error code: CANCEL
Received Rst Stream
2019-11-14 22:53:56,346 [grpc-default-executor-6] INFO  impl.FollowerInfo (FollowerInfo.java:lambda$new$0(51)) - 0261bc30-8b8d-4db7-80aa-965ad1e19f13@group-BC97297BA0D4->8c93cdd4-5606-4221-9500-0bbe6d2ac50a: nextIndex: updateUnconditionally 1 -> 0
2019-11-14 22:53:56,347 [refreshUsed-/workdir/hadoop-ozone/integration-test/target/test-dir/MiniOzoneClusterImpl-c304fa79-6e7f-43ac-8564-360665bd8c65/datanode-5/data/containers] WARN  fs.CachingGetSpaceUsed (CachingGetSpaceUsed.java:run(183)) - Thread Interrupted waiting to refresh disk information: sleep interrupted
2019-11-14 22:53:56,349 [9969a5d9-fcab-46ad-a887-333766046ab2@group-8ACE7C8AE926-StateMachineUpdater] INFO  ratis.ContainerStateMachine (ContainerStateMachine.java:takeSnapshot(296)) - group-8ACE7C8AE926: Finished taking a snapshot at:(t:1, i:4) file:/workdir/hadoop-ozone/integration-test/target/test-dir/MiniOzoneClusterImpl-c304fa79-6e7f-43ac-8564-360665bd8c65/datanode-2/data/ratis/2297f64d-c6f4-4fb8-a350-8ace7c8ae926/sm/snapshot.1_4 time:7
2019-11-14 22:53:56,350 [9969a5d9-fcab-46ad-a887-333766046ab2@group-8ACE7C8AE926-StateMachineUpdater] INFO  impl.StateMachineUpdater (StateMachineUpdater.java:takeSnapshot(269)) - 9969a5d9-fcab-46ad-a887-333766046ab2@group-8ACE7C8AE926-StateMachineUpdater: Took a snapshot at index 4
2019-11-14 22:53:56,350 [9969a5d9-fcab-46ad-a887-333766046ab2@group-8ACE7C8AE926-StateMachineUpdater] INFO  impl.StateMachineUpdater (StateMachineUpdater.java:lambda$new$0(84)) - 9969a5d9-fcab-46ad-a887-333766046ab2@group-8ACE7C8AE926-StateMachineUpdater: snapshotIndex: updateIncreasingly -1 -> 4
2019-11-14 22:53:56,352 [9969a5d9-fcab-46ad-a887-333766046ab2@group-8ACE7C8AE926-StateMachineUpdater] INFO  ratis.ContainerStateMachine (ContainerStateMachine.java:takeSnapshot(285)) - group-8ACE7C8AE926: Taking a snapshot at:(t:1, i:4) file /workdir/hadoop-ozone/integration-test/target/test-dir/MiniOzoneClusterImpl-c304fa79-6e7f-43ac-8564-360665bd8c65/datanode-2/data/ratis/2297f64d-c6f4-4fb8-a350-8ace7c8ae926/sm/snapshot.1_4
2019-11-14 22:53:56,365 [9969a5d9-fcab-46ad-a887-333766046ab2@group-8ACE7C8AE926-StateMachineUpdater] INFO  ratis.ContainerStateMachine (ContainerStateMachine.java:takeSnapshot(296)) - group-8ACE7C8AE926: Finished taking a snapshot at:(t:1, i:4) file:/workdir/hadoop-ozone/integration-test/target/test-dir/MiniOzoneClusterImpl-c304fa79-6e7f-43ac-8564-360665bd8c65/datanode-2/data/ratis/2297f64d-c6f4-4fb8-a350-8ace7c8ae926/sm/snapshot.1_4 time:13
2019-11-14 22:53:56,365 [9969a5d9-fcab-46ad-a887-333766046ab2@group-8ACE7C8AE926-StateMachineUpdater] INFO  impl.StateMachineUpdater (StateMachineUpdater.java:takeSnapshot(269)) - 9969a5d9-fcab-46ad-a887-333766046ab2@group-8ACE7C8AE926-StateMachineUpdater: Took a snapshot at index 4
2019-11-14 22:53:56,365 [9969a5d9-fcab-46ad-a887-333766046ab2@group-8ACE7C8AE926-StateMachineUpdater] INFO  impl.StateMachineUpdater (StateMachineUpdater.java:lambda$new$0(84)) - 9969a5d9-fcab-46ad-a887-333766046ab2@group-8ACE7C8AE926-StateMachineUpdater: snapshotIndex: updateIncreasingly 4 -> 4
2019-11-14 22:53:56,366 [ForkJoinPool.commonPool-worker-1] INFO  impl.RaftServerImpl (ServerState.java:close(387)) - 9969a5d9-fcab-46ad-a887-333766046ab2@group-8ACE7C8AE926: closes. applyIndex: 7
2019-11-14 22:53:56,366 [9969a5d9-fcab-46ad-a887-333766046ab2@group-8ACE7C8AE926-SegmentedRaftLogWorker] INFO  segmented.SegmentedRaftLogWorker (SegmentedRaftLogWorker.java:run(316)) - 9969a5d9-fcab-46ad-a887-333766046ab2@group-8ACE7C8AE926-SegmentedRaftLogWorker was interrupted, exiting. There are 0 tasks remaining in the queue.
2019-11-14 22:53:56,366 [ForkJoinPool.commonPool-worker-1] INFO  segmented.SegmentedRaftLogWorker (SegmentedRaftLogWorker.java:close(224)) - 9969a5d9-fcab-46ad-a887-333766046ab2@group-8ACE7C8AE926-SegmentedRaftLogWorker close()
2019-11-14 22:53:56,366 [ForkJoinPool.commonPool-worker-1] INFO  server.GrpcService (GrpcService.java:closeImpl(164)) - 9969a5d9-fcab-46ad-a887-333766046ab2: shutdown server with port 41238 now
2019-11-14 22:53:56,367 [grpc-default-executor-6] WARN  server.GrpcServerProtocolService (LogUtils.java:warn(134)) - 9969a5d9-fcab-46ad-a887-333766046ab2: installSnapshot onError, lastRequest: 1557401b-269c-4760-ad9d-3babb3e549ee->9969a5d9-fcab-46ad-a887-333766046ab2#40-t1, previous=(t:1, i:7), leaderCommit=7, initializing? false, entries: <empty>: org.apache.ratis.thirdparty.io.grpc.StatusRuntimeException: CANCELLED: cancelled before receiving half close
2019-11-14 22:53:56,367 [ForkJoinPool.commonPool-worker-1] INFO  server.GrpcService (GrpcService.java:closeImpl(172)) - 9969a5d9-fcab-46ad-a887-333766046ab2: shutdown server with port 41238 successfully
2019-11-14 22:53:56,367 [grpc-default-executor-5] WARN  server.GrpcLogAppender (LogUtils.java:warn(134)) - 1557401b-269c-4760-ad9d-3babb3e549ee@group-8ACE7C8AE926->9969a5d9-fcab-46ad-a887-333766046ab2-AppendLogResponseHandler: Failed appendEntries: org.apache.ratis.thirdparty.io.grpc.StatusRuntimeException: CANCELLED: HTTP/2 error code: CANCEL
Received Rst Stream
2019-11-14 22:53:56,368 [grpc-default-executor-5] INFO  impl.FollowerInfo (FollowerInfo.java:lambda$new$0(51)) - 1557401b-269c-4760-ad9d-3babb3e549ee@group-8ACE7C8AE926->9969a5d9-fcab-46ad-a887-333766046ab2: nextIndex: updateUnconditionally 8 -> 7
2019-11-14 22:53:56,373 [refreshUsed-/workdir/hadoop-ozone/integration-test/target/test-dir/MiniOzoneClusterImpl-c304fa79-6e7f-43ac-8564-360665bd8c65/datanode-2/data/containers] WARN  fs.CachingGetSpaceUsed (CachingGetSpaceUsed.java:run(183)) - Thread Interrupted waiting to refresh disk information: sleep interrupted
2019-11-14 22:53:56,378 [main] INFO  utils.BackgroundService (BackgroundService.java:shutdown(151)) - Shutting down service BlockDeletingService
2019-11-14 22:53:56,394 [main] INFO  statemachine.DatanodeStateMachine (DatanodeStateMachine.java:stopDaemon(405)) - Ozone container server stopped.
2019-11-14 22:53:56,397 [main] INFO  handler.ContextHandler (ContextHandler.java:doStop(910)) - Stopped o.e.j.w.WebAppContext@682618e5{/,null,UNAVAILABLE}{/hddsDatanode}
2019-11-14 22:53:56,398 [main] INFO  server.AbstractConnector (AbstractConnector.java:doStop(318)) - Stopped ServerConnector@25ad25f5{HTTP/1.1,[http/1.1]}{0.0.0.0:0}
2019-11-14 22:53:56,398 [main] INFO  handler.ContextHandler (ContextHandler.java:doStop(910)) - Stopped o.e.j.s.ServletContextHandler@7767bd4e{/static,jar:file:/home/user/.m2/repository/org/apache/hadoop/hadoop-hdds-container-service/0.5.0-SNAPSHOT/hadoop-hdds-container-service-0.5.0-SNAPSHOT.jar!/webapps/static,UNAVAILABLE}
2019-11-14 22:53:56,399 [main] INFO  handler.ContextHandler (ContextHandler.java:doStop(910)) - Stopped o.e.j.s.ServletContextHandler@1304e0d7{/logs,file:///workdir/hadoop-ozone/integration-test/target/log,UNAVAILABLE}
2019-11-14 22:53:56,399 [ForkJoinPool.commonPool-worker-1] INFO  utils.BackgroundService (BackgroundService.java:shutdown(151)) - Shutting down service BlockDeletingService
2019-11-14 22:53:56,402 [ForkJoinPool.commonPool-worker-1] INFO  statemachine.DatanodeStateMachine (DatanodeStateMachine.java:stopDaemon(405)) - Ozone container server stopped.
2019-11-14 22:53:56,405 [ForkJoinPool.commonPool-worker-1] INFO  handler.ContextHandler (ContextHandler.java:doStop(910)) - Stopped o.e.j.w.WebAppContext@1693ff90{/,null,UNAVAILABLE}{/hddsDatanode}
2019-11-14 22:53:56,406 [ForkJoinPool.commonPool-worker-1] INFO  server.AbstractConnector (AbstractConnector.java:doStop(318)) - Stopped ServerConnector@47058864{HTTP/1.1,[http/1.1]}{0.0.0.0:0}
2019-11-14 22:53:56,407 [ForkJoinPool.commonPool-worker-1] INFO  handler.ContextHandler (ContextHandler.java:doStop(910)) - Stopped o.e.j.s.ServletContextHandler@307cf964{/static,jar:file:/home/user/.m2/repository/org/apache/hadoop/hadoop-hdds-container-service/0.5.0-SNAPSHOT/hadoop-hdds-container-service-0.5.0-SNAPSHOT.jar!/webapps/static,UNAVAILABLE}
2019-11-14 22:53:56,408 [ForkJoinPool.commonPool-worker-1] INFO  handler.ContextHandler (ContextHandler.java:doStop(910)) - Stopped o.e.j.s.ServletContextHandler@77324a58{/logs,file:///workdir/hadoop-ozone/integration-test/target/log,UNAVAILABLE}
2019-11-14 22:53:56,616 [Datanode State Machine Thread - 0] INFO  statemachine.DatanodeStateMachine (DatanodeStateMachine.java:lambda$startDaemon$0(360)) - Ozone container server started.
2019-11-14 22:53:56,660 [grpc-default-executor-1] WARN  server.GrpcLogAppender (LogUtils.java:warn(134)) - 1557401b-269c-4760-ad9d-3babb3e549ee@group-8ACE7C8AE926->377585f1-7b09-4361-841d-f3e5d0778973-AppendLogResponseHandler: Failed appendEntries: org.apache.ratis.thirdparty.io.grpc.StatusRuntimeException: UNAVAILABLE: io exception
2019-11-14 22:53:56,661 [grpc-default-executor-1] INFO  impl.FollowerInfo (FollowerInfo.java:lambda$new$0(51)) - 1557401b-269c-4760-ad9d-3babb3e549ee@group-8ACE7C8AE926->377585f1-7b09-4361-841d-f3e5d0778973: nextIndex: updateUnconditionally 0 -> 0
2019-11-14 22:53:56,669 [grpc-default-executor-5] WARN  server.GrpcLogAppender (LogUtils.java:warn(134)) - 0261bc30-8b8d-4db7-80aa-965ad1e19f13@group-BC97297BA0D4->8c93cdd4-5606-4221-9500-0bbe6d2ac50a-AppendLogResponseHandler: Failed appendEntries: org.apache.ratis.thirdparty.io.grpc.StatusRuntimeException: UNAVAILABLE: io exception
2019-11-14 22:53:56,670 [grpc-default-executor-5] INFO  impl.FollowerInfo (FollowerInfo.java:lambda$new$0(51)) - 0261bc30-8b8d-4db7-80aa-965ad1e19f13@group-BC97297BA0D4->8c93cdd4-5606-4221-9500-0bbe6d2ac50a: nextIndex: updateUnconditionally 0 -> 0
2019-11-14 22:53:56,671 [grpc-default-executor-1] WARN  server.GrpcLogAppender (LogUtils.java:warn(134)) - 1557401b-269c-4760-ad9d-3babb3e549ee@group-8ACE7C8AE926->9969a5d9-fcab-46ad-a887-333766046ab2-AppendLogResponseHandler: Failed appendEntries: org.apache.ratis.thirdparty.io.grpc.StatusRuntimeException: UNAVAILABLE: io exception
2019-11-14 22:53:56,672 [grpc-default-executor-1] INFO  impl.FollowerInfo (FollowerInfo.java:lambda$new$0(51)) - 1557401b-269c-4760-ad9d-3babb3e549ee@group-8ACE7C8AE926->9969a5d9-fcab-46ad-a887-333766046ab2: nextIndex: updateUnconditionally 7 -> 6
2019-11-14 22:53:56,958 [Datanode State Machine Thread - 0] INFO  statemachine.DatanodeStateMachine (DatanodeStateMachine.java:lambda$startDaemon$0(360)) - Ozone container server started.
2019-11-14 22:53:57,161 [grpc-default-executor-5] WARN  server.GrpcLogAppender (LogUtils.java:warn(134)) - 1557401b-269c-4760-ad9d-3babb3e549ee@group-8ACE7C8AE926->377585f1-7b09-4361-841d-f3e5d0778973-AppendLogResponseHandler: Failed appendEntries: org.apache.ratis.thirdparty.io.grpc.StatusRuntimeException: UNAVAILABLE: io exception
2019-11-14 22:53:57,161 [grpc-default-executor-5] INFO  impl.FollowerInfo (FollowerInfo.java:lambda$new$0(51)) - 1557401b-269c-4760-ad9d-3babb3e549ee@group-8ACE7C8AE926->377585f1-7b09-4361-841d-f3e5d0778973: nextIndex: updateUnconditionally 0 -> 0
2019-11-14 22:53:57,170 [grpc-default-executor-1] WARN  server.GrpcLogAppender (LogUtils.java:warn(134)) - 0261bc30-8b8d-4db7-80aa-965ad1e19f13@group-BC97297BA0D4->8c93cdd4-5606-4221-9500-0bbe6d2ac50a-AppendLogResponseHandler: Failed appendEntries: org.apache.ratis.thirdparty.io.grpc.StatusRuntimeException: UNAVAILABLE: io exception
2019-11-14 22:53:57,170 [grpc-default-executor-1] INFO  impl.FollowerInfo (FollowerInfo.java:lambda$new$0(51)) - 0261bc30-8b8d-4db7-80aa-965ad1e19f13@group-BC97297BA0D4->8c93cdd4-5606-4221-9500-0bbe6d2ac50a: nextIndex: updateUnconditionally 0 -> 0
2019-11-14 22:53:57,172 [grpc-default-executor-6] WARN  server.GrpcLogAppender (LogUtils.java:warn(134)) - 1557401b-269c-4760-ad9d-3babb3e549ee@group-8ACE7C8AE926->9969a5d9-fcab-46ad-a887-333766046ab2-AppendLogResponseHandler: Failed appendEntries: org.apache.ratis.thirdparty.io.grpc.StatusRuntimeException: UNAVAILABLE: io exception
2019-11-14 22:53:57,172 [grpc-default-executor-6] INFO  impl.FollowerInfo (FollowerInfo.java:lambda$new$0(51)) - 1557401b-269c-4760-ad9d-3babb3e549ee@group-8ACE7C8AE926->9969a5d9-fcab-46ad-a887-333766046ab2: nextIndex: updateUnconditionally 6 -> 5
2019-11-14 22:53:57,661 [grpc-default-executor-5] WARN  server.GrpcLogAppender (LogUtils.java:warn(134)) - 1557401b-269c-4760-ad9d-3babb3e549ee@group-8ACE7C8AE926->377585f1-7b09-4361-841d-f3e5d0778973-AppendLogResponseHandler: Failed appendEntries: org.apache.ratis.thirdparty.io.grpc.StatusRuntimeException: UNAVAILABLE: io exception
2019-11-14 22:53:57,662 [grpc-default-executor-5] INFO  impl.FollowerInfo (FollowerInfo.java:lambda$new$0(51)) - 1557401b-269c-4760-ad9d-3babb3e549ee@group-8ACE7C8AE926->377585f1-7b09-4361-841d-f3e5d0778973: nextIndex: updateUnconditionally 0 -> 0
2019-11-14 22:53:57,670 [grpc-default-executor-5] WARN  server.GrpcLogAppender (LogUtils.java:warn(134)) - 0261bc30-8b8d-4db7-80aa-965ad1e19f13@group-BC97297BA0D4->8c93cdd4-5606-4221-9500-0bbe6d2ac50a-AppendLogResponseHandler: Failed appendEntries: org.apache.ratis.thirdparty.io.grpc.StatusRuntimeException: UNAVAILABLE: io exception
2019-11-14 22:53:57,670 [grpc-default-executor-5] INFO  impl.FollowerInfo (FollowerInfo.java:lambda$new$0(51)) - 0261bc30-8b8d-4db7-80aa-965ad1e19f13@group-BC97297BA0D4->8c93cdd4-5606-4221-9500-0bbe6d2ac50a: nextIndex: updateUnconditionally 0 -> 0
2019-11-14 22:53:57,672 [grpc-default-executor-5] WARN  server.GrpcLogAppender (LogUtils.java:warn(134)) - 1557401b-269c-4760-ad9d-3babb3e549ee@group-8ACE7C8AE926->9969a5d9-fcab-46ad-a887-333766046ab2-AppendLogResponseHandler: Failed appendEntries: org.apache.ratis.thirdparty.io.grpc.StatusRuntimeException: UNAVAILABLE: io exception
2019-11-14 22:53:57,672 [grpc-default-executor-5] INFO  impl.FollowerInfo (FollowerInfo.java:lambda$new$0(51)) - 1557401b-269c-4760-ad9d-3babb3e549ee@group-8ACE7C8AE926->9969a5d9-fcab-46ad-a887-333766046ab2: nextIndex: updateUnconditionally 5 -> 4
2019-11-14 22:53:58,162 [grpc-default-executor-1] WARN  server.GrpcLogAppender (LogUtils.java:warn(134)) - 1557401b-269c-4760-ad9d-3babb3e549ee@group-8ACE7C8AE926->377585f1-7b09-4361-841d-f3e5d0778973-AppendLogResponseHandler: Failed appendEntries: org.apache.ratis.thirdparty.io.grpc.StatusRuntimeException: UNAVAILABLE: io exception
2019-11-14 22:53:58,162 [grpc-default-executor-1] INFO  impl.FollowerInfo (FollowerInfo.java:lambda$new$0(51)) - 1557401b-269c-4760-ad9d-3babb3e549ee@group-8ACE7C8AE926->377585f1-7b09-4361-841d-f3e5d0778973: nextIndex: updateUnconditionally 0 -> 0
2019-11-14 22:53:58,171 [grpc-default-executor-5] WARN  server.GrpcLogAppender (LogUtils.java:warn(134)) - 0261bc30-8b8d-4db7-80aa-965ad1e19f13@group-BC97297BA0D4->8c93cdd4-5606-4221-9500-0bbe6d2ac50a-AppendLogResponseHandler: Failed appendEntries: org.apache.ratis.thirdparty.io.grpc.StatusRuntimeException: UNAVAILABLE: io exception
2019-11-14 22:53:58,171 [grpc-default-executor-5] INFO  impl.FollowerInfo (FollowerInfo.java:lambda$new$0(51)) - 0261bc30-8b8d-4db7-80aa-965ad1e19f13@group-BC97297BA0D4->8c93cdd4-5606-4221-9500-0bbe6d2ac50a: nextIndex: updateUnconditionally 0 -> 0
2019-11-14 22:53:58,173 [grpc-default-executor-6] WARN  server.GrpcLogAppender (LogUtils.java:warn(134)) - 1557401b-269c-4760-ad9d-3babb3e549ee@group-8ACE7C8AE926->9969a5d9-fcab-46ad-a887-333766046ab2-AppendLogResponseHandler: Failed appendEntries: org.apache.ratis.thirdparty.io.grpc.StatusRuntimeException: UNAVAILABLE: io exception
2019-11-14 22:53:58,173 [grpc-default-executor-6] INFO  impl.FollowerInfo (FollowerInfo.java:lambda$new$0(51)) - 1557401b-269c-4760-ad9d-3babb3e549ee@group-8ACE7C8AE926->9969a5d9-fcab-46ad-a887-333766046ab2: nextIndex: updateUnconditionally 4 -> 3
2019-11-14 22:53:58,662 [grpc-default-executor-1] WARN  server.GrpcLogAppender (LogUtils.java:warn(134)) - 1557401b-269c-4760-ad9d-3babb3e549ee@group-8ACE7C8AE926->377585f1-7b09-4361-841d-f3e5d0778973-AppendLogResponseHandler: Failed appendEntries: org.apache.ratis.thirdparty.io.grpc.StatusRuntimeException: UNAVAILABLE: io exception
2019-11-14 22:53:58,663 [grpc-default-executor-1] INFO  impl.FollowerInfo (FollowerInfo.java:lambda$new$0(51)) - 1557401b-269c-4760-ad9d-3babb3e549ee@group-8ACE7C8AE926->377585f1-7b09-4361-841d-f3e5d0778973: nextIndex: updateUnconditionally 0 -> 0
2019-11-14 22:53:58,671 [grpc-default-executor-1] WARN  server.GrpcLogAppender (LogUtils.java:warn(134)) - 0261bc30-8b8d-4db7-80aa-965ad1e19f13@group-BC97297BA0D4->8c93cdd4-5606-4221-9500-0bbe6d2ac50a-AppendLogResponseHandler: Failed appendEntries: org.apache.ratis.thirdparty.io.grpc.StatusRuntimeException: UNAVAILABLE: io exception
2019-11-14 22:53:58,671 [grpc-default-executor-1] INFO  impl.FollowerInfo (FollowerInfo.java:lambda$new$0(51)) - 0261bc30-8b8d-4db7-80aa-965ad1e19f13@group-BC97297BA0D4->8c93cdd4-5606-4221-9500-0bbe6d2ac50a: nextIndex: updateUnconditionally 0 -> 0
2019-11-14 22:53:58,673 [grpc-default-executor-5] WARN  server.GrpcLogAppender (LogUtils.java:warn(134)) - 1557401b-269c-4760-ad9d-3babb3e549ee@group-8ACE7C8AE926->9969a5d9-fcab-46ad-a887-333766046ab2-AppendLogResponseHandler: Failed appendEntries: org.apache.ratis.thirdparty.io.grpc.StatusRuntimeException: UNAVAILABLE: io exception
2019-11-14 22:53:58,673 [grpc-default-executor-5] INFO  impl.FollowerInfo (FollowerInfo.java:lambda$new$0(51)) - 1557401b-269c-4760-ad9d-3babb3e549ee@group-8ACE7C8AE926->9969a5d9-fcab-46ad-a887-333766046ab2: nextIndex: updateUnconditionally 3 -> 2
2019-11-14 22:53:59,163 [grpc-default-executor-5] WARN  server.GrpcLogAppender (LogUtils.java:warn(134)) - 1557401b-269c-4760-ad9d-3babb3e549ee@group-8ACE7C8AE926->377585f1-7b09-4361-841d-f3e5d0778973-AppendLogResponseHandler: Failed appendEntries: org.apache.ratis.thirdparty.io.grpc.StatusRuntimeException: UNAVAILABLE: io exception
2019-11-14 22:53:59,164 [grpc-default-executor-5] INFO  impl.FollowerInfo (FollowerInfo.java:lambda$new$0(51)) - 1557401b-269c-4760-ad9d-3babb3e549ee@group-8ACE7C8AE926->377585f1-7b09-4361-841d-f3e5d0778973: nextIndex: updateUnconditionally 0 -> 0
2019-11-14 22:53:59,171 [grpc-default-executor-1] WARN  server.GrpcLogAppender (LogUtils.java:warn(134)) - 0261bc30-8b8d-4db7-80aa-965ad1e19f13@group-BC97297BA0D4->8c93cdd4-5606-4221-9500-0bbe6d2ac50a-AppendLogResponseHandler: Failed appendEntries: org.apache.ratis.thirdparty.io.grpc.StatusRuntimeException: UNAVAILABLE: io exception
2019-11-14 22:53:59,172 [grpc-default-executor-1] INFO  impl.FollowerInfo (FollowerInfo.java:lambda$new$0(51)) - 0261bc30-8b8d-4db7-80aa-965ad1e19f13@group-BC97297BA0D4->8c93cdd4-5606-4221-9500-0bbe6d2ac50a: nextIndex: updateUnconditionally 0 -> 0
2019-11-14 22:53:59,173 [grpc-default-executor-5] WARN  server.GrpcLogAppender (LogUtils.java:warn(134)) - 1557401b-269c-4760-ad9d-3babb3e549ee@group-8ACE7C8AE926->9969a5d9-fcab-46ad-a887-333766046ab2-AppendLogResponseHandler: Failed appendEntries: org.apache.ratis.thirdparty.io.grpc.StatusRuntimeException: UNAVAILABLE: io exception
2019-11-14 22:53:59,173 [grpc-default-executor-5] INFO  impl.FollowerInfo (FollowerInfo.java:lambda$new$0(51)) - 1557401b-269c-4760-ad9d-3babb3e549ee@group-8ACE7C8AE926->9969a5d9-fcab-46ad-a887-333766046ab2: nextIndex: updateUnconditionally 2 -> 1
2019-11-14 22:53:59,667 [grpc-default-executor-1] WARN  server.GrpcLogAppender (LogUtils.java:warn(134)) - 1557401b-269c-4760-ad9d-3babb3e549ee@group-8ACE7C8AE926->377585f1-7b09-4361-841d-f3e5d0778973-AppendLogResponseHandler: Failed appendEntries: org.apache.ratis.thirdparty.io.grpc.StatusRuntimeException: UNAVAILABLE: io exception
2019-11-14 22:53:59,668 [grpc-default-executor-1] INFO  impl.FollowerInfo (FollowerInfo.java:lambda$new$0(51)) - 1557401b-269c-4760-ad9d-3babb3e549ee@group-8ACE7C8AE926->377585f1-7b09-4361-841d-f3e5d0778973: nextIndex: updateUnconditionally 0 -> 0
2019-11-14 22:53:59,672 [grpc-default-executor-1] WARN  server.GrpcLogAppender (LogUtils.java:warn(134)) - 0261bc30-8b8d-4db7-80aa-965ad1e19f13@group-BC97297BA0D4->8c93cdd4-5606-4221-9500-0bbe6d2ac50a-AppendLogResponseHandler: Failed appendEntries: org.apache.ratis.thirdparty.io.grpc.StatusRuntimeException: UNAVAILABLE: io exception
2019-11-14 22:53:59,672 [grpc-default-executor-1] INFO  impl.FollowerInfo (FollowerInfo.java:lambda$new$0(51)) - 0261bc30-8b8d-4db7-80aa-965ad1e19f13@group-BC97297BA0D4->8c93cdd4-5606-4221-9500-0bbe6d2ac50a: nextIndex: updateUnconditionally 0 -> 0
2019-11-14 22:53:59,674 [grpc-default-executor-6] WARN  server.GrpcLogAppender (LogUtils.java:warn(134)) - 1557401b-269c-4760-ad9d-3babb3e549ee@group-8ACE7C8AE926->9969a5d9-fcab-46ad-a887-333766046ab2-AppendLogResponseHandler: Failed appendEntries: org.apache.ratis.thirdparty.io.grpc.StatusRuntimeException: UNAVAILABLE: io exception
2019-11-14 22:53:59,674 [grpc-default-executor-6] INFO  impl.FollowerInfo (FollowerInfo.java:lambda$new$0(51)) - 1557401b-269c-4760-ad9d-3babb3e549ee@group-8ACE7C8AE926->9969a5d9-fcab-46ad-a887-333766046ab2: nextIndex: updateUnconditionally 1 -> 0
2019-11-14 22:54:00,165 [grpc-default-executor-1] WARN  server.GrpcLogAppender (LogUtils.java:warn(134)) - 1557401b-269c-4760-ad9d-3babb3e549ee@group-8ACE7C8AE926->377585f1-7b09-4361-841d-f3e5d0778973-AppendLogResponseHandler: Failed appendEntries: org.apache.ratis.thirdparty.io.grpc.StatusRuntimeException: UNAVAILABLE: io exception
2019-11-14 22:54:00,166 [grpc-default-executor-1] INFO  impl.FollowerInfo (FollowerInfo.java:lambda$new$0(51)) - 1557401b-269c-4760-ad9d-3babb3e549ee@group-8ACE7C8AE926->377585f1-7b09-4361-841d-f3e5d0778973: nextIndex: updateUnconditionally 0 -> 0
2019-11-14 22:54:00,172 [grpc-default-executor-5] WARN  server.GrpcLogAppender (LogUtils.java:warn(134)) - 0261bc30-8b8d-4db7-80aa-965ad1e19f13@group-BC97297BA0D4->8c93cdd4-5606-4221-9500-0bbe6d2ac50a-AppendLogResponseHandler: Failed appendEntries: org.apache.ratis.thirdparty.io.grpc.StatusRuntimeException: UNAVAILABLE: io exception
2019-11-14 22:54:00,172 [grpc-default-executor-5] INFO  impl.FollowerInfo (FollowerInfo.java:lambda$new$0(51)) - 0261bc30-8b8d-4db7-80aa-965ad1e19f13@group-BC97297BA0D4->8c93cdd4-5606-4221-9500-0bbe6d2ac50a: nextIndex: updateUnconditionally 0 -> 0
2019-11-14 22:54:00,174 [grpc-default-executor-1] WARN  server.GrpcLogAppender (LogUtils.java:warn(134)) - 1557401b-269c-4760-ad9d-3babb3e549ee@group-8ACE7C8AE926->9969a5d9-fcab-46ad-a887-333766046ab2-AppendLogResponseHandler: Failed appendEntries: org.apache.ratis.thirdparty.io.grpc.StatusRuntimeException: UNAVAILABLE: io exception
2019-11-14 22:54:00,174 [grpc-default-executor-1] INFO  impl.FollowerInfo (FollowerInfo.java:lambda$new$0(51)) - 1557401b-269c-4760-ad9d-3babb3e549ee@group-8ACE7C8AE926->9969a5d9-fcab-46ad-a887-333766046ab2: nextIndex: updateUnconditionally 0 -> 0
2019-11-14 22:54:00,666 [grpc-default-executor-6] WARN  server.GrpcLogAppender (LogUtils.java:warn(134)) - 1557401b-269c-4760-ad9d-3babb3e549ee@group-8ACE7C8AE926->377585f1-7b09-4361-841d-f3e5d0778973-AppendLogResponseHandler: Failed appendEntries: org.apache.ratis.thirdparty.io.grpc.StatusRuntimeException: UNAVAILABLE: io exception
2019-11-14 22:54:00,667 [grpc-default-executor-6] INFO  impl.FollowerInfo (FollowerInfo.java:lambda$new$0(51)) - 1557401b-269c-4760-ad9d-3babb3e549ee@group-8ACE7C8AE926->377585f1-7b09-4361-841d-f3e5d0778973: nextIndex: updateUnconditionally 0 -> 0
2019-11-14 22:54:00,672 [grpc-default-executor-6] WARN  server.GrpcLogAppender (LogUtils.java:warn(134)) - 0261bc30-8b8d-4db7-80aa-965ad1e19f13@group-BC97297BA0D4->8c93cdd4-5606-4221-9500-0bbe6d2ac50a-AppendLogResponseHandler: Failed appendEntries: org.apache.ratis.thirdparty.io.grpc.StatusRuntimeException: UNAVAILABLE: io exception
2019-11-14 22:54:00,673 [grpc-default-executor-6] INFO  impl.FollowerInfo (FollowerInfo.java:lambda$new$0(51)) - 0261bc30-8b8d-4db7-80aa-965ad1e19f13@group-BC97297BA0D4->8c93cdd4-5606-4221-9500-0bbe6d2ac50a: nextIndex: updateUnconditionally 0 -> 0
2019-11-14 22:54:00,674 [grpc-default-executor-6] WARN  server.GrpcLogAppender (LogUtils.java:warn(134)) - 1557401b-269c-4760-ad9d-3babb3e549ee@group-8ACE7C8AE926->9969a5d9-fcab-46ad-a887-333766046ab2-AppendLogResponseHandler: Failed appendEntries: org.apache.ratis.thirdparty.io.grpc.StatusRuntimeException: UNAVAILABLE: io exception
2019-11-14 22:54:00,675 [grpc-default-executor-6] INFO  impl.FollowerInfo (FollowerInfo.java:lambda$new$0(51)) - 1557401b-269c-4760-ad9d-3babb3e549ee@group-8ACE7C8AE926->9969a5d9-fcab-46ad-a887-333766046ab2: nextIndex: updateUnconditionally 0 -> 0
2019-11-14 22:54:01,166 [grpc-default-executor-1] WARN  server.GrpcLogAppender (LogUtils.java:warn(134)) - 1557401b-269c-4760-ad9d-3babb3e549ee@group-8ACE7C8AE926->377585f1-7b09-4361-841d-f3e5d0778973-AppendLogResponseHandler: Failed appendEntries: org.apache.ratis.thirdparty.io.grpc.StatusRuntimeException: UNAVAILABLE: io exception
2019-11-14 22:54:01,167 [grpc-default-executor-1] INFO  impl.FollowerInfo (FollowerInfo.java:lambda$new$0(51)) - 1557401b-269c-4760-ad9d-3babb3e549ee@group-8ACE7C8AE926->377585f1-7b09-4361-841d-f3e5d0778973: nextIndex: updateUnconditionally 0 -> 0
2019-11-14 22:54:01,173 [grpc-default-executor-5] WARN  server.GrpcLogAppender (LogUtils.java:warn(134)) - 0261bc30-8b8d-4db7-80aa-965ad1e19f13@group-BC97297BA0D4->8c93cdd4-5606-4221-9500-0bbe6d2ac50a-AppendLogResponseHandler: Failed appendEntries: org.apache.ratis.thirdparty.io.grpc.StatusRuntimeException: UNAVAILABLE: io exception
2019-11-14 22:54:01,173 [grpc-default-executor-5] INFO  impl.FollowerInfo (FollowerInfo.java:lambda$new$0(51)) - 0261bc30-8b8d-4db7-80aa-965ad1e19f13@group-BC97297BA0D4->8c93cdd4-5606-4221-9500-0bbe6d2ac50a: nextIndex: updateUnconditionally 0 -> 0
2019-11-14 22:54:01,175 [grpc-default-executor-6] WARN  server.GrpcLogAppender (LogUtils.java:warn(134)) - 1557401b-269c-4760-ad9d-3babb3e549ee@group-8ACE7C8AE926->9969a5d9-fcab-46ad-a887-333766046ab2-AppendLogResponseHandler: Failed appendEntries: org.apache.ratis.thirdparty.io.grpc.StatusRuntimeException: UNAVAILABLE: io exception
2019-11-14 22:54:01,175 [grpc-default-executor-6] INFO  impl.FollowerInfo (FollowerInfo.java:lambda$new$0(51)) - 1557401b-269c-4760-ad9d-3babb3e549ee@group-8ACE7C8AE926->9969a5d9-fcab-46ad-a887-333766046ab2: nextIndex: updateUnconditionally 0 -> 0
2019-11-14 22:54:01,405 [main] INFO  ozoneimpl.OzoneContainer (OzoneContainer.java:stop(244)) - Attempting to stop container services.
2019-11-14 22:54:01,407 [main] INFO  impl.RaftServerProxy (RaftServerProxy.java:lambda$close$4(314)) - fe27ed9b-283a-4979-94f3-8c29e1f5fa70: close
2019-11-14 22:54:01,407 [main] INFO  impl.RaftServerImpl (RaftServerImpl.java:lambda$shutdown$3(250)) - fe27ed9b-283a-4979-94f3-8c29e1f5fa70@group-C390ADC57249: shutdown
2019-11-14 22:54:01,408 [main] INFO  util.JmxRegister (JmxRegister.java:unregister(73)) - Successfully un-registered JMX Bean with object name Ratis:service=RaftServer,group=group-C390ADC57249,id=fe27ed9b-283a-4979-94f3-8c29e1f5fa70
2019-11-14 22:54:01,408 [main] INFO  impl.RoleInfo (RoleInfo.java:shutdownLeaderState(104)) - fe27ed9b-283a-4979-94f3-8c29e1f5fa70: shutdown LeaderState
2019-11-14 22:54:01,408 [main] INFO  impl.PendingRequests (PendingRequests.java:sendNotLeaderResponses(206)) - fe27ed9b-283a-4979-94f3-8c29e1f5fa70@group-C390ADC57249-PendingRequests: sendNotLeaderResponses
2019-11-14 22:54:01,409 [main] INFO  impl.StateMachineUpdater (StateMachineUpdater.java:stopAndJoin(136)) - fe27ed9b-283a-4979-94f3-8c29e1f5fa70@group-C390ADC57249-StateMachineUpdater: set stopIndex = 0
2019-11-14 22:54:01,410 [main] INFO  impl.RaftServerImpl (ServerState.java:close(387)) - fe27ed9b-283a-4979-94f3-8c29e1f5fa70@group-C390ADC57249: closes. applyIndex: 0
2019-11-14 22:54:01,410 [ForkJoinPool.commonPool-worker-1] INFO  ozoneimpl.OzoneContainer (OzoneContainer.java:stop(244)) - Attempting to stop container services.
2019-11-14 22:54:01,410 [fe27ed9b-283a-4979-94f3-8c29e1f5fa70@group-C390ADC57249-SegmentedRaftLogWorker] INFO  segmented.SegmentedRaftLogWorker (SegmentedRaftLogWorker.java:run(316)) - fe27ed9b-283a-4979-94f3-8c29e1f5fa70@group-C390ADC57249-SegmentedRaftLogWorker was interrupted, exiting. There are 0 tasks remaining in the queue.
2019-11-14 22:54:01,411 [ForkJoinPool.commonPool-worker-1] INFO  impl.RaftServerProxy (RaftServerProxy.java:lambda$close$4(314)) - 2e7f8c24-c608-431c-b6d8-707cc816ba74: close
2019-11-14 22:54:01,411 [ForkJoinPool.commonPool-worker-1] INFO  impl.RaftServerImpl (RaftServerImpl.java:lambda$shutdown$3(250)) - 2e7f8c24-c608-431c-b6d8-707cc816ba74@group-BC97297BA0D4: shutdown
2019-11-14 22:54:01,411 [main] INFO  segmented.SegmentedRaftLogWorker (SegmentedRaftLogWorker.java:close(224)) - fe27ed9b-283a-4979-94f3-8c29e1f5fa70@group-C390ADC57249-SegmentedRaftLogWorker close()
2019-11-14 22:54:01,411 [ForkJoinPool.commonPool-worker-1] INFO  util.JmxRegister (JmxRegister.java:unregister(73)) - Successfully un-registered JMX Bean with object name Ratis:service=RaftServer,group=group-BC97297BA0D4,id=2e7f8c24-c608-431c-b6d8-707cc816ba74
2019-11-14 22:54:01,412 [main] INFO  impl.RaftServerImpl (RaftServerImpl.java:lambda$shutdown$3(250)) - fe27ed9b-283a-4979-94f3-8c29e1f5fa70@group-0FFB5E9BE82E: shutdown
2019-11-14 22:54:01,412 [ForkJoinPool.commonPool-worker-1] INFO  impl.RoleInfo (RoleInfo.java:shutdownFollowerState(121)) - 2e7f8c24-c608-431c-b6d8-707cc816ba74: shutdown FollowerState
2019-11-14 22:54:01,412 [main] INFO  util.JmxRegister (JmxRegister.java:unregister(73)) - Successfully un-registered JMX Bean with object name Ratis:service=RaftServer,group=group-0FFB5E9BE82E,id=fe27ed9b-283a-4979-94f3-8c29e1f5fa70
2019-11-14 22:54:01,413 [main] INFO  impl.RoleInfo (RoleInfo.java:shutdownFollowerState(121)) - fe27ed9b-283a-4979-94f3-8c29e1f5fa70: shutdown FollowerState
2019-11-14 22:54:01,412 [Thread-4504] INFO  impl.FollowerState (FollowerState.java:run(120)) - 2e7f8c24-c608-431c-b6d8-707cc816ba74@group-BC97297BA0D4-FollowerState was interrupted: java.lang.InterruptedException: sleep interrupted
2019-11-14 22:54:01,412 [ForkJoinPool.commonPool-worker-1] INFO  impl.StateMachineUpdater (StateMachineUpdater.java:stopAndJoin(136)) - 2e7f8c24-c608-431c-b6d8-707cc816ba74@group-BC97297BA0D4-StateMachineUpdater: set stopIndex = 0
2019-11-14 22:54:01,413 [ForkJoinPool.commonPool-worker-1] INFO  impl.RaftServerImpl (ServerState.java:close(387)) - 2e7f8c24-c608-431c-b6d8-707cc816ba74@group-BC97297BA0D4: closes. applyIndex: 0
2019-11-14 22:54:01,413 [Thread-4482] INFO  impl.FollowerState (FollowerState.java:run(120)) - fe27ed9b-283a-4979-94f3-8c29e1f5fa70@group-0FFB5E9BE82E-FollowerState was interrupted: java.lang.InterruptedException: sleep interrupted
2019-11-14 22:54:01,413 [main] INFO  impl.StateMachineUpdater (StateMachineUpdater.java:stopAndJoin(136)) - fe27ed9b-283a-4979-94f3-8c29e1f5fa70@group-0FFB5E9BE82E-StateMachineUpdater: set stopIndex = 0
2019-11-14 22:54:01,414 [main] INFO  impl.RaftServerImpl (ServerState.java:close(387)) - fe27ed9b-283a-4979-94f3-8c29e1f5fa70@group-0FFB5E9BE82E: closes. applyIndex: 0
2019-11-14 22:54:01,414 [2e7f8c24-c608-431c-b6d8-707cc816ba74@group-BC97297BA0D4-SegmentedRaftLogWorker] INFO  segmented.SegmentedRaftLogWorker (SegmentedRaftLogWorker.java:run(316)) - 2e7f8c24-c608-431c-b6d8-707cc816ba74@group-BC97297BA0D4-SegmentedRaftLogWorker was interrupted, exiting. There are 0 tasks remaining in the queue.
2019-11-14 22:54:01,415 [fe27ed9b-283a-4979-94f3-8c29e1f5fa70@group-0FFB5E9BE82E-SegmentedRaftLogWorker] INFO  segmented.SegmentedRaftLogWorker (SegmentedRaftLogWorker.java:run(316)) - fe27ed9b-283a-4979-94f3-8c29e1f5fa70@group-0FFB5E9BE82E-SegmentedRaftLogWorker was interrupted, exiting. There are 0 tasks remaining in the queue.
2019-11-14 22:54:01,415 [ForkJoinPool.commonPool-worker-1] INFO  segmented.SegmentedRaftLogWorker (SegmentedRaftLogWorker.java:close(224)) - 2e7f8c24-c608-431c-b6d8-707cc816ba74@group-BC97297BA0D4-SegmentedRaftLogWorker close()
2019-11-14 22:54:01,415 [main] INFO  segmented.SegmentedRaftLogWorker (SegmentedRaftLogWorker.java:close(224)) - fe27ed9b-283a-4979-94f3-8c29e1f5fa70@group-0FFB5E9BE82E-SegmentedRaftLogWorker close()
2019-11-14 22:54:01,415 [ForkJoinPool.commonPool-worker-1] INFO  impl.RaftServerImpl (RaftServerImpl.java:lambda$shutdown$3(250)) - 2e7f8c24-c608-431c-b6d8-707cc816ba74@group-F806C27B6AB2: shutdown
2019-11-14 22:54:01,415 [main] INFO  server.GrpcService (GrpcService.java:closeImpl(164)) - fe27ed9b-283a-4979-94f3-8c29e1f5fa70: shutdown server with port 38253 now
2019-11-14 22:54:01,416 [ForkJoinPool.commonPool-worker-1] INFO  util.JmxRegister (JmxRegister.java:unregister(73)) - Successfully un-registered JMX Bean with object name Ratis:service=RaftServer,group=group-F806C27B6AB2,id=2e7f8c24-c608-431c-b6d8-707cc816ba74
2019-11-14 22:54:01,416 [ForkJoinPool.commonPool-worker-1] INFO  impl.RoleInfo (RoleInfo.java:shutdownLeaderState(104)) - 2e7f8c24-c608-431c-b6d8-707cc816ba74: shutdown LeaderState
2019-11-14 22:54:01,416 [ForkJoinPool.commonPool-worker-1] INFO  impl.PendingRequests (PendingRequests.java:sendNotLeaderResponses(206)) - 2e7f8c24-c608-431c-b6d8-707cc816ba74@group-F806C27B6AB2-PendingRequests: sendNotLeaderResponses
2019-11-14 22:54:01,417 [ForkJoinPool.commonPool-worker-1] INFO  impl.StateMachineUpdater (StateMachineUpdater.java:stopAndJoin(136)) - 2e7f8c24-c608-431c-b6d8-707cc816ba74@group-F806C27B6AB2-StateMachineUpdater: set stopIndex = 0
2019-11-14 22:54:01,417 [ForkJoinPool.commonPool-worker-1] INFO  impl.RaftServerImpl (ServerState.java:close(387)) - 2e7f8c24-c608-431c-b6d8-707cc816ba74@group-F806C27B6AB2: closes. applyIndex: 0
2019-11-14 22:54:01,417 [grpc-default-executor-5] WARN  server.GrpcServerProtocolService (LogUtils.java:warn(134)) - fe27ed9b-283a-4979-94f3-8c29e1f5fa70: installSnapshot onError, lastRequest: 9b10aba0-cc5c-407b-9285-7072d29b9deb->fe27ed9b-283a-4979-94f3-8c29e1f5fa70#45-t1, previous=(t:1, i:0), leaderCommit=0, initializing? false, entries: <empty>: org.apache.ratis.thirdparty.io.grpc.StatusRuntimeException: CANCELLED: cancelled before receiving half close
2019-11-14 22:54:01,417 [main] INFO  server.GrpcService (GrpcService.java:closeImpl(172)) - fe27ed9b-283a-4979-94f3-8c29e1f5fa70: shutdown server with port 38253 successfully
2019-11-14 22:54:01,417 [2e7f8c24-c608-431c-b6d8-707cc816ba74@group-F806C27B6AB2-SegmentedRaftLogWorker] INFO  segmented.SegmentedRaftLogWorker (SegmentedRaftLogWorker.java:run(316)) - 2e7f8c24-c608-431c-b6d8-707cc816ba74@group-F806C27B6AB2-SegmentedRaftLogWorker was interrupted, exiting. There are 0 tasks remaining in the queue.
2019-11-14 22:54:01,417 [grpc-default-executor-6] WARN  server.GrpcLogAppender (LogUtils.java:warn(134)) - 9b10aba0-cc5c-407b-9285-7072d29b9deb@group-0FFB5E9BE82E->fe27ed9b-283a-4979-94f3-8c29e1f5fa70-AppendLogResponseHandler: Failed appendEntries: org.apache.ratis.thirdparty.io.grpc.StatusRuntimeException: CANCELLED: HTTP/2 error code: CANCEL
Received Rst Stream
2019-11-14 22:54:01,418 [ForkJoinPool.commonPool-worker-1] INFO  segmented.SegmentedRaftLogWorker (SegmentedRaftLogWorker.java:close(224)) - 2e7f8c24-c608-431c-b6d8-707cc816ba74@group-F806C27B6AB2-SegmentedRaftLogWorker close()
2019-11-14 22:54:01,419 [grpc-default-executor-6] INFO  impl.FollowerInfo (FollowerInfo.java:lambda$new$0(51)) - 9b10aba0-cc5c-407b-9285-7072d29b9deb@group-0FFB5E9BE82E->fe27ed9b-283a-4979-94f3-8c29e1f5fa70: nextIndex: updateUnconditionally 1 -> 0
2019-11-14 22:54:01,419 [ForkJoinPool.commonPool-worker-1] INFO  server.GrpcService (GrpcService.java:closeImpl(164)) - 2e7f8c24-c608-431c-b6d8-707cc816ba74: shutdown server with port 38009 now
2019-11-14 22:54:01,420 [ForkJoinPool.commonPool-worker-1] INFO  server.GrpcService (GrpcService.java:closeImpl(172)) - 2e7f8c24-c608-431c-b6d8-707cc816ba74: shutdown server with port 38009 successfully
2019-11-14 22:54:01,420 [grpc-default-executor-1] WARN  server.GrpcServerProtocolService (LogUtils.java:warn(134)) - 2e7f8c24-c608-431c-b6d8-707cc816ba74: installSnapshot onError, lastRequest: 0261bc30-8b8d-4db7-80aa-965ad1e19f13->2e7f8c24-c608-431c-b6d8-707cc816ba74#45-t1, previous=(t:1, i:0), leaderCommit=0, initializing? false, entries: <empty>: org.apache.ratis.thirdparty.io.grpc.StatusRuntimeException: CANCELLED: cancelled before receiving half close
2019-11-14 22:54:01,420 [grpc-default-executor-6] WARN  server.GrpcLogAppender (LogUtils.java:warn(134)) - 0261bc30-8b8d-4db7-80aa-965ad1e19f13@group-BC97297BA0D4->2e7f8c24-c608-431c-b6d8-707cc816ba74-AppendLogResponseHandler: Failed appendEntries: org.apache.ratis.thirdparty.io.grpc.StatusRuntimeException: CANCELLED: HTTP/2 error code: CANCEL
Received Rst Stream
2019-11-14 22:54:01,421 [grpc-default-executor-6] INFO  impl.FollowerInfo (FollowerInfo.java:lambda$new$0(51)) - 0261bc30-8b8d-4db7-80aa-965ad1e19f13@group-BC97297BA0D4->2e7f8c24-c608-431c-b6d8-707cc816ba74: nextIndex: updateUnconditionally 1 -> 0
2019-11-14 22:54:01,424 [refreshUsed-/workdir/hadoop-ozone/integration-test/target/test-dir/MiniOzoneClusterImpl-c304fa79-6e7f-43ac-8564-360665bd8c65/datanode-3/data/containers] WARN  fs.CachingGetSpaceUsed (CachingGetSpaceUsed.java:run(183)) - Thread Interrupted waiting to refresh disk information: sleep interrupted
2019-11-14 22:54:01,426 [refreshUsed-/workdir/hadoop-ozone/integration-test/target/test-dir/MiniOzoneClusterImpl-c304fa79-6e7f-43ac-8564-360665bd8c65/datanode-6/data/containers] WARN  fs.CachingGetSpaceUsed (CachingGetSpaceUsed.java:run(183)) - Thread Interrupted waiting to refresh disk information: sleep interrupted
2019-11-14 22:54:01,449 [ForkJoinPool.commonPool-worker-1] INFO  utils.BackgroundService (BackgroundService.java:shutdown(151)) - Shutting down service BlockDeletingService
2019-11-14 22:54:01,449 [main] INFO  utils.BackgroundService (BackgroundService.java:shutdown(151)) - Shutting down service BlockDeletingService
2019-11-14 22:54:01,453 [ForkJoinPool.commonPool-worker-1] INFO  statemachine.DatanodeStateMachine (DatanodeStateMachine.java:stopDaemon(405)) - Ozone container server stopped.
2019-11-14 22:54:01,453 [main] INFO  statemachine.DatanodeStateMachine (DatanodeStateMachine.java:stopDaemon(405)) - Ozone container server stopped.
2019-11-14 22:54:01,462 [ForkJoinPool.commonPool-worker-1] INFO  handler.ContextHandler (ContextHandler.java:doStop(910)) - Stopped o.e.j.w.WebAppContext@76e4212{/,null,UNAVAILABLE}{/hddsDatanode}
2019-11-14 22:54:01,462 [main] INFO  handler.ContextHandler (ContextHandler.java:doStop(910)) - Stopped o.e.j.w.WebAppContext@427308f8{/,null,UNAVAILABLE}{/hddsDatanode}
2019-11-14 22:54:01,463 [ForkJoinPool.commonPool-worker-1] INFO  server.AbstractConnector (AbstractConnector.java:doStop(318)) - Stopped ServerConnector@23121d14{HTTP/1.1,[http/1.1]}{0.0.0.0:0}
2019-11-14 22:54:01,463 [main] INFO  server.AbstractConnector (AbstractConnector.java:doStop(318)) - Stopped ServerConnector@54247647{HTTP/1.1,[http/1.1]}{0.0.0.0:0}
2019-11-14 22:54:01,464 [ForkJoinPool.commonPool-worker-1] INFO  handler.ContextHandler (ContextHandler.java:doStop(910)) - Stopped o.e.j.s.ServletContextHandler@4e958f08{/static,jar:file:/home/user/.m2/repository/org/apache/hadoop/hadoop-hdds-container-service/0.5.0-SNAPSHOT/hadoop-hdds-container-service-0.5.0-SNAPSHOT.jar!/webapps/static,UNAVAILABLE}
2019-11-14 22:54:01,465 [main] INFO  handler.ContextHandler (ContextHandler.java:doStop(910)) - Stopped o.e.j.s.ServletContextHandler@74123110{/static,jar:file:/home/user/.m2/repository/org/apache/hadoop/hadoop-hdds-container-service/0.5.0-SNAPSHOT/hadoop-hdds-container-service-0.5.0-SNAPSHOT.jar!/webapps/static,UNAVAILABLE}
2019-11-14 22:54:01,466 [ForkJoinPool.commonPool-worker-1] INFO  handler.ContextHandler (ContextHandler.java:doStop(910)) - Stopped o.e.j.s.ServletContextHandler@781654f8{/logs,file:///workdir/hadoop-ozone/integration-test/target/log,UNAVAILABLE}
2019-11-14 22:54:01,467 [main] INFO  handler.ContextHandler (ContextHandler.java:doStop(910)) - Stopped o.e.j.s.ServletContextHandler@4c7d7430{/logs,file:///workdir/hadoop-ozone/integration-test/target/log,UNAVAILABLE}
2019-11-14 22:54:01,637 [grpc-default-executor-6] WARN  server.GrpcLogAppender (LogUtils.java:warn(134)) - 9b10aba0-cc5c-407b-9285-7072d29b9deb@group-0FFB5E9BE82E->fe27ed9b-283a-4979-94f3-8c29e1f5fa70-AppendLogResponseHandler: Failed appendEntries: org.apache.ratis.thirdparty.io.grpc.StatusRuntimeException: UNAVAILABLE: io exception
2019-11-14 22:54:01,637 [grpc-default-executor-6] INFO  impl.FollowerInfo (FollowerInfo.java:lambda$new$0(51)) - 9b10aba0-cc5c-407b-9285-7072d29b9deb@group-0FFB5E9BE82E->fe27ed9b-283a-4979-94f3-8c29e1f5fa70: nextIndex: updateUnconditionally 0 -> 0
2019-11-14 22:54:01,667 [grpc-default-executor-5] WARN  server.GrpcLogAppender (LogUtils.java:warn(134)) - 1557401b-269c-4760-ad9d-3babb3e549ee@group-8ACE7C8AE926->377585f1-7b09-4361-841d-f3e5d0778973-AppendLogResponseHandler: Failed appendEntries: org.apache.ratis.thirdparty.io.grpc.StatusRuntimeException: UNAVAILABLE: io exception
2019-11-14 22:54:01,667 [grpc-default-executor-5] INFO  impl.FollowerInfo (FollowerInfo.java:lambda$new$0(51)) - 1557401b-269c-4760-ad9d-3babb3e549ee@group-8ACE7C8AE926->377585f1-7b09-4361-841d-f3e5d0778973: nextIndex: updateUnconditionally 0 -> 0
2019-11-14 22:54:01,673 [grpc-default-executor-6] WARN  server.GrpcLogAppender (LogUtils.java:warn(134)) - 0261bc30-8b8d-4db7-80aa-965ad1e19f13@group-BC97297BA0D4->8c93cdd4-5606-4221-9500-0bbe6d2ac50a-AppendLogResponseHandler: Failed appendEntries: org.apache.ratis.thirdparty.io.grpc.StatusRuntimeException: UNAVAILABLE: io exception
2019-11-14 22:54:01,674 [grpc-default-executor-6] INFO  impl.FollowerInfo (FollowerInfo.java:lambda$new$0(51)) - 0261bc30-8b8d-4db7-80aa-965ad1e19f13@group-BC97297BA0D4->8c93cdd4-5606-4221-9500-0bbe6d2ac50a: nextIndex: updateUnconditionally 0 -> 0
2019-11-14 22:54:01,675 [grpc-default-executor-1] WARN  server.GrpcLogAppender (LogUtils.java:warn(134)) - 1557401b-269c-4760-ad9d-3babb3e549ee@group-8ACE7C8AE926->9969a5d9-fcab-46ad-a887-333766046ab2-AppendLogResponseHandler: Failed appendEntries: org.apache.ratis.thirdparty.io.grpc.StatusRuntimeException: UNAVAILABLE: io exception
2019-11-14 22:54:01,675 [grpc-default-executor-1] INFO  impl.FollowerInfo (FollowerInfo.java:lambda$new$0(51)) - 1557401b-269c-4760-ad9d-3babb3e549ee@group-8ACE7C8AE926->9969a5d9-fcab-46ad-a887-333766046ab2: nextIndex: updateUnconditionally 0 -> 0
2019-11-14 22:54:01,685 [grpc-default-executor-1] WARN  server.GrpcLogAppender (LogUtils.java:warn(134)) - 0261bc30-8b8d-4db7-80aa-965ad1e19f13@group-BC97297BA0D4->2e7f8c24-c608-431c-b6d8-707cc816ba74-AppendLogResponseHandler: Failed appendEntries: org.apache.ratis.thirdparty.io.grpc.StatusRuntimeException: UNAVAILABLE: io exception
2019-11-14 22:54:01,685 [grpc-default-executor-1] INFO  impl.FollowerInfo (FollowerInfo.java:lambda$new$0(51)) - 0261bc30-8b8d-4db7-80aa-965ad1e19f13@group-BC97297BA0D4->2e7f8c24-c608-431c-b6d8-707cc816ba74: nextIndex: updateUnconditionally 0 -> 0
2019-11-14 22:54:01,983 [Datanode State Machine Thread - 0] INFO  statemachine.DatanodeStateMachine (DatanodeStateMachine.java:lambda$startDaemon$0(360)) - Ozone container server started.
2019-11-14 22:54:02,037 [Datanode State Machine Thread - 0] INFO  statemachine.DatanodeStateMachine (DatanodeStateMachine.java:lambda$startDaemon$0(360)) - Ozone container server started.
2019-11-14 22:54:02,138 [grpc-default-executor-5] WARN  server.GrpcLogAppender (LogUtils.java:warn(134)) - 9b10aba0-cc5c-407b-9285-7072d29b9deb@group-0FFB5E9BE82E->fe27ed9b-283a-4979-94f3-8c29e1f5fa70-AppendLogResponseHandler: Failed appendEntries: org.apache.ratis.thirdparty.io.grpc.StatusRuntimeException: UNAVAILABLE: io exception
2019-11-14 22:54:02,138 [grpc-default-executor-5] INFO  impl.FollowerInfo (FollowerInfo.java:lambda$new$0(51)) - 9b10aba0-cc5c-407b-9285-7072d29b9deb@group-0FFB5E9BE82E->fe27ed9b-283a-4979-94f3-8c29e1f5fa70: nextIndex: updateUnconditionally 0 -> 0
2019-11-14 22:54:02,167 [grpc-default-executor-6] WARN  server.GrpcLogAppender (LogUtils.java:warn(134)) - 1557401b-269c-4760-ad9d-3babb3e549ee@group-8ACE7C8AE926->377585f1-7b09-4361-841d-f3e5d0778973-AppendLogResponseHandler: Failed appendEntries: org.apache.ratis.thirdparty.io.grpc.StatusRuntimeException: UNAVAILABLE: io exception
2019-11-14 22:54:02,167 [grpc-default-executor-6] INFO  impl.FollowerInfo (FollowerInfo.java:lambda$new$0(51)) - 1557401b-269c-4760-ad9d-3babb3e549ee@group-8ACE7C8AE926->377585f1-7b09-4361-841d-f3e5d0778973: nextIndex: updateUnconditionally 0 -> 0
2019-11-14 22:54:02,174 [grpc-default-executor-1] WARN  server.GrpcLogAppender (LogUtils.java:warn(134)) - 0261bc30-8b8d-4db7-80aa-965ad1e19f13@group-BC97297BA0D4->8c93cdd4-5606-4221-9500-0bbe6d2ac50a-AppendLogResponseHandler: Failed appendEntries: org.apache.ratis.thirdparty.io.grpc.StatusRuntimeException: UNAVAILABLE: io exception
2019-11-14 22:54:02,174 [grpc-default-executor-1] INFO  impl.FollowerInfo (FollowerInfo.java:lambda$new$0(51)) - 0261bc30-8b8d-4db7-80aa-965ad1e19f13@group-BC97297BA0D4->8c93cdd4-5606-4221-9500-0bbe6d2ac50a: nextIndex: updateUnconditionally 0 -> 0
2019-11-14 22:54:02,176 [grpc-default-executor-1] WARN  server.GrpcLogAppender (LogUtils.java:warn(134)) - 1557401b-269c-4760-ad9d-3babb3e549ee@group-8ACE7C8AE926->9969a5d9-fcab-46ad-a887-333766046ab2-AppendLogResponseHandler: Failed appendEntries: org.apache.ratis.thirdparty.io.grpc.StatusRuntimeException: UNAVAILABLE: io exception
2019-11-14 22:54:02,176 [grpc-default-executor-1] INFO  impl.FollowerInfo (FollowerInfo.java:lambda$new$0(51)) - 1557401b-269c-4760-ad9d-3babb3e549ee@group-8ACE7C8AE926->9969a5d9-fcab-46ad-a887-333766046ab2: nextIndex: updateUnconditionally 0 -> 0
2019-11-14 22:54:02,185 [grpc-default-executor-1] WARN  server.GrpcLogAppender (LogUtils.java:warn(134)) - 0261bc30-8b8d-4db7-80aa-965ad1e19f13@group-BC97297BA0D4->2e7f8c24-c608-431c-b6d8-707cc816ba74-AppendLogResponseHandler: Failed appendEntries: org.apache.ratis.thirdparty.io.grpc.StatusRuntimeException: UNAVAILABLE: io exception
2019-11-14 22:54:02,185 [grpc-default-executor-1] INFO  impl.FollowerInfo (FollowerInfo.java:lambda$new$0(51)) - 0261bc30-8b8d-4db7-80aa-965ad1e19f13@group-BC97297BA0D4->2e7f8c24-c608-431c-b6d8-707cc816ba74: nextIndex: updateUnconditionally 0 -> 0
2019-11-14 22:54:02,638 [grpc-default-executor-1] WARN  server.GrpcLogAppender (LogUtils.java:warn(134)) - 9b10aba0-cc5c-407b-9285-7072d29b9deb@group-0FFB5E9BE82E->fe27ed9b-283a-4979-94f3-8c29e1f5fa70-AppendLogResponseHandler: Failed appendEntries: org.apache.ratis.thirdparty.io.grpc.StatusRuntimeException: UNAVAILABLE: io exception
2019-11-14 22:54:02,639 [grpc-default-executor-1] INFO  impl.FollowerInfo (FollowerInfo.java:lambda$new$0(51)) - 9b10aba0-cc5c-407b-9285-7072d29b9deb@group-0FFB5E9BE82E->fe27ed9b-283a-4979-94f3-8c29e1f5fa70: nextIndex: updateUnconditionally 0 -> 0
2019-11-14 22:54:02,668 [grpc-default-executor-5] WARN  server.GrpcLogAppender (LogUtils.java:warn(134)) - 1557401b-269c-4760-ad9d-3babb3e549ee@group-8ACE7C8AE926->377585f1-7b09-4361-841d-f3e5d0778973-AppendLogResponseHandler: Failed appendEntries: org.apache.ratis.thirdparty.io.grpc.StatusRuntimeException: UNAVAILABLE: io exception
2019-11-14 22:54:02,668 [grpc-default-executor-5] INFO  impl.FollowerInfo (FollowerInfo.java:lambda$new$0(51)) - 1557401b-269c-4760-ad9d-3babb3e549ee@group-8ACE7C8AE926->377585f1-7b09-4361-841d-f3e5d0778973: nextIndex: updateUnconditionally 0 -> 0
2019-11-14 22:54:02,674 [grpc-default-executor-6] WARN  server.GrpcLogAppender (LogUtils.java:warn(134)) - 0261bc30-8b8d-4db7-80aa-965ad1e19f13@group-BC97297BA0D4->8c93cdd4-5606-4221-9500-0bbe6d2ac50a-AppendLogResponseHandler: Failed appendEntries: org.apache.ratis.thirdparty.io.grpc.StatusRuntimeException: UNAVAILABLE: io exception
2019-11-14 22:54:02,674 [grpc-default-executor-6] INFO  impl.FollowerInfo (FollowerInfo.java:lambda$new$0(51)) - 0261bc30-8b8d-4db7-80aa-965ad1e19f13@group-BC97297BA0D4->8c93cdd4-5606-4221-9500-0bbe6d2ac50a: nextIndex: updateUnconditionally 0 -> 0
2019-11-14 22:54:02,676 [grpc-default-executor-1] WARN  server.GrpcLogAppender (LogUtils.java:warn(134)) - 1557401b-269c-4760-ad9d-3babb3e549ee@group-8ACE7C8AE926->9969a5d9-fcab-46ad-a887-333766046ab2-AppendLogResponseHandler: Failed appendEntries: org.apache.ratis.thirdparty.io.grpc.StatusRuntimeException: UNAVAILABLE: io exception
2019-11-14 22:54:02,676 [grpc-default-executor-1] INFO  impl.FollowerInfo (FollowerInfo.java:lambda$new$0(51)) - 1557401b-269c-4760-ad9d-3babb3e549ee@group-8ACE7C8AE926->9969a5d9-fcab-46ad-a887-333766046ab2: nextIndex: updateUnconditionally 0 -> 0
2019-11-14 22:54:02,686 [grpc-default-executor-6] WARN  server.GrpcLogAppender (LogUtils.java:warn(134)) - 0261bc30-8b8d-4db7-80aa-965ad1e19f13@group-BC97297BA0D4->2e7f8c24-c608-431c-b6d8-707cc816ba74-AppendLogResponseHandler: Failed appendEntries: org.apache.ratis.thirdparty.io.grpc.StatusRuntimeException: UNAVAILABLE: io exception
2019-11-14 22:54:02,686 [grpc-default-executor-6] INFO  impl.FollowerInfo (FollowerInfo.java:lambda$new$0(51)) - 0261bc30-8b8d-4db7-80aa-965ad1e19f13@group-BC97297BA0D4->2e7f8c24-c608-431c-b6d8-707cc816ba74: nextIndex: updateUnconditionally 0 -> 0
2019-11-14 22:54:03,139 [grpc-default-executor-5] WARN  server.GrpcLogAppender (LogUtils.java:warn(134)) - 9b10aba0-cc5c-407b-9285-7072d29b9deb@group-0FFB5E9BE82E->fe27ed9b-283a-4979-94f3-8c29e1f5fa70-AppendLogResponseHandler: Failed appendEntries: org.apache.ratis.thirdparty.io.grpc.StatusRuntimeException: UNAVAILABLE: io exception
2019-11-14 22:54:03,139 [grpc-default-executor-5] INFO  impl.FollowerInfo (FollowerInfo.java:lambda$new$0(51)) - 9b10aba0-cc5c-407b-9285-7072d29b9deb@group-0FFB5E9BE82E->fe27ed9b-283a-4979-94f3-8c29e1f5fa70: nextIndex: updateUnconditionally 0 -> 0
2019-11-14 22:54:03,168 [grpc-default-executor-1] WARN  server.GrpcLogAppender (LogUtils.java:warn(134)) - 1557401b-269c-4760-ad9d-3babb3e549ee@group-8ACE7C8AE926->377585f1-7b09-4361-841d-f3e5d0778973-AppendLogResponseHandler: Failed appendEntries: org.apache.ratis.thirdparty.io.grpc.StatusRuntimeException: UNAVAILABLE: io exception
2019-11-14 22:54:03,168 [grpc-default-executor-1] INFO  impl.FollowerInfo (FollowerInfo.java:lambda$new$0(51)) - 1557401b-269c-4760-ad9d-3babb3e549ee@group-8ACE7C8AE926->377585f1-7b09-4361-841d-f3e5d0778973: nextIndex: updateUnconditionally 0 -> 0
2019-11-14 22:54:03,174 [grpc-default-executor-6] WARN  server.GrpcLogAppender (LogUtils.java:warn(134)) - 0261bc30-8b8d-4db7-80aa-965ad1e19f13@group-BC97297BA0D4->8c93cdd4-5606-4221-9500-0bbe6d2ac50a-AppendLogResponseHandler: Failed appendEntries: org.apache.ratis.thirdparty.io.grpc.StatusRuntimeException: UNAVAILABLE: io exception
2019-11-14 22:54:03,175 [grpc-default-executor-6] INFO  impl.FollowerInfo (FollowerInfo.java:lambda$new$0(51)) - 0261bc30-8b8d-4db7-80aa-965ad1e19f13@group-BC97297BA0D4->8c93cdd4-5606-4221-9500-0bbe6d2ac50a: nextIndex: updateUnconditionally 0 -> 0
2019-11-14 22:54:03,176 [grpc-default-executor-1] WARN  server.GrpcLogAppender (LogUtils.java:warn(134)) - 1557401b-269c-4760-ad9d-3babb3e549ee@group-8ACE7C8AE926->9969a5d9-fcab-46ad-a887-333766046ab2-AppendLogResponseHandler: Failed appendEntries: org.apache.ratis.thirdparty.io.grpc.StatusRuntimeException: UNAVAILABLE: io exception
2019-11-14 22:54:03,176 [grpc-default-executor-1] INFO  impl.FollowerInfo (FollowerInfo.java:lambda$new$0(51)) - 1557401b-269c-4760-ad9d-3babb3e549ee@group-8ACE7C8AE926->9969a5d9-fcab-46ad-a887-333766046ab2: nextIndex: updateUnconditionally 0 -> 0
2019-11-14 22:54:03,186 [grpc-default-executor-5] WARN  server.GrpcLogAppender (LogUtils.java:warn(134)) - 0261bc30-8b8d-4db7-80aa-965ad1e19f13@group-BC97297BA0D4->2e7f8c24-c608-431c-b6d8-707cc816ba74-AppendLogResponseHandler: Failed appendEntries: org.apache.ratis.thirdparty.io.grpc.StatusRuntimeException: UNAVAILABLE: io exception
2019-11-14 22:54:03,186 [grpc-default-executor-5] INFO  impl.FollowerInfo (FollowerInfo.java:lambda$new$0(51)) - 0261bc30-8b8d-4db7-80aa-965ad1e19f13@group-BC97297BA0D4->2e7f8c24-c608-431c-b6d8-707cc816ba74: nextIndex: updateUnconditionally 0 -> 0
2019-11-14 22:54:03,641 [grpc-default-executor-1] WARN  server.GrpcLogAppender (LogUtils.java:warn(134)) - 9b10aba0-cc5c-407b-9285-7072d29b9deb@group-0FFB5E9BE82E->fe27ed9b-283a-4979-94f3-8c29e1f5fa70-AppendLogResponseHandler: Failed appendEntries: org.apache.ratis.thirdparty.io.grpc.StatusRuntimeException: UNAVAILABLE: io exception
2019-11-14 22:54:03,641 [grpc-default-executor-1] INFO  impl.FollowerInfo (FollowerInfo.java:lambda$new$0(51)) - 9b10aba0-cc5c-407b-9285-7072d29b9deb@group-0FFB5E9BE82E->fe27ed9b-283a-4979-94f3-8c29e1f5fa70: nextIndex: updateUnconditionally 0 -> 0
2019-11-14 22:54:03,668 [grpc-default-executor-6] WARN  server.GrpcLogAppender (LogUtils.java:warn(134)) - 1557401b-269c-4760-ad9d-3babb3e549ee@group-8ACE7C8AE926->377585f1-7b09-4361-841d-f3e5d0778973-AppendLogResponseHandler: Failed appendEntries: org.apache.ratis.thirdparty.io.grpc.StatusRuntimeException: UNAVAILABLE: io exception
2019-11-14 22:54:03,668 [grpc-default-executor-6] INFO  impl.FollowerInfo (FollowerInfo.java:lambda$new$0(51)) - 1557401b-269c-4760-ad9d-3babb3e549ee@group-8ACE7C8AE926->377585f1-7b09-4361-841d-f3e5d0778973: nextIndex: updateUnconditionally 0 -> 0
2019-11-14 22:54:03,675 [grpc-default-executor-6] WARN  server.GrpcLogAppender (LogUtils.java:warn(134)) - 0261bc30-8b8d-4db7-80aa-965ad1e19f13@group-BC97297BA0D4->8c93cdd4-5606-4221-9500-0bbe6d2ac50a-AppendLogResponseHandler: Failed appendEntries: org.apache.ratis.thirdparty.io.grpc.StatusRuntimeException: UNAVAILABLE: io exception
2019-11-14 22:54:03,675 [grpc-default-executor-6] INFO  impl.FollowerInfo (FollowerInfo.java:lambda$new$0(51)) - 0261bc30-8b8d-4db7-80aa-965ad1e19f13@group-BC97297BA0D4->8c93cdd4-5606-4221-9500-0bbe6d2ac50a: nextIndex: updateUnconditionally 0 -> 0
2019-11-14 22:54:03,677 [grpc-default-executor-5] WARN  server.GrpcLogAppender (LogUtils.java:warn(134)) - 1557401b-269c-4760-ad9d-3babb3e549ee@group-8ACE7C8AE926->9969a5d9-fcab-46ad-a887-333766046ab2-AppendLogResponseHandler: Failed appendEntries: org.apache.ratis.thirdparty.io.grpc.StatusRuntimeException: UNAVAILABLE: io exception
2019-11-14 22:54:03,677 [grpc-default-executor-5] INFO  impl.FollowerInfo (FollowerInfo.java:lambda$new$0(51)) - 1557401b-269c-4760-ad9d-3babb3e549ee@group-8ACE7C8AE926->9969a5d9-fcab-46ad-a887-333766046ab2: nextIndex: updateUnconditionally 0 -> 0
2019-11-14 22:54:03,686 [grpc-default-executor-1] WARN  server.GrpcLogAppender (LogUtils.java:warn(134)) - 0261bc30-8b8d-4db7-80aa-965ad1e19f13@group-BC97297BA0D4->2e7f8c24-c608-431c-b6d8-707cc816ba74-AppendLogResponseHandler: Failed appendEntries: org.apache.ratis.thirdparty.io.grpc.StatusRuntimeException: UNAVAILABLE: io exception
2019-11-14 22:54:03,687 [grpc-default-executor-1] INFO  impl.FollowerInfo (FollowerInfo.java:lambda$new$0(51)) - 0261bc30-8b8d-4db7-80aa-965ad1e19f13@group-BC97297BA0D4->2e7f8c24-c608-431c-b6d8-707cc816ba74: nextIndex: updateUnconditionally 0 -> 0
2019-11-14 22:54:04,142 [grpc-default-executor-1] WARN  server.GrpcLogAppender (LogUtils.java:warn(134)) - 9b10aba0-cc5c-407b-9285-7072d29b9deb@group-0FFB5E9BE82E->fe27ed9b-283a-4979-94f3-8c29e1f5fa70-AppendLogResponseHandler: Failed appendEntries: org.apache.ratis.thirdparty.io.grpc.StatusRuntimeException: UNAVAILABLE: io exception
2019-11-14 22:54:04,143 [grpc-default-executor-1] INFO  impl.FollowerInfo (FollowerInfo.java:lambda$new$0(51)) - 9b10aba0-cc5c-407b-9285-7072d29b9deb@group-0FFB5E9BE82E->fe27ed9b-283a-4979-94f3-8c29e1f5fa70: nextIndex: updateUnconditionally 0 -> 0
2019-11-14 22:54:04,168 [grpc-default-executor-6] WARN  server.GrpcLogAppender (LogUtils.java:warn(134)) - 1557401b-269c-4760-ad9d-3babb3e549ee@group-8ACE7C8AE926->377585f1-7b09-4361-841d-f3e5d0778973-AppendLogResponseHandler: Failed appendEntries: org.apache.ratis.thirdparty.io.grpc.StatusRuntimeException: UNAVAILABLE: io exception
2019-11-14 22:54:04,169 [grpc-default-executor-6] INFO  impl.FollowerInfo (FollowerInfo.java:lambda$new$0(51)) - 1557401b-269c-4760-ad9d-3babb3e549ee@group-8ACE7C8AE926->377585f1-7b09-4361-841d-f3e5d0778973: nextIndex: updateUnconditionally 0 -> 0
2019-11-14 22:54:04,175 [grpc-default-executor-5] WARN  server.GrpcLogAppender (LogUtils.java:warn(134)) - 0261bc30-8b8d-4db7-80aa-965ad1e19f13@group-BC97297BA0D4->8c93cdd4-5606-4221-9500-0bbe6d2ac50a-AppendLogResponseHandler: Failed appendEntries: org.apache.ratis.thirdparty.io.grpc.StatusRuntimeException: UNAVAILABLE: io exception
2019-11-14 22:54:04,175 [grpc-default-executor-5] INFO  impl.FollowerInfo (FollowerInfo.java:lambda$new$0(51)) - 0261bc30-8b8d-4db7-80aa-965ad1e19f13@group-BC97297BA0D4->8c93cdd4-5606-4221-9500-0bbe6d2ac50a: nextIndex: updateUnconditionally 0 -> 0
2019-11-14 22:54:04,177 [grpc-default-executor-5] WARN  server.GrpcLogAppender (LogUtils.java:warn(134)) - 1557401b-269c-4760-ad9d-3babb3e549ee@group-8ACE7C8AE926->9969a5d9-fcab-46ad-a887-333766046ab2-AppendLogResponseHandler: Failed appendEntries: org.apache.ratis.thirdparty.io.grpc.StatusRuntimeException: UNAVAILABLE: io exception
2019-11-14 22:54:04,177 [grpc-default-executor-5] INFO  impl.FollowerInfo (FollowerInfo.java:lambda$new$0(51)) - 1557401b-269c-4760-ad9d-3babb3e549ee@group-8ACE7C8AE926->9969a5d9-fcab-46ad-a887-333766046ab2: nextIndex: updateUnconditionally 0 -> 0
2019-11-14 22:54:04,186 [grpc-default-executor-5] WARN  server.GrpcLogAppender (LogUtils.java:warn(134)) - 0261bc30-8b8d-4db7-80aa-965ad1e19f13@group-BC97297BA0D4->2e7f8c24-c608-431c-b6d8-707cc816ba74-AppendLogResponseHandler: Failed appendEntries: org.apache.ratis.thirdparty.io.grpc.StatusRuntimeException: UNAVAILABLE: io exception
2019-11-14 22:54:04,187 [grpc-default-executor-5] INFO  impl.FollowerInfo (FollowerInfo.java:lambda$new$0(51)) - 0261bc30-8b8d-4db7-80aa-965ad1e19f13@group-BC97297BA0D4->2e7f8c24-c608-431c-b6d8-707cc816ba74: nextIndex: updateUnconditionally 0 -> 0
2019-11-14 22:54:04,642 [grpc-default-executor-1] WARN  server.GrpcLogAppender (LogUtils.java:warn(134)) - 9b10aba0-cc5c-407b-9285-7072d29b9deb@group-0FFB5E9BE82E->fe27ed9b-283a-4979-94f3-8c29e1f5fa70-AppendLogResponseHandler: Failed appendEntries: org.apache.ratis.thirdparty.io.grpc.StatusRuntimeException: UNAVAILABLE: io exception
2019-11-14 22:54:04,642 [grpc-default-executor-1] INFO  impl.FollowerInfo (FollowerInfo.java:lambda$new$0(51)) - 9b10aba0-cc5c-407b-9285-7072d29b9deb@group-0FFB5E9BE82E->fe27ed9b-283a-4979-94f3-8c29e1f5fa70: nextIndex: updateUnconditionally 0 -> 0
2019-11-14 22:54:04,669 [grpc-default-executor-6] WARN  server.GrpcLogAppender (LogUtils.java:warn(134)) - 1557401b-269c-4760-ad9d-3babb3e549ee@group-8ACE7C8AE926->377585f1-7b09-4361-841d-f3e5d0778973-AppendLogResponseHandler: Failed appendEntries: org.apache.ratis.thirdparty.io.grpc.StatusRuntimeException: UNAVAILABLE: io exception
2019-11-14 22:54:04,669 [grpc-default-executor-6] INFO  impl.FollowerInfo (FollowerInfo.java:lambda$new$0(51)) - 1557401b-269c-4760-ad9d-3babb3e549ee@group-8ACE7C8AE926->377585f1-7b09-4361-841d-f3e5d0778973: nextIndex: updateUnconditionally 0 -> 0
2019-11-14 22:54:04,675 [grpc-default-executor-5] WARN  server.GrpcLogAppender (LogUtils.java:warn(134)) - 0261bc30-8b8d-4db7-80aa-965ad1e19f13@group-BC97297BA0D4->8c93cdd4-5606-4221-9500-0bbe6d2ac50a-AppendLogResponseHandler: Failed appendEntries: org.apache.ratis.thirdparty.io.grpc.StatusRuntimeException: UNAVAILABLE: io exception
2019-11-14 22:54:04,675 [grpc-default-executor-5] INFO  impl.FollowerInfo (FollowerInfo.java:lambda$new$0(51)) - 0261bc30-8b8d-4db7-80aa-965ad1e19f13@group-BC97297BA0D4->8c93cdd4-5606-4221-9500-0bbe6d2ac50a: nextIndex: updateUnconditionally 0 -> 0
2019-11-14 22:54:04,677 [grpc-default-executor-1] WARN  server.GrpcLogAppender (LogUtils.java:warn(134)) - 1557401b-269c-4760-ad9d-3babb3e549ee@group-8ACE7C8AE926->9969a5d9-fcab-46ad-a887-333766046ab2-AppendLogResponseHandler: Failed appendEntries: org.apache.ratis.thirdparty.io.grpc.StatusRuntimeException: UNAVAILABLE: io exception
2019-11-14 22:54:04,677 [grpc-default-executor-1] INFO  impl.FollowerInfo (FollowerInfo.java:lambda$new$0(51)) - 1557401b-269c-4760-ad9d-3babb3e549ee@group-8ACE7C8AE926->9969a5d9-fcab-46ad-a887-333766046ab2: nextIndex: updateUnconditionally 0 -> 0
2019-11-14 22:54:04,684 [Thread-4777] INFO  client.GrpcClientProtocolService (GrpcClientProtocolService.java:lambda$processClientRequest$0(279)) - Failed RaftClientRequest:client-173713865E58->1557401b-269c-4760-ad9d-3babb3e549ee@group-8ACE7C8AE926, cid=267, seq=0, Watch-ALL_COMMITTED(2), Message:<EMPTY>, reply=RaftClientReply:client-173713865E58->1557401b-269c-4760-ad9d-3babb3e549ee@group-8ACE7C8AE926, cid=267, FAILED org.apache.ratis.protocol.NotReplicatedException: Request with call Id 267 and log index 2 is not yet replicated to ALL_COMMITTED, logIndex=2, commits[1557401b-269c-4760-ad9d-3babb3e549ee:c7, 9969a5d9-fcab-46ad-a887-333766046ab2:c7, 377585f1-7b09-4361-841d-f3e5d0778973:c0]
2019-11-14 22:54:04,687 [grpc-default-executor-6] WARN  server.GrpcLogAppender (LogUtils.java:warn(134)) - 0261bc30-8b8d-4db7-80aa-965ad1e19f13@group-BC97297BA0D4->2e7f8c24-c608-431c-b6d8-707cc816ba74-AppendLogResponseHandler: Failed appendEntries: org.apache.ratis.thirdparty.io.grpc.StatusRuntimeException: UNAVAILABLE: io exception
2019-11-14 22:54:04,687 [grpc-default-executor-6] INFO  impl.FollowerInfo (FollowerInfo.java:lambda$new$0(51)) - 0261bc30-8b8d-4db7-80aa-965ad1e19f13@group-BC97297BA0D4->2e7f8c24-c608-431c-b6d8-707cc816ba74: nextIndex: updateUnconditionally 0 -> 0
2019-11-14 22:54:05,142 [grpc-default-executor-6] WARN  server.GrpcLogAppender (LogUtils.java:warn(134)) - 9b10aba0-cc5c-407b-9285-7072d29b9deb@group-0FFB5E9BE82E->fe27ed9b-283a-4979-94f3-8c29e1f5fa70-AppendLogResponseHandler: Failed appendEntries: org.apache.ratis.thirdparty.io.grpc.StatusRuntimeException: UNAVAILABLE: io exception
2019-11-14 22:54:05,142 [grpc-default-executor-6] INFO  impl.FollowerInfo (FollowerInfo.java:lambda$new$0(51)) - 9b10aba0-cc5c-407b-9285-7072d29b9deb@group-0FFB5E9BE82E->fe27ed9b-283a-4979-94f3-8c29e1f5fa70: nextIndex: updateUnconditionally 0 -> 0
2019-11-14 22:54:05,169 [grpc-default-executor-1] WARN  server.GrpcLogAppender (LogUtils.java:warn(134)) - 1557401b-269c-4760-ad9d-3babb3e549ee@group-8ACE7C8AE926->377585f1-7b09-4361-841d-f3e5d0778973-AppendLogResponseHandler: Failed appendEntries: org.apache.ratis.thirdparty.io.grpc.StatusRuntimeException: UNAVAILABLE: io exception
2019-11-14 22:54:05,169 [grpc-default-executor-1] INFO  impl.FollowerInfo (FollowerInfo.java:lambda$new$0(51)) - 1557401b-269c-4760-ad9d-3babb3e549ee@group-8ACE7C8AE926->377585f1-7b09-4361-841d-f3e5d0778973: nextIndex: updateUnconditionally 0 -> 0
2019-11-14 22:54:05,175 [grpc-default-executor-5] WARN  server.GrpcLogAppender (LogUtils.java:warn(134)) - 0261bc30-8b8d-4db7-80aa-965ad1e19f13@group-BC97297BA0D4->8c93cdd4-5606-4221-9500-0bbe6d2ac50a-AppendLogResponseHandler: Failed appendEntries: org.apache.ratis.thirdparty.io.grpc.StatusRuntimeException: UNAVAILABLE: io exception
2019-11-14 22:54:05,176 [grpc-default-executor-5] INFO  impl.FollowerInfo (FollowerInfo.java:lambda$new$0(51)) - 0261bc30-8b8d-4db7-80aa-965ad1e19f13@group-BC97297BA0D4->8c93cdd4-5606-4221-9500-0bbe6d2ac50a: nextIndex: updateUnconditionally 0 -> 0
2019-11-14 22:54:05,177 [grpc-default-executor-6] WARN  server.GrpcLogAppender (LogUtils.java:warn(134)) - 1557401b-269c-4760-ad9d-3babb3e549ee@group-8ACE7C8AE926->9969a5d9-fcab-46ad-a887-333766046ab2-AppendLogResponseHandler: Failed appendEntries: org.apache.ratis.thirdparty.io.grpc.StatusRuntimeException: UNAVAILABLE: io exception
2019-11-14 22:54:05,178 [grpc-default-executor-6] INFO  impl.FollowerInfo (FollowerInfo.java:lambda$new$0(51)) - 1557401b-269c-4760-ad9d-3babb3e549ee@group-8ACE7C8AE926->9969a5d9-fcab-46ad-a887-333766046ab2: nextIndex: updateUnconditionally 0 -> 0
2019-11-14 22:54:05,187 [grpc-default-executor-1] WARN  server.GrpcLogAppender (LogUtils.java:warn(134)) - 0261bc30-8b8d-4db7-80aa-965ad1e19f13@group-BC97297BA0D4->2e7f8c24-c608-431c-b6d8-707cc816ba74-AppendLogResponseHandler: Failed appendEntries: org.apache.ratis.thirdparty.io.grpc.StatusRuntimeException: UNAVAILABLE: io exception
2019-11-14 22:54:05,187 [grpc-default-executor-1] INFO  impl.FollowerInfo (FollowerInfo.java:lambda$new$0(51)) - 0261bc30-8b8d-4db7-80aa-965ad1e19f13@group-BC97297BA0D4->2e7f8c24-c608-431c-b6d8-707cc816ba74: nextIndex: updateUnconditionally 0 -> 0
2019-11-14 22:54:05,643 [grpc-default-executor-1] WARN  server.GrpcLogAppender (LogUtils.java:warn(134)) - 9b10aba0-cc5c-407b-9285-7072d29b9deb@group-0FFB5E9BE82E->fe27ed9b-283a-4979-94f3-8c29e1f5fa70-AppendLogResponseHandler: Failed appendEntries: org.apache.ratis.thirdparty.io.grpc.StatusRuntimeException: UNAVAILABLE: io exception
2019-11-14 22:54:05,643 [grpc-default-executor-1] INFO  impl.FollowerInfo (FollowerInfo.java:lambda$new$0(51)) - 9b10aba0-cc5c-407b-9285-7072d29b9deb@group-0FFB5E9BE82E->fe27ed9b-283a-4979-94f3-8c29e1f5fa70: nextIndex: updateUnconditionally 0 -> 0
2019-11-14 22:54:05,669 [grpc-default-executor-6] WARN  server.GrpcLogAppender (LogUtils.java:warn(134)) - 1557401b-269c-4760-ad9d-3babb3e549ee@group-8ACE7C8AE926->377585f1-7b09-4361-841d-f3e5d0778973-AppendLogResponseHandler: Failed appendEntries: org.apache.ratis.thirdparty.io.grpc.StatusRuntimeException: UNAVAILABLE: io exception
2019-11-14 22:54:05,670 [grpc-default-executor-6] INFO  impl.FollowerInfo (FollowerInfo.java:lambda$new$0(51)) - 1557401b-269c-4760-ad9d-3babb3e549ee@group-8ACE7C8AE926->377585f1-7b09-4361-841d-f3e5d0778973: nextIndex: updateUnconditionally 0 -> 0
2019-11-14 22:54:05,676 [grpc-default-executor-5] WARN  server.GrpcLogAppender (LogUtils.java:warn(134)) - 0261bc30-8b8d-4db7-80aa-965ad1e19f13@group-BC97297BA0D4->8c93cdd4-5606-4221-9500-0bbe6d2ac50a-AppendLogResponseHandler: Failed appendEntries: org.apache.ratis.thirdparty.io.grpc.StatusRuntimeException: UNAVAILABLE: io exception
2019-11-14 22:54:05,676 [grpc-default-executor-5] INFO  impl.FollowerInfo (FollowerInfo.java:lambda$new$0(51)) - 0261bc30-8b8d-4db7-80aa-965ad1e19f13@group-BC97297BA0D4->8c93cdd4-5606-4221-9500-0bbe6d2ac50a: nextIndex: updateUnconditionally 0 -> 0
2019-11-14 22:54:05,678 [grpc-default-executor-6] WARN  server.GrpcLogAppender (LogUtils.java:warn(134)) - 1557401b-269c-4760-ad9d-3babb3e549ee@group-8ACE7C8AE926->9969a5d9-fcab-46ad-a887-333766046ab2-AppendLogResponseHandler: Failed appendEntries: org.apache.ratis.thirdparty.io.grpc.StatusRuntimeException: UNAVAILABLE: io exception
2019-11-14 22:54:05,678 [grpc-default-executor-6] INFO  impl.FollowerInfo (FollowerInfo.java:lambda$new$0(51)) - 1557401b-269c-4760-ad9d-3babb3e549ee@group-8ACE7C8AE926->9969a5d9-fcab-46ad-a887-333766046ab2: nextIndex: updateUnconditionally 0 -> 0
2019-11-14 22:54:05,688 [grpc-default-executor-1] WARN  server.GrpcLogAppender (LogUtils.java:warn(134)) - 0261bc30-8b8d-4db7-80aa-965ad1e19f13@group-BC97297BA0D4->2e7f8c24-c608-431c-b6d8-707cc816ba74-AppendLogResponseHandler: Failed appendEntries: org.apache.ratis.thirdparty.io.grpc.StatusRuntimeException: UNAVAILABLE: io exception
2019-11-14 22:54:05,688 [grpc-default-executor-1] INFO  impl.FollowerInfo (FollowerInfo.java:lambda$new$0(51)) - 0261bc30-8b8d-4db7-80aa-965ad1e19f13@group-BC97297BA0D4->2e7f8c24-c608-431c-b6d8-707cc816ba74: nextIndex: updateUnconditionally 0 -> 0
2019-11-14 22:54:06,143 [grpc-default-executor-5] WARN  server.GrpcLogAppender (LogUtils.java:warn(134)) - 9b10aba0-cc5c-407b-9285-7072d29b9deb@group-0FFB5E9BE82E->fe27ed9b-283a-4979-94f3-8c29e1f5fa70-AppendLogResponseHandler: Failed appendEntries: org.apache.ratis.thirdparty.io.grpc.StatusRuntimeException: UNAVAILABLE: io exception
2019-11-14 22:54:06,143 [grpc-default-executor-5] INFO  impl.FollowerInfo (FollowerInfo.java:lambda$new$0(51)) - 9b10aba0-cc5c-407b-9285-7072d29b9deb@group-0FFB5E9BE82E->fe27ed9b-283a-4979-94f3-8c29e1f5fa70: nextIndex: updateUnconditionally 0 -> 0
2019-11-14 22:54:06,170 [grpc-default-executor-6] WARN  server.GrpcLogAppender (LogUtils.java:warn(134)) - 1557401b-269c-4760-ad9d-3babb3e549ee@group-8ACE7C8AE926->377585f1-7b09-4361-841d-f3e5d0778973-AppendLogResponseHandler: Failed appendEntries: org.apache.ratis.thirdparty.io.grpc.StatusRuntimeException: UNAVAILABLE: io exception
2019-11-14 22:54:06,170 [grpc-default-executor-6] INFO  impl.FollowerInfo (FollowerInfo.java:lambda$new$0(51)) - 1557401b-269c-4760-ad9d-3babb3e549ee@group-8ACE7C8AE926->377585f1-7b09-4361-841d-f3e5d0778973: nextIndex: updateUnconditionally 0 -> 0
2019-11-14 22:54:06,176 [grpc-default-executor-1] WARN  server.GrpcLogAppender (LogUtils.java:warn(134)) - 0261bc30-8b8d-4db7-80aa-965ad1e19f13@group-BC97297BA0D4->8c93cdd4-5606-4221-9500-0bbe6d2ac50a-AppendLogResponseHandler: Failed appendEntries: org.apache.ratis.thirdparty.io.grpc.StatusRuntimeException: UNAVAILABLE: io exception
2019-11-14 22:54:06,176 [grpc-default-executor-1] INFO  impl.FollowerInfo (FollowerInfo.java:lambda$new$0(51)) - 0261bc30-8b8d-4db7-80aa-965ad1e19f13@group-BC97297BA0D4->8c93cdd4-5606-4221-9500-0bbe6d2ac50a: nextIndex: updateUnconditionally 0 -> 0
2019-11-14 22:54:06,178 [grpc-default-executor-5] WARN  server.GrpcLogAppender (LogUtils.java:warn(134)) - 1557401b-269c-4760-ad9d-3babb3e549ee@group-8ACE7C8AE926->9969a5d9-fcab-46ad-a887-333766046ab2-AppendLogResponseHandler: Failed appendEntries: org.apache.ratis.thirdparty.io.grpc.StatusRuntimeException: UNAVAILABLE: io exception
2019-11-14 22:54:06,178 [grpc-default-executor-5] INFO  impl.FollowerInfo (FollowerInfo.java:lambda$new$0(51)) - 1557401b-269c-4760-ad9d-3babb3e549ee@group-8ACE7C8AE926->9969a5d9-fcab-46ad-a887-333766046ab2: nextIndex: updateUnconditionally 0 -> 0
2019-11-14 22:54:06,188 [grpc-default-executor-6] WARN  server.GrpcLogAppender (LogUtils.java:warn(134)) - 0261bc30-8b8d-4db7-80aa-965ad1e19f13@group-BC97297BA0D4->2e7f8c24-c608-431c-b6d8-707cc816ba74-AppendLogResponseHandler: Failed appendEntries: org.apache.ratis.thirdparty.io.grpc.StatusRuntimeException: UNAVAILABLE: io exception
2019-11-14 22:54:06,188 [grpc-default-executor-6] INFO  impl.FollowerInfo (FollowerInfo.java:lambda$new$0(51)) - 0261bc30-8b8d-4db7-80aa-965ad1e19f13@group-BC97297BA0D4->2e7f8c24-c608-431c-b6d8-707cc816ba74: nextIndex: updateUnconditionally 0 -> 0
2019-11-14 22:54:06,469 [ForkJoinPool.commonPool-worker-1] INFO  ozoneimpl.OzoneContainer (OzoneContainer.java:stop(244)) - Attempting to stop container services.
2019-11-14 22:54:06,469 [main] INFO  ozoneimpl.OzoneContainer (OzoneContainer.java:stop(244)) - Attempting to stop container services.
2019-11-14 22:54:06,470 [ForkJoinPool.commonPool-worker-1] INFO  impl.RaftServerProxy (RaftServerProxy.java:lambda$close$4(314)) - 0261bc30-8b8d-4db7-80aa-965ad1e19f13: close
2019-11-14 22:54:06,471 [main] INFO  impl.RaftServerProxy (RaftServerProxy.java:lambda$close$4(314)) - 9b10aba0-cc5c-407b-9285-7072d29b9deb: close
2019-11-14 22:54:06,472 [ForkJoinPool.commonPool-worker-1] INFO  impl.RaftServerImpl (RaftServerImpl.java:lambda$shutdown$3(250)) - 0261bc30-8b8d-4db7-80aa-965ad1e19f13@group-BC97297BA0D4: shutdown
2019-11-14 22:54:06,472 [main] INFO  impl.RaftServerImpl (RaftServerImpl.java:lambda$shutdown$3(250)) - 9b10aba0-cc5c-407b-9285-7072d29b9deb@group-F5BC40990A3C: shutdown
2019-11-14 22:54:06,472 [ForkJoinPool.commonPool-worker-1] INFO  util.JmxRegister (JmxRegister.java:unregister(73)) - Successfully un-registered JMX Bean with object name Ratis:service=RaftServer,group=group-BC97297BA0D4,id=0261bc30-8b8d-4db7-80aa-965ad1e19f13
2019-11-14 22:54:06,473 [main] INFO  util.JmxRegister (JmxRegister.java:unregister(73)) - Successfully un-registered JMX Bean with object name Ratis:service=RaftServer,group=group-F5BC40990A3C,id=9b10aba0-cc5c-407b-9285-7072d29b9deb
2019-11-14 22:54:06,473 [ForkJoinPool.commonPool-worker-1] INFO  impl.RoleInfo (RoleInfo.java:shutdownLeaderState(104)) - 0261bc30-8b8d-4db7-80aa-965ad1e19f13: shutdown LeaderState
2019-11-14 22:54:06,473 [main] INFO  impl.RoleInfo (RoleInfo.java:shutdownLeaderState(104)) - 9b10aba0-cc5c-407b-9285-7072d29b9deb: shutdown LeaderState
2019-11-14 22:54:06,477 [org.apache.ratis.server.impl.LogAppender$AppenderDaemon$$Lambda$475/1389080355@53a164c0] WARN  server.GrpcLogAppender (GrpcLogAppender.java:mayWait(151)) - 0261bc30-8b8d-4db7-80aa-965ad1e19f13@group-BC97297BA0D4->8c93cdd4-5606-4221-9500-0bbe6d2ac50a-GrpcLogAppender: Wait interrupted by java.lang.InterruptedException
2019-11-14 22:54:06,477 [main] INFO  impl.PendingRequests (PendingRequests.java:sendNotLeaderResponses(206)) - 9b10aba0-cc5c-407b-9285-7072d29b9deb@group-F5BC40990A3C-PendingRequests: sendNotLeaderResponses
2019-11-14 22:54:06,477 [ForkJoinPool.commonPool-worker-1] INFO  impl.PendingRequests (PendingRequests.java:sendNotLeaderResponses(206)) - 0261bc30-8b8d-4db7-80aa-965ad1e19f13@group-BC97297BA0D4-PendingRequests: sendNotLeaderResponses
2019-11-14 22:54:06,477 [org.apache.ratis.server.impl.LogAppender$AppenderDaemon$$Lambda$475/1389080355@16a3e870] WARN  server.GrpcLogAppender (GrpcLogAppender.java:mayWait(151)) - 0261bc30-8b8d-4db7-80aa-965ad1e19f13@group-BC97297BA0D4->2e7f8c24-c608-431c-b6d8-707cc816ba74-GrpcLogAppender: Wait interrupted by java.lang.InterruptedException
2019-11-14 22:54:06,478 [ForkJoinPool.commonPool-worker-1] INFO  impl.StateMachineUpdater (StateMachineUpdater.java:stopAndJoin(136)) - 0261bc30-8b8d-4db7-80aa-965ad1e19f13@group-BC97297BA0D4-StateMachineUpdater: set stopIndex = 0
2019-11-14 22:54:06,478 [main] INFO  impl.StateMachineUpdater (StateMachineUpdater.java:stopAndJoin(136)) - 9b10aba0-cc5c-407b-9285-7072d29b9deb@group-F5BC40990A3C-StateMachineUpdater: set stopIndex = 0
2019-11-14 22:54:06,479 [ForkJoinPool.commonPool-worker-1] INFO  impl.RaftServerImpl (ServerState.java:close(387)) - 0261bc30-8b8d-4db7-80aa-965ad1e19f13@group-BC97297BA0D4: closes. applyIndex: 0
2019-11-14 22:54:06,479 [main] INFO  impl.RaftServerImpl (ServerState.java:close(387)) - 9b10aba0-cc5c-407b-9285-7072d29b9deb@group-F5BC40990A3C: closes. applyIndex: 0
2019-11-14 22:54:06,479 [0261bc30-8b8d-4db7-80aa-965ad1e19f13@group-BC97297BA0D4-SegmentedRaftLogWorker] INFO  segmented.SegmentedRaftLogWorker (SegmentedRaftLogWorker.java:run(316)) - 0261bc30-8b8d-4db7-80aa-965ad1e19f13@group-BC97297BA0D4-SegmentedRaftLogWorker was interrupted, exiting. There are 0 tasks remaining in the queue.
2019-11-14 22:54:06,480 [9b10aba0-cc5c-407b-9285-7072d29b9deb@group-F5BC40990A3C-SegmentedRaftLogWorker] INFO  segmented.SegmentedRaftLogWorker (SegmentedRaftLogWorker.java:run(316)) - 9b10aba0-cc5c-407b-9285-7072d29b9deb@group-F5BC40990A3C-SegmentedRaftLogWorker was interrupted, exiting. There are 0 tasks remaining in the queue.
2019-11-14 22:54:06,480 [ForkJoinPool.commonPool-worker-1] INFO  segmented.SegmentedRaftLogWorker (SegmentedRaftLogWorker.java:close(224)) - 0261bc30-8b8d-4db7-80aa-965ad1e19f13@group-BC97297BA0D4-SegmentedRaftLogWorker close()
2019-11-14 22:54:06,480 [main] INFO  segmented.SegmentedRaftLogWorker (SegmentedRaftLogWorker.java:close(224)) - 9b10aba0-cc5c-407b-9285-7072d29b9deb@group-F5BC40990A3C-SegmentedRaftLogWorker close()
2019-11-14 22:54:06,480 [ForkJoinPool.commonPool-worker-1] INFO  impl.RaftServerImpl (RaftServerImpl.java:lambda$shutdown$3(250)) - 0261bc30-8b8d-4db7-80aa-965ad1e19f13@group-EC6EFEB7A9F5: shutdown
2019-11-14 22:54:06,481 [main] INFO  impl.RaftServerImpl (RaftServerImpl.java:lambda$shutdown$3(250)) - 9b10aba0-cc5c-407b-9285-7072d29b9deb@group-0FFB5E9BE82E: shutdown
2019-11-14 22:54:06,481 [ForkJoinPool.commonPool-worker-1] INFO  util.JmxRegister (JmxRegister.java:unregister(73)) - Successfully un-registered JMX Bean with object name Ratis:service=RaftServer,group=group-EC6EFEB7A9F5,id=0261bc30-8b8d-4db7-80aa-965ad1e19f13
2019-11-14 22:54:06,481 [main] INFO  util.JmxRegister (JmxRegister.java:unregister(73)) - Successfully un-registered JMX Bean with object name Ratis:service=RaftServer,group=group-0FFB5E9BE82E,id=9b10aba0-cc5c-407b-9285-7072d29b9deb
2019-11-14 22:54:06,481 [ForkJoinPool.commonPool-worker-1] INFO  impl.RoleInfo (RoleInfo.java:shutdownLeaderState(104)) - 0261bc30-8b8d-4db7-80aa-965ad1e19f13: shutdown LeaderState
2019-11-14 22:54:06,482 [main] INFO  impl.RoleInfo (RoleInfo.java:shutdownLeaderState(104)) - 9b10aba0-cc5c-407b-9285-7072d29b9deb: shutdown LeaderState
2019-11-14 22:54:06,482 [ForkJoinPool.commonPool-worker-1] INFO  impl.PendingRequests (PendingRequests.java:sendNotLeaderResponses(206)) - 0261bc30-8b8d-4db7-80aa-965ad1e19f13@group-EC6EFEB7A9F5-PendingRequests: sendNotLeaderResponses
2019-11-14 22:54:06,484 [org.apache.ratis.server.impl.LogAppender$AppenderDaemon$$Lambda$475/1389080355@13235c46] WARN  server.GrpcLogAppender (GrpcLogAppender.java:mayWait(151)) - 9b10aba0-cc5c-407b-9285-7072d29b9deb@group-0FFB5E9BE82E->fe27ed9b-283a-4979-94f3-8c29e1f5fa70-GrpcLogAppender: Wait interrupted by java.lang.InterruptedException
2019-11-14 22:54:06,484 [org.apache.ratis.server.impl.LogAppender$AppenderDaemon$$Lambda$475/1389080355@5621d046] WARN  server.GrpcLogAppender (GrpcLogAppender.java:mayWait(151)) - 9b10aba0-cc5c-407b-9285-7072d29b9deb@group-0FFB5E9BE82E->38d24973-4522-4e24-8845-d0d59163b20a-GrpcLogAppender: Wait interrupted by java.lang.InterruptedException
2019-11-14 22:54:06,484 [main] INFO  impl.PendingRequests (PendingRequests.java:sendNotLeaderResponses(206)) - 9b10aba0-cc5c-407b-9285-7072d29b9deb@group-0FFB5E9BE82E-PendingRequests: sendNotLeaderResponses
2019-11-14 22:54:06,484 [ForkJoinPool.commonPool-worker-1] INFO  impl.StateMachineUpdater (StateMachineUpdater.java:stopAndJoin(136)) - 0261bc30-8b8d-4db7-80aa-965ad1e19f13@group-EC6EFEB7A9F5-StateMachineUpdater: set stopIndex = 0
2019-11-14 22:54:06,485 [grpc-default-executor-6] INFO  server.GrpcServerProtocolService (GrpcServerProtocolService.java:onCompleted(113)) - 38d24973-4522-4e24-8845-d0d59163b20a: Completed APPEND_ENTRIES, lastRequest: 9b10aba0-cc5c-407b-9285-7072d29b9deb->38d24973-4522-4e24-8845-d0d59163b20a#55-t1, previous=(t:1, i:0), leaderCommit=0, initializing? false, entries: <empty>
2019-11-14 22:54:06,485 [main] INFO  impl.StateMachineUpdater (StateMachineUpdater.java:stopAndJoin(136)) - 9b10aba0-cc5c-407b-9285-7072d29b9deb@group-0FFB5E9BE82E-StateMachineUpdater: set stopIndex = 0
2019-11-14 22:54:06,485 [grpc-default-executor-6] INFO  server.GrpcLogAppender (GrpcLogAppender.java:onCompleted(308)) - 9b10aba0-cc5c-407b-9285-7072d29b9deb@group-0FFB5E9BE82E->38d24973-4522-4e24-8845-d0d59163b20a-AppendLogResponseHandler: follower responses appendEntries COMPLETED
2019-11-14 22:54:06,485 [ForkJoinPool.commonPool-worker-1] INFO  impl.RaftServerImpl (ServerState.java:close(387)) - 0261bc30-8b8d-4db7-80aa-965ad1e19f13@group-EC6EFEB7A9F5: closes. applyIndex: 0
2019-11-14 22:54:06,486 [main] INFO  impl.RaftServerImpl (ServerState.java:close(387)) - 9b10aba0-cc5c-407b-9285-7072d29b9deb@group-0FFB5E9BE82E: closes. applyIndex: 0
2019-11-14 22:54:06,486 [0261bc30-8b8d-4db7-80aa-965ad1e19f13@group-EC6EFEB7A9F5-SegmentedRaftLogWorker] INFO  segmented.SegmentedRaftLogWorker (SegmentedRaftLogWorker.java:run(316)) - 0261bc30-8b8d-4db7-80aa-965ad1e19f13@group-EC6EFEB7A9F5-SegmentedRaftLogWorker was interrupted, exiting. There are 0 tasks remaining in the queue.
2019-11-14 22:54:06,486 [grpc-default-executor-6] INFO  impl.FollowerInfo (FollowerInfo.java:lambda$new$0(51)) - 9b10aba0-cc5c-407b-9285-7072d29b9deb@group-0FFB5E9BE82E->38d24973-4522-4e24-8845-d0d59163b20a: nextIndex: updateUnconditionally 1 -> 0
2019-11-14 22:54:06,487 [ForkJoinPool.commonPool-worker-1] INFO  segmented.SegmentedRaftLogWorker (SegmentedRaftLogWorker.java:close(224)) - 0261bc30-8b8d-4db7-80aa-965ad1e19f13@group-EC6EFEB7A9F5-SegmentedRaftLogWorker close()
2019-11-14 22:54:06,486 [9b10aba0-cc5c-407b-9285-7072d29b9deb@group-0FFB5E9BE82E-SegmentedRaftLogWorker] INFO  segmented.SegmentedRaftLogWorker (SegmentedRaftLogWorker.java:run(316)) - 9b10aba0-cc5c-407b-9285-7072d29b9deb@group-0FFB5E9BE82E-SegmentedRaftLogWorker was interrupted, exiting. There are 0 tasks remaining in the queue.
2019-11-14 22:54:06,487 [ForkJoinPool.commonPool-worker-1] INFO  server.GrpcService (GrpcService.java:closeImpl(164)) - 0261bc30-8b8d-4db7-80aa-965ad1e19f13: shutdown server with port 35118 now
2019-11-14 22:54:06,487 [ForkJoinPool.commonPool-worker-1] INFO  server.GrpcService (GrpcService.java:closeImpl(172)) - 0261bc30-8b8d-4db7-80aa-965ad1e19f13: shutdown server with port 35118 successfully
2019-11-14 22:54:06,491 [main] INFO  segmented.SegmentedRaftLogWorker (SegmentedRaftLogWorker.java:close(224)) - 9b10aba0-cc5c-407b-9285-7072d29b9deb@group-0FFB5E9BE82E-SegmentedRaftLogWorker close()
2019-11-14 22:54:06,492 [refreshUsed-/workdir/hadoop-ozone/integration-test/target/test-dir/MiniOzoneClusterImpl-c304fa79-6e7f-43ac-8564-360665bd8c65/datanode-4/data/containers] WARN  fs.CachingGetSpaceUsed (CachingGetSpaceUsed.java:run(183)) - Thread Interrupted waiting to refresh disk information: sleep interrupted
2019-11-14 22:54:06,492 [main] INFO  server.GrpcService (GrpcService.java:closeImpl(164)) - 9b10aba0-cc5c-407b-9285-7072d29b9deb: shutdown server with port 44092 now
2019-11-14 22:54:06,493 [main] INFO  server.GrpcService (GrpcService.java:closeImpl(172)) - 9b10aba0-cc5c-407b-9285-7072d29b9deb: shutdown server with port 44092 successfully
2019-11-14 22:54:06,500 [refreshUsed-/workdir/hadoop-ozone/integration-test/target/test-dir/MiniOzoneClusterImpl-c304fa79-6e7f-43ac-8564-360665bd8c65/datanode-8/data/containers] WARN  fs.CachingGetSpaceUsed (CachingGetSpaceUsed.java:run(183)) - Thread Interrupted waiting to refresh disk information: sleep interrupted
2019-11-14 22:54:06,514 [ForkJoinPool.commonPool-worker-1] INFO  utils.BackgroundService (BackgroundService.java:shutdown(151)) - Shutting down service BlockDeletingService
2019-11-14 22:54:06,514 [main] INFO  utils.BackgroundService (BackgroundService.java:shutdown(151)) - Shutting down service BlockDeletingService
2019-11-14 22:54:06,516 [ForkJoinPool.commonPool-worker-1] INFO  statemachine.DatanodeStateMachine (DatanodeStateMachine.java:stopDaemon(405)) - Ozone container server stopped.
2019-11-14 22:54:06,523 [main] INFO  statemachine.DatanodeStateMachine (DatanodeStateMachine.java:stopDaemon(405)) - Ozone container server stopped.
2019-11-14 22:54:06,526 [main] INFO  handler.ContextHandler (ContextHandler.java:doStop(910)) - Stopped o.e.j.w.WebAppContext@55c1ced9{/,null,UNAVAILABLE}{/hddsDatanode}
2019-11-14 22:54:06,526 [ForkJoinPool.commonPool-worker-1] INFO  handler.ContextHandler (ContextHandler.java:doStop(910)) - Stopped o.e.j.w.WebAppContext@625487a6{/,null,UNAVAILABLE}{/hddsDatanode}
2019-11-14 22:54:06,527 [ForkJoinPool.commonPool-worker-1] INFO  server.AbstractConnector (AbstractConnector.java:doStop(318)) - Stopped ServerConnector@682e445e{HTTP/1.1,[http/1.1]}{0.0.0.0:0}
2019-11-14 22:54:06,527 [main] INFO  server.AbstractConnector (AbstractConnector.java:doStop(318)) - Stopped ServerConnector@49cc9b2a{HTTP/1.1,[http/1.1]}{0.0.0.0:0}
2019-11-14 22:54:06,528 [ForkJoinPool.commonPool-worker-1] INFO  handler.ContextHandler (ContextHandler.java:doStop(910)) - Stopped o.e.j.s.ServletContextHandler@50cbcca7{/static,jar:file:/home/user/.m2/repository/org/apache/hadoop/hadoop-hdds-container-service/0.5.0-SNAPSHOT/hadoop-hdds-container-service-0.5.0-SNAPSHOT.jar!/webapps/static,UNAVAILABLE}
2019-11-14 22:54:06,528 [main] INFO  handler.ContextHandler (ContextHandler.java:doStop(910)) - Stopped o.e.j.s.ServletContextHandler@1a2773a8{/static,jar:file:/home/user/.m2/repository/org/apache/hadoop/hadoop-hdds-container-service/0.5.0-SNAPSHOT/hadoop-hdds-container-service-0.5.0-SNAPSHOT.jar!/webapps/static,UNAVAILABLE}
2019-11-14 22:54:06,529 [ForkJoinPool.commonPool-worker-1] INFO  handler.ContextHandler (ContextHandler.java:doStop(910)) - Stopped o.e.j.s.ServletContextHandler@204d9edf{/logs,file:///workdir/hadoop-ozone/integration-test/target/log,UNAVAILABLE}
2019-11-14 22:54:06,529 [main] INFO  handler.ContextHandler (ContextHandler.java:doStop(910)) - Stopped o.e.j.s.ServletContextHandler@3a109ff7{/logs,file:///workdir/hadoop-ozone/integration-test/target/log,UNAVAILABLE}
2019-11-14 22:54:06,671 [grpc-default-executor-1] WARN  server.GrpcLogAppender (LogUtils.java:warn(134)) - 1557401b-269c-4760-ad9d-3babb3e549ee@group-8ACE7C8AE926->377585f1-7b09-4361-841d-f3e5d0778973-AppendLogResponseHandler: Failed appendEntries: org.apache.ratis.thirdparty.io.grpc.StatusRuntimeException: UNAVAILABLE: io exception
2019-11-14 22:54:06,671 [grpc-default-executor-1] INFO  impl.FollowerInfo (FollowerInfo.java:lambda$new$0(51)) - 1557401b-269c-4760-ad9d-3babb3e549ee@group-8ACE7C8AE926->377585f1-7b09-4361-841d-f3e5d0778973: nextIndex: updateUnconditionally 0 -> 0
2019-11-14 22:54:06,679 [grpc-default-executor-5] WARN  server.GrpcLogAppender (LogUtils.java:warn(134)) - 1557401b-269c-4760-ad9d-3babb3e549ee@group-8ACE7C8AE926->9969a5d9-fcab-46ad-a887-333766046ab2-AppendLogResponseHandler: Failed appendEntries: org.apache.ratis.thirdparty.io.grpc.StatusRuntimeException: UNAVAILABLE: io exception
2019-11-14 22:54:06,679 [grpc-default-executor-5] INFO  impl.FollowerInfo (FollowerInfo.java:lambda$new$0(51)) - 1557401b-269c-4760-ad9d-3babb3e549ee@group-8ACE7C8AE926->9969a5d9-fcab-46ad-a887-333766046ab2: nextIndex: updateUnconditionally 0 -> 0
2019-11-14 22:54:07,064 [Datanode State Machine Thread - 0] INFO  statemachine.DatanodeStateMachine (DatanodeStateMachine.java:lambda$startDaemon$0(360)) - Ozone container server started.
2019-11-14 22:54:07,171 [grpc-default-executor-6] WARN  server.GrpcLogAppender (LogUtils.java:warn(134)) - 1557401b-269c-4760-ad9d-3babb3e549ee@group-8ACE7C8AE926->377585f1-7b09-4361-841d-f3e5d0778973-AppendLogResponseHandler: Failed appendEntries: org.apache.ratis.thirdparty.io.grpc.StatusRuntimeException: UNAVAILABLE: io exception
2019-11-14 22:54:07,171 [grpc-default-executor-6] INFO  impl.FollowerInfo (FollowerInfo.java:lambda$new$0(51)) - 1557401b-269c-4760-ad9d-3babb3e549ee@group-8ACE7C8AE926->377585f1-7b09-4361-841d-f3e5d0778973: nextIndex: updateUnconditionally 0 -> 0
2019-11-14 22:54:07,179 [grpc-default-executor-1] WARN  server.GrpcLogAppender (LogUtils.java:warn(134)) - 1557401b-269c-4760-ad9d-3babb3e549ee@group-8ACE7C8AE926->9969a5d9-fcab-46ad-a887-333766046ab2-AppendLogResponseHandler: Failed appendEntries: org.apache.ratis.thirdparty.io.grpc.StatusRuntimeException: UNAVAILABLE: io exception
2019-11-14 22:54:07,179 [grpc-default-executor-1] INFO  impl.FollowerInfo (FollowerInfo.java:lambda$new$0(51)) - 1557401b-269c-4760-ad9d-3babb3e549ee@group-8ACE7C8AE926->9969a5d9-fcab-46ad-a887-333766046ab2: nextIndex: updateUnconditionally 0 -> 0
2019-11-14 22:54:07,322 [Datanode State Machine Thread - 0] INFO  statemachine.DatanodeStateMachine (DatanodeStateMachine.java:lambda$startDaemon$0(360)) - Ozone container server started.
2019-11-14 22:54:07,672 [grpc-default-executor-5] WARN  server.GrpcLogAppender (LogUtils.java:warn(134)) - 1557401b-269c-4760-ad9d-3babb3e549ee@group-8ACE7C8AE926->377585f1-7b09-4361-841d-f3e5d0778973-AppendLogResponseHandler: Failed appendEntries: org.apache.ratis.thirdparty.io.grpc.StatusRuntimeException: UNAVAILABLE: io exception
2019-11-14 22:54:07,672 [grpc-default-executor-5] INFO  impl.FollowerInfo (FollowerInfo.java:lambda$new$0(51)) - 1557401b-269c-4760-ad9d-3babb3e549ee@group-8ACE7C8AE926->377585f1-7b09-4361-841d-f3e5d0778973: nextIndex: updateUnconditionally 0 -> 0
2019-11-14 22:54:07,679 [grpc-default-executor-6] WARN  server.GrpcLogAppender (LogUtils.java:warn(134)) - 1557401b-269c-4760-ad9d-3babb3e549ee@group-8ACE7C8AE926->9969a5d9-fcab-46ad-a887-333766046ab2-AppendLogResponseHandler: Failed appendEntries: org.apache.ratis.thirdparty.io.grpc.StatusRuntimeException: UNAVAILABLE: io exception
2019-11-14 22:54:07,680 [grpc-default-executor-6] INFO  impl.FollowerInfo (FollowerInfo.java:lambda$new$0(51)) - 1557401b-269c-4760-ad9d-3babb3e549ee@group-8ACE7C8AE926->9969a5d9-fcab-46ad-a887-333766046ab2: nextIndex: updateUnconditionally 0 -> 0
2019-11-14 22:54:08,172 [grpc-default-executor-6] WARN  server.GrpcLogAppender (LogUtils.java:warn(134)) - 1557401b-269c-4760-ad9d-3babb3e549ee@group-8ACE7C8AE926->377585f1-7b09-4361-841d-f3e5d0778973-AppendLogResponseHandler: Failed appendEntries: org.apache.ratis.thirdparty.io.grpc.StatusRuntimeException: UNAVAILABLE: io exception
2019-11-14 22:54:08,173 [grpc-default-executor-6] INFO  impl.FollowerInfo (FollowerInfo.java:lambda$new$0(51)) - 1557401b-269c-4760-ad9d-3babb3e549ee@group-8ACE7C8AE926->377585f1-7b09-4361-841d-f3e5d0778973: nextIndex: updateUnconditionally 0 -> 0
2019-11-14 22:54:08,180 [grpc-default-executor-6] WARN  server.GrpcLogAppender (LogUtils.java:warn(134)) - 1557401b-269c-4760-ad9d-3babb3e549ee@group-8ACE7C8AE926->9969a5d9-fcab-46ad-a887-333766046ab2-AppendLogResponseHandler: Failed appendEntries: org.apache.ratis.thirdparty.io.grpc.StatusRuntimeException: UNAVAILABLE: io exception
2019-11-14 22:54:08,180 [grpc-default-executor-6] INFO  impl.FollowerInfo (FollowerInfo.java:lambda$new$0(51)) - 1557401b-269c-4760-ad9d-3babb3e549ee@group-8ACE7C8AE926->9969a5d9-fcab-46ad-a887-333766046ab2: nextIndex: updateUnconditionally 0 -> 0
2019-11-14 22:54:08,181 [Thread-4484] INFO  impl.FollowerState (FollowerState.java:run(111)) - 38d24973-4522-4e24-8845-d0d59163b20a@group-0FFB5E9BE82E-FollowerState: change to CANDIDATE, lastRpcTime:2028ms, electionTimeout:1050ms
2019-11-14 22:54:08,182 [Thread-4484] INFO  impl.RoleInfo (RoleInfo.java:shutdownFollowerState(121)) - 38d24973-4522-4e24-8845-d0d59163b20a: shutdown FollowerState
2019-11-14 22:54:08,182 [Thread-4484] INFO  impl.RaftServerImpl (RaftServerImpl.java:setRole(173)) - 38d24973-4522-4e24-8845-d0d59163b20a@group-0FFB5E9BE82E: changes role from  FOLLOWER to CANDIDATE at term 1 for changeToCandidate
2019-11-14 22:54:08,182 [Thread-4484] INFO  impl.RoleInfo (RoleInfo.java:updateAndGet(143)) - 38d24973-4522-4e24-8845-d0d59163b20a: start LeaderElection
2019-11-14 22:54:08,182 [38d24973-4522-4e24-8845-d0d59163b20a@group-0FFB5E9BE82E-LeaderElection167] INFO  impl.RaftServerImpl (ServerState.java:setLeader(255)) - 38d24973-4522-4e24-8845-d0d59163b20a@group-0FFB5E9BE82E: change Leader from 9b10aba0-cc5c-407b-9285-7072d29b9deb to null at term 1 for initElection
2019-11-14 22:54:08,209 [38d24973-4522-4e24-8845-d0d59163b20a@group-0FFB5E9BE82E-LeaderElection167] INFO  impl.LeaderElection (LeaderElection.java:askForVotes(178)) - 38d24973-4522-4e24-8845-d0d59163b20a@group-0FFB5E9BE82E-LeaderElection167: begin an election at term 2 for 0: [fe27ed9b-283a-4979-94f3-8c29e1f5fa70:192.168.164.210:38253, 9b10aba0-cc5c-407b-9285-7072d29b9deb:192.168.164.210:44092, 38d24973-4522-4e24-8845-d0d59163b20a:192.168.164.210:38331], old=null
2019-11-14 22:54:08,211 [38d24973-4522-4e24-8845-d0d59163b20a@group-0FFB5E9BE82E-LeaderElection167] INFO  impl.LeaderElection (LogUtils.java:infoOrTrace(149)) - 38d24973-4522-4e24-8845-d0d59163b20a@group-0FFB5E9BE82E-LeaderElection167 got exception when requesting votes: {}
java.util.concurrent.ExecutionException: org.apache.ratis.thirdparty.io.grpc.StatusRuntimeException: UNAVAILABLE: io exception
	at java.util.concurrent.FutureTask.report(FutureTask.java:122)
	at java.util.concurrent.FutureTask.get(FutureTask.java:192)
	at org.apache.ratis.server.impl.LeaderElection.waitForResults(LeaderElection.java:259)
	at org.apache.ratis.server.impl.LeaderElection.askForVotes(LeaderElection.java:197)
	at org.apache.ratis.server.impl.LeaderElection.run(LeaderElection.java:133)
	at java.lang.Thread.run(Thread.java:748)
Caused by: org.apache.ratis.thirdparty.io.grpc.StatusRuntimeException: UNAVAILABLE: io exception
	at org.apache.ratis.thirdparty.io.grpc.stub.ClientCalls.toStatusRuntimeException(ClientCalls.java:233)
	at org.apache.ratis.thirdparty.io.grpc.stub.ClientCalls.getUnchecked(ClientCalls.java:214)
	at org.apache.ratis.thirdparty.io.grpc.stub.ClientCalls.blockingUnaryCall(ClientCalls.java:139)
	at org.apache.ratis.proto.grpc.RaftServerProtocolServiceGrpc$RaftServerProtocolServiceBlockingStub.requestVote(RaftServerProtocolServiceGrpc.java:265)
	at org.apache.ratis.grpc.server.GrpcServerProtocolClient.requestVote(GrpcServerProtocolClient.java:99)
	at org.apache.ratis.grpc.server.GrpcService.requestVote(GrpcService.java:204)
	at org.apache.ratis.server.impl.LeaderElection.lambda$submitRequests$1(LeaderElection.java:234)
	at java.util.concurrent.FutureTask.run(FutureTask.java:266)
	at java.util.concurrent.Executors$RunnableAdapter.call(Executors.java:511)
	at java.util.concurrent.FutureTask.run(FutureTask.java:266)
	at java.util.concurrent.ThreadPoolExecutor.runWorker(ThreadPoolExecutor.java:1149)
	at java.util.concurrent.ThreadPoolExecutor$Worker.run(ThreadPoolExecutor.java:624)
	... 1 more
Caused by: org.apache.ratis.thirdparty.io.netty.channel.AbstractChannel$AnnotatedConnectException: Connection refused: /192.168.164.210:38253
	at sun.nio.ch.SocketChannelImpl.checkConnect(Native Method)
	at sun.nio.ch.SocketChannelImpl.finishConnect(SocketChannelImpl.java:717)
	at org.apache.ratis.thirdparty.io.netty.channel.socket.nio.NioSocketChannel.doFinishConnect(NioSocketChannel.java:327)
	at org.apache.ratis.thirdparty.io.netty.channel.nio.AbstractNioChannel$AbstractNioUnsafe.finishConnect(AbstractNioChannel.java:340)
	at org.apache.ratis.thirdparty.io.netty.channel.nio.NioEventLoop.processSelectedKey(NioEventLoop.java:632)
	at org.apache.ratis.thirdparty.io.netty.channel.nio.NioEventLoop.processSelectedKeysOptimized(NioEventLoop.java:579)
	at org.apache.ratis.thirdparty.io.netty.channel.nio.NioEventLoop.processSelectedKeys(NioEventLoop.java:496)
	at org.apache.ratis.thirdparty.io.netty.channel.nio.NioEventLoop.run(NioEventLoop.java:458)
	at org.apache.ratis.thirdparty.io.netty.util.concurrent.SingleThreadEventExecutor$5.run(SingleThreadEventExecutor.java:897)
	at org.apache.ratis.thirdparty.io.netty.util.concurrent.FastThreadLocalRunnable.run(FastThreadLocalRunnable.java:30)
	... 1 more
Caused by: java.net.ConnectException: Connection refused
	... 11 more
2019-11-14 22:54:08,213 [38d24973-4522-4e24-8845-d0d59163b20a@group-0FFB5E9BE82E-LeaderElection167] INFO  impl.LeaderElection (LogUtils.java:infoOrTrace(149)) - 38d24973-4522-4e24-8845-d0d59163b20a@group-0FFB5E9BE82E-LeaderElection167 got exception when requesting votes: {}
java.util.concurrent.ExecutionException: org.apache.ratis.thirdparty.io.grpc.StatusRuntimeException: UNAVAILABLE: io exception
	at java.util.concurrent.FutureTask.report(FutureTask.java:122)
	at java.util.concurrent.FutureTask.get(FutureTask.java:192)
	at org.apache.ratis.server.impl.LeaderElection.waitForResults(LeaderElection.java:259)
	at org.apache.ratis.server.impl.LeaderElection.askForVotes(LeaderElection.java:197)
	at org.apache.ratis.server.impl.LeaderElection.run(LeaderElection.java:133)
	at java.lang.Thread.run(Thread.java:748)
Caused by: org.apache.ratis.thirdparty.io.grpc.StatusRuntimeException: UNAVAILABLE: io exception
	at org.apache.ratis.thirdparty.io.grpc.stub.ClientCalls.toStatusRuntimeException(ClientCalls.java:233)
	at org.apache.ratis.thirdparty.io.grpc.stub.ClientCalls.getUnchecked(ClientCalls.java:214)
	at org.apache.ratis.thirdparty.io.grpc.stub.ClientCalls.blockingUnaryCall(ClientCalls.java:139)
	at org.apache.ratis.proto.grpc.RaftServerProtocolServiceGrpc$RaftServerProtocolServiceBlockingStub.requestVote(RaftServerProtocolServiceGrpc.java:265)
	at org.apache.ratis.grpc.server.GrpcServerProtocolClient.requestVote(GrpcServerProtocolClient.java:99)
	at org.apache.ratis.grpc.server.GrpcService.requestVote(GrpcService.java:204)
	at org.apache.ratis.server.impl.LeaderElection.lambda$submitRequests$1(LeaderElection.java:234)
	at java.util.concurrent.FutureTask.run(FutureTask.java:266)
	at java.util.concurrent.Executors$RunnableAdapter.call(Executors.java:511)
	at java.util.concurrent.FutureTask.run(FutureTask.java:266)
	at java.util.concurrent.ThreadPoolExecutor.runWorker(ThreadPoolExecutor.java:1149)
	at java.util.concurrent.ThreadPoolExecutor$Worker.run(ThreadPoolExecutor.java:624)
	... 1 more
Caused by: org.apache.ratis.thirdparty.io.netty.channel.AbstractChannel$AnnotatedConnectException: Connection refused: /192.168.164.210:44092
	at sun.nio.ch.SocketChannelImpl.checkConnect(Native Method)
	at sun.nio.ch.SocketChannelImpl.finishConnect(SocketChannelImpl.java:717)
	at org.apache.ratis.thirdparty.io.netty.channel.socket.nio.NioSocketChannel.doFinishConnect(NioSocketChannel.java:327)
	at org.apache.ratis.thirdparty.io.netty.channel.nio.AbstractNioChannel$AbstractNioUnsafe.finishConnect(AbstractNioChannel.java:340)
	at org.apache.ratis.thirdparty.io.netty.channel.nio.NioEventLoop.processSelectedKey(NioEventLoop.java:632)
	at org.apache.ratis.thirdparty.io.netty.channel.nio.NioEventLoop.processSelectedKeysOptimized(NioEventLoop.java:579)
	at org.apache.ratis.thirdparty.io.netty.channel.nio.NioEventLoop.processSelectedKeys(NioEventLoop.java:496)
	at org.apache.ratis.thirdparty.io.netty.channel.nio.NioEventLoop.run(NioEventLoop.java:458)
	at org.apache.ratis.thirdparty.io.netty.util.concurrent.SingleThreadEventExecutor$5.run(SingleThreadEventExecutor.java:897)
	at org.apache.ratis.thirdparty.io.netty.util.concurrent.FastThreadLocalRunnable.run(FastThreadLocalRunnable.java:30)
	... 1 more
Caused by: java.net.ConnectException: Connection refused
	... 11 more
2019-11-14 22:54:08,215 [38d24973-4522-4e24-8845-d0d59163b20a@group-0FFB5E9BE82E-LeaderElection167] INFO  impl.LeaderElection (LeaderElection.java:logAndReturn(56)) - 38d24973-4522-4e24-8845-d0d59163b20a@group-0FFB5E9BE82E-LeaderElection167: Election REJECTED; received 0 response(s) [] and 2 exception(s); 38d24973-4522-4e24-8845-d0d59163b20a@group-0FFB5E9BE82E:t2, leader=null, voted=38d24973-4522-4e24-8845-d0d59163b20a, raftlog=38d24973-4522-4e24-8845-d0d59163b20a@group-0FFB5E9BE82E-SegmentedRaftLog:OPENED:c0,f0,i0, conf=0: [fe27ed9b-283a-4979-94f3-8c29e1f5fa70:192.168.164.210:38253, 9b10aba0-cc5c-407b-9285-7072d29b9deb:192.168.164.210:44092, 38d24973-4522-4e24-8845-d0d59163b20a:192.168.164.210:38331], old=null
2019-11-14 22:54:08,215 [38d24973-4522-4e24-8845-d0d59163b20a@group-0FFB5E9BE82E-LeaderElection167] INFO  impl.LeaderElection (LogUtils.java:infoOrTrace(149)) -   Exception 0: {}
java.util.concurrent.ExecutionException: org.apache.ratis.thirdparty.io.grpc.StatusRuntimeException: UNAVAILABLE: io exception
	at java.util.concurrent.FutureTask.report(FutureTask.java:122)
	at java.util.concurrent.FutureTask.get(FutureTask.java:192)
	at org.apache.ratis.server.impl.LeaderElection.waitForResults(LeaderElection.java:259)
	at org.apache.ratis.server.impl.LeaderElection.askForVotes(LeaderElection.java:197)
	at org.apache.ratis.server.impl.LeaderElection.run(LeaderElection.java:133)
	at java.lang.Thread.run(Thread.java:748)
Caused by: org.apache.ratis.thirdparty.io.grpc.StatusRuntimeException: UNAVAILABLE: io exception
	at org.apache.ratis.thirdparty.io.grpc.stub.ClientCalls.toStatusRuntimeException(ClientCalls.java:233)
	at org.apache.ratis.thirdparty.io.grpc.stub.ClientCalls.getUnchecked(ClientCalls.java:214)
	at org.apache.ratis.thirdparty.io.grpc.stub.ClientCalls.blockingUnaryCall(ClientCalls.java:139)
	at org.apache.ratis.proto.grpc.RaftServerProtocolServiceGrpc$RaftServerProtocolServiceBlockingStub.requestVote(RaftServerProtocolServiceGrpc.java:265)
	at org.apache.ratis.grpc.server.GrpcServerProtocolClient.requestVote(GrpcServerProtocolClient.java:99)
	at org.apache.ratis.grpc.server.GrpcService.requestVote(GrpcService.java:204)
	at org.apache.ratis.server.impl.LeaderElection.lambda$submitRequests$1(LeaderElection.java:234)
	at java.util.concurrent.FutureTask.run(FutureTask.java:266)
	at java.util.concurrent.Executors$RunnableAdapter.call(Executors.java:511)
	at java.util.concurrent.FutureTask.run(FutureTask.java:266)
	at java.util.concurrent.ThreadPoolExecutor.runWorker(ThreadPoolExecutor.java:1149)
	at java.util.concurrent.ThreadPoolExecutor$Worker.run(ThreadPoolExecutor.java:624)
	... 1 more
Caused by: org.apache.ratis.thirdparty.io.netty.channel.AbstractChannel$AnnotatedConnectException: Connection refused: /192.168.164.210:38253
	at sun.nio.ch.SocketChannelImpl.checkConnect(Native Method)
	at sun.nio.ch.SocketChannelImpl.finishConnect(SocketChannelImpl.java:717)
	at org.apache.ratis.thirdparty.io.netty.channel.socket.nio.NioSocketChannel.doFinishConnect(NioSocketChannel.java:327)
	at org.apache.ratis.thirdparty.io.netty.channel.nio.AbstractNioChannel$AbstractNioUnsafe.finishConnect(AbstractNioChannel.java:340)
	at org.apache.ratis.thirdparty.io.netty.channel.nio.NioEventLoop.processSelectedKey(NioEventLoop.java:632)
	at org.apache.ratis.thirdparty.io.netty.channel.nio.NioEventLoop.processSelectedKeysOptimized(NioEventLoop.java:579)
	at org.apache.ratis.thirdparty.io.netty.channel.nio.NioEventLoop.processSelectedKeys(NioEventLoop.java:496)
	at org.apache.ratis.thirdparty.io.netty.channel.nio.NioEventLoop.run(NioEventLoop.java:458)
	at org.apache.ratis.thirdparty.io.netty.util.concurrent.SingleThreadEventExecutor$5.run(SingleThreadEventExecutor.java:897)
	at org.apache.ratis.thirdparty.io.netty.util.concurrent.FastThreadLocalRunnable.run(FastThreadLocalRunnable.java:30)
	... 1 more
Caused by: java.net.ConnectException: Connection refused
	... 11 more
2019-11-14 22:54:08,215 [38d24973-4522-4e24-8845-d0d59163b20a@group-0FFB5E9BE82E-LeaderElection167] INFO  impl.LeaderElection (LogUtils.java:infoOrTrace(149)) -   Exception 1: {}
java.util.concurrent.ExecutionException: org.apache.ratis.thirdparty.io.grpc.StatusRuntimeException: UNAVAILABLE: io exception
	at java.util.concurrent.FutureTask.report(FutureTask.java:122)
	at java.util.concurrent.FutureTask.get(FutureTask.java:192)
	at org.apache.ratis.server.impl.LeaderElection.waitForResults(LeaderElection.java:259)
	at org.apache.ratis.server.impl.LeaderElection.askForVotes(LeaderElection.java:197)
	at org.apache.ratis.server.impl.LeaderElection.run(LeaderElection.java:133)
	at java.lang.Thread.run(Thread.java:748)
Caused by: org.apache.ratis.thirdparty.io.grpc.StatusRuntimeException: UNAVAILABLE: io exception
	at org.apache.ratis.thirdparty.io.grpc.stub.ClientCalls.toStatusRuntimeException(ClientCalls.java:233)
	at org.apache.ratis.thirdparty.io.grpc.stub.ClientCalls.getUnchecked(ClientCalls.java:214)
	at org.apache.ratis.thirdparty.io.grpc.stub.ClientCalls.blockingUnaryCall(ClientCalls.java:139)
	at org.apache.ratis.proto.grpc.RaftServerProtocolServiceGrpc$RaftServerProtocolServiceBlockingStub.requestVote(RaftServerProtocolServiceGrpc.java:265)
	at org.apache.ratis.grpc.server.GrpcServerProtocolClient.requestVote(GrpcServerProtocolClient.java:99)
	at org.apache.ratis.grpc.server.GrpcService.requestVote(GrpcService.java:204)
	at org.apache.ratis.server.impl.LeaderElection.lambda$submitRequests$1(LeaderElection.java:234)
	at java.util.concurrent.FutureTask.run(FutureTask.java:266)
	at java.util.concurrent.Executors$RunnableAdapter.call(Executors.java:511)
	at java.util.concurrent.FutureTask.run(FutureTask.java:266)
	at java.util.concurrent.ThreadPoolExecutor.runWorker(ThreadPoolExecutor.java:1149)
	at java.util.concurrent.ThreadPoolExecutor$Worker.run(ThreadPoolExecutor.java:624)
	... 1 more
Caused by: org.apache.ratis.thirdparty.io.netty.channel.AbstractChannel$AnnotatedConnectException: Connection refused: /192.168.164.210:44092
	at sun.nio.ch.SocketChannelImpl.checkConnect(Native Method)
	at sun.nio.ch.SocketChannelImpl.finishConnect(SocketChannelImpl.java:717)
	at org.apache.ratis.thirdparty.io.netty.channel.socket.nio.NioSocketChannel.doFinishConnect(NioSocketChannel.java:327)
	at org.apache.ratis.thirdparty.io.netty.channel.nio.AbstractNioChannel$AbstractNioUnsafe.finishConnect(AbstractNioChannel.java:340)
	at org.apache.ratis.thirdparty.io.netty.channel.nio.NioEventLoop.processSelectedKey(NioEventLoop.java:632)
	at org.apache.ratis.thirdparty.io.netty.channel.nio.NioEventLoop.processSelectedKeysOptimized(NioEventLoop.java:579)
	at org.apache.ratis.thirdparty.io.netty.channel.nio.NioEventLoop.processSelectedKeys(NioEventLoop.java:496)
	at org.apache.ratis.thirdparty.io.netty.channel.nio.NioEventLoop.run(NioEventLoop.java:458)
	at org.apache.ratis.thirdparty.io.netty.util.concurrent.SingleThreadEventExecutor$5.run(SingleThreadEventExecutor.java:897)
	at org.apache.ratis.thirdparty.io.netty.util.concurrent.FastThreadLocalRunnable.run(FastThreadLocalRunnable.java:30)
	... 1 more
Caused by: java.net.ConnectException: Connection refused
	... 11 more
2019-11-14 22:54:08,216 [38d24973-4522-4e24-8845-d0d59163b20a@group-0FFB5E9BE82E-LeaderElection167] INFO  impl.RaftServerImpl (RaftServerImpl.java:setRole(173)) - 38d24973-4522-4e24-8845-d0d59163b20a@group-0FFB5E9BE82E: changes role from CANDIDATE to FOLLOWER at term 2 for DISCOVERED_A_NEW_TERM
2019-11-14 22:54:08,216 [38d24973-4522-4e24-8845-d0d59163b20a@group-0FFB5E9BE82E-LeaderElection167] INFO  impl.RoleInfo (RoleInfo.java:shutdownLeaderElection(134)) - 38d24973-4522-4e24-8845-d0d59163b20a: shutdown LeaderElection
2019-11-14 22:54:08,216 [38d24973-4522-4e24-8845-d0d59163b20a@group-0FFB5E9BE82E-LeaderElection167] INFO  impl.RoleInfo (RoleInfo.java:updateAndGet(143)) - 38d24973-4522-4e24-8845-d0d59163b20a: start FollowerState
2019-11-14 22:54:08,673 [grpc-default-executor-6] WARN  server.GrpcLogAppender (LogUtils.java:warn(134)) - 1557401b-269c-4760-ad9d-3babb3e549ee@group-8ACE7C8AE926->377585f1-7b09-4361-841d-f3e5d0778973-AppendLogResponseHandler: Failed appendEntries: org.apache.ratis.thirdparty.io.grpc.StatusRuntimeException: UNAVAILABLE: io exception
2019-11-14 22:54:08,674 [grpc-default-executor-6] INFO  impl.FollowerInfo (FollowerInfo.java:lambda$new$0(51)) - 1557401b-269c-4760-ad9d-3babb3e549ee@group-8ACE7C8AE926->377585f1-7b09-4361-841d-f3e5d0778973: nextIndex: updateUnconditionally 0 -> 0
2019-11-14 22:54:08,680 [grpc-default-executor-1] WARN  server.GrpcLogAppender (LogUtils.java:warn(134)) - 1557401b-269c-4760-ad9d-3babb3e549ee@group-8ACE7C8AE926->9969a5d9-fcab-46ad-a887-333766046ab2-AppendLogResponseHandler: Failed appendEntries: org.apache.ratis.thirdparty.io.grpc.StatusRuntimeException: UNAVAILABLE: io exception
2019-11-14 22:54:08,681 [grpc-default-executor-1] INFO  impl.FollowerInfo (FollowerInfo.java:lambda$new$0(51)) - 1557401b-269c-4760-ad9d-3babb3e549ee@group-8ACE7C8AE926->9969a5d9-fcab-46ad-a887-333766046ab2: nextIndex: updateUnconditionally 0 -> 0
2019-11-14 22:54:09,174 [grpc-default-executor-1] WARN  server.GrpcLogAppender (LogUtils.java:warn(134)) - 1557401b-269c-4760-ad9d-3babb3e549ee@group-8ACE7C8AE926->377585f1-7b09-4361-841d-f3e5d0778973-AppendLogResponseHandler: Failed appendEntries: org.apache.ratis.thirdparty.io.grpc.StatusRuntimeException: UNAVAILABLE: io exception
2019-11-14 22:54:09,174 [grpc-default-executor-1] INFO  impl.FollowerInfo (FollowerInfo.java:lambda$new$0(51)) - 1557401b-269c-4760-ad9d-3babb3e549ee@group-8ACE7C8AE926->377585f1-7b09-4361-841d-f3e5d0778973: nextIndex: updateUnconditionally 0 -> 0
2019-11-14 22:54:09,180 [grpc-default-executor-5] WARN  server.GrpcLogAppender (LogUtils.java:warn(134)) - 1557401b-269c-4760-ad9d-3babb3e549ee@group-8ACE7C8AE926->9969a5d9-fcab-46ad-a887-333766046ab2-AppendLogResponseHandler: Failed appendEntries: org.apache.ratis.thirdparty.io.grpc.StatusRuntimeException: UNAVAILABLE: io exception
2019-11-14 22:54:09,181 [grpc-default-executor-5] INFO  impl.FollowerInfo (FollowerInfo.java:lambda$new$0(51)) - 1557401b-269c-4760-ad9d-3babb3e549ee@group-8ACE7C8AE926->9969a5d9-fcab-46ad-a887-333766046ab2: nextIndex: updateUnconditionally 0 -> 0
2019-11-14 22:54:09,382 [Thread-4784] INFO  impl.FollowerState (FollowerState.java:run(111)) - 38d24973-4522-4e24-8845-d0d59163b20a@group-0FFB5E9BE82E-FollowerState: change to CANDIDATE, lastRpcTime:1165ms, electionTimeout:1165ms
2019-11-14 22:54:09,382 [Thread-4784] INFO  impl.RoleInfo (RoleInfo.java:shutdownFollowerState(121)) - 38d24973-4522-4e24-8845-d0d59163b20a: shutdown FollowerState
2019-11-14 22:54:09,382 [Thread-4784] INFO  impl.RaftServerImpl (RaftServerImpl.java:setRole(173)) - 38d24973-4522-4e24-8845-d0d59163b20a@group-0FFB5E9BE82E: changes role from  FOLLOWER to CANDIDATE at term 2 for changeToCandidate
2019-11-14 22:54:09,382 [Thread-4784] INFO  impl.RoleInfo (RoleInfo.java:updateAndGet(143)) - 38d24973-4522-4e24-8845-d0d59163b20a: start LeaderElection
2019-11-14 22:54:09,397 [38d24973-4522-4e24-8845-d0d59163b20a@group-0FFB5E9BE82E-LeaderElection168] INFO  impl.LeaderElection (LeaderElection.java:askForVotes(178)) - 38d24973-4522-4e24-8845-d0d59163b20a@group-0FFB5E9BE82E-LeaderElection168: begin an election at term 3 for 0: [fe27ed9b-283a-4979-94f3-8c29e1f5fa70:192.168.164.210:38253, 9b10aba0-cc5c-407b-9285-7072d29b9deb:192.168.164.210:44092, 38d24973-4522-4e24-8845-d0d59163b20a:192.168.164.210:38331], old=null
2019-11-14 22:54:09,399 [38d24973-4522-4e24-8845-d0d59163b20a@group-0FFB5E9BE82E-LeaderElection168] INFO  impl.LeaderElection (LogUtils.java:infoOrTrace(149)) - 38d24973-4522-4e24-8845-d0d59163b20a@group-0FFB5E9BE82E-LeaderElection168 got exception when requesting votes: {}
java.util.concurrent.ExecutionException: org.apache.ratis.thirdparty.io.grpc.StatusRuntimeException: UNAVAILABLE: io exception
	at java.util.concurrent.FutureTask.report(FutureTask.java:122)
	at java.util.concurrent.FutureTask.get(FutureTask.java:192)
	at org.apache.ratis.server.impl.LeaderElection.waitForResults(LeaderElection.java:259)
	at org.apache.ratis.server.impl.LeaderElection.askForVotes(LeaderElection.java:197)
	at org.apache.ratis.server.impl.LeaderElection.run(LeaderElection.java:133)
	at java.lang.Thread.run(Thread.java:748)
Caused by: org.apache.ratis.thirdparty.io.grpc.StatusRuntimeException: UNAVAILABLE: io exception
	at org.apache.ratis.thirdparty.io.grpc.stub.ClientCalls.toStatusRuntimeException(ClientCalls.java:233)
	at org.apache.ratis.thirdparty.io.grpc.stub.ClientCalls.getUnchecked(ClientCalls.java:214)
	at org.apache.ratis.thirdparty.io.grpc.stub.ClientCalls.blockingUnaryCall(ClientCalls.java:139)
	at org.apache.ratis.proto.grpc.RaftServerProtocolServiceGrpc$RaftServerProtocolServiceBlockingStub.requestVote(RaftServerProtocolServiceGrpc.java:265)
	at org.apache.ratis.grpc.server.GrpcServerProtocolClient.requestVote(GrpcServerProtocolClient.java:99)
	at org.apache.ratis.grpc.server.GrpcService.requestVote(GrpcService.java:204)
	at org.apache.ratis.server.impl.LeaderElection.lambda$submitRequests$1(LeaderElection.java:234)
	at java.util.concurrent.FutureTask.run(FutureTask.java:266)
	at java.util.concurrent.Executors$RunnableAdapter.call(Executors.java:511)
	at java.util.concurrent.FutureTask.run(FutureTask.java:266)
	at java.util.concurrent.ThreadPoolExecutor.runWorker(ThreadPoolExecutor.java:1149)
	at java.util.concurrent.ThreadPoolExecutor$Worker.run(ThreadPoolExecutor.java:624)
	... 1 more
Caused by: org.apache.ratis.thirdparty.io.netty.channel.AbstractChannel$AnnotatedConnectException: Connection refused: /192.168.164.210:38253
	at sun.nio.ch.SocketChannelImpl.checkConnect(Native Method)
	at sun.nio.ch.SocketChannelImpl.finishConnect(SocketChannelImpl.java:717)
	at org.apache.ratis.thirdparty.io.netty.channel.socket.nio.NioSocketChannel.doFinishConnect(NioSocketChannel.java:327)
	at org.apache.ratis.thirdparty.io.netty.channel.nio.AbstractNioChannel$AbstractNioUnsafe.finishConnect(AbstractNioChannel.java:340)
	at org.apache.ratis.thirdparty.io.netty.channel.nio.NioEventLoop.processSelectedKey(NioEventLoop.java:632)
	at org.apache.ratis.thirdparty.io.netty.channel.nio.NioEventLoop.processSelectedKeysOptimized(NioEventLoop.java:579)
	at org.apache.ratis.thirdparty.io.netty.channel.nio.NioEventLoop.processSelectedKeys(NioEventLoop.java:496)
	at org.apache.ratis.thirdparty.io.netty.channel.nio.NioEventLoop.run(NioEventLoop.java:458)
	at org.apache.ratis.thirdparty.io.netty.util.concurrent.SingleThreadEventExecutor$5.run(SingleThreadEventExecutor.java:897)
	at org.apache.ratis.thirdparty.io.netty.util.concurrent.FastThreadLocalRunnable.run(FastThreadLocalRunnable.java:30)
	... 1 more
Caused by: java.net.ConnectException: Connection refused
	... 11 more
2019-11-14 22:54:09,402 [38d24973-4522-4e24-8845-d0d59163b20a@group-0FFB5E9BE82E-LeaderElection168] INFO  impl.LeaderElection (LogUtils.java:infoOrTrace(149)) - 38d24973-4522-4e24-8845-d0d59163b20a@group-0FFB5E9BE82E-LeaderElection168 got exception when requesting votes: {}
java.util.concurrent.ExecutionException: org.apache.ratis.thirdparty.io.grpc.StatusRuntimeException: UNAVAILABLE: io exception
	at java.util.concurrent.FutureTask.report(FutureTask.java:122)
	at java.util.concurrent.FutureTask.get(FutureTask.java:192)
	at org.apache.ratis.server.impl.LeaderElection.waitForResults(LeaderElection.java:259)
	at org.apache.ratis.server.impl.LeaderElection.askForVotes(LeaderElection.java:197)
	at org.apache.ratis.server.impl.LeaderElection.run(LeaderElection.java:133)
	at java.lang.Thread.run(Thread.java:748)
Caused by: org.apache.ratis.thirdparty.io.grpc.StatusRuntimeException: UNAVAILABLE: io exception
	at org.apache.ratis.thirdparty.io.grpc.stub.ClientCalls.toStatusRuntimeException(ClientCalls.java:233)
	at org.apache.ratis.thirdparty.io.grpc.stub.ClientCalls.getUnchecked(ClientCalls.java:214)
	at org.apache.ratis.thirdparty.io.grpc.stub.ClientCalls.blockingUnaryCall(ClientCalls.java:139)
	at org.apache.ratis.proto.grpc.RaftServerProtocolServiceGrpc$RaftServerProtocolServiceBlockingStub.requestVote(RaftServerProtocolServiceGrpc.java:265)
	at org.apache.ratis.grpc.server.GrpcServerProtocolClient.requestVote(GrpcServerProtocolClient.java:99)
	at org.apache.ratis.grpc.server.GrpcService.requestVote(GrpcService.java:204)
	at org.apache.ratis.server.impl.LeaderElection.lambda$submitRequests$1(LeaderElection.java:234)
	at java.util.concurrent.FutureTask.run(FutureTask.java:266)
	at java.util.concurrent.Executors$RunnableAdapter.call(Executors.java:511)
	at java.util.concurrent.FutureTask.run(FutureTask.java:266)
	at java.util.concurrent.ThreadPoolExecutor.runWorker(ThreadPoolExecutor.java:1149)
	at java.util.concurrent.ThreadPoolExecutor$Worker.run(ThreadPoolExecutor.java:624)
	... 1 more
Caused by: org.apache.ratis.thirdparty.io.netty.channel.AbstractChannel$AnnotatedConnectException: Connection refused: /192.168.164.210:44092
	at sun.nio.ch.SocketChannelImpl.checkConnect(Native Method)
	at sun.nio.ch.SocketChannelImpl.finishConnect(SocketChannelImpl.java:717)
	at org.apache.ratis.thirdparty.io.netty.channel.socket.nio.NioSocketChannel.doFinishConnect(NioSocketChannel.java:327)
	at org.apache.ratis.thirdparty.io.netty.channel.nio.AbstractNioChannel$AbstractNioUnsafe.finishConnect(AbstractNioChannel.java:340)
	at org.apache.ratis.thirdparty.io.netty.channel.nio.NioEventLoop.processSelectedKey(NioEventLoop.java:632)
	at org.apache.ratis.thirdparty.io.netty.channel.nio.NioEventLoop.processSelectedKeysOptimized(NioEventLoop.java:579)
	at org.apache.ratis.thirdparty.io.netty.channel.nio.NioEventLoop.processSelectedKeys(NioEventLoop.java:496)
	at org.apache.ratis.thirdparty.io.netty.channel.nio.NioEventLoop.run(NioEventLoop.java:458)
	at org.apache.ratis.thirdparty.io.netty.util.concurrent.SingleThreadEventExecutor$5.run(SingleThreadEventExecutor.java:897)
	at org.apache.ratis.thirdparty.io.netty.util.concurrent.FastThreadLocalRunnable.run(FastThreadLocalRunnable.java:30)
	... 1 more
Caused by: java.net.ConnectException: Connection refused
	... 11 more
2019-11-14 22:54:09,403 [38d24973-4522-4e24-8845-d0d59163b20a@group-0FFB5E9BE82E-LeaderElection168] INFO  impl.LeaderElection (LeaderElection.java:logAndReturn(56)) - 38d24973-4522-4e24-8845-d0d59163b20a@group-0FFB5E9BE82E-LeaderElection168: Election REJECTED; received 0 response(s) [] and 2 exception(s); 38d24973-4522-4e24-8845-d0d59163b20a@group-0FFB5E9BE82E:t3, leader=null, voted=38d24973-4522-4e24-8845-d0d59163b20a, raftlog=38d24973-4522-4e24-8845-d0d59163b20a@group-0FFB5E9BE82E-SegmentedRaftLog:OPENED:c0,f0,i0, conf=0: [fe27ed9b-283a-4979-94f3-8c29e1f5fa70:192.168.164.210:38253, 9b10aba0-cc5c-407b-9285-7072d29b9deb:192.168.164.210:44092, 38d24973-4522-4e24-8845-d0d59163b20a:192.168.164.210:38331], old=null
2019-11-14 22:54:09,403 [38d24973-4522-4e24-8845-d0d59163b20a@group-0FFB5E9BE82E-LeaderElection168] INFO  impl.LeaderElection (LogUtils.java:infoOrTrace(149)) -   Exception 0: {}
java.util.concurrent.ExecutionException: org.apache.ratis.thirdparty.io.grpc.StatusRuntimeException: UNAVAILABLE: io exception
	at java.util.concurrent.FutureTask.report(FutureTask.java:122)
	at java.util.concurrent.FutureTask.get(FutureTask.java:192)
	at org.apache.ratis.server.impl.LeaderElection.waitForResults(LeaderElection.java:259)
	at org.apache.ratis.server.impl.LeaderElection.askForVotes(LeaderElection.java:197)
	at org.apache.ratis.server.impl.LeaderElection.run(LeaderElection.java:133)
	at java.lang.Thread.run(Thread.java:748)
Caused by: org.apache.ratis.thirdparty.io.grpc.StatusRuntimeException: UNAVAILABLE: io exception
	at org.apache.ratis.thirdparty.io.grpc.stub.ClientCalls.toStatusRuntimeException(ClientCalls.java:233)
	at org.apache.ratis.thirdparty.io.grpc.stub.ClientCalls.getUnchecked(ClientCalls.java:214)
	at org.apache.ratis.thirdparty.io.grpc.stub.ClientCalls.blockingUnaryCall(ClientCalls.java:139)
	at org.apache.ratis.proto.grpc.RaftServerProtocolServiceGrpc$RaftServerProtocolServiceBlockingStub.requestVote(RaftServerProtocolServiceGrpc.java:265)
	at org.apache.ratis.grpc.server.GrpcServerProtocolClient.requestVote(GrpcServerProtocolClient.java:99)
	at org.apache.ratis.grpc.server.GrpcService.requestVote(GrpcService.java:204)
	at org.apache.ratis.server.impl.LeaderElection.lambda$submitRequests$1(LeaderElection.java:234)
	at java.util.concurrent.FutureTask.run(FutureTask.java:266)
	at java.util.concurrent.Executors$RunnableAdapter.call(Executors.java:511)
	at java.util.concurrent.FutureTask.run(FutureTask.java:266)
	at java.util.concurrent.ThreadPoolExecutor.runWorker(ThreadPoolExecutor.java:1149)
	at java.util.concurrent.ThreadPoolExecutor$Worker.run(ThreadPoolExecutor.java:624)
	... 1 more
Caused by: org.apache.ratis.thirdparty.io.netty.channel.AbstractChannel$AnnotatedConnectException: Connection refused: /192.168.164.210:38253
	at sun.nio.ch.SocketChannelImpl.checkConnect(Native Method)
	at sun.nio.ch.SocketChannelImpl.finishConnect(SocketChannelImpl.java:717)
	at org.apache.ratis.thirdparty.io.netty.channel.socket.nio.NioSocketChannel.doFinishConnect(NioSocketChannel.java:327)
	at org.apache.ratis.thirdparty.io.netty.channel.nio.AbstractNioChannel$AbstractNioUnsafe.finishConnect(AbstractNioChannel.java:340)
	at org.apache.ratis.thirdparty.io.netty.channel.nio.NioEventLoop.processSelectedKey(NioEventLoop.java:632)
	at org.apache.ratis.thirdparty.io.netty.channel.nio.NioEventLoop.processSelectedKeysOptimized(NioEventLoop.java:579)
	at org.apache.ratis.thirdparty.io.netty.channel.nio.NioEventLoop.processSelectedKeys(NioEventLoop.java:496)
	at org.apache.ratis.thirdparty.io.netty.channel.nio.NioEventLoop.run(NioEventLoop.java:458)
	at org.apache.ratis.thirdparty.io.netty.util.concurrent.SingleThreadEventExecutor$5.run(SingleThreadEventExecutor.java:897)
	at org.apache.ratis.thirdparty.io.netty.util.concurrent.FastThreadLocalRunnable.run(FastThreadLocalRunnable.java:30)
	... 1 more
Caused by: java.net.ConnectException: Connection refused
	... 11 more
2019-11-14 22:54:09,404 [38d24973-4522-4e24-8845-d0d59163b20a@group-0FFB5E9BE82E-LeaderElection168] INFO  impl.LeaderElection (LogUtils.java:infoOrTrace(149)) -   Exception 1: {}
java.util.concurrent.ExecutionException: org.apache.ratis.thirdparty.io.grpc.StatusRuntimeException: UNAVAILABLE: io exception
	at java.util.concurrent.FutureTask.report(FutureTask.java:122)
	at java.util.concurrent.FutureTask.get(FutureTask.java:192)
	at org.apache.ratis.server.impl.LeaderElection.waitForResults(LeaderElection.java:259)
	at org.apache.ratis.server.impl.LeaderElection.askForVotes(LeaderElection.java:197)
	at org.apache.ratis.server.impl.LeaderElection.run(LeaderElection.java:133)
	at java.lang.Thread.run(Thread.java:748)
Caused by: org.apache.ratis.thirdparty.io.grpc.StatusRuntimeException: UNAVAILABLE: io exception
	at org.apache.ratis.thirdparty.io.grpc.stub.ClientCalls.toStatusRuntimeException(ClientCalls.java:233)
	at org.apache.ratis.thirdparty.io.grpc.stub.ClientCalls.getUnchecked(ClientCalls.java:214)
	at org.apache.ratis.thirdparty.io.grpc.stub.ClientCalls.blockingUnaryCall(ClientCalls.java:139)
	at org.apache.ratis.proto.grpc.RaftServerProtocolServiceGrpc$RaftServerProtocolServiceBlockingStub.requestVote(RaftServerProtocolServiceGrpc.java:265)
	at org.apache.ratis.grpc.server.GrpcServerProtocolClient.requestVote(GrpcServerProtocolClient.java:99)
	at org.apache.ratis.grpc.server.GrpcService.requestVote(GrpcService.java:204)
	at org.apache.ratis.server.impl.LeaderElection.lambda$submitRequests$1(LeaderElection.java:234)
	at java.util.concurrent.FutureTask.run(FutureTask.java:266)
	at java.util.concurrent.Executors$RunnableAdapter.call(Executors.java:511)
	at java.util.concurrent.FutureTask.run(FutureTask.java:266)
	at java.util.concurrent.ThreadPoolExecutor.runWorker(ThreadPoolExecutor.java:1149)
	at java.util.concurrent.ThreadPoolExecutor$Worker.run(ThreadPoolExecutor.java:624)
	... 1 more
Caused by: org.apache.ratis.thirdparty.io.netty.channel.AbstractChannel$AnnotatedConnectException: Connection refused: /192.168.164.210:44092
	at sun.nio.ch.SocketChannelImpl.checkConnect(Native Method)
	at sun.nio.ch.SocketChannelImpl.finishConnect(SocketChannelImpl.java:717)
	at org.apache.ratis.thirdparty.io.netty.channel.socket.nio.NioSocketChannel.doFinishConnect(NioSocketChannel.java:327)
	at org.apache.ratis.thirdparty.io.netty.channel.nio.AbstractNioChannel$AbstractNioUnsafe.finishConnect(AbstractNioChannel.java:340)
	at org.apache.ratis.thirdparty.io.netty.channel.nio.NioEventLoop.processSelectedKey(NioEventLoop.java:632)
	at org.apache.ratis.thirdparty.io.netty.channel.nio.NioEventLoop.processSelectedKeysOptimized(NioEventLoop.java:579)
	at org.apache.ratis.thirdparty.io.netty.channel.nio.NioEventLoop.processSelectedKeys(NioEventLoop.java:496)
	at org.apache.ratis.thirdparty.io.netty.channel.nio.NioEventLoop.run(NioEventLoop.java:458)
	at org.apache.ratis.thirdparty.io.netty.util.concurrent.SingleThreadEventExecutor$5.run(SingleThreadEventExecutor.java:897)
	at org.apache.ratis.thirdparty.io.netty.util.concurrent.FastThreadLocalRunnable.run(FastThreadLocalRunnable.java:30)
	... 1 more
Caused by: java.net.ConnectException: Connection refused
	... 11 more
2019-11-14 22:54:09,404 [38d24973-4522-4e24-8845-d0d59163b20a@group-0FFB5E9BE82E-LeaderElection168] INFO  impl.RaftServerImpl (RaftServerImpl.java:setRole(173)) - 38d24973-4522-4e24-8845-d0d59163b20a@group-0FFB5E9BE82E: changes role from CANDIDATE to FOLLOWER at term 3 for DISCOVERED_A_NEW_TERM
2019-11-14 22:54:09,404 [38d24973-4522-4e24-8845-d0d59163b20a@group-0FFB5E9BE82E-LeaderElection168] INFO  impl.RoleInfo (RoleInfo.java:shutdownLeaderElection(134)) - 38d24973-4522-4e24-8845-d0d59163b20a: shutdown LeaderElection
2019-11-14 22:54:09,405 [38d24973-4522-4e24-8845-d0d59163b20a@group-0FFB5E9BE82E-LeaderElection168] INFO  impl.RoleInfo (RoleInfo.java:updateAndGet(143)) - 38d24973-4522-4e24-8845-d0d59163b20a: start FollowerState
2019-11-14 22:54:09,676 [grpc-default-executor-5] WARN  server.GrpcLogAppender (LogUtils.java:warn(134)) - 1557401b-269c-4760-ad9d-3babb3e549ee@group-8ACE7C8AE926->377585f1-7b09-4361-841d-f3e5d0778973-AppendLogResponseHandler: Failed appendEntries: org.apache.ratis.thirdparty.io.grpc.StatusRuntimeException: UNAVAILABLE: io exception
2019-11-14 22:54:09,676 [grpc-default-executor-5] INFO  impl.FollowerInfo (FollowerInfo.java:lambda$new$0(51)) - 1557401b-269c-4760-ad9d-3babb3e549ee@group-8ACE7C8AE926->377585f1-7b09-4361-841d-f3e5d0778973: nextIndex: updateUnconditionally 0 -> 0
2019-11-14 22:54:09,681 [grpc-default-executor-6] WARN  server.GrpcLogAppender (LogUtils.java:warn(134)) - 1557401b-269c-4760-ad9d-3babb3e549ee@group-8ACE7C8AE926->9969a5d9-fcab-46ad-a887-333766046ab2-AppendLogResponseHandler: Failed appendEntries: org.apache.ratis.thirdparty.io.grpc.StatusRuntimeException: UNAVAILABLE: io exception
2019-11-14 22:54:09,681 [grpc-default-executor-6] INFO  impl.FollowerInfo (FollowerInfo.java:lambda$new$0(51)) - 1557401b-269c-4760-ad9d-3babb3e549ee@group-8ACE7C8AE926->9969a5d9-fcab-46ad-a887-333766046ab2: nextIndex: updateUnconditionally 0 -> 0
2019-11-14 22:54:10,180 [grpc-default-executor-6] WARN  server.GrpcLogAppender (LogUtils.java:warn(134)) - 1557401b-269c-4760-ad9d-3babb3e549ee@group-8ACE7C8AE926->377585f1-7b09-4361-841d-f3e5d0778973-AppendLogResponseHandler: Failed appendEntries: org.apache.ratis.thirdparty.io.grpc.StatusRuntimeException: UNAVAILABLE: io exception
2019-11-14 22:54:10,181 [grpc-default-executor-6] INFO  impl.FollowerInfo (FollowerInfo.java:lambda$new$0(51)) - 1557401b-269c-4760-ad9d-3babb3e549ee@group-8ACE7C8AE926->377585f1-7b09-4361-841d-f3e5d0778973: nextIndex: updateUnconditionally 0 -> 0
2019-11-14 22:54:10,181 [grpc-default-executor-6] WARN  server.GrpcLogAppender (LogUtils.java:warn(134)) - 1557401b-269c-4760-ad9d-3babb3e549ee@group-8ACE7C8AE926->9969a5d9-fcab-46ad-a887-333766046ab2-AppendLogResponseHandler: Failed appendEntries: org.apache.ratis.thirdparty.io.grpc.StatusRuntimeException: UNAVAILABLE: io exception
2019-11-14 22:54:10,182 [grpc-default-executor-6] INFO  impl.FollowerInfo (FollowerInfo.java:lambda$new$0(51)) - 1557401b-269c-4760-ad9d-3babb3e549ee@group-8ACE7C8AE926->9969a5d9-fcab-46ad-a887-333766046ab2: nextIndex: updateUnconditionally 0 -> 0
2019-11-14 22:54:10,436 [Thread-4789] INFO  impl.FollowerState (FollowerState.java:run(111)) - 38d24973-4522-4e24-8845-d0d59163b20a@group-0FFB5E9BE82E-FollowerState: change to CANDIDATE, lastRpcTime:1031ms, electionTimeout:1031ms
2019-11-14 22:54:10,436 [Thread-4789] INFO  impl.RoleInfo (RoleInfo.java:shutdownFollowerState(121)) - 38d24973-4522-4e24-8845-d0d59163b20a: shutdown FollowerState
2019-11-14 22:54:10,437 [Thread-4789] INFO  impl.RaftServerImpl (RaftServerImpl.java:setRole(173)) - 38d24973-4522-4e24-8845-d0d59163b20a@group-0FFB5E9BE82E: changes role from  FOLLOWER to CANDIDATE at term 3 for changeToCandidate
2019-11-14 22:54:10,437 [Thread-4789] INFO  impl.RoleInfo (RoleInfo.java:updateAndGet(143)) - 38d24973-4522-4e24-8845-d0d59163b20a: start LeaderElection
2019-11-14 22:54:10,451 [38d24973-4522-4e24-8845-d0d59163b20a@group-0FFB5E9BE82E-LeaderElection169] INFO  impl.LeaderElection (LeaderElection.java:askForVotes(178)) - 38d24973-4522-4e24-8845-d0d59163b20a@group-0FFB5E9BE82E-LeaderElection169: begin an election at term 4 for 0: [fe27ed9b-283a-4979-94f3-8c29e1f5fa70:192.168.164.210:38253, 9b10aba0-cc5c-407b-9285-7072d29b9deb:192.168.164.210:44092, 38d24973-4522-4e24-8845-d0d59163b20a:192.168.164.210:38331], old=null
2019-11-14 22:54:10,452 [38d24973-4522-4e24-8845-d0d59163b20a@group-0FFB5E9BE82E-LeaderElection169] INFO  impl.LeaderElection (LogUtils.java:infoOrTrace(149)) - 38d24973-4522-4e24-8845-d0d59163b20a@group-0FFB5E9BE82E-LeaderElection169 got exception when requesting votes: {}
java.util.concurrent.ExecutionException: org.apache.ratis.thirdparty.io.grpc.StatusRuntimeException: UNAVAILABLE: io exception
	at java.util.concurrent.FutureTask.report(FutureTask.java:122)
	at java.util.concurrent.FutureTask.get(FutureTask.java:192)
	at org.apache.ratis.server.impl.LeaderElection.waitForResults(LeaderElection.java:259)
	at org.apache.ratis.server.impl.LeaderElection.askForVotes(LeaderElection.java:197)
	at org.apache.ratis.server.impl.LeaderElection.run(LeaderElection.java:133)
	at java.lang.Thread.run(Thread.java:748)
Caused by: org.apache.ratis.thirdparty.io.grpc.StatusRuntimeException: UNAVAILABLE: io exception
	at org.apache.ratis.thirdparty.io.grpc.stub.ClientCalls.toStatusRuntimeException(ClientCalls.java:233)
	at org.apache.ratis.thirdparty.io.grpc.stub.ClientCalls.getUnchecked(ClientCalls.java:214)
	at org.apache.ratis.thirdparty.io.grpc.stub.ClientCalls.blockingUnaryCall(ClientCalls.java:139)
	at org.apache.ratis.proto.grpc.RaftServerProtocolServiceGrpc$RaftServerProtocolServiceBlockingStub.requestVote(RaftServerProtocolServiceGrpc.java:265)
	at org.apache.ratis.grpc.server.GrpcServerProtocolClient.requestVote(GrpcServerProtocolClient.java:99)
	at org.apache.ratis.grpc.server.GrpcService.requestVote(GrpcService.java:204)
	at org.apache.ratis.server.impl.LeaderElection.lambda$submitRequests$1(LeaderElection.java:234)
	at java.util.concurrent.FutureTask.run(FutureTask.java:266)
	at java.util.concurrent.Executors$RunnableAdapter.call(Executors.java:511)
	at java.util.concurrent.FutureTask.run(FutureTask.java:266)
	at java.util.concurrent.ThreadPoolExecutor.runWorker(ThreadPoolExecutor.java:1149)
	at java.util.concurrent.ThreadPoolExecutor$Worker.run(ThreadPoolExecutor.java:624)
	... 1 more
Caused by: org.apache.ratis.thirdparty.io.netty.channel.AbstractChannel$AnnotatedConnectException: Connection refused: /192.168.164.210:38253
	at sun.nio.ch.SocketChannelImpl.checkConnect(Native Method)
	at sun.nio.ch.SocketChannelImpl.finishConnect(SocketChannelImpl.java:717)
	at org.apache.ratis.thirdparty.io.netty.channel.socket.nio.NioSocketChannel.doFinishConnect(NioSocketChannel.java:327)
	at org.apache.ratis.thirdparty.io.netty.channel.nio.AbstractNioChannel$AbstractNioUnsafe.finishConnect(AbstractNioChannel.java:340)
	at org.apache.ratis.thirdparty.io.netty.channel.nio.NioEventLoop.processSelectedKey(NioEventLoop.java:632)
	at org.apache.ratis.thirdparty.io.netty.channel.nio.NioEventLoop.processSelectedKeysOptimized(NioEventLoop.java:579)
	at org.apache.ratis.thirdparty.io.netty.channel.nio.NioEventLoop.processSelectedKeys(NioEventLoop.java:496)
	at org.apache.ratis.thirdparty.io.netty.channel.nio.NioEventLoop.run(NioEventLoop.java:458)
	at org.apache.ratis.thirdparty.io.netty.util.concurrent.SingleThreadEventExecutor$5.run(SingleThreadEventExecutor.java:897)
	at org.apache.ratis.thirdparty.io.netty.util.concurrent.FastThreadLocalRunnable.run(FastThreadLocalRunnable.java:30)
	... 1 more
Caused by: java.net.ConnectException: Connection refused
	... 11 more
2019-11-14 22:54:10,457 [38d24973-4522-4e24-8845-d0d59163b20a@group-0FFB5E9BE82E-LeaderElection169] INFO  impl.LeaderElection (LogUtils.java:infoOrTrace(149)) - 38d24973-4522-4e24-8845-d0d59163b20a@group-0FFB5E9BE82E-LeaderElection169 got exception when requesting votes: {}
java.util.concurrent.ExecutionException: org.apache.ratis.thirdparty.io.grpc.StatusRuntimeException: UNAVAILABLE: io exception
	at java.util.concurrent.FutureTask.report(FutureTask.java:122)
	at java.util.concurrent.FutureTask.get(FutureTask.java:192)
	at org.apache.ratis.server.impl.LeaderElection.waitForResults(LeaderElection.java:259)
	at org.apache.ratis.server.impl.LeaderElection.askForVotes(LeaderElection.java:197)
	at org.apache.ratis.server.impl.LeaderElection.run(LeaderElection.java:133)
	at java.lang.Thread.run(Thread.java:748)
Caused by: org.apache.ratis.thirdparty.io.grpc.StatusRuntimeException: UNAVAILABLE: io exception
	at org.apache.ratis.thirdparty.io.grpc.stub.ClientCalls.toStatusRuntimeException(ClientCalls.java:233)
	at org.apache.ratis.thirdparty.io.grpc.stub.ClientCalls.getUnchecked(ClientCalls.java:214)
	at org.apache.ratis.thirdparty.io.grpc.stub.ClientCalls.blockingUnaryCall(ClientCalls.java:139)
	at org.apache.ratis.proto.grpc.RaftServerProtocolServiceGrpc$RaftServerProtocolServiceBlockingStub.requestVote(RaftServerProtocolServiceGrpc.java:265)
	at org.apache.ratis.grpc.server.GrpcServerProtocolClient.requestVote(GrpcServerProtocolClient.java:99)
	at org.apache.ratis.grpc.server.GrpcService.requestVote(GrpcService.java:204)
	at org.apache.ratis.server.impl.LeaderElection.lambda$submitRequests$1(LeaderElection.java:234)
	at java.util.concurrent.FutureTask.run(FutureTask.java:266)
	at java.util.concurrent.Executors$RunnableAdapter.call(Executors.java:511)
	at java.util.concurrent.FutureTask.run(FutureTask.java:266)
	at java.util.concurrent.ThreadPoolExecutor.runWorker(ThreadPoolExecutor.java:1149)
	at java.util.concurrent.ThreadPoolExecutor$Worker.run(ThreadPoolExecutor.java:624)
	... 1 more
Caused by: org.apache.ratis.thirdparty.io.netty.channel.AbstractChannel$AnnotatedConnectException: Connection refused: /192.168.164.210:44092
	at sun.nio.ch.SocketChannelImpl.checkConnect(Native Method)
	at sun.nio.ch.SocketChannelImpl.finishConnect(SocketChannelImpl.java:717)
	at org.apache.ratis.thirdparty.io.netty.channel.socket.nio.NioSocketChannel.doFinishConnect(NioSocketChannel.java:327)
	at org.apache.ratis.thirdparty.io.netty.channel.nio.AbstractNioChannel$AbstractNioUnsafe.finishConnect(AbstractNioChannel.java:340)
	at org.apache.ratis.thirdparty.io.netty.channel.nio.NioEventLoop.processSelectedKey(NioEventLoop.java:632)
	at org.apache.ratis.thirdparty.io.netty.channel.nio.NioEventLoop.processSelectedKeysOptimized(NioEventLoop.java:579)
	at org.apache.ratis.thirdparty.io.netty.channel.nio.NioEventLoop.processSelectedKeys(NioEventLoop.java:496)
	at org.apache.ratis.thirdparty.io.netty.channel.nio.NioEventLoop.run(NioEventLoop.java:458)
	at org.apache.ratis.thirdparty.io.netty.util.concurrent.SingleThreadEventExecutor$5.run(SingleThreadEventExecutor.java:897)
	at org.apache.ratis.thirdparty.io.netty.util.concurrent.FastThreadLocalRunnable.run(FastThreadLocalRunnable.java:30)
	... 1 more
Caused by: java.net.ConnectException: Connection refused
	... 11 more
2019-11-14 22:54:10,459 [38d24973-4522-4e24-8845-d0d59163b20a@group-0FFB5E9BE82E-LeaderElection169] INFO  impl.LeaderElection (LeaderElection.java:logAndReturn(56)) - 38d24973-4522-4e24-8845-d0d59163b20a@group-0FFB5E9BE82E-LeaderElection169: Election REJECTED; received 0 response(s) [] and 2 exception(s); 38d24973-4522-4e24-8845-d0d59163b20a@group-0FFB5E9BE82E:t4, leader=null, voted=38d24973-4522-4e24-8845-d0d59163b20a, raftlog=38d24973-4522-4e24-8845-d0d59163b20a@group-0FFB5E9BE82E-SegmentedRaftLog:OPENED:c0,f0,i0, conf=0: [fe27ed9b-283a-4979-94f3-8c29e1f5fa70:192.168.164.210:38253, 9b10aba0-cc5c-407b-9285-7072d29b9deb:192.168.164.210:44092, 38d24973-4522-4e24-8845-d0d59163b20a:192.168.164.210:38331], old=null
2019-11-14 22:54:10,459 [38d24973-4522-4e24-8845-d0d59163b20a@group-0FFB5E9BE82E-LeaderElection169] INFO  impl.LeaderElection (LogUtils.java:infoOrTrace(149)) -   Exception 0: {}
java.util.concurrent.ExecutionException: org.apache.ratis.thirdparty.io.grpc.StatusRuntimeException: UNAVAILABLE: io exception
	at java.util.concurrent.FutureTask.report(FutureTask.java:122)
	at java.util.concurrent.FutureTask.get(FutureTask.java:192)
	at org.apache.ratis.server.impl.LeaderElection.waitForResults(LeaderElection.java:259)
	at org.apache.ratis.server.impl.LeaderElection.askForVotes(LeaderElection.java:197)
	at org.apache.ratis.server.impl.LeaderElection.run(LeaderElection.java:133)
	at java.lang.Thread.run(Thread.java:748)
Caused by: org.apache.ratis.thirdparty.io.grpc.StatusRuntimeException: UNAVAILABLE: io exception
	at org.apache.ratis.thirdparty.io.grpc.stub.ClientCalls.toStatusRuntimeException(ClientCalls.java:233)
	at org.apache.ratis.thirdparty.io.grpc.stub.ClientCalls.getUnchecked(ClientCalls.java:214)
	at org.apache.ratis.thirdparty.io.grpc.stub.ClientCalls.blockingUnaryCall(ClientCalls.java:139)
	at org.apache.ratis.proto.grpc.RaftServerProtocolServiceGrpc$RaftServerProtocolServiceBlockingStub.requestVote(RaftServerProtocolServiceGrpc.java:265)
	at org.apache.ratis.grpc.server.GrpcServerProtocolClient.requestVote(GrpcServerProtocolClient.java:99)
	at org.apache.ratis.grpc.server.GrpcService.requestVote(GrpcService.java:204)
	at org.apache.ratis.server.impl.LeaderElection.lambda$submitRequests$1(LeaderElection.java:234)
	at java.util.concurrent.FutureTask.run(FutureTask.java:266)
	at java.util.concurrent.Executors$RunnableAdapter.call(Executors.java:511)
	at java.util.concurrent.FutureTask.run(FutureTask.java:266)
	at java.util.concurrent.ThreadPoolExecutor.runWorker(ThreadPoolExecutor.java:1149)
	at java.util.concurrent.ThreadPoolExecutor$Worker.run(ThreadPoolExecutor.java:624)
	... 1 more
Caused by: org.apache.ratis.thirdparty.io.netty.channel.AbstractChannel$AnnotatedConnectException: Connection refused: /192.168.164.210:38253
	at sun.nio.ch.SocketChannelImpl.checkConnect(Native Method)
	at sun.nio.ch.SocketChannelImpl.finishConnect(SocketChannelImpl.java:717)
	at org.apache.ratis.thirdparty.io.netty.channel.socket.nio.NioSocketChannel.doFinishConnect(NioSocketChannel.java:327)
	at org.apache.ratis.thirdparty.io.netty.channel.nio.AbstractNioChannel$AbstractNioUnsafe.finishConnect(AbstractNioChannel.java:340)
	at org.apache.ratis.thirdparty.io.netty.channel.nio.NioEventLoop.processSelectedKey(NioEventLoop.java:632)
	at org.apache.ratis.thirdparty.io.netty.channel.nio.NioEventLoop.processSelectedKeysOptimized(NioEventLoop.java:579)
	at org.apache.ratis.thirdparty.io.netty.channel.nio.NioEventLoop.processSelectedKeys(NioEventLoop.java:496)
	at org.apache.ratis.thirdparty.io.netty.channel.nio.NioEventLoop.run(NioEventLoop.java:458)
	at org.apache.ratis.thirdparty.io.netty.util.concurrent.SingleThreadEventExecutor$5.run(SingleThreadEventExecutor.java:897)
	at org.apache.ratis.thirdparty.io.netty.util.concurrent.FastThreadLocalRunnable.run(FastThreadLocalRunnable.java:30)
	... 1 more
Caused by: java.net.ConnectException: Connection refused
	... 11 more
2019-11-14 22:54:10,459 [38d24973-4522-4e24-8845-d0d59163b20a@group-0FFB5E9BE82E-LeaderElection169] INFO  impl.LeaderElection (LogUtils.java:infoOrTrace(149)) -   Exception 1: {}
java.util.concurrent.ExecutionException: org.apache.ratis.thirdparty.io.grpc.StatusRuntimeException: UNAVAILABLE: io exception
	at java.util.concurrent.FutureTask.report(FutureTask.java:122)
	at java.util.concurrent.FutureTask.get(FutureTask.java:192)
	at org.apache.ratis.server.impl.LeaderElection.waitForResults(LeaderElection.java:259)
	at org.apache.ratis.server.impl.LeaderElection.askForVotes(LeaderElection.java:197)
	at org.apache.ratis.server.impl.LeaderElection.run(LeaderElection.java:133)
	at java.lang.Thread.run(Thread.java:748)
Caused by: org.apache.ratis.thirdparty.io.grpc.StatusRuntimeException: UNAVAILABLE: io exception
	at org.apache.ratis.thirdparty.io.grpc.stub.ClientCalls.toStatusRuntimeException(ClientCalls.java:233)
	at org.apache.ratis.thirdparty.io.grpc.stub.ClientCalls.getUnchecked(ClientCalls.java:214)
	at org.apache.ratis.thirdparty.io.grpc.stub.ClientCalls.blockingUnaryCall(ClientCalls.java:139)
	at org.apache.ratis.proto.grpc.RaftServerProtocolServiceGrpc$RaftServerProtocolServiceBlockingStub.requestVote(RaftServerProtocolServiceGrpc.java:265)
	at org.apache.ratis.grpc.server.GrpcServerProtocolClient.requestVote(GrpcServerProtocolClient.java:99)
	at org.apache.ratis.grpc.server.GrpcService.requestVote(GrpcService.java:204)
	at org.apache.ratis.server.impl.LeaderElection.lambda$submitRequests$1(LeaderElection.java:234)
	at java.util.concurrent.FutureTask.run(FutureTask.java:266)
	at java.util.concurrent.Executors$RunnableAdapter.call(Executors.java:511)
	at java.util.concurrent.FutureTask.run(FutureTask.java:266)
	at java.util.concurrent.ThreadPoolExecutor.runWorker(ThreadPoolExecutor.java:1149)
	at java.util.concurrent.ThreadPoolExecutor$Worker.run(ThreadPoolExecutor.java:624)
	... 1 more
Caused by: org.apache.ratis.thirdparty.io.netty.channel.AbstractChannel$AnnotatedConnectException: Connection refused: /192.168.164.210:44092
	at sun.nio.ch.SocketChannelImpl.checkConnect(Native Method)
	at sun.nio.ch.SocketChannelImpl.finishConnect(SocketChannelImpl.java:717)
	at org.apache.ratis.thirdparty.io.netty.channel.socket.nio.NioSocketChannel.doFinishConnect(NioSocketChannel.java:327)
	at org.apache.ratis.thirdparty.io.netty.channel.nio.AbstractNioChannel$AbstractNioUnsafe.finishConnect(AbstractNioChannel.java:340)
	at org.apache.ratis.thirdparty.io.netty.channel.nio.NioEventLoop.processSelectedKey(NioEventLoop.java:632)
	at org.apache.ratis.thirdparty.io.netty.channel.nio.NioEventLoop.processSelectedKeysOptimized(NioEventLoop.java:579)
	at org.apache.ratis.thirdparty.io.netty.channel.nio.NioEventLoop.processSelectedKeys(NioEventLoop.java:496)
	at org.apache.ratis.thirdparty.io.netty.channel.nio.NioEventLoop.run(NioEventLoop.java:458)
	at org.apache.ratis.thirdparty.io.netty.util.concurrent.SingleThreadEventExecutor$5.run(SingleThreadEventExecutor.java:897)
	at org.apache.ratis.thirdparty.io.netty.util.concurrent.FastThreadLocalRunnable.run(FastThreadLocalRunnable.java:30)
	... 1 more
Caused by: java.net.ConnectException: Connection refused
	... 11 more
2019-11-14 22:54:10,460 [38d24973-4522-4e24-8845-d0d59163b20a@group-0FFB5E9BE82E-LeaderElection169] INFO  impl.RaftServerImpl (RaftServerImpl.java:setRole(173)) - 38d24973-4522-4e24-8845-d0d59163b20a@group-0FFB5E9BE82E: changes role from CANDIDATE to FOLLOWER at term 4 for DISCOVERED_A_NEW_TERM
2019-11-14 22:54:10,460 [38d24973-4522-4e24-8845-d0d59163b20a@group-0FFB5E9BE82E-LeaderElection169] INFO  impl.RoleInfo (RoleInfo.java:shutdownLeaderElection(134)) - 38d24973-4522-4e24-8845-d0d59163b20a: shutdown LeaderElection
2019-11-14 22:54:10,460 [38d24973-4522-4e24-8845-d0d59163b20a@group-0FFB5E9BE82E-LeaderElection169] INFO  impl.RoleInfo (RoleInfo.java:updateAndGet(143)) - 38d24973-4522-4e24-8845-d0d59163b20a: start FollowerState
2019-11-14 22:54:10,678 [grpc-default-executor-1] WARN  server.GrpcLogAppender (LogUtils.java:warn(134)) - 1557401b-269c-4760-ad9d-3babb3e549ee@group-8ACE7C8AE926->377585f1-7b09-4361-841d-f3e5d0778973-AppendLogResponseHandler: Failed appendEntries: org.apache.ratis.thirdparty.io.grpc.StatusRuntimeException: UNAVAILABLE: io exception
2019-11-14 22:54:10,678 [grpc-default-executor-1] INFO  impl.FollowerInfo (FollowerInfo.java:lambda$new$0(51)) - 1557401b-269c-4760-ad9d-3babb3e549ee@group-8ACE7C8AE926->377585f1-7b09-4361-841d-f3e5d0778973: nextIndex: updateUnconditionally 0 -> 0
2019-11-14 22:54:10,682 [grpc-default-executor-5] WARN  server.GrpcLogAppender (LogUtils.java:warn(134)) - 1557401b-269c-4760-ad9d-3babb3e549ee@group-8ACE7C8AE926->9969a5d9-fcab-46ad-a887-333766046ab2-AppendLogResponseHandler: Failed appendEntries: org.apache.ratis.thirdparty.io.grpc.StatusRuntimeException: UNAVAILABLE: io exception
2019-11-14 22:54:10,682 [grpc-default-executor-5] INFO  impl.FollowerInfo (FollowerInfo.java:lambda$new$0(51)) - 1557401b-269c-4760-ad9d-3babb3e549ee@group-8ACE7C8AE926->9969a5d9-fcab-46ad-a887-333766046ab2: nextIndex: updateUnconditionally 0 -> 0
2019-11-14 22:54:11,178 [grpc-default-executor-6] WARN  server.GrpcLogAppender (LogUtils.java:warn(134)) - 1557401b-269c-4760-ad9d-3babb3e549ee@group-8ACE7C8AE926->377585f1-7b09-4361-841d-f3e5d0778973-AppendLogResponseHandler: Failed appendEntries: org.apache.ratis.thirdparty.io.grpc.StatusRuntimeException: UNAVAILABLE: io exception
2019-11-14 22:54:11,179 [grpc-default-executor-6] INFO  impl.FollowerInfo (FollowerInfo.java:lambda$new$0(51)) - 1557401b-269c-4760-ad9d-3babb3e549ee@group-8ACE7C8AE926->377585f1-7b09-4361-841d-f3e5d0778973: nextIndex: updateUnconditionally 0 -> 0
2019-11-14 22:54:11,182 [grpc-default-executor-1] WARN  server.GrpcLogAppender (LogUtils.java:warn(134)) - 1557401b-269c-4760-ad9d-3babb3e549ee@group-8ACE7C8AE926->9969a5d9-fcab-46ad-a887-333766046ab2-AppendLogResponseHandler: Failed appendEntries: org.apache.ratis.thirdparty.io.grpc.StatusRuntimeException: UNAVAILABLE: io exception
2019-11-14 22:54:11,183 [grpc-default-executor-1] INFO  impl.FollowerInfo (FollowerInfo.java:lambda$new$0(51)) - 1557401b-269c-4760-ad9d-3babb3e549ee@group-8ACE7C8AE926->9969a5d9-fcab-46ad-a887-333766046ab2: nextIndex: updateUnconditionally 0 -> 0
2019-11-14 22:54:11,532 [main] INFO  ozoneimpl.OzoneContainer (OzoneContainer.java:stop(244)) - Attempting to stop container services.
2019-11-14 22:54:11,532 [ForkJoinPool.commonPool-worker-1] INFO  ozoneimpl.OzoneContainer (OzoneContainer.java:stop(244)) - Attempting to stop container services.
2019-11-14 22:54:11,532 [main] INFO  impl.RaftServerProxy (RaftServerProxy.java:lambda$close$4(314)) - 257e5bad-a5d9-4311-875c-39b27f9709ed: close
2019-11-14 22:54:11,533 [ForkJoinPool.commonPool-worker-1] INFO  impl.RaftServerProxy (RaftServerProxy.java:lambda$close$4(314)) - 1557401b-269c-4760-ad9d-3babb3e549ee: close
2019-11-14 22:54:11,533 [main] INFO  impl.RaftServerImpl (RaftServerImpl.java:lambda$shutdown$3(250)) - 257e5bad-a5d9-4311-875c-39b27f9709ed@group-D7E28BAA19B5: shutdown
2019-11-14 22:54:11,533 [ForkJoinPool.commonPool-worker-1] INFO  impl.RaftServerImpl (RaftServerImpl.java:lambda$shutdown$3(250)) - 1557401b-269c-4760-ad9d-3babb3e549ee@group-8ACE7C8AE926: shutdown
2019-11-14 22:54:11,533 [main] INFO  util.JmxRegister (JmxRegister.java:unregister(73)) - Successfully un-registered JMX Bean with object name Ratis:service=RaftServer,group=group-D7E28BAA19B5,id=257e5bad-a5d9-4311-875c-39b27f9709ed
2019-11-14 22:54:11,533 [ForkJoinPool.commonPool-worker-1] INFO  util.JmxRegister (JmxRegister.java:unregister(73)) - Successfully un-registered JMX Bean with object name Ratis:service=RaftServer,group=group-8ACE7C8AE926,id=1557401b-269c-4760-ad9d-3babb3e549ee
2019-11-14 22:54:11,533 [main] INFO  impl.RoleInfo (RoleInfo.java:shutdownLeaderState(104)) - 257e5bad-a5d9-4311-875c-39b27f9709ed: shutdown LeaderState
2019-11-14 22:54:11,534 [ForkJoinPool.commonPool-worker-1] INFO  impl.RoleInfo (RoleInfo.java:shutdownLeaderState(104)) - 1557401b-269c-4760-ad9d-3babb3e549ee: shutdown LeaderState
2019-11-14 22:54:11,534 [main] INFO  impl.PendingRequests (PendingRequests.java:sendNotLeaderResponses(206)) - 257e5bad-a5d9-4311-875c-39b27f9709ed@group-D7E28BAA19B5-PendingRequests: sendNotLeaderResponses
2019-11-14 22:54:11,537 [org.apache.ratis.server.impl.LogAppender$AppenderDaemon$$Lambda$475/1389080355@37149f0f] WARN  server.GrpcLogAppender (GrpcLogAppender.java:mayWait(151)) - 1557401b-269c-4760-ad9d-3babb3e549ee@group-8ACE7C8AE926->9969a5d9-fcab-46ad-a887-333766046ab2-GrpcLogAppender: Wait interrupted by java.lang.InterruptedException
2019-11-14 22:54:11,537 [org.apache.ratis.server.impl.LogAppender$AppenderDaemon$$Lambda$475/1389080355@72160789] WARN  server.GrpcLogAppender (GrpcLogAppender.java:mayWait(151)) - 1557401b-269c-4760-ad9d-3babb3e549ee@group-8ACE7C8AE926->377585f1-7b09-4361-841d-f3e5d0778973-GrpcLogAppender: Wait interrupted by java.lang.InterruptedException
2019-11-14 22:54:11,537 [ForkJoinPool.commonPool-worker-1] INFO  impl.PendingRequests (PendingRequests.java:sendNotLeaderResponses(206)) - 1557401b-269c-4760-ad9d-3babb3e549ee@group-8ACE7C8AE926-PendingRequests: sendNotLeaderResponses
2019-11-14 22:54:11,537 [main] INFO  impl.StateMachineUpdater (StateMachineUpdater.java:stopAndJoin(136)) - 257e5bad-a5d9-4311-875c-39b27f9709ed@group-D7E28BAA19B5-StateMachineUpdater: set stopIndex = 0
2019-11-14 22:54:11,539 [main] INFO  impl.RaftServerImpl (ServerState.java:close(387)) - 257e5bad-a5d9-4311-875c-39b27f9709ed@group-D7E28BAA19B5: closes. applyIndex: 0
2019-11-14 22:54:11,539 [257e5bad-a5d9-4311-875c-39b27f9709ed@group-D7E28BAA19B5-SegmentedRaftLogWorker] INFO  segmented.SegmentedRaftLogWorker (SegmentedRaftLogWorker.java:run(316)) - 257e5bad-a5d9-4311-875c-39b27f9709ed@group-D7E28BAA19B5-SegmentedRaftLogWorker was interrupted, exiting. There are 0 tasks remaining in the queue.
2019-11-14 22:54:11,540 [main] INFO  segmented.SegmentedRaftLogWorker (SegmentedRaftLogWorker.java:close(224)) - 257e5bad-a5d9-4311-875c-39b27f9709ed@group-D7E28BAA19B5-SegmentedRaftLogWorker close()
2019-11-14 22:54:11,540 [1557401b-269c-4760-ad9d-3babb3e549ee@group-8ACE7C8AE926-StateMachineUpdater] INFO  ratis.ContainerStateMachine (ContainerStateMachine.java:takeSnapshot(285)) - group-8ACE7C8AE926: Taking a snapshot at:(t:1, i:7) file /workdir/hadoop-ozone/integration-test/target/test-dir/MiniOzoneClusterImpl-c304fa79-6e7f-43ac-8564-360665bd8c65/datanode-0/data/ratis/2297f64d-c6f4-4fb8-a350-8ace7c8ae926/sm/snapshot.1_7
2019-11-14 22:54:11,540 [ForkJoinPool.commonPool-worker-1] INFO  impl.StateMachineUpdater (StateMachineUpdater.java:stopAndJoin(136)) - 1557401b-269c-4760-ad9d-3babb3e549ee@group-8ACE7C8AE926-StateMachineUpdater: set stopIndex = 7
2019-11-14 22:54:11,540 [Thread-4794] INFO  client.GrpcClientProtocolService (GrpcClientProtocolService.java:lambda$processClientRequest$0(279)) - Failed RaftClientRequest:client-173713865E58->1557401b-269c-4760-ad9d-3babb3e549ee@group-8ACE7C8AE926, cid=267, seq=0, Watch-ALL_COMMITTED(2), Message:<EMPTY>, reply=RaftClientReply:client-173713865E58->1557401b-269c-4760-ad9d-3babb3e549ee@group-8ACE7C8AE926, cid=267, FAILED org.apache.ratis.protocol.NotLeaderException: Server 1557401b-269c-4760-ad9d-3babb3e549ee@group-8ACE7C8AE926 is not the leader, logIndex=0, commits[1557401b-269c-4760-ad9d-3babb3e549ee:c7]
2019-11-14 22:54:11,540 [main] INFO  server.GrpcService (GrpcService.java:closeImpl(164)) - 257e5bad-a5d9-4311-875c-39b27f9709ed: shutdown server with port 40481 now
2019-11-14 22:54:11,541 [main] INFO  server.GrpcService (GrpcService.java:closeImpl(172)) - 257e5bad-a5d9-4311-875c-39b27f9709ed: shutdown server with port 40481 successfully
2019-11-14 22:54:11,545 [refreshUsed-/workdir/hadoop-ozone/integration-test/target/test-dir/MiniOzoneClusterImpl-c304fa79-6e7f-43ac-8564-360665bd8c65/datanode-9/data/containers] WARN  fs.CachingGetSpaceUsed (CachingGetSpaceUsed.java:run(183)) - Thread Interrupted waiting to refresh disk information: sleep interrupted
2019-11-14 22:54:11,554 [1557401b-269c-4760-ad9d-3babb3e549ee@group-8ACE7C8AE926-StateMachineUpdater] INFO  ratis.ContainerStateMachine (ContainerStateMachine.java:takeSnapshot(296)) - group-8ACE7C8AE926: Finished taking a snapshot at:(t:1, i:7) file:/workdir/hadoop-ozone/integration-test/target/test-dir/MiniOzoneClusterImpl-c304fa79-6e7f-43ac-8564-360665bd8c65/datanode-0/data/ratis/2297f64d-c6f4-4fb8-a350-8ace7c8ae926/sm/snapshot.1_7 time:14
2019-11-14 22:54:11,554 [1557401b-269c-4760-ad9d-3babb3e549ee@group-8ACE7C8AE926-StateMachineUpdater] INFO  impl.StateMachineUpdater (StateMachineUpdater.java:takeSnapshot(269)) - 1557401b-269c-4760-ad9d-3babb3e549ee@group-8ACE7C8AE926-StateMachineUpdater: Took a snapshot at index 7
2019-11-14 22:54:11,554 [1557401b-269c-4760-ad9d-3babb3e549ee@group-8ACE7C8AE926-StateMachineUpdater] INFO  impl.StateMachineUpdater (StateMachineUpdater.java:lambda$new$0(84)) - 1557401b-269c-4760-ad9d-3babb3e549ee@group-8ACE7C8AE926-StateMachineUpdater: snapshotIndex: updateIncreasingly -1 -> 7
2019-11-14 22:54:11,555 [ForkJoinPool.commonPool-worker-1] INFO  impl.RaftServerImpl (ServerState.java:close(387)) - 1557401b-269c-4760-ad9d-3babb3e549ee@group-8ACE7C8AE926: closes. applyIndex: 7
2019-11-14 22:54:11,555 [1557401b-269c-4760-ad9d-3babb3e549ee@group-8ACE7C8AE926-SegmentedRaftLogWorker] INFO  segmented.SegmentedRaftLogWorker (SegmentedRaftLogWorker.java:run(316)) - 1557401b-269c-4760-ad9d-3babb3e549ee@group-8ACE7C8AE926-SegmentedRaftLogWorker was interrupted, exiting. There are 0 tasks remaining in the queue.
2019-11-14 22:54:11,555 [ForkJoinPool.commonPool-worker-1] INFO  segmented.SegmentedRaftLogWorker (SegmentedRaftLogWorker.java:close(224)) - 1557401b-269c-4760-ad9d-3babb3e549ee@group-8ACE7C8AE926-SegmentedRaftLogWorker close()
2019-11-14 22:54:11,556 [ForkJoinPool.commonPool-worker-1] INFO  impl.RaftServerImpl (RaftServerImpl.java:lambda$shutdown$3(250)) - 1557401b-269c-4760-ad9d-3babb3e549ee@group-4DF9FCFED42B: shutdown
2019-11-14 22:54:11,556 [ForkJoinPool.commonPool-worker-1] INFO  util.JmxRegister (JmxRegister.java:unregister(73)) - Successfully un-registered JMX Bean with object name Ratis:service=RaftServer,group=group-4DF9FCFED42B,id=1557401b-269c-4760-ad9d-3babb3e549ee
2019-11-14 22:54:11,556 [ForkJoinPool.commonPool-worker-1] INFO  impl.RoleInfo (RoleInfo.java:shutdownLeaderState(104)) - 1557401b-269c-4760-ad9d-3babb3e549ee: shutdown LeaderState
2019-11-14 22:54:11,556 [ForkJoinPool.commonPool-worker-1] INFO  impl.PendingRequests (PendingRequests.java:sendNotLeaderResponses(206)) - 1557401b-269c-4760-ad9d-3babb3e549ee@group-4DF9FCFED42B-PendingRequests: sendNotLeaderResponses
2019-11-14 22:54:11,556 [ForkJoinPool.commonPool-worker-1] INFO  impl.StateMachineUpdater (StateMachineUpdater.java:stopAndJoin(136)) - 1557401b-269c-4760-ad9d-3babb3e549ee@group-4DF9FCFED42B-StateMachineUpdater: set stopIndex = 0
2019-11-14 22:54:11,557 [ForkJoinPool.commonPool-worker-1] INFO  impl.RaftServerImpl (ServerState.java:close(387)) - 1557401b-269c-4760-ad9d-3babb3e549ee@group-4DF9FCFED42B: closes. applyIndex: 0
2019-11-14 22:54:11,557 [1557401b-269c-4760-ad9d-3babb3e549ee@group-4DF9FCFED42B-SegmentedRaftLogWorker] INFO  segmented.SegmentedRaftLogWorker (SegmentedRaftLogWorker.java:run(316)) - 1557401b-269c-4760-ad9d-3babb3e549ee@group-4DF9FCFED42B-SegmentedRaftLogWorker was interrupted, exiting. There are 0 tasks remaining in the queue.
2019-11-14 22:54:11,557 [ForkJoinPool.commonPool-worker-1] INFO  segmented.SegmentedRaftLogWorker (SegmentedRaftLogWorker.java:close(224)) - 1557401b-269c-4760-ad9d-3babb3e549ee@group-4DF9FCFED42B-SegmentedRaftLogWorker close()
2019-11-14 22:54:11,557 [ForkJoinPool.commonPool-worker-1] INFO  server.GrpcService (GrpcService.java:closeImpl(164)) - 1557401b-269c-4760-ad9d-3babb3e549ee: shutdown server with port 38449 now
2019-11-14 22:54:11,558 [ForkJoinPool.commonPool-worker-1] INFO  server.GrpcService (GrpcService.java:closeImpl(172)) - 1557401b-269c-4760-ad9d-3babb3e549ee: shutdown server with port 38449 successfully
2019-11-14 22:54:11,562 [refreshUsed-/workdir/hadoop-ozone/integration-test/target/test-dir/MiniOzoneClusterImpl-c304fa79-6e7f-43ac-8564-360665bd8c65/datanode-0/data/containers] WARN  fs.CachingGetSpaceUsed (CachingGetSpaceUsed.java:run(183)) - Thread Interrupted waiting to refresh disk information: sleep interrupted
2019-11-14 22:54:11,568 [main] INFO  utils.BackgroundService (BackgroundService.java:shutdown(151)) - Shutting down service BlockDeletingService
2019-11-14 22:54:11,570 [main] INFO  statemachine.DatanodeStateMachine (DatanodeStateMachine.java:stopDaemon(405)) - Ozone container server stopped.
2019-11-14 22:54:11,572 [main] INFO  handler.ContextHandler (ContextHandler.java:doStop(910)) - Stopped o.e.j.w.WebAppContext@58c42c8c{/,null,UNAVAILABLE}{/hddsDatanode}
2019-11-14 22:54:11,573 [main] INFO  server.AbstractConnector (AbstractConnector.java:doStop(318)) - Stopped ServerConnector@3af236d0{HTTP/1.1,[http/1.1]}{0.0.0.0:0}
2019-11-14 22:54:11,573 [main] INFO  handler.ContextHandler (ContextHandler.java:doStop(910)) - Stopped o.e.j.s.ServletContextHandler@2a5abd3c{/static,jar:file:/home/user/.m2/repository/org/apache/hadoop/hadoop-hdds-container-service/0.5.0-SNAPSHOT/hadoop-hdds-container-service-0.5.0-SNAPSHOT.jar!/webapps/static,UNAVAILABLE}
2019-11-14 22:54:11,573 [main] INFO  handler.ContextHandler (ContextHandler.java:doStop(910)) - Stopped o.e.j.s.ServletContextHandler@5ebbde60{/logs,file:///workdir/hadoop-ozone/integration-test/target/log,UNAVAILABLE}
2019-11-14 22:54:11,577 [ForkJoinPool.commonPool-worker-1] INFO  utils.BackgroundService (BackgroundService.java:shutdown(151)) - Shutting down service BlockDeletingService
2019-11-14 22:54:11,578 [ForkJoinPool.commonPool-worker-1] INFO  statemachine.DatanodeStateMachine (DatanodeStateMachine.java:stopDaemon(405)) - Ozone container server stopped.
2019-11-14 22:54:11,580 [ForkJoinPool.commonPool-worker-1] INFO  handler.ContextHandler (ContextHandler.java:doStop(910)) - Stopped o.e.j.w.WebAppContext@6238d5e0{/,null,UNAVAILABLE}{/hddsDatanode}
2019-11-14 22:54:11,580 [ForkJoinPool.commonPool-worker-1] INFO  server.AbstractConnector (AbstractConnector.java:doStop(318)) - Stopped ServerConnector@336f49a1{HTTP/1.1,[http/1.1]}{0.0.0.0:0}
2019-11-14 22:54:11,581 [ForkJoinPool.commonPool-worker-1] INFO  handler.ContextHandler (ContextHandler.java:doStop(910)) - Stopped o.e.j.s.ServletContextHandler@2c9fdb64{/static,jar:file:/home/user/.m2/repository/org/apache/hadoop/hadoop-hdds-container-service/0.5.0-SNAPSHOT/hadoop-hdds-container-service-0.5.0-SNAPSHOT.jar!/webapps/static,UNAVAILABLE}
2019-11-14 22:54:11,582 [ForkJoinPool.commonPool-worker-1] INFO  handler.ContextHandler (ContextHandler.java:doStop(910)) - Stopped o.e.j.s.ServletContextHandler@624b3544{/logs,file:///workdir/hadoop-ozone/integration-test/target/log,UNAVAILABLE}
2019-11-14 22:54:11,612 [Thread-4793] INFO  impl.FollowerState (FollowerState.java:run(111)) - 38d24973-4522-4e24-8845-d0d59163b20a@group-0FFB5E9BE82E-FollowerState: change to CANDIDATE, lastRpcTime:1152ms, electionTimeout:1152ms
2019-11-14 22:54:11,613 [Thread-4793] INFO  impl.RoleInfo (RoleInfo.java:shutdownFollowerState(121)) - 38d24973-4522-4e24-8845-d0d59163b20a: shutdown FollowerState
2019-11-14 22:54:11,613 [Thread-4793] INFO  impl.RaftServerImpl (RaftServerImpl.java:setRole(173)) - 38d24973-4522-4e24-8845-d0d59163b20a@group-0FFB5E9BE82E: changes role from  FOLLOWER to CANDIDATE at term 4 for changeToCandidate
2019-11-14 22:54:11,613 [Thread-4793] INFO  impl.RoleInfo (RoleInfo.java:updateAndGet(143)) - 38d24973-4522-4e24-8845-d0d59163b20a: start LeaderElection
2019-11-14 22:54:11,627 [38d24973-4522-4e24-8845-d0d59163b20a@group-0FFB5E9BE82E-LeaderElection170] INFO  impl.LeaderElection (LeaderElection.java:askForVotes(178)) - 38d24973-4522-4e24-8845-d0d59163b20a@group-0FFB5E9BE82E-LeaderElection170: begin an election at term 5 for 0: [fe27ed9b-283a-4979-94f3-8c29e1f5fa70:192.168.164.210:38253, 9b10aba0-cc5c-407b-9285-7072d29b9deb:192.168.164.210:44092, 38d24973-4522-4e24-8845-d0d59163b20a:192.168.164.210:38331], old=null
2019-11-14 22:54:11,628 [38d24973-4522-4e24-8845-d0d59163b20a@group-0FFB5E9BE82E-LeaderElection170] INFO  impl.LeaderElection (LogUtils.java:infoOrTrace(149)) - 38d24973-4522-4e24-8845-d0d59163b20a@group-0FFB5E9BE82E-LeaderElection170 got exception when requesting votes: {}
java.util.concurrent.ExecutionException: org.apache.ratis.thirdparty.io.grpc.StatusRuntimeException: UNAVAILABLE: io exception
	at java.util.concurrent.FutureTask.report(FutureTask.java:122)
	at java.util.concurrent.FutureTask.get(FutureTask.java:192)
	at org.apache.ratis.server.impl.LeaderElection.waitForResults(LeaderElection.java:259)
	at org.apache.ratis.server.impl.LeaderElection.askForVotes(LeaderElection.java:197)
	at org.apache.ratis.server.impl.LeaderElection.run(LeaderElection.java:133)
	at java.lang.Thread.run(Thread.java:748)
Caused by: org.apache.ratis.thirdparty.io.grpc.StatusRuntimeException: UNAVAILABLE: io exception
	at org.apache.ratis.thirdparty.io.grpc.stub.ClientCalls.toStatusRuntimeException(ClientCalls.java:233)
	at org.apache.ratis.thirdparty.io.grpc.stub.ClientCalls.getUnchecked(ClientCalls.java:214)
	at org.apache.ratis.thirdparty.io.grpc.stub.ClientCalls.blockingUnaryCall(ClientCalls.java:139)
	at org.apache.ratis.proto.grpc.RaftServerProtocolServiceGrpc$RaftServerProtocolServiceBlockingStub.requestVote(RaftServerProtocolServiceGrpc.java:265)
	at org.apache.ratis.grpc.server.GrpcServerProtocolClient.requestVote(GrpcServerProtocolClient.java:99)
	at org.apache.ratis.grpc.server.GrpcService.requestVote(GrpcService.java:204)
	at org.apache.ratis.server.impl.LeaderElection.lambda$submitRequests$1(LeaderElection.java:234)
	at java.util.concurrent.FutureTask.run(FutureTask.java:266)
	at java.util.concurrent.Executors$RunnableAdapter.call(Executors.java:511)
	at java.util.concurrent.FutureTask.run(FutureTask.java:266)
	at java.util.concurrent.ThreadPoolExecutor.runWorker(ThreadPoolExecutor.java:1149)
	at java.util.concurrent.ThreadPoolExecutor$Worker.run(ThreadPoolExecutor.java:624)
	... 1 more
Caused by: org.apache.ratis.thirdparty.io.netty.channel.AbstractChannel$AnnotatedConnectException: Connection refused: /192.168.164.210:44092
	at sun.nio.ch.SocketChannelImpl.checkConnect(Native Method)
	at sun.nio.ch.SocketChannelImpl.finishConnect(SocketChannelImpl.java:717)
	at org.apache.ratis.thirdparty.io.netty.channel.socket.nio.NioSocketChannel.doFinishConnect(NioSocketChannel.java:327)
	at org.apache.ratis.thirdparty.io.netty.channel.nio.AbstractNioChannel$AbstractNioUnsafe.finishConnect(AbstractNioChannel.java:340)
	at org.apache.ratis.thirdparty.io.netty.channel.nio.NioEventLoop.processSelectedKey(NioEventLoop.java:632)
	at org.apache.ratis.thirdparty.io.netty.channel.nio.NioEventLoop.processSelectedKeysOptimized(NioEventLoop.java:579)
	at org.apache.ratis.thirdparty.io.netty.channel.nio.NioEventLoop.processSelectedKeys(NioEventLoop.java:496)
	at org.apache.ratis.thirdparty.io.netty.channel.nio.NioEventLoop.run(NioEventLoop.java:458)
	at org.apache.ratis.thirdparty.io.netty.util.concurrent.SingleThreadEventExecutor$5.run(SingleThreadEventExecutor.java:897)
	at org.apache.ratis.thirdparty.io.netty.util.concurrent.FastThreadLocalRunnable.run(FastThreadLocalRunnable.java:30)
	... 1 more
Caused by: java.net.ConnectException: Connection refused
	... 11 more
2019-11-14 22:54:11,630 [38d24973-4522-4e24-8845-d0d59163b20a@group-0FFB5E9BE82E-LeaderElection170] INFO  impl.LeaderElection (LogUtils.java:infoOrTrace(149)) - 38d24973-4522-4e24-8845-d0d59163b20a@group-0FFB5E9BE82E-LeaderElection170 got exception when requesting votes: {}
java.util.concurrent.ExecutionException: org.apache.ratis.thirdparty.io.grpc.StatusRuntimeException: UNAVAILABLE: io exception
	at java.util.concurrent.FutureTask.report(FutureTask.java:122)
	at java.util.concurrent.FutureTask.get(FutureTask.java:192)
	at org.apache.ratis.server.impl.LeaderElection.waitForResults(LeaderElection.java:259)
	at org.apache.ratis.server.impl.LeaderElection.askForVotes(LeaderElection.java:197)
	at org.apache.ratis.server.impl.LeaderElection.run(LeaderElection.java:133)
	at java.lang.Thread.run(Thread.java:748)
Caused by: org.apache.ratis.thirdparty.io.grpc.StatusRuntimeException: UNAVAILABLE: io exception
	at org.apache.ratis.thirdparty.io.grpc.stub.ClientCalls.toStatusRuntimeException(ClientCalls.java:233)
	at org.apache.ratis.thirdparty.io.grpc.stub.ClientCalls.getUnchecked(ClientCalls.java:214)
	at org.apache.ratis.thirdparty.io.grpc.stub.ClientCalls.blockingUnaryCall(ClientCalls.java:139)
	at org.apache.ratis.proto.grpc.RaftServerProtocolServiceGrpc$RaftServerProtocolServiceBlockingStub.requestVote(RaftServerProtocolServiceGrpc.java:265)
	at org.apache.ratis.grpc.server.GrpcServerProtocolClient.requestVote(GrpcServerProtocolClient.java:99)
	at org.apache.ratis.grpc.server.GrpcService.requestVote(GrpcService.java:204)
	at org.apache.ratis.server.impl.LeaderElection.lambda$submitRequests$1(LeaderElection.java:234)
	at java.util.concurrent.FutureTask.run(FutureTask.java:266)
	at java.util.concurrent.Executors$RunnableAdapter.call(Executors.java:511)
	at java.util.concurrent.FutureTask.run(FutureTask.java:266)
	at java.util.concurrent.ThreadPoolExecutor.runWorker(ThreadPoolExecutor.java:1149)
	at java.util.concurrent.ThreadPoolExecutor$Worker.run(ThreadPoolExecutor.java:624)
	... 1 more
Caused by: org.apache.ratis.thirdparty.io.netty.channel.AbstractChannel$AnnotatedConnectException: Connection refused: /192.168.164.210:38253
	at sun.nio.ch.SocketChannelImpl.checkConnect(Native Method)
	at sun.nio.ch.SocketChannelImpl.finishConnect(SocketChannelImpl.java:717)
	at org.apache.ratis.thirdparty.io.netty.channel.socket.nio.NioSocketChannel.doFinishConnect(NioSocketChannel.java:327)
	at org.apache.ratis.thirdparty.io.netty.channel.nio.AbstractNioChannel$AbstractNioUnsafe.finishConnect(AbstractNioChannel.java:340)
	at org.apache.ratis.thirdparty.io.netty.channel.nio.NioEventLoop.processSelectedKey(NioEventLoop.java:632)
	at org.apache.ratis.thirdparty.io.netty.channel.nio.NioEventLoop.processSelectedKeysOptimized(NioEventLoop.java:579)
	at org.apache.ratis.thirdparty.io.netty.channel.nio.NioEventLoop.processSelectedKeys(NioEventLoop.java:496)
	at org.apache.ratis.thirdparty.io.netty.channel.nio.NioEventLoop.run(NioEventLoop.java:458)
	at org.apache.ratis.thirdparty.io.netty.util.concurrent.SingleThreadEventExecutor$5.run(SingleThreadEventExecutor.java:897)
	at org.apache.ratis.thirdparty.io.netty.util.concurrent.FastThreadLocalRunnable.run(FastThreadLocalRunnable.java:30)
	... 1 more
Caused by: java.net.ConnectException: Connection refused
	... 11 more
2019-11-14 22:54:11,631 [38d24973-4522-4e24-8845-d0d59163b20a@group-0FFB5E9BE82E-LeaderElection170] INFO  impl.LeaderElection (LeaderElection.java:logAndReturn(56)) - 38d24973-4522-4e24-8845-d0d59163b20a@group-0FFB5E9BE82E-LeaderElection170: Election REJECTED; received 0 response(s) [] and 2 exception(s); 38d24973-4522-4e24-8845-d0d59163b20a@group-0FFB5E9BE82E:t5, leader=null, voted=38d24973-4522-4e24-8845-d0d59163b20a, raftlog=38d24973-4522-4e24-8845-d0d59163b20a@group-0FFB5E9BE82E-SegmentedRaftLog:OPENED:c0,f0,i0, conf=0: [fe27ed9b-283a-4979-94f3-8c29e1f5fa70:192.168.164.210:38253, 9b10aba0-cc5c-407b-9285-7072d29b9deb:192.168.164.210:44092, 38d24973-4522-4e24-8845-d0d59163b20a:192.168.164.210:38331], old=null
2019-11-14 22:54:11,631 [38d24973-4522-4e24-8845-d0d59163b20a@group-0FFB5E9BE82E-LeaderElection170] INFO  impl.LeaderElection (LogUtils.java:infoOrTrace(149)) -   Exception 0: {}
java.util.concurrent.ExecutionException: org.apache.ratis.thirdparty.io.grpc.StatusRuntimeException: UNAVAILABLE: io exception
	at java.util.concurrent.FutureTask.report(FutureTask.java:122)
	at java.util.concurrent.FutureTask.get(FutureTask.java:192)
	at org.apache.ratis.server.impl.LeaderElection.waitForResults(LeaderElection.java:259)
	at org.apache.ratis.server.impl.LeaderElection.askForVotes(LeaderElection.java:197)
	at org.apache.ratis.server.impl.LeaderElection.run(LeaderElection.java:133)
	at java.lang.Thread.run(Thread.java:748)
Caused by: org.apache.ratis.thirdparty.io.grpc.StatusRuntimeException: UNAVAILABLE: io exception
	at org.apache.ratis.thirdparty.io.grpc.stub.ClientCalls.toStatusRuntimeException(ClientCalls.java:233)
	at org.apache.ratis.thirdparty.io.grpc.stub.ClientCalls.getUnchecked(ClientCalls.java:214)
	at org.apache.ratis.thirdparty.io.grpc.stub.ClientCalls.blockingUnaryCall(ClientCalls.java:139)
	at org.apache.ratis.proto.grpc.RaftServerProtocolServiceGrpc$RaftServerProtocolServiceBlockingStub.requestVote(RaftServerProtocolServiceGrpc.java:265)
	at org.apache.ratis.grpc.server.GrpcServerProtocolClient.requestVote(GrpcServerProtocolClient.java:99)
	at org.apache.ratis.grpc.server.GrpcService.requestVote(GrpcService.java:204)
	at org.apache.ratis.server.impl.LeaderElection.lambda$submitRequests$1(LeaderElection.java:234)
	at java.util.concurrent.FutureTask.run(FutureTask.java:266)
	at java.util.concurrent.Executors$RunnableAdapter.call(Executors.java:511)
	at java.util.concurrent.FutureTask.run(FutureTask.java:266)
	at java.util.concurrent.ThreadPoolExecutor.runWorker(ThreadPoolExecutor.java:1149)
	at java.util.concurrent.ThreadPoolExecutor$Worker.run(ThreadPoolExecutor.java:624)
	... 1 more
Caused by: org.apache.ratis.thirdparty.io.netty.channel.AbstractChannel$AnnotatedConnectException: Connection refused: /192.168.164.210:44092
	at sun.nio.ch.SocketChannelImpl.checkConnect(Native Method)
	at sun.nio.ch.SocketChannelImpl.finishConnect(SocketChannelImpl.java:717)
	at org.apache.ratis.thirdparty.io.netty.channel.socket.nio.NioSocketChannel.doFinishConnect(NioSocketChannel.java:327)
	at org.apache.ratis.thirdparty.io.netty.channel.nio.AbstractNioChannel$AbstractNioUnsafe.finishConnect(AbstractNioChannel.java:340)
	at org.apache.ratis.thirdparty.io.netty.channel.nio.NioEventLoop.processSelectedKey(NioEventLoop.java:632)
	at org.apache.ratis.thirdparty.io.netty.channel.nio.NioEventLoop.processSelectedKeysOptimized(NioEventLoop.java:579)
	at org.apache.ratis.thirdparty.io.netty.channel.nio.NioEventLoop.processSelectedKeys(NioEventLoop.java:496)
	at org.apache.ratis.thirdparty.io.netty.channel.nio.NioEventLoop.run(NioEventLoop.java:458)
	at org.apache.ratis.thirdparty.io.netty.util.concurrent.SingleThreadEventExecutor$5.run(SingleThreadEventExecutor.java:897)
	at org.apache.ratis.thirdparty.io.netty.util.concurrent.FastThreadLocalRunnable.run(FastThreadLocalRunnable.java:30)
	... 1 more
Caused by: java.net.ConnectException: Connection refused
	... 11 more
2019-11-14 22:54:11,632 [38d24973-4522-4e24-8845-d0d59163b20a@group-0FFB5E9BE82E-LeaderElection170] INFO  impl.LeaderElection (LogUtils.java:infoOrTrace(149)) -   Exception 1: {}
java.util.concurrent.ExecutionException: org.apache.ratis.thirdparty.io.grpc.StatusRuntimeException: UNAVAILABLE: io exception
	at java.util.concurrent.FutureTask.report(FutureTask.java:122)
	at java.util.concurrent.FutureTask.get(FutureTask.java:192)
	at org.apache.ratis.server.impl.LeaderElection.waitForResults(LeaderElection.java:259)
	at org.apache.ratis.server.impl.LeaderElection.askForVotes(LeaderElection.java:197)
	at org.apache.ratis.server.impl.LeaderElection.run(LeaderElection.java:133)
	at java.lang.Thread.run(Thread.java:748)
Caused by: org.apache.ratis.thirdparty.io.grpc.StatusRuntimeException: UNAVAILABLE: io exception
	at org.apache.ratis.thirdparty.io.grpc.stub.ClientCalls.toStatusRuntimeException(ClientCalls.java:233)
	at org.apache.ratis.thirdparty.io.grpc.stub.ClientCalls.getUnchecked(ClientCalls.java:214)
	at org.apache.ratis.thirdparty.io.grpc.stub.ClientCalls.blockingUnaryCall(ClientCalls.java:139)
	at org.apache.ratis.proto.grpc.RaftServerProtocolServiceGrpc$RaftServerProtocolServiceBlockingStub.requestVote(RaftServerProtocolServiceGrpc.java:265)
	at org.apache.ratis.grpc.server.GrpcServerProtocolClient.requestVote(GrpcServerProtocolClient.java:99)
	at org.apache.ratis.grpc.server.GrpcService.requestVote(GrpcService.java:204)
	at org.apache.ratis.server.impl.LeaderElection.lambda$submitRequests$1(LeaderElection.java:234)
	at java.util.concurrent.FutureTask.run(FutureTask.java:266)
	at java.util.concurrent.Executors$RunnableAdapter.call(Executors.java:511)
	at java.util.concurrent.FutureTask.run(FutureTask.java:266)
	at java.util.concurrent.ThreadPoolExecutor.runWorker(ThreadPoolExecutor.java:1149)
	at java.util.concurrent.ThreadPoolExecutor$Worker.run(ThreadPoolExecutor.java:624)
	... 1 more
Caused by: org.apache.ratis.thirdparty.io.netty.channel.AbstractChannel$AnnotatedConnectException: Connection refused: /192.168.164.210:38253
	at sun.nio.ch.SocketChannelImpl.checkConnect(Native Method)
	at sun.nio.ch.SocketChannelImpl.finishConnect(SocketChannelImpl.java:717)
	at org.apache.ratis.thirdparty.io.netty.channel.socket.nio.NioSocketChannel.doFinishConnect(NioSocketChannel.java:327)
	at org.apache.ratis.thirdparty.io.netty.channel.nio.AbstractNioChannel$AbstractNioUnsafe.finishConnect(AbstractNioChannel.java:340)
	at org.apache.ratis.thirdparty.io.netty.channel.nio.NioEventLoop.processSelectedKey(NioEventLoop.java:632)
	at org.apache.ratis.thirdparty.io.netty.channel.nio.NioEventLoop.processSelectedKeysOptimized(NioEventLoop.java:579)
	at org.apache.ratis.thirdparty.io.netty.channel.nio.NioEventLoop.processSelectedKeys(NioEventLoop.java:496)
	at org.apache.ratis.thirdparty.io.netty.channel.nio.NioEventLoop.run(NioEventLoop.java:458)
	at org.apache.ratis.thirdparty.io.netty.util.concurrent.SingleThreadEventExecutor$5.run(SingleThreadEventExecutor.java:897)
	at org.apache.ratis.thirdparty.io.netty.util.concurrent.FastThreadLocalRunnable.run(FastThreadLocalRunnable.java:30)
	... 1 more
Caused by: java.net.ConnectException: Connection refused
	... 11 more
2019-11-14 22:54:11,633 [38d24973-4522-4e24-8845-d0d59163b20a@group-0FFB5E9BE82E-LeaderElection170] INFO  impl.RaftServerImpl (RaftServerImpl.java:setRole(173)) - 38d24973-4522-4e24-8845-d0d59163b20a@group-0FFB5E9BE82E: changes role from CANDIDATE to FOLLOWER at term 5 for DISCOVERED_A_NEW_TERM
2019-11-14 22:54:11,633 [38d24973-4522-4e24-8845-d0d59163b20a@group-0FFB5E9BE82E-LeaderElection170] INFO  impl.RoleInfo (RoleInfo.java:shutdownLeaderElection(134)) - 38d24973-4522-4e24-8845-d0d59163b20a: shutdown LeaderElection
2019-11-14 22:54:11,633 [38d24973-4522-4e24-8845-d0d59163b20a@group-0FFB5E9BE82E-LeaderElection170] INFO  impl.RoleInfo (RoleInfo.java:updateAndGet(143)) - 38d24973-4522-4e24-8845-d0d59163b20a: start FollowerState
2019-11-14 22:54:12,362 [Datanode State Machine Thread - 0] INFO  statemachine.DatanodeStateMachine (DatanodeStateMachine.java:lambda$startDaemon$0(360)) - Ozone container server started.
2019-11-14 22:54:12,766 [Thread-4799] INFO  impl.FollowerState (FollowerState.java:run(111)) - 38d24973-4522-4e24-8845-d0d59163b20a@group-0FFB5E9BE82E-FollowerState: change to CANDIDATE, lastRpcTime:1132ms, electionTimeout:1132ms
2019-11-14 22:54:12,766 [Thread-4799] INFO  impl.RoleInfo (RoleInfo.java:shutdownFollowerState(121)) - 38d24973-4522-4e24-8845-d0d59163b20a: shutdown FollowerState
2019-11-14 22:54:12,766 [Thread-4799] INFO  impl.RaftServerImpl (RaftServerImpl.java:setRole(173)) - 38d24973-4522-4e24-8845-d0d59163b20a@group-0FFB5E9BE82E: changes role from  FOLLOWER to CANDIDATE at term 5 for changeToCandidate
2019-11-14 22:54:12,766 [Thread-4799] INFO  impl.RoleInfo (RoleInfo.java:updateAndGet(143)) - 38d24973-4522-4e24-8845-d0d59163b20a: start LeaderElection
2019-11-14 22:54:12,781 [38d24973-4522-4e24-8845-d0d59163b20a@group-0FFB5E9BE82E-LeaderElection171] INFO  impl.LeaderElection (LeaderElection.java:askForVotes(178)) - 38d24973-4522-4e24-8845-d0d59163b20a@group-0FFB5E9BE82E-LeaderElection171: begin an election at term 6 for 0: [fe27ed9b-283a-4979-94f3-8c29e1f5fa70:192.168.164.210:38253, 9b10aba0-cc5c-407b-9285-7072d29b9deb:192.168.164.210:44092, 38d24973-4522-4e24-8845-d0d59163b20a:192.168.164.210:38331], old=null
2019-11-14 22:54:12,782 [38d24973-4522-4e24-8845-d0d59163b20a@group-0FFB5E9BE82E-LeaderElection171] INFO  impl.LeaderElection (LogUtils.java:infoOrTrace(149)) - 38d24973-4522-4e24-8845-d0d59163b20a@group-0FFB5E9BE82E-LeaderElection171 got exception when requesting votes: {}
java.util.concurrent.ExecutionException: org.apache.ratis.thirdparty.io.grpc.StatusRuntimeException: UNAVAILABLE: io exception
	at java.util.concurrent.FutureTask.report(FutureTask.java:122)
	at java.util.concurrent.FutureTask.get(FutureTask.java:192)
	at org.apache.ratis.server.impl.LeaderElection.waitForResults(LeaderElection.java:259)
	at org.apache.ratis.server.impl.LeaderElection.askForVotes(LeaderElection.java:197)
	at org.apache.ratis.server.impl.LeaderElection.run(LeaderElection.java:133)
	at java.lang.Thread.run(Thread.java:748)
Caused by: org.apache.ratis.thirdparty.io.grpc.StatusRuntimeException: UNAVAILABLE: io exception
	at org.apache.ratis.thirdparty.io.grpc.stub.ClientCalls.toStatusRuntimeException(ClientCalls.java:233)
	at org.apache.ratis.thirdparty.io.grpc.stub.ClientCalls.getUnchecked(ClientCalls.java:214)
	at org.apache.ratis.thirdparty.io.grpc.stub.ClientCalls.blockingUnaryCall(ClientCalls.java:139)
	at org.apache.ratis.proto.grpc.RaftServerProtocolServiceGrpc$RaftServerProtocolServiceBlockingStub.requestVote(RaftServerProtocolServiceGrpc.java:265)
	at org.apache.ratis.grpc.server.GrpcServerProtocolClient.requestVote(GrpcServerProtocolClient.java:99)
	at org.apache.ratis.grpc.server.GrpcService.requestVote(GrpcService.java:204)
	at org.apache.ratis.server.impl.LeaderElection.lambda$submitRequests$1(LeaderElection.java:234)
	at java.util.concurrent.FutureTask.run(FutureTask.java:266)
	at java.util.concurrent.Executors$RunnableAdapter.call(Executors.java:511)
	at java.util.concurrent.FutureTask.run(FutureTask.java:266)
	at java.util.concurrent.ThreadPoolExecutor.runWorker(ThreadPoolExecutor.java:1149)
	at java.util.concurrent.ThreadPoolExecutor$Worker.run(ThreadPoolExecutor.java:624)
	... 1 more
Caused by: org.apache.ratis.thirdparty.io.netty.channel.AbstractChannel$AnnotatedConnectException: Connection refused: /192.168.164.210:38253
	at sun.nio.ch.SocketChannelImpl.checkConnect(Native Method)
	at sun.nio.ch.SocketChannelImpl.finishConnect(SocketChannelImpl.java:717)
	at org.apache.ratis.thirdparty.io.netty.channel.socket.nio.NioSocketChannel.doFinishConnect(NioSocketChannel.java:327)
	at org.apache.ratis.thirdparty.io.netty.channel.nio.AbstractNioChannel$AbstractNioUnsafe.finishConnect(AbstractNioChannel.java:340)
	at org.apache.ratis.thirdparty.io.netty.channel.nio.NioEventLoop.processSelectedKey(NioEventLoop.java:632)
	at org.apache.ratis.thirdparty.io.netty.channel.nio.NioEventLoop.processSelectedKeysOptimized(NioEventLoop.java:579)
	at org.apache.ratis.thirdparty.io.netty.channel.nio.NioEventLoop.processSelectedKeys(NioEventLoop.java:496)
	at org.apache.ratis.thirdparty.io.netty.channel.nio.NioEventLoop.run(NioEventLoop.java:458)
	at org.apache.ratis.thirdparty.io.netty.util.concurrent.SingleThreadEventExecutor$5.run(SingleThreadEventExecutor.java:897)
	at org.apache.ratis.thirdparty.io.netty.util.concurrent.FastThreadLocalRunnable.run(FastThreadLocalRunnable.java:30)
	... 1 more
Caused by: java.net.ConnectException: Connection refused
	... 11 more
2019-11-14 22:54:12,784 [38d24973-4522-4e24-8845-d0d59163b20a@group-0FFB5E9BE82E-LeaderElection171] INFO  impl.LeaderElection (LogUtils.java:infoOrTrace(149)) - 38d24973-4522-4e24-8845-d0d59163b20a@group-0FFB5E9BE82E-LeaderElection171 got exception when requesting votes: {}
java.util.concurrent.ExecutionException: org.apache.ratis.thirdparty.io.grpc.StatusRuntimeException: UNAVAILABLE: io exception
	at java.util.concurrent.FutureTask.report(FutureTask.java:122)
	at java.util.concurrent.FutureTask.get(FutureTask.java:192)
	at org.apache.ratis.server.impl.LeaderElection.waitForResults(LeaderElection.java:259)
	at org.apache.ratis.server.impl.LeaderElection.askForVotes(LeaderElection.java:197)
	at org.apache.ratis.server.impl.LeaderElection.run(LeaderElection.java:133)
	at java.lang.Thread.run(Thread.java:748)
Caused by: org.apache.ratis.thirdparty.io.grpc.StatusRuntimeException: UNAVAILABLE: io exception
	at org.apache.ratis.thirdparty.io.grpc.stub.ClientCalls.toStatusRuntimeException(ClientCalls.java:233)
	at org.apache.ratis.thirdparty.io.grpc.stub.ClientCalls.getUnchecked(ClientCalls.java:214)
	at org.apache.ratis.thirdparty.io.grpc.stub.ClientCalls.blockingUnaryCall(ClientCalls.java:139)
	at org.apache.ratis.proto.grpc.RaftServerProtocolServiceGrpc$RaftServerProtocolServiceBlockingStub.requestVote(RaftServerProtocolServiceGrpc.java:265)
	at org.apache.ratis.grpc.server.GrpcServerProtocolClient.requestVote(GrpcServerProtocolClient.java:99)
	at org.apache.ratis.grpc.server.GrpcService.requestVote(GrpcService.java:204)
	at org.apache.ratis.server.impl.LeaderElection.lambda$submitRequests$1(LeaderElection.java:234)
	at java.util.concurrent.FutureTask.run(FutureTask.java:266)
	at java.util.concurrent.Executors$RunnableAdapter.call(Executors.java:511)
	at java.util.concurrent.FutureTask.run(FutureTask.java:266)
	at java.util.concurrent.ThreadPoolExecutor.runWorker(ThreadPoolExecutor.java:1149)
	at java.util.concurrent.ThreadPoolExecutor$Worker.run(ThreadPoolExecutor.java:624)
	... 1 more
Caused by: org.apache.ratis.thirdparty.io.netty.channel.AbstractChannel$AnnotatedConnectException: Connection refused: /192.168.164.210:44092
	at sun.nio.ch.SocketChannelImpl.checkConnect(Native Method)
	at sun.nio.ch.SocketChannelImpl.finishConnect(SocketChannelImpl.java:717)
	at org.apache.ratis.thirdparty.io.netty.channel.socket.nio.NioSocketChannel.doFinishConnect(NioSocketChannel.java:327)
	at org.apache.ratis.thirdparty.io.netty.channel.nio.AbstractNioChannel$AbstractNioUnsafe.finishConnect(AbstractNioChannel.java:340)
	at org.apache.ratis.thirdparty.io.netty.channel.nio.NioEventLoop.processSelectedKey(NioEventLoop.java:632)
	at org.apache.ratis.thirdparty.io.netty.channel.nio.NioEventLoop.processSelectedKeysOptimized(NioEventLoop.java:579)
	at org.apache.ratis.thirdparty.io.netty.channel.nio.NioEventLoop.processSelectedKeys(NioEventLoop.java:496)
	at org.apache.ratis.thirdparty.io.netty.channel.nio.NioEventLoop.run(NioEventLoop.java:458)
	at org.apache.ratis.thirdparty.io.netty.util.concurrent.SingleThreadEventExecutor$5.run(SingleThreadEventExecutor.java:897)
	at org.apache.ratis.thirdparty.io.netty.util.concurrent.FastThreadLocalRunnable.run(FastThreadLocalRunnable.java:30)
	... 1 more
Caused by: java.net.ConnectException: Connection refused
	... 11 more
2019-11-14 22:54:12,785 [38d24973-4522-4e24-8845-d0d59163b20a@group-0FFB5E9BE82E-LeaderElection171] INFO  impl.LeaderElection (LeaderElection.java:logAndReturn(56)) - 38d24973-4522-4e24-8845-d0d59163b20a@group-0FFB5E9BE82E-LeaderElection171: Election REJECTED; received 0 response(s) [] and 2 exception(s); 38d24973-4522-4e24-8845-d0d59163b20a@group-0FFB5E9BE82E:t6, leader=null, voted=38d24973-4522-4e24-8845-d0d59163b20a, raftlog=38d24973-4522-4e24-8845-d0d59163b20a@group-0FFB5E9BE82E-SegmentedRaftLog:OPENED:c0,f0,i0, conf=0: [fe27ed9b-283a-4979-94f3-8c29e1f5fa70:192.168.164.210:38253, 9b10aba0-cc5c-407b-9285-7072d29b9deb:192.168.164.210:44092, 38d24973-4522-4e24-8845-d0d59163b20a:192.168.164.210:38331], old=null
2019-11-14 22:54:12,785 [38d24973-4522-4e24-8845-d0d59163b20a@group-0FFB5E9BE82E-LeaderElection171] INFO  impl.LeaderElection (LogUtils.java:infoOrTrace(149)) -   Exception 0: {}
java.util.concurrent.ExecutionException: org.apache.ratis.thirdparty.io.grpc.StatusRuntimeException: UNAVAILABLE: io exception
	at java.util.concurrent.FutureTask.report(FutureTask.java:122)
	at java.util.concurrent.FutureTask.get(FutureTask.java:192)
	at org.apache.ratis.server.impl.LeaderElection.waitForResults(LeaderElection.java:259)
	at org.apache.ratis.server.impl.LeaderElection.askForVotes(LeaderElection.java:197)
	at org.apache.ratis.server.impl.LeaderElection.run(LeaderElection.java:133)
	at java.lang.Thread.run(Thread.java:748)
Caused by: org.apache.ratis.thirdparty.io.grpc.StatusRuntimeException: UNAVAILABLE: io exception
	at org.apache.ratis.thirdparty.io.grpc.stub.ClientCalls.toStatusRuntimeException(ClientCalls.java:233)
	at org.apache.ratis.thirdparty.io.grpc.stub.ClientCalls.getUnchecked(ClientCalls.java:214)
	at org.apache.ratis.thirdparty.io.grpc.stub.ClientCalls.blockingUnaryCall(ClientCalls.java:139)
	at org.apache.ratis.proto.grpc.RaftServerProtocolServiceGrpc$RaftServerProtocolServiceBlockingStub.requestVote(RaftServerProtocolServiceGrpc.java:265)
	at org.apache.ratis.grpc.server.GrpcServerProtocolClient.requestVote(GrpcServerProtocolClient.java:99)
	at org.apache.ratis.grpc.server.GrpcService.requestVote(GrpcService.java:204)
	at org.apache.ratis.server.impl.LeaderElection.lambda$submitRequests$1(LeaderElection.java:234)
	at java.util.concurrent.FutureTask.run(FutureTask.java:266)
	at java.util.concurrent.Executors$RunnableAdapter.call(Executors.java:511)
	at java.util.concurrent.FutureTask.run(FutureTask.java:266)
	at java.util.concurrent.ThreadPoolExecutor.runWorker(ThreadPoolExecutor.java:1149)
	at java.util.concurrent.ThreadPoolExecutor$Worker.run(ThreadPoolExecutor.java:624)
	... 1 more
Caused by: org.apache.ratis.thirdparty.io.netty.channel.AbstractChannel$AnnotatedConnectException: Connection refused: /192.168.164.210:38253
	at sun.nio.ch.SocketChannelImpl.checkConnect(Native Method)
	at sun.nio.ch.SocketChannelImpl.finishConnect(SocketChannelImpl.java:717)
	at org.apache.ratis.thirdparty.io.netty.channel.socket.nio.NioSocketChannel.doFinishConnect(NioSocketChannel.java:327)
	at org.apache.ratis.thirdparty.io.netty.channel.nio.AbstractNioChannel$AbstractNioUnsafe.finishConnect(AbstractNioChannel.java:340)
	at org.apache.ratis.thirdparty.io.netty.channel.nio.NioEventLoop.processSelectedKey(NioEventLoop.java:632)
	at org.apache.ratis.thirdparty.io.netty.channel.nio.NioEventLoop.processSelectedKeysOptimized(NioEventLoop.java:579)
	at org.apache.ratis.thirdparty.io.netty.channel.nio.NioEventLoop.processSelectedKeys(NioEventLoop.java:496)
	at org.apache.ratis.thirdparty.io.netty.channel.nio.NioEventLoop.run(NioEventLoop.java:458)
	at org.apache.ratis.thirdparty.io.netty.util.concurrent.SingleThreadEventExecutor$5.run(SingleThreadEventExecutor.java:897)
	at org.apache.ratis.thirdparty.io.netty.util.concurrent.FastThreadLocalRunnable.run(FastThreadLocalRunnable.java:30)
	... 1 more
Caused by: java.net.ConnectException: Connection refused
	... 11 more
2019-11-14 22:54:12,785 [38d24973-4522-4e24-8845-d0d59163b20a@group-0FFB5E9BE82E-LeaderElection171] INFO  impl.LeaderElection (LogUtils.java:infoOrTrace(149)) -   Exception 1: {}
java.util.concurrent.ExecutionException: org.apache.ratis.thirdparty.io.grpc.StatusRuntimeException: UNAVAILABLE: io exception
	at java.util.concurrent.FutureTask.report(FutureTask.java:122)
	at java.util.concurrent.FutureTask.get(FutureTask.java:192)
	at org.apache.ratis.server.impl.LeaderElection.waitForResults(LeaderElection.java:259)
	at org.apache.ratis.server.impl.LeaderElection.askForVotes(LeaderElection.java:197)
	at org.apache.ratis.server.impl.LeaderElection.run(LeaderElection.java:133)
	at java.lang.Thread.run(Thread.java:748)
Caused by: org.apache.ratis.thirdparty.io.grpc.StatusRuntimeException: UNAVAILABLE: io exception
	at org.apache.ratis.thirdparty.io.grpc.stub.ClientCalls.toStatusRuntimeException(ClientCalls.java:233)
	at org.apache.ratis.thirdparty.io.grpc.stub.ClientCalls.getUnchecked(ClientCalls.java:214)
	at org.apache.ratis.thirdparty.io.grpc.stub.ClientCalls.blockingUnaryCall(ClientCalls.java:139)
	at org.apache.ratis.proto.grpc.RaftServerProtocolServiceGrpc$RaftServerProtocolServiceBlockingStub.requestVote(RaftServerProtocolServiceGrpc.java:265)
	at org.apache.ratis.grpc.server.GrpcServerProtocolClient.requestVote(GrpcServerProtocolClient.java:99)
	at org.apache.ratis.grpc.server.GrpcService.requestVote(GrpcService.java:204)
	at org.apache.ratis.server.impl.LeaderElection.lambda$submitRequests$1(LeaderElection.java:234)
	at java.util.concurrent.FutureTask.run(FutureTask.java:266)
	at java.util.concurrent.Executors$RunnableAdapter.call(Executors.java:511)
	at java.util.concurrent.FutureTask.run(FutureTask.java:266)
	at java.util.concurrent.ThreadPoolExecutor.runWorker(ThreadPoolExecutor.java:1149)
	at java.util.concurrent.ThreadPoolExecutor$Worker.run(ThreadPoolExecutor.java:624)
	... 1 more
Caused by: org.apache.ratis.thirdparty.io.netty.channel.AbstractChannel$AnnotatedConnectException: Connection refused: /192.168.164.210:44092
	at sun.nio.ch.SocketChannelImpl.checkConnect(Native Method)
	at sun.nio.ch.SocketChannelImpl.finishConnect(SocketChannelImpl.java:717)
	at org.apache.ratis.thirdparty.io.netty.channel.socket.nio.NioSocketChannel.doFinishConnect(NioSocketChannel.java:327)
	at org.apache.ratis.thirdparty.io.netty.channel.nio.AbstractNioChannel$AbstractNioUnsafe.finishConnect(AbstractNioChannel.java:340)
	at org.apache.ratis.thirdparty.io.netty.channel.nio.NioEventLoop.processSelectedKey(NioEventLoop.java:632)
	at org.apache.ratis.thirdparty.io.netty.channel.nio.NioEventLoop.processSelectedKeysOptimized(NioEventLoop.java:579)
	at org.apache.ratis.thirdparty.io.netty.channel.nio.NioEventLoop.processSelectedKeys(NioEventLoop.java:496)
	at org.apache.ratis.thirdparty.io.netty.channel.nio.NioEventLoop.run(NioEventLoop.java:458)
	at org.apache.ratis.thirdparty.io.netty.util.concurrent.SingleThreadEventExecutor$5.run(SingleThreadEventExecutor.java:897)
	at org.apache.ratis.thirdparty.io.netty.util.concurrent.FastThreadLocalRunnable.run(FastThreadLocalRunnable.java:30)
	... 1 more
Caused by: java.net.ConnectException: Connection refused
	... 11 more
2019-11-14 22:54:12,786 [38d24973-4522-4e24-8845-d0d59163b20a@group-0FFB5E9BE82E-LeaderElection171] INFO  impl.RaftServerImpl (RaftServerImpl.java:setRole(173)) - 38d24973-4522-4e24-8845-d0d59163b20a@group-0FFB5E9BE82E: changes role from CANDIDATE to FOLLOWER at term 6 for DISCOVERED_A_NEW_TERM
2019-11-14 22:54:12,786 [38d24973-4522-4e24-8845-d0d59163b20a@group-0FFB5E9BE82E-LeaderElection171] INFO  impl.RoleInfo (RoleInfo.java:shutdownLeaderElection(134)) - 38d24973-4522-4e24-8845-d0d59163b20a: shutdown LeaderElection
2019-11-14 22:54:12,786 [38d24973-4522-4e24-8845-d0d59163b20a@group-0FFB5E9BE82E-LeaderElection171] INFO  impl.RoleInfo (RoleInfo.java:updateAndGet(143)) - 38d24973-4522-4e24-8845-d0d59163b20a: start FollowerState
2019-11-14 22:54:13,966 [Thread-4805] INFO  impl.FollowerState (FollowerState.java:run(111)) - 38d24973-4522-4e24-8845-d0d59163b20a@group-0FFB5E9BE82E-FollowerState: change to CANDIDATE, lastRpcTime:1180ms, electionTimeout:1180ms
2019-11-14 22:54:13,967 [Thread-4805] INFO  impl.RoleInfo (RoleInfo.java:shutdownFollowerState(121)) - 38d24973-4522-4e24-8845-d0d59163b20a: shutdown FollowerState
2019-11-14 22:54:13,967 [Thread-4805] INFO  impl.RaftServerImpl (RaftServerImpl.java:setRole(173)) - 38d24973-4522-4e24-8845-d0d59163b20a@group-0FFB5E9BE82E: changes role from  FOLLOWER to CANDIDATE at term 6 for changeToCandidate
2019-11-14 22:54:13,968 [Thread-4805] INFO  impl.RoleInfo (RoleInfo.java:updateAndGet(143)) - 38d24973-4522-4e24-8845-d0d59163b20a: start LeaderElection
2019-11-14 22:54:13,982 [38d24973-4522-4e24-8845-d0d59163b20a@group-0FFB5E9BE82E-LeaderElection172] INFO  impl.LeaderElection (LeaderElection.java:askForVotes(178)) - 38d24973-4522-4e24-8845-d0d59163b20a@group-0FFB5E9BE82E-LeaderElection172: begin an election at term 7 for 0: [fe27ed9b-283a-4979-94f3-8c29e1f5fa70:192.168.164.210:38253, 9b10aba0-cc5c-407b-9285-7072d29b9deb:192.168.164.210:44092, 38d24973-4522-4e24-8845-d0d59163b20a:192.168.164.210:38331], old=null
2019-11-14 22:54:13,984 [38d24973-4522-4e24-8845-d0d59163b20a@group-0FFB5E9BE82E-LeaderElection172] INFO  impl.LeaderElection (LogUtils.java:infoOrTrace(149)) - 38d24973-4522-4e24-8845-d0d59163b20a@group-0FFB5E9BE82E-LeaderElection172 got exception when requesting votes: {}
java.util.concurrent.ExecutionException: org.apache.ratis.thirdparty.io.grpc.StatusRuntimeException: UNAVAILABLE: io exception
	at java.util.concurrent.FutureTask.report(FutureTask.java:122)
	at java.util.concurrent.FutureTask.get(FutureTask.java:192)
	at org.apache.ratis.server.impl.LeaderElection.waitForResults(LeaderElection.java:259)
	at org.apache.ratis.server.impl.LeaderElection.askForVotes(LeaderElection.java:197)
	at org.apache.ratis.server.impl.LeaderElection.run(LeaderElection.java:133)
	at java.lang.Thread.run(Thread.java:748)
Caused by: org.apache.ratis.thirdparty.io.grpc.StatusRuntimeException: UNAVAILABLE: io exception
	at org.apache.ratis.thirdparty.io.grpc.stub.ClientCalls.toStatusRuntimeException(ClientCalls.java:233)
	at org.apache.ratis.thirdparty.io.grpc.stub.ClientCalls.getUnchecked(ClientCalls.java:214)
	at org.apache.ratis.thirdparty.io.grpc.stub.ClientCalls.blockingUnaryCall(ClientCalls.java:139)
	at org.apache.ratis.proto.grpc.RaftServerProtocolServiceGrpc$RaftServerProtocolServiceBlockingStub.requestVote(RaftServerProtocolServiceGrpc.java:265)
	at org.apache.ratis.grpc.server.GrpcServerProtocolClient.requestVote(GrpcServerProtocolClient.java:99)
	at org.apache.ratis.grpc.server.GrpcService.requestVote(GrpcService.java:204)
	at org.apache.ratis.server.impl.LeaderElection.lambda$submitRequests$1(LeaderElection.java:234)
	at java.util.concurrent.FutureTask.run(FutureTask.java:266)
	at java.util.concurrent.Executors$RunnableAdapter.call(Executors.java:511)
	at java.util.concurrent.FutureTask.run(FutureTask.java:266)
	at java.util.concurrent.ThreadPoolExecutor.runWorker(ThreadPoolExecutor.java:1149)
	at java.util.concurrent.ThreadPoolExecutor$Worker.run(ThreadPoolExecutor.java:624)
	... 1 more
Caused by: org.apache.ratis.thirdparty.io.netty.channel.AbstractChannel$AnnotatedConnectException: Connection refused: /192.168.164.210:44092
	at sun.nio.ch.SocketChannelImpl.checkConnect(Native Method)
	at sun.nio.ch.SocketChannelImpl.finishConnect(SocketChannelImpl.java:717)
	at org.apache.ratis.thirdparty.io.netty.channel.socket.nio.NioSocketChannel.doFinishConnect(NioSocketChannel.java:327)
	at org.apache.ratis.thirdparty.io.netty.channel.nio.AbstractNioChannel$AbstractNioUnsafe.finishConnect(AbstractNioChannel.java:340)
	at org.apache.ratis.thirdparty.io.netty.channel.nio.NioEventLoop.processSelectedKey(NioEventLoop.java:632)
	at org.apache.ratis.thirdparty.io.netty.channel.nio.NioEventLoop.processSelectedKeysOptimized(NioEventLoop.java:579)
	at org.apache.ratis.thirdparty.io.netty.channel.nio.NioEventLoop.processSelectedKeys(NioEventLoop.java:496)
	at org.apache.ratis.thirdparty.io.netty.channel.nio.NioEventLoop.run(NioEventLoop.java:458)
	at org.apache.ratis.thirdparty.io.netty.util.concurrent.SingleThreadEventExecutor$5.run(SingleThreadEventExecutor.java:897)
	at org.apache.ratis.thirdparty.io.netty.util.concurrent.FastThreadLocalRunnable.run(FastThreadLocalRunnable.java:30)
	... 1 more
Caused by: java.net.ConnectException: Connection refused
	... 11 more
2019-11-14 22:54:13,994 [38d24973-4522-4e24-8845-d0d59163b20a@group-0FFB5E9BE82E-LeaderElection172] INFO  impl.LeaderElection (LogUtils.java:infoOrTrace(149)) - 38d24973-4522-4e24-8845-d0d59163b20a@group-0FFB5E9BE82E-LeaderElection172 got exception when requesting votes: {}
java.util.concurrent.ExecutionException: org.apache.ratis.thirdparty.io.grpc.StatusRuntimeException: UNAVAILABLE: io exception
	at java.util.concurrent.FutureTask.report(FutureTask.java:122)
	at java.util.concurrent.FutureTask.get(FutureTask.java:192)
	at org.apache.ratis.server.impl.LeaderElection.waitForResults(LeaderElection.java:259)
	at org.apache.ratis.server.impl.LeaderElection.askForVotes(LeaderElection.java:197)
	at org.apache.ratis.server.impl.LeaderElection.run(LeaderElection.java:133)
	at java.lang.Thread.run(Thread.java:748)
Caused by: org.apache.ratis.thirdparty.io.grpc.StatusRuntimeException: UNAVAILABLE: io exception
	at org.apache.ratis.thirdparty.io.grpc.stub.ClientCalls.toStatusRuntimeException(ClientCalls.java:233)
	at org.apache.ratis.thirdparty.io.grpc.stub.ClientCalls.getUnchecked(ClientCalls.java:214)
	at org.apache.ratis.thirdparty.io.grpc.stub.ClientCalls.blockingUnaryCall(ClientCalls.java:139)
	at org.apache.ratis.proto.grpc.RaftServerProtocolServiceGrpc$RaftServerProtocolServiceBlockingStub.requestVote(RaftServerProtocolServiceGrpc.java:265)
	at org.apache.ratis.grpc.server.GrpcServerProtocolClient.requestVote(GrpcServerProtocolClient.java:99)
	at org.apache.ratis.grpc.server.GrpcService.requestVote(GrpcService.java:204)
	at org.apache.ratis.server.impl.LeaderElection.lambda$submitRequests$1(LeaderElection.java:234)
	at java.util.concurrent.FutureTask.run(FutureTask.java:266)
	at java.util.concurrent.Executors$RunnableAdapter.call(Executors.java:511)
	at java.util.concurrent.FutureTask.run(FutureTask.java:266)
	at java.util.concurrent.ThreadPoolExecutor.runWorker(ThreadPoolExecutor.java:1149)
	at java.util.concurrent.ThreadPoolExecutor$Worker.run(ThreadPoolExecutor.java:624)
	... 1 more
Caused by: org.apache.ratis.thirdparty.io.netty.channel.AbstractChannel$AnnotatedConnectException: Connection refused: /192.168.164.210:38253
	at sun.nio.ch.SocketChannelImpl.checkConnect(Native Method)
	at sun.nio.ch.SocketChannelImpl.finishConnect(SocketChannelImpl.java:717)
	at org.apache.ratis.thirdparty.io.netty.channel.socket.nio.NioSocketChannel.doFinishConnect(NioSocketChannel.java:327)
	at org.apache.ratis.thirdparty.io.netty.channel.nio.AbstractNioChannel$AbstractNioUnsafe.finishConnect(AbstractNioChannel.java:340)
	at org.apache.ratis.thirdparty.io.netty.channel.nio.NioEventLoop.processSelectedKey(NioEventLoop.java:632)
	at org.apache.ratis.thirdparty.io.netty.channel.nio.NioEventLoop.processSelectedKeysOptimized(NioEventLoop.java:579)
	at org.apache.ratis.thirdparty.io.netty.channel.nio.NioEventLoop.processSelectedKeys(NioEventLoop.java:496)
	at org.apache.ratis.thirdparty.io.netty.channel.nio.NioEventLoop.run(NioEventLoop.java:458)
	at org.apache.ratis.thirdparty.io.netty.util.concurrent.SingleThreadEventExecutor$5.run(SingleThreadEventExecutor.java:897)
	at org.apache.ratis.thirdparty.io.netty.util.concurrent.FastThreadLocalRunnable.run(FastThreadLocalRunnable.java:30)
	... 1 more
Caused by: java.net.ConnectException: Connection refused
	... 11 more
2019-11-14 22:54:13,994 [38d24973-4522-4e24-8845-d0d59163b20a@group-0FFB5E9BE82E-LeaderElection172] INFO  impl.LeaderElection (LeaderElection.java:logAndReturn(56)) - 38d24973-4522-4e24-8845-d0d59163b20a@group-0FFB5E9BE82E-LeaderElection172: Election REJECTED; received 0 response(s) [] and 2 exception(s); 38d24973-4522-4e24-8845-d0d59163b20a@group-0FFB5E9BE82E:t7, leader=null, voted=38d24973-4522-4e24-8845-d0d59163b20a, raftlog=38d24973-4522-4e24-8845-d0d59163b20a@group-0FFB5E9BE82E-SegmentedRaftLog:OPENED:c0,f0,i0, conf=0: [fe27ed9b-283a-4979-94f3-8c29e1f5fa70:192.168.164.210:38253, 9b10aba0-cc5c-407b-9285-7072d29b9deb:192.168.164.210:44092, 38d24973-4522-4e24-8845-d0d59163b20a:192.168.164.210:38331], old=null
2019-11-14 22:54:13,995 [38d24973-4522-4e24-8845-d0d59163b20a@group-0FFB5E9BE82E-LeaderElection172] INFO  impl.LeaderElection (LogUtils.java:infoOrTrace(149)) -   Exception 0: {}
java.util.concurrent.ExecutionException: org.apache.ratis.thirdparty.io.grpc.StatusRuntimeException: UNAVAILABLE: io exception
	at java.util.concurrent.FutureTask.report(FutureTask.java:122)
	at java.util.concurrent.FutureTask.get(FutureTask.java:192)
	at org.apache.ratis.server.impl.LeaderElection.waitForResults(LeaderElection.java:259)
	at org.apache.ratis.server.impl.LeaderElection.askForVotes(LeaderElection.java:197)
	at org.apache.ratis.server.impl.LeaderElection.run(LeaderElection.java:133)
	at java.lang.Thread.run(Thread.java:748)
Caused by: org.apache.ratis.thirdparty.io.grpc.StatusRuntimeException: UNAVAILABLE: io exception
	at org.apache.ratis.thirdparty.io.grpc.stub.ClientCalls.toStatusRuntimeException(ClientCalls.java:233)
	at org.apache.ratis.thirdparty.io.grpc.stub.ClientCalls.getUnchecked(ClientCalls.java:214)
	at org.apache.ratis.thirdparty.io.grpc.stub.ClientCalls.blockingUnaryCall(ClientCalls.java:139)
	at org.apache.ratis.proto.grpc.RaftServerProtocolServiceGrpc$RaftServerProtocolServiceBlockingStub.requestVote(RaftServerProtocolServiceGrpc.java:265)
	at org.apache.ratis.grpc.server.GrpcServerProtocolClient.requestVote(GrpcServerProtocolClient.java:99)
	at org.apache.ratis.grpc.server.GrpcService.requestVote(GrpcService.java:204)
	at org.apache.ratis.server.impl.LeaderElection.lambda$submitRequests$1(LeaderElection.java:234)
	at java.util.concurrent.FutureTask.run(FutureTask.java:266)
	at java.util.concurrent.Executors$RunnableAdapter.call(Executors.java:511)
	at java.util.concurrent.FutureTask.run(FutureTask.java:266)
	at java.util.concurrent.ThreadPoolExecutor.runWorker(ThreadPoolExecutor.java:1149)
	at java.util.concurrent.ThreadPoolExecutor$Worker.run(ThreadPoolExecutor.java:624)
	... 1 more
Caused by: org.apache.ratis.thirdparty.io.netty.channel.AbstractChannel$AnnotatedConnectException: Connection refused: /192.168.164.210:44092
	at sun.nio.ch.SocketChannelImpl.checkConnect(Native Method)
	at sun.nio.ch.SocketChannelImpl.finishConnect(SocketChannelImpl.java:717)
	at org.apache.ratis.thirdparty.io.netty.channel.socket.nio.NioSocketChannel.doFinishConnect(NioSocketChannel.java:327)
	at org.apache.ratis.thirdparty.io.netty.channel.nio.AbstractNioChannel$AbstractNioUnsafe.finishConnect(AbstractNioChannel.java:340)
	at org.apache.ratis.thirdparty.io.netty.channel.nio.NioEventLoop.processSelectedKey(NioEventLoop.java:632)
	at org.apache.ratis.thirdparty.io.netty.channel.nio.NioEventLoop.processSelectedKeysOptimized(NioEventLoop.java:579)
	at org.apache.ratis.thirdparty.io.netty.channel.nio.NioEventLoop.processSelectedKeys(NioEventLoop.java:496)
	at org.apache.ratis.thirdparty.io.netty.channel.nio.NioEventLoop.run(NioEventLoop.java:458)
	at org.apache.ratis.thirdparty.io.netty.util.concurrent.SingleThreadEventExecutor$5.run(SingleThreadEventExecutor.java:897)
	at org.apache.ratis.thirdparty.io.netty.util.concurrent.FastThreadLocalRunnable.run(FastThreadLocalRunnable.java:30)
	... 1 more
Caused by: java.net.ConnectException: Connection refused
	... 11 more
2019-11-14 22:54:13,995 [38d24973-4522-4e24-8845-d0d59163b20a@group-0FFB5E9BE82E-LeaderElection172] INFO  impl.LeaderElection (LogUtils.java:infoOrTrace(149)) -   Exception 1: {}
java.util.concurrent.ExecutionException: org.apache.ratis.thirdparty.io.grpc.StatusRuntimeException: UNAVAILABLE: io exception
	at java.util.concurrent.FutureTask.report(FutureTask.java:122)
	at java.util.concurrent.FutureTask.get(FutureTask.java:192)
	at org.apache.ratis.server.impl.LeaderElection.waitForResults(LeaderElection.java:259)
	at org.apache.ratis.server.impl.LeaderElection.askForVotes(LeaderElection.java:197)
	at org.apache.ratis.server.impl.LeaderElection.run(LeaderElection.java:133)
	at java.lang.Thread.run(Thread.java:748)
Caused by: org.apache.ratis.thirdparty.io.grpc.StatusRuntimeException: UNAVAILABLE: io exception
	at org.apache.ratis.thirdparty.io.grpc.stub.ClientCalls.toStatusRuntimeException(ClientCalls.java:233)
	at org.apache.ratis.thirdparty.io.grpc.stub.ClientCalls.getUnchecked(ClientCalls.java:214)
	at org.apache.ratis.thirdparty.io.grpc.stub.ClientCalls.blockingUnaryCall(ClientCalls.java:139)
	at org.apache.ratis.proto.grpc.RaftServerProtocolServiceGrpc$RaftServerProtocolServiceBlockingStub.requestVote(RaftServerProtocolServiceGrpc.java:265)
	at org.apache.ratis.grpc.server.GrpcServerProtocolClient.requestVote(GrpcServerProtocolClient.java:99)
	at org.apache.ratis.grpc.server.GrpcService.requestVote(GrpcService.java:204)
	at org.apache.ratis.server.impl.LeaderElection.lambda$submitRequests$1(LeaderElection.java:234)
	at java.util.concurrent.FutureTask.run(FutureTask.java:266)
	at java.util.concurrent.Executors$RunnableAdapter.call(Executors.java:511)
	at java.util.concurrent.FutureTask.run(FutureTask.java:266)
	at java.util.concurrent.ThreadPoolExecutor.runWorker(ThreadPoolExecutor.java:1149)
	at java.util.concurrent.ThreadPoolExecutor$Worker.run(ThreadPoolExecutor.java:624)
	... 1 more
Caused by: org.apache.ratis.thirdparty.io.netty.channel.AbstractChannel$AnnotatedConnectException: Connection refused: /192.168.164.210:38253
	at sun.nio.ch.SocketChannelImpl.checkConnect(Native Method)
	at sun.nio.ch.SocketChannelImpl.finishConnect(SocketChannelImpl.java:717)
	at org.apache.ratis.thirdparty.io.netty.channel.socket.nio.NioSocketChannel.doFinishConnect(NioSocketChannel.java:327)
	at org.apache.ratis.thirdparty.io.netty.channel.nio.AbstractNioChannel$AbstractNioUnsafe.finishConnect(AbstractNioChannel.java:340)
	at org.apache.ratis.thirdparty.io.netty.channel.nio.NioEventLoop.processSelectedKey(NioEventLoop.java:632)
	at org.apache.ratis.thirdparty.io.netty.channel.nio.NioEventLoop.processSelectedKeysOptimized(NioEventLoop.java:579)
	at org.apache.ratis.thirdparty.io.netty.channel.nio.NioEventLoop.processSelectedKeys(NioEventLoop.java:496)
	at org.apache.ratis.thirdparty.io.netty.channel.nio.NioEventLoop.run(NioEventLoop.java:458)
	at org.apache.ratis.thirdparty.io.netty.util.concurrent.SingleThreadEventExecutor$5.run(SingleThreadEventExecutor.java:897)
	at org.apache.ratis.thirdparty.io.netty.util.concurrent.FastThreadLocalRunnable.run(FastThreadLocalRunnable.java:30)
	... 1 more
Caused by: java.net.ConnectException: Connection refused
	... 11 more
2019-11-14 22:54:13,995 [38d24973-4522-4e24-8845-d0d59163b20a@group-0FFB5E9BE82E-LeaderElection172] INFO  impl.RaftServerImpl (RaftServerImpl.java:setRole(173)) - 38d24973-4522-4e24-8845-d0d59163b20a@group-0FFB5E9BE82E: changes role from CANDIDATE to FOLLOWER at term 7 for DISCOVERED_A_NEW_TERM
2019-11-14 22:54:13,995 [38d24973-4522-4e24-8845-d0d59163b20a@group-0FFB5E9BE82E-LeaderElection172] INFO  impl.RoleInfo (RoleInfo.java:shutdownLeaderElection(134)) - 38d24973-4522-4e24-8845-d0d59163b20a: shutdown LeaderElection
2019-11-14 22:54:13,996 [38d24973-4522-4e24-8845-d0d59163b20a@group-0FFB5E9BE82E-LeaderElection172] INFO  impl.RoleInfo (RoleInfo.java:updateAndGet(143)) - 38d24973-4522-4e24-8845-d0d59163b20a: start FollowerState
2019-11-14 22:54:15,079 [Thread-4811] INFO  impl.FollowerState (FollowerState.java:run(111)) - 38d24973-4522-4e24-8845-d0d59163b20a@group-0FFB5E9BE82E-FollowerState: change to CANDIDATE, lastRpcTime:1083ms, electionTimeout:1083ms
2019-11-14 22:54:15,080 [Thread-4811] INFO  impl.RoleInfo (RoleInfo.java:shutdownFollowerState(121)) - 38d24973-4522-4e24-8845-d0d59163b20a: shutdown FollowerState
2019-11-14 22:54:15,080 [Thread-4811] INFO  impl.RaftServerImpl (RaftServerImpl.java:setRole(173)) - 38d24973-4522-4e24-8845-d0d59163b20a@group-0FFB5E9BE82E: changes role from  FOLLOWER to CANDIDATE at term 7 for changeToCandidate
2019-11-14 22:54:15,080 [Thread-4811] INFO  impl.RoleInfo (RoleInfo.java:updateAndGet(143)) - 38d24973-4522-4e24-8845-d0d59163b20a: start LeaderElection
2019-11-14 22:54:15,095 [38d24973-4522-4e24-8845-d0d59163b20a@group-0FFB5E9BE82E-LeaderElection173] INFO  impl.LeaderElection (LeaderElection.java:askForVotes(178)) - 38d24973-4522-4e24-8845-d0d59163b20a@group-0FFB5E9BE82E-LeaderElection173: begin an election at term 8 for 0: [fe27ed9b-283a-4979-94f3-8c29e1f5fa70:192.168.164.210:38253, 9b10aba0-cc5c-407b-9285-7072d29b9deb:192.168.164.210:44092, 38d24973-4522-4e24-8845-d0d59163b20a:192.168.164.210:38331], old=null
2019-11-14 22:54:15,097 [38d24973-4522-4e24-8845-d0d59163b20a@group-0FFB5E9BE82E-LeaderElection173] INFO  impl.LeaderElection (LogUtils.java:infoOrTrace(149)) - 38d24973-4522-4e24-8845-d0d59163b20a@group-0FFB5E9BE82E-LeaderElection173 got exception when requesting votes: {}
java.util.concurrent.ExecutionException: org.apache.ratis.thirdparty.io.grpc.StatusRuntimeException: UNAVAILABLE: io exception
	at java.util.concurrent.FutureTask.report(FutureTask.java:122)
	at java.util.concurrent.FutureTask.get(FutureTask.java:192)
	at org.apache.ratis.server.impl.LeaderElection.waitForResults(LeaderElection.java:259)
	at org.apache.ratis.server.impl.LeaderElection.askForVotes(LeaderElection.java:197)
	at org.apache.ratis.server.impl.LeaderElection.run(LeaderElection.java:133)
	at java.lang.Thread.run(Thread.java:748)
Caused by: org.apache.ratis.thirdparty.io.grpc.StatusRuntimeException: UNAVAILABLE: io exception
	at org.apache.ratis.thirdparty.io.grpc.stub.ClientCalls.toStatusRuntimeException(ClientCalls.java:233)
	at org.apache.ratis.thirdparty.io.grpc.stub.ClientCalls.getUnchecked(ClientCalls.java:214)
	at org.apache.ratis.thirdparty.io.grpc.stub.ClientCalls.blockingUnaryCall(ClientCalls.java:139)
	at org.apache.ratis.proto.grpc.RaftServerProtocolServiceGrpc$RaftServerProtocolServiceBlockingStub.requestVote(RaftServerProtocolServiceGrpc.java:265)
	at org.apache.ratis.grpc.server.GrpcServerProtocolClient.requestVote(GrpcServerProtocolClient.java:99)
	at org.apache.ratis.grpc.server.GrpcService.requestVote(GrpcService.java:204)
	at org.apache.ratis.server.impl.LeaderElection.lambda$submitRequests$1(LeaderElection.java:234)
	at java.util.concurrent.FutureTask.run(FutureTask.java:266)
	at java.util.concurrent.Executors$RunnableAdapter.call(Executors.java:511)
	at java.util.concurrent.FutureTask.run(FutureTask.java:266)
	at java.util.concurrent.ThreadPoolExecutor.runWorker(ThreadPoolExecutor.java:1149)
	at java.util.concurrent.ThreadPoolExecutor$Worker.run(ThreadPoolExecutor.java:624)
	... 1 more
Caused by: org.apache.ratis.thirdparty.io.netty.channel.AbstractChannel$AnnotatedConnectException: Connection refused: /192.168.164.210:38253
	at sun.nio.ch.SocketChannelImpl.checkConnect(Native Method)
	at sun.nio.ch.SocketChannelImpl.finishConnect(SocketChannelImpl.java:717)
	at org.apache.ratis.thirdparty.io.netty.channel.socket.nio.NioSocketChannel.doFinishConnect(NioSocketChannel.java:327)
	at org.apache.ratis.thirdparty.io.netty.channel.nio.AbstractNioChannel$AbstractNioUnsafe.finishConnect(AbstractNioChannel.java:340)
	at org.apache.ratis.thirdparty.io.netty.channel.nio.NioEventLoop.processSelectedKey(NioEventLoop.java:632)
	at org.apache.ratis.thirdparty.io.netty.channel.nio.NioEventLoop.processSelectedKeysOptimized(NioEventLoop.java:579)
	at org.apache.ratis.thirdparty.io.netty.channel.nio.NioEventLoop.processSelectedKeys(NioEventLoop.java:496)
	at org.apache.ratis.thirdparty.io.netty.channel.nio.NioEventLoop.run(NioEventLoop.java:458)
	at org.apache.ratis.thirdparty.io.netty.util.concurrent.SingleThreadEventExecutor$5.run(SingleThreadEventExecutor.java:897)
	at org.apache.ratis.thirdparty.io.netty.util.concurrent.FastThreadLocalRunnable.run(FastThreadLocalRunnable.java:30)
	... 1 more
Caused by: java.net.ConnectException: Connection refused
	... 11 more
2019-11-14 22:54:15,099 [38d24973-4522-4e24-8845-d0d59163b20a@group-0FFB5E9BE82E-LeaderElection173] INFO  impl.LeaderElection (LogUtils.java:infoOrTrace(149)) - 38d24973-4522-4e24-8845-d0d59163b20a@group-0FFB5E9BE82E-LeaderElection173 got exception when requesting votes: {}
java.util.concurrent.ExecutionException: org.apache.ratis.thirdparty.io.grpc.StatusRuntimeException: UNAVAILABLE: io exception
	at java.util.concurrent.FutureTask.report(FutureTask.java:122)
	at java.util.concurrent.FutureTask.get(FutureTask.java:192)
	at org.apache.ratis.server.impl.LeaderElection.waitForResults(LeaderElection.java:259)
	at org.apache.ratis.server.impl.LeaderElection.askForVotes(LeaderElection.java:197)
	at org.apache.ratis.server.impl.LeaderElection.run(LeaderElection.java:133)
	at java.lang.Thread.run(Thread.java:748)
Caused by: org.apache.ratis.thirdparty.io.grpc.StatusRuntimeException: UNAVAILABLE: io exception
	at org.apache.ratis.thirdparty.io.grpc.stub.ClientCalls.toStatusRuntimeException(ClientCalls.java:233)
	at org.apache.ratis.thirdparty.io.grpc.stub.ClientCalls.getUnchecked(ClientCalls.java:214)
	at org.apache.ratis.thirdparty.io.grpc.stub.ClientCalls.blockingUnaryCall(ClientCalls.java:139)
	at org.apache.ratis.proto.grpc.RaftServerProtocolServiceGrpc$RaftServerProtocolServiceBlockingStub.requestVote(RaftServerProtocolServiceGrpc.java:265)
	at org.apache.ratis.grpc.server.GrpcServerProtocolClient.requestVote(GrpcServerProtocolClient.java:99)
	at org.apache.ratis.grpc.server.GrpcService.requestVote(GrpcService.java:204)
	at org.apache.ratis.server.impl.LeaderElection.lambda$submitRequests$1(LeaderElection.java:234)
	at java.util.concurrent.FutureTask.run(FutureTask.java:266)
	at java.util.concurrent.Executors$RunnableAdapter.call(Executors.java:511)
	at java.util.concurrent.FutureTask.run(FutureTask.java:266)
	at java.util.concurrent.ThreadPoolExecutor.runWorker(ThreadPoolExecutor.java:1149)
	at java.util.concurrent.ThreadPoolExecutor$Worker.run(ThreadPoolExecutor.java:624)
	... 1 more
Caused by: org.apache.ratis.thirdparty.io.netty.channel.AbstractChannel$AnnotatedConnectException: Connection refused: /192.168.164.210:44092
	at sun.nio.ch.SocketChannelImpl.checkConnect(Native Method)
	at sun.nio.ch.SocketChannelImpl.finishConnect(SocketChannelImpl.java:717)
	at org.apache.ratis.thirdparty.io.netty.channel.socket.nio.NioSocketChannel.doFinishConnect(NioSocketChannel.java:327)
	at org.apache.ratis.thirdparty.io.netty.channel.nio.AbstractNioChannel$AbstractNioUnsafe.finishConnect(AbstractNioChannel.java:340)
	at org.apache.ratis.thirdparty.io.netty.channel.nio.NioEventLoop.processSelectedKey(NioEventLoop.java:632)
	at org.apache.ratis.thirdparty.io.netty.channel.nio.NioEventLoop.processSelectedKeysOptimized(NioEventLoop.java:579)
	at org.apache.ratis.thirdparty.io.netty.channel.nio.NioEventLoop.processSelectedKeys(NioEventLoop.java:496)
	at org.apache.ratis.thirdparty.io.netty.channel.nio.NioEventLoop.run(NioEventLoop.java:458)
	at org.apache.ratis.thirdparty.io.netty.util.concurrent.SingleThreadEventExecutor$5.run(SingleThreadEventExecutor.java:897)
	at org.apache.ratis.thirdparty.io.netty.util.concurrent.FastThreadLocalRunnable.run(FastThreadLocalRunnable.java:30)
	... 1 more
Caused by: java.net.ConnectException: Connection refused
	... 11 more
2019-11-14 22:54:15,100 [38d24973-4522-4e24-8845-d0d59163b20a@group-0FFB5E9BE82E-LeaderElection173] INFO  impl.LeaderElection (LeaderElection.java:logAndReturn(56)) - 38d24973-4522-4e24-8845-d0d59163b20a@group-0FFB5E9BE82E-LeaderElection173: Election REJECTED; received 0 response(s) [] and 2 exception(s); 38d24973-4522-4e24-8845-d0d59163b20a@group-0FFB5E9BE82E:t8, leader=null, voted=38d24973-4522-4e24-8845-d0d59163b20a, raftlog=38d24973-4522-4e24-8845-d0d59163b20a@group-0FFB5E9BE82E-SegmentedRaftLog:OPENED:c0,f0,i0, conf=0: [fe27ed9b-283a-4979-94f3-8c29e1f5fa70:192.168.164.210:38253, 9b10aba0-cc5c-407b-9285-7072d29b9deb:192.168.164.210:44092, 38d24973-4522-4e24-8845-d0d59163b20a:192.168.164.210:38331], old=null
2019-11-14 22:54:15,101 [38d24973-4522-4e24-8845-d0d59163b20a@group-0FFB5E9BE82E-LeaderElection173] INFO  impl.LeaderElection (LogUtils.java:infoOrTrace(149)) -   Exception 0: {}
java.util.concurrent.ExecutionException: org.apache.ratis.thirdparty.io.grpc.StatusRuntimeException: UNAVAILABLE: io exception
	at java.util.concurrent.FutureTask.report(FutureTask.java:122)
	at java.util.concurrent.FutureTask.get(FutureTask.java:192)
	at org.apache.ratis.server.impl.LeaderElection.waitForResults(LeaderElection.java:259)
	at org.apache.ratis.server.impl.LeaderElection.askForVotes(LeaderElection.java:197)
	at org.apache.ratis.server.impl.LeaderElection.run(LeaderElection.java:133)
	at java.lang.Thread.run(Thread.java:748)
Caused by: org.apache.ratis.thirdparty.io.grpc.StatusRuntimeException: UNAVAILABLE: io exception
	at org.apache.ratis.thirdparty.io.grpc.stub.ClientCalls.toStatusRuntimeException(ClientCalls.java:233)
	at org.apache.ratis.thirdparty.io.grpc.stub.ClientCalls.getUnchecked(ClientCalls.java:214)
	at org.apache.ratis.thirdparty.io.grpc.stub.ClientCalls.blockingUnaryCall(ClientCalls.java:139)
	at org.apache.ratis.proto.grpc.RaftServerProtocolServiceGrpc$RaftServerProtocolServiceBlockingStub.requestVote(RaftServerProtocolServiceGrpc.java:265)
	at org.apache.ratis.grpc.server.GrpcServerProtocolClient.requestVote(GrpcServerProtocolClient.java:99)
	at org.apache.ratis.grpc.server.GrpcService.requestVote(GrpcService.java:204)
	at org.apache.ratis.server.impl.LeaderElection.lambda$submitRequests$1(LeaderElection.java:234)
	at java.util.concurrent.FutureTask.run(FutureTask.java:266)
	at java.util.concurrent.Executors$RunnableAdapter.call(Executors.java:511)
	at java.util.concurrent.FutureTask.run(FutureTask.java:266)
	at java.util.concurrent.ThreadPoolExecutor.runWorker(ThreadPoolExecutor.java:1149)
	at java.util.concurrent.ThreadPoolExecutor$Worker.run(ThreadPoolExecutor.java:624)
	... 1 more
Caused by: org.apache.ratis.thirdparty.io.netty.channel.AbstractChannel$AnnotatedConnectException: Connection refused: /192.168.164.210:38253
	at sun.nio.ch.SocketChannelImpl.checkConnect(Native Method)
	at sun.nio.ch.SocketChannelImpl.finishConnect(SocketChannelImpl.java:717)
	at org.apache.ratis.thirdparty.io.netty.channel.socket.nio.NioSocketChannel.doFinishConnect(NioSocketChannel.java:327)
	at org.apache.ratis.thirdparty.io.netty.channel.nio.AbstractNioChannel$AbstractNioUnsafe.finishConnect(AbstractNioChannel.java:340)
	at org.apache.ratis.thirdparty.io.netty.channel.nio.NioEventLoop.processSelectedKey(NioEventLoop.java:632)
	at org.apache.ratis.thirdparty.io.netty.channel.nio.NioEventLoop.processSelectedKeysOptimized(NioEventLoop.java:579)
	at org.apache.ratis.thirdparty.io.netty.channel.nio.NioEventLoop.processSelectedKeys(NioEventLoop.java:496)
	at org.apache.ratis.thirdparty.io.netty.channel.nio.NioEventLoop.run(NioEventLoop.java:458)
	at org.apache.ratis.thirdparty.io.netty.util.concurrent.SingleThreadEventExecutor$5.run(SingleThreadEventExecutor.java:897)
	at org.apache.ratis.thirdparty.io.netty.util.concurrent.FastThreadLocalRunnable.run(FastThreadLocalRunnable.java:30)
	... 1 more
Caused by: java.net.ConnectException: Connection refused
	... 11 more
2019-11-14 22:54:15,101 [38d24973-4522-4e24-8845-d0d59163b20a@group-0FFB5E9BE82E-LeaderElection173] INFO  impl.LeaderElection (LogUtils.java:infoOrTrace(149)) -   Exception 1: {}
java.util.concurrent.ExecutionException: org.apache.ratis.thirdparty.io.grpc.StatusRuntimeException: UNAVAILABLE: io exception
	at java.util.concurrent.FutureTask.report(FutureTask.java:122)
	at java.util.concurrent.FutureTask.get(FutureTask.java:192)
	at org.apache.ratis.server.impl.LeaderElection.waitForResults(LeaderElection.java:259)
	at org.apache.ratis.server.impl.LeaderElection.askForVotes(LeaderElection.java:197)
	at org.apache.ratis.server.impl.LeaderElection.run(LeaderElection.java:133)
	at java.lang.Thread.run(Thread.java:748)
Caused by: org.apache.ratis.thirdparty.io.grpc.StatusRuntimeException: UNAVAILABLE: io exception
	at org.apache.ratis.thirdparty.io.grpc.stub.ClientCalls.toStatusRuntimeException(ClientCalls.java:233)
	at org.apache.ratis.thirdparty.io.grpc.stub.ClientCalls.getUnchecked(ClientCalls.java:214)
	at org.apache.ratis.thirdparty.io.grpc.stub.ClientCalls.blockingUnaryCall(ClientCalls.java:139)
	at org.apache.ratis.proto.grpc.RaftServerProtocolServiceGrpc$RaftServerProtocolServiceBlockingStub.requestVote(RaftServerProtocolServiceGrpc.java:265)
	at org.apache.ratis.grpc.server.GrpcServerProtocolClient.requestVote(GrpcServerProtocolClient.java:99)
	at org.apache.ratis.grpc.server.GrpcService.requestVote(GrpcService.java:204)
	at org.apache.ratis.server.impl.LeaderElection.lambda$submitRequests$1(LeaderElection.java:234)
	at java.util.concurrent.FutureTask.run(FutureTask.java:266)
	at java.util.concurrent.Executors$RunnableAdapter.call(Executors.java:511)
	at java.util.concurrent.FutureTask.run(FutureTask.java:266)
	at java.util.concurrent.ThreadPoolExecutor.runWorker(ThreadPoolExecutor.java:1149)
	at java.util.concurrent.ThreadPoolExecutor$Worker.run(ThreadPoolExecutor.java:624)
	... 1 more
Caused by: org.apache.ratis.thirdparty.io.netty.channel.AbstractChannel$AnnotatedConnectException: Connection refused: /192.168.164.210:44092
	at sun.nio.ch.SocketChannelImpl.checkConnect(Native Method)
	at sun.nio.ch.SocketChannelImpl.finishConnect(SocketChannelImpl.java:717)
	at org.apache.ratis.thirdparty.io.netty.channel.socket.nio.NioSocketChannel.doFinishConnect(NioSocketChannel.java:327)
	at org.apache.ratis.thirdparty.io.netty.channel.nio.AbstractNioChannel$AbstractNioUnsafe.finishConnect(AbstractNioChannel.java:340)
	at org.apache.ratis.thirdparty.io.netty.channel.nio.NioEventLoop.processSelectedKey(NioEventLoop.java:632)
	at org.apache.ratis.thirdparty.io.netty.channel.nio.NioEventLoop.processSelectedKeysOptimized(NioEventLoop.java:579)
	at org.apache.ratis.thirdparty.io.netty.channel.nio.NioEventLoop.processSelectedKeys(NioEventLoop.java:496)
	at org.apache.ratis.thirdparty.io.netty.channel.nio.NioEventLoop.run(NioEventLoop.java:458)
	at org.apache.ratis.thirdparty.io.netty.util.concurrent.SingleThreadEventExecutor$5.run(SingleThreadEventExecutor.java:897)
	at org.apache.ratis.thirdparty.io.netty.util.concurrent.FastThreadLocalRunnable.run(FastThreadLocalRunnable.java:30)
	... 1 more
Caused by: java.net.ConnectException: Connection refused
	... 11 more
2019-11-14 22:54:15,101 [38d24973-4522-4e24-8845-d0d59163b20a@group-0FFB5E9BE82E-LeaderElection173] INFO  impl.RaftServerImpl (RaftServerImpl.java:setRole(173)) - 38d24973-4522-4e24-8845-d0d59163b20a@group-0FFB5E9BE82E: changes role from CANDIDATE to FOLLOWER at term 8 for DISCOVERED_A_NEW_TERM
2019-11-14 22:54:15,101 [38d24973-4522-4e24-8845-d0d59163b20a@group-0FFB5E9BE82E-LeaderElection173] INFO  impl.RoleInfo (RoleInfo.java:shutdownLeaderElection(134)) - 38d24973-4522-4e24-8845-d0d59163b20a: shutdown LeaderElection
2019-11-14 22:54:15,102 [38d24973-4522-4e24-8845-d0d59163b20a@group-0FFB5E9BE82E-LeaderElection173] INFO  impl.RoleInfo (RoleInfo.java:updateAndGet(143)) - 38d24973-4522-4e24-8845-d0d59163b20a: start FollowerState
2019-11-14 22:54:16,248 [Thread-4817] INFO  impl.FollowerState (FollowerState.java:run(111)) - 38d24973-4522-4e24-8845-d0d59163b20a@group-0FFB5E9BE82E-FollowerState: change to CANDIDATE, lastRpcTime:1146ms, electionTimeout:1146ms
2019-11-14 22:54:16,249 [Thread-4817] INFO  impl.RoleInfo (RoleInfo.java:shutdownFollowerState(121)) - 38d24973-4522-4e24-8845-d0d59163b20a: shutdown FollowerState
2019-11-14 22:54:16,249 [Thread-4817] INFO  impl.RaftServerImpl (RaftServerImpl.java:setRole(173)) - 38d24973-4522-4e24-8845-d0d59163b20a@group-0FFB5E9BE82E: changes role from  FOLLOWER to CANDIDATE at term 8 for changeToCandidate
2019-11-14 22:54:16,249 [Thread-4817] INFO  impl.RoleInfo (RoleInfo.java:updateAndGet(143)) - 38d24973-4522-4e24-8845-d0d59163b20a: start LeaderElection
2019-11-14 22:54:16,263 [38d24973-4522-4e24-8845-d0d59163b20a@group-0FFB5E9BE82E-LeaderElection174] INFO  impl.LeaderElection (LeaderElection.java:askForVotes(178)) - 38d24973-4522-4e24-8845-d0d59163b20a@group-0FFB5E9BE82E-LeaderElection174: begin an election at term 9 for 0: [fe27ed9b-283a-4979-94f3-8c29e1f5fa70:192.168.164.210:38253, 9b10aba0-cc5c-407b-9285-7072d29b9deb:192.168.164.210:44092, 38d24973-4522-4e24-8845-d0d59163b20a:192.168.164.210:38331], old=null
2019-11-14 22:54:16,264 [38d24973-4522-4e24-8845-d0d59163b20a@group-0FFB5E9BE82E-LeaderElection174] INFO  impl.LeaderElection (LogUtils.java:infoOrTrace(149)) - 38d24973-4522-4e24-8845-d0d59163b20a@group-0FFB5E9BE82E-LeaderElection174 got exception when requesting votes: {}
java.util.concurrent.ExecutionException: org.apache.ratis.thirdparty.io.grpc.StatusRuntimeException: UNAVAILABLE: io exception
	at java.util.concurrent.FutureTask.report(FutureTask.java:122)
	at java.util.concurrent.FutureTask.get(FutureTask.java:192)
	at org.apache.ratis.server.impl.LeaderElection.waitForResults(LeaderElection.java:259)
	at org.apache.ratis.server.impl.LeaderElection.askForVotes(LeaderElection.java:197)
	at org.apache.ratis.server.impl.LeaderElection.run(LeaderElection.java:133)
	at java.lang.Thread.run(Thread.java:748)
Caused by: org.apache.ratis.thirdparty.io.grpc.StatusRuntimeException: UNAVAILABLE: io exception
	at org.apache.ratis.thirdparty.io.grpc.stub.ClientCalls.toStatusRuntimeException(ClientCalls.java:233)
	at org.apache.ratis.thirdparty.io.grpc.stub.ClientCalls.getUnchecked(ClientCalls.java:214)
	at org.apache.ratis.thirdparty.io.grpc.stub.ClientCalls.blockingUnaryCall(ClientCalls.java:139)
	at org.apache.ratis.proto.grpc.RaftServerProtocolServiceGrpc$RaftServerProtocolServiceBlockingStub.requestVote(RaftServerProtocolServiceGrpc.java:265)
	at org.apache.ratis.grpc.server.GrpcServerProtocolClient.requestVote(GrpcServerProtocolClient.java:99)
	at org.apache.ratis.grpc.server.GrpcService.requestVote(GrpcService.java:204)
	at org.apache.ratis.server.impl.LeaderElection.lambda$submitRequests$1(LeaderElection.java:234)
	at java.util.concurrent.FutureTask.run(FutureTask.java:266)
	at java.util.concurrent.Executors$RunnableAdapter.call(Executors.java:511)
	at java.util.concurrent.FutureTask.run(FutureTask.java:266)
	at java.util.concurrent.ThreadPoolExecutor.runWorker(ThreadPoolExecutor.java:1149)
	at java.util.concurrent.ThreadPoolExecutor$Worker.run(ThreadPoolExecutor.java:624)
	... 1 more
Caused by: org.apache.ratis.thirdparty.io.netty.channel.AbstractChannel$AnnotatedConnectException: Connection refused: /192.168.164.210:38253
	at sun.nio.ch.SocketChannelImpl.checkConnect(Native Method)
	at sun.nio.ch.SocketChannelImpl.finishConnect(SocketChannelImpl.java:717)
	at org.apache.ratis.thirdparty.io.netty.channel.socket.nio.NioSocketChannel.doFinishConnect(NioSocketChannel.java:327)
	at org.apache.ratis.thirdparty.io.netty.channel.nio.AbstractNioChannel$AbstractNioUnsafe.finishConnect(AbstractNioChannel.java:340)
	at org.apache.ratis.thirdparty.io.netty.channel.nio.NioEventLoop.processSelectedKey(NioEventLoop.java:632)
	at org.apache.ratis.thirdparty.io.netty.channel.nio.NioEventLoop.processSelectedKeysOptimized(NioEventLoop.java:579)
	at org.apache.ratis.thirdparty.io.netty.channel.nio.NioEventLoop.processSelectedKeys(NioEventLoop.java:496)
	at org.apache.ratis.thirdparty.io.netty.channel.nio.NioEventLoop.run(NioEventLoop.java:458)
	at org.apache.ratis.thirdparty.io.netty.util.concurrent.SingleThreadEventExecutor$5.run(SingleThreadEventExecutor.java:897)
	at org.apache.ratis.thirdparty.io.netty.util.concurrent.FastThreadLocalRunnable.run(FastThreadLocalRunnable.java:30)
	... 1 more
Caused by: java.net.ConnectException: Connection refused
	... 11 more
2019-11-14 22:54:16,266 [38d24973-4522-4e24-8845-d0d59163b20a@group-0FFB5E9BE82E-LeaderElection174] INFO  impl.LeaderElection (LogUtils.java:infoOrTrace(149)) - 38d24973-4522-4e24-8845-d0d59163b20a@group-0FFB5E9BE82E-LeaderElection174 got exception when requesting votes: {}
java.util.concurrent.ExecutionException: org.apache.ratis.thirdparty.io.grpc.StatusRuntimeException: UNAVAILABLE: io exception
	at java.util.concurrent.FutureTask.report(FutureTask.java:122)
	at java.util.concurrent.FutureTask.get(FutureTask.java:192)
	at org.apache.ratis.server.impl.LeaderElection.waitForResults(LeaderElection.java:259)
	at org.apache.ratis.server.impl.LeaderElection.askForVotes(LeaderElection.java:197)
	at org.apache.ratis.server.impl.LeaderElection.run(LeaderElection.java:133)
	at java.lang.Thread.run(Thread.java:748)
Caused by: org.apache.ratis.thirdparty.io.grpc.StatusRuntimeException: UNAVAILABLE: io exception
	at org.apache.ratis.thirdparty.io.grpc.stub.ClientCalls.toStatusRuntimeException(ClientCalls.java:233)
	at org.apache.ratis.thirdparty.io.grpc.stub.ClientCalls.getUnchecked(ClientCalls.java:214)
	at org.apache.ratis.thirdparty.io.grpc.stub.ClientCalls.blockingUnaryCall(ClientCalls.java:139)
	at org.apache.ratis.proto.grpc.RaftServerProtocolServiceGrpc$RaftServerProtocolServiceBlockingStub.requestVote(RaftServerProtocolServiceGrpc.java:265)
	at org.apache.ratis.grpc.server.GrpcServerProtocolClient.requestVote(GrpcServerProtocolClient.java:99)
	at org.apache.ratis.grpc.server.GrpcService.requestVote(GrpcService.java:204)
	at org.apache.ratis.server.impl.LeaderElection.lambda$submitRequests$1(LeaderElection.java:234)
	at java.util.concurrent.FutureTask.run(FutureTask.java:266)
	at java.util.concurrent.Executors$RunnableAdapter.call(Executors.java:511)
	at java.util.concurrent.FutureTask.run(FutureTask.java:266)
	at java.util.concurrent.ThreadPoolExecutor.runWorker(ThreadPoolExecutor.java:1149)
	at java.util.concurrent.ThreadPoolExecutor$Worker.run(ThreadPoolExecutor.java:624)
	... 1 more
Caused by: org.apache.ratis.thirdparty.io.netty.channel.AbstractChannel$AnnotatedConnectException: Connection refused: /192.168.164.210:44092
	at sun.nio.ch.SocketChannelImpl.checkConnect(Native Method)
	at sun.nio.ch.SocketChannelImpl.finishConnect(SocketChannelImpl.java:717)
	at org.apache.ratis.thirdparty.io.netty.channel.socket.nio.NioSocketChannel.doFinishConnect(NioSocketChannel.java:327)
	at org.apache.ratis.thirdparty.io.netty.channel.nio.AbstractNioChannel$AbstractNioUnsafe.finishConnect(AbstractNioChannel.java:340)
	at org.apache.ratis.thirdparty.io.netty.channel.nio.NioEventLoop.processSelectedKey(NioEventLoop.java:632)
	at org.apache.ratis.thirdparty.io.netty.channel.nio.NioEventLoop.processSelectedKeysOptimized(NioEventLoop.java:579)
	at org.apache.ratis.thirdparty.io.netty.channel.nio.NioEventLoop.processSelectedKeys(NioEventLoop.java:496)
	at org.apache.ratis.thirdparty.io.netty.channel.nio.NioEventLoop.run(NioEventLoop.java:458)
	at org.apache.ratis.thirdparty.io.netty.util.concurrent.SingleThreadEventExecutor$5.run(SingleThreadEventExecutor.java:897)
	at org.apache.ratis.thirdparty.io.netty.util.concurrent.FastThreadLocalRunnable.run(FastThreadLocalRunnable.java:30)
	... 1 more
Caused by: java.net.ConnectException: Connection refused
	... 11 more
2019-11-14 22:54:16,267 [38d24973-4522-4e24-8845-d0d59163b20a@group-0FFB5E9BE82E-LeaderElection174] INFO  impl.LeaderElection (LeaderElection.java:logAndReturn(56)) - 38d24973-4522-4e24-8845-d0d59163b20a@group-0FFB5E9BE82E-LeaderElection174: Election REJECTED; received 0 response(s) [] and 2 exception(s); 38d24973-4522-4e24-8845-d0d59163b20a@group-0FFB5E9BE82E:t9, leader=null, voted=38d24973-4522-4e24-8845-d0d59163b20a, raftlog=38d24973-4522-4e24-8845-d0d59163b20a@group-0FFB5E9BE82E-SegmentedRaftLog:OPENED:c0,f0,i0, conf=0: [fe27ed9b-283a-4979-94f3-8c29e1f5fa70:192.168.164.210:38253, 9b10aba0-cc5c-407b-9285-7072d29b9deb:192.168.164.210:44092, 38d24973-4522-4e24-8845-d0d59163b20a:192.168.164.210:38331], old=null
2019-11-14 22:54:16,268 [38d24973-4522-4e24-8845-d0d59163b20a@group-0FFB5E9BE82E-LeaderElection174] INFO  impl.LeaderElection (LogUtils.java:infoOrTrace(149)) -   Exception 0: {}
java.util.concurrent.ExecutionException: org.apache.ratis.thirdparty.io.grpc.StatusRuntimeException: UNAVAILABLE: io exception
	at java.util.concurrent.FutureTask.report(FutureTask.java:122)
	at java.util.concurrent.FutureTask.get(FutureTask.java:192)
	at org.apache.ratis.server.impl.LeaderElection.waitForResults(LeaderElection.java:259)
	at org.apache.ratis.server.impl.LeaderElection.askForVotes(LeaderElection.java:197)
	at org.apache.ratis.server.impl.LeaderElection.run(LeaderElection.java:133)
	at java.lang.Thread.run(Thread.java:748)
Caused by: org.apache.ratis.thirdparty.io.grpc.StatusRuntimeException: UNAVAILABLE: io exception
	at org.apache.ratis.thirdparty.io.grpc.stub.ClientCalls.toStatusRuntimeException(ClientCalls.java:233)
	at org.apache.ratis.thirdparty.io.grpc.stub.ClientCalls.getUnchecked(ClientCalls.java:214)
	at org.apache.ratis.thirdparty.io.grpc.stub.ClientCalls.blockingUnaryCall(ClientCalls.java:139)
	at org.apache.ratis.proto.grpc.RaftServerProtocolServiceGrpc$RaftServerProtocolServiceBlockingStub.requestVote(RaftServerProtocolServiceGrpc.java:265)
	at org.apache.ratis.grpc.server.GrpcServerProtocolClient.requestVote(GrpcServerProtocolClient.java:99)
	at org.apache.ratis.grpc.server.GrpcService.requestVote(GrpcService.java:204)
	at org.apache.ratis.server.impl.LeaderElection.lambda$submitRequests$1(LeaderElection.java:234)
	at java.util.concurrent.FutureTask.run(FutureTask.java:266)
	at java.util.concurrent.Executors$RunnableAdapter.call(Executors.java:511)
	at java.util.concurrent.FutureTask.run(FutureTask.java:266)
	at java.util.concurrent.ThreadPoolExecutor.runWorker(ThreadPoolExecutor.java:1149)
	at java.util.concurrent.ThreadPoolExecutor$Worker.run(ThreadPoolExecutor.java:624)
	... 1 more
Caused by: org.apache.ratis.thirdparty.io.netty.channel.AbstractChannel$AnnotatedConnectException: Connection refused: /192.168.164.210:38253
	at sun.nio.ch.SocketChannelImpl.checkConnect(Native Method)
	at sun.nio.ch.SocketChannelImpl.finishConnect(SocketChannelImpl.java:717)
	at org.apache.ratis.thirdparty.io.netty.channel.socket.nio.NioSocketChannel.doFinishConnect(NioSocketChannel.java:327)
	at org.apache.ratis.thirdparty.io.netty.channel.nio.AbstractNioChannel$AbstractNioUnsafe.finishConnect(AbstractNioChannel.java:340)
	at org.apache.ratis.thirdparty.io.netty.channel.nio.NioEventLoop.processSelectedKey(NioEventLoop.java:632)
	at org.apache.ratis.thirdparty.io.netty.channel.nio.NioEventLoop.processSelectedKeysOptimized(NioEventLoop.java:579)
	at org.apache.ratis.thirdparty.io.netty.channel.nio.NioEventLoop.processSelectedKeys(NioEventLoop.java:496)
	at org.apache.ratis.thirdparty.io.netty.channel.nio.NioEventLoop.run(NioEventLoop.java:458)
	at org.apache.ratis.thirdparty.io.netty.util.concurrent.SingleThreadEventExecutor$5.run(SingleThreadEventExecutor.java:897)
	at org.apache.ratis.thirdparty.io.netty.util.concurrent.FastThreadLocalRunnable.run(FastThreadLocalRunnable.java:30)
	... 1 more
Caused by: java.net.ConnectException: Connection refused
	... 11 more
2019-11-14 22:54:16,268 [38d24973-4522-4e24-8845-d0d59163b20a@group-0FFB5E9BE82E-LeaderElection174] INFO  impl.LeaderElection (LogUtils.java:infoOrTrace(149)) -   Exception 1: {}
java.util.concurrent.ExecutionException: org.apache.ratis.thirdparty.io.grpc.StatusRuntimeException: UNAVAILABLE: io exception
	at java.util.concurrent.FutureTask.report(FutureTask.java:122)
	at java.util.concurrent.FutureTask.get(FutureTask.java:192)
	at org.apache.ratis.server.impl.LeaderElection.waitForResults(LeaderElection.java:259)
	at org.apache.ratis.server.impl.LeaderElection.askForVotes(LeaderElection.java:197)
	at org.apache.ratis.server.impl.LeaderElection.run(LeaderElection.java:133)
	at java.lang.Thread.run(Thread.java:748)
Caused by: org.apache.ratis.thirdparty.io.grpc.StatusRuntimeException: UNAVAILABLE: io exception
	at org.apache.ratis.thirdparty.io.grpc.stub.ClientCalls.toStatusRuntimeException(ClientCalls.java:233)
	at org.apache.ratis.thirdparty.io.grpc.stub.ClientCalls.getUnchecked(ClientCalls.java:214)
	at org.apache.ratis.thirdparty.io.grpc.stub.ClientCalls.blockingUnaryCall(ClientCalls.java:139)
	at org.apache.ratis.proto.grpc.RaftServerProtocolServiceGrpc$RaftServerProtocolServiceBlockingStub.requestVote(RaftServerProtocolServiceGrpc.java:265)
	at org.apache.ratis.grpc.server.GrpcServerProtocolClient.requestVote(GrpcServerProtocolClient.java:99)
	at org.apache.ratis.grpc.server.GrpcService.requestVote(GrpcService.java:204)
	at org.apache.ratis.server.impl.LeaderElection.lambda$submitRequests$1(LeaderElection.java:234)
	at java.util.concurrent.FutureTask.run(FutureTask.java:266)
	at java.util.concurrent.Executors$RunnableAdapter.call(Executors.java:511)
	at java.util.concurrent.FutureTask.run(FutureTask.java:266)
	at java.util.concurrent.ThreadPoolExecutor.runWorker(ThreadPoolExecutor.java:1149)
	at java.util.concurrent.ThreadPoolExecutor$Worker.run(ThreadPoolExecutor.java:624)
	... 1 more
Caused by: org.apache.ratis.thirdparty.io.netty.channel.AbstractChannel$AnnotatedConnectException: Connection refused: /192.168.164.210:44092
	at sun.nio.ch.SocketChannelImpl.checkConnect(Native Method)
	at sun.nio.ch.SocketChannelImpl.finishConnect(SocketChannelImpl.java:717)
	at org.apache.ratis.thirdparty.io.netty.channel.socket.nio.NioSocketChannel.doFinishConnect(NioSocketChannel.java:327)
	at org.apache.ratis.thirdparty.io.netty.channel.nio.AbstractNioChannel$AbstractNioUnsafe.finishConnect(AbstractNioChannel.java:340)
	at org.apache.ratis.thirdparty.io.netty.channel.nio.NioEventLoop.processSelectedKey(NioEventLoop.java:632)
	at org.apache.ratis.thirdparty.io.netty.channel.nio.NioEventLoop.processSelectedKeysOptimized(NioEventLoop.java:579)
	at org.apache.ratis.thirdparty.io.netty.channel.nio.NioEventLoop.processSelectedKeys(NioEventLoop.java:496)
	at org.apache.ratis.thirdparty.io.netty.channel.nio.NioEventLoop.run(NioEventLoop.java:458)
	at org.apache.ratis.thirdparty.io.netty.util.concurrent.SingleThreadEventExecutor$5.run(SingleThreadEventExecutor.java:897)
	at org.apache.ratis.thirdparty.io.netty.util.concurrent.FastThreadLocalRunnable.run(FastThreadLocalRunnable.java:30)
	... 1 more
Caused by: java.net.ConnectException: Connection refused
	... 11 more
2019-11-14 22:54:16,268 [38d24973-4522-4e24-8845-d0d59163b20a@group-0FFB5E9BE82E-LeaderElection174] INFO  impl.RaftServerImpl (RaftServerImpl.java:setRole(173)) - 38d24973-4522-4e24-8845-d0d59163b20a@group-0FFB5E9BE82E: changes role from CANDIDATE to FOLLOWER at term 9 for DISCOVERED_A_NEW_TERM
2019-11-14 22:54:16,269 [38d24973-4522-4e24-8845-d0d59163b20a@group-0FFB5E9BE82E-LeaderElection174] INFO  impl.RoleInfo (RoleInfo.java:shutdownLeaderElection(134)) - 38d24973-4522-4e24-8845-d0d59163b20a: shutdown LeaderElection
2019-11-14 22:54:16,269 [38d24973-4522-4e24-8845-d0d59163b20a@group-0FFB5E9BE82E-LeaderElection174] INFO  impl.RoleInfo (RoleInfo.java:updateAndGet(143)) - 38d24973-4522-4e24-8845-d0d59163b20a: start FollowerState
2019-11-14 22:54:16,576 [main] INFO  ozoneimpl.OzoneContainer (OzoneContainer.java:stop(244)) - Attempting to stop container services.
2019-11-14 22:54:16,579 [main] INFO  impl.RaftServerProxy (RaftServerProxy.java:lambda$close$4(314)) - 38d24973-4522-4e24-8845-d0d59163b20a: close
2019-11-14 22:54:16,580 [main] INFO  impl.RaftServerImpl (RaftServerImpl.java:lambda$shutdown$3(250)) - 38d24973-4522-4e24-8845-d0d59163b20a@group-B029DA686437: shutdown
2019-11-14 22:54:16,580 [ForkJoinPool.commonPool-worker-0] INFO  impl.RaftServerImpl (RaftServerImpl.java:lambda$shutdown$3(250)) - 38d24973-4522-4e24-8845-d0d59163b20a@group-0FFB5E9BE82E: shutdown
2019-11-14 22:54:16,581 [main] INFO  util.JmxRegister (JmxRegister.java:unregister(73)) - Successfully un-registered JMX Bean with object name Ratis:service=RaftServer,group=group-B029DA686437,id=38d24973-4522-4e24-8845-d0d59163b20a
2019-11-14 22:54:16,581 [ForkJoinPool.commonPool-worker-0] INFO  util.JmxRegister (JmxRegister.java:unregister(73)) - Successfully un-registered JMX Bean with object name Ratis:service=RaftServer,group=group-0FFB5E9BE82E,id=38d24973-4522-4e24-8845-d0d59163b20a
2019-11-14 22:54:16,581 [main] INFO  impl.RoleInfo (RoleInfo.java:shutdownLeaderState(104)) - 38d24973-4522-4e24-8845-d0d59163b20a: shutdown LeaderState
2019-11-14 22:54:16,581 [ForkJoinPool.commonPool-worker-0] INFO  impl.RoleInfo (RoleInfo.java:shutdownFollowerState(121)) - 38d24973-4522-4e24-8845-d0d59163b20a: shutdown FollowerState
2019-11-14 22:54:16,581 [main] INFO  impl.PendingRequests (PendingRequests.java:sendNotLeaderResponses(206)) - 38d24973-4522-4e24-8845-d0d59163b20a@group-B029DA686437-PendingRequests: sendNotLeaderResponses
2019-11-14 22:54:16,582 [Thread-4823] INFO  impl.FollowerState (FollowerState.java:run(120)) - 38d24973-4522-4e24-8845-d0d59163b20a@group-0FFB5E9BE82E-FollowerState was interrupted: java.lang.InterruptedException: sleep interrupted
2019-11-14 22:54:16,582 [ForkJoinPool.commonPool-worker-0] INFO  impl.StateMachineUpdater (StateMachineUpdater.java:stopAndJoin(136)) - 38d24973-4522-4e24-8845-d0d59163b20a@group-0FFB5E9BE82E-StateMachineUpdater: set stopIndex = 0
2019-11-14 22:54:16,582 [ForkJoinPool.commonPool-worker-0] INFO  impl.RaftServerImpl (ServerState.java:close(387)) - 38d24973-4522-4e24-8845-d0d59163b20a@group-0FFB5E9BE82E: closes. applyIndex: 0
2019-11-14 22:54:16,582 [main] INFO  impl.StateMachineUpdater (StateMachineUpdater.java:stopAndJoin(136)) - 38d24973-4522-4e24-8845-d0d59163b20a@group-B029DA686437-StateMachineUpdater: set stopIndex = 0
2019-11-14 22:54:16,583 [main] INFO  impl.RaftServerImpl (ServerState.java:close(387)) - 38d24973-4522-4e24-8845-d0d59163b20a@group-B029DA686437: closes. applyIndex: 0
2019-11-14 22:54:16,583 [38d24973-4522-4e24-8845-d0d59163b20a@group-0FFB5E9BE82E-SegmentedRaftLogWorker] INFO  segmented.SegmentedRaftLogWorker (SegmentedRaftLogWorker.java:run(316)) - 38d24973-4522-4e24-8845-d0d59163b20a@group-0FFB5E9BE82E-SegmentedRaftLogWorker was interrupted, exiting. There are 0 tasks remaining in the queue.
2019-11-14 22:54:16,583 [38d24973-4522-4e24-8845-d0d59163b20a@group-B029DA686437-SegmentedRaftLogWorker] INFO  segmented.SegmentedRaftLogWorker (SegmentedRaftLogWorker.java:run(316)) - 38d24973-4522-4e24-8845-d0d59163b20a@group-B029DA686437-SegmentedRaftLogWorker was interrupted, exiting. There are 0 tasks remaining in the queue.
2019-11-14 22:54:16,584 [main] INFO  segmented.SegmentedRaftLogWorker (SegmentedRaftLogWorker.java:close(224)) - 38d24973-4522-4e24-8845-d0d59163b20a@group-B029DA686437-SegmentedRaftLogWorker close()
2019-11-14 22:54:16,584 [ForkJoinPool.commonPool-worker-0] INFO  segmented.SegmentedRaftLogWorker (SegmentedRaftLogWorker.java:close(224)) - 38d24973-4522-4e24-8845-d0d59163b20a@group-0FFB5E9BE82E-SegmentedRaftLogWorker close()
2019-11-14 22:54:16,585 [main] INFO  server.GrpcService (GrpcService.java:closeImpl(164)) - 38d24973-4522-4e24-8845-d0d59163b20a: shutdown server with port 38331 now
2019-11-14 22:54:16,587 [main] INFO  server.GrpcService (GrpcService.java:closeImpl(172)) - 38d24973-4522-4e24-8845-d0d59163b20a: shutdown server with port 38331 successfully
2019-11-14 22:54:16,589 [refreshUsed-/workdir/hadoop-ozone/integration-test/target/test-dir/MiniOzoneClusterImpl-c304fa79-6e7f-43ac-8564-360665bd8c65/datanode-7/data/containers] WARN  fs.CachingGetSpaceUsed (CachingGetSpaceUsed.java:run(183)) - Thread Interrupted waiting to refresh disk information: sleep interrupted
2019-11-14 22:54:16,607 [main] INFO  utils.BackgroundService (BackgroundService.java:shutdown(151)) - Shutting down service BlockDeletingService
2019-11-14 22:54:16,609 [main] INFO  statemachine.DatanodeStateMachine (DatanodeStateMachine.java:stopDaemon(405)) - Ozone container server stopped.
2019-11-14 22:54:16,610 [main] INFO  handler.ContextHandler (ContextHandler.java:doStop(910)) - Stopped o.e.j.w.WebAppContext@5ac044ef{/,null,UNAVAILABLE}{/hddsDatanode}
2019-11-14 22:54:16,611 [main] INFO  server.AbstractConnector (AbstractConnector.java:doStop(318)) - Stopped ServerConnector@6afbe6a1{HTTP/1.1,[http/1.1]}{0.0.0.0:0}
2019-11-14 22:54:16,612 [main] INFO  handler.ContextHandler (ContextHandler.java:doStop(910)) - Stopped o.e.j.s.ServletContextHandler@73d62b5{/static,jar:file:/home/user/.m2/repository/org/apache/hadoop/hadoop-hdds-container-service/0.5.0-SNAPSHOT/hadoop-hdds-container-service-0.5.0-SNAPSHOT.jar!/webapps/static,UNAVAILABLE}
2019-11-14 22:54:16,612 [main] INFO  handler.ContextHandler (ContextHandler.java:doStop(910)) - Stopped o.e.j.s.ServletContextHandler@4d7cac24{/logs,file:///workdir/hadoop-ozone/integration-test/target/log,UNAVAILABLE}
2019-11-14 22:54:16,613 [main] INFO  ozone.MiniOzoneClusterImpl (MiniOzoneClusterImpl.java:stopSCM(430)) - Stopping the StorageContainerManager
2019-11-14 22:54:16,613 [main] INFO  server.StorageContainerManager (StorageContainerManager.java:stop(804)) - Stopping Replication Manager Service.
2019-11-14 22:54:16,613 [main] INFO  container.ReplicationManager (ReplicationManager.java:stop(203)) - Stopping Replication Monitor Thread.
2019-11-14 22:54:16,613 [main] INFO  server.StorageContainerManager (StorageContainerManager.java:stop(811)) - Stopping Lease Manager of the command watchers
2019-11-14 22:54:16,613 [main] INFO  server.StorageContainerManager (StorageContainerManager.java:stop(818)) - Stopping datanode service RPC server
2019-11-14 22:54:16,614 [main] INFO  server.SCMDatanodeProtocolServer (SCMDatanodeProtocolServer.java:stop(346)) - Stopping the RPC server for DataNodes
2019-11-14 22:54:16,614 [main] INFO  ipc.Server (Server.java:stop(3082)) - Stopping server on 33986
2019-11-14 22:54:16,616 [IPC Server listener on 33986] INFO  ipc.Server (Server.java:run(1185)) - Stopping IPC Server listener on 33986
2019-11-14 22:54:16,617 [IPC Server Responder] INFO  ipc.Server (Server.java:run(1319)) - Stopping IPC Server Responder
2019-11-14 22:54:16,696 [SCM Heartbeat Processing Thread - 0] WARN  node.NodeStateManager (NodeStateManager.java:scheduleNextHealthCheck(646)) - Current Thread is interrupted, shutting down HB processing thread for Node Manager.
2019-11-14 22:54:16,697 [main] INFO  server.StorageContainerManager (StorageContainerManager.java:stop(826)) - Stopping block service RPC server
2019-11-14 22:54:16,697 [main] INFO  server.SCMBlockProtocolServer (SCMBlockProtocolServer.java:stop(155)) - Stopping the RPC server for Block Protocol
2019-11-14 22:54:16,697 [main] INFO  ipc.Server (Server.java:stop(3082)) - Stopping server on 36333
2019-11-14 22:54:16,699 [IPC Server listener on 36333] INFO  ipc.Server (Server.java:run(1185)) - Stopping IPC Server listener on 36333
2019-11-14 22:54:16,699 [main] INFO  server.StorageContainerManager (StorageContainerManager.java:stop(833)) - Stopping the StorageContainerLocationProtocol RPC server
2019-11-14 22:54:16,700 [IPC Server Responder] INFO  ipc.Server (Server.java:run(1319)) - Stopping IPC Server Responder
2019-11-14 22:54:16,700 [main] INFO  server.SCMClientProtocolServer (SCMClientProtocolServer.java:stop(169)) - Stopping the RPC server for Client Protocol
2019-11-14 22:54:16,700 [main] INFO  ipc.Server (Server.java:stop(3082)) - Stopping server on 37333
2019-11-14 22:54:16,702 [IPC Server listener on 37333] INFO  ipc.Server (Server.java:run(1185)) - Stopping IPC Server listener on 37333
2019-11-14 22:54:16,702 [main] INFO  server.StorageContainerManager (StorageContainerManager.java:stop(840)) - Stopping Storage Container Manager HTTP server.
2019-11-14 22:54:16,702 [IPC Server Responder] INFO  ipc.Server (Server.java:run(1319)) - Stopping IPC Server Responder
2019-11-14 22:54:16,704 [main] INFO  handler.ContextHandler (ContextHandler.java:doStop(910)) - Stopped o.e.j.w.WebAppContext@78d73b1b{/,null,UNAVAILABLE}{/scm}
2019-11-14 22:54:16,704 [main] INFO  server.AbstractConnector (AbstractConnector.java:doStop(318)) - Stopped ServerConnector@238291d4{HTTP/1.1,[http/1.1]}{0.0.0.0:0}
2019-11-14 22:54:16,705 [main] INFO  handler.ContextHandler (ContextHandler.java:doStop(910)) - Stopped o.e.j.s.ServletContextHandler@67f946c3{/static,file:///workdir/hadoop-ozone/integration-test/target/test-classes/webapps/static,UNAVAILABLE}
2019-11-14 22:54:16,705 [main] INFO  handler.ContextHandler (ContextHandler.java:doStop(910)) - Stopped o.e.j.s.ServletContextHandler@4def7d36{/logs,file:///workdir/hadoop-ozone/integration-test/target/log,UNAVAILABLE}
2019-11-14 22:54:16,706 [main] INFO  server.StorageContainerManager (StorageContainerManager.java:stop(851)) - Stopping Block Manager Service.
2019-11-14 22:54:16,706 [main] INFO  utils.BackgroundService (BackgroundService.java:shutdown(151)) - Shutting down service SCMBlockDeletingService
2019-11-14 22:54:16,706 [main] INFO  utils.BackgroundService (BackgroundService.java:shutdown(151)) - Shutting down service SCMBlockDeletingService
2019-11-14 22:54:16,707 [main] INFO  server.StorageContainerManager (StorageContainerManager.java:stop(873)) - Stopping SCM Event Queue.
2019-11-14 22:54:16,712 [main] INFO  impl.MetricsSystemImpl (MetricsSystemImpl.java:stop(210)) - Stopping HddsDatanode metrics system...
2019-11-14 22:54:16,729 [main] INFO  impl.MetricsSystemImpl (MetricsSystemImpl.java:stop(216)) - HddsDatanode metrics system stopped.
]]></system-out>
    <system-err><![CDATA[Exception in thread "38d24973-4522-4e24-8845-d0d59163b20a@group-0FFB5E9BE82E-LeaderElection157" java.lang.IllegalStateException: ILLEGAL TRANSITION: In 38d24973-4522-4e24-8845-d0d59163b20a@group-0FFB5E9BE82E-LeaderElection157, RUNNING -> CLOSED
	at org.apache.ratis.util.Preconditions.assertTrue(Preconditions.java:63)
	at org.apache.ratis.util.LifeCycle$State.validate(LifeCycle.java:123)
	at org.apache.ratis.util.LifeCycle.transition(LifeCycle.java:143)
	at org.apache.ratis.server.impl.LeaderElection.run(LeaderElection.java:151)
	at java.lang.Thread.run(Thread.java:748)
Nov 14, 2019 10:53:42 PM org.apache.ratis.thirdparty.io.grpc.internal.SerializingExecutor run
SEVERE: Exception while executing runnable org.apache.ratis.thirdparty.io.grpc.internal.ServerImpl$JumpToApplicationThreadServerStreamListener$1Closed@56f87043
org.apache.ratis.thirdparty.io.grpc.StatusRuntimeException: CANCELLED: call already cancelled
	at org.apache.ratis.thirdparty.io.grpc.Status.asRuntimeException(Status.java:517)
	at org.apache.ratis.thirdparty.io.grpc.stub.ServerCalls$ServerCallStreamObserverImpl.onCompleted(ServerCalls.java:356)
	at org.apache.ratis.grpc.server.GrpcServerProtocolService$ServerRequestStreamObserver.onError(GrpcServerProtocolService.java:121)
	at org.apache.ratis.thirdparty.io.grpc.stub.ServerCalls$StreamingServerCallHandler$StreamingServerCallListener.onCancel(ServerCalls.java:269)
	at org.apache.ratis.thirdparty.io.grpc.internal.ServerCallImpl$ServerStreamListenerImpl.closed(ServerCallImpl.java:293)
	at org.apache.ratis.thirdparty.io.grpc.internal.ServerImpl$JumpToApplicationThreadServerStreamListener$1Closed.runInContext(ServerImpl.java:741)
	at org.apache.ratis.thirdparty.io.grpc.internal.ContextRunnable.run(ContextRunnable.java:37)
	at org.apache.ratis.thirdparty.io.grpc.internal.SerializingExecutor.run(SerializingExecutor.java:123)
	at java.util.concurrent.ThreadPoolExecutor.runWorker(ThreadPoolExecutor.java:1149)
	at java.util.concurrent.ThreadPoolExecutor$Worker.run(ThreadPoolExecutor.java:624)
	at java.lang.Thread.run(Thread.java:748)

Nov 14, 2019 10:53:56 PM org.apache.ratis.thirdparty.io.grpc.internal.SerializingExecutor run
SEVERE: Exception while executing runnable org.apache.ratis.thirdparty.io.grpc.internal.ServerImpl$JumpToApplicationThreadServerStreamListener$1Closed@44c5659a
org.apache.ratis.thirdparty.io.grpc.StatusRuntimeException: CANCELLED: call already cancelled
	at org.apache.ratis.thirdparty.io.grpc.Status.asRuntimeException(Status.java:517)
	at org.apache.ratis.thirdparty.io.grpc.stub.ServerCalls$ServerCallStreamObserverImpl.onCompleted(ServerCalls.java:356)
	at org.apache.ratis.grpc.server.GrpcServerProtocolService$ServerRequestStreamObserver.onError(GrpcServerProtocolService.java:121)
	at org.apache.ratis.thirdparty.io.grpc.stub.ServerCalls$StreamingServerCallHandler$StreamingServerCallListener.onCancel(ServerCalls.java:269)
	at org.apache.ratis.thirdparty.io.grpc.internal.ServerCallImpl$ServerStreamListenerImpl.closed(ServerCallImpl.java:293)
	at org.apache.ratis.thirdparty.io.grpc.internal.ServerImpl$JumpToApplicationThreadServerStreamListener$1Closed.runInContext(ServerImpl.java:741)
	at org.apache.ratis.thirdparty.io.grpc.internal.ContextRunnable.run(ContextRunnable.java:37)
	at org.apache.ratis.thirdparty.io.grpc.internal.SerializingExecutor.run(SerializingExecutor.java:123)
	at java.util.concurrent.ThreadPoolExecutor.runWorker(ThreadPoolExecutor.java:1149)
	at java.util.concurrent.ThreadPoolExecutor$Worker.run(ThreadPoolExecutor.java:624)
	at java.lang.Thread.run(Thread.java:748)

Nov 14, 2019 10:53:56 PM org.apache.ratis.thirdparty.io.grpc.internal.SerializingExecutor run
SEVERE: Exception while executing runnable org.apache.ratis.thirdparty.io.grpc.internal.ServerImpl$JumpToApplicationThreadServerStreamListener$1Closed@1c301552
org.apache.ratis.thirdparty.io.grpc.StatusRuntimeException: CANCELLED: call already cancelled
	at org.apache.ratis.thirdparty.io.grpc.Status.asRuntimeException(Status.java:517)
	at org.apache.ratis.thirdparty.io.grpc.stub.ServerCalls$ServerCallStreamObserverImpl.onCompleted(ServerCalls.java:356)
	at org.apache.ratis.grpc.server.GrpcServerProtocolService$ServerRequestStreamObserver.onError(GrpcServerProtocolService.java:121)
	at org.apache.ratis.thirdparty.io.grpc.stub.ServerCalls$StreamingServerCallHandler$StreamingServerCallListener.onCancel(ServerCalls.java:269)
	at org.apache.ratis.thirdparty.io.grpc.internal.ServerCallImpl$ServerStreamListenerImpl.closed(ServerCallImpl.java:293)
	at org.apache.ratis.thirdparty.io.grpc.internal.ServerImpl$JumpToApplicationThreadServerStreamListener$1Closed.runInContext(ServerImpl.java:741)
	at org.apache.ratis.thirdparty.io.grpc.internal.ContextRunnable.run(ContextRunnable.java:37)
	at org.apache.ratis.thirdparty.io.grpc.internal.SerializingExecutor.run(SerializingExecutor.java:123)
	at java.util.concurrent.ThreadPoolExecutor.runWorker(ThreadPoolExecutor.java:1149)
	at java.util.concurrent.ThreadPoolExecutor$Worker.run(ThreadPoolExecutor.java:624)
	at java.lang.Thread.run(Thread.java:748)

Nov 14, 2019 10:54:01 PM org.apache.ratis.thirdparty.io.grpc.internal.SerializingExecutor run
SEVERE: Exception while executing runnable org.apache.ratis.thirdparty.io.grpc.internal.ServerImpl$JumpToApplicationThreadServerStreamListener$1Closed@7f553fe5
org.apache.ratis.thirdparty.io.grpc.StatusRuntimeException: CANCELLED: call already cancelled
	at org.apache.ratis.thirdparty.io.grpc.Status.asRuntimeException(Status.java:517)
	at org.apache.ratis.thirdparty.io.grpc.stub.ServerCalls$ServerCallStreamObserverImpl.onCompleted(ServerCalls.java:356)
	at org.apache.ratis.grpc.server.GrpcServerProtocolService$ServerRequestStreamObserver.onError(GrpcServerProtocolService.java:121)
	at org.apache.ratis.thirdparty.io.grpc.stub.ServerCalls$StreamingServerCallHandler$StreamingServerCallListener.onCancel(ServerCalls.java:269)
	at org.apache.ratis.thirdparty.io.grpc.internal.ServerCallImpl$ServerStreamListenerImpl.closed(ServerCallImpl.java:293)
	at org.apache.ratis.thirdparty.io.grpc.internal.ServerImpl$JumpToApplicationThreadServerStreamListener$1Closed.runInContext(ServerImpl.java:741)
	at org.apache.ratis.thirdparty.io.grpc.internal.ContextRunnable.run(ContextRunnable.java:37)
	at org.apache.ratis.thirdparty.io.grpc.internal.SerializingExecutor.run(SerializingExecutor.java:123)
	at java.util.concurrent.ThreadPoolExecutor.runWorker(ThreadPoolExecutor.java:1149)
	at java.util.concurrent.ThreadPoolExecutor$Worker.run(ThreadPoolExecutor.java:624)
	at java.lang.Thread.run(Thread.java:748)

Nov 14, 2019 10:54:01 PM org.apache.ratis.thirdparty.io.grpc.internal.SerializingExecutor run
SEVERE: Exception while executing runnable org.apache.ratis.thirdparty.io.grpc.internal.ServerImpl$JumpToApplicationThreadServerStreamListener$1Closed@1bbf3ad2
org.apache.ratis.thirdparty.io.grpc.StatusRuntimeException: CANCELLED: call already cancelled
	at org.apache.ratis.thirdparty.io.grpc.Status.asRuntimeException(Status.java:517)
	at org.apache.ratis.thirdparty.io.grpc.stub.ServerCalls$ServerCallStreamObserverImpl.onCompleted(ServerCalls.java:356)
	at org.apache.ratis.grpc.server.GrpcServerProtocolService$ServerRequestStreamObserver.onError(GrpcServerProtocolService.java:121)
	at org.apache.ratis.thirdparty.io.grpc.stub.ServerCalls$StreamingServerCallHandler$StreamingServerCallListener.onCancel(ServerCalls.java:269)
	at org.apache.ratis.thirdparty.io.grpc.internal.ServerCallImpl$ServerStreamListenerImpl.closed(ServerCallImpl.java:293)
	at org.apache.ratis.thirdparty.io.grpc.internal.ServerImpl$JumpToApplicationThreadServerStreamListener$1Closed.runInContext(ServerImpl.java:741)
	at org.apache.ratis.thirdparty.io.grpc.internal.ContextRunnable.run(ContextRunnable.java:37)
	at org.apache.ratis.thirdparty.io.grpc.internal.SerializingExecutor.run(SerializingExecutor.java:123)
	at java.util.concurrent.ThreadPoolExecutor.runWorker(ThreadPoolExecutor.java:1149)
	at java.util.concurrent.ThreadPoolExecutor$Worker.run(ThreadPoolExecutor.java:624)
	at java.lang.Thread.run(Thread.java:748)

]]></system-err>
  </testcase>
</testsuite>