<?xml version="1.0" encoding="UTF-8"?>
<testsuite xmlns:xsi="http://www.w3.org/2001/XMLSchema-instance" xsi:noNamespaceSchemaLocation="https://maven.apache.org/surefire/maven-surefire-plugin/xsd/surefire-test-report.xsd" name="org.apache.hadoop.ozone.scm.pipeline.TestSCMPipelineMetrics" time="122.933" tests="3" errors="0" skipped="0" failures="1">
  <properties>
    <property name="awt.toolkit" value="sun.awt.X11.XToolkit"/>
    <property name="file.encoding.pkg" value="sun.io"/>
    <property name="java.specification.version" value="1.8"/>
    <property name="sun.cpu.isalist" value=""/>
    <property name="sun.jnu.encoding" value="ANSI_X3.4-1968"/>
    <property name="java.class.path" value="/workdir/hadoop-ozone/integration-test/target/test-classes:/workdir/hadoop-ozone/integration-test/target/classes:/home/user/.m2/repository/org/apache/hadoop/hadoop-ozone-common/0.5.0-SNAPSHOT/hadoop-ozone-common-0.5.0-SNAPSHOT.jar:/home/user/.m2/repository/org/apache/commons/commons-compress/1.4.1/commons-compress-1.4.1.jar:/home/user/.m2/repository/org/tukaani/xz/1.0/xz-1.0.jar:/home/user/.m2/repository/org/apache/hadoop/hadoop-common/3.2.0/hadoop-common-3.2.0.jar:/home/user/.m2/repository/org/apache/hadoop/hadoop-hdfs/3.2.0/hadoop-hdfs-3.2.0.jar:/home/user/.m2/repository/org/apache/hadoop/hadoop-hdfs-client/3.2.0/hadoop-hdfs-client-3.2.0.jar:/home/user/.m2/repository/com/fasterxml/jackson/core/jackson-annotations/2.9.9/jackson-annotations-2.9.9.jar:/home/user/.m2/repository/org/apache/hadoop/hadoop-hdds-common/0.5.0-SNAPSHOT/hadoop-hdds-common-0.5.0-SNAPSHOT.jar:/home/user/.m2/repository/javax/annotation/javax.annotation-api/1.2/javax.annotation-api-1.2.jar:/home/user/.m2/repository/org/apache/ratis/ratis-server/0.5.0-d6d58d0-SNAPSHOT/ratis-server-0.5.0-d6d58d0-SNAPSHOT.jar:/home/user/.m2/repository/org/apache/ratis/ratis-thirdparty-misc/0.2.0/ratis-thirdparty-misc-0.2.0.jar:/home/user/.m2/repository/org/apache/ratis/ratis-proto/0.5.0-d6d58d0-SNAPSHOT/ratis-proto-0.5.0-d6d58d0-SNAPSHOT.jar:/home/user/.m2/repository/org/apache/ratis/ratis-common/0.5.0-d6d58d0-SNAPSHOT/ratis-common-0.5.0-d6d58d0-SNAPSHOT.jar:/home/user/.m2/repository/org/apache/ratis/ratis-client/0.5.0-d6d58d0-SNAPSHOT/ratis-client-0.5.0-d6d58d0-SNAPSHOT.jar:/home/user/.m2/repository/org/apache/ratis/ratis-metrics/0.5.0-d6d58d0-SNAPSHOT/ratis-metrics-0.5.0-d6d58d0-SNAPSHOT.jar:/home/user/.m2/repository/org/apache/ratis/ratis-netty/0.5.0-d6d58d0-SNAPSHOT/ratis-netty-0.5.0-d6d58d0-SNAPSHOT.jar:/home/user/.m2/repository/org/apache/ratis/ratis-grpc/0.5.0-d6d58d0-SNAPSHOT/ratis-grpc-0.5.0-d6d58d0-SNAPSHOT.jar:/home/user/.m2/repository/org/rocksdb/rocksdbjni/6.0.1/rocksdbjni-6.0.1.jar:/home/user/.m2/repository/org/apache/logging/log4j/log4j-api/2.11.0/log4j-api-2.11.0.jar:/home/user/.m2/repository/org/apache/logging/log4j/log4j-core/2.11.0/log4j-core-2.11.0.jar:/home/user/.m2/repository/com/lmax/disruptor/3.4.2/disruptor-3.4.2.jar:/home/user/.m2/repository/org/apache/commons/commons-pool2/2.6.0/commons-pool2-2.6.0.jar:/home/user/.m2/repository/org/bouncycastle/bcpkix-jdk15on/1.60/bcpkix-jdk15on-1.60.jar:/home/user/.m2/repository/commons-validator/commons-validator/1.6/commons-validator-1.6.jar:/home/user/.m2/repository/commons-digester/commons-digester/1.8.1/commons-digester-1.8.1.jar:/home/user/.m2/repository/io/jaegertracing/jaeger-client/0.34.0/jaeger-client-0.34.0.jar:/home/user/.m2/repository/io/jaegertracing/jaeger-thrift/0.34.0/jaeger-thrift-0.34.0.jar:/home/user/.m2/repository/org/apache/thrift/libthrift/0.12.0/libthrift-0.12.0.jar:/home/user/.m2/repository/com/squareup/okhttp3/okhttp/3.9.0/okhttp-3.9.0.jar:/home/user/.m2/repository/com/squareup/okio/okio/1.13.0/okio-1.13.0.jar:/home/user/.m2/repository/io/jaegertracing/jaeger-core/0.34.0/jaeger-core-0.34.0.jar:/home/user/.m2/repository/io/jaegertracing/jaeger-tracerresolver/0.34.0/jaeger-tracerresolver-0.34.0.jar:/home/user/.m2/repository/io/opentracing/contrib/opentracing-tracerresolver/0.1.5/opentracing-tracerresolver-0.1.5.jar:/home/user/.m2/repository/io/opentracing/opentracing-util/0.31.0/opentracing-util-0.31.0.jar:/home/user/.m2/repository/io/opentracing/opentracing-api/0.31.0/opentracing-api-0.31.0.jar:/home/user/.m2/repository/io/opentracing/opentracing-noop/0.31.0/opentracing-noop-0.31.0.jar:/home/user/.m2/repository/org/apache/hadoop/hadoop-hdds-server-framework/0.5.0-SNAPSHOT/hadoop-hdds-server-framework-0.5.0-SNAPSHOT.jar:/home/user/.m2/repository/org/apache/hadoop/hadoop-hdds-container-service/0.5.0-SNAPSHOT/hadoop-hdds-container-service-0.5.0-SNAPSHOT.jar:/home/user/.m2/repository/org/apache/hadoop/hadoop-hdds-client/0.5.0-SNAPSHOT/hadoop-hdds-client-0.5.0-SNAPSHOT.jar:/home/user/.m2/repository/org/apache/hadoop/hadoop-hdds-tools/0.5.0-SNAPSHOT/hadoop-hdds-tools-0.5.0-SNAPSHOT.jar:/home/user/.m2/repository/org/apache/hadoop/hadoop-hdds-server-scm/0.5.0-SNAPSHOT/hadoop-hdds-server-scm-0.5.0-SNAPSHOT.jar:/home/user/.m2/repository/org/apache/hadoop/hadoop-hdds-docs/0.5.0-SNAPSHOT/hadoop-hdds-docs-0.5.0-SNAPSHOT.jar:/home/user/.m2/repository/io/dropwizard/metrics/metrics-core/3.2.4/metrics-core-3.2.4.jar:/home/user/.m2/repository/org/hamcrest/hamcrest-all/1.3/hamcrest-all-1.3.jar:/home/user/.m2/repository/org/bouncycastle/bcprov-jdk15on/1.60/bcprov-jdk15on-1.60.jar:/home/user/.m2/repository/info/picocli/picocli/3.9.6/picocli-3.9.6.jar:/home/user/.m2/repository/com/google/protobuf/protobuf-java/2.5.0/protobuf-java-2.5.0.jar:/home/user/.m2/repository/com/google/guava/guava/11.0.2/guava-11.0.2.jar:/home/user/.m2/repository/org/apache/hadoop/hadoop-ozone-ozone-manager/0.5.0-SNAPSHOT/hadoop-ozone-ozone-manager-0.5.0-SNAPSHOT.jar:/home/user/.m2/repository/org/apache/hadoop/hadoop-minikdc/3.2.0/hadoop-minikdc-3.2.0.jar:/home/user/.m2/repository/commons-io/commons-io/2.5/commons-io-2.5.jar:/home/user/.m2/repository/org/apache/kerby/kerb-simplekdc/1.0.1/kerb-simplekdc-1.0.1.jar:/home/user/.m2/repository/org/apache/kerby/kerb-client/1.0.1/kerb-client-1.0.1.jar:/home/user/.m2/repository/org/apache/kerby/kerby-config/1.0.1/kerby-config-1.0.1.jar:/home/user/.m2/repository/org/apache/kerby/kerb-core/1.0.1/kerb-core-1.0.1.jar:/home/user/.m2/repository/org/apache/kerby/kerby-pkix/1.0.1/kerby-pkix-1.0.1.jar:/home/user/.m2/repository/org/apache/kerby/kerby-asn1/1.0.1/kerby-asn1-1.0.1.jar:/home/user/.m2/repository/org/apache/kerby/kerby-util/1.0.1/kerby-util-1.0.1.jar:/home/user/.m2/repository/org/apache/kerby/kerb-common/1.0.1/kerb-common-1.0.1.jar:/home/user/.m2/repository/org/apache/kerby/kerb-crypto/1.0.1/kerb-crypto-1.0.1.jar:/home/user/.m2/repository/org/apache/kerby/kerb-util/1.0.1/kerb-util-1.0.1.jar:/home/user/.m2/repository/org/apache/kerby/token-provider/1.0.1/token-provider-1.0.1.jar:/home/user/.m2/repository/org/apache/kerby/kerb-admin/1.0.1/kerb-admin-1.0.1.jar:/home/user/.m2/repository/org/apache/kerby/kerb-server/1.0.1/kerb-server-1.0.1.jar:/home/user/.m2/repository/org/apache/kerby/kerb-identity/1.0.1/kerb-identity-1.0.1.jar:/home/user/.m2/repository/org/apache/kerby/kerby-xdr/1.0.1/kerby-xdr-1.0.1.jar:/home/user/.m2/repository/org/slf4j/slf4j-log4j12/1.7.25/slf4j-log4j12-1.7.25.jar:/home/user/.m2/repository/org/apache/hadoop/hadoop-ozone-s3gateway/0.5.0-SNAPSHOT/hadoop-ozone-s3gateway-0.5.0-SNAPSHOT.jar:/home/user/.m2/repository/org/jboss/weld/servlet/weld-servlet/2.4.7.Final/weld-servlet-2.4.7.Final.jar:/home/user/.m2/repository/org/glassfish/jersey/containers/jersey-container-servlet-core/2.27/jersey-container-servlet-core-2.27.jar:/home/user/.m2/repository/org/glassfish/hk2/external/javax.inject/2.5.0-b42/javax.inject-2.5.0-b42.jar:/home/user/.m2/repository/org/glassfish/jersey/core/jersey-common/2.27/jersey-common-2.27.jar:/home/user/.m2/repository/org/glassfish/hk2/osgi-resource-locator/1.0.1/osgi-resource-locator-1.0.1.jar:/home/user/.m2/repository/javax/ws/rs/javax.ws.rs-api/2.1/javax.ws.rs-api-2.1.jar:/home/user/.m2/repository/org/glassfish/jersey/ext/cdi/jersey-cdi1x/2.27/jersey-cdi1x-2.27.jar:/home/user/.m2/repository/org/glassfish/jersey/inject/jersey-hk2/2.27/jersey-hk2-2.27.jar:/home/user/.m2/repository/org/glassfish/hk2/hk2-locator/2.5.0-b42/hk2-locator-2.5.0-b42.jar:/home/user/.m2/repository/org/javassist/javassist/3.22.0-CR2/javassist-3.22.0-CR2.jar:/home/user/.m2/repository/org/glassfish/hk2/hk2-api/2.5.0/hk2-api-2.5.0.jar:/home/user/.m2/repository/org/glassfish/hk2/external/jakarta.inject/2.5.0/jakarta.inject-2.5.0.jar:/home/user/.m2/repository/org/glassfish/hk2/hk2-utils/2.5.0/hk2-utils-2.5.0.jar:/home/user/.m2/repository/jakarta/annotation/jakarta.annotation-api/1.3.4/jakarta.annotation-api-1.3.4.jar:/home/user/.m2/repository/org/glassfish/hk2/external/aopalliance-repackaged/2.5.0/aopalliance-repackaged-2.5.0.jar:/home/user/.m2/repository/com/fasterxml/jackson/dataformat/jackson-dataformat-xml/2.9.0/jackson-dataformat-xml-2.9.0.jar:/home/user/.m2/repository/com/fasterxml/jackson/core/jackson-core/2.9.9/jackson-core-2.9.9.jar:/home/user/.m2/repository/com/fasterxml/jackson/module/jackson-module-jaxb-annotations/2.9.9/jackson-module-jaxb-annotations-2.9.9.jar:/home/user/.m2/repository/javax/enterprise/cdi-api/1.2/cdi-api-1.2.jar:/home/user/.m2/repository/javax/el/javax.el-api/3.0.0/javax.el-api-3.0.0.jar:/home/user/.m2/repository/javax/interceptor/javax.interceptor-api/1.2/javax.interceptor-api-1.2.jar:/home/user/.m2/repository/javax/inject/javax.inject/1/javax.inject-1.jar:/home/user/.m2/repository/com/sun/xml/bind/jaxb-impl/2.3.0.1/jaxb-impl-2.3.0.1.jar:/home/user/.m2/repository/com/sun/xml/bind/jaxb-core/2.3.0.1/jaxb-core-2.3.0.1.jar:/home/user/.m2/repository/javax/xml/bind/jaxb-api/2.3.0/jaxb-api-2.3.0.jar:/home/user/.m2/repository/javax/activation/activation/1.1.1/activation-1.1.1.jar:/home/user/.m2/repository/org/apache/hadoop/hadoop-ozone-csi/0.5.0-SNAPSHOT/hadoop-ozone-csi-0.5.0-SNAPSHOT.jar:/home/user/.m2/repository/com/google/protobuf/protobuf-java-util/3.5.1/protobuf-java-util-3.5.1.jar:/home/user/.m2/repository/org/apache/hadoop/hadoop-hdds-config/0.5.0-SNAPSHOT/hadoop-hdds-config-0.5.0-SNAPSHOT.jar:/home/user/.m2/repository/io/grpc/grpc-netty/1.17.1/grpc-netty-1.17.1.jar:/home/user/.m2/repository/io/grpc/grpc-core/1.17.1/grpc-core-1.17.1.jar:/home/user/.m2/repository/io/grpc/grpc-context/1.17.1/grpc-context-1.17.1.jar:/home/user/.m2/repository/com/google/errorprone/error_prone_annotations/2.2.0/error_prone_annotations-2.2.0.jar:/home/user/.m2/repository/org/codehaus/mojo/animal-sniffer-annotations/1.17/animal-sniffer-annotations-1.17.jar:/home/user/.m2/repository/io/opencensus/opencensus-api/0.17.0/opencensus-api-0.17.0.jar:/home/user/.m2/repository/io/opencensus/opencensus-contrib-grpc-metrics/0.17.0/opencensus-contrib-grpc-metrics-0.17.0.jar:/home/user/.m2/repository/io/netty/netty-codec-http2/4.1.30.Final/netty-codec-http2-4.1.30.Final.jar:/home/user/.m2/repository/io/netty/netty-codec-http/4.1.30.Final/netty-codec-http-4.1.30.Final.jar:/home/user/.m2/repository/io/netty/netty-codec/4.1.30.Final/netty-codec-4.1.30.Final.jar:/home/user/.m2/repository/io/netty/netty-handler/4.1.30.Final/netty-handler-4.1.30.Final.jar:/home/user/.m2/repository/io/netty/netty-handler-proxy/4.1.30.Final/netty-handler-proxy-4.1.30.Final.jar:/home/user/.m2/repository/io/netty/netty-codec-socks/4.1.30.Final/netty-codec-socks-4.1.30.Final.jar:/home/user/.m2/repository/io/netty/netty-transport-native-epoll/4.1.30.Final/netty-transport-native-epoll-4.1.30.Final.jar:/home/user/.m2/repository/io/netty/netty-common/4.1.30.Final/netty-common-4.1.30.Final.jar:/home/user/.m2/repository/io/netty/netty-buffer/4.1.30.Final/netty-buffer-4.1.30.Final.jar:/home/user/.m2/repository/io/netty/netty-transport/4.1.30.Final/netty-transport-4.1.30.Final.jar:/home/user/.m2/repository/io/netty/netty-resolver/4.1.30.Final/netty-resolver-4.1.30.Final.jar:/home/user/.m2/repository/io/netty/netty-transport-native-unix-common/4.1.30.Final/netty-transport-native-unix-common-4.1.30.Final.jar:/home/user/.m2/repository/io/grpc/grpc-protobuf/1.17.1/grpc-protobuf-1.17.1.jar:/home/user/.m2/repository/com/google/api/grpc/proto-google-common-protos/1.0.0/proto-google-common-protos-1.0.0.jar:/home/user/.m2/repository/io/grpc/grpc-protobuf-lite/1.17.1/grpc-protobuf-lite-1.17.1.jar:/home/user/.m2/repository/io/grpc/grpc-stub/1.17.1/grpc-stub-1.17.1.jar:/home/user/.m2/repository/org/apache/hadoop/hadoop-ozone-recon/0.5.0-SNAPSHOT/hadoop-ozone-recon-0.5.0-SNAPSHOT.jar:/home/user/.m2/repository/org/apache/hadoop/hadoop-ozone-reconcodegen/0.5.0-SNAPSHOT/hadoop-ozone-reconcodegen-0.5.0-SNAPSHOT.jar:/home/user/.m2/repository/com/google/inject/extensions/guice-multibindings/4.0/guice-multibindings-4.0.jar:/home/user/.m2/repository/com/google/inject/guice/4.0/guice-4.0.jar:/home/user/.m2/repository/aopalliance/aopalliance/1.0/aopalliance-1.0.jar:/home/user/.m2/repository/com/google/inject/extensions/guice-servlet/4.0/guice-servlet-4.0.jar:/home/user/.m2/repository/org/glassfish/jersey/containers/jersey-container-servlet/2.27/jersey-container-servlet-2.27.jar:/home/user/.m2/repository/org/glassfish/hk2/guice-bridge/2.5.0/guice-bridge-2.5.0.jar:/home/user/.m2/repository/org/glassfish/jersey/core/jersey-server/2.27/jersey-server-2.27.jar:/home/user/.m2/repository/org/glassfish/jersey/core/jersey-client/2.27/jersey-client-2.27.jar:/home/user/.m2/repository/org/glassfish/jersey/media/jersey-media-jaxb/2.27/jersey-media-jaxb-2.27.jar:/home/user/.m2/repository/javax/validation/validation-api/1.1.0.Final/validation-api-1.1.0.Final.jar:/home/user/.m2/repository/org/glassfish/jersey/media/jersey-media-json-jackson/2.27/jersey-media-json-jackson-2.27.jar:/home/user/.m2/repository/org/glassfish/jersey/ext/jersey-entity-filtering/2.27/jersey-entity-filtering-2.27.jar:/home/user/.m2/repository/com/google/inject/extensions/guice-assistedinject/4.0/guice-assistedinject-4.0.jar:/home/user/.m2/repository/org/jooq/jooq/3.11.10/jooq-3.11.10.jar:/home/user/.m2/repository/org/jooq/jooq-meta/3.11.10/jooq-meta-3.11.10.jar:/home/user/.m2/repository/org/jooq/jooq-codegen/3.11.10/jooq-codegen-3.11.10.jar:/home/user/.m2/repository/com/jolbox/bonecp/0.8.0.RELEASE/bonecp-0.8.0.RELEASE.jar:/home/user/.m2/repository/org/xerial/sqlite-jdbc/3.25.2/sqlite-jdbc-3.25.2.jar:/home/user/.m2/repository/org/springframework/spring-jdbc/5.1.3.RELEASE/spring-jdbc-5.1.3.RELEASE.jar:/home/user/.m2/repository/org/springframework/spring-beans/5.1.3.RELEASE/spring-beans-5.1.3.RELEASE.jar:/home/user/.m2/repository/org/springframework/spring-core/5.1.3.RELEASE/spring-core-5.1.3.RELEASE.jar:/home/user/.m2/repository/org/springframework/spring-jcl/5.1.3.RELEASE/spring-jcl-5.1.3.RELEASE.jar:/home/user/.m2/repository/org/springframework/spring-tx/5.1.3.RELEASE/spring-tx-5.1.3.RELEASE.jar:/home/user/.m2/repository/org/apache/hadoop/hadoop-ozone-client/0.5.0-SNAPSHOT/hadoop-ozone-client-0.5.0-SNAPSHOT.jar:/home/user/.m2/repository/commons-lang/commons-lang/2.6/commons-lang-2.6.jar:/home/user/.m2/repository/org/apache/hadoop/hadoop-ozone-ozone-manager/0.5.0-SNAPSHOT/hadoop-ozone-ozone-manager-0.5.0-SNAPSHOT-tests.jar:/home/user/.m2/repository/junit/junit/4.11/junit-4.11.jar:/home/user/.m2/repository/org/hamcrest/hamcrest-core/1.3/hamcrest-core-1.3.jar:/home/user/.m2/repository/org/openjdk/jmh/jmh-core/1.19/jmh-core-1.19.jar:/home/user/.m2/repository/net/sf/jopt-simple/jopt-simple/4.6/jopt-simple-4.6.jar:/home/user/.m2/repository/org/apache/commons/commons-math3/3.1.1/commons-math3-3.1.1.jar:/home/user/.m2/repository/org/openjdk/jmh/jmh-generator-annprocess/1.19/jmh-generator-annprocess-1.19.jar:/home/user/.m2/repository/org/mockito/mockito-all/1.8.5/mockito-all-1.8.5.jar:/home/user/.m2/repository/org/apache/hadoop/hadoop-kms/3.2.0/hadoop-kms-3.2.0.jar:/home/user/.m2/repository/org/apache/hadoop/hadoop-auth/3.2.0/hadoop-auth-3.2.0.jar:/home/user/.m2/repository/com/nimbusds/nimbus-jose-jwt/4.41.1/nimbus-jose-jwt-4.41.1.jar:/home/user/.m2/repository/com/github/stephenc/jcip/jcip-annotations/1.0-1/jcip-annotations-1.0-1.jar:/home/user/.m2/repository/net/minidev/json-smart/2.3/json-smart-2.3.jar:/home/user/.m2/repository/net/minidev/accessors-smart/1.2/accessors-smart-1.2.jar:/home/user/.m2/repository/org/ow2/asm/asm/5.0.4/asm-5.0.4.jar:/home/user/.m2/repository/org/apache/curator/curator-framework/2.12.0/curator-framework-2.12.0.jar:/home/user/.m2/repository/com/sun/jersey/jersey-core/1.19/jersey-core-1.19.jar:/home/user/.m2/repository/javax/ws/rs/jsr311-api/1.1.1/jsr311-api-1.1.1.jar:/home/user/.m2/repository/com/sun/jersey/jersey-server/1.19/jersey-server-1.19.jar:/home/user/.m2/repository/javax/servlet/javax.servlet-api/3.1.0/javax.servlet-api-3.1.0.jar:/home/user/.m2/repository/org/eclipse/jetty/jetty-server/9.3.25.v20180904/jetty-server-9.3.25.v20180904.jar:/home/user/.m2/repository/org/eclipse/jetty/jetty-http/9.3.25.v20180904/jetty-http-9.3.25.v20180904.jar:/home/user/.m2/repository/org/eclipse/jetty/jetty-io/9.3.25.v20180904/jetty-io-9.3.25.v20180904.jar:/home/user/.m2/repository/org/eclipse/jetty/jetty-webapp/9.3.25.v20180904/jetty-webapp-9.3.25.v20180904.jar:/home/user/.m2/repository/org/eclipse/jetty/jetty-xml/9.3.25.v20180904/jetty-xml-9.3.25.v20180904.jar:/home/user/.m2/repository/log4j/log4j/1.2.17/log4j-1.2.17.jar:/home/user/.m2/repository/org/slf4j/slf4j-api/1.7.25/slf4j-api-1.7.25.jar:/home/user/.m2/repository/org/slf4j/jul-to-slf4j/1.7.25/jul-to-slf4j-1.7.25.jar:/home/user/.m2/repository/org/eclipse/jetty/jetty-util/9.3.25.v20180904/jetty-util-9.3.25.v20180904.jar:/home/user/.m2/repository/com/fasterxml/jackson/core/jackson-databind/2.9.9/jackson-databind-2.9.9.jar:/home/user/.m2/repository/org/apache/hadoop/hadoop-kms/3.2.0/hadoop-kms-3.2.0-tests.jar:/home/user/.m2/repository/org/apache/hadoop/hadoop-hdds-server-scm/0.5.0-SNAPSHOT/hadoop-hdds-server-scm-0.5.0-SNAPSHOT-tests.jar:/home/user/.m2/repository/org/apache/hadoop/hadoop-hdds-container-service/0.5.0-SNAPSHOT/hadoop-hdds-container-service-0.5.0-SNAPSHOT-tests.jar:/home/user/.m2/repository/org/yaml/snakeyaml/1.16/snakeyaml-1.16.jar:/home/user/.m2/repository/org/apache/hadoop/hadoop-common/3.2.0/hadoop-common-3.2.0-tests.jar:/home/user/.m2/repository/org/apache/hadoop/hadoop-annotations/3.2.0/hadoop-annotations-3.2.0.jar:/usr/lib/jvm/java-1.8.0-openjdk-1.8.0.222.b10-1.el7_7.x86_64/jre/../lib/tools.jar:/home/user/.m2/repository/commons-cli/commons-cli/1.2/commons-cli-1.2.jar:/home/user/.m2/repository/org/apache/httpcomponents/httpclient/4.5.2/httpclient-4.5.2.jar:/home/user/.m2/repository/org/apache/httpcomponents/httpcore/4.4.4/httpcore-4.4.4.jar:/home/user/.m2/repository/commons-codec/commons-codec/1.11/commons-codec-1.11.jar:/home/user/.m2/repository/commons-net/commons-net/3.6/commons-net-3.6.jar:/home/user/.m2/repository/commons-collections/commons-collections/3.2.2/commons-collections-3.2.2.jar:/home/user/.m2/repository/org/eclipse/jetty/jetty-servlet/9.3.25.v20180904/jetty-servlet-9.3.25.v20180904.jar:/home/user/.m2/repository/org/eclipse/jetty/jetty-security/9.3.25.v20180904/jetty-security-9.3.25.v20180904.jar:/home/user/.m2/repository/javax/servlet/jsp/jsp-api/2.1/jsp-api-2.1.jar:/home/user/.m2/repository/com/sun/jersey/jersey-servlet/1.19/jersey-servlet-1.19.jar:/home/user/.m2/repository/com/sun/jersey/jersey-json/1.19/jersey-json-1.19.jar:/home/user/.m2/repository/org/codehaus/jettison/jettison/1.1/jettison-1.1.jar:/home/user/.m2/repository/org/codehaus/jackson/jackson-core-asl/1.9.13/jackson-core-asl-1.9.13.jar:/home/user/.m2/repository/org/codehaus/jackson/jackson-mapper-asl/1.9.13/jackson-mapper-asl-1.9.13.jar:/home/user/.m2/repository/org/codehaus/jackson/jackson-jaxrs/1.9.13/jackson-jaxrs-1.9.13.jar:/home/user/.m2/repository/org/codehaus/jackson/jackson-xc/1.9.13/jackson-xc-1.9.13.jar:/home/user/.m2/repository/commons-logging/commons-logging/1.1.3/commons-logging-1.1.3.jar:/home/user/.m2/repository/commons-beanutils/commons-beanutils/1.9.4/commons-beanutils-1.9.4.jar:/home/user/.m2/repository/org/apache/commons/commons-configuration2/2.1.1/commons-configuration2-2.1.1.jar:/home/user/.m2/repository/org/apache/commons/commons-lang3/3.7/commons-lang3-3.7.jar:/home/user/.m2/repository/org/apache/commons/commons-text/1.4/commons-text-1.4.jar:/home/user/.m2/repository/org/apache/avro/avro/1.7.7/avro-1.7.7.jar:/home/user/.m2/repository/com/thoughtworks/paranamer/paranamer/2.3/paranamer-2.3.jar:/home/user/.m2/repository/org/xerial/snappy/snappy-java/1.0.5/snappy-java-1.0.5.jar:/home/user/.m2/repository/com/google/re2j/re2j/1.1/re2j-1.1.jar:/home/user/.m2/repository/com/google/code/gson/gson/2.2.4/gson-2.2.4.jar:/home/user/.m2/repository/com/jcraft/jsch/0.1.54/jsch-0.1.54.jar:/home/user/.m2/repository/org/apache/curator/curator-client/2.12.0/curator-client-2.12.0.jar:/home/user/.m2/repository/org/apache/curator/curator-recipes/2.12.0/curator-recipes-2.12.0.jar:/home/user/.m2/repository/com/google/code/findbugs/jsr305/3.0.0/jsr305-3.0.0.jar:/home/user/.m2/repository/org/apache/htrace/htrace-core4/4.1.0-incubating/htrace-core4-4.1.0-incubating.jar:/home/user/.m2/repository/org/apache/zookeeper/zookeeper/3.4.13/zookeeper-3.4.13.jar:/home/user/.m2/repository/jline/jline/0.9.94/jline-0.9.94.jar:/home/user/.m2/repository/org/apache/yetus/audience-annotations/0.5.0/audience-annotations-0.5.0.jar:/home/user/.m2/repository/org/codehaus/woodstox/stax2-api/3.1.4/stax2-api-3.1.4.jar:/home/user/.m2/repository/com/fasterxml/woodstox/woodstox-core/5.0.3/woodstox-core-5.0.3.jar:/home/user/.m2/repository/dnsjava/dnsjava/2.1.7/dnsjava-2.1.7.jar:/home/user/.m2/repository/org/apache/hadoop/hadoop-hdfs/3.2.0/hadoop-hdfs-3.2.0-tests.jar:/home/user/.m2/repository/org/eclipse/jetty/jetty-util-ajax/9.3.25.v20180904/jetty-util-ajax-9.3.25.v20180904.jar:/home/user/.m2/repository/commons-daemon/commons-daemon/1.0.13/commons-daemon-1.0.13.jar:/home/user/.m2/repository/io/netty/netty/3.10.5.Final/netty-3.10.5.Final.jar:/home/user/.m2/repository/io/netty/netty-all/4.0.52.Final/netty-all-4.0.52.Final.jar:/home/user/.m2/repository/org/fusesource/leveldbjni/leveldbjni-all/1.8/leveldbjni-all-1.8.jar:"/>
    <property name="java.vm.vendor" value="Oracle Corporation"/>
    <property name="sun.arch.data.model" value="64"/>
    <property name="test.build.dir" value="/workdir/hadoop-ozone/integration-test/target/test-dir"/>
    <property name="test.cache.data" value=""/>
    <property name="java.vendor.url" value="http://java.oracle.com/"/>
    <property name="user.timezone" value=""/>
    <property name="java.vm.specification.version" value="1.8"/>
    <property name="os.name" value="Linux"/>
    <property name="test.build.data" value="/workdir/hadoop-ozone/integration-test/target/test-dir"/>
    <property name="user.country" value="US"/>
    <property name="sun.java.launcher" value="SUN_STANDARD"/>
    <property name="sun.boot.library.path" value="/usr/lib/jvm/java-1.8.0-openjdk-1.8.0.222.b10-1.el7_7.x86_64/jre/lib/amd64"/>
    <property name="sun.java.command" value="/workdir/hadoop-ozone/integration-test/target/surefire/surefirebooter3519271687177704832.jar /workdir/hadoop-ozone/integration-test/target/surefire 2019-11-14T21-50-11_598-jvmRun1 surefire7185552358269983871tmp surefire_615027473030697766872tmp"/>
    <property name="surefire.test.class.path" value="/workdir/hadoop-ozone/integration-test/target/test-classes:/workdir/hadoop-ozone/integration-test/target/classes:/home/user/.m2/repository/org/apache/hadoop/hadoop-ozone-common/0.5.0-SNAPSHOT/hadoop-ozone-common-0.5.0-SNAPSHOT.jar:/home/user/.m2/repository/org/apache/commons/commons-compress/1.4.1/commons-compress-1.4.1.jar:/home/user/.m2/repository/org/tukaani/xz/1.0/xz-1.0.jar:/home/user/.m2/repository/org/apache/hadoop/hadoop-common/3.2.0/hadoop-common-3.2.0.jar:/home/user/.m2/repository/org/apache/hadoop/hadoop-hdfs/3.2.0/hadoop-hdfs-3.2.0.jar:/home/user/.m2/repository/org/apache/hadoop/hadoop-hdfs-client/3.2.0/hadoop-hdfs-client-3.2.0.jar:/home/user/.m2/repository/com/fasterxml/jackson/core/jackson-annotations/2.9.9/jackson-annotations-2.9.9.jar:/home/user/.m2/repository/org/apache/hadoop/hadoop-hdds-common/0.5.0-SNAPSHOT/hadoop-hdds-common-0.5.0-SNAPSHOT.jar:/home/user/.m2/repository/javax/annotation/javax.annotation-api/1.2/javax.annotation-api-1.2.jar:/home/user/.m2/repository/org/apache/ratis/ratis-server/0.5.0-d6d58d0-SNAPSHOT/ratis-server-0.5.0-d6d58d0-SNAPSHOT.jar:/home/user/.m2/repository/org/apache/ratis/ratis-thirdparty-misc/0.2.0/ratis-thirdparty-misc-0.2.0.jar:/home/user/.m2/repository/org/apache/ratis/ratis-proto/0.5.0-d6d58d0-SNAPSHOT/ratis-proto-0.5.0-d6d58d0-SNAPSHOT.jar:/home/user/.m2/repository/org/apache/ratis/ratis-common/0.5.0-d6d58d0-SNAPSHOT/ratis-common-0.5.0-d6d58d0-SNAPSHOT.jar:/home/user/.m2/repository/org/apache/ratis/ratis-client/0.5.0-d6d58d0-SNAPSHOT/ratis-client-0.5.0-d6d58d0-SNAPSHOT.jar:/home/user/.m2/repository/org/apache/ratis/ratis-metrics/0.5.0-d6d58d0-SNAPSHOT/ratis-metrics-0.5.0-d6d58d0-SNAPSHOT.jar:/home/user/.m2/repository/org/apache/ratis/ratis-netty/0.5.0-d6d58d0-SNAPSHOT/ratis-netty-0.5.0-d6d58d0-SNAPSHOT.jar:/home/user/.m2/repository/org/apache/ratis/ratis-grpc/0.5.0-d6d58d0-SNAPSHOT/ratis-grpc-0.5.0-d6d58d0-SNAPSHOT.jar:/home/user/.m2/repository/org/rocksdb/rocksdbjni/6.0.1/rocksdbjni-6.0.1.jar:/home/user/.m2/repository/org/apache/logging/log4j/log4j-api/2.11.0/log4j-api-2.11.0.jar:/home/user/.m2/repository/org/apache/logging/log4j/log4j-core/2.11.0/log4j-core-2.11.0.jar:/home/user/.m2/repository/com/lmax/disruptor/3.4.2/disruptor-3.4.2.jar:/home/user/.m2/repository/org/apache/commons/commons-pool2/2.6.0/commons-pool2-2.6.0.jar:/home/user/.m2/repository/org/bouncycastle/bcpkix-jdk15on/1.60/bcpkix-jdk15on-1.60.jar:/home/user/.m2/repository/commons-validator/commons-validator/1.6/commons-validator-1.6.jar:/home/user/.m2/repository/commons-digester/commons-digester/1.8.1/commons-digester-1.8.1.jar:/home/user/.m2/repository/io/jaegertracing/jaeger-client/0.34.0/jaeger-client-0.34.0.jar:/home/user/.m2/repository/io/jaegertracing/jaeger-thrift/0.34.0/jaeger-thrift-0.34.0.jar:/home/user/.m2/repository/org/apache/thrift/libthrift/0.12.0/libthrift-0.12.0.jar:/home/user/.m2/repository/com/squareup/okhttp3/okhttp/3.9.0/okhttp-3.9.0.jar:/home/user/.m2/repository/com/squareup/okio/okio/1.13.0/okio-1.13.0.jar:/home/user/.m2/repository/io/jaegertracing/jaeger-core/0.34.0/jaeger-core-0.34.0.jar:/home/user/.m2/repository/io/jaegertracing/jaeger-tracerresolver/0.34.0/jaeger-tracerresolver-0.34.0.jar:/home/user/.m2/repository/io/opentracing/contrib/opentracing-tracerresolver/0.1.5/opentracing-tracerresolver-0.1.5.jar:/home/user/.m2/repository/io/opentracing/opentracing-util/0.31.0/opentracing-util-0.31.0.jar:/home/user/.m2/repository/io/opentracing/opentracing-api/0.31.0/opentracing-api-0.31.0.jar:/home/user/.m2/repository/io/opentracing/opentracing-noop/0.31.0/opentracing-noop-0.31.0.jar:/home/user/.m2/repository/org/apache/hadoop/hadoop-hdds-server-framework/0.5.0-SNAPSHOT/hadoop-hdds-server-framework-0.5.0-SNAPSHOT.jar:/home/user/.m2/repository/org/apache/hadoop/hadoop-hdds-container-service/0.5.0-SNAPSHOT/hadoop-hdds-container-service-0.5.0-SNAPSHOT.jar:/home/user/.m2/repository/org/apache/hadoop/hadoop-hdds-client/0.5.0-SNAPSHOT/hadoop-hdds-client-0.5.0-SNAPSHOT.jar:/home/user/.m2/repository/org/apache/hadoop/hadoop-hdds-tools/0.5.0-SNAPSHOT/hadoop-hdds-tools-0.5.0-SNAPSHOT.jar:/home/user/.m2/repository/org/apache/hadoop/hadoop-hdds-server-scm/0.5.0-SNAPSHOT/hadoop-hdds-server-scm-0.5.0-SNAPSHOT.jar:/home/user/.m2/repository/org/apache/hadoop/hadoop-hdds-docs/0.5.0-SNAPSHOT/hadoop-hdds-docs-0.5.0-SNAPSHOT.jar:/home/user/.m2/repository/io/dropwizard/metrics/metrics-core/3.2.4/metrics-core-3.2.4.jar:/home/user/.m2/repository/org/hamcrest/hamcrest-all/1.3/hamcrest-all-1.3.jar:/home/user/.m2/repository/org/bouncycastle/bcprov-jdk15on/1.60/bcprov-jdk15on-1.60.jar:/home/user/.m2/repository/info/picocli/picocli/3.9.6/picocli-3.9.6.jar:/home/user/.m2/repository/com/google/protobuf/protobuf-java/2.5.0/protobuf-java-2.5.0.jar:/home/user/.m2/repository/com/google/guava/guava/11.0.2/guava-11.0.2.jar:/home/user/.m2/repository/org/apache/hadoop/hadoop-ozone-ozone-manager/0.5.0-SNAPSHOT/hadoop-ozone-ozone-manager-0.5.0-SNAPSHOT.jar:/home/user/.m2/repository/org/apache/hadoop/hadoop-minikdc/3.2.0/hadoop-minikdc-3.2.0.jar:/home/user/.m2/repository/commons-io/commons-io/2.5/commons-io-2.5.jar:/home/user/.m2/repository/org/apache/kerby/kerb-simplekdc/1.0.1/kerb-simplekdc-1.0.1.jar:/home/user/.m2/repository/org/apache/kerby/kerb-client/1.0.1/kerb-client-1.0.1.jar:/home/user/.m2/repository/org/apache/kerby/kerby-config/1.0.1/kerby-config-1.0.1.jar:/home/user/.m2/repository/org/apache/kerby/kerb-core/1.0.1/kerb-core-1.0.1.jar:/home/user/.m2/repository/org/apache/kerby/kerby-pkix/1.0.1/kerby-pkix-1.0.1.jar:/home/user/.m2/repository/org/apache/kerby/kerby-asn1/1.0.1/kerby-asn1-1.0.1.jar:/home/user/.m2/repository/org/apache/kerby/kerby-util/1.0.1/kerby-util-1.0.1.jar:/home/user/.m2/repository/org/apache/kerby/kerb-common/1.0.1/kerb-common-1.0.1.jar:/home/user/.m2/repository/org/apache/kerby/kerb-crypto/1.0.1/kerb-crypto-1.0.1.jar:/home/user/.m2/repository/org/apache/kerby/kerb-util/1.0.1/kerb-util-1.0.1.jar:/home/user/.m2/repository/org/apache/kerby/token-provider/1.0.1/token-provider-1.0.1.jar:/home/user/.m2/repository/org/apache/kerby/kerb-admin/1.0.1/kerb-admin-1.0.1.jar:/home/user/.m2/repository/org/apache/kerby/kerb-server/1.0.1/kerb-server-1.0.1.jar:/home/user/.m2/repository/org/apache/kerby/kerb-identity/1.0.1/kerb-identity-1.0.1.jar:/home/user/.m2/repository/org/apache/kerby/kerby-xdr/1.0.1/kerby-xdr-1.0.1.jar:/home/user/.m2/repository/org/slf4j/slf4j-log4j12/1.7.25/slf4j-log4j12-1.7.25.jar:/home/user/.m2/repository/org/apache/hadoop/hadoop-ozone-s3gateway/0.5.0-SNAPSHOT/hadoop-ozone-s3gateway-0.5.0-SNAPSHOT.jar:/home/user/.m2/repository/org/jboss/weld/servlet/weld-servlet/2.4.7.Final/weld-servlet-2.4.7.Final.jar:/home/user/.m2/repository/org/glassfish/jersey/containers/jersey-container-servlet-core/2.27/jersey-container-servlet-core-2.27.jar:/home/user/.m2/repository/org/glassfish/hk2/external/javax.inject/2.5.0-b42/javax.inject-2.5.0-b42.jar:/home/user/.m2/repository/org/glassfish/jersey/core/jersey-common/2.27/jersey-common-2.27.jar:/home/user/.m2/repository/org/glassfish/hk2/osgi-resource-locator/1.0.1/osgi-resource-locator-1.0.1.jar:/home/user/.m2/repository/javax/ws/rs/javax.ws.rs-api/2.1/javax.ws.rs-api-2.1.jar:/home/user/.m2/repository/org/glassfish/jersey/ext/cdi/jersey-cdi1x/2.27/jersey-cdi1x-2.27.jar:/home/user/.m2/repository/org/glassfish/jersey/inject/jersey-hk2/2.27/jersey-hk2-2.27.jar:/home/user/.m2/repository/org/glassfish/hk2/hk2-locator/2.5.0-b42/hk2-locator-2.5.0-b42.jar:/home/user/.m2/repository/org/javassist/javassist/3.22.0-CR2/javassist-3.22.0-CR2.jar:/home/user/.m2/repository/org/glassfish/hk2/hk2-api/2.5.0/hk2-api-2.5.0.jar:/home/user/.m2/repository/org/glassfish/hk2/external/jakarta.inject/2.5.0/jakarta.inject-2.5.0.jar:/home/user/.m2/repository/org/glassfish/hk2/hk2-utils/2.5.0/hk2-utils-2.5.0.jar:/home/user/.m2/repository/jakarta/annotation/jakarta.annotation-api/1.3.4/jakarta.annotation-api-1.3.4.jar:/home/user/.m2/repository/org/glassfish/hk2/external/aopalliance-repackaged/2.5.0/aopalliance-repackaged-2.5.0.jar:/home/user/.m2/repository/com/fasterxml/jackson/dataformat/jackson-dataformat-xml/2.9.0/jackson-dataformat-xml-2.9.0.jar:/home/user/.m2/repository/com/fasterxml/jackson/core/jackson-core/2.9.9/jackson-core-2.9.9.jar:/home/user/.m2/repository/com/fasterxml/jackson/module/jackson-module-jaxb-annotations/2.9.9/jackson-module-jaxb-annotations-2.9.9.jar:/home/user/.m2/repository/javax/enterprise/cdi-api/1.2/cdi-api-1.2.jar:/home/user/.m2/repository/javax/el/javax.el-api/3.0.0/javax.el-api-3.0.0.jar:/home/user/.m2/repository/javax/interceptor/javax.interceptor-api/1.2/javax.interceptor-api-1.2.jar:/home/user/.m2/repository/javax/inject/javax.inject/1/javax.inject-1.jar:/home/user/.m2/repository/com/sun/xml/bind/jaxb-impl/2.3.0.1/jaxb-impl-2.3.0.1.jar:/home/user/.m2/repository/com/sun/xml/bind/jaxb-core/2.3.0.1/jaxb-core-2.3.0.1.jar:/home/user/.m2/repository/javax/xml/bind/jaxb-api/2.3.0/jaxb-api-2.3.0.jar:/home/user/.m2/repository/javax/activation/activation/1.1.1/activation-1.1.1.jar:/home/user/.m2/repository/org/apache/hadoop/hadoop-ozone-csi/0.5.0-SNAPSHOT/hadoop-ozone-csi-0.5.0-SNAPSHOT.jar:/home/user/.m2/repository/com/google/protobuf/protobuf-java-util/3.5.1/protobuf-java-util-3.5.1.jar:/home/user/.m2/repository/org/apache/hadoop/hadoop-hdds-config/0.5.0-SNAPSHOT/hadoop-hdds-config-0.5.0-SNAPSHOT.jar:/home/user/.m2/repository/io/grpc/grpc-netty/1.17.1/grpc-netty-1.17.1.jar:/home/user/.m2/repository/io/grpc/grpc-core/1.17.1/grpc-core-1.17.1.jar:/home/user/.m2/repository/io/grpc/grpc-context/1.17.1/grpc-context-1.17.1.jar:/home/user/.m2/repository/com/google/errorprone/error_prone_annotations/2.2.0/error_prone_annotations-2.2.0.jar:/home/user/.m2/repository/org/codehaus/mojo/animal-sniffer-annotations/1.17/animal-sniffer-annotations-1.17.jar:/home/user/.m2/repository/io/opencensus/opencensus-api/0.17.0/opencensus-api-0.17.0.jar:/home/user/.m2/repository/io/opencensus/opencensus-contrib-grpc-metrics/0.17.0/opencensus-contrib-grpc-metrics-0.17.0.jar:/home/user/.m2/repository/io/netty/netty-codec-http2/4.1.30.Final/netty-codec-http2-4.1.30.Final.jar:/home/user/.m2/repository/io/netty/netty-codec-http/4.1.30.Final/netty-codec-http-4.1.30.Final.jar:/home/user/.m2/repository/io/netty/netty-codec/4.1.30.Final/netty-codec-4.1.30.Final.jar:/home/user/.m2/repository/io/netty/netty-handler/4.1.30.Final/netty-handler-4.1.30.Final.jar:/home/user/.m2/repository/io/netty/netty-handler-proxy/4.1.30.Final/netty-handler-proxy-4.1.30.Final.jar:/home/user/.m2/repository/io/netty/netty-codec-socks/4.1.30.Final/netty-codec-socks-4.1.30.Final.jar:/home/user/.m2/repository/io/netty/netty-transport-native-epoll/4.1.30.Final/netty-transport-native-epoll-4.1.30.Final.jar:/home/user/.m2/repository/io/netty/netty-common/4.1.30.Final/netty-common-4.1.30.Final.jar:/home/user/.m2/repository/io/netty/netty-buffer/4.1.30.Final/netty-buffer-4.1.30.Final.jar:/home/user/.m2/repository/io/netty/netty-transport/4.1.30.Final/netty-transport-4.1.30.Final.jar:/home/user/.m2/repository/io/netty/netty-resolver/4.1.30.Final/netty-resolver-4.1.30.Final.jar:/home/user/.m2/repository/io/netty/netty-transport-native-unix-common/4.1.30.Final/netty-transport-native-unix-common-4.1.30.Final.jar:/home/user/.m2/repository/io/grpc/grpc-protobuf/1.17.1/grpc-protobuf-1.17.1.jar:/home/user/.m2/repository/com/google/api/grpc/proto-google-common-protos/1.0.0/proto-google-common-protos-1.0.0.jar:/home/user/.m2/repository/io/grpc/grpc-protobuf-lite/1.17.1/grpc-protobuf-lite-1.17.1.jar:/home/user/.m2/repository/io/grpc/grpc-stub/1.17.1/grpc-stub-1.17.1.jar:/home/user/.m2/repository/org/apache/hadoop/hadoop-ozone-recon/0.5.0-SNAPSHOT/hadoop-ozone-recon-0.5.0-SNAPSHOT.jar:/home/user/.m2/repository/org/apache/hadoop/hadoop-ozone-reconcodegen/0.5.0-SNAPSHOT/hadoop-ozone-reconcodegen-0.5.0-SNAPSHOT.jar:/home/user/.m2/repository/com/google/inject/extensions/guice-multibindings/4.0/guice-multibindings-4.0.jar:/home/user/.m2/repository/com/google/inject/guice/4.0/guice-4.0.jar:/home/user/.m2/repository/aopalliance/aopalliance/1.0/aopalliance-1.0.jar:/home/user/.m2/repository/com/google/inject/extensions/guice-servlet/4.0/guice-servlet-4.0.jar:/home/user/.m2/repository/org/glassfish/jersey/containers/jersey-container-servlet/2.27/jersey-container-servlet-2.27.jar:/home/user/.m2/repository/org/glassfish/hk2/guice-bridge/2.5.0/guice-bridge-2.5.0.jar:/home/user/.m2/repository/org/glassfish/jersey/core/jersey-server/2.27/jersey-server-2.27.jar:/home/user/.m2/repository/org/glassfish/jersey/core/jersey-client/2.27/jersey-client-2.27.jar:/home/user/.m2/repository/org/glassfish/jersey/media/jersey-media-jaxb/2.27/jersey-media-jaxb-2.27.jar:/home/user/.m2/repository/javax/validation/validation-api/1.1.0.Final/validation-api-1.1.0.Final.jar:/home/user/.m2/repository/org/glassfish/jersey/media/jersey-media-json-jackson/2.27/jersey-media-json-jackson-2.27.jar:/home/user/.m2/repository/org/glassfish/jersey/ext/jersey-entity-filtering/2.27/jersey-entity-filtering-2.27.jar:/home/user/.m2/repository/com/google/inject/extensions/guice-assistedinject/4.0/guice-assistedinject-4.0.jar:/home/user/.m2/repository/org/jooq/jooq/3.11.10/jooq-3.11.10.jar:/home/user/.m2/repository/org/jooq/jooq-meta/3.11.10/jooq-meta-3.11.10.jar:/home/user/.m2/repository/org/jooq/jooq-codegen/3.11.10/jooq-codegen-3.11.10.jar:/home/user/.m2/repository/com/jolbox/bonecp/0.8.0.RELEASE/bonecp-0.8.0.RELEASE.jar:/home/user/.m2/repository/org/xerial/sqlite-jdbc/3.25.2/sqlite-jdbc-3.25.2.jar:/home/user/.m2/repository/org/springframework/spring-jdbc/5.1.3.RELEASE/spring-jdbc-5.1.3.RELEASE.jar:/home/user/.m2/repository/org/springframework/spring-beans/5.1.3.RELEASE/spring-beans-5.1.3.RELEASE.jar:/home/user/.m2/repository/org/springframework/spring-core/5.1.3.RELEASE/spring-core-5.1.3.RELEASE.jar:/home/user/.m2/repository/org/springframework/spring-jcl/5.1.3.RELEASE/spring-jcl-5.1.3.RELEASE.jar:/home/user/.m2/repository/org/springframework/spring-tx/5.1.3.RELEASE/spring-tx-5.1.3.RELEASE.jar:/home/user/.m2/repository/org/apache/hadoop/hadoop-ozone-client/0.5.0-SNAPSHOT/hadoop-ozone-client-0.5.0-SNAPSHOT.jar:/home/user/.m2/repository/commons-lang/commons-lang/2.6/commons-lang-2.6.jar:/home/user/.m2/repository/org/apache/hadoop/hadoop-ozone-ozone-manager/0.5.0-SNAPSHOT/hadoop-ozone-ozone-manager-0.5.0-SNAPSHOT-tests.jar:/home/user/.m2/repository/junit/junit/4.11/junit-4.11.jar:/home/user/.m2/repository/org/hamcrest/hamcrest-core/1.3/hamcrest-core-1.3.jar:/home/user/.m2/repository/org/openjdk/jmh/jmh-core/1.19/jmh-core-1.19.jar:/home/user/.m2/repository/net/sf/jopt-simple/jopt-simple/4.6/jopt-simple-4.6.jar:/home/user/.m2/repository/org/apache/commons/commons-math3/3.1.1/commons-math3-3.1.1.jar:/home/user/.m2/repository/org/openjdk/jmh/jmh-generator-annprocess/1.19/jmh-generator-annprocess-1.19.jar:/home/user/.m2/repository/org/mockito/mockito-all/1.8.5/mockito-all-1.8.5.jar:/home/user/.m2/repository/org/apache/hadoop/hadoop-kms/3.2.0/hadoop-kms-3.2.0.jar:/home/user/.m2/repository/org/apache/hadoop/hadoop-auth/3.2.0/hadoop-auth-3.2.0.jar:/home/user/.m2/repository/com/nimbusds/nimbus-jose-jwt/4.41.1/nimbus-jose-jwt-4.41.1.jar:/home/user/.m2/repository/com/github/stephenc/jcip/jcip-annotations/1.0-1/jcip-annotations-1.0-1.jar:/home/user/.m2/repository/net/minidev/json-smart/2.3/json-smart-2.3.jar:/home/user/.m2/repository/net/minidev/accessors-smart/1.2/accessors-smart-1.2.jar:/home/user/.m2/repository/org/ow2/asm/asm/5.0.4/asm-5.0.4.jar:/home/user/.m2/repository/org/apache/curator/curator-framework/2.12.0/curator-framework-2.12.0.jar:/home/user/.m2/repository/com/sun/jersey/jersey-core/1.19/jersey-core-1.19.jar:/home/user/.m2/repository/javax/ws/rs/jsr311-api/1.1.1/jsr311-api-1.1.1.jar:/home/user/.m2/repository/com/sun/jersey/jersey-server/1.19/jersey-server-1.19.jar:/home/user/.m2/repository/javax/servlet/javax.servlet-api/3.1.0/javax.servlet-api-3.1.0.jar:/home/user/.m2/repository/org/eclipse/jetty/jetty-server/9.3.25.v20180904/jetty-server-9.3.25.v20180904.jar:/home/user/.m2/repository/org/eclipse/jetty/jetty-http/9.3.25.v20180904/jetty-http-9.3.25.v20180904.jar:/home/user/.m2/repository/org/eclipse/jetty/jetty-io/9.3.25.v20180904/jetty-io-9.3.25.v20180904.jar:/home/user/.m2/repository/org/eclipse/jetty/jetty-webapp/9.3.25.v20180904/jetty-webapp-9.3.25.v20180904.jar:/home/user/.m2/repository/org/eclipse/jetty/jetty-xml/9.3.25.v20180904/jetty-xml-9.3.25.v20180904.jar:/home/user/.m2/repository/log4j/log4j/1.2.17/log4j-1.2.17.jar:/home/user/.m2/repository/org/slf4j/slf4j-api/1.7.25/slf4j-api-1.7.25.jar:/home/user/.m2/repository/org/slf4j/jul-to-slf4j/1.7.25/jul-to-slf4j-1.7.25.jar:/home/user/.m2/repository/org/eclipse/jetty/jetty-util/9.3.25.v20180904/jetty-util-9.3.25.v20180904.jar:/home/user/.m2/repository/com/fasterxml/jackson/core/jackson-databind/2.9.9/jackson-databind-2.9.9.jar:/home/user/.m2/repository/org/apache/hadoop/hadoop-kms/3.2.0/hadoop-kms-3.2.0-tests.jar:/home/user/.m2/repository/org/apache/hadoop/hadoop-hdds-server-scm/0.5.0-SNAPSHOT/hadoop-hdds-server-scm-0.5.0-SNAPSHOT-tests.jar:/home/user/.m2/repository/org/apache/hadoop/hadoop-hdds-container-service/0.5.0-SNAPSHOT/hadoop-hdds-container-service-0.5.0-SNAPSHOT-tests.jar:/home/user/.m2/repository/org/yaml/snakeyaml/1.16/snakeyaml-1.16.jar:/home/user/.m2/repository/org/apache/hadoop/hadoop-common/3.2.0/hadoop-common-3.2.0-tests.jar:/home/user/.m2/repository/org/apache/hadoop/hadoop-annotations/3.2.0/hadoop-annotations-3.2.0.jar:/usr/lib/jvm/java-1.8.0-openjdk-1.8.0.222.b10-1.el7_7.x86_64/jre/../lib/tools.jar:/home/user/.m2/repository/commons-cli/commons-cli/1.2/commons-cli-1.2.jar:/home/user/.m2/repository/org/apache/httpcomponents/httpclient/4.5.2/httpclient-4.5.2.jar:/home/user/.m2/repository/org/apache/httpcomponents/httpcore/4.4.4/httpcore-4.4.4.jar:/home/user/.m2/repository/commons-codec/commons-codec/1.11/commons-codec-1.11.jar:/home/user/.m2/repository/commons-net/commons-net/3.6/commons-net-3.6.jar:/home/user/.m2/repository/commons-collections/commons-collections/3.2.2/commons-collections-3.2.2.jar:/home/user/.m2/repository/org/eclipse/jetty/jetty-servlet/9.3.25.v20180904/jetty-servlet-9.3.25.v20180904.jar:/home/user/.m2/repository/org/eclipse/jetty/jetty-security/9.3.25.v20180904/jetty-security-9.3.25.v20180904.jar:/home/user/.m2/repository/javax/servlet/jsp/jsp-api/2.1/jsp-api-2.1.jar:/home/user/.m2/repository/com/sun/jersey/jersey-servlet/1.19/jersey-servlet-1.19.jar:/home/user/.m2/repository/com/sun/jersey/jersey-json/1.19/jersey-json-1.19.jar:/home/user/.m2/repository/org/codehaus/jettison/jettison/1.1/jettison-1.1.jar:/home/user/.m2/repository/org/codehaus/jackson/jackson-core-asl/1.9.13/jackson-core-asl-1.9.13.jar:/home/user/.m2/repository/org/codehaus/jackson/jackson-mapper-asl/1.9.13/jackson-mapper-asl-1.9.13.jar:/home/user/.m2/repository/org/codehaus/jackson/jackson-jaxrs/1.9.13/jackson-jaxrs-1.9.13.jar:/home/user/.m2/repository/org/codehaus/jackson/jackson-xc/1.9.13/jackson-xc-1.9.13.jar:/home/user/.m2/repository/commons-logging/commons-logging/1.1.3/commons-logging-1.1.3.jar:/home/user/.m2/repository/commons-beanutils/commons-beanutils/1.9.4/commons-beanutils-1.9.4.jar:/home/user/.m2/repository/org/apache/commons/commons-configuration2/2.1.1/commons-configuration2-2.1.1.jar:/home/user/.m2/repository/org/apache/commons/commons-lang3/3.7/commons-lang3-3.7.jar:/home/user/.m2/repository/org/apache/commons/commons-text/1.4/commons-text-1.4.jar:/home/user/.m2/repository/org/apache/avro/avro/1.7.7/avro-1.7.7.jar:/home/user/.m2/repository/com/thoughtworks/paranamer/paranamer/2.3/paranamer-2.3.jar:/home/user/.m2/repository/org/xerial/snappy/snappy-java/1.0.5/snappy-java-1.0.5.jar:/home/user/.m2/repository/com/google/re2j/re2j/1.1/re2j-1.1.jar:/home/user/.m2/repository/com/google/code/gson/gson/2.2.4/gson-2.2.4.jar:/home/user/.m2/repository/com/jcraft/jsch/0.1.54/jsch-0.1.54.jar:/home/user/.m2/repository/org/apache/curator/curator-client/2.12.0/curator-client-2.12.0.jar:/home/user/.m2/repository/org/apache/curator/curator-recipes/2.12.0/curator-recipes-2.12.0.jar:/home/user/.m2/repository/com/google/code/findbugs/jsr305/3.0.0/jsr305-3.0.0.jar:/home/user/.m2/repository/org/apache/htrace/htrace-core4/4.1.0-incubating/htrace-core4-4.1.0-incubating.jar:/home/user/.m2/repository/org/apache/zookeeper/zookeeper/3.4.13/zookeeper-3.4.13.jar:/home/user/.m2/repository/jline/jline/0.9.94/jline-0.9.94.jar:/home/user/.m2/repository/org/apache/yetus/audience-annotations/0.5.0/audience-annotations-0.5.0.jar:/home/user/.m2/repository/org/codehaus/woodstox/stax2-api/3.1.4/stax2-api-3.1.4.jar:/home/user/.m2/repository/com/fasterxml/woodstox/woodstox-core/5.0.3/woodstox-core-5.0.3.jar:/home/user/.m2/repository/dnsjava/dnsjava/2.1.7/dnsjava-2.1.7.jar:/home/user/.m2/repository/org/apache/hadoop/hadoop-hdfs/3.2.0/hadoop-hdfs-3.2.0-tests.jar:/home/user/.m2/repository/org/eclipse/jetty/jetty-util-ajax/9.3.25.v20180904/jetty-util-ajax-9.3.25.v20180904.jar:/home/user/.m2/repository/commons-daemon/commons-daemon/1.0.13/commons-daemon-1.0.13.jar:/home/user/.m2/repository/io/netty/netty/3.10.5.Final/netty-3.10.5.Final.jar:/home/user/.m2/repository/io/netty/netty-all/4.0.52.Final/netty-all-4.0.52.Final.jar:/home/user/.m2/repository/org/fusesource/leveldbjni/leveldbjni-all/1.8/leveldbjni-all-1.8.jar:"/>
    <property name="sun.cpu.endian" value="little"/>
    <property name="user.home" value="/home/user"/>
    <property name="user.language" value="en"/>
    <property name="java.specification.vendor" value="Oracle Corporation"/>
    <property name="java.home" value="/usr/lib/jvm/java-1.8.0-openjdk-1.8.0.222.b10-1.el7_7.x86_64/jre"/>
    <property name="surefire.excludesFile" value="/tools/ozone-bad-unit-tests"/>
    <property name="java.security.krb5.conf" value="/workdir/hadoop-ozone/integration-test/target/test-classes/krb5.conf"/>
    <property name="basedir" value="/workdir/hadoop-ozone/integration-test"/>
    <property name="file.separator" value="/"/>
    <property name="line.separator" value="&#10;"/>
    <property name="java.vm.specification.vendor" value="Oracle Corporation"/>
    <property name="java.specification.name" value="Java Platform API Specification"/>
    <property name="java.awt.graphicsenv" value="sun.awt.X11GraphicsEnvironment"/>
    <property name="surefire.real.class.path" value="/workdir/hadoop-ozone/integration-test/target/surefire/surefirebooter3519271687177704832.jar"/>
    <property name="hadoop.log.dir" value="/workdir/hadoop-ozone/integration-test/target/log"/>
    <property name="sun.boot.class.path" value="/usr/lib/jvm/java-1.8.0-openjdk-1.8.0.222.b10-1.el7_7.x86_64/jre/lib/resources.jar:/usr/lib/jvm/java-1.8.0-openjdk-1.8.0.222.b10-1.el7_7.x86_64/jre/lib/rt.jar:/usr/lib/jvm/java-1.8.0-openjdk-1.8.0.222.b10-1.el7_7.x86_64/jre/lib/sunrsasign.jar:/usr/lib/jvm/java-1.8.0-openjdk-1.8.0.222.b10-1.el7_7.x86_64/jre/lib/jsse.jar:/usr/lib/jvm/java-1.8.0-openjdk-1.8.0.222.b10-1.el7_7.x86_64/jre/lib/jce.jar:/usr/lib/jvm/java-1.8.0-openjdk-1.8.0.222.b10-1.el7_7.x86_64/jre/lib/charsets.jar:/usr/lib/jvm/java-1.8.0-openjdk-1.8.0.222.b10-1.el7_7.x86_64/jre/lib/jfr.jar:/usr/lib/jvm/java-1.8.0-openjdk-1.8.0.222.b10-1.el7_7.x86_64/jre/classes"/>
    <property name="sun.management.compiler" value="HotSpot 64-Bit Tiered Compilers"/>
    <property name="java.runtime.version" value="1.8.0_222-b10"/>
    <property name="java.net.preferIPv4Stack" value="true"/>
    <property name="user.name" value="jenkins1000"/>
    <property name="path.separator" value=":"/>
    <property name="java.security.egd" value="file:///dev/urandom"/>
    <property name="os.version" value="3.10.0-957.12.2.el7.x86_64"/>
    <property name="java.endorsed.dirs" value="/usr/lib/jvm/java-1.8.0-openjdk-1.8.0.222.b10-1.el7_7.x86_64/jre/lib/endorsed"/>
    <property name="java.runtime.name" value="OpenJDK Runtime Environment"/>
    <property name="file.encoding" value="ANSI_X3.4-1968"/>
    <property name="java.vm.name" value="OpenJDK 64-Bit Server VM"/>
    <property name="test.build.webapps" value=""/>
    <property name="localRepository" value="/home/user/.m2/repository"/>
    <property name="java.vendor.url.bug" value="http://bugreport.sun.com/bugreport/"/>
    <property name="java.io.tmpdir" value="/tmp"/>
    <property name="require.test.libhadoop" value=""/>
    <property name="java.version" value="1.8.0_222"/>
    <property name="user.dir" value="/workdir/hadoop-ozone/integration-test"/>
    <property name="os.arch" value="amd64"/>
    <property name="java.vm.specification.name" value="Java Virtual Machine Specification"/>
    <property name="test.build.classes" value="/workdir/hadoop-ozone/integration-test/target/test-classes"/>
    <property name="java.awt.printerjob" value="sun.print.PSPrinterJob"/>
    <property name="sun.os.patch.level" value="unknown"/>
    <property name="hadoop.tmp.dir" value="/workdir/hadoop-ozone/integration-test/target/tmp"/>
    <property name="java.library.path" value="/usr/lib:/workdir/hadoop-ozone/integration-test/target/native/target/usr/local/lib:/workdir/hadoop-ozone/integration-test/../../hadoop-common-project/hadoop-common/target/native/target/usr/local/lib:/usr/java/packages/lib/amd64:/usr/lib64:/lib64:/lib:/usr/lib"/>
    <property name="java.vm.info" value="mixed mode"/>
    <property name="java.vendor" value="Oracle Corporation"/>
    <property name="java.vm.version" value="25.222-b10"/>
    <property name="java.ext.dirs" value="/usr/lib/jvm/java-1.8.0-openjdk-1.8.0.222.b10-1.el7_7.x86_64/jre/lib/ext:/usr/java/packages/lib/ext"/>
    <property name="sun.io.unicode.encoding" value="UnicodeLittle"/>
    <property name="java.class.version" value="52.0"/>
  </properties>
  <testcase name="testPipelineDestroy" classname="org.apache.hadoop.ozone.scm.pipeline.TestSCMPipelineMetrics" time="75.382">
    <failure message="Bad value for metric NumPipelineDestroyed expected:&lt;1&gt; but was:&lt;5&gt;" type="java.lang.AssertionError"><![CDATA[java.lang.AssertionError: Bad value for metric NumPipelineDestroyed expected:<1> but was:<5>
	at org.junit.Assert.fail(Assert.java:88)
	at org.junit.Assert.failNotEquals(Assert.java:743)
	at org.junit.Assert.assertEquals(Assert.java:118)
	at org.junit.Assert.assertEquals(Assert.java:555)
	at org.apache.hadoop.test.MetricsAsserts.assertCounter(MetricsAsserts.java:227)
	at org.apache.hadoop.ozone.scm.pipeline.TestSCMPipelineMetrics.testPipelineDestroy(TestSCMPipelineMetrics.java:96)
	at sun.reflect.NativeMethodAccessorImpl.invoke0(Native Method)
	at sun.reflect.NativeMethodAccessorImpl.invoke(NativeMethodAccessorImpl.java:62)
	at sun.reflect.DelegatingMethodAccessorImpl.invoke(DelegatingMethodAccessorImpl.java:43)
	at java.lang.reflect.Method.invoke(Method.java:498)
	at org.junit.runners.model.FrameworkMethod$1.runReflectiveCall(FrameworkMethod.java:47)
	at org.junit.internal.runners.model.ReflectiveCallable.run(ReflectiveCallable.java:12)
	at org.junit.runners.model.FrameworkMethod.invokeExplosively(FrameworkMethod.java:44)
	at org.junit.internal.runners.statements.InvokeMethod.evaluate(InvokeMethod.java:17)
	at org.junit.internal.runners.statements.RunBefores.evaluate(RunBefores.java:26)
	at org.junit.internal.runners.statements.RunAfters.evaluate(RunAfters.java:27)
	at org.junit.runners.ParentRunner.runLeaf(ParentRunner.java:271)
	at org.junit.runners.BlockJUnit4ClassRunner.runChild(BlockJUnit4ClassRunner.java:70)
	at org.junit.runners.BlockJUnit4ClassRunner.runChild(BlockJUnit4ClassRunner.java:50)
	at org.junit.runners.ParentRunner$3.run(ParentRunner.java:238)
	at org.junit.runners.ParentRunner$1.schedule(ParentRunner.java:63)
	at org.junit.runners.ParentRunner.runChildren(ParentRunner.java:236)
	at org.junit.runners.ParentRunner.access$000(ParentRunner.java:53)
	at org.junit.runners.ParentRunner$2.evaluate(ParentRunner.java:229)
	at org.junit.runners.ParentRunner.run(ParentRunner.java:309)
	at org.apache.maven.surefire.junit4.JUnit4Provider.execute(JUnit4Provider.java:365)
	at org.apache.maven.surefire.junit4.JUnit4Provider.executeWithRerun(JUnit4Provider.java:273)
	at org.apache.maven.surefire.junit4.JUnit4Provider.executeTestSet(JUnit4Provider.java:238)
	at org.apache.maven.surefire.junit4.JUnit4Provider.invoke(JUnit4Provider.java:159)
	at org.apache.maven.surefire.booter.ForkedBooter.invokeProviderInSameClassLoader(ForkedBooter.java:384)
	at org.apache.maven.surefire.booter.ForkedBooter.runSuitesInProcess(ForkedBooter.java:345)
	at org.apache.maven.surefire.booter.ForkedBooter.execute(ForkedBooter.java:126)
	at org.apache.maven.surefire.booter.ForkedBooter.main(ForkedBooter.java:418)
]]></failure>
    <system-out><![CDATA[2019-11-14 23:00:11,179 [main] WARN  server.ServerUtils (ServerUtils.java:getScmDbDir(145)) - ozone.scm.db.dirs is not configured. We recommend adding this setting. Falling back to ozone.metadata.dirs instead.
2019-11-14 23:00:14,970 [main] WARN  server.ServerUtils (ServerUtils.java:getScmDbDir(145)) - ozone.scm.db.dirs is not configured. We recommend adding this setting. Falling back to ozone.metadata.dirs instead.
2019-11-14 23:00:14,974 [main] WARN  server.ServerUtils (ServerUtils.java:getScmDbDir(145)) - ozone.scm.db.dirs is not configured. We recommend adding this setting. Falling back to ozone.metadata.dirs instead.
2019-11-14 23:00:15,003 [main] INFO  util.log (Log.java:initialized(192)) - Logging initialized @4534ms
2019-11-14 23:00:15,102 [main] INFO  db.DBStoreBuilder (DBStoreBuilder.java:addTable(127)) - using custom profile for table: deletedBlocks
2019-11-14 23:00:15,103 [main] INFO  db.DBStoreBuilder (DBStoreBuilder.java:processTables(183)) - Using default column profile:DBProfile.DISK for Table:deletedBlocks
2019-11-14 23:00:15,103 [main] INFO  db.DBStoreBuilder (DBStoreBuilder.java:addTable(127)) - using custom profile for table: validCerts
2019-11-14 23:00:15,103 [main] INFO  db.DBStoreBuilder (DBStoreBuilder.java:processTables(183)) - Using default column profile:DBProfile.DISK for Table:validCerts
2019-11-14 23:00:15,104 [main] INFO  db.DBStoreBuilder (DBStoreBuilder.java:addTable(127)) - using custom profile for table: revokedCerts
2019-11-14 23:00:15,104 [main] INFO  db.DBStoreBuilder (DBStoreBuilder.java:processTables(183)) - Using default column profile:DBProfile.DISK for Table:revokedCerts
2019-11-14 23:00:15,115 [main] INFO  db.DBStoreBuilder (DBStoreBuilder.java:addTable(127)) - using custom profile for table: default
2019-11-14 23:00:15,115 [main] INFO  db.DBStoreBuilder (DBStoreBuilder.java:processTables(189)) - Using default column profile:DBProfile.DISK for Table:default
2019-11-14 23:00:15,117 [main] INFO  db.DBStoreBuilder (DBStoreBuilder.java:getDbProfile(220)) - Using default options. DBProfile.DISK
2019-11-14 23:00:31,906 [main] INFO  net.NodeSchemaLoader (NodeSchemaLoader.java:loadSchemaFromFile(125)) - Loading file from sun.misc.CompoundEnumeration@78691363
2019-11-14 23:00:31,908 [main] INFO  net.NodeSchemaLoader (NodeSchemaLoader.java:loadSchema(171)) - Loading network topology layer schema file
2019-11-14 23:00:31,965 [main] WARN  server.ServerUtils (ServerUtils.java:sanitizeUserArgs(70)) - ozone.scm.stale.node.interval value = 300000 is larger than max = 100000 based on the key value of ozone.scm.heartbeat.thread.interval, reset to the max value 100000.
2019-11-14 23:00:31,967 [main] WARN  server.ServerUtils (ServerUtils.java:sanitizeUserArgs(70)) - ozone.scm.stale.node.interval value = 300000 is larger than max = 100000 based on the key value of ozone.scm.heartbeat.thread.interval, reset to the max value 100000.
2019-11-14 23:00:31,970 [main] INFO  node.SCMNodeManager (SCMNodeManager.java:<init>(116)) - Entering startup safe mode.
2019-11-14 23:00:32,033 [main] INFO  algorithms.ContainerPlacementPolicyFactory (ContainerPlacementPolicyFactory.java:getPolicy(57)) - Create container placement policy of type org.apache.hadoop.hdds.scm.container.placement.algorithms.SCMContainerPlacementRandom
2019-11-14 23:00:32,046 [main] WARN  server.ServerUtils (ServerUtils.java:getScmDbDir(145)) - ozone.scm.db.dirs is not configured. We recommend adding this setting. Falling back to ozone.metadata.dirs instead.
2019-11-14 23:00:32,105 [main] INFO  pipeline.SCMPipelineManager (SCMPipelineManager.java:initializePipelineState(132)) - No pipeline exists in current db
2019-11-14 23:00:32,107 [main] WARN  server.ServerUtils (ServerUtils.java:getScmDbDir(145)) - ozone.scm.db.dirs is not configured. We recommend adding this setting. Falling back to ozone.metadata.dirs instead.
2019-11-14 23:00:32,204 [main] INFO  safemode.HealthyPipelineSafeModeRule (HealthyPipelineSafeModeRule.java:<init>(88)) -  Total pipeline count is 0, healthy pipeline threshold count is 0
2019-11-14 23:00:32,205 [main] INFO  safemode.OneReplicaPipelineSafeModeRule (OneReplicaPipelineSafeModeRule.java:<init>(84)) -  Total pipeline count is 0, pipeline's with atleast one datanode reported threshold count is 0
2019-11-14 23:00:32,205 [main] WARN  events.EventQueue (EventQueue.java:fireEvent(183)) - No event handler registered for event TypedEvent{payloadType=SafeModeStatus, name='SafeModeStatus'}
2019-11-14 23:00:32,559 [main] INFO  ipc.CallQueueManager (CallQueueManager.java:<init>(84)) - Using callQueue: class java.util.concurrent.LinkedBlockingQueue, queueCapacity: 2000, scheduler: class org.apache.hadoop.ipc.DefaultRpcScheduler, ipcBackoff: false.
2019-11-14 23:00:32,695 [Socket Reader #1 for port 39032] INFO  ipc.Server (Server.java:run(1074)) - Starting Socket Reader #1 for port 39032
2019-11-14 23:00:32,732 [main] INFO  ipc.CallQueueManager (CallQueueManager.java:<init>(84)) - Using callQueue: class java.util.concurrent.LinkedBlockingQueue, queueCapacity: 2000, scheduler: class org.apache.hadoop.ipc.DefaultRpcScheduler, ipcBackoff: false.
2019-11-14 23:00:32,733 [Socket Reader #1 for port 45188] INFO  ipc.Server (Server.java:run(1074)) - Starting Socket Reader #1 for port 45188
2019-11-14 23:00:32,742 [main] INFO  ipc.CallQueueManager (CallQueueManager.java:<init>(84)) - Using callQueue: class java.util.concurrent.LinkedBlockingQueue, queueCapacity: 2000, scheduler: class org.apache.hadoop.ipc.DefaultRpcScheduler, ipcBackoff: false.
2019-11-14 23:00:32,743 [Socket Reader #1 for port 43261] INFO  ipc.Server (Server.java:run(1074)) - Starting Socket Reader #1 for port 43261
2019-11-14 23:00:32,764 [main] INFO  hdfs.DFSUtil (DFSUtil.java:httpServerTemplateForNNAndJN(1641)) - Starting Web-server for scm at: http://0.0.0.0:0
2019-11-14 23:00:32,915 [main] INFO  server.AuthenticationFilter (AuthenticationFilter.java:constructSecretProvider(240)) - Unable to initialize FileSignerSecretProvider, falling back to use random secrets.
2019-11-14 23:00:32,923 [main] WARN  http.HttpRequestLog (HttpRequestLog.java:getRequestLog(97)) - Jetty request log can only be enabled using Log4j
2019-11-14 23:00:32,931 [main] INFO  http.HttpServer2 (HttpServer2.java:addGlobalFilter(975)) - Added global filter 'safety' (class=org.apache.hadoop.http.HttpServer2$QuotingInputFilter)
2019-11-14 23:00:32,933 [main] INFO  http.HttpServer2 (HttpServer2.java:addFilter(948)) - Added filter static_user_filter (class=org.apache.hadoop.http.lib.StaticUserWebFilter$StaticUserFilter) to context scm
2019-11-14 23:00:32,934 [main] INFO  http.HttpServer2 (HttpServer2.java:addFilter(958)) - Added filter static_user_filter (class=org.apache.hadoop.http.lib.StaticUserWebFilter$StaticUserFilter) to context static
2019-11-14 23:00:32,934 [main] INFO  http.HttpServer2 (HttpServer2.java:addFilter(958)) - Added filter static_user_filter (class=org.apache.hadoop.http.lib.StaticUserWebFilter$StaticUserFilter) to context logs
2019-11-14 23:00:32,962 [main] INFO  server.StorageContainerManager (StorageContainerManager.java:start(766)) - StorageContainerLocationProtocol RPC server is listening at /0.0.0.0:43261
2019-11-14 23:00:33,020 [main] WARN  impl.MetricsConfig (MetricsConfig.java:loadFirst(134)) - Cannot locate configuration: tried hadoop-metrics2-storagecontainermanager.properties,hadoop-metrics2.properties
2019-11-14 23:00:33,033 [main] INFO  impl.MetricsSystemImpl (MetricsSystemImpl.java:startTimer(374)) - Scheduled Metric snapshot period at 10 second(s).
2019-11-14 23:00:33,033 [main] INFO  impl.MetricsSystemImpl (MetricsSystemImpl.java:start(191)) - StorageContainerManager metrics system started
2019-11-14 23:00:33,284 [main] INFO  server.SCMClientProtocolServer (SCMClientProtocolServer.java:start(160)) - RPC server for Client  is listening at /0.0.0.0:43261
2019-11-14 23:00:33,285 [IPC Server Responder] INFO  ipc.Server (Server.java:run(1314)) - IPC Server Responder: starting
2019-11-14 23:00:33,285 [IPC Server listener on 43261] INFO  ipc.Server (Server.java:run(1153)) - IPC Server listener on 43261: starting
2019-11-14 23:00:33,288 [main] INFO  server.StorageContainerManager (StorageContainerManager.java:start(776)) - ScmBlockLocationProtocol RPC server is listening at /0.0.0.0:45188
2019-11-14 23:00:33,289 [main] INFO  server.SCMBlockProtocolServer (SCMBlockProtocolServer.java:start(146)) - RPC server for Block Protocol is listening at /0.0.0.0:45188
2019-11-14 23:00:33,289 [IPC Server Responder] INFO  ipc.Server (Server.java:run(1314)) - IPC Server Responder: starting
2019-11-14 23:00:33,289 [IPC Server listener on 45188] INFO  ipc.Server (Server.java:run(1153)) - IPC Server listener on 45188: starting
2019-11-14 23:00:33,293 [main] INFO  server.StorageContainerManager (StorageContainerManager.java:start(780)) - ScmDatanodeProtocl RPC server is listening at /0.0.0.0:39032
2019-11-14 23:00:33,293 [main] INFO  server.SCMDatanodeProtocolServer (SCMDatanodeProtocolServer.java:start(169)) - RPC server for DataNodes is listening at /0.0.0.0:39032
2019-11-14 23:00:33,294 [IPC Server Responder] INFO  ipc.Server (Server.java:run(1314)) - IPC Server Responder: starting
2019-11-14 23:00:33,294 [IPC Server listener on 39032] INFO  ipc.Server (Server.java:run(1153)) - IPC Server listener on 39032: starting
2019-11-14 23:00:33,299 [main] INFO  http.HttpServer2 (HttpServer2.java:bindListener(1191)) - Jetty bound to port 46243
2019-11-14 23:00:33,302 [main] INFO  server.Server (Server.java:doStart(351)) - jetty-9.3.25.v20180904, build timestamp: 2018-09-04T21:11:46Z, git hash: 3ce520221d0240229c862b122d2b06c12a625732
2019-11-14 23:00:33,355 [main] INFO  handler.ContextHandler (ContextHandler.java:doStart(781)) - Started o.e.j.s.ServletContextHandler@26bab2f1{/logs,file:///workdir/hadoop-ozone/integration-test/target/log,AVAILABLE}
2019-11-14 23:00:33,356 [main] INFO  handler.ContextHandler (ContextHandler.java:doStart(781)) - Started o.e.j.s.ServletContextHandler@68ead359{/static,file:///workdir/hadoop-ozone/integration-test/target/test-classes/webapps/static,AVAILABLE}
2019-11-14 23:00:33,400 [main] INFO  handler.ContextHandler (ContextHandler.java:doStart(781)) - Started o.e.j.w.WebAppContext@56102e1c{/,file:///workdir/hadoop-ozone/integration-test/target/test-classes/webapps/scm/,AVAILABLE}{/scm}
2019-11-14 23:00:33,407 [main] INFO  server.AbstractConnector (AbstractConnector.java:doStart(278)) - Started ServerConnector@466cf502{HTTP/1.1,[http/1.1]}{0.0.0.0:46243}
2019-11-14 23:00:33,407 [main] INFO  server.Server (Server.java:doStart(419)) - Started @22938ms
2019-11-14 23:00:33,410 [main] INFO  impl.MetricsSinkAdapter (MetricsSinkAdapter.java:start(204)) - Sink prometheus started
2019-11-14 23:00:33,410 [main] INFO  impl.MetricsSystemImpl (MetricsSystemImpl.java:registerSink(301)) - Registered sink prometheus
2019-11-14 23:00:33,412 [main] INFO  server.BaseHttpServer (BaseHttpServer.java:updateConnectorAddress(215)) - HTTP server of SCM is listening at http://0.0.0.0:46243
2019-11-14 23:00:33,422 [org.apache.hadoop.util.JvmPauseMonitor$Monitor@70925b45] INFO  util.JvmPauseMonitor (JvmPauseMonitor.java:run(188)) - Starting JVM pause monitor
2019-11-14 23:00:33,429 [main] WARN  server.ServerUtils (ServerUtils.java:getDBPath(222)) - ozone.om.db.dirs is not configured. We recommend adding this setting. Falling back to ozone.metadata.dirs instead.
2019-11-14 23:00:33,577 [main] INFO  ha.OMHANodeDetails (OMHANodeDetails.java:loadOMHAConfig(190)) - Configuration either no ozone.om.address set. Falling back to the default OM address /127.0.0.1:0
2019-11-14 23:00:33,577 [main] INFO  ha.OMHANodeDetails (OMHANodeDetails.java:getOMNodeDetails(220)) - OM Service ID is not set. Setting it to the default ID: omServiceIdDefault
2019-11-14 23:00:33,579 [main] WARN  server.ServerUtils (ServerUtils.java:getDBPath(222)) - ozone.om.db.dirs is not configured. We recommend adding this setting. Falling back to ozone.metadata.dirs instead.
2019-11-14 23:00:33,579 [main] WARN  server.ServerUtils (ServerUtils.java:getDBPath(222)) - ozone.om.db.dirs is not configured. We recommend adding this setting. Falling back to ozone.metadata.dirs instead.
2019-11-14 23:00:34,267 [main] WARN  server.ServerUtils (ServerUtils.java:getDBPath(222)) - ozone.om.db.dirs is not configured. We recommend adding this setting. Falling back to ozone.metadata.dirs instead.
2019-11-14 23:00:34,275 [main] INFO  db.DBStoreBuilder (DBStoreBuilder.java:addTable(127)) - using custom profile for table: userTable
2019-11-14 23:00:34,276 [main] INFO  db.DBStoreBuilder (DBStoreBuilder.java:processTables(183)) - Using default column profile:DBProfile.DISK for Table:userTable
2019-11-14 23:00:34,276 [main] INFO  db.DBStoreBuilder (DBStoreBuilder.java:addTable(127)) - using custom profile for table: volumeTable
2019-11-14 23:00:34,276 [main] INFO  db.DBStoreBuilder (DBStoreBuilder.java:processTables(183)) - Using default column profile:DBProfile.DISK for Table:volumeTable
2019-11-14 23:00:34,276 [main] INFO  db.DBStoreBuilder (DBStoreBuilder.java:addTable(127)) - using custom profile for table: bucketTable
2019-11-14 23:00:34,277 [main] INFO  db.DBStoreBuilder (DBStoreBuilder.java:processTables(183)) - Using default column profile:DBProfile.DISK for Table:bucketTable
2019-11-14 23:00:34,277 [main] INFO  db.DBStoreBuilder (DBStoreBuilder.java:addTable(127)) - using custom profile for table: keyTable
2019-11-14 23:00:34,277 [main] INFO  db.DBStoreBuilder (DBStoreBuilder.java:processTables(183)) - Using default column profile:DBProfile.DISK for Table:keyTable
2019-11-14 23:00:34,277 [main] INFO  db.DBStoreBuilder (DBStoreBuilder.java:addTable(127)) - using custom profile for table: deletedTable
2019-11-14 23:00:34,278 [main] INFO  db.DBStoreBuilder (DBStoreBuilder.java:processTables(183)) - Using default column profile:DBProfile.DISK for Table:deletedTable
2019-11-14 23:00:34,278 [main] INFO  db.DBStoreBuilder (DBStoreBuilder.java:addTable(127)) - using custom profile for table: openKeyTable
2019-11-14 23:00:34,278 [main] INFO  db.DBStoreBuilder (DBStoreBuilder.java:processTables(183)) - Using default column profile:DBProfile.DISK for Table:openKeyTable
2019-11-14 23:00:34,278 [main] INFO  db.DBStoreBuilder (DBStoreBuilder.java:addTable(127)) - using custom profile for table: s3Table
2019-11-14 23:00:34,279 [main] INFO  db.DBStoreBuilder (DBStoreBuilder.java:processTables(183)) - Using default column profile:DBProfile.DISK for Table:s3Table
2019-11-14 23:00:34,279 [main] INFO  db.DBStoreBuilder (DBStoreBuilder.java:addTable(127)) - using custom profile for table: multipartInfoTable
2019-11-14 23:00:34,279 [main] INFO  db.DBStoreBuilder (DBStoreBuilder.java:processTables(183)) - Using default column profile:DBProfile.DISK for Table:multipartInfoTable
2019-11-14 23:00:34,279 [main] INFO  db.DBStoreBuilder (DBStoreBuilder.java:addTable(127)) - using custom profile for table: dTokenTable
2019-11-14 23:00:34,280 [main] INFO  db.DBStoreBuilder (DBStoreBuilder.java:processTables(183)) - Using default column profile:DBProfile.DISK for Table:dTokenTable
2019-11-14 23:00:34,280 [main] INFO  db.DBStoreBuilder (DBStoreBuilder.java:addTable(127)) - using custom profile for table: s3SecretTable
2019-11-14 23:00:34,280 [main] INFO  db.DBStoreBuilder (DBStoreBuilder.java:processTables(183)) - Using default column profile:DBProfile.DISK for Table:s3SecretTable
2019-11-14 23:00:34,280 [main] INFO  db.DBStoreBuilder (DBStoreBuilder.java:addTable(127)) - using custom profile for table: prefixTable
2019-11-14 23:00:34,281 [main] INFO  db.DBStoreBuilder (DBStoreBuilder.java:processTables(183)) - Using default column profile:DBProfile.DISK for Table:prefixTable
2019-11-14 23:00:34,281 [main] INFO  db.DBStoreBuilder (DBStoreBuilder.java:addTable(127)) - using custom profile for table: default
2019-11-14 23:00:34,281 [main] INFO  db.DBStoreBuilder (DBStoreBuilder.java:processTables(189)) - Using default column profile:DBProfile.DISK for Table:default
2019-11-14 23:00:34,281 [main] INFO  db.DBStoreBuilder (DBStoreBuilder.java:getDbProfile(220)) - Using default options. DBProfile.DISK
2019-11-14 23:00:34,641 [main] INFO  ipc.CallQueueManager (CallQueueManager.java:<init>(84)) - Using callQueue: class java.util.concurrent.LinkedBlockingQueue, queueCapacity: 2000, scheduler: class org.apache.hadoop.ipc.DefaultRpcScheduler, ipcBackoff: false.
2019-11-14 23:00:34,643 [Socket Reader #1 for port 44230] INFO  ipc.Server (Server.java:run(1074)) - Starting Socket Reader #1 for port 44230
2019-11-14 23:00:34,672 [main] INFO  om.OzoneManager (OzoneManager.java:start(1077)) - OzoneManager RPC server is listening at localhost/127.0.0.1:44230
2019-11-14 23:00:34,673 [main] INFO  impl.MetricsSystemImpl (MetricsSystemImpl.java:init(158)) - OzoneManager metrics system started (again)
2019-11-14 23:00:34,684 [IPC Server Responder] INFO  ipc.Server (Server.java:run(1314)) - IPC Server Responder: starting
2019-11-14 23:00:34,684 [IPC Server listener on 44230] INFO  ipc.Server (Server.java:run(1153)) - IPC Server listener on 44230: starting
2019-11-14 23:00:34,691 [main] INFO  hdfs.DFSUtil (DFSUtil.java:httpServerTemplateForNNAndJN(1641)) - Starting Web-server for ozoneManager at: http://0.0.0.0:0
2019-11-14 23:00:34,694 [main] INFO  server.AuthenticationFilter (AuthenticationFilter.java:constructSecretProvider(240)) - Unable to initialize FileSignerSecretProvider, falling back to use random secrets.
2019-11-14 23:00:34,694 [main] WARN  http.HttpRequestLog (HttpRequestLog.java:getRequestLog(97)) - Jetty request log can only be enabled using Log4j
2019-11-14 23:00:34,697 [main] INFO  http.HttpServer2 (HttpServer2.java:addGlobalFilter(975)) - Added global filter 'safety' (class=org.apache.hadoop.http.HttpServer2$QuotingInputFilter)
2019-11-14 23:00:34,698 [main] INFO  http.HttpServer2 (HttpServer2.java:addFilter(948)) - Added filter static_user_filter (class=org.apache.hadoop.http.lib.StaticUserWebFilter$StaticUserFilter) to context ozoneManager
2019-11-14 23:00:34,699 [main] INFO  http.HttpServer2 (HttpServer2.java:addFilter(958)) - Added filter static_user_filter (class=org.apache.hadoop.http.lib.StaticUserWebFilter$StaticUserFilter) to context logs
2019-11-14 23:00:34,699 [main] INFO  http.HttpServer2 (HttpServer2.java:addFilter(958)) - Added filter static_user_filter (class=org.apache.hadoop.http.lib.StaticUserWebFilter$StaticUserFilter) to context static
2019-11-14 23:00:34,702 [main] INFO  http.HttpServer2 (HttpServer2.java:bindListener(1191)) - Jetty bound to port 41802
2019-11-14 23:00:34,702 [main] INFO  server.Server (Server.java:doStart(351)) - jetty-9.3.25.v20180904, build timestamp: 2018-09-04T21:11:46Z, git hash: 3ce520221d0240229c862b122d2b06c12a625732
2019-11-14 23:00:34,705 [main] INFO  handler.ContextHandler (ContextHandler.java:doStart(781)) - Started o.e.j.s.ServletContextHandler@21719a0{/logs,file:///workdir/hadoop-ozone/integration-test/target/log,AVAILABLE}
2019-11-14 23:00:34,706 [main] INFO  handler.ContextHandler (ContextHandler.java:doStart(781)) - Started o.e.j.s.ServletContextHandler@77ee25f1{/static,file:///workdir/hadoop-ozone/integration-test/target/test-classes/webapps/static,AVAILABLE}
2019-11-14 23:00:34,713 [main] INFO  handler.ContextHandler (ContextHandler.java:doStart(781)) - Started o.e.j.w.WebAppContext@4443ef6f{/,file:///workdir/hadoop-ozone/integration-test/target/test-classes/webapps/ozoneManager/,AVAILABLE}{/ozoneManager}
2019-11-14 23:00:34,714 [main] INFO  server.AbstractConnector (AbstractConnector.java:doStart(278)) - Started ServerConnector@7e46d648{HTTP/1.1,[http/1.1]}{0.0.0.0:41802}
2019-11-14 23:00:34,714 [main] INFO  server.Server (Server.java:doStart(419)) - Started @24245ms
2019-11-14 23:00:34,714 [main] WARN  impl.MetricsSystemImpl (MetricsSystemImpl.java:register(276)) - Sink prometheus already exists!
2019-11-14 23:00:34,715 [main] INFO  server.BaseHttpServer (BaseHttpServer.java:updateConnectorAddress(215)) - HTTP server of OZONEMANAGER is listening at http://0.0.0.0:41802
2019-11-14 23:00:34,986 [main] INFO  impl.MetricsSystemImpl (MetricsSystemImpl.java:init(158)) - HddsDatanode metrics system started (again)
2019-11-14 23:00:35,034 [main] INFO  ozone.HddsDatanodeService (HddsDatanodeService.java:start(186)) - HddsDatanodeService host:pr-hdds-2448-del-container-qmj8s-3203767274 ip:192.168.164.210
2019-11-14 23:00:35,067 [main] INFO  volume.HddsVolume (HddsVolume.java:<init>(176)) - Creating Volume: /workdir/hadoop-ozone/integration-test/target/test-dir/MiniOzoneClusterImpl-d80f6904-08ae-461d-86df-e4f9bc309fd1/datanode-0/data/containers/hdds of  storage type : DISK and capacity : 1482555576320
2019-11-14 23:00:35,068 [main] INFO  volume.VolumeSet (VolumeSet.java:initializeVolumeSet(170)) - Added Volume : /workdir/hadoop-ozone/integration-test/target/test-dir/MiniOzoneClusterImpl-d80f6904-08ae-461d-86df-e4f9bc309fd1/datanode-0/data/containers/hdds to VolumeSet
2019-11-14 23:00:35,071 [main] INFO  volume.ThrottledAsyncChecker (ThrottledAsyncChecker.java:schedule(141)) - Scheduling a check for /workdir/hadoop-ozone/integration-test/target/test-dir/MiniOzoneClusterImpl-d80f6904-08ae-461d-86df-e4f9bc309fd1/datanode-0/data/containers/hdds
2019-11-14 23:00:35,086 [main] INFO  volume.HddsVolumeChecker (HddsVolumeChecker.java:checkAllVolumes(204)) - Scheduled health check for volume /workdir/hadoop-ozone/integration-test/target/test-dir/MiniOzoneClusterImpl-d80f6904-08ae-461d-86df-e4f9bc309fd1/datanode-0/data/containers/hdds
2019-11-14 23:00:35,199 [main] INFO  impl.RaftServerProxy (ConfUtils.java:logGet(43)) - raft.rpc.type = GRPC (default)
2019-11-14 23:00:35,263 [main] INFO  grpc.GrpcFactory (GrpcFactory.java:checkPooledByteBufAllocatorUseCacheForAllThreads(45)) - PERFORMANCE WARNING: useCacheForAllThreads is true that may cause Netty to create a lot garbage objects and, as a result, trigger GC.
	It is recommended to disable useCacheForAllThreads by setting -Dorg.apache.ratis.thirdparty.io.netty.allocator.useCacheForAllThreads=false in command line.
2019-11-14 23:00:35,268 [main] INFO  grpc.GrpcConfigKeys$Server (ConfUtils.java:logGet(43)) - raft.grpc.server.port = 0 (default)
2019-11-14 23:00:35,269 [main] INFO  server.GrpcService (ConfUtils.java:logGet(43)) - raft.grpc.message.size.max = 33570816 (custom)
2019-11-14 23:00:35,270 [main] INFO  server.RaftServerConfigKeys (ConfUtils.java:logGet(43)) - raft.server.log.appender.buffer.byte-limit = 33554432 (custom)
2019-11-14 23:00:35,271 [main] INFO  server.GrpcService (ConfUtils.java:logGet(43)) - raft.grpc.flow.control.window = 1MB (=1048576) (default)
2019-11-14 23:00:35,272 [main] INFO  server.RaftServerConfigKeys (ConfUtils.java:logGet(43)) - raft.server.rpc.request.timeout = 3000ms (default)
2019-11-14 23:00:35,430 [main] INFO  server.RaftServerConfigKeys (ConfUtils.java:logGet(43)) - raft.server.storage.dir = [/workdir/hadoop-ozone/integration-test/target/test-dir/MiniOzoneClusterImpl-d80f6904-08ae-461d-86df-e4f9bc309fd1/datanode-0/data/ratis] (custom)
2019-11-14 23:00:35,479 [main] INFO  hdfs.DFSUtil (DFSUtil.java:httpServerTemplateForNNAndJN(1641)) - Starting Web-server for hddsDatanode at: http://0.0.0.0:0
2019-11-14 23:00:35,481 [main] INFO  server.AuthenticationFilter (AuthenticationFilter.java:constructSecretProvider(240)) - Unable to initialize FileSignerSecretProvider, falling back to use random secrets.
2019-11-14 23:00:35,482 [main] WARN  http.HttpRequestLog (HttpRequestLog.java:getRequestLog(97)) - Jetty request log can only be enabled using Log4j
2019-11-14 23:00:35,484 [main] INFO  http.HttpServer2 (HttpServer2.java:addGlobalFilter(975)) - Added global filter 'safety' (class=org.apache.hadoop.http.HttpServer2$QuotingInputFilter)
2019-11-14 23:00:35,486 [main] INFO  http.HttpServer2 (HttpServer2.java:addFilter(948)) - Added filter static_user_filter (class=org.apache.hadoop.http.lib.StaticUserWebFilter$StaticUserFilter) to context hddsDatanode
2019-11-14 23:00:35,486 [main] INFO  http.HttpServer2 (HttpServer2.java:addFilter(958)) - Added filter static_user_filter (class=org.apache.hadoop.http.lib.StaticUserWebFilter$StaticUserFilter) to context static
2019-11-14 23:00:35,486 [main] INFO  http.HttpServer2 (HttpServer2.java:addFilter(958)) - Added filter static_user_filter (class=org.apache.hadoop.http.lib.StaticUserWebFilter$StaticUserFilter) to context logs
2019-11-14 23:00:35,487 [main] INFO  http.HttpServer2 (HttpServer2.java:bindListener(1191)) - Jetty bound to port 40111
2019-11-14 23:00:35,488 [main] INFO  server.Server (Server.java:doStart(351)) - jetty-9.3.25.v20180904, build timestamp: 2018-09-04T21:11:46Z, git hash: 3ce520221d0240229c862b122d2b06c12a625732
2019-11-14 23:00:35,493 [main] INFO  handler.ContextHandler (ContextHandler.java:doStart(781)) - Started o.e.j.s.ServletContextHandler@46185a1b{/logs,file:///workdir/hadoop-ozone/integration-test/target/log,AVAILABLE}
2019-11-14 23:00:35,493 [main] INFO  handler.ContextHandler (ContextHandler.java:doStart(781)) - Started o.e.j.s.ServletContextHandler@60cf62ad{/static,jar:file:/home/user/.m2/repository/org/apache/hadoop/hadoop-hdds-container-service/0.5.0-SNAPSHOT/hadoop-hdds-container-service-0.5.0-SNAPSHOT.jar!/webapps/static,AVAILABLE}
2019-11-14 23:00:35,546 [main] INFO  handler.ContextHandler (ContextHandler.java:doStart(781)) - Started o.e.j.w.WebAppContext@1aabf50d{/,file:///tmp/jetty-0.0.0.0-40111-hddsDatanode-_-any-6009671808675563819.dir/webapp/,AVAILABLE}{/hddsDatanode}
2019-11-14 23:00:35,547 [main] INFO  server.AbstractConnector (AbstractConnector.java:doStart(278)) - Started ServerConnector@73c9e8e8{HTTP/1.1,[http/1.1]}{0.0.0.0:40111}
2019-11-14 23:00:35,548 [main] INFO  server.Server (Server.java:doStart(419)) - Started @25079ms
2019-11-14 23:00:35,548 [main] WARN  impl.MetricsSystemImpl (MetricsSystemImpl.java:register(276)) - Sink prometheus already exists!
2019-11-14 23:00:35,550 [main] INFO  server.BaseHttpServer (BaseHttpServer.java:updateConnectorAddress(215)) - HTTP server of HDDSDATANODE is listening at http://0.0.0.0:40111
2019-11-14 23:00:35,551 [main] INFO  impl.MetricsSystemImpl (MetricsSystemImpl.java:init(158)) - HddsDatanode metrics system started (again)
2019-11-14 23:00:35,554 [main] INFO  ozone.HddsDatanodeService (HddsDatanodeService.java:start(186)) - HddsDatanodeService host:pr-hdds-2448-del-container-qmj8s-3203767274 ip:192.168.164.210
2019-11-14 23:00:35,558 [org.apache.hadoop.util.JvmPauseMonitor$Monitor@273fb915] INFO  util.JvmPauseMonitor (JvmPauseMonitor.java:run(188)) - Starting JVM pause monitor
2019-11-14 23:00:35,563 [main] INFO  volume.HddsVolume (HddsVolume.java:<init>(176)) - Creating Volume: /workdir/hadoop-ozone/integration-test/target/test-dir/MiniOzoneClusterImpl-d80f6904-08ae-461d-86df-e4f9bc309fd1/datanode-1/data/containers/hdds of  storage type : DISK and capacity : 1482555576320
2019-11-14 23:00:35,564 [main] INFO  volume.VolumeSet (VolumeSet.java:initializeVolumeSet(170)) - Added Volume : /workdir/hadoop-ozone/integration-test/target/test-dir/MiniOzoneClusterImpl-d80f6904-08ae-461d-86df-e4f9bc309fd1/datanode-1/data/containers/hdds to VolumeSet
2019-11-14 23:00:35,566 [main] INFO  volume.ThrottledAsyncChecker (ThrottledAsyncChecker.java:schedule(141)) - Scheduling a check for /workdir/hadoop-ozone/integration-test/target/test-dir/MiniOzoneClusterImpl-d80f6904-08ae-461d-86df-e4f9bc309fd1/datanode-1/data/containers/hdds
2019-11-14 23:00:35,566 [main] INFO  volume.HddsVolumeChecker (HddsVolumeChecker.java:checkAllVolumes(204)) - Scheduled health check for volume /workdir/hadoop-ozone/integration-test/target/test-dir/MiniOzoneClusterImpl-d80f6904-08ae-461d-86df-e4f9bc309fd1/datanode-1/data/containers/hdds
2019-11-14 23:00:35,580 [main] INFO  impl.RaftServerProxy (ConfUtils.java:logGet(43)) - raft.rpc.type = GRPC (default)
2019-11-14 23:00:35,581 [main] INFO  grpc.GrpcFactory (GrpcFactory.java:checkPooledByteBufAllocatorUseCacheForAllThreads(45)) - PERFORMANCE WARNING: useCacheForAllThreads is true that may cause Netty to create a lot garbage objects and, as a result, trigger GC.
	It is recommended to disable useCacheForAllThreads by setting -Dorg.apache.ratis.thirdparty.io.netty.allocator.useCacheForAllThreads=false in command line.
2019-11-14 23:00:35,581 [main] INFO  grpc.GrpcConfigKeys$Server (ConfUtils.java:logGet(43)) - raft.grpc.server.port = 0 (default)
2019-11-14 23:00:35,581 [main] INFO  server.GrpcService (ConfUtils.java:logGet(43)) - raft.grpc.message.size.max = 33570816 (custom)
2019-11-14 23:00:35,582 [main] INFO  server.RaftServerConfigKeys (ConfUtils.java:logGet(43)) - raft.server.log.appender.buffer.byte-limit = 33554432 (custom)
2019-11-14 23:00:35,582 [main] INFO  server.GrpcService (ConfUtils.java:logGet(43)) - raft.grpc.flow.control.window = 1MB (=1048576) (default)
2019-11-14 23:00:35,582 [main] INFO  server.RaftServerConfigKeys (ConfUtils.java:logGet(43)) - raft.server.rpc.request.timeout = 3000ms (default)
2019-11-14 23:00:35,583 [main] INFO  server.RaftServerConfigKeys (ConfUtils.java:logGet(43)) - raft.server.storage.dir = [/workdir/hadoop-ozone/integration-test/target/test-dir/MiniOzoneClusterImpl-d80f6904-08ae-461d-86df-e4f9bc309fd1/datanode-1/data/ratis] (custom)
2019-11-14 23:00:35,585 [main] INFO  hdfs.DFSUtil (DFSUtil.java:httpServerTemplateForNNAndJN(1641)) - Starting Web-server for hddsDatanode at: http://0.0.0.0:0
2019-11-14 23:00:35,586 [main] INFO  server.AuthenticationFilter (AuthenticationFilter.java:constructSecretProvider(240)) - Unable to initialize FileSignerSecretProvider, falling back to use random secrets.
2019-11-14 23:00:35,587 [main] WARN  http.HttpRequestLog (HttpRequestLog.java:getRequestLog(97)) - Jetty request log can only be enabled using Log4j
2019-11-14 23:00:35,589 [main] INFO  http.HttpServer2 (HttpServer2.java:addGlobalFilter(975)) - Added global filter 'safety' (class=org.apache.hadoop.http.HttpServer2$QuotingInputFilter)
2019-11-14 23:00:35,589 [main] INFO  http.HttpServer2 (HttpServer2.java:addFilter(948)) - Added filter static_user_filter (class=org.apache.hadoop.http.lib.StaticUserWebFilter$StaticUserFilter) to context hddsDatanode
2019-11-14 23:00:35,590 [main] INFO  http.HttpServer2 (HttpServer2.java:addFilter(958)) - Added filter static_user_filter (class=org.apache.hadoop.http.lib.StaticUserWebFilter$StaticUserFilter) to context logs
2019-11-14 23:00:35,590 [main] INFO  http.HttpServer2 (HttpServer2.java:addFilter(958)) - Added filter static_user_filter (class=org.apache.hadoop.http.lib.StaticUserWebFilter$StaticUserFilter) to context static
2019-11-14 23:00:35,591 [main] INFO  http.HttpServer2 (HttpServer2.java:bindListener(1191)) - Jetty bound to port 37379
2019-11-14 23:00:35,591 [main] INFO  server.Server (Server.java:doStart(351)) - jetty-9.3.25.v20180904, build timestamp: 2018-09-04T21:11:46Z, git hash: 3ce520221d0240229c862b122d2b06c12a625732
2019-11-14 23:00:35,594 [main] INFO  handler.ContextHandler (ContextHandler.java:doStart(781)) - Started o.e.j.s.ServletContextHandler@761e788f{/logs,file:///workdir/hadoop-ozone/integration-test/target/log,AVAILABLE}
2019-11-14 23:00:35,594 [main] INFO  handler.ContextHandler (ContextHandler.java:doStart(781)) - Started o.e.j.s.ServletContextHandler@1907874b{/static,jar:file:/home/user/.m2/repository/org/apache/hadoop/hadoop-hdds-container-service/0.5.0-SNAPSHOT/hadoop-hdds-container-service-0.5.0-SNAPSHOT.jar!/webapps/static,AVAILABLE}
2019-11-14 23:00:35,626 [main] INFO  handler.ContextHandler (ContextHandler.java:doStart(781)) - Started o.e.j.w.WebAppContext@22587507{/,file:///tmp/jetty-0.0.0.0-37379-hddsDatanode-_-any-2244488723539440020.dir/webapp/,AVAILABLE}{/hddsDatanode}
2019-11-14 23:00:35,626 [main] INFO  server.AbstractConnector (AbstractConnector.java:doStart(278)) - Started ServerConnector@5c77ba8f{HTTP/1.1,[http/1.1]}{0.0.0.0:37379}
2019-11-14 23:00:35,627 [main] INFO  server.Server (Server.java:doStart(419)) - Started @25158ms
2019-11-14 23:00:35,627 [main] WARN  impl.MetricsSystemImpl (MetricsSystemImpl.java:register(276)) - Sink prometheus already exists!
2019-11-14 23:00:35,628 [main] INFO  server.BaseHttpServer (BaseHttpServer.java:updateConnectorAddress(215)) - HTTP server of HDDSDATANODE is listening at http://0.0.0.0:37379
2019-11-14 23:00:35,628 [main] INFO  impl.MetricsSystemImpl (MetricsSystemImpl.java:init(158)) - HddsDatanode metrics system started (again)
2019-11-14 23:00:35,631 [main] INFO  ozone.HddsDatanodeService (HddsDatanodeService.java:start(186)) - HddsDatanodeService host:pr-hdds-2448-del-container-qmj8s-3203767274 ip:192.168.164.210
2019-11-14 23:00:35,632 [org.apache.hadoop.util.JvmPauseMonitor$Monitor@6bb88ef5] INFO  util.JvmPauseMonitor (JvmPauseMonitor.java:run(188)) - Starting JVM pause monitor
2019-11-14 23:00:35,644 [main] INFO  volume.HddsVolume (HddsVolume.java:<init>(176)) - Creating Volume: /workdir/hadoop-ozone/integration-test/target/test-dir/MiniOzoneClusterImpl-d80f6904-08ae-461d-86df-e4f9bc309fd1/datanode-2/data/containers/hdds of  storage type : DISK and capacity : 1482555576320
2019-11-14 23:00:35,644 [main] INFO  volume.VolumeSet (VolumeSet.java:initializeVolumeSet(170)) - Added Volume : /workdir/hadoop-ozone/integration-test/target/test-dir/MiniOzoneClusterImpl-d80f6904-08ae-461d-86df-e4f9bc309fd1/datanode-2/data/containers/hdds to VolumeSet
2019-11-14 23:00:35,644 [main] INFO  volume.ThrottledAsyncChecker (ThrottledAsyncChecker.java:schedule(141)) - Scheduling a check for /workdir/hadoop-ozone/integration-test/target/test-dir/MiniOzoneClusterImpl-d80f6904-08ae-461d-86df-e4f9bc309fd1/datanode-2/data/containers/hdds
2019-11-14 23:00:35,645 [main] INFO  volume.HddsVolumeChecker (HddsVolumeChecker.java:checkAllVolumes(204)) - Scheduled health check for volume /workdir/hadoop-ozone/integration-test/target/test-dir/MiniOzoneClusterImpl-d80f6904-08ae-461d-86df-e4f9bc309fd1/datanode-2/data/containers/hdds
2019-11-14 23:00:35,666 [main] INFO  impl.RaftServerProxy (ConfUtils.java:logGet(43)) - raft.rpc.type = GRPC (default)
2019-11-14 23:00:35,666 [main] INFO  grpc.GrpcFactory (GrpcFactory.java:checkPooledByteBufAllocatorUseCacheForAllThreads(45)) - PERFORMANCE WARNING: useCacheForAllThreads is true that may cause Netty to create a lot garbage objects and, as a result, trigger GC.
	It is recommended to disable useCacheForAllThreads by setting -Dorg.apache.ratis.thirdparty.io.netty.allocator.useCacheForAllThreads=false in command line.
2019-11-14 23:00:35,666 [main] INFO  grpc.GrpcConfigKeys$Server (ConfUtils.java:logGet(43)) - raft.grpc.server.port = 0 (default)
2019-11-14 23:00:35,667 [main] INFO  server.GrpcService (ConfUtils.java:logGet(43)) - raft.grpc.message.size.max = 33570816 (custom)
2019-11-14 23:00:35,667 [main] INFO  server.RaftServerConfigKeys (ConfUtils.java:logGet(43)) - raft.server.log.appender.buffer.byte-limit = 33554432 (custom)
2019-11-14 23:00:35,667 [main] INFO  server.GrpcService (ConfUtils.java:logGet(43)) - raft.grpc.flow.control.window = 1MB (=1048576) (default)
2019-11-14 23:00:35,668 [main] INFO  server.RaftServerConfigKeys (ConfUtils.java:logGet(43)) - raft.server.rpc.request.timeout = 3000ms (default)
2019-11-14 23:00:35,669 [main] INFO  server.RaftServerConfigKeys (ConfUtils.java:logGet(43)) - raft.server.storage.dir = [/workdir/hadoop-ozone/integration-test/target/test-dir/MiniOzoneClusterImpl-d80f6904-08ae-461d-86df-e4f9bc309fd1/datanode-2/data/ratis] (custom)
2019-11-14 23:00:35,672 [main] INFO  hdfs.DFSUtil (DFSUtil.java:httpServerTemplateForNNAndJN(1641)) - Starting Web-server for hddsDatanode at: http://0.0.0.0:0
2019-11-14 23:00:35,674 [main] INFO  server.AuthenticationFilter (AuthenticationFilter.java:constructSecretProvider(240)) - Unable to initialize FileSignerSecretProvider, falling back to use random secrets.
2019-11-14 23:00:35,674 [Datanode State Machine Thread - 0] INFO  datanode.InitDatanodeState (InitDatanodeState.java:persistContainerDatanodeDetails(140)) - DatanodeDetails is persisted to /workdir/hadoop-ozone/integration-test/target/test-dir/MiniOzoneClusterImpl-d80f6904-08ae-461d-86df-e4f9bc309fd1/datanode-0/meta/datanode.id
2019-11-14 23:00:35,674 [main] WARN  http.HttpRequestLog (HttpRequestLog.java:getRequestLog(97)) - Jetty request log can only be enabled using Log4j
2019-11-14 23:00:35,678 [main] INFO  http.HttpServer2 (HttpServer2.java:addGlobalFilter(975)) - Added global filter 'safety' (class=org.apache.hadoop.http.HttpServer2$QuotingInputFilter)
2019-11-14 23:00:35,679 [Datanode State Machine Thread - 0] INFO  datanode.InitDatanodeState (InitDatanodeState.java:persistContainerDatanodeDetails(140)) - DatanodeDetails is persisted to /workdir/hadoop-ozone/integration-test/target/test-dir/MiniOzoneClusterImpl-d80f6904-08ae-461d-86df-e4f9bc309fd1/datanode-1/meta/datanode.id
2019-11-14 23:00:35,679 [main] INFO  http.HttpServer2 (HttpServer2.java:addFilter(948)) - Added filter static_user_filter (class=org.apache.hadoop.http.lib.StaticUserWebFilter$StaticUserFilter) to context hddsDatanode
2019-11-14 23:00:35,679 [main] INFO  http.HttpServer2 (HttpServer2.java:addFilter(958)) - Added filter static_user_filter (class=org.apache.hadoop.http.lib.StaticUserWebFilter$StaticUserFilter) to context static
2019-11-14 23:00:35,679 [main] INFO  http.HttpServer2 (HttpServer2.java:addFilter(958)) - Added filter static_user_filter (class=org.apache.hadoop.http.lib.StaticUserWebFilter$StaticUserFilter) to context logs
2019-11-14 23:00:35,680 [main] INFO  http.HttpServer2 (HttpServer2.java:bindListener(1191)) - Jetty bound to port 39829
2019-11-14 23:00:35,680 [main] INFO  server.Server (Server.java:doStart(351)) - jetty-9.3.25.v20180904, build timestamp: 2018-09-04T21:11:46Z, git hash: 3ce520221d0240229c862b122d2b06c12a625732
2019-11-14 23:00:35,684 [main] INFO  handler.ContextHandler (ContextHandler.java:doStart(781)) - Started o.e.j.s.ServletContextHandler@46c269e0{/logs,file:///workdir/hadoop-ozone/integration-test/target/log,AVAILABLE}
2019-11-14 23:00:35,685 [main] INFO  handler.ContextHandler (ContextHandler.java:doStart(781)) - Started o.e.j.s.ServletContextHandler@6069dd38{/static,jar:file:/home/user/.m2/repository/org/apache/hadoop/hadoop-hdds-container-service/0.5.0-SNAPSHOT/hadoop-hdds-container-service-0.5.0-SNAPSHOT.jar!/webapps/static,AVAILABLE}
2019-11-14 23:00:35,716 [main] INFO  handler.ContextHandler (ContextHandler.java:doStart(781)) - Started o.e.j.w.WebAppContext@476fe690{/,file:///tmp/jetty-0.0.0.0-39829-hddsDatanode-_-any-923262226192292423.dir/webapp/,AVAILABLE}{/hddsDatanode}
2019-11-14 23:00:35,717 [main] INFO  server.AbstractConnector (AbstractConnector.java:doStart(278)) - Started ServerConnector@7a0e7ecd{HTTP/1.1,[http/1.1]}{0.0.0.0:39829}
2019-11-14 23:00:35,717 [main] INFO  server.Server (Server.java:doStart(419)) - Started @25248ms
2019-11-14 23:00:35,717 [main] WARN  impl.MetricsSystemImpl (MetricsSystemImpl.java:register(276)) - Sink prometheus already exists!
2019-11-14 23:00:35,719 [main] INFO  server.BaseHttpServer (BaseHttpServer.java:updateConnectorAddress(215)) - HTTP server of HDDSDATANODE is listening at http://0.0.0.0:39829
2019-11-14 23:00:35,722 [main] INFO  ozone.MiniOzoneClusterImpl (MiniOzoneClusterImpl.java:lambda$waitForClusterToBeReady$2(171)) - Waiting for cluster to be ready. Got 0 of 3 DN Heartbeats.
2019-11-14 23:00:35,723 [org.apache.hadoop.util.JvmPauseMonitor$Monitor@1b5f09a] INFO  util.JvmPauseMonitor (JvmPauseMonitor.java:run(188)) - Starting JVM pause monitor
2019-11-14 23:00:35,726 [Datanode State Machine Thread - 0] INFO  datanode.InitDatanodeState (InitDatanodeState.java:persistContainerDatanodeDetails(140)) - DatanodeDetails is persisted to /workdir/hadoop-ozone/integration-test/target/test-dir/MiniOzoneClusterImpl-d80f6904-08ae-461d-86df-e4f9bc309fd1/datanode-2/meta/datanode.id
2019-11-14 23:00:36,723 [main] INFO  ozone.MiniOzoneClusterImpl (MiniOzoneClusterImpl.java:lambda$waitForClusterToBeReady$2(171)) - Waiting for cluster to be ready. Got 0 of 3 DN Heartbeats.
2019-11-14 23:00:37,724 [main] INFO  ozone.MiniOzoneClusterImpl (MiniOzoneClusterImpl.java:lambda$waitForClusterToBeReady$2(171)) - Waiting for cluster to be ready. Got 0 of 3 DN Heartbeats.
2019-11-14 23:00:38,725 [main] INFO  ozone.MiniOzoneClusterImpl (MiniOzoneClusterImpl.java:lambda$waitForClusterToBeReady$2(171)) - Waiting for cluster to be ready. Got 0 of 3 DN Heartbeats.
2019-11-14 23:00:39,558 [Datanode State Machine Thread - 0] INFO  ozoneimpl.OzoneContainer (OzoneContainer.java:start(230)) - Attempting to start container services.
2019-11-14 23:00:39,558 [Datanode State Machine Thread - 0] INFO  ozoneimpl.OzoneContainer (OzoneContainer.java:start(230)) - Attempting to start container services.
2019-11-14 23:00:39,558 [Datanode State Machine Thread - 0] INFO  ozoneimpl.OzoneContainer (OzoneContainer.java:start(230)) - Attempting to start container services.
2019-11-14 23:00:39,566 [Datanode State Machine Thread - 0] INFO  ozoneimpl.OzoneContainer (OzoneContainer.java:startContainerScrub(194)) - Background container scanner has been disabled.
2019-11-14 23:00:39,566 [Datanode State Machine Thread - 0] INFO  ozoneimpl.OzoneContainer (OzoneContainer.java:startContainerScrub(194)) - Background container scanner has been disabled.
2019-11-14 23:00:39,566 [Datanode State Machine Thread - 0] INFO  ratis.XceiverServerRatis (XceiverServerRatis.java:start(421)) - Starting XceiverServerRatis 23435c0e-9f08-4b3a-93a8-ff7754a9abdc at port 0
2019-11-14 23:00:39,566 [Datanode State Machine Thread - 0] INFO  ozoneimpl.OzoneContainer (OzoneContainer.java:startContainerScrub(194)) - Background container scanner has been disabled.
2019-11-14 23:00:39,566 [Datanode State Machine Thread - 0] INFO  ratis.XceiverServerRatis (XceiverServerRatis.java:start(421)) - Starting XceiverServerRatis 795ccad7-a5f7-4de1-b4ec-0bba8df07f61 at port 0
2019-11-14 23:00:39,567 [Datanode State Machine Thread - 0] INFO  ratis.XceiverServerRatis (XceiverServerRatis.java:start(421)) - Starting XceiverServerRatis 34d030e9-4022-4c73-acc2-92de1e8de82f at port 0
2019-11-14 23:00:39,607 [Datanode State Machine Thread - 0] INFO  impl.RaftServerProxy (RaftServerProxy.java:lambda$start$3(299)) - 34d030e9-4022-4c73-acc2-92de1e8de82f: start RPC server
2019-11-14 23:00:39,607 [Datanode State Machine Thread - 0] INFO  impl.RaftServerProxy (RaftServerProxy.java:lambda$start$3(299)) - 23435c0e-9f08-4b3a-93a8-ff7754a9abdc: start RPC server
2019-11-14 23:00:39,607 [Datanode State Machine Thread - 0] INFO  impl.RaftServerProxy (RaftServerProxy.java:lambda$start$3(299)) - 795ccad7-a5f7-4de1-b4ec-0bba8df07f61: start RPC server
2019-11-14 23:00:39,725 [main] INFO  ozone.MiniOzoneClusterImpl (MiniOzoneClusterImpl.java:lambda$waitForClusterToBeReady$2(171)) - Waiting for cluster to be ready. Got 0 of 3 DN Heartbeats.
2019-11-14 23:00:39,749 [Datanode State Machine Thread - 0] INFO  server.GrpcService (GrpcService.java:startImpl(158)) - 34d030e9-4022-4c73-acc2-92de1e8de82f: GrpcService started, listening on 0.0.0.0/0.0.0.0:40872
2019-11-14 23:00:39,749 [Datanode State Machine Thread - 0] INFO  server.GrpcService (GrpcService.java:startImpl(158)) - 795ccad7-a5f7-4de1-b4ec-0bba8df07f61: GrpcService started, listening on 0.0.0.0/0.0.0.0:45282
2019-11-14 23:00:39,749 [Datanode State Machine Thread - 0] INFO  server.GrpcService (GrpcService.java:startImpl(158)) - 23435c0e-9f08-4b3a-93a8-ff7754a9abdc: GrpcService started, listening on 0.0.0.0/0.0.0.0:37516
2019-11-14 23:00:39,751 [Datanode State Machine Thread - 0] INFO  ratis.XceiverServerRatis (XceiverServerRatis.java:start(431)) - XceiverServerRatis 795ccad7-a5f7-4de1-b4ec-0bba8df07f61 is started using port 45282
2019-11-14 23:00:39,750 [Datanode State Machine Thread - 0] INFO  ratis.XceiverServerRatis (XceiverServerRatis.java:start(431)) - XceiverServerRatis 34d030e9-4022-4c73-acc2-92de1e8de82f is started using port 40872
2019-11-14 23:00:39,751 [Datanode State Machine Thread - 0] INFO  ratis.XceiverServerRatis (XceiverServerRatis.java:start(431)) - XceiverServerRatis 23435c0e-9f08-4b3a-93a8-ff7754a9abdc is started using port 37516
2019-11-14 23:00:39,757 [Datanode State Machine Thread - 0] INFO  server.XceiverServerGrpc (XceiverServerGrpc.java:start(145)) - XceiverServerGrpc 34d030e9-4022-4c73-acc2-92de1e8de82f is started using port 39445
2019-11-14 23:00:39,757 [Datanode State Machine Thread - 0] INFO  server.XceiverServerGrpc (XceiverServerGrpc.java:start(145)) - XceiverServerGrpc 23435c0e-9f08-4b3a-93a8-ff7754a9abdc is started using port 35238
2019-11-14 23:00:39,757 [Datanode State Machine Thread - 0] INFO  server.XceiverServerGrpc (XceiverServerGrpc.java:start(145)) - XceiverServerGrpc 795ccad7-a5f7-4de1-b4ec-0bba8df07f61 is started using port 34221
2019-11-14 23:00:40,726 [main] INFO  ozone.MiniOzoneClusterImpl (MiniOzoneClusterImpl.java:lambda$waitForClusterToBeReady$2(171)) - Waiting for cluster to be ready. Got 0 of 3 DN Heartbeats.
2019-11-14 23:00:41,609 [IPC Server handler 0 on 39032] INFO  net.NetworkTopology (NetworkTopologyImpl.java:add(111)) - Added a new node: /default-rack/34d030e9-4022-4c73-acc2-92de1e8de82f
2019-11-14 23:00:41,610 [IPC Server handler 0 on 39032] INFO  node.SCMNodeManager (SCMNodeManager.java:register(267)) - Registered Data node : 34d030e9-4022-4c73-acc2-92de1e8de82f{ip: 192.168.164.210, host: pr-hdds-2448-del-container-qmj8s-3203767274, networkLocation: /default-rack, certSerialId: null}
2019-11-14 23:00:41,614 [EventQueue-NodeRegistrationContainerReportForDataNodeSafeModeRule] INFO  safemode.SCMSafeModeManager (DataNodeSafeModeRule.java:process(71)) - SCM in safe mode. 1 DataNodes registered, 1 required.
2019-11-14 23:00:41,617 [EventQueue-ProcessedPipelineReportForHealthyPipelineSafeModeRule] INFO  safemode.SCMSafeModeManager (HealthyPipelineSafeModeRule.java:process(148)) - SCM in safe mode. Healthy pipelines reported count is 0, required healthy pipeline reported count is 1
2019-11-14 23:00:41,636 [IPC Server handler 1 on 39032] INFO  net.NetworkTopology (NetworkTopologyImpl.java:add(111)) - Added a new node: /default-rack/795ccad7-a5f7-4de1-b4ec-0bba8df07f61
2019-11-14 23:00:41,637 [IPC Server handler 1 on 39032] INFO  node.SCMNodeManager (SCMNodeManager.java:register(267)) - Registered Data node : 795ccad7-a5f7-4de1-b4ec-0bba8df07f61{ip: 192.168.164.210, host: pr-hdds-2448-del-container-qmj8s-3203767274, networkLocation: /default-rack, certSerialId: null}
2019-11-14 23:00:41,637 [EventQueue-ProcessedPipelineReportForHealthyPipelineSafeModeRule] INFO  safemode.SCMSafeModeManager (HealthyPipelineSafeModeRule.java:process(148)) - SCM in safe mode. Healthy pipelines reported count is 0, required healthy pipeline reported count is 1
2019-11-14 23:00:41,727 [IPC Server handler 4 on 39032] INFO  net.NetworkTopology (NetworkTopologyImpl.java:add(111)) - Added a new node: /default-rack/23435c0e-9f08-4b3a-93a8-ff7754a9abdc
2019-11-14 23:00:41,728 [IPC Server handler 4 on 39032] INFO  node.SCMNodeManager (SCMNodeManager.java:register(267)) - Registered Data node : 23435c0e-9f08-4b3a-93a8-ff7754a9abdc{ip: 192.168.164.210, host: pr-hdds-2448-del-container-qmj8s-3203767274, networkLocation: /default-rack, certSerialId: null}
2019-11-14 23:00:41,728 [EventQueue-ProcessedPipelineReportForHealthyPipelineSafeModeRule] INFO  safemode.SCMSafeModeManager (HealthyPipelineSafeModeRule.java:process(148)) - SCM in safe mode. Healthy pipelines reported count is 0, required healthy pipeline reported count is 1
2019-11-14 23:00:42,082 [grpc-default-executor-0] INFO  impl.RaftServerProxy (RaftServerProxy.java:addNew(89)) - 34d030e9-4022-4c73-acc2-92de1e8de82f: addNew group-D8A80E9E6421:[34d030e9-4022-4c73-acc2-92de1e8de82f:192.168.164.210:40872] returns group-D8A80E9E6421:java.util.concurrent.CompletableFuture@674e1090[Not completed]
2019-11-14 23:00:42,092 [pool-27-thread-1] INFO  impl.RaftServerImpl (RaftServerImpl.java:<init>(98)) - 34d030e9-4022-4c73-acc2-92de1e8de82f: new RaftServerImpl for group-D8A80E9E6421:[34d030e9-4022-4c73-acc2-92de1e8de82f:192.168.164.210:40872] with ContainerStateMachine:uninitialized
2019-11-14 23:00:42,094 [pool-27-thread-1] INFO  server.RaftServerConfigKeys (ConfUtils.java:logGet(43)) - raft.server.rpc.timeout.min = 5s (custom)
2019-11-14 23:00:42,095 [pool-27-thread-1] INFO  server.RaftServerConfigKeys (ConfUtils.java:logGet(43)) - raft.server.rpc.timeout.max = 5200ms (custom)
2019-11-14 23:00:42,095 [pool-27-thread-1] INFO  server.RaftServerConfigKeys (ConfUtils.java:logGet(43)) - raft.server.rpcslowness.timeout = 120s (custom)
2019-11-14 23:00:42,096 [pool-27-thread-1] INFO  server.RaftServerConfigKeys (ConfUtils.java:logGet(43)) - raft.server.sleep.deviation.threshold = 300 (default)
2019-11-14 23:00:42,096 [pool-27-thread-1] INFO  server.RaftServerConfigKeys (ConfUtils.java:logGet(43)) - raft.server.log.appender.install.snapshot.enabled = false (custom)
2019-11-14 23:00:42,103 [pool-27-thread-1] INFO  impl.RaftServerImpl (ServerState.java:<init>(103)) - 34d030e9-4022-4c73-acc2-92de1e8de82f@group-D8A80E9E6421: ConfigurationManager, init=-1: [34d030e9-4022-4c73-acc2-92de1e8de82f:192.168.164.210:40872], old=null, confs=<EMPTY_MAP>
2019-11-14 23:00:42,103 [pool-27-thread-1] INFO  server.RaftServerConfigKeys (ConfUtils.java:logGet(43)) - raft.server.storage.dir = [/workdir/hadoop-ozone/integration-test/target/test-dir/MiniOzoneClusterImpl-d80f6904-08ae-461d-86df-e4f9bc309fd1/datanode-0/data/ratis] (custom)
2019-11-14 23:00:42,109 [pool-27-thread-1] INFO  server.RaftServerConfigKeys (ConfUtils.java:logGet(43)) - raft.server.log.corruption.policy = EXCEPTION (default)
2019-11-14 23:00:42,111 [pool-27-thread-1] INFO  storage.RaftStorageDirectory (RaftStorageDirectory.java:analyzeStorage(246)) - The storage directory /workdir/hadoop-ozone/integration-test/target/test-dir/MiniOzoneClusterImpl-d80f6904-08ae-461d-86df-e4f9bc309fd1/datanode-0/data/ratis/688c4a14-c33e-4e81-8d4e-d8a80e9e6421 does not exist. Creating ...
2019-11-14 23:00:44,813 [RATISCREATEPIPELINE1] ERROR pipeline.RatisPipelineProvider (RatisPipelineProvider.java:lambda$null$5(230)) - Failed invoke Ratis rpc org.apache.hadoop.hdds.scm.pipeline.RatisPipelineProvider$$Lambda$200/214110829@6332de32 for 34d030e9-4022-4c73-acc2-92de1e8de82f
org.apache.ratis.protocol.TimeoutIOException: deadline exceeded after 2947821644ns
	at org.apache.ratis.grpc.GrpcUtil.tryUnwrapException(GrpcUtil.java:82)
	at org.apache.ratis.grpc.GrpcUtil.unwrapException(GrpcUtil.java:75)
	at org.apache.ratis.grpc.client.GrpcClientProtocolClient.blockingCall(GrpcClientProtocolClient.java:184)
	at org.apache.ratis.grpc.client.GrpcClientProtocolClient.groupAdd(GrpcClientProtocolClient.java:153)
	at org.apache.ratis.grpc.client.GrpcClientRpc.sendRequest(GrpcClientRpc.java:94)
	at org.apache.ratis.client.impl.RaftClientImpl.sendRequest(RaftClientImpl.java:278)
	at org.apache.ratis.client.impl.RaftClientImpl.groupAdd(RaftClientImpl.java:205)
	at org.apache.hadoop.hdds.scm.pipeline.RatisPipelineProvider.lambda$initializePipeline$4(RatisPipelineProvider.java:191)
	at org.apache.hadoop.hdds.scm.pipeline.RatisPipelineProvider.lambda$null$5(RatisPipelineProvider.java:226)
	at java.util.stream.ForEachOps$ForEachOp$OfRef.accept(ForEachOps.java:183)
	at java.util.ArrayList$ArrayListSpliterator.forEachRemaining(ArrayList.java:1382)
	at java.util.stream.AbstractPipeline.copyInto(AbstractPipeline.java:482)
	at java.util.stream.ForEachOps$ForEachTask.compute(ForEachOps.java:290)
	at java.util.concurrent.CountedCompleter.exec(CountedCompleter.java:731)
	at java.util.concurrent.ForkJoinTask.doExec(ForkJoinTask.java:289)
	at java.util.concurrent.ForkJoinTask.doInvoke(ForkJoinTask.java:401)
	at java.util.concurrent.ForkJoinTask.invoke(ForkJoinTask.java:734)
	at java.util.stream.ForEachOps$ForEachOp.evaluateParallel(ForEachOps.java:159)
	at java.util.stream.ForEachOps$ForEachOp$OfRef.evaluateParallel(ForEachOps.java:173)
	at java.util.stream.AbstractPipeline.evaluate(AbstractPipeline.java:233)
	at java.util.stream.ReferencePipeline.forEach(ReferencePipeline.java:485)
	at java.util.stream.ReferencePipeline$Head.forEach(ReferencePipeline.java:650)
	at org.apache.hadoop.hdds.scm.pipeline.RatisPipelineProvider.lambda$callRatisRpc$6(RatisPipelineProvider.java:220)
	at java.util.concurrent.ForkJoinTask$AdaptedRunnableAction.exec(ForkJoinTask.java:1386)
	at java.util.concurrent.ForkJoinTask.doExec(ForkJoinTask.java:289)
	at java.util.concurrent.ForkJoinPool$WorkQueue.runTask(ForkJoinPool.java:1056)
	at java.util.concurrent.ForkJoinPool.runWorker(ForkJoinPool.java:1692)
	at java.util.concurrent.ForkJoinWorkerThread.run(ForkJoinWorkerThread.java:157)
Caused by: org.apache.ratis.thirdparty.io.grpc.StatusRuntimeException: DEADLINE_EXCEEDED: deadline exceeded after 2947821644ns
	at org.apache.ratis.thirdparty.io.grpc.stub.ClientCalls.toStatusRuntimeException(ClientCalls.java:233)
	at org.apache.ratis.thirdparty.io.grpc.stub.ClientCalls.getUnchecked(ClientCalls.java:214)
	at org.apache.ratis.thirdparty.io.grpc.stub.ClientCalls.blockingUnaryCall(ClientCalls.java:139)
	at org.apache.ratis.proto.grpc.AdminProtocolServiceGrpc$AdminProtocolServiceBlockingStub.groupManagement(AdminProtocolServiceGrpc.java:274)
	at org.apache.ratis.grpc.client.GrpcClientProtocolClient.lambda$groupAdd$3(GrpcClientProtocolClient.java:155)
	at org.apache.ratis.grpc.client.GrpcClientProtocolClient.blockingCall(GrpcClientProtocolClient.java:182)
	... 25 more
2019-11-14 23:00:44,854 [grpc-default-executor-0] INFO  impl.RaftServerProxy (RaftServerProxy.java:addNew(89)) - 34d030e9-4022-4c73-acc2-92de1e8de82f: addNew group-337408639475:[34d030e9-4022-4c73-acc2-92de1e8de82f:192.168.164.210:40872, 23435c0e-9f08-4b3a-93a8-ff7754a9abdc:192.168.164.210:37516, 795ccad7-a5f7-4de1-b4ec-0bba8df07f61:192.168.164.210:45282] returns group-337408639475:java.util.concurrent.CompletableFuture@39f4e9cf[Not completed]
2019-11-14 23:00:44,856 [grpc-default-executor-1] INFO  impl.RaftServerProxy (RaftServerProxy.java:addNew(89)) - 23435c0e-9f08-4b3a-93a8-ff7754a9abdc: addNew group-337408639475:[34d030e9-4022-4c73-acc2-92de1e8de82f:192.168.164.210:40872, 23435c0e-9f08-4b3a-93a8-ff7754a9abdc:192.168.164.210:37516, 795ccad7-a5f7-4de1-b4ec-0bba8df07f61:192.168.164.210:45282] returns group-337408639475:java.util.concurrent.CompletableFuture@1fcce9e4[Not completed]
2019-11-14 23:00:44,856 [grpc-default-executor-2] INFO  impl.RaftServerProxy (RaftServerProxy.java:addNew(89)) - 795ccad7-a5f7-4de1-b4ec-0bba8df07f61: addNew group-337408639475:[34d030e9-4022-4c73-acc2-92de1e8de82f:192.168.164.210:40872, 23435c0e-9f08-4b3a-93a8-ff7754a9abdc:192.168.164.210:37516, 795ccad7-a5f7-4de1-b4ec-0bba8df07f61:192.168.164.210:45282] returns group-337408639475:java.util.concurrent.CompletableFuture@76bd3899[Not completed]
2019-11-14 23:00:44,876 [pool-49-thread-1] INFO  impl.RaftServerImpl (RaftServerImpl.java:<init>(98)) - 23435c0e-9f08-4b3a-93a8-ff7754a9abdc: new RaftServerImpl for group-337408639475:[34d030e9-4022-4c73-acc2-92de1e8de82f:192.168.164.210:40872, 23435c0e-9f08-4b3a-93a8-ff7754a9abdc:192.168.164.210:37516, 795ccad7-a5f7-4de1-b4ec-0bba8df07f61:192.168.164.210:45282] with ContainerStateMachine:uninitialized
2019-11-14 23:00:44,883 [pool-49-thread-1] INFO  server.RaftServerConfigKeys (ConfUtils.java:logGet(43)) - raft.server.rpc.timeout.min = 5s (custom)
2019-11-14 23:00:44,885 [pool-49-thread-1] INFO  server.RaftServerConfigKeys (ConfUtils.java:logGet(43)) - raft.server.rpc.timeout.max = 5200ms (custom)
2019-11-14 23:00:44,885 [pool-49-thread-1] INFO  server.RaftServerConfigKeys (ConfUtils.java:logGet(43)) - raft.server.rpcslowness.timeout = 120s (custom)
2019-11-14 23:00:44,885 [pool-49-thread-1] INFO  server.RaftServerConfigKeys (ConfUtils.java:logGet(43)) - raft.server.sleep.deviation.threshold = 300 (default)
2019-11-14 23:00:44,886 [pool-49-thread-1] INFO  server.RaftServerConfigKeys (ConfUtils.java:logGet(43)) - raft.server.log.appender.install.snapshot.enabled = false (custom)
2019-11-14 23:00:44,886 [pool-38-thread-1] INFO  impl.RaftServerImpl (RaftServerImpl.java:<init>(98)) - 795ccad7-a5f7-4de1-b4ec-0bba8df07f61: new RaftServerImpl for group-337408639475:[34d030e9-4022-4c73-acc2-92de1e8de82f:192.168.164.210:40872, 23435c0e-9f08-4b3a-93a8-ff7754a9abdc:192.168.164.210:37516, 795ccad7-a5f7-4de1-b4ec-0bba8df07f61:192.168.164.210:45282] with ContainerStateMachine:uninitialized
2019-11-14 23:00:44,886 [pool-49-thread-1] INFO  impl.RaftServerImpl (ServerState.java:<init>(103)) - 23435c0e-9f08-4b3a-93a8-ff7754a9abdc@group-337408639475: ConfigurationManager, init=-1: [34d030e9-4022-4c73-acc2-92de1e8de82f:192.168.164.210:40872, 23435c0e-9f08-4b3a-93a8-ff7754a9abdc:192.168.164.210:37516, 795ccad7-a5f7-4de1-b4ec-0bba8df07f61:192.168.164.210:45282], old=null, confs=<EMPTY_MAP>
2019-11-14 23:00:44,887 [pool-38-thread-1] INFO  server.RaftServerConfigKeys (ConfUtils.java:logGet(43)) - raft.server.rpc.timeout.min = 5s (custom)
2019-11-14 23:00:44,887 [pool-38-thread-1] INFO  server.RaftServerConfigKeys (ConfUtils.java:logGet(43)) - raft.server.rpc.timeout.max = 5200ms (custom)
2019-11-14 23:00:44,887 [pool-49-thread-1] INFO  server.RaftServerConfigKeys (ConfUtils.java:logGet(43)) - raft.server.storage.dir = [/workdir/hadoop-ozone/integration-test/target/test-dir/MiniOzoneClusterImpl-d80f6904-08ae-461d-86df-e4f9bc309fd1/datanode-2/data/ratis] (custom)
2019-11-14 23:00:44,887 [pool-38-thread-1] INFO  server.RaftServerConfigKeys (ConfUtils.java:logGet(43)) - raft.server.rpcslowness.timeout = 120s (custom)
2019-11-14 23:00:44,887 [pool-38-thread-1] INFO  server.RaftServerConfigKeys (ConfUtils.java:logGet(43)) - raft.server.sleep.deviation.threshold = 300 (default)
2019-11-14 23:00:44,887 [pool-49-thread-1] INFO  server.RaftServerConfigKeys (ConfUtils.java:logGet(43)) - raft.server.log.corruption.policy = EXCEPTION (default)
2019-11-14 23:00:44,888 [pool-38-thread-1] INFO  server.RaftServerConfigKeys (ConfUtils.java:logGet(43)) - raft.server.log.appender.install.snapshot.enabled = false (custom)
2019-11-14 23:00:44,888 [pool-38-thread-1] INFO  impl.RaftServerImpl (ServerState.java:<init>(103)) - 795ccad7-a5f7-4de1-b4ec-0bba8df07f61@group-337408639475: ConfigurationManager, init=-1: [34d030e9-4022-4c73-acc2-92de1e8de82f:192.168.164.210:40872, 23435c0e-9f08-4b3a-93a8-ff7754a9abdc:192.168.164.210:37516, 795ccad7-a5f7-4de1-b4ec-0bba8df07f61:192.168.164.210:45282], old=null, confs=<EMPTY_MAP>
2019-11-14 23:00:44,888 [pool-49-thread-1] INFO  storage.RaftStorageDirectory (RaftStorageDirectory.java:analyzeStorage(246)) - The storage directory /workdir/hadoop-ozone/integration-test/target/test-dir/MiniOzoneClusterImpl-d80f6904-08ae-461d-86df-e4f9bc309fd1/datanode-2/data/ratis/ff9c4cab-17a5-414e-b9aa-337408639475 does not exist. Creating ...
2019-11-14 23:00:44,889 [pool-38-thread-1] INFO  server.RaftServerConfigKeys (ConfUtils.java:logGet(43)) - raft.server.storage.dir = [/workdir/hadoop-ozone/integration-test/target/test-dir/MiniOzoneClusterImpl-d80f6904-08ae-461d-86df-e4f9bc309fd1/datanode-1/data/ratis] (custom)
2019-11-14 23:00:44,889 [pool-38-thread-1] INFO  server.RaftServerConfigKeys (ConfUtils.java:logGet(43)) - raft.server.log.corruption.policy = EXCEPTION (default)
2019-11-14 23:00:44,889 [pool-38-thread-1] INFO  storage.RaftStorageDirectory (RaftStorageDirectory.java:analyzeStorage(246)) - The storage directory /workdir/hadoop-ozone/integration-test/target/test-dir/MiniOzoneClusterImpl-d80f6904-08ae-461d-86df-e4f9bc309fd1/datanode-1/data/ratis/ff9c4cab-17a5-414e-b9aa-337408639475 does not exist. Creating ...
2019-11-14 23:00:45,294 [pool-27-thread-1] INFO  storage.RaftStorageDirectory (RaftStorageDirectory.java:tryLock(328)) - Lock on /workdir/hadoop-ozone/integration-test/target/test-dir/MiniOzoneClusterImpl-d80f6904-08ae-461d-86df-e4f9bc309fd1/datanode-0/data/ratis/688c4a14-c33e-4e81-8d4e-d8a80e9e6421/in_use.lock acquired by nodename 10065@pr-hdds-2448-del-container-qmj8s-3203767274
2019-11-14 23:00:45,343 [pool-38-thread-1] INFO  storage.RaftStorageDirectory (RaftStorageDirectory.java:tryLock(328)) - Lock on /workdir/hadoop-ozone/integration-test/target/test-dir/MiniOzoneClusterImpl-d80f6904-08ae-461d-86df-e4f9bc309fd1/datanode-1/data/ratis/ff9c4cab-17a5-414e-b9aa-337408639475/in_use.lock acquired by nodename 10065@pr-hdds-2448-del-container-qmj8s-3203767274
2019-11-14 23:00:45,343 [pool-49-thread-1] INFO  storage.RaftStorageDirectory (RaftStorageDirectory.java:tryLock(328)) - Lock on /workdir/hadoop-ozone/integration-test/target/test-dir/MiniOzoneClusterImpl-d80f6904-08ae-461d-86df-e4f9bc309fd1/datanode-2/data/ratis/ff9c4cab-17a5-414e-b9aa-337408639475/in_use.lock acquired by nodename 10065@pr-hdds-2448-del-container-qmj8s-3203767274
2019-11-14 23:00:45,355 [pool-49-thread-1] INFO  storage.RaftStorage (RaftStorage.java:format(84)) - Storage directory /workdir/hadoop-ozone/integration-test/target/test-dir/MiniOzoneClusterImpl-d80f6904-08ae-461d-86df-e4f9bc309fd1/datanode-2/data/ratis/ff9c4cab-17a5-414e-b9aa-337408639475 has been successfully formatted.
2019-11-14 23:00:45,355 [pool-38-thread-1] INFO  storage.RaftStorage (RaftStorage.java:format(84)) - Storage directory /workdir/hadoop-ozone/integration-test/target/test-dir/MiniOzoneClusterImpl-d80f6904-08ae-461d-86df-e4f9bc309fd1/datanode-1/data/ratis/ff9c4cab-17a5-414e-b9aa-337408639475 has been successfully formatted.
2019-11-14 23:00:45,355 [pool-27-thread-1] INFO  storage.RaftStorage (RaftStorage.java:format(84)) - Storage directory /workdir/hadoop-ozone/integration-test/target/test-dir/MiniOzoneClusterImpl-d80f6904-08ae-461d-86df-e4f9bc309fd1/datanode-0/data/ratis/688c4a14-c33e-4e81-8d4e-d8a80e9e6421 has been successfully formatted.
2019-11-14 23:00:45,363 [pool-49-thread-1] INFO  ratis.ContainerStateMachine (ContainerStateMachine.java:loadSnapshot(223)) - group-337408639475: The snapshot info is null. Setting the last applied indexto:(t:0, i:~)
2019-11-14 23:00:45,363 [pool-38-thread-1] INFO  ratis.ContainerStateMachine (ContainerStateMachine.java:loadSnapshot(223)) - group-337408639475: The snapshot info is null. Setting the last applied indexto:(t:0, i:~)
2019-11-14 23:00:45,364 [pool-49-thread-1] INFO  server.RaftServerConfigKeys (ConfUtils.java:logGet(43)) - raft.server.notification.no-leader.timeout = 120s (custom)
2019-11-14 23:00:45,363 [pool-27-thread-1] INFO  ratis.ContainerStateMachine (ContainerStateMachine.java:loadSnapshot(223)) - group-D8A80E9E6421: The snapshot info is null. Setting the last applied indexto:(t:0, i:~)
2019-11-14 23:00:45,364 [pool-38-thread-1] INFO  server.RaftServerConfigKeys (ConfUtils.java:logGet(43)) - raft.server.notification.no-leader.timeout = 120s (custom)
2019-11-14 23:00:45,365 [pool-27-thread-1] INFO  server.RaftServerConfigKeys (ConfUtils.java:logGet(43)) - raft.server.notification.no-leader.timeout = 120s (custom)
2019-11-14 23:00:45,367 [pool-49-thread-1] INFO  server.RaftServerConfigKeys (ConfUtils.java:logGet(43)) - raft.server.log.use.memory = false (default)
2019-11-14 23:00:45,367 [pool-38-thread-1] INFO  server.RaftServerConfigKeys (ConfUtils.java:logGet(43)) - raft.server.log.use.memory = false (default)
2019-11-14 23:00:45,367 [pool-27-thread-1] INFO  server.RaftServerConfigKeys (ConfUtils.java:logGet(43)) - raft.server.log.use.memory = false (default)
2019-11-14 23:00:45,372 [pool-49-thread-1] INFO  server.RaftServerConfigKeys (ConfUtils.java:logGet(43)) - raft.server.log.purge.gap = 1000000 (custom)
2019-11-14 23:00:45,372 [pool-38-thread-1] INFO  server.RaftServerConfigKeys (ConfUtils.java:logGet(43)) - raft.server.log.purge.gap = 1000000 (custom)
2019-11-14 23:00:45,372 [pool-27-thread-1] INFO  server.RaftServerConfigKeys (ConfUtils.java:logGet(43)) - raft.server.log.purge.gap = 1000000 (custom)
2019-11-14 23:00:45,372 [pool-49-thread-1] INFO  server.RaftServerConfigKeys (ConfUtils.java:logGet(43)) - raft.server.log.appender.buffer.byte-limit = 33554432 (custom)
2019-11-14 23:00:45,373 [pool-27-thread-1] INFO  server.RaftServerConfigKeys (ConfUtils.java:logGet(43)) - raft.server.log.appender.buffer.byte-limit = 33554432 (custom)
2019-11-14 23:00:45,373 [pool-38-thread-1] INFO  server.RaftServerConfigKeys (ConfUtils.java:logGet(43)) - raft.server.log.appender.buffer.byte-limit = 33554432 (custom)
2019-11-14 23:00:45,376 [pool-49-thread-1] INFO  server.RaftServerConfigKeys (ConfUtils.java:logGet(43)) - raft.server.log.segment.size.max = 1048576 (custom)
2019-11-14 23:00:45,376 [pool-38-thread-1] INFO  server.RaftServerConfigKeys (ConfUtils.java:logGet(43)) - raft.server.log.segment.size.max = 1048576 (custom)
2019-11-14 23:00:45,376 [pool-27-thread-1] INFO  server.RaftServerConfigKeys (ConfUtils.java:logGet(43)) - raft.server.log.segment.size.max = 1048576 (custom)
2019-11-14 23:00:45,381 [pool-49-thread-1] INFO  metrics.MetricRegistries (MetricRegistriesLoader.java:load(64)) - Loaded MetricRegistries class org.apache.ratis.metrics.impl.MetricRegistriesImpl
2019-11-14 23:00:45,386 [pool-49-thread-1] WARN  impl.MetricRegistriesImpl (MetricRegistriesImpl.java:lambda$create$1(61)) - First MetricRegistry has been created without registering reporters. You may need to call MetricRegistries.global().addReportRegistration(...) before.
2019-11-14 23:00:45,386 [pool-38-thread-1] WARN  impl.MetricRegistriesImpl (MetricRegistriesImpl.java:lambda$create$1(61)) - First MetricRegistry has been created without registering reporters. You may need to call MetricRegistries.global().addReportRegistration(...) before.
2019-11-14 23:00:45,386 [pool-27-thread-1] WARN  impl.MetricRegistriesImpl (MetricRegistriesImpl.java:lambda$create$1(61)) - First MetricRegistry has been created without registering reporters. You may need to call MetricRegistries.global().addReportRegistration(...) before.
2019-11-14 23:00:45,392 [pool-49-thread-1] INFO  server.RaftServerConfigKeys (ConfUtils.java:logGet(43)) - raft.server.log.segment.cache.num.max = 2 (custom)
2019-11-14 23:00:45,393 [pool-38-thread-1] INFO  server.RaftServerConfigKeys (ConfUtils.java:logGet(43)) - raft.server.log.segment.cache.num.max = 2 (custom)
2019-11-14 23:00:45,393 [pool-27-thread-1] INFO  server.RaftServerConfigKeys (ConfUtils.java:logGet(43)) - raft.server.log.segment.cache.num.max = 2 (custom)
2019-11-14 23:00:45,398 [pool-49-thread-1] INFO  segmented.SegmentedRaftLogWorker (SegmentedRaftLogWorker.java:<init>(173)) - new 23435c0e-9f08-4b3a-93a8-ff7754a9abdc@group-337408639475-SegmentedRaftLogWorker for RaftStorage:Storage Directory /workdir/hadoop-ozone/integration-test/target/test-dir/MiniOzoneClusterImpl-d80f6904-08ae-461d-86df-e4f9bc309fd1/datanode-2/data/ratis/ff9c4cab-17a5-414e-b9aa-337408639475
2019-11-14 23:00:45,398 [pool-38-thread-1] INFO  segmented.SegmentedRaftLogWorker (SegmentedRaftLogWorker.java:<init>(173)) - new 795ccad7-a5f7-4de1-b4ec-0bba8df07f61@group-337408639475-SegmentedRaftLogWorker for RaftStorage:Storage Directory /workdir/hadoop-ozone/integration-test/target/test-dir/MiniOzoneClusterImpl-d80f6904-08ae-461d-86df-e4f9bc309fd1/datanode-1/data/ratis/ff9c4cab-17a5-414e-b9aa-337408639475
2019-11-14 23:00:45,398 [pool-27-thread-1] INFO  segmented.SegmentedRaftLogWorker (SegmentedRaftLogWorker.java:<init>(173)) - new 34d030e9-4022-4c73-acc2-92de1e8de82f@group-D8A80E9E6421-SegmentedRaftLogWorker for RaftStorage:Storage Directory /workdir/hadoop-ozone/integration-test/target/test-dir/MiniOzoneClusterImpl-d80f6904-08ae-461d-86df-e4f9bc309fd1/datanode-0/data/ratis/688c4a14-c33e-4e81-8d4e-d8a80e9e6421
2019-11-14 23:00:45,399 [pool-27-thread-1] INFO  server.RaftServerConfigKeys (ConfUtils.java:logGet(43)) - raft.server.log.queue.byte-limit = 2147483647 (custom)
2019-11-14 23:00:45,400 [pool-38-thread-1] INFO  server.RaftServerConfigKeys (ConfUtils.java:logGet(43)) - raft.server.log.queue.byte-limit = 2147483647 (custom)
2019-11-14 23:00:45,399 [pool-49-thread-1] INFO  server.RaftServerConfigKeys (ConfUtils.java:logGet(43)) - raft.server.log.queue.byte-limit = 2147483647 (custom)
2019-11-14 23:00:45,400 [pool-49-thread-1] INFO  server.RaftServerConfigKeys (ConfUtils.java:logGet(43)) - raft.server.log.queue.element-limit = 1024 (custom)
2019-11-14 23:00:45,400 [pool-27-thread-1] INFO  server.RaftServerConfigKeys (ConfUtils.java:logGet(43)) - raft.server.log.queue.element-limit = 1024 (custom)
2019-11-14 23:00:45,400 [pool-38-thread-1] INFO  server.RaftServerConfigKeys (ConfUtils.java:logGet(43)) - raft.server.log.queue.element-limit = 1024 (custom)
2019-11-14 23:00:45,402 [pool-49-thread-1] INFO  server.RaftServerConfigKeys (ConfUtils.java:logGet(43)) - raft.server.log.segment.size.max = 1048576 (custom)
2019-11-14 23:00:45,402 [pool-27-thread-1] INFO  server.RaftServerConfigKeys (ConfUtils.java:logGet(43)) - raft.server.log.segment.size.max = 1048576 (custom)
2019-11-14 23:00:45,402 [pool-38-thread-1] INFO  server.RaftServerConfigKeys (ConfUtils.java:logGet(43)) - raft.server.log.segment.size.max = 1048576 (custom)
2019-11-14 23:00:45,402 [pool-49-thread-1] INFO  server.RaftServerConfigKeys (ConfUtils.java:logGet(43)) - raft.server.log.preallocated.size = 16384 (custom)
2019-11-14 23:00:45,402 [pool-38-thread-1] INFO  server.RaftServerConfigKeys (ConfUtils.java:logGet(43)) - raft.server.log.preallocated.size = 16384 (custom)
2019-11-14 23:00:45,403 [pool-27-thread-1] INFO  server.RaftServerConfigKeys (ConfUtils.java:logGet(43)) - raft.server.log.preallocated.size = 16384 (custom)
2019-11-14 23:00:45,403 [pool-49-thread-1] INFO  server.RaftServerConfigKeys (ConfUtils.java:logGet(43)) - raft.server.log.write.buffer.size = 33554432 (custom)
2019-11-14 23:00:45,403 [pool-27-thread-1] INFO  server.RaftServerConfigKeys (ConfUtils.java:logGet(43)) - raft.server.log.write.buffer.size = 33554432 (custom)
2019-11-14 23:00:45,403 [pool-38-thread-1] INFO  server.RaftServerConfigKeys (ConfUtils.java:logGet(43)) - raft.server.log.write.buffer.size = 33554432 (custom)
2019-11-14 23:00:45,403 [pool-49-thread-1] INFO  server.RaftServerConfigKeys (ConfUtils.java:logGet(43)) - raft.server.log.force.sync.num = 128 (default)
2019-11-14 23:00:45,403 [pool-38-thread-1] INFO  server.RaftServerConfigKeys (ConfUtils.java:logGet(43)) - raft.server.log.force.sync.num = 128 (default)
2019-11-14 23:00:45,404 [pool-27-thread-1] INFO  server.RaftServerConfigKeys (ConfUtils.java:logGet(43)) - raft.server.log.force.sync.num = 128 (default)
2019-11-14 23:00:45,404 [pool-49-thread-1] INFO  server.RaftServerConfigKeys (ConfUtils.java:logGet(43)) - raft.server.log.statemachine.data.sync = true (default)
2019-11-14 23:00:45,405 [pool-38-thread-1] INFO  server.RaftServerConfigKeys (ConfUtils.java:logGet(43)) - raft.server.log.statemachine.data.sync = true (default)
2019-11-14 23:00:45,405 [pool-27-thread-1] INFO  server.RaftServerConfigKeys (ConfUtils.java:logGet(43)) - raft.server.log.statemachine.data.sync = true (default)
2019-11-14 23:00:45,405 [pool-49-thread-1] INFO  server.RaftServerConfigKeys (ConfUtils.java:logGet(43)) - raft.server.log.statemachine.data.sync.timeout = 10s (default)
2019-11-14 23:00:45,405 [pool-27-thread-1] INFO  server.RaftServerConfigKeys (ConfUtils.java:logGet(43)) - raft.server.log.statemachine.data.sync.timeout = 10s (default)
2019-11-14 23:00:45,405 [pool-38-thread-1] INFO  server.RaftServerConfigKeys (ConfUtils.java:logGet(43)) - raft.server.log.statemachine.data.sync.timeout = 10s (default)
2019-11-14 23:00:45,405 [pool-49-thread-1] INFO  server.RaftServerConfigKeys (ConfUtils.java:logGet(43)) - raft.server.log.statemachine.data.sync.timeout.retry = -1 (default)
2019-11-14 23:00:45,405 [pool-38-thread-1] INFO  server.RaftServerConfigKeys (ConfUtils.java:logGet(43)) - raft.server.log.statemachine.data.sync.timeout.retry = -1 (default)
2019-11-14 23:00:45,406 [pool-27-thread-1] INFO  server.RaftServerConfigKeys (ConfUtils.java:logGet(43)) - raft.server.log.statemachine.data.sync.timeout.retry = -1 (default)
2019-11-14 23:00:45,416 [pool-49-thread-1] INFO  server.RaftServerConfigKeys (ConfUtils.java:logGet(43)) - raft.server.log.statemachine.data.caching.enabled = true (custom)
2019-11-14 23:00:45,416 [pool-27-thread-1] INFO  server.RaftServerConfigKeys (ConfUtils.java:logGet(43)) - raft.server.log.statemachine.data.caching.enabled = true (custom)
2019-11-14 23:00:45,416 [pool-38-thread-1] INFO  server.RaftServerConfigKeys (ConfUtils.java:logGet(43)) - raft.server.log.statemachine.data.caching.enabled = true (custom)
2019-11-14 23:00:45,423 [pool-49-thread-1] INFO  segmented.SegmentedRaftLogWorker (SegmentedRaftLogWorker.java:lambda$new$0(128)) - 23435c0e-9f08-4b3a-93a8-ff7754a9abdc@group-337408639475-SegmentedRaftLogWorker: flushIndex: setUnconditionally 0 -> -1
2019-11-14 23:00:45,423 [pool-38-thread-1] INFO  segmented.SegmentedRaftLogWorker (SegmentedRaftLogWorker.java:lambda$new$0(128)) - 795ccad7-a5f7-4de1-b4ec-0bba8df07f61@group-337408639475-SegmentedRaftLogWorker: flushIndex: setUnconditionally 0 -> -1
2019-11-14 23:00:45,423 [pool-27-thread-1] INFO  segmented.SegmentedRaftLogWorker (SegmentedRaftLogWorker.java:lambda$new$0(128)) - 34d030e9-4022-4c73-acc2-92de1e8de82f@group-D8A80E9E6421-SegmentedRaftLogWorker: flushIndex: setUnconditionally 0 -> -1
2019-11-14 23:00:45,428 [pool-49-thread-1] INFO  server.RaftServerConfigKeys (ConfUtils.java:logGet(43)) - raft.server.snapshot.auto.trigger.enabled = true (custom)
2019-11-14 23:00:45,429 [pool-27-thread-1] INFO  server.RaftServerConfigKeys (ConfUtils.java:logGet(43)) - raft.server.snapshot.auto.trigger.enabled = true (custom)
2019-11-14 23:00:45,429 [pool-38-thread-1] INFO  server.RaftServerConfigKeys (ConfUtils.java:logGet(43)) - raft.server.snapshot.auto.trigger.enabled = true (custom)
2019-11-14 23:00:45,429 [pool-49-thread-1] INFO  server.RaftServerConfigKeys (ConfUtils.java:logGet(43)) - raft.server.snapshot.auto.trigger.threshold = 10000 (custom)
2019-11-14 23:00:45,429 [pool-27-thread-1] INFO  server.RaftServerConfigKeys (ConfUtils.java:logGet(43)) - raft.server.snapshot.auto.trigger.threshold = 10000 (custom)
2019-11-14 23:00:45,430 [pool-38-thread-1] INFO  server.RaftServerConfigKeys (ConfUtils.java:logGet(43)) - raft.server.snapshot.auto.trigger.threshold = 10000 (custom)
2019-11-14 23:00:45,430 [pool-49-thread-1] INFO  server.RaftServerConfigKeys (ConfUtils.java:logGet(43)) - raft.server.snapshot.retention.file.num = 5 (custom)
2019-11-14 23:00:45,430 [pool-38-thread-1] INFO  server.RaftServerConfigKeys (ConfUtils.java:logGet(43)) - raft.server.snapshot.retention.file.num = 5 (custom)
2019-11-14 23:00:45,430 [pool-27-thread-1] INFO  server.RaftServerConfigKeys (ConfUtils.java:logGet(43)) - raft.server.snapshot.retention.file.num = 5 (custom)
2019-11-14 23:00:45,430 [pool-49-thread-1] INFO  server.RaftServerConfigKeys (ConfUtils.java:logGet(43)) - raft.server.retrycache.expirytime = 600000ms (custom)
2019-11-14 23:00:45,430 [pool-27-thread-1] INFO  server.RaftServerConfigKeys (ConfUtils.java:logGet(43)) - raft.server.retrycache.expirytime = 600000ms (custom)
2019-11-14 23:00:45,430 [pool-38-thread-1] INFO  server.RaftServerConfigKeys (ConfUtils.java:logGet(43)) - raft.server.retrycache.expirytime = 600000ms (custom)
2019-11-14 23:00:45,449 [pool-49-thread-1] WARN  impl.MetricRegistriesImpl (MetricRegistriesImpl.java:lambda$create$1(61)) - First MetricRegistry has been created without registering reporters. You may need to call MetricRegistries.global().addReportRegistration(...) before.
2019-11-14 23:00:45,449 [pool-27-thread-1] WARN  impl.MetricRegistriesImpl (MetricRegistriesImpl.java:lambda$create$1(61)) - First MetricRegistry has been created without registering reporters. You may need to call MetricRegistries.global().addReportRegistration(...) before.
2019-11-14 23:00:45,449 [pool-38-thread-1] WARN  impl.MetricRegistriesImpl (MetricRegistriesImpl.java:lambda$create$1(61)) - First MetricRegistry has been created without registering reporters. You may need to call MetricRegistries.global().addReportRegistration(...) before.
2019-11-14 23:00:45,451 [pool-49-thread-1] WARN  impl.MetricRegistriesImpl (MetricRegistriesImpl.java:lambda$create$1(61)) - First MetricRegistry has been created without registering reporters. You may need to call MetricRegistries.global().addReportRegistration(...) before.
2019-11-14 23:00:45,451 [pool-27-thread-1] WARN  impl.MetricRegistriesImpl (MetricRegistriesImpl.java:lambda$create$1(61)) - First MetricRegistry has been created without registering reporters. You may need to call MetricRegistries.global().addReportRegistration(...) before.
2019-11-14 23:00:45,451 [pool-38-thread-1] WARN  impl.MetricRegistriesImpl (MetricRegistriesImpl.java:lambda$create$1(61)) - First MetricRegistry has been created without registering reporters. You may need to call MetricRegistries.global().addReportRegistration(...) before.
2019-11-14 23:00:45,453 [pool-49-thread-1] INFO  impl.RaftServerImpl (RaftServerImpl.java:start(184)) - 23435c0e-9f08-4b3a-93a8-ff7754a9abdc@group-337408639475: start as a follower, conf=-1: [34d030e9-4022-4c73-acc2-92de1e8de82f:192.168.164.210:40872, 23435c0e-9f08-4b3a-93a8-ff7754a9abdc:192.168.164.210:37516, 795ccad7-a5f7-4de1-b4ec-0bba8df07f61:192.168.164.210:45282], old=null
2019-11-14 23:00:45,453 [pool-38-thread-1] INFO  impl.RaftServerImpl (RaftServerImpl.java:start(184)) - 795ccad7-a5f7-4de1-b4ec-0bba8df07f61@group-337408639475: start as a follower, conf=-1: [34d030e9-4022-4c73-acc2-92de1e8de82f:192.168.164.210:40872, 23435c0e-9f08-4b3a-93a8-ff7754a9abdc:192.168.164.210:37516, 795ccad7-a5f7-4de1-b4ec-0bba8df07f61:192.168.164.210:45282], old=null
2019-11-14 23:00:45,454 [pool-49-thread-1] INFO  impl.RaftServerImpl (RaftServerImpl.java:setRole(173)) - 23435c0e-9f08-4b3a-93a8-ff7754a9abdc@group-337408639475: changes role from      null to FOLLOWER at term 0 for startAsFollower
2019-11-14 23:00:45,454 [pool-38-thread-1] INFO  impl.RaftServerImpl (RaftServerImpl.java:setRole(173)) - 795ccad7-a5f7-4de1-b4ec-0bba8df07f61@group-337408639475: changes role from      null to FOLLOWER at term 0 for startAsFollower
2019-11-14 23:00:45,455 [pool-49-thread-1] INFO  impl.RoleInfo (RoleInfo.java:updateAndGet(143)) - 23435c0e-9f08-4b3a-93a8-ff7754a9abdc: start FollowerState
2019-11-14 23:00:45,455 [pool-27-thread-1] INFO  impl.RaftServerImpl (RaftServerImpl.java:<init>(98)) - 34d030e9-4022-4c73-acc2-92de1e8de82f: new RaftServerImpl for group-337408639475:[34d030e9-4022-4c73-acc2-92de1e8de82f:192.168.164.210:40872, 23435c0e-9f08-4b3a-93a8-ff7754a9abdc:192.168.164.210:37516, 795ccad7-a5f7-4de1-b4ec-0bba8df07f61:192.168.164.210:45282] with ContainerStateMachine:uninitialized
2019-11-14 23:00:45,455 [pool-38-thread-1] INFO  impl.RoleInfo (RoleInfo.java:updateAndGet(143)) - 795ccad7-a5f7-4de1-b4ec-0bba8df07f61: start FollowerState
2019-11-14 23:00:45,456 [pool-27-thread-1] INFO  server.RaftServerConfigKeys (ConfUtils.java:logGet(43)) - raft.server.rpc.timeout.min = 5s (custom)
2019-11-14 23:00:45,456 [pool-27-thread-1] INFO  server.RaftServerConfigKeys (ConfUtils.java:logGet(43)) - raft.server.rpc.timeout.max = 5200ms (custom)
2019-11-14 23:00:45,457 [pool-27-thread-1] INFO  server.RaftServerConfigKeys (ConfUtils.java:logGet(43)) - raft.server.rpcslowness.timeout = 120s (custom)
2019-11-14 23:00:45,457 [pool-27-thread-1] INFO  server.RaftServerConfigKeys (ConfUtils.java:logGet(43)) - raft.server.sleep.deviation.threshold = 300 (default)
2019-11-14 23:00:45,457 [pool-27-thread-1] INFO  server.RaftServerConfigKeys (ConfUtils.java:logGet(43)) - raft.server.log.appender.install.snapshot.enabled = false (custom)
2019-11-14 23:00:45,457 [pool-27-thread-1] INFO  impl.RaftServerImpl (ServerState.java:<init>(103)) - 34d030e9-4022-4c73-acc2-92de1e8de82f@group-337408639475: ConfigurationManager, init=-1: [34d030e9-4022-4c73-acc2-92de1e8de82f:192.168.164.210:40872, 23435c0e-9f08-4b3a-93a8-ff7754a9abdc:192.168.164.210:37516, 795ccad7-a5f7-4de1-b4ec-0bba8df07f61:192.168.164.210:45282], old=null, confs=<EMPTY_MAP>
2019-11-14 23:00:45,458 [pool-27-thread-1] INFO  server.RaftServerConfigKeys (ConfUtils.java:logGet(43)) - raft.server.storage.dir = [/workdir/hadoop-ozone/integration-test/target/test-dir/MiniOzoneClusterImpl-d80f6904-08ae-461d-86df-e4f9bc309fd1/datanode-0/data/ratis] (custom)
2019-11-14 23:00:45,464 [pool-27-thread-1] INFO  server.RaftServerConfigKeys (ConfUtils.java:logGet(43)) - raft.server.log.corruption.policy = EXCEPTION (default)
2019-11-14 23:00:45,464 [pool-38-thread-1] INFO  util.JmxRegister (JmxRegister.java:tryRegister(44)) - Successfully registered JMX Bean with object name Ratis:service=RaftServer,group=group-337408639475,id=795ccad7-a5f7-4de1-b4ec-0bba8df07f61
2019-11-14 23:00:45,464 [pool-49-thread-1] INFO  util.JmxRegister (JmxRegister.java:tryRegister(44)) - Successfully registered JMX Bean with object name Ratis:service=RaftServer,group=group-337408639475,id=23435c0e-9f08-4b3a-93a8-ff7754a9abdc
2019-11-14 23:00:45,465 [pool-27-thread-1] INFO  storage.RaftStorageDirectory (RaftStorageDirectory.java:analyzeStorage(246)) - The storage directory /workdir/hadoop-ozone/integration-test/target/test-dir/MiniOzoneClusterImpl-d80f6904-08ae-461d-86df-e4f9bc309fd1/datanode-0/data/ratis/ff9c4cab-17a5-414e-b9aa-337408639475 does not exist. Creating ...
2019-11-14 23:00:45,466 [pool-49-thread-1] WARN  impl.MetricRegistriesImpl (MetricRegistriesImpl.java:lambda$create$1(61)) - First MetricRegistry has been created without registering reporters. You may need to call MetricRegistries.global().addReportRegistration(...) before.
2019-11-14 23:00:45,467 [pool-38-thread-1] WARN  impl.MetricRegistriesImpl (MetricRegistriesImpl.java:lambda$create$1(61)) - First MetricRegistry has been created without registering reporters. You may need to call MetricRegistries.global().addReportRegistration(...) before.
2019-11-14 23:00:45,473 [pool-27-thread-1] INFO  storage.RaftStorageDirectory (RaftStorageDirectory.java:tryLock(328)) - Lock on /workdir/hadoop-ozone/integration-test/target/test-dir/MiniOzoneClusterImpl-d80f6904-08ae-461d-86df-e4f9bc309fd1/datanode-0/data/ratis/ff9c4cab-17a5-414e-b9aa-337408639475/in_use.lock acquired by nodename 10065@pr-hdds-2448-del-container-qmj8s-3203767274
2019-11-14 23:00:45,488 [pool-27-thread-1] INFO  storage.RaftStorage (RaftStorage.java:format(84)) - Storage directory /workdir/hadoop-ozone/integration-test/target/test-dir/MiniOzoneClusterImpl-d80f6904-08ae-461d-86df-e4f9bc309fd1/datanode-0/data/ratis/ff9c4cab-17a5-414e-b9aa-337408639475 has been successfully formatted.
2019-11-14 23:00:45,489 [pool-27-thread-1] INFO  ratis.ContainerStateMachine (ContainerStateMachine.java:loadSnapshot(223)) - group-337408639475: The snapshot info is null. Setting the last applied indexto:(t:0, i:~)
2019-11-14 23:00:45,489 [pool-27-thread-1] INFO  server.RaftServerConfigKeys (ConfUtils.java:logGet(43)) - raft.server.notification.no-leader.timeout = 120s (custom)
2019-11-14 23:00:45,489 [pool-27-thread-1] INFO  server.RaftServerConfigKeys (ConfUtils.java:logGet(43)) - raft.server.log.use.memory = false (default)
2019-11-14 23:00:45,489 [pool-27-thread-1] INFO  server.RaftServerConfigKeys (ConfUtils.java:logGet(43)) - raft.server.log.purge.gap = 1000000 (custom)
2019-11-14 23:00:45,489 [pool-27-thread-1] INFO  server.RaftServerConfigKeys (ConfUtils.java:logGet(43)) - raft.server.log.appender.buffer.byte-limit = 33554432 (custom)
2019-11-14 23:00:45,490 [pool-27-thread-1] INFO  server.RaftServerConfigKeys (ConfUtils.java:logGet(43)) - raft.server.log.segment.size.max = 1048576 (custom)
2019-11-14 23:00:45,490 [pool-27-thread-1] INFO  server.RaftServerConfigKeys (ConfUtils.java:logGet(43)) - raft.server.log.segment.cache.num.max = 2 (custom)
2019-11-14 23:00:45,490 [pool-27-thread-1] INFO  segmented.SegmentedRaftLogWorker (SegmentedRaftLogWorker.java:<init>(173)) - new 34d030e9-4022-4c73-acc2-92de1e8de82f@group-337408639475-SegmentedRaftLogWorker for RaftStorage:Storage Directory /workdir/hadoop-ozone/integration-test/target/test-dir/MiniOzoneClusterImpl-d80f6904-08ae-461d-86df-e4f9bc309fd1/datanode-0/data/ratis/ff9c4cab-17a5-414e-b9aa-337408639475
2019-11-14 23:00:45,490 [pool-27-thread-1] INFO  server.RaftServerConfigKeys (ConfUtils.java:logGet(43)) - raft.server.log.queue.byte-limit = 2147483647 (custom)
2019-11-14 23:00:45,490 [pool-27-thread-1] INFO  server.RaftServerConfigKeys (ConfUtils.java:logGet(43)) - raft.server.log.queue.element-limit = 1024 (custom)
2019-11-14 23:00:45,490 [pool-27-thread-1] INFO  server.RaftServerConfigKeys (ConfUtils.java:logGet(43)) - raft.server.log.segment.size.max = 1048576 (custom)
2019-11-14 23:00:45,491 [pool-27-thread-1] INFO  server.RaftServerConfigKeys (ConfUtils.java:logGet(43)) - raft.server.log.preallocated.size = 16384 (custom)
2019-11-14 23:00:45,491 [pool-27-thread-1] INFO  server.RaftServerConfigKeys (ConfUtils.java:logGet(43)) - raft.server.log.write.buffer.size = 33554432 (custom)
2019-11-14 23:00:45,491 [pool-27-thread-1] INFO  server.RaftServerConfigKeys (ConfUtils.java:logGet(43)) - raft.server.log.force.sync.num = 128 (default)
2019-11-14 23:00:45,491 [pool-27-thread-1] INFO  server.RaftServerConfigKeys (ConfUtils.java:logGet(43)) - raft.server.log.statemachine.data.sync = true (default)
2019-11-14 23:00:45,491 [pool-27-thread-1] INFO  server.RaftServerConfigKeys (ConfUtils.java:logGet(43)) - raft.server.log.statemachine.data.sync.timeout = 10s (default)
2019-11-14 23:00:45,491 [pool-27-thread-1] INFO  server.RaftServerConfigKeys (ConfUtils.java:logGet(43)) - raft.server.log.statemachine.data.sync.timeout.retry = -1 (default)
2019-11-14 23:00:45,492 [pool-27-thread-1] INFO  server.RaftServerConfigKeys (ConfUtils.java:logGet(43)) - raft.server.log.statemachine.data.caching.enabled = true (custom)
2019-11-14 23:00:45,492 [pool-27-thread-1] INFO  segmented.SegmentedRaftLogWorker (SegmentedRaftLogWorker.java:lambda$new$0(128)) - 34d030e9-4022-4c73-acc2-92de1e8de82f@group-337408639475-SegmentedRaftLogWorker: flushIndex: setUnconditionally 0 -> -1
2019-11-14 23:00:45,494 [pool-27-thread-1] INFO  server.RaftServerConfigKeys (ConfUtils.java:logGet(43)) - raft.server.snapshot.auto.trigger.enabled = true (custom)
2019-11-14 23:00:45,494 [pool-27-thread-1] INFO  server.RaftServerConfigKeys (ConfUtils.java:logGet(43)) - raft.server.snapshot.auto.trigger.threshold = 10000 (custom)
2019-11-14 23:00:45,495 [pool-27-thread-1] INFO  server.RaftServerConfigKeys (ConfUtils.java:logGet(43)) - raft.server.snapshot.retention.file.num = 5 (custom)
2019-11-14 23:00:45,496 [pool-27-thread-1] INFO  server.RaftServerConfigKeys (ConfUtils.java:logGet(43)) - raft.server.retrycache.expirytime = 600000ms (custom)
2019-11-14 23:00:45,496 [pool-27-thread-1] WARN  impl.MetricRegistriesImpl (MetricRegistriesImpl.java:lambda$create$1(61)) - First MetricRegistry has been created without registering reporters. You may need to call MetricRegistries.global().addReportRegistration(...) before.
2019-11-14 23:00:45,496 [pool-27-thread-1] WARN  impl.MetricRegistriesImpl (MetricRegistriesImpl.java:lambda$create$1(61)) - First MetricRegistry has been created without registering reporters. You may need to call MetricRegistries.global().addReportRegistration(...) before.
2019-11-14 23:00:45,497 [pool-27-thread-1] INFO  impl.RaftServerImpl (RaftServerImpl.java:start(184)) - 34d030e9-4022-4c73-acc2-92de1e8de82f@group-D8A80E9E6421: start as a follower, conf=-1: [34d030e9-4022-4c73-acc2-92de1e8de82f:192.168.164.210:40872], old=null
2019-11-14 23:00:45,497 [pool-27-thread-1] INFO  impl.RaftServerImpl (RaftServerImpl.java:setRole(173)) - 34d030e9-4022-4c73-acc2-92de1e8de82f@group-D8A80E9E6421: changes role from      null to FOLLOWER at term 0 for startAsFollower
2019-11-14 23:00:45,498 [pool-27-thread-1] INFO  impl.RoleInfo (RoleInfo.java:updateAndGet(143)) - 34d030e9-4022-4c73-acc2-92de1e8de82f: start FollowerState
2019-11-14 23:00:45,498 [pool-27-thread-1] INFO  util.JmxRegister (JmxRegister.java:tryRegister(44)) - Successfully registered JMX Bean with object name Ratis:service=RaftServer,group=group-D8A80E9E6421,id=34d030e9-4022-4c73-acc2-92de1e8de82f
2019-11-14 23:00:45,498 [pool-27-thread-1] WARN  impl.MetricRegistriesImpl (MetricRegistriesImpl.java:lambda$create$1(61)) - First MetricRegistry has been created without registering reporters. You may need to call MetricRegistries.global().addReportRegistration(...) before.
2019-11-14 23:00:45,499 [pool-27-thread-1] INFO  impl.RaftServerImpl (RaftServerImpl.java:start(184)) - 34d030e9-4022-4c73-acc2-92de1e8de82f@group-337408639475: start as a follower, conf=-1: [34d030e9-4022-4c73-acc2-92de1e8de82f:192.168.164.210:40872, 23435c0e-9f08-4b3a-93a8-ff7754a9abdc:192.168.164.210:37516, 795ccad7-a5f7-4de1-b4ec-0bba8df07f61:192.168.164.210:45282], old=null
2019-11-14 23:00:45,499 [pool-27-thread-1] INFO  impl.RaftServerImpl (RaftServerImpl.java:setRole(173)) - 34d030e9-4022-4c73-acc2-92de1e8de82f@group-337408639475: changes role from      null to FOLLOWER at term 0 for startAsFollower
2019-11-14 23:00:45,499 [pool-27-thread-1] INFO  impl.RoleInfo (RoleInfo.java:updateAndGet(143)) - 34d030e9-4022-4c73-acc2-92de1e8de82f: start FollowerState
2019-11-14 23:00:45,499 [pool-27-thread-1] INFO  util.JmxRegister (JmxRegister.java:tryRegister(44)) - Successfully registered JMX Bean with object name Ratis:service=RaftServer,group=group-337408639475,id=34d030e9-4022-4c73-acc2-92de1e8de82f
2019-11-14 23:00:45,500 [pool-27-thread-1] WARN  impl.MetricRegistriesImpl (MetricRegistriesImpl.java:lambda$create$1(61)) - First MetricRegistry has been created without registering reporters. You may need to call MetricRegistries.global().addReportRegistration(...) before.
2019-11-14 23:00:45,525 [RatisPipelineUtilsThread] INFO  pipeline.PipelineStateManager (PipelineStateManager.java:addPipeline(55)) - Created pipeline Pipeline[ Id: ff9c4cab-17a5-414e-b9aa-337408639475, Nodes: 23435c0e-9f08-4b3a-93a8-ff7754a9abdc{ip: 192.168.164.210, host: pr-hdds-2448-del-container-qmj8s-3203767274, networkLocation: /default-rack, certSerialId: null}34d030e9-4022-4c73-acc2-92de1e8de82f{ip: 192.168.164.210, host: pr-hdds-2448-del-container-qmj8s-3203767274, networkLocation: /default-rack, certSerialId: null}795ccad7-a5f7-4de1-b4ec-0bba8df07f61{ip: 192.168.164.210, host: pr-hdds-2448-del-container-qmj8s-3203767274, networkLocation: /default-rack, certSerialId: null}, Type:RATIS, Factor:THREE, State:ALLOCATED]
2019-11-14 23:00:45,528 [main] INFO  ozone.MiniOzoneClusterImpl (MiniOzoneClusterImpl.java:lambda$waitForClusterToBeReady$2(163)) - Waiting for 1 number of pipelines out of 1, to report a leader.
2019-11-14 23:00:46,529 [main] INFO  ozone.MiniOzoneClusterImpl (MiniOzoneClusterImpl.java:lambda$waitForClusterToBeReady$2(163)) - Waiting for 1 number of pipelines out of 1, to report a leader.
2019-11-14 23:00:47,530 [main] INFO  ozone.MiniOzoneClusterImpl (MiniOzoneClusterImpl.java:lambda$waitForClusterToBeReady$2(163)) - Waiting for 1 number of pipelines out of 1, to report a leader.
2019-11-14 23:00:48,531 [main] INFO  ozone.MiniOzoneClusterImpl (MiniOzoneClusterImpl.java:lambda$waitForClusterToBeReady$2(163)) - Waiting for 1 number of pipelines out of 1, to report a leader.
2019-11-14 23:00:49,532 [main] INFO  ozone.MiniOzoneClusterImpl (MiniOzoneClusterImpl.java:lambda$waitForClusterToBeReady$2(163)) - Waiting for 1 number of pipelines out of 1, to report a leader.
2019-11-14 23:00:50,486 [Thread-182] INFO  impl.FollowerState (FollowerState.java:run(111)) - 23435c0e-9f08-4b3a-93a8-ff7754a9abdc@group-337408639475-FollowerState: change to CANDIDATE, lastRpcTime:5030ms, electionTimeout:5029ms
2019-11-14 23:00:50,488 [Thread-182] INFO  impl.RoleInfo (RoleInfo.java:shutdownFollowerState(121)) - 23435c0e-9f08-4b3a-93a8-ff7754a9abdc: shutdown FollowerState
2019-11-14 23:00:50,489 [Thread-182] INFO  impl.RaftServerImpl (RaftServerImpl.java:setRole(173)) - 23435c0e-9f08-4b3a-93a8-ff7754a9abdc@group-337408639475: changes role from  FOLLOWER to CANDIDATE at term 0 for changeToCandidate
2019-11-14 23:00:50,494 [Thread-182] INFO  impl.RoleInfo (RoleInfo.java:updateAndGet(143)) - 23435c0e-9f08-4b3a-93a8-ff7754a9abdc: start LeaderElection
2019-11-14 23:00:50,518 [Thread-189] INFO  impl.FollowerState (FollowerState.java:run(111)) - 34d030e9-4022-4c73-acc2-92de1e8de82f@group-337408639475-FollowerState: change to CANDIDATE, lastRpcTime:5018ms, electionTimeout:5018ms
2019-11-14 23:00:50,518 [Thread-189] INFO  impl.RoleInfo (RoleInfo.java:shutdownFollowerState(121)) - 34d030e9-4022-4c73-acc2-92de1e8de82f: shutdown FollowerState
2019-11-14 23:00:50,518 [Thread-189] INFO  impl.RaftServerImpl (RaftServerImpl.java:setRole(173)) - 34d030e9-4022-4c73-acc2-92de1e8de82f@group-337408639475: changes role from  FOLLOWER to CANDIDATE at term 0 for changeToCandidate
2019-11-14 23:00:50,519 [Thread-189] INFO  impl.RoleInfo (RoleInfo.java:updateAndGet(143)) - 34d030e9-4022-4c73-acc2-92de1e8de82f: start LeaderElection
2019-11-14 23:00:50,532 [main] INFO  ozone.MiniOzoneClusterImpl (MiniOzoneClusterImpl.java:lambda$waitForClusterToBeReady$2(163)) - Waiting for 1 number of pipelines out of 1, to report a leader.
2019-11-14 23:00:50,557 [Thread-187] INFO  impl.FollowerState (FollowerState.java:run(111)) - 34d030e9-4022-4c73-acc2-92de1e8de82f@group-D8A80E9E6421-FollowerState: change to CANDIDATE, lastRpcTime:5059ms, electionTimeout:5059ms
2019-11-14 23:00:50,557 [Thread-187] INFO  impl.RoleInfo (RoleInfo.java:shutdownFollowerState(121)) - 34d030e9-4022-4c73-acc2-92de1e8de82f: shutdown FollowerState
2019-11-14 23:00:50,557 [Thread-187] INFO  impl.RaftServerImpl (RaftServerImpl.java:setRole(173)) - 34d030e9-4022-4c73-acc2-92de1e8de82f@group-D8A80E9E6421: changes role from  FOLLOWER to CANDIDATE at term 0 for changeToCandidate
2019-11-14 23:00:50,558 [Thread-187] INFO  impl.RoleInfo (RoleInfo.java:updateAndGet(143)) - 34d030e9-4022-4c73-acc2-92de1e8de82f: start LeaderElection
2019-11-14 23:00:50,645 [Thread-183] INFO  impl.FollowerState (FollowerState.java:run(111)) - 795ccad7-a5f7-4de1-b4ec-0bba8df07f61@group-337408639475-FollowerState: change to CANDIDATE, lastRpcTime:5190ms, electionTimeout:5188ms
2019-11-14 23:00:50,645 [Thread-183] INFO  impl.RoleInfo (RoleInfo.java:shutdownFollowerState(121)) - 795ccad7-a5f7-4de1-b4ec-0bba8df07f61: shutdown FollowerState
2019-11-14 23:00:50,645 [Thread-183] INFO  impl.RaftServerImpl (RaftServerImpl.java:setRole(173)) - 795ccad7-a5f7-4de1-b4ec-0bba8df07f61@group-337408639475: changes role from  FOLLOWER to CANDIDATE at term 0 for changeToCandidate
2019-11-14 23:00:50,645 [Thread-183] INFO  impl.RoleInfo (RoleInfo.java:updateAndGet(143)) - 795ccad7-a5f7-4de1-b4ec-0bba8df07f61: start LeaderElection
2019-11-14 23:00:51,533 [main] INFO  ozone.MiniOzoneClusterImpl (MiniOzoneClusterImpl.java:lambda$waitForClusterToBeReady$2(163)) - Waiting for 1 number of pipelines out of 1, to report a leader.
2019-11-14 23:00:52,129 [34d030e9-4022-4c73-acc2-92de1e8de82f@group-D8A80E9E6421-LeaderElection3] INFO  impl.LeaderElection (LeaderElection.java:askForVotes(178)) - 34d030e9-4022-4c73-acc2-92de1e8de82f@group-D8A80E9E6421-LeaderElection3: begin an election at term 1 for -1: [34d030e9-4022-4c73-acc2-92de1e8de82f:192.168.164.210:40872], old=null
2019-11-14 23:00:52,129 [34d030e9-4022-4c73-acc2-92de1e8de82f@group-337408639475-LeaderElection2] INFO  impl.LeaderElection (LeaderElection.java:askForVotes(178)) - 34d030e9-4022-4c73-acc2-92de1e8de82f@group-337408639475-LeaderElection2: begin an election at term 1 for -1: [34d030e9-4022-4c73-acc2-92de1e8de82f:192.168.164.210:40872, 23435c0e-9f08-4b3a-93a8-ff7754a9abdc:192.168.164.210:37516, 795ccad7-a5f7-4de1-b4ec-0bba8df07f61:192.168.164.210:45282], old=null
2019-11-14 23:00:52,129 [23435c0e-9f08-4b3a-93a8-ff7754a9abdc@group-337408639475-LeaderElection1] INFO  impl.LeaderElection (LeaderElection.java:askForVotes(178)) - 23435c0e-9f08-4b3a-93a8-ff7754a9abdc@group-337408639475-LeaderElection1: begin an election at term 1 for -1: [34d030e9-4022-4c73-acc2-92de1e8de82f:192.168.164.210:40872, 23435c0e-9f08-4b3a-93a8-ff7754a9abdc:192.168.164.210:37516, 795ccad7-a5f7-4de1-b4ec-0bba8df07f61:192.168.164.210:45282], old=null
2019-11-14 23:00:52,129 [795ccad7-a5f7-4de1-b4ec-0bba8df07f61@group-337408639475-LeaderElection4] INFO  impl.LeaderElection (LeaderElection.java:askForVotes(178)) - 795ccad7-a5f7-4de1-b4ec-0bba8df07f61@group-337408639475-LeaderElection4: begin an election at term 1 for -1: [34d030e9-4022-4c73-acc2-92de1e8de82f:192.168.164.210:40872, 23435c0e-9f08-4b3a-93a8-ff7754a9abdc:192.168.164.210:37516, 795ccad7-a5f7-4de1-b4ec-0bba8df07f61:192.168.164.210:45282], old=null
2019-11-14 23:00:52,134 [34d030e9-4022-4c73-acc2-92de1e8de82f@group-D8A80E9E6421-LeaderElection3] INFO  impl.RoleInfo (RoleInfo.java:shutdownLeaderElection(134)) - 34d030e9-4022-4c73-acc2-92de1e8de82f: shutdown LeaderElection
2019-11-14 23:00:52,135 [34d030e9-4022-4c73-acc2-92de1e8de82f@group-D8A80E9E6421-LeaderElection3] INFO  impl.RaftServerImpl (RaftServerImpl.java:setRole(173)) - 34d030e9-4022-4c73-acc2-92de1e8de82f@group-D8A80E9E6421: changes role from CANDIDATE to LEADER at term 1 for changeToLeader
2019-11-14 23:00:52,135 [34d030e9-4022-4c73-acc2-92de1e8de82f@group-D8A80E9E6421-LeaderElection3] INFO  ratis.XceiverServerRatis (XceiverServerRatis.java:handleLeaderChangedNotification(697)) - Leader change notification received for group: group-D8A80E9E6421 with new leaderId: 34d030e9-4022-4c73-acc2-92de1e8de82f
2019-11-14 23:00:52,140 [34d030e9-4022-4c73-acc2-92de1e8de82f@group-D8A80E9E6421-LeaderElection3] INFO  impl.RaftServerImpl (ServerState.java:setLeader(255)) - 34d030e9-4022-4c73-acc2-92de1e8de82f@group-D8A80E9E6421: change Leader from null to 34d030e9-4022-4c73-acc2-92de1e8de82f at term 1 for becomeLeader, leader elected after 6770ms
2019-11-14 23:00:52,161 [34d030e9-4022-4c73-acc2-92de1e8de82f@group-D8A80E9E6421-LeaderElection3] INFO  server.RaftServerConfigKeys (ConfUtils.java:logGet(43)) - raft.server.staging.catchup.gap = 1000 (default)
2019-11-14 23:00:52,164 [34d030e9-4022-4c73-acc2-92de1e8de82f@group-D8A80E9E6421-LeaderElection3] INFO  server.RaftServerConfigKeys (ConfUtils.java:logGet(43)) - raft.server.rpc.sleep.time = 25ms (default)
2019-11-14 23:00:52,186 [34d030e9-4022-4c73-acc2-92de1e8de82f@group-D8A80E9E6421-LeaderElection3] INFO  server.RaftServerConfigKeys (ConfUtils.java:logGet(43)) - raft.server.write.element-limit = 4096 (default)
2019-11-14 23:00:52,198 [34d030e9-4022-4c73-acc2-92de1e8de82f@group-D8A80E9E6421-LeaderElection3] INFO  server.RaftServerConfigKeys (ConfUtils.java:logGet(43)) - raft.server.watch.timeout = 10s (default)
2019-11-14 23:00:52,199 [34d030e9-4022-4c73-acc2-92de1e8de82f@group-D8A80E9E6421-LeaderElection3] INFO  server.RaftServerConfigKeys (ConfUtils.java:logGet(43)) - raft.server.watch.timeout.denomination = 1s (default)
2019-11-14 23:00:52,200 [34d030e9-4022-4c73-acc2-92de1e8de82f@group-D8A80E9E6421-LeaderElection3] INFO  server.RaftServerConfigKeys (ConfUtils.java:logGet(43)) - raft.server.watch.element-limit = 65536 (default)
2019-11-14 23:00:52,224 [34d030e9-4022-4c73-acc2-92de1e8de82f@group-337408639475-LeaderElection2] INFO  impl.LeaderElection (LeaderElection.java:logAndReturn(56)) - 34d030e9-4022-4c73-acc2-92de1e8de82f@group-337408639475-LeaderElection2: Election REJECTED; received 2 response(s) [34d030e9-4022-4c73-acc2-92de1e8de82f<-23435c0e-9f08-4b3a-93a8-ff7754a9abdc#0:FAIL-t1, 34d030e9-4022-4c73-acc2-92de1e8de82f<-795ccad7-a5f7-4de1-b4ec-0bba8df07f61#0:FAIL-t1] and 0 exception(s); 34d030e9-4022-4c73-acc2-92de1e8de82f@group-337408639475:t1, leader=null, voted=34d030e9-4022-4c73-acc2-92de1e8de82f, raftlog=34d030e9-4022-4c73-acc2-92de1e8de82f@group-337408639475-SegmentedRaftLog:OPENED:c-1,f-1,i0, conf=-1: [34d030e9-4022-4c73-acc2-92de1e8de82f:192.168.164.210:40872, 23435c0e-9f08-4b3a-93a8-ff7754a9abdc:192.168.164.210:37516, 795ccad7-a5f7-4de1-b4ec-0bba8df07f61:192.168.164.210:45282], old=null
2019-11-14 23:00:52,224 [795ccad7-a5f7-4de1-b4ec-0bba8df07f61@group-337408639475-LeaderElection4] INFO  impl.LeaderElection (LeaderElection.java:logAndReturn(56)) - 795ccad7-a5f7-4de1-b4ec-0bba8df07f61@group-337408639475-LeaderElection4: Election REJECTED; received 2 response(s) [795ccad7-a5f7-4de1-b4ec-0bba8df07f61<-34d030e9-4022-4c73-acc2-92de1e8de82f#0:FAIL-t1, 795ccad7-a5f7-4de1-b4ec-0bba8df07f61<-23435c0e-9f08-4b3a-93a8-ff7754a9abdc#0:FAIL-t1] and 0 exception(s); 795ccad7-a5f7-4de1-b4ec-0bba8df07f61@group-337408639475:t1, leader=null, voted=795ccad7-a5f7-4de1-b4ec-0bba8df07f61, raftlog=795ccad7-a5f7-4de1-b4ec-0bba8df07f61@group-337408639475-SegmentedRaftLog:OPENED:c-1,f-1,i0, conf=-1: [34d030e9-4022-4c73-acc2-92de1e8de82f:192.168.164.210:40872, 23435c0e-9f08-4b3a-93a8-ff7754a9abdc:192.168.164.210:37516, 795ccad7-a5f7-4de1-b4ec-0bba8df07f61:192.168.164.210:45282], old=null
2019-11-14 23:00:52,224 [23435c0e-9f08-4b3a-93a8-ff7754a9abdc@group-337408639475-LeaderElection1] INFO  impl.LeaderElection (LeaderElection.java:logAndReturn(56)) - 23435c0e-9f08-4b3a-93a8-ff7754a9abdc@group-337408639475-LeaderElection1: Election REJECTED; received 2 response(s) [23435c0e-9f08-4b3a-93a8-ff7754a9abdc<-34d030e9-4022-4c73-acc2-92de1e8de82f#0:FAIL-t1, 23435c0e-9f08-4b3a-93a8-ff7754a9abdc<-795ccad7-a5f7-4de1-b4ec-0bba8df07f61#0:FAIL-t1] and 0 exception(s); 23435c0e-9f08-4b3a-93a8-ff7754a9abdc@group-337408639475:t1, leader=null, voted=23435c0e-9f08-4b3a-93a8-ff7754a9abdc, raftlog=23435c0e-9f08-4b3a-93a8-ff7754a9abdc@group-337408639475-SegmentedRaftLog:OPENED:c-1,f-1,i0, conf=-1: [34d030e9-4022-4c73-acc2-92de1e8de82f:192.168.164.210:40872, 23435c0e-9f08-4b3a-93a8-ff7754a9abdc:192.168.164.210:37516, 795ccad7-a5f7-4de1-b4ec-0bba8df07f61:192.168.164.210:45282], old=null
2019-11-14 23:00:52,227 [34d030e9-4022-4c73-acc2-92de1e8de82f@group-D8A80E9E6421-LeaderElection3] INFO  impl.RoleInfo (RoleInfo.java:updateAndGet(143)) - 34d030e9-4022-4c73-acc2-92de1e8de82f: start LeaderState
2019-11-14 23:00:52,229 [23435c0e-9f08-4b3a-93a8-ff7754a9abdc@group-337408639475-LeaderElection1] INFO  impl.RaftServerImpl (RaftServerImpl.java:setRole(173)) - 23435c0e-9f08-4b3a-93a8-ff7754a9abdc@group-337408639475: changes role from CANDIDATE to FOLLOWER at term 1 for DISCOVERED_A_NEW_TERM
2019-11-14 23:00:52,231 [795ccad7-a5f7-4de1-b4ec-0bba8df07f61@group-337408639475-LeaderElection4] INFO  impl.RaftServerImpl (RaftServerImpl.java:setRole(173)) - 795ccad7-a5f7-4de1-b4ec-0bba8df07f61@group-337408639475: changes role from CANDIDATE to FOLLOWER at term 1 for DISCOVERED_A_NEW_TERM
2019-11-14 23:00:52,229 [34d030e9-4022-4c73-acc2-92de1e8de82f@group-337408639475-LeaderElection2] INFO  impl.RaftServerImpl (RaftServerImpl.java:setRole(173)) - 34d030e9-4022-4c73-acc2-92de1e8de82f@group-337408639475: changes role from CANDIDATE to FOLLOWER at term 1 for DISCOVERED_A_NEW_TERM
2019-11-14 23:00:52,232 [795ccad7-a5f7-4de1-b4ec-0bba8df07f61@group-337408639475-LeaderElection4] INFO  impl.RoleInfo (RoleInfo.java:shutdownLeaderElection(134)) - 795ccad7-a5f7-4de1-b4ec-0bba8df07f61: shutdown LeaderElection
2019-11-14 23:00:52,232 [23435c0e-9f08-4b3a-93a8-ff7754a9abdc@group-337408639475-LeaderElection1] INFO  impl.RoleInfo (RoleInfo.java:shutdownLeaderElection(134)) - 23435c0e-9f08-4b3a-93a8-ff7754a9abdc: shutdown LeaderElection
2019-11-14 23:00:52,232 [795ccad7-a5f7-4de1-b4ec-0bba8df07f61@group-337408639475-LeaderElection4] INFO  impl.RoleInfo (RoleInfo.java:updateAndGet(143)) - 795ccad7-a5f7-4de1-b4ec-0bba8df07f61: start FollowerState
2019-11-14 23:00:52,232 [34d030e9-4022-4c73-acc2-92de1e8de82f@group-337408639475-LeaderElection2] INFO  impl.RoleInfo (RoleInfo.java:shutdownLeaderElection(134)) - 34d030e9-4022-4c73-acc2-92de1e8de82f: shutdown LeaderElection
2019-11-14 23:00:52,233 [23435c0e-9f08-4b3a-93a8-ff7754a9abdc@group-337408639475-LeaderElection1] INFO  impl.RoleInfo (RoleInfo.java:updateAndGet(143)) - 23435c0e-9f08-4b3a-93a8-ff7754a9abdc: start FollowerState
2019-11-14 23:00:52,233 [34d030e9-4022-4c73-acc2-92de1e8de82f@group-337408639475-LeaderElection2] INFO  impl.RoleInfo (RoleInfo.java:updateAndGet(143)) - 34d030e9-4022-4c73-acc2-92de1e8de82f: start FollowerState
2019-11-14 23:00:52,238 [grpc-default-executor-0] INFO  impl.RaftServerProxy (RaftServerProxy.java:remove(95)) - 34d030e9-4022-4c73-acc2-92de1e8de82f: remove    LEADER 34d030e9-4022-4c73-acc2-92de1e8de82f@group-D8A80E9E6421:t1, leader=34d030e9-4022-4c73-acc2-92de1e8de82f, voted=34d030e9-4022-4c73-acc2-92de1e8de82f, raftlog=34d030e9-4022-4c73-acc2-92de1e8de82f@group-D8A80E9E6421-SegmentedRaftLog:OPENED:c-1,f-1,i0, conf=-1: [34d030e9-4022-4c73-acc2-92de1e8de82f:192.168.164.210:40872], old=null RUNNING
2019-11-14 23:00:52,242 [grpc-default-executor-0] INFO  impl.RaftServerImpl (RaftServerImpl.java:lambda$shutdown$3(250)) - 34d030e9-4022-4c73-acc2-92de1e8de82f@group-D8A80E9E6421: shutdown
2019-11-14 23:00:52,242 [grpc-default-executor-0] INFO  util.JmxRegister (JmxRegister.java:unregister(73)) - Successfully un-registered JMX Bean with object name Ratis:service=RaftServer,group=group-D8A80E9E6421,id=34d030e9-4022-4c73-acc2-92de1e8de82f
2019-11-14 23:00:52,242 [grpc-default-executor-0] INFO  impl.RoleInfo (RoleInfo.java:shutdownLeaderState(104)) - 34d030e9-4022-4c73-acc2-92de1e8de82f: shutdown LeaderState
2019-11-14 23:00:52,243 [grpc-default-executor-0] INFO  impl.PendingRequests (PendingRequests.java:sendNotLeaderResponses(206)) - 34d030e9-4022-4c73-acc2-92de1e8de82f@group-D8A80E9E6421-PendingRequests: sendNotLeaderResponses
2019-11-14 23:00:52,245 [grpc-default-executor-0] INFO  impl.StateMachineUpdater (StateMachineUpdater.java:stopAndJoin(136)) - 34d030e9-4022-4c73-acc2-92de1e8de82f@group-D8A80E9E6421-StateMachineUpdater: set stopIndex = -1
2019-11-14 23:00:52,247 [grpc-default-executor-0] INFO  impl.RaftServerImpl (ServerState.java:close(387)) - 34d030e9-4022-4c73-acc2-92de1e8de82f@group-D8A80E9E6421: closes. applyIndex: -1
2019-11-14 23:00:52,250 [34d030e9-4022-4c73-acc2-92de1e8de82f@group-D8A80E9E6421-LeaderElection3] INFO  segmented.SegmentedRaftLogWorker (SegmentedRaftLogWorker.java:startLogSegment(385)) - 34d030e9-4022-4c73-acc2-92de1e8de82f@group-D8A80E9E6421-SegmentedRaftLogWorker: Starting segment from index:0
2019-11-14 23:00:52,259 [34d030e9-4022-4c73-acc2-92de1e8de82f@group-D8A80E9E6421-LeaderElection3] INFO  impl.RaftServerImpl (ServerState.java:setRaftConf(356)) - 34d030e9-4022-4c73-acc2-92de1e8de82f@group-D8A80E9E6421: set configuration 0: [34d030e9-4022-4c73-acc2-92de1e8de82f:192.168.164.210:40872], old=null at 0
2019-11-14 23:00:52,370 [34d030e9-4022-4c73-acc2-92de1e8de82f@group-D8A80E9E6421-SegmentedRaftLogWorker] WARN  segmented.SegmentedRaftLogOutputStream (SegmentedRaftLogOutputStream.java:<init>(77)) - Hit IOException while creating log segment /workdir/hadoop-ozone/integration-test/target/test-dir/MiniOzoneClusterImpl-d80f6904-08ae-461d-86df-e4f9bc309fd1/datanode-0/data/ratis/688c4a14-c33e-4e81-8d4e-d8a80e9e6421/current/log_inprogress_0, delete the partial file.
2019-11-14 23:00:52,373 [grpc-default-executor-0] INFO  segmented.SegmentedRaftLogWorker (SegmentedRaftLogWorker.java:close(224)) - 34d030e9-4022-4c73-acc2-92de1e8de82f@group-D8A80E9E6421-SegmentedRaftLogWorker close()
2019-11-14 23:00:52,385 [EventQueue-ProcessedPipelineReportForHealthyPipelineSafeModeRule] INFO  safemode.SCMSafeModeManager (HealthyPipelineSafeModeRule.java:process(148)) - SCM in safe mode. Healthy pipelines reported count is 0, required healthy pipeline reported count is 1
2019-11-14 23:00:52,534 [main] INFO  ozone.MiniOzoneClusterImpl (MiniOzoneClusterImpl.java:lambda$waitForClusterToBeReady$2(163)) - Waiting for 1 number of pipelines out of 1, to report a leader.
2019-11-14 23:00:53,534 [main] INFO  ozone.MiniOzoneClusterImpl (MiniOzoneClusterImpl.java:lambda$waitForClusterToBeReady$2(163)) - Waiting for 1 number of pipelines out of 1, to report a leader.
2019-11-14 23:00:54,535 [main] INFO  ozone.MiniOzoneClusterImpl (MiniOzoneClusterImpl.java:lambda$waitForClusterToBeReady$2(163)) - Waiting for 1 number of pipelines out of 1, to report a leader.
2019-11-14 23:00:55,540 [main] INFO  ozone.MiniOzoneClusterImpl (MiniOzoneClusterImpl.java:lambda$waitForClusterToBeReady$2(163)) - Waiting for 1 number of pipelines out of 1, to report a leader.
2019-11-14 23:00:56,541 [main] INFO  ozone.MiniOzoneClusterImpl (MiniOzoneClusterImpl.java:lambda$waitForClusterToBeReady$2(163)) - Waiting for 1 number of pipelines out of 1, to report a leader.
2019-11-14 23:00:57,245 [Thread-204] INFO  impl.FollowerState (FollowerState.java:run(111)) - 34d030e9-4022-4c73-acc2-92de1e8de82f@group-337408639475-FollowerState: change to CANDIDATE, lastRpcTime:5012ms, electionTimeout:5010ms
2019-11-14 23:00:57,246 [Thread-204] INFO  impl.RoleInfo (RoleInfo.java:shutdownFollowerState(121)) - 34d030e9-4022-4c73-acc2-92de1e8de82f: shutdown FollowerState
2019-11-14 23:00:57,246 [Thread-204] INFO  impl.RaftServerImpl (RaftServerImpl.java:setRole(173)) - 34d030e9-4022-4c73-acc2-92de1e8de82f@group-337408639475: changes role from  FOLLOWER to CANDIDATE at term 1 for changeToCandidate
2019-11-14 23:00:57,246 [Thread-204] INFO  impl.RoleInfo (RoleInfo.java:updateAndGet(143)) - 34d030e9-4022-4c73-acc2-92de1e8de82f: start LeaderElection
2019-11-14 23:00:57,326 [Thread-202] INFO  impl.FollowerState (FollowerState.java:run(111)) - 795ccad7-a5f7-4de1-b4ec-0bba8df07f61@group-337408639475-FollowerState: change to CANDIDATE, lastRpcTime:5093ms, electionTimeout:5092ms
2019-11-14 23:00:57,326 [Thread-202] INFO  impl.RoleInfo (RoleInfo.java:shutdownFollowerState(121)) - 795ccad7-a5f7-4de1-b4ec-0bba8df07f61: shutdown FollowerState
2019-11-14 23:00:57,326 [Thread-202] INFO  impl.RaftServerImpl (RaftServerImpl.java:setRole(173)) - 795ccad7-a5f7-4de1-b4ec-0bba8df07f61@group-337408639475: changes role from  FOLLOWER to CANDIDATE at term 1 for changeToCandidate
2019-11-14 23:00:57,326 [Thread-202] INFO  impl.RoleInfo (RoleInfo.java:updateAndGet(143)) - 795ccad7-a5f7-4de1-b4ec-0bba8df07f61: start LeaderElection
2019-11-14 23:00:57,339 [Thread-203] INFO  impl.FollowerState (FollowerState.java:run(111)) - 23435c0e-9f08-4b3a-93a8-ff7754a9abdc@group-337408639475-FollowerState: change to CANDIDATE, lastRpcTime:5106ms, electionTimeout:5104ms
2019-11-14 23:00:57,339 [Thread-203] INFO  impl.RoleInfo (RoleInfo.java:shutdownFollowerState(121)) - 23435c0e-9f08-4b3a-93a8-ff7754a9abdc: shutdown FollowerState
2019-11-14 23:00:57,339 [Thread-203] INFO  impl.RaftServerImpl (RaftServerImpl.java:setRole(173)) - 23435c0e-9f08-4b3a-93a8-ff7754a9abdc@group-337408639475: changes role from  FOLLOWER to CANDIDATE at term 1 for changeToCandidate
2019-11-14 23:00:57,339 [Thread-203] INFO  impl.RoleInfo (RoleInfo.java:updateAndGet(143)) - 23435c0e-9f08-4b3a-93a8-ff7754a9abdc: start LeaderElection
2019-11-14 23:00:57,542 [main] INFO  ozone.MiniOzoneClusterImpl (MiniOzoneClusterImpl.java:lambda$waitForClusterToBeReady$2(163)) - Waiting for 1 number of pipelines out of 1, to report a leader.
2019-11-14 23:00:58,543 [main] INFO  ozone.MiniOzoneClusterImpl (MiniOzoneClusterImpl.java:lambda$waitForClusterToBeReady$2(163)) - Waiting for 1 number of pipelines out of 1, to report a leader.
2019-11-14 23:00:59,544 [main] INFO  ozone.MiniOzoneClusterImpl (MiniOzoneClusterImpl.java:lambda$waitForClusterToBeReady$2(163)) - Waiting for 1 number of pipelines out of 1, to report a leader.
2019-11-14 23:01:00,545 [main] INFO  ozone.MiniOzoneClusterImpl (MiniOzoneClusterImpl.java:lambda$waitForClusterToBeReady$2(163)) - Waiting for 1 number of pipelines out of 1, to report a leader.
2019-11-14 23:01:01,546 [main] INFO  ozone.MiniOzoneClusterImpl (MiniOzoneClusterImpl.java:lambda$waitForClusterToBeReady$2(163)) - Waiting for 1 number of pipelines out of 1, to report a leader.
2019-11-14 23:01:01,774 [34d030e9-4022-4c73-acc2-92de1e8de82f@group-337408639475-LeaderElection5] INFO  impl.LeaderElection (LeaderElection.java:askForVotes(178)) - 34d030e9-4022-4c73-acc2-92de1e8de82f@group-337408639475-LeaderElection5: begin an election at term 2 for -1: [34d030e9-4022-4c73-acc2-92de1e8de82f:192.168.164.210:40872, 23435c0e-9f08-4b3a-93a8-ff7754a9abdc:192.168.164.210:37516, 795ccad7-a5f7-4de1-b4ec-0bba8df07f61:192.168.164.210:45282], old=null
2019-11-14 23:01:01,774 [23435c0e-9f08-4b3a-93a8-ff7754a9abdc@group-337408639475-LeaderElection7] INFO  impl.LeaderElection (LeaderElection.java:askForVotes(178)) - 23435c0e-9f08-4b3a-93a8-ff7754a9abdc@group-337408639475-LeaderElection7: begin an election at term 2 for -1: [34d030e9-4022-4c73-acc2-92de1e8de82f:192.168.164.210:40872, 23435c0e-9f08-4b3a-93a8-ff7754a9abdc:192.168.164.210:37516, 795ccad7-a5f7-4de1-b4ec-0bba8df07f61:192.168.164.210:45282], old=null
2019-11-14 23:01:01,774 [795ccad7-a5f7-4de1-b4ec-0bba8df07f61@group-337408639475-LeaderElection6] INFO  impl.LeaderElection (LeaderElection.java:askForVotes(178)) - 795ccad7-a5f7-4de1-b4ec-0bba8df07f61@group-337408639475-LeaderElection6: begin an election at term 2 for -1: [34d030e9-4022-4c73-acc2-92de1e8de82f:192.168.164.210:40872, 23435c0e-9f08-4b3a-93a8-ff7754a9abdc:192.168.164.210:37516, 795ccad7-a5f7-4de1-b4ec-0bba8df07f61:192.168.164.210:45282], old=null
2019-11-14 23:01:01,800 [34d030e9-4022-4c73-acc2-92de1e8de82f@group-337408639475-LeaderElection5] INFO  impl.LeaderElection (LeaderElection.java:logAndReturn(56)) - 34d030e9-4022-4c73-acc2-92de1e8de82f@group-337408639475-LeaderElection5: Election REJECTED; received 2 response(s) [34d030e9-4022-4c73-acc2-92de1e8de82f<-23435c0e-9f08-4b3a-93a8-ff7754a9abdc#0:FAIL-t2, 34d030e9-4022-4c73-acc2-92de1e8de82f<-795ccad7-a5f7-4de1-b4ec-0bba8df07f61#0:FAIL-t2] and 0 exception(s); 34d030e9-4022-4c73-acc2-92de1e8de82f@group-337408639475:t2, leader=null, voted=34d030e9-4022-4c73-acc2-92de1e8de82f, raftlog=34d030e9-4022-4c73-acc2-92de1e8de82f@group-337408639475-SegmentedRaftLog:OPENED:c-1,f-1,i0, conf=-1: [34d030e9-4022-4c73-acc2-92de1e8de82f:192.168.164.210:40872, 23435c0e-9f08-4b3a-93a8-ff7754a9abdc:192.168.164.210:37516, 795ccad7-a5f7-4de1-b4ec-0bba8df07f61:192.168.164.210:45282], old=null
2019-11-14 23:01:01,800 [795ccad7-a5f7-4de1-b4ec-0bba8df07f61@group-337408639475-LeaderElection6] INFO  impl.LeaderElection (LeaderElection.java:logAndReturn(56)) - 795ccad7-a5f7-4de1-b4ec-0bba8df07f61@group-337408639475-LeaderElection6: Election REJECTED; received 2 response(s) [795ccad7-a5f7-4de1-b4ec-0bba8df07f61<-34d030e9-4022-4c73-acc2-92de1e8de82f#0:FAIL-t2, 795ccad7-a5f7-4de1-b4ec-0bba8df07f61<-23435c0e-9f08-4b3a-93a8-ff7754a9abdc#0:FAIL-t2] and 0 exception(s); 795ccad7-a5f7-4de1-b4ec-0bba8df07f61@group-337408639475:t2, leader=null, voted=795ccad7-a5f7-4de1-b4ec-0bba8df07f61, raftlog=795ccad7-a5f7-4de1-b4ec-0bba8df07f61@group-337408639475-SegmentedRaftLog:OPENED:c-1,f-1,i0, conf=-1: [34d030e9-4022-4c73-acc2-92de1e8de82f:192.168.164.210:40872, 23435c0e-9f08-4b3a-93a8-ff7754a9abdc:192.168.164.210:37516, 795ccad7-a5f7-4de1-b4ec-0bba8df07f61:192.168.164.210:45282], old=null
2019-11-14 23:01:01,800 [34d030e9-4022-4c73-acc2-92de1e8de82f@group-337408639475-LeaderElection5] INFO  impl.RaftServerImpl (RaftServerImpl.java:setRole(173)) - 34d030e9-4022-4c73-acc2-92de1e8de82f@group-337408639475: changes role from CANDIDATE to FOLLOWER at term 2 for DISCOVERED_A_NEW_TERM
2019-11-14 23:01:01,801 [795ccad7-a5f7-4de1-b4ec-0bba8df07f61@group-337408639475-LeaderElection6] INFO  impl.RaftServerImpl (RaftServerImpl.java:setRole(173)) - 795ccad7-a5f7-4de1-b4ec-0bba8df07f61@group-337408639475: changes role from CANDIDATE to FOLLOWER at term 2 for DISCOVERED_A_NEW_TERM
2019-11-14 23:01:01,804 [795ccad7-a5f7-4de1-b4ec-0bba8df07f61@group-337408639475-LeaderElection6] INFO  impl.RoleInfo (RoleInfo.java:shutdownLeaderElection(134)) - 795ccad7-a5f7-4de1-b4ec-0bba8df07f61: shutdown LeaderElection
2019-11-14 23:01:01,803 [34d030e9-4022-4c73-acc2-92de1e8de82f@group-337408639475-LeaderElection5] INFO  impl.RoleInfo (RoleInfo.java:shutdownLeaderElection(134)) - 34d030e9-4022-4c73-acc2-92de1e8de82f: shutdown LeaderElection
2019-11-14 23:01:01,805 [23435c0e-9f08-4b3a-93a8-ff7754a9abdc@group-337408639475-LeaderElection7] INFO  impl.LeaderElection (LeaderElection.java:logAndReturn(56)) - 23435c0e-9f08-4b3a-93a8-ff7754a9abdc@group-337408639475-LeaderElection7: Election REJECTED; received 2 response(s) [23435c0e-9f08-4b3a-93a8-ff7754a9abdc<-34d030e9-4022-4c73-acc2-92de1e8de82f#0:FAIL-t2, 23435c0e-9f08-4b3a-93a8-ff7754a9abdc<-795ccad7-a5f7-4de1-b4ec-0bba8df07f61#0:FAIL-t2] and 0 exception(s); 23435c0e-9f08-4b3a-93a8-ff7754a9abdc@group-337408639475:t2, leader=null, voted=23435c0e-9f08-4b3a-93a8-ff7754a9abdc, raftlog=23435c0e-9f08-4b3a-93a8-ff7754a9abdc@group-337408639475-SegmentedRaftLog:OPENED:c-1,f-1,i0, conf=-1: [34d030e9-4022-4c73-acc2-92de1e8de82f:192.168.164.210:40872, 23435c0e-9f08-4b3a-93a8-ff7754a9abdc:192.168.164.210:37516, 795ccad7-a5f7-4de1-b4ec-0bba8df07f61:192.168.164.210:45282], old=null
2019-11-14 23:01:01,805 [795ccad7-a5f7-4de1-b4ec-0bba8df07f61@group-337408639475-LeaderElection6] INFO  impl.RoleInfo (RoleInfo.java:updateAndGet(143)) - 795ccad7-a5f7-4de1-b4ec-0bba8df07f61: start FollowerState
2019-11-14 23:01:01,805 [34d030e9-4022-4c73-acc2-92de1e8de82f@group-337408639475-LeaderElection5] INFO  impl.RoleInfo (RoleInfo.java:updateAndGet(143)) - 34d030e9-4022-4c73-acc2-92de1e8de82f: start FollowerState
2019-11-14 23:01:01,806 [23435c0e-9f08-4b3a-93a8-ff7754a9abdc@group-337408639475-LeaderElection7] INFO  impl.RaftServerImpl (RaftServerImpl.java:setRole(173)) - 23435c0e-9f08-4b3a-93a8-ff7754a9abdc@group-337408639475: changes role from CANDIDATE to FOLLOWER at term 2 for DISCOVERED_A_NEW_TERM
2019-11-14 23:01:01,807 [23435c0e-9f08-4b3a-93a8-ff7754a9abdc@group-337408639475-LeaderElection7] INFO  impl.RoleInfo (RoleInfo.java:shutdownLeaderElection(134)) - 23435c0e-9f08-4b3a-93a8-ff7754a9abdc: shutdown LeaderElection
2019-11-14 23:01:01,809 [23435c0e-9f08-4b3a-93a8-ff7754a9abdc@group-337408639475-LeaderElection7] INFO  impl.RoleInfo (RoleInfo.java:updateAndGet(143)) - 23435c0e-9f08-4b3a-93a8-ff7754a9abdc: start FollowerState
2019-11-14 23:01:02,547 [main] INFO  ozone.MiniOzoneClusterImpl (MiniOzoneClusterImpl.java:lambda$waitForClusterToBeReady$2(163)) - Waiting for 1 number of pipelines out of 1, to report a leader.
2019-11-14 23:01:03,548 [main] INFO  ozone.MiniOzoneClusterImpl (MiniOzoneClusterImpl.java:lambda$waitForClusterToBeReady$2(163)) - Waiting for 1 number of pipelines out of 1, to report a leader.
2019-11-14 23:01:04,550 [main] INFO  ozone.MiniOzoneClusterImpl (MiniOzoneClusterImpl.java:lambda$waitForClusterToBeReady$2(163)) - Waiting for 1 number of pipelines out of 1, to report a leader.
2019-11-14 23:01:05,551 [main] INFO  ozone.MiniOzoneClusterImpl (MiniOzoneClusterImpl.java:lambda$waitForClusterToBeReady$2(163)) - Waiting for 1 number of pipelines out of 1, to report a leader.
2019-11-14 23:01:06,551 [main] INFO  ozone.MiniOzoneClusterImpl (MiniOzoneClusterImpl.java:lambda$waitForClusterToBeReady$2(163)) - Waiting for 1 number of pipelines out of 1, to report a leader.
2019-11-14 23:01:06,891 [Thread-216] INFO  impl.FollowerState (FollowerState.java:run(111)) - 34d030e9-4022-4c73-acc2-92de1e8de82f@group-337408639475-FollowerState: change to CANDIDATE, lastRpcTime:5086ms, electionTimeout:5082ms
2019-11-14 23:01:06,891 [Thread-216] INFO  impl.RoleInfo (RoleInfo.java:shutdownFollowerState(121)) - 34d030e9-4022-4c73-acc2-92de1e8de82f: shutdown FollowerState
2019-11-14 23:01:06,892 [Thread-216] INFO  impl.RaftServerImpl (RaftServerImpl.java:setRole(173)) - 34d030e9-4022-4c73-acc2-92de1e8de82f@group-337408639475: changes role from  FOLLOWER to CANDIDATE at term 2 for changeToCandidate
2019-11-14 23:01:06,892 [Thread-216] INFO  impl.RoleInfo (RoleInfo.java:updateAndGet(143)) - 34d030e9-4022-4c73-acc2-92de1e8de82f: start LeaderElection
2019-11-14 23:01:06,909 [34d030e9-4022-4c73-acc2-92de1e8de82f@group-337408639475-LeaderElection8] INFO  impl.LeaderElection (LeaderElection.java:askForVotes(178)) - 34d030e9-4022-4c73-acc2-92de1e8de82f@group-337408639475-LeaderElection8: begin an election at term 3 for -1: [34d030e9-4022-4c73-acc2-92de1e8de82f:192.168.164.210:40872, 23435c0e-9f08-4b3a-93a8-ff7754a9abdc:192.168.164.210:37516, 795ccad7-a5f7-4de1-b4ec-0bba8df07f61:192.168.164.210:45282], old=null
2019-11-14 23:01:06,916 [grpc-default-executor-0] INFO  impl.RaftServerImpl (RaftServerImpl.java:setRole(173)) - 23435c0e-9f08-4b3a-93a8-ff7754a9abdc@group-337408639475: changes role from  FOLLOWER to FOLLOWER at term 3 for recognizeCandidate:34d030e9-4022-4c73-acc2-92de1e8de82f
2019-11-14 23:01:06,916 [grpc-default-executor-0] INFO  impl.RoleInfo (RoleInfo.java:shutdownFollowerState(121)) - 23435c0e-9f08-4b3a-93a8-ff7754a9abdc: shutdown FollowerState
2019-11-14 23:01:06,917 [Thread-217] INFO  impl.FollowerState (FollowerState.java:run(120)) - 23435c0e-9f08-4b3a-93a8-ff7754a9abdc@group-337408639475-FollowerState was interrupted: java.lang.InterruptedException: sleep interrupted
2019-11-14 23:01:06,917 [grpc-default-executor-0] INFO  impl.RoleInfo (RoleInfo.java:updateAndGet(143)) - 23435c0e-9f08-4b3a-93a8-ff7754a9abdc: start FollowerState
2019-11-14 23:01:06,919 [grpc-default-executor-5] INFO  impl.RaftServerImpl (RaftServerImpl.java:setRole(173)) - 795ccad7-a5f7-4de1-b4ec-0bba8df07f61@group-337408639475: changes role from  FOLLOWER to FOLLOWER at term 3 for recognizeCandidate:34d030e9-4022-4c73-acc2-92de1e8de82f
2019-11-14 23:01:06,919 [grpc-default-executor-5] INFO  impl.RoleInfo (RoleInfo.java:shutdownFollowerState(121)) - 795ccad7-a5f7-4de1-b4ec-0bba8df07f61: shutdown FollowerState
2019-11-14 23:01:06,920 [Thread-215] INFO  impl.FollowerState (FollowerState.java:run(120)) - 795ccad7-a5f7-4de1-b4ec-0bba8df07f61@group-337408639475-FollowerState was interrupted: java.lang.InterruptedException: sleep interrupted
2019-11-14 23:01:06,920 [grpc-default-executor-5] INFO  impl.RoleInfo (RoleInfo.java:updateAndGet(143)) - 795ccad7-a5f7-4de1-b4ec-0bba8df07f61: start FollowerState
2019-11-14 23:01:06,947 [34d030e9-4022-4c73-acc2-92de1e8de82f@group-337408639475-LeaderElection8] INFO  impl.LeaderElection (LeaderElection.java:logAndReturn(56)) - 34d030e9-4022-4c73-acc2-92de1e8de82f@group-337408639475-LeaderElection8: Election PASSED; received 1 response(s) [34d030e9-4022-4c73-acc2-92de1e8de82f<-795ccad7-a5f7-4de1-b4ec-0bba8df07f61#0:OK-t3] and 0 exception(s); 34d030e9-4022-4c73-acc2-92de1e8de82f@group-337408639475:t3, leader=null, voted=34d030e9-4022-4c73-acc2-92de1e8de82f, raftlog=34d030e9-4022-4c73-acc2-92de1e8de82f@group-337408639475-SegmentedRaftLog:OPENED:c-1,f-1,i0, conf=-1: [34d030e9-4022-4c73-acc2-92de1e8de82f:192.168.164.210:40872, 23435c0e-9f08-4b3a-93a8-ff7754a9abdc:192.168.164.210:37516, 795ccad7-a5f7-4de1-b4ec-0bba8df07f61:192.168.164.210:45282], old=null
2019-11-14 23:01:06,947 [34d030e9-4022-4c73-acc2-92de1e8de82f@group-337408639475-LeaderElection8] INFO  impl.RoleInfo (RoleInfo.java:shutdownLeaderElection(134)) - 34d030e9-4022-4c73-acc2-92de1e8de82f: shutdown LeaderElection
2019-11-14 23:01:06,948 [34d030e9-4022-4c73-acc2-92de1e8de82f@group-337408639475-LeaderElection8] INFO  impl.RaftServerImpl (RaftServerImpl.java:setRole(173)) - 34d030e9-4022-4c73-acc2-92de1e8de82f@group-337408639475: changes role from CANDIDATE to LEADER at term 3 for changeToLeader
2019-11-14 23:01:06,948 [34d030e9-4022-4c73-acc2-92de1e8de82f@group-337408639475-LeaderElection8] INFO  ratis.XceiverServerRatis (XceiverServerRatis.java:handleLeaderChangedNotification(697)) - Leader change notification received for group: group-337408639475 with new leaderId: 34d030e9-4022-4c73-acc2-92de1e8de82f
2019-11-14 23:01:06,949 [34d030e9-4022-4c73-acc2-92de1e8de82f@group-337408639475-LeaderElection8] INFO  impl.RaftServerImpl (ServerState.java:setLeader(255)) - 34d030e9-4022-4c73-acc2-92de1e8de82f@group-337408639475: change Leader from null to 34d030e9-4022-4c73-acc2-92de1e8de82f at term 3 for becomeLeader, leader elected after 21459ms
2019-11-14 23:01:06,950 [34d030e9-4022-4c73-acc2-92de1e8de82f@group-337408639475-LeaderElection8] INFO  server.RaftServerConfigKeys (ConfUtils.java:logGet(43)) - raft.server.staging.catchup.gap = 1000 (default)
2019-11-14 23:01:06,950 [34d030e9-4022-4c73-acc2-92de1e8de82f@group-337408639475-LeaderElection8] INFO  server.RaftServerConfigKeys (ConfUtils.java:logGet(43)) - raft.server.rpc.sleep.time = 25ms (default)
2019-11-14 23:01:06,950 [34d030e9-4022-4c73-acc2-92de1e8de82f@group-337408639475-LeaderElection8] INFO  server.RaftServerConfigKeys (ConfUtils.java:logGet(43)) - raft.server.write.element-limit = 4096 (default)
2019-11-14 23:01:06,950 [34d030e9-4022-4c73-acc2-92de1e8de82f@group-337408639475-LeaderElection8] INFO  server.RaftServerConfigKeys (ConfUtils.java:logGet(43)) - raft.server.watch.timeout = 10s (default)
2019-11-14 23:01:06,951 [34d030e9-4022-4c73-acc2-92de1e8de82f@group-337408639475-LeaderElection8] INFO  server.RaftServerConfigKeys (ConfUtils.java:logGet(43)) - raft.server.watch.timeout.denomination = 1s (default)
2019-11-14 23:01:06,951 [34d030e9-4022-4c73-acc2-92de1e8de82f@group-337408639475-LeaderElection8] INFO  server.RaftServerConfigKeys (ConfUtils.java:logGet(43)) - raft.server.watch.element-limit = 65536 (default)
2019-11-14 23:01:06,953 [EventQueue-PipelineReportForPipelineReportHandler] INFO  pipeline.PipelineStateManager (PipelineStateManager.java:openPipeline(134)) - Pipeline Pipeline[ Id: ff9c4cab-17a5-414e-b9aa-337408639475, Nodes: 23435c0e-9f08-4b3a-93a8-ff7754a9abdc{ip: 192.168.164.210, host: pr-hdds-2448-del-container-qmj8s-3203767274, networkLocation: /default-rack, certSerialId: null}34d030e9-4022-4c73-acc2-92de1e8de82f{ip: 192.168.164.210, host: pr-hdds-2448-del-container-qmj8s-3203767274, networkLocation: /default-rack, certSerialId: null}795ccad7-a5f7-4de1-b4ec-0bba8df07f61{ip: 192.168.164.210, host: pr-hdds-2448-del-container-qmj8s-3203767274, networkLocation: /default-rack, certSerialId: null}, Type:RATIS, Factor:THREE, State:OPEN] moved to OPEN state
2019-11-14 23:01:06,956 [EventQueue-ProcessedPipelineReportForHealthyPipelineSafeModeRule] INFO  safemode.SCMSafeModeManager (HealthyPipelineSafeModeRule.java:process(148)) - SCM in safe mode. Healthy pipelines reported count is 1, required healthy pipeline reported count is 1
2019-11-14 23:01:06,956 [34d030e9-4022-4c73-acc2-92de1e8de82f@group-337408639475-LeaderElection8] INFO  server.RaftServerConfigKeys (ConfUtils.java:logGet(43)) - raft.server.log.appender.snapshot.chunk.size.max = 16MB (=16777216) (default)
2019-11-14 23:01:06,956 [EventQueue-ProcessedPipelineReportForHealthyPipelineSafeModeRule] INFO  safemode.SCMSafeModeManager (SCMSafeModeManager.java:validateSafeModeExitRules(177)) - ScmSafeModeManager, all rules are successfully validated
2019-11-14 23:01:06,957 [34d030e9-4022-4c73-acc2-92de1e8de82f@group-337408639475-LeaderElection8] INFO  server.RaftServerConfigKeys (ConfUtils.java:logGet(43)) - raft.server.log.appender.buffer.byte-limit = 33554432 (custom)
2019-11-14 23:01:06,957 [EventQueue-ProcessedPipelineReportForHealthyPipelineSafeModeRule] INFO  safemode.SCMSafeModeManager (SCMSafeModeManager.java:exitSafeMode(193)) - SCM exiting safe mode.
2019-11-14 23:01:06,958 [34d030e9-4022-4c73-acc2-92de1e8de82f@group-337408639475-LeaderElection8] INFO  server.RaftServerConfigKeys (ConfUtils.java:logGet(43)) - raft.server.log.appender.buffer.element-limit = 1 (custom)
2019-11-14 23:01:06,969 [34d030e9-4022-4c73-acc2-92de1e8de82f@group-337408639475-LeaderElection8] INFO  grpc.GrpcConfigKeys$Server (ConfUtils.java:logGet(43)) - raft.grpc.server.leader.outstanding.appends.max = 128 (default)
2019-11-14 23:01:06,971 [34d030e9-4022-4c73-acc2-92de1e8de82f@group-337408639475-LeaderElection8] INFO  server.RaftServerConfigKeys (ConfUtils.java:logGet(43)) - raft.server.rpc.request.timeout = 3000ms (default)
2019-11-14 23:01:06,971 [34d030e9-4022-4c73-acc2-92de1e8de82f@group-337408639475-LeaderElection8] INFO  server.RaftServerConfigKeys (ConfUtils.java:logGet(43)) - raft.server.log.appender.install.snapshot.enabled = false (custom)
2019-11-14 23:01:06,974 [34d030e9-4022-4c73-acc2-92de1e8de82f@group-337408639475-LeaderElection8] WARN  impl.MetricRegistriesImpl (MetricRegistriesImpl.java:lambda$create$1(61)) - First MetricRegistry has been created without registering reporters. You may need to call MetricRegistries.global().addReportRegistration(...) before.
2019-11-14 23:01:06,976 [34d030e9-4022-4c73-acc2-92de1e8de82f@group-337408639475-LeaderElection8] INFO  server.RaftServerConfigKeys (ConfUtils.java:logGet(43)) - raft.server.log.appender.snapshot.chunk.size.max = 16MB (=16777216) (default)
2019-11-14 23:01:06,976 [34d030e9-4022-4c73-acc2-92de1e8de82f@group-337408639475-LeaderElection8] INFO  server.RaftServerConfigKeys (ConfUtils.java:logGet(43)) - raft.server.log.appender.buffer.byte-limit = 33554432 (custom)
2019-11-14 23:01:06,976 [34d030e9-4022-4c73-acc2-92de1e8de82f@group-337408639475-LeaderElection8] INFO  server.RaftServerConfigKeys (ConfUtils.java:logGet(43)) - raft.server.log.appender.buffer.element-limit = 1 (custom)
2019-11-14 23:01:06,977 [34d030e9-4022-4c73-acc2-92de1e8de82f@group-337408639475-LeaderElection8] INFO  grpc.GrpcConfigKeys$Server (ConfUtils.java:logGet(43)) - raft.grpc.server.leader.outstanding.appends.max = 128 (default)
2019-11-14 23:01:06,977 [34d030e9-4022-4c73-acc2-92de1e8de82f@group-337408639475-LeaderElection8] INFO  server.RaftServerConfigKeys (ConfUtils.java:logGet(43)) - raft.server.rpc.request.timeout = 3000ms (default)
2019-11-14 23:01:06,977 [34d030e9-4022-4c73-acc2-92de1e8de82f@group-337408639475-LeaderElection8] INFO  server.RaftServerConfigKeys (ConfUtils.java:logGet(43)) - raft.server.log.appender.install.snapshot.enabled = false (custom)
2019-11-14 23:01:06,981 [grpc-default-executor-0] INFO  impl.RaftServerProxy (RaftServerProxy.java:addNew(89)) - 23435c0e-9f08-4b3a-93a8-ff7754a9abdc: addNew group-DB4C5A98C1D5:[23435c0e-9f08-4b3a-93a8-ff7754a9abdc:192.168.164.210:37516] returns group-DB4C5A98C1D5:java.util.concurrent.CompletableFuture@6558e8df[Not completed]
2019-11-14 23:01:06,982 [34d030e9-4022-4c73-acc2-92de1e8de82f@group-337408639475-LeaderElection8] INFO  impl.RoleInfo (RoleInfo.java:updateAndGet(143)) - 34d030e9-4022-4c73-acc2-92de1e8de82f: start LeaderState
2019-11-14 23:01:06,983 [34d030e9-4022-4c73-acc2-92de1e8de82f@group-337408639475-LeaderElection8] INFO  segmented.SegmentedRaftLogWorker (SegmentedRaftLogWorker.java:startLogSegment(385)) - 34d030e9-4022-4c73-acc2-92de1e8de82f@group-337408639475-SegmentedRaftLogWorker: Starting segment from index:0
2019-11-14 23:01:06,984 [pool-49-thread-1] INFO  impl.RaftServerImpl (RaftServerImpl.java:<init>(98)) - 23435c0e-9f08-4b3a-93a8-ff7754a9abdc: new RaftServerImpl for group-DB4C5A98C1D5:[23435c0e-9f08-4b3a-93a8-ff7754a9abdc:192.168.164.210:37516] with ContainerStateMachine:uninitialized
2019-11-14 23:01:06,984 [34d030e9-4022-4c73-acc2-92de1e8de82f@group-337408639475-LeaderElection8] INFO  impl.RaftServerImpl (ServerState.java:setRaftConf(356)) - 34d030e9-4022-4c73-acc2-92de1e8de82f@group-337408639475: set configuration 0: [34d030e9-4022-4c73-acc2-92de1e8de82f:192.168.164.210:40872, 23435c0e-9f08-4b3a-93a8-ff7754a9abdc:192.168.164.210:37516, 795ccad7-a5f7-4de1-b4ec-0bba8df07f61:192.168.164.210:45282], old=null at 0
2019-11-14 23:01:06,984 [pool-49-thread-1] INFO  server.RaftServerConfigKeys (ConfUtils.java:logGet(43)) - raft.server.rpc.timeout.min = 5s (custom)
2019-11-14 23:01:06,987 [pool-49-thread-1] INFO  server.RaftServerConfigKeys (ConfUtils.java:logGet(43)) - raft.server.rpc.timeout.max = 5200ms (custom)
2019-11-14 23:01:06,987 [pool-49-thread-1] INFO  server.RaftServerConfigKeys (ConfUtils.java:logGet(43)) - raft.server.rpcslowness.timeout = 120s (custom)
2019-11-14 23:01:06,987 [pool-49-thread-1] INFO  server.RaftServerConfigKeys (ConfUtils.java:logGet(43)) - raft.server.sleep.deviation.threshold = 300 (default)
2019-11-14 23:01:06,987 [pool-49-thread-1] INFO  server.RaftServerConfigKeys (ConfUtils.java:logGet(43)) - raft.server.log.appender.install.snapshot.enabled = false (custom)
2019-11-14 23:01:06,987 [pool-49-thread-1] INFO  impl.RaftServerImpl (ServerState.java:<init>(103)) - 23435c0e-9f08-4b3a-93a8-ff7754a9abdc@group-DB4C5A98C1D5: ConfigurationManager, init=-1: [23435c0e-9f08-4b3a-93a8-ff7754a9abdc:192.168.164.210:37516], old=null, confs=<EMPTY_MAP>
2019-11-14 23:01:06,988 [pool-49-thread-1] INFO  server.RaftServerConfigKeys (ConfUtils.java:logGet(43)) - raft.server.storage.dir = [/workdir/hadoop-ozone/integration-test/target/test-dir/MiniOzoneClusterImpl-d80f6904-08ae-461d-86df-e4f9bc309fd1/datanode-2/data/ratis] (custom)
2019-11-14 23:01:06,988 [pool-49-thread-1] INFO  server.RaftServerConfigKeys (ConfUtils.java:logGet(43)) - raft.server.log.corruption.policy = EXCEPTION (default)
2019-11-14 23:01:06,988 [pool-49-thread-1] INFO  storage.RaftStorageDirectory (RaftStorageDirectory.java:analyzeStorage(246)) - The storage directory /workdir/hadoop-ozone/integration-test/target/test-dir/MiniOzoneClusterImpl-d80f6904-08ae-461d-86df-e4f9bc309fd1/datanode-2/data/ratis/4236fdaf-e98e-4f95-a14e-db4c5a98c1d5 does not exist. Creating ...
2019-11-14 23:01:07,002 [pool-49-thread-1] INFO  storage.RaftStorageDirectory (RaftStorageDirectory.java:tryLock(328)) - Lock on /workdir/hadoop-ozone/integration-test/target/test-dir/MiniOzoneClusterImpl-d80f6904-08ae-461d-86df-e4f9bc309fd1/datanode-2/data/ratis/4236fdaf-e98e-4f95-a14e-db4c5a98c1d5/in_use.lock acquired by nodename 10065@pr-hdds-2448-del-container-qmj8s-3203767274
2019-11-14 23:01:07,023 [pool-49-thread-1] INFO  storage.RaftStorage (RaftStorage.java:format(84)) - Storage directory /workdir/hadoop-ozone/integration-test/target/test-dir/MiniOzoneClusterImpl-d80f6904-08ae-461d-86df-e4f9bc309fd1/datanode-2/data/ratis/4236fdaf-e98e-4f95-a14e-db4c5a98c1d5 has been successfully formatted.
2019-11-14 23:01:07,024 [pool-49-thread-1] INFO  ratis.ContainerStateMachine (ContainerStateMachine.java:loadSnapshot(223)) - group-DB4C5A98C1D5: The snapshot info is null. Setting the last applied indexto:(t:0, i:~)
2019-11-14 23:01:07,024 [pool-49-thread-1] INFO  server.RaftServerConfigKeys (ConfUtils.java:logGet(43)) - raft.server.notification.no-leader.timeout = 120s (custom)
2019-11-14 23:01:07,024 [pool-49-thread-1] INFO  server.RaftServerConfigKeys (ConfUtils.java:logGet(43)) - raft.server.log.use.memory = false (default)
2019-11-14 23:01:07,024 [pool-49-thread-1] INFO  server.RaftServerConfigKeys (ConfUtils.java:logGet(43)) - raft.server.log.purge.gap = 1000000 (custom)
2019-11-14 23:01:07,025 [pool-49-thread-1] INFO  server.RaftServerConfigKeys (ConfUtils.java:logGet(43)) - raft.server.log.appender.buffer.byte-limit = 33554432 (custom)
2019-11-14 23:01:07,027 [pool-49-thread-1] INFO  server.RaftServerConfigKeys (ConfUtils.java:logGet(43)) - raft.server.log.segment.size.max = 1048576 (custom)
2019-11-14 23:01:07,027 [grpc-default-executor-0] INFO  ratis.XceiverServerRatis (XceiverServerRatis.java:handleLeaderChangedNotification(697)) - Leader change notification received for group: group-337408639475 with new leaderId: 34d030e9-4022-4c73-acc2-92de1e8de82f
2019-11-14 23:01:07,028 [grpc-default-executor-5] INFO  ratis.XceiverServerRatis (XceiverServerRatis.java:handleLeaderChangedNotification(697)) - Leader change notification received for group: group-337408639475 with new leaderId: 34d030e9-4022-4c73-acc2-92de1e8de82f
2019-11-14 23:01:07,028 [pool-49-thread-1] INFO  server.RaftServerConfigKeys (ConfUtils.java:logGet(43)) - raft.server.log.segment.cache.num.max = 2 (custom)
2019-11-14 23:01:07,028 [grpc-default-executor-5] INFO  impl.RaftServerImpl (ServerState.java:setLeader(255)) - 23435c0e-9f08-4b3a-93a8-ff7754a9abdc@group-337408639475: change Leader from null to 34d030e9-4022-4c73-acc2-92de1e8de82f at term 3 for appendEntries, leader elected after 21663ms
2019-11-14 23:01:07,028 [grpc-default-executor-0] INFO  impl.RaftServerImpl (ServerState.java:setLeader(255)) - 795ccad7-a5f7-4de1-b4ec-0bba8df07f61@group-337408639475: change Leader from null to 34d030e9-4022-4c73-acc2-92de1e8de82f at term 3 for appendEntries, leader elected after 21663ms
2019-11-14 23:01:07,028 [pool-49-thread-1] INFO  segmented.SegmentedRaftLogWorker (SegmentedRaftLogWorker.java:<init>(173)) - new 23435c0e-9f08-4b3a-93a8-ff7754a9abdc@group-DB4C5A98C1D5-SegmentedRaftLogWorker for RaftStorage:Storage Directory /workdir/hadoop-ozone/integration-test/target/test-dir/MiniOzoneClusterImpl-d80f6904-08ae-461d-86df-e4f9bc309fd1/datanode-2/data/ratis/4236fdaf-e98e-4f95-a14e-db4c5a98c1d5
2019-11-14 23:01:07,029 [pool-49-thread-1] INFO  server.RaftServerConfigKeys (ConfUtils.java:logGet(43)) - raft.server.log.queue.byte-limit = 2147483647 (custom)
2019-11-14 23:01:07,029 [pool-49-thread-1] INFO  server.RaftServerConfigKeys (ConfUtils.java:logGet(43)) - raft.server.log.queue.element-limit = 1024 (custom)
2019-11-14 23:01:07,029 [pool-49-thread-1] INFO  server.RaftServerConfigKeys (ConfUtils.java:logGet(43)) - raft.server.log.segment.size.max = 1048576 (custom)
2019-11-14 23:01:07,029 [pool-49-thread-1] INFO  server.RaftServerConfigKeys (ConfUtils.java:logGet(43)) - raft.server.log.preallocated.size = 16384 (custom)
2019-11-14 23:01:07,029 [pool-49-thread-1] INFO  server.RaftServerConfigKeys (ConfUtils.java:logGet(43)) - raft.server.log.write.buffer.size = 33554432 (custom)
2019-11-14 23:01:07,030 [pool-49-thread-1] INFO  server.RaftServerConfigKeys (ConfUtils.java:logGet(43)) - raft.server.log.force.sync.num = 128 (default)
2019-11-14 23:01:07,030 [pool-49-thread-1] INFO  server.RaftServerConfigKeys (ConfUtils.java:logGet(43)) - raft.server.log.statemachine.data.sync = true (default)
2019-11-14 23:01:07,030 [pool-49-thread-1] INFO  server.RaftServerConfigKeys (ConfUtils.java:logGet(43)) - raft.server.log.statemachine.data.sync.timeout = 10s (default)
2019-11-14 23:01:07,030 [pool-49-thread-1] INFO  server.RaftServerConfigKeys (ConfUtils.java:logGet(43)) - raft.server.log.statemachine.data.sync.timeout.retry = -1 (default)
2019-11-14 23:01:07,030 [pool-49-thread-1] INFO  server.RaftServerConfigKeys (ConfUtils.java:logGet(43)) - raft.server.log.statemachine.data.caching.enabled = true (custom)
2019-11-14 23:01:07,032 [pool-49-thread-1] INFO  segmented.SegmentedRaftLogWorker (SegmentedRaftLogWorker.java:lambda$new$0(128)) - 23435c0e-9f08-4b3a-93a8-ff7754a9abdc@group-DB4C5A98C1D5-SegmentedRaftLogWorker: flushIndex: setUnconditionally 0 -> -1
2019-11-14 23:01:07,032 [pool-49-thread-1] INFO  server.RaftServerConfigKeys (ConfUtils.java:logGet(43)) - raft.server.snapshot.auto.trigger.enabled = true (custom)
2019-11-14 23:01:07,033 [pool-49-thread-1] INFO  server.RaftServerConfigKeys (ConfUtils.java:logGet(43)) - raft.server.snapshot.auto.trigger.threshold = 10000 (custom)
2019-11-14 23:01:07,033 [pool-49-thread-1] INFO  server.RaftServerConfigKeys (ConfUtils.java:logGet(43)) - raft.server.snapshot.retention.file.num = 5 (custom)
2019-11-14 23:01:07,033 [pool-49-thread-1] INFO  server.RaftServerConfigKeys (ConfUtils.java:logGet(43)) - raft.server.retrycache.expirytime = 600000ms (custom)
2019-11-14 23:01:07,034 [pool-49-thread-1] WARN  impl.MetricRegistriesImpl (MetricRegistriesImpl.java:lambda$create$1(61)) - First MetricRegistry has been created without registering reporters. You may need to call MetricRegistries.global().addReportRegistration(...) before.
2019-11-14 23:01:07,036 [pool-49-thread-1] WARN  impl.MetricRegistriesImpl (MetricRegistriesImpl.java:lambda$create$1(61)) - First MetricRegistry has been created without registering reporters. You may need to call MetricRegistries.global().addReportRegistration(...) before.
2019-11-14 23:01:07,036 [pool-49-thread-1] INFO  impl.RaftServerImpl (RaftServerImpl.java:start(184)) - 23435c0e-9f08-4b3a-93a8-ff7754a9abdc@group-DB4C5A98C1D5: start as a follower, conf=-1: [23435c0e-9f08-4b3a-93a8-ff7754a9abdc:192.168.164.210:37516], old=null
2019-11-14 23:01:07,037 [pool-49-thread-1] INFO  impl.RaftServerImpl (RaftServerImpl.java:setRole(173)) - 23435c0e-9f08-4b3a-93a8-ff7754a9abdc@group-DB4C5A98C1D5: changes role from      null to FOLLOWER at term 0 for startAsFollower
2019-11-14 23:01:07,037 [pool-49-thread-1] INFO  impl.RoleInfo (RoleInfo.java:updateAndGet(143)) - 23435c0e-9f08-4b3a-93a8-ff7754a9abdc: start FollowerState
2019-11-14 23:01:07,037 [pool-49-thread-1] INFO  util.JmxRegister (JmxRegister.java:tryRegister(44)) - Successfully registered JMX Bean with object name Ratis:service=RaftServer,group=group-DB4C5A98C1D5,id=23435c0e-9f08-4b3a-93a8-ff7754a9abdc
2019-11-14 23:01:07,037 [pool-49-thread-1] WARN  impl.MetricRegistriesImpl (MetricRegistriesImpl.java:lambda$create$1(61)) - First MetricRegistry has been created without registering reporters. You may need to call MetricRegistries.global().addReportRegistration(...) before.
2019-11-14 23:01:07,039 [34d030e9-4022-4c73-acc2-92de1e8de82f@group-337408639475-SegmentedRaftLogWorker] INFO  segmented.SegmentedRaftLogWorker (SegmentedRaftLogWorker.java:execute(576)) - 34d030e9-4022-4c73-acc2-92de1e8de82f@group-337408639475-SegmentedRaftLogWorker: created new log segment /workdir/hadoop-ozone/integration-test/target/test-dir/MiniOzoneClusterImpl-d80f6904-08ae-461d-86df-e4f9bc309fd1/datanode-0/data/ratis/ff9c4cab-17a5-414e-b9aa-337408639475/current/log_inprogress_0
2019-11-14 23:01:07,045 [RatisPipelineUtilsThread] INFO  pipeline.PipelineStateManager (PipelineStateManager.java:addPipeline(55)) - Created pipeline Pipeline[ Id: 4236fdaf-e98e-4f95-a14e-db4c5a98c1d5, Nodes: 23435c0e-9f08-4b3a-93a8-ff7754a9abdc{ip: 192.168.164.210, host: pr-hdds-2448-del-container-qmj8s-3203767274, networkLocation: /default-rack, certSerialId: null}, Type:RATIS, Factor:ONE, State:ALLOCATED]
2019-11-14 23:01:07,063 [grpc-default-executor-2] INFO  impl.RaftServerProxy (RaftServerProxy.java:addNew(89)) - 34d030e9-4022-4c73-acc2-92de1e8de82f: addNew group-20019366EAFF:[34d030e9-4022-4c73-acc2-92de1e8de82f:192.168.164.210:40872] returns group-20019366EAFF:java.util.concurrent.CompletableFuture@64d4b2d4[Not completed]
2019-11-14 23:01:07,066 [pool-27-thread-1] INFO  impl.RaftServerImpl (RaftServerImpl.java:<init>(98)) - 34d030e9-4022-4c73-acc2-92de1e8de82f: new RaftServerImpl for group-20019366EAFF:[34d030e9-4022-4c73-acc2-92de1e8de82f:192.168.164.210:40872] with ContainerStateMachine:uninitialized
2019-11-14 23:01:07,066 [pool-27-thread-1] INFO  server.RaftServerConfigKeys (ConfUtils.java:logGet(43)) - raft.server.rpc.timeout.min = 5s (custom)
2019-11-14 23:01:07,066 [pool-27-thread-1] INFO  server.RaftServerConfigKeys (ConfUtils.java:logGet(43)) - raft.server.rpc.timeout.max = 5200ms (custom)
2019-11-14 23:01:07,066 [pool-27-thread-1] INFO  server.RaftServerConfigKeys (ConfUtils.java:logGet(43)) - raft.server.rpcslowness.timeout = 120s (custom)
2019-11-14 23:01:07,066 [pool-27-thread-1] INFO  server.RaftServerConfigKeys (ConfUtils.java:logGet(43)) - raft.server.sleep.deviation.threshold = 300 (default)
2019-11-14 23:01:07,067 [pool-27-thread-1] INFO  server.RaftServerConfigKeys (ConfUtils.java:logGet(43)) - raft.server.log.appender.install.snapshot.enabled = false (custom)
2019-11-14 23:01:07,067 [pool-27-thread-1] INFO  impl.RaftServerImpl (ServerState.java:<init>(103)) - 34d030e9-4022-4c73-acc2-92de1e8de82f@group-20019366EAFF: ConfigurationManager, init=-1: [34d030e9-4022-4c73-acc2-92de1e8de82f:192.168.164.210:40872], old=null, confs=<EMPTY_MAP>
2019-11-14 23:01:07,067 [grpc-default-executor-0] INFO  impl.RaftServerImpl (ServerState.java:setRaftConf(356)) - 795ccad7-a5f7-4de1-b4ec-0bba8df07f61@group-337408639475: set configuration 0: [34d030e9-4022-4c73-acc2-92de1e8de82f:192.168.164.210:40872, 23435c0e-9f08-4b3a-93a8-ff7754a9abdc:192.168.164.210:37516, 795ccad7-a5f7-4de1-b4ec-0bba8df07f61:192.168.164.210:45282], old=null at 0
2019-11-14 23:01:07,067 [pool-27-thread-1] INFO  server.RaftServerConfigKeys (ConfUtils.java:logGet(43)) - raft.server.storage.dir = [/workdir/hadoop-ozone/integration-test/target/test-dir/MiniOzoneClusterImpl-d80f6904-08ae-461d-86df-e4f9bc309fd1/datanode-0/data/ratis] (custom)
2019-11-14 23:01:07,067 [grpc-default-executor-0] INFO  segmented.SegmentedRaftLogWorker (SegmentedRaftLogWorker.java:startLogSegment(385)) - 795ccad7-a5f7-4de1-b4ec-0bba8df07f61@group-337408639475-SegmentedRaftLogWorker: Starting segment from index:0
2019-11-14 23:01:07,067 [grpc-default-executor-2] INFO  impl.RaftServerImpl (ServerState.java:setRaftConf(356)) - 23435c0e-9f08-4b3a-93a8-ff7754a9abdc@group-337408639475: set configuration 0: [34d030e9-4022-4c73-acc2-92de1e8de82f:192.168.164.210:40872, 23435c0e-9f08-4b3a-93a8-ff7754a9abdc:192.168.164.210:37516, 795ccad7-a5f7-4de1-b4ec-0bba8df07f61:192.168.164.210:45282], old=null at 0
2019-11-14 23:01:07,068 [pool-27-thread-1] INFO  server.RaftServerConfigKeys (ConfUtils.java:logGet(43)) - raft.server.log.corruption.policy = EXCEPTION (default)
2019-11-14 23:01:07,068 [grpc-default-executor-2] INFO  segmented.SegmentedRaftLogWorker (SegmentedRaftLogWorker.java:startLogSegment(385)) - 23435c0e-9f08-4b3a-93a8-ff7754a9abdc@group-337408639475-SegmentedRaftLogWorker: Starting segment from index:0
2019-11-14 23:01:07,068 [pool-27-thread-1] INFO  storage.RaftStorageDirectory (RaftStorageDirectory.java:analyzeStorage(246)) - The storage directory /workdir/hadoop-ozone/integration-test/target/test-dir/MiniOzoneClusterImpl-d80f6904-08ae-461d-86df-e4f9bc309fd1/datanode-0/data/ratis/daf02776-7ec8-4c9b-a092-20019366eaff does not exist. Creating ...
2019-11-14 23:01:07,090 [pool-27-thread-1] INFO  storage.RaftStorageDirectory (RaftStorageDirectory.java:tryLock(328)) - Lock on /workdir/hadoop-ozone/integration-test/target/test-dir/MiniOzoneClusterImpl-d80f6904-08ae-461d-86df-e4f9bc309fd1/datanode-0/data/ratis/daf02776-7ec8-4c9b-a092-20019366eaff/in_use.lock acquired by nodename 10065@pr-hdds-2448-del-container-qmj8s-3203767274
2019-11-14 23:01:07,104 [pool-27-thread-1] INFO  storage.RaftStorage (RaftStorage.java:format(84)) - Storage directory /workdir/hadoop-ozone/integration-test/target/test-dir/MiniOzoneClusterImpl-d80f6904-08ae-461d-86df-e4f9bc309fd1/datanode-0/data/ratis/daf02776-7ec8-4c9b-a092-20019366eaff has been successfully formatted.
2019-11-14 23:01:07,105 [pool-27-thread-1] INFO  ratis.ContainerStateMachine (ContainerStateMachine.java:loadSnapshot(223)) - group-20019366EAFF: The snapshot info is null. Setting the last applied indexto:(t:0, i:~)
2019-11-14 23:01:07,105 [pool-27-thread-1] INFO  server.RaftServerConfigKeys (ConfUtils.java:logGet(43)) - raft.server.notification.no-leader.timeout = 120s (custom)
2019-11-14 23:01:07,105 [pool-27-thread-1] INFO  server.RaftServerConfigKeys (ConfUtils.java:logGet(43)) - raft.server.log.use.memory = false (default)
2019-11-14 23:01:07,105 [795ccad7-a5f7-4de1-b4ec-0bba8df07f61@group-337408639475-SegmentedRaftLogWorker] INFO  segmented.SegmentedRaftLogWorker (SegmentedRaftLogWorker.java:execute(576)) - 795ccad7-a5f7-4de1-b4ec-0bba8df07f61@group-337408639475-SegmentedRaftLogWorker: created new log segment /workdir/hadoop-ozone/integration-test/target/test-dir/MiniOzoneClusterImpl-d80f6904-08ae-461d-86df-e4f9bc309fd1/datanode-1/data/ratis/ff9c4cab-17a5-414e-b9aa-337408639475/current/log_inprogress_0
2019-11-14 23:01:07,106 [pool-27-thread-1] INFO  server.RaftServerConfigKeys (ConfUtils.java:logGet(43)) - raft.server.log.purge.gap = 1000000 (custom)
2019-11-14 23:01:07,106 [pool-27-thread-1] INFO  server.RaftServerConfigKeys (ConfUtils.java:logGet(43)) - raft.server.log.appender.buffer.byte-limit = 33554432 (custom)
2019-11-14 23:01:07,106 [pool-27-thread-1] INFO  server.RaftServerConfigKeys (ConfUtils.java:logGet(43)) - raft.server.log.segment.size.max = 1048576 (custom)
2019-11-14 23:01:07,106 [pool-27-thread-1] INFO  server.RaftServerConfigKeys (ConfUtils.java:logGet(43)) - raft.server.log.segment.cache.num.max = 2 (custom)
2019-11-14 23:01:07,107 [pool-27-thread-1] INFO  segmented.SegmentedRaftLogWorker (SegmentedRaftLogWorker.java:<init>(173)) - new 34d030e9-4022-4c73-acc2-92de1e8de82f@group-20019366EAFF-SegmentedRaftLogWorker for RaftStorage:Storage Directory /workdir/hadoop-ozone/integration-test/target/test-dir/MiniOzoneClusterImpl-d80f6904-08ae-461d-86df-e4f9bc309fd1/datanode-0/data/ratis/daf02776-7ec8-4c9b-a092-20019366eaff
2019-11-14 23:01:07,107 [pool-27-thread-1] INFO  server.RaftServerConfigKeys (ConfUtils.java:logGet(43)) - raft.server.log.queue.byte-limit = 2147483647 (custom)
2019-11-14 23:01:07,107 [pool-27-thread-1] INFO  server.RaftServerConfigKeys (ConfUtils.java:logGet(43)) - raft.server.log.queue.element-limit = 1024 (custom)
2019-11-14 23:01:07,107 [pool-27-thread-1] INFO  server.RaftServerConfigKeys (ConfUtils.java:logGet(43)) - raft.server.log.segment.size.max = 1048576 (custom)
2019-11-14 23:01:07,107 [pool-27-thread-1] INFO  server.RaftServerConfigKeys (ConfUtils.java:logGet(43)) - raft.server.log.preallocated.size = 16384 (custom)
2019-11-14 23:01:07,108 [pool-27-thread-1] INFO  server.RaftServerConfigKeys (ConfUtils.java:logGet(43)) - raft.server.log.write.buffer.size = 33554432 (custom)
2019-11-14 23:01:07,108 [pool-27-thread-1] INFO  server.RaftServerConfigKeys (ConfUtils.java:logGet(43)) - raft.server.log.force.sync.num = 128 (default)
2019-11-14 23:01:07,108 [pool-27-thread-1] INFO  server.RaftServerConfigKeys (ConfUtils.java:logGet(43)) - raft.server.log.statemachine.data.sync = true (default)
2019-11-14 23:01:07,108 [pool-27-thread-1] INFO  server.RaftServerConfigKeys (ConfUtils.java:logGet(43)) - raft.server.log.statemachine.data.sync.timeout = 10s (default)
2019-11-14 23:01:07,108 [pool-27-thread-1] INFO  server.RaftServerConfigKeys (ConfUtils.java:logGet(43)) - raft.server.log.statemachine.data.sync.timeout.retry = -1 (default)
2019-11-14 23:01:07,109 [pool-27-thread-1] INFO  server.RaftServerConfigKeys (ConfUtils.java:logGet(43)) - raft.server.log.statemachine.data.caching.enabled = true (custom)
2019-11-14 23:01:07,109 [pool-27-thread-1] INFO  segmented.SegmentedRaftLogWorker (SegmentedRaftLogWorker.java:lambda$new$0(128)) - 34d030e9-4022-4c73-acc2-92de1e8de82f@group-20019366EAFF-SegmentedRaftLogWorker: flushIndex: setUnconditionally 0 -> -1
2019-11-14 23:01:07,110 [pool-27-thread-1] INFO  server.RaftServerConfigKeys (ConfUtils.java:logGet(43)) - raft.server.snapshot.auto.trigger.enabled = true (custom)
2019-11-14 23:01:07,110 [pool-27-thread-1] INFO  server.RaftServerConfigKeys (ConfUtils.java:logGet(43)) - raft.server.snapshot.auto.trigger.threshold = 10000 (custom)
2019-11-14 23:01:07,110 [pool-27-thread-1] INFO  server.RaftServerConfigKeys (ConfUtils.java:logGet(43)) - raft.server.snapshot.retention.file.num = 5 (custom)
2019-11-14 23:01:07,110 [pool-27-thread-1] INFO  server.RaftServerConfigKeys (ConfUtils.java:logGet(43)) - raft.server.retrycache.expirytime = 600000ms (custom)
2019-11-14 23:01:07,111 [pool-27-thread-1] WARN  impl.MetricRegistriesImpl (MetricRegistriesImpl.java:lambda$create$1(61)) - First MetricRegistry has been created without registering reporters. You may need to call MetricRegistries.global().addReportRegistration(...) before.
2019-11-14 23:01:07,111 [pool-27-thread-1] WARN  impl.MetricRegistriesImpl (MetricRegistriesImpl.java:lambda$create$1(61)) - First MetricRegistry has been created without registering reporters. You may need to call MetricRegistries.global().addReportRegistration(...) before.
2019-11-14 23:01:07,111 [pool-27-thread-1] INFO  impl.RaftServerImpl (RaftServerImpl.java:start(184)) - 34d030e9-4022-4c73-acc2-92de1e8de82f@group-20019366EAFF: start as a follower, conf=-1: [34d030e9-4022-4c73-acc2-92de1e8de82f:192.168.164.210:40872], old=null
2019-11-14 23:01:07,111 [pool-27-thread-1] INFO  impl.RaftServerImpl (RaftServerImpl.java:setRole(173)) - 34d030e9-4022-4c73-acc2-92de1e8de82f@group-20019366EAFF: changes role from      null to FOLLOWER at term 0 for startAsFollower
2019-11-14 23:01:07,112 [pool-27-thread-1] INFO  impl.RoleInfo (RoleInfo.java:updateAndGet(143)) - 34d030e9-4022-4c73-acc2-92de1e8de82f: start FollowerState
2019-11-14 23:01:07,112 [pool-27-thread-1] INFO  util.JmxRegister (JmxRegister.java:tryRegister(44)) - Successfully registered JMX Bean with object name Ratis:service=RaftServer,group=group-20019366EAFF,id=34d030e9-4022-4c73-acc2-92de1e8de82f
2019-11-14 23:01:07,112 [pool-27-thread-1] WARN  impl.MetricRegistriesImpl (MetricRegistriesImpl.java:lambda$create$1(61)) - First MetricRegistry has been created without registering reporters. You may need to call MetricRegistries.global().addReportRegistration(...) before.
2019-11-14 23:01:07,118 [RatisPipelineUtilsThread] INFO  pipeline.PipelineStateManager (PipelineStateManager.java:addPipeline(55)) - Created pipeline Pipeline[ Id: daf02776-7ec8-4c9b-a092-20019366eaff, Nodes: 34d030e9-4022-4c73-acc2-92de1e8de82f{ip: 192.168.164.210, host: pr-hdds-2448-del-container-qmj8s-3203767274, networkLocation: /default-rack, certSerialId: null}, Type:RATIS, Factor:ONE, State:ALLOCATED]
2019-11-14 23:01:07,120 [23435c0e-9f08-4b3a-93a8-ff7754a9abdc@group-337408639475-SegmentedRaftLogWorker] INFO  segmented.SegmentedRaftLogWorker (SegmentedRaftLogWorker.java:execute(576)) - 23435c0e-9f08-4b3a-93a8-ff7754a9abdc@group-337408639475-SegmentedRaftLogWorker: created new log segment /workdir/hadoop-ozone/integration-test/target/test-dir/MiniOzoneClusterImpl-d80f6904-08ae-461d-86df-e4f9bc309fd1/datanode-2/data/ratis/ff9c4cab-17a5-414e-b9aa-337408639475/current/log_inprogress_0
2019-11-14 23:01:07,130 [grpc-default-executor-2] INFO  impl.RaftServerProxy (RaftServerProxy.java:addNew(89)) - 795ccad7-a5f7-4de1-b4ec-0bba8df07f61: addNew group-89F77C876D3A:[795ccad7-a5f7-4de1-b4ec-0bba8df07f61:192.168.164.210:45282] returns group-89F77C876D3A:java.util.concurrent.CompletableFuture@7ffcbbd0[Not completed]
2019-11-14 23:01:07,132 [pool-38-thread-1] INFO  impl.RaftServerImpl (RaftServerImpl.java:<init>(98)) - 795ccad7-a5f7-4de1-b4ec-0bba8df07f61: new RaftServerImpl for group-89F77C876D3A:[795ccad7-a5f7-4de1-b4ec-0bba8df07f61:192.168.164.210:45282] with ContainerStateMachine:uninitialized
2019-11-14 23:01:07,132 [pool-38-thread-1] INFO  server.RaftServerConfigKeys (ConfUtils.java:logGet(43)) - raft.server.rpc.timeout.min = 5s (custom)
2019-11-14 23:01:07,133 [pool-38-thread-1] INFO  server.RaftServerConfigKeys (ConfUtils.java:logGet(43)) - raft.server.rpc.timeout.max = 5200ms (custom)
2019-11-14 23:01:07,133 [pool-38-thread-1] INFO  server.RaftServerConfigKeys (ConfUtils.java:logGet(43)) - raft.server.rpcslowness.timeout = 120s (custom)
2019-11-14 23:01:07,133 [pool-38-thread-1] INFO  server.RaftServerConfigKeys (ConfUtils.java:logGet(43)) - raft.server.sleep.deviation.threshold = 300 (default)
2019-11-14 23:01:07,133 [pool-38-thread-1] INFO  server.RaftServerConfigKeys (ConfUtils.java:logGet(43)) - raft.server.log.appender.install.snapshot.enabled = false (custom)
2019-11-14 23:01:07,133 [pool-38-thread-1] INFO  impl.RaftServerImpl (ServerState.java:<init>(103)) - 795ccad7-a5f7-4de1-b4ec-0bba8df07f61@group-89F77C876D3A: ConfigurationManager, init=-1: [795ccad7-a5f7-4de1-b4ec-0bba8df07f61:192.168.164.210:45282], old=null, confs=<EMPTY_MAP>
2019-11-14 23:01:07,134 [pool-38-thread-1] INFO  server.RaftServerConfigKeys (ConfUtils.java:logGet(43)) - raft.server.storage.dir = [/workdir/hadoop-ozone/integration-test/target/test-dir/MiniOzoneClusterImpl-d80f6904-08ae-461d-86df-e4f9bc309fd1/datanode-1/data/ratis] (custom)
2019-11-14 23:01:07,134 [pool-38-thread-1] INFO  server.RaftServerConfigKeys (ConfUtils.java:logGet(43)) - raft.server.log.corruption.policy = EXCEPTION (default)
2019-11-14 23:01:07,134 [pool-38-thread-1] INFO  storage.RaftStorageDirectory (RaftStorageDirectory.java:analyzeStorage(246)) - The storage directory /workdir/hadoop-ozone/integration-test/target/test-dir/MiniOzoneClusterImpl-d80f6904-08ae-461d-86df-e4f9bc309fd1/datanode-1/data/ratis/94a876df-40f9-4b5e-b39c-89f77c876d3a does not exist. Creating ...
2019-11-14 23:01:07,147 [pool-38-thread-1] INFO  storage.RaftStorageDirectory (RaftStorageDirectory.java:tryLock(328)) - Lock on /workdir/hadoop-ozone/integration-test/target/test-dir/MiniOzoneClusterImpl-d80f6904-08ae-461d-86df-e4f9bc309fd1/datanode-1/data/ratis/94a876df-40f9-4b5e-b39c-89f77c876d3a/in_use.lock acquired by nodename 10065@pr-hdds-2448-del-container-qmj8s-3203767274
2019-11-14 23:01:07,160 [pool-38-thread-1] INFO  storage.RaftStorage (RaftStorage.java:format(84)) - Storage directory /workdir/hadoop-ozone/integration-test/target/test-dir/MiniOzoneClusterImpl-d80f6904-08ae-461d-86df-e4f9bc309fd1/datanode-1/data/ratis/94a876df-40f9-4b5e-b39c-89f77c876d3a has been successfully formatted.
2019-11-14 23:01:07,161 [pool-38-thread-1] INFO  ratis.ContainerStateMachine (ContainerStateMachine.java:loadSnapshot(223)) - group-89F77C876D3A: The snapshot info is null. Setting the last applied indexto:(t:0, i:~)
2019-11-14 23:01:07,161 [pool-38-thread-1] INFO  server.RaftServerConfigKeys (ConfUtils.java:logGet(43)) - raft.server.notification.no-leader.timeout = 120s (custom)
2019-11-14 23:01:07,161 [pool-38-thread-1] INFO  server.RaftServerConfigKeys (ConfUtils.java:logGet(43)) - raft.server.log.use.memory = false (default)
2019-11-14 23:01:07,161 [pool-38-thread-1] INFO  server.RaftServerConfigKeys (ConfUtils.java:logGet(43)) - raft.server.log.purge.gap = 1000000 (custom)
2019-11-14 23:01:07,161 [pool-38-thread-1] INFO  server.RaftServerConfigKeys (ConfUtils.java:logGet(43)) - raft.server.log.appender.buffer.byte-limit = 33554432 (custom)
2019-11-14 23:01:07,161 [pool-38-thread-1] INFO  server.RaftServerConfigKeys (ConfUtils.java:logGet(43)) - raft.server.log.segment.size.max = 1048576 (custom)
2019-11-14 23:01:07,162 [pool-38-thread-1] INFO  server.RaftServerConfigKeys (ConfUtils.java:logGet(43)) - raft.server.log.segment.cache.num.max = 2 (custom)
2019-11-14 23:01:07,162 [pool-38-thread-1] INFO  segmented.SegmentedRaftLogWorker (SegmentedRaftLogWorker.java:<init>(173)) - new 795ccad7-a5f7-4de1-b4ec-0bba8df07f61@group-89F77C876D3A-SegmentedRaftLogWorker for RaftStorage:Storage Directory /workdir/hadoop-ozone/integration-test/target/test-dir/MiniOzoneClusterImpl-d80f6904-08ae-461d-86df-e4f9bc309fd1/datanode-1/data/ratis/94a876df-40f9-4b5e-b39c-89f77c876d3a
2019-11-14 23:01:07,162 [pool-38-thread-1] INFO  server.RaftServerConfigKeys (ConfUtils.java:logGet(43)) - raft.server.log.queue.byte-limit = 2147483647 (custom)
2019-11-14 23:01:07,162 [pool-38-thread-1] INFO  server.RaftServerConfigKeys (ConfUtils.java:logGet(43)) - raft.server.log.queue.element-limit = 1024 (custom)
2019-11-14 23:01:07,162 [pool-38-thread-1] INFO  server.RaftServerConfigKeys (ConfUtils.java:logGet(43)) - raft.server.log.segment.size.max = 1048576 (custom)
2019-11-14 23:01:07,163 [pool-38-thread-1] INFO  server.RaftServerConfigKeys (ConfUtils.java:logGet(43)) - raft.server.log.preallocated.size = 16384 (custom)
2019-11-14 23:01:07,163 [pool-38-thread-1] INFO  server.RaftServerConfigKeys (ConfUtils.java:logGet(43)) - raft.server.log.write.buffer.size = 33554432 (custom)
2019-11-14 23:01:07,163 [pool-38-thread-1] INFO  server.RaftServerConfigKeys (ConfUtils.java:logGet(43)) - raft.server.log.force.sync.num = 128 (default)
2019-11-14 23:01:07,163 [pool-38-thread-1] INFO  server.RaftServerConfigKeys (ConfUtils.java:logGet(43)) - raft.server.log.statemachine.data.sync = true (default)
2019-11-14 23:01:07,163 [pool-38-thread-1] INFO  server.RaftServerConfigKeys (ConfUtils.java:logGet(43)) - raft.server.log.statemachine.data.sync.timeout = 10s (default)
2019-11-14 23:01:07,163 [pool-38-thread-1] INFO  server.RaftServerConfigKeys (ConfUtils.java:logGet(43)) - raft.server.log.statemachine.data.sync.timeout.retry = -1 (default)
2019-11-14 23:01:07,164 [pool-38-thread-1] INFO  server.RaftServerConfigKeys (ConfUtils.java:logGet(43)) - raft.server.log.statemachine.data.caching.enabled = true (custom)
2019-11-14 23:01:07,164 [pool-38-thread-1] INFO  segmented.SegmentedRaftLogWorker (SegmentedRaftLogWorker.java:lambda$new$0(128)) - 795ccad7-a5f7-4de1-b4ec-0bba8df07f61@group-89F77C876D3A-SegmentedRaftLogWorker: flushIndex: setUnconditionally 0 -> -1
2019-11-14 23:01:07,164 [pool-38-thread-1] INFO  server.RaftServerConfigKeys (ConfUtils.java:logGet(43)) - raft.server.snapshot.auto.trigger.enabled = true (custom)
2019-11-14 23:01:07,165 [pool-38-thread-1] INFO  server.RaftServerConfigKeys (ConfUtils.java:logGet(43)) - raft.server.snapshot.auto.trigger.threshold = 10000 (custom)
2019-11-14 23:01:07,165 [pool-38-thread-1] INFO  server.RaftServerConfigKeys (ConfUtils.java:logGet(43)) - raft.server.snapshot.retention.file.num = 5 (custom)
2019-11-14 23:01:07,165 [pool-38-thread-1] INFO  server.RaftServerConfigKeys (ConfUtils.java:logGet(43)) - raft.server.retrycache.expirytime = 600000ms (custom)
2019-11-14 23:01:07,165 [pool-38-thread-1] WARN  impl.MetricRegistriesImpl (MetricRegistriesImpl.java:lambda$create$1(61)) - First MetricRegistry has been created without registering reporters. You may need to call MetricRegistries.global().addReportRegistration(...) before.
2019-11-14 23:01:07,165 [pool-38-thread-1] WARN  impl.MetricRegistriesImpl (MetricRegistriesImpl.java:lambda$create$1(61)) - First MetricRegistry has been created without registering reporters. You may need to call MetricRegistries.global().addReportRegistration(...) before.
2019-11-14 23:01:07,166 [pool-38-thread-1] INFO  impl.RaftServerImpl (RaftServerImpl.java:start(184)) - 795ccad7-a5f7-4de1-b4ec-0bba8df07f61@group-89F77C876D3A: start as a follower, conf=-1: [795ccad7-a5f7-4de1-b4ec-0bba8df07f61:192.168.164.210:45282], old=null
2019-11-14 23:01:07,166 [pool-38-thread-1] INFO  impl.RaftServerImpl (RaftServerImpl.java:setRole(173)) - 795ccad7-a5f7-4de1-b4ec-0bba8df07f61@group-89F77C876D3A: changes role from      null to FOLLOWER at term 0 for startAsFollower
2019-11-14 23:01:07,166 [pool-38-thread-1] INFO  impl.RoleInfo (RoleInfo.java:updateAndGet(143)) - 795ccad7-a5f7-4de1-b4ec-0bba8df07f61: start FollowerState
2019-11-14 23:01:07,167 [pool-38-thread-1] INFO  util.JmxRegister (JmxRegister.java:tryRegister(44)) - Successfully registered JMX Bean with object name Ratis:service=RaftServer,group=group-89F77C876D3A,id=795ccad7-a5f7-4de1-b4ec-0bba8df07f61
2019-11-14 23:01:07,167 [pool-38-thread-1] WARN  impl.MetricRegistriesImpl (MetricRegistriesImpl.java:lambda$create$1(61)) - First MetricRegistry has been created without registering reporters. You may need to call MetricRegistries.global().addReportRegistration(...) before.
2019-11-14 23:01:07,171 [RatisPipelineUtilsThread] INFO  pipeline.PipelineStateManager (PipelineStateManager.java:addPipeline(55)) - Created pipeline Pipeline[ Id: 94a876df-40f9-4b5e-b39c-89f77c876d3a, Nodes: 795ccad7-a5f7-4de1-b4ec-0bba8df07f61{ip: 192.168.164.210, host: pr-hdds-2448-del-container-qmj8s-3203767274, networkLocation: /default-rack, certSerialId: null}, Type:RATIS, Factor:ONE, State:ALLOCATED]
2019-11-14 23:01:07,552 [main] INFO  ozone.MiniOzoneClusterImpl (MiniOzoneClusterImpl.java:lambda$waitForClusterToBeReady$2(163)) - Waiting for 3 number of pipelines out of 4, to report a leader.
2019-11-14 23:01:08,553 [main] INFO  ozone.MiniOzoneClusterImpl (MiniOzoneClusterImpl.java:lambda$waitForClusterToBeReady$2(163)) - Waiting for 3 number of pipelines out of 4, to report a leader.
2019-11-14 23:01:09,554 [main] INFO  ozone.MiniOzoneClusterImpl (MiniOzoneClusterImpl.java:lambda$waitForClusterToBeReady$2(163)) - Waiting for 3 number of pipelines out of 4, to report a leader.
2019-11-14 23:01:09,964 [Thread-225] INFO  container.ReplicationManager (ReplicationManager.java:start(162)) - Starting Replication Monitor Thread.
2019-11-14 23:01:09,967 [ReplicationMonitor] INFO  container.ReplicationManager (ReplicationManager.java:run(225)) - Replication Monitor Thread took 1 milliseconds for processing 0 containers.
2019-11-14 23:01:09,967 [Thread-225] INFO  pipeline.SCMPipelineManager (SCMPipelineManager.java:finalizeAndDestroyPipeline(315)) - destroying pipeline:Pipeline[ Id: ff9c4cab-17a5-414e-b9aa-337408639475, Nodes: 23435c0e-9f08-4b3a-93a8-ff7754a9abdc{ip: 192.168.164.210, host: pr-hdds-2448-del-container-qmj8s-3203767274, networkLocation: /default-rack, certSerialId: null}34d030e9-4022-4c73-acc2-92de1e8de82f{ip: 192.168.164.210, host: pr-hdds-2448-del-container-qmj8s-3203767274, networkLocation: /default-rack, certSerialId: null}795ccad7-a5f7-4de1-b4ec-0bba8df07f61{ip: 192.168.164.210, host: pr-hdds-2448-del-container-qmj8s-3203767274, networkLocation: /default-rack, certSerialId: null}, Type:RATIS, Factor:THREE, State:OPEN]
2019-11-14 23:01:09,968 [Thread-225] INFO  pipeline.PipelineStateManager (PipelineStateManager.java:finalizePipeline(121)) - Pipeline Pipeline[ Id: ff9c4cab-17a5-414e-b9aa-337408639475, Nodes: 23435c0e-9f08-4b3a-93a8-ff7754a9abdc{ip: 192.168.164.210, host: pr-hdds-2448-del-container-qmj8s-3203767274, networkLocation: /default-rack, certSerialId: null}34d030e9-4022-4c73-acc2-92de1e8de82f{ip: 192.168.164.210, host: pr-hdds-2448-del-container-qmj8s-3203767274, networkLocation: /default-rack, certSerialId: null}795ccad7-a5f7-4de1-b4ec-0bba8df07f61{ip: 192.168.164.210, host: pr-hdds-2448-del-container-qmj8s-3203767274, networkLocation: /default-rack, certSerialId: null}, Type:RATIS, Factor:THREE, State:CLOSED] moved to CLOSED state
2019-11-14 23:01:09,979 [grpc-default-executor-2] INFO  impl.RaftServerProxy (RaftServerProxy.java:remove(95)) - 23435c0e-9f08-4b3a-93a8-ff7754a9abdc: remove  FOLLOWER 23435c0e-9f08-4b3a-93a8-ff7754a9abdc@group-337408639475:t3, leader=34d030e9-4022-4c73-acc2-92de1e8de82f, voted=34d030e9-4022-4c73-acc2-92de1e8de82f, raftlog=23435c0e-9f08-4b3a-93a8-ff7754a9abdc@group-337408639475-SegmentedRaftLog:OPENED:c0,f0,i0, conf=0: [34d030e9-4022-4c73-acc2-92de1e8de82f:192.168.164.210:40872, 23435c0e-9f08-4b3a-93a8-ff7754a9abdc:192.168.164.210:37516, 795ccad7-a5f7-4de1-b4ec-0bba8df07f61:192.168.164.210:45282], old=null RUNNING
2019-11-14 23:01:09,980 [grpc-default-executor-2] INFO  impl.RaftServerImpl (RaftServerImpl.java:lambda$shutdown$3(250)) - 23435c0e-9f08-4b3a-93a8-ff7754a9abdc@group-337408639475: shutdown
2019-11-14 23:01:09,981 [grpc-default-executor-2] INFO  util.JmxRegister (JmxRegister.java:unregister(73)) - Successfully un-registered JMX Bean with object name Ratis:service=RaftServer,group=group-337408639475,id=23435c0e-9f08-4b3a-93a8-ff7754a9abdc
2019-11-14 23:01:09,981 [grpc-default-executor-2] INFO  impl.RoleInfo (RoleInfo.java:shutdownFollowerState(121)) - 23435c0e-9f08-4b3a-93a8-ff7754a9abdc: shutdown FollowerState
2019-11-14 23:01:09,981 [Thread-221] INFO  impl.FollowerState (FollowerState.java:run(120)) - 23435c0e-9f08-4b3a-93a8-ff7754a9abdc@group-337408639475-FollowerState was interrupted: java.lang.InterruptedException: sleep interrupted
2019-11-14 23:01:09,981 [grpc-default-executor-2] INFO  impl.StateMachineUpdater (StateMachineUpdater.java:stopAndJoin(136)) - 23435c0e-9f08-4b3a-93a8-ff7754a9abdc@group-337408639475-StateMachineUpdater: set stopIndex = 0
2019-11-14 23:01:09,983 [grpc-default-executor-2] INFO  impl.RaftServerImpl (ServerState.java:close(387)) - 23435c0e-9f08-4b3a-93a8-ff7754a9abdc@group-337408639475: closes. applyIndex: 0
2019-11-14 23:01:09,983 [23435c0e-9f08-4b3a-93a8-ff7754a9abdc@group-337408639475-SegmentedRaftLogWorker] INFO  segmented.SegmentedRaftLogWorker (SegmentedRaftLogWorker.java:run(316)) - 23435c0e-9f08-4b3a-93a8-ff7754a9abdc@group-337408639475-SegmentedRaftLogWorker was interrupted, exiting. There are 0 tasks remaining in the queue.
2019-11-14 23:01:09,984 [grpc-default-executor-2] INFO  segmented.SegmentedRaftLogWorker (SegmentedRaftLogWorker.java:close(224)) - 23435c0e-9f08-4b3a-93a8-ff7754a9abdc@group-337408639475-SegmentedRaftLogWorker close()
2019-11-14 23:01:09,998 [grpc-default-executor-2] INFO  impl.RaftServerProxy (RaftServerProxy.java:remove(95)) - 34d030e9-4022-4c73-acc2-92de1e8de82f: remove    LEADER 34d030e9-4022-4c73-acc2-92de1e8de82f@group-337408639475:t3, leader=34d030e9-4022-4c73-acc2-92de1e8de82f, voted=34d030e9-4022-4c73-acc2-92de1e8de82f, raftlog=34d030e9-4022-4c73-acc2-92de1e8de82f@group-337408639475-SegmentedRaftLog:OPENED:c0,f0,i0, conf=0: [34d030e9-4022-4c73-acc2-92de1e8de82f:192.168.164.210:40872, 23435c0e-9f08-4b3a-93a8-ff7754a9abdc:192.168.164.210:37516, 795ccad7-a5f7-4de1-b4ec-0bba8df07f61:192.168.164.210:45282], old=null RUNNING
2019-11-14 23:01:09,998 [grpc-default-executor-2] INFO  impl.RaftServerImpl (RaftServerImpl.java:lambda$shutdown$3(250)) - 34d030e9-4022-4c73-acc2-92de1e8de82f@group-337408639475: shutdown
2019-11-14 23:01:09,998 [grpc-default-executor-2] INFO  util.JmxRegister (JmxRegister.java:unregister(73)) - Successfully un-registered JMX Bean with object name Ratis:service=RaftServer,group=group-337408639475,id=34d030e9-4022-4c73-acc2-92de1e8de82f
2019-11-14 23:01:09,998 [grpc-default-executor-2] INFO  impl.RoleInfo (RoleInfo.java:shutdownLeaderState(104)) - 34d030e9-4022-4c73-acc2-92de1e8de82f: shutdown LeaderState
2019-11-14 23:01:09,999 [grpc-default-executor-2] INFO  impl.PendingRequests (PendingRequests.java:sendNotLeaderResponses(206)) - 34d030e9-4022-4c73-acc2-92de1e8de82f@group-337408639475-PendingRequests: sendNotLeaderResponses
2019-11-14 23:01:10,000 [org.apache.ratis.server.impl.LogAppender$AppenderDaemon$$Lambda$531/454555442@3b5550e] WARN  server.GrpcLogAppender (GrpcLogAppender.java:mayWait(151)) - 34d030e9-4022-4c73-acc2-92de1e8de82f@group-337408639475->23435c0e-9f08-4b3a-93a8-ff7754a9abdc-GrpcLogAppender: Wait interrupted by java.lang.InterruptedException
2019-11-14 23:01:10,000 [org.apache.ratis.server.impl.LogAppender$AppenderDaemon$$Lambda$531/454555442@490ff8c] WARN  server.GrpcLogAppender (GrpcLogAppender.java:mayWait(151)) - 34d030e9-4022-4c73-acc2-92de1e8de82f@group-337408639475->795ccad7-a5f7-4de1-b4ec-0bba8df07f61-GrpcLogAppender: Wait interrupted by java.lang.InterruptedException
2019-11-14 23:01:10,000 [grpc-default-executor-2] INFO  impl.StateMachineUpdater (StateMachineUpdater.java:stopAndJoin(136)) - 34d030e9-4022-4c73-acc2-92de1e8de82f@group-337408639475-StateMachineUpdater: set stopIndex = 0
2019-11-14 23:01:10,002 [grpc-default-executor-2] INFO  impl.RaftServerImpl (ServerState.java:close(387)) - 34d030e9-4022-4c73-acc2-92de1e8de82f@group-337408639475: closes. applyIndex: 0
2019-11-14 23:01:10,003 [34d030e9-4022-4c73-acc2-92de1e8de82f@group-337408639475-SegmentedRaftLogWorker] INFO  segmented.SegmentedRaftLogWorker (SegmentedRaftLogWorker.java:run(316)) - 34d030e9-4022-4c73-acc2-92de1e8de82f@group-337408639475-SegmentedRaftLogWorker was interrupted, exiting. There are 0 tasks remaining in the queue.
2019-11-14 23:01:10,005 [grpc-default-executor-2] INFO  segmented.SegmentedRaftLogWorker (SegmentedRaftLogWorker.java:close(224)) - 34d030e9-4022-4c73-acc2-92de1e8de82f@group-337408639475-SegmentedRaftLogWorker close()
2019-11-14 23:01:10,008 [grpc-default-executor-5] INFO  server.GrpcServerProtocolService (GrpcServerProtocolService.java:onCompleted(113)) - 795ccad7-a5f7-4de1-b4ec-0bba8df07f61: Completed APPEND_ENTRIES, lastRequest: 34d030e9-4022-4c73-acc2-92de1e8de82f->795ccad7-a5f7-4de1-b4ec-0bba8df07f61#2-t3, previous=(t:3, i:0), leaderCommit=0, initializing? false, entries: <empty>
2019-11-14 23:01:10,008 [grpc-default-executor-0] INFO  server.GrpcServerProtocolService (GrpcServerProtocolService.java:onCompleted(113)) - 23435c0e-9f08-4b3a-93a8-ff7754a9abdc: Completed APPEND_ENTRIES, lastRequest: 34d030e9-4022-4c73-acc2-92de1e8de82f->23435c0e-9f08-4b3a-93a8-ff7754a9abdc#2-t3, previous=(t:3, i:0), leaderCommit=0, initializing? false, entries: <empty>
2019-11-14 23:01:10,010 [grpc-default-executor-0] INFO  server.GrpcLogAppender (GrpcLogAppender.java:onCompleted(308)) - 34d030e9-4022-4c73-acc2-92de1e8de82f@group-337408639475->795ccad7-a5f7-4de1-b4ec-0bba8df07f61-AppendLogResponseHandler: follower responses appendEntries COMPLETED
2019-11-14 23:01:10,012 [grpc-default-executor-5] INFO  server.GrpcLogAppender (GrpcLogAppender.java:onCompleted(308)) - 34d030e9-4022-4c73-acc2-92de1e8de82f@group-337408639475->23435c0e-9f08-4b3a-93a8-ff7754a9abdc-AppendLogResponseHandler: follower responses appendEntries COMPLETED
2019-11-14 23:01:10,015 [grpc-default-executor-0] INFO  impl.FollowerInfo (FollowerInfo.java:lambda$new$0(51)) - 34d030e9-4022-4c73-acc2-92de1e8de82f@group-337408639475->795ccad7-a5f7-4de1-b4ec-0bba8df07f61: nextIndex: updateUnconditionally 1 -> 0
2019-11-14 23:01:10,015 [grpc-default-executor-5] INFO  impl.FollowerInfo (FollowerInfo.java:lambda$new$0(51)) - 34d030e9-4022-4c73-acc2-92de1e8de82f@group-337408639475->23435c0e-9f08-4b3a-93a8-ff7754a9abdc: nextIndex: updateUnconditionally 1 -> 0
2019-11-14 23:01:10,030 [grpc-default-executor-5] INFO  impl.RaftServerProxy (RaftServerProxy.java:remove(95)) - 795ccad7-a5f7-4de1-b4ec-0bba8df07f61: remove  FOLLOWER 795ccad7-a5f7-4de1-b4ec-0bba8df07f61@group-337408639475:t3, leader=34d030e9-4022-4c73-acc2-92de1e8de82f, voted=34d030e9-4022-4c73-acc2-92de1e8de82f, raftlog=795ccad7-a5f7-4de1-b4ec-0bba8df07f61@group-337408639475-SegmentedRaftLog:OPENED:c0,f0,i0, conf=0: [34d030e9-4022-4c73-acc2-92de1e8de82f:192.168.164.210:40872, 23435c0e-9f08-4b3a-93a8-ff7754a9abdc:192.168.164.210:37516, 795ccad7-a5f7-4de1-b4ec-0bba8df07f61:192.168.164.210:45282], old=null RUNNING
2019-11-14 23:01:10,030 [grpc-default-executor-5] INFO  impl.RaftServerImpl (RaftServerImpl.java:lambda$shutdown$3(250)) - 795ccad7-a5f7-4de1-b4ec-0bba8df07f61@group-337408639475: shutdown
2019-11-14 23:01:10,031 [grpc-default-executor-5] INFO  util.JmxRegister (JmxRegister.java:unregister(73)) - Successfully un-registered JMX Bean with object name Ratis:service=RaftServer,group=group-337408639475,id=795ccad7-a5f7-4de1-b4ec-0bba8df07f61
2019-11-14 23:01:10,031 [grpc-default-executor-5] INFO  impl.RoleInfo (RoleInfo.java:shutdownFollowerState(121)) - 795ccad7-a5f7-4de1-b4ec-0bba8df07f61: shutdown FollowerState
2019-11-14 23:01:10,031 [grpc-default-executor-5] INFO  impl.StateMachineUpdater (StateMachineUpdater.java:stopAndJoin(136)) - 795ccad7-a5f7-4de1-b4ec-0bba8df07f61@group-337408639475-StateMachineUpdater: set stopIndex = 0
2019-11-14 23:01:10,031 [Thread-222] INFO  impl.FollowerState (FollowerState.java:run(120)) - 795ccad7-a5f7-4de1-b4ec-0bba8df07f61@group-337408639475-FollowerState was interrupted: java.lang.InterruptedException: sleep interrupted
2019-11-14 23:01:10,032 [grpc-default-executor-5] INFO  impl.RaftServerImpl (ServerState.java:close(387)) - 795ccad7-a5f7-4de1-b4ec-0bba8df07f61@group-337408639475: closes. applyIndex: 0
2019-11-14 23:01:10,033 [795ccad7-a5f7-4de1-b4ec-0bba8df07f61@group-337408639475-SegmentedRaftLogWorker] INFO  segmented.SegmentedRaftLogWorker (SegmentedRaftLogWorker.java:run(316)) - 795ccad7-a5f7-4de1-b4ec-0bba8df07f61@group-337408639475-SegmentedRaftLogWorker was interrupted, exiting. There are 0 tasks remaining in the queue.
2019-11-14 23:01:10,034 [grpc-default-executor-5] INFO  segmented.SegmentedRaftLogWorker (SegmentedRaftLogWorker.java:close(224)) - 795ccad7-a5f7-4de1-b4ec-0bba8df07f61@group-337408639475-SegmentedRaftLogWorker close()
2019-11-14 23:01:10,039 [Thread-225] INFO  pipeline.PipelineStateManager (PipelineStateManager.java:removePipeline(106)) - Pipeline Pipeline[ Id: ff9c4cab-17a5-414e-b9aa-337408639475, Nodes: 23435c0e-9f08-4b3a-93a8-ff7754a9abdc{ip: 192.168.164.210, host: pr-hdds-2448-del-container-qmj8s-3203767274, networkLocation: /default-rack, certSerialId: null}34d030e9-4022-4c73-acc2-92de1e8de82f{ip: 192.168.164.210, host: pr-hdds-2448-del-container-qmj8s-3203767274, networkLocation: /default-rack, certSerialId: null}795ccad7-a5f7-4de1-b4ec-0bba8df07f61{ip: 192.168.164.210, host: pr-hdds-2448-del-container-qmj8s-3203767274, networkLocation: /default-rack, certSerialId: null}, Type:RATIS, Factor:THREE, State:CLOSED] removed from db
2019-11-14 23:01:10,040 [Thread-225] INFO  pipeline.SCMPipelineManager (SCMPipelineManager.java:finalizeAndDestroyPipeline(315)) - destroying pipeline:Pipeline[ Id: 94a876df-40f9-4b5e-b39c-89f77c876d3a, Nodes: 795ccad7-a5f7-4de1-b4ec-0bba8df07f61{ip: 192.168.164.210, host: pr-hdds-2448-del-container-qmj8s-3203767274, networkLocation: /default-rack, certSerialId: null}, Type:RATIS, Factor:ONE, State:ALLOCATED]
2019-11-14 23:01:10,052 [grpc-default-executor-5] INFO  impl.RaftServerProxy (RaftServerProxy.java:addNew(89)) - 23435c0e-9f08-4b3a-93a8-ff7754a9abdc: addNew group-B0411E3C544E:[34d030e9-4022-4c73-acc2-92de1e8de82f:192.168.164.210:40872, 23435c0e-9f08-4b3a-93a8-ff7754a9abdc:192.168.164.210:37516, 795ccad7-a5f7-4de1-b4ec-0bba8df07f61:192.168.164.210:45282] returns group-B0411E3C544E:java.util.concurrent.CompletableFuture@290e511e[Not completed]
2019-11-14 23:01:10,053 [grpc-default-executor-2] INFO  impl.RaftServerProxy (RaftServerProxy.java:addNew(89)) - 34d030e9-4022-4c73-acc2-92de1e8de82f: addNew group-B0411E3C544E:[34d030e9-4022-4c73-acc2-92de1e8de82f:192.168.164.210:40872, 23435c0e-9f08-4b3a-93a8-ff7754a9abdc:192.168.164.210:37516, 795ccad7-a5f7-4de1-b4ec-0bba8df07f61:192.168.164.210:45282] returns group-B0411E3C544E:java.util.concurrent.CompletableFuture@533a3f7e[Not completed]
2019-11-14 23:01:10,054 [grpc-default-executor-0] INFO  impl.RaftServerProxy (RaftServerProxy.java:addNew(89)) - 795ccad7-a5f7-4de1-b4ec-0bba8df07f61: addNew group-B0411E3C544E:[34d030e9-4022-4c73-acc2-92de1e8de82f:192.168.164.210:40872, 23435c0e-9f08-4b3a-93a8-ff7754a9abdc:192.168.164.210:37516, 795ccad7-a5f7-4de1-b4ec-0bba8df07f61:192.168.164.210:45282] returns group-B0411E3C544E:java.util.concurrent.CompletableFuture@4a7f6e2d[Not completed]
2019-11-14 23:01:10,055 [pool-49-thread-1] INFO  impl.RaftServerImpl (RaftServerImpl.java:<init>(98)) - 23435c0e-9f08-4b3a-93a8-ff7754a9abdc: new RaftServerImpl for group-B0411E3C544E:[34d030e9-4022-4c73-acc2-92de1e8de82f:192.168.164.210:40872, 23435c0e-9f08-4b3a-93a8-ff7754a9abdc:192.168.164.210:37516, 795ccad7-a5f7-4de1-b4ec-0bba8df07f61:192.168.164.210:45282] with ContainerStateMachine:uninitialized
2019-11-14 23:01:10,055 [pool-49-thread-1] INFO  server.RaftServerConfigKeys (ConfUtils.java:logGet(43)) - raft.server.rpc.timeout.min = 5s (custom)
2019-11-14 23:01:10,055 [pool-49-thread-1] INFO  server.RaftServerConfigKeys (ConfUtils.java:logGet(43)) - raft.server.rpc.timeout.max = 5200ms (custom)
2019-11-14 23:01:10,055 [pool-49-thread-1] INFO  server.RaftServerConfigKeys (ConfUtils.java:logGet(43)) - raft.server.rpcslowness.timeout = 120s (custom)
2019-11-14 23:01:10,055 [pool-49-thread-1] INFO  server.RaftServerConfigKeys (ConfUtils.java:logGet(43)) - raft.server.sleep.deviation.threshold = 300 (default)
2019-11-14 23:01:10,055 [pool-49-thread-1] INFO  server.RaftServerConfigKeys (ConfUtils.java:logGet(43)) - raft.server.log.appender.install.snapshot.enabled = false (custom)
2019-11-14 23:01:10,056 [pool-49-thread-1] INFO  impl.RaftServerImpl (ServerState.java:<init>(103)) - 23435c0e-9f08-4b3a-93a8-ff7754a9abdc@group-B0411E3C544E: ConfigurationManager, init=-1: [34d030e9-4022-4c73-acc2-92de1e8de82f:192.168.164.210:40872, 23435c0e-9f08-4b3a-93a8-ff7754a9abdc:192.168.164.210:37516, 795ccad7-a5f7-4de1-b4ec-0bba8df07f61:192.168.164.210:45282], old=null, confs=<EMPTY_MAP>
2019-11-14 23:01:10,056 [pool-49-thread-1] INFO  server.RaftServerConfigKeys (ConfUtils.java:logGet(43)) - raft.server.storage.dir = [/workdir/hadoop-ozone/integration-test/target/test-dir/MiniOzoneClusterImpl-d80f6904-08ae-461d-86df-e4f9bc309fd1/datanode-2/data/ratis] (custom)
2019-11-14 23:01:10,056 [pool-38-thread-1] INFO  impl.RaftServerImpl (RaftServerImpl.java:<init>(98)) - 795ccad7-a5f7-4de1-b4ec-0bba8df07f61: new RaftServerImpl for group-B0411E3C544E:[34d030e9-4022-4c73-acc2-92de1e8de82f:192.168.164.210:40872, 23435c0e-9f08-4b3a-93a8-ff7754a9abdc:192.168.164.210:37516, 795ccad7-a5f7-4de1-b4ec-0bba8df07f61:192.168.164.210:45282] with ContainerStateMachine:uninitialized
2019-11-14 23:01:10,056 [pool-38-thread-1] INFO  server.RaftServerConfigKeys (ConfUtils.java:logGet(43)) - raft.server.rpc.timeout.min = 5s (custom)
2019-11-14 23:01:10,056 [pool-49-thread-1] INFO  server.RaftServerConfigKeys (ConfUtils.java:logGet(43)) - raft.server.log.corruption.policy = EXCEPTION (default)
2019-11-14 23:01:10,056 [pool-38-thread-1] INFO  server.RaftServerConfigKeys (ConfUtils.java:logGet(43)) - raft.server.rpc.timeout.max = 5200ms (custom)
2019-11-14 23:01:10,056 [pool-49-thread-1] INFO  storage.RaftStorageDirectory (RaftStorageDirectory.java:analyzeStorage(246)) - The storage directory /workdir/hadoop-ozone/integration-test/target/test-dir/MiniOzoneClusterImpl-d80f6904-08ae-461d-86df-e4f9bc309fd1/datanode-2/data/ratis/d1a449bf-cf02-4865-852d-b0411e3c544e does not exist. Creating ...
2019-11-14 23:01:10,056 [pool-38-thread-1] INFO  server.RaftServerConfigKeys (ConfUtils.java:logGet(43)) - raft.server.rpcslowness.timeout = 120s (custom)
2019-11-14 23:01:10,056 [pool-38-thread-1] INFO  server.RaftServerConfigKeys (ConfUtils.java:logGet(43)) - raft.server.sleep.deviation.threshold = 300 (default)
2019-11-14 23:01:10,056 [pool-38-thread-1] INFO  server.RaftServerConfigKeys (ConfUtils.java:logGet(43)) - raft.server.log.appender.install.snapshot.enabled = false (custom)
2019-11-14 23:01:10,057 [pool-38-thread-1] INFO  impl.RaftServerImpl (ServerState.java:<init>(103)) - 795ccad7-a5f7-4de1-b4ec-0bba8df07f61@group-B0411E3C544E: ConfigurationManager, init=-1: [34d030e9-4022-4c73-acc2-92de1e8de82f:192.168.164.210:40872, 23435c0e-9f08-4b3a-93a8-ff7754a9abdc:192.168.164.210:37516, 795ccad7-a5f7-4de1-b4ec-0bba8df07f61:192.168.164.210:45282], old=null, confs=<EMPTY_MAP>
2019-11-14 23:01:10,057 [pool-38-thread-1] INFO  server.RaftServerConfigKeys (ConfUtils.java:logGet(43)) - raft.server.storage.dir = [/workdir/hadoop-ozone/integration-test/target/test-dir/MiniOzoneClusterImpl-d80f6904-08ae-461d-86df-e4f9bc309fd1/datanode-1/data/ratis] (custom)
2019-11-14 23:01:10,057 [pool-27-thread-1] INFO  impl.RaftServerImpl (RaftServerImpl.java:<init>(98)) - 34d030e9-4022-4c73-acc2-92de1e8de82f: new RaftServerImpl for group-B0411E3C544E:[34d030e9-4022-4c73-acc2-92de1e8de82f:192.168.164.210:40872, 23435c0e-9f08-4b3a-93a8-ff7754a9abdc:192.168.164.210:37516, 795ccad7-a5f7-4de1-b4ec-0bba8df07f61:192.168.164.210:45282] with ContainerStateMachine:uninitialized
2019-11-14 23:01:10,057 [pool-38-thread-1] INFO  server.RaftServerConfigKeys (ConfUtils.java:logGet(43)) - raft.server.log.corruption.policy = EXCEPTION (default)
2019-11-14 23:01:10,057 [pool-27-thread-1] INFO  server.RaftServerConfigKeys (ConfUtils.java:logGet(43)) - raft.server.rpc.timeout.min = 5s (custom)
2019-11-14 23:01:10,057 [pool-38-thread-1] INFO  storage.RaftStorageDirectory (RaftStorageDirectory.java:analyzeStorage(246)) - The storage directory /workdir/hadoop-ozone/integration-test/target/test-dir/MiniOzoneClusterImpl-d80f6904-08ae-461d-86df-e4f9bc309fd1/datanode-1/data/ratis/d1a449bf-cf02-4865-852d-b0411e3c544e does not exist. Creating ...
2019-11-14 23:01:10,057 [pool-27-thread-1] INFO  server.RaftServerConfigKeys (ConfUtils.java:logGet(43)) - raft.server.rpc.timeout.max = 5200ms (custom)
2019-11-14 23:01:10,057 [pool-27-thread-1] INFO  server.RaftServerConfigKeys (ConfUtils.java:logGet(43)) - raft.server.rpcslowness.timeout = 120s (custom)
2019-11-14 23:01:10,058 [pool-27-thread-1] INFO  server.RaftServerConfigKeys (ConfUtils.java:logGet(43)) - raft.server.sleep.deviation.threshold = 300 (default)
2019-11-14 23:01:10,058 [pool-27-thread-1] INFO  server.RaftServerConfigKeys (ConfUtils.java:logGet(43)) - raft.server.log.appender.install.snapshot.enabled = false (custom)
2019-11-14 23:01:10,058 [pool-27-thread-1] INFO  impl.RaftServerImpl (ServerState.java:<init>(103)) - 34d030e9-4022-4c73-acc2-92de1e8de82f@group-B0411E3C544E: ConfigurationManager, init=-1: [34d030e9-4022-4c73-acc2-92de1e8de82f:192.168.164.210:40872, 23435c0e-9f08-4b3a-93a8-ff7754a9abdc:192.168.164.210:37516, 795ccad7-a5f7-4de1-b4ec-0bba8df07f61:192.168.164.210:45282], old=null, confs=<EMPTY_MAP>
2019-11-14 23:01:10,058 [pool-27-thread-1] INFO  server.RaftServerConfigKeys (ConfUtils.java:logGet(43)) - raft.server.storage.dir = [/workdir/hadoop-ozone/integration-test/target/test-dir/MiniOzoneClusterImpl-d80f6904-08ae-461d-86df-e4f9bc309fd1/datanode-0/data/ratis] (custom)
2019-11-14 23:01:10,058 [pool-27-thread-1] INFO  server.RaftServerConfigKeys (ConfUtils.java:logGet(43)) - raft.server.log.corruption.policy = EXCEPTION (default)
2019-11-14 23:01:10,058 [pool-27-thread-1] INFO  storage.RaftStorageDirectory (RaftStorageDirectory.java:analyzeStorage(246)) - The storage directory /workdir/hadoop-ozone/integration-test/target/test-dir/MiniOzoneClusterImpl-d80f6904-08ae-461d-86df-e4f9bc309fd1/datanode-0/data/ratis/d1a449bf-cf02-4865-852d-b0411e3c544e does not exist. Creating ...
2019-11-14 23:01:10,070 [pool-27-thread-1] INFO  storage.RaftStorageDirectory (RaftStorageDirectory.java:tryLock(328)) - Lock on /workdir/hadoop-ozone/integration-test/target/test-dir/MiniOzoneClusterImpl-d80f6904-08ae-461d-86df-e4f9bc309fd1/datanode-0/data/ratis/d1a449bf-cf02-4865-852d-b0411e3c544e/in_use.lock acquired by nodename 10065@pr-hdds-2448-del-container-qmj8s-3203767274
2019-11-14 23:01:10,070 [pool-49-thread-1] INFO  storage.RaftStorageDirectory (RaftStorageDirectory.java:tryLock(328)) - Lock on /workdir/hadoop-ozone/integration-test/target/test-dir/MiniOzoneClusterImpl-d80f6904-08ae-461d-86df-e4f9bc309fd1/datanode-2/data/ratis/d1a449bf-cf02-4865-852d-b0411e3c544e/in_use.lock acquired by nodename 10065@pr-hdds-2448-del-container-qmj8s-3203767274
2019-11-14 23:01:10,070 [pool-38-thread-1] INFO  storage.RaftStorageDirectory (RaftStorageDirectory.java:tryLock(328)) - Lock on /workdir/hadoop-ozone/integration-test/target/test-dir/MiniOzoneClusterImpl-d80f6904-08ae-461d-86df-e4f9bc309fd1/datanode-1/data/ratis/d1a449bf-cf02-4865-852d-b0411e3c544e/in_use.lock acquired by nodename 10065@pr-hdds-2448-del-container-qmj8s-3203767274
2019-11-14 23:01:10,084 [pool-49-thread-1] INFO  storage.RaftStorage (RaftStorage.java:format(84)) - Storage directory /workdir/hadoop-ozone/integration-test/target/test-dir/MiniOzoneClusterImpl-d80f6904-08ae-461d-86df-e4f9bc309fd1/datanode-2/data/ratis/d1a449bf-cf02-4865-852d-b0411e3c544e has been successfully formatted.
2019-11-14 23:01:10,084 [pool-38-thread-1] INFO  storage.RaftStorage (RaftStorage.java:format(84)) - Storage directory /workdir/hadoop-ozone/integration-test/target/test-dir/MiniOzoneClusterImpl-d80f6904-08ae-461d-86df-e4f9bc309fd1/datanode-1/data/ratis/d1a449bf-cf02-4865-852d-b0411e3c544e has been successfully formatted.
2019-11-14 23:01:10,084 [pool-27-thread-1] INFO  storage.RaftStorage (RaftStorage.java:format(84)) - Storage directory /workdir/hadoop-ozone/integration-test/target/test-dir/MiniOzoneClusterImpl-d80f6904-08ae-461d-86df-e4f9bc309fd1/datanode-0/data/ratis/d1a449bf-cf02-4865-852d-b0411e3c544e has been successfully formatted.
2019-11-14 23:01:10,084 [pool-49-thread-1] INFO  ratis.ContainerStateMachine (ContainerStateMachine.java:loadSnapshot(223)) - group-B0411E3C544E: The snapshot info is null. Setting the last applied indexto:(t:0, i:~)
2019-11-14 23:01:10,084 [pool-27-thread-1] INFO  ratis.ContainerStateMachine (ContainerStateMachine.java:loadSnapshot(223)) - group-B0411E3C544E: The snapshot info is null. Setting the last applied indexto:(t:0, i:~)
2019-11-14 23:01:10,084 [pool-38-thread-1] INFO  ratis.ContainerStateMachine (ContainerStateMachine.java:loadSnapshot(223)) - group-B0411E3C544E: The snapshot info is null. Setting the last applied indexto:(t:0, i:~)
2019-11-14 23:01:10,084 [pool-27-thread-1] INFO  server.RaftServerConfigKeys (ConfUtils.java:logGet(43)) - raft.server.notification.no-leader.timeout = 120s (custom)
2019-11-14 23:01:10,084 [pool-49-thread-1] INFO  server.RaftServerConfigKeys (ConfUtils.java:logGet(43)) - raft.server.notification.no-leader.timeout = 120s (custom)
2019-11-14 23:01:10,085 [pool-27-thread-1] INFO  server.RaftServerConfigKeys (ConfUtils.java:logGet(43)) - raft.server.log.use.memory = false (default)
2019-11-14 23:01:10,085 [pool-38-thread-1] INFO  server.RaftServerConfigKeys (ConfUtils.java:logGet(43)) - raft.server.notification.no-leader.timeout = 120s (custom)
2019-11-14 23:01:10,085 [pool-27-thread-1] INFO  server.RaftServerConfigKeys (ConfUtils.java:logGet(43)) - raft.server.log.purge.gap = 1000000 (custom)
2019-11-14 23:01:10,085 [pool-49-thread-1] INFO  server.RaftServerConfigKeys (ConfUtils.java:logGet(43)) - raft.server.log.use.memory = false (default)
2019-11-14 23:01:10,085 [pool-27-thread-1] INFO  server.RaftServerConfigKeys (ConfUtils.java:logGet(43)) - raft.server.log.appender.buffer.byte-limit = 33554432 (custom)
2019-11-14 23:01:10,085 [pool-38-thread-1] INFO  server.RaftServerConfigKeys (ConfUtils.java:logGet(43)) - raft.server.log.use.memory = false (default)
2019-11-14 23:01:10,085 [pool-27-thread-1] INFO  server.RaftServerConfigKeys (ConfUtils.java:logGet(43)) - raft.server.log.segment.size.max = 1048576 (custom)
2019-11-14 23:01:10,085 [pool-49-thread-1] INFO  server.RaftServerConfigKeys (ConfUtils.java:logGet(43)) - raft.server.log.purge.gap = 1000000 (custom)
2019-11-14 23:01:10,085 [pool-27-thread-1] INFO  server.RaftServerConfigKeys (ConfUtils.java:logGet(43)) - raft.server.log.segment.cache.num.max = 2 (custom)
2019-11-14 23:01:10,085 [pool-38-thread-1] INFO  server.RaftServerConfigKeys (ConfUtils.java:logGet(43)) - raft.server.log.purge.gap = 1000000 (custom)
2019-11-14 23:01:10,086 [pool-27-thread-1] INFO  segmented.SegmentedRaftLogWorker (SegmentedRaftLogWorker.java:<init>(173)) - new 34d030e9-4022-4c73-acc2-92de1e8de82f@group-B0411E3C544E-SegmentedRaftLogWorker for RaftStorage:Storage Directory /workdir/hadoop-ozone/integration-test/target/test-dir/MiniOzoneClusterImpl-d80f6904-08ae-461d-86df-e4f9bc309fd1/datanode-0/data/ratis/d1a449bf-cf02-4865-852d-b0411e3c544e
2019-11-14 23:01:10,085 [pool-49-thread-1] INFO  server.RaftServerConfigKeys (ConfUtils.java:logGet(43)) - raft.server.log.appender.buffer.byte-limit = 33554432 (custom)
2019-11-14 23:01:10,086 [pool-27-thread-1] INFO  server.RaftServerConfigKeys (ConfUtils.java:logGet(43)) - raft.server.log.queue.byte-limit = 2147483647 (custom)
2019-11-14 23:01:10,086 [pool-38-thread-1] INFO  server.RaftServerConfigKeys (ConfUtils.java:logGet(43)) - raft.server.log.appender.buffer.byte-limit = 33554432 (custom)
2019-11-14 23:01:10,086 [pool-27-thread-1] INFO  server.RaftServerConfigKeys (ConfUtils.java:logGet(43)) - raft.server.log.queue.element-limit = 1024 (custom)
2019-11-14 23:01:10,086 [pool-49-thread-1] INFO  server.RaftServerConfigKeys (ConfUtils.java:logGet(43)) - raft.server.log.segment.size.max = 1048576 (custom)
2019-11-14 23:01:10,086 [pool-27-thread-1] INFO  server.RaftServerConfigKeys (ConfUtils.java:logGet(43)) - raft.server.log.segment.size.max = 1048576 (custom)
2019-11-14 23:01:10,086 [pool-38-thread-1] INFO  server.RaftServerConfigKeys (ConfUtils.java:logGet(43)) - raft.server.log.segment.size.max = 1048576 (custom)
2019-11-14 23:01:10,086 [pool-27-thread-1] INFO  server.RaftServerConfigKeys (ConfUtils.java:logGet(43)) - raft.server.log.preallocated.size = 16384 (custom)
2019-11-14 23:01:10,086 [pool-49-thread-1] INFO  server.RaftServerConfigKeys (ConfUtils.java:logGet(43)) - raft.server.log.segment.cache.num.max = 2 (custom)
2019-11-14 23:01:10,087 [pool-27-thread-1] INFO  server.RaftServerConfigKeys (ConfUtils.java:logGet(43)) - raft.server.log.write.buffer.size = 33554432 (custom)
2019-11-14 23:01:10,086 [pool-38-thread-1] INFO  server.RaftServerConfigKeys (ConfUtils.java:logGet(43)) - raft.server.log.segment.cache.num.max = 2 (custom)
2019-11-14 23:01:10,087 [pool-27-thread-1] INFO  server.RaftServerConfigKeys (ConfUtils.java:logGet(43)) - raft.server.log.force.sync.num = 128 (default)
2019-11-14 23:01:10,087 [pool-49-thread-1] INFO  segmented.SegmentedRaftLogWorker (SegmentedRaftLogWorker.java:<init>(173)) - new 23435c0e-9f08-4b3a-93a8-ff7754a9abdc@group-B0411E3C544E-SegmentedRaftLogWorker for RaftStorage:Storage Directory /workdir/hadoop-ozone/integration-test/target/test-dir/MiniOzoneClusterImpl-d80f6904-08ae-461d-86df-e4f9bc309fd1/datanode-2/data/ratis/d1a449bf-cf02-4865-852d-b0411e3c544e
2019-11-14 23:01:10,087 [pool-27-thread-1] INFO  server.RaftServerConfigKeys (ConfUtils.java:logGet(43)) - raft.server.log.statemachine.data.sync = true (default)
2019-11-14 23:01:10,087 [pool-38-thread-1] INFO  segmented.SegmentedRaftLogWorker (SegmentedRaftLogWorker.java:<init>(173)) - new 795ccad7-a5f7-4de1-b4ec-0bba8df07f61@group-B0411E3C544E-SegmentedRaftLogWorker for RaftStorage:Storage Directory /workdir/hadoop-ozone/integration-test/target/test-dir/MiniOzoneClusterImpl-d80f6904-08ae-461d-86df-e4f9bc309fd1/datanode-1/data/ratis/d1a449bf-cf02-4865-852d-b0411e3c544e
2019-11-14 23:01:10,087 [pool-27-thread-1] INFO  server.RaftServerConfigKeys (ConfUtils.java:logGet(43)) - raft.server.log.statemachine.data.sync.timeout = 10s (default)
2019-11-14 23:01:10,087 [pool-49-thread-1] INFO  server.RaftServerConfigKeys (ConfUtils.java:logGet(43)) - raft.server.log.queue.byte-limit = 2147483647 (custom)
2019-11-14 23:01:10,087 [pool-27-thread-1] INFO  server.RaftServerConfigKeys (ConfUtils.java:logGet(43)) - raft.server.log.statemachine.data.sync.timeout.retry = -1 (default)
2019-11-14 23:01:10,087 [pool-38-thread-1] INFO  server.RaftServerConfigKeys (ConfUtils.java:logGet(43)) - raft.server.log.queue.byte-limit = 2147483647 (custom)
2019-11-14 23:01:10,087 [pool-49-thread-1] INFO  server.RaftServerConfigKeys (ConfUtils.java:logGet(43)) - raft.server.log.queue.element-limit = 1024 (custom)
2019-11-14 23:01:10,088 [pool-27-thread-1] INFO  server.RaftServerConfigKeys (ConfUtils.java:logGet(43)) - raft.server.log.statemachine.data.caching.enabled = true (custom)
2019-11-14 23:01:10,088 [pool-38-thread-1] INFO  server.RaftServerConfigKeys (ConfUtils.java:logGet(43)) - raft.server.log.queue.element-limit = 1024 (custom)
2019-11-14 23:01:10,088 [pool-49-thread-1] INFO  server.RaftServerConfigKeys (ConfUtils.java:logGet(43)) - raft.server.log.segment.size.max = 1048576 (custom)
2019-11-14 23:01:10,088 [pool-27-thread-1] INFO  segmented.SegmentedRaftLogWorker (SegmentedRaftLogWorker.java:lambda$new$0(128)) - 34d030e9-4022-4c73-acc2-92de1e8de82f@group-B0411E3C544E-SegmentedRaftLogWorker: flushIndex: setUnconditionally 0 -> -1
2019-11-14 23:01:10,088 [pool-38-thread-1] INFO  server.RaftServerConfigKeys (ConfUtils.java:logGet(43)) - raft.server.log.segment.size.max = 1048576 (custom)
2019-11-14 23:01:10,088 [pool-49-thread-1] INFO  server.RaftServerConfigKeys (ConfUtils.java:logGet(43)) - raft.server.log.preallocated.size = 16384 (custom)
2019-11-14 23:01:10,088 [pool-27-thread-1] INFO  server.RaftServerConfigKeys (ConfUtils.java:logGet(43)) - raft.server.snapshot.auto.trigger.enabled = true (custom)
2019-11-14 23:01:10,088 [pool-38-thread-1] INFO  server.RaftServerConfigKeys (ConfUtils.java:logGet(43)) - raft.server.log.preallocated.size = 16384 (custom)
2019-11-14 23:01:10,088 [pool-27-thread-1] INFO  server.RaftServerConfigKeys (ConfUtils.java:logGet(43)) - raft.server.snapshot.auto.trigger.threshold = 10000 (custom)
2019-11-14 23:01:10,088 [pool-49-thread-1] INFO  server.RaftServerConfigKeys (ConfUtils.java:logGet(43)) - raft.server.log.write.buffer.size = 33554432 (custom)
2019-11-14 23:01:10,088 [pool-27-thread-1] INFO  server.RaftServerConfigKeys (ConfUtils.java:logGet(43)) - raft.server.snapshot.retention.file.num = 5 (custom)
2019-11-14 23:01:10,088 [pool-38-thread-1] INFO  server.RaftServerConfigKeys (ConfUtils.java:logGet(43)) - raft.server.log.write.buffer.size = 33554432 (custom)
2019-11-14 23:01:10,089 [pool-27-thread-1] INFO  server.RaftServerConfigKeys (ConfUtils.java:logGet(43)) - raft.server.retrycache.expirytime = 600000ms (custom)
2019-11-14 23:01:10,089 [pool-38-thread-1] INFO  server.RaftServerConfigKeys (ConfUtils.java:logGet(43)) - raft.server.log.force.sync.num = 128 (default)
2019-11-14 23:01:10,089 [pool-49-thread-1] INFO  server.RaftServerConfigKeys (ConfUtils.java:logGet(43)) - raft.server.log.force.sync.num = 128 (default)
2019-11-14 23:01:10,089 [pool-38-thread-1] INFO  server.RaftServerConfigKeys (ConfUtils.java:logGet(43)) - raft.server.log.statemachine.data.sync = true (default)
2019-11-14 23:01:10,089 [pool-27-thread-1] WARN  impl.MetricRegistriesImpl (MetricRegistriesImpl.java:lambda$create$1(61)) - First MetricRegistry has been created without registering reporters. You may need to call MetricRegistries.global().addReportRegistration(...) before.
2019-11-14 23:01:10,089 [pool-38-thread-1] INFO  server.RaftServerConfigKeys (ConfUtils.java:logGet(43)) - raft.server.log.statemachine.data.sync.timeout = 10s (default)
2019-11-14 23:01:10,089 [pool-49-thread-1] INFO  server.RaftServerConfigKeys (ConfUtils.java:logGet(43)) - raft.server.log.statemachine.data.sync = true (default)
2019-11-14 23:01:10,089 [pool-38-thread-1] INFO  server.RaftServerConfigKeys (ConfUtils.java:logGet(43)) - raft.server.log.statemachine.data.sync.timeout.retry = -1 (default)
2019-11-14 23:01:10,089 [pool-27-thread-1] WARN  impl.MetricRegistriesImpl (MetricRegistriesImpl.java:lambda$create$1(61)) - First MetricRegistry has been created without registering reporters. You may need to call MetricRegistries.global().addReportRegistration(...) before.
2019-11-14 23:01:10,090 [pool-49-thread-1] INFO  server.RaftServerConfigKeys (ConfUtils.java:logGet(43)) - raft.server.log.statemachine.data.sync.timeout = 10s (default)
2019-11-14 23:01:10,090 [pool-38-thread-1] INFO  server.RaftServerConfigKeys (ConfUtils.java:logGet(43)) - raft.server.log.statemachine.data.caching.enabled = true (custom)
2019-11-14 23:01:10,090 [pool-49-thread-1] INFO  server.RaftServerConfigKeys (ConfUtils.java:logGet(43)) - raft.server.log.statemachine.data.sync.timeout.retry = -1 (default)
2019-11-14 23:01:10,090 [pool-27-thread-1] INFO  impl.RaftServerImpl (RaftServerImpl.java:start(184)) - 34d030e9-4022-4c73-acc2-92de1e8de82f@group-B0411E3C544E: start as a follower, conf=-1: [34d030e9-4022-4c73-acc2-92de1e8de82f:192.168.164.210:40872, 23435c0e-9f08-4b3a-93a8-ff7754a9abdc:192.168.164.210:37516, 795ccad7-a5f7-4de1-b4ec-0bba8df07f61:192.168.164.210:45282], old=null
2019-11-14 23:01:10,090 [pool-38-thread-1] INFO  segmented.SegmentedRaftLogWorker (SegmentedRaftLogWorker.java:lambda$new$0(128)) - 795ccad7-a5f7-4de1-b4ec-0bba8df07f61@group-B0411E3C544E-SegmentedRaftLogWorker: flushIndex: setUnconditionally 0 -> -1
2019-11-14 23:01:10,090 [pool-27-thread-1] INFO  impl.RaftServerImpl (RaftServerImpl.java:setRole(173)) - 34d030e9-4022-4c73-acc2-92de1e8de82f@group-B0411E3C544E: changes role from      null to FOLLOWER at term 0 for startAsFollower
2019-11-14 23:01:10,090 [pool-49-thread-1] INFO  server.RaftServerConfigKeys (ConfUtils.java:logGet(43)) - raft.server.log.statemachine.data.caching.enabled = true (custom)
2019-11-14 23:01:10,090 [pool-27-thread-1] INFO  impl.RoleInfo (RoleInfo.java:updateAndGet(143)) - 34d030e9-4022-4c73-acc2-92de1e8de82f: start FollowerState
2019-11-14 23:01:10,090 [pool-38-thread-1] INFO  server.RaftServerConfigKeys (ConfUtils.java:logGet(43)) - raft.server.snapshot.auto.trigger.enabled = true (custom)
2019-11-14 23:01:10,091 [pool-38-thread-1] INFO  server.RaftServerConfigKeys (ConfUtils.java:logGet(43)) - raft.server.snapshot.auto.trigger.threshold = 10000 (custom)
2019-11-14 23:01:10,091 [pool-49-thread-1] INFO  segmented.SegmentedRaftLogWorker (SegmentedRaftLogWorker.java:lambda$new$0(128)) - 23435c0e-9f08-4b3a-93a8-ff7754a9abdc@group-B0411E3C544E-SegmentedRaftLogWorker: flushIndex: setUnconditionally 0 -> -1
2019-11-14 23:01:10,091 [pool-38-thread-1] INFO  server.RaftServerConfigKeys (ConfUtils.java:logGet(43)) - raft.server.snapshot.retention.file.num = 5 (custom)
2019-11-14 23:01:10,091 [pool-27-thread-1] INFO  util.JmxRegister (JmxRegister.java:tryRegister(44)) - Successfully registered JMX Bean with object name Ratis:service=RaftServer,group=group-B0411E3C544E,id=34d030e9-4022-4c73-acc2-92de1e8de82f
2019-11-14 23:01:10,091 [pool-49-thread-1] INFO  server.RaftServerConfigKeys (ConfUtils.java:logGet(43)) - raft.server.snapshot.auto.trigger.enabled = true (custom)
2019-11-14 23:01:10,091 [pool-27-thread-1] WARN  impl.MetricRegistriesImpl (MetricRegistriesImpl.java:lambda$create$1(61)) - First MetricRegistry has been created without registering reporters. You may need to call MetricRegistries.global().addReportRegistration(...) before.
2019-11-14 23:01:10,091 [pool-38-thread-1] INFO  server.RaftServerConfigKeys (ConfUtils.java:logGet(43)) - raft.server.retrycache.expirytime = 600000ms (custom)
2019-11-14 23:01:10,091 [pool-49-thread-1] INFO  server.RaftServerConfigKeys (ConfUtils.java:logGet(43)) - raft.server.snapshot.auto.trigger.threshold = 10000 (custom)
2019-11-14 23:01:10,091 [pool-38-thread-1] WARN  impl.MetricRegistriesImpl (MetricRegistriesImpl.java:lambda$create$1(61)) - First MetricRegistry has been created without registering reporters. You may need to call MetricRegistries.global().addReportRegistration(...) before.
2019-11-14 23:01:10,091 [pool-49-thread-1] INFO  server.RaftServerConfigKeys (ConfUtils.java:logGet(43)) - raft.server.snapshot.retention.file.num = 5 (custom)
2019-11-14 23:01:10,092 [pool-38-thread-1] WARN  impl.MetricRegistriesImpl (MetricRegistriesImpl.java:lambda$create$1(61)) - First MetricRegistry has been created without registering reporters. You may need to call MetricRegistries.global().addReportRegistration(...) before.
2019-11-14 23:01:10,092 [pool-49-thread-1] INFO  server.RaftServerConfigKeys (ConfUtils.java:logGet(43)) - raft.server.retrycache.expirytime = 600000ms (custom)
2019-11-14 23:01:10,092 [pool-38-thread-1] INFO  impl.RaftServerImpl (RaftServerImpl.java:start(184)) - 795ccad7-a5f7-4de1-b4ec-0bba8df07f61@group-B0411E3C544E: start as a follower, conf=-1: [34d030e9-4022-4c73-acc2-92de1e8de82f:192.168.164.210:40872, 23435c0e-9f08-4b3a-93a8-ff7754a9abdc:192.168.164.210:37516, 795ccad7-a5f7-4de1-b4ec-0bba8df07f61:192.168.164.210:45282], old=null
2019-11-14 23:01:10,092 [pool-49-thread-1] WARN  impl.MetricRegistriesImpl (MetricRegistriesImpl.java:lambda$create$1(61)) - First MetricRegistry has been created without registering reporters. You may need to call MetricRegistries.global().addReportRegistration(...) before.
2019-11-14 23:01:10,092 [pool-38-thread-1] INFO  impl.RaftServerImpl (RaftServerImpl.java:setRole(173)) - 795ccad7-a5f7-4de1-b4ec-0bba8df07f61@group-B0411E3C544E: changes role from      null to FOLLOWER at term 0 for startAsFollower
2019-11-14 23:01:10,092 [pool-49-thread-1] WARN  impl.MetricRegistriesImpl (MetricRegistriesImpl.java:lambda$create$1(61)) - First MetricRegistry has been created without registering reporters. You may need to call MetricRegistries.global().addReportRegistration(...) before.
2019-11-14 23:01:10,092 [pool-38-thread-1] INFO  impl.RoleInfo (RoleInfo.java:updateAndGet(143)) - 795ccad7-a5f7-4de1-b4ec-0bba8df07f61: start FollowerState
2019-11-14 23:01:10,092 [pool-49-thread-1] INFO  impl.RaftServerImpl (RaftServerImpl.java:start(184)) - 23435c0e-9f08-4b3a-93a8-ff7754a9abdc@group-B0411E3C544E: start as a follower, conf=-1: [34d030e9-4022-4c73-acc2-92de1e8de82f:192.168.164.210:40872, 23435c0e-9f08-4b3a-93a8-ff7754a9abdc:192.168.164.210:37516, 795ccad7-a5f7-4de1-b4ec-0bba8df07f61:192.168.164.210:45282], old=null
2019-11-14 23:01:10,092 [pool-49-thread-1] INFO  impl.RaftServerImpl (RaftServerImpl.java:setRole(173)) - 23435c0e-9f08-4b3a-93a8-ff7754a9abdc@group-B0411E3C544E: changes role from      null to FOLLOWER at term 0 for startAsFollower
2019-11-14 23:01:10,093 [pool-38-thread-1] INFO  util.JmxRegister (JmxRegister.java:tryRegister(44)) - Successfully registered JMX Bean with object name Ratis:service=RaftServer,group=group-B0411E3C544E,id=795ccad7-a5f7-4de1-b4ec-0bba8df07f61
2019-11-14 23:01:10,093 [pool-49-thread-1] INFO  impl.RoleInfo (RoleInfo.java:updateAndGet(143)) - 23435c0e-9f08-4b3a-93a8-ff7754a9abdc: start FollowerState
2019-11-14 23:01:10,093 [pool-38-thread-1] WARN  impl.MetricRegistriesImpl (MetricRegistriesImpl.java:lambda$create$1(61)) - First MetricRegistry has been created without registering reporters. You may need to call MetricRegistries.global().addReportRegistration(...) before.
2019-11-14 23:01:10,094 [pool-49-thread-1] INFO  util.JmxRegister (JmxRegister.java:tryRegister(44)) - Successfully registered JMX Bean with object name Ratis:service=RaftServer,group=group-B0411E3C544E,id=23435c0e-9f08-4b3a-93a8-ff7754a9abdc
2019-11-14 23:01:10,094 [pool-49-thread-1] WARN  impl.MetricRegistriesImpl (MetricRegistriesImpl.java:lambda$create$1(61)) - First MetricRegistry has been created without registering reporters. You may need to call MetricRegistries.global().addReportRegistration(...) before.
2019-11-14 23:01:10,101 [RatisPipelineUtilsThread] INFO  pipeline.PipelineStateManager (PipelineStateManager.java:addPipeline(55)) - Created pipeline Pipeline[ Id: d1a449bf-cf02-4865-852d-b0411e3c544e, Nodes: 23435c0e-9f08-4b3a-93a8-ff7754a9abdc{ip: 192.168.164.210, host: pr-hdds-2448-del-container-qmj8s-3203767274, networkLocation: /default-rack, certSerialId: null}34d030e9-4022-4c73-acc2-92de1e8de82f{ip: 192.168.164.210, host: pr-hdds-2448-del-container-qmj8s-3203767274, networkLocation: /default-rack, certSerialId: null}795ccad7-a5f7-4de1-b4ec-0bba8df07f61{ip: 192.168.164.210, host: pr-hdds-2448-del-container-qmj8s-3203767274, networkLocation: /default-rack, certSerialId: null}, Type:RATIS, Factor:THREE, State:ALLOCATED]
2019-11-14 23:01:10,102 [Thread-225] INFO  pipeline.PipelineStateManager (PipelineStateManager.java:finalizePipeline(121)) - Pipeline Pipeline[ Id: 94a876df-40f9-4b5e-b39c-89f77c876d3a, Nodes: 795ccad7-a5f7-4de1-b4ec-0bba8df07f61{ip: 192.168.164.210, host: pr-hdds-2448-del-container-qmj8s-3203767274, networkLocation: /default-rack, certSerialId: null}, Type:RATIS, Factor:ONE, State:CLOSED] moved to CLOSED state
2019-11-14 23:01:10,110 [grpc-default-executor-0] INFO  impl.RaftServerProxy (RaftServerProxy.java:remove(95)) - 795ccad7-a5f7-4de1-b4ec-0bba8df07f61: remove  FOLLOWER 795ccad7-a5f7-4de1-b4ec-0bba8df07f61@group-89F77C876D3A:t0, leader=null, voted=null, raftlog=795ccad7-a5f7-4de1-b4ec-0bba8df07f61@group-89F77C876D3A-SegmentedRaftLog:OPENED:c-1,f-1,i0, conf=-1: [795ccad7-a5f7-4de1-b4ec-0bba8df07f61:192.168.164.210:45282], old=null RUNNING
2019-11-14 23:01:10,111 [grpc-default-executor-0] INFO  impl.RaftServerImpl (RaftServerImpl.java:lambda$shutdown$3(250)) - 795ccad7-a5f7-4de1-b4ec-0bba8df07f61@group-89F77C876D3A: shutdown
2019-11-14 23:01:10,111 [grpc-default-executor-0] INFO  util.JmxRegister (JmxRegister.java:unregister(73)) - Successfully un-registered JMX Bean with object name Ratis:service=RaftServer,group=group-89F77C876D3A,id=795ccad7-a5f7-4de1-b4ec-0bba8df07f61
2019-11-14 23:01:10,111 [grpc-default-executor-0] INFO  impl.RoleInfo (RoleInfo.java:shutdownFollowerState(121)) - 795ccad7-a5f7-4de1-b4ec-0bba8df07f61: shutdown FollowerState
2019-11-14 23:01:10,112 [grpc-default-executor-0] INFO  impl.StateMachineUpdater (StateMachineUpdater.java:stopAndJoin(136)) - 795ccad7-a5f7-4de1-b4ec-0bba8df07f61@group-89F77C876D3A-StateMachineUpdater: set stopIndex = -1
2019-11-14 23:01:10,112 [Thread-241] INFO  impl.FollowerState (FollowerState.java:run(120)) - 795ccad7-a5f7-4de1-b4ec-0bba8df07f61@group-89F77C876D3A-FollowerState was interrupted: java.lang.InterruptedException: sleep interrupted
2019-11-14 23:01:10,112 [grpc-default-executor-0] INFO  impl.RaftServerImpl (ServerState.java:close(387)) - 795ccad7-a5f7-4de1-b4ec-0bba8df07f61@group-89F77C876D3A: closes. applyIndex: -1
2019-11-14 23:01:10,113 [795ccad7-a5f7-4de1-b4ec-0bba8df07f61@group-89F77C876D3A-SegmentedRaftLogWorker] INFO  segmented.SegmentedRaftLogWorker (SegmentedRaftLogWorker.java:run(316)) - 795ccad7-a5f7-4de1-b4ec-0bba8df07f61@group-89F77C876D3A-SegmentedRaftLogWorker was interrupted, exiting. There are 0 tasks remaining in the queue.
2019-11-14 23:01:10,113 [grpc-default-executor-0] INFO  segmented.SegmentedRaftLogWorker (SegmentedRaftLogWorker.java:close(224)) - 795ccad7-a5f7-4de1-b4ec-0bba8df07f61@group-89F77C876D3A-SegmentedRaftLogWorker close()
2019-11-14 23:01:10,118 [Thread-225] INFO  pipeline.PipelineStateManager (PipelineStateManager.java:removePipeline(106)) - Pipeline Pipeline[ Id: 94a876df-40f9-4b5e-b39c-89f77c876d3a, Nodes: 795ccad7-a5f7-4de1-b4ec-0bba8df07f61{ip: 192.168.164.210, host: pr-hdds-2448-del-container-qmj8s-3203767274, networkLocation: /default-rack, certSerialId: null}, Type:RATIS, Factor:ONE, State:CLOSED] removed from db
2019-11-14 23:01:10,118 [Thread-225] INFO  pipeline.SCMPipelineManager (SCMPipelineManager.java:finalizeAndDestroyPipeline(315)) - destroying pipeline:Pipeline[ Id: 4236fdaf-e98e-4f95-a14e-db4c5a98c1d5, Nodes: 23435c0e-9f08-4b3a-93a8-ff7754a9abdc{ip: 192.168.164.210, host: pr-hdds-2448-del-container-qmj8s-3203767274, networkLocation: /default-rack, certSerialId: null}, Type:RATIS, Factor:ONE, State:ALLOCATED]
2019-11-14 23:01:10,124 [grpc-default-executor-0] INFO  impl.RaftServerProxy (RaftServerProxy.java:addNew(89)) - 795ccad7-a5f7-4de1-b4ec-0bba8df07f61: addNew group-F207208F3836:[795ccad7-a5f7-4de1-b4ec-0bba8df07f61:192.168.164.210:45282] returns group-F207208F3836:java.util.concurrent.CompletableFuture@6b846348[Not completed]
2019-11-14 23:01:10,125 [pool-38-thread-1] INFO  impl.RaftServerImpl (RaftServerImpl.java:<init>(98)) - 795ccad7-a5f7-4de1-b4ec-0bba8df07f61: new RaftServerImpl for group-F207208F3836:[795ccad7-a5f7-4de1-b4ec-0bba8df07f61:192.168.164.210:45282] with ContainerStateMachine:uninitialized
2019-11-14 23:01:10,125 [pool-38-thread-1] INFO  server.RaftServerConfigKeys (ConfUtils.java:logGet(43)) - raft.server.rpc.timeout.min = 5s (custom)
2019-11-14 23:01:10,125 [pool-38-thread-1] INFO  server.RaftServerConfigKeys (ConfUtils.java:logGet(43)) - raft.server.rpc.timeout.max = 5200ms (custom)
2019-11-14 23:01:10,126 [pool-38-thread-1] INFO  server.RaftServerConfigKeys (ConfUtils.java:logGet(43)) - raft.server.rpcslowness.timeout = 120s (custom)
2019-11-14 23:01:10,126 [pool-38-thread-1] INFO  server.RaftServerConfigKeys (ConfUtils.java:logGet(43)) - raft.server.sleep.deviation.threshold = 300 (default)
2019-11-14 23:01:10,126 [pool-38-thread-1] INFO  server.RaftServerConfigKeys (ConfUtils.java:logGet(43)) - raft.server.log.appender.install.snapshot.enabled = false (custom)
2019-11-14 23:01:10,126 [pool-38-thread-1] INFO  impl.RaftServerImpl (ServerState.java:<init>(103)) - 795ccad7-a5f7-4de1-b4ec-0bba8df07f61@group-F207208F3836: ConfigurationManager, init=-1: [795ccad7-a5f7-4de1-b4ec-0bba8df07f61:192.168.164.210:45282], old=null, confs=<EMPTY_MAP>
2019-11-14 23:01:10,126 [pool-38-thread-1] INFO  server.RaftServerConfigKeys (ConfUtils.java:logGet(43)) - raft.server.storage.dir = [/workdir/hadoop-ozone/integration-test/target/test-dir/MiniOzoneClusterImpl-d80f6904-08ae-461d-86df-e4f9bc309fd1/datanode-1/data/ratis] (custom)
2019-11-14 23:01:10,126 [pool-38-thread-1] INFO  server.RaftServerConfigKeys (ConfUtils.java:logGet(43)) - raft.server.log.corruption.policy = EXCEPTION (default)
2019-11-14 23:01:10,126 [pool-38-thread-1] INFO  storage.RaftStorageDirectory (RaftStorageDirectory.java:analyzeStorage(246)) - The storage directory /workdir/hadoop-ozone/integration-test/target/test-dir/MiniOzoneClusterImpl-d80f6904-08ae-461d-86df-e4f9bc309fd1/datanode-1/data/ratis/9f42a081-9d76-4913-a5f7-f207208f3836 does not exist. Creating ...
2019-11-14 23:01:10,139 [pool-38-thread-1] INFO  storage.RaftStorageDirectory (RaftStorageDirectory.java:tryLock(328)) - Lock on /workdir/hadoop-ozone/integration-test/target/test-dir/MiniOzoneClusterImpl-d80f6904-08ae-461d-86df-e4f9bc309fd1/datanode-1/data/ratis/9f42a081-9d76-4913-a5f7-f207208f3836/in_use.lock acquired by nodename 10065@pr-hdds-2448-del-container-qmj8s-3203767274
2019-11-14 23:01:10,152 [pool-38-thread-1] INFO  storage.RaftStorage (RaftStorage.java:format(84)) - Storage directory /workdir/hadoop-ozone/integration-test/target/test-dir/MiniOzoneClusterImpl-d80f6904-08ae-461d-86df-e4f9bc309fd1/datanode-1/data/ratis/9f42a081-9d76-4913-a5f7-f207208f3836 has been successfully formatted.
2019-11-14 23:01:10,152 [pool-38-thread-1] INFO  ratis.ContainerStateMachine (ContainerStateMachine.java:loadSnapshot(223)) - group-F207208F3836: The snapshot info is null. Setting the last applied indexto:(t:0, i:~)
2019-11-14 23:01:10,152 [pool-38-thread-1] INFO  server.RaftServerConfigKeys (ConfUtils.java:logGet(43)) - raft.server.notification.no-leader.timeout = 120s (custom)
2019-11-14 23:01:10,152 [pool-38-thread-1] INFO  server.RaftServerConfigKeys (ConfUtils.java:logGet(43)) - raft.server.log.use.memory = false (default)
2019-11-14 23:01:10,152 [pool-38-thread-1] INFO  server.RaftServerConfigKeys (ConfUtils.java:logGet(43)) - raft.server.log.purge.gap = 1000000 (custom)
2019-11-14 23:01:10,153 [pool-38-thread-1] INFO  server.RaftServerConfigKeys (ConfUtils.java:logGet(43)) - raft.server.log.appender.buffer.byte-limit = 33554432 (custom)
2019-11-14 23:01:10,153 [pool-38-thread-1] INFO  server.RaftServerConfigKeys (ConfUtils.java:logGet(43)) - raft.server.log.segment.size.max = 1048576 (custom)
2019-11-14 23:01:10,153 [pool-38-thread-1] INFO  server.RaftServerConfigKeys (ConfUtils.java:logGet(43)) - raft.server.log.segment.cache.num.max = 2 (custom)
2019-11-14 23:01:10,153 [pool-38-thread-1] INFO  segmented.SegmentedRaftLogWorker (SegmentedRaftLogWorker.java:<init>(173)) - new 795ccad7-a5f7-4de1-b4ec-0bba8df07f61@group-F207208F3836-SegmentedRaftLogWorker for RaftStorage:Storage Directory /workdir/hadoop-ozone/integration-test/target/test-dir/MiniOzoneClusterImpl-d80f6904-08ae-461d-86df-e4f9bc309fd1/datanode-1/data/ratis/9f42a081-9d76-4913-a5f7-f207208f3836
2019-11-14 23:01:10,153 [pool-38-thread-1] INFO  server.RaftServerConfigKeys (ConfUtils.java:logGet(43)) - raft.server.log.queue.byte-limit = 2147483647 (custom)
2019-11-14 23:01:10,153 [pool-38-thread-1] INFO  server.RaftServerConfigKeys (ConfUtils.java:logGet(43)) - raft.server.log.queue.element-limit = 1024 (custom)
2019-11-14 23:01:10,153 [pool-38-thread-1] INFO  server.RaftServerConfigKeys (ConfUtils.java:logGet(43)) - raft.server.log.segment.size.max = 1048576 (custom)
2019-11-14 23:01:10,153 [pool-38-thread-1] INFO  server.RaftServerConfigKeys (ConfUtils.java:logGet(43)) - raft.server.log.preallocated.size = 16384 (custom)
2019-11-14 23:01:10,153 [pool-38-thread-1] INFO  server.RaftServerConfigKeys (ConfUtils.java:logGet(43)) - raft.server.log.write.buffer.size = 33554432 (custom)
2019-11-14 23:01:10,153 [pool-38-thread-1] INFO  server.RaftServerConfigKeys (ConfUtils.java:logGet(43)) - raft.server.log.force.sync.num = 128 (default)
2019-11-14 23:01:10,154 [pool-38-thread-1] INFO  server.RaftServerConfigKeys (ConfUtils.java:logGet(43)) - raft.server.log.statemachine.data.sync = true (default)
2019-11-14 23:01:10,154 [pool-38-thread-1] INFO  server.RaftServerConfigKeys (ConfUtils.java:logGet(43)) - raft.server.log.statemachine.data.sync.timeout = 10s (default)
2019-11-14 23:01:10,154 [pool-38-thread-1] INFO  server.RaftServerConfigKeys (ConfUtils.java:logGet(43)) - raft.server.log.statemachine.data.sync.timeout.retry = -1 (default)
2019-11-14 23:01:10,154 [pool-38-thread-1] INFO  server.RaftServerConfigKeys (ConfUtils.java:logGet(43)) - raft.server.log.statemachine.data.caching.enabled = true (custom)
2019-11-14 23:01:10,154 [pool-38-thread-1] INFO  segmented.SegmentedRaftLogWorker (SegmentedRaftLogWorker.java:lambda$new$0(128)) - 795ccad7-a5f7-4de1-b4ec-0bba8df07f61@group-F207208F3836-SegmentedRaftLogWorker: flushIndex: setUnconditionally 0 -> -1
2019-11-14 23:01:10,154 [pool-38-thread-1] INFO  server.RaftServerConfigKeys (ConfUtils.java:logGet(43)) - raft.server.snapshot.auto.trigger.enabled = true (custom)
2019-11-14 23:01:10,155 [pool-38-thread-1] INFO  server.RaftServerConfigKeys (ConfUtils.java:logGet(43)) - raft.server.snapshot.auto.trigger.threshold = 10000 (custom)
2019-11-14 23:01:10,155 [pool-38-thread-1] INFO  server.RaftServerConfigKeys (ConfUtils.java:logGet(43)) - raft.server.snapshot.retention.file.num = 5 (custom)
2019-11-14 23:01:10,155 [pool-38-thread-1] INFO  server.RaftServerConfigKeys (ConfUtils.java:logGet(43)) - raft.server.retrycache.expirytime = 600000ms (custom)
2019-11-14 23:01:10,155 [pool-38-thread-1] WARN  impl.MetricRegistriesImpl (MetricRegistriesImpl.java:lambda$create$1(61)) - First MetricRegistry has been created without registering reporters. You may need to call MetricRegistries.global().addReportRegistration(...) before.
2019-11-14 23:01:10,155 [pool-38-thread-1] WARN  impl.MetricRegistriesImpl (MetricRegistriesImpl.java:lambda$create$1(61)) - First MetricRegistry has been created without registering reporters. You may need to call MetricRegistries.global().addReportRegistration(...) before.
2019-11-14 23:01:10,155 [pool-38-thread-1] INFO  impl.RaftServerImpl (RaftServerImpl.java:start(184)) - 795ccad7-a5f7-4de1-b4ec-0bba8df07f61@group-F207208F3836: start as a follower, conf=-1: [795ccad7-a5f7-4de1-b4ec-0bba8df07f61:192.168.164.210:45282], old=null
2019-11-14 23:01:10,155 [pool-38-thread-1] INFO  impl.RaftServerImpl (RaftServerImpl.java:setRole(173)) - 795ccad7-a5f7-4de1-b4ec-0bba8df07f61@group-F207208F3836: changes role from      null to FOLLOWER at term 0 for startAsFollower
2019-11-14 23:01:10,156 [pool-38-thread-1] INFO  impl.RoleInfo (RoleInfo.java:updateAndGet(143)) - 795ccad7-a5f7-4de1-b4ec-0bba8df07f61: start FollowerState
2019-11-14 23:01:10,156 [pool-38-thread-1] INFO  util.JmxRegister (JmxRegister.java:tryRegister(44)) - Successfully registered JMX Bean with object name Ratis:service=RaftServer,group=group-F207208F3836,id=795ccad7-a5f7-4de1-b4ec-0bba8df07f61
2019-11-14 23:01:10,156 [pool-38-thread-1] WARN  impl.MetricRegistriesImpl (MetricRegistriesImpl.java:lambda$create$1(61)) - First MetricRegistry has been created without registering reporters. You may need to call MetricRegistries.global().addReportRegistration(...) before.
2019-11-14 23:01:10,159 [RatisPipelineUtilsThread] INFO  pipeline.PipelineStateManager (PipelineStateManager.java:addPipeline(55)) - Created pipeline Pipeline[ Id: 9f42a081-9d76-4913-a5f7-f207208f3836, Nodes: 795ccad7-a5f7-4de1-b4ec-0bba8df07f61{ip: 192.168.164.210, host: pr-hdds-2448-del-container-qmj8s-3203767274, networkLocation: /default-rack, certSerialId: null}, Type:RATIS, Factor:ONE, State:ALLOCATED]
2019-11-14 23:01:10,160 [Thread-225] INFO  pipeline.PipelineStateManager (PipelineStateManager.java:finalizePipeline(121)) - Pipeline Pipeline[ Id: 4236fdaf-e98e-4f95-a14e-db4c5a98c1d5, Nodes: 23435c0e-9f08-4b3a-93a8-ff7754a9abdc{ip: 192.168.164.210, host: pr-hdds-2448-del-container-qmj8s-3203767274, networkLocation: /default-rack, certSerialId: null}, Type:RATIS, Factor:ONE, State:CLOSED] moved to CLOSED state
2019-11-14 23:01:10,167 [grpc-default-executor-0] INFO  impl.RaftServerProxy (RaftServerProxy.java:remove(95)) - 23435c0e-9f08-4b3a-93a8-ff7754a9abdc: remove  FOLLOWER 23435c0e-9f08-4b3a-93a8-ff7754a9abdc@group-DB4C5A98C1D5:t0, leader=null, voted=null, raftlog=23435c0e-9f08-4b3a-93a8-ff7754a9abdc@group-DB4C5A98C1D5-SegmentedRaftLog:OPENED:c-1,f-1,i0, conf=-1: [23435c0e-9f08-4b3a-93a8-ff7754a9abdc:192.168.164.210:37516], old=null RUNNING
2019-11-14 23:01:10,167 [grpc-default-executor-0] INFO  impl.RaftServerImpl (RaftServerImpl.java:lambda$shutdown$3(250)) - 23435c0e-9f08-4b3a-93a8-ff7754a9abdc@group-DB4C5A98C1D5: shutdown
2019-11-14 23:01:10,167 [grpc-default-executor-0] INFO  util.JmxRegister (JmxRegister.java:unregister(73)) - Successfully un-registered JMX Bean with object name Ratis:service=RaftServer,group=group-DB4C5A98C1D5,id=23435c0e-9f08-4b3a-93a8-ff7754a9abdc
2019-11-14 23:01:10,167 [grpc-default-executor-0] INFO  impl.RoleInfo (RoleInfo.java:shutdownFollowerState(121)) - 23435c0e-9f08-4b3a-93a8-ff7754a9abdc: shutdown FollowerState
2019-11-14 23:01:10,168 [grpc-default-executor-0] INFO  impl.StateMachineUpdater (StateMachineUpdater.java:stopAndJoin(136)) - 23435c0e-9f08-4b3a-93a8-ff7754a9abdc@group-DB4C5A98C1D5-StateMachineUpdater: set stopIndex = -1
2019-11-14 23:01:10,168 [Thread-232] INFO  impl.FollowerState (FollowerState.java:run(120)) - 23435c0e-9f08-4b3a-93a8-ff7754a9abdc@group-DB4C5A98C1D5-FollowerState was interrupted: java.lang.InterruptedException: sleep interrupted
2019-11-14 23:01:10,168 [grpc-default-executor-0] INFO  impl.RaftServerImpl (ServerState.java:close(387)) - 23435c0e-9f08-4b3a-93a8-ff7754a9abdc@group-DB4C5A98C1D5: closes. applyIndex: -1
2019-11-14 23:01:10,169 [23435c0e-9f08-4b3a-93a8-ff7754a9abdc@group-DB4C5A98C1D5-SegmentedRaftLogWorker] INFO  segmented.SegmentedRaftLogWorker (SegmentedRaftLogWorker.java:run(316)) - 23435c0e-9f08-4b3a-93a8-ff7754a9abdc@group-DB4C5A98C1D5-SegmentedRaftLogWorker was interrupted, exiting. There are 0 tasks remaining in the queue.
2019-11-14 23:01:10,169 [grpc-default-executor-0] INFO  segmented.SegmentedRaftLogWorker (SegmentedRaftLogWorker.java:close(224)) - 23435c0e-9f08-4b3a-93a8-ff7754a9abdc@group-DB4C5A98C1D5-SegmentedRaftLogWorker close()
2019-11-14 23:01:10,173 [Thread-225] INFO  pipeline.PipelineStateManager (PipelineStateManager.java:removePipeline(106)) - Pipeline Pipeline[ Id: 4236fdaf-e98e-4f95-a14e-db4c5a98c1d5, Nodes: 23435c0e-9f08-4b3a-93a8-ff7754a9abdc{ip: 192.168.164.210, host: pr-hdds-2448-del-container-qmj8s-3203767274, networkLocation: /default-rack, certSerialId: null}, Type:RATIS, Factor:ONE, State:CLOSED] removed from db
2019-11-14 23:01:10,174 [Thread-225] INFO  pipeline.SCMPipelineManager (SCMPipelineManager.java:finalizeAndDestroyPipeline(315)) - destroying pipeline:Pipeline[ Id: daf02776-7ec8-4c9b-a092-20019366eaff, Nodes: 34d030e9-4022-4c73-acc2-92de1e8de82f{ip: 192.168.164.210, host: pr-hdds-2448-del-container-qmj8s-3203767274, networkLocation: /default-rack, certSerialId: null}, Type:RATIS, Factor:ONE, State:ALLOCATED]
2019-11-14 23:01:10,179 [grpc-default-executor-0] INFO  impl.RaftServerProxy (RaftServerProxy.java:addNew(89)) - 23435c0e-9f08-4b3a-93a8-ff7754a9abdc: addNew group-617FE2F430A3:[23435c0e-9f08-4b3a-93a8-ff7754a9abdc:192.168.164.210:37516] returns group-617FE2F430A3:java.util.concurrent.CompletableFuture@194e9b9b[Not completed]
2019-11-14 23:01:10,181 [pool-49-thread-1] INFO  impl.RaftServerImpl (RaftServerImpl.java:<init>(98)) - 23435c0e-9f08-4b3a-93a8-ff7754a9abdc: new RaftServerImpl for group-617FE2F430A3:[23435c0e-9f08-4b3a-93a8-ff7754a9abdc:192.168.164.210:37516] with ContainerStateMachine:uninitialized
2019-11-14 23:01:10,181 [pool-49-thread-1] INFO  server.RaftServerConfigKeys (ConfUtils.java:logGet(43)) - raft.server.rpc.timeout.min = 5s (custom)
2019-11-14 23:01:10,181 [pool-49-thread-1] INFO  server.RaftServerConfigKeys (ConfUtils.java:logGet(43)) - raft.server.rpc.timeout.max = 5200ms (custom)
2019-11-14 23:01:10,181 [pool-49-thread-1] INFO  server.RaftServerConfigKeys (ConfUtils.java:logGet(43)) - raft.server.rpcslowness.timeout = 120s (custom)
2019-11-14 23:01:10,181 [pool-49-thread-1] INFO  server.RaftServerConfigKeys (ConfUtils.java:logGet(43)) - raft.server.sleep.deviation.threshold = 300 (default)
2019-11-14 23:01:10,181 [pool-49-thread-1] INFO  server.RaftServerConfigKeys (ConfUtils.java:logGet(43)) - raft.server.log.appender.install.snapshot.enabled = false (custom)
2019-11-14 23:01:10,181 [pool-49-thread-1] INFO  impl.RaftServerImpl (ServerState.java:<init>(103)) - 23435c0e-9f08-4b3a-93a8-ff7754a9abdc@group-617FE2F430A3: ConfigurationManager, init=-1: [23435c0e-9f08-4b3a-93a8-ff7754a9abdc:192.168.164.210:37516], old=null, confs=<EMPTY_MAP>
2019-11-14 23:01:10,181 [pool-49-thread-1] INFO  server.RaftServerConfigKeys (ConfUtils.java:logGet(43)) - raft.server.storage.dir = [/workdir/hadoop-ozone/integration-test/target/test-dir/MiniOzoneClusterImpl-d80f6904-08ae-461d-86df-e4f9bc309fd1/datanode-2/data/ratis] (custom)
2019-11-14 23:01:10,181 [pool-49-thread-1] INFO  server.RaftServerConfigKeys (ConfUtils.java:logGet(43)) - raft.server.log.corruption.policy = EXCEPTION (default)
2019-11-14 23:01:10,182 [pool-49-thread-1] INFO  storage.RaftStorageDirectory (RaftStorageDirectory.java:analyzeStorage(246)) - The storage directory /workdir/hadoop-ozone/integration-test/target/test-dir/MiniOzoneClusterImpl-d80f6904-08ae-461d-86df-e4f9bc309fd1/datanode-2/data/ratis/fb98438e-ae70-41d3-b70d-617fe2f430a3 does not exist. Creating ...
2019-11-14 23:01:10,194 [pool-49-thread-1] INFO  storage.RaftStorageDirectory (RaftStorageDirectory.java:tryLock(328)) - Lock on /workdir/hadoop-ozone/integration-test/target/test-dir/MiniOzoneClusterImpl-d80f6904-08ae-461d-86df-e4f9bc309fd1/datanode-2/data/ratis/fb98438e-ae70-41d3-b70d-617fe2f430a3/in_use.lock acquired by nodename 10065@pr-hdds-2448-del-container-qmj8s-3203767274
2019-11-14 23:01:10,207 [pool-49-thread-1] INFO  storage.RaftStorage (RaftStorage.java:format(84)) - Storage directory /workdir/hadoop-ozone/integration-test/target/test-dir/MiniOzoneClusterImpl-d80f6904-08ae-461d-86df-e4f9bc309fd1/datanode-2/data/ratis/fb98438e-ae70-41d3-b70d-617fe2f430a3 has been successfully formatted.
2019-11-14 23:01:10,207 [pool-49-thread-1] INFO  ratis.ContainerStateMachine (ContainerStateMachine.java:loadSnapshot(223)) - group-617FE2F430A3: The snapshot info is null. Setting the last applied indexto:(t:0, i:~)
2019-11-14 23:01:10,207 [pool-49-thread-1] INFO  server.RaftServerConfigKeys (ConfUtils.java:logGet(43)) - raft.server.notification.no-leader.timeout = 120s (custom)
2019-11-14 23:01:10,207 [pool-49-thread-1] INFO  server.RaftServerConfigKeys (ConfUtils.java:logGet(43)) - raft.server.log.use.memory = false (default)
2019-11-14 23:01:10,207 [pool-49-thread-1] INFO  server.RaftServerConfigKeys (ConfUtils.java:logGet(43)) - raft.server.log.purge.gap = 1000000 (custom)
2019-11-14 23:01:10,207 [pool-49-thread-1] INFO  server.RaftServerConfigKeys (ConfUtils.java:logGet(43)) - raft.server.log.appender.buffer.byte-limit = 33554432 (custom)
2019-11-14 23:01:10,208 [pool-49-thread-1] INFO  server.RaftServerConfigKeys (ConfUtils.java:logGet(43)) - raft.server.log.segment.size.max = 1048576 (custom)
2019-11-14 23:01:10,208 [pool-49-thread-1] INFO  server.RaftServerConfigKeys (ConfUtils.java:logGet(43)) - raft.server.log.segment.cache.num.max = 2 (custom)
2019-11-14 23:01:10,208 [pool-49-thread-1] INFO  segmented.SegmentedRaftLogWorker (SegmentedRaftLogWorker.java:<init>(173)) - new 23435c0e-9f08-4b3a-93a8-ff7754a9abdc@group-617FE2F430A3-SegmentedRaftLogWorker for RaftStorage:Storage Directory /workdir/hadoop-ozone/integration-test/target/test-dir/MiniOzoneClusterImpl-d80f6904-08ae-461d-86df-e4f9bc309fd1/datanode-2/data/ratis/fb98438e-ae70-41d3-b70d-617fe2f430a3
2019-11-14 23:01:10,208 [pool-49-thread-1] INFO  server.RaftServerConfigKeys (ConfUtils.java:logGet(43)) - raft.server.log.queue.byte-limit = 2147483647 (custom)
2019-11-14 23:01:10,208 [pool-49-thread-1] INFO  server.RaftServerConfigKeys (ConfUtils.java:logGet(43)) - raft.server.log.queue.element-limit = 1024 (custom)
2019-11-14 23:01:10,208 [pool-49-thread-1] INFO  server.RaftServerConfigKeys (ConfUtils.java:logGet(43)) - raft.server.log.segment.size.max = 1048576 (custom)
2019-11-14 23:01:10,208 [pool-49-thread-1] INFO  server.RaftServerConfigKeys (ConfUtils.java:logGet(43)) - raft.server.log.preallocated.size = 16384 (custom)
2019-11-14 23:01:10,208 [pool-49-thread-1] INFO  server.RaftServerConfigKeys (ConfUtils.java:logGet(43)) - raft.server.log.write.buffer.size = 33554432 (custom)
2019-11-14 23:01:10,208 [pool-49-thread-1] INFO  server.RaftServerConfigKeys (ConfUtils.java:logGet(43)) - raft.server.log.force.sync.num = 128 (default)
2019-11-14 23:01:10,208 [pool-49-thread-1] INFO  server.RaftServerConfigKeys (ConfUtils.java:logGet(43)) - raft.server.log.statemachine.data.sync = true (default)
2019-11-14 23:01:10,209 [pool-49-thread-1] INFO  server.RaftServerConfigKeys (ConfUtils.java:logGet(43)) - raft.server.log.statemachine.data.sync.timeout = 10s (default)
2019-11-14 23:01:10,209 [pool-49-thread-1] INFO  server.RaftServerConfigKeys (ConfUtils.java:logGet(43)) - raft.server.log.statemachine.data.sync.timeout.retry = -1 (default)
2019-11-14 23:01:10,209 [pool-49-thread-1] INFO  server.RaftServerConfigKeys (ConfUtils.java:logGet(43)) - raft.server.log.statemachine.data.caching.enabled = true (custom)
2019-11-14 23:01:10,209 [pool-49-thread-1] INFO  segmented.SegmentedRaftLogWorker (SegmentedRaftLogWorker.java:lambda$new$0(128)) - 23435c0e-9f08-4b3a-93a8-ff7754a9abdc@group-617FE2F430A3-SegmentedRaftLogWorker: flushIndex: setUnconditionally 0 -> -1
2019-11-14 23:01:10,209 [pool-49-thread-1] INFO  server.RaftServerConfigKeys (ConfUtils.java:logGet(43)) - raft.server.snapshot.auto.trigger.enabled = true (custom)
2019-11-14 23:01:10,209 [pool-49-thread-1] INFO  server.RaftServerConfigKeys (ConfUtils.java:logGet(43)) - raft.server.snapshot.auto.trigger.threshold = 10000 (custom)
2019-11-14 23:01:10,209 [pool-49-thread-1] INFO  server.RaftServerConfigKeys (ConfUtils.java:logGet(43)) - raft.server.snapshot.retention.file.num = 5 (custom)
2019-11-14 23:01:10,210 [pool-49-thread-1] INFO  server.RaftServerConfigKeys (ConfUtils.java:logGet(43)) - raft.server.retrycache.expirytime = 600000ms (custom)
2019-11-14 23:01:10,210 [pool-49-thread-1] WARN  impl.MetricRegistriesImpl (MetricRegistriesImpl.java:lambda$create$1(61)) - First MetricRegistry has been created without registering reporters. You may need to call MetricRegistries.global().addReportRegistration(...) before.
2019-11-14 23:01:10,210 [pool-49-thread-1] WARN  impl.MetricRegistriesImpl (MetricRegistriesImpl.java:lambda$create$1(61)) - First MetricRegistry has been created without registering reporters. You may need to call MetricRegistries.global().addReportRegistration(...) before.
2019-11-14 23:01:10,210 [pool-49-thread-1] INFO  impl.RaftServerImpl (RaftServerImpl.java:start(184)) - 23435c0e-9f08-4b3a-93a8-ff7754a9abdc@group-617FE2F430A3: start as a follower, conf=-1: [23435c0e-9f08-4b3a-93a8-ff7754a9abdc:192.168.164.210:37516], old=null
2019-11-14 23:01:10,210 [pool-49-thread-1] INFO  impl.RaftServerImpl (RaftServerImpl.java:setRole(173)) - 23435c0e-9f08-4b3a-93a8-ff7754a9abdc@group-617FE2F430A3: changes role from      null to FOLLOWER at term 0 for startAsFollower
2019-11-14 23:01:10,210 [pool-49-thread-1] INFO  impl.RoleInfo (RoleInfo.java:updateAndGet(143)) - 23435c0e-9f08-4b3a-93a8-ff7754a9abdc: start FollowerState
2019-11-14 23:01:10,210 [pool-49-thread-1] INFO  util.JmxRegister (JmxRegister.java:tryRegister(44)) - Successfully registered JMX Bean with object name Ratis:service=RaftServer,group=group-617FE2F430A3,id=23435c0e-9f08-4b3a-93a8-ff7754a9abdc
2019-11-14 23:01:10,211 [pool-49-thread-1] WARN  impl.MetricRegistriesImpl (MetricRegistriesImpl.java:lambda$create$1(61)) - First MetricRegistry has been created without registering reporters. You may need to call MetricRegistries.global().addReportRegistration(...) before.
2019-11-14 23:01:10,214 [RatisPipelineUtilsThread] INFO  pipeline.PipelineStateManager (PipelineStateManager.java:addPipeline(55)) - Created pipeline Pipeline[ Id: fb98438e-ae70-41d3-b70d-617fe2f430a3, Nodes: 23435c0e-9f08-4b3a-93a8-ff7754a9abdc{ip: 192.168.164.210, host: pr-hdds-2448-del-container-qmj8s-3203767274, networkLocation: /default-rack, certSerialId: null}, Type:RATIS, Factor:ONE, State:ALLOCATED]
2019-11-14 23:01:10,214 [Thread-225] INFO  pipeline.PipelineStateManager (PipelineStateManager.java:finalizePipeline(121)) - Pipeline Pipeline[ Id: daf02776-7ec8-4c9b-a092-20019366eaff, Nodes: 34d030e9-4022-4c73-acc2-92de1e8de82f{ip: 192.168.164.210, host: pr-hdds-2448-del-container-qmj8s-3203767274, networkLocation: /default-rack, certSerialId: null}, Type:RATIS, Factor:ONE, State:CLOSED] moved to CLOSED state
2019-11-14 23:01:10,221 [grpc-default-executor-0] INFO  impl.RaftServerProxy (RaftServerProxy.java:remove(95)) - 34d030e9-4022-4c73-acc2-92de1e8de82f: remove  FOLLOWER 34d030e9-4022-4c73-acc2-92de1e8de82f@group-20019366EAFF:t0, leader=null, voted=null, raftlog=34d030e9-4022-4c73-acc2-92de1e8de82f@group-20019366EAFF-SegmentedRaftLog:OPENED:c-1,f-1,i0, conf=-1: [34d030e9-4022-4c73-acc2-92de1e8de82f:192.168.164.210:40872], old=null RUNNING
2019-11-14 23:01:10,221 [grpc-default-executor-0] INFO  impl.RaftServerImpl (RaftServerImpl.java:lambda$shutdown$3(250)) - 34d030e9-4022-4c73-acc2-92de1e8de82f@group-20019366EAFF: shutdown
2019-11-14 23:01:10,221 [grpc-default-executor-0] INFO  util.JmxRegister (JmxRegister.java:unregister(73)) - Successfully un-registered JMX Bean with object name Ratis:service=RaftServer,group=group-20019366EAFF,id=34d030e9-4022-4c73-acc2-92de1e8de82f
2019-11-14 23:01:10,221 [grpc-default-executor-0] INFO  impl.RoleInfo (RoleInfo.java:shutdownFollowerState(121)) - 34d030e9-4022-4c73-acc2-92de1e8de82f: shutdown FollowerState
2019-11-14 23:01:10,222 [grpc-default-executor-0] INFO  impl.StateMachineUpdater (StateMachineUpdater.java:stopAndJoin(136)) - 34d030e9-4022-4c73-acc2-92de1e8de82f@group-20019366EAFF-StateMachineUpdater: set stopIndex = -1
2019-11-14 23:01:10,222 [Thread-236] INFO  impl.FollowerState (FollowerState.java:run(120)) - 34d030e9-4022-4c73-acc2-92de1e8de82f@group-20019366EAFF-FollowerState was interrupted: java.lang.InterruptedException: sleep interrupted
2019-11-14 23:01:10,222 [grpc-default-executor-0] INFO  impl.RaftServerImpl (ServerState.java:close(387)) - 34d030e9-4022-4c73-acc2-92de1e8de82f@group-20019366EAFF: closes. applyIndex: -1
2019-11-14 23:01:10,223 [34d030e9-4022-4c73-acc2-92de1e8de82f@group-20019366EAFF-SegmentedRaftLogWorker] INFO  segmented.SegmentedRaftLogWorker (SegmentedRaftLogWorker.java:run(316)) - 34d030e9-4022-4c73-acc2-92de1e8de82f@group-20019366EAFF-SegmentedRaftLogWorker was interrupted, exiting. There are 0 tasks remaining in the queue.
2019-11-14 23:01:10,223 [grpc-default-executor-0] INFO  segmented.SegmentedRaftLogWorker (SegmentedRaftLogWorker.java:close(224)) - 34d030e9-4022-4c73-acc2-92de1e8de82f@group-20019366EAFF-SegmentedRaftLogWorker close()
2019-11-14 23:01:10,228 [Thread-225] INFO  pipeline.PipelineStateManager (PipelineStateManager.java:removePipeline(106)) - Pipeline Pipeline[ Id: daf02776-7ec8-4c9b-a092-20019366eaff, Nodes: 34d030e9-4022-4c73-acc2-92de1e8de82f{ip: 192.168.164.210, host: pr-hdds-2448-del-container-qmj8s-3203767274, networkLocation: /default-rack, certSerialId: null}, Type:RATIS, Factor:ONE, State:CLOSED] removed from db
2019-11-14 23:01:10,235 [grpc-default-executor-0] INFO  impl.RaftServerProxy (RaftServerProxy.java:addNew(89)) - 34d030e9-4022-4c73-acc2-92de1e8de82f: addNew group-7A07370E3CE2:[34d030e9-4022-4c73-acc2-92de1e8de82f:192.168.164.210:40872] returns group-7A07370E3CE2:java.util.concurrent.CompletableFuture@409bd296[Not completed]
2019-11-14 23:01:10,237 [pool-27-thread-1] INFO  impl.RaftServerImpl (RaftServerImpl.java:<init>(98)) - 34d030e9-4022-4c73-acc2-92de1e8de82f: new RaftServerImpl for group-7A07370E3CE2:[34d030e9-4022-4c73-acc2-92de1e8de82f:192.168.164.210:40872] with ContainerStateMachine:uninitialized
2019-11-14 23:01:10,237 [pool-27-thread-1] INFO  server.RaftServerConfigKeys (ConfUtils.java:logGet(43)) - raft.server.rpc.timeout.min = 5s (custom)
2019-11-14 23:01:10,237 [pool-27-thread-1] INFO  server.RaftServerConfigKeys (ConfUtils.java:logGet(43)) - raft.server.rpc.timeout.max = 5200ms (custom)
2019-11-14 23:01:10,237 [pool-27-thread-1] INFO  server.RaftServerConfigKeys (ConfUtils.java:logGet(43)) - raft.server.rpcslowness.timeout = 120s (custom)
2019-11-14 23:01:10,237 [pool-27-thread-1] INFO  server.RaftServerConfigKeys (ConfUtils.java:logGet(43)) - raft.server.sleep.deviation.threshold = 300 (default)
2019-11-14 23:01:10,237 [pool-27-thread-1] INFO  server.RaftServerConfigKeys (ConfUtils.java:logGet(43)) - raft.server.log.appender.install.snapshot.enabled = false (custom)
2019-11-14 23:01:10,237 [pool-27-thread-1] INFO  impl.RaftServerImpl (ServerState.java:<init>(103)) - 34d030e9-4022-4c73-acc2-92de1e8de82f@group-7A07370E3CE2: ConfigurationManager, init=-1: [34d030e9-4022-4c73-acc2-92de1e8de82f:192.168.164.210:40872], old=null, confs=<EMPTY_MAP>
2019-11-14 23:01:10,238 [pool-27-thread-1] INFO  server.RaftServerConfigKeys (ConfUtils.java:logGet(43)) - raft.server.storage.dir = [/workdir/hadoop-ozone/integration-test/target/test-dir/MiniOzoneClusterImpl-d80f6904-08ae-461d-86df-e4f9bc309fd1/datanode-0/data/ratis] (custom)
2019-11-14 23:01:10,238 [pool-27-thread-1] INFO  server.RaftServerConfigKeys (ConfUtils.java:logGet(43)) - raft.server.log.corruption.policy = EXCEPTION (default)
2019-11-14 23:01:10,238 [pool-27-thread-1] INFO  storage.RaftStorageDirectory (RaftStorageDirectory.java:analyzeStorage(246)) - The storage directory /workdir/hadoop-ozone/integration-test/target/test-dir/MiniOzoneClusterImpl-d80f6904-08ae-461d-86df-e4f9bc309fd1/datanode-0/data/ratis/27a266ad-de0c-46c5-ae9a-7a07370e3ce2 does not exist. Creating ...
2019-11-14 23:01:10,251 [pool-27-thread-1] INFO  storage.RaftStorageDirectory (RaftStorageDirectory.java:tryLock(328)) - Lock on /workdir/hadoop-ozone/integration-test/target/test-dir/MiniOzoneClusterImpl-d80f6904-08ae-461d-86df-e4f9bc309fd1/datanode-0/data/ratis/27a266ad-de0c-46c5-ae9a-7a07370e3ce2/in_use.lock acquired by nodename 10065@pr-hdds-2448-del-container-qmj8s-3203767274
2019-11-14 23:01:10,264 [pool-27-thread-1] INFO  storage.RaftStorage (RaftStorage.java:format(84)) - Storage directory /workdir/hadoop-ozone/integration-test/target/test-dir/MiniOzoneClusterImpl-d80f6904-08ae-461d-86df-e4f9bc309fd1/datanode-0/data/ratis/27a266ad-de0c-46c5-ae9a-7a07370e3ce2 has been successfully formatted.
2019-11-14 23:01:10,264 [pool-27-thread-1] INFO  ratis.ContainerStateMachine (ContainerStateMachine.java:loadSnapshot(223)) - group-7A07370E3CE2: The snapshot info is null. Setting the last applied indexto:(t:0, i:~)
2019-11-14 23:01:10,264 [pool-27-thread-1] INFO  server.RaftServerConfigKeys (ConfUtils.java:logGet(43)) - raft.server.notification.no-leader.timeout = 120s (custom)
2019-11-14 23:01:10,264 [pool-27-thread-1] INFO  server.RaftServerConfigKeys (ConfUtils.java:logGet(43)) - raft.server.log.use.memory = false (default)
2019-11-14 23:01:10,264 [pool-27-thread-1] INFO  server.RaftServerConfigKeys (ConfUtils.java:logGet(43)) - raft.server.log.purge.gap = 1000000 (custom)
2019-11-14 23:01:10,264 [pool-27-thread-1] INFO  server.RaftServerConfigKeys (ConfUtils.java:logGet(43)) - raft.server.log.appender.buffer.byte-limit = 33554432 (custom)
2019-11-14 23:01:10,264 [pool-27-thread-1] INFO  server.RaftServerConfigKeys (ConfUtils.java:logGet(43)) - raft.server.log.segment.size.max = 1048576 (custom)
2019-11-14 23:01:10,264 [pool-27-thread-1] INFO  server.RaftServerConfigKeys (ConfUtils.java:logGet(43)) - raft.server.log.segment.cache.num.max = 2 (custom)
2019-11-14 23:01:10,265 [pool-27-thread-1] INFO  segmented.SegmentedRaftLogWorker (SegmentedRaftLogWorker.java:<init>(173)) - new 34d030e9-4022-4c73-acc2-92de1e8de82f@group-7A07370E3CE2-SegmentedRaftLogWorker for RaftStorage:Storage Directory /workdir/hadoop-ozone/integration-test/target/test-dir/MiniOzoneClusterImpl-d80f6904-08ae-461d-86df-e4f9bc309fd1/datanode-0/data/ratis/27a266ad-de0c-46c5-ae9a-7a07370e3ce2
2019-11-14 23:01:10,265 [pool-27-thread-1] INFO  server.RaftServerConfigKeys (ConfUtils.java:logGet(43)) - raft.server.log.queue.byte-limit = 2147483647 (custom)
2019-11-14 23:01:10,265 [pool-27-thread-1] INFO  server.RaftServerConfigKeys (ConfUtils.java:logGet(43)) - raft.server.log.queue.element-limit = 1024 (custom)
2019-11-14 23:01:10,265 [pool-27-thread-1] INFO  server.RaftServerConfigKeys (ConfUtils.java:logGet(43)) - raft.server.log.segment.size.max = 1048576 (custom)
2019-11-14 23:01:10,265 [pool-27-thread-1] INFO  server.RaftServerConfigKeys (ConfUtils.java:logGet(43)) - raft.server.log.preallocated.size = 16384 (custom)
2019-11-14 23:01:10,265 [pool-27-thread-1] INFO  server.RaftServerConfigKeys (ConfUtils.java:logGet(43)) - raft.server.log.write.buffer.size = 33554432 (custom)
2019-11-14 23:01:10,265 [pool-27-thread-1] INFO  server.RaftServerConfigKeys (ConfUtils.java:logGet(43)) - raft.server.log.force.sync.num = 128 (default)
2019-11-14 23:01:10,265 [pool-27-thread-1] INFO  server.RaftServerConfigKeys (ConfUtils.java:logGet(43)) - raft.server.log.statemachine.data.sync = true (default)
2019-11-14 23:01:10,265 [pool-27-thread-1] INFO  server.RaftServerConfigKeys (ConfUtils.java:logGet(43)) - raft.server.log.statemachine.data.sync.timeout = 10s (default)
2019-11-14 23:01:10,265 [pool-27-thread-1] INFO  server.RaftServerConfigKeys (ConfUtils.java:logGet(43)) - raft.server.log.statemachine.data.sync.timeout.retry = -1 (default)
2019-11-14 23:01:10,266 [pool-27-thread-1] INFO  server.RaftServerConfigKeys (ConfUtils.java:logGet(43)) - raft.server.log.statemachine.data.caching.enabled = true (custom)
2019-11-14 23:01:10,266 [pool-27-thread-1] INFO  segmented.SegmentedRaftLogWorker (SegmentedRaftLogWorker.java:lambda$new$0(128)) - 34d030e9-4022-4c73-acc2-92de1e8de82f@group-7A07370E3CE2-SegmentedRaftLogWorker: flushIndex: setUnconditionally 0 -> -1
2019-11-14 23:01:10,266 [pool-27-thread-1] INFO  server.RaftServerConfigKeys (ConfUtils.java:logGet(43)) - raft.server.snapshot.auto.trigger.enabled = true (custom)
2019-11-14 23:01:10,266 [pool-27-thread-1] INFO  server.RaftServerConfigKeys (ConfUtils.java:logGet(43)) - raft.server.snapshot.auto.trigger.threshold = 10000 (custom)
2019-11-14 23:01:10,266 [pool-27-thread-1] INFO  server.RaftServerConfigKeys (ConfUtils.java:logGet(43)) - raft.server.snapshot.retention.file.num = 5 (custom)
2019-11-14 23:01:10,266 [pool-27-thread-1] INFO  server.RaftServerConfigKeys (ConfUtils.java:logGet(43)) - raft.server.retrycache.expirytime = 600000ms (custom)
2019-11-14 23:01:10,266 [pool-27-thread-1] WARN  impl.MetricRegistriesImpl (MetricRegistriesImpl.java:lambda$create$1(61)) - First MetricRegistry has been created without registering reporters. You may need to call MetricRegistries.global().addReportRegistration(...) before.
2019-11-14 23:01:10,267 [pool-27-thread-1] WARN  impl.MetricRegistriesImpl (MetricRegistriesImpl.java:lambda$create$1(61)) - First MetricRegistry has been created without registering reporters. You may need to call MetricRegistries.global().addReportRegistration(...) before.
2019-11-14 23:01:10,267 [pool-27-thread-1] INFO  impl.RaftServerImpl (RaftServerImpl.java:start(184)) - 34d030e9-4022-4c73-acc2-92de1e8de82f@group-7A07370E3CE2: start as a follower, conf=-1: [34d030e9-4022-4c73-acc2-92de1e8de82f:192.168.164.210:40872], old=null
2019-11-14 23:01:10,267 [pool-27-thread-1] INFO  impl.RaftServerImpl (RaftServerImpl.java:setRole(173)) - 34d030e9-4022-4c73-acc2-92de1e8de82f@group-7A07370E3CE2: changes role from      null to FOLLOWER at term 0 for startAsFollower
2019-11-14 23:01:10,267 [pool-27-thread-1] INFO  impl.RoleInfo (RoleInfo.java:updateAndGet(143)) - 34d030e9-4022-4c73-acc2-92de1e8de82f: start FollowerState
2019-11-14 23:01:10,267 [pool-27-thread-1] INFO  util.JmxRegister (JmxRegister.java:tryRegister(44)) - Successfully registered JMX Bean with object name Ratis:service=RaftServer,group=group-7A07370E3CE2,id=34d030e9-4022-4c73-acc2-92de1e8de82f
2019-11-14 23:01:10,267 [pool-27-thread-1] WARN  impl.MetricRegistriesImpl (MetricRegistriesImpl.java:lambda$create$1(61)) - First MetricRegistry has been created without registering reporters. You may need to call MetricRegistries.global().addReportRegistration(...) before.
2019-11-14 23:01:10,271 [RatisPipelineUtilsThread] INFO  pipeline.PipelineStateManager (PipelineStateManager.java:addPipeline(55)) - Created pipeline Pipeline[ Id: 27a266ad-de0c-46c5-ae9a-7a07370e3ce2, Nodes: 34d030e9-4022-4c73-acc2-92de1e8de82f{ip: 192.168.164.210, host: pr-hdds-2448-del-container-qmj8s-3203767274, networkLocation: /default-rack, certSerialId: null}, Type:RATIS, Factor:ONE, State:ALLOCATED]
2019-11-14 23:01:10,554 [main] INFO  ozone.MiniOzoneClusterImpl (MiniOzoneClusterImpl.java:lambda$waitForClusterToBeReady$2(163)) - Waiting for 4 number of pipelines out of 4, to report a leader.
2019-11-14 23:01:11,555 [main] INFO  ozone.MiniOzoneClusterImpl (MiniOzoneClusterImpl.java:lambda$waitForClusterToBeReady$2(163)) - Waiting for 4 number of pipelines out of 4, to report a leader.
2019-11-14 23:01:12,556 [main] INFO  ozone.MiniOzoneClusterImpl (MiniOzoneClusterImpl.java:lambda$waitForClusterToBeReady$2(163)) - Waiting for 4 number of pipelines out of 4, to report a leader.
2019-11-14 23:01:13,557 [main] INFO  ozone.MiniOzoneClusterImpl (MiniOzoneClusterImpl.java:lambda$waitForClusterToBeReady$2(163)) - Waiting for 4 number of pipelines out of 4, to report a leader.
2019-11-14 23:01:14,558 [main] INFO  ozone.MiniOzoneClusterImpl (MiniOzoneClusterImpl.java:lambda$waitForClusterToBeReady$2(163)) - Waiting for 4 number of pipelines out of 4, to report a leader.
2019-11-14 23:01:15,126 [Thread-256] INFO  impl.FollowerState (FollowerState.java:run(111)) - 23435c0e-9f08-4b3a-93a8-ff7754a9abdc@group-B0411E3C544E-FollowerState: change to CANDIDATE, lastRpcTime:5033ms, electionTimeout:5032ms
2019-11-14 23:01:15,126 [Thread-256] INFO  impl.RoleInfo (RoleInfo.java:shutdownFollowerState(121)) - 23435c0e-9f08-4b3a-93a8-ff7754a9abdc: shutdown FollowerState
2019-11-14 23:01:15,127 [Thread-256] INFO  impl.RaftServerImpl (RaftServerImpl.java:setRole(173)) - 23435c0e-9f08-4b3a-93a8-ff7754a9abdc@group-B0411E3C544E: changes role from  FOLLOWER to CANDIDATE at term 0 for changeToCandidate
2019-11-14 23:01:15,127 [Thread-256] INFO  impl.RoleInfo (RoleInfo.java:updateAndGet(143)) - 23435c0e-9f08-4b3a-93a8-ff7754a9abdc: start LeaderElection
2019-11-14 23:01:15,150 [23435c0e-9f08-4b3a-93a8-ff7754a9abdc@group-B0411E3C544E-LeaderElection9] INFO  impl.LeaderElection (LeaderElection.java:askForVotes(178)) - 23435c0e-9f08-4b3a-93a8-ff7754a9abdc@group-B0411E3C544E-LeaderElection9: begin an election at term 1 for -1: [34d030e9-4022-4c73-acc2-92de1e8de82f:192.168.164.210:40872, 23435c0e-9f08-4b3a-93a8-ff7754a9abdc:192.168.164.210:37516, 795ccad7-a5f7-4de1-b4ec-0bba8df07f61:192.168.164.210:45282], old=null
2019-11-14 23:01:15,160 [grpc-default-executor-2] INFO  impl.RaftServerImpl (RaftServerImpl.java:setRole(173)) - 34d030e9-4022-4c73-acc2-92de1e8de82f@group-B0411E3C544E: changes role from  FOLLOWER to FOLLOWER at term 1 for recognizeCandidate:23435c0e-9f08-4b3a-93a8-ff7754a9abdc
2019-11-14 23:01:15,160 [grpc-default-executor-0] INFO  impl.RaftServerImpl (RaftServerImpl.java:setRole(173)) - 795ccad7-a5f7-4de1-b4ec-0bba8df07f61@group-B0411E3C544E: changes role from  FOLLOWER to FOLLOWER at term 1 for recognizeCandidate:23435c0e-9f08-4b3a-93a8-ff7754a9abdc
2019-11-14 23:01:15,160 [grpc-default-executor-2] INFO  impl.RoleInfo (RoleInfo.java:shutdownFollowerState(121)) - 34d030e9-4022-4c73-acc2-92de1e8de82f: shutdown FollowerState
2019-11-14 23:01:15,160 [grpc-default-executor-0] INFO  impl.RoleInfo (RoleInfo.java:shutdownFollowerState(121)) - 795ccad7-a5f7-4de1-b4ec-0bba8df07f61: shutdown FollowerState
2019-11-14 23:01:15,161 [Thread-251] INFO  impl.FollowerState (FollowerState.java:run(120)) - 34d030e9-4022-4c73-acc2-92de1e8de82f@group-B0411E3C544E-FollowerState was interrupted: java.lang.InterruptedException: sleep interrupted
2019-11-14 23:01:15,161 [Thread-255] INFO  impl.FollowerState (FollowerState.java:run(120)) - 795ccad7-a5f7-4de1-b4ec-0bba8df07f61@group-B0411E3C544E-FollowerState was interrupted: java.lang.InterruptedException: sleep interrupted
2019-11-14 23:01:15,161 [grpc-default-executor-0] INFO  impl.RoleInfo (RoleInfo.java:updateAndGet(143)) - 795ccad7-a5f7-4de1-b4ec-0bba8df07f61: start FollowerState
2019-11-14 23:01:15,161 [grpc-default-executor-2] INFO  impl.RoleInfo (RoleInfo.java:updateAndGet(143)) - 34d030e9-4022-4c73-acc2-92de1e8de82f: start FollowerState
2019-11-14 23:01:15,168 [23435c0e-9f08-4b3a-93a8-ff7754a9abdc@group-B0411E3C544E-LeaderElection9] INFO  impl.LeaderElection (LeaderElection.java:logAndReturn(56)) - 23435c0e-9f08-4b3a-93a8-ff7754a9abdc@group-B0411E3C544E-LeaderElection9: Election PASSED; received 1 response(s) [23435c0e-9f08-4b3a-93a8-ff7754a9abdc<-795ccad7-a5f7-4de1-b4ec-0bba8df07f61#0:OK-t1] and 0 exception(s); 23435c0e-9f08-4b3a-93a8-ff7754a9abdc@group-B0411E3C544E:t1, leader=null, voted=23435c0e-9f08-4b3a-93a8-ff7754a9abdc, raftlog=23435c0e-9f08-4b3a-93a8-ff7754a9abdc@group-B0411E3C544E-SegmentedRaftLog:OPENED:c-1,f-1,i0, conf=-1: [34d030e9-4022-4c73-acc2-92de1e8de82f:192.168.164.210:40872, 23435c0e-9f08-4b3a-93a8-ff7754a9abdc:192.168.164.210:37516, 795ccad7-a5f7-4de1-b4ec-0bba8df07f61:192.168.164.210:45282], old=null
2019-11-14 23:01:15,168 [23435c0e-9f08-4b3a-93a8-ff7754a9abdc@group-B0411E3C544E-LeaderElection9] INFO  impl.RoleInfo (RoleInfo.java:shutdownLeaderElection(134)) - 23435c0e-9f08-4b3a-93a8-ff7754a9abdc: shutdown LeaderElection
2019-11-14 23:01:15,170 [23435c0e-9f08-4b3a-93a8-ff7754a9abdc@group-B0411E3C544E-LeaderElection9] INFO  impl.RaftServerImpl (RaftServerImpl.java:setRole(173)) - 23435c0e-9f08-4b3a-93a8-ff7754a9abdc@group-B0411E3C544E: changes role from CANDIDATE to LEADER at term 1 for changeToLeader
2019-11-14 23:01:15,170 [23435c0e-9f08-4b3a-93a8-ff7754a9abdc@group-B0411E3C544E-LeaderElection9] INFO  ratis.XceiverServerRatis (XceiverServerRatis.java:handleLeaderChangedNotification(697)) - Leader change notification received for group: group-B0411E3C544E with new leaderId: 23435c0e-9f08-4b3a-93a8-ff7754a9abdc
2019-11-14 23:01:15,171 [23435c0e-9f08-4b3a-93a8-ff7754a9abdc@group-B0411E3C544E-LeaderElection9] INFO  impl.RaftServerImpl (ServerState.java:setLeader(255)) - 23435c0e-9f08-4b3a-93a8-ff7754a9abdc@group-B0411E3C544E: change Leader from null to 23435c0e-9f08-4b3a-93a8-ff7754a9abdc at term 1 for becomeLeader, leader elected after 5085ms
2019-11-14 23:01:15,171 [23435c0e-9f08-4b3a-93a8-ff7754a9abdc@group-B0411E3C544E-LeaderElection9] INFO  server.RaftServerConfigKeys (ConfUtils.java:logGet(43)) - raft.server.staging.catchup.gap = 1000 (default)
2019-11-14 23:01:15,171 [23435c0e-9f08-4b3a-93a8-ff7754a9abdc@group-B0411E3C544E-LeaderElection9] INFO  server.RaftServerConfigKeys (ConfUtils.java:logGet(43)) - raft.server.rpc.sleep.time = 25ms (default)
2019-11-14 23:01:15,172 [23435c0e-9f08-4b3a-93a8-ff7754a9abdc@group-B0411E3C544E-LeaderElection9] INFO  server.RaftServerConfigKeys (ConfUtils.java:logGet(43)) - raft.server.write.element-limit = 4096 (default)
2019-11-14 23:01:15,172 [23435c0e-9f08-4b3a-93a8-ff7754a9abdc@group-B0411E3C544E-LeaderElection9] INFO  server.RaftServerConfigKeys (ConfUtils.java:logGet(43)) - raft.server.watch.timeout = 10s (default)
2019-11-14 23:01:15,172 [23435c0e-9f08-4b3a-93a8-ff7754a9abdc@group-B0411E3C544E-LeaderElection9] INFO  server.RaftServerConfigKeys (ConfUtils.java:logGet(43)) - raft.server.watch.timeout.denomination = 1s (default)
2019-11-14 23:01:15,172 [23435c0e-9f08-4b3a-93a8-ff7754a9abdc@group-B0411E3C544E-LeaderElection9] INFO  server.RaftServerConfigKeys (ConfUtils.java:logGet(43)) - raft.server.watch.element-limit = 65536 (default)
2019-11-14 23:01:15,173 [23435c0e-9f08-4b3a-93a8-ff7754a9abdc@group-B0411E3C544E-LeaderElection9] INFO  server.RaftServerConfigKeys (ConfUtils.java:logGet(43)) - raft.server.log.appender.snapshot.chunk.size.max = 16MB (=16777216) (default)
2019-11-14 23:01:15,173 [23435c0e-9f08-4b3a-93a8-ff7754a9abdc@group-B0411E3C544E-LeaderElection9] INFO  server.RaftServerConfigKeys (ConfUtils.java:logGet(43)) - raft.server.log.appender.buffer.byte-limit = 33554432 (custom)
2019-11-14 23:01:15,173 [EventQueue-PipelineReportForPipelineReportHandler] INFO  pipeline.PipelineStateManager (PipelineStateManager.java:openPipeline(134)) - Pipeline Pipeline[ Id: d1a449bf-cf02-4865-852d-b0411e3c544e, Nodes: 23435c0e-9f08-4b3a-93a8-ff7754a9abdc{ip: 192.168.164.210, host: pr-hdds-2448-del-container-qmj8s-3203767274, networkLocation: /default-rack, certSerialId: null}34d030e9-4022-4c73-acc2-92de1e8de82f{ip: 192.168.164.210, host: pr-hdds-2448-del-container-qmj8s-3203767274, networkLocation: /default-rack, certSerialId: null}795ccad7-a5f7-4de1-b4ec-0bba8df07f61{ip: 192.168.164.210, host: pr-hdds-2448-del-container-qmj8s-3203767274, networkLocation: /default-rack, certSerialId: null}, Type:RATIS, Factor:THREE, State:OPEN] moved to OPEN state
2019-11-14 23:01:15,173 [23435c0e-9f08-4b3a-93a8-ff7754a9abdc@group-B0411E3C544E-LeaderElection9] INFO  server.RaftServerConfigKeys (ConfUtils.java:logGet(43)) - raft.server.log.appender.buffer.element-limit = 1 (custom)
2019-11-14 23:01:15,174 [23435c0e-9f08-4b3a-93a8-ff7754a9abdc@group-B0411E3C544E-LeaderElection9] INFO  grpc.GrpcConfigKeys$Server (ConfUtils.java:logGet(43)) - raft.grpc.server.leader.outstanding.appends.max = 128 (default)
2019-11-14 23:01:15,174 [23435c0e-9f08-4b3a-93a8-ff7754a9abdc@group-B0411E3C544E-LeaderElection9] INFO  server.RaftServerConfigKeys (ConfUtils.java:logGet(43)) - raft.server.rpc.request.timeout = 3000ms (default)
2019-11-14 23:01:15,175 [23435c0e-9f08-4b3a-93a8-ff7754a9abdc@group-B0411E3C544E-LeaderElection9] INFO  server.RaftServerConfigKeys (ConfUtils.java:logGet(43)) - raft.server.log.appender.install.snapshot.enabled = false (custom)
2019-11-14 23:01:15,175 [23435c0e-9f08-4b3a-93a8-ff7754a9abdc@group-B0411E3C544E-LeaderElection9] WARN  impl.MetricRegistriesImpl (MetricRegistriesImpl.java:lambda$create$1(61)) - First MetricRegistry has been created without registering reporters. You may need to call MetricRegistries.global().addReportRegistration(...) before.
2019-11-14 23:01:15,175 [23435c0e-9f08-4b3a-93a8-ff7754a9abdc@group-B0411E3C544E-LeaderElection9] INFO  server.RaftServerConfigKeys (ConfUtils.java:logGet(43)) - raft.server.log.appender.snapshot.chunk.size.max = 16MB (=16777216) (default)
2019-11-14 23:01:15,175 [23435c0e-9f08-4b3a-93a8-ff7754a9abdc@group-B0411E3C544E-LeaderElection9] INFO  server.RaftServerConfigKeys (ConfUtils.java:logGet(43)) - raft.server.log.appender.buffer.byte-limit = 33554432 (custom)
2019-11-14 23:01:15,175 [23435c0e-9f08-4b3a-93a8-ff7754a9abdc@group-B0411E3C544E-LeaderElection9] INFO  server.RaftServerConfigKeys (ConfUtils.java:logGet(43)) - raft.server.log.appender.buffer.element-limit = 1 (custom)
2019-11-14 23:01:15,176 [23435c0e-9f08-4b3a-93a8-ff7754a9abdc@group-B0411E3C544E-LeaderElection9] INFO  grpc.GrpcConfigKeys$Server (ConfUtils.java:logGet(43)) - raft.grpc.server.leader.outstanding.appends.max = 128 (default)
2019-11-14 23:01:15,176 [23435c0e-9f08-4b3a-93a8-ff7754a9abdc@group-B0411E3C544E-LeaderElection9] INFO  server.RaftServerConfigKeys (ConfUtils.java:logGet(43)) - raft.server.rpc.request.timeout = 3000ms (default)
2019-11-14 23:01:15,176 [23435c0e-9f08-4b3a-93a8-ff7754a9abdc@group-B0411E3C544E-LeaderElection9] INFO  server.RaftServerConfigKeys (ConfUtils.java:logGet(43)) - raft.server.log.appender.install.snapshot.enabled = false (custom)
2019-11-14 23:01:15,176 [23435c0e-9f08-4b3a-93a8-ff7754a9abdc@group-B0411E3C544E-LeaderElection9] INFO  impl.RoleInfo (RoleInfo.java:updateAndGet(143)) - 23435c0e-9f08-4b3a-93a8-ff7754a9abdc: start LeaderState
2019-11-14 23:01:15,177 [23435c0e-9f08-4b3a-93a8-ff7754a9abdc@group-B0411E3C544E-LeaderElection9] INFO  segmented.SegmentedRaftLogWorker (SegmentedRaftLogWorker.java:startLogSegment(385)) - 23435c0e-9f08-4b3a-93a8-ff7754a9abdc@group-B0411E3C544E-SegmentedRaftLogWorker: Starting segment from index:0
2019-11-14 23:01:15,178 [23435c0e-9f08-4b3a-93a8-ff7754a9abdc@group-B0411E3C544E-LeaderElection9] INFO  impl.RaftServerImpl (ServerState.java:setRaftConf(356)) - 23435c0e-9f08-4b3a-93a8-ff7754a9abdc@group-B0411E3C544E: set configuration 0: [34d030e9-4022-4c73-acc2-92de1e8de82f:192.168.164.210:40872, 23435c0e-9f08-4b3a-93a8-ff7754a9abdc:192.168.164.210:37516, 795ccad7-a5f7-4de1-b4ec-0bba8df07f61:192.168.164.210:45282], old=null at 0
2019-11-14 23:01:15,215 [grpc-default-executor-2] INFO  ratis.XceiverServerRatis (XceiverServerRatis.java:handleLeaderChangedNotification(697)) - Leader change notification received for group: group-B0411E3C544E with new leaderId: 23435c0e-9f08-4b3a-93a8-ff7754a9abdc
2019-11-14 23:01:15,217 [grpc-default-executor-0] INFO  ratis.XceiverServerRatis (XceiverServerRatis.java:handleLeaderChangedNotification(697)) - Leader change notification received for group: group-B0411E3C544E with new leaderId: 23435c0e-9f08-4b3a-93a8-ff7754a9abdc
2019-11-14 23:01:15,217 [grpc-default-executor-2] INFO  impl.RaftServerImpl (ServerState.java:setLeader(255)) - 795ccad7-a5f7-4de1-b4ec-0bba8df07f61@group-B0411E3C544E: change Leader from null to 23435c0e-9f08-4b3a-93a8-ff7754a9abdc at term 1 for appendEntries, leader elected after 5130ms
2019-11-14 23:01:15,217 [grpc-default-executor-0] INFO  impl.RaftServerImpl (ServerState.java:setLeader(255)) - 34d030e9-4022-4c73-acc2-92de1e8de82f@group-B0411E3C544E: change Leader from null to 23435c0e-9f08-4b3a-93a8-ff7754a9abdc at term 1 for appendEntries, leader elected after 5132ms
2019-11-14 23:01:15,222 [grpc-default-executor-2] INFO  impl.RaftServerImpl (ServerState.java:setRaftConf(356)) - 795ccad7-a5f7-4de1-b4ec-0bba8df07f61@group-B0411E3C544E: set configuration 0: [34d030e9-4022-4c73-acc2-92de1e8de82f:192.168.164.210:40872, 23435c0e-9f08-4b3a-93a8-ff7754a9abdc:192.168.164.210:37516, 795ccad7-a5f7-4de1-b4ec-0bba8df07f61:192.168.164.210:45282], old=null at 0
2019-11-14 23:01:15,222 [23435c0e-9f08-4b3a-93a8-ff7754a9abdc@group-B0411E3C544E-SegmentedRaftLogWorker] INFO  segmented.SegmentedRaftLogWorker (SegmentedRaftLogWorker.java:execute(576)) - 23435c0e-9f08-4b3a-93a8-ff7754a9abdc@group-B0411E3C544E-SegmentedRaftLogWorker: created new log segment /workdir/hadoop-ozone/integration-test/target/test-dir/MiniOzoneClusterImpl-d80f6904-08ae-461d-86df-e4f9bc309fd1/datanode-2/data/ratis/d1a449bf-cf02-4865-852d-b0411e3c544e/current/log_inprogress_0
2019-11-14 23:01:15,222 [grpc-default-executor-2] INFO  segmented.SegmentedRaftLogWorker (SegmentedRaftLogWorker.java:startLogSegment(385)) - 795ccad7-a5f7-4de1-b4ec-0bba8df07f61@group-B0411E3C544E-SegmentedRaftLogWorker: Starting segment from index:0
2019-11-14 23:01:15,223 [grpc-default-executor-0] INFO  impl.RaftServerImpl (ServerState.java:setRaftConf(356)) - 34d030e9-4022-4c73-acc2-92de1e8de82f@group-B0411E3C544E: set configuration 0: [34d030e9-4022-4c73-acc2-92de1e8de82f:192.168.164.210:40872, 23435c0e-9f08-4b3a-93a8-ff7754a9abdc:192.168.164.210:37516, 795ccad7-a5f7-4de1-b4ec-0bba8df07f61:192.168.164.210:45282], old=null at 0
2019-11-14 23:01:15,223 [grpc-default-executor-0] INFO  segmented.SegmentedRaftLogWorker (SegmentedRaftLogWorker.java:startLogSegment(385)) - 34d030e9-4022-4c73-acc2-92de1e8de82f@group-B0411E3C544E-SegmentedRaftLogWorker: Starting segment from index:0
2019-11-14 23:01:15,264 [795ccad7-a5f7-4de1-b4ec-0bba8df07f61@group-B0411E3C544E-SegmentedRaftLogWorker] INFO  segmented.SegmentedRaftLogWorker (SegmentedRaftLogWorker.java:execute(576)) - 795ccad7-a5f7-4de1-b4ec-0bba8df07f61@group-B0411E3C544E-SegmentedRaftLogWorker: created new log segment /workdir/hadoop-ozone/integration-test/target/test-dir/MiniOzoneClusterImpl-d80f6904-08ae-461d-86df-e4f9bc309fd1/datanode-1/data/ratis/d1a449bf-cf02-4865-852d-b0411e3c544e/current/log_inprogress_0
2019-11-14 23:01:15,264 [34d030e9-4022-4c73-acc2-92de1e8de82f@group-B0411E3C544E-SegmentedRaftLogWorker] INFO  segmented.SegmentedRaftLogWorker (SegmentedRaftLogWorker.java:execute(576)) - 34d030e9-4022-4c73-acc2-92de1e8de82f@group-B0411E3C544E-SegmentedRaftLogWorker: created new log segment /workdir/hadoop-ozone/integration-test/target/test-dir/MiniOzoneClusterImpl-d80f6904-08ae-461d-86df-e4f9bc309fd1/datanode-0/data/ratis/d1a449bf-cf02-4865-852d-b0411e3c544e/current/log_inprogress_0
2019-11-14 23:01:15,323 [Thread-261] INFO  impl.FollowerState (FollowerState.java:run(111)) - 795ccad7-a5f7-4de1-b4ec-0bba8df07f61@group-F207208F3836-FollowerState: change to CANDIDATE, lastRpcTime:5167ms, electionTimeout:5167ms
2019-11-14 23:01:15,323 [Thread-261] INFO  impl.RoleInfo (RoleInfo.java:shutdownFollowerState(121)) - 795ccad7-a5f7-4de1-b4ec-0bba8df07f61: shutdown FollowerState
2019-11-14 23:01:15,323 [Thread-261] INFO  impl.RaftServerImpl (RaftServerImpl.java:setRole(173)) - 795ccad7-a5f7-4de1-b4ec-0bba8df07f61@group-F207208F3836: changes role from  FOLLOWER to CANDIDATE at term 0 for changeToCandidate
2019-11-14 23:01:15,323 [Thread-261] INFO  impl.RoleInfo (RoleInfo.java:updateAndGet(143)) - 795ccad7-a5f7-4de1-b4ec-0bba8df07f61: start LeaderElection
2019-11-14 23:01:15,326 [Thread-265] INFO  impl.FollowerState (FollowerState.java:run(111)) - 23435c0e-9f08-4b3a-93a8-ff7754a9abdc@group-617FE2F430A3-FollowerState: change to CANDIDATE, lastRpcTime:5115ms, electionTimeout:5115ms
2019-11-14 23:01:15,326 [Thread-265] INFO  impl.RoleInfo (RoleInfo.java:shutdownFollowerState(121)) - 23435c0e-9f08-4b3a-93a8-ff7754a9abdc: shutdown FollowerState
2019-11-14 23:01:15,326 [Thread-265] INFO  impl.RaftServerImpl (RaftServerImpl.java:setRole(173)) - 23435c0e-9f08-4b3a-93a8-ff7754a9abdc@group-617FE2F430A3: changes role from  FOLLOWER to CANDIDATE at term 0 for changeToCandidate
2019-11-14 23:01:15,326 [Thread-265] INFO  impl.RoleInfo (RoleInfo.java:updateAndGet(143)) - 23435c0e-9f08-4b3a-93a8-ff7754a9abdc: start LeaderElection
2019-11-14 23:01:15,346 [795ccad7-a5f7-4de1-b4ec-0bba8df07f61@group-F207208F3836-LeaderElection10] INFO  impl.LeaderElection (LeaderElection.java:askForVotes(178)) - 795ccad7-a5f7-4de1-b4ec-0bba8df07f61@group-F207208F3836-LeaderElection10: begin an election at term 1 for -1: [795ccad7-a5f7-4de1-b4ec-0bba8df07f61:192.168.164.210:45282], old=null
2019-11-14 23:01:15,347 [23435c0e-9f08-4b3a-93a8-ff7754a9abdc@group-617FE2F430A3-LeaderElection11] INFO  impl.LeaderElection (LeaderElection.java:askForVotes(178)) - 23435c0e-9f08-4b3a-93a8-ff7754a9abdc@group-617FE2F430A3-LeaderElection11: begin an election at term 1 for -1: [23435c0e-9f08-4b3a-93a8-ff7754a9abdc:192.168.164.210:37516], old=null
2019-11-14 23:01:15,347 [795ccad7-a5f7-4de1-b4ec-0bba8df07f61@group-F207208F3836-LeaderElection10] INFO  impl.RoleInfo (RoleInfo.java:shutdownLeaderElection(134)) - 795ccad7-a5f7-4de1-b4ec-0bba8df07f61: shutdown LeaderElection
2019-11-14 23:01:15,347 [23435c0e-9f08-4b3a-93a8-ff7754a9abdc@group-617FE2F430A3-LeaderElection11] INFO  impl.RoleInfo (RoleInfo.java:shutdownLeaderElection(134)) - 23435c0e-9f08-4b3a-93a8-ff7754a9abdc: shutdown LeaderElection
2019-11-14 23:01:15,347 [795ccad7-a5f7-4de1-b4ec-0bba8df07f61@group-F207208F3836-LeaderElection10] INFO  impl.RaftServerImpl (RaftServerImpl.java:setRole(173)) - 795ccad7-a5f7-4de1-b4ec-0bba8df07f61@group-F207208F3836: changes role from CANDIDATE to LEADER at term 1 for changeToLeader
2019-11-14 23:01:15,347 [23435c0e-9f08-4b3a-93a8-ff7754a9abdc@group-617FE2F430A3-LeaderElection11] INFO  impl.RaftServerImpl (RaftServerImpl.java:setRole(173)) - 23435c0e-9f08-4b3a-93a8-ff7754a9abdc@group-617FE2F430A3: changes role from CANDIDATE to LEADER at term 1 for changeToLeader
2019-11-14 23:01:15,347 [795ccad7-a5f7-4de1-b4ec-0bba8df07f61@group-F207208F3836-LeaderElection10] INFO  ratis.XceiverServerRatis (XceiverServerRatis.java:handleLeaderChangedNotification(697)) - Leader change notification received for group: group-F207208F3836 with new leaderId: 795ccad7-a5f7-4de1-b4ec-0bba8df07f61
2019-11-14 23:01:15,347 [23435c0e-9f08-4b3a-93a8-ff7754a9abdc@group-617FE2F430A3-LeaderElection11] INFO  ratis.XceiverServerRatis (XceiverServerRatis.java:handleLeaderChangedNotification(697)) - Leader change notification received for group: group-617FE2F430A3 with new leaderId: 23435c0e-9f08-4b3a-93a8-ff7754a9abdc
2019-11-14 23:01:15,348 [795ccad7-a5f7-4de1-b4ec-0bba8df07f61@group-F207208F3836-LeaderElection10] INFO  impl.RaftServerImpl (ServerState.java:setLeader(255)) - 795ccad7-a5f7-4de1-b4ec-0bba8df07f61@group-F207208F3836: change Leader from null to 795ccad7-a5f7-4de1-b4ec-0bba8df07f61 at term 1 for becomeLeader, leader elected after 5194ms
2019-11-14 23:01:15,348 [23435c0e-9f08-4b3a-93a8-ff7754a9abdc@group-617FE2F430A3-LeaderElection11] INFO  impl.RaftServerImpl (ServerState.java:setLeader(255)) - 23435c0e-9f08-4b3a-93a8-ff7754a9abdc@group-617FE2F430A3: change Leader from null to 23435c0e-9f08-4b3a-93a8-ff7754a9abdc at term 1 for becomeLeader, leader elected after 5139ms
2019-11-14 23:01:15,348 [795ccad7-a5f7-4de1-b4ec-0bba8df07f61@group-F207208F3836-LeaderElection10] INFO  server.RaftServerConfigKeys (ConfUtils.java:logGet(43)) - raft.server.staging.catchup.gap = 1000 (default)
2019-11-14 23:01:15,348 [23435c0e-9f08-4b3a-93a8-ff7754a9abdc@group-617FE2F430A3-LeaderElection11] INFO  server.RaftServerConfigKeys (ConfUtils.java:logGet(43)) - raft.server.staging.catchup.gap = 1000 (default)
2019-11-14 23:01:15,348 [795ccad7-a5f7-4de1-b4ec-0bba8df07f61@group-F207208F3836-LeaderElection10] INFO  server.RaftServerConfigKeys (ConfUtils.java:logGet(43)) - raft.server.rpc.sleep.time = 25ms (default)
2019-11-14 23:01:15,349 [23435c0e-9f08-4b3a-93a8-ff7754a9abdc@group-617FE2F430A3-LeaderElection11] INFO  server.RaftServerConfigKeys (ConfUtils.java:logGet(43)) - raft.server.rpc.sleep.time = 25ms (default)
2019-11-14 23:01:15,349 [795ccad7-a5f7-4de1-b4ec-0bba8df07f61@group-F207208F3836-LeaderElection10] INFO  server.RaftServerConfigKeys (ConfUtils.java:logGet(43)) - raft.server.write.element-limit = 4096 (default)
2019-11-14 23:01:15,349 [23435c0e-9f08-4b3a-93a8-ff7754a9abdc@group-617FE2F430A3-LeaderElection11] INFO  server.RaftServerConfigKeys (ConfUtils.java:logGet(43)) - raft.server.write.element-limit = 4096 (default)
2019-11-14 23:01:15,349 [795ccad7-a5f7-4de1-b4ec-0bba8df07f61@group-F207208F3836-LeaderElection10] INFO  server.RaftServerConfigKeys (ConfUtils.java:logGet(43)) - raft.server.watch.timeout = 10s (default)
2019-11-14 23:01:15,349 [23435c0e-9f08-4b3a-93a8-ff7754a9abdc@group-617FE2F430A3-LeaderElection11] INFO  server.RaftServerConfigKeys (ConfUtils.java:logGet(43)) - raft.server.watch.timeout = 10s (default)
2019-11-14 23:01:15,349 [795ccad7-a5f7-4de1-b4ec-0bba8df07f61@group-F207208F3836-LeaderElection10] INFO  server.RaftServerConfigKeys (ConfUtils.java:logGet(43)) - raft.server.watch.timeout.denomination = 1s (default)
2019-11-14 23:01:15,349 [23435c0e-9f08-4b3a-93a8-ff7754a9abdc@group-617FE2F430A3-LeaderElection11] INFO  server.RaftServerConfigKeys (ConfUtils.java:logGet(43)) - raft.server.watch.timeout.denomination = 1s (default)
2019-11-14 23:01:15,349 [795ccad7-a5f7-4de1-b4ec-0bba8df07f61@group-F207208F3836-LeaderElection10] INFO  server.RaftServerConfigKeys (ConfUtils.java:logGet(43)) - raft.server.watch.element-limit = 65536 (default)
2019-11-14 23:01:15,349 [23435c0e-9f08-4b3a-93a8-ff7754a9abdc@group-617FE2F430A3-LeaderElection11] INFO  server.RaftServerConfigKeys (ConfUtils.java:logGet(43)) - raft.server.watch.element-limit = 65536 (default)
2019-11-14 23:01:15,350 [795ccad7-a5f7-4de1-b4ec-0bba8df07f61@group-F207208F3836-LeaderElection10] INFO  impl.RoleInfo (RoleInfo.java:updateAndGet(143)) - 795ccad7-a5f7-4de1-b4ec-0bba8df07f61: start LeaderState
2019-11-14 23:01:15,350 [23435c0e-9f08-4b3a-93a8-ff7754a9abdc@group-617FE2F430A3-LeaderElection11] INFO  impl.RoleInfo (RoleInfo.java:updateAndGet(143)) - 23435c0e-9f08-4b3a-93a8-ff7754a9abdc: start LeaderState
2019-11-14 23:01:15,350 [795ccad7-a5f7-4de1-b4ec-0bba8df07f61@group-F207208F3836-LeaderElection10] INFO  segmented.SegmentedRaftLogWorker (SegmentedRaftLogWorker.java:startLogSegment(385)) - 795ccad7-a5f7-4de1-b4ec-0bba8df07f61@group-F207208F3836-SegmentedRaftLogWorker: Starting segment from index:0
2019-11-14 23:01:15,350 [EventQueue-PipelineReportForPipelineReportHandler] INFO  pipeline.PipelineStateManager (PipelineStateManager.java:openPipeline(134)) - Pipeline Pipeline[ Id: 9f42a081-9d76-4913-a5f7-f207208f3836, Nodes: 795ccad7-a5f7-4de1-b4ec-0bba8df07f61{ip: 192.168.164.210, host: pr-hdds-2448-del-container-qmj8s-3203767274, networkLocation: /default-rack, certSerialId: null}, Type:RATIS, Factor:ONE, State:OPEN] moved to OPEN state
2019-11-14 23:01:15,350 [23435c0e-9f08-4b3a-93a8-ff7754a9abdc@group-617FE2F430A3-LeaderElection11] INFO  segmented.SegmentedRaftLogWorker (SegmentedRaftLogWorker.java:startLogSegment(385)) - 23435c0e-9f08-4b3a-93a8-ff7754a9abdc@group-617FE2F430A3-SegmentedRaftLogWorker: Starting segment from index:0
2019-11-14 23:01:15,350 [795ccad7-a5f7-4de1-b4ec-0bba8df07f61@group-F207208F3836-LeaderElection10] INFO  impl.RaftServerImpl (ServerState.java:setRaftConf(356)) - 795ccad7-a5f7-4de1-b4ec-0bba8df07f61@group-F207208F3836: set configuration 0: [795ccad7-a5f7-4de1-b4ec-0bba8df07f61:192.168.164.210:45282], old=null at 0
2019-11-14 23:01:15,350 [EventQueue-PipelineReportForPipelineReportHandler] INFO  pipeline.PipelineStateManager (PipelineStateManager.java:openPipeline(134)) - Pipeline Pipeline[ Id: fb98438e-ae70-41d3-b70d-617fe2f430a3, Nodes: 23435c0e-9f08-4b3a-93a8-ff7754a9abdc{ip: 192.168.164.210, host: pr-hdds-2448-del-container-qmj8s-3203767274, networkLocation: /default-rack, certSerialId: null}, Type:RATIS, Factor:ONE, State:OPEN] moved to OPEN state
2019-11-14 23:01:15,352 [23435c0e-9f08-4b3a-93a8-ff7754a9abdc@group-617FE2F430A3-LeaderElection11] INFO  impl.RaftServerImpl (ServerState.java:setRaftConf(356)) - 23435c0e-9f08-4b3a-93a8-ff7754a9abdc@group-617FE2F430A3: set configuration 0: [23435c0e-9f08-4b3a-93a8-ff7754a9abdc:192.168.164.210:37516], old=null at 0
2019-11-14 23:01:15,402 [795ccad7-a5f7-4de1-b4ec-0bba8df07f61@group-F207208F3836-SegmentedRaftLogWorker] INFO  segmented.SegmentedRaftLogWorker (SegmentedRaftLogWorker.java:execute(576)) - 795ccad7-a5f7-4de1-b4ec-0bba8df07f61@group-F207208F3836-SegmentedRaftLogWorker: created new log segment /workdir/hadoop-ozone/integration-test/target/test-dir/MiniOzoneClusterImpl-d80f6904-08ae-461d-86df-e4f9bc309fd1/datanode-1/data/ratis/9f42a081-9d76-4913-a5f7-f207208f3836/current/log_inprogress_0
2019-11-14 23:01:15,402 [23435c0e-9f08-4b3a-93a8-ff7754a9abdc@group-617FE2F430A3-SegmentedRaftLogWorker] INFO  segmented.SegmentedRaftLogWorker (SegmentedRaftLogWorker.java:execute(576)) - 23435c0e-9f08-4b3a-93a8-ff7754a9abdc@group-617FE2F430A3-SegmentedRaftLogWorker: created new log segment /workdir/hadoop-ozone/integration-test/target/test-dir/MiniOzoneClusterImpl-d80f6904-08ae-461d-86df-e4f9bc309fd1/datanode-2/data/ratis/fb98438e-ae70-41d3-b70d-617fe2f430a3/current/log_inprogress_0
2019-11-14 23:01:15,415 [Thread-269] INFO  impl.FollowerState (FollowerState.java:run(111)) - 34d030e9-4022-4c73-acc2-92de1e8de82f@group-7A07370E3CE2-FollowerState: change to CANDIDATE, lastRpcTime:5148ms, electionTimeout:5148ms
2019-11-14 23:01:15,416 [Thread-269] INFO  impl.RoleInfo (RoleInfo.java:shutdownFollowerState(121)) - 34d030e9-4022-4c73-acc2-92de1e8de82f: shutdown FollowerState
2019-11-14 23:01:15,416 [Thread-269] INFO  impl.RaftServerImpl (RaftServerImpl.java:setRole(173)) - 34d030e9-4022-4c73-acc2-92de1e8de82f@group-7A07370E3CE2: changes role from  FOLLOWER to CANDIDATE at term 0 for changeToCandidate
2019-11-14 23:01:15,416 [Thread-269] INFO  impl.RoleInfo (RoleInfo.java:updateAndGet(143)) - 34d030e9-4022-4c73-acc2-92de1e8de82f: start LeaderElection
2019-11-14 23:01:15,423 [34d030e9-4022-4c73-acc2-92de1e8de82f@group-7A07370E3CE2-LeaderElection12] INFO  impl.LeaderElection (LeaderElection.java:askForVotes(178)) - 34d030e9-4022-4c73-acc2-92de1e8de82f@group-7A07370E3CE2-LeaderElection12: begin an election at term 1 for -1: [34d030e9-4022-4c73-acc2-92de1e8de82f:192.168.164.210:40872], old=null
2019-11-14 23:01:15,423 [34d030e9-4022-4c73-acc2-92de1e8de82f@group-7A07370E3CE2-LeaderElection12] INFO  impl.RoleInfo (RoleInfo.java:shutdownLeaderElection(134)) - 34d030e9-4022-4c73-acc2-92de1e8de82f: shutdown LeaderElection
2019-11-14 23:01:15,423 [34d030e9-4022-4c73-acc2-92de1e8de82f@group-7A07370E3CE2-LeaderElection12] INFO  impl.RaftServerImpl (RaftServerImpl.java:setRole(173)) - 34d030e9-4022-4c73-acc2-92de1e8de82f@group-7A07370E3CE2: changes role from CANDIDATE to LEADER at term 1 for changeToLeader
2019-11-14 23:01:15,423 [34d030e9-4022-4c73-acc2-92de1e8de82f@group-7A07370E3CE2-LeaderElection12] INFO  ratis.XceiverServerRatis (XceiverServerRatis.java:handleLeaderChangedNotification(697)) - Leader change notification received for group: group-7A07370E3CE2 with new leaderId: 34d030e9-4022-4c73-acc2-92de1e8de82f
2019-11-14 23:01:15,424 [34d030e9-4022-4c73-acc2-92de1e8de82f@group-7A07370E3CE2-LeaderElection12] INFO  impl.RaftServerImpl (ServerState.java:setLeader(255)) - 34d030e9-4022-4c73-acc2-92de1e8de82f@group-7A07370E3CE2: change Leader from null to 34d030e9-4022-4c73-acc2-92de1e8de82f at term 1 for becomeLeader, leader elected after 5159ms
2019-11-14 23:01:15,424 [34d030e9-4022-4c73-acc2-92de1e8de82f@group-7A07370E3CE2-LeaderElection12] INFO  server.RaftServerConfigKeys (ConfUtils.java:logGet(43)) - raft.server.staging.catchup.gap = 1000 (default)
2019-11-14 23:01:15,424 [34d030e9-4022-4c73-acc2-92de1e8de82f@group-7A07370E3CE2-LeaderElection12] INFO  server.RaftServerConfigKeys (ConfUtils.java:logGet(43)) - raft.server.rpc.sleep.time = 25ms (default)
2019-11-14 23:01:15,424 [34d030e9-4022-4c73-acc2-92de1e8de82f@group-7A07370E3CE2-LeaderElection12] INFO  server.RaftServerConfigKeys (ConfUtils.java:logGet(43)) - raft.server.write.element-limit = 4096 (default)
2019-11-14 23:01:15,424 [34d030e9-4022-4c73-acc2-92de1e8de82f@group-7A07370E3CE2-LeaderElection12] INFO  server.RaftServerConfigKeys (ConfUtils.java:logGet(43)) - raft.server.watch.timeout = 10s (default)
2019-11-14 23:01:15,424 [34d030e9-4022-4c73-acc2-92de1e8de82f@group-7A07370E3CE2-LeaderElection12] INFO  server.RaftServerConfigKeys (ConfUtils.java:logGet(43)) - raft.server.watch.timeout.denomination = 1s (default)
2019-11-14 23:01:15,424 [34d030e9-4022-4c73-acc2-92de1e8de82f@group-7A07370E3CE2-LeaderElection12] INFO  server.RaftServerConfigKeys (ConfUtils.java:logGet(43)) - raft.server.watch.element-limit = 65536 (default)
2019-11-14 23:01:15,425 [34d030e9-4022-4c73-acc2-92de1e8de82f@group-7A07370E3CE2-LeaderElection12] INFO  impl.RoleInfo (RoleInfo.java:updateAndGet(143)) - 34d030e9-4022-4c73-acc2-92de1e8de82f: start LeaderState
2019-11-14 23:01:15,425 [34d030e9-4022-4c73-acc2-92de1e8de82f@group-7A07370E3CE2-LeaderElection12] INFO  segmented.SegmentedRaftLogWorker (SegmentedRaftLogWorker.java:startLogSegment(385)) - 34d030e9-4022-4c73-acc2-92de1e8de82f@group-7A07370E3CE2-SegmentedRaftLogWorker: Starting segment from index:0
2019-11-14 23:01:15,425 [EventQueue-PipelineReportForPipelineReportHandler] INFO  pipeline.PipelineStateManager (PipelineStateManager.java:openPipeline(134)) - Pipeline Pipeline[ Id: 27a266ad-de0c-46c5-ae9a-7a07370e3ce2, Nodes: 34d030e9-4022-4c73-acc2-92de1e8de82f{ip: 192.168.164.210, host: pr-hdds-2448-del-container-qmj8s-3203767274, networkLocation: /default-rack, certSerialId: null}, Type:RATIS, Factor:ONE, State:OPEN] moved to OPEN state
2019-11-14 23:01:15,425 [34d030e9-4022-4c73-acc2-92de1e8de82f@group-7A07370E3CE2-LeaderElection12] INFO  impl.RaftServerImpl (ServerState.java:setRaftConf(356)) - 34d030e9-4022-4c73-acc2-92de1e8de82f@group-7A07370E3CE2: set configuration 0: [34d030e9-4022-4c73-acc2-92de1e8de82f:192.168.164.210:40872], old=null at 0
2019-11-14 23:01:15,478 [34d030e9-4022-4c73-acc2-92de1e8de82f@group-7A07370E3CE2-SegmentedRaftLogWorker] INFO  segmented.SegmentedRaftLogWorker (SegmentedRaftLogWorker.java:execute(576)) - 34d030e9-4022-4c73-acc2-92de1e8de82f@group-7A07370E3CE2-SegmentedRaftLogWorker: created new log segment /workdir/hadoop-ozone/integration-test/target/test-dir/MiniOzoneClusterImpl-d80f6904-08ae-461d-86df-e4f9bc309fd1/datanode-0/data/ratis/27a266ad-de0c-46c5-ae9a-7a07370e3ce2/current/log_inprogress_0
2019-11-14 23:01:15,559 [main] INFO  ozone.MiniOzoneClusterImpl (MiniOzoneClusterImpl.java:lambda$waitForClusterToBeReady$2(171)) - Cluster is ready. Got 3 of 3 DN Heartbeats.
2019-11-14 23:01:15,564 [main] INFO  pipeline.SCMPipelineManager (SCMPipelineManager.java:finalizeAndDestroyPipeline(315)) - destroying pipeline:Pipeline[ Id: fb98438e-ae70-41d3-b70d-617fe2f430a3, Nodes: 23435c0e-9f08-4b3a-93a8-ff7754a9abdc{ip: 192.168.164.210, host: pr-hdds-2448-del-container-qmj8s-3203767274, networkLocation: /default-rack, certSerialId: null}, Type:RATIS, Factor:ONE, State:OPEN]
2019-11-14 23:01:15,569 [main] INFO  pipeline.PipelineStateManager (PipelineStateManager.java:finalizePipeline(121)) - Pipeline Pipeline[ Id: fb98438e-ae70-41d3-b70d-617fe2f430a3, Nodes: 23435c0e-9f08-4b3a-93a8-ff7754a9abdc{ip: 192.168.164.210, host: pr-hdds-2448-del-container-qmj8s-3203767274, networkLocation: /default-rack, certSerialId: null}, Type:RATIS, Factor:ONE, State:CLOSED] moved to CLOSED state
2019-11-14 23:01:15,582 [grpc-default-executor-2] INFO  impl.RaftServerProxy (RaftServerProxy.java:remove(95)) - 23435c0e-9f08-4b3a-93a8-ff7754a9abdc: remove    LEADER 23435c0e-9f08-4b3a-93a8-ff7754a9abdc@group-617FE2F430A3:t1, leader=23435c0e-9f08-4b3a-93a8-ff7754a9abdc, voted=23435c0e-9f08-4b3a-93a8-ff7754a9abdc, raftlog=23435c0e-9f08-4b3a-93a8-ff7754a9abdc@group-617FE2F430A3-SegmentedRaftLog:OPENED:c0,f0,i0, conf=0: [23435c0e-9f08-4b3a-93a8-ff7754a9abdc:192.168.164.210:37516], old=null RUNNING
2019-11-14 23:01:15,582 [grpc-default-executor-2] INFO  impl.RaftServerImpl (RaftServerImpl.java:lambda$shutdown$3(250)) - 23435c0e-9f08-4b3a-93a8-ff7754a9abdc@group-617FE2F430A3: shutdown
2019-11-14 23:01:15,583 [grpc-default-executor-2] INFO  util.JmxRegister (JmxRegister.java:unregister(73)) - Successfully un-registered JMX Bean with object name Ratis:service=RaftServer,group=group-617FE2F430A3,id=23435c0e-9f08-4b3a-93a8-ff7754a9abdc
2019-11-14 23:01:15,583 [grpc-default-executor-2] INFO  impl.RoleInfo (RoleInfo.java:shutdownLeaderState(104)) - 23435c0e-9f08-4b3a-93a8-ff7754a9abdc: shutdown LeaderState
2019-11-14 23:01:15,583 [grpc-default-executor-2] INFO  impl.PendingRequests (PendingRequests.java:sendNotLeaderResponses(206)) - 23435c0e-9f08-4b3a-93a8-ff7754a9abdc@group-617FE2F430A3-PendingRequests: sendNotLeaderResponses
2019-11-14 23:01:15,583 [grpc-default-executor-2] INFO  impl.StateMachineUpdater (StateMachineUpdater.java:stopAndJoin(136)) - 23435c0e-9f08-4b3a-93a8-ff7754a9abdc@group-617FE2F430A3-StateMachineUpdater: set stopIndex = 0
2019-11-14 23:01:15,584 [grpc-default-executor-2] INFO  impl.RaftServerImpl (ServerState.java:close(387)) - 23435c0e-9f08-4b3a-93a8-ff7754a9abdc@group-617FE2F430A3: closes. applyIndex: 0
2019-11-14 23:01:15,584 [23435c0e-9f08-4b3a-93a8-ff7754a9abdc@group-617FE2F430A3-SegmentedRaftLogWorker] INFO  segmented.SegmentedRaftLogWorker (SegmentedRaftLogWorker.java:run(316)) - 23435c0e-9f08-4b3a-93a8-ff7754a9abdc@group-617FE2F430A3-SegmentedRaftLogWorker was interrupted, exiting. There are 0 tasks remaining in the queue.
2019-11-14 23:01:15,585 [grpc-default-executor-2] INFO  segmented.SegmentedRaftLogWorker (SegmentedRaftLogWorker.java:close(224)) - 23435c0e-9f08-4b3a-93a8-ff7754a9abdc@group-617FE2F430A3-SegmentedRaftLogWorker close()
2019-11-14 23:01:15,593 [main] INFO  pipeline.PipelineStateManager (PipelineStateManager.java:removePipeline(106)) - Pipeline Pipeline[ Id: fb98438e-ae70-41d3-b70d-617fe2f430a3, Nodes: 23435c0e-9f08-4b3a-93a8-ff7754a9abdc{ip: 192.168.164.210, host: pr-hdds-2448-del-container-qmj8s-3203767274, networkLocation: /default-rack, certSerialId: null}, Type:RATIS, Factor:ONE, State:CLOSED] removed from db
2019-11-14 23:01:15,602 [grpc-default-executor-2] INFO  impl.RaftServerProxy (RaftServerProxy.java:addNew(89)) - 23435c0e-9f08-4b3a-93a8-ff7754a9abdc: addNew group-178A166C9BE8:[23435c0e-9f08-4b3a-93a8-ff7754a9abdc:192.168.164.210:37516] returns group-178A166C9BE8:java.util.concurrent.CompletableFuture@2a3bf527[Not completed]
2019-11-14 23:01:15,606 [pool-49-thread-1] INFO  impl.RaftServerImpl (RaftServerImpl.java:<init>(98)) - 23435c0e-9f08-4b3a-93a8-ff7754a9abdc: new RaftServerImpl for group-178A166C9BE8:[23435c0e-9f08-4b3a-93a8-ff7754a9abdc:192.168.164.210:37516] with ContainerStateMachine:uninitialized
2019-11-14 23:01:15,606 [pool-49-thread-1] INFO  server.RaftServerConfigKeys (ConfUtils.java:logGet(43)) - raft.server.rpc.timeout.min = 5s (custom)
2019-11-14 23:01:15,607 [pool-49-thread-1] INFO  server.RaftServerConfigKeys (ConfUtils.java:logGet(43)) - raft.server.rpc.timeout.max = 5200ms (custom)
2019-11-14 23:01:15,607 [pool-49-thread-1] INFO  server.RaftServerConfigKeys (ConfUtils.java:logGet(43)) - raft.server.rpcslowness.timeout = 120s (custom)
2019-11-14 23:01:15,607 [pool-49-thread-1] INFO  server.RaftServerConfigKeys (ConfUtils.java:logGet(43)) - raft.server.sleep.deviation.threshold = 300 (default)
2019-11-14 23:01:15,607 [pool-49-thread-1] INFO  server.RaftServerConfigKeys (ConfUtils.java:logGet(43)) - raft.server.log.appender.install.snapshot.enabled = false (custom)
2019-11-14 23:01:15,607 [pool-49-thread-1] INFO  impl.RaftServerImpl (ServerState.java:<init>(103)) - 23435c0e-9f08-4b3a-93a8-ff7754a9abdc@group-178A166C9BE8: ConfigurationManager, init=-1: [23435c0e-9f08-4b3a-93a8-ff7754a9abdc:192.168.164.210:37516], old=null, confs=<EMPTY_MAP>
2019-11-14 23:01:15,608 [pool-49-thread-1] INFO  server.RaftServerConfigKeys (ConfUtils.java:logGet(43)) - raft.server.storage.dir = [/workdir/hadoop-ozone/integration-test/target/test-dir/MiniOzoneClusterImpl-d80f6904-08ae-461d-86df-e4f9bc309fd1/datanode-2/data/ratis] (custom)
2019-11-14 23:01:15,608 [pool-49-thread-1] INFO  server.RaftServerConfigKeys (ConfUtils.java:logGet(43)) - raft.server.log.corruption.policy = EXCEPTION (default)
2019-11-14 23:01:15,608 [pool-49-thread-1] INFO  storage.RaftStorageDirectory (RaftStorageDirectory.java:analyzeStorage(246)) - The storage directory /workdir/hadoop-ozone/integration-test/target/test-dir/MiniOzoneClusterImpl-d80f6904-08ae-461d-86df-e4f9bc309fd1/datanode-2/data/ratis/1615ffa5-2bc1-4ec8-927b-178a166c9be8 does not exist. Creating ...
2019-11-14 23:01:15,621 [pool-49-thread-1] INFO  storage.RaftStorageDirectory (RaftStorageDirectory.java:tryLock(328)) - Lock on /workdir/hadoop-ozone/integration-test/target/test-dir/MiniOzoneClusterImpl-d80f6904-08ae-461d-86df-e4f9bc309fd1/datanode-2/data/ratis/1615ffa5-2bc1-4ec8-927b-178a166c9be8/in_use.lock acquired by nodename 10065@pr-hdds-2448-del-container-qmj8s-3203767274
2019-11-14 23:01:15,634 [pool-49-thread-1] INFO  storage.RaftStorage (RaftStorage.java:format(84)) - Storage directory /workdir/hadoop-ozone/integration-test/target/test-dir/MiniOzoneClusterImpl-d80f6904-08ae-461d-86df-e4f9bc309fd1/datanode-2/data/ratis/1615ffa5-2bc1-4ec8-927b-178a166c9be8 has been successfully formatted.
2019-11-14 23:01:15,635 [pool-49-thread-1] INFO  ratis.ContainerStateMachine (ContainerStateMachine.java:loadSnapshot(223)) - group-178A166C9BE8: The snapshot info is null. Setting the last applied indexto:(t:0, i:~)
2019-11-14 23:01:15,635 [pool-49-thread-1] INFO  server.RaftServerConfigKeys (ConfUtils.java:logGet(43)) - raft.server.notification.no-leader.timeout = 120s (custom)
2019-11-14 23:01:15,635 [pool-49-thread-1] INFO  server.RaftServerConfigKeys (ConfUtils.java:logGet(43)) - raft.server.log.use.memory = false (default)
2019-11-14 23:01:15,635 [pool-49-thread-1] INFO  server.RaftServerConfigKeys (ConfUtils.java:logGet(43)) - raft.server.log.purge.gap = 1000000 (custom)
2019-11-14 23:01:15,635 [pool-49-thread-1] INFO  server.RaftServerConfigKeys (ConfUtils.java:logGet(43)) - raft.server.log.appender.buffer.byte-limit = 33554432 (custom)
2019-11-14 23:01:15,635 [pool-49-thread-1] INFO  server.RaftServerConfigKeys (ConfUtils.java:logGet(43)) - raft.server.log.segment.size.max = 1048576 (custom)
2019-11-14 23:01:15,636 [pool-49-thread-1] INFO  server.RaftServerConfigKeys (ConfUtils.java:logGet(43)) - raft.server.log.segment.cache.num.max = 2 (custom)
2019-11-14 23:01:15,636 [pool-49-thread-1] INFO  segmented.SegmentedRaftLogWorker (SegmentedRaftLogWorker.java:<init>(173)) - new 23435c0e-9f08-4b3a-93a8-ff7754a9abdc@group-178A166C9BE8-SegmentedRaftLogWorker for RaftStorage:Storage Directory /workdir/hadoop-ozone/integration-test/target/test-dir/MiniOzoneClusterImpl-d80f6904-08ae-461d-86df-e4f9bc309fd1/datanode-2/data/ratis/1615ffa5-2bc1-4ec8-927b-178a166c9be8
2019-11-14 23:01:15,636 [pool-49-thread-1] INFO  server.RaftServerConfigKeys (ConfUtils.java:logGet(43)) - raft.server.log.queue.byte-limit = 2147483647 (custom)
2019-11-14 23:01:15,636 [pool-49-thread-1] INFO  server.RaftServerConfigKeys (ConfUtils.java:logGet(43)) - raft.server.log.queue.element-limit = 1024 (custom)
2019-11-14 23:01:15,636 [pool-49-thread-1] INFO  server.RaftServerConfigKeys (ConfUtils.java:logGet(43)) - raft.server.log.segment.size.max = 1048576 (custom)
2019-11-14 23:01:15,636 [pool-49-thread-1] INFO  server.RaftServerConfigKeys (ConfUtils.java:logGet(43)) - raft.server.log.preallocated.size = 16384 (custom)
2019-11-14 23:01:15,637 [pool-49-thread-1] INFO  server.RaftServerConfigKeys (ConfUtils.java:logGet(43)) - raft.server.log.write.buffer.size = 33554432 (custom)
2019-11-14 23:01:15,637 [pool-49-thread-1] INFO  server.RaftServerConfigKeys (ConfUtils.java:logGet(43)) - raft.server.log.force.sync.num = 128 (default)
2019-11-14 23:01:15,637 [pool-49-thread-1] INFO  server.RaftServerConfigKeys (ConfUtils.java:logGet(43)) - raft.server.log.statemachine.data.sync = true (default)
2019-11-14 23:01:15,637 [pool-49-thread-1] INFO  server.RaftServerConfigKeys (ConfUtils.java:logGet(43)) - raft.server.log.statemachine.data.sync.timeout = 10s (default)
2019-11-14 23:01:15,637 [pool-49-thread-1] INFO  server.RaftServerConfigKeys (ConfUtils.java:logGet(43)) - raft.server.log.statemachine.data.sync.timeout.retry = -1 (default)
2019-11-14 23:01:15,638 [pool-49-thread-1] INFO  server.RaftServerConfigKeys (ConfUtils.java:logGet(43)) - raft.server.log.statemachine.data.caching.enabled = true (custom)
2019-11-14 23:01:15,638 [pool-49-thread-1] INFO  segmented.SegmentedRaftLogWorker (SegmentedRaftLogWorker.java:lambda$new$0(128)) - 23435c0e-9f08-4b3a-93a8-ff7754a9abdc@group-178A166C9BE8-SegmentedRaftLogWorker: flushIndex: setUnconditionally 0 -> -1
2019-11-14 23:01:15,638 [pool-49-thread-1] INFO  server.RaftServerConfigKeys (ConfUtils.java:logGet(43)) - raft.server.snapshot.auto.trigger.enabled = true (custom)
2019-11-14 23:01:15,638 [pool-49-thread-1] INFO  server.RaftServerConfigKeys (ConfUtils.java:logGet(43)) - raft.server.snapshot.auto.trigger.threshold = 10000 (custom)
2019-11-14 23:01:15,639 [pool-49-thread-1] INFO  server.RaftServerConfigKeys (ConfUtils.java:logGet(43)) - raft.server.snapshot.retention.file.num = 5 (custom)
2019-11-14 23:01:15,639 [pool-49-thread-1] INFO  server.RaftServerConfigKeys (ConfUtils.java:logGet(43)) - raft.server.retrycache.expirytime = 600000ms (custom)
2019-11-14 23:01:15,639 [pool-49-thread-1] WARN  impl.MetricRegistriesImpl (MetricRegistriesImpl.java:lambda$create$1(61)) - First MetricRegistry has been created without registering reporters. You may need to call MetricRegistries.global().addReportRegistration(...) before.
2019-11-14 23:01:15,639 [pool-49-thread-1] WARN  impl.MetricRegistriesImpl (MetricRegistriesImpl.java:lambda$create$1(61)) - First MetricRegistry has been created without registering reporters. You may need to call MetricRegistries.global().addReportRegistration(...) before.
2019-11-14 23:01:15,640 [pool-49-thread-1] INFO  impl.RaftServerImpl (RaftServerImpl.java:start(184)) - 23435c0e-9f08-4b3a-93a8-ff7754a9abdc@group-178A166C9BE8: start as a follower, conf=-1: [23435c0e-9f08-4b3a-93a8-ff7754a9abdc:192.168.164.210:37516], old=null
2019-11-14 23:01:15,640 [pool-49-thread-1] INFO  impl.RaftServerImpl (RaftServerImpl.java:setRole(173)) - 23435c0e-9f08-4b3a-93a8-ff7754a9abdc@group-178A166C9BE8: changes role from      null to FOLLOWER at term 0 for startAsFollower
2019-11-14 23:01:15,640 [pool-49-thread-1] INFO  impl.RoleInfo (RoleInfo.java:updateAndGet(143)) - 23435c0e-9f08-4b3a-93a8-ff7754a9abdc: start FollowerState
2019-11-14 23:01:15,641 [pool-49-thread-1] INFO  util.JmxRegister (JmxRegister.java:tryRegister(44)) - Successfully registered JMX Bean with object name Ratis:service=RaftServer,group=group-178A166C9BE8,id=23435c0e-9f08-4b3a-93a8-ff7754a9abdc
2019-11-14 23:01:15,641 [pool-49-thread-1] WARN  impl.MetricRegistriesImpl (MetricRegistriesImpl.java:lambda$create$1(61)) - First MetricRegistry has been created without registering reporters. You may need to call MetricRegistries.global().addReportRegistration(...) before.
2019-11-14 23:01:15,646 [RatisPipelineUtilsThread] INFO  pipeline.PipelineStateManager (PipelineStateManager.java:addPipeline(55)) - Created pipeline Pipeline[ Id: 1615ffa5-2bc1-4ec8-927b-178a166c9be8, Nodes: 23435c0e-9f08-4b3a-93a8-ff7754a9abdc{ip: 192.168.164.210, host: pr-hdds-2448-del-container-qmj8s-3203767274, networkLocation: /default-rack, certSerialId: null}, Type:RATIS, Factor:ONE, State:ALLOCATED]
2019-11-14 23:01:15,773 [main] INFO  ozone.MiniOzoneClusterImpl (MiniOzoneClusterImpl.java:shutdown(352)) - Shutting down the Mini Ozone Cluster
2019-11-14 23:01:15,774 [main] INFO  ozone.MiniOzoneClusterImpl (MiniOzoneClusterImpl.java:stop(368)) - Stopping the Mini Ozone Cluster
2019-11-14 23:01:15,774 [main] INFO  ozone.MiniOzoneClusterImpl (MiniOzoneClusterImpl.java:stopOM(438)) - Stopping the OzoneManager
2019-11-14 23:01:15,774 [main] INFO  ipc.Server (Server.java:stop(3082)) - Stopping server on 44230
2019-11-14 23:01:15,784 [IPC Server listener on 44230] INFO  ipc.Server (Server.java:run(1185)) - Stopping IPC Server listener on 44230
2019-11-14 23:01:15,786 [IPC Server Responder] INFO  ipc.Server (Server.java:run(1319)) - Stopping IPC Server Responder
2019-11-14 23:01:15,785 [main] INFO  ratis.OzoneManagerDoubleBuffer (OzoneManagerDoubleBuffer.java:stop(261)) - Stopping OMDoubleBuffer flush thread
2019-11-14 23:01:15,791 [OMDoubleBufferFlushThread] INFO  ratis.OzoneManagerDoubleBuffer (OzoneManagerDoubleBuffer.java:flushTransactions(199)) - OMDoubleBuffer flush thread OMDoubleBufferFlushThread is interrupted and will exit. OMDoubleBufferFlushThread
2019-11-14 23:01:15,792 [main] INFO  utils.BackgroundService (BackgroundService.java:shutdown(151)) - Shutting down service KeyDeletingService
2019-11-14 23:01:15,796 [main] INFO  handler.ContextHandler (ContextHandler.java:doStop(910)) - Stopped o.e.j.w.WebAppContext@4443ef6f{/,null,UNAVAILABLE}{/ozoneManager}
2019-11-14 23:01:15,804 [main] INFO  server.AbstractConnector (AbstractConnector.java:doStop(318)) - Stopped ServerConnector@7e46d648{HTTP/1.1,[http/1.1]}{0.0.0.0:0}
2019-11-14 23:01:15,804 [main] INFO  handler.ContextHandler (ContextHandler.java:doStop(910)) - Stopped o.e.j.s.ServletContextHandler@77ee25f1{/static,file:///workdir/hadoop-ozone/integration-test/target/test-classes/webapps/static,UNAVAILABLE}
2019-11-14 23:01:15,804 [main] INFO  handler.ContextHandler (ContextHandler.java:doStop(910)) - Stopped o.e.j.s.ServletContextHandler@21719a0{/logs,file:///workdir/hadoop-ozone/integration-test/target/log,UNAVAILABLE}
2019-11-14 23:01:15,809 [main] INFO  ozone.MiniOzoneClusterImpl (MiniOzoneClusterImpl.java:stopDatanodes(415)) - Stopping the HddsDatanodes
2019-11-14 23:01:16,347 [Datanode State Machine Thread - 0] INFO  statemachine.DatanodeStateMachine (DatanodeStateMachine.java:lambda$startDaemon$0(360)) - Ozone container server started.
2019-11-14 23:01:16,424 [Datanode State Machine Thread - 0] INFO  statemachine.DatanodeStateMachine (DatanodeStateMachine.java:lambda$startDaemon$0(360)) - Ozone container server started.
2019-11-14 23:01:20,729 [Thread-292] INFO  impl.FollowerState (FollowerState.java:run(111)) - 23435c0e-9f08-4b3a-93a8-ff7754a9abdc@group-178A166C9BE8-FollowerState: change to CANDIDATE, lastRpcTime:5088ms, electionTimeout:5088ms
2019-11-14 23:01:20,729 [Thread-292] INFO  impl.RoleInfo (RoleInfo.java:shutdownFollowerState(121)) - 23435c0e-9f08-4b3a-93a8-ff7754a9abdc: shutdown FollowerState
2019-11-14 23:01:20,729 [Thread-292] INFO  impl.RaftServerImpl (RaftServerImpl.java:setRole(173)) - 23435c0e-9f08-4b3a-93a8-ff7754a9abdc@group-178A166C9BE8: changes role from  FOLLOWER to CANDIDATE at term 0 for changeToCandidate
2019-11-14 23:01:20,729 [Thread-292] INFO  impl.RoleInfo (RoleInfo.java:updateAndGet(143)) - 23435c0e-9f08-4b3a-93a8-ff7754a9abdc: start LeaderElection
2019-11-14 23:01:20,746 [23435c0e-9f08-4b3a-93a8-ff7754a9abdc@group-178A166C9BE8-LeaderElection13] INFO  impl.LeaderElection (LeaderElection.java:askForVotes(178)) - 23435c0e-9f08-4b3a-93a8-ff7754a9abdc@group-178A166C9BE8-LeaderElection13: begin an election at term 1 for -1: [23435c0e-9f08-4b3a-93a8-ff7754a9abdc:192.168.164.210:37516], old=null
2019-11-14 23:01:20,746 [23435c0e-9f08-4b3a-93a8-ff7754a9abdc@group-178A166C9BE8-LeaderElection13] INFO  impl.RoleInfo (RoleInfo.java:shutdownLeaderElection(134)) - 23435c0e-9f08-4b3a-93a8-ff7754a9abdc: shutdown LeaderElection
2019-11-14 23:01:20,746 [23435c0e-9f08-4b3a-93a8-ff7754a9abdc@group-178A166C9BE8-LeaderElection13] INFO  impl.RaftServerImpl (RaftServerImpl.java:setRole(173)) - 23435c0e-9f08-4b3a-93a8-ff7754a9abdc@group-178A166C9BE8: changes role from CANDIDATE to LEADER at term 1 for changeToLeader
2019-11-14 23:01:20,746 [23435c0e-9f08-4b3a-93a8-ff7754a9abdc@group-178A166C9BE8-LeaderElection13] INFO  ratis.XceiverServerRatis (XceiverServerRatis.java:handleLeaderChangedNotification(697)) - Leader change notification received for group: group-178A166C9BE8 with new leaderId: 23435c0e-9f08-4b3a-93a8-ff7754a9abdc
2019-11-14 23:01:20,747 [23435c0e-9f08-4b3a-93a8-ff7754a9abdc@group-178A166C9BE8-LeaderElection13] INFO  impl.RaftServerImpl (ServerState.java:setLeader(255)) - 23435c0e-9f08-4b3a-93a8-ff7754a9abdc@group-178A166C9BE8: change Leader from null to 23435c0e-9f08-4b3a-93a8-ff7754a9abdc at term 1 for becomeLeader, leader elected after 5111ms
2019-11-14 23:01:20,747 [23435c0e-9f08-4b3a-93a8-ff7754a9abdc@group-178A166C9BE8-LeaderElection13] INFO  server.RaftServerConfigKeys (ConfUtils.java:logGet(43)) - raft.server.staging.catchup.gap = 1000 (default)
2019-11-14 23:01:20,747 [23435c0e-9f08-4b3a-93a8-ff7754a9abdc@group-178A166C9BE8-LeaderElection13] INFO  server.RaftServerConfigKeys (ConfUtils.java:logGet(43)) - raft.server.rpc.sleep.time = 25ms (default)
2019-11-14 23:01:20,747 [23435c0e-9f08-4b3a-93a8-ff7754a9abdc@group-178A166C9BE8-LeaderElection13] INFO  server.RaftServerConfigKeys (ConfUtils.java:logGet(43)) - raft.server.write.element-limit = 4096 (default)
2019-11-14 23:01:20,747 [23435c0e-9f08-4b3a-93a8-ff7754a9abdc@group-178A166C9BE8-LeaderElection13] INFO  server.RaftServerConfigKeys (ConfUtils.java:logGet(43)) - raft.server.watch.timeout = 10s (default)
2019-11-14 23:01:20,748 [23435c0e-9f08-4b3a-93a8-ff7754a9abdc@group-178A166C9BE8-LeaderElection13] INFO  server.RaftServerConfigKeys (ConfUtils.java:logGet(43)) - raft.server.watch.timeout.denomination = 1s (default)
2019-11-14 23:01:20,748 [23435c0e-9f08-4b3a-93a8-ff7754a9abdc@group-178A166C9BE8-LeaderElection13] INFO  server.RaftServerConfigKeys (ConfUtils.java:logGet(43)) - raft.server.watch.element-limit = 65536 (default)
2019-11-14 23:01:20,748 [23435c0e-9f08-4b3a-93a8-ff7754a9abdc@group-178A166C9BE8-LeaderElection13] INFO  impl.RoleInfo (RoleInfo.java:updateAndGet(143)) - 23435c0e-9f08-4b3a-93a8-ff7754a9abdc: start LeaderState
2019-11-14 23:01:20,748 [23435c0e-9f08-4b3a-93a8-ff7754a9abdc@group-178A166C9BE8-LeaderElection13] INFO  segmented.SegmentedRaftLogWorker (SegmentedRaftLogWorker.java:startLogSegment(385)) - 23435c0e-9f08-4b3a-93a8-ff7754a9abdc@group-178A166C9BE8-SegmentedRaftLogWorker: Starting segment from index:0
2019-11-14 23:01:20,748 [EventQueue-PipelineReportForPipelineReportHandler] INFO  pipeline.PipelineStateManager (PipelineStateManager.java:openPipeline(134)) - Pipeline Pipeline[ Id: 1615ffa5-2bc1-4ec8-927b-178a166c9be8, Nodes: 23435c0e-9f08-4b3a-93a8-ff7754a9abdc{ip: 192.168.164.210, host: pr-hdds-2448-del-container-qmj8s-3203767274, networkLocation: /default-rack, certSerialId: null}, Type:RATIS, Factor:ONE, State:OPEN] moved to OPEN state
2019-11-14 23:01:20,749 [23435c0e-9f08-4b3a-93a8-ff7754a9abdc@group-178A166C9BE8-LeaderElection13] INFO  impl.RaftServerImpl (ServerState.java:setRaftConf(356)) - 23435c0e-9f08-4b3a-93a8-ff7754a9abdc@group-178A166C9BE8: set configuration 0: [23435c0e-9f08-4b3a-93a8-ff7754a9abdc:192.168.164.210:37516], old=null at 0
2019-11-14 23:01:20,795 [23435c0e-9f08-4b3a-93a8-ff7754a9abdc@group-178A166C9BE8-SegmentedRaftLogWorker] INFO  segmented.SegmentedRaftLogWorker (SegmentedRaftLogWorker.java:execute(576)) - 23435c0e-9f08-4b3a-93a8-ff7754a9abdc@group-178A166C9BE8-SegmentedRaftLogWorker: created new log segment /workdir/hadoop-ozone/integration-test/target/test-dir/MiniOzoneClusterImpl-d80f6904-08ae-461d-86df-e4f9bc309fd1/datanode-2/data/ratis/1615ffa5-2bc1-4ec8-927b-178a166c9be8/current/log_inprogress_0
2019-11-14 23:01:20,812 [ForkJoinPool.commonPool-worker-0] INFO  ozoneimpl.OzoneContainer (OzoneContainer.java:stop(244)) - Attempting to stop container services.
2019-11-14 23:01:20,812 [main] INFO  ozoneimpl.OzoneContainer (OzoneContainer.java:stop(244)) - Attempting to stop container services.
2019-11-14 23:01:20,813 [ForkJoinPool.commonPool-worker-0] INFO  impl.RaftServerProxy (RaftServerProxy.java:lambda$close$4(314)) - 34d030e9-4022-4c73-acc2-92de1e8de82f: close
2019-11-14 23:01:20,813 [main] INFO  impl.RaftServerProxy (RaftServerProxy.java:lambda$close$4(314)) - 795ccad7-a5f7-4de1-b4ec-0bba8df07f61: close
2019-11-14 23:01:20,814 [ForkJoinPool.commonPool-worker-0] INFO  impl.RaftServerImpl (RaftServerImpl.java:lambda$shutdown$3(250)) - 34d030e9-4022-4c73-acc2-92de1e8de82f@group-B0411E3C544E: shutdown
2019-11-14 23:01:20,814 [main] INFO  impl.RaftServerImpl (RaftServerImpl.java:lambda$shutdown$3(250)) - 795ccad7-a5f7-4de1-b4ec-0bba8df07f61@group-B0411E3C544E: shutdown
2019-11-14 23:01:20,814 [ForkJoinPool.commonPool-worker-0] INFO  util.JmxRegister (JmxRegister.java:unregister(73)) - Successfully un-registered JMX Bean with object name Ratis:service=RaftServer,group=group-B0411E3C544E,id=34d030e9-4022-4c73-acc2-92de1e8de82f
2019-11-14 23:01:20,815 [main] INFO  util.JmxRegister (JmxRegister.java:unregister(73)) - Successfully un-registered JMX Bean with object name Ratis:service=RaftServer,group=group-B0411E3C544E,id=795ccad7-a5f7-4de1-b4ec-0bba8df07f61
2019-11-14 23:01:20,815 [ForkJoinPool.commonPool-worker-0] INFO  impl.RoleInfo (RoleInfo.java:shutdownFollowerState(121)) - 34d030e9-4022-4c73-acc2-92de1e8de82f: shutdown FollowerState
2019-11-14 23:01:20,815 [main] INFO  impl.RoleInfo (RoleInfo.java:shutdownFollowerState(121)) - 795ccad7-a5f7-4de1-b4ec-0bba8df07f61: shutdown FollowerState
2019-11-14 23:01:20,816 [Thread-275] INFO  impl.FollowerState (FollowerState.java:run(120)) - 34d030e9-4022-4c73-acc2-92de1e8de82f@group-B0411E3C544E-FollowerState was interrupted: java.lang.InterruptedException: sleep interrupted
2019-11-14 23:01:20,816 [ForkJoinPool.commonPool-worker-0] INFO  impl.StateMachineUpdater (StateMachineUpdater.java:stopAndJoin(136)) - 34d030e9-4022-4c73-acc2-92de1e8de82f@group-B0411E3C544E-StateMachineUpdater: set stopIndex = 0
2019-11-14 23:01:20,816 [Thread-276] INFO  impl.FollowerState (FollowerState.java:run(120)) - 795ccad7-a5f7-4de1-b4ec-0bba8df07f61@group-B0411E3C544E-FollowerState was interrupted: java.lang.InterruptedException: sleep interrupted
2019-11-14 23:01:20,816 [main] INFO  impl.StateMachineUpdater (StateMachineUpdater.java:stopAndJoin(136)) - 795ccad7-a5f7-4de1-b4ec-0bba8df07f61@group-B0411E3C544E-StateMachineUpdater: set stopIndex = 0
2019-11-14 23:01:20,817 [ForkJoinPool.commonPool-worker-0] INFO  impl.RaftServerImpl (ServerState.java:close(387)) - 34d030e9-4022-4c73-acc2-92de1e8de82f@group-B0411E3C544E: closes. applyIndex: 0
2019-11-14 23:01:20,817 [main] INFO  impl.RaftServerImpl (ServerState.java:close(387)) - 795ccad7-a5f7-4de1-b4ec-0bba8df07f61@group-B0411E3C544E: closes. applyIndex: 0
2019-11-14 23:01:20,817 [34d030e9-4022-4c73-acc2-92de1e8de82f@group-B0411E3C544E-SegmentedRaftLogWorker] INFO  segmented.SegmentedRaftLogWorker (SegmentedRaftLogWorker.java:run(316)) - 34d030e9-4022-4c73-acc2-92de1e8de82f@group-B0411E3C544E-SegmentedRaftLogWorker was interrupted, exiting. There are 0 tasks remaining in the queue.
2019-11-14 23:01:20,818 [795ccad7-a5f7-4de1-b4ec-0bba8df07f61@group-B0411E3C544E-SegmentedRaftLogWorker] INFO  segmented.SegmentedRaftLogWorker (SegmentedRaftLogWorker.java:run(316)) - 795ccad7-a5f7-4de1-b4ec-0bba8df07f61@group-B0411E3C544E-SegmentedRaftLogWorker was interrupted, exiting. There are 0 tasks remaining in the queue.
2019-11-14 23:01:20,818 [ForkJoinPool.commonPool-worker-0] INFO  segmented.SegmentedRaftLogWorker (SegmentedRaftLogWorker.java:close(224)) - 34d030e9-4022-4c73-acc2-92de1e8de82f@group-B0411E3C544E-SegmentedRaftLogWorker close()
2019-11-14 23:01:20,819 [main] INFO  segmented.SegmentedRaftLogWorker (SegmentedRaftLogWorker.java:close(224)) - 795ccad7-a5f7-4de1-b4ec-0bba8df07f61@group-B0411E3C544E-SegmentedRaftLogWorker close()
2019-11-14 23:01:20,820 [ForkJoinPool.commonPool-worker-0] INFO  impl.RaftServerImpl (RaftServerImpl.java:lambda$shutdown$3(250)) - 34d030e9-4022-4c73-acc2-92de1e8de82f@group-7A07370E3CE2: shutdown
2019-11-14 23:01:20,821 [main] INFO  impl.RaftServerImpl (RaftServerImpl.java:lambda$shutdown$3(250)) - 795ccad7-a5f7-4de1-b4ec-0bba8df07f61@group-F207208F3836: shutdown
2019-11-14 23:01:20,822 [ForkJoinPool.commonPool-worker-0] INFO  util.JmxRegister (JmxRegister.java:unregister(73)) - Successfully un-registered JMX Bean with object name Ratis:service=RaftServer,group=group-7A07370E3CE2,id=34d030e9-4022-4c73-acc2-92de1e8de82f
2019-11-14 23:01:20,822 [main] INFO  util.JmxRegister (JmxRegister.java:unregister(73)) - Successfully un-registered JMX Bean with object name Ratis:service=RaftServer,group=group-F207208F3836,id=795ccad7-a5f7-4de1-b4ec-0bba8df07f61
2019-11-14 23:01:20,822 [ForkJoinPool.commonPool-worker-0] INFO  impl.RoleInfo (RoleInfo.java:shutdownLeaderState(104)) - 34d030e9-4022-4c73-acc2-92de1e8de82f: shutdown LeaderState
2019-11-14 23:01:20,822 [main] INFO  impl.RoleInfo (RoleInfo.java:shutdownLeaderState(104)) - 795ccad7-a5f7-4de1-b4ec-0bba8df07f61: shutdown LeaderState
2019-11-14 23:01:20,823 [ForkJoinPool.commonPool-worker-0] INFO  impl.PendingRequests (PendingRequests.java:sendNotLeaderResponses(206)) - 34d030e9-4022-4c73-acc2-92de1e8de82f@group-7A07370E3CE2-PendingRequests: sendNotLeaderResponses
2019-11-14 23:01:20,823 [main] INFO  impl.PendingRequests (PendingRequests.java:sendNotLeaderResponses(206)) - 795ccad7-a5f7-4de1-b4ec-0bba8df07f61@group-F207208F3836-PendingRequests: sendNotLeaderResponses
2019-11-14 23:01:20,823 [ForkJoinPool.commonPool-worker-0] INFO  impl.StateMachineUpdater (StateMachineUpdater.java:stopAndJoin(136)) - 34d030e9-4022-4c73-acc2-92de1e8de82f@group-7A07370E3CE2-StateMachineUpdater: set stopIndex = 0
2019-11-14 23:01:20,824 [main] INFO  impl.StateMachineUpdater (StateMachineUpdater.java:stopAndJoin(136)) - 795ccad7-a5f7-4de1-b4ec-0bba8df07f61@group-F207208F3836-StateMachineUpdater: set stopIndex = 0
2019-11-14 23:01:20,824 [ForkJoinPool.commonPool-worker-0] INFO  impl.RaftServerImpl (ServerState.java:close(387)) - 34d030e9-4022-4c73-acc2-92de1e8de82f@group-7A07370E3CE2: closes. applyIndex: 0
2019-11-14 23:01:20,824 [main] INFO  impl.RaftServerImpl (ServerState.java:close(387)) - 795ccad7-a5f7-4de1-b4ec-0bba8df07f61@group-F207208F3836: closes. applyIndex: 0
2019-11-14 23:01:20,824 [34d030e9-4022-4c73-acc2-92de1e8de82f@group-7A07370E3CE2-SegmentedRaftLogWorker] INFO  segmented.SegmentedRaftLogWorker (SegmentedRaftLogWorker.java:run(316)) - 34d030e9-4022-4c73-acc2-92de1e8de82f@group-7A07370E3CE2-SegmentedRaftLogWorker was interrupted, exiting. There are 0 tasks remaining in the queue.
2019-11-14 23:01:20,825 [795ccad7-a5f7-4de1-b4ec-0bba8df07f61@group-F207208F3836-SegmentedRaftLogWorker] INFO  segmented.SegmentedRaftLogWorker (SegmentedRaftLogWorker.java:run(316)) - 795ccad7-a5f7-4de1-b4ec-0bba8df07f61@group-F207208F3836-SegmentedRaftLogWorker was interrupted, exiting. There are 0 tasks remaining in the queue.
2019-11-14 23:01:20,825 [ForkJoinPool.commonPool-worker-0] INFO  segmented.SegmentedRaftLogWorker (SegmentedRaftLogWorker.java:close(224)) - 34d030e9-4022-4c73-acc2-92de1e8de82f@group-7A07370E3CE2-SegmentedRaftLogWorker close()
2019-11-14 23:01:20,826 [main] INFO  segmented.SegmentedRaftLogWorker (SegmentedRaftLogWorker.java:close(224)) - 795ccad7-a5f7-4de1-b4ec-0bba8df07f61@group-F207208F3836-SegmentedRaftLogWorker close()
2019-11-14 23:01:20,830 [ForkJoinPool.commonPool-worker-0] INFO  server.GrpcService (GrpcService.java:closeImpl(164)) - 34d030e9-4022-4c73-acc2-92de1e8de82f: shutdown server with port 40872 now
2019-11-14 23:01:20,830 [main] INFO  server.GrpcService (GrpcService.java:closeImpl(164)) - 795ccad7-a5f7-4de1-b4ec-0bba8df07f61: shutdown server with port 45282 now
2019-11-14 23:01:20,836 [grpc-default-executor-0] WARN  server.GrpcServerProtocolService (LogUtils.java:warn(134)) - 34d030e9-4022-4c73-acc2-92de1e8de82f: installSnapshot onError, lastRequest: 23435c0e-9f08-4b3a-93a8-ff7754a9abdc->34d030e9-4022-4c73-acc2-92de1e8de82f#3-t1, previous=(t:1, i:0), leaderCommit=0, initializing? false, entries: <empty>: org.apache.ratis.thirdparty.io.grpc.StatusRuntimeException: CANCELLED: cancelled before receiving half close
2019-11-14 23:01:20,836 [ForkJoinPool.commonPool-worker-0] INFO  server.GrpcService (GrpcService.java:closeImpl(172)) - 34d030e9-4022-4c73-acc2-92de1e8de82f: shutdown server with port 40872 successfully
2019-11-14 23:01:20,839 [grpc-default-executor-5] WARN  server.GrpcServerProtocolService (LogUtils.java:warn(134)) - 795ccad7-a5f7-4de1-b4ec-0bba8df07f61: installSnapshot onError, lastRequest: 23435c0e-9f08-4b3a-93a8-ff7754a9abdc->795ccad7-a5f7-4de1-b4ec-0bba8df07f61#3-t1, previous=(t:1, i:0), leaderCommit=0, initializing? false, entries: <empty>: org.apache.ratis.thirdparty.io.grpc.StatusRuntimeException: CANCELLED: cancelled before receiving half close
2019-11-14 23:01:20,841 [main] INFO  server.GrpcService (GrpcService.java:closeImpl(172)) - 795ccad7-a5f7-4de1-b4ec-0bba8df07f61: shutdown server with port 45282 successfully
2019-11-14 23:01:20,845 [grpc-default-executor-2] WARN  server.GrpcLogAppender (LogUtils.java:warn(134)) - 23435c0e-9f08-4b3a-93a8-ff7754a9abdc@group-B0411E3C544E->34d030e9-4022-4c73-acc2-92de1e8de82f-AppendLogResponseHandler: Failed appendEntries: org.apache.ratis.thirdparty.io.grpc.StatusRuntimeException: CANCELLED: HTTP/2 error code: CANCEL
Received Rst Stream
2019-11-14 23:01:20,845 [grpc-default-executor-4] WARN  server.GrpcLogAppender (LogUtils.java:warn(134)) - 23435c0e-9f08-4b3a-93a8-ff7754a9abdc@group-B0411E3C544E->795ccad7-a5f7-4de1-b4ec-0bba8df07f61-AppendLogResponseHandler: Failed appendEntries: org.apache.ratis.thirdparty.io.grpc.StatusRuntimeException: CANCELLED: HTTP/2 error code: CANCEL
Received Rst Stream
2019-11-14 23:01:20,847 [refreshUsed-/workdir/hadoop-ozone/integration-test/target/test-dir/MiniOzoneClusterImpl-d80f6904-08ae-461d-86df-e4f9bc309fd1/datanode-1/data/containers] WARN  fs.CachingGetSpaceUsed (CachingGetSpaceUsed.java:run(183)) - Thread Interrupted waiting to refresh disk information: sleep interrupted
2019-11-14 23:01:20,847 [grpc-default-executor-4] INFO  impl.FollowerInfo (FollowerInfo.java:lambda$new$0(51)) - 23435c0e-9f08-4b3a-93a8-ff7754a9abdc@group-B0411E3C544E->795ccad7-a5f7-4de1-b4ec-0bba8df07f61: nextIndex: updateUnconditionally 1 -> 0
2019-11-14 23:01:20,847 [grpc-default-executor-2] INFO  impl.FollowerInfo (FollowerInfo.java:lambda$new$0(51)) - 23435c0e-9f08-4b3a-93a8-ff7754a9abdc@group-B0411E3C544E->34d030e9-4022-4c73-acc2-92de1e8de82f: nextIndex: updateUnconditionally 1 -> 0
2019-11-14 23:01:20,853 [refreshUsed-/workdir/hadoop-ozone/integration-test/target/test-dir/MiniOzoneClusterImpl-d80f6904-08ae-461d-86df-e4f9bc309fd1/datanode-0/data/containers] WARN  fs.CachingGetSpaceUsed (CachingGetSpaceUsed.java:run(183)) - Thread Interrupted waiting to refresh disk information: sleep interrupted
2019-11-14 23:01:20,872 [ForkJoinPool.commonPool-worker-0] INFO  utils.BackgroundService (BackgroundService.java:shutdown(151)) - Shutting down service BlockDeletingService
2019-11-14 23:01:20,873 [main] INFO  utils.BackgroundService (BackgroundService.java:shutdown(151)) - Shutting down service BlockDeletingService
2019-11-14 23:01:20,876 [ForkJoinPool.commonPool-worker-0] INFO  statemachine.DatanodeStateMachine (DatanodeStateMachine.java:stopDaemon(405)) - Ozone container server stopped.
2019-11-14 23:01:20,876 [main] INFO  statemachine.DatanodeStateMachine (DatanodeStateMachine.java:stopDaemon(405)) - Ozone container server stopped.
2019-11-14 23:01:20,879 [ForkJoinPool.commonPool-worker-0] INFO  handler.ContextHandler (ContextHandler.java:doStop(910)) - Stopped o.e.j.w.WebAppContext@1aabf50d{/,null,UNAVAILABLE}{/hddsDatanode}
2019-11-14 23:01:20,879 [main] INFO  handler.ContextHandler (ContextHandler.java:doStop(910)) - Stopped o.e.j.w.WebAppContext@22587507{/,null,UNAVAILABLE}{/hddsDatanode}
2019-11-14 23:01:20,879 [ForkJoinPool.commonPool-worker-0] INFO  server.AbstractConnector (AbstractConnector.java:doStop(318)) - Stopped ServerConnector@73c9e8e8{HTTP/1.1,[http/1.1]}{0.0.0.0:0}
2019-11-14 23:01:20,879 [main] INFO  server.AbstractConnector (AbstractConnector.java:doStop(318)) - Stopped ServerConnector@5c77ba8f{HTTP/1.1,[http/1.1]}{0.0.0.0:0}
2019-11-14 23:01:20,880 [ForkJoinPool.commonPool-worker-0] INFO  handler.ContextHandler (ContextHandler.java:doStop(910)) - Stopped o.e.j.s.ServletContextHandler@60cf62ad{/static,jar:file:/home/user/.m2/repository/org/apache/hadoop/hadoop-hdds-container-service/0.5.0-SNAPSHOT/hadoop-hdds-container-service-0.5.0-SNAPSHOT.jar!/webapps/static,UNAVAILABLE}
2019-11-14 23:01:20,880 [main] INFO  handler.ContextHandler (ContextHandler.java:doStop(910)) - Stopped o.e.j.s.ServletContextHandler@1907874b{/static,jar:file:/home/user/.m2/repository/org/apache/hadoop/hadoop-hdds-container-service/0.5.0-SNAPSHOT/hadoop-hdds-container-service-0.5.0-SNAPSHOT.jar!/webapps/static,UNAVAILABLE}
2019-11-14 23:01:20,881 [ForkJoinPool.commonPool-worker-0] INFO  handler.ContextHandler (ContextHandler.java:doStop(910)) - Stopped o.e.j.s.ServletContextHandler@46185a1b{/logs,file:///workdir/hadoop-ozone/integration-test/target/log,UNAVAILABLE}
2019-11-14 23:01:20,881 [main] INFO  handler.ContextHandler (ContextHandler.java:doStop(910)) - Stopped o.e.j.s.ServletContextHandler@761e788f{/logs,file:///workdir/hadoop-ozone/integration-test/target/log,UNAVAILABLE}
2019-11-14 23:01:21,747 [Datanode State Machine Thread - 0] INFO  statemachine.DatanodeStateMachine (DatanodeStateMachine.java:lambda$startDaemon$0(360)) - Ozone container server started.
2019-11-14 23:01:22,798 [grpc-default-executor-2] WARN  server.GrpcLogAppender (LogUtils.java:warn(134)) - 23435c0e-9f08-4b3a-93a8-ff7754a9abdc@group-B0411E3C544E->34d030e9-4022-4c73-acc2-92de1e8de82f-AppendLogResponseHandler: Failed appendEntries: org.apache.ratis.thirdparty.io.grpc.StatusRuntimeException: UNAVAILABLE: io exception
2019-11-14 23:01:22,798 [grpc-default-executor-4] WARN  server.GrpcLogAppender (LogUtils.java:warn(134)) - 23435c0e-9f08-4b3a-93a8-ff7754a9abdc@group-B0411E3C544E->795ccad7-a5f7-4de1-b4ec-0bba8df07f61-AppendLogResponseHandler: Failed appendEntries: org.apache.ratis.thirdparty.io.grpc.StatusRuntimeException: UNAVAILABLE: io exception
2019-11-14 23:01:22,800 [grpc-default-executor-2] INFO  impl.FollowerInfo (FollowerInfo.java:lambda$new$0(51)) - 23435c0e-9f08-4b3a-93a8-ff7754a9abdc@group-B0411E3C544E->34d030e9-4022-4c73-acc2-92de1e8de82f: nextIndex: updateUnconditionally 0 -> 0
2019-11-14 23:01:22,800 [grpc-default-executor-4] INFO  impl.FollowerInfo (FollowerInfo.java:lambda$new$0(51)) - 23435c0e-9f08-4b3a-93a8-ff7754a9abdc@group-B0411E3C544E->795ccad7-a5f7-4de1-b4ec-0bba8df07f61: nextIndex: updateUnconditionally 0 -> 0
2019-11-14 23:01:25,301 [grpc-default-executor-3] WARN  server.GrpcLogAppender (LogUtils.java:warn(134)) - 23435c0e-9f08-4b3a-93a8-ff7754a9abdc@group-B0411E3C544E->34d030e9-4022-4c73-acc2-92de1e8de82f-AppendLogResponseHandler: Failed appendEntries: org.apache.ratis.thirdparty.io.grpc.StatusRuntimeException: UNAVAILABLE: io exception
2019-11-14 23:01:25,301 [grpc-default-executor-4] WARN  server.GrpcLogAppender (LogUtils.java:warn(134)) - 23435c0e-9f08-4b3a-93a8-ff7754a9abdc@group-B0411E3C544E->795ccad7-a5f7-4de1-b4ec-0bba8df07f61-AppendLogResponseHandler: Failed appendEntries: org.apache.ratis.thirdparty.io.grpc.StatusRuntimeException: UNAVAILABLE: io exception
2019-11-14 23:01:25,304 [grpc-default-executor-3] INFO  impl.FollowerInfo (FollowerInfo.java:lambda$new$0(51)) - 23435c0e-9f08-4b3a-93a8-ff7754a9abdc@group-B0411E3C544E->34d030e9-4022-4c73-acc2-92de1e8de82f: nextIndex: updateUnconditionally 0 -> 0
2019-11-14 23:01:25,304 [grpc-default-executor-4] INFO  impl.FollowerInfo (FollowerInfo.java:lambda$new$0(51)) - 23435c0e-9f08-4b3a-93a8-ff7754a9abdc@group-B0411E3C544E->795ccad7-a5f7-4de1-b4ec-0bba8df07f61: nextIndex: updateUnconditionally 0 -> 0
2019-11-14 23:01:25,887 [ForkJoinPool.commonPool-worker-0] INFO  ozoneimpl.OzoneContainer (OzoneContainer.java:stop(244)) - Attempting to stop container services.
2019-11-14 23:01:25,888 [ForkJoinPool.commonPool-worker-0] INFO  impl.RaftServerProxy (RaftServerProxy.java:lambda$close$4(314)) - 23435c0e-9f08-4b3a-93a8-ff7754a9abdc: close
2019-11-14 23:01:25,888 [ForkJoinPool.commonPool-worker-0] INFO  impl.RaftServerImpl (RaftServerImpl.java:lambda$shutdown$3(250)) - 23435c0e-9f08-4b3a-93a8-ff7754a9abdc@group-B0411E3C544E: shutdown
2019-11-14 23:01:25,889 [ForkJoinPool.commonPool-worker-0] INFO  util.JmxRegister (JmxRegister.java:unregister(73)) - Successfully un-registered JMX Bean with object name Ratis:service=RaftServer,group=group-B0411E3C544E,id=23435c0e-9f08-4b3a-93a8-ff7754a9abdc
2019-11-14 23:01:25,889 [ForkJoinPool.commonPool-worker-0] INFO  impl.RoleInfo (RoleInfo.java:shutdownLeaderState(104)) - 23435c0e-9f08-4b3a-93a8-ff7754a9abdc: shutdown LeaderState
2019-11-14 23:01:25,892 [org.apache.ratis.server.impl.LogAppender$AppenderDaemon$$Lambda$531/454555442@55bcce5f] WARN  server.GrpcLogAppender (GrpcLogAppender.java:mayWait(151)) - 23435c0e-9f08-4b3a-93a8-ff7754a9abdc@group-B0411E3C544E->795ccad7-a5f7-4de1-b4ec-0bba8df07f61-GrpcLogAppender: Wait interrupted by java.lang.InterruptedException
2019-11-14 23:01:25,892 [ForkJoinPool.commonPool-worker-0] INFO  impl.PendingRequests (PendingRequests.java:sendNotLeaderResponses(206)) - 23435c0e-9f08-4b3a-93a8-ff7754a9abdc@group-B0411E3C544E-PendingRequests: sendNotLeaderResponses
2019-11-14 23:01:25,892 [org.apache.ratis.server.impl.LogAppender$AppenderDaemon$$Lambda$531/454555442@10be522c] WARN  server.GrpcLogAppender (GrpcLogAppender.java:mayWait(151)) - 23435c0e-9f08-4b3a-93a8-ff7754a9abdc@group-B0411E3C544E->34d030e9-4022-4c73-acc2-92de1e8de82f-GrpcLogAppender: Wait interrupted by java.lang.InterruptedException
2019-11-14 23:01:25,893 [ForkJoinPool.commonPool-worker-0] INFO  impl.StateMachineUpdater (StateMachineUpdater.java:stopAndJoin(136)) - 23435c0e-9f08-4b3a-93a8-ff7754a9abdc@group-B0411E3C544E-StateMachineUpdater: set stopIndex = 0
2019-11-14 23:01:25,893 [ForkJoinPool.commonPool-worker-0] INFO  impl.RaftServerImpl (ServerState.java:close(387)) - 23435c0e-9f08-4b3a-93a8-ff7754a9abdc@group-B0411E3C544E: closes. applyIndex: 0
2019-11-14 23:01:25,894 [23435c0e-9f08-4b3a-93a8-ff7754a9abdc@group-B0411E3C544E-SegmentedRaftLogWorker] INFO  segmented.SegmentedRaftLogWorker (SegmentedRaftLogWorker.java:run(316)) - 23435c0e-9f08-4b3a-93a8-ff7754a9abdc@group-B0411E3C544E-SegmentedRaftLogWorker was interrupted, exiting. There are 0 tasks remaining in the queue.
2019-11-14 23:01:25,894 [ForkJoinPool.commonPool-worker-0] INFO  segmented.SegmentedRaftLogWorker (SegmentedRaftLogWorker.java:close(224)) - 23435c0e-9f08-4b3a-93a8-ff7754a9abdc@group-B0411E3C544E-SegmentedRaftLogWorker close()
2019-11-14 23:01:25,895 [ForkJoinPool.commonPool-worker-0] INFO  impl.RaftServerImpl (RaftServerImpl.java:lambda$shutdown$3(250)) - 23435c0e-9f08-4b3a-93a8-ff7754a9abdc@group-178A166C9BE8: shutdown
2019-11-14 23:01:25,895 [ForkJoinPool.commonPool-worker-0] INFO  util.JmxRegister (JmxRegister.java:unregister(73)) - Successfully un-registered JMX Bean with object name Ratis:service=RaftServer,group=group-178A166C9BE8,id=23435c0e-9f08-4b3a-93a8-ff7754a9abdc
2019-11-14 23:01:25,895 [ForkJoinPool.commonPool-worker-0] INFO  impl.RoleInfo (RoleInfo.java:shutdownLeaderState(104)) - 23435c0e-9f08-4b3a-93a8-ff7754a9abdc: shutdown LeaderState
2019-11-14 23:01:25,896 [ForkJoinPool.commonPool-worker-0] INFO  impl.PendingRequests (PendingRequests.java:sendNotLeaderResponses(206)) - 23435c0e-9f08-4b3a-93a8-ff7754a9abdc@group-178A166C9BE8-PendingRequests: sendNotLeaderResponses
2019-11-14 23:01:25,896 [ForkJoinPool.commonPool-worker-0] INFO  impl.StateMachineUpdater (StateMachineUpdater.java:stopAndJoin(136)) - 23435c0e-9f08-4b3a-93a8-ff7754a9abdc@group-178A166C9BE8-StateMachineUpdater: set stopIndex = 0
2019-11-14 23:01:25,896 [ForkJoinPool.commonPool-worker-0] INFO  impl.RaftServerImpl (ServerState.java:close(387)) - 23435c0e-9f08-4b3a-93a8-ff7754a9abdc@group-178A166C9BE8: closes. applyIndex: 0
2019-11-14 23:01:25,897 [23435c0e-9f08-4b3a-93a8-ff7754a9abdc@group-178A166C9BE8-SegmentedRaftLogWorker] INFO  segmented.SegmentedRaftLogWorker (SegmentedRaftLogWorker.java:run(316)) - 23435c0e-9f08-4b3a-93a8-ff7754a9abdc@group-178A166C9BE8-SegmentedRaftLogWorker was interrupted, exiting. There are 0 tasks remaining in the queue.
2019-11-14 23:01:25,905 [ForkJoinPool.commonPool-worker-0] INFO  segmented.SegmentedRaftLogWorker (SegmentedRaftLogWorker.java:close(224)) - 23435c0e-9f08-4b3a-93a8-ff7754a9abdc@group-178A166C9BE8-SegmentedRaftLogWorker close()
2019-11-14 23:01:25,906 [ForkJoinPool.commonPool-worker-0] INFO  server.GrpcService (GrpcService.java:closeImpl(164)) - 23435c0e-9f08-4b3a-93a8-ff7754a9abdc: shutdown server with port 37516 now
2019-11-14 23:01:25,906 [ForkJoinPool.commonPool-worker-0] INFO  server.GrpcService (GrpcService.java:closeImpl(172)) - 23435c0e-9f08-4b3a-93a8-ff7754a9abdc: shutdown server with port 37516 successfully
2019-11-14 23:01:25,918 [refreshUsed-/workdir/hadoop-ozone/integration-test/target/test-dir/MiniOzoneClusterImpl-d80f6904-08ae-461d-86df-e4f9bc309fd1/datanode-2/data/containers] WARN  fs.CachingGetSpaceUsed (CachingGetSpaceUsed.java:run(183)) - Thread Interrupted waiting to refresh disk information: sleep interrupted
2019-11-14 23:01:25,932 [ForkJoinPool.commonPool-worker-0] INFO  utils.BackgroundService (BackgroundService.java:shutdown(151)) - Shutting down service BlockDeletingService
2019-11-14 23:01:25,934 [ForkJoinPool.commonPool-worker-0] INFO  statemachine.DatanodeStateMachine (DatanodeStateMachine.java:stopDaemon(405)) - Ozone container server stopped.
2019-11-14 23:01:25,936 [ForkJoinPool.commonPool-worker-0] INFO  handler.ContextHandler (ContextHandler.java:doStop(910)) - Stopped o.e.j.w.WebAppContext@476fe690{/,null,UNAVAILABLE}{/hddsDatanode}
2019-11-14 23:01:25,937 [ForkJoinPool.commonPool-worker-0] INFO  server.AbstractConnector (AbstractConnector.java:doStop(318)) - Stopped ServerConnector@7a0e7ecd{HTTP/1.1,[http/1.1]}{0.0.0.0:0}
2019-11-14 23:01:25,937 [ForkJoinPool.commonPool-worker-0] INFO  handler.ContextHandler (ContextHandler.java:doStop(910)) - Stopped o.e.j.s.ServletContextHandler@6069dd38{/static,jar:file:/home/user/.m2/repository/org/apache/hadoop/hadoop-hdds-container-service/0.5.0-SNAPSHOT/hadoop-hdds-container-service-0.5.0-SNAPSHOT.jar!/webapps/static,UNAVAILABLE}
2019-11-14 23:01:25,938 [ForkJoinPool.commonPool-worker-0] INFO  handler.ContextHandler (ContextHandler.java:doStop(910)) - Stopped o.e.j.s.ServletContextHandler@46c269e0{/logs,file:///workdir/hadoop-ozone/integration-test/target/log,UNAVAILABLE}
2019-11-14 23:01:25,939 [main] INFO  ozone.MiniOzoneClusterImpl (MiniOzoneClusterImpl.java:stopSCM(430)) - Stopping the StorageContainerManager
2019-11-14 23:01:25,939 [main] INFO  server.StorageContainerManager (StorageContainerManager.java:stop(804)) - Stopping Replication Manager Service.
2019-11-14 23:01:25,939 [main] INFO  container.ReplicationManager (ReplicationManager.java:stop(203)) - Stopping Replication Monitor Thread.
2019-11-14 23:01:25,940 [main] INFO  server.StorageContainerManager (StorageContainerManager.java:stop(811)) - Stopping Lease Manager of the command watchers
2019-11-14 23:01:25,940 [main] INFO  server.StorageContainerManager (StorageContainerManager.java:stop(818)) - Stopping datanode service RPC server
2019-11-14 23:01:25,940 [main] INFO  server.SCMDatanodeProtocolServer (SCMDatanodeProtocolServer.java:stop(346)) - Stopping the RPC server for DataNodes
2019-11-14 23:01:25,940 [main] INFO  ipc.Server (Server.java:stop(3082)) - Stopping server on 39032
2019-11-14 23:01:25,943 [IPC Server listener on 39032] INFO  ipc.Server (Server.java:run(1185)) - Stopping IPC Server listener on 39032
2019-11-14 23:01:25,943 [IPC Server Responder] INFO  ipc.Server (Server.java:run(1319)) - Stopping IPC Server Responder
2019-11-14 23:01:26,007 [SCM Heartbeat Processing Thread - 0] WARN  node.NodeStateManager (NodeStateManager.java:scheduleNextHealthCheck(646)) - Current Thread is interrupted, shutting down HB processing thread for Node Manager.
2019-11-14 23:01:26,008 [main] INFO  server.StorageContainerManager (StorageContainerManager.java:stop(826)) - Stopping block service RPC server
2019-11-14 23:01:26,008 [main] INFO  server.SCMBlockProtocolServer (SCMBlockProtocolServer.java:stop(155)) - Stopping the RPC server for Block Protocol
2019-11-14 23:01:26,008 [main] INFO  ipc.Server (Server.java:stop(3082)) - Stopping server on 45188
2019-11-14 23:01:26,010 [IPC Server listener on 45188] INFO  ipc.Server (Server.java:run(1185)) - Stopping IPC Server listener on 45188
2019-11-14 23:01:26,011 [main] INFO  server.StorageContainerManager (StorageContainerManager.java:stop(833)) - Stopping the StorageContainerLocationProtocol RPC server
2019-11-14 23:01:26,011 [IPC Server Responder] INFO  ipc.Server (Server.java:run(1319)) - Stopping IPC Server Responder
2019-11-14 23:01:26,012 [main] INFO  server.SCMClientProtocolServer (SCMClientProtocolServer.java:stop(169)) - Stopping the RPC server for Client Protocol
2019-11-14 23:01:26,012 [main] INFO  ipc.Server (Server.java:stop(3082)) - Stopping server on 43261
2019-11-14 23:01:26,014 [IPC Server listener on 43261] INFO  ipc.Server (Server.java:run(1185)) - Stopping IPC Server listener on 43261
2019-11-14 23:01:26,014 [main] INFO  server.StorageContainerManager (StorageContainerManager.java:stop(840)) - Stopping Storage Container Manager HTTP server.
2019-11-14 23:01:26,014 [IPC Server Responder] INFO  ipc.Server (Server.java:run(1319)) - Stopping IPC Server Responder
2019-11-14 23:01:26,141 [main] INFO  handler.ContextHandler (ContextHandler.java:doStop(910)) - Stopped o.e.j.w.WebAppContext@56102e1c{/,null,UNAVAILABLE}{/scm}
2019-11-14 23:01:26,165 [main] INFO  server.AbstractConnector (AbstractConnector.java:doStop(318)) - Stopped ServerConnector@466cf502{HTTP/1.1,[http/1.1]}{0.0.0.0:0}
2019-11-14 23:01:26,166 [main] INFO  handler.ContextHandler (ContextHandler.java:doStop(910)) - Stopped o.e.j.s.ServletContextHandler@68ead359{/static,file:///workdir/hadoop-ozone/integration-test/target/test-classes/webapps/static,UNAVAILABLE}
2019-11-14 23:01:26,166 [main] INFO  handler.ContextHandler (ContextHandler.java:doStop(910)) - Stopped o.e.j.s.ServletContextHandler@26bab2f1{/logs,file:///workdir/hadoop-ozone/integration-test/target/log,UNAVAILABLE}
2019-11-14 23:01:26,167 [main] INFO  server.StorageContainerManager (StorageContainerManager.java:stop(851)) - Stopping Block Manager Service.
2019-11-14 23:01:26,168 [main] INFO  utils.BackgroundService (BackgroundService.java:shutdown(151)) - Shutting down service SCMBlockDeletingService
2019-11-14 23:01:26,168 [main] INFO  utils.BackgroundService (BackgroundService.java:shutdown(151)) - Shutting down service SCMBlockDeletingService
2019-11-14 23:01:26,169 [main] INFO  server.StorageContainerManager (StorageContainerManager.java:stop(873)) - Stopping SCM Event Queue.
2019-11-14 23:01:26,181 [main] INFO  impl.MetricsSystemImpl (MetricsSystemImpl.java:stop(210)) - Stopping HddsDatanode metrics system...
2019-11-14 23:01:26,189 [prometheus] INFO  impl.MetricsSinkAdapter (MetricsSinkAdapter.java:publishMetricsFromQueue(141)) - prometheus thread interrupted.
2019-11-14 23:01:26,190 [main] INFO  impl.MetricsSystemImpl (MetricsSystemImpl.java:stop(216)) - HddsDatanode metrics system stopped.
]]></system-out>
    <system-err><![CDATA[ERROR StatusLogger No Log4j 2 configuration file found. Using default configuration (logging only errors to the console), or user programmatically provided configurations. Set system property 'log4j2.debug' to show Log4j 2 internal initialization logging. See https://logging.apache.org/log4j/2.x/manual/configuration.html for instructions on how to configure Log4j 2
Nov 14, 2019 11:01:20 PM org.apache.ratis.thirdparty.io.grpc.internal.SerializingExecutor run
SEVERE: Exception while executing runnable org.apache.ratis.thirdparty.io.grpc.internal.ServerImpl$JumpToApplicationThreadServerStreamListener$1Closed@3dc2d5c5
org.apache.ratis.thirdparty.io.grpc.StatusRuntimeException: CANCELLED: call already cancelled
	at org.apache.ratis.thirdparty.io.grpc.Status.asRuntimeException(Status.java:517)
	at org.apache.ratis.thirdparty.io.grpc.stub.ServerCalls$ServerCallStreamObserverImpl.onCompleted(ServerCalls.java:356)
	at org.apache.ratis.grpc.server.GrpcServerProtocolService$ServerRequestStreamObserver.onError(GrpcServerProtocolService.java:121)
	at org.apache.ratis.thirdparty.io.grpc.stub.ServerCalls$StreamingServerCallHandler$StreamingServerCallListener.onCancel(ServerCalls.java:269)
	at org.apache.ratis.thirdparty.io.grpc.internal.ServerCallImpl$ServerStreamListenerImpl.closed(ServerCallImpl.java:293)
	at org.apache.ratis.thirdparty.io.grpc.internal.ServerImpl$JumpToApplicationThreadServerStreamListener$1Closed.runInContext(ServerImpl.java:741)
	at org.apache.ratis.thirdparty.io.grpc.internal.ContextRunnable.run(ContextRunnable.java:37)
	at org.apache.ratis.thirdparty.io.grpc.internal.SerializingExecutor.run(SerializingExecutor.java:123)
	at java.util.concurrent.ThreadPoolExecutor.runWorker(ThreadPoolExecutor.java:1149)
	at java.util.concurrent.ThreadPoolExecutor$Worker.run(ThreadPoolExecutor.java:624)
	at java.lang.Thread.run(Thread.java:748)

Nov 14, 2019 11:01:20 PM org.apache.ratis.thirdparty.io.grpc.internal.SerializingExecutor run
SEVERE: Exception while executing runnable org.apache.ratis.thirdparty.io.grpc.internal.ServerImpl$JumpToApplicationThreadServerStreamListener$1Closed@7406fd3b
org.apache.ratis.thirdparty.io.grpc.StatusRuntimeException: CANCELLED: call already cancelled
	at org.apache.ratis.thirdparty.io.grpc.Status.asRuntimeException(Status.java:517)
	at org.apache.ratis.thirdparty.io.grpc.stub.ServerCalls$ServerCallStreamObserverImpl.onCompleted(ServerCalls.java:356)
	at org.apache.ratis.grpc.server.GrpcServerProtocolService$ServerRequestStreamObserver.onError(GrpcServerProtocolService.java:121)
	at org.apache.ratis.thirdparty.io.grpc.stub.ServerCalls$StreamingServerCallHandler$StreamingServerCallListener.onCancel(ServerCalls.java:269)
	at org.apache.ratis.thirdparty.io.grpc.internal.ServerCallImpl$ServerStreamListenerImpl.closed(ServerCallImpl.java:293)
	at org.apache.ratis.thirdparty.io.grpc.internal.ServerImpl$JumpToApplicationThreadServerStreamListener$1Closed.runInContext(ServerImpl.java:741)
	at org.apache.ratis.thirdparty.io.grpc.internal.ContextRunnable.run(ContextRunnable.java:37)
	at org.apache.ratis.thirdparty.io.grpc.internal.SerializingExecutor.run(SerializingExecutor.java:123)
	at java.util.concurrent.ThreadPoolExecutor.runWorker(ThreadPoolExecutor.java:1149)
	at java.util.concurrent.ThreadPoolExecutor$Worker.run(ThreadPoolExecutor.java:624)
	at java.lang.Thread.run(Thread.java:748)

]]></system-err>
  </testcase>
  <testcase name="testNumBlocksAllocated" classname="org.apache.hadoop.ozone.scm.pipeline.TestSCMPipelineMetrics" time="26.282"/>
  <testcase name="testPipelineCreation" classname="org.apache.hadoop.ozone.scm.pipeline.TestSCMPipelineMetrics" time="21.21"/>
</testsuite>