<?xml version="1.0" encoding="UTF-8"?>
<testsuite xmlns:xsi="http://www.w3.org/2001/XMLSchema-instance" xsi:noNamespaceSchemaLocation="https://maven.apache.org/surefire/maven-surefire-plugin/xsd/surefire-test-report.xsd" name="org.apache.hadoop.ozone.TestMiniOzoneCluster" time="102.235" tests="4" errors="1" skipped="0" failures="0">
  <properties>
    <property name="awt.toolkit" value="sun.awt.X11.XToolkit"/>
    <property name="file.encoding.pkg" value="sun.io"/>
    <property name="java.specification.version" value="1.8"/>
    <property name="sun.cpu.isalist" value=""/>
    <property name="sun.jnu.encoding" value="ANSI_X3.4-1968"/>
    <property name="java.class.path" value="/workdir/hadoop-ozone/integration-test/target/test-classes:/workdir/hadoop-ozone/integration-test/target/classes:/home/user/.m2/repository/org/apache/hadoop/hadoop-ozone-common/0.5.0-SNAPSHOT/hadoop-ozone-common-0.5.0-SNAPSHOT.jar:/home/user/.m2/repository/org/apache/commons/commons-compress/1.4.1/commons-compress-1.4.1.jar:/home/user/.m2/repository/org/tukaani/xz/1.0/xz-1.0.jar:/home/user/.m2/repository/org/apache/hadoop/hadoop-common/3.2.0/hadoop-common-3.2.0.jar:/home/user/.m2/repository/org/apache/hadoop/hadoop-hdfs/3.2.0/hadoop-hdfs-3.2.0.jar:/home/user/.m2/repository/org/apache/hadoop/hadoop-hdfs-client/3.2.0/hadoop-hdfs-client-3.2.0.jar:/home/user/.m2/repository/com/fasterxml/jackson/core/jackson-annotations/2.9.9/jackson-annotations-2.9.9.jar:/home/user/.m2/repository/org/apache/hadoop/hadoop-hdds-common/0.5.0-SNAPSHOT/hadoop-hdds-common-0.5.0-SNAPSHOT.jar:/home/user/.m2/repository/javax/annotation/javax.annotation-api/1.2/javax.annotation-api-1.2.jar:/home/user/.m2/repository/org/apache/ratis/ratis-server/0.5.0-d6d58d0-SNAPSHOT/ratis-server-0.5.0-d6d58d0-SNAPSHOT.jar:/home/user/.m2/repository/org/apache/ratis/ratis-thirdparty-misc/0.2.0/ratis-thirdparty-misc-0.2.0.jar:/home/user/.m2/repository/org/apache/ratis/ratis-proto/0.5.0-d6d58d0-SNAPSHOT/ratis-proto-0.5.0-d6d58d0-SNAPSHOT.jar:/home/user/.m2/repository/org/apache/ratis/ratis-common/0.5.0-d6d58d0-SNAPSHOT/ratis-common-0.5.0-d6d58d0-SNAPSHOT.jar:/home/user/.m2/repository/org/apache/ratis/ratis-client/0.5.0-d6d58d0-SNAPSHOT/ratis-client-0.5.0-d6d58d0-SNAPSHOT.jar:/home/user/.m2/repository/org/apache/ratis/ratis-metrics/0.5.0-d6d58d0-SNAPSHOT/ratis-metrics-0.5.0-d6d58d0-SNAPSHOT.jar:/home/user/.m2/repository/org/apache/ratis/ratis-netty/0.5.0-d6d58d0-SNAPSHOT/ratis-netty-0.5.0-d6d58d0-SNAPSHOT.jar:/home/user/.m2/repository/org/apache/ratis/ratis-grpc/0.5.0-d6d58d0-SNAPSHOT/ratis-grpc-0.5.0-d6d58d0-SNAPSHOT.jar:/home/user/.m2/repository/org/rocksdb/rocksdbjni/6.0.1/rocksdbjni-6.0.1.jar:/home/user/.m2/repository/org/apache/logging/log4j/log4j-api/2.11.0/log4j-api-2.11.0.jar:/home/user/.m2/repository/org/apache/logging/log4j/log4j-core/2.11.0/log4j-core-2.11.0.jar:/home/user/.m2/repository/com/lmax/disruptor/3.4.2/disruptor-3.4.2.jar:/home/user/.m2/repository/org/apache/commons/commons-pool2/2.6.0/commons-pool2-2.6.0.jar:/home/user/.m2/repository/org/bouncycastle/bcpkix-jdk15on/1.60/bcpkix-jdk15on-1.60.jar:/home/user/.m2/repository/commons-validator/commons-validator/1.6/commons-validator-1.6.jar:/home/user/.m2/repository/commons-digester/commons-digester/1.8.1/commons-digester-1.8.1.jar:/home/user/.m2/repository/io/jaegertracing/jaeger-client/0.34.0/jaeger-client-0.34.0.jar:/home/user/.m2/repository/io/jaegertracing/jaeger-thrift/0.34.0/jaeger-thrift-0.34.0.jar:/home/user/.m2/repository/org/apache/thrift/libthrift/0.12.0/libthrift-0.12.0.jar:/home/user/.m2/repository/com/squareup/okhttp3/okhttp/3.9.0/okhttp-3.9.0.jar:/home/user/.m2/repository/com/squareup/okio/okio/1.13.0/okio-1.13.0.jar:/home/user/.m2/repository/io/jaegertracing/jaeger-core/0.34.0/jaeger-core-0.34.0.jar:/home/user/.m2/repository/io/jaegertracing/jaeger-tracerresolver/0.34.0/jaeger-tracerresolver-0.34.0.jar:/home/user/.m2/repository/io/opentracing/contrib/opentracing-tracerresolver/0.1.5/opentracing-tracerresolver-0.1.5.jar:/home/user/.m2/repository/io/opentracing/opentracing-util/0.31.0/opentracing-util-0.31.0.jar:/home/user/.m2/repository/io/opentracing/opentracing-api/0.31.0/opentracing-api-0.31.0.jar:/home/user/.m2/repository/io/opentracing/opentracing-noop/0.31.0/opentracing-noop-0.31.0.jar:/home/user/.m2/repository/org/apache/hadoop/hadoop-hdds-server-framework/0.5.0-SNAPSHOT/hadoop-hdds-server-framework-0.5.0-SNAPSHOT.jar:/home/user/.m2/repository/org/apache/hadoop/hadoop-hdds-container-service/0.5.0-SNAPSHOT/hadoop-hdds-container-service-0.5.0-SNAPSHOT.jar:/home/user/.m2/repository/org/apache/hadoop/hadoop-hdds-client/0.5.0-SNAPSHOT/hadoop-hdds-client-0.5.0-SNAPSHOT.jar:/home/user/.m2/repository/org/apache/hadoop/hadoop-hdds-tools/0.5.0-SNAPSHOT/hadoop-hdds-tools-0.5.0-SNAPSHOT.jar:/home/user/.m2/repository/org/apache/hadoop/hadoop-hdds-server-scm/0.5.0-SNAPSHOT/hadoop-hdds-server-scm-0.5.0-SNAPSHOT.jar:/home/user/.m2/repository/org/apache/hadoop/hadoop-hdds-docs/0.5.0-SNAPSHOT/hadoop-hdds-docs-0.5.0-SNAPSHOT.jar:/home/user/.m2/repository/io/dropwizard/metrics/metrics-core/3.2.4/metrics-core-3.2.4.jar:/home/user/.m2/repository/org/hamcrest/hamcrest-all/1.3/hamcrest-all-1.3.jar:/home/user/.m2/repository/org/bouncycastle/bcprov-jdk15on/1.60/bcprov-jdk15on-1.60.jar:/home/user/.m2/repository/info/picocli/picocli/3.9.6/picocli-3.9.6.jar:/home/user/.m2/repository/com/google/protobuf/protobuf-java/2.5.0/protobuf-java-2.5.0.jar:/home/user/.m2/repository/com/google/guava/guava/11.0.2/guava-11.0.2.jar:/home/user/.m2/repository/org/apache/hadoop/hadoop-ozone-ozone-manager/0.5.0-SNAPSHOT/hadoop-ozone-ozone-manager-0.5.0-SNAPSHOT.jar:/home/user/.m2/repository/org/apache/hadoop/hadoop-minikdc/3.2.0/hadoop-minikdc-3.2.0.jar:/home/user/.m2/repository/commons-io/commons-io/2.5/commons-io-2.5.jar:/home/user/.m2/repository/org/apache/kerby/kerb-simplekdc/1.0.1/kerb-simplekdc-1.0.1.jar:/home/user/.m2/repository/org/apache/kerby/kerb-client/1.0.1/kerb-client-1.0.1.jar:/home/user/.m2/repository/org/apache/kerby/kerby-config/1.0.1/kerby-config-1.0.1.jar:/home/user/.m2/repository/org/apache/kerby/kerb-core/1.0.1/kerb-core-1.0.1.jar:/home/user/.m2/repository/org/apache/kerby/kerby-pkix/1.0.1/kerby-pkix-1.0.1.jar:/home/user/.m2/repository/org/apache/kerby/kerby-asn1/1.0.1/kerby-asn1-1.0.1.jar:/home/user/.m2/repository/org/apache/kerby/kerby-util/1.0.1/kerby-util-1.0.1.jar:/home/user/.m2/repository/org/apache/kerby/kerb-common/1.0.1/kerb-common-1.0.1.jar:/home/user/.m2/repository/org/apache/kerby/kerb-crypto/1.0.1/kerb-crypto-1.0.1.jar:/home/user/.m2/repository/org/apache/kerby/kerb-util/1.0.1/kerb-util-1.0.1.jar:/home/user/.m2/repository/org/apache/kerby/token-provider/1.0.1/token-provider-1.0.1.jar:/home/user/.m2/repository/org/apache/kerby/kerb-admin/1.0.1/kerb-admin-1.0.1.jar:/home/user/.m2/repository/org/apache/kerby/kerb-server/1.0.1/kerb-server-1.0.1.jar:/home/user/.m2/repository/org/apache/kerby/kerb-identity/1.0.1/kerb-identity-1.0.1.jar:/home/user/.m2/repository/org/apache/kerby/kerby-xdr/1.0.1/kerby-xdr-1.0.1.jar:/home/user/.m2/repository/org/slf4j/slf4j-log4j12/1.7.25/slf4j-log4j12-1.7.25.jar:/home/user/.m2/repository/org/apache/hadoop/hadoop-ozone-s3gateway/0.5.0-SNAPSHOT/hadoop-ozone-s3gateway-0.5.0-SNAPSHOT.jar:/home/user/.m2/repository/org/jboss/weld/servlet/weld-servlet/2.4.7.Final/weld-servlet-2.4.7.Final.jar:/home/user/.m2/repository/org/glassfish/jersey/containers/jersey-container-servlet-core/2.27/jersey-container-servlet-core-2.27.jar:/home/user/.m2/repository/org/glassfish/hk2/external/javax.inject/2.5.0-b42/javax.inject-2.5.0-b42.jar:/home/user/.m2/repository/org/glassfish/jersey/core/jersey-common/2.27/jersey-common-2.27.jar:/home/user/.m2/repository/org/glassfish/hk2/osgi-resource-locator/1.0.1/osgi-resource-locator-1.0.1.jar:/home/user/.m2/repository/javax/ws/rs/javax.ws.rs-api/2.1/javax.ws.rs-api-2.1.jar:/home/user/.m2/repository/org/glassfish/jersey/ext/cdi/jersey-cdi1x/2.27/jersey-cdi1x-2.27.jar:/home/user/.m2/repository/org/glassfish/jersey/inject/jersey-hk2/2.27/jersey-hk2-2.27.jar:/home/user/.m2/repository/org/glassfish/hk2/hk2-locator/2.5.0-b42/hk2-locator-2.5.0-b42.jar:/home/user/.m2/repository/org/javassist/javassist/3.22.0-CR2/javassist-3.22.0-CR2.jar:/home/user/.m2/repository/org/glassfish/hk2/hk2-api/2.5.0/hk2-api-2.5.0.jar:/home/user/.m2/repository/org/glassfish/hk2/external/jakarta.inject/2.5.0/jakarta.inject-2.5.0.jar:/home/user/.m2/repository/org/glassfish/hk2/hk2-utils/2.5.0/hk2-utils-2.5.0.jar:/home/user/.m2/repository/jakarta/annotation/jakarta.annotation-api/1.3.4/jakarta.annotation-api-1.3.4.jar:/home/user/.m2/repository/org/glassfish/hk2/external/aopalliance-repackaged/2.5.0/aopalliance-repackaged-2.5.0.jar:/home/user/.m2/repository/com/fasterxml/jackson/dataformat/jackson-dataformat-xml/2.9.0/jackson-dataformat-xml-2.9.0.jar:/home/user/.m2/repository/com/fasterxml/jackson/core/jackson-core/2.9.9/jackson-core-2.9.9.jar:/home/user/.m2/repository/com/fasterxml/jackson/module/jackson-module-jaxb-annotations/2.9.9/jackson-module-jaxb-annotations-2.9.9.jar:/home/user/.m2/repository/javax/enterprise/cdi-api/1.2/cdi-api-1.2.jar:/home/user/.m2/repository/javax/el/javax.el-api/3.0.0/javax.el-api-3.0.0.jar:/home/user/.m2/repository/javax/interceptor/javax.interceptor-api/1.2/javax.interceptor-api-1.2.jar:/home/user/.m2/repository/javax/inject/javax.inject/1/javax.inject-1.jar:/home/user/.m2/repository/com/sun/xml/bind/jaxb-impl/2.3.0.1/jaxb-impl-2.3.0.1.jar:/home/user/.m2/repository/com/sun/xml/bind/jaxb-core/2.3.0.1/jaxb-core-2.3.0.1.jar:/home/user/.m2/repository/javax/xml/bind/jaxb-api/2.3.0/jaxb-api-2.3.0.jar:/home/user/.m2/repository/javax/activation/activation/1.1.1/activation-1.1.1.jar:/home/user/.m2/repository/org/apache/hadoop/hadoop-ozone-csi/0.5.0-SNAPSHOT/hadoop-ozone-csi-0.5.0-SNAPSHOT.jar:/home/user/.m2/repository/com/google/protobuf/protobuf-java-util/3.5.1/protobuf-java-util-3.5.1.jar:/home/user/.m2/repository/org/apache/hadoop/hadoop-hdds-config/0.5.0-SNAPSHOT/hadoop-hdds-config-0.5.0-SNAPSHOT.jar:/home/user/.m2/repository/io/grpc/grpc-netty/1.17.1/grpc-netty-1.17.1.jar:/home/user/.m2/repository/io/grpc/grpc-core/1.17.1/grpc-core-1.17.1.jar:/home/user/.m2/repository/io/grpc/grpc-context/1.17.1/grpc-context-1.17.1.jar:/home/user/.m2/repository/com/google/errorprone/error_prone_annotations/2.2.0/error_prone_annotations-2.2.0.jar:/home/user/.m2/repository/org/codehaus/mojo/animal-sniffer-annotations/1.17/animal-sniffer-annotations-1.17.jar:/home/user/.m2/repository/io/opencensus/opencensus-api/0.17.0/opencensus-api-0.17.0.jar:/home/user/.m2/repository/io/opencensus/opencensus-contrib-grpc-metrics/0.17.0/opencensus-contrib-grpc-metrics-0.17.0.jar:/home/user/.m2/repository/io/netty/netty-codec-http2/4.1.30.Final/netty-codec-http2-4.1.30.Final.jar:/home/user/.m2/repository/io/netty/netty-codec-http/4.1.30.Final/netty-codec-http-4.1.30.Final.jar:/home/user/.m2/repository/io/netty/netty-codec/4.1.30.Final/netty-codec-4.1.30.Final.jar:/home/user/.m2/repository/io/netty/netty-handler/4.1.30.Final/netty-handler-4.1.30.Final.jar:/home/user/.m2/repository/io/netty/netty-handler-proxy/4.1.30.Final/netty-handler-proxy-4.1.30.Final.jar:/home/user/.m2/repository/io/netty/netty-codec-socks/4.1.30.Final/netty-codec-socks-4.1.30.Final.jar:/home/user/.m2/repository/io/netty/netty-transport-native-epoll/4.1.30.Final/netty-transport-native-epoll-4.1.30.Final.jar:/home/user/.m2/repository/io/netty/netty-common/4.1.30.Final/netty-common-4.1.30.Final.jar:/home/user/.m2/repository/io/netty/netty-buffer/4.1.30.Final/netty-buffer-4.1.30.Final.jar:/home/user/.m2/repository/io/netty/netty-transport/4.1.30.Final/netty-transport-4.1.30.Final.jar:/home/user/.m2/repository/io/netty/netty-resolver/4.1.30.Final/netty-resolver-4.1.30.Final.jar:/home/user/.m2/repository/io/netty/netty-transport-native-unix-common/4.1.30.Final/netty-transport-native-unix-common-4.1.30.Final.jar:/home/user/.m2/repository/io/grpc/grpc-protobuf/1.17.1/grpc-protobuf-1.17.1.jar:/home/user/.m2/repository/com/google/api/grpc/proto-google-common-protos/1.0.0/proto-google-common-protos-1.0.0.jar:/home/user/.m2/repository/io/grpc/grpc-protobuf-lite/1.17.1/grpc-protobuf-lite-1.17.1.jar:/home/user/.m2/repository/io/grpc/grpc-stub/1.17.1/grpc-stub-1.17.1.jar:/home/user/.m2/repository/org/apache/hadoop/hadoop-ozone-recon/0.5.0-SNAPSHOT/hadoop-ozone-recon-0.5.0-SNAPSHOT.jar:/home/user/.m2/repository/org/apache/hadoop/hadoop-ozone-reconcodegen/0.5.0-SNAPSHOT/hadoop-ozone-reconcodegen-0.5.0-SNAPSHOT.jar:/home/user/.m2/repository/com/google/inject/extensions/guice-multibindings/4.0/guice-multibindings-4.0.jar:/home/user/.m2/repository/com/google/inject/guice/4.0/guice-4.0.jar:/home/user/.m2/repository/aopalliance/aopalliance/1.0/aopalliance-1.0.jar:/home/user/.m2/repository/com/google/inject/extensions/guice-servlet/4.0/guice-servlet-4.0.jar:/home/user/.m2/repository/org/glassfish/jersey/containers/jersey-container-servlet/2.27/jersey-container-servlet-2.27.jar:/home/user/.m2/repository/org/glassfish/hk2/guice-bridge/2.5.0/guice-bridge-2.5.0.jar:/home/user/.m2/repository/org/glassfish/jersey/core/jersey-server/2.27/jersey-server-2.27.jar:/home/user/.m2/repository/org/glassfish/jersey/core/jersey-client/2.27/jersey-client-2.27.jar:/home/user/.m2/repository/org/glassfish/jersey/media/jersey-media-jaxb/2.27/jersey-media-jaxb-2.27.jar:/home/user/.m2/repository/javax/validation/validation-api/1.1.0.Final/validation-api-1.1.0.Final.jar:/home/user/.m2/repository/org/glassfish/jersey/media/jersey-media-json-jackson/2.27/jersey-media-json-jackson-2.27.jar:/home/user/.m2/repository/org/glassfish/jersey/ext/jersey-entity-filtering/2.27/jersey-entity-filtering-2.27.jar:/home/user/.m2/repository/com/google/inject/extensions/guice-assistedinject/4.0/guice-assistedinject-4.0.jar:/home/user/.m2/repository/org/jooq/jooq/3.11.10/jooq-3.11.10.jar:/home/user/.m2/repository/org/jooq/jooq-meta/3.11.10/jooq-meta-3.11.10.jar:/home/user/.m2/repository/org/jooq/jooq-codegen/3.11.10/jooq-codegen-3.11.10.jar:/home/user/.m2/repository/com/jolbox/bonecp/0.8.0.RELEASE/bonecp-0.8.0.RELEASE.jar:/home/user/.m2/repository/org/xerial/sqlite-jdbc/3.25.2/sqlite-jdbc-3.25.2.jar:/home/user/.m2/repository/org/springframework/spring-jdbc/5.1.3.RELEASE/spring-jdbc-5.1.3.RELEASE.jar:/home/user/.m2/repository/org/springframework/spring-beans/5.1.3.RELEASE/spring-beans-5.1.3.RELEASE.jar:/home/user/.m2/repository/org/springframework/spring-core/5.1.3.RELEASE/spring-core-5.1.3.RELEASE.jar:/home/user/.m2/repository/org/springframework/spring-jcl/5.1.3.RELEASE/spring-jcl-5.1.3.RELEASE.jar:/home/user/.m2/repository/org/springframework/spring-tx/5.1.3.RELEASE/spring-tx-5.1.3.RELEASE.jar:/home/user/.m2/repository/org/apache/hadoop/hadoop-ozone-client/0.5.0-SNAPSHOT/hadoop-ozone-client-0.5.0-SNAPSHOT.jar:/home/user/.m2/repository/commons-lang/commons-lang/2.6/commons-lang-2.6.jar:/home/user/.m2/repository/org/apache/hadoop/hadoop-ozone-ozone-manager/0.5.0-SNAPSHOT/hadoop-ozone-ozone-manager-0.5.0-SNAPSHOT-tests.jar:/home/user/.m2/repository/junit/junit/4.11/junit-4.11.jar:/home/user/.m2/repository/org/hamcrest/hamcrest-core/1.3/hamcrest-core-1.3.jar:/home/user/.m2/repository/org/openjdk/jmh/jmh-core/1.19/jmh-core-1.19.jar:/home/user/.m2/repository/net/sf/jopt-simple/jopt-simple/4.6/jopt-simple-4.6.jar:/home/user/.m2/repository/org/apache/commons/commons-math3/3.1.1/commons-math3-3.1.1.jar:/home/user/.m2/repository/org/openjdk/jmh/jmh-generator-annprocess/1.19/jmh-generator-annprocess-1.19.jar:/home/user/.m2/repository/org/mockito/mockito-all/1.8.5/mockito-all-1.8.5.jar:/home/user/.m2/repository/org/apache/hadoop/hadoop-kms/3.2.0/hadoop-kms-3.2.0.jar:/home/user/.m2/repository/org/apache/hadoop/hadoop-auth/3.2.0/hadoop-auth-3.2.0.jar:/home/user/.m2/repository/com/nimbusds/nimbus-jose-jwt/4.41.1/nimbus-jose-jwt-4.41.1.jar:/home/user/.m2/repository/com/github/stephenc/jcip/jcip-annotations/1.0-1/jcip-annotations-1.0-1.jar:/home/user/.m2/repository/net/minidev/json-smart/2.3/json-smart-2.3.jar:/home/user/.m2/repository/net/minidev/accessors-smart/1.2/accessors-smart-1.2.jar:/home/user/.m2/repository/org/ow2/asm/asm/5.0.4/asm-5.0.4.jar:/home/user/.m2/repository/org/apache/curator/curator-framework/2.12.0/curator-framework-2.12.0.jar:/home/user/.m2/repository/com/sun/jersey/jersey-core/1.19/jersey-core-1.19.jar:/home/user/.m2/repository/javax/ws/rs/jsr311-api/1.1.1/jsr311-api-1.1.1.jar:/home/user/.m2/repository/com/sun/jersey/jersey-server/1.19/jersey-server-1.19.jar:/home/user/.m2/repository/javax/servlet/javax.servlet-api/3.1.0/javax.servlet-api-3.1.0.jar:/home/user/.m2/repository/org/eclipse/jetty/jetty-server/9.3.25.v20180904/jetty-server-9.3.25.v20180904.jar:/home/user/.m2/repository/org/eclipse/jetty/jetty-http/9.3.25.v20180904/jetty-http-9.3.25.v20180904.jar:/home/user/.m2/repository/org/eclipse/jetty/jetty-io/9.3.25.v20180904/jetty-io-9.3.25.v20180904.jar:/home/user/.m2/repository/org/eclipse/jetty/jetty-webapp/9.3.25.v20180904/jetty-webapp-9.3.25.v20180904.jar:/home/user/.m2/repository/org/eclipse/jetty/jetty-xml/9.3.25.v20180904/jetty-xml-9.3.25.v20180904.jar:/home/user/.m2/repository/log4j/log4j/1.2.17/log4j-1.2.17.jar:/home/user/.m2/repository/org/slf4j/slf4j-api/1.7.25/slf4j-api-1.7.25.jar:/home/user/.m2/repository/org/slf4j/jul-to-slf4j/1.7.25/jul-to-slf4j-1.7.25.jar:/home/user/.m2/repository/org/eclipse/jetty/jetty-util/9.3.25.v20180904/jetty-util-9.3.25.v20180904.jar:/home/user/.m2/repository/com/fasterxml/jackson/core/jackson-databind/2.9.9/jackson-databind-2.9.9.jar:/home/user/.m2/repository/org/apache/hadoop/hadoop-kms/3.2.0/hadoop-kms-3.2.0-tests.jar:/home/user/.m2/repository/org/apache/hadoop/hadoop-hdds-server-scm/0.5.0-SNAPSHOT/hadoop-hdds-server-scm-0.5.0-SNAPSHOT-tests.jar:/home/user/.m2/repository/org/apache/hadoop/hadoop-hdds-container-service/0.5.0-SNAPSHOT/hadoop-hdds-container-service-0.5.0-SNAPSHOT-tests.jar:/home/user/.m2/repository/org/yaml/snakeyaml/1.16/snakeyaml-1.16.jar:/home/user/.m2/repository/org/apache/hadoop/hadoop-common/3.2.0/hadoop-common-3.2.0-tests.jar:/home/user/.m2/repository/org/apache/hadoop/hadoop-annotations/3.2.0/hadoop-annotations-3.2.0.jar:/usr/lib/jvm/java-1.8.0-openjdk-1.8.0.222.b10-1.el7_7.x86_64/jre/../lib/tools.jar:/home/user/.m2/repository/commons-cli/commons-cli/1.2/commons-cli-1.2.jar:/home/user/.m2/repository/org/apache/httpcomponents/httpclient/4.5.2/httpclient-4.5.2.jar:/home/user/.m2/repository/org/apache/httpcomponents/httpcore/4.4.4/httpcore-4.4.4.jar:/home/user/.m2/repository/commons-codec/commons-codec/1.11/commons-codec-1.11.jar:/home/user/.m2/repository/commons-net/commons-net/3.6/commons-net-3.6.jar:/home/user/.m2/repository/commons-collections/commons-collections/3.2.2/commons-collections-3.2.2.jar:/home/user/.m2/repository/org/eclipse/jetty/jetty-servlet/9.3.25.v20180904/jetty-servlet-9.3.25.v20180904.jar:/home/user/.m2/repository/org/eclipse/jetty/jetty-security/9.3.25.v20180904/jetty-security-9.3.25.v20180904.jar:/home/user/.m2/repository/javax/servlet/jsp/jsp-api/2.1/jsp-api-2.1.jar:/home/user/.m2/repository/com/sun/jersey/jersey-servlet/1.19/jersey-servlet-1.19.jar:/home/user/.m2/repository/com/sun/jersey/jersey-json/1.19/jersey-json-1.19.jar:/home/user/.m2/repository/org/codehaus/jettison/jettison/1.1/jettison-1.1.jar:/home/user/.m2/repository/org/codehaus/jackson/jackson-core-asl/1.9.13/jackson-core-asl-1.9.13.jar:/home/user/.m2/repository/org/codehaus/jackson/jackson-mapper-asl/1.9.13/jackson-mapper-asl-1.9.13.jar:/home/user/.m2/repository/org/codehaus/jackson/jackson-jaxrs/1.9.13/jackson-jaxrs-1.9.13.jar:/home/user/.m2/repository/org/codehaus/jackson/jackson-xc/1.9.13/jackson-xc-1.9.13.jar:/home/user/.m2/repository/commons-logging/commons-logging/1.1.3/commons-logging-1.1.3.jar:/home/user/.m2/repository/commons-beanutils/commons-beanutils/1.9.4/commons-beanutils-1.9.4.jar:/home/user/.m2/repository/org/apache/commons/commons-configuration2/2.1.1/commons-configuration2-2.1.1.jar:/home/user/.m2/repository/org/apache/commons/commons-lang3/3.7/commons-lang3-3.7.jar:/home/user/.m2/repository/org/apache/commons/commons-text/1.4/commons-text-1.4.jar:/home/user/.m2/repository/org/apache/avro/avro/1.7.7/avro-1.7.7.jar:/home/user/.m2/repository/com/thoughtworks/paranamer/paranamer/2.3/paranamer-2.3.jar:/home/user/.m2/repository/org/xerial/snappy/snappy-java/1.0.5/snappy-java-1.0.5.jar:/home/user/.m2/repository/com/google/re2j/re2j/1.1/re2j-1.1.jar:/home/user/.m2/repository/com/google/code/gson/gson/2.2.4/gson-2.2.4.jar:/home/user/.m2/repository/com/jcraft/jsch/0.1.54/jsch-0.1.54.jar:/home/user/.m2/repository/org/apache/curator/curator-client/2.12.0/curator-client-2.12.0.jar:/home/user/.m2/repository/org/apache/curator/curator-recipes/2.12.0/curator-recipes-2.12.0.jar:/home/user/.m2/repository/com/google/code/findbugs/jsr305/3.0.0/jsr305-3.0.0.jar:/home/user/.m2/repository/org/apache/htrace/htrace-core4/4.1.0-incubating/htrace-core4-4.1.0-incubating.jar:/home/user/.m2/repository/org/apache/zookeeper/zookeeper/3.4.13/zookeeper-3.4.13.jar:/home/user/.m2/repository/jline/jline/0.9.94/jline-0.9.94.jar:/home/user/.m2/repository/org/apache/yetus/audience-annotations/0.5.0/audience-annotations-0.5.0.jar:/home/user/.m2/repository/org/codehaus/woodstox/stax2-api/3.1.4/stax2-api-3.1.4.jar:/home/user/.m2/repository/com/fasterxml/woodstox/woodstox-core/5.0.3/woodstox-core-5.0.3.jar:/home/user/.m2/repository/dnsjava/dnsjava/2.1.7/dnsjava-2.1.7.jar:/home/user/.m2/repository/org/apache/hadoop/hadoop-hdfs/3.2.0/hadoop-hdfs-3.2.0-tests.jar:/home/user/.m2/repository/org/eclipse/jetty/jetty-util-ajax/9.3.25.v20180904/jetty-util-ajax-9.3.25.v20180904.jar:/home/user/.m2/repository/commons-daemon/commons-daemon/1.0.13/commons-daemon-1.0.13.jar:/home/user/.m2/repository/io/netty/netty/3.10.5.Final/netty-3.10.5.Final.jar:/home/user/.m2/repository/io/netty/netty-all/4.0.52.Final/netty-all-4.0.52.Final.jar:/home/user/.m2/repository/org/fusesource/leveldbjni/leveldbjni-all/1.8/leveldbjni-all-1.8.jar:"/>
    <property name="java.vm.vendor" value="Oracle Corporation"/>
    <property name="sun.arch.data.model" value="64"/>
    <property name="test.build.dir" value="/workdir/hadoop-ozone/integration-test/target/test-dir"/>
    <property name="test.cache.data" value=""/>
    <property name="java.vendor.url" value="http://java.oracle.com/"/>
    <property name="user.timezone" value=""/>
    <property name="java.vm.specification.version" value="1.8"/>
    <property name="os.name" value="Linux"/>
    <property name="test.build.data" value="/workdir/hadoop-ozone/integration-test/target/test-dir"/>
    <property name="user.country" value="US"/>
    <property name="sun.java.launcher" value="SUN_STANDARD"/>
    <property name="sun.boot.library.path" value="/usr/lib/jvm/java-1.8.0-openjdk-1.8.0.222.b10-1.el7_7.x86_64/jre/lib/amd64"/>
    <property name="sun.java.command" value="/workdir/hadoop-ozone/integration-test/target/surefire/surefirebooter1712347459092951529.jar /workdir/hadoop-ozone/integration-test/target/surefire 2019-11-13T12-19-57_348-jvmRun1 surefire3558302053874115841tmp surefire_388566323917250417387tmp"/>
    <property name="surefire.test.class.path" value="/workdir/hadoop-ozone/integration-test/target/test-classes:/workdir/hadoop-ozone/integration-test/target/classes:/home/user/.m2/repository/org/apache/hadoop/hadoop-ozone-common/0.5.0-SNAPSHOT/hadoop-ozone-common-0.5.0-SNAPSHOT.jar:/home/user/.m2/repository/org/apache/commons/commons-compress/1.4.1/commons-compress-1.4.1.jar:/home/user/.m2/repository/org/tukaani/xz/1.0/xz-1.0.jar:/home/user/.m2/repository/org/apache/hadoop/hadoop-common/3.2.0/hadoop-common-3.2.0.jar:/home/user/.m2/repository/org/apache/hadoop/hadoop-hdfs/3.2.0/hadoop-hdfs-3.2.0.jar:/home/user/.m2/repository/org/apache/hadoop/hadoop-hdfs-client/3.2.0/hadoop-hdfs-client-3.2.0.jar:/home/user/.m2/repository/com/fasterxml/jackson/core/jackson-annotations/2.9.9/jackson-annotations-2.9.9.jar:/home/user/.m2/repository/org/apache/hadoop/hadoop-hdds-common/0.5.0-SNAPSHOT/hadoop-hdds-common-0.5.0-SNAPSHOT.jar:/home/user/.m2/repository/javax/annotation/javax.annotation-api/1.2/javax.annotation-api-1.2.jar:/home/user/.m2/repository/org/apache/ratis/ratis-server/0.5.0-d6d58d0-SNAPSHOT/ratis-server-0.5.0-d6d58d0-SNAPSHOT.jar:/home/user/.m2/repository/org/apache/ratis/ratis-thirdparty-misc/0.2.0/ratis-thirdparty-misc-0.2.0.jar:/home/user/.m2/repository/org/apache/ratis/ratis-proto/0.5.0-d6d58d0-SNAPSHOT/ratis-proto-0.5.0-d6d58d0-SNAPSHOT.jar:/home/user/.m2/repository/org/apache/ratis/ratis-common/0.5.0-d6d58d0-SNAPSHOT/ratis-common-0.5.0-d6d58d0-SNAPSHOT.jar:/home/user/.m2/repository/org/apache/ratis/ratis-client/0.5.0-d6d58d0-SNAPSHOT/ratis-client-0.5.0-d6d58d0-SNAPSHOT.jar:/home/user/.m2/repository/org/apache/ratis/ratis-metrics/0.5.0-d6d58d0-SNAPSHOT/ratis-metrics-0.5.0-d6d58d0-SNAPSHOT.jar:/home/user/.m2/repository/org/apache/ratis/ratis-netty/0.5.0-d6d58d0-SNAPSHOT/ratis-netty-0.5.0-d6d58d0-SNAPSHOT.jar:/home/user/.m2/repository/org/apache/ratis/ratis-grpc/0.5.0-d6d58d0-SNAPSHOT/ratis-grpc-0.5.0-d6d58d0-SNAPSHOT.jar:/home/user/.m2/repository/org/rocksdb/rocksdbjni/6.0.1/rocksdbjni-6.0.1.jar:/home/user/.m2/repository/org/apache/logging/log4j/log4j-api/2.11.0/log4j-api-2.11.0.jar:/home/user/.m2/repository/org/apache/logging/log4j/log4j-core/2.11.0/log4j-core-2.11.0.jar:/home/user/.m2/repository/com/lmax/disruptor/3.4.2/disruptor-3.4.2.jar:/home/user/.m2/repository/org/apache/commons/commons-pool2/2.6.0/commons-pool2-2.6.0.jar:/home/user/.m2/repository/org/bouncycastle/bcpkix-jdk15on/1.60/bcpkix-jdk15on-1.60.jar:/home/user/.m2/repository/commons-validator/commons-validator/1.6/commons-validator-1.6.jar:/home/user/.m2/repository/commons-digester/commons-digester/1.8.1/commons-digester-1.8.1.jar:/home/user/.m2/repository/io/jaegertracing/jaeger-client/0.34.0/jaeger-client-0.34.0.jar:/home/user/.m2/repository/io/jaegertracing/jaeger-thrift/0.34.0/jaeger-thrift-0.34.0.jar:/home/user/.m2/repository/org/apache/thrift/libthrift/0.12.0/libthrift-0.12.0.jar:/home/user/.m2/repository/com/squareup/okhttp3/okhttp/3.9.0/okhttp-3.9.0.jar:/home/user/.m2/repository/com/squareup/okio/okio/1.13.0/okio-1.13.0.jar:/home/user/.m2/repository/io/jaegertracing/jaeger-core/0.34.0/jaeger-core-0.34.0.jar:/home/user/.m2/repository/io/jaegertracing/jaeger-tracerresolver/0.34.0/jaeger-tracerresolver-0.34.0.jar:/home/user/.m2/repository/io/opentracing/contrib/opentracing-tracerresolver/0.1.5/opentracing-tracerresolver-0.1.5.jar:/home/user/.m2/repository/io/opentracing/opentracing-util/0.31.0/opentracing-util-0.31.0.jar:/home/user/.m2/repository/io/opentracing/opentracing-api/0.31.0/opentracing-api-0.31.0.jar:/home/user/.m2/repository/io/opentracing/opentracing-noop/0.31.0/opentracing-noop-0.31.0.jar:/home/user/.m2/repository/org/apache/hadoop/hadoop-hdds-server-framework/0.5.0-SNAPSHOT/hadoop-hdds-server-framework-0.5.0-SNAPSHOT.jar:/home/user/.m2/repository/org/apache/hadoop/hadoop-hdds-container-service/0.5.0-SNAPSHOT/hadoop-hdds-container-service-0.5.0-SNAPSHOT.jar:/home/user/.m2/repository/org/apache/hadoop/hadoop-hdds-client/0.5.0-SNAPSHOT/hadoop-hdds-client-0.5.0-SNAPSHOT.jar:/home/user/.m2/repository/org/apache/hadoop/hadoop-hdds-tools/0.5.0-SNAPSHOT/hadoop-hdds-tools-0.5.0-SNAPSHOT.jar:/home/user/.m2/repository/org/apache/hadoop/hadoop-hdds-server-scm/0.5.0-SNAPSHOT/hadoop-hdds-server-scm-0.5.0-SNAPSHOT.jar:/home/user/.m2/repository/org/apache/hadoop/hadoop-hdds-docs/0.5.0-SNAPSHOT/hadoop-hdds-docs-0.5.0-SNAPSHOT.jar:/home/user/.m2/repository/io/dropwizard/metrics/metrics-core/3.2.4/metrics-core-3.2.4.jar:/home/user/.m2/repository/org/hamcrest/hamcrest-all/1.3/hamcrest-all-1.3.jar:/home/user/.m2/repository/org/bouncycastle/bcprov-jdk15on/1.60/bcprov-jdk15on-1.60.jar:/home/user/.m2/repository/info/picocli/picocli/3.9.6/picocli-3.9.6.jar:/home/user/.m2/repository/com/google/protobuf/protobuf-java/2.5.0/protobuf-java-2.5.0.jar:/home/user/.m2/repository/com/google/guava/guava/11.0.2/guava-11.0.2.jar:/home/user/.m2/repository/org/apache/hadoop/hadoop-ozone-ozone-manager/0.5.0-SNAPSHOT/hadoop-ozone-ozone-manager-0.5.0-SNAPSHOT.jar:/home/user/.m2/repository/org/apache/hadoop/hadoop-minikdc/3.2.0/hadoop-minikdc-3.2.0.jar:/home/user/.m2/repository/commons-io/commons-io/2.5/commons-io-2.5.jar:/home/user/.m2/repository/org/apache/kerby/kerb-simplekdc/1.0.1/kerb-simplekdc-1.0.1.jar:/home/user/.m2/repository/org/apache/kerby/kerb-client/1.0.1/kerb-client-1.0.1.jar:/home/user/.m2/repository/org/apache/kerby/kerby-config/1.0.1/kerby-config-1.0.1.jar:/home/user/.m2/repository/org/apache/kerby/kerb-core/1.0.1/kerb-core-1.0.1.jar:/home/user/.m2/repository/org/apache/kerby/kerby-pkix/1.0.1/kerby-pkix-1.0.1.jar:/home/user/.m2/repository/org/apache/kerby/kerby-asn1/1.0.1/kerby-asn1-1.0.1.jar:/home/user/.m2/repository/org/apache/kerby/kerby-util/1.0.1/kerby-util-1.0.1.jar:/home/user/.m2/repository/org/apache/kerby/kerb-common/1.0.1/kerb-common-1.0.1.jar:/home/user/.m2/repository/org/apache/kerby/kerb-crypto/1.0.1/kerb-crypto-1.0.1.jar:/home/user/.m2/repository/org/apache/kerby/kerb-util/1.0.1/kerb-util-1.0.1.jar:/home/user/.m2/repository/org/apache/kerby/token-provider/1.0.1/token-provider-1.0.1.jar:/home/user/.m2/repository/org/apache/kerby/kerb-admin/1.0.1/kerb-admin-1.0.1.jar:/home/user/.m2/repository/org/apache/kerby/kerb-server/1.0.1/kerb-server-1.0.1.jar:/home/user/.m2/repository/org/apache/kerby/kerb-identity/1.0.1/kerb-identity-1.0.1.jar:/home/user/.m2/repository/org/apache/kerby/kerby-xdr/1.0.1/kerby-xdr-1.0.1.jar:/home/user/.m2/repository/org/slf4j/slf4j-log4j12/1.7.25/slf4j-log4j12-1.7.25.jar:/home/user/.m2/repository/org/apache/hadoop/hadoop-ozone-s3gateway/0.5.0-SNAPSHOT/hadoop-ozone-s3gateway-0.5.0-SNAPSHOT.jar:/home/user/.m2/repository/org/jboss/weld/servlet/weld-servlet/2.4.7.Final/weld-servlet-2.4.7.Final.jar:/home/user/.m2/repository/org/glassfish/jersey/containers/jersey-container-servlet-core/2.27/jersey-container-servlet-core-2.27.jar:/home/user/.m2/repository/org/glassfish/hk2/external/javax.inject/2.5.0-b42/javax.inject-2.5.0-b42.jar:/home/user/.m2/repository/org/glassfish/jersey/core/jersey-common/2.27/jersey-common-2.27.jar:/home/user/.m2/repository/org/glassfish/hk2/osgi-resource-locator/1.0.1/osgi-resource-locator-1.0.1.jar:/home/user/.m2/repository/javax/ws/rs/javax.ws.rs-api/2.1/javax.ws.rs-api-2.1.jar:/home/user/.m2/repository/org/glassfish/jersey/ext/cdi/jersey-cdi1x/2.27/jersey-cdi1x-2.27.jar:/home/user/.m2/repository/org/glassfish/jersey/inject/jersey-hk2/2.27/jersey-hk2-2.27.jar:/home/user/.m2/repository/org/glassfish/hk2/hk2-locator/2.5.0-b42/hk2-locator-2.5.0-b42.jar:/home/user/.m2/repository/org/javassist/javassist/3.22.0-CR2/javassist-3.22.0-CR2.jar:/home/user/.m2/repository/org/glassfish/hk2/hk2-api/2.5.0/hk2-api-2.5.0.jar:/home/user/.m2/repository/org/glassfish/hk2/external/jakarta.inject/2.5.0/jakarta.inject-2.5.0.jar:/home/user/.m2/repository/org/glassfish/hk2/hk2-utils/2.5.0/hk2-utils-2.5.0.jar:/home/user/.m2/repository/jakarta/annotation/jakarta.annotation-api/1.3.4/jakarta.annotation-api-1.3.4.jar:/home/user/.m2/repository/org/glassfish/hk2/external/aopalliance-repackaged/2.5.0/aopalliance-repackaged-2.5.0.jar:/home/user/.m2/repository/com/fasterxml/jackson/dataformat/jackson-dataformat-xml/2.9.0/jackson-dataformat-xml-2.9.0.jar:/home/user/.m2/repository/com/fasterxml/jackson/core/jackson-core/2.9.9/jackson-core-2.9.9.jar:/home/user/.m2/repository/com/fasterxml/jackson/module/jackson-module-jaxb-annotations/2.9.9/jackson-module-jaxb-annotations-2.9.9.jar:/home/user/.m2/repository/javax/enterprise/cdi-api/1.2/cdi-api-1.2.jar:/home/user/.m2/repository/javax/el/javax.el-api/3.0.0/javax.el-api-3.0.0.jar:/home/user/.m2/repository/javax/interceptor/javax.interceptor-api/1.2/javax.interceptor-api-1.2.jar:/home/user/.m2/repository/javax/inject/javax.inject/1/javax.inject-1.jar:/home/user/.m2/repository/com/sun/xml/bind/jaxb-impl/2.3.0.1/jaxb-impl-2.3.0.1.jar:/home/user/.m2/repository/com/sun/xml/bind/jaxb-core/2.3.0.1/jaxb-core-2.3.0.1.jar:/home/user/.m2/repository/javax/xml/bind/jaxb-api/2.3.0/jaxb-api-2.3.0.jar:/home/user/.m2/repository/javax/activation/activation/1.1.1/activation-1.1.1.jar:/home/user/.m2/repository/org/apache/hadoop/hadoop-ozone-csi/0.5.0-SNAPSHOT/hadoop-ozone-csi-0.5.0-SNAPSHOT.jar:/home/user/.m2/repository/com/google/protobuf/protobuf-java-util/3.5.1/protobuf-java-util-3.5.1.jar:/home/user/.m2/repository/org/apache/hadoop/hadoop-hdds-config/0.5.0-SNAPSHOT/hadoop-hdds-config-0.5.0-SNAPSHOT.jar:/home/user/.m2/repository/io/grpc/grpc-netty/1.17.1/grpc-netty-1.17.1.jar:/home/user/.m2/repository/io/grpc/grpc-core/1.17.1/grpc-core-1.17.1.jar:/home/user/.m2/repository/io/grpc/grpc-context/1.17.1/grpc-context-1.17.1.jar:/home/user/.m2/repository/com/google/errorprone/error_prone_annotations/2.2.0/error_prone_annotations-2.2.0.jar:/home/user/.m2/repository/org/codehaus/mojo/animal-sniffer-annotations/1.17/animal-sniffer-annotations-1.17.jar:/home/user/.m2/repository/io/opencensus/opencensus-api/0.17.0/opencensus-api-0.17.0.jar:/home/user/.m2/repository/io/opencensus/opencensus-contrib-grpc-metrics/0.17.0/opencensus-contrib-grpc-metrics-0.17.0.jar:/home/user/.m2/repository/io/netty/netty-codec-http2/4.1.30.Final/netty-codec-http2-4.1.30.Final.jar:/home/user/.m2/repository/io/netty/netty-codec-http/4.1.30.Final/netty-codec-http-4.1.30.Final.jar:/home/user/.m2/repository/io/netty/netty-codec/4.1.30.Final/netty-codec-4.1.30.Final.jar:/home/user/.m2/repository/io/netty/netty-handler/4.1.30.Final/netty-handler-4.1.30.Final.jar:/home/user/.m2/repository/io/netty/netty-handler-proxy/4.1.30.Final/netty-handler-proxy-4.1.30.Final.jar:/home/user/.m2/repository/io/netty/netty-codec-socks/4.1.30.Final/netty-codec-socks-4.1.30.Final.jar:/home/user/.m2/repository/io/netty/netty-transport-native-epoll/4.1.30.Final/netty-transport-native-epoll-4.1.30.Final.jar:/home/user/.m2/repository/io/netty/netty-common/4.1.30.Final/netty-common-4.1.30.Final.jar:/home/user/.m2/repository/io/netty/netty-buffer/4.1.30.Final/netty-buffer-4.1.30.Final.jar:/home/user/.m2/repository/io/netty/netty-transport/4.1.30.Final/netty-transport-4.1.30.Final.jar:/home/user/.m2/repository/io/netty/netty-resolver/4.1.30.Final/netty-resolver-4.1.30.Final.jar:/home/user/.m2/repository/io/netty/netty-transport-native-unix-common/4.1.30.Final/netty-transport-native-unix-common-4.1.30.Final.jar:/home/user/.m2/repository/io/grpc/grpc-protobuf/1.17.1/grpc-protobuf-1.17.1.jar:/home/user/.m2/repository/com/google/api/grpc/proto-google-common-protos/1.0.0/proto-google-common-protos-1.0.0.jar:/home/user/.m2/repository/io/grpc/grpc-protobuf-lite/1.17.1/grpc-protobuf-lite-1.17.1.jar:/home/user/.m2/repository/io/grpc/grpc-stub/1.17.1/grpc-stub-1.17.1.jar:/home/user/.m2/repository/org/apache/hadoop/hadoop-ozone-recon/0.5.0-SNAPSHOT/hadoop-ozone-recon-0.5.0-SNAPSHOT.jar:/home/user/.m2/repository/org/apache/hadoop/hadoop-ozone-reconcodegen/0.5.0-SNAPSHOT/hadoop-ozone-reconcodegen-0.5.0-SNAPSHOT.jar:/home/user/.m2/repository/com/google/inject/extensions/guice-multibindings/4.0/guice-multibindings-4.0.jar:/home/user/.m2/repository/com/google/inject/guice/4.0/guice-4.0.jar:/home/user/.m2/repository/aopalliance/aopalliance/1.0/aopalliance-1.0.jar:/home/user/.m2/repository/com/google/inject/extensions/guice-servlet/4.0/guice-servlet-4.0.jar:/home/user/.m2/repository/org/glassfish/jersey/containers/jersey-container-servlet/2.27/jersey-container-servlet-2.27.jar:/home/user/.m2/repository/org/glassfish/hk2/guice-bridge/2.5.0/guice-bridge-2.5.0.jar:/home/user/.m2/repository/org/glassfish/jersey/core/jersey-server/2.27/jersey-server-2.27.jar:/home/user/.m2/repository/org/glassfish/jersey/core/jersey-client/2.27/jersey-client-2.27.jar:/home/user/.m2/repository/org/glassfish/jersey/media/jersey-media-jaxb/2.27/jersey-media-jaxb-2.27.jar:/home/user/.m2/repository/javax/validation/validation-api/1.1.0.Final/validation-api-1.1.0.Final.jar:/home/user/.m2/repository/org/glassfish/jersey/media/jersey-media-json-jackson/2.27/jersey-media-json-jackson-2.27.jar:/home/user/.m2/repository/org/glassfish/jersey/ext/jersey-entity-filtering/2.27/jersey-entity-filtering-2.27.jar:/home/user/.m2/repository/com/google/inject/extensions/guice-assistedinject/4.0/guice-assistedinject-4.0.jar:/home/user/.m2/repository/org/jooq/jooq/3.11.10/jooq-3.11.10.jar:/home/user/.m2/repository/org/jooq/jooq-meta/3.11.10/jooq-meta-3.11.10.jar:/home/user/.m2/repository/org/jooq/jooq-codegen/3.11.10/jooq-codegen-3.11.10.jar:/home/user/.m2/repository/com/jolbox/bonecp/0.8.0.RELEASE/bonecp-0.8.0.RELEASE.jar:/home/user/.m2/repository/org/xerial/sqlite-jdbc/3.25.2/sqlite-jdbc-3.25.2.jar:/home/user/.m2/repository/org/springframework/spring-jdbc/5.1.3.RELEASE/spring-jdbc-5.1.3.RELEASE.jar:/home/user/.m2/repository/org/springframework/spring-beans/5.1.3.RELEASE/spring-beans-5.1.3.RELEASE.jar:/home/user/.m2/repository/org/springframework/spring-core/5.1.3.RELEASE/spring-core-5.1.3.RELEASE.jar:/home/user/.m2/repository/org/springframework/spring-jcl/5.1.3.RELEASE/spring-jcl-5.1.3.RELEASE.jar:/home/user/.m2/repository/org/springframework/spring-tx/5.1.3.RELEASE/spring-tx-5.1.3.RELEASE.jar:/home/user/.m2/repository/org/apache/hadoop/hadoop-ozone-client/0.5.0-SNAPSHOT/hadoop-ozone-client-0.5.0-SNAPSHOT.jar:/home/user/.m2/repository/commons-lang/commons-lang/2.6/commons-lang-2.6.jar:/home/user/.m2/repository/org/apache/hadoop/hadoop-ozone-ozone-manager/0.5.0-SNAPSHOT/hadoop-ozone-ozone-manager-0.5.0-SNAPSHOT-tests.jar:/home/user/.m2/repository/junit/junit/4.11/junit-4.11.jar:/home/user/.m2/repository/org/hamcrest/hamcrest-core/1.3/hamcrest-core-1.3.jar:/home/user/.m2/repository/org/openjdk/jmh/jmh-core/1.19/jmh-core-1.19.jar:/home/user/.m2/repository/net/sf/jopt-simple/jopt-simple/4.6/jopt-simple-4.6.jar:/home/user/.m2/repository/org/apache/commons/commons-math3/3.1.1/commons-math3-3.1.1.jar:/home/user/.m2/repository/org/openjdk/jmh/jmh-generator-annprocess/1.19/jmh-generator-annprocess-1.19.jar:/home/user/.m2/repository/org/mockito/mockito-all/1.8.5/mockito-all-1.8.5.jar:/home/user/.m2/repository/org/apache/hadoop/hadoop-kms/3.2.0/hadoop-kms-3.2.0.jar:/home/user/.m2/repository/org/apache/hadoop/hadoop-auth/3.2.0/hadoop-auth-3.2.0.jar:/home/user/.m2/repository/com/nimbusds/nimbus-jose-jwt/4.41.1/nimbus-jose-jwt-4.41.1.jar:/home/user/.m2/repository/com/github/stephenc/jcip/jcip-annotations/1.0-1/jcip-annotations-1.0-1.jar:/home/user/.m2/repository/net/minidev/json-smart/2.3/json-smart-2.3.jar:/home/user/.m2/repository/net/minidev/accessors-smart/1.2/accessors-smart-1.2.jar:/home/user/.m2/repository/org/ow2/asm/asm/5.0.4/asm-5.0.4.jar:/home/user/.m2/repository/org/apache/curator/curator-framework/2.12.0/curator-framework-2.12.0.jar:/home/user/.m2/repository/com/sun/jersey/jersey-core/1.19/jersey-core-1.19.jar:/home/user/.m2/repository/javax/ws/rs/jsr311-api/1.1.1/jsr311-api-1.1.1.jar:/home/user/.m2/repository/com/sun/jersey/jersey-server/1.19/jersey-server-1.19.jar:/home/user/.m2/repository/javax/servlet/javax.servlet-api/3.1.0/javax.servlet-api-3.1.0.jar:/home/user/.m2/repository/org/eclipse/jetty/jetty-server/9.3.25.v20180904/jetty-server-9.3.25.v20180904.jar:/home/user/.m2/repository/org/eclipse/jetty/jetty-http/9.3.25.v20180904/jetty-http-9.3.25.v20180904.jar:/home/user/.m2/repository/org/eclipse/jetty/jetty-io/9.3.25.v20180904/jetty-io-9.3.25.v20180904.jar:/home/user/.m2/repository/org/eclipse/jetty/jetty-webapp/9.3.25.v20180904/jetty-webapp-9.3.25.v20180904.jar:/home/user/.m2/repository/org/eclipse/jetty/jetty-xml/9.3.25.v20180904/jetty-xml-9.3.25.v20180904.jar:/home/user/.m2/repository/log4j/log4j/1.2.17/log4j-1.2.17.jar:/home/user/.m2/repository/org/slf4j/slf4j-api/1.7.25/slf4j-api-1.7.25.jar:/home/user/.m2/repository/org/slf4j/jul-to-slf4j/1.7.25/jul-to-slf4j-1.7.25.jar:/home/user/.m2/repository/org/eclipse/jetty/jetty-util/9.3.25.v20180904/jetty-util-9.3.25.v20180904.jar:/home/user/.m2/repository/com/fasterxml/jackson/core/jackson-databind/2.9.9/jackson-databind-2.9.9.jar:/home/user/.m2/repository/org/apache/hadoop/hadoop-kms/3.2.0/hadoop-kms-3.2.0-tests.jar:/home/user/.m2/repository/org/apache/hadoop/hadoop-hdds-server-scm/0.5.0-SNAPSHOT/hadoop-hdds-server-scm-0.5.0-SNAPSHOT-tests.jar:/home/user/.m2/repository/org/apache/hadoop/hadoop-hdds-container-service/0.5.0-SNAPSHOT/hadoop-hdds-container-service-0.5.0-SNAPSHOT-tests.jar:/home/user/.m2/repository/org/yaml/snakeyaml/1.16/snakeyaml-1.16.jar:/home/user/.m2/repository/org/apache/hadoop/hadoop-common/3.2.0/hadoop-common-3.2.0-tests.jar:/home/user/.m2/repository/org/apache/hadoop/hadoop-annotations/3.2.0/hadoop-annotations-3.2.0.jar:/usr/lib/jvm/java-1.8.0-openjdk-1.8.0.222.b10-1.el7_7.x86_64/jre/../lib/tools.jar:/home/user/.m2/repository/commons-cli/commons-cli/1.2/commons-cli-1.2.jar:/home/user/.m2/repository/org/apache/httpcomponents/httpclient/4.5.2/httpclient-4.5.2.jar:/home/user/.m2/repository/org/apache/httpcomponents/httpcore/4.4.4/httpcore-4.4.4.jar:/home/user/.m2/repository/commons-codec/commons-codec/1.11/commons-codec-1.11.jar:/home/user/.m2/repository/commons-net/commons-net/3.6/commons-net-3.6.jar:/home/user/.m2/repository/commons-collections/commons-collections/3.2.2/commons-collections-3.2.2.jar:/home/user/.m2/repository/org/eclipse/jetty/jetty-servlet/9.3.25.v20180904/jetty-servlet-9.3.25.v20180904.jar:/home/user/.m2/repository/org/eclipse/jetty/jetty-security/9.3.25.v20180904/jetty-security-9.3.25.v20180904.jar:/home/user/.m2/repository/javax/servlet/jsp/jsp-api/2.1/jsp-api-2.1.jar:/home/user/.m2/repository/com/sun/jersey/jersey-servlet/1.19/jersey-servlet-1.19.jar:/home/user/.m2/repository/com/sun/jersey/jersey-json/1.19/jersey-json-1.19.jar:/home/user/.m2/repository/org/codehaus/jettison/jettison/1.1/jettison-1.1.jar:/home/user/.m2/repository/org/codehaus/jackson/jackson-core-asl/1.9.13/jackson-core-asl-1.9.13.jar:/home/user/.m2/repository/org/codehaus/jackson/jackson-mapper-asl/1.9.13/jackson-mapper-asl-1.9.13.jar:/home/user/.m2/repository/org/codehaus/jackson/jackson-jaxrs/1.9.13/jackson-jaxrs-1.9.13.jar:/home/user/.m2/repository/org/codehaus/jackson/jackson-xc/1.9.13/jackson-xc-1.9.13.jar:/home/user/.m2/repository/commons-logging/commons-logging/1.1.3/commons-logging-1.1.3.jar:/home/user/.m2/repository/commons-beanutils/commons-beanutils/1.9.4/commons-beanutils-1.9.4.jar:/home/user/.m2/repository/org/apache/commons/commons-configuration2/2.1.1/commons-configuration2-2.1.1.jar:/home/user/.m2/repository/org/apache/commons/commons-lang3/3.7/commons-lang3-3.7.jar:/home/user/.m2/repository/org/apache/commons/commons-text/1.4/commons-text-1.4.jar:/home/user/.m2/repository/org/apache/avro/avro/1.7.7/avro-1.7.7.jar:/home/user/.m2/repository/com/thoughtworks/paranamer/paranamer/2.3/paranamer-2.3.jar:/home/user/.m2/repository/org/xerial/snappy/snappy-java/1.0.5/snappy-java-1.0.5.jar:/home/user/.m2/repository/com/google/re2j/re2j/1.1/re2j-1.1.jar:/home/user/.m2/repository/com/google/code/gson/gson/2.2.4/gson-2.2.4.jar:/home/user/.m2/repository/com/jcraft/jsch/0.1.54/jsch-0.1.54.jar:/home/user/.m2/repository/org/apache/curator/curator-client/2.12.0/curator-client-2.12.0.jar:/home/user/.m2/repository/org/apache/curator/curator-recipes/2.12.0/curator-recipes-2.12.0.jar:/home/user/.m2/repository/com/google/code/findbugs/jsr305/3.0.0/jsr305-3.0.0.jar:/home/user/.m2/repository/org/apache/htrace/htrace-core4/4.1.0-incubating/htrace-core4-4.1.0-incubating.jar:/home/user/.m2/repository/org/apache/zookeeper/zookeeper/3.4.13/zookeeper-3.4.13.jar:/home/user/.m2/repository/jline/jline/0.9.94/jline-0.9.94.jar:/home/user/.m2/repository/org/apache/yetus/audience-annotations/0.5.0/audience-annotations-0.5.0.jar:/home/user/.m2/repository/org/codehaus/woodstox/stax2-api/3.1.4/stax2-api-3.1.4.jar:/home/user/.m2/repository/com/fasterxml/woodstox/woodstox-core/5.0.3/woodstox-core-5.0.3.jar:/home/user/.m2/repository/dnsjava/dnsjava/2.1.7/dnsjava-2.1.7.jar:/home/user/.m2/repository/org/apache/hadoop/hadoop-hdfs/3.2.0/hadoop-hdfs-3.2.0-tests.jar:/home/user/.m2/repository/org/eclipse/jetty/jetty-util-ajax/9.3.25.v20180904/jetty-util-ajax-9.3.25.v20180904.jar:/home/user/.m2/repository/commons-daemon/commons-daemon/1.0.13/commons-daemon-1.0.13.jar:/home/user/.m2/repository/io/netty/netty/3.10.5.Final/netty-3.10.5.Final.jar:/home/user/.m2/repository/io/netty/netty-all/4.0.52.Final/netty-all-4.0.52.Final.jar:/home/user/.m2/repository/org/fusesource/leveldbjni/leveldbjni-all/1.8/leveldbjni-all-1.8.jar:"/>
    <property name="sun.cpu.endian" value="little"/>
    <property name="user.home" value="/home/user"/>
    <property name="user.language" value="en"/>
    <property name="java.specification.vendor" value="Oracle Corporation"/>
    <property name="java.home" value="/usr/lib/jvm/java-1.8.0-openjdk-1.8.0.222.b10-1.el7_7.x86_64/jre"/>
    <property name="surefire.excludesFile" value="/tools/ozone-bad-unit-tests"/>
    <property name="java.security.krb5.conf" value="/workdir/hadoop-ozone/integration-test/target/test-classes/krb5.conf"/>
    <property name="basedir" value="/workdir/hadoop-ozone/integration-test"/>
    <property name="file.separator" value="/"/>
    <property name="line.separator" value="&#10;"/>
    <property name="java.vm.specification.vendor" value="Oracle Corporation"/>
    <property name="java.specification.name" value="Java Platform API Specification"/>
    <property name="java.awt.graphicsenv" value="sun.awt.X11GraphicsEnvironment"/>
    <property name="surefire.real.class.path" value="/workdir/hadoop-ozone/integration-test/target/surefire/surefirebooter1712347459092951529.jar"/>
    <property name="hadoop.log.dir" value="/workdir/hadoop-ozone/integration-test/target/log"/>
    <property name="sun.boot.class.path" value="/usr/lib/jvm/java-1.8.0-openjdk-1.8.0.222.b10-1.el7_7.x86_64/jre/lib/resources.jar:/usr/lib/jvm/java-1.8.0-openjdk-1.8.0.222.b10-1.el7_7.x86_64/jre/lib/rt.jar:/usr/lib/jvm/java-1.8.0-openjdk-1.8.0.222.b10-1.el7_7.x86_64/jre/lib/sunrsasign.jar:/usr/lib/jvm/java-1.8.0-openjdk-1.8.0.222.b10-1.el7_7.x86_64/jre/lib/jsse.jar:/usr/lib/jvm/java-1.8.0-openjdk-1.8.0.222.b10-1.el7_7.x86_64/jre/lib/jce.jar:/usr/lib/jvm/java-1.8.0-openjdk-1.8.0.222.b10-1.el7_7.x86_64/jre/lib/charsets.jar:/usr/lib/jvm/java-1.8.0-openjdk-1.8.0.222.b10-1.el7_7.x86_64/jre/lib/jfr.jar:/usr/lib/jvm/java-1.8.0-openjdk-1.8.0.222.b10-1.el7_7.x86_64/jre/classes"/>
    <property name="sun.management.compiler" value="HotSpot 64-Bit Tiered Compilers"/>
    <property name="java.runtime.version" value="1.8.0_222-b10"/>
    <property name="java.net.preferIPv4Stack" value="true"/>
    <property name="user.name" value="jenkins1000"/>
    <property name="path.separator" value=":"/>
    <property name="java.security.egd" value="file:///dev/urandom"/>
    <property name="os.version" value="3.10.0-957.12.2.el7.x86_64"/>
    <property name="java.endorsed.dirs" value="/usr/lib/jvm/java-1.8.0-openjdk-1.8.0.222.b10-1.el7_7.x86_64/jre/lib/endorsed"/>
    <property name="java.runtime.name" value="OpenJDK Runtime Environment"/>
    <property name="file.encoding" value="ANSI_X3.4-1968"/>
    <property name="java.vm.name" value="OpenJDK 64-Bit Server VM"/>
    <property name="test.build.webapps" value=""/>
    <property name="localRepository" value="/home/user/.m2/repository"/>
    <property name="java.vendor.url.bug" value="http://bugreport.sun.com/bugreport/"/>
    <property name="java.io.tmpdir" value="/tmp"/>
    <property name="require.test.libhadoop" value=""/>
    <property name="java.version" value="1.8.0_222"/>
    <property name="user.dir" value="/workdir/hadoop-ozone/integration-test"/>
    <property name="os.arch" value="amd64"/>
    <property name="java.vm.specification.name" value="Java Virtual Machine Specification"/>
    <property name="test.build.classes" value="/workdir/hadoop-ozone/integration-test/target/test-classes"/>
    <property name="java.awt.printerjob" value="sun.print.PSPrinterJob"/>
    <property name="sun.os.patch.level" value="unknown"/>
    <property name="hadoop.tmp.dir" value="/workdir/hadoop-ozone/integration-test/target/tmp"/>
    <property name="java.library.path" value="/usr/lib:/workdir/hadoop-ozone/integration-test/target/native/target/usr/local/lib:/workdir/hadoop-ozone/integration-test/../../hadoop-common-project/hadoop-common/target/native/target/usr/local/lib:/usr/java/packages/lib/amd64:/usr/lib64:/lib64:/lib:/usr/lib"/>
    <property name="java.vm.info" value="mixed mode"/>
    <property name="java.vendor" value="Oracle Corporation"/>
    <property name="java.vm.version" value="25.222-b10"/>
    <property name="java.ext.dirs" value="/usr/lib/jvm/java-1.8.0-openjdk-1.8.0.222.b10-1.el7_7.x86_64/jre/lib/ext:/usr/java/packages/lib/ext"/>
    <property name="sun.io.unicode.encoding" value="UnicodeLittle"/>
    <property name="java.class.version" value="52.0"/>
  </properties>
  <testcase name="testStartMultipleDatanodes" classname="org.apache.hadoop.ozone.TestMiniOzoneCluster" time="40.366">
    <error message="test timed out after 30000 milliseconds" type="java.lang.Exception">java.lang.Exception: test timed out after 30000 milliseconds
	at java.lang.Thread.sleep(Native Method)
	at org.apache.hadoop.test.GenericTestUtils.waitFor(GenericTestUtils.java:382)
	at org.apache.hadoop.ozone.MiniOzoneClusterImpl.waitForClusterToBeReady(MiniOzoneClusterImpl.java:148)
	at org.apache.hadoop.ozone.TestMiniOzoneCluster.testStartMultipleDatanodes(TestMiniOzoneCluster.java:104)
	at sun.reflect.NativeMethodAccessorImpl.invoke0(Native Method)
	at sun.reflect.NativeMethodAccessorImpl.invoke(NativeMethodAccessorImpl.java:62)
	at sun.reflect.DelegatingMethodAccessorImpl.invoke(DelegatingMethodAccessorImpl.java:43)
	at java.lang.reflect.Method.invoke(Method.java:498)
	at org.junit.runners.model.FrameworkMethod$1.runReflectiveCall(FrameworkMethod.java:47)
	at org.junit.internal.runners.model.ReflectiveCallable.run(ReflectiveCallable.java:12)
	at org.junit.runners.model.FrameworkMethod.invokeExplosively(FrameworkMethod.java:44)
	at org.junit.internal.runners.statements.InvokeMethod.evaluate(InvokeMethod.java:17)
	at org.junit.internal.runners.statements.FailOnTimeout$StatementThread.run(FailOnTimeout.java:74)
</error>
    <system-out><![CDATA[2019-11-13 13:12:37,153 [Thread-0] WARN  server.ServerUtils (ServerUtils.java:getScmDbDir(145)) - ozone.scm.db.dirs is not configured. We recommend adding this setting. Falling back to ozone.metadata.dirs instead.
2019-11-13 13:12:37,361 [Thread-0] WARN  server.ServerUtils (ServerUtils.java:getScmDbDir(145)) - ozone.scm.db.dirs is not configured. We recommend adding this setting. Falling back to ozone.metadata.dirs instead.
2019-11-13 13:12:37,365 [Thread-0] WARN  server.ServerUtils (ServerUtils.java:getScmDbDir(145)) - ozone.scm.db.dirs is not configured. We recommend adding this setting. Falling back to ozone.metadata.dirs instead.
2019-11-13 13:12:37,391 [Thread-0] INFO  util.log (Log.java:initialized(192)) - Logging initialized @927ms
2019-11-13 13:12:37,485 [Thread-0] INFO  db.DBStoreBuilder (DBStoreBuilder.java:addTable(127)) - using custom profile for table: deletedBlocks
2019-11-13 13:12:37,486 [Thread-0] INFO  db.DBStoreBuilder (DBStoreBuilder.java:processTables(183)) - Using default column profile:DBProfile.DISK for Table:deletedBlocks
2019-11-13 13:12:37,486 [Thread-0] INFO  db.DBStoreBuilder (DBStoreBuilder.java:addTable(127)) - using custom profile for table: validCerts
2019-11-13 13:12:37,486 [Thread-0] INFO  db.DBStoreBuilder (DBStoreBuilder.java:processTables(183)) - Using default column profile:DBProfile.DISK for Table:validCerts
2019-11-13 13:12:37,486 [Thread-0] INFO  db.DBStoreBuilder (DBStoreBuilder.java:addTable(127)) - using custom profile for table: revokedCerts
2019-11-13 13:12:37,487 [Thread-0] INFO  db.DBStoreBuilder (DBStoreBuilder.java:processTables(183)) - Using default column profile:DBProfile.DISK for Table:revokedCerts
2019-11-13 13:12:37,498 [Thread-0] INFO  db.DBStoreBuilder (DBStoreBuilder.java:addTable(127)) - using custom profile for table: default
2019-11-13 13:12:37,499 [Thread-0] INFO  db.DBStoreBuilder (DBStoreBuilder.java:processTables(189)) - Using default column profile:DBProfile.DISK for Table:default
2019-11-13 13:12:37,500 [Thread-0] INFO  db.DBStoreBuilder (DBStoreBuilder.java:getDbProfile(220)) - Using default options. DBProfile.DISK
2019-11-13 13:12:38,786 [Thread-0] INFO  net.NodeSchemaLoader (NodeSchemaLoader.java:loadSchemaFromFile(125)) - Loading file from sun.misc.CompoundEnumeration@c81afbf
2019-11-13 13:12:38,788 [Thread-0] INFO  net.NodeSchemaLoader (NodeSchemaLoader.java:loadSchema(171)) - Loading network topology layer schema file
2019-11-13 13:12:38,840 [Thread-0] WARN  server.ServerUtils (ServerUtils.java:sanitizeUserArgs(70)) - ozone.scm.stale.node.interval value = 300000 is larger than max = 100000 based on the key value of ozone.scm.heartbeat.thread.interval, reset to the max value 100000.
2019-11-13 13:12:38,842 [Thread-0] WARN  server.ServerUtils (ServerUtils.java:sanitizeUserArgs(70)) - ozone.scm.stale.node.interval value = 300000 is larger than max = 100000 based on the key value of ozone.scm.heartbeat.thread.interval, reset to the max value 100000.
2019-11-13 13:12:38,844 [Thread-0] INFO  node.SCMNodeManager (SCMNodeManager.java:<init>(116)) - Entering startup safe mode.
2019-11-13 13:12:38,895 [Thread-0] INFO  algorithms.ContainerPlacementPolicyFactory (ContainerPlacementPolicyFactory.java:getPolicy(57)) - Create container placement policy of type org.apache.hadoop.hdds.scm.container.placement.algorithms.SCMContainerPlacementRandom
2019-11-13 13:12:38,907 [Thread-0] WARN  server.ServerUtils (ServerUtils.java:getScmDbDir(145)) - ozone.scm.db.dirs is not configured. We recommend adding this setting. Falling back to ozone.metadata.dirs instead.
2019-11-13 13:12:39,229 [Thread-0] INFO  pipeline.SCMPipelineManager (SCMPipelineManager.java:initializePipelineState(132)) - No pipeline exists in current db
2019-11-13 13:12:39,231 [Thread-0] WARN  server.ServerUtils (ServerUtils.java:getScmDbDir(145)) - ozone.scm.db.dirs is not configured. We recommend adding this setting. Falling back to ozone.metadata.dirs instead.
2019-11-13 13:12:39,663 [Thread-0] WARN  events.EventQueue (EventQueue.java:fireEvent(183)) - No event handler registered for event TypedEvent{payloadType=SafeModeStatus, name='SafeModeStatus'}
2019-11-13 13:12:39,985 [Thread-0] INFO  ipc.CallQueueManager (CallQueueManager.java:<init>(84)) - Using callQueue: class java.util.concurrent.LinkedBlockingQueue, queueCapacity: 2000, scheduler: class org.apache.hadoop.ipc.DefaultRpcScheduler, ipcBackoff: false.
2019-11-13 13:12:40,099 [Socket Reader #1 for port 44051] INFO  ipc.Server (Server.java:run(1074)) - Starting Socket Reader #1 for port 44051
2019-11-13 13:12:40,136 [Thread-0] INFO  ipc.CallQueueManager (CallQueueManager.java:<init>(84)) - Using callQueue: class java.util.concurrent.LinkedBlockingQueue, queueCapacity: 2000, scheduler: class org.apache.hadoop.ipc.DefaultRpcScheduler, ipcBackoff: false.
2019-11-13 13:12:40,137 [Socket Reader #1 for port 43415] INFO  ipc.Server (Server.java:run(1074)) - Starting Socket Reader #1 for port 43415
2019-11-13 13:12:40,147 [Thread-0] INFO  ipc.CallQueueManager (CallQueueManager.java:<init>(84)) - Using callQueue: class java.util.concurrent.LinkedBlockingQueue, queueCapacity: 2000, scheduler: class org.apache.hadoop.ipc.DefaultRpcScheduler, ipcBackoff: false.
2019-11-13 13:12:40,148 [Socket Reader #1 for port 40253] INFO  ipc.Server (Server.java:run(1074)) - Starting Socket Reader #1 for port 40253
2019-11-13 13:12:40,171 [Thread-0] INFO  hdfs.DFSUtil (DFSUtil.java:httpServerTemplateForNNAndJN(1641)) - Starting Web-server for scm at: http://0.0.0.0:0
2019-11-13 13:12:40,302 [Thread-0] INFO  server.AuthenticationFilter (AuthenticationFilter.java:constructSecretProvider(240)) - Unable to initialize FileSignerSecretProvider, falling back to use random secrets.
2019-11-13 13:12:40,310 [Thread-0] WARN  http.HttpRequestLog (HttpRequestLog.java:getRequestLog(97)) - Jetty request log can only be enabled using Log4j
2019-11-13 13:12:40,318 [Thread-0] INFO  http.HttpServer2 (HttpServer2.java:addGlobalFilter(975)) - Added global filter 'safety' (class=org.apache.hadoop.http.HttpServer2$QuotingInputFilter)
2019-11-13 13:12:40,320 [Thread-0] INFO  http.HttpServer2 (HttpServer2.java:addFilter(948)) - Added filter static_user_filter (class=org.apache.hadoop.http.lib.StaticUserWebFilter$StaticUserFilter) to context scm
2019-11-13 13:12:40,320 [Thread-0] INFO  http.HttpServer2 (HttpServer2.java:addFilter(958)) - Added filter static_user_filter (class=org.apache.hadoop.http.lib.StaticUserWebFilter$StaticUserFilter) to context static
2019-11-13 13:12:40,321 [Thread-0] INFO  http.HttpServer2 (HttpServer2.java:addFilter(958)) - Added filter static_user_filter (class=org.apache.hadoop.http.lib.StaticUserWebFilter$StaticUserFilter) to context logs
2019-11-13 13:12:40,348 [Thread-0] INFO  server.StorageContainerManager (StorageContainerManager.java:start(764)) - StorageContainerLocationProtocol RPC server is listening at /0.0.0.0:40253
2019-11-13 13:12:40,405 [Thread-0] WARN  impl.MetricsConfig (MetricsConfig.java:loadFirst(134)) - Cannot locate configuration: tried hadoop-metrics2-storagecontainermanager.properties,hadoop-metrics2.properties
2019-11-13 13:12:40,416 [Thread-0] INFO  impl.MetricsSystemImpl (MetricsSystemImpl.java:startTimer(374)) - Scheduled Metric snapshot period at 10 second(s).
2019-11-13 13:12:40,416 [Thread-0] INFO  impl.MetricsSystemImpl (MetricsSystemImpl.java:start(191)) - StorageContainerManager metrics system started
2019-11-13 13:12:40,656 [Thread-0] INFO  server.SCMClientProtocolServer (SCMClientProtocolServer.java:start(159)) - RPC server for Client  is listening at /0.0.0.0:40253
2019-11-13 13:12:40,657 [IPC Server Responder] INFO  ipc.Server (Server.java:run(1314)) - IPC Server Responder: starting
2019-11-13 13:12:40,657 [IPC Server listener on 40253] INFO  ipc.Server (Server.java:run(1153)) - IPC Server listener on 40253: starting
2019-11-13 13:12:40,660 [Thread-0] INFO  server.StorageContainerManager (StorageContainerManager.java:start(774)) - ScmBlockLocationProtocol RPC server is listening at /0.0.0.0:43415
2019-11-13 13:12:40,660 [Thread-0] INFO  server.SCMBlockProtocolServer (SCMBlockProtocolServer.java:start(146)) - RPC server for Block Protocol is listening at /0.0.0.0:43415
2019-11-13 13:12:40,661 [IPC Server Responder] INFO  ipc.Server (Server.java:run(1314)) - IPC Server Responder: starting
2019-11-13 13:12:40,661 [IPC Server listener on 43415] INFO  ipc.Server (Server.java:run(1153)) - IPC Server listener on 43415: starting
2019-11-13 13:12:40,663 [Thread-0] INFO  server.StorageContainerManager (StorageContainerManager.java:start(778)) - ScmDatanodeProtocl RPC server is listening at /0.0.0.0:44051
2019-11-13 13:12:40,664 [Thread-0] INFO  server.SCMDatanodeProtocolServer (SCMDatanodeProtocolServer.java:start(169)) - RPC server for DataNodes is listening at /0.0.0.0:44051
2019-11-13 13:12:40,664 [IPC Server Responder] INFO  ipc.Server (Server.java:run(1314)) - IPC Server Responder: starting
2019-11-13 13:12:40,664 [IPC Server listener on 44051] INFO  ipc.Server (Server.java:run(1153)) - IPC Server listener on 44051: starting
2019-11-13 13:12:40,668 [Thread-0] INFO  http.HttpServer2 (HttpServer2.java:bindListener(1191)) - Jetty bound to port 37112
2019-11-13 13:12:40,670 [Thread-0] INFO  server.Server (Server.java:doStart(351)) - jetty-9.3.25.v20180904, build timestamp: 2018-09-04T21:11:46Z, git hash: 3ce520221d0240229c862b122d2b06c12a625732
2019-11-13 13:12:40,702 [Thread-0] INFO  handler.ContextHandler (ContextHandler.java:doStart(781)) - Started o.e.j.s.ServletContextHandler@7837d2ce{/logs,file:///workdir/hadoop-ozone/integration-test/target/log,AVAILABLE}
2019-11-13 13:12:40,702 [Thread-0] INFO  handler.ContextHandler (ContextHandler.java:doStart(781)) - Started o.e.j.s.ServletContextHandler@58130f73{/static,file:///workdir/hadoop-ozone/integration-test/target/test-classes/webapps/static,AVAILABLE}
2019-11-13 13:12:40,740 [Thread-0] INFO  handler.ContextHandler (ContextHandler.java:doStart(781)) - Started o.e.j.w.WebAppContext@3150ee7f{/,file:///workdir/hadoop-ozone/integration-test/target/test-classes/webapps/scm/,AVAILABLE}{/scm}
2019-11-13 13:12:40,746 [Thread-0] INFO  server.AbstractConnector (AbstractConnector.java:doStart(278)) - Started ServerConnector@3a78118a{HTTP/1.1,[http/1.1]}{0.0.0.0:37112}
2019-11-13 13:12:40,747 [Thread-0] INFO  server.Server (Server.java:doStart(419)) - Started @4284ms
2019-11-13 13:12:40,750 [Thread-0] INFO  impl.MetricsSinkAdapter (MetricsSinkAdapter.java:start(204)) - Sink prometheus started
2019-11-13 13:12:40,750 [Thread-0] INFO  impl.MetricsSystemImpl (MetricsSystemImpl.java:registerSink(301)) - Registered sink prometheus
2019-11-13 13:12:40,752 [Thread-0] INFO  server.BaseHttpServer (BaseHttpServer.java:updateConnectorAddress(215)) - HTTP server of SCM is listening at http://0.0.0.0:37112
2019-11-13 13:12:40,759 [org.apache.hadoop.util.JvmPauseMonitor$Monitor@1d484e5d] INFO  util.JvmPauseMonitor (JvmPauseMonitor.java:run(188)) - Starting JVM pause monitor
2019-11-13 13:12:40,764 [Thread-0] WARN  server.ServerUtils (ServerUtils.java:getDBPath(222)) - ozone.om.db.dirs is not configured. We recommend adding this setting. Falling back to ozone.metadata.dirs instead.
2019-11-13 13:12:40,952 [Thread-0] INFO  ha.OMHANodeDetails (OMHANodeDetails.java:loadOMHAConfig(190)) - Configuration either no ozone.om.address set. Falling back to the default OM address /127.0.0.1:0
2019-11-13 13:12:40,952 [Thread-0] INFO  ha.OMHANodeDetails (OMHANodeDetails.java:getOMNodeDetails(220)) - OM Service ID is not set. Setting it to the default ID: omServiceIdDefault
2019-11-13 13:12:40,954 [Thread-0] WARN  server.ServerUtils (ServerUtils.java:getDBPath(222)) - ozone.om.db.dirs is not configured. We recommend adding this setting. Falling back to ozone.metadata.dirs instead.
2019-11-13 13:12:40,955 [Thread-0] WARN  server.ServerUtils (ServerUtils.java:getDBPath(222)) - ozone.om.db.dirs is not configured. We recommend adding this setting. Falling back to ozone.metadata.dirs instead.
2019-11-13 13:12:41,643 [Thread-0] WARN  server.ServerUtils (ServerUtils.java:getDBPath(222)) - ozone.om.db.dirs is not configured. We recommend adding this setting. Falling back to ozone.metadata.dirs instead.
2019-11-13 13:12:41,652 [Thread-0] INFO  db.DBStoreBuilder (DBStoreBuilder.java:addTable(127)) - using custom profile for table: userTable
2019-11-13 13:12:41,652 [Thread-0] INFO  db.DBStoreBuilder (DBStoreBuilder.java:processTables(183)) - Using default column profile:DBProfile.DISK for Table:userTable
2019-11-13 13:12:41,652 [Thread-0] INFO  db.DBStoreBuilder (DBStoreBuilder.java:addTable(127)) - using custom profile for table: volumeTable
2019-11-13 13:12:41,652 [Thread-0] INFO  db.DBStoreBuilder (DBStoreBuilder.java:processTables(183)) - Using default column profile:DBProfile.DISK for Table:volumeTable
2019-11-13 13:12:41,653 [Thread-0] INFO  db.DBStoreBuilder (DBStoreBuilder.java:addTable(127)) - using custom profile for table: bucketTable
2019-11-13 13:12:41,653 [Thread-0] INFO  db.DBStoreBuilder (DBStoreBuilder.java:processTables(183)) - Using default column profile:DBProfile.DISK for Table:bucketTable
2019-11-13 13:12:41,653 [Thread-0] INFO  db.DBStoreBuilder (DBStoreBuilder.java:addTable(127)) - using custom profile for table: keyTable
2019-11-13 13:12:41,653 [Thread-0] INFO  db.DBStoreBuilder (DBStoreBuilder.java:processTables(183)) - Using default column profile:DBProfile.DISK for Table:keyTable
2019-11-13 13:12:41,653 [Thread-0] INFO  db.DBStoreBuilder (DBStoreBuilder.java:addTable(127)) - using custom profile for table: deletedTable
2019-11-13 13:12:41,654 [Thread-0] INFO  db.DBStoreBuilder (DBStoreBuilder.java:processTables(183)) - Using default column profile:DBProfile.DISK for Table:deletedTable
2019-11-13 13:12:41,654 [Thread-0] INFO  db.DBStoreBuilder (DBStoreBuilder.java:addTable(127)) - using custom profile for table: openKeyTable
2019-11-13 13:12:41,654 [Thread-0] INFO  db.DBStoreBuilder (DBStoreBuilder.java:processTables(183)) - Using default column profile:DBProfile.DISK for Table:openKeyTable
2019-11-13 13:12:41,654 [Thread-0] INFO  db.DBStoreBuilder (DBStoreBuilder.java:addTable(127)) - using custom profile for table: s3Table
2019-11-13 13:12:41,654 [Thread-0] INFO  db.DBStoreBuilder (DBStoreBuilder.java:processTables(183)) - Using default column profile:DBProfile.DISK for Table:s3Table
2019-11-13 13:12:41,655 [Thread-0] INFO  db.DBStoreBuilder (DBStoreBuilder.java:addTable(127)) - using custom profile for table: multipartInfoTable
2019-11-13 13:12:41,655 [Thread-0] INFO  db.DBStoreBuilder (DBStoreBuilder.java:processTables(183)) - Using default column profile:DBProfile.DISK for Table:multipartInfoTable
2019-11-13 13:12:41,655 [Thread-0] INFO  db.DBStoreBuilder (DBStoreBuilder.java:addTable(127)) - using custom profile for table: dTokenTable
2019-11-13 13:12:41,655 [Thread-0] INFO  db.DBStoreBuilder (DBStoreBuilder.java:processTables(183)) - Using default column profile:DBProfile.DISK for Table:dTokenTable
2019-11-13 13:12:41,655 [Thread-0] INFO  db.DBStoreBuilder (DBStoreBuilder.java:addTable(127)) - using custom profile for table: s3SecretTable
2019-11-13 13:12:41,656 [Thread-0] INFO  db.DBStoreBuilder (DBStoreBuilder.java:processTables(183)) - Using default column profile:DBProfile.DISK for Table:s3SecretTable
2019-11-13 13:12:41,656 [Thread-0] INFO  db.DBStoreBuilder (DBStoreBuilder.java:addTable(127)) - using custom profile for table: prefixTable
2019-11-13 13:12:41,656 [Thread-0] INFO  db.DBStoreBuilder (DBStoreBuilder.java:processTables(183)) - Using default column profile:DBProfile.DISK for Table:prefixTable
2019-11-13 13:12:41,656 [Thread-0] INFO  db.DBStoreBuilder (DBStoreBuilder.java:addTable(127)) - using custom profile for table: default
2019-11-13 13:12:41,656 [Thread-0] INFO  db.DBStoreBuilder (DBStoreBuilder.java:processTables(189)) - Using default column profile:DBProfile.DISK for Table:default
2019-11-13 13:12:41,657 [Thread-0] INFO  db.DBStoreBuilder (DBStoreBuilder.java:getDbProfile(220)) - Using default options. DBProfile.DISK
2019-11-13 13:12:44,646 [Thread-0] INFO  ipc.CallQueueManager (CallQueueManager.java:<init>(84)) - Using callQueue: class java.util.concurrent.LinkedBlockingQueue, queueCapacity: 2000, scheduler: class org.apache.hadoop.ipc.DefaultRpcScheduler, ipcBackoff: false.
2019-11-13 13:12:44,648 [Socket Reader #1 for port 38608] INFO  ipc.Server (Server.java:run(1074)) - Starting Socket Reader #1 for port 38608
2019-11-13 13:12:44,673 [Thread-0] INFO  om.OzoneManager (OzoneManager.java:start(1077)) - OzoneManager RPC server is listening at localhost/127.0.0.1:38608
2019-11-13 13:12:44,673 [Thread-0] INFO  impl.MetricsSystemImpl (MetricsSystemImpl.java:init(158)) - OzoneManager metrics system started (again)
2019-11-13 13:12:44,682 [IPC Server Responder] INFO  ipc.Server (Server.java:run(1314)) - IPC Server Responder: starting
2019-11-13 13:12:44,682 [IPC Server listener on 38608] INFO  ipc.Server (Server.java:run(1153)) - IPC Server listener on 38608: starting
2019-11-13 13:12:44,690 [Thread-0] INFO  hdfs.DFSUtil (DFSUtil.java:httpServerTemplateForNNAndJN(1641)) - Starting Web-server for ozoneManager at: http://0.0.0.0:0
2019-11-13 13:12:44,692 [Thread-0] INFO  server.AuthenticationFilter (AuthenticationFilter.java:constructSecretProvider(240)) - Unable to initialize FileSignerSecretProvider, falling back to use random secrets.
2019-11-13 13:12:44,693 [Thread-0] WARN  http.HttpRequestLog (HttpRequestLog.java:getRequestLog(97)) - Jetty request log can only be enabled using Log4j
2019-11-13 13:12:44,695 [Thread-0] INFO  http.HttpServer2 (HttpServer2.java:addGlobalFilter(975)) - Added global filter 'safety' (class=org.apache.hadoop.http.HttpServer2$QuotingInputFilter)
2019-11-13 13:12:44,696 [Thread-0] INFO  http.HttpServer2 (HttpServer2.java:addFilter(948)) - Added filter static_user_filter (class=org.apache.hadoop.http.lib.StaticUserWebFilter$StaticUserFilter) to context ozoneManager
2019-11-13 13:12:44,696 [Thread-0] INFO  http.HttpServer2 (HttpServer2.java:addFilter(958)) - Added filter static_user_filter (class=org.apache.hadoop.http.lib.StaticUserWebFilter$StaticUserFilter) to context static
2019-11-13 13:12:44,696 [Thread-0] INFO  http.HttpServer2 (HttpServer2.java:addFilter(958)) - Added filter static_user_filter (class=org.apache.hadoop.http.lib.StaticUserWebFilter$StaticUserFilter) to context logs
2019-11-13 13:12:44,698 [Thread-0] INFO  http.HttpServer2 (HttpServer2.java:bindListener(1191)) - Jetty bound to port 45229
2019-11-13 13:12:44,699 [Thread-0] INFO  server.Server (Server.java:doStart(351)) - jetty-9.3.25.v20180904, build timestamp: 2018-09-04T21:11:46Z, git hash: 3ce520221d0240229c862b122d2b06c12a625732
2019-11-13 13:12:44,701 [Thread-0] INFO  handler.ContextHandler (ContextHandler.java:doStart(781)) - Started o.e.j.s.ServletContextHandler@5d0a0a8c{/logs,file:///workdir/hadoop-ozone/integration-test/target/log,AVAILABLE}
2019-11-13 13:12:44,701 [Thread-0] INFO  handler.ContextHandler (ContextHandler.java:doStart(781)) - Started o.e.j.s.ServletContextHandler@3ba66036{/static,file:///workdir/hadoop-ozone/integration-test/target/test-classes/webapps/static,AVAILABLE}
2019-11-13 13:12:44,707 [Thread-0] INFO  handler.ContextHandler (ContextHandler.java:doStart(781)) - Started o.e.j.w.WebAppContext@7461d265{/,file:///workdir/hadoop-ozone/integration-test/target/test-classes/webapps/ozoneManager/,AVAILABLE}{/ozoneManager}
2019-11-13 13:12:44,708 [Thread-0] INFO  server.AbstractConnector (AbstractConnector.java:doStart(278)) - Started ServerConnector@69c933a1{HTTP/1.1,[http/1.1]}{0.0.0.0:45229}
2019-11-13 13:12:44,708 [Thread-0] INFO  server.Server (Server.java:doStart(419)) - Started @8244ms
2019-11-13 13:12:44,709 [Thread-0] WARN  impl.MetricsSystemImpl (MetricsSystemImpl.java:register(276)) - Sink prometheus already exists!
2019-11-13 13:12:44,710 [Thread-0] INFO  server.BaseHttpServer (BaseHttpServer.java:updateConnectorAddress(215)) - HTTP server of OZONEMANAGER is listening at http://0.0.0.0:45229
2019-11-13 13:12:45,018 [Thread-0] INFO  impl.MetricsSystemImpl (MetricsSystemImpl.java:init(158)) - HddsDatanode metrics system started (again)
2019-11-13 13:12:45,058 [Thread-0] INFO  ozone.HddsDatanodeService (HddsDatanodeService.java:start(186)) - HddsDatanodeService host:pr-hdds-2452-7vw7s-1330541530 ip:192.168.157.200
2019-11-13 13:12:45,086 [Thread-0] INFO  volume.HddsVolume (HddsVolume.java:<init>(176)) - Creating Volume: /workdir/hadoop-ozone/integration-test/target/test-dir/MiniOzoneClusterImpl-e92505da-6c66-45ee-bd20-55499551ce33/datanode-0/data/containers/hdds of  storage type : DISK and capacity : 1482555576320
2019-11-13 13:12:45,089 [Thread-0] INFO  volume.VolumeSet (VolumeSet.java:initializeVolumeSet(170)) - Added Volume : /workdir/hadoop-ozone/integration-test/target/test-dir/MiniOzoneClusterImpl-e92505da-6c66-45ee-bd20-55499551ce33/datanode-0/data/containers/hdds to VolumeSet
2019-11-13 13:12:45,093 [Thread-0] INFO  volume.ThrottledAsyncChecker (ThrottledAsyncChecker.java:schedule(141)) - Scheduling a check for /workdir/hadoop-ozone/integration-test/target/test-dir/MiniOzoneClusterImpl-e92505da-6c66-45ee-bd20-55499551ce33/datanode-0/data/containers/hdds
2019-11-13 13:12:45,117 [Thread-0] INFO  volume.HddsVolumeChecker (HddsVolumeChecker.java:checkAllVolumes(204)) - Scheduled health check for volume /workdir/hadoop-ozone/integration-test/target/test-dir/MiniOzoneClusterImpl-e92505da-6c66-45ee-bd20-55499551ce33/datanode-0/data/containers/hdds
2019-11-13 13:12:45,232 [Thread-0] INFO  impl.RaftServerProxy (ConfUtils.java:logGet(43)) - raft.rpc.type = GRPC (default)
2019-11-13 13:12:45,295 [Thread-0] INFO  grpc.GrpcFactory (GrpcFactory.java:checkPooledByteBufAllocatorUseCacheForAllThreads(45)) - PERFORMANCE WARNING: useCacheForAllThreads is true that may cause Netty to create a lot garbage objects and, as a result, trigger GC.
	It is recommended to disable useCacheForAllThreads by setting -Dorg.apache.ratis.thirdparty.io.netty.allocator.useCacheForAllThreads=false in command line.
2019-11-13 13:12:45,299 [Thread-0] INFO  grpc.GrpcConfigKeys$Server (ConfUtils.java:logGet(43)) - raft.grpc.server.port = 0 (default)
2019-11-13 13:12:45,300 [Thread-0] INFO  server.GrpcService (ConfUtils.java:logGet(43)) - raft.grpc.message.size.max = 33570816 (custom)
2019-11-13 13:12:45,301 [Thread-0] INFO  server.RaftServerConfigKeys (ConfUtils.java:logGet(43)) - raft.server.log.appender.buffer.byte-limit = 33554432 (custom)
2019-11-13 13:12:45,302 [Thread-0] INFO  server.GrpcService (ConfUtils.java:logGet(43)) - raft.grpc.flow.control.window = 1MB (=1048576) (default)
2019-11-13 13:12:45,303 [Thread-0] INFO  server.RaftServerConfigKeys (ConfUtils.java:logGet(43)) - raft.server.rpc.request.timeout = 3000ms (default)
2019-11-13 13:12:45,435 [Thread-0] INFO  server.RaftServerConfigKeys (ConfUtils.java:logGet(43)) - raft.server.storage.dir = [/workdir/hadoop-ozone/integration-test/target/test-dir/MiniOzoneClusterImpl-e92505da-6c66-45ee-bd20-55499551ce33/datanode-0/data/ratis] (custom)
2019-11-13 13:12:45,476 [Thread-0] INFO  hdfs.DFSUtil (DFSUtil.java:httpServerTemplateForNNAndJN(1641)) - Starting Web-server for hddsDatanode at: http://0.0.0.0:0
2019-11-13 13:12:45,478 [Thread-0] INFO  server.AuthenticationFilter (AuthenticationFilter.java:constructSecretProvider(240)) - Unable to initialize FileSignerSecretProvider, falling back to use random secrets.
2019-11-13 13:12:45,479 [Thread-0] WARN  http.HttpRequestLog (HttpRequestLog.java:getRequestLog(97)) - Jetty request log can only be enabled using Log4j
2019-11-13 13:12:45,481 [Thread-0] INFO  http.HttpServer2 (HttpServer2.java:addGlobalFilter(975)) - Added global filter 'safety' (class=org.apache.hadoop.http.HttpServer2$QuotingInputFilter)
2019-11-13 13:12:45,482 [Thread-0] INFO  http.HttpServer2 (HttpServer2.java:addFilter(948)) - Added filter static_user_filter (class=org.apache.hadoop.http.lib.StaticUserWebFilter$StaticUserFilter) to context hddsDatanode
2019-11-13 13:12:45,482 [Thread-0] INFO  http.HttpServer2 (HttpServer2.java:addFilter(958)) - Added filter static_user_filter (class=org.apache.hadoop.http.lib.StaticUserWebFilter$StaticUserFilter) to context logs
2019-11-13 13:12:45,482 [Thread-0] INFO  http.HttpServer2 (HttpServer2.java:addFilter(958)) - Added filter static_user_filter (class=org.apache.hadoop.http.lib.StaticUserWebFilter$StaticUserFilter) to context static
2019-11-13 13:12:45,484 [Thread-0] INFO  http.HttpServer2 (HttpServer2.java:bindListener(1191)) - Jetty bound to port 38827
2019-11-13 13:12:45,484 [Thread-0] INFO  server.Server (Server.java:doStart(351)) - jetty-9.3.25.v20180904, build timestamp: 2018-09-04T21:11:46Z, git hash: 3ce520221d0240229c862b122d2b06c12a625732
2019-11-13 13:12:45,488 [Thread-0] INFO  handler.ContextHandler (ContextHandler.java:doStart(781)) - Started o.e.j.s.ServletContextHandler@175bbe38{/logs,file:///workdir/hadoop-ozone/integration-test/target/log,AVAILABLE}
2019-11-13 13:12:45,488 [Thread-0] INFO  handler.ContextHandler (ContextHandler.java:doStart(781)) - Started o.e.j.s.ServletContextHandler@358cca1f{/static,jar:file:/home/user/.m2/repository/org/apache/hadoop/hadoop-hdds-container-service/0.5.0-SNAPSHOT/hadoop-hdds-container-service-0.5.0-SNAPSHOT.jar!/webapps/static,AVAILABLE}
2019-11-13 13:12:45,532 [Thread-0] INFO  handler.ContextHandler (ContextHandler.java:doStart(781)) - Started o.e.j.w.WebAppContext@47c859a0{/,file:///tmp/jetty-0.0.0.0-38827-hddsDatanode-_-any-2445819265520442811.dir/webapp/,AVAILABLE}{/hddsDatanode}
2019-11-13 13:12:45,533 [Thread-0] INFO  server.AbstractConnector (AbstractConnector.java:doStart(278)) - Started ServerConnector@7ef60fa7{HTTP/1.1,[http/1.1]}{0.0.0.0:38827}
2019-11-13 13:12:45,533 [Thread-0] INFO  server.Server (Server.java:doStart(419)) - Started @9070ms
2019-11-13 13:12:45,533 [Thread-0] WARN  impl.MetricsSystemImpl (MetricsSystemImpl.java:register(276)) - Sink prometheus already exists!
2019-11-13 13:12:45,534 [Thread-0] INFO  server.BaseHttpServer (BaseHttpServer.java:updateConnectorAddress(215)) - HTTP server of HDDSDATANODE is listening at http://0.0.0.0:38827
2019-11-13 13:12:45,535 [Thread-0] INFO  impl.MetricsSystemImpl (MetricsSystemImpl.java:init(158)) - HddsDatanode metrics system started (again)
2019-11-13 13:12:45,537 [Thread-0] INFO  ozone.HddsDatanodeService (HddsDatanodeService.java:start(186)) - HddsDatanodeService host:pr-hdds-2452-7vw7s-1330541530 ip:192.168.157.200
2019-11-13 13:12:45,542 [org.apache.hadoop.util.JvmPauseMonitor$Monitor@fb36188] INFO  util.JvmPauseMonitor (JvmPauseMonitor.java:run(188)) - Starting JVM pause monitor
2019-11-13 13:12:45,545 [Thread-0] INFO  volume.HddsVolume (HddsVolume.java:<init>(176)) - Creating Volume: /workdir/hadoop-ozone/integration-test/target/test-dir/MiniOzoneClusterImpl-e92505da-6c66-45ee-bd20-55499551ce33/datanode-1/data/containers/hdds of  storage type : DISK and capacity : 1482555576320
2019-11-13 13:12:45,546 [Thread-0] INFO  volume.VolumeSet (VolumeSet.java:initializeVolumeSet(170)) - Added Volume : /workdir/hadoop-ozone/integration-test/target/test-dir/MiniOzoneClusterImpl-e92505da-6c66-45ee-bd20-55499551ce33/datanode-1/data/containers/hdds to VolumeSet
2019-11-13 13:12:45,546 [Thread-0] INFO  volume.ThrottledAsyncChecker (ThrottledAsyncChecker.java:schedule(141)) - Scheduling a check for /workdir/hadoop-ozone/integration-test/target/test-dir/MiniOzoneClusterImpl-e92505da-6c66-45ee-bd20-55499551ce33/datanode-1/data/containers/hdds
2019-11-13 13:12:45,547 [Thread-0] INFO  volume.HddsVolumeChecker (HddsVolumeChecker.java:checkAllVolumes(204)) - Scheduled health check for volume /workdir/hadoop-ozone/integration-test/target/test-dir/MiniOzoneClusterImpl-e92505da-6c66-45ee-bd20-55499551ce33/datanode-1/data/containers/hdds
2019-11-13 13:12:45,560 [Thread-0] INFO  impl.RaftServerProxy (ConfUtils.java:logGet(43)) - raft.rpc.type = GRPC (default)
2019-11-13 13:12:45,560 [Thread-0] INFO  grpc.GrpcFactory (GrpcFactory.java:checkPooledByteBufAllocatorUseCacheForAllThreads(45)) - PERFORMANCE WARNING: useCacheForAllThreads is true that may cause Netty to create a lot garbage objects and, as a result, trigger GC.
	It is recommended to disable useCacheForAllThreads by setting -Dorg.apache.ratis.thirdparty.io.netty.allocator.useCacheForAllThreads=false in command line.
2019-11-13 13:12:45,560 [Thread-0] INFO  grpc.GrpcConfigKeys$Server (ConfUtils.java:logGet(43)) - raft.grpc.server.port = 0 (default)
2019-11-13 13:12:45,561 [Thread-0] INFO  server.GrpcService (ConfUtils.java:logGet(43)) - raft.grpc.message.size.max = 33570816 (custom)
2019-11-13 13:12:45,561 [Thread-0] INFO  server.RaftServerConfigKeys (ConfUtils.java:logGet(43)) - raft.server.log.appender.buffer.byte-limit = 33554432 (custom)
2019-11-13 13:12:45,561 [Thread-0] INFO  server.GrpcService (ConfUtils.java:logGet(43)) - raft.grpc.flow.control.window = 1MB (=1048576) (default)
2019-11-13 13:12:45,561 [Thread-0] INFO  server.RaftServerConfigKeys (ConfUtils.java:logGet(43)) - raft.server.rpc.request.timeout = 3000ms (default)
2019-11-13 13:12:45,562 [Thread-0] INFO  server.RaftServerConfigKeys (ConfUtils.java:logGet(43)) - raft.server.storage.dir = [/workdir/hadoop-ozone/integration-test/target/test-dir/MiniOzoneClusterImpl-e92505da-6c66-45ee-bd20-55499551ce33/datanode-1/data/ratis] (custom)
2019-11-13 13:12:45,564 [Thread-0] INFO  hdfs.DFSUtil (DFSUtil.java:httpServerTemplateForNNAndJN(1641)) - Starting Web-server for hddsDatanode at: http://0.0.0.0:0
2019-11-13 13:12:45,565 [Thread-0] INFO  server.AuthenticationFilter (AuthenticationFilter.java:constructSecretProvider(240)) - Unable to initialize FileSignerSecretProvider, falling back to use random secrets.
2019-11-13 13:12:45,565 [Thread-0] WARN  http.HttpRequestLog (HttpRequestLog.java:getRequestLog(97)) - Jetty request log can only be enabled using Log4j
2019-11-13 13:12:45,567 [Thread-0] INFO  http.HttpServer2 (HttpServer2.java:addGlobalFilter(975)) - Added global filter 'safety' (class=org.apache.hadoop.http.HttpServer2$QuotingInputFilter)
2019-11-13 13:12:45,568 [Thread-0] INFO  http.HttpServer2 (HttpServer2.java:addFilter(948)) - Added filter static_user_filter (class=org.apache.hadoop.http.lib.StaticUserWebFilter$StaticUserFilter) to context hddsDatanode
2019-11-13 13:12:45,568 [Thread-0] INFO  http.HttpServer2 (HttpServer2.java:addFilter(958)) - Added filter static_user_filter (class=org.apache.hadoop.http.lib.StaticUserWebFilter$StaticUserFilter) to context static
2019-11-13 13:12:45,568 [Thread-0] INFO  http.HttpServer2 (HttpServer2.java:addFilter(958)) - Added filter static_user_filter (class=org.apache.hadoop.http.lib.StaticUserWebFilter$StaticUserFilter) to context logs
2019-11-13 13:12:45,569 [Thread-0] INFO  http.HttpServer2 (HttpServer2.java:bindListener(1191)) - Jetty bound to port 41948
2019-11-13 13:12:45,569 [Thread-0] INFO  server.Server (Server.java:doStart(351)) - jetty-9.3.25.v20180904, build timestamp: 2018-09-04T21:11:46Z, git hash: 3ce520221d0240229c862b122d2b06c12a625732
2019-11-13 13:12:45,571 [Thread-0] INFO  handler.ContextHandler (ContextHandler.java:doStart(781)) - Started o.e.j.s.ServletContextHandler@7bd5acbc{/logs,file:///workdir/hadoop-ozone/integration-test/target/log,AVAILABLE}
2019-11-13 13:12:45,571 [Thread-0] INFO  handler.ContextHandler (ContextHandler.java:doStart(781)) - Started o.e.j.s.ServletContextHandler@1d8ff3f7{/static,jar:file:/home/user/.m2/repository/org/apache/hadoop/hadoop-hdds-container-service/0.5.0-SNAPSHOT/hadoop-hdds-container-service-0.5.0-SNAPSHOT.jar!/webapps/static,AVAILABLE}
2019-11-13 13:12:45,620 [Thread-0] INFO  handler.ContextHandler (ContextHandler.java:doStart(781)) - Started o.e.j.w.WebAppContext@7e239bd2{/,file:///tmp/jetty-0.0.0.0-41948-hddsDatanode-_-any-9158892778533566048.dir/webapp/,AVAILABLE}{/hddsDatanode}
2019-11-13 13:12:45,621 [Thread-0] INFO  server.AbstractConnector (AbstractConnector.java:doStart(278)) - Started ServerConnector@4d1cae5c{HTTP/1.1,[http/1.1]}{0.0.0.0:41948}
2019-11-13 13:12:45,621 [Thread-0] INFO  server.Server (Server.java:doStart(419)) - Started @9157ms
2019-11-13 13:12:45,621 [Thread-0] WARN  impl.MetricsSystemImpl (MetricsSystemImpl.java:register(276)) - Sink prometheus already exists!
2019-11-13 13:12:45,622 [Thread-0] INFO  server.BaseHttpServer (BaseHttpServer.java:updateConnectorAddress(215)) - HTTP server of HDDSDATANODE is listening at http://0.0.0.0:41948
2019-11-13 13:12:45,623 [Thread-0] INFO  impl.MetricsSystemImpl (MetricsSystemImpl.java:init(158)) - HddsDatanode metrics system started (again)
2019-11-13 13:12:45,625 [org.apache.hadoop.util.JvmPauseMonitor$Monitor@4a4cc3b4] INFO  util.JvmPauseMonitor (JvmPauseMonitor.java:run(188)) - Starting JVM pause monitor
2019-11-13 13:12:45,625 [Thread-0] INFO  ozone.HddsDatanodeService (HddsDatanodeService.java:start(186)) - HddsDatanodeService host:pr-hdds-2452-7vw7s-1330541530 ip:192.168.157.200
2019-11-13 13:12:45,632 [Thread-0] INFO  volume.HddsVolume (HddsVolume.java:<init>(176)) - Creating Volume: /workdir/hadoop-ozone/integration-test/target/test-dir/MiniOzoneClusterImpl-e92505da-6c66-45ee-bd20-55499551ce33/datanode-2/data/containers/hdds of  storage type : DISK and capacity : 1482555576320
2019-11-13 13:12:45,632 [Thread-0] INFO  volume.VolumeSet (VolumeSet.java:initializeVolumeSet(170)) - Added Volume : /workdir/hadoop-ozone/integration-test/target/test-dir/MiniOzoneClusterImpl-e92505da-6c66-45ee-bd20-55499551ce33/datanode-2/data/containers/hdds to VolumeSet
2019-11-13 13:12:45,632 [Thread-0] INFO  volume.ThrottledAsyncChecker (ThrottledAsyncChecker.java:schedule(141)) - Scheduling a check for /workdir/hadoop-ozone/integration-test/target/test-dir/MiniOzoneClusterImpl-e92505da-6c66-45ee-bd20-55499551ce33/datanode-2/data/containers/hdds
2019-11-13 13:12:45,633 [Thread-0] INFO  volume.HddsVolumeChecker (HddsVolumeChecker.java:checkAllVolumes(204)) - Scheduled health check for volume /workdir/hadoop-ozone/integration-test/target/test-dir/MiniOzoneClusterImpl-e92505da-6c66-45ee-bd20-55499551ce33/datanode-2/data/containers/hdds
2019-11-13 13:12:45,646 [Thread-0] INFO  impl.RaftServerProxy (ConfUtils.java:logGet(43)) - raft.rpc.type = GRPC (default)
2019-11-13 13:12:45,646 [Thread-0] INFO  grpc.GrpcFactory (GrpcFactory.java:checkPooledByteBufAllocatorUseCacheForAllThreads(45)) - PERFORMANCE WARNING: useCacheForAllThreads is true that may cause Netty to create a lot garbage objects and, as a result, trigger GC.
	It is recommended to disable useCacheForAllThreads by setting -Dorg.apache.ratis.thirdparty.io.netty.allocator.useCacheForAllThreads=false in command line.
2019-11-13 13:12:45,646 [Thread-0] INFO  grpc.GrpcConfigKeys$Server (ConfUtils.java:logGet(43)) - raft.grpc.server.port = 0 (default)
2019-11-13 13:12:45,647 [Thread-0] INFO  server.GrpcService (ConfUtils.java:logGet(43)) - raft.grpc.message.size.max = 33570816 (custom)
2019-11-13 13:12:45,647 [Thread-0] INFO  server.RaftServerConfigKeys (ConfUtils.java:logGet(43)) - raft.server.log.appender.buffer.byte-limit = 33554432 (custom)
2019-11-13 13:12:45,647 [Thread-0] INFO  server.GrpcService (ConfUtils.java:logGet(43)) - raft.grpc.flow.control.window = 1MB (=1048576) (default)
2019-11-13 13:12:45,647 [Thread-0] INFO  server.RaftServerConfigKeys (ConfUtils.java:logGet(43)) - raft.server.rpc.request.timeout = 3000ms (default)
2019-11-13 13:12:45,648 [Thread-0] INFO  server.RaftServerConfigKeys (ConfUtils.java:logGet(43)) - raft.server.storage.dir = [/workdir/hadoop-ozone/integration-test/target/test-dir/MiniOzoneClusterImpl-e92505da-6c66-45ee-bd20-55499551ce33/datanode-2/data/ratis] (custom)
2019-11-13 13:12:45,648 [Datanode State Machine Thread - 0] INFO  datanode.InitDatanodeState (InitDatanodeState.java:persistContainerDatanodeDetails(140)) - DatanodeDetails is persisted to /workdir/hadoop-ozone/integration-test/target/test-dir/MiniOzoneClusterImpl-e92505da-6c66-45ee-bd20-55499551ce33/datanode-0/meta/datanode.id
2019-11-13 13:12:45,651 [Thread-0] INFO  hdfs.DFSUtil (DFSUtil.java:httpServerTemplateForNNAndJN(1641)) - Starting Web-server for hddsDatanode at: http://0.0.0.0:0
2019-11-13 13:12:45,652 [Datanode State Machine Thread - 0] INFO  datanode.InitDatanodeState (InitDatanodeState.java:persistContainerDatanodeDetails(140)) - DatanodeDetails is persisted to /workdir/hadoop-ozone/integration-test/target/test-dir/MiniOzoneClusterImpl-e92505da-6c66-45ee-bd20-55499551ce33/datanode-1/meta/datanode.id
2019-11-13 13:12:45,661 [Thread-0] INFO  server.AuthenticationFilter (AuthenticationFilter.java:constructSecretProvider(240)) - Unable to initialize FileSignerSecretProvider, falling back to use random secrets.
2019-11-13 13:12:45,664 [Thread-0] WARN  http.HttpRequestLog (HttpRequestLog.java:getRequestLog(97)) - Jetty request log can only be enabled using Log4j
2019-11-13 13:12:45,668 [Thread-0] INFO  http.HttpServer2 (HttpServer2.java:addGlobalFilter(975)) - Added global filter 'safety' (class=org.apache.hadoop.http.HttpServer2$QuotingInputFilter)
2019-11-13 13:12:45,670 [Thread-0] INFO  http.HttpServer2 (HttpServer2.java:addFilter(948)) - Added filter static_user_filter (class=org.apache.hadoop.http.lib.StaticUserWebFilter$StaticUserFilter) to context hddsDatanode
2019-11-13 13:12:45,670 [Thread-0] INFO  http.HttpServer2 (HttpServer2.java:addFilter(958)) - Added filter static_user_filter (class=org.apache.hadoop.http.lib.StaticUserWebFilter$StaticUserFilter) to context logs
2019-11-13 13:12:45,670 [Thread-0] INFO  http.HttpServer2 (HttpServer2.java:addFilter(958)) - Added filter static_user_filter (class=org.apache.hadoop.http.lib.StaticUserWebFilter$StaticUserFilter) to context static
2019-11-13 13:12:45,672 [Thread-0] INFO  http.HttpServer2 (HttpServer2.java:bindListener(1191)) - Jetty bound to port 33445
2019-11-13 13:12:45,672 [Thread-0] INFO  server.Server (Server.java:doStart(351)) - jetty-9.3.25.v20180904, build timestamp: 2018-09-04T21:11:46Z, git hash: 3ce520221d0240229c862b122d2b06c12a625732
2019-11-13 13:12:45,677 [Thread-0] INFO  handler.ContextHandler (ContextHandler.java:doStart(781)) - Started o.e.j.s.ServletContextHandler@712cd18d{/logs,file:///workdir/hadoop-ozone/integration-test/target/log,AVAILABLE}
2019-11-13 13:12:45,678 [Thread-0] INFO  handler.ContextHandler (ContextHandler.java:doStart(781)) - Started o.e.j.s.ServletContextHandler@1c2d2101{/static,jar:file:/home/user/.m2/repository/org/apache/hadoop/hadoop-hdds-container-service/0.5.0-SNAPSHOT/hadoop-hdds-container-service-0.5.0-SNAPSHOT.jar!/webapps/static,AVAILABLE}
2019-11-13 13:12:45,721 [Thread-0] INFO  handler.ContextHandler (ContextHandler.java:doStart(781)) - Started o.e.j.w.WebAppContext@74da6324{/,file:///tmp/jetty-0.0.0.0-33445-hddsDatanode-_-any-5496675313189892976.dir/webapp/,AVAILABLE}{/hddsDatanode}
2019-11-13 13:12:45,722 [Thread-0] INFO  server.AbstractConnector (AbstractConnector.java:doStart(278)) - Started ServerConnector@2cbb16a4{HTTP/1.1,[http/1.1]}{0.0.0.0:33445}
2019-11-13 13:12:45,722 [Thread-0] INFO  server.Server (Server.java:doStart(419)) - Started @9258ms
2019-11-13 13:12:45,722 [Thread-0] WARN  impl.MetricsSystemImpl (MetricsSystemImpl.java:register(276)) - Sink prometheus already exists!
2019-11-13 13:12:45,723 [Thread-0] INFO  server.BaseHttpServer (BaseHttpServer.java:updateConnectorAddress(215)) - HTTP server of HDDSDATANODE is listening at http://0.0.0.0:33445
2019-11-13 13:12:45,725 [Thread-0] INFO  ozone.MiniOzoneClusterImpl (MiniOzoneClusterImpl.java:lambda$waitForClusterToBeReady$2(171)) - Waiting for cluster to be ready. Got 0 of 3 DN Heartbeats.
2019-11-13 13:12:45,725 [org.apache.hadoop.util.JvmPauseMonitor$Monitor@1db7e08] INFO  util.JvmPauseMonitor (JvmPauseMonitor.java:run(188)) - Starting JVM pause monitor
2019-11-13 13:12:45,728 [Datanode State Machine Thread - 0] INFO  datanode.InitDatanodeState (InitDatanodeState.java:persistContainerDatanodeDetails(140)) - DatanodeDetails is persisted to /workdir/hadoop-ozone/integration-test/target/test-dir/MiniOzoneClusterImpl-e92505da-6c66-45ee-bd20-55499551ce33/datanode-2/meta/datanode.id
2019-11-13 13:12:46,725 [Thread-0] INFO  ozone.MiniOzoneClusterImpl (MiniOzoneClusterImpl.java:lambda$waitForClusterToBeReady$2(171)) - Waiting for cluster to be ready. Got 0 of 3 DN Heartbeats.
2019-11-13 13:12:47,658 [Datanode State Machine Thread - 0] INFO  ozoneimpl.OzoneContainer (OzoneContainer.java:start(230)) - Attempting to start container services.
2019-11-13 13:12:47,661 [Datanode State Machine Thread - 0] INFO  ozoneimpl.OzoneContainer (OzoneContainer.java:startContainerScrub(194)) - Background container scanner has been disabled.
2019-11-13 13:12:47,661 [Datanode State Machine Thread - 0] INFO  ratis.XceiverServerRatis (XceiverServerRatis.java:start(421)) - Starting XceiverServerRatis b5a4ecdb-5d6c-461c-863f-1560fea02e6e at port 0
2019-11-13 13:12:47,673 [Datanode State Machine Thread - 0] INFO  ozoneimpl.OzoneContainer (OzoneContainer.java:start(230)) - Attempting to start container services.
2019-11-13 13:12:47,678 [Datanode State Machine Thread - 0] INFO  ozoneimpl.OzoneContainer (OzoneContainer.java:startContainerScrub(194)) - Background container scanner has been disabled.
2019-11-13 13:12:47,678 [Datanode State Machine Thread - 0] INFO  ratis.XceiverServerRatis (XceiverServerRatis.java:start(421)) - Starting XceiverServerRatis c10d6a1c-a480-4bcf-a079-6a7ef0d7c319 at port 0
2019-11-13 13:12:47,689 [Datanode State Machine Thread - 0] INFO  impl.RaftServerProxy (RaftServerProxy.java:lambda$start$3(299)) - b5a4ecdb-5d6c-461c-863f-1560fea02e6e: start RPC server
2019-11-13 13:12:47,691 [Datanode State Machine Thread - 0] INFO  impl.RaftServerProxy (RaftServerProxy.java:lambda$start$3(299)) - c10d6a1c-a480-4bcf-a079-6a7ef0d7c319: start RPC server
2019-11-13 13:12:47,725 [Thread-0] INFO  ozone.MiniOzoneClusterImpl (MiniOzoneClusterImpl.java:lambda$waitForClusterToBeReady$2(171)) - Waiting for cluster to be ready. Got 0 of 3 DN Heartbeats.
2019-11-13 13:12:47,802 [Datanode State Machine Thread - 0] INFO  server.GrpcService (GrpcService.java:startImpl(158)) - c10d6a1c-a480-4bcf-a079-6a7ef0d7c319: GrpcService started, listening on 0.0.0.0/0.0.0.0:38037
2019-11-13 13:12:47,802 [Datanode State Machine Thread - 0] INFO  server.GrpcService (GrpcService.java:startImpl(158)) - b5a4ecdb-5d6c-461c-863f-1560fea02e6e: GrpcService started, listening on 0.0.0.0/0.0.0.0:45174
2019-11-13 13:12:47,803 [Datanode State Machine Thread - 0] INFO  ratis.XceiverServerRatis (XceiverServerRatis.java:start(431)) - XceiverServerRatis c10d6a1c-a480-4bcf-a079-6a7ef0d7c319 is started using port 38037
2019-11-13 13:12:47,803 [Datanode State Machine Thread - 0] INFO  ratis.XceiverServerRatis (XceiverServerRatis.java:start(431)) - XceiverServerRatis b5a4ecdb-5d6c-461c-863f-1560fea02e6e is started using port 45174
2019-11-13 13:12:47,806 [Datanode State Machine Thread - 0] INFO  server.XceiverServerGrpc (XceiverServerGrpc.java:start(145)) - XceiverServerGrpc c10d6a1c-a480-4bcf-a079-6a7ef0d7c319 is started using port 43356
2019-11-13 13:12:47,806 [Datanode State Machine Thread - 0] INFO  server.XceiverServerGrpc (XceiverServerGrpc.java:start(145)) - XceiverServerGrpc b5a4ecdb-5d6c-461c-863f-1560fea02e6e is started using port 46415
2019-11-13 13:12:47,817 [Datanode State Machine Thread - 0] INFO  ozoneimpl.OzoneContainer (OzoneContainer.java:start(230)) - Attempting to start container services.
2019-11-13 13:12:47,819 [Datanode State Machine Thread - 0] INFO  ozoneimpl.OzoneContainer (OzoneContainer.java:startContainerScrub(194)) - Background container scanner has been disabled.
2019-11-13 13:12:47,819 [Datanode State Machine Thread - 0] INFO  ratis.XceiverServerRatis (XceiverServerRatis.java:start(421)) - Starting XceiverServerRatis c7dff89d-e8a4-4fa8-95ec-49ba050a48ac at port 0
2019-11-13 13:12:47,826 [Datanode State Machine Thread - 0] INFO  impl.RaftServerProxy (RaftServerProxy.java:lambda$start$3(299)) - c7dff89d-e8a4-4fa8-95ec-49ba050a48ac: start RPC server
2019-11-13 13:12:47,828 [Datanode State Machine Thread - 0] INFO  server.GrpcService (GrpcService.java:startImpl(158)) - c7dff89d-e8a4-4fa8-95ec-49ba050a48ac: GrpcService started, listening on 0.0.0.0/0.0.0.0:41564
2019-11-13 13:12:47,828 [Datanode State Machine Thread - 0] INFO  ratis.XceiverServerRatis (XceiverServerRatis.java:start(431)) - XceiverServerRatis c7dff89d-e8a4-4fa8-95ec-49ba050a48ac is started using port 41564
2019-11-13 13:12:47,830 [Datanode State Machine Thread - 0] INFO  server.XceiverServerGrpc (XceiverServerGrpc.java:start(145)) - XceiverServerGrpc c7dff89d-e8a4-4fa8-95ec-49ba050a48ac is started using port 34798
2019-11-13 13:12:48,726 [Thread-0] INFO  ozone.MiniOzoneClusterImpl (MiniOzoneClusterImpl.java:lambda$waitForClusterToBeReady$2(171)) - Waiting for cluster to be ready. Got 0 of 3 DN Heartbeats.
2019-11-13 13:12:49,572 [IPC Server handler 1 on 44051] INFO  net.NetworkTopology (NetworkTopologyImpl.java:add(111)) - Added a new node: /default-rack/b5a4ecdb-5d6c-461c-863f-1560fea02e6e
2019-11-13 13:12:49,575 [IPC Server handler 1 on 44051] INFO  node.SCMNodeManager (SCMNodeManager.java:register(267)) - Registered Data node : b5a4ecdb-5d6c-461c-863f-1560fea02e6e{ip: 192.168.157.200, host: pr-hdds-2452-7vw7s-1330541530, networkLocation: /default-rack, certSerialId: null}
2019-11-13 13:12:49,577 [EventQueue-NodeRegistrationContainerReportForDataNodeSafeModeRule] INFO  safemode.SCMSafeModeManager (DataNodeSafeModeRule.java:process(71)) - SCM in safe mode. 1 DataNodes registered, 1 required.
2019-11-13 13:12:49,577 [EventQueue-NodeRegistrationContainerReportForContainerSafeModeRule] INFO  safemode.SCMSafeModeManager (SCMSafeModeManager.java:validateSafeModeExitRules(177)) - ScmSafeModeManager, all rules are successfully validated
2019-11-13 13:12:49,578 [EventQueue-NodeRegistrationContainerReportForContainerSafeModeRule] INFO  safemode.SCMSafeModeManager (SCMSafeModeManager.java:exitSafeMode(193)) - SCM exiting safe mode.
2019-11-13 13:12:49,627 [IPC Server handler 3 on 44051] INFO  net.NetworkTopology (NetworkTopologyImpl.java:add(111)) - Added a new node: /default-rack/c10d6a1c-a480-4bcf-a079-6a7ef0d7c319
2019-11-13 13:12:49,628 [IPC Server handler 3 on 44051] INFO  node.SCMNodeManager (SCMNodeManager.java:register(267)) - Registered Data node : c10d6a1c-a480-4bcf-a079-6a7ef0d7c319{ip: 192.168.157.200, host: pr-hdds-2452-7vw7s-1330541530, networkLocation: /default-rack, certSerialId: null}
2019-11-13 13:12:49,728 [IPC Server handler 1 on 44051] INFO  net.NetworkTopology (NetworkTopologyImpl.java:add(111)) - Added a new node: /default-rack/c7dff89d-e8a4-4fa8-95ec-49ba050a48ac
2019-11-13 13:12:49,729 [IPC Server handler 1 on 44051] INFO  node.SCMNodeManager (SCMNodeManager.java:register(267)) - Registered Data node : c7dff89d-e8a4-4fa8-95ec-49ba050a48ac{ip: 192.168.157.200, host: pr-hdds-2452-7vw7s-1330541530, networkLocation: /default-rack, certSerialId: null}
2019-11-13 13:12:49,995 [grpc-default-executor-0] INFO  impl.RaftServerProxy (RaftServerProxy.java:addNew(89)) - b5a4ecdb-5d6c-461c-863f-1560fea02e6e: addNew group-B8496B711166:[b5a4ecdb-5d6c-461c-863f-1560fea02e6e:192.168.157.200:45174] returns group-B8496B711166:java.util.concurrent.CompletableFuture@df90a4a[Not completed]
2019-11-13 13:12:50,007 [pool-27-thread-1] INFO  impl.RaftServerImpl (RaftServerImpl.java:<init>(98)) - b5a4ecdb-5d6c-461c-863f-1560fea02e6e: new RaftServerImpl for group-B8496B711166:[b5a4ecdb-5d6c-461c-863f-1560fea02e6e:192.168.157.200:45174] with ContainerStateMachine:uninitialized
2019-11-13 13:12:50,009 [pool-27-thread-1] INFO  server.RaftServerConfigKeys (ConfUtils.java:logGet(43)) - raft.server.rpc.timeout.min = 5s (custom)
2019-11-13 13:12:50,010 [pool-27-thread-1] INFO  server.RaftServerConfigKeys (ConfUtils.java:logGet(43)) - raft.server.rpc.timeout.max = 5200ms (custom)
2019-11-13 13:12:50,010 [pool-27-thread-1] INFO  server.RaftServerConfigKeys (ConfUtils.java:logGet(43)) - raft.server.rpcslowness.timeout = 120s (custom)
2019-11-13 13:12:50,010 [pool-27-thread-1] INFO  server.RaftServerConfigKeys (ConfUtils.java:logGet(43)) - raft.server.sleep.deviation.threshold = 300 (default)
2019-11-13 13:12:50,011 [pool-27-thread-1] INFO  server.RaftServerConfigKeys (ConfUtils.java:logGet(43)) - raft.server.log.appender.install.snapshot.enabled = false (custom)
2019-11-13 13:12:50,017 [pool-27-thread-1] INFO  impl.RaftServerImpl (ServerState.java:<init>(103)) - b5a4ecdb-5d6c-461c-863f-1560fea02e6e@group-B8496B711166: ConfigurationManager, init=-1: [b5a4ecdb-5d6c-461c-863f-1560fea02e6e:192.168.157.200:45174], old=null, confs=<EMPTY_MAP>
2019-11-13 13:12:50,017 [pool-27-thread-1] INFO  server.RaftServerConfigKeys (ConfUtils.java:logGet(43)) - raft.server.storage.dir = [/workdir/hadoop-ozone/integration-test/target/test-dir/MiniOzoneClusterImpl-e92505da-6c66-45ee-bd20-55499551ce33/datanode-0/data/ratis] (custom)
2019-11-13 13:12:50,022 [pool-27-thread-1] INFO  server.RaftServerConfigKeys (ConfUtils.java:logGet(43)) - raft.server.log.corruption.policy = EXCEPTION (default)
2019-11-13 13:12:50,023 [pool-27-thread-1] INFO  storage.RaftStorageDirectory (RaftStorageDirectory.java:analyzeStorage(246)) - The storage directory /workdir/hadoop-ozone/integration-test/target/test-dir/MiniOzoneClusterImpl-e92505da-6c66-45ee-bd20-55499551ce33/datanode-0/data/ratis/c54102d3-47e4-4ec9-8167-b8496b711166 does not exist. Creating ...
2019-11-13 13:12:50,060 [pool-27-thread-1] INFO  storage.RaftStorageDirectory (RaftStorageDirectory.java:tryLock(328)) - Lock on /workdir/hadoop-ozone/integration-test/target/test-dir/MiniOzoneClusterImpl-e92505da-6c66-45ee-bd20-55499551ce33/datanode-0/data/ratis/c54102d3-47e4-4ec9-8167-b8496b711166/in_use.lock acquired by nodename 32512@pr-hdds-2452-7vw7s-1330541530
2019-11-13 13:12:50,154 [pool-27-thread-1] INFO  storage.RaftStorage (RaftStorage.java:format(84)) - Storage directory /workdir/hadoop-ozone/integration-test/target/test-dir/MiniOzoneClusterImpl-e92505da-6c66-45ee-bd20-55499551ce33/datanode-0/data/ratis/c54102d3-47e4-4ec9-8167-b8496b711166 has been successfully formatted.
2019-11-13 13:12:50,158 [pool-27-thread-1] INFO  ratis.ContainerStateMachine (ContainerStateMachine.java:loadSnapshot(223)) - group-B8496B711166: The snapshot info is null. Setting the last applied indexto:(t:0, i:~)
2019-11-13 13:12:50,158 [pool-27-thread-1] INFO  server.RaftServerConfigKeys (ConfUtils.java:logGet(43)) - raft.server.notification.no-leader.timeout = 120s (custom)
2019-11-13 13:12:50,161 [pool-27-thread-1] INFO  server.RaftServerConfigKeys (ConfUtils.java:logGet(43)) - raft.server.log.use.memory = false (default)
2019-11-13 13:12:50,170 [pool-27-thread-1] INFO  server.RaftServerConfigKeys (ConfUtils.java:logGet(43)) - raft.server.log.purge.gap = 1000000 (custom)
2019-11-13 13:12:50,170 [pool-27-thread-1] INFO  server.RaftServerConfigKeys (ConfUtils.java:logGet(43)) - raft.server.log.appender.buffer.byte-limit = 33554432 (custom)
2019-11-13 13:12:50,174 [pool-27-thread-1] INFO  server.RaftServerConfigKeys (ConfUtils.java:logGet(43)) - raft.server.log.segment.size.max = 1048576 (custom)
2019-11-13 13:12:50,183 [pool-27-thread-1] INFO  metrics.MetricRegistries (MetricRegistriesLoader.java:load(64)) - Loaded MetricRegistries class org.apache.ratis.metrics.impl.MetricRegistriesImpl
2019-11-13 13:12:50,189 [pool-27-thread-1] WARN  impl.MetricRegistriesImpl (MetricRegistriesImpl.java:lambda$create$1(61)) - First MetricRegistry has been created without registering reporters. You may need to call MetricRegistries.global().addReportRegistration(...) before.
2019-11-13 13:12:50,197 [pool-27-thread-1] INFO  server.RaftServerConfigKeys (ConfUtils.java:logGet(43)) - raft.server.log.segment.cache.num.max = 2 (custom)
2019-11-13 13:12:50,205 [pool-27-thread-1] INFO  segmented.SegmentedRaftLogWorker (SegmentedRaftLogWorker.java:<init>(173)) - new b5a4ecdb-5d6c-461c-863f-1560fea02e6e@group-B8496B711166-SegmentedRaftLogWorker for RaftStorage:Storage Directory /workdir/hadoop-ozone/integration-test/target/test-dir/MiniOzoneClusterImpl-e92505da-6c66-45ee-bd20-55499551ce33/datanode-0/data/ratis/c54102d3-47e4-4ec9-8167-b8496b711166
2019-11-13 13:12:50,206 [pool-27-thread-1] INFO  server.RaftServerConfigKeys (ConfUtils.java:logGet(43)) - raft.server.log.queue.byte-limit = 2147483647 (custom)
2019-11-13 13:12:50,207 [pool-27-thread-1] INFO  server.RaftServerConfigKeys (ConfUtils.java:logGet(43)) - raft.server.log.queue.element-limit = 1024 (custom)
2019-11-13 13:12:50,209 [pool-27-thread-1] INFO  server.RaftServerConfigKeys (ConfUtils.java:logGet(43)) - raft.server.log.segment.size.max = 1048576 (custom)
2019-11-13 13:12:50,210 [pool-27-thread-1] INFO  server.RaftServerConfigKeys (ConfUtils.java:logGet(43)) - raft.server.log.preallocated.size = 16384 (custom)
2019-11-13 13:12:50,211 [pool-27-thread-1] INFO  server.RaftServerConfigKeys (ConfUtils.java:logGet(43)) - raft.server.log.write.buffer.size = 33554432 (custom)
2019-11-13 13:12:50,212 [pool-27-thread-1] INFO  server.RaftServerConfigKeys (ConfUtils.java:logGet(43)) - raft.server.log.force.sync.num = 128 (default)
2019-11-13 13:12:50,214 [pool-27-thread-1] INFO  server.RaftServerConfigKeys (ConfUtils.java:logGet(43)) - raft.server.log.statemachine.data.sync = true (default)
2019-11-13 13:12:50,214 [pool-27-thread-1] INFO  server.RaftServerConfigKeys (ConfUtils.java:logGet(43)) - raft.server.log.statemachine.data.sync.timeout = 10s (default)
2019-11-13 13:12:50,215 [pool-27-thread-1] INFO  server.RaftServerConfigKeys (ConfUtils.java:logGet(43)) - raft.server.log.statemachine.data.sync.timeout.retry = -1 (default)
2019-11-13 13:12:50,230 [pool-27-thread-1] INFO  server.RaftServerConfigKeys (ConfUtils.java:logGet(43)) - raft.server.log.statemachine.data.caching.enabled = true (custom)
2019-11-13 13:12:50,235 [pool-27-thread-1] INFO  segmented.SegmentedRaftLogWorker (SegmentedRaftLogWorker.java:lambda$new$0(128)) - b5a4ecdb-5d6c-461c-863f-1560fea02e6e@group-B8496B711166-SegmentedRaftLogWorker: flushIndex: setUnconditionally 0 -> -1
2019-11-13 13:12:50,240 [pool-27-thread-1] INFO  server.RaftServerConfigKeys (ConfUtils.java:logGet(43)) - raft.server.snapshot.auto.trigger.enabled = true (custom)
2019-11-13 13:12:50,241 [pool-27-thread-1] INFO  server.RaftServerConfigKeys (ConfUtils.java:logGet(43)) - raft.server.snapshot.auto.trigger.threshold = 10000 (custom)
2019-11-13 13:12:50,242 [pool-27-thread-1] INFO  server.RaftServerConfigKeys (ConfUtils.java:logGet(43)) - raft.server.snapshot.retention.file.num = 5 (custom)
2019-11-13 13:12:50,242 [pool-27-thread-1] INFO  server.RaftServerConfigKeys (ConfUtils.java:logGet(43)) - raft.server.retrycache.expirytime = 600000ms (custom)
2019-11-13 13:12:50,264 [pool-27-thread-1] WARN  impl.MetricRegistriesImpl (MetricRegistriesImpl.java:lambda$create$1(61)) - First MetricRegistry has been created without registering reporters. You may need to call MetricRegistries.global().addReportRegistration(...) before.
2019-11-13 13:12:50,266 [pool-27-thread-1] WARN  impl.MetricRegistriesImpl (MetricRegistriesImpl.java:lambda$create$1(61)) - First MetricRegistry has been created without registering reporters. You may need to call MetricRegistries.global().addReportRegistration(...) before.
2019-11-13 13:12:50,268 [pool-27-thread-1] INFO  impl.RaftServerImpl (RaftServerImpl.java:start(184)) - b5a4ecdb-5d6c-461c-863f-1560fea02e6e@group-B8496B711166: start as a follower, conf=-1: [b5a4ecdb-5d6c-461c-863f-1560fea02e6e:192.168.157.200:45174], old=null
2019-11-13 13:12:50,269 [pool-27-thread-1] INFO  impl.RaftServerImpl (RaftServerImpl.java:setRole(173)) - b5a4ecdb-5d6c-461c-863f-1560fea02e6e@group-B8496B711166: changes role from      null to FOLLOWER at term 0 for startAsFollower
2019-11-13 13:12:50,270 [pool-27-thread-1] INFO  impl.RoleInfo (RoleInfo.java:updateAndGet(143)) - b5a4ecdb-5d6c-461c-863f-1560fea02e6e: start FollowerState
2019-11-13 13:12:50,271 [pool-27-thread-1] INFO  util.JmxRegister (JmxRegister.java:tryRegister(44)) - Successfully registered JMX Bean with object name Ratis:service=RaftServer,group=group-B8496B711166,id=b5a4ecdb-5d6c-461c-863f-1560fea02e6e
2019-11-13 13:12:50,273 [pool-27-thread-1] WARN  impl.MetricRegistriesImpl (MetricRegistriesImpl.java:lambda$create$1(61)) - First MetricRegistry has been created without registering reporters. You may need to call MetricRegistries.global().addReportRegistration(...) before.
2019-11-13 13:12:50,332 [RatisPipelineUtilsThread] INFO  pipeline.PipelineStateManager (PipelineStateManager.java:addPipeline(55)) - Created pipeline Pipeline[ Id: c54102d3-47e4-4ec9-8167-b8496b711166, Nodes: b5a4ecdb-5d6c-461c-863f-1560fea02e6e{ip: 192.168.157.200, host: pr-hdds-2452-7vw7s-1330541530, networkLocation: /default-rack, certSerialId: null}, Type:RATIS, Factor:ONE, State:ALLOCATED]
2019-11-13 13:12:50,350 [grpc-default-executor-0] INFO  impl.RaftServerProxy (RaftServerProxy.java:addNew(89)) - c10d6a1c-a480-4bcf-a079-6a7ef0d7c319: addNew group-E728A553F9A7:[c10d6a1c-a480-4bcf-a079-6a7ef0d7c319:192.168.157.200:38037] returns group-E728A553F9A7:java.util.concurrent.CompletableFuture@7a515468[Not completed]
2019-11-13 13:12:50,372 [pool-37-thread-1] INFO  impl.RaftServerImpl (RaftServerImpl.java:<init>(98)) - c10d6a1c-a480-4bcf-a079-6a7ef0d7c319: new RaftServerImpl for group-E728A553F9A7:[c10d6a1c-a480-4bcf-a079-6a7ef0d7c319:192.168.157.200:38037] with ContainerStateMachine:uninitialized
2019-11-13 13:12:50,373 [pool-37-thread-1] INFO  server.RaftServerConfigKeys (ConfUtils.java:logGet(43)) - raft.server.rpc.timeout.min = 5s (custom)
2019-11-13 13:12:50,373 [pool-37-thread-1] INFO  server.RaftServerConfigKeys (ConfUtils.java:logGet(43)) - raft.server.rpc.timeout.max = 5200ms (custom)
2019-11-13 13:12:50,373 [pool-37-thread-1] INFO  server.RaftServerConfigKeys (ConfUtils.java:logGet(43)) - raft.server.rpcslowness.timeout = 120s (custom)
2019-11-13 13:12:50,373 [pool-37-thread-1] INFO  server.RaftServerConfigKeys (ConfUtils.java:logGet(43)) - raft.server.sleep.deviation.threshold = 300 (default)
2019-11-13 13:12:50,373 [pool-37-thread-1] INFO  server.RaftServerConfigKeys (ConfUtils.java:logGet(43)) - raft.server.log.appender.install.snapshot.enabled = false (custom)
2019-11-13 13:12:50,374 [pool-37-thread-1] INFO  impl.RaftServerImpl (ServerState.java:<init>(103)) - c10d6a1c-a480-4bcf-a079-6a7ef0d7c319@group-E728A553F9A7: ConfigurationManager, init=-1: [c10d6a1c-a480-4bcf-a079-6a7ef0d7c319:192.168.157.200:38037], old=null, confs=<EMPTY_MAP>
2019-11-13 13:12:50,374 [pool-37-thread-1] INFO  server.RaftServerConfigKeys (ConfUtils.java:logGet(43)) - raft.server.storage.dir = [/workdir/hadoop-ozone/integration-test/target/test-dir/MiniOzoneClusterImpl-e92505da-6c66-45ee-bd20-55499551ce33/datanode-1/data/ratis] (custom)
2019-11-13 13:12:50,374 [pool-37-thread-1] INFO  server.RaftServerConfigKeys (ConfUtils.java:logGet(43)) - raft.server.log.corruption.policy = EXCEPTION (default)
2019-11-13 13:12:50,374 [pool-37-thread-1] INFO  storage.RaftStorageDirectory (RaftStorageDirectory.java:analyzeStorage(246)) - The storage directory /workdir/hadoop-ozone/integration-test/target/test-dir/MiniOzoneClusterImpl-e92505da-6c66-45ee-bd20-55499551ce33/datanode-1/data/ratis/d242cb84-a6ec-4acb-bc01-e728a553f9a7 does not exist. Creating ...
2019-11-13 13:12:50,410 [pool-37-thread-1] INFO  storage.RaftStorageDirectory (RaftStorageDirectory.java:tryLock(328)) - Lock on /workdir/hadoop-ozone/integration-test/target/test-dir/MiniOzoneClusterImpl-e92505da-6c66-45ee-bd20-55499551ce33/datanode-1/data/ratis/d242cb84-a6ec-4acb-bc01-e728a553f9a7/in_use.lock acquired by nodename 32512@pr-hdds-2452-7vw7s-1330541530
2019-11-13 13:12:50,495 [pool-37-thread-1] INFO  storage.RaftStorage (RaftStorage.java:format(84)) - Storage directory /workdir/hadoop-ozone/integration-test/target/test-dir/MiniOzoneClusterImpl-e92505da-6c66-45ee-bd20-55499551ce33/datanode-1/data/ratis/d242cb84-a6ec-4acb-bc01-e728a553f9a7 has been successfully formatted.
2019-11-13 13:12:50,496 [pool-37-thread-1] INFO  ratis.ContainerStateMachine (ContainerStateMachine.java:loadSnapshot(223)) - group-E728A553F9A7: The snapshot info is null. Setting the last applied indexto:(t:0, i:~)
2019-11-13 13:12:50,497 [pool-37-thread-1] INFO  server.RaftServerConfigKeys (ConfUtils.java:logGet(43)) - raft.server.notification.no-leader.timeout = 120s (custom)
2019-11-13 13:12:50,497 [pool-37-thread-1] INFO  server.RaftServerConfigKeys (ConfUtils.java:logGet(43)) - raft.server.log.use.memory = false (default)
2019-11-13 13:12:50,498 [pool-37-thread-1] INFO  server.RaftServerConfigKeys (ConfUtils.java:logGet(43)) - raft.server.log.purge.gap = 1000000 (custom)
2019-11-13 13:12:50,498 [pool-37-thread-1] INFO  server.RaftServerConfigKeys (ConfUtils.java:logGet(43)) - raft.server.log.appender.buffer.byte-limit = 33554432 (custom)
2019-11-13 13:12:50,498 [pool-37-thread-1] INFO  server.RaftServerConfigKeys (ConfUtils.java:logGet(43)) - raft.server.log.segment.size.max = 1048576 (custom)
2019-11-13 13:12:50,498 [pool-37-thread-1] WARN  impl.MetricRegistriesImpl (MetricRegistriesImpl.java:lambda$create$1(61)) - First MetricRegistry has been created without registering reporters. You may need to call MetricRegistries.global().addReportRegistration(...) before.
2019-11-13 13:12:50,499 [pool-37-thread-1] INFO  server.RaftServerConfigKeys (ConfUtils.java:logGet(43)) - raft.server.log.segment.cache.num.max = 2 (custom)
2019-11-13 13:12:50,500 [pool-37-thread-1] INFO  segmented.SegmentedRaftLogWorker (SegmentedRaftLogWorker.java:<init>(173)) - new c10d6a1c-a480-4bcf-a079-6a7ef0d7c319@group-E728A553F9A7-SegmentedRaftLogWorker for RaftStorage:Storage Directory /workdir/hadoop-ozone/integration-test/target/test-dir/MiniOzoneClusterImpl-e92505da-6c66-45ee-bd20-55499551ce33/datanode-1/data/ratis/d242cb84-a6ec-4acb-bc01-e728a553f9a7
2019-11-13 13:12:50,501 [pool-37-thread-1] INFO  server.RaftServerConfigKeys (ConfUtils.java:logGet(43)) - raft.server.log.queue.byte-limit = 2147483647 (custom)
2019-11-13 13:12:50,501 [pool-37-thread-1] INFO  server.RaftServerConfigKeys (ConfUtils.java:logGet(43)) - raft.server.log.queue.element-limit = 1024 (custom)
2019-11-13 13:12:50,501 [pool-37-thread-1] INFO  server.RaftServerConfigKeys (ConfUtils.java:logGet(43)) - raft.server.log.segment.size.max = 1048576 (custom)
2019-11-13 13:12:50,501 [pool-37-thread-1] INFO  server.RaftServerConfigKeys (ConfUtils.java:logGet(43)) - raft.server.log.preallocated.size = 16384 (custom)
2019-11-13 13:12:50,502 [pool-37-thread-1] INFO  server.RaftServerConfigKeys (ConfUtils.java:logGet(43)) - raft.server.log.write.buffer.size = 33554432 (custom)
2019-11-13 13:12:50,502 [pool-37-thread-1] INFO  server.RaftServerConfigKeys (ConfUtils.java:logGet(43)) - raft.server.log.force.sync.num = 128 (default)
2019-11-13 13:12:50,502 [pool-37-thread-1] INFO  server.RaftServerConfigKeys (ConfUtils.java:logGet(43)) - raft.server.log.statemachine.data.sync = true (default)
2019-11-13 13:12:50,502 [pool-37-thread-1] INFO  server.RaftServerConfigKeys (ConfUtils.java:logGet(43)) - raft.server.log.statemachine.data.sync.timeout = 10s (default)
2019-11-13 13:12:50,503 [pool-37-thread-1] INFO  server.RaftServerConfigKeys (ConfUtils.java:logGet(43)) - raft.server.log.statemachine.data.sync.timeout.retry = -1 (default)
2019-11-13 13:12:50,503 [pool-37-thread-1] INFO  server.RaftServerConfigKeys (ConfUtils.java:logGet(43)) - raft.server.log.statemachine.data.caching.enabled = true (custom)
2019-11-13 13:12:50,504 [pool-37-thread-1] INFO  segmented.SegmentedRaftLogWorker (SegmentedRaftLogWorker.java:lambda$new$0(128)) - c10d6a1c-a480-4bcf-a079-6a7ef0d7c319@group-E728A553F9A7-SegmentedRaftLogWorker: flushIndex: setUnconditionally 0 -> -1
2019-11-13 13:12:50,504 [pool-37-thread-1] INFO  server.RaftServerConfigKeys (ConfUtils.java:logGet(43)) - raft.server.snapshot.auto.trigger.enabled = true (custom)
2019-11-13 13:12:50,504 [pool-37-thread-1] INFO  server.RaftServerConfigKeys (ConfUtils.java:logGet(43)) - raft.server.snapshot.auto.trigger.threshold = 10000 (custom)
2019-11-13 13:12:50,505 [pool-37-thread-1] INFO  server.RaftServerConfigKeys (ConfUtils.java:logGet(43)) - raft.server.snapshot.retention.file.num = 5 (custom)
2019-11-13 13:12:50,505 [pool-37-thread-1] INFO  server.RaftServerConfigKeys (ConfUtils.java:logGet(43)) - raft.server.retrycache.expirytime = 600000ms (custom)
2019-11-13 13:12:50,505 [pool-37-thread-1] WARN  impl.MetricRegistriesImpl (MetricRegistriesImpl.java:lambda$create$1(61)) - First MetricRegistry has been created without registering reporters. You may need to call MetricRegistries.global().addReportRegistration(...) before.
2019-11-13 13:12:50,506 [pool-37-thread-1] WARN  impl.MetricRegistriesImpl (MetricRegistriesImpl.java:lambda$create$1(61)) - First MetricRegistry has been created without registering reporters. You may need to call MetricRegistries.global().addReportRegistration(...) before.
2019-11-13 13:12:50,506 [pool-37-thread-1] INFO  impl.RaftServerImpl (RaftServerImpl.java:start(184)) - c10d6a1c-a480-4bcf-a079-6a7ef0d7c319@group-E728A553F9A7: start as a follower, conf=-1: [c10d6a1c-a480-4bcf-a079-6a7ef0d7c319:192.168.157.200:38037], old=null
2019-11-13 13:12:50,506 [pool-37-thread-1] INFO  impl.RaftServerImpl (RaftServerImpl.java:setRole(173)) - c10d6a1c-a480-4bcf-a079-6a7ef0d7c319@group-E728A553F9A7: changes role from      null to FOLLOWER at term 0 for startAsFollower
2019-11-13 13:12:50,507 [pool-37-thread-1] INFO  impl.RoleInfo (RoleInfo.java:updateAndGet(143)) - c10d6a1c-a480-4bcf-a079-6a7ef0d7c319: start FollowerState
2019-11-13 13:12:50,508 [pool-37-thread-1] INFO  util.JmxRegister (JmxRegister.java:tryRegister(44)) - Successfully registered JMX Bean with object name Ratis:service=RaftServer,group=group-E728A553F9A7,id=c10d6a1c-a480-4bcf-a079-6a7ef0d7c319
2019-11-13 13:12:50,509 [pool-37-thread-1] WARN  impl.MetricRegistriesImpl (MetricRegistriesImpl.java:lambda$create$1(61)) - First MetricRegistry has been created without registering reporters. You may need to call MetricRegistries.global().addReportRegistration(...) before.
2019-11-13 13:12:50,520 [RatisPipelineUtilsThread] INFO  pipeline.PipelineStateManager (PipelineStateManager.java:addPipeline(55)) - Created pipeline Pipeline[ Id: d242cb84-a6ec-4acb-bc01-e728a553f9a7, Nodes: c10d6a1c-a480-4bcf-a079-6a7ef0d7c319{ip: 192.168.157.200, host: pr-hdds-2452-7vw7s-1330541530, networkLocation: /default-rack, certSerialId: null}, Type:RATIS, Factor:ONE, State:ALLOCATED]
2019-11-13 13:12:50,538 [grpc-default-executor-0] INFO  impl.RaftServerProxy (RaftServerProxy.java:addNew(89)) - c7dff89d-e8a4-4fa8-95ec-49ba050a48ac: addNew group-9D54F4C5403B:[c7dff89d-e8a4-4fa8-95ec-49ba050a48ac:192.168.157.200:41564] returns group-9D54F4C5403B:java.util.concurrent.CompletableFuture@6c1aba7[Not completed]
2019-11-13 13:12:50,553 [pool-47-thread-1] INFO  impl.RaftServerImpl (RaftServerImpl.java:<init>(98)) - c7dff89d-e8a4-4fa8-95ec-49ba050a48ac: new RaftServerImpl for group-9D54F4C5403B:[c7dff89d-e8a4-4fa8-95ec-49ba050a48ac:192.168.157.200:41564] with ContainerStateMachine:uninitialized
2019-11-13 13:12:50,554 [pool-47-thread-1] INFO  server.RaftServerConfigKeys (ConfUtils.java:logGet(43)) - raft.server.rpc.timeout.min = 5s (custom)
2019-11-13 13:12:50,554 [pool-47-thread-1] INFO  server.RaftServerConfigKeys (ConfUtils.java:logGet(43)) - raft.server.rpc.timeout.max = 5200ms (custom)
2019-11-13 13:12:50,554 [pool-47-thread-1] INFO  server.RaftServerConfigKeys (ConfUtils.java:logGet(43)) - raft.server.rpcslowness.timeout = 120s (custom)
2019-11-13 13:12:50,554 [pool-47-thread-1] INFO  server.RaftServerConfigKeys (ConfUtils.java:logGet(43)) - raft.server.sleep.deviation.threshold = 300 (default)
2019-11-13 13:12:50,555 [pool-47-thread-1] INFO  server.RaftServerConfigKeys (ConfUtils.java:logGet(43)) - raft.server.log.appender.install.snapshot.enabled = false (custom)
2019-11-13 13:12:50,555 [pool-47-thread-1] INFO  impl.RaftServerImpl (ServerState.java:<init>(103)) - c7dff89d-e8a4-4fa8-95ec-49ba050a48ac@group-9D54F4C5403B: ConfigurationManager, init=-1: [c7dff89d-e8a4-4fa8-95ec-49ba050a48ac:192.168.157.200:41564], old=null, confs=<EMPTY_MAP>
2019-11-13 13:12:50,555 [pool-47-thread-1] INFO  server.RaftServerConfigKeys (ConfUtils.java:logGet(43)) - raft.server.storage.dir = [/workdir/hadoop-ozone/integration-test/target/test-dir/MiniOzoneClusterImpl-e92505da-6c66-45ee-bd20-55499551ce33/datanode-2/data/ratis] (custom)
2019-11-13 13:12:50,556 [pool-47-thread-1] INFO  server.RaftServerConfigKeys (ConfUtils.java:logGet(43)) - raft.server.log.corruption.policy = EXCEPTION (default)
2019-11-13 13:12:50,556 [pool-47-thread-1] INFO  storage.RaftStorageDirectory (RaftStorageDirectory.java:analyzeStorage(246)) - The storage directory /workdir/hadoop-ozone/integration-test/target/test-dir/MiniOzoneClusterImpl-e92505da-6c66-45ee-bd20-55499551ce33/datanode-2/data/ratis/58ae89cb-d8b8-492c-a475-9d54f4c5403b does not exist. Creating ...
2019-11-13 13:12:50,595 [pool-47-thread-1] INFO  storage.RaftStorageDirectory (RaftStorageDirectory.java:tryLock(328)) - Lock on /workdir/hadoop-ozone/integration-test/target/test-dir/MiniOzoneClusterImpl-e92505da-6c66-45ee-bd20-55499551ce33/datanode-2/data/ratis/58ae89cb-d8b8-492c-a475-9d54f4c5403b/in_use.lock acquired by nodename 32512@pr-hdds-2452-7vw7s-1330541530
2019-11-13 13:12:50,617 [pool-47-thread-1] INFO  storage.RaftStorage (RaftStorage.java:format(84)) - Storage directory /workdir/hadoop-ozone/integration-test/target/test-dir/MiniOzoneClusterImpl-e92505da-6c66-45ee-bd20-55499551ce33/datanode-2/data/ratis/58ae89cb-d8b8-492c-a475-9d54f4c5403b has been successfully formatted.
2019-11-13 13:12:50,618 [pool-47-thread-1] INFO  ratis.ContainerStateMachine (ContainerStateMachine.java:loadSnapshot(223)) - group-9D54F4C5403B: The snapshot info is null. Setting the last applied indexto:(t:0, i:~)
2019-11-13 13:12:50,618 [pool-47-thread-1] INFO  server.RaftServerConfigKeys (ConfUtils.java:logGet(43)) - raft.server.notification.no-leader.timeout = 120s (custom)
2019-11-13 13:12:50,618 [pool-47-thread-1] INFO  server.RaftServerConfigKeys (ConfUtils.java:logGet(43)) - raft.server.log.use.memory = false (default)
2019-11-13 13:12:50,618 [pool-47-thread-1] INFO  server.RaftServerConfigKeys (ConfUtils.java:logGet(43)) - raft.server.log.purge.gap = 1000000 (custom)
2019-11-13 13:12:50,618 [pool-47-thread-1] INFO  server.RaftServerConfigKeys (ConfUtils.java:logGet(43)) - raft.server.log.appender.buffer.byte-limit = 33554432 (custom)
2019-11-13 13:12:50,618 [pool-47-thread-1] INFO  server.RaftServerConfigKeys (ConfUtils.java:logGet(43)) - raft.server.log.segment.size.max = 1048576 (custom)
2019-11-13 13:12:50,619 [pool-47-thread-1] WARN  impl.MetricRegistriesImpl (MetricRegistriesImpl.java:lambda$create$1(61)) - First MetricRegistry has been created without registering reporters. You may need to call MetricRegistries.global().addReportRegistration(...) before.
2019-11-13 13:12:50,619 [pool-47-thread-1] INFO  server.RaftServerConfigKeys (ConfUtils.java:logGet(43)) - raft.server.log.segment.cache.num.max = 2 (custom)
2019-11-13 13:12:50,619 [pool-47-thread-1] INFO  segmented.SegmentedRaftLogWorker (SegmentedRaftLogWorker.java:<init>(173)) - new c7dff89d-e8a4-4fa8-95ec-49ba050a48ac@group-9D54F4C5403B-SegmentedRaftLogWorker for RaftStorage:Storage Directory /workdir/hadoop-ozone/integration-test/target/test-dir/MiniOzoneClusterImpl-e92505da-6c66-45ee-bd20-55499551ce33/datanode-2/data/ratis/58ae89cb-d8b8-492c-a475-9d54f4c5403b
2019-11-13 13:12:50,619 [pool-47-thread-1] INFO  server.RaftServerConfigKeys (ConfUtils.java:logGet(43)) - raft.server.log.queue.byte-limit = 2147483647 (custom)
2019-11-13 13:12:50,619 [pool-47-thread-1] INFO  server.RaftServerConfigKeys (ConfUtils.java:logGet(43)) - raft.server.log.queue.element-limit = 1024 (custom)
2019-11-13 13:12:50,619 [pool-47-thread-1] INFO  server.RaftServerConfigKeys (ConfUtils.java:logGet(43)) - raft.server.log.segment.size.max = 1048576 (custom)
2019-11-13 13:12:50,620 [pool-47-thread-1] INFO  server.RaftServerConfigKeys (ConfUtils.java:logGet(43)) - raft.server.log.preallocated.size = 16384 (custom)
2019-11-13 13:12:50,620 [pool-47-thread-1] INFO  server.RaftServerConfigKeys (ConfUtils.java:logGet(43)) - raft.server.log.write.buffer.size = 33554432 (custom)
2019-11-13 13:12:50,620 [pool-47-thread-1] INFO  server.RaftServerConfigKeys (ConfUtils.java:logGet(43)) - raft.server.log.force.sync.num = 128 (default)
2019-11-13 13:12:50,620 [pool-47-thread-1] INFO  server.RaftServerConfigKeys (ConfUtils.java:logGet(43)) - raft.server.log.statemachine.data.sync = true (default)
2019-11-13 13:12:50,620 [pool-47-thread-1] INFO  server.RaftServerConfigKeys (ConfUtils.java:logGet(43)) - raft.server.log.statemachine.data.sync.timeout = 10s (default)
2019-11-13 13:12:50,620 [pool-47-thread-1] INFO  server.RaftServerConfigKeys (ConfUtils.java:logGet(43)) - raft.server.log.statemachine.data.sync.timeout.retry = -1 (default)
2019-11-13 13:12:50,621 [pool-47-thread-1] INFO  server.RaftServerConfigKeys (ConfUtils.java:logGet(43)) - raft.server.log.statemachine.data.caching.enabled = true (custom)
2019-11-13 13:12:50,621 [pool-47-thread-1] INFO  segmented.SegmentedRaftLogWorker (SegmentedRaftLogWorker.java:lambda$new$0(128)) - c7dff89d-e8a4-4fa8-95ec-49ba050a48ac@group-9D54F4C5403B-SegmentedRaftLogWorker: flushIndex: setUnconditionally 0 -> -1
2019-11-13 13:12:50,659 [pool-47-thread-1] INFO  server.RaftServerConfigKeys (ConfUtils.java:logGet(43)) - raft.server.snapshot.auto.trigger.enabled = true (custom)
2019-11-13 13:12:50,659 [pool-47-thread-1] INFO  server.RaftServerConfigKeys (ConfUtils.java:logGet(43)) - raft.server.snapshot.auto.trigger.threshold = 10000 (custom)
2019-11-13 13:12:50,660 [pool-47-thread-1] INFO  server.RaftServerConfigKeys (ConfUtils.java:logGet(43)) - raft.server.snapshot.retention.file.num = 5 (custom)
2019-11-13 13:12:50,660 [pool-47-thread-1] INFO  server.RaftServerConfigKeys (ConfUtils.java:logGet(43)) - raft.server.retrycache.expirytime = 600000ms (custom)
2019-11-13 13:12:50,660 [pool-47-thread-1] WARN  impl.MetricRegistriesImpl (MetricRegistriesImpl.java:lambda$create$1(61)) - First MetricRegistry has been created without registering reporters. You may need to call MetricRegistries.global().addReportRegistration(...) before.
2019-11-13 13:12:50,661 [pool-47-thread-1] WARN  impl.MetricRegistriesImpl (MetricRegistriesImpl.java:lambda$create$1(61)) - First MetricRegistry has been created without registering reporters. You may need to call MetricRegistries.global().addReportRegistration(...) before.
2019-11-13 13:12:50,661 [pool-47-thread-1] INFO  impl.RaftServerImpl (RaftServerImpl.java:start(184)) - c7dff89d-e8a4-4fa8-95ec-49ba050a48ac@group-9D54F4C5403B: start as a follower, conf=-1: [c7dff89d-e8a4-4fa8-95ec-49ba050a48ac:192.168.157.200:41564], old=null
2019-11-13 13:12:50,661 [pool-47-thread-1] INFO  impl.RaftServerImpl (RaftServerImpl.java:setRole(173)) - c7dff89d-e8a4-4fa8-95ec-49ba050a48ac@group-9D54F4C5403B: changes role from      null to FOLLOWER at term 0 for startAsFollower
2019-11-13 13:12:50,662 [pool-47-thread-1] INFO  impl.RoleInfo (RoleInfo.java:updateAndGet(143)) - c7dff89d-e8a4-4fa8-95ec-49ba050a48ac: start FollowerState
2019-11-13 13:12:50,662 [pool-47-thread-1] INFO  util.JmxRegister (JmxRegister.java:tryRegister(44)) - Successfully registered JMX Bean with object name Ratis:service=RaftServer,group=group-9D54F4C5403B,id=c7dff89d-e8a4-4fa8-95ec-49ba050a48ac
2019-11-13 13:12:50,663 [pool-47-thread-1] WARN  impl.MetricRegistriesImpl (MetricRegistriesImpl.java:lambda$create$1(61)) - First MetricRegistry has been created without registering reporters. You may need to call MetricRegistries.global().addReportRegistration(...) before.
2019-11-13 13:12:50,673 [RatisPipelineUtilsThread] INFO  pipeline.PipelineStateManager (PipelineStateManager.java:addPipeline(55)) - Created pipeline Pipeline[ Id: 58ae89cb-d8b8-492c-a475-9d54f4c5403b, Nodes: c7dff89d-e8a4-4fa8-95ec-49ba050a48ac{ip: 192.168.157.200, host: pr-hdds-2452-7vw7s-1330541530, networkLocation: /default-rack, certSerialId: null}, Type:RATIS, Factor:ONE, State:ALLOCATED]
2019-11-13 13:12:50,703 [grpc-default-executor-1] INFO  impl.RaftServerProxy (RaftServerProxy.java:addNew(89)) - b5a4ecdb-5d6c-461c-863f-1560fea02e6e: addNew group-44912B6BAED8:[c7dff89d-e8a4-4fa8-95ec-49ba050a48ac:192.168.157.200:41564, c10d6a1c-a480-4bcf-a079-6a7ef0d7c319:192.168.157.200:38037, b5a4ecdb-5d6c-461c-863f-1560fea02e6e:192.168.157.200:45174] returns group-44912B6BAED8:java.util.concurrent.CompletableFuture@240cc119[Not completed]
2019-11-13 13:12:50,703 [grpc-default-executor-2] INFO  impl.RaftServerProxy (RaftServerProxy.java:addNew(89)) - c7dff89d-e8a4-4fa8-95ec-49ba050a48ac: addNew group-44912B6BAED8:[c7dff89d-e8a4-4fa8-95ec-49ba050a48ac:192.168.157.200:41564, c10d6a1c-a480-4bcf-a079-6a7ef0d7c319:192.168.157.200:38037, b5a4ecdb-5d6c-461c-863f-1560fea02e6e:192.168.157.200:45174] returns group-44912B6BAED8:java.util.concurrent.CompletableFuture@2fa78c93[Not completed]
2019-11-13 13:12:50,703 [grpc-default-executor-0] INFO  impl.RaftServerProxy (RaftServerProxy.java:addNew(89)) - c10d6a1c-a480-4bcf-a079-6a7ef0d7c319: addNew group-44912B6BAED8:[c7dff89d-e8a4-4fa8-95ec-49ba050a48ac:192.168.157.200:41564, c10d6a1c-a480-4bcf-a079-6a7ef0d7c319:192.168.157.200:38037, b5a4ecdb-5d6c-461c-863f-1560fea02e6e:192.168.157.200:45174] returns group-44912B6BAED8:java.util.concurrent.CompletableFuture@17510c29[Not completed]
2019-11-13 13:12:50,705 [pool-37-thread-1] INFO  impl.RaftServerImpl (RaftServerImpl.java:<init>(98)) - c10d6a1c-a480-4bcf-a079-6a7ef0d7c319: new RaftServerImpl for group-44912B6BAED8:[c7dff89d-e8a4-4fa8-95ec-49ba050a48ac:192.168.157.200:41564, c10d6a1c-a480-4bcf-a079-6a7ef0d7c319:192.168.157.200:38037, b5a4ecdb-5d6c-461c-863f-1560fea02e6e:192.168.157.200:45174] with ContainerStateMachine:uninitialized
2019-11-13 13:12:50,705 [pool-37-thread-1] INFO  server.RaftServerConfigKeys (ConfUtils.java:logGet(43)) - raft.server.rpc.timeout.min = 5s (custom)
2019-11-13 13:12:50,705 [pool-37-thread-1] INFO  server.RaftServerConfigKeys (ConfUtils.java:logGet(43)) - raft.server.rpc.timeout.max = 5200ms (custom)
2019-11-13 13:12:50,705 [pool-37-thread-1] INFO  server.RaftServerConfigKeys (ConfUtils.java:logGet(43)) - raft.server.rpcslowness.timeout = 120s (custom)
2019-11-13 13:12:50,705 [pool-37-thread-1] INFO  server.RaftServerConfigKeys (ConfUtils.java:logGet(43)) - raft.server.sleep.deviation.threshold = 300 (default)
2019-11-13 13:12:50,705 [pool-37-thread-1] INFO  server.RaftServerConfigKeys (ConfUtils.java:logGet(43)) - raft.server.log.appender.install.snapshot.enabled = false (custom)
2019-11-13 13:12:50,705 [pool-37-thread-1] INFO  impl.RaftServerImpl (ServerState.java:<init>(103)) - c10d6a1c-a480-4bcf-a079-6a7ef0d7c319@group-44912B6BAED8: ConfigurationManager, init=-1: [c7dff89d-e8a4-4fa8-95ec-49ba050a48ac:192.168.157.200:41564, c10d6a1c-a480-4bcf-a079-6a7ef0d7c319:192.168.157.200:38037, b5a4ecdb-5d6c-461c-863f-1560fea02e6e:192.168.157.200:45174], old=null, confs=<EMPTY_MAP>
2019-11-13 13:12:50,706 [pool-37-thread-1] INFO  server.RaftServerConfigKeys (ConfUtils.java:logGet(43)) - raft.server.storage.dir = [/workdir/hadoop-ozone/integration-test/target/test-dir/MiniOzoneClusterImpl-e92505da-6c66-45ee-bd20-55499551ce33/datanode-1/data/ratis] (custom)
2019-11-13 13:12:50,706 [pool-37-thread-1] INFO  server.RaftServerConfigKeys (ConfUtils.java:logGet(43)) - raft.server.log.corruption.policy = EXCEPTION (default)
2019-11-13 13:12:50,706 [pool-47-thread-1] INFO  impl.RaftServerImpl (RaftServerImpl.java:<init>(98)) - c7dff89d-e8a4-4fa8-95ec-49ba050a48ac: new RaftServerImpl for group-44912B6BAED8:[c7dff89d-e8a4-4fa8-95ec-49ba050a48ac:192.168.157.200:41564, c10d6a1c-a480-4bcf-a079-6a7ef0d7c319:192.168.157.200:38037, b5a4ecdb-5d6c-461c-863f-1560fea02e6e:192.168.157.200:45174] with ContainerStateMachine:uninitialized
2019-11-13 13:12:50,706 [pool-37-thread-1] INFO  storage.RaftStorageDirectory (RaftStorageDirectory.java:analyzeStorage(246)) - The storage directory /workdir/hadoop-ozone/integration-test/target/test-dir/MiniOzoneClusterImpl-e92505da-6c66-45ee-bd20-55499551ce33/datanode-1/data/ratis/25071dec-589b-45a8-b3b4-44912b6baed8 does not exist. Creating ...
2019-11-13 13:12:50,706 [pool-47-thread-1] INFO  server.RaftServerConfigKeys (ConfUtils.java:logGet(43)) - raft.server.rpc.timeout.min = 5s (custom)
2019-11-13 13:12:50,707 [pool-47-thread-1] INFO  server.RaftServerConfigKeys (ConfUtils.java:logGet(43)) - raft.server.rpc.timeout.max = 5200ms (custom)
2019-11-13 13:12:50,707 [pool-47-thread-1] INFO  server.RaftServerConfigKeys (ConfUtils.java:logGet(43)) - raft.server.rpcslowness.timeout = 120s (custom)
2019-11-13 13:12:50,707 [pool-47-thread-1] INFO  server.RaftServerConfigKeys (ConfUtils.java:logGet(43)) - raft.server.sleep.deviation.threshold = 300 (default)
2019-11-13 13:12:50,707 [pool-47-thread-1] INFO  server.RaftServerConfigKeys (ConfUtils.java:logGet(43)) - raft.server.log.appender.install.snapshot.enabled = false (custom)
2019-11-13 13:12:50,707 [pool-47-thread-1] INFO  impl.RaftServerImpl (ServerState.java:<init>(103)) - c7dff89d-e8a4-4fa8-95ec-49ba050a48ac@group-44912B6BAED8: ConfigurationManager, init=-1: [c7dff89d-e8a4-4fa8-95ec-49ba050a48ac:192.168.157.200:41564, c10d6a1c-a480-4bcf-a079-6a7ef0d7c319:192.168.157.200:38037, b5a4ecdb-5d6c-461c-863f-1560fea02e6e:192.168.157.200:45174], old=null, confs=<EMPTY_MAP>
2019-11-13 13:12:50,707 [pool-27-thread-1] INFO  impl.RaftServerImpl (RaftServerImpl.java:<init>(98)) - b5a4ecdb-5d6c-461c-863f-1560fea02e6e: new RaftServerImpl for group-44912B6BAED8:[c7dff89d-e8a4-4fa8-95ec-49ba050a48ac:192.168.157.200:41564, c10d6a1c-a480-4bcf-a079-6a7ef0d7c319:192.168.157.200:38037, b5a4ecdb-5d6c-461c-863f-1560fea02e6e:192.168.157.200:45174] with ContainerStateMachine:uninitialized
2019-11-13 13:12:50,708 [pool-47-thread-1] INFO  server.RaftServerConfigKeys (ConfUtils.java:logGet(43)) - raft.server.storage.dir = [/workdir/hadoop-ozone/integration-test/target/test-dir/MiniOzoneClusterImpl-e92505da-6c66-45ee-bd20-55499551ce33/datanode-2/data/ratis] (custom)
2019-11-13 13:12:50,708 [pool-27-thread-1] INFO  server.RaftServerConfigKeys (ConfUtils.java:logGet(43)) - raft.server.rpc.timeout.min = 5s (custom)
2019-11-13 13:12:50,708 [pool-47-thread-1] INFO  server.RaftServerConfigKeys (ConfUtils.java:logGet(43)) - raft.server.log.corruption.policy = EXCEPTION (default)
2019-11-13 13:12:50,708 [pool-27-thread-1] INFO  server.RaftServerConfigKeys (ConfUtils.java:logGet(43)) - raft.server.rpc.timeout.max = 5200ms (custom)
2019-11-13 13:12:50,708 [pool-47-thread-1] INFO  storage.RaftStorageDirectory (RaftStorageDirectory.java:analyzeStorage(246)) - The storage directory /workdir/hadoop-ozone/integration-test/target/test-dir/MiniOzoneClusterImpl-e92505da-6c66-45ee-bd20-55499551ce33/datanode-2/data/ratis/25071dec-589b-45a8-b3b4-44912b6baed8 does not exist. Creating ...
2019-11-13 13:12:50,708 [pool-27-thread-1] INFO  server.RaftServerConfigKeys (ConfUtils.java:logGet(43)) - raft.server.rpcslowness.timeout = 120s (custom)
2019-11-13 13:12:50,709 [pool-27-thread-1] INFO  server.RaftServerConfigKeys (ConfUtils.java:logGet(43)) - raft.server.sleep.deviation.threshold = 300 (default)
2019-11-13 13:12:50,709 [pool-27-thread-1] INFO  server.RaftServerConfigKeys (ConfUtils.java:logGet(43)) - raft.server.log.appender.install.snapshot.enabled = false (custom)
2019-11-13 13:12:50,709 [pool-27-thread-1] INFO  impl.RaftServerImpl (ServerState.java:<init>(103)) - b5a4ecdb-5d6c-461c-863f-1560fea02e6e@group-44912B6BAED8: ConfigurationManager, init=-1: [c7dff89d-e8a4-4fa8-95ec-49ba050a48ac:192.168.157.200:41564, c10d6a1c-a480-4bcf-a079-6a7ef0d7c319:192.168.157.200:38037, b5a4ecdb-5d6c-461c-863f-1560fea02e6e:192.168.157.200:45174], old=null, confs=<EMPTY_MAP>
2019-11-13 13:12:50,709 [pool-27-thread-1] INFO  server.RaftServerConfigKeys (ConfUtils.java:logGet(43)) - raft.server.storage.dir = [/workdir/hadoop-ozone/integration-test/target/test-dir/MiniOzoneClusterImpl-e92505da-6c66-45ee-bd20-55499551ce33/datanode-0/data/ratis] (custom)
2019-11-13 13:12:50,709 [pool-27-thread-1] INFO  server.RaftServerConfigKeys (ConfUtils.java:logGet(43)) - raft.server.log.corruption.policy = EXCEPTION (default)
2019-11-13 13:12:50,709 [pool-27-thread-1] INFO  storage.RaftStorageDirectory (RaftStorageDirectory.java:analyzeStorage(246)) - The storage directory /workdir/hadoop-ozone/integration-test/target/test-dir/MiniOzoneClusterImpl-e92505da-6c66-45ee-bd20-55499551ce33/datanode-0/data/ratis/25071dec-589b-45a8-b3b4-44912b6baed8 does not exist. Creating ...
2019-11-13 13:12:50,768 [pool-37-thread-1] INFO  storage.RaftStorageDirectory (RaftStorageDirectory.java:tryLock(328)) - Lock on /workdir/hadoop-ozone/integration-test/target/test-dir/MiniOzoneClusterImpl-e92505da-6c66-45ee-bd20-55499551ce33/datanode-1/data/ratis/25071dec-589b-45a8-b3b4-44912b6baed8/in_use.lock acquired by nodename 32512@pr-hdds-2452-7vw7s-1330541530
2019-11-13 13:12:50,768 [pool-47-thread-1] INFO  storage.RaftStorageDirectory (RaftStorageDirectory.java:tryLock(328)) - Lock on /workdir/hadoop-ozone/integration-test/target/test-dir/MiniOzoneClusterImpl-e92505da-6c66-45ee-bd20-55499551ce33/datanode-2/data/ratis/25071dec-589b-45a8-b3b4-44912b6baed8/in_use.lock acquired by nodename 32512@pr-hdds-2452-7vw7s-1330541530
2019-11-13 13:12:50,768 [pool-27-thread-1] INFO  storage.RaftStorageDirectory (RaftStorageDirectory.java:tryLock(328)) - Lock on /workdir/hadoop-ozone/integration-test/target/test-dir/MiniOzoneClusterImpl-e92505da-6c66-45ee-bd20-55499551ce33/datanode-0/data/ratis/25071dec-589b-45a8-b3b4-44912b6baed8/in_use.lock acquired by nodename 32512@pr-hdds-2452-7vw7s-1330541530
2019-11-13 13:12:50,814 [pool-27-thread-1] INFO  storage.RaftStorage (RaftStorage.java:format(84)) - Storage directory /workdir/hadoop-ozone/integration-test/target/test-dir/MiniOzoneClusterImpl-e92505da-6c66-45ee-bd20-55499551ce33/datanode-0/data/ratis/25071dec-589b-45a8-b3b4-44912b6baed8 has been successfully formatted.
2019-11-13 13:12:50,814 [pool-37-thread-1] INFO  storage.RaftStorage (RaftStorage.java:format(84)) - Storage directory /workdir/hadoop-ozone/integration-test/target/test-dir/MiniOzoneClusterImpl-e92505da-6c66-45ee-bd20-55499551ce33/datanode-1/data/ratis/25071dec-589b-45a8-b3b4-44912b6baed8 has been successfully formatted.
2019-11-13 13:12:50,814 [pool-47-thread-1] INFO  storage.RaftStorage (RaftStorage.java:format(84)) - Storage directory /workdir/hadoop-ozone/integration-test/target/test-dir/MiniOzoneClusterImpl-e92505da-6c66-45ee-bd20-55499551ce33/datanode-2/data/ratis/25071dec-589b-45a8-b3b4-44912b6baed8 has been successfully formatted.
2019-11-13 13:12:50,814 [pool-27-thread-1] INFO  ratis.ContainerStateMachine (ContainerStateMachine.java:loadSnapshot(223)) - group-44912B6BAED8: The snapshot info is null. Setting the last applied indexto:(t:0, i:~)
2019-11-13 13:12:50,814 [pool-37-thread-1] INFO  ratis.ContainerStateMachine (ContainerStateMachine.java:loadSnapshot(223)) - group-44912B6BAED8: The snapshot info is null. Setting the last applied indexto:(t:0, i:~)
2019-11-13 13:12:50,815 [pool-27-thread-1] INFO  server.RaftServerConfigKeys (ConfUtils.java:logGet(43)) - raft.server.notification.no-leader.timeout = 120s (custom)
2019-11-13 13:12:50,814 [pool-47-thread-1] INFO  ratis.ContainerStateMachine (ContainerStateMachine.java:loadSnapshot(223)) - group-44912B6BAED8: The snapshot info is null. Setting the last applied indexto:(t:0, i:~)
2019-11-13 13:12:50,815 [pool-27-thread-1] INFO  server.RaftServerConfigKeys (ConfUtils.java:logGet(43)) - raft.server.log.use.memory = false (default)
2019-11-13 13:12:50,815 [pool-37-thread-1] INFO  server.RaftServerConfigKeys (ConfUtils.java:logGet(43)) - raft.server.notification.no-leader.timeout = 120s (custom)
2019-11-13 13:12:50,815 [pool-27-thread-1] INFO  server.RaftServerConfigKeys (ConfUtils.java:logGet(43)) - raft.server.log.purge.gap = 1000000 (custom)
2019-11-13 13:12:50,815 [pool-47-thread-1] INFO  server.RaftServerConfigKeys (ConfUtils.java:logGet(43)) - raft.server.notification.no-leader.timeout = 120s (custom)
2019-11-13 13:12:50,815 [pool-27-thread-1] INFO  server.RaftServerConfigKeys (ConfUtils.java:logGet(43)) - raft.server.log.appender.buffer.byte-limit = 33554432 (custom)
2019-11-13 13:12:50,815 [pool-37-thread-1] INFO  server.RaftServerConfigKeys (ConfUtils.java:logGet(43)) - raft.server.log.use.memory = false (default)
2019-11-13 13:12:50,816 [pool-27-thread-1] INFO  server.RaftServerConfigKeys (ConfUtils.java:logGet(43)) - raft.server.log.segment.size.max = 1048576 (custom)
2019-11-13 13:12:50,816 [pool-47-thread-1] INFO  server.RaftServerConfigKeys (ConfUtils.java:logGet(43)) - raft.server.log.use.memory = false (default)
2019-11-13 13:12:50,816 [pool-27-thread-1] INFO  server.RaftServerConfigKeys (ConfUtils.java:logGet(43)) - raft.server.log.segment.cache.num.max = 2 (custom)
2019-11-13 13:12:50,816 [pool-47-thread-1] INFO  server.RaftServerConfigKeys (ConfUtils.java:logGet(43)) - raft.server.log.purge.gap = 1000000 (custom)
2019-11-13 13:12:50,816 [pool-37-thread-1] INFO  server.RaftServerConfigKeys (ConfUtils.java:logGet(43)) - raft.server.log.purge.gap = 1000000 (custom)
2019-11-13 13:12:50,816 [pool-47-thread-1] INFO  server.RaftServerConfigKeys (ConfUtils.java:logGet(43)) - raft.server.log.appender.buffer.byte-limit = 33554432 (custom)
2019-11-13 13:12:50,816 [pool-27-thread-1] INFO  segmented.SegmentedRaftLogWorker (SegmentedRaftLogWorker.java:<init>(173)) - new b5a4ecdb-5d6c-461c-863f-1560fea02e6e@group-44912B6BAED8-SegmentedRaftLogWorker for RaftStorage:Storage Directory /workdir/hadoop-ozone/integration-test/target/test-dir/MiniOzoneClusterImpl-e92505da-6c66-45ee-bd20-55499551ce33/datanode-0/data/ratis/25071dec-589b-45a8-b3b4-44912b6baed8
2019-11-13 13:12:50,817 [pool-47-thread-1] INFO  server.RaftServerConfigKeys (ConfUtils.java:logGet(43)) - raft.server.log.segment.size.max = 1048576 (custom)
2019-11-13 13:12:50,817 [pool-37-thread-1] INFO  server.RaftServerConfigKeys (ConfUtils.java:logGet(43)) - raft.server.log.appender.buffer.byte-limit = 33554432 (custom)
2019-11-13 13:12:50,817 [pool-47-thread-1] INFO  server.RaftServerConfigKeys (ConfUtils.java:logGet(43)) - raft.server.log.segment.cache.num.max = 2 (custom)
2019-11-13 13:12:50,817 [pool-27-thread-1] INFO  server.RaftServerConfigKeys (ConfUtils.java:logGet(43)) - raft.server.log.queue.byte-limit = 2147483647 (custom)
2019-11-13 13:12:50,817 [pool-47-thread-1] INFO  segmented.SegmentedRaftLogWorker (SegmentedRaftLogWorker.java:<init>(173)) - new c7dff89d-e8a4-4fa8-95ec-49ba050a48ac@group-44912B6BAED8-SegmentedRaftLogWorker for RaftStorage:Storage Directory /workdir/hadoop-ozone/integration-test/target/test-dir/MiniOzoneClusterImpl-e92505da-6c66-45ee-bd20-55499551ce33/datanode-2/data/ratis/25071dec-589b-45a8-b3b4-44912b6baed8
2019-11-13 13:12:50,817 [pool-37-thread-1] INFO  server.RaftServerConfigKeys (ConfUtils.java:logGet(43)) - raft.server.log.segment.size.max = 1048576 (custom)
2019-11-13 13:12:50,817 [pool-47-thread-1] INFO  server.RaftServerConfigKeys (ConfUtils.java:logGet(43)) - raft.server.log.queue.byte-limit = 2147483647 (custom)
2019-11-13 13:12:50,817 [pool-27-thread-1] INFO  server.RaftServerConfigKeys (ConfUtils.java:logGet(43)) - raft.server.log.queue.element-limit = 1024 (custom)
2019-11-13 13:12:50,818 [pool-47-thread-1] INFO  server.RaftServerConfigKeys (ConfUtils.java:logGet(43)) - raft.server.log.queue.element-limit = 1024 (custom)
2019-11-13 13:12:50,818 [pool-37-thread-1] INFO  server.RaftServerConfigKeys (ConfUtils.java:logGet(43)) - raft.server.log.segment.cache.num.max = 2 (custom)
2019-11-13 13:12:50,818 [pool-47-thread-1] INFO  server.RaftServerConfigKeys (ConfUtils.java:logGet(43)) - raft.server.log.segment.size.max = 1048576 (custom)
2019-11-13 13:12:50,818 [pool-27-thread-1] INFO  server.RaftServerConfigKeys (ConfUtils.java:logGet(43)) - raft.server.log.segment.size.max = 1048576 (custom)
2019-11-13 13:12:50,818 [pool-47-thread-1] INFO  server.RaftServerConfigKeys (ConfUtils.java:logGet(43)) - raft.server.log.preallocated.size = 16384 (custom)
2019-11-13 13:12:50,818 [pool-37-thread-1] INFO  segmented.SegmentedRaftLogWorker (SegmentedRaftLogWorker.java:<init>(173)) - new c10d6a1c-a480-4bcf-a079-6a7ef0d7c319@group-44912B6BAED8-SegmentedRaftLogWorker for RaftStorage:Storage Directory /workdir/hadoop-ozone/integration-test/target/test-dir/MiniOzoneClusterImpl-e92505da-6c66-45ee-bd20-55499551ce33/datanode-1/data/ratis/25071dec-589b-45a8-b3b4-44912b6baed8
2019-11-13 13:12:50,818 [pool-47-thread-1] INFO  server.RaftServerConfigKeys (ConfUtils.java:logGet(43)) - raft.server.log.write.buffer.size = 33554432 (custom)
2019-11-13 13:12:50,818 [pool-27-thread-1] INFO  server.RaftServerConfigKeys (ConfUtils.java:logGet(43)) - raft.server.log.preallocated.size = 16384 (custom)
2019-11-13 13:12:50,819 [pool-47-thread-1] INFO  server.RaftServerConfigKeys (ConfUtils.java:logGet(43)) - raft.server.log.force.sync.num = 128 (default)
2019-11-13 13:12:50,819 [pool-37-thread-1] INFO  server.RaftServerConfigKeys (ConfUtils.java:logGet(43)) - raft.server.log.queue.byte-limit = 2147483647 (custom)
2019-11-13 13:12:50,819 [pool-47-thread-1] INFO  server.RaftServerConfigKeys (ConfUtils.java:logGet(43)) - raft.server.log.statemachine.data.sync = true (default)
2019-11-13 13:12:50,819 [pool-27-thread-1] INFO  server.RaftServerConfigKeys (ConfUtils.java:logGet(43)) - raft.server.log.write.buffer.size = 33554432 (custom)
2019-11-13 13:12:50,819 [pool-47-thread-1] INFO  server.RaftServerConfigKeys (ConfUtils.java:logGet(43)) - raft.server.log.statemachine.data.sync.timeout = 10s (default)
2019-11-13 13:12:50,819 [pool-37-thread-1] INFO  server.RaftServerConfigKeys (ConfUtils.java:logGet(43)) - raft.server.log.queue.element-limit = 1024 (custom)
2019-11-13 13:12:50,819 [pool-47-thread-1] INFO  server.RaftServerConfigKeys (ConfUtils.java:logGet(43)) - raft.server.log.statemachine.data.sync.timeout.retry = -1 (default)
2019-11-13 13:12:50,819 [pool-27-thread-1] INFO  server.RaftServerConfigKeys (ConfUtils.java:logGet(43)) - raft.server.log.force.sync.num = 128 (default)
2019-11-13 13:12:50,820 [pool-47-thread-1] INFO  server.RaftServerConfigKeys (ConfUtils.java:logGet(43)) - raft.server.log.statemachine.data.caching.enabled = true (custom)
2019-11-13 13:12:50,820 [pool-37-thread-1] INFO  server.RaftServerConfigKeys (ConfUtils.java:logGet(43)) - raft.server.log.segment.size.max = 1048576 (custom)
2019-11-13 13:12:50,820 [pool-27-thread-1] INFO  server.RaftServerConfigKeys (ConfUtils.java:logGet(43)) - raft.server.log.statemachine.data.sync = true (default)
2019-11-13 13:12:50,820 [pool-47-thread-1] INFO  segmented.SegmentedRaftLogWorker (SegmentedRaftLogWorker.java:lambda$new$0(128)) - c7dff89d-e8a4-4fa8-95ec-49ba050a48ac@group-44912B6BAED8-SegmentedRaftLogWorker: flushIndex: setUnconditionally 0 -> -1
2019-11-13 13:12:50,820 [pool-37-thread-1] INFO  server.RaftServerConfigKeys (ConfUtils.java:logGet(43)) - raft.server.log.preallocated.size = 16384 (custom)
2019-11-13 13:12:50,820 [pool-27-thread-1] INFO  server.RaftServerConfigKeys (ConfUtils.java:logGet(43)) - raft.server.log.statemachine.data.sync.timeout = 10s (default)
2019-11-13 13:12:50,820 [pool-47-thread-1] INFO  server.RaftServerConfigKeys (ConfUtils.java:logGet(43)) - raft.server.snapshot.auto.trigger.enabled = true (custom)
2019-11-13 13:12:50,820 [pool-37-thread-1] INFO  server.RaftServerConfigKeys (ConfUtils.java:logGet(43)) - raft.server.log.write.buffer.size = 33554432 (custom)
2019-11-13 13:12:50,821 [pool-47-thread-1] INFO  server.RaftServerConfigKeys (ConfUtils.java:logGet(43)) - raft.server.snapshot.auto.trigger.threshold = 10000 (custom)
2019-11-13 13:12:50,821 [pool-27-thread-1] INFO  server.RaftServerConfigKeys (ConfUtils.java:logGet(43)) - raft.server.log.statemachine.data.sync.timeout.retry = -1 (default)
2019-11-13 13:12:50,821 [pool-47-thread-1] INFO  server.RaftServerConfigKeys (ConfUtils.java:logGet(43)) - raft.server.snapshot.retention.file.num = 5 (custom)
2019-11-13 13:12:50,821 [pool-37-thread-1] INFO  server.RaftServerConfigKeys (ConfUtils.java:logGet(43)) - raft.server.log.force.sync.num = 128 (default)
2019-11-13 13:12:50,821 [pool-47-thread-1] INFO  server.RaftServerConfigKeys (ConfUtils.java:logGet(43)) - raft.server.retrycache.expirytime = 600000ms (custom)
2019-11-13 13:12:50,821 [pool-37-thread-1] INFO  server.RaftServerConfigKeys (ConfUtils.java:logGet(43)) - raft.server.log.statemachine.data.sync = true (default)
2019-11-13 13:12:50,821 [pool-27-thread-1] INFO  server.RaftServerConfigKeys (ConfUtils.java:logGet(43)) - raft.server.log.statemachine.data.caching.enabled = true (custom)
2019-11-13 13:12:50,822 [pool-37-thread-1] INFO  server.RaftServerConfigKeys (ConfUtils.java:logGet(43)) - raft.server.log.statemachine.data.sync.timeout = 10s (default)
2019-11-13 13:12:50,822 [pool-47-thread-1] WARN  impl.MetricRegistriesImpl (MetricRegistriesImpl.java:lambda$create$1(61)) - First MetricRegistry has been created without registering reporters. You may need to call MetricRegistries.global().addReportRegistration(...) before.
2019-11-13 13:12:50,822 [pool-27-thread-1] INFO  segmented.SegmentedRaftLogWorker (SegmentedRaftLogWorker.java:lambda$new$0(128)) - b5a4ecdb-5d6c-461c-863f-1560fea02e6e@group-44912B6BAED8-SegmentedRaftLogWorker: flushIndex: setUnconditionally 0 -> -1
2019-11-13 13:12:50,822 [pool-37-thread-1] INFO  server.RaftServerConfigKeys (ConfUtils.java:logGet(43)) - raft.server.log.statemachine.data.sync.timeout.retry = -1 (default)
2019-11-13 13:12:50,822 [pool-47-thread-1] WARN  impl.MetricRegistriesImpl (MetricRegistriesImpl.java:lambda$create$1(61)) - First MetricRegistry has been created without registering reporters. You may need to call MetricRegistries.global().addReportRegistration(...) before.
2019-11-13 13:12:50,822 [pool-27-thread-1] INFO  server.RaftServerConfigKeys (ConfUtils.java:logGet(43)) - raft.server.snapshot.auto.trigger.enabled = true (custom)
2019-11-13 13:12:50,823 [pool-37-thread-1] INFO  server.RaftServerConfigKeys (ConfUtils.java:logGet(43)) - raft.server.log.statemachine.data.caching.enabled = true (custom)
2019-11-13 13:12:50,823 [pool-27-thread-1] INFO  server.RaftServerConfigKeys (ConfUtils.java:logGet(43)) - raft.server.snapshot.auto.trigger.threshold = 10000 (custom)
2019-11-13 13:12:50,823 [pool-47-thread-1] INFO  impl.RaftServerImpl (RaftServerImpl.java:start(184)) - c7dff89d-e8a4-4fa8-95ec-49ba050a48ac@group-44912B6BAED8: start as a follower, conf=-1: [c7dff89d-e8a4-4fa8-95ec-49ba050a48ac:192.168.157.200:41564, c10d6a1c-a480-4bcf-a079-6a7ef0d7c319:192.168.157.200:38037, b5a4ecdb-5d6c-461c-863f-1560fea02e6e:192.168.157.200:45174], old=null
2019-11-13 13:12:50,823 [pool-27-thread-1] INFO  server.RaftServerConfigKeys (ConfUtils.java:logGet(43)) - raft.server.snapshot.retention.file.num = 5 (custom)
2019-11-13 13:12:50,823 [pool-37-thread-1] INFO  segmented.SegmentedRaftLogWorker (SegmentedRaftLogWorker.java:lambda$new$0(128)) - c10d6a1c-a480-4bcf-a079-6a7ef0d7c319@group-44912B6BAED8-SegmentedRaftLogWorker: flushIndex: setUnconditionally 0 -> -1
2019-11-13 13:12:50,823 [pool-47-thread-1] INFO  impl.RaftServerImpl (RaftServerImpl.java:setRole(173)) - c7dff89d-e8a4-4fa8-95ec-49ba050a48ac@group-44912B6BAED8: changes role from      null to FOLLOWER at term 0 for startAsFollower
2019-11-13 13:12:50,824 [pool-27-thread-1] INFO  server.RaftServerConfigKeys (ConfUtils.java:logGet(43)) - raft.server.retrycache.expirytime = 600000ms (custom)
2019-11-13 13:12:50,824 [pool-37-thread-1] INFO  server.RaftServerConfigKeys (ConfUtils.java:logGet(43)) - raft.server.snapshot.auto.trigger.enabled = true (custom)
2019-11-13 13:12:50,824 [pool-47-thread-1] INFO  impl.RoleInfo (RoleInfo.java:updateAndGet(143)) - c7dff89d-e8a4-4fa8-95ec-49ba050a48ac: start FollowerState
2019-11-13 13:12:50,824 [pool-37-thread-1] INFO  server.RaftServerConfigKeys (ConfUtils.java:logGet(43)) - raft.server.snapshot.auto.trigger.threshold = 10000 (custom)
2019-11-13 13:12:50,824 [pool-27-thread-1] WARN  impl.MetricRegistriesImpl (MetricRegistriesImpl.java:lambda$create$1(61)) - First MetricRegistry has been created without registering reporters. You may need to call MetricRegistries.global().addReportRegistration(...) before.
2019-11-13 13:12:50,824 [pool-37-thread-1] INFO  server.RaftServerConfigKeys (ConfUtils.java:logGet(43)) - raft.server.snapshot.retention.file.num = 5 (custom)
2019-11-13 13:12:50,825 [pool-27-thread-1] WARN  impl.MetricRegistriesImpl (MetricRegistriesImpl.java:lambda$create$1(61)) - First MetricRegistry has been created without registering reporters. You may need to call MetricRegistries.global().addReportRegistration(...) before.
2019-11-13 13:12:50,825 [pool-37-thread-1] INFO  server.RaftServerConfigKeys (ConfUtils.java:logGet(43)) - raft.server.retrycache.expirytime = 600000ms (custom)
2019-11-13 13:12:50,825 [pool-47-thread-1] INFO  util.JmxRegister (JmxRegister.java:tryRegister(44)) - Successfully registered JMX Bean with object name Ratis:service=RaftServer,group=group-44912B6BAED8,id=c7dff89d-e8a4-4fa8-95ec-49ba050a48ac
2019-11-13 13:12:50,825 [pool-37-thread-1] WARN  impl.MetricRegistriesImpl (MetricRegistriesImpl.java:lambda$create$1(61)) - First MetricRegistry has been created without registering reporters. You may need to call MetricRegistries.global().addReportRegistration(...) before.
2019-11-13 13:12:50,825 [pool-27-thread-1] INFO  impl.RaftServerImpl (RaftServerImpl.java:start(184)) - b5a4ecdb-5d6c-461c-863f-1560fea02e6e@group-44912B6BAED8: start as a follower, conf=-1: [c7dff89d-e8a4-4fa8-95ec-49ba050a48ac:192.168.157.200:41564, c10d6a1c-a480-4bcf-a079-6a7ef0d7c319:192.168.157.200:38037, b5a4ecdb-5d6c-461c-863f-1560fea02e6e:192.168.157.200:45174], old=null
2019-11-13 13:12:50,825 [pool-37-thread-1] WARN  impl.MetricRegistriesImpl (MetricRegistriesImpl.java:lambda$create$1(61)) - First MetricRegistry has been created without registering reporters. You may need to call MetricRegistries.global().addReportRegistration(...) before.
2019-11-13 13:12:50,825 [pool-47-thread-1] WARN  impl.MetricRegistriesImpl (MetricRegistriesImpl.java:lambda$create$1(61)) - First MetricRegistry has been created without registering reporters. You may need to call MetricRegistries.global().addReportRegistration(...) before.
2019-11-13 13:12:50,826 [pool-37-thread-1] INFO  impl.RaftServerImpl (RaftServerImpl.java:start(184)) - c10d6a1c-a480-4bcf-a079-6a7ef0d7c319@group-44912B6BAED8: start as a follower, conf=-1: [c7dff89d-e8a4-4fa8-95ec-49ba050a48ac:192.168.157.200:41564, c10d6a1c-a480-4bcf-a079-6a7ef0d7c319:192.168.157.200:38037, b5a4ecdb-5d6c-461c-863f-1560fea02e6e:192.168.157.200:45174], old=null
2019-11-13 13:12:50,825 [pool-27-thread-1] INFO  impl.RaftServerImpl (RaftServerImpl.java:setRole(173)) - b5a4ecdb-5d6c-461c-863f-1560fea02e6e@group-44912B6BAED8: changes role from      null to FOLLOWER at term 0 for startAsFollower
2019-11-13 13:12:50,826 [pool-37-thread-1] INFO  impl.RaftServerImpl (RaftServerImpl.java:setRole(173)) - c10d6a1c-a480-4bcf-a079-6a7ef0d7c319@group-44912B6BAED8: changes role from      null to FOLLOWER at term 0 for startAsFollower
2019-11-13 13:12:50,826 [pool-37-thread-1] INFO  impl.RoleInfo (RoleInfo.java:updateAndGet(143)) - c10d6a1c-a480-4bcf-a079-6a7ef0d7c319: start FollowerState
2019-11-13 13:12:50,826 [pool-27-thread-1] INFO  impl.RoleInfo (RoleInfo.java:updateAndGet(143)) - b5a4ecdb-5d6c-461c-863f-1560fea02e6e: start FollowerState
2019-11-13 13:12:50,827 [pool-37-thread-1] INFO  util.JmxRegister (JmxRegister.java:tryRegister(44)) - Successfully registered JMX Bean with object name Ratis:service=RaftServer,group=group-44912B6BAED8,id=c10d6a1c-a480-4bcf-a079-6a7ef0d7c319
2019-11-13 13:12:50,828 [pool-37-thread-1] WARN  impl.MetricRegistriesImpl (MetricRegistriesImpl.java:lambda$create$1(61)) - First MetricRegistry has been created without registering reporters. You may need to call MetricRegistries.global().addReportRegistration(...) before.
2019-11-13 13:12:50,828 [pool-27-thread-1] INFO  util.JmxRegister (JmxRegister.java:tryRegister(44)) - Successfully registered JMX Bean with object name Ratis:service=RaftServer,group=group-44912B6BAED8,id=b5a4ecdb-5d6c-461c-863f-1560fea02e6e
2019-11-13 13:12:50,829 [pool-27-thread-1] WARN  impl.MetricRegistriesImpl (MetricRegistriesImpl.java:lambda$create$1(61)) - First MetricRegistry has been created without registering reporters. You may need to call MetricRegistries.global().addReportRegistration(...) before.
2019-11-13 13:12:50,842 [RatisPipelineUtilsThread] INFO  pipeline.PipelineStateManager (PipelineStateManager.java:addPipeline(55)) - Created pipeline Pipeline[ Id: 25071dec-589b-45a8-b3b4-44912b6baed8, Nodes: c10d6a1c-a480-4bcf-a079-6a7ef0d7c319{ip: 192.168.157.200, host: pr-hdds-2452-7vw7s-1330541530, networkLocation: /default-rack, certSerialId: null}b5a4ecdb-5d6c-461c-863f-1560fea02e6e{ip: 192.168.157.200, host: pr-hdds-2452-7vw7s-1330541530, networkLocation: /default-rack, certSerialId: null}c7dff89d-e8a4-4fa8-95ec-49ba050a48ac{ip: 192.168.157.200, host: pr-hdds-2452-7vw7s-1330541530, networkLocation: /default-rack, certSerialId: null}, Type:RATIS, Factor:THREE, State:ALLOCATED]
2019-11-13 13:12:50,845 [Thread-0] INFO  ozone.MiniOzoneClusterImpl (MiniOzoneClusterImpl.java:lambda$waitForClusterToBeReady$2(163)) - Waiting for 4 number of pipelines out of 4, to report a leader.
2019-11-13 13:12:51,845 [Thread-0] INFO  ozone.MiniOzoneClusterImpl (MiniOzoneClusterImpl.java:lambda$waitForClusterToBeReady$2(163)) - Waiting for 4 number of pipelines out of 4, to report a leader.
2019-11-13 13:12:52,586 [Thread-179] INFO  container.ReplicationManager (ReplicationManager.java:start(162)) - Starting Replication Monitor Thread.
2019-11-13 13:12:52,590 [Thread-179] INFO  pipeline.SCMPipelineManager (SCMPipelineManager.java:finalizeAndDestroyPipeline(315)) - destroying pipeline:Pipeline[ Id: c54102d3-47e4-4ec9-8167-b8496b711166, Nodes: b5a4ecdb-5d6c-461c-863f-1560fea02e6e{ip: 192.168.157.200, host: pr-hdds-2452-7vw7s-1330541530, networkLocation: /default-rack, certSerialId: null}, Type:RATIS, Factor:ONE, State:ALLOCATED]
2019-11-13 13:12:52,590 [ReplicationMonitor] INFO  container.ReplicationManager (ReplicationManager.java:run(225)) - Replication Monitor Thread took 1 milliseconds for processing 0 containers.
2019-11-13 13:12:52,591 [Thread-179] INFO  pipeline.PipelineStateManager (PipelineStateManager.java:finalizePipeline(121)) - Pipeline Pipeline[ Id: c54102d3-47e4-4ec9-8167-b8496b711166, Nodes: b5a4ecdb-5d6c-461c-863f-1560fea02e6e{ip: 192.168.157.200, host: pr-hdds-2452-7vw7s-1330541530, networkLocation: /default-rack, certSerialId: null}, Type:RATIS, Factor:ONE, State:CLOSED] moved to CLOSED state
2019-11-13 13:12:52,620 [grpc-default-executor-0] INFO  impl.RaftServerProxy (RaftServerProxy.java:remove(95)) - b5a4ecdb-5d6c-461c-863f-1560fea02e6e: remove  FOLLOWER b5a4ecdb-5d6c-461c-863f-1560fea02e6e@group-B8496B711166:t0, leader=null, voted=null, raftlog=b5a4ecdb-5d6c-461c-863f-1560fea02e6e@group-B8496B711166-SegmentedRaftLog:OPENED:c-1,f-1,i0, conf=-1: [b5a4ecdb-5d6c-461c-863f-1560fea02e6e:192.168.157.200:45174], old=null RUNNING
2019-11-13 13:12:52,623 [grpc-default-executor-0] INFO  impl.RaftServerImpl (RaftServerImpl.java:lambda$shutdown$3(250)) - b5a4ecdb-5d6c-461c-863f-1560fea02e6e@group-B8496B711166: shutdown
2019-11-13 13:12:52,624 [grpc-default-executor-0] INFO  util.JmxRegister (JmxRegister.java:unregister(73)) - Successfully un-registered JMX Bean with object name Ratis:service=RaftServer,group=group-B8496B711166,id=b5a4ecdb-5d6c-461c-863f-1560fea02e6e
2019-11-13 13:12:52,624 [grpc-default-executor-0] INFO  impl.RoleInfo (RoleInfo.java:shutdownFollowerState(121)) - b5a4ecdb-5d6c-461c-863f-1560fea02e6e: shutdown FollowerState
2019-11-13 13:12:52,624 [grpc-default-executor-0] INFO  impl.StateMachineUpdater (StateMachineUpdater.java:stopAndJoin(136)) - b5a4ecdb-5d6c-461c-863f-1560fea02e6e@group-B8496B711166-StateMachineUpdater: set stopIndex = -1
2019-11-13 13:12:52,624 [Thread-181] INFO  impl.FollowerState (FollowerState.java:run(120)) - b5a4ecdb-5d6c-461c-863f-1560fea02e6e@group-B8496B711166-FollowerState was interrupted: java.lang.InterruptedException: sleep interrupted
2019-11-13 13:12:52,627 [grpc-default-executor-0] INFO  impl.RaftServerImpl (ServerState.java:close(387)) - b5a4ecdb-5d6c-461c-863f-1560fea02e6e@group-B8496B711166: closes. applyIndex: -1
2019-11-13 13:12:52,631 [b5a4ecdb-5d6c-461c-863f-1560fea02e6e@group-B8496B711166-SegmentedRaftLogWorker] INFO  segmented.SegmentedRaftLogWorker (SegmentedRaftLogWorker.java:run(316)) - b5a4ecdb-5d6c-461c-863f-1560fea02e6e@group-B8496B711166-SegmentedRaftLogWorker was interrupted, exiting. There are 0 tasks remaining in the queue.
2019-11-13 13:12:52,633 [grpc-default-executor-0] INFO  segmented.SegmentedRaftLogWorker (SegmentedRaftLogWorker.java:close(224)) - b5a4ecdb-5d6c-461c-863f-1560fea02e6e@group-B8496B711166-SegmentedRaftLogWorker close()
2019-11-13 13:12:52,650 [Thread-179] INFO  pipeline.PipelineStateManager (PipelineStateManager.java:removePipeline(106)) - Pipeline Pipeline[ Id: c54102d3-47e4-4ec9-8167-b8496b711166, Nodes: b5a4ecdb-5d6c-461c-863f-1560fea02e6e{ip: 192.168.157.200, host: pr-hdds-2452-7vw7s-1330541530, networkLocation: /default-rack, certSerialId: null}, Type:RATIS, Factor:ONE, State:CLOSED] removed from db
2019-11-13 13:12:52,651 [Thread-179] INFO  pipeline.SCMPipelineManager (SCMPipelineManager.java:finalizeAndDestroyPipeline(315)) - destroying pipeline:Pipeline[ Id: d242cb84-a6ec-4acb-bc01-e728a553f9a7, Nodes: c10d6a1c-a480-4bcf-a079-6a7ef0d7c319{ip: 192.168.157.200, host: pr-hdds-2452-7vw7s-1330541530, networkLocation: /default-rack, certSerialId: null}, Type:RATIS, Factor:ONE, State:ALLOCATED]
2019-11-13 13:12:52,662 [grpc-default-executor-0] INFO  impl.RaftServerProxy (RaftServerProxy.java:addNew(89)) - b5a4ecdb-5d6c-461c-863f-1560fea02e6e: addNew group-0585571DDD4C:[b5a4ecdb-5d6c-461c-863f-1560fea02e6e:192.168.157.200:45174] returns group-0585571DDD4C:java.util.concurrent.CompletableFuture@1d3320d6[Not completed]
2019-11-13 13:12:52,664 [pool-27-thread-1] INFO  impl.RaftServerImpl (RaftServerImpl.java:<init>(98)) - b5a4ecdb-5d6c-461c-863f-1560fea02e6e: new RaftServerImpl for group-0585571DDD4C:[b5a4ecdb-5d6c-461c-863f-1560fea02e6e:192.168.157.200:45174] with ContainerStateMachine:uninitialized
2019-11-13 13:12:52,664 [pool-27-thread-1] INFO  server.RaftServerConfigKeys (ConfUtils.java:logGet(43)) - raft.server.rpc.timeout.min = 5s (custom)
2019-11-13 13:12:52,665 [pool-27-thread-1] INFO  server.RaftServerConfigKeys (ConfUtils.java:logGet(43)) - raft.server.rpc.timeout.max = 5200ms (custom)
2019-11-13 13:12:52,665 [pool-27-thread-1] INFO  server.RaftServerConfigKeys (ConfUtils.java:logGet(43)) - raft.server.rpcslowness.timeout = 120s (custom)
2019-11-13 13:12:52,665 [pool-27-thread-1] INFO  server.RaftServerConfigKeys (ConfUtils.java:logGet(43)) - raft.server.sleep.deviation.threshold = 300 (default)
2019-11-13 13:12:52,665 [pool-27-thread-1] INFO  server.RaftServerConfigKeys (ConfUtils.java:logGet(43)) - raft.server.log.appender.install.snapshot.enabled = false (custom)
2019-11-13 13:12:52,665 [pool-27-thread-1] INFO  impl.RaftServerImpl (ServerState.java:<init>(103)) - b5a4ecdb-5d6c-461c-863f-1560fea02e6e@group-0585571DDD4C: ConfigurationManager, init=-1: [b5a4ecdb-5d6c-461c-863f-1560fea02e6e:192.168.157.200:45174], old=null, confs=<EMPTY_MAP>
2019-11-13 13:12:52,665 [pool-27-thread-1] INFO  server.RaftServerConfigKeys (ConfUtils.java:logGet(43)) - raft.server.storage.dir = [/workdir/hadoop-ozone/integration-test/target/test-dir/MiniOzoneClusterImpl-e92505da-6c66-45ee-bd20-55499551ce33/datanode-0/data/ratis] (custom)
2019-11-13 13:12:52,671 [pool-27-thread-1] INFO  server.RaftServerConfigKeys (ConfUtils.java:logGet(43)) - raft.server.log.corruption.policy = EXCEPTION (default)
2019-11-13 13:12:52,671 [pool-27-thread-1] INFO  storage.RaftStorageDirectory (RaftStorageDirectory.java:analyzeStorage(246)) - The storage directory /workdir/hadoop-ozone/integration-test/target/test-dir/MiniOzoneClusterImpl-e92505da-6c66-45ee-bd20-55499551ce33/datanode-0/data/ratis/ad8726f8-a630-443e-beb0-0585571ddd4c does not exist. Creating ...
2019-11-13 13:12:52,705 [pool-27-thread-1] INFO  storage.RaftStorageDirectory (RaftStorageDirectory.java:tryLock(328)) - Lock on /workdir/hadoop-ozone/integration-test/target/test-dir/MiniOzoneClusterImpl-e92505da-6c66-45ee-bd20-55499551ce33/datanode-0/data/ratis/ad8726f8-a630-443e-beb0-0585571ddd4c/in_use.lock acquired by nodename 32512@pr-hdds-2452-7vw7s-1330541530
2019-11-13 13:12:52,755 [pool-27-thread-1] INFO  storage.RaftStorage (RaftStorage.java:format(84)) - Storage directory /workdir/hadoop-ozone/integration-test/target/test-dir/MiniOzoneClusterImpl-e92505da-6c66-45ee-bd20-55499551ce33/datanode-0/data/ratis/ad8726f8-a630-443e-beb0-0585571ddd4c has been successfully formatted.
2019-11-13 13:12:52,756 [pool-27-thread-1] INFO  ratis.ContainerStateMachine (ContainerStateMachine.java:loadSnapshot(223)) - group-0585571DDD4C: The snapshot info is null. Setting the last applied indexto:(t:0, i:~)
2019-11-13 13:12:52,756 [pool-27-thread-1] INFO  server.RaftServerConfigKeys (ConfUtils.java:logGet(43)) - raft.server.notification.no-leader.timeout = 120s (custom)
2019-11-13 13:12:52,756 [pool-27-thread-1] INFO  server.RaftServerConfigKeys (ConfUtils.java:logGet(43)) - raft.server.log.use.memory = false (default)
2019-11-13 13:12:52,757 [pool-27-thread-1] INFO  server.RaftServerConfigKeys (ConfUtils.java:logGet(43)) - raft.server.log.purge.gap = 1000000 (custom)
2019-11-13 13:12:52,757 [pool-27-thread-1] INFO  server.RaftServerConfigKeys (ConfUtils.java:logGet(43)) - raft.server.log.appender.buffer.byte-limit = 33554432 (custom)
2019-11-13 13:12:52,757 [pool-27-thread-1] INFO  server.RaftServerConfigKeys (ConfUtils.java:logGet(43)) - raft.server.log.segment.size.max = 1048576 (custom)
2019-11-13 13:12:52,757 [pool-27-thread-1] INFO  server.RaftServerConfigKeys (ConfUtils.java:logGet(43)) - raft.server.log.segment.cache.num.max = 2 (custom)
2019-11-13 13:12:52,758 [pool-27-thread-1] INFO  segmented.SegmentedRaftLogWorker (SegmentedRaftLogWorker.java:<init>(173)) - new b5a4ecdb-5d6c-461c-863f-1560fea02e6e@group-0585571DDD4C-SegmentedRaftLogWorker for RaftStorage:Storage Directory /workdir/hadoop-ozone/integration-test/target/test-dir/MiniOzoneClusterImpl-e92505da-6c66-45ee-bd20-55499551ce33/datanode-0/data/ratis/ad8726f8-a630-443e-beb0-0585571ddd4c
2019-11-13 13:12:52,758 [pool-27-thread-1] INFO  server.RaftServerConfigKeys (ConfUtils.java:logGet(43)) - raft.server.log.queue.byte-limit = 2147483647 (custom)
2019-11-13 13:12:52,758 [pool-27-thread-1] INFO  server.RaftServerConfigKeys (ConfUtils.java:logGet(43)) - raft.server.log.queue.element-limit = 1024 (custom)
2019-11-13 13:12:52,758 [pool-27-thread-1] INFO  server.RaftServerConfigKeys (ConfUtils.java:logGet(43)) - raft.server.log.segment.size.max = 1048576 (custom)
2019-11-13 13:12:52,758 [pool-27-thread-1] INFO  server.RaftServerConfigKeys (ConfUtils.java:logGet(43)) - raft.server.log.preallocated.size = 16384 (custom)
2019-11-13 13:12:52,759 [pool-27-thread-1] INFO  server.RaftServerConfigKeys (ConfUtils.java:logGet(43)) - raft.server.log.write.buffer.size = 33554432 (custom)
2019-11-13 13:12:52,759 [pool-27-thread-1] INFO  server.RaftServerConfigKeys (ConfUtils.java:logGet(43)) - raft.server.log.force.sync.num = 128 (default)
2019-11-13 13:12:52,759 [pool-27-thread-1] INFO  server.RaftServerConfigKeys (ConfUtils.java:logGet(43)) - raft.server.log.statemachine.data.sync = true (default)
2019-11-13 13:12:52,759 [pool-27-thread-1] INFO  server.RaftServerConfigKeys (ConfUtils.java:logGet(43)) - raft.server.log.statemachine.data.sync.timeout = 10s (default)
2019-11-13 13:12:52,759 [pool-27-thread-1] INFO  server.RaftServerConfigKeys (ConfUtils.java:logGet(43)) - raft.server.log.statemachine.data.sync.timeout.retry = -1 (default)
2019-11-13 13:12:52,760 [pool-27-thread-1] INFO  server.RaftServerConfigKeys (ConfUtils.java:logGet(43)) - raft.server.log.statemachine.data.caching.enabled = true (custom)
2019-11-13 13:12:52,781 [pool-27-thread-1] INFO  segmented.SegmentedRaftLogWorker (SegmentedRaftLogWorker.java:lambda$new$0(128)) - b5a4ecdb-5d6c-461c-863f-1560fea02e6e@group-0585571DDD4C-SegmentedRaftLogWorker: flushIndex: setUnconditionally 0 -> -1
2019-11-13 13:12:52,782 [pool-27-thread-1] INFO  server.RaftServerConfigKeys (ConfUtils.java:logGet(43)) - raft.server.snapshot.auto.trigger.enabled = true (custom)
2019-11-13 13:12:52,782 [pool-27-thread-1] INFO  server.RaftServerConfigKeys (ConfUtils.java:logGet(43)) - raft.server.snapshot.auto.trigger.threshold = 10000 (custom)
2019-11-13 13:12:52,782 [pool-27-thread-1] INFO  server.RaftServerConfigKeys (ConfUtils.java:logGet(43)) - raft.server.snapshot.retention.file.num = 5 (custom)
2019-11-13 13:12:52,782 [pool-27-thread-1] INFO  server.RaftServerConfigKeys (ConfUtils.java:logGet(43)) - raft.server.retrycache.expirytime = 600000ms (custom)
2019-11-13 13:12:52,782 [pool-27-thread-1] WARN  impl.MetricRegistriesImpl (MetricRegistriesImpl.java:lambda$create$1(61)) - First MetricRegistry has been created without registering reporters. You may need to call MetricRegistries.global().addReportRegistration(...) before.
2019-11-13 13:12:52,783 [pool-27-thread-1] WARN  impl.MetricRegistriesImpl (MetricRegistriesImpl.java:lambda$create$1(61)) - First MetricRegistry has been created without registering reporters. You may need to call MetricRegistries.global().addReportRegistration(...) before.
2019-11-13 13:12:52,783 [pool-27-thread-1] INFO  impl.RaftServerImpl (RaftServerImpl.java:start(184)) - b5a4ecdb-5d6c-461c-863f-1560fea02e6e@group-0585571DDD4C: start as a follower, conf=-1: [b5a4ecdb-5d6c-461c-863f-1560fea02e6e:192.168.157.200:45174], old=null
2019-11-13 13:12:52,783 [pool-27-thread-1] INFO  impl.RaftServerImpl (RaftServerImpl.java:setRole(173)) - b5a4ecdb-5d6c-461c-863f-1560fea02e6e@group-0585571DDD4C: changes role from      null to FOLLOWER at term 0 for startAsFollower
2019-11-13 13:12:52,784 [pool-27-thread-1] INFO  impl.RoleInfo (RoleInfo.java:updateAndGet(143)) - b5a4ecdb-5d6c-461c-863f-1560fea02e6e: start FollowerState
2019-11-13 13:12:52,784 [pool-27-thread-1] INFO  util.JmxRegister (JmxRegister.java:tryRegister(44)) - Successfully registered JMX Bean with object name Ratis:service=RaftServer,group=group-0585571DDD4C,id=b5a4ecdb-5d6c-461c-863f-1560fea02e6e
2019-11-13 13:12:52,784 [pool-27-thread-1] WARN  impl.MetricRegistriesImpl (MetricRegistriesImpl.java:lambda$create$1(61)) - First MetricRegistry has been created without registering reporters. You may need to call MetricRegistries.global().addReportRegistration(...) before.
2019-11-13 13:12:52,793 [RatisPipelineUtilsThread] INFO  pipeline.PipelineStateManager (PipelineStateManager.java:addPipeline(55)) - Created pipeline Pipeline[ Id: ad8726f8-a630-443e-beb0-0585571ddd4c, Nodes: b5a4ecdb-5d6c-461c-863f-1560fea02e6e{ip: 192.168.157.200, host: pr-hdds-2452-7vw7s-1330541530, networkLocation: /default-rack, certSerialId: null}, Type:RATIS, Factor:ONE, State:ALLOCATED]
2019-11-13 13:12:52,794 [Thread-179] INFO  pipeline.PipelineStateManager (PipelineStateManager.java:finalizePipeline(121)) - Pipeline Pipeline[ Id: d242cb84-a6ec-4acb-bc01-e728a553f9a7, Nodes: c10d6a1c-a480-4bcf-a079-6a7ef0d7c319{ip: 192.168.157.200, host: pr-hdds-2452-7vw7s-1330541530, networkLocation: /default-rack, certSerialId: null}, Type:RATIS, Factor:ONE, State:CLOSED] moved to CLOSED state
2019-11-13 13:12:52,804 [grpc-default-executor-0] INFO  impl.RaftServerProxy (RaftServerProxy.java:remove(95)) - c10d6a1c-a480-4bcf-a079-6a7ef0d7c319: remove  FOLLOWER c10d6a1c-a480-4bcf-a079-6a7ef0d7c319@group-E728A553F9A7:t0, leader=null, voted=null, raftlog=c10d6a1c-a480-4bcf-a079-6a7ef0d7c319@group-E728A553F9A7-SegmentedRaftLog:OPENED:c-1,f-1,i0, conf=-1: [c10d6a1c-a480-4bcf-a079-6a7ef0d7c319:192.168.157.200:38037], old=null RUNNING
2019-11-13 13:12:52,805 [grpc-default-executor-0] INFO  impl.RaftServerImpl (RaftServerImpl.java:lambda$shutdown$3(250)) - c10d6a1c-a480-4bcf-a079-6a7ef0d7c319@group-E728A553F9A7: shutdown
2019-11-13 13:12:52,805 [grpc-default-executor-0] INFO  util.JmxRegister (JmxRegister.java:unregister(73)) - Successfully un-registered JMX Bean with object name Ratis:service=RaftServer,group=group-E728A553F9A7,id=c10d6a1c-a480-4bcf-a079-6a7ef0d7c319
2019-11-13 13:12:52,805 [grpc-default-executor-0] INFO  impl.RoleInfo (RoleInfo.java:shutdownFollowerState(121)) - c10d6a1c-a480-4bcf-a079-6a7ef0d7c319: shutdown FollowerState
2019-11-13 13:12:52,806 [grpc-default-executor-0] INFO  impl.StateMachineUpdater (StateMachineUpdater.java:stopAndJoin(136)) - c10d6a1c-a480-4bcf-a079-6a7ef0d7c319@group-E728A553F9A7-StateMachineUpdater: set stopIndex = -1
2019-11-13 13:12:52,806 [Thread-184] INFO  impl.FollowerState (FollowerState.java:run(120)) - c10d6a1c-a480-4bcf-a079-6a7ef0d7c319@group-E728A553F9A7-FollowerState was interrupted: java.lang.InterruptedException: sleep interrupted
2019-11-13 13:12:52,807 [grpc-default-executor-0] INFO  impl.RaftServerImpl (ServerState.java:close(387)) - c10d6a1c-a480-4bcf-a079-6a7ef0d7c319@group-E728A553F9A7: closes. applyIndex: -1
2019-11-13 13:12:52,808 [c10d6a1c-a480-4bcf-a079-6a7ef0d7c319@group-E728A553F9A7-SegmentedRaftLogWorker] INFO  segmented.SegmentedRaftLogWorker (SegmentedRaftLogWorker.java:run(316)) - c10d6a1c-a480-4bcf-a079-6a7ef0d7c319@group-E728A553F9A7-SegmentedRaftLogWorker was interrupted, exiting. There are 0 tasks remaining in the queue.
2019-11-13 13:12:52,809 [grpc-default-executor-0] INFO  segmented.SegmentedRaftLogWorker (SegmentedRaftLogWorker.java:close(224)) - c10d6a1c-a480-4bcf-a079-6a7ef0d7c319@group-E728A553F9A7-SegmentedRaftLogWorker close()
2019-11-13 13:12:52,838 [Thread-179] INFO  pipeline.PipelineStateManager (PipelineStateManager.java:removePipeline(106)) - Pipeline Pipeline[ Id: d242cb84-a6ec-4acb-bc01-e728a553f9a7, Nodes: c10d6a1c-a480-4bcf-a079-6a7ef0d7c319{ip: 192.168.157.200, host: pr-hdds-2452-7vw7s-1330541530, networkLocation: /default-rack, certSerialId: null}, Type:RATIS, Factor:ONE, State:CLOSED] removed from db
2019-11-13 13:12:52,839 [Thread-179] INFO  pipeline.SCMPipelineManager (SCMPipelineManager.java:finalizeAndDestroyPipeline(315)) - destroying pipeline:Pipeline[ Id: 58ae89cb-d8b8-492c-a475-9d54f4c5403b, Nodes: c7dff89d-e8a4-4fa8-95ec-49ba050a48ac{ip: 192.168.157.200, host: pr-hdds-2452-7vw7s-1330541530, networkLocation: /default-rack, certSerialId: null}, Type:RATIS, Factor:ONE, State:ALLOCATED]
2019-11-13 13:12:52,850 [grpc-default-executor-0] INFO  impl.RaftServerProxy (RaftServerProxy.java:addNew(89)) - c10d6a1c-a480-4bcf-a079-6a7ef0d7c319: addNew group-1FB562FF6903:[c10d6a1c-a480-4bcf-a079-6a7ef0d7c319:192.168.157.200:38037] returns group-1FB562FF6903:java.util.concurrent.CompletableFuture@f9554f7[Not completed]
2019-11-13 13:12:52,852 [pool-37-thread-1] INFO  impl.RaftServerImpl (RaftServerImpl.java:<init>(98)) - c10d6a1c-a480-4bcf-a079-6a7ef0d7c319: new RaftServerImpl for group-1FB562FF6903:[c10d6a1c-a480-4bcf-a079-6a7ef0d7c319:192.168.157.200:38037] with ContainerStateMachine:uninitialized
2019-11-13 13:12:52,853 [pool-37-thread-1] INFO  server.RaftServerConfigKeys (ConfUtils.java:logGet(43)) - raft.server.rpc.timeout.min = 5s (custom)
2019-11-13 13:12:52,853 [pool-37-thread-1] INFO  server.RaftServerConfigKeys (ConfUtils.java:logGet(43)) - raft.server.rpc.timeout.max = 5200ms (custom)
2019-11-13 13:12:52,853 [pool-37-thread-1] INFO  server.RaftServerConfigKeys (ConfUtils.java:logGet(43)) - raft.server.rpcslowness.timeout = 120s (custom)
2019-11-13 13:12:52,854 [pool-37-thread-1] INFO  server.RaftServerConfigKeys (ConfUtils.java:logGet(43)) - raft.server.sleep.deviation.threshold = 300 (default)
2019-11-13 13:12:52,854 [pool-37-thread-1] INFO  server.RaftServerConfigKeys (ConfUtils.java:logGet(43)) - raft.server.log.appender.install.snapshot.enabled = false (custom)
2019-11-13 13:12:52,855 [pool-37-thread-1] INFO  impl.RaftServerImpl (ServerState.java:<init>(103)) - c10d6a1c-a480-4bcf-a079-6a7ef0d7c319@group-1FB562FF6903: ConfigurationManager, init=-1: [c10d6a1c-a480-4bcf-a079-6a7ef0d7c319:192.168.157.200:38037], old=null, confs=<EMPTY_MAP>
2019-11-13 13:12:52,855 [pool-37-thread-1] INFO  server.RaftServerConfigKeys (ConfUtils.java:logGet(43)) - raft.server.storage.dir = [/workdir/hadoop-ozone/integration-test/target/test-dir/MiniOzoneClusterImpl-e92505da-6c66-45ee-bd20-55499551ce33/datanode-1/data/ratis] (custom)
2019-11-13 13:12:52,874 [pool-37-thread-1] INFO  server.RaftServerConfigKeys (ConfUtils.java:logGet(43)) - raft.server.log.corruption.policy = EXCEPTION (default)
2019-11-13 13:12:52,875 [pool-37-thread-1] INFO  storage.RaftStorageDirectory (RaftStorageDirectory.java:analyzeStorage(246)) - The storage directory /workdir/hadoop-ozone/integration-test/target/test-dir/MiniOzoneClusterImpl-e92505da-6c66-45ee-bd20-55499551ce33/datanode-1/data/ratis/48acb0b2-86f3-4fe5-9e33-1fb562ff6903 does not exist. Creating ...
2019-11-13 13:12:52,900 [pool-37-thread-1] INFO  storage.RaftStorageDirectory (RaftStorageDirectory.java:tryLock(328)) - Lock on /workdir/hadoop-ozone/integration-test/target/test-dir/MiniOzoneClusterImpl-e92505da-6c66-45ee-bd20-55499551ce33/datanode-1/data/ratis/48acb0b2-86f3-4fe5-9e33-1fb562ff6903/in_use.lock acquired by nodename 32512@pr-hdds-2452-7vw7s-1330541530
2019-11-13 13:12:52,942 [pool-37-thread-1] INFO  storage.RaftStorage (RaftStorage.java:format(84)) - Storage directory /workdir/hadoop-ozone/integration-test/target/test-dir/MiniOzoneClusterImpl-e92505da-6c66-45ee-bd20-55499551ce33/datanode-1/data/ratis/48acb0b2-86f3-4fe5-9e33-1fb562ff6903 has been successfully formatted.
2019-11-13 13:12:52,943 [pool-37-thread-1] INFO  ratis.ContainerStateMachine (ContainerStateMachine.java:loadSnapshot(223)) - group-1FB562FF6903: The snapshot info is null. Setting the last applied indexto:(t:0, i:~)
2019-11-13 13:12:52,943 [pool-37-thread-1] INFO  server.RaftServerConfigKeys (ConfUtils.java:logGet(43)) - raft.server.notification.no-leader.timeout = 120s (custom)
2019-11-13 13:12:52,943 [pool-37-thread-1] INFO  server.RaftServerConfigKeys (ConfUtils.java:logGet(43)) - raft.server.log.use.memory = false (default)
2019-11-13 13:12:52,943 [pool-37-thread-1] INFO  server.RaftServerConfigKeys (ConfUtils.java:logGet(43)) - raft.server.log.purge.gap = 1000000 (custom)
2019-11-13 13:12:52,944 [pool-37-thread-1] INFO  server.RaftServerConfigKeys (ConfUtils.java:logGet(43)) - raft.server.log.appender.buffer.byte-limit = 33554432 (custom)
2019-11-13 13:12:52,944 [pool-37-thread-1] INFO  server.RaftServerConfigKeys (ConfUtils.java:logGet(43)) - raft.server.log.segment.size.max = 1048576 (custom)
2019-11-13 13:12:52,944 [pool-37-thread-1] INFO  server.RaftServerConfigKeys (ConfUtils.java:logGet(43)) - raft.server.log.segment.cache.num.max = 2 (custom)
2019-11-13 13:12:52,944 [pool-37-thread-1] INFO  segmented.SegmentedRaftLogWorker (SegmentedRaftLogWorker.java:<init>(173)) - new c10d6a1c-a480-4bcf-a079-6a7ef0d7c319@group-1FB562FF6903-SegmentedRaftLogWorker for RaftStorage:Storage Directory /workdir/hadoop-ozone/integration-test/target/test-dir/MiniOzoneClusterImpl-e92505da-6c66-45ee-bd20-55499551ce33/datanode-1/data/ratis/48acb0b2-86f3-4fe5-9e33-1fb562ff6903
2019-11-13 13:12:52,944 [pool-37-thread-1] INFO  server.RaftServerConfigKeys (ConfUtils.java:logGet(43)) - raft.server.log.queue.byte-limit = 2147483647 (custom)
2019-11-13 13:12:52,945 [pool-37-thread-1] INFO  server.RaftServerConfigKeys (ConfUtils.java:logGet(43)) - raft.server.log.queue.element-limit = 1024 (custom)
2019-11-13 13:12:52,945 [pool-37-thread-1] INFO  server.RaftServerConfigKeys (ConfUtils.java:logGet(43)) - raft.server.log.segment.size.max = 1048576 (custom)
2019-11-13 13:12:52,945 [pool-37-thread-1] INFO  server.RaftServerConfigKeys (ConfUtils.java:logGet(43)) - raft.server.log.preallocated.size = 16384 (custom)
2019-11-13 13:12:52,945 [pool-37-thread-1] INFO  server.RaftServerConfigKeys (ConfUtils.java:logGet(43)) - raft.server.log.write.buffer.size = 33554432 (custom)
2019-11-13 13:12:52,945 [pool-37-thread-1] INFO  server.RaftServerConfigKeys (ConfUtils.java:logGet(43)) - raft.server.log.force.sync.num = 128 (default)
2019-11-13 13:12:52,945 [pool-37-thread-1] INFO  server.RaftServerConfigKeys (ConfUtils.java:logGet(43)) - raft.server.log.statemachine.data.sync = true (default)
2019-11-13 13:12:52,945 [pool-37-thread-1] INFO  server.RaftServerConfigKeys (ConfUtils.java:logGet(43)) - raft.server.log.statemachine.data.sync.timeout = 10s (default)
2019-11-13 13:12:52,946 [pool-37-thread-1] INFO  server.RaftServerConfigKeys (ConfUtils.java:logGet(43)) - raft.server.log.statemachine.data.sync.timeout.retry = -1 (default)
2019-11-13 13:12:52,946 [pool-37-thread-1] INFO  server.RaftServerConfigKeys (ConfUtils.java:logGet(43)) - raft.server.log.statemachine.data.caching.enabled = true (custom)
2019-11-13 13:12:52,946 [pool-37-thread-1] INFO  segmented.SegmentedRaftLogWorker (SegmentedRaftLogWorker.java:lambda$new$0(128)) - c10d6a1c-a480-4bcf-a079-6a7ef0d7c319@group-1FB562FF6903-SegmentedRaftLogWorker: flushIndex: setUnconditionally 0 -> -1
2019-11-13 13:12:52,947 [pool-37-thread-1] INFO  server.RaftServerConfigKeys (ConfUtils.java:logGet(43)) - raft.server.snapshot.auto.trigger.enabled = true (custom)
2019-11-13 13:12:52,947 [pool-37-thread-1] INFO  server.RaftServerConfigKeys (ConfUtils.java:logGet(43)) - raft.server.snapshot.auto.trigger.threshold = 10000 (custom)
2019-11-13 13:12:52,947 [pool-37-thread-1] INFO  server.RaftServerConfigKeys (ConfUtils.java:logGet(43)) - raft.server.snapshot.retention.file.num = 5 (custom)
2019-11-13 13:12:52,948 [pool-37-thread-1] INFO  server.RaftServerConfigKeys (ConfUtils.java:logGet(43)) - raft.server.retrycache.expirytime = 600000ms (custom)
2019-11-13 13:12:52,948 [pool-37-thread-1] WARN  impl.MetricRegistriesImpl (MetricRegistriesImpl.java:lambda$create$1(61)) - First MetricRegistry has been created without registering reporters. You may need to call MetricRegistries.global().addReportRegistration(...) before.
2019-11-13 13:12:52,948 [pool-37-thread-1] WARN  impl.MetricRegistriesImpl (MetricRegistriesImpl.java:lambda$create$1(61)) - First MetricRegistry has been created without registering reporters. You may need to call MetricRegistries.global().addReportRegistration(...) before.
2019-11-13 13:12:52,949 [pool-37-thread-1] INFO  impl.RaftServerImpl (RaftServerImpl.java:start(184)) - c10d6a1c-a480-4bcf-a079-6a7ef0d7c319@group-1FB562FF6903: start as a follower, conf=-1: [c10d6a1c-a480-4bcf-a079-6a7ef0d7c319:192.168.157.200:38037], old=null
2019-11-13 13:12:52,949 [pool-37-thread-1] INFO  impl.RaftServerImpl (RaftServerImpl.java:setRole(173)) - c10d6a1c-a480-4bcf-a079-6a7ef0d7c319@group-1FB562FF6903: changes role from      null to FOLLOWER at term 0 for startAsFollower
2019-11-13 13:12:52,949 [pool-37-thread-1] INFO  impl.RoleInfo (RoleInfo.java:updateAndGet(143)) - c10d6a1c-a480-4bcf-a079-6a7ef0d7c319: start FollowerState
2019-11-13 13:12:52,949 [pool-37-thread-1] INFO  util.JmxRegister (JmxRegister.java:tryRegister(44)) - Successfully registered JMX Bean with object name Ratis:service=RaftServer,group=group-1FB562FF6903,id=c10d6a1c-a480-4bcf-a079-6a7ef0d7c319
2019-11-13 13:12:52,950 [pool-37-thread-1] WARN  impl.MetricRegistriesImpl (MetricRegistriesImpl.java:lambda$create$1(61)) - First MetricRegistry has been created without registering reporters. You may need to call MetricRegistries.global().addReportRegistration(...) before.
2019-11-13 13:12:52,962 [RatisPipelineUtilsThread] INFO  pipeline.PipelineStateManager (PipelineStateManager.java:addPipeline(55)) - Created pipeline Pipeline[ Id: 48acb0b2-86f3-4fe5-9e33-1fb562ff6903, Nodes: c10d6a1c-a480-4bcf-a079-6a7ef0d7c319{ip: 192.168.157.200, host: pr-hdds-2452-7vw7s-1330541530, networkLocation: /default-rack, certSerialId: null}, Type:RATIS, Factor:ONE, State:ALLOCATED]
2019-11-13 13:12:52,963 [Thread-179] INFO  pipeline.PipelineStateManager (PipelineStateManager.java:finalizePipeline(121)) - Pipeline Pipeline[ Id: 58ae89cb-d8b8-492c-a475-9d54f4c5403b, Nodes: c7dff89d-e8a4-4fa8-95ec-49ba050a48ac{ip: 192.168.157.200, host: pr-hdds-2452-7vw7s-1330541530, networkLocation: /default-rack, certSerialId: null}, Type:RATIS, Factor:ONE, State:CLOSED] moved to CLOSED state
2019-11-13 13:12:52,964 [Thread-0] INFO  ozone.MiniOzoneClusterImpl (MiniOzoneClusterImpl.java:lambda$waitForClusterToBeReady$2(163)) - Waiting for 3 number of pipelines out of 4, to report a leader.
2019-11-13 13:12:52,976 [grpc-default-executor-0] INFO  impl.RaftServerProxy (RaftServerProxy.java:remove(95)) - c7dff89d-e8a4-4fa8-95ec-49ba050a48ac: remove  FOLLOWER c7dff89d-e8a4-4fa8-95ec-49ba050a48ac@group-9D54F4C5403B:t0, leader=null, voted=null, raftlog=c7dff89d-e8a4-4fa8-95ec-49ba050a48ac@group-9D54F4C5403B-SegmentedRaftLog:OPENED:c-1,f-1,i0, conf=-1: [c7dff89d-e8a4-4fa8-95ec-49ba050a48ac:192.168.157.200:41564], old=null RUNNING
2019-11-13 13:12:52,976 [grpc-default-executor-0] INFO  impl.RaftServerImpl (RaftServerImpl.java:lambda$shutdown$3(250)) - c7dff89d-e8a4-4fa8-95ec-49ba050a48ac@group-9D54F4C5403B: shutdown
2019-11-13 13:12:52,977 [grpc-default-executor-0] INFO  util.JmxRegister (JmxRegister.java:unregister(73)) - Successfully un-registered JMX Bean with object name Ratis:service=RaftServer,group=group-9D54F4C5403B,id=c7dff89d-e8a4-4fa8-95ec-49ba050a48ac
2019-11-13 13:12:52,977 [grpc-default-executor-0] INFO  impl.RoleInfo (RoleInfo.java:shutdownFollowerState(121)) - c7dff89d-e8a4-4fa8-95ec-49ba050a48ac: shutdown FollowerState
2019-11-13 13:12:52,977 [grpc-default-executor-0] INFO  impl.StateMachineUpdater (StateMachineUpdater.java:stopAndJoin(136)) - c7dff89d-e8a4-4fa8-95ec-49ba050a48ac@group-9D54F4C5403B-StateMachineUpdater: set stopIndex = -1
2019-11-13 13:12:52,977 [Thread-187] INFO  impl.FollowerState (FollowerState.java:run(120)) - c7dff89d-e8a4-4fa8-95ec-49ba050a48ac@group-9D54F4C5403B-FollowerState was interrupted: java.lang.InterruptedException: sleep interrupted
2019-11-13 13:12:52,978 [grpc-default-executor-0] INFO  impl.RaftServerImpl (ServerState.java:close(387)) - c7dff89d-e8a4-4fa8-95ec-49ba050a48ac@group-9D54F4C5403B: closes. applyIndex: -1
2019-11-13 13:12:52,979 [c7dff89d-e8a4-4fa8-95ec-49ba050a48ac@group-9D54F4C5403B-SegmentedRaftLogWorker] INFO  segmented.SegmentedRaftLogWorker (SegmentedRaftLogWorker.java:run(316)) - c7dff89d-e8a4-4fa8-95ec-49ba050a48ac@group-9D54F4C5403B-SegmentedRaftLogWorker was interrupted, exiting. There are 0 tasks remaining in the queue.
2019-11-13 13:12:52,979 [grpc-default-executor-0] INFO  segmented.SegmentedRaftLogWorker (SegmentedRaftLogWorker.java:close(224)) - c7dff89d-e8a4-4fa8-95ec-49ba050a48ac@group-9D54F4C5403B-SegmentedRaftLogWorker close()
2019-11-13 13:12:52,988 [Thread-179] INFO  pipeline.PipelineStateManager (PipelineStateManager.java:removePipeline(106)) - Pipeline Pipeline[ Id: 58ae89cb-d8b8-492c-a475-9d54f4c5403b, Nodes: c7dff89d-e8a4-4fa8-95ec-49ba050a48ac{ip: 192.168.157.200, host: pr-hdds-2452-7vw7s-1330541530, networkLocation: /default-rack, certSerialId: null}, Type:RATIS, Factor:ONE, State:CLOSED] removed from db
2019-11-13 13:12:52,988 [Thread-179] INFO  pipeline.SCMPipelineManager (SCMPipelineManager.java:finalizeAndDestroyPipeline(315)) - destroying pipeline:Pipeline[ Id: 25071dec-589b-45a8-b3b4-44912b6baed8, Nodes: c10d6a1c-a480-4bcf-a079-6a7ef0d7c319{ip: 192.168.157.200, host: pr-hdds-2452-7vw7s-1330541530, networkLocation: /default-rack, certSerialId: null}b5a4ecdb-5d6c-461c-863f-1560fea02e6e{ip: 192.168.157.200, host: pr-hdds-2452-7vw7s-1330541530, networkLocation: /default-rack, certSerialId: null}c7dff89d-e8a4-4fa8-95ec-49ba050a48ac{ip: 192.168.157.200, host: pr-hdds-2452-7vw7s-1330541530, networkLocation: /default-rack, certSerialId: null}, Type:RATIS, Factor:THREE, State:ALLOCATED]
2019-11-13 13:12:52,999 [grpc-default-executor-0] INFO  impl.RaftServerProxy (RaftServerProxy.java:addNew(89)) - c7dff89d-e8a4-4fa8-95ec-49ba050a48ac: addNew group-88D61B816222:[c7dff89d-e8a4-4fa8-95ec-49ba050a48ac:192.168.157.200:41564] returns group-88D61B816222:java.util.concurrent.CompletableFuture@2c1c2f4d[Not completed]
2019-11-13 13:12:53,001 [pool-47-thread-1] INFO  impl.RaftServerImpl (RaftServerImpl.java:<init>(98)) - c7dff89d-e8a4-4fa8-95ec-49ba050a48ac: new RaftServerImpl for group-88D61B816222:[c7dff89d-e8a4-4fa8-95ec-49ba050a48ac:192.168.157.200:41564] with ContainerStateMachine:uninitialized
2019-11-13 13:12:53,002 [pool-47-thread-1] INFO  server.RaftServerConfigKeys (ConfUtils.java:logGet(43)) - raft.server.rpc.timeout.min = 5s (custom)
2019-11-13 13:12:53,002 [pool-47-thread-1] INFO  server.RaftServerConfigKeys (ConfUtils.java:logGet(43)) - raft.server.rpc.timeout.max = 5200ms (custom)
2019-11-13 13:12:53,002 [pool-47-thread-1] INFO  server.RaftServerConfigKeys (ConfUtils.java:logGet(43)) - raft.server.rpcslowness.timeout = 120s (custom)
2019-11-13 13:12:53,003 [pool-47-thread-1] INFO  server.RaftServerConfigKeys (ConfUtils.java:logGet(43)) - raft.server.sleep.deviation.threshold = 300 (default)
2019-11-13 13:12:53,003 [pool-47-thread-1] INFO  server.RaftServerConfigKeys (ConfUtils.java:logGet(43)) - raft.server.log.appender.install.snapshot.enabled = false (custom)
2019-11-13 13:12:53,003 [pool-47-thread-1] INFO  impl.RaftServerImpl (ServerState.java:<init>(103)) - c7dff89d-e8a4-4fa8-95ec-49ba050a48ac@group-88D61B816222: ConfigurationManager, init=-1: [c7dff89d-e8a4-4fa8-95ec-49ba050a48ac:192.168.157.200:41564], old=null, confs=<EMPTY_MAP>
2019-11-13 13:12:53,003 [pool-47-thread-1] INFO  server.RaftServerConfigKeys (ConfUtils.java:logGet(43)) - raft.server.storage.dir = [/workdir/hadoop-ozone/integration-test/target/test-dir/MiniOzoneClusterImpl-e92505da-6c66-45ee-bd20-55499551ce33/datanode-2/data/ratis] (custom)
2019-11-13 13:12:53,019 [pool-47-thread-1] INFO  server.RaftServerConfigKeys (ConfUtils.java:logGet(43)) - raft.server.log.corruption.policy = EXCEPTION (default)
2019-11-13 13:12:53,019 [pool-47-thread-1] INFO  storage.RaftStorageDirectory (RaftStorageDirectory.java:analyzeStorage(246)) - The storage directory /workdir/hadoop-ozone/integration-test/target/test-dir/MiniOzoneClusterImpl-e92505da-6c66-45ee-bd20-55499551ce33/datanode-2/data/ratis/49bd9b4d-aaed-44d7-8570-88d61b816222 does not exist. Creating ...
2019-11-13 13:12:53,063 [pool-47-thread-1] INFO  storage.RaftStorageDirectory (RaftStorageDirectory.java:tryLock(328)) - Lock on /workdir/hadoop-ozone/integration-test/target/test-dir/MiniOzoneClusterImpl-e92505da-6c66-45ee-bd20-55499551ce33/datanode-2/data/ratis/49bd9b4d-aaed-44d7-8570-88d61b816222/in_use.lock acquired by nodename 32512@pr-hdds-2452-7vw7s-1330541530
2019-11-13 13:12:53,105 [pool-47-thread-1] INFO  storage.RaftStorage (RaftStorage.java:format(84)) - Storage directory /workdir/hadoop-ozone/integration-test/target/test-dir/MiniOzoneClusterImpl-e92505da-6c66-45ee-bd20-55499551ce33/datanode-2/data/ratis/49bd9b4d-aaed-44d7-8570-88d61b816222 has been successfully formatted.
2019-11-13 13:12:53,106 [pool-47-thread-1] INFO  ratis.ContainerStateMachine (ContainerStateMachine.java:loadSnapshot(223)) - group-88D61B816222: The snapshot info is null. Setting the last applied indexto:(t:0, i:~)
2019-11-13 13:12:53,106 [pool-47-thread-1] INFO  server.RaftServerConfigKeys (ConfUtils.java:logGet(43)) - raft.server.notification.no-leader.timeout = 120s (custom)
2019-11-13 13:12:53,106 [pool-47-thread-1] INFO  server.RaftServerConfigKeys (ConfUtils.java:logGet(43)) - raft.server.log.use.memory = false (default)
2019-11-13 13:12:53,106 [pool-47-thread-1] INFO  server.RaftServerConfigKeys (ConfUtils.java:logGet(43)) - raft.server.log.purge.gap = 1000000 (custom)
2019-11-13 13:12:53,106 [pool-47-thread-1] INFO  server.RaftServerConfigKeys (ConfUtils.java:logGet(43)) - raft.server.log.appender.buffer.byte-limit = 33554432 (custom)
2019-11-13 13:12:53,107 [pool-47-thread-1] INFO  server.RaftServerConfigKeys (ConfUtils.java:logGet(43)) - raft.server.log.segment.size.max = 1048576 (custom)
2019-11-13 13:12:53,107 [pool-47-thread-1] INFO  server.RaftServerConfigKeys (ConfUtils.java:logGet(43)) - raft.server.log.segment.cache.num.max = 2 (custom)
2019-11-13 13:12:53,107 [pool-47-thread-1] INFO  segmented.SegmentedRaftLogWorker (SegmentedRaftLogWorker.java:<init>(173)) - new c7dff89d-e8a4-4fa8-95ec-49ba050a48ac@group-88D61B816222-SegmentedRaftLogWorker for RaftStorage:Storage Directory /workdir/hadoop-ozone/integration-test/target/test-dir/MiniOzoneClusterImpl-e92505da-6c66-45ee-bd20-55499551ce33/datanode-2/data/ratis/49bd9b4d-aaed-44d7-8570-88d61b816222
2019-11-13 13:12:53,107 [pool-47-thread-1] INFO  server.RaftServerConfigKeys (ConfUtils.java:logGet(43)) - raft.server.log.queue.byte-limit = 2147483647 (custom)
2019-11-13 13:12:53,107 [pool-47-thread-1] INFO  server.RaftServerConfigKeys (ConfUtils.java:logGet(43)) - raft.server.log.queue.element-limit = 1024 (custom)
2019-11-13 13:12:53,108 [pool-47-thread-1] INFO  server.RaftServerConfigKeys (ConfUtils.java:logGet(43)) - raft.server.log.segment.size.max = 1048576 (custom)
2019-11-13 13:12:53,108 [pool-47-thread-1] INFO  server.RaftServerConfigKeys (ConfUtils.java:logGet(43)) - raft.server.log.preallocated.size = 16384 (custom)
2019-11-13 13:12:53,108 [pool-47-thread-1] INFO  server.RaftServerConfigKeys (ConfUtils.java:logGet(43)) - raft.server.log.write.buffer.size = 33554432 (custom)
2019-11-13 13:12:53,108 [pool-47-thread-1] INFO  server.RaftServerConfigKeys (ConfUtils.java:logGet(43)) - raft.server.log.force.sync.num = 128 (default)
2019-11-13 13:12:53,108 [pool-47-thread-1] INFO  server.RaftServerConfigKeys (ConfUtils.java:logGet(43)) - raft.server.log.statemachine.data.sync = true (default)
2019-11-13 13:12:53,108 [pool-47-thread-1] INFO  server.RaftServerConfigKeys (ConfUtils.java:logGet(43)) - raft.server.log.statemachine.data.sync.timeout = 10s (default)
2019-11-13 13:12:53,108 [pool-47-thread-1] INFO  server.RaftServerConfigKeys (ConfUtils.java:logGet(43)) - raft.server.log.statemachine.data.sync.timeout.retry = -1 (default)
2019-11-13 13:12:53,109 [pool-47-thread-1] INFO  server.RaftServerConfigKeys (ConfUtils.java:logGet(43)) - raft.server.log.statemachine.data.caching.enabled = true (custom)
2019-11-13 13:12:53,109 [pool-47-thread-1] INFO  segmented.SegmentedRaftLogWorker (SegmentedRaftLogWorker.java:lambda$new$0(128)) - c7dff89d-e8a4-4fa8-95ec-49ba050a48ac@group-88D61B816222-SegmentedRaftLogWorker: flushIndex: setUnconditionally 0 -> -1
2019-11-13 13:12:53,110 [pool-47-thread-1] INFO  server.RaftServerConfigKeys (ConfUtils.java:logGet(43)) - raft.server.snapshot.auto.trigger.enabled = true (custom)
2019-11-13 13:12:53,110 [pool-47-thread-1] INFO  server.RaftServerConfigKeys (ConfUtils.java:logGet(43)) - raft.server.snapshot.auto.trigger.threshold = 10000 (custom)
2019-11-13 13:12:53,110 [pool-47-thread-1] INFO  server.RaftServerConfigKeys (ConfUtils.java:logGet(43)) - raft.server.snapshot.retention.file.num = 5 (custom)
2019-11-13 13:12:53,110 [pool-47-thread-1] INFO  server.RaftServerConfigKeys (ConfUtils.java:logGet(43)) - raft.server.retrycache.expirytime = 600000ms (custom)
2019-11-13 13:12:53,111 [pool-47-thread-1] WARN  impl.MetricRegistriesImpl (MetricRegistriesImpl.java:lambda$create$1(61)) - First MetricRegistry has been created without registering reporters. You may need to call MetricRegistries.global().addReportRegistration(...) before.
2019-11-13 13:12:53,111 [pool-47-thread-1] WARN  impl.MetricRegistriesImpl (MetricRegistriesImpl.java:lambda$create$1(61)) - First MetricRegistry has been created without registering reporters. You may need to call MetricRegistries.global().addReportRegistration(...) before.
2019-11-13 13:12:53,111 [pool-47-thread-1] INFO  impl.RaftServerImpl (RaftServerImpl.java:start(184)) - c7dff89d-e8a4-4fa8-95ec-49ba050a48ac@group-88D61B816222: start as a follower, conf=-1: [c7dff89d-e8a4-4fa8-95ec-49ba050a48ac:192.168.157.200:41564], old=null
2019-11-13 13:12:53,111 [pool-47-thread-1] INFO  impl.RaftServerImpl (RaftServerImpl.java:setRole(173)) - c7dff89d-e8a4-4fa8-95ec-49ba050a48ac@group-88D61B816222: changes role from      null to FOLLOWER at term 0 for startAsFollower
2019-11-13 13:12:53,112 [pool-47-thread-1] INFO  impl.RoleInfo (RoleInfo.java:updateAndGet(143)) - c7dff89d-e8a4-4fa8-95ec-49ba050a48ac: start FollowerState
2019-11-13 13:12:53,112 [pool-47-thread-1] INFO  util.JmxRegister (JmxRegister.java:tryRegister(44)) - Successfully registered JMX Bean with object name Ratis:service=RaftServer,group=group-88D61B816222,id=c7dff89d-e8a4-4fa8-95ec-49ba050a48ac
2019-11-13 13:12:53,112 [pool-47-thread-1] WARN  impl.MetricRegistriesImpl (MetricRegistriesImpl.java:lambda$create$1(61)) - First MetricRegistry has been created without registering reporters. You may need to call MetricRegistries.global().addReportRegistration(...) before.
2019-11-13 13:12:53,122 [RatisPipelineUtilsThread] INFO  pipeline.PipelineStateManager (PipelineStateManager.java:addPipeline(55)) - Created pipeline Pipeline[ Id: 49bd9b4d-aaed-44d7-8570-88d61b816222, Nodes: c7dff89d-e8a4-4fa8-95ec-49ba050a48ac{ip: 192.168.157.200, host: pr-hdds-2452-7vw7s-1330541530, networkLocation: /default-rack, certSerialId: null}, Type:RATIS, Factor:ONE, State:ALLOCATED]
2019-11-13 13:12:53,124 [Thread-179] INFO  pipeline.PipelineStateManager (PipelineStateManager.java:finalizePipeline(121)) - Pipeline Pipeline[ Id: 25071dec-589b-45a8-b3b4-44912b6baed8, Nodes: c10d6a1c-a480-4bcf-a079-6a7ef0d7c319{ip: 192.168.157.200, host: pr-hdds-2452-7vw7s-1330541530, networkLocation: /default-rack, certSerialId: null}b5a4ecdb-5d6c-461c-863f-1560fea02e6e{ip: 192.168.157.200, host: pr-hdds-2452-7vw7s-1330541530, networkLocation: /default-rack, certSerialId: null}c7dff89d-e8a4-4fa8-95ec-49ba050a48ac{ip: 192.168.157.200, host: pr-hdds-2452-7vw7s-1330541530, networkLocation: /default-rack, certSerialId: null}, Type:RATIS, Factor:THREE, State:CLOSED] moved to CLOSED state
2019-11-13 13:12:53,135 [grpc-default-executor-0] INFO  impl.RaftServerProxy (RaftServerProxy.java:remove(95)) - c10d6a1c-a480-4bcf-a079-6a7ef0d7c319: remove  FOLLOWER c10d6a1c-a480-4bcf-a079-6a7ef0d7c319@group-44912B6BAED8:t0, leader=null, voted=null, raftlog=c10d6a1c-a480-4bcf-a079-6a7ef0d7c319@group-44912B6BAED8-SegmentedRaftLog:OPENED:c-1,f-1,i0, conf=-1: [c7dff89d-e8a4-4fa8-95ec-49ba050a48ac:192.168.157.200:41564, c10d6a1c-a480-4bcf-a079-6a7ef0d7c319:192.168.157.200:38037, b5a4ecdb-5d6c-461c-863f-1560fea02e6e:192.168.157.200:45174], old=null RUNNING
2019-11-13 13:12:53,136 [grpc-default-executor-0] INFO  impl.RaftServerImpl (RaftServerImpl.java:lambda$shutdown$3(250)) - c10d6a1c-a480-4bcf-a079-6a7ef0d7c319@group-44912B6BAED8: shutdown
2019-11-13 13:12:53,136 [grpc-default-executor-0] INFO  util.JmxRegister (JmxRegister.java:unregister(73)) - Successfully un-registered JMX Bean with object name Ratis:service=RaftServer,group=group-44912B6BAED8,id=c10d6a1c-a480-4bcf-a079-6a7ef0d7c319
2019-11-13 13:12:53,136 [grpc-default-executor-0] INFO  impl.RoleInfo (RoleInfo.java:shutdownFollowerState(121)) - c10d6a1c-a480-4bcf-a079-6a7ef0d7c319: shutdown FollowerState
2019-11-13 13:12:53,137 [grpc-default-executor-0] INFO  impl.StateMachineUpdater (StateMachineUpdater.java:stopAndJoin(136)) - c10d6a1c-a480-4bcf-a079-6a7ef0d7c319@group-44912B6BAED8-StateMachineUpdater: set stopIndex = -1
2019-11-13 13:12:53,137 [Thread-195] INFO  impl.FollowerState (FollowerState.java:run(120)) - c10d6a1c-a480-4bcf-a079-6a7ef0d7c319@group-44912B6BAED8-FollowerState was interrupted: java.lang.InterruptedException: sleep interrupted
2019-11-13 13:12:53,137 [grpc-default-executor-0] INFO  impl.RaftServerImpl (ServerState.java:close(387)) - c10d6a1c-a480-4bcf-a079-6a7ef0d7c319@group-44912B6BAED8: closes. applyIndex: -1
2019-11-13 13:12:53,138 [c10d6a1c-a480-4bcf-a079-6a7ef0d7c319@group-44912B6BAED8-SegmentedRaftLogWorker] INFO  segmented.SegmentedRaftLogWorker (SegmentedRaftLogWorker.java:run(316)) - c10d6a1c-a480-4bcf-a079-6a7ef0d7c319@group-44912B6BAED8-SegmentedRaftLogWorker was interrupted, exiting. There are 0 tasks remaining in the queue.
2019-11-13 13:12:53,139 [grpc-default-executor-0] INFO  segmented.SegmentedRaftLogWorker (SegmentedRaftLogWorker.java:close(224)) - c10d6a1c-a480-4bcf-a079-6a7ef0d7c319@group-44912B6BAED8-SegmentedRaftLogWorker close()
2019-11-13 13:12:53,158 [grpc-default-executor-0] INFO  impl.RaftServerProxy (RaftServerProxy.java:remove(95)) - b5a4ecdb-5d6c-461c-863f-1560fea02e6e: remove  FOLLOWER b5a4ecdb-5d6c-461c-863f-1560fea02e6e@group-44912B6BAED8:t0, leader=null, voted=null, raftlog=b5a4ecdb-5d6c-461c-863f-1560fea02e6e@group-44912B6BAED8-SegmentedRaftLog:OPENED:c-1,f-1,i0, conf=-1: [c7dff89d-e8a4-4fa8-95ec-49ba050a48ac:192.168.157.200:41564, c10d6a1c-a480-4bcf-a079-6a7ef0d7c319:192.168.157.200:38037, b5a4ecdb-5d6c-461c-863f-1560fea02e6e:192.168.157.200:45174], old=null RUNNING
2019-11-13 13:12:53,158 [grpc-default-executor-0] INFO  impl.RaftServerImpl (RaftServerImpl.java:lambda$shutdown$3(250)) - b5a4ecdb-5d6c-461c-863f-1560fea02e6e@group-44912B6BAED8: shutdown
2019-11-13 13:12:53,158 [grpc-default-executor-0] INFO  util.JmxRegister (JmxRegister.java:unregister(73)) - Successfully un-registered JMX Bean with object name Ratis:service=RaftServer,group=group-44912B6BAED8,id=b5a4ecdb-5d6c-461c-863f-1560fea02e6e
2019-11-13 13:12:53,158 [grpc-default-executor-0] INFO  impl.RoleInfo (RoleInfo.java:shutdownFollowerState(121)) - b5a4ecdb-5d6c-461c-863f-1560fea02e6e: shutdown FollowerState
2019-11-13 13:12:53,159 [grpc-default-executor-0] INFO  impl.StateMachineUpdater (StateMachineUpdater.java:stopAndJoin(136)) - b5a4ecdb-5d6c-461c-863f-1560fea02e6e@group-44912B6BAED8-StateMachineUpdater: set stopIndex = -1
2019-11-13 13:12:53,159 [Thread-193] INFO  impl.FollowerState (FollowerState.java:run(120)) - b5a4ecdb-5d6c-461c-863f-1560fea02e6e@group-44912B6BAED8-FollowerState was interrupted: java.lang.InterruptedException: sleep interrupted
2019-11-13 13:12:53,159 [grpc-default-executor-0] INFO  impl.RaftServerImpl (ServerState.java:close(387)) - b5a4ecdb-5d6c-461c-863f-1560fea02e6e@group-44912B6BAED8: closes. applyIndex: -1
2019-11-13 13:12:53,161 [b5a4ecdb-5d6c-461c-863f-1560fea02e6e@group-44912B6BAED8-SegmentedRaftLogWorker] INFO  segmented.SegmentedRaftLogWorker (SegmentedRaftLogWorker.java:run(316)) - b5a4ecdb-5d6c-461c-863f-1560fea02e6e@group-44912B6BAED8-SegmentedRaftLogWorker was interrupted, exiting. There are 0 tasks remaining in the queue.
2019-11-13 13:12:53,161 [grpc-default-executor-0] INFO  segmented.SegmentedRaftLogWorker (SegmentedRaftLogWorker.java:close(224)) - b5a4ecdb-5d6c-461c-863f-1560fea02e6e@group-44912B6BAED8-SegmentedRaftLogWorker close()
2019-11-13 13:12:53,196 [grpc-default-executor-0] INFO  impl.RaftServerProxy (RaftServerProxy.java:remove(95)) - c7dff89d-e8a4-4fa8-95ec-49ba050a48ac: remove  FOLLOWER c7dff89d-e8a4-4fa8-95ec-49ba050a48ac@group-44912B6BAED8:t0, leader=null, voted=null, raftlog=c7dff89d-e8a4-4fa8-95ec-49ba050a48ac@group-44912B6BAED8-SegmentedRaftLog:OPENED:c-1,f-1,i0, conf=-1: [c7dff89d-e8a4-4fa8-95ec-49ba050a48ac:192.168.157.200:41564, c10d6a1c-a480-4bcf-a079-6a7ef0d7c319:192.168.157.200:38037, b5a4ecdb-5d6c-461c-863f-1560fea02e6e:192.168.157.200:45174], old=null RUNNING
2019-11-13 13:12:53,197 [grpc-default-executor-0] INFO  impl.RaftServerImpl (RaftServerImpl.java:lambda$shutdown$3(250)) - c7dff89d-e8a4-4fa8-95ec-49ba050a48ac@group-44912B6BAED8: shutdown
2019-11-13 13:12:53,197 [grpc-default-executor-0] INFO  util.JmxRegister (JmxRegister.java:unregister(73)) - Successfully un-registered JMX Bean with object name Ratis:service=RaftServer,group=group-44912B6BAED8,id=c7dff89d-e8a4-4fa8-95ec-49ba050a48ac
2019-11-13 13:12:53,197 [grpc-default-executor-0] INFO  impl.RoleInfo (RoleInfo.java:shutdownFollowerState(121)) - c7dff89d-e8a4-4fa8-95ec-49ba050a48ac: shutdown FollowerState
2019-11-13 13:12:53,197 [grpc-default-executor-0] INFO  impl.StateMachineUpdater (StateMachineUpdater.java:stopAndJoin(136)) - c7dff89d-e8a4-4fa8-95ec-49ba050a48ac@group-44912B6BAED8-StateMachineUpdater: set stopIndex = -1
2019-11-13 13:12:53,197 [Thread-191] INFO  impl.FollowerState (FollowerState.java:run(120)) - c7dff89d-e8a4-4fa8-95ec-49ba050a48ac@group-44912B6BAED8-FollowerState was interrupted: java.lang.InterruptedException: sleep interrupted
2019-11-13 13:12:53,198 [grpc-default-executor-0] INFO  impl.RaftServerImpl (ServerState.java:close(387)) - c7dff89d-e8a4-4fa8-95ec-49ba050a48ac@group-44912B6BAED8: closes. applyIndex: -1
2019-11-13 13:12:53,199 [c7dff89d-e8a4-4fa8-95ec-49ba050a48ac@group-44912B6BAED8-SegmentedRaftLogWorker] INFO  segmented.SegmentedRaftLogWorker (SegmentedRaftLogWorker.java:run(316)) - c7dff89d-e8a4-4fa8-95ec-49ba050a48ac@group-44912B6BAED8-SegmentedRaftLogWorker was interrupted, exiting. There are 0 tasks remaining in the queue.
2019-11-13 13:12:53,199 [grpc-default-executor-0] INFO  segmented.SegmentedRaftLogWorker (SegmentedRaftLogWorker.java:close(224)) - c7dff89d-e8a4-4fa8-95ec-49ba050a48ac@group-44912B6BAED8-SegmentedRaftLogWorker close()
2019-11-13 13:12:53,219 [Thread-179] INFO  pipeline.PipelineStateManager (PipelineStateManager.java:removePipeline(106)) - Pipeline Pipeline[ Id: 25071dec-589b-45a8-b3b4-44912b6baed8, Nodes: c10d6a1c-a480-4bcf-a079-6a7ef0d7c319{ip: 192.168.157.200, host: pr-hdds-2452-7vw7s-1330541530, networkLocation: /default-rack, certSerialId: null}b5a4ecdb-5d6c-461c-863f-1560fea02e6e{ip: 192.168.157.200, host: pr-hdds-2452-7vw7s-1330541530, networkLocation: /default-rack, certSerialId: null}c7dff89d-e8a4-4fa8-95ec-49ba050a48ac{ip: 192.168.157.200, host: pr-hdds-2452-7vw7s-1330541530, networkLocation: /default-rack, certSerialId: null}, Type:RATIS, Factor:THREE, State:CLOSED] removed from db
2019-11-13 13:12:53,237 [grpc-default-executor-1] INFO  impl.RaftServerProxy (RaftServerProxy.java:addNew(89)) - b5a4ecdb-5d6c-461c-863f-1560fea02e6e: addNew group-EF310E1947A6:[c7dff89d-e8a4-4fa8-95ec-49ba050a48ac:192.168.157.200:41564, c10d6a1c-a480-4bcf-a079-6a7ef0d7c319:192.168.157.200:38037, b5a4ecdb-5d6c-461c-863f-1560fea02e6e:192.168.157.200:45174] returns group-EF310E1947A6:java.util.concurrent.CompletableFuture@1263dcb8[Not completed]
2019-11-13 13:12:53,238 [grpc-default-executor-2] INFO  impl.RaftServerProxy (RaftServerProxy.java:addNew(89)) - c10d6a1c-a480-4bcf-a079-6a7ef0d7c319: addNew group-EF310E1947A6:[c7dff89d-e8a4-4fa8-95ec-49ba050a48ac:192.168.157.200:41564, c10d6a1c-a480-4bcf-a079-6a7ef0d7c319:192.168.157.200:38037, b5a4ecdb-5d6c-461c-863f-1560fea02e6e:192.168.157.200:45174] returns group-EF310E1947A6:java.util.concurrent.CompletableFuture@5f3e8db0[Not completed]
2019-11-13 13:12:53,240 [grpc-default-executor-1] INFO  impl.RaftServerProxy (RaftServerProxy.java:addNew(89)) - c7dff89d-e8a4-4fa8-95ec-49ba050a48ac: addNew group-EF310E1947A6:[c7dff89d-e8a4-4fa8-95ec-49ba050a48ac:192.168.157.200:41564, c10d6a1c-a480-4bcf-a079-6a7ef0d7c319:192.168.157.200:38037, b5a4ecdb-5d6c-461c-863f-1560fea02e6e:192.168.157.200:45174] returns group-EF310E1947A6:java.util.concurrent.CompletableFuture@121a4b3[Not completed]
2019-11-13 13:12:53,241 [pool-27-thread-1] INFO  impl.RaftServerImpl (RaftServerImpl.java:<init>(98)) - b5a4ecdb-5d6c-461c-863f-1560fea02e6e: new RaftServerImpl for group-EF310E1947A6:[c7dff89d-e8a4-4fa8-95ec-49ba050a48ac:192.168.157.200:41564, c10d6a1c-a480-4bcf-a079-6a7ef0d7c319:192.168.157.200:38037, b5a4ecdb-5d6c-461c-863f-1560fea02e6e:192.168.157.200:45174] with ContainerStateMachine:uninitialized
2019-11-13 13:12:53,241 [pool-27-thread-1] INFO  server.RaftServerConfigKeys (ConfUtils.java:logGet(43)) - raft.server.rpc.timeout.min = 5s (custom)
2019-11-13 13:12:53,241 [pool-27-thread-1] INFO  server.RaftServerConfigKeys (ConfUtils.java:logGet(43)) - raft.server.rpc.timeout.max = 5200ms (custom)
2019-11-13 13:12:53,242 [pool-27-thread-1] INFO  server.RaftServerConfigKeys (ConfUtils.java:logGet(43)) - raft.server.rpcslowness.timeout = 120s (custom)
2019-11-13 13:12:53,242 [pool-27-thread-1] INFO  server.RaftServerConfigKeys (ConfUtils.java:logGet(43)) - raft.server.sleep.deviation.threshold = 300 (default)
2019-11-13 13:12:53,242 [pool-27-thread-1] INFO  server.RaftServerConfigKeys (ConfUtils.java:logGet(43)) - raft.server.log.appender.install.snapshot.enabled = false (custom)
2019-11-13 13:12:53,242 [pool-47-thread-1] INFO  impl.RaftServerImpl (RaftServerImpl.java:<init>(98)) - c7dff89d-e8a4-4fa8-95ec-49ba050a48ac: new RaftServerImpl for group-EF310E1947A6:[c7dff89d-e8a4-4fa8-95ec-49ba050a48ac:192.168.157.200:41564, c10d6a1c-a480-4bcf-a079-6a7ef0d7c319:192.168.157.200:38037, b5a4ecdb-5d6c-461c-863f-1560fea02e6e:192.168.157.200:45174] with ContainerStateMachine:uninitialized
2019-11-13 13:12:53,242 [pool-27-thread-1] INFO  impl.RaftServerImpl (ServerState.java:<init>(103)) - b5a4ecdb-5d6c-461c-863f-1560fea02e6e@group-EF310E1947A6: ConfigurationManager, init=-1: [c7dff89d-e8a4-4fa8-95ec-49ba050a48ac:192.168.157.200:41564, c10d6a1c-a480-4bcf-a079-6a7ef0d7c319:192.168.157.200:38037, b5a4ecdb-5d6c-461c-863f-1560fea02e6e:192.168.157.200:45174], old=null, confs=<EMPTY_MAP>
2019-11-13 13:12:53,242 [pool-47-thread-1] INFO  server.RaftServerConfigKeys (ConfUtils.java:logGet(43)) - raft.server.rpc.timeout.min = 5s (custom)
2019-11-13 13:12:53,242 [pool-47-thread-1] INFO  server.RaftServerConfigKeys (ConfUtils.java:logGet(43)) - raft.server.rpc.timeout.max = 5200ms (custom)
2019-11-13 13:12:53,242 [pool-27-thread-1] INFO  server.RaftServerConfigKeys (ConfUtils.java:logGet(43)) - raft.server.storage.dir = [/workdir/hadoop-ozone/integration-test/target/test-dir/MiniOzoneClusterImpl-e92505da-6c66-45ee-bd20-55499551ce33/datanode-0/data/ratis] (custom)
2019-11-13 13:12:53,242 [pool-47-thread-1] INFO  server.RaftServerConfigKeys (ConfUtils.java:logGet(43)) - raft.server.rpcslowness.timeout = 120s (custom)
2019-11-13 13:12:53,243 [pool-47-thread-1] INFO  server.RaftServerConfigKeys (ConfUtils.java:logGet(43)) - raft.server.sleep.deviation.threshold = 300 (default)
2019-11-13 13:12:53,243 [pool-27-thread-1] INFO  server.RaftServerConfigKeys (ConfUtils.java:logGet(43)) - raft.server.log.corruption.policy = EXCEPTION (default)
2019-11-13 13:12:53,243 [pool-37-thread-1] INFO  impl.RaftServerImpl (RaftServerImpl.java:<init>(98)) - c10d6a1c-a480-4bcf-a079-6a7ef0d7c319: new RaftServerImpl for group-EF310E1947A6:[c7dff89d-e8a4-4fa8-95ec-49ba050a48ac:192.168.157.200:41564, c10d6a1c-a480-4bcf-a079-6a7ef0d7c319:192.168.157.200:38037, b5a4ecdb-5d6c-461c-863f-1560fea02e6e:192.168.157.200:45174] with ContainerStateMachine:uninitialized
2019-11-13 13:12:53,243 [pool-47-thread-1] INFO  server.RaftServerConfigKeys (ConfUtils.java:logGet(43)) - raft.server.log.appender.install.snapshot.enabled = false (custom)
2019-11-13 13:12:53,243 [pool-27-thread-1] INFO  storage.RaftStorageDirectory (RaftStorageDirectory.java:analyzeStorage(246)) - The storage directory /workdir/hadoop-ozone/integration-test/target/test-dir/MiniOzoneClusterImpl-e92505da-6c66-45ee-bd20-55499551ce33/datanode-0/data/ratis/bed64c15-9ab8-46b0-9933-ef310e1947a6 does not exist. Creating ...
2019-11-13 13:12:53,243 [pool-37-thread-1] INFO  server.RaftServerConfigKeys (ConfUtils.java:logGet(43)) - raft.server.rpc.timeout.min = 5s (custom)
2019-11-13 13:12:53,243 [pool-47-thread-1] INFO  impl.RaftServerImpl (ServerState.java:<init>(103)) - c7dff89d-e8a4-4fa8-95ec-49ba050a48ac@group-EF310E1947A6: ConfigurationManager, init=-1: [c7dff89d-e8a4-4fa8-95ec-49ba050a48ac:192.168.157.200:41564, c10d6a1c-a480-4bcf-a079-6a7ef0d7c319:192.168.157.200:38037, b5a4ecdb-5d6c-461c-863f-1560fea02e6e:192.168.157.200:45174], old=null, confs=<EMPTY_MAP>
2019-11-13 13:12:53,243 [pool-37-thread-1] INFO  server.RaftServerConfigKeys (ConfUtils.java:logGet(43)) - raft.server.rpc.timeout.max = 5200ms (custom)
2019-11-13 13:12:53,243 [pool-47-thread-1] INFO  server.RaftServerConfigKeys (ConfUtils.java:logGet(43)) - raft.server.storage.dir = [/workdir/hadoop-ozone/integration-test/target/test-dir/MiniOzoneClusterImpl-e92505da-6c66-45ee-bd20-55499551ce33/datanode-2/data/ratis] (custom)
2019-11-13 13:12:53,243 [pool-37-thread-1] INFO  server.RaftServerConfigKeys (ConfUtils.java:logGet(43)) - raft.server.rpcslowness.timeout = 120s (custom)
2019-11-13 13:12:53,244 [pool-37-thread-1] INFO  server.RaftServerConfigKeys (ConfUtils.java:logGet(43)) - raft.server.sleep.deviation.threshold = 300 (default)
2019-11-13 13:12:53,244 [pool-37-thread-1] INFO  server.RaftServerConfigKeys (ConfUtils.java:logGet(43)) - raft.server.log.appender.install.snapshot.enabled = false (custom)
2019-11-13 13:12:53,244 [pool-37-thread-1] INFO  impl.RaftServerImpl (ServerState.java:<init>(103)) - c10d6a1c-a480-4bcf-a079-6a7ef0d7c319@group-EF310E1947A6: ConfigurationManager, init=-1: [c7dff89d-e8a4-4fa8-95ec-49ba050a48ac:192.168.157.200:41564, c10d6a1c-a480-4bcf-a079-6a7ef0d7c319:192.168.157.200:38037, b5a4ecdb-5d6c-461c-863f-1560fea02e6e:192.168.157.200:45174], old=null, confs=<EMPTY_MAP>
2019-11-13 13:12:53,244 [pool-37-thread-1] INFO  server.RaftServerConfigKeys (ConfUtils.java:logGet(43)) - raft.server.storage.dir = [/workdir/hadoop-ozone/integration-test/target/test-dir/MiniOzoneClusterImpl-e92505da-6c66-45ee-bd20-55499551ce33/datanode-1/data/ratis] (custom)
2019-11-13 13:12:53,257 [pool-47-thread-1] INFO  server.RaftServerConfigKeys (ConfUtils.java:logGet(43)) - raft.server.log.corruption.policy = EXCEPTION (default)
2019-11-13 13:12:53,257 [pool-37-thread-1] INFO  server.RaftServerConfigKeys (ConfUtils.java:logGet(43)) - raft.server.log.corruption.policy = EXCEPTION (default)
2019-11-13 13:12:53,257 [pool-47-thread-1] INFO  storage.RaftStorageDirectory (RaftStorageDirectory.java:analyzeStorage(246)) - The storage directory /workdir/hadoop-ozone/integration-test/target/test-dir/MiniOzoneClusterImpl-e92505da-6c66-45ee-bd20-55499551ce33/datanode-2/data/ratis/bed64c15-9ab8-46b0-9933-ef310e1947a6 does not exist. Creating ...
2019-11-13 13:12:53,258 [pool-37-thread-1] INFO  storage.RaftStorageDirectory (RaftStorageDirectory.java:analyzeStorage(246)) - The storage directory /workdir/hadoop-ozone/integration-test/target/test-dir/MiniOzoneClusterImpl-e92505da-6c66-45ee-bd20-55499551ce33/datanode-1/data/ratis/bed64c15-9ab8-46b0-9933-ef310e1947a6 does not exist. Creating ...
2019-11-13 13:12:53,308 [pool-47-thread-1] INFO  storage.RaftStorageDirectory (RaftStorageDirectory.java:tryLock(328)) - Lock on /workdir/hadoop-ozone/integration-test/target/test-dir/MiniOzoneClusterImpl-e92505da-6c66-45ee-bd20-55499551ce33/datanode-2/data/ratis/bed64c15-9ab8-46b0-9933-ef310e1947a6/in_use.lock acquired by nodename 32512@pr-hdds-2452-7vw7s-1330541530
2019-11-13 13:12:53,308 [pool-27-thread-1] INFO  storage.RaftStorageDirectory (RaftStorageDirectory.java:tryLock(328)) - Lock on /workdir/hadoop-ozone/integration-test/target/test-dir/MiniOzoneClusterImpl-e92505da-6c66-45ee-bd20-55499551ce33/datanode-0/data/ratis/bed64c15-9ab8-46b0-9933-ef310e1947a6/in_use.lock acquired by nodename 32512@pr-hdds-2452-7vw7s-1330541530
2019-11-13 13:12:53,308 [pool-37-thread-1] INFO  storage.RaftStorageDirectory (RaftStorageDirectory.java:tryLock(328)) - Lock on /workdir/hadoop-ozone/integration-test/target/test-dir/MiniOzoneClusterImpl-e92505da-6c66-45ee-bd20-55499551ce33/datanode-1/data/ratis/bed64c15-9ab8-46b0-9933-ef310e1947a6/in_use.lock acquired by nodename 32512@pr-hdds-2452-7vw7s-1330541530
2019-11-13 13:12:53,385 [pool-37-thread-1] INFO  storage.RaftStorage (RaftStorage.java:format(84)) - Storage directory /workdir/hadoop-ozone/integration-test/target/test-dir/MiniOzoneClusterImpl-e92505da-6c66-45ee-bd20-55499551ce33/datanode-1/data/ratis/bed64c15-9ab8-46b0-9933-ef310e1947a6 has been successfully formatted.
2019-11-13 13:12:53,385 [pool-47-thread-1] INFO  storage.RaftStorage (RaftStorage.java:format(84)) - Storage directory /workdir/hadoop-ozone/integration-test/target/test-dir/MiniOzoneClusterImpl-e92505da-6c66-45ee-bd20-55499551ce33/datanode-2/data/ratis/bed64c15-9ab8-46b0-9933-ef310e1947a6 has been successfully formatted.
2019-11-13 13:12:53,385 [pool-27-thread-1] INFO  storage.RaftStorage (RaftStorage.java:format(84)) - Storage directory /workdir/hadoop-ozone/integration-test/target/test-dir/MiniOzoneClusterImpl-e92505da-6c66-45ee-bd20-55499551ce33/datanode-0/data/ratis/bed64c15-9ab8-46b0-9933-ef310e1947a6 has been successfully formatted.
2019-11-13 13:12:53,385 [pool-37-thread-1] INFO  ratis.ContainerStateMachine (ContainerStateMachine.java:loadSnapshot(223)) - group-EF310E1947A6: The snapshot info is null. Setting the last applied indexto:(t:0, i:~)
2019-11-13 13:12:53,385 [pool-47-thread-1] INFO  ratis.ContainerStateMachine (ContainerStateMachine.java:loadSnapshot(223)) - group-EF310E1947A6: The snapshot info is null. Setting the last applied indexto:(t:0, i:~)
2019-11-13 13:12:53,385 [pool-37-thread-1] INFO  server.RaftServerConfigKeys (ConfUtils.java:logGet(43)) - raft.server.notification.no-leader.timeout = 120s (custom)
2019-11-13 13:12:53,385 [pool-27-thread-1] INFO  ratis.ContainerStateMachine (ContainerStateMachine.java:loadSnapshot(223)) - group-EF310E1947A6: The snapshot info is null. Setting the last applied indexto:(t:0, i:~)
2019-11-13 13:12:53,386 [pool-37-thread-1] INFO  server.RaftServerConfigKeys (ConfUtils.java:logGet(43)) - raft.server.log.use.memory = false (default)
2019-11-13 13:12:53,386 [pool-47-thread-1] INFO  server.RaftServerConfigKeys (ConfUtils.java:logGet(43)) - raft.server.notification.no-leader.timeout = 120s (custom)
2019-11-13 13:12:53,386 [pool-37-thread-1] INFO  server.RaftServerConfigKeys (ConfUtils.java:logGet(43)) - raft.server.log.purge.gap = 1000000 (custom)
2019-11-13 13:12:53,386 [pool-27-thread-1] INFO  server.RaftServerConfigKeys (ConfUtils.java:logGet(43)) - raft.server.notification.no-leader.timeout = 120s (custom)
2019-11-13 13:12:53,386 [pool-37-thread-1] INFO  server.RaftServerConfigKeys (ConfUtils.java:logGet(43)) - raft.server.log.appender.buffer.byte-limit = 33554432 (custom)
2019-11-13 13:12:53,386 [pool-47-thread-1] INFO  server.RaftServerConfigKeys (ConfUtils.java:logGet(43)) - raft.server.log.use.memory = false (default)
2019-11-13 13:12:53,387 [pool-37-thread-1] INFO  server.RaftServerConfigKeys (ConfUtils.java:logGet(43)) - raft.server.log.segment.size.max = 1048576 (custom)
2019-11-13 13:12:53,386 [pool-27-thread-1] INFO  server.RaftServerConfigKeys (ConfUtils.java:logGet(43)) - raft.server.log.use.memory = false (default)
2019-11-13 13:12:53,387 [pool-37-thread-1] INFO  server.RaftServerConfigKeys (ConfUtils.java:logGet(43)) - raft.server.log.segment.cache.num.max = 2 (custom)
2019-11-13 13:12:53,387 [pool-47-thread-1] INFO  server.RaftServerConfigKeys (ConfUtils.java:logGet(43)) - raft.server.log.purge.gap = 1000000 (custom)
2019-11-13 13:12:53,387 [pool-37-thread-1] INFO  segmented.SegmentedRaftLogWorker (SegmentedRaftLogWorker.java:<init>(173)) - new c10d6a1c-a480-4bcf-a079-6a7ef0d7c319@group-EF310E1947A6-SegmentedRaftLogWorker for RaftStorage:Storage Directory /workdir/hadoop-ozone/integration-test/target/test-dir/MiniOzoneClusterImpl-e92505da-6c66-45ee-bd20-55499551ce33/datanode-1/data/ratis/bed64c15-9ab8-46b0-9933-ef310e1947a6
2019-11-13 13:12:53,387 [pool-27-thread-1] INFO  server.RaftServerConfigKeys (ConfUtils.java:logGet(43)) - raft.server.log.purge.gap = 1000000 (custom)
2019-11-13 13:12:53,388 [pool-37-thread-1] INFO  server.RaftServerConfigKeys (ConfUtils.java:logGet(43)) - raft.server.log.queue.byte-limit = 2147483647 (custom)
2019-11-13 13:12:53,387 [pool-47-thread-1] INFO  server.RaftServerConfigKeys (ConfUtils.java:logGet(43)) - raft.server.log.appender.buffer.byte-limit = 33554432 (custom)
2019-11-13 13:12:53,388 [pool-37-thread-1] INFO  server.RaftServerConfigKeys (ConfUtils.java:logGet(43)) - raft.server.log.queue.element-limit = 1024 (custom)
2019-11-13 13:12:53,388 [pool-27-thread-1] INFO  server.RaftServerConfigKeys (ConfUtils.java:logGet(43)) - raft.server.log.appender.buffer.byte-limit = 33554432 (custom)
2019-11-13 13:12:53,388 [pool-37-thread-1] INFO  server.RaftServerConfigKeys (ConfUtils.java:logGet(43)) - raft.server.log.segment.size.max = 1048576 (custom)
2019-11-13 13:12:53,388 [pool-47-thread-1] INFO  server.RaftServerConfigKeys (ConfUtils.java:logGet(43)) - raft.server.log.segment.size.max = 1048576 (custom)
2019-11-13 13:12:53,389 [pool-37-thread-1] INFO  server.RaftServerConfigKeys (ConfUtils.java:logGet(43)) - raft.server.log.preallocated.size = 16384 (custom)
2019-11-13 13:12:53,388 [pool-27-thread-1] INFO  server.RaftServerConfigKeys (ConfUtils.java:logGet(43)) - raft.server.log.segment.size.max = 1048576 (custom)
2019-11-13 13:12:53,389 [pool-37-thread-1] INFO  server.RaftServerConfigKeys (ConfUtils.java:logGet(43)) - raft.server.log.write.buffer.size = 33554432 (custom)
2019-11-13 13:12:53,389 [pool-37-thread-1] INFO  server.RaftServerConfigKeys (ConfUtils.java:logGet(43)) - raft.server.log.force.sync.num = 128 (default)
2019-11-13 13:12:53,389 [pool-47-thread-1] INFO  server.RaftServerConfigKeys (ConfUtils.java:logGet(43)) - raft.server.log.segment.cache.num.max = 2 (custom)
2019-11-13 13:12:53,389 [pool-37-thread-1] INFO  server.RaftServerConfigKeys (ConfUtils.java:logGet(43)) - raft.server.log.statemachine.data.sync = true (default)
2019-11-13 13:12:53,389 [pool-27-thread-1] INFO  server.RaftServerConfigKeys (ConfUtils.java:logGet(43)) - raft.server.log.segment.cache.num.max = 2 (custom)
2019-11-13 13:12:53,390 [pool-37-thread-1] INFO  server.RaftServerConfigKeys (ConfUtils.java:logGet(43)) - raft.server.log.statemachine.data.sync.timeout = 10s (default)
2019-11-13 13:12:53,390 [pool-47-thread-1] INFO  segmented.SegmentedRaftLogWorker (SegmentedRaftLogWorker.java:<init>(173)) - new c7dff89d-e8a4-4fa8-95ec-49ba050a48ac@group-EF310E1947A6-SegmentedRaftLogWorker for RaftStorage:Storage Directory /workdir/hadoop-ozone/integration-test/target/test-dir/MiniOzoneClusterImpl-e92505da-6c66-45ee-bd20-55499551ce33/datanode-2/data/ratis/bed64c15-9ab8-46b0-9933-ef310e1947a6
2019-11-13 13:12:53,390 [pool-37-thread-1] INFO  server.RaftServerConfigKeys (ConfUtils.java:logGet(43)) - raft.server.log.statemachine.data.sync.timeout.retry = -1 (default)
2019-11-13 13:12:53,390 [pool-27-thread-1] INFO  segmented.SegmentedRaftLogWorker (SegmentedRaftLogWorker.java:<init>(173)) - new b5a4ecdb-5d6c-461c-863f-1560fea02e6e@group-EF310E1947A6-SegmentedRaftLogWorker for RaftStorage:Storage Directory /workdir/hadoop-ozone/integration-test/target/test-dir/MiniOzoneClusterImpl-e92505da-6c66-45ee-bd20-55499551ce33/datanode-0/data/ratis/bed64c15-9ab8-46b0-9933-ef310e1947a6
2019-11-13 13:12:53,390 [pool-47-thread-1] INFO  server.RaftServerConfigKeys (ConfUtils.java:logGet(43)) - raft.server.log.queue.byte-limit = 2147483647 (custom)
2019-11-13 13:12:53,390 [pool-27-thread-1] INFO  server.RaftServerConfigKeys (ConfUtils.java:logGet(43)) - raft.server.log.queue.byte-limit = 2147483647 (custom)
2019-11-13 13:12:53,390 [pool-37-thread-1] INFO  server.RaftServerConfigKeys (ConfUtils.java:logGet(43)) - raft.server.log.statemachine.data.caching.enabled = true (custom)
2019-11-13 13:12:53,391 [pool-27-thread-1] INFO  server.RaftServerConfigKeys (ConfUtils.java:logGet(43)) - raft.server.log.queue.element-limit = 1024 (custom)
2019-11-13 13:12:53,391 [pool-47-thread-1] INFO  server.RaftServerConfigKeys (ConfUtils.java:logGet(43)) - raft.server.log.queue.element-limit = 1024 (custom)
2019-11-13 13:12:53,391 [pool-37-thread-1] INFO  segmented.SegmentedRaftLogWorker (SegmentedRaftLogWorker.java:lambda$new$0(128)) - c10d6a1c-a480-4bcf-a079-6a7ef0d7c319@group-EF310E1947A6-SegmentedRaftLogWorker: flushIndex: setUnconditionally 0 -> -1
2019-11-13 13:12:53,391 [pool-27-thread-1] INFO  server.RaftServerConfigKeys (ConfUtils.java:logGet(43)) - raft.server.log.segment.size.max = 1048576 (custom)
2019-11-13 13:12:53,391 [pool-47-thread-1] INFO  server.RaftServerConfigKeys (ConfUtils.java:logGet(43)) - raft.server.log.segment.size.max = 1048576 (custom)
2019-11-13 13:12:53,392 [pool-37-thread-1] INFO  server.RaftServerConfigKeys (ConfUtils.java:logGet(43)) - raft.server.snapshot.auto.trigger.enabled = true (custom)
2019-11-13 13:12:53,392 [pool-27-thread-1] INFO  server.RaftServerConfigKeys (ConfUtils.java:logGet(43)) - raft.server.log.preallocated.size = 16384 (custom)
2019-11-13 13:12:53,392 [pool-37-thread-1] INFO  server.RaftServerConfigKeys (ConfUtils.java:logGet(43)) - raft.server.snapshot.auto.trigger.threshold = 10000 (custom)
2019-11-13 13:12:53,392 [pool-47-thread-1] INFO  server.RaftServerConfigKeys (ConfUtils.java:logGet(43)) - raft.server.log.preallocated.size = 16384 (custom)
2019-11-13 13:12:53,392 [pool-37-thread-1] INFO  server.RaftServerConfigKeys (ConfUtils.java:logGet(43)) - raft.server.snapshot.retention.file.num = 5 (custom)
2019-11-13 13:12:53,392 [pool-27-thread-1] INFO  server.RaftServerConfigKeys (ConfUtils.java:logGet(43)) - raft.server.log.write.buffer.size = 33554432 (custom)
2019-11-13 13:12:53,392 [pool-37-thread-1] INFO  server.RaftServerConfigKeys (ConfUtils.java:logGet(43)) - raft.server.retrycache.expirytime = 600000ms (custom)
2019-11-13 13:12:53,393 [pool-27-thread-1] INFO  server.RaftServerConfigKeys (ConfUtils.java:logGet(43)) - raft.server.log.force.sync.num = 128 (default)
2019-11-13 13:12:53,393 [pool-37-thread-1] WARN  impl.MetricRegistriesImpl (MetricRegistriesImpl.java:lambda$create$1(61)) - First MetricRegistry has been created without registering reporters. You may need to call MetricRegistries.global().addReportRegistration(...) before.
2019-11-13 13:12:53,392 [pool-47-thread-1] INFO  server.RaftServerConfigKeys (ConfUtils.java:logGet(43)) - raft.server.log.write.buffer.size = 33554432 (custom)
2019-11-13 13:12:53,393 [pool-37-thread-1] WARN  impl.MetricRegistriesImpl (MetricRegistriesImpl.java:lambda$create$1(61)) - First MetricRegistry has been created without registering reporters. You may need to call MetricRegistries.global().addReportRegistration(...) before.
2019-11-13 13:12:53,393 [pool-27-thread-1] INFO  server.RaftServerConfigKeys (ConfUtils.java:logGet(43)) - raft.server.log.statemachine.data.sync = true (default)
2019-11-13 13:12:53,393 [pool-37-thread-1] INFO  impl.RaftServerImpl (RaftServerImpl.java:start(184)) - c10d6a1c-a480-4bcf-a079-6a7ef0d7c319@group-EF310E1947A6: start as a follower, conf=-1: [c7dff89d-e8a4-4fa8-95ec-49ba050a48ac:192.168.157.200:41564, c10d6a1c-a480-4bcf-a079-6a7ef0d7c319:192.168.157.200:38037, b5a4ecdb-5d6c-461c-863f-1560fea02e6e:192.168.157.200:45174], old=null
2019-11-13 13:12:53,393 [pool-47-thread-1] INFO  server.RaftServerConfigKeys (ConfUtils.java:logGet(43)) - raft.server.log.force.sync.num = 128 (default)
2019-11-13 13:12:53,393 [pool-37-thread-1] INFO  impl.RaftServerImpl (RaftServerImpl.java:setRole(173)) - c10d6a1c-a480-4bcf-a079-6a7ef0d7c319@group-EF310E1947A6: changes role from      null to FOLLOWER at term 0 for startAsFollower
2019-11-13 13:12:53,393 [pool-27-thread-1] INFO  server.RaftServerConfigKeys (ConfUtils.java:logGet(43)) - raft.server.log.statemachine.data.sync.timeout = 10s (default)
2019-11-13 13:12:53,394 [pool-37-thread-1] INFO  impl.RoleInfo (RoleInfo.java:updateAndGet(143)) - c10d6a1c-a480-4bcf-a079-6a7ef0d7c319: start FollowerState
2019-11-13 13:12:53,394 [pool-47-thread-1] INFO  server.RaftServerConfigKeys (ConfUtils.java:logGet(43)) - raft.server.log.statemachine.data.sync = true (default)
2019-11-13 13:12:53,394 [pool-27-thread-1] INFO  server.RaftServerConfigKeys (ConfUtils.java:logGet(43)) - raft.server.log.statemachine.data.sync.timeout.retry = -1 (default)
2019-11-13 13:12:53,394 [pool-47-thread-1] INFO  server.RaftServerConfigKeys (ConfUtils.java:logGet(43)) - raft.server.log.statemachine.data.sync.timeout = 10s (default)
2019-11-13 13:12:53,394 [pool-27-thread-1] INFO  server.RaftServerConfigKeys (ConfUtils.java:logGet(43)) - raft.server.log.statemachine.data.caching.enabled = true (custom)
2019-11-13 13:12:53,394 [pool-37-thread-1] INFO  util.JmxRegister (JmxRegister.java:tryRegister(44)) - Successfully registered JMX Bean with object name Ratis:service=RaftServer,group=group-EF310E1947A6,id=c10d6a1c-a480-4bcf-a079-6a7ef0d7c319
2019-11-13 13:12:53,394 [pool-47-thread-1] INFO  server.RaftServerConfigKeys (ConfUtils.java:logGet(43)) - raft.server.log.statemachine.data.sync.timeout.retry = -1 (default)
2019-11-13 13:12:53,395 [pool-27-thread-1] INFO  segmented.SegmentedRaftLogWorker (SegmentedRaftLogWorker.java:lambda$new$0(128)) - b5a4ecdb-5d6c-461c-863f-1560fea02e6e@group-EF310E1947A6-SegmentedRaftLogWorker: flushIndex: setUnconditionally 0 -> -1
2019-11-13 13:12:53,395 [pool-47-thread-1] INFO  server.RaftServerConfigKeys (ConfUtils.java:logGet(43)) - raft.server.log.statemachine.data.caching.enabled = true (custom)
2019-11-13 13:12:53,395 [pool-37-thread-1] WARN  impl.MetricRegistriesImpl (MetricRegistriesImpl.java:lambda$create$1(61)) - First MetricRegistry has been created without registering reporters. You may need to call MetricRegistries.global().addReportRegistration(...) before.
2019-11-13 13:12:53,395 [pool-27-thread-1] INFO  server.RaftServerConfigKeys (ConfUtils.java:logGet(43)) - raft.server.snapshot.auto.trigger.enabled = true (custom)
2019-11-13 13:12:53,396 [pool-47-thread-1] INFO  segmented.SegmentedRaftLogWorker (SegmentedRaftLogWorker.java:lambda$new$0(128)) - c7dff89d-e8a4-4fa8-95ec-49ba050a48ac@group-EF310E1947A6-SegmentedRaftLogWorker: flushIndex: setUnconditionally 0 -> -1
2019-11-13 13:12:53,396 [pool-27-thread-1] INFO  server.RaftServerConfigKeys (ConfUtils.java:logGet(43)) - raft.server.snapshot.auto.trigger.threshold = 10000 (custom)
2019-11-13 13:12:53,396 [pool-27-thread-1] INFO  server.RaftServerConfigKeys (ConfUtils.java:logGet(43)) - raft.server.snapshot.retention.file.num = 5 (custom)
2019-11-13 13:12:53,396 [pool-47-thread-1] INFO  server.RaftServerConfigKeys (ConfUtils.java:logGet(43)) - raft.server.snapshot.auto.trigger.enabled = true (custom)
2019-11-13 13:12:53,396 [pool-27-thread-1] INFO  server.RaftServerConfigKeys (ConfUtils.java:logGet(43)) - raft.server.retrycache.expirytime = 600000ms (custom)
2019-11-13 13:12:53,396 [pool-47-thread-1] INFO  server.RaftServerConfigKeys (ConfUtils.java:logGet(43)) - raft.server.snapshot.auto.trigger.threshold = 10000 (custom)
2019-11-13 13:12:53,396 [pool-27-thread-1] WARN  impl.MetricRegistriesImpl (MetricRegistriesImpl.java:lambda$create$1(61)) - First MetricRegistry has been created without registering reporters. You may need to call MetricRegistries.global().addReportRegistration(...) before.
2019-11-13 13:12:53,396 [pool-47-thread-1] INFO  server.RaftServerConfigKeys (ConfUtils.java:logGet(43)) - raft.server.snapshot.retention.file.num = 5 (custom)
2019-11-13 13:12:53,397 [pool-27-thread-1] WARN  impl.MetricRegistriesImpl (MetricRegistriesImpl.java:lambda$create$1(61)) - First MetricRegistry has been created without registering reporters. You may need to call MetricRegistries.global().addReportRegistration(...) before.
2019-11-13 13:12:53,397 [pool-47-thread-1] INFO  server.RaftServerConfigKeys (ConfUtils.java:logGet(43)) - raft.server.retrycache.expirytime = 600000ms (custom)
2019-11-13 13:12:53,397 [pool-27-thread-1] INFO  impl.RaftServerImpl (RaftServerImpl.java:start(184)) - b5a4ecdb-5d6c-461c-863f-1560fea02e6e@group-EF310E1947A6: start as a follower, conf=-1: [c7dff89d-e8a4-4fa8-95ec-49ba050a48ac:192.168.157.200:41564, c10d6a1c-a480-4bcf-a079-6a7ef0d7c319:192.168.157.200:38037, b5a4ecdb-5d6c-461c-863f-1560fea02e6e:192.168.157.200:45174], old=null
2019-11-13 13:12:53,397 [pool-47-thread-1] WARN  impl.MetricRegistriesImpl (MetricRegistriesImpl.java:lambda$create$1(61)) - First MetricRegistry has been created without registering reporters. You may need to call MetricRegistries.global().addReportRegistration(...) before.
2019-11-13 13:12:53,397 [pool-27-thread-1] INFO  impl.RaftServerImpl (RaftServerImpl.java:setRole(173)) - b5a4ecdb-5d6c-461c-863f-1560fea02e6e@group-EF310E1947A6: changes role from      null to FOLLOWER at term 0 for startAsFollower
2019-11-13 13:12:53,397 [pool-47-thread-1] WARN  impl.MetricRegistriesImpl (MetricRegistriesImpl.java:lambda$create$1(61)) - First MetricRegistry has been created without registering reporters. You may need to call MetricRegistries.global().addReportRegistration(...) before.
2019-11-13 13:12:53,397 [pool-27-thread-1] INFO  impl.RoleInfo (RoleInfo.java:updateAndGet(143)) - b5a4ecdb-5d6c-461c-863f-1560fea02e6e: start FollowerState
2019-11-13 13:12:53,398 [pool-47-thread-1] INFO  impl.RaftServerImpl (RaftServerImpl.java:start(184)) - c7dff89d-e8a4-4fa8-95ec-49ba050a48ac@group-EF310E1947A6: start as a follower, conf=-1: [c7dff89d-e8a4-4fa8-95ec-49ba050a48ac:192.168.157.200:41564, c10d6a1c-a480-4bcf-a079-6a7ef0d7c319:192.168.157.200:38037, b5a4ecdb-5d6c-461c-863f-1560fea02e6e:192.168.157.200:45174], old=null
2019-11-13 13:12:53,399 [pool-47-thread-1] INFO  impl.RaftServerImpl (RaftServerImpl.java:setRole(173)) - c7dff89d-e8a4-4fa8-95ec-49ba050a48ac@group-EF310E1947A6: changes role from      null to FOLLOWER at term 0 for startAsFollower
2019-11-13 13:12:53,399 [pool-27-thread-1] INFO  util.JmxRegister (JmxRegister.java:tryRegister(44)) - Successfully registered JMX Bean with object name Ratis:service=RaftServer,group=group-EF310E1947A6,id=b5a4ecdb-5d6c-461c-863f-1560fea02e6e
2019-11-13 13:12:53,399 [pool-47-thread-1] INFO  impl.RoleInfo (RoleInfo.java:updateAndGet(143)) - c7dff89d-e8a4-4fa8-95ec-49ba050a48ac: start FollowerState
2019-11-13 13:12:53,399 [pool-27-thread-1] WARN  impl.MetricRegistriesImpl (MetricRegistriesImpl.java:lambda$create$1(61)) - First MetricRegistry has been created without registering reporters. You may need to call MetricRegistries.global().addReportRegistration(...) before.
2019-11-13 13:12:53,400 [pool-47-thread-1] INFO  util.JmxRegister (JmxRegister.java:tryRegister(44)) - Successfully registered JMX Bean with object name Ratis:service=RaftServer,group=group-EF310E1947A6,id=c7dff89d-e8a4-4fa8-95ec-49ba050a48ac
2019-11-13 13:12:53,400 [pool-47-thread-1] WARN  impl.MetricRegistriesImpl (MetricRegistriesImpl.java:lambda$create$1(61)) - First MetricRegistry has been created without registering reporters. You may need to call MetricRegistries.global().addReportRegistration(...) before.
2019-11-13 13:12:53,407 [RatisPipelineUtilsThread] INFO  pipeline.PipelineStateManager (PipelineStateManager.java:addPipeline(55)) - Created pipeline Pipeline[ Id: bed64c15-9ab8-46b0-9933-ef310e1947a6, Nodes: c10d6a1c-a480-4bcf-a079-6a7ef0d7c319{ip: 192.168.157.200, host: pr-hdds-2452-7vw7s-1330541530, networkLocation: /default-rack, certSerialId: null}b5a4ecdb-5d6c-461c-863f-1560fea02e6e{ip: 192.168.157.200, host: pr-hdds-2452-7vw7s-1330541530, networkLocation: /default-rack, certSerialId: null}c7dff89d-e8a4-4fa8-95ec-49ba050a48ac{ip: 192.168.157.200, host: pr-hdds-2452-7vw7s-1330541530, networkLocation: /default-rack, certSerialId: null}, Type:RATIS, Factor:THREE, State:ALLOCATED]
2019-11-13 13:12:53,964 [Thread-0] INFO  ozone.MiniOzoneClusterImpl (MiniOzoneClusterImpl.java:lambda$waitForClusterToBeReady$2(163)) - Waiting for 4 number of pipelines out of 4, to report a leader.
2019-11-13 13:12:54,965 [Thread-0] INFO  ozone.MiniOzoneClusterImpl (MiniOzoneClusterImpl.java:lambda$waitForClusterToBeReady$2(163)) - Waiting for 4 number of pipelines out of 4, to report a leader.
2019-11-13 13:12:55,965 [Thread-0] INFO  ozone.MiniOzoneClusterImpl (MiniOzoneClusterImpl.java:lambda$waitForClusterToBeReady$2(163)) - Waiting for 4 number of pipelines out of 4, to report a leader.
2019-11-13 13:12:56,966 [Thread-0] INFO  ozone.MiniOzoneClusterImpl (MiniOzoneClusterImpl.java:lambda$waitForClusterToBeReady$2(163)) - Waiting for 4 number of pipelines out of 4, to report a leader.
2019-11-13 13:12:57,967 [Thread-0] INFO  ozone.MiniOzoneClusterImpl (MiniOzoneClusterImpl.java:lambda$waitForClusterToBeReady$2(163)) - Waiting for 4 number of pipelines out of 4, to report a leader.
2019-11-13 13:12:57,976 [Thread-201] INFO  impl.FollowerState (FollowerState.java:run(111)) - b5a4ecdb-5d6c-461c-863f-1560fea02e6e@group-0585571DDD4C-FollowerState: change to CANDIDATE, lastRpcTime:5192ms, electionTimeout:5192ms
2019-11-13 13:12:57,979 [Thread-201] INFO  impl.RoleInfo (RoleInfo.java:shutdownFollowerState(121)) - b5a4ecdb-5d6c-461c-863f-1560fea02e6e: shutdown FollowerState
2019-11-13 13:12:57,979 [Thread-201] INFO  impl.RaftServerImpl (RaftServerImpl.java:setRole(173)) - b5a4ecdb-5d6c-461c-863f-1560fea02e6e@group-0585571DDD4C: changes role from  FOLLOWER to CANDIDATE at term 0 for changeToCandidate
2019-11-13 13:12:57,984 [Thread-201] INFO  impl.RoleInfo (RoleInfo.java:updateAndGet(143)) - b5a4ecdb-5d6c-461c-863f-1560fea02e6e: start LeaderElection
2019-11-13 13:12:58,044 [Thread-205] INFO  impl.FollowerState (FollowerState.java:run(111)) - c10d6a1c-a480-4bcf-a079-6a7ef0d7c319@group-1FB562FF6903-FollowerState: change to CANDIDATE, lastRpcTime:5095ms, electionTimeout:5095ms
2019-11-13 13:12:58,044 [Thread-205] INFO  impl.RoleInfo (RoleInfo.java:shutdownFollowerState(121)) - c10d6a1c-a480-4bcf-a079-6a7ef0d7c319: shutdown FollowerState
2019-11-13 13:12:58,045 [Thread-205] INFO  impl.RaftServerImpl (RaftServerImpl.java:setRole(173)) - c10d6a1c-a480-4bcf-a079-6a7ef0d7c319@group-1FB562FF6903: changes role from  FOLLOWER to CANDIDATE at term 0 for changeToCandidate
2019-11-13 13:12:58,045 [Thread-205] INFO  impl.RoleInfo (RoleInfo.java:updateAndGet(143)) - c10d6a1c-a480-4bcf-a079-6a7ef0d7c319: start LeaderElection
2019-11-13 13:12:58,157 [Thread-209] INFO  impl.FollowerState (FollowerState.java:run(111)) - c7dff89d-e8a4-4fa8-95ec-49ba050a48ac@group-88D61B816222-FollowerState: change to CANDIDATE, lastRpcTime:5045ms, electionTimeout:5045ms
2019-11-13 13:12:58,157 [Thread-209] INFO  impl.RoleInfo (RoleInfo.java:shutdownFollowerState(121)) - c7dff89d-e8a4-4fa8-95ec-49ba050a48ac: shutdown FollowerState
2019-11-13 13:12:58,157 [Thread-209] INFO  impl.RaftServerImpl (RaftServerImpl.java:setRole(173)) - c7dff89d-e8a4-4fa8-95ec-49ba050a48ac@group-88D61B816222: changes role from  FOLLOWER to CANDIDATE at term 0 for changeToCandidate
2019-11-13 13:12:58,158 [Thread-209] INFO  impl.RoleInfo (RoleInfo.java:updateAndGet(143)) - c7dff89d-e8a4-4fa8-95ec-49ba050a48ac: start LeaderElection
2019-11-13 13:12:58,397 [Thread-215] INFO  impl.FollowerState (FollowerState.java:run(111)) - c10d6a1c-a480-4bcf-a079-6a7ef0d7c319@group-EF310E1947A6-FollowerState: change to CANDIDATE, lastRpcTime:5003ms, electionTimeout:5003ms
2019-11-13 13:12:58,398 [Thread-215] INFO  impl.RoleInfo (RoleInfo.java:shutdownFollowerState(121)) - c10d6a1c-a480-4bcf-a079-6a7ef0d7c319: shutdown FollowerState
2019-11-13 13:12:58,398 [Thread-215] INFO  impl.RaftServerImpl (RaftServerImpl.java:setRole(173)) - c10d6a1c-a480-4bcf-a079-6a7ef0d7c319@group-EF310E1947A6: changes role from  FOLLOWER to CANDIDATE at term 0 for changeToCandidate
2019-11-13 13:12:58,398 [Thread-215] INFO  impl.RoleInfo (RoleInfo.java:updateAndGet(143)) - c10d6a1c-a480-4bcf-a079-6a7ef0d7c319: start LeaderElection
2019-11-13 13:12:58,426 [Thread-219] INFO  impl.FollowerState (FollowerState.java:run(111)) - b5a4ecdb-5d6c-461c-863f-1560fea02e6e@group-EF310E1947A6-FollowerState: change to CANDIDATE, lastRpcTime:5028ms, electionTimeout:5027ms
2019-11-13 13:12:58,426 [Thread-219] INFO  impl.RoleInfo (RoleInfo.java:shutdownFollowerState(121)) - b5a4ecdb-5d6c-461c-863f-1560fea02e6e: shutdown FollowerState
2019-11-13 13:12:58,426 [Thread-219] INFO  impl.RaftServerImpl (RaftServerImpl.java:setRole(173)) - b5a4ecdb-5d6c-461c-863f-1560fea02e6e@group-EF310E1947A6: changes role from  FOLLOWER to CANDIDATE at term 0 for changeToCandidate
2019-11-13 13:12:58,426 [Thread-219] INFO  impl.RoleInfo (RoleInfo.java:updateAndGet(143)) - b5a4ecdb-5d6c-461c-863f-1560fea02e6e: start LeaderElection
2019-11-13 13:12:58,529 [Thread-220] INFO  impl.FollowerState (FollowerState.java:run(111)) - c7dff89d-e8a4-4fa8-95ec-49ba050a48ac@group-EF310E1947A6-FollowerState: change to CANDIDATE, lastRpcTime:5129ms, electionTimeout:5129ms
2019-11-13 13:12:58,529 [Thread-220] INFO  impl.RoleInfo (RoleInfo.java:shutdownFollowerState(121)) - c7dff89d-e8a4-4fa8-95ec-49ba050a48ac: shutdown FollowerState
2019-11-13 13:12:58,529 [Thread-220] INFO  impl.RaftServerImpl (RaftServerImpl.java:setRole(173)) - c7dff89d-e8a4-4fa8-95ec-49ba050a48ac@group-EF310E1947A6: changes role from  FOLLOWER to CANDIDATE at term 0 for changeToCandidate
2019-11-13 13:12:58,529 [Thread-220] INFO  impl.RoleInfo (RoleInfo.java:updateAndGet(143)) - c7dff89d-e8a4-4fa8-95ec-49ba050a48ac: start LeaderElection
2019-11-13 13:12:58,967 [Thread-0] INFO  ozone.MiniOzoneClusterImpl (MiniOzoneClusterImpl.java:lambda$waitForClusterToBeReady$2(163)) - Waiting for 4 number of pipelines out of 4, to report a leader.
2019-11-13 13:12:59,968 [Thread-0] INFO  ozone.MiniOzoneClusterImpl (MiniOzoneClusterImpl.java:lambda$waitForClusterToBeReady$2(163)) - Waiting for 4 number of pipelines out of 4, to report a leader.
2019-11-13 13:13:00,969 [Thread-0] INFO  ozone.MiniOzoneClusterImpl (MiniOzoneClusterImpl.java:lambda$waitForClusterToBeReady$2(163)) - Waiting for 4 number of pipelines out of 4, to report a leader.
2019-11-13 13:13:01,971 [Thread-0] INFO  ozone.MiniOzoneClusterImpl (MiniOzoneClusterImpl.java:lambda$waitForClusterToBeReady$2(163)) - Waiting for 4 number of pipelines out of 4, to report a leader.
2019-11-13 13:13:01,979 [c10d6a1c-a480-4bcf-a079-6a7ef0d7c319@group-1FB562FF6903-LeaderElection2] INFO  impl.LeaderElection (LeaderElection.java:askForVotes(178)) - c10d6a1c-a480-4bcf-a079-6a7ef0d7c319@group-1FB562FF6903-LeaderElection2: begin an election at term 1 for -1: [c10d6a1c-a480-4bcf-a079-6a7ef0d7c319:192.168.157.200:38037], old=null
2019-11-13 13:13:01,979 [c10d6a1c-a480-4bcf-a079-6a7ef0d7c319@group-EF310E1947A6-LeaderElection4] INFO  impl.LeaderElection (LeaderElection.java:askForVotes(178)) - c10d6a1c-a480-4bcf-a079-6a7ef0d7c319@group-EF310E1947A6-LeaderElection4: begin an election at term 1 for -1: [c7dff89d-e8a4-4fa8-95ec-49ba050a48ac:192.168.157.200:41564, c10d6a1c-a480-4bcf-a079-6a7ef0d7c319:192.168.157.200:38037, b5a4ecdb-5d6c-461c-863f-1560fea02e6e:192.168.157.200:45174], old=null
2019-11-13 13:13:01,979 [b5a4ecdb-5d6c-461c-863f-1560fea02e6e@group-0585571DDD4C-LeaderElection1] INFO  impl.LeaderElection (LeaderElection.java:askForVotes(178)) - b5a4ecdb-5d6c-461c-863f-1560fea02e6e@group-0585571DDD4C-LeaderElection1: begin an election at term 1 for -1: [b5a4ecdb-5d6c-461c-863f-1560fea02e6e:192.168.157.200:45174], old=null
2019-11-13 13:13:01,979 [c7dff89d-e8a4-4fa8-95ec-49ba050a48ac@group-EF310E1947A6-LeaderElection6] INFO  impl.LeaderElection (LeaderElection.java:askForVotes(178)) - c7dff89d-e8a4-4fa8-95ec-49ba050a48ac@group-EF310E1947A6-LeaderElection6: begin an election at term 1 for -1: [c7dff89d-e8a4-4fa8-95ec-49ba050a48ac:192.168.157.200:41564, c10d6a1c-a480-4bcf-a079-6a7ef0d7c319:192.168.157.200:38037, b5a4ecdb-5d6c-461c-863f-1560fea02e6e:192.168.157.200:45174], old=null
2019-11-13 13:13:01,979 [c7dff89d-e8a4-4fa8-95ec-49ba050a48ac@group-88D61B816222-LeaderElection3] INFO  impl.LeaderElection (LeaderElection.java:askForVotes(178)) - c7dff89d-e8a4-4fa8-95ec-49ba050a48ac@group-88D61B816222-LeaderElection3: begin an election at term 1 for -1: [c7dff89d-e8a4-4fa8-95ec-49ba050a48ac:192.168.157.200:41564], old=null
2019-11-13 13:13:01,979 [b5a4ecdb-5d6c-461c-863f-1560fea02e6e@group-EF310E1947A6-LeaderElection5] INFO  impl.LeaderElection (LeaderElection.java:askForVotes(178)) - b5a4ecdb-5d6c-461c-863f-1560fea02e6e@group-EF310E1947A6-LeaderElection5: begin an election at term 1 for -1: [c7dff89d-e8a4-4fa8-95ec-49ba050a48ac:192.168.157.200:41564, c10d6a1c-a480-4bcf-a079-6a7ef0d7c319:192.168.157.200:38037, b5a4ecdb-5d6c-461c-863f-1560fea02e6e:192.168.157.200:45174], old=null
2019-11-13 13:13:01,987 [b5a4ecdb-5d6c-461c-863f-1560fea02e6e@group-0585571DDD4C-LeaderElection1] INFO  impl.RoleInfo (RoleInfo.java:shutdownLeaderElection(134)) - b5a4ecdb-5d6c-461c-863f-1560fea02e6e: shutdown LeaderElection
2019-11-13 13:13:01,987 [c7dff89d-e8a4-4fa8-95ec-49ba050a48ac@group-88D61B816222-LeaderElection3] INFO  impl.RoleInfo (RoleInfo.java:shutdownLeaderElection(134)) - c7dff89d-e8a4-4fa8-95ec-49ba050a48ac: shutdown LeaderElection
2019-11-13 13:13:01,987 [c10d6a1c-a480-4bcf-a079-6a7ef0d7c319@group-1FB562FF6903-LeaderElection2] INFO  impl.RoleInfo (RoleInfo.java:shutdownLeaderElection(134)) - c10d6a1c-a480-4bcf-a079-6a7ef0d7c319: shutdown LeaderElection
2019-11-13 13:13:01,990 [c7dff89d-e8a4-4fa8-95ec-49ba050a48ac@group-88D61B816222-LeaderElection3] INFO  impl.RaftServerImpl (RaftServerImpl.java:setRole(173)) - c7dff89d-e8a4-4fa8-95ec-49ba050a48ac@group-88D61B816222: changes role from CANDIDATE to LEADER at term 1 for changeToLeader
2019-11-13 13:13:01,990 [b5a4ecdb-5d6c-461c-863f-1560fea02e6e@group-0585571DDD4C-LeaderElection1] INFO  impl.RaftServerImpl (RaftServerImpl.java:setRole(173)) - b5a4ecdb-5d6c-461c-863f-1560fea02e6e@group-0585571DDD4C: changes role from CANDIDATE to LEADER at term 1 for changeToLeader
2019-11-13 13:13:01,990 [c10d6a1c-a480-4bcf-a079-6a7ef0d7c319@group-1FB562FF6903-LeaderElection2] INFO  impl.RaftServerImpl (RaftServerImpl.java:setRole(173)) - c10d6a1c-a480-4bcf-a079-6a7ef0d7c319@group-1FB562FF6903: changes role from CANDIDATE to LEADER at term 1 for changeToLeader
2019-11-13 13:13:01,990 [c7dff89d-e8a4-4fa8-95ec-49ba050a48ac@group-88D61B816222-LeaderElection3] INFO  ratis.XceiverServerRatis (XceiverServerRatis.java:handleLeaderChangedNotification(697)) - Leader change notification received for group: group-88D61B816222 with new leaderId: c7dff89d-e8a4-4fa8-95ec-49ba050a48ac
2019-11-13 13:13:01,990 [b5a4ecdb-5d6c-461c-863f-1560fea02e6e@group-0585571DDD4C-LeaderElection1] INFO  ratis.XceiverServerRatis (XceiverServerRatis.java:handleLeaderChangedNotification(697)) - Leader change notification received for group: group-0585571DDD4C with new leaderId: b5a4ecdb-5d6c-461c-863f-1560fea02e6e
2019-11-13 13:13:01,990 [c10d6a1c-a480-4bcf-a079-6a7ef0d7c319@group-1FB562FF6903-LeaderElection2] INFO  ratis.XceiverServerRatis (XceiverServerRatis.java:handleLeaderChangedNotification(697)) - Leader change notification received for group: group-1FB562FF6903 with new leaderId: c10d6a1c-a480-4bcf-a079-6a7ef0d7c319
2019-11-13 13:13:01,996 [c10d6a1c-a480-4bcf-a079-6a7ef0d7c319@group-1FB562FF6903-LeaderElection2] INFO  impl.RaftServerImpl (ServerState.java:setLeader(255)) - c10d6a1c-a480-4bcf-a079-6a7ef0d7c319@group-1FB562FF6903: change Leader from null to c10d6a1c-a480-4bcf-a079-6a7ef0d7c319 at term 1 for becomeLeader, leader elected after 9047ms
2019-11-13 13:13:01,996 [b5a4ecdb-5d6c-461c-863f-1560fea02e6e@group-0585571DDD4C-LeaderElection1] INFO  impl.RaftServerImpl (ServerState.java:setLeader(255)) - b5a4ecdb-5d6c-461c-863f-1560fea02e6e@group-0585571DDD4C: change Leader from null to b5a4ecdb-5d6c-461c-863f-1560fea02e6e at term 1 for becomeLeader, leader elected after 9233ms
2019-11-13 13:13:01,996 [c7dff89d-e8a4-4fa8-95ec-49ba050a48ac@group-88D61B816222-LeaderElection3] INFO  impl.RaftServerImpl (ServerState.java:setLeader(255)) - c7dff89d-e8a4-4fa8-95ec-49ba050a48ac@group-88D61B816222: change Leader from null to c7dff89d-e8a4-4fa8-95ec-49ba050a48ac at term 1 for becomeLeader, leader elected after 8884ms
2019-11-13 13:13:02,005 [c10d6a1c-a480-4bcf-a079-6a7ef0d7c319@group-1FB562FF6903-LeaderElection2] INFO  server.RaftServerConfigKeys (ConfUtils.java:logGet(43)) - raft.server.staging.catchup.gap = 1000 (default)
2019-11-13 13:13:02,005 [b5a4ecdb-5d6c-461c-863f-1560fea02e6e@group-0585571DDD4C-LeaderElection1] INFO  server.RaftServerConfigKeys (ConfUtils.java:logGet(43)) - raft.server.staging.catchup.gap = 1000 (default)
2019-11-13 13:13:02,005 [c7dff89d-e8a4-4fa8-95ec-49ba050a48ac@group-88D61B816222-LeaderElection3] INFO  server.RaftServerConfigKeys (ConfUtils.java:logGet(43)) - raft.server.staging.catchup.gap = 1000 (default)
2019-11-13 13:13:02,006 [b5a4ecdb-5d6c-461c-863f-1560fea02e6e@group-0585571DDD4C-LeaderElection1] INFO  server.RaftServerConfigKeys (ConfUtils.java:logGet(43)) - raft.server.rpc.sleep.time = 25ms (default)
2019-11-13 13:13:02,005 [c10d6a1c-a480-4bcf-a079-6a7ef0d7c319@group-1FB562FF6903-LeaderElection2] INFO  server.RaftServerConfigKeys (ConfUtils.java:logGet(43)) - raft.server.rpc.sleep.time = 25ms (default)
2019-11-13 13:13:02,006 [c7dff89d-e8a4-4fa8-95ec-49ba050a48ac@group-88D61B816222-LeaderElection3] INFO  server.RaftServerConfigKeys (ConfUtils.java:logGet(43)) - raft.server.rpc.sleep.time = 25ms (default)
2019-11-13 13:13:02,018 [c7dff89d-e8a4-4fa8-95ec-49ba050a48ac@group-88D61B816222-LeaderElection3] INFO  server.RaftServerConfigKeys (ConfUtils.java:logGet(43)) - raft.server.write.element-limit = 4096 (default)
2019-11-13 13:13:02,018 [b5a4ecdb-5d6c-461c-863f-1560fea02e6e@group-0585571DDD4C-LeaderElection1] INFO  server.RaftServerConfigKeys (ConfUtils.java:logGet(43)) - raft.server.write.element-limit = 4096 (default)
2019-11-13 13:13:02,018 [c10d6a1c-a480-4bcf-a079-6a7ef0d7c319@group-1FB562FF6903-LeaderElection2] INFO  server.RaftServerConfigKeys (ConfUtils.java:logGet(43)) - raft.server.write.element-limit = 4096 (default)
2019-11-13 13:13:02,023 [b5a4ecdb-5d6c-461c-863f-1560fea02e6e@group-0585571DDD4C-LeaderElection1] INFO  server.RaftServerConfigKeys (ConfUtils.java:logGet(43)) - raft.server.watch.timeout = 10s (default)
2019-11-13 13:13:02,023 [c7dff89d-e8a4-4fa8-95ec-49ba050a48ac@group-88D61B816222-LeaderElection3] INFO  server.RaftServerConfigKeys (ConfUtils.java:logGet(43)) - raft.server.watch.timeout = 10s (default)
2019-11-13 13:13:02,023 [c10d6a1c-a480-4bcf-a079-6a7ef0d7c319@group-1FB562FF6903-LeaderElection2] INFO  server.RaftServerConfigKeys (ConfUtils.java:logGet(43)) - raft.server.watch.timeout = 10s (default)
2019-11-13 13:13:02,024 [c7dff89d-e8a4-4fa8-95ec-49ba050a48ac@group-88D61B816222-LeaderElection3] INFO  server.RaftServerConfigKeys (ConfUtils.java:logGet(43)) - raft.server.watch.timeout.denomination = 1s (default)
2019-11-13 13:13:02,023 [b5a4ecdb-5d6c-461c-863f-1560fea02e6e@group-0585571DDD4C-LeaderElection1] INFO  server.RaftServerConfigKeys (ConfUtils.java:logGet(43)) - raft.server.watch.timeout.denomination = 1s (default)
2019-11-13 13:13:02,024 [c10d6a1c-a480-4bcf-a079-6a7ef0d7c319@group-1FB562FF6903-LeaderElection2] INFO  server.RaftServerConfigKeys (ConfUtils.java:logGet(43)) - raft.server.watch.timeout.denomination = 1s (default)
2019-11-13 13:13:02,029 [c7dff89d-e8a4-4fa8-95ec-49ba050a48ac@group-88D61B816222-LeaderElection3] INFO  server.RaftServerConfigKeys (ConfUtils.java:logGet(43)) - raft.server.watch.element-limit = 65536 (default)
2019-11-13 13:13:02,029 [c10d6a1c-a480-4bcf-a079-6a7ef0d7c319@group-1FB562FF6903-LeaderElection2] INFO  server.RaftServerConfigKeys (ConfUtils.java:logGet(43)) - raft.server.watch.element-limit = 65536 (default)
2019-11-13 13:13:02,029 [b5a4ecdb-5d6c-461c-863f-1560fea02e6e@group-0585571DDD4C-LeaderElection1] INFO  server.RaftServerConfigKeys (ConfUtils.java:logGet(43)) - raft.server.watch.element-limit = 65536 (default)
2019-11-13 13:13:02,029 [EventQueue-PipelineReportForPipelineReportHandler] INFO  pipeline.PipelineStateManager (PipelineStateManager.java:openPipeline(134)) - Pipeline Pipeline[ Id: 48acb0b2-86f3-4fe5-9e33-1fb562ff6903, Nodes: c10d6a1c-a480-4bcf-a079-6a7ef0d7c319{ip: 192.168.157.200, host: pr-hdds-2452-7vw7s-1330541530, networkLocation: /default-rack, certSerialId: null}, Type:RATIS, Factor:ONE, State:OPEN] moved to OPEN state
2019-11-13 13:13:02,031 [EventQueue-PipelineReportForPipelineReportHandler] INFO  pipeline.PipelineStateManager (PipelineStateManager.java:openPipeline(134)) - Pipeline Pipeline[ Id: ad8726f8-a630-443e-beb0-0585571ddd4c, Nodes: b5a4ecdb-5d6c-461c-863f-1560fea02e6e{ip: 192.168.157.200, host: pr-hdds-2452-7vw7s-1330541530, networkLocation: /default-rack, certSerialId: null}, Type:RATIS, Factor:ONE, State:OPEN] moved to OPEN state
2019-11-13 13:13:02,031 [EventQueue-PipelineReportForPipelineReportHandler] INFO  pipeline.PipelineStateManager (PipelineStateManager.java:openPipeline(134)) - Pipeline Pipeline[ Id: 49bd9b4d-aaed-44d7-8570-88d61b816222, Nodes: c7dff89d-e8a4-4fa8-95ec-49ba050a48ac{ip: 192.168.157.200, host: pr-hdds-2452-7vw7s-1330541530, networkLocation: /default-rack, certSerialId: null}, Type:RATIS, Factor:ONE, State:OPEN] moved to OPEN state
2019-11-13 13:13:02,048 [c10d6a1c-a480-4bcf-a079-6a7ef0d7c319@group-EF310E1947A6-LeaderElection4] INFO  impl.LeaderElection (LeaderElection.java:logAndReturn(56)) - c10d6a1c-a480-4bcf-a079-6a7ef0d7c319@group-EF310E1947A6-LeaderElection4: Election REJECTED; received 2 response(s) [c10d6a1c-a480-4bcf-a079-6a7ef0d7c319<-c7dff89d-e8a4-4fa8-95ec-49ba050a48ac#0:FAIL-t1, c10d6a1c-a480-4bcf-a079-6a7ef0d7c319<-b5a4ecdb-5d6c-461c-863f-1560fea02e6e#0:FAIL-t1] and 0 exception(s); c10d6a1c-a480-4bcf-a079-6a7ef0d7c319@group-EF310E1947A6:t1, leader=null, voted=c10d6a1c-a480-4bcf-a079-6a7ef0d7c319, raftlog=c10d6a1c-a480-4bcf-a079-6a7ef0d7c319@group-EF310E1947A6-SegmentedRaftLog:OPENED:c-1,f-1,i0, conf=-1: [c7dff89d-e8a4-4fa8-95ec-49ba050a48ac:192.168.157.200:41564, c10d6a1c-a480-4bcf-a079-6a7ef0d7c319:192.168.157.200:38037, b5a4ecdb-5d6c-461c-863f-1560fea02e6e:192.168.157.200:45174], old=null
2019-11-13 13:13:02,048 [c7dff89d-e8a4-4fa8-95ec-49ba050a48ac@group-EF310E1947A6-LeaderElection6] INFO  impl.LeaderElection (LeaderElection.java:logAndReturn(56)) - c7dff89d-e8a4-4fa8-95ec-49ba050a48ac@group-EF310E1947A6-LeaderElection6: Election REJECTED; received 2 response(s) [c7dff89d-e8a4-4fa8-95ec-49ba050a48ac<-c10d6a1c-a480-4bcf-a079-6a7ef0d7c319#0:FAIL-t1, c7dff89d-e8a4-4fa8-95ec-49ba050a48ac<-b5a4ecdb-5d6c-461c-863f-1560fea02e6e#0:FAIL-t1] and 0 exception(s); c7dff89d-e8a4-4fa8-95ec-49ba050a48ac@group-EF310E1947A6:t1, leader=null, voted=c7dff89d-e8a4-4fa8-95ec-49ba050a48ac, raftlog=c7dff89d-e8a4-4fa8-95ec-49ba050a48ac@group-EF310E1947A6-SegmentedRaftLog:OPENED:c-1,f-1,i0, conf=-1: [c7dff89d-e8a4-4fa8-95ec-49ba050a48ac:192.168.157.200:41564, c10d6a1c-a480-4bcf-a079-6a7ef0d7c319:192.168.157.200:38037, b5a4ecdb-5d6c-461c-863f-1560fea02e6e:192.168.157.200:45174], old=null
2019-11-13 13:13:02,048 [b5a4ecdb-5d6c-461c-863f-1560fea02e6e@group-EF310E1947A6-LeaderElection5] INFO  impl.LeaderElection (LeaderElection.java:logAndReturn(56)) - b5a4ecdb-5d6c-461c-863f-1560fea02e6e@group-EF310E1947A6-LeaderElection5: Election REJECTED; received 2 response(s) [b5a4ecdb-5d6c-461c-863f-1560fea02e6e<-c7dff89d-e8a4-4fa8-95ec-49ba050a48ac#0:FAIL-t1, b5a4ecdb-5d6c-461c-863f-1560fea02e6e<-c10d6a1c-a480-4bcf-a079-6a7ef0d7c319#0:FAIL-t1] and 0 exception(s); b5a4ecdb-5d6c-461c-863f-1560fea02e6e@group-EF310E1947A6:t1, leader=null, voted=b5a4ecdb-5d6c-461c-863f-1560fea02e6e, raftlog=b5a4ecdb-5d6c-461c-863f-1560fea02e6e@group-EF310E1947A6-SegmentedRaftLog:OPENED:c-1,f-1,i0, conf=-1: [c7dff89d-e8a4-4fa8-95ec-49ba050a48ac:192.168.157.200:41564, c10d6a1c-a480-4bcf-a079-6a7ef0d7c319:192.168.157.200:38037, b5a4ecdb-5d6c-461c-863f-1560fea02e6e:192.168.157.200:45174], old=null
2019-11-13 13:13:02,051 [c10d6a1c-a480-4bcf-a079-6a7ef0d7c319@group-EF310E1947A6-LeaderElection4] INFO  impl.RaftServerImpl (RaftServerImpl.java:setRole(173)) - c10d6a1c-a480-4bcf-a079-6a7ef0d7c319@group-EF310E1947A6: changes role from CANDIDATE to FOLLOWER at term 1 for DISCOVERED_A_NEW_TERM
2019-11-13 13:13:02,052 [b5a4ecdb-5d6c-461c-863f-1560fea02e6e@group-0585571DDD4C-LeaderElection1] INFO  impl.RoleInfo (RoleInfo.java:updateAndGet(143)) - b5a4ecdb-5d6c-461c-863f-1560fea02e6e: start LeaderState
2019-11-13 13:13:02,053 [b5a4ecdb-5d6c-461c-863f-1560fea02e6e@group-EF310E1947A6-LeaderElection5] INFO  impl.RaftServerImpl (RaftServerImpl.java:setRole(173)) - b5a4ecdb-5d6c-461c-863f-1560fea02e6e@group-EF310E1947A6: changes role from CANDIDATE to FOLLOWER at term 1 for DISCOVERED_A_NEW_TERM
2019-11-13 13:13:02,052 [c10d6a1c-a480-4bcf-a079-6a7ef0d7c319@group-EF310E1947A6-LeaderElection4] INFO  impl.RoleInfo (RoleInfo.java:shutdownLeaderElection(134)) - c10d6a1c-a480-4bcf-a079-6a7ef0d7c319: shutdown LeaderElection
2019-11-13 13:13:02,051 [c7dff89d-e8a4-4fa8-95ec-49ba050a48ac@group-88D61B816222-LeaderElection3] INFO  impl.RoleInfo (RoleInfo.java:updateAndGet(143)) - c7dff89d-e8a4-4fa8-95ec-49ba050a48ac: start LeaderState
2019-11-13 13:13:02,051 [c7dff89d-e8a4-4fa8-95ec-49ba050a48ac@group-EF310E1947A6-LeaderElection6] INFO  impl.RaftServerImpl (RaftServerImpl.java:setRole(173)) - c7dff89d-e8a4-4fa8-95ec-49ba050a48ac@group-EF310E1947A6: changes role from CANDIDATE to FOLLOWER at term 1 for DISCOVERED_A_NEW_TERM
2019-11-13 13:13:02,051 [c10d6a1c-a480-4bcf-a079-6a7ef0d7c319@group-1FB562FF6903-LeaderElection2] INFO  impl.RoleInfo (RoleInfo.java:updateAndGet(143)) - c10d6a1c-a480-4bcf-a079-6a7ef0d7c319: start LeaderState
2019-11-13 13:13:02,054 [c7dff89d-e8a4-4fa8-95ec-49ba050a48ac@group-EF310E1947A6-LeaderElection6] INFO  impl.RoleInfo (RoleInfo.java:shutdownLeaderElection(134)) - c7dff89d-e8a4-4fa8-95ec-49ba050a48ac: shutdown LeaderElection
2019-11-13 13:13:02,054 [c10d6a1c-a480-4bcf-a079-6a7ef0d7c319@group-EF310E1947A6-LeaderElection4] INFO  impl.RoleInfo (RoleInfo.java:updateAndGet(143)) - c10d6a1c-a480-4bcf-a079-6a7ef0d7c319: start FollowerState
2019-11-13 13:13:02,053 [b5a4ecdb-5d6c-461c-863f-1560fea02e6e@group-EF310E1947A6-LeaderElection5] INFO  impl.RoleInfo (RoleInfo.java:shutdownLeaderElection(134)) - b5a4ecdb-5d6c-461c-863f-1560fea02e6e: shutdown LeaderElection
2019-11-13 13:13:02,054 [c7dff89d-e8a4-4fa8-95ec-49ba050a48ac@group-EF310E1947A6-LeaderElection6] INFO  impl.RoleInfo (RoleInfo.java:updateAndGet(143)) - c7dff89d-e8a4-4fa8-95ec-49ba050a48ac: start FollowerState
2019-11-13 13:13:02,055 [b5a4ecdb-5d6c-461c-863f-1560fea02e6e@group-EF310E1947A6-LeaderElection5] INFO  impl.RoleInfo (RoleInfo.java:updateAndGet(143)) - b5a4ecdb-5d6c-461c-863f-1560fea02e6e: start FollowerState
2019-11-13 13:13:02,073 [c10d6a1c-a480-4bcf-a079-6a7ef0d7c319@group-1FB562FF6903-LeaderElection2] INFO  segmented.SegmentedRaftLogWorker (SegmentedRaftLogWorker.java:startLogSegment(385)) - c10d6a1c-a480-4bcf-a079-6a7ef0d7c319@group-1FB562FF6903-SegmentedRaftLogWorker: Starting segment from index:0
2019-11-13 13:13:02,073 [c7dff89d-e8a4-4fa8-95ec-49ba050a48ac@group-88D61B816222-LeaderElection3] INFO  segmented.SegmentedRaftLogWorker (SegmentedRaftLogWorker.java:startLogSegment(385)) - c7dff89d-e8a4-4fa8-95ec-49ba050a48ac@group-88D61B816222-SegmentedRaftLogWorker: Starting segment from index:0
2019-11-13 13:13:02,073 [b5a4ecdb-5d6c-461c-863f-1560fea02e6e@group-0585571DDD4C-LeaderElection1] INFO  segmented.SegmentedRaftLogWorker (SegmentedRaftLogWorker.java:startLogSegment(385)) - b5a4ecdb-5d6c-461c-863f-1560fea02e6e@group-0585571DDD4C-SegmentedRaftLogWorker: Starting segment from index:0
2019-11-13 13:13:02,082 [c10d6a1c-a480-4bcf-a079-6a7ef0d7c319@group-1FB562FF6903-LeaderElection2] INFO  impl.RaftServerImpl (ServerState.java:setRaftConf(356)) - c10d6a1c-a480-4bcf-a079-6a7ef0d7c319@group-1FB562FF6903: set configuration 0: [c10d6a1c-a480-4bcf-a079-6a7ef0d7c319:192.168.157.200:38037], old=null at 0
2019-11-13 13:13:02,082 [c7dff89d-e8a4-4fa8-95ec-49ba050a48ac@group-88D61B816222-LeaderElection3] INFO  impl.RaftServerImpl (ServerState.java:setRaftConf(356)) - c7dff89d-e8a4-4fa8-95ec-49ba050a48ac@group-88D61B816222: set configuration 0: [c7dff89d-e8a4-4fa8-95ec-49ba050a48ac:192.168.157.200:41564], old=null at 0
2019-11-13 13:13:02,082 [b5a4ecdb-5d6c-461c-863f-1560fea02e6e@group-0585571DDD4C-LeaderElection1] INFO  impl.RaftServerImpl (ServerState.java:setRaftConf(356)) - b5a4ecdb-5d6c-461c-863f-1560fea02e6e@group-0585571DDD4C: set configuration 0: [b5a4ecdb-5d6c-461c-863f-1560fea02e6e:192.168.157.200:45174], old=null at 0
2019-11-13 13:13:02,622 [b5a4ecdb-5d6c-461c-863f-1560fea02e6e@group-0585571DDD4C-SegmentedRaftLogWorker] INFO  segmented.SegmentedRaftLogWorker (SegmentedRaftLogWorker.java:execute(576)) - b5a4ecdb-5d6c-461c-863f-1560fea02e6e@group-0585571DDD4C-SegmentedRaftLogWorker: created new log segment /workdir/hadoop-ozone/integration-test/target/test-dir/MiniOzoneClusterImpl-e92505da-6c66-45ee-bd20-55499551ce33/datanode-0/data/ratis/ad8726f8-a630-443e-beb0-0585571ddd4c/current/log_inprogress_0
2019-11-13 13:13:02,622 [c7dff89d-e8a4-4fa8-95ec-49ba050a48ac@group-88D61B816222-SegmentedRaftLogWorker] INFO  segmented.SegmentedRaftLogWorker (SegmentedRaftLogWorker.java:execute(576)) - c7dff89d-e8a4-4fa8-95ec-49ba050a48ac@group-88D61B816222-SegmentedRaftLogWorker: created new log segment /workdir/hadoop-ozone/integration-test/target/test-dir/MiniOzoneClusterImpl-e92505da-6c66-45ee-bd20-55499551ce33/datanode-2/data/ratis/49bd9b4d-aaed-44d7-8570-88d61b816222/current/log_inprogress_0
2019-11-13 13:13:02,622 [c10d6a1c-a480-4bcf-a079-6a7ef0d7c319@group-1FB562FF6903-SegmentedRaftLogWorker] INFO  segmented.SegmentedRaftLogWorker (SegmentedRaftLogWorker.java:execute(576)) - c10d6a1c-a480-4bcf-a079-6a7ef0d7c319@group-1FB562FF6903-SegmentedRaftLogWorker: created new log segment /workdir/hadoop-ozone/integration-test/target/test-dir/MiniOzoneClusterImpl-e92505da-6c66-45ee-bd20-55499551ce33/datanode-1/data/ratis/48acb0b2-86f3-4fe5-9e33-1fb562ff6903/current/log_inprogress_0
2019-11-13 13:13:02,971 [Thread-0] INFO  ozone.MiniOzoneClusterImpl (MiniOzoneClusterImpl.java:lambda$waitForClusterToBeReady$2(163)) - Waiting for 1 number of pipelines out of 4, to report a leader.
2019-11-13 13:13:03,972 [Thread-0] INFO  ozone.MiniOzoneClusterImpl (MiniOzoneClusterImpl.java:lambda$waitForClusterToBeReady$2(163)) - Waiting for 1 number of pipelines out of 4, to report a leader.
2019-11-13 13:13:04,972 [Thread-0] INFO  ozone.MiniOzoneClusterImpl (MiniOzoneClusterImpl.java:lambda$waitForClusterToBeReady$2(163)) - Waiting for 1 number of pipelines out of 4, to report a leader.
2019-11-13 13:13:05,973 [Thread-0] INFO  ozone.MiniOzoneClusterImpl (MiniOzoneClusterImpl.java:lambda$waitForClusterToBeReady$2(163)) - Waiting for 1 number of pipelines out of 4, to report a leader.
2019-11-13 13:13:06,973 [Thread-0] INFO  ozone.MiniOzoneClusterImpl (MiniOzoneClusterImpl.java:lambda$waitForClusterToBeReady$2(163)) - Waiting for 1 number of pipelines out of 4, to report a leader.
2019-11-13 13:13:07,078 [main] INFO  ozone.MiniOzoneClusterImpl (MiniOzoneClusterImpl.java:shutdown(352)) - Shutting down the Mini Ozone Cluster
2019-11-13 13:13:07,079 [Thread-240] INFO  impl.FollowerState (FollowerState.java:run(111)) - b5a4ecdb-5d6c-461c-863f-1560fea02e6e@group-EF310E1947A6-FollowerState: change to CANDIDATE, lastRpcTime:5025ms, electionTimeout:5023ms
2019-11-13 13:13:07,080 [Thread-240] INFO  impl.RoleInfo (RoleInfo.java:shutdownFollowerState(121)) - b5a4ecdb-5d6c-461c-863f-1560fea02e6e: shutdown FollowerState
2019-11-13 13:13:07,080 [Thread-240] INFO  impl.RaftServerImpl (RaftServerImpl.java:setRole(173)) - b5a4ecdb-5d6c-461c-863f-1560fea02e6e@group-EF310E1947A6: changes role from  FOLLOWER to CANDIDATE at term 1 for changeToCandidate
2019-11-13 13:13:07,080 [Thread-240] INFO  impl.RoleInfo (RoleInfo.java:updateAndGet(143)) - b5a4ecdb-5d6c-461c-863f-1560fea02e6e: start LeaderElection
2019-11-13 13:13:07,080 [main] INFO  ozone.MiniOzoneClusterImpl (MiniOzoneClusterImpl.java:stop(368)) - Stopping the Mini Ozone Cluster
2019-11-13 13:13:07,082 [main] INFO  ozone.MiniOzoneClusterImpl (MiniOzoneClusterImpl.java:stopOM(438)) - Stopping the OzoneManager
2019-11-13 13:13:07,084 [main] INFO  ipc.Server (Server.java:stop(3082)) - Stopping server on 38608
2019-11-13 13:13:07,093 [IPC Server listener on 38608] INFO  ipc.Server (Server.java:run(1185)) - Stopping IPC Server listener on 38608
2019-11-13 13:13:07,093 [main] INFO  ratis.OzoneManagerDoubleBuffer (OzoneManagerDoubleBuffer.java:stop(261)) - Stopping OMDoubleBuffer flush thread
2019-11-13 13:13:07,093 [IPC Server Responder] INFO  ipc.Server (Server.java:run(1319)) - Stopping IPC Server Responder
2019-11-13 13:13:07,097 [OMDoubleBufferFlushThread] INFO  ratis.OzoneManagerDoubleBuffer (OzoneManagerDoubleBuffer.java:flushTransactions(199)) - OMDoubleBuffer flush thread OMDoubleBufferFlushThread is interrupted and will exit. OMDoubleBufferFlushThread
2019-11-13 13:13:07,101 [main] INFO  utils.BackgroundService (BackgroundService.java:shutdown(151)) - Shutting down service KeyDeletingService
2019-11-13 13:13:07,106 [b5a4ecdb-5d6c-461c-863f-1560fea02e6e@group-EF310E1947A6-LeaderElection7] INFO  impl.LeaderElection (LeaderElection.java:askForVotes(178)) - b5a4ecdb-5d6c-461c-863f-1560fea02e6e@group-EF310E1947A6-LeaderElection7: begin an election at term 2 for -1: [c7dff89d-e8a4-4fa8-95ec-49ba050a48ac:192.168.157.200:41564, c10d6a1c-a480-4bcf-a079-6a7ef0d7c319:192.168.157.200:38037, b5a4ecdb-5d6c-461c-863f-1560fea02e6e:192.168.157.200:45174], old=null
2019-11-13 13:13:07,108 [main] INFO  handler.ContextHandler (ContextHandler.java:doStop(910)) - Stopped o.e.j.w.WebAppContext@7461d265{/,null,UNAVAILABLE}{/ozoneManager}
2019-11-13 13:13:07,111 [grpc-default-executor-4] INFO  impl.RaftServerImpl (RaftServerImpl.java:setRole(173)) - c7dff89d-e8a4-4fa8-95ec-49ba050a48ac@group-EF310E1947A6: changes role from  FOLLOWER to FOLLOWER at term 2 for recognizeCandidate:b5a4ecdb-5d6c-461c-863f-1560fea02e6e
2019-11-13 13:13:07,111 [grpc-default-executor-3] INFO  impl.RaftServerImpl (RaftServerImpl.java:setRole(173)) - c10d6a1c-a480-4bcf-a079-6a7ef0d7c319@group-EF310E1947A6: changes role from  FOLLOWER to FOLLOWER at term 2 for recognizeCandidate:b5a4ecdb-5d6c-461c-863f-1560fea02e6e
2019-11-13 13:13:07,112 [grpc-default-executor-4] INFO  impl.RoleInfo (RoleInfo.java:shutdownFollowerState(121)) - c7dff89d-e8a4-4fa8-95ec-49ba050a48ac: shutdown FollowerState
2019-11-13 13:13:07,112 [grpc-default-executor-3] INFO  impl.RoleInfo (RoleInfo.java:shutdownFollowerState(121)) - c10d6a1c-a480-4bcf-a079-6a7ef0d7c319: shutdown FollowerState
2019-11-13 13:13:07,112 [Thread-239] INFO  impl.FollowerState (FollowerState.java:run(120)) - c7dff89d-e8a4-4fa8-95ec-49ba050a48ac@group-EF310E1947A6-FollowerState was interrupted: java.lang.InterruptedException: sleep interrupted
2019-11-13 13:13:07,112 [Thread-238] INFO  impl.FollowerState (FollowerState.java:run(120)) - c10d6a1c-a480-4bcf-a079-6a7ef0d7c319@group-EF310E1947A6-FollowerState was interrupted: java.lang.InterruptedException: sleep interrupted
2019-11-13 13:13:07,113 [grpc-default-executor-3] INFO  impl.RoleInfo (RoleInfo.java:updateAndGet(143)) - c10d6a1c-a480-4bcf-a079-6a7ef0d7c319: start FollowerState
2019-11-13 13:13:07,112 [grpc-default-executor-4] INFO  impl.RoleInfo (RoleInfo.java:updateAndGet(143)) - c7dff89d-e8a4-4fa8-95ec-49ba050a48ac: start FollowerState
2019-11-13 13:13:07,116 [main] INFO  server.AbstractConnector (AbstractConnector.java:doStop(318)) - Stopped ServerConnector@69c933a1{HTTP/1.1,[http/1.1]}{0.0.0.0:0}
2019-11-13 13:13:07,117 [main] INFO  handler.ContextHandler (ContextHandler.java:doStop(910)) - Stopped o.e.j.s.ServletContextHandler@3ba66036{/static,file:///workdir/hadoop-ozone/integration-test/target/test-classes/webapps/static,UNAVAILABLE}
2019-11-13 13:13:07,118 [main] INFO  handler.ContextHandler (ContextHandler.java:doStop(910)) - Stopped o.e.j.s.ServletContextHandler@5d0a0a8c{/logs,file:///workdir/hadoop-ozone/integration-test/target/log,UNAVAILABLE}
2019-11-13 13:13:07,124 [main] INFO  ozone.MiniOzoneClusterImpl (MiniOzoneClusterImpl.java:stopDatanodes(415)) - Stopping the HddsDatanodes
2019-11-13 13:13:07,155 [b5a4ecdb-5d6c-461c-863f-1560fea02e6e@group-EF310E1947A6-LeaderElection7] INFO  impl.LeaderElection (LeaderElection.java:logAndReturn(56)) - b5a4ecdb-5d6c-461c-863f-1560fea02e6e@group-EF310E1947A6-LeaderElection7: Election PASSED; received 1 response(s) [b5a4ecdb-5d6c-461c-863f-1560fea02e6e<-c7dff89d-e8a4-4fa8-95ec-49ba050a48ac#0:OK-t2] and 0 exception(s); b5a4ecdb-5d6c-461c-863f-1560fea02e6e@group-EF310E1947A6:t2, leader=null, voted=b5a4ecdb-5d6c-461c-863f-1560fea02e6e, raftlog=b5a4ecdb-5d6c-461c-863f-1560fea02e6e@group-EF310E1947A6-SegmentedRaftLog:OPENED:c-1,f-1,i0, conf=-1: [c7dff89d-e8a4-4fa8-95ec-49ba050a48ac:192.168.157.200:41564, c10d6a1c-a480-4bcf-a079-6a7ef0d7c319:192.168.157.200:38037, b5a4ecdb-5d6c-461c-863f-1560fea02e6e:192.168.157.200:45174], old=null
2019-11-13 13:13:07,155 [b5a4ecdb-5d6c-461c-863f-1560fea02e6e@group-EF310E1947A6-LeaderElection7] INFO  impl.RoleInfo (RoleInfo.java:shutdownLeaderElection(134)) - b5a4ecdb-5d6c-461c-863f-1560fea02e6e: shutdown LeaderElection
2019-11-13 13:13:07,158 [b5a4ecdb-5d6c-461c-863f-1560fea02e6e@group-EF310E1947A6-LeaderElection7] INFO  impl.RaftServerImpl (RaftServerImpl.java:setRole(173)) - b5a4ecdb-5d6c-461c-863f-1560fea02e6e@group-EF310E1947A6: changes role from CANDIDATE to LEADER at term 2 for changeToLeader
2019-11-13 13:13:07,158 [b5a4ecdb-5d6c-461c-863f-1560fea02e6e@group-EF310E1947A6-LeaderElection7] INFO  ratis.XceiverServerRatis (XceiverServerRatis.java:handleLeaderChangedNotification(697)) - Leader change notification received for group: group-EF310E1947A6 with new leaderId: b5a4ecdb-5d6c-461c-863f-1560fea02e6e
2019-11-13 13:13:07,159 [b5a4ecdb-5d6c-461c-863f-1560fea02e6e@group-EF310E1947A6-LeaderElection7] INFO  impl.RaftServerImpl (ServerState.java:setLeader(255)) - b5a4ecdb-5d6c-461c-863f-1560fea02e6e@group-EF310E1947A6: change Leader from null to b5a4ecdb-5d6c-461c-863f-1560fea02e6e at term 2 for becomeLeader, leader elected after 13772ms
2019-11-13 13:13:07,159 [Datanode State Machine Thread - 0] INFO  statemachine.DatanodeStateMachine (DatanodeStateMachine.java:lambda$startDaemon$0(350)) - Ozone container server started.
2019-11-13 13:13:07,159 [b5a4ecdb-5d6c-461c-863f-1560fea02e6e@group-EF310E1947A6-LeaderElection7] INFO  server.RaftServerConfigKeys (ConfUtils.java:logGet(43)) - raft.server.staging.catchup.gap = 1000 (default)
2019-11-13 13:13:07,160 [b5a4ecdb-5d6c-461c-863f-1560fea02e6e@group-EF310E1947A6-LeaderElection7] INFO  server.RaftServerConfigKeys (ConfUtils.java:logGet(43)) - raft.server.rpc.sleep.time = 25ms (default)
2019-11-13 13:13:07,160 [b5a4ecdb-5d6c-461c-863f-1560fea02e6e@group-EF310E1947A6-LeaderElection7] INFO  server.RaftServerConfigKeys (ConfUtils.java:logGet(43)) - raft.server.write.element-limit = 4096 (default)
2019-11-13 13:13:07,160 [b5a4ecdb-5d6c-461c-863f-1560fea02e6e@group-EF310E1947A6-LeaderElection7] INFO  server.RaftServerConfigKeys (ConfUtils.java:logGet(43)) - raft.server.watch.timeout = 10s (default)
2019-11-13 13:13:07,160 [b5a4ecdb-5d6c-461c-863f-1560fea02e6e@group-EF310E1947A6-LeaderElection7] INFO  server.RaftServerConfigKeys (ConfUtils.java:logGet(43)) - raft.server.watch.timeout.denomination = 1s (default)
2019-11-13 13:13:07,160 [b5a4ecdb-5d6c-461c-863f-1560fea02e6e@group-EF310E1947A6-LeaderElection7] INFO  server.RaftServerConfigKeys (ConfUtils.java:logGet(43)) - raft.server.watch.element-limit = 65536 (default)
2019-11-13 13:13:07,163 [b5a4ecdb-5d6c-461c-863f-1560fea02e6e@group-EF310E1947A6-LeaderElection7] INFO  server.RaftServerConfigKeys (ConfUtils.java:logGet(43)) - raft.server.log.appender.snapshot.chunk.size.max = 16MB (=16777216) (default)
2019-11-13 13:13:07,164 [b5a4ecdb-5d6c-461c-863f-1560fea02e6e@group-EF310E1947A6-LeaderElection7] INFO  server.RaftServerConfigKeys (ConfUtils.java:logGet(43)) - raft.server.log.appender.buffer.byte-limit = 33554432 (custom)
2019-11-13 13:13:07,164 [b5a4ecdb-5d6c-461c-863f-1560fea02e6e@group-EF310E1947A6-LeaderElection7] INFO  server.RaftServerConfigKeys (ConfUtils.java:logGet(43)) - raft.server.log.appender.buffer.element-limit = 1 (custom)
2019-11-13 13:13:07,167 [b5a4ecdb-5d6c-461c-863f-1560fea02e6e@group-EF310E1947A6-LeaderElection7] INFO  grpc.GrpcConfigKeys$Server (ConfUtils.java:logGet(43)) - raft.grpc.server.leader.outstanding.appends.max = 128 (default)
2019-11-13 13:13:07,167 [b5a4ecdb-5d6c-461c-863f-1560fea02e6e@group-EF310E1947A6-LeaderElection7] INFO  server.RaftServerConfigKeys (ConfUtils.java:logGet(43)) - raft.server.rpc.request.timeout = 3000ms (default)
2019-11-13 13:13:07,167 [b5a4ecdb-5d6c-461c-863f-1560fea02e6e@group-EF310E1947A6-LeaderElection7] INFO  server.RaftServerConfigKeys (ConfUtils.java:logGet(43)) - raft.server.log.appender.install.snapshot.enabled = false (custom)
2019-11-13 13:13:07,168 [b5a4ecdb-5d6c-461c-863f-1560fea02e6e@group-EF310E1947A6-LeaderElection7] WARN  impl.MetricRegistriesImpl (MetricRegistriesImpl.java:lambda$create$1(61)) - First MetricRegistry has been created without registering reporters. You may need to call MetricRegistries.global().addReportRegistration(...) before.
2019-11-13 13:13:07,169 [b5a4ecdb-5d6c-461c-863f-1560fea02e6e@group-EF310E1947A6-LeaderElection7] INFO  server.RaftServerConfigKeys (ConfUtils.java:logGet(43)) - raft.server.log.appender.snapshot.chunk.size.max = 16MB (=16777216) (default)
2019-11-13 13:13:07,169 [b5a4ecdb-5d6c-461c-863f-1560fea02e6e@group-EF310E1947A6-LeaderElection7] INFO  server.RaftServerConfigKeys (ConfUtils.java:logGet(43)) - raft.server.log.appender.buffer.byte-limit = 33554432 (custom)
2019-11-13 13:13:07,169 [b5a4ecdb-5d6c-461c-863f-1560fea02e6e@group-EF310E1947A6-LeaderElection7] INFO  server.RaftServerConfigKeys (ConfUtils.java:logGet(43)) - raft.server.log.appender.buffer.element-limit = 1 (custom)
2019-11-13 13:13:07,169 [b5a4ecdb-5d6c-461c-863f-1560fea02e6e@group-EF310E1947A6-LeaderElection7] INFO  grpc.GrpcConfigKeys$Server (ConfUtils.java:logGet(43)) - raft.grpc.server.leader.outstanding.appends.max = 128 (default)
2019-11-13 13:13:07,170 [b5a4ecdb-5d6c-461c-863f-1560fea02e6e@group-EF310E1947A6-LeaderElection7] INFO  server.RaftServerConfigKeys (ConfUtils.java:logGet(43)) - raft.server.rpc.request.timeout = 3000ms (default)
2019-11-13 13:13:07,170 [b5a4ecdb-5d6c-461c-863f-1560fea02e6e@group-EF310E1947A6-LeaderElection7] INFO  server.RaftServerConfigKeys (ConfUtils.java:logGet(43)) - raft.server.log.appender.install.snapshot.enabled = false (custom)
2019-11-13 13:13:07,172 [b5a4ecdb-5d6c-461c-863f-1560fea02e6e@group-EF310E1947A6-LeaderElection7] INFO  impl.RoleInfo (RoleInfo.java:updateAndGet(143)) - b5a4ecdb-5d6c-461c-863f-1560fea02e6e: start LeaderState
2019-11-13 13:13:07,173 [b5a4ecdb-5d6c-461c-863f-1560fea02e6e@group-EF310E1947A6-LeaderElection7] INFO  segmented.SegmentedRaftLogWorker (SegmentedRaftLogWorker.java:startLogSegment(385)) - b5a4ecdb-5d6c-461c-863f-1560fea02e6e@group-EF310E1947A6-SegmentedRaftLogWorker: Starting segment from index:0
2019-11-13 13:13:07,173 [b5a4ecdb-5d6c-461c-863f-1560fea02e6e@group-EF310E1947A6-LeaderElection7] INFO  impl.RaftServerImpl (ServerState.java:setRaftConf(356)) - b5a4ecdb-5d6c-461c-863f-1560fea02e6e@group-EF310E1947A6: set configuration 0: [c7dff89d-e8a4-4fa8-95ec-49ba050a48ac:192.168.157.200:41564, c10d6a1c-a480-4bcf-a079-6a7ef0d7c319:192.168.157.200:38037, b5a4ecdb-5d6c-461c-863f-1560fea02e6e:192.168.157.200:45174], old=null at 0
2019-11-13 13:13:07,205 [grpc-default-executor-3] INFO  ratis.XceiverServerRatis (XceiverServerRatis.java:handleLeaderChangedNotification(697)) - Leader change notification received for group: group-EF310E1947A6 with new leaderId: b5a4ecdb-5d6c-461c-863f-1560fea02e6e
2019-11-13 13:13:07,205 [grpc-default-executor-4] INFO  ratis.XceiverServerRatis (XceiverServerRatis.java:handleLeaderChangedNotification(697)) - Leader change notification received for group: group-EF310E1947A6 with new leaderId: b5a4ecdb-5d6c-461c-863f-1560fea02e6e
2019-11-13 13:13:07,205 [grpc-default-executor-3] INFO  impl.RaftServerImpl (ServerState.java:setLeader(255)) - c10d6a1c-a480-4bcf-a079-6a7ef0d7c319@group-EF310E1947A6: change Leader from null to b5a4ecdb-5d6c-461c-863f-1560fea02e6e at term 2 for appendEntries, leader elected after 13819ms
2019-11-13 13:13:07,206 [grpc-default-executor-4] INFO  impl.RaftServerImpl (ServerState.java:setLeader(255)) - c7dff89d-e8a4-4fa8-95ec-49ba050a48ac@group-EF310E1947A6: change Leader from null to b5a4ecdb-5d6c-461c-863f-1560fea02e6e at term 2 for appendEntries, leader elected after 13819ms
2019-11-13 13:13:07,227 [grpc-default-executor-4] INFO  impl.RaftServerImpl (ServerState.java:setRaftConf(356)) - c10d6a1c-a480-4bcf-a079-6a7ef0d7c319@group-EF310E1947A6: set configuration 0: [c7dff89d-e8a4-4fa8-95ec-49ba050a48ac:192.168.157.200:41564, c10d6a1c-a480-4bcf-a079-6a7ef0d7c319:192.168.157.200:38037, b5a4ecdb-5d6c-461c-863f-1560fea02e6e:192.168.157.200:45174], old=null at 0
2019-11-13 13:13:07,227 [grpc-default-executor-3] INFO  impl.RaftServerImpl (ServerState.java:setRaftConf(356)) - c7dff89d-e8a4-4fa8-95ec-49ba050a48ac@group-EF310E1947A6: set configuration 0: [c7dff89d-e8a4-4fa8-95ec-49ba050a48ac:192.168.157.200:41564, c10d6a1c-a480-4bcf-a079-6a7ef0d7c319:192.168.157.200:38037, b5a4ecdb-5d6c-461c-863f-1560fea02e6e:192.168.157.200:45174], old=null at 0
2019-11-13 13:13:07,227 [grpc-default-executor-4] INFO  segmented.SegmentedRaftLogWorker (SegmentedRaftLogWorker.java:startLogSegment(385)) - c10d6a1c-a480-4bcf-a079-6a7ef0d7c319@group-EF310E1947A6-SegmentedRaftLogWorker: Starting segment from index:0
2019-11-13 13:13:07,228 [grpc-default-executor-3] INFO  segmented.SegmentedRaftLogWorker (SegmentedRaftLogWorker.java:startLogSegment(385)) - c7dff89d-e8a4-4fa8-95ec-49ba050a48ac@group-EF310E1947A6-SegmentedRaftLogWorker: Starting segment from index:0
2019-11-13 13:13:07,259 [b5a4ecdb-5d6c-461c-863f-1560fea02e6e@group-EF310E1947A6-SegmentedRaftLogWorker] INFO  segmented.SegmentedRaftLogWorker (SegmentedRaftLogWorker.java:execute(576)) - b5a4ecdb-5d6c-461c-863f-1560fea02e6e@group-EF310E1947A6-SegmentedRaftLogWorker: created new log segment /workdir/hadoop-ozone/integration-test/target/test-dir/MiniOzoneClusterImpl-e92505da-6c66-45ee-bd20-55499551ce33/datanode-0/data/ratis/bed64c15-9ab8-46b0-9933-ef310e1947a6/current/log_inprogress_0
2019-11-13 13:13:07,278 [c7dff89d-e8a4-4fa8-95ec-49ba050a48ac@group-EF310E1947A6-SegmentedRaftLogWorker] INFO  segmented.SegmentedRaftLogWorker (SegmentedRaftLogWorker.java:execute(576)) - c7dff89d-e8a4-4fa8-95ec-49ba050a48ac@group-EF310E1947A6-SegmentedRaftLogWorker: created new log segment /workdir/hadoop-ozone/integration-test/target/test-dir/MiniOzoneClusterImpl-e92505da-6c66-45ee-bd20-55499551ce33/datanode-2/data/ratis/bed64c15-9ab8-46b0-9933-ef310e1947a6/current/log_inprogress_0
2019-11-13 13:13:07,278 [c10d6a1c-a480-4bcf-a079-6a7ef0d7c319@group-EF310E1947A6-SegmentedRaftLogWorker] INFO  segmented.SegmentedRaftLogWorker (SegmentedRaftLogWorker.java:execute(576)) - c10d6a1c-a480-4bcf-a079-6a7ef0d7c319@group-EF310E1947A6-SegmentedRaftLogWorker: created new log segment /workdir/hadoop-ozone/integration-test/target/test-dir/MiniOzoneClusterImpl-e92505da-6c66-45ee-bd20-55499551ce33/datanode-1/data/ratis/bed64c15-9ab8-46b0-9933-ef310e1947a6/current/log_inprogress_0
2019-11-13 13:13:07,997 [Datanode State Machine Thread - 0] INFO  statemachine.DatanodeStateMachine (DatanodeStateMachine.java:lambda$startDaemon$0(350)) - Ozone container server started.
2019-11-13 13:13:12,128 [ForkJoinPool.commonPool-worker-0] INFO  ozoneimpl.OzoneContainer (OzoneContainer.java:stop(244)) - Attempting to stop container services.
2019-11-13 13:13:12,128 [main] INFO  ozoneimpl.OzoneContainer (OzoneContainer.java:stop(244)) - Attempting to stop container services.
2019-11-13 13:13:12,129 [ForkJoinPool.commonPool-worker-0] INFO  impl.RaftServerProxy (RaftServerProxy.java:lambda$close$4(314)) - b5a4ecdb-5d6c-461c-863f-1560fea02e6e: close
2019-11-13 13:13:12,129 [main] INFO  impl.RaftServerProxy (RaftServerProxy.java:lambda$close$4(314)) - c10d6a1c-a480-4bcf-a079-6a7ef0d7c319: close
2019-11-13 13:13:12,130 [main] INFO  impl.RaftServerImpl (RaftServerImpl.java:lambda$shutdown$3(250)) - c10d6a1c-a480-4bcf-a079-6a7ef0d7c319@group-1FB562FF6903: shutdown
2019-11-13 13:13:12,130 [ForkJoinPool.commonPool-worker-0] INFO  impl.RaftServerImpl (RaftServerImpl.java:lambda$shutdown$3(250)) - b5a4ecdb-5d6c-461c-863f-1560fea02e6e@group-0585571DDD4C: shutdown
2019-11-13 13:13:12,131 [main] INFO  util.JmxRegister (JmxRegister.java:unregister(73)) - Successfully un-registered JMX Bean with object name Ratis:service=RaftServer,group=group-1FB562FF6903,id=c10d6a1c-a480-4bcf-a079-6a7ef0d7c319
2019-11-13 13:13:12,131 [ForkJoinPool.commonPool-worker-0] INFO  util.JmxRegister (JmxRegister.java:unregister(73)) - Successfully un-registered JMX Bean with object name Ratis:service=RaftServer,group=group-0585571DDD4C,id=b5a4ecdb-5d6c-461c-863f-1560fea02e6e
2019-11-13 13:13:12,131 [main] INFO  impl.RoleInfo (RoleInfo.java:shutdownLeaderState(104)) - c10d6a1c-a480-4bcf-a079-6a7ef0d7c319: shutdown LeaderState
2019-11-13 13:13:12,131 [ForkJoinPool.commonPool-worker-0] INFO  impl.RoleInfo (RoleInfo.java:shutdownLeaderState(104)) - b5a4ecdb-5d6c-461c-863f-1560fea02e6e: shutdown LeaderState
2019-11-13 13:13:12,132 [main] INFO  impl.PendingRequests (PendingRequests.java:sendNotLeaderResponses(206)) - c10d6a1c-a480-4bcf-a079-6a7ef0d7c319@group-1FB562FF6903-PendingRequests: sendNotLeaderResponses
2019-11-13 13:13:12,132 [ForkJoinPool.commonPool-worker-0] INFO  impl.PendingRequests (PendingRequests.java:sendNotLeaderResponses(206)) - b5a4ecdb-5d6c-461c-863f-1560fea02e6e@group-0585571DDD4C-PendingRequests: sendNotLeaderResponses
2019-11-13 13:13:12,136 [main] INFO  impl.StateMachineUpdater (StateMachineUpdater.java:stopAndJoin(136)) - c10d6a1c-a480-4bcf-a079-6a7ef0d7c319@group-1FB562FF6903-StateMachineUpdater: set stopIndex = 0
2019-11-13 13:13:12,136 [ForkJoinPool.commonPool-worker-0] INFO  impl.StateMachineUpdater (StateMachineUpdater.java:stopAndJoin(136)) - b5a4ecdb-5d6c-461c-863f-1560fea02e6e@group-0585571DDD4C-StateMachineUpdater: set stopIndex = 0
2019-11-13 13:13:12,137 [main] INFO  impl.RaftServerImpl (ServerState.java:close(387)) - c10d6a1c-a480-4bcf-a079-6a7ef0d7c319@group-1FB562FF6903: closes. applyIndex: 0
2019-11-13 13:13:12,138 [ForkJoinPool.commonPool-worker-0] INFO  impl.RaftServerImpl (ServerState.java:close(387)) - b5a4ecdb-5d6c-461c-863f-1560fea02e6e@group-0585571DDD4C: closes. applyIndex: 0
2019-11-13 13:13:12,138 [c10d6a1c-a480-4bcf-a079-6a7ef0d7c319@group-1FB562FF6903-SegmentedRaftLogWorker] INFO  segmented.SegmentedRaftLogWorker (SegmentedRaftLogWorker.java:run(316)) - c10d6a1c-a480-4bcf-a079-6a7ef0d7c319@group-1FB562FF6903-SegmentedRaftLogWorker was interrupted, exiting. There are 0 tasks remaining in the queue.
2019-11-13 13:13:12,138 [b5a4ecdb-5d6c-461c-863f-1560fea02e6e@group-0585571DDD4C-SegmentedRaftLogWorker] INFO  segmented.SegmentedRaftLogWorker (SegmentedRaftLogWorker.java:run(316)) - b5a4ecdb-5d6c-461c-863f-1560fea02e6e@group-0585571DDD4C-SegmentedRaftLogWorker was interrupted, exiting. There are 0 tasks remaining in the queue.
2019-11-13 13:13:12,234 [ForkJoinPool.commonPool-worker-0] INFO  segmented.SegmentedRaftLogWorker (SegmentedRaftLogWorker.java:close(224)) - b5a4ecdb-5d6c-461c-863f-1560fea02e6e@group-0585571DDD4C-SegmentedRaftLogWorker close()
2019-11-13 13:13:12,234 [main] INFO  segmented.SegmentedRaftLogWorker (SegmentedRaftLogWorker.java:close(224)) - c10d6a1c-a480-4bcf-a079-6a7ef0d7c319@group-1FB562FF6903-SegmentedRaftLogWorker close()
2019-11-13 13:13:12,235 [ForkJoinPool.commonPool-worker-0] INFO  impl.RaftServerImpl (RaftServerImpl.java:lambda$shutdown$3(250)) - b5a4ecdb-5d6c-461c-863f-1560fea02e6e@group-EF310E1947A6: shutdown
2019-11-13 13:13:12,236 [main] INFO  impl.RaftServerImpl (RaftServerImpl.java:lambda$shutdown$3(250)) - c10d6a1c-a480-4bcf-a079-6a7ef0d7c319@group-EF310E1947A6: shutdown
2019-11-13 13:13:12,237 [ForkJoinPool.commonPool-worker-0] INFO  util.JmxRegister (JmxRegister.java:unregister(73)) - Successfully un-registered JMX Bean with object name Ratis:service=RaftServer,group=group-EF310E1947A6,id=b5a4ecdb-5d6c-461c-863f-1560fea02e6e
2019-11-13 13:13:12,237 [main] INFO  util.JmxRegister (JmxRegister.java:unregister(73)) - Successfully un-registered JMX Bean with object name Ratis:service=RaftServer,group=group-EF310E1947A6,id=c10d6a1c-a480-4bcf-a079-6a7ef0d7c319
2019-11-13 13:13:12,237 [ForkJoinPool.commonPool-worker-0] INFO  impl.RoleInfo (RoleInfo.java:shutdownLeaderState(104)) - b5a4ecdb-5d6c-461c-863f-1560fea02e6e: shutdown LeaderState
2019-11-13 13:13:12,237 [main] INFO  impl.RoleInfo (RoleInfo.java:shutdownFollowerState(121)) - c10d6a1c-a480-4bcf-a079-6a7ef0d7c319: shutdown FollowerState
2019-11-13 13:13:12,239 [org.apache.ratis.server.impl.LogAppender$AppenderDaemon$$Lambda$533/641635495@7de52eeb] WARN  server.GrpcLogAppender (GrpcLogAppender.java:mayWait(151)) - b5a4ecdb-5d6c-461c-863f-1560fea02e6e@group-EF310E1947A6->c10d6a1c-a480-4bcf-a079-6a7ef0d7c319-GrpcLogAppender: Wait interrupted by java.lang.InterruptedException
2019-11-13 13:13:12,239 [org.apache.ratis.server.impl.LogAppender$AppenderDaemon$$Lambda$533/641635495@53f74e1b] WARN  server.GrpcLogAppender (GrpcLogAppender.java:mayWait(151)) - b5a4ecdb-5d6c-461c-863f-1560fea02e6e@group-EF310E1947A6->c7dff89d-e8a4-4fa8-95ec-49ba050a48ac-GrpcLogAppender: Wait interrupted by java.lang.InterruptedException
2019-11-13 13:13:12,239 [ForkJoinPool.commonPool-worker-0] INFO  impl.PendingRequests (PendingRequests.java:sendNotLeaderResponses(206)) - b5a4ecdb-5d6c-461c-863f-1560fea02e6e@group-EF310E1947A6-PendingRequests: sendNotLeaderResponses
2019-11-13 13:13:12,239 [Thread-245] INFO  impl.FollowerState (FollowerState.java:run(120)) - c10d6a1c-a480-4bcf-a079-6a7ef0d7c319@group-EF310E1947A6-FollowerState was interrupted: java.lang.InterruptedException: sleep interrupted
2019-11-13 13:13:12,239 [main] INFO  impl.StateMachineUpdater (StateMachineUpdater.java:stopAndJoin(136)) - c10d6a1c-a480-4bcf-a079-6a7ef0d7c319@group-EF310E1947A6-StateMachineUpdater: set stopIndex = 0
2019-11-13 13:13:12,240 [ForkJoinPool.commonPool-worker-0] INFO  impl.StateMachineUpdater (StateMachineUpdater.java:stopAndJoin(136)) - b5a4ecdb-5d6c-461c-863f-1560fea02e6e@group-EF310E1947A6-StateMachineUpdater: set stopIndex = 0
2019-11-13 13:13:12,242 [main] INFO  impl.RaftServerImpl (ServerState.java:close(387)) - c10d6a1c-a480-4bcf-a079-6a7ef0d7c319@group-EF310E1947A6: closes. applyIndex: 0
2019-11-13 13:13:12,242 [ForkJoinPool.commonPool-worker-0] INFO  impl.RaftServerImpl (ServerState.java:close(387)) - b5a4ecdb-5d6c-461c-863f-1560fea02e6e@group-EF310E1947A6: closes. applyIndex: 0
2019-11-13 13:13:12,242 [c10d6a1c-a480-4bcf-a079-6a7ef0d7c319@group-EF310E1947A6-SegmentedRaftLogWorker] INFO  segmented.SegmentedRaftLogWorker (SegmentedRaftLogWorker.java:run(316)) - c10d6a1c-a480-4bcf-a079-6a7ef0d7c319@group-EF310E1947A6-SegmentedRaftLogWorker was interrupted, exiting. There are 0 tasks remaining in the queue.
2019-11-13 13:13:12,243 [b5a4ecdb-5d6c-461c-863f-1560fea02e6e@group-EF310E1947A6-SegmentedRaftLogWorker] INFO  segmented.SegmentedRaftLogWorker (SegmentedRaftLogWorker.java:run(316)) - b5a4ecdb-5d6c-461c-863f-1560fea02e6e@group-EF310E1947A6-SegmentedRaftLogWorker was interrupted, exiting. There are 0 tasks remaining in the queue.
2019-11-13 13:13:12,244 [main] INFO  segmented.SegmentedRaftLogWorker (SegmentedRaftLogWorker.java:close(224)) - c10d6a1c-a480-4bcf-a079-6a7ef0d7c319@group-EF310E1947A6-SegmentedRaftLogWorker close()
2019-11-13 13:13:12,244 [ForkJoinPool.commonPool-worker-0] INFO  segmented.SegmentedRaftLogWorker (SegmentedRaftLogWorker.java:close(224)) - b5a4ecdb-5d6c-461c-863f-1560fea02e6e@group-EF310E1947A6-SegmentedRaftLogWorker close()
2019-11-13 13:13:12,246 [grpc-default-executor-4] INFO  server.GrpcServerProtocolService (GrpcServerProtocolService.java:onCompleted(113)) - c10d6a1c-a480-4bcf-a079-6a7ef0d7c319: Completed APPEND_ENTRIES, lastRequest: b5a4ecdb-5d6c-461c-863f-1560fea02e6e->c10d6a1c-a480-4bcf-a079-6a7ef0d7c319#2-t2, previous=(t:2, i:0), leaderCommit=0, initializing? false, entries: <empty>
2019-11-13 13:13:12,246 [grpc-default-executor-3] INFO  server.GrpcServerProtocolService (GrpcServerProtocolService.java:onCompleted(113)) - c7dff89d-e8a4-4fa8-95ec-49ba050a48ac: Completed APPEND_ENTRIES, lastRequest: b5a4ecdb-5d6c-461c-863f-1560fea02e6e->c7dff89d-e8a4-4fa8-95ec-49ba050a48ac#2-t2, previous=(t:2, i:0), leaderCommit=0, initializing? false, entries: <empty>
2019-11-13 13:13:12,248 [main] INFO  server.GrpcService (GrpcService.java:closeImpl(164)) - c10d6a1c-a480-4bcf-a079-6a7ef0d7c319: shutdown server with port 38037 now
2019-11-13 13:13:12,248 [ForkJoinPool.commonPool-worker-0] INFO  server.GrpcService (GrpcService.java:closeImpl(164)) - b5a4ecdb-5d6c-461c-863f-1560fea02e6e: shutdown server with port 45174 now
2019-11-13 13:13:12,249 [grpc-default-executor-3] INFO  server.GrpcLogAppender (GrpcLogAppender.java:onCompleted(308)) - b5a4ecdb-5d6c-461c-863f-1560fea02e6e@group-EF310E1947A6->c10d6a1c-a480-4bcf-a079-6a7ef0d7c319-AppendLogResponseHandler: follower responses appendEntries COMPLETED
2019-11-13 13:13:12,249 [grpc-default-executor-4] INFO  server.GrpcLogAppender (GrpcLogAppender.java:onCompleted(308)) - b5a4ecdb-5d6c-461c-863f-1560fea02e6e@group-EF310E1947A6->c7dff89d-e8a4-4fa8-95ec-49ba050a48ac-AppendLogResponseHandler: follower responses appendEntries COMPLETED
2019-11-13 13:13:12,254 [grpc-default-executor-3] INFO  impl.FollowerInfo (FollowerInfo.java:lambda$new$0(51)) - b5a4ecdb-5d6c-461c-863f-1560fea02e6e@group-EF310E1947A6->c10d6a1c-a480-4bcf-a079-6a7ef0d7c319: nextIndex: updateUnconditionally 1 -> 0
2019-11-13 13:13:12,254 [ForkJoinPool.commonPool-worker-0] INFO  server.GrpcService (GrpcService.java:closeImpl(172)) - b5a4ecdb-5d6c-461c-863f-1560fea02e6e: shutdown server with port 45174 successfully
2019-11-13 13:13:12,254 [grpc-default-executor-4] INFO  impl.FollowerInfo (FollowerInfo.java:lambda$new$0(51)) - b5a4ecdb-5d6c-461c-863f-1560fea02e6e@group-EF310E1947A6->c7dff89d-e8a4-4fa8-95ec-49ba050a48ac: nextIndex: updateUnconditionally 1 -> 0
2019-11-13 13:13:12,257 [main] INFO  server.GrpcService (GrpcService.java:closeImpl(172)) - c10d6a1c-a480-4bcf-a079-6a7ef0d7c319: shutdown server with port 38037 successfully
2019-11-13 13:13:12,260 [refreshUsed-/workdir/hadoop-ozone/integration-test/target/test-dir/MiniOzoneClusterImpl-e92505da-6c66-45ee-bd20-55499551ce33/datanode-0/data/containers] WARN  fs.CachingGetSpaceUsed (CachingGetSpaceUsed.java:run(183)) - Thread Interrupted waiting to refresh disk information: sleep interrupted
2019-11-13 13:13:12,263 [refreshUsed-/workdir/hadoop-ozone/integration-test/target/test-dir/MiniOzoneClusterImpl-e92505da-6c66-45ee-bd20-55499551ce33/datanode-1/data/containers] WARN  fs.CachingGetSpaceUsed (CachingGetSpaceUsed.java:run(183)) - Thread Interrupted waiting to refresh disk information: sleep interrupted
2019-11-13 13:13:12,286 [main] INFO  utils.BackgroundService (BackgroundService.java:shutdown(151)) - Shutting down service BlockDeletingService
2019-11-13 13:13:12,289 [main] INFO  statemachine.DatanodeStateMachine (DatanodeStateMachine.java:stopDaemon(395)) - Ozone container server stopped.
2019-11-13 13:13:12,290 [ForkJoinPool.commonPool-worker-0] INFO  utils.BackgroundService (BackgroundService.java:shutdown(151)) - Shutting down service BlockDeletingService
2019-11-13 13:13:12,291 [main] INFO  handler.ContextHandler (ContextHandler.java:doStop(910)) - Stopped o.e.j.w.WebAppContext@7e239bd2{/,null,UNAVAILABLE}{/hddsDatanode}
2019-11-13 13:13:12,292 [ForkJoinPool.commonPool-worker-0] INFO  statemachine.DatanodeStateMachine (DatanodeStateMachine.java:stopDaemon(395)) - Ozone container server stopped.
2019-11-13 13:13:12,294 [main] INFO  server.AbstractConnector (AbstractConnector.java:doStop(318)) - Stopped ServerConnector@4d1cae5c{HTTP/1.1,[http/1.1]}{0.0.0.0:0}
2019-11-13 13:13:12,294 [main] INFO  handler.ContextHandler (ContextHandler.java:doStop(910)) - Stopped o.e.j.s.ServletContextHandler@1d8ff3f7{/static,jar:file:/home/user/.m2/repository/org/apache/hadoop/hadoop-hdds-container-service/0.5.0-SNAPSHOT/hadoop-hdds-container-service-0.5.0-SNAPSHOT.jar!/webapps/static,UNAVAILABLE}
2019-11-13 13:13:12,295 [ForkJoinPool.commonPool-worker-0] INFO  handler.ContextHandler (ContextHandler.java:doStop(910)) - Stopped o.e.j.w.WebAppContext@47c859a0{/,null,UNAVAILABLE}{/hddsDatanode}
2019-11-13 13:13:12,296 [main] INFO  handler.ContextHandler (ContextHandler.java:doStop(910)) - Stopped o.e.j.s.ServletContextHandler@7bd5acbc{/logs,file:///workdir/hadoop-ozone/integration-test/target/log,UNAVAILABLE}
2019-11-13 13:13:12,296 [ForkJoinPool.commonPool-worker-0] INFO  server.AbstractConnector (AbstractConnector.java:doStop(318)) - Stopped ServerConnector@7ef60fa7{HTTP/1.1,[http/1.1]}{0.0.0.0:0}
2019-11-13 13:13:12,297 [ForkJoinPool.commonPool-worker-0] INFO  handler.ContextHandler (ContextHandler.java:doStop(910)) - Stopped o.e.j.s.ServletContextHandler@358cca1f{/static,jar:file:/home/user/.m2/repository/org/apache/hadoop/hadoop-hdds-container-service/0.5.0-SNAPSHOT/hadoop-hdds-container-service-0.5.0-SNAPSHOT.jar!/webapps/static,UNAVAILABLE}
2019-11-13 13:13:12,298 [ForkJoinPool.commonPool-worker-0] INFO  handler.ContextHandler (ContextHandler.java:doStop(910)) - Stopped o.e.j.s.ServletContextHandler@175bbe38{/logs,file:///workdir/hadoop-ozone/integration-test/target/log,UNAVAILABLE}
2019-11-13 13:13:12,996 [Datanode State Machine Thread - 0] INFO  statemachine.DatanodeStateMachine (DatanodeStateMachine.java:lambda$startDaemon$0(350)) - Ozone container server started.
2019-11-13 13:13:17,273 [Thread-244] INFO  impl.FollowerState (FollowerState.java:run(111)) - c7dff89d-e8a4-4fa8-95ec-49ba050a48ac@group-EF310E1947A6-FollowerState: change to CANDIDATE, lastRpcTime:7470ms, electionTimeout:5121ms
2019-11-13 13:13:17,274 [Thread-244] INFO  impl.RoleInfo (RoleInfo.java:shutdownFollowerState(121)) - c7dff89d-e8a4-4fa8-95ec-49ba050a48ac: shutdown FollowerState
2019-11-13 13:13:17,274 [Thread-244] INFO  impl.RaftServerImpl (RaftServerImpl.java:setRole(173)) - c7dff89d-e8a4-4fa8-95ec-49ba050a48ac@group-EF310E1947A6: changes role from  FOLLOWER to CANDIDATE at term 2 for changeToCandidate
2019-11-13 13:13:17,274 [Thread-244] INFO  impl.RoleInfo (RoleInfo.java:updateAndGet(143)) - c7dff89d-e8a4-4fa8-95ec-49ba050a48ac: start LeaderElection
2019-11-13 13:13:17,275 [c7dff89d-e8a4-4fa8-95ec-49ba050a48ac@group-EF310E1947A6-LeaderElection8] INFO  impl.RaftServerImpl (ServerState.java:setLeader(255)) - c7dff89d-e8a4-4fa8-95ec-49ba050a48ac@group-EF310E1947A6: change Leader from b5a4ecdb-5d6c-461c-863f-1560fea02e6e to null at term 2 for initElection
2019-11-13 13:13:17,299 [main] INFO  ozoneimpl.OzoneContainer (OzoneContainer.java:stop(244)) - Attempting to stop container services.
2019-11-13 13:13:17,300 [main] INFO  impl.RaftServerProxy (RaftServerProxy.java:lambda$close$4(314)) - c7dff89d-e8a4-4fa8-95ec-49ba050a48ac: close
2019-11-13 13:13:17,300 [main] INFO  impl.RaftServerImpl (RaftServerImpl.java:lambda$shutdown$3(250)) - c7dff89d-e8a4-4fa8-95ec-49ba050a48ac@group-EF310E1947A6: shutdown
2019-11-13 13:13:17,300 [ForkJoinPool.commonPool-worker-1] INFO  impl.RaftServerImpl (RaftServerImpl.java:lambda$shutdown$3(250)) - c7dff89d-e8a4-4fa8-95ec-49ba050a48ac@group-88D61B816222: shutdown
2019-11-13 13:13:17,301 [main] INFO  util.JmxRegister (JmxRegister.java:unregister(73)) - Successfully un-registered JMX Bean with object name Ratis:service=RaftServer,group=group-EF310E1947A6,id=c7dff89d-e8a4-4fa8-95ec-49ba050a48ac
2019-11-13 13:13:17,301 [ForkJoinPool.commonPool-worker-1] INFO  util.JmxRegister (JmxRegister.java:unregister(73)) - Successfully un-registered JMX Bean with object name Ratis:service=RaftServer,group=group-88D61B816222,id=c7dff89d-e8a4-4fa8-95ec-49ba050a48ac
2019-11-13 13:13:17,301 [main] INFO  impl.RoleInfo (RoleInfo.java:shutdownLeaderElection(134)) - c7dff89d-e8a4-4fa8-95ec-49ba050a48ac: shutdown LeaderElection
2019-11-13 13:13:17,301 [ForkJoinPool.commonPool-worker-1] INFO  impl.RoleInfo (RoleInfo.java:shutdownLeaderState(104)) - c7dff89d-e8a4-4fa8-95ec-49ba050a48ac: shutdown LeaderState
2019-11-13 13:13:17,302 [main] INFO  impl.StateMachineUpdater (StateMachineUpdater.java:stopAndJoin(136)) - c7dff89d-e8a4-4fa8-95ec-49ba050a48ac@group-EF310E1947A6-StateMachineUpdater: set stopIndex = 0
2019-11-13 13:13:17,302 [ForkJoinPool.commonPool-worker-1] INFO  impl.PendingRequests (PendingRequests.java:sendNotLeaderResponses(206)) - c7dff89d-e8a4-4fa8-95ec-49ba050a48ac@group-88D61B816222-PendingRequests: sendNotLeaderResponses
2019-11-13 13:13:17,303 [main] INFO  impl.RaftServerImpl (ServerState.java:close(387)) - c7dff89d-e8a4-4fa8-95ec-49ba050a48ac@group-EF310E1947A6: closes. applyIndex: 0
2019-11-13 13:13:17,303 [ForkJoinPool.commonPool-worker-1] INFO  impl.StateMachineUpdater (StateMachineUpdater.java:stopAndJoin(136)) - c7dff89d-e8a4-4fa8-95ec-49ba050a48ac@group-88D61B816222-StateMachineUpdater: set stopIndex = 0
2019-11-13 13:13:17,303 [ForkJoinPool.commonPool-worker-1] INFO  impl.RaftServerImpl (ServerState.java:close(387)) - c7dff89d-e8a4-4fa8-95ec-49ba050a48ac@group-88D61B816222: closes. applyIndex: 0
2019-11-13 13:13:17,303 [c7dff89d-e8a4-4fa8-95ec-49ba050a48ac@group-EF310E1947A6-SegmentedRaftLogWorker] INFO  segmented.SegmentedRaftLogWorker (SegmentedRaftLogWorker.java:run(316)) - c7dff89d-e8a4-4fa8-95ec-49ba050a48ac@group-EF310E1947A6-SegmentedRaftLogWorker was interrupted, exiting. There are 0 tasks remaining in the queue.
2019-11-13 13:13:17,303 [c7dff89d-e8a4-4fa8-95ec-49ba050a48ac@group-88D61B816222-SegmentedRaftLogWorker] INFO  segmented.SegmentedRaftLogWorker (SegmentedRaftLogWorker.java:run(316)) - c7dff89d-e8a4-4fa8-95ec-49ba050a48ac@group-88D61B816222-SegmentedRaftLogWorker was interrupted, exiting. There are 0 tasks remaining in the queue.
2019-11-13 13:13:17,304 [main] INFO  segmented.SegmentedRaftLogWorker (SegmentedRaftLogWorker.java:close(224)) - c7dff89d-e8a4-4fa8-95ec-49ba050a48ac@group-EF310E1947A6-SegmentedRaftLogWorker close()
2019-11-13 13:13:17,305 [ForkJoinPool.commonPool-worker-1] INFO  segmented.SegmentedRaftLogWorker (SegmentedRaftLogWorker.java:close(224)) - c7dff89d-e8a4-4fa8-95ec-49ba050a48ac@group-88D61B816222-SegmentedRaftLogWorker close()
2019-11-13 13:13:17,307 [main] INFO  server.GrpcService (GrpcService.java:closeImpl(164)) - c7dff89d-e8a4-4fa8-95ec-49ba050a48ac: shutdown server with port 41564 now
2019-11-13 13:13:17,308 [main] INFO  server.GrpcService (GrpcService.java:closeImpl(172)) - c7dff89d-e8a4-4fa8-95ec-49ba050a48ac: shutdown server with port 41564 successfully
2019-11-13 13:13:17,319 [refreshUsed-/workdir/hadoop-ozone/integration-test/target/test-dir/MiniOzoneClusterImpl-e92505da-6c66-45ee-bd20-55499551ce33/datanode-2/data/containers] WARN  fs.CachingGetSpaceUsed (CachingGetSpaceUsed.java:run(183)) - Thread Interrupted waiting to refresh disk information: sleep interrupted
2019-11-13 13:13:17,344 [main] INFO  utils.BackgroundService (BackgroundService.java:shutdown(151)) - Shutting down service BlockDeletingService
2019-11-13 13:13:17,346 [main] INFO  statemachine.DatanodeStateMachine (DatanodeStateMachine.java:stopDaemon(395)) - Ozone container server stopped.
2019-11-13 13:13:17,348 [main] INFO  handler.ContextHandler (ContextHandler.java:doStop(910)) - Stopped o.e.j.w.WebAppContext@74da6324{/,null,UNAVAILABLE}{/hddsDatanode}
2019-11-13 13:13:17,349 [main] INFO  server.AbstractConnector (AbstractConnector.java:doStop(318)) - Stopped ServerConnector@2cbb16a4{HTTP/1.1,[http/1.1]}{0.0.0.0:0}
2019-11-13 13:13:17,350 [main] INFO  handler.ContextHandler (ContextHandler.java:doStop(910)) - Stopped o.e.j.s.ServletContextHandler@1c2d2101{/static,jar:file:/home/user/.m2/repository/org/apache/hadoop/hadoop-hdds-container-service/0.5.0-SNAPSHOT/hadoop-hdds-container-service-0.5.0-SNAPSHOT.jar!/webapps/static,UNAVAILABLE}
2019-11-13 13:13:17,351 [main] INFO  handler.ContextHandler (ContextHandler.java:doStop(910)) - Stopped o.e.j.s.ServletContextHandler@712cd18d{/logs,file:///workdir/hadoop-ozone/integration-test/target/log,UNAVAILABLE}
2019-11-13 13:13:17,353 [main] INFO  ozone.MiniOzoneClusterImpl (MiniOzoneClusterImpl.java:stopSCM(430)) - Stopping the StorageContainerManager
2019-11-13 13:13:17,353 [main] INFO  server.StorageContainerManager (StorageContainerManager.java:stop(802)) - Stopping Replication Manager Service.
2019-11-13 13:13:17,353 [main] INFO  container.ReplicationManager (ReplicationManager.java:stop(203)) - Stopping Replication Monitor Thread.
2019-11-13 13:13:17,353 [main] INFO  server.StorageContainerManager (StorageContainerManager.java:stop(809)) - Stopping Lease Manager of the command watchers
2019-11-13 13:13:17,354 [main] INFO  server.StorageContainerManager (StorageContainerManager.java:stop(816)) - Stopping datanode service RPC server
2019-11-13 13:13:17,354 [main] INFO  server.SCMDatanodeProtocolServer (SCMDatanodeProtocolServer.java:stop(346)) - Stopping the RPC server for DataNodes
2019-11-13 13:13:17,354 [main] INFO  ipc.Server (Server.java:stop(3082)) - Stopping server on 44051
2019-11-13 13:13:17,356 [IPC Server listener on 44051] INFO  ipc.Server (Server.java:run(1185)) - Stopping IPC Server listener on 44051
2019-11-13 13:13:17,356 [IPC Server Responder] INFO  ipc.Server (Server.java:run(1319)) - Stopping IPC Server Responder
2019-11-13 13:13:17,376 [SCM Heartbeat Processing Thread - 0] WARN  node.NodeStateManager (NodeStateManager.java:scheduleNextHealthCheck(646)) - Current Thread is interrupted, shutting down HB processing thread for Node Manager.
2019-11-13 13:13:17,376 [main] INFO  server.StorageContainerManager (StorageContainerManager.java:stop(824)) - Stopping block service RPC server
2019-11-13 13:13:17,377 [main] INFO  server.SCMBlockProtocolServer (SCMBlockProtocolServer.java:stop(155)) - Stopping the RPC server for Block Protocol
2019-11-13 13:13:17,377 [main] INFO  ipc.Server (Server.java:stop(3082)) - Stopping server on 43415
2019-11-13 13:13:17,378 [IPC Server listener on 43415] INFO  ipc.Server (Server.java:run(1185)) - Stopping IPC Server listener on 43415
2019-11-13 13:13:17,379 [main] INFO  server.StorageContainerManager (StorageContainerManager.java:stop(831)) - Stopping the StorageContainerLocationProtocol RPC server
2019-11-13 13:13:17,380 [IPC Server Responder] INFO  ipc.Server (Server.java:run(1319)) - Stopping IPC Server Responder
2019-11-13 13:13:17,380 [main] INFO  server.SCMClientProtocolServer (SCMClientProtocolServer.java:stop(168)) - Stopping the RPC server for Client Protocol
2019-11-13 13:13:17,380 [main] INFO  ipc.Server (Server.java:stop(3082)) - Stopping server on 40253
2019-11-13 13:13:17,381 [IPC Server listener on 40253] INFO  ipc.Server (Server.java:run(1185)) - Stopping IPC Server listener on 40253
2019-11-13 13:13:17,381 [main] INFO  server.StorageContainerManager (StorageContainerManager.java:stop(838)) - Stopping Storage Container Manager HTTP server.
2019-11-13 13:13:17,382 [IPC Server Responder] INFO  ipc.Server (Server.java:run(1319)) - Stopping IPC Server Responder
2019-11-13 13:13:17,383 [main] INFO  handler.ContextHandler (ContextHandler.java:doStop(910)) - Stopped o.e.j.w.WebAppContext@3150ee7f{/,null,UNAVAILABLE}{/scm}
2019-11-13 13:13:17,384 [main] INFO  server.AbstractConnector (AbstractConnector.java:doStop(318)) - Stopped ServerConnector@3a78118a{HTTP/1.1,[http/1.1]}{0.0.0.0:0}
2019-11-13 13:13:17,384 [main] INFO  handler.ContextHandler (ContextHandler.java:doStop(910)) - Stopped o.e.j.s.ServletContextHandler@58130f73{/static,file:///workdir/hadoop-ozone/integration-test/target/test-classes/webapps/static,UNAVAILABLE}
2019-11-13 13:13:17,384 [main] INFO  handler.ContextHandler (ContextHandler.java:doStop(910)) - Stopped o.e.j.s.ServletContextHandler@7837d2ce{/logs,file:///workdir/hadoop-ozone/integration-test/target/log,UNAVAILABLE}
2019-11-13 13:13:17,385 [main] INFO  server.StorageContainerManager (StorageContainerManager.java:stop(849)) - Stopping Block Manager Service.
2019-11-13 13:13:17,386 [main] INFO  utils.BackgroundService (BackgroundService.java:shutdown(151)) - Shutting down service SCMBlockDeletingService
2019-11-13 13:13:17,386 [main] INFO  utils.BackgroundService (BackgroundService.java:shutdown(151)) - Shutting down service SCMBlockDeletingService
2019-11-13 13:13:17,387 [main] INFO  server.StorageContainerManager (StorageContainerManager.java:stop(871)) - Stopping SCM Event Queue.
2019-11-13 13:13:17,395 [main] INFO  impl.MetricsSystemImpl (MetricsSystemImpl.java:stop(210)) - Stopping HddsDatanode metrics system...
2019-11-13 13:13:17,399 [prometheus] INFO  impl.MetricsSinkAdapter (MetricsSinkAdapter.java:publishMetricsFromQueue(141)) - prometheus thread interrupted.
2019-11-13 13:13:17,399 [main] INFO  impl.MetricsSystemImpl (MetricsSystemImpl.java:stop(216)) - HddsDatanode metrics system stopped.
]]></system-out>
    <system-err><![CDATA[ERROR StatusLogger No Log4j 2 configuration file found. Using default configuration (logging only errors to the console), or user programmatically provided configurations. Set system property 'log4j2.debug' to show Log4j 2 internal initialization logging. See https://logging.apache.org/log4j/2.x/manual/configuration.html for instructions on how to configure Log4j 2
]]></system-err>
  </testcase>
  <testcase name="testDNstartAfterSCM" classname="org.apache.hadoop.ozone.TestMiniOzoneCluster" time="61.283"/>
  <testcase name="testDatanodeIDPersistent" classname="org.apache.hadoop.ozone.TestMiniOzoneCluster" time="0.021"/>
  <testcase name="testContainerRandomPort" classname="org.apache.hadoop.ozone.TestMiniOzoneCluster" time="0.26"/>
</testsuite>