<?xml version="1.0" encoding="UTF-8"?>
<testsuite xmlns:xsi="http://www.w3.org/2001/XMLSchema-instance" xsi:noNamespaceSchemaLocation="https://maven.apache.org/surefire/maven-surefire-plugin/xsd/surefire-test-report.xsd" name="org.apache.hadoop.ozone.client.rpc.TestFailureHandlingByClient" time="281.068" tests="5" errors="1" skipped="0" failures="0">
  <properties>
    <property name="awt.toolkit" value="sun.awt.X11.XToolkit"/>
    <property name="file.encoding.pkg" value="sun.io"/>
    <property name="java.specification.version" value="1.8"/>
    <property name="sun.cpu.isalist" value=""/>
    <property name="sun.jnu.encoding" value="ANSI_X3.4-1968"/>
    <property name="java.class.path" value="/workdir/hadoop-ozone/integration-test/target/test-classes:/workdir/hadoop-ozone/integration-test/target/classes:/home/user/.m2/repository/org/apache/hadoop/hadoop-ozone-common/0.5.0-SNAPSHOT/hadoop-ozone-common-0.5.0-SNAPSHOT.jar:/home/user/.m2/repository/org/apache/commons/commons-compress/1.4.1/commons-compress-1.4.1.jar:/home/user/.m2/repository/org/tukaani/xz/1.0/xz-1.0.jar:/home/user/.m2/repository/org/apache/hadoop/hadoop-common/3.2.0/hadoop-common-3.2.0.jar:/home/user/.m2/repository/org/apache/hadoop/hadoop-hdfs/3.2.0/hadoop-hdfs-3.2.0.jar:/home/user/.m2/repository/org/apache/hadoop/hadoop-hdfs-client/3.2.0/hadoop-hdfs-client-3.2.0.jar:/home/user/.m2/repository/com/fasterxml/jackson/core/jackson-annotations/2.9.9/jackson-annotations-2.9.9.jar:/home/user/.m2/repository/org/apache/hadoop/hadoop-hdds-common/0.5.0-SNAPSHOT/hadoop-hdds-common-0.5.0-SNAPSHOT.jar:/home/user/.m2/repository/javax/annotation/javax.annotation-api/1.2/javax.annotation-api-1.2.jar:/home/user/.m2/repository/org/apache/ratis/ratis-server/0.5.0-d6d58d0-SNAPSHOT/ratis-server-0.5.0-d6d58d0-SNAPSHOT.jar:/home/user/.m2/repository/org/apache/ratis/ratis-thirdparty-misc/0.2.0/ratis-thirdparty-misc-0.2.0.jar:/home/user/.m2/repository/org/apache/ratis/ratis-proto/0.5.0-d6d58d0-SNAPSHOT/ratis-proto-0.5.0-d6d58d0-SNAPSHOT.jar:/home/user/.m2/repository/org/apache/ratis/ratis-common/0.5.0-d6d58d0-SNAPSHOT/ratis-common-0.5.0-d6d58d0-SNAPSHOT.jar:/home/user/.m2/repository/org/apache/ratis/ratis-client/0.5.0-d6d58d0-SNAPSHOT/ratis-client-0.5.0-d6d58d0-SNAPSHOT.jar:/home/user/.m2/repository/org/apache/ratis/ratis-metrics/0.5.0-d6d58d0-SNAPSHOT/ratis-metrics-0.5.0-d6d58d0-SNAPSHOT.jar:/home/user/.m2/repository/org/apache/ratis/ratis-netty/0.5.0-d6d58d0-SNAPSHOT/ratis-netty-0.5.0-d6d58d0-SNAPSHOT.jar:/home/user/.m2/repository/org/apache/ratis/ratis-grpc/0.5.0-d6d58d0-SNAPSHOT/ratis-grpc-0.5.0-d6d58d0-SNAPSHOT.jar:/home/user/.m2/repository/org/rocksdb/rocksdbjni/6.0.1/rocksdbjni-6.0.1.jar:/home/user/.m2/repository/org/apache/logging/log4j/log4j-api/2.11.0/log4j-api-2.11.0.jar:/home/user/.m2/repository/org/apache/logging/log4j/log4j-core/2.11.0/log4j-core-2.11.0.jar:/home/user/.m2/repository/com/lmax/disruptor/3.4.2/disruptor-3.4.2.jar:/home/user/.m2/repository/org/apache/commons/commons-pool2/2.6.0/commons-pool2-2.6.0.jar:/home/user/.m2/repository/org/bouncycastle/bcpkix-jdk15on/1.60/bcpkix-jdk15on-1.60.jar:/home/user/.m2/repository/commons-validator/commons-validator/1.6/commons-validator-1.6.jar:/home/user/.m2/repository/commons-digester/commons-digester/1.8.1/commons-digester-1.8.1.jar:/home/user/.m2/repository/io/jaegertracing/jaeger-client/0.34.0/jaeger-client-0.34.0.jar:/home/user/.m2/repository/io/jaegertracing/jaeger-thrift/0.34.0/jaeger-thrift-0.34.0.jar:/home/user/.m2/repository/org/apache/thrift/libthrift/0.12.0/libthrift-0.12.0.jar:/home/user/.m2/repository/com/squareup/okhttp3/okhttp/3.9.0/okhttp-3.9.0.jar:/home/user/.m2/repository/com/squareup/okio/okio/1.13.0/okio-1.13.0.jar:/home/user/.m2/repository/io/jaegertracing/jaeger-core/0.34.0/jaeger-core-0.34.0.jar:/home/user/.m2/repository/io/jaegertracing/jaeger-tracerresolver/0.34.0/jaeger-tracerresolver-0.34.0.jar:/home/user/.m2/repository/io/opentracing/contrib/opentracing-tracerresolver/0.1.5/opentracing-tracerresolver-0.1.5.jar:/home/user/.m2/repository/io/opentracing/opentracing-util/0.31.0/opentracing-util-0.31.0.jar:/home/user/.m2/repository/io/opentracing/opentracing-api/0.31.0/opentracing-api-0.31.0.jar:/home/user/.m2/repository/io/opentracing/opentracing-noop/0.31.0/opentracing-noop-0.31.0.jar:/home/user/.m2/repository/org/apache/hadoop/hadoop-hdds-server-framework/0.5.0-SNAPSHOT/hadoop-hdds-server-framework-0.5.0-SNAPSHOT.jar:/home/user/.m2/repository/org/apache/hadoop/hadoop-hdds-container-service/0.5.0-SNAPSHOT/hadoop-hdds-container-service-0.5.0-SNAPSHOT.jar:/home/user/.m2/repository/org/apache/hadoop/hadoop-hdds-client/0.5.0-SNAPSHOT/hadoop-hdds-client-0.5.0-SNAPSHOT.jar:/home/user/.m2/repository/org/apache/hadoop/hadoop-hdds-tools/0.5.0-SNAPSHOT/hadoop-hdds-tools-0.5.0-SNAPSHOT.jar:/home/user/.m2/repository/org/apache/hadoop/hadoop-hdds-server-scm/0.5.0-SNAPSHOT/hadoop-hdds-server-scm-0.5.0-SNAPSHOT.jar:/home/user/.m2/repository/org/apache/hadoop/hadoop-hdds-docs/0.5.0-SNAPSHOT/hadoop-hdds-docs-0.5.0-SNAPSHOT.jar:/home/user/.m2/repository/io/dropwizard/metrics/metrics-core/3.2.4/metrics-core-3.2.4.jar:/home/user/.m2/repository/org/hamcrest/hamcrest-all/1.3/hamcrest-all-1.3.jar:/home/user/.m2/repository/org/bouncycastle/bcprov-jdk15on/1.60/bcprov-jdk15on-1.60.jar:/home/user/.m2/repository/info/picocli/picocli/3.9.6/picocli-3.9.6.jar:/home/user/.m2/repository/com/google/protobuf/protobuf-java/2.5.0/protobuf-java-2.5.0.jar:/home/user/.m2/repository/com/google/guava/guava/11.0.2/guava-11.0.2.jar:/home/user/.m2/repository/org/apache/hadoop/hadoop-ozone-ozone-manager/0.5.0-SNAPSHOT/hadoop-ozone-ozone-manager-0.5.0-SNAPSHOT.jar:/home/user/.m2/repository/org/apache/hadoop/hadoop-minikdc/3.2.0/hadoop-minikdc-3.2.0.jar:/home/user/.m2/repository/commons-io/commons-io/2.5/commons-io-2.5.jar:/home/user/.m2/repository/org/apache/kerby/kerb-simplekdc/1.0.1/kerb-simplekdc-1.0.1.jar:/home/user/.m2/repository/org/apache/kerby/kerb-client/1.0.1/kerb-client-1.0.1.jar:/home/user/.m2/repository/org/apache/kerby/kerby-config/1.0.1/kerby-config-1.0.1.jar:/home/user/.m2/repository/org/apache/kerby/kerb-core/1.0.1/kerb-core-1.0.1.jar:/home/user/.m2/repository/org/apache/kerby/kerby-pkix/1.0.1/kerby-pkix-1.0.1.jar:/home/user/.m2/repository/org/apache/kerby/kerby-asn1/1.0.1/kerby-asn1-1.0.1.jar:/home/user/.m2/repository/org/apache/kerby/kerby-util/1.0.1/kerby-util-1.0.1.jar:/home/user/.m2/repository/org/apache/kerby/kerb-common/1.0.1/kerb-common-1.0.1.jar:/home/user/.m2/repository/org/apache/kerby/kerb-crypto/1.0.1/kerb-crypto-1.0.1.jar:/home/user/.m2/repository/org/apache/kerby/kerb-util/1.0.1/kerb-util-1.0.1.jar:/home/user/.m2/repository/org/apache/kerby/token-provider/1.0.1/token-provider-1.0.1.jar:/home/user/.m2/repository/org/apache/kerby/kerb-admin/1.0.1/kerb-admin-1.0.1.jar:/home/user/.m2/repository/org/apache/kerby/kerb-server/1.0.1/kerb-server-1.0.1.jar:/home/user/.m2/repository/org/apache/kerby/kerb-identity/1.0.1/kerb-identity-1.0.1.jar:/home/user/.m2/repository/org/apache/kerby/kerby-xdr/1.0.1/kerby-xdr-1.0.1.jar:/home/user/.m2/repository/org/slf4j/slf4j-log4j12/1.7.25/slf4j-log4j12-1.7.25.jar:/home/user/.m2/repository/org/apache/hadoop/hadoop-ozone-s3gateway/0.5.0-SNAPSHOT/hadoop-ozone-s3gateway-0.5.0-SNAPSHOT.jar:/home/user/.m2/repository/org/jboss/weld/servlet/weld-servlet/2.4.7.Final/weld-servlet-2.4.7.Final.jar:/home/user/.m2/repository/org/glassfish/jersey/containers/jersey-container-servlet-core/2.27/jersey-container-servlet-core-2.27.jar:/home/user/.m2/repository/org/glassfish/hk2/external/javax.inject/2.5.0-b42/javax.inject-2.5.0-b42.jar:/home/user/.m2/repository/org/glassfish/jersey/core/jersey-common/2.27/jersey-common-2.27.jar:/home/user/.m2/repository/org/glassfish/hk2/osgi-resource-locator/1.0.1/osgi-resource-locator-1.0.1.jar:/home/user/.m2/repository/javax/ws/rs/javax.ws.rs-api/2.1/javax.ws.rs-api-2.1.jar:/home/user/.m2/repository/org/glassfish/jersey/ext/cdi/jersey-cdi1x/2.27/jersey-cdi1x-2.27.jar:/home/user/.m2/repository/org/glassfish/jersey/inject/jersey-hk2/2.27/jersey-hk2-2.27.jar:/home/user/.m2/repository/org/glassfish/hk2/hk2-locator/2.5.0-b42/hk2-locator-2.5.0-b42.jar:/home/user/.m2/repository/org/javassist/javassist/3.22.0-CR2/javassist-3.22.0-CR2.jar:/home/user/.m2/repository/org/glassfish/hk2/hk2-api/2.5.0/hk2-api-2.5.0.jar:/home/user/.m2/repository/org/glassfish/hk2/external/jakarta.inject/2.5.0/jakarta.inject-2.5.0.jar:/home/user/.m2/repository/org/glassfish/hk2/hk2-utils/2.5.0/hk2-utils-2.5.0.jar:/home/user/.m2/repository/jakarta/annotation/jakarta.annotation-api/1.3.4/jakarta.annotation-api-1.3.4.jar:/home/user/.m2/repository/org/glassfish/hk2/external/aopalliance-repackaged/2.5.0/aopalliance-repackaged-2.5.0.jar:/home/user/.m2/repository/com/fasterxml/jackson/dataformat/jackson-dataformat-xml/2.9.0/jackson-dataformat-xml-2.9.0.jar:/home/user/.m2/repository/com/fasterxml/jackson/core/jackson-core/2.9.9/jackson-core-2.9.9.jar:/home/user/.m2/repository/com/fasterxml/jackson/module/jackson-module-jaxb-annotations/2.9.9/jackson-module-jaxb-annotations-2.9.9.jar:/home/user/.m2/repository/javax/enterprise/cdi-api/1.2/cdi-api-1.2.jar:/home/user/.m2/repository/javax/el/javax.el-api/3.0.0/javax.el-api-3.0.0.jar:/home/user/.m2/repository/javax/interceptor/javax.interceptor-api/1.2/javax.interceptor-api-1.2.jar:/home/user/.m2/repository/javax/inject/javax.inject/1/javax.inject-1.jar:/home/user/.m2/repository/com/sun/xml/bind/jaxb-impl/2.3.0.1/jaxb-impl-2.3.0.1.jar:/home/user/.m2/repository/com/sun/xml/bind/jaxb-core/2.3.0.1/jaxb-core-2.3.0.1.jar:/home/user/.m2/repository/javax/xml/bind/jaxb-api/2.3.0/jaxb-api-2.3.0.jar:/home/user/.m2/repository/javax/activation/activation/1.1.1/activation-1.1.1.jar:/home/user/.m2/repository/org/apache/hadoop/hadoop-ozone-csi/0.5.0-SNAPSHOT/hadoop-ozone-csi-0.5.0-SNAPSHOT.jar:/home/user/.m2/repository/com/google/protobuf/protobuf-java-util/3.5.1/protobuf-java-util-3.5.1.jar:/home/user/.m2/repository/org/apache/hadoop/hadoop-hdds-config/0.5.0-SNAPSHOT/hadoop-hdds-config-0.5.0-SNAPSHOT.jar:/home/user/.m2/repository/io/grpc/grpc-netty/1.17.1/grpc-netty-1.17.1.jar:/home/user/.m2/repository/io/grpc/grpc-core/1.17.1/grpc-core-1.17.1.jar:/home/user/.m2/repository/io/grpc/grpc-context/1.17.1/grpc-context-1.17.1.jar:/home/user/.m2/repository/com/google/errorprone/error_prone_annotations/2.2.0/error_prone_annotations-2.2.0.jar:/home/user/.m2/repository/org/codehaus/mojo/animal-sniffer-annotations/1.17/animal-sniffer-annotations-1.17.jar:/home/user/.m2/repository/io/opencensus/opencensus-api/0.17.0/opencensus-api-0.17.0.jar:/home/user/.m2/repository/io/opencensus/opencensus-contrib-grpc-metrics/0.17.0/opencensus-contrib-grpc-metrics-0.17.0.jar:/home/user/.m2/repository/io/netty/netty-codec-http2/4.1.30.Final/netty-codec-http2-4.1.30.Final.jar:/home/user/.m2/repository/io/netty/netty-codec-http/4.1.30.Final/netty-codec-http-4.1.30.Final.jar:/home/user/.m2/repository/io/netty/netty-codec/4.1.30.Final/netty-codec-4.1.30.Final.jar:/home/user/.m2/repository/io/netty/netty-handler/4.1.30.Final/netty-handler-4.1.30.Final.jar:/home/user/.m2/repository/io/netty/netty-handler-proxy/4.1.30.Final/netty-handler-proxy-4.1.30.Final.jar:/home/user/.m2/repository/io/netty/netty-codec-socks/4.1.30.Final/netty-codec-socks-4.1.30.Final.jar:/home/user/.m2/repository/io/netty/netty-transport-native-epoll/4.1.30.Final/netty-transport-native-epoll-4.1.30.Final.jar:/home/user/.m2/repository/io/netty/netty-common/4.1.30.Final/netty-common-4.1.30.Final.jar:/home/user/.m2/repository/io/netty/netty-buffer/4.1.30.Final/netty-buffer-4.1.30.Final.jar:/home/user/.m2/repository/io/netty/netty-transport/4.1.30.Final/netty-transport-4.1.30.Final.jar:/home/user/.m2/repository/io/netty/netty-resolver/4.1.30.Final/netty-resolver-4.1.30.Final.jar:/home/user/.m2/repository/io/netty/netty-transport-native-unix-common/4.1.30.Final/netty-transport-native-unix-common-4.1.30.Final.jar:/home/user/.m2/repository/io/grpc/grpc-protobuf/1.17.1/grpc-protobuf-1.17.1.jar:/home/user/.m2/repository/com/google/api/grpc/proto-google-common-protos/1.0.0/proto-google-common-protos-1.0.0.jar:/home/user/.m2/repository/io/grpc/grpc-protobuf-lite/1.17.1/grpc-protobuf-lite-1.17.1.jar:/home/user/.m2/repository/io/grpc/grpc-stub/1.17.1/grpc-stub-1.17.1.jar:/home/user/.m2/repository/org/apache/hadoop/hadoop-ozone-recon/0.5.0-SNAPSHOT/hadoop-ozone-recon-0.5.0-SNAPSHOT.jar:/home/user/.m2/repository/org/apache/hadoop/hadoop-ozone-reconcodegen/0.5.0-SNAPSHOT/hadoop-ozone-reconcodegen-0.5.0-SNAPSHOT.jar:/home/user/.m2/repository/com/google/inject/extensions/guice-multibindings/4.0/guice-multibindings-4.0.jar:/home/user/.m2/repository/com/google/inject/guice/4.0/guice-4.0.jar:/home/user/.m2/repository/aopalliance/aopalliance/1.0/aopalliance-1.0.jar:/home/user/.m2/repository/com/google/inject/extensions/guice-servlet/4.0/guice-servlet-4.0.jar:/home/user/.m2/repository/org/glassfish/jersey/containers/jersey-container-servlet/2.27/jersey-container-servlet-2.27.jar:/home/user/.m2/repository/org/glassfish/hk2/guice-bridge/2.5.0/guice-bridge-2.5.0.jar:/home/user/.m2/repository/org/glassfish/jersey/core/jersey-server/2.27/jersey-server-2.27.jar:/home/user/.m2/repository/org/glassfish/jersey/core/jersey-client/2.27/jersey-client-2.27.jar:/home/user/.m2/repository/org/glassfish/jersey/media/jersey-media-jaxb/2.27/jersey-media-jaxb-2.27.jar:/home/user/.m2/repository/javax/validation/validation-api/1.1.0.Final/validation-api-1.1.0.Final.jar:/home/user/.m2/repository/org/glassfish/jersey/media/jersey-media-json-jackson/2.27/jersey-media-json-jackson-2.27.jar:/home/user/.m2/repository/org/glassfish/jersey/ext/jersey-entity-filtering/2.27/jersey-entity-filtering-2.27.jar:/home/user/.m2/repository/com/google/inject/extensions/guice-assistedinject/4.0/guice-assistedinject-4.0.jar:/home/user/.m2/repository/org/jooq/jooq/3.11.10/jooq-3.11.10.jar:/home/user/.m2/repository/org/jooq/jooq-meta/3.11.10/jooq-meta-3.11.10.jar:/home/user/.m2/repository/org/jooq/jooq-codegen/3.11.10/jooq-codegen-3.11.10.jar:/home/user/.m2/repository/com/jolbox/bonecp/0.8.0.RELEASE/bonecp-0.8.0.RELEASE.jar:/home/user/.m2/repository/org/xerial/sqlite-jdbc/3.25.2/sqlite-jdbc-3.25.2.jar:/home/user/.m2/repository/org/springframework/spring-jdbc/5.1.3.RELEASE/spring-jdbc-5.1.3.RELEASE.jar:/home/user/.m2/repository/org/springframework/spring-beans/5.1.3.RELEASE/spring-beans-5.1.3.RELEASE.jar:/home/user/.m2/repository/org/springframework/spring-core/5.1.3.RELEASE/spring-core-5.1.3.RELEASE.jar:/home/user/.m2/repository/org/springframework/spring-jcl/5.1.3.RELEASE/spring-jcl-5.1.3.RELEASE.jar:/home/user/.m2/repository/org/springframework/spring-tx/5.1.3.RELEASE/spring-tx-5.1.3.RELEASE.jar:/home/user/.m2/repository/org/apache/hadoop/hadoop-ozone-client/0.5.0-SNAPSHOT/hadoop-ozone-client-0.5.0-SNAPSHOT.jar:/home/user/.m2/repository/commons-lang/commons-lang/2.6/commons-lang-2.6.jar:/home/user/.m2/repository/org/apache/hadoop/hadoop-ozone-ozone-manager/0.5.0-SNAPSHOT/hadoop-ozone-ozone-manager-0.5.0-SNAPSHOT-tests.jar:/home/user/.m2/repository/junit/junit/4.11/junit-4.11.jar:/home/user/.m2/repository/org/hamcrest/hamcrest-core/1.3/hamcrest-core-1.3.jar:/home/user/.m2/repository/org/openjdk/jmh/jmh-core/1.19/jmh-core-1.19.jar:/home/user/.m2/repository/net/sf/jopt-simple/jopt-simple/4.6/jopt-simple-4.6.jar:/home/user/.m2/repository/org/apache/commons/commons-math3/3.1.1/commons-math3-3.1.1.jar:/home/user/.m2/repository/org/openjdk/jmh/jmh-generator-annprocess/1.19/jmh-generator-annprocess-1.19.jar:/home/user/.m2/repository/org/mockito/mockito-all/1.8.5/mockito-all-1.8.5.jar:/home/user/.m2/repository/org/apache/hadoop/hadoop-kms/3.2.0/hadoop-kms-3.2.0.jar:/home/user/.m2/repository/org/apache/hadoop/hadoop-auth/3.2.0/hadoop-auth-3.2.0.jar:/home/user/.m2/repository/com/nimbusds/nimbus-jose-jwt/4.41.1/nimbus-jose-jwt-4.41.1.jar:/home/user/.m2/repository/com/github/stephenc/jcip/jcip-annotations/1.0-1/jcip-annotations-1.0-1.jar:/home/user/.m2/repository/net/minidev/json-smart/2.3/json-smart-2.3.jar:/home/user/.m2/repository/net/minidev/accessors-smart/1.2/accessors-smart-1.2.jar:/home/user/.m2/repository/org/ow2/asm/asm/5.0.4/asm-5.0.4.jar:/home/user/.m2/repository/org/apache/curator/curator-framework/2.12.0/curator-framework-2.12.0.jar:/home/user/.m2/repository/com/sun/jersey/jersey-core/1.19/jersey-core-1.19.jar:/home/user/.m2/repository/javax/ws/rs/jsr311-api/1.1.1/jsr311-api-1.1.1.jar:/home/user/.m2/repository/com/sun/jersey/jersey-server/1.19/jersey-server-1.19.jar:/home/user/.m2/repository/javax/servlet/javax.servlet-api/3.1.0/javax.servlet-api-3.1.0.jar:/home/user/.m2/repository/org/eclipse/jetty/jetty-server/9.3.25.v20180904/jetty-server-9.3.25.v20180904.jar:/home/user/.m2/repository/org/eclipse/jetty/jetty-http/9.3.25.v20180904/jetty-http-9.3.25.v20180904.jar:/home/user/.m2/repository/org/eclipse/jetty/jetty-io/9.3.25.v20180904/jetty-io-9.3.25.v20180904.jar:/home/user/.m2/repository/org/eclipse/jetty/jetty-webapp/9.3.25.v20180904/jetty-webapp-9.3.25.v20180904.jar:/home/user/.m2/repository/org/eclipse/jetty/jetty-xml/9.3.25.v20180904/jetty-xml-9.3.25.v20180904.jar:/home/user/.m2/repository/log4j/log4j/1.2.17/log4j-1.2.17.jar:/home/user/.m2/repository/org/slf4j/slf4j-api/1.7.25/slf4j-api-1.7.25.jar:/home/user/.m2/repository/org/slf4j/jul-to-slf4j/1.7.25/jul-to-slf4j-1.7.25.jar:/home/user/.m2/repository/org/eclipse/jetty/jetty-util/9.3.25.v20180904/jetty-util-9.3.25.v20180904.jar:/home/user/.m2/repository/com/fasterxml/jackson/core/jackson-databind/2.9.9/jackson-databind-2.9.9.jar:/home/user/.m2/repository/org/apache/hadoop/hadoop-kms/3.2.0/hadoop-kms-3.2.0-tests.jar:/home/user/.m2/repository/org/apache/hadoop/hadoop-hdds-server-scm/0.5.0-SNAPSHOT/hadoop-hdds-server-scm-0.5.0-SNAPSHOT-tests.jar:/home/user/.m2/repository/org/apache/hadoop/hadoop-hdds-container-service/0.5.0-SNAPSHOT/hadoop-hdds-container-service-0.5.0-SNAPSHOT-tests.jar:/home/user/.m2/repository/org/yaml/snakeyaml/1.16/snakeyaml-1.16.jar:/home/user/.m2/repository/org/apache/hadoop/hadoop-common/3.2.0/hadoop-common-3.2.0-tests.jar:/home/user/.m2/repository/org/apache/hadoop/hadoop-annotations/3.2.0/hadoop-annotations-3.2.0.jar:/usr/lib/jvm/java-1.8.0-openjdk-1.8.0.222.b10-1.el7_7.x86_64/jre/../lib/tools.jar:/home/user/.m2/repository/commons-cli/commons-cli/1.2/commons-cli-1.2.jar:/home/user/.m2/repository/org/apache/httpcomponents/httpclient/4.5.2/httpclient-4.5.2.jar:/home/user/.m2/repository/org/apache/httpcomponents/httpcore/4.4.4/httpcore-4.4.4.jar:/home/user/.m2/repository/commons-codec/commons-codec/1.11/commons-codec-1.11.jar:/home/user/.m2/repository/commons-net/commons-net/3.6/commons-net-3.6.jar:/home/user/.m2/repository/commons-collections/commons-collections/3.2.2/commons-collections-3.2.2.jar:/home/user/.m2/repository/org/eclipse/jetty/jetty-servlet/9.3.25.v20180904/jetty-servlet-9.3.25.v20180904.jar:/home/user/.m2/repository/org/eclipse/jetty/jetty-security/9.3.25.v20180904/jetty-security-9.3.25.v20180904.jar:/home/user/.m2/repository/javax/servlet/jsp/jsp-api/2.1/jsp-api-2.1.jar:/home/user/.m2/repository/com/sun/jersey/jersey-servlet/1.19/jersey-servlet-1.19.jar:/home/user/.m2/repository/com/sun/jersey/jersey-json/1.19/jersey-json-1.19.jar:/home/user/.m2/repository/org/codehaus/jettison/jettison/1.1/jettison-1.1.jar:/home/user/.m2/repository/org/codehaus/jackson/jackson-core-asl/1.9.13/jackson-core-asl-1.9.13.jar:/home/user/.m2/repository/org/codehaus/jackson/jackson-mapper-asl/1.9.13/jackson-mapper-asl-1.9.13.jar:/home/user/.m2/repository/org/codehaus/jackson/jackson-jaxrs/1.9.13/jackson-jaxrs-1.9.13.jar:/home/user/.m2/repository/org/codehaus/jackson/jackson-xc/1.9.13/jackson-xc-1.9.13.jar:/home/user/.m2/repository/commons-logging/commons-logging/1.1.3/commons-logging-1.1.3.jar:/home/user/.m2/repository/commons-beanutils/commons-beanutils/1.9.4/commons-beanutils-1.9.4.jar:/home/user/.m2/repository/org/apache/commons/commons-configuration2/2.1.1/commons-configuration2-2.1.1.jar:/home/user/.m2/repository/org/apache/commons/commons-lang3/3.7/commons-lang3-3.7.jar:/home/user/.m2/repository/org/apache/commons/commons-text/1.4/commons-text-1.4.jar:/home/user/.m2/repository/org/apache/avro/avro/1.7.7/avro-1.7.7.jar:/home/user/.m2/repository/com/thoughtworks/paranamer/paranamer/2.3/paranamer-2.3.jar:/home/user/.m2/repository/org/xerial/snappy/snappy-java/1.0.5/snappy-java-1.0.5.jar:/home/user/.m2/repository/com/google/re2j/re2j/1.1/re2j-1.1.jar:/home/user/.m2/repository/com/google/code/gson/gson/2.2.4/gson-2.2.4.jar:/home/user/.m2/repository/com/jcraft/jsch/0.1.54/jsch-0.1.54.jar:/home/user/.m2/repository/org/apache/curator/curator-client/2.12.0/curator-client-2.12.0.jar:/home/user/.m2/repository/org/apache/curator/curator-recipes/2.12.0/curator-recipes-2.12.0.jar:/home/user/.m2/repository/com/google/code/findbugs/jsr305/3.0.0/jsr305-3.0.0.jar:/home/user/.m2/repository/org/apache/htrace/htrace-core4/4.1.0-incubating/htrace-core4-4.1.0-incubating.jar:/home/user/.m2/repository/org/apache/zookeeper/zookeeper/3.4.13/zookeeper-3.4.13.jar:/home/user/.m2/repository/jline/jline/0.9.94/jline-0.9.94.jar:/home/user/.m2/repository/org/apache/yetus/audience-annotations/0.5.0/audience-annotations-0.5.0.jar:/home/user/.m2/repository/org/codehaus/woodstox/stax2-api/3.1.4/stax2-api-3.1.4.jar:/home/user/.m2/repository/com/fasterxml/woodstox/woodstox-core/5.0.3/woodstox-core-5.0.3.jar:/home/user/.m2/repository/dnsjava/dnsjava/2.1.7/dnsjava-2.1.7.jar:/home/user/.m2/repository/org/apache/hadoop/hadoop-hdfs/3.2.0/hadoop-hdfs-3.2.0-tests.jar:/home/user/.m2/repository/org/eclipse/jetty/jetty-util-ajax/9.3.25.v20180904/jetty-util-ajax-9.3.25.v20180904.jar:/home/user/.m2/repository/commons-daemon/commons-daemon/1.0.13/commons-daemon-1.0.13.jar:/home/user/.m2/repository/io/netty/netty/3.10.5.Final/netty-3.10.5.Final.jar:/home/user/.m2/repository/io/netty/netty-all/4.0.52.Final/netty-all-4.0.52.Final.jar:/home/user/.m2/repository/org/fusesource/leveldbjni/leveldbjni-all/1.8/leveldbjni-all-1.8.jar:"/>
    <property name="java.vm.vendor" value="Oracle Corporation"/>
    <property name="sun.arch.data.model" value="64"/>
    <property name="test.build.dir" value="/workdir/hadoop-ozone/integration-test/target/test-dir"/>
    <property name="test.cache.data" value=""/>
    <property name="java.vendor.url" value="http://java.oracle.com/"/>
    <property name="user.timezone" value=""/>
    <property name="java.vm.specification.version" value="1.8"/>
    <property name="os.name" value="Linux"/>
    <property name="test.build.data" value="/workdir/hadoop-ozone/integration-test/target/test-dir"/>
    <property name="user.country" value="US"/>
    <property name="sun.java.launcher" value="SUN_STANDARD"/>
    <property name="sun.boot.library.path" value="/usr/lib/jvm/java-1.8.0-openjdk-1.8.0.222.b10-1.el7_7.x86_64/jre/lib/amd64"/>
    <property name="sun.java.command" value="/workdir/hadoop-ozone/integration-test/target/surefire/surefirebooter7564346075726082386.jar /workdir/hadoop-ozone/integration-test/target/surefire 2019-11-13T12-19-57_348-jvmRun1 surefire7535250726781212852tmp surefire_348334775211262027685tmp"/>
    <property name="surefire.test.class.path" value="/workdir/hadoop-ozone/integration-test/target/test-classes:/workdir/hadoop-ozone/integration-test/target/classes:/home/user/.m2/repository/org/apache/hadoop/hadoop-ozone-common/0.5.0-SNAPSHOT/hadoop-ozone-common-0.5.0-SNAPSHOT.jar:/home/user/.m2/repository/org/apache/commons/commons-compress/1.4.1/commons-compress-1.4.1.jar:/home/user/.m2/repository/org/tukaani/xz/1.0/xz-1.0.jar:/home/user/.m2/repository/org/apache/hadoop/hadoop-common/3.2.0/hadoop-common-3.2.0.jar:/home/user/.m2/repository/org/apache/hadoop/hadoop-hdfs/3.2.0/hadoop-hdfs-3.2.0.jar:/home/user/.m2/repository/org/apache/hadoop/hadoop-hdfs-client/3.2.0/hadoop-hdfs-client-3.2.0.jar:/home/user/.m2/repository/com/fasterxml/jackson/core/jackson-annotations/2.9.9/jackson-annotations-2.9.9.jar:/home/user/.m2/repository/org/apache/hadoop/hadoop-hdds-common/0.5.0-SNAPSHOT/hadoop-hdds-common-0.5.0-SNAPSHOT.jar:/home/user/.m2/repository/javax/annotation/javax.annotation-api/1.2/javax.annotation-api-1.2.jar:/home/user/.m2/repository/org/apache/ratis/ratis-server/0.5.0-d6d58d0-SNAPSHOT/ratis-server-0.5.0-d6d58d0-SNAPSHOT.jar:/home/user/.m2/repository/org/apache/ratis/ratis-thirdparty-misc/0.2.0/ratis-thirdparty-misc-0.2.0.jar:/home/user/.m2/repository/org/apache/ratis/ratis-proto/0.5.0-d6d58d0-SNAPSHOT/ratis-proto-0.5.0-d6d58d0-SNAPSHOT.jar:/home/user/.m2/repository/org/apache/ratis/ratis-common/0.5.0-d6d58d0-SNAPSHOT/ratis-common-0.5.0-d6d58d0-SNAPSHOT.jar:/home/user/.m2/repository/org/apache/ratis/ratis-client/0.5.0-d6d58d0-SNAPSHOT/ratis-client-0.5.0-d6d58d0-SNAPSHOT.jar:/home/user/.m2/repository/org/apache/ratis/ratis-metrics/0.5.0-d6d58d0-SNAPSHOT/ratis-metrics-0.5.0-d6d58d0-SNAPSHOT.jar:/home/user/.m2/repository/org/apache/ratis/ratis-netty/0.5.0-d6d58d0-SNAPSHOT/ratis-netty-0.5.0-d6d58d0-SNAPSHOT.jar:/home/user/.m2/repository/org/apache/ratis/ratis-grpc/0.5.0-d6d58d0-SNAPSHOT/ratis-grpc-0.5.0-d6d58d0-SNAPSHOT.jar:/home/user/.m2/repository/org/rocksdb/rocksdbjni/6.0.1/rocksdbjni-6.0.1.jar:/home/user/.m2/repository/org/apache/logging/log4j/log4j-api/2.11.0/log4j-api-2.11.0.jar:/home/user/.m2/repository/org/apache/logging/log4j/log4j-core/2.11.0/log4j-core-2.11.0.jar:/home/user/.m2/repository/com/lmax/disruptor/3.4.2/disruptor-3.4.2.jar:/home/user/.m2/repository/org/apache/commons/commons-pool2/2.6.0/commons-pool2-2.6.0.jar:/home/user/.m2/repository/org/bouncycastle/bcpkix-jdk15on/1.60/bcpkix-jdk15on-1.60.jar:/home/user/.m2/repository/commons-validator/commons-validator/1.6/commons-validator-1.6.jar:/home/user/.m2/repository/commons-digester/commons-digester/1.8.1/commons-digester-1.8.1.jar:/home/user/.m2/repository/io/jaegertracing/jaeger-client/0.34.0/jaeger-client-0.34.0.jar:/home/user/.m2/repository/io/jaegertracing/jaeger-thrift/0.34.0/jaeger-thrift-0.34.0.jar:/home/user/.m2/repository/org/apache/thrift/libthrift/0.12.0/libthrift-0.12.0.jar:/home/user/.m2/repository/com/squareup/okhttp3/okhttp/3.9.0/okhttp-3.9.0.jar:/home/user/.m2/repository/com/squareup/okio/okio/1.13.0/okio-1.13.0.jar:/home/user/.m2/repository/io/jaegertracing/jaeger-core/0.34.0/jaeger-core-0.34.0.jar:/home/user/.m2/repository/io/jaegertracing/jaeger-tracerresolver/0.34.0/jaeger-tracerresolver-0.34.0.jar:/home/user/.m2/repository/io/opentracing/contrib/opentracing-tracerresolver/0.1.5/opentracing-tracerresolver-0.1.5.jar:/home/user/.m2/repository/io/opentracing/opentracing-util/0.31.0/opentracing-util-0.31.0.jar:/home/user/.m2/repository/io/opentracing/opentracing-api/0.31.0/opentracing-api-0.31.0.jar:/home/user/.m2/repository/io/opentracing/opentracing-noop/0.31.0/opentracing-noop-0.31.0.jar:/home/user/.m2/repository/org/apache/hadoop/hadoop-hdds-server-framework/0.5.0-SNAPSHOT/hadoop-hdds-server-framework-0.5.0-SNAPSHOT.jar:/home/user/.m2/repository/org/apache/hadoop/hadoop-hdds-container-service/0.5.0-SNAPSHOT/hadoop-hdds-container-service-0.5.0-SNAPSHOT.jar:/home/user/.m2/repository/org/apache/hadoop/hadoop-hdds-client/0.5.0-SNAPSHOT/hadoop-hdds-client-0.5.0-SNAPSHOT.jar:/home/user/.m2/repository/org/apache/hadoop/hadoop-hdds-tools/0.5.0-SNAPSHOT/hadoop-hdds-tools-0.5.0-SNAPSHOT.jar:/home/user/.m2/repository/org/apache/hadoop/hadoop-hdds-server-scm/0.5.0-SNAPSHOT/hadoop-hdds-server-scm-0.5.0-SNAPSHOT.jar:/home/user/.m2/repository/org/apache/hadoop/hadoop-hdds-docs/0.5.0-SNAPSHOT/hadoop-hdds-docs-0.5.0-SNAPSHOT.jar:/home/user/.m2/repository/io/dropwizard/metrics/metrics-core/3.2.4/metrics-core-3.2.4.jar:/home/user/.m2/repository/org/hamcrest/hamcrest-all/1.3/hamcrest-all-1.3.jar:/home/user/.m2/repository/org/bouncycastle/bcprov-jdk15on/1.60/bcprov-jdk15on-1.60.jar:/home/user/.m2/repository/info/picocli/picocli/3.9.6/picocli-3.9.6.jar:/home/user/.m2/repository/com/google/protobuf/protobuf-java/2.5.0/protobuf-java-2.5.0.jar:/home/user/.m2/repository/com/google/guava/guava/11.0.2/guava-11.0.2.jar:/home/user/.m2/repository/org/apache/hadoop/hadoop-ozone-ozone-manager/0.5.0-SNAPSHOT/hadoop-ozone-ozone-manager-0.5.0-SNAPSHOT.jar:/home/user/.m2/repository/org/apache/hadoop/hadoop-minikdc/3.2.0/hadoop-minikdc-3.2.0.jar:/home/user/.m2/repository/commons-io/commons-io/2.5/commons-io-2.5.jar:/home/user/.m2/repository/org/apache/kerby/kerb-simplekdc/1.0.1/kerb-simplekdc-1.0.1.jar:/home/user/.m2/repository/org/apache/kerby/kerb-client/1.0.1/kerb-client-1.0.1.jar:/home/user/.m2/repository/org/apache/kerby/kerby-config/1.0.1/kerby-config-1.0.1.jar:/home/user/.m2/repository/org/apache/kerby/kerb-core/1.0.1/kerb-core-1.0.1.jar:/home/user/.m2/repository/org/apache/kerby/kerby-pkix/1.0.1/kerby-pkix-1.0.1.jar:/home/user/.m2/repository/org/apache/kerby/kerby-asn1/1.0.1/kerby-asn1-1.0.1.jar:/home/user/.m2/repository/org/apache/kerby/kerby-util/1.0.1/kerby-util-1.0.1.jar:/home/user/.m2/repository/org/apache/kerby/kerb-common/1.0.1/kerb-common-1.0.1.jar:/home/user/.m2/repository/org/apache/kerby/kerb-crypto/1.0.1/kerb-crypto-1.0.1.jar:/home/user/.m2/repository/org/apache/kerby/kerb-util/1.0.1/kerb-util-1.0.1.jar:/home/user/.m2/repository/org/apache/kerby/token-provider/1.0.1/token-provider-1.0.1.jar:/home/user/.m2/repository/org/apache/kerby/kerb-admin/1.0.1/kerb-admin-1.0.1.jar:/home/user/.m2/repository/org/apache/kerby/kerb-server/1.0.1/kerb-server-1.0.1.jar:/home/user/.m2/repository/org/apache/kerby/kerb-identity/1.0.1/kerb-identity-1.0.1.jar:/home/user/.m2/repository/org/apache/kerby/kerby-xdr/1.0.1/kerby-xdr-1.0.1.jar:/home/user/.m2/repository/org/slf4j/slf4j-log4j12/1.7.25/slf4j-log4j12-1.7.25.jar:/home/user/.m2/repository/org/apache/hadoop/hadoop-ozone-s3gateway/0.5.0-SNAPSHOT/hadoop-ozone-s3gateway-0.5.0-SNAPSHOT.jar:/home/user/.m2/repository/org/jboss/weld/servlet/weld-servlet/2.4.7.Final/weld-servlet-2.4.7.Final.jar:/home/user/.m2/repository/org/glassfish/jersey/containers/jersey-container-servlet-core/2.27/jersey-container-servlet-core-2.27.jar:/home/user/.m2/repository/org/glassfish/hk2/external/javax.inject/2.5.0-b42/javax.inject-2.5.0-b42.jar:/home/user/.m2/repository/org/glassfish/jersey/core/jersey-common/2.27/jersey-common-2.27.jar:/home/user/.m2/repository/org/glassfish/hk2/osgi-resource-locator/1.0.1/osgi-resource-locator-1.0.1.jar:/home/user/.m2/repository/javax/ws/rs/javax.ws.rs-api/2.1/javax.ws.rs-api-2.1.jar:/home/user/.m2/repository/org/glassfish/jersey/ext/cdi/jersey-cdi1x/2.27/jersey-cdi1x-2.27.jar:/home/user/.m2/repository/org/glassfish/jersey/inject/jersey-hk2/2.27/jersey-hk2-2.27.jar:/home/user/.m2/repository/org/glassfish/hk2/hk2-locator/2.5.0-b42/hk2-locator-2.5.0-b42.jar:/home/user/.m2/repository/org/javassist/javassist/3.22.0-CR2/javassist-3.22.0-CR2.jar:/home/user/.m2/repository/org/glassfish/hk2/hk2-api/2.5.0/hk2-api-2.5.0.jar:/home/user/.m2/repository/org/glassfish/hk2/external/jakarta.inject/2.5.0/jakarta.inject-2.5.0.jar:/home/user/.m2/repository/org/glassfish/hk2/hk2-utils/2.5.0/hk2-utils-2.5.0.jar:/home/user/.m2/repository/jakarta/annotation/jakarta.annotation-api/1.3.4/jakarta.annotation-api-1.3.4.jar:/home/user/.m2/repository/org/glassfish/hk2/external/aopalliance-repackaged/2.5.0/aopalliance-repackaged-2.5.0.jar:/home/user/.m2/repository/com/fasterxml/jackson/dataformat/jackson-dataformat-xml/2.9.0/jackson-dataformat-xml-2.9.0.jar:/home/user/.m2/repository/com/fasterxml/jackson/core/jackson-core/2.9.9/jackson-core-2.9.9.jar:/home/user/.m2/repository/com/fasterxml/jackson/module/jackson-module-jaxb-annotations/2.9.9/jackson-module-jaxb-annotations-2.9.9.jar:/home/user/.m2/repository/javax/enterprise/cdi-api/1.2/cdi-api-1.2.jar:/home/user/.m2/repository/javax/el/javax.el-api/3.0.0/javax.el-api-3.0.0.jar:/home/user/.m2/repository/javax/interceptor/javax.interceptor-api/1.2/javax.interceptor-api-1.2.jar:/home/user/.m2/repository/javax/inject/javax.inject/1/javax.inject-1.jar:/home/user/.m2/repository/com/sun/xml/bind/jaxb-impl/2.3.0.1/jaxb-impl-2.3.0.1.jar:/home/user/.m2/repository/com/sun/xml/bind/jaxb-core/2.3.0.1/jaxb-core-2.3.0.1.jar:/home/user/.m2/repository/javax/xml/bind/jaxb-api/2.3.0/jaxb-api-2.3.0.jar:/home/user/.m2/repository/javax/activation/activation/1.1.1/activation-1.1.1.jar:/home/user/.m2/repository/org/apache/hadoop/hadoop-ozone-csi/0.5.0-SNAPSHOT/hadoop-ozone-csi-0.5.0-SNAPSHOT.jar:/home/user/.m2/repository/com/google/protobuf/protobuf-java-util/3.5.1/protobuf-java-util-3.5.1.jar:/home/user/.m2/repository/org/apache/hadoop/hadoop-hdds-config/0.5.0-SNAPSHOT/hadoop-hdds-config-0.5.0-SNAPSHOT.jar:/home/user/.m2/repository/io/grpc/grpc-netty/1.17.1/grpc-netty-1.17.1.jar:/home/user/.m2/repository/io/grpc/grpc-core/1.17.1/grpc-core-1.17.1.jar:/home/user/.m2/repository/io/grpc/grpc-context/1.17.1/grpc-context-1.17.1.jar:/home/user/.m2/repository/com/google/errorprone/error_prone_annotations/2.2.0/error_prone_annotations-2.2.0.jar:/home/user/.m2/repository/org/codehaus/mojo/animal-sniffer-annotations/1.17/animal-sniffer-annotations-1.17.jar:/home/user/.m2/repository/io/opencensus/opencensus-api/0.17.0/opencensus-api-0.17.0.jar:/home/user/.m2/repository/io/opencensus/opencensus-contrib-grpc-metrics/0.17.0/opencensus-contrib-grpc-metrics-0.17.0.jar:/home/user/.m2/repository/io/netty/netty-codec-http2/4.1.30.Final/netty-codec-http2-4.1.30.Final.jar:/home/user/.m2/repository/io/netty/netty-codec-http/4.1.30.Final/netty-codec-http-4.1.30.Final.jar:/home/user/.m2/repository/io/netty/netty-codec/4.1.30.Final/netty-codec-4.1.30.Final.jar:/home/user/.m2/repository/io/netty/netty-handler/4.1.30.Final/netty-handler-4.1.30.Final.jar:/home/user/.m2/repository/io/netty/netty-handler-proxy/4.1.30.Final/netty-handler-proxy-4.1.30.Final.jar:/home/user/.m2/repository/io/netty/netty-codec-socks/4.1.30.Final/netty-codec-socks-4.1.30.Final.jar:/home/user/.m2/repository/io/netty/netty-transport-native-epoll/4.1.30.Final/netty-transport-native-epoll-4.1.30.Final.jar:/home/user/.m2/repository/io/netty/netty-common/4.1.30.Final/netty-common-4.1.30.Final.jar:/home/user/.m2/repository/io/netty/netty-buffer/4.1.30.Final/netty-buffer-4.1.30.Final.jar:/home/user/.m2/repository/io/netty/netty-transport/4.1.30.Final/netty-transport-4.1.30.Final.jar:/home/user/.m2/repository/io/netty/netty-resolver/4.1.30.Final/netty-resolver-4.1.30.Final.jar:/home/user/.m2/repository/io/netty/netty-transport-native-unix-common/4.1.30.Final/netty-transport-native-unix-common-4.1.30.Final.jar:/home/user/.m2/repository/io/grpc/grpc-protobuf/1.17.1/grpc-protobuf-1.17.1.jar:/home/user/.m2/repository/com/google/api/grpc/proto-google-common-protos/1.0.0/proto-google-common-protos-1.0.0.jar:/home/user/.m2/repository/io/grpc/grpc-protobuf-lite/1.17.1/grpc-protobuf-lite-1.17.1.jar:/home/user/.m2/repository/io/grpc/grpc-stub/1.17.1/grpc-stub-1.17.1.jar:/home/user/.m2/repository/org/apache/hadoop/hadoop-ozone-recon/0.5.0-SNAPSHOT/hadoop-ozone-recon-0.5.0-SNAPSHOT.jar:/home/user/.m2/repository/org/apache/hadoop/hadoop-ozone-reconcodegen/0.5.0-SNAPSHOT/hadoop-ozone-reconcodegen-0.5.0-SNAPSHOT.jar:/home/user/.m2/repository/com/google/inject/extensions/guice-multibindings/4.0/guice-multibindings-4.0.jar:/home/user/.m2/repository/com/google/inject/guice/4.0/guice-4.0.jar:/home/user/.m2/repository/aopalliance/aopalliance/1.0/aopalliance-1.0.jar:/home/user/.m2/repository/com/google/inject/extensions/guice-servlet/4.0/guice-servlet-4.0.jar:/home/user/.m2/repository/org/glassfish/jersey/containers/jersey-container-servlet/2.27/jersey-container-servlet-2.27.jar:/home/user/.m2/repository/org/glassfish/hk2/guice-bridge/2.5.0/guice-bridge-2.5.0.jar:/home/user/.m2/repository/org/glassfish/jersey/core/jersey-server/2.27/jersey-server-2.27.jar:/home/user/.m2/repository/org/glassfish/jersey/core/jersey-client/2.27/jersey-client-2.27.jar:/home/user/.m2/repository/org/glassfish/jersey/media/jersey-media-jaxb/2.27/jersey-media-jaxb-2.27.jar:/home/user/.m2/repository/javax/validation/validation-api/1.1.0.Final/validation-api-1.1.0.Final.jar:/home/user/.m2/repository/org/glassfish/jersey/media/jersey-media-json-jackson/2.27/jersey-media-json-jackson-2.27.jar:/home/user/.m2/repository/org/glassfish/jersey/ext/jersey-entity-filtering/2.27/jersey-entity-filtering-2.27.jar:/home/user/.m2/repository/com/google/inject/extensions/guice-assistedinject/4.0/guice-assistedinject-4.0.jar:/home/user/.m2/repository/org/jooq/jooq/3.11.10/jooq-3.11.10.jar:/home/user/.m2/repository/org/jooq/jooq-meta/3.11.10/jooq-meta-3.11.10.jar:/home/user/.m2/repository/org/jooq/jooq-codegen/3.11.10/jooq-codegen-3.11.10.jar:/home/user/.m2/repository/com/jolbox/bonecp/0.8.0.RELEASE/bonecp-0.8.0.RELEASE.jar:/home/user/.m2/repository/org/xerial/sqlite-jdbc/3.25.2/sqlite-jdbc-3.25.2.jar:/home/user/.m2/repository/org/springframework/spring-jdbc/5.1.3.RELEASE/spring-jdbc-5.1.3.RELEASE.jar:/home/user/.m2/repository/org/springframework/spring-beans/5.1.3.RELEASE/spring-beans-5.1.3.RELEASE.jar:/home/user/.m2/repository/org/springframework/spring-core/5.1.3.RELEASE/spring-core-5.1.3.RELEASE.jar:/home/user/.m2/repository/org/springframework/spring-jcl/5.1.3.RELEASE/spring-jcl-5.1.3.RELEASE.jar:/home/user/.m2/repository/org/springframework/spring-tx/5.1.3.RELEASE/spring-tx-5.1.3.RELEASE.jar:/home/user/.m2/repository/org/apache/hadoop/hadoop-ozone-client/0.5.0-SNAPSHOT/hadoop-ozone-client-0.5.0-SNAPSHOT.jar:/home/user/.m2/repository/commons-lang/commons-lang/2.6/commons-lang-2.6.jar:/home/user/.m2/repository/org/apache/hadoop/hadoop-ozone-ozone-manager/0.5.0-SNAPSHOT/hadoop-ozone-ozone-manager-0.5.0-SNAPSHOT-tests.jar:/home/user/.m2/repository/junit/junit/4.11/junit-4.11.jar:/home/user/.m2/repository/org/hamcrest/hamcrest-core/1.3/hamcrest-core-1.3.jar:/home/user/.m2/repository/org/openjdk/jmh/jmh-core/1.19/jmh-core-1.19.jar:/home/user/.m2/repository/net/sf/jopt-simple/jopt-simple/4.6/jopt-simple-4.6.jar:/home/user/.m2/repository/org/apache/commons/commons-math3/3.1.1/commons-math3-3.1.1.jar:/home/user/.m2/repository/org/openjdk/jmh/jmh-generator-annprocess/1.19/jmh-generator-annprocess-1.19.jar:/home/user/.m2/repository/org/mockito/mockito-all/1.8.5/mockito-all-1.8.5.jar:/home/user/.m2/repository/org/apache/hadoop/hadoop-kms/3.2.0/hadoop-kms-3.2.0.jar:/home/user/.m2/repository/org/apache/hadoop/hadoop-auth/3.2.0/hadoop-auth-3.2.0.jar:/home/user/.m2/repository/com/nimbusds/nimbus-jose-jwt/4.41.1/nimbus-jose-jwt-4.41.1.jar:/home/user/.m2/repository/com/github/stephenc/jcip/jcip-annotations/1.0-1/jcip-annotations-1.0-1.jar:/home/user/.m2/repository/net/minidev/json-smart/2.3/json-smart-2.3.jar:/home/user/.m2/repository/net/minidev/accessors-smart/1.2/accessors-smart-1.2.jar:/home/user/.m2/repository/org/ow2/asm/asm/5.0.4/asm-5.0.4.jar:/home/user/.m2/repository/org/apache/curator/curator-framework/2.12.0/curator-framework-2.12.0.jar:/home/user/.m2/repository/com/sun/jersey/jersey-core/1.19/jersey-core-1.19.jar:/home/user/.m2/repository/javax/ws/rs/jsr311-api/1.1.1/jsr311-api-1.1.1.jar:/home/user/.m2/repository/com/sun/jersey/jersey-server/1.19/jersey-server-1.19.jar:/home/user/.m2/repository/javax/servlet/javax.servlet-api/3.1.0/javax.servlet-api-3.1.0.jar:/home/user/.m2/repository/org/eclipse/jetty/jetty-server/9.3.25.v20180904/jetty-server-9.3.25.v20180904.jar:/home/user/.m2/repository/org/eclipse/jetty/jetty-http/9.3.25.v20180904/jetty-http-9.3.25.v20180904.jar:/home/user/.m2/repository/org/eclipse/jetty/jetty-io/9.3.25.v20180904/jetty-io-9.3.25.v20180904.jar:/home/user/.m2/repository/org/eclipse/jetty/jetty-webapp/9.3.25.v20180904/jetty-webapp-9.3.25.v20180904.jar:/home/user/.m2/repository/org/eclipse/jetty/jetty-xml/9.3.25.v20180904/jetty-xml-9.3.25.v20180904.jar:/home/user/.m2/repository/log4j/log4j/1.2.17/log4j-1.2.17.jar:/home/user/.m2/repository/org/slf4j/slf4j-api/1.7.25/slf4j-api-1.7.25.jar:/home/user/.m2/repository/org/slf4j/jul-to-slf4j/1.7.25/jul-to-slf4j-1.7.25.jar:/home/user/.m2/repository/org/eclipse/jetty/jetty-util/9.3.25.v20180904/jetty-util-9.3.25.v20180904.jar:/home/user/.m2/repository/com/fasterxml/jackson/core/jackson-databind/2.9.9/jackson-databind-2.9.9.jar:/home/user/.m2/repository/org/apache/hadoop/hadoop-kms/3.2.0/hadoop-kms-3.2.0-tests.jar:/home/user/.m2/repository/org/apache/hadoop/hadoop-hdds-server-scm/0.5.0-SNAPSHOT/hadoop-hdds-server-scm-0.5.0-SNAPSHOT-tests.jar:/home/user/.m2/repository/org/apache/hadoop/hadoop-hdds-container-service/0.5.0-SNAPSHOT/hadoop-hdds-container-service-0.5.0-SNAPSHOT-tests.jar:/home/user/.m2/repository/org/yaml/snakeyaml/1.16/snakeyaml-1.16.jar:/home/user/.m2/repository/org/apache/hadoop/hadoop-common/3.2.0/hadoop-common-3.2.0-tests.jar:/home/user/.m2/repository/org/apache/hadoop/hadoop-annotations/3.2.0/hadoop-annotations-3.2.0.jar:/usr/lib/jvm/java-1.8.0-openjdk-1.8.0.222.b10-1.el7_7.x86_64/jre/../lib/tools.jar:/home/user/.m2/repository/commons-cli/commons-cli/1.2/commons-cli-1.2.jar:/home/user/.m2/repository/org/apache/httpcomponents/httpclient/4.5.2/httpclient-4.5.2.jar:/home/user/.m2/repository/org/apache/httpcomponents/httpcore/4.4.4/httpcore-4.4.4.jar:/home/user/.m2/repository/commons-codec/commons-codec/1.11/commons-codec-1.11.jar:/home/user/.m2/repository/commons-net/commons-net/3.6/commons-net-3.6.jar:/home/user/.m2/repository/commons-collections/commons-collections/3.2.2/commons-collections-3.2.2.jar:/home/user/.m2/repository/org/eclipse/jetty/jetty-servlet/9.3.25.v20180904/jetty-servlet-9.3.25.v20180904.jar:/home/user/.m2/repository/org/eclipse/jetty/jetty-security/9.3.25.v20180904/jetty-security-9.3.25.v20180904.jar:/home/user/.m2/repository/javax/servlet/jsp/jsp-api/2.1/jsp-api-2.1.jar:/home/user/.m2/repository/com/sun/jersey/jersey-servlet/1.19/jersey-servlet-1.19.jar:/home/user/.m2/repository/com/sun/jersey/jersey-json/1.19/jersey-json-1.19.jar:/home/user/.m2/repository/org/codehaus/jettison/jettison/1.1/jettison-1.1.jar:/home/user/.m2/repository/org/codehaus/jackson/jackson-core-asl/1.9.13/jackson-core-asl-1.9.13.jar:/home/user/.m2/repository/org/codehaus/jackson/jackson-mapper-asl/1.9.13/jackson-mapper-asl-1.9.13.jar:/home/user/.m2/repository/org/codehaus/jackson/jackson-jaxrs/1.9.13/jackson-jaxrs-1.9.13.jar:/home/user/.m2/repository/org/codehaus/jackson/jackson-xc/1.9.13/jackson-xc-1.9.13.jar:/home/user/.m2/repository/commons-logging/commons-logging/1.1.3/commons-logging-1.1.3.jar:/home/user/.m2/repository/commons-beanutils/commons-beanutils/1.9.4/commons-beanutils-1.9.4.jar:/home/user/.m2/repository/org/apache/commons/commons-configuration2/2.1.1/commons-configuration2-2.1.1.jar:/home/user/.m2/repository/org/apache/commons/commons-lang3/3.7/commons-lang3-3.7.jar:/home/user/.m2/repository/org/apache/commons/commons-text/1.4/commons-text-1.4.jar:/home/user/.m2/repository/org/apache/avro/avro/1.7.7/avro-1.7.7.jar:/home/user/.m2/repository/com/thoughtworks/paranamer/paranamer/2.3/paranamer-2.3.jar:/home/user/.m2/repository/org/xerial/snappy/snappy-java/1.0.5/snappy-java-1.0.5.jar:/home/user/.m2/repository/com/google/re2j/re2j/1.1/re2j-1.1.jar:/home/user/.m2/repository/com/google/code/gson/gson/2.2.4/gson-2.2.4.jar:/home/user/.m2/repository/com/jcraft/jsch/0.1.54/jsch-0.1.54.jar:/home/user/.m2/repository/org/apache/curator/curator-client/2.12.0/curator-client-2.12.0.jar:/home/user/.m2/repository/org/apache/curator/curator-recipes/2.12.0/curator-recipes-2.12.0.jar:/home/user/.m2/repository/com/google/code/findbugs/jsr305/3.0.0/jsr305-3.0.0.jar:/home/user/.m2/repository/org/apache/htrace/htrace-core4/4.1.0-incubating/htrace-core4-4.1.0-incubating.jar:/home/user/.m2/repository/org/apache/zookeeper/zookeeper/3.4.13/zookeeper-3.4.13.jar:/home/user/.m2/repository/jline/jline/0.9.94/jline-0.9.94.jar:/home/user/.m2/repository/org/apache/yetus/audience-annotations/0.5.0/audience-annotations-0.5.0.jar:/home/user/.m2/repository/org/codehaus/woodstox/stax2-api/3.1.4/stax2-api-3.1.4.jar:/home/user/.m2/repository/com/fasterxml/woodstox/woodstox-core/5.0.3/woodstox-core-5.0.3.jar:/home/user/.m2/repository/dnsjava/dnsjava/2.1.7/dnsjava-2.1.7.jar:/home/user/.m2/repository/org/apache/hadoop/hadoop-hdfs/3.2.0/hadoop-hdfs-3.2.0-tests.jar:/home/user/.m2/repository/org/eclipse/jetty/jetty-util-ajax/9.3.25.v20180904/jetty-util-ajax-9.3.25.v20180904.jar:/home/user/.m2/repository/commons-daemon/commons-daemon/1.0.13/commons-daemon-1.0.13.jar:/home/user/.m2/repository/io/netty/netty/3.10.5.Final/netty-3.10.5.Final.jar:/home/user/.m2/repository/io/netty/netty-all/4.0.52.Final/netty-all-4.0.52.Final.jar:/home/user/.m2/repository/org/fusesource/leveldbjni/leveldbjni-all/1.8/leveldbjni-all-1.8.jar:"/>
    <property name="sun.cpu.endian" value="little"/>
    <property name="user.home" value="/home/user"/>
    <property name="user.language" value="en"/>
    <property name="java.specification.vendor" value="Oracle Corporation"/>
    <property name="java.home" value="/usr/lib/jvm/java-1.8.0-openjdk-1.8.0.222.b10-1.el7_7.x86_64/jre"/>
    <property name="surefire.excludesFile" value="/tools/ozone-bad-unit-tests"/>
    <property name="java.security.krb5.conf" value="/workdir/hadoop-ozone/integration-test/target/test-classes/krb5.conf"/>
    <property name="basedir" value="/workdir/hadoop-ozone/integration-test"/>
    <property name="file.separator" value="/"/>
    <property name="line.separator" value="&#10;"/>
    <property name="java.vm.specification.vendor" value="Oracle Corporation"/>
    <property name="java.specification.name" value="Java Platform API Specification"/>
    <property name="java.awt.graphicsenv" value="sun.awt.X11GraphicsEnvironment"/>
    <property name="surefire.real.class.path" value="/workdir/hadoop-ozone/integration-test/target/surefire/surefirebooter7564346075726082386.jar"/>
    <property name="hadoop.log.dir" value="/workdir/hadoop-ozone/integration-test/target/log"/>
    <property name="sun.boot.class.path" value="/usr/lib/jvm/java-1.8.0-openjdk-1.8.0.222.b10-1.el7_7.x86_64/jre/lib/resources.jar:/usr/lib/jvm/java-1.8.0-openjdk-1.8.0.222.b10-1.el7_7.x86_64/jre/lib/rt.jar:/usr/lib/jvm/java-1.8.0-openjdk-1.8.0.222.b10-1.el7_7.x86_64/jre/lib/sunrsasign.jar:/usr/lib/jvm/java-1.8.0-openjdk-1.8.0.222.b10-1.el7_7.x86_64/jre/lib/jsse.jar:/usr/lib/jvm/java-1.8.0-openjdk-1.8.0.222.b10-1.el7_7.x86_64/jre/lib/jce.jar:/usr/lib/jvm/java-1.8.0-openjdk-1.8.0.222.b10-1.el7_7.x86_64/jre/lib/charsets.jar:/usr/lib/jvm/java-1.8.0-openjdk-1.8.0.222.b10-1.el7_7.x86_64/jre/lib/jfr.jar:/usr/lib/jvm/java-1.8.0-openjdk-1.8.0.222.b10-1.el7_7.x86_64/jre/classes"/>
    <property name="sun.management.compiler" value="HotSpot 64-Bit Tiered Compilers"/>
    <property name="java.runtime.version" value="1.8.0_222-b10"/>
    <property name="java.net.preferIPv4Stack" value="true"/>
    <property name="user.name" value="jenkins1000"/>
    <property name="path.separator" value=":"/>
    <property name="java.security.egd" value="file:///dev/urandom"/>
    <property name="os.version" value="3.10.0-957.12.2.el7.x86_64"/>
    <property name="java.endorsed.dirs" value="/usr/lib/jvm/java-1.8.0-openjdk-1.8.0.222.b10-1.el7_7.x86_64/jre/lib/endorsed"/>
    <property name="java.runtime.name" value="OpenJDK Runtime Environment"/>
    <property name="file.encoding" value="ANSI_X3.4-1968"/>
    <property name="java.vm.name" value="OpenJDK 64-Bit Server VM"/>
    <property name="test.build.webapps" value=""/>
    <property name="localRepository" value="/home/user/.m2/repository"/>
    <property name="java.vendor.url.bug" value="http://bugreport.sun.com/bugreport/"/>
    <property name="java.io.tmpdir" value="/tmp"/>
    <property name="require.test.libhadoop" value=""/>
    <property name="java.version" value="1.8.0_222"/>
    <property name="user.dir" value="/workdir/hadoop-ozone/integration-test"/>
    <property name="os.arch" value="amd64"/>
    <property name="java.vm.specification.name" value="Java Virtual Machine Specification"/>
    <property name="test.build.classes" value="/workdir/hadoop-ozone/integration-test/target/test-classes"/>
    <property name="java.awt.printerjob" value="sun.print.PSPrinterJob"/>
    <property name="sun.os.patch.level" value="unknown"/>
    <property name="hadoop.tmp.dir" value="/workdir/hadoop-ozone/integration-test/target/tmp"/>
    <property name="java.library.path" value="/usr/lib:/workdir/hadoop-ozone/integration-test/target/native/target/usr/local/lib:/workdir/hadoop-ozone/integration-test/../../hadoop-common-project/hadoop-common/target/native/target/usr/local/lib:/usr/java/packages/lib/amd64:/usr/lib64:/lib64:/lib:/usr/lib"/>
    <property name="java.vm.info" value="mixed mode"/>
    <property name="java.vendor" value="Oracle Corporation"/>
    <property name="java.vm.version" value="25.222-b10"/>
    <property name="java.ext.dirs" value="/usr/lib/jvm/java-1.8.0-openjdk-1.8.0.222.b10-1.el7_7.x86_64/jre/lib/ext:/usr/java/packages/lib/ext"/>
    <property name="sun.io.unicode.encoding" value="UnicodeLittle"/>
    <property name="java.class.version" value="52.0"/>
  </properties>
  <testcase name="testPipelineExclusionWithPipelineFailure" classname="org.apache.hadoop.ozone.client.rpc.TestFailureHandlingByClient" time="62.224"/>
  <testcase name="testContainerExclusionWithClosedContainerException" classname="org.apache.hadoop.ozone.client.rpc.TestFailureHandlingByClient" time="60.806"/>
  <testcase name="testWriteSmallFile" classname="org.apache.hadoop.ozone.client.rpc.TestFailureHandlingByClient" time="50.229"/>
  <testcase name="testBlockWritesWithDnFailures" classname="org.apache.hadoop.ozone.client.rpc.TestFailureHandlingByClient" time="56.629"/>
  <testcase name="testDatanodeExclusionWithMajorityCommit" classname="org.apache.hadoop.ozone.client.rpc.TestFailureHandlingByClient" time="51.117">
    <error message="PipelineID=b0061687-c255-4535-a3f9-dda6e3dc98cf not found" type="org.apache.hadoop.hdds.scm.pipeline.PipelineNotFoundException">org.apache.hadoop.hdds.scm.pipeline.PipelineNotFoundException: PipelineID=b0061687-c255-4535-a3f9-dda6e3dc98cf not found
	at org.apache.hadoop.hdds.scm.pipeline.PipelineStateMap.getPipeline(PipelineStateMap.java:132)
	at org.apache.hadoop.hdds.scm.pipeline.PipelineStateManager.getPipeline(PipelineStateManager.java:64)
	at org.apache.hadoop.hdds.scm.pipeline.SCMPipelineManager.getPipeline(SCMPipelineManager.java:191)
	at org.apache.hadoop.ozone.client.rpc.TestFailureHandlingByClient.testDatanodeExclusionWithMajorityCommit(TestFailureHandlingByClient.java:307)
	at sun.reflect.NativeMethodAccessorImpl.invoke0(Native Method)
	at sun.reflect.NativeMethodAccessorImpl.invoke(NativeMethodAccessorImpl.java:62)
	at sun.reflect.DelegatingMethodAccessorImpl.invoke(DelegatingMethodAccessorImpl.java:43)
	at java.lang.reflect.Method.invoke(Method.java:498)
	at org.junit.runners.model.FrameworkMethod$1.runReflectiveCall(FrameworkMethod.java:47)
	at org.junit.internal.runners.model.ReflectiveCallable.run(ReflectiveCallable.java:12)
	at org.junit.runners.model.FrameworkMethod.invokeExplosively(FrameworkMethod.java:44)
	at org.junit.internal.runners.statements.InvokeMethod.evaluate(InvokeMethod.java:17)
	at org.junit.internal.runners.statements.RunAfters.evaluate(RunAfters.java:27)
	at org.junit.runners.ParentRunner.runLeaf(ParentRunner.java:271)
	at org.junit.runners.BlockJUnit4ClassRunner.runChild(BlockJUnit4ClassRunner.java:70)
	at org.junit.runners.BlockJUnit4ClassRunner.runChild(BlockJUnit4ClassRunner.java:50)
	at org.junit.runners.ParentRunner$3.run(ParentRunner.java:238)
	at org.junit.runners.ParentRunner$1.schedule(ParentRunner.java:63)
	at org.junit.runners.ParentRunner.runChildren(ParentRunner.java:236)
	at org.junit.runners.ParentRunner.access$000(ParentRunner.java:53)
	at org.junit.runners.ParentRunner$2.evaluate(ParentRunner.java:229)
	at org.junit.runners.ParentRunner.run(ParentRunner.java:309)
	at org.apache.maven.surefire.junit4.JUnit4Provider.execute(JUnit4Provider.java:365)
	at org.apache.maven.surefire.junit4.JUnit4Provider.executeWithRerun(JUnit4Provider.java:273)
	at org.apache.maven.surefire.junit4.JUnit4Provider.executeTestSet(JUnit4Provider.java:238)
	at org.apache.maven.surefire.junit4.JUnit4Provider.invoke(JUnit4Provider.java:159)
	at org.apache.maven.surefire.booter.ForkedBooter.invokeProviderInSameClassLoader(ForkedBooter.java:384)
	at org.apache.maven.surefire.booter.ForkedBooter.runSuitesInProcess(ForkedBooter.java:345)
	at org.apache.maven.surefire.booter.ForkedBooter.execute(ForkedBooter.java:126)
	at org.apache.maven.surefire.booter.ForkedBooter.main(ForkedBooter.java:418)
</error>
    <system-out><![CDATA[2019-11-13 13:02:16,076 [main] WARN  server.ServerUtils (ServerUtils.java:getScmDbDir(145)) - ozone.scm.db.dirs is not configured. We recommend adding this setting. Falling back to ozone.metadata.dirs instead.
2019-11-13 13:02:16,175 [main] WARN  server.ServerUtils (ServerUtils.java:getScmDbDir(145)) - ozone.scm.db.dirs is not configured. We recommend adding this setting. Falling back to ozone.metadata.dirs instead.
2019-11-13 13:02:16,175 [main] WARN  server.ServerUtils (ServerUtils.java:getScmDbDir(145)) - ozone.scm.db.dirs is not configured. We recommend adding this setting. Falling back to ozone.metadata.dirs instead.
2019-11-13 13:02:16,176 [main] INFO  db.DBStoreBuilder (DBStoreBuilder.java:addTable(127)) - using custom profile for table: deletedBlocks
2019-11-13 13:02:16,176 [main] INFO  db.DBStoreBuilder (DBStoreBuilder.java:processTables(183)) - Using default column profile:DBProfile.DISK for Table:deletedBlocks
2019-11-13 13:02:16,176 [main] INFO  db.DBStoreBuilder (DBStoreBuilder.java:addTable(127)) - using custom profile for table: validCerts
2019-11-13 13:02:16,176 [main] INFO  db.DBStoreBuilder (DBStoreBuilder.java:processTables(183)) - Using default column profile:DBProfile.DISK for Table:validCerts
2019-11-13 13:02:16,177 [main] INFO  db.DBStoreBuilder (DBStoreBuilder.java:addTable(127)) - using custom profile for table: revokedCerts
2019-11-13 13:02:16,177 [main] INFO  db.DBStoreBuilder (DBStoreBuilder.java:processTables(183)) - Using default column profile:DBProfile.DISK for Table:revokedCerts
2019-11-13 13:02:16,177 [main] INFO  db.DBStoreBuilder (DBStoreBuilder.java:addTable(127)) - using custom profile for table: default
2019-11-13 13:02:16,178 [main] INFO  db.DBStoreBuilder (DBStoreBuilder.java:processTables(189)) - Using default column profile:DBProfile.DISK for Table:default
2019-11-13 13:02:16,178 [main] INFO  db.DBStoreBuilder (DBStoreBuilder.java:getDbProfile(220)) - Using default options. DBProfile.DISK
2019-11-13 13:02:16,872 [main] INFO  net.NodeSchemaLoader (NodeSchemaLoader.java:loadSchemaFromFile(125)) - Loading file from sun.misc.CompoundEnumeration@586cc15d
2019-11-13 13:02:16,872 [main] INFO  net.NodeSchemaLoader (NodeSchemaLoader.java:loadSchema(171)) - Loading network topology layer schema file
2019-11-13 13:02:16,880 [main] INFO  node.SCMNodeManager (SCMNodeManager.java:<init>(116)) - Entering startup safe mode.
2019-11-13 13:02:16,881 [main] INFO  algorithms.ContainerPlacementPolicyFactory (ContainerPlacementPolicyFactory.java:getPolicy(57)) - Create container placement policy of type org.apache.hadoop.hdds.scm.container.placement.algorithms.SCMContainerPlacementRandom
2019-11-13 13:02:16,881 [main] WARN  server.ServerUtils (ServerUtils.java:getScmDbDir(145)) - ozone.scm.db.dirs is not configured. We recommend adding this setting. Falling back to ozone.metadata.dirs instead.
2019-11-13 13:02:17,242 [main] INFO  pipeline.SCMPipelineManager (SCMPipelineManager.java:initializePipelineState(132)) - No pipeline exists in current db
2019-11-13 13:02:17,242 [main] WARN  server.ServerUtils (ServerUtils.java:getScmDbDir(145)) - ozone.scm.db.dirs is not configured. We recommend adding this setting. Falling back to ozone.metadata.dirs instead.
2019-11-13 13:02:17,379 [main] WARN  events.EventQueue (EventQueue.java:fireEvent(183)) - No event handler registered for event TypedEvent{payloadType=SafeModeStatus, name='SafeModeStatus'}
2019-11-13 13:02:17,380 [main] INFO  ipc.CallQueueManager (CallQueueManager.java:<init>(84)) - Using callQueue: class java.util.concurrent.LinkedBlockingQueue, queueCapacity: 2000, scheduler: class org.apache.hadoop.ipc.DefaultRpcScheduler, ipcBackoff: false.
2019-11-13 13:02:17,381 [Socket Reader #1 for port 38516] INFO  ipc.Server (Server.java:run(1074)) - Starting Socket Reader #1 for port 38516
2019-11-13 13:02:17,383 [main] INFO  ipc.CallQueueManager (CallQueueManager.java:<init>(84)) - Using callQueue: class java.util.concurrent.LinkedBlockingQueue, queueCapacity: 2000, scheduler: class org.apache.hadoop.ipc.DefaultRpcScheduler, ipcBackoff: false.
2019-11-13 13:02:17,384 [Socket Reader #1 for port 43855] INFO  ipc.Server (Server.java:run(1074)) - Starting Socket Reader #1 for port 43855
2019-11-13 13:02:17,386 [main] INFO  ipc.CallQueueManager (CallQueueManager.java:<init>(84)) - Using callQueue: class java.util.concurrent.LinkedBlockingQueue, queueCapacity: 2000, scheduler: class org.apache.hadoop.ipc.DefaultRpcScheduler, ipcBackoff: false.
2019-11-13 13:02:17,386 [Socket Reader #1 for port 37979] INFO  ipc.Server (Server.java:run(1074)) - Starting Socket Reader #1 for port 37979
2019-11-13 13:02:17,389 [main] INFO  hdfs.DFSUtil (DFSUtil.java:httpServerTemplateForNNAndJN(1641)) - Starting Web-server for scm at: http://0.0.0.0:0
2019-11-13 13:02:17,391 [main] INFO  server.AuthenticationFilter (AuthenticationFilter.java:constructSecretProvider(240)) - Unable to initialize FileSignerSecretProvider, falling back to use random secrets.
2019-11-13 13:02:17,392 [main] WARN  http.HttpRequestLog (HttpRequestLog.java:getRequestLog(97)) - Jetty request log can only be enabled using Log4j
2019-11-13 13:02:17,394 [main] INFO  http.HttpServer2 (HttpServer2.java:addGlobalFilter(975)) - Added global filter 'safety' (class=org.apache.hadoop.http.HttpServer2$QuotingInputFilter)
2019-11-13 13:02:17,395 [main] INFO  http.HttpServer2 (HttpServer2.java:addFilter(948)) - Added filter static_user_filter (class=org.apache.hadoop.http.lib.StaticUserWebFilter$StaticUserFilter) to context scm
2019-11-13 13:02:17,395 [main] INFO  http.HttpServer2 (HttpServer2.java:addFilter(958)) - Added filter static_user_filter (class=org.apache.hadoop.http.lib.StaticUserWebFilter$StaticUserFilter) to context logs
2019-11-13 13:02:17,396 [main] INFO  http.HttpServer2 (HttpServer2.java:addFilter(958)) - Added filter static_user_filter (class=org.apache.hadoop.http.lib.StaticUserWebFilter$StaticUserFilter) to context static
2019-11-13 13:02:17,398 [main] INFO  server.StorageContainerManager (StorageContainerManager.java:start(764)) - StorageContainerLocationProtocol RPC server is listening at /0.0.0.0:37979
2019-11-13 13:02:17,401 [main] WARN  impl.MetricsConfig (MetricsConfig.java:loadFirst(134)) - Cannot locate configuration: tried hadoop-metrics2-storagecontainermanager.properties,hadoop-metrics2.properties
2019-11-13 13:02:17,402 [main] INFO  impl.MetricsSystemImpl (MetricsSystemImpl.java:startTimer(374)) - Scheduled Metric snapshot period at 10 second(s).
2019-11-13 13:02:17,402 [main] INFO  impl.MetricsSystemImpl (MetricsSystemImpl.java:start(191)) - StorageContainerManager metrics system started
2019-11-13 13:02:17,453 [main] WARN  impl.MetricsSystemImpl (MetricsSystemImpl.java:register(276)) - Sink prometheus already exists!
2019-11-13 13:02:17,522 [main] INFO  server.SCMClientProtocolServer (SCMClientProtocolServer.java:start(159)) - RPC server for Client  is listening at /0.0.0.0:37979
2019-11-13 13:02:17,523 [IPC Server Responder] INFO  ipc.Server (Server.java:run(1314)) - IPC Server Responder: starting
2019-11-13 13:02:17,523 [IPC Server listener on 37979] INFO  ipc.Server (Server.java:run(1153)) - IPC Server listener on 37979: starting
2019-11-13 13:02:17,525 [main] INFO  server.StorageContainerManager (StorageContainerManager.java:start(774)) - ScmBlockLocationProtocol RPC server is listening at /0.0.0.0:43855
2019-11-13 13:02:17,525 [main] INFO  server.SCMBlockProtocolServer (SCMBlockProtocolServer.java:start(146)) - RPC server for Block Protocol is listening at /0.0.0.0:43855
2019-11-13 13:02:17,526 [IPC Server Responder] INFO  ipc.Server (Server.java:run(1314)) - IPC Server Responder: starting
2019-11-13 13:02:17,526 [IPC Server listener on 43855] INFO  ipc.Server (Server.java:run(1153)) - IPC Server listener on 43855: starting
2019-11-13 13:02:17,528 [main] INFO  server.StorageContainerManager (StorageContainerManager.java:start(778)) - ScmDatanodeProtocl RPC server is listening at /0.0.0.0:38516
2019-11-13 13:02:17,528 [main] INFO  server.SCMDatanodeProtocolServer (SCMDatanodeProtocolServer.java:start(169)) - RPC server for DataNodes is listening at /0.0.0.0:38516
2019-11-13 13:02:17,529 [IPC Server Responder] INFO  ipc.Server (Server.java:run(1314)) - IPC Server Responder: starting
2019-11-13 13:02:17,529 [IPC Server listener on 38516] INFO  ipc.Server (Server.java:run(1153)) - IPC Server listener on 38516: starting
2019-11-13 13:02:17,531 [main] INFO  http.HttpServer2 (HttpServer2.java:bindListener(1191)) - Jetty bound to port 38610
2019-11-13 13:02:17,532 [main] INFO  server.Server (Server.java:doStart(351)) - jetty-9.3.25.v20180904, build timestamp: 2018-09-04T21:11:46Z, git hash: 3ce520221d0240229c862b122d2b06c12a625732
2019-11-13 13:02:17,533 [main] INFO  handler.ContextHandler (ContextHandler.java:doStart(781)) - Started o.e.j.s.ServletContextHandler@33e4b9c4{/logs,file:///workdir/hadoop-ozone/integration-test/target/log,AVAILABLE}
2019-11-13 13:02:17,533 [main] INFO  handler.ContextHandler (ContextHandler.java:doStart(781)) - Started o.e.j.s.ServletContextHandler@10d18696{/static,file:///workdir/hadoop-ozone/integration-test/target/test-classes/webapps/static,AVAILABLE}
2019-11-13 13:02:17,537 [main] INFO  handler.ContextHandler (ContextHandler.java:doStart(781)) - Started o.e.j.w.WebAppContext@28768e25{/,file:///workdir/hadoop-ozone/integration-test/target/test-classes/webapps/scm/,AVAILABLE}{/scm}
2019-11-13 13:02:17,537 [main] INFO  server.AbstractConnector (AbstractConnector.java:doStart(278)) - Started ServerConnector@310d57b1{HTTP/1.1,[http/1.1]}{0.0.0.0:38610}
2019-11-13 13:02:17,537 [main] INFO  server.Server (Server.java:doStart(419)) - Started @231825ms
2019-11-13 13:02:17,538 [main] WARN  impl.MetricsSystemImpl (MetricsSystemImpl.java:register(276)) - Sink prometheus already exists!
2019-11-13 13:02:17,539 [main] INFO  server.BaseHttpServer (BaseHttpServer.java:updateConnectorAddress(215)) - HTTP server of SCM is listening at http://0.0.0.0:38610
2019-11-13 13:02:17,539 [main] WARN  server.ServerUtils (ServerUtils.java:getDBPath(222)) - ozone.om.db.dirs is not configured. We recommend adding this setting. Falling back to ozone.metadata.dirs instead.
2019-11-13 13:02:17,539 [org.apache.hadoop.util.JvmPauseMonitor$Monitor@18ffca6c] INFO  util.JvmPauseMonitor (JvmPauseMonitor.java:run(188)) - Starting JVM pause monitor
2019-11-13 13:02:17,563 [main] INFO  ha.OMHANodeDetails (OMHANodeDetails.java:loadOMHAConfig(190)) - Configuration either no ozone.om.address set. Falling back to the default OM address /127.0.0.1:0
2019-11-13 13:02:17,563 [main] INFO  ha.OMHANodeDetails (OMHANodeDetails.java:getOMNodeDetails(220)) - OM Service ID is not set. Setting it to the default ID: omServiceIdDefault
2019-11-13 13:02:17,564 [main] WARN  server.ServerUtils (ServerUtils.java:getDBPath(222)) - ozone.om.db.dirs is not configured. We recommend adding this setting. Falling back to ozone.metadata.dirs instead.
2019-11-13 13:02:17,564 [main] WARN  server.ServerUtils (ServerUtils.java:getDBPath(222)) - ozone.om.db.dirs is not configured. We recommend adding this setting. Falling back to ozone.metadata.dirs instead.
2019-11-13 13:02:17,571 [main] WARN  server.ServerUtils (ServerUtils.java:getDBPath(222)) - ozone.om.db.dirs is not configured. We recommend adding this setting. Falling back to ozone.metadata.dirs instead.
2019-11-13 13:02:17,571 [main] INFO  db.DBStoreBuilder (DBStoreBuilder.java:addTable(127)) - using custom profile for table: userTable
2019-11-13 13:02:17,571 [main] INFO  db.DBStoreBuilder (DBStoreBuilder.java:processTables(183)) - Using default column profile:DBProfile.DISK for Table:userTable
2019-11-13 13:02:17,572 [main] INFO  db.DBStoreBuilder (DBStoreBuilder.java:addTable(127)) - using custom profile for table: volumeTable
2019-11-13 13:02:17,572 [main] INFO  db.DBStoreBuilder (DBStoreBuilder.java:processTables(183)) - Using default column profile:DBProfile.DISK for Table:volumeTable
2019-11-13 13:02:17,572 [main] INFO  db.DBStoreBuilder (DBStoreBuilder.java:addTable(127)) - using custom profile for table: bucketTable
2019-11-13 13:02:17,572 [main] INFO  db.DBStoreBuilder (DBStoreBuilder.java:processTables(183)) - Using default column profile:DBProfile.DISK for Table:bucketTable
2019-11-13 13:02:17,572 [main] INFO  db.DBStoreBuilder (DBStoreBuilder.java:addTable(127)) - using custom profile for table: keyTable
2019-11-13 13:02:17,573 [main] INFO  db.DBStoreBuilder (DBStoreBuilder.java:processTables(183)) - Using default column profile:DBProfile.DISK for Table:keyTable
2019-11-13 13:02:17,573 [main] INFO  db.DBStoreBuilder (DBStoreBuilder.java:addTable(127)) - using custom profile for table: deletedTable
2019-11-13 13:02:17,573 [main] INFO  db.DBStoreBuilder (DBStoreBuilder.java:processTables(183)) - Using default column profile:DBProfile.DISK for Table:deletedTable
2019-11-13 13:02:17,573 [main] INFO  db.DBStoreBuilder (DBStoreBuilder.java:addTable(127)) - using custom profile for table: openKeyTable
2019-11-13 13:02:17,573 [main] INFO  db.DBStoreBuilder (DBStoreBuilder.java:processTables(183)) - Using default column profile:DBProfile.DISK for Table:openKeyTable
2019-11-13 13:02:17,574 [main] INFO  db.DBStoreBuilder (DBStoreBuilder.java:addTable(127)) - using custom profile for table: s3Table
2019-11-13 13:02:17,574 [main] INFO  db.DBStoreBuilder (DBStoreBuilder.java:processTables(183)) - Using default column profile:DBProfile.DISK for Table:s3Table
2019-11-13 13:02:17,574 [main] INFO  db.DBStoreBuilder (DBStoreBuilder.java:addTable(127)) - using custom profile for table: multipartInfoTable
2019-11-13 13:02:17,574 [main] INFO  db.DBStoreBuilder (DBStoreBuilder.java:processTables(183)) - Using default column profile:DBProfile.DISK for Table:multipartInfoTable
2019-11-13 13:02:17,574 [main] INFO  db.DBStoreBuilder (DBStoreBuilder.java:addTable(127)) - using custom profile for table: dTokenTable
2019-11-13 13:02:17,575 [main] INFO  db.DBStoreBuilder (DBStoreBuilder.java:processTables(183)) - Using default column profile:DBProfile.DISK for Table:dTokenTable
2019-11-13 13:02:17,575 [main] INFO  db.DBStoreBuilder (DBStoreBuilder.java:addTable(127)) - using custom profile for table: s3SecretTable
2019-11-13 13:02:17,575 [main] INFO  db.DBStoreBuilder (DBStoreBuilder.java:processTables(183)) - Using default column profile:DBProfile.DISK for Table:s3SecretTable
2019-11-13 13:02:17,575 [main] INFO  db.DBStoreBuilder (DBStoreBuilder.java:addTable(127)) - using custom profile for table: prefixTable
2019-11-13 13:02:17,575 [main] INFO  db.DBStoreBuilder (DBStoreBuilder.java:processTables(183)) - Using default column profile:DBProfile.DISK for Table:prefixTable
2019-11-13 13:02:17,575 [main] INFO  db.DBStoreBuilder (DBStoreBuilder.java:addTable(127)) - using custom profile for table: default
2019-11-13 13:02:17,576 [main] INFO  db.DBStoreBuilder (DBStoreBuilder.java:processTables(189)) - Using default column profile:DBProfile.DISK for Table:default
2019-11-13 13:02:17,576 [main] INFO  db.DBStoreBuilder (DBStoreBuilder.java:getDbProfile(220)) - Using default options. DBProfile.DISK
2019-11-13 13:02:18,929 [main] INFO  ipc.CallQueueManager (CallQueueManager.java:<init>(84)) - Using callQueue: class java.util.concurrent.LinkedBlockingQueue, queueCapacity: 2000, scheduler: class org.apache.hadoop.ipc.DefaultRpcScheduler, ipcBackoff: false.
2019-11-13 13:02:18,930 [Socket Reader #1 for port 33970] INFO  ipc.Server (Server.java:run(1074)) - Starting Socket Reader #1 for port 33970
2019-11-13 13:02:18,943 [main] INFO  om.OzoneManager (OzoneManager.java:start(1077)) - OzoneManager RPC server is listening at localhost/127.0.0.1:33970
2019-11-13 13:02:18,943 [main] INFO  impl.MetricsSystemImpl (MetricsSystemImpl.java:init(158)) - OzoneManager metrics system started (again)
2019-11-13 13:02:18,944 [IPC Server Responder] INFO  ipc.Server (Server.java:run(1314)) - IPC Server Responder: starting
2019-11-13 13:02:18,944 [IPC Server listener on 33970] INFO  ipc.Server (Server.java:run(1153)) - IPC Server listener on 33970: starting
2019-11-13 13:02:18,950 [main] INFO  hdfs.DFSUtil (DFSUtil.java:httpServerTemplateForNNAndJN(1641)) - Starting Web-server for ozoneManager at: http://0.0.0.0:0
2019-11-13 13:02:18,952 [main] INFO  server.AuthenticationFilter (AuthenticationFilter.java:constructSecretProvider(240)) - Unable to initialize FileSignerSecretProvider, falling back to use random secrets.
2019-11-13 13:02:18,952 [main] WARN  http.HttpRequestLog (HttpRequestLog.java:getRequestLog(97)) - Jetty request log can only be enabled using Log4j
2019-11-13 13:02:18,954 [main] INFO  http.HttpServer2 (HttpServer2.java:addGlobalFilter(975)) - Added global filter 'safety' (class=org.apache.hadoop.http.HttpServer2$QuotingInputFilter)
2019-11-13 13:02:18,955 [main] INFO  http.HttpServer2 (HttpServer2.java:addFilter(948)) - Added filter static_user_filter (class=org.apache.hadoop.http.lib.StaticUserWebFilter$StaticUserFilter) to context ozoneManager
2019-11-13 13:02:18,955 [main] INFO  http.HttpServer2 (HttpServer2.java:addFilter(958)) - Added filter static_user_filter (class=org.apache.hadoop.http.lib.StaticUserWebFilter$StaticUserFilter) to context static
2019-11-13 13:02:18,955 [main] INFO  http.HttpServer2 (HttpServer2.java:addFilter(958)) - Added filter static_user_filter (class=org.apache.hadoop.http.lib.StaticUserWebFilter$StaticUserFilter) to context logs
2019-11-13 13:02:18,956 [main] INFO  http.HttpServer2 (HttpServer2.java:bindListener(1191)) - Jetty bound to port 46390
2019-11-13 13:02:18,956 [main] INFO  server.Server (Server.java:doStart(351)) - jetty-9.3.25.v20180904, build timestamp: 2018-09-04T21:11:46Z, git hash: 3ce520221d0240229c862b122d2b06c12a625732
2019-11-13 13:02:18,958 [main] INFO  handler.ContextHandler (ContextHandler.java:doStart(781)) - Started o.e.j.s.ServletContextHandler@64279ab{/logs,file:///workdir/hadoop-ozone/integration-test/target/log,AVAILABLE}
2019-11-13 13:02:18,958 [main] INFO  handler.ContextHandler (ContextHandler.java:doStart(781)) - Started o.e.j.s.ServletContextHandler@74a820bf{/static,file:///workdir/hadoop-ozone/integration-test/target/test-classes/webapps/static,AVAILABLE}
2019-11-13 13:02:18,963 [main] INFO  handler.ContextHandler (ContextHandler.java:doStart(781)) - Started o.e.j.w.WebAppContext@49232c6f{/,file:///workdir/hadoop-ozone/integration-test/target/test-classes/webapps/ozoneManager/,AVAILABLE}{/ozoneManager}
2019-11-13 13:02:18,963 [main] INFO  server.AbstractConnector (AbstractConnector.java:doStart(278)) - Started ServerConnector@5faeeb56{HTTP/1.1,[http/1.1]}{0.0.0.0:46390}
2019-11-13 13:02:18,964 [main] INFO  server.Server (Server.java:doStart(419)) - Started @233251ms
2019-11-13 13:02:18,964 [main] WARN  impl.MetricsSystemImpl (MetricsSystemImpl.java:register(276)) - Sink prometheus already exists!
2019-11-13 13:02:18,965 [main] INFO  server.BaseHttpServer (BaseHttpServer.java:updateConnectorAddress(215)) - HTTP server of OZONEMANAGER is listening at http://0.0.0.0:46390
2019-11-13 13:02:19,006 [main] INFO  impl.MetricsSystemImpl (MetricsSystemImpl.java:init(158)) - HddsDatanode metrics system started (again)
2019-11-13 13:02:19,008 [main] INFO  ozone.HddsDatanodeService (HddsDatanodeService.java:start(186)) - HddsDatanodeService host:pr-hdds-2452-7vw7s-1330541530 ip:192.168.157.200
2019-11-13 13:02:19,014 [main] INFO  volume.HddsVolume (HddsVolume.java:<init>(176)) - Creating Volume: /workdir/hadoop-ozone/integration-test/target/test-dir/MiniOzoneClusterImpl-90e8aeb1-2975-47c6-9bba-faf27de7fb8c/datanode-0/data/containers/hdds of  storage type : DISK and capacity : 1482555576320
2019-11-13 13:02:19,015 [main] INFO  volume.VolumeSet (VolumeSet.java:initializeVolumeSet(170)) - Added Volume : /workdir/hadoop-ozone/integration-test/target/test-dir/MiniOzoneClusterImpl-90e8aeb1-2975-47c6-9bba-faf27de7fb8c/datanode-0/data/containers/hdds to VolumeSet
2019-11-13 13:02:19,015 [main] INFO  volume.ThrottledAsyncChecker (ThrottledAsyncChecker.java:schedule(141)) - Scheduling a check for /workdir/hadoop-ozone/integration-test/target/test-dir/MiniOzoneClusterImpl-90e8aeb1-2975-47c6-9bba-faf27de7fb8c/datanode-0/data/containers/hdds
2019-11-13 13:02:19,015 [main] INFO  volume.HddsVolumeChecker (HddsVolumeChecker.java:checkAllVolumes(204)) - Scheduled health check for volume /workdir/hadoop-ozone/integration-test/target/test-dir/MiniOzoneClusterImpl-90e8aeb1-2975-47c6-9bba-faf27de7fb8c/datanode-0/data/containers/hdds
2019-11-13 13:02:19,030 [main] INFO  impl.RaftServerProxy (ConfUtils.java:logGet(43)) - raft.rpc.type = GRPC (default)
2019-11-13 13:02:19,031 [main] INFO  grpc.GrpcFactory (GrpcFactory.java:checkPooledByteBufAllocatorUseCacheForAllThreads(45)) - PERFORMANCE WARNING: useCacheForAllThreads is true that may cause Netty to create a lot garbage objects and, as a result, trigger GC.
	It is recommended to disable useCacheForAllThreads by setting -Dorg.apache.ratis.thirdparty.io.netty.allocator.useCacheForAllThreads=false in command line.
2019-11-13 13:02:19,031 [main] INFO  grpc.GrpcConfigKeys$Server (ConfUtils.java:logGet(43)) - raft.grpc.server.port = 0 (default)
2019-11-13 13:02:19,031 [main] INFO  server.GrpcService (ConfUtils.java:logGet(43)) - raft.grpc.message.size.max = 33570816 (custom)
2019-11-13 13:02:19,031 [main] INFO  server.RaftServerConfigKeys (ConfUtils.java:logGet(43)) - raft.server.log.appender.buffer.byte-limit = 33554432 (custom)
2019-11-13 13:02:19,031 [main] INFO  server.GrpcService (ConfUtils.java:logGet(43)) - raft.grpc.flow.control.window = 1MB (=1048576) (default)
2019-11-13 13:02:19,032 [main] INFO  server.RaftServerConfigKeys (ConfUtils.java:logGet(43)) - raft.server.rpc.request.timeout = 3000ms (default)
2019-11-13 13:02:19,032 [main] INFO  server.RaftServerConfigKeys (ConfUtils.java:logGet(43)) - raft.server.storage.dir = [/workdir/hadoop-ozone/integration-test/target/test-dir/MiniOzoneClusterImpl-90e8aeb1-2975-47c6-9bba-faf27de7fb8c/datanode-0/data/ratis] (custom)
2019-11-13 13:02:19,034 [main] INFO  hdfs.DFSUtil (DFSUtil.java:httpServerTemplateForNNAndJN(1641)) - Starting Web-server for hddsDatanode at: http://0.0.0.0:0
2019-11-13 13:02:19,036 [main] INFO  server.AuthenticationFilter (AuthenticationFilter.java:constructSecretProvider(240)) - Unable to initialize FileSignerSecretProvider, falling back to use random secrets.
2019-11-13 13:02:19,036 [main] WARN  http.HttpRequestLog (HttpRequestLog.java:getRequestLog(97)) - Jetty request log can only be enabled using Log4j
2019-11-13 13:02:19,038 [main] INFO  http.HttpServer2 (HttpServer2.java:addGlobalFilter(975)) - Added global filter 'safety' (class=org.apache.hadoop.http.HttpServer2$QuotingInputFilter)
2019-11-13 13:02:19,039 [main] INFO  http.HttpServer2 (HttpServer2.java:addFilter(948)) - Added filter static_user_filter (class=org.apache.hadoop.http.lib.StaticUserWebFilter$StaticUserFilter) to context hddsDatanode
2019-11-13 13:02:19,039 [main] INFO  http.HttpServer2 (HttpServer2.java:addFilter(958)) - Added filter static_user_filter (class=org.apache.hadoop.http.lib.StaticUserWebFilter$StaticUserFilter) to context static
2019-11-13 13:02:19,039 [main] INFO  http.HttpServer2 (HttpServer2.java:addFilter(958)) - Added filter static_user_filter (class=org.apache.hadoop.http.lib.StaticUserWebFilter$StaticUserFilter) to context logs
2019-11-13 13:02:19,040 [main] INFO  http.HttpServer2 (HttpServer2.java:bindListener(1191)) - Jetty bound to port 43580
2019-11-13 13:02:19,040 [main] INFO  server.Server (Server.java:doStart(351)) - jetty-9.3.25.v20180904, build timestamp: 2018-09-04T21:11:46Z, git hash: 3ce520221d0240229c862b122d2b06c12a625732
2019-11-13 13:02:19,042 [main] INFO  handler.ContextHandler (ContextHandler.java:doStart(781)) - Started o.e.j.s.ServletContextHandler@42a0786f{/logs,file:///workdir/hadoop-ozone/integration-test/target/log,AVAILABLE}
2019-11-13 13:02:19,042 [main] INFO  handler.ContextHandler (ContextHandler.java:doStart(781)) - Started o.e.j.s.ServletContextHandler@203e705e{/static,jar:file:/home/user/.m2/repository/org/apache/hadoop/hadoop-hdds-container-service/0.5.0-SNAPSHOT/hadoop-hdds-container-service-0.5.0-SNAPSHOT.jar!/webapps/static,AVAILABLE}
2019-11-13 13:02:19,084 [main] INFO  handler.ContextHandler (ContextHandler.java:doStart(781)) - Started o.e.j.w.WebAppContext@ceb7701{/,file:///tmp/jetty-0.0.0.0-43580-hddsDatanode-_-any-8549346907628594483.dir/webapp/,AVAILABLE}{/hddsDatanode}
2019-11-13 13:02:19,085 [main] INFO  server.AbstractConnector (AbstractConnector.java:doStart(278)) - Started ServerConnector@5e193ef5{HTTP/1.1,[http/1.1]}{0.0.0.0:43580}
2019-11-13 13:02:19,086 [main] INFO  server.Server (Server.java:doStart(419)) - Started @233373ms
2019-11-13 13:02:19,086 [main] WARN  impl.MetricsSystemImpl (MetricsSystemImpl.java:register(276)) - Sink prometheus already exists!
2019-11-13 13:02:19,087 [main] INFO  server.BaseHttpServer (BaseHttpServer.java:updateConnectorAddress(215)) - HTTP server of HDDSDATANODE is listening at http://0.0.0.0:43580
2019-11-13 13:02:19,088 [main] INFO  impl.MetricsSystemImpl (MetricsSystemImpl.java:init(158)) - HddsDatanode metrics system started (again)
2019-11-13 13:02:19,091 [org.apache.hadoop.util.JvmPauseMonitor$Monitor@a6e4bae] INFO  util.JvmPauseMonitor (JvmPauseMonitor.java:run(188)) - Starting JVM pause monitor
2019-11-13 13:02:19,091 [main] INFO  ozone.HddsDatanodeService (HddsDatanodeService.java:start(186)) - HddsDatanodeService host:pr-hdds-2452-7vw7s-1330541530 ip:192.168.157.200
2019-11-13 13:02:19,093 [Datanode State Machine Thread - 0] INFO  datanode.InitDatanodeState (InitDatanodeState.java:persistContainerDatanodeDetails(140)) - DatanodeDetails is persisted to /workdir/hadoop-ozone/integration-test/target/test-dir/MiniOzoneClusterImpl-90e8aeb1-2975-47c6-9bba-faf27de7fb8c/datanode-0/meta/datanode.id
2019-11-13 13:02:19,098 [main] INFO  volume.HddsVolume (HddsVolume.java:<init>(176)) - Creating Volume: /workdir/hadoop-ozone/integration-test/target/test-dir/MiniOzoneClusterImpl-90e8aeb1-2975-47c6-9bba-faf27de7fb8c/datanode-1/data/containers/hdds of  storage type : DISK and capacity : 1482555576320
2019-11-13 13:02:19,099 [main] INFO  volume.VolumeSet (VolumeSet.java:initializeVolumeSet(170)) - Added Volume : /workdir/hadoop-ozone/integration-test/target/test-dir/MiniOzoneClusterImpl-90e8aeb1-2975-47c6-9bba-faf27de7fb8c/datanode-1/data/containers/hdds to VolumeSet
2019-11-13 13:02:19,099 [main] INFO  volume.ThrottledAsyncChecker (ThrottledAsyncChecker.java:schedule(141)) - Scheduling a check for /workdir/hadoop-ozone/integration-test/target/test-dir/MiniOzoneClusterImpl-90e8aeb1-2975-47c6-9bba-faf27de7fb8c/datanode-1/data/containers/hdds
2019-11-13 13:02:19,099 [main] INFO  volume.HddsVolumeChecker (HddsVolumeChecker.java:checkAllVolumes(204)) - Scheduled health check for volume /workdir/hadoop-ozone/integration-test/target/test-dir/MiniOzoneClusterImpl-90e8aeb1-2975-47c6-9bba-faf27de7fb8c/datanode-1/data/containers/hdds
2019-11-13 13:02:19,116 [main] INFO  impl.RaftServerProxy (ConfUtils.java:logGet(43)) - raft.rpc.type = GRPC (default)
2019-11-13 13:02:19,117 [main] INFO  grpc.GrpcFactory (GrpcFactory.java:checkPooledByteBufAllocatorUseCacheForAllThreads(45)) - PERFORMANCE WARNING: useCacheForAllThreads is true that may cause Netty to create a lot garbage objects and, as a result, trigger GC.
	It is recommended to disable useCacheForAllThreads by setting -Dorg.apache.ratis.thirdparty.io.netty.allocator.useCacheForAllThreads=false in command line.
2019-11-13 13:02:19,117 [main] INFO  grpc.GrpcConfigKeys$Server (ConfUtils.java:logGet(43)) - raft.grpc.server.port = 0 (default)
2019-11-13 13:02:19,117 [main] INFO  server.GrpcService (ConfUtils.java:logGet(43)) - raft.grpc.message.size.max = 33570816 (custom)
2019-11-13 13:02:19,117 [main] INFO  server.RaftServerConfigKeys (ConfUtils.java:logGet(43)) - raft.server.log.appender.buffer.byte-limit = 33554432 (custom)
2019-11-13 13:02:19,118 [main] INFO  server.GrpcService (ConfUtils.java:logGet(43)) - raft.grpc.flow.control.window = 1MB (=1048576) (default)
2019-11-13 13:02:19,118 [main] INFO  server.RaftServerConfigKeys (ConfUtils.java:logGet(43)) - raft.server.rpc.request.timeout = 3000ms (default)
2019-11-13 13:02:19,118 [main] INFO  server.RaftServerConfigKeys (ConfUtils.java:logGet(43)) - raft.server.storage.dir = [/workdir/hadoop-ozone/integration-test/target/test-dir/MiniOzoneClusterImpl-90e8aeb1-2975-47c6-9bba-faf27de7fb8c/datanode-1/data/ratis] (custom)
2019-11-13 13:02:19,120 [main] INFO  hdfs.DFSUtil (DFSUtil.java:httpServerTemplateForNNAndJN(1641)) - Starting Web-server for hddsDatanode at: http://0.0.0.0:0
2019-11-13 13:02:19,122 [main] INFO  server.AuthenticationFilter (AuthenticationFilter.java:constructSecretProvider(240)) - Unable to initialize FileSignerSecretProvider, falling back to use random secrets.
2019-11-13 13:02:19,122 [main] WARN  http.HttpRequestLog (HttpRequestLog.java:getRequestLog(97)) - Jetty request log can only be enabled using Log4j
2019-11-13 13:02:19,124 [main] INFO  http.HttpServer2 (HttpServer2.java:addGlobalFilter(975)) - Added global filter 'safety' (class=org.apache.hadoop.http.HttpServer2$QuotingInputFilter)
2019-11-13 13:02:19,125 [main] INFO  http.HttpServer2 (HttpServer2.java:addFilter(948)) - Added filter static_user_filter (class=org.apache.hadoop.http.lib.StaticUserWebFilter$StaticUserFilter) to context hddsDatanode
2019-11-13 13:02:19,125 [main] INFO  http.HttpServer2 (HttpServer2.java:addFilter(958)) - Added filter static_user_filter (class=org.apache.hadoop.http.lib.StaticUserWebFilter$StaticUserFilter) to context logs
2019-11-13 13:02:19,125 [main] INFO  http.HttpServer2 (HttpServer2.java:addFilter(958)) - Added filter static_user_filter (class=org.apache.hadoop.http.lib.StaticUserWebFilter$StaticUserFilter) to context static
2019-11-13 13:02:19,126 [main] INFO  http.HttpServer2 (HttpServer2.java:bindListener(1191)) - Jetty bound to port 46446
2019-11-13 13:02:19,126 [main] INFO  server.Server (Server.java:doStart(351)) - jetty-9.3.25.v20180904, build timestamp: 2018-09-04T21:11:46Z, git hash: 3ce520221d0240229c862b122d2b06c12a625732
2019-11-13 13:02:19,128 [main] INFO  handler.ContextHandler (ContextHandler.java:doStart(781)) - Started o.e.j.s.ServletContextHandler@7e191fda{/logs,file:///workdir/hadoop-ozone/integration-test/target/log,AVAILABLE}
2019-11-13 13:02:19,128 [main] INFO  handler.ContextHandler (ContextHandler.java:doStart(781)) - Started o.e.j.s.ServletContextHandler@2ce524d2{/static,jar:file:/home/user/.m2/repository/org/apache/hadoop/hadoop-hdds-container-service/0.5.0-SNAPSHOT/hadoop-hdds-container-service-0.5.0-SNAPSHOT.jar!/webapps/static,AVAILABLE}
2019-11-13 13:02:19,159 [main] INFO  handler.ContextHandler (ContextHandler.java:doStart(781)) - Started o.e.j.w.WebAppContext@3de79067{/,file:///tmp/jetty-0.0.0.0-46446-hddsDatanode-_-any-3984780070435156450.dir/webapp/,AVAILABLE}{/hddsDatanode}
2019-11-13 13:02:19,159 [main] INFO  server.AbstractConnector (AbstractConnector.java:doStart(278)) - Started ServerConnector@1eb85a47{HTTP/1.1,[http/1.1]}{0.0.0.0:46446}
2019-11-13 13:02:19,161 [main] INFO  server.Server (Server.java:doStart(419)) - Started @233449ms
2019-11-13 13:02:19,162 [main] WARN  impl.MetricsSystemImpl (MetricsSystemImpl.java:register(276)) - Sink prometheus already exists!
2019-11-13 13:02:19,163 [main] INFO  server.BaseHttpServer (BaseHttpServer.java:updateConnectorAddress(215)) - HTTP server of HDDSDATANODE is listening at http://0.0.0.0:46446
2019-11-13 13:02:19,163 [main] INFO  impl.MetricsSystemImpl (MetricsSystemImpl.java:init(158)) - HddsDatanode metrics system started (again)
2019-11-13 13:02:19,169 [org.apache.hadoop.util.JvmPauseMonitor$Monitor@768b77b0] INFO  util.JvmPauseMonitor (JvmPauseMonitor.java:run(188)) - Starting JVM pause monitor
2019-11-13 13:02:19,170 [main] INFO  ozone.HddsDatanodeService (HddsDatanodeService.java:start(186)) - HddsDatanodeService host:pr-hdds-2452-7vw7s-1330541530 ip:192.168.157.200
2019-11-13 13:02:19,172 [Datanode State Machine Thread - 0] INFO  datanode.InitDatanodeState (InitDatanodeState.java:persistContainerDatanodeDetails(140)) - DatanodeDetails is persisted to /workdir/hadoop-ozone/integration-test/target/test-dir/MiniOzoneClusterImpl-90e8aeb1-2975-47c6-9bba-faf27de7fb8c/datanode-1/meta/datanode.id
2019-11-13 13:02:19,180 [main] INFO  volume.HddsVolume (HddsVolume.java:<init>(176)) - Creating Volume: /workdir/hadoop-ozone/integration-test/target/test-dir/MiniOzoneClusterImpl-90e8aeb1-2975-47c6-9bba-faf27de7fb8c/datanode-2/data/containers/hdds of  storage type : DISK and capacity : 1482555576320
2019-11-13 13:02:19,181 [main] INFO  volume.VolumeSet (VolumeSet.java:initializeVolumeSet(170)) - Added Volume : /workdir/hadoop-ozone/integration-test/target/test-dir/MiniOzoneClusterImpl-90e8aeb1-2975-47c6-9bba-faf27de7fb8c/datanode-2/data/containers/hdds to VolumeSet
2019-11-13 13:02:19,181 [main] INFO  volume.ThrottledAsyncChecker (ThrottledAsyncChecker.java:schedule(141)) - Scheduling a check for /workdir/hadoop-ozone/integration-test/target/test-dir/MiniOzoneClusterImpl-90e8aeb1-2975-47c6-9bba-faf27de7fb8c/datanode-2/data/containers/hdds
2019-11-13 13:02:19,182 [main] INFO  volume.HddsVolumeChecker (HddsVolumeChecker.java:checkAllVolumes(204)) - Scheduled health check for volume /workdir/hadoop-ozone/integration-test/target/test-dir/MiniOzoneClusterImpl-90e8aeb1-2975-47c6-9bba-faf27de7fb8c/datanode-2/data/containers/hdds
2019-11-13 13:02:19,198 [main] INFO  impl.RaftServerProxy (ConfUtils.java:logGet(43)) - raft.rpc.type = GRPC (default)
2019-11-13 13:02:19,199 [main] INFO  grpc.GrpcFactory (GrpcFactory.java:checkPooledByteBufAllocatorUseCacheForAllThreads(45)) - PERFORMANCE WARNING: useCacheForAllThreads is true that may cause Netty to create a lot garbage objects and, as a result, trigger GC.
	It is recommended to disable useCacheForAllThreads by setting -Dorg.apache.ratis.thirdparty.io.netty.allocator.useCacheForAllThreads=false in command line.
2019-11-13 13:02:19,199 [main] INFO  grpc.GrpcConfigKeys$Server (ConfUtils.java:logGet(43)) - raft.grpc.server.port = 0 (default)
2019-11-13 13:02:19,199 [main] INFO  server.GrpcService (ConfUtils.java:logGet(43)) - raft.grpc.message.size.max = 33570816 (custom)
2019-11-13 13:02:19,199 [main] INFO  server.RaftServerConfigKeys (ConfUtils.java:logGet(43)) - raft.server.log.appender.buffer.byte-limit = 33554432 (custom)
2019-11-13 13:02:19,200 [main] INFO  server.GrpcService (ConfUtils.java:logGet(43)) - raft.grpc.flow.control.window = 1MB (=1048576) (default)
2019-11-13 13:02:19,200 [main] INFO  server.RaftServerConfigKeys (ConfUtils.java:logGet(43)) - raft.server.rpc.request.timeout = 3000ms (default)
2019-11-13 13:02:19,200 [main] INFO  server.RaftServerConfigKeys (ConfUtils.java:logGet(43)) - raft.server.storage.dir = [/workdir/hadoop-ozone/integration-test/target/test-dir/MiniOzoneClusterImpl-90e8aeb1-2975-47c6-9bba-faf27de7fb8c/datanode-2/data/ratis] (custom)
2019-11-13 13:02:19,202 [main] INFO  hdfs.DFSUtil (DFSUtil.java:httpServerTemplateForNNAndJN(1641)) - Starting Web-server for hddsDatanode at: http://0.0.0.0:0
2019-11-13 13:02:19,203 [main] INFO  server.AuthenticationFilter (AuthenticationFilter.java:constructSecretProvider(240)) - Unable to initialize FileSignerSecretProvider, falling back to use random secrets.
2019-11-13 13:02:19,204 [main] WARN  http.HttpRequestLog (HttpRequestLog.java:getRequestLog(97)) - Jetty request log can only be enabled using Log4j
2019-11-13 13:02:19,205 [main] INFO  http.HttpServer2 (HttpServer2.java:addGlobalFilter(975)) - Added global filter 'safety' (class=org.apache.hadoop.http.HttpServer2$QuotingInputFilter)
2019-11-13 13:02:19,205 [main] INFO  http.HttpServer2 (HttpServer2.java:addFilter(948)) - Added filter static_user_filter (class=org.apache.hadoop.http.lib.StaticUserWebFilter$StaticUserFilter) to context hddsDatanode
2019-11-13 13:02:19,205 [main] INFO  http.HttpServer2 (HttpServer2.java:addFilter(958)) - Added filter static_user_filter (class=org.apache.hadoop.http.lib.StaticUserWebFilter$StaticUserFilter) to context logs
2019-11-13 13:02:19,205 [main] INFO  http.HttpServer2 (HttpServer2.java:addFilter(958)) - Added filter static_user_filter (class=org.apache.hadoop.http.lib.StaticUserWebFilter$StaticUserFilter) to context static
2019-11-13 13:02:19,206 [main] INFO  http.HttpServer2 (HttpServer2.java:bindListener(1191)) - Jetty bound to port 40707
2019-11-13 13:02:19,206 [main] INFO  server.Server (Server.java:doStart(351)) - jetty-9.3.25.v20180904, build timestamp: 2018-09-04T21:11:46Z, git hash: 3ce520221d0240229c862b122d2b06c12a625732
2019-11-13 13:02:19,208 [main] INFO  handler.ContextHandler (ContextHandler.java:doStart(781)) - Started o.e.j.s.ServletContextHandler@646d810b{/logs,file:///workdir/hadoop-ozone/integration-test/target/log,AVAILABLE}
2019-11-13 13:02:19,208 [main] INFO  handler.ContextHandler (ContextHandler.java:doStart(781)) - Started o.e.j.s.ServletContextHandler@9408857{/static,jar:file:/home/user/.m2/repository/org/apache/hadoop/hadoop-hdds-container-service/0.5.0-SNAPSHOT/hadoop-hdds-container-service-0.5.0-SNAPSHOT.jar!/webapps/static,AVAILABLE}
2019-11-13 13:02:19,237 [main] INFO  handler.ContextHandler (ContextHandler.java:doStart(781)) - Started o.e.j.w.WebAppContext@191ec193{/,file:///tmp/jetty-0.0.0.0-40707-hddsDatanode-_-any-5076782265901699050.dir/webapp/,AVAILABLE}{/hddsDatanode}
2019-11-13 13:02:19,237 [main] INFO  server.AbstractConnector (AbstractConnector.java:doStart(278)) - Started ServerConnector@6321a5aa{HTTP/1.1,[http/1.1]}{0.0.0.0:40707}
2019-11-13 13:02:19,237 [main] INFO  server.Server (Server.java:doStart(419)) - Started @233524ms
2019-11-13 13:02:19,238 [main] WARN  impl.MetricsSystemImpl (MetricsSystemImpl.java:register(276)) - Sink prometheus already exists!
2019-11-13 13:02:19,239 [main] INFO  server.BaseHttpServer (BaseHttpServer.java:updateConnectorAddress(215)) - HTTP server of HDDSDATANODE is listening at http://0.0.0.0:40707
2019-11-13 13:02:19,240 [main] INFO  impl.MetricsSystemImpl (MetricsSystemImpl.java:init(158)) - HddsDatanode metrics system started (again)
2019-11-13 13:02:19,243 [main] INFO  ozone.HddsDatanodeService (HddsDatanodeService.java:start(186)) - HddsDatanodeService host:pr-hdds-2452-7vw7s-1330541530 ip:192.168.157.200
2019-11-13 13:02:19,243 [org.apache.hadoop.util.JvmPauseMonitor$Monitor@7263f2aa] INFO  util.JvmPauseMonitor (JvmPauseMonitor.java:run(188)) - Starting JVM pause monitor
2019-11-13 13:02:19,245 [Datanode State Machine Thread - 0] INFO  datanode.InitDatanodeState (InitDatanodeState.java:persistContainerDatanodeDetails(140)) - DatanodeDetails is persisted to /workdir/hadoop-ozone/integration-test/target/test-dir/MiniOzoneClusterImpl-90e8aeb1-2975-47c6-9bba-faf27de7fb8c/datanode-2/meta/datanode.id
2019-11-13 13:02:19,251 [main] INFO  volume.HddsVolume (HddsVolume.java:<init>(176)) - Creating Volume: /workdir/hadoop-ozone/integration-test/target/test-dir/MiniOzoneClusterImpl-90e8aeb1-2975-47c6-9bba-faf27de7fb8c/datanode-3/data/containers/hdds of  storage type : DISK and capacity : 1482555576320
2019-11-13 13:02:19,251 [main] INFO  volume.VolumeSet (VolumeSet.java:initializeVolumeSet(170)) - Added Volume : /workdir/hadoop-ozone/integration-test/target/test-dir/MiniOzoneClusterImpl-90e8aeb1-2975-47c6-9bba-faf27de7fb8c/datanode-3/data/containers/hdds to VolumeSet
2019-11-13 13:02:19,251 [main] INFO  volume.ThrottledAsyncChecker (ThrottledAsyncChecker.java:schedule(141)) - Scheduling a check for /workdir/hadoop-ozone/integration-test/target/test-dir/MiniOzoneClusterImpl-90e8aeb1-2975-47c6-9bba-faf27de7fb8c/datanode-3/data/containers/hdds
2019-11-13 13:02:19,252 [main] INFO  volume.HddsVolumeChecker (HddsVolumeChecker.java:checkAllVolumes(204)) - Scheduled health check for volume /workdir/hadoop-ozone/integration-test/target/test-dir/MiniOzoneClusterImpl-90e8aeb1-2975-47c6-9bba-faf27de7fb8c/datanode-3/data/containers/hdds
2019-11-13 13:02:19,266 [main] INFO  impl.RaftServerProxy (ConfUtils.java:logGet(43)) - raft.rpc.type = GRPC (default)
2019-11-13 13:02:19,266 [main] INFO  grpc.GrpcFactory (GrpcFactory.java:checkPooledByteBufAllocatorUseCacheForAllThreads(45)) - PERFORMANCE WARNING: useCacheForAllThreads is true that may cause Netty to create a lot garbage objects and, as a result, trigger GC.
	It is recommended to disable useCacheForAllThreads by setting -Dorg.apache.ratis.thirdparty.io.netty.allocator.useCacheForAllThreads=false in command line.
2019-11-13 13:02:19,266 [main] INFO  grpc.GrpcConfigKeys$Server (ConfUtils.java:logGet(43)) - raft.grpc.server.port = 0 (default)
2019-11-13 13:02:19,267 [main] INFO  server.GrpcService (ConfUtils.java:logGet(43)) - raft.grpc.message.size.max = 33570816 (custom)
2019-11-13 13:02:19,267 [main] INFO  server.RaftServerConfigKeys (ConfUtils.java:logGet(43)) - raft.server.log.appender.buffer.byte-limit = 33554432 (custom)
2019-11-13 13:02:19,267 [main] INFO  server.GrpcService (ConfUtils.java:logGet(43)) - raft.grpc.flow.control.window = 1MB (=1048576) (default)
2019-11-13 13:02:19,267 [main] INFO  server.RaftServerConfigKeys (ConfUtils.java:logGet(43)) - raft.server.rpc.request.timeout = 3000ms (default)
2019-11-13 13:02:19,267 [main] INFO  server.RaftServerConfigKeys (ConfUtils.java:logGet(43)) - raft.server.storage.dir = [/workdir/hadoop-ozone/integration-test/target/test-dir/MiniOzoneClusterImpl-90e8aeb1-2975-47c6-9bba-faf27de7fb8c/datanode-3/data/ratis] (custom)
2019-11-13 13:02:19,269 [main] INFO  hdfs.DFSUtil (DFSUtil.java:httpServerTemplateForNNAndJN(1641)) - Starting Web-server for hddsDatanode at: http://0.0.0.0:0
2019-11-13 13:02:19,270 [main] INFO  server.AuthenticationFilter (AuthenticationFilter.java:constructSecretProvider(240)) - Unable to initialize FileSignerSecretProvider, falling back to use random secrets.
2019-11-13 13:02:19,271 [main] WARN  http.HttpRequestLog (HttpRequestLog.java:getRequestLog(97)) - Jetty request log can only be enabled using Log4j
2019-11-13 13:02:19,272 [main] INFO  http.HttpServer2 (HttpServer2.java:addGlobalFilter(975)) - Added global filter 'safety' (class=org.apache.hadoop.http.HttpServer2$QuotingInputFilter)
2019-11-13 13:02:19,273 [main] INFO  http.HttpServer2 (HttpServer2.java:addFilter(948)) - Added filter static_user_filter (class=org.apache.hadoop.http.lib.StaticUserWebFilter$StaticUserFilter) to context hddsDatanode
2019-11-13 13:02:19,273 [main] INFO  http.HttpServer2 (HttpServer2.java:addFilter(958)) - Added filter static_user_filter (class=org.apache.hadoop.http.lib.StaticUserWebFilter$StaticUserFilter) to context logs
2019-11-13 13:02:19,273 [main] INFO  http.HttpServer2 (HttpServer2.java:addFilter(958)) - Added filter static_user_filter (class=org.apache.hadoop.http.lib.StaticUserWebFilter$StaticUserFilter) to context static
2019-11-13 13:02:19,274 [main] INFO  http.HttpServer2 (HttpServer2.java:bindListener(1191)) - Jetty bound to port 38960
2019-11-13 13:02:19,274 [main] INFO  server.Server (Server.java:doStart(351)) - jetty-9.3.25.v20180904, build timestamp: 2018-09-04T21:11:46Z, git hash: 3ce520221d0240229c862b122d2b06c12a625732
2019-11-13 13:02:19,275 [main] INFO  handler.ContextHandler (ContextHandler.java:doStart(781)) - Started o.e.j.s.ServletContextHandler@2f4d32bf{/logs,file:///workdir/hadoop-ozone/integration-test/target/log,AVAILABLE}
2019-11-13 13:02:19,276 [main] INFO  handler.ContextHandler (ContextHandler.java:doStart(781)) - Started o.e.j.s.ServletContextHandler@6ce26986{/static,jar:file:/home/user/.m2/repository/org/apache/hadoop/hadoop-hdds-container-service/0.5.0-SNAPSHOT/hadoop-hdds-container-service-0.5.0-SNAPSHOT.jar!/webapps/static,AVAILABLE}
2019-11-13 13:02:19,321 [main] INFO  handler.ContextHandler (ContextHandler.java:doStart(781)) - Started o.e.j.w.WebAppContext@7ea71fc2{/,file:///tmp/jetty-0.0.0.0-38960-hddsDatanode-_-any-6525196722049186737.dir/webapp/,AVAILABLE}{/hddsDatanode}
2019-11-13 13:02:19,322 [main] INFO  server.AbstractConnector (AbstractConnector.java:doStart(278)) - Started ServerConnector@19ad75e5{HTTP/1.1,[http/1.1]}{0.0.0.0:38960}
2019-11-13 13:02:19,323 [main] INFO  server.Server (Server.java:doStart(419)) - Started @233610ms
2019-11-13 13:02:19,323 [main] WARN  impl.MetricsSystemImpl (MetricsSystemImpl.java:register(276)) - Sink prometheus already exists!
2019-11-13 13:02:19,324 [main] INFO  server.BaseHttpServer (BaseHttpServer.java:updateConnectorAddress(215)) - HTTP server of HDDSDATANODE is listening at http://0.0.0.0:38960
2019-11-13 13:02:19,324 [main] INFO  impl.MetricsSystemImpl (MetricsSystemImpl.java:init(158)) - HddsDatanode metrics system started (again)
2019-11-13 13:02:19,328 [org.apache.hadoop.util.JvmPauseMonitor$Monitor@7c2e36b9] INFO  util.JvmPauseMonitor (JvmPauseMonitor.java:run(188)) - Starting JVM pause monitor
2019-11-13 13:02:19,329 [main] INFO  ozone.HddsDatanodeService (HddsDatanodeService.java:start(186)) - HddsDatanodeService host:pr-hdds-2452-7vw7s-1330541530 ip:192.168.157.200
2019-11-13 13:02:19,330 [Datanode State Machine Thread - 0] INFO  datanode.InitDatanodeState (InitDatanodeState.java:persistContainerDatanodeDetails(140)) - DatanodeDetails is persisted to /workdir/hadoop-ozone/integration-test/target/test-dir/MiniOzoneClusterImpl-90e8aeb1-2975-47c6-9bba-faf27de7fb8c/datanode-3/meta/datanode.id
2019-11-13 13:02:19,336 [main] INFO  volume.HddsVolume (HddsVolume.java:<init>(176)) - Creating Volume: /workdir/hadoop-ozone/integration-test/target/test-dir/MiniOzoneClusterImpl-90e8aeb1-2975-47c6-9bba-faf27de7fb8c/datanode-4/data/containers/hdds of  storage type : DISK and capacity : 1482555576320
2019-11-13 13:02:19,337 [main] INFO  volume.VolumeSet (VolumeSet.java:initializeVolumeSet(170)) - Added Volume : /workdir/hadoop-ozone/integration-test/target/test-dir/MiniOzoneClusterImpl-90e8aeb1-2975-47c6-9bba-faf27de7fb8c/datanode-4/data/containers/hdds to VolumeSet
2019-11-13 13:02:19,337 [main] INFO  volume.ThrottledAsyncChecker (ThrottledAsyncChecker.java:schedule(141)) - Scheduling a check for /workdir/hadoop-ozone/integration-test/target/test-dir/MiniOzoneClusterImpl-90e8aeb1-2975-47c6-9bba-faf27de7fb8c/datanode-4/data/containers/hdds
2019-11-13 13:02:19,338 [main] INFO  volume.HddsVolumeChecker (HddsVolumeChecker.java:checkAllVolumes(204)) - Scheduled health check for volume /workdir/hadoop-ozone/integration-test/target/test-dir/MiniOzoneClusterImpl-90e8aeb1-2975-47c6-9bba-faf27de7fb8c/datanode-4/data/containers/hdds
2019-11-13 13:02:19,360 [main] INFO  impl.RaftServerProxy (ConfUtils.java:logGet(43)) - raft.rpc.type = GRPC (default)
2019-11-13 13:02:19,360 [main] INFO  grpc.GrpcFactory (GrpcFactory.java:checkPooledByteBufAllocatorUseCacheForAllThreads(45)) - PERFORMANCE WARNING: useCacheForAllThreads is true that may cause Netty to create a lot garbage objects and, as a result, trigger GC.
	It is recommended to disable useCacheForAllThreads by setting -Dorg.apache.ratis.thirdparty.io.netty.allocator.useCacheForAllThreads=false in command line.
2019-11-13 13:02:19,360 [main] INFO  grpc.GrpcConfigKeys$Server (ConfUtils.java:logGet(43)) - raft.grpc.server.port = 0 (default)
2019-11-13 13:02:19,360 [main] INFO  server.GrpcService (ConfUtils.java:logGet(43)) - raft.grpc.message.size.max = 33570816 (custom)
2019-11-13 13:02:19,361 [main] INFO  server.RaftServerConfigKeys (ConfUtils.java:logGet(43)) - raft.server.log.appender.buffer.byte-limit = 33554432 (custom)
2019-11-13 13:02:19,361 [main] INFO  server.GrpcService (ConfUtils.java:logGet(43)) - raft.grpc.flow.control.window = 1MB (=1048576) (default)
2019-11-13 13:02:19,361 [main] INFO  server.RaftServerConfigKeys (ConfUtils.java:logGet(43)) - raft.server.rpc.request.timeout = 3000ms (default)
2019-11-13 13:02:19,362 [main] INFO  server.RaftServerConfigKeys (ConfUtils.java:logGet(43)) - raft.server.storage.dir = [/workdir/hadoop-ozone/integration-test/target/test-dir/MiniOzoneClusterImpl-90e8aeb1-2975-47c6-9bba-faf27de7fb8c/datanode-4/data/ratis] (custom)
2019-11-13 13:02:19,364 [main] INFO  hdfs.DFSUtil (DFSUtil.java:httpServerTemplateForNNAndJN(1641)) - Starting Web-server for hddsDatanode at: http://0.0.0.0:0
2019-11-13 13:02:19,366 [main] INFO  server.AuthenticationFilter (AuthenticationFilter.java:constructSecretProvider(240)) - Unable to initialize FileSignerSecretProvider, falling back to use random secrets.
2019-11-13 13:02:19,367 [main] WARN  http.HttpRequestLog (HttpRequestLog.java:getRequestLog(97)) - Jetty request log can only be enabled using Log4j
2019-11-13 13:02:19,369 [main] INFO  http.HttpServer2 (HttpServer2.java:addGlobalFilter(975)) - Added global filter 'safety' (class=org.apache.hadoop.http.HttpServer2$QuotingInputFilter)
2019-11-13 13:02:19,369 [main] INFO  http.HttpServer2 (HttpServer2.java:addFilter(948)) - Added filter static_user_filter (class=org.apache.hadoop.http.lib.StaticUserWebFilter$StaticUserFilter) to context hddsDatanode
2019-11-13 13:02:19,370 [main] INFO  http.HttpServer2 (HttpServer2.java:addFilter(958)) - Added filter static_user_filter (class=org.apache.hadoop.http.lib.StaticUserWebFilter$StaticUserFilter) to context logs
2019-11-13 13:02:19,370 [main] INFO  http.HttpServer2 (HttpServer2.java:addFilter(958)) - Added filter static_user_filter (class=org.apache.hadoop.http.lib.StaticUserWebFilter$StaticUserFilter) to context static
2019-11-13 13:02:19,371 [main] INFO  http.HttpServer2 (HttpServer2.java:bindListener(1191)) - Jetty bound to port 40787
2019-11-13 13:02:19,371 [main] INFO  server.Server (Server.java:doStart(351)) - jetty-9.3.25.v20180904, build timestamp: 2018-09-04T21:11:46Z, git hash: 3ce520221d0240229c862b122d2b06c12a625732
2019-11-13 13:02:19,373 [main] INFO  handler.ContextHandler (ContextHandler.java:doStart(781)) - Started o.e.j.s.ServletContextHandler@150fc7a7{/logs,file:///workdir/hadoop-ozone/integration-test/target/log,AVAILABLE}
2019-11-13 13:02:19,374 [main] INFO  handler.ContextHandler (ContextHandler.java:doStart(781)) - Started o.e.j.s.ServletContextHandler@798cf6d2{/static,jar:file:/home/user/.m2/repository/org/apache/hadoop/hadoop-hdds-container-service/0.5.0-SNAPSHOT/hadoop-hdds-container-service-0.5.0-SNAPSHOT.jar!/webapps/static,AVAILABLE}
2019-11-13 13:02:19,423 [main] INFO  handler.ContextHandler (ContextHandler.java:doStart(781)) - Started o.e.j.w.WebAppContext@4b93dd6a{/,file:///tmp/jetty-0.0.0.0-40787-hddsDatanode-_-any-3091087238994604461.dir/webapp/,AVAILABLE}{/hddsDatanode}
2019-11-13 13:02:19,424 [main] INFO  server.AbstractConnector (AbstractConnector.java:doStart(278)) - Started ServerConnector@582a3b19{HTTP/1.1,[http/1.1]}{0.0.0.0:40787}
2019-11-13 13:02:19,426 [main] INFO  server.Server (Server.java:doStart(419)) - Started @233713ms
2019-11-13 13:02:19,426 [main] WARN  impl.MetricsSystemImpl (MetricsSystemImpl.java:register(276)) - Sink prometheus already exists!
2019-11-13 13:02:19,427 [main] INFO  server.BaseHttpServer (BaseHttpServer.java:updateConnectorAddress(215)) - HTTP server of HDDSDATANODE is listening at http://0.0.0.0:40787
2019-11-13 13:02:19,428 [main] INFO  impl.MetricsSystemImpl (MetricsSystemImpl.java:init(158)) - HddsDatanode metrics system started (again)
2019-11-13 13:02:19,432 [org.apache.hadoop.util.JvmPauseMonitor$Monitor@5ce23bf8] INFO  util.JvmPauseMonitor (JvmPauseMonitor.java:run(188)) - Starting JVM pause monitor
2019-11-13 13:02:19,432 [main] INFO  ozone.HddsDatanodeService (HddsDatanodeService.java:start(186)) - HddsDatanodeService host:pr-hdds-2452-7vw7s-1330541530 ip:192.168.157.200
2019-11-13 13:02:19,433 [Datanode State Machine Thread - 0] INFO  datanode.InitDatanodeState (InitDatanodeState.java:persistContainerDatanodeDetails(140)) - DatanodeDetails is persisted to /workdir/hadoop-ozone/integration-test/target/test-dir/MiniOzoneClusterImpl-90e8aeb1-2975-47c6-9bba-faf27de7fb8c/datanode-4/meta/datanode.id
2019-11-13 13:02:19,440 [main] INFO  volume.HddsVolume (HddsVolume.java:<init>(176)) - Creating Volume: /workdir/hadoop-ozone/integration-test/target/test-dir/MiniOzoneClusterImpl-90e8aeb1-2975-47c6-9bba-faf27de7fb8c/datanode-5/data/containers/hdds of  storage type : DISK and capacity : 1482555576320
2019-11-13 13:02:19,440 [main] INFO  volume.VolumeSet (VolumeSet.java:initializeVolumeSet(170)) - Added Volume : /workdir/hadoop-ozone/integration-test/target/test-dir/MiniOzoneClusterImpl-90e8aeb1-2975-47c6-9bba-faf27de7fb8c/datanode-5/data/containers/hdds to VolumeSet
2019-11-13 13:02:19,440 [main] INFO  volume.ThrottledAsyncChecker (ThrottledAsyncChecker.java:schedule(141)) - Scheduling a check for /workdir/hadoop-ozone/integration-test/target/test-dir/MiniOzoneClusterImpl-90e8aeb1-2975-47c6-9bba-faf27de7fb8c/datanode-5/data/containers/hdds
2019-11-13 13:02:19,441 [main] INFO  volume.HddsVolumeChecker (HddsVolumeChecker.java:checkAllVolumes(204)) - Scheduled health check for volume /workdir/hadoop-ozone/integration-test/target/test-dir/MiniOzoneClusterImpl-90e8aeb1-2975-47c6-9bba-faf27de7fb8c/datanode-5/data/containers/hdds
2019-11-13 13:02:19,457 [main] INFO  impl.RaftServerProxy (ConfUtils.java:logGet(43)) - raft.rpc.type = GRPC (default)
2019-11-13 13:02:19,457 [main] INFO  grpc.GrpcFactory (GrpcFactory.java:checkPooledByteBufAllocatorUseCacheForAllThreads(45)) - PERFORMANCE WARNING: useCacheForAllThreads is true that may cause Netty to create a lot garbage objects and, as a result, trigger GC.
	It is recommended to disable useCacheForAllThreads by setting -Dorg.apache.ratis.thirdparty.io.netty.allocator.useCacheForAllThreads=false in command line.
2019-11-13 13:02:19,457 [main] INFO  grpc.GrpcConfigKeys$Server (ConfUtils.java:logGet(43)) - raft.grpc.server.port = 0 (default)
2019-11-13 13:02:19,458 [main] INFO  server.GrpcService (ConfUtils.java:logGet(43)) - raft.grpc.message.size.max = 33570816 (custom)
2019-11-13 13:02:19,458 [main] INFO  server.RaftServerConfigKeys (ConfUtils.java:logGet(43)) - raft.server.log.appender.buffer.byte-limit = 33554432 (custom)
2019-11-13 13:02:19,458 [main] INFO  server.GrpcService (ConfUtils.java:logGet(43)) - raft.grpc.flow.control.window = 1MB (=1048576) (default)
2019-11-13 13:02:19,458 [main] INFO  server.RaftServerConfigKeys (ConfUtils.java:logGet(43)) - raft.server.rpc.request.timeout = 3000ms (default)
2019-11-13 13:02:19,459 [main] INFO  server.RaftServerConfigKeys (ConfUtils.java:logGet(43)) - raft.server.storage.dir = [/workdir/hadoop-ozone/integration-test/target/test-dir/MiniOzoneClusterImpl-90e8aeb1-2975-47c6-9bba-faf27de7fb8c/datanode-5/data/ratis] (custom)
2019-11-13 13:02:19,460 [main] INFO  hdfs.DFSUtil (DFSUtil.java:httpServerTemplateForNNAndJN(1641)) - Starting Web-server for hddsDatanode at: http://0.0.0.0:0
2019-11-13 13:02:19,462 [main] INFO  server.AuthenticationFilter (AuthenticationFilter.java:constructSecretProvider(240)) - Unable to initialize FileSignerSecretProvider, falling back to use random secrets.
2019-11-13 13:02:19,462 [main] WARN  http.HttpRequestLog (HttpRequestLog.java:getRequestLog(97)) - Jetty request log can only be enabled using Log4j
2019-11-13 13:02:19,464 [main] INFO  http.HttpServer2 (HttpServer2.java:addGlobalFilter(975)) - Added global filter 'safety' (class=org.apache.hadoop.http.HttpServer2$QuotingInputFilter)
2019-11-13 13:02:19,464 [main] INFO  http.HttpServer2 (HttpServer2.java:addFilter(948)) - Added filter static_user_filter (class=org.apache.hadoop.http.lib.StaticUserWebFilter$StaticUserFilter) to context hddsDatanode
2019-11-13 13:02:19,465 [main] INFO  http.HttpServer2 (HttpServer2.java:addFilter(958)) - Added filter static_user_filter (class=org.apache.hadoop.http.lib.StaticUserWebFilter$StaticUserFilter) to context static
2019-11-13 13:02:19,465 [main] INFO  http.HttpServer2 (HttpServer2.java:addFilter(958)) - Added filter static_user_filter (class=org.apache.hadoop.http.lib.StaticUserWebFilter$StaticUserFilter) to context logs
2019-11-13 13:02:19,466 [main] INFO  http.HttpServer2 (HttpServer2.java:bindListener(1191)) - Jetty bound to port 45057
2019-11-13 13:02:19,466 [main] INFO  server.Server (Server.java:doStart(351)) - jetty-9.3.25.v20180904, build timestamp: 2018-09-04T21:11:46Z, git hash: 3ce520221d0240229c862b122d2b06c12a625732
2019-11-13 13:02:19,468 [main] INFO  handler.ContextHandler (ContextHandler.java:doStart(781)) - Started o.e.j.s.ServletContextHandler@79be91eb{/logs,file:///workdir/hadoop-ozone/integration-test/target/log,AVAILABLE}
2019-11-13 13:02:19,468 [main] INFO  handler.ContextHandler (ContextHandler.java:doStart(781)) - Started o.e.j.s.ServletContextHandler@684ce74c{/static,jar:file:/home/user/.m2/repository/org/apache/hadoop/hadoop-hdds-container-service/0.5.0-SNAPSHOT/hadoop-hdds-container-service-0.5.0-SNAPSHOT.jar!/webapps/static,AVAILABLE}
2019-11-13 13:02:19,501 [main] INFO  handler.ContextHandler (ContextHandler.java:doStart(781)) - Started o.e.j.w.WebAppContext@5bf4764d{/,file:///tmp/jetty-0.0.0.0-45057-hddsDatanode-_-any-3969082355692787278.dir/webapp/,AVAILABLE}{/hddsDatanode}
2019-11-13 13:02:19,501 [main] INFO  server.AbstractConnector (AbstractConnector.java:doStart(278)) - Started ServerConnector@71789580{HTTP/1.1,[http/1.1]}{0.0.0.0:45057}
2019-11-13 13:02:19,501 [main] INFO  server.Server (Server.java:doStart(419)) - Started @233789ms
2019-11-13 13:02:19,503 [main] WARN  impl.MetricsSystemImpl (MetricsSystemImpl.java:register(276)) - Sink prometheus already exists!
2019-11-13 13:02:19,504 [main] INFO  server.BaseHttpServer (BaseHttpServer.java:updateConnectorAddress(215)) - HTTP server of HDDSDATANODE is listening at http://0.0.0.0:45057
2019-11-13 13:02:19,504 [main] INFO  impl.MetricsSystemImpl (MetricsSystemImpl.java:init(158)) - HddsDatanode metrics system started (again)
2019-11-13 13:02:19,509 [main] INFO  ozone.HddsDatanodeService (HddsDatanodeService.java:start(186)) - HddsDatanodeService host:pr-hdds-2452-7vw7s-1330541530 ip:192.168.157.200
2019-11-13 13:02:19,509 [org.apache.hadoop.util.JvmPauseMonitor$Monitor@b4077a1] INFO  util.JvmPauseMonitor (JvmPauseMonitor.java:run(188)) - Starting JVM pause monitor
2019-11-13 13:02:19,510 [Datanode State Machine Thread - 0] INFO  datanode.InitDatanodeState (InitDatanodeState.java:persistContainerDatanodeDetails(140)) - DatanodeDetails is persisted to /workdir/hadoop-ozone/integration-test/target/test-dir/MiniOzoneClusterImpl-90e8aeb1-2975-47c6-9bba-faf27de7fb8c/datanode-5/meta/datanode.id
2019-11-13 13:02:19,515 [main] INFO  volume.HddsVolume (HddsVolume.java:<init>(176)) - Creating Volume: /workdir/hadoop-ozone/integration-test/target/test-dir/MiniOzoneClusterImpl-90e8aeb1-2975-47c6-9bba-faf27de7fb8c/datanode-6/data/containers/hdds of  storage type : DISK and capacity : 1482555576320
2019-11-13 13:02:19,516 [main] INFO  volume.VolumeSet (VolumeSet.java:initializeVolumeSet(170)) - Added Volume : /workdir/hadoop-ozone/integration-test/target/test-dir/MiniOzoneClusterImpl-90e8aeb1-2975-47c6-9bba-faf27de7fb8c/datanode-6/data/containers/hdds to VolumeSet
2019-11-13 13:02:19,516 [main] INFO  volume.ThrottledAsyncChecker (ThrottledAsyncChecker.java:schedule(141)) - Scheduling a check for /workdir/hadoop-ozone/integration-test/target/test-dir/MiniOzoneClusterImpl-90e8aeb1-2975-47c6-9bba-faf27de7fb8c/datanode-6/data/containers/hdds
2019-11-13 13:02:19,517 [main] INFO  volume.HddsVolumeChecker (HddsVolumeChecker.java:checkAllVolumes(204)) - Scheduled health check for volume /workdir/hadoop-ozone/integration-test/target/test-dir/MiniOzoneClusterImpl-90e8aeb1-2975-47c6-9bba-faf27de7fb8c/datanode-6/data/containers/hdds
2019-11-13 13:02:19,531 [main] INFO  impl.RaftServerProxy (ConfUtils.java:logGet(43)) - raft.rpc.type = GRPC (default)
2019-11-13 13:02:19,531 [main] INFO  grpc.GrpcFactory (GrpcFactory.java:checkPooledByteBufAllocatorUseCacheForAllThreads(45)) - PERFORMANCE WARNING: useCacheForAllThreads is true that may cause Netty to create a lot garbage objects and, as a result, trigger GC.
	It is recommended to disable useCacheForAllThreads by setting -Dorg.apache.ratis.thirdparty.io.netty.allocator.useCacheForAllThreads=false in command line.
2019-11-13 13:02:19,531 [main] INFO  grpc.GrpcConfigKeys$Server (ConfUtils.java:logGet(43)) - raft.grpc.server.port = 0 (default)
2019-11-13 13:02:19,531 [main] INFO  server.GrpcService (ConfUtils.java:logGet(43)) - raft.grpc.message.size.max = 33570816 (custom)
2019-11-13 13:02:19,531 [main] INFO  server.RaftServerConfigKeys (ConfUtils.java:logGet(43)) - raft.server.log.appender.buffer.byte-limit = 33554432 (custom)
2019-11-13 13:02:19,532 [main] INFO  server.GrpcService (ConfUtils.java:logGet(43)) - raft.grpc.flow.control.window = 1MB (=1048576) (default)
2019-11-13 13:02:19,532 [main] INFO  server.RaftServerConfigKeys (ConfUtils.java:logGet(43)) - raft.server.rpc.request.timeout = 3000ms (default)
2019-11-13 13:02:19,532 [main] INFO  server.RaftServerConfigKeys (ConfUtils.java:logGet(43)) - raft.server.storage.dir = [/workdir/hadoop-ozone/integration-test/target/test-dir/MiniOzoneClusterImpl-90e8aeb1-2975-47c6-9bba-faf27de7fb8c/datanode-6/data/ratis] (custom)
2019-11-13 13:02:19,533 [main] INFO  hdfs.DFSUtil (DFSUtil.java:httpServerTemplateForNNAndJN(1641)) - Starting Web-server for hddsDatanode at: http://0.0.0.0:0
2019-11-13 13:02:19,535 [main] INFO  server.AuthenticationFilter (AuthenticationFilter.java:constructSecretProvider(240)) - Unable to initialize FileSignerSecretProvider, falling back to use random secrets.
2019-11-13 13:02:19,535 [main] WARN  http.HttpRequestLog (HttpRequestLog.java:getRequestLog(97)) - Jetty request log can only be enabled using Log4j
2019-11-13 13:02:19,536 [main] INFO  http.HttpServer2 (HttpServer2.java:addGlobalFilter(975)) - Added global filter 'safety' (class=org.apache.hadoop.http.HttpServer2$QuotingInputFilter)
2019-11-13 13:02:19,537 [main] INFO  http.HttpServer2 (HttpServer2.java:addFilter(948)) - Added filter static_user_filter (class=org.apache.hadoop.http.lib.StaticUserWebFilter$StaticUserFilter) to context hddsDatanode
2019-11-13 13:02:19,537 [main] INFO  http.HttpServer2 (HttpServer2.java:addFilter(958)) - Added filter static_user_filter (class=org.apache.hadoop.http.lib.StaticUserWebFilter$StaticUserFilter) to context static
2019-11-13 13:02:19,537 [main] INFO  http.HttpServer2 (HttpServer2.java:addFilter(958)) - Added filter static_user_filter (class=org.apache.hadoop.http.lib.StaticUserWebFilter$StaticUserFilter) to context logs
2019-11-13 13:02:19,538 [main] INFO  http.HttpServer2 (HttpServer2.java:bindListener(1191)) - Jetty bound to port 33932
2019-11-13 13:02:19,538 [main] INFO  server.Server (Server.java:doStart(351)) - jetty-9.3.25.v20180904, build timestamp: 2018-09-04T21:11:46Z, git hash: 3ce520221d0240229c862b122d2b06c12a625732
2019-11-13 13:02:19,539 [main] INFO  handler.ContextHandler (ContextHandler.java:doStart(781)) - Started o.e.j.s.ServletContextHandler@718989fa{/logs,file:///workdir/hadoop-ozone/integration-test/target/log,AVAILABLE}
2019-11-13 13:02:19,540 [main] INFO  handler.ContextHandler (ContextHandler.java:doStart(781)) - Started o.e.j.s.ServletContextHandler@6568f998{/static,jar:file:/home/user/.m2/repository/org/apache/hadoop/hadoop-hdds-container-service/0.5.0-SNAPSHOT/hadoop-hdds-container-service-0.5.0-SNAPSHOT.jar!/webapps/static,AVAILABLE}
2019-11-13 13:02:19,569 [main] INFO  handler.ContextHandler (ContextHandler.java:doStart(781)) - Started o.e.j.w.WebAppContext@418f0534{/,file:///tmp/jetty-0.0.0.0-33932-hddsDatanode-_-any-2906650890206311310.dir/webapp/,AVAILABLE}{/hddsDatanode}
2019-11-13 13:02:19,569 [main] INFO  server.AbstractConnector (AbstractConnector.java:doStart(278)) - Started ServerConnector@3dfd7eaa{HTTP/1.1,[http/1.1]}{0.0.0.0:33932}
2019-11-13 13:02:19,569 [main] INFO  server.Server (Server.java:doStart(419)) - Started @233857ms
2019-11-13 13:02:19,571 [main] WARN  impl.MetricsSystemImpl (MetricsSystemImpl.java:register(276)) - Sink prometheus already exists!
2019-11-13 13:02:19,571 [main] INFO  server.BaseHttpServer (BaseHttpServer.java:updateConnectorAddress(215)) - HTTP server of HDDSDATANODE is listening at http://0.0.0.0:33932
2019-11-13 13:02:19,572 [main] INFO  impl.MetricsSystemImpl (MetricsSystemImpl.java:init(158)) - HddsDatanode metrics system started (again)
2019-11-13 13:02:19,575 [org.apache.hadoop.util.JvmPauseMonitor$Monitor@145fe2ae] INFO  util.JvmPauseMonitor (JvmPauseMonitor.java:run(188)) - Starting JVM pause monitor
2019-11-13 13:02:19,576 [main] INFO  ozone.HddsDatanodeService (HddsDatanodeService.java:start(186)) - HddsDatanodeService host:pr-hdds-2452-7vw7s-1330541530 ip:192.168.157.200
2019-11-13 13:02:19,576 [Datanode State Machine Thread - 0] INFO  datanode.InitDatanodeState (InitDatanodeState.java:persistContainerDatanodeDetails(140)) - DatanodeDetails is persisted to /workdir/hadoop-ozone/integration-test/target/test-dir/MiniOzoneClusterImpl-90e8aeb1-2975-47c6-9bba-faf27de7fb8c/datanode-6/meta/datanode.id
2019-11-13 13:02:19,582 [main] INFO  volume.HddsVolume (HddsVolume.java:<init>(176)) - Creating Volume: /workdir/hadoop-ozone/integration-test/target/test-dir/MiniOzoneClusterImpl-90e8aeb1-2975-47c6-9bba-faf27de7fb8c/datanode-7/data/containers/hdds of  storage type : DISK and capacity : 1482555576320
2019-11-13 13:02:19,582 [main] INFO  volume.VolumeSet (VolumeSet.java:initializeVolumeSet(170)) - Added Volume : /workdir/hadoop-ozone/integration-test/target/test-dir/MiniOzoneClusterImpl-90e8aeb1-2975-47c6-9bba-faf27de7fb8c/datanode-7/data/containers/hdds to VolumeSet
2019-11-13 13:02:19,583 [main] INFO  volume.ThrottledAsyncChecker (ThrottledAsyncChecker.java:schedule(141)) - Scheduling a check for /workdir/hadoop-ozone/integration-test/target/test-dir/MiniOzoneClusterImpl-90e8aeb1-2975-47c6-9bba-faf27de7fb8c/datanode-7/data/containers/hdds
2019-11-13 13:02:19,583 [main] INFO  volume.HddsVolumeChecker (HddsVolumeChecker.java:checkAllVolumes(204)) - Scheduled health check for volume /workdir/hadoop-ozone/integration-test/target/test-dir/MiniOzoneClusterImpl-90e8aeb1-2975-47c6-9bba-faf27de7fb8c/datanode-7/data/containers/hdds
2019-11-13 13:02:19,597 [main] INFO  impl.RaftServerProxy (ConfUtils.java:logGet(43)) - raft.rpc.type = GRPC (default)
2019-11-13 13:02:19,597 [main] INFO  grpc.GrpcFactory (GrpcFactory.java:checkPooledByteBufAllocatorUseCacheForAllThreads(45)) - PERFORMANCE WARNING: useCacheForAllThreads is true that may cause Netty to create a lot garbage objects and, as a result, trigger GC.
	It is recommended to disable useCacheForAllThreads by setting -Dorg.apache.ratis.thirdparty.io.netty.allocator.useCacheForAllThreads=false in command line.
2019-11-13 13:02:19,597 [main] INFO  grpc.GrpcConfigKeys$Server (ConfUtils.java:logGet(43)) - raft.grpc.server.port = 0 (default)
2019-11-13 13:02:19,597 [main] INFO  server.GrpcService (ConfUtils.java:logGet(43)) - raft.grpc.message.size.max = 33570816 (custom)
2019-11-13 13:02:19,597 [main] INFO  server.RaftServerConfigKeys (ConfUtils.java:logGet(43)) - raft.server.log.appender.buffer.byte-limit = 33554432 (custom)
2019-11-13 13:02:19,597 [main] INFO  server.GrpcService (ConfUtils.java:logGet(43)) - raft.grpc.flow.control.window = 1MB (=1048576) (default)
2019-11-13 13:02:19,597 [main] INFO  server.RaftServerConfigKeys (ConfUtils.java:logGet(43)) - raft.server.rpc.request.timeout = 3000ms (default)
2019-11-13 13:02:19,598 [main] INFO  server.RaftServerConfigKeys (ConfUtils.java:logGet(43)) - raft.server.storage.dir = [/workdir/hadoop-ozone/integration-test/target/test-dir/MiniOzoneClusterImpl-90e8aeb1-2975-47c6-9bba-faf27de7fb8c/datanode-7/data/ratis] (custom)
2019-11-13 13:02:19,599 [main] INFO  hdfs.DFSUtil (DFSUtil.java:httpServerTemplateForNNAndJN(1641)) - Starting Web-server for hddsDatanode at: http://0.0.0.0:0
2019-11-13 13:02:19,600 [main] INFO  server.AuthenticationFilter (AuthenticationFilter.java:constructSecretProvider(240)) - Unable to initialize FileSignerSecretProvider, falling back to use random secrets.
2019-11-13 13:02:19,601 [main] WARN  http.HttpRequestLog (HttpRequestLog.java:getRequestLog(97)) - Jetty request log can only be enabled using Log4j
2019-11-13 13:02:19,602 [main] INFO  http.HttpServer2 (HttpServer2.java:addGlobalFilter(975)) - Added global filter 'safety' (class=org.apache.hadoop.http.HttpServer2$QuotingInputFilter)
2019-11-13 13:02:19,602 [main] INFO  http.HttpServer2 (HttpServer2.java:addFilter(948)) - Added filter static_user_filter (class=org.apache.hadoop.http.lib.StaticUserWebFilter$StaticUserFilter) to context hddsDatanode
2019-11-13 13:02:19,602 [main] INFO  http.HttpServer2 (HttpServer2.java:addFilter(958)) - Added filter static_user_filter (class=org.apache.hadoop.http.lib.StaticUserWebFilter$StaticUserFilter) to context logs
2019-11-13 13:02:19,602 [main] INFO  http.HttpServer2 (HttpServer2.java:addFilter(958)) - Added filter static_user_filter (class=org.apache.hadoop.http.lib.StaticUserWebFilter$StaticUserFilter) to context static
2019-11-13 13:02:19,603 [main] INFO  http.HttpServer2 (HttpServer2.java:bindListener(1191)) - Jetty bound to port 35468
2019-11-13 13:02:19,603 [main] INFO  server.Server (Server.java:doStart(351)) - jetty-9.3.25.v20180904, build timestamp: 2018-09-04T21:11:46Z, git hash: 3ce520221d0240229c862b122d2b06c12a625732
2019-11-13 13:02:19,605 [main] INFO  handler.ContextHandler (ContextHandler.java:doStart(781)) - Started o.e.j.s.ServletContextHandler@26fadd98{/logs,file:///workdir/hadoop-ozone/integration-test/target/log,AVAILABLE}
2019-11-13 13:02:19,605 [main] INFO  handler.ContextHandler (ContextHandler.java:doStart(781)) - Started o.e.j.s.ServletContextHandler@3db6dd52{/static,jar:file:/home/user/.m2/repository/org/apache/hadoop/hadoop-hdds-container-service/0.5.0-SNAPSHOT/hadoop-hdds-container-service-0.5.0-SNAPSHOT.jar!/webapps/static,AVAILABLE}
2019-11-13 13:02:19,634 [main] INFO  handler.ContextHandler (ContextHandler.java:doStart(781)) - Started o.e.j.w.WebAppContext@4466cf5d{/,file:///tmp/jetty-0.0.0.0-35468-hddsDatanode-_-any-2991129587355297415.dir/webapp/,AVAILABLE}{/hddsDatanode}
2019-11-13 13:02:19,634 [main] INFO  server.AbstractConnector (AbstractConnector.java:doStart(278)) - Started ServerConnector@2c60ce47{HTTP/1.1,[http/1.1]}{0.0.0.0:35468}
2019-11-13 13:02:19,635 [main] INFO  server.Server (Server.java:doStart(419)) - Started @233922ms
2019-11-13 13:02:19,636 [main] WARN  impl.MetricsSystemImpl (MetricsSystemImpl.java:register(276)) - Sink prometheus already exists!
2019-11-13 13:02:19,637 [main] INFO  server.BaseHttpServer (BaseHttpServer.java:updateConnectorAddress(215)) - HTTP server of HDDSDATANODE is listening at http://0.0.0.0:35468
2019-11-13 13:02:19,637 [main] INFO  impl.MetricsSystemImpl (MetricsSystemImpl.java:init(158)) - HddsDatanode metrics system started (again)
2019-11-13 13:02:19,641 [org.apache.hadoop.util.JvmPauseMonitor$Monitor@720475de] INFO  util.JvmPauseMonitor (JvmPauseMonitor.java:run(188)) - Starting JVM pause monitor
2019-11-13 13:02:19,642 [main] INFO  ozone.HddsDatanodeService (HddsDatanodeService.java:start(186)) - HddsDatanodeService host:pr-hdds-2452-7vw7s-1330541530 ip:192.168.157.200
2019-11-13 13:02:19,643 [Datanode State Machine Thread - 0] INFO  datanode.InitDatanodeState (InitDatanodeState.java:persistContainerDatanodeDetails(140)) - DatanodeDetails is persisted to /workdir/hadoop-ozone/integration-test/target/test-dir/MiniOzoneClusterImpl-90e8aeb1-2975-47c6-9bba-faf27de7fb8c/datanode-7/meta/datanode.id
2019-11-13 13:02:19,649 [main] INFO  volume.HddsVolume (HddsVolume.java:<init>(176)) - Creating Volume: /workdir/hadoop-ozone/integration-test/target/test-dir/MiniOzoneClusterImpl-90e8aeb1-2975-47c6-9bba-faf27de7fb8c/datanode-8/data/containers/hdds of  storage type : DISK and capacity : 1482555576320
2019-11-13 13:02:19,649 [main] INFO  volume.VolumeSet (VolumeSet.java:initializeVolumeSet(170)) - Added Volume : /workdir/hadoop-ozone/integration-test/target/test-dir/MiniOzoneClusterImpl-90e8aeb1-2975-47c6-9bba-faf27de7fb8c/datanode-8/data/containers/hdds to VolumeSet
2019-11-13 13:02:19,650 [main] INFO  volume.ThrottledAsyncChecker (ThrottledAsyncChecker.java:schedule(141)) - Scheduling a check for /workdir/hadoop-ozone/integration-test/target/test-dir/MiniOzoneClusterImpl-90e8aeb1-2975-47c6-9bba-faf27de7fb8c/datanode-8/data/containers/hdds
2019-11-13 13:02:19,650 [main] INFO  volume.HddsVolumeChecker (HddsVolumeChecker.java:checkAllVolumes(204)) - Scheduled health check for volume /workdir/hadoop-ozone/integration-test/target/test-dir/MiniOzoneClusterImpl-90e8aeb1-2975-47c6-9bba-faf27de7fb8c/datanode-8/data/containers/hdds
2019-11-13 13:02:19,662 [main] INFO  impl.RaftServerProxy (ConfUtils.java:logGet(43)) - raft.rpc.type = GRPC (default)
2019-11-13 13:02:19,663 [main] INFO  grpc.GrpcFactory (GrpcFactory.java:checkPooledByteBufAllocatorUseCacheForAllThreads(45)) - PERFORMANCE WARNING: useCacheForAllThreads is true that may cause Netty to create a lot garbage objects and, as a result, trigger GC.
	It is recommended to disable useCacheForAllThreads by setting -Dorg.apache.ratis.thirdparty.io.netty.allocator.useCacheForAllThreads=false in command line.
2019-11-13 13:02:19,663 [main] INFO  grpc.GrpcConfigKeys$Server (ConfUtils.java:logGet(43)) - raft.grpc.server.port = 0 (default)
2019-11-13 13:02:19,663 [main] INFO  server.GrpcService (ConfUtils.java:logGet(43)) - raft.grpc.message.size.max = 33570816 (custom)
2019-11-13 13:02:19,663 [main] INFO  server.RaftServerConfigKeys (ConfUtils.java:logGet(43)) - raft.server.log.appender.buffer.byte-limit = 33554432 (custom)
2019-11-13 13:02:19,663 [main] INFO  server.GrpcService (ConfUtils.java:logGet(43)) - raft.grpc.flow.control.window = 1MB (=1048576) (default)
2019-11-13 13:02:19,663 [main] INFO  server.RaftServerConfigKeys (ConfUtils.java:logGet(43)) - raft.server.rpc.request.timeout = 3000ms (default)
2019-11-13 13:02:19,664 [main] INFO  server.RaftServerConfigKeys (ConfUtils.java:logGet(43)) - raft.server.storage.dir = [/workdir/hadoop-ozone/integration-test/target/test-dir/MiniOzoneClusterImpl-90e8aeb1-2975-47c6-9bba-faf27de7fb8c/datanode-8/data/ratis] (custom)
2019-11-13 13:02:19,665 [main] INFO  hdfs.DFSUtil (DFSUtil.java:httpServerTemplateForNNAndJN(1641)) - Starting Web-server for hddsDatanode at: http://0.0.0.0:0
2019-11-13 13:02:19,667 [main] INFO  server.AuthenticationFilter (AuthenticationFilter.java:constructSecretProvider(240)) - Unable to initialize FileSignerSecretProvider, falling back to use random secrets.
2019-11-13 13:02:19,667 [main] WARN  http.HttpRequestLog (HttpRequestLog.java:getRequestLog(97)) - Jetty request log can only be enabled using Log4j
2019-11-13 13:02:19,668 [main] INFO  http.HttpServer2 (HttpServer2.java:addGlobalFilter(975)) - Added global filter 'safety' (class=org.apache.hadoop.http.HttpServer2$QuotingInputFilter)
2019-11-13 13:02:19,668 [main] INFO  http.HttpServer2 (HttpServer2.java:addFilter(948)) - Added filter static_user_filter (class=org.apache.hadoop.http.lib.StaticUserWebFilter$StaticUserFilter) to context hddsDatanode
2019-11-13 13:02:19,669 [main] INFO  http.HttpServer2 (HttpServer2.java:addFilter(958)) - Added filter static_user_filter (class=org.apache.hadoop.http.lib.StaticUserWebFilter$StaticUserFilter) to context logs
2019-11-13 13:02:19,669 [main] INFO  http.HttpServer2 (HttpServer2.java:addFilter(958)) - Added filter static_user_filter (class=org.apache.hadoop.http.lib.StaticUserWebFilter$StaticUserFilter) to context static
2019-11-13 13:02:19,669 [main] INFO  http.HttpServer2 (HttpServer2.java:bindListener(1191)) - Jetty bound to port 35502
2019-11-13 13:02:19,669 [main] INFO  server.Server (Server.java:doStart(351)) - jetty-9.3.25.v20180904, build timestamp: 2018-09-04T21:11:46Z, git hash: 3ce520221d0240229c862b122d2b06c12a625732
2019-11-13 13:02:19,671 [main] INFO  handler.ContextHandler (ContextHandler.java:doStart(781)) - Started o.e.j.s.ServletContextHandler@1d99ee1b{/logs,file:///workdir/hadoop-ozone/integration-test/target/log,AVAILABLE}
2019-11-13 13:02:19,671 [main] INFO  handler.ContextHandler (ContextHandler.java:doStart(781)) - Started o.e.j.s.ServletContextHandler@167a21b{/static,jar:file:/home/user/.m2/repository/org/apache/hadoop/hadoop-hdds-container-service/0.5.0-SNAPSHOT/hadoop-hdds-container-service-0.5.0-SNAPSHOT.jar!/webapps/static,AVAILABLE}
2019-11-13 13:02:19,700 [main] INFO  handler.ContextHandler (ContextHandler.java:doStart(781)) - Started o.e.j.w.WebAppContext@6818fd48{/,file:///tmp/jetty-0.0.0.0-35502-hddsDatanode-_-any-585063030505560863.dir/webapp/,AVAILABLE}{/hddsDatanode}
2019-11-13 13:02:19,700 [main] INFO  server.AbstractConnector (AbstractConnector.java:doStart(278)) - Started ServerConnector@9263c54{HTTP/1.1,[http/1.1]}{0.0.0.0:35502}
2019-11-13 13:02:19,702 [main] INFO  server.Server (Server.java:doStart(419)) - Started @233989ms
2019-11-13 13:02:19,702 [main] WARN  impl.MetricsSystemImpl (MetricsSystemImpl.java:register(276)) - Sink prometheus already exists!
2019-11-13 13:02:19,703 [main] INFO  server.BaseHttpServer (BaseHttpServer.java:updateConnectorAddress(215)) - HTTP server of HDDSDATANODE is listening at http://0.0.0.0:35502
2019-11-13 13:02:19,703 [main] INFO  impl.MetricsSystemImpl (MetricsSystemImpl.java:init(158)) - HddsDatanode metrics system started (again)
2019-11-13 13:02:19,707 [org.apache.hadoop.util.JvmPauseMonitor$Monitor@2f8ccc71] INFO  util.JvmPauseMonitor (JvmPauseMonitor.java:run(188)) - Starting JVM pause monitor
2019-11-13 13:02:19,707 [main] INFO  ozone.HddsDatanodeService (HddsDatanodeService.java:start(186)) - HddsDatanodeService host:pr-hdds-2452-7vw7s-1330541530 ip:192.168.157.200
2019-11-13 13:02:19,708 [Datanode State Machine Thread - 0] INFO  datanode.InitDatanodeState (InitDatanodeState.java:persistContainerDatanodeDetails(140)) - DatanodeDetails is persisted to /workdir/hadoop-ozone/integration-test/target/test-dir/MiniOzoneClusterImpl-90e8aeb1-2975-47c6-9bba-faf27de7fb8c/datanode-8/meta/datanode.id
2019-11-13 13:02:19,715 [main] INFO  volume.HddsVolume (HddsVolume.java:<init>(176)) - Creating Volume: /workdir/hadoop-ozone/integration-test/target/test-dir/MiniOzoneClusterImpl-90e8aeb1-2975-47c6-9bba-faf27de7fb8c/datanode-9/data/containers/hdds of  storage type : DISK and capacity : 1482555576320
2019-11-13 13:02:19,715 [main] INFO  volume.VolumeSet (VolumeSet.java:initializeVolumeSet(170)) - Added Volume : /workdir/hadoop-ozone/integration-test/target/test-dir/MiniOzoneClusterImpl-90e8aeb1-2975-47c6-9bba-faf27de7fb8c/datanode-9/data/containers/hdds to VolumeSet
2019-11-13 13:02:19,716 [main] INFO  volume.ThrottledAsyncChecker (ThrottledAsyncChecker.java:schedule(141)) - Scheduling a check for /workdir/hadoop-ozone/integration-test/target/test-dir/MiniOzoneClusterImpl-90e8aeb1-2975-47c6-9bba-faf27de7fb8c/datanode-9/data/containers/hdds
2019-11-13 13:02:19,716 [main] INFO  volume.HddsVolumeChecker (HddsVolumeChecker.java:checkAllVolumes(204)) - Scheduled health check for volume /workdir/hadoop-ozone/integration-test/target/test-dir/MiniOzoneClusterImpl-90e8aeb1-2975-47c6-9bba-faf27de7fb8c/datanode-9/data/containers/hdds
2019-11-13 13:02:19,735 [main] INFO  impl.RaftServerProxy (ConfUtils.java:logGet(43)) - raft.rpc.type = GRPC (default)
2019-11-13 13:02:19,735 [main] INFO  grpc.GrpcFactory (GrpcFactory.java:checkPooledByteBufAllocatorUseCacheForAllThreads(45)) - PERFORMANCE WARNING: useCacheForAllThreads is true that may cause Netty to create a lot garbage objects and, as a result, trigger GC.
	It is recommended to disable useCacheForAllThreads by setting -Dorg.apache.ratis.thirdparty.io.netty.allocator.useCacheForAllThreads=false in command line.
2019-11-13 13:02:19,735 [main] INFO  grpc.GrpcConfigKeys$Server (ConfUtils.java:logGet(43)) - raft.grpc.server.port = 0 (default)
2019-11-13 13:02:19,735 [main] INFO  server.GrpcService (ConfUtils.java:logGet(43)) - raft.grpc.message.size.max = 33570816 (custom)
2019-11-13 13:02:19,735 [main] INFO  server.RaftServerConfigKeys (ConfUtils.java:logGet(43)) - raft.server.log.appender.buffer.byte-limit = 33554432 (custom)
2019-11-13 13:02:19,736 [main] INFO  server.GrpcService (ConfUtils.java:logGet(43)) - raft.grpc.flow.control.window = 1MB (=1048576) (default)
2019-11-13 13:02:19,736 [main] INFO  server.RaftServerConfigKeys (ConfUtils.java:logGet(43)) - raft.server.rpc.request.timeout = 3000ms (default)
2019-11-13 13:02:19,736 [main] INFO  server.RaftServerConfigKeys (ConfUtils.java:logGet(43)) - raft.server.storage.dir = [/workdir/hadoop-ozone/integration-test/target/test-dir/MiniOzoneClusterImpl-90e8aeb1-2975-47c6-9bba-faf27de7fb8c/datanode-9/data/ratis] (custom)
2019-11-13 13:02:19,737 [main] INFO  hdfs.DFSUtil (DFSUtil.java:httpServerTemplateForNNAndJN(1641)) - Starting Web-server for hddsDatanode at: http://0.0.0.0:0
2019-11-13 13:02:19,739 [main] INFO  server.AuthenticationFilter (AuthenticationFilter.java:constructSecretProvider(240)) - Unable to initialize FileSignerSecretProvider, falling back to use random secrets.
2019-11-13 13:02:19,739 [main] WARN  http.HttpRequestLog (HttpRequestLog.java:getRequestLog(97)) - Jetty request log can only be enabled using Log4j
2019-11-13 13:02:19,740 [main] INFO  http.HttpServer2 (HttpServer2.java:addGlobalFilter(975)) - Added global filter 'safety' (class=org.apache.hadoop.http.HttpServer2$QuotingInputFilter)
2019-11-13 13:02:19,741 [main] INFO  http.HttpServer2 (HttpServer2.java:addFilter(948)) - Added filter static_user_filter (class=org.apache.hadoop.http.lib.StaticUserWebFilter$StaticUserFilter) to context hddsDatanode
2019-11-13 13:02:19,741 [main] INFO  http.HttpServer2 (HttpServer2.java:addFilter(958)) - Added filter static_user_filter (class=org.apache.hadoop.http.lib.StaticUserWebFilter$StaticUserFilter) to context static
2019-11-13 13:02:19,741 [main] INFO  http.HttpServer2 (HttpServer2.java:addFilter(958)) - Added filter static_user_filter (class=org.apache.hadoop.http.lib.StaticUserWebFilter$StaticUserFilter) to context logs
2019-11-13 13:02:19,742 [main] INFO  http.HttpServer2 (HttpServer2.java:bindListener(1191)) - Jetty bound to port 33386
2019-11-13 13:02:19,742 [main] INFO  server.Server (Server.java:doStart(351)) - jetty-9.3.25.v20180904, build timestamp: 2018-09-04T21:11:46Z, git hash: 3ce520221d0240229c862b122d2b06c12a625732
2019-11-13 13:02:19,743 [main] INFO  handler.ContextHandler (ContextHandler.java:doStart(781)) - Started o.e.j.s.ServletContextHandler@a316f6b{/logs,file:///workdir/hadoop-ozone/integration-test/target/log,AVAILABLE}
2019-11-13 13:02:19,744 [main] INFO  handler.ContextHandler (ContextHandler.java:doStart(781)) - Started o.e.j.s.ServletContextHandler@410fc508{/static,jar:file:/home/user/.m2/repository/org/apache/hadoop/hadoop-hdds-container-service/0.5.0-SNAPSHOT/hadoop-hdds-container-service-0.5.0-SNAPSHOT.jar!/webapps/static,AVAILABLE}
2019-11-13 13:02:19,773 [main] INFO  handler.ContextHandler (ContextHandler.java:doStart(781)) - Started o.e.j.w.WebAppContext@5c82031b{/,file:///tmp/jetty-0.0.0.0-33386-hddsDatanode-_-any-7891658797748305798.dir/webapp/,AVAILABLE}{/hddsDatanode}
2019-11-13 13:02:19,774 [main] INFO  server.AbstractConnector (AbstractConnector.java:doStart(278)) - Started ServerConnector@274fdea6{HTTP/1.1,[http/1.1]}{0.0.0.0:33386}
2019-11-13 13:02:19,775 [main] INFO  server.Server (Server.java:doStart(419)) - Started @234062ms
2019-11-13 13:02:19,775 [main] WARN  impl.MetricsSystemImpl (MetricsSystemImpl.java:register(276)) - Sink prometheus already exists!
2019-11-13 13:02:19,776 [main] INFO  server.BaseHttpServer (BaseHttpServer.java:updateConnectorAddress(215)) - HTTP server of HDDSDATANODE is listening at http://0.0.0.0:33386
2019-11-13 13:02:19,777 [main] INFO  ozone.MiniOzoneClusterImpl (MiniOzoneClusterImpl.java:lambda$waitForClusterToBeReady$2(171)) - Waiting for cluster to be ready. Got 0 of 10 DN Heartbeats.
2019-11-13 13:02:19,778 [org.apache.hadoop.util.JvmPauseMonitor$Monitor@3021a596] INFO  util.JvmPauseMonitor (JvmPauseMonitor.java:run(188)) - Starting JVM pause monitor
2019-11-13 13:02:19,780 [Datanode State Machine Thread - 0] INFO  datanode.InitDatanodeState (InitDatanodeState.java:persistContainerDatanodeDetails(140)) - DatanodeDetails is persisted to /workdir/hadoop-ozone/integration-test/target/test-dir/MiniOzoneClusterImpl-90e8aeb1-2975-47c6-9bba-faf27de7fb8c/datanode-9/meta/datanode.id
2019-11-13 13:02:20,777 [main] INFO  ozone.MiniOzoneClusterImpl (MiniOzoneClusterImpl.java:lambda$waitForClusterToBeReady$2(171)) - Waiting for cluster to be ready. Got 0 of 10 DN Heartbeats.
2019-11-13 13:02:21,123 [Datanode State Machine Thread - 0] INFO  ozoneimpl.OzoneContainer (OzoneContainer.java:start(230)) - Attempting to start container services.
2019-11-13 13:02:21,124 [Datanode State Machine Thread - 0] INFO  ozoneimpl.OzoneContainer (OzoneContainer.java:startContainerScrub(194)) - Background container scanner has been disabled.
2019-11-13 13:02:21,125 [Datanode State Machine Thread - 0] INFO  ratis.XceiverServerRatis (XceiverServerRatis.java:start(421)) - Starting XceiverServerRatis 90f8c6ad-89d1-4dd8-98a8-ca579bb4c57a at port 0
2019-11-13 13:02:21,134 [Datanode State Machine Thread - 0] INFO  impl.RaftServerProxy (RaftServerProxy.java:lambda$start$3(299)) - 90f8c6ad-89d1-4dd8-98a8-ca579bb4c57a: start RPC server
2019-11-13 13:02:21,138 [Datanode State Machine Thread - 0] INFO  server.GrpcService (GrpcService.java:startImpl(158)) - 90f8c6ad-89d1-4dd8-98a8-ca579bb4c57a: GrpcService started, listening on 0.0.0.0/0.0.0.0:39136
2019-11-13 13:02:21,138 [Datanode State Machine Thread - 0] INFO  ratis.XceiverServerRatis (XceiverServerRatis.java:start(431)) - XceiverServerRatis 90f8c6ad-89d1-4dd8-98a8-ca579bb4c57a is started using port 39136
2019-11-13 13:02:21,139 [Datanode State Machine Thread - 0] INFO  server.XceiverServerGrpc (XceiverServerGrpc.java:start(145)) - XceiverServerGrpc 90f8c6ad-89d1-4dd8-98a8-ca579bb4c57a is started using port 35284
2019-11-13 13:02:21,192 [Datanode State Machine Thread - 0] INFO  ozoneimpl.OzoneContainer (OzoneContainer.java:start(230)) - Attempting to start container services.
2019-11-13 13:02:21,192 [Datanode State Machine Thread - 0] INFO  ozoneimpl.OzoneContainer (OzoneContainer.java:startContainerScrub(194)) - Background container scanner has been disabled.
2019-11-13 13:02:21,193 [Datanode State Machine Thread - 0] INFO  ratis.XceiverServerRatis (XceiverServerRatis.java:start(421)) - Starting XceiverServerRatis ccb58d27-4340-4f56-86e1-f88286cea239 at port 0
2019-11-13 13:02:21,200 [Datanode State Machine Thread - 0] INFO  impl.RaftServerProxy (RaftServerProxy.java:lambda$start$3(299)) - ccb58d27-4340-4f56-86e1-f88286cea239: start RPC server
2019-11-13 13:02:21,200 [Datanode State Machine Thread - 0] INFO  server.GrpcService (GrpcService.java:startImpl(158)) - ccb58d27-4340-4f56-86e1-f88286cea239: GrpcService started, listening on 0.0.0.0/0.0.0.0:36584
2019-11-13 13:02:21,200 [Datanode State Machine Thread - 0] INFO  ratis.XceiverServerRatis (XceiverServerRatis.java:start(431)) - XceiverServerRatis ccb58d27-4340-4f56-86e1-f88286cea239 is started using port 36584
2019-11-13 13:02:21,207 [Datanode State Machine Thread - 0] INFO  server.XceiverServerGrpc (XceiverServerGrpc.java:start(145)) - XceiverServerGrpc ccb58d27-4340-4f56-86e1-f88286cea239 is started using port 46168
2019-11-13 13:02:21,269 [Datanode State Machine Thread - 0] INFO  ozoneimpl.OzoneContainer (OzoneContainer.java:start(230)) - Attempting to start container services.
2019-11-13 13:02:21,269 [Datanode State Machine Thread - 0] INFO  ozoneimpl.OzoneContainer (OzoneContainer.java:startContainerScrub(194)) - Background container scanner has been disabled.
2019-11-13 13:02:21,270 [Datanode State Machine Thread - 0] INFO  ratis.XceiverServerRatis (XceiverServerRatis.java:start(421)) - Starting XceiverServerRatis 8ff9d20a-2236-45f0-8596-c8d53407e80c at port 0
2019-11-13 13:02:21,281 [Datanode State Machine Thread - 0] INFO  impl.RaftServerProxy (RaftServerProxy.java:lambda$start$3(299)) - 8ff9d20a-2236-45f0-8596-c8d53407e80c: start RPC server
2019-11-13 13:02:21,282 [Datanode State Machine Thread - 0] INFO  server.GrpcService (GrpcService.java:startImpl(158)) - 8ff9d20a-2236-45f0-8596-c8d53407e80c: GrpcService started, listening on 0.0.0.0/0.0.0.0:39500
2019-11-13 13:02:21,282 [Datanode State Machine Thread - 0] INFO  ratis.XceiverServerRatis (XceiverServerRatis.java:start(431)) - XceiverServerRatis 8ff9d20a-2236-45f0-8596-c8d53407e80c is started using port 39500
2019-11-13 13:02:21,284 [Datanode State Machine Thread - 0] INFO  server.XceiverServerGrpc (XceiverServerGrpc.java:start(145)) - XceiverServerGrpc 8ff9d20a-2236-45f0-8596-c8d53407e80c is started using port 39530
2019-11-13 13:02:21,359 [Datanode State Machine Thread - 0] INFO  ozoneimpl.OzoneContainer (OzoneContainer.java:start(230)) - Attempting to start container services.
2019-11-13 13:02:21,360 [Datanode State Machine Thread - 0] INFO  ozoneimpl.OzoneContainer (OzoneContainer.java:startContainerScrub(194)) - Background container scanner has been disabled.
2019-11-13 13:02:21,360 [Datanode State Machine Thread - 0] INFO  ratis.XceiverServerRatis (XceiverServerRatis.java:start(421)) - Starting XceiverServerRatis 9bca8fcc-ea98-4ec4-92ce-7a037de40a27 at port 0
2019-11-13 13:02:21,375 [Datanode State Machine Thread - 0] INFO  impl.RaftServerProxy (RaftServerProxy.java:lambda$start$3(299)) - 9bca8fcc-ea98-4ec4-92ce-7a037de40a27: start RPC server
2019-11-13 13:02:21,382 [Datanode State Machine Thread - 0] INFO  server.GrpcService (GrpcService.java:startImpl(158)) - 9bca8fcc-ea98-4ec4-92ce-7a037de40a27: GrpcService started, listening on 0.0.0.0/0.0.0.0:33211
2019-11-13 13:02:21,382 [Datanode State Machine Thread - 0] INFO  ratis.XceiverServerRatis (XceiverServerRatis.java:start(431)) - XceiverServerRatis 9bca8fcc-ea98-4ec4-92ce-7a037de40a27 is started using port 33211
2019-11-13 13:02:21,383 [Datanode State Machine Thread - 0] INFO  server.XceiverServerGrpc (XceiverServerGrpc.java:start(145)) - XceiverServerGrpc 9bca8fcc-ea98-4ec4-92ce-7a037de40a27 is started using port 38920
2019-11-13 13:02:21,457 [Datanode State Machine Thread - 0] INFO  ozoneimpl.OzoneContainer (OzoneContainer.java:start(230)) - Attempting to start container services.
2019-11-13 13:02:21,458 [Datanode State Machine Thread - 0] INFO  ozoneimpl.OzoneContainer (OzoneContainer.java:startContainerScrub(194)) - Background container scanner has been disabled.
2019-11-13 13:02:21,458 [Datanode State Machine Thread - 0] INFO  ratis.XceiverServerRatis (XceiverServerRatis.java:start(421)) - Starting XceiverServerRatis 1a33519a-3def-4d79-b3e5-c4d8286dc86e at port 0
2019-11-13 13:02:21,468 [Datanode State Machine Thread - 0] INFO  impl.RaftServerProxy (RaftServerProxy.java:lambda$start$3(299)) - 1a33519a-3def-4d79-b3e5-c4d8286dc86e: start RPC server
2019-11-13 13:02:21,469 [Datanode State Machine Thread - 0] INFO  server.GrpcService (GrpcService.java:startImpl(158)) - 1a33519a-3def-4d79-b3e5-c4d8286dc86e: GrpcService started, listening on 0.0.0.0/0.0.0.0:40699
2019-11-13 13:02:21,469 [Datanode State Machine Thread - 0] INFO  ratis.XceiverServerRatis (XceiverServerRatis.java:start(431)) - XceiverServerRatis 1a33519a-3def-4d79-b3e5-c4d8286dc86e is started using port 40699
2019-11-13 13:02:21,469 [Datanode State Machine Thread - 0] INFO  server.XceiverServerGrpc (XceiverServerGrpc.java:start(145)) - XceiverServerGrpc 1a33519a-3def-4d79-b3e5-c4d8286dc86e is started using port 45687
2019-11-13 13:02:21,533 [Datanode State Machine Thread - 0] INFO  ozoneimpl.OzoneContainer (OzoneContainer.java:start(230)) - Attempting to start container services.
2019-11-13 13:02:21,533 [Datanode State Machine Thread - 0] INFO  ozoneimpl.OzoneContainer (OzoneContainer.java:startContainerScrub(194)) - Background container scanner has been disabled.
2019-11-13 13:02:21,533 [Datanode State Machine Thread - 0] INFO  ratis.XceiverServerRatis (XceiverServerRatis.java:start(421)) - Starting XceiverServerRatis 7ba291c4-9ee0-417b-844f-44a16c4ba9e2 at port 0
2019-11-13 13:02:21,539 [Datanode State Machine Thread - 0] INFO  impl.RaftServerProxy (RaftServerProxy.java:lambda$start$3(299)) - 7ba291c4-9ee0-417b-844f-44a16c4ba9e2: start RPC server
2019-11-13 13:02:21,540 [Datanode State Machine Thread - 0] INFO  server.GrpcService (GrpcService.java:startImpl(158)) - 7ba291c4-9ee0-417b-844f-44a16c4ba9e2: GrpcService started, listening on 0.0.0.0/0.0.0.0:33359
2019-11-13 13:02:21,540 [Datanode State Machine Thread - 0] INFO  ratis.XceiverServerRatis (XceiverServerRatis.java:start(431)) - XceiverServerRatis 7ba291c4-9ee0-417b-844f-44a16c4ba9e2 is started using port 33359
2019-11-13 13:02:21,541 [Datanode State Machine Thread - 0] INFO  server.XceiverServerGrpc (XceiverServerGrpc.java:start(145)) - XceiverServerGrpc 7ba291c4-9ee0-417b-844f-44a16c4ba9e2 is started using port 34919
2019-11-13 13:02:21,600 [Datanode State Machine Thread - 0] INFO  ozoneimpl.OzoneContainer (OzoneContainer.java:start(230)) - Attempting to start container services.
2019-11-13 13:02:21,601 [Datanode State Machine Thread - 0] INFO  ozoneimpl.OzoneContainer (OzoneContainer.java:startContainerScrub(194)) - Background container scanner has been disabled.
2019-11-13 13:02:21,601 [Datanode State Machine Thread - 0] INFO  ratis.XceiverServerRatis (XceiverServerRatis.java:start(421)) - Starting XceiverServerRatis 971d177f-fbc5-4c3a-b100-2607610d94ec at port 0
2019-11-13 13:02:21,611 [Datanode State Machine Thread - 0] INFO  impl.RaftServerProxy (RaftServerProxy.java:lambda$start$3(299)) - 971d177f-fbc5-4c3a-b100-2607610d94ec: start RPC server
2019-11-13 13:02:21,612 [Datanode State Machine Thread - 0] INFO  server.GrpcService (GrpcService.java:startImpl(158)) - 971d177f-fbc5-4c3a-b100-2607610d94ec: GrpcService started, listening on 0.0.0.0/0.0.0.0:33290
2019-11-13 13:02:21,612 [Datanode State Machine Thread - 0] INFO  ratis.XceiverServerRatis (XceiverServerRatis.java:start(431)) - XceiverServerRatis 971d177f-fbc5-4c3a-b100-2607610d94ec is started using port 33290
2019-11-13 13:02:21,613 [Datanode State Machine Thread - 0] INFO  server.XceiverServerGrpc (XceiverServerGrpc.java:start(145)) - XceiverServerGrpc 971d177f-fbc5-4c3a-b100-2607610d94ec is started using port 42192
2019-11-13 13:02:21,668 [Datanode State Machine Thread - 0] INFO  ozoneimpl.OzoneContainer (OzoneContainer.java:start(230)) - Attempting to start container services.
2019-11-13 13:02:21,668 [Datanode State Machine Thread - 0] INFO  ozoneimpl.OzoneContainer (OzoneContainer.java:startContainerScrub(194)) - Background container scanner has been disabled.
2019-11-13 13:02:21,668 [Datanode State Machine Thread - 0] INFO  ratis.XceiverServerRatis (XceiverServerRatis.java:start(421)) - Starting XceiverServerRatis 3d7387af-ecb5-4c7d-b20b-5fe48849adda at port 0
2019-11-13 13:02:21,676 [Datanode State Machine Thread - 0] INFO  impl.RaftServerProxy (RaftServerProxy.java:lambda$start$3(299)) - 3d7387af-ecb5-4c7d-b20b-5fe48849adda: start RPC server
2019-11-13 13:02:21,676 [Datanode State Machine Thread - 0] INFO  server.GrpcService (GrpcService.java:startImpl(158)) - 3d7387af-ecb5-4c7d-b20b-5fe48849adda: GrpcService started, listening on 0.0.0.0/0.0.0.0:37245
2019-11-13 13:02:21,676 [Datanode State Machine Thread - 0] INFO  ratis.XceiverServerRatis (XceiverServerRatis.java:start(431)) - XceiverServerRatis 3d7387af-ecb5-4c7d-b20b-5fe48849adda is started using port 37245
2019-11-13 13:02:21,677 [Datanode State Machine Thread - 0] INFO  server.XceiverServerGrpc (XceiverServerGrpc.java:start(145)) - XceiverServerGrpc 3d7387af-ecb5-4c7d-b20b-5fe48849adda is started using port 43197
2019-11-13 13:02:21,735 [Datanode State Machine Thread - 0] INFO  ozoneimpl.OzoneContainer (OzoneContainer.java:start(230)) - Attempting to start container services.
2019-11-13 13:02:21,735 [Datanode State Machine Thread - 0] INFO  ozoneimpl.OzoneContainer (OzoneContainer.java:startContainerScrub(194)) - Background container scanner has been disabled.
2019-11-13 13:02:21,735 [Datanode State Machine Thread - 0] INFO  ratis.XceiverServerRatis (XceiverServerRatis.java:start(421)) - Starting XceiverServerRatis a7629fe5-c619-4c28-bdfc-63292747e9b9 at port 0
2019-11-13 13:02:21,744 [Datanode State Machine Thread - 0] INFO  impl.RaftServerProxy (RaftServerProxy.java:lambda$start$3(299)) - a7629fe5-c619-4c28-bdfc-63292747e9b9: start RPC server
2019-11-13 13:02:21,745 [Datanode State Machine Thread - 0] INFO  server.GrpcService (GrpcService.java:startImpl(158)) - a7629fe5-c619-4c28-bdfc-63292747e9b9: GrpcService started, listening on 0.0.0.0/0.0.0.0:36140
2019-11-13 13:02:21,745 [Datanode State Machine Thread - 0] INFO  ratis.XceiverServerRatis (XceiverServerRatis.java:start(431)) - XceiverServerRatis a7629fe5-c619-4c28-bdfc-63292747e9b9 is started using port 36140
2019-11-13 13:02:21,745 [Datanode State Machine Thread - 0] INFO  server.XceiverServerGrpc (XceiverServerGrpc.java:start(145)) - XceiverServerGrpc a7629fe5-c619-4c28-bdfc-63292747e9b9 is started using port 44012
2019-11-13 13:02:21,778 [main] INFO  ozone.MiniOzoneClusterImpl (MiniOzoneClusterImpl.java:lambda$waitForClusterToBeReady$2(171)) - Waiting for cluster to be ready. Got 0 of 10 DN Heartbeats.
2019-11-13 13:02:21,802 [Datanode State Machine Thread - 0] INFO  ozoneimpl.OzoneContainer (OzoneContainer.java:start(230)) - Attempting to start container services.
2019-11-13 13:02:21,802 [Datanode State Machine Thread - 0] INFO  ozoneimpl.OzoneContainer (OzoneContainer.java:startContainerScrub(194)) - Background container scanner has been disabled.
2019-11-13 13:02:21,802 [Datanode State Machine Thread - 0] INFO  ratis.XceiverServerRatis (XceiverServerRatis.java:start(421)) - Starting XceiverServerRatis 318b4bc4-2a6a-4055-b801-3341d5814353 at port 0
2019-11-13 13:02:21,808 [Datanode State Machine Thread - 0] INFO  impl.RaftServerProxy (RaftServerProxy.java:lambda$start$3(299)) - 318b4bc4-2a6a-4055-b801-3341d5814353: start RPC server
2019-11-13 13:02:21,811 [Datanode State Machine Thread - 0] INFO  server.GrpcService (GrpcService.java:startImpl(158)) - 318b4bc4-2a6a-4055-b801-3341d5814353: GrpcService started, listening on 0.0.0.0/0.0.0.0:34345
2019-11-13 13:02:21,811 [Datanode State Machine Thread - 0] INFO  ratis.XceiverServerRatis (XceiverServerRatis.java:start(431)) - XceiverServerRatis 318b4bc4-2a6a-4055-b801-3341d5814353 is started using port 34345
2019-11-13 13:02:21,838 [Datanode State Machine Thread - 0] INFO  server.XceiverServerGrpc (XceiverServerGrpc.java:start(145)) - XceiverServerGrpc 318b4bc4-2a6a-4055-b801-3341d5814353 is started using port 43721
2019-11-13 13:02:22,778 [main] INFO  ozone.MiniOzoneClusterImpl (MiniOzoneClusterImpl.java:lambda$waitForClusterToBeReady$2(171)) - Waiting for cluster to be ready. Got 0 of 10 DN Heartbeats.
2019-11-13 13:02:23,097 [IPC Server handler 2 on 38516] INFO  net.NetworkTopology (NetworkTopologyImpl.java:add(111)) - Added a new node: /rack1/90f8c6ad-89d1-4dd8-98a8-ca579bb4c57a
2019-11-13 13:02:23,100 [IPC Server handler 2 on 38516] INFO  node.SCMNodeManager (SCMNodeManager.java:register(267)) - Registered Data node : 90f8c6ad-89d1-4dd8-98a8-ca579bb4c57a{ip: 192.168.157.200, host: pr-hdds-2452-7vw7s-1330541530, networkLocation: /rack1, certSerialId: null}
2019-11-13 13:02:23,101 [EventQueue-NodeRegistrationContainerReportForDataNodeSafeModeRule] INFO  safemode.SCMSafeModeManager (DataNodeSafeModeRule.java:process(71)) - SCM in safe mode. 1 DataNodes registered, 1 required.
2019-11-13 13:02:23,103 [EventQueue-NodeRegistrationContainerReportForDataNodeSafeModeRule] INFO  safemode.SCMSafeModeManager (SCMSafeModeManager.java:validateSafeModeExitRules(177)) - ScmSafeModeManager, all rules are successfully validated
2019-11-13 13:02:23,103 [EventQueue-NodeRegistrationContainerReportForDataNodeSafeModeRule] INFO  safemode.SCMSafeModeManager (SCMSafeModeManager.java:exitSafeMode(193)) - SCM exiting safe mode.
2019-11-13 13:02:23,120 [grpc-default-executor-6] INFO  impl.RaftServerProxy (RaftServerProxy.java:addNew(89)) - 90f8c6ad-89d1-4dd8-98a8-ca579bb4c57a: addNew group-BC826A4F679F:[90f8c6ad-89d1-4dd8-98a8-ca579bb4c57a:192.168.157.200:39136] returns group-BC826A4F679F:java.util.concurrent.CompletableFuture@30a9a7f2[Not completed]
2019-11-13 13:02:23,122 [pool-509-thread-1] INFO  impl.RaftServerImpl (RaftServerImpl.java:<init>(98)) - 90f8c6ad-89d1-4dd8-98a8-ca579bb4c57a: new RaftServerImpl for group-BC826A4F679F:[90f8c6ad-89d1-4dd8-98a8-ca579bb4c57a:192.168.157.200:39136] with ContainerStateMachine:uninitialized
2019-11-13 13:02:23,122 [pool-509-thread-1] INFO  server.RaftServerConfigKeys (ConfUtils.java:logGet(43)) - raft.server.rpc.timeout.min = 1s (custom)
2019-11-13 13:02:23,122 [pool-509-thread-1] INFO  server.RaftServerConfigKeys (ConfUtils.java:logGet(43)) - raft.server.rpc.timeout.max = 1200ms (custom)
2019-11-13 13:02:23,123 [pool-509-thread-1] INFO  server.RaftServerConfigKeys (ConfUtils.java:logGet(43)) - raft.server.rpcslowness.timeout = 120s (custom)
2019-11-13 13:02:23,123 [pool-509-thread-1] INFO  server.RaftServerConfigKeys (ConfUtils.java:logGet(43)) - raft.server.sleep.deviation.threshold = 300 (default)
2019-11-13 13:02:23,123 [pool-509-thread-1] INFO  server.RaftServerConfigKeys (ConfUtils.java:logGet(43)) - raft.server.log.appender.install.snapshot.enabled = false (custom)
2019-11-13 13:02:23,123 [pool-509-thread-1] INFO  impl.RaftServerImpl (ServerState.java:<init>(103)) - 90f8c6ad-89d1-4dd8-98a8-ca579bb4c57a@group-BC826A4F679F: ConfigurationManager, init=-1: [90f8c6ad-89d1-4dd8-98a8-ca579bb4c57a:192.168.157.200:39136], old=null, confs=<EMPTY_MAP>
2019-11-13 13:02:23,123 [pool-509-thread-1] INFO  server.RaftServerConfigKeys (ConfUtils.java:logGet(43)) - raft.server.storage.dir = [/workdir/hadoop-ozone/integration-test/target/test-dir/MiniOzoneClusterImpl-90e8aeb1-2975-47c6-9bba-faf27de7fb8c/datanode-0/data/ratis] (custom)
2019-11-13 13:02:23,124 [pool-509-thread-1] INFO  server.RaftServerConfigKeys (ConfUtils.java:logGet(43)) - raft.server.log.corruption.policy = EXCEPTION (default)
2019-11-13 13:02:23,124 [pool-509-thread-1] INFO  storage.RaftStorageDirectory (RaftStorageDirectory.java:analyzeStorage(246)) - The storage directory /workdir/hadoop-ozone/integration-test/target/test-dir/MiniOzoneClusterImpl-90e8aeb1-2975-47c6-9bba-faf27de7fb8c/datanode-0/data/ratis/7509f1b6-db02-46c7-a79e-bc826a4f679f does not exist. Creating ...
2019-11-13 13:02:23,143 [pool-509-thread-1] INFO  storage.RaftStorageDirectory (RaftStorageDirectory.java:tryLock(328)) - Lock on /workdir/hadoop-ozone/integration-test/target/test-dir/MiniOzoneClusterImpl-90e8aeb1-2975-47c6-9bba-faf27de7fb8c/datanode-0/data/ratis/7509f1b6-db02-46c7-a79e-bc826a4f679f/in_use.lock acquired by nodename 10766@pr-hdds-2452-7vw7s-1330541530
2019-11-13 13:02:23,169 [pool-509-thread-1] INFO  storage.RaftStorage (RaftStorage.java:format(84)) - Storage directory /workdir/hadoop-ozone/integration-test/target/test-dir/MiniOzoneClusterImpl-90e8aeb1-2975-47c6-9bba-faf27de7fb8c/datanode-0/data/ratis/7509f1b6-db02-46c7-a79e-bc826a4f679f has been successfully formatted.
2019-11-13 13:02:23,169 [pool-509-thread-1] INFO  ratis.ContainerStateMachine (ContainerStateMachine.java:loadSnapshot(223)) - group-BC826A4F679F: The snapshot info is null. Setting the last applied indexto:(t:0, i:~)
2019-11-13 13:02:23,169 [pool-509-thread-1] INFO  server.RaftServerConfigKeys (ConfUtils.java:logGet(43)) - raft.server.notification.no-leader.timeout = 120s (custom)
2019-11-13 13:02:23,170 [pool-509-thread-1] INFO  server.RaftServerConfigKeys (ConfUtils.java:logGet(43)) - raft.server.log.use.memory = false (default)
2019-11-13 13:02:23,170 [pool-509-thread-1] INFO  server.RaftServerConfigKeys (ConfUtils.java:logGet(43)) - raft.server.log.purge.gap = 1000000 (custom)
2019-11-13 13:02:23,170 [pool-509-thread-1] INFO  server.RaftServerConfigKeys (ConfUtils.java:logGet(43)) - raft.server.log.appender.buffer.byte-limit = 33554432 (custom)
2019-11-13 13:02:23,170 [pool-509-thread-1] INFO  server.RaftServerConfigKeys (ConfUtils.java:logGet(43)) - raft.server.log.segment.size.max = 1048576 (custom)
2019-11-13 13:02:23,170 [IPC Server handler 5 on 38516] INFO  net.NetworkTopology (NetworkTopologyImpl.java:add(111)) - Added a new node: /rack1/ccb58d27-4340-4f56-86e1-f88286cea239
2019-11-13 13:02:23,171 [pool-509-thread-1] WARN  impl.MetricRegistriesImpl (MetricRegistriesImpl.java:lambda$create$1(61)) - First MetricRegistry has been created without registering reporters. You may need to call MetricRegistries.global().addReportRegistration(...) before.
2019-11-13 13:02:23,171 [IPC Server handler 5 on 38516] INFO  node.SCMNodeManager (SCMNodeManager.java:register(267)) - Registered Data node : ccb58d27-4340-4f56-86e1-f88286cea239{ip: 192.168.157.200, host: pr-hdds-2452-7vw7s-1330541530, networkLocation: /rack1, certSerialId: null}
2019-11-13 13:02:23,171 [pool-509-thread-1] INFO  server.RaftServerConfigKeys (ConfUtils.java:logGet(43)) - raft.server.log.segment.cache.num.max = 2 (custom)
2019-11-13 13:02:23,171 [pool-509-thread-1] INFO  segmented.SegmentedRaftLogWorker (SegmentedRaftLogWorker.java:<init>(173)) - new 90f8c6ad-89d1-4dd8-98a8-ca579bb4c57a@group-BC826A4F679F-SegmentedRaftLogWorker for RaftStorage:Storage Directory /workdir/hadoop-ozone/integration-test/target/test-dir/MiniOzoneClusterImpl-90e8aeb1-2975-47c6-9bba-faf27de7fb8c/datanode-0/data/ratis/7509f1b6-db02-46c7-a79e-bc826a4f679f
2019-11-13 13:02:23,172 [pool-509-thread-1] INFO  server.RaftServerConfigKeys (ConfUtils.java:logGet(43)) - raft.server.log.queue.byte-limit = 2147483647 (custom)
2019-11-13 13:02:23,172 [pool-509-thread-1] INFO  server.RaftServerConfigKeys (ConfUtils.java:logGet(43)) - raft.server.log.queue.element-limit = 1024 (custom)
2019-11-13 13:02:23,172 [pool-509-thread-1] INFO  server.RaftServerConfigKeys (ConfUtils.java:logGet(43)) - raft.server.log.segment.size.max = 1048576 (custom)
2019-11-13 13:02:23,172 [pool-509-thread-1] INFO  server.RaftServerConfigKeys (ConfUtils.java:logGet(43)) - raft.server.log.preallocated.size = 16384 (custom)
2019-11-13 13:02:23,172 [pool-509-thread-1] INFO  server.RaftServerConfigKeys (ConfUtils.java:logGet(43)) - raft.server.log.write.buffer.size = 33554432 (custom)
2019-11-13 13:02:23,172 [pool-509-thread-1] INFO  server.RaftServerConfigKeys (ConfUtils.java:logGet(43)) - raft.server.log.force.sync.num = 128 (default)
2019-11-13 13:02:23,172 [pool-509-thread-1] INFO  server.RaftServerConfigKeys (ConfUtils.java:logGet(43)) - raft.server.log.statemachine.data.sync = true (default)
2019-11-13 13:02:23,173 [pool-509-thread-1] INFO  server.RaftServerConfigKeys (ConfUtils.java:logGet(43)) - raft.server.log.statemachine.data.sync.timeout = 10s (default)
2019-11-13 13:02:23,173 [pool-509-thread-1] INFO  server.RaftServerConfigKeys (ConfUtils.java:logGet(43)) - raft.server.log.statemachine.data.sync.timeout.retry = -1 (default)
2019-11-13 13:02:23,173 [pool-509-thread-1] INFO  server.RaftServerConfigKeys (ConfUtils.java:logGet(43)) - raft.server.log.statemachine.data.caching.enabled = true (custom)
2019-11-13 13:02:23,173 [pool-509-thread-1] INFO  segmented.SegmentedRaftLogWorker (SegmentedRaftLogWorker.java:lambda$new$0(128)) - 90f8c6ad-89d1-4dd8-98a8-ca579bb4c57a@group-BC826A4F679F-SegmentedRaftLogWorker: flushIndex: setUnconditionally 0 -> -1
2019-11-13 13:02:23,174 [pool-509-thread-1] INFO  server.RaftServerConfigKeys (ConfUtils.java:logGet(43)) - raft.server.snapshot.auto.trigger.enabled = true (custom)
2019-11-13 13:02:23,174 [pool-509-thread-1] INFO  server.RaftServerConfigKeys (ConfUtils.java:logGet(43)) - raft.server.snapshot.auto.trigger.threshold = 10000 (custom)
2019-11-13 13:02:23,174 [pool-509-thread-1] INFO  server.RaftServerConfigKeys (ConfUtils.java:logGet(43)) - raft.server.snapshot.retention.file.num = 5 (custom)
2019-11-13 13:02:23,174 [pool-509-thread-1] INFO  server.RaftServerConfigKeys (ConfUtils.java:logGet(43)) - raft.server.retrycache.expirytime = 600000ms (custom)
2019-11-13 13:02:23,175 [pool-509-thread-1] WARN  impl.MetricRegistriesImpl (MetricRegistriesImpl.java:lambda$create$1(61)) - First MetricRegistry has been created without registering reporters. You may need to call MetricRegistries.global().addReportRegistration(...) before.
2019-11-13 13:02:23,175 [pool-509-thread-1] WARN  impl.MetricRegistriesImpl (MetricRegistriesImpl.java:lambda$create$1(61)) - First MetricRegistry has been created without registering reporters. You may need to call MetricRegistries.global().addReportRegistration(...) before.
2019-11-13 13:02:23,175 [pool-509-thread-1] INFO  impl.RaftServerImpl (RaftServerImpl.java:start(184)) - 90f8c6ad-89d1-4dd8-98a8-ca579bb4c57a@group-BC826A4F679F: start as a follower, conf=-1: [90f8c6ad-89d1-4dd8-98a8-ca579bb4c57a:192.168.157.200:39136], old=null
2019-11-13 13:02:23,175 [pool-509-thread-1] INFO  impl.RaftServerImpl (RaftServerImpl.java:setRole(173)) - 90f8c6ad-89d1-4dd8-98a8-ca579bb4c57a@group-BC826A4F679F: changes role from      null to FOLLOWER at term 0 for startAsFollower
2019-11-13 13:02:23,175 [pool-509-thread-1] INFO  impl.RoleInfo (RoleInfo.java:updateAndGet(143)) - 90f8c6ad-89d1-4dd8-98a8-ca579bb4c57a: start FollowerState
2019-11-13 13:02:23,176 [pool-509-thread-1] INFO  util.JmxRegister (JmxRegister.java:tryRegister(44)) - Successfully registered JMX Bean with object name Ratis:service=RaftServer,group=group-BC826A4F679F,id=90f8c6ad-89d1-4dd8-98a8-ca579bb4c57a
2019-11-13 13:02:23,176 [pool-509-thread-1] WARN  impl.MetricRegistriesImpl (MetricRegistriesImpl.java:lambda$create$1(61)) - First MetricRegistry has been created without registering reporters. You may need to call MetricRegistries.global().addReportRegistration(...) before.
2019-11-13 13:02:23,180 [RatisPipelineUtilsThread] INFO  pipeline.PipelineStateManager (PipelineStateManager.java:addPipeline(55)) - Created pipeline Pipeline[ Id: 7509f1b6-db02-46c7-a79e-bc826a4f679f, Nodes: 90f8c6ad-89d1-4dd8-98a8-ca579bb4c57a{ip: 192.168.157.200, host: pr-hdds-2452-7vw7s-1330541530, networkLocation: /rack1, certSerialId: null}, Type:RATIS, Factor:ONE, State:ALLOCATED]
2019-11-13 13:02:23,188 [grpc-default-executor-6] INFO  impl.RaftServerProxy (RaftServerProxy.java:addNew(89)) - ccb58d27-4340-4f56-86e1-f88286cea239: addNew group-CAD78AE12961:[ccb58d27-4340-4f56-86e1-f88286cea239:192.168.157.200:36584] returns group-CAD78AE12961:java.util.concurrent.CompletableFuture@431de7b[Not completed]
2019-11-13 13:02:23,190 [pool-519-thread-1] INFO  impl.RaftServerImpl (RaftServerImpl.java:<init>(98)) - ccb58d27-4340-4f56-86e1-f88286cea239: new RaftServerImpl for group-CAD78AE12961:[ccb58d27-4340-4f56-86e1-f88286cea239:192.168.157.200:36584] with ContainerStateMachine:uninitialized
2019-11-13 13:02:23,190 [pool-519-thread-1] INFO  server.RaftServerConfigKeys (ConfUtils.java:logGet(43)) - raft.server.rpc.timeout.min = 1s (custom)
2019-11-13 13:02:23,190 [pool-519-thread-1] INFO  server.RaftServerConfigKeys (ConfUtils.java:logGet(43)) - raft.server.rpc.timeout.max = 1200ms (custom)
2019-11-13 13:02:23,190 [pool-519-thread-1] INFO  server.RaftServerConfigKeys (ConfUtils.java:logGet(43)) - raft.server.rpcslowness.timeout = 120s (custom)
2019-11-13 13:02:23,191 [pool-519-thread-1] INFO  server.RaftServerConfigKeys (ConfUtils.java:logGet(43)) - raft.server.sleep.deviation.threshold = 300 (default)
2019-11-13 13:02:23,191 [pool-519-thread-1] INFO  server.RaftServerConfigKeys (ConfUtils.java:logGet(43)) - raft.server.log.appender.install.snapshot.enabled = false (custom)
2019-11-13 13:02:23,191 [pool-519-thread-1] INFO  impl.RaftServerImpl (ServerState.java:<init>(103)) - ccb58d27-4340-4f56-86e1-f88286cea239@group-CAD78AE12961: ConfigurationManager, init=-1: [ccb58d27-4340-4f56-86e1-f88286cea239:192.168.157.200:36584], old=null, confs=<EMPTY_MAP>
2019-11-13 13:02:23,191 [pool-519-thread-1] INFO  server.RaftServerConfigKeys (ConfUtils.java:logGet(43)) - raft.server.storage.dir = [/workdir/hadoop-ozone/integration-test/target/test-dir/MiniOzoneClusterImpl-90e8aeb1-2975-47c6-9bba-faf27de7fb8c/datanode-1/data/ratis] (custom)
2019-11-13 13:02:23,191 [pool-519-thread-1] INFO  server.RaftServerConfigKeys (ConfUtils.java:logGet(43)) - raft.server.log.corruption.policy = EXCEPTION (default)
2019-11-13 13:02:23,192 [pool-519-thread-1] INFO  storage.RaftStorageDirectory (RaftStorageDirectory.java:analyzeStorage(246)) - The storage directory /workdir/hadoop-ozone/integration-test/target/test-dir/MiniOzoneClusterImpl-90e8aeb1-2975-47c6-9bba-faf27de7fb8c/datanode-1/data/ratis/b42ea994-ee87-4049-9c09-cad78ae12961 does not exist. Creating ...
2019-11-13 13:02:23,219 [pool-519-thread-1] INFO  storage.RaftStorageDirectory (RaftStorageDirectory.java:tryLock(328)) - Lock on /workdir/hadoop-ozone/integration-test/target/test-dir/MiniOzoneClusterImpl-90e8aeb1-2975-47c6-9bba-faf27de7fb8c/datanode-1/data/ratis/b42ea994-ee87-4049-9c09-cad78ae12961/in_use.lock acquired by nodename 10766@pr-hdds-2452-7vw7s-1330541530
2019-11-13 13:02:23,244 [IPC Server handler 6 on 38516] INFO  net.NetworkTopology (NetworkTopologyImpl.java:add(111)) - Added a new node: /rack1/8ff9d20a-2236-45f0-8596-c8d53407e80c
2019-11-13 13:02:23,245 [pool-519-thread-1] INFO  storage.RaftStorage (RaftStorage.java:format(84)) - Storage directory /workdir/hadoop-ozone/integration-test/target/test-dir/MiniOzoneClusterImpl-90e8aeb1-2975-47c6-9bba-faf27de7fb8c/datanode-1/data/ratis/b42ea994-ee87-4049-9c09-cad78ae12961 has been successfully formatted.
2019-11-13 13:02:23,245 [IPC Server handler 6 on 38516] INFO  node.SCMNodeManager (SCMNodeManager.java:register(267)) - Registered Data node : 8ff9d20a-2236-45f0-8596-c8d53407e80c{ip: 192.168.157.200, host: pr-hdds-2452-7vw7s-1330541530, networkLocation: /rack1, certSerialId: null}
2019-11-13 13:02:23,245 [pool-519-thread-1] INFO  ratis.ContainerStateMachine (ContainerStateMachine.java:loadSnapshot(223)) - group-CAD78AE12961: The snapshot info is null. Setting the last applied indexto:(t:0, i:~)
2019-11-13 13:02:23,245 [pool-519-thread-1] INFO  server.RaftServerConfigKeys (ConfUtils.java:logGet(43)) - raft.server.notification.no-leader.timeout = 120s (custom)
2019-11-13 13:02:23,245 [pool-519-thread-1] INFO  server.RaftServerConfigKeys (ConfUtils.java:logGet(43)) - raft.server.log.use.memory = false (default)
2019-11-13 13:02:23,245 [pool-519-thread-1] INFO  server.RaftServerConfigKeys (ConfUtils.java:logGet(43)) - raft.server.log.purge.gap = 1000000 (custom)
2019-11-13 13:02:23,245 [pool-519-thread-1] INFO  server.RaftServerConfigKeys (ConfUtils.java:logGet(43)) - raft.server.log.appender.buffer.byte-limit = 33554432 (custom)
2019-11-13 13:02:23,246 [pool-519-thread-1] INFO  server.RaftServerConfigKeys (ConfUtils.java:logGet(43)) - raft.server.log.segment.size.max = 1048576 (custom)
2019-11-13 13:02:23,246 [pool-519-thread-1] WARN  impl.MetricRegistriesImpl (MetricRegistriesImpl.java:lambda$create$1(61)) - First MetricRegistry has been created without registering reporters. You may need to call MetricRegistries.global().addReportRegistration(...) before.
2019-11-13 13:02:23,246 [pool-519-thread-1] INFO  server.RaftServerConfigKeys (ConfUtils.java:logGet(43)) - raft.server.log.segment.cache.num.max = 2 (custom)
2019-11-13 13:02:23,246 [pool-519-thread-1] INFO  segmented.SegmentedRaftLogWorker (SegmentedRaftLogWorker.java:<init>(173)) - new ccb58d27-4340-4f56-86e1-f88286cea239@group-CAD78AE12961-SegmentedRaftLogWorker for RaftStorage:Storage Directory /workdir/hadoop-ozone/integration-test/target/test-dir/MiniOzoneClusterImpl-90e8aeb1-2975-47c6-9bba-faf27de7fb8c/datanode-1/data/ratis/b42ea994-ee87-4049-9c09-cad78ae12961
2019-11-13 13:02:23,246 [pool-519-thread-1] INFO  server.RaftServerConfigKeys (ConfUtils.java:logGet(43)) - raft.server.log.queue.byte-limit = 2147483647 (custom)
2019-11-13 13:02:23,246 [pool-519-thread-1] INFO  server.RaftServerConfigKeys (ConfUtils.java:logGet(43)) - raft.server.log.queue.element-limit = 1024 (custom)
2019-11-13 13:02:23,246 [pool-519-thread-1] INFO  server.RaftServerConfigKeys (ConfUtils.java:logGet(43)) - raft.server.log.segment.size.max = 1048576 (custom)
2019-11-13 13:02:23,246 [pool-519-thread-1] INFO  server.RaftServerConfigKeys (ConfUtils.java:logGet(43)) - raft.server.log.preallocated.size = 16384 (custom)
2019-11-13 13:02:23,247 [pool-519-thread-1] INFO  server.RaftServerConfigKeys (ConfUtils.java:logGet(43)) - raft.server.log.write.buffer.size = 33554432 (custom)
2019-11-13 13:02:23,247 [pool-519-thread-1] INFO  server.RaftServerConfigKeys (ConfUtils.java:logGet(43)) - raft.server.log.force.sync.num = 128 (default)
2019-11-13 13:02:23,247 [pool-519-thread-1] INFO  server.RaftServerConfigKeys (ConfUtils.java:logGet(43)) - raft.server.log.statemachine.data.sync = true (default)
2019-11-13 13:02:23,247 [pool-519-thread-1] INFO  server.RaftServerConfigKeys (ConfUtils.java:logGet(43)) - raft.server.log.statemachine.data.sync.timeout = 10s (default)
2019-11-13 13:02:23,247 [pool-519-thread-1] INFO  server.RaftServerConfigKeys (ConfUtils.java:logGet(43)) - raft.server.log.statemachine.data.sync.timeout.retry = -1 (default)
2019-11-13 13:02:23,247 [pool-519-thread-1] INFO  server.RaftServerConfigKeys (ConfUtils.java:logGet(43)) - raft.server.log.statemachine.data.caching.enabled = true (custom)
2019-11-13 13:02:23,247 [pool-519-thread-1] INFO  segmented.SegmentedRaftLogWorker (SegmentedRaftLogWorker.java:lambda$new$0(128)) - ccb58d27-4340-4f56-86e1-f88286cea239@group-CAD78AE12961-SegmentedRaftLogWorker: flushIndex: setUnconditionally 0 -> -1
2019-11-13 13:02:23,248 [pool-519-thread-1] INFO  server.RaftServerConfigKeys (ConfUtils.java:logGet(43)) - raft.server.snapshot.auto.trigger.enabled = true (custom)
2019-11-13 13:02:23,248 [pool-519-thread-1] INFO  server.RaftServerConfigKeys (ConfUtils.java:logGet(43)) - raft.server.snapshot.auto.trigger.threshold = 10000 (custom)
2019-11-13 13:02:23,248 [pool-519-thread-1] INFO  server.RaftServerConfigKeys (ConfUtils.java:logGet(43)) - raft.server.snapshot.retention.file.num = 5 (custom)
2019-11-13 13:02:23,248 [pool-519-thread-1] INFO  server.RaftServerConfigKeys (ConfUtils.java:logGet(43)) - raft.server.retrycache.expirytime = 600000ms (custom)
2019-11-13 13:02:23,248 [pool-519-thread-1] WARN  impl.MetricRegistriesImpl (MetricRegistriesImpl.java:lambda$create$1(61)) - First MetricRegistry has been created without registering reporters. You may need to call MetricRegistries.global().addReportRegistration(...) before.
2019-11-13 13:02:23,248 [pool-519-thread-1] WARN  impl.MetricRegistriesImpl (MetricRegistriesImpl.java:lambda$create$1(61)) - First MetricRegistry has been created without registering reporters. You may need to call MetricRegistries.global().addReportRegistration(...) before.
2019-11-13 13:02:23,249 [pool-519-thread-1] INFO  impl.RaftServerImpl (RaftServerImpl.java:start(184)) - ccb58d27-4340-4f56-86e1-f88286cea239@group-CAD78AE12961: start as a follower, conf=-1: [ccb58d27-4340-4f56-86e1-f88286cea239:192.168.157.200:36584], old=null
2019-11-13 13:02:23,249 [pool-519-thread-1] INFO  impl.RaftServerImpl (RaftServerImpl.java:setRole(173)) - ccb58d27-4340-4f56-86e1-f88286cea239@group-CAD78AE12961: changes role from      null to FOLLOWER at term 0 for startAsFollower
2019-11-13 13:02:23,249 [pool-519-thread-1] INFO  impl.RoleInfo (RoleInfo.java:updateAndGet(143)) - ccb58d27-4340-4f56-86e1-f88286cea239: start FollowerState
2019-11-13 13:02:23,249 [pool-519-thread-1] INFO  util.JmxRegister (JmxRegister.java:tryRegister(44)) - Successfully registered JMX Bean with object name Ratis:service=RaftServer,group=group-CAD78AE12961,id=ccb58d27-4340-4f56-86e1-f88286cea239
2019-11-13 13:02:23,249 [pool-519-thread-1] WARN  impl.MetricRegistriesImpl (MetricRegistriesImpl.java:lambda$create$1(61)) - First MetricRegistry has been created without registering reporters. You may need to call MetricRegistries.global().addReportRegistration(...) before.
2019-11-13 13:02:23,252 [RatisPipelineUtilsThread] INFO  pipeline.PipelineStateManager (PipelineStateManager.java:addPipeline(55)) - Created pipeline Pipeline[ Id: b42ea994-ee87-4049-9c09-cad78ae12961, Nodes: ccb58d27-4340-4f56-86e1-f88286cea239{ip: 192.168.157.200, host: pr-hdds-2452-7vw7s-1330541530, networkLocation: /rack1, certSerialId: null}, Type:RATIS, Factor:ONE, State:ALLOCATED]
2019-11-13 13:02:23,257 [grpc-default-executor-6] INFO  impl.RaftServerProxy (RaftServerProxy.java:addNew(89)) - 8ff9d20a-2236-45f0-8596-c8d53407e80c: addNew group-54469DDDDEFE:[8ff9d20a-2236-45f0-8596-c8d53407e80c:192.168.157.200:39500] returns group-54469DDDDEFE:java.util.concurrent.CompletableFuture@3f190e35[Not completed]
2019-11-13 13:02:23,259 [pool-529-thread-1] INFO  impl.RaftServerImpl (RaftServerImpl.java:<init>(98)) - 8ff9d20a-2236-45f0-8596-c8d53407e80c: new RaftServerImpl for group-54469DDDDEFE:[8ff9d20a-2236-45f0-8596-c8d53407e80c:192.168.157.200:39500] with ContainerStateMachine:uninitialized
2019-11-13 13:02:23,259 [pool-529-thread-1] INFO  server.RaftServerConfigKeys (ConfUtils.java:logGet(43)) - raft.server.rpc.timeout.min = 1s (custom)
2019-11-13 13:02:23,259 [pool-529-thread-1] INFO  server.RaftServerConfigKeys (ConfUtils.java:logGet(43)) - raft.server.rpc.timeout.max = 1200ms (custom)
2019-11-13 13:02:23,259 [pool-529-thread-1] INFO  server.RaftServerConfigKeys (ConfUtils.java:logGet(43)) - raft.server.rpcslowness.timeout = 120s (custom)
2019-11-13 13:02:23,259 [pool-529-thread-1] INFO  server.RaftServerConfigKeys (ConfUtils.java:logGet(43)) - raft.server.sleep.deviation.threshold = 300 (default)
2019-11-13 13:02:23,259 [pool-529-thread-1] INFO  server.RaftServerConfigKeys (ConfUtils.java:logGet(43)) - raft.server.log.appender.install.snapshot.enabled = false (custom)
2019-11-13 13:02:23,260 [pool-529-thread-1] INFO  impl.RaftServerImpl (ServerState.java:<init>(103)) - 8ff9d20a-2236-45f0-8596-c8d53407e80c@group-54469DDDDEFE: ConfigurationManager, init=-1: [8ff9d20a-2236-45f0-8596-c8d53407e80c:192.168.157.200:39500], old=null, confs=<EMPTY_MAP>
2019-11-13 13:02:23,260 [pool-529-thread-1] INFO  server.RaftServerConfigKeys (ConfUtils.java:logGet(43)) - raft.server.storage.dir = [/workdir/hadoop-ozone/integration-test/target/test-dir/MiniOzoneClusterImpl-90e8aeb1-2975-47c6-9bba-faf27de7fb8c/datanode-2/data/ratis] (custom)
2019-11-13 13:02:23,260 [pool-529-thread-1] INFO  server.RaftServerConfigKeys (ConfUtils.java:logGet(43)) - raft.server.log.corruption.policy = EXCEPTION (default)
2019-11-13 13:02:23,260 [pool-529-thread-1] INFO  storage.RaftStorageDirectory (RaftStorageDirectory.java:analyzeStorage(246)) - The storage directory /workdir/hadoop-ozone/integration-test/target/test-dir/MiniOzoneClusterImpl-90e8aeb1-2975-47c6-9bba-faf27de7fb8c/datanode-2/data/ratis/920352cc-4dff-4810-970d-54469ddddefe does not exist. Creating ...
2019-11-13 13:02:23,287 [pool-529-thread-1] INFO  storage.RaftStorageDirectory (RaftStorageDirectory.java:tryLock(328)) - Lock on /workdir/hadoop-ozone/integration-test/target/test-dir/MiniOzoneClusterImpl-90e8aeb1-2975-47c6-9bba-faf27de7fb8c/datanode-2/data/ratis/920352cc-4dff-4810-970d-54469ddddefe/in_use.lock acquired by nodename 10766@pr-hdds-2452-7vw7s-1330541530
2019-11-13 13:02:23,329 [IPC Server handler 7 on 38516] INFO  net.NetworkTopology (NetworkTopologyImpl.java:add(111)) - Added a new node: /rack1/9bca8fcc-ea98-4ec4-92ce-7a037de40a27
2019-11-13 13:02:23,330 [IPC Server handler 7 on 38516] INFO  node.SCMNodeManager (SCMNodeManager.java:register(267)) - Registered Data node : 9bca8fcc-ea98-4ec4-92ce-7a037de40a27{ip: 192.168.157.200, host: pr-hdds-2452-7vw7s-1330541530, networkLocation: /rack1, certSerialId: null}
2019-11-13 13:02:23,337 [pool-529-thread-1] INFO  storage.RaftStorage (RaftStorage.java:format(84)) - Storage directory /workdir/hadoop-ozone/integration-test/target/test-dir/MiniOzoneClusterImpl-90e8aeb1-2975-47c6-9bba-faf27de7fb8c/datanode-2/data/ratis/920352cc-4dff-4810-970d-54469ddddefe has been successfully formatted.
2019-11-13 13:02:23,337 [pool-529-thread-1] INFO  ratis.ContainerStateMachine (ContainerStateMachine.java:loadSnapshot(223)) - group-54469DDDDEFE: The snapshot info is null. Setting the last applied indexto:(t:0, i:~)
2019-11-13 13:02:23,338 [pool-529-thread-1] INFO  server.RaftServerConfigKeys (ConfUtils.java:logGet(43)) - raft.server.notification.no-leader.timeout = 120s (custom)
2019-11-13 13:02:23,338 [pool-529-thread-1] INFO  server.RaftServerConfigKeys (ConfUtils.java:logGet(43)) - raft.server.log.use.memory = false (default)
2019-11-13 13:02:23,338 [pool-529-thread-1] INFO  server.RaftServerConfigKeys (ConfUtils.java:logGet(43)) - raft.server.log.purge.gap = 1000000 (custom)
2019-11-13 13:02:23,338 [pool-529-thread-1] INFO  server.RaftServerConfigKeys (ConfUtils.java:logGet(43)) - raft.server.log.appender.buffer.byte-limit = 33554432 (custom)
2019-11-13 13:02:23,338 [pool-529-thread-1] INFO  server.RaftServerConfigKeys (ConfUtils.java:logGet(43)) - raft.server.log.segment.size.max = 1048576 (custom)
2019-11-13 13:02:23,338 [pool-529-thread-1] WARN  impl.MetricRegistriesImpl (MetricRegistriesImpl.java:lambda$create$1(61)) - First MetricRegistry has been created without registering reporters. You may need to call MetricRegistries.global().addReportRegistration(...) before.
2019-11-13 13:02:23,338 [pool-529-thread-1] INFO  server.RaftServerConfigKeys (ConfUtils.java:logGet(43)) - raft.server.log.segment.cache.num.max = 2 (custom)
2019-11-13 13:02:23,338 [pool-529-thread-1] INFO  segmented.SegmentedRaftLogWorker (SegmentedRaftLogWorker.java:<init>(173)) - new 8ff9d20a-2236-45f0-8596-c8d53407e80c@group-54469DDDDEFE-SegmentedRaftLogWorker for RaftStorage:Storage Directory /workdir/hadoop-ozone/integration-test/target/test-dir/MiniOzoneClusterImpl-90e8aeb1-2975-47c6-9bba-faf27de7fb8c/datanode-2/data/ratis/920352cc-4dff-4810-970d-54469ddddefe
2019-11-13 13:02:23,339 [pool-529-thread-1] INFO  server.RaftServerConfigKeys (ConfUtils.java:logGet(43)) - raft.server.log.queue.byte-limit = 2147483647 (custom)
2019-11-13 13:02:23,339 [pool-529-thread-1] INFO  server.RaftServerConfigKeys (ConfUtils.java:logGet(43)) - raft.server.log.queue.element-limit = 1024 (custom)
2019-11-13 13:02:23,339 [pool-529-thread-1] INFO  server.RaftServerConfigKeys (ConfUtils.java:logGet(43)) - raft.server.log.segment.size.max = 1048576 (custom)
2019-11-13 13:02:23,339 [pool-529-thread-1] INFO  server.RaftServerConfigKeys (ConfUtils.java:logGet(43)) - raft.server.log.preallocated.size = 16384 (custom)
2019-11-13 13:02:23,339 [pool-529-thread-1] INFO  server.RaftServerConfigKeys (ConfUtils.java:logGet(43)) - raft.server.log.write.buffer.size = 33554432 (custom)
2019-11-13 13:02:23,339 [pool-529-thread-1] INFO  server.RaftServerConfigKeys (ConfUtils.java:logGet(43)) - raft.server.log.force.sync.num = 128 (default)
2019-11-13 13:02:23,339 [pool-529-thread-1] INFO  server.RaftServerConfigKeys (ConfUtils.java:logGet(43)) - raft.server.log.statemachine.data.sync = true (default)
2019-11-13 13:02:23,339 [pool-529-thread-1] INFO  server.RaftServerConfigKeys (ConfUtils.java:logGet(43)) - raft.server.log.statemachine.data.sync.timeout = 10s (default)
2019-11-13 13:02:23,339 [pool-529-thread-1] INFO  server.RaftServerConfigKeys (ConfUtils.java:logGet(43)) - raft.server.log.statemachine.data.sync.timeout.retry = -1 (default)
2019-11-13 13:02:23,340 [pool-529-thread-1] INFO  server.RaftServerConfigKeys (ConfUtils.java:logGet(43)) - raft.server.log.statemachine.data.caching.enabled = true (custom)
2019-11-13 13:02:23,340 [pool-529-thread-1] INFO  segmented.SegmentedRaftLogWorker (SegmentedRaftLogWorker.java:lambda$new$0(128)) - 8ff9d20a-2236-45f0-8596-c8d53407e80c@group-54469DDDDEFE-SegmentedRaftLogWorker: flushIndex: setUnconditionally 0 -> -1
2019-11-13 13:02:23,340 [pool-529-thread-1] INFO  server.RaftServerConfigKeys (ConfUtils.java:logGet(43)) - raft.server.snapshot.auto.trigger.enabled = true (custom)
2019-11-13 13:02:23,340 [pool-529-thread-1] INFO  server.RaftServerConfigKeys (ConfUtils.java:logGet(43)) - raft.server.snapshot.auto.trigger.threshold = 10000 (custom)
2019-11-13 13:02:23,340 [pool-529-thread-1] INFO  server.RaftServerConfigKeys (ConfUtils.java:logGet(43)) - raft.server.snapshot.retention.file.num = 5 (custom)
2019-11-13 13:02:23,340 [pool-529-thread-1] INFO  server.RaftServerConfigKeys (ConfUtils.java:logGet(43)) - raft.server.retrycache.expirytime = 600000ms (custom)
2019-11-13 13:02:23,341 [pool-529-thread-1] WARN  impl.MetricRegistriesImpl (MetricRegistriesImpl.java:lambda$create$1(61)) - First MetricRegistry has been created without registering reporters. You may need to call MetricRegistries.global().addReportRegistration(...) before.
2019-11-13 13:02:23,341 [pool-529-thread-1] WARN  impl.MetricRegistriesImpl (MetricRegistriesImpl.java:lambda$create$1(61)) - First MetricRegistry has been created without registering reporters. You may need to call MetricRegistries.global().addReportRegistration(...) before.
2019-11-13 13:02:23,341 [pool-529-thread-1] INFO  impl.RaftServerImpl (RaftServerImpl.java:start(184)) - 8ff9d20a-2236-45f0-8596-c8d53407e80c@group-54469DDDDEFE: start as a follower, conf=-1: [8ff9d20a-2236-45f0-8596-c8d53407e80c:192.168.157.200:39500], old=null
2019-11-13 13:02:23,341 [pool-529-thread-1] INFO  impl.RaftServerImpl (RaftServerImpl.java:setRole(173)) - 8ff9d20a-2236-45f0-8596-c8d53407e80c@group-54469DDDDEFE: changes role from      null to FOLLOWER at term 0 for startAsFollower
2019-11-13 13:02:23,341 [pool-529-thread-1] INFO  impl.RoleInfo (RoleInfo.java:updateAndGet(143)) - 8ff9d20a-2236-45f0-8596-c8d53407e80c: start FollowerState
2019-11-13 13:02:23,342 [pool-529-thread-1] INFO  util.JmxRegister (JmxRegister.java:tryRegister(44)) - Successfully registered JMX Bean with object name Ratis:service=RaftServer,group=group-54469DDDDEFE,id=8ff9d20a-2236-45f0-8596-c8d53407e80c
2019-11-13 13:02:23,342 [pool-529-thread-1] WARN  impl.MetricRegistriesImpl (MetricRegistriesImpl.java:lambda$create$1(61)) - First MetricRegistry has been created without registering reporters. You may need to call MetricRegistries.global().addReportRegistration(...) before.
2019-11-13 13:02:23,344 [RatisPipelineUtilsThread] INFO  pipeline.PipelineStateManager (PipelineStateManager.java:addPipeline(55)) - Created pipeline Pipeline[ Id: 920352cc-4dff-4810-970d-54469ddddefe, Nodes: 8ff9d20a-2236-45f0-8596-c8d53407e80c{ip: 192.168.157.200, host: pr-hdds-2452-7vw7s-1330541530, networkLocation: /rack1, certSerialId: null}, Type:RATIS, Factor:ONE, State:ALLOCATED]
2019-11-13 13:02:23,351 [grpc-default-executor-6] INFO  impl.RaftServerProxy (RaftServerProxy.java:addNew(89)) - 9bca8fcc-ea98-4ec4-92ce-7a037de40a27: addNew group-CA32E95BA872:[9bca8fcc-ea98-4ec4-92ce-7a037de40a27:192.168.157.200:33211] returns group-CA32E95BA872:java.util.concurrent.CompletableFuture@1aaf731a[Not completed]
2019-11-13 13:02:23,353 [pool-539-thread-1] INFO  impl.RaftServerImpl (RaftServerImpl.java:<init>(98)) - 9bca8fcc-ea98-4ec4-92ce-7a037de40a27: new RaftServerImpl for group-CA32E95BA872:[9bca8fcc-ea98-4ec4-92ce-7a037de40a27:192.168.157.200:33211] with ContainerStateMachine:uninitialized
2019-11-13 13:02:23,353 [pool-539-thread-1] INFO  server.RaftServerConfigKeys (ConfUtils.java:logGet(43)) - raft.server.rpc.timeout.min = 1s (custom)
2019-11-13 13:02:23,353 [pool-539-thread-1] INFO  server.RaftServerConfigKeys (ConfUtils.java:logGet(43)) - raft.server.rpc.timeout.max = 1200ms (custom)
2019-11-13 13:02:23,353 [pool-539-thread-1] INFO  server.RaftServerConfigKeys (ConfUtils.java:logGet(43)) - raft.server.rpcslowness.timeout = 120s (custom)
2019-11-13 13:02:23,353 [pool-539-thread-1] INFO  server.RaftServerConfigKeys (ConfUtils.java:logGet(43)) - raft.server.sleep.deviation.threshold = 300 (default)
2019-11-13 13:02:23,353 [pool-539-thread-1] INFO  server.RaftServerConfigKeys (ConfUtils.java:logGet(43)) - raft.server.log.appender.install.snapshot.enabled = false (custom)
2019-11-13 13:02:23,353 [pool-539-thread-1] INFO  impl.RaftServerImpl (ServerState.java:<init>(103)) - 9bca8fcc-ea98-4ec4-92ce-7a037de40a27@group-CA32E95BA872: ConfigurationManager, init=-1: [9bca8fcc-ea98-4ec4-92ce-7a037de40a27:192.168.157.200:33211], old=null, confs=<EMPTY_MAP>
2019-11-13 13:02:23,353 [pool-539-thread-1] INFO  server.RaftServerConfigKeys (ConfUtils.java:logGet(43)) - raft.server.storage.dir = [/workdir/hadoop-ozone/integration-test/target/test-dir/MiniOzoneClusterImpl-90e8aeb1-2975-47c6-9bba-faf27de7fb8c/datanode-3/data/ratis] (custom)
2019-11-13 13:02:23,354 [pool-539-thread-1] INFO  server.RaftServerConfigKeys (ConfUtils.java:logGet(43)) - raft.server.log.corruption.policy = EXCEPTION (default)
2019-11-13 13:02:23,354 [pool-539-thread-1] INFO  storage.RaftStorageDirectory (RaftStorageDirectory.java:analyzeStorage(246)) - The storage directory /workdir/hadoop-ozone/integration-test/target/test-dir/MiniOzoneClusterImpl-90e8aeb1-2975-47c6-9bba-faf27de7fb8c/datanode-3/data/ratis/51d61a02-0ecf-4415-be74-ca32e95ba872 does not exist. Creating ...
2019-11-13 13:02:23,379 [pool-539-thread-1] INFO  storage.RaftStorageDirectory (RaftStorageDirectory.java:tryLock(328)) - Lock on /workdir/hadoop-ozone/integration-test/target/test-dir/MiniOzoneClusterImpl-90e8aeb1-2975-47c6-9bba-faf27de7fb8c/datanode-3/data/ratis/51d61a02-0ecf-4415-be74-ca32e95ba872/in_use.lock acquired by nodename 10766@pr-hdds-2452-7vw7s-1330541530
2019-11-13 13:02:23,396 [pool-539-thread-1] INFO  storage.RaftStorage (RaftStorage.java:format(84)) - Storage directory /workdir/hadoop-ozone/integration-test/target/test-dir/MiniOzoneClusterImpl-90e8aeb1-2975-47c6-9bba-faf27de7fb8c/datanode-3/data/ratis/51d61a02-0ecf-4415-be74-ca32e95ba872 has been successfully formatted.
2019-11-13 13:02:23,396 [pool-539-thread-1] INFO  ratis.ContainerStateMachine (ContainerStateMachine.java:loadSnapshot(223)) - group-CA32E95BA872: The snapshot info is null. Setting the last applied indexto:(t:0, i:~)
2019-11-13 13:02:23,396 [pool-539-thread-1] INFO  server.RaftServerConfigKeys (ConfUtils.java:logGet(43)) - raft.server.notification.no-leader.timeout = 120s (custom)
2019-11-13 13:02:23,397 [pool-539-thread-1] INFO  server.RaftServerConfigKeys (ConfUtils.java:logGet(43)) - raft.server.log.use.memory = false (default)
2019-11-13 13:02:23,397 [pool-539-thread-1] INFO  server.RaftServerConfigKeys (ConfUtils.java:logGet(43)) - raft.server.log.purge.gap = 1000000 (custom)
2019-11-13 13:02:23,397 [pool-539-thread-1] INFO  server.RaftServerConfigKeys (ConfUtils.java:logGet(43)) - raft.server.log.appender.buffer.byte-limit = 33554432 (custom)
2019-11-13 13:02:23,397 [pool-539-thread-1] INFO  server.RaftServerConfigKeys (ConfUtils.java:logGet(43)) - raft.server.log.segment.size.max = 1048576 (custom)
2019-11-13 13:02:23,397 [pool-539-thread-1] WARN  impl.MetricRegistriesImpl (MetricRegistriesImpl.java:lambda$create$1(61)) - First MetricRegistry has been created without registering reporters. You may need to call MetricRegistries.global().addReportRegistration(...) before.
2019-11-13 13:02:23,397 [pool-539-thread-1] INFO  server.RaftServerConfigKeys (ConfUtils.java:logGet(43)) - raft.server.log.segment.cache.num.max = 2 (custom)
2019-11-13 13:02:23,397 [pool-539-thread-1] INFO  segmented.SegmentedRaftLogWorker (SegmentedRaftLogWorker.java:<init>(173)) - new 9bca8fcc-ea98-4ec4-92ce-7a037de40a27@group-CA32E95BA872-SegmentedRaftLogWorker for RaftStorage:Storage Directory /workdir/hadoop-ozone/integration-test/target/test-dir/MiniOzoneClusterImpl-90e8aeb1-2975-47c6-9bba-faf27de7fb8c/datanode-3/data/ratis/51d61a02-0ecf-4415-be74-ca32e95ba872
2019-11-13 13:02:23,398 [pool-539-thread-1] INFO  server.RaftServerConfigKeys (ConfUtils.java:logGet(43)) - raft.server.log.queue.byte-limit = 2147483647 (custom)
2019-11-13 13:02:23,398 [pool-539-thread-1] INFO  server.RaftServerConfigKeys (ConfUtils.java:logGet(43)) - raft.server.log.queue.element-limit = 1024 (custom)
2019-11-13 13:02:23,398 [pool-539-thread-1] INFO  server.RaftServerConfigKeys (ConfUtils.java:logGet(43)) - raft.server.log.segment.size.max = 1048576 (custom)
2019-11-13 13:02:23,398 [pool-539-thread-1] INFO  server.RaftServerConfigKeys (ConfUtils.java:logGet(43)) - raft.server.log.preallocated.size = 16384 (custom)
2019-11-13 13:02:23,398 [pool-539-thread-1] INFO  server.RaftServerConfigKeys (ConfUtils.java:logGet(43)) - raft.server.log.write.buffer.size = 33554432 (custom)
2019-11-13 13:02:23,398 [pool-539-thread-1] INFO  server.RaftServerConfigKeys (ConfUtils.java:logGet(43)) - raft.server.log.force.sync.num = 128 (default)
2019-11-13 13:02:23,398 [pool-539-thread-1] INFO  server.RaftServerConfigKeys (ConfUtils.java:logGet(43)) - raft.server.log.statemachine.data.sync = true (default)
2019-11-13 13:02:23,398 [pool-539-thread-1] INFO  server.RaftServerConfigKeys (ConfUtils.java:logGet(43)) - raft.server.log.statemachine.data.sync.timeout = 10s (default)
2019-11-13 13:02:23,399 [pool-539-thread-1] INFO  server.RaftServerConfigKeys (ConfUtils.java:logGet(43)) - raft.server.log.statemachine.data.sync.timeout.retry = -1 (default)
2019-11-13 13:02:23,399 [pool-539-thread-1] INFO  server.RaftServerConfigKeys (ConfUtils.java:logGet(43)) - raft.server.log.statemachine.data.caching.enabled = true (custom)
2019-11-13 13:02:23,399 [pool-539-thread-1] INFO  segmented.SegmentedRaftLogWorker (SegmentedRaftLogWorker.java:lambda$new$0(128)) - 9bca8fcc-ea98-4ec4-92ce-7a037de40a27@group-CA32E95BA872-SegmentedRaftLogWorker: flushIndex: setUnconditionally 0 -> -1
2019-11-13 13:02:23,399 [pool-539-thread-1] INFO  server.RaftServerConfigKeys (ConfUtils.java:logGet(43)) - raft.server.snapshot.auto.trigger.enabled = true (custom)
2019-11-13 13:02:23,400 [pool-539-thread-1] INFO  server.RaftServerConfigKeys (ConfUtils.java:logGet(43)) - raft.server.snapshot.auto.trigger.threshold = 10000 (custom)
2019-11-13 13:02:23,400 [pool-539-thread-1] INFO  server.RaftServerConfigKeys (ConfUtils.java:logGet(43)) - raft.server.snapshot.retention.file.num = 5 (custom)
2019-11-13 13:02:23,400 [pool-539-thread-1] INFO  server.RaftServerConfigKeys (ConfUtils.java:logGet(43)) - raft.server.retrycache.expirytime = 600000ms (custom)
2019-11-13 13:02:23,400 [pool-539-thread-1] WARN  impl.MetricRegistriesImpl (MetricRegistriesImpl.java:lambda$create$1(61)) - First MetricRegistry has been created without registering reporters. You may need to call MetricRegistries.global().addReportRegistration(...) before.
2019-11-13 13:02:23,400 [pool-539-thread-1] WARN  impl.MetricRegistriesImpl (MetricRegistriesImpl.java:lambda$create$1(61)) - First MetricRegistry has been created without registering reporters. You may need to call MetricRegistries.global().addReportRegistration(...) before.
2019-11-13 13:02:23,400 [pool-539-thread-1] INFO  impl.RaftServerImpl (RaftServerImpl.java:start(184)) - 9bca8fcc-ea98-4ec4-92ce-7a037de40a27@group-CA32E95BA872: start as a follower, conf=-1: [9bca8fcc-ea98-4ec4-92ce-7a037de40a27:192.168.157.200:33211], old=null
2019-11-13 13:02:23,400 [pool-539-thread-1] INFO  impl.RaftServerImpl (RaftServerImpl.java:setRole(173)) - 9bca8fcc-ea98-4ec4-92ce-7a037de40a27@group-CA32E95BA872: changes role from      null to FOLLOWER at term 0 for startAsFollower
2019-11-13 13:02:23,401 [pool-539-thread-1] INFO  impl.RoleInfo (RoleInfo.java:updateAndGet(143)) - 9bca8fcc-ea98-4ec4-92ce-7a037de40a27: start FollowerState
2019-11-13 13:02:23,401 [pool-539-thread-1] INFO  util.JmxRegister (JmxRegister.java:tryRegister(44)) - Successfully registered JMX Bean with object name Ratis:service=RaftServer,group=group-CA32E95BA872,id=9bca8fcc-ea98-4ec4-92ce-7a037de40a27
2019-11-13 13:02:23,401 [pool-539-thread-1] WARN  impl.MetricRegistriesImpl (MetricRegistriesImpl.java:lambda$create$1(61)) - First MetricRegistry has been created without registering reporters. You may need to call MetricRegistries.global().addReportRegistration(...) before.
2019-11-13 13:02:23,404 [RatisPipelineUtilsThread] INFO  pipeline.PipelineStateManager (PipelineStateManager.java:addPipeline(55)) - Created pipeline Pipeline[ Id: 51d61a02-0ecf-4415-be74-ca32e95ba872, Nodes: 9bca8fcc-ea98-4ec4-92ce-7a037de40a27{ip: 192.168.157.200, host: pr-hdds-2452-7vw7s-1330541530, networkLocation: /rack1, certSerialId: null}, Type:RATIS, Factor:ONE, State:ALLOCATED]
2019-11-13 13:02:23,413 [grpc-default-executor-10] INFO  impl.RaftServerProxy (RaftServerProxy.java:addNew(89)) - 9bca8fcc-ea98-4ec4-92ce-7a037de40a27: addNew group-7E5EA1404CE1:[9bca8fcc-ea98-4ec4-92ce-7a037de40a27:192.168.157.200:33211, ccb58d27-4340-4f56-86e1-f88286cea239:192.168.157.200:36584, 90f8c6ad-89d1-4dd8-98a8-ca579bb4c57a:192.168.157.200:39136] returns group-7E5EA1404CE1:java.util.concurrent.CompletableFuture@19aa8c6f[Not completed]
2019-11-13 13:02:23,414 [grpc-default-executor-10] INFO  impl.RaftServerProxy (RaftServerProxy.java:addNew(89)) - ccb58d27-4340-4f56-86e1-f88286cea239: addNew group-7E5EA1404CE1:[9bca8fcc-ea98-4ec4-92ce-7a037de40a27:192.168.157.200:33211, ccb58d27-4340-4f56-86e1-f88286cea239:192.168.157.200:36584, 90f8c6ad-89d1-4dd8-98a8-ca579bb4c57a:192.168.157.200:39136] returns group-7E5EA1404CE1:java.util.concurrent.CompletableFuture@2df5df96[Not completed]
2019-11-13 13:02:23,414 [grpc-default-executor-6] INFO  impl.RaftServerProxy (RaftServerProxy.java:addNew(89)) - 90f8c6ad-89d1-4dd8-98a8-ca579bb4c57a: addNew group-7E5EA1404CE1:[9bca8fcc-ea98-4ec4-92ce-7a037de40a27:192.168.157.200:33211, ccb58d27-4340-4f56-86e1-f88286cea239:192.168.157.200:36584, 90f8c6ad-89d1-4dd8-98a8-ca579bb4c57a:192.168.157.200:39136] returns group-7E5EA1404CE1:java.util.concurrent.CompletableFuture@f8a83e3[Not completed]
2019-11-13 13:02:23,414 [pool-539-thread-1] INFO  impl.RaftServerImpl (RaftServerImpl.java:<init>(98)) - 9bca8fcc-ea98-4ec4-92ce-7a037de40a27: new RaftServerImpl for group-7E5EA1404CE1:[9bca8fcc-ea98-4ec4-92ce-7a037de40a27:192.168.157.200:33211, ccb58d27-4340-4f56-86e1-f88286cea239:192.168.157.200:36584, 90f8c6ad-89d1-4dd8-98a8-ca579bb4c57a:192.168.157.200:39136] with ContainerStateMachine:uninitialized
2019-11-13 13:02:23,415 [pool-539-thread-1] INFO  server.RaftServerConfigKeys (ConfUtils.java:logGet(43)) - raft.server.rpc.timeout.min = 1s (custom)
2019-11-13 13:02:23,415 [pool-539-thread-1] INFO  server.RaftServerConfigKeys (ConfUtils.java:logGet(43)) - raft.server.rpc.timeout.max = 1200ms (custom)
2019-11-13 13:02:23,415 [pool-539-thread-1] INFO  server.RaftServerConfigKeys (ConfUtils.java:logGet(43)) - raft.server.rpcslowness.timeout = 120s (custom)
2019-11-13 13:02:23,415 [pool-539-thread-1] INFO  server.RaftServerConfigKeys (ConfUtils.java:logGet(43)) - raft.server.sleep.deviation.threshold = 300 (default)
2019-11-13 13:02:23,415 [pool-539-thread-1] INFO  server.RaftServerConfigKeys (ConfUtils.java:logGet(43)) - raft.server.log.appender.install.snapshot.enabled = false (custom)
2019-11-13 13:02:23,415 [pool-539-thread-1] INFO  impl.RaftServerImpl (ServerState.java:<init>(103)) - 9bca8fcc-ea98-4ec4-92ce-7a037de40a27@group-7E5EA1404CE1: ConfigurationManager, init=-1: [9bca8fcc-ea98-4ec4-92ce-7a037de40a27:192.168.157.200:33211, ccb58d27-4340-4f56-86e1-f88286cea239:192.168.157.200:36584, 90f8c6ad-89d1-4dd8-98a8-ca579bb4c57a:192.168.157.200:39136], old=null, confs=<EMPTY_MAP>
2019-11-13 13:02:23,416 [pool-519-thread-1] INFO  impl.RaftServerImpl (RaftServerImpl.java:<init>(98)) - ccb58d27-4340-4f56-86e1-f88286cea239: new RaftServerImpl for group-7E5EA1404CE1:[9bca8fcc-ea98-4ec4-92ce-7a037de40a27:192.168.157.200:33211, ccb58d27-4340-4f56-86e1-f88286cea239:192.168.157.200:36584, 90f8c6ad-89d1-4dd8-98a8-ca579bb4c57a:192.168.157.200:39136] with ContainerStateMachine:uninitialized
2019-11-13 13:02:23,416 [pool-539-thread-1] INFO  server.RaftServerConfigKeys (ConfUtils.java:logGet(43)) - raft.server.storage.dir = [/workdir/hadoop-ozone/integration-test/target/test-dir/MiniOzoneClusterImpl-90e8aeb1-2975-47c6-9bba-faf27de7fb8c/datanode-3/data/ratis] (custom)
2019-11-13 13:02:23,416 [pool-519-thread-1] INFO  server.RaftServerConfigKeys (ConfUtils.java:logGet(43)) - raft.server.rpc.timeout.min = 1s (custom)
2019-11-13 13:02:23,416 [pool-519-thread-1] INFO  server.RaftServerConfigKeys (ConfUtils.java:logGet(43)) - raft.server.rpc.timeout.max = 1200ms (custom)
2019-11-13 13:02:23,416 [pool-539-thread-1] INFO  server.RaftServerConfigKeys (ConfUtils.java:logGet(43)) - raft.server.log.corruption.policy = EXCEPTION (default)
2019-11-13 13:02:23,416 [pool-519-thread-1] INFO  server.RaftServerConfigKeys (ConfUtils.java:logGet(43)) - raft.server.rpcslowness.timeout = 120s (custom)
2019-11-13 13:02:23,416 [pool-539-thread-1] INFO  storage.RaftStorageDirectory (RaftStorageDirectory.java:analyzeStorage(246)) - The storage directory /workdir/hadoop-ozone/integration-test/target/test-dir/MiniOzoneClusterImpl-90e8aeb1-2975-47c6-9bba-faf27de7fb8c/datanode-3/data/ratis/360249f9-3a3f-4ff9-aaba-7e5ea1404ce1 does not exist. Creating ...
2019-11-13 13:02:23,416 [pool-519-thread-1] INFO  server.RaftServerConfigKeys (ConfUtils.java:logGet(43)) - raft.server.sleep.deviation.threshold = 300 (default)
2019-11-13 13:02:23,416 [pool-509-thread-1] INFO  impl.RaftServerImpl (RaftServerImpl.java:<init>(98)) - 90f8c6ad-89d1-4dd8-98a8-ca579bb4c57a: new RaftServerImpl for group-7E5EA1404CE1:[9bca8fcc-ea98-4ec4-92ce-7a037de40a27:192.168.157.200:33211, ccb58d27-4340-4f56-86e1-f88286cea239:192.168.157.200:36584, 90f8c6ad-89d1-4dd8-98a8-ca579bb4c57a:192.168.157.200:39136] with ContainerStateMachine:uninitialized
2019-11-13 13:02:23,416 [pool-519-thread-1] INFO  server.RaftServerConfigKeys (ConfUtils.java:logGet(43)) - raft.server.log.appender.install.snapshot.enabled = false (custom)
2019-11-13 13:02:23,417 [pool-509-thread-1] INFO  server.RaftServerConfigKeys (ConfUtils.java:logGet(43)) - raft.server.rpc.timeout.min = 1s (custom)
2019-11-13 13:02:23,417 [pool-519-thread-1] INFO  impl.RaftServerImpl (ServerState.java:<init>(103)) - ccb58d27-4340-4f56-86e1-f88286cea239@group-7E5EA1404CE1: ConfigurationManager, init=-1: [9bca8fcc-ea98-4ec4-92ce-7a037de40a27:192.168.157.200:33211, ccb58d27-4340-4f56-86e1-f88286cea239:192.168.157.200:36584, 90f8c6ad-89d1-4dd8-98a8-ca579bb4c57a:192.168.157.200:39136], old=null, confs=<EMPTY_MAP>
2019-11-13 13:02:23,417 [pool-509-thread-1] INFO  server.RaftServerConfigKeys (ConfUtils.java:logGet(43)) - raft.server.rpc.timeout.max = 1200ms (custom)
2019-11-13 13:02:23,417 [pool-519-thread-1] INFO  server.RaftServerConfigKeys (ConfUtils.java:logGet(43)) - raft.server.storage.dir = [/workdir/hadoop-ozone/integration-test/target/test-dir/MiniOzoneClusterImpl-90e8aeb1-2975-47c6-9bba-faf27de7fb8c/datanode-1/data/ratis] (custom)
2019-11-13 13:02:23,417 [pool-509-thread-1] INFO  server.RaftServerConfigKeys (ConfUtils.java:logGet(43)) - raft.server.rpcslowness.timeout = 120s (custom)
2019-11-13 13:02:23,417 [pool-509-thread-1] INFO  server.RaftServerConfigKeys (ConfUtils.java:logGet(43)) - raft.server.sleep.deviation.threshold = 300 (default)
2019-11-13 13:02:23,417 [pool-519-thread-1] INFO  server.RaftServerConfigKeys (ConfUtils.java:logGet(43)) - raft.server.log.corruption.policy = EXCEPTION (default)
2019-11-13 13:02:23,417 [pool-509-thread-1] INFO  server.RaftServerConfigKeys (ConfUtils.java:logGet(43)) - raft.server.log.appender.install.snapshot.enabled = false (custom)
2019-11-13 13:02:23,418 [pool-519-thread-1] INFO  storage.RaftStorageDirectory (RaftStorageDirectory.java:analyzeStorage(246)) - The storage directory /workdir/hadoop-ozone/integration-test/target/test-dir/MiniOzoneClusterImpl-90e8aeb1-2975-47c6-9bba-faf27de7fb8c/datanode-1/data/ratis/360249f9-3a3f-4ff9-aaba-7e5ea1404ce1 does not exist. Creating ...
2019-11-13 13:02:23,418 [pool-509-thread-1] INFO  impl.RaftServerImpl (ServerState.java:<init>(103)) - 90f8c6ad-89d1-4dd8-98a8-ca579bb4c57a@group-7E5EA1404CE1: ConfigurationManager, init=-1: [9bca8fcc-ea98-4ec4-92ce-7a037de40a27:192.168.157.200:33211, ccb58d27-4340-4f56-86e1-f88286cea239:192.168.157.200:36584, 90f8c6ad-89d1-4dd8-98a8-ca579bb4c57a:192.168.157.200:39136], old=null, confs=<EMPTY_MAP>
2019-11-13 13:02:23,418 [pool-509-thread-1] INFO  server.RaftServerConfigKeys (ConfUtils.java:logGet(43)) - raft.server.storage.dir = [/workdir/hadoop-ozone/integration-test/target/test-dir/MiniOzoneClusterImpl-90e8aeb1-2975-47c6-9bba-faf27de7fb8c/datanode-0/data/ratis] (custom)
2019-11-13 13:02:23,418 [pool-509-thread-1] INFO  server.RaftServerConfigKeys (ConfUtils.java:logGet(43)) - raft.server.log.corruption.policy = EXCEPTION (default)
2019-11-13 13:02:23,419 [pool-509-thread-1] INFO  storage.RaftStorageDirectory (RaftStorageDirectory.java:analyzeStorage(246)) - The storage directory /workdir/hadoop-ozone/integration-test/target/test-dir/MiniOzoneClusterImpl-90e8aeb1-2975-47c6-9bba-faf27de7fb8c/datanode-0/data/ratis/360249f9-3a3f-4ff9-aaba-7e5ea1404ce1 does not exist. Creating ...
2019-11-13 13:02:23,433 [IPC Server handler 9 on 38516] INFO  net.NetworkTopology (NetworkTopologyImpl.java:add(111)) - Added a new node: /rack1/1a33519a-3def-4d79-b3e5-c4d8286dc86e
2019-11-13 13:02:23,433 [IPC Server handler 9 on 38516] INFO  node.SCMNodeManager (SCMNodeManager.java:register(267)) - Registered Data node : 1a33519a-3def-4d79-b3e5-c4d8286dc86e{ip: 192.168.157.200, host: pr-hdds-2452-7vw7s-1330541530, networkLocation: /rack1, certSerialId: null}
2019-11-13 13:02:23,438 [pool-519-thread-1] INFO  storage.RaftStorageDirectory (RaftStorageDirectory.java:tryLock(328)) - Lock on /workdir/hadoop-ozone/integration-test/target/test-dir/MiniOzoneClusterImpl-90e8aeb1-2975-47c6-9bba-faf27de7fb8c/datanode-1/data/ratis/360249f9-3a3f-4ff9-aaba-7e5ea1404ce1/in_use.lock acquired by nodename 10766@pr-hdds-2452-7vw7s-1330541530
2019-11-13 13:02:23,438 [pool-539-thread-1] INFO  storage.RaftStorageDirectory (RaftStorageDirectory.java:tryLock(328)) - Lock on /workdir/hadoop-ozone/integration-test/target/test-dir/MiniOzoneClusterImpl-90e8aeb1-2975-47c6-9bba-faf27de7fb8c/datanode-3/data/ratis/360249f9-3a3f-4ff9-aaba-7e5ea1404ce1/in_use.lock acquired by nodename 10766@pr-hdds-2452-7vw7s-1330541530
2019-11-13 13:02:23,438 [pool-509-thread-1] INFO  storage.RaftStorageDirectory (RaftStorageDirectory.java:tryLock(328)) - Lock on /workdir/hadoop-ozone/integration-test/target/test-dir/MiniOzoneClusterImpl-90e8aeb1-2975-47c6-9bba-faf27de7fb8c/datanode-0/data/ratis/360249f9-3a3f-4ff9-aaba-7e5ea1404ce1/in_use.lock acquired by nodename 10766@pr-hdds-2452-7vw7s-1330541530
2019-11-13 13:02:23,464 [pool-539-thread-1] INFO  storage.RaftStorage (RaftStorage.java:format(84)) - Storage directory /workdir/hadoop-ozone/integration-test/target/test-dir/MiniOzoneClusterImpl-90e8aeb1-2975-47c6-9bba-faf27de7fb8c/datanode-3/data/ratis/360249f9-3a3f-4ff9-aaba-7e5ea1404ce1 has been successfully formatted.
2019-11-13 13:02:23,464 [pool-539-thread-1] INFO  ratis.ContainerStateMachine (ContainerStateMachine.java:loadSnapshot(223)) - group-7E5EA1404CE1: The snapshot info is null. Setting the last applied indexto:(t:0, i:~)
2019-11-13 13:02:23,465 [pool-539-thread-1] INFO  server.RaftServerConfigKeys (ConfUtils.java:logGet(43)) - raft.server.notification.no-leader.timeout = 120s (custom)
2019-11-13 13:02:23,465 [pool-539-thread-1] INFO  server.RaftServerConfigKeys (ConfUtils.java:logGet(43)) - raft.server.log.use.memory = false (default)
2019-11-13 13:02:23,465 [pool-539-thread-1] INFO  server.RaftServerConfigKeys (ConfUtils.java:logGet(43)) - raft.server.log.purge.gap = 1000000 (custom)
2019-11-13 13:02:23,465 [pool-539-thread-1] INFO  server.RaftServerConfigKeys (ConfUtils.java:logGet(43)) - raft.server.log.appender.buffer.byte-limit = 33554432 (custom)
2019-11-13 13:02:23,465 [pool-539-thread-1] INFO  server.RaftServerConfigKeys (ConfUtils.java:logGet(43)) - raft.server.log.segment.size.max = 1048576 (custom)
2019-11-13 13:02:23,466 [pool-539-thread-1] INFO  server.RaftServerConfigKeys (ConfUtils.java:logGet(43)) - raft.server.log.segment.cache.num.max = 2 (custom)
2019-11-13 13:02:23,466 [pool-539-thread-1] INFO  segmented.SegmentedRaftLogWorker (SegmentedRaftLogWorker.java:<init>(173)) - new 9bca8fcc-ea98-4ec4-92ce-7a037de40a27@group-7E5EA1404CE1-SegmentedRaftLogWorker for RaftStorage:Storage Directory /workdir/hadoop-ozone/integration-test/target/test-dir/MiniOzoneClusterImpl-90e8aeb1-2975-47c6-9bba-faf27de7fb8c/datanode-3/data/ratis/360249f9-3a3f-4ff9-aaba-7e5ea1404ce1
2019-11-13 13:02:23,466 [pool-539-thread-1] INFO  server.RaftServerConfigKeys (ConfUtils.java:logGet(43)) - raft.server.log.queue.byte-limit = 2147483647 (custom)
2019-11-13 13:02:23,464 [pool-509-thread-1] INFO  storage.RaftStorage (RaftStorage.java:format(84)) - Storage directory /workdir/hadoop-ozone/integration-test/target/test-dir/MiniOzoneClusterImpl-90e8aeb1-2975-47c6-9bba-faf27de7fb8c/datanode-0/data/ratis/360249f9-3a3f-4ff9-aaba-7e5ea1404ce1 has been successfully formatted.
2019-11-13 13:02:23,464 [pool-519-thread-1] INFO  storage.RaftStorage (RaftStorage.java:format(84)) - Storage directory /workdir/hadoop-ozone/integration-test/target/test-dir/MiniOzoneClusterImpl-90e8aeb1-2975-47c6-9bba-faf27de7fb8c/datanode-1/data/ratis/360249f9-3a3f-4ff9-aaba-7e5ea1404ce1 has been successfully formatted.
2019-11-13 13:02:23,467 [pool-509-thread-1] INFO  ratis.ContainerStateMachine (ContainerStateMachine.java:loadSnapshot(223)) - group-7E5EA1404CE1: The snapshot info is null. Setting the last applied indexto:(t:0, i:~)
2019-11-13 13:02:23,467 [pool-519-thread-1] INFO  ratis.ContainerStateMachine (ContainerStateMachine.java:loadSnapshot(223)) - group-7E5EA1404CE1: The snapshot info is null. Setting the last applied indexto:(t:0, i:~)
2019-11-13 13:02:23,467 [pool-519-thread-1] INFO  server.RaftServerConfigKeys (ConfUtils.java:logGet(43)) - raft.server.notification.no-leader.timeout = 120s (custom)
2019-11-13 13:02:23,467 [pool-519-thread-1] INFO  server.RaftServerConfigKeys (ConfUtils.java:logGet(43)) - raft.server.log.use.memory = false (default)
2019-11-13 13:02:23,468 [pool-519-thread-1] INFO  server.RaftServerConfigKeys (ConfUtils.java:logGet(43)) - raft.server.log.purge.gap = 1000000 (custom)
2019-11-13 13:02:23,468 [pool-519-thread-1] INFO  server.RaftServerConfigKeys (ConfUtils.java:logGet(43)) - raft.server.log.appender.buffer.byte-limit = 33554432 (custom)
2019-11-13 13:02:23,468 [pool-519-thread-1] INFO  server.RaftServerConfigKeys (ConfUtils.java:logGet(43)) - raft.server.log.segment.size.max = 1048576 (custom)
2019-11-13 13:02:23,468 [pool-519-thread-1] INFO  server.RaftServerConfigKeys (ConfUtils.java:logGet(43)) - raft.server.log.segment.cache.num.max = 2 (custom)
2019-11-13 13:02:23,469 [pool-519-thread-1] INFO  segmented.SegmentedRaftLogWorker (SegmentedRaftLogWorker.java:<init>(173)) - new ccb58d27-4340-4f56-86e1-f88286cea239@group-7E5EA1404CE1-SegmentedRaftLogWorker for RaftStorage:Storage Directory /workdir/hadoop-ozone/integration-test/target/test-dir/MiniOzoneClusterImpl-90e8aeb1-2975-47c6-9bba-faf27de7fb8c/datanode-1/data/ratis/360249f9-3a3f-4ff9-aaba-7e5ea1404ce1
2019-11-13 13:02:23,469 [pool-519-thread-1] INFO  server.RaftServerConfigKeys (ConfUtils.java:logGet(43)) - raft.server.log.queue.byte-limit = 2147483647 (custom)
2019-11-13 13:02:23,469 [pool-519-thread-1] INFO  server.RaftServerConfigKeys (ConfUtils.java:logGet(43)) - raft.server.log.queue.element-limit = 1024 (custom)
2019-11-13 13:02:23,469 [pool-519-thread-1] INFO  server.RaftServerConfigKeys (ConfUtils.java:logGet(43)) - raft.server.log.segment.size.max = 1048576 (custom)
2019-11-13 13:02:23,470 [pool-519-thread-1] INFO  server.RaftServerConfigKeys (ConfUtils.java:logGet(43)) - raft.server.log.preallocated.size = 16384 (custom)
2019-11-13 13:02:23,470 [pool-519-thread-1] INFO  server.RaftServerConfigKeys (ConfUtils.java:logGet(43)) - raft.server.log.write.buffer.size = 33554432 (custom)
2019-11-13 13:02:23,470 [pool-519-thread-1] INFO  server.RaftServerConfigKeys (ConfUtils.java:logGet(43)) - raft.server.log.force.sync.num = 128 (default)
2019-11-13 13:02:23,470 [pool-519-thread-1] INFO  server.RaftServerConfigKeys (ConfUtils.java:logGet(43)) - raft.server.log.statemachine.data.sync = true (default)
2019-11-13 13:02:23,471 [pool-519-thread-1] INFO  server.RaftServerConfigKeys (ConfUtils.java:logGet(43)) - raft.server.log.statemachine.data.sync.timeout = 10s (default)
2019-11-13 13:02:23,471 [pool-519-thread-1] INFO  server.RaftServerConfigKeys (ConfUtils.java:logGet(43)) - raft.server.log.statemachine.data.sync.timeout.retry = -1 (default)
2019-11-13 13:02:23,466 [pool-539-thread-1] INFO  server.RaftServerConfigKeys (ConfUtils.java:logGet(43)) - raft.server.log.queue.element-limit = 1024 (custom)
2019-11-13 13:02:23,471 [pool-519-thread-1] INFO  server.RaftServerConfigKeys (ConfUtils.java:logGet(43)) - raft.server.log.statemachine.data.caching.enabled = true (custom)
2019-11-13 13:02:23,467 [pool-509-thread-1] INFO  server.RaftServerConfigKeys (ConfUtils.java:logGet(43)) - raft.server.notification.no-leader.timeout = 120s (custom)
2019-11-13 13:02:23,471 [pool-539-thread-1] INFO  server.RaftServerConfigKeys (ConfUtils.java:logGet(43)) - raft.server.log.segment.size.max = 1048576 (custom)
2019-11-13 13:02:23,472 [pool-519-thread-1] INFO  segmented.SegmentedRaftLogWorker (SegmentedRaftLogWorker.java:lambda$new$0(128)) - ccb58d27-4340-4f56-86e1-f88286cea239@group-7E5EA1404CE1-SegmentedRaftLogWorker: flushIndex: setUnconditionally 0 -> -1
2019-11-13 13:02:23,472 [pool-509-thread-1] INFO  server.RaftServerConfigKeys (ConfUtils.java:logGet(43)) - raft.server.log.use.memory = false (default)
2019-11-13 13:02:23,472 [pool-539-thread-1] INFO  server.RaftServerConfigKeys (ConfUtils.java:logGet(43)) - raft.server.log.preallocated.size = 16384 (custom)
2019-11-13 13:02:23,473 [pool-539-thread-1] INFO  server.RaftServerConfigKeys (ConfUtils.java:logGet(43)) - raft.server.log.write.buffer.size = 33554432 (custom)
2019-11-13 13:02:23,473 [pool-539-thread-1] INFO  server.RaftServerConfigKeys (ConfUtils.java:logGet(43)) - raft.server.log.force.sync.num = 128 (default)
2019-11-13 13:02:23,473 [pool-539-thread-1] INFO  server.RaftServerConfigKeys (ConfUtils.java:logGet(43)) - raft.server.log.statemachine.data.sync = true (default)
2019-11-13 13:02:23,474 [pool-539-thread-1] INFO  server.RaftServerConfigKeys (ConfUtils.java:logGet(43)) - raft.server.log.statemachine.data.sync.timeout = 10s (default)
2019-11-13 13:02:23,473 [pool-509-thread-1] INFO  server.RaftServerConfigKeys (ConfUtils.java:logGet(43)) - raft.server.log.purge.gap = 1000000 (custom)
2019-11-13 13:02:23,474 [pool-509-thread-1] INFO  server.RaftServerConfigKeys (ConfUtils.java:logGet(43)) - raft.server.log.appender.buffer.byte-limit = 33554432 (custom)
2019-11-13 13:02:23,473 [pool-519-thread-1] INFO  server.RaftServerConfigKeys (ConfUtils.java:logGet(43)) - raft.server.snapshot.auto.trigger.enabled = true (custom)
2019-11-13 13:02:23,474 [pool-509-thread-1] INFO  server.RaftServerConfigKeys (ConfUtils.java:logGet(43)) - raft.server.log.segment.size.max = 1048576 (custom)
2019-11-13 13:02:23,474 [pool-539-thread-1] INFO  server.RaftServerConfigKeys (ConfUtils.java:logGet(43)) - raft.server.log.statemachine.data.sync.timeout.retry = -1 (default)
2019-11-13 13:02:23,475 [pool-509-thread-1] INFO  server.RaftServerConfigKeys (ConfUtils.java:logGet(43)) - raft.server.log.segment.cache.num.max = 2 (custom)
2019-11-13 13:02:23,475 [pool-539-thread-1] INFO  server.RaftServerConfigKeys (ConfUtils.java:logGet(43)) - raft.server.log.statemachine.data.caching.enabled = true (custom)
2019-11-13 13:02:23,476 [pool-539-thread-1] INFO  segmented.SegmentedRaftLogWorker (SegmentedRaftLogWorker.java:lambda$new$0(128)) - 9bca8fcc-ea98-4ec4-92ce-7a037de40a27@group-7E5EA1404CE1-SegmentedRaftLogWorker: flushIndex: setUnconditionally 0 -> -1
2019-11-13 13:02:23,476 [pool-539-thread-1] INFO  server.RaftServerConfigKeys (ConfUtils.java:logGet(43)) - raft.server.snapshot.auto.trigger.enabled = true (custom)
2019-11-13 13:02:23,476 [pool-539-thread-1] INFO  server.RaftServerConfigKeys (ConfUtils.java:logGet(43)) - raft.server.snapshot.auto.trigger.threshold = 10000 (custom)
2019-11-13 13:02:23,476 [pool-539-thread-1] INFO  server.RaftServerConfigKeys (ConfUtils.java:logGet(43)) - raft.server.snapshot.retention.file.num = 5 (custom)
2019-11-13 13:02:23,477 [pool-539-thread-1] INFO  server.RaftServerConfigKeys (ConfUtils.java:logGet(43)) - raft.server.retrycache.expirytime = 600000ms (custom)
2019-11-13 13:02:23,477 [pool-539-thread-1] WARN  impl.MetricRegistriesImpl (MetricRegistriesImpl.java:lambda$create$1(61)) - First MetricRegistry has been created without registering reporters. You may need to call MetricRegistries.global().addReportRegistration(...) before.
2019-11-13 13:02:23,477 [pool-539-thread-1] WARN  impl.MetricRegistriesImpl (MetricRegistriesImpl.java:lambda$create$1(61)) - First MetricRegistry has been created without registering reporters. You may need to call MetricRegistries.global().addReportRegistration(...) before.
2019-11-13 13:02:23,478 [pool-539-thread-1] INFO  impl.RaftServerImpl (RaftServerImpl.java:start(184)) - 9bca8fcc-ea98-4ec4-92ce-7a037de40a27@group-7E5EA1404CE1: start as a follower, conf=-1: [9bca8fcc-ea98-4ec4-92ce-7a037de40a27:192.168.157.200:33211, ccb58d27-4340-4f56-86e1-f88286cea239:192.168.157.200:36584, 90f8c6ad-89d1-4dd8-98a8-ca579bb4c57a:192.168.157.200:39136], old=null
2019-11-13 13:02:23,478 [pool-539-thread-1] INFO  impl.RaftServerImpl (RaftServerImpl.java:setRole(173)) - 9bca8fcc-ea98-4ec4-92ce-7a037de40a27@group-7E5EA1404CE1: changes role from      null to FOLLOWER at term 0 for startAsFollower
2019-11-13 13:02:23,474 [pool-519-thread-1] INFO  server.RaftServerConfigKeys (ConfUtils.java:logGet(43)) - raft.server.snapshot.auto.trigger.threshold = 10000 (custom)
2019-11-13 13:02:23,478 [pool-539-thread-1] INFO  impl.RoleInfo (RoleInfo.java:updateAndGet(143)) - 9bca8fcc-ea98-4ec4-92ce-7a037de40a27: start FollowerState
2019-11-13 13:02:23,475 [pool-509-thread-1] INFO  segmented.SegmentedRaftLogWorker (SegmentedRaftLogWorker.java:<init>(173)) - new 90f8c6ad-89d1-4dd8-98a8-ca579bb4c57a@group-7E5EA1404CE1-SegmentedRaftLogWorker for RaftStorage:Storage Directory /workdir/hadoop-ozone/integration-test/target/test-dir/MiniOzoneClusterImpl-90e8aeb1-2975-47c6-9bba-faf27de7fb8c/datanode-0/data/ratis/360249f9-3a3f-4ff9-aaba-7e5ea1404ce1
2019-11-13 13:02:23,478 [pool-519-thread-1] INFO  server.RaftServerConfigKeys (ConfUtils.java:logGet(43)) - raft.server.snapshot.retention.file.num = 5 (custom)
2019-11-13 13:02:23,479 [pool-509-thread-1] INFO  server.RaftServerConfigKeys (ConfUtils.java:logGet(43)) - raft.server.log.queue.byte-limit = 2147483647 (custom)
2019-11-13 13:02:23,479 [pool-519-thread-1] INFO  server.RaftServerConfigKeys (ConfUtils.java:logGet(43)) - raft.server.retrycache.expirytime = 600000ms (custom)
2019-11-13 13:02:23,479 [pool-539-thread-1] INFO  util.JmxRegister (JmxRegister.java:tryRegister(44)) - Successfully registered JMX Bean with object name Ratis:service=RaftServer,group=group-7E5EA1404CE1,id=9bca8fcc-ea98-4ec4-92ce-7a037de40a27
2019-11-13 13:02:23,479 [pool-519-thread-1] WARN  impl.MetricRegistriesImpl (MetricRegistriesImpl.java:lambda$create$1(61)) - First MetricRegistry has been created without registering reporters. You may need to call MetricRegistries.global().addReportRegistration(...) before.
2019-11-13 13:02:23,479 [pool-539-thread-1] WARN  impl.MetricRegistriesImpl (MetricRegistriesImpl.java:lambda$create$1(61)) - First MetricRegistry has been created without registering reporters. You may need to call MetricRegistries.global().addReportRegistration(...) before.
2019-11-13 13:02:23,479 [pool-509-thread-1] INFO  server.RaftServerConfigKeys (ConfUtils.java:logGet(43)) - raft.server.log.queue.element-limit = 1024 (custom)
2019-11-13 13:02:23,480 [pool-519-thread-1] WARN  impl.MetricRegistriesImpl (MetricRegistriesImpl.java:lambda$create$1(61)) - First MetricRegistry has been created without registering reporters. You may need to call MetricRegistries.global().addReportRegistration(...) before.
2019-11-13 13:02:23,480 [pool-509-thread-1] INFO  server.RaftServerConfigKeys (ConfUtils.java:logGet(43)) - raft.server.log.segment.size.max = 1048576 (custom)
2019-11-13 13:02:23,481 [pool-519-thread-1] INFO  impl.RaftServerImpl (RaftServerImpl.java:start(184)) - ccb58d27-4340-4f56-86e1-f88286cea239@group-7E5EA1404CE1: start as a follower, conf=-1: [9bca8fcc-ea98-4ec4-92ce-7a037de40a27:192.168.157.200:33211, ccb58d27-4340-4f56-86e1-f88286cea239:192.168.157.200:36584, 90f8c6ad-89d1-4dd8-98a8-ca579bb4c57a:192.168.157.200:39136], old=null
2019-11-13 13:02:23,481 [pool-519-thread-1] INFO  impl.RaftServerImpl (RaftServerImpl.java:setRole(173)) - ccb58d27-4340-4f56-86e1-f88286cea239@group-7E5EA1404CE1: changes role from      null to FOLLOWER at term 0 for startAsFollower
2019-11-13 13:02:23,481 [pool-509-thread-1] INFO  server.RaftServerConfigKeys (ConfUtils.java:logGet(43)) - raft.server.log.preallocated.size = 16384 (custom)
2019-11-13 13:02:23,481 [pool-519-thread-1] INFO  impl.RoleInfo (RoleInfo.java:updateAndGet(143)) - ccb58d27-4340-4f56-86e1-f88286cea239: start FollowerState
2019-11-13 13:02:23,481 [pool-509-thread-1] INFO  server.RaftServerConfigKeys (ConfUtils.java:logGet(43)) - raft.server.log.write.buffer.size = 33554432 (custom)
2019-11-13 13:02:23,482 [pool-509-thread-1] INFO  server.RaftServerConfigKeys (ConfUtils.java:logGet(43)) - raft.server.log.force.sync.num = 128 (default)
2019-11-13 13:02:23,482 [pool-509-thread-1] INFO  server.RaftServerConfigKeys (ConfUtils.java:logGet(43)) - raft.server.log.statemachine.data.sync = true (default)
2019-11-13 13:02:23,482 [pool-519-thread-1] INFO  util.JmxRegister (JmxRegister.java:tryRegister(44)) - Successfully registered JMX Bean with object name Ratis:service=RaftServer,group=group-7E5EA1404CE1,id=ccb58d27-4340-4f56-86e1-f88286cea239
2019-11-13 13:02:23,482 [pool-519-thread-1] WARN  impl.MetricRegistriesImpl (MetricRegistriesImpl.java:lambda$create$1(61)) - First MetricRegistry has been created without registering reporters. You may need to call MetricRegistries.global().addReportRegistration(...) before.
2019-11-13 13:02:23,482 [pool-509-thread-1] INFO  server.RaftServerConfigKeys (ConfUtils.java:logGet(43)) - raft.server.log.statemachine.data.sync.timeout = 10s (default)
2019-11-13 13:02:23,483 [pool-509-thread-1] INFO  server.RaftServerConfigKeys (ConfUtils.java:logGet(43)) - raft.server.log.statemachine.data.sync.timeout.retry = -1 (default)
2019-11-13 13:02:23,483 [pool-509-thread-1] INFO  server.RaftServerConfigKeys (ConfUtils.java:logGet(43)) - raft.server.log.statemachine.data.caching.enabled = true (custom)
2019-11-13 13:02:23,484 [pool-509-thread-1] INFO  segmented.SegmentedRaftLogWorker (SegmentedRaftLogWorker.java:lambda$new$0(128)) - 90f8c6ad-89d1-4dd8-98a8-ca579bb4c57a@group-7E5EA1404CE1-SegmentedRaftLogWorker: flushIndex: setUnconditionally 0 -> -1
2019-11-13 13:02:23,484 [pool-509-thread-1] INFO  server.RaftServerConfigKeys (ConfUtils.java:logGet(43)) - raft.server.snapshot.auto.trigger.enabled = true (custom)
2019-11-13 13:02:23,487 [pool-509-thread-1] INFO  server.RaftServerConfigKeys (ConfUtils.java:logGet(43)) - raft.server.snapshot.auto.trigger.threshold = 10000 (custom)
2019-11-13 13:02:23,487 [pool-509-thread-1] INFO  server.RaftServerConfigKeys (ConfUtils.java:logGet(43)) - raft.server.snapshot.retention.file.num = 5 (custom)
2019-11-13 13:02:23,487 [pool-509-thread-1] INFO  server.RaftServerConfigKeys (ConfUtils.java:logGet(43)) - raft.server.retrycache.expirytime = 600000ms (custom)
2019-11-13 13:02:23,488 [pool-509-thread-1] WARN  impl.MetricRegistriesImpl (MetricRegistriesImpl.java:lambda$create$1(61)) - First MetricRegistry has been created without registering reporters. You may need to call MetricRegistries.global().addReportRegistration(...) before.
2019-11-13 13:02:23,488 [pool-509-thread-1] WARN  impl.MetricRegistriesImpl (MetricRegistriesImpl.java:lambda$create$1(61)) - First MetricRegistry has been created without registering reporters. You may need to call MetricRegistries.global().addReportRegistration(...) before.
2019-11-13 13:02:23,488 [pool-509-thread-1] INFO  impl.RaftServerImpl (RaftServerImpl.java:start(184)) - 90f8c6ad-89d1-4dd8-98a8-ca579bb4c57a@group-7E5EA1404CE1: start as a follower, conf=-1: [9bca8fcc-ea98-4ec4-92ce-7a037de40a27:192.168.157.200:33211, ccb58d27-4340-4f56-86e1-f88286cea239:192.168.157.200:36584, 90f8c6ad-89d1-4dd8-98a8-ca579bb4c57a:192.168.157.200:39136], old=null
2019-11-13 13:02:23,488 [pool-509-thread-1] INFO  impl.RaftServerImpl (RaftServerImpl.java:setRole(173)) - 90f8c6ad-89d1-4dd8-98a8-ca579bb4c57a@group-7E5EA1404CE1: changes role from      null to FOLLOWER at term 0 for startAsFollower
2019-11-13 13:02:23,488 [pool-509-thread-1] INFO  impl.RoleInfo (RoleInfo.java:updateAndGet(143)) - 90f8c6ad-89d1-4dd8-98a8-ca579bb4c57a: start FollowerState
2019-11-13 13:02:23,489 [pool-509-thread-1] INFO  util.JmxRegister (JmxRegister.java:tryRegister(44)) - Successfully registered JMX Bean with object name Ratis:service=RaftServer,group=group-7E5EA1404CE1,id=90f8c6ad-89d1-4dd8-98a8-ca579bb4c57a
2019-11-13 13:02:23,489 [pool-509-thread-1] WARN  impl.MetricRegistriesImpl (MetricRegistriesImpl.java:lambda$create$1(61)) - First MetricRegistry has been created without registering reporters. You may need to call MetricRegistries.global().addReportRegistration(...) before.
2019-11-13 13:02:23,495 [RatisPipelineUtilsThread] INFO  pipeline.PipelineStateManager (PipelineStateManager.java:addPipeline(55)) - Created pipeline Pipeline[ Id: 360249f9-3a3f-4ff9-aaba-7e5ea1404ce1, Nodes: ccb58d27-4340-4f56-86e1-f88286cea239{ip: 192.168.157.200, host: pr-hdds-2452-7vw7s-1330541530, networkLocation: /rack1, certSerialId: null}9bca8fcc-ea98-4ec4-92ce-7a037de40a27{ip: 192.168.157.200, host: pr-hdds-2452-7vw7s-1330541530, networkLocation: /rack1, certSerialId: null}90f8c6ad-89d1-4dd8-98a8-ca579bb4c57a{ip: 192.168.157.200, host: pr-hdds-2452-7vw7s-1330541530, networkLocation: /rack1, certSerialId: null}, Type:RATIS, Factor:THREE, State:ALLOCATED]
2019-11-13 13:02:23,505 [grpc-default-executor-6] INFO  impl.RaftServerProxy (RaftServerProxy.java:addNew(89)) - 1a33519a-3def-4d79-b3e5-c4d8286dc86e: addNew group-EA83140B62D4:[1a33519a-3def-4d79-b3e5-c4d8286dc86e:192.168.157.200:40699] returns group-EA83140B62D4:java.util.concurrent.CompletableFuture@6cfd5cd2[Not completed]
2019-11-13 13:02:23,507 [pool-549-thread-1] INFO  impl.RaftServerImpl (RaftServerImpl.java:<init>(98)) - 1a33519a-3def-4d79-b3e5-c4d8286dc86e: new RaftServerImpl for group-EA83140B62D4:[1a33519a-3def-4d79-b3e5-c4d8286dc86e:192.168.157.200:40699] with ContainerStateMachine:uninitialized
2019-11-13 13:02:23,507 [pool-549-thread-1] INFO  server.RaftServerConfigKeys (ConfUtils.java:logGet(43)) - raft.server.rpc.timeout.min = 1s (custom)
2019-11-13 13:02:23,507 [pool-549-thread-1] INFO  server.RaftServerConfigKeys (ConfUtils.java:logGet(43)) - raft.server.rpc.timeout.max = 1200ms (custom)
2019-11-13 13:02:23,507 [pool-549-thread-1] INFO  server.RaftServerConfigKeys (ConfUtils.java:logGet(43)) - raft.server.rpcslowness.timeout = 120s (custom)
2019-11-13 13:02:23,507 [pool-549-thread-1] INFO  server.RaftServerConfigKeys (ConfUtils.java:logGet(43)) - raft.server.sleep.deviation.threshold = 300 (default)
2019-11-13 13:02:23,508 [pool-549-thread-1] INFO  server.RaftServerConfigKeys (ConfUtils.java:logGet(43)) - raft.server.log.appender.install.snapshot.enabled = false (custom)
2019-11-13 13:02:23,508 [pool-549-thread-1] INFO  impl.RaftServerImpl (ServerState.java:<init>(103)) - 1a33519a-3def-4d79-b3e5-c4d8286dc86e@group-EA83140B62D4: ConfigurationManager, init=-1: [1a33519a-3def-4d79-b3e5-c4d8286dc86e:192.168.157.200:40699], old=null, confs=<EMPTY_MAP>
2019-11-13 13:02:23,508 [pool-549-thread-1] INFO  server.RaftServerConfigKeys (ConfUtils.java:logGet(43)) - raft.server.storage.dir = [/workdir/hadoop-ozone/integration-test/target/test-dir/MiniOzoneClusterImpl-90e8aeb1-2975-47c6-9bba-faf27de7fb8c/datanode-4/data/ratis] (custom)
2019-11-13 13:02:23,508 [pool-549-thread-1] INFO  server.RaftServerConfigKeys (ConfUtils.java:logGet(43)) - raft.server.log.corruption.policy = EXCEPTION (default)
2019-11-13 13:02:23,508 [pool-549-thread-1] INFO  storage.RaftStorageDirectory (RaftStorageDirectory.java:analyzeStorage(246)) - The storage directory /workdir/hadoop-ozone/integration-test/target/test-dir/MiniOzoneClusterImpl-90e8aeb1-2975-47c6-9bba-faf27de7fb8c/datanode-4/data/ratis/19215213-5bb9-4bea-aa27-ea83140b62d4 does not exist. Creating ...
2019-11-13 13:02:23,510 [IPC Server handler 8 on 38516] INFO  net.NetworkTopology (NetworkTopologyImpl.java:add(111)) - Added a new node: /rack1/7ba291c4-9ee0-417b-844f-44a16c4ba9e2
2019-11-13 13:02:23,510 [IPC Server handler 8 on 38516] INFO  node.SCMNodeManager (SCMNodeManager.java:register(267)) - Registered Data node : 7ba291c4-9ee0-417b-844f-44a16c4ba9e2{ip: 192.168.157.200, host: pr-hdds-2452-7vw7s-1330541530, networkLocation: /rack1, certSerialId: null}
2019-11-13 13:02:23,531 [pool-549-thread-1] INFO  storage.RaftStorageDirectory (RaftStorageDirectory.java:tryLock(328)) - Lock on /workdir/hadoop-ozone/integration-test/target/test-dir/MiniOzoneClusterImpl-90e8aeb1-2975-47c6-9bba-faf27de7fb8c/datanode-4/data/ratis/19215213-5bb9-4bea-aa27-ea83140b62d4/in_use.lock acquired by nodename 10766@pr-hdds-2452-7vw7s-1330541530
2019-11-13 13:02:23,557 [pool-549-thread-1] INFO  storage.RaftStorage (RaftStorage.java:format(84)) - Storage directory /workdir/hadoop-ozone/integration-test/target/test-dir/MiniOzoneClusterImpl-90e8aeb1-2975-47c6-9bba-faf27de7fb8c/datanode-4/data/ratis/19215213-5bb9-4bea-aa27-ea83140b62d4 has been successfully formatted.
2019-11-13 13:02:23,557 [pool-549-thread-1] INFO  ratis.ContainerStateMachine (ContainerStateMachine.java:loadSnapshot(223)) - group-EA83140B62D4: The snapshot info is null. Setting the last applied indexto:(t:0, i:~)
2019-11-13 13:02:23,557 [pool-549-thread-1] INFO  server.RaftServerConfigKeys (ConfUtils.java:logGet(43)) - raft.server.notification.no-leader.timeout = 120s (custom)
2019-11-13 13:02:23,557 [pool-549-thread-1] INFO  server.RaftServerConfigKeys (ConfUtils.java:logGet(43)) - raft.server.log.use.memory = false (default)
2019-11-13 13:02:23,557 [pool-549-thread-1] INFO  server.RaftServerConfigKeys (ConfUtils.java:logGet(43)) - raft.server.log.purge.gap = 1000000 (custom)
2019-11-13 13:02:23,558 [pool-549-thread-1] INFO  server.RaftServerConfigKeys (ConfUtils.java:logGet(43)) - raft.server.log.appender.buffer.byte-limit = 33554432 (custom)
2019-11-13 13:02:23,558 [pool-549-thread-1] INFO  server.RaftServerConfigKeys (ConfUtils.java:logGet(43)) - raft.server.log.segment.size.max = 1048576 (custom)
2019-11-13 13:02:23,558 [pool-549-thread-1] WARN  impl.MetricRegistriesImpl (MetricRegistriesImpl.java:lambda$create$1(61)) - First MetricRegistry has been created without registering reporters. You may need to call MetricRegistries.global().addReportRegistration(...) before.
2019-11-13 13:02:23,558 [pool-549-thread-1] INFO  server.RaftServerConfigKeys (ConfUtils.java:logGet(43)) - raft.server.log.segment.cache.num.max = 2 (custom)
2019-11-13 13:02:23,558 [pool-549-thread-1] INFO  segmented.SegmentedRaftLogWorker (SegmentedRaftLogWorker.java:<init>(173)) - new 1a33519a-3def-4d79-b3e5-c4d8286dc86e@group-EA83140B62D4-SegmentedRaftLogWorker for RaftStorage:Storage Directory /workdir/hadoop-ozone/integration-test/target/test-dir/MiniOzoneClusterImpl-90e8aeb1-2975-47c6-9bba-faf27de7fb8c/datanode-4/data/ratis/19215213-5bb9-4bea-aa27-ea83140b62d4
2019-11-13 13:02:23,558 [pool-549-thread-1] INFO  server.RaftServerConfigKeys (ConfUtils.java:logGet(43)) - raft.server.log.queue.byte-limit = 2147483647 (custom)
2019-11-13 13:02:23,558 [pool-549-thread-1] INFO  server.RaftServerConfigKeys (ConfUtils.java:logGet(43)) - raft.server.log.queue.element-limit = 1024 (custom)
2019-11-13 13:02:23,558 [pool-549-thread-1] INFO  server.RaftServerConfigKeys (ConfUtils.java:logGet(43)) - raft.server.log.segment.size.max = 1048576 (custom)
2019-11-13 13:02:23,558 [pool-549-thread-1] INFO  server.RaftServerConfigKeys (ConfUtils.java:logGet(43)) - raft.server.log.preallocated.size = 16384 (custom)
2019-11-13 13:02:23,558 [pool-549-thread-1] INFO  server.RaftServerConfigKeys (ConfUtils.java:logGet(43)) - raft.server.log.write.buffer.size = 33554432 (custom)
2019-11-13 13:02:23,558 [pool-549-thread-1] INFO  server.RaftServerConfigKeys (ConfUtils.java:logGet(43)) - raft.server.log.force.sync.num = 128 (default)
2019-11-13 13:02:23,559 [pool-549-thread-1] INFO  server.RaftServerConfigKeys (ConfUtils.java:logGet(43)) - raft.server.log.statemachine.data.sync = true (default)
2019-11-13 13:02:23,559 [pool-549-thread-1] INFO  server.RaftServerConfigKeys (ConfUtils.java:logGet(43)) - raft.server.log.statemachine.data.sync.timeout = 10s (default)
2019-11-13 13:02:23,559 [pool-549-thread-1] INFO  server.RaftServerConfigKeys (ConfUtils.java:logGet(43)) - raft.server.log.statemachine.data.sync.timeout.retry = -1 (default)
2019-11-13 13:02:23,559 [pool-549-thread-1] INFO  server.RaftServerConfigKeys (ConfUtils.java:logGet(43)) - raft.server.log.statemachine.data.caching.enabled = true (custom)
2019-11-13 13:02:23,559 [pool-549-thread-1] INFO  segmented.SegmentedRaftLogWorker (SegmentedRaftLogWorker.java:lambda$new$0(128)) - 1a33519a-3def-4d79-b3e5-c4d8286dc86e@group-EA83140B62D4-SegmentedRaftLogWorker: flushIndex: setUnconditionally 0 -> -1
2019-11-13 13:02:23,559 [pool-549-thread-1] INFO  server.RaftServerConfigKeys (ConfUtils.java:logGet(43)) - raft.server.snapshot.auto.trigger.enabled = true (custom)
2019-11-13 13:02:23,559 [pool-549-thread-1] INFO  server.RaftServerConfigKeys (ConfUtils.java:logGet(43)) - raft.server.snapshot.auto.trigger.threshold = 10000 (custom)
2019-11-13 13:02:23,560 [pool-549-thread-1] INFO  server.RaftServerConfigKeys (ConfUtils.java:logGet(43)) - raft.server.snapshot.retention.file.num = 5 (custom)
2019-11-13 13:02:23,560 [pool-549-thread-1] INFO  server.RaftServerConfigKeys (ConfUtils.java:logGet(43)) - raft.server.retrycache.expirytime = 600000ms (custom)
2019-11-13 13:02:23,560 [pool-549-thread-1] WARN  impl.MetricRegistriesImpl (MetricRegistriesImpl.java:lambda$create$1(61)) - First MetricRegistry has been created without registering reporters. You may need to call MetricRegistries.global().addReportRegistration(...) before.
2019-11-13 13:02:23,560 [pool-549-thread-1] WARN  impl.MetricRegistriesImpl (MetricRegistriesImpl.java:lambda$create$1(61)) - First MetricRegistry has been created without registering reporters. You may need to call MetricRegistries.global().addReportRegistration(...) before.
2019-11-13 13:02:23,560 [pool-549-thread-1] INFO  impl.RaftServerImpl (RaftServerImpl.java:start(184)) - 1a33519a-3def-4d79-b3e5-c4d8286dc86e@group-EA83140B62D4: start as a follower, conf=-1: [1a33519a-3def-4d79-b3e5-c4d8286dc86e:192.168.157.200:40699], old=null
2019-11-13 13:02:23,560 [pool-549-thread-1] INFO  impl.RaftServerImpl (RaftServerImpl.java:setRole(173)) - 1a33519a-3def-4d79-b3e5-c4d8286dc86e@group-EA83140B62D4: changes role from      null to FOLLOWER at term 0 for startAsFollower
2019-11-13 13:02:23,560 [pool-549-thread-1] INFO  impl.RoleInfo (RoleInfo.java:updateAndGet(143)) - 1a33519a-3def-4d79-b3e5-c4d8286dc86e: start FollowerState
2019-11-13 13:02:23,561 [pool-549-thread-1] INFO  util.JmxRegister (JmxRegister.java:tryRegister(44)) - Successfully registered JMX Bean with object name Ratis:service=RaftServer,group=group-EA83140B62D4,id=1a33519a-3def-4d79-b3e5-c4d8286dc86e
2019-11-13 13:02:23,561 [pool-549-thread-1] WARN  impl.MetricRegistriesImpl (MetricRegistriesImpl.java:lambda$create$1(61)) - First MetricRegistry has been created without registering reporters. You may need to call MetricRegistries.global().addReportRegistration(...) before.
2019-11-13 13:02:23,563 [RatisPipelineUtilsThread] INFO  pipeline.PipelineStateManager (PipelineStateManager.java:addPipeline(55)) - Created pipeline Pipeline[ Id: 19215213-5bb9-4bea-aa27-ea83140b62d4, Nodes: 1a33519a-3def-4d79-b3e5-c4d8286dc86e{ip: 192.168.157.200, host: pr-hdds-2452-7vw7s-1330541530, networkLocation: /rack1, certSerialId: null}, Type:RATIS, Factor:ONE, State:ALLOCATED]
2019-11-13 13:02:23,572 [grpc-default-executor-6] INFO  impl.RaftServerProxy (RaftServerProxy.java:addNew(89)) - 7ba291c4-9ee0-417b-844f-44a16c4ba9e2: addNew group-4DA4D061BA2F:[7ba291c4-9ee0-417b-844f-44a16c4ba9e2:192.168.157.200:33359] returns group-4DA4D061BA2F:java.util.concurrent.CompletableFuture@2faf876d[Not completed]
2019-11-13 13:02:23,574 [pool-559-thread-1] INFO  impl.RaftServerImpl (RaftServerImpl.java:<init>(98)) - 7ba291c4-9ee0-417b-844f-44a16c4ba9e2: new RaftServerImpl for group-4DA4D061BA2F:[7ba291c4-9ee0-417b-844f-44a16c4ba9e2:192.168.157.200:33359] with ContainerStateMachine:uninitialized
2019-11-13 13:02:23,574 [pool-559-thread-1] INFO  server.RaftServerConfigKeys (ConfUtils.java:logGet(43)) - raft.server.rpc.timeout.min = 1s (custom)
2019-11-13 13:02:23,574 [pool-559-thread-1] INFO  server.RaftServerConfigKeys (ConfUtils.java:logGet(43)) - raft.server.rpc.timeout.max = 1200ms (custom)
2019-11-13 13:02:23,574 [pool-559-thread-1] INFO  server.RaftServerConfigKeys (ConfUtils.java:logGet(43)) - raft.server.rpcslowness.timeout = 120s (custom)
2019-11-13 13:02:23,574 [pool-559-thread-1] INFO  server.RaftServerConfigKeys (ConfUtils.java:logGet(43)) - raft.server.sleep.deviation.threshold = 300 (default)
2019-11-13 13:02:23,574 [pool-559-thread-1] INFO  server.RaftServerConfigKeys (ConfUtils.java:logGet(43)) - raft.server.log.appender.install.snapshot.enabled = false (custom)
2019-11-13 13:02:23,575 [pool-559-thread-1] INFO  impl.RaftServerImpl (ServerState.java:<init>(103)) - 7ba291c4-9ee0-417b-844f-44a16c4ba9e2@group-4DA4D061BA2F: ConfigurationManager, init=-1: [7ba291c4-9ee0-417b-844f-44a16c4ba9e2:192.168.157.200:33359], old=null, confs=<EMPTY_MAP>
2019-11-13 13:02:23,575 [pool-559-thread-1] INFO  server.RaftServerConfigKeys (ConfUtils.java:logGet(43)) - raft.server.storage.dir = [/workdir/hadoop-ozone/integration-test/target/test-dir/MiniOzoneClusterImpl-90e8aeb1-2975-47c6-9bba-faf27de7fb8c/datanode-5/data/ratis] (custom)
2019-11-13 13:02:23,575 [pool-559-thread-1] INFO  server.RaftServerConfigKeys (ConfUtils.java:logGet(43)) - raft.server.log.corruption.policy = EXCEPTION (default)
2019-11-13 13:02:23,575 [pool-559-thread-1] INFO  storage.RaftStorageDirectory (RaftStorageDirectory.java:analyzeStorage(246)) - The storage directory /workdir/hadoop-ozone/integration-test/target/test-dir/MiniOzoneClusterImpl-90e8aeb1-2975-47c6-9bba-faf27de7fb8c/datanode-5/data/ratis/6b8fb905-2139-48ff-95e0-4da4d061ba2f does not exist. Creating ...
2019-11-13 13:02:23,577 [IPC Server handler 1 on 38516] INFO  net.NetworkTopology (NetworkTopologyImpl.java:add(111)) - Added a new node: /rack1/971d177f-fbc5-4c3a-b100-2607610d94ec
2019-11-13 13:02:23,577 [IPC Server handler 1 on 38516] INFO  node.SCMNodeManager (SCMNodeManager.java:register(267)) - Registered Data node : 971d177f-fbc5-4c3a-b100-2607610d94ec{ip: 192.168.157.200, host: pr-hdds-2452-7vw7s-1330541530, networkLocation: /rack1, certSerialId: null}
2019-11-13 13:02:23,598 [pool-559-thread-1] INFO  storage.RaftStorageDirectory (RaftStorageDirectory.java:tryLock(328)) - Lock on /workdir/hadoop-ozone/integration-test/target/test-dir/MiniOzoneClusterImpl-90e8aeb1-2975-47c6-9bba-faf27de7fb8c/datanode-5/data/ratis/6b8fb905-2139-48ff-95e0-4da4d061ba2f/in_use.lock acquired by nodename 10766@pr-hdds-2452-7vw7s-1330541530
2019-11-13 13:02:23,624 [pool-559-thread-1] INFO  storage.RaftStorage (RaftStorage.java:format(84)) - Storage directory /workdir/hadoop-ozone/integration-test/target/test-dir/MiniOzoneClusterImpl-90e8aeb1-2975-47c6-9bba-faf27de7fb8c/datanode-5/data/ratis/6b8fb905-2139-48ff-95e0-4da4d061ba2f has been successfully formatted.
2019-11-13 13:02:23,624 [pool-559-thread-1] INFO  ratis.ContainerStateMachine (ContainerStateMachine.java:loadSnapshot(223)) - group-4DA4D061BA2F: The snapshot info is null. Setting the last applied indexto:(t:0, i:~)
2019-11-13 13:02:23,624 [pool-559-thread-1] INFO  server.RaftServerConfigKeys (ConfUtils.java:logGet(43)) - raft.server.notification.no-leader.timeout = 120s (custom)
2019-11-13 13:02:23,624 [pool-559-thread-1] INFO  server.RaftServerConfigKeys (ConfUtils.java:logGet(43)) - raft.server.log.use.memory = false (default)
2019-11-13 13:02:23,624 [pool-559-thread-1] INFO  server.RaftServerConfigKeys (ConfUtils.java:logGet(43)) - raft.server.log.purge.gap = 1000000 (custom)
2019-11-13 13:02:23,624 [pool-559-thread-1] INFO  server.RaftServerConfigKeys (ConfUtils.java:logGet(43)) - raft.server.log.appender.buffer.byte-limit = 33554432 (custom)
2019-11-13 13:02:23,625 [pool-559-thread-1] INFO  server.RaftServerConfigKeys (ConfUtils.java:logGet(43)) - raft.server.log.segment.size.max = 1048576 (custom)
2019-11-13 13:02:23,625 [pool-559-thread-1] WARN  impl.MetricRegistriesImpl (MetricRegistriesImpl.java:lambda$create$1(61)) - First MetricRegistry has been created without registering reporters. You may need to call MetricRegistries.global().addReportRegistration(...) before.
2019-11-13 13:02:23,625 [pool-559-thread-1] INFO  server.RaftServerConfigKeys (ConfUtils.java:logGet(43)) - raft.server.log.segment.cache.num.max = 2 (custom)
2019-11-13 13:02:23,625 [pool-559-thread-1] INFO  segmented.SegmentedRaftLogWorker (SegmentedRaftLogWorker.java:<init>(173)) - new 7ba291c4-9ee0-417b-844f-44a16c4ba9e2@group-4DA4D061BA2F-SegmentedRaftLogWorker for RaftStorage:Storage Directory /workdir/hadoop-ozone/integration-test/target/test-dir/MiniOzoneClusterImpl-90e8aeb1-2975-47c6-9bba-faf27de7fb8c/datanode-5/data/ratis/6b8fb905-2139-48ff-95e0-4da4d061ba2f
2019-11-13 13:02:23,625 [pool-559-thread-1] INFO  server.RaftServerConfigKeys (ConfUtils.java:logGet(43)) - raft.server.log.queue.byte-limit = 2147483647 (custom)
2019-11-13 13:02:23,625 [pool-559-thread-1] INFO  server.RaftServerConfigKeys (ConfUtils.java:logGet(43)) - raft.server.log.queue.element-limit = 1024 (custom)
2019-11-13 13:02:23,625 [pool-559-thread-1] INFO  server.RaftServerConfigKeys (ConfUtils.java:logGet(43)) - raft.server.log.segment.size.max = 1048576 (custom)
2019-11-13 13:02:23,625 [pool-559-thread-1] INFO  server.RaftServerConfigKeys (ConfUtils.java:logGet(43)) - raft.server.log.preallocated.size = 16384 (custom)
2019-11-13 13:02:23,625 [pool-559-thread-1] INFO  server.RaftServerConfigKeys (ConfUtils.java:logGet(43)) - raft.server.log.write.buffer.size = 33554432 (custom)
2019-11-13 13:02:23,625 [pool-559-thread-1] INFO  server.RaftServerConfigKeys (ConfUtils.java:logGet(43)) - raft.server.log.force.sync.num = 128 (default)
2019-11-13 13:02:23,625 [pool-559-thread-1] INFO  server.RaftServerConfigKeys (ConfUtils.java:logGet(43)) - raft.server.log.statemachine.data.sync = true (default)
2019-11-13 13:02:23,625 [pool-559-thread-1] INFO  server.RaftServerConfigKeys (ConfUtils.java:logGet(43)) - raft.server.log.statemachine.data.sync.timeout = 10s (default)
2019-11-13 13:02:23,625 [pool-559-thread-1] INFO  server.RaftServerConfigKeys (ConfUtils.java:logGet(43)) - raft.server.log.statemachine.data.sync.timeout.retry = -1 (default)
2019-11-13 13:02:23,626 [pool-559-thread-1] INFO  server.RaftServerConfigKeys (ConfUtils.java:logGet(43)) - raft.server.log.statemachine.data.caching.enabled = true (custom)
2019-11-13 13:02:23,626 [pool-559-thread-1] INFO  segmented.SegmentedRaftLogWorker (SegmentedRaftLogWorker.java:lambda$new$0(128)) - 7ba291c4-9ee0-417b-844f-44a16c4ba9e2@group-4DA4D061BA2F-SegmentedRaftLogWorker: flushIndex: setUnconditionally 0 -> -1
2019-11-13 13:02:23,626 [pool-559-thread-1] INFO  server.RaftServerConfigKeys (ConfUtils.java:logGet(43)) - raft.server.snapshot.auto.trigger.enabled = true (custom)
2019-11-13 13:02:23,626 [pool-559-thread-1] INFO  server.RaftServerConfigKeys (ConfUtils.java:logGet(43)) - raft.server.snapshot.auto.trigger.threshold = 10000 (custom)
2019-11-13 13:02:23,626 [pool-559-thread-1] INFO  server.RaftServerConfigKeys (ConfUtils.java:logGet(43)) - raft.server.snapshot.retention.file.num = 5 (custom)
2019-11-13 13:02:23,626 [pool-559-thread-1] INFO  server.RaftServerConfigKeys (ConfUtils.java:logGet(43)) - raft.server.retrycache.expirytime = 600000ms (custom)
2019-11-13 13:02:23,626 [pool-559-thread-1] WARN  impl.MetricRegistriesImpl (MetricRegistriesImpl.java:lambda$create$1(61)) - First MetricRegistry has been created without registering reporters. You may need to call MetricRegistries.global().addReportRegistration(...) before.
2019-11-13 13:02:23,627 [pool-559-thread-1] WARN  impl.MetricRegistriesImpl (MetricRegistriesImpl.java:lambda$create$1(61)) - First MetricRegistry has been created without registering reporters. You may need to call MetricRegistries.global().addReportRegistration(...) before.
2019-11-13 13:02:23,627 [pool-559-thread-1] INFO  impl.RaftServerImpl (RaftServerImpl.java:start(184)) - 7ba291c4-9ee0-417b-844f-44a16c4ba9e2@group-4DA4D061BA2F: start as a follower, conf=-1: [7ba291c4-9ee0-417b-844f-44a16c4ba9e2:192.168.157.200:33359], old=null
2019-11-13 13:02:23,627 [pool-559-thread-1] INFO  impl.RaftServerImpl (RaftServerImpl.java:setRole(173)) - 7ba291c4-9ee0-417b-844f-44a16c4ba9e2@group-4DA4D061BA2F: changes role from      null to FOLLOWER at term 0 for startAsFollower
2019-11-13 13:02:23,627 [pool-559-thread-1] INFO  impl.RoleInfo (RoleInfo.java:updateAndGet(143)) - 7ba291c4-9ee0-417b-844f-44a16c4ba9e2: start FollowerState
2019-11-13 13:02:23,627 [pool-559-thread-1] INFO  util.JmxRegister (JmxRegister.java:tryRegister(44)) - Successfully registered JMX Bean with object name Ratis:service=RaftServer,group=group-4DA4D061BA2F,id=7ba291c4-9ee0-417b-844f-44a16c4ba9e2
2019-11-13 13:02:23,627 [pool-559-thread-1] WARN  impl.MetricRegistriesImpl (MetricRegistriesImpl.java:lambda$create$1(61)) - First MetricRegistry has been created without registering reporters. You may need to call MetricRegistries.global().addReportRegistration(...) before.
2019-11-13 13:02:23,630 [RatisPipelineUtilsThread] INFO  pipeline.PipelineStateManager (PipelineStateManager.java:addPipeline(55)) - Created pipeline Pipeline[ Id: 6b8fb905-2139-48ff-95e0-4da4d061ba2f, Nodes: 7ba291c4-9ee0-417b-844f-44a16c4ba9e2{ip: 192.168.157.200, host: pr-hdds-2452-7vw7s-1330541530, networkLocation: /rack1, certSerialId: null}, Type:RATIS, Factor:ONE, State:ALLOCATED]
2019-11-13 13:02:23,638 [grpc-default-executor-6] INFO  impl.RaftServerProxy (RaftServerProxy.java:addNew(89)) - 971d177f-fbc5-4c3a-b100-2607610d94ec: addNew group-5DB417B45C64:[971d177f-fbc5-4c3a-b100-2607610d94ec:192.168.157.200:33290] returns group-5DB417B45C64:java.util.concurrent.CompletableFuture@1e6a1600[Not completed]
2019-11-13 13:02:23,639 [pool-569-thread-1] INFO  impl.RaftServerImpl (RaftServerImpl.java:<init>(98)) - 971d177f-fbc5-4c3a-b100-2607610d94ec: new RaftServerImpl for group-5DB417B45C64:[971d177f-fbc5-4c3a-b100-2607610d94ec:192.168.157.200:33290] with ContainerStateMachine:uninitialized
2019-11-13 13:02:23,640 [pool-569-thread-1] INFO  server.RaftServerConfigKeys (ConfUtils.java:logGet(43)) - raft.server.rpc.timeout.min = 1s (custom)
2019-11-13 13:02:23,640 [pool-569-thread-1] INFO  server.RaftServerConfigKeys (ConfUtils.java:logGet(43)) - raft.server.rpc.timeout.max = 1200ms (custom)
2019-11-13 13:02:23,640 [pool-569-thread-1] INFO  server.RaftServerConfigKeys (ConfUtils.java:logGet(43)) - raft.server.rpcslowness.timeout = 120s (custom)
2019-11-13 13:02:23,640 [pool-569-thread-1] INFO  server.RaftServerConfigKeys (ConfUtils.java:logGet(43)) - raft.server.sleep.deviation.threshold = 300 (default)
2019-11-13 13:02:23,640 [pool-569-thread-1] INFO  server.RaftServerConfigKeys (ConfUtils.java:logGet(43)) - raft.server.log.appender.install.snapshot.enabled = false (custom)
2019-11-13 13:02:23,640 [pool-569-thread-1] INFO  impl.RaftServerImpl (ServerState.java:<init>(103)) - 971d177f-fbc5-4c3a-b100-2607610d94ec@group-5DB417B45C64: ConfigurationManager, init=-1: [971d177f-fbc5-4c3a-b100-2607610d94ec:192.168.157.200:33290], old=null, confs=<EMPTY_MAP>
2019-11-13 13:02:23,640 [pool-569-thread-1] INFO  server.RaftServerConfigKeys (ConfUtils.java:logGet(43)) - raft.server.storage.dir = [/workdir/hadoop-ozone/integration-test/target/test-dir/MiniOzoneClusterImpl-90e8aeb1-2975-47c6-9bba-faf27de7fb8c/datanode-6/data/ratis] (custom)
2019-11-13 13:02:23,641 [pool-569-thread-1] INFO  server.RaftServerConfigKeys (ConfUtils.java:logGet(43)) - raft.server.log.corruption.policy = EXCEPTION (default)
2019-11-13 13:02:23,641 [pool-569-thread-1] INFO  storage.RaftStorageDirectory (RaftStorageDirectory.java:analyzeStorage(246)) - The storage directory /workdir/hadoop-ozone/integration-test/target/test-dir/MiniOzoneClusterImpl-90e8aeb1-2975-47c6-9bba-faf27de7fb8c/datanode-6/data/ratis/5bed9ab0-33db-48be-acaf-5db417b45c64 does not exist. Creating ...
2019-11-13 13:02:23,643 [IPC Server handler 3 on 38516] INFO  net.NetworkTopology (NetworkTopologyImpl.java:add(111)) - Added a new node: /rack1/3d7387af-ecb5-4c7d-b20b-5fe48849adda
2019-11-13 13:02:23,643 [IPC Server handler 3 on 38516] INFO  node.SCMNodeManager (SCMNodeManager.java:register(267)) - Registered Data node : 3d7387af-ecb5-4c7d-b20b-5fe48849adda{ip: 192.168.157.200, host: pr-hdds-2452-7vw7s-1330541530, networkLocation: /rack1, certSerialId: null}
2019-11-13 13:02:23,667 [pool-569-thread-1] INFO  storage.RaftStorageDirectory (RaftStorageDirectory.java:tryLock(328)) - Lock on /workdir/hadoop-ozone/integration-test/target/test-dir/MiniOzoneClusterImpl-90e8aeb1-2975-47c6-9bba-faf27de7fb8c/datanode-6/data/ratis/5bed9ab0-33db-48be-acaf-5db417b45c64/in_use.lock acquired by nodename 10766@pr-hdds-2452-7vw7s-1330541530
2019-11-13 13:02:23,684 [pool-569-thread-1] INFO  storage.RaftStorage (RaftStorage.java:format(84)) - Storage directory /workdir/hadoop-ozone/integration-test/target/test-dir/MiniOzoneClusterImpl-90e8aeb1-2975-47c6-9bba-faf27de7fb8c/datanode-6/data/ratis/5bed9ab0-33db-48be-acaf-5db417b45c64 has been successfully formatted.
2019-11-13 13:02:23,684 [pool-569-thread-1] INFO  ratis.ContainerStateMachine (ContainerStateMachine.java:loadSnapshot(223)) - group-5DB417B45C64: The snapshot info is null. Setting the last applied indexto:(t:0, i:~)
2019-11-13 13:02:23,684 [pool-569-thread-1] INFO  server.RaftServerConfigKeys (ConfUtils.java:logGet(43)) - raft.server.notification.no-leader.timeout = 120s (custom)
2019-11-13 13:02:23,684 [pool-569-thread-1] INFO  server.RaftServerConfigKeys (ConfUtils.java:logGet(43)) - raft.server.log.use.memory = false (default)
2019-11-13 13:02:23,684 [pool-569-thread-1] INFO  server.RaftServerConfigKeys (ConfUtils.java:logGet(43)) - raft.server.log.purge.gap = 1000000 (custom)
2019-11-13 13:02:23,684 [pool-569-thread-1] INFO  server.RaftServerConfigKeys (ConfUtils.java:logGet(43)) - raft.server.log.appender.buffer.byte-limit = 33554432 (custom)
2019-11-13 13:02:23,684 [pool-569-thread-1] INFO  server.RaftServerConfigKeys (ConfUtils.java:logGet(43)) - raft.server.log.segment.size.max = 1048576 (custom)
2019-11-13 13:02:23,685 [pool-569-thread-1] WARN  impl.MetricRegistriesImpl (MetricRegistriesImpl.java:lambda$create$1(61)) - First MetricRegistry has been created without registering reporters. You may need to call MetricRegistries.global().addReportRegistration(...) before.
2019-11-13 13:02:23,685 [pool-569-thread-1] INFO  server.RaftServerConfigKeys (ConfUtils.java:logGet(43)) - raft.server.log.segment.cache.num.max = 2 (custom)
2019-11-13 13:02:23,685 [pool-569-thread-1] INFO  segmented.SegmentedRaftLogWorker (SegmentedRaftLogWorker.java:<init>(173)) - new 971d177f-fbc5-4c3a-b100-2607610d94ec@group-5DB417B45C64-SegmentedRaftLogWorker for RaftStorage:Storage Directory /workdir/hadoop-ozone/integration-test/target/test-dir/MiniOzoneClusterImpl-90e8aeb1-2975-47c6-9bba-faf27de7fb8c/datanode-6/data/ratis/5bed9ab0-33db-48be-acaf-5db417b45c64
2019-11-13 13:02:23,685 [pool-569-thread-1] INFO  server.RaftServerConfigKeys (ConfUtils.java:logGet(43)) - raft.server.log.queue.byte-limit = 2147483647 (custom)
2019-11-13 13:02:23,685 [pool-569-thread-1] INFO  server.RaftServerConfigKeys (ConfUtils.java:logGet(43)) - raft.server.log.queue.element-limit = 1024 (custom)
2019-11-13 13:02:23,685 [pool-569-thread-1] INFO  server.RaftServerConfigKeys (ConfUtils.java:logGet(43)) - raft.server.log.segment.size.max = 1048576 (custom)
2019-11-13 13:02:23,685 [pool-569-thread-1] INFO  server.RaftServerConfigKeys (ConfUtils.java:logGet(43)) - raft.server.log.preallocated.size = 16384 (custom)
2019-11-13 13:02:23,685 [pool-569-thread-1] INFO  server.RaftServerConfigKeys (ConfUtils.java:logGet(43)) - raft.server.log.write.buffer.size = 33554432 (custom)
2019-11-13 13:02:23,686 [pool-569-thread-1] INFO  server.RaftServerConfigKeys (ConfUtils.java:logGet(43)) - raft.server.log.force.sync.num = 128 (default)
2019-11-13 13:02:23,686 [pool-569-thread-1] INFO  server.RaftServerConfigKeys (ConfUtils.java:logGet(43)) - raft.server.log.statemachine.data.sync = true (default)
2019-11-13 13:02:23,686 [pool-569-thread-1] INFO  server.RaftServerConfigKeys (ConfUtils.java:logGet(43)) - raft.server.log.statemachine.data.sync.timeout = 10s (default)
2019-11-13 13:02:23,686 [pool-569-thread-1] INFO  server.RaftServerConfigKeys (ConfUtils.java:logGet(43)) - raft.server.log.statemachine.data.sync.timeout.retry = -1 (default)
2019-11-13 13:02:23,686 [pool-569-thread-1] INFO  server.RaftServerConfigKeys (ConfUtils.java:logGet(43)) - raft.server.log.statemachine.data.caching.enabled = true (custom)
2019-11-13 13:02:23,686 [pool-569-thread-1] INFO  segmented.SegmentedRaftLogWorker (SegmentedRaftLogWorker.java:lambda$new$0(128)) - 971d177f-fbc5-4c3a-b100-2607610d94ec@group-5DB417B45C64-SegmentedRaftLogWorker: flushIndex: setUnconditionally 0 -> -1
2019-11-13 13:02:23,687 [pool-569-thread-1] INFO  server.RaftServerConfigKeys (ConfUtils.java:logGet(43)) - raft.server.snapshot.auto.trigger.enabled = true (custom)
2019-11-13 13:02:23,687 [pool-569-thread-1] INFO  server.RaftServerConfigKeys (ConfUtils.java:logGet(43)) - raft.server.snapshot.auto.trigger.threshold = 10000 (custom)
2019-11-13 13:02:23,687 [pool-569-thread-1] INFO  server.RaftServerConfigKeys (ConfUtils.java:logGet(43)) - raft.server.snapshot.retention.file.num = 5 (custom)
2019-11-13 13:02:23,687 [pool-569-thread-1] INFO  server.RaftServerConfigKeys (ConfUtils.java:logGet(43)) - raft.server.retrycache.expirytime = 600000ms (custom)
2019-11-13 13:02:23,687 [pool-569-thread-1] WARN  impl.MetricRegistriesImpl (MetricRegistriesImpl.java:lambda$create$1(61)) - First MetricRegistry has been created without registering reporters. You may need to call MetricRegistries.global().addReportRegistration(...) before.
2019-11-13 13:02:23,687 [pool-569-thread-1] WARN  impl.MetricRegistriesImpl (MetricRegistriesImpl.java:lambda$create$1(61)) - First MetricRegistry has been created without registering reporters. You may need to call MetricRegistries.global().addReportRegistration(...) before.
2019-11-13 13:02:23,688 [pool-569-thread-1] INFO  impl.RaftServerImpl (RaftServerImpl.java:start(184)) - 971d177f-fbc5-4c3a-b100-2607610d94ec@group-5DB417B45C64: start as a follower, conf=-1: [971d177f-fbc5-4c3a-b100-2607610d94ec:192.168.157.200:33290], old=null
2019-11-13 13:02:23,688 [pool-569-thread-1] INFO  impl.RaftServerImpl (RaftServerImpl.java:setRole(173)) - 971d177f-fbc5-4c3a-b100-2607610d94ec@group-5DB417B45C64: changes role from      null to FOLLOWER at term 0 for startAsFollower
2019-11-13 13:02:23,688 [pool-569-thread-1] INFO  impl.RoleInfo (RoleInfo.java:updateAndGet(143)) - 971d177f-fbc5-4c3a-b100-2607610d94ec: start FollowerState
2019-11-13 13:02:23,688 [pool-569-thread-1] INFO  util.JmxRegister (JmxRegister.java:tryRegister(44)) - Successfully registered JMX Bean with object name Ratis:service=RaftServer,group=group-5DB417B45C64,id=971d177f-fbc5-4c3a-b100-2607610d94ec
2019-11-13 13:02:23,688 [pool-569-thread-1] WARN  impl.MetricRegistriesImpl (MetricRegistriesImpl.java:lambda$create$1(61)) - First MetricRegistry has been created without registering reporters. You may need to call MetricRegistries.global().addReportRegistration(...) before.
2019-11-13 13:02:23,691 [RatisPipelineUtilsThread] INFO  pipeline.PipelineStateManager (PipelineStateManager.java:addPipeline(55)) - Created pipeline Pipeline[ Id: 5bed9ab0-33db-48be-acaf-5db417b45c64, Nodes: 971d177f-fbc5-4c3a-b100-2607610d94ec{ip: 192.168.157.200, host: pr-hdds-2452-7vw7s-1330541530, networkLocation: /rack1, certSerialId: null}, Type:RATIS, Factor:ONE, State:ALLOCATED]
2019-11-13 13:02:23,701 [grpc-default-executor-6] INFO  impl.RaftServerProxy (RaftServerProxy.java:addNew(89)) - 3d7387af-ecb5-4c7d-b20b-5fe48849adda: addNew group-44AB8B55AECF:[3d7387af-ecb5-4c7d-b20b-5fe48849adda:192.168.157.200:37245] returns group-44AB8B55AECF:java.util.concurrent.CompletableFuture@5d9dc157[Not completed]
2019-11-13 13:02:23,702 [pool-579-thread-1] INFO  impl.RaftServerImpl (RaftServerImpl.java:<init>(98)) - 3d7387af-ecb5-4c7d-b20b-5fe48849adda: new RaftServerImpl for group-44AB8B55AECF:[3d7387af-ecb5-4c7d-b20b-5fe48849adda:192.168.157.200:37245] with ContainerStateMachine:uninitialized
2019-11-13 13:02:23,702 [pool-579-thread-1] INFO  server.RaftServerConfigKeys (ConfUtils.java:logGet(43)) - raft.server.rpc.timeout.min = 1s (custom)
2019-11-13 13:02:23,702 [pool-579-thread-1] INFO  server.RaftServerConfigKeys (ConfUtils.java:logGet(43)) - raft.server.rpc.timeout.max = 1200ms (custom)
2019-11-13 13:02:23,702 [pool-579-thread-1] INFO  server.RaftServerConfigKeys (ConfUtils.java:logGet(43)) - raft.server.rpcslowness.timeout = 120s (custom)
2019-11-13 13:02:23,702 [pool-579-thread-1] INFO  server.RaftServerConfigKeys (ConfUtils.java:logGet(43)) - raft.server.sleep.deviation.threshold = 300 (default)
2019-11-13 13:02:23,702 [pool-579-thread-1] INFO  server.RaftServerConfigKeys (ConfUtils.java:logGet(43)) - raft.server.log.appender.install.snapshot.enabled = false (custom)
2019-11-13 13:02:23,702 [pool-579-thread-1] INFO  impl.RaftServerImpl (ServerState.java:<init>(103)) - 3d7387af-ecb5-4c7d-b20b-5fe48849adda@group-44AB8B55AECF: ConfigurationManager, init=-1: [3d7387af-ecb5-4c7d-b20b-5fe48849adda:192.168.157.200:37245], old=null, confs=<EMPTY_MAP>
2019-11-13 13:02:23,703 [pool-579-thread-1] INFO  server.RaftServerConfigKeys (ConfUtils.java:logGet(43)) - raft.server.storage.dir = [/workdir/hadoop-ozone/integration-test/target/test-dir/MiniOzoneClusterImpl-90e8aeb1-2975-47c6-9bba-faf27de7fb8c/datanode-7/data/ratis] (custom)
2019-11-13 13:02:23,703 [pool-579-thread-1] INFO  server.RaftServerConfigKeys (ConfUtils.java:logGet(43)) - raft.server.log.corruption.policy = EXCEPTION (default)
2019-11-13 13:02:23,703 [pool-579-thread-1] INFO  storage.RaftStorageDirectory (RaftStorageDirectory.java:analyzeStorage(246)) - The storage directory /workdir/hadoop-ozone/integration-test/target/test-dir/MiniOzoneClusterImpl-90e8aeb1-2975-47c6-9bba-faf27de7fb8c/datanode-7/data/ratis/222b1e04-a418-438b-b6f4-44ab8b55aecf does not exist. Creating ...
2019-11-13 13:02:23,709 [IPC Server handler 4 on 38516] INFO  net.NetworkTopology (NetworkTopologyImpl.java:add(111)) - Added a new node: /rack1/a7629fe5-c619-4c28-bdfc-63292747e9b9
2019-11-13 13:02:23,709 [IPC Server handler 4 on 38516] INFO  node.SCMNodeManager (SCMNodeManager.java:register(267)) - Registered Data node : a7629fe5-c619-4c28-bdfc-63292747e9b9{ip: 192.168.157.200, host: pr-hdds-2452-7vw7s-1330541530, networkLocation: /rack1, certSerialId: null}
2019-11-13 13:02:23,726 [pool-579-thread-1] INFO  storage.RaftStorageDirectory (RaftStorageDirectory.java:tryLock(328)) - Lock on /workdir/hadoop-ozone/integration-test/target/test-dir/MiniOzoneClusterImpl-90e8aeb1-2975-47c6-9bba-faf27de7fb8c/datanode-7/data/ratis/222b1e04-a418-438b-b6f4-44ab8b55aecf/in_use.lock acquired by nodename 10766@pr-hdds-2452-7vw7s-1330541530
2019-11-13 13:02:23,751 [pool-579-thread-1] INFO  storage.RaftStorage (RaftStorage.java:format(84)) - Storage directory /workdir/hadoop-ozone/integration-test/target/test-dir/MiniOzoneClusterImpl-90e8aeb1-2975-47c6-9bba-faf27de7fb8c/datanode-7/data/ratis/222b1e04-a418-438b-b6f4-44ab8b55aecf has been successfully formatted.
2019-11-13 13:02:23,751 [pool-579-thread-1] INFO  ratis.ContainerStateMachine (ContainerStateMachine.java:loadSnapshot(223)) - group-44AB8B55AECF: The snapshot info is null. Setting the last applied indexto:(t:0, i:~)
2019-11-13 13:02:23,751 [pool-579-thread-1] INFO  server.RaftServerConfigKeys (ConfUtils.java:logGet(43)) - raft.server.notification.no-leader.timeout = 120s (custom)
2019-11-13 13:02:23,752 [pool-579-thread-1] INFO  server.RaftServerConfigKeys (ConfUtils.java:logGet(43)) - raft.server.log.use.memory = false (default)
2019-11-13 13:02:23,752 [pool-579-thread-1] INFO  server.RaftServerConfigKeys (ConfUtils.java:logGet(43)) - raft.server.log.purge.gap = 1000000 (custom)
2019-11-13 13:02:23,752 [pool-579-thread-1] INFO  server.RaftServerConfigKeys (ConfUtils.java:logGet(43)) - raft.server.log.appender.buffer.byte-limit = 33554432 (custom)
2019-11-13 13:02:23,752 [pool-579-thread-1] INFO  server.RaftServerConfigKeys (ConfUtils.java:logGet(43)) - raft.server.log.segment.size.max = 1048576 (custom)
2019-11-13 13:02:23,752 [pool-579-thread-1] WARN  impl.MetricRegistriesImpl (MetricRegistriesImpl.java:lambda$create$1(61)) - First MetricRegistry has been created without registering reporters. You may need to call MetricRegistries.global().addReportRegistration(...) before.
2019-11-13 13:02:23,752 [pool-579-thread-1] INFO  server.RaftServerConfigKeys (ConfUtils.java:logGet(43)) - raft.server.log.segment.cache.num.max = 2 (custom)
2019-11-13 13:02:23,752 [pool-579-thread-1] INFO  segmented.SegmentedRaftLogWorker (SegmentedRaftLogWorker.java:<init>(173)) - new 3d7387af-ecb5-4c7d-b20b-5fe48849adda@group-44AB8B55AECF-SegmentedRaftLogWorker for RaftStorage:Storage Directory /workdir/hadoop-ozone/integration-test/target/test-dir/MiniOzoneClusterImpl-90e8aeb1-2975-47c6-9bba-faf27de7fb8c/datanode-7/data/ratis/222b1e04-a418-438b-b6f4-44ab8b55aecf
2019-11-13 13:02:23,752 [pool-579-thread-1] INFO  server.RaftServerConfigKeys (ConfUtils.java:logGet(43)) - raft.server.log.queue.byte-limit = 2147483647 (custom)
2019-11-13 13:02:23,752 [pool-579-thread-1] INFO  server.RaftServerConfigKeys (ConfUtils.java:logGet(43)) - raft.server.log.queue.element-limit = 1024 (custom)
2019-11-13 13:02:23,752 [pool-579-thread-1] INFO  server.RaftServerConfigKeys (ConfUtils.java:logGet(43)) - raft.server.log.segment.size.max = 1048576 (custom)
2019-11-13 13:02:23,752 [pool-579-thread-1] INFO  server.RaftServerConfigKeys (ConfUtils.java:logGet(43)) - raft.server.log.preallocated.size = 16384 (custom)
2019-11-13 13:02:23,753 [pool-579-thread-1] INFO  server.RaftServerConfigKeys (ConfUtils.java:logGet(43)) - raft.server.log.write.buffer.size = 33554432 (custom)
2019-11-13 13:02:23,753 [pool-579-thread-1] INFO  server.RaftServerConfigKeys (ConfUtils.java:logGet(43)) - raft.server.log.force.sync.num = 128 (default)
2019-11-13 13:02:23,753 [pool-579-thread-1] INFO  server.RaftServerConfigKeys (ConfUtils.java:logGet(43)) - raft.server.log.statemachine.data.sync = true (default)
2019-11-13 13:02:23,753 [pool-579-thread-1] INFO  server.RaftServerConfigKeys (ConfUtils.java:logGet(43)) - raft.server.log.statemachine.data.sync.timeout = 10s (default)
2019-11-13 13:02:23,753 [pool-579-thread-1] INFO  server.RaftServerConfigKeys (ConfUtils.java:logGet(43)) - raft.server.log.statemachine.data.sync.timeout.retry = -1 (default)
2019-11-13 13:02:23,753 [pool-579-thread-1] INFO  server.RaftServerConfigKeys (ConfUtils.java:logGet(43)) - raft.server.log.statemachine.data.caching.enabled = true (custom)
2019-11-13 13:02:23,753 [pool-579-thread-1] INFO  segmented.SegmentedRaftLogWorker (SegmentedRaftLogWorker.java:lambda$new$0(128)) - 3d7387af-ecb5-4c7d-b20b-5fe48849adda@group-44AB8B55AECF-SegmentedRaftLogWorker: flushIndex: setUnconditionally 0 -> -1
2019-11-13 13:02:23,754 [pool-579-thread-1] INFO  server.RaftServerConfigKeys (ConfUtils.java:logGet(43)) - raft.server.snapshot.auto.trigger.enabled = true (custom)
2019-11-13 13:02:23,754 [pool-579-thread-1] INFO  server.RaftServerConfigKeys (ConfUtils.java:logGet(43)) - raft.server.snapshot.auto.trigger.threshold = 10000 (custom)
2019-11-13 13:02:23,754 [pool-579-thread-1] INFO  server.RaftServerConfigKeys (ConfUtils.java:logGet(43)) - raft.server.snapshot.retention.file.num = 5 (custom)
2019-11-13 13:02:23,754 [pool-579-thread-1] INFO  server.RaftServerConfigKeys (ConfUtils.java:logGet(43)) - raft.server.retrycache.expirytime = 600000ms (custom)
2019-11-13 13:02:23,754 [pool-579-thread-1] WARN  impl.MetricRegistriesImpl (MetricRegistriesImpl.java:lambda$create$1(61)) - First MetricRegistry has been created without registering reporters. You may need to call MetricRegistries.global().addReportRegistration(...) before.
2019-11-13 13:02:23,754 [pool-579-thread-1] WARN  impl.MetricRegistriesImpl (MetricRegistriesImpl.java:lambda$create$1(61)) - First MetricRegistry has been created without registering reporters. You may need to call MetricRegistries.global().addReportRegistration(...) before.
2019-11-13 13:02:23,754 [pool-579-thread-1] INFO  impl.RaftServerImpl (RaftServerImpl.java:start(184)) - 3d7387af-ecb5-4c7d-b20b-5fe48849adda@group-44AB8B55AECF: start as a follower, conf=-1: [3d7387af-ecb5-4c7d-b20b-5fe48849adda:192.168.157.200:37245], old=null
2019-11-13 13:02:23,754 [pool-579-thread-1] INFO  impl.RaftServerImpl (RaftServerImpl.java:setRole(173)) - 3d7387af-ecb5-4c7d-b20b-5fe48849adda@group-44AB8B55AECF: changes role from      null to FOLLOWER at term 0 for startAsFollower
2019-11-13 13:02:23,754 [pool-579-thread-1] INFO  impl.RoleInfo (RoleInfo.java:updateAndGet(143)) - 3d7387af-ecb5-4c7d-b20b-5fe48849adda: start FollowerState
2019-11-13 13:02:23,755 [pool-579-thread-1] INFO  util.JmxRegister (JmxRegister.java:tryRegister(44)) - Successfully registered JMX Bean with object name Ratis:service=RaftServer,group=group-44AB8B55AECF,id=3d7387af-ecb5-4c7d-b20b-5fe48849adda
2019-11-13 13:02:23,755 [pool-579-thread-1] WARN  impl.MetricRegistriesImpl (MetricRegistriesImpl.java:lambda$create$1(61)) - First MetricRegistry has been created without registering reporters. You may need to call MetricRegistries.global().addReportRegistration(...) before.
2019-11-13 13:02:23,758 [RatisPipelineUtilsThread] INFO  pipeline.PipelineStateManager (PipelineStateManager.java:addPipeline(55)) - Created pipeline Pipeline[ Id: 222b1e04-a418-438b-b6f4-44ab8b55aecf, Nodes: 3d7387af-ecb5-4c7d-b20b-5fe48849adda{ip: 192.168.157.200, host: pr-hdds-2452-7vw7s-1330541530, networkLocation: /rack1, certSerialId: null}, Type:RATIS, Factor:ONE, State:ALLOCATED]
2019-11-13 13:02:23,765 [grpc-default-executor-6] INFO  impl.RaftServerProxy (RaftServerProxy.java:addNew(89)) - a7629fe5-c619-4c28-bdfc-63292747e9b9: addNew group-C8E79842948D:[a7629fe5-c619-4c28-bdfc-63292747e9b9:192.168.157.200:36140] returns group-C8E79842948D:java.util.concurrent.CompletableFuture@3ae67a9[Not completed]
2019-11-13 13:02:23,766 [pool-589-thread-1] INFO  impl.RaftServerImpl (RaftServerImpl.java:<init>(98)) - a7629fe5-c619-4c28-bdfc-63292747e9b9: new RaftServerImpl for group-C8E79842948D:[a7629fe5-c619-4c28-bdfc-63292747e9b9:192.168.157.200:36140] with ContainerStateMachine:uninitialized
2019-11-13 13:02:23,766 [pool-589-thread-1] INFO  server.RaftServerConfigKeys (ConfUtils.java:logGet(43)) - raft.server.rpc.timeout.min = 1s (custom)
2019-11-13 13:02:23,766 [pool-589-thread-1] INFO  server.RaftServerConfigKeys (ConfUtils.java:logGet(43)) - raft.server.rpc.timeout.max = 1200ms (custom)
2019-11-13 13:02:23,766 [pool-589-thread-1] INFO  server.RaftServerConfigKeys (ConfUtils.java:logGet(43)) - raft.server.rpcslowness.timeout = 120s (custom)
2019-11-13 13:02:23,766 [pool-589-thread-1] INFO  server.RaftServerConfigKeys (ConfUtils.java:logGet(43)) - raft.server.sleep.deviation.threshold = 300 (default)
2019-11-13 13:02:23,766 [pool-589-thread-1] INFO  server.RaftServerConfigKeys (ConfUtils.java:logGet(43)) - raft.server.log.appender.install.snapshot.enabled = false (custom)
2019-11-13 13:02:23,766 [pool-589-thread-1] INFO  impl.RaftServerImpl (ServerState.java:<init>(103)) - a7629fe5-c619-4c28-bdfc-63292747e9b9@group-C8E79842948D: ConfigurationManager, init=-1: [a7629fe5-c619-4c28-bdfc-63292747e9b9:192.168.157.200:36140], old=null, confs=<EMPTY_MAP>
2019-11-13 13:02:23,766 [pool-589-thread-1] INFO  server.RaftServerConfigKeys (ConfUtils.java:logGet(43)) - raft.server.storage.dir = [/workdir/hadoop-ozone/integration-test/target/test-dir/MiniOzoneClusterImpl-90e8aeb1-2975-47c6-9bba-faf27de7fb8c/datanode-8/data/ratis] (custom)
2019-11-13 13:02:23,767 [pool-589-thread-1] INFO  server.RaftServerConfigKeys (ConfUtils.java:logGet(43)) - raft.server.log.corruption.policy = EXCEPTION (default)
2019-11-13 13:02:23,767 [pool-589-thread-1] INFO  storage.RaftStorageDirectory (RaftStorageDirectory.java:analyzeStorage(246)) - The storage directory /workdir/hadoop-ozone/integration-test/target/test-dir/MiniOzoneClusterImpl-90e8aeb1-2975-47c6-9bba-faf27de7fb8c/datanode-8/data/ratis/d43dba6e-e14a-4e03-9a39-c8e79842948d does not exist. Creating ...
2019-11-13 13:02:23,779 [IPC Server handler 2 on 38516] INFO  net.NetworkTopology (NetworkTopologyImpl.java:add(111)) - Added a new node: /rack1/318b4bc4-2a6a-4055-b801-3341d5814353
2019-11-13 13:02:23,779 [IPC Server handler 2 on 38516] INFO  node.SCMNodeManager (SCMNodeManager.java:register(267)) - Registered Data node : 318b4bc4-2a6a-4055-b801-3341d5814353{ip: 192.168.157.200, host: pr-hdds-2452-7vw7s-1330541530, networkLocation: /rack1, certSerialId: null}
2019-11-13 13:02:23,793 [pool-589-thread-1] INFO  storage.RaftStorageDirectory (RaftStorageDirectory.java:tryLock(328)) - Lock on /workdir/hadoop-ozone/integration-test/target/test-dir/MiniOzoneClusterImpl-90e8aeb1-2975-47c6-9bba-faf27de7fb8c/datanode-8/data/ratis/d43dba6e-e14a-4e03-9a39-c8e79842948d/in_use.lock acquired by nodename 10766@pr-hdds-2452-7vw7s-1330541530
2019-11-13 13:02:23,819 [pool-589-thread-1] INFO  storage.RaftStorage (RaftStorage.java:format(84)) - Storage directory /workdir/hadoop-ozone/integration-test/target/test-dir/MiniOzoneClusterImpl-90e8aeb1-2975-47c6-9bba-faf27de7fb8c/datanode-8/data/ratis/d43dba6e-e14a-4e03-9a39-c8e79842948d has been successfully formatted.
2019-11-13 13:02:23,819 [pool-589-thread-1] INFO  ratis.ContainerStateMachine (ContainerStateMachine.java:loadSnapshot(223)) - group-C8E79842948D: The snapshot info is null. Setting the last applied indexto:(t:0, i:~)
2019-11-13 13:02:23,819 [pool-589-thread-1] INFO  server.RaftServerConfigKeys (ConfUtils.java:logGet(43)) - raft.server.notification.no-leader.timeout = 120s (custom)
2019-11-13 13:02:23,819 [pool-589-thread-1] INFO  server.RaftServerConfigKeys (ConfUtils.java:logGet(43)) - raft.server.log.use.memory = false (default)
2019-11-13 13:02:23,820 [pool-589-thread-1] INFO  server.RaftServerConfigKeys (ConfUtils.java:logGet(43)) - raft.server.log.purge.gap = 1000000 (custom)
2019-11-13 13:02:23,820 [pool-589-thread-1] INFO  server.RaftServerConfigKeys (ConfUtils.java:logGet(43)) - raft.server.log.appender.buffer.byte-limit = 33554432 (custom)
2019-11-13 13:02:23,820 [pool-589-thread-1] INFO  server.RaftServerConfigKeys (ConfUtils.java:logGet(43)) - raft.server.log.segment.size.max = 1048576 (custom)
2019-11-13 13:02:23,820 [pool-589-thread-1] WARN  impl.MetricRegistriesImpl (MetricRegistriesImpl.java:lambda$create$1(61)) - First MetricRegistry has been created without registering reporters. You may need to call MetricRegistries.global().addReportRegistration(...) before.
2019-11-13 13:02:23,820 [pool-589-thread-1] INFO  server.RaftServerConfigKeys (ConfUtils.java:logGet(43)) - raft.server.log.segment.cache.num.max = 2 (custom)
2019-11-13 13:02:23,820 [pool-589-thread-1] INFO  segmented.SegmentedRaftLogWorker (SegmentedRaftLogWorker.java:<init>(173)) - new a7629fe5-c619-4c28-bdfc-63292747e9b9@group-C8E79842948D-SegmentedRaftLogWorker for RaftStorage:Storage Directory /workdir/hadoop-ozone/integration-test/target/test-dir/MiniOzoneClusterImpl-90e8aeb1-2975-47c6-9bba-faf27de7fb8c/datanode-8/data/ratis/d43dba6e-e14a-4e03-9a39-c8e79842948d
2019-11-13 13:02:23,820 [pool-589-thread-1] INFO  server.RaftServerConfigKeys (ConfUtils.java:logGet(43)) - raft.server.log.queue.byte-limit = 2147483647 (custom)
2019-11-13 13:02:23,820 [pool-589-thread-1] INFO  server.RaftServerConfigKeys (ConfUtils.java:logGet(43)) - raft.server.log.queue.element-limit = 1024 (custom)
2019-11-13 13:02:23,821 [pool-589-thread-1] INFO  server.RaftServerConfigKeys (ConfUtils.java:logGet(43)) - raft.server.log.segment.size.max = 1048576 (custom)
2019-11-13 13:02:23,821 [pool-589-thread-1] INFO  server.RaftServerConfigKeys (ConfUtils.java:logGet(43)) - raft.server.log.preallocated.size = 16384 (custom)
2019-11-13 13:02:23,821 [pool-589-thread-1] INFO  server.RaftServerConfigKeys (ConfUtils.java:logGet(43)) - raft.server.log.write.buffer.size = 33554432 (custom)
2019-11-13 13:02:23,821 [pool-589-thread-1] INFO  server.RaftServerConfigKeys (ConfUtils.java:logGet(43)) - raft.server.log.force.sync.num = 128 (default)
2019-11-13 13:02:23,821 [pool-589-thread-1] INFO  server.RaftServerConfigKeys (ConfUtils.java:logGet(43)) - raft.server.log.statemachine.data.sync = true (default)
2019-11-13 13:02:23,821 [pool-589-thread-1] INFO  server.RaftServerConfigKeys (ConfUtils.java:logGet(43)) - raft.server.log.statemachine.data.sync.timeout = 10s (default)
2019-11-13 13:02:23,821 [pool-589-thread-1] INFO  server.RaftServerConfigKeys (ConfUtils.java:logGet(43)) - raft.server.log.statemachine.data.sync.timeout.retry = -1 (default)
2019-11-13 13:02:23,821 [pool-589-thread-1] INFO  server.RaftServerConfigKeys (ConfUtils.java:logGet(43)) - raft.server.log.statemachine.data.caching.enabled = true (custom)
2019-11-13 13:02:23,822 [pool-589-thread-1] INFO  segmented.SegmentedRaftLogWorker (SegmentedRaftLogWorker.java:lambda$new$0(128)) - a7629fe5-c619-4c28-bdfc-63292747e9b9@group-C8E79842948D-SegmentedRaftLogWorker: flushIndex: setUnconditionally 0 -> -1
2019-11-13 13:02:23,822 [pool-589-thread-1] INFO  server.RaftServerConfigKeys (ConfUtils.java:logGet(43)) - raft.server.snapshot.auto.trigger.enabled = true (custom)
2019-11-13 13:02:23,822 [pool-589-thread-1] INFO  server.RaftServerConfigKeys (ConfUtils.java:logGet(43)) - raft.server.snapshot.auto.trigger.threshold = 10000 (custom)
2019-11-13 13:02:23,822 [pool-589-thread-1] INFO  server.RaftServerConfigKeys (ConfUtils.java:logGet(43)) - raft.server.snapshot.retention.file.num = 5 (custom)
2019-11-13 13:02:23,822 [pool-589-thread-1] INFO  server.RaftServerConfigKeys (ConfUtils.java:logGet(43)) - raft.server.retrycache.expirytime = 600000ms (custom)
2019-11-13 13:02:23,823 [pool-589-thread-1] WARN  impl.MetricRegistriesImpl (MetricRegistriesImpl.java:lambda$create$1(61)) - First MetricRegistry has been created without registering reporters. You may need to call MetricRegistries.global().addReportRegistration(...) before.
2019-11-13 13:02:23,823 [pool-589-thread-1] WARN  impl.MetricRegistriesImpl (MetricRegistriesImpl.java:lambda$create$1(61)) - First MetricRegistry has been created without registering reporters. You may need to call MetricRegistries.global().addReportRegistration(...) before.
2019-11-13 13:02:23,823 [pool-589-thread-1] INFO  impl.RaftServerImpl (RaftServerImpl.java:start(184)) - a7629fe5-c619-4c28-bdfc-63292747e9b9@group-C8E79842948D: start as a follower, conf=-1: [a7629fe5-c619-4c28-bdfc-63292747e9b9:192.168.157.200:36140], old=null
2019-11-13 13:02:23,823 [pool-589-thread-1] INFO  impl.RaftServerImpl (RaftServerImpl.java:setRole(173)) - a7629fe5-c619-4c28-bdfc-63292747e9b9@group-C8E79842948D: changes role from      null to FOLLOWER at term 0 for startAsFollower
2019-11-13 13:02:23,823 [pool-589-thread-1] INFO  impl.RoleInfo (RoleInfo.java:updateAndGet(143)) - a7629fe5-c619-4c28-bdfc-63292747e9b9: start FollowerState
2019-11-13 13:02:23,824 [pool-589-thread-1] INFO  util.JmxRegister (JmxRegister.java:tryRegister(44)) - Successfully registered JMX Bean with object name Ratis:service=RaftServer,group=group-C8E79842948D,id=a7629fe5-c619-4c28-bdfc-63292747e9b9
2019-11-13 13:02:23,824 [pool-589-thread-1] WARN  impl.MetricRegistriesImpl (MetricRegistriesImpl.java:lambda$create$1(61)) - First MetricRegistry has been created without registering reporters. You may need to call MetricRegistries.global().addReportRegistration(...) before.
2019-11-13 13:02:23,826 [RatisPipelineUtilsThread] INFO  pipeline.PipelineStateManager (PipelineStateManager.java:addPipeline(55)) - Created pipeline Pipeline[ Id: d43dba6e-e14a-4e03-9a39-c8e79842948d, Nodes: a7629fe5-c619-4c28-bdfc-63292747e9b9{ip: 192.168.157.200, host: pr-hdds-2452-7vw7s-1330541530, networkLocation: /rack1, certSerialId: null}, Type:RATIS, Factor:ONE, State:ALLOCATED]
2019-11-13 13:02:23,834 [grpc-default-executor-6] INFO  impl.RaftServerProxy (RaftServerProxy.java:addNew(89)) - 318b4bc4-2a6a-4055-b801-3341d5814353: addNew group-EBACD4F54DEB:[318b4bc4-2a6a-4055-b801-3341d5814353:192.168.157.200:34345] returns group-EBACD4F54DEB:java.util.concurrent.CompletableFuture@5c46293d[Not completed]
2019-11-13 13:02:23,835 [pool-599-thread-1] INFO  impl.RaftServerImpl (RaftServerImpl.java:<init>(98)) - 318b4bc4-2a6a-4055-b801-3341d5814353: new RaftServerImpl for group-EBACD4F54DEB:[318b4bc4-2a6a-4055-b801-3341d5814353:192.168.157.200:34345] with ContainerStateMachine:uninitialized
2019-11-13 13:02:23,836 [pool-599-thread-1] INFO  server.RaftServerConfigKeys (ConfUtils.java:logGet(43)) - raft.server.rpc.timeout.min = 1s (custom)
2019-11-13 13:02:23,836 [pool-599-thread-1] INFO  server.RaftServerConfigKeys (ConfUtils.java:logGet(43)) - raft.server.rpc.timeout.max = 1200ms (custom)
2019-11-13 13:02:23,836 [pool-599-thread-1] INFO  server.RaftServerConfigKeys (ConfUtils.java:logGet(43)) - raft.server.rpcslowness.timeout = 120s (custom)
2019-11-13 13:02:23,836 [pool-599-thread-1] INFO  server.RaftServerConfigKeys (ConfUtils.java:logGet(43)) - raft.server.sleep.deviation.threshold = 300 (default)
2019-11-13 13:02:23,836 [pool-599-thread-1] INFO  server.RaftServerConfigKeys (ConfUtils.java:logGet(43)) - raft.server.log.appender.install.snapshot.enabled = false (custom)
2019-11-13 13:02:23,836 [pool-599-thread-1] INFO  impl.RaftServerImpl (ServerState.java:<init>(103)) - 318b4bc4-2a6a-4055-b801-3341d5814353@group-EBACD4F54DEB: ConfigurationManager, init=-1: [318b4bc4-2a6a-4055-b801-3341d5814353:192.168.157.200:34345], old=null, confs=<EMPTY_MAP>
2019-11-13 13:02:23,836 [pool-599-thread-1] INFO  server.RaftServerConfigKeys (ConfUtils.java:logGet(43)) - raft.server.storage.dir = [/workdir/hadoop-ozone/integration-test/target/test-dir/MiniOzoneClusterImpl-90e8aeb1-2975-47c6-9bba-faf27de7fb8c/datanode-9/data/ratis] (custom)
2019-11-13 13:02:23,837 [pool-599-thread-1] INFO  server.RaftServerConfigKeys (ConfUtils.java:logGet(43)) - raft.server.log.corruption.policy = EXCEPTION (default)
2019-11-13 13:02:23,837 [pool-599-thread-1] INFO  storage.RaftStorageDirectory (RaftStorageDirectory.java:analyzeStorage(246)) - The storage directory /workdir/hadoop-ozone/integration-test/target/test-dir/MiniOzoneClusterImpl-90e8aeb1-2975-47c6-9bba-faf27de7fb8c/datanode-9/data/ratis/2b2b0d17-b559-42df-b09c-ebacd4f54deb does not exist. Creating ...
2019-11-13 13:02:23,861 [pool-599-thread-1] INFO  storage.RaftStorageDirectory (RaftStorageDirectory.java:tryLock(328)) - Lock on /workdir/hadoop-ozone/integration-test/target/test-dir/MiniOzoneClusterImpl-90e8aeb1-2975-47c6-9bba-faf27de7fb8c/datanode-9/data/ratis/2b2b0d17-b559-42df-b09c-ebacd4f54deb/in_use.lock acquired by nodename 10766@pr-hdds-2452-7vw7s-1330541530
2019-11-13 13:02:23,886 [pool-599-thread-1] INFO  storage.RaftStorage (RaftStorage.java:format(84)) - Storage directory /workdir/hadoop-ozone/integration-test/target/test-dir/MiniOzoneClusterImpl-90e8aeb1-2975-47c6-9bba-faf27de7fb8c/datanode-9/data/ratis/2b2b0d17-b559-42df-b09c-ebacd4f54deb has been successfully formatted.
2019-11-13 13:02:23,886 [pool-599-thread-1] INFO  ratis.ContainerStateMachine (ContainerStateMachine.java:loadSnapshot(223)) - group-EBACD4F54DEB: The snapshot info is null. Setting the last applied indexto:(t:0, i:~)
2019-11-13 13:02:23,887 [pool-599-thread-1] INFO  server.RaftServerConfigKeys (ConfUtils.java:logGet(43)) - raft.server.notification.no-leader.timeout = 120s (custom)
2019-11-13 13:02:23,887 [pool-599-thread-1] INFO  server.RaftServerConfigKeys (ConfUtils.java:logGet(43)) - raft.server.log.use.memory = false (default)
2019-11-13 13:02:23,887 [pool-599-thread-1] INFO  server.RaftServerConfigKeys (ConfUtils.java:logGet(43)) - raft.server.log.purge.gap = 1000000 (custom)
2019-11-13 13:02:23,887 [pool-599-thread-1] INFO  server.RaftServerConfigKeys (ConfUtils.java:logGet(43)) - raft.server.log.appender.buffer.byte-limit = 33554432 (custom)
2019-11-13 13:02:23,887 [pool-599-thread-1] INFO  server.RaftServerConfigKeys (ConfUtils.java:logGet(43)) - raft.server.log.segment.size.max = 1048576 (custom)
2019-11-13 13:02:23,887 [pool-599-thread-1] WARN  impl.MetricRegistriesImpl (MetricRegistriesImpl.java:lambda$create$1(61)) - First MetricRegistry has been created without registering reporters. You may need to call MetricRegistries.global().addReportRegistration(...) before.
2019-11-13 13:02:23,887 [pool-599-thread-1] INFO  server.RaftServerConfigKeys (ConfUtils.java:logGet(43)) - raft.server.log.segment.cache.num.max = 2 (custom)
2019-11-13 13:02:23,888 [pool-599-thread-1] INFO  segmented.SegmentedRaftLogWorker (SegmentedRaftLogWorker.java:<init>(173)) - new 318b4bc4-2a6a-4055-b801-3341d5814353@group-EBACD4F54DEB-SegmentedRaftLogWorker for RaftStorage:Storage Directory /workdir/hadoop-ozone/integration-test/target/test-dir/MiniOzoneClusterImpl-90e8aeb1-2975-47c6-9bba-faf27de7fb8c/datanode-9/data/ratis/2b2b0d17-b559-42df-b09c-ebacd4f54deb
2019-11-13 13:02:23,888 [pool-599-thread-1] INFO  server.RaftServerConfigKeys (ConfUtils.java:logGet(43)) - raft.server.log.queue.byte-limit = 2147483647 (custom)
2019-11-13 13:02:23,888 [pool-599-thread-1] INFO  server.RaftServerConfigKeys (ConfUtils.java:logGet(43)) - raft.server.log.queue.element-limit = 1024 (custom)
2019-11-13 13:02:23,888 [pool-599-thread-1] INFO  server.RaftServerConfigKeys (ConfUtils.java:logGet(43)) - raft.server.log.segment.size.max = 1048576 (custom)
2019-11-13 13:02:23,888 [pool-599-thread-1] INFO  server.RaftServerConfigKeys (ConfUtils.java:logGet(43)) - raft.server.log.preallocated.size = 16384 (custom)
2019-11-13 13:02:23,888 [pool-599-thread-1] INFO  server.RaftServerConfigKeys (ConfUtils.java:logGet(43)) - raft.server.log.write.buffer.size = 33554432 (custom)
2019-11-13 13:02:23,888 [pool-599-thread-1] INFO  server.RaftServerConfigKeys (ConfUtils.java:logGet(43)) - raft.server.log.force.sync.num = 128 (default)
2019-11-13 13:02:23,888 [pool-599-thread-1] INFO  server.RaftServerConfigKeys (ConfUtils.java:logGet(43)) - raft.server.log.statemachine.data.sync = true (default)
2019-11-13 13:02:23,889 [pool-599-thread-1] INFO  server.RaftServerConfigKeys (ConfUtils.java:logGet(43)) - raft.server.log.statemachine.data.sync.timeout = 10s (default)
2019-11-13 13:02:23,889 [pool-599-thread-1] INFO  server.RaftServerConfigKeys (ConfUtils.java:logGet(43)) - raft.server.log.statemachine.data.sync.timeout.retry = -1 (default)
2019-11-13 13:02:23,889 [pool-599-thread-1] INFO  server.RaftServerConfigKeys (ConfUtils.java:logGet(43)) - raft.server.log.statemachine.data.caching.enabled = true (custom)
2019-11-13 13:02:23,889 [pool-599-thread-1] INFO  segmented.SegmentedRaftLogWorker (SegmentedRaftLogWorker.java:lambda$new$0(128)) - 318b4bc4-2a6a-4055-b801-3341d5814353@group-EBACD4F54DEB-SegmentedRaftLogWorker: flushIndex: setUnconditionally 0 -> -1
2019-11-13 13:02:23,890 [pool-599-thread-1] INFO  server.RaftServerConfigKeys (ConfUtils.java:logGet(43)) - raft.server.snapshot.auto.trigger.enabled = true (custom)
2019-11-13 13:02:23,890 [pool-599-thread-1] INFO  server.RaftServerConfigKeys (ConfUtils.java:logGet(43)) - raft.server.snapshot.auto.trigger.threshold = 10000 (custom)
2019-11-13 13:02:23,890 [pool-599-thread-1] INFO  server.RaftServerConfigKeys (ConfUtils.java:logGet(43)) - raft.server.snapshot.retention.file.num = 5 (custom)
2019-11-13 13:02:23,890 [pool-599-thread-1] INFO  server.RaftServerConfigKeys (ConfUtils.java:logGet(43)) - raft.server.retrycache.expirytime = 600000ms (custom)
2019-11-13 13:02:23,890 [pool-599-thread-1] WARN  impl.MetricRegistriesImpl (MetricRegistriesImpl.java:lambda$create$1(61)) - First MetricRegistry has been created without registering reporters. You may need to call MetricRegistries.global().addReportRegistration(...) before.
2019-11-13 13:02:23,890 [pool-599-thread-1] WARN  impl.MetricRegistriesImpl (MetricRegistriesImpl.java:lambda$create$1(61)) - First MetricRegistry has been created without registering reporters. You may need to call MetricRegistries.global().addReportRegistration(...) before.
2019-11-13 13:02:23,890 [pool-599-thread-1] INFO  impl.RaftServerImpl (RaftServerImpl.java:start(184)) - 318b4bc4-2a6a-4055-b801-3341d5814353@group-EBACD4F54DEB: start as a follower, conf=-1: [318b4bc4-2a6a-4055-b801-3341d5814353:192.168.157.200:34345], old=null
2019-11-13 13:02:23,891 [pool-599-thread-1] INFO  impl.RaftServerImpl (RaftServerImpl.java:setRole(173)) - 318b4bc4-2a6a-4055-b801-3341d5814353@group-EBACD4F54DEB: changes role from      null to FOLLOWER at term 0 for startAsFollower
2019-11-13 13:02:23,891 [pool-599-thread-1] INFO  impl.RoleInfo (RoleInfo.java:updateAndGet(143)) - 318b4bc4-2a6a-4055-b801-3341d5814353: start FollowerState
2019-11-13 13:02:23,891 [pool-599-thread-1] INFO  util.JmxRegister (JmxRegister.java:tryRegister(44)) - Successfully registered JMX Bean with object name Ratis:service=RaftServer,group=group-EBACD4F54DEB,id=318b4bc4-2a6a-4055-b801-3341d5814353
2019-11-13 13:02:23,891 [pool-599-thread-1] WARN  impl.MetricRegistriesImpl (MetricRegistriesImpl.java:lambda$create$1(61)) - First MetricRegistry has been created without registering reporters. You may need to call MetricRegistries.global().addReportRegistration(...) before.
2019-11-13 13:02:23,894 [RatisPipelineUtilsThread] INFO  pipeline.PipelineStateManager (PipelineStateManager.java:addPipeline(55)) - Created pipeline Pipeline[ Id: 2b2b0d17-b559-42df-b09c-ebacd4f54deb, Nodes: 318b4bc4-2a6a-4055-b801-3341d5814353{ip: 192.168.157.200, host: pr-hdds-2452-7vw7s-1330541530, networkLocation: /rack1, certSerialId: null}, Type:RATIS, Factor:ONE, State:ALLOCATED]
2019-11-13 13:02:23,902 [grpc-default-executor-9] INFO  impl.RaftServerProxy (RaftServerProxy.java:addNew(89)) - 1a33519a-3def-4d79-b3e5-c4d8286dc86e: addNew group-AE869CC21C20:[1a33519a-3def-4d79-b3e5-c4d8286dc86e:192.168.157.200:40699, 3d7387af-ecb5-4c7d-b20b-5fe48849adda:192.168.157.200:37245, 318b4bc4-2a6a-4055-b801-3341d5814353:192.168.157.200:34345] returns group-AE869CC21C20:java.util.concurrent.CompletableFuture@3861c1b3[Not completed]
2019-11-13 13:02:23,902 [grpc-default-executor-10] INFO  impl.RaftServerProxy (RaftServerProxy.java:addNew(89)) - 318b4bc4-2a6a-4055-b801-3341d5814353: addNew group-AE869CC21C20:[1a33519a-3def-4d79-b3e5-c4d8286dc86e:192.168.157.200:40699, 3d7387af-ecb5-4c7d-b20b-5fe48849adda:192.168.157.200:37245, 318b4bc4-2a6a-4055-b801-3341d5814353:192.168.157.200:34345] returns group-AE869CC21C20:java.util.concurrent.CompletableFuture@194d3dbb[Not completed]
2019-11-13 13:02:23,902 [grpc-default-executor-6] INFO  impl.RaftServerProxy (RaftServerProxy.java:addNew(89)) - 3d7387af-ecb5-4c7d-b20b-5fe48849adda: addNew group-AE869CC21C20:[1a33519a-3def-4d79-b3e5-c4d8286dc86e:192.168.157.200:40699, 3d7387af-ecb5-4c7d-b20b-5fe48849adda:192.168.157.200:37245, 318b4bc4-2a6a-4055-b801-3341d5814353:192.168.157.200:34345] returns group-AE869CC21C20:java.util.concurrent.CompletableFuture@4804474c[Not completed]
2019-11-13 13:02:23,904 [pool-549-thread-1] INFO  impl.RaftServerImpl (RaftServerImpl.java:<init>(98)) - 1a33519a-3def-4d79-b3e5-c4d8286dc86e: new RaftServerImpl for group-AE869CC21C20:[1a33519a-3def-4d79-b3e5-c4d8286dc86e:192.168.157.200:40699, 3d7387af-ecb5-4c7d-b20b-5fe48849adda:192.168.157.200:37245, 318b4bc4-2a6a-4055-b801-3341d5814353:192.168.157.200:34345] with ContainerStateMachine:uninitialized
2019-11-13 13:02:23,904 [pool-549-thread-1] INFO  server.RaftServerConfigKeys (ConfUtils.java:logGet(43)) - raft.server.rpc.timeout.min = 1s (custom)
2019-11-13 13:02:23,904 [pool-549-thread-1] INFO  server.RaftServerConfigKeys (ConfUtils.java:logGet(43)) - raft.server.rpc.timeout.max = 1200ms (custom)
2019-11-13 13:02:23,904 [pool-549-thread-1] INFO  server.RaftServerConfigKeys (ConfUtils.java:logGet(43)) - raft.server.rpcslowness.timeout = 120s (custom)
2019-11-13 13:02:23,904 [pool-549-thread-1] INFO  server.RaftServerConfigKeys (ConfUtils.java:logGet(43)) - raft.server.sleep.deviation.threshold = 300 (default)
2019-11-13 13:02:23,905 [pool-549-thread-1] INFO  server.RaftServerConfigKeys (ConfUtils.java:logGet(43)) - raft.server.log.appender.install.snapshot.enabled = false (custom)
2019-11-13 13:02:23,905 [pool-579-thread-1] INFO  impl.RaftServerImpl (RaftServerImpl.java:<init>(98)) - 3d7387af-ecb5-4c7d-b20b-5fe48849adda: new RaftServerImpl for group-AE869CC21C20:[1a33519a-3def-4d79-b3e5-c4d8286dc86e:192.168.157.200:40699, 3d7387af-ecb5-4c7d-b20b-5fe48849adda:192.168.157.200:37245, 318b4bc4-2a6a-4055-b801-3341d5814353:192.168.157.200:34345] with ContainerStateMachine:uninitialized
2019-11-13 13:02:23,905 [pool-549-thread-1] INFO  impl.RaftServerImpl (ServerState.java:<init>(103)) - 1a33519a-3def-4d79-b3e5-c4d8286dc86e@group-AE869CC21C20: ConfigurationManager, init=-1: [1a33519a-3def-4d79-b3e5-c4d8286dc86e:192.168.157.200:40699, 3d7387af-ecb5-4c7d-b20b-5fe48849adda:192.168.157.200:37245, 318b4bc4-2a6a-4055-b801-3341d5814353:192.168.157.200:34345], old=null, confs=<EMPTY_MAP>
2019-11-13 13:02:23,905 [pool-579-thread-1] INFO  server.RaftServerConfigKeys (ConfUtils.java:logGet(43)) - raft.server.rpc.timeout.min = 1s (custom)
2019-11-13 13:02:23,905 [pool-579-thread-1] INFO  server.RaftServerConfigKeys (ConfUtils.java:logGet(43)) - raft.server.rpc.timeout.max = 1200ms (custom)
2019-11-13 13:02:23,905 [pool-549-thread-1] INFO  server.RaftServerConfigKeys (ConfUtils.java:logGet(43)) - raft.server.storage.dir = [/workdir/hadoop-ozone/integration-test/target/test-dir/MiniOzoneClusterImpl-90e8aeb1-2975-47c6-9bba-faf27de7fb8c/datanode-4/data/ratis] (custom)
2019-11-13 13:02:23,905 [pool-579-thread-1] INFO  server.RaftServerConfigKeys (ConfUtils.java:logGet(43)) - raft.server.rpcslowness.timeout = 120s (custom)
2019-11-13 13:02:23,905 [pool-579-thread-1] INFO  server.RaftServerConfigKeys (ConfUtils.java:logGet(43)) - raft.server.sleep.deviation.threshold = 300 (default)
2019-11-13 13:02:23,905 [pool-599-thread-1] INFO  impl.RaftServerImpl (RaftServerImpl.java:<init>(98)) - 318b4bc4-2a6a-4055-b801-3341d5814353: new RaftServerImpl for group-AE869CC21C20:[1a33519a-3def-4d79-b3e5-c4d8286dc86e:192.168.157.200:40699, 3d7387af-ecb5-4c7d-b20b-5fe48849adda:192.168.157.200:37245, 318b4bc4-2a6a-4055-b801-3341d5814353:192.168.157.200:34345] with ContainerStateMachine:uninitialized
2019-11-13 13:02:23,905 [pool-549-thread-1] INFO  server.RaftServerConfigKeys (ConfUtils.java:logGet(43)) - raft.server.log.corruption.policy = EXCEPTION (default)
2019-11-13 13:02:23,905 [pool-579-thread-1] INFO  server.RaftServerConfigKeys (ConfUtils.java:logGet(43)) - raft.server.log.appender.install.snapshot.enabled = false (custom)
2019-11-13 13:02:23,905 [pool-599-thread-1] INFO  server.RaftServerConfigKeys (ConfUtils.java:logGet(43)) - raft.server.rpc.timeout.min = 1s (custom)
2019-11-13 13:02:23,906 [pool-579-thread-1] INFO  impl.RaftServerImpl (ServerState.java:<init>(103)) - 3d7387af-ecb5-4c7d-b20b-5fe48849adda@group-AE869CC21C20: ConfigurationManager, init=-1: [1a33519a-3def-4d79-b3e5-c4d8286dc86e:192.168.157.200:40699, 3d7387af-ecb5-4c7d-b20b-5fe48849adda:192.168.157.200:37245, 318b4bc4-2a6a-4055-b801-3341d5814353:192.168.157.200:34345], old=null, confs=<EMPTY_MAP>
2019-11-13 13:02:23,906 [pool-549-thread-1] INFO  storage.RaftStorageDirectory (RaftStorageDirectory.java:analyzeStorage(246)) - The storage directory /workdir/hadoop-ozone/integration-test/target/test-dir/MiniOzoneClusterImpl-90e8aeb1-2975-47c6-9bba-faf27de7fb8c/datanode-4/data/ratis/c37eaf34-4b27-4573-b999-ae869cc21c20 does not exist. Creating ...
2019-11-13 13:02:23,906 [pool-579-thread-1] INFO  server.RaftServerConfigKeys (ConfUtils.java:logGet(43)) - raft.server.storage.dir = [/workdir/hadoop-ozone/integration-test/target/test-dir/MiniOzoneClusterImpl-90e8aeb1-2975-47c6-9bba-faf27de7fb8c/datanode-7/data/ratis] (custom)
2019-11-13 13:02:23,906 [pool-599-thread-1] INFO  server.RaftServerConfigKeys (ConfUtils.java:logGet(43)) - raft.server.rpc.timeout.max = 1200ms (custom)
2019-11-13 13:02:23,906 [pool-599-thread-1] INFO  server.RaftServerConfigKeys (ConfUtils.java:logGet(43)) - raft.server.rpcslowness.timeout = 120s (custom)
2019-11-13 13:02:23,906 [pool-579-thread-1] INFO  server.RaftServerConfigKeys (ConfUtils.java:logGet(43)) - raft.server.log.corruption.policy = EXCEPTION (default)
2019-11-13 13:02:23,906 [pool-599-thread-1] INFO  server.RaftServerConfigKeys (ConfUtils.java:logGet(43)) - raft.server.sleep.deviation.threshold = 300 (default)
2019-11-13 13:02:23,906 [pool-579-thread-1] INFO  storage.RaftStorageDirectory (RaftStorageDirectory.java:analyzeStorage(246)) - The storage directory /workdir/hadoop-ozone/integration-test/target/test-dir/MiniOzoneClusterImpl-90e8aeb1-2975-47c6-9bba-faf27de7fb8c/datanode-7/data/ratis/c37eaf34-4b27-4573-b999-ae869cc21c20 does not exist. Creating ...
2019-11-13 13:02:23,906 [pool-599-thread-1] INFO  server.RaftServerConfigKeys (ConfUtils.java:logGet(43)) - raft.server.log.appender.install.snapshot.enabled = false (custom)
2019-11-13 13:02:23,907 [pool-599-thread-1] INFO  impl.RaftServerImpl (ServerState.java:<init>(103)) - 318b4bc4-2a6a-4055-b801-3341d5814353@group-AE869CC21C20: ConfigurationManager, init=-1: [1a33519a-3def-4d79-b3e5-c4d8286dc86e:192.168.157.200:40699, 3d7387af-ecb5-4c7d-b20b-5fe48849adda:192.168.157.200:37245, 318b4bc4-2a6a-4055-b801-3341d5814353:192.168.157.200:34345], old=null, confs=<EMPTY_MAP>
2019-11-13 13:02:23,907 [pool-599-thread-1] INFO  server.RaftServerConfigKeys (ConfUtils.java:logGet(43)) - raft.server.storage.dir = [/workdir/hadoop-ozone/integration-test/target/test-dir/MiniOzoneClusterImpl-90e8aeb1-2975-47c6-9bba-faf27de7fb8c/datanode-9/data/ratis] (custom)
2019-11-13 13:02:23,907 [pool-599-thread-1] INFO  server.RaftServerConfigKeys (ConfUtils.java:logGet(43)) - raft.server.log.corruption.policy = EXCEPTION (default)
2019-11-13 13:02:23,907 [pool-599-thread-1] INFO  storage.RaftStorageDirectory (RaftStorageDirectory.java:analyzeStorage(246)) - The storage directory /workdir/hadoop-ozone/integration-test/target/test-dir/MiniOzoneClusterImpl-90e8aeb1-2975-47c6-9bba-faf27de7fb8c/datanode-9/data/ratis/c37eaf34-4b27-4573-b999-ae869cc21c20 does not exist. Creating ...
2019-11-13 13:02:23,929 [pool-599-thread-1] INFO  storage.RaftStorageDirectory (RaftStorageDirectory.java:tryLock(328)) - Lock on /workdir/hadoop-ozone/integration-test/target/test-dir/MiniOzoneClusterImpl-90e8aeb1-2975-47c6-9bba-faf27de7fb8c/datanode-9/data/ratis/c37eaf34-4b27-4573-b999-ae869cc21c20/in_use.lock acquired by nodename 10766@pr-hdds-2452-7vw7s-1330541530
2019-11-13 13:02:23,929 [pool-579-thread-1] INFO  storage.RaftStorageDirectory (RaftStorageDirectory.java:tryLock(328)) - Lock on /workdir/hadoop-ozone/integration-test/target/test-dir/MiniOzoneClusterImpl-90e8aeb1-2975-47c6-9bba-faf27de7fb8c/datanode-7/data/ratis/c37eaf34-4b27-4573-b999-ae869cc21c20/in_use.lock acquired by nodename 10766@pr-hdds-2452-7vw7s-1330541530
2019-11-13 13:02:23,929 [pool-549-thread-1] INFO  storage.RaftStorageDirectory (RaftStorageDirectory.java:tryLock(328)) - Lock on /workdir/hadoop-ozone/integration-test/target/test-dir/MiniOzoneClusterImpl-90e8aeb1-2975-47c6-9bba-faf27de7fb8c/datanode-4/data/ratis/c37eaf34-4b27-4573-b999-ae869cc21c20/in_use.lock acquired by nodename 10766@pr-hdds-2452-7vw7s-1330541530
2019-11-13 13:02:23,955 [pool-549-thread-1] INFO  storage.RaftStorage (RaftStorage.java:format(84)) - Storage directory /workdir/hadoop-ozone/integration-test/target/test-dir/MiniOzoneClusterImpl-90e8aeb1-2975-47c6-9bba-faf27de7fb8c/datanode-4/data/ratis/c37eaf34-4b27-4573-b999-ae869cc21c20 has been successfully formatted.
2019-11-13 13:02:23,955 [pool-599-thread-1] INFO  storage.RaftStorage (RaftStorage.java:format(84)) - Storage directory /workdir/hadoop-ozone/integration-test/target/test-dir/MiniOzoneClusterImpl-90e8aeb1-2975-47c6-9bba-faf27de7fb8c/datanode-9/data/ratis/c37eaf34-4b27-4573-b999-ae869cc21c20 has been successfully formatted.
2019-11-13 13:02:23,955 [pool-579-thread-1] INFO  storage.RaftStorage (RaftStorage.java:format(84)) - Storage directory /workdir/hadoop-ozone/integration-test/target/test-dir/MiniOzoneClusterImpl-90e8aeb1-2975-47c6-9bba-faf27de7fb8c/datanode-7/data/ratis/c37eaf34-4b27-4573-b999-ae869cc21c20 has been successfully formatted.
2019-11-13 13:02:23,955 [pool-549-thread-1] INFO  ratis.ContainerStateMachine (ContainerStateMachine.java:loadSnapshot(223)) - group-AE869CC21C20: The snapshot info is null. Setting the last applied indexto:(t:0, i:~)
2019-11-13 13:02:23,955 [pool-579-thread-1] INFO  ratis.ContainerStateMachine (ContainerStateMachine.java:loadSnapshot(223)) - group-AE869CC21C20: The snapshot info is null. Setting the last applied indexto:(t:0, i:~)
2019-11-13 13:02:23,955 [pool-599-thread-1] INFO  ratis.ContainerStateMachine (ContainerStateMachine.java:loadSnapshot(223)) - group-AE869CC21C20: The snapshot info is null. Setting the last applied indexto:(t:0, i:~)
2019-11-13 13:02:23,955 [pool-579-thread-1] INFO  server.RaftServerConfigKeys (ConfUtils.java:logGet(43)) - raft.server.notification.no-leader.timeout = 120s (custom)
2019-11-13 13:02:23,956 [pool-579-thread-1] INFO  server.RaftServerConfigKeys (ConfUtils.java:logGet(43)) - raft.server.log.use.memory = false (default)
2019-11-13 13:02:23,955 [pool-549-thread-1] INFO  server.RaftServerConfigKeys (ConfUtils.java:logGet(43)) - raft.server.notification.no-leader.timeout = 120s (custom)
2019-11-13 13:02:23,956 [pool-579-thread-1] INFO  server.RaftServerConfigKeys (ConfUtils.java:logGet(43)) - raft.server.log.purge.gap = 1000000 (custom)
2019-11-13 13:02:23,955 [pool-599-thread-1] INFO  server.RaftServerConfigKeys (ConfUtils.java:logGet(43)) - raft.server.notification.no-leader.timeout = 120s (custom)
2019-11-13 13:02:23,956 [pool-579-thread-1] INFO  server.RaftServerConfigKeys (ConfUtils.java:logGet(43)) - raft.server.log.appender.buffer.byte-limit = 33554432 (custom)
2019-11-13 13:02:23,956 [pool-579-thread-1] INFO  server.RaftServerConfigKeys (ConfUtils.java:logGet(43)) - raft.server.log.segment.size.max = 1048576 (custom)
2019-11-13 13:02:23,956 [pool-549-thread-1] INFO  server.RaftServerConfigKeys (ConfUtils.java:logGet(43)) - raft.server.log.use.memory = false (default)
2019-11-13 13:02:23,956 [pool-579-thread-1] INFO  server.RaftServerConfigKeys (ConfUtils.java:logGet(43)) - raft.server.log.segment.cache.num.max = 2 (custom)
2019-11-13 13:02:23,956 [pool-599-thread-1] INFO  server.RaftServerConfigKeys (ConfUtils.java:logGet(43)) - raft.server.log.use.memory = false (default)
2019-11-13 13:02:23,957 [pool-579-thread-1] INFO  segmented.SegmentedRaftLogWorker (SegmentedRaftLogWorker.java:<init>(173)) - new 3d7387af-ecb5-4c7d-b20b-5fe48849adda@group-AE869CC21C20-SegmentedRaftLogWorker for RaftStorage:Storage Directory /workdir/hadoop-ozone/integration-test/target/test-dir/MiniOzoneClusterImpl-90e8aeb1-2975-47c6-9bba-faf27de7fb8c/datanode-7/data/ratis/c37eaf34-4b27-4573-b999-ae869cc21c20
2019-11-13 13:02:23,956 [pool-549-thread-1] INFO  server.RaftServerConfigKeys (ConfUtils.java:logGet(43)) - raft.server.log.purge.gap = 1000000 (custom)
2019-11-13 13:02:23,957 [pool-579-thread-1] INFO  server.RaftServerConfigKeys (ConfUtils.java:logGet(43)) - raft.server.log.queue.byte-limit = 2147483647 (custom)
2019-11-13 13:02:23,957 [pool-599-thread-1] INFO  server.RaftServerConfigKeys (ConfUtils.java:logGet(43)) - raft.server.log.purge.gap = 1000000 (custom)
2019-11-13 13:02:23,957 [pool-579-thread-1] INFO  server.RaftServerConfigKeys (ConfUtils.java:logGet(43)) - raft.server.log.queue.element-limit = 1024 (custom)
2019-11-13 13:02:23,957 [pool-549-thread-1] INFO  server.RaftServerConfigKeys (ConfUtils.java:logGet(43)) - raft.server.log.appender.buffer.byte-limit = 33554432 (custom)
2019-11-13 13:02:23,957 [pool-579-thread-1] INFO  server.RaftServerConfigKeys (ConfUtils.java:logGet(43)) - raft.server.log.segment.size.max = 1048576 (custom)
2019-11-13 13:02:23,957 [pool-599-thread-1] INFO  server.RaftServerConfigKeys (ConfUtils.java:logGet(43)) - raft.server.log.appender.buffer.byte-limit = 33554432 (custom)
2019-11-13 13:02:23,957 [pool-579-thread-1] INFO  server.RaftServerConfigKeys (ConfUtils.java:logGet(43)) - raft.server.log.preallocated.size = 16384 (custom)
2019-11-13 13:02:23,958 [pool-579-thread-1] INFO  server.RaftServerConfigKeys (ConfUtils.java:logGet(43)) - raft.server.log.write.buffer.size = 33554432 (custom)
2019-11-13 13:02:23,957 [pool-549-thread-1] INFO  server.RaftServerConfigKeys (ConfUtils.java:logGet(43)) - raft.server.log.segment.size.max = 1048576 (custom)
2019-11-13 13:02:23,958 [pool-579-thread-1] INFO  server.RaftServerConfigKeys (ConfUtils.java:logGet(43)) - raft.server.log.force.sync.num = 128 (default)
2019-11-13 13:02:23,958 [pool-599-thread-1] INFO  server.RaftServerConfigKeys (ConfUtils.java:logGet(43)) - raft.server.log.segment.size.max = 1048576 (custom)
2019-11-13 13:02:23,958 [pool-579-thread-1] INFO  server.RaftServerConfigKeys (ConfUtils.java:logGet(43)) - raft.server.log.statemachine.data.sync = true (default)
2019-11-13 13:02:23,958 [pool-549-thread-1] INFO  server.RaftServerConfigKeys (ConfUtils.java:logGet(43)) - raft.server.log.segment.cache.num.max = 2 (custom)
2019-11-13 13:02:23,958 [pool-579-thread-1] INFO  server.RaftServerConfigKeys (ConfUtils.java:logGet(43)) - raft.server.log.statemachine.data.sync.timeout = 10s (default)
2019-11-13 13:02:23,958 [pool-599-thread-1] INFO  server.RaftServerConfigKeys (ConfUtils.java:logGet(43)) - raft.server.log.segment.cache.num.max = 2 (custom)
2019-11-13 13:02:23,958 [pool-579-thread-1] INFO  server.RaftServerConfigKeys (ConfUtils.java:logGet(43)) - raft.server.log.statemachine.data.sync.timeout.retry = -1 (default)
2019-11-13 13:02:23,958 [pool-549-thread-1] INFO  segmented.SegmentedRaftLogWorker (SegmentedRaftLogWorker.java:<init>(173)) - new 1a33519a-3def-4d79-b3e5-c4d8286dc86e@group-AE869CC21C20-SegmentedRaftLogWorker for RaftStorage:Storage Directory /workdir/hadoop-ozone/integration-test/target/test-dir/MiniOzoneClusterImpl-90e8aeb1-2975-47c6-9bba-faf27de7fb8c/datanode-4/data/ratis/c37eaf34-4b27-4573-b999-ae869cc21c20
2019-11-13 13:02:23,959 [pool-579-thread-1] INFO  server.RaftServerConfigKeys (ConfUtils.java:logGet(43)) - raft.server.log.statemachine.data.caching.enabled = true (custom)
2019-11-13 13:02:23,958 [pool-599-thread-1] INFO  segmented.SegmentedRaftLogWorker (SegmentedRaftLogWorker.java:<init>(173)) - new 318b4bc4-2a6a-4055-b801-3341d5814353@group-AE869CC21C20-SegmentedRaftLogWorker for RaftStorage:Storage Directory /workdir/hadoop-ozone/integration-test/target/test-dir/MiniOzoneClusterImpl-90e8aeb1-2975-47c6-9bba-faf27de7fb8c/datanode-9/data/ratis/c37eaf34-4b27-4573-b999-ae869cc21c20
2019-11-13 13:02:23,959 [pool-549-thread-1] INFO  server.RaftServerConfigKeys (ConfUtils.java:logGet(43)) - raft.server.log.queue.byte-limit = 2147483647 (custom)
2019-11-13 13:02:23,959 [pool-579-thread-1] INFO  segmented.SegmentedRaftLogWorker (SegmentedRaftLogWorker.java:lambda$new$0(128)) - 3d7387af-ecb5-4c7d-b20b-5fe48849adda@group-AE869CC21C20-SegmentedRaftLogWorker: flushIndex: setUnconditionally 0 -> -1
2019-11-13 13:02:23,959 [pool-599-thread-1] INFO  server.RaftServerConfigKeys (ConfUtils.java:logGet(43)) - raft.server.log.queue.byte-limit = 2147483647 (custom)
2019-11-13 13:02:23,959 [pool-549-thread-1] INFO  server.RaftServerConfigKeys (ConfUtils.java:logGet(43)) - raft.server.log.queue.element-limit = 1024 (custom)
2019-11-13 13:02:23,959 [pool-579-thread-1] INFO  server.RaftServerConfigKeys (ConfUtils.java:logGet(43)) - raft.server.snapshot.auto.trigger.enabled = true (custom)
2019-11-13 13:02:23,959 [pool-599-thread-1] INFO  server.RaftServerConfigKeys (ConfUtils.java:logGet(43)) - raft.server.log.queue.element-limit = 1024 (custom)
2019-11-13 13:02:23,959 [pool-579-thread-1] INFO  server.RaftServerConfigKeys (ConfUtils.java:logGet(43)) - raft.server.snapshot.auto.trigger.threshold = 10000 (custom)
2019-11-13 13:02:23,960 [pool-579-thread-1] INFO  server.RaftServerConfigKeys (ConfUtils.java:logGet(43)) - raft.server.snapshot.retention.file.num = 5 (custom)
2019-11-13 13:02:23,959 [pool-549-thread-1] INFO  server.RaftServerConfigKeys (ConfUtils.java:logGet(43)) - raft.server.log.segment.size.max = 1048576 (custom)
2019-11-13 13:02:23,960 [pool-579-thread-1] INFO  server.RaftServerConfigKeys (ConfUtils.java:logGet(43)) - raft.server.retrycache.expirytime = 600000ms (custom)
2019-11-13 13:02:23,960 [pool-599-thread-1] INFO  server.RaftServerConfigKeys (ConfUtils.java:logGet(43)) - raft.server.log.segment.size.max = 1048576 (custom)
2019-11-13 13:02:23,960 [pool-579-thread-1] WARN  impl.MetricRegistriesImpl (MetricRegistriesImpl.java:lambda$create$1(61)) - First MetricRegistry has been created without registering reporters. You may need to call MetricRegistries.global().addReportRegistration(...) before.
2019-11-13 13:02:23,960 [pool-549-thread-1] INFO  server.RaftServerConfigKeys (ConfUtils.java:logGet(43)) - raft.server.log.preallocated.size = 16384 (custom)
2019-11-13 13:02:23,960 [pool-579-thread-1] WARN  impl.MetricRegistriesImpl (MetricRegistriesImpl.java:lambda$create$1(61)) - First MetricRegistry has been created without registering reporters. You may need to call MetricRegistries.global().addReportRegistration(...) before.
2019-11-13 13:02:23,960 [pool-599-thread-1] INFO  server.RaftServerConfigKeys (ConfUtils.java:logGet(43)) - raft.server.log.preallocated.size = 16384 (custom)
2019-11-13 13:02:23,960 [pool-579-thread-1] INFO  impl.RaftServerImpl (RaftServerImpl.java:start(184)) - 3d7387af-ecb5-4c7d-b20b-5fe48849adda@group-AE869CC21C20: start as a follower, conf=-1: [1a33519a-3def-4d79-b3e5-c4d8286dc86e:192.168.157.200:40699, 3d7387af-ecb5-4c7d-b20b-5fe48849adda:192.168.157.200:37245, 318b4bc4-2a6a-4055-b801-3341d5814353:192.168.157.200:34345], old=null
2019-11-13 13:02:23,961 [pool-579-thread-1] INFO  impl.RaftServerImpl (RaftServerImpl.java:setRole(173)) - 3d7387af-ecb5-4c7d-b20b-5fe48849adda@group-AE869CC21C20: changes role from      null to FOLLOWER at term 0 for startAsFollower
2019-11-13 13:02:23,960 [pool-549-thread-1] INFO  server.RaftServerConfigKeys (ConfUtils.java:logGet(43)) - raft.server.log.write.buffer.size = 33554432 (custom)
2019-11-13 13:02:23,961 [pool-579-thread-1] INFO  impl.RoleInfo (RoleInfo.java:updateAndGet(143)) - 3d7387af-ecb5-4c7d-b20b-5fe48849adda: start FollowerState
2019-11-13 13:02:23,961 [pool-599-thread-1] INFO  server.RaftServerConfigKeys (ConfUtils.java:logGet(43)) - raft.server.log.write.buffer.size = 33554432 (custom)
2019-11-13 13:02:23,961 [pool-549-thread-1] INFO  server.RaftServerConfigKeys (ConfUtils.java:logGet(43)) - raft.server.log.force.sync.num = 128 (default)
2019-11-13 13:02:23,961 [pool-579-thread-1] INFO  util.JmxRegister (JmxRegister.java:tryRegister(44)) - Successfully registered JMX Bean with object name Ratis:service=RaftServer,group=group-AE869CC21C20,id=3d7387af-ecb5-4c7d-b20b-5fe48849adda
2019-11-13 13:02:23,961 [pool-599-thread-1] INFO  server.RaftServerConfigKeys (ConfUtils.java:logGet(43)) - raft.server.log.force.sync.num = 128 (default)
2019-11-13 13:02:23,961 [pool-579-thread-1] WARN  impl.MetricRegistriesImpl (MetricRegistriesImpl.java:lambda$create$1(61)) - First MetricRegistry has been created without registering reporters. You may need to call MetricRegistries.global().addReportRegistration(...) before.
2019-11-13 13:02:23,961 [pool-549-thread-1] INFO  server.RaftServerConfigKeys (ConfUtils.java:logGet(43)) - raft.server.log.statemachine.data.sync = true (default)
2019-11-13 13:02:23,961 [pool-599-thread-1] INFO  server.RaftServerConfigKeys (ConfUtils.java:logGet(43)) - raft.server.log.statemachine.data.sync = true (default)
2019-11-13 13:02:23,962 [pool-549-thread-1] INFO  server.RaftServerConfigKeys (ConfUtils.java:logGet(43)) - raft.server.log.statemachine.data.sync.timeout = 10s (default)
2019-11-13 13:02:23,962 [pool-599-thread-1] INFO  server.RaftServerConfigKeys (ConfUtils.java:logGet(43)) - raft.server.log.statemachine.data.sync.timeout = 10s (default)
2019-11-13 13:02:23,962 [pool-549-thread-1] INFO  server.RaftServerConfigKeys (ConfUtils.java:logGet(43)) - raft.server.log.statemachine.data.sync.timeout.retry = -1 (default)
2019-11-13 13:02:23,962 [pool-599-thread-1] INFO  server.RaftServerConfigKeys (ConfUtils.java:logGet(43)) - raft.server.log.statemachine.data.sync.timeout.retry = -1 (default)
2019-11-13 13:02:23,962 [pool-549-thread-1] INFO  server.RaftServerConfigKeys (ConfUtils.java:logGet(43)) - raft.server.log.statemachine.data.caching.enabled = true (custom)
2019-11-13 13:02:23,962 [pool-599-thread-1] INFO  server.RaftServerConfigKeys (ConfUtils.java:logGet(43)) - raft.server.log.statemachine.data.caching.enabled = true (custom)
2019-11-13 13:02:23,963 [pool-549-thread-1] INFO  segmented.SegmentedRaftLogWorker (SegmentedRaftLogWorker.java:lambda$new$0(128)) - 1a33519a-3def-4d79-b3e5-c4d8286dc86e@group-AE869CC21C20-SegmentedRaftLogWorker: flushIndex: setUnconditionally 0 -> -1
2019-11-13 13:02:23,963 [pool-599-thread-1] INFO  segmented.SegmentedRaftLogWorker (SegmentedRaftLogWorker.java:lambda$new$0(128)) - 318b4bc4-2a6a-4055-b801-3341d5814353@group-AE869CC21C20-SegmentedRaftLogWorker: flushIndex: setUnconditionally 0 -> -1
2019-11-13 13:02:23,963 [pool-549-thread-1] INFO  server.RaftServerConfigKeys (ConfUtils.java:logGet(43)) - raft.server.snapshot.auto.trigger.enabled = true (custom)
2019-11-13 13:02:23,963 [pool-549-thread-1] INFO  server.RaftServerConfigKeys (ConfUtils.java:logGet(43)) - raft.server.snapshot.auto.trigger.threshold = 10000 (custom)
2019-11-13 13:02:23,963 [pool-599-thread-1] INFO  server.RaftServerConfigKeys (ConfUtils.java:logGet(43)) - raft.server.snapshot.auto.trigger.enabled = true (custom)
2019-11-13 13:02:23,963 [pool-549-thread-1] INFO  server.RaftServerConfigKeys (ConfUtils.java:logGet(43)) - raft.server.snapshot.retention.file.num = 5 (custom)
2019-11-13 13:02:23,963 [pool-599-thread-1] INFO  server.RaftServerConfigKeys (ConfUtils.java:logGet(43)) - raft.server.snapshot.auto.trigger.threshold = 10000 (custom)
2019-11-13 13:02:23,963 [pool-549-thread-1] INFO  server.RaftServerConfigKeys (ConfUtils.java:logGet(43)) - raft.server.retrycache.expirytime = 600000ms (custom)
2019-11-13 13:02:23,963 [pool-599-thread-1] INFO  server.RaftServerConfigKeys (ConfUtils.java:logGet(43)) - raft.server.snapshot.retention.file.num = 5 (custom)
2019-11-13 13:02:23,964 [pool-549-thread-1] WARN  impl.MetricRegistriesImpl (MetricRegistriesImpl.java:lambda$create$1(61)) - First MetricRegistry has been created without registering reporters. You may need to call MetricRegistries.global().addReportRegistration(...) before.
2019-11-13 13:02:23,964 [pool-599-thread-1] INFO  server.RaftServerConfigKeys (ConfUtils.java:logGet(43)) - raft.server.retrycache.expirytime = 600000ms (custom)
2019-11-13 13:02:23,964 [pool-549-thread-1] WARN  impl.MetricRegistriesImpl (MetricRegistriesImpl.java:lambda$create$1(61)) - First MetricRegistry has been created without registering reporters. You may need to call MetricRegistries.global().addReportRegistration(...) before.
2019-11-13 13:02:23,964 [pool-599-thread-1] WARN  impl.MetricRegistriesImpl (MetricRegistriesImpl.java:lambda$create$1(61)) - First MetricRegistry has been created without registering reporters. You may need to call MetricRegistries.global().addReportRegistration(...) before.
2019-11-13 13:02:23,964 [pool-549-thread-1] INFO  impl.RaftServerImpl (RaftServerImpl.java:start(184)) - 1a33519a-3def-4d79-b3e5-c4d8286dc86e@group-AE869CC21C20: start as a follower, conf=-1: [1a33519a-3def-4d79-b3e5-c4d8286dc86e:192.168.157.200:40699, 3d7387af-ecb5-4c7d-b20b-5fe48849adda:192.168.157.200:37245, 318b4bc4-2a6a-4055-b801-3341d5814353:192.168.157.200:34345], old=null
2019-11-13 13:02:23,964 [pool-599-thread-1] WARN  impl.MetricRegistriesImpl (MetricRegistriesImpl.java:lambda$create$1(61)) - First MetricRegistry has been created without registering reporters. You may need to call MetricRegistries.global().addReportRegistration(...) before.
2019-11-13 13:02:23,964 [pool-549-thread-1] INFO  impl.RaftServerImpl (RaftServerImpl.java:setRole(173)) - 1a33519a-3def-4d79-b3e5-c4d8286dc86e@group-AE869CC21C20: changes role from      null to FOLLOWER at term 0 for startAsFollower
2019-11-13 13:02:23,964 [pool-599-thread-1] INFO  impl.RaftServerImpl (RaftServerImpl.java:start(184)) - 318b4bc4-2a6a-4055-b801-3341d5814353@group-AE869CC21C20: start as a follower, conf=-1: [1a33519a-3def-4d79-b3e5-c4d8286dc86e:192.168.157.200:40699, 3d7387af-ecb5-4c7d-b20b-5fe48849adda:192.168.157.200:37245, 318b4bc4-2a6a-4055-b801-3341d5814353:192.168.157.200:34345], old=null
2019-11-13 13:02:23,964 [pool-549-thread-1] INFO  impl.RoleInfo (RoleInfo.java:updateAndGet(143)) - 1a33519a-3def-4d79-b3e5-c4d8286dc86e: start FollowerState
2019-11-13 13:02:23,965 [pool-599-thread-1] INFO  impl.RaftServerImpl (RaftServerImpl.java:setRole(173)) - 318b4bc4-2a6a-4055-b801-3341d5814353@group-AE869CC21C20: changes role from      null to FOLLOWER at term 0 for startAsFollower
2019-11-13 13:02:23,965 [pool-599-thread-1] INFO  impl.RoleInfo (RoleInfo.java:updateAndGet(143)) - 318b4bc4-2a6a-4055-b801-3341d5814353: start FollowerState
2019-11-13 13:02:23,965 [pool-549-thread-1] INFO  util.JmxRegister (JmxRegister.java:tryRegister(44)) - Successfully registered JMX Bean with object name Ratis:service=RaftServer,group=group-AE869CC21C20,id=1a33519a-3def-4d79-b3e5-c4d8286dc86e
2019-11-13 13:02:23,965 [pool-549-thread-1] WARN  impl.MetricRegistriesImpl (MetricRegistriesImpl.java:lambda$create$1(61)) - First MetricRegistry has been created without registering reporters. You may need to call MetricRegistries.global().addReportRegistration(...) before.
2019-11-13 13:02:23,965 [pool-599-thread-1] INFO  util.JmxRegister (JmxRegister.java:tryRegister(44)) - Successfully registered JMX Bean with object name Ratis:service=RaftServer,group=group-AE869CC21C20,id=318b4bc4-2a6a-4055-b801-3341d5814353
2019-11-13 13:02:23,965 [pool-599-thread-1] WARN  impl.MetricRegistriesImpl (MetricRegistriesImpl.java:lambda$create$1(61)) - First MetricRegistry has been created without registering reporters. You may need to call MetricRegistries.global().addReportRegistration(...) before.
2019-11-13 13:02:23,967 [RatisPipelineUtilsThread] INFO  pipeline.PipelineStateManager (PipelineStateManager.java:addPipeline(55)) - Created pipeline Pipeline[ Id: c37eaf34-4b27-4573-b999-ae869cc21c20, Nodes: 1a33519a-3def-4d79-b3e5-c4d8286dc86e{ip: 192.168.157.200, host: pr-hdds-2452-7vw7s-1330541530, networkLocation: /rack1, certSerialId: null}318b4bc4-2a6a-4055-b801-3341d5814353{ip: 192.168.157.200, host: pr-hdds-2452-7vw7s-1330541530, networkLocation: /rack1, certSerialId: null}3d7387af-ecb5-4c7d-b20b-5fe48849adda{ip: 192.168.157.200, host: pr-hdds-2452-7vw7s-1330541530, networkLocation: /rack1, certSerialId: null}, Type:RATIS, Factor:THREE, State:ALLOCATED]
2019-11-13 13:02:23,977 [grpc-default-executor-10] INFO  impl.RaftServerProxy (RaftServerProxy.java:addNew(89)) - 971d177f-fbc5-4c3a-b100-2607610d94ec: addNew group-DDA6E3DC98CF:[8ff9d20a-2236-45f0-8596-c8d53407e80c:192.168.157.200:39500, 7ba291c4-9ee0-417b-844f-44a16c4ba9e2:192.168.157.200:33359, 971d177f-fbc5-4c3a-b100-2607610d94ec:192.168.157.200:33290] returns group-DDA6E3DC98CF:java.util.concurrent.CompletableFuture@57437f79[Not completed]
2019-11-13 13:02:23,977 [grpc-default-executor-6] INFO  impl.RaftServerProxy (RaftServerProxy.java:addNew(89)) - 8ff9d20a-2236-45f0-8596-c8d53407e80c: addNew group-DDA6E3DC98CF:[8ff9d20a-2236-45f0-8596-c8d53407e80c:192.168.157.200:39500, 7ba291c4-9ee0-417b-844f-44a16c4ba9e2:192.168.157.200:33359, 971d177f-fbc5-4c3a-b100-2607610d94ec:192.168.157.200:33290] returns group-DDA6E3DC98CF:java.util.concurrent.CompletableFuture@37a74770[Not completed]
2019-11-13 13:02:23,977 [grpc-default-executor-9] INFO  impl.RaftServerProxy (RaftServerProxy.java:addNew(89)) - 7ba291c4-9ee0-417b-844f-44a16c4ba9e2: addNew group-DDA6E3DC98CF:[8ff9d20a-2236-45f0-8596-c8d53407e80c:192.168.157.200:39500, 7ba291c4-9ee0-417b-844f-44a16c4ba9e2:192.168.157.200:33359, 971d177f-fbc5-4c3a-b100-2607610d94ec:192.168.157.200:33290] returns group-DDA6E3DC98CF:java.util.concurrent.CompletableFuture@3f5e3c57[Not completed]
2019-11-13 13:02:23,978 [pool-569-thread-1] INFO  impl.RaftServerImpl (RaftServerImpl.java:<init>(98)) - 971d177f-fbc5-4c3a-b100-2607610d94ec: new RaftServerImpl for group-DDA6E3DC98CF:[8ff9d20a-2236-45f0-8596-c8d53407e80c:192.168.157.200:39500, 7ba291c4-9ee0-417b-844f-44a16c4ba9e2:192.168.157.200:33359, 971d177f-fbc5-4c3a-b100-2607610d94ec:192.168.157.200:33290] with ContainerStateMachine:uninitialized
2019-11-13 13:02:23,978 [pool-569-thread-1] INFO  server.RaftServerConfigKeys (ConfUtils.java:logGet(43)) - raft.server.rpc.timeout.min = 1s (custom)
2019-11-13 13:02:23,978 [pool-569-thread-1] INFO  server.RaftServerConfigKeys (ConfUtils.java:logGet(43)) - raft.server.rpc.timeout.max = 1200ms (custom)
2019-11-13 13:02:23,978 [pool-569-thread-1] INFO  server.RaftServerConfigKeys (ConfUtils.java:logGet(43)) - raft.server.rpcslowness.timeout = 120s (custom)
2019-11-13 13:02:23,979 [pool-569-thread-1] INFO  server.RaftServerConfigKeys (ConfUtils.java:logGet(43)) - raft.server.sleep.deviation.threshold = 300 (default)
2019-11-13 13:02:23,979 [pool-559-thread-1] INFO  impl.RaftServerImpl (RaftServerImpl.java:<init>(98)) - 7ba291c4-9ee0-417b-844f-44a16c4ba9e2: new RaftServerImpl for group-DDA6E3DC98CF:[8ff9d20a-2236-45f0-8596-c8d53407e80c:192.168.157.200:39500, 7ba291c4-9ee0-417b-844f-44a16c4ba9e2:192.168.157.200:33359, 971d177f-fbc5-4c3a-b100-2607610d94ec:192.168.157.200:33290] with ContainerStateMachine:uninitialized
2019-11-13 13:02:23,979 [pool-569-thread-1] INFO  server.RaftServerConfigKeys (ConfUtils.java:logGet(43)) - raft.server.log.appender.install.snapshot.enabled = false (custom)
2019-11-13 13:02:23,979 [pool-559-thread-1] INFO  server.RaftServerConfigKeys (ConfUtils.java:logGet(43)) - raft.server.rpc.timeout.min = 1s (custom)
2019-11-13 13:02:23,979 [pool-569-thread-1] INFO  impl.RaftServerImpl (ServerState.java:<init>(103)) - 971d177f-fbc5-4c3a-b100-2607610d94ec@group-DDA6E3DC98CF: ConfigurationManager, init=-1: [8ff9d20a-2236-45f0-8596-c8d53407e80c:192.168.157.200:39500, 7ba291c4-9ee0-417b-844f-44a16c4ba9e2:192.168.157.200:33359, 971d177f-fbc5-4c3a-b100-2607610d94ec:192.168.157.200:33290], old=null, confs=<EMPTY_MAP>
2019-11-13 13:02:23,979 [pool-529-thread-1] INFO  impl.RaftServerImpl (RaftServerImpl.java:<init>(98)) - 8ff9d20a-2236-45f0-8596-c8d53407e80c: new RaftServerImpl for group-DDA6E3DC98CF:[8ff9d20a-2236-45f0-8596-c8d53407e80c:192.168.157.200:39500, 7ba291c4-9ee0-417b-844f-44a16c4ba9e2:192.168.157.200:33359, 971d177f-fbc5-4c3a-b100-2607610d94ec:192.168.157.200:33290] with ContainerStateMachine:uninitialized
2019-11-13 13:02:23,979 [pool-559-thread-1] INFO  server.RaftServerConfigKeys (ConfUtils.java:logGet(43)) - raft.server.rpc.timeout.max = 1200ms (custom)
2019-11-13 13:02:23,979 [pool-559-thread-1] INFO  server.RaftServerConfigKeys (ConfUtils.java:logGet(43)) - raft.server.rpcslowness.timeout = 120s (custom)
2019-11-13 13:02:23,979 [pool-529-thread-1] INFO  server.RaftServerConfigKeys (ConfUtils.java:logGet(43)) - raft.server.rpc.timeout.min = 1s (custom)
2019-11-13 13:02:23,979 [pool-569-thread-1] INFO  server.RaftServerConfigKeys (ConfUtils.java:logGet(43)) - raft.server.storage.dir = [/workdir/hadoop-ozone/integration-test/target/test-dir/MiniOzoneClusterImpl-90e8aeb1-2975-47c6-9bba-faf27de7fb8c/datanode-6/data/ratis] (custom)
2019-11-13 13:02:23,980 [pool-529-thread-1] INFO  server.RaftServerConfigKeys (ConfUtils.java:logGet(43)) - raft.server.rpc.timeout.max = 1200ms (custom)
2019-11-13 13:02:23,979 [pool-559-thread-1] INFO  server.RaftServerConfigKeys (ConfUtils.java:logGet(43)) - raft.server.sleep.deviation.threshold = 300 (default)
2019-11-13 13:02:23,980 [pool-529-thread-1] INFO  server.RaftServerConfigKeys (ConfUtils.java:logGet(43)) - raft.server.rpcslowness.timeout = 120s (custom)
2019-11-13 13:02:23,980 [pool-559-thread-1] INFO  server.RaftServerConfigKeys (ConfUtils.java:logGet(43)) - raft.server.log.appender.install.snapshot.enabled = false (custom)
2019-11-13 13:02:23,980 [pool-569-thread-1] INFO  server.RaftServerConfigKeys (ConfUtils.java:logGet(43)) - raft.server.log.corruption.policy = EXCEPTION (default)
2019-11-13 13:02:23,980 [pool-559-thread-1] INFO  impl.RaftServerImpl (ServerState.java:<init>(103)) - 7ba291c4-9ee0-417b-844f-44a16c4ba9e2@group-DDA6E3DC98CF: ConfigurationManager, init=-1: [8ff9d20a-2236-45f0-8596-c8d53407e80c:192.168.157.200:39500, 7ba291c4-9ee0-417b-844f-44a16c4ba9e2:192.168.157.200:33359, 971d177f-fbc5-4c3a-b100-2607610d94ec:192.168.157.200:33290], old=null, confs=<EMPTY_MAP>
2019-11-13 13:02:23,980 [pool-529-thread-1] INFO  server.RaftServerConfigKeys (ConfUtils.java:logGet(43)) - raft.server.sleep.deviation.threshold = 300 (default)
2019-11-13 13:02:23,980 [pool-559-thread-1] INFO  server.RaftServerConfigKeys (ConfUtils.java:logGet(43)) - raft.server.storage.dir = [/workdir/hadoop-ozone/integration-test/target/test-dir/MiniOzoneClusterImpl-90e8aeb1-2975-47c6-9bba-faf27de7fb8c/datanode-5/data/ratis] (custom)
2019-11-13 13:02:23,980 [pool-569-thread-1] INFO  storage.RaftStorageDirectory (RaftStorageDirectory.java:analyzeStorage(246)) - The storage directory /workdir/hadoop-ozone/integration-test/target/test-dir/MiniOzoneClusterImpl-90e8aeb1-2975-47c6-9bba-faf27de7fb8c/datanode-6/data/ratis/b0061687-c255-4535-a3f9-dda6e3dc98cf does not exist. Creating ...
2019-11-13 13:02:23,980 [pool-529-thread-1] INFO  server.RaftServerConfigKeys (ConfUtils.java:logGet(43)) - raft.server.log.appender.install.snapshot.enabled = false (custom)
2019-11-13 13:02:23,981 [pool-559-thread-1] INFO  server.RaftServerConfigKeys (ConfUtils.java:logGet(43)) - raft.server.log.corruption.policy = EXCEPTION (default)
2019-11-13 13:02:23,981 [pool-529-thread-1] INFO  impl.RaftServerImpl (ServerState.java:<init>(103)) - 8ff9d20a-2236-45f0-8596-c8d53407e80c@group-DDA6E3DC98CF: ConfigurationManager, init=-1: [8ff9d20a-2236-45f0-8596-c8d53407e80c:192.168.157.200:39500, 7ba291c4-9ee0-417b-844f-44a16c4ba9e2:192.168.157.200:33359, 971d177f-fbc5-4c3a-b100-2607610d94ec:192.168.157.200:33290], old=null, confs=<EMPTY_MAP>
2019-11-13 13:02:23,981 [pool-559-thread-1] INFO  storage.RaftStorageDirectory (RaftStorageDirectory.java:analyzeStorage(246)) - The storage directory /workdir/hadoop-ozone/integration-test/target/test-dir/MiniOzoneClusterImpl-90e8aeb1-2975-47c6-9bba-faf27de7fb8c/datanode-5/data/ratis/b0061687-c255-4535-a3f9-dda6e3dc98cf does not exist. Creating ...
2019-11-13 13:02:23,981 [pool-529-thread-1] INFO  server.RaftServerConfigKeys (ConfUtils.java:logGet(43)) - raft.server.storage.dir = [/workdir/hadoop-ozone/integration-test/target/test-dir/MiniOzoneClusterImpl-90e8aeb1-2975-47c6-9bba-faf27de7fb8c/datanode-2/data/ratis] (custom)
2019-11-13 13:02:23,981 [pool-529-thread-1] INFO  server.RaftServerConfigKeys (ConfUtils.java:logGet(43)) - raft.server.log.corruption.policy = EXCEPTION (default)
2019-11-13 13:02:23,981 [pool-529-thread-1] INFO  storage.RaftStorageDirectory (RaftStorageDirectory.java:analyzeStorage(246)) - The storage directory /workdir/hadoop-ozone/integration-test/target/test-dir/MiniOzoneClusterImpl-90e8aeb1-2975-47c6-9bba-faf27de7fb8c/datanode-2/data/ratis/b0061687-c255-4535-a3f9-dda6e3dc98cf does not exist. Creating ...
2019-11-13 13:02:24,006 [pool-559-thread-1] INFO  storage.RaftStorageDirectory (RaftStorageDirectory.java:tryLock(328)) - Lock on /workdir/hadoop-ozone/integration-test/target/test-dir/MiniOzoneClusterImpl-90e8aeb1-2975-47c6-9bba-faf27de7fb8c/datanode-5/data/ratis/b0061687-c255-4535-a3f9-dda6e3dc98cf/in_use.lock acquired by nodename 10766@pr-hdds-2452-7vw7s-1330541530
2019-11-13 13:02:24,006 [pool-569-thread-1] INFO  storage.RaftStorageDirectory (RaftStorageDirectory.java:tryLock(328)) - Lock on /workdir/hadoop-ozone/integration-test/target/test-dir/MiniOzoneClusterImpl-90e8aeb1-2975-47c6-9bba-faf27de7fb8c/datanode-6/data/ratis/b0061687-c255-4535-a3f9-dda6e3dc98cf/in_use.lock acquired by nodename 10766@pr-hdds-2452-7vw7s-1330541530
2019-11-13 13:02:24,006 [pool-529-thread-1] INFO  storage.RaftStorageDirectory (RaftStorageDirectory.java:tryLock(328)) - Lock on /workdir/hadoop-ozone/integration-test/target/test-dir/MiniOzoneClusterImpl-90e8aeb1-2975-47c6-9bba-faf27de7fb8c/datanode-2/data/ratis/b0061687-c255-4535-a3f9-dda6e3dc98cf/in_use.lock acquired by nodename 10766@pr-hdds-2452-7vw7s-1330541530
2019-11-13 13:02:24,031 [pool-529-thread-1] INFO  storage.RaftStorage (RaftStorage.java:format(84)) - Storage directory /workdir/hadoop-ozone/integration-test/target/test-dir/MiniOzoneClusterImpl-90e8aeb1-2975-47c6-9bba-faf27de7fb8c/datanode-2/data/ratis/b0061687-c255-4535-a3f9-dda6e3dc98cf has been successfully formatted.
2019-11-13 13:02:24,031 [pool-559-thread-1] INFO  storage.RaftStorage (RaftStorage.java:format(84)) - Storage directory /workdir/hadoop-ozone/integration-test/target/test-dir/MiniOzoneClusterImpl-90e8aeb1-2975-47c6-9bba-faf27de7fb8c/datanode-5/data/ratis/b0061687-c255-4535-a3f9-dda6e3dc98cf has been successfully formatted.
2019-11-13 13:02:24,031 [pool-529-thread-1] INFO  ratis.ContainerStateMachine (ContainerStateMachine.java:loadSnapshot(223)) - group-DDA6E3DC98CF: The snapshot info is null. Setting the last applied indexto:(t:0, i:~)
2019-11-13 13:02:24,031 [pool-569-thread-1] INFO  storage.RaftStorage (RaftStorage.java:format(84)) - Storage directory /workdir/hadoop-ozone/integration-test/target/test-dir/MiniOzoneClusterImpl-90e8aeb1-2975-47c6-9bba-faf27de7fb8c/datanode-6/data/ratis/b0061687-c255-4535-a3f9-dda6e3dc98cf has been successfully formatted.
2019-11-13 13:02:24,032 [pool-559-thread-1] INFO  ratis.ContainerStateMachine (ContainerStateMachine.java:loadSnapshot(223)) - group-DDA6E3DC98CF: The snapshot info is null. Setting the last applied indexto:(t:0, i:~)
2019-11-13 13:02:24,032 [pool-529-thread-1] INFO  server.RaftServerConfigKeys (ConfUtils.java:logGet(43)) - raft.server.notification.no-leader.timeout = 120s (custom)
2019-11-13 13:02:24,032 [pool-569-thread-1] INFO  ratis.ContainerStateMachine (ContainerStateMachine.java:loadSnapshot(223)) - group-DDA6E3DC98CF: The snapshot info is null. Setting the last applied indexto:(t:0, i:~)
2019-11-13 13:02:24,032 [pool-559-thread-1] INFO  server.RaftServerConfigKeys (ConfUtils.java:logGet(43)) - raft.server.notification.no-leader.timeout = 120s (custom)
2019-11-13 13:02:24,032 [pool-569-thread-1] INFO  server.RaftServerConfigKeys (ConfUtils.java:logGet(43)) - raft.server.notification.no-leader.timeout = 120s (custom)
2019-11-13 13:02:24,032 [pool-529-thread-1] INFO  server.RaftServerConfigKeys (ConfUtils.java:logGet(43)) - raft.server.log.use.memory = false (default)
2019-11-13 13:02:24,032 [pool-569-thread-1] INFO  server.RaftServerConfigKeys (ConfUtils.java:logGet(43)) - raft.server.log.use.memory = false (default)
2019-11-13 13:02:24,032 [pool-559-thread-1] INFO  server.RaftServerConfigKeys (ConfUtils.java:logGet(43)) - raft.server.log.use.memory = false (default)
2019-11-13 13:02:24,032 [pool-559-thread-1] INFO  server.RaftServerConfigKeys (ConfUtils.java:logGet(43)) - raft.server.log.purge.gap = 1000000 (custom)
2019-11-13 13:02:24,032 [pool-569-thread-1] INFO  server.RaftServerConfigKeys (ConfUtils.java:logGet(43)) - raft.server.log.purge.gap = 1000000 (custom)
2019-11-13 13:02:24,032 [pool-529-thread-1] INFO  server.RaftServerConfigKeys (ConfUtils.java:logGet(43)) - raft.server.log.purge.gap = 1000000 (custom)
2019-11-13 13:02:24,033 [pool-569-thread-1] INFO  server.RaftServerConfigKeys (ConfUtils.java:logGet(43)) - raft.server.log.appender.buffer.byte-limit = 33554432 (custom)
2019-11-13 13:02:24,033 [pool-559-thread-1] INFO  server.RaftServerConfigKeys (ConfUtils.java:logGet(43)) - raft.server.log.appender.buffer.byte-limit = 33554432 (custom)
2019-11-13 13:02:24,033 [pool-569-thread-1] INFO  server.RaftServerConfigKeys (ConfUtils.java:logGet(43)) - raft.server.log.segment.size.max = 1048576 (custom)
2019-11-13 13:02:24,033 [pool-529-thread-1] INFO  server.RaftServerConfigKeys (ConfUtils.java:logGet(43)) - raft.server.log.appender.buffer.byte-limit = 33554432 (custom)
2019-11-13 13:02:24,033 [pool-569-thread-1] INFO  server.RaftServerConfigKeys (ConfUtils.java:logGet(43)) - raft.server.log.segment.cache.num.max = 2 (custom)
2019-11-13 13:02:24,033 [pool-559-thread-1] INFO  server.RaftServerConfigKeys (ConfUtils.java:logGet(43)) - raft.server.log.segment.size.max = 1048576 (custom)
2019-11-13 13:02:24,033 [pool-569-thread-1] INFO  segmented.SegmentedRaftLogWorker (SegmentedRaftLogWorker.java:<init>(173)) - new 971d177f-fbc5-4c3a-b100-2607610d94ec@group-DDA6E3DC98CF-SegmentedRaftLogWorker for RaftStorage:Storage Directory /workdir/hadoop-ozone/integration-test/target/test-dir/MiniOzoneClusterImpl-90e8aeb1-2975-47c6-9bba-faf27de7fb8c/datanode-6/data/ratis/b0061687-c255-4535-a3f9-dda6e3dc98cf
2019-11-13 13:02:24,033 [pool-529-thread-1] INFO  server.RaftServerConfigKeys (ConfUtils.java:logGet(43)) - raft.server.log.segment.size.max = 1048576 (custom)
2019-11-13 13:02:24,034 [pool-569-thread-1] INFO  server.RaftServerConfigKeys (ConfUtils.java:logGet(43)) - raft.server.log.queue.byte-limit = 2147483647 (custom)
2019-11-13 13:02:24,033 [pool-559-thread-1] INFO  server.RaftServerConfigKeys (ConfUtils.java:logGet(43)) - raft.server.log.segment.cache.num.max = 2 (custom)
2019-11-13 13:02:24,034 [pool-569-thread-1] INFO  server.RaftServerConfigKeys (ConfUtils.java:logGet(43)) - raft.server.log.queue.element-limit = 1024 (custom)
2019-11-13 13:02:24,034 [pool-529-thread-1] INFO  server.RaftServerConfigKeys (ConfUtils.java:logGet(43)) - raft.server.log.segment.cache.num.max = 2 (custom)
2019-11-13 13:02:24,034 [pool-569-thread-1] INFO  server.RaftServerConfigKeys (ConfUtils.java:logGet(43)) - raft.server.log.segment.size.max = 1048576 (custom)
2019-11-13 13:02:24,034 [pool-559-thread-1] INFO  segmented.SegmentedRaftLogWorker (SegmentedRaftLogWorker.java:<init>(173)) - new 7ba291c4-9ee0-417b-844f-44a16c4ba9e2@group-DDA6E3DC98CF-SegmentedRaftLogWorker for RaftStorage:Storage Directory /workdir/hadoop-ozone/integration-test/target/test-dir/MiniOzoneClusterImpl-90e8aeb1-2975-47c6-9bba-faf27de7fb8c/datanode-5/data/ratis/b0061687-c255-4535-a3f9-dda6e3dc98cf
2019-11-13 13:02:24,034 [pool-569-thread-1] INFO  server.RaftServerConfigKeys (ConfUtils.java:logGet(43)) - raft.server.log.preallocated.size = 16384 (custom)
2019-11-13 13:02:24,034 [pool-529-thread-1] INFO  segmented.SegmentedRaftLogWorker (SegmentedRaftLogWorker.java:<init>(173)) - new 8ff9d20a-2236-45f0-8596-c8d53407e80c@group-DDA6E3DC98CF-SegmentedRaftLogWorker for RaftStorage:Storage Directory /workdir/hadoop-ozone/integration-test/target/test-dir/MiniOzoneClusterImpl-90e8aeb1-2975-47c6-9bba-faf27de7fb8c/datanode-2/data/ratis/b0061687-c255-4535-a3f9-dda6e3dc98cf
2019-11-13 13:02:24,034 [pool-569-thread-1] INFO  server.RaftServerConfigKeys (ConfUtils.java:logGet(43)) - raft.server.log.write.buffer.size = 33554432 (custom)
2019-11-13 13:02:24,034 [pool-559-thread-1] INFO  server.RaftServerConfigKeys (ConfUtils.java:logGet(43)) - raft.server.log.queue.byte-limit = 2147483647 (custom)
2019-11-13 13:02:24,035 [pool-569-thread-1] INFO  server.RaftServerConfigKeys (ConfUtils.java:logGet(43)) - raft.server.log.force.sync.num = 128 (default)
2019-11-13 13:02:24,034 [pool-529-thread-1] INFO  server.RaftServerConfigKeys (ConfUtils.java:logGet(43)) - raft.server.log.queue.byte-limit = 2147483647 (custom)
2019-11-13 13:02:24,035 [pool-569-thread-1] INFO  server.RaftServerConfigKeys (ConfUtils.java:logGet(43)) - raft.server.log.statemachine.data.sync = true (default)
2019-11-13 13:02:24,035 [pool-559-thread-1] INFO  server.RaftServerConfigKeys (ConfUtils.java:logGet(43)) - raft.server.log.queue.element-limit = 1024 (custom)
2019-11-13 13:02:24,035 [pool-569-thread-1] INFO  server.RaftServerConfigKeys (ConfUtils.java:logGet(43)) - raft.server.log.statemachine.data.sync.timeout = 10s (default)
2019-11-13 13:02:24,035 [pool-529-thread-1] INFO  server.RaftServerConfigKeys (ConfUtils.java:logGet(43)) - raft.server.log.queue.element-limit = 1024 (custom)
2019-11-13 13:02:24,035 [pool-569-thread-1] INFO  server.RaftServerConfigKeys (ConfUtils.java:logGet(43)) - raft.server.log.statemachine.data.sync.timeout.retry = -1 (default)
2019-11-13 13:02:24,035 [pool-559-thread-1] INFO  server.RaftServerConfigKeys (ConfUtils.java:logGet(43)) - raft.server.log.segment.size.max = 1048576 (custom)
2019-11-13 13:02:24,035 [pool-569-thread-1] INFO  server.RaftServerConfigKeys (ConfUtils.java:logGet(43)) - raft.server.log.statemachine.data.caching.enabled = true (custom)
2019-11-13 13:02:24,035 [pool-529-thread-1] INFO  server.RaftServerConfigKeys (ConfUtils.java:logGet(43)) - raft.server.log.segment.size.max = 1048576 (custom)
2019-11-13 13:02:24,035 [pool-559-thread-1] INFO  server.RaftServerConfigKeys (ConfUtils.java:logGet(43)) - raft.server.log.preallocated.size = 16384 (custom)
2019-11-13 13:02:24,036 [pool-529-thread-1] INFO  server.RaftServerConfigKeys (ConfUtils.java:logGet(43)) - raft.server.log.preallocated.size = 16384 (custom)
2019-11-13 13:02:24,036 [pool-569-thread-1] INFO  segmented.SegmentedRaftLogWorker (SegmentedRaftLogWorker.java:lambda$new$0(128)) - 971d177f-fbc5-4c3a-b100-2607610d94ec@group-DDA6E3DC98CF-SegmentedRaftLogWorker: flushIndex: setUnconditionally 0 -> -1
2019-11-13 13:02:24,036 [pool-559-thread-1] INFO  server.RaftServerConfigKeys (ConfUtils.java:logGet(43)) - raft.server.log.write.buffer.size = 33554432 (custom)
2019-11-13 13:02:24,036 [pool-529-thread-1] INFO  server.RaftServerConfigKeys (ConfUtils.java:logGet(43)) - raft.server.log.write.buffer.size = 33554432 (custom)
2019-11-13 13:02:24,036 [pool-559-thread-1] INFO  server.RaftServerConfigKeys (ConfUtils.java:logGet(43)) - raft.server.log.force.sync.num = 128 (default)
2019-11-13 13:02:24,036 [pool-569-thread-1] INFO  server.RaftServerConfigKeys (ConfUtils.java:logGet(43)) - raft.server.snapshot.auto.trigger.enabled = true (custom)
2019-11-13 13:02:24,036 [pool-529-thread-1] INFO  server.RaftServerConfigKeys (ConfUtils.java:logGet(43)) - raft.server.log.force.sync.num = 128 (default)
2019-11-13 13:02:24,036 [pool-569-thread-1] INFO  server.RaftServerConfigKeys (ConfUtils.java:logGet(43)) - raft.server.snapshot.auto.trigger.threshold = 10000 (custom)
2019-11-13 13:02:24,036 [pool-559-thread-1] INFO  server.RaftServerConfigKeys (ConfUtils.java:logGet(43)) - raft.server.log.statemachine.data.sync = true (default)
2019-11-13 13:02:24,036 [pool-569-thread-1] INFO  server.RaftServerConfigKeys (ConfUtils.java:logGet(43)) - raft.server.snapshot.retention.file.num = 5 (custom)
2019-11-13 13:02:24,036 [pool-529-thread-1] INFO  server.RaftServerConfigKeys (ConfUtils.java:logGet(43)) - raft.server.log.statemachine.data.sync = true (default)
2019-11-13 13:02:24,037 [pool-569-thread-1] INFO  server.RaftServerConfigKeys (ConfUtils.java:logGet(43)) - raft.server.retrycache.expirytime = 600000ms (custom)
2019-11-13 13:02:24,037 [pool-559-thread-1] INFO  server.RaftServerConfigKeys (ConfUtils.java:logGet(43)) - raft.server.log.statemachine.data.sync.timeout = 10s (default)
2019-11-13 13:02:24,037 [pool-569-thread-1] WARN  impl.MetricRegistriesImpl (MetricRegistriesImpl.java:lambda$create$1(61)) - First MetricRegistry has been created without registering reporters. You may need to call MetricRegistries.global().addReportRegistration(...) before.
2019-11-13 13:02:24,037 [pool-529-thread-1] INFO  server.RaftServerConfigKeys (ConfUtils.java:logGet(43)) - raft.server.log.statemachine.data.sync.timeout = 10s (default)
2019-11-13 13:02:24,037 [pool-569-thread-1] WARN  impl.MetricRegistriesImpl (MetricRegistriesImpl.java:lambda$create$1(61)) - First MetricRegistry has been created without registering reporters. You may need to call MetricRegistries.global().addReportRegistration(...) before.
2019-11-13 13:02:24,037 [pool-559-thread-1] INFO  server.RaftServerConfigKeys (ConfUtils.java:logGet(43)) - raft.server.log.statemachine.data.sync.timeout.retry = -1 (default)
2019-11-13 13:02:24,037 [pool-529-thread-1] INFO  server.RaftServerConfigKeys (ConfUtils.java:logGet(43)) - raft.server.log.statemachine.data.sync.timeout.retry = -1 (default)
2019-11-13 13:02:24,037 [pool-559-thread-1] INFO  server.RaftServerConfigKeys (ConfUtils.java:logGet(43)) - raft.server.log.statemachine.data.caching.enabled = true (custom)
2019-11-13 13:02:24,037 [pool-569-thread-1] INFO  impl.RaftServerImpl (RaftServerImpl.java:start(184)) - 971d177f-fbc5-4c3a-b100-2607610d94ec@group-DDA6E3DC98CF: start as a follower, conf=-1: [8ff9d20a-2236-45f0-8596-c8d53407e80c:192.168.157.200:39500, 7ba291c4-9ee0-417b-844f-44a16c4ba9e2:192.168.157.200:33359, 971d177f-fbc5-4c3a-b100-2607610d94ec:192.168.157.200:33290], old=null
2019-11-13 13:02:24,038 [pool-559-thread-1] INFO  segmented.SegmentedRaftLogWorker (SegmentedRaftLogWorker.java:lambda$new$0(128)) - 7ba291c4-9ee0-417b-844f-44a16c4ba9e2@group-DDA6E3DC98CF-SegmentedRaftLogWorker: flushIndex: setUnconditionally 0 -> -1
2019-11-13 13:02:24,037 [pool-529-thread-1] INFO  server.RaftServerConfigKeys (ConfUtils.java:logGet(43)) - raft.server.log.statemachine.data.caching.enabled = true (custom)
2019-11-13 13:02:24,038 [pool-569-thread-1] INFO  impl.RaftServerImpl (RaftServerImpl.java:setRole(173)) - 971d177f-fbc5-4c3a-b100-2607610d94ec@group-DDA6E3DC98CF: changes role from      null to FOLLOWER at term 0 for startAsFollower
2019-11-13 13:02:24,038 [pool-529-thread-1] INFO  segmented.SegmentedRaftLogWorker (SegmentedRaftLogWorker.java:lambda$new$0(128)) - 8ff9d20a-2236-45f0-8596-c8d53407e80c@group-DDA6E3DC98CF-SegmentedRaftLogWorker: flushIndex: setUnconditionally 0 -> -1
2019-11-13 13:02:24,038 [pool-559-thread-1] INFO  server.RaftServerConfigKeys (ConfUtils.java:logGet(43)) - raft.server.snapshot.auto.trigger.enabled = true (custom)
2019-11-13 13:02:24,038 [pool-569-thread-1] INFO  impl.RoleInfo (RoleInfo.java:updateAndGet(143)) - 971d177f-fbc5-4c3a-b100-2607610d94ec: start FollowerState
2019-11-13 13:02:24,038 [pool-529-thread-1] INFO  server.RaftServerConfigKeys (ConfUtils.java:logGet(43)) - raft.server.snapshot.auto.trigger.enabled = true (custom)
2019-11-13 13:02:24,038 [pool-559-thread-1] INFO  server.RaftServerConfigKeys (ConfUtils.java:logGet(43)) - raft.server.snapshot.auto.trigger.threshold = 10000 (custom)
2019-11-13 13:02:24,038 [pool-529-thread-1] INFO  server.RaftServerConfigKeys (ConfUtils.java:logGet(43)) - raft.server.snapshot.auto.trigger.threshold = 10000 (custom)
2019-11-13 13:02:24,038 [pool-559-thread-1] INFO  server.RaftServerConfigKeys (ConfUtils.java:logGet(43)) - raft.server.snapshot.retention.file.num = 5 (custom)
2019-11-13 13:02:24,038 [pool-529-thread-1] INFO  server.RaftServerConfigKeys (ConfUtils.java:logGet(43)) - raft.server.snapshot.retention.file.num = 5 (custom)
2019-11-13 13:02:24,038 [pool-559-thread-1] INFO  server.RaftServerConfigKeys (ConfUtils.java:logGet(43)) - raft.server.retrycache.expirytime = 600000ms (custom)
2019-11-13 13:02:24,038 [pool-529-thread-1] INFO  server.RaftServerConfigKeys (ConfUtils.java:logGet(43)) - raft.server.retrycache.expirytime = 600000ms (custom)
2019-11-13 13:02:24,038 [pool-569-thread-1] INFO  util.JmxRegister (JmxRegister.java:tryRegister(44)) - Successfully registered JMX Bean with object name Ratis:service=RaftServer,group=group-DDA6E3DC98CF,id=971d177f-fbc5-4c3a-b100-2607610d94ec
2019-11-13 13:02:24,039 [pool-529-thread-1] WARN  impl.MetricRegistriesImpl (MetricRegistriesImpl.java:lambda$create$1(61)) - First MetricRegistry has been created without registering reporters. You may need to call MetricRegistries.global().addReportRegistration(...) before.
2019-11-13 13:02:24,038 [pool-559-thread-1] WARN  impl.MetricRegistriesImpl (MetricRegistriesImpl.java:lambda$create$1(61)) - First MetricRegistry has been created without registering reporters. You may need to call MetricRegistries.global().addReportRegistration(...) before.
2019-11-13 13:02:24,039 [pool-529-thread-1] WARN  impl.MetricRegistriesImpl (MetricRegistriesImpl.java:lambda$create$1(61)) - First MetricRegistry has been created without registering reporters. You may need to call MetricRegistries.global().addReportRegistration(...) before.
2019-11-13 13:02:24,039 [pool-569-thread-1] WARN  impl.MetricRegistriesImpl (MetricRegistriesImpl.java:lambda$create$1(61)) - First MetricRegistry has been created without registering reporters. You may need to call MetricRegistries.global().addReportRegistration(...) before.
2019-11-13 13:02:24,039 [pool-529-thread-1] INFO  impl.RaftServerImpl (RaftServerImpl.java:start(184)) - 8ff9d20a-2236-45f0-8596-c8d53407e80c@group-DDA6E3DC98CF: start as a follower, conf=-1: [8ff9d20a-2236-45f0-8596-c8d53407e80c:192.168.157.200:39500, 7ba291c4-9ee0-417b-844f-44a16c4ba9e2:192.168.157.200:33359, 971d177f-fbc5-4c3a-b100-2607610d94ec:192.168.157.200:33290], old=null
2019-11-13 13:02:24,039 [pool-559-thread-1] WARN  impl.MetricRegistriesImpl (MetricRegistriesImpl.java:lambda$create$1(61)) - First MetricRegistry has been created without registering reporters. You may need to call MetricRegistries.global().addReportRegistration(...) before.
2019-11-13 13:02:24,039 [pool-529-thread-1] INFO  impl.RaftServerImpl (RaftServerImpl.java:setRole(173)) - 8ff9d20a-2236-45f0-8596-c8d53407e80c@group-DDA6E3DC98CF: changes role from      null to FOLLOWER at term 0 for startAsFollower
2019-11-13 13:02:24,039 [pool-559-thread-1] INFO  impl.RaftServerImpl (RaftServerImpl.java:start(184)) - 7ba291c4-9ee0-417b-844f-44a16c4ba9e2@group-DDA6E3DC98CF: start as a follower, conf=-1: [8ff9d20a-2236-45f0-8596-c8d53407e80c:192.168.157.200:39500, 7ba291c4-9ee0-417b-844f-44a16c4ba9e2:192.168.157.200:33359, 971d177f-fbc5-4c3a-b100-2607610d94ec:192.168.157.200:33290], old=null
2019-11-13 13:02:24,039 [pool-559-thread-1] INFO  impl.RaftServerImpl (RaftServerImpl.java:setRole(173)) - 7ba291c4-9ee0-417b-844f-44a16c4ba9e2@group-DDA6E3DC98CF: changes role from      null to FOLLOWER at term 0 for startAsFollower
2019-11-13 13:02:24,039 [pool-559-thread-1] INFO  impl.RoleInfo (RoleInfo.java:updateAndGet(143)) - 7ba291c4-9ee0-417b-844f-44a16c4ba9e2: start FollowerState
2019-11-13 13:02:24,039 [pool-529-thread-1] INFO  impl.RoleInfo (RoleInfo.java:updateAndGet(143)) - 8ff9d20a-2236-45f0-8596-c8d53407e80c: start FollowerState
2019-11-13 13:02:24,040 [pool-559-thread-1] INFO  util.JmxRegister (JmxRegister.java:tryRegister(44)) - Successfully registered JMX Bean with object name Ratis:service=RaftServer,group=group-DDA6E3DC98CF,id=7ba291c4-9ee0-417b-844f-44a16c4ba9e2
2019-11-13 13:02:24,040 [pool-559-thread-1] WARN  impl.MetricRegistriesImpl (MetricRegistriesImpl.java:lambda$create$1(61)) - First MetricRegistry has been created without registering reporters. You may need to call MetricRegistries.global().addReportRegistration(...) before.
2019-11-13 13:02:24,040 [pool-529-thread-1] INFO  util.JmxRegister (JmxRegister.java:tryRegister(44)) - Successfully registered JMX Bean with object name Ratis:service=RaftServer,group=group-DDA6E3DC98CF,id=8ff9d20a-2236-45f0-8596-c8d53407e80c
2019-11-13 13:02:24,040 [pool-529-thread-1] WARN  impl.MetricRegistriesImpl (MetricRegistriesImpl.java:lambda$create$1(61)) - First MetricRegistry has been created without registering reporters. You may need to call MetricRegistries.global().addReportRegistration(...) before.
2019-11-13 13:02:24,042 [RatisPipelineUtilsThread] INFO  pipeline.PipelineStateManager (PipelineStateManager.java:addPipeline(55)) - Created pipeline Pipeline[ Id: b0061687-c255-4535-a3f9-dda6e3dc98cf, Nodes: 7ba291c4-9ee0-417b-844f-44a16c4ba9e2{ip: 192.168.157.200, host: pr-hdds-2452-7vw7s-1330541530, networkLocation: /rack1, certSerialId: null}971d177f-fbc5-4c3a-b100-2607610d94ec{ip: 192.168.157.200, host: pr-hdds-2452-7vw7s-1330541530, networkLocation: /rack1, certSerialId: null}8ff9d20a-2236-45f0-8596-c8d53407e80c{ip: 192.168.157.200, host: pr-hdds-2452-7vw7s-1330541530, networkLocation: /rack1, certSerialId: null}, Type:RATIS, Factor:THREE, State:ALLOCATED]
2019-11-13 13:02:24,042 [main] INFO  ozone.MiniOzoneClusterImpl (MiniOzoneClusterImpl.java:lambda$waitForClusterToBeReady$2(163)) - Waiting for 13 number of pipelines out of 13, to report a leader.
2019-11-13 13:02:24,339 [Thread-3906] INFO  impl.FollowerState (FollowerState.java:run(111)) - 90f8c6ad-89d1-4dd8-98a8-ca579bb4c57a@group-BC826A4F679F-FollowerState: change to CANDIDATE, lastRpcTime:1163ms, electionTimeout:1163ms
2019-11-13 13:02:24,339 [Thread-3906] INFO  impl.RoleInfo (RoleInfo.java:shutdownFollowerState(121)) - 90f8c6ad-89d1-4dd8-98a8-ca579bb4c57a: shutdown FollowerState
2019-11-13 13:02:24,339 [Thread-3906] INFO  impl.RaftServerImpl (RaftServerImpl.java:setRole(173)) - 90f8c6ad-89d1-4dd8-98a8-ca579bb4c57a@group-BC826A4F679F: changes role from  FOLLOWER to CANDIDATE at term 0 for changeToCandidate
2019-11-13 13:02:24,339 [Thread-3906] INFO  impl.RoleInfo (RoleInfo.java:updateAndGet(143)) - 90f8c6ad-89d1-4dd8-98a8-ca579bb4c57a: start LeaderElection
2019-11-13 13:02:24,342 [Thread-3909] INFO  impl.FollowerState (FollowerState.java:run(111)) - ccb58d27-4340-4f56-86e1-f88286cea239@group-CAD78AE12961-FollowerState: change to CANDIDATE, lastRpcTime:1093ms, electionTimeout:1092ms
2019-11-13 13:02:24,344 [Thread-3909] INFO  impl.RoleInfo (RoleInfo.java:shutdownFollowerState(121)) - ccb58d27-4340-4f56-86e1-f88286cea239: shutdown FollowerState
2019-11-13 13:02:24,344 [Thread-3909] INFO  impl.RaftServerImpl (RaftServerImpl.java:setRole(173)) - ccb58d27-4340-4f56-86e1-f88286cea239@group-CAD78AE12961: changes role from  FOLLOWER to CANDIDATE at term 0 for changeToCandidate
2019-11-13 13:02:24,344 [Thread-3909] INFO  impl.RoleInfo (RoleInfo.java:updateAndGet(143)) - ccb58d27-4340-4f56-86e1-f88286cea239: start LeaderElection
2019-11-13 13:02:24,360 [ccb58d27-4340-4f56-86e1-f88286cea239@group-CAD78AE12961-LeaderElection202] INFO  impl.LeaderElection (LeaderElection.java:askForVotes(178)) - ccb58d27-4340-4f56-86e1-f88286cea239@group-CAD78AE12961-LeaderElection202: begin an election at term 1 for -1: [ccb58d27-4340-4f56-86e1-f88286cea239:192.168.157.200:36584], old=null
2019-11-13 13:02:24,360 [ccb58d27-4340-4f56-86e1-f88286cea239@group-CAD78AE12961-LeaderElection202] INFO  impl.RoleInfo (RoleInfo.java:shutdownLeaderElection(134)) - ccb58d27-4340-4f56-86e1-f88286cea239: shutdown LeaderElection
2019-11-13 13:02:24,360 [90f8c6ad-89d1-4dd8-98a8-ca579bb4c57a@group-BC826A4F679F-LeaderElection201] INFO  impl.LeaderElection (LeaderElection.java:askForVotes(178)) - 90f8c6ad-89d1-4dd8-98a8-ca579bb4c57a@group-BC826A4F679F-LeaderElection201: begin an election at term 1 for -1: [90f8c6ad-89d1-4dd8-98a8-ca579bb4c57a:192.168.157.200:39136], old=null
2019-11-13 13:02:24,360 [ccb58d27-4340-4f56-86e1-f88286cea239@group-CAD78AE12961-LeaderElection202] INFO  impl.RaftServerImpl (RaftServerImpl.java:setRole(173)) - ccb58d27-4340-4f56-86e1-f88286cea239@group-CAD78AE12961: changes role from CANDIDATE to LEADER at term 1 for changeToLeader
2019-11-13 13:02:24,360 [90f8c6ad-89d1-4dd8-98a8-ca579bb4c57a@group-BC826A4F679F-LeaderElection201] INFO  impl.RoleInfo (RoleInfo.java:shutdownLeaderElection(134)) - 90f8c6ad-89d1-4dd8-98a8-ca579bb4c57a: shutdown LeaderElection
2019-11-13 13:02:24,360 [ccb58d27-4340-4f56-86e1-f88286cea239@group-CAD78AE12961-LeaderElection202] INFO  ratis.XceiverServerRatis (XceiverServerRatis.java:handleLeaderChangedNotification(697)) - Leader change notification received for group: group-CAD78AE12961 with new leaderId: ccb58d27-4340-4f56-86e1-f88286cea239
2019-11-13 13:02:24,361 [90f8c6ad-89d1-4dd8-98a8-ca579bb4c57a@group-BC826A4F679F-LeaderElection201] INFO  impl.RaftServerImpl (RaftServerImpl.java:setRole(173)) - 90f8c6ad-89d1-4dd8-98a8-ca579bb4c57a@group-BC826A4F679F: changes role from CANDIDATE to LEADER at term 1 for changeToLeader
2019-11-13 13:02:24,361 [ccb58d27-4340-4f56-86e1-f88286cea239@group-CAD78AE12961-LeaderElection202] INFO  impl.RaftServerImpl (ServerState.java:setLeader(255)) - ccb58d27-4340-4f56-86e1-f88286cea239@group-CAD78AE12961: change Leader from null to ccb58d27-4340-4f56-86e1-f88286cea239 at term 1 for becomeLeader, leader elected after 1115ms
2019-11-13 13:02:24,361 [90f8c6ad-89d1-4dd8-98a8-ca579bb4c57a@group-BC826A4F679F-LeaderElection201] INFO  ratis.XceiverServerRatis (XceiverServerRatis.java:handleLeaderChangedNotification(697)) - Leader change notification received for group: group-BC826A4F679F with new leaderId: 90f8c6ad-89d1-4dd8-98a8-ca579bb4c57a
2019-11-13 13:02:24,361 [ccb58d27-4340-4f56-86e1-f88286cea239@group-CAD78AE12961-LeaderElection202] INFO  server.RaftServerConfigKeys (ConfUtils.java:logGet(43)) - raft.server.staging.catchup.gap = 1000 (default)
2019-11-13 13:02:24,363 [ccb58d27-4340-4f56-86e1-f88286cea239@group-CAD78AE12961-LeaderElection202] INFO  server.RaftServerConfigKeys (ConfUtils.java:logGet(43)) - raft.server.rpc.sleep.time = 25ms (default)
2019-11-13 13:02:24,363 [90f8c6ad-89d1-4dd8-98a8-ca579bb4c57a@group-BC826A4F679F-LeaderElection201] INFO  impl.RaftServerImpl (ServerState.java:setLeader(255)) - 90f8c6ad-89d1-4dd8-98a8-ca579bb4c57a@group-BC826A4F679F: change Leader from null to 90f8c6ad-89d1-4dd8-98a8-ca579bb4c57a at term 1 for becomeLeader, leader elected after 1191ms
2019-11-13 13:02:24,366 [ccb58d27-4340-4f56-86e1-f88286cea239@group-CAD78AE12961-LeaderElection202] INFO  server.RaftServerConfigKeys (ConfUtils.java:logGet(43)) - raft.server.write.element-limit = 4096 (default)
2019-11-13 13:02:24,366 [90f8c6ad-89d1-4dd8-98a8-ca579bb4c57a@group-BC826A4F679F-LeaderElection201] INFO  server.RaftServerConfigKeys (ConfUtils.java:logGet(43)) - raft.server.staging.catchup.gap = 1000 (default)
2019-11-13 13:02:24,366 [ccb58d27-4340-4f56-86e1-f88286cea239@group-CAD78AE12961-LeaderElection202] INFO  server.RaftServerConfigKeys (ConfUtils.java:logGet(43)) - raft.server.watch.timeout = 10s (default)
2019-11-13 13:02:24,366 [90f8c6ad-89d1-4dd8-98a8-ca579bb4c57a@group-BC826A4F679F-LeaderElection201] INFO  server.RaftServerConfigKeys (ConfUtils.java:logGet(43)) - raft.server.rpc.sleep.time = 25ms (default)
2019-11-13 13:02:24,366 [ccb58d27-4340-4f56-86e1-f88286cea239@group-CAD78AE12961-LeaderElection202] INFO  server.RaftServerConfigKeys (ConfUtils.java:logGet(43)) - raft.server.watch.timeout.denomination = 1s (default)
2019-11-13 13:02:24,367 [ccb58d27-4340-4f56-86e1-f88286cea239@group-CAD78AE12961-LeaderElection202] INFO  server.RaftServerConfigKeys (ConfUtils.java:logGet(43)) - raft.server.watch.element-limit = 65536 (default)
2019-11-13 13:02:24,367 [90f8c6ad-89d1-4dd8-98a8-ca579bb4c57a@group-BC826A4F679F-LeaderElection201] INFO  server.RaftServerConfigKeys (ConfUtils.java:logGet(43)) - raft.server.write.element-limit = 4096 (default)
2019-11-13 13:02:24,367 [EventQueue-PipelineReportForPipelineReportHandler] INFO  pipeline.PipelineStateManager (PipelineStateManager.java:openPipeline(134)) - Pipeline Pipeline[ Id: 7509f1b6-db02-46c7-a79e-bc826a4f679f, Nodes: 90f8c6ad-89d1-4dd8-98a8-ca579bb4c57a{ip: 192.168.157.200, host: pr-hdds-2452-7vw7s-1330541530, networkLocation: /rack1, certSerialId: null}, Type:RATIS, Factor:ONE, State:OPEN] moved to OPEN state
2019-11-13 13:02:24,367 [90f8c6ad-89d1-4dd8-98a8-ca579bb4c57a@group-BC826A4F679F-LeaderElection201] INFO  server.RaftServerConfigKeys (ConfUtils.java:logGet(43)) - raft.server.watch.timeout = 10s (default)
2019-11-13 13:02:24,367 [ccb58d27-4340-4f56-86e1-f88286cea239@group-CAD78AE12961-LeaderElection202] INFO  impl.RoleInfo (RoleInfo.java:updateAndGet(143)) - ccb58d27-4340-4f56-86e1-f88286cea239: start LeaderState
2019-11-13 13:02:24,367 [90f8c6ad-89d1-4dd8-98a8-ca579bb4c57a@group-BC826A4F679F-LeaderElection201] INFO  server.RaftServerConfigKeys (ConfUtils.java:logGet(43)) - raft.server.watch.timeout.denomination = 1s (default)
2019-11-13 13:02:24,367 [EventQueue-PipelineReportForPipelineReportHandler] INFO  pipeline.PipelineStateManager (PipelineStateManager.java:openPipeline(134)) - Pipeline Pipeline[ Id: b42ea994-ee87-4049-9c09-cad78ae12961, Nodes: ccb58d27-4340-4f56-86e1-f88286cea239{ip: 192.168.157.200, host: pr-hdds-2452-7vw7s-1330541530, networkLocation: /rack1, certSerialId: null}, Type:RATIS, Factor:ONE, State:OPEN] moved to OPEN state
2019-11-13 13:02:24,367 [ccb58d27-4340-4f56-86e1-f88286cea239@group-CAD78AE12961-LeaderElection202] INFO  segmented.SegmentedRaftLogWorker (SegmentedRaftLogWorker.java:startLogSegment(385)) - ccb58d27-4340-4f56-86e1-f88286cea239@group-CAD78AE12961-SegmentedRaftLogWorker: Starting segment from index:0
2019-11-13 13:02:24,367 [90f8c6ad-89d1-4dd8-98a8-ca579bb4c57a@group-BC826A4F679F-LeaderElection201] INFO  server.RaftServerConfigKeys (ConfUtils.java:logGet(43)) - raft.server.watch.element-limit = 65536 (default)
2019-11-13 13:02:24,368 [Thread-3912] INFO  impl.FollowerState (FollowerState.java:run(111)) - 8ff9d20a-2236-45f0-8596-c8d53407e80c@group-54469DDDDEFE-FollowerState: change to CANDIDATE, lastRpcTime:1026ms, electionTimeout:1026ms
2019-11-13 13:02:24,368 [90f8c6ad-89d1-4dd8-98a8-ca579bb4c57a@group-BC826A4F679F-LeaderElection201] INFO  impl.RoleInfo (RoleInfo.java:updateAndGet(143)) - 90f8c6ad-89d1-4dd8-98a8-ca579bb4c57a: start LeaderState
2019-11-13 13:02:24,368 [ccb58d27-4340-4f56-86e1-f88286cea239@group-CAD78AE12961-LeaderElection202] INFO  impl.RaftServerImpl (ServerState.java:setRaftConf(356)) - ccb58d27-4340-4f56-86e1-f88286cea239@group-CAD78AE12961: set configuration 0: [ccb58d27-4340-4f56-86e1-f88286cea239:192.168.157.200:36584], old=null at 0
2019-11-13 13:02:24,368 [Thread-3912] INFO  impl.RoleInfo (RoleInfo.java:shutdownFollowerState(121)) - 8ff9d20a-2236-45f0-8596-c8d53407e80c: shutdown FollowerState
2019-11-13 13:02:24,368 [90f8c6ad-89d1-4dd8-98a8-ca579bb4c57a@group-BC826A4F679F-LeaderElection201] INFO  segmented.SegmentedRaftLogWorker (SegmentedRaftLogWorker.java:startLogSegment(385)) - 90f8c6ad-89d1-4dd8-98a8-ca579bb4c57a@group-BC826A4F679F-SegmentedRaftLogWorker: Starting segment from index:0
2019-11-13 13:02:24,368 [Thread-3912] INFO  impl.RaftServerImpl (RaftServerImpl.java:setRole(173)) - 8ff9d20a-2236-45f0-8596-c8d53407e80c@group-54469DDDDEFE: changes role from  FOLLOWER to CANDIDATE at term 0 for changeToCandidate
2019-11-13 13:02:24,369 [Thread-3912] INFO  impl.RoleInfo (RoleInfo.java:updateAndGet(143)) - 8ff9d20a-2236-45f0-8596-c8d53407e80c: start LeaderElection
2019-11-13 13:02:24,369 [90f8c6ad-89d1-4dd8-98a8-ca579bb4c57a@group-BC826A4F679F-LeaderElection201] INFO  impl.RaftServerImpl (ServerState.java:setRaftConf(356)) - 90f8c6ad-89d1-4dd8-98a8-ca579bb4c57a@group-BC826A4F679F: set configuration 0: [90f8c6ad-89d1-4dd8-98a8-ca579bb4c57a:192.168.157.200:39136], old=null at 0
2019-11-13 13:02:24,429 [90f8c6ad-89d1-4dd8-98a8-ca579bb4c57a@group-BC826A4F679F-SegmentedRaftLogWorker] INFO  segmented.SegmentedRaftLogWorker (SegmentedRaftLogWorker.java:execute(576)) - 90f8c6ad-89d1-4dd8-98a8-ca579bb4c57a@group-BC826A4F679F-SegmentedRaftLogWorker: created new log segment /workdir/hadoop-ozone/integration-test/target/test-dir/MiniOzoneClusterImpl-90e8aeb1-2975-47c6-9bba-faf27de7fb8c/datanode-0/data/ratis/7509f1b6-db02-46c7-a79e-bc826a4f679f/current/log_inprogress_0
2019-11-13 13:02:24,429 [ccb58d27-4340-4f56-86e1-f88286cea239@group-CAD78AE12961-SegmentedRaftLogWorker] INFO  segmented.SegmentedRaftLogWorker (SegmentedRaftLogWorker.java:execute(576)) - ccb58d27-4340-4f56-86e1-f88286cea239@group-CAD78AE12961-SegmentedRaftLogWorker: created new log segment /workdir/hadoop-ozone/integration-test/target/test-dir/MiniOzoneClusterImpl-90e8aeb1-2975-47c6-9bba-faf27de7fb8c/datanode-1/data/ratis/b42ea994-ee87-4049-9c09-cad78ae12961/current/log_inprogress_0
2019-11-13 13:02:24,429 [8ff9d20a-2236-45f0-8596-c8d53407e80c@group-54469DDDDEFE-LeaderElection203] INFO  impl.LeaderElection (LeaderElection.java:askForVotes(178)) - 8ff9d20a-2236-45f0-8596-c8d53407e80c@group-54469DDDDEFE-LeaderElection203: begin an election at term 1 for -1: [8ff9d20a-2236-45f0-8596-c8d53407e80c:192.168.157.200:39500], old=null
2019-11-13 13:02:24,430 [8ff9d20a-2236-45f0-8596-c8d53407e80c@group-54469DDDDEFE-LeaderElection203] INFO  impl.RoleInfo (RoleInfo.java:shutdownLeaderElection(134)) - 8ff9d20a-2236-45f0-8596-c8d53407e80c: shutdown LeaderElection
2019-11-13 13:02:24,430 [8ff9d20a-2236-45f0-8596-c8d53407e80c@group-54469DDDDEFE-LeaderElection203] INFO  impl.RaftServerImpl (RaftServerImpl.java:setRole(173)) - 8ff9d20a-2236-45f0-8596-c8d53407e80c@group-54469DDDDEFE: changes role from CANDIDATE to LEADER at term 1 for changeToLeader
2019-11-13 13:02:24,430 [8ff9d20a-2236-45f0-8596-c8d53407e80c@group-54469DDDDEFE-LeaderElection203] INFO  ratis.XceiverServerRatis (XceiverServerRatis.java:handleLeaderChangedNotification(697)) - Leader change notification received for group: group-54469DDDDEFE with new leaderId: 8ff9d20a-2236-45f0-8596-c8d53407e80c
2019-11-13 13:02:24,430 [8ff9d20a-2236-45f0-8596-c8d53407e80c@group-54469DDDDEFE-LeaderElection203] INFO  impl.RaftServerImpl (ServerState.java:setLeader(255)) - 8ff9d20a-2236-45f0-8596-c8d53407e80c@group-54469DDDDEFE: change Leader from null to 8ff9d20a-2236-45f0-8596-c8d53407e80c at term 1 for becomeLeader, leader elected after 1092ms
2019-11-13 13:02:24,430 [8ff9d20a-2236-45f0-8596-c8d53407e80c@group-54469DDDDEFE-LeaderElection203] INFO  server.RaftServerConfigKeys (ConfUtils.java:logGet(43)) - raft.server.staging.catchup.gap = 1000 (default)
2019-11-13 13:02:24,432 [8ff9d20a-2236-45f0-8596-c8d53407e80c@group-54469DDDDEFE-LeaderElection203] INFO  server.RaftServerConfigKeys (ConfUtils.java:logGet(43)) - raft.server.rpc.sleep.time = 25ms (default)
2019-11-13 13:02:24,433 [8ff9d20a-2236-45f0-8596-c8d53407e80c@group-54469DDDDEFE-LeaderElection203] INFO  server.RaftServerConfigKeys (ConfUtils.java:logGet(43)) - raft.server.write.element-limit = 4096 (default)
2019-11-13 13:02:24,433 [8ff9d20a-2236-45f0-8596-c8d53407e80c@group-54469DDDDEFE-LeaderElection203] INFO  server.RaftServerConfigKeys (ConfUtils.java:logGet(43)) - raft.server.watch.timeout = 10s (default)
2019-11-13 13:02:24,433 [8ff9d20a-2236-45f0-8596-c8d53407e80c@group-54469DDDDEFE-LeaderElection203] INFO  server.RaftServerConfigKeys (ConfUtils.java:logGet(43)) - raft.server.watch.timeout.denomination = 1s (default)
2019-11-13 13:02:24,433 [8ff9d20a-2236-45f0-8596-c8d53407e80c@group-54469DDDDEFE-LeaderElection203] INFO  server.RaftServerConfigKeys (ConfUtils.java:logGet(43)) - raft.server.watch.element-limit = 65536 (default)
2019-11-13 13:02:24,433 [8ff9d20a-2236-45f0-8596-c8d53407e80c@group-54469DDDDEFE-LeaderElection203] INFO  impl.RoleInfo (RoleInfo.java:updateAndGet(143)) - 8ff9d20a-2236-45f0-8596-c8d53407e80c: start LeaderState
2019-11-13 13:02:24,433 [8ff9d20a-2236-45f0-8596-c8d53407e80c@group-54469DDDDEFE-LeaderElection203] INFO  segmented.SegmentedRaftLogWorker (SegmentedRaftLogWorker.java:startLogSegment(385)) - 8ff9d20a-2236-45f0-8596-c8d53407e80c@group-54469DDDDEFE-SegmentedRaftLogWorker: Starting segment from index:0
2019-11-13 13:02:24,433 [EventQueue-PipelineReportForPipelineReportHandler] INFO  pipeline.PipelineStateManager (PipelineStateManager.java:openPipeline(134)) - Pipeline Pipeline[ Id: 920352cc-4dff-4810-970d-54469ddddefe, Nodes: 8ff9d20a-2236-45f0-8596-c8d53407e80c{ip: 192.168.157.200, host: pr-hdds-2452-7vw7s-1330541530, networkLocation: /rack1, certSerialId: null}, Type:RATIS, Factor:ONE, State:OPEN] moved to OPEN state
2019-11-13 13:02:24,433 [8ff9d20a-2236-45f0-8596-c8d53407e80c@group-54469DDDDEFE-LeaderElection203] INFO  impl.RaftServerImpl (ServerState.java:setRaftConf(356)) - 8ff9d20a-2236-45f0-8596-c8d53407e80c@group-54469DDDDEFE: set configuration 0: [8ff9d20a-2236-45f0-8596-c8d53407e80c:192.168.157.200:39500], old=null at 0
2019-11-13 13:02:24,489 [8ff9d20a-2236-45f0-8596-c8d53407e80c@group-54469DDDDEFE-SegmentedRaftLogWorker] INFO  segmented.SegmentedRaftLogWorker (SegmentedRaftLogWorker.java:execute(576)) - 8ff9d20a-2236-45f0-8596-c8d53407e80c@group-54469DDDDEFE-SegmentedRaftLogWorker: created new log segment /workdir/hadoop-ozone/integration-test/target/test-dir/MiniOzoneClusterImpl-90e8aeb1-2975-47c6-9bba-faf27de7fb8c/datanode-2/data/ratis/920352cc-4dff-4810-970d-54469ddddefe/current/log_inprogress_0
2019-11-13 13:02:24,493 [Thread-3918] INFO  impl.FollowerState (FollowerState.java:run(111)) - 9bca8fcc-ea98-4ec4-92ce-7a037de40a27@group-7E5EA1404CE1-FollowerState: change to CANDIDATE, lastRpcTime:1014ms, electionTimeout:1014ms
2019-11-13 13:02:24,493 [Thread-3918] INFO  impl.RoleInfo (RoleInfo.java:shutdownFollowerState(121)) - 9bca8fcc-ea98-4ec4-92ce-7a037de40a27: shutdown FollowerState
2019-11-13 13:02:24,493 [Thread-3918] INFO  impl.RaftServerImpl (RaftServerImpl.java:setRole(173)) - 9bca8fcc-ea98-4ec4-92ce-7a037de40a27@group-7E5EA1404CE1: changes role from  FOLLOWER to CANDIDATE at term 0 for changeToCandidate
2019-11-13 13:02:24,493 [Thread-3918] INFO  impl.RoleInfo (RoleInfo.java:updateAndGet(143)) - 9bca8fcc-ea98-4ec4-92ce-7a037de40a27: start LeaderElection
2019-11-13 13:02:24,512 [9bca8fcc-ea98-4ec4-92ce-7a037de40a27@group-7E5EA1404CE1-LeaderElection204] INFO  impl.LeaderElection (LeaderElection.java:askForVotes(178)) - 9bca8fcc-ea98-4ec4-92ce-7a037de40a27@group-7E5EA1404CE1-LeaderElection204: begin an election at term 1 for -1: [9bca8fcc-ea98-4ec4-92ce-7a037de40a27:192.168.157.200:33211, ccb58d27-4340-4f56-86e1-f88286cea239:192.168.157.200:36584, 90f8c6ad-89d1-4dd8-98a8-ca579bb4c57a:192.168.157.200:39136], old=null
2019-11-13 13:02:24,520 [grpc-default-executor-6] INFO  impl.RaftServerImpl (RaftServerImpl.java:setRole(173)) - 90f8c6ad-89d1-4dd8-98a8-ca579bb4c57a@group-7E5EA1404CE1: changes role from  FOLLOWER to FOLLOWER at term 1 for recognizeCandidate:9bca8fcc-ea98-4ec4-92ce-7a037de40a27
2019-11-13 13:02:24,520 [grpc-default-executor-9] INFO  impl.RaftServerImpl (RaftServerImpl.java:setRole(173)) - ccb58d27-4340-4f56-86e1-f88286cea239@group-7E5EA1404CE1: changes role from  FOLLOWER to FOLLOWER at term 1 for recognizeCandidate:9bca8fcc-ea98-4ec4-92ce-7a037de40a27
2019-11-13 13:02:24,520 [grpc-default-executor-6] INFO  impl.RoleInfo (RoleInfo.java:shutdownFollowerState(121)) - 90f8c6ad-89d1-4dd8-98a8-ca579bb4c57a: shutdown FollowerState
2019-11-13 13:02:24,520 [grpc-default-executor-9] INFO  impl.RoleInfo (RoleInfo.java:shutdownFollowerState(121)) - ccb58d27-4340-4f56-86e1-f88286cea239: shutdown FollowerState
2019-11-13 13:02:24,521 [grpc-default-executor-6] INFO  impl.RoleInfo (RoleInfo.java:updateAndGet(143)) - 90f8c6ad-89d1-4dd8-98a8-ca579bb4c57a: start FollowerState
2019-11-13 13:02:24,521 [Thread-3924] INFO  impl.FollowerState (FollowerState.java:run(120)) - 90f8c6ad-89d1-4dd8-98a8-ca579bb4c57a@group-7E5EA1404CE1-FollowerState was interrupted: java.lang.InterruptedException: sleep interrupted
2019-11-13 13:02:24,521 [grpc-default-executor-9] INFO  impl.RoleInfo (RoleInfo.java:updateAndGet(143)) - ccb58d27-4340-4f56-86e1-f88286cea239: start FollowerState
2019-11-13 13:02:24,521 [Thread-3921] INFO  impl.FollowerState (FollowerState.java:run(120)) - ccb58d27-4340-4f56-86e1-f88286cea239@group-7E5EA1404CE1-FollowerState was interrupted: java.lang.InterruptedException: sleep interrupted
2019-11-13 13:02:24,545 [9bca8fcc-ea98-4ec4-92ce-7a037de40a27@group-7E5EA1404CE1-LeaderElection204] INFO  impl.LeaderElection (LeaderElection.java:logAndReturn(56)) - 9bca8fcc-ea98-4ec4-92ce-7a037de40a27@group-7E5EA1404CE1-LeaderElection204: Election PASSED; received 1 response(s) [9bca8fcc-ea98-4ec4-92ce-7a037de40a27<-90f8c6ad-89d1-4dd8-98a8-ca579bb4c57a#0:OK-t1] and 0 exception(s); 9bca8fcc-ea98-4ec4-92ce-7a037de40a27@group-7E5EA1404CE1:t1, leader=null, voted=9bca8fcc-ea98-4ec4-92ce-7a037de40a27, raftlog=9bca8fcc-ea98-4ec4-92ce-7a037de40a27@group-7E5EA1404CE1-SegmentedRaftLog:OPENED:c-1,f-1,i0, conf=-1: [9bca8fcc-ea98-4ec4-92ce-7a037de40a27:192.168.157.200:33211, ccb58d27-4340-4f56-86e1-f88286cea239:192.168.157.200:36584, 90f8c6ad-89d1-4dd8-98a8-ca579bb4c57a:192.168.157.200:39136], old=null
2019-11-13 13:02:24,545 [9bca8fcc-ea98-4ec4-92ce-7a037de40a27@group-7E5EA1404CE1-LeaderElection204] INFO  impl.RoleInfo (RoleInfo.java:shutdownLeaderElection(134)) - 9bca8fcc-ea98-4ec4-92ce-7a037de40a27: shutdown LeaderElection
2019-11-13 13:02:24,545 [9bca8fcc-ea98-4ec4-92ce-7a037de40a27@group-7E5EA1404CE1-LeaderElection204] INFO  impl.RaftServerImpl (RaftServerImpl.java:setRole(173)) - 9bca8fcc-ea98-4ec4-92ce-7a037de40a27@group-7E5EA1404CE1: changes role from CANDIDATE to LEADER at term 1 for changeToLeader
2019-11-13 13:02:24,545 [9bca8fcc-ea98-4ec4-92ce-7a037de40a27@group-7E5EA1404CE1-LeaderElection204] INFO  ratis.XceiverServerRatis (XceiverServerRatis.java:handleLeaderChangedNotification(697)) - Leader change notification received for group: group-7E5EA1404CE1 with new leaderId: 9bca8fcc-ea98-4ec4-92ce-7a037de40a27
2019-11-13 13:02:24,545 [9bca8fcc-ea98-4ec4-92ce-7a037de40a27@group-7E5EA1404CE1-LeaderElection204] INFO  impl.RaftServerImpl (ServerState.java:setLeader(255)) - 9bca8fcc-ea98-4ec4-92ce-7a037de40a27@group-7E5EA1404CE1: change Leader from null to 9bca8fcc-ea98-4ec4-92ce-7a037de40a27 at term 1 for becomeLeader, leader elected after 1080ms
2019-11-13 13:02:24,545 [9bca8fcc-ea98-4ec4-92ce-7a037de40a27@group-7E5EA1404CE1-LeaderElection204] INFO  server.RaftServerConfigKeys (ConfUtils.java:logGet(43)) - raft.server.staging.catchup.gap = 1000 (default)
2019-11-13 13:02:24,545 [9bca8fcc-ea98-4ec4-92ce-7a037de40a27@group-7E5EA1404CE1-LeaderElection204] INFO  server.RaftServerConfigKeys (ConfUtils.java:logGet(43)) - raft.server.rpc.sleep.time = 25ms (default)
2019-11-13 13:02:24,548 [Thread-3915] INFO  impl.FollowerState (FollowerState.java:run(111)) - 9bca8fcc-ea98-4ec4-92ce-7a037de40a27@group-CA32E95BA872-FollowerState: change to CANDIDATE, lastRpcTime:1147ms, electionTimeout:1147ms
2019-11-13 13:02:24,549 [9bca8fcc-ea98-4ec4-92ce-7a037de40a27@group-7E5EA1404CE1-LeaderElection204] INFO  server.RaftServerConfigKeys (ConfUtils.java:logGet(43)) - raft.server.write.element-limit = 4096 (default)
2019-11-13 13:02:24,549 [Thread-3915] INFO  impl.RoleInfo (RoleInfo.java:shutdownFollowerState(121)) - 9bca8fcc-ea98-4ec4-92ce-7a037de40a27: shutdown FollowerState
2019-11-13 13:02:24,549 [9bca8fcc-ea98-4ec4-92ce-7a037de40a27@group-7E5EA1404CE1-LeaderElection204] INFO  server.RaftServerConfigKeys (ConfUtils.java:logGet(43)) - raft.server.watch.timeout = 10s (default)
2019-11-13 13:02:24,549 [Thread-3915] INFO  impl.RaftServerImpl (RaftServerImpl.java:setRole(173)) - 9bca8fcc-ea98-4ec4-92ce-7a037de40a27@group-CA32E95BA872: changes role from  FOLLOWER to CANDIDATE at term 0 for changeToCandidate
2019-11-13 13:02:24,549 [9bca8fcc-ea98-4ec4-92ce-7a037de40a27@group-7E5EA1404CE1-LeaderElection204] INFO  server.RaftServerConfigKeys (ConfUtils.java:logGet(43)) - raft.server.watch.timeout.denomination = 1s (default)
2019-11-13 13:02:24,549 [Thread-3915] INFO  impl.RoleInfo (RoleInfo.java:updateAndGet(143)) - 9bca8fcc-ea98-4ec4-92ce-7a037de40a27: start LeaderElection
2019-11-13 13:02:24,549 [EventQueue-PipelineReportForPipelineReportHandler] INFO  pipeline.PipelineStateManager (PipelineStateManager.java:openPipeline(134)) - Pipeline Pipeline[ Id: 360249f9-3a3f-4ff9-aaba-7e5ea1404ce1, Nodes: ccb58d27-4340-4f56-86e1-f88286cea239{ip: 192.168.157.200, host: pr-hdds-2452-7vw7s-1330541530, networkLocation: /rack1, certSerialId: null}9bca8fcc-ea98-4ec4-92ce-7a037de40a27{ip: 192.168.157.200, host: pr-hdds-2452-7vw7s-1330541530, networkLocation: /rack1, certSerialId: null}90f8c6ad-89d1-4dd8-98a8-ca579bb4c57a{ip: 192.168.157.200, host: pr-hdds-2452-7vw7s-1330541530, networkLocation: /rack1, certSerialId: null}, Type:RATIS, Factor:THREE, State:OPEN] moved to OPEN state
2019-11-13 13:02:24,549 [9bca8fcc-ea98-4ec4-92ce-7a037de40a27@group-7E5EA1404CE1-LeaderElection204] INFO  server.RaftServerConfigKeys (ConfUtils.java:logGet(43)) - raft.server.watch.element-limit = 65536 (default)
2019-11-13 13:02:24,554 [9bca8fcc-ea98-4ec4-92ce-7a037de40a27@group-7E5EA1404CE1-LeaderElection204] INFO  server.RaftServerConfigKeys (ConfUtils.java:logGet(43)) - raft.server.log.appender.snapshot.chunk.size.max = 16MB (=16777216) (default)
2019-11-13 13:02:24,554 [9bca8fcc-ea98-4ec4-92ce-7a037de40a27@group-7E5EA1404CE1-LeaderElection204] INFO  server.RaftServerConfigKeys (ConfUtils.java:logGet(43)) - raft.server.log.appender.buffer.byte-limit = 33554432 (custom)
2019-11-13 13:02:24,554 [9bca8fcc-ea98-4ec4-92ce-7a037de40a27@group-7E5EA1404CE1-LeaderElection204] INFO  server.RaftServerConfigKeys (ConfUtils.java:logGet(43)) - raft.server.log.appender.buffer.element-limit = 1 (custom)
2019-11-13 13:02:24,554 [9bca8fcc-ea98-4ec4-92ce-7a037de40a27@group-7E5EA1404CE1-LeaderElection204] INFO  grpc.GrpcConfigKeys$Server (ConfUtils.java:logGet(43)) - raft.grpc.server.leader.outstanding.appends.max = 128 (default)
2019-11-13 13:02:24,555 [9bca8fcc-ea98-4ec4-92ce-7a037de40a27@group-7E5EA1404CE1-LeaderElection204] INFO  server.RaftServerConfigKeys (ConfUtils.java:logGet(43)) - raft.server.rpc.request.timeout = 3000ms (default)
2019-11-13 13:02:24,555 [9bca8fcc-ea98-4ec4-92ce-7a037de40a27@group-7E5EA1404CE1-LeaderElection204] INFO  server.RaftServerConfigKeys (ConfUtils.java:logGet(43)) - raft.server.log.appender.install.snapshot.enabled = false (custom)
2019-11-13 13:02:24,555 [9bca8fcc-ea98-4ec4-92ce-7a037de40a27@group-7E5EA1404CE1-LeaderElection204] WARN  impl.MetricRegistriesImpl (MetricRegistriesImpl.java:lambda$create$1(61)) - First MetricRegistry has been created without registering reporters. You may need to call MetricRegistries.global().addReportRegistration(...) before.
2019-11-13 13:02:24,555 [9bca8fcc-ea98-4ec4-92ce-7a037de40a27@group-7E5EA1404CE1-LeaderElection204] INFO  server.RaftServerConfigKeys (ConfUtils.java:logGet(43)) - raft.server.log.appender.snapshot.chunk.size.max = 16MB (=16777216) (default)
2019-11-13 13:02:24,555 [9bca8fcc-ea98-4ec4-92ce-7a037de40a27@group-7E5EA1404CE1-LeaderElection204] INFO  server.RaftServerConfigKeys (ConfUtils.java:logGet(43)) - raft.server.log.appender.buffer.byte-limit = 33554432 (custom)
2019-11-13 13:02:24,555 [9bca8fcc-ea98-4ec4-92ce-7a037de40a27@group-7E5EA1404CE1-LeaderElection204] INFO  server.RaftServerConfigKeys (ConfUtils.java:logGet(43)) - raft.server.log.appender.buffer.element-limit = 1 (custom)
2019-11-13 13:02:24,556 [9bca8fcc-ea98-4ec4-92ce-7a037de40a27@group-7E5EA1404CE1-LeaderElection204] INFO  grpc.GrpcConfigKeys$Server (ConfUtils.java:logGet(43)) - raft.grpc.server.leader.outstanding.appends.max = 128 (default)
2019-11-13 13:02:24,556 [9bca8fcc-ea98-4ec4-92ce-7a037de40a27@group-7E5EA1404CE1-LeaderElection204] INFO  server.RaftServerConfigKeys (ConfUtils.java:logGet(43)) - raft.server.rpc.request.timeout = 3000ms (default)
2019-11-13 13:02:24,556 [9bca8fcc-ea98-4ec4-92ce-7a037de40a27@group-7E5EA1404CE1-LeaderElection204] INFO  server.RaftServerConfigKeys (ConfUtils.java:logGet(43)) - raft.server.log.appender.install.snapshot.enabled = false (custom)
2019-11-13 13:02:24,556 [9bca8fcc-ea98-4ec4-92ce-7a037de40a27@group-7E5EA1404CE1-LeaderElection204] INFO  impl.RoleInfo (RoleInfo.java:updateAndGet(143)) - 9bca8fcc-ea98-4ec4-92ce-7a037de40a27: start LeaderState
2019-11-13 13:02:24,556 [9bca8fcc-ea98-4ec4-92ce-7a037de40a27@group-7E5EA1404CE1-LeaderElection204] INFO  segmented.SegmentedRaftLogWorker (SegmentedRaftLogWorker.java:startLogSegment(385)) - 9bca8fcc-ea98-4ec4-92ce-7a037de40a27@group-7E5EA1404CE1-SegmentedRaftLogWorker: Starting segment from index:0
2019-11-13 13:02:24,557 [9bca8fcc-ea98-4ec4-92ce-7a037de40a27@group-7E5EA1404CE1-LeaderElection204] INFO  impl.RaftServerImpl (ServerState.java:setRaftConf(356)) - 9bca8fcc-ea98-4ec4-92ce-7a037de40a27@group-7E5EA1404CE1: set configuration 0: [9bca8fcc-ea98-4ec4-92ce-7a037de40a27:192.168.157.200:33211, ccb58d27-4340-4f56-86e1-f88286cea239:192.168.157.200:36584, 90f8c6ad-89d1-4dd8-98a8-ca579bb4c57a:192.168.157.200:39136], old=null at 0
2019-11-13 13:02:24,559 [grpc-default-executor-6] INFO  ratis.XceiverServerRatis (XceiverServerRatis.java:handleLeaderChangedNotification(697)) - Leader change notification received for group: group-7E5EA1404CE1 with new leaderId: 9bca8fcc-ea98-4ec4-92ce-7a037de40a27
2019-11-13 13:02:24,559 [grpc-default-executor-6] INFO  impl.RaftServerImpl (ServerState.java:setLeader(255)) - 90f8c6ad-89d1-4dd8-98a8-ca579bb4c57a@group-7E5EA1404CE1: change Leader from null to 9bca8fcc-ea98-4ec4-92ce-7a037de40a27 at term 1 for appendEntries, leader elected after 1091ms
2019-11-13 13:02:24,559 [grpc-default-executor-9] INFO  ratis.XceiverServerRatis (XceiverServerRatis.java:handleLeaderChangedNotification(697)) - Leader change notification received for group: group-7E5EA1404CE1 with new leaderId: 9bca8fcc-ea98-4ec4-92ce-7a037de40a27
2019-11-13 13:02:24,559 [grpc-default-executor-9] INFO  impl.RaftServerImpl (ServerState.java:setLeader(255)) - ccb58d27-4340-4f56-86e1-f88286cea239@group-7E5EA1404CE1: change Leader from null to 9bca8fcc-ea98-4ec4-92ce-7a037de40a27 at term 1 for appendEntries, leader elected after 1092ms
2019-11-13 13:02:24,596 [9bca8fcc-ea98-4ec4-92ce-7a037de40a27@group-CA32E95BA872-LeaderElection205] INFO  impl.LeaderElection (LeaderElection.java:askForVotes(178)) - 9bca8fcc-ea98-4ec4-92ce-7a037de40a27@group-CA32E95BA872-LeaderElection205: begin an election at term 1 for -1: [9bca8fcc-ea98-4ec4-92ce-7a037de40a27:192.168.157.200:33211], old=null
2019-11-13 13:02:24,596 [9bca8fcc-ea98-4ec4-92ce-7a037de40a27@group-CA32E95BA872-LeaderElection205] INFO  impl.RoleInfo (RoleInfo.java:shutdownLeaderElection(134)) - 9bca8fcc-ea98-4ec4-92ce-7a037de40a27: shutdown LeaderElection
2019-11-13 13:02:24,600 [9bca8fcc-ea98-4ec4-92ce-7a037de40a27@group-CA32E95BA872-LeaderElection205] INFO  impl.RaftServerImpl (RaftServerImpl.java:setRole(173)) - 9bca8fcc-ea98-4ec4-92ce-7a037de40a27@group-CA32E95BA872: changes role from CANDIDATE to LEADER at term 1 for changeToLeader
2019-11-13 13:02:24,600 [9bca8fcc-ea98-4ec4-92ce-7a037de40a27@group-CA32E95BA872-LeaderElection205] INFO  ratis.XceiverServerRatis (XceiverServerRatis.java:handleLeaderChangedNotification(697)) - Leader change notification received for group: group-CA32E95BA872 with new leaderId: 9bca8fcc-ea98-4ec4-92ce-7a037de40a27
2019-11-13 13:02:24,600 [9bca8fcc-ea98-4ec4-92ce-7a037de40a27@group-CA32E95BA872-LeaderElection205] INFO  impl.RaftServerImpl (ServerState.java:setLeader(255)) - 9bca8fcc-ea98-4ec4-92ce-7a037de40a27@group-CA32E95BA872: change Leader from null to 9bca8fcc-ea98-4ec4-92ce-7a037de40a27 at term 1 for becomeLeader, leader elected after 1203ms
2019-11-13 13:02:24,600 [9bca8fcc-ea98-4ec4-92ce-7a037de40a27@group-CA32E95BA872-LeaderElection205] INFO  server.RaftServerConfigKeys (ConfUtils.java:logGet(43)) - raft.server.staging.catchup.gap = 1000 (default)
2019-11-13 13:02:24,600 [9bca8fcc-ea98-4ec4-92ce-7a037de40a27@group-CA32E95BA872-LeaderElection205] INFO  server.RaftServerConfigKeys (ConfUtils.java:logGet(43)) - raft.server.rpc.sleep.time = 25ms (default)
2019-11-13 13:02:24,601 [9bca8fcc-ea98-4ec4-92ce-7a037de40a27@group-CA32E95BA872-LeaderElection205] INFO  server.RaftServerConfigKeys (ConfUtils.java:logGet(43)) - raft.server.write.element-limit = 4096 (default)
2019-11-13 13:02:24,601 [grpc-default-executor-6] INFO  impl.RaftServerImpl (ServerState.java:setRaftConf(356)) - 90f8c6ad-89d1-4dd8-98a8-ca579bb4c57a@group-7E5EA1404CE1: set configuration 0: [9bca8fcc-ea98-4ec4-92ce-7a037de40a27:192.168.157.200:33211, ccb58d27-4340-4f56-86e1-f88286cea239:192.168.157.200:36584, 90f8c6ad-89d1-4dd8-98a8-ca579bb4c57a:192.168.157.200:39136], old=null at 0
2019-11-13 13:02:24,601 [EventQueue-PipelineReportForPipelineReportHandler] INFO  pipeline.PipelineStateManager (PipelineStateManager.java:openPipeline(134)) - Pipeline Pipeline[ Id: 51d61a02-0ecf-4415-be74-ca32e95ba872, Nodes: 9bca8fcc-ea98-4ec4-92ce-7a037de40a27{ip: 192.168.157.200, host: pr-hdds-2452-7vw7s-1330541530, networkLocation: /rack1, certSerialId: null}, Type:RATIS, Factor:ONE, State:OPEN] moved to OPEN state
2019-11-13 13:02:24,601 [9bca8fcc-ea98-4ec4-92ce-7a037de40a27@group-CA32E95BA872-LeaderElection205] INFO  server.RaftServerConfigKeys (ConfUtils.java:logGet(43)) - raft.server.watch.timeout = 10s (default)
2019-11-13 13:02:24,601 [grpc-default-executor-6] INFO  segmented.SegmentedRaftLogWorker (SegmentedRaftLogWorker.java:startLogSegment(385)) - 90f8c6ad-89d1-4dd8-98a8-ca579bb4c57a@group-7E5EA1404CE1-SegmentedRaftLogWorker: Starting segment from index:0
2019-11-13 13:02:24,601 [grpc-default-executor-9] INFO  impl.RaftServerImpl (ServerState.java:setRaftConf(356)) - ccb58d27-4340-4f56-86e1-f88286cea239@group-7E5EA1404CE1: set configuration 0: [9bca8fcc-ea98-4ec4-92ce-7a037de40a27:192.168.157.200:33211, ccb58d27-4340-4f56-86e1-f88286cea239:192.168.157.200:36584, 90f8c6ad-89d1-4dd8-98a8-ca579bb4c57a:192.168.157.200:39136], old=null at 0
2019-11-13 13:02:24,602 [9bca8fcc-ea98-4ec4-92ce-7a037de40a27@group-CA32E95BA872-LeaderElection205] INFO  server.RaftServerConfigKeys (ConfUtils.java:logGet(43)) - raft.server.watch.timeout.denomination = 1s (default)
2019-11-13 13:02:24,602 [grpc-default-executor-9] INFO  segmented.SegmentedRaftLogWorker (SegmentedRaftLogWorker.java:startLogSegment(385)) - ccb58d27-4340-4f56-86e1-f88286cea239@group-7E5EA1404CE1-SegmentedRaftLogWorker: Starting segment from index:0
2019-11-13 13:02:24,602 [9bca8fcc-ea98-4ec4-92ce-7a037de40a27@group-CA32E95BA872-LeaderElection205] INFO  server.RaftServerConfigKeys (ConfUtils.java:logGet(43)) - raft.server.watch.element-limit = 65536 (default)
2019-11-13 13:02:24,603 [9bca8fcc-ea98-4ec4-92ce-7a037de40a27@group-CA32E95BA872-LeaderElection205] INFO  impl.RoleInfo (RoleInfo.java:updateAndGet(143)) - 9bca8fcc-ea98-4ec4-92ce-7a037de40a27: start LeaderState
2019-11-13 13:02:24,603 [9bca8fcc-ea98-4ec4-92ce-7a037de40a27@group-CA32E95BA872-LeaderElection205] INFO  segmented.SegmentedRaftLogWorker (SegmentedRaftLogWorker.java:startLogSegment(385)) - 9bca8fcc-ea98-4ec4-92ce-7a037de40a27@group-CA32E95BA872-SegmentedRaftLogWorker: Starting segment from index:0
2019-11-13 13:02:24,603 [9bca8fcc-ea98-4ec4-92ce-7a037de40a27@group-CA32E95BA872-LeaderElection205] INFO  impl.RaftServerImpl (ServerState.java:setRaftConf(356)) - 9bca8fcc-ea98-4ec4-92ce-7a037de40a27@group-CA32E95BA872: set configuration 0: [9bca8fcc-ea98-4ec4-92ce-7a037de40a27:192.168.157.200:33211], old=null at 0
2019-11-13 13:02:24,618 [9bca8fcc-ea98-4ec4-92ce-7a037de40a27@group-7E5EA1404CE1-SegmentedRaftLogWorker] INFO  segmented.SegmentedRaftLogWorker (SegmentedRaftLogWorker.java:execute(576)) - 9bca8fcc-ea98-4ec4-92ce-7a037de40a27@group-7E5EA1404CE1-SegmentedRaftLogWorker: created new log segment /workdir/hadoop-ozone/integration-test/target/test-dir/MiniOzoneClusterImpl-90e8aeb1-2975-47c6-9bba-faf27de7fb8c/datanode-3/data/ratis/360249f9-3a3f-4ff9-aaba-7e5ea1404ce1/current/log_inprogress_0
2019-11-13 13:02:24,651 [Thread-3927] INFO  impl.FollowerState (FollowerState.java:run(111)) - 1a33519a-3def-4d79-b3e5-c4d8286dc86e@group-EA83140B62D4-FollowerState: change to CANDIDATE, lastRpcTime:1090ms, electionTimeout:1090ms
2019-11-13 13:02:24,651 [Thread-3927] INFO  impl.RoleInfo (RoleInfo.java:shutdownFollowerState(121)) - 1a33519a-3def-4d79-b3e5-c4d8286dc86e: shutdown FollowerState
2019-11-13 13:02:24,651 [Thread-3927] INFO  impl.RaftServerImpl (RaftServerImpl.java:setRole(173)) - 1a33519a-3def-4d79-b3e5-c4d8286dc86e@group-EA83140B62D4: changes role from  FOLLOWER to CANDIDATE at term 0 for changeToCandidate
2019-11-13 13:02:24,651 [Thread-3927] INFO  impl.RoleInfo (RoleInfo.java:updateAndGet(143)) - 1a33519a-3def-4d79-b3e5-c4d8286dc86e: start LeaderElection
2019-11-13 13:02:24,669 [90f8c6ad-89d1-4dd8-98a8-ca579bb4c57a@group-7E5EA1404CE1-SegmentedRaftLogWorker] INFO  segmented.SegmentedRaftLogWorker (SegmentedRaftLogWorker.java:execute(576)) - 90f8c6ad-89d1-4dd8-98a8-ca579bb4c57a@group-7E5EA1404CE1-SegmentedRaftLogWorker: created new log segment /workdir/hadoop-ozone/integration-test/target/test-dir/MiniOzoneClusterImpl-90e8aeb1-2975-47c6-9bba-faf27de7fb8c/datanode-0/data/ratis/360249f9-3a3f-4ff9-aaba-7e5ea1404ce1/current/log_inprogress_0
2019-11-13 13:02:24,669 [ccb58d27-4340-4f56-86e1-f88286cea239@group-7E5EA1404CE1-SegmentedRaftLogWorker] INFO  segmented.SegmentedRaftLogWorker (SegmentedRaftLogWorker.java:execute(576)) - ccb58d27-4340-4f56-86e1-f88286cea239@group-7E5EA1404CE1-SegmentedRaftLogWorker: created new log segment /workdir/hadoop-ozone/integration-test/target/test-dir/MiniOzoneClusterImpl-90e8aeb1-2975-47c6-9bba-faf27de7fb8c/datanode-1/data/ratis/360249f9-3a3f-4ff9-aaba-7e5ea1404ce1/current/log_inprogress_0
2019-11-13 13:02:24,669 [9bca8fcc-ea98-4ec4-92ce-7a037de40a27@group-CA32E95BA872-SegmentedRaftLogWorker] INFO  segmented.SegmentedRaftLogWorker (SegmentedRaftLogWorker.java:execute(576)) - 9bca8fcc-ea98-4ec4-92ce-7a037de40a27@group-CA32E95BA872-SegmentedRaftLogWorker: created new log segment /workdir/hadoop-ozone/integration-test/target/test-dir/MiniOzoneClusterImpl-90e8aeb1-2975-47c6-9bba-faf27de7fb8c/datanode-3/data/ratis/51d61a02-0ecf-4415-be74-ca32e95ba872/current/log_inprogress_0
2019-11-13 13:02:24,686 [1a33519a-3def-4d79-b3e5-c4d8286dc86e@group-EA83140B62D4-LeaderElection206] INFO  impl.LeaderElection (LeaderElection.java:askForVotes(178)) - 1a33519a-3def-4d79-b3e5-c4d8286dc86e@group-EA83140B62D4-LeaderElection206: begin an election at term 1 for -1: [1a33519a-3def-4d79-b3e5-c4d8286dc86e:192.168.157.200:40699], old=null
2019-11-13 13:02:24,686 [1a33519a-3def-4d79-b3e5-c4d8286dc86e@group-EA83140B62D4-LeaderElection206] INFO  impl.RoleInfo (RoleInfo.java:shutdownLeaderElection(134)) - 1a33519a-3def-4d79-b3e5-c4d8286dc86e: shutdown LeaderElection
2019-11-13 13:02:24,686 [1a33519a-3def-4d79-b3e5-c4d8286dc86e@group-EA83140B62D4-LeaderElection206] INFO  impl.RaftServerImpl (RaftServerImpl.java:setRole(173)) - 1a33519a-3def-4d79-b3e5-c4d8286dc86e@group-EA83140B62D4: changes role from CANDIDATE to LEADER at term 1 for changeToLeader
2019-11-13 13:02:24,686 [1a33519a-3def-4d79-b3e5-c4d8286dc86e@group-EA83140B62D4-LeaderElection206] INFO  ratis.XceiverServerRatis (XceiverServerRatis.java:handleLeaderChangedNotification(697)) - Leader change notification received for group: group-EA83140B62D4 with new leaderId: 1a33519a-3def-4d79-b3e5-c4d8286dc86e
2019-11-13 13:02:24,687 [1a33519a-3def-4d79-b3e5-c4d8286dc86e@group-EA83140B62D4-LeaderElection206] INFO  impl.RaftServerImpl (ServerState.java:setLeader(255)) - 1a33519a-3def-4d79-b3e5-c4d8286dc86e@group-EA83140B62D4: change Leader from null to 1a33519a-3def-4d79-b3e5-c4d8286dc86e at term 1 for becomeLeader, leader elected after 1129ms
2019-11-13 13:02:24,687 [1a33519a-3def-4d79-b3e5-c4d8286dc86e@group-EA83140B62D4-LeaderElection206] INFO  server.RaftServerConfigKeys (ConfUtils.java:logGet(43)) - raft.server.staging.catchup.gap = 1000 (default)
2019-11-13 13:02:24,687 [1a33519a-3def-4d79-b3e5-c4d8286dc86e@group-EA83140B62D4-LeaderElection206] INFO  server.RaftServerConfigKeys (ConfUtils.java:logGet(43)) - raft.server.rpc.sleep.time = 25ms (default)
2019-11-13 13:02:24,690 [1a33519a-3def-4d79-b3e5-c4d8286dc86e@group-EA83140B62D4-LeaderElection206] INFO  server.RaftServerConfigKeys (ConfUtils.java:logGet(43)) - raft.server.write.element-limit = 4096 (default)
2019-11-13 13:02:24,690 [1a33519a-3def-4d79-b3e5-c4d8286dc86e@group-EA83140B62D4-LeaderElection206] INFO  server.RaftServerConfigKeys (ConfUtils.java:logGet(43)) - raft.server.watch.timeout = 10s (default)
2019-11-13 13:02:24,690 [1a33519a-3def-4d79-b3e5-c4d8286dc86e@group-EA83140B62D4-LeaderElection206] INFO  server.RaftServerConfigKeys (ConfUtils.java:logGet(43)) - raft.server.watch.timeout.denomination = 1s (default)
2019-11-13 13:02:24,690 [1a33519a-3def-4d79-b3e5-c4d8286dc86e@group-EA83140B62D4-LeaderElection206] INFO  server.RaftServerConfigKeys (ConfUtils.java:logGet(43)) - raft.server.watch.element-limit = 65536 (default)
2019-11-13 13:02:24,691 [1a33519a-3def-4d79-b3e5-c4d8286dc86e@group-EA83140B62D4-LeaderElection206] INFO  impl.RoleInfo (RoleInfo.java:updateAndGet(143)) - 1a33519a-3def-4d79-b3e5-c4d8286dc86e: start LeaderState
2019-11-13 13:02:24,691 [1a33519a-3def-4d79-b3e5-c4d8286dc86e@group-EA83140B62D4-LeaderElection206] INFO  segmented.SegmentedRaftLogWorker (SegmentedRaftLogWorker.java:startLogSegment(385)) - 1a33519a-3def-4d79-b3e5-c4d8286dc86e@group-EA83140B62D4-SegmentedRaftLogWorker: Starting segment from index:0
2019-11-13 13:02:24,691 [EventQueue-PipelineReportForPipelineReportHandler] INFO  pipeline.PipelineStateManager (PipelineStateManager.java:openPipeline(134)) - Pipeline Pipeline[ Id: 19215213-5bb9-4bea-aa27-ea83140b62d4, Nodes: 1a33519a-3def-4d79-b3e5-c4d8286dc86e{ip: 192.168.157.200, host: pr-hdds-2452-7vw7s-1330541530, networkLocation: /rack1, certSerialId: null}, Type:RATIS, Factor:ONE, State:OPEN] moved to OPEN state
2019-11-13 13:02:24,691 [1a33519a-3def-4d79-b3e5-c4d8286dc86e@group-EA83140B62D4-LeaderElection206] INFO  impl.RaftServerImpl (ServerState.java:setRaftConf(356)) - 1a33519a-3def-4d79-b3e5-c4d8286dc86e@group-EA83140B62D4: set configuration 0: [1a33519a-3def-4d79-b3e5-c4d8286dc86e:192.168.157.200:40699], old=null at 0
2019-11-13 13:02:24,745 [1a33519a-3def-4d79-b3e5-c4d8286dc86e@group-EA83140B62D4-SegmentedRaftLogWorker] INFO  segmented.SegmentedRaftLogWorker (SegmentedRaftLogWorker.java:execute(576)) - 1a33519a-3def-4d79-b3e5-c4d8286dc86e@group-EA83140B62D4-SegmentedRaftLogWorker: created new log segment /workdir/hadoop-ozone/integration-test/target/test-dir/MiniOzoneClusterImpl-90e8aeb1-2975-47c6-9bba-faf27de7fb8c/datanode-4/data/ratis/19215213-5bb9-4bea-aa27-ea83140b62d4/current/log_inprogress_0
2019-11-13 13:02:24,752 [Thread-3930] INFO  impl.FollowerState (FollowerState.java:run(111)) - 7ba291c4-9ee0-417b-844f-44a16c4ba9e2@group-4DA4D061BA2F-FollowerState: change to CANDIDATE, lastRpcTime:1125ms, electionTimeout:1125ms
2019-11-13 13:02:24,753 [Thread-3930] INFO  impl.RoleInfo (RoleInfo.java:shutdownFollowerState(121)) - 7ba291c4-9ee0-417b-844f-44a16c4ba9e2: shutdown FollowerState
2019-11-13 13:02:24,753 [Thread-3930] INFO  impl.RaftServerImpl (RaftServerImpl.java:setRole(173)) - 7ba291c4-9ee0-417b-844f-44a16c4ba9e2@group-4DA4D061BA2F: changes role from  FOLLOWER to CANDIDATE at term 0 for changeToCandidate
2019-11-13 13:02:24,753 [Thread-3930] INFO  impl.RoleInfo (RoleInfo.java:updateAndGet(143)) - 7ba291c4-9ee0-417b-844f-44a16c4ba9e2: start LeaderElection
2019-11-13 13:02:24,787 [7ba291c4-9ee0-417b-844f-44a16c4ba9e2@group-4DA4D061BA2F-LeaderElection207] INFO  impl.LeaderElection (LeaderElection.java:askForVotes(178)) - 7ba291c4-9ee0-417b-844f-44a16c4ba9e2@group-4DA4D061BA2F-LeaderElection207: begin an election at term 1 for -1: [7ba291c4-9ee0-417b-844f-44a16c4ba9e2:192.168.157.200:33359], old=null
2019-11-13 13:02:24,787 [7ba291c4-9ee0-417b-844f-44a16c4ba9e2@group-4DA4D061BA2F-LeaderElection207] INFO  impl.RoleInfo (RoleInfo.java:shutdownLeaderElection(134)) - 7ba291c4-9ee0-417b-844f-44a16c4ba9e2: shutdown LeaderElection
2019-11-13 13:02:24,787 [7ba291c4-9ee0-417b-844f-44a16c4ba9e2@group-4DA4D061BA2F-LeaderElection207] INFO  impl.RaftServerImpl (RaftServerImpl.java:setRole(173)) - 7ba291c4-9ee0-417b-844f-44a16c4ba9e2@group-4DA4D061BA2F: changes role from CANDIDATE to LEADER at term 1 for changeToLeader
2019-11-13 13:02:24,788 [7ba291c4-9ee0-417b-844f-44a16c4ba9e2@group-4DA4D061BA2F-LeaderElection207] INFO  ratis.XceiverServerRatis (XceiverServerRatis.java:handleLeaderChangedNotification(697)) - Leader change notification received for group: group-4DA4D061BA2F with new leaderId: 7ba291c4-9ee0-417b-844f-44a16c4ba9e2
2019-11-13 13:02:24,788 [7ba291c4-9ee0-417b-844f-44a16c4ba9e2@group-4DA4D061BA2F-LeaderElection207] INFO  impl.RaftServerImpl (ServerState.java:setLeader(255)) - 7ba291c4-9ee0-417b-844f-44a16c4ba9e2@group-4DA4D061BA2F: change Leader from null to 7ba291c4-9ee0-417b-844f-44a16c4ba9e2 at term 1 for becomeLeader, leader elected after 1163ms
2019-11-13 13:02:24,788 [7ba291c4-9ee0-417b-844f-44a16c4ba9e2@group-4DA4D061BA2F-LeaderElection207] INFO  server.RaftServerConfigKeys (ConfUtils.java:logGet(43)) - raft.server.staging.catchup.gap = 1000 (default)
2019-11-13 13:02:24,788 [7ba291c4-9ee0-417b-844f-44a16c4ba9e2@group-4DA4D061BA2F-LeaderElection207] INFO  server.RaftServerConfigKeys (ConfUtils.java:logGet(43)) - raft.server.rpc.sleep.time = 25ms (default)
2019-11-13 13:02:24,792 [7ba291c4-9ee0-417b-844f-44a16c4ba9e2@group-4DA4D061BA2F-LeaderElection207] INFO  server.RaftServerConfigKeys (ConfUtils.java:logGet(43)) - raft.server.write.element-limit = 4096 (default)
2019-11-13 13:02:24,792 [7ba291c4-9ee0-417b-844f-44a16c4ba9e2@group-4DA4D061BA2F-LeaderElection207] INFO  server.RaftServerConfigKeys (ConfUtils.java:logGet(43)) - raft.server.watch.timeout = 10s (default)
2019-11-13 13:02:24,792 [7ba291c4-9ee0-417b-844f-44a16c4ba9e2@group-4DA4D061BA2F-LeaderElection207] INFO  server.RaftServerConfigKeys (ConfUtils.java:logGet(43)) - raft.server.watch.timeout.denomination = 1s (default)
2019-11-13 13:02:24,792 [7ba291c4-9ee0-417b-844f-44a16c4ba9e2@group-4DA4D061BA2F-LeaderElection207] INFO  server.RaftServerConfigKeys (ConfUtils.java:logGet(43)) - raft.server.watch.element-limit = 65536 (default)
2019-11-13 13:02:24,793 [EventQueue-PipelineReportForPipelineReportHandler] INFO  pipeline.PipelineStateManager (PipelineStateManager.java:openPipeline(134)) - Pipeline Pipeline[ Id: 6b8fb905-2139-48ff-95e0-4da4d061ba2f, Nodes: 7ba291c4-9ee0-417b-844f-44a16c4ba9e2{ip: 192.168.157.200, host: pr-hdds-2452-7vw7s-1330541530, networkLocation: /rack1, certSerialId: null}, Type:RATIS, Factor:ONE, State:OPEN] moved to OPEN state
2019-11-13 13:02:24,793 [7ba291c4-9ee0-417b-844f-44a16c4ba9e2@group-4DA4D061BA2F-LeaderElection207] INFO  impl.RoleInfo (RoleInfo.java:updateAndGet(143)) - 7ba291c4-9ee0-417b-844f-44a16c4ba9e2: start LeaderState
2019-11-13 13:02:24,793 [7ba291c4-9ee0-417b-844f-44a16c4ba9e2@group-4DA4D061BA2F-LeaderElection207] INFO  segmented.SegmentedRaftLogWorker (SegmentedRaftLogWorker.java:startLogSegment(385)) - 7ba291c4-9ee0-417b-844f-44a16c4ba9e2@group-4DA4D061BA2F-SegmentedRaftLogWorker: Starting segment from index:0
2019-11-13 13:02:24,794 [7ba291c4-9ee0-417b-844f-44a16c4ba9e2@group-4DA4D061BA2F-LeaderElection207] INFO  impl.RaftServerImpl (ServerState.java:setRaftConf(356)) - 7ba291c4-9ee0-417b-844f-44a16c4ba9e2@group-4DA4D061BA2F: set configuration 0: [7ba291c4-9ee0-417b-844f-44a16c4ba9e2:192.168.157.200:33359], old=null at 0
2019-11-13 13:02:24,826 [Thread-3933] INFO  impl.FollowerState (FollowerState.java:run(111)) - 971d177f-fbc5-4c3a-b100-2607610d94ec@group-5DB417B45C64-FollowerState: change to CANDIDATE, lastRpcTime:1138ms, electionTimeout:1138ms
2019-11-13 13:02:24,826 [Thread-3933] INFO  impl.RoleInfo (RoleInfo.java:shutdownFollowerState(121)) - 971d177f-fbc5-4c3a-b100-2607610d94ec: shutdown FollowerState
2019-11-13 13:02:24,827 [Thread-3933] INFO  impl.RaftServerImpl (RaftServerImpl.java:setRole(173)) - 971d177f-fbc5-4c3a-b100-2607610d94ec@group-5DB417B45C64: changes role from  FOLLOWER to CANDIDATE at term 0 for changeToCandidate
2019-11-13 13:02:24,827 [Thread-3933] INFO  impl.RoleInfo (RoleInfo.java:updateAndGet(143)) - 971d177f-fbc5-4c3a-b100-2607610d94ec: start LeaderElection
2019-11-13 13:02:24,862 [7ba291c4-9ee0-417b-844f-44a16c4ba9e2@group-4DA4D061BA2F-SegmentedRaftLogWorker] INFO  segmented.SegmentedRaftLogWorker (SegmentedRaftLogWorker.java:execute(576)) - 7ba291c4-9ee0-417b-844f-44a16c4ba9e2@group-4DA4D061BA2F-SegmentedRaftLogWorker: created new log segment /workdir/hadoop-ozone/integration-test/target/test-dir/MiniOzoneClusterImpl-90e8aeb1-2975-47c6-9bba-faf27de7fb8c/datanode-5/data/ratis/6b8fb905-2139-48ff-95e0-4da4d061ba2f/current/log_inprogress_0
2019-11-13 13:02:24,862 [971d177f-fbc5-4c3a-b100-2607610d94ec@group-5DB417B45C64-LeaderElection208] INFO  impl.LeaderElection (LeaderElection.java:askForVotes(178)) - 971d177f-fbc5-4c3a-b100-2607610d94ec@group-5DB417B45C64-LeaderElection208: begin an election at term 1 for -1: [971d177f-fbc5-4c3a-b100-2607610d94ec:192.168.157.200:33290], old=null
2019-11-13 13:02:24,863 [971d177f-fbc5-4c3a-b100-2607610d94ec@group-5DB417B45C64-LeaderElection208] INFO  impl.RoleInfo (RoleInfo.java:shutdownLeaderElection(134)) - 971d177f-fbc5-4c3a-b100-2607610d94ec: shutdown LeaderElection
2019-11-13 13:02:24,863 [971d177f-fbc5-4c3a-b100-2607610d94ec@group-5DB417B45C64-LeaderElection208] INFO  impl.RaftServerImpl (RaftServerImpl.java:setRole(173)) - 971d177f-fbc5-4c3a-b100-2607610d94ec@group-5DB417B45C64: changes role from CANDIDATE to LEADER at term 1 for changeToLeader
2019-11-13 13:02:24,863 [971d177f-fbc5-4c3a-b100-2607610d94ec@group-5DB417B45C64-LeaderElection208] INFO  ratis.XceiverServerRatis (XceiverServerRatis.java:handleLeaderChangedNotification(697)) - Leader change notification received for group: group-5DB417B45C64 with new leaderId: 971d177f-fbc5-4c3a-b100-2607610d94ec
2019-11-13 13:02:24,863 [971d177f-fbc5-4c3a-b100-2607610d94ec@group-5DB417B45C64-LeaderElection208] INFO  impl.RaftServerImpl (ServerState.java:setLeader(255)) - 971d177f-fbc5-4c3a-b100-2607610d94ec@group-5DB417B45C64: change Leader from null to 971d177f-fbc5-4c3a-b100-2607610d94ec at term 1 for becomeLeader, leader elected after 1178ms
2019-11-13 13:02:24,863 [971d177f-fbc5-4c3a-b100-2607610d94ec@group-5DB417B45C64-LeaderElection208] INFO  server.RaftServerConfigKeys (ConfUtils.java:logGet(43)) - raft.server.staging.catchup.gap = 1000 (default)
2019-11-13 13:02:24,863 [971d177f-fbc5-4c3a-b100-2607610d94ec@group-5DB417B45C64-LeaderElection208] INFO  server.RaftServerConfigKeys (ConfUtils.java:logGet(43)) - raft.server.rpc.sleep.time = 25ms (default)
2019-11-13 13:02:24,867 [971d177f-fbc5-4c3a-b100-2607610d94ec@group-5DB417B45C64-LeaderElection208] INFO  server.RaftServerConfigKeys (ConfUtils.java:logGet(43)) - raft.server.write.element-limit = 4096 (default)
2019-11-13 13:02:24,867 [971d177f-fbc5-4c3a-b100-2607610d94ec@group-5DB417B45C64-LeaderElection208] INFO  server.RaftServerConfigKeys (ConfUtils.java:logGet(43)) - raft.server.watch.timeout = 10s (default)
2019-11-13 13:02:24,867 [971d177f-fbc5-4c3a-b100-2607610d94ec@group-5DB417B45C64-LeaderElection208] INFO  server.RaftServerConfigKeys (ConfUtils.java:logGet(43)) - raft.server.watch.timeout.denomination = 1s (default)
2019-11-13 13:02:24,867 [971d177f-fbc5-4c3a-b100-2607610d94ec@group-5DB417B45C64-LeaderElection208] INFO  server.RaftServerConfigKeys (ConfUtils.java:logGet(43)) - raft.server.watch.element-limit = 65536 (default)
2019-11-13 13:02:24,867 [EventQueue-PipelineReportForPipelineReportHandler] INFO  pipeline.PipelineStateManager (PipelineStateManager.java:openPipeline(134)) - Pipeline Pipeline[ Id: 5bed9ab0-33db-48be-acaf-5db417b45c64, Nodes: 971d177f-fbc5-4c3a-b100-2607610d94ec{ip: 192.168.157.200, host: pr-hdds-2452-7vw7s-1330541530, networkLocation: /rack1, certSerialId: null}, Type:RATIS, Factor:ONE, State:OPEN] moved to OPEN state
2019-11-13 13:02:24,868 [971d177f-fbc5-4c3a-b100-2607610d94ec@group-5DB417B45C64-LeaderElection208] INFO  impl.RoleInfo (RoleInfo.java:updateAndGet(143)) - 971d177f-fbc5-4c3a-b100-2607610d94ec: start LeaderState
2019-11-13 13:02:24,868 [971d177f-fbc5-4c3a-b100-2607610d94ec@group-5DB417B45C64-LeaderElection208] INFO  segmented.SegmentedRaftLogWorker (SegmentedRaftLogWorker.java:startLogSegment(385)) - 971d177f-fbc5-4c3a-b100-2607610d94ec@group-5DB417B45C64-SegmentedRaftLogWorker: Starting segment from index:0
2019-11-13 13:02:24,868 [971d177f-fbc5-4c3a-b100-2607610d94ec@group-5DB417B45C64-LeaderElection208] INFO  impl.RaftServerImpl (ServerState.java:setRaftConf(356)) - 971d177f-fbc5-4c3a-b100-2607610d94ec@group-5DB417B45C64: set configuration 0: [971d177f-fbc5-4c3a-b100-2607610d94ec:192.168.157.200:33290], old=null at 0
2019-11-13 13:02:24,881 [Thread-3939] INFO  impl.FollowerState (FollowerState.java:run(111)) - a7629fe5-c619-4c28-bdfc-63292747e9b9@group-C8E79842948D-FollowerState: change to CANDIDATE, lastRpcTime:1057ms, electionTimeout:1057ms
2019-11-13 13:02:24,881 [Thread-3939] INFO  impl.RoleInfo (RoleInfo.java:shutdownFollowerState(121)) - a7629fe5-c619-4c28-bdfc-63292747e9b9: shutdown FollowerState
2019-11-13 13:02:24,881 [Thread-3939] INFO  impl.RaftServerImpl (RaftServerImpl.java:setRole(173)) - a7629fe5-c619-4c28-bdfc-63292747e9b9@group-C8E79842948D: changes role from  FOLLOWER to CANDIDATE at term 0 for changeToCandidate
2019-11-13 13:02:24,881 [Thread-3939] INFO  impl.RoleInfo (RoleInfo.java:updateAndGet(143)) - a7629fe5-c619-4c28-bdfc-63292747e9b9: start LeaderElection
2019-11-13 13:02:24,901 [Thread-3936] INFO  impl.FollowerState (FollowerState.java:run(111)) - 3d7387af-ecb5-4c7d-b20b-5fe48849adda@group-44AB8B55AECF-FollowerState: change to CANDIDATE, lastRpcTime:1146ms, electionTimeout:1144ms
2019-11-13 13:02:24,903 [Thread-3942] INFO  impl.FollowerState (FollowerState.java:run(111)) - 318b4bc4-2a6a-4055-b801-3341d5814353@group-EBACD4F54DEB-FollowerState: change to CANDIDATE, lastRpcTime:1012ms, electionTimeout:1010ms
2019-11-13 13:02:24,903 [Thread-3936] INFO  impl.RoleInfo (RoleInfo.java:shutdownFollowerState(121)) - 3d7387af-ecb5-4c7d-b20b-5fe48849adda: shutdown FollowerState
2019-11-13 13:02:24,904 [Thread-3942] INFO  impl.RoleInfo (RoleInfo.java:shutdownFollowerState(121)) - 318b4bc4-2a6a-4055-b801-3341d5814353: shutdown FollowerState
2019-11-13 13:02:24,904 [Thread-3936] INFO  impl.RaftServerImpl (RaftServerImpl.java:setRole(173)) - 3d7387af-ecb5-4c7d-b20b-5fe48849adda@group-44AB8B55AECF: changes role from  FOLLOWER to CANDIDATE at term 0 for changeToCandidate
2019-11-13 13:02:24,904 [Thread-3942] INFO  impl.RaftServerImpl (RaftServerImpl.java:setRole(173)) - 318b4bc4-2a6a-4055-b801-3341d5814353@group-EBACD4F54DEB: changes role from  FOLLOWER to CANDIDATE at term 0 for changeToCandidate
2019-11-13 13:02:24,904 [Thread-3936] INFO  impl.RoleInfo (RoleInfo.java:updateAndGet(143)) - 3d7387af-ecb5-4c7d-b20b-5fe48849adda: start LeaderElection
2019-11-13 13:02:24,904 [Thread-3942] INFO  impl.RoleInfo (RoleInfo.java:updateAndGet(143)) - 318b4bc4-2a6a-4055-b801-3341d5814353: start LeaderElection
2019-11-13 13:02:24,930 [3d7387af-ecb5-4c7d-b20b-5fe48849adda@group-44AB8B55AECF-LeaderElection210] INFO  impl.LeaderElection (LeaderElection.java:askForVotes(178)) - 3d7387af-ecb5-4c7d-b20b-5fe48849adda@group-44AB8B55AECF-LeaderElection210: begin an election at term 1 for -1: [3d7387af-ecb5-4c7d-b20b-5fe48849adda:192.168.157.200:37245], old=null
2019-11-13 13:02:24,930 [971d177f-fbc5-4c3a-b100-2607610d94ec@group-5DB417B45C64-SegmentedRaftLogWorker] INFO  segmented.SegmentedRaftLogWorker (SegmentedRaftLogWorker.java:execute(576)) - 971d177f-fbc5-4c3a-b100-2607610d94ec@group-5DB417B45C64-SegmentedRaftLogWorker: created new log segment /workdir/hadoop-ozone/integration-test/target/test-dir/MiniOzoneClusterImpl-90e8aeb1-2975-47c6-9bba-faf27de7fb8c/datanode-6/data/ratis/5bed9ab0-33db-48be-acaf-5db417b45c64/current/log_inprogress_0
2019-11-13 13:02:24,930 [318b4bc4-2a6a-4055-b801-3341d5814353@group-EBACD4F54DEB-LeaderElection211] INFO  impl.LeaderElection (LeaderElection.java:askForVotes(178)) - 318b4bc4-2a6a-4055-b801-3341d5814353@group-EBACD4F54DEB-LeaderElection211: begin an election at term 1 for -1: [318b4bc4-2a6a-4055-b801-3341d5814353:192.168.157.200:34345], old=null
2019-11-13 13:02:24,930 [a7629fe5-c619-4c28-bdfc-63292747e9b9@group-C8E79842948D-LeaderElection209] INFO  impl.LeaderElection (LeaderElection.java:askForVotes(178)) - a7629fe5-c619-4c28-bdfc-63292747e9b9@group-C8E79842948D-LeaderElection209: begin an election at term 1 for -1: [a7629fe5-c619-4c28-bdfc-63292747e9b9:192.168.157.200:36140], old=null
2019-11-13 13:02:24,930 [3d7387af-ecb5-4c7d-b20b-5fe48849adda@group-44AB8B55AECF-LeaderElection210] INFO  impl.RoleInfo (RoleInfo.java:shutdownLeaderElection(134)) - 3d7387af-ecb5-4c7d-b20b-5fe48849adda: shutdown LeaderElection
2019-11-13 13:02:24,930 [a7629fe5-c619-4c28-bdfc-63292747e9b9@group-C8E79842948D-LeaderElection209] INFO  impl.RoleInfo (RoleInfo.java:shutdownLeaderElection(134)) - a7629fe5-c619-4c28-bdfc-63292747e9b9: shutdown LeaderElection
2019-11-13 13:02:24,930 [318b4bc4-2a6a-4055-b801-3341d5814353@group-EBACD4F54DEB-LeaderElection211] INFO  impl.RoleInfo (RoleInfo.java:shutdownLeaderElection(134)) - 318b4bc4-2a6a-4055-b801-3341d5814353: shutdown LeaderElection
2019-11-13 13:02:24,930 [a7629fe5-c619-4c28-bdfc-63292747e9b9@group-C8E79842948D-LeaderElection209] INFO  impl.RaftServerImpl (RaftServerImpl.java:setRole(173)) - a7629fe5-c619-4c28-bdfc-63292747e9b9@group-C8E79842948D: changes role from CANDIDATE to LEADER at term 1 for changeToLeader
2019-11-13 13:02:24,930 [3d7387af-ecb5-4c7d-b20b-5fe48849adda@group-44AB8B55AECF-LeaderElection210] INFO  impl.RaftServerImpl (RaftServerImpl.java:setRole(173)) - 3d7387af-ecb5-4c7d-b20b-5fe48849adda@group-44AB8B55AECF: changes role from CANDIDATE to LEADER at term 1 for changeToLeader
2019-11-13 13:02:24,930 [a7629fe5-c619-4c28-bdfc-63292747e9b9@group-C8E79842948D-LeaderElection209] INFO  ratis.XceiverServerRatis (XceiverServerRatis.java:handleLeaderChangedNotification(697)) - Leader change notification received for group: group-C8E79842948D with new leaderId: a7629fe5-c619-4c28-bdfc-63292747e9b9
2019-11-13 13:02:24,930 [318b4bc4-2a6a-4055-b801-3341d5814353@group-EBACD4F54DEB-LeaderElection211] INFO  impl.RaftServerImpl (RaftServerImpl.java:setRole(173)) - 318b4bc4-2a6a-4055-b801-3341d5814353@group-EBACD4F54DEB: changes role from CANDIDATE to LEADER at term 1 for changeToLeader
2019-11-13 13:02:24,931 [3d7387af-ecb5-4c7d-b20b-5fe48849adda@group-44AB8B55AECF-LeaderElection210] INFO  ratis.XceiverServerRatis (XceiverServerRatis.java:handleLeaderChangedNotification(697)) - Leader change notification received for group: group-44AB8B55AECF with new leaderId: 3d7387af-ecb5-4c7d-b20b-5fe48849adda
2019-11-13 13:02:24,931 [a7629fe5-c619-4c28-bdfc-63292747e9b9@group-C8E79842948D-LeaderElection209] INFO  impl.RaftServerImpl (ServerState.java:setLeader(255)) - a7629fe5-c619-4c28-bdfc-63292747e9b9@group-C8E79842948D: change Leader from null to a7629fe5-c619-4c28-bdfc-63292747e9b9 at term 1 for becomeLeader, leader elected after 1111ms
2019-11-13 13:02:24,931 [318b4bc4-2a6a-4055-b801-3341d5814353@group-EBACD4F54DEB-LeaderElection211] INFO  ratis.XceiverServerRatis (XceiverServerRatis.java:handleLeaderChangedNotification(697)) - Leader change notification received for group: group-EBACD4F54DEB with new leaderId: 318b4bc4-2a6a-4055-b801-3341d5814353
2019-11-13 13:02:24,931 [a7629fe5-c619-4c28-bdfc-63292747e9b9@group-C8E79842948D-LeaderElection209] INFO  server.RaftServerConfigKeys (ConfUtils.java:logGet(43)) - raft.server.staging.catchup.gap = 1000 (default)
2019-11-13 13:02:24,931 [3d7387af-ecb5-4c7d-b20b-5fe48849adda@group-44AB8B55AECF-LeaderElection210] INFO  impl.RaftServerImpl (ServerState.java:setLeader(255)) - 3d7387af-ecb5-4c7d-b20b-5fe48849adda@group-44AB8B55AECF: change Leader from null to 3d7387af-ecb5-4c7d-b20b-5fe48849adda at term 1 for becomeLeader, leader elected after 1179ms
2019-11-13 13:02:24,943 [a7629fe5-c619-4c28-bdfc-63292747e9b9@group-C8E79842948D-LeaderElection209] INFO  server.RaftServerConfigKeys (ConfUtils.java:logGet(43)) - raft.server.rpc.sleep.time = 25ms (default)
2019-11-13 13:02:24,943 [318b4bc4-2a6a-4055-b801-3341d5814353@group-EBACD4F54DEB-LeaderElection211] INFO  impl.RaftServerImpl (ServerState.java:setLeader(255)) - 318b4bc4-2a6a-4055-b801-3341d5814353@group-EBACD4F54DEB: change Leader from null to 318b4bc4-2a6a-4055-b801-3341d5814353 at term 1 for becomeLeader, leader elected after 1044ms
2019-11-13 13:02:24,946 [a7629fe5-c619-4c28-bdfc-63292747e9b9@group-C8E79842948D-LeaderElection209] INFO  server.RaftServerConfigKeys (ConfUtils.java:logGet(43)) - raft.server.write.element-limit = 4096 (default)
2019-11-13 13:02:24,945 [EventQueue-PipelineReportForPipelineReportHandler] INFO  pipeline.PipelineStateManager (PipelineStateManager.java:openPipeline(134)) - Pipeline Pipeline[ Id: d43dba6e-e14a-4e03-9a39-c8e79842948d, Nodes: a7629fe5-c619-4c28-bdfc-63292747e9b9{ip: 192.168.157.200, host: pr-hdds-2452-7vw7s-1330541530, networkLocation: /rack1, certSerialId: null}, Type:RATIS, Factor:ONE, State:OPEN] moved to OPEN state
2019-11-13 13:02:24,945 [3d7387af-ecb5-4c7d-b20b-5fe48849adda@group-44AB8B55AECF-LeaderElection210] INFO  server.RaftServerConfigKeys (ConfUtils.java:logGet(43)) - raft.server.staging.catchup.gap = 1000 (default)
2019-11-13 13:02:24,946 [a7629fe5-c619-4c28-bdfc-63292747e9b9@group-C8E79842948D-LeaderElection209] INFO  server.RaftServerConfigKeys (ConfUtils.java:logGet(43)) - raft.server.watch.timeout = 10s (default)
2019-11-13 13:02:24,946 [318b4bc4-2a6a-4055-b801-3341d5814353@group-EBACD4F54DEB-LeaderElection211] INFO  server.RaftServerConfigKeys (ConfUtils.java:logGet(43)) - raft.server.staging.catchup.gap = 1000 (default)
2019-11-13 13:02:24,946 [a7629fe5-c619-4c28-bdfc-63292747e9b9@group-C8E79842948D-LeaderElection209] INFO  server.RaftServerConfigKeys (ConfUtils.java:logGet(43)) - raft.server.watch.timeout.denomination = 1s (default)
2019-11-13 13:02:24,946 [EventQueue-PipelineReportForPipelineReportHandler] INFO  pipeline.PipelineStateManager (PipelineStateManager.java:openPipeline(134)) - Pipeline Pipeline[ Id: 222b1e04-a418-438b-b6f4-44ab8b55aecf, Nodes: 3d7387af-ecb5-4c7d-b20b-5fe48849adda{ip: 192.168.157.200, host: pr-hdds-2452-7vw7s-1330541530, networkLocation: /rack1, certSerialId: null}, Type:RATIS, Factor:ONE, State:OPEN] moved to OPEN state
2019-11-13 13:02:24,946 [3d7387af-ecb5-4c7d-b20b-5fe48849adda@group-44AB8B55AECF-LeaderElection210] INFO  server.RaftServerConfigKeys (ConfUtils.java:logGet(43)) - raft.server.rpc.sleep.time = 25ms (default)
2019-11-13 13:02:24,947 [EventQueue-PipelineReportForPipelineReportHandler] INFO  pipeline.PipelineStateManager (PipelineStateManager.java:openPipeline(134)) - Pipeline Pipeline[ Id: 2b2b0d17-b559-42df-b09c-ebacd4f54deb, Nodes: 318b4bc4-2a6a-4055-b801-3341d5814353{ip: 192.168.157.200, host: pr-hdds-2452-7vw7s-1330541530, networkLocation: /rack1, certSerialId: null}, Type:RATIS, Factor:ONE, State:OPEN] moved to OPEN state
2019-11-13 13:02:24,947 [a7629fe5-c619-4c28-bdfc-63292747e9b9@group-C8E79842948D-LeaderElection209] INFO  server.RaftServerConfigKeys (ConfUtils.java:logGet(43)) - raft.server.watch.element-limit = 65536 (default)
2019-11-13 13:02:24,946 [318b4bc4-2a6a-4055-b801-3341d5814353@group-EBACD4F54DEB-LeaderElection211] INFO  server.RaftServerConfigKeys (ConfUtils.java:logGet(43)) - raft.server.rpc.sleep.time = 25ms (default)
2019-11-13 13:02:24,947 [a7629fe5-c619-4c28-bdfc-63292747e9b9@group-C8E79842948D-LeaderElection209] INFO  impl.RoleInfo (RoleInfo.java:updateAndGet(143)) - a7629fe5-c619-4c28-bdfc-63292747e9b9: start LeaderState
2019-11-13 13:02:24,947 [3d7387af-ecb5-4c7d-b20b-5fe48849adda@group-44AB8B55AECF-LeaderElection210] INFO  server.RaftServerConfigKeys (ConfUtils.java:logGet(43)) - raft.server.write.element-limit = 4096 (default)
2019-11-13 13:02:24,947 [318b4bc4-2a6a-4055-b801-3341d5814353@group-EBACD4F54DEB-LeaderElection211] INFO  server.RaftServerConfigKeys (ConfUtils.java:logGet(43)) - raft.server.write.element-limit = 4096 (default)
2019-11-13 13:02:24,947 [a7629fe5-c619-4c28-bdfc-63292747e9b9@group-C8E79842948D-LeaderElection209] INFO  segmented.SegmentedRaftLogWorker (SegmentedRaftLogWorker.java:startLogSegment(385)) - a7629fe5-c619-4c28-bdfc-63292747e9b9@group-C8E79842948D-SegmentedRaftLogWorker: Starting segment from index:0
2019-11-13 13:02:24,947 [3d7387af-ecb5-4c7d-b20b-5fe48849adda@group-44AB8B55AECF-LeaderElection210] INFO  server.RaftServerConfigKeys (ConfUtils.java:logGet(43)) - raft.server.watch.timeout = 10s (default)
2019-11-13 13:02:24,948 [3d7387af-ecb5-4c7d-b20b-5fe48849adda@group-44AB8B55AECF-LeaderElection210] INFO  server.RaftServerConfigKeys (ConfUtils.java:logGet(43)) - raft.server.watch.timeout.denomination = 1s (default)
2019-11-13 13:02:24,947 [318b4bc4-2a6a-4055-b801-3341d5814353@group-EBACD4F54DEB-LeaderElection211] INFO  server.RaftServerConfigKeys (ConfUtils.java:logGet(43)) - raft.server.watch.timeout = 10s (default)
2019-11-13 13:02:24,948 [a7629fe5-c619-4c28-bdfc-63292747e9b9@group-C8E79842948D-LeaderElection209] INFO  impl.RaftServerImpl (ServerState.java:setRaftConf(356)) - a7629fe5-c619-4c28-bdfc-63292747e9b9@group-C8E79842948D: set configuration 0: [a7629fe5-c619-4c28-bdfc-63292747e9b9:192.168.157.200:36140], old=null at 0
2019-11-13 13:02:24,948 [3d7387af-ecb5-4c7d-b20b-5fe48849adda@group-44AB8B55AECF-LeaderElection210] INFO  server.RaftServerConfigKeys (ConfUtils.java:logGet(43)) - raft.server.watch.element-limit = 65536 (default)
2019-11-13 13:02:24,948 [318b4bc4-2a6a-4055-b801-3341d5814353@group-EBACD4F54DEB-LeaderElection211] INFO  server.RaftServerConfigKeys (ConfUtils.java:logGet(43)) - raft.server.watch.timeout.denomination = 1s (default)
2019-11-13 13:02:24,948 [3d7387af-ecb5-4c7d-b20b-5fe48849adda@group-44AB8B55AECF-LeaderElection210] INFO  impl.RoleInfo (RoleInfo.java:updateAndGet(143)) - 3d7387af-ecb5-4c7d-b20b-5fe48849adda: start LeaderState
2019-11-13 13:02:24,948 [318b4bc4-2a6a-4055-b801-3341d5814353@group-EBACD4F54DEB-LeaderElection211] INFO  server.RaftServerConfigKeys (ConfUtils.java:logGet(43)) - raft.server.watch.element-limit = 65536 (default)
2019-11-13 13:02:24,949 [3d7387af-ecb5-4c7d-b20b-5fe48849adda@group-44AB8B55AECF-LeaderElection210] INFO  segmented.SegmentedRaftLogWorker (SegmentedRaftLogWorker.java:startLogSegment(385)) - 3d7387af-ecb5-4c7d-b20b-5fe48849adda@group-44AB8B55AECF-SegmentedRaftLogWorker: Starting segment from index:0
2019-11-13 13:02:24,949 [318b4bc4-2a6a-4055-b801-3341d5814353@group-EBACD4F54DEB-LeaderElection211] INFO  impl.RoleInfo (RoleInfo.java:updateAndGet(143)) - 318b4bc4-2a6a-4055-b801-3341d5814353: start LeaderState
2019-11-13 13:02:24,949 [3d7387af-ecb5-4c7d-b20b-5fe48849adda@group-44AB8B55AECF-LeaderElection210] INFO  impl.RaftServerImpl (ServerState.java:setRaftConf(356)) - 3d7387af-ecb5-4c7d-b20b-5fe48849adda@group-44AB8B55AECF: set configuration 0: [3d7387af-ecb5-4c7d-b20b-5fe48849adda:192.168.157.200:37245], old=null at 0
2019-11-13 13:02:24,949 [318b4bc4-2a6a-4055-b801-3341d5814353@group-EBACD4F54DEB-LeaderElection211] INFO  segmented.SegmentedRaftLogWorker (SegmentedRaftLogWorker.java:startLogSegment(385)) - 318b4bc4-2a6a-4055-b801-3341d5814353@group-EBACD4F54DEB-SegmentedRaftLogWorker: Starting segment from index:0
2019-11-13 13:02:24,950 [318b4bc4-2a6a-4055-b801-3341d5814353@group-EBACD4F54DEB-LeaderElection211] INFO  impl.RaftServerImpl (ServerState.java:setRaftConf(356)) - 318b4bc4-2a6a-4055-b801-3341d5814353@group-EBACD4F54DEB: set configuration 0: [318b4bc4-2a6a-4055-b801-3341d5814353:192.168.157.200:34345], old=null at 0
2019-11-13 13:02:24,978 [Thread-3949] INFO  impl.FollowerState (FollowerState.java:run(111)) - 1a33519a-3def-4d79-b3e5-c4d8286dc86e@group-AE869CC21C20-FollowerState: change to CANDIDATE, lastRpcTime:1013ms, electionTimeout:1013ms
2019-11-13 13:02:24,978 [Thread-3949] INFO  impl.RoleInfo (RoleInfo.java:shutdownFollowerState(121)) - 1a33519a-3def-4d79-b3e5-c4d8286dc86e: shutdown FollowerState
2019-11-13 13:02:24,978 [Thread-3949] INFO  impl.RaftServerImpl (RaftServerImpl.java:setRole(173)) - 1a33519a-3def-4d79-b3e5-c4d8286dc86e@group-AE869CC21C20: changes role from  FOLLOWER to CANDIDATE at term 0 for changeToCandidate
2019-11-13 13:02:24,978 [Thread-3949] INFO  impl.RoleInfo (RoleInfo.java:updateAndGet(143)) - 1a33519a-3def-4d79-b3e5-c4d8286dc86e: start LeaderElection
2019-11-13 13:02:25,016 [a7629fe5-c619-4c28-bdfc-63292747e9b9@group-C8E79842948D-SegmentedRaftLogWorker] INFO  segmented.SegmentedRaftLogWorker (SegmentedRaftLogWorker.java:execute(576)) - a7629fe5-c619-4c28-bdfc-63292747e9b9@group-C8E79842948D-SegmentedRaftLogWorker: created new log segment /workdir/hadoop-ozone/integration-test/target/test-dir/MiniOzoneClusterImpl-90e8aeb1-2975-47c6-9bba-faf27de7fb8c/datanode-8/data/ratis/d43dba6e-e14a-4e03-9a39-c8e79842948d/current/log_inprogress_0
2019-11-13 13:02:25,016 [3d7387af-ecb5-4c7d-b20b-5fe48849adda@group-44AB8B55AECF-SegmentedRaftLogWorker] INFO  segmented.SegmentedRaftLogWorker (SegmentedRaftLogWorker.java:execute(576)) - 3d7387af-ecb5-4c7d-b20b-5fe48849adda@group-44AB8B55AECF-SegmentedRaftLogWorker: created new log segment /workdir/hadoop-ozone/integration-test/target/test-dir/MiniOzoneClusterImpl-90e8aeb1-2975-47c6-9bba-faf27de7fb8c/datanode-7/data/ratis/222b1e04-a418-438b-b6f4-44ab8b55aecf/current/log_inprogress_0
2019-11-13 13:02:25,017 [1a33519a-3def-4d79-b3e5-c4d8286dc86e@group-AE869CC21C20-LeaderElection212] INFO  impl.LeaderElection (LeaderElection.java:askForVotes(178)) - 1a33519a-3def-4d79-b3e5-c4d8286dc86e@group-AE869CC21C20-LeaderElection212: begin an election at term 1 for -1: [1a33519a-3def-4d79-b3e5-c4d8286dc86e:192.168.157.200:40699, 3d7387af-ecb5-4c7d-b20b-5fe48849adda:192.168.157.200:37245, 318b4bc4-2a6a-4055-b801-3341d5814353:192.168.157.200:34345], old=null
2019-11-13 13:02:25,016 [318b4bc4-2a6a-4055-b801-3341d5814353@group-EBACD4F54DEB-SegmentedRaftLogWorker] INFO  segmented.SegmentedRaftLogWorker (SegmentedRaftLogWorker.java:execute(576)) - 318b4bc4-2a6a-4055-b801-3341d5814353@group-EBACD4F54DEB-SegmentedRaftLogWorker: created new log segment /workdir/hadoop-ozone/integration-test/target/test-dir/MiniOzoneClusterImpl-90e8aeb1-2975-47c6-9bba-faf27de7fb8c/datanode-9/data/ratis/2b2b0d17-b559-42df-b09c-ebacd4f54deb/current/log_inprogress_0
2019-11-13 13:02:25,024 [grpc-default-executor-9] INFO  impl.RaftServerImpl (RaftServerImpl.java:setRole(173)) - 3d7387af-ecb5-4c7d-b20b-5fe48849adda@group-AE869CC21C20: changes role from  FOLLOWER to FOLLOWER at term 1 for recognizeCandidate:1a33519a-3def-4d79-b3e5-c4d8286dc86e
2019-11-13 13:02:25,025 [grpc-default-executor-9] INFO  impl.RoleInfo (RoleInfo.java:shutdownFollowerState(121)) - 3d7387af-ecb5-4c7d-b20b-5fe48849adda: shutdown FollowerState
2019-11-13 13:02:25,024 [grpc-default-executor-6] INFO  impl.RaftServerImpl (RaftServerImpl.java:setRole(173)) - 318b4bc4-2a6a-4055-b801-3341d5814353@group-AE869CC21C20: changes role from  FOLLOWER to FOLLOWER at term 1 for recognizeCandidate:1a33519a-3def-4d79-b3e5-c4d8286dc86e
2019-11-13 13:02:25,025 [grpc-default-executor-6] INFO  impl.RoleInfo (RoleInfo.java:shutdownFollowerState(121)) - 318b4bc4-2a6a-4055-b801-3341d5814353: shutdown FollowerState
2019-11-13 13:02:25,025 [grpc-default-executor-9] INFO  impl.RoleInfo (RoleInfo.java:updateAndGet(143)) - 3d7387af-ecb5-4c7d-b20b-5fe48849adda: start FollowerState
2019-11-13 13:02:25,025 [grpc-default-executor-6] INFO  impl.RoleInfo (RoleInfo.java:updateAndGet(143)) - 318b4bc4-2a6a-4055-b801-3341d5814353: start FollowerState
2019-11-13 13:02:25,025 [Thread-3950] INFO  impl.FollowerState (FollowerState.java:run(120)) - 318b4bc4-2a6a-4055-b801-3341d5814353@group-AE869CC21C20-FollowerState was interrupted: java.lang.InterruptedException: sleep interrupted
2019-11-13 13:02:25,025 [Thread-3945] INFO  impl.FollowerState (FollowerState.java:run(120)) - 3d7387af-ecb5-4c7d-b20b-5fe48849adda@group-AE869CC21C20-FollowerState was interrupted: java.lang.InterruptedException: sleep interrupted
2019-11-13 13:02:25,035 [1a33519a-3def-4d79-b3e5-c4d8286dc86e@group-AE869CC21C20-LeaderElection212] INFO  impl.LeaderElection (LeaderElection.java:logAndReturn(56)) - 1a33519a-3def-4d79-b3e5-c4d8286dc86e@group-AE869CC21C20-LeaderElection212: Election PASSED; received 1 response(s) [1a33519a-3def-4d79-b3e5-c4d8286dc86e<-318b4bc4-2a6a-4055-b801-3341d5814353#0:OK-t1] and 0 exception(s); 1a33519a-3def-4d79-b3e5-c4d8286dc86e@group-AE869CC21C20:t1, leader=null, voted=1a33519a-3def-4d79-b3e5-c4d8286dc86e, raftlog=1a33519a-3def-4d79-b3e5-c4d8286dc86e@group-AE869CC21C20-SegmentedRaftLog:OPENED:c-1,f-1,i0, conf=-1: [1a33519a-3def-4d79-b3e5-c4d8286dc86e:192.168.157.200:40699, 3d7387af-ecb5-4c7d-b20b-5fe48849adda:192.168.157.200:37245, 318b4bc4-2a6a-4055-b801-3341d5814353:192.168.157.200:34345], old=null
2019-11-13 13:02:25,036 [1a33519a-3def-4d79-b3e5-c4d8286dc86e@group-AE869CC21C20-LeaderElection212] INFO  impl.RoleInfo (RoleInfo.java:shutdownLeaderElection(134)) - 1a33519a-3def-4d79-b3e5-c4d8286dc86e: shutdown LeaderElection
2019-11-13 13:02:25,036 [1a33519a-3def-4d79-b3e5-c4d8286dc86e@group-AE869CC21C20-LeaderElection212] INFO  impl.RaftServerImpl (RaftServerImpl.java:setRole(173)) - 1a33519a-3def-4d79-b3e5-c4d8286dc86e@group-AE869CC21C20: changes role from CANDIDATE to LEADER at term 1 for changeToLeader
2019-11-13 13:02:25,036 [1a33519a-3def-4d79-b3e5-c4d8286dc86e@group-AE869CC21C20-LeaderElection212] INFO  ratis.XceiverServerRatis (XceiverServerRatis.java:handleLeaderChangedNotification(697)) - Leader change notification received for group: group-AE869CC21C20 with new leaderId: 1a33519a-3def-4d79-b3e5-c4d8286dc86e
2019-11-13 13:02:25,036 [1a33519a-3def-4d79-b3e5-c4d8286dc86e@group-AE869CC21C20-LeaderElection212] INFO  impl.RaftServerImpl (ServerState.java:setLeader(255)) - 1a33519a-3def-4d79-b3e5-c4d8286dc86e@group-AE869CC21C20: change Leader from null to 1a33519a-3def-4d79-b3e5-c4d8286dc86e at term 1 for becomeLeader, leader elected after 1080ms
2019-11-13 13:02:25,036 [1a33519a-3def-4d79-b3e5-c4d8286dc86e@group-AE869CC21C20-LeaderElection212] INFO  server.RaftServerConfigKeys (ConfUtils.java:logGet(43)) - raft.server.staging.catchup.gap = 1000 (default)
2019-11-13 13:02:25,036 [1a33519a-3def-4d79-b3e5-c4d8286dc86e@group-AE869CC21C20-LeaderElection212] INFO  server.RaftServerConfigKeys (ConfUtils.java:logGet(43)) - raft.server.rpc.sleep.time = 25ms (default)
2019-11-13 13:02:25,036 [1a33519a-3def-4d79-b3e5-c4d8286dc86e@group-AE869CC21C20-LeaderElection212] INFO  server.RaftServerConfigKeys (ConfUtils.java:logGet(43)) - raft.server.write.element-limit = 4096 (default)
2019-11-13 13:02:25,037 [1a33519a-3def-4d79-b3e5-c4d8286dc86e@group-AE869CC21C20-LeaderElection212] INFO  server.RaftServerConfigKeys (ConfUtils.java:logGet(43)) - raft.server.watch.timeout = 10s (default)
2019-11-13 13:02:25,037 [1a33519a-3def-4d79-b3e5-c4d8286dc86e@group-AE869CC21C20-LeaderElection212] INFO  server.RaftServerConfigKeys (ConfUtils.java:logGet(43)) - raft.server.watch.timeout.denomination = 1s (default)
2019-11-13 13:02:25,037 [1a33519a-3def-4d79-b3e5-c4d8286dc86e@group-AE869CC21C20-LeaderElection212] INFO  server.RaftServerConfigKeys (ConfUtils.java:logGet(43)) - raft.server.watch.element-limit = 65536 (default)
2019-11-13 13:02:25,037 [EventQueue-PipelineReportForPipelineReportHandler] INFO  pipeline.PipelineStateManager (PipelineStateManager.java:openPipeline(134)) - Pipeline Pipeline[ Id: c37eaf34-4b27-4573-b999-ae869cc21c20, Nodes: 1a33519a-3def-4d79-b3e5-c4d8286dc86e{ip: 192.168.157.200, host: pr-hdds-2452-7vw7s-1330541530, networkLocation: /rack1, certSerialId: null}318b4bc4-2a6a-4055-b801-3341d5814353{ip: 192.168.157.200, host: pr-hdds-2452-7vw7s-1330541530, networkLocation: /rack1, certSerialId: null}3d7387af-ecb5-4c7d-b20b-5fe48849adda{ip: 192.168.157.200, host: pr-hdds-2452-7vw7s-1330541530, networkLocation: /rack1, certSerialId: null}, Type:RATIS, Factor:THREE, State:OPEN] moved to OPEN state
2019-11-13 13:02:25,037 [1a33519a-3def-4d79-b3e5-c4d8286dc86e@group-AE869CC21C20-LeaderElection212] INFO  server.RaftServerConfigKeys (ConfUtils.java:logGet(43)) - raft.server.log.appender.snapshot.chunk.size.max = 16MB (=16777216) (default)
2019-11-13 13:02:25,037 [1a33519a-3def-4d79-b3e5-c4d8286dc86e@group-AE869CC21C20-LeaderElection212] INFO  server.RaftServerConfigKeys (ConfUtils.java:logGet(43)) - raft.server.log.appender.buffer.byte-limit = 33554432 (custom)
2019-11-13 13:02:25,037 [1a33519a-3def-4d79-b3e5-c4d8286dc86e@group-AE869CC21C20-LeaderElection212] INFO  server.RaftServerConfigKeys (ConfUtils.java:logGet(43)) - raft.server.log.appender.buffer.element-limit = 1 (custom)
2019-11-13 13:02:25,037 [1a33519a-3def-4d79-b3e5-c4d8286dc86e@group-AE869CC21C20-LeaderElection212] INFO  grpc.GrpcConfigKeys$Server (ConfUtils.java:logGet(43)) - raft.grpc.server.leader.outstanding.appends.max = 128 (default)
2019-11-13 13:02:25,038 [1a33519a-3def-4d79-b3e5-c4d8286dc86e@group-AE869CC21C20-LeaderElection212] INFO  server.RaftServerConfigKeys (ConfUtils.java:logGet(43)) - raft.server.rpc.request.timeout = 3000ms (default)
2019-11-13 13:02:25,038 [1a33519a-3def-4d79-b3e5-c4d8286dc86e@group-AE869CC21C20-LeaderElection212] INFO  server.RaftServerConfigKeys (ConfUtils.java:logGet(43)) - raft.server.log.appender.install.snapshot.enabled = false (custom)
2019-11-13 13:02:25,038 [1a33519a-3def-4d79-b3e5-c4d8286dc86e@group-AE869CC21C20-LeaderElection212] WARN  impl.MetricRegistriesImpl (MetricRegistriesImpl.java:lambda$create$1(61)) - First MetricRegistry has been created without registering reporters. You may need to call MetricRegistries.global().addReportRegistration(...) before.
2019-11-13 13:02:25,038 [1a33519a-3def-4d79-b3e5-c4d8286dc86e@group-AE869CC21C20-LeaderElection212] INFO  server.RaftServerConfigKeys (ConfUtils.java:logGet(43)) - raft.server.log.appender.snapshot.chunk.size.max = 16MB (=16777216) (default)
2019-11-13 13:02:25,038 [1a33519a-3def-4d79-b3e5-c4d8286dc86e@group-AE869CC21C20-LeaderElection212] INFO  server.RaftServerConfigKeys (ConfUtils.java:logGet(43)) - raft.server.log.appender.buffer.byte-limit = 33554432 (custom)
2019-11-13 13:02:25,038 [1a33519a-3def-4d79-b3e5-c4d8286dc86e@group-AE869CC21C20-LeaderElection212] INFO  server.RaftServerConfigKeys (ConfUtils.java:logGet(43)) - raft.server.log.appender.buffer.element-limit = 1 (custom)
2019-11-13 13:02:25,039 [1a33519a-3def-4d79-b3e5-c4d8286dc86e@group-AE869CC21C20-LeaderElection212] INFO  grpc.GrpcConfigKeys$Server (ConfUtils.java:logGet(43)) - raft.grpc.server.leader.outstanding.appends.max = 128 (default)
2019-11-13 13:02:25,039 [1a33519a-3def-4d79-b3e5-c4d8286dc86e@group-AE869CC21C20-LeaderElection212] INFO  server.RaftServerConfigKeys (ConfUtils.java:logGet(43)) - raft.server.rpc.request.timeout = 3000ms (default)
2019-11-13 13:02:25,039 [1a33519a-3def-4d79-b3e5-c4d8286dc86e@group-AE869CC21C20-LeaderElection212] INFO  server.RaftServerConfigKeys (ConfUtils.java:logGet(43)) - raft.server.log.appender.install.snapshot.enabled = false (custom)
2019-11-13 13:02:25,039 [1a33519a-3def-4d79-b3e5-c4d8286dc86e@group-AE869CC21C20-LeaderElection212] INFO  impl.RoleInfo (RoleInfo.java:updateAndGet(143)) - 1a33519a-3def-4d79-b3e5-c4d8286dc86e: start LeaderState
2019-11-13 13:02:25,039 [1a33519a-3def-4d79-b3e5-c4d8286dc86e@group-AE869CC21C20-LeaderElection212] INFO  segmented.SegmentedRaftLogWorker (SegmentedRaftLogWorker.java:startLogSegment(385)) - 1a33519a-3def-4d79-b3e5-c4d8286dc86e@group-AE869CC21C20-SegmentedRaftLogWorker: Starting segment from index:0
2019-11-13 13:02:25,040 [1a33519a-3def-4d79-b3e5-c4d8286dc86e@group-AE869CC21C20-LeaderElection212] INFO  impl.RaftServerImpl (ServerState.java:setRaftConf(356)) - 1a33519a-3def-4d79-b3e5-c4d8286dc86e@group-AE869CC21C20: set configuration 0: [1a33519a-3def-4d79-b3e5-c4d8286dc86e:192.168.157.200:40699, 3d7387af-ecb5-4c7d-b20b-5fe48849adda:192.168.157.200:37245, 318b4bc4-2a6a-4055-b801-3341d5814353:192.168.157.200:34345], old=null at 0
2019-11-13 13:02:25,040 [grpc-default-executor-9] INFO  ratis.XceiverServerRatis (XceiverServerRatis.java:handleLeaderChangedNotification(697)) - Leader change notification received for group: group-AE869CC21C20 with new leaderId: 1a33519a-3def-4d79-b3e5-c4d8286dc86e
2019-11-13 13:02:25,041 [grpc-default-executor-6] INFO  ratis.XceiverServerRatis (XceiverServerRatis.java:handleLeaderChangedNotification(697)) - Leader change notification received for group: group-AE869CC21C20 with new leaderId: 1a33519a-3def-4d79-b3e5-c4d8286dc86e
2019-11-13 13:02:25,041 [grpc-default-executor-9] INFO  impl.RaftServerImpl (ServerState.java:setLeader(255)) - 3d7387af-ecb5-4c7d-b20b-5fe48849adda@group-AE869CC21C20: change Leader from null to 1a33519a-3def-4d79-b3e5-c4d8286dc86e at term 1 for appendEntries, leader elected after 1084ms
2019-11-13 13:02:25,041 [grpc-default-executor-6] INFO  impl.RaftServerImpl (ServerState.java:setLeader(255)) - 318b4bc4-2a6a-4055-b801-3341d5814353@group-AE869CC21C20: change Leader from null to 1a33519a-3def-4d79-b3e5-c4d8286dc86e at term 1 for appendEntries, leader elected after 1085ms
2019-11-13 13:02:25,078 [main] INFO  ozone.MiniOzoneClusterImpl (MiniOzoneClusterImpl.java:lambda$waitForClusterToBeReady$2(163)) - Waiting for 1 number of pipelines out of 13, to report a leader.
2019-11-13 13:02:25,081 [grpc-default-executor-6] INFO  impl.RaftServerImpl (ServerState.java:setRaftConf(356)) - 3d7387af-ecb5-4c7d-b20b-5fe48849adda@group-AE869CC21C20: set configuration 0: [1a33519a-3def-4d79-b3e5-c4d8286dc86e:192.168.157.200:40699, 3d7387af-ecb5-4c7d-b20b-5fe48849adda:192.168.157.200:37245, 318b4bc4-2a6a-4055-b801-3341d5814353:192.168.157.200:34345], old=null at 0
2019-11-13 13:02:25,082 [grpc-default-executor-9] INFO  impl.RaftServerImpl (ServerState.java:setRaftConf(356)) - 318b4bc4-2a6a-4055-b801-3341d5814353@group-AE869CC21C20: set configuration 0: [1a33519a-3def-4d79-b3e5-c4d8286dc86e:192.168.157.200:40699, 3d7387af-ecb5-4c7d-b20b-5fe48849adda:192.168.157.200:37245, 318b4bc4-2a6a-4055-b801-3341d5814353:192.168.157.200:34345], old=null at 0
2019-11-13 13:02:25,082 [grpc-default-executor-6] INFO  segmented.SegmentedRaftLogWorker (SegmentedRaftLogWorker.java:startLogSegment(385)) - 3d7387af-ecb5-4c7d-b20b-5fe48849adda@group-AE869CC21C20-SegmentedRaftLogWorker: Starting segment from index:0
2019-11-13 13:02:25,082 [grpc-default-executor-9] INFO  segmented.SegmentedRaftLogWorker (SegmentedRaftLogWorker.java:startLogSegment(385)) - 318b4bc4-2a6a-4055-b801-3341d5814353@group-AE869CC21C20-SegmentedRaftLogWorker: Starting segment from index:0
2019-11-13 13:02:25,113 [Thread-3958] INFO  impl.FollowerState (FollowerState.java:run(111)) - 8ff9d20a-2236-45f0-8596-c8d53407e80c@group-DDA6E3DC98CF-FollowerState: change to CANDIDATE, lastRpcTime:1073ms, electionTimeout:1073ms
2019-11-13 13:02:25,113 [Thread-3958] INFO  impl.RoleInfo (RoleInfo.java:shutdownFollowerState(121)) - 8ff9d20a-2236-45f0-8596-c8d53407e80c: shutdown FollowerState
2019-11-13 13:02:25,113 [Thread-3958] INFO  impl.RaftServerImpl (RaftServerImpl.java:setRole(173)) - 8ff9d20a-2236-45f0-8596-c8d53407e80c@group-DDA6E3DC98CF: changes role from  FOLLOWER to CANDIDATE at term 0 for changeToCandidate
2019-11-13 13:02:25,113 [Thread-3958] INFO  impl.RoleInfo (RoleInfo.java:updateAndGet(143)) - 8ff9d20a-2236-45f0-8596-c8d53407e80c: start LeaderElection
2019-11-13 13:02:25,119 [1a33519a-3def-4d79-b3e5-c4d8286dc86e@group-AE869CC21C20-SegmentedRaftLogWorker] INFO  segmented.SegmentedRaftLogWorker (SegmentedRaftLogWorker.java:execute(576)) - 1a33519a-3def-4d79-b3e5-c4d8286dc86e@group-AE869CC21C20-SegmentedRaftLogWorker: created new log segment /workdir/hadoop-ozone/integration-test/target/test-dir/MiniOzoneClusterImpl-90e8aeb1-2975-47c6-9bba-faf27de7fb8c/datanode-4/data/ratis/c37eaf34-4b27-4573-b999-ae869cc21c20/current/log_inprogress_0
2019-11-13 13:02:25,137 [3d7387af-ecb5-4c7d-b20b-5fe48849adda@group-AE869CC21C20-SegmentedRaftLogWorker] INFO  segmented.SegmentedRaftLogWorker (SegmentedRaftLogWorker.java:execute(576)) - 3d7387af-ecb5-4c7d-b20b-5fe48849adda@group-AE869CC21C20-SegmentedRaftLogWorker: created new log segment /workdir/hadoop-ozone/integration-test/target/test-dir/MiniOzoneClusterImpl-90e8aeb1-2975-47c6-9bba-faf27de7fb8c/datanode-7/data/ratis/c37eaf34-4b27-4573-b999-ae869cc21c20/current/log_inprogress_0
2019-11-13 13:02:25,137 [8ff9d20a-2236-45f0-8596-c8d53407e80c@group-DDA6E3DC98CF-LeaderElection213] INFO  impl.LeaderElection (LeaderElection.java:askForVotes(178)) - 8ff9d20a-2236-45f0-8596-c8d53407e80c@group-DDA6E3DC98CF-LeaderElection213: begin an election at term 1 for -1: [8ff9d20a-2236-45f0-8596-c8d53407e80c:192.168.157.200:39500, 7ba291c4-9ee0-417b-844f-44a16c4ba9e2:192.168.157.200:33359, 971d177f-fbc5-4c3a-b100-2607610d94ec:192.168.157.200:33290], old=null
2019-11-13 13:02:25,137 [318b4bc4-2a6a-4055-b801-3341d5814353@group-AE869CC21C20-SegmentedRaftLogWorker] INFO  segmented.SegmentedRaftLogWorker (SegmentedRaftLogWorker.java:execute(576)) - 318b4bc4-2a6a-4055-b801-3341d5814353@group-AE869CC21C20-SegmentedRaftLogWorker: created new log segment /workdir/hadoop-ozone/integration-test/target/test-dir/MiniOzoneClusterImpl-90e8aeb1-2975-47c6-9bba-faf27de7fb8c/datanode-9/data/ratis/c37eaf34-4b27-4573-b999-ae869cc21c20/current/log_inprogress_0
2019-11-13 13:02:25,144 [grpc-default-executor-6] INFO  impl.RaftServerImpl (RaftServerImpl.java:setRole(173)) - 971d177f-fbc5-4c3a-b100-2607610d94ec@group-DDA6E3DC98CF: changes role from  FOLLOWER to FOLLOWER at term 1 for recognizeCandidate:8ff9d20a-2236-45f0-8596-c8d53407e80c
2019-11-13 13:02:25,145 [grpc-default-executor-9] INFO  impl.RaftServerImpl (RaftServerImpl.java:setRole(173)) - 7ba291c4-9ee0-417b-844f-44a16c4ba9e2@group-DDA6E3DC98CF: changes role from  FOLLOWER to FOLLOWER at term 1 for recognizeCandidate:8ff9d20a-2236-45f0-8596-c8d53407e80c
2019-11-13 13:02:25,145 [grpc-default-executor-9] INFO  impl.RoleInfo (RoleInfo.java:shutdownFollowerState(121)) - 7ba291c4-9ee0-417b-844f-44a16c4ba9e2: shutdown FollowerState
2019-11-13 13:02:25,145 [grpc-default-executor-6] INFO  impl.RoleInfo (RoleInfo.java:shutdownFollowerState(121)) - 971d177f-fbc5-4c3a-b100-2607610d94ec: shutdown FollowerState
2019-11-13 13:02:25,146 [Thread-3954] INFO  impl.FollowerState (FollowerState.java:run(120)) - 971d177f-fbc5-4c3a-b100-2607610d94ec@group-DDA6E3DC98CF-FollowerState was interrupted: java.lang.InterruptedException: sleep interrupted
2019-11-13 13:02:25,146 [Thread-3959] INFO  impl.FollowerState (FollowerState.java:run(120)) - 7ba291c4-9ee0-417b-844f-44a16c4ba9e2@group-DDA6E3DC98CF-FollowerState was interrupted: java.lang.InterruptedException: sleep interrupted
2019-11-13 13:02:25,146 [grpc-default-executor-9] INFO  impl.RoleInfo (RoleInfo.java:updateAndGet(143)) - 7ba291c4-9ee0-417b-844f-44a16c4ba9e2: start FollowerState
2019-11-13 13:02:25,146 [grpc-default-executor-6] INFO  impl.RoleInfo (RoleInfo.java:updateAndGet(143)) - 971d177f-fbc5-4c3a-b100-2607610d94ec: start FollowerState
2019-11-13 13:02:25,172 [8ff9d20a-2236-45f0-8596-c8d53407e80c@group-DDA6E3DC98CF-LeaderElection213] INFO  impl.LeaderElection (LeaderElection.java:logAndReturn(56)) - 8ff9d20a-2236-45f0-8596-c8d53407e80c@group-DDA6E3DC98CF-LeaderElection213: Election PASSED; received 1 response(s) [8ff9d20a-2236-45f0-8596-c8d53407e80c<-7ba291c4-9ee0-417b-844f-44a16c4ba9e2#0:OK-t1] and 0 exception(s); 8ff9d20a-2236-45f0-8596-c8d53407e80c@group-DDA6E3DC98CF:t1, leader=null, voted=8ff9d20a-2236-45f0-8596-c8d53407e80c, raftlog=8ff9d20a-2236-45f0-8596-c8d53407e80c@group-DDA6E3DC98CF-SegmentedRaftLog:OPENED:c-1,f-1,i0, conf=-1: [8ff9d20a-2236-45f0-8596-c8d53407e80c:192.168.157.200:39500, 7ba291c4-9ee0-417b-844f-44a16c4ba9e2:192.168.157.200:33359, 971d177f-fbc5-4c3a-b100-2607610d94ec:192.168.157.200:33290], old=null
2019-11-13 13:02:25,172 [8ff9d20a-2236-45f0-8596-c8d53407e80c@group-DDA6E3DC98CF-LeaderElection213] INFO  impl.RoleInfo (RoleInfo.java:shutdownLeaderElection(134)) - 8ff9d20a-2236-45f0-8596-c8d53407e80c: shutdown LeaderElection
2019-11-13 13:02:25,172 [8ff9d20a-2236-45f0-8596-c8d53407e80c@group-DDA6E3DC98CF-LeaderElection213] INFO  impl.RaftServerImpl (RaftServerImpl.java:setRole(173)) - 8ff9d20a-2236-45f0-8596-c8d53407e80c@group-DDA6E3DC98CF: changes role from CANDIDATE to LEADER at term 1 for changeToLeader
2019-11-13 13:02:25,172 [8ff9d20a-2236-45f0-8596-c8d53407e80c@group-DDA6E3DC98CF-LeaderElection213] INFO  ratis.XceiverServerRatis (XceiverServerRatis.java:handleLeaderChangedNotification(697)) - Leader change notification received for group: group-DDA6E3DC98CF with new leaderId: 8ff9d20a-2236-45f0-8596-c8d53407e80c
2019-11-13 13:02:25,172 [8ff9d20a-2236-45f0-8596-c8d53407e80c@group-DDA6E3DC98CF-LeaderElection213] INFO  impl.RaftServerImpl (ServerState.java:setLeader(255)) - 8ff9d20a-2236-45f0-8596-c8d53407e80c@group-DDA6E3DC98CF: change Leader from null to 8ff9d20a-2236-45f0-8596-c8d53407e80c at term 1 for becomeLeader, leader elected after 1140ms
2019-11-13 13:02:25,173 [8ff9d20a-2236-45f0-8596-c8d53407e80c@group-DDA6E3DC98CF-LeaderElection213] INFO  server.RaftServerConfigKeys (ConfUtils.java:logGet(43)) - raft.server.staging.catchup.gap = 1000 (default)
2019-11-13 13:02:25,173 [8ff9d20a-2236-45f0-8596-c8d53407e80c@group-DDA6E3DC98CF-LeaderElection213] INFO  server.RaftServerConfigKeys (ConfUtils.java:logGet(43)) - raft.server.rpc.sleep.time = 25ms (default)
2019-11-13 13:02:25,173 [8ff9d20a-2236-45f0-8596-c8d53407e80c@group-DDA6E3DC98CF-LeaderElection213] INFO  server.RaftServerConfigKeys (ConfUtils.java:logGet(43)) - raft.server.write.element-limit = 4096 (default)
2019-11-13 13:02:25,173 [8ff9d20a-2236-45f0-8596-c8d53407e80c@group-DDA6E3DC98CF-LeaderElection213] INFO  server.RaftServerConfigKeys (ConfUtils.java:logGet(43)) - raft.server.watch.timeout = 10s (default)
2019-11-13 13:02:25,173 [8ff9d20a-2236-45f0-8596-c8d53407e80c@group-DDA6E3DC98CF-LeaderElection213] INFO  server.RaftServerConfigKeys (ConfUtils.java:logGet(43)) - raft.server.watch.timeout.denomination = 1s (default)
2019-11-13 13:02:25,173 [8ff9d20a-2236-45f0-8596-c8d53407e80c@group-DDA6E3DC98CF-LeaderElection213] INFO  server.RaftServerConfigKeys (ConfUtils.java:logGet(43)) - raft.server.watch.element-limit = 65536 (default)
2019-11-13 13:02:25,173 [8ff9d20a-2236-45f0-8596-c8d53407e80c@group-DDA6E3DC98CF-LeaderElection213] INFO  server.RaftServerConfigKeys (ConfUtils.java:logGet(43)) - raft.server.log.appender.snapshot.chunk.size.max = 16MB (=16777216) (default)
2019-11-13 13:02:25,174 [EventQueue-PipelineReportForPipelineReportHandler] INFO  pipeline.PipelineStateManager (PipelineStateManager.java:openPipeline(134)) - Pipeline Pipeline[ Id: b0061687-c255-4535-a3f9-dda6e3dc98cf, Nodes: 7ba291c4-9ee0-417b-844f-44a16c4ba9e2{ip: 192.168.157.200, host: pr-hdds-2452-7vw7s-1330541530, networkLocation: /rack1, certSerialId: null}971d177f-fbc5-4c3a-b100-2607610d94ec{ip: 192.168.157.200, host: pr-hdds-2452-7vw7s-1330541530, networkLocation: /rack1, certSerialId: null}8ff9d20a-2236-45f0-8596-c8d53407e80c{ip: 192.168.157.200, host: pr-hdds-2452-7vw7s-1330541530, networkLocation: /rack1, certSerialId: null}, Type:RATIS, Factor:THREE, State:OPEN] moved to OPEN state
2019-11-13 13:02:25,174 [8ff9d20a-2236-45f0-8596-c8d53407e80c@group-DDA6E3DC98CF-LeaderElection213] INFO  server.RaftServerConfigKeys (ConfUtils.java:logGet(43)) - raft.server.log.appender.buffer.byte-limit = 33554432 (custom)
2019-11-13 13:02:25,174 [8ff9d20a-2236-45f0-8596-c8d53407e80c@group-DDA6E3DC98CF-LeaderElection213] INFO  server.RaftServerConfigKeys (ConfUtils.java:logGet(43)) - raft.server.log.appender.buffer.element-limit = 1 (custom)
2019-11-13 13:02:25,174 [8ff9d20a-2236-45f0-8596-c8d53407e80c@group-DDA6E3DC98CF-LeaderElection213] INFO  grpc.GrpcConfigKeys$Server (ConfUtils.java:logGet(43)) - raft.grpc.server.leader.outstanding.appends.max = 128 (default)
2019-11-13 13:02:25,174 [8ff9d20a-2236-45f0-8596-c8d53407e80c@group-DDA6E3DC98CF-LeaderElection213] INFO  server.RaftServerConfigKeys (ConfUtils.java:logGet(43)) - raft.server.rpc.request.timeout = 3000ms (default)
2019-11-13 13:02:25,175 [8ff9d20a-2236-45f0-8596-c8d53407e80c@group-DDA6E3DC98CF-LeaderElection213] INFO  server.RaftServerConfigKeys (ConfUtils.java:logGet(43)) - raft.server.log.appender.install.snapshot.enabled = false (custom)
2019-11-13 13:02:25,175 [8ff9d20a-2236-45f0-8596-c8d53407e80c@group-DDA6E3DC98CF-LeaderElection213] WARN  impl.MetricRegistriesImpl (MetricRegistriesImpl.java:lambda$create$1(61)) - First MetricRegistry has been created without registering reporters. You may need to call MetricRegistries.global().addReportRegistration(...) before.
2019-11-13 13:02:25,175 [8ff9d20a-2236-45f0-8596-c8d53407e80c@group-DDA6E3DC98CF-LeaderElection213] INFO  server.RaftServerConfigKeys (ConfUtils.java:logGet(43)) - raft.server.log.appender.snapshot.chunk.size.max = 16MB (=16777216) (default)
2019-11-13 13:02:25,175 [8ff9d20a-2236-45f0-8596-c8d53407e80c@group-DDA6E3DC98CF-LeaderElection213] INFO  server.RaftServerConfigKeys (ConfUtils.java:logGet(43)) - raft.server.log.appender.buffer.byte-limit = 33554432 (custom)
2019-11-13 13:02:25,175 [8ff9d20a-2236-45f0-8596-c8d53407e80c@group-DDA6E3DC98CF-LeaderElection213] INFO  server.RaftServerConfigKeys (ConfUtils.java:logGet(43)) - raft.server.log.appender.buffer.element-limit = 1 (custom)
2019-11-13 13:02:25,176 [8ff9d20a-2236-45f0-8596-c8d53407e80c@group-DDA6E3DC98CF-LeaderElection213] INFO  grpc.GrpcConfigKeys$Server (ConfUtils.java:logGet(43)) - raft.grpc.server.leader.outstanding.appends.max = 128 (default)
2019-11-13 13:02:25,176 [8ff9d20a-2236-45f0-8596-c8d53407e80c@group-DDA6E3DC98CF-LeaderElection213] INFO  server.RaftServerConfigKeys (ConfUtils.java:logGet(43)) - raft.server.rpc.request.timeout = 3000ms (default)
2019-11-13 13:02:25,176 [8ff9d20a-2236-45f0-8596-c8d53407e80c@group-DDA6E3DC98CF-LeaderElection213] INFO  server.RaftServerConfigKeys (ConfUtils.java:logGet(43)) - raft.server.log.appender.install.snapshot.enabled = false (custom)
2019-11-13 13:02:25,176 [8ff9d20a-2236-45f0-8596-c8d53407e80c@group-DDA6E3DC98CF-LeaderElection213] INFO  impl.RoleInfo (RoleInfo.java:updateAndGet(143)) - 8ff9d20a-2236-45f0-8596-c8d53407e80c: start LeaderState
2019-11-13 13:02:25,176 [8ff9d20a-2236-45f0-8596-c8d53407e80c@group-DDA6E3DC98CF-LeaderElection213] INFO  segmented.SegmentedRaftLogWorker (SegmentedRaftLogWorker.java:startLogSegment(385)) - 8ff9d20a-2236-45f0-8596-c8d53407e80c@group-DDA6E3DC98CF-SegmentedRaftLogWorker: Starting segment from index:0
2019-11-13 13:02:25,177 [8ff9d20a-2236-45f0-8596-c8d53407e80c@group-DDA6E3DC98CF-LeaderElection213] INFO  impl.RaftServerImpl (ServerState.java:setRaftConf(356)) - 8ff9d20a-2236-45f0-8596-c8d53407e80c@group-DDA6E3DC98CF: set configuration 0: [8ff9d20a-2236-45f0-8596-c8d53407e80c:192.168.157.200:39500, 7ba291c4-9ee0-417b-844f-44a16c4ba9e2:192.168.157.200:33359, 971d177f-fbc5-4c3a-b100-2607610d94ec:192.168.157.200:33290], old=null at 0
2019-11-13 13:02:25,179 [grpc-default-executor-6] INFO  ratis.XceiverServerRatis (XceiverServerRatis.java:handleLeaderChangedNotification(697)) - Leader change notification received for group: group-DDA6E3DC98CF with new leaderId: 8ff9d20a-2236-45f0-8596-c8d53407e80c
2019-11-13 13:02:25,179 [grpc-default-executor-9] INFO  ratis.XceiverServerRatis (XceiverServerRatis.java:handleLeaderChangedNotification(697)) - Leader change notification received for group: group-DDA6E3DC98CF with new leaderId: 8ff9d20a-2236-45f0-8596-c8d53407e80c
2019-11-13 13:02:25,179 [grpc-default-executor-6] INFO  impl.RaftServerImpl (ServerState.java:setLeader(255)) - 971d177f-fbc5-4c3a-b100-2607610d94ec@group-DDA6E3DC98CF: change Leader from null to 8ff9d20a-2236-45f0-8596-c8d53407e80c at term 1 for appendEntries, leader elected after 1146ms
2019-11-13 13:02:25,179 [grpc-default-executor-9] INFO  impl.RaftServerImpl (ServerState.java:setLeader(255)) - 7ba291c4-9ee0-417b-844f-44a16c4ba9e2@group-DDA6E3DC98CF: change Leader from null to 8ff9d20a-2236-45f0-8596-c8d53407e80c at term 1 for appendEntries, leader elected after 1147ms
2019-11-13 13:02:25,233 [grpc-default-executor-9] INFO  impl.RaftServerImpl (ServerState.java:setRaftConf(356)) - 7ba291c4-9ee0-417b-844f-44a16c4ba9e2@group-DDA6E3DC98CF: set configuration 0: [8ff9d20a-2236-45f0-8596-c8d53407e80c:192.168.157.200:39500, 7ba291c4-9ee0-417b-844f-44a16c4ba9e2:192.168.157.200:33359, 971d177f-fbc5-4c3a-b100-2607610d94ec:192.168.157.200:33290], old=null at 0
2019-11-13 13:02:25,233 [grpc-default-executor-6] INFO  impl.RaftServerImpl (ServerState.java:setRaftConf(356)) - 971d177f-fbc5-4c3a-b100-2607610d94ec@group-DDA6E3DC98CF: set configuration 0: [8ff9d20a-2236-45f0-8596-c8d53407e80c:192.168.157.200:39500, 7ba291c4-9ee0-417b-844f-44a16c4ba9e2:192.168.157.200:33359, 971d177f-fbc5-4c3a-b100-2607610d94ec:192.168.157.200:33290], old=null at 0
2019-11-13 13:02:25,233 [grpc-default-executor-9] INFO  segmented.SegmentedRaftLogWorker (SegmentedRaftLogWorker.java:startLogSegment(385)) - 7ba291c4-9ee0-417b-844f-44a16c4ba9e2@group-DDA6E3DC98CF-SegmentedRaftLogWorker: Starting segment from index:0
2019-11-13 13:02:25,233 [grpc-default-executor-6] INFO  segmented.SegmentedRaftLogWorker (SegmentedRaftLogWorker.java:startLogSegment(385)) - 971d177f-fbc5-4c3a-b100-2607610d94ec@group-DDA6E3DC98CF-SegmentedRaftLogWorker: Starting segment from index:0
2019-11-13 13:02:25,985 [8ff9d20a-2236-45f0-8596-c8d53407e80c@group-DDA6E3DC98CF-SegmentedRaftLogWorker] INFO  segmented.SegmentedRaftLogWorker (SegmentedRaftLogWorker.java:execute(576)) - 8ff9d20a-2236-45f0-8596-c8d53407e80c@group-DDA6E3DC98CF-SegmentedRaftLogWorker: created new log segment /workdir/hadoop-ozone/integration-test/target/test-dir/MiniOzoneClusterImpl-90e8aeb1-2975-47c6-9bba-faf27de7fb8c/datanode-2/data/ratis/b0061687-c255-4535-a3f9-dda6e3dc98cf/current/log_inprogress_0
2019-11-13 13:02:25,999 [Thread-3972] WARN  util.JavaUtils (JavaUtils.java:sleep(246)) - Unexpected long sleep: sleep(1071ms) actually took 1461ms which is over the threshold 300ms
2019-11-13 13:02:26,085 [main] INFO  ozone.MiniOzoneClusterImpl (MiniOzoneClusterImpl.java:lambda$waitForClusterToBeReady$2(171)) - Cluster is ready. Got 10 of 10 DN Heartbeats.
2019-11-13 13:02:26,143 [Thread-3904] INFO  container.ReplicationManager (ReplicationManager.java:start(162)) - Starting Replication Monitor Thread.
2019-11-13 13:02:26,159 [Thread-3904] INFO  pipeline.SCMPipelineManager (SCMPipelineManager.java:finalizeAndDestroyPipeline(315)) - destroying pipeline:Pipeline[ Id: 51d61a02-0ecf-4415-be74-ca32e95ba872, Nodes: 9bca8fcc-ea98-4ec4-92ce-7a037de40a27{ip: 192.168.157.200, host: pr-hdds-2452-7vw7s-1330541530, networkLocation: /rack1, certSerialId: null}, Type:RATIS, Factor:ONE, State:OPEN]
2019-11-13 13:02:26,171 [Thread-3904] INFO  pipeline.PipelineStateManager (PipelineStateManager.java:finalizePipeline(121)) - Pipeline Pipeline[ Id: 51d61a02-0ecf-4415-be74-ca32e95ba872, Nodes: 9bca8fcc-ea98-4ec4-92ce-7a037de40a27{ip: 192.168.157.200, host: pr-hdds-2452-7vw7s-1330541530, networkLocation: /rack1, certSerialId: null}, Type:RATIS, Factor:ONE, State:CLOSED] moved to CLOSED state
2019-11-13 13:02:26,177 [ReplicationMonitor] INFO  container.ReplicationManager (ReplicationManager.java:run(225)) - Replication Monitor Thread took 0 milliseconds for processing 0 containers.
2019-11-13 13:02:26,348 [main] INFO  rpc.RpcClient (RpcClient.java:createVolume(292)) - Creating Volume: datanodefailurehandlingtest, with jenkins1000 as owner.
2019-11-13 13:02:26,349 [grpc-default-executor-5] INFO  impl.RaftServerProxy (RaftServerProxy.java:remove(95)) - 9bca8fcc-ea98-4ec4-92ce-7a037de40a27: remove    LEADER 9bca8fcc-ea98-4ec4-92ce-7a037de40a27@group-CA32E95BA872:t1, leader=9bca8fcc-ea98-4ec4-92ce-7a037de40a27, voted=9bca8fcc-ea98-4ec4-92ce-7a037de40a27, raftlog=9bca8fcc-ea98-4ec4-92ce-7a037de40a27@group-CA32E95BA872-SegmentedRaftLog:OPENED:c0,f0,i0, conf=0: [9bca8fcc-ea98-4ec4-92ce-7a037de40a27:192.168.157.200:33211], old=null RUNNING
2019-11-13 13:02:26,349 [grpc-default-executor-5] INFO  impl.RaftServerImpl (RaftServerImpl.java:lambda$shutdown$3(250)) - 9bca8fcc-ea98-4ec4-92ce-7a037de40a27@group-CA32E95BA872: shutdown
2019-11-13 13:02:26,349 [grpc-default-executor-5] INFO  util.JmxRegister (JmxRegister.java:unregister(73)) - Successfully un-registered JMX Bean with object name Ratis:service=RaftServer,group=group-CA32E95BA872,id=9bca8fcc-ea98-4ec4-92ce-7a037de40a27
2019-11-13 13:02:26,350 [grpc-default-executor-5] INFO  impl.RoleInfo (RoleInfo.java:shutdownLeaderState(104)) - 9bca8fcc-ea98-4ec4-92ce-7a037de40a27: shutdown LeaderState
2019-11-13 13:02:26,350 [grpc-default-executor-5] INFO  impl.PendingRequests (PendingRequests.java:sendNotLeaderResponses(206)) - 9bca8fcc-ea98-4ec4-92ce-7a037de40a27@group-CA32E95BA872-PendingRequests: sendNotLeaderResponses
2019-11-13 13:02:26,350 [grpc-default-executor-5] INFO  impl.StateMachineUpdater (StateMachineUpdater.java:stopAndJoin(136)) - 9bca8fcc-ea98-4ec4-92ce-7a037de40a27@group-CA32E95BA872-StateMachineUpdater: set stopIndex = 0
2019-11-13 13:02:26,350 [grpc-default-executor-5] INFO  impl.RaftServerImpl (ServerState.java:close(387)) - 9bca8fcc-ea98-4ec4-92ce-7a037de40a27@group-CA32E95BA872: closes. applyIndex: 0
2019-11-13 13:02:26,350 [IPC Server handler 18 on 33970] INFO  volume.OMVolumeCreateRequest (OMVolumeCreateRequest.java:validateAndUpdateCache(193)) - created volume:datanodefailurehandlingtest for user:jenkins1000
2019-11-13 13:02:26,351 [9bca8fcc-ea98-4ec4-92ce-7a037de40a27@group-CA32E95BA872-SegmentedRaftLogWorker] INFO  segmented.SegmentedRaftLogWorker (SegmentedRaftLogWorker.java:run(316)) - 9bca8fcc-ea98-4ec4-92ce-7a037de40a27@group-CA32E95BA872-SegmentedRaftLogWorker was interrupted, exiting. There are 0 tasks remaining in the queue.
2019-11-13 13:02:26,353 [grpc-default-executor-5] INFO  segmented.SegmentedRaftLogWorker (SegmentedRaftLogWorker.java:close(224)) - 9bca8fcc-ea98-4ec4-92ce-7a037de40a27@group-CA32E95BA872-SegmentedRaftLogWorker close()
2019-11-13 13:02:26,360 [Thread-3904] INFO  pipeline.PipelineStateManager (PipelineStateManager.java:removePipeline(106)) - Pipeline Pipeline[ Id: 51d61a02-0ecf-4415-be74-ca32e95ba872, Nodes: 9bca8fcc-ea98-4ec4-92ce-7a037de40a27{ip: 192.168.157.200, host: pr-hdds-2452-7vw7s-1330541530, networkLocation: /rack1, certSerialId: null}, Type:RATIS, Factor:ONE, State:CLOSED] removed from db
2019-11-13 13:02:26,363 [Thread-3904] INFO  pipeline.SCMPipelineManager (SCMPipelineManager.java:finalizeAndDestroyPipeline(315)) - destroying pipeline:Pipeline[ Id: c37eaf34-4b27-4573-b999-ae869cc21c20, Nodes: 1a33519a-3def-4d79-b3e5-c4d8286dc86e{ip: 192.168.157.200, host: pr-hdds-2452-7vw7s-1330541530, networkLocation: /rack1, certSerialId: null}318b4bc4-2a6a-4055-b801-3341d5814353{ip: 192.168.157.200, host: pr-hdds-2452-7vw7s-1330541530, networkLocation: /rack1, certSerialId: null}3d7387af-ecb5-4c7d-b20b-5fe48849adda{ip: 192.168.157.200, host: pr-hdds-2452-7vw7s-1330541530, networkLocation: /rack1, certSerialId: null}, Type:RATIS, Factor:THREE, State:OPEN]
2019-11-13 13:02:26,366 [grpc-default-executor-5] INFO  impl.RaftServerProxy (RaftServerProxy.java:addNew(89)) - 9bca8fcc-ea98-4ec4-92ce-7a037de40a27: addNew group-2FD560804636:[9bca8fcc-ea98-4ec4-92ce-7a037de40a27:192.168.157.200:33211] returns group-2FD560804636:java.util.concurrent.CompletableFuture@2b2d9e4[Not completed]
2019-11-13 13:02:26,367 [pool-539-thread-1] INFO  impl.RaftServerImpl (RaftServerImpl.java:<init>(98)) - 9bca8fcc-ea98-4ec4-92ce-7a037de40a27: new RaftServerImpl for group-2FD560804636:[9bca8fcc-ea98-4ec4-92ce-7a037de40a27:192.168.157.200:33211] with ContainerStateMachine:uninitialized
2019-11-13 13:02:26,367 [pool-539-thread-1] INFO  server.RaftServerConfigKeys (ConfUtils.java:logGet(43)) - raft.server.rpc.timeout.min = 1s (custom)
2019-11-13 13:02:26,367 [pool-539-thread-1] INFO  server.RaftServerConfigKeys (ConfUtils.java:logGet(43)) - raft.server.rpc.timeout.max = 1200ms (custom)
2019-11-13 13:02:26,367 [pool-539-thread-1] INFO  server.RaftServerConfigKeys (ConfUtils.java:logGet(43)) - raft.server.rpcslowness.timeout = 120s (custom)
2019-11-13 13:02:26,367 [pool-539-thread-1] INFO  server.RaftServerConfigKeys (ConfUtils.java:logGet(43)) - raft.server.sleep.deviation.threshold = 300 (default)
2019-11-13 13:02:26,368 [pool-539-thread-1] INFO  server.RaftServerConfigKeys (ConfUtils.java:logGet(43)) - raft.server.log.appender.install.snapshot.enabled = false (custom)
2019-11-13 13:02:26,368 [pool-539-thread-1] INFO  impl.RaftServerImpl (ServerState.java:<init>(103)) - 9bca8fcc-ea98-4ec4-92ce-7a037de40a27@group-2FD560804636: ConfigurationManager, init=-1: [9bca8fcc-ea98-4ec4-92ce-7a037de40a27:192.168.157.200:33211], old=null, confs=<EMPTY_MAP>
2019-11-13 13:02:26,368 [pool-539-thread-1] INFO  server.RaftServerConfigKeys (ConfUtils.java:logGet(43)) - raft.server.storage.dir = [/workdir/hadoop-ozone/integration-test/target/test-dir/MiniOzoneClusterImpl-90e8aeb1-2975-47c6-9bba-faf27de7fb8c/datanode-3/data/ratis] (custom)
2019-11-13 13:02:26,368 [pool-539-thread-1] INFO  server.RaftServerConfigKeys (ConfUtils.java:logGet(43)) - raft.server.log.corruption.policy = EXCEPTION (default)
2019-11-13 13:02:26,368 [pool-539-thread-1] INFO  storage.RaftStorageDirectory (RaftStorageDirectory.java:analyzeStorage(246)) - The storage directory /workdir/hadoop-ozone/integration-test/target/test-dir/MiniOzoneClusterImpl-90e8aeb1-2975-47c6-9bba-faf27de7fb8c/datanode-3/data/ratis/4f1c5194-9ad6-4c8e-a1a8-2fd560804636 does not exist. Creating ...
2019-11-13 13:02:28,232 [java.util.concurrent.ThreadPoolExecutor$Worker@414b787a[State = -1, empty queue]] WARN  server.GrpcLogAppender (GrpcLogAppender.java:timeoutAppendRequest(211)) - 8ff9d20a-2236-45f0-8596-c8d53407e80c@group-DDA6E3DC98CF->971d177f-fbc5-4c3a-b100-2607610d94ec-GrpcLogAppender: appendEntries Timeout, request=AppendEntriesRequest:cid=1,entriesCount=1,lastEntry=(t:1, i:0)
2019-11-13 13:02:28,232 [java.util.concurrent.ThreadPoolExecutor$Worker@414b787a[State = -1, empty queue]] WARN  server.GrpcLogAppender (GrpcLogAppender.java:timeoutAppendRequest(211)) - 8ff9d20a-2236-45f0-8596-c8d53407e80c@group-DDA6E3DC98CF->7ba291c4-9ee0-417b-844f-44a16c4ba9e2-GrpcLogAppender: appendEntries Timeout, request=AppendEntriesRequest:cid=1,entriesCount=1,lastEntry=(t:1, i:0)
2019-11-13 13:02:28,989 [java.util.concurrent.ThreadPoolExecutor$Worker@414b787a[State = -1, empty queue]] WARN  server.GrpcLogAppender (GrpcLogAppender.java:timeoutAppendRequest(211)) - 8ff9d20a-2236-45f0-8596-c8d53407e80c@group-DDA6E3DC98CF->971d177f-fbc5-4c3a-b100-2607610d94ec-GrpcLogAppender: appendEntries Timeout, request=AppendEntriesRequest:cid=2,entriesCount=0,lastEntry=null
2019-11-13 13:02:28,995 [java.util.concurrent.ThreadPoolExecutor$Worker@414b787a[State = -1, empty queue]] WARN  server.GrpcLogAppender (GrpcLogAppender.java:timeoutAppendRequest(211)) - 8ff9d20a-2236-45f0-8596-c8d53407e80c@group-DDA6E3DC98CF->7ba291c4-9ee0-417b-844f-44a16c4ba9e2-GrpcLogAppender: appendEntries Timeout, request=AppendEntriesRequest:cid=2,entriesCount=0,lastEntry=null
2019-11-13 13:02:29,366 [RATISCREATEPIPELINE3] ERROR pipeline.RatisPipelineProvider (RatisPipelineProvider.java:lambda$null$5(230)) - Failed invoke Ratis rpc org.apache.hadoop.hdds.scm.pipeline.RatisPipelineProvider$$Lambda$226/528885252@582271ac for 9bca8fcc-ea98-4ec4-92ce-7a037de40a27
org.apache.ratis.protocol.TimeoutIOException: deadline exceeded after 2999870878ns
	at org.apache.ratis.grpc.GrpcUtil.tryUnwrapException(GrpcUtil.java:82)
	at org.apache.ratis.grpc.GrpcUtil.unwrapException(GrpcUtil.java:75)
	at org.apache.ratis.grpc.client.GrpcClientProtocolClient.blockingCall(GrpcClientProtocolClient.java:184)
	at org.apache.ratis.grpc.client.GrpcClientProtocolClient.groupAdd(GrpcClientProtocolClient.java:153)
	at org.apache.ratis.grpc.client.GrpcClientRpc.sendRequest(GrpcClientRpc.java:94)
	at org.apache.ratis.client.impl.RaftClientImpl.sendRequest(RaftClientImpl.java:278)
	at org.apache.ratis.client.impl.RaftClientImpl.groupAdd(RaftClientImpl.java:205)
	at org.apache.hadoop.hdds.scm.pipeline.RatisPipelineProvider.lambda$initializePipeline$4(RatisPipelineProvider.java:191)
	at org.apache.hadoop.hdds.scm.pipeline.RatisPipelineProvider.lambda$null$5(RatisPipelineProvider.java:226)
	at java.util.stream.ForEachOps$ForEachOp$OfRef.accept(ForEachOps.java:183)
	at java.util.ArrayList$ArrayListSpliterator.forEachRemaining(ArrayList.java:1382)
	at java.util.stream.AbstractPipeline.copyInto(AbstractPipeline.java:482)
	at java.util.stream.ForEachOps$ForEachTask.compute(ForEachOps.java:290)
	at java.util.concurrent.CountedCompleter.exec(CountedCompleter.java:731)
	at java.util.concurrent.ForkJoinTask.doExec(ForkJoinTask.java:289)
	at java.util.concurrent.ForkJoinTask.doInvoke(ForkJoinTask.java:401)
	at java.util.concurrent.ForkJoinTask.invoke(ForkJoinTask.java:734)
	at java.util.stream.ForEachOps$ForEachOp.evaluateParallel(ForEachOps.java:159)
	at java.util.stream.ForEachOps$ForEachOp$OfRef.evaluateParallel(ForEachOps.java:173)
	at java.util.stream.AbstractPipeline.evaluate(AbstractPipeline.java:233)
	at java.util.stream.ReferencePipeline.forEach(ReferencePipeline.java:485)
	at java.util.stream.ReferencePipeline$Head.forEach(ReferencePipeline.java:650)
	at org.apache.hadoop.hdds.scm.pipeline.RatisPipelineProvider.lambda$callRatisRpc$6(RatisPipelineProvider.java:220)
	at java.util.concurrent.ForkJoinTask$AdaptedRunnableAction.exec(ForkJoinTask.java:1386)
	at java.util.concurrent.ForkJoinTask.doExec(ForkJoinTask.java:289)
	at java.util.concurrent.ForkJoinPool$WorkQueue.runTask(ForkJoinPool.java:1056)
	at java.util.concurrent.ForkJoinPool.runWorker(ForkJoinPool.java:1692)
	at java.util.concurrent.ForkJoinWorkerThread.run(ForkJoinWorkerThread.java:157)
Caused by: org.apache.ratis.thirdparty.io.grpc.StatusRuntimeException: DEADLINE_EXCEEDED: deadline exceeded after 2999870878ns
	at org.apache.ratis.thirdparty.io.grpc.stub.ClientCalls.toStatusRuntimeException(ClientCalls.java:233)
	at org.apache.ratis.thirdparty.io.grpc.stub.ClientCalls.getUnchecked(ClientCalls.java:214)
	at org.apache.ratis.thirdparty.io.grpc.stub.ClientCalls.blockingUnaryCall(ClientCalls.java:139)
	at org.apache.ratis.proto.grpc.AdminProtocolServiceGrpc$AdminProtocolServiceBlockingStub.groupManagement(AdminProtocolServiceGrpc.java:274)
	at org.apache.ratis.grpc.client.GrpcClientProtocolClient.lambda$groupAdd$3(GrpcClientProtocolClient.java:155)
	at org.apache.ratis.grpc.client.GrpcClientProtocolClient.blockingCall(GrpcClientProtocolClient.java:182)
	... 25 more
2019-11-13 13:02:29,372 [Thread-3904] INFO  pipeline.PipelineStateManager (PipelineStateManager.java:finalizePipeline(121)) - Pipeline Pipeline[ Id: c37eaf34-4b27-4573-b999-ae869cc21c20, Nodes: 1a33519a-3def-4d79-b3e5-c4d8286dc86e{ip: 192.168.157.200, host: pr-hdds-2452-7vw7s-1330541530, networkLocation: /rack1, certSerialId: null}318b4bc4-2a6a-4055-b801-3341d5814353{ip: 192.168.157.200, host: pr-hdds-2452-7vw7s-1330541530, networkLocation: /rack1, certSerialId: null}3d7387af-ecb5-4c7d-b20b-5fe48849adda{ip: 192.168.157.200, host: pr-hdds-2452-7vw7s-1330541530, networkLocation: /rack1, certSerialId: null}, Type:RATIS, Factor:THREE, State:CLOSED] moved to CLOSED state
2019-11-13 13:02:29,375 [grpc-default-executor-2] INFO  impl.RaftServerProxy (RaftServerProxy.java:remove(95)) - 1a33519a-3def-4d79-b3e5-c4d8286dc86e: remove    LEADER 1a33519a-3def-4d79-b3e5-c4d8286dc86e@group-AE869CC21C20:t1, leader=1a33519a-3def-4d79-b3e5-c4d8286dc86e, voted=1a33519a-3def-4d79-b3e5-c4d8286dc86e, raftlog=1a33519a-3def-4d79-b3e5-c4d8286dc86e@group-AE869CC21C20-SegmentedRaftLog:OPENED:c0,f0,i0, conf=0: [1a33519a-3def-4d79-b3e5-c4d8286dc86e:192.168.157.200:40699, 3d7387af-ecb5-4c7d-b20b-5fe48849adda:192.168.157.200:37245, 318b4bc4-2a6a-4055-b801-3341d5814353:192.168.157.200:34345], old=null RUNNING
2019-11-13 13:02:29,376 [grpc-default-executor-2] INFO  impl.RaftServerImpl (RaftServerImpl.java:lambda$shutdown$3(250)) - 1a33519a-3def-4d79-b3e5-c4d8286dc86e@group-AE869CC21C20: shutdown
2019-11-13 13:02:29,376 [grpc-default-executor-2] INFO  util.JmxRegister (JmxRegister.java:unregister(73)) - Successfully un-registered JMX Bean with object name Ratis:service=RaftServer,group=group-AE869CC21C20,id=1a33519a-3def-4d79-b3e5-c4d8286dc86e
2019-11-13 13:02:29,376 [grpc-default-executor-2] INFO  impl.RoleInfo (RoleInfo.java:shutdownLeaderState(104)) - 1a33519a-3def-4d79-b3e5-c4d8286dc86e: shutdown LeaderState
2019-11-13 13:02:29,380 [org.apache.ratis.server.impl.LogAppender$AppenderDaemon$$Lambda$482/251411839@59e05578] WARN  server.GrpcLogAppender (GrpcLogAppender.java:mayWait(151)) - 1a33519a-3def-4d79-b3e5-c4d8286dc86e@group-AE869CC21C20->3d7387af-ecb5-4c7d-b20b-5fe48849adda-GrpcLogAppender: Wait interrupted by java.lang.InterruptedException
2019-11-13 13:02:29,381 [grpc-default-executor-2] INFO  impl.PendingRequests (PendingRequests.java:sendNotLeaderResponses(206)) - 1a33519a-3def-4d79-b3e5-c4d8286dc86e@group-AE869CC21C20-PendingRequests: sendNotLeaderResponses
2019-11-13 13:02:29,381 [org.apache.ratis.server.impl.LogAppender$AppenderDaemon$$Lambda$482/251411839@1ce2d020] WARN  server.GrpcLogAppender (GrpcLogAppender.java:mayWait(151)) - 1a33519a-3def-4d79-b3e5-c4d8286dc86e@group-AE869CC21C20->318b4bc4-2a6a-4055-b801-3341d5814353-GrpcLogAppender: Wait interrupted by java.lang.InterruptedException
2019-11-13 13:02:29,381 [grpc-default-executor-2] INFO  impl.StateMachineUpdater (StateMachineUpdater.java:stopAndJoin(136)) - 1a33519a-3def-4d79-b3e5-c4d8286dc86e@group-AE869CC21C20-StateMachineUpdater: set stopIndex = 0
2019-11-13 13:02:29,381 [grpc-default-executor-5] INFO  server.GrpcServerProtocolService (GrpcServerProtocolService.java:onCompleted(113)) - 3d7387af-ecb5-4c7d-b20b-5fe48849adda: Completed APPEND_ENTRIES, lastRequest: 1a33519a-3def-4d79-b3e5-c4d8286dc86e->3d7387af-ecb5-4c7d-b20b-5fe48849adda#8-t1, previous=(t:1, i:0), leaderCommit=0, initializing? false, entries: <empty>
2019-11-13 13:02:29,381 [grpc-default-executor-2] INFO  impl.RaftServerImpl (ServerState.java:close(387)) - 1a33519a-3def-4d79-b3e5-c4d8286dc86e@group-AE869CC21C20: closes. applyIndex: 0
2019-11-13 13:02:29,381 [grpc-default-executor-5] INFO  server.GrpcServerProtocolService (GrpcServerProtocolService.java:onCompleted(113)) - 318b4bc4-2a6a-4055-b801-3341d5814353: Completed APPEND_ENTRIES, lastRequest: 1a33519a-3def-4d79-b3e5-c4d8286dc86e->318b4bc4-2a6a-4055-b801-3341d5814353#8-t1, previous=(t:1, i:0), leaderCommit=0, initializing? false, entries: <empty>
2019-11-13 13:02:29,382 [1a33519a-3def-4d79-b3e5-c4d8286dc86e@group-AE869CC21C20-SegmentedRaftLogWorker] INFO  segmented.SegmentedRaftLogWorker (SegmentedRaftLogWorker.java:run(316)) - 1a33519a-3def-4d79-b3e5-c4d8286dc86e@group-AE869CC21C20-SegmentedRaftLogWorker was interrupted, exiting. There are 0 tasks remaining in the queue.
2019-11-13 13:02:29,382 [grpc-default-executor-10] INFO  server.GrpcLogAppender (GrpcLogAppender.java:onCompleted(308)) - 1a33519a-3def-4d79-b3e5-c4d8286dc86e@group-AE869CC21C20->3d7387af-ecb5-4c7d-b20b-5fe48849adda-AppendLogResponseHandler: follower responses appendEntries COMPLETED
2019-11-13 13:02:29,384 [grpc-default-executor-2] INFO  segmented.SegmentedRaftLogWorker (SegmentedRaftLogWorker.java:close(224)) - 1a33519a-3def-4d79-b3e5-c4d8286dc86e@group-AE869CC21C20-SegmentedRaftLogWorker close()
2019-11-13 13:02:29,384 [grpc-default-executor-6] INFO  server.GrpcLogAppender (GrpcLogAppender.java:onCompleted(308)) - 1a33519a-3def-4d79-b3e5-c4d8286dc86e@group-AE869CC21C20->318b4bc4-2a6a-4055-b801-3341d5814353-AppendLogResponseHandler: follower responses appendEntries COMPLETED
2019-11-13 13:02:29,386 [grpc-default-executor-10] INFO  impl.FollowerInfo (FollowerInfo.java:lambda$new$0(51)) - 1a33519a-3def-4d79-b3e5-c4d8286dc86e@group-AE869CC21C20->3d7387af-ecb5-4c7d-b20b-5fe48849adda: nextIndex: updateUnconditionally 1 -> 0
2019-11-13 13:02:29,387 [grpc-default-executor-6] INFO  impl.FollowerInfo (FollowerInfo.java:lambda$new$0(51)) - 1a33519a-3def-4d79-b3e5-c4d8286dc86e@group-AE869CC21C20->318b4bc4-2a6a-4055-b801-3341d5814353: nextIndex: updateUnconditionally 1 -> 0
2019-11-13 13:02:29,391 [grpc-default-executor-2] INFO  impl.RaftServerProxy (RaftServerProxy.java:remove(95)) - 318b4bc4-2a6a-4055-b801-3341d5814353: remove  FOLLOWER 318b4bc4-2a6a-4055-b801-3341d5814353@group-AE869CC21C20:t1, leader=1a33519a-3def-4d79-b3e5-c4d8286dc86e, voted=1a33519a-3def-4d79-b3e5-c4d8286dc86e, raftlog=318b4bc4-2a6a-4055-b801-3341d5814353@group-AE869CC21C20-SegmentedRaftLog:OPENED:c0,f0,i0, conf=0: [1a33519a-3def-4d79-b3e5-c4d8286dc86e:192.168.157.200:40699, 3d7387af-ecb5-4c7d-b20b-5fe48849adda:192.168.157.200:37245, 318b4bc4-2a6a-4055-b801-3341d5814353:192.168.157.200:34345], old=null RUNNING
2019-11-13 13:02:29,391 [grpc-default-executor-2] INFO  impl.RaftServerImpl (RaftServerImpl.java:lambda$shutdown$3(250)) - 318b4bc4-2a6a-4055-b801-3341d5814353@group-AE869CC21C20: shutdown
2019-11-13 13:02:29,391 [grpc-default-executor-2] INFO  util.JmxRegister (JmxRegister.java:unregister(73)) - Successfully un-registered JMX Bean with object name Ratis:service=RaftServer,group=group-AE869CC21C20,id=318b4bc4-2a6a-4055-b801-3341d5814353
2019-11-13 13:02:29,392 [grpc-default-executor-2] INFO  impl.RoleInfo (RoleInfo.java:shutdownFollowerState(121)) - 318b4bc4-2a6a-4055-b801-3341d5814353: shutdown FollowerState
2019-11-13 13:02:29,392 [grpc-default-executor-2] INFO  impl.StateMachineUpdater (StateMachineUpdater.java:stopAndJoin(136)) - 318b4bc4-2a6a-4055-b801-3341d5814353@group-AE869CC21C20-StateMachineUpdater: set stopIndex = 0
2019-11-13 13:02:29,392 [Thread-3999] INFO  impl.FollowerState (FollowerState.java:run(120)) - 318b4bc4-2a6a-4055-b801-3341d5814353@group-AE869CC21C20-FollowerState was interrupted: java.lang.InterruptedException: sleep interrupted
2019-11-13 13:02:29,392 [grpc-default-executor-2] INFO  impl.RaftServerImpl (ServerState.java:close(387)) - 318b4bc4-2a6a-4055-b801-3341d5814353@group-AE869CC21C20: closes. applyIndex: 0
2019-11-13 13:02:29,392 [318b4bc4-2a6a-4055-b801-3341d5814353@group-AE869CC21C20-SegmentedRaftLogWorker] INFO  segmented.SegmentedRaftLogWorker (SegmentedRaftLogWorker.java:run(316)) - 318b4bc4-2a6a-4055-b801-3341d5814353@group-AE869CC21C20-SegmentedRaftLogWorker was interrupted, exiting. There are 0 tasks remaining in the queue.
2019-11-13 13:02:29,395 [grpc-default-executor-2] INFO  segmented.SegmentedRaftLogWorker (SegmentedRaftLogWorker.java:close(224)) - 318b4bc4-2a6a-4055-b801-3341d5814353@group-AE869CC21C20-SegmentedRaftLogWorker close()
2019-11-13 13:02:29,400 [grpc-default-executor-2] INFO  impl.RaftServerProxy (RaftServerProxy.java:remove(95)) - 3d7387af-ecb5-4c7d-b20b-5fe48849adda: remove  FOLLOWER 3d7387af-ecb5-4c7d-b20b-5fe48849adda@group-AE869CC21C20:t1, leader=1a33519a-3def-4d79-b3e5-c4d8286dc86e, voted=1a33519a-3def-4d79-b3e5-c4d8286dc86e, raftlog=3d7387af-ecb5-4c7d-b20b-5fe48849adda@group-AE869CC21C20-SegmentedRaftLog:OPENED:c0,f0,i0, conf=0: [1a33519a-3def-4d79-b3e5-c4d8286dc86e:192.168.157.200:40699, 3d7387af-ecb5-4c7d-b20b-5fe48849adda:192.168.157.200:37245, 318b4bc4-2a6a-4055-b801-3341d5814353:192.168.157.200:34345], old=null RUNNING
2019-11-13 13:02:29,400 [grpc-default-executor-2] INFO  impl.RaftServerImpl (RaftServerImpl.java:lambda$shutdown$3(250)) - 3d7387af-ecb5-4c7d-b20b-5fe48849adda@group-AE869CC21C20: shutdown
2019-11-13 13:02:29,401 [grpc-default-executor-2] INFO  util.JmxRegister (JmxRegister.java:unregister(73)) - Successfully un-registered JMX Bean with object name Ratis:service=RaftServer,group=group-AE869CC21C20,id=3d7387af-ecb5-4c7d-b20b-5fe48849adda
2019-11-13 13:02:29,401 [grpc-default-executor-2] INFO  impl.RoleInfo (RoleInfo.java:shutdownFollowerState(121)) - 3d7387af-ecb5-4c7d-b20b-5fe48849adda: shutdown FollowerState
2019-11-13 13:02:29,401 [grpc-default-executor-2] INFO  impl.StateMachineUpdater (StateMachineUpdater.java:stopAndJoin(136)) - 3d7387af-ecb5-4c7d-b20b-5fe48849adda@group-AE869CC21C20-StateMachineUpdater: set stopIndex = 0
2019-11-13 13:02:29,401 [Thread-3998] INFO  impl.FollowerState (FollowerState.java:run(120)) - 3d7387af-ecb5-4c7d-b20b-5fe48849adda@group-AE869CC21C20-FollowerState was interrupted: java.lang.InterruptedException: sleep interrupted
2019-11-13 13:02:29,401 [grpc-default-executor-2] INFO  impl.RaftServerImpl (ServerState.java:close(387)) - 3d7387af-ecb5-4c7d-b20b-5fe48849adda@group-AE869CC21C20: closes. applyIndex: 0
2019-11-13 13:02:29,402 [3d7387af-ecb5-4c7d-b20b-5fe48849adda@group-AE869CC21C20-SegmentedRaftLogWorker] INFO  segmented.SegmentedRaftLogWorker (SegmentedRaftLogWorker.java:run(316)) - 3d7387af-ecb5-4c7d-b20b-5fe48849adda@group-AE869CC21C20-SegmentedRaftLogWorker was interrupted, exiting. There are 0 tasks remaining in the queue.
2019-11-13 13:02:29,404 [grpc-default-executor-2] INFO  segmented.SegmentedRaftLogWorker (SegmentedRaftLogWorker.java:close(224)) - 3d7387af-ecb5-4c7d-b20b-5fe48849adda@group-AE869CC21C20-SegmentedRaftLogWorker close()
2019-11-13 13:02:29,408 [Thread-3904] INFO  pipeline.PipelineStateManager (PipelineStateManager.java:removePipeline(106)) - Pipeline Pipeline[ Id: c37eaf34-4b27-4573-b999-ae869cc21c20, Nodes: 1a33519a-3def-4d79-b3e5-c4d8286dc86e{ip: 192.168.157.200, host: pr-hdds-2452-7vw7s-1330541530, networkLocation: /rack1, certSerialId: null}318b4bc4-2a6a-4055-b801-3341d5814353{ip: 192.168.157.200, host: pr-hdds-2452-7vw7s-1330541530, networkLocation: /rack1, certSerialId: null}3d7387af-ecb5-4c7d-b20b-5fe48849adda{ip: 192.168.157.200, host: pr-hdds-2452-7vw7s-1330541530, networkLocation: /rack1, certSerialId: null}, Type:RATIS, Factor:THREE, State:CLOSED] removed from db
2019-11-13 13:02:29,408 [Thread-3904] INFO  pipeline.SCMPipelineManager (SCMPipelineManager.java:finalizeAndDestroyPipeline(315)) - destroying pipeline:Pipeline[ Id: 6b8fb905-2139-48ff-95e0-4da4d061ba2f, Nodes: 7ba291c4-9ee0-417b-844f-44a16c4ba9e2{ip: 192.168.157.200, host: pr-hdds-2452-7vw7s-1330541530, networkLocation: /rack1, certSerialId: null}, Type:RATIS, Factor:ONE, State:OPEN]
2019-11-13 13:02:29,410 [grpc-default-executor-2] INFO  impl.RaftServerProxy (RaftServerProxy.java:addNew(89)) - 9bca8fcc-ea98-4ec4-92ce-7a037de40a27: addNew group-BFFD9583CC8A:[9bca8fcc-ea98-4ec4-92ce-7a037de40a27:192.168.157.200:33211] returns group-BFFD9583CC8A:java.util.concurrent.CompletableFuture@5e1d79eb[Not completed]
2019-11-13 13:02:29,490 [java.util.concurrent.ThreadPoolExecutor$Worker@50e48c51[State = -1, empty queue]] WARN  server.GrpcLogAppender (GrpcLogAppender.java:timeoutAppendRequest(211)) - 8ff9d20a-2236-45f0-8596-c8d53407e80c@group-DDA6E3DC98CF->971d177f-fbc5-4c3a-b100-2607610d94ec-GrpcLogAppender: appendEntries Timeout, request=AppendEntriesRequest:cid=3,entriesCount=0,lastEntry=null
2019-11-13 13:02:29,495 [java.util.concurrent.ThreadPoolExecutor$Worker@50e48c51[State = -1, empty queue]] WARN  server.GrpcLogAppender (GrpcLogAppender.java:timeoutAppendRequest(211)) - 8ff9d20a-2236-45f0-8596-c8d53407e80c@group-DDA6E3DC98CF->7ba291c4-9ee0-417b-844f-44a16c4ba9e2-GrpcLogAppender: appendEntries Timeout, request=AppendEntriesRequest:cid=3,entriesCount=0,lastEntry=null
2019-11-13 13:02:29,991 [java.util.concurrent.ThreadPoolExecutor$Worker@50e48c51[State = -1, empty queue]] WARN  server.GrpcLogAppender (GrpcLogAppender.java:timeoutAppendRequest(211)) - 8ff9d20a-2236-45f0-8596-c8d53407e80c@group-DDA6E3DC98CF->971d177f-fbc5-4c3a-b100-2607610d94ec-GrpcLogAppender: appendEntries Timeout, request=AppendEntriesRequest:cid=4,entriesCount=0,lastEntry=null
2019-11-13 13:02:29,995 [java.util.concurrent.ThreadPoolExecutor$Worker@50e48c51[State = -1, empty queue]] WARN  server.GrpcLogAppender (GrpcLogAppender.java:timeoutAppendRequest(211)) - 8ff9d20a-2236-45f0-8596-c8d53407e80c@group-DDA6E3DC98CF->7ba291c4-9ee0-417b-844f-44a16c4ba9e2-GrpcLogAppender: appendEntries Timeout, request=AppendEntriesRequest:cid=4,entriesCount=0,lastEntry=null
2019-11-13 13:02:30,491 [java.util.concurrent.ThreadPoolExecutor$Worker@50e48c51[State = -1, empty queue]] WARN  server.GrpcLogAppender (GrpcLogAppender.java:timeoutAppendRequest(211)) - 8ff9d20a-2236-45f0-8596-c8d53407e80c@group-DDA6E3DC98CF->971d177f-fbc5-4c3a-b100-2607610d94ec-GrpcLogAppender: appendEntries Timeout, request=AppendEntriesRequest:cid=5,entriesCount=0,lastEntry=null
2019-11-13 13:02:30,496 [java.util.concurrent.ThreadPoolExecutor$Worker@50e48c51[State = -1, empty queue]] WARN  server.GrpcLogAppender (GrpcLogAppender.java:timeoutAppendRequest(211)) - 8ff9d20a-2236-45f0-8596-c8d53407e80c@group-DDA6E3DC98CF->7ba291c4-9ee0-417b-844f-44a16c4ba9e2-GrpcLogAppender: appendEntries Timeout, request=AppendEntriesRequest:cid=5,entriesCount=0,lastEntry=null
2019-11-13 13:02:30,991 [java.util.concurrent.ThreadPoolExecutor$Worker@50e48c51[State = -1, empty queue]] WARN  server.GrpcLogAppender (GrpcLogAppender.java:timeoutAppendRequest(211)) - 8ff9d20a-2236-45f0-8596-c8d53407e80c@group-DDA6E3DC98CF->971d177f-fbc5-4c3a-b100-2607610d94ec-GrpcLogAppender: appendEntries Timeout, request=AppendEntriesRequest:cid=6,entriesCount=0,lastEntry=null
2019-11-13 13:02:30,996 [java.util.concurrent.ThreadPoolExecutor$Worker@50e48c51[State = -1, empty queue]] WARN  server.GrpcLogAppender (GrpcLogAppender.java:timeoutAppendRequest(211)) - 8ff9d20a-2236-45f0-8596-c8d53407e80c@group-DDA6E3DC98CF->7ba291c4-9ee0-417b-844f-44a16c4ba9e2-GrpcLogAppender: appendEntries Timeout, request=AppendEntriesRequest:cid=6,entriesCount=0,lastEntry=null
2019-11-13 13:02:31,492 [java.util.concurrent.ThreadPoolExecutor$Worker@50e48c51[State = -1, empty queue]] WARN  server.GrpcLogAppender (GrpcLogAppender.java:timeoutAppendRequest(211)) - 8ff9d20a-2236-45f0-8596-c8d53407e80c@group-DDA6E3DC98CF->971d177f-fbc5-4c3a-b100-2607610d94ec-GrpcLogAppender: appendEntries Timeout, request=AppendEntriesRequest:cid=7,entriesCount=0,lastEntry=null
2019-11-13 13:02:31,496 [java.util.concurrent.ThreadPoolExecutor$Worker@50e48c51[State = -1, empty queue]] WARN  server.GrpcLogAppender (GrpcLogAppender.java:timeoutAppendRequest(211)) - 8ff9d20a-2236-45f0-8596-c8d53407e80c@group-DDA6E3DC98CF->7ba291c4-9ee0-417b-844f-44a16c4ba9e2-GrpcLogAppender: appendEntries Timeout, request=AppendEntriesRequest:cid=7,entriesCount=0,lastEntry=null
2019-11-13 13:02:31,992 [java.util.concurrent.ThreadPoolExecutor$Worker@50e48c51[State = -1, empty queue]] WARN  server.GrpcLogAppender (GrpcLogAppender.java:timeoutAppendRequest(211)) - 8ff9d20a-2236-45f0-8596-c8d53407e80c@group-DDA6E3DC98CF->971d177f-fbc5-4c3a-b100-2607610d94ec-GrpcLogAppender: appendEntries Timeout, request=AppendEntriesRequest:cid=8,entriesCount=0,lastEntry=null
2019-11-13 13:02:31,997 [java.util.concurrent.ThreadPoolExecutor$Worker@50e48c51[State = -1, empty queue]] WARN  server.GrpcLogAppender (GrpcLogAppender.java:timeoutAppendRequest(211)) - 8ff9d20a-2236-45f0-8596-c8d53407e80c@group-DDA6E3DC98CF->7ba291c4-9ee0-417b-844f-44a16c4ba9e2-GrpcLogAppender: appendEntries Timeout, request=AppendEntriesRequest:cid=8,entriesCount=0,lastEntry=null
2019-11-13 13:02:32,412 [RATISCREATEPIPELINE3] ERROR pipeline.RatisPipelineProvider (RatisPipelineProvider.java:lambda$null$5(230)) - Failed invoke Ratis rpc org.apache.hadoop.hdds.scm.pipeline.RatisPipelineProvider$$Lambda$226/528885252@2f2c3da6 for 9bca8fcc-ea98-4ec4-92ce-7a037de40a27
org.apache.ratis.protocol.TimeoutIOException: deadline exceeded after 2999952810ns
	at org.apache.ratis.grpc.GrpcUtil.tryUnwrapException(GrpcUtil.java:82)
	at org.apache.ratis.grpc.GrpcUtil.unwrapException(GrpcUtil.java:75)
	at org.apache.ratis.grpc.client.GrpcClientProtocolClient.blockingCall(GrpcClientProtocolClient.java:184)
	at org.apache.ratis.grpc.client.GrpcClientProtocolClient.groupAdd(GrpcClientProtocolClient.java:153)
	at org.apache.ratis.grpc.client.GrpcClientRpc.sendRequest(GrpcClientRpc.java:94)
	at org.apache.ratis.client.impl.RaftClientImpl.sendRequest(RaftClientImpl.java:278)
	at org.apache.ratis.client.impl.RaftClientImpl.groupAdd(RaftClientImpl.java:205)
	at org.apache.hadoop.hdds.scm.pipeline.RatisPipelineProvider.lambda$initializePipeline$4(RatisPipelineProvider.java:191)
	at org.apache.hadoop.hdds.scm.pipeline.RatisPipelineProvider.lambda$null$5(RatisPipelineProvider.java:226)
	at java.util.stream.ForEachOps$ForEachOp$OfRef.accept(ForEachOps.java:183)
	at java.util.ArrayList$ArrayListSpliterator.forEachRemaining(ArrayList.java:1382)
	at java.util.stream.AbstractPipeline.copyInto(AbstractPipeline.java:482)
	at java.util.stream.ForEachOps$ForEachTask.compute(ForEachOps.java:290)
	at java.util.concurrent.CountedCompleter.exec(CountedCompleter.java:731)
	at java.util.concurrent.ForkJoinTask.doExec(ForkJoinTask.java:289)
	at java.util.concurrent.ForkJoinTask.doInvoke(ForkJoinTask.java:401)
	at java.util.concurrent.ForkJoinTask.invoke(ForkJoinTask.java:734)
	at java.util.stream.ForEachOps$ForEachOp.evaluateParallel(ForEachOps.java:159)
	at java.util.stream.ForEachOps$ForEachOp$OfRef.evaluateParallel(ForEachOps.java:173)
	at java.util.stream.AbstractPipeline.evaluate(AbstractPipeline.java:233)
	at java.util.stream.ReferencePipeline.forEach(ReferencePipeline.java:485)
	at java.util.stream.ReferencePipeline$Head.forEach(ReferencePipeline.java:650)
	at org.apache.hadoop.hdds.scm.pipeline.RatisPipelineProvider.lambda$callRatisRpc$6(RatisPipelineProvider.java:220)
	at java.util.concurrent.ForkJoinTask$AdaptedRunnableAction.exec(ForkJoinTask.java:1386)
	at java.util.concurrent.ForkJoinTask.doExec(ForkJoinTask.java:289)
	at java.util.concurrent.ForkJoinPool$WorkQueue.runTask(ForkJoinPool.java:1056)
	at java.util.concurrent.ForkJoinPool.runWorker(ForkJoinPool.java:1692)
	at java.util.concurrent.ForkJoinWorkerThread.run(ForkJoinWorkerThread.java:157)
Caused by: org.apache.ratis.thirdparty.io.grpc.StatusRuntimeException: DEADLINE_EXCEEDED: deadline exceeded after 2999952810ns
	at org.apache.ratis.thirdparty.io.grpc.stub.ClientCalls.toStatusRuntimeException(ClientCalls.java:233)
	at org.apache.ratis.thirdparty.io.grpc.stub.ClientCalls.getUnchecked(ClientCalls.java:214)
	at org.apache.ratis.thirdparty.io.grpc.stub.ClientCalls.blockingUnaryCall(ClientCalls.java:139)
	at org.apache.ratis.proto.grpc.AdminProtocolServiceGrpc$AdminProtocolServiceBlockingStub.groupManagement(AdminProtocolServiceGrpc.java:274)
	at org.apache.ratis.grpc.client.GrpcClientProtocolClient.lambda$groupAdd$3(GrpcClientProtocolClient.java:155)
	at org.apache.ratis.grpc.client.GrpcClientProtocolClient.blockingCall(GrpcClientProtocolClient.java:182)
	... 25 more
2019-11-13 13:02:32,430 [grpc-default-executor-2] INFO  impl.RaftServerProxy (RaftServerProxy.java:addNew(89)) - 3d7387af-ecb5-4c7d-b20b-5fe48849adda: addNew group-FFCD4D7C2DEB:[1a33519a-3def-4d79-b3e5-c4d8286dc86e:192.168.157.200:40699, 3d7387af-ecb5-4c7d-b20b-5fe48849adda:192.168.157.200:37245, 318b4bc4-2a6a-4055-b801-3341d5814353:192.168.157.200:34345] returns group-FFCD4D7C2DEB:java.util.concurrent.CompletableFuture@14088b4c[Not completed]
2019-11-13 13:02:32,430 [grpc-default-executor-6] INFO  impl.RaftServerProxy (RaftServerProxy.java:addNew(89)) - 1a33519a-3def-4d79-b3e5-c4d8286dc86e: addNew group-FFCD4D7C2DEB:[1a33519a-3def-4d79-b3e5-c4d8286dc86e:192.168.157.200:40699, 3d7387af-ecb5-4c7d-b20b-5fe48849adda:192.168.157.200:37245, 318b4bc4-2a6a-4055-b801-3341d5814353:192.168.157.200:34345] returns group-FFCD4D7C2DEB:java.util.concurrent.CompletableFuture@952d959[Not completed]
2019-11-13 13:02:32,430 [grpc-default-executor-10] INFO  impl.RaftServerProxy (RaftServerProxy.java:addNew(89)) - 318b4bc4-2a6a-4055-b801-3341d5814353: addNew group-FFCD4D7C2DEB:[1a33519a-3def-4d79-b3e5-c4d8286dc86e:192.168.157.200:40699, 3d7387af-ecb5-4c7d-b20b-5fe48849adda:192.168.157.200:37245, 318b4bc4-2a6a-4055-b801-3341d5814353:192.168.157.200:34345] returns group-FFCD4D7C2DEB:java.util.concurrent.CompletableFuture@71590a64[Not completed]
2019-11-13 13:02:32,432 [pool-549-thread-1] INFO  impl.RaftServerImpl (RaftServerImpl.java:<init>(98)) - 1a33519a-3def-4d79-b3e5-c4d8286dc86e: new RaftServerImpl for group-FFCD4D7C2DEB:[1a33519a-3def-4d79-b3e5-c4d8286dc86e:192.168.157.200:40699, 3d7387af-ecb5-4c7d-b20b-5fe48849adda:192.168.157.200:37245, 318b4bc4-2a6a-4055-b801-3341d5814353:192.168.157.200:34345] with ContainerStateMachine:uninitialized
2019-11-13 13:02:32,433 [pool-549-thread-1] INFO  server.RaftServerConfigKeys (ConfUtils.java:logGet(43)) - raft.server.rpc.timeout.min = 1s (custom)
2019-11-13 13:02:32,433 [pool-549-thread-1] INFO  server.RaftServerConfigKeys (ConfUtils.java:logGet(43)) - raft.server.rpc.timeout.max = 1200ms (custom)
2019-11-13 13:02:32,433 [pool-549-thread-1] INFO  server.RaftServerConfigKeys (ConfUtils.java:logGet(43)) - raft.server.rpcslowness.timeout = 120s (custom)
2019-11-13 13:02:32,433 [pool-549-thread-1] INFO  server.RaftServerConfigKeys (ConfUtils.java:logGet(43)) - raft.server.sleep.deviation.threshold = 300 (default)
2019-11-13 13:02:32,433 [pool-549-thread-1] INFO  server.RaftServerConfigKeys (ConfUtils.java:logGet(43)) - raft.server.log.appender.install.snapshot.enabled = false (custom)
2019-11-13 13:02:32,433 [pool-549-thread-1] INFO  impl.RaftServerImpl (ServerState.java:<init>(103)) - 1a33519a-3def-4d79-b3e5-c4d8286dc86e@group-FFCD4D7C2DEB: ConfigurationManager, init=-1: [1a33519a-3def-4d79-b3e5-c4d8286dc86e:192.168.157.200:40699, 3d7387af-ecb5-4c7d-b20b-5fe48849adda:192.168.157.200:37245, 318b4bc4-2a6a-4055-b801-3341d5814353:192.168.157.200:34345], old=null, confs=<EMPTY_MAP>
2019-11-13 13:02:32,433 [pool-579-thread-1] INFO  impl.RaftServerImpl (RaftServerImpl.java:<init>(98)) - 3d7387af-ecb5-4c7d-b20b-5fe48849adda: new RaftServerImpl for group-FFCD4D7C2DEB:[1a33519a-3def-4d79-b3e5-c4d8286dc86e:192.168.157.200:40699, 3d7387af-ecb5-4c7d-b20b-5fe48849adda:192.168.157.200:37245, 318b4bc4-2a6a-4055-b801-3341d5814353:192.168.157.200:34345] with ContainerStateMachine:uninitialized
2019-11-13 13:02:32,433 [pool-549-thread-1] INFO  server.RaftServerConfigKeys (ConfUtils.java:logGet(43)) - raft.server.storage.dir = [/workdir/hadoop-ozone/integration-test/target/test-dir/MiniOzoneClusterImpl-90e8aeb1-2975-47c6-9bba-faf27de7fb8c/datanode-4/data/ratis] (custom)
2019-11-13 13:02:32,433 [pool-579-thread-1] INFO  server.RaftServerConfigKeys (ConfUtils.java:logGet(43)) - raft.server.rpc.timeout.min = 1s (custom)
2019-11-13 13:02:32,434 [pool-579-thread-1] INFO  server.RaftServerConfigKeys (ConfUtils.java:logGet(43)) - raft.server.rpc.timeout.max = 1200ms (custom)
2019-11-13 13:02:32,434 [pool-579-thread-1] INFO  server.RaftServerConfigKeys (ConfUtils.java:logGet(43)) - raft.server.rpcslowness.timeout = 120s (custom)
2019-11-13 13:02:32,434 [pool-549-thread-1] INFO  server.RaftServerConfigKeys (ConfUtils.java:logGet(43)) - raft.server.log.corruption.policy = EXCEPTION (default)
2019-11-13 13:02:32,434 [pool-599-thread-1] INFO  impl.RaftServerImpl (RaftServerImpl.java:<init>(98)) - 318b4bc4-2a6a-4055-b801-3341d5814353: new RaftServerImpl for group-FFCD4D7C2DEB:[1a33519a-3def-4d79-b3e5-c4d8286dc86e:192.168.157.200:40699, 3d7387af-ecb5-4c7d-b20b-5fe48849adda:192.168.157.200:37245, 318b4bc4-2a6a-4055-b801-3341d5814353:192.168.157.200:34345] with ContainerStateMachine:uninitialized
2019-11-13 13:02:32,434 [pool-579-thread-1] INFO  server.RaftServerConfigKeys (ConfUtils.java:logGet(43)) - raft.server.sleep.deviation.threshold = 300 (default)
2019-11-13 13:02:32,434 [pool-599-thread-1] INFO  server.RaftServerConfigKeys (ConfUtils.java:logGet(43)) - raft.server.rpc.timeout.min = 1s (custom)
2019-11-13 13:02:32,434 [pool-549-thread-1] INFO  storage.RaftStorageDirectory (RaftStorageDirectory.java:analyzeStorage(246)) - The storage directory /workdir/hadoop-ozone/integration-test/target/test-dir/MiniOzoneClusterImpl-90e8aeb1-2975-47c6-9bba-faf27de7fb8c/datanode-4/data/ratis/ce83bf73-8e79-48b3-8c3f-ffcd4d7c2deb does not exist. Creating ...
2019-11-13 13:02:32,434 [pool-599-thread-1] INFO  server.RaftServerConfigKeys (ConfUtils.java:logGet(43)) - raft.server.rpc.timeout.max = 1200ms (custom)
2019-11-13 13:02:32,434 [pool-579-thread-1] INFO  server.RaftServerConfigKeys (ConfUtils.java:logGet(43)) - raft.server.log.appender.install.snapshot.enabled = false (custom)
2019-11-13 13:02:32,434 [pool-599-thread-1] INFO  server.RaftServerConfigKeys (ConfUtils.java:logGet(43)) - raft.server.rpcslowness.timeout = 120s (custom)
2019-11-13 13:02:32,435 [pool-579-thread-1] INFO  impl.RaftServerImpl (ServerState.java:<init>(103)) - 3d7387af-ecb5-4c7d-b20b-5fe48849adda@group-FFCD4D7C2DEB: ConfigurationManager, init=-1: [1a33519a-3def-4d79-b3e5-c4d8286dc86e:192.168.157.200:40699, 3d7387af-ecb5-4c7d-b20b-5fe48849adda:192.168.157.200:37245, 318b4bc4-2a6a-4055-b801-3341d5814353:192.168.157.200:34345], old=null, confs=<EMPTY_MAP>
2019-11-13 13:02:32,435 [pool-599-thread-1] INFO  server.RaftServerConfigKeys (ConfUtils.java:logGet(43)) - raft.server.sleep.deviation.threshold = 300 (default)
2019-11-13 13:02:32,435 [pool-579-thread-1] INFO  server.RaftServerConfigKeys (ConfUtils.java:logGet(43)) - raft.server.storage.dir = [/workdir/hadoop-ozone/integration-test/target/test-dir/MiniOzoneClusterImpl-90e8aeb1-2975-47c6-9bba-faf27de7fb8c/datanode-7/data/ratis] (custom)
2019-11-13 13:02:32,435 [pool-599-thread-1] INFO  server.RaftServerConfigKeys (ConfUtils.java:logGet(43)) - raft.server.log.appender.install.snapshot.enabled = false (custom)
2019-11-13 13:02:32,437 [pool-599-thread-1] INFO  impl.RaftServerImpl (ServerState.java:<init>(103)) - 318b4bc4-2a6a-4055-b801-3341d5814353@group-FFCD4D7C2DEB: ConfigurationManager, init=-1: [1a33519a-3def-4d79-b3e5-c4d8286dc86e:192.168.157.200:40699, 3d7387af-ecb5-4c7d-b20b-5fe48849adda:192.168.157.200:37245, 318b4bc4-2a6a-4055-b801-3341d5814353:192.168.157.200:34345], old=null, confs=<EMPTY_MAP>
2019-11-13 13:02:32,437 [pool-579-thread-1] INFO  server.RaftServerConfigKeys (ConfUtils.java:logGet(43)) - raft.server.log.corruption.policy = EXCEPTION (default)
2019-11-13 13:02:32,437 [pool-599-thread-1] INFO  server.RaftServerConfigKeys (ConfUtils.java:logGet(43)) - raft.server.storage.dir = [/workdir/hadoop-ozone/integration-test/target/test-dir/MiniOzoneClusterImpl-90e8aeb1-2975-47c6-9bba-faf27de7fb8c/datanode-9/data/ratis] (custom)
2019-11-13 13:02:32,437 [pool-579-thread-1] INFO  storage.RaftStorageDirectory (RaftStorageDirectory.java:analyzeStorage(246)) - The storage directory /workdir/hadoop-ozone/integration-test/target/test-dir/MiniOzoneClusterImpl-90e8aeb1-2975-47c6-9bba-faf27de7fb8c/datanode-7/data/ratis/ce83bf73-8e79-48b3-8c3f-ffcd4d7c2deb does not exist. Creating ...
2019-11-13 13:02:32,437 [pool-599-thread-1] INFO  server.RaftServerConfigKeys (ConfUtils.java:logGet(43)) - raft.server.log.corruption.policy = EXCEPTION (default)
2019-11-13 13:02:32,438 [pool-599-thread-1] INFO  storage.RaftStorageDirectory (RaftStorageDirectory.java:analyzeStorage(246)) - The storage directory /workdir/hadoop-ozone/integration-test/target/test-dir/MiniOzoneClusterImpl-90e8aeb1-2975-47c6-9bba-faf27de7fb8c/datanode-9/data/ratis/ce83bf73-8e79-48b3-8c3f-ffcd4d7c2deb does not exist. Creating ...
2019-11-13 13:02:32,492 [java.util.concurrent.ThreadPoolExecutor$Worker@5e23783d[State = -1, empty queue]] WARN  server.GrpcLogAppender (GrpcLogAppender.java:timeoutAppendRequest(211)) - 8ff9d20a-2236-45f0-8596-c8d53407e80c@group-DDA6E3DC98CF->971d177f-fbc5-4c3a-b100-2607610d94ec-GrpcLogAppender: appendEntries Timeout, request=AppendEntriesRequest:cid=9,entriesCount=0,lastEntry=null
2019-11-13 13:02:32,497 [java.util.concurrent.ThreadPoolExecutor$Worker@5e23783d[State = -1, empty queue]] WARN  server.GrpcLogAppender (GrpcLogAppender.java:timeoutAppendRequest(211)) - 8ff9d20a-2236-45f0-8596-c8d53407e80c@group-DDA6E3DC98CF->7ba291c4-9ee0-417b-844f-44a16c4ba9e2-GrpcLogAppender: appendEntries Timeout, request=AppendEntriesRequest:cid=9,entriesCount=0,lastEntry=null
2019-11-13 13:02:32,993 [java.util.concurrent.ThreadPoolExecutor$Worker@5e23783d[State = -1, empty queue]] WARN  server.GrpcLogAppender (GrpcLogAppender.java:timeoutAppendRequest(211)) - 8ff9d20a-2236-45f0-8596-c8d53407e80c@group-DDA6E3DC98CF->971d177f-fbc5-4c3a-b100-2607610d94ec-GrpcLogAppender: appendEntries Timeout, request=AppendEntriesRequest:cid=10,entriesCount=0,lastEntry=null
2019-11-13 13:02:32,997 [java.util.concurrent.ThreadPoolExecutor$Worker@5e23783d[State = -1, empty queue]] WARN  server.GrpcLogAppender (GrpcLogAppender.java:timeoutAppendRequest(211)) - 8ff9d20a-2236-45f0-8596-c8d53407e80c@group-DDA6E3DC98CF->7ba291c4-9ee0-417b-844f-44a16c4ba9e2-GrpcLogAppender: appendEntries Timeout, request=AppendEntriesRequest:cid=10,entriesCount=0,lastEntry=null
2019-11-13 13:02:33,493 [java.util.concurrent.ThreadPoolExecutor$Worker@5e23783d[State = -1, empty queue]] WARN  server.GrpcLogAppender (GrpcLogAppender.java:timeoutAppendRequest(211)) - 8ff9d20a-2236-45f0-8596-c8d53407e80c@group-DDA6E3DC98CF->971d177f-fbc5-4c3a-b100-2607610d94ec-GrpcLogAppender: appendEntries Timeout, request=AppendEntriesRequest:cid=11,entriesCount=0,lastEntry=null
2019-11-13 13:02:33,497 [java.util.concurrent.ThreadPoolExecutor$Worker@5e23783d[State = -1, empty queue]] WARN  server.GrpcLogAppender (GrpcLogAppender.java:timeoutAppendRequest(211)) - 8ff9d20a-2236-45f0-8596-c8d53407e80c@group-DDA6E3DC98CF->7ba291c4-9ee0-417b-844f-44a16c4ba9e2-GrpcLogAppender: appendEntries Timeout, request=AppendEntriesRequest:cid=11,entriesCount=0,lastEntry=null
2019-11-13 13:02:33,993 [java.util.concurrent.ThreadPoolExecutor$Worker@5e23783d[State = -1, empty queue]] WARN  server.GrpcLogAppender (GrpcLogAppender.java:timeoutAppendRequest(211)) - 8ff9d20a-2236-45f0-8596-c8d53407e80c@group-DDA6E3DC98CF->971d177f-fbc5-4c3a-b100-2607610d94ec-GrpcLogAppender: appendEntries Timeout, request=AppendEntriesRequest:cid=12,entriesCount=0,lastEntry=null
2019-11-13 13:02:33,998 [java.util.concurrent.ThreadPoolExecutor$Worker@5e23783d[State = -1, empty queue]] WARN  server.GrpcLogAppender (GrpcLogAppender.java:timeoutAppendRequest(211)) - 8ff9d20a-2236-45f0-8596-c8d53407e80c@group-DDA6E3DC98CF->7ba291c4-9ee0-417b-844f-44a16c4ba9e2-GrpcLogAppender: appendEntries Timeout, request=AppendEntriesRequest:cid=12,entriesCount=0,lastEntry=null
2019-11-13 13:02:34,495 [java.util.concurrent.ThreadPoolExecutor$Worker@5e23783d[State = -1, empty queue]] WARN  server.GrpcLogAppender (GrpcLogAppender.java:timeoutAppendRequest(211)) - 8ff9d20a-2236-45f0-8596-c8d53407e80c@group-DDA6E3DC98CF->971d177f-fbc5-4c3a-b100-2607610d94ec-GrpcLogAppender: appendEntries Timeout, request=AppendEntriesRequest:cid=13,entriesCount=0,lastEntry=null
2019-11-13 13:02:34,498 [java.util.concurrent.ThreadPoolExecutor$Worker@5e23783d[State = -1, empty queue]] WARN  server.GrpcLogAppender (GrpcLogAppender.java:timeoutAppendRequest(211)) - 8ff9d20a-2236-45f0-8596-c8d53407e80c@group-DDA6E3DC98CF->7ba291c4-9ee0-417b-844f-44a16c4ba9e2-GrpcLogAppender: appendEntries Timeout, request=AppendEntriesRequest:cid=13,entriesCount=0,lastEntry=null
2019-11-13 13:02:34,995 [java.util.concurrent.ThreadPoolExecutor$Worker@5e23783d[State = -1, empty queue]] WARN  server.GrpcLogAppender (GrpcLogAppender.java:timeoutAppendRequest(211)) - 8ff9d20a-2236-45f0-8596-c8d53407e80c@group-DDA6E3DC98CF->971d177f-fbc5-4c3a-b100-2607610d94ec-GrpcLogAppender: appendEntries Timeout, request=AppendEntriesRequest:cid=14,entriesCount=0,lastEntry=null
2019-11-13 13:02:34,998 [java.util.concurrent.ThreadPoolExecutor$Worker@5e23783d[State = -1, empty queue]] WARN  server.GrpcLogAppender (GrpcLogAppender.java:timeoutAppendRequest(211)) - 8ff9d20a-2236-45f0-8596-c8d53407e80c@group-DDA6E3DC98CF->7ba291c4-9ee0-417b-844f-44a16c4ba9e2-GrpcLogAppender: appendEntries Timeout, request=AppendEntriesRequest:cid=14,entriesCount=0,lastEntry=null
2019-11-13 13:02:35,428 [RATISCREATEPIPELINE2] ERROR pipeline.RatisPipelineProvider (RatisPipelineProvider.java:lambda$null$5(230)) - Failed invoke Ratis rpc org.apache.hadoop.hdds.scm.pipeline.RatisPipelineProvider$$Lambda$226/528885252@38494d1e for 1a33519a-3def-4d79-b3e5-c4d8286dc86e
org.apache.ratis.protocol.TimeoutIOException: deadline exceeded after 2999683939ns
	at org.apache.ratis.grpc.GrpcUtil.tryUnwrapException(GrpcUtil.java:82)
	at org.apache.ratis.grpc.GrpcUtil.unwrapException(GrpcUtil.java:75)
	at org.apache.ratis.grpc.client.GrpcClientProtocolClient.blockingCall(GrpcClientProtocolClient.java:184)
	at org.apache.ratis.grpc.client.GrpcClientProtocolClient.groupAdd(GrpcClientProtocolClient.java:153)
	at org.apache.ratis.grpc.client.GrpcClientRpc.sendRequest(GrpcClientRpc.java:94)
	at org.apache.ratis.client.impl.RaftClientImpl.sendRequest(RaftClientImpl.java:278)
	at org.apache.ratis.client.impl.RaftClientImpl.groupAdd(RaftClientImpl.java:205)
	at org.apache.hadoop.hdds.scm.pipeline.RatisPipelineProvider.lambda$initializePipeline$4(RatisPipelineProvider.java:191)
	at org.apache.hadoop.hdds.scm.pipeline.RatisPipelineProvider.lambda$null$5(RatisPipelineProvider.java:226)
	at java.util.stream.ForEachOps$ForEachOp$OfRef.accept(ForEachOps.java:183)
	at java.util.ArrayList$ArrayListSpliterator.forEachRemaining(ArrayList.java:1382)
	at java.util.stream.AbstractPipeline.copyInto(AbstractPipeline.java:482)
	at java.util.stream.ForEachOps$ForEachTask.compute(ForEachOps.java:290)
	at java.util.concurrent.CountedCompleter.exec(CountedCompleter.java:731)
	at java.util.concurrent.ForkJoinTask.doExec(ForkJoinTask.java:289)
	at java.util.concurrent.ForkJoinPool$WorkQueue.runTask(ForkJoinPool.java:1056)
	at java.util.concurrent.ForkJoinPool.runWorker(ForkJoinPool.java:1692)
	at java.util.concurrent.ForkJoinWorkerThread.run(ForkJoinWorkerThread.java:157)
Caused by: org.apache.ratis.thirdparty.io.grpc.StatusRuntimeException: DEADLINE_EXCEEDED: deadline exceeded after 2999683939ns
	at org.apache.ratis.thirdparty.io.grpc.stub.ClientCalls.toStatusRuntimeException(ClientCalls.java:233)
	at org.apache.ratis.thirdparty.io.grpc.stub.ClientCalls.getUnchecked(ClientCalls.java:214)
	at org.apache.ratis.thirdparty.io.grpc.stub.ClientCalls.blockingUnaryCall(ClientCalls.java:139)
	at org.apache.ratis.proto.grpc.AdminProtocolServiceGrpc$AdminProtocolServiceBlockingStub.groupManagement(AdminProtocolServiceGrpc.java:274)
	at org.apache.ratis.grpc.client.GrpcClientProtocolClient.lambda$groupAdd$3(GrpcClientProtocolClient.java:155)
	at org.apache.ratis.grpc.client.GrpcClientProtocolClient.blockingCall(GrpcClientProtocolClient.java:182)
	... 15 more
2019-11-13 13:02:35,428 [RATISCREATEPIPELINE3] ERROR pipeline.RatisPipelineProvider (RatisPipelineProvider.java:lambda$null$5(230)) - Failed invoke Ratis rpc org.apache.hadoop.hdds.scm.pipeline.RatisPipelineProvider$$Lambda$226/528885252@38494d1e for 318b4bc4-2a6a-4055-b801-3341d5814353
org.apache.ratis.protocol.TimeoutIOException: deadline exceeded after 2999667131ns
	at org.apache.ratis.grpc.GrpcUtil.tryUnwrapException(GrpcUtil.java:82)
	at org.apache.ratis.grpc.GrpcUtil.unwrapException(GrpcUtil.java:75)
	at org.apache.ratis.grpc.client.GrpcClientProtocolClient.blockingCall(GrpcClientProtocolClient.java:184)
	at org.apache.ratis.grpc.client.GrpcClientProtocolClient.groupAdd(GrpcClientProtocolClient.java:153)
	at org.apache.ratis.grpc.client.GrpcClientRpc.sendRequest(GrpcClientRpc.java:94)
	at org.apache.ratis.client.impl.RaftClientImpl.sendRequest(RaftClientImpl.java:278)
	at org.apache.ratis.client.impl.RaftClientImpl.groupAdd(RaftClientImpl.java:205)
	at org.apache.hadoop.hdds.scm.pipeline.RatisPipelineProvider.lambda$initializePipeline$4(RatisPipelineProvider.java:191)
	at org.apache.hadoop.hdds.scm.pipeline.RatisPipelineProvider.lambda$null$5(RatisPipelineProvider.java:226)
	at java.util.stream.ForEachOps$ForEachOp$OfRef.accept(ForEachOps.java:183)
	at java.util.ArrayList$ArrayListSpliterator.forEachRemaining(ArrayList.java:1382)
	at java.util.stream.AbstractPipeline.copyInto(AbstractPipeline.java:482)
	at java.util.stream.ForEachOps$ForEachTask.compute(ForEachOps.java:290)
	at java.util.concurrent.CountedCompleter.exec(CountedCompleter.java:731)
	at java.util.concurrent.ForkJoinTask.doExec(ForkJoinTask.java:289)
	at java.util.concurrent.ForkJoinTask.doInvoke(ForkJoinTask.java:401)
	at java.util.concurrent.ForkJoinTask.invoke(ForkJoinTask.java:734)
	at java.util.stream.ForEachOps$ForEachOp.evaluateParallel(ForEachOps.java:159)
	at java.util.stream.ForEachOps$ForEachOp$OfRef.evaluateParallel(ForEachOps.java:173)
	at java.util.stream.AbstractPipeline.evaluate(AbstractPipeline.java:233)
	at java.util.stream.ReferencePipeline.forEach(ReferencePipeline.java:485)
	at java.util.stream.ReferencePipeline$Head.forEach(ReferencePipeline.java:650)
	at org.apache.hadoop.hdds.scm.pipeline.RatisPipelineProvider.lambda$callRatisRpc$6(RatisPipelineProvider.java:220)
	at java.util.concurrent.ForkJoinTask$AdaptedRunnableAction.exec(ForkJoinTask.java:1386)
	at java.util.concurrent.ForkJoinTask.doExec(ForkJoinTask.java:289)
	at java.util.concurrent.ForkJoinPool$WorkQueue.runTask(ForkJoinPool.java:1056)
	at java.util.concurrent.ForkJoinPool.runWorker(ForkJoinPool.java:1692)
	at java.util.concurrent.ForkJoinWorkerThread.run(ForkJoinWorkerThread.java:157)
Caused by: org.apache.ratis.thirdparty.io.grpc.StatusRuntimeException: DEADLINE_EXCEEDED: deadline exceeded after 2999667131ns
	at org.apache.ratis.thirdparty.io.grpc.stub.ClientCalls.toStatusRuntimeException(ClientCalls.java:233)
	at org.apache.ratis.thirdparty.io.grpc.stub.ClientCalls.getUnchecked(ClientCalls.java:214)
	at org.apache.ratis.thirdparty.io.grpc.stub.ClientCalls.blockingUnaryCall(ClientCalls.java:139)
	at org.apache.ratis.proto.grpc.AdminProtocolServiceGrpc$AdminProtocolServiceBlockingStub.groupManagement(AdminProtocolServiceGrpc.java:274)
	at org.apache.ratis.grpc.client.GrpcClientProtocolClient.lambda$groupAdd$3(GrpcClientProtocolClient.java:155)
	at org.apache.ratis.grpc.client.GrpcClientProtocolClient.blockingCall(GrpcClientProtocolClient.java:182)
	... 25 more
2019-11-13 13:02:35,428 [RATISCREATEPIPELINE0] ERROR pipeline.RatisPipelineProvider (RatisPipelineProvider.java:lambda$null$5(230)) - Failed invoke Ratis rpc org.apache.hadoop.hdds.scm.pipeline.RatisPipelineProvider$$Lambda$226/528885252@38494d1e for 3d7387af-ecb5-4c7d-b20b-5fe48849adda
org.apache.ratis.protocol.TimeoutIOException: deadline exceeded after 2999684358ns
	at org.apache.ratis.grpc.GrpcUtil.tryUnwrapException(GrpcUtil.java:82)
	at org.apache.ratis.grpc.GrpcUtil.unwrapException(GrpcUtil.java:75)
	at org.apache.ratis.grpc.client.GrpcClientProtocolClient.blockingCall(GrpcClientProtocolClient.java:184)
	at org.apache.ratis.grpc.client.GrpcClientProtocolClient.groupAdd(GrpcClientProtocolClient.java:153)
	at org.apache.ratis.grpc.client.GrpcClientRpc.sendRequest(GrpcClientRpc.java:94)
	at org.apache.ratis.client.impl.RaftClientImpl.sendRequest(RaftClientImpl.java:278)
	at org.apache.ratis.client.impl.RaftClientImpl.groupAdd(RaftClientImpl.java:205)
	at org.apache.hadoop.hdds.scm.pipeline.RatisPipelineProvider.lambda$initializePipeline$4(RatisPipelineProvider.java:191)
	at org.apache.hadoop.hdds.scm.pipeline.RatisPipelineProvider.lambda$null$5(RatisPipelineProvider.java:226)
	at java.util.stream.ForEachOps$ForEachOp$OfRef.accept(ForEachOps.java:183)
	at java.util.ArrayList$ArrayListSpliterator.forEachRemaining(ArrayList.java:1382)
	at java.util.stream.AbstractPipeline.copyInto(AbstractPipeline.java:482)
	at java.util.stream.ForEachOps$ForEachTask.compute(ForEachOps.java:290)
	at java.util.concurrent.CountedCompleter.exec(CountedCompleter.java:731)
	at java.util.concurrent.ForkJoinTask.doExec(ForkJoinTask.java:289)
	at java.util.concurrent.ForkJoinPool$WorkQueue.runTask(ForkJoinPool.java:1056)
	at java.util.concurrent.ForkJoinPool.runWorker(ForkJoinPool.java:1692)
	at java.util.concurrent.ForkJoinWorkerThread.run(ForkJoinWorkerThread.java:157)
Caused by: org.apache.ratis.thirdparty.io.grpc.StatusRuntimeException: DEADLINE_EXCEEDED: deadline exceeded after 2999684358ns
	at org.apache.ratis.thirdparty.io.grpc.stub.ClientCalls.toStatusRuntimeException(ClientCalls.java:233)
	at org.apache.ratis.thirdparty.io.grpc.stub.ClientCalls.getUnchecked(ClientCalls.java:214)
	at org.apache.ratis.thirdparty.io.grpc.stub.ClientCalls.blockingUnaryCall(ClientCalls.java:139)
	at org.apache.ratis.proto.grpc.AdminProtocolServiceGrpc$AdminProtocolServiceBlockingStub.groupManagement(AdminProtocolServiceGrpc.java:274)
	at org.apache.ratis.grpc.client.GrpcClientProtocolClient.lambda$groupAdd$3(GrpcClientProtocolClient.java:155)
	at org.apache.ratis.grpc.client.GrpcClientProtocolClient.blockingCall(GrpcClientProtocolClient.java:182)
	... 15 more
2019-11-13 13:02:35,436 [Thread-3904] INFO  pipeline.PipelineStateManager (PipelineStateManager.java:finalizePipeline(121)) - Pipeline Pipeline[ Id: 6b8fb905-2139-48ff-95e0-4da4d061ba2f, Nodes: 7ba291c4-9ee0-417b-844f-44a16c4ba9e2{ip: 192.168.157.200, host: pr-hdds-2452-7vw7s-1330541530, networkLocation: /rack1, certSerialId: null}, Type:RATIS, Factor:ONE, State:CLOSED] moved to CLOSED state
2019-11-13 13:02:35,444 [grpc-default-executor-11] INFO  impl.RaftServerProxy (RaftServerProxy.java:remove(95)) - 7ba291c4-9ee0-417b-844f-44a16c4ba9e2: remove    LEADER 7ba291c4-9ee0-417b-844f-44a16c4ba9e2@group-4DA4D061BA2F:t1, leader=7ba291c4-9ee0-417b-844f-44a16c4ba9e2, voted=7ba291c4-9ee0-417b-844f-44a16c4ba9e2, raftlog=7ba291c4-9ee0-417b-844f-44a16c4ba9e2@group-4DA4D061BA2F-SegmentedRaftLog:OPENED:c0,f0,i0, conf=0: [7ba291c4-9ee0-417b-844f-44a16c4ba9e2:192.168.157.200:33359], old=null RUNNING
2019-11-13 13:02:35,444 [grpc-default-executor-11] INFO  impl.RaftServerImpl (RaftServerImpl.java:lambda$shutdown$3(250)) - 7ba291c4-9ee0-417b-844f-44a16c4ba9e2@group-4DA4D061BA2F: shutdown
2019-11-13 13:02:35,445 [grpc-default-executor-11] INFO  util.JmxRegister (JmxRegister.java:unregister(73)) - Successfully un-registered JMX Bean with object name Ratis:service=RaftServer,group=group-4DA4D061BA2F,id=7ba291c4-9ee0-417b-844f-44a16c4ba9e2
2019-11-13 13:02:35,445 [grpc-default-executor-11] INFO  impl.RoleInfo (RoleInfo.java:shutdownLeaderState(104)) - 7ba291c4-9ee0-417b-844f-44a16c4ba9e2: shutdown LeaderState
2019-11-13 13:02:35,445 [grpc-default-executor-11] INFO  impl.PendingRequests (PendingRequests.java:sendNotLeaderResponses(206)) - 7ba291c4-9ee0-417b-844f-44a16c4ba9e2@group-4DA4D061BA2F-PendingRequests: sendNotLeaderResponses
2019-11-13 13:02:35,445 [grpc-default-executor-11] INFO  impl.StateMachineUpdater (StateMachineUpdater.java:stopAndJoin(136)) - 7ba291c4-9ee0-417b-844f-44a16c4ba9e2@group-4DA4D061BA2F-StateMachineUpdater: set stopIndex = 0
2019-11-13 13:02:35,445 [grpc-default-executor-11] INFO  impl.RaftServerImpl (ServerState.java:close(387)) - 7ba291c4-9ee0-417b-844f-44a16c4ba9e2@group-4DA4D061BA2F: closes. applyIndex: 0
2019-11-13 13:02:35,446 [7ba291c4-9ee0-417b-844f-44a16c4ba9e2@group-4DA4D061BA2F-SegmentedRaftLogWorker] INFO  segmented.SegmentedRaftLogWorker (SegmentedRaftLogWorker.java:run(316)) - 7ba291c4-9ee0-417b-844f-44a16c4ba9e2@group-4DA4D061BA2F-SegmentedRaftLogWorker was interrupted, exiting. There are 0 tasks remaining in the queue.
2019-11-13 13:02:35,449 [grpc-default-executor-11] INFO  segmented.SegmentedRaftLogWorker (SegmentedRaftLogWorker.java:close(224)) - 7ba291c4-9ee0-417b-844f-44a16c4ba9e2@group-4DA4D061BA2F-SegmentedRaftLogWorker close()
2019-11-13 13:02:35,454 [Thread-3904] INFO  pipeline.PipelineStateManager (PipelineStateManager.java:removePipeline(106)) - Pipeline Pipeline[ Id: 6b8fb905-2139-48ff-95e0-4da4d061ba2f, Nodes: 7ba291c4-9ee0-417b-844f-44a16c4ba9e2{ip: 192.168.157.200, host: pr-hdds-2452-7vw7s-1330541530, networkLocation: /rack1, certSerialId: null}, Type:RATIS, Factor:ONE, State:CLOSED] removed from db
2019-11-13 13:02:35,455 [Thread-3904] INFO  pipeline.SCMPipelineManager (SCMPipelineManager.java:finalizeAndDestroyPipeline(315)) - destroying pipeline:Pipeline[ Id: b42ea994-ee87-4049-9c09-cad78ae12961, Nodes: ccb58d27-4340-4f56-86e1-f88286cea239{ip: 192.168.157.200, host: pr-hdds-2452-7vw7s-1330541530, networkLocation: /rack1, certSerialId: null}, Type:RATIS, Factor:ONE, State:OPEN]
2019-11-13 13:02:35,458 [grpc-default-executor-11] INFO  impl.RaftServerProxy (RaftServerProxy.java:addNew(89)) - 9bca8fcc-ea98-4ec4-92ce-7a037de40a27: addNew group-9ABFFEB58543:[9bca8fcc-ea98-4ec4-92ce-7a037de40a27:192.168.157.200:33211] returns group-9ABFFEB58543:java.util.concurrent.CompletableFuture@13e28ab8[Not completed]
2019-11-13 13:02:35,496 [java.util.concurrent.ThreadPoolExecutor$Worker@6bece3b0[State = -1, empty queue]] WARN  server.GrpcLogAppender (GrpcLogAppender.java:timeoutAppendRequest(211)) - 8ff9d20a-2236-45f0-8596-c8d53407e80c@group-DDA6E3DC98CF->971d177f-fbc5-4c3a-b100-2607610d94ec-GrpcLogAppender: appendEntries Timeout, request=AppendEntriesRequest:cid=15,entriesCount=0,lastEntry=null
2019-11-13 13:02:35,498 [java.util.concurrent.ThreadPoolExecutor$Worker@6bece3b0[State = -1, empty queue]] WARN  server.GrpcLogAppender (GrpcLogAppender.java:timeoutAppendRequest(211)) - 8ff9d20a-2236-45f0-8596-c8d53407e80c@group-DDA6E3DC98CF->7ba291c4-9ee0-417b-844f-44a16c4ba9e2-GrpcLogAppender: appendEntries Timeout, request=AppendEntriesRequest:cid=15,entriesCount=0,lastEntry=null
2019-11-13 13:02:35,997 [java.util.concurrent.ThreadPoolExecutor$Worker@6bece3b0[State = -1, empty queue]] WARN  server.GrpcLogAppender (GrpcLogAppender.java:timeoutAppendRequest(211)) - 8ff9d20a-2236-45f0-8596-c8d53407e80c@group-DDA6E3DC98CF->971d177f-fbc5-4c3a-b100-2607610d94ec-GrpcLogAppender: appendEntries Timeout, request=AppendEntriesRequest:cid=16,entriesCount=0,lastEntry=null
2019-11-13 13:02:35,999 [java.util.concurrent.ThreadPoolExecutor$Worker@6bece3b0[State = -1, empty queue]] WARN  server.GrpcLogAppender (GrpcLogAppender.java:timeoutAppendRequest(211)) - 8ff9d20a-2236-45f0-8596-c8d53407e80c@group-DDA6E3DC98CF->7ba291c4-9ee0-417b-844f-44a16c4ba9e2-GrpcLogAppender: appendEntries Timeout, request=AppendEntriesRequest:cid=16,entriesCount=0,lastEntry=null
2019-11-13 13:02:36,498 [java.util.concurrent.ThreadPoolExecutor$Worker@6bece3b0[State = -1, empty queue]] WARN  server.GrpcLogAppender (GrpcLogAppender.java:timeoutAppendRequest(211)) - 8ff9d20a-2236-45f0-8596-c8d53407e80c@group-DDA6E3DC98CF->971d177f-fbc5-4c3a-b100-2607610d94ec-GrpcLogAppender: appendEntries Timeout, request=AppendEntriesRequest:cid=17,entriesCount=0,lastEntry=null
2019-11-13 13:02:36,499 [java.util.concurrent.ThreadPoolExecutor$Worker@6bece3b0[State = -1, empty queue]] WARN  server.GrpcLogAppender (GrpcLogAppender.java:timeoutAppendRequest(211)) - 8ff9d20a-2236-45f0-8596-c8d53407e80c@group-DDA6E3DC98CF->7ba291c4-9ee0-417b-844f-44a16c4ba9e2-GrpcLogAppender: appendEntries Timeout, request=AppendEntriesRequest:cid=17,entriesCount=0,lastEntry=null
2019-11-13 13:02:36,743 [pool-579-thread-1] INFO  storage.RaftStorageDirectory (RaftStorageDirectory.java:tryLock(328)) - Lock on /workdir/hadoop-ozone/integration-test/target/test-dir/MiniOzoneClusterImpl-90e8aeb1-2975-47c6-9bba-faf27de7fb8c/datanode-7/data/ratis/ce83bf73-8e79-48b3-8c3f-ffcd4d7c2deb/in_use.lock acquired by nodename 10766@pr-hdds-2452-7vw7s-1330541530
2019-11-13 13:02:36,743 [7ba291c4-9ee0-417b-844f-44a16c4ba9e2@group-DDA6E3DC98CF-SegmentedRaftLogWorker] INFO  segmented.SegmentedRaftLogWorker (SegmentedRaftLogWorker.java:execute(576)) - 7ba291c4-9ee0-417b-844f-44a16c4ba9e2@group-DDA6E3DC98CF-SegmentedRaftLogWorker: created new log segment /workdir/hadoop-ozone/integration-test/target/test-dir/MiniOzoneClusterImpl-90e8aeb1-2975-47c6-9bba-faf27de7fb8c/datanode-5/data/ratis/b0061687-c255-4535-a3f9-dda6e3dc98cf/current/log_inprogress_0
2019-11-13 13:02:36,743 [971d177f-fbc5-4c3a-b100-2607610d94ec@group-DDA6E3DC98CF-SegmentedRaftLogWorker] INFO  segmented.SegmentedRaftLogWorker (SegmentedRaftLogWorker.java:execute(576)) - 971d177f-fbc5-4c3a-b100-2607610d94ec@group-DDA6E3DC98CF-SegmentedRaftLogWorker: created new log segment /workdir/hadoop-ozone/integration-test/target/test-dir/MiniOzoneClusterImpl-90e8aeb1-2975-47c6-9bba-faf27de7fb8c/datanode-6/data/ratis/b0061687-c255-4535-a3f9-dda6e3dc98cf/current/log_inprogress_0
2019-11-13 13:02:36,743 [pool-549-thread-1] INFO  storage.RaftStorageDirectory (RaftStorageDirectory.java:tryLock(328)) - Lock on /workdir/hadoop-ozone/integration-test/target/test-dir/MiniOzoneClusterImpl-90e8aeb1-2975-47c6-9bba-faf27de7fb8c/datanode-4/data/ratis/ce83bf73-8e79-48b3-8c3f-ffcd4d7c2deb/in_use.lock acquired by nodename 10766@pr-hdds-2452-7vw7s-1330541530
2019-11-13 13:02:36,743 [pool-539-thread-1] INFO  storage.RaftStorageDirectory (RaftStorageDirectory.java:tryLock(328)) - Lock on /workdir/hadoop-ozone/integration-test/target/test-dir/MiniOzoneClusterImpl-90e8aeb1-2975-47c6-9bba-faf27de7fb8c/datanode-3/data/ratis/4f1c5194-9ad6-4c8e-a1a8-2fd560804636/in_use.lock acquired by nodename 10766@pr-hdds-2452-7vw7s-1330541530
2019-11-13 13:02:36,743 [pool-599-thread-1] INFO  storage.RaftStorageDirectory (RaftStorageDirectory.java:tryLock(328)) - Lock on /workdir/hadoop-ozone/integration-test/target/test-dir/MiniOzoneClusterImpl-90e8aeb1-2975-47c6-9bba-faf27de7fb8c/datanode-9/data/ratis/ce83bf73-8e79-48b3-8c3f-ffcd4d7c2deb/in_use.lock acquired by nodename 10766@pr-hdds-2452-7vw7s-1330541530
2019-11-13 13:02:36,759 [grpc-default-executor-6] WARN  server.GrpcLogAppender (LogUtils.java:warn(134)) - 8ff9d20a-2236-45f0-8596-c8d53407e80c@group-DDA6E3DC98CF->971d177f-fbc5-4c3a-b100-2607610d94ec-AppendLogResponseHandler: Failed appendEntries: org.apache.ratis.thirdparty.io.grpc.StatusRuntimeException: CANCELLED: Failed to read message.
2019-11-13 13:02:36,759 [grpc-default-executor-11] WARN  server.GrpcLogAppender (LogUtils.java:warn(134)) - 8ff9d20a-2236-45f0-8596-c8d53407e80c@group-DDA6E3DC98CF->7ba291c4-9ee0-417b-844f-44a16c4ba9e2-AppendLogResponseHandler: Failed appendEntries: org.apache.ratis.thirdparty.io.grpc.StatusRuntimeException: CANCELLED: Failed to read message.
2019-11-13 13:02:36,760 [grpc-default-executor-5] WARN  server.GrpcServerProtocolService (LogUtils.java:warn(134)) - 971d177f-fbc5-4c3a-b100-2607610d94ec: installSnapshot onError, lastRequest: 8ff9d20a-2236-45f0-8596-c8d53407e80c->971d177f-fbc5-4c3a-b100-2607610d94ec#23-t1, previous=(t:1, i:0), leaderCommit=0, initializing? false, entries: <empty>: org.apache.ratis.thirdparty.io.grpc.StatusRuntimeException: CANCELLED: cancelled before receiving half close
2019-11-13 13:02:36,761 [grpc-default-executor-2] WARN  server.GrpcServerProtocolService (LogUtils.java:warn(134)) - 7ba291c4-9ee0-417b-844f-44a16c4ba9e2: installSnapshot onError, lastRequest: 8ff9d20a-2236-45f0-8596-c8d53407e80c->7ba291c4-9ee0-417b-844f-44a16c4ba9e2#23-t1, previous=(t:1, i:0), leaderCommit=0, initializing? false, entries: <empty>: org.apache.ratis.thirdparty.io.grpc.StatusRuntimeException: CANCELLED: cancelled before receiving half close
2019-11-13 13:02:36,761 [grpc-default-executor-6] INFO  impl.FollowerInfo (FollowerInfo.java:lambda$new$0(51)) - 8ff9d20a-2236-45f0-8596-c8d53407e80c@group-DDA6E3DC98CF->971d177f-fbc5-4c3a-b100-2607610d94ec: nextIndex: updateUnconditionally 1 -> 0
2019-11-13 13:02:36,761 [grpc-default-executor-11] INFO  impl.FollowerInfo (FollowerInfo.java:lambda$new$0(51)) - 8ff9d20a-2236-45f0-8596-c8d53407e80c@group-DDA6E3DC98CF->7ba291c4-9ee0-417b-844f-44a16c4ba9e2: nextIndex: updateUnconditionally 1 -> 0
2019-11-13 13:02:37,022 [grpc-default-executor-11] INFO  impl.RaftServerImpl (ServerState.java:setRaftConf(356)) - 7ba291c4-9ee0-417b-844f-44a16c4ba9e2@group-DDA6E3DC98CF: set configuration 0: [8ff9d20a-2236-45f0-8596-c8d53407e80c:192.168.157.200:39500, 7ba291c4-9ee0-417b-844f-44a16c4ba9e2:192.168.157.200:33359, 971d177f-fbc5-4c3a-b100-2607610d94ec:192.168.157.200:33290], old=null at 0
2019-11-13 13:02:37,022 [grpc-default-executor-2] INFO  impl.RaftServerImpl (ServerState.java:setRaftConf(356)) - 971d177f-fbc5-4c3a-b100-2607610d94ec@group-DDA6E3DC98CF: set configuration 0: [8ff9d20a-2236-45f0-8596-c8d53407e80c:192.168.157.200:39500, 7ba291c4-9ee0-417b-844f-44a16c4ba9e2:192.168.157.200:33359, 971d177f-fbc5-4c3a-b100-2607610d94ec:192.168.157.200:33290], old=null at 0
2019-11-13 13:02:37,909 [main] INFO  rpc.RpcClient (RpcClient.java:createBucket(431)) - Creating Bucket: datanodefailurehandlingtest/datanodefailurehandlingtest, with Versioning false and Storage Type set to DISK and Encryption set to false 
2019-11-13 13:02:37,921 [pool-579-thread-1] INFO  storage.RaftStorage (RaftStorage.java:format(84)) - Storage directory /workdir/hadoop-ozone/integration-test/target/test-dir/MiniOzoneClusterImpl-90e8aeb1-2975-47c6-9bba-faf27de7fb8c/datanode-7/data/ratis/ce83bf73-8e79-48b3-8c3f-ffcd4d7c2deb has been successfully formatted.
2019-11-13 13:02:37,921 [pool-539-thread-1] INFO  storage.RaftStorage (RaftStorage.java:format(84)) - Storage directory /workdir/hadoop-ozone/integration-test/target/test-dir/MiniOzoneClusterImpl-90e8aeb1-2975-47c6-9bba-faf27de7fb8c/datanode-3/data/ratis/4f1c5194-9ad6-4c8e-a1a8-2fd560804636 has been successfully formatted.
2019-11-13 13:02:37,921 [pool-599-thread-1] INFO  storage.RaftStorage (RaftStorage.java:format(84)) - Storage directory /workdir/hadoop-ozone/integration-test/target/test-dir/MiniOzoneClusterImpl-90e8aeb1-2975-47c6-9bba-faf27de7fb8c/datanode-9/data/ratis/ce83bf73-8e79-48b3-8c3f-ffcd4d7c2deb has been successfully formatted.
2019-11-13 13:02:37,921 [pool-549-thread-1] INFO  storage.RaftStorage (RaftStorage.java:format(84)) - Storage directory /workdir/hadoop-ozone/integration-test/target/test-dir/MiniOzoneClusterImpl-90e8aeb1-2975-47c6-9bba-faf27de7fb8c/datanode-4/data/ratis/ce83bf73-8e79-48b3-8c3f-ffcd4d7c2deb has been successfully formatted.
2019-11-13 13:02:37,922 [pool-599-thread-1] INFO  ratis.ContainerStateMachine (ContainerStateMachine.java:loadSnapshot(223)) - group-FFCD4D7C2DEB: The snapshot info is null. Setting the last applied indexto:(t:0, i:~)
2019-11-13 13:02:37,922 [pool-579-thread-1] INFO  ratis.ContainerStateMachine (ContainerStateMachine.java:loadSnapshot(223)) - group-FFCD4D7C2DEB: The snapshot info is null. Setting the last applied indexto:(t:0, i:~)
2019-11-13 13:02:37,922 [pool-539-thread-1] INFO  ratis.ContainerStateMachine (ContainerStateMachine.java:loadSnapshot(223)) - group-2FD560804636: The snapshot info is null. Setting the last applied indexto:(t:0, i:~)
2019-11-13 13:02:37,922 [pool-579-thread-1] INFO  server.RaftServerConfigKeys (ConfUtils.java:logGet(43)) - raft.server.notification.no-leader.timeout = 120s (custom)
2019-11-13 13:02:37,922 [pool-599-thread-1] INFO  server.RaftServerConfigKeys (ConfUtils.java:logGet(43)) - raft.server.notification.no-leader.timeout = 120s (custom)
2019-11-13 13:02:37,922 [pool-549-thread-1] INFO  ratis.ContainerStateMachine (ContainerStateMachine.java:loadSnapshot(223)) - group-FFCD4D7C2DEB: The snapshot info is null. Setting the last applied indexto:(t:0, i:~)
2019-11-13 13:02:37,922 [pool-599-thread-1] INFO  server.RaftServerConfigKeys (ConfUtils.java:logGet(43)) - raft.server.log.use.memory = false (default)
2019-11-13 13:02:37,922 [pool-579-thread-1] INFO  server.RaftServerConfigKeys (ConfUtils.java:logGet(43)) - raft.server.log.use.memory = false (default)
2019-11-13 13:02:37,922 [pool-539-thread-1] INFO  server.RaftServerConfigKeys (ConfUtils.java:logGet(43)) - raft.server.notification.no-leader.timeout = 120s (custom)
2019-11-13 13:02:37,923 [pool-579-thread-1] INFO  server.RaftServerConfigKeys (ConfUtils.java:logGet(43)) - raft.server.log.purge.gap = 1000000 (custom)
2019-11-13 13:02:37,923 [pool-599-thread-1] INFO  server.RaftServerConfigKeys (ConfUtils.java:logGet(43)) - raft.server.log.purge.gap = 1000000 (custom)
2019-11-13 13:02:37,923 [pool-549-thread-1] INFO  server.RaftServerConfigKeys (ConfUtils.java:logGet(43)) - raft.server.notification.no-leader.timeout = 120s (custom)
2019-11-13 13:02:37,923 [pool-599-thread-1] INFO  server.RaftServerConfigKeys (ConfUtils.java:logGet(43)) - raft.server.log.appender.buffer.byte-limit = 33554432 (custom)
2019-11-13 13:02:37,923 [pool-579-thread-1] INFO  server.RaftServerConfigKeys (ConfUtils.java:logGet(43)) - raft.server.log.appender.buffer.byte-limit = 33554432 (custom)
2019-11-13 13:02:37,923 [pool-539-thread-1] INFO  server.RaftServerConfigKeys (ConfUtils.java:logGet(43)) - raft.server.log.use.memory = false (default)
2019-11-13 13:02:37,923 [pool-579-thread-1] INFO  server.RaftServerConfigKeys (ConfUtils.java:logGet(43)) - raft.server.log.segment.size.max = 1048576 (custom)
2019-11-13 13:02:37,923 [pool-599-thread-1] INFO  server.RaftServerConfigKeys (ConfUtils.java:logGet(43)) - raft.server.log.segment.size.max = 1048576 (custom)
2019-11-13 13:02:37,923 [pool-549-thread-1] INFO  server.RaftServerConfigKeys (ConfUtils.java:logGet(43)) - raft.server.log.use.memory = false (default)
2019-11-13 13:02:37,924 [pool-579-thread-1] INFO  server.RaftServerConfigKeys (ConfUtils.java:logGet(43)) - raft.server.log.segment.cache.num.max = 2 (custom)
2019-11-13 13:02:37,924 [pool-599-thread-1] INFO  server.RaftServerConfigKeys (ConfUtils.java:logGet(43)) - raft.server.log.segment.cache.num.max = 2 (custom)
2019-11-13 13:02:37,923 [pool-539-thread-1] INFO  server.RaftServerConfigKeys (ConfUtils.java:logGet(43)) - raft.server.log.purge.gap = 1000000 (custom)
2019-11-13 13:02:37,924 [pool-599-thread-1] INFO  segmented.SegmentedRaftLogWorker (SegmentedRaftLogWorker.java:<init>(173)) - new 318b4bc4-2a6a-4055-b801-3341d5814353@group-FFCD4D7C2DEB-SegmentedRaftLogWorker for RaftStorage:Storage Directory /workdir/hadoop-ozone/integration-test/target/test-dir/MiniOzoneClusterImpl-90e8aeb1-2975-47c6-9bba-faf27de7fb8c/datanode-9/data/ratis/ce83bf73-8e79-48b3-8c3f-ffcd4d7c2deb
2019-11-13 13:02:37,924 [pool-579-thread-1] INFO  segmented.SegmentedRaftLogWorker (SegmentedRaftLogWorker.java:<init>(173)) - new 3d7387af-ecb5-4c7d-b20b-5fe48849adda@group-FFCD4D7C2DEB-SegmentedRaftLogWorker for RaftStorage:Storage Directory /workdir/hadoop-ozone/integration-test/target/test-dir/MiniOzoneClusterImpl-90e8aeb1-2975-47c6-9bba-faf27de7fb8c/datanode-7/data/ratis/ce83bf73-8e79-48b3-8c3f-ffcd4d7c2deb
2019-11-13 13:02:37,924 [pool-549-thread-1] INFO  server.RaftServerConfigKeys (ConfUtils.java:logGet(43)) - raft.server.log.purge.gap = 1000000 (custom)
2019-11-13 13:02:37,924 [pool-579-thread-1] INFO  server.RaftServerConfigKeys (ConfUtils.java:logGet(43)) - raft.server.log.queue.byte-limit = 2147483647 (custom)
2019-11-13 13:02:37,924 [pool-599-thread-1] INFO  server.RaftServerConfigKeys (ConfUtils.java:logGet(43)) - raft.server.log.queue.byte-limit = 2147483647 (custom)
2019-11-13 13:02:37,924 [pool-539-thread-1] INFO  server.RaftServerConfigKeys (ConfUtils.java:logGet(43)) - raft.server.log.appender.buffer.byte-limit = 33554432 (custom)
2019-11-13 13:02:37,925 [pool-599-thread-1] INFO  server.RaftServerConfigKeys (ConfUtils.java:logGet(43)) - raft.server.log.queue.element-limit = 1024 (custom)
2019-11-13 13:02:37,925 [pool-579-thread-1] INFO  server.RaftServerConfigKeys (ConfUtils.java:logGet(43)) - raft.server.log.queue.element-limit = 1024 (custom)
2019-11-13 13:02:37,925 [pool-549-thread-1] INFO  server.RaftServerConfigKeys (ConfUtils.java:logGet(43)) - raft.server.log.appender.buffer.byte-limit = 33554432 (custom)
2019-11-13 13:02:37,925 [pool-579-thread-1] INFO  server.RaftServerConfigKeys (ConfUtils.java:logGet(43)) - raft.server.log.segment.size.max = 1048576 (custom)
2019-11-13 13:02:37,925 [pool-599-thread-1] INFO  server.RaftServerConfigKeys (ConfUtils.java:logGet(43)) - raft.server.log.segment.size.max = 1048576 (custom)
2019-11-13 13:02:37,925 [pool-539-thread-1] INFO  server.RaftServerConfigKeys (ConfUtils.java:logGet(43)) - raft.server.log.segment.size.max = 1048576 (custom)
2019-11-13 13:02:37,925 [pool-599-thread-1] INFO  server.RaftServerConfigKeys (ConfUtils.java:logGet(43)) - raft.server.log.preallocated.size = 16384 (custom)
2019-11-13 13:02:37,925 [pool-579-thread-1] INFO  server.RaftServerConfigKeys (ConfUtils.java:logGet(43)) - raft.server.log.preallocated.size = 16384 (custom)
2019-11-13 13:02:37,925 [pool-549-thread-1] INFO  server.RaftServerConfigKeys (ConfUtils.java:logGet(43)) - raft.server.log.segment.size.max = 1048576 (custom)
2019-11-13 13:02:37,926 [pool-579-thread-1] INFO  server.RaftServerConfigKeys (ConfUtils.java:logGet(43)) - raft.server.log.write.buffer.size = 33554432 (custom)
2019-11-13 13:02:37,925 [pool-599-thread-1] INFO  server.RaftServerConfigKeys (ConfUtils.java:logGet(43)) - raft.server.log.write.buffer.size = 33554432 (custom)
2019-11-13 13:02:37,925 [pool-539-thread-1] INFO  server.RaftServerConfigKeys (ConfUtils.java:logGet(43)) - raft.server.log.segment.cache.num.max = 2 (custom)
2019-11-13 13:02:37,926 [pool-599-thread-1] INFO  server.RaftServerConfigKeys (ConfUtils.java:logGet(43)) - raft.server.log.force.sync.num = 128 (default)
2019-11-13 13:02:37,926 [pool-579-thread-1] INFO  server.RaftServerConfigKeys (ConfUtils.java:logGet(43)) - raft.server.log.force.sync.num = 128 (default)
2019-11-13 13:02:37,926 [pool-549-thread-1] INFO  server.RaftServerConfigKeys (ConfUtils.java:logGet(43)) - raft.server.log.segment.cache.num.max = 2 (custom)
2019-11-13 13:02:37,926 [pool-579-thread-1] INFO  server.RaftServerConfigKeys (ConfUtils.java:logGet(43)) - raft.server.log.statemachine.data.sync = true (default)
2019-11-13 13:02:37,926 [pool-599-thread-1] INFO  server.RaftServerConfigKeys (ConfUtils.java:logGet(43)) - raft.server.log.statemachine.data.sync = true (default)
2019-11-13 13:02:37,926 [pool-539-thread-1] INFO  segmented.SegmentedRaftLogWorker (SegmentedRaftLogWorker.java:<init>(173)) - new 9bca8fcc-ea98-4ec4-92ce-7a037de40a27@group-2FD560804636-SegmentedRaftLogWorker for RaftStorage:Storage Directory /workdir/hadoop-ozone/integration-test/target/test-dir/MiniOzoneClusterImpl-90e8aeb1-2975-47c6-9bba-faf27de7fb8c/datanode-3/data/ratis/4f1c5194-9ad6-4c8e-a1a8-2fd560804636
2019-11-13 13:02:37,927 [pool-599-thread-1] INFO  server.RaftServerConfigKeys (ConfUtils.java:logGet(43)) - raft.server.log.statemachine.data.sync.timeout = 10s (default)
2019-11-13 13:02:37,927 [pool-579-thread-1] INFO  server.RaftServerConfigKeys (ConfUtils.java:logGet(43)) - raft.server.log.statemachine.data.sync.timeout = 10s (default)
2019-11-13 13:02:37,926 [pool-549-thread-1] INFO  segmented.SegmentedRaftLogWorker (SegmentedRaftLogWorker.java:<init>(173)) - new 1a33519a-3def-4d79-b3e5-c4d8286dc86e@group-FFCD4D7C2DEB-SegmentedRaftLogWorker for RaftStorage:Storage Directory /workdir/hadoop-ozone/integration-test/target/test-dir/MiniOzoneClusterImpl-90e8aeb1-2975-47c6-9bba-faf27de7fb8c/datanode-4/data/ratis/ce83bf73-8e79-48b3-8c3f-ffcd4d7c2deb
2019-11-13 13:02:37,927 [pool-579-thread-1] INFO  server.RaftServerConfigKeys (ConfUtils.java:logGet(43)) - raft.server.log.statemachine.data.sync.timeout.retry = -1 (default)
2019-11-13 13:02:37,927 [pool-599-thread-1] INFO  server.RaftServerConfigKeys (ConfUtils.java:logGet(43)) - raft.server.log.statemachine.data.sync.timeout.retry = -1 (default)
2019-11-13 13:02:37,927 [pool-539-thread-1] INFO  server.RaftServerConfigKeys (ConfUtils.java:logGet(43)) - raft.server.log.queue.byte-limit = 2147483647 (custom)
2019-11-13 13:02:37,927 [pool-579-thread-1] INFO  server.RaftServerConfigKeys (ConfUtils.java:logGet(43)) - raft.server.log.statemachine.data.caching.enabled = true (custom)
2019-11-13 13:02:37,927 [pool-599-thread-1] INFO  server.RaftServerConfigKeys (ConfUtils.java:logGet(43)) - raft.server.log.statemachine.data.caching.enabled = true (custom)
2019-11-13 13:02:37,927 [pool-549-thread-1] INFO  server.RaftServerConfigKeys (ConfUtils.java:logGet(43)) - raft.server.log.queue.byte-limit = 2147483647 (custom)
2019-11-13 13:02:37,927 [pool-539-thread-1] INFO  server.RaftServerConfigKeys (ConfUtils.java:logGet(43)) - raft.server.log.queue.element-limit = 1024 (custom)
2019-11-13 13:02:37,928 [pool-549-thread-1] INFO  server.RaftServerConfigKeys (ConfUtils.java:logGet(43)) - raft.server.log.queue.element-limit = 1024 (custom)
2019-11-13 13:02:37,928 [pool-539-thread-1] INFO  server.RaftServerConfigKeys (ConfUtils.java:logGet(43)) - raft.server.log.segment.size.max = 1048576 (custom)
2019-11-13 13:02:37,928 [pool-549-thread-1] INFO  server.RaftServerConfigKeys (ConfUtils.java:logGet(43)) - raft.server.log.segment.size.max = 1048576 (custom)
2019-11-13 13:02:37,928 [pool-539-thread-1] INFO  server.RaftServerConfigKeys (ConfUtils.java:logGet(43)) - raft.server.log.preallocated.size = 16384 (custom)
2019-11-13 13:02:37,928 [pool-549-thread-1] INFO  server.RaftServerConfigKeys (ConfUtils.java:logGet(43)) - raft.server.log.preallocated.size = 16384 (custom)
2019-11-13 13:02:37,928 [pool-539-thread-1] INFO  server.RaftServerConfigKeys (ConfUtils.java:logGet(43)) - raft.server.log.write.buffer.size = 33554432 (custom)
2019-11-13 13:02:37,928 [pool-549-thread-1] INFO  server.RaftServerConfigKeys (ConfUtils.java:logGet(43)) - raft.server.log.write.buffer.size = 33554432 (custom)
2019-11-13 13:02:37,928 [pool-539-thread-1] INFO  server.RaftServerConfigKeys (ConfUtils.java:logGet(43)) - raft.server.log.force.sync.num = 128 (default)
2019-11-13 13:02:37,929 [pool-549-thread-1] INFO  server.RaftServerConfigKeys (ConfUtils.java:logGet(43)) - raft.server.log.force.sync.num = 128 (default)
2019-11-13 13:02:37,929 [pool-539-thread-1] INFO  server.RaftServerConfigKeys (ConfUtils.java:logGet(43)) - raft.server.log.statemachine.data.sync = true (default)
2019-11-13 13:02:37,929 [pool-549-thread-1] INFO  server.RaftServerConfigKeys (ConfUtils.java:logGet(43)) - raft.server.log.statemachine.data.sync = true (default)
2019-11-13 13:02:37,929 [pool-539-thread-1] INFO  server.RaftServerConfigKeys (ConfUtils.java:logGet(43)) - raft.server.log.statemachine.data.sync.timeout = 10s (default)
2019-11-13 13:02:37,929 [pool-549-thread-1] INFO  server.RaftServerConfigKeys (ConfUtils.java:logGet(43)) - raft.server.log.statemachine.data.sync.timeout = 10s (default)
2019-11-13 13:02:37,929 [pool-539-thread-1] INFO  server.RaftServerConfigKeys (ConfUtils.java:logGet(43)) - raft.server.log.statemachine.data.sync.timeout.retry = -1 (default)
2019-11-13 13:02:37,929 [pool-549-thread-1] INFO  server.RaftServerConfigKeys (ConfUtils.java:logGet(43)) - raft.server.log.statemachine.data.sync.timeout.retry = -1 (default)
2019-11-13 13:02:37,929 [pool-539-thread-1] INFO  server.RaftServerConfigKeys (ConfUtils.java:logGet(43)) - raft.server.log.statemachine.data.caching.enabled = true (custom)
2019-11-13 13:02:37,929 [pool-549-thread-1] INFO  server.RaftServerConfigKeys (ConfUtils.java:logGet(43)) - raft.server.log.statemachine.data.caching.enabled = true (custom)
2019-11-13 13:02:37,932 [pool-599-thread-1] INFO  segmented.SegmentedRaftLogWorker (SegmentedRaftLogWorker.java:lambda$new$0(128)) - 318b4bc4-2a6a-4055-b801-3341d5814353@group-FFCD4D7C2DEB-SegmentedRaftLogWorker: flushIndex: setUnconditionally 0 -> -1
2019-11-13 13:02:37,932 [pool-549-thread-1] INFO  segmented.SegmentedRaftLogWorker (SegmentedRaftLogWorker.java:lambda$new$0(128)) - 1a33519a-3def-4d79-b3e5-c4d8286dc86e@group-FFCD4D7C2DEB-SegmentedRaftLogWorker: flushIndex: setUnconditionally 0 -> -1
2019-11-13 13:02:37,932 [pool-539-thread-1] INFO  segmented.SegmentedRaftLogWorker (SegmentedRaftLogWorker.java:lambda$new$0(128)) - 9bca8fcc-ea98-4ec4-92ce-7a037de40a27@group-2FD560804636-SegmentedRaftLogWorker: flushIndex: setUnconditionally 0 -> -1
2019-11-13 13:02:37,932 [pool-579-thread-1] INFO  segmented.SegmentedRaftLogWorker (SegmentedRaftLogWorker.java:lambda$new$0(128)) - 3d7387af-ecb5-4c7d-b20b-5fe48849adda@group-FFCD4D7C2DEB-SegmentedRaftLogWorker: flushIndex: setUnconditionally 0 -> -1
2019-11-13 13:02:37,933 [pool-549-thread-1] INFO  server.RaftServerConfigKeys (ConfUtils.java:logGet(43)) - raft.server.snapshot.auto.trigger.enabled = true (custom)
2019-11-13 13:02:37,933 [pool-599-thread-1] INFO  server.RaftServerConfigKeys (ConfUtils.java:logGet(43)) - raft.server.snapshot.auto.trigger.enabled = true (custom)
2019-11-13 13:02:37,935 [pool-549-thread-1] INFO  server.RaftServerConfigKeys (ConfUtils.java:logGet(43)) - raft.server.snapshot.auto.trigger.threshold = 10000 (custom)
2019-11-13 13:02:37,935 [pool-579-thread-1] INFO  server.RaftServerConfigKeys (ConfUtils.java:logGet(43)) - raft.server.snapshot.auto.trigger.enabled = true (custom)
2019-11-13 13:02:37,933 [pool-539-thread-1] INFO  server.RaftServerConfigKeys (ConfUtils.java:logGet(43)) - raft.server.snapshot.auto.trigger.enabled = true (custom)
2019-11-13 13:02:37,935 [pool-579-thread-1] INFO  server.RaftServerConfigKeys (ConfUtils.java:logGet(43)) - raft.server.snapshot.auto.trigger.threshold = 10000 (custom)
2019-11-13 13:02:37,935 [pool-549-thread-1] INFO  server.RaftServerConfigKeys (ConfUtils.java:logGet(43)) - raft.server.snapshot.retention.file.num = 5 (custom)
2019-11-13 13:02:37,935 [pool-599-thread-1] INFO  server.RaftServerConfigKeys (ConfUtils.java:logGet(43)) - raft.server.snapshot.auto.trigger.threshold = 10000 (custom)
2019-11-13 13:02:37,936 [pool-549-thread-1] INFO  server.RaftServerConfigKeys (ConfUtils.java:logGet(43)) - raft.server.retrycache.expirytime = 600000ms (custom)
2019-11-13 13:02:37,936 [pool-579-thread-1] INFO  server.RaftServerConfigKeys (ConfUtils.java:logGet(43)) - raft.server.snapshot.retention.file.num = 5 (custom)
2019-11-13 13:02:37,936 [pool-539-thread-1] INFO  server.RaftServerConfigKeys (ConfUtils.java:logGet(43)) - raft.server.snapshot.auto.trigger.threshold = 10000 (custom)
2019-11-13 13:02:37,936 [pool-549-thread-1] WARN  impl.MetricRegistriesImpl (MetricRegistriesImpl.java:lambda$create$1(61)) - First MetricRegistry has been created without registering reporters. You may need to call MetricRegistries.global().addReportRegistration(...) before.
2019-11-13 13:02:37,936 [pool-579-thread-1] INFO  server.RaftServerConfigKeys (ConfUtils.java:logGet(43)) - raft.server.retrycache.expirytime = 600000ms (custom)
2019-11-13 13:02:37,936 [pool-599-thread-1] INFO  server.RaftServerConfigKeys (ConfUtils.java:logGet(43)) - raft.server.snapshot.retention.file.num = 5 (custom)
2019-11-13 13:02:37,937 [pool-579-thread-1] WARN  impl.MetricRegistriesImpl (MetricRegistriesImpl.java:lambda$create$1(61)) - First MetricRegistry has been created without registering reporters. You may need to call MetricRegistries.global().addReportRegistration(...) before.
2019-11-13 13:02:37,937 [pool-549-thread-1] WARN  impl.MetricRegistriesImpl (MetricRegistriesImpl.java:lambda$create$1(61)) - First MetricRegistry has been created without registering reporters. You may need to call MetricRegistries.global().addReportRegistration(...) before.
2019-11-13 13:02:37,936 [pool-539-thread-1] INFO  server.RaftServerConfigKeys (ConfUtils.java:logGet(43)) - raft.server.snapshot.retention.file.num = 5 (custom)
2019-11-13 13:02:37,937 [pool-579-thread-1] WARN  impl.MetricRegistriesImpl (MetricRegistriesImpl.java:lambda$create$1(61)) - First MetricRegistry has been created without registering reporters. You may need to call MetricRegistries.global().addReportRegistration(...) before.
2019-11-13 13:02:37,937 [pool-549-thread-1] INFO  impl.RaftServerImpl (RaftServerImpl.java:start(184)) - 1a33519a-3def-4d79-b3e5-c4d8286dc86e@group-FFCD4D7C2DEB: start as a follower, conf=-1: [1a33519a-3def-4d79-b3e5-c4d8286dc86e:192.168.157.200:40699, 3d7387af-ecb5-4c7d-b20b-5fe48849adda:192.168.157.200:37245, 318b4bc4-2a6a-4055-b801-3341d5814353:192.168.157.200:34345], old=null
2019-11-13 13:02:37,937 [pool-599-thread-1] INFO  server.RaftServerConfigKeys (ConfUtils.java:logGet(43)) - raft.server.retrycache.expirytime = 600000ms (custom)
2019-11-13 13:02:37,938 [pool-549-thread-1] INFO  impl.RaftServerImpl (RaftServerImpl.java:setRole(173)) - 1a33519a-3def-4d79-b3e5-c4d8286dc86e@group-FFCD4D7C2DEB: changes role from      null to FOLLOWER at term 0 for startAsFollower
2019-11-13 13:02:37,937 [pool-579-thread-1] INFO  impl.RaftServerImpl (RaftServerImpl.java:start(184)) - 3d7387af-ecb5-4c7d-b20b-5fe48849adda@group-FFCD4D7C2DEB: start as a follower, conf=-1: [1a33519a-3def-4d79-b3e5-c4d8286dc86e:192.168.157.200:40699, 3d7387af-ecb5-4c7d-b20b-5fe48849adda:192.168.157.200:37245, 318b4bc4-2a6a-4055-b801-3341d5814353:192.168.157.200:34345], old=null
2019-11-13 13:02:37,938 [pool-579-thread-1] INFO  impl.RaftServerImpl (RaftServerImpl.java:setRole(173)) - 3d7387af-ecb5-4c7d-b20b-5fe48849adda@group-FFCD4D7C2DEB: changes role from      null to FOLLOWER at term 0 for startAsFollower
2019-11-13 13:02:37,937 [pool-539-thread-1] INFO  server.RaftServerConfigKeys (ConfUtils.java:logGet(43)) - raft.server.retrycache.expirytime = 600000ms (custom)
2019-11-13 13:02:37,938 [pool-579-thread-1] INFO  impl.RoleInfo (RoleInfo.java:updateAndGet(143)) - 3d7387af-ecb5-4c7d-b20b-5fe48849adda: start FollowerState
2019-11-13 13:02:37,938 [pool-549-thread-1] INFO  impl.RoleInfo (RoleInfo.java:updateAndGet(143)) - 1a33519a-3def-4d79-b3e5-c4d8286dc86e: start FollowerState
2019-11-13 13:02:37,938 [pool-599-thread-1] WARN  impl.MetricRegistriesImpl (MetricRegistriesImpl.java:lambda$create$1(61)) - First MetricRegistry has been created without registering reporters. You may need to call MetricRegistries.global().addReportRegistration(...) before.
2019-11-13 13:02:37,938 [pool-539-thread-1] WARN  impl.MetricRegistriesImpl (MetricRegistriesImpl.java:lambda$create$1(61)) - First MetricRegistry has been created without registering reporters. You may need to call MetricRegistries.global().addReportRegistration(...) before.
2019-11-13 13:02:37,939 [pool-599-thread-1] WARN  impl.MetricRegistriesImpl (MetricRegistriesImpl.java:lambda$create$1(61)) - First MetricRegistry has been created without registering reporters. You may need to call MetricRegistries.global().addReportRegistration(...) before.
2019-11-13 13:02:37,939 [pool-539-thread-1] WARN  impl.MetricRegistriesImpl (MetricRegistriesImpl.java:lambda$create$1(61)) - First MetricRegistry has been created without registering reporters. You may need to call MetricRegistries.global().addReportRegistration(...) before.
2019-11-13 13:02:37,953 [pool-549-thread-1] INFO  util.JmxRegister (JmxRegister.java:tryRegister(44)) - Successfully registered JMX Bean with object name Ratis:service=RaftServer,group=group-FFCD4D7C2DEB,id=1a33519a-3def-4d79-b3e5-c4d8286dc86e
2019-11-13 13:02:37,939 [pool-599-thread-1] INFO  impl.RaftServerImpl (RaftServerImpl.java:start(184)) - 318b4bc4-2a6a-4055-b801-3341d5814353@group-FFCD4D7C2DEB: start as a follower, conf=-1: [1a33519a-3def-4d79-b3e5-c4d8286dc86e:192.168.157.200:40699, 3d7387af-ecb5-4c7d-b20b-5fe48849adda:192.168.157.200:37245, 318b4bc4-2a6a-4055-b801-3341d5814353:192.168.157.200:34345], old=null
2019-11-13 13:02:37,953 [pool-549-thread-1] WARN  impl.MetricRegistriesImpl (MetricRegistriesImpl.java:lambda$create$1(61)) - First MetricRegistry has been created without registering reporters. You may need to call MetricRegistries.global().addReportRegistration(...) before.
2019-11-13 13:02:37,953 [pool-579-thread-1] INFO  util.JmxRegister (JmxRegister.java:tryRegister(44)) - Successfully registered JMX Bean with object name Ratis:service=RaftServer,group=group-FFCD4D7C2DEB,id=3d7387af-ecb5-4c7d-b20b-5fe48849adda
2019-11-13 13:02:37,955 [pool-579-thread-1] WARN  impl.MetricRegistriesImpl (MetricRegistriesImpl.java:lambda$create$1(61)) - First MetricRegistry has been created without registering reporters. You may need to call MetricRegistries.global().addReportRegistration(...) before.
2019-11-13 13:02:37,953 [pool-599-thread-1] INFO  impl.RaftServerImpl (RaftServerImpl.java:setRole(173)) - 318b4bc4-2a6a-4055-b801-3341d5814353@group-FFCD4D7C2DEB: changes role from      null to FOLLOWER at term 0 for startAsFollower
2019-11-13 13:02:37,956 [pool-599-thread-1] INFO  impl.RoleInfo (RoleInfo.java:updateAndGet(143)) - 318b4bc4-2a6a-4055-b801-3341d5814353: start FollowerState
2019-11-13 13:02:37,963 [pool-599-thread-1] INFO  util.JmxRegister (JmxRegister.java:tryRegister(44)) - Successfully registered JMX Bean with object name Ratis:service=RaftServer,group=group-FFCD4D7C2DEB,id=318b4bc4-2a6a-4055-b801-3341d5814353
2019-11-13 13:02:37,969 [pool-599-thread-1] WARN  impl.MetricRegistriesImpl (MetricRegistriesImpl.java:lambda$create$1(61)) - First MetricRegistry has been created without registering reporters. You may need to call MetricRegistries.global().addReportRegistration(...) before.
2019-11-13 13:02:37,971 [pool-539-thread-1] INFO  impl.RaftServerImpl (RaftServerImpl.java:<init>(98)) - 9bca8fcc-ea98-4ec4-92ce-7a037de40a27: new RaftServerImpl for group-BFFD9583CC8A:[9bca8fcc-ea98-4ec4-92ce-7a037de40a27:192.168.157.200:33211] with ContainerStateMachine:uninitialized
2019-11-13 13:02:37,971 [pool-539-thread-1] INFO  server.RaftServerConfigKeys (ConfUtils.java:logGet(43)) - raft.server.rpc.timeout.min = 1s (custom)
2019-11-13 13:02:37,971 [pool-539-thread-1] INFO  server.RaftServerConfigKeys (ConfUtils.java:logGet(43)) - raft.server.rpc.timeout.max = 1200ms (custom)
2019-11-13 13:02:37,971 [pool-539-thread-1] INFO  server.RaftServerConfigKeys (ConfUtils.java:logGet(43)) - raft.server.rpcslowness.timeout = 120s (custom)
2019-11-13 13:02:37,971 [pool-539-thread-1] INFO  server.RaftServerConfigKeys (ConfUtils.java:logGet(43)) - raft.server.sleep.deviation.threshold = 300 (default)
2019-11-13 13:02:37,971 [pool-539-thread-1] INFO  server.RaftServerConfigKeys (ConfUtils.java:logGet(43)) - raft.server.log.appender.install.snapshot.enabled = false (custom)
2019-11-13 13:02:37,971 [pool-539-thread-1] INFO  impl.RaftServerImpl (ServerState.java:<init>(103)) - 9bca8fcc-ea98-4ec4-92ce-7a037de40a27@group-BFFD9583CC8A: ConfigurationManager, init=-1: [9bca8fcc-ea98-4ec4-92ce-7a037de40a27:192.168.157.200:33211], old=null, confs=<EMPTY_MAP>
2019-11-13 13:02:37,971 [pool-539-thread-1] INFO  server.RaftServerConfigKeys (ConfUtils.java:logGet(43)) - raft.server.storage.dir = [/workdir/hadoop-ozone/integration-test/target/test-dir/MiniOzoneClusterImpl-90e8aeb1-2975-47c6-9bba-faf27de7fb8c/datanode-3/data/ratis] (custom)
2019-11-13 13:02:37,971 [pool-539-thread-1] INFO  server.RaftServerConfigKeys (ConfUtils.java:logGet(43)) - raft.server.log.corruption.policy = EXCEPTION (default)
2019-11-13 13:02:37,972 [pool-539-thread-1] INFO  storage.RaftStorageDirectory (RaftStorageDirectory.java:analyzeStorage(246)) - The storage directory /workdir/hadoop-ozone/integration-test/target/test-dir/MiniOzoneClusterImpl-90e8aeb1-2975-47c6-9bba-faf27de7fb8c/datanode-3/data/ratis/f278ffee-b89c-4f70-9b2b-bffd9583cc8a does not exist. Creating ...
2019-11-13 13:02:38,002 [pool-539-thread-1] INFO  storage.RaftStorageDirectory (RaftStorageDirectory.java:tryLock(328)) - Lock on /workdir/hadoop-ozone/integration-test/target/test-dir/MiniOzoneClusterImpl-90e8aeb1-2975-47c6-9bba-faf27de7fb8c/datanode-3/data/ratis/f278ffee-b89c-4f70-9b2b-bffd9583cc8a/in_use.lock acquired by nodename 10766@pr-hdds-2452-7vw7s-1330541530
2019-11-13 13:02:38,030 [pool-539-thread-1] INFO  storage.RaftStorage (RaftStorage.java:format(84)) - Storage directory /workdir/hadoop-ozone/integration-test/target/test-dir/MiniOzoneClusterImpl-90e8aeb1-2975-47c6-9bba-faf27de7fb8c/datanode-3/data/ratis/f278ffee-b89c-4f70-9b2b-bffd9583cc8a has been successfully formatted.
2019-11-13 13:02:38,030 [pool-539-thread-1] INFO  ratis.ContainerStateMachine (ContainerStateMachine.java:loadSnapshot(223)) - group-BFFD9583CC8A: The snapshot info is null. Setting the last applied indexto:(t:0, i:~)
2019-11-13 13:02:38,030 [pool-539-thread-1] INFO  server.RaftServerConfigKeys (ConfUtils.java:logGet(43)) - raft.server.notification.no-leader.timeout = 120s (custom)
2019-11-13 13:02:38,030 [pool-539-thread-1] INFO  server.RaftServerConfigKeys (ConfUtils.java:logGet(43)) - raft.server.log.use.memory = false (default)
2019-11-13 13:02:38,030 [pool-539-thread-1] INFO  server.RaftServerConfigKeys (ConfUtils.java:logGet(43)) - raft.server.log.purge.gap = 1000000 (custom)
2019-11-13 13:02:38,030 [pool-539-thread-1] INFO  server.RaftServerConfigKeys (ConfUtils.java:logGet(43)) - raft.server.log.appender.buffer.byte-limit = 33554432 (custom)
2019-11-13 13:02:38,030 [pool-539-thread-1] INFO  server.RaftServerConfigKeys (ConfUtils.java:logGet(43)) - raft.server.log.segment.size.max = 1048576 (custom)
2019-11-13 13:02:38,030 [pool-539-thread-1] INFO  server.RaftServerConfigKeys (ConfUtils.java:logGet(43)) - raft.server.log.segment.cache.num.max = 2 (custom)
2019-11-13 13:02:38,030 [pool-539-thread-1] INFO  segmented.SegmentedRaftLogWorker (SegmentedRaftLogWorker.java:<init>(173)) - new 9bca8fcc-ea98-4ec4-92ce-7a037de40a27@group-BFFD9583CC8A-SegmentedRaftLogWorker for RaftStorage:Storage Directory /workdir/hadoop-ozone/integration-test/target/test-dir/MiniOzoneClusterImpl-90e8aeb1-2975-47c6-9bba-faf27de7fb8c/datanode-3/data/ratis/f278ffee-b89c-4f70-9b2b-bffd9583cc8a
2019-11-13 13:02:38,031 [pool-539-thread-1] INFO  server.RaftServerConfigKeys (ConfUtils.java:logGet(43)) - raft.server.log.queue.byte-limit = 2147483647 (custom)
2019-11-13 13:02:38,031 [pool-539-thread-1] INFO  server.RaftServerConfigKeys (ConfUtils.java:logGet(43)) - raft.server.log.queue.element-limit = 1024 (custom)
2019-11-13 13:02:38,031 [pool-539-thread-1] INFO  server.RaftServerConfigKeys (ConfUtils.java:logGet(43)) - raft.server.log.segment.size.max = 1048576 (custom)
2019-11-13 13:02:38,031 [pool-539-thread-1] INFO  server.RaftServerConfigKeys (ConfUtils.java:logGet(43)) - raft.server.log.preallocated.size = 16384 (custom)
2019-11-13 13:02:38,031 [pool-539-thread-1] INFO  server.RaftServerConfigKeys (ConfUtils.java:logGet(43)) - raft.server.log.write.buffer.size = 33554432 (custom)
2019-11-13 13:02:38,031 [pool-539-thread-1] INFO  server.RaftServerConfigKeys (ConfUtils.java:logGet(43)) - raft.server.log.force.sync.num = 128 (default)
2019-11-13 13:02:38,031 [pool-539-thread-1] INFO  server.RaftServerConfigKeys (ConfUtils.java:logGet(43)) - raft.server.log.statemachine.data.sync = true (default)
2019-11-13 13:02:38,031 [pool-539-thread-1] INFO  server.RaftServerConfigKeys (ConfUtils.java:logGet(43)) - raft.server.log.statemachine.data.sync.timeout = 10s (default)
2019-11-13 13:02:38,031 [pool-539-thread-1] INFO  server.RaftServerConfigKeys (ConfUtils.java:logGet(43)) - raft.server.log.statemachine.data.sync.timeout.retry = -1 (default)
2019-11-13 13:02:38,031 [pool-539-thread-1] INFO  server.RaftServerConfigKeys (ConfUtils.java:logGet(43)) - raft.server.log.statemachine.data.caching.enabled = true (custom)
2019-11-13 13:02:38,031 [pool-539-thread-1] INFO  segmented.SegmentedRaftLogWorker (SegmentedRaftLogWorker.java:lambda$new$0(128)) - 9bca8fcc-ea98-4ec4-92ce-7a037de40a27@group-BFFD9583CC8A-SegmentedRaftLogWorker: flushIndex: setUnconditionally 0 -> -1
2019-11-13 13:02:38,031 [pool-539-thread-1] INFO  server.RaftServerConfigKeys (ConfUtils.java:logGet(43)) - raft.server.snapshot.auto.trigger.enabled = true (custom)
2019-11-13 13:02:38,032 [pool-539-thread-1] INFO  server.RaftServerConfigKeys (ConfUtils.java:logGet(43)) - raft.server.snapshot.auto.trigger.threshold = 10000 (custom)
2019-11-13 13:02:38,032 [pool-539-thread-1] INFO  server.RaftServerConfigKeys (ConfUtils.java:logGet(43)) - raft.server.snapshot.retention.file.num = 5 (custom)
2019-11-13 13:02:38,032 [pool-539-thread-1] INFO  server.RaftServerConfigKeys (ConfUtils.java:logGet(43)) - raft.server.retrycache.expirytime = 600000ms (custom)
2019-11-13 13:02:38,032 [pool-539-thread-1] WARN  impl.MetricRegistriesImpl (MetricRegistriesImpl.java:lambda$create$1(61)) - First MetricRegistry has been created without registering reporters. You may need to call MetricRegistries.global().addReportRegistration(...) before.
2019-11-13 13:02:38,032 [pool-539-thread-1] WARN  impl.MetricRegistriesImpl (MetricRegistriesImpl.java:lambda$create$1(61)) - First MetricRegistry has been created without registering reporters. You may need to call MetricRegistries.global().addReportRegistration(...) before.
2019-11-13 13:02:38,033 [pool-539-thread-1] INFO  impl.RaftServerImpl (RaftServerImpl.java:<init>(98)) - 9bca8fcc-ea98-4ec4-92ce-7a037de40a27: new RaftServerImpl for group-9ABFFEB58543:[9bca8fcc-ea98-4ec4-92ce-7a037de40a27:192.168.157.200:33211] with ContainerStateMachine:uninitialized
2019-11-13 13:02:38,033 [pool-539-thread-1] INFO  server.RaftServerConfigKeys (ConfUtils.java:logGet(43)) - raft.server.rpc.timeout.min = 1s (custom)
2019-11-13 13:02:38,033 [pool-539-thread-1] INFO  server.RaftServerConfigKeys (ConfUtils.java:logGet(43)) - raft.server.rpc.timeout.max = 1200ms (custom)
2019-11-13 13:02:38,033 [pool-539-thread-1] INFO  server.RaftServerConfigKeys (ConfUtils.java:logGet(43)) - raft.server.rpcslowness.timeout = 120s (custom)
2019-11-13 13:02:38,033 [pool-539-thread-1] INFO  server.RaftServerConfigKeys (ConfUtils.java:logGet(43)) - raft.server.sleep.deviation.threshold = 300 (default)
2019-11-13 13:02:38,033 [pool-539-thread-1] INFO  server.RaftServerConfigKeys (ConfUtils.java:logGet(43)) - raft.server.log.appender.install.snapshot.enabled = false (custom)
2019-11-13 13:02:38,033 [pool-539-thread-1] INFO  impl.RaftServerImpl (ServerState.java:<init>(103)) - 9bca8fcc-ea98-4ec4-92ce-7a037de40a27@group-9ABFFEB58543: ConfigurationManager, init=-1: [9bca8fcc-ea98-4ec4-92ce-7a037de40a27:192.168.157.200:33211], old=null, confs=<EMPTY_MAP>
2019-11-13 13:02:38,033 [pool-539-thread-1] INFO  server.RaftServerConfigKeys (ConfUtils.java:logGet(43)) - raft.server.storage.dir = [/workdir/hadoop-ozone/integration-test/target/test-dir/MiniOzoneClusterImpl-90e8aeb1-2975-47c6-9bba-faf27de7fb8c/datanode-3/data/ratis] (custom)
2019-11-13 13:02:38,033 [pool-539-thread-1] INFO  server.RaftServerConfigKeys (ConfUtils.java:logGet(43)) - raft.server.log.corruption.policy = EXCEPTION (default)
2019-11-13 13:02:38,033 [pool-539-thread-1] INFO  storage.RaftStorageDirectory (RaftStorageDirectory.java:analyzeStorage(246)) - The storage directory /workdir/hadoop-ozone/integration-test/target/test-dir/MiniOzoneClusterImpl-90e8aeb1-2975-47c6-9bba-faf27de7fb8c/datanode-3/data/ratis/35cd82dd-15b6-412a-83dc-9abffeb58543 does not exist. Creating ...
2019-11-13 13:02:38,070 [pool-539-thread-1] INFO  storage.RaftStorageDirectory (RaftStorageDirectory.java:tryLock(328)) - Lock on /workdir/hadoop-ozone/integration-test/target/test-dir/MiniOzoneClusterImpl-90e8aeb1-2975-47c6-9bba-faf27de7fb8c/datanode-3/data/ratis/35cd82dd-15b6-412a-83dc-9abffeb58543/in_use.lock acquired by nodename 10766@pr-hdds-2452-7vw7s-1330541530
2019-11-13 13:02:38,095 [pool-539-thread-1] INFO  storage.RaftStorage (RaftStorage.java:format(84)) - Storage directory /workdir/hadoop-ozone/integration-test/target/test-dir/MiniOzoneClusterImpl-90e8aeb1-2975-47c6-9bba-faf27de7fb8c/datanode-3/data/ratis/35cd82dd-15b6-412a-83dc-9abffeb58543 has been successfully formatted.
2019-11-13 13:02:38,095 [pool-539-thread-1] INFO  ratis.ContainerStateMachine (ContainerStateMachine.java:loadSnapshot(223)) - group-9ABFFEB58543: The snapshot info is null. Setting the last applied indexto:(t:0, i:~)
2019-11-13 13:02:38,095 [pool-539-thread-1] INFO  server.RaftServerConfigKeys (ConfUtils.java:logGet(43)) - raft.server.notification.no-leader.timeout = 120s (custom)
2019-11-13 13:02:38,095 [pool-539-thread-1] INFO  server.RaftServerConfigKeys (ConfUtils.java:logGet(43)) - raft.server.log.use.memory = false (default)
2019-11-13 13:02:38,095 [pool-539-thread-1] INFO  server.RaftServerConfigKeys (ConfUtils.java:logGet(43)) - raft.server.log.purge.gap = 1000000 (custom)
2019-11-13 13:02:38,096 [pool-539-thread-1] INFO  server.RaftServerConfigKeys (ConfUtils.java:logGet(43)) - raft.server.log.appender.buffer.byte-limit = 33554432 (custom)
2019-11-13 13:02:38,096 [pool-539-thread-1] INFO  server.RaftServerConfigKeys (ConfUtils.java:logGet(43)) - raft.server.log.segment.size.max = 1048576 (custom)
2019-11-13 13:02:38,096 [pool-539-thread-1] INFO  server.RaftServerConfigKeys (ConfUtils.java:logGet(43)) - raft.server.log.segment.cache.num.max = 2 (custom)
2019-11-13 13:02:38,096 [pool-539-thread-1] INFO  segmented.SegmentedRaftLogWorker (SegmentedRaftLogWorker.java:<init>(173)) - new 9bca8fcc-ea98-4ec4-92ce-7a037de40a27@group-9ABFFEB58543-SegmentedRaftLogWorker for RaftStorage:Storage Directory /workdir/hadoop-ozone/integration-test/target/test-dir/MiniOzoneClusterImpl-90e8aeb1-2975-47c6-9bba-faf27de7fb8c/datanode-3/data/ratis/35cd82dd-15b6-412a-83dc-9abffeb58543
2019-11-13 13:02:38,096 [pool-539-thread-1] INFO  server.RaftServerConfigKeys (ConfUtils.java:logGet(43)) - raft.server.log.queue.byte-limit = 2147483647 (custom)
2019-11-13 13:02:38,096 [pool-539-thread-1] INFO  server.RaftServerConfigKeys (ConfUtils.java:logGet(43)) - raft.server.log.queue.element-limit = 1024 (custom)
2019-11-13 13:02:38,096 [pool-539-thread-1] INFO  server.RaftServerConfigKeys (ConfUtils.java:logGet(43)) - raft.server.log.segment.size.max = 1048576 (custom)
2019-11-13 13:02:38,096 [pool-539-thread-1] INFO  server.RaftServerConfigKeys (ConfUtils.java:logGet(43)) - raft.server.log.preallocated.size = 16384 (custom)
2019-11-13 13:02:38,097 [pool-539-thread-1] INFO  server.RaftServerConfigKeys (ConfUtils.java:logGet(43)) - raft.server.log.write.buffer.size = 33554432 (custom)
2019-11-13 13:02:38,097 [pool-539-thread-1] INFO  server.RaftServerConfigKeys (ConfUtils.java:logGet(43)) - raft.server.log.force.sync.num = 128 (default)
2019-11-13 13:02:38,097 [pool-539-thread-1] INFO  server.RaftServerConfigKeys (ConfUtils.java:logGet(43)) - raft.server.log.statemachine.data.sync = true (default)
2019-11-13 13:02:38,097 [pool-539-thread-1] INFO  server.RaftServerConfigKeys (ConfUtils.java:logGet(43)) - raft.server.log.statemachine.data.sync.timeout = 10s (default)
2019-11-13 13:02:38,097 [pool-539-thread-1] INFO  server.RaftServerConfigKeys (ConfUtils.java:logGet(43)) - raft.server.log.statemachine.data.sync.timeout.retry = -1 (default)
2019-11-13 13:02:38,097 [pool-539-thread-1] INFO  server.RaftServerConfigKeys (ConfUtils.java:logGet(43)) - raft.server.log.statemachine.data.caching.enabled = true (custom)
2019-11-13 13:02:38,097 [pool-539-thread-1] INFO  segmented.SegmentedRaftLogWorker (SegmentedRaftLogWorker.java:lambda$new$0(128)) - 9bca8fcc-ea98-4ec4-92ce-7a037de40a27@group-9ABFFEB58543-SegmentedRaftLogWorker: flushIndex: setUnconditionally 0 -> -1
2019-11-13 13:02:38,098 [pool-539-thread-1] INFO  server.RaftServerConfigKeys (ConfUtils.java:logGet(43)) - raft.server.snapshot.auto.trigger.enabled = true (custom)
2019-11-13 13:02:38,098 [pool-539-thread-1] INFO  server.RaftServerConfigKeys (ConfUtils.java:logGet(43)) - raft.server.snapshot.auto.trigger.threshold = 10000 (custom)
2019-11-13 13:02:38,098 [pool-539-thread-1] INFO  server.RaftServerConfigKeys (ConfUtils.java:logGet(43)) - raft.server.snapshot.retention.file.num = 5 (custom)
2019-11-13 13:02:38,098 [pool-539-thread-1] INFO  server.RaftServerConfigKeys (ConfUtils.java:logGet(43)) - raft.server.retrycache.expirytime = 600000ms (custom)
2019-11-13 13:02:38,098 [pool-539-thread-1] WARN  impl.MetricRegistriesImpl (MetricRegistriesImpl.java:lambda$create$1(61)) - First MetricRegistry has been created without registering reporters. You may need to call MetricRegistries.global().addReportRegistration(...) before.
2019-11-13 13:02:38,098 [pool-539-thread-1] WARN  impl.MetricRegistriesImpl (MetricRegistriesImpl.java:lambda$create$1(61)) - First MetricRegistry has been created without registering reporters. You may need to call MetricRegistries.global().addReportRegistration(...) before.
2019-11-13 13:02:38,099 [pool-539-thread-1] INFO  impl.RaftServerImpl (RaftServerImpl.java:start(184)) - 9bca8fcc-ea98-4ec4-92ce-7a037de40a27@group-2FD560804636: start as a follower, conf=-1: [9bca8fcc-ea98-4ec4-92ce-7a037de40a27:192.168.157.200:33211], old=null
2019-11-13 13:02:38,099 [pool-539-thread-1] INFO  impl.RaftServerImpl (RaftServerImpl.java:setRole(173)) - 9bca8fcc-ea98-4ec4-92ce-7a037de40a27@group-2FD560804636: changes role from      null to FOLLOWER at term 0 for startAsFollower
2019-11-13 13:02:38,099 [pool-539-thread-1] INFO  impl.RoleInfo (RoleInfo.java:updateAndGet(143)) - 9bca8fcc-ea98-4ec4-92ce-7a037de40a27: start FollowerState
2019-11-13 13:02:38,099 [pool-539-thread-1] INFO  util.JmxRegister (JmxRegister.java:tryRegister(44)) - Successfully registered JMX Bean with object name Ratis:service=RaftServer,group=group-2FD560804636,id=9bca8fcc-ea98-4ec4-92ce-7a037de40a27
2019-11-13 13:02:38,099 [pool-539-thread-1] WARN  impl.MetricRegistriesImpl (MetricRegistriesImpl.java:lambda$create$1(61)) - First MetricRegistry has been created without registering reporters. You may need to call MetricRegistries.global().addReportRegistration(...) before.
2019-11-13 13:02:38,100 [pool-539-thread-1] INFO  impl.RaftServerImpl (RaftServerImpl.java:start(184)) - 9bca8fcc-ea98-4ec4-92ce-7a037de40a27@group-BFFD9583CC8A: start as a follower, conf=-1: [9bca8fcc-ea98-4ec4-92ce-7a037de40a27:192.168.157.200:33211], old=null
2019-11-13 13:02:38,100 [pool-539-thread-1] INFO  impl.RaftServerImpl (RaftServerImpl.java:setRole(173)) - 9bca8fcc-ea98-4ec4-92ce-7a037de40a27@group-BFFD9583CC8A: changes role from      null to FOLLOWER at term 0 for startAsFollower
2019-11-13 13:02:38,100 [pool-539-thread-1] INFO  impl.RoleInfo (RoleInfo.java:updateAndGet(143)) - 9bca8fcc-ea98-4ec4-92ce-7a037de40a27: start FollowerState
2019-11-13 13:02:38,101 [pool-539-thread-1] INFO  util.JmxRegister (JmxRegister.java:tryRegister(44)) - Successfully registered JMX Bean with object name Ratis:service=RaftServer,group=group-BFFD9583CC8A,id=9bca8fcc-ea98-4ec4-92ce-7a037de40a27
2019-11-13 13:02:38,101 [pool-539-thread-1] WARN  impl.MetricRegistriesImpl (MetricRegistriesImpl.java:lambda$create$1(61)) - First MetricRegistry has been created without registering reporters. You may need to call MetricRegistries.global().addReportRegistration(...) before.
2019-11-13 13:02:38,101 [pool-539-thread-1] INFO  impl.RaftServerImpl (RaftServerImpl.java:start(184)) - 9bca8fcc-ea98-4ec4-92ce-7a037de40a27@group-9ABFFEB58543: start as a follower, conf=-1: [9bca8fcc-ea98-4ec4-92ce-7a037de40a27:192.168.157.200:33211], old=null
2019-11-13 13:02:38,101 [pool-539-thread-1] INFO  impl.RaftServerImpl (RaftServerImpl.java:setRole(173)) - 9bca8fcc-ea98-4ec4-92ce-7a037de40a27@group-9ABFFEB58543: changes role from      null to FOLLOWER at term 0 for startAsFollower
2019-11-13 13:02:38,102 [pool-539-thread-1] INFO  impl.RoleInfo (RoleInfo.java:updateAndGet(143)) - 9bca8fcc-ea98-4ec4-92ce-7a037de40a27: start FollowerState
2019-11-13 13:02:38,102 [pool-539-thread-1] INFO  util.JmxRegister (JmxRegister.java:tryRegister(44)) - Successfully registered JMX Bean with object name Ratis:service=RaftServer,group=group-9ABFFEB58543,id=9bca8fcc-ea98-4ec4-92ce-7a037de40a27
2019-11-13 13:02:38,102 [pool-539-thread-1] WARN  impl.MetricRegistriesImpl (MetricRegistriesImpl.java:lambda$create$1(61)) - First MetricRegistry has been created without registering reporters. You may need to call MetricRegistries.global().addReportRegistration(...) before.
2019-11-13 13:02:38,106 [RatisPipelineUtilsThread] INFO  pipeline.PipelineStateManager (PipelineStateManager.java:addPipeline(55)) - Created pipeline Pipeline[ Id: 35cd82dd-15b6-412a-83dc-9abffeb58543, Nodes: 9bca8fcc-ea98-4ec4-92ce-7a037de40a27{ip: 192.168.157.200, host: pr-hdds-2452-7vw7s-1330541530, networkLocation: /rack1, certSerialId: null}, Type:RATIS, Factor:ONE, State:ALLOCATED]
2019-11-13 13:02:38,111 [grpc-default-executor-2] INFO  impl.RaftServerProxy (RaftServerProxy.java:addNew(89)) - 7ba291c4-9ee0-417b-844f-44a16c4ba9e2: addNew group-2F0879C8D117:[7ba291c4-9ee0-417b-844f-44a16c4ba9e2:192.168.157.200:33359] returns group-2F0879C8D117:java.util.concurrent.CompletableFuture@3748894f[Not completed]
2019-11-13 13:02:38,112 [pool-559-thread-1] INFO  impl.RaftServerImpl (RaftServerImpl.java:<init>(98)) - 7ba291c4-9ee0-417b-844f-44a16c4ba9e2: new RaftServerImpl for group-2F0879C8D117:[7ba291c4-9ee0-417b-844f-44a16c4ba9e2:192.168.157.200:33359] with ContainerStateMachine:uninitialized
2019-11-13 13:02:38,112 [pool-559-thread-1] INFO  server.RaftServerConfigKeys (ConfUtils.java:logGet(43)) - raft.server.rpc.timeout.min = 1s (custom)
2019-11-13 13:02:38,113 [pool-559-thread-1] INFO  server.RaftServerConfigKeys (ConfUtils.java:logGet(43)) - raft.server.rpc.timeout.max = 1200ms (custom)
2019-11-13 13:02:38,113 [pool-559-thread-1] INFO  server.RaftServerConfigKeys (ConfUtils.java:logGet(43)) - raft.server.rpcslowness.timeout = 120s (custom)
2019-11-13 13:02:38,113 [pool-559-thread-1] INFO  server.RaftServerConfigKeys (ConfUtils.java:logGet(43)) - raft.server.sleep.deviation.threshold = 300 (default)
2019-11-13 13:02:38,113 [pool-559-thread-1] INFO  server.RaftServerConfigKeys (ConfUtils.java:logGet(43)) - raft.server.log.appender.install.snapshot.enabled = false (custom)
2019-11-13 13:02:38,113 [pool-559-thread-1] INFO  impl.RaftServerImpl (ServerState.java:<init>(103)) - 7ba291c4-9ee0-417b-844f-44a16c4ba9e2@group-2F0879C8D117: ConfigurationManager, init=-1: [7ba291c4-9ee0-417b-844f-44a16c4ba9e2:192.168.157.200:33359], old=null, confs=<EMPTY_MAP>
2019-11-13 13:02:38,113 [pool-559-thread-1] INFO  server.RaftServerConfigKeys (ConfUtils.java:logGet(43)) - raft.server.storage.dir = [/workdir/hadoop-ozone/integration-test/target/test-dir/MiniOzoneClusterImpl-90e8aeb1-2975-47c6-9bba-faf27de7fb8c/datanode-5/data/ratis] (custom)
2019-11-13 13:02:38,113 [pool-559-thread-1] INFO  server.RaftServerConfigKeys (ConfUtils.java:logGet(43)) - raft.server.log.corruption.policy = EXCEPTION (default)
2019-11-13 13:02:38,113 [pool-559-thread-1] INFO  storage.RaftStorageDirectory (RaftStorageDirectory.java:analyzeStorage(246)) - The storage directory /workdir/hadoop-ozone/integration-test/target/test-dir/MiniOzoneClusterImpl-90e8aeb1-2975-47c6-9bba-faf27de7fb8c/datanode-5/data/ratis/0f501d82-e253-402a-8fd8-2f0879c8d117 does not exist. Creating ...
2019-11-13 13:02:38,180 [pool-559-thread-1] INFO  storage.RaftStorageDirectory (RaftStorageDirectory.java:tryLock(328)) - Lock on /workdir/hadoop-ozone/integration-test/target/test-dir/MiniOzoneClusterImpl-90e8aeb1-2975-47c6-9bba-faf27de7fb8c/datanode-5/data/ratis/0f501d82-e253-402a-8fd8-2f0879c8d117/in_use.lock acquired by nodename 10766@pr-hdds-2452-7vw7s-1330541530
2019-11-13 13:02:38,222 [pool-559-thread-1] INFO  storage.RaftStorage (RaftStorage.java:format(84)) - Storage directory /workdir/hadoop-ozone/integration-test/target/test-dir/MiniOzoneClusterImpl-90e8aeb1-2975-47c6-9bba-faf27de7fb8c/datanode-5/data/ratis/0f501d82-e253-402a-8fd8-2f0879c8d117 has been successfully formatted.
2019-11-13 13:02:38,222 [pool-559-thread-1] INFO  ratis.ContainerStateMachine (ContainerStateMachine.java:loadSnapshot(223)) - group-2F0879C8D117: The snapshot info is null. Setting the last applied indexto:(t:0, i:~)
2019-11-13 13:02:38,223 [pool-559-thread-1] INFO  server.RaftServerConfigKeys (ConfUtils.java:logGet(43)) - raft.server.notification.no-leader.timeout = 120s (custom)
2019-11-13 13:02:38,223 [pool-559-thread-1] INFO  server.RaftServerConfigKeys (ConfUtils.java:logGet(43)) - raft.server.log.use.memory = false (default)
2019-11-13 13:02:38,223 [pool-559-thread-1] INFO  server.RaftServerConfigKeys (ConfUtils.java:logGet(43)) - raft.server.log.purge.gap = 1000000 (custom)
2019-11-13 13:02:38,223 [pool-559-thread-1] INFO  server.RaftServerConfigKeys (ConfUtils.java:logGet(43)) - raft.server.log.appender.buffer.byte-limit = 33554432 (custom)
2019-11-13 13:02:38,223 [pool-559-thread-1] INFO  server.RaftServerConfigKeys (ConfUtils.java:logGet(43)) - raft.server.log.segment.size.max = 1048576 (custom)
2019-11-13 13:02:38,224 [pool-559-thread-1] INFO  server.RaftServerConfigKeys (ConfUtils.java:logGet(43)) - raft.server.log.segment.cache.num.max = 2 (custom)
2019-11-13 13:02:38,224 [pool-559-thread-1] INFO  segmented.SegmentedRaftLogWorker (SegmentedRaftLogWorker.java:<init>(173)) - new 7ba291c4-9ee0-417b-844f-44a16c4ba9e2@group-2F0879C8D117-SegmentedRaftLogWorker for RaftStorage:Storage Directory /workdir/hadoop-ozone/integration-test/target/test-dir/MiniOzoneClusterImpl-90e8aeb1-2975-47c6-9bba-faf27de7fb8c/datanode-5/data/ratis/0f501d82-e253-402a-8fd8-2f0879c8d117
2019-11-13 13:02:38,224 [pool-559-thread-1] INFO  server.RaftServerConfigKeys (ConfUtils.java:logGet(43)) - raft.server.log.queue.byte-limit = 2147483647 (custom)
2019-11-13 13:02:38,224 [pool-559-thread-1] INFO  server.RaftServerConfigKeys (ConfUtils.java:logGet(43)) - raft.server.log.queue.element-limit = 1024 (custom)
2019-11-13 13:02:38,224 [pool-559-thread-1] INFO  server.RaftServerConfigKeys (ConfUtils.java:logGet(43)) - raft.server.log.segment.size.max = 1048576 (custom)
2019-11-13 13:02:38,224 [pool-559-thread-1] INFO  server.RaftServerConfigKeys (ConfUtils.java:logGet(43)) - raft.server.log.preallocated.size = 16384 (custom)
2019-11-13 13:02:38,224 [pool-559-thread-1] INFO  server.RaftServerConfigKeys (ConfUtils.java:logGet(43)) - raft.server.log.write.buffer.size = 33554432 (custom)
2019-11-13 13:02:38,225 [pool-559-thread-1] INFO  server.RaftServerConfigKeys (ConfUtils.java:logGet(43)) - raft.server.log.force.sync.num = 128 (default)
2019-11-13 13:02:38,225 [pool-559-thread-1] INFO  server.RaftServerConfigKeys (ConfUtils.java:logGet(43)) - raft.server.log.statemachine.data.sync = true (default)
2019-11-13 13:02:38,225 [pool-559-thread-1] INFO  server.RaftServerConfigKeys (ConfUtils.java:logGet(43)) - raft.server.log.statemachine.data.sync.timeout = 10s (default)
2019-11-13 13:02:38,225 [pool-559-thread-1] INFO  server.RaftServerConfigKeys (ConfUtils.java:logGet(43)) - raft.server.log.statemachine.data.sync.timeout.retry = -1 (default)
2019-11-13 13:02:38,225 [pool-559-thread-1] INFO  server.RaftServerConfigKeys (ConfUtils.java:logGet(43)) - raft.server.log.statemachine.data.caching.enabled = true (custom)
2019-11-13 13:02:38,226 [pool-559-thread-1] INFO  segmented.SegmentedRaftLogWorker (SegmentedRaftLogWorker.java:lambda$new$0(128)) - 7ba291c4-9ee0-417b-844f-44a16c4ba9e2@group-2F0879C8D117-SegmentedRaftLogWorker: flushIndex: setUnconditionally 0 -> -1
2019-11-13 13:02:38,226 [pool-559-thread-1] INFO  server.RaftServerConfigKeys (ConfUtils.java:logGet(43)) - raft.server.snapshot.auto.trigger.enabled = true (custom)
2019-11-13 13:02:38,226 [pool-559-thread-1] INFO  server.RaftServerConfigKeys (ConfUtils.java:logGet(43)) - raft.server.snapshot.auto.trigger.threshold = 10000 (custom)
2019-11-13 13:02:38,226 [pool-559-thread-1] INFO  server.RaftServerConfigKeys (ConfUtils.java:logGet(43)) - raft.server.snapshot.retention.file.num = 5 (custom)
2019-11-13 13:02:38,227 [pool-559-thread-1] INFO  server.RaftServerConfigKeys (ConfUtils.java:logGet(43)) - raft.server.retrycache.expirytime = 600000ms (custom)
2019-11-13 13:02:38,227 [pool-559-thread-1] WARN  impl.MetricRegistriesImpl (MetricRegistriesImpl.java:lambda$create$1(61)) - First MetricRegistry has been created without registering reporters. You may need to call MetricRegistries.global().addReportRegistration(...) before.
2019-11-13 13:02:38,227 [pool-559-thread-1] WARN  impl.MetricRegistriesImpl (MetricRegistriesImpl.java:lambda$create$1(61)) - First MetricRegistry has been created without registering reporters. You may need to call MetricRegistries.global().addReportRegistration(...) before.
2019-11-13 13:02:38,227 [pool-559-thread-1] INFO  impl.RaftServerImpl (RaftServerImpl.java:start(184)) - 7ba291c4-9ee0-417b-844f-44a16c4ba9e2@group-2F0879C8D117: start as a follower, conf=-1: [7ba291c4-9ee0-417b-844f-44a16c4ba9e2:192.168.157.200:33359], old=null
2019-11-13 13:02:38,228 [pool-559-thread-1] INFO  impl.RaftServerImpl (RaftServerImpl.java:setRole(173)) - 7ba291c4-9ee0-417b-844f-44a16c4ba9e2@group-2F0879C8D117: changes role from      null to FOLLOWER at term 0 for startAsFollower
2019-11-13 13:02:38,228 [pool-559-thread-1] INFO  impl.RoleInfo (RoleInfo.java:updateAndGet(143)) - 7ba291c4-9ee0-417b-844f-44a16c4ba9e2: start FollowerState
2019-11-13 13:02:38,228 [pool-559-thread-1] INFO  util.JmxRegister (JmxRegister.java:tryRegister(44)) - Successfully registered JMX Bean with object name Ratis:service=RaftServer,group=group-2F0879C8D117,id=7ba291c4-9ee0-417b-844f-44a16c4ba9e2
2019-11-13 13:02:38,228 [pool-559-thread-1] WARN  impl.MetricRegistriesImpl (MetricRegistriesImpl.java:lambda$create$1(61)) - First MetricRegistry has been created without registering reporters. You may need to call MetricRegistries.global().addReportRegistration(...) before.
2019-11-13 13:02:38,231 [RatisPipelineUtilsThread] INFO  pipeline.PipelineStateManager (PipelineStateManager.java:addPipeline(55)) - Created pipeline Pipeline[ Id: 0f501d82-e253-402a-8fd8-2f0879c8d117, Nodes: 7ba291c4-9ee0-417b-844f-44a16c4ba9e2{ip: 192.168.157.200, host: pr-hdds-2452-7vw7s-1330541530, networkLocation: /rack1, certSerialId: null}, Type:RATIS, Factor:ONE, State:ALLOCATED]
2019-11-13 13:02:38,241 [grpc-default-executor-6] INFO  impl.RaftServerProxy (RaftServerProxy.java:addNew(89)) - 3d7387af-ecb5-4c7d-b20b-5fe48849adda: addNew group-E165AE56C698:[1a33519a-3def-4d79-b3e5-c4d8286dc86e:192.168.157.200:40699, 3d7387af-ecb5-4c7d-b20b-5fe48849adda:192.168.157.200:37245, 318b4bc4-2a6a-4055-b801-3341d5814353:192.168.157.200:34345] returns group-E165AE56C698:java.util.concurrent.CompletableFuture@50f8ccc5[Not completed]
2019-11-13 13:02:38,241 [grpc-default-executor-2] INFO  impl.RaftServerProxy (RaftServerProxy.java:addNew(89)) - 318b4bc4-2a6a-4055-b801-3341d5814353: addNew group-E165AE56C698:[1a33519a-3def-4d79-b3e5-c4d8286dc86e:192.168.157.200:40699, 3d7387af-ecb5-4c7d-b20b-5fe48849adda:192.168.157.200:37245, 318b4bc4-2a6a-4055-b801-3341d5814353:192.168.157.200:34345] returns group-E165AE56C698:java.util.concurrent.CompletableFuture@44e7d52a[Not completed]
2019-11-13 13:02:38,241 [grpc-default-executor-11] INFO  impl.RaftServerProxy (RaftServerProxy.java:addNew(89)) - 1a33519a-3def-4d79-b3e5-c4d8286dc86e: addNew group-E165AE56C698:[1a33519a-3def-4d79-b3e5-c4d8286dc86e:192.168.157.200:40699, 3d7387af-ecb5-4c7d-b20b-5fe48849adda:192.168.157.200:37245, 318b4bc4-2a6a-4055-b801-3341d5814353:192.168.157.200:34345] returns group-E165AE56C698:java.util.concurrent.CompletableFuture@677c474d[Not completed]
2019-11-13 13:02:38,243 [pool-579-thread-1] INFO  impl.RaftServerImpl (RaftServerImpl.java:<init>(98)) - 3d7387af-ecb5-4c7d-b20b-5fe48849adda: new RaftServerImpl for group-E165AE56C698:[1a33519a-3def-4d79-b3e5-c4d8286dc86e:192.168.157.200:40699, 3d7387af-ecb5-4c7d-b20b-5fe48849adda:192.168.157.200:37245, 318b4bc4-2a6a-4055-b801-3341d5814353:192.168.157.200:34345] with ContainerStateMachine:uninitialized
2019-11-13 13:02:38,243 [pool-579-thread-1] INFO  server.RaftServerConfigKeys (ConfUtils.java:logGet(43)) - raft.server.rpc.timeout.min = 1s (custom)
2019-11-13 13:02:38,243 [pool-579-thread-1] INFO  server.RaftServerConfigKeys (ConfUtils.java:logGet(43)) - raft.server.rpc.timeout.max = 1200ms (custom)
2019-11-13 13:02:38,243 [pool-579-thread-1] INFO  server.RaftServerConfigKeys (ConfUtils.java:logGet(43)) - raft.server.rpcslowness.timeout = 120s (custom)
2019-11-13 13:02:38,243 [pool-579-thread-1] INFO  server.RaftServerConfigKeys (ConfUtils.java:logGet(43)) - raft.server.sleep.deviation.threshold = 300 (default)
2019-11-13 13:02:38,243 [pool-549-thread-1] INFO  impl.RaftServerImpl (RaftServerImpl.java:<init>(98)) - 1a33519a-3def-4d79-b3e5-c4d8286dc86e: new RaftServerImpl for group-E165AE56C698:[1a33519a-3def-4d79-b3e5-c4d8286dc86e:192.168.157.200:40699, 3d7387af-ecb5-4c7d-b20b-5fe48849adda:192.168.157.200:37245, 318b4bc4-2a6a-4055-b801-3341d5814353:192.168.157.200:34345] with ContainerStateMachine:uninitialized
2019-11-13 13:02:38,243 [pool-579-thread-1] INFO  server.RaftServerConfigKeys (ConfUtils.java:logGet(43)) - raft.server.log.appender.install.snapshot.enabled = false (custom)
2019-11-13 13:02:38,243 [pool-549-thread-1] INFO  server.RaftServerConfigKeys (ConfUtils.java:logGet(43)) - raft.server.rpc.timeout.min = 1s (custom)
2019-11-13 13:02:38,244 [pool-579-thread-1] INFO  impl.RaftServerImpl (ServerState.java:<init>(103)) - 3d7387af-ecb5-4c7d-b20b-5fe48849adda@group-E165AE56C698: ConfigurationManager, init=-1: [1a33519a-3def-4d79-b3e5-c4d8286dc86e:192.168.157.200:40699, 3d7387af-ecb5-4c7d-b20b-5fe48849adda:192.168.157.200:37245, 318b4bc4-2a6a-4055-b801-3341d5814353:192.168.157.200:34345], old=null, confs=<EMPTY_MAP>
2019-11-13 13:02:38,244 [pool-599-thread-1] INFO  impl.RaftServerImpl (RaftServerImpl.java:<init>(98)) - 318b4bc4-2a6a-4055-b801-3341d5814353: new RaftServerImpl for group-E165AE56C698:[1a33519a-3def-4d79-b3e5-c4d8286dc86e:192.168.157.200:40699, 3d7387af-ecb5-4c7d-b20b-5fe48849adda:192.168.157.200:37245, 318b4bc4-2a6a-4055-b801-3341d5814353:192.168.157.200:34345] with ContainerStateMachine:uninitialized
2019-11-13 13:02:38,244 [pool-549-thread-1] INFO  server.RaftServerConfigKeys (ConfUtils.java:logGet(43)) - raft.server.rpc.timeout.max = 1200ms (custom)
2019-11-13 13:02:38,244 [pool-599-thread-1] INFO  server.RaftServerConfigKeys (ConfUtils.java:logGet(43)) - raft.server.rpc.timeout.min = 1s (custom)
2019-11-13 13:02:38,244 [pool-579-thread-1] INFO  server.RaftServerConfigKeys (ConfUtils.java:logGet(43)) - raft.server.storage.dir = [/workdir/hadoop-ozone/integration-test/target/test-dir/MiniOzoneClusterImpl-90e8aeb1-2975-47c6-9bba-faf27de7fb8c/datanode-7/data/ratis] (custom)
2019-11-13 13:02:38,244 [pool-599-thread-1] INFO  server.RaftServerConfigKeys (ConfUtils.java:logGet(43)) - raft.server.rpc.timeout.max = 1200ms (custom)
2019-11-13 13:02:38,244 [pool-549-thread-1] INFO  server.RaftServerConfigKeys (ConfUtils.java:logGet(43)) - raft.server.rpcslowness.timeout = 120s (custom)
2019-11-13 13:02:38,244 [pool-579-thread-1] INFO  server.RaftServerConfigKeys (ConfUtils.java:logGet(43)) - raft.server.log.corruption.policy = EXCEPTION (default)
2019-11-13 13:02:38,244 [pool-599-thread-1] INFO  server.RaftServerConfigKeys (ConfUtils.java:logGet(43)) - raft.server.rpcslowness.timeout = 120s (custom)
2019-11-13 13:02:38,244 [pool-549-thread-1] INFO  server.RaftServerConfigKeys (ConfUtils.java:logGet(43)) - raft.server.sleep.deviation.threshold = 300 (default)
2019-11-13 13:02:38,245 [pool-579-thread-1] INFO  storage.RaftStorageDirectory (RaftStorageDirectory.java:analyzeStorage(246)) - The storage directory /workdir/hadoop-ozone/integration-test/target/test-dir/MiniOzoneClusterImpl-90e8aeb1-2975-47c6-9bba-faf27de7fb8c/datanode-7/data/ratis/9ac0fd23-9412-4350-8a44-e165ae56c698 does not exist. Creating ...
2019-11-13 13:02:38,245 [pool-599-thread-1] INFO  server.RaftServerConfigKeys (ConfUtils.java:logGet(43)) - raft.server.sleep.deviation.threshold = 300 (default)
2019-11-13 13:02:38,245 [pool-549-thread-1] INFO  server.RaftServerConfigKeys (ConfUtils.java:logGet(43)) - raft.server.log.appender.install.snapshot.enabled = false (custom)
2019-11-13 13:02:38,245 [pool-599-thread-1] INFO  server.RaftServerConfigKeys (ConfUtils.java:logGet(43)) - raft.server.log.appender.install.snapshot.enabled = false (custom)
2019-11-13 13:02:38,245 [pool-549-thread-1] INFO  impl.RaftServerImpl (ServerState.java:<init>(103)) - 1a33519a-3def-4d79-b3e5-c4d8286dc86e@group-E165AE56C698: ConfigurationManager, init=-1: [1a33519a-3def-4d79-b3e5-c4d8286dc86e:192.168.157.200:40699, 3d7387af-ecb5-4c7d-b20b-5fe48849adda:192.168.157.200:37245, 318b4bc4-2a6a-4055-b801-3341d5814353:192.168.157.200:34345], old=null, confs=<EMPTY_MAP>
2019-11-13 13:02:38,245 [pool-599-thread-1] INFO  impl.RaftServerImpl (ServerState.java:<init>(103)) - 318b4bc4-2a6a-4055-b801-3341d5814353@group-E165AE56C698: ConfigurationManager, init=-1: [1a33519a-3def-4d79-b3e5-c4d8286dc86e:192.168.157.200:40699, 3d7387af-ecb5-4c7d-b20b-5fe48849adda:192.168.157.200:37245, 318b4bc4-2a6a-4055-b801-3341d5814353:192.168.157.200:34345], old=null, confs=<EMPTY_MAP>
2019-11-13 13:02:38,245 [pool-549-thread-1] INFO  server.RaftServerConfigKeys (ConfUtils.java:logGet(43)) - raft.server.storage.dir = [/workdir/hadoop-ozone/integration-test/target/test-dir/MiniOzoneClusterImpl-90e8aeb1-2975-47c6-9bba-faf27de7fb8c/datanode-4/data/ratis] (custom)
2019-11-13 13:02:38,245 [pool-599-thread-1] INFO  server.RaftServerConfigKeys (ConfUtils.java:logGet(43)) - raft.server.storage.dir = [/workdir/hadoop-ozone/integration-test/target/test-dir/MiniOzoneClusterImpl-90e8aeb1-2975-47c6-9bba-faf27de7fb8c/datanode-9/data/ratis] (custom)
2019-11-13 13:02:38,246 [pool-549-thread-1] INFO  server.RaftServerConfigKeys (ConfUtils.java:logGet(43)) - raft.server.log.corruption.policy = EXCEPTION (default)
2019-11-13 13:02:38,246 [pool-599-thread-1] INFO  server.RaftServerConfigKeys (ConfUtils.java:logGet(43)) - raft.server.log.corruption.policy = EXCEPTION (default)
2019-11-13 13:02:38,246 [pool-549-thread-1] INFO  storage.RaftStorageDirectory (RaftStorageDirectory.java:analyzeStorage(246)) - The storage directory /workdir/hadoop-ozone/integration-test/target/test-dir/MiniOzoneClusterImpl-90e8aeb1-2975-47c6-9bba-faf27de7fb8c/datanode-4/data/ratis/9ac0fd23-9412-4350-8a44-e165ae56c698 does not exist. Creating ...
2019-11-13 13:02:38,246 [pool-599-thread-1] INFO  storage.RaftStorageDirectory (RaftStorageDirectory.java:analyzeStorage(246)) - The storage directory /workdir/hadoop-ozone/integration-test/target/test-dir/MiniOzoneClusterImpl-90e8aeb1-2975-47c6-9bba-faf27de7fb8c/datanode-9/data/ratis/9ac0fd23-9412-4350-8a44-e165ae56c698 does not exist. Creating ...
2019-11-13 13:02:38,348 [pool-579-thread-1] INFO  storage.RaftStorageDirectory (RaftStorageDirectory.java:tryLock(328)) - Lock on /workdir/hadoop-ozone/integration-test/target/test-dir/MiniOzoneClusterImpl-90e8aeb1-2975-47c6-9bba-faf27de7fb8c/datanode-7/data/ratis/9ac0fd23-9412-4350-8a44-e165ae56c698/in_use.lock acquired by nodename 10766@pr-hdds-2452-7vw7s-1330541530
2019-11-13 13:02:38,348 [pool-599-thread-1] INFO  storage.RaftStorageDirectory (RaftStorageDirectory.java:tryLock(328)) - Lock on /workdir/hadoop-ozone/integration-test/target/test-dir/MiniOzoneClusterImpl-90e8aeb1-2975-47c6-9bba-faf27de7fb8c/datanode-9/data/ratis/9ac0fd23-9412-4350-8a44-e165ae56c698/in_use.lock acquired by nodename 10766@pr-hdds-2452-7vw7s-1330541530
2019-11-13 13:02:38,348 [pool-549-thread-1] INFO  storage.RaftStorageDirectory (RaftStorageDirectory.java:tryLock(328)) - Lock on /workdir/hadoop-ozone/integration-test/target/test-dir/MiniOzoneClusterImpl-90e8aeb1-2975-47c6-9bba-faf27de7fb8c/datanode-4/data/ratis/9ac0fd23-9412-4350-8a44-e165ae56c698/in_use.lock acquired by nodename 10766@pr-hdds-2452-7vw7s-1330541530
2019-11-13 13:02:38,466 [pool-599-thread-1] INFO  storage.RaftStorage (RaftStorage.java:format(84)) - Storage directory /workdir/hadoop-ozone/integration-test/target/test-dir/MiniOzoneClusterImpl-90e8aeb1-2975-47c6-9bba-faf27de7fb8c/datanode-9/data/ratis/9ac0fd23-9412-4350-8a44-e165ae56c698 has been successfully formatted.
2019-11-13 13:02:38,466 [pool-579-thread-1] INFO  storage.RaftStorage (RaftStorage.java:format(84)) - Storage directory /workdir/hadoop-ozone/integration-test/target/test-dir/MiniOzoneClusterImpl-90e8aeb1-2975-47c6-9bba-faf27de7fb8c/datanode-7/data/ratis/9ac0fd23-9412-4350-8a44-e165ae56c698 has been successfully formatted.
2019-11-13 13:02:38,466 [pool-599-thread-1] INFO  ratis.ContainerStateMachine (ContainerStateMachine.java:loadSnapshot(223)) - group-E165AE56C698: The snapshot info is null. Setting the last applied indexto:(t:0, i:~)
2019-11-13 13:02:38,466 [pool-579-thread-1] INFO  ratis.ContainerStateMachine (ContainerStateMachine.java:loadSnapshot(223)) - group-E165AE56C698: The snapshot info is null. Setting the last applied indexto:(t:0, i:~)
2019-11-13 13:02:38,467 [pool-599-thread-1] INFO  server.RaftServerConfigKeys (ConfUtils.java:logGet(43)) - raft.server.notification.no-leader.timeout = 120s (custom)
2019-11-13 13:02:38,467 [pool-579-thread-1] INFO  server.RaftServerConfigKeys (ConfUtils.java:logGet(43)) - raft.server.notification.no-leader.timeout = 120s (custom)
2019-11-13 13:02:38,467 [pool-599-thread-1] INFO  server.RaftServerConfigKeys (ConfUtils.java:logGet(43)) - raft.server.log.use.memory = false (default)
2019-11-13 13:02:38,467 [pool-579-thread-1] INFO  server.RaftServerConfigKeys (ConfUtils.java:logGet(43)) - raft.server.log.use.memory = false (default)
2019-11-13 13:02:38,467 [pool-599-thread-1] INFO  server.RaftServerConfigKeys (ConfUtils.java:logGet(43)) - raft.server.log.purge.gap = 1000000 (custom)
2019-11-13 13:02:38,467 [pool-579-thread-1] INFO  server.RaftServerConfigKeys (ConfUtils.java:logGet(43)) - raft.server.log.purge.gap = 1000000 (custom)
2019-11-13 13:02:38,467 [pool-599-thread-1] INFO  server.RaftServerConfigKeys (ConfUtils.java:logGet(43)) - raft.server.log.appender.buffer.byte-limit = 33554432 (custom)
2019-11-13 13:02:38,467 [pool-579-thread-1] INFO  server.RaftServerConfigKeys (ConfUtils.java:logGet(43)) - raft.server.log.appender.buffer.byte-limit = 33554432 (custom)
2019-11-13 13:02:38,468 [pool-599-thread-1] INFO  server.RaftServerConfigKeys (ConfUtils.java:logGet(43)) - raft.server.log.segment.size.max = 1048576 (custom)
2019-11-13 13:02:38,468 [pool-579-thread-1] INFO  server.RaftServerConfigKeys (ConfUtils.java:logGet(43)) - raft.server.log.segment.size.max = 1048576 (custom)
2019-11-13 13:02:38,468 [pool-599-thread-1] INFO  server.RaftServerConfigKeys (ConfUtils.java:logGet(43)) - raft.server.log.segment.cache.num.max = 2 (custom)
2019-11-13 13:02:38,468 [pool-579-thread-1] INFO  server.RaftServerConfigKeys (ConfUtils.java:logGet(43)) - raft.server.log.segment.cache.num.max = 2 (custom)
2019-11-13 13:02:38,468 [pool-599-thread-1] INFO  segmented.SegmentedRaftLogWorker (SegmentedRaftLogWorker.java:<init>(173)) - new 318b4bc4-2a6a-4055-b801-3341d5814353@group-E165AE56C698-SegmentedRaftLogWorker for RaftStorage:Storage Directory /workdir/hadoop-ozone/integration-test/target/test-dir/MiniOzoneClusterImpl-90e8aeb1-2975-47c6-9bba-faf27de7fb8c/datanode-9/data/ratis/9ac0fd23-9412-4350-8a44-e165ae56c698
2019-11-13 13:02:38,468 [pool-579-thread-1] INFO  segmented.SegmentedRaftLogWorker (SegmentedRaftLogWorker.java:<init>(173)) - new 3d7387af-ecb5-4c7d-b20b-5fe48849adda@group-E165AE56C698-SegmentedRaftLogWorker for RaftStorage:Storage Directory /workdir/hadoop-ozone/integration-test/target/test-dir/MiniOzoneClusterImpl-90e8aeb1-2975-47c6-9bba-faf27de7fb8c/datanode-7/data/ratis/9ac0fd23-9412-4350-8a44-e165ae56c698
2019-11-13 13:02:38,468 [pool-599-thread-1] INFO  server.RaftServerConfigKeys (ConfUtils.java:logGet(43)) - raft.server.log.queue.byte-limit = 2147483647 (custom)
2019-11-13 13:02:38,469 [pool-579-thread-1] INFO  server.RaftServerConfigKeys (ConfUtils.java:logGet(43)) - raft.server.log.queue.byte-limit = 2147483647 (custom)
2019-11-13 13:02:38,469 [pool-599-thread-1] INFO  server.RaftServerConfigKeys (ConfUtils.java:logGet(43)) - raft.server.log.queue.element-limit = 1024 (custom)
2019-11-13 13:02:38,469 [pool-579-thread-1] INFO  server.RaftServerConfigKeys (ConfUtils.java:logGet(43)) - raft.server.log.queue.element-limit = 1024 (custom)
2019-11-13 13:02:38,469 [pool-599-thread-1] INFO  server.RaftServerConfigKeys (ConfUtils.java:logGet(43)) - raft.server.log.segment.size.max = 1048576 (custom)
2019-11-13 13:02:38,469 [pool-579-thread-1] INFO  server.RaftServerConfigKeys (ConfUtils.java:logGet(43)) - raft.server.log.segment.size.max = 1048576 (custom)
2019-11-13 13:02:38,469 [pool-599-thread-1] INFO  server.RaftServerConfigKeys (ConfUtils.java:logGet(43)) - raft.server.log.preallocated.size = 16384 (custom)
2019-11-13 13:02:38,469 [pool-579-thread-1] INFO  server.RaftServerConfigKeys (ConfUtils.java:logGet(43)) - raft.server.log.preallocated.size = 16384 (custom)
2019-11-13 13:02:38,469 [pool-599-thread-1] INFO  server.RaftServerConfigKeys (ConfUtils.java:logGet(43)) - raft.server.log.write.buffer.size = 33554432 (custom)
2019-11-13 13:02:38,470 [pool-579-thread-1] INFO  server.RaftServerConfigKeys (ConfUtils.java:logGet(43)) - raft.server.log.write.buffer.size = 33554432 (custom)
2019-11-13 13:02:38,470 [pool-599-thread-1] INFO  server.RaftServerConfigKeys (ConfUtils.java:logGet(43)) - raft.server.log.force.sync.num = 128 (default)
2019-11-13 13:02:38,470 [pool-579-thread-1] INFO  server.RaftServerConfigKeys (ConfUtils.java:logGet(43)) - raft.server.log.force.sync.num = 128 (default)
2019-11-13 13:02:38,470 [pool-599-thread-1] INFO  server.RaftServerConfigKeys (ConfUtils.java:logGet(43)) - raft.server.log.statemachine.data.sync = true (default)
2019-11-13 13:02:38,470 [pool-579-thread-1] INFO  server.RaftServerConfigKeys (ConfUtils.java:logGet(43)) - raft.server.log.statemachine.data.sync = true (default)
2019-11-13 13:02:38,470 [pool-599-thread-1] INFO  server.RaftServerConfigKeys (ConfUtils.java:logGet(43)) - raft.server.log.statemachine.data.sync.timeout = 10s (default)
2019-11-13 13:02:38,470 [pool-579-thread-1] INFO  server.RaftServerConfigKeys (ConfUtils.java:logGet(43)) - raft.server.log.statemachine.data.sync.timeout = 10s (default)
2019-11-13 13:02:38,470 [pool-599-thread-1] INFO  server.RaftServerConfigKeys (ConfUtils.java:logGet(43)) - raft.server.log.statemachine.data.sync.timeout.retry = -1 (default)
2019-11-13 13:02:38,470 [pool-579-thread-1] INFO  server.RaftServerConfigKeys (ConfUtils.java:logGet(43)) - raft.server.log.statemachine.data.sync.timeout.retry = -1 (default)
2019-11-13 13:02:38,471 [pool-599-thread-1] INFO  server.RaftServerConfigKeys (ConfUtils.java:logGet(43)) - raft.server.log.statemachine.data.caching.enabled = true (custom)
2019-11-13 13:02:38,471 [pool-579-thread-1] INFO  server.RaftServerConfigKeys (ConfUtils.java:logGet(43)) - raft.server.log.statemachine.data.caching.enabled = true (custom)
2019-11-13 13:02:38,471 [pool-599-thread-1] INFO  segmented.SegmentedRaftLogWorker (SegmentedRaftLogWorker.java:lambda$new$0(128)) - 318b4bc4-2a6a-4055-b801-3341d5814353@group-E165AE56C698-SegmentedRaftLogWorker: flushIndex: setUnconditionally 0 -> -1
2019-11-13 13:02:38,471 [pool-579-thread-1] INFO  segmented.SegmentedRaftLogWorker (SegmentedRaftLogWorker.java:lambda$new$0(128)) - 3d7387af-ecb5-4c7d-b20b-5fe48849adda@group-E165AE56C698-SegmentedRaftLogWorker: flushIndex: setUnconditionally 0 -> -1
2019-11-13 13:02:38,472 [pool-599-thread-1] INFO  server.RaftServerConfigKeys (ConfUtils.java:logGet(43)) - raft.server.snapshot.auto.trigger.enabled = true (custom)
2019-11-13 13:02:38,472 [pool-579-thread-1] INFO  server.RaftServerConfigKeys (ConfUtils.java:logGet(43)) - raft.server.snapshot.auto.trigger.enabled = true (custom)
2019-11-13 13:02:38,472 [pool-599-thread-1] INFO  server.RaftServerConfigKeys (ConfUtils.java:logGet(43)) - raft.server.snapshot.auto.trigger.threshold = 10000 (custom)
2019-11-13 13:02:38,472 [pool-579-thread-1] INFO  server.RaftServerConfigKeys (ConfUtils.java:logGet(43)) - raft.server.snapshot.auto.trigger.threshold = 10000 (custom)
2019-11-13 13:02:38,472 [pool-599-thread-1] INFO  server.RaftServerConfigKeys (ConfUtils.java:logGet(43)) - raft.server.snapshot.retention.file.num = 5 (custom)
2019-11-13 13:02:38,472 [pool-579-thread-1] INFO  server.RaftServerConfigKeys (ConfUtils.java:logGet(43)) - raft.server.snapshot.retention.file.num = 5 (custom)
2019-11-13 13:02:38,472 [pool-599-thread-1] INFO  server.RaftServerConfigKeys (ConfUtils.java:logGet(43)) - raft.server.retrycache.expirytime = 600000ms (custom)
2019-11-13 13:02:38,472 [pool-579-thread-1] INFO  server.RaftServerConfigKeys (ConfUtils.java:logGet(43)) - raft.server.retrycache.expirytime = 600000ms (custom)
2019-11-13 13:02:38,473 [pool-599-thread-1] WARN  impl.MetricRegistriesImpl (MetricRegistriesImpl.java:lambda$create$1(61)) - First MetricRegistry has been created without registering reporters. You may need to call MetricRegistries.global().addReportRegistration(...) before.
2019-11-13 13:02:38,473 [pool-579-thread-1] WARN  impl.MetricRegistriesImpl (MetricRegistriesImpl.java:lambda$create$1(61)) - First MetricRegistry has been created without registering reporters. You may need to call MetricRegistries.global().addReportRegistration(...) before.
2019-11-13 13:02:38,473 [pool-599-thread-1] WARN  impl.MetricRegistriesImpl (MetricRegistriesImpl.java:lambda$create$1(61)) - First MetricRegistry has been created without registering reporters. You may need to call MetricRegistries.global().addReportRegistration(...) before.
2019-11-13 13:02:38,473 [pool-579-thread-1] WARN  impl.MetricRegistriesImpl (MetricRegistriesImpl.java:lambda$create$1(61)) - First MetricRegistry has been created without registering reporters. You may need to call MetricRegistries.global().addReportRegistration(...) before.
2019-11-13 13:02:38,473 [pool-599-thread-1] INFO  impl.RaftServerImpl (RaftServerImpl.java:start(184)) - 318b4bc4-2a6a-4055-b801-3341d5814353@group-E165AE56C698: start as a follower, conf=-1: [1a33519a-3def-4d79-b3e5-c4d8286dc86e:192.168.157.200:40699, 3d7387af-ecb5-4c7d-b20b-5fe48849adda:192.168.157.200:37245, 318b4bc4-2a6a-4055-b801-3341d5814353:192.168.157.200:34345], old=null
2019-11-13 13:02:38,473 [pool-579-thread-1] INFO  impl.RaftServerImpl (RaftServerImpl.java:start(184)) - 3d7387af-ecb5-4c7d-b20b-5fe48849adda@group-E165AE56C698: start as a follower, conf=-1: [1a33519a-3def-4d79-b3e5-c4d8286dc86e:192.168.157.200:40699, 3d7387af-ecb5-4c7d-b20b-5fe48849adda:192.168.157.200:37245, 318b4bc4-2a6a-4055-b801-3341d5814353:192.168.157.200:34345], old=null
2019-11-13 13:02:38,473 [pool-599-thread-1] INFO  impl.RaftServerImpl (RaftServerImpl.java:setRole(173)) - 318b4bc4-2a6a-4055-b801-3341d5814353@group-E165AE56C698: changes role from      null to FOLLOWER at term 0 for startAsFollower
2019-11-13 13:02:38,473 [pool-579-thread-1] INFO  impl.RaftServerImpl (RaftServerImpl.java:setRole(173)) - 3d7387af-ecb5-4c7d-b20b-5fe48849adda@group-E165AE56C698: changes role from      null to FOLLOWER at term 0 for startAsFollower
2019-11-13 13:02:38,474 [pool-599-thread-1] INFO  impl.RoleInfo (RoleInfo.java:updateAndGet(143)) - 318b4bc4-2a6a-4055-b801-3341d5814353: start FollowerState
2019-11-13 13:02:38,474 [pool-579-thread-1] INFO  impl.RoleInfo (RoleInfo.java:updateAndGet(143)) - 3d7387af-ecb5-4c7d-b20b-5fe48849adda: start FollowerState
2019-11-13 13:02:38,474 [pool-549-thread-1] INFO  storage.RaftStorage (RaftStorage.java:format(84)) - Storage directory /workdir/hadoop-ozone/integration-test/target/test-dir/MiniOzoneClusterImpl-90e8aeb1-2975-47c6-9bba-faf27de7fb8c/datanode-4/data/ratis/9ac0fd23-9412-4350-8a44-e165ae56c698 has been successfully formatted.
2019-11-13 13:02:38,474 [pool-599-thread-1] INFO  util.JmxRegister (JmxRegister.java:tryRegister(44)) - Successfully registered JMX Bean with object name Ratis:service=RaftServer,group=group-E165AE56C698,id=318b4bc4-2a6a-4055-b801-3341d5814353
2019-11-13 13:02:38,474 [pool-579-thread-1] INFO  util.JmxRegister (JmxRegister.java:tryRegister(44)) - Successfully registered JMX Bean with object name Ratis:service=RaftServer,group=group-E165AE56C698,id=3d7387af-ecb5-4c7d-b20b-5fe48849adda
2019-11-13 13:02:38,474 [pool-549-thread-1] INFO  ratis.ContainerStateMachine (ContainerStateMachine.java:loadSnapshot(223)) - group-E165AE56C698: The snapshot info is null. Setting the last applied indexto:(t:0, i:~)
2019-11-13 13:02:38,475 [pool-579-thread-1] WARN  impl.MetricRegistriesImpl (MetricRegistriesImpl.java:lambda$create$1(61)) - First MetricRegistry has been created without registering reporters. You may need to call MetricRegistries.global().addReportRegistration(...) before.
2019-11-13 13:02:38,475 [pool-599-thread-1] WARN  impl.MetricRegistriesImpl (MetricRegistriesImpl.java:lambda$create$1(61)) - First MetricRegistry has been created without registering reporters. You may need to call MetricRegistries.global().addReportRegistration(...) before.
2019-11-13 13:02:38,475 [pool-549-thread-1] INFO  server.RaftServerConfigKeys (ConfUtils.java:logGet(43)) - raft.server.notification.no-leader.timeout = 120s (custom)
2019-11-13 13:02:38,475 [pool-549-thread-1] INFO  server.RaftServerConfigKeys (ConfUtils.java:logGet(43)) - raft.server.log.use.memory = false (default)
2019-11-13 13:02:38,475 [pool-549-thread-1] INFO  server.RaftServerConfigKeys (ConfUtils.java:logGet(43)) - raft.server.log.purge.gap = 1000000 (custom)
2019-11-13 13:02:38,475 [pool-549-thread-1] INFO  server.RaftServerConfigKeys (ConfUtils.java:logGet(43)) - raft.server.log.appender.buffer.byte-limit = 33554432 (custom)
2019-11-13 13:02:38,476 [pool-549-thread-1] INFO  server.RaftServerConfigKeys (ConfUtils.java:logGet(43)) - raft.server.log.segment.size.max = 1048576 (custom)
2019-11-13 13:02:38,476 [pool-549-thread-1] INFO  server.RaftServerConfigKeys (ConfUtils.java:logGet(43)) - raft.server.log.segment.cache.num.max = 2 (custom)
2019-11-13 13:02:38,476 [pool-549-thread-1] INFO  segmented.SegmentedRaftLogWorker (SegmentedRaftLogWorker.java:<init>(173)) - new 1a33519a-3def-4d79-b3e5-c4d8286dc86e@group-E165AE56C698-SegmentedRaftLogWorker for RaftStorage:Storage Directory /workdir/hadoop-ozone/integration-test/target/test-dir/MiniOzoneClusterImpl-90e8aeb1-2975-47c6-9bba-faf27de7fb8c/datanode-4/data/ratis/9ac0fd23-9412-4350-8a44-e165ae56c698
2019-11-13 13:02:38,476 [pool-549-thread-1] INFO  server.RaftServerConfigKeys (ConfUtils.java:logGet(43)) - raft.server.log.queue.byte-limit = 2147483647 (custom)
2019-11-13 13:02:38,476 [pool-549-thread-1] INFO  server.RaftServerConfigKeys (ConfUtils.java:logGet(43)) - raft.server.log.queue.element-limit = 1024 (custom)
2019-11-13 13:02:38,477 [pool-549-thread-1] INFO  server.RaftServerConfigKeys (ConfUtils.java:logGet(43)) - raft.server.log.segment.size.max = 1048576 (custom)
2019-11-13 13:02:38,477 [pool-549-thread-1] INFO  server.RaftServerConfigKeys (ConfUtils.java:logGet(43)) - raft.server.log.preallocated.size = 16384 (custom)
2019-11-13 13:02:38,477 [pool-549-thread-1] INFO  server.RaftServerConfigKeys (ConfUtils.java:logGet(43)) - raft.server.log.write.buffer.size = 33554432 (custom)
2019-11-13 13:02:38,477 [pool-549-thread-1] INFO  server.RaftServerConfigKeys (ConfUtils.java:logGet(43)) - raft.server.log.force.sync.num = 128 (default)
2019-11-13 13:02:38,478 [pool-549-thread-1] INFO  server.RaftServerConfigKeys (ConfUtils.java:logGet(43)) - raft.server.log.statemachine.data.sync = true (default)
2019-11-13 13:02:38,478 [pool-549-thread-1] INFO  server.RaftServerConfigKeys (ConfUtils.java:logGet(43)) - raft.server.log.statemachine.data.sync.timeout = 10s (default)
2019-11-13 13:02:38,478 [pool-549-thread-1] INFO  server.RaftServerConfigKeys (ConfUtils.java:logGet(43)) - raft.server.log.statemachine.data.sync.timeout.retry = -1 (default)
2019-11-13 13:02:38,478 [pool-549-thread-1] INFO  server.RaftServerConfigKeys (ConfUtils.java:logGet(43)) - raft.server.log.statemachine.data.caching.enabled = true (custom)
2019-11-13 13:02:38,479 [pool-549-thread-1] INFO  segmented.SegmentedRaftLogWorker (SegmentedRaftLogWorker.java:lambda$new$0(128)) - 1a33519a-3def-4d79-b3e5-c4d8286dc86e@group-E165AE56C698-SegmentedRaftLogWorker: flushIndex: setUnconditionally 0 -> -1
2019-11-13 13:02:38,479 [pool-549-thread-1] INFO  server.RaftServerConfigKeys (ConfUtils.java:logGet(43)) - raft.server.snapshot.auto.trigger.enabled = true (custom)
2019-11-13 13:02:38,479 [pool-549-thread-1] INFO  server.RaftServerConfigKeys (ConfUtils.java:logGet(43)) - raft.server.snapshot.auto.trigger.threshold = 10000 (custom)
2019-11-13 13:02:38,479 [pool-549-thread-1] INFO  server.RaftServerConfigKeys (ConfUtils.java:logGet(43)) - raft.server.snapshot.retention.file.num = 5 (custom)
2019-11-13 13:02:38,479 [pool-549-thread-1] INFO  server.RaftServerConfigKeys (ConfUtils.java:logGet(43)) - raft.server.retrycache.expirytime = 600000ms (custom)
2019-11-13 13:02:38,480 [pool-549-thread-1] WARN  impl.MetricRegistriesImpl (MetricRegistriesImpl.java:lambda$create$1(61)) - First MetricRegistry has been created without registering reporters. You may need to call MetricRegistries.global().addReportRegistration(...) before.
2019-11-13 13:02:38,480 [pool-549-thread-1] WARN  impl.MetricRegistriesImpl (MetricRegistriesImpl.java:lambda$create$1(61)) - First MetricRegistry has been created without registering reporters. You may need to call MetricRegistries.global().addReportRegistration(...) before.
2019-11-13 13:02:38,480 [pool-549-thread-1] INFO  impl.RaftServerImpl (RaftServerImpl.java:start(184)) - 1a33519a-3def-4d79-b3e5-c4d8286dc86e@group-E165AE56C698: start as a follower, conf=-1: [1a33519a-3def-4d79-b3e5-c4d8286dc86e:192.168.157.200:40699, 3d7387af-ecb5-4c7d-b20b-5fe48849adda:192.168.157.200:37245, 318b4bc4-2a6a-4055-b801-3341d5814353:192.168.157.200:34345], old=null
2019-11-13 13:02:38,480 [pool-549-thread-1] INFO  impl.RaftServerImpl (RaftServerImpl.java:setRole(173)) - 1a33519a-3def-4d79-b3e5-c4d8286dc86e@group-E165AE56C698: changes role from      null to FOLLOWER at term 0 for startAsFollower
2019-11-13 13:02:38,480 [pool-549-thread-1] INFO  impl.RoleInfo (RoleInfo.java:updateAndGet(143)) - 1a33519a-3def-4d79-b3e5-c4d8286dc86e: start FollowerState
2019-11-13 13:02:38,480 [pool-549-thread-1] INFO  util.JmxRegister (JmxRegister.java:tryRegister(44)) - Successfully registered JMX Bean with object name Ratis:service=RaftServer,group=group-E165AE56C698,id=1a33519a-3def-4d79-b3e5-c4d8286dc86e
2019-11-13 13:02:38,481 [pool-549-thread-1] WARN  impl.MetricRegistriesImpl (MetricRegistriesImpl.java:lambda$create$1(61)) - First MetricRegistry has been created without registering reporters. You may need to call MetricRegistries.global().addReportRegistration(...) before.
2019-11-13 13:02:38,483 [RatisPipelineUtilsThread] INFO  pipeline.PipelineStateManager (PipelineStateManager.java:addPipeline(55)) - Created pipeline Pipeline[ Id: 9ac0fd23-9412-4350-8a44-e165ae56c698, Nodes: 1a33519a-3def-4d79-b3e5-c4d8286dc86e{ip: 192.168.157.200, host: pr-hdds-2452-7vw7s-1330541530, networkLocation: /rack1, certSerialId: null}318b4bc4-2a6a-4055-b801-3341d5814353{ip: 192.168.157.200, host: pr-hdds-2452-7vw7s-1330541530, networkLocation: /rack1, certSerialId: null}3d7387af-ecb5-4c7d-b20b-5fe48849adda{ip: 192.168.157.200, host: pr-hdds-2452-7vw7s-1330541530, networkLocation: /rack1, certSerialId: null}, Type:RATIS, Factor:THREE, State:ALLOCATED]
2019-11-13 13:02:38,484 [Thread-3904] INFO  pipeline.PipelineStateManager (PipelineStateManager.java:finalizePipeline(121)) - Pipeline Pipeline[ Id: b42ea994-ee87-4049-9c09-cad78ae12961, Nodes: ccb58d27-4340-4f56-86e1-f88286cea239{ip: 192.168.157.200, host: pr-hdds-2452-7vw7s-1330541530, networkLocation: /rack1, certSerialId: null}, Type:RATIS, Factor:ONE, State:CLOSED] moved to CLOSED state
2019-11-13 13:02:38,488 [grpc-default-executor-11] INFO  impl.RaftServerProxy (RaftServerProxy.java:remove(95)) - ccb58d27-4340-4f56-86e1-f88286cea239: remove    LEADER ccb58d27-4340-4f56-86e1-f88286cea239@group-CAD78AE12961:t1, leader=ccb58d27-4340-4f56-86e1-f88286cea239, voted=ccb58d27-4340-4f56-86e1-f88286cea239, raftlog=ccb58d27-4340-4f56-86e1-f88286cea239@group-CAD78AE12961-SegmentedRaftLog:OPENED:c0,f0,i0, conf=0: [ccb58d27-4340-4f56-86e1-f88286cea239:192.168.157.200:36584], old=null RUNNING
2019-11-13 13:02:38,488 [grpc-default-executor-11] INFO  impl.RaftServerImpl (RaftServerImpl.java:lambda$shutdown$3(250)) - ccb58d27-4340-4f56-86e1-f88286cea239@group-CAD78AE12961: shutdown
2019-11-13 13:02:38,488 [grpc-default-executor-11] INFO  util.JmxRegister (JmxRegister.java:unregister(73)) - Successfully un-registered JMX Bean with object name Ratis:service=RaftServer,group=group-CAD78AE12961,id=ccb58d27-4340-4f56-86e1-f88286cea239
2019-11-13 13:02:38,488 [grpc-default-executor-11] INFO  impl.RoleInfo (RoleInfo.java:shutdownLeaderState(104)) - ccb58d27-4340-4f56-86e1-f88286cea239: shutdown LeaderState
2019-11-13 13:02:38,488 [grpc-default-executor-11] INFO  impl.PendingRequests (PendingRequests.java:sendNotLeaderResponses(206)) - ccb58d27-4340-4f56-86e1-f88286cea239@group-CAD78AE12961-PendingRequests: sendNotLeaderResponses
2019-11-13 13:02:38,489 [grpc-default-executor-11] INFO  impl.StateMachineUpdater (StateMachineUpdater.java:stopAndJoin(136)) - ccb58d27-4340-4f56-86e1-f88286cea239@group-CAD78AE12961-StateMachineUpdater: set stopIndex = 0
2019-11-13 13:02:38,489 [grpc-default-executor-11] INFO  impl.RaftServerImpl (ServerState.java:close(387)) - ccb58d27-4340-4f56-86e1-f88286cea239@group-CAD78AE12961: closes. applyIndex: 0
2019-11-13 13:02:38,489 [ccb58d27-4340-4f56-86e1-f88286cea239@group-CAD78AE12961-SegmentedRaftLogWorker] INFO  segmented.SegmentedRaftLogWorker (SegmentedRaftLogWorker.java:run(316)) - ccb58d27-4340-4f56-86e1-f88286cea239@group-CAD78AE12961-SegmentedRaftLogWorker was interrupted, exiting. There are 0 tasks remaining in the queue.
2019-11-13 13:02:38,493 [grpc-default-executor-11] INFO  segmented.SegmentedRaftLogWorker (SegmentedRaftLogWorker.java:close(224)) - ccb58d27-4340-4f56-86e1-f88286cea239@group-CAD78AE12961-SegmentedRaftLogWorker close()
2019-11-13 13:02:38,498 [Thread-3904] INFO  pipeline.PipelineStateManager (PipelineStateManager.java:removePipeline(106)) - Pipeline Pipeline[ Id: b42ea994-ee87-4049-9c09-cad78ae12961, Nodes: ccb58d27-4340-4f56-86e1-f88286cea239{ip: 192.168.157.200, host: pr-hdds-2452-7vw7s-1330541530, networkLocation: /rack1, certSerialId: null}, Type:RATIS, Factor:ONE, State:CLOSED] removed from db
2019-11-13 13:02:38,498 [Thread-3904] INFO  pipeline.SCMPipelineManager (SCMPipelineManager.java:finalizeAndDestroyPipeline(315)) - destroying pipeline:Pipeline[ Id: d43dba6e-e14a-4e03-9a39-c8e79842948d, Nodes: a7629fe5-c619-4c28-bdfc-63292747e9b9{ip: 192.168.157.200, host: pr-hdds-2452-7vw7s-1330541530, networkLocation: /rack1, certSerialId: null}, Type:RATIS, Factor:ONE, State:OPEN]
2019-11-13 13:02:38,517 [grpc-default-executor-11] INFO  impl.RaftServerProxy (RaftServerProxy.java:addNew(89)) - ccb58d27-4340-4f56-86e1-f88286cea239: addNew group-FAD0BC5E1D41:[ccb58d27-4340-4f56-86e1-f88286cea239:192.168.157.200:36584] returns group-FAD0BC5E1D41:java.util.concurrent.CompletableFuture@7bf00c32[Not completed]
2019-11-13 13:02:38,519 [pool-519-thread-1] INFO  impl.RaftServerImpl (RaftServerImpl.java:<init>(98)) - ccb58d27-4340-4f56-86e1-f88286cea239: new RaftServerImpl for group-FAD0BC5E1D41:[ccb58d27-4340-4f56-86e1-f88286cea239:192.168.157.200:36584] with ContainerStateMachine:uninitialized
2019-11-13 13:02:38,519 [pool-519-thread-1] INFO  server.RaftServerConfigKeys (ConfUtils.java:logGet(43)) - raft.server.rpc.timeout.min = 1s (custom)
2019-11-13 13:02:38,519 [pool-519-thread-1] INFO  server.RaftServerConfigKeys (ConfUtils.java:logGet(43)) - raft.server.rpc.timeout.max = 1200ms (custom)
2019-11-13 13:02:38,519 [pool-519-thread-1] INFO  server.RaftServerConfigKeys (ConfUtils.java:logGet(43)) - raft.server.rpcslowness.timeout = 120s (custom)
2019-11-13 13:02:38,520 [pool-519-thread-1] INFO  server.RaftServerConfigKeys (ConfUtils.java:logGet(43)) - raft.server.sleep.deviation.threshold = 300 (default)
2019-11-13 13:02:38,520 [pool-519-thread-1] INFO  server.RaftServerConfigKeys (ConfUtils.java:logGet(43)) - raft.server.log.appender.install.snapshot.enabled = false (custom)
2019-11-13 13:02:38,520 [pool-519-thread-1] INFO  impl.RaftServerImpl (ServerState.java:<init>(103)) - ccb58d27-4340-4f56-86e1-f88286cea239@group-FAD0BC5E1D41: ConfigurationManager, init=-1: [ccb58d27-4340-4f56-86e1-f88286cea239:192.168.157.200:36584], old=null, confs=<EMPTY_MAP>
2019-11-13 13:02:38,520 [pool-519-thread-1] INFO  server.RaftServerConfigKeys (ConfUtils.java:logGet(43)) - raft.server.storage.dir = [/workdir/hadoop-ozone/integration-test/target/test-dir/MiniOzoneClusterImpl-90e8aeb1-2975-47c6-9bba-faf27de7fb8c/datanode-1/data/ratis] (custom)
2019-11-13 13:02:38,520 [pool-519-thread-1] INFO  server.RaftServerConfigKeys (ConfUtils.java:logGet(43)) - raft.server.log.corruption.policy = EXCEPTION (default)
2019-11-13 13:02:38,520 [pool-519-thread-1] INFO  storage.RaftStorageDirectory (RaftStorageDirectory.java:analyzeStorage(246)) - The storage directory /workdir/hadoop-ozone/integration-test/target/test-dir/MiniOzoneClusterImpl-90e8aeb1-2975-47c6-9bba-faf27de7fb8c/datanode-1/data/ratis/d613afff-4455-4856-a07e-fad0bc5e1d41 does not exist. Creating ...
2019-11-13 13:02:38,550 [pool-519-thread-1] INFO  storage.RaftStorageDirectory (RaftStorageDirectory.java:tryLock(328)) - Lock on /workdir/hadoop-ozone/integration-test/target/test-dir/MiniOzoneClusterImpl-90e8aeb1-2975-47c6-9bba-faf27de7fb8c/datanode-1/data/ratis/d613afff-4455-4856-a07e-fad0bc5e1d41/in_use.lock acquired by nodename 10766@pr-hdds-2452-7vw7s-1330541530
2019-11-13 13:02:38,580 [pool-519-thread-1] INFO  storage.RaftStorage (RaftStorage.java:format(84)) - Storage directory /workdir/hadoop-ozone/integration-test/target/test-dir/MiniOzoneClusterImpl-90e8aeb1-2975-47c6-9bba-faf27de7fb8c/datanode-1/data/ratis/d613afff-4455-4856-a07e-fad0bc5e1d41 has been successfully formatted.
2019-11-13 13:02:38,581 [pool-519-thread-1] INFO  ratis.ContainerStateMachine (ContainerStateMachine.java:loadSnapshot(223)) - group-FAD0BC5E1D41: The snapshot info is null. Setting the last applied indexto:(t:0, i:~)
2019-11-13 13:02:38,585 [pool-519-thread-1] INFO  server.RaftServerConfigKeys (ConfUtils.java:logGet(43)) - raft.server.notification.no-leader.timeout = 120s (custom)
2019-11-13 13:02:38,587 [pool-519-thread-1] INFO  server.RaftServerConfigKeys (ConfUtils.java:logGet(43)) - raft.server.log.use.memory = false (default)
2019-11-13 13:02:38,587 [pool-519-thread-1] INFO  server.RaftServerConfigKeys (ConfUtils.java:logGet(43)) - raft.server.log.purge.gap = 1000000 (custom)
2019-11-13 13:02:38,587 [pool-519-thread-1] INFO  server.RaftServerConfigKeys (ConfUtils.java:logGet(43)) - raft.server.log.appender.buffer.byte-limit = 33554432 (custom)
2019-11-13 13:02:38,587 [pool-519-thread-1] INFO  server.RaftServerConfigKeys (ConfUtils.java:logGet(43)) - raft.server.log.segment.size.max = 1048576 (custom)
2019-11-13 13:02:38,587 [pool-519-thread-1] INFO  server.RaftServerConfigKeys (ConfUtils.java:logGet(43)) - raft.server.log.segment.cache.num.max = 2 (custom)
2019-11-13 13:02:38,587 [pool-519-thread-1] INFO  segmented.SegmentedRaftLogWorker (SegmentedRaftLogWorker.java:<init>(173)) - new ccb58d27-4340-4f56-86e1-f88286cea239@group-FAD0BC5E1D41-SegmentedRaftLogWorker for RaftStorage:Storage Directory /workdir/hadoop-ozone/integration-test/target/test-dir/MiniOzoneClusterImpl-90e8aeb1-2975-47c6-9bba-faf27de7fb8c/datanode-1/data/ratis/d613afff-4455-4856-a07e-fad0bc5e1d41
2019-11-13 13:02:38,588 [pool-519-thread-1] INFO  server.RaftServerConfigKeys (ConfUtils.java:logGet(43)) - raft.server.log.queue.byte-limit = 2147483647 (custom)
2019-11-13 13:02:38,588 [pool-519-thread-1] INFO  server.RaftServerConfigKeys (ConfUtils.java:logGet(43)) - raft.server.log.queue.element-limit = 1024 (custom)
2019-11-13 13:02:38,588 [pool-519-thread-1] INFO  server.RaftServerConfigKeys (ConfUtils.java:logGet(43)) - raft.server.log.segment.size.max = 1048576 (custom)
2019-11-13 13:02:38,588 [pool-519-thread-1] INFO  server.RaftServerConfigKeys (ConfUtils.java:logGet(43)) - raft.server.log.preallocated.size = 16384 (custom)
2019-11-13 13:02:38,588 [pool-519-thread-1] INFO  server.RaftServerConfigKeys (ConfUtils.java:logGet(43)) - raft.server.log.write.buffer.size = 33554432 (custom)
2019-11-13 13:02:38,588 [pool-519-thread-1] INFO  server.RaftServerConfigKeys (ConfUtils.java:logGet(43)) - raft.server.log.force.sync.num = 128 (default)
2019-11-13 13:02:38,588 [pool-519-thread-1] INFO  server.RaftServerConfigKeys (ConfUtils.java:logGet(43)) - raft.server.log.statemachine.data.sync = true (default)
2019-11-13 13:02:38,588 [pool-519-thread-1] INFO  server.RaftServerConfigKeys (ConfUtils.java:logGet(43)) - raft.server.log.statemachine.data.sync.timeout = 10s (default)
2019-11-13 13:02:38,588 [pool-519-thread-1] INFO  server.RaftServerConfigKeys (ConfUtils.java:logGet(43)) - raft.server.log.statemachine.data.sync.timeout.retry = -1 (default)
2019-11-13 13:02:38,588 [pool-519-thread-1] INFO  server.RaftServerConfigKeys (ConfUtils.java:logGet(43)) - raft.server.log.statemachine.data.caching.enabled = true (custom)
2019-11-13 13:02:38,589 [pool-519-thread-1] INFO  segmented.SegmentedRaftLogWorker (SegmentedRaftLogWorker.java:lambda$new$0(128)) - ccb58d27-4340-4f56-86e1-f88286cea239@group-FAD0BC5E1D41-SegmentedRaftLogWorker: flushIndex: setUnconditionally 0 -> -1
2019-11-13 13:02:38,589 [pool-519-thread-1] INFO  server.RaftServerConfigKeys (ConfUtils.java:logGet(43)) - raft.server.snapshot.auto.trigger.enabled = true (custom)
2019-11-13 13:02:38,589 [pool-519-thread-1] INFO  server.RaftServerConfigKeys (ConfUtils.java:logGet(43)) - raft.server.snapshot.auto.trigger.threshold = 10000 (custom)
2019-11-13 13:02:38,589 [pool-519-thread-1] INFO  server.RaftServerConfigKeys (ConfUtils.java:logGet(43)) - raft.server.snapshot.retention.file.num = 5 (custom)
2019-11-13 13:02:38,589 [pool-519-thread-1] INFO  server.RaftServerConfigKeys (ConfUtils.java:logGet(43)) - raft.server.retrycache.expirytime = 600000ms (custom)
2019-11-13 13:02:38,589 [pool-519-thread-1] WARN  impl.MetricRegistriesImpl (MetricRegistriesImpl.java:lambda$create$1(61)) - First MetricRegistry has been created without registering reporters. You may need to call MetricRegistries.global().addReportRegistration(...) before.
2019-11-13 13:02:38,589 [pool-519-thread-1] WARN  impl.MetricRegistriesImpl (MetricRegistriesImpl.java:lambda$create$1(61)) - First MetricRegistry has been created without registering reporters. You may need to call MetricRegistries.global().addReportRegistration(...) before.
2019-11-13 13:02:38,590 [pool-519-thread-1] INFO  impl.RaftServerImpl (RaftServerImpl.java:start(184)) - ccb58d27-4340-4f56-86e1-f88286cea239@group-FAD0BC5E1D41: start as a follower, conf=-1: [ccb58d27-4340-4f56-86e1-f88286cea239:192.168.157.200:36584], old=null
2019-11-13 13:02:38,590 [pool-519-thread-1] INFO  impl.RaftServerImpl (RaftServerImpl.java:setRole(173)) - ccb58d27-4340-4f56-86e1-f88286cea239@group-FAD0BC5E1D41: changes role from      null to FOLLOWER at term 0 for startAsFollower
2019-11-13 13:02:38,591 [pool-519-thread-1] INFO  impl.RoleInfo (RoleInfo.java:updateAndGet(143)) - ccb58d27-4340-4f56-86e1-f88286cea239: start FollowerState
2019-11-13 13:02:38,592 [pool-519-thread-1] INFO  util.JmxRegister (JmxRegister.java:tryRegister(44)) - Successfully registered JMX Bean with object name Ratis:service=RaftServer,group=group-FAD0BC5E1D41,id=ccb58d27-4340-4f56-86e1-f88286cea239
2019-11-13 13:02:38,592 [pool-519-thread-1] WARN  impl.MetricRegistriesImpl (MetricRegistriesImpl.java:lambda$create$1(61)) - First MetricRegistry has been created without registering reporters. You may need to call MetricRegistries.global().addReportRegistration(...) before.
2019-11-13 13:02:38,598 [RatisPipelineUtilsThread] INFO  pipeline.PipelineStateManager (PipelineStateManager.java:addPipeline(55)) - Created pipeline Pipeline[ Id: d613afff-4455-4856-a07e-fad0bc5e1d41, Nodes: ccb58d27-4340-4f56-86e1-f88286cea239{ip: 192.168.157.200, host: pr-hdds-2452-7vw7s-1330541530, networkLocation: /rack1, certSerialId: null}, Type:RATIS, Factor:ONE, State:ALLOCATED]
2019-11-13 13:02:38,599 [Thread-3904] INFO  pipeline.PipelineStateManager (PipelineStateManager.java:finalizePipeline(121)) - Pipeline Pipeline[ Id: d43dba6e-e14a-4e03-9a39-c8e79842948d, Nodes: a7629fe5-c619-4c28-bdfc-63292747e9b9{ip: 192.168.157.200, host: pr-hdds-2452-7vw7s-1330541530, networkLocation: /rack1, certSerialId: null}, Type:RATIS, Factor:ONE, State:CLOSED] moved to CLOSED state
2019-11-13 13:02:38,605 [grpc-default-executor-11] INFO  impl.RaftServerProxy (RaftServerProxy.java:remove(95)) - a7629fe5-c619-4c28-bdfc-63292747e9b9: remove    LEADER a7629fe5-c619-4c28-bdfc-63292747e9b9@group-C8E79842948D:t1, leader=a7629fe5-c619-4c28-bdfc-63292747e9b9, voted=a7629fe5-c619-4c28-bdfc-63292747e9b9, raftlog=a7629fe5-c619-4c28-bdfc-63292747e9b9@group-C8E79842948D-SegmentedRaftLog:OPENED:c0,f0,i0, conf=0: [a7629fe5-c619-4c28-bdfc-63292747e9b9:192.168.157.200:36140], old=null RUNNING
2019-11-13 13:02:38,606 [grpc-default-executor-11] INFO  impl.RaftServerImpl (RaftServerImpl.java:lambda$shutdown$3(250)) - a7629fe5-c619-4c28-bdfc-63292747e9b9@group-C8E79842948D: shutdown
2019-11-13 13:02:38,606 [grpc-default-executor-11] INFO  util.JmxRegister (JmxRegister.java:unregister(73)) - Successfully un-registered JMX Bean with object name Ratis:service=RaftServer,group=group-C8E79842948D,id=a7629fe5-c619-4c28-bdfc-63292747e9b9
2019-11-13 13:02:38,606 [grpc-default-executor-11] INFO  impl.RoleInfo (RoleInfo.java:shutdownLeaderState(104)) - a7629fe5-c619-4c28-bdfc-63292747e9b9: shutdown LeaderState
2019-11-13 13:02:38,606 [grpc-default-executor-11] INFO  impl.PendingRequests (PendingRequests.java:sendNotLeaderResponses(206)) - a7629fe5-c619-4c28-bdfc-63292747e9b9@group-C8E79842948D-PendingRequests: sendNotLeaderResponses
2019-11-13 13:02:38,607 [grpc-default-executor-11] INFO  impl.StateMachineUpdater (StateMachineUpdater.java:stopAndJoin(136)) - a7629fe5-c619-4c28-bdfc-63292747e9b9@group-C8E79842948D-StateMachineUpdater: set stopIndex = 0
2019-11-13 13:02:38,607 [grpc-default-executor-11] INFO  impl.RaftServerImpl (ServerState.java:close(387)) - a7629fe5-c619-4c28-bdfc-63292747e9b9@group-C8E79842948D: closes. applyIndex: 0
2019-11-13 13:02:38,607 [a7629fe5-c619-4c28-bdfc-63292747e9b9@group-C8E79842948D-SegmentedRaftLogWorker] INFO  segmented.SegmentedRaftLogWorker (SegmentedRaftLogWorker.java:run(316)) - a7629fe5-c619-4c28-bdfc-63292747e9b9@group-C8E79842948D-SegmentedRaftLogWorker was interrupted, exiting. There are 0 tasks remaining in the queue.
2019-11-13 13:02:38,617 [grpc-default-executor-11] INFO  segmented.SegmentedRaftLogWorker (SegmentedRaftLogWorker.java:close(224)) - a7629fe5-c619-4c28-bdfc-63292747e9b9@group-C8E79842948D-SegmentedRaftLogWorker close()
2019-11-13 13:02:38,632 [Thread-3904] INFO  pipeline.PipelineStateManager (PipelineStateManager.java:removePipeline(106)) - Pipeline Pipeline[ Id: d43dba6e-e14a-4e03-9a39-c8e79842948d, Nodes: a7629fe5-c619-4c28-bdfc-63292747e9b9{ip: 192.168.157.200, host: pr-hdds-2452-7vw7s-1330541530, networkLocation: /rack1, certSerialId: null}, Type:RATIS, Factor:ONE, State:CLOSED] removed from db
2019-11-13 13:02:38,632 [Thread-3904] INFO  pipeline.SCMPipelineManager (SCMPipelineManager.java:finalizeAndDestroyPipeline(315)) - destroying pipeline:Pipeline[ Id: b0061687-c255-4535-a3f9-dda6e3dc98cf, Nodes: 7ba291c4-9ee0-417b-844f-44a16c4ba9e2{ip: 192.168.157.200, host: pr-hdds-2452-7vw7s-1330541530, networkLocation: /rack1, certSerialId: null}971d177f-fbc5-4c3a-b100-2607610d94ec{ip: 192.168.157.200, host: pr-hdds-2452-7vw7s-1330541530, networkLocation: /rack1, certSerialId: null}8ff9d20a-2236-45f0-8596-c8d53407e80c{ip: 192.168.157.200, host: pr-hdds-2452-7vw7s-1330541530, networkLocation: /rack1, certSerialId: null}, Type:RATIS, Factor:THREE, State:OPEN]
2019-11-13 13:02:38,637 [grpc-default-executor-11] INFO  impl.RaftServerProxy (RaftServerProxy.java:addNew(89)) - a7629fe5-c619-4c28-bdfc-63292747e9b9: addNew group-5C23E6E2F303:[a7629fe5-c619-4c28-bdfc-63292747e9b9:192.168.157.200:36140] returns group-5C23E6E2F303:java.util.concurrent.CompletableFuture@2dd4410c[Not completed]
2019-11-13 13:02:38,638 [pool-589-thread-1] INFO  impl.RaftServerImpl (RaftServerImpl.java:<init>(98)) - a7629fe5-c619-4c28-bdfc-63292747e9b9: new RaftServerImpl for group-5C23E6E2F303:[a7629fe5-c619-4c28-bdfc-63292747e9b9:192.168.157.200:36140] with ContainerStateMachine:uninitialized
2019-11-13 13:02:38,638 [pool-589-thread-1] INFO  server.RaftServerConfigKeys (ConfUtils.java:logGet(43)) - raft.server.rpc.timeout.min = 1s (custom)
2019-11-13 13:02:38,638 [pool-589-thread-1] INFO  server.RaftServerConfigKeys (ConfUtils.java:logGet(43)) - raft.server.rpc.timeout.max = 1200ms (custom)
2019-11-13 13:02:38,638 [pool-589-thread-1] INFO  server.RaftServerConfigKeys (ConfUtils.java:logGet(43)) - raft.server.rpcslowness.timeout = 120s (custom)
2019-11-13 13:02:38,639 [pool-589-thread-1] INFO  server.RaftServerConfigKeys (ConfUtils.java:logGet(43)) - raft.server.sleep.deviation.threshold = 300 (default)
2019-11-13 13:02:38,639 [pool-589-thread-1] INFO  server.RaftServerConfigKeys (ConfUtils.java:logGet(43)) - raft.server.log.appender.install.snapshot.enabled = false (custom)
2019-11-13 13:02:38,639 [pool-589-thread-1] INFO  impl.RaftServerImpl (ServerState.java:<init>(103)) - a7629fe5-c619-4c28-bdfc-63292747e9b9@group-5C23E6E2F303: ConfigurationManager, init=-1: [a7629fe5-c619-4c28-bdfc-63292747e9b9:192.168.157.200:36140], old=null, confs=<EMPTY_MAP>
2019-11-13 13:02:38,639 [pool-589-thread-1] INFO  server.RaftServerConfigKeys (ConfUtils.java:logGet(43)) - raft.server.storage.dir = [/workdir/hadoop-ozone/integration-test/target/test-dir/MiniOzoneClusterImpl-90e8aeb1-2975-47c6-9bba-faf27de7fb8c/datanode-8/data/ratis] (custom)
2019-11-13 13:02:38,643 [pool-589-thread-1] INFO  server.RaftServerConfigKeys (ConfUtils.java:logGet(43)) - raft.server.log.corruption.policy = EXCEPTION (default)
2019-11-13 13:02:38,644 [pool-589-thread-1] INFO  storage.RaftStorageDirectory (RaftStorageDirectory.java:analyzeStorage(246)) - The storage directory /workdir/hadoop-ozone/integration-test/target/test-dir/MiniOzoneClusterImpl-90e8aeb1-2975-47c6-9bba-faf27de7fb8c/datanode-8/data/ratis/774cbfc5-3fa0-4806-b3ef-5c23e6e2f303 does not exist. Creating ...
2019-11-13 13:02:38,676 [pool-589-thread-1] INFO  storage.RaftStorageDirectory (RaftStorageDirectory.java:tryLock(328)) - Lock on /workdir/hadoop-ozone/integration-test/target/test-dir/MiniOzoneClusterImpl-90e8aeb1-2975-47c6-9bba-faf27de7fb8c/datanode-8/data/ratis/774cbfc5-3fa0-4806-b3ef-5c23e6e2f303/in_use.lock acquired by nodename 10766@pr-hdds-2452-7vw7s-1330541530
2019-11-13 13:02:38,714 [pool-589-thread-1] INFO  storage.RaftStorage (RaftStorage.java:format(84)) - Storage directory /workdir/hadoop-ozone/integration-test/target/test-dir/MiniOzoneClusterImpl-90e8aeb1-2975-47c6-9bba-faf27de7fb8c/datanode-8/data/ratis/774cbfc5-3fa0-4806-b3ef-5c23e6e2f303 has been successfully formatted.
2019-11-13 13:02:38,714 [pool-589-thread-1] INFO  ratis.ContainerStateMachine (ContainerStateMachine.java:loadSnapshot(223)) - group-5C23E6E2F303: The snapshot info is null. Setting the last applied indexto:(t:0, i:~)
2019-11-13 13:02:38,714 [pool-589-thread-1] INFO  server.RaftServerConfigKeys (ConfUtils.java:logGet(43)) - raft.server.notification.no-leader.timeout = 120s (custom)
2019-11-13 13:02:38,714 [pool-589-thread-1] INFO  server.RaftServerConfigKeys (ConfUtils.java:logGet(43)) - raft.server.log.use.memory = false (default)
2019-11-13 13:02:38,714 [pool-589-thread-1] INFO  server.RaftServerConfigKeys (ConfUtils.java:logGet(43)) - raft.server.log.purge.gap = 1000000 (custom)
2019-11-13 13:02:38,715 [pool-589-thread-1] INFO  server.RaftServerConfigKeys (ConfUtils.java:logGet(43)) - raft.server.log.appender.buffer.byte-limit = 33554432 (custom)
2019-11-13 13:02:38,715 [pool-589-thread-1] INFO  server.RaftServerConfigKeys (ConfUtils.java:logGet(43)) - raft.server.log.segment.size.max = 1048576 (custom)
2019-11-13 13:02:38,715 [pool-589-thread-1] INFO  server.RaftServerConfigKeys (ConfUtils.java:logGet(43)) - raft.server.log.segment.cache.num.max = 2 (custom)
2019-11-13 13:02:38,715 [pool-589-thread-1] INFO  segmented.SegmentedRaftLogWorker (SegmentedRaftLogWorker.java:<init>(173)) - new a7629fe5-c619-4c28-bdfc-63292747e9b9@group-5C23E6E2F303-SegmentedRaftLogWorker for RaftStorage:Storage Directory /workdir/hadoop-ozone/integration-test/target/test-dir/MiniOzoneClusterImpl-90e8aeb1-2975-47c6-9bba-faf27de7fb8c/datanode-8/data/ratis/774cbfc5-3fa0-4806-b3ef-5c23e6e2f303
2019-11-13 13:02:38,715 [pool-589-thread-1] INFO  server.RaftServerConfigKeys (ConfUtils.java:logGet(43)) - raft.server.log.queue.byte-limit = 2147483647 (custom)
2019-11-13 13:02:38,715 [pool-589-thread-1] INFO  server.RaftServerConfigKeys (ConfUtils.java:logGet(43)) - raft.server.log.queue.element-limit = 1024 (custom)
2019-11-13 13:02:38,715 [pool-589-thread-1] INFO  server.RaftServerConfigKeys (ConfUtils.java:logGet(43)) - raft.server.log.segment.size.max = 1048576 (custom)
2019-11-13 13:02:38,716 [pool-589-thread-1] INFO  server.RaftServerConfigKeys (ConfUtils.java:logGet(43)) - raft.server.log.preallocated.size = 16384 (custom)
2019-11-13 13:02:38,716 [pool-589-thread-1] INFO  server.RaftServerConfigKeys (ConfUtils.java:logGet(43)) - raft.server.log.write.buffer.size = 33554432 (custom)
2019-11-13 13:02:38,716 [pool-589-thread-1] INFO  server.RaftServerConfigKeys (ConfUtils.java:logGet(43)) - raft.server.log.force.sync.num = 128 (default)
2019-11-13 13:02:38,716 [pool-589-thread-1] INFO  server.RaftServerConfigKeys (ConfUtils.java:logGet(43)) - raft.server.log.statemachine.data.sync = true (default)
2019-11-13 13:02:38,716 [pool-589-thread-1] INFO  server.RaftServerConfigKeys (ConfUtils.java:logGet(43)) - raft.server.log.statemachine.data.sync.timeout = 10s (default)
2019-11-13 13:02:38,716 [pool-589-thread-1] INFO  server.RaftServerConfigKeys (ConfUtils.java:logGet(43)) - raft.server.log.statemachine.data.sync.timeout.retry = -1 (default)
2019-11-13 13:02:38,716 [pool-589-thread-1] INFO  server.RaftServerConfigKeys (ConfUtils.java:logGet(43)) - raft.server.log.statemachine.data.caching.enabled = true (custom)
2019-11-13 13:02:38,717 [pool-589-thread-1] INFO  segmented.SegmentedRaftLogWorker (SegmentedRaftLogWorker.java:lambda$new$0(128)) - a7629fe5-c619-4c28-bdfc-63292747e9b9@group-5C23E6E2F303-SegmentedRaftLogWorker: flushIndex: setUnconditionally 0 -> -1
2019-11-13 13:02:38,717 [pool-589-thread-1] INFO  server.RaftServerConfigKeys (ConfUtils.java:logGet(43)) - raft.server.snapshot.auto.trigger.enabled = true (custom)
2019-11-13 13:02:38,717 [pool-589-thread-1] INFO  server.RaftServerConfigKeys (ConfUtils.java:logGet(43)) - raft.server.snapshot.auto.trigger.threshold = 10000 (custom)
2019-11-13 13:02:38,717 [pool-589-thread-1] INFO  server.RaftServerConfigKeys (ConfUtils.java:logGet(43)) - raft.server.snapshot.retention.file.num = 5 (custom)
2019-11-13 13:02:38,717 [pool-589-thread-1] INFO  server.RaftServerConfigKeys (ConfUtils.java:logGet(43)) - raft.server.retrycache.expirytime = 600000ms (custom)
2019-11-13 13:02:38,717 [pool-589-thread-1] WARN  impl.MetricRegistriesImpl (MetricRegistriesImpl.java:lambda$create$1(61)) - First MetricRegistry has been created without registering reporters. You may need to call MetricRegistries.global().addReportRegistration(...) before.
2019-11-13 13:02:38,718 [pool-589-thread-1] WARN  impl.MetricRegistriesImpl (MetricRegistriesImpl.java:lambda$create$1(61)) - First MetricRegistry has been created without registering reporters. You may need to call MetricRegistries.global().addReportRegistration(...) before.
2019-11-13 13:02:38,718 [pool-589-thread-1] INFO  impl.RaftServerImpl (RaftServerImpl.java:start(184)) - a7629fe5-c619-4c28-bdfc-63292747e9b9@group-5C23E6E2F303: start as a follower, conf=-1: [a7629fe5-c619-4c28-bdfc-63292747e9b9:192.168.157.200:36140], old=null
2019-11-13 13:02:38,718 [pool-589-thread-1] INFO  impl.RaftServerImpl (RaftServerImpl.java:setRole(173)) - a7629fe5-c619-4c28-bdfc-63292747e9b9@group-5C23E6E2F303: changes role from      null to FOLLOWER at term 0 for startAsFollower
2019-11-13 13:02:38,718 [pool-589-thread-1] INFO  impl.RoleInfo (RoleInfo.java:updateAndGet(143)) - a7629fe5-c619-4c28-bdfc-63292747e9b9: start FollowerState
2019-11-13 13:02:38,718 [pool-589-thread-1] INFO  util.JmxRegister (JmxRegister.java:tryRegister(44)) - Successfully registered JMX Bean with object name Ratis:service=RaftServer,group=group-5C23E6E2F303,id=a7629fe5-c619-4c28-bdfc-63292747e9b9
2019-11-13 13:02:38,719 [pool-589-thread-1] WARN  impl.MetricRegistriesImpl (MetricRegistriesImpl.java:lambda$create$1(61)) - First MetricRegistry has been created without registering reporters. You may need to call MetricRegistries.global().addReportRegistration(...) before.
2019-11-13 13:02:38,720 [RatisPipelineUtilsThread] INFO  pipeline.PipelineStateManager (PipelineStateManager.java:addPipeline(55)) - Created pipeline Pipeline[ Id: 774cbfc5-3fa0-4806-b3ef-5c23e6e2f303, Nodes: a7629fe5-c619-4c28-bdfc-63292747e9b9{ip: 192.168.157.200, host: pr-hdds-2452-7vw7s-1330541530, networkLocation: /rack1, certSerialId: null}, Type:RATIS, Factor:ONE, State:ALLOCATED]
2019-11-13 13:02:38,721 [Thread-3904] INFO  pipeline.PipelineStateManager (PipelineStateManager.java:finalizePipeline(121)) - Pipeline Pipeline[ Id: b0061687-c255-4535-a3f9-dda6e3dc98cf, Nodes: 7ba291c4-9ee0-417b-844f-44a16c4ba9e2{ip: 192.168.157.200, host: pr-hdds-2452-7vw7s-1330541530, networkLocation: /rack1, certSerialId: null}971d177f-fbc5-4c3a-b100-2607610d94ec{ip: 192.168.157.200, host: pr-hdds-2452-7vw7s-1330541530, networkLocation: /rack1, certSerialId: null}8ff9d20a-2236-45f0-8596-c8d53407e80c{ip: 192.168.157.200, host: pr-hdds-2452-7vw7s-1330541530, networkLocation: /rack1, certSerialId: null}, Type:RATIS, Factor:THREE, State:CLOSED] moved to CLOSED state
2019-11-13 13:02:38,721 [EventQueue-CloseContainerForCloseContainerEventHandler] INFO  container.CloseContainerEventHandler (CloseContainerEventHandler.java:onMessage(61)) - Close container Event triggered for container : #1
2019-11-13 13:02:38,723 [grpc-default-executor-2] INFO  impl.RaftServerProxy (RaftServerProxy.java:remove(95)) - 7ba291c4-9ee0-417b-844f-44a16c4ba9e2: remove  FOLLOWER 7ba291c4-9ee0-417b-844f-44a16c4ba9e2@group-DDA6E3DC98CF:t1, leader=8ff9d20a-2236-45f0-8596-c8d53407e80c, voted=8ff9d20a-2236-45f0-8596-c8d53407e80c, raftlog=7ba291c4-9ee0-417b-844f-44a16c4ba9e2@group-DDA6E3DC98CF-SegmentedRaftLog:OPENED:c0,f0,i2, conf=0: [8ff9d20a-2236-45f0-8596-c8d53407e80c:192.168.157.200:39500, 7ba291c4-9ee0-417b-844f-44a16c4ba9e2:192.168.157.200:33359, 971d177f-fbc5-4c3a-b100-2607610d94ec:192.168.157.200:33290], old=null RUNNING
2019-11-13 13:02:38,723 [grpc-default-executor-6] INFO  impl.RaftServerProxy (RaftServerProxy.java:addNew(89)) - 8ff9d20a-2236-45f0-8596-c8d53407e80c: addNew group-28BF1C14A3EE:[8ff9d20a-2236-45f0-8596-c8d53407e80c:192.168.157.200:39500, 7ba291c4-9ee0-417b-844f-44a16c4ba9e2:192.168.157.200:33359, 971d177f-fbc5-4c3a-b100-2607610d94ec:192.168.157.200:33290] returns group-28BF1C14A3EE:java.util.concurrent.CompletableFuture@15913262[Not completed]
2019-11-13 13:02:38,724 [grpc-default-executor-11] INFO  impl.RaftServerProxy (RaftServerProxy.java:addNew(89)) - 7ba291c4-9ee0-417b-844f-44a16c4ba9e2: addNew group-28BF1C14A3EE:[8ff9d20a-2236-45f0-8596-c8d53407e80c:192.168.157.200:39500, 7ba291c4-9ee0-417b-844f-44a16c4ba9e2:192.168.157.200:33359, 971d177f-fbc5-4c3a-b100-2607610d94ec:192.168.157.200:33290] returns group-28BF1C14A3EE:java.util.concurrent.CompletableFuture@7781652b[Not completed]
2019-11-13 13:02:38,724 [grpc-default-executor-2] INFO  impl.RaftServerImpl (RaftServerImpl.java:lambda$shutdown$3(250)) - 7ba291c4-9ee0-417b-844f-44a16c4ba9e2@group-DDA6E3DC98CF: shutdown
2019-11-13 13:02:38,723 [grpc-default-executor-5] INFO  impl.RaftServerProxy (RaftServerProxy.java:addNew(89)) - 971d177f-fbc5-4c3a-b100-2607610d94ec: addNew group-28BF1C14A3EE:[8ff9d20a-2236-45f0-8596-c8d53407e80c:192.168.157.200:39500, 7ba291c4-9ee0-417b-844f-44a16c4ba9e2:192.168.157.200:33359, 971d177f-fbc5-4c3a-b100-2607610d94ec:192.168.157.200:33290] returns group-28BF1C14A3EE:java.util.concurrent.CompletableFuture@534a6e49[Not completed]
2019-11-13 13:02:38,724 [grpc-default-executor-2] INFO  util.JmxRegister (JmxRegister.java:unregister(73)) - Successfully un-registered JMX Bean with object name Ratis:service=RaftServer,group=group-DDA6E3DC98CF,id=7ba291c4-9ee0-417b-844f-44a16c4ba9e2
2019-11-13 13:02:38,724 [grpc-default-executor-2] INFO  impl.RoleInfo (RoleInfo.java:shutdownFollowerState(121)) - 7ba291c4-9ee0-417b-844f-44a16c4ba9e2: shutdown FollowerState
2019-11-13 13:02:38,725 [grpc-default-executor-2] INFO  impl.StateMachineUpdater (StateMachineUpdater.java:stopAndJoin(136)) - 7ba291c4-9ee0-417b-844f-44a16c4ba9e2@group-DDA6E3DC98CF-StateMachineUpdater: set stopIndex = 0
2019-11-13 13:02:38,725 [Thread-4009] INFO  impl.FollowerState (FollowerState.java:run(120)) - 7ba291c4-9ee0-417b-844f-44a16c4ba9e2@group-DDA6E3DC98CF-FollowerState was interrupted: java.lang.InterruptedException: sleep interrupted
2019-11-13 13:02:38,725 [grpc-default-executor-2] INFO  impl.RaftServerImpl (ServerState.java:close(387)) - 7ba291c4-9ee0-417b-844f-44a16c4ba9e2@group-DDA6E3DC98CF: closes. applyIndex: 0
2019-11-13 13:02:38,725 [pool-569-thread-1] INFO  impl.RaftServerImpl (RaftServerImpl.java:<init>(98)) - 971d177f-fbc5-4c3a-b100-2607610d94ec: new RaftServerImpl for group-28BF1C14A3EE:[8ff9d20a-2236-45f0-8596-c8d53407e80c:192.168.157.200:39500, 7ba291c4-9ee0-417b-844f-44a16c4ba9e2:192.168.157.200:33359, 971d177f-fbc5-4c3a-b100-2607610d94ec:192.168.157.200:33290] with ContainerStateMachine:uninitialized
2019-11-13 13:02:38,725 [pool-569-thread-1] INFO  server.RaftServerConfigKeys (ConfUtils.java:logGet(43)) - raft.server.rpc.timeout.min = 1s (custom)
2019-11-13 13:02:38,725 [pool-569-thread-1] INFO  server.RaftServerConfigKeys (ConfUtils.java:logGet(43)) - raft.server.rpc.timeout.max = 1200ms (custom)
2019-11-13 13:02:38,725 [pool-569-thread-1] INFO  server.RaftServerConfigKeys (ConfUtils.java:logGet(43)) - raft.server.rpcslowness.timeout = 120s (custom)
2019-11-13 13:02:38,725 [pool-569-thread-1] INFO  server.RaftServerConfigKeys (ConfUtils.java:logGet(43)) - raft.server.sleep.deviation.threshold = 300 (default)
2019-11-13 13:02:38,725 [pool-569-thread-1] INFO  server.RaftServerConfigKeys (ConfUtils.java:logGet(43)) - raft.server.log.appender.install.snapshot.enabled = false (custom)
2019-11-13 13:02:38,726 [pool-559-thread-1] INFO  impl.RaftServerImpl (RaftServerImpl.java:<init>(98)) - 7ba291c4-9ee0-417b-844f-44a16c4ba9e2: new RaftServerImpl for group-28BF1C14A3EE:[8ff9d20a-2236-45f0-8596-c8d53407e80c:192.168.157.200:39500, 7ba291c4-9ee0-417b-844f-44a16c4ba9e2:192.168.157.200:33359, 971d177f-fbc5-4c3a-b100-2607610d94ec:192.168.157.200:33290] with ContainerStateMachine:uninitialized
2019-11-13 13:02:38,726 [pool-569-thread-1] INFO  impl.RaftServerImpl (ServerState.java:<init>(103)) - 971d177f-fbc5-4c3a-b100-2607610d94ec@group-28BF1C14A3EE: ConfigurationManager, init=-1: [8ff9d20a-2236-45f0-8596-c8d53407e80c:192.168.157.200:39500, 7ba291c4-9ee0-417b-844f-44a16c4ba9e2:192.168.157.200:33359, 971d177f-fbc5-4c3a-b100-2607610d94ec:192.168.157.200:33290], old=null, confs=<EMPTY_MAP>
2019-11-13 13:02:38,726 [pool-559-thread-1] INFO  server.RaftServerConfigKeys (ConfUtils.java:logGet(43)) - raft.server.rpc.timeout.min = 1s (custom)
2019-11-13 13:02:38,726 [pool-569-thread-1] INFO  server.RaftServerConfigKeys (ConfUtils.java:logGet(43)) - raft.server.storage.dir = [/workdir/hadoop-ozone/integration-test/target/test-dir/MiniOzoneClusterImpl-90e8aeb1-2975-47c6-9bba-faf27de7fb8c/datanode-6/data/ratis] (custom)
2019-11-13 13:02:38,726 [pool-529-thread-1] INFO  impl.RaftServerImpl (RaftServerImpl.java:<init>(98)) - 8ff9d20a-2236-45f0-8596-c8d53407e80c: new RaftServerImpl for group-28BF1C14A3EE:[8ff9d20a-2236-45f0-8596-c8d53407e80c:192.168.157.200:39500, 7ba291c4-9ee0-417b-844f-44a16c4ba9e2:192.168.157.200:33359, 971d177f-fbc5-4c3a-b100-2607610d94ec:192.168.157.200:33290] with ContainerStateMachine:uninitialized
2019-11-13 13:02:38,726 [pool-559-thread-1] INFO  server.RaftServerConfigKeys (ConfUtils.java:logGet(43)) - raft.server.rpc.timeout.max = 1200ms (custom)
2019-11-13 13:02:38,726 [pool-529-thread-1] INFO  server.RaftServerConfigKeys (ConfUtils.java:logGet(43)) - raft.server.rpc.timeout.min = 1s (custom)
2019-11-13 13:02:38,726 [pool-569-thread-1] INFO  server.RaftServerConfigKeys (ConfUtils.java:logGet(43)) - raft.server.log.corruption.policy = EXCEPTION (default)
2019-11-13 13:02:38,726 [pool-559-thread-1] INFO  server.RaftServerConfigKeys (ConfUtils.java:logGet(43)) - raft.server.rpcslowness.timeout = 120s (custom)
2019-11-13 13:02:38,726 [pool-529-thread-1] INFO  server.RaftServerConfigKeys (ConfUtils.java:logGet(43)) - raft.server.rpc.timeout.max = 1200ms (custom)
2019-11-13 13:02:38,726 [pool-569-thread-1] INFO  storage.RaftStorageDirectory (RaftStorageDirectory.java:analyzeStorage(246)) - The storage directory /workdir/hadoop-ozone/integration-test/target/test-dir/MiniOzoneClusterImpl-90e8aeb1-2975-47c6-9bba-faf27de7fb8c/datanode-6/data/ratis/f3d25486-66df-42b8-9f28-28bf1c14a3ee does not exist. Creating ...
2019-11-13 13:02:38,726 [pool-559-thread-1] INFO  server.RaftServerConfigKeys (ConfUtils.java:logGet(43)) - raft.server.sleep.deviation.threshold = 300 (default)
2019-11-13 13:02:38,726 [pool-529-thread-1] INFO  server.RaftServerConfigKeys (ConfUtils.java:logGet(43)) - raft.server.rpcslowness.timeout = 120s (custom)
2019-11-13 13:02:38,727 [pool-559-thread-1] INFO  server.RaftServerConfigKeys (ConfUtils.java:logGet(43)) - raft.server.log.appender.install.snapshot.enabled = false (custom)
2019-11-13 13:02:38,727 [pool-529-thread-1] INFO  server.RaftServerConfigKeys (ConfUtils.java:logGet(43)) - raft.server.sleep.deviation.threshold = 300 (default)
2019-11-13 13:02:38,727 [pool-559-thread-1] INFO  impl.RaftServerImpl (ServerState.java:<init>(103)) - 7ba291c4-9ee0-417b-844f-44a16c4ba9e2@group-28BF1C14A3EE: ConfigurationManager, init=-1: [8ff9d20a-2236-45f0-8596-c8d53407e80c:192.168.157.200:39500, 7ba291c4-9ee0-417b-844f-44a16c4ba9e2:192.168.157.200:33359, 971d177f-fbc5-4c3a-b100-2607610d94ec:192.168.157.200:33290], old=null, confs=<EMPTY_MAP>
2019-11-13 13:02:38,727 [pool-529-thread-1] INFO  server.RaftServerConfigKeys (ConfUtils.java:logGet(43)) - raft.server.log.appender.install.snapshot.enabled = false (custom)
2019-11-13 13:02:38,728 [pool-559-thread-1] INFO  server.RaftServerConfigKeys (ConfUtils.java:logGet(43)) - raft.server.storage.dir = [/workdir/hadoop-ozone/integration-test/target/test-dir/MiniOzoneClusterImpl-90e8aeb1-2975-47c6-9bba-faf27de7fb8c/datanode-5/data/ratis] (custom)
2019-11-13 13:02:38,728 [pool-529-thread-1] INFO  impl.RaftServerImpl (ServerState.java:<init>(103)) - 8ff9d20a-2236-45f0-8596-c8d53407e80c@group-28BF1C14A3EE: ConfigurationManager, init=-1: [8ff9d20a-2236-45f0-8596-c8d53407e80c:192.168.157.200:39500, 7ba291c4-9ee0-417b-844f-44a16c4ba9e2:192.168.157.200:33359, 971d177f-fbc5-4c3a-b100-2607610d94ec:192.168.157.200:33290], old=null, confs=<EMPTY_MAP>
2019-11-13 13:02:38,728 [pool-529-thread-1] INFO  server.RaftServerConfigKeys (ConfUtils.java:logGet(43)) - raft.server.storage.dir = [/workdir/hadoop-ozone/integration-test/target/test-dir/MiniOzoneClusterImpl-90e8aeb1-2975-47c6-9bba-faf27de7fb8c/datanode-2/data/ratis] (custom)
2019-11-13 13:02:38,728 [pool-559-thread-1] INFO  server.RaftServerConfigKeys (ConfUtils.java:logGet(43)) - raft.server.log.corruption.policy = EXCEPTION (default)
2019-11-13 13:02:38,728 [pool-529-thread-1] INFO  server.RaftServerConfigKeys (ConfUtils.java:logGet(43)) - raft.server.log.corruption.policy = EXCEPTION (default)
2019-11-13 13:02:38,728 [pool-559-thread-1] INFO  storage.RaftStorageDirectory (RaftStorageDirectory.java:analyzeStorage(246)) - The storage directory /workdir/hadoop-ozone/integration-test/target/test-dir/MiniOzoneClusterImpl-90e8aeb1-2975-47c6-9bba-faf27de7fb8c/datanode-5/data/ratis/f3d25486-66df-42b8-9f28-28bf1c14a3ee does not exist. Creating ...
2019-11-13 13:02:38,728 [pool-529-thread-1] INFO  storage.RaftStorageDirectory (RaftStorageDirectory.java:analyzeStorage(246)) - The storage directory /workdir/hadoop-ozone/integration-test/target/test-dir/MiniOzoneClusterImpl-90e8aeb1-2975-47c6-9bba-faf27de7fb8c/datanode-2/data/ratis/f3d25486-66df-42b8-9f28-28bf1c14a3ee does not exist. Creating ...
2019-11-13 13:02:38,743 [7ba291c4-9ee0-417b-844f-44a16c4ba9e2@group-DDA6E3DC98CF-SegmentedRaftLogWorker] ERROR ratis.XceiverServerRatis (XceiverServerRatis.java:triggerPipelineClose(584)) - pipeline Action CLOSE  on pipeline PipelineID=b0061687-c255-4535-a3f9-dda6e3dc98cf.Reason : WriteLog:1: (t:1, i:1), STATEMACHINELOGENTRY, client-8B2FA0F6926B, cid=241-writeStateMachineData interrupted.
2019-11-13 13:02:38,745 [grpc-default-executor-2] INFO  segmented.SegmentedRaftLogWorker (SegmentedRaftLogWorker.java:close(224)) - 7ba291c4-9ee0-417b-844f-44a16c4ba9e2@group-DDA6E3DC98CF-SegmentedRaftLogWorker close()
2019-11-13 13:02:38,751 [grpc-default-executor-2] INFO  impl.RaftServerProxy (RaftServerProxy.java:remove(95)) - 971d177f-fbc5-4c3a-b100-2607610d94ec: remove  FOLLOWER 971d177f-fbc5-4c3a-b100-2607610d94ec@group-DDA6E3DC98CF:t1, leader=8ff9d20a-2236-45f0-8596-c8d53407e80c, voted=8ff9d20a-2236-45f0-8596-c8d53407e80c, raftlog=971d177f-fbc5-4c3a-b100-2607610d94ec@group-DDA6E3DC98CF-SegmentedRaftLog:OPENED:c0,f0,i2, conf=0: [8ff9d20a-2236-45f0-8596-c8d53407e80c:192.168.157.200:39500, 7ba291c4-9ee0-417b-844f-44a16c4ba9e2:192.168.157.200:33359, 971d177f-fbc5-4c3a-b100-2607610d94ec:192.168.157.200:33290], old=null RUNNING
2019-11-13 13:02:38,751 [grpc-default-executor-2] INFO  impl.RaftServerImpl (RaftServerImpl.java:lambda$shutdown$3(250)) - 971d177f-fbc5-4c3a-b100-2607610d94ec@group-DDA6E3DC98CF: shutdown
2019-11-13 13:02:38,752 [grpc-default-executor-2] INFO  util.JmxRegister (JmxRegister.java:unregister(73)) - Successfully un-registered JMX Bean with object name Ratis:service=RaftServer,group=group-DDA6E3DC98CF,id=971d177f-fbc5-4c3a-b100-2607610d94ec
2019-11-13 13:02:38,752 [grpc-default-executor-2] INFO  impl.RoleInfo (RoleInfo.java:shutdownFollowerState(121)) - 971d177f-fbc5-4c3a-b100-2607610d94ec: shutdown FollowerState
2019-11-13 13:02:38,752 [grpc-default-executor-2] INFO  impl.StateMachineUpdater (StateMachineUpdater.java:stopAndJoin(136)) - 971d177f-fbc5-4c3a-b100-2607610d94ec@group-DDA6E3DC98CF-StateMachineUpdater: set stopIndex = 0
2019-11-13 13:02:38,752 [Thread-4010] INFO  impl.FollowerState (FollowerState.java:run(120)) - 971d177f-fbc5-4c3a-b100-2607610d94ec@group-DDA6E3DC98CF-FollowerState was interrupted: java.lang.InterruptedException: sleep interrupted
2019-11-13 13:02:38,752 [grpc-default-executor-2] INFO  impl.RaftServerImpl (ServerState.java:close(387)) - 971d177f-fbc5-4c3a-b100-2607610d94ec@group-DDA6E3DC98CF: closes. applyIndex: 0
2019-11-13 13:02:38,755 [971d177f-fbc5-4c3a-b100-2607610d94ec@group-DDA6E3DC98CF-SegmentedRaftLogWorker] ERROR ratis.XceiverServerRatis (XceiverServerRatis.java:triggerPipelineClose(584)) - pipeline Action CLOSE  on pipeline PipelineID=b0061687-c255-4535-a3f9-dda6e3dc98cf.Reason : WriteLog:1: (t:1, i:1), STATEMACHINELOGENTRY, client-8B2FA0F6926B, cid=241-writeStateMachineData interrupted.
2019-11-13 13:02:38,758 [grpc-default-executor-2] INFO  segmented.SegmentedRaftLogWorker (SegmentedRaftLogWorker.java:close(224)) - 971d177f-fbc5-4c3a-b100-2607610d94ec@group-DDA6E3DC98CF-SegmentedRaftLogWorker close()
2019-11-13 13:02:38,762 [grpc-default-executor-2] INFO  impl.RaftServerProxy (RaftServerProxy.java:remove(95)) - 8ff9d20a-2236-45f0-8596-c8d53407e80c: remove    LEADER 8ff9d20a-2236-45f0-8596-c8d53407e80c@group-DDA6E3DC98CF:t1, leader=8ff9d20a-2236-45f0-8596-c8d53407e80c, voted=8ff9d20a-2236-45f0-8596-c8d53407e80c, raftlog=8ff9d20a-2236-45f0-8596-c8d53407e80c@group-DDA6E3DC98CF-SegmentedRaftLog:OPENED:c0,f0,i2, conf=0: [8ff9d20a-2236-45f0-8596-c8d53407e80c:192.168.157.200:39500, 7ba291c4-9ee0-417b-844f-44a16c4ba9e2:192.168.157.200:33359, 971d177f-fbc5-4c3a-b100-2607610d94ec:192.168.157.200:33290], old=null RUNNING
2019-11-13 13:02:38,763 [grpc-default-executor-2] INFO  impl.RaftServerImpl (RaftServerImpl.java:lambda$shutdown$3(250)) - 8ff9d20a-2236-45f0-8596-c8d53407e80c@group-DDA6E3DC98CF: shutdown
2019-11-13 13:02:38,763 [grpc-default-executor-2] INFO  util.JmxRegister (JmxRegister.java:unregister(73)) - Successfully un-registered JMX Bean with object name Ratis:service=RaftServer,group=group-DDA6E3DC98CF,id=8ff9d20a-2236-45f0-8596-c8d53407e80c
2019-11-13 13:02:38,763 [grpc-default-executor-2] INFO  impl.RoleInfo (RoleInfo.java:shutdownLeaderState(104)) - 8ff9d20a-2236-45f0-8596-c8d53407e80c: shutdown LeaderState
2019-11-13 13:02:38,765 [grpc-default-executor-2] INFO  impl.PendingRequests (PendingRequests.java:sendNotLeaderResponses(206)) - 8ff9d20a-2236-45f0-8596-c8d53407e80c@group-DDA6E3DC98CF-PendingRequests: sendNotLeaderResponses
2019-11-13 13:02:38,765 [org.apache.ratis.server.impl.LogAppender$AppenderDaemon$$Lambda$482/251411839@39d909e6] WARN  server.GrpcLogAppender (GrpcLogAppender.java:mayWait(151)) - 8ff9d20a-2236-45f0-8596-c8d53407e80c@group-DDA6E3DC98CF->971d177f-fbc5-4c3a-b100-2607610d94ec-GrpcLogAppender: Wait interrupted by java.lang.InterruptedException
2019-11-13 13:02:38,766 [org.apache.ratis.server.impl.LogAppender$AppenderDaemon$$Lambda$482/251411839@7cdb8819] WARN  server.GrpcLogAppender (GrpcLogAppender.java:mayWait(151)) - 8ff9d20a-2236-45f0-8596-c8d53407e80c@group-DDA6E3DC98CF->7ba291c4-9ee0-417b-844f-44a16c4ba9e2-GrpcLogAppender: Wait interrupted by java.lang.InterruptedException
2019-11-13 13:02:38,768 [grpc-default-executor-2] INFO  impl.StateMachineUpdater (StateMachineUpdater.java:stopAndJoin(136)) - 8ff9d20a-2236-45f0-8596-c8d53407e80c@group-DDA6E3DC98CF-StateMachineUpdater: set stopIndex = 0
2019-11-13 13:02:38,769 [grpc-default-executor-5] INFO  server.GrpcServerProtocolService (GrpcServerProtocolService.java:onCompleted(113)) - 971d177f-fbc5-4c3a-b100-2607610d94ec: Completed APPEND_ENTRIES, lastRequest: 8ff9d20a-2236-45f0-8596-c8d53407e80c->971d177f-fbc5-4c3a-b100-2607610d94ec#30-t1, previous=(t:1, i:1), leaderCommit=0, initializing? false, entries: size=1, first=(t:1, i:2), STATEMACHINELOGENTRY, client-8B2FA0F6926B, cid=242
2019-11-13 13:02:38,769 [grpc-default-executor-2] INFO  impl.RaftServerImpl (ServerState.java:close(387)) - 8ff9d20a-2236-45f0-8596-c8d53407e80c@group-DDA6E3DC98CF: closes. applyIndex: 0
2019-11-13 13:02:38,769 [grpc-default-executor-11] INFO  server.GrpcServerProtocolService (GrpcServerProtocolService.java:onCompleted(113)) - 7ba291c4-9ee0-417b-844f-44a16c4ba9e2: Completed APPEND_ENTRIES, lastRequest: 8ff9d20a-2236-45f0-8596-c8d53407e80c->7ba291c4-9ee0-417b-844f-44a16c4ba9e2#30-t1, previous=(t:1, i:1), leaderCommit=0, initializing? false, entries: size=1, first=(t:1, i:2), STATEMACHINELOGENTRY, client-8B2FA0F6926B, cid=242
2019-11-13 13:02:38,769 [grpc-default-executor-5] INFO  server.GrpcLogAppender (GrpcLogAppender.java:onCompleted(308)) - 8ff9d20a-2236-45f0-8596-c8d53407e80c@group-DDA6E3DC98CF->971d177f-fbc5-4c3a-b100-2607610d94ec-AppendLogResponseHandler: follower responses appendEntries COMPLETED
2019-11-13 13:02:38,771 [8ff9d20a-2236-45f0-8596-c8d53407e80c@group-DDA6E3DC98CF-SegmentedRaftLogWorker] ERROR ratis.XceiverServerRatis (XceiverServerRatis.java:triggerPipelineClose(584)) - pipeline Action CLOSE  on pipeline PipelineID=b0061687-c255-4535-a3f9-dda6e3dc98cf.Reason : WriteLog:1: (t:1, i:1), STATEMACHINELOGENTRY, client-8B2FA0F6926B, cid=241-writeStateMachineData interrupted.
2019-11-13 13:02:38,771 [grpc-default-executor-11] INFO  server.GrpcLogAppender (GrpcLogAppender.java:onCompleted(308)) - 8ff9d20a-2236-45f0-8596-c8d53407e80c@group-DDA6E3DC98CF->7ba291c4-9ee0-417b-844f-44a16c4ba9e2-AppendLogResponseHandler: follower responses appendEntries COMPLETED
2019-11-13 13:02:38,771 [grpc-default-executor-5] INFO  impl.FollowerInfo (FollowerInfo.java:lambda$new$0(51)) - 8ff9d20a-2236-45f0-8596-c8d53407e80c@group-DDA6E3DC98CF->971d177f-fbc5-4c3a-b100-2607610d94ec: nextIndex: updateUnconditionally 3 -> 1
2019-11-13 13:02:38,773 [grpc-default-executor-11] INFO  impl.FollowerInfo (FollowerInfo.java:lambda$new$0(51)) - 8ff9d20a-2236-45f0-8596-c8d53407e80c@group-DDA6E3DC98CF->7ba291c4-9ee0-417b-844f-44a16c4ba9e2: nextIndex: updateUnconditionally 3 -> 1
2019-11-13 13:02:38,774 [grpc-default-executor-2] INFO  segmented.SegmentedRaftLogWorker (SegmentedRaftLogWorker.java:close(224)) - 8ff9d20a-2236-45f0-8596-c8d53407e80c@group-DDA6E3DC98CF-SegmentedRaftLogWorker close()
2019-11-13 13:02:38,799 [pool-569-thread-1] INFO  storage.RaftStorageDirectory (RaftStorageDirectory.java:tryLock(328)) - Lock on /workdir/hadoop-ozone/integration-test/target/test-dir/MiniOzoneClusterImpl-90e8aeb1-2975-47c6-9bba-faf27de7fb8c/datanode-6/data/ratis/f3d25486-66df-42b8-9f28-28bf1c14a3ee/in_use.lock acquired by nodename 10766@pr-hdds-2452-7vw7s-1330541530
2019-11-13 13:02:38,799 [pool-559-thread-1] INFO  storage.RaftStorageDirectory (RaftStorageDirectory.java:tryLock(328)) - Lock on /workdir/hadoop-ozone/integration-test/target/test-dir/MiniOzoneClusterImpl-90e8aeb1-2975-47c6-9bba-faf27de7fb8c/datanode-5/data/ratis/f3d25486-66df-42b8-9f28-28bf1c14a3ee/in_use.lock acquired by nodename 10766@pr-hdds-2452-7vw7s-1330541530
2019-11-13 13:02:38,799 [pool-529-thread-1] INFO  storage.RaftStorageDirectory (RaftStorageDirectory.java:tryLock(328)) - Lock on /workdir/hadoop-ozone/integration-test/target/test-dir/MiniOzoneClusterImpl-90e8aeb1-2975-47c6-9bba-faf27de7fb8c/datanode-2/data/ratis/f3d25486-66df-42b8-9f28-28bf1c14a3ee/in_use.lock acquired by nodename 10766@pr-hdds-2452-7vw7s-1330541530
2019-11-13 13:02:38,918 [pool-569-thread-1] INFO  storage.RaftStorage (RaftStorage.java:format(84)) - Storage directory /workdir/hadoop-ozone/integration-test/target/test-dir/MiniOzoneClusterImpl-90e8aeb1-2975-47c6-9bba-faf27de7fb8c/datanode-6/data/ratis/f3d25486-66df-42b8-9f28-28bf1c14a3ee has been successfully formatted.
2019-11-13 13:02:38,918 [pool-559-thread-1] INFO  storage.RaftStorage (RaftStorage.java:format(84)) - Storage directory /workdir/hadoop-ozone/integration-test/target/test-dir/MiniOzoneClusterImpl-90e8aeb1-2975-47c6-9bba-faf27de7fb8c/datanode-5/data/ratis/f3d25486-66df-42b8-9f28-28bf1c14a3ee has been successfully formatted.
2019-11-13 13:02:38,918 [pool-529-thread-1] INFO  storage.RaftStorage (RaftStorage.java:format(84)) - Storage directory /workdir/hadoop-ozone/integration-test/target/test-dir/MiniOzoneClusterImpl-90e8aeb1-2975-47c6-9bba-faf27de7fb8c/datanode-2/data/ratis/f3d25486-66df-42b8-9f28-28bf1c14a3ee has been successfully formatted.
2019-11-13 13:02:38,918 [pool-569-thread-1] INFO  ratis.ContainerStateMachine (ContainerStateMachine.java:loadSnapshot(223)) - group-28BF1C14A3EE: The snapshot info is null. Setting the last applied indexto:(t:0, i:~)
2019-11-13 13:02:38,919 [pool-529-thread-1] INFO  ratis.ContainerStateMachine (ContainerStateMachine.java:loadSnapshot(223)) - group-28BF1C14A3EE: The snapshot info is null. Setting the last applied indexto:(t:0, i:~)
2019-11-13 13:02:38,919 [pool-559-thread-1] INFO  ratis.ContainerStateMachine (ContainerStateMachine.java:loadSnapshot(223)) - group-28BF1C14A3EE: The snapshot info is null. Setting the last applied indexto:(t:0, i:~)
2019-11-13 13:02:38,919 [pool-529-thread-1] INFO  server.RaftServerConfigKeys (ConfUtils.java:logGet(43)) - raft.server.notification.no-leader.timeout = 120s (custom)
2019-11-13 13:02:38,919 [pool-569-thread-1] INFO  server.RaftServerConfigKeys (ConfUtils.java:logGet(43)) - raft.server.notification.no-leader.timeout = 120s (custom)
2019-11-13 13:02:38,919 [pool-529-thread-1] INFO  server.RaftServerConfigKeys (ConfUtils.java:logGet(43)) - raft.server.log.use.memory = false (default)
2019-11-13 13:02:38,919 [pool-559-thread-1] INFO  server.RaftServerConfigKeys (ConfUtils.java:logGet(43)) - raft.server.notification.no-leader.timeout = 120s (custom)
2019-11-13 13:02:38,919 [pool-529-thread-1] INFO  server.RaftServerConfigKeys (ConfUtils.java:logGet(43)) - raft.server.log.purge.gap = 1000000 (custom)
2019-11-13 13:02:38,919 [pool-569-thread-1] INFO  server.RaftServerConfigKeys (ConfUtils.java:logGet(43)) - raft.server.log.use.memory = false (default)
2019-11-13 13:02:38,920 [pool-529-thread-1] INFO  server.RaftServerConfigKeys (ConfUtils.java:logGet(43)) - raft.server.log.appender.buffer.byte-limit = 33554432 (custom)
2019-11-13 13:02:38,920 [pool-559-thread-1] INFO  server.RaftServerConfigKeys (ConfUtils.java:logGet(43)) - raft.server.log.use.memory = false (default)
2019-11-13 13:02:38,920 [pool-529-thread-1] INFO  server.RaftServerConfigKeys (ConfUtils.java:logGet(43)) - raft.server.log.segment.size.max = 1048576 (custom)
2019-11-13 13:02:38,920 [pool-569-thread-1] INFO  server.RaftServerConfigKeys (ConfUtils.java:logGet(43)) - raft.server.log.purge.gap = 1000000 (custom)
2019-11-13 13:02:38,920 [pool-529-thread-1] INFO  server.RaftServerConfigKeys (ConfUtils.java:logGet(43)) - raft.server.log.segment.cache.num.max = 2 (custom)
2019-11-13 13:02:38,920 [pool-559-thread-1] INFO  server.RaftServerConfigKeys (ConfUtils.java:logGet(43)) - raft.server.log.purge.gap = 1000000 (custom)
2019-11-13 13:02:38,920 [pool-529-thread-1] INFO  segmented.SegmentedRaftLogWorker (SegmentedRaftLogWorker.java:<init>(173)) - new 8ff9d20a-2236-45f0-8596-c8d53407e80c@group-28BF1C14A3EE-SegmentedRaftLogWorker for RaftStorage:Storage Directory /workdir/hadoop-ozone/integration-test/target/test-dir/MiniOzoneClusterImpl-90e8aeb1-2975-47c6-9bba-faf27de7fb8c/datanode-2/data/ratis/f3d25486-66df-42b8-9f28-28bf1c14a3ee
2019-11-13 13:02:38,920 [pool-569-thread-1] INFO  server.RaftServerConfigKeys (ConfUtils.java:logGet(43)) - raft.server.log.appender.buffer.byte-limit = 33554432 (custom)
2019-11-13 13:02:38,921 [pool-529-thread-1] INFO  server.RaftServerConfigKeys (ConfUtils.java:logGet(43)) - raft.server.log.queue.byte-limit = 2147483647 (custom)
2019-11-13 13:02:38,920 [pool-559-thread-1] INFO  server.RaftServerConfigKeys (ConfUtils.java:logGet(43)) - raft.server.log.appender.buffer.byte-limit = 33554432 (custom)
2019-11-13 13:02:38,921 [pool-529-thread-1] INFO  server.RaftServerConfigKeys (ConfUtils.java:logGet(43)) - raft.server.log.queue.element-limit = 1024 (custom)
2019-11-13 13:02:38,921 [pool-569-thread-1] INFO  server.RaftServerConfigKeys (ConfUtils.java:logGet(43)) - raft.server.log.segment.size.max = 1048576 (custom)
2019-11-13 13:02:38,921 [pool-529-thread-1] INFO  server.RaftServerConfigKeys (ConfUtils.java:logGet(43)) - raft.server.log.segment.size.max = 1048576 (custom)
2019-11-13 13:02:38,921 [pool-559-thread-1] INFO  server.RaftServerConfigKeys (ConfUtils.java:logGet(43)) - raft.server.log.segment.size.max = 1048576 (custom)
2019-11-13 13:02:38,921 [pool-529-thread-1] INFO  server.RaftServerConfigKeys (ConfUtils.java:logGet(43)) - raft.server.log.preallocated.size = 16384 (custom)
2019-11-13 13:02:38,921 [pool-569-thread-1] INFO  server.RaftServerConfigKeys (ConfUtils.java:logGet(43)) - raft.server.log.segment.cache.num.max = 2 (custom)
2019-11-13 13:02:38,922 [pool-529-thread-1] INFO  server.RaftServerConfigKeys (ConfUtils.java:logGet(43)) - raft.server.log.write.buffer.size = 33554432 (custom)
2019-11-13 13:02:38,921 [pool-559-thread-1] INFO  server.RaftServerConfigKeys (ConfUtils.java:logGet(43)) - raft.server.log.segment.cache.num.max = 2 (custom)
2019-11-13 13:02:38,922 [pool-529-thread-1] INFO  server.RaftServerConfigKeys (ConfUtils.java:logGet(43)) - raft.server.log.force.sync.num = 128 (default)
2019-11-13 13:02:38,922 [pool-569-thread-1] INFO  segmented.SegmentedRaftLogWorker (SegmentedRaftLogWorker.java:<init>(173)) - new 971d177f-fbc5-4c3a-b100-2607610d94ec@group-28BF1C14A3EE-SegmentedRaftLogWorker for RaftStorage:Storage Directory /workdir/hadoop-ozone/integration-test/target/test-dir/MiniOzoneClusterImpl-90e8aeb1-2975-47c6-9bba-faf27de7fb8c/datanode-6/data/ratis/f3d25486-66df-42b8-9f28-28bf1c14a3ee
2019-11-13 13:02:38,922 [pool-529-thread-1] INFO  server.RaftServerConfigKeys (ConfUtils.java:logGet(43)) - raft.server.log.statemachine.data.sync = true (default)
2019-11-13 13:02:38,922 [pool-559-thread-1] INFO  segmented.SegmentedRaftLogWorker (SegmentedRaftLogWorker.java:<init>(173)) - new 7ba291c4-9ee0-417b-844f-44a16c4ba9e2@group-28BF1C14A3EE-SegmentedRaftLogWorker for RaftStorage:Storage Directory /workdir/hadoop-ozone/integration-test/target/test-dir/MiniOzoneClusterImpl-90e8aeb1-2975-47c6-9bba-faf27de7fb8c/datanode-5/data/ratis/f3d25486-66df-42b8-9f28-28bf1c14a3ee
2019-11-13 13:02:38,922 [pool-529-thread-1] INFO  server.RaftServerConfigKeys (ConfUtils.java:logGet(43)) - raft.server.log.statemachine.data.sync.timeout = 10s (default)
2019-11-13 13:02:38,922 [pool-569-thread-1] INFO  server.RaftServerConfigKeys (ConfUtils.java:logGet(43)) - raft.server.log.queue.byte-limit = 2147483647 (custom)
2019-11-13 13:02:38,923 [pool-569-thread-1] INFO  server.RaftServerConfigKeys (ConfUtils.java:logGet(43)) - raft.server.log.queue.element-limit = 1024 (custom)
2019-11-13 13:02:38,923 [pool-529-thread-1] INFO  server.RaftServerConfigKeys (ConfUtils.java:logGet(43)) - raft.server.log.statemachine.data.sync.timeout.retry = -1 (default)
2019-11-13 13:02:38,922 [pool-559-thread-1] INFO  server.RaftServerConfigKeys (ConfUtils.java:logGet(43)) - raft.server.log.queue.byte-limit = 2147483647 (custom)
2019-11-13 13:02:38,923 [pool-529-thread-1] INFO  server.RaftServerConfigKeys (ConfUtils.java:logGet(43)) - raft.server.log.statemachine.data.caching.enabled = true (custom)
2019-11-13 13:02:38,923 [pool-569-thread-1] INFO  server.RaftServerConfigKeys (ConfUtils.java:logGet(43)) - raft.server.log.segment.size.max = 1048576 (custom)
2019-11-13 13:02:38,923 [pool-559-thread-1] INFO  server.RaftServerConfigKeys (ConfUtils.java:logGet(43)) - raft.server.log.queue.element-limit = 1024 (custom)
2019-11-13 13:02:38,923 [pool-569-thread-1] INFO  server.RaftServerConfigKeys (ConfUtils.java:logGet(43)) - raft.server.log.preallocated.size = 16384 (custom)
2019-11-13 13:02:38,923 [pool-529-thread-1] INFO  segmented.SegmentedRaftLogWorker (SegmentedRaftLogWorker.java:lambda$new$0(128)) - 8ff9d20a-2236-45f0-8596-c8d53407e80c@group-28BF1C14A3EE-SegmentedRaftLogWorker: flushIndex: setUnconditionally 0 -> -1
2019-11-13 13:02:38,923 [pool-569-thread-1] INFO  server.RaftServerConfigKeys (ConfUtils.java:logGet(43)) - raft.server.log.write.buffer.size = 33554432 (custom)
2019-11-13 13:02:38,923 [pool-559-thread-1] INFO  server.RaftServerConfigKeys (ConfUtils.java:logGet(43)) - raft.server.log.segment.size.max = 1048576 (custom)
2019-11-13 13:02:38,924 [pool-529-thread-1] INFO  server.RaftServerConfigKeys (ConfUtils.java:logGet(43)) - raft.server.snapshot.auto.trigger.enabled = true (custom)
2019-11-13 13:02:38,924 [pool-569-thread-1] INFO  server.RaftServerConfigKeys (ConfUtils.java:logGet(43)) - raft.server.log.force.sync.num = 128 (default)
2019-11-13 13:02:38,924 [pool-529-thread-1] INFO  server.RaftServerConfigKeys (ConfUtils.java:logGet(43)) - raft.server.snapshot.auto.trigger.threshold = 10000 (custom)
2019-11-13 13:02:38,924 [pool-559-thread-1] INFO  server.RaftServerConfigKeys (ConfUtils.java:logGet(43)) - raft.server.log.preallocated.size = 16384 (custom)
2019-11-13 13:02:38,924 [pool-529-thread-1] INFO  server.RaftServerConfigKeys (ConfUtils.java:logGet(43)) - raft.server.snapshot.retention.file.num = 5 (custom)
2019-11-13 13:02:38,924 [pool-569-thread-1] INFO  server.RaftServerConfigKeys (ConfUtils.java:logGet(43)) - raft.server.log.statemachine.data.sync = true (default)
2019-11-13 13:02:38,924 [pool-529-thread-1] INFO  server.RaftServerConfigKeys (ConfUtils.java:logGet(43)) - raft.server.retrycache.expirytime = 600000ms (custom)
2019-11-13 13:02:38,924 [pool-559-thread-1] INFO  server.RaftServerConfigKeys (ConfUtils.java:logGet(43)) - raft.server.log.write.buffer.size = 33554432 (custom)
2019-11-13 13:02:38,924 [pool-529-thread-1] WARN  impl.MetricRegistriesImpl (MetricRegistriesImpl.java:lambda$create$1(61)) - First MetricRegistry has been created without registering reporters. You may need to call MetricRegistries.global().addReportRegistration(...) before.
2019-11-13 13:02:38,924 [pool-569-thread-1] INFO  server.RaftServerConfigKeys (ConfUtils.java:logGet(43)) - raft.server.log.statemachine.data.sync.timeout = 10s (default)
2019-11-13 13:02:38,925 [pool-529-thread-1] WARN  impl.MetricRegistriesImpl (MetricRegistriesImpl.java:lambda$create$1(61)) - First MetricRegistry has been created without registering reporters. You may need to call MetricRegistries.global().addReportRegistration(...) before.
2019-11-13 13:02:38,925 [pool-559-thread-1] INFO  server.RaftServerConfigKeys (ConfUtils.java:logGet(43)) - raft.server.log.force.sync.num = 128 (default)
2019-11-13 13:02:38,925 [pool-529-thread-1] INFO  impl.RaftServerImpl (RaftServerImpl.java:start(184)) - 8ff9d20a-2236-45f0-8596-c8d53407e80c@group-28BF1C14A3EE: start as a follower, conf=-1: [8ff9d20a-2236-45f0-8596-c8d53407e80c:192.168.157.200:39500, 7ba291c4-9ee0-417b-844f-44a16c4ba9e2:192.168.157.200:33359, 971d177f-fbc5-4c3a-b100-2607610d94ec:192.168.157.200:33290], old=null
2019-11-13 13:02:38,925 [pool-569-thread-1] INFO  server.RaftServerConfigKeys (ConfUtils.java:logGet(43)) - raft.server.log.statemachine.data.sync.timeout.retry = -1 (default)
2019-11-13 13:02:38,925 [pool-529-thread-1] INFO  impl.RaftServerImpl (RaftServerImpl.java:setRole(173)) - 8ff9d20a-2236-45f0-8596-c8d53407e80c@group-28BF1C14A3EE: changes role from      null to FOLLOWER at term 0 for startAsFollower
2019-11-13 13:02:38,925 [pool-559-thread-1] INFO  server.RaftServerConfigKeys (ConfUtils.java:logGet(43)) - raft.server.log.statemachine.data.sync = true (default)
2019-11-13 13:02:38,925 [pool-529-thread-1] INFO  impl.RoleInfo (RoleInfo.java:updateAndGet(143)) - 8ff9d20a-2236-45f0-8596-c8d53407e80c: start FollowerState
2019-11-13 13:02:38,925 [pool-569-thread-1] INFO  server.RaftServerConfigKeys (ConfUtils.java:logGet(43)) - raft.server.log.statemachine.data.caching.enabled = true (custom)
2019-11-13 13:02:38,925 [pool-559-thread-1] INFO  server.RaftServerConfigKeys (ConfUtils.java:logGet(43)) - raft.server.log.statemachine.data.sync.timeout = 10s (default)
2019-11-13 13:02:38,926 [pool-569-thread-1] INFO  segmented.SegmentedRaftLogWorker (SegmentedRaftLogWorker.java:lambda$new$0(128)) - 971d177f-fbc5-4c3a-b100-2607610d94ec@group-28BF1C14A3EE-SegmentedRaftLogWorker: flushIndex: setUnconditionally 0 -> -1
2019-11-13 13:02:38,926 [pool-529-thread-1] INFO  util.JmxRegister (JmxRegister.java:tryRegister(44)) - Successfully registered JMX Bean with object name Ratis:service=RaftServer,group=group-28BF1C14A3EE,id=8ff9d20a-2236-45f0-8596-c8d53407e80c
2019-11-13 13:02:38,926 [pool-559-thread-1] INFO  server.RaftServerConfigKeys (ConfUtils.java:logGet(43)) - raft.server.log.statemachine.data.sync.timeout.retry = -1 (default)
2019-11-13 13:02:38,926 [pool-569-thread-1] INFO  server.RaftServerConfigKeys (ConfUtils.java:logGet(43)) - raft.server.snapshot.auto.trigger.enabled = true (custom)
2019-11-13 13:02:38,926 [pool-529-thread-1] WARN  impl.MetricRegistriesImpl (MetricRegistriesImpl.java:lambda$create$1(61)) - First MetricRegistry has been created without registering reporters. You may need to call MetricRegistries.global().addReportRegistration(...) before.
2019-11-13 13:02:38,926 [pool-569-thread-1] INFO  server.RaftServerConfigKeys (ConfUtils.java:logGet(43)) - raft.server.snapshot.auto.trigger.threshold = 10000 (custom)
2019-11-13 13:02:38,926 [pool-559-thread-1] INFO  server.RaftServerConfigKeys (ConfUtils.java:logGet(43)) - raft.server.log.statemachine.data.caching.enabled = true (custom)
2019-11-13 13:02:38,926 [pool-569-thread-1] INFO  server.RaftServerConfigKeys (ConfUtils.java:logGet(43)) - raft.server.snapshot.retention.file.num = 5 (custom)
2019-11-13 13:02:38,927 [pool-569-thread-1] INFO  server.RaftServerConfigKeys (ConfUtils.java:logGet(43)) - raft.server.retrycache.expirytime = 600000ms (custom)
2019-11-13 13:02:38,927 [pool-569-thread-1] WARN  impl.MetricRegistriesImpl (MetricRegistriesImpl.java:lambda$create$1(61)) - First MetricRegistry has been created without registering reporters. You may need to call MetricRegistries.global().addReportRegistration(...) before.
2019-11-13 13:02:38,927 [pool-569-thread-1] WARN  impl.MetricRegistriesImpl (MetricRegistriesImpl.java:lambda$create$1(61)) - First MetricRegistry has been created without registering reporters. You may need to call MetricRegistries.global().addReportRegistration(...) before.
2019-11-13 13:02:38,927 [pool-569-thread-1] INFO  impl.RaftServerImpl (RaftServerImpl.java:start(184)) - 971d177f-fbc5-4c3a-b100-2607610d94ec@group-28BF1C14A3EE: start as a follower, conf=-1: [8ff9d20a-2236-45f0-8596-c8d53407e80c:192.168.157.200:39500, 7ba291c4-9ee0-417b-844f-44a16c4ba9e2:192.168.157.200:33359, 971d177f-fbc5-4c3a-b100-2607610d94ec:192.168.157.200:33290], old=null
2019-11-13 13:02:38,927 [pool-569-thread-1] INFO  impl.RaftServerImpl (RaftServerImpl.java:setRole(173)) - 971d177f-fbc5-4c3a-b100-2607610d94ec@group-28BF1C14A3EE: changes role from      null to FOLLOWER at term 0 for startAsFollower
2019-11-13 13:02:38,927 [pool-569-thread-1] INFO  impl.RoleInfo (RoleInfo.java:updateAndGet(143)) - 971d177f-fbc5-4c3a-b100-2607610d94ec: start FollowerState
2019-11-13 13:02:38,927 [pool-569-thread-1] INFO  util.JmxRegister (JmxRegister.java:tryRegister(44)) - Successfully registered JMX Bean with object name Ratis:service=RaftServer,group=group-28BF1C14A3EE,id=971d177f-fbc5-4c3a-b100-2607610d94ec
2019-11-13 13:02:38,927 [pool-569-thread-1] WARN  impl.MetricRegistriesImpl (MetricRegistriesImpl.java:lambda$create$1(61)) - First MetricRegistry has been created without registering reporters. You may need to call MetricRegistries.global().addReportRegistration(...) before.
2019-11-13 13:02:38,936 [pool-559-thread-1] INFO  segmented.SegmentedRaftLogWorker (SegmentedRaftLogWorker.java:lambda$new$0(128)) - 7ba291c4-9ee0-417b-844f-44a16c4ba9e2@group-28BF1C14A3EE-SegmentedRaftLogWorker: flushIndex: setUnconditionally 0 -> -1
2019-11-13 13:02:38,936 [pool-559-thread-1] INFO  server.RaftServerConfigKeys (ConfUtils.java:logGet(43)) - raft.server.snapshot.auto.trigger.enabled = true (custom)
2019-11-13 13:02:38,936 [pool-559-thread-1] INFO  server.RaftServerConfigKeys (ConfUtils.java:logGet(43)) - raft.server.snapshot.auto.trigger.threshold = 10000 (custom)
2019-11-13 13:02:38,936 [pool-559-thread-1] INFO  server.RaftServerConfigKeys (ConfUtils.java:logGet(43)) - raft.server.snapshot.retention.file.num = 5 (custom)
2019-11-13 13:02:38,936 [pool-559-thread-1] INFO  server.RaftServerConfigKeys (ConfUtils.java:logGet(43)) - raft.server.retrycache.expirytime = 600000ms (custom)
2019-11-13 13:02:38,936 [pool-559-thread-1] WARN  impl.MetricRegistriesImpl (MetricRegistriesImpl.java:lambda$create$1(61)) - First MetricRegistry has been created without registering reporters. You may need to call MetricRegistries.global().addReportRegistration(...) before.
2019-11-13 13:02:38,937 [pool-559-thread-1] WARN  impl.MetricRegistriesImpl (MetricRegistriesImpl.java:lambda$create$1(61)) - First MetricRegistry has been created without registering reporters. You may need to call MetricRegistries.global().addReportRegistration(...) before.
2019-11-13 13:02:38,937 [pool-559-thread-1] INFO  impl.RaftServerImpl (RaftServerImpl.java:start(184)) - 7ba291c4-9ee0-417b-844f-44a16c4ba9e2@group-28BF1C14A3EE: start as a follower, conf=-1: [8ff9d20a-2236-45f0-8596-c8d53407e80c:192.168.157.200:39500, 7ba291c4-9ee0-417b-844f-44a16c4ba9e2:192.168.157.200:33359, 971d177f-fbc5-4c3a-b100-2607610d94ec:192.168.157.200:33290], old=null
2019-11-13 13:02:38,937 [pool-559-thread-1] INFO  impl.RaftServerImpl (RaftServerImpl.java:setRole(173)) - 7ba291c4-9ee0-417b-844f-44a16c4ba9e2@group-28BF1C14A3EE: changes role from      null to FOLLOWER at term 0 for startAsFollower
2019-11-13 13:02:38,937 [pool-559-thread-1] INFO  impl.RoleInfo (RoleInfo.java:updateAndGet(143)) - 7ba291c4-9ee0-417b-844f-44a16c4ba9e2: start FollowerState
2019-11-13 13:02:38,937 [pool-559-thread-1] INFO  util.JmxRegister (JmxRegister.java:tryRegister(44)) - Successfully registered JMX Bean with object name Ratis:service=RaftServer,group=group-28BF1C14A3EE,id=7ba291c4-9ee0-417b-844f-44a16c4ba9e2
2019-11-13 13:02:38,937 [pool-559-thread-1] WARN  impl.MetricRegistriesImpl (MetricRegistriesImpl.java:lambda$create$1(61)) - First MetricRegistry has been created without registering reporters. You may need to call MetricRegistries.global().addReportRegistration(...) before.
2019-11-13 13:02:38,939 [RatisPipelineUtilsThread] INFO  pipeline.PipelineStateManager (PipelineStateManager.java:addPipeline(55)) - Created pipeline Pipeline[ Id: f3d25486-66df-42b8-9f28-28bf1c14a3ee, Nodes: 7ba291c4-9ee0-417b-844f-44a16c4ba9e2{ip: 192.168.157.200, host: pr-hdds-2452-7vw7s-1330541530, networkLocation: /rack1, certSerialId: null}971d177f-fbc5-4c3a-b100-2607610d94ec{ip: 192.168.157.200, host: pr-hdds-2452-7vw7s-1330541530, networkLocation: /rack1, certSerialId: null}8ff9d20a-2236-45f0-8596-c8d53407e80c{ip: 192.168.157.200, host: pr-hdds-2452-7vw7s-1330541530, networkLocation: /rack1, certSerialId: null}, Type:RATIS, Factor:THREE, State:ALLOCATED]
2019-11-13 13:02:38,940 [Thread-3904] INFO  pipeline.PipelineStateManager (PipelineStateManager.java:removePipeline(106)) - Pipeline Pipeline[ Id: b0061687-c255-4535-a3f9-dda6e3dc98cf, Nodes: 7ba291c4-9ee0-417b-844f-44a16c4ba9e2{ip: 192.168.157.200, host: pr-hdds-2452-7vw7s-1330541530, networkLocation: /rack1, certSerialId: null}971d177f-fbc5-4c3a-b100-2607610d94ec{ip: 192.168.157.200, host: pr-hdds-2452-7vw7s-1330541530, networkLocation: /rack1, certSerialId: null}8ff9d20a-2236-45f0-8596-c8d53407e80c{ip: 192.168.157.200, host: pr-hdds-2452-7vw7s-1330541530, networkLocation: /rack1, certSerialId: null}, Type:RATIS, Factor:THREE, State:CLOSED] removed from db
2019-11-13 13:02:38,940 [EventQueue-PipelineActionsForPipelineActionHandler] ERROR pipeline.PipelineActionHandler (PipelineActionHandler.java:onMessage(60)) - Received pipeline action CLOSE for Pipeline[ Id: b0061687-c255-4535-a3f9-dda6e3dc98cf, Nodes: 7ba291c4-9ee0-417b-844f-44a16c4ba9e2{ip: 192.168.157.200, host: pr-hdds-2452-7vw7s-1330541530, networkLocation: /rack1, certSerialId: null}971d177f-fbc5-4c3a-b100-2607610d94ec{ip: 192.168.157.200, host: pr-hdds-2452-7vw7s-1330541530, networkLocation: /rack1, certSerialId: null}8ff9d20a-2236-45f0-8596-c8d53407e80c{ip: 192.168.157.200, host: pr-hdds-2452-7vw7s-1330541530, networkLocation: /rack1, certSerialId: null}, Type:RATIS, Factor:THREE, State:CLOSED] from datanode 7ba291c4-9ee0-417b-844f-44a16c4ba9e2{ip: 192.168.157.200, host: pr-hdds-2452-7vw7s-1330541530, networkLocation: /rack1, certSerialId: null}. Reason : WriteLog:1: (t:1, i:1), STATEMACHINELOGENTRY, client-8B2FA0F6926B, cid=241-writeStateMachineData interrupted.
2019-11-13 13:02:38,940 [Thread-3904] INFO  pipeline.SCMPipelineManager (SCMPipelineManager.java:finalizeAndDestroyPipeline(315)) - destroying pipeline:Pipeline[ Id: 5bed9ab0-33db-48be-acaf-5db417b45c64, Nodes: 971d177f-fbc5-4c3a-b100-2607610d94ec{ip: 192.168.157.200, host: pr-hdds-2452-7vw7s-1330541530, networkLocation: /rack1, certSerialId: null}, Type:RATIS, Factor:ONE, State:OPEN]
2019-11-13 13:02:38,940 [EventQueue-PipelineActionsForPipelineActionHandler] INFO  pipeline.SCMPipelineManager (SCMPipelineManager.java:finalizeAndDestroyPipeline(315)) - destroying pipeline:Pipeline[ Id: b0061687-c255-4535-a3f9-dda6e3dc98cf, Nodes: 7ba291c4-9ee0-417b-844f-44a16c4ba9e2{ip: 192.168.157.200, host: pr-hdds-2452-7vw7s-1330541530, networkLocation: /rack1, certSerialId: null}971d177f-fbc5-4c3a-b100-2607610d94ec{ip: 192.168.157.200, host: pr-hdds-2452-7vw7s-1330541530, networkLocation: /rack1, certSerialId: null}8ff9d20a-2236-45f0-8596-c8d53407e80c{ip: 192.168.157.200, host: pr-hdds-2452-7vw7s-1330541530, networkLocation: /rack1, certSerialId: null}, Type:RATIS, Factor:THREE, State:CLOSED]
2019-11-13 13:02:38,945 [Thread-3904] INFO  pipeline.PipelineStateManager (PipelineStateManager.java:finalizePipeline(121)) - Pipeline Pipeline[ Id: 5bed9ab0-33db-48be-acaf-5db417b45c64, Nodes: 971d177f-fbc5-4c3a-b100-2607610d94ec{ip: 192.168.157.200, host: pr-hdds-2452-7vw7s-1330541530, networkLocation: /rack1, certSerialId: null}, Type:RATIS, Factor:ONE, State:CLOSED] moved to CLOSED state
2019-11-13 13:02:38,946 [EventQueue-PipelineActionsForPipelineActionHandler] ERROR pipeline.PipelineActionHandler (PipelineActionHandler.java:onMessage(66)) - Could not execute pipeline action=action: CLOSE
closePipeline {
  pipelineID {
    id: "b0061687-c255-4535-a3f9-dda6e3dc98cf"
  }
  reason: PIPELINE_LOG_FAILED
  detailedReason: "WriteLog:1: (t:1, i:1), STATEMACHINELOGENTRY, client-8B2FA0F6926B, cid=241-writeStateMachineData interrupted."
}
 pipeline=PipelineID=b0061687-c255-4535-a3f9-dda6e3dc98cf {}
org.apache.hadoop.hdds.scm.pipeline.PipelineNotFoundException: PipelineID=b0061687-c255-4535-a3f9-dda6e3dc98cf not found
	at org.apache.hadoop.hdds.scm.pipeline.PipelineStateMap.getPipeline(PipelineStateMap.java:132)
	at org.apache.hadoop.hdds.scm.pipeline.PipelineStateManager.finalizePipeline(PipelineStateManager.java:117)
	at org.apache.hadoop.hdds.scm.pipeline.SCMPipelineManager.finalizePipeline(SCMPipelineManager.java:392)
	at org.apache.hadoop.hdds.scm.pipeline.SCMPipelineManager.finalizeAndDestroyPipeline(SCMPipelineManager.java:316)
	at org.apache.hadoop.hdds.scm.pipeline.PipelineActionHandler.onMessage(PipelineActionHandler.java:64)
	at org.apache.hadoop.hdds.scm.pipeline.PipelineActionHandler.onMessage(PipelineActionHandler.java:35)
	at org.apache.hadoop.hdds.server.events.SingleThreadExecutor.lambda$onMessage$1(SingleThreadExecutor.java:85)
	at java.util.concurrent.ThreadPoolExecutor.runWorker(ThreadPoolExecutor.java:1149)
	at java.util.concurrent.ThreadPoolExecutor$Worker.run(ThreadPoolExecutor.java:624)
	at java.lang.Thread.run(Thread.java:748)
2019-11-13 13:02:38,947 [EventQueue-PipelineActionsForPipelineActionHandler] ERROR pipeline.PipelineActionHandler (PipelineActionHandler.java:onMessage(66)) - Could not execute pipeline action=action: CLOSE
closePipeline {
  pipelineID {
    id: "b0061687-c255-4535-a3f9-dda6e3dc98cf"
  }
  reason: PIPELINE_LOG_FAILED
  detailedReason: "WriteLog:1: (t:1, i:1), STATEMACHINELOGENTRY, client-8B2FA0F6926B, cid=241-writeStateMachineData interrupted."
}
 pipeline=PipelineID=b0061687-c255-4535-a3f9-dda6e3dc98cf {}
org.apache.hadoop.hdds.scm.pipeline.PipelineNotFoundException: PipelineID=b0061687-c255-4535-a3f9-dda6e3dc98cf not found
	at org.apache.hadoop.hdds.scm.pipeline.PipelineStateMap.getPipeline(PipelineStateMap.java:132)
	at org.apache.hadoop.hdds.scm.pipeline.PipelineStateManager.getPipeline(PipelineStateManager.java:64)
	at org.apache.hadoop.hdds.scm.pipeline.SCMPipelineManager.getPipeline(SCMPipelineManager.java:191)
	at org.apache.hadoop.hdds.scm.pipeline.PipelineActionHandler.onMessage(PipelineActionHandler.java:59)
	at org.apache.hadoop.hdds.scm.pipeline.PipelineActionHandler.onMessage(PipelineActionHandler.java:35)
	at org.apache.hadoop.hdds.server.events.SingleThreadExecutor.lambda$onMessage$1(SingleThreadExecutor.java:85)
	at java.util.concurrent.ThreadPoolExecutor.runWorker(ThreadPoolExecutor.java:1149)
	at java.util.concurrent.ThreadPoolExecutor$Worker.run(ThreadPoolExecutor.java:624)
	at java.lang.Thread.run(Thread.java:748)
2019-11-13 13:02:38,947 [EventQueue-PipelineActionsForPipelineActionHandler] ERROR pipeline.PipelineActionHandler (PipelineActionHandler.java:onMessage(66)) - Could not execute pipeline action=action: CLOSE
closePipeline {
  pipelineID {
    id: "b0061687-c255-4535-a3f9-dda6e3dc98cf"
  }
  reason: PIPELINE_LOG_FAILED
  detailedReason: "WriteLog:1: (t:1, i:1), STATEMACHINELOGENTRY, client-8B2FA0F6926B, cid=241-writeStateMachineData interrupted."
}
 pipeline=PipelineID=b0061687-c255-4535-a3f9-dda6e3dc98cf {}
org.apache.hadoop.hdds.scm.pipeline.PipelineNotFoundException: PipelineID=b0061687-c255-4535-a3f9-dda6e3dc98cf not found
	at org.apache.hadoop.hdds.scm.pipeline.PipelineStateMap.getPipeline(PipelineStateMap.java:132)
	at org.apache.hadoop.hdds.scm.pipeline.PipelineStateManager.getPipeline(PipelineStateManager.java:64)
	at org.apache.hadoop.hdds.scm.pipeline.SCMPipelineManager.getPipeline(SCMPipelineManager.java:191)
	at org.apache.hadoop.hdds.scm.pipeline.PipelineActionHandler.onMessage(PipelineActionHandler.java:59)
	at org.apache.hadoop.hdds.scm.pipeline.PipelineActionHandler.onMessage(PipelineActionHandler.java:35)
	at org.apache.hadoop.hdds.server.events.SingleThreadExecutor.lambda$onMessage$1(SingleThreadExecutor.java:85)
	at java.util.concurrent.ThreadPoolExecutor.runWorker(ThreadPoolExecutor.java:1149)
	at java.util.concurrent.ThreadPoolExecutor$Worker.run(ThreadPoolExecutor.java:624)
	at java.lang.Thread.run(Thread.java:748)
2019-11-13 13:02:38,948 [grpc-default-executor-2] INFO  impl.RaftServerProxy (RaftServerProxy.java:remove(95)) - 971d177f-fbc5-4c3a-b100-2607610d94ec: remove    LEADER 971d177f-fbc5-4c3a-b100-2607610d94ec@group-5DB417B45C64:t1, leader=971d177f-fbc5-4c3a-b100-2607610d94ec, voted=971d177f-fbc5-4c3a-b100-2607610d94ec, raftlog=971d177f-fbc5-4c3a-b100-2607610d94ec@group-5DB417B45C64-SegmentedRaftLog:OPENED:c0,f0,i0, conf=0: [971d177f-fbc5-4c3a-b100-2607610d94ec:192.168.157.200:33290], old=null RUNNING
2019-11-13 13:02:38,948 [grpc-default-executor-2] INFO  impl.RaftServerImpl (RaftServerImpl.java:lambda$shutdown$3(250)) - 971d177f-fbc5-4c3a-b100-2607610d94ec@group-5DB417B45C64: shutdown
2019-11-13 13:02:38,948 [grpc-default-executor-2] INFO  util.JmxRegister (JmxRegister.java:unregister(73)) - Successfully un-registered JMX Bean with object name Ratis:service=RaftServer,group=group-5DB417B45C64,id=971d177f-fbc5-4c3a-b100-2607610d94ec
2019-11-13 13:02:38,948 [grpc-default-executor-2] INFO  impl.RoleInfo (RoleInfo.java:shutdownLeaderState(104)) - 971d177f-fbc5-4c3a-b100-2607610d94ec: shutdown LeaderState
2019-11-13 13:02:38,949 [grpc-default-executor-2] INFO  impl.PendingRequests (PendingRequests.java:sendNotLeaderResponses(206)) - 971d177f-fbc5-4c3a-b100-2607610d94ec@group-5DB417B45C64-PendingRequests: sendNotLeaderResponses
2019-11-13 13:02:38,949 [grpc-default-executor-2] INFO  impl.StateMachineUpdater (StateMachineUpdater.java:stopAndJoin(136)) - 971d177f-fbc5-4c3a-b100-2607610d94ec@group-5DB417B45C64-StateMachineUpdater: set stopIndex = 0
2019-11-13 13:02:38,949 [grpc-default-executor-2] INFO  impl.RaftServerImpl (ServerState.java:close(387)) - 971d177f-fbc5-4c3a-b100-2607610d94ec@group-5DB417B45C64: closes. applyIndex: 0
2019-11-13 13:02:38,950 [971d177f-fbc5-4c3a-b100-2607610d94ec@group-5DB417B45C64-SegmentedRaftLogWorker] INFO  segmented.SegmentedRaftLogWorker (SegmentedRaftLogWorker.java:run(316)) - 971d177f-fbc5-4c3a-b100-2607610d94ec@group-5DB417B45C64-SegmentedRaftLogWorker was interrupted, exiting. There are 0 tasks remaining in the queue.
2019-11-13 13:02:38,950 [grpc-default-executor-2] INFO  segmented.SegmentedRaftLogWorker (SegmentedRaftLogWorker.java:close(224)) - 971d177f-fbc5-4c3a-b100-2607610d94ec@group-5DB417B45C64-SegmentedRaftLogWorker close()
2019-11-13 13:02:38,952 [Thread-3904] INFO  pipeline.PipelineStateManager (PipelineStateManager.java:removePipeline(106)) - Pipeline Pipeline[ Id: 5bed9ab0-33db-48be-acaf-5db417b45c64, Nodes: 971d177f-fbc5-4c3a-b100-2607610d94ec{ip: 192.168.157.200, host: pr-hdds-2452-7vw7s-1330541530, networkLocation: /rack1, certSerialId: null}, Type:RATIS, Factor:ONE, State:CLOSED] removed from db
2019-11-13 13:02:38,952 [Thread-3904] INFO  pipeline.SCMPipelineManager (SCMPipelineManager.java:finalizeAndDestroyPipeline(315)) - destroying pipeline:Pipeline[ Id: 2b2b0d17-b559-42df-b09c-ebacd4f54deb, Nodes: 318b4bc4-2a6a-4055-b801-3341d5814353{ip: 192.168.157.200, host: pr-hdds-2452-7vw7s-1330541530, networkLocation: /rack1, certSerialId: null}, Type:RATIS, Factor:ONE, State:OPEN]
2019-11-13 13:02:38,955 [grpc-default-executor-2] INFO  impl.RaftServerProxy (RaftServerProxy.java:addNew(89)) - 971d177f-fbc5-4c3a-b100-2607610d94ec: addNew group-AE879E1D4AC4:[971d177f-fbc5-4c3a-b100-2607610d94ec:192.168.157.200:33290] returns group-AE879E1D4AC4:java.util.concurrent.CompletableFuture@61f44913[Not completed]
2019-11-13 13:02:38,956 [pool-569-thread-1] INFO  impl.RaftServerImpl (RaftServerImpl.java:<init>(98)) - 971d177f-fbc5-4c3a-b100-2607610d94ec: new RaftServerImpl for group-AE879E1D4AC4:[971d177f-fbc5-4c3a-b100-2607610d94ec:192.168.157.200:33290] with ContainerStateMachine:uninitialized
2019-11-13 13:02:38,956 [pool-569-thread-1] INFO  server.RaftServerConfigKeys (ConfUtils.java:logGet(43)) - raft.server.rpc.timeout.min = 1s (custom)
2019-11-13 13:02:38,956 [pool-569-thread-1] INFO  server.RaftServerConfigKeys (ConfUtils.java:logGet(43)) - raft.server.rpc.timeout.max = 1200ms (custom)
2019-11-13 13:02:38,956 [pool-569-thread-1] INFO  server.RaftServerConfigKeys (ConfUtils.java:logGet(43)) - raft.server.rpcslowness.timeout = 120s (custom)
2019-11-13 13:02:38,956 [pool-569-thread-1] INFO  server.RaftServerConfigKeys (ConfUtils.java:logGet(43)) - raft.server.sleep.deviation.threshold = 300 (default)
2019-11-13 13:02:38,956 [pool-569-thread-1] INFO  server.RaftServerConfigKeys (ConfUtils.java:logGet(43)) - raft.server.log.appender.install.snapshot.enabled = false (custom)
2019-11-13 13:02:38,956 [pool-569-thread-1] INFO  impl.RaftServerImpl (ServerState.java:<init>(103)) - 971d177f-fbc5-4c3a-b100-2607610d94ec@group-AE879E1D4AC4: ConfigurationManager, init=-1: [971d177f-fbc5-4c3a-b100-2607610d94ec:192.168.157.200:33290], old=null, confs=<EMPTY_MAP>
2019-11-13 13:02:38,956 [pool-569-thread-1] INFO  server.RaftServerConfigKeys (ConfUtils.java:logGet(43)) - raft.server.storage.dir = [/workdir/hadoop-ozone/integration-test/target/test-dir/MiniOzoneClusterImpl-90e8aeb1-2975-47c6-9bba-faf27de7fb8c/datanode-6/data/ratis] (custom)
2019-11-13 13:02:38,956 [pool-569-thread-1] INFO  server.RaftServerConfigKeys (ConfUtils.java:logGet(43)) - raft.server.log.corruption.policy = EXCEPTION (default)
2019-11-13 13:02:38,957 [pool-569-thread-1] INFO  storage.RaftStorageDirectory (RaftStorageDirectory.java:analyzeStorage(246)) - The storage directory /workdir/hadoop-ozone/integration-test/target/test-dir/MiniOzoneClusterImpl-90e8aeb1-2975-47c6-9bba-faf27de7fb8c/datanode-6/data/ratis/dc282951-e23d-4652-8e93-ae879e1d4ac4 does not exist. Creating ...
2019-11-13 13:02:38,969 [Thread-4151] INFO  impl.FollowerState (FollowerState.java:run(111)) - 3d7387af-ecb5-4c7d-b20b-5fe48849adda@group-FFCD4D7C2DEB-FollowerState: change to CANDIDATE, lastRpcTime:1030ms, electionTimeout:1030ms
2019-11-13 13:02:38,969 [Thread-4151] INFO  impl.RoleInfo (RoleInfo.java:shutdownFollowerState(121)) - 3d7387af-ecb5-4c7d-b20b-5fe48849adda: shutdown FollowerState
2019-11-13 13:02:38,969 [Thread-4151] INFO  impl.RaftServerImpl (RaftServerImpl.java:setRole(173)) - 3d7387af-ecb5-4c7d-b20b-5fe48849adda@group-FFCD4D7C2DEB: changes role from  FOLLOWER to CANDIDATE at term 0 for changeToCandidate
2019-11-13 13:02:38,969 [Thread-4151] INFO  impl.RoleInfo (RoleInfo.java:updateAndGet(143)) - 3d7387af-ecb5-4c7d-b20b-5fe48849adda: start LeaderElection
2019-11-13 13:02:39,003 [pool-569-thread-1] INFO  storage.RaftStorageDirectory (RaftStorageDirectory.java:tryLock(328)) - Lock on /workdir/hadoop-ozone/integration-test/target/test-dir/MiniOzoneClusterImpl-90e8aeb1-2975-47c6-9bba-faf27de7fb8c/datanode-6/data/ratis/dc282951-e23d-4652-8e93-ae879e1d4ac4/in_use.lock acquired by nodename 10766@pr-hdds-2452-7vw7s-1330541530
2019-11-13 13:02:39,028 [Thread-4150] INFO  impl.FollowerState (FollowerState.java:run(111)) - 1a33519a-3def-4d79-b3e5-c4d8286dc86e@group-FFCD4D7C2DEB-FollowerState: change to CANDIDATE, lastRpcTime:1089ms, electionTimeout:1089ms
2019-11-13 13:02:39,028 [Thread-4150] INFO  impl.RoleInfo (RoleInfo.java:shutdownFollowerState(121)) - 1a33519a-3def-4d79-b3e5-c4d8286dc86e: shutdown FollowerState
2019-11-13 13:02:39,028 [Thread-4150] INFO  impl.RaftServerImpl (RaftServerImpl.java:setRole(173)) - 1a33519a-3def-4d79-b3e5-c4d8286dc86e@group-FFCD4D7C2DEB: changes role from  FOLLOWER to CANDIDATE at term 0 for changeToCandidate
2019-11-13 13:02:39,028 [Thread-4150] INFO  impl.RoleInfo (RoleInfo.java:updateAndGet(143)) - 1a33519a-3def-4d79-b3e5-c4d8286dc86e: start LeaderElection
2019-11-13 13:02:39,068 [Thread-4153] INFO  impl.FollowerState (FollowerState.java:run(111)) - 318b4bc4-2a6a-4055-b801-3341d5814353@group-FFCD4D7C2DEB-FollowerState: change to CANDIDATE, lastRpcTime:1111ms, electionTimeout:1104ms
2019-11-13 13:02:39,068 [Thread-4153] INFO  impl.RoleInfo (RoleInfo.java:shutdownFollowerState(121)) - 318b4bc4-2a6a-4055-b801-3341d5814353: shutdown FollowerState
2019-11-13 13:02:39,068 [Thread-4153] INFO  impl.RaftServerImpl (RaftServerImpl.java:setRole(173)) - 318b4bc4-2a6a-4055-b801-3341d5814353@group-FFCD4D7C2DEB: changes role from  FOLLOWER to CANDIDATE at term 0 for changeToCandidate
2019-11-13 13:02:39,068 [Thread-4153] INFO  impl.RoleInfo (RoleInfo.java:updateAndGet(143)) - 318b4bc4-2a6a-4055-b801-3341d5814353: start LeaderElection
2019-11-13 13:02:39,097 [pool-569-thread-1] INFO  storage.RaftStorage (RaftStorage.java:format(84)) - Storage directory /workdir/hadoop-ozone/integration-test/target/test-dir/MiniOzoneClusterImpl-90e8aeb1-2975-47c6-9bba-faf27de7fb8c/datanode-6/data/ratis/dc282951-e23d-4652-8e93-ae879e1d4ac4 has been successfully formatted.
2019-11-13 13:02:39,097 [3d7387af-ecb5-4c7d-b20b-5fe48849adda@group-FFCD4D7C2DEB-LeaderElection214] INFO  impl.LeaderElection (LeaderElection.java:askForVotes(178)) - 3d7387af-ecb5-4c7d-b20b-5fe48849adda@group-FFCD4D7C2DEB-LeaderElection214: begin an election at term 1 for -1: [1a33519a-3def-4d79-b3e5-c4d8286dc86e:192.168.157.200:40699, 3d7387af-ecb5-4c7d-b20b-5fe48849adda:192.168.157.200:37245, 318b4bc4-2a6a-4055-b801-3341d5814353:192.168.157.200:34345], old=null
2019-11-13 13:02:39,097 [pool-569-thread-1] INFO  ratis.ContainerStateMachine (ContainerStateMachine.java:loadSnapshot(223)) - group-AE879E1D4AC4: The snapshot info is null. Setting the last applied indexto:(t:0, i:~)
2019-11-13 13:02:39,097 [pool-569-thread-1] INFO  server.RaftServerConfigKeys (ConfUtils.java:logGet(43)) - raft.server.notification.no-leader.timeout = 120s (custom)
2019-11-13 13:02:39,098 [pool-569-thread-1] INFO  server.RaftServerConfigKeys (ConfUtils.java:logGet(43)) - raft.server.log.use.memory = false (default)
2019-11-13 13:02:39,098 [pool-569-thread-1] INFO  server.RaftServerConfigKeys (ConfUtils.java:logGet(43)) - raft.server.log.purge.gap = 1000000 (custom)
2019-11-13 13:02:39,098 [pool-569-thread-1] INFO  server.RaftServerConfigKeys (ConfUtils.java:logGet(43)) - raft.server.log.appender.buffer.byte-limit = 33554432 (custom)
2019-11-13 13:02:39,098 [pool-569-thread-1] INFO  server.RaftServerConfigKeys (ConfUtils.java:logGet(43)) - raft.server.log.segment.size.max = 1048576 (custom)
2019-11-13 13:02:39,098 [pool-569-thread-1] INFO  server.RaftServerConfigKeys (ConfUtils.java:logGet(43)) - raft.server.log.segment.cache.num.max = 2 (custom)
2019-11-13 13:02:39,099 [pool-569-thread-1] INFO  segmented.SegmentedRaftLogWorker (SegmentedRaftLogWorker.java:<init>(173)) - new 971d177f-fbc5-4c3a-b100-2607610d94ec@group-AE879E1D4AC4-SegmentedRaftLogWorker for RaftStorage:Storage Directory /workdir/hadoop-ozone/integration-test/target/test-dir/MiniOzoneClusterImpl-90e8aeb1-2975-47c6-9bba-faf27de7fb8c/datanode-6/data/ratis/dc282951-e23d-4652-8e93-ae879e1d4ac4
2019-11-13 13:02:39,099 [pool-569-thread-1] INFO  server.RaftServerConfigKeys (ConfUtils.java:logGet(43)) - raft.server.log.queue.byte-limit = 2147483647 (custom)
2019-11-13 13:02:39,099 [pool-569-thread-1] INFO  server.RaftServerConfigKeys (ConfUtils.java:logGet(43)) - raft.server.log.queue.element-limit = 1024 (custom)
2019-11-13 13:02:39,099 [pool-569-thread-1] INFO  server.RaftServerConfigKeys (ConfUtils.java:logGet(43)) - raft.server.log.segment.size.max = 1048576 (custom)
2019-11-13 13:02:39,099 [pool-569-thread-1] INFO  server.RaftServerConfigKeys (ConfUtils.java:logGet(43)) - raft.server.log.preallocated.size = 16384 (custom)
2019-11-13 13:02:39,099 [pool-569-thread-1] INFO  server.RaftServerConfigKeys (ConfUtils.java:logGet(43)) - raft.server.log.write.buffer.size = 33554432 (custom)
2019-11-13 13:02:39,099 [pool-569-thread-1] INFO  server.RaftServerConfigKeys (ConfUtils.java:logGet(43)) - raft.server.log.force.sync.num = 128 (default)
2019-11-13 13:02:39,100 [pool-569-thread-1] INFO  server.RaftServerConfigKeys (ConfUtils.java:logGet(43)) - raft.server.log.statemachine.data.sync = true (default)
2019-11-13 13:02:39,100 [pool-569-thread-1] INFO  server.RaftServerConfigKeys (ConfUtils.java:logGet(43)) - raft.server.log.statemachine.data.sync.timeout = 10s (default)
2019-11-13 13:02:39,100 [pool-569-thread-1] INFO  server.RaftServerConfigKeys (ConfUtils.java:logGet(43)) - raft.server.log.statemachine.data.sync.timeout.retry = -1 (default)
2019-11-13 13:02:39,100 [pool-569-thread-1] INFO  server.RaftServerConfigKeys (ConfUtils.java:logGet(43)) - raft.server.log.statemachine.data.caching.enabled = true (custom)
2019-11-13 13:02:39,148 [pool-569-thread-1] INFO  segmented.SegmentedRaftLogWorker (SegmentedRaftLogWorker.java:lambda$new$0(128)) - 971d177f-fbc5-4c3a-b100-2607610d94ec@group-AE879E1D4AC4-SegmentedRaftLogWorker: flushIndex: setUnconditionally 0 -> -1
2019-11-13 13:02:39,148 [pool-569-thread-1] INFO  server.RaftServerConfigKeys (ConfUtils.java:logGet(43)) - raft.server.snapshot.auto.trigger.enabled = true (custom)
2019-11-13 13:02:39,148 [pool-569-thread-1] INFO  server.RaftServerConfigKeys (ConfUtils.java:logGet(43)) - raft.server.snapshot.auto.trigger.threshold = 10000 (custom)
2019-11-13 13:02:39,149 [pool-569-thread-1] INFO  server.RaftServerConfigKeys (ConfUtils.java:logGet(43)) - raft.server.snapshot.retention.file.num = 5 (custom)
2019-11-13 13:02:39,149 [pool-569-thread-1] INFO  server.RaftServerConfigKeys (ConfUtils.java:logGet(43)) - raft.server.retrycache.expirytime = 600000ms (custom)
2019-11-13 13:02:39,149 [pool-569-thread-1] WARN  impl.MetricRegistriesImpl (MetricRegistriesImpl.java:lambda$create$1(61)) - First MetricRegistry has been created without registering reporters. You may need to call MetricRegistries.global().addReportRegistration(...) before.
2019-11-13 13:02:39,149 [pool-569-thread-1] WARN  impl.MetricRegistriesImpl (MetricRegistriesImpl.java:lambda$create$1(61)) - First MetricRegistry has been created without registering reporters. You may need to call MetricRegistries.global().addReportRegistration(...) before.
2019-11-13 13:02:39,150 [pool-569-thread-1] INFO  impl.RaftServerImpl (RaftServerImpl.java:start(184)) - 971d177f-fbc5-4c3a-b100-2607610d94ec@group-AE879E1D4AC4: start as a follower, conf=-1: [971d177f-fbc5-4c3a-b100-2607610d94ec:192.168.157.200:33290], old=null
2019-11-13 13:02:39,150 [pool-569-thread-1] INFO  impl.RaftServerImpl (RaftServerImpl.java:setRole(173)) - 971d177f-fbc5-4c3a-b100-2607610d94ec@group-AE879E1D4AC4: changes role from      null to FOLLOWER at term 0 for startAsFollower
2019-11-13 13:02:39,150 [pool-569-thread-1] INFO  impl.RoleInfo (RoleInfo.java:updateAndGet(143)) - 971d177f-fbc5-4c3a-b100-2607610d94ec: start FollowerState
2019-11-13 13:02:39,151 [pool-569-thread-1] INFO  util.JmxRegister (JmxRegister.java:tryRegister(44)) - Successfully registered JMX Bean with object name Ratis:service=RaftServer,group=group-AE879E1D4AC4,id=971d177f-fbc5-4c3a-b100-2607610d94ec
2019-11-13 13:02:39,151 [pool-569-thread-1] WARN  impl.MetricRegistriesImpl (MetricRegistriesImpl.java:lambda$create$1(61)) - First MetricRegistry has been created without registering reporters. You may need to call MetricRegistries.global().addReportRegistration(...) before.
2019-11-13 13:02:39,154 [RatisPipelineUtilsThread] INFO  pipeline.PipelineStateManager (PipelineStateManager.java:addPipeline(55)) - Created pipeline Pipeline[ Id: dc282951-e23d-4652-8e93-ae879e1d4ac4, Nodes: 971d177f-fbc5-4c3a-b100-2607610d94ec{ip: 192.168.157.200, host: pr-hdds-2452-7vw7s-1330541530, networkLocation: /rack1, certSerialId: null}, Type:RATIS, Factor:ONE, State:ALLOCATED]
2019-11-13 13:02:39,161 [Thread-3904] INFO  pipeline.PipelineStateManager (PipelineStateManager.java:finalizePipeline(121)) - Pipeline Pipeline[ Id: 2b2b0d17-b559-42df-b09c-ebacd4f54deb, Nodes: 318b4bc4-2a6a-4055-b801-3341d5814353{ip: 192.168.157.200, host: pr-hdds-2452-7vw7s-1330541530, networkLocation: /rack1, certSerialId: null}, Type:RATIS, Factor:ONE, State:CLOSED] moved to CLOSED state
2019-11-13 13:02:39,164 [grpc-default-executor-11] INFO  impl.RaftServerProxy (RaftServerProxy.java:remove(95)) - 318b4bc4-2a6a-4055-b801-3341d5814353: remove    LEADER 318b4bc4-2a6a-4055-b801-3341d5814353@group-EBACD4F54DEB:t1, leader=318b4bc4-2a6a-4055-b801-3341d5814353, voted=318b4bc4-2a6a-4055-b801-3341d5814353, raftlog=318b4bc4-2a6a-4055-b801-3341d5814353@group-EBACD4F54DEB-SegmentedRaftLog:OPENED:c0,f0,i0, conf=0: [318b4bc4-2a6a-4055-b801-3341d5814353:192.168.157.200:34345], old=null RUNNING
2019-11-13 13:02:39,165 [grpc-default-executor-11] INFO  impl.RaftServerImpl (RaftServerImpl.java:lambda$shutdown$3(250)) - 318b4bc4-2a6a-4055-b801-3341d5814353@group-EBACD4F54DEB: shutdown
2019-11-13 13:02:39,165 [grpc-default-executor-11] INFO  util.JmxRegister (JmxRegister.java:unregister(73)) - Successfully un-registered JMX Bean with object name Ratis:service=RaftServer,group=group-EBACD4F54DEB,id=318b4bc4-2a6a-4055-b801-3341d5814353
2019-11-13 13:02:39,165 [grpc-default-executor-11] INFO  impl.RoleInfo (RoleInfo.java:shutdownLeaderState(104)) - 318b4bc4-2a6a-4055-b801-3341d5814353: shutdown LeaderState
2019-11-13 13:02:39,165 [grpc-default-executor-11] INFO  impl.PendingRequests (PendingRequests.java:sendNotLeaderResponses(206)) - 318b4bc4-2a6a-4055-b801-3341d5814353@group-EBACD4F54DEB-PendingRequests: sendNotLeaderResponses
2019-11-13 13:02:39,165 [grpc-default-executor-11] INFO  impl.StateMachineUpdater (StateMachineUpdater.java:stopAndJoin(136)) - 318b4bc4-2a6a-4055-b801-3341d5814353@group-EBACD4F54DEB-StateMachineUpdater: set stopIndex = 0
2019-11-13 13:02:39,166 [grpc-default-executor-11] INFO  impl.RaftServerImpl (ServerState.java:close(387)) - 318b4bc4-2a6a-4055-b801-3341d5814353@group-EBACD4F54DEB: closes. applyIndex: 0
2019-11-13 13:02:39,166 [318b4bc4-2a6a-4055-b801-3341d5814353@group-EBACD4F54DEB-SegmentedRaftLogWorker] INFO  segmented.SegmentedRaftLogWorker (SegmentedRaftLogWorker.java:run(316)) - 318b4bc4-2a6a-4055-b801-3341d5814353@group-EBACD4F54DEB-SegmentedRaftLogWorker was interrupted, exiting. There are 0 tasks remaining in the queue.
2019-11-13 13:02:39,170 [Thread-4163] INFO  impl.FollowerState (FollowerState.java:run(111)) - 9bca8fcc-ea98-4ec4-92ce-7a037de40a27@group-BFFD9583CC8A-FollowerState: change to CANDIDATE, lastRpcTime:1069ms, electionTimeout:1069ms
2019-11-13 13:02:39,170 [Thread-4163] INFO  impl.RoleInfo (RoleInfo.java:shutdownFollowerState(121)) - 9bca8fcc-ea98-4ec4-92ce-7a037de40a27: shutdown FollowerState
2019-11-13 13:02:39,170 [Thread-4163] INFO  impl.RaftServerImpl (RaftServerImpl.java:setRole(173)) - 9bca8fcc-ea98-4ec4-92ce-7a037de40a27@group-BFFD9583CC8A: changes role from  FOLLOWER to CANDIDATE at term 0 for changeToCandidate
2019-11-13 13:02:39,170 [Thread-4163] INFO  impl.RoleInfo (RoleInfo.java:updateAndGet(143)) - 9bca8fcc-ea98-4ec4-92ce-7a037de40a27: start LeaderElection
2019-11-13 13:02:39,175 [Thread-4161] INFO  impl.FollowerState (FollowerState.java:run(111)) - 9bca8fcc-ea98-4ec4-92ce-7a037de40a27@group-2FD560804636-FollowerState: change to CANDIDATE, lastRpcTime:1076ms, electionTimeout:1076ms
2019-11-13 13:02:39,176 [Thread-4161] INFO  impl.RoleInfo (RoleInfo.java:shutdownFollowerState(121)) - 9bca8fcc-ea98-4ec4-92ce-7a037de40a27: shutdown FollowerState
2019-11-13 13:02:39,176 [Thread-4161] INFO  impl.RaftServerImpl (RaftServerImpl.java:setRole(173)) - 9bca8fcc-ea98-4ec4-92ce-7a037de40a27@group-2FD560804636: changes role from  FOLLOWER to CANDIDATE at term 0 for changeToCandidate
2019-11-13 13:02:39,176 [Thread-4161] INFO  impl.RoleInfo (RoleInfo.java:updateAndGet(143)) - 9bca8fcc-ea98-4ec4-92ce-7a037de40a27: start LeaderElection
2019-11-13 13:02:39,232 [grpc-default-executor-11] INFO  segmented.SegmentedRaftLogWorker (SegmentedRaftLogWorker.java:close(224)) - 318b4bc4-2a6a-4055-b801-3341d5814353@group-EBACD4F54DEB-SegmentedRaftLogWorker close()
2019-11-13 13:02:39,234 [1a33519a-3def-4d79-b3e5-c4d8286dc86e@group-FFCD4D7C2DEB-LeaderElection215] INFO  impl.LeaderElection (LeaderElection.java:askForVotes(178)) - 1a33519a-3def-4d79-b3e5-c4d8286dc86e@group-FFCD4D7C2DEB-LeaderElection215: begin an election at term 1 for -1: [1a33519a-3def-4d79-b3e5-c4d8286dc86e:192.168.157.200:40699, 3d7387af-ecb5-4c7d-b20b-5fe48849adda:192.168.157.200:37245, 318b4bc4-2a6a-4055-b801-3341d5814353:192.168.157.200:34345], old=null
2019-11-13 13:02:39,232 [318b4bc4-2a6a-4055-b801-3341d5814353@group-FFCD4D7C2DEB-LeaderElection216] INFO  impl.LeaderElection (LeaderElection.java:askForVotes(178)) - 318b4bc4-2a6a-4055-b801-3341d5814353@group-FFCD4D7C2DEB-LeaderElection216: begin an election at term 1 for -1: [1a33519a-3def-4d79-b3e5-c4d8286dc86e:192.168.157.200:40699, 3d7387af-ecb5-4c7d-b20b-5fe48849adda:192.168.157.200:37245, 318b4bc4-2a6a-4055-b801-3341d5814353:192.168.157.200:34345], old=null
2019-11-13 13:02:39,234 [Thread-4165] INFO  impl.FollowerState (FollowerState.java:run(111)) - 9bca8fcc-ea98-4ec4-92ce-7a037de40a27@group-9ABFFEB58543-FollowerState: change to CANDIDATE, lastRpcTime:1132ms, electionTimeout:1132ms
2019-11-13 13:02:39,234 [Thread-4165] INFO  impl.RoleInfo (RoleInfo.java:shutdownFollowerState(121)) - 9bca8fcc-ea98-4ec4-92ce-7a037de40a27: shutdown FollowerState
2019-11-13 13:02:39,235 [3d7387af-ecb5-4c7d-b20b-5fe48849adda@group-FFCD4D7C2DEB-LeaderElection214] INFO  impl.LeaderElection (LeaderElection.java:logAndReturn(56)) - 3d7387af-ecb5-4c7d-b20b-5fe48849adda@group-FFCD4D7C2DEB-LeaderElection214: Election REJECTED; received 2 response(s) [3d7387af-ecb5-4c7d-b20b-5fe48849adda<-1a33519a-3def-4d79-b3e5-c4d8286dc86e#0:FAIL-t1, 3d7387af-ecb5-4c7d-b20b-5fe48849adda<-318b4bc4-2a6a-4055-b801-3341d5814353#0:FAIL-t1] and 0 exception(s); 3d7387af-ecb5-4c7d-b20b-5fe48849adda@group-FFCD4D7C2DEB:t1, leader=null, voted=3d7387af-ecb5-4c7d-b20b-5fe48849adda, raftlog=3d7387af-ecb5-4c7d-b20b-5fe48849adda@group-FFCD4D7C2DEB-SegmentedRaftLog:OPENED:c-1,f-1,i0, conf=-1: [1a33519a-3def-4d79-b3e5-c4d8286dc86e:192.168.157.200:40699, 3d7387af-ecb5-4c7d-b20b-5fe48849adda:192.168.157.200:37245, 318b4bc4-2a6a-4055-b801-3341d5814353:192.168.157.200:34345], old=null
2019-11-13 13:02:39,235 [Thread-4165] INFO  impl.RaftServerImpl (RaftServerImpl.java:setRole(173)) - 9bca8fcc-ea98-4ec4-92ce-7a037de40a27@group-9ABFFEB58543: changes role from  FOLLOWER to CANDIDATE at term 0 for changeToCandidate
2019-11-13 13:02:39,235 [3d7387af-ecb5-4c7d-b20b-5fe48849adda@group-FFCD4D7C2DEB-LeaderElection214] INFO  impl.RaftServerImpl (RaftServerImpl.java:setRole(173)) - 3d7387af-ecb5-4c7d-b20b-5fe48849adda@group-FFCD4D7C2DEB: changes role from CANDIDATE to FOLLOWER at term 1 for DISCOVERED_A_NEW_TERM
2019-11-13 13:02:39,235 [Thread-4165] INFO  impl.RoleInfo (RoleInfo.java:updateAndGet(143)) - 9bca8fcc-ea98-4ec4-92ce-7a037de40a27: start LeaderElection
2019-11-13 13:02:39,235 [3d7387af-ecb5-4c7d-b20b-5fe48849adda@group-FFCD4D7C2DEB-LeaderElection214] INFO  impl.RoleInfo (RoleInfo.java:shutdownLeaderElection(134)) - 3d7387af-ecb5-4c7d-b20b-5fe48849adda: shutdown LeaderElection
2019-11-13 13:02:39,236 [3d7387af-ecb5-4c7d-b20b-5fe48849adda@group-FFCD4D7C2DEB-LeaderElection214] INFO  impl.RoleInfo (RoleInfo.java:updateAndGet(143)) - 3d7387af-ecb5-4c7d-b20b-5fe48849adda: start FollowerState
2019-11-13 13:02:39,242 [Thread-3904] INFO  pipeline.PipelineStateManager (PipelineStateManager.java:removePipeline(106)) - Pipeline Pipeline[ Id: 2b2b0d17-b559-42df-b09c-ebacd4f54deb, Nodes: 318b4bc4-2a6a-4055-b801-3341d5814353{ip: 192.168.157.200, host: pr-hdds-2452-7vw7s-1330541530, networkLocation: /rack1, certSerialId: null}, Type:RATIS, Factor:ONE, State:CLOSED] removed from db
2019-11-13 13:02:39,242 [Thread-3904] INFO  pipeline.SCMPipelineManager (SCMPipelineManager.java:finalizeAndDestroyPipeline(315)) - destroying pipeline:Pipeline[ Id: 7509f1b6-db02-46c7-a79e-bc826a4f679f, Nodes: 90f8c6ad-89d1-4dd8-98a8-ca579bb4c57a{ip: 192.168.157.200, host: pr-hdds-2452-7vw7s-1330541530, networkLocation: /rack1, certSerialId: null}, Type:RATIS, Factor:ONE, State:OPEN]
2019-11-13 13:02:39,250 [318b4bc4-2a6a-4055-b801-3341d5814353@group-FFCD4D7C2DEB-LeaderElection216] INFO  impl.LeaderElection (LeaderElection.java:logAndReturn(56)) - 318b4bc4-2a6a-4055-b801-3341d5814353@group-FFCD4D7C2DEB-LeaderElection216: Election REJECTED; received 2 response(s) [318b4bc4-2a6a-4055-b801-3341d5814353<-1a33519a-3def-4d79-b3e5-c4d8286dc86e#0:FAIL-t1, 318b4bc4-2a6a-4055-b801-3341d5814353<-3d7387af-ecb5-4c7d-b20b-5fe48849adda#0:FAIL-t1] and 0 exception(s); 318b4bc4-2a6a-4055-b801-3341d5814353@group-FFCD4D7C2DEB:t1, leader=null, voted=318b4bc4-2a6a-4055-b801-3341d5814353, raftlog=318b4bc4-2a6a-4055-b801-3341d5814353@group-FFCD4D7C2DEB-SegmentedRaftLog:OPENED:c-1,f-1,i0, conf=-1: [1a33519a-3def-4d79-b3e5-c4d8286dc86e:192.168.157.200:40699, 3d7387af-ecb5-4c7d-b20b-5fe48849adda:192.168.157.200:37245, 318b4bc4-2a6a-4055-b801-3341d5814353:192.168.157.200:34345], old=null
2019-11-13 13:02:39,250 [1a33519a-3def-4d79-b3e5-c4d8286dc86e@group-FFCD4D7C2DEB-LeaderElection215] INFO  impl.LeaderElection (LeaderElection.java:logAndReturn(56)) - 1a33519a-3def-4d79-b3e5-c4d8286dc86e@group-FFCD4D7C2DEB-LeaderElection215: Election REJECTED; received 2 response(s) [1a33519a-3def-4d79-b3e5-c4d8286dc86e<-3d7387af-ecb5-4c7d-b20b-5fe48849adda#0:FAIL-t1, 1a33519a-3def-4d79-b3e5-c4d8286dc86e<-318b4bc4-2a6a-4055-b801-3341d5814353#0:FAIL-t1] and 0 exception(s); 1a33519a-3def-4d79-b3e5-c4d8286dc86e@group-FFCD4D7C2DEB:t1, leader=null, voted=1a33519a-3def-4d79-b3e5-c4d8286dc86e, raftlog=1a33519a-3def-4d79-b3e5-c4d8286dc86e@group-FFCD4D7C2DEB-SegmentedRaftLog:OPENED:c-1,f-1,i0, conf=-1: [1a33519a-3def-4d79-b3e5-c4d8286dc86e:192.168.157.200:40699, 3d7387af-ecb5-4c7d-b20b-5fe48849adda:192.168.157.200:37245, 318b4bc4-2a6a-4055-b801-3341d5814353:192.168.157.200:34345], old=null
2019-11-13 13:02:39,250 [318b4bc4-2a6a-4055-b801-3341d5814353@group-FFCD4D7C2DEB-LeaderElection216] INFO  impl.RaftServerImpl (RaftServerImpl.java:setRole(173)) - 318b4bc4-2a6a-4055-b801-3341d5814353@group-FFCD4D7C2DEB: changes role from CANDIDATE to FOLLOWER at term 1 for DISCOVERED_A_NEW_TERM
2019-11-13 13:02:39,251 [318b4bc4-2a6a-4055-b801-3341d5814353@group-FFCD4D7C2DEB-LeaderElection216] INFO  impl.RoleInfo (RoleInfo.java:shutdownLeaderElection(134)) - 318b4bc4-2a6a-4055-b801-3341d5814353: shutdown LeaderElection
2019-11-13 13:02:39,250 [1a33519a-3def-4d79-b3e5-c4d8286dc86e@group-FFCD4D7C2DEB-LeaderElection215] INFO  impl.RaftServerImpl (RaftServerImpl.java:setRole(173)) - 1a33519a-3def-4d79-b3e5-c4d8286dc86e@group-FFCD4D7C2DEB: changes role from CANDIDATE to FOLLOWER at term 1 for DISCOVERED_A_NEW_TERM
2019-11-13 13:02:39,251 [318b4bc4-2a6a-4055-b801-3341d5814353@group-FFCD4D7C2DEB-LeaderElection216] INFO  impl.RoleInfo (RoleInfo.java:updateAndGet(143)) - 318b4bc4-2a6a-4055-b801-3341d5814353: start FollowerState
2019-11-13 13:02:39,251 [1a33519a-3def-4d79-b3e5-c4d8286dc86e@group-FFCD4D7C2DEB-LeaderElection215] INFO  impl.RoleInfo (RoleInfo.java:shutdownLeaderElection(134)) - 1a33519a-3def-4d79-b3e5-c4d8286dc86e: shutdown LeaderElection
2019-11-13 13:02:39,251 [1a33519a-3def-4d79-b3e5-c4d8286dc86e@group-FFCD4D7C2DEB-LeaderElection215] INFO  impl.RoleInfo (RoleInfo.java:updateAndGet(143)) - 1a33519a-3def-4d79-b3e5-c4d8286dc86e: start FollowerState
2019-11-13 13:02:39,251 [grpc-default-executor-6] INFO  impl.RaftServerProxy (RaftServerProxy.java:addNew(89)) - 318b4bc4-2a6a-4055-b801-3341d5814353: addNew group-809C905BE9FB:[318b4bc4-2a6a-4055-b801-3341d5814353:192.168.157.200:34345] returns group-809C905BE9FB:java.util.concurrent.CompletableFuture@75858b25[Not completed]
2019-11-13 13:02:39,253 [pool-599-thread-1] INFO  impl.RaftServerImpl (RaftServerImpl.java:<init>(98)) - 318b4bc4-2a6a-4055-b801-3341d5814353: new RaftServerImpl for group-809C905BE9FB:[318b4bc4-2a6a-4055-b801-3341d5814353:192.168.157.200:34345] with ContainerStateMachine:uninitialized
2019-11-13 13:02:39,253 [pool-599-thread-1] INFO  server.RaftServerConfigKeys (ConfUtils.java:logGet(43)) - raft.server.rpc.timeout.min = 1s (custom)
2019-11-13 13:02:39,253 [pool-599-thread-1] INFO  server.RaftServerConfigKeys (ConfUtils.java:logGet(43)) - raft.server.rpc.timeout.max = 1200ms (custom)
2019-11-13 13:02:39,253 [pool-599-thread-1] INFO  server.RaftServerConfigKeys (ConfUtils.java:logGet(43)) - raft.server.rpcslowness.timeout = 120s (custom)
2019-11-13 13:02:39,253 [pool-599-thread-1] INFO  server.RaftServerConfigKeys (ConfUtils.java:logGet(43)) - raft.server.sleep.deviation.threshold = 300 (default)
2019-11-13 13:02:39,253 [pool-599-thread-1] INFO  server.RaftServerConfigKeys (ConfUtils.java:logGet(43)) - raft.server.log.appender.install.snapshot.enabled = false (custom)
2019-11-13 13:02:39,253 [pool-599-thread-1] INFO  impl.RaftServerImpl (ServerState.java:<init>(103)) - 318b4bc4-2a6a-4055-b801-3341d5814353@group-809C905BE9FB: ConfigurationManager, init=-1: [318b4bc4-2a6a-4055-b801-3341d5814353:192.168.157.200:34345], old=null, confs=<EMPTY_MAP>
2019-11-13 13:02:39,253 [pool-599-thread-1] INFO  server.RaftServerConfigKeys (ConfUtils.java:logGet(43)) - raft.server.storage.dir = [/workdir/hadoop-ozone/integration-test/target/test-dir/MiniOzoneClusterImpl-90e8aeb1-2975-47c6-9bba-faf27de7fb8c/datanode-9/data/ratis] (custom)
2019-11-13 13:02:39,291 [pool-599-thread-1] INFO  server.RaftServerConfigKeys (ConfUtils.java:logGet(43)) - raft.server.log.corruption.policy = EXCEPTION (default)
2019-11-13 13:02:39,292 [pool-599-thread-1] INFO  storage.RaftStorageDirectory (RaftStorageDirectory.java:analyzeStorage(246)) - The storage directory /workdir/hadoop-ozone/integration-test/target/test-dir/MiniOzoneClusterImpl-90e8aeb1-2975-47c6-9bba-faf27de7fb8c/datanode-9/data/ratis/9201014d-9368-458f-9733-809c905be9fb does not exist. Creating ...
2019-11-13 13:02:39,308 [9bca8fcc-ea98-4ec4-92ce-7a037de40a27@group-2FD560804636-LeaderElection218] INFO  impl.LeaderElection (LeaderElection.java:askForVotes(178)) - 9bca8fcc-ea98-4ec4-92ce-7a037de40a27@group-2FD560804636-LeaderElection218: begin an election at term 1 for -1: [9bca8fcc-ea98-4ec4-92ce-7a037de40a27:192.168.157.200:33211], old=null
2019-11-13 13:02:39,308 [9bca8fcc-ea98-4ec4-92ce-7a037de40a27@group-9ABFFEB58543-LeaderElection219] INFO  impl.LeaderElection (LeaderElection.java:askForVotes(178)) - 9bca8fcc-ea98-4ec4-92ce-7a037de40a27@group-9ABFFEB58543-LeaderElection219: begin an election at term 1 for -1: [9bca8fcc-ea98-4ec4-92ce-7a037de40a27:192.168.157.200:33211], old=null
2019-11-13 13:02:39,309 [9bca8fcc-ea98-4ec4-92ce-7a037de40a27@group-2FD560804636-LeaderElection218] INFO  impl.RoleInfo (RoleInfo.java:shutdownLeaderElection(134)) - 9bca8fcc-ea98-4ec4-92ce-7a037de40a27: shutdown LeaderElection
2019-11-13 13:02:39,308 [9bca8fcc-ea98-4ec4-92ce-7a037de40a27@group-BFFD9583CC8A-LeaderElection217] INFO  impl.LeaderElection (LeaderElection.java:askForVotes(178)) - 9bca8fcc-ea98-4ec4-92ce-7a037de40a27@group-BFFD9583CC8A-LeaderElection217: begin an election at term 1 for -1: [9bca8fcc-ea98-4ec4-92ce-7a037de40a27:192.168.157.200:33211], old=null
2019-11-13 13:02:39,309 [9bca8fcc-ea98-4ec4-92ce-7a037de40a27@group-2FD560804636-LeaderElection218] INFO  impl.RaftServerImpl (RaftServerImpl.java:setRole(173)) - 9bca8fcc-ea98-4ec4-92ce-7a037de40a27@group-2FD560804636: changes role from CANDIDATE to LEADER at term 1 for changeToLeader
2019-11-13 13:02:39,309 [9bca8fcc-ea98-4ec4-92ce-7a037de40a27@group-2FD560804636-LeaderElection218] INFO  ratis.XceiverServerRatis (XceiverServerRatis.java:handleLeaderChangedNotification(697)) - Leader change notification received for group: group-2FD560804636 with new leaderId: 9bca8fcc-ea98-4ec4-92ce-7a037de40a27
2019-11-13 13:02:39,309 [9bca8fcc-ea98-4ec4-92ce-7a037de40a27@group-2FD560804636-LeaderElection218] INFO  impl.RaftServerImpl (ServerState.java:setLeader(255)) - 9bca8fcc-ea98-4ec4-92ce-7a037de40a27@group-2FD560804636: change Leader from null to 9bca8fcc-ea98-4ec4-92ce-7a037de40a27 at term 1 for becomeLeader, leader elected after 1386ms
2019-11-13 13:02:39,309 [9bca8fcc-ea98-4ec4-92ce-7a037de40a27@group-2FD560804636-LeaderElection218] INFO  server.RaftServerConfigKeys (ConfUtils.java:logGet(43)) - raft.server.staging.catchup.gap = 1000 (default)
2019-11-13 13:02:39,309 [9bca8fcc-ea98-4ec4-92ce-7a037de40a27@group-2FD560804636-LeaderElection218] INFO  server.RaftServerConfigKeys (ConfUtils.java:logGet(43)) - raft.server.rpc.sleep.time = 25ms (default)
2019-11-13 13:02:39,310 [9bca8fcc-ea98-4ec4-92ce-7a037de40a27@group-2FD560804636-LeaderElection218] INFO  server.RaftServerConfigKeys (ConfUtils.java:logGet(43)) - raft.server.write.element-limit = 4096 (default)
2019-11-13 13:02:39,310 [9bca8fcc-ea98-4ec4-92ce-7a037de40a27@group-2FD560804636-LeaderElection218] INFO  server.RaftServerConfigKeys (ConfUtils.java:logGet(43)) - raft.server.watch.timeout = 10s (default)
2019-11-13 13:02:39,310 [9bca8fcc-ea98-4ec4-92ce-7a037de40a27@group-2FD560804636-LeaderElection218] INFO  server.RaftServerConfigKeys (ConfUtils.java:logGet(43)) - raft.server.watch.timeout.denomination = 1s (default)
2019-11-13 13:02:39,310 [9bca8fcc-ea98-4ec4-92ce-7a037de40a27@group-2FD560804636-LeaderElection218] INFO  server.RaftServerConfigKeys (ConfUtils.java:logGet(43)) - raft.server.watch.element-limit = 65536 (default)
2019-11-13 13:02:39,309 [9bca8fcc-ea98-4ec4-92ce-7a037de40a27@group-9ABFFEB58543-LeaderElection219] INFO  impl.RoleInfo (RoleInfo.java:shutdownLeaderElection(134)) - 9bca8fcc-ea98-4ec4-92ce-7a037de40a27: shutdown LeaderElection
2019-11-13 13:02:39,310 [9bca8fcc-ea98-4ec4-92ce-7a037de40a27@group-2FD560804636-LeaderElection218] INFO  impl.RoleInfo (RoleInfo.java:updateAndGet(143)) - 9bca8fcc-ea98-4ec4-92ce-7a037de40a27: start LeaderState
2019-11-13 13:02:39,309 [9bca8fcc-ea98-4ec4-92ce-7a037de40a27@group-BFFD9583CC8A-LeaderElection217] INFO  impl.RoleInfo (RoleInfo.java:shutdownLeaderElection(134)) - 9bca8fcc-ea98-4ec4-92ce-7a037de40a27: shutdown LeaderElection
2019-11-13 13:02:39,310 [9bca8fcc-ea98-4ec4-92ce-7a037de40a27@group-BFFD9583CC8A-LeaderElection217] INFO  impl.RaftServerImpl (RaftServerImpl.java:setRole(173)) - 9bca8fcc-ea98-4ec4-92ce-7a037de40a27@group-BFFD9583CC8A: changes role from CANDIDATE to LEADER at term 1 for changeToLeader
2019-11-13 13:02:39,310 [9bca8fcc-ea98-4ec4-92ce-7a037de40a27@group-BFFD9583CC8A-LeaderElection217] INFO  ratis.XceiverServerRatis (XceiverServerRatis.java:handleLeaderChangedNotification(697)) - Leader change notification received for group: group-BFFD9583CC8A with new leaderId: 9bca8fcc-ea98-4ec4-92ce-7a037de40a27
2019-11-13 13:02:39,310 [9bca8fcc-ea98-4ec4-92ce-7a037de40a27@group-9ABFFEB58543-LeaderElection219] INFO  impl.RaftServerImpl (RaftServerImpl.java:setRole(173)) - 9bca8fcc-ea98-4ec4-92ce-7a037de40a27@group-9ABFFEB58543: changes role from CANDIDATE to LEADER at term 1 for changeToLeader
2019-11-13 13:02:39,311 [9bca8fcc-ea98-4ec4-92ce-7a037de40a27@group-BFFD9583CC8A-LeaderElection217] INFO  impl.RaftServerImpl (ServerState.java:setLeader(255)) - 9bca8fcc-ea98-4ec4-92ce-7a037de40a27@group-BFFD9583CC8A: change Leader from null to 9bca8fcc-ea98-4ec4-92ce-7a037de40a27 at term 1 for becomeLeader, leader elected after 1280ms
2019-11-13 13:02:39,310 [9bca8fcc-ea98-4ec4-92ce-7a037de40a27@group-2FD560804636-LeaderElection218] INFO  segmented.SegmentedRaftLogWorker (SegmentedRaftLogWorker.java:startLogSegment(385)) - 9bca8fcc-ea98-4ec4-92ce-7a037de40a27@group-2FD560804636-SegmentedRaftLogWorker: Starting segment from index:0
2019-11-13 13:02:39,311 [9bca8fcc-ea98-4ec4-92ce-7a037de40a27@group-BFFD9583CC8A-LeaderElection217] INFO  server.RaftServerConfigKeys (ConfUtils.java:logGet(43)) - raft.server.staging.catchup.gap = 1000 (default)
2019-11-13 13:02:39,311 [9bca8fcc-ea98-4ec4-92ce-7a037de40a27@group-9ABFFEB58543-LeaderElection219] INFO  ratis.XceiverServerRatis (XceiverServerRatis.java:handleLeaderChangedNotification(697)) - Leader change notification received for group: group-9ABFFEB58543 with new leaderId: 9bca8fcc-ea98-4ec4-92ce-7a037de40a27
2019-11-13 13:02:39,311 [9bca8fcc-ea98-4ec4-92ce-7a037de40a27@group-BFFD9583CC8A-LeaderElection217] INFO  server.RaftServerConfigKeys (ConfUtils.java:logGet(43)) - raft.server.rpc.sleep.time = 25ms (default)
2019-11-13 13:02:39,311 [9bca8fcc-ea98-4ec4-92ce-7a037de40a27@group-2FD560804636-LeaderElection218] INFO  impl.RaftServerImpl (ServerState.java:setRaftConf(356)) - 9bca8fcc-ea98-4ec4-92ce-7a037de40a27@group-2FD560804636: set configuration 0: [9bca8fcc-ea98-4ec4-92ce-7a037de40a27:192.168.157.200:33211], old=null at 0
2019-11-13 13:02:39,311 [9bca8fcc-ea98-4ec4-92ce-7a037de40a27@group-BFFD9583CC8A-LeaderElection217] INFO  server.RaftServerConfigKeys (ConfUtils.java:logGet(43)) - raft.server.write.element-limit = 4096 (default)
2019-11-13 13:02:39,312 [9bca8fcc-ea98-4ec4-92ce-7a037de40a27@group-BFFD9583CC8A-LeaderElection217] INFO  server.RaftServerConfigKeys (ConfUtils.java:logGet(43)) - raft.server.watch.timeout = 10s (default)
2019-11-13 13:02:39,311 [9bca8fcc-ea98-4ec4-92ce-7a037de40a27@group-9ABFFEB58543-LeaderElection219] INFO  impl.RaftServerImpl (ServerState.java:setLeader(255)) - 9bca8fcc-ea98-4ec4-92ce-7a037de40a27@group-9ABFFEB58543: change Leader from null to 9bca8fcc-ea98-4ec4-92ce-7a037de40a27 at term 1 for becomeLeader, leader elected after 1215ms
2019-11-13 13:02:39,354 [9bca8fcc-ea98-4ec4-92ce-7a037de40a27@group-BFFD9583CC8A-LeaderElection217] INFO  server.RaftServerConfigKeys (ConfUtils.java:logGet(43)) - raft.server.watch.timeout.denomination = 1s (default)
2019-11-13 13:02:39,354 [pool-599-thread-1] INFO  storage.RaftStorageDirectory (RaftStorageDirectory.java:tryLock(328)) - Lock on /workdir/hadoop-ozone/integration-test/target/test-dir/MiniOzoneClusterImpl-90e8aeb1-2975-47c6-9bba-faf27de7fb8c/datanode-9/data/ratis/9201014d-9368-458f-9733-809c905be9fb/in_use.lock acquired by nodename 10766@pr-hdds-2452-7vw7s-1330541530
2019-11-13 13:02:39,354 [9bca8fcc-ea98-4ec4-92ce-7a037de40a27@group-BFFD9583CC8A-LeaderElection217] INFO  server.RaftServerConfigKeys (ConfUtils.java:logGet(43)) - raft.server.watch.element-limit = 65536 (default)
2019-11-13 13:02:39,354 [9bca8fcc-ea98-4ec4-92ce-7a037de40a27@group-9ABFFEB58543-LeaderElection219] INFO  server.RaftServerConfigKeys (ConfUtils.java:logGet(43)) - raft.server.staging.catchup.gap = 1000 (default)
2019-11-13 13:02:39,355 [9bca8fcc-ea98-4ec4-92ce-7a037de40a27@group-BFFD9583CC8A-LeaderElection217] INFO  impl.RoleInfo (RoleInfo.java:updateAndGet(143)) - 9bca8fcc-ea98-4ec4-92ce-7a037de40a27: start LeaderState
2019-11-13 13:02:39,355 [9bca8fcc-ea98-4ec4-92ce-7a037de40a27@group-9ABFFEB58543-LeaderElection219] INFO  server.RaftServerConfigKeys (ConfUtils.java:logGet(43)) - raft.server.rpc.sleep.time = 25ms (default)
2019-11-13 13:02:39,355 [9bca8fcc-ea98-4ec4-92ce-7a037de40a27@group-BFFD9583CC8A-LeaderElection217] INFO  segmented.SegmentedRaftLogWorker (SegmentedRaftLogWorker.java:startLogSegment(385)) - 9bca8fcc-ea98-4ec4-92ce-7a037de40a27@group-BFFD9583CC8A-SegmentedRaftLogWorker: Starting segment from index:0
2019-11-13 13:02:39,355 [9bca8fcc-ea98-4ec4-92ce-7a037de40a27@group-9ABFFEB58543-LeaderElection219] INFO  server.RaftServerConfigKeys (ConfUtils.java:logGet(43)) - raft.server.write.element-limit = 4096 (default)
2019-11-13 13:02:39,355 [9bca8fcc-ea98-4ec4-92ce-7a037de40a27@group-9ABFFEB58543-LeaderElection219] INFO  server.RaftServerConfigKeys (ConfUtils.java:logGet(43)) - raft.server.watch.timeout = 10s (default)
2019-11-13 13:02:39,355 [9bca8fcc-ea98-4ec4-92ce-7a037de40a27@group-9ABFFEB58543-LeaderElection219] INFO  server.RaftServerConfigKeys (ConfUtils.java:logGet(43)) - raft.server.watch.timeout.denomination = 1s (default)
2019-11-13 13:02:39,355 [9bca8fcc-ea98-4ec4-92ce-7a037de40a27@group-BFFD9583CC8A-LeaderElection217] INFO  impl.RaftServerImpl (ServerState.java:setRaftConf(356)) - 9bca8fcc-ea98-4ec4-92ce-7a037de40a27@group-BFFD9583CC8A: set configuration 0: [9bca8fcc-ea98-4ec4-92ce-7a037de40a27:192.168.157.200:33211], old=null at 0
2019-11-13 13:02:39,355 [9bca8fcc-ea98-4ec4-92ce-7a037de40a27@group-9ABFFEB58543-LeaderElection219] INFO  server.RaftServerConfigKeys (ConfUtils.java:logGet(43)) - raft.server.watch.element-limit = 65536 (default)
2019-11-13 13:02:39,357 [9bca8fcc-ea98-4ec4-92ce-7a037de40a27@group-9ABFFEB58543-LeaderElection219] INFO  impl.RoleInfo (RoleInfo.java:updateAndGet(143)) - 9bca8fcc-ea98-4ec4-92ce-7a037de40a27: start LeaderState
2019-11-13 13:02:39,357 [9bca8fcc-ea98-4ec4-92ce-7a037de40a27@group-9ABFFEB58543-LeaderElection219] INFO  segmented.SegmentedRaftLogWorker (SegmentedRaftLogWorker.java:startLogSegment(385)) - 9bca8fcc-ea98-4ec4-92ce-7a037de40a27@group-9ABFFEB58543-SegmentedRaftLogWorker: Starting segment from index:0
2019-11-13 13:02:39,358 [9bca8fcc-ea98-4ec4-92ce-7a037de40a27@group-9ABFFEB58543-LeaderElection219] INFO  impl.RaftServerImpl (ServerState.java:setRaftConf(356)) - 9bca8fcc-ea98-4ec4-92ce-7a037de40a27@group-9ABFFEB58543: set configuration 0: [9bca8fcc-ea98-4ec4-92ce-7a037de40a27:192.168.157.200:33211], old=null at 0
2019-11-13 13:02:39,401 [9bca8fcc-ea98-4ec4-92ce-7a037de40a27@group-2FD560804636-SegmentedRaftLogWorker] INFO  segmented.SegmentedRaftLogWorker (SegmentedRaftLogWorker.java:execute(576)) - 9bca8fcc-ea98-4ec4-92ce-7a037de40a27@group-2FD560804636-SegmentedRaftLogWorker: created new log segment /workdir/hadoop-ozone/integration-test/target/test-dir/MiniOzoneClusterImpl-90e8aeb1-2975-47c6-9bba-faf27de7fb8c/datanode-3/data/ratis/4f1c5194-9ad6-4c8e-a1a8-2fd560804636/current/log_inprogress_0
2019-11-13 13:02:39,410 [pool-599-thread-1] INFO  storage.RaftStorage (RaftStorage.java:format(84)) - Storage directory /workdir/hadoop-ozone/integration-test/target/test-dir/MiniOzoneClusterImpl-90e8aeb1-2975-47c6-9bba-faf27de7fb8c/datanode-9/data/ratis/9201014d-9368-458f-9733-809c905be9fb has been successfully formatted.
2019-11-13 13:02:39,410 [pool-599-thread-1] INFO  ratis.ContainerStateMachine (ContainerStateMachine.java:loadSnapshot(223)) - group-809C905BE9FB: The snapshot info is null. Setting the last applied indexto:(t:0, i:~)
2019-11-13 13:02:39,410 [pool-599-thread-1] INFO  server.RaftServerConfigKeys (ConfUtils.java:logGet(43)) - raft.server.notification.no-leader.timeout = 120s (custom)
2019-11-13 13:02:39,410 [pool-599-thread-1] INFO  server.RaftServerConfigKeys (ConfUtils.java:logGet(43)) - raft.server.log.use.memory = false (default)
2019-11-13 13:02:39,410 [pool-599-thread-1] INFO  server.RaftServerConfigKeys (ConfUtils.java:logGet(43)) - raft.server.log.purge.gap = 1000000 (custom)
2019-11-13 13:02:39,411 [pool-599-thread-1] INFO  server.RaftServerConfigKeys (ConfUtils.java:logGet(43)) - raft.server.log.appender.buffer.byte-limit = 33554432 (custom)
2019-11-13 13:02:39,411 [pool-599-thread-1] INFO  server.RaftServerConfigKeys (ConfUtils.java:logGet(43)) - raft.server.log.segment.size.max = 1048576 (custom)
2019-11-13 13:02:39,411 [pool-599-thread-1] INFO  server.RaftServerConfigKeys (ConfUtils.java:logGet(43)) - raft.server.log.segment.cache.num.max = 2 (custom)
2019-11-13 13:02:39,411 [pool-599-thread-1] INFO  segmented.SegmentedRaftLogWorker (SegmentedRaftLogWorker.java:<init>(173)) - new 318b4bc4-2a6a-4055-b801-3341d5814353@group-809C905BE9FB-SegmentedRaftLogWorker for RaftStorage:Storage Directory /workdir/hadoop-ozone/integration-test/target/test-dir/MiniOzoneClusterImpl-90e8aeb1-2975-47c6-9bba-faf27de7fb8c/datanode-9/data/ratis/9201014d-9368-458f-9733-809c905be9fb
2019-11-13 13:02:39,411 [pool-599-thread-1] INFO  server.RaftServerConfigKeys (ConfUtils.java:logGet(43)) - raft.server.log.queue.byte-limit = 2147483647 (custom)
2019-11-13 13:02:39,411 [pool-599-thread-1] INFO  server.RaftServerConfigKeys (ConfUtils.java:logGet(43)) - raft.server.log.queue.element-limit = 1024 (custom)
2019-11-13 13:02:39,411 [pool-599-thread-1] INFO  server.RaftServerConfigKeys (ConfUtils.java:logGet(43)) - raft.server.log.segment.size.max = 1048576 (custom)
2019-11-13 13:02:39,411 [pool-599-thread-1] INFO  server.RaftServerConfigKeys (ConfUtils.java:logGet(43)) - raft.server.log.preallocated.size = 16384 (custom)
2019-11-13 13:02:39,411 [pool-599-thread-1] INFO  server.RaftServerConfigKeys (ConfUtils.java:logGet(43)) - raft.server.log.write.buffer.size = 33554432 (custom)
2019-11-13 13:02:39,411 [pool-599-thread-1] INFO  server.RaftServerConfigKeys (ConfUtils.java:logGet(43)) - raft.server.log.force.sync.num = 128 (default)
2019-11-13 13:02:39,411 [pool-599-thread-1] INFO  server.RaftServerConfigKeys (ConfUtils.java:logGet(43)) - raft.server.log.statemachine.data.sync = true (default)
2019-11-13 13:02:39,411 [pool-599-thread-1] INFO  server.RaftServerConfigKeys (ConfUtils.java:logGet(43)) - raft.server.log.statemachine.data.sync.timeout = 10s (default)
2019-11-13 13:02:39,412 [pool-599-thread-1] INFO  server.RaftServerConfigKeys (ConfUtils.java:logGet(43)) - raft.server.log.statemachine.data.sync.timeout.retry = -1 (default)
2019-11-13 13:02:39,412 [pool-599-thread-1] INFO  server.RaftServerConfigKeys (ConfUtils.java:logGet(43)) - raft.server.log.statemachine.data.caching.enabled = true (custom)
2019-11-13 13:02:39,412 [pool-599-thread-1] INFO  segmented.SegmentedRaftLogWorker (SegmentedRaftLogWorker.java:lambda$new$0(128)) - 318b4bc4-2a6a-4055-b801-3341d5814353@group-809C905BE9FB-SegmentedRaftLogWorker: flushIndex: setUnconditionally 0 -> -1
2019-11-13 13:02:39,412 [pool-599-thread-1] INFO  server.RaftServerConfigKeys (ConfUtils.java:logGet(43)) - raft.server.snapshot.auto.trigger.enabled = true (custom)
2019-11-13 13:02:39,412 [pool-599-thread-1] INFO  server.RaftServerConfigKeys (ConfUtils.java:logGet(43)) - raft.server.snapshot.auto.trigger.threshold = 10000 (custom)
2019-11-13 13:02:39,412 [pool-599-thread-1] INFO  server.RaftServerConfigKeys (ConfUtils.java:logGet(43)) - raft.server.snapshot.retention.file.num = 5 (custom)
2019-11-13 13:02:39,412 [pool-599-thread-1] INFO  server.RaftServerConfigKeys (ConfUtils.java:logGet(43)) - raft.server.retrycache.expirytime = 600000ms (custom)
2019-11-13 13:02:39,412 [pool-599-thread-1] WARN  impl.MetricRegistriesImpl (MetricRegistriesImpl.java:lambda$create$1(61)) - First MetricRegistry has been created without registering reporters. You may need to call MetricRegistries.global().addReportRegistration(...) before.
2019-11-13 13:02:39,413 [pool-599-thread-1] WARN  impl.MetricRegistriesImpl (MetricRegistriesImpl.java:lambda$create$1(61)) - First MetricRegistry has been created without registering reporters. You may need to call MetricRegistries.global().addReportRegistration(...) before.
2019-11-13 13:02:39,413 [pool-599-thread-1] INFO  impl.RaftServerImpl (RaftServerImpl.java:start(184)) - 318b4bc4-2a6a-4055-b801-3341d5814353@group-809C905BE9FB: start as a follower, conf=-1: [318b4bc4-2a6a-4055-b801-3341d5814353:192.168.157.200:34345], old=null
2019-11-13 13:02:39,413 [pool-599-thread-1] INFO  impl.RaftServerImpl (RaftServerImpl.java:setRole(173)) - 318b4bc4-2a6a-4055-b801-3341d5814353@group-809C905BE9FB: changes role from      null to FOLLOWER at term 0 for startAsFollower
2019-11-13 13:02:39,413 [pool-599-thread-1] INFO  impl.RoleInfo (RoleInfo.java:updateAndGet(143)) - 318b4bc4-2a6a-4055-b801-3341d5814353: start FollowerState
2019-11-13 13:02:39,413 [pool-599-thread-1] INFO  util.JmxRegister (JmxRegister.java:tryRegister(44)) - Successfully registered JMX Bean with object name Ratis:service=RaftServer,group=group-809C905BE9FB,id=318b4bc4-2a6a-4055-b801-3341d5814353
2019-11-13 13:02:39,413 [pool-599-thread-1] WARN  impl.MetricRegistriesImpl (MetricRegistriesImpl.java:lambda$create$1(61)) - First MetricRegistry has been created without registering reporters. You may need to call MetricRegistries.global().addReportRegistration(...) before.
2019-11-13 13:02:39,416 [RatisPipelineUtilsThread] INFO  pipeline.PipelineStateManager (PipelineStateManager.java:addPipeline(55)) - Created pipeline Pipeline[ Id: 9201014d-9368-458f-9733-809c905be9fb, Nodes: 318b4bc4-2a6a-4055-b801-3341d5814353{ip: 192.168.157.200, host: pr-hdds-2452-7vw7s-1330541530, networkLocation: /rack1, certSerialId: null}, Type:RATIS, Factor:ONE, State:ALLOCATED]
2019-11-13 13:02:39,427 [9bca8fcc-ea98-4ec4-92ce-7a037de40a27@group-9ABFFEB58543-SegmentedRaftLogWorker] INFO  segmented.SegmentedRaftLogWorker (SegmentedRaftLogWorker.java:execute(576)) - 9bca8fcc-ea98-4ec4-92ce-7a037de40a27@group-9ABFFEB58543-SegmentedRaftLogWorker: created new log segment /workdir/hadoop-ozone/integration-test/target/test-dir/MiniOzoneClusterImpl-90e8aeb1-2975-47c6-9bba-faf27de7fb8c/datanode-3/data/ratis/35cd82dd-15b6-412a-83dc-9abffeb58543/current/log_inprogress_0
2019-11-13 13:02:39,427 [9bca8fcc-ea98-4ec4-92ce-7a037de40a27@group-BFFD9583CC8A-SegmentedRaftLogWorker] INFO  segmented.SegmentedRaftLogWorker (SegmentedRaftLogWorker.java:execute(576)) - 9bca8fcc-ea98-4ec4-92ce-7a037de40a27@group-BFFD9583CC8A-SegmentedRaftLogWorker: created new log segment /workdir/hadoop-ozone/integration-test/target/test-dir/MiniOzoneClusterImpl-90e8aeb1-2975-47c6-9bba-faf27de7fb8c/datanode-3/data/ratis/f278ffee-b89c-4f70-9b2b-bffd9583cc8a/current/log_inprogress_0
2019-11-13 13:02:39,429 [Thread-4171] INFO  impl.FollowerState (FollowerState.java:run(111)) - 7ba291c4-9ee0-417b-844f-44a16c4ba9e2@group-2F0879C8D117-FollowerState: change to CANDIDATE, lastRpcTime:1201ms, electionTimeout:1200ms
2019-11-13 13:02:39,429 [Thread-3904] INFO  pipeline.PipelineStateManager (PipelineStateManager.java:finalizePipeline(121)) - Pipeline Pipeline[ Id: 7509f1b6-db02-46c7-a79e-bc826a4f679f, Nodes: 90f8c6ad-89d1-4dd8-98a8-ca579bb4c57a{ip: 192.168.157.200, host: pr-hdds-2452-7vw7s-1330541530, networkLocation: /rack1, certSerialId: null}, Type:RATIS, Factor:ONE, State:CLOSED] moved to CLOSED state
2019-11-13 13:02:39,430 [Thread-4171] INFO  impl.RoleInfo (RoleInfo.java:shutdownFollowerState(121)) - 7ba291c4-9ee0-417b-844f-44a16c4ba9e2: shutdown FollowerState
2019-11-13 13:02:39,430 [Thread-4171] INFO  impl.RaftServerImpl (RaftServerImpl.java:setRole(173)) - 7ba291c4-9ee0-417b-844f-44a16c4ba9e2@group-2F0879C8D117: changes role from  FOLLOWER to CANDIDATE at term 0 for changeToCandidate
2019-11-13 13:02:39,430 [Thread-4171] INFO  impl.RoleInfo (RoleInfo.java:updateAndGet(143)) - 7ba291c4-9ee0-417b-844f-44a16c4ba9e2: start LeaderElection
2019-11-13 13:02:39,435 [grpc-default-executor-6] INFO  impl.RaftServerProxy (RaftServerProxy.java:remove(95)) - 9bca8fcc-ea98-4ec4-92ce-7a037de40a27: remove    LEADER 9bca8fcc-ea98-4ec4-92ce-7a037de40a27@group-BFFD9583CC8A:t1, leader=9bca8fcc-ea98-4ec4-92ce-7a037de40a27, voted=9bca8fcc-ea98-4ec4-92ce-7a037de40a27, raftlog=9bca8fcc-ea98-4ec4-92ce-7a037de40a27@group-BFFD9583CC8A-SegmentedRaftLog:OPENED:c-1,f-1,i0, conf=0: [9bca8fcc-ea98-4ec4-92ce-7a037de40a27:192.168.157.200:33211], old=null RUNNING
2019-11-13 13:02:39,435 [grpc-default-executor-2] INFO  impl.RaftServerProxy (RaftServerProxy.java:remove(95)) - 90f8c6ad-89d1-4dd8-98a8-ca579bb4c57a: remove    LEADER 90f8c6ad-89d1-4dd8-98a8-ca579bb4c57a@group-BC826A4F679F:t1, leader=90f8c6ad-89d1-4dd8-98a8-ca579bb4c57a, voted=90f8c6ad-89d1-4dd8-98a8-ca579bb4c57a, raftlog=90f8c6ad-89d1-4dd8-98a8-ca579bb4c57a@group-BC826A4F679F-SegmentedRaftLog:OPENED:c0,f0,i0, conf=0: [90f8c6ad-89d1-4dd8-98a8-ca579bb4c57a:192.168.157.200:39136], old=null RUNNING
2019-11-13 13:02:39,435 [grpc-default-executor-6] INFO  impl.RaftServerImpl (RaftServerImpl.java:lambda$shutdown$3(250)) - 9bca8fcc-ea98-4ec4-92ce-7a037de40a27@group-BFFD9583CC8A: shutdown
2019-11-13 13:02:39,435 [grpc-default-executor-2] INFO  impl.RaftServerImpl (RaftServerImpl.java:lambda$shutdown$3(250)) - 90f8c6ad-89d1-4dd8-98a8-ca579bb4c57a@group-BC826A4F679F: shutdown
2019-11-13 13:02:39,435 [grpc-default-executor-6] INFO  util.JmxRegister (JmxRegister.java:unregister(73)) - Successfully un-registered JMX Bean with object name Ratis:service=RaftServer,group=group-BFFD9583CC8A,id=9bca8fcc-ea98-4ec4-92ce-7a037de40a27
2019-11-13 13:02:39,435 [grpc-default-executor-2] INFO  util.JmxRegister (JmxRegister.java:unregister(73)) - Successfully un-registered JMX Bean with object name Ratis:service=RaftServer,group=group-BC826A4F679F,id=90f8c6ad-89d1-4dd8-98a8-ca579bb4c57a
2019-11-13 13:02:39,435 [grpc-default-executor-6] INFO  impl.RoleInfo (RoleInfo.java:shutdownLeaderState(104)) - 9bca8fcc-ea98-4ec4-92ce-7a037de40a27: shutdown LeaderState
2019-11-13 13:02:39,436 [grpc-default-executor-2] INFO  impl.RoleInfo (RoleInfo.java:shutdownLeaderState(104)) - 90f8c6ad-89d1-4dd8-98a8-ca579bb4c57a: shutdown LeaderState
2019-11-13 13:02:39,436 [grpc-default-executor-6] INFO  impl.PendingRequests (PendingRequests.java:sendNotLeaderResponses(206)) - 9bca8fcc-ea98-4ec4-92ce-7a037de40a27@group-BFFD9583CC8A-PendingRequests: sendNotLeaderResponses
2019-11-13 13:02:39,436 [grpc-default-executor-2] INFO  impl.PendingRequests (PendingRequests.java:sendNotLeaderResponses(206)) - 90f8c6ad-89d1-4dd8-98a8-ca579bb4c57a@group-BC826A4F679F-PendingRequests: sendNotLeaderResponses
2019-11-13 13:02:39,436 [grpc-default-executor-6] INFO  impl.StateMachineUpdater (StateMachineUpdater.java:stopAndJoin(136)) - 9bca8fcc-ea98-4ec4-92ce-7a037de40a27@group-BFFD9583CC8A-StateMachineUpdater: set stopIndex = -1
2019-11-13 13:02:39,436 [grpc-default-executor-2] INFO  impl.StateMachineUpdater (StateMachineUpdater.java:stopAndJoin(136)) - 90f8c6ad-89d1-4dd8-98a8-ca579bb4c57a@group-BC826A4F679F-StateMachineUpdater: set stopIndex = 0
2019-11-13 13:02:39,436 [grpc-default-executor-6] INFO  impl.RaftServerImpl (ServerState.java:close(387)) - 9bca8fcc-ea98-4ec4-92ce-7a037de40a27@group-BFFD9583CC8A: closes. applyIndex: -1
2019-11-13 13:02:39,436 [grpc-default-executor-2] INFO  impl.RaftServerImpl (ServerState.java:close(387)) - 90f8c6ad-89d1-4dd8-98a8-ca579bb4c57a@group-BC826A4F679F: closes. applyIndex: 0
2019-11-13 13:02:39,436 [90f8c6ad-89d1-4dd8-98a8-ca579bb4c57a@group-BC826A4F679F-SegmentedRaftLogWorker] INFO  segmented.SegmentedRaftLogWorker (SegmentedRaftLogWorker.java:run(316)) - 90f8c6ad-89d1-4dd8-98a8-ca579bb4c57a@group-BC826A4F679F-SegmentedRaftLogWorker was interrupted, exiting. There are 0 tasks remaining in the queue.
2019-11-13 13:02:39,437 [grpc-default-executor-2] INFO  segmented.SegmentedRaftLogWorker (SegmentedRaftLogWorker.java:close(224)) - 90f8c6ad-89d1-4dd8-98a8-ca579bb4c57a@group-BC826A4F679F-SegmentedRaftLogWorker close()
2019-11-13 13:02:39,461 [9bca8fcc-ea98-4ec4-92ce-7a037de40a27@group-BFFD9583CC8A-SegmentedRaftLogWorker] INFO  segmented.SegmentedRaftLogWorker (SegmentedRaftLogWorker.java:run(323)) - 9bca8fcc-ea98-4ec4-92ce-7a037de40a27@group-BFFD9583CC8A-SegmentedRaftLogWorker got closed and hit exception
java.lang.NullPointerException
	at org.apache.hadoop.hdds.protocol.proto.StorageContainerDatanodeProtocolProtos$ClosePipelineInfo$Builder.setDetailedReason(StorageContainerDatanodeProtocolProtos.java:22682)
	at org.apache.hadoop.ozone.container.common.transport.server.ratis.XceiverServerRatis.triggerPipelineClose(XceiverServerRatis.java:573)
	at org.apache.hadoop.ozone.container.common.transport.server.ratis.XceiverServerRatis.handleNodeLogFailure(XceiverServerRatis.java:673)
	at org.apache.hadoop.ozone.container.common.transport.server.ratis.ContainerStateMachine.notifyLogFailed(ContainerStateMachine.java:824)
	at org.apache.ratis.server.raftlog.segmented.SegmentedRaftLogWorker$WriteLog.failed(SegmentedRaftLogWorker.java:460)
	at org.apache.ratis.server.raftlog.segmented.SegmentedRaftLogWorker.run(SegmentedRaftLogWorker.java:300)
	at java.lang.Thread.run(Thread.java:748)
2019-11-13 13:02:39,461 [grpc-default-executor-6] INFO  segmented.SegmentedRaftLogWorker (SegmentedRaftLogWorker.java:close(224)) - 9bca8fcc-ea98-4ec4-92ce-7a037de40a27@group-BFFD9583CC8A-SegmentedRaftLogWorker close()
2019-11-13 13:02:39,462 [Thread-3904] INFO  pipeline.PipelineStateManager (PipelineStateManager.java:removePipeline(106)) - Pipeline Pipeline[ Id: 7509f1b6-db02-46c7-a79e-bc826a4f679f, Nodes: 90f8c6ad-89d1-4dd8-98a8-ca579bb4c57a{ip: 192.168.157.200, host: pr-hdds-2452-7vw7s-1330541530, networkLocation: /rack1, certSerialId: null}, Type:RATIS, Factor:ONE, State:CLOSED] removed from db
2019-11-13 13:02:39,462 [Thread-3904] INFO  pipeline.SCMPipelineManager (SCMPipelineManager.java:finalizeAndDestroyPipeline(315)) - destroying pipeline:Pipeline[ Id: 222b1e04-a418-438b-b6f4-44ab8b55aecf, Nodes: 3d7387af-ecb5-4c7d-b20b-5fe48849adda{ip: 192.168.157.200, host: pr-hdds-2452-7vw7s-1330541530, networkLocation: /rack1, certSerialId: null}, Type:RATIS, Factor:ONE, State:OPEN]
2019-11-13 13:02:39,468 [grpc-default-executor-2] INFO  impl.RaftServerProxy (RaftServerProxy.java:addNew(89)) - 90f8c6ad-89d1-4dd8-98a8-ca579bb4c57a: addNew group-0C75C6098350:[90f8c6ad-89d1-4dd8-98a8-ca579bb4c57a:192.168.157.200:39136] returns group-0C75C6098350:java.util.concurrent.CompletableFuture@5a7e72d5[Not completed]
2019-11-13 13:02:39,469 [pool-509-thread-1] INFO  impl.RaftServerImpl (RaftServerImpl.java:<init>(98)) - 90f8c6ad-89d1-4dd8-98a8-ca579bb4c57a: new RaftServerImpl for group-0C75C6098350:[90f8c6ad-89d1-4dd8-98a8-ca579bb4c57a:192.168.157.200:39136] with ContainerStateMachine:uninitialized
2019-11-13 13:02:39,469 [pool-509-thread-1] INFO  server.RaftServerConfigKeys (ConfUtils.java:logGet(43)) - raft.server.rpc.timeout.min = 1s (custom)
2019-11-13 13:02:39,469 [pool-509-thread-1] INFO  server.RaftServerConfigKeys (ConfUtils.java:logGet(43)) - raft.server.rpc.timeout.max = 1200ms (custom)
2019-11-13 13:02:39,469 [pool-509-thread-1] INFO  server.RaftServerConfigKeys (ConfUtils.java:logGet(43)) - raft.server.rpcslowness.timeout = 120s (custom)
2019-11-13 13:02:39,469 [pool-509-thread-1] INFO  server.RaftServerConfigKeys (ConfUtils.java:logGet(43)) - raft.server.sleep.deviation.threshold = 300 (default)
2019-11-13 13:02:39,469 [pool-509-thread-1] INFO  server.RaftServerConfigKeys (ConfUtils.java:logGet(43)) - raft.server.log.appender.install.snapshot.enabled = false (custom)
2019-11-13 13:02:39,469 [pool-509-thread-1] INFO  impl.RaftServerImpl (ServerState.java:<init>(103)) - 90f8c6ad-89d1-4dd8-98a8-ca579bb4c57a@group-0C75C6098350: ConfigurationManager, init=-1: [90f8c6ad-89d1-4dd8-98a8-ca579bb4c57a:192.168.157.200:39136], old=null, confs=<EMPTY_MAP>
2019-11-13 13:02:39,470 [pool-509-thread-1] INFO  server.RaftServerConfigKeys (ConfUtils.java:logGet(43)) - raft.server.storage.dir = [/workdir/hadoop-ozone/integration-test/target/test-dir/MiniOzoneClusterImpl-90e8aeb1-2975-47c6-9bba-faf27de7fb8c/datanode-0/data/ratis] (custom)
2019-11-13 13:02:39,470 [pool-509-thread-1] INFO  server.RaftServerConfigKeys (ConfUtils.java:logGet(43)) - raft.server.log.corruption.policy = EXCEPTION (default)
2019-11-13 13:02:39,470 [pool-509-thread-1] INFO  storage.RaftStorageDirectory (RaftStorageDirectory.java:analyzeStorage(246)) - The storage directory /workdir/hadoop-ozone/integration-test/target/test-dir/MiniOzoneClusterImpl-90e8aeb1-2975-47c6-9bba-faf27de7fb8c/datanode-0/data/ratis/c2564369-5fff-47a1-bce1-0c75c6098350 does not exist. Creating ...
2019-11-13 13:02:39,520 [pool-509-thread-1] INFO  storage.RaftStorageDirectory (RaftStorageDirectory.java:tryLock(328)) - Lock on /workdir/hadoop-ozone/integration-test/target/test-dir/MiniOzoneClusterImpl-90e8aeb1-2975-47c6-9bba-faf27de7fb8c/datanode-0/data/ratis/c2564369-5fff-47a1-bce1-0c75c6098350/in_use.lock acquired by nodename 10766@pr-hdds-2452-7vw7s-1330541530
2019-11-13 13:02:39,529 [Thread-4180] INFO  impl.FollowerState (FollowerState.java:run(111)) - 1a33519a-3def-4d79-b3e5-c4d8286dc86e@group-E165AE56C698-FollowerState: change to CANDIDATE, lastRpcTime:1049ms, electionTimeout:1049ms
2019-11-13 13:02:39,530 [Thread-4180] INFO  impl.RoleInfo (RoleInfo.java:shutdownFollowerState(121)) - 1a33519a-3def-4d79-b3e5-c4d8286dc86e: shutdown FollowerState
2019-11-13 13:02:39,530 [Thread-4180] INFO  impl.RaftServerImpl (RaftServerImpl.java:setRole(173)) - 1a33519a-3def-4d79-b3e5-c4d8286dc86e@group-E165AE56C698: changes role from  FOLLOWER to CANDIDATE at term 0 for changeToCandidate
2019-11-13 13:02:39,530 [Thread-4180] INFO  impl.RoleInfo (RoleInfo.java:updateAndGet(143)) - 1a33519a-3def-4d79-b3e5-c4d8286dc86e: start LeaderElection
2019-11-13 13:02:39,546 [Thread-4176] INFO  impl.FollowerState (FollowerState.java:run(111)) - 3d7387af-ecb5-4c7d-b20b-5fe48849adda@group-E165AE56C698-FollowerState: change to CANDIDATE, lastRpcTime:1072ms, electionTimeout:1072ms
2019-11-13 13:02:39,546 [Thread-4176] INFO  impl.RoleInfo (RoleInfo.java:shutdownFollowerState(121)) - 3d7387af-ecb5-4c7d-b20b-5fe48849adda: shutdown FollowerState
2019-11-13 13:02:39,547 [Thread-4176] INFO  impl.RaftServerImpl (RaftServerImpl.java:setRole(173)) - 3d7387af-ecb5-4c7d-b20b-5fe48849adda@group-E165AE56C698: changes role from  FOLLOWER to CANDIDATE at term 0 for changeToCandidate
2019-11-13 13:02:39,547 [Thread-4176] INFO  impl.RoleInfo (RoleInfo.java:updateAndGet(143)) - 3d7387af-ecb5-4c7d-b20b-5fe48849adda: start LeaderElection
2019-11-13 13:02:39,554 [7ba291c4-9ee0-417b-844f-44a16c4ba9e2@group-2F0879C8D117-LeaderElection220] INFO  impl.LeaderElection (LeaderElection.java:askForVotes(178)) - 7ba291c4-9ee0-417b-844f-44a16c4ba9e2@group-2F0879C8D117-LeaderElection220: begin an election at term 1 for -1: [7ba291c4-9ee0-417b-844f-44a16c4ba9e2:192.168.157.200:33359], old=null
2019-11-13 13:02:39,554 [7ba291c4-9ee0-417b-844f-44a16c4ba9e2@group-2F0879C8D117-LeaderElection220] INFO  impl.RoleInfo (RoleInfo.java:shutdownLeaderElection(134)) - 7ba291c4-9ee0-417b-844f-44a16c4ba9e2: shutdown LeaderElection
2019-11-13 13:02:39,554 [7ba291c4-9ee0-417b-844f-44a16c4ba9e2@group-2F0879C8D117-LeaderElection220] INFO  impl.RaftServerImpl (RaftServerImpl.java:setRole(173)) - 7ba291c4-9ee0-417b-844f-44a16c4ba9e2@group-2F0879C8D117: changes role from CANDIDATE to LEADER at term 1 for changeToLeader
2019-11-13 13:02:39,554 [7ba291c4-9ee0-417b-844f-44a16c4ba9e2@group-2F0879C8D117-LeaderElection220] INFO  ratis.XceiverServerRatis (XceiverServerRatis.java:handleLeaderChangedNotification(697)) - Leader change notification received for group: group-2F0879C8D117 with new leaderId: 7ba291c4-9ee0-417b-844f-44a16c4ba9e2
2019-11-13 13:02:39,554 [7ba291c4-9ee0-417b-844f-44a16c4ba9e2@group-2F0879C8D117-LeaderElection220] INFO  impl.RaftServerImpl (ServerState.java:setLeader(255)) - 7ba291c4-9ee0-417b-844f-44a16c4ba9e2@group-2F0879C8D117: change Leader from null to 7ba291c4-9ee0-417b-844f-44a16c4ba9e2 at term 1 for becomeLeader, leader elected after 1331ms
2019-11-13 13:02:39,554 [7ba291c4-9ee0-417b-844f-44a16c4ba9e2@group-2F0879C8D117-LeaderElection220] INFO  server.RaftServerConfigKeys (ConfUtils.java:logGet(43)) - raft.server.staging.catchup.gap = 1000 (default)
2019-11-13 13:02:39,555 [7ba291c4-9ee0-417b-844f-44a16c4ba9e2@group-2F0879C8D117-LeaderElection220] INFO  server.RaftServerConfigKeys (ConfUtils.java:logGet(43)) - raft.server.rpc.sleep.time = 25ms (default)
2019-11-13 13:02:39,555 [7ba291c4-9ee0-417b-844f-44a16c4ba9e2@group-2F0879C8D117-LeaderElection220] INFO  server.RaftServerConfigKeys (ConfUtils.java:logGet(43)) - raft.server.write.element-limit = 4096 (default)
2019-11-13 13:02:39,555 [7ba291c4-9ee0-417b-844f-44a16c4ba9e2@group-2F0879C8D117-LeaderElection220] INFO  server.RaftServerConfigKeys (ConfUtils.java:logGet(43)) - raft.server.watch.timeout = 10s (default)
2019-11-13 13:02:39,555 [7ba291c4-9ee0-417b-844f-44a16c4ba9e2@group-2F0879C8D117-LeaderElection220] INFO  server.RaftServerConfigKeys (ConfUtils.java:logGet(43)) - raft.server.watch.timeout.denomination = 1s (default)
2019-11-13 13:02:39,555 [7ba291c4-9ee0-417b-844f-44a16c4ba9e2@group-2F0879C8D117-LeaderElection220] INFO  server.RaftServerConfigKeys (ConfUtils.java:logGet(43)) - raft.server.watch.element-limit = 65536 (default)
2019-11-13 13:02:39,555 [7ba291c4-9ee0-417b-844f-44a16c4ba9e2@group-2F0879C8D117-LeaderElection220] INFO  impl.RoleInfo (RoleInfo.java:updateAndGet(143)) - 7ba291c4-9ee0-417b-844f-44a16c4ba9e2: start LeaderState
2019-11-13 13:02:39,556 [7ba291c4-9ee0-417b-844f-44a16c4ba9e2@group-2F0879C8D117-LeaderElection220] INFO  segmented.SegmentedRaftLogWorker (SegmentedRaftLogWorker.java:startLogSegment(385)) - 7ba291c4-9ee0-417b-844f-44a16c4ba9e2@group-2F0879C8D117-SegmentedRaftLogWorker: Starting segment from index:0
2019-11-13 13:02:39,556 [7ba291c4-9ee0-417b-844f-44a16c4ba9e2@group-2F0879C8D117-LeaderElection220] INFO  impl.RaftServerImpl (ServerState.java:setRaftConf(356)) - 7ba291c4-9ee0-417b-844f-44a16c4ba9e2@group-2F0879C8D117: set configuration 0: [7ba291c4-9ee0-417b-844f-44a16c4ba9e2:192.168.157.200:33359], old=null at 0
2019-11-13 13:02:39,582 [Thread-4175] INFO  impl.FollowerState (FollowerState.java:run(111)) - 318b4bc4-2a6a-4055-b801-3341d5814353@group-E165AE56C698-FollowerState: change to CANDIDATE, lastRpcTime:1108ms, electionTimeout:1100ms
2019-11-13 13:02:39,582 [Thread-4175] INFO  impl.RoleInfo (RoleInfo.java:shutdownFollowerState(121)) - 318b4bc4-2a6a-4055-b801-3341d5814353: shutdown FollowerState
2019-11-13 13:02:39,582 [Thread-4175] INFO  impl.RaftServerImpl (RaftServerImpl.java:setRole(173)) - 318b4bc4-2a6a-4055-b801-3341d5814353@group-E165AE56C698: changes role from  FOLLOWER to CANDIDATE at term 0 for changeToCandidate
2019-11-13 13:02:39,583 [Thread-4175] INFO  impl.RoleInfo (RoleInfo.java:updateAndGet(143)) - 318b4bc4-2a6a-4055-b801-3341d5814353: start LeaderElection
2019-11-13 13:02:39,588 [pool-509-thread-1] INFO  storage.RaftStorage (RaftStorage.java:format(84)) - Storage directory /workdir/hadoop-ozone/integration-test/target/test-dir/MiniOzoneClusterImpl-90e8aeb1-2975-47c6-9bba-faf27de7fb8c/datanode-0/data/ratis/c2564369-5fff-47a1-bce1-0c75c6098350 has been successfully formatted.
2019-11-13 13:02:39,588 [3d7387af-ecb5-4c7d-b20b-5fe48849adda@group-E165AE56C698-LeaderElection222] INFO  impl.LeaderElection (LeaderElection.java:askForVotes(178)) - 3d7387af-ecb5-4c7d-b20b-5fe48849adda@group-E165AE56C698-LeaderElection222: begin an election at term 1 for -1: [1a33519a-3def-4d79-b3e5-c4d8286dc86e:192.168.157.200:40699, 3d7387af-ecb5-4c7d-b20b-5fe48849adda:192.168.157.200:37245, 318b4bc4-2a6a-4055-b801-3341d5814353:192.168.157.200:34345], old=null
2019-11-13 13:02:39,588 [1a33519a-3def-4d79-b3e5-c4d8286dc86e@group-E165AE56C698-LeaderElection221] INFO  impl.LeaderElection (LeaderElection.java:askForVotes(178)) - 1a33519a-3def-4d79-b3e5-c4d8286dc86e@group-E165AE56C698-LeaderElection221: begin an election at term 1 for -1: [1a33519a-3def-4d79-b3e5-c4d8286dc86e:192.168.157.200:40699, 3d7387af-ecb5-4c7d-b20b-5fe48849adda:192.168.157.200:37245, 318b4bc4-2a6a-4055-b801-3341d5814353:192.168.157.200:34345], old=null
2019-11-13 13:02:39,615 [pool-509-thread-1] INFO  ratis.ContainerStateMachine (ContainerStateMachine.java:loadSnapshot(223)) - group-0C75C6098350: The snapshot info is null. Setting the last applied indexto:(t:0, i:~)
2019-11-13 13:02:39,615 [pool-509-thread-1] INFO  server.RaftServerConfigKeys (ConfUtils.java:logGet(43)) - raft.server.notification.no-leader.timeout = 120s (custom)
2019-11-13 13:02:39,615 [pool-509-thread-1] INFO  server.RaftServerConfigKeys (ConfUtils.java:logGet(43)) - raft.server.log.use.memory = false (default)
2019-11-13 13:02:39,615 [pool-509-thread-1] INFO  server.RaftServerConfigKeys (ConfUtils.java:logGet(43)) - raft.server.log.purge.gap = 1000000 (custom)
2019-11-13 13:02:39,615 [pool-509-thread-1] INFO  server.RaftServerConfigKeys (ConfUtils.java:logGet(43)) - raft.server.log.appender.buffer.byte-limit = 33554432 (custom)
2019-11-13 13:02:39,615 [pool-509-thread-1] INFO  server.RaftServerConfigKeys (ConfUtils.java:logGet(43)) - raft.server.log.segment.size.max = 1048576 (custom)
2019-11-13 13:02:39,615 [pool-509-thread-1] INFO  server.RaftServerConfigKeys (ConfUtils.java:logGet(43)) - raft.server.log.segment.cache.num.max = 2 (custom)
2019-11-13 13:02:39,616 [pool-509-thread-1] INFO  segmented.SegmentedRaftLogWorker (SegmentedRaftLogWorker.java:<init>(173)) - new 90f8c6ad-89d1-4dd8-98a8-ca579bb4c57a@group-0C75C6098350-SegmentedRaftLogWorker for RaftStorage:Storage Directory /workdir/hadoop-ozone/integration-test/target/test-dir/MiniOzoneClusterImpl-90e8aeb1-2975-47c6-9bba-faf27de7fb8c/datanode-0/data/ratis/c2564369-5fff-47a1-bce1-0c75c6098350
2019-11-13 13:02:39,616 [pool-509-thread-1] INFO  server.RaftServerConfigKeys (ConfUtils.java:logGet(43)) - raft.server.log.queue.byte-limit = 2147483647 (custom)
2019-11-13 13:02:39,616 [pool-509-thread-1] INFO  server.RaftServerConfigKeys (ConfUtils.java:logGet(43)) - raft.server.log.queue.element-limit = 1024 (custom)
2019-11-13 13:02:39,616 [pool-509-thread-1] INFO  server.RaftServerConfigKeys (ConfUtils.java:logGet(43)) - raft.server.log.segment.size.max = 1048576 (custom)
2019-11-13 13:02:39,616 [pool-509-thread-1] INFO  server.RaftServerConfigKeys (ConfUtils.java:logGet(43)) - raft.server.log.preallocated.size = 16384 (custom)
2019-11-13 13:02:39,616 [pool-509-thread-1] INFO  server.RaftServerConfigKeys (ConfUtils.java:logGet(43)) - raft.server.log.write.buffer.size = 33554432 (custom)
2019-11-13 13:02:39,616 [pool-509-thread-1] INFO  server.RaftServerConfigKeys (ConfUtils.java:logGet(43)) - raft.server.log.force.sync.num = 128 (default)
2019-11-13 13:02:39,616 [pool-509-thread-1] INFO  server.RaftServerConfigKeys (ConfUtils.java:logGet(43)) - raft.server.log.statemachine.data.sync = true (default)
2019-11-13 13:02:39,616 [pool-509-thread-1] INFO  server.RaftServerConfigKeys (ConfUtils.java:logGet(43)) - raft.server.log.statemachine.data.sync.timeout = 10s (default)
2019-11-13 13:02:39,616 [pool-509-thread-1] INFO  server.RaftServerConfigKeys (ConfUtils.java:logGet(43)) - raft.server.log.statemachine.data.sync.timeout.retry = -1 (default)
2019-11-13 13:02:39,617 [pool-509-thread-1] INFO  server.RaftServerConfigKeys (ConfUtils.java:logGet(43)) - raft.server.log.statemachine.data.caching.enabled = true (custom)
2019-11-13 13:02:39,617 [pool-509-thread-1] INFO  segmented.SegmentedRaftLogWorker (SegmentedRaftLogWorker.java:lambda$new$0(128)) - 90f8c6ad-89d1-4dd8-98a8-ca579bb4c57a@group-0C75C6098350-SegmentedRaftLogWorker: flushIndex: setUnconditionally 0 -> -1
2019-11-13 13:02:39,617 [pool-509-thread-1] INFO  server.RaftServerConfigKeys (ConfUtils.java:logGet(43)) - raft.server.snapshot.auto.trigger.enabled = true (custom)
2019-11-13 13:02:39,617 [pool-509-thread-1] INFO  server.RaftServerConfigKeys (ConfUtils.java:logGet(43)) - raft.server.snapshot.auto.trigger.threshold = 10000 (custom)
2019-11-13 13:02:39,617 [pool-509-thread-1] INFO  server.RaftServerConfigKeys (ConfUtils.java:logGet(43)) - raft.server.snapshot.retention.file.num = 5 (custom)
2019-11-13 13:02:39,617 [pool-509-thread-1] INFO  server.RaftServerConfigKeys (ConfUtils.java:logGet(43)) - raft.server.retrycache.expirytime = 600000ms (custom)
2019-11-13 13:02:39,618 [pool-509-thread-1] WARN  impl.MetricRegistriesImpl (MetricRegistriesImpl.java:lambda$create$1(61)) - First MetricRegistry has been created without registering reporters. You may need to call MetricRegistries.global().addReportRegistration(...) before.
2019-11-13 13:02:39,618 [pool-509-thread-1] WARN  impl.MetricRegistriesImpl (MetricRegistriesImpl.java:lambda$create$1(61)) - First MetricRegistry has been created without registering reporters. You may need to call MetricRegistries.global().addReportRegistration(...) before.
2019-11-13 13:02:39,618 [pool-509-thread-1] INFO  impl.RaftServerImpl (RaftServerImpl.java:start(184)) - 90f8c6ad-89d1-4dd8-98a8-ca579bb4c57a@group-0C75C6098350: start as a follower, conf=-1: [90f8c6ad-89d1-4dd8-98a8-ca579bb4c57a:192.168.157.200:39136], old=null
2019-11-13 13:02:39,618 [pool-509-thread-1] INFO  impl.RaftServerImpl (RaftServerImpl.java:setRole(173)) - 90f8c6ad-89d1-4dd8-98a8-ca579bb4c57a@group-0C75C6098350: changes role from      null to FOLLOWER at term 0 for startAsFollower
2019-11-13 13:02:39,618 [pool-509-thread-1] INFO  impl.RoleInfo (RoleInfo.java:updateAndGet(143)) - 90f8c6ad-89d1-4dd8-98a8-ca579bb4c57a: start FollowerState
2019-11-13 13:02:39,618 [pool-509-thread-1] INFO  util.JmxRegister (JmxRegister.java:tryRegister(44)) - Successfully registered JMX Bean with object name Ratis:service=RaftServer,group=group-0C75C6098350,id=90f8c6ad-89d1-4dd8-98a8-ca579bb4c57a
2019-11-13 13:02:39,618 [pool-509-thread-1] WARN  impl.MetricRegistriesImpl (MetricRegistriesImpl.java:lambda$create$1(61)) - First MetricRegistry has been created without registering reporters. You may need to call MetricRegistries.global().addReportRegistration(...) before.
2019-11-13 13:02:39,621 [RatisPipelineUtilsThread] INFO  pipeline.PipelineStateManager (PipelineStateManager.java:addPipeline(55)) - Created pipeline Pipeline[ Id: c2564369-5fff-47a1-bce1-0c75c6098350, Nodes: 90f8c6ad-89d1-4dd8-98a8-ca579bb4c57a{ip: 192.168.157.200, host: pr-hdds-2452-7vw7s-1330541530, networkLocation: /rack1, certSerialId: null}, Type:RATIS, Factor:ONE, State:ALLOCATED]
2019-11-13 13:02:39,624 [Thread-3904] INFO  pipeline.PipelineStateManager (PipelineStateManager.java:finalizePipeline(121)) - Pipeline Pipeline[ Id: 222b1e04-a418-438b-b6f4-44ab8b55aecf, Nodes: 3d7387af-ecb5-4c7d-b20b-5fe48849adda{ip: 192.168.157.200, host: pr-hdds-2452-7vw7s-1330541530, networkLocation: /rack1, certSerialId: null}, Type:RATIS, Factor:ONE, State:CLOSED] moved to CLOSED state
2019-11-13 13:02:39,626 [grpc-default-executor-2] INFO  impl.RaftServerProxy (RaftServerProxy.java:remove(95)) - 3d7387af-ecb5-4c7d-b20b-5fe48849adda: remove    LEADER 3d7387af-ecb5-4c7d-b20b-5fe48849adda@group-44AB8B55AECF:t1, leader=3d7387af-ecb5-4c7d-b20b-5fe48849adda, voted=3d7387af-ecb5-4c7d-b20b-5fe48849adda, raftlog=3d7387af-ecb5-4c7d-b20b-5fe48849adda@group-44AB8B55AECF-SegmentedRaftLog:OPENED:c0,f0,i0, conf=0: [3d7387af-ecb5-4c7d-b20b-5fe48849adda:192.168.157.200:37245], old=null RUNNING
2019-11-13 13:02:39,626 [grpc-default-executor-11] INFO  impl.RaftServerProxy (RaftServerProxy.java:remove(95)) - 9bca8fcc-ea98-4ec4-92ce-7a037de40a27: remove    LEADER 9bca8fcc-ea98-4ec4-92ce-7a037de40a27@group-2FD560804636:t1, leader=9bca8fcc-ea98-4ec4-92ce-7a037de40a27, voted=9bca8fcc-ea98-4ec4-92ce-7a037de40a27, raftlog=9bca8fcc-ea98-4ec4-92ce-7a037de40a27@group-2FD560804636-SegmentedRaftLog:OPENED:c0,f0,i0, conf=0: [9bca8fcc-ea98-4ec4-92ce-7a037de40a27:192.168.157.200:33211], old=null RUNNING
2019-11-13 13:02:39,626 [grpc-default-executor-2] INFO  impl.RaftServerImpl (RaftServerImpl.java:lambda$shutdown$3(250)) - 3d7387af-ecb5-4c7d-b20b-5fe48849adda@group-44AB8B55AECF: shutdown
2019-11-13 13:02:39,627 [grpc-default-executor-11] INFO  impl.RaftServerImpl (RaftServerImpl.java:lambda$shutdown$3(250)) - 9bca8fcc-ea98-4ec4-92ce-7a037de40a27@group-2FD560804636: shutdown
2019-11-13 13:02:39,627 [grpc-default-executor-2] INFO  util.JmxRegister (JmxRegister.java:unregister(73)) - Successfully un-registered JMX Bean with object name Ratis:service=RaftServer,group=group-44AB8B55AECF,id=3d7387af-ecb5-4c7d-b20b-5fe48849adda
2019-11-13 13:02:39,627 [grpc-default-executor-11] INFO  util.JmxRegister (JmxRegister.java:unregister(73)) - Successfully un-registered JMX Bean with object name Ratis:service=RaftServer,group=group-2FD560804636,id=9bca8fcc-ea98-4ec4-92ce-7a037de40a27
2019-11-13 13:02:39,627 [grpc-default-executor-11] INFO  impl.RoleInfo (RoleInfo.java:shutdownLeaderState(104)) - 9bca8fcc-ea98-4ec4-92ce-7a037de40a27: shutdown LeaderState
2019-11-13 13:02:39,627 [grpc-default-executor-2] INFO  impl.RoleInfo (RoleInfo.java:shutdownLeaderState(104)) - 3d7387af-ecb5-4c7d-b20b-5fe48849adda: shutdown LeaderState
2019-11-13 13:02:39,627 [grpc-default-executor-11] INFO  impl.PendingRequests (PendingRequests.java:sendNotLeaderResponses(206)) - 9bca8fcc-ea98-4ec4-92ce-7a037de40a27@group-2FD560804636-PendingRequests: sendNotLeaderResponses
2019-11-13 13:02:39,628 [grpc-default-executor-2] INFO  impl.PendingRequests (PendingRequests.java:sendNotLeaderResponses(206)) - 3d7387af-ecb5-4c7d-b20b-5fe48849adda@group-44AB8B55AECF-PendingRequests: sendNotLeaderResponses
2019-11-13 13:02:39,628 [grpc-default-executor-11] INFO  impl.StateMachineUpdater (StateMachineUpdater.java:stopAndJoin(136)) - 9bca8fcc-ea98-4ec4-92ce-7a037de40a27@group-2FD560804636-StateMachineUpdater: set stopIndex = 0
2019-11-13 13:02:39,628 [grpc-default-executor-11] INFO  impl.RaftServerImpl (ServerState.java:close(387)) - 9bca8fcc-ea98-4ec4-92ce-7a037de40a27@group-2FD560804636: closes. applyIndex: 0
2019-11-13 13:02:39,628 [grpc-default-executor-2] INFO  impl.StateMachineUpdater (StateMachineUpdater.java:stopAndJoin(136)) - 3d7387af-ecb5-4c7d-b20b-5fe48849adda@group-44AB8B55AECF-StateMachineUpdater: set stopIndex = 0
2019-11-13 13:02:39,628 [9bca8fcc-ea98-4ec4-92ce-7a037de40a27@group-2FD560804636-SegmentedRaftLogWorker] INFO  segmented.SegmentedRaftLogWorker (SegmentedRaftLogWorker.java:run(316)) - 9bca8fcc-ea98-4ec4-92ce-7a037de40a27@group-2FD560804636-SegmentedRaftLogWorker was interrupted, exiting. There are 0 tasks remaining in the queue.
2019-11-13 13:02:39,628 [grpc-default-executor-2] INFO  impl.RaftServerImpl (ServerState.java:close(387)) - 3d7387af-ecb5-4c7d-b20b-5fe48849adda@group-44AB8B55AECF: closes. applyIndex: 0
2019-11-13 13:02:39,629 [grpc-default-executor-11] INFO  segmented.SegmentedRaftLogWorker (SegmentedRaftLogWorker.java:close(224)) - 9bca8fcc-ea98-4ec4-92ce-7a037de40a27@group-2FD560804636-SegmentedRaftLogWorker close()
2019-11-13 13:02:39,629 [3d7387af-ecb5-4c7d-b20b-5fe48849adda@group-44AB8B55AECF-SegmentedRaftLogWorker] INFO  segmented.SegmentedRaftLogWorker (SegmentedRaftLogWorker.java:run(316)) - 3d7387af-ecb5-4c7d-b20b-5fe48849adda@group-44AB8B55AECF-SegmentedRaftLogWorker was interrupted, exiting. There are 0 tasks remaining in the queue.
2019-11-13 13:02:39,629 [grpc-default-executor-2] INFO  segmented.SegmentedRaftLogWorker (SegmentedRaftLogWorker.java:close(224)) - 3d7387af-ecb5-4c7d-b20b-5fe48849adda@group-44AB8B55AECF-SegmentedRaftLogWorker close()
2019-11-13 13:02:39,631 [7ba291c4-9ee0-417b-844f-44a16c4ba9e2@group-2F0879C8D117-SegmentedRaftLogWorker] INFO  segmented.SegmentedRaftLogWorker (SegmentedRaftLogWorker.java:execute(576)) - 7ba291c4-9ee0-417b-844f-44a16c4ba9e2@group-2F0879C8D117-SegmentedRaftLogWorker: created new log segment /workdir/hadoop-ozone/integration-test/target/test-dir/MiniOzoneClusterImpl-90e8aeb1-2975-47c6-9bba-faf27de7fb8c/datanode-5/data/ratis/0f501d82-e253-402a-8fd8-2f0879c8d117/current/log_inprogress_0
2019-11-13 13:02:39,631 [318b4bc4-2a6a-4055-b801-3341d5814353@group-E165AE56C698-LeaderElection223] INFO  impl.LeaderElection (LeaderElection.java:askForVotes(178)) - 318b4bc4-2a6a-4055-b801-3341d5814353@group-E165AE56C698-LeaderElection223: begin an election at term 1 for -1: [1a33519a-3def-4d79-b3e5-c4d8286dc86e:192.168.157.200:40699, 3d7387af-ecb5-4c7d-b20b-5fe48849adda:192.168.157.200:37245, 318b4bc4-2a6a-4055-b801-3341d5814353:192.168.157.200:34345], old=null
2019-11-13 13:02:39,635 [Thread-3904] INFO  pipeline.PipelineStateManager (PipelineStateManager.java:removePipeline(106)) - Pipeline Pipeline[ Id: 222b1e04-a418-438b-b6f4-44ab8b55aecf, Nodes: 3d7387af-ecb5-4c7d-b20b-5fe48849adda{ip: 192.168.157.200, host: pr-hdds-2452-7vw7s-1330541530, networkLocation: /rack1, certSerialId: null}, Type:RATIS, Factor:ONE, State:CLOSED] removed from db
2019-11-13 13:02:39,636 [1a33519a-3def-4d79-b3e5-c4d8286dc86e@group-E165AE56C698-LeaderElection221] INFO  impl.LeaderElection (LeaderElection.java:logAndReturn(56)) - 1a33519a-3def-4d79-b3e5-c4d8286dc86e@group-E165AE56C698-LeaderElection221: Election REJECTED; received 2 response(s) [1a33519a-3def-4d79-b3e5-c4d8286dc86e<-3d7387af-ecb5-4c7d-b20b-5fe48849adda#0:FAIL-t1, 1a33519a-3def-4d79-b3e5-c4d8286dc86e<-318b4bc4-2a6a-4055-b801-3341d5814353#0:FAIL-t1] and 0 exception(s); 1a33519a-3def-4d79-b3e5-c4d8286dc86e@group-E165AE56C698:t1, leader=null, voted=1a33519a-3def-4d79-b3e5-c4d8286dc86e, raftlog=1a33519a-3def-4d79-b3e5-c4d8286dc86e@group-E165AE56C698-SegmentedRaftLog:OPENED:c-1,f-1,i0, conf=-1: [1a33519a-3def-4d79-b3e5-c4d8286dc86e:192.168.157.200:40699, 3d7387af-ecb5-4c7d-b20b-5fe48849adda:192.168.157.200:37245, 318b4bc4-2a6a-4055-b801-3341d5814353:192.168.157.200:34345], old=null
2019-11-13 13:02:39,636 [3d7387af-ecb5-4c7d-b20b-5fe48849adda@group-E165AE56C698-LeaderElection222] INFO  impl.LeaderElection (LeaderElection.java:logAndReturn(56)) - 3d7387af-ecb5-4c7d-b20b-5fe48849adda@group-E165AE56C698-LeaderElection222: Election REJECTED; received 2 response(s) [3d7387af-ecb5-4c7d-b20b-5fe48849adda<-1a33519a-3def-4d79-b3e5-c4d8286dc86e#0:FAIL-t1, 3d7387af-ecb5-4c7d-b20b-5fe48849adda<-318b4bc4-2a6a-4055-b801-3341d5814353#0:FAIL-t1] and 0 exception(s); 3d7387af-ecb5-4c7d-b20b-5fe48849adda@group-E165AE56C698:t1, leader=null, voted=3d7387af-ecb5-4c7d-b20b-5fe48849adda, raftlog=3d7387af-ecb5-4c7d-b20b-5fe48849adda@group-E165AE56C698-SegmentedRaftLog:OPENED:c-1,f-1,i0, conf=-1: [1a33519a-3def-4d79-b3e5-c4d8286dc86e:192.168.157.200:40699, 3d7387af-ecb5-4c7d-b20b-5fe48849adda:192.168.157.200:37245, 318b4bc4-2a6a-4055-b801-3341d5814353:192.168.157.200:34345], old=null
2019-11-13 13:02:39,636 [1a33519a-3def-4d79-b3e5-c4d8286dc86e@group-E165AE56C698-LeaderElection221] INFO  impl.RaftServerImpl (RaftServerImpl.java:setRole(173)) - 1a33519a-3def-4d79-b3e5-c4d8286dc86e@group-E165AE56C698: changes role from CANDIDATE to FOLLOWER at term 1 for DISCOVERED_A_NEW_TERM
2019-11-13 13:02:39,636 [3d7387af-ecb5-4c7d-b20b-5fe48849adda@group-E165AE56C698-LeaderElection222] INFO  impl.RaftServerImpl (RaftServerImpl.java:setRole(173)) - 3d7387af-ecb5-4c7d-b20b-5fe48849adda@group-E165AE56C698: changes role from CANDIDATE to FOLLOWER at term 1 for DISCOVERED_A_NEW_TERM
2019-11-13 13:02:39,636 [grpc-default-executor-5] INFO  impl.RaftServerProxy (RaftServerProxy.java:remove(95)) - 9bca8fcc-ea98-4ec4-92ce-7a037de40a27: remove group-BFFD9583CC8A:null
2019-11-13 13:02:39,636 [1a33519a-3def-4d79-b3e5-c4d8286dc86e@group-E165AE56C698-LeaderElection221] INFO  impl.RoleInfo (RoleInfo.java:shutdownLeaderElection(134)) - 1a33519a-3def-4d79-b3e5-c4d8286dc86e: shutdown LeaderElection
2019-11-13 13:02:39,636 [3d7387af-ecb5-4c7d-b20b-5fe48849adda@group-E165AE56C698-LeaderElection222] INFO  impl.RoleInfo (RoleInfo.java:shutdownLeaderElection(134)) - 3d7387af-ecb5-4c7d-b20b-5fe48849adda: shutdown LeaderElection
2019-11-13 13:02:39,637 [1a33519a-3def-4d79-b3e5-c4d8286dc86e@group-E165AE56C698-LeaderElection221] INFO  impl.RoleInfo (RoleInfo.java:updateAndGet(143)) - 1a33519a-3def-4d79-b3e5-c4d8286dc86e: start FollowerState
2019-11-13 13:02:39,638 [3d7387af-ecb5-4c7d-b20b-5fe48849adda@group-E165AE56C698-LeaderElection222] INFO  impl.RoleInfo (RoleInfo.java:updateAndGet(143)) - 3d7387af-ecb5-4c7d-b20b-5fe48849adda: start FollowerState
2019-11-13 13:02:39,641 [grpc-default-executor-5] INFO  impl.RaftServerProxy (RaftServerProxy.java:addNew(89)) - 3d7387af-ecb5-4c7d-b20b-5fe48849adda: addNew group-0B9C24A60E0B:[3d7387af-ecb5-4c7d-b20b-5fe48849adda:192.168.157.200:37245] returns group-0B9C24A60E0B:java.util.concurrent.CompletableFuture@d1ae130[Not completed]
2019-11-13 13:02:39,641 [318b4bc4-2a6a-4055-b801-3341d5814353@group-E165AE56C698-LeaderElection223] INFO  impl.LeaderElection (LeaderElection.java:logAndReturn(56)) - 318b4bc4-2a6a-4055-b801-3341d5814353@group-E165AE56C698-LeaderElection223: Election REJECTED; received 2 response(s) [318b4bc4-2a6a-4055-b801-3341d5814353<-1a33519a-3def-4d79-b3e5-c4d8286dc86e#0:FAIL-t1, 318b4bc4-2a6a-4055-b801-3341d5814353<-3d7387af-ecb5-4c7d-b20b-5fe48849adda#0:FAIL-t1] and 0 exception(s); 318b4bc4-2a6a-4055-b801-3341d5814353@group-E165AE56C698:t1, leader=null, voted=318b4bc4-2a6a-4055-b801-3341d5814353, raftlog=318b4bc4-2a6a-4055-b801-3341d5814353@group-E165AE56C698-SegmentedRaftLog:OPENED:c-1,f-1,i0, conf=-1: [1a33519a-3def-4d79-b3e5-c4d8286dc86e:192.168.157.200:40699, 3d7387af-ecb5-4c7d-b20b-5fe48849adda:192.168.157.200:37245, 318b4bc4-2a6a-4055-b801-3341d5814353:192.168.157.200:34345], old=null
2019-11-13 13:02:39,641 [318b4bc4-2a6a-4055-b801-3341d5814353@group-E165AE56C698-LeaderElection223] INFO  impl.RaftServerImpl (RaftServerImpl.java:setRole(173)) - 318b4bc4-2a6a-4055-b801-3341d5814353@group-E165AE56C698: changes role from CANDIDATE to FOLLOWER at term 1 for DISCOVERED_A_NEW_TERM
2019-11-13 13:02:39,641 [318b4bc4-2a6a-4055-b801-3341d5814353@group-E165AE56C698-LeaderElection223] INFO  impl.RoleInfo (RoleInfo.java:shutdownLeaderElection(134)) - 318b4bc4-2a6a-4055-b801-3341d5814353: shutdown LeaderElection
2019-11-13 13:02:39,642 [318b4bc4-2a6a-4055-b801-3341d5814353@group-E165AE56C698-LeaderElection223] INFO  impl.RoleInfo (RoleInfo.java:updateAndGet(143)) - 318b4bc4-2a6a-4055-b801-3341d5814353: start FollowerState
2019-11-13 13:02:39,642 [pool-579-thread-1] INFO  impl.RaftServerImpl (RaftServerImpl.java:<init>(98)) - 3d7387af-ecb5-4c7d-b20b-5fe48849adda: new RaftServerImpl for group-0B9C24A60E0B:[3d7387af-ecb5-4c7d-b20b-5fe48849adda:192.168.157.200:37245] with ContainerStateMachine:uninitialized
2019-11-13 13:02:39,643 [pool-579-thread-1] INFO  server.RaftServerConfigKeys (ConfUtils.java:logGet(43)) - raft.server.rpc.timeout.min = 1s (custom)
2019-11-13 13:02:39,643 [pool-579-thread-1] INFO  server.RaftServerConfigKeys (ConfUtils.java:logGet(43)) - raft.server.rpc.timeout.max = 1200ms (custom)
2019-11-13 13:02:39,643 [pool-579-thread-1] INFO  server.RaftServerConfigKeys (ConfUtils.java:logGet(43)) - raft.server.rpcslowness.timeout = 120s (custom)
2019-11-13 13:02:39,643 [pool-579-thread-1] INFO  server.RaftServerConfigKeys (ConfUtils.java:logGet(43)) - raft.server.sleep.deviation.threshold = 300 (default)
2019-11-13 13:02:39,643 [pool-579-thread-1] INFO  server.RaftServerConfigKeys (ConfUtils.java:logGet(43)) - raft.server.log.appender.install.snapshot.enabled = false (custom)
2019-11-13 13:02:39,643 [pool-579-thread-1] INFO  impl.RaftServerImpl (ServerState.java:<init>(103)) - 3d7387af-ecb5-4c7d-b20b-5fe48849adda@group-0B9C24A60E0B: ConfigurationManager, init=-1: [3d7387af-ecb5-4c7d-b20b-5fe48849adda:192.168.157.200:37245], old=null, confs=<EMPTY_MAP>
2019-11-13 13:02:39,643 [pool-579-thread-1] INFO  server.RaftServerConfigKeys (ConfUtils.java:logGet(43)) - raft.server.storage.dir = [/workdir/hadoop-ozone/integration-test/target/test-dir/MiniOzoneClusterImpl-90e8aeb1-2975-47c6-9bba-faf27de7fb8c/datanode-7/data/ratis] (custom)
2019-11-13 13:02:39,645 [EventQueue-PipelineReportForPipelineReportHandler] ERROR pipeline.PipelineReportHandler (PipelineReportHandler.java:onMessage(81)) - Could not process pipeline report=pipelineID {
  id: "f278ffee-b89c-4f70-9b2b-bffd9583cc8a"
}
isLeader: true
 from dn=9bca8fcc-ea98-4ec4-92ce-7a037de40a27{ip: 192.168.157.200, host: pr-hdds-2452-7vw7s-1330541530, networkLocation: /rack1, certSerialId: null} {}
org.apache.ratis.protocol.GroupMismatchException: 9bca8fcc-ea98-4ec4-92ce-7a037de40a27: Group group-BFFD9583CC8A not found.
	at org.apache.ratis.server.impl.RaftServerProxy.groupRemoveAsync(RaftServerProxy.java:402)
	at org.apache.ratis.server.impl.RaftServerProxy.groupManagementAsync(RaftServerProxy.java:367)
	at org.apache.ratis.grpc.server.GrpcAdminProtocolService.lambda$groupManagement$0(GrpcAdminProtocolService.java:42)
	at org.apache.ratis.grpc.GrpcUtil.asyncCall(GrpcUtil.java:140)
	at org.apache.ratis.grpc.server.GrpcAdminProtocolService.groupManagement(GrpcAdminProtocolService.java:42)
	at org.apache.ratis.proto.grpc.AdminProtocolServiceGrpc$MethodHandlers.invoke(AdminProtocolServiceGrpc.java:361)
	at org.apache.ratis.thirdparty.io.grpc.stub.ServerCalls$UnaryServerCallHandler$UnaryServerCallListener.onHalfClose(ServerCalls.java:171)
	at org.apache.ratis.thirdparty.io.grpc.internal.ServerCallImpl$ServerStreamListenerImpl.halfClosed(ServerCallImpl.java:283)
	at org.apache.ratis.thirdparty.io.grpc.internal.ServerImpl$JumpToApplicationThreadServerStreamListener$1HalfClosed.runInContext(ServerImpl.java:710)
	at org.apache.ratis.thirdparty.io.grpc.internal.ContextRunnable.run(ContextRunnable.java:37)
	at org.apache.ratis.thirdparty.io.grpc.internal.SerializingExecutor.run(SerializingExecutor.java:123)
	at java.util.concurrent.ThreadPoolExecutor.runWorker(ThreadPoolExecutor.java:1149)
	at java.util.concurrent.ThreadPoolExecutor$Worker.run(ThreadPoolExecutor.java:624)
	at java.lang.Thread.run(Thread.java:748)
2019-11-13 13:02:39,674 [pool-579-thread-1] INFO  server.RaftServerConfigKeys (ConfUtils.java:logGet(43)) - raft.server.log.corruption.policy = EXCEPTION (default)
2019-11-13 13:02:39,674 [pool-579-thread-1] INFO  storage.RaftStorageDirectory (RaftStorageDirectory.java:analyzeStorage(246)) - The storage directory /workdir/hadoop-ozone/integration-test/target/test-dir/MiniOzoneClusterImpl-90e8aeb1-2975-47c6-9bba-faf27de7fb8c/datanode-7/data/ratis/321971ae-bf3f-4a02-9e3e-0b9c24a60e0b does not exist. Creating ...
2019-11-13 13:02:39,720 [Thread-4190] INFO  impl.FollowerState (FollowerState.java:run(111)) - ccb58d27-4340-4f56-86e1-f88286cea239@group-FAD0BC5E1D41-FollowerState: change to CANDIDATE, lastRpcTime:1130ms, electionTimeout:1128ms
2019-11-13 13:02:39,720 [Thread-4190] INFO  impl.RoleInfo (RoleInfo.java:shutdownFollowerState(121)) - ccb58d27-4340-4f56-86e1-f88286cea239: shutdown FollowerState
2019-11-13 13:02:39,720 [Thread-4190] INFO  impl.RaftServerImpl (RaftServerImpl.java:setRole(173)) - ccb58d27-4340-4f56-86e1-f88286cea239@group-FAD0BC5E1D41: changes role from  FOLLOWER to CANDIDATE at term 0 for changeToCandidate
2019-11-13 13:02:39,720 [Thread-4190] INFO  impl.RoleInfo (RoleInfo.java:updateAndGet(143)) - ccb58d27-4340-4f56-86e1-f88286cea239: start LeaderElection
2019-11-13 13:02:39,750 [pool-579-thread-1] INFO  storage.RaftStorageDirectory (RaftStorageDirectory.java:tryLock(328)) - Lock on /workdir/hadoop-ozone/integration-test/target/test-dir/MiniOzoneClusterImpl-90e8aeb1-2975-47c6-9bba-faf27de7fb8c/datanode-7/data/ratis/321971ae-bf3f-4a02-9e3e-0b9c24a60e0b/in_use.lock acquired by nodename 10766@pr-hdds-2452-7vw7s-1330541530
2019-11-13 13:02:39,767 [ccb58d27-4340-4f56-86e1-f88286cea239@group-FAD0BC5E1D41-LeaderElection224] INFO  impl.LeaderElection (LeaderElection.java:askForVotes(178)) - ccb58d27-4340-4f56-86e1-f88286cea239@group-FAD0BC5E1D41-LeaderElection224: begin an election at term 1 for -1: [ccb58d27-4340-4f56-86e1-f88286cea239:192.168.157.200:36584], old=null
2019-11-13 13:02:39,767 [ccb58d27-4340-4f56-86e1-f88286cea239@group-FAD0BC5E1D41-LeaderElection224] INFO  impl.RoleInfo (RoleInfo.java:shutdownLeaderElection(134)) - ccb58d27-4340-4f56-86e1-f88286cea239: shutdown LeaderElection
2019-11-13 13:02:39,767 [ccb58d27-4340-4f56-86e1-f88286cea239@group-FAD0BC5E1D41-LeaderElection224] INFO  impl.RaftServerImpl (RaftServerImpl.java:setRole(173)) - ccb58d27-4340-4f56-86e1-f88286cea239@group-FAD0BC5E1D41: changes role from CANDIDATE to LEADER at term 1 for changeToLeader
2019-11-13 13:02:39,767 [ccb58d27-4340-4f56-86e1-f88286cea239@group-FAD0BC5E1D41-LeaderElection224] INFO  ratis.XceiverServerRatis (XceiverServerRatis.java:handleLeaderChangedNotification(697)) - Leader change notification received for group: group-FAD0BC5E1D41 with new leaderId: ccb58d27-4340-4f56-86e1-f88286cea239
2019-11-13 13:02:39,767 [ccb58d27-4340-4f56-86e1-f88286cea239@group-FAD0BC5E1D41-LeaderElection224] INFO  impl.RaftServerImpl (ServerState.java:setLeader(255)) - ccb58d27-4340-4f56-86e1-f88286cea239@group-FAD0BC5E1D41: change Leader from null to ccb58d27-4340-4f56-86e1-f88286cea239 at term 1 for becomeLeader, leader elected after 1181ms
2019-11-13 13:02:39,767 [ccb58d27-4340-4f56-86e1-f88286cea239@group-FAD0BC5E1D41-LeaderElection224] INFO  server.RaftServerConfigKeys (ConfUtils.java:logGet(43)) - raft.server.staging.catchup.gap = 1000 (default)
2019-11-13 13:02:39,767 [ccb58d27-4340-4f56-86e1-f88286cea239@group-FAD0BC5E1D41-LeaderElection224] INFO  server.RaftServerConfigKeys (ConfUtils.java:logGet(43)) - raft.server.rpc.sleep.time = 25ms (default)
2019-11-13 13:02:39,767 [ccb58d27-4340-4f56-86e1-f88286cea239@group-FAD0BC5E1D41-LeaderElection224] INFO  server.RaftServerConfigKeys (ConfUtils.java:logGet(43)) - raft.server.write.element-limit = 4096 (default)
2019-11-13 13:02:39,767 [ccb58d27-4340-4f56-86e1-f88286cea239@group-FAD0BC5E1D41-LeaderElection224] INFO  server.RaftServerConfigKeys (ConfUtils.java:logGet(43)) - raft.server.watch.timeout = 10s (default)
2019-11-13 13:02:39,767 [ccb58d27-4340-4f56-86e1-f88286cea239@group-FAD0BC5E1D41-LeaderElection224] INFO  server.RaftServerConfigKeys (ConfUtils.java:logGet(43)) - raft.server.watch.timeout.denomination = 1s (default)
2019-11-13 13:02:39,768 [ccb58d27-4340-4f56-86e1-f88286cea239@group-FAD0BC5E1D41-LeaderElection224] INFO  server.RaftServerConfigKeys (ConfUtils.java:logGet(43)) - raft.server.watch.element-limit = 65536 (default)
2019-11-13 13:02:39,768 [ccb58d27-4340-4f56-86e1-f88286cea239@group-FAD0BC5E1D41-LeaderElection224] INFO  impl.RoleInfo (RoleInfo.java:updateAndGet(143)) - ccb58d27-4340-4f56-86e1-f88286cea239: start LeaderState
2019-11-13 13:02:39,768 [ccb58d27-4340-4f56-86e1-f88286cea239@group-FAD0BC5E1D41-LeaderElection224] INFO  segmented.SegmentedRaftLogWorker (SegmentedRaftLogWorker.java:startLogSegment(385)) - ccb58d27-4340-4f56-86e1-f88286cea239@group-FAD0BC5E1D41-SegmentedRaftLogWorker: Starting segment from index:0
2019-11-13 13:02:39,768 [ccb58d27-4340-4f56-86e1-f88286cea239@group-FAD0BC5E1D41-LeaderElection224] INFO  impl.RaftServerImpl (ServerState.java:setRaftConf(356)) - ccb58d27-4340-4f56-86e1-f88286cea239@group-FAD0BC5E1D41: set configuration 0: [ccb58d27-4340-4f56-86e1-f88286cea239:192.168.157.200:36584], old=null at 0
2019-11-13 13:02:39,804 [main] WARN  io.KeyOutputStream (KeyOutputStream.java:handleException(274)) - Encountered exception java.io.IOException: Unexpected Storage Container Exception: java.util.concurrent.CompletionException: java.util.concurrent.CompletionException: org.apache.ratis.protocol.GroupMismatchException: 7ba291c4-9ee0-417b-844f-44a16c4ba9e2: group-DDA6E3DC98CF not found. on the pipeline Pipeline[ Id: b0061687-c255-4535-a3f9-dda6e3dc98cf, Nodes: 7ba291c4-9ee0-417b-844f-44a16c4ba9e2{ip: 192.168.157.200, host: pr-hdds-2452-7vw7s-1330541530, networkLocation: /rack1, certSerialId: null}971d177f-fbc5-4c3a-b100-2607610d94ec{ip: 192.168.157.200, host: pr-hdds-2452-7vw7s-1330541530, networkLocation: /rack1, certSerialId: null}8ff9d20a-2236-45f0-8596-c8d53407e80c{ip: 192.168.157.200, host: pr-hdds-2452-7vw7s-1330541530, networkLocation: /rack1, certSerialId: null}, Type:RATIS, Factor:THREE, State:OPEN]. The last committed block length is 0, uncommitted data length is 1048576 retry count 0
2019-11-13 13:02:39,805 [main] INFO  io.BlockOutputStreamEntryPool (BlockOutputStreamEntryPool.java:allocateNewBlock(257)) - Allocating block with ExcludeList {datanodes = [], containerIds = [], pipelineIds = [PipelineID=b0061687-c255-4535-a3f9-dda6e3dc98cf]}
2019-11-13 13:02:39,826 [pool-579-thread-1] INFO  storage.RaftStorage (RaftStorage.java:format(84)) - Storage directory /workdir/hadoop-ozone/integration-test/target/test-dir/MiniOzoneClusterImpl-90e8aeb1-2975-47c6-9bba-faf27de7fb8c/datanode-7/data/ratis/321971ae-bf3f-4a02-9e3e-0b9c24a60e0b has been successfully formatted.
2019-11-13 13:02:39,826 [pool-579-thread-1] INFO  ratis.ContainerStateMachine (ContainerStateMachine.java:loadSnapshot(223)) - group-0B9C24A60E0B: The snapshot info is null. Setting the last applied indexto:(t:0, i:~)
2019-11-13 13:02:39,826 [pool-579-thread-1] INFO  server.RaftServerConfigKeys (ConfUtils.java:logGet(43)) - raft.server.notification.no-leader.timeout = 120s (custom)
2019-11-13 13:02:39,826 [pool-579-thread-1] INFO  server.RaftServerConfigKeys (ConfUtils.java:logGet(43)) - raft.server.log.use.memory = false (default)
2019-11-13 13:02:39,826 [pool-579-thread-1] INFO  server.RaftServerConfigKeys (ConfUtils.java:logGet(43)) - raft.server.log.purge.gap = 1000000 (custom)
2019-11-13 13:02:39,826 [pool-579-thread-1] INFO  server.RaftServerConfigKeys (ConfUtils.java:logGet(43)) - raft.server.log.appender.buffer.byte-limit = 33554432 (custom)
2019-11-13 13:02:39,826 [pool-579-thread-1] INFO  server.RaftServerConfigKeys (ConfUtils.java:logGet(43)) - raft.server.log.segment.size.max = 1048576 (custom)
2019-11-13 13:02:39,826 [pool-579-thread-1] INFO  server.RaftServerConfigKeys (ConfUtils.java:logGet(43)) - raft.server.log.segment.cache.num.max = 2 (custom)
2019-11-13 13:02:39,827 [pool-579-thread-1] INFO  segmented.SegmentedRaftLogWorker (SegmentedRaftLogWorker.java:<init>(173)) - new 3d7387af-ecb5-4c7d-b20b-5fe48849adda@group-0B9C24A60E0B-SegmentedRaftLogWorker for RaftStorage:Storage Directory /workdir/hadoop-ozone/integration-test/target/test-dir/MiniOzoneClusterImpl-90e8aeb1-2975-47c6-9bba-faf27de7fb8c/datanode-7/data/ratis/321971ae-bf3f-4a02-9e3e-0b9c24a60e0b
2019-11-13 13:02:39,827 [pool-579-thread-1] INFO  server.RaftServerConfigKeys (ConfUtils.java:logGet(43)) - raft.server.log.queue.byte-limit = 2147483647 (custom)
2019-11-13 13:02:39,827 [pool-579-thread-1] INFO  server.RaftServerConfigKeys (ConfUtils.java:logGet(43)) - raft.server.log.queue.element-limit = 1024 (custom)
2019-11-13 13:02:39,827 [pool-579-thread-1] INFO  server.RaftServerConfigKeys (ConfUtils.java:logGet(43)) - raft.server.log.segment.size.max = 1048576 (custom)
2019-11-13 13:02:39,827 [pool-579-thread-1] INFO  server.RaftServerConfigKeys (ConfUtils.java:logGet(43)) - raft.server.log.preallocated.size = 16384 (custom)
2019-11-13 13:02:39,827 [pool-579-thread-1] INFO  server.RaftServerConfigKeys (ConfUtils.java:logGet(43)) - raft.server.log.write.buffer.size = 33554432 (custom)
2019-11-13 13:02:39,827 [pool-579-thread-1] INFO  server.RaftServerConfigKeys (ConfUtils.java:logGet(43)) - raft.server.log.force.sync.num = 128 (default)
2019-11-13 13:02:39,827 [pool-579-thread-1] INFO  server.RaftServerConfigKeys (ConfUtils.java:logGet(43)) - raft.server.log.statemachine.data.sync = true (default)
2019-11-13 13:02:39,827 [pool-579-thread-1] INFO  server.RaftServerConfigKeys (ConfUtils.java:logGet(43)) - raft.server.log.statemachine.data.sync.timeout = 10s (default)
2019-11-13 13:02:39,828 [pool-579-thread-1] INFO  server.RaftServerConfigKeys (ConfUtils.java:logGet(43)) - raft.server.log.statemachine.data.sync.timeout.retry = -1 (default)
2019-11-13 13:02:39,828 [pool-579-thread-1] INFO  server.RaftServerConfigKeys (ConfUtils.java:logGet(43)) - raft.server.log.statemachine.data.caching.enabled = true (custom)
2019-11-13 13:02:39,868 [pool-579-thread-1] INFO  segmented.SegmentedRaftLogWorker (SegmentedRaftLogWorker.java:lambda$new$0(128)) - 3d7387af-ecb5-4c7d-b20b-5fe48849adda@group-0B9C24A60E0B-SegmentedRaftLogWorker: flushIndex: setUnconditionally 0 -> -1
2019-11-13 13:02:39,868 [pool-579-thread-1] INFO  server.RaftServerConfigKeys (ConfUtils.java:logGet(43)) - raft.server.snapshot.auto.trigger.enabled = true (custom)
2019-11-13 13:02:39,868 [pool-579-thread-1] INFO  server.RaftServerConfigKeys (ConfUtils.java:logGet(43)) - raft.server.snapshot.auto.trigger.threshold = 10000 (custom)
2019-11-13 13:02:39,868 [pool-579-thread-1] INFO  server.RaftServerConfigKeys (ConfUtils.java:logGet(43)) - raft.server.snapshot.retention.file.num = 5 (custom)
2019-11-13 13:02:39,868 [pool-579-thread-1] INFO  server.RaftServerConfigKeys (ConfUtils.java:logGet(43)) - raft.server.retrycache.expirytime = 600000ms (custom)
2019-11-13 13:02:39,868 [pool-579-thread-1] WARN  impl.MetricRegistriesImpl (MetricRegistriesImpl.java:lambda$create$1(61)) - First MetricRegistry has been created without registering reporters. You may need to call MetricRegistries.global().addReportRegistration(...) before.
2019-11-13 13:02:39,868 [pool-579-thread-1] WARN  impl.MetricRegistriesImpl (MetricRegistriesImpl.java:lambda$create$1(61)) - First MetricRegistry has been created without registering reporters. You may need to call MetricRegistries.global().addReportRegistration(...) before.
2019-11-13 13:02:39,869 [pool-579-thread-1] INFO  impl.RaftServerImpl (RaftServerImpl.java:start(184)) - 3d7387af-ecb5-4c7d-b20b-5fe48849adda@group-0B9C24A60E0B: start as a follower, conf=-1: [3d7387af-ecb5-4c7d-b20b-5fe48849adda:192.168.157.200:37245], old=null
2019-11-13 13:02:39,869 [pool-579-thread-1] INFO  impl.RaftServerImpl (RaftServerImpl.java:setRole(173)) - 3d7387af-ecb5-4c7d-b20b-5fe48849adda@group-0B9C24A60E0B: changes role from      null to FOLLOWER at term 0 for startAsFollower
2019-11-13 13:02:39,869 [pool-579-thread-1] INFO  impl.RoleInfo (RoleInfo.java:updateAndGet(143)) - 3d7387af-ecb5-4c7d-b20b-5fe48849adda: start FollowerState
2019-11-13 13:02:39,869 [pool-579-thread-1] INFO  util.JmxRegister (JmxRegister.java:tryRegister(44)) - Successfully registered JMX Bean with object name Ratis:service=RaftServer,group=group-0B9C24A60E0B,id=3d7387af-ecb5-4c7d-b20b-5fe48849adda
2019-11-13 13:02:39,869 [pool-579-thread-1] WARN  impl.MetricRegistriesImpl (MetricRegistriesImpl.java:lambda$create$1(61)) - First MetricRegistry has been created without registering reporters. You may need to call MetricRegistries.global().addReportRegistration(...) before.
2019-11-13 13:02:39,870 [Thread-4198] INFO  impl.FollowerState (FollowerState.java:run(111)) - a7629fe5-c619-4c28-bdfc-63292747e9b9@group-5C23E6E2F303-FollowerState: change to CANDIDATE, lastRpcTime:1152ms, electionTimeout:1152ms
2019-11-13 13:02:39,871 [Thread-4198] INFO  impl.RoleInfo (RoleInfo.java:shutdownFollowerState(121)) - a7629fe5-c619-4c28-bdfc-63292747e9b9: shutdown FollowerState
2019-11-13 13:02:39,871 [Thread-4198] INFO  impl.RaftServerImpl (RaftServerImpl.java:setRole(173)) - a7629fe5-c619-4c28-bdfc-63292747e9b9@group-5C23E6E2F303: changes role from  FOLLOWER to CANDIDATE at term 0 for changeToCandidate
2019-11-13 13:02:39,871 [Thread-4198] INFO  impl.RoleInfo (RoleInfo.java:updateAndGet(143)) - a7629fe5-c619-4c28-bdfc-63292747e9b9: start LeaderElection
2019-11-13 13:02:39,875 [RatisPipelineUtilsThread] INFO  pipeline.PipelineStateManager (PipelineStateManager.java:addPipeline(55)) - Created pipeline Pipeline[ Id: 321971ae-bf3f-4a02-9e3e-0b9c24a60e0b, Nodes: 3d7387af-ecb5-4c7d-b20b-5fe48849adda{ip: 192.168.157.200, host: pr-hdds-2452-7vw7s-1330541530, networkLocation: /rack1, certSerialId: null}, Type:RATIS, Factor:ONE, State:ALLOCATED]
2019-11-13 13:02:39,884 [ccb58d27-4340-4f56-86e1-f88286cea239@group-FAD0BC5E1D41-SegmentedRaftLogWorker] INFO  segmented.SegmentedRaftLogWorker (SegmentedRaftLogWorker.java:execute(576)) - ccb58d27-4340-4f56-86e1-f88286cea239@group-FAD0BC5E1D41-SegmentedRaftLogWorker: created new log segment /workdir/hadoop-ozone/integration-test/target/test-dir/MiniOzoneClusterImpl-90e8aeb1-2975-47c6-9bba-faf27de7fb8c/datanode-1/data/ratis/d613afff-4455-4856-a07e-fad0bc5e1d41/current/log_inprogress_0
2019-11-13 13:02:39,885 [grpc-default-executor-6] INFO  impl.RaftServerProxy (RaftServerProxy.java:remove(95)) - 9bca8fcc-ea98-4ec4-92ce-7a037de40a27: remove group-2FD560804636:null
2019-11-13 13:02:39,891 [EventQueue-PipelineReportForPipelineReportHandler] ERROR pipeline.PipelineReportHandler (PipelineReportHandler.java:onMessage(81)) - Could not process pipeline report=pipelineID {
  id: "4f1c5194-9ad6-4c8e-a1a8-2fd560804636"
}
isLeader: true
 from dn=9bca8fcc-ea98-4ec4-92ce-7a037de40a27{ip: 192.168.157.200, host: pr-hdds-2452-7vw7s-1330541530, networkLocation: /rack1, certSerialId: null} {}
org.apache.ratis.protocol.GroupMismatchException: 9bca8fcc-ea98-4ec4-92ce-7a037de40a27: Group group-2FD560804636 not found.
	at org.apache.ratis.server.impl.RaftServerProxy.groupRemoveAsync(RaftServerProxy.java:402)
	at org.apache.ratis.server.impl.RaftServerProxy.groupManagementAsync(RaftServerProxy.java:367)
	at org.apache.ratis.grpc.server.GrpcAdminProtocolService.lambda$groupManagement$0(GrpcAdminProtocolService.java:42)
	at org.apache.ratis.grpc.GrpcUtil.asyncCall(GrpcUtil.java:140)
	at org.apache.ratis.grpc.server.GrpcAdminProtocolService.groupManagement(GrpcAdminProtocolService.java:42)
	at org.apache.ratis.proto.grpc.AdminProtocolServiceGrpc$MethodHandlers.invoke(AdminProtocolServiceGrpc.java:361)
	at org.apache.ratis.thirdparty.io.grpc.stub.ServerCalls$UnaryServerCallHandler$UnaryServerCallListener.onHalfClose(ServerCalls.java:171)
	at org.apache.ratis.thirdparty.io.grpc.internal.ServerCallImpl$ServerStreamListenerImpl.halfClosed(ServerCallImpl.java:283)
	at org.apache.ratis.thirdparty.io.grpc.internal.ServerImpl$JumpToApplicationThreadServerStreamListener$1HalfClosed.runInContext(ServerImpl.java:710)
	at org.apache.ratis.thirdparty.io.grpc.internal.ContextRunnable.run(ContextRunnable.java:37)
	at org.apache.ratis.thirdparty.io.grpc.internal.SerializingExecutor.run(SerializingExecutor.java:123)
	at java.util.concurrent.ThreadPoolExecutor.runWorker(ThreadPoolExecutor.java:1149)
	at java.util.concurrent.ThreadPoolExecutor$Worker.run(ThreadPoolExecutor.java:624)
	at java.lang.Thread.run(Thread.java:748)
2019-11-13 13:02:39,893 [grpc-default-executor-6] INFO  impl.RaftServerProxy (RaftServerProxy.java:remove(95)) - 9bca8fcc-ea98-4ec4-92ce-7a037de40a27: remove group-BFFD9583CC8A:null
2019-11-13 13:02:39,898 [EventQueue-PipelineReportForPipelineReportHandler] ERROR pipeline.PipelineReportHandler (PipelineReportHandler.java:onMessage(81)) - Could not process pipeline report=pipelineID {
  id: "f278ffee-b89c-4f70-9b2b-bffd9583cc8a"
}
isLeader: true
 from dn=9bca8fcc-ea98-4ec4-92ce-7a037de40a27{ip: 192.168.157.200, host: pr-hdds-2452-7vw7s-1330541530, networkLocation: /rack1, certSerialId: null} {}
org.apache.ratis.protocol.GroupMismatchException: 9bca8fcc-ea98-4ec4-92ce-7a037de40a27: Group group-BFFD9583CC8A not found.
	at org.apache.ratis.server.impl.RaftServerProxy.groupRemoveAsync(RaftServerProxy.java:402)
	at org.apache.ratis.server.impl.RaftServerProxy.groupManagementAsync(RaftServerProxy.java:367)
	at org.apache.ratis.grpc.server.GrpcAdminProtocolService.lambda$groupManagement$0(GrpcAdminProtocolService.java:42)
	at org.apache.ratis.grpc.GrpcUtil.asyncCall(GrpcUtil.java:140)
	at org.apache.ratis.grpc.server.GrpcAdminProtocolService.groupManagement(GrpcAdminProtocolService.java:42)
	at org.apache.ratis.proto.grpc.AdminProtocolServiceGrpc$MethodHandlers.invoke(AdminProtocolServiceGrpc.java:361)
	at org.apache.ratis.thirdparty.io.grpc.stub.ServerCalls$UnaryServerCallHandler$UnaryServerCallListener.onHalfClose(ServerCalls.java:171)
	at org.apache.ratis.thirdparty.io.grpc.internal.ServerCallImpl$ServerStreamListenerImpl.halfClosed(ServerCallImpl.java:283)
	at org.apache.ratis.thirdparty.io.grpc.internal.ServerImpl$JumpToApplicationThreadServerStreamListener$1HalfClosed.runInContext(ServerImpl.java:710)
	at org.apache.ratis.thirdparty.io.grpc.internal.ContextRunnable.run(ContextRunnable.java:37)
	at org.apache.ratis.thirdparty.io.grpc.internal.SerializingExecutor.run(SerializingExecutor.java:123)
	at java.util.concurrent.ThreadPoolExecutor.runWorker(ThreadPoolExecutor.java:1149)
	at java.util.concurrent.ThreadPoolExecutor$Worker.run(ThreadPoolExecutor.java:624)
	at java.lang.Thread.run(Thread.java:748)
2019-11-13 13:02:39,898 [EventQueue-PipelineReportForPipelineReportHandler] INFO  pipeline.PipelineStateManager (PipelineStateManager.java:openPipeline(134)) - Pipeline Pipeline[ Id: 35cd82dd-15b6-412a-83dc-9abffeb58543, Nodes: 9bca8fcc-ea98-4ec4-92ce-7a037de40a27{ip: 192.168.157.200, host: pr-hdds-2452-7vw7s-1330541530, networkLocation: /rack1, certSerialId: null}, Type:RATIS, Factor:ONE, State:OPEN] moved to OPEN state
2019-11-13 13:02:39,900 [grpc-default-executor-6] INFO  impl.RaftServerProxy (RaftServerProxy.java:remove(95)) - 9bca8fcc-ea98-4ec4-92ce-7a037de40a27: remove group-2FD560804636:null
2019-11-13 13:02:39,905 [EventQueue-PipelineReportForPipelineReportHandler] ERROR pipeline.PipelineReportHandler (PipelineReportHandler.java:onMessage(81)) - Could not process pipeline report=pipelineID {
  id: "4f1c5194-9ad6-4c8e-a1a8-2fd560804636"
}
isLeader: true
 from dn=9bca8fcc-ea98-4ec4-92ce-7a037de40a27{ip: 192.168.157.200, host: pr-hdds-2452-7vw7s-1330541530, networkLocation: /rack1, certSerialId: null} {}
org.apache.ratis.protocol.GroupMismatchException: 9bca8fcc-ea98-4ec4-92ce-7a037de40a27: Group group-2FD560804636 not found.
	at org.apache.ratis.server.impl.RaftServerProxy.groupRemoveAsync(RaftServerProxy.java:402)
	at org.apache.ratis.server.impl.RaftServerProxy.groupManagementAsync(RaftServerProxy.java:367)
	at org.apache.ratis.grpc.server.GrpcAdminProtocolService.lambda$groupManagement$0(GrpcAdminProtocolService.java:42)
	at org.apache.ratis.grpc.GrpcUtil.asyncCall(GrpcUtil.java:140)
	at org.apache.ratis.grpc.server.GrpcAdminProtocolService.groupManagement(GrpcAdminProtocolService.java:42)
	at org.apache.ratis.proto.grpc.AdminProtocolServiceGrpc$MethodHandlers.invoke(AdminProtocolServiceGrpc.java:361)
	at org.apache.ratis.thirdparty.io.grpc.stub.ServerCalls$UnaryServerCallHandler$UnaryServerCallListener.onHalfClose(ServerCalls.java:171)
	at org.apache.ratis.thirdparty.io.grpc.internal.ServerCallImpl$ServerStreamListenerImpl.halfClosed(ServerCallImpl.java:283)
	at org.apache.ratis.thirdparty.io.grpc.internal.ServerImpl$JumpToApplicationThreadServerStreamListener$1HalfClosed.runInContext(ServerImpl.java:710)
	at org.apache.ratis.thirdparty.io.grpc.internal.ContextRunnable.run(ContextRunnable.java:37)
	at org.apache.ratis.thirdparty.io.grpc.internal.SerializingExecutor.run(SerializingExecutor.java:123)
	at java.util.concurrent.ThreadPoolExecutor.runWorker(ThreadPoolExecutor.java:1149)
	at java.util.concurrent.ThreadPoolExecutor$Worker.run(ThreadPoolExecutor.java:624)
	at java.lang.Thread.run(Thread.java:748)
2019-11-13 13:02:39,905 [EventQueue-PipelineReportForPipelineReportHandler] INFO  pipeline.PipelineStateManager (PipelineStateManager.java:openPipeline(134)) - Pipeline Pipeline[ Id: 0f501d82-e253-402a-8fd8-2f0879c8d117, Nodes: 7ba291c4-9ee0-417b-844f-44a16c4ba9e2{ip: 192.168.157.200, host: pr-hdds-2452-7vw7s-1330541530, networkLocation: /rack1, certSerialId: null}, Type:RATIS, Factor:ONE, State:OPEN] moved to OPEN state
2019-11-13 13:02:39,905 [EventQueue-PipelineReportForPipelineReportHandler] INFO  pipeline.PipelineStateManager (PipelineStateManager.java:openPipeline(134)) - Pipeline Pipeline[ Id: d613afff-4455-4856-a07e-fad0bc5e1d41, Nodes: ccb58d27-4340-4f56-86e1-f88286cea239{ip: 192.168.157.200, host: pr-hdds-2452-7vw7s-1330541530, networkLocation: /rack1, certSerialId: null}, Type:RATIS, Factor:ONE, State:OPEN] moved to OPEN state
2019-11-13 13:02:39,935 [a7629fe5-c619-4c28-bdfc-63292747e9b9@group-5C23E6E2F303-LeaderElection225] INFO  impl.LeaderElection (LeaderElection.java:askForVotes(178)) - a7629fe5-c619-4c28-bdfc-63292747e9b9@group-5C23E6E2F303-LeaderElection225: begin an election at term 1 for -1: [a7629fe5-c619-4c28-bdfc-63292747e9b9:192.168.157.200:36140], old=null
2019-11-13 13:02:39,935 [a7629fe5-c619-4c28-bdfc-63292747e9b9@group-5C23E6E2F303-LeaderElection225] INFO  impl.RoleInfo (RoleInfo.java:shutdownLeaderElection(134)) - a7629fe5-c619-4c28-bdfc-63292747e9b9: shutdown LeaderElection
2019-11-13 13:02:39,935 [a7629fe5-c619-4c28-bdfc-63292747e9b9@group-5C23E6E2F303-LeaderElection225] INFO  impl.RaftServerImpl (RaftServerImpl.java:setRole(173)) - a7629fe5-c619-4c28-bdfc-63292747e9b9@group-5C23E6E2F303: changes role from CANDIDATE to LEADER at term 1 for changeToLeader
2019-11-13 13:02:39,935 [a7629fe5-c619-4c28-bdfc-63292747e9b9@group-5C23E6E2F303-LeaderElection225] INFO  ratis.XceiverServerRatis (XceiverServerRatis.java:handleLeaderChangedNotification(697)) - Leader change notification received for group: group-5C23E6E2F303 with new leaderId: a7629fe5-c619-4c28-bdfc-63292747e9b9
2019-11-13 13:02:39,935 [a7629fe5-c619-4c28-bdfc-63292747e9b9@group-5C23E6E2F303-LeaderElection225] INFO  impl.RaftServerImpl (ServerState.java:setLeader(255)) - a7629fe5-c619-4c28-bdfc-63292747e9b9@group-5C23E6E2F303: change Leader from null to a7629fe5-c619-4c28-bdfc-63292747e9b9 at term 1 for becomeLeader, leader elected after 1220ms
2019-11-13 13:02:39,935 [a7629fe5-c619-4c28-bdfc-63292747e9b9@group-5C23E6E2F303-LeaderElection225] INFO  server.RaftServerConfigKeys (ConfUtils.java:logGet(43)) - raft.server.staging.catchup.gap = 1000 (default)
2019-11-13 13:02:39,935 [a7629fe5-c619-4c28-bdfc-63292747e9b9@group-5C23E6E2F303-LeaderElection225] INFO  server.RaftServerConfigKeys (ConfUtils.java:logGet(43)) - raft.server.rpc.sleep.time = 25ms (default)
2019-11-13 13:02:39,936 [a7629fe5-c619-4c28-bdfc-63292747e9b9@group-5C23E6E2F303-LeaderElection225] INFO  server.RaftServerConfigKeys (ConfUtils.java:logGet(43)) - raft.server.write.element-limit = 4096 (default)
2019-11-13 13:02:39,936 [a7629fe5-c619-4c28-bdfc-63292747e9b9@group-5C23E6E2F303-LeaderElection225] INFO  server.RaftServerConfigKeys (ConfUtils.java:logGet(43)) - raft.server.watch.timeout = 10s (default)
2019-11-13 13:02:39,936 [a7629fe5-c619-4c28-bdfc-63292747e9b9@group-5C23E6E2F303-LeaderElection225] INFO  server.RaftServerConfigKeys (ConfUtils.java:logGet(43)) - raft.server.watch.timeout.denomination = 1s (default)
2019-11-13 13:02:39,936 [a7629fe5-c619-4c28-bdfc-63292747e9b9@group-5C23E6E2F303-LeaderElection225] INFO  server.RaftServerConfigKeys (ConfUtils.java:logGet(43)) - raft.server.watch.element-limit = 65536 (default)
2019-11-13 13:02:39,936 [a7629fe5-c619-4c28-bdfc-63292747e9b9@group-5C23E6E2F303-LeaderElection225] INFO  impl.RoleInfo (RoleInfo.java:updateAndGet(143)) - a7629fe5-c619-4c28-bdfc-63292747e9b9: start LeaderState
2019-11-13 13:02:39,936 [EventQueue-PipelineReportForPipelineReportHandler] INFO  pipeline.PipelineStateManager (PipelineStateManager.java:openPipeline(134)) - Pipeline Pipeline[ Id: 774cbfc5-3fa0-4806-b3ef-5c23e6e2f303, Nodes: a7629fe5-c619-4c28-bdfc-63292747e9b9{ip: 192.168.157.200, host: pr-hdds-2452-7vw7s-1330541530, networkLocation: /rack1, certSerialId: null}, Type:RATIS, Factor:ONE, State:OPEN] moved to OPEN state
2019-11-13 13:02:39,936 [a7629fe5-c619-4c28-bdfc-63292747e9b9@group-5C23E6E2F303-LeaderElection225] INFO  segmented.SegmentedRaftLogWorker (SegmentedRaftLogWorker.java:startLogSegment(385)) - a7629fe5-c619-4c28-bdfc-63292747e9b9@group-5C23E6E2F303-SegmentedRaftLogWorker: Starting segment from index:0
2019-11-13 13:02:39,936 [a7629fe5-c619-4c28-bdfc-63292747e9b9@group-5C23E6E2F303-LeaderElection225] INFO  impl.RaftServerImpl (ServerState.java:setRaftConf(356)) - a7629fe5-c619-4c28-bdfc-63292747e9b9@group-5C23E6E2F303: set configuration 0: [a7629fe5-c619-4c28-bdfc-63292747e9b9:192.168.157.200:36140], old=null at 0
2019-11-13 13:02:39,992 [Thread-4214] INFO  impl.FollowerState (FollowerState.java:run(111)) - 971d177f-fbc5-4c3a-b100-2607610d94ec@group-28BF1C14A3EE-FollowerState: change to CANDIDATE, lastRpcTime:1064ms, electionTimeout:1064ms
2019-11-13 13:02:39,992 [Thread-4214] INFO  impl.RoleInfo (RoleInfo.java:shutdownFollowerState(121)) - 971d177f-fbc5-4c3a-b100-2607610d94ec: shutdown FollowerState
2019-11-13 13:02:39,992 [Thread-4214] INFO  impl.RaftServerImpl (RaftServerImpl.java:setRole(173)) - 971d177f-fbc5-4c3a-b100-2607610d94ec@group-28BF1C14A3EE: changes role from  FOLLOWER to CANDIDATE at term 0 for changeToCandidate
2019-11-13 13:02:39,992 [Thread-4214] INFO  impl.RoleInfo (RoleInfo.java:updateAndGet(143)) - 971d177f-fbc5-4c3a-b100-2607610d94ec: start LeaderElection
2019-11-13 13:02:40,010 [a7629fe5-c619-4c28-bdfc-63292747e9b9@group-5C23E6E2F303-SegmentedRaftLogWorker] INFO  segmented.SegmentedRaftLogWorker (SegmentedRaftLogWorker.java:execute(576)) - a7629fe5-c619-4c28-bdfc-63292747e9b9@group-5C23E6E2F303-SegmentedRaftLogWorker: created new log segment /workdir/hadoop-ozone/integration-test/target/test-dir/MiniOzoneClusterImpl-90e8aeb1-2975-47c6-9bba-faf27de7fb8c/datanode-8/data/ratis/774cbfc5-3fa0-4806-b3ef-5c23e6e2f303/current/log_inprogress_0
2019-11-13 13:02:40,056 [Thread-4217] INFO  impl.FollowerState (FollowerState.java:run(111)) - 7ba291c4-9ee0-417b-844f-44a16c4ba9e2@group-28BF1C14A3EE-FollowerState: change to CANDIDATE, lastRpcTime:1119ms, electionTimeout:1119ms
2019-11-13 13:02:40,056 [Thread-4217] INFO  impl.RoleInfo (RoleInfo.java:shutdownFollowerState(121)) - 7ba291c4-9ee0-417b-844f-44a16c4ba9e2: shutdown FollowerState
2019-11-13 13:02:40,057 [Thread-4217] INFO  impl.RaftServerImpl (RaftServerImpl.java:setRole(173)) - 7ba291c4-9ee0-417b-844f-44a16c4ba9e2@group-28BF1C14A3EE: changes role from  FOLLOWER to CANDIDATE at term 0 for changeToCandidate
2019-11-13 13:02:40,057 [Thread-4217] INFO  impl.RoleInfo (RoleInfo.java:updateAndGet(143)) - 7ba291c4-9ee0-417b-844f-44a16c4ba9e2: start LeaderElection
2019-11-13 13:02:40,063 [Thread-4211] INFO  impl.FollowerState (FollowerState.java:run(111)) - 8ff9d20a-2236-45f0-8596-c8d53407e80c@group-28BF1C14A3EE-FollowerState: change to CANDIDATE, lastRpcTime:1137ms, electionTimeout:1137ms
2019-11-13 13:02:40,063 [Thread-4211] INFO  impl.RoleInfo (RoleInfo.java:shutdownFollowerState(121)) - 8ff9d20a-2236-45f0-8596-c8d53407e80c: shutdown FollowerState
2019-11-13 13:02:40,063 [Thread-4211] INFO  impl.RaftServerImpl (RaftServerImpl.java:setRole(173)) - 8ff9d20a-2236-45f0-8596-c8d53407e80c@group-28BF1C14A3EE: changes role from  FOLLOWER to CANDIDATE at term 0 for changeToCandidate
2019-11-13 13:02:40,063 [Thread-4211] INFO  impl.RoleInfo (RoleInfo.java:updateAndGet(143)) - 8ff9d20a-2236-45f0-8596-c8d53407e80c: start LeaderElection
2019-11-13 13:02:40,070 [971d177f-fbc5-4c3a-b100-2607610d94ec@group-28BF1C14A3EE-LeaderElection226] INFO  impl.LeaderElection (LeaderElection.java:askForVotes(178)) - 971d177f-fbc5-4c3a-b100-2607610d94ec@group-28BF1C14A3EE-LeaderElection226: begin an election at term 1 for -1: [8ff9d20a-2236-45f0-8596-c8d53407e80c:192.168.157.200:39500, 7ba291c4-9ee0-417b-844f-44a16c4ba9e2:192.168.157.200:33359, 971d177f-fbc5-4c3a-b100-2607610d94ec:192.168.157.200:33290], old=null
2019-11-13 13:02:40,121 [7ba291c4-9ee0-417b-844f-44a16c4ba9e2@group-28BF1C14A3EE-LeaderElection227] INFO  impl.LeaderElection (LeaderElection.java:askForVotes(178)) - 7ba291c4-9ee0-417b-844f-44a16c4ba9e2@group-28BF1C14A3EE-LeaderElection227: begin an election at term 1 for -1: [8ff9d20a-2236-45f0-8596-c8d53407e80c:192.168.157.200:39500, 7ba291c4-9ee0-417b-844f-44a16c4ba9e2:192.168.157.200:33359, 971d177f-fbc5-4c3a-b100-2607610d94ec:192.168.157.200:33290], old=null
2019-11-13 13:02:40,146 [8ff9d20a-2236-45f0-8596-c8d53407e80c@group-28BF1C14A3EE-LeaderElection228] INFO  impl.LeaderElection (LeaderElection.java:askForVotes(178)) - 8ff9d20a-2236-45f0-8596-c8d53407e80c@group-28BF1C14A3EE-LeaderElection228: begin an election at term 1 for -1: [8ff9d20a-2236-45f0-8596-c8d53407e80c:192.168.157.200:39500, 7ba291c4-9ee0-417b-844f-44a16c4ba9e2:192.168.157.200:33359, 971d177f-fbc5-4c3a-b100-2607610d94ec:192.168.157.200:33290], old=null
2019-11-13 13:02:40,148 [971d177f-fbc5-4c3a-b100-2607610d94ec@group-28BF1C14A3EE-LeaderElection226] INFO  impl.LeaderElection (LeaderElection.java:logAndReturn(56)) - 971d177f-fbc5-4c3a-b100-2607610d94ec@group-28BF1C14A3EE-LeaderElection226: Election REJECTED; received 2 response(s) [971d177f-fbc5-4c3a-b100-2607610d94ec<-8ff9d20a-2236-45f0-8596-c8d53407e80c#0:FAIL-t1, 971d177f-fbc5-4c3a-b100-2607610d94ec<-7ba291c4-9ee0-417b-844f-44a16c4ba9e2#0:FAIL-t1] and 0 exception(s); 971d177f-fbc5-4c3a-b100-2607610d94ec@group-28BF1C14A3EE:t1, leader=null, voted=971d177f-fbc5-4c3a-b100-2607610d94ec, raftlog=971d177f-fbc5-4c3a-b100-2607610d94ec@group-28BF1C14A3EE-SegmentedRaftLog:OPENED:c-1,f-1,i0, conf=-1: [8ff9d20a-2236-45f0-8596-c8d53407e80c:192.168.157.200:39500, 7ba291c4-9ee0-417b-844f-44a16c4ba9e2:192.168.157.200:33359, 971d177f-fbc5-4c3a-b100-2607610d94ec:192.168.157.200:33290], old=null
2019-11-13 13:02:40,148 [7ba291c4-9ee0-417b-844f-44a16c4ba9e2@group-28BF1C14A3EE-LeaderElection227] INFO  impl.LeaderElection (LeaderElection.java:logAndReturn(56)) - 7ba291c4-9ee0-417b-844f-44a16c4ba9e2@group-28BF1C14A3EE-LeaderElection227: Election REJECTED; received 2 response(s) [7ba291c4-9ee0-417b-844f-44a16c4ba9e2<-8ff9d20a-2236-45f0-8596-c8d53407e80c#0:FAIL-t1, 7ba291c4-9ee0-417b-844f-44a16c4ba9e2<-971d177f-fbc5-4c3a-b100-2607610d94ec#0:FAIL-t1] and 0 exception(s); 7ba291c4-9ee0-417b-844f-44a16c4ba9e2@group-28BF1C14A3EE:t1, leader=null, voted=7ba291c4-9ee0-417b-844f-44a16c4ba9e2, raftlog=7ba291c4-9ee0-417b-844f-44a16c4ba9e2@group-28BF1C14A3EE-SegmentedRaftLog:OPENED:c-1,f-1,i0, conf=-1: [8ff9d20a-2236-45f0-8596-c8d53407e80c:192.168.157.200:39500, 7ba291c4-9ee0-417b-844f-44a16c4ba9e2:192.168.157.200:33359, 971d177f-fbc5-4c3a-b100-2607610d94ec:192.168.157.200:33290], old=null
2019-11-13 13:02:40,149 [971d177f-fbc5-4c3a-b100-2607610d94ec@group-28BF1C14A3EE-LeaderElection226] INFO  impl.RaftServerImpl (RaftServerImpl.java:setRole(173)) - 971d177f-fbc5-4c3a-b100-2607610d94ec@group-28BF1C14A3EE: changes role from CANDIDATE to FOLLOWER at term 1 for DISCOVERED_A_NEW_TERM
2019-11-13 13:02:40,149 [971d177f-fbc5-4c3a-b100-2607610d94ec@group-28BF1C14A3EE-LeaderElection226] INFO  impl.RoleInfo (RoleInfo.java:shutdownLeaderElection(134)) - 971d177f-fbc5-4c3a-b100-2607610d94ec: shutdown LeaderElection
2019-11-13 13:02:40,149 [7ba291c4-9ee0-417b-844f-44a16c4ba9e2@group-28BF1C14A3EE-LeaderElection227] INFO  impl.RaftServerImpl (RaftServerImpl.java:setRole(173)) - 7ba291c4-9ee0-417b-844f-44a16c4ba9e2@group-28BF1C14A3EE: changes role from CANDIDATE to FOLLOWER at term 1 for DISCOVERED_A_NEW_TERM
2019-11-13 13:02:40,149 [7ba291c4-9ee0-417b-844f-44a16c4ba9e2@group-28BF1C14A3EE-LeaderElection227] INFO  impl.RoleInfo (RoleInfo.java:shutdownLeaderElection(134)) - 7ba291c4-9ee0-417b-844f-44a16c4ba9e2: shutdown LeaderElection
2019-11-13 13:02:40,149 [971d177f-fbc5-4c3a-b100-2607610d94ec@group-28BF1C14A3EE-LeaderElection226] INFO  impl.RoleInfo (RoleInfo.java:updateAndGet(143)) - 971d177f-fbc5-4c3a-b100-2607610d94ec: start FollowerState
2019-11-13 13:02:40,149 [7ba291c4-9ee0-417b-844f-44a16c4ba9e2@group-28BF1C14A3EE-LeaderElection227] INFO  impl.RoleInfo (RoleInfo.java:updateAndGet(143)) - 7ba291c4-9ee0-417b-844f-44a16c4ba9e2: start FollowerState
2019-11-13 13:02:40,151 [8ff9d20a-2236-45f0-8596-c8d53407e80c@group-28BF1C14A3EE-LeaderElection228] INFO  impl.LeaderElection (LeaderElection.java:logAndReturn(56)) - 8ff9d20a-2236-45f0-8596-c8d53407e80c@group-28BF1C14A3EE-LeaderElection228: Election REJECTED; received 2 response(s) [8ff9d20a-2236-45f0-8596-c8d53407e80c<-7ba291c4-9ee0-417b-844f-44a16c4ba9e2#0:FAIL-t1, 8ff9d20a-2236-45f0-8596-c8d53407e80c<-971d177f-fbc5-4c3a-b100-2607610d94ec#0:FAIL-t1] and 0 exception(s); 8ff9d20a-2236-45f0-8596-c8d53407e80c@group-28BF1C14A3EE:t1, leader=null, voted=8ff9d20a-2236-45f0-8596-c8d53407e80c, raftlog=8ff9d20a-2236-45f0-8596-c8d53407e80c@group-28BF1C14A3EE-SegmentedRaftLog:OPENED:c-1,f-1,i0, conf=-1: [8ff9d20a-2236-45f0-8596-c8d53407e80c:192.168.157.200:39500, 7ba291c4-9ee0-417b-844f-44a16c4ba9e2:192.168.157.200:33359, 971d177f-fbc5-4c3a-b100-2607610d94ec:192.168.157.200:33290], old=null
2019-11-13 13:02:40,151 [8ff9d20a-2236-45f0-8596-c8d53407e80c@group-28BF1C14A3EE-LeaderElection228] INFO  impl.RaftServerImpl (RaftServerImpl.java:setRole(173)) - 8ff9d20a-2236-45f0-8596-c8d53407e80c@group-28BF1C14A3EE: changes role from CANDIDATE to FOLLOWER at term 1 for DISCOVERED_A_NEW_TERM
2019-11-13 13:02:40,151 [8ff9d20a-2236-45f0-8596-c8d53407e80c@group-28BF1C14A3EE-LeaderElection228] INFO  impl.RoleInfo (RoleInfo.java:shutdownLeaderElection(134)) - 8ff9d20a-2236-45f0-8596-c8d53407e80c: shutdown LeaderElection
2019-11-13 13:02:40,151 [8ff9d20a-2236-45f0-8596-c8d53407e80c@group-28BF1C14A3EE-LeaderElection228] INFO  impl.RoleInfo (RoleInfo.java:updateAndGet(143)) - 8ff9d20a-2236-45f0-8596-c8d53407e80c: start FollowerState
2019-11-13 13:02:40,288 [Thread-4241] INFO  impl.FollowerState (FollowerState.java:run(111)) - 3d7387af-ecb5-4c7d-b20b-5fe48849adda@group-FFCD4D7C2DEB-FollowerState: change to CANDIDATE, lastRpcTime:1052ms, electionTimeout:1048ms
2019-11-13 13:02:40,288 [Thread-4241] INFO  impl.RoleInfo (RoleInfo.java:shutdownFollowerState(121)) - 3d7387af-ecb5-4c7d-b20b-5fe48849adda: shutdown FollowerState
2019-11-13 13:02:40,288 [Thread-4241] INFO  impl.RaftServerImpl (RaftServerImpl.java:setRole(173)) - 3d7387af-ecb5-4c7d-b20b-5fe48849adda@group-FFCD4D7C2DEB: changes role from  FOLLOWER to CANDIDATE at term 1 for changeToCandidate
2019-11-13 13:02:40,288 [Thread-4241] INFO  impl.RoleInfo (RoleInfo.java:updateAndGet(143)) - 3d7387af-ecb5-4c7d-b20b-5fe48849adda: start LeaderElection
2019-11-13 13:02:40,307 [3d7387af-ecb5-4c7d-b20b-5fe48849adda@group-FFCD4D7C2DEB-LeaderElection229] INFO  impl.LeaderElection (LeaderElection.java:askForVotes(178)) - 3d7387af-ecb5-4c7d-b20b-5fe48849adda@group-FFCD4D7C2DEB-LeaderElection229: begin an election at term 2 for -1: [1a33519a-3def-4d79-b3e5-c4d8286dc86e:192.168.157.200:40699, 3d7387af-ecb5-4c7d-b20b-5fe48849adda:192.168.157.200:37245, 318b4bc4-2a6a-4055-b801-3341d5814353:192.168.157.200:34345], old=null
2019-11-13 13:02:40,309 [grpc-default-executor-5] INFO  impl.RaftServerImpl (RaftServerImpl.java:setRole(173)) - 318b4bc4-2a6a-4055-b801-3341d5814353@group-FFCD4D7C2DEB: changes role from  FOLLOWER to FOLLOWER at term 2 for recognizeCandidate:3d7387af-ecb5-4c7d-b20b-5fe48849adda
2019-11-13 13:02:40,309 [grpc-default-executor-5] INFO  impl.RoleInfo (RoleInfo.java:shutdownFollowerState(121)) - 318b4bc4-2a6a-4055-b801-3341d5814353: shutdown FollowerState
2019-11-13 13:02:40,309 [grpc-default-executor-5] INFO  impl.RoleInfo (RoleInfo.java:updateAndGet(143)) - 318b4bc4-2a6a-4055-b801-3341d5814353: start FollowerState
2019-11-13 13:02:40,310 [Thread-4242] INFO  impl.FollowerState (FollowerState.java:run(120)) - 318b4bc4-2a6a-4055-b801-3341d5814353@group-FFCD4D7C2DEB-FollowerState was interrupted: java.lang.InterruptedException: sleep interrupted
2019-11-13 13:02:40,309 [grpc-default-executor-2] INFO  impl.RaftServerImpl (RaftServerImpl.java:setRole(173)) - 1a33519a-3def-4d79-b3e5-c4d8286dc86e@group-FFCD4D7C2DEB: changes role from  FOLLOWER to FOLLOWER at term 2 for recognizeCandidate:3d7387af-ecb5-4c7d-b20b-5fe48849adda
2019-11-13 13:02:40,310 [grpc-default-executor-2] INFO  impl.RoleInfo (RoleInfo.java:shutdownFollowerState(121)) - 1a33519a-3def-4d79-b3e5-c4d8286dc86e: shutdown FollowerState
2019-11-13 13:02:40,310 [grpc-default-executor-2] INFO  impl.RoleInfo (RoleInfo.java:updateAndGet(143)) - 1a33519a-3def-4d79-b3e5-c4d8286dc86e: start FollowerState
2019-11-13 13:02:40,310 [Thread-4243] INFO  impl.FollowerState (FollowerState.java:run(120)) - 1a33519a-3def-4d79-b3e5-c4d8286dc86e@group-FFCD4D7C2DEB-FollowerState was interrupted: java.lang.InterruptedException: sleep interrupted
2019-11-13 13:02:40,336 [Thread-4229] INFO  impl.FollowerState (FollowerState.java:run(111)) - 971d177f-fbc5-4c3a-b100-2607610d94ec@group-AE879E1D4AC4-FollowerState: change to CANDIDATE, lastRpcTime:1185ms, electionTimeout:1185ms
2019-11-13 13:02:40,336 [Thread-4229] INFO  impl.RoleInfo (RoleInfo.java:shutdownFollowerState(121)) - 971d177f-fbc5-4c3a-b100-2607610d94ec: shutdown FollowerState
2019-11-13 13:02:40,336 [Thread-4229] INFO  impl.RaftServerImpl (RaftServerImpl.java:setRole(173)) - 971d177f-fbc5-4c3a-b100-2607610d94ec@group-AE879E1D4AC4: changes role from  FOLLOWER to CANDIDATE at term 0 for changeToCandidate
2019-11-13 13:02:40,336 [Thread-4229] INFO  impl.RoleInfo (RoleInfo.java:updateAndGet(143)) - 971d177f-fbc5-4c3a-b100-2607610d94ec: start LeaderElection
2019-11-13 13:02:40,374 [971d177f-fbc5-4c3a-b100-2607610d94ec@group-AE879E1D4AC4-LeaderElection230] INFO  impl.LeaderElection (LeaderElection.java:askForVotes(178)) - 971d177f-fbc5-4c3a-b100-2607610d94ec@group-AE879E1D4AC4-LeaderElection230: begin an election at term 1 for -1: [971d177f-fbc5-4c3a-b100-2607610d94ec:192.168.157.200:33290], old=null
2019-11-13 13:02:40,374 [971d177f-fbc5-4c3a-b100-2607610d94ec@group-AE879E1D4AC4-LeaderElection230] INFO  impl.RoleInfo (RoleInfo.java:shutdownLeaderElection(134)) - 971d177f-fbc5-4c3a-b100-2607610d94ec: shutdown LeaderElection
2019-11-13 13:02:40,375 [971d177f-fbc5-4c3a-b100-2607610d94ec@group-AE879E1D4AC4-LeaderElection230] INFO  impl.RaftServerImpl (RaftServerImpl.java:setRole(173)) - 971d177f-fbc5-4c3a-b100-2607610d94ec@group-AE879E1D4AC4: changes role from CANDIDATE to LEADER at term 1 for changeToLeader
2019-11-13 13:02:40,375 [971d177f-fbc5-4c3a-b100-2607610d94ec@group-AE879E1D4AC4-LeaderElection230] INFO  ratis.XceiverServerRatis (XceiverServerRatis.java:handleLeaderChangedNotification(697)) - Leader change notification received for group: group-AE879E1D4AC4 with new leaderId: 971d177f-fbc5-4c3a-b100-2607610d94ec
2019-11-13 13:02:40,375 [971d177f-fbc5-4c3a-b100-2607610d94ec@group-AE879E1D4AC4-LeaderElection230] INFO  impl.RaftServerImpl (ServerState.java:setLeader(255)) - 971d177f-fbc5-4c3a-b100-2607610d94ec@group-AE879E1D4AC4: change Leader from null to 971d177f-fbc5-4c3a-b100-2607610d94ec at term 1 for becomeLeader, leader elected after 1277ms
2019-11-13 13:02:40,375 [3d7387af-ecb5-4c7d-b20b-5fe48849adda@group-FFCD4D7C2DEB-LeaderElection229] INFO  impl.LeaderElection (LeaderElection.java:logAndReturn(56)) - 3d7387af-ecb5-4c7d-b20b-5fe48849adda@group-FFCD4D7C2DEB-LeaderElection229: Election PASSED; received 1 response(s) [3d7387af-ecb5-4c7d-b20b-5fe48849adda<-1a33519a-3def-4d79-b3e5-c4d8286dc86e#0:OK-t2] and 0 exception(s); 3d7387af-ecb5-4c7d-b20b-5fe48849adda@group-FFCD4D7C2DEB:t2, leader=null, voted=3d7387af-ecb5-4c7d-b20b-5fe48849adda, raftlog=3d7387af-ecb5-4c7d-b20b-5fe48849adda@group-FFCD4D7C2DEB-SegmentedRaftLog:OPENED:c-1,f-1,i0, conf=-1: [1a33519a-3def-4d79-b3e5-c4d8286dc86e:192.168.157.200:40699, 3d7387af-ecb5-4c7d-b20b-5fe48849adda:192.168.157.200:37245, 318b4bc4-2a6a-4055-b801-3341d5814353:192.168.157.200:34345], old=null
2019-11-13 13:02:40,375 [3d7387af-ecb5-4c7d-b20b-5fe48849adda@group-FFCD4D7C2DEB-LeaderElection229] INFO  impl.RoleInfo (RoleInfo.java:shutdownLeaderElection(134)) - 3d7387af-ecb5-4c7d-b20b-5fe48849adda: shutdown LeaderElection
2019-11-13 13:02:40,375 [3d7387af-ecb5-4c7d-b20b-5fe48849adda@group-FFCD4D7C2DEB-LeaderElection229] INFO  impl.RaftServerImpl (RaftServerImpl.java:setRole(173)) - 3d7387af-ecb5-4c7d-b20b-5fe48849adda@group-FFCD4D7C2DEB: changes role from CANDIDATE to LEADER at term 2 for changeToLeader
2019-11-13 13:02:40,376 [3d7387af-ecb5-4c7d-b20b-5fe48849adda@group-FFCD4D7C2DEB-LeaderElection229] INFO  ratis.XceiverServerRatis (XceiverServerRatis.java:handleLeaderChangedNotification(697)) - Leader change notification received for group: group-FFCD4D7C2DEB with new leaderId: 3d7387af-ecb5-4c7d-b20b-5fe48849adda
2019-11-13 13:02:40,375 [971d177f-fbc5-4c3a-b100-2607610d94ec@group-AE879E1D4AC4-LeaderElection230] INFO  server.RaftServerConfigKeys (ConfUtils.java:logGet(43)) - raft.server.staging.catchup.gap = 1000 (default)
2019-11-13 13:02:40,379 [971d177f-fbc5-4c3a-b100-2607610d94ec@group-AE879E1D4AC4-LeaderElection230] INFO  server.RaftServerConfigKeys (ConfUtils.java:logGet(43)) - raft.server.rpc.sleep.time = 25ms (default)
2019-11-13 13:02:40,379 [EventQueue-PipelineReportForPipelineReportHandler] INFO  pipeline.PipelineStateManager (PipelineStateManager.java:openPipeline(134)) - Pipeline Pipeline[ Id: dc282951-e23d-4652-8e93-ae879e1d4ac4, Nodes: 971d177f-fbc5-4c3a-b100-2607610d94ec{ip: 192.168.157.200, host: pr-hdds-2452-7vw7s-1330541530, networkLocation: /rack1, certSerialId: null}, Type:RATIS, Factor:ONE, State:OPEN] moved to OPEN state
2019-11-13 13:02:40,378 [3d7387af-ecb5-4c7d-b20b-5fe48849adda@group-FFCD4D7C2DEB-LeaderElection229] INFO  impl.RaftServerImpl (ServerState.java:setLeader(255)) - 3d7387af-ecb5-4c7d-b20b-5fe48849adda@group-FFCD4D7C2DEB: change Leader from null to 3d7387af-ecb5-4c7d-b20b-5fe48849adda at term 2 for becomeLeader, leader elected after 2453ms
2019-11-13 13:02:40,379 [3d7387af-ecb5-4c7d-b20b-5fe48849adda@group-FFCD4D7C2DEB-LeaderElection229] INFO  server.RaftServerConfigKeys (ConfUtils.java:logGet(43)) - raft.server.staging.catchup.gap = 1000 (default)
2019-11-13 13:02:40,379 [3d7387af-ecb5-4c7d-b20b-5fe48849adda@group-FFCD4D7C2DEB-LeaderElection229] INFO  server.RaftServerConfigKeys (ConfUtils.java:logGet(43)) - raft.server.rpc.sleep.time = 25ms (default)
2019-11-13 13:02:40,379 [3d7387af-ecb5-4c7d-b20b-5fe48849adda@group-FFCD4D7C2DEB-LeaderElection229] INFO  server.RaftServerConfigKeys (ConfUtils.java:logGet(43)) - raft.server.write.element-limit = 4096 (default)
2019-11-13 13:02:40,379 [3d7387af-ecb5-4c7d-b20b-5fe48849adda@group-FFCD4D7C2DEB-LeaderElection229] INFO  server.RaftServerConfigKeys (ConfUtils.java:logGet(43)) - raft.server.watch.timeout = 10s (default)
2019-11-13 13:02:40,380 [3d7387af-ecb5-4c7d-b20b-5fe48849adda@group-FFCD4D7C2DEB-LeaderElection229] INFO  server.RaftServerConfigKeys (ConfUtils.java:logGet(43)) - raft.server.watch.timeout.denomination = 1s (default)
2019-11-13 13:02:40,380 [3d7387af-ecb5-4c7d-b20b-5fe48849adda@group-FFCD4D7C2DEB-LeaderElection229] INFO  server.RaftServerConfigKeys (ConfUtils.java:logGet(43)) - raft.server.watch.element-limit = 65536 (default)
2019-11-13 13:02:40,380 [3d7387af-ecb5-4c7d-b20b-5fe48849adda@group-FFCD4D7C2DEB-LeaderElection229] INFO  server.RaftServerConfigKeys (ConfUtils.java:logGet(43)) - raft.server.log.appender.snapshot.chunk.size.max = 16MB (=16777216) (default)
2019-11-13 13:02:40,380 [3d7387af-ecb5-4c7d-b20b-5fe48849adda@group-FFCD4D7C2DEB-LeaderElection229] INFO  server.RaftServerConfigKeys (ConfUtils.java:logGet(43)) - raft.server.log.appender.buffer.byte-limit = 33554432 (custom)
2019-11-13 13:02:40,380 [3d7387af-ecb5-4c7d-b20b-5fe48849adda@group-FFCD4D7C2DEB-LeaderElection229] INFO  server.RaftServerConfigKeys (ConfUtils.java:logGet(43)) - raft.server.log.appender.buffer.element-limit = 1 (custom)
2019-11-13 13:02:40,380 [3d7387af-ecb5-4c7d-b20b-5fe48849adda@group-FFCD4D7C2DEB-LeaderElection229] INFO  grpc.GrpcConfigKeys$Server (ConfUtils.java:logGet(43)) - raft.grpc.server.leader.outstanding.appends.max = 128 (default)
2019-11-13 13:02:40,381 [3d7387af-ecb5-4c7d-b20b-5fe48849adda@group-FFCD4D7C2DEB-LeaderElection229] INFO  server.RaftServerConfigKeys (ConfUtils.java:logGet(43)) - raft.server.rpc.request.timeout = 3000ms (default)
2019-11-13 13:02:40,381 [3d7387af-ecb5-4c7d-b20b-5fe48849adda@group-FFCD4D7C2DEB-LeaderElection229] INFO  server.RaftServerConfigKeys (ConfUtils.java:logGet(43)) - raft.server.log.appender.install.snapshot.enabled = false (custom)
2019-11-13 13:02:40,381 [3d7387af-ecb5-4c7d-b20b-5fe48849adda@group-FFCD4D7C2DEB-LeaderElection229] WARN  impl.MetricRegistriesImpl (MetricRegistriesImpl.java:lambda$create$1(61)) - First MetricRegistry has been created without registering reporters. You may need to call MetricRegistries.global().addReportRegistration(...) before.
2019-11-13 13:02:40,381 [3d7387af-ecb5-4c7d-b20b-5fe48849adda@group-FFCD4D7C2DEB-LeaderElection229] INFO  server.RaftServerConfigKeys (ConfUtils.java:logGet(43)) - raft.server.log.appender.snapshot.chunk.size.max = 16MB (=16777216) (default)
2019-11-13 13:02:40,381 [3d7387af-ecb5-4c7d-b20b-5fe48849adda@group-FFCD4D7C2DEB-LeaderElection229] INFO  server.RaftServerConfigKeys (ConfUtils.java:logGet(43)) - raft.server.log.appender.buffer.byte-limit = 33554432 (custom)
2019-11-13 13:02:40,381 [3d7387af-ecb5-4c7d-b20b-5fe48849adda@group-FFCD4D7C2DEB-LeaderElection229] INFO  server.RaftServerConfigKeys (ConfUtils.java:logGet(43)) - raft.server.log.appender.buffer.element-limit = 1 (custom)
2019-11-13 13:02:40,382 [3d7387af-ecb5-4c7d-b20b-5fe48849adda@group-FFCD4D7C2DEB-LeaderElection229] INFO  grpc.GrpcConfigKeys$Server (ConfUtils.java:logGet(43)) - raft.grpc.server.leader.outstanding.appends.max = 128 (default)
2019-11-13 13:02:40,382 [3d7387af-ecb5-4c7d-b20b-5fe48849adda@group-FFCD4D7C2DEB-LeaderElection229] INFO  server.RaftServerConfigKeys (ConfUtils.java:logGet(43)) - raft.server.rpc.request.timeout = 3000ms (default)
2019-11-13 13:02:40,382 [3d7387af-ecb5-4c7d-b20b-5fe48849adda@group-FFCD4D7C2DEB-LeaderElection229] INFO  server.RaftServerConfigKeys (ConfUtils.java:logGet(43)) - raft.server.log.appender.install.snapshot.enabled = false (custom)
2019-11-13 13:02:40,382 [3d7387af-ecb5-4c7d-b20b-5fe48849adda@group-FFCD4D7C2DEB-LeaderElection229] INFO  impl.RoleInfo (RoleInfo.java:updateAndGet(143)) - 3d7387af-ecb5-4c7d-b20b-5fe48849adda: start LeaderState
2019-11-13 13:02:40,382 [3d7387af-ecb5-4c7d-b20b-5fe48849adda@group-FFCD4D7C2DEB-LeaderElection229] INFO  segmented.SegmentedRaftLogWorker (SegmentedRaftLogWorker.java:startLogSegment(385)) - 3d7387af-ecb5-4c7d-b20b-5fe48849adda@group-FFCD4D7C2DEB-SegmentedRaftLogWorker: Starting segment from index:0
2019-11-13 13:02:40,379 [971d177f-fbc5-4c3a-b100-2607610d94ec@group-AE879E1D4AC4-LeaderElection230] INFO  server.RaftServerConfigKeys (ConfUtils.java:logGet(43)) - raft.server.write.element-limit = 4096 (default)
2019-11-13 13:02:40,381 [grpc-default-executor-5] INFO  impl.RaftServerProxy (RaftServerProxy.java:remove(95)) - 3d7387af-ecb5-4c7d-b20b-5fe48849adda: remove    LEADER 3d7387af-ecb5-4c7d-b20b-5fe48849adda@group-FFCD4D7C2DEB:t2, leader=3d7387af-ecb5-4c7d-b20b-5fe48849adda, voted=3d7387af-ecb5-4c7d-b20b-5fe48849adda, raftlog=3d7387af-ecb5-4c7d-b20b-5fe48849adda@group-FFCD4D7C2DEB-SegmentedRaftLog:OPENED:c-1,f-1,i0, conf=-1: [1a33519a-3def-4d79-b3e5-c4d8286dc86e:192.168.157.200:40699, 3d7387af-ecb5-4c7d-b20b-5fe48849adda:192.168.157.200:37245, 318b4bc4-2a6a-4055-b801-3341d5814353:192.168.157.200:34345], old=null RUNNING
2019-11-13 13:02:40,383 [971d177f-fbc5-4c3a-b100-2607610d94ec@group-AE879E1D4AC4-LeaderElection230] INFO  server.RaftServerConfigKeys (ConfUtils.java:logGet(43)) - raft.server.watch.timeout = 10s (default)
2019-11-13 13:02:40,383 [grpc-default-executor-5] INFO  impl.RaftServerImpl (RaftServerImpl.java:lambda$shutdown$3(250)) - 3d7387af-ecb5-4c7d-b20b-5fe48849adda@group-FFCD4D7C2DEB: shutdown
2019-11-13 13:02:40,383 [3d7387af-ecb5-4c7d-b20b-5fe48849adda@group-FFCD4D7C2DEB-LeaderElection229] INFO  impl.RaftServerImpl (ServerState.java:setRaftConf(356)) - 3d7387af-ecb5-4c7d-b20b-5fe48849adda@group-FFCD4D7C2DEB: set configuration 0: [1a33519a-3def-4d79-b3e5-c4d8286dc86e:192.168.157.200:40699, 3d7387af-ecb5-4c7d-b20b-5fe48849adda:192.168.157.200:37245, 318b4bc4-2a6a-4055-b801-3341d5814353:192.168.157.200:34345], old=null at 0
2019-11-13 13:02:40,383 [971d177f-fbc5-4c3a-b100-2607610d94ec@group-AE879E1D4AC4-LeaderElection230] INFO  server.RaftServerConfigKeys (ConfUtils.java:logGet(43)) - raft.server.watch.timeout.denomination = 1s (default)
2019-11-13 13:02:40,383 [grpc-default-executor-5] INFO  util.JmxRegister (JmxRegister.java:unregister(73)) - Successfully un-registered JMX Bean with object name Ratis:service=RaftServer,group=group-FFCD4D7C2DEB,id=3d7387af-ecb5-4c7d-b20b-5fe48849adda
2019-11-13 13:02:40,383 [971d177f-fbc5-4c3a-b100-2607610d94ec@group-AE879E1D4AC4-LeaderElection230] INFO  server.RaftServerConfigKeys (ConfUtils.java:logGet(43)) - raft.server.watch.element-limit = 65536 (default)
2019-11-13 13:02:40,383 [grpc-default-executor-5] INFO  impl.RoleInfo (RoleInfo.java:shutdownLeaderState(104)) - 3d7387af-ecb5-4c7d-b20b-5fe48849adda: shutdown LeaderState
2019-11-13 13:02:40,383 [971d177f-fbc5-4c3a-b100-2607610d94ec@group-AE879E1D4AC4-LeaderElection230] INFO  impl.RoleInfo (RoleInfo.java:updateAndGet(143)) - 971d177f-fbc5-4c3a-b100-2607610d94ec: start LeaderState
2019-11-13 13:02:40,392 [grpc-default-executor-2] INFO  ratis.XceiverServerRatis (XceiverServerRatis.java:handleLeaderChangedNotification(697)) - Leader change notification received for group: group-FFCD4D7C2DEB with new leaderId: 3d7387af-ecb5-4c7d-b20b-5fe48849adda
2019-11-13 13:02:40,391 [org.apache.ratis.server.impl.LogAppender$AppenderDaemon$$Lambda$482/251411839@2d0bb741] WARN  server.GrpcLogAppender (GrpcLogAppender.java:mayWait(151)) - 3d7387af-ecb5-4c7d-b20b-5fe48849adda@group-FFCD4D7C2DEB->1a33519a-3def-4d79-b3e5-c4d8286dc86e-GrpcLogAppender: Wait interrupted by java.lang.InterruptedException
2019-11-13 13:02:40,391 [grpc-default-executor-5] INFO  impl.PendingRequests (PendingRequests.java:sendNotLeaderResponses(206)) - 3d7387af-ecb5-4c7d-b20b-5fe48849adda@group-FFCD4D7C2DEB-PendingRequests: sendNotLeaderResponses
2019-11-13 13:02:40,392 [grpc-default-executor-2] INFO  impl.RaftServerImpl (ServerState.java:setLeader(255)) - 1a33519a-3def-4d79-b3e5-c4d8286dc86e@group-FFCD4D7C2DEB: change Leader from null to 3d7387af-ecb5-4c7d-b20b-5fe48849adda at term 2 for appendEntries, leader elected after 2469ms
2019-11-13 13:02:40,392 [971d177f-fbc5-4c3a-b100-2607610d94ec@group-AE879E1D4AC4-LeaderElection230] INFO  segmented.SegmentedRaftLogWorker (SegmentedRaftLogWorker.java:startLogSegment(385)) - 971d177f-fbc5-4c3a-b100-2607610d94ec@group-AE879E1D4AC4-SegmentedRaftLogWorker: Starting segment from index:0
2019-11-13 13:02:40,394 [org.apache.ratis.server.impl.LogAppender$AppenderDaemon$$Lambda$482/251411839@68092c84] WARN  server.GrpcLogAppender (GrpcLogAppender.java:mayWait(151)) - 3d7387af-ecb5-4c7d-b20b-5fe48849adda@group-FFCD4D7C2DEB->318b4bc4-2a6a-4055-b801-3341d5814353-GrpcLogAppender: Wait interrupted by java.lang.InterruptedException
2019-11-13 13:02:40,394 [grpc-default-executor-5] INFO  impl.StateMachineUpdater (StateMachineUpdater.java:stopAndJoin(136)) - 3d7387af-ecb5-4c7d-b20b-5fe48849adda@group-FFCD4D7C2DEB-StateMachineUpdater: set stopIndex = -1
2019-11-13 13:02:40,394 [971d177f-fbc5-4c3a-b100-2607610d94ec@group-AE879E1D4AC4-LeaderElection230] INFO  impl.RaftServerImpl (ServerState.java:setRaftConf(356)) - 971d177f-fbc5-4c3a-b100-2607610d94ec@group-AE879E1D4AC4: set configuration 0: [971d177f-fbc5-4c3a-b100-2607610d94ec:192.168.157.200:33290], old=null at 0
2019-11-13 13:02:40,394 [grpc-default-executor-6] INFO  ratis.XceiverServerRatis (XceiverServerRatis.java:handleLeaderChangedNotification(697)) - Leader change notification received for group: group-FFCD4D7C2DEB with new leaderId: 3d7387af-ecb5-4c7d-b20b-5fe48849adda
2019-11-13 13:02:40,394 [grpc-default-executor-2] INFO  server.GrpcServerProtocolService (GrpcServerProtocolService.java:onCompleted(113)) - 1a33519a-3def-4d79-b3e5-c4d8286dc86e: Completed APPEND_ENTRIES, lastRequest: 3d7387af-ecb5-4c7d-b20b-5fe48849adda->1a33519a-3def-4d79-b3e5-c4d8286dc86e#0-t2, previous=(t:0, i:0), leaderCommit=-1, initializing? false, entries: <empty>
2019-11-13 13:02:40,394 [grpc-default-executor-5] INFO  impl.RaftServerImpl (ServerState.java:close(387)) - 3d7387af-ecb5-4c7d-b20b-5fe48849adda@group-FFCD4D7C2DEB: closes. applyIndex: -1
2019-11-13 13:02:40,395 [grpc-default-executor-6] INFO  impl.RaftServerImpl (ServerState.java:setLeader(255)) - 318b4bc4-2a6a-4055-b801-3341d5814353@group-FFCD4D7C2DEB: change Leader from null to 3d7387af-ecb5-4c7d-b20b-5fe48849adda at term 2 for appendEntries, leader elected after 2471ms
2019-11-13 13:02:40,395 [grpc-default-executor-2] INFO  server.GrpcLogAppender (GrpcLogAppender.java:onCompleted(308)) - 3d7387af-ecb5-4c7d-b20b-5fe48849adda@group-FFCD4D7C2DEB->1a33519a-3def-4d79-b3e5-c4d8286dc86e-AppendLogResponseHandler: follower responses appendEntries COMPLETED
2019-11-13 13:02:40,395 [grpc-default-executor-6] INFO  server.GrpcServerProtocolService (GrpcServerProtocolService.java:onCompleted(113)) - 318b4bc4-2a6a-4055-b801-3341d5814353: Completed APPEND_ENTRIES, lastRequest: 3d7387af-ecb5-4c7d-b20b-5fe48849adda->318b4bc4-2a6a-4055-b801-3341d5814353#0-t2, previous=(t:0, i:0), leaderCommit=-1, initializing? false, entries: <empty>
2019-11-13 13:02:40,396 [grpc-default-executor-2] INFO  impl.FollowerInfo (FollowerInfo.java:lambda$new$0(51)) - 3d7387af-ecb5-4c7d-b20b-5fe48849adda@group-FFCD4D7C2DEB->1a33519a-3def-4d79-b3e5-c4d8286dc86e: nextIndex: updateUnconditionally 0 -> 0
2019-11-13 13:02:40,396 [grpc-default-executor-11] INFO  server.GrpcLogAppender (GrpcLogAppender.java:onCompleted(308)) - 3d7387af-ecb5-4c7d-b20b-5fe48849adda@group-FFCD4D7C2DEB->318b4bc4-2a6a-4055-b801-3341d5814353-AppendLogResponseHandler: follower responses appendEntries COMPLETED
2019-11-13 13:02:40,396 [grpc-default-executor-11] INFO  impl.FollowerInfo (FollowerInfo.java:lambda$new$0(51)) - 3d7387af-ecb5-4c7d-b20b-5fe48849adda@group-FFCD4D7C2DEB->318b4bc4-2a6a-4055-b801-3341d5814353: nextIndex: updateUnconditionally 0 -> 0
2019-11-13 13:02:40,417 [3d7387af-ecb5-4c7d-b20b-5fe48849adda@group-FFCD4D7C2DEB-SegmentedRaftLogWorker] WARN  segmented.SegmentedRaftLogOutputStream (SegmentedRaftLogOutputStream.java:<init>(77)) - Hit IOException while creating log segment /workdir/hadoop-ozone/integration-test/target/test-dir/MiniOzoneClusterImpl-90e8aeb1-2975-47c6-9bba-faf27de7fb8c/datanode-7/data/ratis/ce83bf73-8e79-48b3-8c3f-ffcd4d7c2deb/current/log_inprogress_0, delete the partial file.
2019-11-13 13:02:40,441 [grpc-default-executor-5] INFO  segmented.SegmentedRaftLogWorker (SegmentedRaftLogWorker.java:close(224)) - 3d7387af-ecb5-4c7d-b20b-5fe48849adda@group-FFCD4D7C2DEB-SegmentedRaftLogWorker close()
2019-11-13 13:02:40,493 [971d177f-fbc5-4c3a-b100-2607610d94ec@group-AE879E1D4AC4-SegmentedRaftLogWorker] INFO  segmented.SegmentedRaftLogWorker (SegmentedRaftLogWorker.java:execute(576)) - 971d177f-fbc5-4c3a-b100-2607610d94ec@group-AE879E1D4AC4-SegmentedRaftLogWorker: created new log segment /workdir/hadoop-ozone/integration-test/target/test-dir/MiniOzoneClusterImpl-90e8aeb1-2975-47c6-9bba-faf27de7fb8c/datanode-6/data/ratis/dc282951-e23d-4652-8e93-ae879e1d4ac4/current/log_inprogress_0
2019-11-13 13:02:40,609 [Thread-4248] INFO  impl.FollowerState (FollowerState.java:run(111)) - 318b4bc4-2a6a-4055-b801-3341d5814353@group-809C905BE9FB-FollowerState: change to CANDIDATE, lastRpcTime:1196ms, electionTimeout:1196ms
2019-11-13 13:02:40,609 [Thread-4248] INFO  impl.RoleInfo (RoleInfo.java:shutdownFollowerState(121)) - 318b4bc4-2a6a-4055-b801-3341d5814353: shutdown FollowerState
2019-11-13 13:02:40,609 [Thread-4248] INFO  impl.RaftServerImpl (RaftServerImpl.java:setRole(173)) - 318b4bc4-2a6a-4055-b801-3341d5814353@group-809C905BE9FB: changes role from  FOLLOWER to CANDIDATE at term 0 for changeToCandidate
2019-11-13 13:02:40,610 [Thread-4248] INFO  impl.RoleInfo (RoleInfo.java:updateAndGet(143)) - 318b4bc4-2a6a-4055-b801-3341d5814353: start LeaderElection
2019-11-13 13:02:40,669 [318b4bc4-2a6a-4055-b801-3341d5814353@group-809C905BE9FB-LeaderElection231] INFO  impl.LeaderElection (LeaderElection.java:askForVotes(178)) - 318b4bc4-2a6a-4055-b801-3341d5814353@group-809C905BE9FB-LeaderElection231: begin an election at term 1 for -1: [318b4bc4-2a6a-4055-b801-3341d5814353:192.168.157.200:34345], old=null
2019-11-13 13:02:40,669 [318b4bc4-2a6a-4055-b801-3341d5814353@group-809C905BE9FB-LeaderElection231] INFO  impl.RoleInfo (RoleInfo.java:shutdownLeaderElection(134)) - 318b4bc4-2a6a-4055-b801-3341d5814353: shutdown LeaderElection
2019-11-13 13:02:40,669 [318b4bc4-2a6a-4055-b801-3341d5814353@group-809C905BE9FB-LeaderElection231] INFO  impl.RaftServerImpl (RaftServerImpl.java:setRole(173)) - 318b4bc4-2a6a-4055-b801-3341d5814353@group-809C905BE9FB: changes role from CANDIDATE to LEADER at term 1 for changeToLeader
2019-11-13 13:02:40,670 [318b4bc4-2a6a-4055-b801-3341d5814353@group-809C905BE9FB-LeaderElection231] INFO  ratis.XceiverServerRatis (XceiverServerRatis.java:handleLeaderChangedNotification(697)) - Leader change notification received for group: group-809C905BE9FB with new leaderId: 318b4bc4-2a6a-4055-b801-3341d5814353
2019-11-13 13:02:40,670 [318b4bc4-2a6a-4055-b801-3341d5814353@group-809C905BE9FB-LeaderElection231] INFO  impl.RaftServerImpl (ServerState.java:setLeader(255)) - 318b4bc4-2a6a-4055-b801-3341d5814353@group-809C905BE9FB: change Leader from null to 318b4bc4-2a6a-4055-b801-3341d5814353 at term 1 for becomeLeader, leader elected after 1259ms
2019-11-13 13:02:40,670 [318b4bc4-2a6a-4055-b801-3341d5814353@group-809C905BE9FB-LeaderElection231] INFO  server.RaftServerConfigKeys (ConfUtils.java:logGet(43)) - raft.server.staging.catchup.gap = 1000 (default)
2019-11-13 13:02:40,671 [318b4bc4-2a6a-4055-b801-3341d5814353@group-809C905BE9FB-LeaderElection231] INFO  server.RaftServerConfigKeys (ConfUtils.java:logGet(43)) - raft.server.rpc.sleep.time = 25ms (default)
2019-11-13 13:02:40,671 [318b4bc4-2a6a-4055-b801-3341d5814353@group-809C905BE9FB-LeaderElection231] INFO  server.RaftServerConfigKeys (ConfUtils.java:logGet(43)) - raft.server.write.element-limit = 4096 (default)
2019-11-13 13:02:40,671 [EventQueue-PipelineReportForPipelineReportHandler] INFO  pipeline.PipelineStateManager (PipelineStateManager.java:openPipeline(134)) - Pipeline Pipeline[ Id: 9201014d-9368-458f-9733-809c905be9fb, Nodes: 318b4bc4-2a6a-4055-b801-3341d5814353{ip: 192.168.157.200, host: pr-hdds-2452-7vw7s-1330541530, networkLocation: /rack1, certSerialId: null}, Type:RATIS, Factor:ONE, State:OPEN] moved to OPEN state
2019-11-13 13:02:40,671 [318b4bc4-2a6a-4055-b801-3341d5814353@group-809C905BE9FB-LeaderElection231] INFO  server.RaftServerConfigKeys (ConfUtils.java:logGet(43)) - raft.server.watch.timeout = 10s (default)
2019-11-13 13:02:40,671 [318b4bc4-2a6a-4055-b801-3341d5814353@group-809C905BE9FB-LeaderElection231] INFO  server.RaftServerConfigKeys (ConfUtils.java:logGet(43)) - raft.server.watch.timeout.denomination = 1s (default)
2019-11-13 13:02:40,671 [318b4bc4-2a6a-4055-b801-3341d5814353@group-809C905BE9FB-LeaderElection231] INFO  server.RaftServerConfigKeys (ConfUtils.java:logGet(43)) - raft.server.watch.element-limit = 65536 (default)
2019-11-13 13:02:40,672 [318b4bc4-2a6a-4055-b801-3341d5814353@group-809C905BE9FB-LeaderElection231] INFO  impl.RoleInfo (RoleInfo.java:updateAndGet(143)) - 318b4bc4-2a6a-4055-b801-3341d5814353: start LeaderState
2019-11-13 13:02:40,672 [318b4bc4-2a6a-4055-b801-3341d5814353@group-809C905BE9FB-LeaderElection231] INFO  segmented.SegmentedRaftLogWorker (SegmentedRaftLogWorker.java:startLogSegment(385)) - 318b4bc4-2a6a-4055-b801-3341d5814353@group-809C905BE9FB-SegmentedRaftLogWorker: Starting segment from index:0
2019-11-13 13:02:40,672 [318b4bc4-2a6a-4055-b801-3341d5814353@group-809C905BE9FB-LeaderElection231] INFO  impl.RaftServerImpl (ServerState.java:setRaftConf(356)) - 318b4bc4-2a6a-4055-b801-3341d5814353@group-809C905BE9FB: set configuration 0: [318b4bc4-2a6a-4055-b801-3341d5814353:192.168.157.200:34345], old=null at 0
2019-11-13 13:02:40,674 [grpc-default-executor-5] INFO  impl.RaftServerProxy (RaftServerProxy.java:remove(95)) - 318b4bc4-2a6a-4055-b801-3341d5814353: remove  FOLLOWER 318b4bc4-2a6a-4055-b801-3341d5814353@group-FFCD4D7C2DEB:t2, leader=3d7387af-ecb5-4c7d-b20b-5fe48849adda, voted=3d7387af-ecb5-4c7d-b20b-5fe48849adda, raftlog=318b4bc4-2a6a-4055-b801-3341d5814353@group-FFCD4D7C2DEB-SegmentedRaftLog:OPENED:c-1,f-1,i0, conf=-1: [1a33519a-3def-4d79-b3e5-c4d8286dc86e:192.168.157.200:40699, 3d7387af-ecb5-4c7d-b20b-5fe48849adda:192.168.157.200:37245, 318b4bc4-2a6a-4055-b801-3341d5814353:192.168.157.200:34345], old=null RUNNING
2019-11-13 13:02:40,674 [grpc-default-executor-5] INFO  impl.RaftServerImpl (RaftServerImpl.java:lambda$shutdown$3(250)) - 318b4bc4-2a6a-4055-b801-3341d5814353@group-FFCD4D7C2DEB: shutdown
2019-11-13 13:02:40,675 [grpc-default-executor-5] INFO  util.JmxRegister (JmxRegister.java:unregister(73)) - Successfully un-registered JMX Bean with object name Ratis:service=RaftServer,group=group-FFCD4D7C2DEB,id=318b4bc4-2a6a-4055-b801-3341d5814353
2019-11-13 13:02:40,675 [grpc-default-executor-5] INFO  impl.RoleInfo (RoleInfo.java:shutdownFollowerState(121)) - 318b4bc4-2a6a-4055-b801-3341d5814353: shutdown FollowerState
2019-11-13 13:02:40,675 [grpc-default-executor-5] INFO  impl.StateMachineUpdater (StateMachineUpdater.java:stopAndJoin(136)) - 318b4bc4-2a6a-4055-b801-3341d5814353@group-FFCD4D7C2DEB-StateMachineUpdater: set stopIndex = -1
2019-11-13 13:02:40,675 [Thread-4305] INFO  impl.FollowerState (FollowerState.java:run(120)) - 318b4bc4-2a6a-4055-b801-3341d5814353@group-FFCD4D7C2DEB-FollowerState was interrupted: java.lang.InterruptedException: sleep interrupted
2019-11-13 13:02:40,675 [grpc-default-executor-5] INFO  impl.RaftServerImpl (ServerState.java:close(387)) - 318b4bc4-2a6a-4055-b801-3341d5814353@group-FFCD4D7C2DEB: closes. applyIndex: -1
2019-11-13 13:02:40,675 [318b4bc4-2a6a-4055-b801-3341d5814353@group-FFCD4D7C2DEB-SegmentedRaftLogWorker] INFO  segmented.SegmentedRaftLogWorker (SegmentedRaftLogWorker.java:run(316)) - 318b4bc4-2a6a-4055-b801-3341d5814353@group-FFCD4D7C2DEB-SegmentedRaftLogWorker was interrupted, exiting. There are 0 tasks remaining in the queue.
2019-11-13 13:02:40,675 [grpc-default-executor-5] INFO  segmented.SegmentedRaftLogWorker (SegmentedRaftLogWorker.java:close(224)) - 318b4bc4-2a6a-4055-b801-3341d5814353@group-FFCD4D7C2DEB-SegmentedRaftLogWorker close()
2019-11-13 13:02:40,678 [Thread-4270] INFO  impl.FollowerState (FollowerState.java:run(111)) - 3d7387af-ecb5-4c7d-b20b-5fe48849adda@group-E165AE56C698-FollowerState: change to CANDIDATE, lastRpcTime:1040ms, electionTimeout:1040ms
2019-11-13 13:02:40,678 [Thread-4270] INFO  impl.RoleInfo (RoleInfo.java:shutdownFollowerState(121)) - 3d7387af-ecb5-4c7d-b20b-5fe48849adda: shutdown FollowerState
2019-11-13 13:02:40,678 [Thread-4270] INFO  impl.RaftServerImpl (RaftServerImpl.java:setRole(173)) - 3d7387af-ecb5-4c7d-b20b-5fe48849adda@group-E165AE56C698: changes role from  FOLLOWER to CANDIDATE at term 1 for changeToCandidate
2019-11-13 13:02:40,678 [Thread-4270] INFO  impl.RoleInfo (RoleInfo.java:updateAndGet(143)) - 3d7387af-ecb5-4c7d-b20b-5fe48849adda: start LeaderElection
2019-11-13 13:02:40,734 [Thread-4269] INFO  impl.FollowerState (FollowerState.java:run(111)) - 1a33519a-3def-4d79-b3e5-c4d8286dc86e@group-E165AE56C698-FollowerState: change to CANDIDATE, lastRpcTime:1096ms, electionTimeout:1096ms
2019-11-13 13:02:40,734 [Thread-4269] INFO  impl.RoleInfo (RoleInfo.java:shutdownFollowerState(121)) - 1a33519a-3def-4d79-b3e5-c4d8286dc86e: shutdown FollowerState
2019-11-13 13:02:40,734 [Thread-4269] INFO  impl.RaftServerImpl (RaftServerImpl.java:setRole(173)) - 1a33519a-3def-4d79-b3e5-c4d8286dc86e@group-E165AE56C698: changes role from  FOLLOWER to CANDIDATE at term 1 for changeToCandidate
2019-11-13 13:02:40,734 [Thread-4269] INFO  impl.RoleInfo (RoleInfo.java:updateAndGet(143)) - 1a33519a-3def-4d79-b3e5-c4d8286dc86e: start LeaderElection
2019-11-13 13:02:40,735 [Thread-4262] INFO  impl.FollowerState (FollowerState.java:run(111)) - 90f8c6ad-89d1-4dd8-98a8-ca579bb4c57a@group-0C75C6098350-FollowerState: change to CANDIDATE, lastRpcTime:1117ms, electionTimeout:1117ms
2019-11-13 13:02:40,735 [Thread-4262] INFO  impl.RoleInfo (RoleInfo.java:shutdownFollowerState(121)) - 90f8c6ad-89d1-4dd8-98a8-ca579bb4c57a: shutdown FollowerState
2019-11-13 13:02:40,736 [Thread-4262] INFO  impl.RaftServerImpl (RaftServerImpl.java:setRole(173)) - 90f8c6ad-89d1-4dd8-98a8-ca579bb4c57a@group-0C75C6098350: changes role from  FOLLOWER to CANDIDATE at term 0 for changeToCandidate
2019-11-13 13:02:40,736 [Thread-4262] INFO  impl.RoleInfo (RoleInfo.java:updateAndGet(143)) - 90f8c6ad-89d1-4dd8-98a8-ca579bb4c57a: start LeaderElection
2019-11-13 13:02:40,754 [318b4bc4-2a6a-4055-b801-3341d5814353@group-809C905BE9FB-SegmentedRaftLogWorker] INFO  segmented.SegmentedRaftLogWorker (SegmentedRaftLogWorker.java:execute(576)) - 318b4bc4-2a6a-4055-b801-3341d5814353@group-809C905BE9FB-SegmentedRaftLogWorker: created new log segment /workdir/hadoop-ozone/integration-test/target/test-dir/MiniOzoneClusterImpl-90e8aeb1-2975-47c6-9bba-faf27de7fb8c/datanode-9/data/ratis/9201014d-9368-458f-9733-809c905be9fb/current/log_inprogress_0
2019-11-13 13:02:40,754 [3d7387af-ecb5-4c7d-b20b-5fe48849adda@group-E165AE56C698-LeaderElection232] INFO  impl.LeaderElection (LeaderElection.java:askForVotes(178)) - 3d7387af-ecb5-4c7d-b20b-5fe48849adda@group-E165AE56C698-LeaderElection232: begin an election at term 2 for -1: [1a33519a-3def-4d79-b3e5-c4d8286dc86e:192.168.157.200:40699, 3d7387af-ecb5-4c7d-b20b-5fe48849adda:192.168.157.200:37245, 318b4bc4-2a6a-4055-b801-3341d5814353:192.168.157.200:34345], old=null
2019-11-13 13:02:40,756 [90f8c6ad-89d1-4dd8-98a8-ca579bb4c57a@group-0C75C6098350-LeaderElection234] INFO  impl.LeaderElection (LeaderElection.java:askForVotes(178)) - 90f8c6ad-89d1-4dd8-98a8-ca579bb4c57a@group-0C75C6098350-LeaderElection234: begin an election at term 1 for -1: [90f8c6ad-89d1-4dd8-98a8-ca579bb4c57a:192.168.157.200:39136], old=null
2019-11-13 13:02:40,756 [90f8c6ad-89d1-4dd8-98a8-ca579bb4c57a@group-0C75C6098350-LeaderElection234] INFO  impl.RoleInfo (RoleInfo.java:shutdownLeaderElection(134)) - 90f8c6ad-89d1-4dd8-98a8-ca579bb4c57a: shutdown LeaderElection
2019-11-13 13:02:40,756 [1a33519a-3def-4d79-b3e5-c4d8286dc86e@group-E165AE56C698-LeaderElection233] INFO  impl.LeaderElection (LeaderElection.java:askForVotes(178)) - 1a33519a-3def-4d79-b3e5-c4d8286dc86e@group-E165AE56C698-LeaderElection233: begin an election at term 2 for -1: [1a33519a-3def-4d79-b3e5-c4d8286dc86e:192.168.157.200:40699, 3d7387af-ecb5-4c7d-b20b-5fe48849adda:192.168.157.200:37245, 318b4bc4-2a6a-4055-b801-3341d5814353:192.168.157.200:34345], old=null
2019-11-13 13:02:40,757 [90f8c6ad-89d1-4dd8-98a8-ca579bb4c57a@group-0C75C6098350-LeaderElection234] INFO  impl.RaftServerImpl (RaftServerImpl.java:setRole(173)) - 90f8c6ad-89d1-4dd8-98a8-ca579bb4c57a@group-0C75C6098350: changes role from CANDIDATE to LEADER at term 1 for changeToLeader
2019-11-13 13:02:40,757 [90f8c6ad-89d1-4dd8-98a8-ca579bb4c57a@group-0C75C6098350-LeaderElection234] INFO  ratis.XceiverServerRatis (XceiverServerRatis.java:handleLeaderChangedNotification(697)) - Leader change notification received for group: group-0C75C6098350 with new leaderId: 90f8c6ad-89d1-4dd8-98a8-ca579bb4c57a
2019-11-13 13:02:40,757 [grpc-default-executor-11] INFO  impl.RaftServerImpl (RaftServerImpl.java:setRole(173)) - 318b4bc4-2a6a-4055-b801-3341d5814353@group-E165AE56C698: changes role from  FOLLOWER to FOLLOWER at term 2 for recognizeCandidate:3d7387af-ecb5-4c7d-b20b-5fe48849adda
2019-11-13 13:02:40,760 [grpc-default-executor-11] INFO  impl.RoleInfo (RoleInfo.java:shutdownFollowerState(121)) - 318b4bc4-2a6a-4055-b801-3341d5814353: shutdown FollowerState
2019-11-13 13:02:40,757 [90f8c6ad-89d1-4dd8-98a8-ca579bb4c57a@group-0C75C6098350-LeaderElection234] INFO  impl.RaftServerImpl (ServerState.java:setLeader(255)) - 90f8c6ad-89d1-4dd8-98a8-ca579bb4c57a@group-0C75C6098350: change Leader from null to 90f8c6ad-89d1-4dd8-98a8-ca579bb4c57a at term 1 for becomeLeader, leader elected after 1141ms
2019-11-13 13:02:40,761 [Thread-4273] INFO  impl.FollowerState (FollowerState.java:run(120)) - 318b4bc4-2a6a-4055-b801-3341d5814353@group-E165AE56C698-FollowerState was interrupted: java.lang.InterruptedException: sleep interrupted
2019-11-13 13:02:40,760 [grpc-default-executor-11] INFO  impl.RoleInfo (RoleInfo.java:updateAndGet(143)) - 318b4bc4-2a6a-4055-b801-3341d5814353: start FollowerState
2019-11-13 13:02:40,761 [90f8c6ad-89d1-4dd8-98a8-ca579bb4c57a@group-0C75C6098350-LeaderElection234] INFO  server.RaftServerConfigKeys (ConfUtils.java:logGet(43)) - raft.server.staging.catchup.gap = 1000 (default)
2019-11-13 13:02:40,761 [90f8c6ad-89d1-4dd8-98a8-ca579bb4c57a@group-0C75C6098350-LeaderElection234] INFO  server.RaftServerConfigKeys (ConfUtils.java:logGet(43)) - raft.server.rpc.sleep.time = 25ms (default)
2019-11-13 13:02:40,761 [EventQueue-PipelineReportForPipelineReportHandler] INFO  pipeline.PipelineStateManager (PipelineStateManager.java:openPipeline(134)) - Pipeline Pipeline[ Id: c2564369-5fff-47a1-bce1-0c75c6098350, Nodes: 90f8c6ad-89d1-4dd8-98a8-ca579bb4c57a{ip: 192.168.157.200, host: pr-hdds-2452-7vw7s-1330541530, networkLocation: /rack1, certSerialId: null}, Type:RATIS, Factor:ONE, State:OPEN] moved to OPEN state
2019-11-13 13:02:40,761 [90f8c6ad-89d1-4dd8-98a8-ca579bb4c57a@group-0C75C6098350-LeaderElection234] INFO  server.RaftServerConfigKeys (ConfUtils.java:logGet(43)) - raft.server.write.element-limit = 4096 (default)
2019-11-13 13:02:40,761 [90f8c6ad-89d1-4dd8-98a8-ca579bb4c57a@group-0C75C6098350-LeaderElection234] INFO  server.RaftServerConfigKeys (ConfUtils.java:logGet(43)) - raft.server.watch.timeout = 10s (default)
2019-11-13 13:02:40,761 [90f8c6ad-89d1-4dd8-98a8-ca579bb4c57a@group-0C75C6098350-LeaderElection234] INFO  server.RaftServerConfigKeys (ConfUtils.java:logGet(43)) - raft.server.watch.timeout.denomination = 1s (default)
2019-11-13 13:02:40,762 [90f8c6ad-89d1-4dd8-98a8-ca579bb4c57a@group-0C75C6098350-LeaderElection234] INFO  server.RaftServerConfigKeys (ConfUtils.java:logGet(43)) - raft.server.watch.element-limit = 65536 (default)
2019-11-13 13:02:40,762 [90f8c6ad-89d1-4dd8-98a8-ca579bb4c57a@group-0C75C6098350-LeaderElection234] INFO  impl.RoleInfo (RoleInfo.java:updateAndGet(143)) - 90f8c6ad-89d1-4dd8-98a8-ca579bb4c57a: start LeaderState
2019-11-13 13:02:40,762 [main] INFO  ozone.MiniOzoneClusterImpl (MiniOzoneClusterImpl.java:shutdown(352)) - Shutting down the Mini Ozone Cluster
2019-11-13 13:02:40,762 [90f8c6ad-89d1-4dd8-98a8-ca579bb4c57a@group-0C75C6098350-LeaderElection234] INFO  segmented.SegmentedRaftLogWorker (SegmentedRaftLogWorker.java:startLogSegment(385)) - 90f8c6ad-89d1-4dd8-98a8-ca579bb4c57a@group-0C75C6098350-SegmentedRaftLogWorker: Starting segment from index:0
2019-11-13 13:02:40,762 [90f8c6ad-89d1-4dd8-98a8-ca579bb4c57a@group-0C75C6098350-LeaderElection234] INFO  impl.RaftServerImpl (ServerState.java:setRaftConf(356)) - 90f8c6ad-89d1-4dd8-98a8-ca579bb4c57a@group-0C75C6098350: set configuration 0: [90f8c6ad-89d1-4dd8-98a8-ca579bb4c57a:192.168.157.200:39136], old=null at 0
2019-11-13 13:02:40,762 [main] INFO  ozone.MiniOzoneClusterImpl (MiniOzoneClusterImpl.java:stop(368)) - Stopping the Mini Ozone Cluster
2019-11-13 13:02:40,763 [main] INFO  ozone.MiniOzoneClusterImpl (MiniOzoneClusterImpl.java:stopOM(438)) - Stopping the OzoneManager
2019-11-13 13:02:40,763 [main] INFO  ipc.Server (Server.java:stop(3082)) - Stopping server on 33970
2019-11-13 13:02:40,786 [3d7387af-ecb5-4c7d-b20b-5fe48849adda@group-E165AE56C698-LeaderElection232] INFO  impl.LeaderElection (LeaderElection.java:logAndReturn(56)) - 3d7387af-ecb5-4c7d-b20b-5fe48849adda@group-E165AE56C698-LeaderElection232: Election PASSED; received 2 response(s) [3d7387af-ecb5-4c7d-b20b-5fe48849adda<-1a33519a-3def-4d79-b3e5-c4d8286dc86e#0:FAIL-t2, 3d7387af-ecb5-4c7d-b20b-5fe48849adda<-318b4bc4-2a6a-4055-b801-3341d5814353#0:OK-t2] and 0 exception(s); 3d7387af-ecb5-4c7d-b20b-5fe48849adda@group-E165AE56C698:t2, leader=null, voted=3d7387af-ecb5-4c7d-b20b-5fe48849adda, raftlog=3d7387af-ecb5-4c7d-b20b-5fe48849adda@group-E165AE56C698-SegmentedRaftLog:OPENED:c-1,f-1,i0, conf=-1: [1a33519a-3def-4d79-b3e5-c4d8286dc86e:192.168.157.200:40699, 3d7387af-ecb5-4c7d-b20b-5fe48849adda:192.168.157.200:37245, 318b4bc4-2a6a-4055-b801-3341d5814353:192.168.157.200:34345], old=null
2019-11-13 13:02:40,786 [1a33519a-3def-4d79-b3e5-c4d8286dc86e@group-E165AE56C698-LeaderElection233] INFO  impl.LeaderElection (LeaderElection.java:logAndReturn(56)) - 1a33519a-3def-4d79-b3e5-c4d8286dc86e@group-E165AE56C698-LeaderElection233: Election REJECTED; received 2 response(s) [1a33519a-3def-4d79-b3e5-c4d8286dc86e<-3d7387af-ecb5-4c7d-b20b-5fe48849adda#0:FAIL-t2, 1a33519a-3def-4d79-b3e5-c4d8286dc86e<-318b4bc4-2a6a-4055-b801-3341d5814353#0:FAIL-t2] and 0 exception(s); 1a33519a-3def-4d79-b3e5-c4d8286dc86e@group-E165AE56C698:t2, leader=null, voted=1a33519a-3def-4d79-b3e5-c4d8286dc86e, raftlog=1a33519a-3def-4d79-b3e5-c4d8286dc86e@group-E165AE56C698-SegmentedRaftLog:OPENED:c-1,f-1,i0, conf=-1: [1a33519a-3def-4d79-b3e5-c4d8286dc86e:192.168.157.200:40699, 3d7387af-ecb5-4c7d-b20b-5fe48849adda:192.168.157.200:37245, 318b4bc4-2a6a-4055-b801-3341d5814353:192.168.157.200:34345], old=null
2019-11-13 13:02:40,806 [IPC Server listener on 33970] INFO  ipc.Server (Server.java:run(1185)) - Stopping IPC Server listener on 33970
2019-11-13 13:02:40,806 [3d7387af-ecb5-4c7d-b20b-5fe48849adda@group-E165AE56C698-LeaderElection232] INFO  impl.RoleInfo (RoleInfo.java:shutdownLeaderElection(134)) - 3d7387af-ecb5-4c7d-b20b-5fe48849adda: shutdown LeaderElection
2019-11-13 13:02:40,815 [IPC Server Responder] INFO  ipc.Server (Server.java:run(1319)) - Stopping IPC Server Responder
2019-11-13 13:02:40,799 [90f8c6ad-89d1-4dd8-98a8-ca579bb4c57a@group-0C75C6098350-SegmentedRaftLogWorker] INFO  segmented.SegmentedRaftLogWorker (SegmentedRaftLogWorker.java:execute(576)) - 90f8c6ad-89d1-4dd8-98a8-ca579bb4c57a@group-0C75C6098350-SegmentedRaftLogWorker: created new log segment /workdir/hadoop-ozone/integration-test/target/test-dir/MiniOzoneClusterImpl-90e8aeb1-2975-47c6-9bba-faf27de7fb8c/datanode-0/data/ratis/c2564369-5fff-47a1-bce1-0c75c6098350/current/log_inprogress_0
2019-11-13 13:02:40,815 [3d7387af-ecb5-4c7d-b20b-5fe48849adda@group-E165AE56C698-LeaderElection232] INFO  impl.RaftServerImpl (RaftServerImpl.java:setRole(173)) - 3d7387af-ecb5-4c7d-b20b-5fe48849adda@group-E165AE56C698: changes role from CANDIDATE to LEADER at term 2 for changeToLeader
2019-11-13 13:02:40,815 [main] INFO  ratis.OzoneManagerDoubleBuffer (OzoneManagerDoubleBuffer.java:stop(261)) - Stopping OMDoubleBuffer flush thread
2019-11-13 13:02:40,815 [3d7387af-ecb5-4c7d-b20b-5fe48849adda@group-E165AE56C698-LeaderElection232] INFO  ratis.XceiverServerRatis (XceiverServerRatis.java:handleLeaderChangedNotification(697)) - Leader change notification received for group: group-E165AE56C698 with new leaderId: 3d7387af-ecb5-4c7d-b20b-5fe48849adda
2019-11-13 13:02:40,818 [OMDoubleBufferFlushThread] INFO  ratis.OzoneManagerDoubleBuffer (OzoneManagerDoubleBuffer.java:flushTransactions(199)) - OMDoubleBuffer flush thread OMDoubleBufferFlushThread is interrupted and will exit. OMDoubleBufferFlushThread
2019-11-13 13:02:40,818 [3d7387af-ecb5-4c7d-b20b-5fe48849adda@group-E165AE56C698-LeaderElection232] INFO  impl.RaftServerImpl (ServerState.java:setLeader(255)) - 3d7387af-ecb5-4c7d-b20b-5fe48849adda@group-E165AE56C698: change Leader from null to 3d7387af-ecb5-4c7d-b20b-5fe48849adda at term 2 for becomeLeader, leader elected after 2348ms
2019-11-13 13:02:40,818 [main] INFO  utils.BackgroundService (BackgroundService.java:shutdown(151)) - Shutting down service KeyDeletingService
2019-11-13 13:02:40,818 [3d7387af-ecb5-4c7d-b20b-5fe48849adda@group-E165AE56C698-LeaderElection232] INFO  server.RaftServerConfigKeys (ConfUtils.java:logGet(43)) - raft.server.staging.catchup.gap = 1000 (default)
2019-11-13 13:02:40,819 [3d7387af-ecb5-4c7d-b20b-5fe48849adda@group-E165AE56C698-LeaderElection232] INFO  server.RaftServerConfigKeys (ConfUtils.java:logGet(43)) - raft.server.rpc.sleep.time = 25ms (default)
2019-11-13 13:02:40,819 [3d7387af-ecb5-4c7d-b20b-5fe48849adda@group-E165AE56C698-LeaderElection232] INFO  server.RaftServerConfigKeys (ConfUtils.java:logGet(43)) - raft.server.write.element-limit = 4096 (default)
2019-11-13 13:02:40,819 [3d7387af-ecb5-4c7d-b20b-5fe48849adda@group-E165AE56C698-LeaderElection232] INFO  server.RaftServerConfigKeys (ConfUtils.java:logGet(43)) - raft.server.watch.timeout = 10s (default)
2019-11-13 13:02:40,819 [EventQueue-PipelineReportForPipelineReportHandler] INFO  pipeline.PipelineStateManager (PipelineStateManager.java:openPipeline(134)) - Pipeline Pipeline[ Id: 9ac0fd23-9412-4350-8a44-e165ae56c698, Nodes: 1a33519a-3def-4d79-b3e5-c4d8286dc86e{ip: 192.168.157.200, host: pr-hdds-2452-7vw7s-1330541530, networkLocation: /rack1, certSerialId: null}318b4bc4-2a6a-4055-b801-3341d5814353{ip: 192.168.157.200, host: pr-hdds-2452-7vw7s-1330541530, networkLocation: /rack1, certSerialId: null}3d7387af-ecb5-4c7d-b20b-5fe48849adda{ip: 192.168.157.200, host: pr-hdds-2452-7vw7s-1330541530, networkLocation: /rack1, certSerialId: null}, Type:RATIS, Factor:THREE, State:OPEN] moved to OPEN state
2019-11-13 13:02:40,819 [3d7387af-ecb5-4c7d-b20b-5fe48849adda@group-E165AE56C698-LeaderElection232] INFO  server.RaftServerConfigKeys (ConfUtils.java:logGet(43)) - raft.server.watch.timeout.denomination = 1s (default)
2019-11-13 13:02:40,819 [3d7387af-ecb5-4c7d-b20b-5fe48849adda@group-E165AE56C698-LeaderElection232] INFO  server.RaftServerConfigKeys (ConfUtils.java:logGet(43)) - raft.server.watch.element-limit = 65536 (default)
2019-11-13 13:02:40,819 [3d7387af-ecb5-4c7d-b20b-5fe48849adda@group-E165AE56C698-LeaderElection232] INFO  server.RaftServerConfigKeys (ConfUtils.java:logGet(43)) - raft.server.log.appender.snapshot.chunk.size.max = 16MB (=16777216) (default)
2019-11-13 13:02:40,819 [main] INFO  handler.ContextHandler (ContextHandler.java:doStop(910)) - Stopped o.e.j.w.WebAppContext@49232c6f{/,null,UNAVAILABLE}{/ozoneManager}
2019-11-13 13:02:40,820 [3d7387af-ecb5-4c7d-b20b-5fe48849adda@group-E165AE56C698-LeaderElection232] INFO  server.RaftServerConfigKeys (ConfUtils.java:logGet(43)) - raft.server.log.appender.buffer.byte-limit = 33554432 (custom)
2019-11-13 13:02:40,820 [3d7387af-ecb5-4c7d-b20b-5fe48849adda@group-E165AE56C698-LeaderElection232] INFO  server.RaftServerConfigKeys (ConfUtils.java:logGet(43)) - raft.server.log.appender.buffer.element-limit = 1 (custom)
2019-11-13 13:02:40,820 [3d7387af-ecb5-4c7d-b20b-5fe48849adda@group-E165AE56C698-LeaderElection232] INFO  grpc.GrpcConfigKeys$Server (ConfUtils.java:logGet(43)) - raft.grpc.server.leader.outstanding.appends.max = 128 (default)
2019-11-13 13:02:40,820 [main] INFO  server.AbstractConnector (AbstractConnector.java:doStop(318)) - Stopped ServerConnector@5faeeb56{HTTP/1.1,[http/1.1]}{0.0.0.0:0}
2019-11-13 13:02:40,820 [3d7387af-ecb5-4c7d-b20b-5fe48849adda@group-E165AE56C698-LeaderElection232] INFO  server.RaftServerConfigKeys (ConfUtils.java:logGet(43)) - raft.server.rpc.request.timeout = 3000ms (default)
2019-11-13 13:02:40,820 [main] INFO  handler.ContextHandler (ContextHandler.java:doStop(910)) - Stopped o.e.j.s.ServletContextHandler@74a820bf{/static,file:///workdir/hadoop-ozone/integration-test/target/test-classes/webapps/static,UNAVAILABLE}
2019-11-13 13:02:40,820 [3d7387af-ecb5-4c7d-b20b-5fe48849adda@group-E165AE56C698-LeaderElection232] INFO  server.RaftServerConfigKeys (ConfUtils.java:logGet(43)) - raft.server.log.appender.install.snapshot.enabled = false (custom)
2019-11-13 13:02:40,821 [main] INFO  handler.ContextHandler (ContextHandler.java:doStop(910)) - Stopped o.e.j.s.ServletContextHandler@64279ab{/logs,file:///workdir/hadoop-ozone/integration-test/target/log,UNAVAILABLE}
2019-11-13 13:02:40,821 [3d7387af-ecb5-4c7d-b20b-5fe48849adda@group-E165AE56C698-LeaderElection232] WARN  impl.MetricRegistriesImpl (MetricRegistriesImpl.java:lambda$create$1(61)) - First MetricRegistry has been created without registering reporters. You may need to call MetricRegistries.global().addReportRegistration(...) before.
2019-11-13 13:02:40,821 [3d7387af-ecb5-4c7d-b20b-5fe48849adda@group-E165AE56C698-LeaderElection232] INFO  server.RaftServerConfigKeys (ConfUtils.java:logGet(43)) - raft.server.log.appender.snapshot.chunk.size.max = 16MB (=16777216) (default)
2019-11-13 13:02:40,821 [3d7387af-ecb5-4c7d-b20b-5fe48849adda@group-E165AE56C698-LeaderElection232] INFO  server.RaftServerConfigKeys (ConfUtils.java:logGet(43)) - raft.server.log.appender.buffer.byte-limit = 33554432 (custom)
2019-11-13 13:02:40,821 [3d7387af-ecb5-4c7d-b20b-5fe48849adda@group-E165AE56C698-LeaderElection232] INFO  server.RaftServerConfigKeys (ConfUtils.java:logGet(43)) - raft.server.log.appender.buffer.element-limit = 1 (custom)
2019-11-13 13:02:40,822 [3d7387af-ecb5-4c7d-b20b-5fe48849adda@group-E165AE56C698-LeaderElection232] INFO  grpc.GrpcConfigKeys$Server (ConfUtils.java:logGet(43)) - raft.grpc.server.leader.outstanding.appends.max = 128 (default)
2019-11-13 13:02:40,822 [3d7387af-ecb5-4c7d-b20b-5fe48849adda@group-E165AE56C698-LeaderElection232] INFO  server.RaftServerConfigKeys (ConfUtils.java:logGet(43)) - raft.server.rpc.request.timeout = 3000ms (default)
2019-11-13 13:02:40,822 [3d7387af-ecb5-4c7d-b20b-5fe48849adda@group-E165AE56C698-LeaderElection232] INFO  server.RaftServerConfigKeys (ConfUtils.java:logGet(43)) - raft.server.log.appender.install.snapshot.enabled = false (custom)
2019-11-13 13:02:40,822 [3d7387af-ecb5-4c7d-b20b-5fe48849adda@group-E165AE56C698-LeaderElection232] INFO  impl.RoleInfo (RoleInfo.java:updateAndGet(143)) - 3d7387af-ecb5-4c7d-b20b-5fe48849adda: start LeaderState
2019-11-13 13:02:40,822 [3d7387af-ecb5-4c7d-b20b-5fe48849adda@group-E165AE56C698-LeaderElection232] INFO  segmented.SegmentedRaftLogWorker (SegmentedRaftLogWorker.java:startLogSegment(385)) - 3d7387af-ecb5-4c7d-b20b-5fe48849adda@group-E165AE56C698-SegmentedRaftLogWorker: Starting segment from index:0
2019-11-13 13:02:40,823 [3d7387af-ecb5-4c7d-b20b-5fe48849adda@group-E165AE56C698-LeaderElection232] INFO  impl.RaftServerImpl (ServerState.java:setRaftConf(356)) - 3d7387af-ecb5-4c7d-b20b-5fe48849adda@group-E165AE56C698: set configuration 0: [1a33519a-3def-4d79-b3e5-c4d8286dc86e:192.168.157.200:40699, 3d7387af-ecb5-4c7d-b20b-5fe48849adda:192.168.157.200:37245, 318b4bc4-2a6a-4055-b801-3341d5814353:192.168.157.200:34345], old=null at 0
2019-11-13 13:02:40,823 [1a33519a-3def-4d79-b3e5-c4d8286dc86e@group-E165AE56C698-LeaderElection233] INFO  impl.RaftServerImpl (RaftServerImpl.java:setRole(173)) - 1a33519a-3def-4d79-b3e5-c4d8286dc86e@group-E165AE56C698: changes role from CANDIDATE to FOLLOWER at term 2 for DISCOVERED_A_NEW_TERM
2019-11-13 13:02:40,823 [1a33519a-3def-4d79-b3e5-c4d8286dc86e@group-E165AE56C698-LeaderElection233] INFO  impl.RoleInfo (RoleInfo.java:shutdownLeaderElection(134)) - 1a33519a-3def-4d79-b3e5-c4d8286dc86e: shutdown LeaderElection
2019-11-13 13:02:40,823 [1a33519a-3def-4d79-b3e5-c4d8286dc86e@group-E165AE56C698-LeaderElection233] INFO  impl.RoleInfo (RoleInfo.java:updateAndGet(143)) - 1a33519a-3def-4d79-b3e5-c4d8286dc86e: start FollowerState
2019-11-13 13:02:40,825 [grpc-default-executor-5] INFO  ratis.XceiverServerRatis (XceiverServerRatis.java:handleLeaderChangedNotification(697)) - Leader change notification received for group: group-E165AE56C698 with new leaderId: 3d7387af-ecb5-4c7d-b20b-5fe48849adda
2019-11-13 13:02:40,826 [grpc-default-executor-5] INFO  impl.RaftServerImpl (ServerState.java:setLeader(255)) - 318b4bc4-2a6a-4055-b801-3341d5814353@group-E165AE56C698: change Leader from null to 3d7387af-ecb5-4c7d-b20b-5fe48849adda at term 2 for appendEntries, leader elected after 2358ms
2019-11-13 13:02:40,826 [grpc-default-executor-11] INFO  ratis.XceiverServerRatis (XceiverServerRatis.java:handleLeaderChangedNotification(697)) - Leader change notification received for group: group-E165AE56C698 with new leaderId: 3d7387af-ecb5-4c7d-b20b-5fe48849adda
2019-11-13 13:02:40,826 [grpc-default-executor-11] INFO  impl.RaftServerImpl (ServerState.java:setLeader(255)) - 1a33519a-3def-4d79-b3e5-c4d8286dc86e@group-E165AE56C698: change Leader from null to 3d7387af-ecb5-4c7d-b20b-5fe48849adda at term 2 for appendEntries, leader elected after 2351ms
2019-11-13 13:02:40,827 [grpc-default-executor-5] INFO  impl.RaftServerImpl (ServerState.java:setRaftConf(356)) - 318b4bc4-2a6a-4055-b801-3341d5814353@group-E165AE56C698: set configuration 0: [1a33519a-3def-4d79-b3e5-c4d8286dc86e:192.168.157.200:40699, 3d7387af-ecb5-4c7d-b20b-5fe48849adda:192.168.157.200:37245, 318b4bc4-2a6a-4055-b801-3341d5814353:192.168.157.200:34345], old=null at 0
2019-11-13 13:02:40,828 [grpc-default-executor-5] INFO  segmented.SegmentedRaftLogWorker (SegmentedRaftLogWorker.java:startLogSegment(385)) - 318b4bc4-2a6a-4055-b801-3341d5814353@group-E165AE56C698-SegmentedRaftLogWorker: Starting segment from index:0
2019-11-13 13:02:40,828 [main] INFO  ozone.MiniOzoneClusterImpl (MiniOzoneClusterImpl.java:stopDatanodes(415)) - Stopping the HddsDatanodes
2019-11-13 13:02:40,828 [grpc-default-executor-5] INFO  impl.RaftServerImpl (ServerState.java:setRaftConf(356)) - 1a33519a-3def-4d79-b3e5-c4d8286dc86e@group-E165AE56C698: set configuration 0: [1a33519a-3def-4d79-b3e5-c4d8286dc86e:192.168.157.200:40699, 3d7387af-ecb5-4c7d-b20b-5fe48849adda:192.168.157.200:37245, 318b4bc4-2a6a-4055-b801-3341d5814353:192.168.157.200:34345], old=null at 0
2019-11-13 13:02:40,829 [grpc-default-executor-5] INFO  segmented.SegmentedRaftLogWorker (SegmentedRaftLogWorker.java:startLogSegment(385)) - 1a33519a-3def-4d79-b3e5-c4d8286dc86e@group-E165AE56C698-SegmentedRaftLogWorker: Starting segment from index:0
2019-11-13 13:02:40,881 [3d7387af-ecb5-4c7d-b20b-5fe48849adda@group-E165AE56C698-SegmentedRaftLogWorker] INFO  segmented.SegmentedRaftLogWorker (SegmentedRaftLogWorker.java:execute(576)) - 3d7387af-ecb5-4c7d-b20b-5fe48849adda@group-E165AE56C698-SegmentedRaftLogWorker: created new log segment /workdir/hadoop-ozone/integration-test/target/test-dir/MiniOzoneClusterImpl-90e8aeb1-2975-47c6-9bba-faf27de7fb8c/datanode-7/data/ratis/9ac0fd23-9412-4350-8a44-e165ae56c698/current/log_inprogress_0
2019-11-13 13:02:40,881 [1a33519a-3def-4d79-b3e5-c4d8286dc86e@group-E165AE56C698-SegmentedRaftLogWorker] INFO  segmented.SegmentedRaftLogWorker (SegmentedRaftLogWorker.java:execute(576)) - 1a33519a-3def-4d79-b3e5-c4d8286dc86e@group-E165AE56C698-SegmentedRaftLogWorker: created new log segment /workdir/hadoop-ozone/integration-test/target/test-dir/MiniOzoneClusterImpl-90e8aeb1-2975-47c6-9bba-faf27de7fb8c/datanode-4/data/ratis/9ac0fd23-9412-4350-8a44-e165ae56c698/current/log_inprogress_0
2019-11-13 13:02:40,881 [318b4bc4-2a6a-4055-b801-3341d5814353@group-E165AE56C698-SegmentedRaftLogWorker] INFO  segmented.SegmentedRaftLogWorker (SegmentedRaftLogWorker.java:execute(576)) - 318b4bc4-2a6a-4055-b801-3341d5814353@group-E165AE56C698-SegmentedRaftLogWorker: created new log segment /workdir/hadoop-ozone/integration-test/target/test-dir/MiniOzoneClusterImpl-90e8aeb1-2975-47c6-9bba-faf27de7fb8c/datanode-9/data/ratis/9ac0fd23-9412-4350-8a44-e165ae56c698/current/log_inprogress_0
2019-11-13 13:02:41,003 [Datanode State Machine Thread - 0] INFO  statemachine.DatanodeStateMachine (DatanodeStateMachine.java:lambda$startDaemon$0(350)) - Ozone container server started.
2019-11-13 13:02:41,046 [Thread-4279] INFO  impl.FollowerState (FollowerState.java:run(111)) - 3d7387af-ecb5-4c7d-b20b-5fe48849adda@group-0B9C24A60E0B-FollowerState: change to CANDIDATE, lastRpcTime:1177ms, electionTimeout:1177ms
2019-11-13 13:02:41,046 [Thread-4279] INFO  impl.RoleInfo (RoleInfo.java:shutdownFollowerState(121)) - 3d7387af-ecb5-4c7d-b20b-5fe48849adda: shutdown FollowerState
2019-11-13 13:02:41,046 [Thread-4279] INFO  impl.RaftServerImpl (RaftServerImpl.java:setRole(173)) - 3d7387af-ecb5-4c7d-b20b-5fe48849adda@group-0B9C24A60E0B: changes role from  FOLLOWER to CANDIDATE at term 0 for changeToCandidate
2019-11-13 13:02:41,047 [Thread-4279] INFO  impl.RoleInfo (RoleInfo.java:updateAndGet(143)) - 3d7387af-ecb5-4c7d-b20b-5fe48849adda: start LeaderElection
2019-11-13 13:02:41,093 [3d7387af-ecb5-4c7d-b20b-5fe48849adda@group-0B9C24A60E0B-LeaderElection235] INFO  impl.LeaderElection (LeaderElection.java:askForVotes(178)) - 3d7387af-ecb5-4c7d-b20b-5fe48849adda@group-0B9C24A60E0B-LeaderElection235: begin an election at term 1 for -1: [3d7387af-ecb5-4c7d-b20b-5fe48849adda:192.168.157.200:37245], old=null
2019-11-13 13:02:41,093 [3d7387af-ecb5-4c7d-b20b-5fe48849adda@group-0B9C24A60E0B-LeaderElection235] INFO  impl.RoleInfo (RoleInfo.java:shutdownLeaderElection(134)) - 3d7387af-ecb5-4c7d-b20b-5fe48849adda: shutdown LeaderElection
2019-11-13 13:02:41,093 [3d7387af-ecb5-4c7d-b20b-5fe48849adda@group-0B9C24A60E0B-LeaderElection235] INFO  impl.RaftServerImpl (RaftServerImpl.java:setRole(173)) - 3d7387af-ecb5-4c7d-b20b-5fe48849adda@group-0B9C24A60E0B: changes role from CANDIDATE to LEADER at term 1 for changeToLeader
2019-11-13 13:02:41,093 [3d7387af-ecb5-4c7d-b20b-5fe48849adda@group-0B9C24A60E0B-LeaderElection235] INFO  ratis.XceiverServerRatis (XceiverServerRatis.java:handleLeaderChangedNotification(697)) - Leader change notification received for group: group-0B9C24A60E0B with new leaderId: 3d7387af-ecb5-4c7d-b20b-5fe48849adda
2019-11-13 13:02:41,093 [3d7387af-ecb5-4c7d-b20b-5fe48849adda@group-0B9C24A60E0B-LeaderElection235] INFO  impl.RaftServerImpl (ServerState.java:setLeader(255)) - 3d7387af-ecb5-4c7d-b20b-5fe48849adda@group-0B9C24A60E0B: change Leader from null to 3d7387af-ecb5-4c7d-b20b-5fe48849adda at term 1 for becomeLeader, leader elected after 1267ms
2019-11-13 13:02:41,094 [3d7387af-ecb5-4c7d-b20b-5fe48849adda@group-0B9C24A60E0B-LeaderElection235] INFO  server.RaftServerConfigKeys (ConfUtils.java:logGet(43)) - raft.server.staging.catchup.gap = 1000 (default)
2019-11-13 13:02:41,094 [3d7387af-ecb5-4c7d-b20b-5fe48849adda@group-0B9C24A60E0B-LeaderElection235] INFO  server.RaftServerConfigKeys (ConfUtils.java:logGet(43)) - raft.server.rpc.sleep.time = 25ms (default)
2019-11-13 13:02:41,094 [3d7387af-ecb5-4c7d-b20b-5fe48849adda@group-0B9C24A60E0B-LeaderElection235] INFO  server.RaftServerConfigKeys (ConfUtils.java:logGet(43)) - raft.server.write.element-limit = 4096 (default)
2019-11-13 13:02:41,094 [3d7387af-ecb5-4c7d-b20b-5fe48849adda@group-0B9C24A60E0B-LeaderElection235] INFO  server.RaftServerConfigKeys (ConfUtils.java:logGet(43)) - raft.server.watch.timeout = 10s (default)
2019-11-13 13:02:41,094 [3d7387af-ecb5-4c7d-b20b-5fe48849adda@group-0B9C24A60E0B-LeaderElection235] INFO  server.RaftServerConfigKeys (ConfUtils.java:logGet(43)) - raft.server.watch.timeout.denomination = 1s (default)
2019-11-13 13:02:41,094 [EventQueue-PipelineReportForPipelineReportHandler] INFO  pipeline.PipelineStateManager (PipelineStateManager.java:openPipeline(134)) - Pipeline Pipeline[ Id: 321971ae-bf3f-4a02-9e3e-0b9c24a60e0b, Nodes: 3d7387af-ecb5-4c7d-b20b-5fe48849adda{ip: 192.168.157.200, host: pr-hdds-2452-7vw7s-1330541530, networkLocation: /rack1, certSerialId: null}, Type:RATIS, Factor:ONE, State:OPEN] moved to OPEN state
2019-11-13 13:02:41,094 [3d7387af-ecb5-4c7d-b20b-5fe48849adda@group-0B9C24A60E0B-LeaderElection235] INFO  server.RaftServerConfigKeys (ConfUtils.java:logGet(43)) - raft.server.watch.element-limit = 65536 (default)
2019-11-13 13:02:41,094 [3d7387af-ecb5-4c7d-b20b-5fe48849adda@group-0B9C24A60E0B-LeaderElection235] INFO  impl.RoleInfo (RoleInfo.java:updateAndGet(143)) - 3d7387af-ecb5-4c7d-b20b-5fe48849adda: start LeaderState
2019-11-13 13:02:41,095 [3d7387af-ecb5-4c7d-b20b-5fe48849adda@group-0B9C24A60E0B-LeaderElection235] INFO  segmented.SegmentedRaftLogWorker (SegmentedRaftLogWorker.java:startLogSegment(385)) - 3d7387af-ecb5-4c7d-b20b-5fe48849adda@group-0B9C24A60E0B-SegmentedRaftLogWorker: Starting segment from index:0
2019-11-13 13:02:41,095 [3d7387af-ecb5-4c7d-b20b-5fe48849adda@group-0B9C24A60E0B-LeaderElection235] INFO  impl.RaftServerImpl (ServerState.java:setRaftConf(356)) - 3d7387af-ecb5-4c7d-b20b-5fe48849adda@group-0B9C24A60E0B: set configuration 0: [3d7387af-ecb5-4c7d-b20b-5fe48849adda:192.168.157.200:37245], old=null at 0
2019-11-13 13:02:41,131 [3d7387af-ecb5-4c7d-b20b-5fe48849adda@group-0B9C24A60E0B-SegmentedRaftLogWorker] INFO  segmented.SegmentedRaftLogWorker (SegmentedRaftLogWorker.java:execute(576)) - 3d7387af-ecb5-4c7d-b20b-5fe48849adda@group-0B9C24A60E0B-SegmentedRaftLogWorker: created new log segment /workdir/hadoop-ozone/integration-test/target/test-dir/MiniOzoneClusterImpl-90e8aeb1-2975-47c6-9bba-faf27de7fb8c/datanode-7/data/ratis/321971ae-bf3f-4a02-9e3e-0b9c24a60e0b/current/log_inprogress_0
2019-11-13 13:02:41,156 [Thread-4300] INFO  impl.FollowerState (FollowerState.java:run(111)) - 7ba291c4-9ee0-417b-844f-44a16c4ba9e2@group-28BF1C14A3EE-FollowerState: change to CANDIDATE, lastRpcTime:1007ms, electionTimeout:1007ms
2019-11-13 13:02:41,157 [Thread-4300] INFO  impl.RoleInfo (RoleInfo.java:shutdownFollowerState(121)) - 7ba291c4-9ee0-417b-844f-44a16c4ba9e2: shutdown FollowerState
2019-11-13 13:02:41,157 [Thread-4300] INFO  impl.RaftServerImpl (RaftServerImpl.java:setRole(173)) - 7ba291c4-9ee0-417b-844f-44a16c4ba9e2@group-28BF1C14A3EE: changes role from  FOLLOWER to CANDIDATE at term 1 for changeToCandidate
2019-11-13 13:02:41,157 [Thread-4300] INFO  impl.RoleInfo (RoleInfo.java:updateAndGet(143)) - 7ba291c4-9ee0-417b-844f-44a16c4ba9e2: start LeaderElection
2019-11-13 13:02:41,178 [7ba291c4-9ee0-417b-844f-44a16c4ba9e2@group-28BF1C14A3EE-LeaderElection236] INFO  impl.LeaderElection (LeaderElection.java:askForVotes(178)) - 7ba291c4-9ee0-417b-844f-44a16c4ba9e2@group-28BF1C14A3EE-LeaderElection236: begin an election at term 2 for -1: [8ff9d20a-2236-45f0-8596-c8d53407e80c:192.168.157.200:39500, 7ba291c4-9ee0-417b-844f-44a16c4ba9e2:192.168.157.200:33359, 971d177f-fbc5-4c3a-b100-2607610d94ec:192.168.157.200:33290], old=null
2019-11-13 13:02:41,180 [grpc-default-executor-11] INFO  impl.RaftServerImpl (RaftServerImpl.java:setRole(173)) - 8ff9d20a-2236-45f0-8596-c8d53407e80c@group-28BF1C14A3EE: changes role from  FOLLOWER to FOLLOWER at term 2 for recognizeCandidate:7ba291c4-9ee0-417b-844f-44a16c4ba9e2
2019-11-13 13:02:41,180 [grpc-default-executor-11] INFO  impl.RoleInfo (RoleInfo.java:shutdownFollowerState(121)) - 8ff9d20a-2236-45f0-8596-c8d53407e80c: shutdown FollowerState
2019-11-13 13:02:41,180 [grpc-default-executor-5] INFO  impl.RaftServerImpl (RaftServerImpl.java:setRole(173)) - 971d177f-fbc5-4c3a-b100-2607610d94ec@group-28BF1C14A3EE: changes role from  FOLLOWER to FOLLOWER at term 2 for recognizeCandidate:7ba291c4-9ee0-417b-844f-44a16c4ba9e2
2019-11-13 13:02:41,181 [grpc-default-executor-5] INFO  impl.RoleInfo (RoleInfo.java:shutdownFollowerState(121)) - 971d177f-fbc5-4c3a-b100-2607610d94ec: shutdown FollowerState
2019-11-13 13:02:41,181 [grpc-default-executor-11] INFO  impl.RoleInfo (RoleInfo.java:updateAndGet(143)) - 8ff9d20a-2236-45f0-8596-c8d53407e80c: start FollowerState
2019-11-13 13:02:41,181 [Thread-4299] INFO  impl.FollowerState (FollowerState.java:run(120)) - 971d177f-fbc5-4c3a-b100-2607610d94ec@group-28BF1C14A3EE-FollowerState was interrupted: java.lang.InterruptedException: sleep interrupted
2019-11-13 13:02:41,181 [grpc-default-executor-5] INFO  impl.RoleInfo (RoleInfo.java:updateAndGet(143)) - 971d177f-fbc5-4c3a-b100-2607610d94ec: start FollowerState
2019-11-13 13:02:41,181 [Thread-4301] INFO  impl.FollowerState (FollowerState.java:run(120)) - 8ff9d20a-2236-45f0-8596-c8d53407e80c@group-28BF1C14A3EE-FollowerState was interrupted: java.lang.InterruptedException: sleep interrupted
2019-11-13 13:02:41,207 [7ba291c4-9ee0-417b-844f-44a16c4ba9e2@group-28BF1C14A3EE-LeaderElection236] INFO  impl.LeaderElection (LeaderElection.java:logAndReturn(56)) - 7ba291c4-9ee0-417b-844f-44a16c4ba9e2@group-28BF1C14A3EE-LeaderElection236: Election PASSED; received 1 response(s) [7ba291c4-9ee0-417b-844f-44a16c4ba9e2<-8ff9d20a-2236-45f0-8596-c8d53407e80c#0:OK-t2] and 0 exception(s); 7ba291c4-9ee0-417b-844f-44a16c4ba9e2@group-28BF1C14A3EE:t2, leader=null, voted=7ba291c4-9ee0-417b-844f-44a16c4ba9e2, raftlog=7ba291c4-9ee0-417b-844f-44a16c4ba9e2@group-28BF1C14A3EE-SegmentedRaftLog:OPENED:c-1,f-1,i0, conf=-1: [8ff9d20a-2236-45f0-8596-c8d53407e80c:192.168.157.200:39500, 7ba291c4-9ee0-417b-844f-44a16c4ba9e2:192.168.157.200:33359, 971d177f-fbc5-4c3a-b100-2607610d94ec:192.168.157.200:33290], old=null
2019-11-13 13:02:41,207 [7ba291c4-9ee0-417b-844f-44a16c4ba9e2@group-28BF1C14A3EE-LeaderElection236] INFO  impl.RoleInfo (RoleInfo.java:shutdownLeaderElection(134)) - 7ba291c4-9ee0-417b-844f-44a16c4ba9e2: shutdown LeaderElection
2019-11-13 13:02:41,207 [7ba291c4-9ee0-417b-844f-44a16c4ba9e2@group-28BF1C14A3EE-LeaderElection236] INFO  impl.RaftServerImpl (RaftServerImpl.java:setRole(173)) - 7ba291c4-9ee0-417b-844f-44a16c4ba9e2@group-28BF1C14A3EE: changes role from CANDIDATE to LEADER at term 2 for changeToLeader
2019-11-13 13:02:41,208 [7ba291c4-9ee0-417b-844f-44a16c4ba9e2@group-28BF1C14A3EE-LeaderElection236] INFO  ratis.XceiverServerRatis (XceiverServerRatis.java:handleLeaderChangedNotification(697)) - Leader change notification received for group: group-28BF1C14A3EE with new leaderId: 7ba291c4-9ee0-417b-844f-44a16c4ba9e2
2019-11-13 13:02:41,208 [7ba291c4-9ee0-417b-844f-44a16c4ba9e2@group-28BF1C14A3EE-LeaderElection236] INFO  impl.RaftServerImpl (ServerState.java:setLeader(255)) - 7ba291c4-9ee0-417b-844f-44a16c4ba9e2@group-28BF1C14A3EE: change Leader from null to 7ba291c4-9ee0-417b-844f-44a16c4ba9e2 at term 2 for becomeLeader, leader elected after 2288ms
2019-11-13 13:02:41,208 [7ba291c4-9ee0-417b-844f-44a16c4ba9e2@group-28BF1C14A3EE-LeaderElection236] INFO  server.RaftServerConfigKeys (ConfUtils.java:logGet(43)) - raft.server.staging.catchup.gap = 1000 (default)
2019-11-13 13:02:41,208 [7ba291c4-9ee0-417b-844f-44a16c4ba9e2@group-28BF1C14A3EE-LeaderElection236] INFO  server.RaftServerConfigKeys (ConfUtils.java:logGet(43)) - raft.server.rpc.sleep.time = 25ms (default)
2019-11-13 13:02:41,208 [Datanode State Machine Thread - 0] INFO  statemachine.DatanodeStateMachine (DatanodeStateMachine.java:lambda$startDaemon$0(350)) - Ozone container server started.
2019-11-13 13:02:41,208 [7ba291c4-9ee0-417b-844f-44a16c4ba9e2@group-28BF1C14A3EE-LeaderElection236] INFO  server.RaftServerConfigKeys (ConfUtils.java:logGet(43)) - raft.server.write.element-limit = 4096 (default)
2019-11-13 13:02:41,208 [7ba291c4-9ee0-417b-844f-44a16c4ba9e2@group-28BF1C14A3EE-LeaderElection236] INFO  server.RaftServerConfigKeys (ConfUtils.java:logGet(43)) - raft.server.watch.timeout = 10s (default)
2019-11-13 13:02:41,208 [7ba291c4-9ee0-417b-844f-44a16c4ba9e2@group-28BF1C14A3EE-LeaderElection236] INFO  server.RaftServerConfigKeys (ConfUtils.java:logGet(43)) - raft.server.watch.timeout.denomination = 1s (default)
2019-11-13 13:02:41,208 [7ba291c4-9ee0-417b-844f-44a16c4ba9e2@group-28BF1C14A3EE-LeaderElection236] INFO  server.RaftServerConfigKeys (ConfUtils.java:logGet(43)) - raft.server.watch.element-limit = 65536 (default)
2019-11-13 13:02:41,208 [7ba291c4-9ee0-417b-844f-44a16c4ba9e2@group-28BF1C14A3EE-LeaderElection236] INFO  server.RaftServerConfigKeys (ConfUtils.java:logGet(43)) - raft.server.log.appender.snapshot.chunk.size.max = 16MB (=16777216) (default)
2019-11-13 13:02:41,209 [7ba291c4-9ee0-417b-844f-44a16c4ba9e2@group-28BF1C14A3EE-LeaderElection236] INFO  server.RaftServerConfigKeys (ConfUtils.java:logGet(43)) - raft.server.log.appender.buffer.byte-limit = 33554432 (custom)
2019-11-13 13:02:41,209 [7ba291c4-9ee0-417b-844f-44a16c4ba9e2@group-28BF1C14A3EE-LeaderElection236] INFO  server.RaftServerConfigKeys (ConfUtils.java:logGet(43)) - raft.server.log.appender.buffer.element-limit = 1 (custom)
2019-11-13 13:02:41,209 [7ba291c4-9ee0-417b-844f-44a16c4ba9e2@group-28BF1C14A3EE-LeaderElection236] INFO  grpc.GrpcConfigKeys$Server (ConfUtils.java:logGet(43)) - raft.grpc.server.leader.outstanding.appends.max = 128 (default)
2019-11-13 13:02:41,209 [7ba291c4-9ee0-417b-844f-44a16c4ba9e2@group-28BF1C14A3EE-LeaderElection236] INFO  server.RaftServerConfigKeys (ConfUtils.java:logGet(43)) - raft.server.rpc.request.timeout = 3000ms (default)
2019-11-13 13:02:41,209 [7ba291c4-9ee0-417b-844f-44a16c4ba9e2@group-28BF1C14A3EE-LeaderElection236] INFO  server.RaftServerConfigKeys (ConfUtils.java:logGet(43)) - raft.server.log.appender.install.snapshot.enabled = false (custom)
2019-11-13 13:02:41,209 [7ba291c4-9ee0-417b-844f-44a16c4ba9e2@group-28BF1C14A3EE-LeaderElection236] WARN  impl.MetricRegistriesImpl (MetricRegistriesImpl.java:lambda$create$1(61)) - First MetricRegistry has been created without registering reporters. You may need to call MetricRegistries.global().addReportRegistration(...) before.
2019-11-13 13:02:41,209 [7ba291c4-9ee0-417b-844f-44a16c4ba9e2@group-28BF1C14A3EE-LeaderElection236] INFO  server.RaftServerConfigKeys (ConfUtils.java:logGet(43)) - raft.server.log.appender.snapshot.chunk.size.max = 16MB (=16777216) (default)
2019-11-13 13:02:41,210 [7ba291c4-9ee0-417b-844f-44a16c4ba9e2@group-28BF1C14A3EE-LeaderElection236] INFO  server.RaftServerConfigKeys (ConfUtils.java:logGet(43)) - raft.server.log.appender.buffer.byte-limit = 33554432 (custom)
2019-11-13 13:02:41,210 [7ba291c4-9ee0-417b-844f-44a16c4ba9e2@group-28BF1C14A3EE-LeaderElection236] INFO  server.RaftServerConfigKeys (ConfUtils.java:logGet(43)) - raft.server.log.appender.buffer.element-limit = 1 (custom)
2019-11-13 13:02:41,210 [7ba291c4-9ee0-417b-844f-44a16c4ba9e2@group-28BF1C14A3EE-LeaderElection236] INFO  grpc.GrpcConfigKeys$Server (ConfUtils.java:logGet(43)) - raft.grpc.server.leader.outstanding.appends.max = 128 (default)
2019-11-13 13:02:41,210 [7ba291c4-9ee0-417b-844f-44a16c4ba9e2@group-28BF1C14A3EE-LeaderElection236] INFO  server.RaftServerConfigKeys (ConfUtils.java:logGet(43)) - raft.server.rpc.request.timeout = 3000ms (default)
2019-11-13 13:02:41,210 [7ba291c4-9ee0-417b-844f-44a16c4ba9e2@group-28BF1C14A3EE-LeaderElection236] INFO  server.RaftServerConfigKeys (ConfUtils.java:logGet(43)) - raft.server.log.appender.install.snapshot.enabled = false (custom)
2019-11-13 13:02:41,210 [7ba291c4-9ee0-417b-844f-44a16c4ba9e2@group-28BF1C14A3EE-LeaderElection236] INFO  impl.RoleInfo (RoleInfo.java:updateAndGet(143)) - 7ba291c4-9ee0-417b-844f-44a16c4ba9e2: start LeaderState
2019-11-13 13:02:41,210 [7ba291c4-9ee0-417b-844f-44a16c4ba9e2@group-28BF1C14A3EE-LeaderElection236] INFO  segmented.SegmentedRaftLogWorker (SegmentedRaftLogWorker.java:startLogSegment(385)) - 7ba291c4-9ee0-417b-844f-44a16c4ba9e2@group-28BF1C14A3EE-SegmentedRaftLogWorker: Starting segment from index:0
2019-11-13 13:02:41,211 [7ba291c4-9ee0-417b-844f-44a16c4ba9e2@group-28BF1C14A3EE-LeaderElection236] INFO  impl.RaftServerImpl (ServerState.java:setRaftConf(356)) - 7ba291c4-9ee0-417b-844f-44a16c4ba9e2@group-28BF1C14A3EE: set configuration 0: [8ff9d20a-2236-45f0-8596-c8d53407e80c:192.168.157.200:39500, 7ba291c4-9ee0-417b-844f-44a16c4ba9e2:192.168.157.200:33359, 971d177f-fbc5-4c3a-b100-2607610d94ec:192.168.157.200:33290], old=null at 0
2019-11-13 13:02:41,212 [grpc-default-executor-11] INFO  ratis.XceiverServerRatis (XceiverServerRatis.java:handleLeaderChangedNotification(697)) - Leader change notification received for group: group-28BF1C14A3EE with new leaderId: 7ba291c4-9ee0-417b-844f-44a16c4ba9e2
2019-11-13 13:02:41,212 [grpc-default-executor-5] INFO  ratis.XceiverServerRatis (XceiverServerRatis.java:handleLeaderChangedNotification(697)) - Leader change notification received for group: group-28BF1C14A3EE with new leaderId: 7ba291c4-9ee0-417b-844f-44a16c4ba9e2
2019-11-13 13:02:41,212 [grpc-default-executor-5] INFO  impl.RaftServerImpl (ServerState.java:setLeader(255)) - 971d177f-fbc5-4c3a-b100-2607610d94ec@group-28BF1C14A3EE: change Leader from null to 7ba291c4-9ee0-417b-844f-44a16c4ba9e2 at term 2 for appendEntries, leader elected after 2293ms
2019-11-13 13:02:41,212 [grpc-default-executor-11] INFO  impl.RaftServerImpl (ServerState.java:setLeader(255)) - 8ff9d20a-2236-45f0-8596-c8d53407e80c@group-28BF1C14A3EE: change Leader from null to 7ba291c4-9ee0-417b-844f-44a16c4ba9e2 at term 2 for appendEntries, leader elected after 2293ms
2019-11-13 13:02:41,214 [grpc-default-executor-5] INFO  impl.RaftServerImpl (ServerState.java:setRaftConf(356)) - 8ff9d20a-2236-45f0-8596-c8d53407e80c@group-28BF1C14A3EE: set configuration 0: [8ff9d20a-2236-45f0-8596-c8d53407e80c:192.168.157.200:39500, 7ba291c4-9ee0-417b-844f-44a16c4ba9e2:192.168.157.200:33359, 971d177f-fbc5-4c3a-b100-2607610d94ec:192.168.157.200:33290], old=null at 0
2019-11-13 13:02:41,214 [grpc-default-executor-11] INFO  impl.RaftServerImpl (ServerState.java:setRaftConf(356)) - 971d177f-fbc5-4c3a-b100-2607610d94ec@group-28BF1C14A3EE: set configuration 0: [8ff9d20a-2236-45f0-8596-c8d53407e80c:192.168.157.200:39500, 7ba291c4-9ee0-417b-844f-44a16c4ba9e2:192.168.157.200:33359, 971d177f-fbc5-4c3a-b100-2607610d94ec:192.168.157.200:33290], old=null at 0
2019-11-13 13:02:41,214 [grpc-default-executor-5] INFO  segmented.SegmentedRaftLogWorker (SegmentedRaftLogWorker.java:startLogSegment(385)) - 8ff9d20a-2236-45f0-8596-c8d53407e80c@group-28BF1C14A3EE-SegmentedRaftLogWorker: Starting segment from index:0
2019-11-13 13:02:41,214 [grpc-default-executor-11] INFO  segmented.SegmentedRaftLogWorker (SegmentedRaftLogWorker.java:startLogSegment(385)) - 971d177f-fbc5-4c3a-b100-2607610d94ec@group-28BF1C14A3EE-SegmentedRaftLogWorker: Starting segment from index:0
2019-11-13 13:02:41,257 [971d177f-fbc5-4c3a-b100-2607610d94ec@group-28BF1C14A3EE-SegmentedRaftLogWorker] INFO  segmented.SegmentedRaftLogWorker (SegmentedRaftLogWorker.java:execute(576)) - 971d177f-fbc5-4c3a-b100-2607610d94ec@group-28BF1C14A3EE-SegmentedRaftLogWorker: created new log segment /workdir/hadoop-ozone/integration-test/target/test-dir/MiniOzoneClusterImpl-90e8aeb1-2975-47c6-9bba-faf27de7fb8c/datanode-6/data/ratis/f3d25486-66df-42b8-9f28-28bf1c14a3ee/current/log_inprogress_0
2019-11-13 13:02:41,266 [7ba291c4-9ee0-417b-844f-44a16c4ba9e2@group-28BF1C14A3EE-SegmentedRaftLogWorker] INFO  segmented.SegmentedRaftLogWorker (SegmentedRaftLogWorker.java:execute(576)) - 7ba291c4-9ee0-417b-844f-44a16c4ba9e2@group-28BF1C14A3EE-SegmentedRaftLogWorker: created new log segment /workdir/hadoop-ozone/integration-test/target/test-dir/MiniOzoneClusterImpl-90e8aeb1-2975-47c6-9bba-faf27de7fb8c/datanode-5/data/ratis/f3d25486-66df-42b8-9f28-28bf1c14a3ee/current/log_inprogress_0
2019-11-13 13:02:41,266 [8ff9d20a-2236-45f0-8596-c8d53407e80c@group-28BF1C14A3EE-SegmentedRaftLogWorker] INFO  segmented.SegmentedRaftLogWorker (SegmentedRaftLogWorker.java:execute(576)) - 8ff9d20a-2236-45f0-8596-c8d53407e80c@group-28BF1C14A3EE-SegmentedRaftLogWorker: created new log segment /workdir/hadoop-ozone/integration-test/target/test-dir/MiniOzoneClusterImpl-90e8aeb1-2975-47c6-9bba-faf27de7fb8c/datanode-2/data/ratis/f3d25486-66df-42b8-9f28-28bf1c14a3ee/current/log_inprogress_0
2019-11-13 13:02:42,452 [Thread-4306] INFO  impl.FollowerState (FollowerState.java:run(111)) - 1a33519a-3def-4d79-b3e5-c4d8286dc86e@group-FFCD4D7C2DEB-FollowerState: change to CANDIDATE, lastRpcTime:2058ms, electionTimeout:1023ms
2019-11-13 13:02:42,453 [Thread-4306] INFO  impl.RoleInfo (RoleInfo.java:shutdownFollowerState(121)) - 1a33519a-3def-4d79-b3e5-c4d8286dc86e: shutdown FollowerState
2019-11-13 13:02:42,453 [Thread-4306] INFO  impl.RaftServerImpl (RaftServerImpl.java:setRole(173)) - 1a33519a-3def-4d79-b3e5-c4d8286dc86e@group-FFCD4D7C2DEB: changes role from  FOLLOWER to CANDIDATE at term 2 for changeToCandidate
2019-11-13 13:02:42,453 [Thread-4306] INFO  impl.RoleInfo (RoleInfo.java:updateAndGet(143)) - 1a33519a-3def-4d79-b3e5-c4d8286dc86e: start LeaderElection
2019-11-13 13:02:42,453 [1a33519a-3def-4d79-b3e5-c4d8286dc86e@group-FFCD4D7C2DEB-LeaderElection237] INFO  impl.RaftServerImpl (ServerState.java:setLeader(255)) - 1a33519a-3def-4d79-b3e5-c4d8286dc86e@group-FFCD4D7C2DEB: change Leader from 3d7387af-ecb5-4c7d-b20b-5fe48849adda to null at term 2 for initElection
2019-11-13 13:02:42,546 [1a33519a-3def-4d79-b3e5-c4d8286dc86e@group-FFCD4D7C2DEB-LeaderElection237] INFO  impl.LeaderElection (LeaderElection.java:askForVotes(178)) - 1a33519a-3def-4d79-b3e5-c4d8286dc86e@group-FFCD4D7C2DEB-LeaderElection237: begin an election at term 3 for -1: [1a33519a-3def-4d79-b3e5-c4d8286dc86e:192.168.157.200:40699, 3d7387af-ecb5-4c7d-b20b-5fe48849adda:192.168.157.200:37245, 318b4bc4-2a6a-4055-b801-3341d5814353:192.168.157.200:34345], old=null
2019-11-13 13:02:42,549 [grpc-default-executor-11] WARN  server.GrpcServerProtocolService (LogUtils.java:warn(136)) - 3d7387af-ecb5-4c7d-b20b-5fe48849adda: Failed requestVote 1a33519a-3def-4d79-b3e5-c4d8286dc86e->3d7387af-ecb5-4c7d-b20b-5fe48849adda#0
org.apache.ratis.protocol.GroupMismatchException: 3d7387af-ecb5-4c7d-b20b-5fe48849adda: group-FFCD4D7C2DEB not found.
	at org.apache.ratis.server.impl.RaftServerProxy$ImplMap.get(RaftServerProxy.java:122)
	at org.apache.ratis.server.impl.RaftServerProxy.getImplFuture(RaftServerProxy.java:269)
	at org.apache.ratis.server.impl.RaftServerProxy.getImpl(RaftServerProxy.java:278)
	at org.apache.ratis.server.impl.RaftServerProxy.getImpl(RaftServerProxy.java:273)
	at org.apache.ratis.server.impl.RaftServerProxy.requestVote(RaftServerProxy.java:443)
	at org.apache.ratis.grpc.server.GrpcServerProtocolService.requestVote(GrpcServerProtocolService.java:142)
	at org.apache.ratis.proto.grpc.RaftServerProtocolServiceGrpc$MethodHandlers.invoke(RaftServerProtocolServiceGrpc.java:319)
	at org.apache.ratis.thirdparty.io.grpc.stub.ServerCalls$UnaryServerCallHandler$UnaryServerCallListener.onHalfClose(ServerCalls.java:171)
	at org.apache.ratis.thirdparty.io.grpc.internal.ServerCallImpl$ServerStreamListenerImpl.halfClosed(ServerCallImpl.java:283)
	at org.apache.ratis.thirdparty.io.grpc.internal.ServerImpl$JumpToApplicationThreadServerStreamListener$1HalfClosed.runInContext(ServerImpl.java:710)
	at org.apache.ratis.thirdparty.io.grpc.internal.ContextRunnable.run(ContextRunnable.java:37)
	at org.apache.ratis.thirdparty.io.grpc.internal.SerializingExecutor.run(SerializingExecutor.java:123)
	at java.util.concurrent.ThreadPoolExecutor.runWorker(ThreadPoolExecutor.java:1149)
	at java.util.concurrent.ThreadPoolExecutor$Worker.run(ThreadPoolExecutor.java:624)
	at java.lang.Thread.run(Thread.java:748)
2019-11-13 13:02:42,549 [grpc-default-executor-5] WARN  server.GrpcServerProtocolService (LogUtils.java:warn(136)) - 318b4bc4-2a6a-4055-b801-3341d5814353: Failed requestVote 1a33519a-3def-4d79-b3e5-c4d8286dc86e->318b4bc4-2a6a-4055-b801-3341d5814353#0
org.apache.ratis.protocol.GroupMismatchException: 318b4bc4-2a6a-4055-b801-3341d5814353: group-FFCD4D7C2DEB not found.
	at org.apache.ratis.server.impl.RaftServerProxy$ImplMap.get(RaftServerProxy.java:122)
	at org.apache.ratis.server.impl.RaftServerProxy.getImplFuture(RaftServerProxy.java:269)
	at org.apache.ratis.server.impl.RaftServerProxy.getImpl(RaftServerProxy.java:278)
	at org.apache.ratis.server.impl.RaftServerProxy.getImpl(RaftServerProxy.java:273)
	at org.apache.ratis.server.impl.RaftServerProxy.requestVote(RaftServerProxy.java:443)
	at org.apache.ratis.grpc.server.GrpcServerProtocolService.requestVote(GrpcServerProtocolService.java:142)
	at org.apache.ratis.proto.grpc.RaftServerProtocolServiceGrpc$MethodHandlers.invoke(RaftServerProtocolServiceGrpc.java:319)
	at org.apache.ratis.thirdparty.io.grpc.stub.ServerCalls$UnaryServerCallHandler$UnaryServerCallListener.onHalfClose(ServerCalls.java:171)
	at org.apache.ratis.thirdparty.io.grpc.internal.ServerCallImpl$ServerStreamListenerImpl.halfClosed(ServerCallImpl.java:283)
	at org.apache.ratis.thirdparty.io.grpc.internal.ServerImpl$JumpToApplicationThreadServerStreamListener$1HalfClosed.runInContext(ServerImpl.java:710)
	at org.apache.ratis.thirdparty.io.grpc.internal.ContextRunnable.run(ContextRunnable.java:37)
	at org.apache.ratis.thirdparty.io.grpc.internal.SerializingExecutor.run(SerializingExecutor.java:123)
	at java.util.concurrent.ThreadPoolExecutor.runWorker(ThreadPoolExecutor.java:1149)
	at java.util.concurrent.ThreadPoolExecutor$Worker.run(ThreadPoolExecutor.java:624)
	at java.lang.Thread.run(Thread.java:748)
2019-11-13 13:02:42,553 [1a33519a-3def-4d79-b3e5-c4d8286dc86e@group-FFCD4D7C2DEB-LeaderElection237] INFO  impl.LeaderElection (LogUtils.java:infoOrTrace(149)) - 1a33519a-3def-4d79-b3e5-c4d8286dc86e@group-FFCD4D7C2DEB-LeaderElection237 got exception when requesting votes: {}
java.util.concurrent.ExecutionException: org.apache.ratis.thirdparty.io.grpc.StatusRuntimeException: INTERNAL: 3d7387af-ecb5-4c7d-b20b-5fe48849adda: group-FFCD4D7C2DEB not found.
	at java.util.concurrent.FutureTask.report(FutureTask.java:122)
	at java.util.concurrent.FutureTask.get(FutureTask.java:192)
	at org.apache.ratis.server.impl.LeaderElection.waitForResults(LeaderElection.java:259)
	at org.apache.ratis.server.impl.LeaderElection.askForVotes(LeaderElection.java:197)
	at org.apache.ratis.server.impl.LeaderElection.run(LeaderElection.java:133)
	at java.lang.Thread.run(Thread.java:748)
Caused by: org.apache.ratis.thirdparty.io.grpc.StatusRuntimeException: INTERNAL: 3d7387af-ecb5-4c7d-b20b-5fe48849adda: group-FFCD4D7C2DEB not found.
	at org.apache.ratis.thirdparty.io.grpc.stub.ClientCalls.toStatusRuntimeException(ClientCalls.java:233)
	at org.apache.ratis.thirdparty.io.grpc.stub.ClientCalls.getUnchecked(ClientCalls.java:214)
	at org.apache.ratis.thirdparty.io.grpc.stub.ClientCalls.blockingUnaryCall(ClientCalls.java:139)
	at org.apache.ratis.proto.grpc.RaftServerProtocolServiceGrpc$RaftServerProtocolServiceBlockingStub.requestVote(RaftServerProtocolServiceGrpc.java:265)
	at org.apache.ratis.grpc.server.GrpcServerProtocolClient.requestVote(GrpcServerProtocolClient.java:99)
	at org.apache.ratis.grpc.server.GrpcService.requestVote(GrpcService.java:204)
	at org.apache.ratis.server.impl.LeaderElection.lambda$submitRequests$1(LeaderElection.java:234)
	at java.util.concurrent.FutureTask.run(FutureTask.java:266)
	at java.util.concurrent.Executors$RunnableAdapter.call(Executors.java:511)
	at java.util.concurrent.FutureTask.run(FutureTask.java:266)
	at java.util.concurrent.ThreadPoolExecutor.runWorker(ThreadPoolExecutor.java:1149)
	at java.util.concurrent.ThreadPoolExecutor$Worker.run(ThreadPoolExecutor.java:624)
	... 1 more
2019-11-13 13:02:42,553 [1a33519a-3def-4d79-b3e5-c4d8286dc86e@group-FFCD4D7C2DEB-LeaderElection237] INFO  impl.LeaderElection (LogUtils.java:infoOrTrace(149)) - 1a33519a-3def-4d79-b3e5-c4d8286dc86e@group-FFCD4D7C2DEB-LeaderElection237 got exception when requesting votes: {}
java.util.concurrent.ExecutionException: org.apache.ratis.thirdparty.io.grpc.StatusRuntimeException: INTERNAL: 318b4bc4-2a6a-4055-b801-3341d5814353: group-FFCD4D7C2DEB not found.
	at java.util.concurrent.FutureTask.report(FutureTask.java:122)
	at java.util.concurrent.FutureTask.get(FutureTask.java:192)
	at org.apache.ratis.server.impl.LeaderElection.waitForResults(LeaderElection.java:259)
	at org.apache.ratis.server.impl.LeaderElection.askForVotes(LeaderElection.java:197)
	at org.apache.ratis.server.impl.LeaderElection.run(LeaderElection.java:133)
	at java.lang.Thread.run(Thread.java:748)
Caused by: org.apache.ratis.thirdparty.io.grpc.StatusRuntimeException: INTERNAL: 318b4bc4-2a6a-4055-b801-3341d5814353: group-FFCD4D7C2DEB not found.
	at org.apache.ratis.thirdparty.io.grpc.stub.ClientCalls.toStatusRuntimeException(ClientCalls.java:233)
	at org.apache.ratis.thirdparty.io.grpc.stub.ClientCalls.getUnchecked(ClientCalls.java:214)
	at org.apache.ratis.thirdparty.io.grpc.stub.ClientCalls.blockingUnaryCall(ClientCalls.java:139)
	at org.apache.ratis.proto.grpc.RaftServerProtocolServiceGrpc$RaftServerProtocolServiceBlockingStub.requestVote(RaftServerProtocolServiceGrpc.java:265)
	at org.apache.ratis.grpc.server.GrpcServerProtocolClient.requestVote(GrpcServerProtocolClient.java:99)
	at org.apache.ratis.grpc.server.GrpcService.requestVote(GrpcService.java:204)
	at org.apache.ratis.server.impl.LeaderElection.lambda$submitRequests$1(LeaderElection.java:234)
	at java.util.concurrent.FutureTask.run(FutureTask.java:266)
	at java.util.concurrent.Executors$RunnableAdapter.call(Executors.java:511)
	at java.util.concurrent.FutureTask.run(FutureTask.java:266)
	at java.util.concurrent.ThreadPoolExecutor.runWorker(ThreadPoolExecutor.java:1149)
	at java.util.concurrent.ThreadPoolExecutor$Worker.run(ThreadPoolExecutor.java:624)
	... 1 more
2019-11-13 13:02:42,554 [1a33519a-3def-4d79-b3e5-c4d8286dc86e@group-FFCD4D7C2DEB-LeaderElection237] INFO  impl.LeaderElection (LeaderElection.java:logAndReturn(56)) - 1a33519a-3def-4d79-b3e5-c4d8286dc86e@group-FFCD4D7C2DEB-LeaderElection237: Election REJECTED; received 0 response(s) [] and 2 exception(s); 1a33519a-3def-4d79-b3e5-c4d8286dc86e@group-FFCD4D7C2DEB:t3, leader=null, voted=1a33519a-3def-4d79-b3e5-c4d8286dc86e, raftlog=1a33519a-3def-4d79-b3e5-c4d8286dc86e@group-FFCD4D7C2DEB-SegmentedRaftLog:OPENED:c-1,f-1,i0, conf=-1: [1a33519a-3def-4d79-b3e5-c4d8286dc86e:192.168.157.200:40699, 3d7387af-ecb5-4c7d-b20b-5fe48849adda:192.168.157.200:37245, 318b4bc4-2a6a-4055-b801-3341d5814353:192.168.157.200:34345], old=null
2019-11-13 13:02:42,554 [1a33519a-3def-4d79-b3e5-c4d8286dc86e@group-FFCD4D7C2DEB-LeaderElection237] INFO  impl.LeaderElection (LogUtils.java:infoOrTrace(149)) -   Exception 0: {}
java.util.concurrent.ExecutionException: org.apache.ratis.thirdparty.io.grpc.StatusRuntimeException: INTERNAL: 3d7387af-ecb5-4c7d-b20b-5fe48849adda: group-FFCD4D7C2DEB not found.
	at java.util.concurrent.FutureTask.report(FutureTask.java:122)
	at java.util.concurrent.FutureTask.get(FutureTask.java:192)
	at org.apache.ratis.server.impl.LeaderElection.waitForResults(LeaderElection.java:259)
	at org.apache.ratis.server.impl.LeaderElection.askForVotes(LeaderElection.java:197)
	at org.apache.ratis.server.impl.LeaderElection.run(LeaderElection.java:133)
	at java.lang.Thread.run(Thread.java:748)
Caused by: org.apache.ratis.thirdparty.io.grpc.StatusRuntimeException: INTERNAL: 3d7387af-ecb5-4c7d-b20b-5fe48849adda: group-FFCD4D7C2DEB not found.
	at org.apache.ratis.thirdparty.io.grpc.stub.ClientCalls.toStatusRuntimeException(ClientCalls.java:233)
	at org.apache.ratis.thirdparty.io.grpc.stub.ClientCalls.getUnchecked(ClientCalls.java:214)
	at org.apache.ratis.thirdparty.io.grpc.stub.ClientCalls.blockingUnaryCall(ClientCalls.java:139)
	at org.apache.ratis.proto.grpc.RaftServerProtocolServiceGrpc$RaftServerProtocolServiceBlockingStub.requestVote(RaftServerProtocolServiceGrpc.java:265)
	at org.apache.ratis.grpc.server.GrpcServerProtocolClient.requestVote(GrpcServerProtocolClient.java:99)
	at org.apache.ratis.grpc.server.GrpcService.requestVote(GrpcService.java:204)
	at org.apache.ratis.server.impl.LeaderElection.lambda$submitRequests$1(LeaderElection.java:234)
	at java.util.concurrent.FutureTask.run(FutureTask.java:266)
	at java.util.concurrent.Executors$RunnableAdapter.call(Executors.java:511)
	at java.util.concurrent.FutureTask.run(FutureTask.java:266)
	at java.util.concurrent.ThreadPoolExecutor.runWorker(ThreadPoolExecutor.java:1149)
	at java.util.concurrent.ThreadPoolExecutor$Worker.run(ThreadPoolExecutor.java:624)
	... 1 more
2019-11-13 13:02:42,554 [1a33519a-3def-4d79-b3e5-c4d8286dc86e@group-FFCD4D7C2DEB-LeaderElection237] INFO  impl.LeaderElection (LogUtils.java:infoOrTrace(149)) -   Exception 1: {}
java.util.concurrent.ExecutionException: org.apache.ratis.thirdparty.io.grpc.StatusRuntimeException: INTERNAL: 318b4bc4-2a6a-4055-b801-3341d5814353: group-FFCD4D7C2DEB not found.
	at java.util.concurrent.FutureTask.report(FutureTask.java:122)
	at java.util.concurrent.FutureTask.get(FutureTask.java:192)
	at org.apache.ratis.server.impl.LeaderElection.waitForResults(LeaderElection.java:259)
	at org.apache.ratis.server.impl.LeaderElection.askForVotes(LeaderElection.java:197)
	at org.apache.ratis.server.impl.LeaderElection.run(LeaderElection.java:133)
	at java.lang.Thread.run(Thread.java:748)
Caused by: org.apache.ratis.thirdparty.io.grpc.StatusRuntimeException: INTERNAL: 318b4bc4-2a6a-4055-b801-3341d5814353: group-FFCD4D7C2DEB not found.
	at org.apache.ratis.thirdparty.io.grpc.stub.ClientCalls.toStatusRuntimeException(ClientCalls.java:233)
	at org.apache.ratis.thirdparty.io.grpc.stub.ClientCalls.getUnchecked(ClientCalls.java:214)
	at org.apache.ratis.thirdparty.io.grpc.stub.ClientCalls.blockingUnaryCall(ClientCalls.java:139)
	at org.apache.ratis.proto.grpc.RaftServerProtocolServiceGrpc$RaftServerProtocolServiceBlockingStub.requestVote(RaftServerProtocolServiceGrpc.java:265)
	at org.apache.ratis.grpc.server.GrpcServerProtocolClient.requestVote(GrpcServerProtocolClient.java:99)
	at org.apache.ratis.grpc.server.GrpcService.requestVote(GrpcService.java:204)
	at org.apache.ratis.server.impl.LeaderElection.lambda$submitRequests$1(LeaderElection.java:234)
	at java.util.concurrent.FutureTask.run(FutureTask.java:266)
	at java.util.concurrent.Executors$RunnableAdapter.call(Executors.java:511)
	at java.util.concurrent.FutureTask.run(FutureTask.java:266)
	at java.util.concurrent.ThreadPoolExecutor.runWorker(ThreadPoolExecutor.java:1149)
	at java.util.concurrent.ThreadPoolExecutor$Worker.run(ThreadPoolExecutor.java:624)
	... 1 more
2019-11-13 13:02:42,554 [1a33519a-3def-4d79-b3e5-c4d8286dc86e@group-FFCD4D7C2DEB-LeaderElection237] INFO  impl.RaftServerImpl (RaftServerImpl.java:setRole(173)) - 1a33519a-3def-4d79-b3e5-c4d8286dc86e@group-FFCD4D7C2DEB: changes role from CANDIDATE to FOLLOWER at term 3 for DISCOVERED_A_NEW_TERM
2019-11-13 13:02:42,555 [1a33519a-3def-4d79-b3e5-c4d8286dc86e@group-FFCD4D7C2DEB-LeaderElection237] INFO  impl.RoleInfo (RoleInfo.java:shutdownLeaderElection(134)) - 1a33519a-3def-4d79-b3e5-c4d8286dc86e: shutdown LeaderElection
2019-11-13 13:02:42,555 [1a33519a-3def-4d79-b3e5-c4d8286dc86e@group-FFCD4D7C2DEB-LeaderElection237] INFO  impl.RoleInfo (RoleInfo.java:updateAndGet(143)) - 1a33519a-3def-4d79-b3e5-c4d8286dc86e: start FollowerState
2019-11-13 13:02:43,626 [Thread-4384] INFO  impl.FollowerState (FollowerState.java:run(111)) - 1a33519a-3def-4d79-b3e5-c4d8286dc86e@group-FFCD4D7C2DEB-FollowerState: change to CANDIDATE, lastRpcTime:1071ms, electionTimeout:1071ms
2019-11-13 13:02:43,627 [Thread-4384] INFO  impl.RoleInfo (RoleInfo.java:shutdownFollowerState(121)) - 1a33519a-3def-4d79-b3e5-c4d8286dc86e: shutdown FollowerState
2019-11-13 13:02:43,627 [Thread-4384] INFO  impl.RaftServerImpl (RaftServerImpl.java:setRole(173)) - 1a33519a-3def-4d79-b3e5-c4d8286dc86e@group-FFCD4D7C2DEB: changes role from  FOLLOWER to CANDIDATE at term 3 for changeToCandidate
2019-11-13 13:02:43,627 [Thread-4384] INFO  impl.RoleInfo (RoleInfo.java:updateAndGet(143)) - 1a33519a-3def-4d79-b3e5-c4d8286dc86e: start LeaderElection
2019-11-13 13:02:43,712 [1a33519a-3def-4d79-b3e5-c4d8286dc86e@group-FFCD4D7C2DEB-LeaderElection238] INFO  impl.LeaderElection (LeaderElection.java:askForVotes(178)) - 1a33519a-3def-4d79-b3e5-c4d8286dc86e@group-FFCD4D7C2DEB-LeaderElection238: begin an election at term 4 for -1: [1a33519a-3def-4d79-b3e5-c4d8286dc86e:192.168.157.200:40699, 3d7387af-ecb5-4c7d-b20b-5fe48849adda:192.168.157.200:37245, 318b4bc4-2a6a-4055-b801-3341d5814353:192.168.157.200:34345], old=null
2019-11-13 13:02:43,716 [grpc-default-executor-11] WARN  server.GrpcServerProtocolService (LogUtils.java:warn(136)) - 318b4bc4-2a6a-4055-b801-3341d5814353: Failed requestVote 1a33519a-3def-4d79-b3e5-c4d8286dc86e->318b4bc4-2a6a-4055-b801-3341d5814353#0
org.apache.ratis.protocol.GroupMismatchException: 318b4bc4-2a6a-4055-b801-3341d5814353: group-FFCD4D7C2DEB not found.
	at org.apache.ratis.server.impl.RaftServerProxy$ImplMap.get(RaftServerProxy.java:122)
	at org.apache.ratis.server.impl.RaftServerProxy.getImplFuture(RaftServerProxy.java:269)
	at org.apache.ratis.server.impl.RaftServerProxy.getImpl(RaftServerProxy.java:278)
	at org.apache.ratis.server.impl.RaftServerProxy.getImpl(RaftServerProxy.java:273)
	at org.apache.ratis.server.impl.RaftServerProxy.requestVote(RaftServerProxy.java:443)
	at org.apache.ratis.grpc.server.GrpcServerProtocolService.requestVote(GrpcServerProtocolService.java:142)
	at org.apache.ratis.proto.grpc.RaftServerProtocolServiceGrpc$MethodHandlers.invoke(RaftServerProtocolServiceGrpc.java:319)
	at org.apache.ratis.thirdparty.io.grpc.stub.ServerCalls$UnaryServerCallHandler$UnaryServerCallListener.onHalfClose(ServerCalls.java:171)
	at org.apache.ratis.thirdparty.io.grpc.internal.ServerCallImpl$ServerStreamListenerImpl.halfClosed(ServerCallImpl.java:283)
	at org.apache.ratis.thirdparty.io.grpc.internal.ServerImpl$JumpToApplicationThreadServerStreamListener$1HalfClosed.runInContext(ServerImpl.java:710)
	at org.apache.ratis.thirdparty.io.grpc.internal.ContextRunnable.run(ContextRunnable.java:37)
	at org.apache.ratis.thirdparty.io.grpc.internal.SerializingExecutor.run(SerializingExecutor.java:123)
	at java.util.concurrent.ThreadPoolExecutor.runWorker(ThreadPoolExecutor.java:1149)
	at java.util.concurrent.ThreadPoolExecutor$Worker.run(ThreadPoolExecutor.java:624)
	at java.lang.Thread.run(Thread.java:748)
2019-11-13 13:02:43,716 [grpc-default-executor-5] WARN  server.GrpcServerProtocolService (LogUtils.java:warn(136)) - 3d7387af-ecb5-4c7d-b20b-5fe48849adda: Failed requestVote 1a33519a-3def-4d79-b3e5-c4d8286dc86e->3d7387af-ecb5-4c7d-b20b-5fe48849adda#0
org.apache.ratis.protocol.GroupMismatchException: 3d7387af-ecb5-4c7d-b20b-5fe48849adda: group-FFCD4D7C2DEB not found.
	at org.apache.ratis.server.impl.RaftServerProxy$ImplMap.get(RaftServerProxy.java:122)
	at org.apache.ratis.server.impl.RaftServerProxy.getImplFuture(RaftServerProxy.java:269)
	at org.apache.ratis.server.impl.RaftServerProxy.getImpl(RaftServerProxy.java:278)
	at org.apache.ratis.server.impl.RaftServerProxy.getImpl(RaftServerProxy.java:273)
	at org.apache.ratis.server.impl.RaftServerProxy.requestVote(RaftServerProxy.java:443)
	at org.apache.ratis.grpc.server.GrpcServerProtocolService.requestVote(GrpcServerProtocolService.java:142)
	at org.apache.ratis.proto.grpc.RaftServerProtocolServiceGrpc$MethodHandlers.invoke(RaftServerProtocolServiceGrpc.java:319)
	at org.apache.ratis.thirdparty.io.grpc.stub.ServerCalls$UnaryServerCallHandler$UnaryServerCallListener.onHalfClose(ServerCalls.java:171)
	at org.apache.ratis.thirdparty.io.grpc.internal.ServerCallImpl$ServerStreamListenerImpl.halfClosed(ServerCallImpl.java:283)
	at org.apache.ratis.thirdparty.io.grpc.internal.ServerImpl$JumpToApplicationThreadServerStreamListener$1HalfClosed.runInContext(ServerImpl.java:710)
	at org.apache.ratis.thirdparty.io.grpc.internal.ContextRunnable.run(ContextRunnable.java:37)
	at org.apache.ratis.thirdparty.io.grpc.internal.SerializingExecutor.run(SerializingExecutor.java:123)
	at java.util.concurrent.ThreadPoolExecutor.runWorker(ThreadPoolExecutor.java:1149)
	at java.util.concurrent.ThreadPoolExecutor$Worker.run(ThreadPoolExecutor.java:624)
	at java.lang.Thread.run(Thread.java:748)
2019-11-13 13:02:43,719 [1a33519a-3def-4d79-b3e5-c4d8286dc86e@group-FFCD4D7C2DEB-LeaderElection238] INFO  impl.LeaderElection (LogUtils.java:infoOrTrace(149)) - 1a33519a-3def-4d79-b3e5-c4d8286dc86e@group-FFCD4D7C2DEB-LeaderElection238 got exception when requesting votes: {}
java.util.concurrent.ExecutionException: org.apache.ratis.thirdparty.io.grpc.StatusRuntimeException: INTERNAL: 318b4bc4-2a6a-4055-b801-3341d5814353: group-FFCD4D7C2DEB not found.
	at java.util.concurrent.FutureTask.report(FutureTask.java:122)
	at java.util.concurrent.FutureTask.get(FutureTask.java:192)
	at org.apache.ratis.server.impl.LeaderElection.waitForResults(LeaderElection.java:259)
	at org.apache.ratis.server.impl.LeaderElection.askForVotes(LeaderElection.java:197)
	at org.apache.ratis.server.impl.LeaderElection.run(LeaderElection.java:133)
	at java.lang.Thread.run(Thread.java:748)
Caused by: org.apache.ratis.thirdparty.io.grpc.StatusRuntimeException: INTERNAL: 318b4bc4-2a6a-4055-b801-3341d5814353: group-FFCD4D7C2DEB not found.
	at org.apache.ratis.thirdparty.io.grpc.stub.ClientCalls.toStatusRuntimeException(ClientCalls.java:233)
	at org.apache.ratis.thirdparty.io.grpc.stub.ClientCalls.getUnchecked(ClientCalls.java:214)
	at org.apache.ratis.thirdparty.io.grpc.stub.ClientCalls.blockingUnaryCall(ClientCalls.java:139)
	at org.apache.ratis.proto.grpc.RaftServerProtocolServiceGrpc$RaftServerProtocolServiceBlockingStub.requestVote(RaftServerProtocolServiceGrpc.java:265)
	at org.apache.ratis.grpc.server.GrpcServerProtocolClient.requestVote(GrpcServerProtocolClient.java:99)
	at org.apache.ratis.grpc.server.GrpcService.requestVote(GrpcService.java:204)
	at org.apache.ratis.server.impl.LeaderElection.lambda$submitRequests$1(LeaderElection.java:234)
	at java.util.concurrent.FutureTask.run(FutureTask.java:266)
	at java.util.concurrent.Executors$RunnableAdapter.call(Executors.java:511)
	at java.util.concurrent.FutureTask.run(FutureTask.java:266)
	at java.util.concurrent.ThreadPoolExecutor.runWorker(ThreadPoolExecutor.java:1149)
	at java.util.concurrent.ThreadPoolExecutor$Worker.run(ThreadPoolExecutor.java:624)
	... 1 more
2019-11-13 13:02:43,720 [1a33519a-3def-4d79-b3e5-c4d8286dc86e@group-FFCD4D7C2DEB-LeaderElection238] INFO  impl.LeaderElection (LogUtils.java:infoOrTrace(149)) - 1a33519a-3def-4d79-b3e5-c4d8286dc86e@group-FFCD4D7C2DEB-LeaderElection238 got exception when requesting votes: {}
java.util.concurrent.ExecutionException: org.apache.ratis.thirdparty.io.grpc.StatusRuntimeException: INTERNAL: 3d7387af-ecb5-4c7d-b20b-5fe48849adda: group-FFCD4D7C2DEB not found.
	at java.util.concurrent.FutureTask.report(FutureTask.java:122)
	at java.util.concurrent.FutureTask.get(FutureTask.java:192)
	at org.apache.ratis.server.impl.LeaderElection.waitForResults(LeaderElection.java:259)
	at org.apache.ratis.server.impl.LeaderElection.askForVotes(LeaderElection.java:197)
	at org.apache.ratis.server.impl.LeaderElection.run(LeaderElection.java:133)
	at java.lang.Thread.run(Thread.java:748)
Caused by: org.apache.ratis.thirdparty.io.grpc.StatusRuntimeException: INTERNAL: 3d7387af-ecb5-4c7d-b20b-5fe48849adda: group-FFCD4D7C2DEB not found.
	at org.apache.ratis.thirdparty.io.grpc.stub.ClientCalls.toStatusRuntimeException(ClientCalls.java:233)
	at org.apache.ratis.thirdparty.io.grpc.stub.ClientCalls.getUnchecked(ClientCalls.java:214)
	at org.apache.ratis.thirdparty.io.grpc.stub.ClientCalls.blockingUnaryCall(ClientCalls.java:139)
	at org.apache.ratis.proto.grpc.RaftServerProtocolServiceGrpc$RaftServerProtocolServiceBlockingStub.requestVote(RaftServerProtocolServiceGrpc.java:265)
	at org.apache.ratis.grpc.server.GrpcServerProtocolClient.requestVote(GrpcServerProtocolClient.java:99)
	at org.apache.ratis.grpc.server.GrpcService.requestVote(GrpcService.java:204)
	at org.apache.ratis.server.impl.LeaderElection.lambda$submitRequests$1(LeaderElection.java:234)
	at java.util.concurrent.FutureTask.run(FutureTask.java:266)
	at java.util.concurrent.Executors$RunnableAdapter.call(Executors.java:511)
	at java.util.concurrent.FutureTask.run(FutureTask.java:266)
	at java.util.concurrent.ThreadPoolExecutor.runWorker(ThreadPoolExecutor.java:1149)
	at java.util.concurrent.ThreadPoolExecutor$Worker.run(ThreadPoolExecutor.java:624)
	... 1 more
2019-11-13 13:02:43,720 [1a33519a-3def-4d79-b3e5-c4d8286dc86e@group-FFCD4D7C2DEB-LeaderElection238] INFO  impl.LeaderElection (LeaderElection.java:logAndReturn(56)) - 1a33519a-3def-4d79-b3e5-c4d8286dc86e@group-FFCD4D7C2DEB-LeaderElection238: Election REJECTED; received 0 response(s) [] and 2 exception(s); 1a33519a-3def-4d79-b3e5-c4d8286dc86e@group-FFCD4D7C2DEB:t4, leader=null, voted=1a33519a-3def-4d79-b3e5-c4d8286dc86e, raftlog=1a33519a-3def-4d79-b3e5-c4d8286dc86e@group-FFCD4D7C2DEB-SegmentedRaftLog:OPENED:c-1,f-1,i0, conf=-1: [1a33519a-3def-4d79-b3e5-c4d8286dc86e:192.168.157.200:40699, 3d7387af-ecb5-4c7d-b20b-5fe48849adda:192.168.157.200:37245, 318b4bc4-2a6a-4055-b801-3341d5814353:192.168.157.200:34345], old=null
2019-11-13 13:02:43,720 [1a33519a-3def-4d79-b3e5-c4d8286dc86e@group-FFCD4D7C2DEB-LeaderElection238] INFO  impl.LeaderElection (LogUtils.java:infoOrTrace(149)) -   Exception 0: {}
java.util.concurrent.ExecutionException: org.apache.ratis.thirdparty.io.grpc.StatusRuntimeException: INTERNAL: 318b4bc4-2a6a-4055-b801-3341d5814353: group-FFCD4D7C2DEB not found.
	at java.util.concurrent.FutureTask.report(FutureTask.java:122)
	at java.util.concurrent.FutureTask.get(FutureTask.java:192)
	at org.apache.ratis.server.impl.LeaderElection.waitForResults(LeaderElection.java:259)
	at org.apache.ratis.server.impl.LeaderElection.askForVotes(LeaderElection.java:197)
	at org.apache.ratis.server.impl.LeaderElection.run(LeaderElection.java:133)
	at java.lang.Thread.run(Thread.java:748)
Caused by: org.apache.ratis.thirdparty.io.grpc.StatusRuntimeException: INTERNAL: 318b4bc4-2a6a-4055-b801-3341d5814353: group-FFCD4D7C2DEB not found.
	at org.apache.ratis.thirdparty.io.grpc.stub.ClientCalls.toStatusRuntimeException(ClientCalls.java:233)
	at org.apache.ratis.thirdparty.io.grpc.stub.ClientCalls.getUnchecked(ClientCalls.java:214)
	at org.apache.ratis.thirdparty.io.grpc.stub.ClientCalls.blockingUnaryCall(ClientCalls.java:139)
	at org.apache.ratis.proto.grpc.RaftServerProtocolServiceGrpc$RaftServerProtocolServiceBlockingStub.requestVote(RaftServerProtocolServiceGrpc.java:265)
	at org.apache.ratis.grpc.server.GrpcServerProtocolClient.requestVote(GrpcServerProtocolClient.java:99)
	at org.apache.ratis.grpc.server.GrpcService.requestVote(GrpcService.java:204)
	at org.apache.ratis.server.impl.LeaderElection.lambda$submitRequests$1(LeaderElection.java:234)
	at java.util.concurrent.FutureTask.run(FutureTask.java:266)
	at java.util.concurrent.Executors$RunnableAdapter.call(Executors.java:511)
	at java.util.concurrent.FutureTask.run(FutureTask.java:266)
	at java.util.concurrent.ThreadPoolExecutor.runWorker(ThreadPoolExecutor.java:1149)
	at java.util.concurrent.ThreadPoolExecutor$Worker.run(ThreadPoolExecutor.java:624)
	... 1 more
2019-11-13 13:02:43,721 [1a33519a-3def-4d79-b3e5-c4d8286dc86e@group-FFCD4D7C2DEB-LeaderElection238] INFO  impl.LeaderElection (LogUtils.java:infoOrTrace(149)) -   Exception 1: {}
java.util.concurrent.ExecutionException: org.apache.ratis.thirdparty.io.grpc.StatusRuntimeException: INTERNAL: 3d7387af-ecb5-4c7d-b20b-5fe48849adda: group-FFCD4D7C2DEB not found.
	at java.util.concurrent.FutureTask.report(FutureTask.java:122)
	at java.util.concurrent.FutureTask.get(FutureTask.java:192)
	at org.apache.ratis.server.impl.LeaderElection.waitForResults(LeaderElection.java:259)
	at org.apache.ratis.server.impl.LeaderElection.askForVotes(LeaderElection.java:197)
	at org.apache.ratis.server.impl.LeaderElection.run(LeaderElection.java:133)
	at java.lang.Thread.run(Thread.java:748)
Caused by: org.apache.ratis.thirdparty.io.grpc.StatusRuntimeException: INTERNAL: 3d7387af-ecb5-4c7d-b20b-5fe48849adda: group-FFCD4D7C2DEB not found.
	at org.apache.ratis.thirdparty.io.grpc.stub.ClientCalls.toStatusRuntimeException(ClientCalls.java:233)
	at org.apache.ratis.thirdparty.io.grpc.stub.ClientCalls.getUnchecked(ClientCalls.java:214)
	at org.apache.ratis.thirdparty.io.grpc.stub.ClientCalls.blockingUnaryCall(ClientCalls.java:139)
	at org.apache.ratis.proto.grpc.RaftServerProtocolServiceGrpc$RaftServerProtocolServiceBlockingStub.requestVote(RaftServerProtocolServiceGrpc.java:265)
	at org.apache.ratis.grpc.server.GrpcServerProtocolClient.requestVote(GrpcServerProtocolClient.java:99)
	at org.apache.ratis.grpc.server.GrpcService.requestVote(GrpcService.java:204)
	at org.apache.ratis.server.impl.LeaderElection.lambda$submitRequests$1(LeaderElection.java:234)
	at java.util.concurrent.FutureTask.run(FutureTask.java:266)
	at java.util.concurrent.Executors$RunnableAdapter.call(Executors.java:511)
	at java.util.concurrent.FutureTask.run(FutureTask.java:266)
	at java.util.concurrent.ThreadPoolExecutor.runWorker(ThreadPoolExecutor.java:1149)
	at java.util.concurrent.ThreadPoolExecutor$Worker.run(ThreadPoolExecutor.java:624)
	... 1 more
2019-11-13 13:02:43,721 [1a33519a-3def-4d79-b3e5-c4d8286dc86e@group-FFCD4D7C2DEB-LeaderElection238] INFO  impl.RaftServerImpl (RaftServerImpl.java:setRole(173)) - 1a33519a-3def-4d79-b3e5-c4d8286dc86e@group-FFCD4D7C2DEB: changes role from CANDIDATE to FOLLOWER at term 4 for DISCOVERED_A_NEW_TERM
2019-11-13 13:02:43,721 [1a33519a-3def-4d79-b3e5-c4d8286dc86e@group-FFCD4D7C2DEB-LeaderElection238] INFO  impl.RoleInfo (RoleInfo.java:shutdownLeaderElection(134)) - 1a33519a-3def-4d79-b3e5-c4d8286dc86e: shutdown LeaderElection
2019-11-13 13:02:43,721 [1a33519a-3def-4d79-b3e5-c4d8286dc86e@group-FFCD4D7C2DEB-LeaderElection238] INFO  impl.RoleInfo (RoleInfo.java:updateAndGet(143)) - 1a33519a-3def-4d79-b3e5-c4d8286dc86e: start FollowerState
2019-11-13 13:02:44,837 [Thread-4400] INFO  impl.FollowerState (FollowerState.java:run(111)) - 1a33519a-3def-4d79-b3e5-c4d8286dc86e@group-FFCD4D7C2DEB-FollowerState: change to CANDIDATE, lastRpcTime:1115ms, electionTimeout:1115ms
2019-11-13 13:02:44,837 [Thread-4400] INFO  impl.RoleInfo (RoleInfo.java:shutdownFollowerState(121)) - 1a33519a-3def-4d79-b3e5-c4d8286dc86e: shutdown FollowerState
2019-11-13 13:02:44,837 [Thread-4400] INFO  impl.RaftServerImpl (RaftServerImpl.java:setRole(173)) - 1a33519a-3def-4d79-b3e5-c4d8286dc86e@group-FFCD4D7C2DEB: changes role from  FOLLOWER to CANDIDATE at term 4 for changeToCandidate
2019-11-13 13:02:44,837 [Thread-4400] INFO  impl.RoleInfo (RoleInfo.java:updateAndGet(143)) - 1a33519a-3def-4d79-b3e5-c4d8286dc86e: start LeaderElection
2019-11-13 13:02:44,877 [1a33519a-3def-4d79-b3e5-c4d8286dc86e@group-FFCD4D7C2DEB-LeaderElection239] INFO  impl.LeaderElection (LeaderElection.java:askForVotes(178)) - 1a33519a-3def-4d79-b3e5-c4d8286dc86e@group-FFCD4D7C2DEB-LeaderElection239: begin an election at term 5 for -1: [1a33519a-3def-4d79-b3e5-c4d8286dc86e:192.168.157.200:40699, 3d7387af-ecb5-4c7d-b20b-5fe48849adda:192.168.157.200:37245, 318b4bc4-2a6a-4055-b801-3341d5814353:192.168.157.200:34345], old=null
2019-11-13 13:02:44,884 [grpc-default-executor-11] WARN  server.GrpcServerProtocolService (LogUtils.java:warn(136)) - 318b4bc4-2a6a-4055-b801-3341d5814353: Failed requestVote 1a33519a-3def-4d79-b3e5-c4d8286dc86e->318b4bc4-2a6a-4055-b801-3341d5814353#0
org.apache.ratis.protocol.GroupMismatchException: 318b4bc4-2a6a-4055-b801-3341d5814353: group-FFCD4D7C2DEB not found.
	at org.apache.ratis.server.impl.RaftServerProxy$ImplMap.get(RaftServerProxy.java:122)
	at org.apache.ratis.server.impl.RaftServerProxy.getImplFuture(RaftServerProxy.java:269)
	at org.apache.ratis.server.impl.RaftServerProxy.getImpl(RaftServerProxy.java:278)
	at org.apache.ratis.server.impl.RaftServerProxy.getImpl(RaftServerProxy.java:273)
	at org.apache.ratis.server.impl.RaftServerProxy.requestVote(RaftServerProxy.java:443)
	at org.apache.ratis.grpc.server.GrpcServerProtocolService.requestVote(GrpcServerProtocolService.java:142)
	at org.apache.ratis.proto.grpc.RaftServerProtocolServiceGrpc$MethodHandlers.invoke(RaftServerProtocolServiceGrpc.java:319)
	at org.apache.ratis.thirdparty.io.grpc.stub.ServerCalls$UnaryServerCallHandler$UnaryServerCallListener.onHalfClose(ServerCalls.java:171)
	at org.apache.ratis.thirdparty.io.grpc.internal.ServerCallImpl$ServerStreamListenerImpl.halfClosed(ServerCallImpl.java:283)
	at org.apache.ratis.thirdparty.io.grpc.internal.ServerImpl$JumpToApplicationThreadServerStreamListener$1HalfClosed.runInContext(ServerImpl.java:710)
	at org.apache.ratis.thirdparty.io.grpc.internal.ContextRunnable.run(ContextRunnable.java:37)
	at org.apache.ratis.thirdparty.io.grpc.internal.SerializingExecutor.run(SerializingExecutor.java:123)
	at java.util.concurrent.ThreadPoolExecutor.runWorker(ThreadPoolExecutor.java:1149)
	at java.util.concurrent.ThreadPoolExecutor$Worker.run(ThreadPoolExecutor.java:624)
	at java.lang.Thread.run(Thread.java:748)
2019-11-13 13:02:44,885 [grpc-default-executor-5] WARN  server.GrpcServerProtocolService (LogUtils.java:warn(136)) - 3d7387af-ecb5-4c7d-b20b-5fe48849adda: Failed requestVote 1a33519a-3def-4d79-b3e5-c4d8286dc86e->3d7387af-ecb5-4c7d-b20b-5fe48849adda#0
org.apache.ratis.protocol.GroupMismatchException: 3d7387af-ecb5-4c7d-b20b-5fe48849adda: group-FFCD4D7C2DEB not found.
	at org.apache.ratis.server.impl.RaftServerProxy$ImplMap.get(RaftServerProxy.java:122)
	at org.apache.ratis.server.impl.RaftServerProxy.getImplFuture(RaftServerProxy.java:269)
	at org.apache.ratis.server.impl.RaftServerProxy.getImpl(RaftServerProxy.java:278)
	at org.apache.ratis.server.impl.RaftServerProxy.getImpl(RaftServerProxy.java:273)
	at org.apache.ratis.server.impl.RaftServerProxy.requestVote(RaftServerProxy.java:443)
	at org.apache.ratis.grpc.server.GrpcServerProtocolService.requestVote(GrpcServerProtocolService.java:142)
	at org.apache.ratis.proto.grpc.RaftServerProtocolServiceGrpc$MethodHandlers.invoke(RaftServerProtocolServiceGrpc.java:319)
	at org.apache.ratis.thirdparty.io.grpc.stub.ServerCalls$UnaryServerCallHandler$UnaryServerCallListener.onHalfClose(ServerCalls.java:171)
	at org.apache.ratis.thirdparty.io.grpc.internal.ServerCallImpl$ServerStreamListenerImpl.halfClosed(ServerCallImpl.java:283)
	at org.apache.ratis.thirdparty.io.grpc.internal.ServerImpl$JumpToApplicationThreadServerStreamListener$1HalfClosed.runInContext(ServerImpl.java:710)
	at org.apache.ratis.thirdparty.io.grpc.internal.ContextRunnable.run(ContextRunnable.java:37)
	at org.apache.ratis.thirdparty.io.grpc.internal.SerializingExecutor.run(SerializingExecutor.java:123)
	at java.util.concurrent.ThreadPoolExecutor.runWorker(ThreadPoolExecutor.java:1149)
	at java.util.concurrent.ThreadPoolExecutor$Worker.run(ThreadPoolExecutor.java:624)
	at java.lang.Thread.run(Thread.java:748)
2019-11-13 13:02:44,887 [1a33519a-3def-4d79-b3e5-c4d8286dc86e@group-FFCD4D7C2DEB-LeaderElection239] INFO  impl.LeaderElection (LogUtils.java:infoOrTrace(149)) - 1a33519a-3def-4d79-b3e5-c4d8286dc86e@group-FFCD4D7C2DEB-LeaderElection239 got exception when requesting votes: {}
java.util.concurrent.ExecutionException: org.apache.ratis.thirdparty.io.grpc.StatusRuntimeException: INTERNAL: 318b4bc4-2a6a-4055-b801-3341d5814353: group-FFCD4D7C2DEB not found.
	at java.util.concurrent.FutureTask.report(FutureTask.java:122)
	at java.util.concurrent.FutureTask.get(FutureTask.java:192)
	at org.apache.ratis.server.impl.LeaderElection.waitForResults(LeaderElection.java:259)
	at org.apache.ratis.server.impl.LeaderElection.askForVotes(LeaderElection.java:197)
	at org.apache.ratis.server.impl.LeaderElection.run(LeaderElection.java:133)
	at java.lang.Thread.run(Thread.java:748)
Caused by: org.apache.ratis.thirdparty.io.grpc.StatusRuntimeException: INTERNAL: 318b4bc4-2a6a-4055-b801-3341d5814353: group-FFCD4D7C2DEB not found.
	at org.apache.ratis.thirdparty.io.grpc.stub.ClientCalls.toStatusRuntimeException(ClientCalls.java:233)
	at org.apache.ratis.thirdparty.io.grpc.stub.ClientCalls.getUnchecked(ClientCalls.java:214)
	at org.apache.ratis.thirdparty.io.grpc.stub.ClientCalls.blockingUnaryCall(ClientCalls.java:139)
	at org.apache.ratis.proto.grpc.RaftServerProtocolServiceGrpc$RaftServerProtocolServiceBlockingStub.requestVote(RaftServerProtocolServiceGrpc.java:265)
	at org.apache.ratis.grpc.server.GrpcServerProtocolClient.requestVote(GrpcServerProtocolClient.java:99)
	at org.apache.ratis.grpc.server.GrpcService.requestVote(GrpcService.java:204)
	at org.apache.ratis.server.impl.LeaderElection.lambda$submitRequests$1(LeaderElection.java:234)
	at java.util.concurrent.FutureTask.run(FutureTask.java:266)
	at java.util.concurrent.Executors$RunnableAdapter.call(Executors.java:511)
	at java.util.concurrent.FutureTask.run(FutureTask.java:266)
	at java.util.concurrent.ThreadPoolExecutor.runWorker(ThreadPoolExecutor.java:1149)
	at java.util.concurrent.ThreadPoolExecutor$Worker.run(ThreadPoolExecutor.java:624)
	... 1 more
2019-11-13 13:02:44,888 [1a33519a-3def-4d79-b3e5-c4d8286dc86e@group-FFCD4D7C2DEB-LeaderElection239] INFO  impl.LeaderElection (LogUtils.java:infoOrTrace(149)) - 1a33519a-3def-4d79-b3e5-c4d8286dc86e@group-FFCD4D7C2DEB-LeaderElection239 got exception when requesting votes: {}
java.util.concurrent.ExecutionException: org.apache.ratis.thirdparty.io.grpc.StatusRuntimeException: INTERNAL: 3d7387af-ecb5-4c7d-b20b-5fe48849adda: group-FFCD4D7C2DEB not found.
	at java.util.concurrent.FutureTask.report(FutureTask.java:122)
	at java.util.concurrent.FutureTask.get(FutureTask.java:192)
	at org.apache.ratis.server.impl.LeaderElection.waitForResults(LeaderElection.java:259)
	at org.apache.ratis.server.impl.LeaderElection.askForVotes(LeaderElection.java:197)
	at org.apache.ratis.server.impl.LeaderElection.run(LeaderElection.java:133)
	at java.lang.Thread.run(Thread.java:748)
Caused by: org.apache.ratis.thirdparty.io.grpc.StatusRuntimeException: INTERNAL: 3d7387af-ecb5-4c7d-b20b-5fe48849adda: group-FFCD4D7C2DEB not found.
	at org.apache.ratis.thirdparty.io.grpc.stub.ClientCalls.toStatusRuntimeException(ClientCalls.java:233)
	at org.apache.ratis.thirdparty.io.grpc.stub.ClientCalls.getUnchecked(ClientCalls.java:214)
	at org.apache.ratis.thirdparty.io.grpc.stub.ClientCalls.blockingUnaryCall(ClientCalls.java:139)
	at org.apache.ratis.proto.grpc.RaftServerProtocolServiceGrpc$RaftServerProtocolServiceBlockingStub.requestVote(RaftServerProtocolServiceGrpc.java:265)
	at org.apache.ratis.grpc.server.GrpcServerProtocolClient.requestVote(GrpcServerProtocolClient.java:99)
	at org.apache.ratis.grpc.server.GrpcService.requestVote(GrpcService.java:204)
	at org.apache.ratis.server.impl.LeaderElection.lambda$submitRequests$1(LeaderElection.java:234)
	at java.util.concurrent.FutureTask.run(FutureTask.java:266)
	at java.util.concurrent.Executors$RunnableAdapter.call(Executors.java:511)
	at java.util.concurrent.FutureTask.run(FutureTask.java:266)
	at java.util.concurrent.ThreadPoolExecutor.runWorker(ThreadPoolExecutor.java:1149)
	at java.util.concurrent.ThreadPoolExecutor$Worker.run(ThreadPoolExecutor.java:624)
	... 1 more
2019-11-13 13:02:44,888 [1a33519a-3def-4d79-b3e5-c4d8286dc86e@group-FFCD4D7C2DEB-LeaderElection239] INFO  impl.LeaderElection (LeaderElection.java:logAndReturn(56)) - 1a33519a-3def-4d79-b3e5-c4d8286dc86e@group-FFCD4D7C2DEB-LeaderElection239: Election REJECTED; received 0 response(s) [] and 2 exception(s); 1a33519a-3def-4d79-b3e5-c4d8286dc86e@group-FFCD4D7C2DEB:t5, leader=null, voted=1a33519a-3def-4d79-b3e5-c4d8286dc86e, raftlog=1a33519a-3def-4d79-b3e5-c4d8286dc86e@group-FFCD4D7C2DEB-SegmentedRaftLog:OPENED:c-1,f-1,i0, conf=-1: [1a33519a-3def-4d79-b3e5-c4d8286dc86e:192.168.157.200:40699, 3d7387af-ecb5-4c7d-b20b-5fe48849adda:192.168.157.200:37245, 318b4bc4-2a6a-4055-b801-3341d5814353:192.168.157.200:34345], old=null
2019-11-13 13:02:44,888 [1a33519a-3def-4d79-b3e5-c4d8286dc86e@group-FFCD4D7C2DEB-LeaderElection239] INFO  impl.LeaderElection (LogUtils.java:infoOrTrace(149)) -   Exception 0: {}
java.util.concurrent.ExecutionException: org.apache.ratis.thirdparty.io.grpc.StatusRuntimeException: INTERNAL: 318b4bc4-2a6a-4055-b801-3341d5814353: group-FFCD4D7C2DEB not found.
	at java.util.concurrent.FutureTask.report(FutureTask.java:122)
	at java.util.concurrent.FutureTask.get(FutureTask.java:192)
	at org.apache.ratis.server.impl.LeaderElection.waitForResults(LeaderElection.java:259)
	at org.apache.ratis.server.impl.LeaderElection.askForVotes(LeaderElection.java:197)
	at org.apache.ratis.server.impl.LeaderElection.run(LeaderElection.java:133)
	at java.lang.Thread.run(Thread.java:748)
Caused by: org.apache.ratis.thirdparty.io.grpc.StatusRuntimeException: INTERNAL: 318b4bc4-2a6a-4055-b801-3341d5814353: group-FFCD4D7C2DEB not found.
	at org.apache.ratis.thirdparty.io.grpc.stub.ClientCalls.toStatusRuntimeException(ClientCalls.java:233)
	at org.apache.ratis.thirdparty.io.grpc.stub.ClientCalls.getUnchecked(ClientCalls.java:214)
	at org.apache.ratis.thirdparty.io.grpc.stub.ClientCalls.blockingUnaryCall(ClientCalls.java:139)
	at org.apache.ratis.proto.grpc.RaftServerProtocolServiceGrpc$RaftServerProtocolServiceBlockingStub.requestVote(RaftServerProtocolServiceGrpc.java:265)
	at org.apache.ratis.grpc.server.GrpcServerProtocolClient.requestVote(GrpcServerProtocolClient.java:99)
	at org.apache.ratis.grpc.server.GrpcService.requestVote(GrpcService.java:204)
	at org.apache.ratis.server.impl.LeaderElection.lambda$submitRequests$1(LeaderElection.java:234)
	at java.util.concurrent.FutureTask.run(FutureTask.java:266)
	at java.util.concurrent.Executors$RunnableAdapter.call(Executors.java:511)
	at java.util.concurrent.FutureTask.run(FutureTask.java:266)
	at java.util.concurrent.ThreadPoolExecutor.runWorker(ThreadPoolExecutor.java:1149)
	at java.util.concurrent.ThreadPoolExecutor$Worker.run(ThreadPoolExecutor.java:624)
	... 1 more
2019-11-13 13:02:44,888 [1a33519a-3def-4d79-b3e5-c4d8286dc86e@group-FFCD4D7C2DEB-LeaderElection239] INFO  impl.LeaderElection (LogUtils.java:infoOrTrace(149)) -   Exception 1: {}
java.util.concurrent.ExecutionException: org.apache.ratis.thirdparty.io.grpc.StatusRuntimeException: INTERNAL: 3d7387af-ecb5-4c7d-b20b-5fe48849adda: group-FFCD4D7C2DEB not found.
	at java.util.concurrent.FutureTask.report(FutureTask.java:122)
	at java.util.concurrent.FutureTask.get(FutureTask.java:192)
	at org.apache.ratis.server.impl.LeaderElection.waitForResults(LeaderElection.java:259)
	at org.apache.ratis.server.impl.LeaderElection.askForVotes(LeaderElection.java:197)
	at org.apache.ratis.server.impl.LeaderElection.run(LeaderElection.java:133)
	at java.lang.Thread.run(Thread.java:748)
Caused by: org.apache.ratis.thirdparty.io.grpc.StatusRuntimeException: INTERNAL: 3d7387af-ecb5-4c7d-b20b-5fe48849adda: group-FFCD4D7C2DEB not found.
	at org.apache.ratis.thirdparty.io.grpc.stub.ClientCalls.toStatusRuntimeException(ClientCalls.java:233)
	at org.apache.ratis.thirdparty.io.grpc.stub.ClientCalls.getUnchecked(ClientCalls.java:214)
	at org.apache.ratis.thirdparty.io.grpc.stub.ClientCalls.blockingUnaryCall(ClientCalls.java:139)
	at org.apache.ratis.proto.grpc.RaftServerProtocolServiceGrpc$RaftServerProtocolServiceBlockingStub.requestVote(RaftServerProtocolServiceGrpc.java:265)
	at org.apache.ratis.grpc.server.GrpcServerProtocolClient.requestVote(GrpcServerProtocolClient.java:99)
	at org.apache.ratis.grpc.server.GrpcService.requestVote(GrpcService.java:204)
	at org.apache.ratis.server.impl.LeaderElection.lambda$submitRequests$1(LeaderElection.java:234)
	at java.util.concurrent.FutureTask.run(FutureTask.java:266)
	at java.util.concurrent.Executors$RunnableAdapter.call(Executors.java:511)
	at java.util.concurrent.FutureTask.run(FutureTask.java:266)
	at java.util.concurrent.ThreadPoolExecutor.runWorker(ThreadPoolExecutor.java:1149)
	at java.util.concurrent.ThreadPoolExecutor$Worker.run(ThreadPoolExecutor.java:624)
	... 1 more
2019-11-13 13:02:44,889 [1a33519a-3def-4d79-b3e5-c4d8286dc86e@group-FFCD4D7C2DEB-LeaderElection239] INFO  impl.RaftServerImpl (RaftServerImpl.java:setRole(173)) - 1a33519a-3def-4d79-b3e5-c4d8286dc86e@group-FFCD4D7C2DEB: changes role from CANDIDATE to FOLLOWER at term 5 for DISCOVERED_A_NEW_TERM
2019-11-13 13:02:44,889 [1a33519a-3def-4d79-b3e5-c4d8286dc86e@group-FFCD4D7C2DEB-LeaderElection239] INFO  impl.RoleInfo (RoleInfo.java:shutdownLeaderElection(134)) - 1a33519a-3def-4d79-b3e5-c4d8286dc86e: shutdown LeaderElection
2019-11-13 13:02:44,889 [1a33519a-3def-4d79-b3e5-c4d8286dc86e@group-FFCD4D7C2DEB-LeaderElection239] INFO  impl.RoleInfo (RoleInfo.java:updateAndGet(143)) - 1a33519a-3def-4d79-b3e5-c4d8286dc86e: start FollowerState
2019-11-13 13:02:45,830 [main] INFO  ozoneimpl.OzoneContainer (OzoneContainer.java:stop(244)) - Attempting to stop container services.
2019-11-13 13:02:45,830 [ForkJoinPool.commonPool-worker-0] INFO  ozoneimpl.OzoneContainer (OzoneContainer.java:stop(244)) - Attempting to stop container services.
2019-11-13 13:02:45,832 [main] INFO  impl.RaftServerProxy (RaftServerProxy.java:lambda$close$4(314)) - 7ba291c4-9ee0-417b-844f-44a16c4ba9e2: close
2019-11-13 13:02:45,832 [ForkJoinPool.commonPool-worker-0] INFO  impl.RaftServerProxy (RaftServerProxy.java:lambda$close$4(314)) - 8ff9d20a-2236-45f0-8596-c8d53407e80c: close
2019-11-13 13:02:45,832 [main] INFO  impl.RaftServerImpl (RaftServerImpl.java:lambda$shutdown$3(250)) - 7ba291c4-9ee0-417b-844f-44a16c4ba9e2@group-2F0879C8D117: shutdown
2019-11-13 13:02:45,832 [ForkJoinPool.commonPool-worker-0] INFO  impl.RaftServerImpl (RaftServerImpl.java:lambda$shutdown$3(250)) - 8ff9d20a-2236-45f0-8596-c8d53407e80c@group-54469DDDDEFE: shutdown
2019-11-13 13:02:45,832 [main] INFO  util.JmxRegister (JmxRegister.java:unregister(73)) - Successfully un-registered JMX Bean with object name Ratis:service=RaftServer,group=group-2F0879C8D117,id=7ba291c4-9ee0-417b-844f-44a16c4ba9e2
2019-11-13 13:02:45,833 [ForkJoinPool.commonPool-worker-0] INFO  util.JmxRegister (JmxRegister.java:unregister(73)) - Successfully un-registered JMX Bean with object name Ratis:service=RaftServer,group=group-54469DDDDEFE,id=8ff9d20a-2236-45f0-8596-c8d53407e80c
2019-11-13 13:02:45,833 [main] INFO  impl.RoleInfo (RoleInfo.java:shutdownLeaderState(104)) - 7ba291c4-9ee0-417b-844f-44a16c4ba9e2: shutdown LeaderState
2019-11-13 13:02:45,833 [ForkJoinPool.commonPool-worker-0] INFO  impl.RoleInfo (RoleInfo.java:shutdownLeaderState(104)) - 8ff9d20a-2236-45f0-8596-c8d53407e80c: shutdown LeaderState
2019-11-13 13:02:45,833 [main] INFO  impl.PendingRequests (PendingRequests.java:sendNotLeaderResponses(206)) - 7ba291c4-9ee0-417b-844f-44a16c4ba9e2@group-2F0879C8D117-PendingRequests: sendNotLeaderResponses
2019-11-13 13:02:45,834 [ForkJoinPool.commonPool-worker-0] INFO  impl.PendingRequests (PendingRequests.java:sendNotLeaderResponses(206)) - 8ff9d20a-2236-45f0-8596-c8d53407e80c@group-54469DDDDEFE-PendingRequests: sendNotLeaderResponses
2019-11-13 13:02:45,834 [main] INFO  impl.StateMachineUpdater (StateMachineUpdater.java:stopAndJoin(136)) - 7ba291c4-9ee0-417b-844f-44a16c4ba9e2@group-2F0879C8D117-StateMachineUpdater: set stopIndex = 0
2019-11-13 13:02:45,834 [ForkJoinPool.commonPool-worker-0] INFO  impl.StateMachineUpdater (StateMachineUpdater.java:stopAndJoin(136)) - 8ff9d20a-2236-45f0-8596-c8d53407e80c@group-54469DDDDEFE-StateMachineUpdater: set stopIndex = 0
2019-11-13 13:02:45,835 [main] INFO  impl.RaftServerImpl (ServerState.java:close(387)) - 7ba291c4-9ee0-417b-844f-44a16c4ba9e2@group-2F0879C8D117: closes. applyIndex: 0
2019-11-13 13:02:45,835 [ForkJoinPool.commonPool-worker-0] INFO  impl.RaftServerImpl (ServerState.java:close(387)) - 8ff9d20a-2236-45f0-8596-c8d53407e80c@group-54469DDDDEFE: closes. applyIndex: 0
2019-11-13 13:02:45,835 [7ba291c4-9ee0-417b-844f-44a16c4ba9e2@group-2F0879C8D117-SegmentedRaftLogWorker] INFO  segmented.SegmentedRaftLogWorker (SegmentedRaftLogWorker.java:run(316)) - 7ba291c4-9ee0-417b-844f-44a16c4ba9e2@group-2F0879C8D117-SegmentedRaftLogWorker was interrupted, exiting. There are 0 tasks remaining in the queue.
2019-11-13 13:02:45,835 [8ff9d20a-2236-45f0-8596-c8d53407e80c@group-54469DDDDEFE-SegmentedRaftLogWorker] INFO  segmented.SegmentedRaftLogWorker (SegmentedRaftLogWorker.java:run(316)) - 8ff9d20a-2236-45f0-8596-c8d53407e80c@group-54469DDDDEFE-SegmentedRaftLogWorker was interrupted, exiting. There are 0 tasks remaining in the queue.
2019-11-13 13:02:45,836 [main] INFO  segmented.SegmentedRaftLogWorker (SegmentedRaftLogWorker.java:close(224)) - 7ba291c4-9ee0-417b-844f-44a16c4ba9e2@group-2F0879C8D117-SegmentedRaftLogWorker close()
2019-11-13 13:02:45,836 [ForkJoinPool.commonPool-worker-0] INFO  segmented.SegmentedRaftLogWorker (SegmentedRaftLogWorker.java:close(224)) - 8ff9d20a-2236-45f0-8596-c8d53407e80c@group-54469DDDDEFE-SegmentedRaftLogWorker close()
2019-11-13 13:02:45,836 [main] INFO  impl.RaftServerImpl (RaftServerImpl.java:lambda$shutdown$3(250)) - 7ba291c4-9ee0-417b-844f-44a16c4ba9e2@group-28BF1C14A3EE: shutdown
2019-11-13 13:02:45,836 [ForkJoinPool.commonPool-worker-0] INFO  impl.RaftServerImpl (RaftServerImpl.java:lambda$shutdown$3(250)) - 8ff9d20a-2236-45f0-8596-c8d53407e80c@group-28BF1C14A3EE: shutdown
2019-11-13 13:02:45,836 [main] INFO  util.JmxRegister (JmxRegister.java:unregister(73)) - Successfully un-registered JMX Bean with object name Ratis:service=RaftServer,group=group-28BF1C14A3EE,id=7ba291c4-9ee0-417b-844f-44a16c4ba9e2
2019-11-13 13:02:45,837 [main] INFO  impl.RoleInfo (RoleInfo.java:shutdownLeaderState(104)) - 7ba291c4-9ee0-417b-844f-44a16c4ba9e2: shutdown LeaderState
2019-11-13 13:02:45,837 [ForkJoinPool.commonPool-worker-0] INFO  util.JmxRegister (JmxRegister.java:unregister(73)) - Successfully un-registered JMX Bean with object name Ratis:service=RaftServer,group=group-28BF1C14A3EE,id=8ff9d20a-2236-45f0-8596-c8d53407e80c
2019-11-13 13:02:45,843 [org.apache.ratis.server.impl.LogAppender$AppenderDaemon$$Lambda$482/251411839@282b7cd6] WARN  server.GrpcLogAppender (GrpcLogAppender.java:mayWait(151)) - 7ba291c4-9ee0-417b-844f-44a16c4ba9e2@group-28BF1C14A3EE->8ff9d20a-2236-45f0-8596-c8d53407e80c-GrpcLogAppender: Wait interrupted by java.lang.InterruptedException
2019-11-13 13:02:45,843 [org.apache.ratis.server.impl.LogAppender$AppenderDaemon$$Lambda$482/251411839@6d29f7b7] WARN  server.GrpcLogAppender (GrpcLogAppender.java:mayWait(151)) - 7ba291c4-9ee0-417b-844f-44a16c4ba9e2@group-28BF1C14A3EE->971d177f-fbc5-4c3a-b100-2607610d94ec-GrpcLogAppender: Wait interrupted by java.lang.InterruptedException
2019-11-13 13:02:45,843 [main] INFO  impl.PendingRequests (PendingRequests.java:sendNotLeaderResponses(206)) - 7ba291c4-9ee0-417b-844f-44a16c4ba9e2@group-28BF1C14A3EE-PendingRequests: sendNotLeaderResponses
2019-11-13 13:02:45,843 [grpc-default-executor-11] INFO  server.GrpcServerProtocolService (GrpcServerProtocolService.java:onCompleted(113)) - 971d177f-fbc5-4c3a-b100-2607610d94ec: Completed APPEND_ENTRIES, lastRequest: 7ba291c4-9ee0-417b-844f-44a16c4ba9e2->971d177f-fbc5-4c3a-b100-2607610d94ec#10-t2, previous=(t:2, i:0), leaderCommit=0, initializing? false, entries: <empty>
2019-11-13 13:02:45,843 [grpc-default-executor-5] INFO  server.GrpcServerProtocolService (GrpcServerProtocolService.java:onCompleted(113)) - 8ff9d20a-2236-45f0-8596-c8d53407e80c: Completed APPEND_ENTRIES, lastRequest: 7ba291c4-9ee0-417b-844f-44a16c4ba9e2->8ff9d20a-2236-45f0-8596-c8d53407e80c#10-t2, previous=(t:2, i:0), leaderCommit=0, initializing? false, entries: <empty>
2019-11-13 13:02:45,843 [ForkJoinPool.commonPool-worker-0] INFO  impl.RoleInfo (RoleInfo.java:shutdownFollowerState(121)) - 8ff9d20a-2236-45f0-8596-c8d53407e80c: shutdown FollowerState
2019-11-13 13:02:45,844 [grpc-default-executor-5] INFO  server.GrpcLogAppender (GrpcLogAppender.java:onCompleted(308)) - 7ba291c4-9ee0-417b-844f-44a16c4ba9e2@group-28BF1C14A3EE->971d177f-fbc5-4c3a-b100-2607610d94ec-AppendLogResponseHandler: follower responses appendEntries COMPLETED
2019-11-13 13:02:45,844 [main] INFO  impl.StateMachineUpdater (StateMachineUpdater.java:stopAndJoin(136)) - 7ba291c4-9ee0-417b-844f-44a16c4ba9e2@group-28BF1C14A3EE-StateMachineUpdater: set stopIndex = 0
2019-11-13 13:02:45,845 [main] INFO  impl.RaftServerImpl (ServerState.java:close(387)) - 7ba291c4-9ee0-417b-844f-44a16c4ba9e2@group-28BF1C14A3EE: closes. applyIndex: 0
2019-11-13 13:02:45,844 [Thread-4356] INFO  impl.FollowerState (FollowerState.java:run(120)) - 8ff9d20a-2236-45f0-8596-c8d53407e80c@group-28BF1C14A3EE-FollowerState was interrupted: java.lang.InterruptedException: sleep interrupted
2019-11-13 13:02:45,844 [grpc-default-executor-11] INFO  server.GrpcLogAppender (GrpcLogAppender.java:onCompleted(308)) - 7ba291c4-9ee0-417b-844f-44a16c4ba9e2@group-28BF1C14A3EE->8ff9d20a-2236-45f0-8596-c8d53407e80c-AppendLogResponseHandler: follower responses appendEntries COMPLETED
2019-11-13 13:02:45,844 [ForkJoinPool.commonPool-worker-0] INFO  impl.StateMachineUpdater (StateMachineUpdater.java:stopAndJoin(136)) - 8ff9d20a-2236-45f0-8596-c8d53407e80c@group-28BF1C14A3EE-StateMachineUpdater: set stopIndex = 0
2019-11-13 13:02:45,845 [7ba291c4-9ee0-417b-844f-44a16c4ba9e2@group-28BF1C14A3EE-SegmentedRaftLogWorker] INFO  segmented.SegmentedRaftLogWorker (SegmentedRaftLogWorker.java:run(316)) - 7ba291c4-9ee0-417b-844f-44a16c4ba9e2@group-28BF1C14A3EE-SegmentedRaftLogWorker was interrupted, exiting. There are 0 tasks remaining in the queue.
2019-11-13 13:02:45,845 [grpc-default-executor-5] INFO  impl.FollowerInfo (FollowerInfo.java:lambda$new$0(51)) - 7ba291c4-9ee0-417b-844f-44a16c4ba9e2@group-28BF1C14A3EE->971d177f-fbc5-4c3a-b100-2607610d94ec: nextIndex: updateUnconditionally 1 -> 0
2019-11-13 13:02:45,846 [grpc-default-executor-11] INFO  impl.FollowerInfo (FollowerInfo.java:lambda$new$0(51)) - 7ba291c4-9ee0-417b-844f-44a16c4ba9e2@group-28BF1C14A3EE->8ff9d20a-2236-45f0-8596-c8d53407e80c: nextIndex: updateUnconditionally 1 -> 0
2019-11-13 13:02:45,846 [ForkJoinPool.commonPool-worker-0] INFO  impl.RaftServerImpl (ServerState.java:close(387)) - 8ff9d20a-2236-45f0-8596-c8d53407e80c@group-28BF1C14A3EE: closes. applyIndex: 0
2019-11-13 13:02:45,846 [main] INFO  segmented.SegmentedRaftLogWorker (SegmentedRaftLogWorker.java:close(224)) - 7ba291c4-9ee0-417b-844f-44a16c4ba9e2@group-28BF1C14A3EE-SegmentedRaftLogWorker close()
2019-11-13 13:02:45,847 [8ff9d20a-2236-45f0-8596-c8d53407e80c@group-28BF1C14A3EE-SegmentedRaftLogWorker] INFO  segmented.SegmentedRaftLogWorker (SegmentedRaftLogWorker.java:run(316)) - 8ff9d20a-2236-45f0-8596-c8d53407e80c@group-28BF1C14A3EE-SegmentedRaftLogWorker was interrupted, exiting. There are 0 tasks remaining in the queue.
2019-11-13 13:02:45,847 [main] INFO  server.GrpcService (GrpcService.java:closeImpl(164)) - 7ba291c4-9ee0-417b-844f-44a16c4ba9e2: shutdown server with port 33359 now
2019-11-13 13:02:45,847 [ForkJoinPool.commonPool-worker-0] INFO  segmented.SegmentedRaftLogWorker (SegmentedRaftLogWorker.java:close(224)) - 8ff9d20a-2236-45f0-8596-c8d53407e80c@group-28BF1C14A3EE-SegmentedRaftLogWorker close()
2019-11-13 13:02:45,848 [ForkJoinPool.commonPool-worker-0] INFO  server.GrpcService (GrpcService.java:closeImpl(164)) - 8ff9d20a-2236-45f0-8596-c8d53407e80c: shutdown server with port 39500 now
2019-11-13 13:02:45,848 [main] INFO  server.GrpcService (GrpcService.java:closeImpl(172)) - 7ba291c4-9ee0-417b-844f-44a16c4ba9e2: shutdown server with port 33359 successfully
2019-11-13 13:02:45,849 [ForkJoinPool.commonPool-worker-0] INFO  server.GrpcService (GrpcService.java:closeImpl(172)) - 8ff9d20a-2236-45f0-8596-c8d53407e80c: shutdown server with port 39500 successfully
2019-11-13 13:02:45,852 [refreshUsed-/workdir/hadoop-ozone/integration-test/target/test-dir/MiniOzoneClusterImpl-90e8aeb1-2975-47c6-9bba-faf27de7fb8c/datanode-2/data/containers] WARN  fs.CachingGetSpaceUsed (CachingGetSpaceUsed.java:run(183)) - Thread Interrupted waiting to refresh disk information: sleep interrupted
2019-11-13 13:02:45,853 [refreshUsed-/workdir/hadoop-ozone/integration-test/target/test-dir/MiniOzoneClusterImpl-90e8aeb1-2975-47c6-9bba-faf27de7fb8c/datanode-5/data/containers] WARN  fs.CachingGetSpaceUsed (CachingGetSpaceUsed.java:run(183)) - Thread Interrupted waiting to refresh disk information: sleep interrupted
2019-11-13 13:02:45,879 [ForkJoinPool.commonPool-worker-0] INFO  utils.BackgroundService (BackgroundService.java:shutdown(151)) - Shutting down service BlockDeletingService
2019-11-13 13:02:45,886 [ForkJoinPool.commonPool-worker-0] INFO  statemachine.DatanodeStateMachine (DatanodeStateMachine.java:stopDaemon(395)) - Ozone container server stopped.
2019-11-13 13:02:45,891 [ForkJoinPool.commonPool-worker-0] INFO  handler.ContextHandler (ContextHandler.java:doStop(910)) - Stopped o.e.j.w.WebAppContext@191ec193{/,null,UNAVAILABLE}{/hddsDatanode}
2019-11-13 13:02:45,892 [ForkJoinPool.commonPool-worker-0] INFO  server.AbstractConnector (AbstractConnector.java:doStop(318)) - Stopped ServerConnector@6321a5aa{HTTP/1.1,[http/1.1]}{0.0.0.0:0}
2019-11-13 13:02:45,894 [ForkJoinPool.commonPool-worker-0] INFO  handler.ContextHandler (ContextHandler.java:doStop(910)) - Stopped o.e.j.s.ServletContextHandler@9408857{/static,jar:file:/home/user/.m2/repository/org/apache/hadoop/hadoop-hdds-container-service/0.5.0-SNAPSHOT/hadoop-hdds-container-service-0.5.0-SNAPSHOT.jar!/webapps/static,UNAVAILABLE}
2019-11-13 13:02:45,894 [main] INFO  utils.BackgroundService (BackgroundService.java:shutdown(151)) - Shutting down service BlockDeletingService
2019-11-13 13:02:45,895 [ForkJoinPool.commonPool-worker-0] INFO  handler.ContextHandler (ContextHandler.java:doStop(910)) - Stopped o.e.j.s.ServletContextHandler@646d810b{/logs,file:///workdir/hadoop-ozone/integration-test/target/log,UNAVAILABLE}
2019-11-13 13:02:45,913 [main] INFO  statemachine.DatanodeStateMachine (DatanodeStateMachine.java:stopDaemon(395)) - Ozone container server stopped.
2019-11-13 13:02:45,915 [main] INFO  handler.ContextHandler (ContextHandler.java:doStop(910)) - Stopped o.e.j.w.WebAppContext@5bf4764d{/,null,UNAVAILABLE}{/hddsDatanode}
2019-11-13 13:02:45,915 [main] INFO  server.AbstractConnector (AbstractConnector.java:doStop(318)) - Stopped ServerConnector@71789580{HTTP/1.1,[http/1.1]}{0.0.0.0:0}
2019-11-13 13:02:45,916 [main] INFO  handler.ContextHandler (ContextHandler.java:doStop(910)) - Stopped o.e.j.s.ServletContextHandler@684ce74c{/static,jar:file:/home/user/.m2/repository/org/apache/hadoop/hadoop-hdds-container-service/0.5.0-SNAPSHOT/hadoop-hdds-container-service-0.5.0-SNAPSHOT.jar!/webapps/static,UNAVAILABLE}
2019-11-13 13:02:45,916 [main] INFO  handler.ContextHandler (ContextHandler.java:doStop(910)) - Stopped o.e.j.s.ServletContextHandler@79be91eb{/logs,file:///workdir/hadoop-ozone/integration-test/target/log,UNAVAILABLE}
2019-11-13 13:02:45,916 [Thread-4418] INFO  impl.FollowerState (FollowerState.java:run(111)) - 1a33519a-3def-4d79-b3e5-c4d8286dc86e@group-FFCD4D7C2DEB-FollowerState: change to CANDIDATE, lastRpcTime:1027ms, electionTimeout:1027ms
2019-11-13 13:02:45,917 [Thread-4418] INFO  impl.RoleInfo (RoleInfo.java:shutdownFollowerState(121)) - 1a33519a-3def-4d79-b3e5-c4d8286dc86e: shutdown FollowerState
2019-11-13 13:02:45,917 [Thread-4418] INFO  impl.RaftServerImpl (RaftServerImpl.java:setRole(173)) - 1a33519a-3def-4d79-b3e5-c4d8286dc86e@group-FFCD4D7C2DEB: changes role from  FOLLOWER to CANDIDATE at term 5 for changeToCandidate
2019-11-13 13:02:45,917 [Thread-4418] INFO  impl.RoleInfo (RoleInfo.java:updateAndGet(143)) - 1a33519a-3def-4d79-b3e5-c4d8286dc86e: start LeaderElection
2019-11-13 13:02:45,983 [1a33519a-3def-4d79-b3e5-c4d8286dc86e@group-FFCD4D7C2DEB-LeaderElection240] INFO  impl.LeaderElection (LeaderElection.java:askForVotes(178)) - 1a33519a-3def-4d79-b3e5-c4d8286dc86e@group-FFCD4D7C2DEB-LeaderElection240: begin an election at term 6 for -1: [1a33519a-3def-4d79-b3e5-c4d8286dc86e:192.168.157.200:40699, 3d7387af-ecb5-4c7d-b20b-5fe48849adda:192.168.157.200:37245, 318b4bc4-2a6a-4055-b801-3341d5814353:192.168.157.200:34345], old=null
2019-11-13 13:02:45,984 [grpc-default-executor-11] WARN  server.GrpcServerProtocolService (LogUtils.java:warn(136)) - 3d7387af-ecb5-4c7d-b20b-5fe48849adda: Failed requestVote 1a33519a-3def-4d79-b3e5-c4d8286dc86e->3d7387af-ecb5-4c7d-b20b-5fe48849adda#0
org.apache.ratis.protocol.GroupMismatchException: 3d7387af-ecb5-4c7d-b20b-5fe48849adda: group-FFCD4D7C2DEB not found.
	at org.apache.ratis.server.impl.RaftServerProxy$ImplMap.get(RaftServerProxy.java:122)
	at org.apache.ratis.server.impl.RaftServerProxy.getImplFuture(RaftServerProxy.java:269)
	at org.apache.ratis.server.impl.RaftServerProxy.getImpl(RaftServerProxy.java:278)
	at org.apache.ratis.server.impl.RaftServerProxy.getImpl(RaftServerProxy.java:273)
	at org.apache.ratis.server.impl.RaftServerProxy.requestVote(RaftServerProxy.java:443)
	at org.apache.ratis.grpc.server.GrpcServerProtocolService.requestVote(GrpcServerProtocolService.java:142)
	at org.apache.ratis.proto.grpc.RaftServerProtocolServiceGrpc$MethodHandlers.invoke(RaftServerProtocolServiceGrpc.java:319)
	at org.apache.ratis.thirdparty.io.grpc.stub.ServerCalls$UnaryServerCallHandler$UnaryServerCallListener.onHalfClose(ServerCalls.java:171)
	at org.apache.ratis.thirdparty.io.grpc.internal.ServerCallImpl$ServerStreamListenerImpl.halfClosed(ServerCallImpl.java:283)
	at org.apache.ratis.thirdparty.io.grpc.internal.ServerImpl$JumpToApplicationThreadServerStreamListener$1HalfClosed.runInContext(ServerImpl.java:710)
	at org.apache.ratis.thirdparty.io.grpc.internal.ContextRunnable.run(ContextRunnable.java:37)
	at org.apache.ratis.thirdparty.io.grpc.internal.SerializingExecutor.run(SerializingExecutor.java:123)
	at java.util.concurrent.ThreadPoolExecutor.runWorker(ThreadPoolExecutor.java:1149)
	at java.util.concurrent.ThreadPoolExecutor$Worker.run(ThreadPoolExecutor.java:624)
	at java.lang.Thread.run(Thread.java:748)
2019-11-13 13:02:45,984 [grpc-default-executor-2] WARN  server.GrpcServerProtocolService (LogUtils.java:warn(136)) - 318b4bc4-2a6a-4055-b801-3341d5814353: Failed requestVote 1a33519a-3def-4d79-b3e5-c4d8286dc86e->318b4bc4-2a6a-4055-b801-3341d5814353#0
org.apache.ratis.protocol.GroupMismatchException: 318b4bc4-2a6a-4055-b801-3341d5814353: group-FFCD4D7C2DEB not found.
	at org.apache.ratis.server.impl.RaftServerProxy$ImplMap.get(RaftServerProxy.java:122)
	at org.apache.ratis.server.impl.RaftServerProxy.getImplFuture(RaftServerProxy.java:269)
	at org.apache.ratis.server.impl.RaftServerProxy.getImpl(RaftServerProxy.java:278)
	at org.apache.ratis.server.impl.RaftServerProxy.getImpl(RaftServerProxy.java:273)
	at org.apache.ratis.server.impl.RaftServerProxy.requestVote(RaftServerProxy.java:443)
	at org.apache.ratis.grpc.server.GrpcServerProtocolService.requestVote(GrpcServerProtocolService.java:142)
	at org.apache.ratis.proto.grpc.RaftServerProtocolServiceGrpc$MethodHandlers.invoke(RaftServerProtocolServiceGrpc.java:319)
	at org.apache.ratis.thirdparty.io.grpc.stub.ServerCalls$UnaryServerCallHandler$UnaryServerCallListener.onHalfClose(ServerCalls.java:171)
	at org.apache.ratis.thirdparty.io.grpc.internal.ServerCallImpl$ServerStreamListenerImpl.halfClosed(ServerCallImpl.java:283)
	at org.apache.ratis.thirdparty.io.grpc.internal.ServerImpl$JumpToApplicationThreadServerStreamListener$1HalfClosed.runInContext(ServerImpl.java:710)
	at org.apache.ratis.thirdparty.io.grpc.internal.ContextRunnable.run(ContextRunnable.java:37)
	at org.apache.ratis.thirdparty.io.grpc.internal.SerializingExecutor.run(SerializingExecutor.java:123)
	at java.util.concurrent.ThreadPoolExecutor.runWorker(ThreadPoolExecutor.java:1149)
	at java.util.concurrent.ThreadPoolExecutor$Worker.run(ThreadPoolExecutor.java:624)
	at java.lang.Thread.run(Thread.java:748)
2019-11-13 13:02:45,987 [1a33519a-3def-4d79-b3e5-c4d8286dc86e@group-FFCD4D7C2DEB-LeaderElection240] INFO  impl.LeaderElection (LogUtils.java:infoOrTrace(149)) - 1a33519a-3def-4d79-b3e5-c4d8286dc86e@group-FFCD4D7C2DEB-LeaderElection240 got exception when requesting votes: {}
java.util.concurrent.ExecutionException: org.apache.ratis.thirdparty.io.grpc.StatusRuntimeException: INTERNAL: 318b4bc4-2a6a-4055-b801-3341d5814353: group-FFCD4D7C2DEB not found.
	at java.util.concurrent.FutureTask.report(FutureTask.java:122)
	at java.util.concurrent.FutureTask.get(FutureTask.java:192)
	at org.apache.ratis.server.impl.LeaderElection.waitForResults(LeaderElection.java:259)
	at org.apache.ratis.server.impl.LeaderElection.askForVotes(LeaderElection.java:197)
	at org.apache.ratis.server.impl.LeaderElection.run(LeaderElection.java:133)
	at java.lang.Thread.run(Thread.java:748)
Caused by: org.apache.ratis.thirdparty.io.grpc.StatusRuntimeException: INTERNAL: 318b4bc4-2a6a-4055-b801-3341d5814353: group-FFCD4D7C2DEB not found.
	at org.apache.ratis.thirdparty.io.grpc.stub.ClientCalls.toStatusRuntimeException(ClientCalls.java:233)
	at org.apache.ratis.thirdparty.io.grpc.stub.ClientCalls.getUnchecked(ClientCalls.java:214)
	at org.apache.ratis.thirdparty.io.grpc.stub.ClientCalls.blockingUnaryCall(ClientCalls.java:139)
	at org.apache.ratis.proto.grpc.RaftServerProtocolServiceGrpc$RaftServerProtocolServiceBlockingStub.requestVote(RaftServerProtocolServiceGrpc.java:265)
	at org.apache.ratis.grpc.server.GrpcServerProtocolClient.requestVote(GrpcServerProtocolClient.java:99)
	at org.apache.ratis.grpc.server.GrpcService.requestVote(GrpcService.java:204)
	at org.apache.ratis.server.impl.LeaderElection.lambda$submitRequests$1(LeaderElection.java:234)
	at java.util.concurrent.FutureTask.run(FutureTask.java:266)
	at java.util.concurrent.Executors$RunnableAdapter.call(Executors.java:511)
	at java.util.concurrent.FutureTask.run(FutureTask.java:266)
	at java.util.concurrent.ThreadPoolExecutor.runWorker(ThreadPoolExecutor.java:1149)
	at java.util.concurrent.ThreadPoolExecutor$Worker.run(ThreadPoolExecutor.java:624)
	... 1 more
2019-11-13 13:02:45,988 [1a33519a-3def-4d79-b3e5-c4d8286dc86e@group-FFCD4D7C2DEB-LeaderElection240] INFO  impl.LeaderElection (LogUtils.java:infoOrTrace(149)) - 1a33519a-3def-4d79-b3e5-c4d8286dc86e@group-FFCD4D7C2DEB-LeaderElection240 got exception when requesting votes: {}
java.util.concurrent.ExecutionException: org.apache.ratis.thirdparty.io.grpc.StatusRuntimeException: INTERNAL: 3d7387af-ecb5-4c7d-b20b-5fe48849adda: group-FFCD4D7C2DEB not found.
	at java.util.concurrent.FutureTask.report(FutureTask.java:122)
	at java.util.concurrent.FutureTask.get(FutureTask.java:192)
	at org.apache.ratis.server.impl.LeaderElection.waitForResults(LeaderElection.java:259)
	at org.apache.ratis.server.impl.LeaderElection.askForVotes(LeaderElection.java:197)
	at org.apache.ratis.server.impl.LeaderElection.run(LeaderElection.java:133)
	at java.lang.Thread.run(Thread.java:748)
Caused by: org.apache.ratis.thirdparty.io.grpc.StatusRuntimeException: INTERNAL: 3d7387af-ecb5-4c7d-b20b-5fe48849adda: group-FFCD4D7C2DEB not found.
	at org.apache.ratis.thirdparty.io.grpc.stub.ClientCalls.toStatusRuntimeException(ClientCalls.java:233)
	at org.apache.ratis.thirdparty.io.grpc.stub.ClientCalls.getUnchecked(ClientCalls.java:214)
	at org.apache.ratis.thirdparty.io.grpc.stub.ClientCalls.blockingUnaryCall(ClientCalls.java:139)
	at org.apache.ratis.proto.grpc.RaftServerProtocolServiceGrpc$RaftServerProtocolServiceBlockingStub.requestVote(RaftServerProtocolServiceGrpc.java:265)
	at org.apache.ratis.grpc.server.GrpcServerProtocolClient.requestVote(GrpcServerProtocolClient.java:99)
	at org.apache.ratis.grpc.server.GrpcService.requestVote(GrpcService.java:204)
	at org.apache.ratis.server.impl.LeaderElection.lambda$submitRequests$1(LeaderElection.java:234)
	at java.util.concurrent.FutureTask.run(FutureTask.java:266)
	at java.util.concurrent.Executors$RunnableAdapter.call(Executors.java:511)
	at java.util.concurrent.FutureTask.run(FutureTask.java:266)
	at java.util.concurrent.ThreadPoolExecutor.runWorker(ThreadPoolExecutor.java:1149)
	at java.util.concurrent.ThreadPoolExecutor$Worker.run(ThreadPoolExecutor.java:624)
	... 1 more
2019-11-13 13:02:45,988 [1a33519a-3def-4d79-b3e5-c4d8286dc86e@group-FFCD4D7C2DEB-LeaderElection240] INFO  impl.LeaderElection (LeaderElection.java:logAndReturn(56)) - 1a33519a-3def-4d79-b3e5-c4d8286dc86e@group-FFCD4D7C2DEB-LeaderElection240: Election REJECTED; received 0 response(s) [] and 2 exception(s); 1a33519a-3def-4d79-b3e5-c4d8286dc86e@group-FFCD4D7C2DEB:t6, leader=null, voted=1a33519a-3def-4d79-b3e5-c4d8286dc86e, raftlog=1a33519a-3def-4d79-b3e5-c4d8286dc86e@group-FFCD4D7C2DEB-SegmentedRaftLog:OPENED:c-1,f-1,i0, conf=-1: [1a33519a-3def-4d79-b3e5-c4d8286dc86e:192.168.157.200:40699, 3d7387af-ecb5-4c7d-b20b-5fe48849adda:192.168.157.200:37245, 318b4bc4-2a6a-4055-b801-3341d5814353:192.168.157.200:34345], old=null
2019-11-13 13:02:45,988 [1a33519a-3def-4d79-b3e5-c4d8286dc86e@group-FFCD4D7C2DEB-LeaderElection240] INFO  impl.LeaderElection (LogUtils.java:infoOrTrace(149)) -   Exception 0: {}
java.util.concurrent.ExecutionException: org.apache.ratis.thirdparty.io.grpc.StatusRuntimeException: INTERNAL: 318b4bc4-2a6a-4055-b801-3341d5814353: group-FFCD4D7C2DEB not found.
	at java.util.concurrent.FutureTask.report(FutureTask.java:122)
	at java.util.concurrent.FutureTask.get(FutureTask.java:192)
	at org.apache.ratis.server.impl.LeaderElection.waitForResults(LeaderElection.java:259)
	at org.apache.ratis.server.impl.LeaderElection.askForVotes(LeaderElection.java:197)
	at org.apache.ratis.server.impl.LeaderElection.run(LeaderElection.java:133)
	at java.lang.Thread.run(Thread.java:748)
Caused by: org.apache.ratis.thirdparty.io.grpc.StatusRuntimeException: INTERNAL: 318b4bc4-2a6a-4055-b801-3341d5814353: group-FFCD4D7C2DEB not found.
	at org.apache.ratis.thirdparty.io.grpc.stub.ClientCalls.toStatusRuntimeException(ClientCalls.java:233)
	at org.apache.ratis.thirdparty.io.grpc.stub.ClientCalls.getUnchecked(ClientCalls.java:214)
	at org.apache.ratis.thirdparty.io.grpc.stub.ClientCalls.blockingUnaryCall(ClientCalls.java:139)
	at org.apache.ratis.proto.grpc.RaftServerProtocolServiceGrpc$RaftServerProtocolServiceBlockingStub.requestVote(RaftServerProtocolServiceGrpc.java:265)
	at org.apache.ratis.grpc.server.GrpcServerProtocolClient.requestVote(GrpcServerProtocolClient.java:99)
	at org.apache.ratis.grpc.server.GrpcService.requestVote(GrpcService.java:204)
	at org.apache.ratis.server.impl.LeaderElection.lambda$submitRequests$1(LeaderElection.java:234)
	at java.util.concurrent.FutureTask.run(FutureTask.java:266)
	at java.util.concurrent.Executors$RunnableAdapter.call(Executors.java:511)
	at java.util.concurrent.FutureTask.run(FutureTask.java:266)
	at java.util.concurrent.ThreadPoolExecutor.runWorker(ThreadPoolExecutor.java:1149)
	at java.util.concurrent.ThreadPoolExecutor$Worker.run(ThreadPoolExecutor.java:624)
	... 1 more
2019-11-13 13:02:45,988 [1a33519a-3def-4d79-b3e5-c4d8286dc86e@group-FFCD4D7C2DEB-LeaderElection240] INFO  impl.LeaderElection (LogUtils.java:infoOrTrace(149)) -   Exception 1: {}
java.util.concurrent.ExecutionException: org.apache.ratis.thirdparty.io.grpc.StatusRuntimeException: INTERNAL: 3d7387af-ecb5-4c7d-b20b-5fe48849adda: group-FFCD4D7C2DEB not found.
	at java.util.concurrent.FutureTask.report(FutureTask.java:122)
	at java.util.concurrent.FutureTask.get(FutureTask.java:192)
	at org.apache.ratis.server.impl.LeaderElection.waitForResults(LeaderElection.java:259)
	at org.apache.ratis.server.impl.LeaderElection.askForVotes(LeaderElection.java:197)
	at org.apache.ratis.server.impl.LeaderElection.run(LeaderElection.java:133)
	at java.lang.Thread.run(Thread.java:748)
Caused by: org.apache.ratis.thirdparty.io.grpc.StatusRuntimeException: INTERNAL: 3d7387af-ecb5-4c7d-b20b-5fe48849adda: group-FFCD4D7C2DEB not found.
	at org.apache.ratis.thirdparty.io.grpc.stub.ClientCalls.toStatusRuntimeException(ClientCalls.java:233)
	at org.apache.ratis.thirdparty.io.grpc.stub.ClientCalls.getUnchecked(ClientCalls.java:214)
	at org.apache.ratis.thirdparty.io.grpc.stub.ClientCalls.blockingUnaryCall(ClientCalls.java:139)
	at org.apache.ratis.proto.grpc.RaftServerProtocolServiceGrpc$RaftServerProtocolServiceBlockingStub.requestVote(RaftServerProtocolServiceGrpc.java:265)
	at org.apache.ratis.grpc.server.GrpcServerProtocolClient.requestVote(GrpcServerProtocolClient.java:99)
	at org.apache.ratis.grpc.server.GrpcService.requestVote(GrpcService.java:204)
	at org.apache.ratis.server.impl.LeaderElection.lambda$submitRequests$1(LeaderElection.java:234)
	at java.util.concurrent.FutureTask.run(FutureTask.java:266)
	at java.util.concurrent.Executors$RunnableAdapter.call(Executors.java:511)
	at java.util.concurrent.FutureTask.run(FutureTask.java:266)
	at java.util.concurrent.ThreadPoolExecutor.runWorker(ThreadPoolExecutor.java:1149)
	at java.util.concurrent.ThreadPoolExecutor$Worker.run(ThreadPoolExecutor.java:624)
	... 1 more
2019-11-13 13:02:45,988 [1a33519a-3def-4d79-b3e5-c4d8286dc86e@group-FFCD4D7C2DEB-LeaderElection240] INFO  impl.RaftServerImpl (RaftServerImpl.java:setRole(173)) - 1a33519a-3def-4d79-b3e5-c4d8286dc86e@group-FFCD4D7C2DEB: changes role from CANDIDATE to FOLLOWER at term 6 for DISCOVERED_A_NEW_TERM
2019-11-13 13:02:45,989 [1a33519a-3def-4d79-b3e5-c4d8286dc86e@group-FFCD4D7C2DEB-LeaderElection240] INFO  impl.RoleInfo (RoleInfo.java:shutdownLeaderElection(134)) - 1a33519a-3def-4d79-b3e5-c4d8286dc86e: shutdown LeaderElection
2019-11-13 13:02:45,989 [1a33519a-3def-4d79-b3e5-c4d8286dc86e@group-FFCD4D7C2DEB-LeaderElection240] INFO  impl.RoleInfo (RoleInfo.java:updateAndGet(143)) - 1a33519a-3def-4d79-b3e5-c4d8286dc86e: start FollowerState
2019-11-13 13:02:46,377 [Datanode State Machine Thread - 0] INFO  statemachine.DatanodeStateMachine (DatanodeStateMachine.java:lambda$startDaemon$0(350)) - Ozone container server started.
2019-11-13 13:02:46,493 [Datanode State Machine Thread - 0] INFO  statemachine.DatanodeStateMachine (DatanodeStateMachine.java:lambda$startDaemon$0(350)) - Ozone container server started.
2019-11-13 13:02:46,990 [Thread-4436] INFO  impl.FollowerState (FollowerState.java:run(111)) - 1a33519a-3def-4d79-b3e5-c4d8286dc86e@group-FFCD4D7C2DEB-FollowerState: change to CANDIDATE, lastRpcTime:1001ms, electionTimeout:1001ms
2019-11-13 13:02:46,991 [Thread-4436] INFO  impl.RoleInfo (RoleInfo.java:shutdownFollowerState(121)) - 1a33519a-3def-4d79-b3e5-c4d8286dc86e: shutdown FollowerState
2019-11-13 13:02:46,991 [Thread-4436] INFO  impl.RaftServerImpl (RaftServerImpl.java:setRole(173)) - 1a33519a-3def-4d79-b3e5-c4d8286dc86e@group-FFCD4D7C2DEB: changes role from  FOLLOWER to CANDIDATE at term 6 for changeToCandidate
2019-11-13 13:02:46,991 [Thread-4436] INFO  impl.RoleInfo (RoleInfo.java:updateAndGet(143)) - 1a33519a-3def-4d79-b3e5-c4d8286dc86e: start LeaderElection
2019-11-13 13:02:47,042 [1a33519a-3def-4d79-b3e5-c4d8286dc86e@group-FFCD4D7C2DEB-LeaderElection241] INFO  impl.LeaderElection (LeaderElection.java:askForVotes(178)) - 1a33519a-3def-4d79-b3e5-c4d8286dc86e@group-FFCD4D7C2DEB-LeaderElection241: begin an election at term 7 for -1: [1a33519a-3def-4d79-b3e5-c4d8286dc86e:192.168.157.200:40699, 3d7387af-ecb5-4c7d-b20b-5fe48849adda:192.168.157.200:37245, 318b4bc4-2a6a-4055-b801-3341d5814353:192.168.157.200:34345], old=null
2019-11-13 13:02:47,044 [grpc-default-executor-11] WARN  server.GrpcServerProtocolService (LogUtils.java:warn(136)) - 3d7387af-ecb5-4c7d-b20b-5fe48849adda: Failed requestVote 1a33519a-3def-4d79-b3e5-c4d8286dc86e->3d7387af-ecb5-4c7d-b20b-5fe48849adda#0
org.apache.ratis.protocol.GroupMismatchException: 3d7387af-ecb5-4c7d-b20b-5fe48849adda: group-FFCD4D7C2DEB not found.
	at org.apache.ratis.server.impl.RaftServerProxy$ImplMap.get(RaftServerProxy.java:122)
	at org.apache.ratis.server.impl.RaftServerProxy.getImplFuture(RaftServerProxy.java:269)
	at org.apache.ratis.server.impl.RaftServerProxy.getImpl(RaftServerProxy.java:278)
	at org.apache.ratis.server.impl.RaftServerProxy.getImpl(RaftServerProxy.java:273)
	at org.apache.ratis.server.impl.RaftServerProxy.requestVote(RaftServerProxy.java:443)
	at org.apache.ratis.grpc.server.GrpcServerProtocolService.requestVote(GrpcServerProtocolService.java:142)
	at org.apache.ratis.proto.grpc.RaftServerProtocolServiceGrpc$MethodHandlers.invoke(RaftServerProtocolServiceGrpc.java:319)
	at org.apache.ratis.thirdparty.io.grpc.stub.ServerCalls$UnaryServerCallHandler$UnaryServerCallListener.onHalfClose(ServerCalls.java:171)
	at org.apache.ratis.thirdparty.io.grpc.internal.ServerCallImpl$ServerStreamListenerImpl.halfClosed(ServerCallImpl.java:283)
	at org.apache.ratis.thirdparty.io.grpc.internal.ServerImpl$JumpToApplicationThreadServerStreamListener$1HalfClosed.runInContext(ServerImpl.java:710)
	at org.apache.ratis.thirdparty.io.grpc.internal.ContextRunnable.run(ContextRunnable.java:37)
	at org.apache.ratis.thirdparty.io.grpc.internal.SerializingExecutor.run(SerializingExecutor.java:123)
	at java.util.concurrent.ThreadPoolExecutor.runWorker(ThreadPoolExecutor.java:1149)
	at java.util.concurrent.ThreadPoolExecutor$Worker.run(ThreadPoolExecutor.java:624)
	at java.lang.Thread.run(Thread.java:748)
2019-11-13 13:02:47,044 [grpc-default-executor-2] WARN  server.GrpcServerProtocolService (LogUtils.java:warn(136)) - 318b4bc4-2a6a-4055-b801-3341d5814353: Failed requestVote 1a33519a-3def-4d79-b3e5-c4d8286dc86e->318b4bc4-2a6a-4055-b801-3341d5814353#0
org.apache.ratis.protocol.GroupMismatchException: 318b4bc4-2a6a-4055-b801-3341d5814353: group-FFCD4D7C2DEB not found.
	at org.apache.ratis.server.impl.RaftServerProxy$ImplMap.get(RaftServerProxy.java:122)
	at org.apache.ratis.server.impl.RaftServerProxy.getImplFuture(RaftServerProxy.java:269)
	at org.apache.ratis.server.impl.RaftServerProxy.getImpl(RaftServerProxy.java:278)
	at org.apache.ratis.server.impl.RaftServerProxy.getImpl(RaftServerProxy.java:273)
	at org.apache.ratis.server.impl.RaftServerProxy.requestVote(RaftServerProxy.java:443)
	at org.apache.ratis.grpc.server.GrpcServerProtocolService.requestVote(GrpcServerProtocolService.java:142)
	at org.apache.ratis.proto.grpc.RaftServerProtocolServiceGrpc$MethodHandlers.invoke(RaftServerProtocolServiceGrpc.java:319)
	at org.apache.ratis.thirdparty.io.grpc.stub.ServerCalls$UnaryServerCallHandler$UnaryServerCallListener.onHalfClose(ServerCalls.java:171)
	at org.apache.ratis.thirdparty.io.grpc.internal.ServerCallImpl$ServerStreamListenerImpl.halfClosed(ServerCallImpl.java:283)
	at org.apache.ratis.thirdparty.io.grpc.internal.ServerImpl$JumpToApplicationThreadServerStreamListener$1HalfClosed.runInContext(ServerImpl.java:710)
	at org.apache.ratis.thirdparty.io.grpc.internal.ContextRunnable.run(ContextRunnable.java:37)
	at org.apache.ratis.thirdparty.io.grpc.internal.SerializingExecutor.run(SerializingExecutor.java:123)
	at java.util.concurrent.ThreadPoolExecutor.runWorker(ThreadPoolExecutor.java:1149)
	at java.util.concurrent.ThreadPoolExecutor$Worker.run(ThreadPoolExecutor.java:624)
	at java.lang.Thread.run(Thread.java:748)
2019-11-13 13:02:47,049 [1a33519a-3def-4d79-b3e5-c4d8286dc86e@group-FFCD4D7C2DEB-LeaderElection241] INFO  impl.LeaderElection (LogUtils.java:infoOrTrace(149)) - 1a33519a-3def-4d79-b3e5-c4d8286dc86e@group-FFCD4D7C2DEB-LeaderElection241 got exception when requesting votes: {}
java.util.concurrent.ExecutionException: org.apache.ratis.thirdparty.io.grpc.StatusRuntimeException: INTERNAL: 3d7387af-ecb5-4c7d-b20b-5fe48849adda: group-FFCD4D7C2DEB not found.
	at java.util.concurrent.FutureTask.report(FutureTask.java:122)
	at java.util.concurrent.FutureTask.get(FutureTask.java:192)
	at org.apache.ratis.server.impl.LeaderElection.waitForResults(LeaderElection.java:259)
	at org.apache.ratis.server.impl.LeaderElection.askForVotes(LeaderElection.java:197)
	at org.apache.ratis.server.impl.LeaderElection.run(LeaderElection.java:133)
	at java.lang.Thread.run(Thread.java:748)
Caused by: org.apache.ratis.thirdparty.io.grpc.StatusRuntimeException: INTERNAL: 3d7387af-ecb5-4c7d-b20b-5fe48849adda: group-FFCD4D7C2DEB not found.
	at org.apache.ratis.thirdparty.io.grpc.stub.ClientCalls.toStatusRuntimeException(ClientCalls.java:233)
	at org.apache.ratis.thirdparty.io.grpc.stub.ClientCalls.getUnchecked(ClientCalls.java:214)
	at org.apache.ratis.thirdparty.io.grpc.stub.ClientCalls.blockingUnaryCall(ClientCalls.java:139)
	at org.apache.ratis.proto.grpc.RaftServerProtocolServiceGrpc$RaftServerProtocolServiceBlockingStub.requestVote(RaftServerProtocolServiceGrpc.java:265)
	at org.apache.ratis.grpc.server.GrpcServerProtocolClient.requestVote(GrpcServerProtocolClient.java:99)
	at org.apache.ratis.grpc.server.GrpcService.requestVote(GrpcService.java:204)
	at org.apache.ratis.server.impl.LeaderElection.lambda$submitRequests$1(LeaderElection.java:234)
	at java.util.concurrent.FutureTask.run(FutureTask.java:266)
	at java.util.concurrent.Executors$RunnableAdapter.call(Executors.java:511)
	at java.util.concurrent.FutureTask.run(FutureTask.java:266)
	at java.util.concurrent.ThreadPoolExecutor.runWorker(ThreadPoolExecutor.java:1149)
	at java.util.concurrent.ThreadPoolExecutor$Worker.run(ThreadPoolExecutor.java:624)
	... 1 more
2019-11-13 13:02:47,049 [1a33519a-3def-4d79-b3e5-c4d8286dc86e@group-FFCD4D7C2DEB-LeaderElection241] INFO  impl.LeaderElection (LogUtils.java:infoOrTrace(149)) - 1a33519a-3def-4d79-b3e5-c4d8286dc86e@group-FFCD4D7C2DEB-LeaderElection241 got exception when requesting votes: {}
java.util.concurrent.ExecutionException: org.apache.ratis.thirdparty.io.grpc.StatusRuntimeException: INTERNAL: 318b4bc4-2a6a-4055-b801-3341d5814353: group-FFCD4D7C2DEB not found.
	at java.util.concurrent.FutureTask.report(FutureTask.java:122)
	at java.util.concurrent.FutureTask.get(FutureTask.java:192)
	at org.apache.ratis.server.impl.LeaderElection.waitForResults(LeaderElection.java:259)
	at org.apache.ratis.server.impl.LeaderElection.askForVotes(LeaderElection.java:197)
	at org.apache.ratis.server.impl.LeaderElection.run(LeaderElection.java:133)
	at java.lang.Thread.run(Thread.java:748)
Caused by: org.apache.ratis.thirdparty.io.grpc.StatusRuntimeException: INTERNAL: 318b4bc4-2a6a-4055-b801-3341d5814353: group-FFCD4D7C2DEB not found.
	at org.apache.ratis.thirdparty.io.grpc.stub.ClientCalls.toStatusRuntimeException(ClientCalls.java:233)
	at org.apache.ratis.thirdparty.io.grpc.stub.ClientCalls.getUnchecked(ClientCalls.java:214)
	at org.apache.ratis.thirdparty.io.grpc.stub.ClientCalls.blockingUnaryCall(ClientCalls.java:139)
	at org.apache.ratis.proto.grpc.RaftServerProtocolServiceGrpc$RaftServerProtocolServiceBlockingStub.requestVote(RaftServerProtocolServiceGrpc.java:265)
	at org.apache.ratis.grpc.server.GrpcServerProtocolClient.requestVote(GrpcServerProtocolClient.java:99)
	at org.apache.ratis.grpc.server.GrpcService.requestVote(GrpcService.java:204)
	at org.apache.ratis.server.impl.LeaderElection.lambda$submitRequests$1(LeaderElection.java:234)
	at java.util.concurrent.FutureTask.run(FutureTask.java:266)
	at java.util.concurrent.Executors$RunnableAdapter.call(Executors.java:511)
	at java.util.concurrent.FutureTask.run(FutureTask.java:266)
	at java.util.concurrent.ThreadPoolExecutor.runWorker(ThreadPoolExecutor.java:1149)
	at java.util.concurrent.ThreadPoolExecutor$Worker.run(ThreadPoolExecutor.java:624)
	... 1 more
2019-11-13 13:02:47,050 [1a33519a-3def-4d79-b3e5-c4d8286dc86e@group-FFCD4D7C2DEB-LeaderElection241] INFO  impl.LeaderElection (LeaderElection.java:logAndReturn(56)) - 1a33519a-3def-4d79-b3e5-c4d8286dc86e@group-FFCD4D7C2DEB-LeaderElection241: Election REJECTED; received 0 response(s) [] and 2 exception(s); 1a33519a-3def-4d79-b3e5-c4d8286dc86e@group-FFCD4D7C2DEB:t7, leader=null, voted=1a33519a-3def-4d79-b3e5-c4d8286dc86e, raftlog=1a33519a-3def-4d79-b3e5-c4d8286dc86e@group-FFCD4D7C2DEB-SegmentedRaftLog:OPENED:c-1,f-1,i0, conf=-1: [1a33519a-3def-4d79-b3e5-c4d8286dc86e:192.168.157.200:40699, 3d7387af-ecb5-4c7d-b20b-5fe48849adda:192.168.157.200:37245, 318b4bc4-2a6a-4055-b801-3341d5814353:192.168.157.200:34345], old=null
2019-11-13 13:02:47,050 [1a33519a-3def-4d79-b3e5-c4d8286dc86e@group-FFCD4D7C2DEB-LeaderElection241] INFO  impl.LeaderElection (LogUtils.java:infoOrTrace(149)) -   Exception 0: {}
java.util.concurrent.ExecutionException: org.apache.ratis.thirdparty.io.grpc.StatusRuntimeException: INTERNAL: 3d7387af-ecb5-4c7d-b20b-5fe48849adda: group-FFCD4D7C2DEB not found.
	at java.util.concurrent.FutureTask.report(FutureTask.java:122)
	at java.util.concurrent.FutureTask.get(FutureTask.java:192)
	at org.apache.ratis.server.impl.LeaderElection.waitForResults(LeaderElection.java:259)
	at org.apache.ratis.server.impl.LeaderElection.askForVotes(LeaderElection.java:197)
	at org.apache.ratis.server.impl.LeaderElection.run(LeaderElection.java:133)
	at java.lang.Thread.run(Thread.java:748)
Caused by: org.apache.ratis.thirdparty.io.grpc.StatusRuntimeException: INTERNAL: 3d7387af-ecb5-4c7d-b20b-5fe48849adda: group-FFCD4D7C2DEB not found.
	at org.apache.ratis.thirdparty.io.grpc.stub.ClientCalls.toStatusRuntimeException(ClientCalls.java:233)
	at org.apache.ratis.thirdparty.io.grpc.stub.ClientCalls.getUnchecked(ClientCalls.java:214)
	at org.apache.ratis.thirdparty.io.grpc.stub.ClientCalls.blockingUnaryCall(ClientCalls.java:139)
	at org.apache.ratis.proto.grpc.RaftServerProtocolServiceGrpc$RaftServerProtocolServiceBlockingStub.requestVote(RaftServerProtocolServiceGrpc.java:265)
	at org.apache.ratis.grpc.server.GrpcServerProtocolClient.requestVote(GrpcServerProtocolClient.java:99)
	at org.apache.ratis.grpc.server.GrpcService.requestVote(GrpcService.java:204)
	at org.apache.ratis.server.impl.LeaderElection.lambda$submitRequests$1(LeaderElection.java:234)
	at java.util.concurrent.FutureTask.run(FutureTask.java:266)
	at java.util.concurrent.Executors$RunnableAdapter.call(Executors.java:511)
	at java.util.concurrent.FutureTask.run(FutureTask.java:266)
	at java.util.concurrent.ThreadPoolExecutor.runWorker(ThreadPoolExecutor.java:1149)
	at java.util.concurrent.ThreadPoolExecutor$Worker.run(ThreadPoolExecutor.java:624)
	... 1 more
2019-11-13 13:02:47,050 [1a33519a-3def-4d79-b3e5-c4d8286dc86e@group-FFCD4D7C2DEB-LeaderElection241] INFO  impl.LeaderElection (LogUtils.java:infoOrTrace(149)) -   Exception 1: {}
java.util.concurrent.ExecutionException: org.apache.ratis.thirdparty.io.grpc.StatusRuntimeException: INTERNAL: 318b4bc4-2a6a-4055-b801-3341d5814353: group-FFCD4D7C2DEB not found.
	at java.util.concurrent.FutureTask.report(FutureTask.java:122)
	at java.util.concurrent.FutureTask.get(FutureTask.java:192)
	at org.apache.ratis.server.impl.LeaderElection.waitForResults(LeaderElection.java:259)
	at org.apache.ratis.server.impl.LeaderElection.askForVotes(LeaderElection.java:197)
	at org.apache.ratis.server.impl.LeaderElection.run(LeaderElection.java:133)
	at java.lang.Thread.run(Thread.java:748)
Caused by: org.apache.ratis.thirdparty.io.grpc.StatusRuntimeException: INTERNAL: 318b4bc4-2a6a-4055-b801-3341d5814353: group-FFCD4D7C2DEB not found.
	at org.apache.ratis.thirdparty.io.grpc.stub.ClientCalls.toStatusRuntimeException(ClientCalls.java:233)
	at org.apache.ratis.thirdparty.io.grpc.stub.ClientCalls.getUnchecked(ClientCalls.java:214)
	at org.apache.ratis.thirdparty.io.grpc.stub.ClientCalls.blockingUnaryCall(ClientCalls.java:139)
	at org.apache.ratis.proto.grpc.RaftServerProtocolServiceGrpc$RaftServerProtocolServiceBlockingStub.requestVote(RaftServerProtocolServiceGrpc.java:265)
	at org.apache.ratis.grpc.server.GrpcServerProtocolClient.requestVote(GrpcServerProtocolClient.java:99)
	at org.apache.ratis.grpc.server.GrpcService.requestVote(GrpcService.java:204)
	at org.apache.ratis.server.impl.LeaderElection.lambda$submitRequests$1(LeaderElection.java:234)
	at java.util.concurrent.FutureTask.run(FutureTask.java:266)
	at java.util.concurrent.Executors$RunnableAdapter.call(Executors.java:511)
	at java.util.concurrent.FutureTask.run(FutureTask.java:266)
	at java.util.concurrent.ThreadPoolExecutor.runWorker(ThreadPoolExecutor.java:1149)
	at java.util.concurrent.ThreadPoolExecutor$Worker.run(ThreadPoolExecutor.java:624)
	... 1 more
2019-11-13 13:02:47,051 [1a33519a-3def-4d79-b3e5-c4d8286dc86e@group-FFCD4D7C2DEB-LeaderElection241] INFO  impl.RaftServerImpl (RaftServerImpl.java:setRole(173)) - 1a33519a-3def-4d79-b3e5-c4d8286dc86e@group-FFCD4D7C2DEB: changes role from CANDIDATE to FOLLOWER at term 7 for DISCOVERED_A_NEW_TERM
2019-11-13 13:02:47,051 [1a33519a-3def-4d79-b3e5-c4d8286dc86e@group-FFCD4D7C2DEB-LeaderElection241] INFO  impl.RoleInfo (RoleInfo.java:shutdownLeaderElection(134)) - 1a33519a-3def-4d79-b3e5-c4d8286dc86e: shutdown LeaderElection
2019-11-13 13:02:47,051 [1a33519a-3def-4d79-b3e5-c4d8286dc86e@group-FFCD4D7C2DEB-LeaderElection241] INFO  impl.RoleInfo (RoleInfo.java:updateAndGet(143)) - 1a33519a-3def-4d79-b3e5-c4d8286dc86e: start FollowerState
2019-11-13 13:02:47,596 [Thread-4357] INFO  impl.FollowerState (FollowerState.java:run(111)) - 971d177f-fbc5-4c3a-b100-2607610d94ec@group-28BF1C14A3EE-FollowerState: change to CANDIDATE, lastRpcTime:1816ms, electionTimeout:1063ms
2019-11-13 13:02:47,596 [Thread-4357] INFO  impl.RoleInfo (RoleInfo.java:shutdownFollowerState(121)) - 971d177f-fbc5-4c3a-b100-2607610d94ec: shutdown FollowerState
2019-11-13 13:02:47,596 [Thread-4357] INFO  impl.RaftServerImpl (RaftServerImpl.java:setRole(173)) - 971d177f-fbc5-4c3a-b100-2607610d94ec@group-28BF1C14A3EE: changes role from  FOLLOWER to CANDIDATE at term 2 for changeToCandidate
2019-11-13 13:02:47,596 [Thread-4357] INFO  impl.RoleInfo (RoleInfo.java:updateAndGet(143)) - 971d177f-fbc5-4c3a-b100-2607610d94ec: start LeaderElection
2019-11-13 13:02:47,597 [971d177f-fbc5-4c3a-b100-2607610d94ec@group-28BF1C14A3EE-LeaderElection242] INFO  impl.RaftServerImpl (ServerState.java:setLeader(255)) - 971d177f-fbc5-4c3a-b100-2607610d94ec@group-28BF1C14A3EE: change Leader from 7ba291c4-9ee0-417b-844f-44a16c4ba9e2 to null at term 2 for initElection
2019-11-13 13:02:47,632 [971d177f-fbc5-4c3a-b100-2607610d94ec@group-28BF1C14A3EE-LeaderElection242] INFO  impl.LeaderElection (LeaderElection.java:askForVotes(178)) - 971d177f-fbc5-4c3a-b100-2607610d94ec@group-28BF1C14A3EE-LeaderElection242: begin an election at term 3 for 0: [8ff9d20a-2236-45f0-8596-c8d53407e80c:192.168.157.200:39500, 7ba291c4-9ee0-417b-844f-44a16c4ba9e2:192.168.157.200:33359, 971d177f-fbc5-4c3a-b100-2607610d94ec:192.168.157.200:33290], old=null
2019-11-13 13:02:47,635 [971d177f-fbc5-4c3a-b100-2607610d94ec@group-28BF1C14A3EE-LeaderElection242] INFO  impl.LeaderElection (LogUtils.java:infoOrTrace(149)) - 971d177f-fbc5-4c3a-b100-2607610d94ec@group-28BF1C14A3EE-LeaderElection242 got exception when requesting votes: {}
java.util.concurrent.ExecutionException: org.apache.ratis.thirdparty.io.grpc.StatusRuntimeException: UNAVAILABLE: io exception
	at java.util.concurrent.FutureTask.report(FutureTask.java:122)
	at java.util.concurrent.FutureTask.get(FutureTask.java:192)
	at org.apache.ratis.server.impl.LeaderElection.waitForResults(LeaderElection.java:259)
	at org.apache.ratis.server.impl.LeaderElection.askForVotes(LeaderElection.java:197)
	at org.apache.ratis.server.impl.LeaderElection.run(LeaderElection.java:133)
	at java.lang.Thread.run(Thread.java:748)
Caused by: org.apache.ratis.thirdparty.io.grpc.StatusRuntimeException: UNAVAILABLE: io exception
	at org.apache.ratis.thirdparty.io.grpc.stub.ClientCalls.toStatusRuntimeException(ClientCalls.java:233)
	at org.apache.ratis.thirdparty.io.grpc.stub.ClientCalls.getUnchecked(ClientCalls.java:214)
	at org.apache.ratis.thirdparty.io.grpc.stub.ClientCalls.blockingUnaryCall(ClientCalls.java:139)
	at org.apache.ratis.proto.grpc.RaftServerProtocolServiceGrpc$RaftServerProtocolServiceBlockingStub.requestVote(RaftServerProtocolServiceGrpc.java:265)
	at org.apache.ratis.grpc.server.GrpcServerProtocolClient.requestVote(GrpcServerProtocolClient.java:99)
	at org.apache.ratis.grpc.server.GrpcService.requestVote(GrpcService.java:204)
	at org.apache.ratis.server.impl.LeaderElection.lambda$submitRequests$1(LeaderElection.java:234)
	at java.util.concurrent.FutureTask.run(FutureTask.java:266)
	at java.util.concurrent.Executors$RunnableAdapter.call(Executors.java:511)
	at java.util.concurrent.FutureTask.run(FutureTask.java:266)
	at java.util.concurrent.ThreadPoolExecutor.runWorker(ThreadPoolExecutor.java:1149)
	at java.util.concurrent.ThreadPoolExecutor$Worker.run(ThreadPoolExecutor.java:624)
	... 1 more
Caused by: org.apache.ratis.thirdparty.io.netty.channel.AbstractChannel$AnnotatedConnectException: Connection refused: /192.168.157.200:39500
	at sun.nio.ch.SocketChannelImpl.checkConnect(Native Method)
	at sun.nio.ch.SocketChannelImpl.finishConnect(SocketChannelImpl.java:717)
	at org.apache.ratis.thirdparty.io.netty.channel.socket.nio.NioSocketChannel.doFinishConnect(NioSocketChannel.java:327)
	at org.apache.ratis.thirdparty.io.netty.channel.nio.AbstractNioChannel$AbstractNioUnsafe.finishConnect(AbstractNioChannel.java:340)
	at org.apache.ratis.thirdparty.io.netty.channel.nio.NioEventLoop.processSelectedKey(NioEventLoop.java:632)
	at org.apache.ratis.thirdparty.io.netty.channel.nio.NioEventLoop.processSelectedKeysOptimized(NioEventLoop.java:579)
	at org.apache.ratis.thirdparty.io.netty.channel.nio.NioEventLoop.processSelectedKeys(NioEventLoop.java:496)
	at org.apache.ratis.thirdparty.io.netty.channel.nio.NioEventLoop.run(NioEventLoop.java:458)
	at org.apache.ratis.thirdparty.io.netty.util.concurrent.SingleThreadEventExecutor$5.run(SingleThreadEventExecutor.java:897)
	at org.apache.ratis.thirdparty.io.netty.util.concurrent.FastThreadLocalRunnable.run(FastThreadLocalRunnable.java:30)
	... 1 more
Caused by: java.net.ConnectException: Connection refused
	... 11 more
2019-11-13 13:02:47,635 [971d177f-fbc5-4c3a-b100-2607610d94ec@group-28BF1C14A3EE-LeaderElection242] INFO  impl.LeaderElection (LogUtils.java:infoOrTrace(149)) - 971d177f-fbc5-4c3a-b100-2607610d94ec@group-28BF1C14A3EE-LeaderElection242 got exception when requesting votes: {}
java.util.concurrent.ExecutionException: org.apache.ratis.thirdparty.io.grpc.StatusRuntimeException: UNAVAILABLE: io exception
	at java.util.concurrent.FutureTask.report(FutureTask.java:122)
	at java.util.concurrent.FutureTask.get(FutureTask.java:192)
	at org.apache.ratis.server.impl.LeaderElection.waitForResults(LeaderElection.java:259)
	at org.apache.ratis.server.impl.LeaderElection.askForVotes(LeaderElection.java:197)
	at org.apache.ratis.server.impl.LeaderElection.run(LeaderElection.java:133)
	at java.lang.Thread.run(Thread.java:748)
Caused by: org.apache.ratis.thirdparty.io.grpc.StatusRuntimeException: UNAVAILABLE: io exception
	at org.apache.ratis.thirdparty.io.grpc.stub.ClientCalls.toStatusRuntimeException(ClientCalls.java:233)
	at org.apache.ratis.thirdparty.io.grpc.stub.ClientCalls.getUnchecked(ClientCalls.java:214)
	at org.apache.ratis.thirdparty.io.grpc.stub.ClientCalls.blockingUnaryCall(ClientCalls.java:139)
	at org.apache.ratis.proto.grpc.RaftServerProtocolServiceGrpc$RaftServerProtocolServiceBlockingStub.requestVote(RaftServerProtocolServiceGrpc.java:265)
	at org.apache.ratis.grpc.server.GrpcServerProtocolClient.requestVote(GrpcServerProtocolClient.java:99)
	at org.apache.ratis.grpc.server.GrpcService.requestVote(GrpcService.java:204)
	at org.apache.ratis.server.impl.LeaderElection.lambda$submitRequests$1(LeaderElection.java:234)
	at java.util.concurrent.FutureTask.run(FutureTask.java:266)
	at java.util.concurrent.Executors$RunnableAdapter.call(Executors.java:511)
	at java.util.concurrent.FutureTask.run(FutureTask.java:266)
	at java.util.concurrent.ThreadPoolExecutor.runWorker(ThreadPoolExecutor.java:1149)
	at java.util.concurrent.ThreadPoolExecutor$Worker.run(ThreadPoolExecutor.java:624)
	... 1 more
Caused by: org.apache.ratis.thirdparty.io.netty.channel.AbstractChannel$AnnotatedConnectException: Connection refused: /192.168.157.200:33359
	at sun.nio.ch.SocketChannelImpl.checkConnect(Native Method)
	at sun.nio.ch.SocketChannelImpl.finishConnect(SocketChannelImpl.java:717)
	at org.apache.ratis.thirdparty.io.netty.channel.socket.nio.NioSocketChannel.doFinishConnect(NioSocketChannel.java:327)
	at org.apache.ratis.thirdparty.io.netty.channel.nio.AbstractNioChannel$AbstractNioUnsafe.finishConnect(AbstractNioChannel.java:340)
	at org.apache.ratis.thirdparty.io.netty.channel.nio.NioEventLoop.processSelectedKey(NioEventLoop.java:632)
	at org.apache.ratis.thirdparty.io.netty.channel.nio.NioEventLoop.processSelectedKeysOptimized(NioEventLoop.java:579)
	at org.apache.ratis.thirdparty.io.netty.channel.nio.NioEventLoop.processSelectedKeys(NioEventLoop.java:496)
	at org.apache.ratis.thirdparty.io.netty.channel.nio.NioEventLoop.run(NioEventLoop.java:458)
	at org.apache.ratis.thirdparty.io.netty.util.concurrent.SingleThreadEventExecutor$5.run(SingleThreadEventExecutor.java:897)
	at org.apache.ratis.thirdparty.io.netty.util.concurrent.FastThreadLocalRunnable.run(FastThreadLocalRunnable.java:30)
	... 1 more
Caused by: java.net.ConnectException: Connection refused
	... 11 more
2019-11-13 13:02:47,636 [971d177f-fbc5-4c3a-b100-2607610d94ec@group-28BF1C14A3EE-LeaderElection242] INFO  impl.LeaderElection (LeaderElection.java:logAndReturn(56)) - 971d177f-fbc5-4c3a-b100-2607610d94ec@group-28BF1C14A3EE-LeaderElection242: Election REJECTED; received 0 response(s) [] and 2 exception(s); 971d177f-fbc5-4c3a-b100-2607610d94ec@group-28BF1C14A3EE:t3, leader=null, voted=971d177f-fbc5-4c3a-b100-2607610d94ec, raftlog=971d177f-fbc5-4c3a-b100-2607610d94ec@group-28BF1C14A3EE-SegmentedRaftLog:OPENED:c0,f0,i0, conf=0: [8ff9d20a-2236-45f0-8596-c8d53407e80c:192.168.157.200:39500, 7ba291c4-9ee0-417b-844f-44a16c4ba9e2:192.168.157.200:33359, 971d177f-fbc5-4c3a-b100-2607610d94ec:192.168.157.200:33290], old=null
2019-11-13 13:02:47,636 [971d177f-fbc5-4c3a-b100-2607610d94ec@group-28BF1C14A3EE-LeaderElection242] INFO  impl.LeaderElection (LogUtils.java:infoOrTrace(149)) -   Exception 0: {}
java.util.concurrent.ExecutionException: org.apache.ratis.thirdparty.io.grpc.StatusRuntimeException: UNAVAILABLE: io exception
	at java.util.concurrent.FutureTask.report(FutureTask.java:122)
	at java.util.concurrent.FutureTask.get(FutureTask.java:192)
	at org.apache.ratis.server.impl.LeaderElection.waitForResults(LeaderElection.java:259)
	at org.apache.ratis.server.impl.LeaderElection.askForVotes(LeaderElection.java:197)
	at org.apache.ratis.server.impl.LeaderElection.run(LeaderElection.java:133)
	at java.lang.Thread.run(Thread.java:748)
Caused by: org.apache.ratis.thirdparty.io.grpc.StatusRuntimeException: UNAVAILABLE: io exception
	at org.apache.ratis.thirdparty.io.grpc.stub.ClientCalls.toStatusRuntimeException(ClientCalls.java:233)
	at org.apache.ratis.thirdparty.io.grpc.stub.ClientCalls.getUnchecked(ClientCalls.java:214)
	at org.apache.ratis.thirdparty.io.grpc.stub.ClientCalls.blockingUnaryCall(ClientCalls.java:139)
	at org.apache.ratis.proto.grpc.RaftServerProtocolServiceGrpc$RaftServerProtocolServiceBlockingStub.requestVote(RaftServerProtocolServiceGrpc.java:265)
	at org.apache.ratis.grpc.server.GrpcServerProtocolClient.requestVote(GrpcServerProtocolClient.java:99)
	at org.apache.ratis.grpc.server.GrpcService.requestVote(GrpcService.java:204)
	at org.apache.ratis.server.impl.LeaderElection.lambda$submitRequests$1(LeaderElection.java:234)
	at java.util.concurrent.FutureTask.run(FutureTask.java:266)
	at java.util.concurrent.Executors$RunnableAdapter.call(Executors.java:511)
	at java.util.concurrent.FutureTask.run(FutureTask.java:266)
	at java.util.concurrent.ThreadPoolExecutor.runWorker(ThreadPoolExecutor.java:1149)
	at java.util.concurrent.ThreadPoolExecutor$Worker.run(ThreadPoolExecutor.java:624)
	... 1 more
Caused by: org.apache.ratis.thirdparty.io.netty.channel.AbstractChannel$AnnotatedConnectException: Connection refused: /192.168.157.200:39500
	at sun.nio.ch.SocketChannelImpl.checkConnect(Native Method)
	at sun.nio.ch.SocketChannelImpl.finishConnect(SocketChannelImpl.java:717)
	at org.apache.ratis.thirdparty.io.netty.channel.socket.nio.NioSocketChannel.doFinishConnect(NioSocketChannel.java:327)
	at org.apache.ratis.thirdparty.io.netty.channel.nio.AbstractNioChannel$AbstractNioUnsafe.finishConnect(AbstractNioChannel.java:340)
	at org.apache.ratis.thirdparty.io.netty.channel.nio.NioEventLoop.processSelectedKey(NioEventLoop.java:632)
	at org.apache.ratis.thirdparty.io.netty.channel.nio.NioEventLoop.processSelectedKeysOptimized(NioEventLoop.java:579)
	at org.apache.ratis.thirdparty.io.netty.channel.nio.NioEventLoop.processSelectedKeys(NioEventLoop.java:496)
	at org.apache.ratis.thirdparty.io.netty.channel.nio.NioEventLoop.run(NioEventLoop.java:458)
	at org.apache.ratis.thirdparty.io.netty.util.concurrent.SingleThreadEventExecutor$5.run(SingleThreadEventExecutor.java:897)
	at org.apache.ratis.thirdparty.io.netty.util.concurrent.FastThreadLocalRunnable.run(FastThreadLocalRunnable.java:30)
	... 1 more
Caused by: java.net.ConnectException: Connection refused
	... 11 more
2019-11-13 13:02:47,636 [971d177f-fbc5-4c3a-b100-2607610d94ec@group-28BF1C14A3EE-LeaderElection242] INFO  impl.LeaderElection (LogUtils.java:infoOrTrace(149)) -   Exception 1: {}
java.util.concurrent.ExecutionException: org.apache.ratis.thirdparty.io.grpc.StatusRuntimeException: UNAVAILABLE: io exception
	at java.util.concurrent.FutureTask.report(FutureTask.java:122)
	at java.util.concurrent.FutureTask.get(FutureTask.java:192)
	at org.apache.ratis.server.impl.LeaderElection.waitForResults(LeaderElection.java:259)
	at org.apache.ratis.server.impl.LeaderElection.askForVotes(LeaderElection.java:197)
	at org.apache.ratis.server.impl.LeaderElection.run(LeaderElection.java:133)
	at java.lang.Thread.run(Thread.java:748)
Caused by: org.apache.ratis.thirdparty.io.grpc.StatusRuntimeException: UNAVAILABLE: io exception
	at org.apache.ratis.thirdparty.io.grpc.stub.ClientCalls.toStatusRuntimeException(ClientCalls.java:233)
	at org.apache.ratis.thirdparty.io.grpc.stub.ClientCalls.getUnchecked(ClientCalls.java:214)
	at org.apache.ratis.thirdparty.io.grpc.stub.ClientCalls.blockingUnaryCall(ClientCalls.java:139)
	at org.apache.ratis.proto.grpc.RaftServerProtocolServiceGrpc$RaftServerProtocolServiceBlockingStub.requestVote(RaftServerProtocolServiceGrpc.java:265)
	at org.apache.ratis.grpc.server.GrpcServerProtocolClient.requestVote(GrpcServerProtocolClient.java:99)
	at org.apache.ratis.grpc.server.GrpcService.requestVote(GrpcService.java:204)
	at org.apache.ratis.server.impl.LeaderElection.lambda$submitRequests$1(LeaderElection.java:234)
	at java.util.concurrent.FutureTask.run(FutureTask.java:266)
	at java.util.concurrent.Executors$RunnableAdapter.call(Executors.java:511)
	at java.util.concurrent.FutureTask.run(FutureTask.java:266)
	at java.util.concurrent.ThreadPoolExecutor.runWorker(ThreadPoolExecutor.java:1149)
	at java.util.concurrent.ThreadPoolExecutor$Worker.run(ThreadPoolExecutor.java:624)
	... 1 more
Caused by: org.apache.ratis.thirdparty.io.netty.channel.AbstractChannel$AnnotatedConnectException: Connection refused: /192.168.157.200:33359
	at sun.nio.ch.SocketChannelImpl.checkConnect(Native Method)
	at sun.nio.ch.SocketChannelImpl.finishConnect(SocketChannelImpl.java:717)
	at org.apache.ratis.thirdparty.io.netty.channel.socket.nio.NioSocketChannel.doFinishConnect(NioSocketChannel.java:327)
	at org.apache.ratis.thirdparty.io.netty.channel.nio.AbstractNioChannel$AbstractNioUnsafe.finishConnect(AbstractNioChannel.java:340)
	at org.apache.ratis.thirdparty.io.netty.channel.nio.NioEventLoop.processSelectedKey(NioEventLoop.java:632)
	at org.apache.ratis.thirdparty.io.netty.channel.nio.NioEventLoop.processSelectedKeysOptimized(NioEventLoop.java:579)
	at org.apache.ratis.thirdparty.io.netty.channel.nio.NioEventLoop.processSelectedKeys(NioEventLoop.java:496)
	at org.apache.ratis.thirdparty.io.netty.channel.nio.NioEventLoop.run(NioEventLoop.java:458)
	at org.apache.ratis.thirdparty.io.netty.util.concurrent.SingleThreadEventExecutor$5.run(SingleThreadEventExecutor.java:897)
	at org.apache.ratis.thirdparty.io.netty.util.concurrent.FastThreadLocalRunnable.run(FastThreadLocalRunnable.java:30)
	... 1 more
Caused by: java.net.ConnectException: Connection refused
	... 11 more
2019-11-13 13:02:47,637 [971d177f-fbc5-4c3a-b100-2607610d94ec@group-28BF1C14A3EE-LeaderElection242] INFO  impl.RaftServerImpl (RaftServerImpl.java:setRole(173)) - 971d177f-fbc5-4c3a-b100-2607610d94ec@group-28BF1C14A3EE: changes role from CANDIDATE to FOLLOWER at term 3 for DISCOVERED_A_NEW_TERM
2019-11-13 13:02:47,637 [971d177f-fbc5-4c3a-b100-2607610d94ec@group-28BF1C14A3EE-LeaderElection242] INFO  impl.RoleInfo (RoleInfo.java:shutdownLeaderElection(134)) - 971d177f-fbc5-4c3a-b100-2607610d94ec: shutdown LeaderElection
2019-11-13 13:02:47,637 [971d177f-fbc5-4c3a-b100-2607610d94ec@group-28BF1C14A3EE-LeaderElection242] INFO  impl.RoleInfo (RoleInfo.java:updateAndGet(143)) - 971d177f-fbc5-4c3a-b100-2607610d94ec: start FollowerState
2019-11-13 13:02:48,209 [Thread-4450] INFO  impl.FollowerState (FollowerState.java:run(111)) - 1a33519a-3def-4d79-b3e5-c4d8286dc86e@group-FFCD4D7C2DEB-FollowerState: change to CANDIDATE, lastRpcTime:1157ms, electionTimeout:1157ms
2019-11-13 13:02:48,209 [Thread-4450] INFO  impl.RoleInfo (RoleInfo.java:shutdownFollowerState(121)) - 1a33519a-3def-4d79-b3e5-c4d8286dc86e: shutdown FollowerState
2019-11-13 13:02:48,209 [Thread-4450] INFO  impl.RaftServerImpl (RaftServerImpl.java:setRole(173)) - 1a33519a-3def-4d79-b3e5-c4d8286dc86e@group-FFCD4D7C2DEB: changes role from  FOLLOWER to CANDIDATE at term 7 for changeToCandidate
2019-11-13 13:02:48,209 [Thread-4450] INFO  impl.RoleInfo (RoleInfo.java:updateAndGet(143)) - 1a33519a-3def-4d79-b3e5-c4d8286dc86e: start LeaderElection
2019-11-13 13:02:48,277 [1a33519a-3def-4d79-b3e5-c4d8286dc86e@group-FFCD4D7C2DEB-LeaderElection243] INFO  impl.LeaderElection (LeaderElection.java:askForVotes(178)) - 1a33519a-3def-4d79-b3e5-c4d8286dc86e@group-FFCD4D7C2DEB-LeaderElection243: begin an election at term 8 for -1: [1a33519a-3def-4d79-b3e5-c4d8286dc86e:192.168.157.200:40699, 3d7387af-ecb5-4c7d-b20b-5fe48849adda:192.168.157.200:37245, 318b4bc4-2a6a-4055-b801-3341d5814353:192.168.157.200:34345], old=null
2019-11-13 13:02:48,280 [grpc-default-executor-11] WARN  server.GrpcServerProtocolService (LogUtils.java:warn(136)) - 3d7387af-ecb5-4c7d-b20b-5fe48849adda: Failed requestVote 1a33519a-3def-4d79-b3e5-c4d8286dc86e->3d7387af-ecb5-4c7d-b20b-5fe48849adda#0
org.apache.ratis.protocol.GroupMismatchException: 3d7387af-ecb5-4c7d-b20b-5fe48849adda: group-FFCD4D7C2DEB not found.
	at org.apache.ratis.server.impl.RaftServerProxy$ImplMap.get(RaftServerProxy.java:122)
	at org.apache.ratis.server.impl.RaftServerProxy.getImplFuture(RaftServerProxy.java:269)
	at org.apache.ratis.server.impl.RaftServerProxy.getImpl(RaftServerProxy.java:278)
	at org.apache.ratis.server.impl.RaftServerProxy.getImpl(RaftServerProxy.java:273)
	at org.apache.ratis.server.impl.RaftServerProxy.requestVote(RaftServerProxy.java:443)
	at org.apache.ratis.grpc.server.GrpcServerProtocolService.requestVote(GrpcServerProtocolService.java:142)
	at org.apache.ratis.proto.grpc.RaftServerProtocolServiceGrpc$MethodHandlers.invoke(RaftServerProtocolServiceGrpc.java:319)
	at org.apache.ratis.thirdparty.io.grpc.stub.ServerCalls$UnaryServerCallHandler$UnaryServerCallListener.onHalfClose(ServerCalls.java:171)
	at org.apache.ratis.thirdparty.io.grpc.internal.ServerCallImpl$ServerStreamListenerImpl.halfClosed(ServerCallImpl.java:283)
	at org.apache.ratis.thirdparty.io.grpc.internal.ServerImpl$JumpToApplicationThreadServerStreamListener$1HalfClosed.runInContext(ServerImpl.java:710)
	at org.apache.ratis.thirdparty.io.grpc.internal.ContextRunnable.run(ContextRunnable.java:37)
	at org.apache.ratis.thirdparty.io.grpc.internal.SerializingExecutor.run(SerializingExecutor.java:123)
	at java.util.concurrent.ThreadPoolExecutor.runWorker(ThreadPoolExecutor.java:1149)
	at java.util.concurrent.ThreadPoolExecutor$Worker.run(ThreadPoolExecutor.java:624)
	at java.lang.Thread.run(Thread.java:748)
2019-11-13 13:02:48,280 [grpc-default-executor-2] WARN  server.GrpcServerProtocolService (LogUtils.java:warn(136)) - 318b4bc4-2a6a-4055-b801-3341d5814353: Failed requestVote 1a33519a-3def-4d79-b3e5-c4d8286dc86e->318b4bc4-2a6a-4055-b801-3341d5814353#0
org.apache.ratis.protocol.GroupMismatchException: 318b4bc4-2a6a-4055-b801-3341d5814353: group-FFCD4D7C2DEB not found.
	at org.apache.ratis.server.impl.RaftServerProxy$ImplMap.get(RaftServerProxy.java:122)
	at org.apache.ratis.server.impl.RaftServerProxy.getImplFuture(RaftServerProxy.java:269)
	at org.apache.ratis.server.impl.RaftServerProxy.getImpl(RaftServerProxy.java:278)
	at org.apache.ratis.server.impl.RaftServerProxy.getImpl(RaftServerProxy.java:273)
	at org.apache.ratis.server.impl.RaftServerProxy.requestVote(RaftServerProxy.java:443)
	at org.apache.ratis.grpc.server.GrpcServerProtocolService.requestVote(GrpcServerProtocolService.java:142)
	at org.apache.ratis.proto.grpc.RaftServerProtocolServiceGrpc$MethodHandlers.invoke(RaftServerProtocolServiceGrpc.java:319)
	at org.apache.ratis.thirdparty.io.grpc.stub.ServerCalls$UnaryServerCallHandler$UnaryServerCallListener.onHalfClose(ServerCalls.java:171)
	at org.apache.ratis.thirdparty.io.grpc.internal.ServerCallImpl$ServerStreamListenerImpl.halfClosed(ServerCallImpl.java:283)
	at org.apache.ratis.thirdparty.io.grpc.internal.ServerImpl$JumpToApplicationThreadServerStreamListener$1HalfClosed.runInContext(ServerImpl.java:710)
	at org.apache.ratis.thirdparty.io.grpc.internal.ContextRunnable.run(ContextRunnable.java:37)
	at org.apache.ratis.thirdparty.io.grpc.internal.SerializingExecutor.run(SerializingExecutor.java:123)
	at java.util.concurrent.ThreadPoolExecutor.runWorker(ThreadPoolExecutor.java:1149)
	at java.util.concurrent.ThreadPoolExecutor$Worker.run(ThreadPoolExecutor.java:624)
	at java.lang.Thread.run(Thread.java:748)
2019-11-13 13:02:48,284 [1a33519a-3def-4d79-b3e5-c4d8286dc86e@group-FFCD4D7C2DEB-LeaderElection243] INFO  impl.LeaderElection (LogUtils.java:infoOrTrace(149)) - 1a33519a-3def-4d79-b3e5-c4d8286dc86e@group-FFCD4D7C2DEB-LeaderElection243 got exception when requesting votes: {}
java.util.concurrent.ExecutionException: org.apache.ratis.thirdparty.io.grpc.StatusRuntimeException: INTERNAL: 3d7387af-ecb5-4c7d-b20b-5fe48849adda: group-FFCD4D7C2DEB not found.
	at java.util.concurrent.FutureTask.report(FutureTask.java:122)
	at java.util.concurrent.FutureTask.get(FutureTask.java:192)
	at org.apache.ratis.server.impl.LeaderElection.waitForResults(LeaderElection.java:259)
	at org.apache.ratis.server.impl.LeaderElection.askForVotes(LeaderElection.java:197)
	at org.apache.ratis.server.impl.LeaderElection.run(LeaderElection.java:133)
	at java.lang.Thread.run(Thread.java:748)
Caused by: org.apache.ratis.thirdparty.io.grpc.StatusRuntimeException: INTERNAL: 3d7387af-ecb5-4c7d-b20b-5fe48849adda: group-FFCD4D7C2DEB not found.
	at org.apache.ratis.thirdparty.io.grpc.stub.ClientCalls.toStatusRuntimeException(ClientCalls.java:233)
	at org.apache.ratis.thirdparty.io.grpc.stub.ClientCalls.getUnchecked(ClientCalls.java:214)
	at org.apache.ratis.thirdparty.io.grpc.stub.ClientCalls.blockingUnaryCall(ClientCalls.java:139)
	at org.apache.ratis.proto.grpc.RaftServerProtocolServiceGrpc$RaftServerProtocolServiceBlockingStub.requestVote(RaftServerProtocolServiceGrpc.java:265)
	at org.apache.ratis.grpc.server.GrpcServerProtocolClient.requestVote(GrpcServerProtocolClient.java:99)
	at org.apache.ratis.grpc.server.GrpcService.requestVote(GrpcService.java:204)
	at org.apache.ratis.server.impl.LeaderElection.lambda$submitRequests$1(LeaderElection.java:234)
	at java.util.concurrent.FutureTask.run(FutureTask.java:266)
	at java.util.concurrent.Executors$RunnableAdapter.call(Executors.java:511)
	at java.util.concurrent.FutureTask.run(FutureTask.java:266)
	at java.util.concurrent.ThreadPoolExecutor.runWorker(ThreadPoolExecutor.java:1149)
	at java.util.concurrent.ThreadPoolExecutor$Worker.run(ThreadPoolExecutor.java:624)
	... 1 more
2019-11-13 13:02:48,284 [1a33519a-3def-4d79-b3e5-c4d8286dc86e@group-FFCD4D7C2DEB-LeaderElection243] INFO  impl.LeaderElection (LogUtils.java:infoOrTrace(149)) - 1a33519a-3def-4d79-b3e5-c4d8286dc86e@group-FFCD4D7C2DEB-LeaderElection243 got exception when requesting votes: {}
java.util.concurrent.ExecutionException: org.apache.ratis.thirdparty.io.grpc.StatusRuntimeException: INTERNAL: 318b4bc4-2a6a-4055-b801-3341d5814353: group-FFCD4D7C2DEB not found.
	at java.util.concurrent.FutureTask.report(FutureTask.java:122)
	at java.util.concurrent.FutureTask.get(FutureTask.java:192)
	at org.apache.ratis.server.impl.LeaderElection.waitForResults(LeaderElection.java:259)
	at org.apache.ratis.server.impl.LeaderElection.askForVotes(LeaderElection.java:197)
	at org.apache.ratis.server.impl.LeaderElection.run(LeaderElection.java:133)
	at java.lang.Thread.run(Thread.java:748)
Caused by: org.apache.ratis.thirdparty.io.grpc.StatusRuntimeException: INTERNAL: 318b4bc4-2a6a-4055-b801-3341d5814353: group-FFCD4D7C2DEB not found.
	at org.apache.ratis.thirdparty.io.grpc.stub.ClientCalls.toStatusRuntimeException(ClientCalls.java:233)
	at org.apache.ratis.thirdparty.io.grpc.stub.ClientCalls.getUnchecked(ClientCalls.java:214)
	at org.apache.ratis.thirdparty.io.grpc.stub.ClientCalls.blockingUnaryCall(ClientCalls.java:139)
	at org.apache.ratis.proto.grpc.RaftServerProtocolServiceGrpc$RaftServerProtocolServiceBlockingStub.requestVote(RaftServerProtocolServiceGrpc.java:265)
	at org.apache.ratis.grpc.server.GrpcServerProtocolClient.requestVote(GrpcServerProtocolClient.java:99)
	at org.apache.ratis.grpc.server.GrpcService.requestVote(GrpcService.java:204)
	at org.apache.ratis.server.impl.LeaderElection.lambda$submitRequests$1(LeaderElection.java:234)
	at java.util.concurrent.FutureTask.run(FutureTask.java:266)
	at java.util.concurrent.Executors$RunnableAdapter.call(Executors.java:511)
	at java.util.concurrent.FutureTask.run(FutureTask.java:266)
	at java.util.concurrent.ThreadPoolExecutor.runWorker(ThreadPoolExecutor.java:1149)
	at java.util.concurrent.ThreadPoolExecutor$Worker.run(ThreadPoolExecutor.java:624)
	... 1 more
2019-11-13 13:02:48,285 [1a33519a-3def-4d79-b3e5-c4d8286dc86e@group-FFCD4D7C2DEB-LeaderElection243] INFO  impl.LeaderElection (LeaderElection.java:logAndReturn(56)) - 1a33519a-3def-4d79-b3e5-c4d8286dc86e@group-FFCD4D7C2DEB-LeaderElection243: Election REJECTED; received 0 response(s) [] and 2 exception(s); 1a33519a-3def-4d79-b3e5-c4d8286dc86e@group-FFCD4D7C2DEB:t8, leader=null, voted=1a33519a-3def-4d79-b3e5-c4d8286dc86e, raftlog=1a33519a-3def-4d79-b3e5-c4d8286dc86e@group-FFCD4D7C2DEB-SegmentedRaftLog:OPENED:c-1,f-1,i0, conf=-1: [1a33519a-3def-4d79-b3e5-c4d8286dc86e:192.168.157.200:40699, 3d7387af-ecb5-4c7d-b20b-5fe48849adda:192.168.157.200:37245, 318b4bc4-2a6a-4055-b801-3341d5814353:192.168.157.200:34345], old=null
2019-11-13 13:02:48,285 [1a33519a-3def-4d79-b3e5-c4d8286dc86e@group-FFCD4D7C2DEB-LeaderElection243] INFO  impl.LeaderElection (LogUtils.java:infoOrTrace(149)) -   Exception 0: {}
java.util.concurrent.ExecutionException: org.apache.ratis.thirdparty.io.grpc.StatusRuntimeException: INTERNAL: 3d7387af-ecb5-4c7d-b20b-5fe48849adda: group-FFCD4D7C2DEB not found.
	at java.util.concurrent.FutureTask.report(FutureTask.java:122)
	at java.util.concurrent.FutureTask.get(FutureTask.java:192)
	at org.apache.ratis.server.impl.LeaderElection.waitForResults(LeaderElection.java:259)
	at org.apache.ratis.server.impl.LeaderElection.askForVotes(LeaderElection.java:197)
	at org.apache.ratis.server.impl.LeaderElection.run(LeaderElection.java:133)
	at java.lang.Thread.run(Thread.java:748)
Caused by: org.apache.ratis.thirdparty.io.grpc.StatusRuntimeException: INTERNAL: 3d7387af-ecb5-4c7d-b20b-5fe48849adda: group-FFCD4D7C2DEB not found.
	at org.apache.ratis.thirdparty.io.grpc.stub.ClientCalls.toStatusRuntimeException(ClientCalls.java:233)
	at org.apache.ratis.thirdparty.io.grpc.stub.ClientCalls.getUnchecked(ClientCalls.java:214)
	at org.apache.ratis.thirdparty.io.grpc.stub.ClientCalls.blockingUnaryCall(ClientCalls.java:139)
	at org.apache.ratis.proto.grpc.RaftServerProtocolServiceGrpc$RaftServerProtocolServiceBlockingStub.requestVote(RaftServerProtocolServiceGrpc.java:265)
	at org.apache.ratis.grpc.server.GrpcServerProtocolClient.requestVote(GrpcServerProtocolClient.java:99)
	at org.apache.ratis.grpc.server.GrpcService.requestVote(GrpcService.java:204)
	at org.apache.ratis.server.impl.LeaderElection.lambda$submitRequests$1(LeaderElection.java:234)
	at java.util.concurrent.FutureTask.run(FutureTask.java:266)
	at java.util.concurrent.Executors$RunnableAdapter.call(Executors.java:511)
	at java.util.concurrent.FutureTask.run(FutureTask.java:266)
	at java.util.concurrent.ThreadPoolExecutor.runWorker(ThreadPoolExecutor.java:1149)
	at java.util.concurrent.ThreadPoolExecutor$Worker.run(ThreadPoolExecutor.java:624)
	... 1 more
2019-11-13 13:02:48,285 [1a33519a-3def-4d79-b3e5-c4d8286dc86e@group-FFCD4D7C2DEB-LeaderElection243] INFO  impl.LeaderElection (LogUtils.java:infoOrTrace(149)) -   Exception 1: {}
java.util.concurrent.ExecutionException: org.apache.ratis.thirdparty.io.grpc.StatusRuntimeException: INTERNAL: 318b4bc4-2a6a-4055-b801-3341d5814353: group-FFCD4D7C2DEB not found.
	at java.util.concurrent.FutureTask.report(FutureTask.java:122)
	at java.util.concurrent.FutureTask.get(FutureTask.java:192)
	at org.apache.ratis.server.impl.LeaderElection.waitForResults(LeaderElection.java:259)
	at org.apache.ratis.server.impl.LeaderElection.askForVotes(LeaderElection.java:197)
	at org.apache.ratis.server.impl.LeaderElection.run(LeaderElection.java:133)
	at java.lang.Thread.run(Thread.java:748)
Caused by: org.apache.ratis.thirdparty.io.grpc.StatusRuntimeException: INTERNAL: 318b4bc4-2a6a-4055-b801-3341d5814353: group-FFCD4D7C2DEB not found.
	at org.apache.ratis.thirdparty.io.grpc.stub.ClientCalls.toStatusRuntimeException(ClientCalls.java:233)
	at org.apache.ratis.thirdparty.io.grpc.stub.ClientCalls.getUnchecked(ClientCalls.java:214)
	at org.apache.ratis.thirdparty.io.grpc.stub.ClientCalls.blockingUnaryCall(ClientCalls.java:139)
	at org.apache.ratis.proto.grpc.RaftServerProtocolServiceGrpc$RaftServerProtocolServiceBlockingStub.requestVote(RaftServerProtocolServiceGrpc.java:265)
	at org.apache.ratis.grpc.server.GrpcServerProtocolClient.requestVote(GrpcServerProtocolClient.java:99)
	at org.apache.ratis.grpc.server.GrpcService.requestVote(GrpcService.java:204)
	at org.apache.ratis.server.impl.LeaderElection.lambda$submitRequests$1(LeaderElection.java:234)
	at java.util.concurrent.FutureTask.run(FutureTask.java:266)
	at java.util.concurrent.Executors$RunnableAdapter.call(Executors.java:511)
	at java.util.concurrent.FutureTask.run(FutureTask.java:266)
	at java.util.concurrent.ThreadPoolExecutor.runWorker(ThreadPoolExecutor.java:1149)
	at java.util.concurrent.ThreadPoolExecutor$Worker.run(ThreadPoolExecutor.java:624)
	... 1 more
2019-11-13 13:02:48,286 [1a33519a-3def-4d79-b3e5-c4d8286dc86e@group-FFCD4D7C2DEB-LeaderElection243] INFO  impl.RaftServerImpl (RaftServerImpl.java:setRole(173)) - 1a33519a-3def-4d79-b3e5-c4d8286dc86e@group-FFCD4D7C2DEB: changes role from CANDIDATE to FOLLOWER at term 8 for DISCOVERED_A_NEW_TERM
2019-11-13 13:02:48,286 [1a33519a-3def-4d79-b3e5-c4d8286dc86e@group-FFCD4D7C2DEB-LeaderElection243] INFO  impl.RoleInfo (RoleInfo.java:shutdownLeaderElection(134)) - 1a33519a-3def-4d79-b3e5-c4d8286dc86e: shutdown LeaderElection
2019-11-13 13:02:48,286 [1a33519a-3def-4d79-b3e5-c4d8286dc86e@group-FFCD4D7C2DEB-LeaderElection243] INFO  impl.RoleInfo (RoleInfo.java:updateAndGet(143)) - 1a33519a-3def-4d79-b3e5-c4d8286dc86e: start FollowerState
2019-11-13 13:02:48,820 [Thread-4458] INFO  impl.FollowerState (FollowerState.java:run(111)) - 971d177f-fbc5-4c3a-b100-2607610d94ec@group-28BF1C14A3EE-FollowerState: change to CANDIDATE, lastRpcTime:1183ms, electionTimeout:1183ms
2019-11-13 13:02:48,820 [Thread-4458] INFO  impl.RoleInfo (RoleInfo.java:shutdownFollowerState(121)) - 971d177f-fbc5-4c3a-b100-2607610d94ec: shutdown FollowerState
2019-11-13 13:02:48,821 [Thread-4458] INFO  impl.RaftServerImpl (RaftServerImpl.java:setRole(173)) - 971d177f-fbc5-4c3a-b100-2607610d94ec@group-28BF1C14A3EE: changes role from  FOLLOWER to CANDIDATE at term 3 for changeToCandidate
2019-11-13 13:02:48,821 [Thread-4458] INFO  impl.RoleInfo (RoleInfo.java:updateAndGet(143)) - 971d177f-fbc5-4c3a-b100-2607610d94ec: start LeaderElection
2019-11-13 13:02:48,879 [971d177f-fbc5-4c3a-b100-2607610d94ec@group-28BF1C14A3EE-LeaderElection244] INFO  impl.LeaderElection (LeaderElection.java:askForVotes(178)) - 971d177f-fbc5-4c3a-b100-2607610d94ec@group-28BF1C14A3EE-LeaderElection244: begin an election at term 4 for 0: [8ff9d20a-2236-45f0-8596-c8d53407e80c:192.168.157.200:39500, 7ba291c4-9ee0-417b-844f-44a16c4ba9e2:192.168.157.200:33359, 971d177f-fbc5-4c3a-b100-2607610d94ec:192.168.157.200:33290], old=null
2019-11-13 13:02:48,880 [971d177f-fbc5-4c3a-b100-2607610d94ec@group-28BF1C14A3EE-LeaderElection244] INFO  impl.LeaderElection (LogUtils.java:infoOrTrace(149)) - 971d177f-fbc5-4c3a-b100-2607610d94ec@group-28BF1C14A3EE-LeaderElection244 got exception when requesting votes: {}
java.util.concurrent.ExecutionException: org.apache.ratis.thirdparty.io.grpc.StatusRuntimeException: UNAVAILABLE: io exception
	at java.util.concurrent.FutureTask.report(FutureTask.java:122)
	at java.util.concurrent.FutureTask.get(FutureTask.java:192)
	at org.apache.ratis.server.impl.LeaderElection.waitForResults(LeaderElection.java:259)
	at org.apache.ratis.server.impl.LeaderElection.askForVotes(LeaderElection.java:197)
	at org.apache.ratis.server.impl.LeaderElection.run(LeaderElection.java:133)
	at java.lang.Thread.run(Thread.java:748)
Caused by: org.apache.ratis.thirdparty.io.grpc.StatusRuntimeException: UNAVAILABLE: io exception
	at org.apache.ratis.thirdparty.io.grpc.stub.ClientCalls.toStatusRuntimeException(ClientCalls.java:233)
	at org.apache.ratis.thirdparty.io.grpc.stub.ClientCalls.getUnchecked(ClientCalls.java:214)
	at org.apache.ratis.thirdparty.io.grpc.stub.ClientCalls.blockingUnaryCall(ClientCalls.java:139)
	at org.apache.ratis.proto.grpc.RaftServerProtocolServiceGrpc$RaftServerProtocolServiceBlockingStub.requestVote(RaftServerProtocolServiceGrpc.java:265)
	at org.apache.ratis.grpc.server.GrpcServerProtocolClient.requestVote(GrpcServerProtocolClient.java:99)
	at org.apache.ratis.grpc.server.GrpcService.requestVote(GrpcService.java:204)
	at org.apache.ratis.server.impl.LeaderElection.lambda$submitRequests$1(LeaderElection.java:234)
	at java.util.concurrent.FutureTask.run(FutureTask.java:266)
	at java.util.concurrent.Executors$RunnableAdapter.call(Executors.java:511)
	at java.util.concurrent.FutureTask.run(FutureTask.java:266)
	at java.util.concurrent.ThreadPoolExecutor.runWorker(ThreadPoolExecutor.java:1149)
	at java.util.concurrent.ThreadPoolExecutor$Worker.run(ThreadPoolExecutor.java:624)
	... 1 more
Caused by: org.apache.ratis.thirdparty.io.netty.channel.AbstractChannel$AnnotatedConnectException: Connection refused: /192.168.157.200:39500
	at sun.nio.ch.SocketChannelImpl.checkConnect(Native Method)
	at sun.nio.ch.SocketChannelImpl.finishConnect(SocketChannelImpl.java:717)
	at org.apache.ratis.thirdparty.io.netty.channel.socket.nio.NioSocketChannel.doFinishConnect(NioSocketChannel.java:327)
	at org.apache.ratis.thirdparty.io.netty.channel.nio.AbstractNioChannel$AbstractNioUnsafe.finishConnect(AbstractNioChannel.java:340)
	at org.apache.ratis.thirdparty.io.netty.channel.nio.NioEventLoop.processSelectedKey(NioEventLoop.java:632)
	at org.apache.ratis.thirdparty.io.netty.channel.nio.NioEventLoop.processSelectedKeysOptimized(NioEventLoop.java:579)
	at org.apache.ratis.thirdparty.io.netty.channel.nio.NioEventLoop.processSelectedKeys(NioEventLoop.java:496)
	at org.apache.ratis.thirdparty.io.netty.channel.nio.NioEventLoop.run(NioEventLoop.java:458)
	at org.apache.ratis.thirdparty.io.netty.util.concurrent.SingleThreadEventExecutor$5.run(SingleThreadEventExecutor.java:897)
	at org.apache.ratis.thirdparty.io.netty.util.concurrent.FastThreadLocalRunnable.run(FastThreadLocalRunnable.java:30)
	... 1 more
Caused by: java.net.ConnectException: Connection refused
	... 11 more
2019-11-13 13:02:48,881 [971d177f-fbc5-4c3a-b100-2607610d94ec@group-28BF1C14A3EE-LeaderElection244] INFO  impl.LeaderElection (LogUtils.java:infoOrTrace(149)) - 971d177f-fbc5-4c3a-b100-2607610d94ec@group-28BF1C14A3EE-LeaderElection244 got exception when requesting votes: {}
java.util.concurrent.ExecutionException: org.apache.ratis.thirdparty.io.grpc.StatusRuntimeException: UNAVAILABLE: io exception
	at java.util.concurrent.FutureTask.report(FutureTask.java:122)
	at java.util.concurrent.FutureTask.get(FutureTask.java:192)
	at org.apache.ratis.server.impl.LeaderElection.waitForResults(LeaderElection.java:259)
	at org.apache.ratis.server.impl.LeaderElection.askForVotes(LeaderElection.java:197)
	at org.apache.ratis.server.impl.LeaderElection.run(LeaderElection.java:133)
	at java.lang.Thread.run(Thread.java:748)
Caused by: org.apache.ratis.thirdparty.io.grpc.StatusRuntimeException: UNAVAILABLE: io exception
	at org.apache.ratis.thirdparty.io.grpc.stub.ClientCalls.toStatusRuntimeException(ClientCalls.java:233)
	at org.apache.ratis.thirdparty.io.grpc.stub.ClientCalls.getUnchecked(ClientCalls.java:214)
	at org.apache.ratis.thirdparty.io.grpc.stub.ClientCalls.blockingUnaryCall(ClientCalls.java:139)
	at org.apache.ratis.proto.grpc.RaftServerProtocolServiceGrpc$RaftServerProtocolServiceBlockingStub.requestVote(RaftServerProtocolServiceGrpc.java:265)
	at org.apache.ratis.grpc.server.GrpcServerProtocolClient.requestVote(GrpcServerProtocolClient.java:99)
	at org.apache.ratis.grpc.server.GrpcService.requestVote(GrpcService.java:204)
	at org.apache.ratis.server.impl.LeaderElection.lambda$submitRequests$1(LeaderElection.java:234)
	at java.util.concurrent.FutureTask.run(FutureTask.java:266)
	at java.util.concurrent.Executors$RunnableAdapter.call(Executors.java:511)
	at java.util.concurrent.FutureTask.run(FutureTask.java:266)
	at java.util.concurrent.ThreadPoolExecutor.runWorker(ThreadPoolExecutor.java:1149)
	at java.util.concurrent.ThreadPoolExecutor$Worker.run(ThreadPoolExecutor.java:624)
	... 1 more
Caused by: org.apache.ratis.thirdparty.io.netty.channel.AbstractChannel$AnnotatedConnectException: Connection refused: /192.168.157.200:33359
	at sun.nio.ch.SocketChannelImpl.checkConnect(Native Method)
	at sun.nio.ch.SocketChannelImpl.finishConnect(SocketChannelImpl.java:717)
	at org.apache.ratis.thirdparty.io.netty.channel.socket.nio.NioSocketChannel.doFinishConnect(NioSocketChannel.java:327)
	at org.apache.ratis.thirdparty.io.netty.channel.nio.AbstractNioChannel$AbstractNioUnsafe.finishConnect(AbstractNioChannel.java:340)
	at org.apache.ratis.thirdparty.io.netty.channel.nio.NioEventLoop.processSelectedKey(NioEventLoop.java:632)
	at org.apache.ratis.thirdparty.io.netty.channel.nio.NioEventLoop.processSelectedKeysOptimized(NioEventLoop.java:579)
	at org.apache.ratis.thirdparty.io.netty.channel.nio.NioEventLoop.processSelectedKeys(NioEventLoop.java:496)
	at org.apache.ratis.thirdparty.io.netty.channel.nio.NioEventLoop.run(NioEventLoop.java:458)
	at org.apache.ratis.thirdparty.io.netty.util.concurrent.SingleThreadEventExecutor$5.run(SingleThreadEventExecutor.java:897)
	at org.apache.ratis.thirdparty.io.netty.util.concurrent.FastThreadLocalRunnable.run(FastThreadLocalRunnable.java:30)
	... 1 more
Caused by: java.net.ConnectException: Connection refused
	... 11 more
2019-11-13 13:02:48,882 [971d177f-fbc5-4c3a-b100-2607610d94ec@group-28BF1C14A3EE-LeaderElection244] INFO  impl.LeaderElection (LeaderElection.java:logAndReturn(56)) - 971d177f-fbc5-4c3a-b100-2607610d94ec@group-28BF1C14A3EE-LeaderElection244: Election REJECTED; received 0 response(s) [] and 2 exception(s); 971d177f-fbc5-4c3a-b100-2607610d94ec@group-28BF1C14A3EE:t4, leader=null, voted=971d177f-fbc5-4c3a-b100-2607610d94ec, raftlog=971d177f-fbc5-4c3a-b100-2607610d94ec@group-28BF1C14A3EE-SegmentedRaftLog:OPENED:c0,f0,i0, conf=0: [8ff9d20a-2236-45f0-8596-c8d53407e80c:192.168.157.200:39500, 7ba291c4-9ee0-417b-844f-44a16c4ba9e2:192.168.157.200:33359, 971d177f-fbc5-4c3a-b100-2607610d94ec:192.168.157.200:33290], old=null
2019-11-13 13:02:48,882 [971d177f-fbc5-4c3a-b100-2607610d94ec@group-28BF1C14A3EE-LeaderElection244] INFO  impl.LeaderElection (LogUtils.java:infoOrTrace(149)) -   Exception 0: {}
java.util.concurrent.ExecutionException: org.apache.ratis.thirdparty.io.grpc.StatusRuntimeException: UNAVAILABLE: io exception
	at java.util.concurrent.FutureTask.report(FutureTask.java:122)
	at java.util.concurrent.FutureTask.get(FutureTask.java:192)
	at org.apache.ratis.server.impl.LeaderElection.waitForResults(LeaderElection.java:259)
	at org.apache.ratis.server.impl.LeaderElection.askForVotes(LeaderElection.java:197)
	at org.apache.ratis.server.impl.LeaderElection.run(LeaderElection.java:133)
	at java.lang.Thread.run(Thread.java:748)
Caused by: org.apache.ratis.thirdparty.io.grpc.StatusRuntimeException: UNAVAILABLE: io exception
	at org.apache.ratis.thirdparty.io.grpc.stub.ClientCalls.toStatusRuntimeException(ClientCalls.java:233)
	at org.apache.ratis.thirdparty.io.grpc.stub.ClientCalls.getUnchecked(ClientCalls.java:214)
	at org.apache.ratis.thirdparty.io.grpc.stub.ClientCalls.blockingUnaryCall(ClientCalls.java:139)
	at org.apache.ratis.proto.grpc.RaftServerProtocolServiceGrpc$RaftServerProtocolServiceBlockingStub.requestVote(RaftServerProtocolServiceGrpc.java:265)
	at org.apache.ratis.grpc.server.GrpcServerProtocolClient.requestVote(GrpcServerProtocolClient.java:99)
	at org.apache.ratis.grpc.server.GrpcService.requestVote(GrpcService.java:204)
	at org.apache.ratis.server.impl.LeaderElection.lambda$submitRequests$1(LeaderElection.java:234)
	at java.util.concurrent.FutureTask.run(FutureTask.java:266)
	at java.util.concurrent.Executors$RunnableAdapter.call(Executors.java:511)
	at java.util.concurrent.FutureTask.run(FutureTask.java:266)
	at java.util.concurrent.ThreadPoolExecutor.runWorker(ThreadPoolExecutor.java:1149)
	at java.util.concurrent.ThreadPoolExecutor$Worker.run(ThreadPoolExecutor.java:624)
	... 1 more
Caused by: org.apache.ratis.thirdparty.io.netty.channel.AbstractChannel$AnnotatedConnectException: Connection refused: /192.168.157.200:39500
	at sun.nio.ch.SocketChannelImpl.checkConnect(Native Method)
	at sun.nio.ch.SocketChannelImpl.finishConnect(SocketChannelImpl.java:717)
	at org.apache.ratis.thirdparty.io.netty.channel.socket.nio.NioSocketChannel.doFinishConnect(NioSocketChannel.java:327)
	at org.apache.ratis.thirdparty.io.netty.channel.nio.AbstractNioChannel$AbstractNioUnsafe.finishConnect(AbstractNioChannel.java:340)
	at org.apache.ratis.thirdparty.io.netty.channel.nio.NioEventLoop.processSelectedKey(NioEventLoop.java:632)
	at org.apache.ratis.thirdparty.io.netty.channel.nio.NioEventLoop.processSelectedKeysOptimized(NioEventLoop.java:579)
	at org.apache.ratis.thirdparty.io.netty.channel.nio.NioEventLoop.processSelectedKeys(NioEventLoop.java:496)
	at org.apache.ratis.thirdparty.io.netty.channel.nio.NioEventLoop.run(NioEventLoop.java:458)
	at org.apache.ratis.thirdparty.io.netty.util.concurrent.SingleThreadEventExecutor$5.run(SingleThreadEventExecutor.java:897)
	at org.apache.ratis.thirdparty.io.netty.util.concurrent.FastThreadLocalRunnable.run(FastThreadLocalRunnable.java:30)
	... 1 more
Caused by: java.net.ConnectException: Connection refused
	... 11 more
2019-11-13 13:02:48,883 [971d177f-fbc5-4c3a-b100-2607610d94ec@group-28BF1C14A3EE-LeaderElection244] INFO  impl.LeaderElection (LogUtils.java:infoOrTrace(149)) -   Exception 1: {}
java.util.concurrent.ExecutionException: org.apache.ratis.thirdparty.io.grpc.StatusRuntimeException: UNAVAILABLE: io exception
	at java.util.concurrent.FutureTask.report(FutureTask.java:122)
	at java.util.concurrent.FutureTask.get(FutureTask.java:192)
	at org.apache.ratis.server.impl.LeaderElection.waitForResults(LeaderElection.java:259)
	at org.apache.ratis.server.impl.LeaderElection.askForVotes(LeaderElection.java:197)
	at org.apache.ratis.server.impl.LeaderElection.run(LeaderElection.java:133)
	at java.lang.Thread.run(Thread.java:748)
Caused by: org.apache.ratis.thirdparty.io.grpc.StatusRuntimeException: UNAVAILABLE: io exception
	at org.apache.ratis.thirdparty.io.grpc.stub.ClientCalls.toStatusRuntimeException(ClientCalls.java:233)
	at org.apache.ratis.thirdparty.io.grpc.stub.ClientCalls.getUnchecked(ClientCalls.java:214)
	at org.apache.ratis.thirdparty.io.grpc.stub.ClientCalls.blockingUnaryCall(ClientCalls.java:139)
	at org.apache.ratis.proto.grpc.RaftServerProtocolServiceGrpc$RaftServerProtocolServiceBlockingStub.requestVote(RaftServerProtocolServiceGrpc.java:265)
	at org.apache.ratis.grpc.server.GrpcServerProtocolClient.requestVote(GrpcServerProtocolClient.java:99)
	at org.apache.ratis.grpc.server.GrpcService.requestVote(GrpcService.java:204)
	at org.apache.ratis.server.impl.LeaderElection.lambda$submitRequests$1(LeaderElection.java:234)
	at java.util.concurrent.FutureTask.run(FutureTask.java:266)
	at java.util.concurrent.Executors$RunnableAdapter.call(Executors.java:511)
	at java.util.concurrent.FutureTask.run(FutureTask.java:266)
	at java.util.concurrent.ThreadPoolExecutor.runWorker(ThreadPoolExecutor.java:1149)
	at java.util.concurrent.ThreadPoolExecutor$Worker.run(ThreadPoolExecutor.java:624)
	... 1 more
Caused by: org.apache.ratis.thirdparty.io.netty.channel.AbstractChannel$AnnotatedConnectException: Connection refused: /192.168.157.200:33359
	at sun.nio.ch.SocketChannelImpl.checkConnect(Native Method)
	at sun.nio.ch.SocketChannelImpl.finishConnect(SocketChannelImpl.java:717)
	at org.apache.ratis.thirdparty.io.netty.channel.socket.nio.NioSocketChannel.doFinishConnect(NioSocketChannel.java:327)
	at org.apache.ratis.thirdparty.io.netty.channel.nio.AbstractNioChannel$AbstractNioUnsafe.finishConnect(AbstractNioChannel.java:340)
	at org.apache.ratis.thirdparty.io.netty.channel.nio.NioEventLoop.processSelectedKey(NioEventLoop.java:632)
	at org.apache.ratis.thirdparty.io.netty.channel.nio.NioEventLoop.processSelectedKeysOptimized(NioEventLoop.java:579)
	at org.apache.ratis.thirdparty.io.netty.channel.nio.NioEventLoop.processSelectedKeys(NioEventLoop.java:496)
	at org.apache.ratis.thirdparty.io.netty.channel.nio.NioEventLoop.run(NioEventLoop.java:458)
	at org.apache.ratis.thirdparty.io.netty.util.concurrent.SingleThreadEventExecutor$5.run(SingleThreadEventExecutor.java:897)
	at org.apache.ratis.thirdparty.io.netty.util.concurrent.FastThreadLocalRunnable.run(FastThreadLocalRunnable.java:30)
	... 1 more
Caused by: java.net.ConnectException: Connection refused
	... 11 more
2019-11-13 13:02:48,883 [971d177f-fbc5-4c3a-b100-2607610d94ec@group-28BF1C14A3EE-LeaderElection244] INFO  impl.RaftServerImpl (RaftServerImpl.java:setRole(173)) - 971d177f-fbc5-4c3a-b100-2607610d94ec@group-28BF1C14A3EE: changes role from CANDIDATE to FOLLOWER at term 4 for DISCOVERED_A_NEW_TERM
2019-11-13 13:02:48,883 [971d177f-fbc5-4c3a-b100-2607610d94ec@group-28BF1C14A3EE-LeaderElection244] INFO  impl.RoleInfo (RoleInfo.java:shutdownLeaderElection(134)) - 971d177f-fbc5-4c3a-b100-2607610d94ec: shutdown LeaderElection
2019-11-13 13:02:48,883 [971d177f-fbc5-4c3a-b100-2607610d94ec@group-28BF1C14A3EE-LeaderElection244] INFO  impl.RoleInfo (RoleInfo.java:updateAndGet(143)) - 971d177f-fbc5-4c3a-b100-2607610d94ec: start FollowerState
2019-11-13 13:02:49,486 [Thread-4466] INFO  impl.FollowerState (FollowerState.java:run(111)) - 1a33519a-3def-4d79-b3e5-c4d8286dc86e@group-FFCD4D7C2DEB-FollowerState: change to CANDIDATE, lastRpcTime:1199ms, electionTimeout:1199ms
2019-11-13 13:02:49,486 [Thread-4466] INFO  impl.RoleInfo (RoleInfo.java:shutdownFollowerState(121)) - 1a33519a-3def-4d79-b3e5-c4d8286dc86e: shutdown FollowerState
2019-11-13 13:02:49,486 [Thread-4466] INFO  impl.RaftServerImpl (RaftServerImpl.java:setRole(173)) - 1a33519a-3def-4d79-b3e5-c4d8286dc86e@group-FFCD4D7C2DEB: changes role from  FOLLOWER to CANDIDATE at term 8 for changeToCandidate
2019-11-13 13:02:49,486 [Thread-4466] INFO  impl.RoleInfo (RoleInfo.java:updateAndGet(143)) - 1a33519a-3def-4d79-b3e5-c4d8286dc86e: start LeaderElection
2019-11-13 13:02:49,556 [1a33519a-3def-4d79-b3e5-c4d8286dc86e@group-FFCD4D7C2DEB-LeaderElection245] INFO  impl.LeaderElection (LeaderElection.java:askForVotes(178)) - 1a33519a-3def-4d79-b3e5-c4d8286dc86e@group-FFCD4D7C2DEB-LeaderElection245: begin an election at term 9 for -1: [1a33519a-3def-4d79-b3e5-c4d8286dc86e:192.168.157.200:40699, 3d7387af-ecb5-4c7d-b20b-5fe48849adda:192.168.157.200:37245, 318b4bc4-2a6a-4055-b801-3341d5814353:192.168.157.200:34345], old=null
2019-11-13 13:02:49,559 [grpc-default-executor-11] WARN  server.GrpcServerProtocolService (LogUtils.java:warn(136)) - 318b4bc4-2a6a-4055-b801-3341d5814353: Failed requestVote 1a33519a-3def-4d79-b3e5-c4d8286dc86e->318b4bc4-2a6a-4055-b801-3341d5814353#0
org.apache.ratis.protocol.GroupMismatchException: 318b4bc4-2a6a-4055-b801-3341d5814353: group-FFCD4D7C2DEB not found.
	at org.apache.ratis.server.impl.RaftServerProxy$ImplMap.get(RaftServerProxy.java:122)
	at org.apache.ratis.server.impl.RaftServerProxy.getImplFuture(RaftServerProxy.java:269)
	at org.apache.ratis.server.impl.RaftServerProxy.getImpl(RaftServerProxy.java:278)
	at org.apache.ratis.server.impl.RaftServerProxy.getImpl(RaftServerProxy.java:273)
	at org.apache.ratis.server.impl.RaftServerProxy.requestVote(RaftServerProxy.java:443)
	at org.apache.ratis.grpc.server.GrpcServerProtocolService.requestVote(GrpcServerProtocolService.java:142)
	at org.apache.ratis.proto.grpc.RaftServerProtocolServiceGrpc$MethodHandlers.invoke(RaftServerProtocolServiceGrpc.java:319)
	at org.apache.ratis.thirdparty.io.grpc.stub.ServerCalls$UnaryServerCallHandler$UnaryServerCallListener.onHalfClose(ServerCalls.java:171)
	at org.apache.ratis.thirdparty.io.grpc.internal.ServerCallImpl$ServerStreamListenerImpl.halfClosed(ServerCallImpl.java:283)
	at org.apache.ratis.thirdparty.io.grpc.internal.ServerImpl$JumpToApplicationThreadServerStreamListener$1HalfClosed.runInContext(ServerImpl.java:710)
	at org.apache.ratis.thirdparty.io.grpc.internal.ContextRunnable.run(ContextRunnable.java:37)
	at org.apache.ratis.thirdparty.io.grpc.internal.SerializingExecutor.run(SerializingExecutor.java:123)
	at java.util.concurrent.ThreadPoolExecutor.runWorker(ThreadPoolExecutor.java:1149)
	at java.util.concurrent.ThreadPoolExecutor$Worker.run(ThreadPoolExecutor.java:624)
	at java.lang.Thread.run(Thread.java:748)
2019-11-13 13:02:49,559 [grpc-default-executor-2] WARN  server.GrpcServerProtocolService (LogUtils.java:warn(136)) - 3d7387af-ecb5-4c7d-b20b-5fe48849adda: Failed requestVote 1a33519a-3def-4d79-b3e5-c4d8286dc86e->3d7387af-ecb5-4c7d-b20b-5fe48849adda#0
org.apache.ratis.protocol.GroupMismatchException: 3d7387af-ecb5-4c7d-b20b-5fe48849adda: group-FFCD4D7C2DEB not found.
	at org.apache.ratis.server.impl.RaftServerProxy$ImplMap.get(RaftServerProxy.java:122)
	at org.apache.ratis.server.impl.RaftServerProxy.getImplFuture(RaftServerProxy.java:269)
	at org.apache.ratis.server.impl.RaftServerProxy.getImpl(RaftServerProxy.java:278)
	at org.apache.ratis.server.impl.RaftServerProxy.getImpl(RaftServerProxy.java:273)
	at org.apache.ratis.server.impl.RaftServerProxy.requestVote(RaftServerProxy.java:443)
	at org.apache.ratis.grpc.server.GrpcServerProtocolService.requestVote(GrpcServerProtocolService.java:142)
	at org.apache.ratis.proto.grpc.RaftServerProtocolServiceGrpc$MethodHandlers.invoke(RaftServerProtocolServiceGrpc.java:319)
	at org.apache.ratis.thirdparty.io.grpc.stub.ServerCalls$UnaryServerCallHandler$UnaryServerCallListener.onHalfClose(ServerCalls.java:171)
	at org.apache.ratis.thirdparty.io.grpc.internal.ServerCallImpl$ServerStreamListenerImpl.halfClosed(ServerCallImpl.java:283)
	at org.apache.ratis.thirdparty.io.grpc.internal.ServerImpl$JumpToApplicationThreadServerStreamListener$1HalfClosed.runInContext(ServerImpl.java:710)
	at org.apache.ratis.thirdparty.io.grpc.internal.ContextRunnable.run(ContextRunnable.java:37)
	at org.apache.ratis.thirdparty.io.grpc.internal.SerializingExecutor.run(SerializingExecutor.java:123)
	at java.util.concurrent.ThreadPoolExecutor.runWorker(ThreadPoolExecutor.java:1149)
	at java.util.concurrent.ThreadPoolExecutor$Worker.run(ThreadPoolExecutor.java:624)
	at java.lang.Thread.run(Thread.java:748)
2019-11-13 13:02:49,571 [1a33519a-3def-4d79-b3e5-c4d8286dc86e@group-FFCD4D7C2DEB-LeaderElection245] INFO  impl.LeaderElection (LogUtils.java:infoOrTrace(149)) - 1a33519a-3def-4d79-b3e5-c4d8286dc86e@group-FFCD4D7C2DEB-LeaderElection245 got exception when requesting votes: {}
java.util.concurrent.ExecutionException: org.apache.ratis.thirdparty.io.grpc.StatusRuntimeException: INTERNAL: 318b4bc4-2a6a-4055-b801-3341d5814353: group-FFCD4D7C2DEB not found.
	at java.util.concurrent.FutureTask.report(FutureTask.java:122)
	at java.util.concurrent.FutureTask.get(FutureTask.java:192)
	at org.apache.ratis.server.impl.LeaderElection.waitForResults(LeaderElection.java:259)
	at org.apache.ratis.server.impl.LeaderElection.askForVotes(LeaderElection.java:197)
	at org.apache.ratis.server.impl.LeaderElection.run(LeaderElection.java:133)
	at java.lang.Thread.run(Thread.java:748)
Caused by: org.apache.ratis.thirdparty.io.grpc.StatusRuntimeException: INTERNAL: 318b4bc4-2a6a-4055-b801-3341d5814353: group-FFCD4D7C2DEB not found.
	at org.apache.ratis.thirdparty.io.grpc.stub.ClientCalls.toStatusRuntimeException(ClientCalls.java:233)
	at org.apache.ratis.thirdparty.io.grpc.stub.ClientCalls.getUnchecked(ClientCalls.java:214)
	at org.apache.ratis.thirdparty.io.grpc.stub.ClientCalls.blockingUnaryCall(ClientCalls.java:139)
	at org.apache.ratis.proto.grpc.RaftServerProtocolServiceGrpc$RaftServerProtocolServiceBlockingStub.requestVote(RaftServerProtocolServiceGrpc.java:265)
	at org.apache.ratis.grpc.server.GrpcServerProtocolClient.requestVote(GrpcServerProtocolClient.java:99)
	at org.apache.ratis.grpc.server.GrpcService.requestVote(GrpcService.java:204)
	at org.apache.ratis.server.impl.LeaderElection.lambda$submitRequests$1(LeaderElection.java:234)
	at java.util.concurrent.FutureTask.run(FutureTask.java:266)
	at java.util.concurrent.Executors$RunnableAdapter.call(Executors.java:511)
	at java.util.concurrent.FutureTask.run(FutureTask.java:266)
	at java.util.concurrent.ThreadPoolExecutor.runWorker(ThreadPoolExecutor.java:1149)
	at java.util.concurrent.ThreadPoolExecutor$Worker.run(ThreadPoolExecutor.java:624)
	... 1 more
2019-11-13 13:02:49,572 [1a33519a-3def-4d79-b3e5-c4d8286dc86e@group-FFCD4D7C2DEB-LeaderElection245] INFO  impl.LeaderElection (LogUtils.java:infoOrTrace(149)) - 1a33519a-3def-4d79-b3e5-c4d8286dc86e@group-FFCD4D7C2DEB-LeaderElection245 got exception when requesting votes: {}
java.util.concurrent.ExecutionException: org.apache.ratis.thirdparty.io.grpc.StatusRuntimeException: INTERNAL: 3d7387af-ecb5-4c7d-b20b-5fe48849adda: group-FFCD4D7C2DEB not found.
	at java.util.concurrent.FutureTask.report(FutureTask.java:122)
	at java.util.concurrent.FutureTask.get(FutureTask.java:192)
	at org.apache.ratis.server.impl.LeaderElection.waitForResults(LeaderElection.java:259)
	at org.apache.ratis.server.impl.LeaderElection.askForVotes(LeaderElection.java:197)
	at org.apache.ratis.server.impl.LeaderElection.run(LeaderElection.java:133)
	at java.lang.Thread.run(Thread.java:748)
Caused by: org.apache.ratis.thirdparty.io.grpc.StatusRuntimeException: INTERNAL: 3d7387af-ecb5-4c7d-b20b-5fe48849adda: group-FFCD4D7C2DEB not found.
	at org.apache.ratis.thirdparty.io.grpc.stub.ClientCalls.toStatusRuntimeException(ClientCalls.java:233)
	at org.apache.ratis.thirdparty.io.grpc.stub.ClientCalls.getUnchecked(ClientCalls.java:214)
	at org.apache.ratis.thirdparty.io.grpc.stub.ClientCalls.blockingUnaryCall(ClientCalls.java:139)
	at org.apache.ratis.proto.grpc.RaftServerProtocolServiceGrpc$RaftServerProtocolServiceBlockingStub.requestVote(RaftServerProtocolServiceGrpc.java:265)
	at org.apache.ratis.grpc.server.GrpcServerProtocolClient.requestVote(GrpcServerProtocolClient.java:99)
	at org.apache.ratis.grpc.server.GrpcService.requestVote(GrpcService.java:204)
	at org.apache.ratis.server.impl.LeaderElection.lambda$submitRequests$1(LeaderElection.java:234)
	at java.util.concurrent.FutureTask.run(FutureTask.java:266)
	at java.util.concurrent.Executors$RunnableAdapter.call(Executors.java:511)
	at java.util.concurrent.FutureTask.run(FutureTask.java:266)
	at java.util.concurrent.ThreadPoolExecutor.runWorker(ThreadPoolExecutor.java:1149)
	at java.util.concurrent.ThreadPoolExecutor$Worker.run(ThreadPoolExecutor.java:624)
	... 1 more
2019-11-13 13:02:49,572 [1a33519a-3def-4d79-b3e5-c4d8286dc86e@group-FFCD4D7C2DEB-LeaderElection245] INFO  impl.LeaderElection (LeaderElection.java:logAndReturn(56)) - 1a33519a-3def-4d79-b3e5-c4d8286dc86e@group-FFCD4D7C2DEB-LeaderElection245: Election REJECTED; received 0 response(s) [] and 2 exception(s); 1a33519a-3def-4d79-b3e5-c4d8286dc86e@group-FFCD4D7C2DEB:t9, leader=null, voted=1a33519a-3def-4d79-b3e5-c4d8286dc86e, raftlog=1a33519a-3def-4d79-b3e5-c4d8286dc86e@group-FFCD4D7C2DEB-SegmentedRaftLog:OPENED:c-1,f-1,i0, conf=-1: [1a33519a-3def-4d79-b3e5-c4d8286dc86e:192.168.157.200:40699, 3d7387af-ecb5-4c7d-b20b-5fe48849adda:192.168.157.200:37245, 318b4bc4-2a6a-4055-b801-3341d5814353:192.168.157.200:34345], old=null
2019-11-13 13:02:49,572 [1a33519a-3def-4d79-b3e5-c4d8286dc86e@group-FFCD4D7C2DEB-LeaderElection245] INFO  impl.LeaderElection (LogUtils.java:infoOrTrace(149)) -   Exception 0: {}
java.util.concurrent.ExecutionException: org.apache.ratis.thirdparty.io.grpc.StatusRuntimeException: INTERNAL: 318b4bc4-2a6a-4055-b801-3341d5814353: group-FFCD4D7C2DEB not found.
	at java.util.concurrent.FutureTask.report(FutureTask.java:122)
	at java.util.concurrent.FutureTask.get(FutureTask.java:192)
	at org.apache.ratis.server.impl.LeaderElection.waitForResults(LeaderElection.java:259)
	at org.apache.ratis.server.impl.LeaderElection.askForVotes(LeaderElection.java:197)
	at org.apache.ratis.server.impl.LeaderElection.run(LeaderElection.java:133)
	at java.lang.Thread.run(Thread.java:748)
Caused by: org.apache.ratis.thirdparty.io.grpc.StatusRuntimeException: INTERNAL: 318b4bc4-2a6a-4055-b801-3341d5814353: group-FFCD4D7C2DEB not found.
	at org.apache.ratis.thirdparty.io.grpc.stub.ClientCalls.toStatusRuntimeException(ClientCalls.java:233)
	at org.apache.ratis.thirdparty.io.grpc.stub.ClientCalls.getUnchecked(ClientCalls.java:214)
	at org.apache.ratis.thirdparty.io.grpc.stub.ClientCalls.blockingUnaryCall(ClientCalls.java:139)
	at org.apache.ratis.proto.grpc.RaftServerProtocolServiceGrpc$RaftServerProtocolServiceBlockingStub.requestVote(RaftServerProtocolServiceGrpc.java:265)
	at org.apache.ratis.grpc.server.GrpcServerProtocolClient.requestVote(GrpcServerProtocolClient.java:99)
	at org.apache.ratis.grpc.server.GrpcService.requestVote(GrpcService.java:204)
	at org.apache.ratis.server.impl.LeaderElection.lambda$submitRequests$1(LeaderElection.java:234)
	at java.util.concurrent.FutureTask.run(FutureTask.java:266)
	at java.util.concurrent.Executors$RunnableAdapter.call(Executors.java:511)
	at java.util.concurrent.FutureTask.run(FutureTask.java:266)
	at java.util.concurrent.ThreadPoolExecutor.runWorker(ThreadPoolExecutor.java:1149)
	at java.util.concurrent.ThreadPoolExecutor$Worker.run(ThreadPoolExecutor.java:624)
	... 1 more
2019-11-13 13:02:49,573 [1a33519a-3def-4d79-b3e5-c4d8286dc86e@group-FFCD4D7C2DEB-LeaderElection245] INFO  impl.LeaderElection (LogUtils.java:infoOrTrace(149)) -   Exception 1: {}
java.util.concurrent.ExecutionException: org.apache.ratis.thirdparty.io.grpc.StatusRuntimeException: INTERNAL: 3d7387af-ecb5-4c7d-b20b-5fe48849adda: group-FFCD4D7C2DEB not found.
	at java.util.concurrent.FutureTask.report(FutureTask.java:122)
	at java.util.concurrent.FutureTask.get(FutureTask.java:192)
	at org.apache.ratis.server.impl.LeaderElection.waitForResults(LeaderElection.java:259)
	at org.apache.ratis.server.impl.LeaderElection.askForVotes(LeaderElection.java:197)
	at org.apache.ratis.server.impl.LeaderElection.run(LeaderElection.java:133)
	at java.lang.Thread.run(Thread.java:748)
Caused by: org.apache.ratis.thirdparty.io.grpc.StatusRuntimeException: INTERNAL: 3d7387af-ecb5-4c7d-b20b-5fe48849adda: group-FFCD4D7C2DEB not found.
	at org.apache.ratis.thirdparty.io.grpc.stub.ClientCalls.toStatusRuntimeException(ClientCalls.java:233)
	at org.apache.ratis.thirdparty.io.grpc.stub.ClientCalls.getUnchecked(ClientCalls.java:214)
	at org.apache.ratis.thirdparty.io.grpc.stub.ClientCalls.blockingUnaryCall(ClientCalls.java:139)
	at org.apache.ratis.proto.grpc.RaftServerProtocolServiceGrpc$RaftServerProtocolServiceBlockingStub.requestVote(RaftServerProtocolServiceGrpc.java:265)
	at org.apache.ratis.grpc.server.GrpcServerProtocolClient.requestVote(GrpcServerProtocolClient.java:99)
	at org.apache.ratis.grpc.server.GrpcService.requestVote(GrpcService.java:204)
	at org.apache.ratis.server.impl.LeaderElection.lambda$submitRequests$1(LeaderElection.java:234)
	at java.util.concurrent.FutureTask.run(FutureTask.java:266)
	at java.util.concurrent.Executors$RunnableAdapter.call(Executors.java:511)
	at java.util.concurrent.FutureTask.run(FutureTask.java:266)
	at java.util.concurrent.ThreadPoolExecutor.runWorker(ThreadPoolExecutor.java:1149)
	at java.util.concurrent.ThreadPoolExecutor$Worker.run(ThreadPoolExecutor.java:624)
	... 1 more
2019-11-13 13:02:49,573 [1a33519a-3def-4d79-b3e5-c4d8286dc86e@group-FFCD4D7C2DEB-LeaderElection245] INFO  impl.RaftServerImpl (RaftServerImpl.java:setRole(173)) - 1a33519a-3def-4d79-b3e5-c4d8286dc86e@group-FFCD4D7C2DEB: changes role from CANDIDATE to FOLLOWER at term 9 for DISCOVERED_A_NEW_TERM
2019-11-13 13:02:49,573 [1a33519a-3def-4d79-b3e5-c4d8286dc86e@group-FFCD4D7C2DEB-LeaderElection245] INFO  impl.RoleInfo (RoleInfo.java:shutdownLeaderElection(134)) - 1a33519a-3def-4d79-b3e5-c4d8286dc86e: shutdown LeaderElection
2019-11-13 13:02:49,573 [1a33519a-3def-4d79-b3e5-c4d8286dc86e@group-FFCD4D7C2DEB-LeaderElection245] INFO  impl.RoleInfo (RoleInfo.java:updateAndGet(143)) - 1a33519a-3def-4d79-b3e5-c4d8286dc86e: start FollowerState
2019-11-13 13:02:49,905 [Thread-4474] INFO  impl.FollowerState (FollowerState.java:run(111)) - 971d177f-fbc5-4c3a-b100-2607610d94ec@group-28BF1C14A3EE-FollowerState: change to CANDIDATE, lastRpcTime:1021ms, electionTimeout:1021ms
2019-11-13 13:02:49,905 [Thread-4474] INFO  impl.RoleInfo (RoleInfo.java:shutdownFollowerState(121)) - 971d177f-fbc5-4c3a-b100-2607610d94ec: shutdown FollowerState
2019-11-13 13:02:49,906 [Thread-4474] INFO  impl.RaftServerImpl (RaftServerImpl.java:setRole(173)) - 971d177f-fbc5-4c3a-b100-2607610d94ec@group-28BF1C14A3EE: changes role from  FOLLOWER to CANDIDATE at term 4 for changeToCandidate
2019-11-13 13:02:49,906 [Thread-4474] INFO  impl.RoleInfo (RoleInfo.java:updateAndGet(143)) - 971d177f-fbc5-4c3a-b100-2607610d94ec: start LeaderElection
2019-11-13 13:02:49,965 [971d177f-fbc5-4c3a-b100-2607610d94ec@group-28BF1C14A3EE-LeaderElection246] INFO  impl.LeaderElection (LeaderElection.java:askForVotes(178)) - 971d177f-fbc5-4c3a-b100-2607610d94ec@group-28BF1C14A3EE-LeaderElection246: begin an election at term 5 for 0: [8ff9d20a-2236-45f0-8596-c8d53407e80c:192.168.157.200:39500, 7ba291c4-9ee0-417b-844f-44a16c4ba9e2:192.168.157.200:33359, 971d177f-fbc5-4c3a-b100-2607610d94ec:192.168.157.200:33290], old=null
2019-11-13 13:02:49,968 [971d177f-fbc5-4c3a-b100-2607610d94ec@group-28BF1C14A3EE-LeaderElection246] INFO  impl.LeaderElection (LogUtils.java:infoOrTrace(149)) - 971d177f-fbc5-4c3a-b100-2607610d94ec@group-28BF1C14A3EE-LeaderElection246 got exception when requesting votes: {}
java.util.concurrent.ExecutionException: org.apache.ratis.thirdparty.io.grpc.StatusRuntimeException: UNAVAILABLE: io exception
	at java.util.concurrent.FutureTask.report(FutureTask.java:122)
	at java.util.concurrent.FutureTask.get(FutureTask.java:192)
	at org.apache.ratis.server.impl.LeaderElection.waitForResults(LeaderElection.java:259)
	at org.apache.ratis.server.impl.LeaderElection.askForVotes(LeaderElection.java:197)
	at org.apache.ratis.server.impl.LeaderElection.run(LeaderElection.java:133)
	at java.lang.Thread.run(Thread.java:748)
Caused by: org.apache.ratis.thirdparty.io.grpc.StatusRuntimeException: UNAVAILABLE: io exception
	at org.apache.ratis.thirdparty.io.grpc.stub.ClientCalls.toStatusRuntimeException(ClientCalls.java:233)
	at org.apache.ratis.thirdparty.io.grpc.stub.ClientCalls.getUnchecked(ClientCalls.java:214)
	at org.apache.ratis.thirdparty.io.grpc.stub.ClientCalls.blockingUnaryCall(ClientCalls.java:139)
	at org.apache.ratis.proto.grpc.RaftServerProtocolServiceGrpc$RaftServerProtocolServiceBlockingStub.requestVote(RaftServerProtocolServiceGrpc.java:265)
	at org.apache.ratis.grpc.server.GrpcServerProtocolClient.requestVote(GrpcServerProtocolClient.java:99)
	at org.apache.ratis.grpc.server.GrpcService.requestVote(GrpcService.java:204)
	at org.apache.ratis.server.impl.LeaderElection.lambda$submitRequests$1(LeaderElection.java:234)
	at java.util.concurrent.FutureTask.run(FutureTask.java:266)
	at java.util.concurrent.Executors$RunnableAdapter.call(Executors.java:511)
	at java.util.concurrent.FutureTask.run(FutureTask.java:266)
	at java.util.concurrent.ThreadPoolExecutor.runWorker(ThreadPoolExecutor.java:1149)
	at java.util.concurrent.ThreadPoolExecutor$Worker.run(ThreadPoolExecutor.java:624)
	... 1 more
Caused by: org.apache.ratis.thirdparty.io.netty.channel.AbstractChannel$AnnotatedConnectException: Connection refused: /192.168.157.200:33359
	at sun.nio.ch.SocketChannelImpl.checkConnect(Native Method)
	at sun.nio.ch.SocketChannelImpl.finishConnect(SocketChannelImpl.java:717)
	at org.apache.ratis.thirdparty.io.netty.channel.socket.nio.NioSocketChannel.doFinishConnect(NioSocketChannel.java:327)
	at org.apache.ratis.thirdparty.io.netty.channel.nio.AbstractNioChannel$AbstractNioUnsafe.finishConnect(AbstractNioChannel.java:340)
	at org.apache.ratis.thirdparty.io.netty.channel.nio.NioEventLoop.processSelectedKey(NioEventLoop.java:632)
	at org.apache.ratis.thirdparty.io.netty.channel.nio.NioEventLoop.processSelectedKeysOptimized(NioEventLoop.java:579)
	at org.apache.ratis.thirdparty.io.netty.channel.nio.NioEventLoop.processSelectedKeys(NioEventLoop.java:496)
	at org.apache.ratis.thirdparty.io.netty.channel.nio.NioEventLoop.run(NioEventLoop.java:458)
	at org.apache.ratis.thirdparty.io.netty.util.concurrent.SingleThreadEventExecutor$5.run(SingleThreadEventExecutor.java:897)
	at org.apache.ratis.thirdparty.io.netty.util.concurrent.FastThreadLocalRunnable.run(FastThreadLocalRunnable.java:30)
	... 1 more
Caused by: java.net.ConnectException: Connection refused
	... 11 more
2019-11-13 13:02:49,969 [971d177f-fbc5-4c3a-b100-2607610d94ec@group-28BF1C14A3EE-LeaderElection246] INFO  impl.LeaderElection (LogUtils.java:infoOrTrace(149)) - 971d177f-fbc5-4c3a-b100-2607610d94ec@group-28BF1C14A3EE-LeaderElection246 got exception when requesting votes: {}
java.util.concurrent.ExecutionException: org.apache.ratis.thirdparty.io.grpc.StatusRuntimeException: UNAVAILABLE: io exception
	at java.util.concurrent.FutureTask.report(FutureTask.java:122)
	at java.util.concurrent.FutureTask.get(FutureTask.java:192)
	at org.apache.ratis.server.impl.LeaderElection.waitForResults(LeaderElection.java:259)
	at org.apache.ratis.server.impl.LeaderElection.askForVotes(LeaderElection.java:197)
	at org.apache.ratis.server.impl.LeaderElection.run(LeaderElection.java:133)
	at java.lang.Thread.run(Thread.java:748)
Caused by: org.apache.ratis.thirdparty.io.grpc.StatusRuntimeException: UNAVAILABLE: io exception
	at org.apache.ratis.thirdparty.io.grpc.stub.ClientCalls.toStatusRuntimeException(ClientCalls.java:233)
	at org.apache.ratis.thirdparty.io.grpc.stub.ClientCalls.getUnchecked(ClientCalls.java:214)
	at org.apache.ratis.thirdparty.io.grpc.stub.ClientCalls.blockingUnaryCall(ClientCalls.java:139)
	at org.apache.ratis.proto.grpc.RaftServerProtocolServiceGrpc$RaftServerProtocolServiceBlockingStub.requestVote(RaftServerProtocolServiceGrpc.java:265)
	at org.apache.ratis.grpc.server.GrpcServerProtocolClient.requestVote(GrpcServerProtocolClient.java:99)
	at org.apache.ratis.grpc.server.GrpcService.requestVote(GrpcService.java:204)
	at org.apache.ratis.server.impl.LeaderElection.lambda$submitRequests$1(LeaderElection.java:234)
	at java.util.concurrent.FutureTask.run(FutureTask.java:266)
	at java.util.concurrent.Executors$RunnableAdapter.call(Executors.java:511)
	at java.util.concurrent.FutureTask.run(FutureTask.java:266)
	at java.util.concurrent.ThreadPoolExecutor.runWorker(ThreadPoolExecutor.java:1149)
	at java.util.concurrent.ThreadPoolExecutor$Worker.run(ThreadPoolExecutor.java:624)
	... 1 more
Caused by: org.apache.ratis.thirdparty.io.netty.channel.AbstractChannel$AnnotatedConnectException: Connection refused: /192.168.157.200:39500
	at sun.nio.ch.SocketChannelImpl.checkConnect(Native Method)
	at sun.nio.ch.SocketChannelImpl.finishConnect(SocketChannelImpl.java:717)
	at org.apache.ratis.thirdparty.io.netty.channel.socket.nio.NioSocketChannel.doFinishConnect(NioSocketChannel.java:327)
	at org.apache.ratis.thirdparty.io.netty.channel.nio.AbstractNioChannel$AbstractNioUnsafe.finishConnect(AbstractNioChannel.java:340)
	at org.apache.ratis.thirdparty.io.netty.channel.nio.NioEventLoop.processSelectedKey(NioEventLoop.java:632)
	at org.apache.ratis.thirdparty.io.netty.channel.nio.NioEventLoop.processSelectedKeysOptimized(NioEventLoop.java:579)
	at org.apache.ratis.thirdparty.io.netty.channel.nio.NioEventLoop.processSelectedKeys(NioEventLoop.java:496)
	at org.apache.ratis.thirdparty.io.netty.channel.nio.NioEventLoop.run(NioEventLoop.java:458)
	at org.apache.ratis.thirdparty.io.netty.util.concurrent.SingleThreadEventExecutor$5.run(SingleThreadEventExecutor.java:897)
	at org.apache.ratis.thirdparty.io.netty.util.concurrent.FastThreadLocalRunnable.run(FastThreadLocalRunnable.java:30)
	... 1 more
Caused by: java.net.ConnectException: Connection refused
	... 11 more
2019-11-13 13:02:49,970 [971d177f-fbc5-4c3a-b100-2607610d94ec@group-28BF1C14A3EE-LeaderElection246] INFO  impl.LeaderElection (LeaderElection.java:logAndReturn(56)) - 971d177f-fbc5-4c3a-b100-2607610d94ec@group-28BF1C14A3EE-LeaderElection246: Election REJECTED; received 0 response(s) [] and 2 exception(s); 971d177f-fbc5-4c3a-b100-2607610d94ec@group-28BF1C14A3EE:t5, leader=null, voted=971d177f-fbc5-4c3a-b100-2607610d94ec, raftlog=971d177f-fbc5-4c3a-b100-2607610d94ec@group-28BF1C14A3EE-SegmentedRaftLog:OPENED:c0,f0,i0, conf=0: [8ff9d20a-2236-45f0-8596-c8d53407e80c:192.168.157.200:39500, 7ba291c4-9ee0-417b-844f-44a16c4ba9e2:192.168.157.200:33359, 971d177f-fbc5-4c3a-b100-2607610d94ec:192.168.157.200:33290], old=null
2019-11-13 13:02:49,970 [971d177f-fbc5-4c3a-b100-2607610d94ec@group-28BF1C14A3EE-LeaderElection246] INFO  impl.LeaderElection (LogUtils.java:infoOrTrace(149)) -   Exception 0: {}
java.util.concurrent.ExecutionException: org.apache.ratis.thirdparty.io.grpc.StatusRuntimeException: UNAVAILABLE: io exception
	at java.util.concurrent.FutureTask.report(FutureTask.java:122)
	at java.util.concurrent.FutureTask.get(FutureTask.java:192)
	at org.apache.ratis.server.impl.LeaderElection.waitForResults(LeaderElection.java:259)
	at org.apache.ratis.server.impl.LeaderElection.askForVotes(LeaderElection.java:197)
	at org.apache.ratis.server.impl.LeaderElection.run(LeaderElection.java:133)
	at java.lang.Thread.run(Thread.java:748)
Caused by: org.apache.ratis.thirdparty.io.grpc.StatusRuntimeException: UNAVAILABLE: io exception
	at org.apache.ratis.thirdparty.io.grpc.stub.ClientCalls.toStatusRuntimeException(ClientCalls.java:233)
	at org.apache.ratis.thirdparty.io.grpc.stub.ClientCalls.getUnchecked(ClientCalls.java:214)
	at org.apache.ratis.thirdparty.io.grpc.stub.ClientCalls.blockingUnaryCall(ClientCalls.java:139)
	at org.apache.ratis.proto.grpc.RaftServerProtocolServiceGrpc$RaftServerProtocolServiceBlockingStub.requestVote(RaftServerProtocolServiceGrpc.java:265)
	at org.apache.ratis.grpc.server.GrpcServerProtocolClient.requestVote(GrpcServerProtocolClient.java:99)
	at org.apache.ratis.grpc.server.GrpcService.requestVote(GrpcService.java:204)
	at org.apache.ratis.server.impl.LeaderElection.lambda$submitRequests$1(LeaderElection.java:234)
	at java.util.concurrent.FutureTask.run(FutureTask.java:266)
	at java.util.concurrent.Executors$RunnableAdapter.call(Executors.java:511)
	at java.util.concurrent.FutureTask.run(FutureTask.java:266)
	at java.util.concurrent.ThreadPoolExecutor.runWorker(ThreadPoolExecutor.java:1149)
	at java.util.concurrent.ThreadPoolExecutor$Worker.run(ThreadPoolExecutor.java:624)
	... 1 more
Caused by: org.apache.ratis.thirdparty.io.netty.channel.AbstractChannel$AnnotatedConnectException: Connection refused: /192.168.157.200:33359
	at sun.nio.ch.SocketChannelImpl.checkConnect(Native Method)
	at sun.nio.ch.SocketChannelImpl.finishConnect(SocketChannelImpl.java:717)
	at org.apache.ratis.thirdparty.io.netty.channel.socket.nio.NioSocketChannel.doFinishConnect(NioSocketChannel.java:327)
	at org.apache.ratis.thirdparty.io.netty.channel.nio.AbstractNioChannel$AbstractNioUnsafe.finishConnect(AbstractNioChannel.java:340)
	at org.apache.ratis.thirdparty.io.netty.channel.nio.NioEventLoop.processSelectedKey(NioEventLoop.java:632)
	at org.apache.ratis.thirdparty.io.netty.channel.nio.NioEventLoop.processSelectedKeysOptimized(NioEventLoop.java:579)
	at org.apache.ratis.thirdparty.io.netty.channel.nio.NioEventLoop.processSelectedKeys(NioEventLoop.java:496)
	at org.apache.ratis.thirdparty.io.netty.channel.nio.NioEventLoop.run(NioEventLoop.java:458)
	at org.apache.ratis.thirdparty.io.netty.util.concurrent.SingleThreadEventExecutor$5.run(SingleThreadEventExecutor.java:897)
	at org.apache.ratis.thirdparty.io.netty.util.concurrent.FastThreadLocalRunnable.run(FastThreadLocalRunnable.java:30)
	... 1 more
Caused by: java.net.ConnectException: Connection refused
	... 11 more
2019-11-13 13:02:49,970 [971d177f-fbc5-4c3a-b100-2607610d94ec@group-28BF1C14A3EE-LeaderElection246] INFO  impl.LeaderElection (LogUtils.java:infoOrTrace(149)) -   Exception 1: {}
java.util.concurrent.ExecutionException: org.apache.ratis.thirdparty.io.grpc.StatusRuntimeException: UNAVAILABLE: io exception
	at java.util.concurrent.FutureTask.report(FutureTask.java:122)
	at java.util.concurrent.FutureTask.get(FutureTask.java:192)
	at org.apache.ratis.server.impl.LeaderElection.waitForResults(LeaderElection.java:259)
	at org.apache.ratis.server.impl.LeaderElection.askForVotes(LeaderElection.java:197)
	at org.apache.ratis.server.impl.LeaderElection.run(LeaderElection.java:133)
	at java.lang.Thread.run(Thread.java:748)
Caused by: org.apache.ratis.thirdparty.io.grpc.StatusRuntimeException: UNAVAILABLE: io exception
	at org.apache.ratis.thirdparty.io.grpc.stub.ClientCalls.toStatusRuntimeException(ClientCalls.java:233)
	at org.apache.ratis.thirdparty.io.grpc.stub.ClientCalls.getUnchecked(ClientCalls.java:214)
	at org.apache.ratis.thirdparty.io.grpc.stub.ClientCalls.blockingUnaryCall(ClientCalls.java:139)
	at org.apache.ratis.proto.grpc.RaftServerProtocolServiceGrpc$RaftServerProtocolServiceBlockingStub.requestVote(RaftServerProtocolServiceGrpc.java:265)
	at org.apache.ratis.grpc.server.GrpcServerProtocolClient.requestVote(GrpcServerProtocolClient.java:99)
	at org.apache.ratis.grpc.server.GrpcService.requestVote(GrpcService.java:204)
	at org.apache.ratis.server.impl.LeaderElection.lambda$submitRequests$1(LeaderElection.java:234)
	at java.util.concurrent.FutureTask.run(FutureTask.java:266)
	at java.util.concurrent.Executors$RunnableAdapter.call(Executors.java:511)
	at java.util.concurrent.FutureTask.run(FutureTask.java:266)
	at java.util.concurrent.ThreadPoolExecutor.runWorker(ThreadPoolExecutor.java:1149)
	at java.util.concurrent.ThreadPoolExecutor$Worker.run(ThreadPoolExecutor.java:624)
	... 1 more
Caused by: org.apache.ratis.thirdparty.io.netty.channel.AbstractChannel$AnnotatedConnectException: Connection refused: /192.168.157.200:39500
	at sun.nio.ch.SocketChannelImpl.checkConnect(Native Method)
	at sun.nio.ch.SocketChannelImpl.finishConnect(SocketChannelImpl.java:717)
	at org.apache.ratis.thirdparty.io.netty.channel.socket.nio.NioSocketChannel.doFinishConnect(NioSocketChannel.java:327)
	at org.apache.ratis.thirdparty.io.netty.channel.nio.AbstractNioChannel$AbstractNioUnsafe.finishConnect(AbstractNioChannel.java:340)
	at org.apache.ratis.thirdparty.io.netty.channel.nio.NioEventLoop.processSelectedKey(NioEventLoop.java:632)
	at org.apache.ratis.thirdparty.io.netty.channel.nio.NioEventLoop.processSelectedKeysOptimized(NioEventLoop.java:579)
	at org.apache.ratis.thirdparty.io.netty.channel.nio.NioEventLoop.processSelectedKeys(NioEventLoop.java:496)
	at org.apache.ratis.thirdparty.io.netty.channel.nio.NioEventLoop.run(NioEventLoop.java:458)
	at org.apache.ratis.thirdparty.io.netty.util.concurrent.SingleThreadEventExecutor$5.run(SingleThreadEventExecutor.java:897)
	at org.apache.ratis.thirdparty.io.netty.util.concurrent.FastThreadLocalRunnable.run(FastThreadLocalRunnable.java:30)
	... 1 more
Caused by: java.net.ConnectException: Connection refused
	... 11 more
2019-11-13 13:02:49,971 [971d177f-fbc5-4c3a-b100-2607610d94ec@group-28BF1C14A3EE-LeaderElection246] INFO  impl.RaftServerImpl (RaftServerImpl.java:setRole(173)) - 971d177f-fbc5-4c3a-b100-2607610d94ec@group-28BF1C14A3EE: changes role from CANDIDATE to FOLLOWER at term 5 for DISCOVERED_A_NEW_TERM
2019-11-13 13:02:49,971 [971d177f-fbc5-4c3a-b100-2607610d94ec@group-28BF1C14A3EE-LeaderElection246] INFO  impl.RoleInfo (RoleInfo.java:shutdownLeaderElection(134)) - 971d177f-fbc5-4c3a-b100-2607610d94ec: shutdown LeaderElection
2019-11-13 13:02:49,971 [971d177f-fbc5-4c3a-b100-2607610d94ec@group-28BF1C14A3EE-LeaderElection246] INFO  impl.RoleInfo (RoleInfo.java:updateAndGet(143)) - 971d177f-fbc5-4c3a-b100-2607610d94ec: start FollowerState
2019-11-13 13:02:50,705 [Thread-4486] INFO  impl.FollowerState (FollowerState.java:run(111)) - 1a33519a-3def-4d79-b3e5-c4d8286dc86e@group-FFCD4D7C2DEB-FollowerState: change to CANDIDATE, lastRpcTime:1132ms, electionTimeout:1132ms
2019-11-13 13:02:50,706 [Thread-4486] INFO  impl.RoleInfo (RoleInfo.java:shutdownFollowerState(121)) - 1a33519a-3def-4d79-b3e5-c4d8286dc86e: shutdown FollowerState
2019-11-13 13:02:50,706 [Thread-4486] INFO  impl.RaftServerImpl (RaftServerImpl.java:setRole(173)) - 1a33519a-3def-4d79-b3e5-c4d8286dc86e@group-FFCD4D7C2DEB: changes role from  FOLLOWER to CANDIDATE at term 9 for changeToCandidate
2019-11-13 13:02:50,706 [Thread-4486] INFO  impl.RoleInfo (RoleInfo.java:updateAndGet(143)) - 1a33519a-3def-4d79-b3e5-c4d8286dc86e: start LeaderElection
2019-11-13 13:02:50,755 [1a33519a-3def-4d79-b3e5-c4d8286dc86e@group-FFCD4D7C2DEB-LeaderElection247] INFO  impl.LeaderElection (LeaderElection.java:askForVotes(178)) - 1a33519a-3def-4d79-b3e5-c4d8286dc86e@group-FFCD4D7C2DEB-LeaderElection247: begin an election at term 10 for -1: [1a33519a-3def-4d79-b3e5-c4d8286dc86e:192.168.157.200:40699, 3d7387af-ecb5-4c7d-b20b-5fe48849adda:192.168.157.200:37245, 318b4bc4-2a6a-4055-b801-3341d5814353:192.168.157.200:34345], old=null
2019-11-13 13:02:50,760 [grpc-default-executor-11] WARN  server.GrpcServerProtocolService (LogUtils.java:warn(136)) - 3d7387af-ecb5-4c7d-b20b-5fe48849adda: Failed requestVote 1a33519a-3def-4d79-b3e5-c4d8286dc86e->3d7387af-ecb5-4c7d-b20b-5fe48849adda#0
org.apache.ratis.protocol.GroupMismatchException: 3d7387af-ecb5-4c7d-b20b-5fe48849adda: group-FFCD4D7C2DEB not found.
	at org.apache.ratis.server.impl.RaftServerProxy$ImplMap.get(RaftServerProxy.java:122)
	at org.apache.ratis.server.impl.RaftServerProxy.getImplFuture(RaftServerProxy.java:269)
	at org.apache.ratis.server.impl.RaftServerProxy.getImpl(RaftServerProxy.java:278)
	at org.apache.ratis.server.impl.RaftServerProxy.getImpl(RaftServerProxy.java:273)
	at org.apache.ratis.server.impl.RaftServerProxy.requestVote(RaftServerProxy.java:443)
	at org.apache.ratis.grpc.server.GrpcServerProtocolService.requestVote(GrpcServerProtocolService.java:142)
	at org.apache.ratis.proto.grpc.RaftServerProtocolServiceGrpc$MethodHandlers.invoke(RaftServerProtocolServiceGrpc.java:319)
	at org.apache.ratis.thirdparty.io.grpc.stub.ServerCalls$UnaryServerCallHandler$UnaryServerCallListener.onHalfClose(ServerCalls.java:171)
	at org.apache.ratis.thirdparty.io.grpc.internal.ServerCallImpl$ServerStreamListenerImpl.halfClosed(ServerCallImpl.java:283)
	at org.apache.ratis.thirdparty.io.grpc.internal.ServerImpl$JumpToApplicationThreadServerStreamListener$1HalfClosed.runInContext(ServerImpl.java:710)
	at org.apache.ratis.thirdparty.io.grpc.internal.ContextRunnable.run(ContextRunnable.java:37)
	at org.apache.ratis.thirdparty.io.grpc.internal.SerializingExecutor.run(SerializingExecutor.java:123)
	at java.util.concurrent.ThreadPoolExecutor.runWorker(ThreadPoolExecutor.java:1149)
	at java.util.concurrent.ThreadPoolExecutor$Worker.run(ThreadPoolExecutor.java:624)
	at java.lang.Thread.run(Thread.java:748)
2019-11-13 13:02:50,760 [grpc-default-executor-2] WARN  server.GrpcServerProtocolService (LogUtils.java:warn(136)) - 318b4bc4-2a6a-4055-b801-3341d5814353: Failed requestVote 1a33519a-3def-4d79-b3e5-c4d8286dc86e->318b4bc4-2a6a-4055-b801-3341d5814353#0
org.apache.ratis.protocol.GroupMismatchException: 318b4bc4-2a6a-4055-b801-3341d5814353: group-FFCD4D7C2DEB not found.
	at org.apache.ratis.server.impl.RaftServerProxy$ImplMap.get(RaftServerProxy.java:122)
	at org.apache.ratis.server.impl.RaftServerProxy.getImplFuture(RaftServerProxy.java:269)
	at org.apache.ratis.server.impl.RaftServerProxy.getImpl(RaftServerProxy.java:278)
	at org.apache.ratis.server.impl.RaftServerProxy.getImpl(RaftServerProxy.java:273)
	at org.apache.ratis.server.impl.RaftServerProxy.requestVote(RaftServerProxy.java:443)
	at org.apache.ratis.grpc.server.GrpcServerProtocolService.requestVote(GrpcServerProtocolService.java:142)
	at org.apache.ratis.proto.grpc.RaftServerProtocolServiceGrpc$MethodHandlers.invoke(RaftServerProtocolServiceGrpc.java:319)
	at org.apache.ratis.thirdparty.io.grpc.stub.ServerCalls$UnaryServerCallHandler$UnaryServerCallListener.onHalfClose(ServerCalls.java:171)
	at org.apache.ratis.thirdparty.io.grpc.internal.ServerCallImpl$ServerStreamListenerImpl.halfClosed(ServerCallImpl.java:283)
	at org.apache.ratis.thirdparty.io.grpc.internal.ServerImpl$JumpToApplicationThreadServerStreamListener$1HalfClosed.runInContext(ServerImpl.java:710)
	at org.apache.ratis.thirdparty.io.grpc.internal.ContextRunnable.run(ContextRunnable.java:37)
	at org.apache.ratis.thirdparty.io.grpc.internal.SerializingExecutor.run(SerializingExecutor.java:123)
	at java.util.concurrent.ThreadPoolExecutor.runWorker(ThreadPoolExecutor.java:1149)
	at java.util.concurrent.ThreadPoolExecutor$Worker.run(ThreadPoolExecutor.java:624)
	at java.lang.Thread.run(Thread.java:748)
2019-11-13 13:02:50,763 [1a33519a-3def-4d79-b3e5-c4d8286dc86e@group-FFCD4D7C2DEB-LeaderElection247] INFO  impl.LeaderElection (LogUtils.java:infoOrTrace(149)) - 1a33519a-3def-4d79-b3e5-c4d8286dc86e@group-FFCD4D7C2DEB-LeaderElection247 got exception when requesting votes: {}
java.util.concurrent.ExecutionException: org.apache.ratis.thirdparty.io.grpc.StatusRuntimeException: INTERNAL: 3d7387af-ecb5-4c7d-b20b-5fe48849adda: group-FFCD4D7C2DEB not found.
	at java.util.concurrent.FutureTask.report(FutureTask.java:122)
	at java.util.concurrent.FutureTask.get(FutureTask.java:192)
	at org.apache.ratis.server.impl.LeaderElection.waitForResults(LeaderElection.java:259)
	at org.apache.ratis.server.impl.LeaderElection.askForVotes(LeaderElection.java:197)
	at org.apache.ratis.server.impl.LeaderElection.run(LeaderElection.java:133)
	at java.lang.Thread.run(Thread.java:748)
Caused by: org.apache.ratis.thirdparty.io.grpc.StatusRuntimeException: INTERNAL: 3d7387af-ecb5-4c7d-b20b-5fe48849adda: group-FFCD4D7C2DEB not found.
	at org.apache.ratis.thirdparty.io.grpc.stub.ClientCalls.toStatusRuntimeException(ClientCalls.java:233)
	at org.apache.ratis.thirdparty.io.grpc.stub.ClientCalls.getUnchecked(ClientCalls.java:214)
	at org.apache.ratis.thirdparty.io.grpc.stub.ClientCalls.blockingUnaryCall(ClientCalls.java:139)
	at org.apache.ratis.proto.grpc.RaftServerProtocolServiceGrpc$RaftServerProtocolServiceBlockingStub.requestVote(RaftServerProtocolServiceGrpc.java:265)
	at org.apache.ratis.grpc.server.GrpcServerProtocolClient.requestVote(GrpcServerProtocolClient.java:99)
	at org.apache.ratis.grpc.server.GrpcService.requestVote(GrpcService.java:204)
	at org.apache.ratis.server.impl.LeaderElection.lambda$submitRequests$1(LeaderElection.java:234)
	at java.util.concurrent.FutureTask.run(FutureTask.java:266)
	at java.util.concurrent.Executors$RunnableAdapter.call(Executors.java:511)
	at java.util.concurrent.FutureTask.run(FutureTask.java:266)
	at java.util.concurrent.ThreadPoolExecutor.runWorker(ThreadPoolExecutor.java:1149)
	at java.util.concurrent.ThreadPoolExecutor$Worker.run(ThreadPoolExecutor.java:624)
	... 1 more
2019-11-13 13:02:50,763 [1a33519a-3def-4d79-b3e5-c4d8286dc86e@group-FFCD4D7C2DEB-LeaderElection247] INFO  impl.LeaderElection (LogUtils.java:infoOrTrace(149)) - 1a33519a-3def-4d79-b3e5-c4d8286dc86e@group-FFCD4D7C2DEB-LeaderElection247 got exception when requesting votes: {}
java.util.concurrent.ExecutionException: org.apache.ratis.thirdparty.io.grpc.StatusRuntimeException: INTERNAL: 318b4bc4-2a6a-4055-b801-3341d5814353: group-FFCD4D7C2DEB not found.
	at java.util.concurrent.FutureTask.report(FutureTask.java:122)
	at java.util.concurrent.FutureTask.get(FutureTask.java:192)
	at org.apache.ratis.server.impl.LeaderElection.waitForResults(LeaderElection.java:259)
	at org.apache.ratis.server.impl.LeaderElection.askForVotes(LeaderElection.java:197)
	at org.apache.ratis.server.impl.LeaderElection.run(LeaderElection.java:133)
	at java.lang.Thread.run(Thread.java:748)
Caused by: org.apache.ratis.thirdparty.io.grpc.StatusRuntimeException: INTERNAL: 318b4bc4-2a6a-4055-b801-3341d5814353: group-FFCD4D7C2DEB not found.
	at org.apache.ratis.thirdparty.io.grpc.stub.ClientCalls.toStatusRuntimeException(ClientCalls.java:233)
	at org.apache.ratis.thirdparty.io.grpc.stub.ClientCalls.getUnchecked(ClientCalls.java:214)
	at org.apache.ratis.thirdparty.io.grpc.stub.ClientCalls.blockingUnaryCall(ClientCalls.java:139)
	at org.apache.ratis.proto.grpc.RaftServerProtocolServiceGrpc$RaftServerProtocolServiceBlockingStub.requestVote(RaftServerProtocolServiceGrpc.java:265)
	at org.apache.ratis.grpc.server.GrpcServerProtocolClient.requestVote(GrpcServerProtocolClient.java:99)
	at org.apache.ratis.grpc.server.GrpcService.requestVote(GrpcService.java:204)
	at org.apache.ratis.server.impl.LeaderElection.lambda$submitRequests$1(LeaderElection.java:234)
	at java.util.concurrent.FutureTask.run(FutureTask.java:266)
	at java.util.concurrent.Executors$RunnableAdapter.call(Executors.java:511)
	at java.util.concurrent.FutureTask.run(FutureTask.java:266)
	at java.util.concurrent.ThreadPoolExecutor.runWorker(ThreadPoolExecutor.java:1149)
	at java.util.concurrent.ThreadPoolExecutor$Worker.run(ThreadPoolExecutor.java:624)
	... 1 more
2019-11-13 13:02:50,764 [1a33519a-3def-4d79-b3e5-c4d8286dc86e@group-FFCD4D7C2DEB-LeaderElection247] INFO  impl.LeaderElection (LeaderElection.java:logAndReturn(56)) - 1a33519a-3def-4d79-b3e5-c4d8286dc86e@group-FFCD4D7C2DEB-LeaderElection247: Election REJECTED; received 0 response(s) [] and 2 exception(s); 1a33519a-3def-4d79-b3e5-c4d8286dc86e@group-FFCD4D7C2DEB:t10, leader=null, voted=1a33519a-3def-4d79-b3e5-c4d8286dc86e, raftlog=1a33519a-3def-4d79-b3e5-c4d8286dc86e@group-FFCD4D7C2DEB-SegmentedRaftLog:OPENED:c-1,f-1,i0, conf=-1: [1a33519a-3def-4d79-b3e5-c4d8286dc86e:192.168.157.200:40699, 3d7387af-ecb5-4c7d-b20b-5fe48849adda:192.168.157.200:37245, 318b4bc4-2a6a-4055-b801-3341d5814353:192.168.157.200:34345], old=null
2019-11-13 13:02:50,764 [1a33519a-3def-4d79-b3e5-c4d8286dc86e@group-FFCD4D7C2DEB-LeaderElection247] INFO  impl.LeaderElection (LogUtils.java:infoOrTrace(149)) -   Exception 0: {}
java.util.concurrent.ExecutionException: org.apache.ratis.thirdparty.io.grpc.StatusRuntimeException: INTERNAL: 3d7387af-ecb5-4c7d-b20b-5fe48849adda: group-FFCD4D7C2DEB not found.
	at java.util.concurrent.FutureTask.report(FutureTask.java:122)
	at java.util.concurrent.FutureTask.get(FutureTask.java:192)
	at org.apache.ratis.server.impl.LeaderElection.waitForResults(LeaderElection.java:259)
	at org.apache.ratis.server.impl.LeaderElection.askForVotes(LeaderElection.java:197)
	at org.apache.ratis.server.impl.LeaderElection.run(LeaderElection.java:133)
	at java.lang.Thread.run(Thread.java:748)
Caused by: org.apache.ratis.thirdparty.io.grpc.StatusRuntimeException: INTERNAL: 3d7387af-ecb5-4c7d-b20b-5fe48849adda: group-FFCD4D7C2DEB not found.
	at org.apache.ratis.thirdparty.io.grpc.stub.ClientCalls.toStatusRuntimeException(ClientCalls.java:233)
	at org.apache.ratis.thirdparty.io.grpc.stub.ClientCalls.getUnchecked(ClientCalls.java:214)
	at org.apache.ratis.thirdparty.io.grpc.stub.ClientCalls.blockingUnaryCall(ClientCalls.java:139)
	at org.apache.ratis.proto.grpc.RaftServerProtocolServiceGrpc$RaftServerProtocolServiceBlockingStub.requestVote(RaftServerProtocolServiceGrpc.java:265)
	at org.apache.ratis.grpc.server.GrpcServerProtocolClient.requestVote(GrpcServerProtocolClient.java:99)
	at org.apache.ratis.grpc.server.GrpcService.requestVote(GrpcService.java:204)
	at org.apache.ratis.server.impl.LeaderElection.lambda$submitRequests$1(LeaderElection.java:234)
	at java.util.concurrent.FutureTask.run(FutureTask.java:266)
	at java.util.concurrent.Executors$RunnableAdapter.call(Executors.java:511)
	at java.util.concurrent.FutureTask.run(FutureTask.java:266)
	at java.util.concurrent.ThreadPoolExecutor.runWorker(ThreadPoolExecutor.java:1149)
	at java.util.concurrent.ThreadPoolExecutor$Worker.run(ThreadPoolExecutor.java:624)
	... 1 more
2019-11-13 13:02:50,764 [1a33519a-3def-4d79-b3e5-c4d8286dc86e@group-FFCD4D7C2DEB-LeaderElection247] INFO  impl.LeaderElection (LogUtils.java:infoOrTrace(149)) -   Exception 1: {}
java.util.concurrent.ExecutionException: org.apache.ratis.thirdparty.io.grpc.StatusRuntimeException: INTERNAL: 318b4bc4-2a6a-4055-b801-3341d5814353: group-FFCD4D7C2DEB not found.
	at java.util.concurrent.FutureTask.report(FutureTask.java:122)
	at java.util.concurrent.FutureTask.get(FutureTask.java:192)
	at org.apache.ratis.server.impl.LeaderElection.waitForResults(LeaderElection.java:259)
	at org.apache.ratis.server.impl.LeaderElection.askForVotes(LeaderElection.java:197)
	at org.apache.ratis.server.impl.LeaderElection.run(LeaderElection.java:133)
	at java.lang.Thread.run(Thread.java:748)
Caused by: org.apache.ratis.thirdparty.io.grpc.StatusRuntimeException: INTERNAL: 318b4bc4-2a6a-4055-b801-3341d5814353: group-FFCD4D7C2DEB not found.
	at org.apache.ratis.thirdparty.io.grpc.stub.ClientCalls.toStatusRuntimeException(ClientCalls.java:233)
	at org.apache.ratis.thirdparty.io.grpc.stub.ClientCalls.getUnchecked(ClientCalls.java:214)
	at org.apache.ratis.thirdparty.io.grpc.stub.ClientCalls.blockingUnaryCall(ClientCalls.java:139)
	at org.apache.ratis.proto.grpc.RaftServerProtocolServiceGrpc$RaftServerProtocolServiceBlockingStub.requestVote(RaftServerProtocolServiceGrpc.java:265)
	at org.apache.ratis.grpc.server.GrpcServerProtocolClient.requestVote(GrpcServerProtocolClient.java:99)
	at org.apache.ratis.grpc.server.GrpcService.requestVote(GrpcService.java:204)
	at org.apache.ratis.server.impl.LeaderElection.lambda$submitRequests$1(LeaderElection.java:234)
	at java.util.concurrent.FutureTask.run(FutureTask.java:266)
	at java.util.concurrent.Executors$RunnableAdapter.call(Executors.java:511)
	at java.util.concurrent.FutureTask.run(FutureTask.java:266)
	at java.util.concurrent.ThreadPoolExecutor.runWorker(ThreadPoolExecutor.java:1149)
	at java.util.concurrent.ThreadPoolExecutor$Worker.run(ThreadPoolExecutor.java:624)
	... 1 more
2019-11-13 13:02:50,764 [1a33519a-3def-4d79-b3e5-c4d8286dc86e@group-FFCD4D7C2DEB-LeaderElection247] INFO  impl.RaftServerImpl (RaftServerImpl.java:setRole(173)) - 1a33519a-3def-4d79-b3e5-c4d8286dc86e@group-FFCD4D7C2DEB: changes role from CANDIDATE to FOLLOWER at term 10 for DISCOVERED_A_NEW_TERM
2019-11-13 13:02:50,765 [1a33519a-3def-4d79-b3e5-c4d8286dc86e@group-FFCD4D7C2DEB-LeaderElection247] INFO  impl.RoleInfo (RoleInfo.java:shutdownLeaderElection(134)) - 1a33519a-3def-4d79-b3e5-c4d8286dc86e: shutdown LeaderElection
2019-11-13 13:02:50,765 [1a33519a-3def-4d79-b3e5-c4d8286dc86e@group-FFCD4D7C2DEB-LeaderElection247] INFO  impl.RoleInfo (RoleInfo.java:updateAndGet(143)) - 1a33519a-3def-4d79-b3e5-c4d8286dc86e: start FollowerState
2019-11-13 13:02:50,915 [ForkJoinPool.commonPool-worker-0] INFO  ozoneimpl.OzoneContainer (OzoneContainer.java:stop(244)) - Attempting to stop container services.
2019-11-13 13:02:50,916 [ForkJoinPool.commonPool-worker-0] INFO  impl.RaftServerProxy (RaftServerProxy.java:lambda$close$4(314)) - 9bca8fcc-ea98-4ec4-92ce-7a037de40a27: close
2019-11-13 13:02:50,916 [ForkJoinPool.commonPool-worker-0] INFO  impl.RaftServerImpl (RaftServerImpl.java:lambda$shutdown$3(250)) - 9bca8fcc-ea98-4ec4-92ce-7a037de40a27@group-7E5EA1404CE1: shutdown
2019-11-13 13:02:50,917 [ForkJoinPool.commonPool-worker-0] INFO  util.JmxRegister (JmxRegister.java:unregister(73)) - Successfully un-registered JMX Bean with object name Ratis:service=RaftServer,group=group-7E5EA1404CE1,id=9bca8fcc-ea98-4ec4-92ce-7a037de40a27
2019-11-13 13:02:50,917 [ForkJoinPool.commonPool-worker-0] INFO  impl.RoleInfo (RoleInfo.java:shutdownLeaderState(104)) - 9bca8fcc-ea98-4ec4-92ce-7a037de40a27: shutdown LeaderState
2019-11-13 13:02:50,922 [org.apache.ratis.server.impl.LogAppender$AppenderDaemon$$Lambda$482/251411839@18f20439] WARN  server.GrpcLogAppender (GrpcLogAppender.java:mayWait(151)) - 9bca8fcc-ea98-4ec4-92ce-7a037de40a27@group-7E5EA1404CE1->90f8c6ad-89d1-4dd8-98a8-ca579bb4c57a-GrpcLogAppender: Wait interrupted by java.lang.InterruptedException
2019-11-13 13:02:50,922 [org.apache.ratis.server.impl.LogAppender$AppenderDaemon$$Lambda$482/251411839@5df091e3] WARN  server.GrpcLogAppender (GrpcLogAppender.java:mayWait(151)) - 9bca8fcc-ea98-4ec4-92ce-7a037de40a27@group-7E5EA1404CE1->ccb58d27-4340-4f56-86e1-f88286cea239-GrpcLogAppender: Wait interrupted by java.lang.InterruptedException
2019-11-13 13:02:50,922 [ForkJoinPool.commonPool-worker-0] INFO  impl.PendingRequests (PendingRequests.java:sendNotLeaderResponses(206)) - 9bca8fcc-ea98-4ec4-92ce-7a037de40a27@group-7E5EA1404CE1-PendingRequests: sendNotLeaderResponses
2019-11-13 13:02:50,924 [main] INFO  ozoneimpl.OzoneContainer (OzoneContainer.java:stop(244)) - Attempting to stop container services.
2019-11-13 13:02:50,927 [grpc-default-executor-11] INFO  server.GrpcServerProtocolService (GrpcServerProtocolService.java:onCompleted(113)) - ccb58d27-4340-4f56-86e1-f88286cea239: Completed APPEND_ENTRIES, lastRequest: 9bca8fcc-ea98-4ec4-92ce-7a037de40a27->ccb58d27-4340-4f56-86e1-f88286cea239#53-t1, previous=(t:1, i:3), leaderCommit=3, initializing? false, entries: <empty>
2019-11-13 13:02:50,927 [grpc-default-executor-2] INFO  server.GrpcServerProtocolService (GrpcServerProtocolService.java:onCompleted(113)) - 90f8c6ad-89d1-4dd8-98a8-ca579bb4c57a: Completed APPEND_ENTRIES, lastRequest: 9bca8fcc-ea98-4ec4-92ce-7a037de40a27->90f8c6ad-89d1-4dd8-98a8-ca579bb4c57a#54-t1, previous=(t:1, i:3), leaderCommit=3, initializing? false, entries: <empty>
2019-11-13 13:02:50,933 [main] INFO  impl.RaftServerProxy (RaftServerProxy.java:lambda$close$4(314)) - 971d177f-fbc5-4c3a-b100-2607610d94ec: close
2019-11-13 13:02:50,934 [grpc-default-executor-2] INFO  server.GrpcLogAppender (GrpcLogAppender.java:onCompleted(308)) - 9bca8fcc-ea98-4ec4-92ce-7a037de40a27@group-7E5EA1404CE1->ccb58d27-4340-4f56-86e1-f88286cea239-AppendLogResponseHandler: follower responses appendEntries COMPLETED
2019-11-13 13:02:50,934 [9bca8fcc-ea98-4ec4-92ce-7a037de40a27@group-7E5EA1404CE1-StateMachineUpdater] INFO  ratis.ContainerStateMachine (ContainerStateMachine.java:takeSnapshot(285)) - group-7E5EA1404CE1: Taking a snapshot at:(t:1, i:3) file /workdir/hadoop-ozone/integration-test/target/test-dir/MiniOzoneClusterImpl-90e8aeb1-2975-47c6-9bba-faf27de7fb8c/datanode-3/data/ratis/360249f9-3a3f-4ff9-aaba-7e5ea1404ce1/sm/snapshot.1_3
2019-11-13 13:02:50,933 [ForkJoinPool.commonPool-worker-0] INFO  impl.StateMachineUpdater (StateMachineUpdater.java:stopAndJoin(136)) - 9bca8fcc-ea98-4ec4-92ce-7a037de40a27@group-7E5EA1404CE1-StateMachineUpdater: set stopIndex = 3
2019-11-13 13:02:50,934 [grpc-default-executor-11] INFO  server.GrpcLogAppender (GrpcLogAppender.java:onCompleted(308)) - 9bca8fcc-ea98-4ec4-92ce-7a037de40a27@group-7E5EA1404CE1->90f8c6ad-89d1-4dd8-98a8-ca579bb4c57a-AppendLogResponseHandler: follower responses appendEntries COMPLETED
2019-11-13 13:02:50,934 [main] INFO  impl.RaftServerImpl (RaftServerImpl.java:lambda$shutdown$3(250)) - 971d177f-fbc5-4c3a-b100-2607610d94ec@group-AE879E1D4AC4: shutdown
2019-11-13 13:02:50,935 [grpc-default-executor-2] INFO  impl.FollowerInfo (FollowerInfo.java:lambda$new$0(51)) - 9bca8fcc-ea98-4ec4-92ce-7a037de40a27@group-7E5EA1404CE1->ccb58d27-4340-4f56-86e1-f88286cea239: nextIndex: updateUnconditionally 4 -> 3
2019-11-13 13:02:50,935 [main] INFO  util.JmxRegister (JmxRegister.java:unregister(73)) - Successfully un-registered JMX Bean with object name Ratis:service=RaftServer,group=group-AE879E1D4AC4,id=971d177f-fbc5-4c3a-b100-2607610d94ec
2019-11-13 13:02:50,935 [grpc-default-executor-11] INFO  impl.FollowerInfo (FollowerInfo.java:lambda$new$0(51)) - 9bca8fcc-ea98-4ec4-92ce-7a037de40a27@group-7E5EA1404CE1->90f8c6ad-89d1-4dd8-98a8-ca579bb4c57a: nextIndex: updateUnconditionally 4 -> 3
2019-11-13 13:02:50,936 [main] INFO  impl.RoleInfo (RoleInfo.java:shutdownLeaderState(104)) - 971d177f-fbc5-4c3a-b100-2607610d94ec: shutdown LeaderState
2019-11-13 13:02:50,936 [main] INFO  impl.PendingRequests (PendingRequests.java:sendNotLeaderResponses(206)) - 971d177f-fbc5-4c3a-b100-2607610d94ec@group-AE879E1D4AC4-PendingRequests: sendNotLeaderResponses
2019-11-13 13:02:50,937 [main] INFO  impl.StateMachineUpdater (StateMachineUpdater.java:stopAndJoin(136)) - 971d177f-fbc5-4c3a-b100-2607610d94ec@group-AE879E1D4AC4-StateMachineUpdater: set stopIndex = 0
2019-11-13 13:02:50,937 [main] INFO  impl.RaftServerImpl (ServerState.java:close(387)) - 971d177f-fbc5-4c3a-b100-2607610d94ec@group-AE879E1D4AC4: closes. applyIndex: 0
2019-11-13 13:02:50,938 [971d177f-fbc5-4c3a-b100-2607610d94ec@group-AE879E1D4AC4-SegmentedRaftLogWorker] INFO  segmented.SegmentedRaftLogWorker (SegmentedRaftLogWorker.java:run(316)) - 971d177f-fbc5-4c3a-b100-2607610d94ec@group-AE879E1D4AC4-SegmentedRaftLogWorker was interrupted, exiting. There are 0 tasks remaining in the queue.
2019-11-13 13:02:50,938 [main] INFO  segmented.SegmentedRaftLogWorker (SegmentedRaftLogWorker.java:close(224)) - 971d177f-fbc5-4c3a-b100-2607610d94ec@group-AE879E1D4AC4-SegmentedRaftLogWorker close()
2019-11-13 13:02:50,939 [main] INFO  impl.RaftServerImpl (RaftServerImpl.java:lambda$shutdown$3(250)) - 971d177f-fbc5-4c3a-b100-2607610d94ec@group-28BF1C14A3EE: shutdown
2019-11-13 13:02:50,939 [main] INFO  util.JmxRegister (JmxRegister.java:unregister(73)) - Successfully un-registered JMX Bean with object name Ratis:service=RaftServer,group=group-28BF1C14A3EE,id=971d177f-fbc5-4c3a-b100-2607610d94ec
2019-11-13 13:02:50,939 [main] INFO  impl.RoleInfo (RoleInfo.java:shutdownFollowerState(121)) - 971d177f-fbc5-4c3a-b100-2607610d94ec: shutdown FollowerState
2019-11-13 13:02:50,939 [main] INFO  impl.StateMachineUpdater (StateMachineUpdater.java:stopAndJoin(136)) - 971d177f-fbc5-4c3a-b100-2607610d94ec@group-28BF1C14A3EE-StateMachineUpdater: set stopIndex = 0
2019-11-13 13:02:50,940 [Thread-4492] INFO  impl.FollowerState (FollowerState.java:run(120)) - 971d177f-fbc5-4c3a-b100-2607610d94ec@group-28BF1C14A3EE-FollowerState was interrupted: java.lang.InterruptedException: sleep interrupted
2019-11-13 13:02:50,940 [main] INFO  impl.RaftServerImpl (ServerState.java:close(387)) - 971d177f-fbc5-4c3a-b100-2607610d94ec@group-28BF1C14A3EE: closes. applyIndex: 0
2019-11-13 13:02:50,940 [971d177f-fbc5-4c3a-b100-2607610d94ec@group-28BF1C14A3EE-SegmentedRaftLogWorker] INFO  segmented.SegmentedRaftLogWorker (SegmentedRaftLogWorker.java:run(316)) - 971d177f-fbc5-4c3a-b100-2607610d94ec@group-28BF1C14A3EE-SegmentedRaftLogWorker was interrupted, exiting. There are 0 tasks remaining in the queue.
2019-11-13 13:02:50,940 [main] INFO  segmented.SegmentedRaftLogWorker (SegmentedRaftLogWorker.java:close(224)) - 971d177f-fbc5-4c3a-b100-2607610d94ec@group-28BF1C14A3EE-SegmentedRaftLogWorker close()
2019-11-13 13:02:50,941 [main] INFO  server.GrpcService (GrpcService.java:closeImpl(164)) - 971d177f-fbc5-4c3a-b100-2607610d94ec: shutdown server with port 33290 now
2019-11-13 13:02:50,941 [main] INFO  server.GrpcService (GrpcService.java:closeImpl(172)) - 971d177f-fbc5-4c3a-b100-2607610d94ec: shutdown server with port 33290 successfully
2019-11-13 13:02:50,971 [refreshUsed-/workdir/hadoop-ozone/integration-test/target/test-dir/MiniOzoneClusterImpl-90e8aeb1-2975-47c6-9bba-faf27de7fb8c/datanode-6/data/containers] WARN  fs.CachingGetSpaceUsed (CachingGetSpaceUsed.java:run(183)) - Thread Interrupted waiting to refresh disk information: sleep interrupted
2019-11-13 13:02:50,982 [main] INFO  utils.BackgroundService (BackgroundService.java:shutdown(151)) - Shutting down service BlockDeletingService
2019-11-13 13:02:50,985 [main] INFO  statemachine.DatanodeStateMachine (DatanodeStateMachine.java:stopDaemon(395)) - Ozone container server stopped.
2019-11-13 13:02:50,986 [9bca8fcc-ea98-4ec4-92ce-7a037de40a27@group-7E5EA1404CE1-StateMachineUpdater] INFO  ratis.ContainerStateMachine (ContainerStateMachine.java:takeSnapshot(296)) - group-7E5EA1404CE1: Finished taking a snapshot at:(t:1, i:3) file:/workdir/hadoop-ozone/integration-test/target/test-dir/MiniOzoneClusterImpl-90e8aeb1-2975-47c6-9bba-faf27de7fb8c/datanode-3/data/ratis/360249f9-3a3f-4ff9-aaba-7e5ea1404ce1/sm/snapshot.1_3 time:52
2019-11-13 13:02:50,986 [9bca8fcc-ea98-4ec4-92ce-7a037de40a27@group-7E5EA1404CE1-StateMachineUpdater] INFO  impl.StateMachineUpdater (StateMachineUpdater.java:takeSnapshot(269)) - 9bca8fcc-ea98-4ec4-92ce-7a037de40a27@group-7E5EA1404CE1-StateMachineUpdater: Took a snapshot at index 3
2019-11-13 13:02:50,986 [9bca8fcc-ea98-4ec4-92ce-7a037de40a27@group-7E5EA1404CE1-StateMachineUpdater] INFO  impl.StateMachineUpdater (StateMachineUpdater.java:lambda$new$0(84)) - 9bca8fcc-ea98-4ec4-92ce-7a037de40a27@group-7E5EA1404CE1-StateMachineUpdater: snapshotIndex: updateIncreasingly -1 -> 3
2019-11-13 13:02:50,986 [ForkJoinPool.commonPool-worker-0] INFO  impl.RaftServerImpl (ServerState.java:close(387)) - 9bca8fcc-ea98-4ec4-92ce-7a037de40a27@group-7E5EA1404CE1: closes. applyIndex: 3
2019-11-13 13:02:50,987 [main] INFO  handler.ContextHandler (ContextHandler.java:doStop(910)) - Stopped o.e.j.w.WebAppContext@418f0534{/,null,UNAVAILABLE}{/hddsDatanode}
2019-11-13 13:02:50,987 [9bca8fcc-ea98-4ec4-92ce-7a037de40a27@group-7E5EA1404CE1-SegmentedRaftLogWorker] INFO  segmented.SegmentedRaftLogWorker (SegmentedRaftLogWorker.java:run(316)) - 9bca8fcc-ea98-4ec4-92ce-7a037de40a27@group-7E5EA1404CE1-SegmentedRaftLogWorker was interrupted, exiting. There are 0 tasks remaining in the queue.
2019-11-13 13:02:50,987 [ForkJoinPool.commonPool-worker-0] INFO  segmented.SegmentedRaftLogWorker (SegmentedRaftLogWorker.java:close(224)) - 9bca8fcc-ea98-4ec4-92ce-7a037de40a27@group-7E5EA1404CE1-SegmentedRaftLogWorker close()
2019-11-13 13:02:50,988 [ForkJoinPool.commonPool-worker-0] INFO  impl.RaftServerImpl (RaftServerImpl.java:lambda$shutdown$3(250)) - 9bca8fcc-ea98-4ec4-92ce-7a037de40a27@group-9ABFFEB58543: shutdown
2019-11-13 13:02:50,988 [main] INFO  server.AbstractConnector (AbstractConnector.java:doStop(318)) - Stopped ServerConnector@3dfd7eaa{HTTP/1.1,[http/1.1]}{0.0.0.0:0}
2019-11-13 13:02:50,988 [ForkJoinPool.commonPool-worker-0] INFO  util.JmxRegister (JmxRegister.java:unregister(73)) - Successfully un-registered JMX Bean with object name Ratis:service=RaftServer,group=group-9ABFFEB58543,id=9bca8fcc-ea98-4ec4-92ce-7a037de40a27
2019-11-13 13:02:50,988 [main] INFO  handler.ContextHandler (ContextHandler.java:doStop(910)) - Stopped o.e.j.s.ServletContextHandler@6568f998{/static,jar:file:/home/user/.m2/repository/org/apache/hadoop/hadoop-hdds-container-service/0.5.0-SNAPSHOT/hadoop-hdds-container-service-0.5.0-SNAPSHOT.jar!/webapps/static,UNAVAILABLE}
2019-11-13 13:02:50,988 [ForkJoinPool.commonPool-worker-0] INFO  impl.RoleInfo (RoleInfo.java:shutdownLeaderState(104)) - 9bca8fcc-ea98-4ec4-92ce-7a037de40a27: shutdown LeaderState
2019-11-13 13:02:50,989 [main] INFO  handler.ContextHandler (ContextHandler.java:doStop(910)) - Stopped o.e.j.s.ServletContextHandler@718989fa{/logs,file:///workdir/hadoop-ozone/integration-test/target/log,UNAVAILABLE}
2019-11-13 13:02:50,989 [ForkJoinPool.commonPool-worker-0] INFO  impl.PendingRequests (PendingRequests.java:sendNotLeaderResponses(206)) - 9bca8fcc-ea98-4ec4-92ce-7a037de40a27@group-9ABFFEB58543-PendingRequests: sendNotLeaderResponses
2019-11-13 13:02:50,989 [ForkJoinPool.commonPool-worker-0] INFO  impl.StateMachineUpdater (StateMachineUpdater.java:stopAndJoin(136)) - 9bca8fcc-ea98-4ec4-92ce-7a037de40a27@group-9ABFFEB58543-StateMachineUpdater: set stopIndex = 0
2019-11-13 13:02:50,990 [ForkJoinPool.commonPool-worker-0] INFO  impl.RaftServerImpl (ServerState.java:close(387)) - 9bca8fcc-ea98-4ec4-92ce-7a037de40a27@group-9ABFFEB58543: closes. applyIndex: 0
2019-11-13 13:02:50,991 [9bca8fcc-ea98-4ec4-92ce-7a037de40a27@group-9ABFFEB58543-SegmentedRaftLogWorker] INFO  segmented.SegmentedRaftLogWorker (SegmentedRaftLogWorker.java:run(316)) - 9bca8fcc-ea98-4ec4-92ce-7a037de40a27@group-9ABFFEB58543-SegmentedRaftLogWorker was interrupted, exiting. There are 0 tasks remaining in the queue.
2019-11-13 13:02:50,991 [ForkJoinPool.commonPool-worker-0] INFO  segmented.SegmentedRaftLogWorker (SegmentedRaftLogWorker.java:close(224)) - 9bca8fcc-ea98-4ec4-92ce-7a037de40a27@group-9ABFFEB58543-SegmentedRaftLogWorker close()
2019-11-13 13:02:50,991 [ForkJoinPool.commonPool-worker-0] INFO  server.GrpcService (GrpcService.java:closeImpl(164)) - 9bca8fcc-ea98-4ec4-92ce-7a037de40a27: shutdown server with port 33211 now
2019-11-13 13:02:50,992 [ForkJoinPool.commonPool-worker-0] INFO  server.GrpcService (GrpcService.java:closeImpl(172)) - 9bca8fcc-ea98-4ec4-92ce-7a037de40a27: shutdown server with port 33211 successfully
2019-11-13 13:02:50,993 [refreshUsed-/workdir/hadoop-ozone/integration-test/target/test-dir/MiniOzoneClusterImpl-90e8aeb1-2975-47c6-9bba-faf27de7fb8c/datanode-3/data/containers] WARN  fs.CachingGetSpaceUsed (CachingGetSpaceUsed.java:run(183)) - Thread Interrupted waiting to refresh disk information: sleep interrupted
2019-11-13 13:02:51,007 [ForkJoinPool.commonPool-worker-0] INFO  utils.BackgroundService (BackgroundService.java:shutdown(151)) - Shutting down service BlockDeletingService
2019-11-13 13:02:51,010 [ForkJoinPool.commonPool-worker-0] INFO  statemachine.DatanodeStateMachine (DatanodeStateMachine.java:stopDaemon(395)) - Ozone container server stopped.
2019-11-13 13:02:51,014 [ForkJoinPool.commonPool-worker-0] INFO  handler.ContextHandler (ContextHandler.java:doStop(910)) - Stopped o.e.j.w.WebAppContext@7ea71fc2{/,null,UNAVAILABLE}{/hddsDatanode}
2019-11-13 13:02:51,015 [ForkJoinPool.commonPool-worker-0] INFO  server.AbstractConnector (AbstractConnector.java:doStop(318)) - Stopped ServerConnector@19ad75e5{HTTP/1.1,[http/1.1]}{0.0.0.0:0}
2019-11-13 13:02:51,016 [ForkJoinPool.commonPool-worker-0] INFO  handler.ContextHandler (ContextHandler.java:doStop(910)) - Stopped o.e.j.s.ServletContextHandler@6ce26986{/static,jar:file:/home/user/.m2/repository/org/apache/hadoop/hadoop-hdds-container-service/0.5.0-SNAPSHOT/hadoop-hdds-container-service-0.5.0-SNAPSHOT.jar!/webapps/static,UNAVAILABLE}
2019-11-13 13:02:51,018 [ForkJoinPool.commonPool-worker-0] INFO  handler.ContextHandler (ContextHandler.java:doStop(910)) - Stopped o.e.j.s.ServletContextHandler@2f4d32bf{/logs,file:///workdir/hadoop-ozone/integration-test/target/log,UNAVAILABLE}
2019-11-13 13:02:51,040 [Datanode State Machine Thread - 0] INFO  statemachine.DatanodeStateMachine (DatanodeStateMachine.java:lambda$startDaemon$0(350)) - Ozone container server started.
2019-11-13 13:02:51,613 [Thread-3971] INFO  impl.FollowerState (FollowerState.java:run(111)) - 90f8c6ad-89d1-4dd8-98a8-ca579bb4c57a@group-7E5EA1404CE1-FollowerState: change to CANDIDATE, lastRpcTime:1065ms, electionTimeout:1016ms
2019-11-13 13:02:51,614 [Thread-3971] INFO  impl.RoleInfo (RoleInfo.java:shutdownFollowerState(121)) - 90f8c6ad-89d1-4dd8-98a8-ca579bb4c57a: shutdown FollowerState
2019-11-13 13:02:51,614 [Thread-3971] INFO  impl.RaftServerImpl (RaftServerImpl.java:setRole(173)) - 90f8c6ad-89d1-4dd8-98a8-ca579bb4c57a@group-7E5EA1404CE1: changes role from  FOLLOWER to CANDIDATE at term 1 for changeToCandidate
2019-11-13 13:02:51,614 [Thread-3971] INFO  impl.RoleInfo (RoleInfo.java:updateAndGet(143)) - 90f8c6ad-89d1-4dd8-98a8-ca579bb4c57a: start LeaderElection
2019-11-13 13:02:51,614 [90f8c6ad-89d1-4dd8-98a8-ca579bb4c57a@group-7E5EA1404CE1-LeaderElection248] INFO  impl.RaftServerImpl (ServerState.java:setLeader(255)) - 90f8c6ad-89d1-4dd8-98a8-ca579bb4c57a@group-7E5EA1404CE1: change Leader from 9bca8fcc-ea98-4ec4-92ce-7a037de40a27 to null at term 1 for initElection
2019-11-13 13:02:51,656 [90f8c6ad-89d1-4dd8-98a8-ca579bb4c57a@group-7E5EA1404CE1-LeaderElection248] INFO  impl.LeaderElection (LeaderElection.java:askForVotes(178)) - 90f8c6ad-89d1-4dd8-98a8-ca579bb4c57a@group-7E5EA1404CE1-LeaderElection248: begin an election at term 2 for 0: [9bca8fcc-ea98-4ec4-92ce-7a037de40a27:192.168.157.200:33211, ccb58d27-4340-4f56-86e1-f88286cea239:192.168.157.200:36584, 90f8c6ad-89d1-4dd8-98a8-ca579bb4c57a:192.168.157.200:39136], old=null
2019-11-13 13:02:51,658 [90f8c6ad-89d1-4dd8-98a8-ca579bb4c57a@group-7E5EA1404CE1-LeaderElection248] INFO  impl.LeaderElection (LogUtils.java:infoOrTrace(149)) - 90f8c6ad-89d1-4dd8-98a8-ca579bb4c57a@group-7E5EA1404CE1-LeaderElection248 got exception when requesting votes: {}
java.util.concurrent.ExecutionException: org.apache.ratis.thirdparty.io.grpc.StatusRuntimeException: UNAVAILABLE: io exception
	at java.util.concurrent.FutureTask.report(FutureTask.java:122)
	at java.util.concurrent.FutureTask.get(FutureTask.java:192)
	at org.apache.ratis.server.impl.LeaderElection.waitForResults(LeaderElection.java:259)
	at org.apache.ratis.server.impl.LeaderElection.askForVotes(LeaderElection.java:197)
	at org.apache.ratis.server.impl.LeaderElection.run(LeaderElection.java:133)
	at java.lang.Thread.run(Thread.java:748)
Caused by: org.apache.ratis.thirdparty.io.grpc.StatusRuntimeException: UNAVAILABLE: io exception
	at org.apache.ratis.thirdparty.io.grpc.stub.ClientCalls.toStatusRuntimeException(ClientCalls.java:233)
	at org.apache.ratis.thirdparty.io.grpc.stub.ClientCalls.getUnchecked(ClientCalls.java:214)
	at org.apache.ratis.thirdparty.io.grpc.stub.ClientCalls.blockingUnaryCall(ClientCalls.java:139)
	at org.apache.ratis.proto.grpc.RaftServerProtocolServiceGrpc$RaftServerProtocolServiceBlockingStub.requestVote(RaftServerProtocolServiceGrpc.java:265)
	at org.apache.ratis.grpc.server.GrpcServerProtocolClient.requestVote(GrpcServerProtocolClient.java:99)
	at org.apache.ratis.grpc.server.GrpcService.requestVote(GrpcService.java:204)
	at org.apache.ratis.server.impl.LeaderElection.lambda$submitRequests$1(LeaderElection.java:234)
	at java.util.concurrent.FutureTask.run(FutureTask.java:266)
	at java.util.concurrent.Executors$RunnableAdapter.call(Executors.java:511)
	at java.util.concurrent.FutureTask.run(FutureTask.java:266)
	at java.util.concurrent.ThreadPoolExecutor.runWorker(ThreadPoolExecutor.java:1149)
	at java.util.concurrent.ThreadPoolExecutor$Worker.run(ThreadPoolExecutor.java:624)
	... 1 more
Caused by: org.apache.ratis.thirdparty.io.netty.channel.AbstractChannel$AnnotatedConnectException: Connection refused: /192.168.157.200:33211
	at sun.nio.ch.SocketChannelImpl.checkConnect(Native Method)
	at sun.nio.ch.SocketChannelImpl.finishConnect(SocketChannelImpl.java:717)
	at org.apache.ratis.thirdparty.io.netty.channel.socket.nio.NioSocketChannel.doFinishConnect(NioSocketChannel.java:327)
	at org.apache.ratis.thirdparty.io.netty.channel.nio.AbstractNioChannel$AbstractNioUnsafe.finishConnect(AbstractNioChannel.java:340)
	at org.apache.ratis.thirdparty.io.netty.channel.nio.NioEventLoop.processSelectedKey(NioEventLoop.java:632)
	at org.apache.ratis.thirdparty.io.netty.channel.nio.NioEventLoop.processSelectedKeysOptimized(NioEventLoop.java:579)
	at org.apache.ratis.thirdparty.io.netty.channel.nio.NioEventLoop.processSelectedKeys(NioEventLoop.java:496)
	at org.apache.ratis.thirdparty.io.netty.channel.nio.NioEventLoop.run(NioEventLoop.java:458)
	at org.apache.ratis.thirdparty.io.netty.util.concurrent.SingleThreadEventExecutor$5.run(SingleThreadEventExecutor.java:897)
	at org.apache.ratis.thirdparty.io.netty.util.concurrent.FastThreadLocalRunnable.run(FastThreadLocalRunnable.java:30)
	... 1 more
Caused by: java.net.ConnectException: Connection refused
	... 11 more
2019-11-13 13:02:51,660 [grpc-default-executor-11] INFO  impl.RaftServerImpl (ServerState.java:setLeader(255)) - ccb58d27-4340-4f56-86e1-f88286cea239@group-7E5EA1404CE1: change Leader from 9bca8fcc-ea98-4ec4-92ce-7a037de40a27 to null at term 2 for updateCurrentTerm
2019-11-13 13:02:51,660 [grpc-default-executor-11] INFO  impl.RaftServerImpl (RaftServerImpl.java:setRole(173)) - ccb58d27-4340-4f56-86e1-f88286cea239@group-7E5EA1404CE1: changes role from  FOLLOWER to FOLLOWER at term 2 for recognizeCandidate:90f8c6ad-89d1-4dd8-98a8-ca579bb4c57a
2019-11-13 13:02:51,661 [grpc-default-executor-11] INFO  impl.RoleInfo (RoleInfo.java:shutdownFollowerState(121)) - ccb58d27-4340-4f56-86e1-f88286cea239: shutdown FollowerState
2019-11-13 13:02:51,661 [grpc-default-executor-11] INFO  impl.RoleInfo (RoleInfo.java:updateAndGet(143)) - ccb58d27-4340-4f56-86e1-f88286cea239: start FollowerState
2019-11-13 13:02:51,661 [Thread-3972] INFO  impl.FollowerState (FollowerState.java:run(120)) - ccb58d27-4340-4f56-86e1-f88286cea239@group-7E5EA1404CE1-FollowerState was interrupted: java.lang.InterruptedException: sleep interrupted
2019-11-13 13:02:51,713 [90f8c6ad-89d1-4dd8-98a8-ca579bb4c57a@group-7E5EA1404CE1-LeaderElection248] INFO  impl.LeaderElection (LeaderElection.java:logAndReturn(56)) - 90f8c6ad-89d1-4dd8-98a8-ca579bb4c57a@group-7E5EA1404CE1-LeaderElection248: Election PASSED; received 1 response(s) [90f8c6ad-89d1-4dd8-98a8-ca579bb4c57a<-ccb58d27-4340-4f56-86e1-f88286cea239#0:OK-t2] and 1 exception(s); 90f8c6ad-89d1-4dd8-98a8-ca579bb4c57a@group-7E5EA1404CE1:t2, leader=null, voted=90f8c6ad-89d1-4dd8-98a8-ca579bb4c57a, raftlog=90f8c6ad-89d1-4dd8-98a8-ca579bb4c57a@group-7E5EA1404CE1-SegmentedRaftLog:OPENED:c3,f3,i3, conf=0: [9bca8fcc-ea98-4ec4-92ce-7a037de40a27:192.168.157.200:33211, ccb58d27-4340-4f56-86e1-f88286cea239:192.168.157.200:36584, 90f8c6ad-89d1-4dd8-98a8-ca579bb4c57a:192.168.157.200:39136], old=null
2019-11-13 13:02:51,713 [90f8c6ad-89d1-4dd8-98a8-ca579bb4c57a@group-7E5EA1404CE1-LeaderElection248] INFO  impl.LeaderElection (LogUtils.java:infoOrTrace(149)) -   Exception 0: {}
java.util.concurrent.ExecutionException: org.apache.ratis.thirdparty.io.grpc.StatusRuntimeException: UNAVAILABLE: io exception
	at java.util.concurrent.FutureTask.report(FutureTask.java:122)
	at java.util.concurrent.FutureTask.get(FutureTask.java:192)
	at org.apache.ratis.server.impl.LeaderElection.waitForResults(LeaderElection.java:259)
	at org.apache.ratis.server.impl.LeaderElection.askForVotes(LeaderElection.java:197)
	at org.apache.ratis.server.impl.LeaderElection.run(LeaderElection.java:133)
	at java.lang.Thread.run(Thread.java:748)
Caused by: org.apache.ratis.thirdparty.io.grpc.StatusRuntimeException: UNAVAILABLE: io exception
	at org.apache.ratis.thirdparty.io.grpc.stub.ClientCalls.toStatusRuntimeException(ClientCalls.java:233)
	at org.apache.ratis.thirdparty.io.grpc.stub.ClientCalls.getUnchecked(ClientCalls.java:214)
	at org.apache.ratis.thirdparty.io.grpc.stub.ClientCalls.blockingUnaryCall(ClientCalls.java:139)
	at org.apache.ratis.proto.grpc.RaftServerProtocolServiceGrpc$RaftServerProtocolServiceBlockingStub.requestVote(RaftServerProtocolServiceGrpc.java:265)
	at org.apache.ratis.grpc.server.GrpcServerProtocolClient.requestVote(GrpcServerProtocolClient.java:99)
	at org.apache.ratis.grpc.server.GrpcService.requestVote(GrpcService.java:204)
	at org.apache.ratis.server.impl.LeaderElection.lambda$submitRequests$1(LeaderElection.java:234)
	at java.util.concurrent.FutureTask.run(FutureTask.java:266)
	at java.util.concurrent.Executors$RunnableAdapter.call(Executors.java:511)
	at java.util.concurrent.FutureTask.run(FutureTask.java:266)
	at java.util.concurrent.ThreadPoolExecutor.runWorker(ThreadPoolExecutor.java:1149)
	at java.util.concurrent.ThreadPoolExecutor$Worker.run(ThreadPoolExecutor.java:624)
	... 1 more
Caused by: org.apache.ratis.thirdparty.io.netty.channel.AbstractChannel$AnnotatedConnectException: Connection refused: /192.168.157.200:33211
	at sun.nio.ch.SocketChannelImpl.checkConnect(Native Method)
	at sun.nio.ch.SocketChannelImpl.finishConnect(SocketChannelImpl.java:717)
	at org.apache.ratis.thirdparty.io.netty.channel.socket.nio.NioSocketChannel.doFinishConnect(NioSocketChannel.java:327)
	at org.apache.ratis.thirdparty.io.netty.channel.nio.AbstractNioChannel$AbstractNioUnsafe.finishConnect(AbstractNioChannel.java:340)
	at org.apache.ratis.thirdparty.io.netty.channel.nio.NioEventLoop.processSelectedKey(NioEventLoop.java:632)
	at org.apache.ratis.thirdparty.io.netty.channel.nio.NioEventLoop.processSelectedKeysOptimized(NioEventLoop.java:579)
	at org.apache.ratis.thirdparty.io.netty.channel.nio.NioEventLoop.processSelectedKeys(NioEventLoop.java:496)
	at org.apache.ratis.thirdparty.io.netty.channel.nio.NioEventLoop.run(NioEventLoop.java:458)
	at org.apache.ratis.thirdparty.io.netty.util.concurrent.SingleThreadEventExecutor$5.run(SingleThreadEventExecutor.java:897)
	at org.apache.ratis.thirdparty.io.netty.util.concurrent.FastThreadLocalRunnable.run(FastThreadLocalRunnable.java:30)
	... 1 more
Caused by: java.net.ConnectException: Connection refused
	... 11 more
2019-11-13 13:02:51,714 [90f8c6ad-89d1-4dd8-98a8-ca579bb4c57a@group-7E5EA1404CE1-LeaderElection248] INFO  impl.RoleInfo (RoleInfo.java:shutdownLeaderElection(134)) - 90f8c6ad-89d1-4dd8-98a8-ca579bb4c57a: shutdown LeaderElection
2019-11-13 13:02:51,714 [90f8c6ad-89d1-4dd8-98a8-ca579bb4c57a@group-7E5EA1404CE1-LeaderElection248] INFO  impl.RaftServerImpl (RaftServerImpl.java:setRole(173)) - 90f8c6ad-89d1-4dd8-98a8-ca579bb4c57a@group-7E5EA1404CE1: changes role from CANDIDATE to LEADER at term 2 for changeToLeader
2019-11-13 13:02:51,714 [90f8c6ad-89d1-4dd8-98a8-ca579bb4c57a@group-7E5EA1404CE1-LeaderElection248] INFO  ratis.XceiverServerRatis (XceiverServerRatis.java:handleLeaderChangedNotification(697)) - Leader change notification received for group: group-7E5EA1404CE1 with new leaderId: 90f8c6ad-89d1-4dd8-98a8-ca579bb4c57a
2019-11-13 13:02:51,714 [90f8c6ad-89d1-4dd8-98a8-ca579bb4c57a@group-7E5EA1404CE1-LeaderElection248] INFO  impl.RaftServerImpl (ServerState.java:setLeader(255)) - 90f8c6ad-89d1-4dd8-98a8-ca579bb4c57a@group-7E5EA1404CE1: change Leader from null to 90f8c6ad-89d1-4dd8-98a8-ca579bb4c57a at term 2 for becomeLeader, leader elected after 99ms
2019-11-13 13:02:51,715 [90f8c6ad-89d1-4dd8-98a8-ca579bb4c57a@group-7E5EA1404CE1-LeaderElection248] INFO  server.RaftServerConfigKeys (ConfUtils.java:logGet(43)) - raft.server.staging.catchup.gap = 1000 (default)
2019-11-13 13:02:51,715 [90f8c6ad-89d1-4dd8-98a8-ca579bb4c57a@group-7E5EA1404CE1-LeaderElection248] INFO  server.RaftServerConfigKeys (ConfUtils.java:logGet(43)) - raft.server.rpc.sleep.time = 25ms (default)
2019-11-13 13:02:51,715 [90f8c6ad-89d1-4dd8-98a8-ca579bb4c57a@group-7E5EA1404CE1-LeaderElection248] INFO  server.RaftServerConfigKeys (ConfUtils.java:logGet(43)) - raft.server.write.element-limit = 4096 (default)
2019-11-13 13:02:51,715 [90f8c6ad-89d1-4dd8-98a8-ca579bb4c57a@group-7E5EA1404CE1-LeaderElection248] INFO  server.RaftServerConfigKeys (ConfUtils.java:logGet(43)) - raft.server.watch.timeout = 10s (default)
2019-11-13 13:02:51,715 [90f8c6ad-89d1-4dd8-98a8-ca579bb4c57a@group-7E5EA1404CE1-LeaderElection248] INFO  server.RaftServerConfigKeys (ConfUtils.java:logGet(43)) - raft.server.watch.timeout.denomination = 1s (default)
2019-11-13 13:02:51,716 [90f8c6ad-89d1-4dd8-98a8-ca579bb4c57a@group-7E5EA1404CE1-LeaderElection248] INFO  server.RaftServerConfigKeys (ConfUtils.java:logGet(43)) - raft.server.watch.element-limit = 65536 (default)
2019-11-13 13:02:51,716 [90f8c6ad-89d1-4dd8-98a8-ca579bb4c57a@group-7E5EA1404CE1-LeaderElection248] INFO  server.RaftServerConfigKeys (ConfUtils.java:logGet(43)) - raft.server.log.appender.snapshot.chunk.size.max = 16MB (=16777216) (default)
2019-11-13 13:02:51,716 [90f8c6ad-89d1-4dd8-98a8-ca579bb4c57a@group-7E5EA1404CE1-LeaderElection248] INFO  server.RaftServerConfigKeys (ConfUtils.java:logGet(43)) - raft.server.log.appender.buffer.byte-limit = 33554432 (custom)
2019-11-13 13:02:51,716 [90f8c6ad-89d1-4dd8-98a8-ca579bb4c57a@group-7E5EA1404CE1-LeaderElection248] INFO  server.RaftServerConfigKeys (ConfUtils.java:logGet(43)) - raft.server.log.appender.buffer.element-limit = 1 (custom)
2019-11-13 13:02:51,717 [90f8c6ad-89d1-4dd8-98a8-ca579bb4c57a@group-7E5EA1404CE1-LeaderElection248] INFO  grpc.GrpcConfigKeys$Server (ConfUtils.java:logGet(43)) - raft.grpc.server.leader.outstanding.appends.max = 128 (default)
2019-11-13 13:02:51,717 [90f8c6ad-89d1-4dd8-98a8-ca579bb4c57a@group-7E5EA1404CE1-LeaderElection248] INFO  server.RaftServerConfigKeys (ConfUtils.java:logGet(43)) - raft.server.rpc.request.timeout = 3000ms (default)
2019-11-13 13:02:51,717 [90f8c6ad-89d1-4dd8-98a8-ca579bb4c57a@group-7E5EA1404CE1-LeaderElection248] INFO  server.RaftServerConfigKeys (ConfUtils.java:logGet(43)) - raft.server.log.appender.install.snapshot.enabled = false (custom)
2019-11-13 13:02:51,717 [90f8c6ad-89d1-4dd8-98a8-ca579bb4c57a@group-7E5EA1404CE1-LeaderElection248] WARN  impl.MetricRegistriesImpl (MetricRegistriesImpl.java:lambda$create$1(61)) - First MetricRegistry has been created without registering reporters. You may need to call MetricRegistries.global().addReportRegistration(...) before.
2019-11-13 13:02:51,718 [90f8c6ad-89d1-4dd8-98a8-ca579bb4c57a@group-7E5EA1404CE1-LeaderElection248] INFO  server.RaftServerConfigKeys (ConfUtils.java:logGet(43)) - raft.server.log.appender.snapshot.chunk.size.max = 16MB (=16777216) (default)
2019-11-13 13:02:51,718 [90f8c6ad-89d1-4dd8-98a8-ca579bb4c57a@group-7E5EA1404CE1-LeaderElection248] INFO  server.RaftServerConfigKeys (ConfUtils.java:logGet(43)) - raft.server.log.appender.buffer.byte-limit = 33554432 (custom)
2019-11-13 13:02:51,718 [90f8c6ad-89d1-4dd8-98a8-ca579bb4c57a@group-7E5EA1404CE1-LeaderElection248] INFO  server.RaftServerConfigKeys (ConfUtils.java:logGet(43)) - raft.server.log.appender.buffer.element-limit = 1 (custom)
2019-11-13 13:02:51,718 [90f8c6ad-89d1-4dd8-98a8-ca579bb4c57a@group-7E5EA1404CE1-LeaderElection248] INFO  grpc.GrpcConfigKeys$Server (ConfUtils.java:logGet(43)) - raft.grpc.server.leader.outstanding.appends.max = 128 (default)
2019-11-13 13:02:51,718 [90f8c6ad-89d1-4dd8-98a8-ca579bb4c57a@group-7E5EA1404CE1-LeaderElection248] INFO  server.RaftServerConfigKeys (ConfUtils.java:logGet(43)) - raft.server.rpc.request.timeout = 3000ms (default)
2019-11-13 13:02:51,718 [90f8c6ad-89d1-4dd8-98a8-ca579bb4c57a@group-7E5EA1404CE1-LeaderElection248] INFO  server.RaftServerConfigKeys (ConfUtils.java:logGet(43)) - raft.server.log.appender.install.snapshot.enabled = false (custom)
2019-11-13 13:02:51,719 [90f8c6ad-89d1-4dd8-98a8-ca579bb4c57a@group-7E5EA1404CE1-LeaderElection248] INFO  impl.RoleInfo (RoleInfo.java:updateAndGet(143)) - 90f8c6ad-89d1-4dd8-98a8-ca579bb4c57a: start LeaderState
2019-11-13 13:02:51,719 [90f8c6ad-89d1-4dd8-98a8-ca579bb4c57a@group-7E5EA1404CE1-LeaderElection248] INFO  segmented.SegmentedRaftLogWorker (SegmentedRaftLogWorker.java:rollLogSegment(390)) - 90f8c6ad-89d1-4dd8-98a8-ca579bb4c57a@group-7E5EA1404CE1-SegmentedRaftLogWorker: Rolling segment log-0_3 to index:3
2019-11-13 13:02:51,721 [90f8c6ad-89d1-4dd8-98a8-ca579bb4c57a@group-7E5EA1404CE1-SegmentedRaftLogWorker] INFO  segmented.SegmentedRaftLogWorker (SegmentedRaftLogWorker.java:execute(533)) - 90f8c6ad-89d1-4dd8-98a8-ca579bb4c57a@group-7E5EA1404CE1-SegmentedRaftLogWorker: Rolled log segment from /workdir/hadoop-ozone/integration-test/target/test-dir/MiniOzoneClusterImpl-90e8aeb1-2975-47c6-9bba-faf27de7fb8c/datanode-0/data/ratis/360249f9-3a3f-4ff9-aaba-7e5ea1404ce1/current/log_inprogress_0 to /workdir/hadoop-ozone/integration-test/target/test-dir/MiniOzoneClusterImpl-90e8aeb1-2975-47c6-9bba-faf27de7fb8c/datanode-0/data/ratis/360249f9-3a3f-4ff9-aaba-7e5ea1404ce1/current/log_0-3
2019-11-13 13:02:51,721 [90f8c6ad-89d1-4dd8-98a8-ca579bb4c57a@group-7E5EA1404CE1-LeaderElection248] INFO  impl.RaftServerImpl (ServerState.java:setRaftConf(356)) - 90f8c6ad-89d1-4dd8-98a8-ca579bb4c57a@group-7E5EA1404CE1: set configuration 4: [9bca8fcc-ea98-4ec4-92ce-7a037de40a27:192.168.157.200:33211, ccb58d27-4340-4f56-86e1-f88286cea239:192.168.157.200:36584, 90f8c6ad-89d1-4dd8-98a8-ca579bb4c57a:192.168.157.200:39136], old=null at 4
2019-11-13 13:02:51,721 [grpc-default-executor-11] WARN  server.GrpcLogAppender (LogUtils.java:warn(134)) - 90f8c6ad-89d1-4dd8-98a8-ca579bb4c57a@group-7E5EA1404CE1->9bca8fcc-ea98-4ec4-92ce-7a037de40a27-AppendLogResponseHandler: Failed appendEntries: org.apache.ratis.thirdparty.io.grpc.StatusRuntimeException: UNAVAILABLE: io exception
2019-11-13 13:02:51,721 [grpc-default-executor-11] INFO  impl.FollowerInfo (FollowerInfo.java:lambda$new$0(51)) - 90f8c6ad-89d1-4dd8-98a8-ca579bb4c57a@group-7E5EA1404CE1->9bca8fcc-ea98-4ec4-92ce-7a037de40a27: nextIndex: updateUnconditionally 4 -> 1
2019-11-13 13:02:51,722 [grpc-default-executor-11] INFO  ratis.XceiverServerRatis (XceiverServerRatis.java:handleLeaderChangedNotification(697)) - Leader change notification received for group: group-7E5EA1404CE1 with new leaderId: 90f8c6ad-89d1-4dd8-98a8-ca579bb4c57a
2019-11-13 13:02:51,722 [grpc-default-executor-11] INFO  impl.RaftServerImpl (ServerState.java:setLeader(255)) - ccb58d27-4340-4f56-86e1-f88286cea239@group-7E5EA1404CE1: change Leader from null to 90f8c6ad-89d1-4dd8-98a8-ca579bb4c57a at term 2 for appendEntries, leader elected after 61ms
2019-11-13 13:02:51,725 [grpc-default-executor-11] INFO  impl.RaftServerImpl (ServerState.java:setRaftConf(356)) - ccb58d27-4340-4f56-86e1-f88286cea239@group-7E5EA1404CE1: set configuration 4: [9bca8fcc-ea98-4ec4-92ce-7a037de40a27:192.168.157.200:33211, ccb58d27-4340-4f56-86e1-f88286cea239:192.168.157.200:36584, 90f8c6ad-89d1-4dd8-98a8-ca579bb4c57a:192.168.157.200:39136], old=null at 4
2019-11-13 13:02:51,725 [grpc-default-executor-11] INFO  segmented.SegmentedRaftLogWorker (SegmentedRaftLogWorker.java:rollLogSegment(390)) - ccb58d27-4340-4f56-86e1-f88286cea239@group-7E5EA1404CE1-SegmentedRaftLogWorker: Rolling segment log-0_3 to index:3
2019-11-13 13:02:51,726 [ccb58d27-4340-4f56-86e1-f88286cea239@group-7E5EA1404CE1-SegmentedRaftLogWorker] INFO  segmented.SegmentedRaftLogWorker (SegmentedRaftLogWorker.java:execute(533)) - ccb58d27-4340-4f56-86e1-f88286cea239@group-7E5EA1404CE1-SegmentedRaftLogWorker: Rolled log segment from /workdir/hadoop-ozone/integration-test/target/test-dir/MiniOzoneClusterImpl-90e8aeb1-2975-47c6-9bba-faf27de7fb8c/datanode-1/data/ratis/360249f9-3a3f-4ff9-aaba-7e5ea1404ce1/current/log_inprogress_0 to /workdir/hadoop-ozone/integration-test/target/test-dir/MiniOzoneClusterImpl-90e8aeb1-2975-47c6-9bba-faf27de7fb8c/datanode-1/data/ratis/360249f9-3a3f-4ff9-aaba-7e5ea1404ce1/current/log_0-3
2019-11-13 13:02:51,806 [90f8c6ad-89d1-4dd8-98a8-ca579bb4c57a@group-7E5EA1404CE1-SegmentedRaftLogWorker] INFO  segmented.SegmentedRaftLogWorker (SegmentedRaftLogWorker.java:execute(576)) - 90f8c6ad-89d1-4dd8-98a8-ca579bb4c57a@group-7E5EA1404CE1-SegmentedRaftLogWorker: created new log segment /workdir/hadoop-ozone/integration-test/target/test-dir/MiniOzoneClusterImpl-90e8aeb1-2975-47c6-9bba-faf27de7fb8c/datanode-0/data/ratis/360249f9-3a3f-4ff9-aaba-7e5ea1404ce1/current/log_inprogress_4
2019-11-13 13:02:51,806 [ccb58d27-4340-4f56-86e1-f88286cea239@group-7E5EA1404CE1-SegmentedRaftLogWorker] INFO  segmented.SegmentedRaftLogWorker (SegmentedRaftLogWorker.java:execute(576)) - ccb58d27-4340-4f56-86e1-f88286cea239@group-7E5EA1404CE1-SegmentedRaftLogWorker: created new log segment /workdir/hadoop-ozone/integration-test/target/test-dir/MiniOzoneClusterImpl-90e8aeb1-2975-47c6-9bba-faf27de7fb8c/datanode-1/data/ratis/360249f9-3a3f-4ff9-aaba-7e5ea1404ce1/current/log_inprogress_4
2019-11-13 13:02:51,829 [grpc-default-executor-5] WARN  server.GrpcLogAppender (LogUtils.java:warn(134)) - 90f8c6ad-89d1-4dd8-98a8-ca579bb4c57a@group-7E5EA1404CE1->9bca8fcc-ea98-4ec4-92ce-7a037de40a27-AppendLogResponseHandler: Failed appendEntries: org.apache.ratis.thirdparty.io.grpc.StatusRuntimeException: UNAVAILABLE: io exception
2019-11-13 13:02:51,829 [grpc-default-executor-5] INFO  impl.FollowerInfo (FollowerInfo.java:lambda$new$0(51)) - 90f8c6ad-89d1-4dd8-98a8-ca579bb4c57a@group-7E5EA1404CE1->9bca8fcc-ea98-4ec4-92ce-7a037de40a27: nextIndex: updateUnconditionally 2 -> 1
2019-11-13 13:02:51,847 [grpc-default-executor-2] WARN  server.GrpcLogAppender (LogUtils.java:warn(134)) - 90f8c6ad-89d1-4dd8-98a8-ca579bb4c57a@group-7E5EA1404CE1->9bca8fcc-ea98-4ec4-92ce-7a037de40a27-AppendLogResponseHandler: Failed appendEntries: org.apache.ratis.thirdparty.io.grpc.StatusRuntimeException: UNAVAILABLE: io exception
2019-11-13 13:02:51,848 [grpc-default-executor-2] INFO  impl.FollowerInfo (FollowerInfo.java:lambda$new$0(51)) - 90f8c6ad-89d1-4dd8-98a8-ca579bb4c57a@group-7E5EA1404CE1->9bca8fcc-ea98-4ec4-92ce-7a037de40a27: nextIndex: updateUnconditionally 2 -> 1
2019-11-13 13:02:51,936 [Datanode State Machine Thread - 0] INFO  statemachine.DatanodeStateMachine (DatanodeStateMachine.java:lambda$startDaemon$0(350)) - Ozone container server started.
2019-11-13 13:02:51,955 [Thread-4502] INFO  impl.FollowerState (FollowerState.java:run(111)) - 1a33519a-3def-4d79-b3e5-c4d8286dc86e@group-FFCD4D7C2DEB-FollowerState: change to CANDIDATE, lastRpcTime:1190ms, electionTimeout:1190ms
2019-11-13 13:02:51,955 [Thread-4502] INFO  impl.RoleInfo (RoleInfo.java:shutdownFollowerState(121)) - 1a33519a-3def-4d79-b3e5-c4d8286dc86e: shutdown FollowerState
2019-11-13 13:02:51,956 [Thread-4502] INFO  impl.RaftServerImpl (RaftServerImpl.java:setRole(173)) - 1a33519a-3def-4d79-b3e5-c4d8286dc86e@group-FFCD4D7C2DEB: changes role from  FOLLOWER to CANDIDATE at term 10 for changeToCandidate
2019-11-13 13:02:51,956 [Thread-4502] INFO  impl.RoleInfo (RoleInfo.java:updateAndGet(143)) - 1a33519a-3def-4d79-b3e5-c4d8286dc86e: start LeaderElection
2019-11-13 13:02:52,024 [1a33519a-3def-4d79-b3e5-c4d8286dc86e@group-FFCD4D7C2DEB-LeaderElection249] INFO  impl.LeaderElection (LeaderElection.java:askForVotes(178)) - 1a33519a-3def-4d79-b3e5-c4d8286dc86e@group-FFCD4D7C2DEB-LeaderElection249: begin an election at term 11 for -1: [1a33519a-3def-4d79-b3e5-c4d8286dc86e:192.168.157.200:40699, 3d7387af-ecb5-4c7d-b20b-5fe48849adda:192.168.157.200:37245, 318b4bc4-2a6a-4055-b801-3341d5814353:192.168.157.200:34345], old=null
2019-11-13 13:02:52,026 [grpc-default-executor-2] WARN  server.GrpcServerProtocolService (LogUtils.java:warn(136)) - 3d7387af-ecb5-4c7d-b20b-5fe48849adda: Failed requestVote 1a33519a-3def-4d79-b3e5-c4d8286dc86e->3d7387af-ecb5-4c7d-b20b-5fe48849adda#0
org.apache.ratis.protocol.GroupMismatchException: 3d7387af-ecb5-4c7d-b20b-5fe48849adda: group-FFCD4D7C2DEB not found.
	at org.apache.ratis.server.impl.RaftServerProxy$ImplMap.get(RaftServerProxy.java:122)
	at org.apache.ratis.server.impl.RaftServerProxy.getImplFuture(RaftServerProxy.java:269)
	at org.apache.ratis.server.impl.RaftServerProxy.getImpl(RaftServerProxy.java:278)
	at org.apache.ratis.server.impl.RaftServerProxy.getImpl(RaftServerProxy.java:273)
	at org.apache.ratis.server.impl.RaftServerProxy.requestVote(RaftServerProxy.java:443)
	at org.apache.ratis.grpc.server.GrpcServerProtocolService.requestVote(GrpcServerProtocolService.java:142)
	at org.apache.ratis.proto.grpc.RaftServerProtocolServiceGrpc$MethodHandlers.invoke(RaftServerProtocolServiceGrpc.java:319)
	at org.apache.ratis.thirdparty.io.grpc.stub.ServerCalls$UnaryServerCallHandler$UnaryServerCallListener.onHalfClose(ServerCalls.java:171)
	at org.apache.ratis.thirdparty.io.grpc.internal.ServerCallImpl$ServerStreamListenerImpl.halfClosed(ServerCallImpl.java:283)
	at org.apache.ratis.thirdparty.io.grpc.internal.ServerImpl$JumpToApplicationThreadServerStreamListener$1HalfClosed.runInContext(ServerImpl.java:710)
	at org.apache.ratis.thirdparty.io.grpc.internal.ContextRunnable.run(ContextRunnable.java:37)
	at org.apache.ratis.thirdparty.io.grpc.internal.SerializingExecutor.run(SerializingExecutor.java:123)
	at java.util.concurrent.ThreadPoolExecutor.runWorker(ThreadPoolExecutor.java:1149)
	at java.util.concurrent.ThreadPoolExecutor$Worker.run(ThreadPoolExecutor.java:624)
	at java.lang.Thread.run(Thread.java:748)
2019-11-13 13:02:52,027 [grpc-default-executor-5] WARN  server.GrpcServerProtocolService (LogUtils.java:warn(136)) - 318b4bc4-2a6a-4055-b801-3341d5814353: Failed requestVote 1a33519a-3def-4d79-b3e5-c4d8286dc86e->318b4bc4-2a6a-4055-b801-3341d5814353#0
org.apache.ratis.protocol.GroupMismatchException: 318b4bc4-2a6a-4055-b801-3341d5814353: group-FFCD4D7C2DEB not found.
	at org.apache.ratis.server.impl.RaftServerProxy$ImplMap.get(RaftServerProxy.java:122)
	at org.apache.ratis.server.impl.RaftServerProxy.getImplFuture(RaftServerProxy.java:269)
	at org.apache.ratis.server.impl.RaftServerProxy.getImpl(RaftServerProxy.java:278)
	at org.apache.ratis.server.impl.RaftServerProxy.getImpl(RaftServerProxy.java:273)
	at org.apache.ratis.server.impl.RaftServerProxy.requestVote(RaftServerProxy.java:443)
	at org.apache.ratis.grpc.server.GrpcServerProtocolService.requestVote(GrpcServerProtocolService.java:142)
	at org.apache.ratis.proto.grpc.RaftServerProtocolServiceGrpc$MethodHandlers.invoke(RaftServerProtocolServiceGrpc.java:319)
	at org.apache.ratis.thirdparty.io.grpc.stub.ServerCalls$UnaryServerCallHandler$UnaryServerCallListener.onHalfClose(ServerCalls.java:171)
	at org.apache.ratis.thirdparty.io.grpc.internal.ServerCallImpl$ServerStreamListenerImpl.halfClosed(ServerCallImpl.java:283)
	at org.apache.ratis.thirdparty.io.grpc.internal.ServerImpl$JumpToApplicationThreadServerStreamListener$1HalfClosed.runInContext(ServerImpl.java:710)
	at org.apache.ratis.thirdparty.io.grpc.internal.ContextRunnable.run(ContextRunnable.java:37)
	at org.apache.ratis.thirdparty.io.grpc.internal.SerializingExecutor.run(SerializingExecutor.java:123)
	at java.util.concurrent.ThreadPoolExecutor.runWorker(ThreadPoolExecutor.java:1149)
	at java.util.concurrent.ThreadPoolExecutor$Worker.run(ThreadPoolExecutor.java:624)
	at java.lang.Thread.run(Thread.java:748)
2019-11-13 13:02:52,029 [1a33519a-3def-4d79-b3e5-c4d8286dc86e@group-FFCD4D7C2DEB-LeaderElection249] INFO  impl.LeaderElection (LogUtils.java:infoOrTrace(149)) - 1a33519a-3def-4d79-b3e5-c4d8286dc86e@group-FFCD4D7C2DEB-LeaderElection249 got exception when requesting votes: {}
java.util.concurrent.ExecutionException: org.apache.ratis.thirdparty.io.grpc.StatusRuntimeException: INTERNAL: 3d7387af-ecb5-4c7d-b20b-5fe48849adda: group-FFCD4D7C2DEB not found.
	at java.util.concurrent.FutureTask.report(FutureTask.java:122)
	at java.util.concurrent.FutureTask.get(FutureTask.java:192)
	at org.apache.ratis.server.impl.LeaderElection.waitForResults(LeaderElection.java:259)
	at org.apache.ratis.server.impl.LeaderElection.askForVotes(LeaderElection.java:197)
	at org.apache.ratis.server.impl.LeaderElection.run(LeaderElection.java:133)
	at java.lang.Thread.run(Thread.java:748)
Caused by: org.apache.ratis.thirdparty.io.grpc.StatusRuntimeException: INTERNAL: 3d7387af-ecb5-4c7d-b20b-5fe48849adda: group-FFCD4D7C2DEB not found.
	at org.apache.ratis.thirdparty.io.grpc.stub.ClientCalls.toStatusRuntimeException(ClientCalls.java:233)
	at org.apache.ratis.thirdparty.io.grpc.stub.ClientCalls.getUnchecked(ClientCalls.java:214)
	at org.apache.ratis.thirdparty.io.grpc.stub.ClientCalls.blockingUnaryCall(ClientCalls.java:139)
	at org.apache.ratis.proto.grpc.RaftServerProtocolServiceGrpc$RaftServerProtocolServiceBlockingStub.requestVote(RaftServerProtocolServiceGrpc.java:265)
	at org.apache.ratis.grpc.server.GrpcServerProtocolClient.requestVote(GrpcServerProtocolClient.java:99)
	at org.apache.ratis.grpc.server.GrpcService.requestVote(GrpcService.java:204)
	at org.apache.ratis.server.impl.LeaderElection.lambda$submitRequests$1(LeaderElection.java:234)
	at java.util.concurrent.FutureTask.run(FutureTask.java:266)
	at java.util.concurrent.Executors$RunnableAdapter.call(Executors.java:511)
	at java.util.concurrent.FutureTask.run(FutureTask.java:266)
	at java.util.concurrent.ThreadPoolExecutor.runWorker(ThreadPoolExecutor.java:1149)
	at java.util.concurrent.ThreadPoolExecutor$Worker.run(ThreadPoolExecutor.java:624)
	... 1 more
2019-11-13 13:02:52,030 [1a33519a-3def-4d79-b3e5-c4d8286dc86e@group-FFCD4D7C2DEB-LeaderElection249] INFO  impl.LeaderElection (LogUtils.java:infoOrTrace(149)) - 1a33519a-3def-4d79-b3e5-c4d8286dc86e@group-FFCD4D7C2DEB-LeaderElection249 got exception when requesting votes: {}
java.util.concurrent.ExecutionException: org.apache.ratis.thirdparty.io.grpc.StatusRuntimeException: INTERNAL: 318b4bc4-2a6a-4055-b801-3341d5814353: group-FFCD4D7C2DEB not found.
	at java.util.concurrent.FutureTask.report(FutureTask.java:122)
	at java.util.concurrent.FutureTask.get(FutureTask.java:192)
	at org.apache.ratis.server.impl.LeaderElection.waitForResults(LeaderElection.java:259)
	at org.apache.ratis.server.impl.LeaderElection.askForVotes(LeaderElection.java:197)
	at org.apache.ratis.server.impl.LeaderElection.run(LeaderElection.java:133)
	at java.lang.Thread.run(Thread.java:748)
Caused by: org.apache.ratis.thirdparty.io.grpc.StatusRuntimeException: INTERNAL: 318b4bc4-2a6a-4055-b801-3341d5814353: group-FFCD4D7C2DEB not found.
	at org.apache.ratis.thirdparty.io.grpc.stub.ClientCalls.toStatusRuntimeException(ClientCalls.java:233)
	at org.apache.ratis.thirdparty.io.grpc.stub.ClientCalls.getUnchecked(ClientCalls.java:214)
	at org.apache.ratis.thirdparty.io.grpc.stub.ClientCalls.blockingUnaryCall(ClientCalls.java:139)
	at org.apache.ratis.proto.grpc.RaftServerProtocolServiceGrpc$RaftServerProtocolServiceBlockingStub.requestVote(RaftServerProtocolServiceGrpc.java:265)
	at org.apache.ratis.grpc.server.GrpcServerProtocolClient.requestVote(GrpcServerProtocolClient.java:99)
	at org.apache.ratis.grpc.server.GrpcService.requestVote(GrpcService.java:204)
	at org.apache.ratis.server.impl.LeaderElection.lambda$submitRequests$1(LeaderElection.java:234)
	at java.util.concurrent.FutureTask.run(FutureTask.java:266)
	at java.util.concurrent.Executors$RunnableAdapter.call(Executors.java:511)
	at java.util.concurrent.FutureTask.run(FutureTask.java:266)
	at java.util.concurrent.ThreadPoolExecutor.runWorker(ThreadPoolExecutor.java:1149)
	at java.util.concurrent.ThreadPoolExecutor$Worker.run(ThreadPoolExecutor.java:624)
	... 1 more
2019-11-13 13:02:52,030 [1a33519a-3def-4d79-b3e5-c4d8286dc86e@group-FFCD4D7C2DEB-LeaderElection249] INFO  impl.LeaderElection (LeaderElection.java:logAndReturn(56)) - 1a33519a-3def-4d79-b3e5-c4d8286dc86e@group-FFCD4D7C2DEB-LeaderElection249: Election REJECTED; received 0 response(s) [] and 2 exception(s); 1a33519a-3def-4d79-b3e5-c4d8286dc86e@group-FFCD4D7C2DEB:t11, leader=null, voted=1a33519a-3def-4d79-b3e5-c4d8286dc86e, raftlog=1a33519a-3def-4d79-b3e5-c4d8286dc86e@group-FFCD4D7C2DEB-SegmentedRaftLog:OPENED:c-1,f-1,i0, conf=-1: [1a33519a-3def-4d79-b3e5-c4d8286dc86e:192.168.157.200:40699, 3d7387af-ecb5-4c7d-b20b-5fe48849adda:192.168.157.200:37245, 318b4bc4-2a6a-4055-b801-3341d5814353:192.168.157.200:34345], old=null
2019-11-13 13:02:52,030 [1a33519a-3def-4d79-b3e5-c4d8286dc86e@group-FFCD4D7C2DEB-LeaderElection249] INFO  impl.LeaderElection (LogUtils.java:infoOrTrace(149)) -   Exception 0: {}
java.util.concurrent.ExecutionException: org.apache.ratis.thirdparty.io.grpc.StatusRuntimeException: INTERNAL: 3d7387af-ecb5-4c7d-b20b-5fe48849adda: group-FFCD4D7C2DEB not found.
	at java.util.concurrent.FutureTask.report(FutureTask.java:122)
	at java.util.concurrent.FutureTask.get(FutureTask.java:192)
	at org.apache.ratis.server.impl.LeaderElection.waitForResults(LeaderElection.java:259)
	at org.apache.ratis.server.impl.LeaderElection.askForVotes(LeaderElection.java:197)
	at org.apache.ratis.server.impl.LeaderElection.run(LeaderElection.java:133)
	at java.lang.Thread.run(Thread.java:748)
Caused by: org.apache.ratis.thirdparty.io.grpc.StatusRuntimeException: INTERNAL: 3d7387af-ecb5-4c7d-b20b-5fe48849adda: group-FFCD4D7C2DEB not found.
	at org.apache.ratis.thirdparty.io.grpc.stub.ClientCalls.toStatusRuntimeException(ClientCalls.java:233)
	at org.apache.ratis.thirdparty.io.grpc.stub.ClientCalls.getUnchecked(ClientCalls.java:214)
	at org.apache.ratis.thirdparty.io.grpc.stub.ClientCalls.blockingUnaryCall(ClientCalls.java:139)
	at org.apache.ratis.proto.grpc.RaftServerProtocolServiceGrpc$RaftServerProtocolServiceBlockingStub.requestVote(RaftServerProtocolServiceGrpc.java:265)
	at org.apache.ratis.grpc.server.GrpcServerProtocolClient.requestVote(GrpcServerProtocolClient.java:99)
	at org.apache.ratis.grpc.server.GrpcService.requestVote(GrpcService.java:204)
	at org.apache.ratis.server.impl.LeaderElection.lambda$submitRequests$1(LeaderElection.java:234)
	at java.util.concurrent.FutureTask.run(FutureTask.java:266)
	at java.util.concurrent.Executors$RunnableAdapter.call(Executors.java:511)
	at java.util.concurrent.FutureTask.run(FutureTask.java:266)
	at java.util.concurrent.ThreadPoolExecutor.runWorker(ThreadPoolExecutor.java:1149)
	at java.util.concurrent.ThreadPoolExecutor$Worker.run(ThreadPoolExecutor.java:624)
	... 1 more
2019-11-13 13:02:52,030 [1a33519a-3def-4d79-b3e5-c4d8286dc86e@group-FFCD4D7C2DEB-LeaderElection249] INFO  impl.LeaderElection (LogUtils.java:infoOrTrace(149)) -   Exception 1: {}
java.util.concurrent.ExecutionException: org.apache.ratis.thirdparty.io.grpc.StatusRuntimeException: INTERNAL: 318b4bc4-2a6a-4055-b801-3341d5814353: group-FFCD4D7C2DEB not found.
	at java.util.concurrent.FutureTask.report(FutureTask.java:122)
	at java.util.concurrent.FutureTask.get(FutureTask.java:192)
	at org.apache.ratis.server.impl.LeaderElection.waitForResults(LeaderElection.java:259)
	at org.apache.ratis.server.impl.LeaderElection.askForVotes(LeaderElection.java:197)
	at org.apache.ratis.server.impl.LeaderElection.run(LeaderElection.java:133)
	at java.lang.Thread.run(Thread.java:748)
Caused by: org.apache.ratis.thirdparty.io.grpc.StatusRuntimeException: INTERNAL: 318b4bc4-2a6a-4055-b801-3341d5814353: group-FFCD4D7C2DEB not found.
	at org.apache.ratis.thirdparty.io.grpc.stub.ClientCalls.toStatusRuntimeException(ClientCalls.java:233)
	at org.apache.ratis.thirdparty.io.grpc.stub.ClientCalls.getUnchecked(ClientCalls.java:214)
	at org.apache.ratis.thirdparty.io.grpc.stub.ClientCalls.blockingUnaryCall(ClientCalls.java:139)
	at org.apache.ratis.proto.grpc.RaftServerProtocolServiceGrpc$RaftServerProtocolServiceBlockingStub.requestVote(RaftServerProtocolServiceGrpc.java:265)
	at org.apache.ratis.grpc.server.GrpcServerProtocolClient.requestVote(GrpcServerProtocolClient.java:99)
	at org.apache.ratis.grpc.server.GrpcService.requestVote(GrpcService.java:204)
	at org.apache.ratis.server.impl.LeaderElection.lambda$submitRequests$1(LeaderElection.java:234)
	at java.util.concurrent.FutureTask.run(FutureTask.java:266)
	at java.util.concurrent.Executors$RunnableAdapter.call(Executors.java:511)
	at java.util.concurrent.FutureTask.run(FutureTask.java:266)
	at java.util.concurrent.ThreadPoolExecutor.runWorker(ThreadPoolExecutor.java:1149)
	at java.util.concurrent.ThreadPoolExecutor$Worker.run(ThreadPoolExecutor.java:624)
	... 1 more
2019-11-13 13:02:52,031 [1a33519a-3def-4d79-b3e5-c4d8286dc86e@group-FFCD4D7C2DEB-LeaderElection249] INFO  impl.RaftServerImpl (RaftServerImpl.java:setRole(173)) - 1a33519a-3def-4d79-b3e5-c4d8286dc86e@group-FFCD4D7C2DEB: changes role from CANDIDATE to FOLLOWER at term 11 for DISCOVERED_A_NEW_TERM
2019-11-13 13:02:52,031 [1a33519a-3def-4d79-b3e5-c4d8286dc86e@group-FFCD4D7C2DEB-LeaderElection249] INFO  impl.RoleInfo (RoleInfo.java:shutdownLeaderElection(134)) - 1a33519a-3def-4d79-b3e5-c4d8286dc86e: shutdown LeaderElection
2019-11-13 13:02:52,031 [1a33519a-3def-4d79-b3e5-c4d8286dc86e@group-FFCD4D7C2DEB-LeaderElection249] INFO  impl.RoleInfo (RoleInfo.java:updateAndGet(143)) - 1a33519a-3def-4d79-b3e5-c4d8286dc86e: start FollowerState
2019-11-13 13:02:52,348 [grpc-default-executor-11] WARN  server.GrpcLogAppender (LogUtils.java:warn(134)) - 90f8c6ad-89d1-4dd8-98a8-ca579bb4c57a@group-7E5EA1404CE1->9bca8fcc-ea98-4ec4-92ce-7a037de40a27-AppendLogResponseHandler: Failed appendEntries: org.apache.ratis.thirdparty.io.grpc.StatusRuntimeException: UNAVAILABLE: io exception
2019-11-13 13:02:52,349 [grpc-default-executor-11] INFO  impl.FollowerInfo (FollowerInfo.java:lambda$new$0(51)) - 90f8c6ad-89d1-4dd8-98a8-ca579bb4c57a@group-7E5EA1404CE1->9bca8fcc-ea98-4ec4-92ce-7a037de40a27: nextIndex: updateUnconditionally 1 -> 0
2019-11-13 13:02:52,849 [grpc-default-executor-5] WARN  server.GrpcLogAppender (LogUtils.java:warn(134)) - 90f8c6ad-89d1-4dd8-98a8-ca579bb4c57a@group-7E5EA1404CE1->9bca8fcc-ea98-4ec4-92ce-7a037de40a27-AppendLogResponseHandler: Failed appendEntries: org.apache.ratis.thirdparty.io.grpc.StatusRuntimeException: UNAVAILABLE: io exception
2019-11-13 13:02:52,849 [grpc-default-executor-5] INFO  impl.FollowerInfo (FollowerInfo.java:lambda$new$0(51)) - 90f8c6ad-89d1-4dd8-98a8-ca579bb4c57a@group-7E5EA1404CE1->9bca8fcc-ea98-4ec4-92ce-7a037de40a27: nextIndex: updateUnconditionally 0 -> 0
2019-11-13 13:02:53,175 [Thread-4522] INFO  impl.FollowerState (FollowerState.java:run(111)) - 1a33519a-3def-4d79-b3e5-c4d8286dc86e@group-FFCD4D7C2DEB-FollowerState: change to CANDIDATE, lastRpcTime:1144ms, electionTimeout:1144ms
2019-11-13 13:02:53,176 [Thread-4522] INFO  impl.RoleInfo (RoleInfo.java:shutdownFollowerState(121)) - 1a33519a-3def-4d79-b3e5-c4d8286dc86e: shutdown FollowerState
2019-11-13 13:02:53,176 [Thread-4522] INFO  impl.RaftServerImpl (RaftServerImpl.java:setRole(173)) - 1a33519a-3def-4d79-b3e5-c4d8286dc86e@group-FFCD4D7C2DEB: changes role from  FOLLOWER to CANDIDATE at term 11 for changeToCandidate
2019-11-13 13:02:53,176 [Thread-4522] INFO  impl.RoleInfo (RoleInfo.java:updateAndGet(143)) - 1a33519a-3def-4d79-b3e5-c4d8286dc86e: start LeaderElection
2019-11-13 13:02:53,218 [1a33519a-3def-4d79-b3e5-c4d8286dc86e@group-FFCD4D7C2DEB-LeaderElection250] INFO  impl.LeaderElection (LeaderElection.java:askForVotes(178)) - 1a33519a-3def-4d79-b3e5-c4d8286dc86e@group-FFCD4D7C2DEB-LeaderElection250: begin an election at term 12 for -1: [1a33519a-3def-4d79-b3e5-c4d8286dc86e:192.168.157.200:40699, 3d7387af-ecb5-4c7d-b20b-5fe48849adda:192.168.157.200:37245, 318b4bc4-2a6a-4055-b801-3341d5814353:192.168.157.200:34345], old=null
2019-11-13 13:02:53,221 [grpc-default-executor-2] WARN  server.GrpcServerProtocolService (LogUtils.java:warn(136)) - 3d7387af-ecb5-4c7d-b20b-5fe48849adda: Failed requestVote 1a33519a-3def-4d79-b3e5-c4d8286dc86e->3d7387af-ecb5-4c7d-b20b-5fe48849adda#0
org.apache.ratis.protocol.GroupMismatchException: 3d7387af-ecb5-4c7d-b20b-5fe48849adda: group-FFCD4D7C2DEB not found.
	at org.apache.ratis.server.impl.RaftServerProxy$ImplMap.get(RaftServerProxy.java:122)
	at org.apache.ratis.server.impl.RaftServerProxy.getImplFuture(RaftServerProxy.java:269)
	at org.apache.ratis.server.impl.RaftServerProxy.getImpl(RaftServerProxy.java:278)
	at org.apache.ratis.server.impl.RaftServerProxy.getImpl(RaftServerProxy.java:273)
	at org.apache.ratis.server.impl.RaftServerProxy.requestVote(RaftServerProxy.java:443)
	at org.apache.ratis.grpc.server.GrpcServerProtocolService.requestVote(GrpcServerProtocolService.java:142)
	at org.apache.ratis.proto.grpc.RaftServerProtocolServiceGrpc$MethodHandlers.invoke(RaftServerProtocolServiceGrpc.java:319)
	at org.apache.ratis.thirdparty.io.grpc.stub.ServerCalls$UnaryServerCallHandler$UnaryServerCallListener.onHalfClose(ServerCalls.java:171)
	at org.apache.ratis.thirdparty.io.grpc.internal.ServerCallImpl$ServerStreamListenerImpl.halfClosed(ServerCallImpl.java:283)
	at org.apache.ratis.thirdparty.io.grpc.internal.ServerImpl$JumpToApplicationThreadServerStreamListener$1HalfClosed.runInContext(ServerImpl.java:710)
	at org.apache.ratis.thirdparty.io.grpc.internal.ContextRunnable.run(ContextRunnable.java:37)
	at org.apache.ratis.thirdparty.io.grpc.internal.SerializingExecutor.run(SerializingExecutor.java:123)
	at java.util.concurrent.ThreadPoolExecutor.runWorker(ThreadPoolExecutor.java:1149)
	at java.util.concurrent.ThreadPoolExecutor$Worker.run(ThreadPoolExecutor.java:624)
	at java.lang.Thread.run(Thread.java:748)
2019-11-13 13:02:53,221 [grpc-default-executor-5] WARN  server.GrpcServerProtocolService (LogUtils.java:warn(136)) - 318b4bc4-2a6a-4055-b801-3341d5814353: Failed requestVote 1a33519a-3def-4d79-b3e5-c4d8286dc86e->318b4bc4-2a6a-4055-b801-3341d5814353#0
org.apache.ratis.protocol.GroupMismatchException: 318b4bc4-2a6a-4055-b801-3341d5814353: group-FFCD4D7C2DEB not found.
	at org.apache.ratis.server.impl.RaftServerProxy$ImplMap.get(RaftServerProxy.java:122)
	at org.apache.ratis.server.impl.RaftServerProxy.getImplFuture(RaftServerProxy.java:269)
	at org.apache.ratis.server.impl.RaftServerProxy.getImpl(RaftServerProxy.java:278)
	at org.apache.ratis.server.impl.RaftServerProxy.getImpl(RaftServerProxy.java:273)
	at org.apache.ratis.server.impl.RaftServerProxy.requestVote(RaftServerProxy.java:443)
	at org.apache.ratis.grpc.server.GrpcServerProtocolService.requestVote(GrpcServerProtocolService.java:142)
	at org.apache.ratis.proto.grpc.RaftServerProtocolServiceGrpc$MethodHandlers.invoke(RaftServerProtocolServiceGrpc.java:319)
	at org.apache.ratis.thirdparty.io.grpc.stub.ServerCalls$UnaryServerCallHandler$UnaryServerCallListener.onHalfClose(ServerCalls.java:171)
	at org.apache.ratis.thirdparty.io.grpc.internal.ServerCallImpl$ServerStreamListenerImpl.halfClosed(ServerCallImpl.java:283)
	at org.apache.ratis.thirdparty.io.grpc.internal.ServerImpl$JumpToApplicationThreadServerStreamListener$1HalfClosed.runInContext(ServerImpl.java:710)
	at org.apache.ratis.thirdparty.io.grpc.internal.ContextRunnable.run(ContextRunnable.java:37)
	at org.apache.ratis.thirdparty.io.grpc.internal.SerializingExecutor.run(SerializingExecutor.java:123)
	at java.util.concurrent.ThreadPoolExecutor.runWorker(ThreadPoolExecutor.java:1149)
	at java.util.concurrent.ThreadPoolExecutor$Worker.run(ThreadPoolExecutor.java:624)
	at java.lang.Thread.run(Thread.java:748)
2019-11-13 13:02:53,223 [1a33519a-3def-4d79-b3e5-c4d8286dc86e@group-FFCD4D7C2DEB-LeaderElection250] INFO  impl.LeaderElection (LogUtils.java:infoOrTrace(149)) - 1a33519a-3def-4d79-b3e5-c4d8286dc86e@group-FFCD4D7C2DEB-LeaderElection250 got exception when requesting votes: {}
java.util.concurrent.ExecutionException: org.apache.ratis.thirdparty.io.grpc.StatusRuntimeException: INTERNAL: 318b4bc4-2a6a-4055-b801-3341d5814353: group-FFCD4D7C2DEB not found.
	at java.util.concurrent.FutureTask.report(FutureTask.java:122)
	at java.util.concurrent.FutureTask.get(FutureTask.java:192)
	at org.apache.ratis.server.impl.LeaderElection.waitForResults(LeaderElection.java:259)
	at org.apache.ratis.server.impl.LeaderElection.askForVotes(LeaderElection.java:197)
	at org.apache.ratis.server.impl.LeaderElection.run(LeaderElection.java:133)
	at java.lang.Thread.run(Thread.java:748)
Caused by: org.apache.ratis.thirdparty.io.grpc.StatusRuntimeException: INTERNAL: 318b4bc4-2a6a-4055-b801-3341d5814353: group-FFCD4D7C2DEB not found.
	at org.apache.ratis.thirdparty.io.grpc.stub.ClientCalls.toStatusRuntimeException(ClientCalls.java:233)
	at org.apache.ratis.thirdparty.io.grpc.stub.ClientCalls.getUnchecked(ClientCalls.java:214)
	at org.apache.ratis.thirdparty.io.grpc.stub.ClientCalls.blockingUnaryCall(ClientCalls.java:139)
	at org.apache.ratis.proto.grpc.RaftServerProtocolServiceGrpc$RaftServerProtocolServiceBlockingStub.requestVote(RaftServerProtocolServiceGrpc.java:265)
	at org.apache.ratis.grpc.server.GrpcServerProtocolClient.requestVote(GrpcServerProtocolClient.java:99)
	at org.apache.ratis.grpc.server.GrpcService.requestVote(GrpcService.java:204)
	at org.apache.ratis.server.impl.LeaderElection.lambda$submitRequests$1(LeaderElection.java:234)
	at java.util.concurrent.FutureTask.run(FutureTask.java:266)
	at java.util.concurrent.Executors$RunnableAdapter.call(Executors.java:511)
	at java.util.concurrent.FutureTask.run(FutureTask.java:266)
	at java.util.concurrent.ThreadPoolExecutor.runWorker(ThreadPoolExecutor.java:1149)
	at java.util.concurrent.ThreadPoolExecutor$Worker.run(ThreadPoolExecutor.java:624)
	... 1 more
2019-11-13 13:02:53,224 [1a33519a-3def-4d79-b3e5-c4d8286dc86e@group-FFCD4D7C2DEB-LeaderElection250] INFO  impl.LeaderElection (LogUtils.java:infoOrTrace(149)) - 1a33519a-3def-4d79-b3e5-c4d8286dc86e@group-FFCD4D7C2DEB-LeaderElection250 got exception when requesting votes: {}
java.util.concurrent.ExecutionException: org.apache.ratis.thirdparty.io.grpc.StatusRuntimeException: INTERNAL: 3d7387af-ecb5-4c7d-b20b-5fe48849adda: group-FFCD4D7C2DEB not found.
	at java.util.concurrent.FutureTask.report(FutureTask.java:122)
	at java.util.concurrent.FutureTask.get(FutureTask.java:192)
	at org.apache.ratis.server.impl.LeaderElection.waitForResults(LeaderElection.java:259)
	at org.apache.ratis.server.impl.LeaderElection.askForVotes(LeaderElection.java:197)
	at org.apache.ratis.server.impl.LeaderElection.run(LeaderElection.java:133)
	at java.lang.Thread.run(Thread.java:748)
Caused by: org.apache.ratis.thirdparty.io.grpc.StatusRuntimeException: INTERNAL: 3d7387af-ecb5-4c7d-b20b-5fe48849adda: group-FFCD4D7C2DEB not found.
	at org.apache.ratis.thirdparty.io.grpc.stub.ClientCalls.toStatusRuntimeException(ClientCalls.java:233)
	at org.apache.ratis.thirdparty.io.grpc.stub.ClientCalls.getUnchecked(ClientCalls.java:214)
	at org.apache.ratis.thirdparty.io.grpc.stub.ClientCalls.blockingUnaryCall(ClientCalls.java:139)
	at org.apache.ratis.proto.grpc.RaftServerProtocolServiceGrpc$RaftServerProtocolServiceBlockingStub.requestVote(RaftServerProtocolServiceGrpc.java:265)
	at org.apache.ratis.grpc.server.GrpcServerProtocolClient.requestVote(GrpcServerProtocolClient.java:99)
	at org.apache.ratis.grpc.server.GrpcService.requestVote(GrpcService.java:204)
	at org.apache.ratis.server.impl.LeaderElection.lambda$submitRequests$1(LeaderElection.java:234)
	at java.util.concurrent.FutureTask.run(FutureTask.java:266)
	at java.util.concurrent.Executors$RunnableAdapter.call(Executors.java:511)
	at java.util.concurrent.FutureTask.run(FutureTask.java:266)
	at java.util.concurrent.ThreadPoolExecutor.runWorker(ThreadPoolExecutor.java:1149)
	at java.util.concurrent.ThreadPoolExecutor$Worker.run(ThreadPoolExecutor.java:624)
	... 1 more
2019-11-13 13:02:53,224 [1a33519a-3def-4d79-b3e5-c4d8286dc86e@group-FFCD4D7C2DEB-LeaderElection250] INFO  impl.LeaderElection (LeaderElection.java:logAndReturn(56)) - 1a33519a-3def-4d79-b3e5-c4d8286dc86e@group-FFCD4D7C2DEB-LeaderElection250: Election REJECTED; received 0 response(s) [] and 2 exception(s); 1a33519a-3def-4d79-b3e5-c4d8286dc86e@group-FFCD4D7C2DEB:t12, leader=null, voted=1a33519a-3def-4d79-b3e5-c4d8286dc86e, raftlog=1a33519a-3def-4d79-b3e5-c4d8286dc86e@group-FFCD4D7C2DEB-SegmentedRaftLog:OPENED:c-1,f-1,i0, conf=-1: [1a33519a-3def-4d79-b3e5-c4d8286dc86e:192.168.157.200:40699, 3d7387af-ecb5-4c7d-b20b-5fe48849adda:192.168.157.200:37245, 318b4bc4-2a6a-4055-b801-3341d5814353:192.168.157.200:34345], old=null
2019-11-13 13:02:53,224 [1a33519a-3def-4d79-b3e5-c4d8286dc86e@group-FFCD4D7C2DEB-LeaderElection250] INFO  impl.LeaderElection (LogUtils.java:infoOrTrace(149)) -   Exception 0: {}
java.util.concurrent.ExecutionException: org.apache.ratis.thirdparty.io.grpc.StatusRuntimeException: INTERNAL: 318b4bc4-2a6a-4055-b801-3341d5814353: group-FFCD4D7C2DEB not found.
	at java.util.concurrent.FutureTask.report(FutureTask.java:122)
	at java.util.concurrent.FutureTask.get(FutureTask.java:192)
	at org.apache.ratis.server.impl.LeaderElection.waitForResults(LeaderElection.java:259)
	at org.apache.ratis.server.impl.LeaderElection.askForVotes(LeaderElection.java:197)
	at org.apache.ratis.server.impl.LeaderElection.run(LeaderElection.java:133)
	at java.lang.Thread.run(Thread.java:748)
Caused by: org.apache.ratis.thirdparty.io.grpc.StatusRuntimeException: INTERNAL: 318b4bc4-2a6a-4055-b801-3341d5814353: group-FFCD4D7C2DEB not found.
	at org.apache.ratis.thirdparty.io.grpc.stub.ClientCalls.toStatusRuntimeException(ClientCalls.java:233)
	at org.apache.ratis.thirdparty.io.grpc.stub.ClientCalls.getUnchecked(ClientCalls.java:214)
	at org.apache.ratis.thirdparty.io.grpc.stub.ClientCalls.blockingUnaryCall(ClientCalls.java:139)
	at org.apache.ratis.proto.grpc.RaftServerProtocolServiceGrpc$RaftServerProtocolServiceBlockingStub.requestVote(RaftServerProtocolServiceGrpc.java:265)
	at org.apache.ratis.grpc.server.GrpcServerProtocolClient.requestVote(GrpcServerProtocolClient.java:99)
	at org.apache.ratis.grpc.server.GrpcService.requestVote(GrpcService.java:204)
	at org.apache.ratis.server.impl.LeaderElection.lambda$submitRequests$1(LeaderElection.java:234)
	at java.util.concurrent.FutureTask.run(FutureTask.java:266)
	at java.util.concurrent.Executors$RunnableAdapter.call(Executors.java:511)
	at java.util.concurrent.FutureTask.run(FutureTask.java:266)
	at java.util.concurrent.ThreadPoolExecutor.runWorker(ThreadPoolExecutor.java:1149)
	at java.util.concurrent.ThreadPoolExecutor$Worker.run(ThreadPoolExecutor.java:624)
	... 1 more
2019-11-13 13:02:53,224 [1a33519a-3def-4d79-b3e5-c4d8286dc86e@group-FFCD4D7C2DEB-LeaderElection250] INFO  impl.LeaderElection (LogUtils.java:infoOrTrace(149)) -   Exception 1: {}
java.util.concurrent.ExecutionException: org.apache.ratis.thirdparty.io.grpc.StatusRuntimeException: INTERNAL: 3d7387af-ecb5-4c7d-b20b-5fe48849adda: group-FFCD4D7C2DEB not found.
	at java.util.concurrent.FutureTask.report(FutureTask.java:122)
	at java.util.concurrent.FutureTask.get(FutureTask.java:192)
	at org.apache.ratis.server.impl.LeaderElection.waitForResults(LeaderElection.java:259)
	at org.apache.ratis.server.impl.LeaderElection.askForVotes(LeaderElection.java:197)
	at org.apache.ratis.server.impl.LeaderElection.run(LeaderElection.java:133)
	at java.lang.Thread.run(Thread.java:748)
Caused by: org.apache.ratis.thirdparty.io.grpc.StatusRuntimeException: INTERNAL: 3d7387af-ecb5-4c7d-b20b-5fe48849adda: group-FFCD4D7C2DEB not found.
	at org.apache.ratis.thirdparty.io.grpc.stub.ClientCalls.toStatusRuntimeException(ClientCalls.java:233)
	at org.apache.ratis.thirdparty.io.grpc.stub.ClientCalls.getUnchecked(ClientCalls.java:214)
	at org.apache.ratis.thirdparty.io.grpc.stub.ClientCalls.blockingUnaryCall(ClientCalls.java:139)
	at org.apache.ratis.proto.grpc.RaftServerProtocolServiceGrpc$RaftServerProtocolServiceBlockingStub.requestVote(RaftServerProtocolServiceGrpc.java:265)
	at org.apache.ratis.grpc.server.GrpcServerProtocolClient.requestVote(GrpcServerProtocolClient.java:99)
	at org.apache.ratis.grpc.server.GrpcService.requestVote(GrpcService.java:204)
	at org.apache.ratis.server.impl.LeaderElection.lambda$submitRequests$1(LeaderElection.java:234)
	at java.util.concurrent.FutureTask.run(FutureTask.java:266)
	at java.util.concurrent.Executors$RunnableAdapter.call(Executors.java:511)
	at java.util.concurrent.FutureTask.run(FutureTask.java:266)
	at java.util.concurrent.ThreadPoolExecutor.runWorker(ThreadPoolExecutor.java:1149)
	at java.util.concurrent.ThreadPoolExecutor$Worker.run(ThreadPoolExecutor.java:624)
	... 1 more
2019-11-13 13:02:53,225 [1a33519a-3def-4d79-b3e5-c4d8286dc86e@group-FFCD4D7C2DEB-LeaderElection250] INFO  impl.RaftServerImpl (RaftServerImpl.java:setRole(173)) - 1a33519a-3def-4d79-b3e5-c4d8286dc86e@group-FFCD4D7C2DEB: changes role from CANDIDATE to FOLLOWER at term 12 for DISCOVERED_A_NEW_TERM
2019-11-13 13:02:53,225 [1a33519a-3def-4d79-b3e5-c4d8286dc86e@group-FFCD4D7C2DEB-LeaderElection250] INFO  impl.RoleInfo (RoleInfo.java:shutdownLeaderElection(134)) - 1a33519a-3def-4d79-b3e5-c4d8286dc86e: shutdown LeaderElection
2019-11-13 13:02:53,225 [1a33519a-3def-4d79-b3e5-c4d8286dc86e@group-FFCD4D7C2DEB-LeaderElection250] INFO  impl.RoleInfo (RoleInfo.java:updateAndGet(143)) - 1a33519a-3def-4d79-b3e5-c4d8286dc86e: start FollowerState
2019-11-13 13:02:53,349 [grpc-default-executor-11] WARN  server.GrpcLogAppender (LogUtils.java:warn(134)) - 90f8c6ad-89d1-4dd8-98a8-ca579bb4c57a@group-7E5EA1404CE1->9bca8fcc-ea98-4ec4-92ce-7a037de40a27-AppendLogResponseHandler: Failed appendEntries: org.apache.ratis.thirdparty.io.grpc.StatusRuntimeException: UNAVAILABLE: io exception
2019-11-13 13:02:53,350 [grpc-default-executor-11] INFO  impl.FollowerInfo (FollowerInfo.java:lambda$new$0(51)) - 90f8c6ad-89d1-4dd8-98a8-ca579bb4c57a@group-7E5EA1404CE1->9bca8fcc-ea98-4ec4-92ce-7a037de40a27: nextIndex: updateUnconditionally 0 -> 0
2019-11-13 13:02:53,851 [grpc-default-executor-11] WARN  server.GrpcLogAppender (LogUtils.java:warn(134)) - 90f8c6ad-89d1-4dd8-98a8-ca579bb4c57a@group-7E5EA1404CE1->9bca8fcc-ea98-4ec4-92ce-7a037de40a27-AppendLogResponseHandler: Failed appendEntries: org.apache.ratis.thirdparty.io.grpc.StatusRuntimeException: UNAVAILABLE: io exception
2019-11-13 13:02:53,852 [grpc-default-executor-11] INFO  impl.FollowerInfo (FollowerInfo.java:lambda$new$0(51)) - 90f8c6ad-89d1-4dd8-98a8-ca579bb4c57a@group-7E5EA1404CE1->9bca8fcc-ea98-4ec4-92ce-7a037de40a27: nextIndex: updateUnconditionally 0 -> 0
2019-11-13 13:02:54,351 [grpc-default-executor-2] WARN  server.GrpcLogAppender (LogUtils.java:warn(134)) - 90f8c6ad-89d1-4dd8-98a8-ca579bb4c57a@group-7E5EA1404CE1->9bca8fcc-ea98-4ec4-92ce-7a037de40a27-AppendLogResponseHandler: Failed appendEntries: org.apache.ratis.thirdparty.io.grpc.StatusRuntimeException: UNAVAILABLE: io exception
2019-11-13 13:02:54,351 [grpc-default-executor-2] INFO  impl.FollowerInfo (FollowerInfo.java:lambda$new$0(51)) - 90f8c6ad-89d1-4dd8-98a8-ca579bb4c57a@group-7E5EA1404CE1->9bca8fcc-ea98-4ec4-92ce-7a037de40a27: nextIndex: updateUnconditionally 0 -> 0
2019-11-13 13:02:54,373 [Thread-4532] INFO  impl.FollowerState (FollowerState.java:run(111)) - 1a33519a-3def-4d79-b3e5-c4d8286dc86e@group-FFCD4D7C2DEB-FollowerState: change to CANDIDATE, lastRpcTime:1148ms, electionTimeout:1148ms
2019-11-13 13:02:54,373 [Thread-4532] INFO  impl.RoleInfo (RoleInfo.java:shutdownFollowerState(121)) - 1a33519a-3def-4d79-b3e5-c4d8286dc86e: shutdown FollowerState
2019-11-13 13:02:54,374 [Thread-4532] INFO  impl.RaftServerImpl (RaftServerImpl.java:setRole(173)) - 1a33519a-3def-4d79-b3e5-c4d8286dc86e@group-FFCD4D7C2DEB: changes role from  FOLLOWER to CANDIDATE at term 12 for changeToCandidate
2019-11-13 13:02:54,374 [Thread-4532] INFO  impl.RoleInfo (RoleInfo.java:updateAndGet(143)) - 1a33519a-3def-4d79-b3e5-c4d8286dc86e: start LeaderElection
2019-11-13 13:02:54,426 [1a33519a-3def-4d79-b3e5-c4d8286dc86e@group-FFCD4D7C2DEB-LeaderElection251] INFO  impl.LeaderElection (LeaderElection.java:askForVotes(178)) - 1a33519a-3def-4d79-b3e5-c4d8286dc86e@group-FFCD4D7C2DEB-LeaderElection251: begin an election at term 13 for -1: [1a33519a-3def-4d79-b3e5-c4d8286dc86e:192.168.157.200:40699, 3d7387af-ecb5-4c7d-b20b-5fe48849adda:192.168.157.200:37245, 318b4bc4-2a6a-4055-b801-3341d5814353:192.168.157.200:34345], old=null
2019-11-13 13:02:54,430 [grpc-default-executor-2] WARN  server.GrpcServerProtocolService (LogUtils.java:warn(136)) - 318b4bc4-2a6a-4055-b801-3341d5814353: Failed requestVote 1a33519a-3def-4d79-b3e5-c4d8286dc86e->318b4bc4-2a6a-4055-b801-3341d5814353#0
org.apache.ratis.protocol.GroupMismatchException: 318b4bc4-2a6a-4055-b801-3341d5814353: group-FFCD4D7C2DEB not found.
	at org.apache.ratis.server.impl.RaftServerProxy$ImplMap.get(RaftServerProxy.java:122)
	at org.apache.ratis.server.impl.RaftServerProxy.getImplFuture(RaftServerProxy.java:269)
	at org.apache.ratis.server.impl.RaftServerProxy.getImpl(RaftServerProxy.java:278)
	at org.apache.ratis.server.impl.RaftServerProxy.getImpl(RaftServerProxy.java:273)
	at org.apache.ratis.server.impl.RaftServerProxy.requestVote(RaftServerProxy.java:443)
	at org.apache.ratis.grpc.server.GrpcServerProtocolService.requestVote(GrpcServerProtocolService.java:142)
	at org.apache.ratis.proto.grpc.RaftServerProtocolServiceGrpc$MethodHandlers.invoke(RaftServerProtocolServiceGrpc.java:319)
	at org.apache.ratis.thirdparty.io.grpc.stub.ServerCalls$UnaryServerCallHandler$UnaryServerCallListener.onHalfClose(ServerCalls.java:171)
	at org.apache.ratis.thirdparty.io.grpc.internal.ServerCallImpl$ServerStreamListenerImpl.halfClosed(ServerCallImpl.java:283)
	at org.apache.ratis.thirdparty.io.grpc.internal.ServerImpl$JumpToApplicationThreadServerStreamListener$1HalfClosed.runInContext(ServerImpl.java:710)
	at org.apache.ratis.thirdparty.io.grpc.internal.ContextRunnable.run(ContextRunnable.java:37)
	at org.apache.ratis.thirdparty.io.grpc.internal.SerializingExecutor.run(SerializingExecutor.java:123)
	at java.util.concurrent.ThreadPoolExecutor.runWorker(ThreadPoolExecutor.java:1149)
	at java.util.concurrent.ThreadPoolExecutor$Worker.run(ThreadPoolExecutor.java:624)
	at java.lang.Thread.run(Thread.java:748)
2019-11-13 13:02:54,430 [grpc-default-executor-5] WARN  server.GrpcServerProtocolService (LogUtils.java:warn(136)) - 3d7387af-ecb5-4c7d-b20b-5fe48849adda: Failed requestVote 1a33519a-3def-4d79-b3e5-c4d8286dc86e->3d7387af-ecb5-4c7d-b20b-5fe48849adda#0
org.apache.ratis.protocol.GroupMismatchException: 3d7387af-ecb5-4c7d-b20b-5fe48849adda: group-FFCD4D7C2DEB not found.
	at org.apache.ratis.server.impl.RaftServerProxy$ImplMap.get(RaftServerProxy.java:122)
	at org.apache.ratis.server.impl.RaftServerProxy.getImplFuture(RaftServerProxy.java:269)
	at org.apache.ratis.server.impl.RaftServerProxy.getImpl(RaftServerProxy.java:278)
	at org.apache.ratis.server.impl.RaftServerProxy.getImpl(RaftServerProxy.java:273)
	at org.apache.ratis.server.impl.RaftServerProxy.requestVote(RaftServerProxy.java:443)
	at org.apache.ratis.grpc.server.GrpcServerProtocolService.requestVote(GrpcServerProtocolService.java:142)
	at org.apache.ratis.proto.grpc.RaftServerProtocolServiceGrpc$MethodHandlers.invoke(RaftServerProtocolServiceGrpc.java:319)
	at org.apache.ratis.thirdparty.io.grpc.stub.ServerCalls$UnaryServerCallHandler$UnaryServerCallListener.onHalfClose(ServerCalls.java:171)
	at org.apache.ratis.thirdparty.io.grpc.internal.ServerCallImpl$ServerStreamListenerImpl.halfClosed(ServerCallImpl.java:283)
	at org.apache.ratis.thirdparty.io.grpc.internal.ServerImpl$JumpToApplicationThreadServerStreamListener$1HalfClosed.runInContext(ServerImpl.java:710)
	at org.apache.ratis.thirdparty.io.grpc.internal.ContextRunnable.run(ContextRunnable.java:37)
	at org.apache.ratis.thirdparty.io.grpc.internal.SerializingExecutor.run(SerializingExecutor.java:123)
	at java.util.concurrent.ThreadPoolExecutor.runWorker(ThreadPoolExecutor.java:1149)
	at java.util.concurrent.ThreadPoolExecutor$Worker.run(ThreadPoolExecutor.java:624)
	at java.lang.Thread.run(Thread.java:748)
2019-11-13 13:02:54,433 [1a33519a-3def-4d79-b3e5-c4d8286dc86e@group-FFCD4D7C2DEB-LeaderElection251] INFO  impl.LeaderElection (LogUtils.java:infoOrTrace(149)) - 1a33519a-3def-4d79-b3e5-c4d8286dc86e@group-FFCD4D7C2DEB-LeaderElection251 got exception when requesting votes: {}
java.util.concurrent.ExecutionException: org.apache.ratis.thirdparty.io.grpc.StatusRuntimeException: INTERNAL: 318b4bc4-2a6a-4055-b801-3341d5814353: group-FFCD4D7C2DEB not found.
	at java.util.concurrent.FutureTask.report(FutureTask.java:122)
	at java.util.concurrent.FutureTask.get(FutureTask.java:192)
	at org.apache.ratis.server.impl.LeaderElection.waitForResults(LeaderElection.java:259)
	at org.apache.ratis.server.impl.LeaderElection.askForVotes(LeaderElection.java:197)
	at org.apache.ratis.server.impl.LeaderElection.run(LeaderElection.java:133)
	at java.lang.Thread.run(Thread.java:748)
Caused by: org.apache.ratis.thirdparty.io.grpc.StatusRuntimeException: INTERNAL: 318b4bc4-2a6a-4055-b801-3341d5814353: group-FFCD4D7C2DEB not found.
	at org.apache.ratis.thirdparty.io.grpc.stub.ClientCalls.toStatusRuntimeException(ClientCalls.java:233)
	at org.apache.ratis.thirdparty.io.grpc.stub.ClientCalls.getUnchecked(ClientCalls.java:214)
	at org.apache.ratis.thirdparty.io.grpc.stub.ClientCalls.blockingUnaryCall(ClientCalls.java:139)
	at org.apache.ratis.proto.grpc.RaftServerProtocolServiceGrpc$RaftServerProtocolServiceBlockingStub.requestVote(RaftServerProtocolServiceGrpc.java:265)
	at org.apache.ratis.grpc.server.GrpcServerProtocolClient.requestVote(GrpcServerProtocolClient.java:99)
	at org.apache.ratis.grpc.server.GrpcService.requestVote(GrpcService.java:204)
	at org.apache.ratis.server.impl.LeaderElection.lambda$submitRequests$1(LeaderElection.java:234)
	at java.util.concurrent.FutureTask.run(FutureTask.java:266)
	at java.util.concurrent.Executors$RunnableAdapter.call(Executors.java:511)
	at java.util.concurrent.FutureTask.run(FutureTask.java:266)
	at java.util.concurrent.ThreadPoolExecutor.runWorker(ThreadPoolExecutor.java:1149)
	at java.util.concurrent.ThreadPoolExecutor$Worker.run(ThreadPoolExecutor.java:624)
	... 1 more
2019-11-13 13:02:54,434 [1a33519a-3def-4d79-b3e5-c4d8286dc86e@group-FFCD4D7C2DEB-LeaderElection251] INFO  impl.LeaderElection (LogUtils.java:infoOrTrace(149)) - 1a33519a-3def-4d79-b3e5-c4d8286dc86e@group-FFCD4D7C2DEB-LeaderElection251 got exception when requesting votes: {}
java.util.concurrent.ExecutionException: org.apache.ratis.thirdparty.io.grpc.StatusRuntimeException: INTERNAL: 3d7387af-ecb5-4c7d-b20b-5fe48849adda: group-FFCD4D7C2DEB not found.
	at java.util.concurrent.FutureTask.report(FutureTask.java:122)
	at java.util.concurrent.FutureTask.get(FutureTask.java:192)
	at org.apache.ratis.server.impl.LeaderElection.waitForResults(LeaderElection.java:259)
	at org.apache.ratis.server.impl.LeaderElection.askForVotes(LeaderElection.java:197)
	at org.apache.ratis.server.impl.LeaderElection.run(LeaderElection.java:133)
	at java.lang.Thread.run(Thread.java:748)
Caused by: org.apache.ratis.thirdparty.io.grpc.StatusRuntimeException: INTERNAL: 3d7387af-ecb5-4c7d-b20b-5fe48849adda: group-FFCD4D7C2DEB not found.
	at org.apache.ratis.thirdparty.io.grpc.stub.ClientCalls.toStatusRuntimeException(ClientCalls.java:233)
	at org.apache.ratis.thirdparty.io.grpc.stub.ClientCalls.getUnchecked(ClientCalls.java:214)
	at org.apache.ratis.thirdparty.io.grpc.stub.ClientCalls.blockingUnaryCall(ClientCalls.java:139)
	at org.apache.ratis.proto.grpc.RaftServerProtocolServiceGrpc$RaftServerProtocolServiceBlockingStub.requestVote(RaftServerProtocolServiceGrpc.java:265)
	at org.apache.ratis.grpc.server.GrpcServerProtocolClient.requestVote(GrpcServerProtocolClient.java:99)
	at org.apache.ratis.grpc.server.GrpcService.requestVote(GrpcService.java:204)
	at org.apache.ratis.server.impl.LeaderElection.lambda$submitRequests$1(LeaderElection.java:234)
	at java.util.concurrent.FutureTask.run(FutureTask.java:266)
	at java.util.concurrent.Executors$RunnableAdapter.call(Executors.java:511)
	at java.util.concurrent.FutureTask.run(FutureTask.java:266)
	at java.util.concurrent.ThreadPoolExecutor.runWorker(ThreadPoolExecutor.java:1149)
	at java.util.concurrent.ThreadPoolExecutor$Worker.run(ThreadPoolExecutor.java:624)
	... 1 more
2019-11-13 13:02:54,434 [1a33519a-3def-4d79-b3e5-c4d8286dc86e@group-FFCD4D7C2DEB-LeaderElection251] INFO  impl.LeaderElection (LeaderElection.java:logAndReturn(56)) - 1a33519a-3def-4d79-b3e5-c4d8286dc86e@group-FFCD4D7C2DEB-LeaderElection251: Election REJECTED; received 0 response(s) [] and 2 exception(s); 1a33519a-3def-4d79-b3e5-c4d8286dc86e@group-FFCD4D7C2DEB:t13, leader=null, voted=1a33519a-3def-4d79-b3e5-c4d8286dc86e, raftlog=1a33519a-3def-4d79-b3e5-c4d8286dc86e@group-FFCD4D7C2DEB-SegmentedRaftLog:OPENED:c-1,f-1,i0, conf=-1: [1a33519a-3def-4d79-b3e5-c4d8286dc86e:192.168.157.200:40699, 3d7387af-ecb5-4c7d-b20b-5fe48849adda:192.168.157.200:37245, 318b4bc4-2a6a-4055-b801-3341d5814353:192.168.157.200:34345], old=null
2019-11-13 13:02:54,434 [1a33519a-3def-4d79-b3e5-c4d8286dc86e@group-FFCD4D7C2DEB-LeaderElection251] INFO  impl.LeaderElection (LogUtils.java:infoOrTrace(149)) -   Exception 0: {}
java.util.concurrent.ExecutionException: org.apache.ratis.thirdparty.io.grpc.StatusRuntimeException: INTERNAL: 318b4bc4-2a6a-4055-b801-3341d5814353: group-FFCD4D7C2DEB not found.
	at java.util.concurrent.FutureTask.report(FutureTask.java:122)
	at java.util.concurrent.FutureTask.get(FutureTask.java:192)
	at org.apache.ratis.server.impl.LeaderElection.waitForResults(LeaderElection.java:259)
	at org.apache.ratis.server.impl.LeaderElection.askForVotes(LeaderElection.java:197)
	at org.apache.ratis.server.impl.LeaderElection.run(LeaderElection.java:133)
	at java.lang.Thread.run(Thread.java:748)
Caused by: org.apache.ratis.thirdparty.io.grpc.StatusRuntimeException: INTERNAL: 318b4bc4-2a6a-4055-b801-3341d5814353: group-FFCD4D7C2DEB not found.
	at org.apache.ratis.thirdparty.io.grpc.stub.ClientCalls.toStatusRuntimeException(ClientCalls.java:233)
	at org.apache.ratis.thirdparty.io.grpc.stub.ClientCalls.getUnchecked(ClientCalls.java:214)
	at org.apache.ratis.thirdparty.io.grpc.stub.ClientCalls.blockingUnaryCall(ClientCalls.java:139)
	at org.apache.ratis.proto.grpc.RaftServerProtocolServiceGrpc$RaftServerProtocolServiceBlockingStub.requestVote(RaftServerProtocolServiceGrpc.java:265)
	at org.apache.ratis.grpc.server.GrpcServerProtocolClient.requestVote(GrpcServerProtocolClient.java:99)
	at org.apache.ratis.grpc.server.GrpcService.requestVote(GrpcService.java:204)
	at org.apache.ratis.server.impl.LeaderElection.lambda$submitRequests$1(LeaderElection.java:234)
	at java.util.concurrent.FutureTask.run(FutureTask.java:266)
	at java.util.concurrent.Executors$RunnableAdapter.call(Executors.java:511)
	at java.util.concurrent.FutureTask.run(FutureTask.java:266)
	at java.util.concurrent.ThreadPoolExecutor.runWorker(ThreadPoolExecutor.java:1149)
	at java.util.concurrent.ThreadPoolExecutor$Worker.run(ThreadPoolExecutor.java:624)
	... 1 more
2019-11-13 13:02:54,434 [1a33519a-3def-4d79-b3e5-c4d8286dc86e@group-FFCD4D7C2DEB-LeaderElection251] INFO  impl.LeaderElection (LogUtils.java:infoOrTrace(149)) -   Exception 1: {}
java.util.concurrent.ExecutionException: org.apache.ratis.thirdparty.io.grpc.StatusRuntimeException: INTERNAL: 3d7387af-ecb5-4c7d-b20b-5fe48849adda: group-FFCD4D7C2DEB not found.
	at java.util.concurrent.FutureTask.report(FutureTask.java:122)
	at java.util.concurrent.FutureTask.get(FutureTask.java:192)
	at org.apache.ratis.server.impl.LeaderElection.waitForResults(LeaderElection.java:259)
	at org.apache.ratis.server.impl.LeaderElection.askForVotes(LeaderElection.java:197)
	at org.apache.ratis.server.impl.LeaderElection.run(LeaderElection.java:133)
	at java.lang.Thread.run(Thread.java:748)
Caused by: org.apache.ratis.thirdparty.io.grpc.StatusRuntimeException: INTERNAL: 3d7387af-ecb5-4c7d-b20b-5fe48849adda: group-FFCD4D7C2DEB not found.
	at org.apache.ratis.thirdparty.io.grpc.stub.ClientCalls.toStatusRuntimeException(ClientCalls.java:233)
	at org.apache.ratis.thirdparty.io.grpc.stub.ClientCalls.getUnchecked(ClientCalls.java:214)
	at org.apache.ratis.thirdparty.io.grpc.stub.ClientCalls.blockingUnaryCall(ClientCalls.java:139)
	at org.apache.ratis.proto.grpc.RaftServerProtocolServiceGrpc$RaftServerProtocolServiceBlockingStub.requestVote(RaftServerProtocolServiceGrpc.java:265)
	at org.apache.ratis.grpc.server.GrpcServerProtocolClient.requestVote(GrpcServerProtocolClient.java:99)
	at org.apache.ratis.grpc.server.GrpcService.requestVote(GrpcService.java:204)
	at org.apache.ratis.server.impl.LeaderElection.lambda$submitRequests$1(LeaderElection.java:234)
	at java.util.concurrent.FutureTask.run(FutureTask.java:266)
	at java.util.concurrent.Executors$RunnableAdapter.call(Executors.java:511)
	at java.util.concurrent.FutureTask.run(FutureTask.java:266)
	at java.util.concurrent.ThreadPoolExecutor.runWorker(ThreadPoolExecutor.java:1149)
	at java.util.concurrent.ThreadPoolExecutor$Worker.run(ThreadPoolExecutor.java:624)
	... 1 more
2019-11-13 13:02:54,435 [1a33519a-3def-4d79-b3e5-c4d8286dc86e@group-FFCD4D7C2DEB-LeaderElection251] INFO  impl.RaftServerImpl (RaftServerImpl.java:setRole(173)) - 1a33519a-3def-4d79-b3e5-c4d8286dc86e@group-FFCD4D7C2DEB: changes role from CANDIDATE to FOLLOWER at term 13 for DISCOVERED_A_NEW_TERM
2019-11-13 13:02:54,435 [1a33519a-3def-4d79-b3e5-c4d8286dc86e@group-FFCD4D7C2DEB-LeaderElection251] INFO  impl.RoleInfo (RoleInfo.java:shutdownLeaderElection(134)) - 1a33519a-3def-4d79-b3e5-c4d8286dc86e: shutdown LeaderElection
2019-11-13 13:02:54,435 [1a33519a-3def-4d79-b3e5-c4d8286dc86e@group-FFCD4D7C2DEB-LeaderElection251] INFO  impl.RoleInfo (RoleInfo.java:updateAndGet(143)) - 1a33519a-3def-4d79-b3e5-c4d8286dc86e: start FollowerState
2019-11-13 13:02:54,853 [grpc-default-executor-11] WARN  server.GrpcLogAppender (LogUtils.java:warn(134)) - 90f8c6ad-89d1-4dd8-98a8-ca579bb4c57a@group-7E5EA1404CE1->9bca8fcc-ea98-4ec4-92ce-7a037de40a27-AppendLogResponseHandler: Failed appendEntries: org.apache.ratis.thirdparty.io.grpc.StatusRuntimeException: UNAVAILABLE: io exception
2019-11-13 13:02:54,854 [grpc-default-executor-11] INFO  impl.FollowerInfo (FollowerInfo.java:lambda$new$0(51)) - 90f8c6ad-89d1-4dd8-98a8-ca579bb4c57a@group-7E5EA1404CE1->9bca8fcc-ea98-4ec4-92ce-7a037de40a27: nextIndex: updateUnconditionally 0 -> 0
2019-11-13 13:02:55,353 [grpc-default-executor-11] WARN  server.GrpcLogAppender (LogUtils.java:warn(134)) - 90f8c6ad-89d1-4dd8-98a8-ca579bb4c57a@group-7E5EA1404CE1->9bca8fcc-ea98-4ec4-92ce-7a037de40a27-AppendLogResponseHandler: Failed appendEntries: org.apache.ratis.thirdparty.io.grpc.StatusRuntimeException: UNAVAILABLE: io exception
2019-11-13 13:02:55,353 [grpc-default-executor-11] INFO  impl.FollowerInfo (FollowerInfo.java:lambda$new$0(51)) - 90f8c6ad-89d1-4dd8-98a8-ca579bb4c57a@group-7E5EA1404CE1->9bca8fcc-ea98-4ec4-92ce-7a037de40a27: nextIndex: updateUnconditionally 0 -> 0
2019-11-13 13:02:55,461 [Thread-4543] INFO  impl.FollowerState (FollowerState.java:run(111)) - 1a33519a-3def-4d79-b3e5-c4d8286dc86e@group-FFCD4D7C2DEB-FollowerState: change to CANDIDATE, lastRpcTime:1026ms, electionTimeout:1026ms
2019-11-13 13:02:55,462 [Thread-4543] INFO  impl.RoleInfo (RoleInfo.java:shutdownFollowerState(121)) - 1a33519a-3def-4d79-b3e5-c4d8286dc86e: shutdown FollowerState
2019-11-13 13:02:55,462 [Thread-4543] INFO  impl.RaftServerImpl (RaftServerImpl.java:setRole(173)) - 1a33519a-3def-4d79-b3e5-c4d8286dc86e@group-FFCD4D7C2DEB: changes role from  FOLLOWER to CANDIDATE at term 13 for changeToCandidate
2019-11-13 13:02:55,462 [Thread-4543] INFO  impl.RoleInfo (RoleInfo.java:updateAndGet(143)) - 1a33519a-3def-4d79-b3e5-c4d8286dc86e: start LeaderElection
2019-11-13 13:02:55,518 [1a33519a-3def-4d79-b3e5-c4d8286dc86e@group-FFCD4D7C2DEB-LeaderElection252] INFO  impl.LeaderElection (LeaderElection.java:askForVotes(178)) - 1a33519a-3def-4d79-b3e5-c4d8286dc86e@group-FFCD4D7C2DEB-LeaderElection252: begin an election at term 14 for -1: [1a33519a-3def-4d79-b3e5-c4d8286dc86e:192.168.157.200:40699, 3d7387af-ecb5-4c7d-b20b-5fe48849adda:192.168.157.200:37245, 318b4bc4-2a6a-4055-b801-3341d5814353:192.168.157.200:34345], old=null
2019-11-13 13:02:55,521 [grpc-default-executor-2] WARN  server.GrpcServerProtocolService (LogUtils.java:warn(136)) - 3d7387af-ecb5-4c7d-b20b-5fe48849adda: Failed requestVote 1a33519a-3def-4d79-b3e5-c4d8286dc86e->3d7387af-ecb5-4c7d-b20b-5fe48849adda#0
org.apache.ratis.protocol.GroupMismatchException: 3d7387af-ecb5-4c7d-b20b-5fe48849adda: group-FFCD4D7C2DEB not found.
	at org.apache.ratis.server.impl.RaftServerProxy$ImplMap.get(RaftServerProxy.java:122)
	at org.apache.ratis.server.impl.RaftServerProxy.getImplFuture(RaftServerProxy.java:269)
	at org.apache.ratis.server.impl.RaftServerProxy.getImpl(RaftServerProxy.java:278)
	at org.apache.ratis.server.impl.RaftServerProxy.getImpl(RaftServerProxy.java:273)
	at org.apache.ratis.server.impl.RaftServerProxy.requestVote(RaftServerProxy.java:443)
	at org.apache.ratis.grpc.server.GrpcServerProtocolService.requestVote(GrpcServerProtocolService.java:142)
	at org.apache.ratis.proto.grpc.RaftServerProtocolServiceGrpc$MethodHandlers.invoke(RaftServerProtocolServiceGrpc.java:319)
	at org.apache.ratis.thirdparty.io.grpc.stub.ServerCalls$UnaryServerCallHandler$UnaryServerCallListener.onHalfClose(ServerCalls.java:171)
	at org.apache.ratis.thirdparty.io.grpc.internal.ServerCallImpl$ServerStreamListenerImpl.halfClosed(ServerCallImpl.java:283)
	at org.apache.ratis.thirdparty.io.grpc.internal.ServerImpl$JumpToApplicationThreadServerStreamListener$1HalfClosed.runInContext(ServerImpl.java:710)
	at org.apache.ratis.thirdparty.io.grpc.internal.ContextRunnable.run(ContextRunnable.java:37)
	at org.apache.ratis.thirdparty.io.grpc.internal.SerializingExecutor.run(SerializingExecutor.java:123)
	at java.util.concurrent.ThreadPoolExecutor.runWorker(ThreadPoolExecutor.java:1149)
	at java.util.concurrent.ThreadPoolExecutor$Worker.run(ThreadPoolExecutor.java:624)
	at java.lang.Thread.run(Thread.java:748)
2019-11-13 13:02:55,521 [grpc-default-executor-11] WARN  server.GrpcServerProtocolService (LogUtils.java:warn(136)) - 318b4bc4-2a6a-4055-b801-3341d5814353: Failed requestVote 1a33519a-3def-4d79-b3e5-c4d8286dc86e->318b4bc4-2a6a-4055-b801-3341d5814353#0
org.apache.ratis.protocol.GroupMismatchException: 318b4bc4-2a6a-4055-b801-3341d5814353: group-FFCD4D7C2DEB not found.
	at org.apache.ratis.server.impl.RaftServerProxy$ImplMap.get(RaftServerProxy.java:122)
	at org.apache.ratis.server.impl.RaftServerProxy.getImplFuture(RaftServerProxy.java:269)
	at org.apache.ratis.server.impl.RaftServerProxy.getImpl(RaftServerProxy.java:278)
	at org.apache.ratis.server.impl.RaftServerProxy.getImpl(RaftServerProxy.java:273)
	at org.apache.ratis.server.impl.RaftServerProxy.requestVote(RaftServerProxy.java:443)
	at org.apache.ratis.grpc.server.GrpcServerProtocolService.requestVote(GrpcServerProtocolService.java:142)
	at org.apache.ratis.proto.grpc.RaftServerProtocolServiceGrpc$MethodHandlers.invoke(RaftServerProtocolServiceGrpc.java:319)
	at org.apache.ratis.thirdparty.io.grpc.stub.ServerCalls$UnaryServerCallHandler$UnaryServerCallListener.onHalfClose(ServerCalls.java:171)
	at org.apache.ratis.thirdparty.io.grpc.internal.ServerCallImpl$ServerStreamListenerImpl.halfClosed(ServerCallImpl.java:283)
	at org.apache.ratis.thirdparty.io.grpc.internal.ServerImpl$JumpToApplicationThreadServerStreamListener$1HalfClosed.runInContext(ServerImpl.java:710)
	at org.apache.ratis.thirdparty.io.grpc.internal.ContextRunnable.run(ContextRunnable.java:37)
	at org.apache.ratis.thirdparty.io.grpc.internal.SerializingExecutor.run(SerializingExecutor.java:123)
	at java.util.concurrent.ThreadPoolExecutor.runWorker(ThreadPoolExecutor.java:1149)
	at java.util.concurrent.ThreadPoolExecutor$Worker.run(ThreadPoolExecutor.java:624)
	at java.lang.Thread.run(Thread.java:748)
2019-11-13 13:02:55,523 [1a33519a-3def-4d79-b3e5-c4d8286dc86e@group-FFCD4D7C2DEB-LeaderElection252] INFO  impl.LeaderElection (LogUtils.java:infoOrTrace(149)) - 1a33519a-3def-4d79-b3e5-c4d8286dc86e@group-FFCD4D7C2DEB-LeaderElection252 got exception when requesting votes: {}
java.util.concurrent.ExecutionException: org.apache.ratis.thirdparty.io.grpc.StatusRuntimeException: INTERNAL: 3d7387af-ecb5-4c7d-b20b-5fe48849adda: group-FFCD4D7C2DEB not found.
	at java.util.concurrent.FutureTask.report(FutureTask.java:122)
	at java.util.concurrent.FutureTask.get(FutureTask.java:192)
	at org.apache.ratis.server.impl.LeaderElection.waitForResults(LeaderElection.java:259)
	at org.apache.ratis.server.impl.LeaderElection.askForVotes(LeaderElection.java:197)
	at org.apache.ratis.server.impl.LeaderElection.run(LeaderElection.java:133)
	at java.lang.Thread.run(Thread.java:748)
Caused by: org.apache.ratis.thirdparty.io.grpc.StatusRuntimeException: INTERNAL: 3d7387af-ecb5-4c7d-b20b-5fe48849adda: group-FFCD4D7C2DEB not found.
	at org.apache.ratis.thirdparty.io.grpc.stub.ClientCalls.toStatusRuntimeException(ClientCalls.java:233)
	at org.apache.ratis.thirdparty.io.grpc.stub.ClientCalls.getUnchecked(ClientCalls.java:214)
	at org.apache.ratis.thirdparty.io.grpc.stub.ClientCalls.blockingUnaryCall(ClientCalls.java:139)
	at org.apache.ratis.proto.grpc.RaftServerProtocolServiceGrpc$RaftServerProtocolServiceBlockingStub.requestVote(RaftServerProtocolServiceGrpc.java:265)
	at org.apache.ratis.grpc.server.GrpcServerProtocolClient.requestVote(GrpcServerProtocolClient.java:99)
	at org.apache.ratis.grpc.server.GrpcService.requestVote(GrpcService.java:204)
	at org.apache.ratis.server.impl.LeaderElection.lambda$submitRequests$1(LeaderElection.java:234)
	at java.util.concurrent.FutureTask.run(FutureTask.java:266)
	at java.util.concurrent.Executors$RunnableAdapter.call(Executors.java:511)
	at java.util.concurrent.FutureTask.run(FutureTask.java:266)
	at java.util.concurrent.ThreadPoolExecutor.runWorker(ThreadPoolExecutor.java:1149)
	at java.util.concurrent.ThreadPoolExecutor$Worker.run(ThreadPoolExecutor.java:624)
	... 1 more
2019-11-13 13:02:55,524 [1a33519a-3def-4d79-b3e5-c4d8286dc86e@group-FFCD4D7C2DEB-LeaderElection252] INFO  impl.LeaderElection (LogUtils.java:infoOrTrace(149)) - 1a33519a-3def-4d79-b3e5-c4d8286dc86e@group-FFCD4D7C2DEB-LeaderElection252 got exception when requesting votes: {}
java.util.concurrent.ExecutionException: org.apache.ratis.thirdparty.io.grpc.StatusRuntimeException: INTERNAL: 318b4bc4-2a6a-4055-b801-3341d5814353: group-FFCD4D7C2DEB not found.
	at java.util.concurrent.FutureTask.report(FutureTask.java:122)
	at java.util.concurrent.FutureTask.get(FutureTask.java:192)
	at org.apache.ratis.server.impl.LeaderElection.waitForResults(LeaderElection.java:259)
	at org.apache.ratis.server.impl.LeaderElection.askForVotes(LeaderElection.java:197)
	at org.apache.ratis.server.impl.LeaderElection.run(LeaderElection.java:133)
	at java.lang.Thread.run(Thread.java:748)
Caused by: org.apache.ratis.thirdparty.io.grpc.StatusRuntimeException: INTERNAL: 318b4bc4-2a6a-4055-b801-3341d5814353: group-FFCD4D7C2DEB not found.
	at org.apache.ratis.thirdparty.io.grpc.stub.ClientCalls.toStatusRuntimeException(ClientCalls.java:233)
	at org.apache.ratis.thirdparty.io.grpc.stub.ClientCalls.getUnchecked(ClientCalls.java:214)
	at org.apache.ratis.thirdparty.io.grpc.stub.ClientCalls.blockingUnaryCall(ClientCalls.java:139)
	at org.apache.ratis.proto.grpc.RaftServerProtocolServiceGrpc$RaftServerProtocolServiceBlockingStub.requestVote(RaftServerProtocolServiceGrpc.java:265)
	at org.apache.ratis.grpc.server.GrpcServerProtocolClient.requestVote(GrpcServerProtocolClient.java:99)
	at org.apache.ratis.grpc.server.GrpcService.requestVote(GrpcService.java:204)
	at org.apache.ratis.server.impl.LeaderElection.lambda$submitRequests$1(LeaderElection.java:234)
	at java.util.concurrent.FutureTask.run(FutureTask.java:266)
	at java.util.concurrent.Executors$RunnableAdapter.call(Executors.java:511)
	at java.util.concurrent.FutureTask.run(FutureTask.java:266)
	at java.util.concurrent.ThreadPoolExecutor.runWorker(ThreadPoolExecutor.java:1149)
	at java.util.concurrent.ThreadPoolExecutor$Worker.run(ThreadPoolExecutor.java:624)
	... 1 more
2019-11-13 13:02:55,525 [1a33519a-3def-4d79-b3e5-c4d8286dc86e@group-FFCD4D7C2DEB-LeaderElection252] INFO  impl.LeaderElection (LeaderElection.java:logAndReturn(56)) - 1a33519a-3def-4d79-b3e5-c4d8286dc86e@group-FFCD4D7C2DEB-LeaderElection252: Election REJECTED; received 0 response(s) [] and 2 exception(s); 1a33519a-3def-4d79-b3e5-c4d8286dc86e@group-FFCD4D7C2DEB:t14, leader=null, voted=1a33519a-3def-4d79-b3e5-c4d8286dc86e, raftlog=1a33519a-3def-4d79-b3e5-c4d8286dc86e@group-FFCD4D7C2DEB-SegmentedRaftLog:OPENED:c-1,f-1,i0, conf=-1: [1a33519a-3def-4d79-b3e5-c4d8286dc86e:192.168.157.200:40699, 3d7387af-ecb5-4c7d-b20b-5fe48849adda:192.168.157.200:37245, 318b4bc4-2a6a-4055-b801-3341d5814353:192.168.157.200:34345], old=null
2019-11-13 13:02:55,525 [1a33519a-3def-4d79-b3e5-c4d8286dc86e@group-FFCD4D7C2DEB-LeaderElection252] INFO  impl.LeaderElection (LogUtils.java:infoOrTrace(149)) -   Exception 0: {}
java.util.concurrent.ExecutionException: org.apache.ratis.thirdparty.io.grpc.StatusRuntimeException: INTERNAL: 3d7387af-ecb5-4c7d-b20b-5fe48849adda: group-FFCD4D7C2DEB not found.
	at java.util.concurrent.FutureTask.report(FutureTask.java:122)
	at java.util.concurrent.FutureTask.get(FutureTask.java:192)
	at org.apache.ratis.server.impl.LeaderElection.waitForResults(LeaderElection.java:259)
	at org.apache.ratis.server.impl.LeaderElection.askForVotes(LeaderElection.java:197)
	at org.apache.ratis.server.impl.LeaderElection.run(LeaderElection.java:133)
	at java.lang.Thread.run(Thread.java:748)
Caused by: org.apache.ratis.thirdparty.io.grpc.StatusRuntimeException: INTERNAL: 3d7387af-ecb5-4c7d-b20b-5fe48849adda: group-FFCD4D7C2DEB not found.
	at org.apache.ratis.thirdparty.io.grpc.stub.ClientCalls.toStatusRuntimeException(ClientCalls.java:233)
	at org.apache.ratis.thirdparty.io.grpc.stub.ClientCalls.getUnchecked(ClientCalls.java:214)
	at org.apache.ratis.thirdparty.io.grpc.stub.ClientCalls.blockingUnaryCall(ClientCalls.java:139)
	at org.apache.ratis.proto.grpc.RaftServerProtocolServiceGrpc$RaftServerProtocolServiceBlockingStub.requestVote(RaftServerProtocolServiceGrpc.java:265)
	at org.apache.ratis.grpc.server.GrpcServerProtocolClient.requestVote(GrpcServerProtocolClient.java:99)
	at org.apache.ratis.grpc.server.GrpcService.requestVote(GrpcService.java:204)
	at org.apache.ratis.server.impl.LeaderElection.lambda$submitRequests$1(LeaderElection.java:234)
	at java.util.concurrent.FutureTask.run(FutureTask.java:266)
	at java.util.concurrent.Executors$RunnableAdapter.call(Executors.java:511)
	at java.util.concurrent.FutureTask.run(FutureTask.java:266)
	at java.util.concurrent.ThreadPoolExecutor.runWorker(ThreadPoolExecutor.java:1149)
	at java.util.concurrent.ThreadPoolExecutor$Worker.run(ThreadPoolExecutor.java:624)
	... 1 more
2019-11-13 13:02:55,525 [1a33519a-3def-4d79-b3e5-c4d8286dc86e@group-FFCD4D7C2DEB-LeaderElection252] INFO  impl.LeaderElection (LogUtils.java:infoOrTrace(149)) -   Exception 1: {}
java.util.concurrent.ExecutionException: org.apache.ratis.thirdparty.io.grpc.StatusRuntimeException: INTERNAL: 318b4bc4-2a6a-4055-b801-3341d5814353: group-FFCD4D7C2DEB not found.
	at java.util.concurrent.FutureTask.report(FutureTask.java:122)
	at java.util.concurrent.FutureTask.get(FutureTask.java:192)
	at org.apache.ratis.server.impl.LeaderElection.waitForResults(LeaderElection.java:259)
	at org.apache.ratis.server.impl.LeaderElection.askForVotes(LeaderElection.java:197)
	at org.apache.ratis.server.impl.LeaderElection.run(LeaderElection.java:133)
	at java.lang.Thread.run(Thread.java:748)
Caused by: org.apache.ratis.thirdparty.io.grpc.StatusRuntimeException: INTERNAL: 318b4bc4-2a6a-4055-b801-3341d5814353: group-FFCD4D7C2DEB not found.
	at org.apache.ratis.thirdparty.io.grpc.stub.ClientCalls.toStatusRuntimeException(ClientCalls.java:233)
	at org.apache.ratis.thirdparty.io.grpc.stub.ClientCalls.getUnchecked(ClientCalls.java:214)
	at org.apache.ratis.thirdparty.io.grpc.stub.ClientCalls.blockingUnaryCall(ClientCalls.java:139)
	at org.apache.ratis.proto.grpc.RaftServerProtocolServiceGrpc$RaftServerProtocolServiceBlockingStub.requestVote(RaftServerProtocolServiceGrpc.java:265)
	at org.apache.ratis.grpc.server.GrpcServerProtocolClient.requestVote(GrpcServerProtocolClient.java:99)
	at org.apache.ratis.grpc.server.GrpcService.requestVote(GrpcService.java:204)
	at org.apache.ratis.server.impl.LeaderElection.lambda$submitRequests$1(LeaderElection.java:234)
	at java.util.concurrent.FutureTask.run(FutureTask.java:266)
	at java.util.concurrent.Executors$RunnableAdapter.call(Executors.java:511)
	at java.util.concurrent.FutureTask.run(FutureTask.java:266)
	at java.util.concurrent.ThreadPoolExecutor.runWorker(ThreadPoolExecutor.java:1149)
	at java.util.concurrent.ThreadPoolExecutor$Worker.run(ThreadPoolExecutor.java:624)
	... 1 more
2019-11-13 13:02:55,526 [1a33519a-3def-4d79-b3e5-c4d8286dc86e@group-FFCD4D7C2DEB-LeaderElection252] INFO  impl.RaftServerImpl (RaftServerImpl.java:setRole(173)) - 1a33519a-3def-4d79-b3e5-c4d8286dc86e@group-FFCD4D7C2DEB: changes role from CANDIDATE to FOLLOWER at term 14 for DISCOVERED_A_NEW_TERM
2019-11-13 13:02:55,526 [1a33519a-3def-4d79-b3e5-c4d8286dc86e@group-FFCD4D7C2DEB-LeaderElection252] INFO  impl.RoleInfo (RoleInfo.java:shutdownLeaderElection(134)) - 1a33519a-3def-4d79-b3e5-c4d8286dc86e: shutdown LeaderElection
2019-11-13 13:02:55,526 [1a33519a-3def-4d79-b3e5-c4d8286dc86e@group-FFCD4D7C2DEB-LeaderElection252] INFO  impl.RoleInfo (RoleInfo.java:updateAndGet(143)) - 1a33519a-3def-4d79-b3e5-c4d8286dc86e: start FollowerState
2019-11-13 13:02:55,854 [grpc-default-executor-5] WARN  server.GrpcLogAppender (LogUtils.java:warn(134)) - 90f8c6ad-89d1-4dd8-98a8-ca579bb4c57a@group-7E5EA1404CE1->9bca8fcc-ea98-4ec4-92ce-7a037de40a27-AppendLogResponseHandler: Failed appendEntries: org.apache.ratis.thirdparty.io.grpc.StatusRuntimeException: UNAVAILABLE: io exception
2019-11-13 13:02:55,854 [grpc-default-executor-5] INFO  impl.FollowerInfo (FollowerInfo.java:lambda$new$0(51)) - 90f8c6ad-89d1-4dd8-98a8-ca579bb4c57a@group-7E5EA1404CE1->9bca8fcc-ea98-4ec4-92ce-7a037de40a27: nextIndex: updateUnconditionally 0 -> 0
2019-11-13 13:02:55,991 [main] INFO  ozoneimpl.OzoneContainer (OzoneContainer.java:stop(244)) - Attempting to stop container services.
2019-11-13 13:02:55,992 [main] INFO  impl.RaftServerProxy (RaftServerProxy.java:lambda$close$4(314)) - a7629fe5-c619-4c28-bdfc-63292747e9b9: close
2019-11-13 13:02:55,993 [main] INFO  impl.RaftServerImpl (RaftServerImpl.java:lambda$shutdown$3(250)) - a7629fe5-c619-4c28-bdfc-63292747e9b9@group-5C23E6E2F303: shutdown
2019-11-13 13:02:55,993 [main] INFO  util.JmxRegister (JmxRegister.java:unregister(73)) - Successfully un-registered JMX Bean with object name Ratis:service=RaftServer,group=group-5C23E6E2F303,id=a7629fe5-c619-4c28-bdfc-63292747e9b9
2019-11-13 13:02:55,993 [main] INFO  impl.RoleInfo (RoleInfo.java:shutdownLeaderState(104)) - a7629fe5-c619-4c28-bdfc-63292747e9b9: shutdown LeaderState
2019-11-13 13:02:55,994 [main] INFO  impl.PendingRequests (PendingRequests.java:sendNotLeaderResponses(206)) - a7629fe5-c619-4c28-bdfc-63292747e9b9@group-5C23E6E2F303-PendingRequests: sendNotLeaderResponses
2019-11-13 13:02:55,995 [main] INFO  impl.StateMachineUpdater (StateMachineUpdater.java:stopAndJoin(136)) - a7629fe5-c619-4c28-bdfc-63292747e9b9@group-5C23E6E2F303-StateMachineUpdater: set stopIndex = 0
2019-11-13 13:02:55,995 [main] INFO  impl.RaftServerImpl (ServerState.java:close(387)) - a7629fe5-c619-4c28-bdfc-63292747e9b9@group-5C23E6E2F303: closes. applyIndex: 0
2019-11-13 13:02:55,996 [a7629fe5-c619-4c28-bdfc-63292747e9b9@group-5C23E6E2F303-SegmentedRaftLogWorker] INFO  segmented.SegmentedRaftLogWorker (SegmentedRaftLogWorker.java:run(316)) - a7629fe5-c619-4c28-bdfc-63292747e9b9@group-5C23E6E2F303-SegmentedRaftLogWorker was interrupted, exiting. There are 0 tasks remaining in the queue.
2019-11-13 13:02:55,996 [main] INFO  segmented.SegmentedRaftLogWorker (SegmentedRaftLogWorker.java:close(224)) - a7629fe5-c619-4c28-bdfc-63292747e9b9@group-5C23E6E2F303-SegmentedRaftLogWorker close()
2019-11-13 13:02:55,997 [main] INFO  server.GrpcService (GrpcService.java:closeImpl(164)) - a7629fe5-c619-4c28-bdfc-63292747e9b9: shutdown server with port 36140 now
2019-11-13 13:02:55,999 [main] INFO  server.GrpcService (GrpcService.java:closeImpl(172)) - a7629fe5-c619-4c28-bdfc-63292747e9b9: shutdown server with port 36140 successfully
2019-11-13 13:02:56,002 [refreshUsed-/workdir/hadoop-ozone/integration-test/target/test-dir/MiniOzoneClusterImpl-90e8aeb1-2975-47c6-9bba-faf27de7fb8c/datanode-8/data/containers] WARN  fs.CachingGetSpaceUsed (CachingGetSpaceUsed.java:run(183)) - Thread Interrupted waiting to refresh disk information: sleep interrupted
2019-11-13 13:02:56,020 [ForkJoinPool.commonPool-worker-0] INFO  ozoneimpl.OzoneContainer (OzoneContainer.java:stop(244)) - Attempting to stop container services.
2019-11-13 13:02:56,020 [ForkJoinPool.commonPool-worker-0] INFO  impl.RaftServerProxy (RaftServerProxy.java:lambda$close$4(314)) - 1a33519a-3def-4d79-b3e5-c4d8286dc86e: close
2019-11-13 13:02:56,020 [ForkJoinPool.commonPool-worker-0] INFO  impl.RaftServerImpl (RaftServerImpl.java:lambda$shutdown$3(250)) - 1a33519a-3def-4d79-b3e5-c4d8286dc86e@group-EA83140B62D4: shutdown
2019-11-13 13:02:56,020 [ForkJoinPool.commonPool-worker-0] INFO  util.JmxRegister (JmxRegister.java:unregister(73)) - Successfully un-registered JMX Bean with object name Ratis:service=RaftServer,group=group-EA83140B62D4,id=1a33519a-3def-4d79-b3e5-c4d8286dc86e
2019-11-13 13:02:56,021 [ForkJoinPool.commonPool-worker-0] INFO  impl.RoleInfo (RoleInfo.java:shutdownLeaderState(104)) - 1a33519a-3def-4d79-b3e5-c4d8286dc86e: shutdown LeaderState
2019-11-13 13:02:56,021 [ForkJoinPool.commonPool-worker-0] INFO  impl.PendingRequests (PendingRequests.java:sendNotLeaderResponses(206)) - 1a33519a-3def-4d79-b3e5-c4d8286dc86e@group-EA83140B62D4-PendingRequests: sendNotLeaderResponses
2019-11-13 13:02:56,021 [ForkJoinPool.commonPool-worker-0] INFO  impl.StateMachineUpdater (StateMachineUpdater.java:stopAndJoin(136)) - 1a33519a-3def-4d79-b3e5-c4d8286dc86e@group-EA83140B62D4-StateMachineUpdater: set stopIndex = 0
2019-11-13 13:02:56,022 [ForkJoinPool.commonPool-worker-0] INFO  impl.RaftServerImpl (ServerState.java:close(387)) - 1a33519a-3def-4d79-b3e5-c4d8286dc86e@group-EA83140B62D4: closes. applyIndex: 0
2019-11-13 13:02:56,022 [1a33519a-3def-4d79-b3e5-c4d8286dc86e@group-EA83140B62D4-SegmentedRaftLogWorker] INFO  segmented.SegmentedRaftLogWorker (SegmentedRaftLogWorker.java:run(316)) - 1a33519a-3def-4d79-b3e5-c4d8286dc86e@group-EA83140B62D4-SegmentedRaftLogWorker was interrupted, exiting. There are 0 tasks remaining in the queue.
2019-11-13 13:02:56,022 [ForkJoinPool.commonPool-worker-0] INFO  segmented.SegmentedRaftLogWorker (SegmentedRaftLogWorker.java:close(224)) - 1a33519a-3def-4d79-b3e5-c4d8286dc86e@group-EA83140B62D4-SegmentedRaftLogWorker close()
2019-11-13 13:02:56,023 [ForkJoinPool.commonPool-worker-0] INFO  impl.RaftServerImpl (RaftServerImpl.java:lambda$shutdown$3(250)) - 1a33519a-3def-4d79-b3e5-c4d8286dc86e@group-E165AE56C698: shutdown
2019-11-13 13:02:56,023 [ForkJoinPool.commonPool-worker-0] INFO  util.JmxRegister (JmxRegister.java:unregister(73)) - Successfully un-registered JMX Bean with object name Ratis:service=RaftServer,group=group-E165AE56C698,id=1a33519a-3def-4d79-b3e5-c4d8286dc86e
2019-11-13 13:02:56,023 [ForkJoinPool.commonPool-worker-0] INFO  impl.RoleInfo (RoleInfo.java:shutdownFollowerState(121)) - 1a33519a-3def-4d79-b3e5-c4d8286dc86e: shutdown FollowerState
2019-11-13 13:02:56,023 [ForkJoinPool.commonPool-worker-0] INFO  impl.StateMachineUpdater (StateMachineUpdater.java:stopAndJoin(136)) - 1a33519a-3def-4d79-b3e5-c4d8286dc86e@group-E165AE56C698-StateMachineUpdater: set stopIndex = 0
2019-11-13 13:02:56,023 [Thread-4343] INFO  impl.FollowerState (FollowerState.java:run(120)) - 1a33519a-3def-4d79-b3e5-c4d8286dc86e@group-E165AE56C698-FollowerState was interrupted: java.lang.InterruptedException: sleep interrupted
2019-11-13 13:02:56,024 [ForkJoinPool.commonPool-worker-0] INFO  impl.RaftServerImpl (ServerState.java:close(387)) - 1a33519a-3def-4d79-b3e5-c4d8286dc86e@group-E165AE56C698: closes. applyIndex: 0
2019-11-13 13:02:56,024 [1a33519a-3def-4d79-b3e5-c4d8286dc86e@group-E165AE56C698-SegmentedRaftLogWorker] INFO  segmented.SegmentedRaftLogWorker (SegmentedRaftLogWorker.java:run(316)) - 1a33519a-3def-4d79-b3e5-c4d8286dc86e@group-E165AE56C698-SegmentedRaftLogWorker was interrupted, exiting. There are 0 tasks remaining in the queue.
2019-11-13 13:02:56,025 [ForkJoinPool.commonPool-worker-0] INFO  segmented.SegmentedRaftLogWorker (SegmentedRaftLogWorker.java:close(224)) - 1a33519a-3def-4d79-b3e5-c4d8286dc86e@group-E165AE56C698-SegmentedRaftLogWorker close()
2019-11-13 13:02:56,025 [ForkJoinPool.commonPool-worker-0] INFO  impl.RaftServerImpl (RaftServerImpl.java:lambda$shutdown$3(250)) - 1a33519a-3def-4d79-b3e5-c4d8286dc86e@group-FFCD4D7C2DEB: shutdown
2019-11-13 13:02:56,025 [ForkJoinPool.commonPool-worker-0] INFO  util.JmxRegister (JmxRegister.java:unregister(73)) - Successfully un-registered JMX Bean with object name Ratis:service=RaftServer,group=group-FFCD4D7C2DEB,id=1a33519a-3def-4d79-b3e5-c4d8286dc86e
2019-11-13 13:02:56,025 [ForkJoinPool.commonPool-worker-0] INFO  impl.RoleInfo (RoleInfo.java:shutdownFollowerState(121)) - 1a33519a-3def-4d79-b3e5-c4d8286dc86e: shutdown FollowerState
2019-11-13 13:02:56,026 [ForkJoinPool.commonPool-worker-0] INFO  impl.StateMachineUpdater (StateMachineUpdater.java:stopAndJoin(136)) - 1a33519a-3def-4d79-b3e5-c4d8286dc86e@group-FFCD4D7C2DEB-StateMachineUpdater: set stopIndex = -1
2019-11-13 13:02:56,026 [Thread-4555] INFO  impl.FollowerState (FollowerState.java:run(120)) - 1a33519a-3def-4d79-b3e5-c4d8286dc86e@group-FFCD4D7C2DEB-FollowerState was interrupted: java.lang.InterruptedException: sleep interrupted
2019-11-13 13:02:56,026 [main] INFO  utils.BackgroundService (BackgroundService.java:shutdown(151)) - Shutting down service BlockDeletingService
2019-11-13 13:02:56,026 [ForkJoinPool.commonPool-worker-0] INFO  impl.RaftServerImpl (ServerState.java:close(387)) - 1a33519a-3def-4d79-b3e5-c4d8286dc86e@group-FFCD4D7C2DEB: closes. applyIndex: -1
2019-11-13 13:02:56,027 [1a33519a-3def-4d79-b3e5-c4d8286dc86e@group-FFCD4D7C2DEB-SegmentedRaftLogWorker] INFO  segmented.SegmentedRaftLogWorker (SegmentedRaftLogWorker.java:run(316)) - 1a33519a-3def-4d79-b3e5-c4d8286dc86e@group-FFCD4D7C2DEB-SegmentedRaftLogWorker was interrupted, exiting. There are 0 tasks remaining in the queue.
2019-11-13 13:02:56,028 [ForkJoinPool.commonPool-worker-0] INFO  segmented.SegmentedRaftLogWorker (SegmentedRaftLogWorker.java:close(224)) - 1a33519a-3def-4d79-b3e5-c4d8286dc86e@group-FFCD4D7C2DEB-SegmentedRaftLogWorker close()
2019-11-13 13:02:56,028 [main] INFO  statemachine.DatanodeStateMachine (DatanodeStateMachine.java:stopDaemon(395)) - Ozone container server stopped.
2019-11-13 13:02:56,029 [ForkJoinPool.commonPool-worker-0] INFO  server.GrpcService (GrpcService.java:closeImpl(164)) - 1a33519a-3def-4d79-b3e5-c4d8286dc86e: shutdown server with port 40699 now
2019-11-13 13:02:56,030 [grpc-default-executor-5] WARN  server.GrpcServerProtocolService (LogUtils.java:warn(134)) - 1a33519a-3def-4d79-b3e5-c4d8286dc86e: installSnapshot onError, lastRequest: 3d7387af-ecb5-4c7d-b20b-5fe48849adda->1a33519a-3def-4d79-b3e5-c4d8286dc86e#31-t2, previous=(t:2, i:0), leaderCommit=0, initializing? false, entries: <empty>: org.apache.ratis.thirdparty.io.grpc.StatusRuntimeException: CANCELLED: cancelled before receiving half close
2019-11-13 13:02:56,030 [grpc-default-executor-2] WARN  server.GrpcLogAppender (LogUtils.java:warn(134)) - 3d7387af-ecb5-4c7d-b20b-5fe48849adda@group-E165AE56C698->1a33519a-3def-4d79-b3e5-c4d8286dc86e-AppendLogResponseHandler: Failed appendEntries: org.apache.ratis.thirdparty.io.grpc.StatusRuntimeException: CANCELLED: HTTP/2 error code: CANCEL
Received Rst Stream
2019-11-13 13:02:56,030 [grpc-default-executor-2] INFO  impl.FollowerInfo (FollowerInfo.java:lambda$new$0(51)) - 3d7387af-ecb5-4c7d-b20b-5fe48849adda@group-E165AE56C698->1a33519a-3def-4d79-b3e5-c4d8286dc86e: nextIndex: updateUnconditionally 1 -> 0
2019-11-13 13:02:56,031 [main] INFO  handler.ContextHandler (ContextHandler.java:doStop(910)) - Stopped o.e.j.w.WebAppContext@6818fd48{/,null,UNAVAILABLE}{/hddsDatanode}
2019-11-13 13:02:56,031 [ForkJoinPool.commonPool-worker-0] INFO  server.GrpcService (GrpcService.java:closeImpl(172)) - 1a33519a-3def-4d79-b3e5-c4d8286dc86e: shutdown server with port 40699 successfully
2019-11-13 13:02:56,032 [main] INFO  server.AbstractConnector (AbstractConnector.java:doStop(318)) - Stopped ServerConnector@9263c54{HTTP/1.1,[http/1.1]}{0.0.0.0:0}
2019-11-13 13:02:56,033 [main] INFO  handler.ContextHandler (ContextHandler.java:doStop(910)) - Stopped o.e.j.s.ServletContextHandler@167a21b{/static,jar:file:/home/user/.m2/repository/org/apache/hadoop/hadoop-hdds-container-service/0.5.0-SNAPSHOT/hadoop-hdds-container-service-0.5.0-SNAPSHOT.jar!/webapps/static,UNAVAILABLE}
2019-11-13 13:02:56,033 [refreshUsed-/workdir/hadoop-ozone/integration-test/target/test-dir/MiniOzoneClusterImpl-90e8aeb1-2975-47c6-9bba-faf27de7fb8c/datanode-4/data/containers] WARN  fs.CachingGetSpaceUsed (CachingGetSpaceUsed.java:run(183)) - Thread Interrupted waiting to refresh disk information: sleep interrupted
2019-11-13 13:02:56,034 [main] INFO  handler.ContextHandler (ContextHandler.java:doStop(910)) - Stopped o.e.j.s.ServletContextHandler@1d99ee1b{/logs,file:///workdir/hadoop-ozone/integration-test/target/log,UNAVAILABLE}
2019-11-13 13:02:56,050 [ForkJoinPool.commonPool-worker-0] INFO  utils.BackgroundService (BackgroundService.java:shutdown(151)) - Shutting down service BlockDeletingService
2019-11-13 13:02:56,052 [ForkJoinPool.commonPool-worker-0] INFO  statemachine.DatanodeStateMachine (DatanodeStateMachine.java:stopDaemon(395)) - Ozone container server stopped.
2019-11-13 13:02:56,065 [ForkJoinPool.commonPool-worker-0] INFO  handler.ContextHandler (ContextHandler.java:doStop(910)) - Stopped o.e.j.w.WebAppContext@4b93dd6a{/,null,UNAVAILABLE}{/hddsDatanode}
2019-11-13 13:02:56,066 [ForkJoinPool.commonPool-worker-0] INFO  server.AbstractConnector (AbstractConnector.java:doStop(318)) - Stopped ServerConnector@582a3b19{HTTP/1.1,[http/1.1]}{0.0.0.0:0}
2019-11-13 13:02:56,067 [ForkJoinPool.commonPool-worker-0] INFO  handler.ContextHandler (ContextHandler.java:doStop(910)) - Stopped o.e.j.s.ServletContextHandler@798cf6d2{/static,jar:file:/home/user/.m2/repository/org/apache/hadoop/hadoop-hdds-container-service/0.5.0-SNAPSHOT/hadoop-hdds-container-service-0.5.0-SNAPSHOT.jar!/webapps/static,UNAVAILABLE}
2019-11-13 13:02:56,068 [ForkJoinPool.commonPool-worker-0] INFO  handler.ContextHandler (ContextHandler.java:doStop(910)) - Stopped o.e.j.s.ServletContextHandler@150fc7a7{/logs,file:///workdir/hadoop-ozone/integration-test/target/log,UNAVAILABLE}
2019-11-13 13:02:56,354 [grpc-default-executor-11] WARN  server.GrpcLogAppender (LogUtils.java:warn(134)) - 90f8c6ad-89d1-4dd8-98a8-ca579bb4c57a@group-7E5EA1404CE1->9bca8fcc-ea98-4ec4-92ce-7a037de40a27-AppendLogResponseHandler: Failed appendEntries: org.apache.ratis.thirdparty.io.grpc.StatusRuntimeException: UNAVAILABLE: io exception
2019-11-13 13:02:56,354 [grpc-default-executor-11] INFO  impl.FollowerInfo (FollowerInfo.java:lambda$new$0(51)) - 90f8c6ad-89d1-4dd8-98a8-ca579bb4c57a@group-7E5EA1404CE1->9bca8fcc-ea98-4ec4-92ce-7a037de40a27: nextIndex: updateUnconditionally 0 -> 0
2019-11-13 13:02:56,467 [grpc-default-executor-5] WARN  server.GrpcLogAppender (LogUtils.java:warn(134)) - 3d7387af-ecb5-4c7d-b20b-5fe48849adda@group-E165AE56C698->1a33519a-3def-4d79-b3e5-c4d8286dc86e-AppendLogResponseHandler: Failed appendEntries: org.apache.ratis.thirdparty.io.grpc.StatusRuntimeException: UNAVAILABLE: io exception
2019-11-13 13:02:56,467 [grpc-default-executor-5] INFO  impl.FollowerInfo (FollowerInfo.java:lambda$new$0(51)) - 3d7387af-ecb5-4c7d-b20b-5fe48849adda@group-E165AE56C698->1a33519a-3def-4d79-b3e5-c4d8286dc86e: nextIndex: updateUnconditionally 0 -> 0
2019-11-13 13:02:56,674 [Datanode State Machine Thread - 0] INFO  statemachine.DatanodeStateMachine (DatanodeStateMachine.java:lambda$startDaemon$0(350)) - Ozone container server started.
2019-11-13 13:02:56,715 [Datanode State Machine Thread - 0] INFO  statemachine.DatanodeStateMachine (DatanodeStateMachine.java:lambda$startDaemon$0(350)) - Ozone container server started.
2019-11-13 13:02:56,855 [grpc-default-executor-2] WARN  server.GrpcLogAppender (LogUtils.java:warn(134)) - 90f8c6ad-89d1-4dd8-98a8-ca579bb4c57a@group-7E5EA1404CE1->9bca8fcc-ea98-4ec4-92ce-7a037de40a27-AppendLogResponseHandler: Failed appendEntries: org.apache.ratis.thirdparty.io.grpc.StatusRuntimeException: UNAVAILABLE: io exception
2019-11-13 13:02:56,855 [grpc-default-executor-2] INFO  impl.FollowerInfo (FollowerInfo.java:lambda$new$0(51)) - 90f8c6ad-89d1-4dd8-98a8-ca579bb4c57a@group-7E5EA1404CE1->9bca8fcc-ea98-4ec4-92ce-7a037de40a27: nextIndex: updateUnconditionally 0 -> 0
2019-11-13 13:02:56,967 [grpc-default-executor-11] WARN  server.GrpcLogAppender (LogUtils.java:warn(134)) - 3d7387af-ecb5-4c7d-b20b-5fe48849adda@group-E165AE56C698->1a33519a-3def-4d79-b3e5-c4d8286dc86e-AppendLogResponseHandler: Failed appendEntries: org.apache.ratis.thirdparty.io.grpc.StatusRuntimeException: UNAVAILABLE: io exception
2019-11-13 13:02:56,967 [grpc-default-executor-11] INFO  impl.FollowerInfo (FollowerInfo.java:lambda$new$0(51)) - 3d7387af-ecb5-4c7d-b20b-5fe48849adda@group-E165AE56C698->1a33519a-3def-4d79-b3e5-c4d8286dc86e: nextIndex: updateUnconditionally 0 -> 0
2019-11-13 13:02:57,355 [grpc-default-executor-5] WARN  server.GrpcLogAppender (LogUtils.java:warn(134)) - 90f8c6ad-89d1-4dd8-98a8-ca579bb4c57a@group-7E5EA1404CE1->9bca8fcc-ea98-4ec4-92ce-7a037de40a27-AppendLogResponseHandler: Failed appendEntries: org.apache.ratis.thirdparty.io.grpc.StatusRuntimeException: UNAVAILABLE: io exception
2019-11-13 13:02:57,355 [grpc-default-executor-5] INFO  impl.FollowerInfo (FollowerInfo.java:lambda$new$0(51)) - 90f8c6ad-89d1-4dd8-98a8-ca579bb4c57a@group-7E5EA1404CE1->9bca8fcc-ea98-4ec4-92ce-7a037de40a27: nextIndex: updateUnconditionally 0 -> 0
2019-11-13 13:02:57,468 [grpc-default-executor-5] WARN  server.GrpcLogAppender (LogUtils.java:warn(134)) - 3d7387af-ecb5-4c7d-b20b-5fe48849adda@group-E165AE56C698->1a33519a-3def-4d79-b3e5-c4d8286dc86e-AppendLogResponseHandler: Failed appendEntries: org.apache.ratis.thirdparty.io.grpc.StatusRuntimeException: UNAVAILABLE: io exception
2019-11-13 13:02:57,469 [grpc-default-executor-5] INFO  impl.FollowerInfo (FollowerInfo.java:lambda$new$0(51)) - 3d7387af-ecb5-4c7d-b20b-5fe48849adda@group-E165AE56C698->1a33519a-3def-4d79-b3e5-c4d8286dc86e: nextIndex: updateUnconditionally 0 -> 0
2019-11-13 13:02:57,856 [grpc-default-executor-2] WARN  server.GrpcLogAppender (LogUtils.java:warn(134)) - 90f8c6ad-89d1-4dd8-98a8-ca579bb4c57a@group-7E5EA1404CE1->9bca8fcc-ea98-4ec4-92ce-7a037de40a27-AppendLogResponseHandler: Failed appendEntries: org.apache.ratis.thirdparty.io.grpc.StatusRuntimeException: UNAVAILABLE: io exception
2019-11-13 13:02:57,856 [grpc-default-executor-2] INFO  impl.FollowerInfo (FollowerInfo.java:lambda$new$0(51)) - 90f8c6ad-89d1-4dd8-98a8-ca579bb4c57a@group-7E5EA1404CE1->9bca8fcc-ea98-4ec4-92ce-7a037de40a27: nextIndex: updateUnconditionally 0 -> 0
2019-11-13 13:02:57,968 [grpc-default-executor-5] WARN  server.GrpcLogAppender (LogUtils.java:warn(134)) - 3d7387af-ecb5-4c7d-b20b-5fe48849adda@group-E165AE56C698->1a33519a-3def-4d79-b3e5-c4d8286dc86e-AppendLogResponseHandler: Failed appendEntries: org.apache.ratis.thirdparty.io.grpc.StatusRuntimeException: UNAVAILABLE: io exception
2019-11-13 13:02:57,968 [grpc-default-executor-5] INFO  impl.FollowerInfo (FollowerInfo.java:lambda$new$0(51)) - 3d7387af-ecb5-4c7d-b20b-5fe48849adda@group-E165AE56C698->1a33519a-3def-4d79-b3e5-c4d8286dc86e: nextIndex: updateUnconditionally 0 -> 0
2019-11-13 13:02:58,358 [grpc-default-executor-2] WARN  server.GrpcLogAppender (LogUtils.java:warn(134)) - 90f8c6ad-89d1-4dd8-98a8-ca579bb4c57a@group-7E5EA1404CE1->9bca8fcc-ea98-4ec4-92ce-7a037de40a27-AppendLogResponseHandler: Failed appendEntries: org.apache.ratis.thirdparty.io.grpc.StatusRuntimeException: UNAVAILABLE: io exception
2019-11-13 13:02:58,358 [grpc-default-executor-2] INFO  impl.FollowerInfo (FollowerInfo.java:lambda$new$0(51)) - 90f8c6ad-89d1-4dd8-98a8-ca579bb4c57a@group-7E5EA1404CE1->9bca8fcc-ea98-4ec4-92ce-7a037de40a27: nextIndex: updateUnconditionally 0 -> 0
2019-11-13 13:02:58,468 [grpc-default-executor-11] WARN  server.GrpcLogAppender (LogUtils.java:warn(134)) - 3d7387af-ecb5-4c7d-b20b-5fe48849adda@group-E165AE56C698->1a33519a-3def-4d79-b3e5-c4d8286dc86e-AppendLogResponseHandler: Failed appendEntries: org.apache.ratis.thirdparty.io.grpc.StatusRuntimeException: UNAVAILABLE: io exception
2019-11-13 13:02:58,469 [grpc-default-executor-11] INFO  impl.FollowerInfo (FollowerInfo.java:lambda$new$0(51)) - 3d7387af-ecb5-4c7d-b20b-5fe48849adda@group-E165AE56C698->1a33519a-3def-4d79-b3e5-c4d8286dc86e: nextIndex: updateUnconditionally 0 -> 0
2019-11-13 13:02:58,858 [grpc-default-executor-11] WARN  server.GrpcLogAppender (LogUtils.java:warn(134)) - 90f8c6ad-89d1-4dd8-98a8-ca579bb4c57a@group-7E5EA1404CE1->9bca8fcc-ea98-4ec4-92ce-7a037de40a27-AppendLogResponseHandler: Failed appendEntries: org.apache.ratis.thirdparty.io.grpc.StatusRuntimeException: UNAVAILABLE: io exception
2019-11-13 13:02:58,858 [grpc-default-executor-11] INFO  impl.FollowerInfo (FollowerInfo.java:lambda$new$0(51)) - 90f8c6ad-89d1-4dd8-98a8-ca579bb4c57a@group-7E5EA1404CE1->9bca8fcc-ea98-4ec4-92ce-7a037de40a27: nextIndex: updateUnconditionally 0 -> 0
2019-11-13 13:02:58,969 [grpc-default-executor-5] WARN  server.GrpcLogAppender (LogUtils.java:warn(134)) - 3d7387af-ecb5-4c7d-b20b-5fe48849adda@group-E165AE56C698->1a33519a-3def-4d79-b3e5-c4d8286dc86e-AppendLogResponseHandler: Failed appendEntries: org.apache.ratis.thirdparty.io.grpc.StatusRuntimeException: UNAVAILABLE: io exception
2019-11-13 13:02:58,970 [grpc-default-executor-5] INFO  impl.FollowerInfo (FollowerInfo.java:lambda$new$0(51)) - 3d7387af-ecb5-4c7d-b20b-5fe48849adda@group-E165AE56C698->1a33519a-3def-4d79-b3e5-c4d8286dc86e: nextIndex: updateUnconditionally 0 -> 0
2019-11-13 13:02:59,361 [grpc-default-executor-5] WARN  server.GrpcLogAppender (LogUtils.java:warn(134)) - 90f8c6ad-89d1-4dd8-98a8-ca579bb4c57a@group-7E5EA1404CE1->9bca8fcc-ea98-4ec4-92ce-7a037de40a27-AppendLogResponseHandler: Failed appendEntries: org.apache.ratis.thirdparty.io.grpc.StatusRuntimeException: UNAVAILABLE: io exception
2019-11-13 13:02:59,362 [grpc-default-executor-5] INFO  impl.FollowerInfo (FollowerInfo.java:lambda$new$0(51)) - 90f8c6ad-89d1-4dd8-98a8-ca579bb4c57a@group-7E5EA1404CE1->9bca8fcc-ea98-4ec4-92ce-7a037de40a27: nextIndex: updateUnconditionally 0 -> 0
2019-11-13 13:02:59,472 [grpc-default-executor-5] WARN  server.GrpcLogAppender (LogUtils.java:warn(134)) - 3d7387af-ecb5-4c7d-b20b-5fe48849adda@group-E165AE56C698->1a33519a-3def-4d79-b3e5-c4d8286dc86e-AppendLogResponseHandler: Failed appendEntries: org.apache.ratis.thirdparty.io.grpc.StatusRuntimeException: UNAVAILABLE: io exception
2019-11-13 13:02:59,473 [grpc-default-executor-5] INFO  impl.FollowerInfo (FollowerInfo.java:lambda$new$0(51)) - 3d7387af-ecb5-4c7d-b20b-5fe48849adda@group-E165AE56C698->1a33519a-3def-4d79-b3e5-c4d8286dc86e: nextIndex: updateUnconditionally 0 -> 0
2019-11-13 13:02:59,861 [grpc-default-executor-2] WARN  server.GrpcLogAppender (LogUtils.java:warn(134)) - 90f8c6ad-89d1-4dd8-98a8-ca579bb4c57a@group-7E5EA1404CE1->9bca8fcc-ea98-4ec4-92ce-7a037de40a27-AppendLogResponseHandler: Failed appendEntries: org.apache.ratis.thirdparty.io.grpc.StatusRuntimeException: UNAVAILABLE: io exception
2019-11-13 13:02:59,861 [grpc-default-executor-2] INFO  impl.FollowerInfo (FollowerInfo.java:lambda$new$0(51)) - 90f8c6ad-89d1-4dd8-98a8-ca579bb4c57a@group-7E5EA1404CE1->9bca8fcc-ea98-4ec4-92ce-7a037de40a27: nextIndex: updateUnconditionally 0 -> 0
2019-11-13 13:02:59,971 [grpc-default-executor-11] WARN  server.GrpcLogAppender (LogUtils.java:warn(134)) - 3d7387af-ecb5-4c7d-b20b-5fe48849adda@group-E165AE56C698->1a33519a-3def-4d79-b3e5-c4d8286dc86e-AppendLogResponseHandler: Failed appendEntries: org.apache.ratis.thirdparty.io.grpc.StatusRuntimeException: UNAVAILABLE: io exception
2019-11-13 13:02:59,972 [grpc-default-executor-11] INFO  impl.FollowerInfo (FollowerInfo.java:lambda$new$0(51)) - 3d7387af-ecb5-4c7d-b20b-5fe48849adda@group-E165AE56C698->1a33519a-3def-4d79-b3e5-c4d8286dc86e: nextIndex: updateUnconditionally 0 -> 0
2019-11-13 13:03:00,363 [grpc-default-executor-5] WARN  server.GrpcLogAppender (LogUtils.java:warn(134)) - 90f8c6ad-89d1-4dd8-98a8-ca579bb4c57a@group-7E5EA1404CE1->9bca8fcc-ea98-4ec4-92ce-7a037de40a27-AppendLogResponseHandler: Failed appendEntries: org.apache.ratis.thirdparty.io.grpc.StatusRuntimeException: UNAVAILABLE: io exception
2019-11-13 13:03:00,363 [grpc-default-executor-5] INFO  impl.FollowerInfo (FollowerInfo.java:lambda$new$0(51)) - 90f8c6ad-89d1-4dd8-98a8-ca579bb4c57a@group-7E5EA1404CE1->9bca8fcc-ea98-4ec4-92ce-7a037de40a27: nextIndex: updateUnconditionally 0 -> 0
2019-11-13 13:03:00,472 [grpc-default-executor-5] WARN  server.GrpcLogAppender (LogUtils.java:warn(134)) - 3d7387af-ecb5-4c7d-b20b-5fe48849adda@group-E165AE56C698->1a33519a-3def-4d79-b3e5-c4d8286dc86e-AppendLogResponseHandler: Failed appendEntries: org.apache.ratis.thirdparty.io.grpc.StatusRuntimeException: UNAVAILABLE: io exception
2019-11-13 13:03:00,472 [grpc-default-executor-5] INFO  impl.FollowerInfo (FollowerInfo.java:lambda$new$0(51)) - 3d7387af-ecb5-4c7d-b20b-5fe48849adda@group-E165AE56C698->1a33519a-3def-4d79-b3e5-c4d8286dc86e: nextIndex: updateUnconditionally 0 -> 0
2019-11-13 13:03:00,864 [grpc-default-executor-5] WARN  server.GrpcLogAppender (LogUtils.java:warn(134)) - 90f8c6ad-89d1-4dd8-98a8-ca579bb4c57a@group-7E5EA1404CE1->9bca8fcc-ea98-4ec4-92ce-7a037de40a27-AppendLogResponseHandler: Failed appendEntries: org.apache.ratis.thirdparty.io.grpc.StatusRuntimeException: UNAVAILABLE: io exception
2019-11-13 13:03:00,865 [grpc-default-executor-5] INFO  impl.FollowerInfo (FollowerInfo.java:lambda$new$0(51)) - 90f8c6ad-89d1-4dd8-98a8-ca579bb4c57a@group-7E5EA1404CE1->9bca8fcc-ea98-4ec4-92ce-7a037de40a27: nextIndex: updateUnconditionally 0 -> 0
2019-11-13 13:03:00,972 [grpc-default-executor-2] WARN  server.GrpcLogAppender (LogUtils.java:warn(134)) - 3d7387af-ecb5-4c7d-b20b-5fe48849adda@group-E165AE56C698->1a33519a-3def-4d79-b3e5-c4d8286dc86e-AppendLogResponseHandler: Failed appendEntries: org.apache.ratis.thirdparty.io.grpc.StatusRuntimeException: UNAVAILABLE: io exception
2019-11-13 13:03:00,972 [grpc-default-executor-2] INFO  impl.FollowerInfo (FollowerInfo.java:lambda$new$0(51)) - 3d7387af-ecb5-4c7d-b20b-5fe48849adda@group-E165AE56C698->1a33519a-3def-4d79-b3e5-c4d8286dc86e: nextIndex: updateUnconditionally 0 -> 0
2019-11-13 13:03:01,036 [main] INFO  ozoneimpl.OzoneContainer (OzoneContainer.java:stop(244)) - Attempting to stop container services.
2019-11-13 13:03:01,037 [main] INFO  impl.RaftServerProxy (RaftServerProxy.java:lambda$close$4(314)) - 318b4bc4-2a6a-4055-b801-3341d5814353: close
2019-11-13 13:03:01,038 [main] INFO  impl.RaftServerImpl (RaftServerImpl.java:lambda$shutdown$3(250)) - 318b4bc4-2a6a-4055-b801-3341d5814353@group-809C905BE9FB: shutdown
2019-11-13 13:03:01,038 [main] INFO  util.JmxRegister (JmxRegister.java:unregister(73)) - Successfully un-registered JMX Bean with object name Ratis:service=RaftServer,group=group-809C905BE9FB,id=318b4bc4-2a6a-4055-b801-3341d5814353
2019-11-13 13:03:01,039 [main] INFO  impl.RoleInfo (RoleInfo.java:shutdownLeaderState(104)) - 318b4bc4-2a6a-4055-b801-3341d5814353: shutdown LeaderState
2019-11-13 13:03:01,039 [main] INFO  impl.PendingRequests (PendingRequests.java:sendNotLeaderResponses(206)) - 318b4bc4-2a6a-4055-b801-3341d5814353@group-809C905BE9FB-PendingRequests: sendNotLeaderResponses
2019-11-13 13:03:01,039 [main] INFO  impl.StateMachineUpdater (StateMachineUpdater.java:stopAndJoin(136)) - 318b4bc4-2a6a-4055-b801-3341d5814353@group-809C905BE9FB-StateMachineUpdater: set stopIndex = 0
2019-11-13 13:03:01,040 [main] INFO  impl.RaftServerImpl (ServerState.java:close(387)) - 318b4bc4-2a6a-4055-b801-3341d5814353@group-809C905BE9FB: closes. applyIndex: 0
2019-11-13 13:03:01,040 [318b4bc4-2a6a-4055-b801-3341d5814353@group-809C905BE9FB-SegmentedRaftLogWorker] INFO  segmented.SegmentedRaftLogWorker (SegmentedRaftLogWorker.java:run(316)) - 318b4bc4-2a6a-4055-b801-3341d5814353@group-809C905BE9FB-SegmentedRaftLogWorker was interrupted, exiting. There are 0 tasks remaining in the queue.
2019-11-13 13:03:01,045 [main] INFO  segmented.SegmentedRaftLogWorker (SegmentedRaftLogWorker.java:close(224)) - 318b4bc4-2a6a-4055-b801-3341d5814353@group-809C905BE9FB-SegmentedRaftLogWorker close()
2019-11-13 13:03:01,045 [main] INFO  impl.RaftServerImpl (RaftServerImpl.java:lambda$shutdown$3(250)) - 318b4bc4-2a6a-4055-b801-3341d5814353@group-E165AE56C698: shutdown
2019-11-13 13:03:01,046 [main] INFO  util.JmxRegister (JmxRegister.java:unregister(73)) - Successfully un-registered JMX Bean with object name Ratis:service=RaftServer,group=group-E165AE56C698,id=318b4bc4-2a6a-4055-b801-3341d5814353
2019-11-13 13:03:01,046 [main] INFO  impl.RoleInfo (RoleInfo.java:shutdownFollowerState(121)) - 318b4bc4-2a6a-4055-b801-3341d5814353: shutdown FollowerState
2019-11-13 13:03:01,046 [main] INFO  impl.StateMachineUpdater (StateMachineUpdater.java:stopAndJoin(136)) - 318b4bc4-2a6a-4055-b801-3341d5814353@group-E165AE56C698-StateMachineUpdater: set stopIndex = 0
2019-11-13 13:03:01,046 [Thread-4338] INFO  impl.FollowerState (FollowerState.java:run(120)) - 318b4bc4-2a6a-4055-b801-3341d5814353@group-E165AE56C698-FollowerState was interrupted: java.lang.InterruptedException: sleep interrupted
2019-11-13 13:03:01,047 [main] INFO  impl.RaftServerImpl (ServerState.java:close(387)) - 318b4bc4-2a6a-4055-b801-3341d5814353@group-E165AE56C698: closes. applyIndex: 0
2019-11-13 13:03:01,047 [318b4bc4-2a6a-4055-b801-3341d5814353@group-E165AE56C698-SegmentedRaftLogWorker] INFO  segmented.SegmentedRaftLogWorker (SegmentedRaftLogWorker.java:run(316)) - 318b4bc4-2a6a-4055-b801-3341d5814353@group-E165AE56C698-SegmentedRaftLogWorker was interrupted, exiting. There are 0 tasks remaining in the queue.
2019-11-13 13:03:01,048 [main] INFO  segmented.SegmentedRaftLogWorker (SegmentedRaftLogWorker.java:close(224)) - 318b4bc4-2a6a-4055-b801-3341d5814353@group-E165AE56C698-SegmentedRaftLogWorker close()
2019-11-13 13:03:01,048 [main] INFO  server.GrpcService (GrpcService.java:closeImpl(164)) - 318b4bc4-2a6a-4055-b801-3341d5814353: shutdown server with port 34345 now
2019-11-13 13:03:01,049 [grpc-default-executor-5] WARN  server.GrpcServerProtocolService (LogUtils.java:warn(134)) - 318b4bc4-2a6a-4055-b801-3341d5814353: installSnapshot onError, lastRequest: 3d7387af-ecb5-4c7d-b20b-5fe48849adda->318b4bc4-2a6a-4055-b801-3341d5814353#41-t2, previous=(t:2, i:0), leaderCommit=0, initializing? false, entries: <empty>: org.apache.ratis.thirdparty.io.grpc.StatusRuntimeException: CANCELLED: cancelled before receiving half close
2019-11-13 13:03:01,050 [main] INFO  server.GrpcService (GrpcService.java:closeImpl(172)) - 318b4bc4-2a6a-4055-b801-3341d5814353: shutdown server with port 34345 successfully
2019-11-13 13:03:01,050 [grpc-default-executor-2] WARN  server.GrpcLogAppender (LogUtils.java:warn(134)) - 3d7387af-ecb5-4c7d-b20b-5fe48849adda@group-E165AE56C698->318b4bc4-2a6a-4055-b801-3341d5814353-AppendLogResponseHandler: Failed appendEntries: org.apache.ratis.thirdparty.io.grpc.StatusRuntimeException: CANCELLED: HTTP/2 error code: CANCEL
Received Rst Stream
2019-11-13 13:03:01,050 [grpc-default-executor-2] INFO  impl.FollowerInfo (FollowerInfo.java:lambda$new$0(51)) - 3d7387af-ecb5-4c7d-b20b-5fe48849adda@group-E165AE56C698->318b4bc4-2a6a-4055-b801-3341d5814353: nextIndex: updateUnconditionally 1 -> 0
2019-11-13 13:03:01,053 [refreshUsed-/workdir/hadoop-ozone/integration-test/target/test-dir/MiniOzoneClusterImpl-90e8aeb1-2975-47c6-9bba-faf27de7fb8c/datanode-9/data/containers] WARN  fs.CachingGetSpaceUsed (CachingGetSpaceUsed.java:run(183)) - Thread Interrupted waiting to refresh disk information: sleep interrupted
2019-11-13 13:03:01,066 [main] INFO  utils.BackgroundService (BackgroundService.java:shutdown(151)) - Shutting down service BlockDeletingService
2019-11-13 13:03:01,070 [main] INFO  statemachine.DatanodeStateMachine (DatanodeStateMachine.java:stopDaemon(395)) - Ozone container server stopped.
2019-11-13 13:03:01,070 [ForkJoinPool.commonPool-worker-0] INFO  ozoneimpl.OzoneContainer (OzoneContainer.java:stop(244)) - Attempting to stop container services.
2019-11-13 13:03:01,070 [ForkJoinPool.commonPool-worker-0] INFO  impl.RaftServerProxy (RaftServerProxy.java:lambda$close$4(314)) - 90f8c6ad-89d1-4dd8-98a8-ca579bb4c57a: close
2019-11-13 13:03:01,071 [ForkJoinPool.commonPool-worker-0] INFO  impl.RaftServerImpl (RaftServerImpl.java:lambda$shutdown$3(250)) - 90f8c6ad-89d1-4dd8-98a8-ca579bb4c57a@group-7E5EA1404CE1: shutdown
2019-11-13 13:03:01,071 [ForkJoinPool.commonPool-worker-0] INFO  util.JmxRegister (JmxRegister.java:unregister(73)) - Successfully un-registered JMX Bean with object name Ratis:service=RaftServer,group=group-7E5EA1404CE1,id=90f8c6ad-89d1-4dd8-98a8-ca579bb4c57a
2019-11-13 13:03:01,071 [ForkJoinPool.commonPool-worker-0] INFO  impl.RoleInfo (RoleInfo.java:shutdownLeaderState(104)) - 90f8c6ad-89d1-4dd8-98a8-ca579bb4c57a: shutdown LeaderState
2019-11-13 13:03:01,073 [org.apache.ratis.server.impl.LogAppender$AppenderDaemon$$Lambda$482/251411839@1d6a915d] WARN  server.GrpcLogAppender (GrpcLogAppender.java:mayWait(151)) - 90f8c6ad-89d1-4dd8-98a8-ca579bb4c57a@group-7E5EA1404CE1->9bca8fcc-ea98-4ec4-92ce-7a037de40a27-GrpcLogAppender: Wait interrupted by java.lang.InterruptedException
2019-11-13 13:03:01,073 [ForkJoinPool.commonPool-worker-0] INFO  impl.PendingRequests (PendingRequests.java:sendNotLeaderResponses(206)) - 90f8c6ad-89d1-4dd8-98a8-ca579bb4c57a@group-7E5EA1404CE1-PendingRequests: sendNotLeaderResponses
2019-11-13 13:03:01,073 [org.apache.ratis.server.impl.LogAppender$AppenderDaemon$$Lambda$482/251411839@3279e808] WARN  server.GrpcLogAppender (GrpcLogAppender.java:mayWait(151)) - 90f8c6ad-89d1-4dd8-98a8-ca579bb4c57a@group-7E5EA1404CE1->ccb58d27-4340-4f56-86e1-f88286cea239-GrpcLogAppender: Wait interrupted by java.lang.InterruptedException
2019-11-13 13:03:01,073 [ForkJoinPool.commonPool-worker-0] INFO  impl.StateMachineUpdater (StateMachineUpdater.java:stopAndJoin(136)) - 90f8c6ad-89d1-4dd8-98a8-ca579bb4c57a@group-7E5EA1404CE1-StateMachineUpdater: set stopIndex = 5
2019-11-13 13:03:01,073 [90f8c6ad-89d1-4dd8-98a8-ca579bb4c57a@group-7E5EA1404CE1-StateMachineUpdater] INFO  ratis.ContainerStateMachine (ContainerStateMachine.java:takeSnapshot(285)) - group-7E5EA1404CE1: Taking a snapshot at:(t:1, i:2) file /workdir/hadoop-ozone/integration-test/target/test-dir/MiniOzoneClusterImpl-90e8aeb1-2975-47c6-9bba-faf27de7fb8c/datanode-0/data/ratis/360249f9-3a3f-4ff9-aaba-7e5ea1404ce1/sm/snapshot.1_2
2019-11-13 13:03:01,074 [grpc-default-executor-2] INFO  server.GrpcServerProtocolService (GrpcServerProtocolService.java:onCompleted(113)) - ccb58d27-4340-4f56-86e1-f88286cea239: Completed APPEND_ENTRIES, lastRequest: 90f8c6ad-89d1-4dd8-98a8-ca579bb4c57a->ccb58d27-4340-4f56-86e1-f88286cea239#20-t2, previous=(t:2, i:5), leaderCommit=5, initializing? false, entries: <empty>
2019-11-13 13:03:01,074 [grpc-default-executor-2] INFO  server.GrpcLogAppender (GrpcLogAppender.java:onCompleted(308)) - 90f8c6ad-89d1-4dd8-98a8-ca579bb4c57a@group-7E5EA1404CE1->ccb58d27-4340-4f56-86e1-f88286cea239-AppendLogResponseHandler: follower responses appendEntries COMPLETED
2019-11-13 13:03:01,075 [grpc-default-executor-2] INFO  impl.FollowerInfo (FollowerInfo.java:lambda$new$0(51)) - 90f8c6ad-89d1-4dd8-98a8-ca579bb4c57a@group-7E5EA1404CE1->ccb58d27-4340-4f56-86e1-f88286cea239: nextIndex: updateUnconditionally 6 -> 5
2019-11-13 13:03:01,104 [90f8c6ad-89d1-4dd8-98a8-ca579bb4c57a@group-7E5EA1404CE1-StateMachineUpdater] INFO  ratis.ContainerStateMachine (ContainerStateMachine.java:takeSnapshot(296)) - group-7E5EA1404CE1: Finished taking a snapshot at:(t:1, i:2) file:/workdir/hadoop-ozone/integration-test/target/test-dir/MiniOzoneClusterImpl-90e8aeb1-2975-47c6-9bba-faf27de7fb8c/datanode-0/data/ratis/360249f9-3a3f-4ff9-aaba-7e5ea1404ce1/sm/snapshot.1_2 time:31
2019-11-13 13:03:01,105 [90f8c6ad-89d1-4dd8-98a8-ca579bb4c57a@group-7E5EA1404CE1-StateMachineUpdater] INFO  impl.StateMachineUpdater (StateMachineUpdater.java:takeSnapshot(269)) - 90f8c6ad-89d1-4dd8-98a8-ca579bb4c57a@group-7E5EA1404CE1-StateMachineUpdater: Took a snapshot at index 2
2019-11-13 13:03:01,105 [90f8c6ad-89d1-4dd8-98a8-ca579bb4c57a@group-7E5EA1404CE1-StateMachineUpdater] INFO  impl.StateMachineUpdater (StateMachineUpdater.java:lambda$new$0(84)) - 90f8c6ad-89d1-4dd8-98a8-ca579bb4c57a@group-7E5EA1404CE1-StateMachineUpdater: snapshotIndex: updateIncreasingly -1 -> 2
2019-11-13 13:03:01,105 [90f8c6ad-89d1-4dd8-98a8-ca579bb4c57a@group-7E5EA1404CE1-StateMachineUpdater] INFO  ratis.ContainerStateMachine (ContainerStateMachine.java:takeSnapshot(285)) - group-7E5EA1404CE1: Taking a snapshot at:(t:1, i:2) file /workdir/hadoop-ozone/integration-test/target/test-dir/MiniOzoneClusterImpl-90e8aeb1-2975-47c6-9bba-faf27de7fb8c/datanode-0/data/ratis/360249f9-3a3f-4ff9-aaba-7e5ea1404ce1/sm/snapshot.1_2
2019-11-13 13:03:01,139 [90f8c6ad-89d1-4dd8-98a8-ca579bb4c57a@group-7E5EA1404CE1-StateMachineUpdater] INFO  ratis.ContainerStateMachine (ContainerStateMachine.java:takeSnapshot(296)) - group-7E5EA1404CE1: Finished taking a snapshot at:(t:1, i:2) file:/workdir/hadoop-ozone/integration-test/target/test-dir/MiniOzoneClusterImpl-90e8aeb1-2975-47c6-9bba-faf27de7fb8c/datanode-0/data/ratis/360249f9-3a3f-4ff9-aaba-7e5ea1404ce1/sm/snapshot.1_2 time:33
2019-11-13 13:03:01,139 [90f8c6ad-89d1-4dd8-98a8-ca579bb4c57a@group-7E5EA1404CE1-StateMachineUpdater] INFO  impl.StateMachineUpdater (StateMachineUpdater.java:takeSnapshot(269)) - 90f8c6ad-89d1-4dd8-98a8-ca579bb4c57a@group-7E5EA1404CE1-StateMachineUpdater: Took a snapshot at index 2
2019-11-13 13:03:01,139 [90f8c6ad-89d1-4dd8-98a8-ca579bb4c57a@group-7E5EA1404CE1-StateMachineUpdater] INFO  impl.StateMachineUpdater (StateMachineUpdater.java:lambda$new$0(84)) - 90f8c6ad-89d1-4dd8-98a8-ca579bb4c57a@group-7E5EA1404CE1-StateMachineUpdater: snapshotIndex: updateIncreasingly 2 -> 2
2019-11-13 13:03:01,139 [ForkJoinPool.commonPool-worker-0] INFO  impl.RaftServerImpl (ServerState.java:close(387)) - 90f8c6ad-89d1-4dd8-98a8-ca579bb4c57a@group-7E5EA1404CE1: closes. applyIndex: 5
2019-11-13 13:03:01,140 [90f8c6ad-89d1-4dd8-98a8-ca579bb4c57a@group-7E5EA1404CE1-SegmentedRaftLogWorker] INFO  segmented.SegmentedRaftLogWorker (SegmentedRaftLogWorker.java:run(316)) - 90f8c6ad-89d1-4dd8-98a8-ca579bb4c57a@group-7E5EA1404CE1-SegmentedRaftLogWorker was interrupted, exiting. There are 0 tasks remaining in the queue.
2019-11-13 13:03:01,140 [ForkJoinPool.commonPool-worker-0] INFO  segmented.SegmentedRaftLogWorker (SegmentedRaftLogWorker.java:close(224)) - 90f8c6ad-89d1-4dd8-98a8-ca579bb4c57a@group-7E5EA1404CE1-SegmentedRaftLogWorker close()
2019-11-13 13:03:01,140 [ForkJoinPool.commonPool-worker-0] INFO  impl.RaftServerImpl (RaftServerImpl.java:lambda$shutdown$3(250)) - 90f8c6ad-89d1-4dd8-98a8-ca579bb4c57a@group-0C75C6098350: shutdown
2019-11-13 13:03:01,141 [ForkJoinPool.commonPool-worker-0] INFO  util.JmxRegister (JmxRegister.java:unregister(73)) - Successfully un-registered JMX Bean with object name Ratis:service=RaftServer,group=group-0C75C6098350,id=90f8c6ad-89d1-4dd8-98a8-ca579bb4c57a
2019-11-13 13:03:01,141 [ForkJoinPool.commonPool-worker-0] INFO  impl.RoleInfo (RoleInfo.java:shutdownLeaderState(104)) - 90f8c6ad-89d1-4dd8-98a8-ca579bb4c57a: shutdown LeaderState
2019-11-13 13:03:01,141 [ForkJoinPool.commonPool-worker-0] INFO  impl.PendingRequests (PendingRequests.java:sendNotLeaderResponses(206)) - 90f8c6ad-89d1-4dd8-98a8-ca579bb4c57a@group-0C75C6098350-PendingRequests: sendNotLeaderResponses
2019-11-13 13:03:01,141 [ForkJoinPool.commonPool-worker-0] INFO  impl.StateMachineUpdater (StateMachineUpdater.java:stopAndJoin(136)) - 90f8c6ad-89d1-4dd8-98a8-ca579bb4c57a@group-0C75C6098350-StateMachineUpdater: set stopIndex = 0
2019-11-13 13:03:01,142 [ForkJoinPool.commonPool-worker-0] INFO  impl.RaftServerImpl (ServerState.java:close(387)) - 90f8c6ad-89d1-4dd8-98a8-ca579bb4c57a@group-0C75C6098350: closes. applyIndex: 0
2019-11-13 13:03:01,142 [90f8c6ad-89d1-4dd8-98a8-ca579bb4c57a@group-0C75C6098350-SegmentedRaftLogWorker] INFO  segmented.SegmentedRaftLogWorker (SegmentedRaftLogWorker.java:run(316)) - 90f8c6ad-89d1-4dd8-98a8-ca579bb4c57a@group-0C75C6098350-SegmentedRaftLogWorker was interrupted, exiting. There are 0 tasks remaining in the queue.
2019-11-13 13:03:01,147 [ForkJoinPool.commonPool-worker-0] INFO  segmented.SegmentedRaftLogWorker (SegmentedRaftLogWorker.java:close(224)) - 90f8c6ad-89d1-4dd8-98a8-ca579bb4c57a@group-0C75C6098350-SegmentedRaftLogWorker close()
2019-11-13 13:03:01,147 [ForkJoinPool.commonPool-worker-0] INFO  server.GrpcService (GrpcService.java:closeImpl(164)) - 90f8c6ad-89d1-4dd8-98a8-ca579bb4c57a: shutdown server with port 39136 now
2019-11-13 13:03:01,148 [ForkJoinPool.commonPool-worker-0] INFO  server.GrpcService (GrpcService.java:closeImpl(172)) - 90f8c6ad-89d1-4dd8-98a8-ca579bb4c57a: shutdown server with port 39136 successfully
2019-11-13 13:03:01,150 [refreshUsed-/workdir/hadoop-ozone/integration-test/target/test-dir/MiniOzoneClusterImpl-90e8aeb1-2975-47c6-9bba-faf27de7fb8c/datanode-0/data/containers] WARN  fs.CachingGetSpaceUsed (CachingGetSpaceUsed.java:run(183)) - Thread Interrupted waiting to refresh disk information: sleep interrupted
2019-11-13 13:03:01,168 [ForkJoinPool.commonPool-worker-0] INFO  utils.BackgroundService (BackgroundService.java:shutdown(151)) - Shutting down service BlockDeletingService
2019-11-13 13:03:01,171 [ForkJoinPool.commonPool-worker-0] INFO  statemachine.DatanodeStateMachine (DatanodeStateMachine.java:stopDaemon(395)) - Ozone container server stopped.
2019-11-13 13:03:01,473 [grpc-default-executor-2] WARN  server.GrpcLogAppender (LogUtils.java:warn(134)) - 3d7387af-ecb5-4c7d-b20b-5fe48849adda@group-E165AE56C698->1a33519a-3def-4d79-b3e5-c4d8286dc86e-AppendLogResponseHandler: Failed appendEntries: org.apache.ratis.thirdparty.io.grpc.StatusRuntimeException: UNAVAILABLE: io exception
2019-11-13 13:03:01,473 [grpc-default-executor-2] INFO  impl.FollowerInfo (FollowerInfo.java:lambda$new$0(51)) - 3d7387af-ecb5-4c7d-b20b-5fe48849adda@group-E165AE56C698->1a33519a-3def-4d79-b3e5-c4d8286dc86e: nextIndex: updateUnconditionally 0 -> 0
2019-11-13 13:03:01,485 [grpc-default-executor-11] WARN  server.GrpcLogAppender (LogUtils.java:warn(134)) - 3d7387af-ecb5-4c7d-b20b-5fe48849adda@group-E165AE56C698->318b4bc4-2a6a-4055-b801-3341d5814353-AppendLogResponseHandler: Failed appendEntries: org.apache.ratis.thirdparty.io.grpc.StatusRuntimeException: UNAVAILABLE: io exception
2019-11-13 13:03:01,485 [grpc-default-executor-11] INFO  impl.FollowerInfo (FollowerInfo.java:lambda$new$0(51)) - 3d7387af-ecb5-4c7d-b20b-5fe48849adda@group-E165AE56C698->318b4bc4-2a6a-4055-b801-3341d5814353: nextIndex: updateUnconditionally 0 -> 0
2019-11-13 13:03:01,957 [main] INFO  handler.ContextHandler (ContextHandler.java:doStop(910)) - Stopped o.e.j.w.WebAppContext@5c82031b{/,null,UNAVAILABLE}{/hddsDatanode}
2019-11-13 13:03:01,958 [main] INFO  server.AbstractConnector (AbstractConnector.java:doStop(318)) - Stopped ServerConnector@274fdea6{HTTP/1.1,[http/1.1]}{0.0.0.0:0}
2019-11-13 13:03:01,958 [main] INFO  handler.ContextHandler (ContextHandler.java:doStop(910)) - Stopped o.e.j.s.ServletContextHandler@410fc508{/static,jar:file:/home/user/.m2/repository/org/apache/hadoop/hadoop-hdds-container-service/0.5.0-SNAPSHOT/hadoop-hdds-container-service-0.5.0-SNAPSHOT.jar!/webapps/static,UNAVAILABLE}
2019-11-13 13:03:01,958 [main] INFO  handler.ContextHandler (ContextHandler.java:doStop(910)) - Stopped o.e.j.s.ServletContextHandler@a316f6b{/logs,file:///workdir/hadoop-ozone/integration-test/target/log,UNAVAILABLE}
2019-11-13 13:03:01,958 [ForkJoinPool.commonPool-worker-0] INFO  handler.ContextHandler (ContextHandler.java:doStop(910)) - Stopped o.e.j.w.WebAppContext@ceb7701{/,null,UNAVAILABLE}{/hddsDatanode}
2019-11-13 13:03:01,960 [ForkJoinPool.commonPool-worker-0] INFO  server.AbstractConnector (AbstractConnector.java:doStop(318)) - Stopped ServerConnector@5e193ef5{HTTP/1.1,[http/1.1]}{0.0.0.0:0}
2019-11-13 13:03:01,961 [ForkJoinPool.commonPool-worker-0] INFO  handler.ContextHandler (ContextHandler.java:doStop(910)) - Stopped o.e.j.s.ServletContextHandler@203e705e{/static,jar:file:/home/user/.m2/repository/org/apache/hadoop/hadoop-hdds-container-service/0.5.0-SNAPSHOT/hadoop-hdds-container-service-0.5.0-SNAPSHOT.jar!/webapps/static,UNAVAILABLE}
2019-11-13 13:03:01,963 [ForkJoinPool.commonPool-worker-0] INFO  handler.ContextHandler (ContextHandler.java:doStop(910)) - Stopped o.e.j.s.ServletContextHandler@42a0786f{/logs,file:///workdir/hadoop-ozone/integration-test/target/log,UNAVAILABLE}
2019-11-13 13:03:01,973 [grpc-default-executor-2] WARN  server.GrpcLogAppender (LogUtils.java:warn(134)) - 3d7387af-ecb5-4c7d-b20b-5fe48849adda@group-E165AE56C698->1a33519a-3def-4d79-b3e5-c4d8286dc86e-AppendLogResponseHandler: Failed appendEntries: org.apache.ratis.thirdparty.io.grpc.StatusRuntimeException: UNAVAILABLE: io exception
2019-11-13 13:03:01,973 [grpc-default-executor-2] INFO  impl.FollowerInfo (FollowerInfo.java:lambda$new$0(51)) - 3d7387af-ecb5-4c7d-b20b-5fe48849adda@group-E165AE56C698->1a33519a-3def-4d79-b3e5-c4d8286dc86e: nextIndex: updateUnconditionally 0 -> 0
2019-11-13 13:03:01,985 [grpc-default-executor-11] WARN  server.GrpcLogAppender (LogUtils.java:warn(134)) - 3d7387af-ecb5-4c7d-b20b-5fe48849adda@group-E165AE56C698->318b4bc4-2a6a-4055-b801-3341d5814353-AppendLogResponseHandler: Failed appendEntries: org.apache.ratis.thirdparty.io.grpc.StatusRuntimeException: UNAVAILABLE: io exception
2019-11-13 13:03:01,985 [grpc-default-executor-11] INFO  impl.FollowerInfo (FollowerInfo.java:lambda$new$0(51)) - 3d7387af-ecb5-4c7d-b20b-5fe48849adda@group-E165AE56C698->318b4bc4-2a6a-4055-b801-3341d5814353: nextIndex: updateUnconditionally 0 -> 0
2019-11-13 13:03:02,094 [Datanode State Machine Thread - 0] INFO  statemachine.DatanodeStateMachine (DatanodeStateMachine.java:lambda$startDaemon$0(350)) - Ozone container server started.
2019-11-13 13:03:02,432 [Thread-4510] INFO  impl.FollowerState (FollowerState.java:run(111)) - ccb58d27-4340-4f56-86e1-f88286cea239@group-7E5EA1404CE1-FollowerState: change to CANDIDATE, lastRpcTime:1556ms, electionTimeout:1048ms
2019-11-13 13:03:02,432 [Thread-4510] INFO  impl.RoleInfo (RoleInfo.java:shutdownFollowerState(121)) - ccb58d27-4340-4f56-86e1-f88286cea239: shutdown FollowerState
2019-11-13 13:03:02,432 [Thread-4510] INFO  impl.RaftServerImpl (RaftServerImpl.java:setRole(173)) - ccb58d27-4340-4f56-86e1-f88286cea239@group-7E5EA1404CE1: changes role from  FOLLOWER to CANDIDATE at term 2 for changeToCandidate
2019-11-13 13:03:02,433 [Thread-4510] INFO  impl.RoleInfo (RoleInfo.java:updateAndGet(143)) - ccb58d27-4340-4f56-86e1-f88286cea239: start LeaderElection
2019-11-13 13:03:02,433 [ccb58d27-4340-4f56-86e1-f88286cea239@group-7E5EA1404CE1-LeaderElection253] INFO  impl.RaftServerImpl (ServerState.java:setLeader(255)) - ccb58d27-4340-4f56-86e1-f88286cea239@group-7E5EA1404CE1: change Leader from 90f8c6ad-89d1-4dd8-98a8-ca579bb4c57a to null at term 2 for initElection
2019-11-13 13:03:02,448 [Datanode State Machine Thread - 0] INFO  statemachine.DatanodeStateMachine (DatanodeStateMachine.java:lambda$startDaemon$0(350)) - Ozone container server started.
2019-11-13 13:03:02,467 [ccb58d27-4340-4f56-86e1-f88286cea239@group-7E5EA1404CE1-LeaderElection253] INFO  impl.LeaderElection (LeaderElection.java:askForVotes(178)) - ccb58d27-4340-4f56-86e1-f88286cea239@group-7E5EA1404CE1-LeaderElection253: begin an election at term 3 for 4: [9bca8fcc-ea98-4ec4-92ce-7a037de40a27:192.168.157.200:33211, ccb58d27-4340-4f56-86e1-f88286cea239:192.168.157.200:36584, 90f8c6ad-89d1-4dd8-98a8-ca579bb4c57a:192.168.157.200:39136], old=null
2019-11-13 13:03:02,469 [ccb58d27-4340-4f56-86e1-f88286cea239@group-7E5EA1404CE1-LeaderElection253] INFO  impl.LeaderElection (LogUtils.java:infoOrTrace(149)) - ccb58d27-4340-4f56-86e1-f88286cea239@group-7E5EA1404CE1-LeaderElection253 got exception when requesting votes: {}
java.util.concurrent.ExecutionException: org.apache.ratis.thirdparty.io.grpc.StatusRuntimeException: UNAVAILABLE: io exception
	at java.util.concurrent.FutureTask.report(FutureTask.java:122)
	at java.util.concurrent.FutureTask.get(FutureTask.java:192)
	at org.apache.ratis.server.impl.LeaderElection.waitForResults(LeaderElection.java:259)
	at org.apache.ratis.server.impl.LeaderElection.askForVotes(LeaderElection.java:197)
	at org.apache.ratis.server.impl.LeaderElection.run(LeaderElection.java:133)
	at java.lang.Thread.run(Thread.java:748)
Caused by: org.apache.ratis.thirdparty.io.grpc.StatusRuntimeException: UNAVAILABLE: io exception
	at org.apache.ratis.thirdparty.io.grpc.stub.ClientCalls.toStatusRuntimeException(ClientCalls.java:233)
	at org.apache.ratis.thirdparty.io.grpc.stub.ClientCalls.getUnchecked(ClientCalls.java:214)
	at org.apache.ratis.thirdparty.io.grpc.stub.ClientCalls.blockingUnaryCall(ClientCalls.java:139)
	at org.apache.ratis.proto.grpc.RaftServerProtocolServiceGrpc$RaftServerProtocolServiceBlockingStub.requestVote(RaftServerProtocolServiceGrpc.java:265)
	at org.apache.ratis.grpc.server.GrpcServerProtocolClient.requestVote(GrpcServerProtocolClient.java:99)
	at org.apache.ratis.grpc.server.GrpcService.requestVote(GrpcService.java:204)
	at org.apache.ratis.server.impl.LeaderElection.lambda$submitRequests$1(LeaderElection.java:234)
	at java.util.concurrent.FutureTask.run(FutureTask.java:266)
	at java.util.concurrent.Executors$RunnableAdapter.call(Executors.java:511)
	at java.util.concurrent.FutureTask.run(FutureTask.java:266)
	at java.util.concurrent.ThreadPoolExecutor.runWorker(ThreadPoolExecutor.java:1149)
	at java.util.concurrent.ThreadPoolExecutor$Worker.run(ThreadPoolExecutor.java:624)
	... 1 more
Caused by: org.apache.ratis.thirdparty.io.netty.channel.AbstractChannel$AnnotatedConnectException: Connection refused: /192.168.157.200:33211
	at sun.nio.ch.SocketChannelImpl.checkConnect(Native Method)
	at sun.nio.ch.SocketChannelImpl.finishConnect(SocketChannelImpl.java:717)
	at org.apache.ratis.thirdparty.io.netty.channel.socket.nio.NioSocketChannel.doFinishConnect(NioSocketChannel.java:327)
	at org.apache.ratis.thirdparty.io.netty.channel.nio.AbstractNioChannel$AbstractNioUnsafe.finishConnect(AbstractNioChannel.java:340)
	at org.apache.ratis.thirdparty.io.netty.channel.nio.NioEventLoop.processSelectedKey(NioEventLoop.java:632)
	at org.apache.ratis.thirdparty.io.netty.channel.nio.NioEventLoop.processSelectedKeysOptimized(NioEventLoop.java:579)
	at org.apache.ratis.thirdparty.io.netty.channel.nio.NioEventLoop.processSelectedKeys(NioEventLoop.java:496)
	at org.apache.ratis.thirdparty.io.netty.channel.nio.NioEventLoop.run(NioEventLoop.java:458)
	at org.apache.ratis.thirdparty.io.netty.util.concurrent.SingleThreadEventExecutor$5.run(SingleThreadEventExecutor.java:897)
	at org.apache.ratis.thirdparty.io.netty.util.concurrent.FastThreadLocalRunnable.run(FastThreadLocalRunnable.java:30)
	... 1 more
Caused by: java.net.ConnectException: Connection refused
	... 11 more
2019-11-13 13:03:02,469 [ccb58d27-4340-4f56-86e1-f88286cea239@group-7E5EA1404CE1-LeaderElection253] INFO  impl.LeaderElection (LogUtils.java:infoOrTrace(149)) - ccb58d27-4340-4f56-86e1-f88286cea239@group-7E5EA1404CE1-LeaderElection253 got exception when requesting votes: {}
java.util.concurrent.ExecutionException: org.apache.ratis.thirdparty.io.grpc.StatusRuntimeException: UNAVAILABLE: io exception
	at java.util.concurrent.FutureTask.report(FutureTask.java:122)
	at java.util.concurrent.FutureTask.get(FutureTask.java:192)
	at org.apache.ratis.server.impl.LeaderElection.waitForResults(LeaderElection.java:259)
	at org.apache.ratis.server.impl.LeaderElection.askForVotes(LeaderElection.java:197)
	at org.apache.ratis.server.impl.LeaderElection.run(LeaderElection.java:133)
	at java.lang.Thread.run(Thread.java:748)
Caused by: org.apache.ratis.thirdparty.io.grpc.StatusRuntimeException: UNAVAILABLE: io exception
	at org.apache.ratis.thirdparty.io.grpc.stub.ClientCalls.toStatusRuntimeException(ClientCalls.java:233)
	at org.apache.ratis.thirdparty.io.grpc.stub.ClientCalls.getUnchecked(ClientCalls.java:214)
	at org.apache.ratis.thirdparty.io.grpc.stub.ClientCalls.blockingUnaryCall(ClientCalls.java:139)
	at org.apache.ratis.proto.grpc.RaftServerProtocolServiceGrpc$RaftServerProtocolServiceBlockingStub.requestVote(RaftServerProtocolServiceGrpc.java:265)
	at org.apache.ratis.grpc.server.GrpcServerProtocolClient.requestVote(GrpcServerProtocolClient.java:99)
	at org.apache.ratis.grpc.server.GrpcService.requestVote(GrpcService.java:204)
	at org.apache.ratis.server.impl.LeaderElection.lambda$submitRequests$1(LeaderElection.java:234)
	at java.util.concurrent.FutureTask.run(FutureTask.java:266)
	at java.util.concurrent.Executors$RunnableAdapter.call(Executors.java:511)
	at java.util.concurrent.FutureTask.run(FutureTask.java:266)
	at java.util.concurrent.ThreadPoolExecutor.runWorker(ThreadPoolExecutor.java:1149)
	at java.util.concurrent.ThreadPoolExecutor$Worker.run(ThreadPoolExecutor.java:624)
	... 1 more
Caused by: org.apache.ratis.thirdparty.io.netty.channel.AbstractChannel$AnnotatedConnectException: Connection refused: /192.168.157.200:39136
	at sun.nio.ch.SocketChannelImpl.checkConnect(Native Method)
	at sun.nio.ch.SocketChannelImpl.finishConnect(SocketChannelImpl.java:717)
	at org.apache.ratis.thirdparty.io.netty.channel.socket.nio.NioSocketChannel.doFinishConnect(NioSocketChannel.java:327)
	at org.apache.ratis.thirdparty.io.netty.channel.nio.AbstractNioChannel$AbstractNioUnsafe.finishConnect(AbstractNioChannel.java:340)
	at org.apache.ratis.thirdparty.io.netty.channel.nio.NioEventLoop.processSelectedKey(NioEventLoop.java:632)
	at org.apache.ratis.thirdparty.io.netty.channel.nio.NioEventLoop.processSelectedKeysOptimized(NioEventLoop.java:579)
	at org.apache.ratis.thirdparty.io.netty.channel.nio.NioEventLoop.processSelectedKeys(NioEventLoop.java:496)
	at org.apache.ratis.thirdparty.io.netty.channel.nio.NioEventLoop.run(NioEventLoop.java:458)
	at org.apache.ratis.thirdparty.io.netty.util.concurrent.SingleThreadEventExecutor$5.run(SingleThreadEventExecutor.java:897)
	at org.apache.ratis.thirdparty.io.netty.util.concurrent.FastThreadLocalRunnable.run(FastThreadLocalRunnable.java:30)
	... 1 more
Caused by: java.net.ConnectException: Connection refused
	... 11 more
2019-11-13 13:03:02,470 [ccb58d27-4340-4f56-86e1-f88286cea239@group-7E5EA1404CE1-LeaderElection253] INFO  impl.LeaderElection (LeaderElection.java:logAndReturn(56)) - ccb58d27-4340-4f56-86e1-f88286cea239@group-7E5EA1404CE1-LeaderElection253: Election REJECTED; received 0 response(s) [] and 2 exception(s); ccb58d27-4340-4f56-86e1-f88286cea239@group-7E5EA1404CE1:t3, leader=null, voted=ccb58d27-4340-4f56-86e1-f88286cea239, raftlog=ccb58d27-4340-4f56-86e1-f88286cea239@group-7E5EA1404CE1-SegmentedRaftLog:OPENED:c5,f5,i5, conf=4: [9bca8fcc-ea98-4ec4-92ce-7a037de40a27:192.168.157.200:33211, ccb58d27-4340-4f56-86e1-f88286cea239:192.168.157.200:36584, 90f8c6ad-89d1-4dd8-98a8-ca579bb4c57a:192.168.157.200:39136], old=null
2019-11-13 13:03:02,470 [ccb58d27-4340-4f56-86e1-f88286cea239@group-7E5EA1404CE1-LeaderElection253] INFO  impl.LeaderElection (LogUtils.java:infoOrTrace(149)) -   Exception 0: {}
java.util.concurrent.ExecutionException: org.apache.ratis.thirdparty.io.grpc.StatusRuntimeException: UNAVAILABLE: io exception
	at java.util.concurrent.FutureTask.report(FutureTask.java:122)
	at java.util.concurrent.FutureTask.get(FutureTask.java:192)
	at org.apache.ratis.server.impl.LeaderElection.waitForResults(LeaderElection.java:259)
	at org.apache.ratis.server.impl.LeaderElection.askForVotes(LeaderElection.java:197)
	at org.apache.ratis.server.impl.LeaderElection.run(LeaderElection.java:133)
	at java.lang.Thread.run(Thread.java:748)
Caused by: org.apache.ratis.thirdparty.io.grpc.StatusRuntimeException: UNAVAILABLE: io exception
	at org.apache.ratis.thirdparty.io.grpc.stub.ClientCalls.toStatusRuntimeException(ClientCalls.java:233)
	at org.apache.ratis.thirdparty.io.grpc.stub.ClientCalls.getUnchecked(ClientCalls.java:214)
	at org.apache.ratis.thirdparty.io.grpc.stub.ClientCalls.blockingUnaryCall(ClientCalls.java:139)
	at org.apache.ratis.proto.grpc.RaftServerProtocolServiceGrpc$RaftServerProtocolServiceBlockingStub.requestVote(RaftServerProtocolServiceGrpc.java:265)
	at org.apache.ratis.grpc.server.GrpcServerProtocolClient.requestVote(GrpcServerProtocolClient.java:99)
	at org.apache.ratis.grpc.server.GrpcService.requestVote(GrpcService.java:204)
	at org.apache.ratis.server.impl.LeaderElection.lambda$submitRequests$1(LeaderElection.java:234)
	at java.util.concurrent.FutureTask.run(FutureTask.java:266)
	at java.util.concurrent.Executors$RunnableAdapter.call(Executors.java:511)
	at java.util.concurrent.FutureTask.run(FutureTask.java:266)
	at java.util.concurrent.ThreadPoolExecutor.runWorker(ThreadPoolExecutor.java:1149)
	at java.util.concurrent.ThreadPoolExecutor$Worker.run(ThreadPoolExecutor.java:624)
	... 1 more
Caused by: org.apache.ratis.thirdparty.io.netty.channel.AbstractChannel$AnnotatedConnectException: Connection refused: /192.168.157.200:33211
	at sun.nio.ch.SocketChannelImpl.checkConnect(Native Method)
	at sun.nio.ch.SocketChannelImpl.finishConnect(SocketChannelImpl.java:717)
	at org.apache.ratis.thirdparty.io.netty.channel.socket.nio.NioSocketChannel.doFinishConnect(NioSocketChannel.java:327)
	at org.apache.ratis.thirdparty.io.netty.channel.nio.AbstractNioChannel$AbstractNioUnsafe.finishConnect(AbstractNioChannel.java:340)
	at org.apache.ratis.thirdparty.io.netty.channel.nio.NioEventLoop.processSelectedKey(NioEventLoop.java:632)
	at org.apache.ratis.thirdparty.io.netty.channel.nio.NioEventLoop.processSelectedKeysOptimized(NioEventLoop.java:579)
	at org.apache.ratis.thirdparty.io.netty.channel.nio.NioEventLoop.processSelectedKeys(NioEventLoop.java:496)
	at org.apache.ratis.thirdparty.io.netty.channel.nio.NioEventLoop.run(NioEventLoop.java:458)
	at org.apache.ratis.thirdparty.io.netty.util.concurrent.SingleThreadEventExecutor$5.run(SingleThreadEventExecutor.java:897)
	at org.apache.ratis.thirdparty.io.netty.util.concurrent.FastThreadLocalRunnable.run(FastThreadLocalRunnable.java:30)
	... 1 more
Caused by: java.net.ConnectException: Connection refused
	... 11 more
2019-11-13 13:03:02,470 [ccb58d27-4340-4f56-86e1-f88286cea239@group-7E5EA1404CE1-LeaderElection253] INFO  impl.LeaderElection (LogUtils.java:infoOrTrace(149)) -   Exception 1: {}
java.util.concurrent.ExecutionException: org.apache.ratis.thirdparty.io.grpc.StatusRuntimeException: UNAVAILABLE: io exception
	at java.util.concurrent.FutureTask.report(FutureTask.java:122)
	at java.util.concurrent.FutureTask.get(FutureTask.java:192)
	at org.apache.ratis.server.impl.LeaderElection.waitForResults(LeaderElection.java:259)
	at org.apache.ratis.server.impl.LeaderElection.askForVotes(LeaderElection.java:197)
	at org.apache.ratis.server.impl.LeaderElection.run(LeaderElection.java:133)
	at java.lang.Thread.run(Thread.java:748)
Caused by: org.apache.ratis.thirdparty.io.grpc.StatusRuntimeException: UNAVAILABLE: io exception
	at org.apache.ratis.thirdparty.io.grpc.stub.ClientCalls.toStatusRuntimeException(ClientCalls.java:233)
	at org.apache.ratis.thirdparty.io.grpc.stub.ClientCalls.getUnchecked(ClientCalls.java:214)
	at org.apache.ratis.thirdparty.io.grpc.stub.ClientCalls.blockingUnaryCall(ClientCalls.java:139)
	at org.apache.ratis.proto.grpc.RaftServerProtocolServiceGrpc$RaftServerProtocolServiceBlockingStub.requestVote(RaftServerProtocolServiceGrpc.java:265)
	at org.apache.ratis.grpc.server.GrpcServerProtocolClient.requestVote(GrpcServerProtocolClient.java:99)
	at org.apache.ratis.grpc.server.GrpcService.requestVote(GrpcService.java:204)
	at org.apache.ratis.server.impl.LeaderElection.lambda$submitRequests$1(LeaderElection.java:234)
	at java.util.concurrent.FutureTask.run(FutureTask.java:266)
	at java.util.concurrent.Executors$RunnableAdapter.call(Executors.java:511)
	at java.util.concurrent.FutureTask.run(FutureTask.java:266)
	at java.util.concurrent.ThreadPoolExecutor.runWorker(ThreadPoolExecutor.java:1149)
	at java.util.concurrent.ThreadPoolExecutor$Worker.run(ThreadPoolExecutor.java:624)
	... 1 more
Caused by: org.apache.ratis.thirdparty.io.netty.channel.AbstractChannel$AnnotatedConnectException: Connection refused: /192.168.157.200:39136
	at sun.nio.ch.SocketChannelImpl.checkConnect(Native Method)
	at sun.nio.ch.SocketChannelImpl.finishConnect(SocketChannelImpl.java:717)
	at org.apache.ratis.thirdparty.io.netty.channel.socket.nio.NioSocketChannel.doFinishConnect(NioSocketChannel.java:327)
	at org.apache.ratis.thirdparty.io.netty.channel.nio.AbstractNioChannel$AbstractNioUnsafe.finishConnect(AbstractNioChannel.java:340)
	at org.apache.ratis.thirdparty.io.netty.channel.nio.NioEventLoop.processSelectedKey(NioEventLoop.java:632)
	at org.apache.ratis.thirdparty.io.netty.channel.nio.NioEventLoop.processSelectedKeysOptimized(NioEventLoop.java:579)
	at org.apache.ratis.thirdparty.io.netty.channel.nio.NioEventLoop.processSelectedKeys(NioEventLoop.java:496)
	at org.apache.ratis.thirdparty.io.netty.channel.nio.NioEventLoop.run(NioEventLoop.java:458)
	at org.apache.ratis.thirdparty.io.netty.util.concurrent.SingleThreadEventExecutor$5.run(SingleThreadEventExecutor.java:897)
	at org.apache.ratis.thirdparty.io.netty.util.concurrent.FastThreadLocalRunnable.run(FastThreadLocalRunnable.java:30)
	... 1 more
Caused by: java.net.ConnectException: Connection refused
	... 11 more
2019-11-13 13:03:02,470 [ccb58d27-4340-4f56-86e1-f88286cea239@group-7E5EA1404CE1-LeaderElection253] INFO  impl.RaftServerImpl (RaftServerImpl.java:setRole(173)) - ccb58d27-4340-4f56-86e1-f88286cea239@group-7E5EA1404CE1: changes role from CANDIDATE to FOLLOWER at term 3 for DISCOVERED_A_NEW_TERM
2019-11-13 13:03:02,470 [ccb58d27-4340-4f56-86e1-f88286cea239@group-7E5EA1404CE1-LeaderElection253] INFO  impl.RoleInfo (RoleInfo.java:shutdownLeaderElection(134)) - ccb58d27-4340-4f56-86e1-f88286cea239: shutdown LeaderElection
2019-11-13 13:03:02,470 [ccb58d27-4340-4f56-86e1-f88286cea239@group-7E5EA1404CE1-LeaderElection253] INFO  impl.RoleInfo (RoleInfo.java:updateAndGet(143)) - ccb58d27-4340-4f56-86e1-f88286cea239: start FollowerState
2019-11-13 13:03:02,473 [grpc-default-executor-5] WARN  server.GrpcLogAppender (LogUtils.java:warn(134)) - 3d7387af-ecb5-4c7d-b20b-5fe48849adda@group-E165AE56C698->1a33519a-3def-4d79-b3e5-c4d8286dc86e-AppendLogResponseHandler: Failed appendEntries: org.apache.ratis.thirdparty.io.grpc.StatusRuntimeException: UNAVAILABLE: io exception
2019-11-13 13:03:02,473 [grpc-default-executor-5] INFO  impl.FollowerInfo (FollowerInfo.java:lambda$new$0(51)) - 3d7387af-ecb5-4c7d-b20b-5fe48849adda@group-E165AE56C698->1a33519a-3def-4d79-b3e5-c4d8286dc86e: nextIndex: updateUnconditionally 0 -> 0
2019-11-13 13:03:02,485 [grpc-default-executor-11] WARN  server.GrpcLogAppender (LogUtils.java:warn(134)) - 3d7387af-ecb5-4c7d-b20b-5fe48849adda@group-E165AE56C698->318b4bc4-2a6a-4055-b801-3341d5814353-AppendLogResponseHandler: Failed appendEntries: org.apache.ratis.thirdparty.io.grpc.StatusRuntimeException: UNAVAILABLE: io exception
2019-11-13 13:03:02,485 [grpc-default-executor-11] INFO  impl.FollowerInfo (FollowerInfo.java:lambda$new$0(51)) - 3d7387af-ecb5-4c7d-b20b-5fe48849adda@group-E165AE56C698->318b4bc4-2a6a-4055-b801-3341d5814353: nextIndex: updateUnconditionally 0 -> 0
2019-11-13 13:03:02,974 [grpc-default-executor-11] WARN  server.GrpcLogAppender (LogUtils.java:warn(134)) - 3d7387af-ecb5-4c7d-b20b-5fe48849adda@group-E165AE56C698->1a33519a-3def-4d79-b3e5-c4d8286dc86e-AppendLogResponseHandler: Failed appendEntries: org.apache.ratis.thirdparty.io.grpc.StatusRuntimeException: UNAVAILABLE: io exception
2019-11-13 13:03:02,974 [grpc-default-executor-11] INFO  impl.FollowerInfo (FollowerInfo.java:lambda$new$0(51)) - 3d7387af-ecb5-4c7d-b20b-5fe48849adda@group-E165AE56C698->1a33519a-3def-4d79-b3e5-c4d8286dc86e: nextIndex: updateUnconditionally 0 -> 0
2019-11-13 13:03:02,985 [grpc-default-executor-2] WARN  server.GrpcLogAppender (LogUtils.java:warn(134)) - 3d7387af-ecb5-4c7d-b20b-5fe48849adda@group-E165AE56C698->318b4bc4-2a6a-4055-b801-3341d5814353-AppendLogResponseHandler: Failed appendEntries: org.apache.ratis.thirdparty.io.grpc.StatusRuntimeException: UNAVAILABLE: io exception
2019-11-13 13:03:02,986 [grpc-default-executor-2] INFO  impl.FollowerInfo (FollowerInfo.java:lambda$new$0(51)) - 3d7387af-ecb5-4c7d-b20b-5fe48849adda@group-E165AE56C698->318b4bc4-2a6a-4055-b801-3341d5814353: nextIndex: updateUnconditionally 0 -> 0
2019-11-13 13:03:03,476 [grpc-default-executor-2] WARN  server.GrpcLogAppender (LogUtils.java:warn(134)) - 3d7387af-ecb5-4c7d-b20b-5fe48849adda@group-E165AE56C698->1a33519a-3def-4d79-b3e5-c4d8286dc86e-AppendLogResponseHandler: Failed appendEntries: org.apache.ratis.thirdparty.io.grpc.StatusRuntimeException: UNAVAILABLE: io exception
2019-11-13 13:03:03,477 [grpc-default-executor-2] INFO  impl.FollowerInfo (FollowerInfo.java:lambda$new$0(51)) - 3d7387af-ecb5-4c7d-b20b-5fe48849adda@group-E165AE56C698->1a33519a-3def-4d79-b3e5-c4d8286dc86e: nextIndex: updateUnconditionally 0 -> 0
2019-11-13 13:03:03,486 [grpc-default-executor-5] WARN  server.GrpcLogAppender (LogUtils.java:warn(134)) - 3d7387af-ecb5-4c7d-b20b-5fe48849adda@group-E165AE56C698->318b4bc4-2a6a-4055-b801-3341d5814353-AppendLogResponseHandler: Failed appendEntries: org.apache.ratis.thirdparty.io.grpc.StatusRuntimeException: UNAVAILABLE: io exception
2019-11-13 13:03:03,487 [grpc-default-executor-5] INFO  impl.FollowerInfo (FollowerInfo.java:lambda$new$0(51)) - 3d7387af-ecb5-4c7d-b20b-5fe48849adda@group-E165AE56C698->318b4bc4-2a6a-4055-b801-3341d5814353: nextIndex: updateUnconditionally 0 -> 0
2019-11-13 13:03:03,585 [Thread-4582] INFO  impl.FollowerState (FollowerState.java:run(111)) - ccb58d27-4340-4f56-86e1-f88286cea239@group-7E5EA1404CE1-FollowerState: change to CANDIDATE, lastRpcTime:1114ms, electionTimeout:1114ms
2019-11-13 13:03:03,585 [Thread-4582] INFO  impl.RoleInfo (RoleInfo.java:shutdownFollowerState(121)) - ccb58d27-4340-4f56-86e1-f88286cea239: shutdown FollowerState
2019-11-13 13:03:03,585 [Thread-4582] INFO  impl.RaftServerImpl (RaftServerImpl.java:setRole(173)) - ccb58d27-4340-4f56-86e1-f88286cea239@group-7E5EA1404CE1: changes role from  FOLLOWER to CANDIDATE at term 3 for changeToCandidate
2019-11-13 13:03:03,585 [Thread-4582] INFO  impl.RoleInfo (RoleInfo.java:updateAndGet(143)) - ccb58d27-4340-4f56-86e1-f88286cea239: start LeaderElection
2019-11-13 13:03:03,647 [ccb58d27-4340-4f56-86e1-f88286cea239@group-7E5EA1404CE1-LeaderElection254] INFO  impl.LeaderElection (LeaderElection.java:askForVotes(178)) - ccb58d27-4340-4f56-86e1-f88286cea239@group-7E5EA1404CE1-LeaderElection254: begin an election at term 4 for 4: [9bca8fcc-ea98-4ec4-92ce-7a037de40a27:192.168.157.200:33211, ccb58d27-4340-4f56-86e1-f88286cea239:192.168.157.200:36584, 90f8c6ad-89d1-4dd8-98a8-ca579bb4c57a:192.168.157.200:39136], old=null
2019-11-13 13:03:03,648 [ccb58d27-4340-4f56-86e1-f88286cea239@group-7E5EA1404CE1-LeaderElection254] INFO  impl.LeaderElection (LogUtils.java:infoOrTrace(149)) - ccb58d27-4340-4f56-86e1-f88286cea239@group-7E5EA1404CE1-LeaderElection254 got exception when requesting votes: {}
java.util.concurrent.ExecutionException: org.apache.ratis.thirdparty.io.grpc.StatusRuntimeException: UNAVAILABLE: io exception
	at java.util.concurrent.FutureTask.report(FutureTask.java:122)
	at java.util.concurrent.FutureTask.get(FutureTask.java:192)
	at org.apache.ratis.server.impl.LeaderElection.waitForResults(LeaderElection.java:259)
	at org.apache.ratis.server.impl.LeaderElection.askForVotes(LeaderElection.java:197)
	at org.apache.ratis.server.impl.LeaderElection.run(LeaderElection.java:133)
	at java.lang.Thread.run(Thread.java:748)
Caused by: org.apache.ratis.thirdparty.io.grpc.StatusRuntimeException: UNAVAILABLE: io exception
	at org.apache.ratis.thirdparty.io.grpc.stub.ClientCalls.toStatusRuntimeException(ClientCalls.java:233)
	at org.apache.ratis.thirdparty.io.grpc.stub.ClientCalls.getUnchecked(ClientCalls.java:214)
	at org.apache.ratis.thirdparty.io.grpc.stub.ClientCalls.blockingUnaryCall(ClientCalls.java:139)
	at org.apache.ratis.proto.grpc.RaftServerProtocolServiceGrpc$RaftServerProtocolServiceBlockingStub.requestVote(RaftServerProtocolServiceGrpc.java:265)
	at org.apache.ratis.grpc.server.GrpcServerProtocolClient.requestVote(GrpcServerProtocolClient.java:99)
	at org.apache.ratis.grpc.server.GrpcService.requestVote(GrpcService.java:204)
	at org.apache.ratis.server.impl.LeaderElection.lambda$submitRequests$1(LeaderElection.java:234)
	at java.util.concurrent.FutureTask.run(FutureTask.java:266)
	at java.util.concurrent.Executors$RunnableAdapter.call(Executors.java:511)
	at java.util.concurrent.FutureTask.run(FutureTask.java:266)
	at java.util.concurrent.ThreadPoolExecutor.runWorker(ThreadPoolExecutor.java:1149)
	at java.util.concurrent.ThreadPoolExecutor$Worker.run(ThreadPoolExecutor.java:624)
	... 1 more
Caused by: org.apache.ratis.thirdparty.io.netty.channel.AbstractChannel$AnnotatedConnectException: Connection refused: /192.168.157.200:33211
	at sun.nio.ch.SocketChannelImpl.checkConnect(Native Method)
	at sun.nio.ch.SocketChannelImpl.finishConnect(SocketChannelImpl.java:717)
	at org.apache.ratis.thirdparty.io.netty.channel.socket.nio.NioSocketChannel.doFinishConnect(NioSocketChannel.java:327)
	at org.apache.ratis.thirdparty.io.netty.channel.nio.AbstractNioChannel$AbstractNioUnsafe.finishConnect(AbstractNioChannel.java:340)
	at org.apache.ratis.thirdparty.io.netty.channel.nio.NioEventLoop.processSelectedKey(NioEventLoop.java:632)
	at org.apache.ratis.thirdparty.io.netty.channel.nio.NioEventLoop.processSelectedKeysOptimized(NioEventLoop.java:579)
	at org.apache.ratis.thirdparty.io.netty.channel.nio.NioEventLoop.processSelectedKeys(NioEventLoop.java:496)
	at org.apache.ratis.thirdparty.io.netty.channel.nio.NioEventLoop.run(NioEventLoop.java:458)
	at org.apache.ratis.thirdparty.io.netty.util.concurrent.SingleThreadEventExecutor$5.run(SingleThreadEventExecutor.java:897)
	at org.apache.ratis.thirdparty.io.netty.util.concurrent.FastThreadLocalRunnable.run(FastThreadLocalRunnable.java:30)
	... 1 more
Caused by: java.net.ConnectException: Connection refused
	... 11 more
2019-11-13 13:03:03,648 [ccb58d27-4340-4f56-86e1-f88286cea239@group-7E5EA1404CE1-LeaderElection254] INFO  impl.LeaderElection (LogUtils.java:infoOrTrace(149)) - ccb58d27-4340-4f56-86e1-f88286cea239@group-7E5EA1404CE1-LeaderElection254 got exception when requesting votes: {}
java.util.concurrent.ExecutionException: org.apache.ratis.thirdparty.io.grpc.StatusRuntimeException: UNAVAILABLE: io exception
	at java.util.concurrent.FutureTask.report(FutureTask.java:122)
	at java.util.concurrent.FutureTask.get(FutureTask.java:192)
	at org.apache.ratis.server.impl.LeaderElection.waitForResults(LeaderElection.java:259)
	at org.apache.ratis.server.impl.LeaderElection.askForVotes(LeaderElection.java:197)
	at org.apache.ratis.server.impl.LeaderElection.run(LeaderElection.java:133)
	at java.lang.Thread.run(Thread.java:748)
Caused by: org.apache.ratis.thirdparty.io.grpc.StatusRuntimeException: UNAVAILABLE: io exception
	at org.apache.ratis.thirdparty.io.grpc.stub.ClientCalls.toStatusRuntimeException(ClientCalls.java:233)
	at org.apache.ratis.thirdparty.io.grpc.stub.ClientCalls.getUnchecked(ClientCalls.java:214)
	at org.apache.ratis.thirdparty.io.grpc.stub.ClientCalls.blockingUnaryCall(ClientCalls.java:139)
	at org.apache.ratis.proto.grpc.RaftServerProtocolServiceGrpc$RaftServerProtocolServiceBlockingStub.requestVote(RaftServerProtocolServiceGrpc.java:265)
	at org.apache.ratis.grpc.server.GrpcServerProtocolClient.requestVote(GrpcServerProtocolClient.java:99)
	at org.apache.ratis.grpc.server.GrpcService.requestVote(GrpcService.java:204)
	at org.apache.ratis.server.impl.LeaderElection.lambda$submitRequests$1(LeaderElection.java:234)
	at java.util.concurrent.FutureTask.run(FutureTask.java:266)
	at java.util.concurrent.Executors$RunnableAdapter.call(Executors.java:511)
	at java.util.concurrent.FutureTask.run(FutureTask.java:266)
	at java.util.concurrent.ThreadPoolExecutor.runWorker(ThreadPoolExecutor.java:1149)
	at java.util.concurrent.ThreadPoolExecutor$Worker.run(ThreadPoolExecutor.java:624)
	... 1 more
Caused by: org.apache.ratis.thirdparty.io.netty.channel.AbstractChannel$AnnotatedConnectException: Connection refused: /192.168.157.200:39136
	at sun.nio.ch.SocketChannelImpl.checkConnect(Native Method)
	at sun.nio.ch.SocketChannelImpl.finishConnect(SocketChannelImpl.java:717)
	at org.apache.ratis.thirdparty.io.netty.channel.socket.nio.NioSocketChannel.doFinishConnect(NioSocketChannel.java:327)
	at org.apache.ratis.thirdparty.io.netty.channel.nio.AbstractNioChannel$AbstractNioUnsafe.finishConnect(AbstractNioChannel.java:340)
	at org.apache.ratis.thirdparty.io.netty.channel.nio.NioEventLoop.processSelectedKey(NioEventLoop.java:632)
	at org.apache.ratis.thirdparty.io.netty.channel.nio.NioEventLoop.processSelectedKeysOptimized(NioEventLoop.java:579)
	at org.apache.ratis.thirdparty.io.netty.channel.nio.NioEventLoop.processSelectedKeys(NioEventLoop.java:496)
	at org.apache.ratis.thirdparty.io.netty.channel.nio.NioEventLoop.run(NioEventLoop.java:458)
	at org.apache.ratis.thirdparty.io.netty.util.concurrent.SingleThreadEventExecutor$5.run(SingleThreadEventExecutor.java:897)
	at org.apache.ratis.thirdparty.io.netty.util.concurrent.FastThreadLocalRunnable.run(FastThreadLocalRunnable.java:30)
	... 1 more
Caused by: java.net.ConnectException: Connection refused
	... 11 more
2019-11-13 13:03:03,649 [ccb58d27-4340-4f56-86e1-f88286cea239@group-7E5EA1404CE1-LeaderElection254] INFO  impl.LeaderElection (LeaderElection.java:logAndReturn(56)) - ccb58d27-4340-4f56-86e1-f88286cea239@group-7E5EA1404CE1-LeaderElection254: Election REJECTED; received 0 response(s) [] and 2 exception(s); ccb58d27-4340-4f56-86e1-f88286cea239@group-7E5EA1404CE1:t4, leader=null, voted=ccb58d27-4340-4f56-86e1-f88286cea239, raftlog=ccb58d27-4340-4f56-86e1-f88286cea239@group-7E5EA1404CE1-SegmentedRaftLog:OPENED:c5,f5,i5, conf=4: [9bca8fcc-ea98-4ec4-92ce-7a037de40a27:192.168.157.200:33211, ccb58d27-4340-4f56-86e1-f88286cea239:192.168.157.200:36584, 90f8c6ad-89d1-4dd8-98a8-ca579bb4c57a:192.168.157.200:39136], old=null
2019-11-13 13:03:03,649 [ccb58d27-4340-4f56-86e1-f88286cea239@group-7E5EA1404CE1-LeaderElection254] INFO  impl.LeaderElection (LogUtils.java:infoOrTrace(149)) -   Exception 0: {}
java.util.concurrent.ExecutionException: org.apache.ratis.thirdparty.io.grpc.StatusRuntimeException: UNAVAILABLE: io exception
	at java.util.concurrent.FutureTask.report(FutureTask.java:122)
	at java.util.concurrent.FutureTask.get(FutureTask.java:192)
	at org.apache.ratis.server.impl.LeaderElection.waitForResults(LeaderElection.java:259)
	at org.apache.ratis.server.impl.LeaderElection.askForVotes(LeaderElection.java:197)
	at org.apache.ratis.server.impl.LeaderElection.run(LeaderElection.java:133)
	at java.lang.Thread.run(Thread.java:748)
Caused by: org.apache.ratis.thirdparty.io.grpc.StatusRuntimeException: UNAVAILABLE: io exception
	at org.apache.ratis.thirdparty.io.grpc.stub.ClientCalls.toStatusRuntimeException(ClientCalls.java:233)
	at org.apache.ratis.thirdparty.io.grpc.stub.ClientCalls.getUnchecked(ClientCalls.java:214)
	at org.apache.ratis.thirdparty.io.grpc.stub.ClientCalls.blockingUnaryCall(ClientCalls.java:139)
	at org.apache.ratis.proto.grpc.RaftServerProtocolServiceGrpc$RaftServerProtocolServiceBlockingStub.requestVote(RaftServerProtocolServiceGrpc.java:265)
	at org.apache.ratis.grpc.server.GrpcServerProtocolClient.requestVote(GrpcServerProtocolClient.java:99)
	at org.apache.ratis.grpc.server.GrpcService.requestVote(GrpcService.java:204)
	at org.apache.ratis.server.impl.LeaderElection.lambda$submitRequests$1(LeaderElection.java:234)
	at java.util.concurrent.FutureTask.run(FutureTask.java:266)
	at java.util.concurrent.Executors$RunnableAdapter.call(Executors.java:511)
	at java.util.concurrent.FutureTask.run(FutureTask.java:266)
	at java.util.concurrent.ThreadPoolExecutor.runWorker(ThreadPoolExecutor.java:1149)
	at java.util.concurrent.ThreadPoolExecutor$Worker.run(ThreadPoolExecutor.java:624)
	... 1 more
Caused by: org.apache.ratis.thirdparty.io.netty.channel.AbstractChannel$AnnotatedConnectException: Connection refused: /192.168.157.200:33211
	at sun.nio.ch.SocketChannelImpl.checkConnect(Native Method)
	at sun.nio.ch.SocketChannelImpl.finishConnect(SocketChannelImpl.java:717)
	at org.apache.ratis.thirdparty.io.netty.channel.socket.nio.NioSocketChannel.doFinishConnect(NioSocketChannel.java:327)
	at org.apache.ratis.thirdparty.io.netty.channel.nio.AbstractNioChannel$AbstractNioUnsafe.finishConnect(AbstractNioChannel.java:340)
	at org.apache.ratis.thirdparty.io.netty.channel.nio.NioEventLoop.processSelectedKey(NioEventLoop.java:632)
	at org.apache.ratis.thirdparty.io.netty.channel.nio.NioEventLoop.processSelectedKeysOptimized(NioEventLoop.java:579)
	at org.apache.ratis.thirdparty.io.netty.channel.nio.NioEventLoop.processSelectedKeys(NioEventLoop.java:496)
	at org.apache.ratis.thirdparty.io.netty.channel.nio.NioEventLoop.run(NioEventLoop.java:458)
	at org.apache.ratis.thirdparty.io.netty.util.concurrent.SingleThreadEventExecutor$5.run(SingleThreadEventExecutor.java:897)
	at org.apache.ratis.thirdparty.io.netty.util.concurrent.FastThreadLocalRunnable.run(FastThreadLocalRunnable.java:30)
	... 1 more
Caused by: java.net.ConnectException: Connection refused
	... 11 more
2019-11-13 13:03:03,649 [ccb58d27-4340-4f56-86e1-f88286cea239@group-7E5EA1404CE1-LeaderElection254] INFO  impl.LeaderElection (LogUtils.java:infoOrTrace(149)) -   Exception 1: {}
java.util.concurrent.ExecutionException: org.apache.ratis.thirdparty.io.grpc.StatusRuntimeException: UNAVAILABLE: io exception
	at java.util.concurrent.FutureTask.report(FutureTask.java:122)
	at java.util.concurrent.FutureTask.get(FutureTask.java:192)
	at org.apache.ratis.server.impl.LeaderElection.waitForResults(LeaderElection.java:259)
	at org.apache.ratis.server.impl.LeaderElection.askForVotes(LeaderElection.java:197)
	at org.apache.ratis.server.impl.LeaderElection.run(LeaderElection.java:133)
	at java.lang.Thread.run(Thread.java:748)
Caused by: org.apache.ratis.thirdparty.io.grpc.StatusRuntimeException: UNAVAILABLE: io exception
	at org.apache.ratis.thirdparty.io.grpc.stub.ClientCalls.toStatusRuntimeException(ClientCalls.java:233)
	at org.apache.ratis.thirdparty.io.grpc.stub.ClientCalls.getUnchecked(ClientCalls.java:214)
	at org.apache.ratis.thirdparty.io.grpc.stub.ClientCalls.blockingUnaryCall(ClientCalls.java:139)
	at org.apache.ratis.proto.grpc.RaftServerProtocolServiceGrpc$RaftServerProtocolServiceBlockingStub.requestVote(RaftServerProtocolServiceGrpc.java:265)
	at org.apache.ratis.grpc.server.GrpcServerProtocolClient.requestVote(GrpcServerProtocolClient.java:99)
	at org.apache.ratis.grpc.server.GrpcService.requestVote(GrpcService.java:204)
	at org.apache.ratis.server.impl.LeaderElection.lambda$submitRequests$1(LeaderElection.java:234)
	at java.util.concurrent.FutureTask.run(FutureTask.java:266)
	at java.util.concurrent.Executors$RunnableAdapter.call(Executors.java:511)
	at java.util.concurrent.FutureTask.run(FutureTask.java:266)
	at java.util.concurrent.ThreadPoolExecutor.runWorker(ThreadPoolExecutor.java:1149)
	at java.util.concurrent.ThreadPoolExecutor$Worker.run(ThreadPoolExecutor.java:624)
	... 1 more
Caused by: org.apache.ratis.thirdparty.io.netty.channel.AbstractChannel$AnnotatedConnectException: Connection refused: /192.168.157.200:39136
	at sun.nio.ch.SocketChannelImpl.checkConnect(Native Method)
	at sun.nio.ch.SocketChannelImpl.finishConnect(SocketChannelImpl.java:717)
	at org.apache.ratis.thirdparty.io.netty.channel.socket.nio.NioSocketChannel.doFinishConnect(NioSocketChannel.java:327)
	at org.apache.ratis.thirdparty.io.netty.channel.nio.AbstractNioChannel$AbstractNioUnsafe.finishConnect(AbstractNioChannel.java:340)
	at org.apache.ratis.thirdparty.io.netty.channel.nio.NioEventLoop.processSelectedKey(NioEventLoop.java:632)
	at org.apache.ratis.thirdparty.io.netty.channel.nio.NioEventLoop.processSelectedKeysOptimized(NioEventLoop.java:579)
	at org.apache.ratis.thirdparty.io.netty.channel.nio.NioEventLoop.processSelectedKeys(NioEventLoop.java:496)
	at org.apache.ratis.thirdparty.io.netty.channel.nio.NioEventLoop.run(NioEventLoop.java:458)
	at org.apache.ratis.thirdparty.io.netty.util.concurrent.SingleThreadEventExecutor$5.run(SingleThreadEventExecutor.java:897)
	at org.apache.ratis.thirdparty.io.netty.util.concurrent.FastThreadLocalRunnable.run(FastThreadLocalRunnable.java:30)
	... 1 more
Caused by: java.net.ConnectException: Connection refused
	... 11 more
2019-11-13 13:03:03,650 [ccb58d27-4340-4f56-86e1-f88286cea239@group-7E5EA1404CE1-LeaderElection254] INFO  impl.RaftServerImpl (RaftServerImpl.java:setRole(173)) - ccb58d27-4340-4f56-86e1-f88286cea239@group-7E5EA1404CE1: changes role from CANDIDATE to FOLLOWER at term 4 for DISCOVERED_A_NEW_TERM
2019-11-13 13:03:03,650 [ccb58d27-4340-4f56-86e1-f88286cea239@group-7E5EA1404CE1-LeaderElection254] INFO  impl.RoleInfo (RoleInfo.java:shutdownLeaderElection(134)) - ccb58d27-4340-4f56-86e1-f88286cea239: shutdown LeaderElection
2019-11-13 13:03:03,650 [ccb58d27-4340-4f56-86e1-f88286cea239@group-7E5EA1404CE1-LeaderElection254] INFO  impl.RoleInfo (RoleInfo.java:updateAndGet(143)) - ccb58d27-4340-4f56-86e1-f88286cea239: start FollowerState
2019-11-13 13:03:03,976 [grpc-default-executor-11] WARN  server.GrpcLogAppender (LogUtils.java:warn(134)) - 3d7387af-ecb5-4c7d-b20b-5fe48849adda@group-E165AE56C698->1a33519a-3def-4d79-b3e5-c4d8286dc86e-AppendLogResponseHandler: Failed appendEntries: org.apache.ratis.thirdparty.io.grpc.StatusRuntimeException: UNAVAILABLE: io exception
2019-11-13 13:03:03,976 [grpc-default-executor-11] INFO  impl.FollowerInfo (FollowerInfo.java:lambda$new$0(51)) - 3d7387af-ecb5-4c7d-b20b-5fe48849adda@group-E165AE56C698->1a33519a-3def-4d79-b3e5-c4d8286dc86e: nextIndex: updateUnconditionally 0 -> 0
2019-11-13 13:03:03,986 [grpc-default-executor-2] WARN  server.GrpcLogAppender (LogUtils.java:warn(134)) - 3d7387af-ecb5-4c7d-b20b-5fe48849adda@group-E165AE56C698->318b4bc4-2a6a-4055-b801-3341d5814353-AppendLogResponseHandler: Failed appendEntries: org.apache.ratis.thirdparty.io.grpc.StatusRuntimeException: UNAVAILABLE: io exception
2019-11-13 13:03:03,987 [grpc-default-executor-2] INFO  impl.FollowerInfo (FollowerInfo.java:lambda$new$0(51)) - 3d7387af-ecb5-4c7d-b20b-5fe48849adda@group-E165AE56C698->318b4bc4-2a6a-4055-b801-3341d5814353: nextIndex: updateUnconditionally 0 -> 0
2019-11-13 13:03:04,477 [grpc-default-executor-2] WARN  server.GrpcLogAppender (LogUtils.java:warn(134)) - 3d7387af-ecb5-4c7d-b20b-5fe48849adda@group-E165AE56C698->1a33519a-3def-4d79-b3e5-c4d8286dc86e-AppendLogResponseHandler: Failed appendEntries: org.apache.ratis.thirdparty.io.grpc.StatusRuntimeException: UNAVAILABLE: io exception
2019-11-13 13:03:04,477 [grpc-default-executor-2] INFO  impl.FollowerInfo (FollowerInfo.java:lambda$new$0(51)) - 3d7387af-ecb5-4c7d-b20b-5fe48849adda@group-E165AE56C698->1a33519a-3def-4d79-b3e5-c4d8286dc86e: nextIndex: updateUnconditionally 0 -> 0
2019-11-13 13:03:04,487 [grpc-default-executor-5] WARN  server.GrpcLogAppender (LogUtils.java:warn(134)) - 3d7387af-ecb5-4c7d-b20b-5fe48849adda@group-E165AE56C698->318b4bc4-2a6a-4055-b801-3341d5814353-AppendLogResponseHandler: Failed appendEntries: org.apache.ratis.thirdparty.io.grpc.StatusRuntimeException: UNAVAILABLE: io exception
2019-11-13 13:03:04,487 [grpc-default-executor-5] INFO  impl.FollowerInfo (FollowerInfo.java:lambda$new$0(51)) - 3d7387af-ecb5-4c7d-b20b-5fe48849adda@group-E165AE56C698->318b4bc4-2a6a-4055-b801-3341d5814353: nextIndex: updateUnconditionally 0 -> 0
2019-11-13 13:03:04,840 [Thread-4586] INFO  impl.FollowerState (FollowerState.java:run(111)) - ccb58d27-4340-4f56-86e1-f88286cea239@group-7E5EA1404CE1-FollowerState: change to CANDIDATE, lastRpcTime:1189ms, electionTimeout:1189ms
2019-11-13 13:03:04,840 [Thread-4586] INFO  impl.RoleInfo (RoleInfo.java:shutdownFollowerState(121)) - ccb58d27-4340-4f56-86e1-f88286cea239: shutdown FollowerState
2019-11-13 13:03:04,840 [Thread-4586] INFO  impl.RaftServerImpl (RaftServerImpl.java:setRole(173)) - ccb58d27-4340-4f56-86e1-f88286cea239@group-7E5EA1404CE1: changes role from  FOLLOWER to CANDIDATE at term 4 for changeToCandidate
2019-11-13 13:03:04,840 [Thread-4586] INFO  impl.RoleInfo (RoleInfo.java:updateAndGet(143)) - ccb58d27-4340-4f56-86e1-f88286cea239: start LeaderElection
2019-11-13 13:03:04,918 [ccb58d27-4340-4f56-86e1-f88286cea239@group-7E5EA1404CE1-LeaderElection255] INFO  impl.LeaderElection (LeaderElection.java:askForVotes(178)) - ccb58d27-4340-4f56-86e1-f88286cea239@group-7E5EA1404CE1-LeaderElection255: begin an election at term 5 for 4: [9bca8fcc-ea98-4ec4-92ce-7a037de40a27:192.168.157.200:33211, ccb58d27-4340-4f56-86e1-f88286cea239:192.168.157.200:36584, 90f8c6ad-89d1-4dd8-98a8-ca579bb4c57a:192.168.157.200:39136], old=null
2019-11-13 13:03:04,919 [ccb58d27-4340-4f56-86e1-f88286cea239@group-7E5EA1404CE1-LeaderElection255] INFO  impl.LeaderElection (LogUtils.java:infoOrTrace(149)) - ccb58d27-4340-4f56-86e1-f88286cea239@group-7E5EA1404CE1-LeaderElection255 got exception when requesting votes: {}
java.util.concurrent.ExecutionException: org.apache.ratis.thirdparty.io.grpc.StatusRuntimeException: UNAVAILABLE: io exception
	at java.util.concurrent.FutureTask.report(FutureTask.java:122)
	at java.util.concurrent.FutureTask.get(FutureTask.java:192)
	at org.apache.ratis.server.impl.LeaderElection.waitForResults(LeaderElection.java:259)
	at org.apache.ratis.server.impl.LeaderElection.askForVotes(LeaderElection.java:197)
	at org.apache.ratis.server.impl.LeaderElection.run(LeaderElection.java:133)
	at java.lang.Thread.run(Thread.java:748)
Caused by: org.apache.ratis.thirdparty.io.grpc.StatusRuntimeException: UNAVAILABLE: io exception
	at org.apache.ratis.thirdparty.io.grpc.stub.ClientCalls.toStatusRuntimeException(ClientCalls.java:233)
	at org.apache.ratis.thirdparty.io.grpc.stub.ClientCalls.getUnchecked(ClientCalls.java:214)
	at org.apache.ratis.thirdparty.io.grpc.stub.ClientCalls.blockingUnaryCall(ClientCalls.java:139)
	at org.apache.ratis.proto.grpc.RaftServerProtocolServiceGrpc$RaftServerProtocolServiceBlockingStub.requestVote(RaftServerProtocolServiceGrpc.java:265)
	at org.apache.ratis.grpc.server.GrpcServerProtocolClient.requestVote(GrpcServerProtocolClient.java:99)
	at org.apache.ratis.grpc.server.GrpcService.requestVote(GrpcService.java:204)
	at org.apache.ratis.server.impl.LeaderElection.lambda$submitRequests$1(LeaderElection.java:234)
	at java.util.concurrent.FutureTask.run(FutureTask.java:266)
	at java.util.concurrent.Executors$RunnableAdapter.call(Executors.java:511)
	at java.util.concurrent.FutureTask.run(FutureTask.java:266)
	at java.util.concurrent.ThreadPoolExecutor.runWorker(ThreadPoolExecutor.java:1149)
	at java.util.concurrent.ThreadPoolExecutor$Worker.run(ThreadPoolExecutor.java:624)
	... 1 more
Caused by: org.apache.ratis.thirdparty.io.netty.channel.AbstractChannel$AnnotatedConnectException: Connection refused: /192.168.157.200:39136
	at sun.nio.ch.SocketChannelImpl.checkConnect(Native Method)
	at sun.nio.ch.SocketChannelImpl.finishConnect(SocketChannelImpl.java:717)
	at org.apache.ratis.thirdparty.io.netty.channel.socket.nio.NioSocketChannel.doFinishConnect(NioSocketChannel.java:327)
	at org.apache.ratis.thirdparty.io.netty.channel.nio.AbstractNioChannel$AbstractNioUnsafe.finishConnect(AbstractNioChannel.java:340)
	at org.apache.ratis.thirdparty.io.netty.channel.nio.NioEventLoop.processSelectedKey(NioEventLoop.java:632)
	at org.apache.ratis.thirdparty.io.netty.channel.nio.NioEventLoop.processSelectedKeysOptimized(NioEventLoop.java:579)
	at org.apache.ratis.thirdparty.io.netty.channel.nio.NioEventLoop.processSelectedKeys(NioEventLoop.java:496)
	at org.apache.ratis.thirdparty.io.netty.channel.nio.NioEventLoop.run(NioEventLoop.java:458)
	at org.apache.ratis.thirdparty.io.netty.util.concurrent.SingleThreadEventExecutor$5.run(SingleThreadEventExecutor.java:897)
	at org.apache.ratis.thirdparty.io.netty.util.concurrent.FastThreadLocalRunnable.run(FastThreadLocalRunnable.java:30)
	... 1 more
Caused by: java.net.ConnectException: Connection refused
	... 11 more
2019-11-13 13:03:04,920 [ccb58d27-4340-4f56-86e1-f88286cea239@group-7E5EA1404CE1-LeaderElection255] INFO  impl.LeaderElection (LogUtils.java:infoOrTrace(149)) - ccb58d27-4340-4f56-86e1-f88286cea239@group-7E5EA1404CE1-LeaderElection255 got exception when requesting votes: {}
java.util.concurrent.ExecutionException: org.apache.ratis.thirdparty.io.grpc.StatusRuntimeException: UNAVAILABLE: io exception
	at java.util.concurrent.FutureTask.report(FutureTask.java:122)
	at java.util.concurrent.FutureTask.get(FutureTask.java:192)
	at org.apache.ratis.server.impl.LeaderElection.waitForResults(LeaderElection.java:259)
	at org.apache.ratis.server.impl.LeaderElection.askForVotes(LeaderElection.java:197)
	at org.apache.ratis.server.impl.LeaderElection.run(LeaderElection.java:133)
	at java.lang.Thread.run(Thread.java:748)
Caused by: org.apache.ratis.thirdparty.io.grpc.StatusRuntimeException: UNAVAILABLE: io exception
	at org.apache.ratis.thirdparty.io.grpc.stub.ClientCalls.toStatusRuntimeException(ClientCalls.java:233)
	at org.apache.ratis.thirdparty.io.grpc.stub.ClientCalls.getUnchecked(ClientCalls.java:214)
	at org.apache.ratis.thirdparty.io.grpc.stub.ClientCalls.blockingUnaryCall(ClientCalls.java:139)
	at org.apache.ratis.proto.grpc.RaftServerProtocolServiceGrpc$RaftServerProtocolServiceBlockingStub.requestVote(RaftServerProtocolServiceGrpc.java:265)
	at org.apache.ratis.grpc.server.GrpcServerProtocolClient.requestVote(GrpcServerProtocolClient.java:99)
	at org.apache.ratis.grpc.server.GrpcService.requestVote(GrpcService.java:204)
	at org.apache.ratis.server.impl.LeaderElection.lambda$submitRequests$1(LeaderElection.java:234)
	at java.util.concurrent.FutureTask.run(FutureTask.java:266)
	at java.util.concurrent.Executors$RunnableAdapter.call(Executors.java:511)
	at java.util.concurrent.FutureTask.run(FutureTask.java:266)
	at java.util.concurrent.ThreadPoolExecutor.runWorker(ThreadPoolExecutor.java:1149)
	at java.util.concurrent.ThreadPoolExecutor$Worker.run(ThreadPoolExecutor.java:624)
	... 1 more
Caused by: org.apache.ratis.thirdparty.io.netty.channel.AbstractChannel$AnnotatedConnectException: Connection refused: /192.168.157.200:33211
	at sun.nio.ch.SocketChannelImpl.checkConnect(Native Method)
	at sun.nio.ch.SocketChannelImpl.finishConnect(SocketChannelImpl.java:717)
	at org.apache.ratis.thirdparty.io.netty.channel.socket.nio.NioSocketChannel.doFinishConnect(NioSocketChannel.java:327)
	at org.apache.ratis.thirdparty.io.netty.channel.nio.AbstractNioChannel$AbstractNioUnsafe.finishConnect(AbstractNioChannel.java:340)
	at org.apache.ratis.thirdparty.io.netty.channel.nio.NioEventLoop.processSelectedKey(NioEventLoop.java:632)
	at org.apache.ratis.thirdparty.io.netty.channel.nio.NioEventLoop.processSelectedKeysOptimized(NioEventLoop.java:579)
	at org.apache.ratis.thirdparty.io.netty.channel.nio.NioEventLoop.processSelectedKeys(NioEventLoop.java:496)
	at org.apache.ratis.thirdparty.io.netty.channel.nio.NioEventLoop.run(NioEventLoop.java:458)
	at org.apache.ratis.thirdparty.io.netty.util.concurrent.SingleThreadEventExecutor$5.run(SingleThreadEventExecutor.java:897)
	at org.apache.ratis.thirdparty.io.netty.util.concurrent.FastThreadLocalRunnable.run(FastThreadLocalRunnable.java:30)
	... 1 more
Caused by: java.net.ConnectException: Connection refused
	... 11 more
2019-11-13 13:03:04,920 [ccb58d27-4340-4f56-86e1-f88286cea239@group-7E5EA1404CE1-LeaderElection255] INFO  impl.LeaderElection (LeaderElection.java:logAndReturn(56)) - ccb58d27-4340-4f56-86e1-f88286cea239@group-7E5EA1404CE1-LeaderElection255: Election REJECTED; received 0 response(s) [] and 2 exception(s); ccb58d27-4340-4f56-86e1-f88286cea239@group-7E5EA1404CE1:t5, leader=null, voted=ccb58d27-4340-4f56-86e1-f88286cea239, raftlog=ccb58d27-4340-4f56-86e1-f88286cea239@group-7E5EA1404CE1-SegmentedRaftLog:OPENED:c5,f5,i5, conf=4: [9bca8fcc-ea98-4ec4-92ce-7a037de40a27:192.168.157.200:33211, ccb58d27-4340-4f56-86e1-f88286cea239:192.168.157.200:36584, 90f8c6ad-89d1-4dd8-98a8-ca579bb4c57a:192.168.157.200:39136], old=null
2019-11-13 13:03:04,920 [ccb58d27-4340-4f56-86e1-f88286cea239@group-7E5EA1404CE1-LeaderElection255] INFO  impl.LeaderElection (LogUtils.java:infoOrTrace(149)) -   Exception 0: {}
java.util.concurrent.ExecutionException: org.apache.ratis.thirdparty.io.grpc.StatusRuntimeException: UNAVAILABLE: io exception
	at java.util.concurrent.FutureTask.report(FutureTask.java:122)
	at java.util.concurrent.FutureTask.get(FutureTask.java:192)
	at org.apache.ratis.server.impl.LeaderElection.waitForResults(LeaderElection.java:259)
	at org.apache.ratis.server.impl.LeaderElection.askForVotes(LeaderElection.java:197)
	at org.apache.ratis.server.impl.LeaderElection.run(LeaderElection.java:133)
	at java.lang.Thread.run(Thread.java:748)
Caused by: org.apache.ratis.thirdparty.io.grpc.StatusRuntimeException: UNAVAILABLE: io exception
	at org.apache.ratis.thirdparty.io.grpc.stub.ClientCalls.toStatusRuntimeException(ClientCalls.java:233)
	at org.apache.ratis.thirdparty.io.grpc.stub.ClientCalls.getUnchecked(ClientCalls.java:214)
	at org.apache.ratis.thirdparty.io.grpc.stub.ClientCalls.blockingUnaryCall(ClientCalls.java:139)
	at org.apache.ratis.proto.grpc.RaftServerProtocolServiceGrpc$RaftServerProtocolServiceBlockingStub.requestVote(RaftServerProtocolServiceGrpc.java:265)
	at org.apache.ratis.grpc.server.GrpcServerProtocolClient.requestVote(GrpcServerProtocolClient.java:99)
	at org.apache.ratis.grpc.server.GrpcService.requestVote(GrpcService.java:204)
	at org.apache.ratis.server.impl.LeaderElection.lambda$submitRequests$1(LeaderElection.java:234)
	at java.util.concurrent.FutureTask.run(FutureTask.java:266)
	at java.util.concurrent.Executors$RunnableAdapter.call(Executors.java:511)
	at java.util.concurrent.FutureTask.run(FutureTask.java:266)
	at java.util.concurrent.ThreadPoolExecutor.runWorker(ThreadPoolExecutor.java:1149)
	at java.util.concurrent.ThreadPoolExecutor$Worker.run(ThreadPoolExecutor.java:624)
	... 1 more
Caused by: org.apache.ratis.thirdparty.io.netty.channel.AbstractChannel$AnnotatedConnectException: Connection refused: /192.168.157.200:39136
	at sun.nio.ch.SocketChannelImpl.checkConnect(Native Method)
	at sun.nio.ch.SocketChannelImpl.finishConnect(SocketChannelImpl.java:717)
	at org.apache.ratis.thirdparty.io.netty.channel.socket.nio.NioSocketChannel.doFinishConnect(NioSocketChannel.java:327)
	at org.apache.ratis.thirdparty.io.netty.channel.nio.AbstractNioChannel$AbstractNioUnsafe.finishConnect(AbstractNioChannel.java:340)
	at org.apache.ratis.thirdparty.io.netty.channel.nio.NioEventLoop.processSelectedKey(NioEventLoop.java:632)
	at org.apache.ratis.thirdparty.io.netty.channel.nio.NioEventLoop.processSelectedKeysOptimized(NioEventLoop.java:579)
	at org.apache.ratis.thirdparty.io.netty.channel.nio.NioEventLoop.processSelectedKeys(NioEventLoop.java:496)
	at org.apache.ratis.thirdparty.io.netty.channel.nio.NioEventLoop.run(NioEventLoop.java:458)
	at org.apache.ratis.thirdparty.io.netty.util.concurrent.SingleThreadEventExecutor$5.run(SingleThreadEventExecutor.java:897)
	at org.apache.ratis.thirdparty.io.netty.util.concurrent.FastThreadLocalRunnable.run(FastThreadLocalRunnable.java:30)
	... 1 more
Caused by: java.net.ConnectException: Connection refused
	... 11 more
2019-11-13 13:03:04,921 [ccb58d27-4340-4f56-86e1-f88286cea239@group-7E5EA1404CE1-LeaderElection255] INFO  impl.LeaderElection (LogUtils.java:infoOrTrace(149)) -   Exception 1: {}
java.util.concurrent.ExecutionException: org.apache.ratis.thirdparty.io.grpc.StatusRuntimeException: UNAVAILABLE: io exception
	at java.util.concurrent.FutureTask.report(FutureTask.java:122)
	at java.util.concurrent.FutureTask.get(FutureTask.java:192)
	at org.apache.ratis.server.impl.LeaderElection.waitForResults(LeaderElection.java:259)
	at org.apache.ratis.server.impl.LeaderElection.askForVotes(LeaderElection.java:197)
	at org.apache.ratis.server.impl.LeaderElection.run(LeaderElection.java:133)
	at java.lang.Thread.run(Thread.java:748)
Caused by: org.apache.ratis.thirdparty.io.grpc.StatusRuntimeException: UNAVAILABLE: io exception
	at org.apache.ratis.thirdparty.io.grpc.stub.ClientCalls.toStatusRuntimeException(ClientCalls.java:233)
	at org.apache.ratis.thirdparty.io.grpc.stub.ClientCalls.getUnchecked(ClientCalls.java:214)
	at org.apache.ratis.thirdparty.io.grpc.stub.ClientCalls.blockingUnaryCall(ClientCalls.java:139)
	at org.apache.ratis.proto.grpc.RaftServerProtocolServiceGrpc$RaftServerProtocolServiceBlockingStub.requestVote(RaftServerProtocolServiceGrpc.java:265)
	at org.apache.ratis.grpc.server.GrpcServerProtocolClient.requestVote(GrpcServerProtocolClient.java:99)
	at org.apache.ratis.grpc.server.GrpcService.requestVote(GrpcService.java:204)
	at org.apache.ratis.server.impl.LeaderElection.lambda$submitRequests$1(LeaderElection.java:234)
	at java.util.concurrent.FutureTask.run(FutureTask.java:266)
	at java.util.concurrent.Executors$RunnableAdapter.call(Executors.java:511)
	at java.util.concurrent.FutureTask.run(FutureTask.java:266)
	at java.util.concurrent.ThreadPoolExecutor.runWorker(ThreadPoolExecutor.java:1149)
	at java.util.concurrent.ThreadPoolExecutor$Worker.run(ThreadPoolExecutor.java:624)
	... 1 more
Caused by: org.apache.ratis.thirdparty.io.netty.channel.AbstractChannel$AnnotatedConnectException: Connection refused: /192.168.157.200:33211
	at sun.nio.ch.SocketChannelImpl.checkConnect(Native Method)
	at sun.nio.ch.SocketChannelImpl.finishConnect(SocketChannelImpl.java:717)
	at org.apache.ratis.thirdparty.io.netty.channel.socket.nio.NioSocketChannel.doFinishConnect(NioSocketChannel.java:327)
	at org.apache.ratis.thirdparty.io.netty.channel.nio.AbstractNioChannel$AbstractNioUnsafe.finishConnect(AbstractNioChannel.java:340)
	at org.apache.ratis.thirdparty.io.netty.channel.nio.NioEventLoop.processSelectedKey(NioEventLoop.java:632)
	at org.apache.ratis.thirdparty.io.netty.channel.nio.NioEventLoop.processSelectedKeysOptimized(NioEventLoop.java:579)
	at org.apache.ratis.thirdparty.io.netty.channel.nio.NioEventLoop.processSelectedKeys(NioEventLoop.java:496)
	at org.apache.ratis.thirdparty.io.netty.channel.nio.NioEventLoop.run(NioEventLoop.java:458)
	at org.apache.ratis.thirdparty.io.netty.util.concurrent.SingleThreadEventExecutor$5.run(SingleThreadEventExecutor.java:897)
	at org.apache.ratis.thirdparty.io.netty.util.concurrent.FastThreadLocalRunnable.run(FastThreadLocalRunnable.java:30)
	... 1 more
Caused by: java.net.ConnectException: Connection refused
	... 11 more
2019-11-13 13:03:04,921 [ccb58d27-4340-4f56-86e1-f88286cea239@group-7E5EA1404CE1-LeaderElection255] INFO  impl.RaftServerImpl (RaftServerImpl.java:setRole(173)) - ccb58d27-4340-4f56-86e1-f88286cea239@group-7E5EA1404CE1: changes role from CANDIDATE to FOLLOWER at term 5 for DISCOVERED_A_NEW_TERM
2019-11-13 13:03:04,921 [ccb58d27-4340-4f56-86e1-f88286cea239@group-7E5EA1404CE1-LeaderElection255] INFO  impl.RoleInfo (RoleInfo.java:shutdownLeaderElection(134)) - ccb58d27-4340-4f56-86e1-f88286cea239: shutdown LeaderElection
2019-11-13 13:03:04,921 [ccb58d27-4340-4f56-86e1-f88286cea239@group-7E5EA1404CE1-LeaderElection255] INFO  impl.RoleInfo (RoleInfo.java:updateAndGet(143)) - ccb58d27-4340-4f56-86e1-f88286cea239: start FollowerState
2019-11-13 13:03:04,977 [grpc-default-executor-11] WARN  server.GrpcLogAppender (LogUtils.java:warn(134)) - 3d7387af-ecb5-4c7d-b20b-5fe48849adda@group-E165AE56C698->1a33519a-3def-4d79-b3e5-c4d8286dc86e-AppendLogResponseHandler: Failed appendEntries: org.apache.ratis.thirdparty.io.grpc.StatusRuntimeException: UNAVAILABLE: io exception
2019-11-13 13:03:04,978 [grpc-default-executor-11] INFO  impl.FollowerInfo (FollowerInfo.java:lambda$new$0(51)) - 3d7387af-ecb5-4c7d-b20b-5fe48849adda@group-E165AE56C698->1a33519a-3def-4d79-b3e5-c4d8286dc86e: nextIndex: updateUnconditionally 0 -> 0
2019-11-13 13:03:04,987 [grpc-default-executor-2] WARN  server.GrpcLogAppender (LogUtils.java:warn(134)) - 3d7387af-ecb5-4c7d-b20b-5fe48849adda@group-E165AE56C698->318b4bc4-2a6a-4055-b801-3341d5814353-AppendLogResponseHandler: Failed appendEntries: org.apache.ratis.thirdparty.io.grpc.StatusRuntimeException: UNAVAILABLE: io exception
2019-11-13 13:03:04,988 [grpc-default-executor-2] INFO  impl.FollowerInfo (FollowerInfo.java:lambda$new$0(51)) - 3d7387af-ecb5-4c7d-b20b-5fe48849adda@group-E165AE56C698->318b4bc4-2a6a-4055-b801-3341d5814353: nextIndex: updateUnconditionally 0 -> 0
2019-11-13 13:03:05,478 [grpc-default-executor-11] WARN  server.GrpcLogAppender (LogUtils.java:warn(134)) - 3d7387af-ecb5-4c7d-b20b-5fe48849adda@group-E165AE56C698->1a33519a-3def-4d79-b3e5-c4d8286dc86e-AppendLogResponseHandler: Failed appendEntries: org.apache.ratis.thirdparty.io.grpc.StatusRuntimeException: UNAVAILABLE: io exception
2019-11-13 13:03:05,478 [grpc-default-executor-11] INFO  impl.FollowerInfo (FollowerInfo.java:lambda$new$0(51)) - 3d7387af-ecb5-4c7d-b20b-5fe48849adda@group-E165AE56C698->1a33519a-3def-4d79-b3e5-c4d8286dc86e: nextIndex: updateUnconditionally 0 -> 0
2019-11-13 13:03:05,489 [grpc-default-executor-11] WARN  server.GrpcLogAppender (LogUtils.java:warn(134)) - 3d7387af-ecb5-4c7d-b20b-5fe48849adda@group-E165AE56C698->318b4bc4-2a6a-4055-b801-3341d5814353-AppendLogResponseHandler: Failed appendEntries: org.apache.ratis.thirdparty.io.grpc.StatusRuntimeException: UNAVAILABLE: io exception
2019-11-13 13:03:05,489 [grpc-default-executor-11] INFO  impl.FollowerInfo (FollowerInfo.java:lambda$new$0(51)) - 3d7387af-ecb5-4c7d-b20b-5fe48849adda@group-E165AE56C698->318b4bc4-2a6a-4055-b801-3341d5814353: nextIndex: updateUnconditionally 0 -> 0
2019-11-13 13:03:05,980 [grpc-default-executor-11] WARN  server.GrpcLogAppender (LogUtils.java:warn(134)) - 3d7387af-ecb5-4c7d-b20b-5fe48849adda@group-E165AE56C698->1a33519a-3def-4d79-b3e5-c4d8286dc86e-AppendLogResponseHandler: Failed appendEntries: org.apache.ratis.thirdparty.io.grpc.StatusRuntimeException: UNAVAILABLE: io exception
2019-11-13 13:03:05,980 [grpc-default-executor-11] INFO  impl.FollowerInfo (FollowerInfo.java:lambda$new$0(51)) - 3d7387af-ecb5-4c7d-b20b-5fe48849adda@group-E165AE56C698->1a33519a-3def-4d79-b3e5-c4d8286dc86e: nextIndex: updateUnconditionally 0 -> 0
2019-11-13 13:03:05,988 [grpc-default-executor-2] WARN  server.GrpcLogAppender (LogUtils.java:warn(134)) - 3d7387af-ecb5-4c7d-b20b-5fe48849adda@group-E165AE56C698->318b4bc4-2a6a-4055-b801-3341d5814353-AppendLogResponseHandler: Failed appendEntries: org.apache.ratis.thirdparty.io.grpc.StatusRuntimeException: UNAVAILABLE: io exception
2019-11-13 13:03:05,989 [grpc-default-executor-2] INFO  impl.FollowerInfo (FollowerInfo.java:lambda$new$0(51)) - 3d7387af-ecb5-4c7d-b20b-5fe48849adda@group-E165AE56C698->318b4bc4-2a6a-4055-b801-3341d5814353: nextIndex: updateUnconditionally 0 -> 0
2019-11-13 13:03:06,083 [Thread-4590] INFO  impl.FollowerState (FollowerState.java:run(111)) - ccb58d27-4340-4f56-86e1-f88286cea239@group-7E5EA1404CE1-FollowerState: change to CANDIDATE, lastRpcTime:1161ms, electionTimeout:1161ms
2019-11-13 13:03:06,083 [Thread-4590] INFO  impl.RoleInfo (RoleInfo.java:shutdownFollowerState(121)) - ccb58d27-4340-4f56-86e1-f88286cea239: shutdown FollowerState
2019-11-13 13:03:06,083 [Thread-4590] INFO  impl.RaftServerImpl (RaftServerImpl.java:setRole(173)) - ccb58d27-4340-4f56-86e1-f88286cea239@group-7E5EA1404CE1: changes role from  FOLLOWER to CANDIDATE at term 5 for changeToCandidate
2019-11-13 13:03:06,083 [Thread-4590] INFO  impl.RoleInfo (RoleInfo.java:updateAndGet(143)) - ccb58d27-4340-4f56-86e1-f88286cea239: start LeaderElection
2019-11-13 13:03:06,190 [ccb58d27-4340-4f56-86e1-f88286cea239@group-7E5EA1404CE1-LeaderElection256] INFO  impl.LeaderElection (LeaderElection.java:askForVotes(178)) - ccb58d27-4340-4f56-86e1-f88286cea239@group-7E5EA1404CE1-LeaderElection256: begin an election at term 6 for 4: [9bca8fcc-ea98-4ec4-92ce-7a037de40a27:192.168.157.200:33211, ccb58d27-4340-4f56-86e1-f88286cea239:192.168.157.200:36584, 90f8c6ad-89d1-4dd8-98a8-ca579bb4c57a:192.168.157.200:39136], old=null
2019-11-13 13:03:06,191 [ccb58d27-4340-4f56-86e1-f88286cea239@group-7E5EA1404CE1-LeaderElection256] INFO  impl.LeaderElection (LogUtils.java:infoOrTrace(149)) - ccb58d27-4340-4f56-86e1-f88286cea239@group-7E5EA1404CE1-LeaderElection256 got exception when requesting votes: {}
java.util.concurrent.ExecutionException: org.apache.ratis.thirdparty.io.grpc.StatusRuntimeException: UNAVAILABLE: io exception
	at java.util.concurrent.FutureTask.report(FutureTask.java:122)
	at java.util.concurrent.FutureTask.get(FutureTask.java:192)
	at org.apache.ratis.server.impl.LeaderElection.waitForResults(LeaderElection.java:259)
	at org.apache.ratis.server.impl.LeaderElection.askForVotes(LeaderElection.java:197)
	at org.apache.ratis.server.impl.LeaderElection.run(LeaderElection.java:133)
	at java.lang.Thread.run(Thread.java:748)
Caused by: org.apache.ratis.thirdparty.io.grpc.StatusRuntimeException: UNAVAILABLE: io exception
	at org.apache.ratis.thirdparty.io.grpc.stub.ClientCalls.toStatusRuntimeException(ClientCalls.java:233)
	at org.apache.ratis.thirdparty.io.grpc.stub.ClientCalls.getUnchecked(ClientCalls.java:214)
	at org.apache.ratis.thirdparty.io.grpc.stub.ClientCalls.blockingUnaryCall(ClientCalls.java:139)
	at org.apache.ratis.proto.grpc.RaftServerProtocolServiceGrpc$RaftServerProtocolServiceBlockingStub.requestVote(RaftServerProtocolServiceGrpc.java:265)
	at org.apache.ratis.grpc.server.GrpcServerProtocolClient.requestVote(GrpcServerProtocolClient.java:99)
	at org.apache.ratis.grpc.server.GrpcService.requestVote(GrpcService.java:204)
	at org.apache.ratis.server.impl.LeaderElection.lambda$submitRequests$1(LeaderElection.java:234)
	at java.util.concurrent.FutureTask.run(FutureTask.java:266)
	at java.util.concurrent.Executors$RunnableAdapter.call(Executors.java:511)
	at java.util.concurrent.FutureTask.run(FutureTask.java:266)
	at java.util.concurrent.ThreadPoolExecutor.runWorker(ThreadPoolExecutor.java:1149)
	at java.util.concurrent.ThreadPoolExecutor$Worker.run(ThreadPoolExecutor.java:624)
	... 1 more
Caused by: org.apache.ratis.thirdparty.io.netty.channel.AbstractChannel$AnnotatedConnectException: Connection refused: /192.168.157.200:39136
	at sun.nio.ch.SocketChannelImpl.checkConnect(Native Method)
	at sun.nio.ch.SocketChannelImpl.finishConnect(SocketChannelImpl.java:717)
	at org.apache.ratis.thirdparty.io.netty.channel.socket.nio.NioSocketChannel.doFinishConnect(NioSocketChannel.java:327)
	at org.apache.ratis.thirdparty.io.netty.channel.nio.AbstractNioChannel$AbstractNioUnsafe.finishConnect(AbstractNioChannel.java:340)
	at org.apache.ratis.thirdparty.io.netty.channel.nio.NioEventLoop.processSelectedKey(NioEventLoop.java:632)
	at org.apache.ratis.thirdparty.io.netty.channel.nio.NioEventLoop.processSelectedKeysOptimized(NioEventLoop.java:579)
	at org.apache.ratis.thirdparty.io.netty.channel.nio.NioEventLoop.processSelectedKeys(NioEventLoop.java:496)
	at org.apache.ratis.thirdparty.io.netty.channel.nio.NioEventLoop.run(NioEventLoop.java:458)
	at org.apache.ratis.thirdparty.io.netty.util.concurrent.SingleThreadEventExecutor$5.run(SingleThreadEventExecutor.java:897)
	at org.apache.ratis.thirdparty.io.netty.util.concurrent.FastThreadLocalRunnable.run(FastThreadLocalRunnable.java:30)
	... 1 more
Caused by: java.net.ConnectException: Connection refused
	... 11 more
2019-11-13 13:03:06,191 [ccb58d27-4340-4f56-86e1-f88286cea239@group-7E5EA1404CE1-LeaderElection256] INFO  impl.LeaderElection (LogUtils.java:infoOrTrace(149)) - ccb58d27-4340-4f56-86e1-f88286cea239@group-7E5EA1404CE1-LeaderElection256 got exception when requesting votes: {}
java.util.concurrent.ExecutionException: org.apache.ratis.thirdparty.io.grpc.StatusRuntimeException: UNAVAILABLE: io exception
	at java.util.concurrent.FutureTask.report(FutureTask.java:122)
	at java.util.concurrent.FutureTask.get(FutureTask.java:192)
	at org.apache.ratis.server.impl.LeaderElection.waitForResults(LeaderElection.java:259)
	at org.apache.ratis.server.impl.LeaderElection.askForVotes(LeaderElection.java:197)
	at org.apache.ratis.server.impl.LeaderElection.run(LeaderElection.java:133)
	at java.lang.Thread.run(Thread.java:748)
Caused by: org.apache.ratis.thirdparty.io.grpc.StatusRuntimeException: UNAVAILABLE: io exception
	at org.apache.ratis.thirdparty.io.grpc.stub.ClientCalls.toStatusRuntimeException(ClientCalls.java:233)
	at org.apache.ratis.thirdparty.io.grpc.stub.ClientCalls.getUnchecked(ClientCalls.java:214)
	at org.apache.ratis.thirdparty.io.grpc.stub.ClientCalls.blockingUnaryCall(ClientCalls.java:139)
	at org.apache.ratis.proto.grpc.RaftServerProtocolServiceGrpc$RaftServerProtocolServiceBlockingStub.requestVote(RaftServerProtocolServiceGrpc.java:265)
	at org.apache.ratis.grpc.server.GrpcServerProtocolClient.requestVote(GrpcServerProtocolClient.java:99)
	at org.apache.ratis.grpc.server.GrpcService.requestVote(GrpcService.java:204)
	at org.apache.ratis.server.impl.LeaderElection.lambda$submitRequests$1(LeaderElection.java:234)
	at java.util.concurrent.FutureTask.run(FutureTask.java:266)
	at java.util.concurrent.Executors$RunnableAdapter.call(Executors.java:511)
	at java.util.concurrent.FutureTask.run(FutureTask.java:266)
	at java.util.concurrent.ThreadPoolExecutor.runWorker(ThreadPoolExecutor.java:1149)
	at java.util.concurrent.ThreadPoolExecutor$Worker.run(ThreadPoolExecutor.java:624)
	... 1 more
Caused by: org.apache.ratis.thirdparty.io.netty.channel.AbstractChannel$AnnotatedConnectException: Connection refused: /192.168.157.200:33211
	at sun.nio.ch.SocketChannelImpl.checkConnect(Native Method)
	at sun.nio.ch.SocketChannelImpl.finishConnect(SocketChannelImpl.java:717)
	at org.apache.ratis.thirdparty.io.netty.channel.socket.nio.NioSocketChannel.doFinishConnect(NioSocketChannel.java:327)
	at org.apache.ratis.thirdparty.io.netty.channel.nio.AbstractNioChannel$AbstractNioUnsafe.finishConnect(AbstractNioChannel.java:340)
	at org.apache.ratis.thirdparty.io.netty.channel.nio.NioEventLoop.processSelectedKey(NioEventLoop.java:632)
	at org.apache.ratis.thirdparty.io.netty.channel.nio.NioEventLoop.processSelectedKeysOptimized(NioEventLoop.java:579)
	at org.apache.ratis.thirdparty.io.netty.channel.nio.NioEventLoop.processSelectedKeys(NioEventLoop.java:496)
	at org.apache.ratis.thirdparty.io.netty.channel.nio.NioEventLoop.run(NioEventLoop.java:458)
	at org.apache.ratis.thirdparty.io.netty.util.concurrent.SingleThreadEventExecutor$5.run(SingleThreadEventExecutor.java:897)
	at org.apache.ratis.thirdparty.io.netty.util.concurrent.FastThreadLocalRunnable.run(FastThreadLocalRunnable.java:30)
	... 1 more
Caused by: java.net.ConnectException: Connection refused
	... 11 more
2019-11-13 13:03:06,192 [ccb58d27-4340-4f56-86e1-f88286cea239@group-7E5EA1404CE1-LeaderElection256] INFO  impl.LeaderElection (LeaderElection.java:logAndReturn(56)) - ccb58d27-4340-4f56-86e1-f88286cea239@group-7E5EA1404CE1-LeaderElection256: Election REJECTED; received 0 response(s) [] and 2 exception(s); ccb58d27-4340-4f56-86e1-f88286cea239@group-7E5EA1404CE1:t6, leader=null, voted=ccb58d27-4340-4f56-86e1-f88286cea239, raftlog=ccb58d27-4340-4f56-86e1-f88286cea239@group-7E5EA1404CE1-SegmentedRaftLog:OPENED:c5,f5,i5, conf=4: [9bca8fcc-ea98-4ec4-92ce-7a037de40a27:192.168.157.200:33211, ccb58d27-4340-4f56-86e1-f88286cea239:192.168.157.200:36584, 90f8c6ad-89d1-4dd8-98a8-ca579bb4c57a:192.168.157.200:39136], old=null
2019-11-13 13:03:06,192 [ccb58d27-4340-4f56-86e1-f88286cea239@group-7E5EA1404CE1-LeaderElection256] INFO  impl.LeaderElection (LogUtils.java:infoOrTrace(149)) -   Exception 0: {}
java.util.concurrent.ExecutionException: org.apache.ratis.thirdparty.io.grpc.StatusRuntimeException: UNAVAILABLE: io exception
	at java.util.concurrent.FutureTask.report(FutureTask.java:122)
	at java.util.concurrent.FutureTask.get(FutureTask.java:192)
	at org.apache.ratis.server.impl.LeaderElection.waitForResults(LeaderElection.java:259)
	at org.apache.ratis.server.impl.LeaderElection.askForVotes(LeaderElection.java:197)
	at org.apache.ratis.server.impl.LeaderElection.run(LeaderElection.java:133)
	at java.lang.Thread.run(Thread.java:748)
Caused by: org.apache.ratis.thirdparty.io.grpc.StatusRuntimeException: UNAVAILABLE: io exception
	at org.apache.ratis.thirdparty.io.grpc.stub.ClientCalls.toStatusRuntimeException(ClientCalls.java:233)
	at org.apache.ratis.thirdparty.io.grpc.stub.ClientCalls.getUnchecked(ClientCalls.java:214)
	at org.apache.ratis.thirdparty.io.grpc.stub.ClientCalls.blockingUnaryCall(ClientCalls.java:139)
	at org.apache.ratis.proto.grpc.RaftServerProtocolServiceGrpc$RaftServerProtocolServiceBlockingStub.requestVote(RaftServerProtocolServiceGrpc.java:265)
	at org.apache.ratis.grpc.server.GrpcServerProtocolClient.requestVote(GrpcServerProtocolClient.java:99)
	at org.apache.ratis.grpc.server.GrpcService.requestVote(GrpcService.java:204)
	at org.apache.ratis.server.impl.LeaderElection.lambda$submitRequests$1(LeaderElection.java:234)
	at java.util.concurrent.FutureTask.run(FutureTask.java:266)
	at java.util.concurrent.Executors$RunnableAdapter.call(Executors.java:511)
	at java.util.concurrent.FutureTask.run(FutureTask.java:266)
	at java.util.concurrent.ThreadPoolExecutor.runWorker(ThreadPoolExecutor.java:1149)
	at java.util.concurrent.ThreadPoolExecutor$Worker.run(ThreadPoolExecutor.java:624)
	... 1 more
Caused by: org.apache.ratis.thirdparty.io.netty.channel.AbstractChannel$AnnotatedConnectException: Connection refused: /192.168.157.200:39136
	at sun.nio.ch.SocketChannelImpl.checkConnect(Native Method)
	at sun.nio.ch.SocketChannelImpl.finishConnect(SocketChannelImpl.java:717)
	at org.apache.ratis.thirdparty.io.netty.channel.socket.nio.NioSocketChannel.doFinishConnect(NioSocketChannel.java:327)
	at org.apache.ratis.thirdparty.io.netty.channel.nio.AbstractNioChannel$AbstractNioUnsafe.finishConnect(AbstractNioChannel.java:340)
	at org.apache.ratis.thirdparty.io.netty.channel.nio.NioEventLoop.processSelectedKey(NioEventLoop.java:632)
	at org.apache.ratis.thirdparty.io.netty.channel.nio.NioEventLoop.processSelectedKeysOptimized(NioEventLoop.java:579)
	at org.apache.ratis.thirdparty.io.netty.channel.nio.NioEventLoop.processSelectedKeys(NioEventLoop.java:496)
	at org.apache.ratis.thirdparty.io.netty.channel.nio.NioEventLoop.run(NioEventLoop.java:458)
	at org.apache.ratis.thirdparty.io.netty.util.concurrent.SingleThreadEventExecutor$5.run(SingleThreadEventExecutor.java:897)
	at org.apache.ratis.thirdparty.io.netty.util.concurrent.FastThreadLocalRunnable.run(FastThreadLocalRunnable.java:30)
	... 1 more
Caused by: java.net.ConnectException: Connection refused
	... 11 more
2019-11-13 13:03:06,192 [ccb58d27-4340-4f56-86e1-f88286cea239@group-7E5EA1404CE1-LeaderElection256] INFO  impl.LeaderElection (LogUtils.java:infoOrTrace(149)) -   Exception 1: {}
java.util.concurrent.ExecutionException: org.apache.ratis.thirdparty.io.grpc.StatusRuntimeException: UNAVAILABLE: io exception
	at java.util.concurrent.FutureTask.report(FutureTask.java:122)
	at java.util.concurrent.FutureTask.get(FutureTask.java:192)
	at org.apache.ratis.server.impl.LeaderElection.waitForResults(LeaderElection.java:259)
	at org.apache.ratis.server.impl.LeaderElection.askForVotes(LeaderElection.java:197)
	at org.apache.ratis.server.impl.LeaderElection.run(LeaderElection.java:133)
	at java.lang.Thread.run(Thread.java:748)
Caused by: org.apache.ratis.thirdparty.io.grpc.StatusRuntimeException: UNAVAILABLE: io exception
	at org.apache.ratis.thirdparty.io.grpc.stub.ClientCalls.toStatusRuntimeException(ClientCalls.java:233)
	at org.apache.ratis.thirdparty.io.grpc.stub.ClientCalls.getUnchecked(ClientCalls.java:214)
	at org.apache.ratis.thirdparty.io.grpc.stub.ClientCalls.blockingUnaryCall(ClientCalls.java:139)
	at org.apache.ratis.proto.grpc.RaftServerProtocolServiceGrpc$RaftServerProtocolServiceBlockingStub.requestVote(RaftServerProtocolServiceGrpc.java:265)
	at org.apache.ratis.grpc.server.GrpcServerProtocolClient.requestVote(GrpcServerProtocolClient.java:99)
	at org.apache.ratis.grpc.server.GrpcService.requestVote(GrpcService.java:204)
	at org.apache.ratis.server.impl.LeaderElection.lambda$submitRequests$1(LeaderElection.java:234)
	at java.util.concurrent.FutureTask.run(FutureTask.java:266)
	at java.util.concurrent.Executors$RunnableAdapter.call(Executors.java:511)
	at java.util.concurrent.FutureTask.run(FutureTask.java:266)
	at java.util.concurrent.ThreadPoolExecutor.runWorker(ThreadPoolExecutor.java:1149)
	at java.util.concurrent.ThreadPoolExecutor$Worker.run(ThreadPoolExecutor.java:624)
	... 1 more
Caused by: org.apache.ratis.thirdparty.io.netty.channel.AbstractChannel$AnnotatedConnectException: Connection refused: /192.168.157.200:33211
	at sun.nio.ch.SocketChannelImpl.checkConnect(Native Method)
	at sun.nio.ch.SocketChannelImpl.finishConnect(SocketChannelImpl.java:717)
	at org.apache.ratis.thirdparty.io.netty.channel.socket.nio.NioSocketChannel.doFinishConnect(NioSocketChannel.java:327)
	at org.apache.ratis.thirdparty.io.netty.channel.nio.AbstractNioChannel$AbstractNioUnsafe.finishConnect(AbstractNioChannel.java:340)
	at org.apache.ratis.thirdparty.io.netty.channel.nio.NioEventLoop.processSelectedKey(NioEventLoop.java:632)
	at org.apache.ratis.thirdparty.io.netty.channel.nio.NioEventLoop.processSelectedKeysOptimized(NioEventLoop.java:579)
	at org.apache.ratis.thirdparty.io.netty.channel.nio.NioEventLoop.processSelectedKeys(NioEventLoop.java:496)
	at org.apache.ratis.thirdparty.io.netty.channel.nio.NioEventLoop.run(NioEventLoop.java:458)
	at org.apache.ratis.thirdparty.io.netty.util.concurrent.SingleThreadEventExecutor$5.run(SingleThreadEventExecutor.java:897)
	at org.apache.ratis.thirdparty.io.netty.util.concurrent.FastThreadLocalRunnable.run(FastThreadLocalRunnable.java:30)
	... 1 more
Caused by: java.net.ConnectException: Connection refused
	... 11 more
2019-11-13 13:03:06,193 [ccb58d27-4340-4f56-86e1-f88286cea239@group-7E5EA1404CE1-LeaderElection256] INFO  impl.RaftServerImpl (RaftServerImpl.java:setRole(173)) - ccb58d27-4340-4f56-86e1-f88286cea239@group-7E5EA1404CE1: changes role from CANDIDATE to FOLLOWER at term 6 for DISCOVERED_A_NEW_TERM
2019-11-13 13:03:06,193 [ccb58d27-4340-4f56-86e1-f88286cea239@group-7E5EA1404CE1-LeaderElection256] INFO  impl.RoleInfo (RoleInfo.java:shutdownLeaderElection(134)) - ccb58d27-4340-4f56-86e1-f88286cea239: shutdown LeaderElection
2019-11-13 13:03:06,193 [ccb58d27-4340-4f56-86e1-f88286cea239@group-7E5EA1404CE1-LeaderElection256] INFO  impl.RoleInfo (RoleInfo.java:updateAndGet(143)) - ccb58d27-4340-4f56-86e1-f88286cea239: start FollowerState
2019-11-13 13:03:06,480 [grpc-default-executor-11] WARN  server.GrpcLogAppender (LogUtils.java:warn(134)) - 3d7387af-ecb5-4c7d-b20b-5fe48849adda@group-E165AE56C698->1a33519a-3def-4d79-b3e5-c4d8286dc86e-AppendLogResponseHandler: Failed appendEntries: org.apache.ratis.thirdparty.io.grpc.StatusRuntimeException: UNAVAILABLE: io exception
2019-11-13 13:03:06,481 [grpc-default-executor-11] INFO  impl.FollowerInfo (FollowerInfo.java:lambda$new$0(51)) - 3d7387af-ecb5-4c7d-b20b-5fe48849adda@group-E165AE56C698->1a33519a-3def-4d79-b3e5-c4d8286dc86e: nextIndex: updateUnconditionally 0 -> 0
2019-11-13 13:03:06,489 [grpc-default-executor-11] WARN  server.GrpcLogAppender (LogUtils.java:warn(134)) - 3d7387af-ecb5-4c7d-b20b-5fe48849adda@group-E165AE56C698->318b4bc4-2a6a-4055-b801-3341d5814353-AppendLogResponseHandler: Failed appendEntries: org.apache.ratis.thirdparty.io.grpc.StatusRuntimeException: UNAVAILABLE: io exception
2019-11-13 13:03:06,489 [grpc-default-executor-11] INFO  impl.FollowerInfo (FollowerInfo.java:lambda$new$0(51)) - 3d7387af-ecb5-4c7d-b20b-5fe48849adda@group-E165AE56C698->318b4bc4-2a6a-4055-b801-3341d5814353: nextIndex: updateUnconditionally 0 -> 0
2019-11-13 13:03:06,960 [main] INFO  ozoneimpl.OzoneContainer (OzoneContainer.java:stop(244)) - Attempting to stop container services.
2019-11-13 13:03:06,961 [main] INFO  impl.RaftServerProxy (RaftServerProxy.java:lambda$close$4(314)) - 3d7387af-ecb5-4c7d-b20b-5fe48849adda: close
2019-11-13 13:03:06,962 [main] INFO  impl.RaftServerImpl (RaftServerImpl.java:lambda$shutdown$3(250)) - 3d7387af-ecb5-4c7d-b20b-5fe48849adda@group-0B9C24A60E0B: shutdown
2019-11-13 13:03:06,962 [main] INFO  util.JmxRegister (JmxRegister.java:unregister(73)) - Successfully un-registered JMX Bean with object name Ratis:service=RaftServer,group=group-0B9C24A60E0B,id=3d7387af-ecb5-4c7d-b20b-5fe48849adda
2019-11-13 13:03:06,962 [main] INFO  impl.RoleInfo (RoleInfo.java:shutdownLeaderState(104)) - 3d7387af-ecb5-4c7d-b20b-5fe48849adda: shutdown LeaderState
2019-11-13 13:03:06,963 [main] INFO  impl.PendingRequests (PendingRequests.java:sendNotLeaderResponses(206)) - 3d7387af-ecb5-4c7d-b20b-5fe48849adda@group-0B9C24A60E0B-PendingRequests: sendNotLeaderResponses
2019-11-13 13:03:06,963 [main] INFO  impl.StateMachineUpdater (StateMachineUpdater.java:stopAndJoin(136)) - 3d7387af-ecb5-4c7d-b20b-5fe48849adda@group-0B9C24A60E0B-StateMachineUpdater: set stopIndex = 0
2019-11-13 13:03:06,964 [ForkJoinPool.commonPool-worker-0] INFO  ozoneimpl.OzoneContainer (OzoneContainer.java:stop(244)) - Attempting to stop container services.
2019-11-13 13:03:06,965 [main] INFO  impl.RaftServerImpl (ServerState.java:close(387)) - 3d7387af-ecb5-4c7d-b20b-5fe48849adda@group-0B9C24A60E0B: closes. applyIndex: 0
2019-11-13 13:03:06,965 [ForkJoinPool.commonPool-worker-0] INFO  impl.RaftServerProxy (RaftServerProxy.java:lambda$close$4(314)) - ccb58d27-4340-4f56-86e1-f88286cea239: close
2019-11-13 13:03:06,965 [ForkJoinPool.commonPool-worker-0] INFO  impl.RaftServerImpl (RaftServerImpl.java:lambda$shutdown$3(250)) - ccb58d27-4340-4f56-86e1-f88286cea239@group-7E5EA1404CE1: shutdown
2019-11-13 13:03:06,965 [3d7387af-ecb5-4c7d-b20b-5fe48849adda@group-0B9C24A60E0B-SegmentedRaftLogWorker] INFO  segmented.SegmentedRaftLogWorker (SegmentedRaftLogWorker.java:run(316)) - 3d7387af-ecb5-4c7d-b20b-5fe48849adda@group-0B9C24A60E0B-SegmentedRaftLogWorker was interrupted, exiting. There are 0 tasks remaining in the queue.
2019-11-13 13:03:06,965 [ForkJoinPool.commonPool-worker-0] INFO  util.JmxRegister (JmxRegister.java:unregister(73)) - Successfully un-registered JMX Bean with object name Ratis:service=RaftServer,group=group-7E5EA1404CE1,id=ccb58d27-4340-4f56-86e1-f88286cea239
2019-11-13 13:03:06,966 [main] INFO  segmented.SegmentedRaftLogWorker (SegmentedRaftLogWorker.java:close(224)) - 3d7387af-ecb5-4c7d-b20b-5fe48849adda@group-0B9C24A60E0B-SegmentedRaftLogWorker close()
2019-11-13 13:03:06,966 [ForkJoinPool.commonPool-worker-0] INFO  impl.RoleInfo (RoleInfo.java:shutdownFollowerState(121)) - ccb58d27-4340-4f56-86e1-f88286cea239: shutdown FollowerState
2019-11-13 13:03:06,966 [main] INFO  impl.RaftServerImpl (RaftServerImpl.java:lambda$shutdown$3(250)) - 3d7387af-ecb5-4c7d-b20b-5fe48849adda@group-E165AE56C698: shutdown
2019-11-13 13:03:06,966 [ccb58d27-4340-4f56-86e1-f88286cea239@group-7E5EA1404CE1-StateMachineUpdater] INFO  ratis.ContainerStateMachine (ContainerStateMachine.java:takeSnapshot(285)) - group-7E5EA1404CE1: Taking a snapshot at:(t:1, i:3) file /workdir/hadoop-ozone/integration-test/target/test-dir/MiniOzoneClusterImpl-90e8aeb1-2975-47c6-9bba-faf27de7fb8c/datanode-1/data/ratis/360249f9-3a3f-4ff9-aaba-7e5ea1404ce1/sm/snapshot.1_3
2019-11-13 13:03:06,966 [Thread-4594] INFO  impl.FollowerState (FollowerState.java:run(120)) - ccb58d27-4340-4f56-86e1-f88286cea239@group-7E5EA1404CE1-FollowerState was interrupted: java.lang.InterruptedException: sleep interrupted
2019-11-13 13:03:06,966 [ForkJoinPool.commonPool-worker-0] INFO  impl.StateMachineUpdater (StateMachineUpdater.java:stopAndJoin(136)) - ccb58d27-4340-4f56-86e1-f88286cea239@group-7E5EA1404CE1-StateMachineUpdater: set stopIndex = 5
2019-11-13 13:03:06,966 [main] INFO  util.JmxRegister (JmxRegister.java:unregister(73)) - Successfully un-registered JMX Bean with object name Ratis:service=RaftServer,group=group-E165AE56C698,id=3d7387af-ecb5-4c7d-b20b-5fe48849adda
2019-11-13 13:03:06,967 [main] INFO  impl.RoleInfo (RoleInfo.java:shutdownLeaderState(104)) - 3d7387af-ecb5-4c7d-b20b-5fe48849adda: shutdown LeaderState
2019-11-13 13:03:06,969 [org.apache.ratis.server.impl.LogAppender$AppenderDaemon$$Lambda$482/251411839@1917ac0d] WARN  server.GrpcLogAppender (GrpcLogAppender.java:mayWait(151)) - 3d7387af-ecb5-4c7d-b20b-5fe48849adda@group-E165AE56C698->1a33519a-3def-4d79-b3e5-c4d8286dc86e-GrpcLogAppender: Wait interrupted by java.lang.InterruptedException
2019-11-13 13:03:06,970 [org.apache.ratis.server.impl.LogAppender$AppenderDaemon$$Lambda$482/251411839@5c15214b] WARN  server.GrpcLogAppender (GrpcLogAppender.java:mayWait(151)) - 3d7387af-ecb5-4c7d-b20b-5fe48849adda@group-E165AE56C698->318b4bc4-2a6a-4055-b801-3341d5814353-GrpcLogAppender: Wait interrupted by java.lang.InterruptedException
2019-11-13 13:03:06,970 [main] INFO  impl.PendingRequests (PendingRequests.java:sendNotLeaderResponses(206)) - 3d7387af-ecb5-4c7d-b20b-5fe48849adda@group-E165AE56C698-PendingRequests: sendNotLeaderResponses
2019-11-13 13:03:06,970 [main] INFO  impl.StateMachineUpdater (StateMachineUpdater.java:stopAndJoin(136)) - 3d7387af-ecb5-4c7d-b20b-5fe48849adda@group-E165AE56C698-StateMachineUpdater: set stopIndex = 0
2019-11-13 13:03:06,971 [main] INFO  impl.RaftServerImpl (ServerState.java:close(387)) - 3d7387af-ecb5-4c7d-b20b-5fe48849adda@group-E165AE56C698: closes. applyIndex: 0
2019-11-13 13:03:06,971 [3d7387af-ecb5-4c7d-b20b-5fe48849adda@group-E165AE56C698-SegmentedRaftLogWorker] INFO  segmented.SegmentedRaftLogWorker (SegmentedRaftLogWorker.java:run(316)) - 3d7387af-ecb5-4c7d-b20b-5fe48849adda@group-E165AE56C698-SegmentedRaftLogWorker was interrupted, exiting. There are 0 tasks remaining in the queue.
2019-11-13 13:03:06,971 [main] INFO  segmented.SegmentedRaftLogWorker (SegmentedRaftLogWorker.java:close(224)) - 3d7387af-ecb5-4c7d-b20b-5fe48849adda@group-E165AE56C698-SegmentedRaftLogWorker close()
2019-11-13 13:03:06,972 [main] INFO  server.GrpcService (GrpcService.java:closeImpl(164)) - 3d7387af-ecb5-4c7d-b20b-5fe48849adda: shutdown server with port 37245 now
2019-11-13 13:03:06,972 [main] INFO  server.GrpcService (GrpcService.java:closeImpl(172)) - 3d7387af-ecb5-4c7d-b20b-5fe48849adda: shutdown server with port 37245 successfully
2019-11-13 13:03:06,974 [refreshUsed-/workdir/hadoop-ozone/integration-test/target/test-dir/MiniOzoneClusterImpl-90e8aeb1-2975-47c6-9bba-faf27de7fb8c/datanode-7/data/containers] WARN  fs.CachingGetSpaceUsed (CachingGetSpaceUsed.java:run(183)) - Thread Interrupted waiting to refresh disk information: sleep interrupted
2019-11-13 13:03:06,992 [main] INFO  utils.BackgroundService (BackgroundService.java:shutdown(151)) - Shutting down service BlockDeletingService
2019-11-13 13:03:06,994 [main] INFO  statemachine.DatanodeStateMachine (DatanodeStateMachine.java:stopDaemon(395)) - Ozone container server stopped.
2019-11-13 13:03:06,995 [main] INFO  handler.ContextHandler (ContextHandler.java:doStop(910)) - Stopped o.e.j.w.WebAppContext@4466cf5d{/,null,UNAVAILABLE}{/hddsDatanode}
2019-11-13 13:03:06,996 [main] INFO  server.AbstractConnector (AbstractConnector.java:doStop(318)) - Stopped ServerConnector@2c60ce47{HTTP/1.1,[http/1.1]}{0.0.0.0:0}
2019-11-13 13:03:06,996 [main] INFO  handler.ContextHandler (ContextHandler.java:doStop(910)) - Stopped o.e.j.s.ServletContextHandler@3db6dd52{/static,jar:file:/home/user/.m2/repository/org/apache/hadoop/hadoop-hdds-container-service/0.5.0-SNAPSHOT/hadoop-hdds-container-service-0.5.0-SNAPSHOT.jar!/webapps/static,UNAVAILABLE}
2019-11-13 13:03:06,996 [main] INFO  handler.ContextHandler (ContextHandler.java:doStop(910)) - Stopped o.e.j.s.ServletContextHandler@26fadd98{/logs,file:///workdir/hadoop-ozone/integration-test/target/log,UNAVAILABLE}
2019-11-13 13:03:07,010 [ccb58d27-4340-4f56-86e1-f88286cea239@group-7E5EA1404CE1-StateMachineUpdater] INFO  ratis.ContainerStateMachine (ContainerStateMachine.java:takeSnapshot(296)) - group-7E5EA1404CE1: Finished taking a snapshot at:(t:1, i:3) file:/workdir/hadoop-ozone/integration-test/target/test-dir/MiniOzoneClusterImpl-90e8aeb1-2975-47c6-9bba-faf27de7fb8c/datanode-1/data/ratis/360249f9-3a3f-4ff9-aaba-7e5ea1404ce1/sm/snapshot.1_3 time:44
2019-11-13 13:03:07,011 [ccb58d27-4340-4f56-86e1-f88286cea239@group-7E5EA1404CE1-StateMachineUpdater] INFO  impl.StateMachineUpdater (StateMachineUpdater.java:takeSnapshot(269)) - ccb58d27-4340-4f56-86e1-f88286cea239@group-7E5EA1404CE1-StateMachineUpdater: Took a snapshot at index 3
2019-11-13 13:03:07,011 [ccb58d27-4340-4f56-86e1-f88286cea239@group-7E5EA1404CE1-StateMachineUpdater] INFO  impl.StateMachineUpdater (StateMachineUpdater.java:lambda$new$0(84)) - ccb58d27-4340-4f56-86e1-f88286cea239@group-7E5EA1404CE1-StateMachineUpdater: snapshotIndex: updateIncreasingly -1 -> 3
2019-11-13 13:03:07,011 [ccb58d27-4340-4f56-86e1-f88286cea239@group-7E5EA1404CE1-StateMachineUpdater] INFO  ratis.ContainerStateMachine (ContainerStateMachine.java:takeSnapshot(285)) - group-7E5EA1404CE1: Taking a snapshot at:(t:1, i:3) file /workdir/hadoop-ozone/integration-test/target/test-dir/MiniOzoneClusterImpl-90e8aeb1-2975-47c6-9bba-faf27de7fb8c/datanode-1/data/ratis/360249f9-3a3f-4ff9-aaba-7e5ea1404ce1/sm/snapshot.1_3
2019-11-13 13:03:07,055 [ccb58d27-4340-4f56-86e1-f88286cea239@group-7E5EA1404CE1-StateMachineUpdater] INFO  ratis.ContainerStateMachine (ContainerStateMachine.java:takeSnapshot(296)) - group-7E5EA1404CE1: Finished taking a snapshot at:(t:1, i:3) file:/workdir/hadoop-ozone/integration-test/target/test-dir/MiniOzoneClusterImpl-90e8aeb1-2975-47c6-9bba-faf27de7fb8c/datanode-1/data/ratis/360249f9-3a3f-4ff9-aaba-7e5ea1404ce1/sm/snapshot.1_3 time:43
2019-11-13 13:03:07,055 [ccb58d27-4340-4f56-86e1-f88286cea239@group-7E5EA1404CE1-StateMachineUpdater] INFO  impl.StateMachineUpdater (StateMachineUpdater.java:takeSnapshot(269)) - ccb58d27-4340-4f56-86e1-f88286cea239@group-7E5EA1404CE1-StateMachineUpdater: Took a snapshot at index 3
2019-11-13 13:03:07,055 [ccb58d27-4340-4f56-86e1-f88286cea239@group-7E5EA1404CE1-StateMachineUpdater] INFO  impl.StateMachineUpdater (StateMachineUpdater.java:lambda$new$0(84)) - ccb58d27-4340-4f56-86e1-f88286cea239@group-7E5EA1404CE1-StateMachineUpdater: snapshotIndex: updateIncreasingly 3 -> 3
2019-11-13 13:03:07,056 [ForkJoinPool.commonPool-worker-0] INFO  impl.RaftServerImpl (ServerState.java:close(387)) - ccb58d27-4340-4f56-86e1-f88286cea239@group-7E5EA1404CE1: closes. applyIndex: 5
2019-11-13 13:03:07,056 [ccb58d27-4340-4f56-86e1-f88286cea239@group-7E5EA1404CE1-SegmentedRaftLogWorker] INFO  segmented.SegmentedRaftLogWorker (SegmentedRaftLogWorker.java:run(316)) - ccb58d27-4340-4f56-86e1-f88286cea239@group-7E5EA1404CE1-SegmentedRaftLogWorker was interrupted, exiting. There are 0 tasks remaining in the queue.
2019-11-13 13:03:07,056 [ForkJoinPool.commonPool-worker-0] INFO  segmented.SegmentedRaftLogWorker (SegmentedRaftLogWorker.java:close(224)) - ccb58d27-4340-4f56-86e1-f88286cea239@group-7E5EA1404CE1-SegmentedRaftLogWorker close()
2019-11-13 13:03:07,056 [ForkJoinPool.commonPool-worker-0] INFO  impl.RaftServerImpl (RaftServerImpl.java:lambda$shutdown$3(250)) - ccb58d27-4340-4f56-86e1-f88286cea239@group-FAD0BC5E1D41: shutdown
2019-11-13 13:03:07,056 [ForkJoinPool.commonPool-worker-0] INFO  util.JmxRegister (JmxRegister.java:unregister(73)) - Successfully un-registered JMX Bean with object name Ratis:service=RaftServer,group=group-FAD0BC5E1D41,id=ccb58d27-4340-4f56-86e1-f88286cea239
2019-11-13 13:03:07,057 [ForkJoinPool.commonPool-worker-0] INFO  impl.RoleInfo (RoleInfo.java:shutdownLeaderState(104)) - ccb58d27-4340-4f56-86e1-f88286cea239: shutdown LeaderState
2019-11-13 13:03:07,057 [ForkJoinPool.commonPool-worker-0] INFO  impl.PendingRequests (PendingRequests.java:sendNotLeaderResponses(206)) - ccb58d27-4340-4f56-86e1-f88286cea239@group-FAD0BC5E1D41-PendingRequests: sendNotLeaderResponses
2019-11-13 13:03:07,057 [ForkJoinPool.commonPool-worker-0] INFO  impl.StateMachineUpdater (StateMachineUpdater.java:stopAndJoin(136)) - ccb58d27-4340-4f56-86e1-f88286cea239@group-FAD0BC5E1D41-StateMachineUpdater: set stopIndex = 0
2019-11-13 13:03:07,057 [ForkJoinPool.commonPool-worker-0] INFO  impl.RaftServerImpl (ServerState.java:close(387)) - ccb58d27-4340-4f56-86e1-f88286cea239@group-FAD0BC5E1D41: closes. applyIndex: 0
2019-11-13 13:03:07,058 [ccb58d27-4340-4f56-86e1-f88286cea239@group-FAD0BC5E1D41-SegmentedRaftLogWorker] INFO  segmented.SegmentedRaftLogWorker (SegmentedRaftLogWorker.java:run(316)) - ccb58d27-4340-4f56-86e1-f88286cea239@group-FAD0BC5E1D41-SegmentedRaftLogWorker was interrupted, exiting. There are 0 tasks remaining in the queue.
2019-11-13 13:03:07,058 [ForkJoinPool.commonPool-worker-0] INFO  segmented.SegmentedRaftLogWorker (SegmentedRaftLogWorker.java:close(224)) - ccb58d27-4340-4f56-86e1-f88286cea239@group-FAD0BC5E1D41-SegmentedRaftLogWorker close()
2019-11-13 13:03:07,058 [ForkJoinPool.commonPool-worker-0] INFO  server.GrpcService (GrpcService.java:closeImpl(164)) - ccb58d27-4340-4f56-86e1-f88286cea239: shutdown server with port 36584 now
2019-11-13 13:03:07,058 [ForkJoinPool.commonPool-worker-0] INFO  server.GrpcService (GrpcService.java:closeImpl(172)) - ccb58d27-4340-4f56-86e1-f88286cea239: shutdown server with port 36584 successfully
2019-11-13 13:03:07,061 [refreshUsed-/workdir/hadoop-ozone/integration-test/target/test-dir/MiniOzoneClusterImpl-90e8aeb1-2975-47c6-9bba-faf27de7fb8c/datanode-1/data/containers] WARN  fs.CachingGetSpaceUsed (CachingGetSpaceUsed.java:run(183)) - Thread Interrupted waiting to refresh disk information: sleep interrupted
2019-11-13 13:03:07,076 [ForkJoinPool.commonPool-worker-0] INFO  utils.BackgroundService (BackgroundService.java:shutdown(151)) - Shutting down service BlockDeletingService
2019-11-13 13:03:07,077 [ForkJoinPool.commonPool-worker-0] INFO  statemachine.DatanodeStateMachine (DatanodeStateMachine.java:stopDaemon(395)) - Ozone container server stopped.
2019-11-13 13:03:07,078 [ForkJoinPool.commonPool-worker-0] INFO  handler.ContextHandler (ContextHandler.java:doStop(910)) - Stopped o.e.j.w.WebAppContext@3de79067{/,null,UNAVAILABLE}{/hddsDatanode}
2019-11-13 13:03:07,079 [ForkJoinPool.commonPool-worker-0] INFO  server.AbstractConnector (AbstractConnector.java:doStop(318)) - Stopped ServerConnector@1eb85a47{HTTP/1.1,[http/1.1]}{0.0.0.0:0}
2019-11-13 13:03:07,080 [ForkJoinPool.commonPool-worker-0] INFO  handler.ContextHandler (ContextHandler.java:doStop(910)) - Stopped o.e.j.s.ServletContextHandler@2ce524d2{/static,jar:file:/home/user/.m2/repository/org/apache/hadoop/hadoop-hdds-container-service/0.5.0-SNAPSHOT/hadoop-hdds-container-service-0.5.0-SNAPSHOT.jar!/webapps/static,UNAVAILABLE}
2019-11-13 13:03:07,081 [ForkJoinPool.commonPool-worker-0] INFO  handler.ContextHandler (ContextHandler.java:doStop(910)) - Stopped o.e.j.s.ServletContextHandler@7e191fda{/logs,file:///workdir/hadoop-ozone/integration-test/target/log,UNAVAILABLE}
2019-11-13 13:03:07,082 [main] INFO  ozone.MiniOzoneClusterImpl (MiniOzoneClusterImpl.java:stopSCM(430)) - Stopping the StorageContainerManager
2019-11-13 13:03:07,082 [main] INFO  server.StorageContainerManager (StorageContainerManager.java:stop(802)) - Stopping Replication Manager Service.
2019-11-13 13:03:07,082 [main] INFO  container.ReplicationManager (ReplicationManager.java:stop(203)) - Stopping Replication Monitor Thread.
2019-11-13 13:03:07,082 [main] INFO  server.StorageContainerManager (StorageContainerManager.java:stop(809)) - Stopping Lease Manager of the command watchers
2019-11-13 13:03:07,082 [main] INFO  server.StorageContainerManager (StorageContainerManager.java:stop(816)) - Stopping datanode service RPC server
2019-11-13 13:03:07,082 [main] INFO  server.SCMDatanodeProtocolServer (SCMDatanodeProtocolServer.java:stop(346)) - Stopping the RPC server for DataNodes
2019-11-13 13:03:07,083 [main] INFO  ipc.Server (Server.java:stop(3082)) - Stopping server on 38516
2019-11-13 13:03:07,084 [IPC Server listener on 38516] INFO  ipc.Server (Server.java:run(1185)) - Stopping IPC Server listener on 38516
2019-11-13 13:03:07,085 [IPC Server Responder] INFO  ipc.Server (Server.java:run(1319)) - Stopping IPC Server Responder
2019-11-13 13:03:07,123 [SCM Heartbeat Processing Thread - 0] WARN  node.NodeStateManager (NodeStateManager.java:scheduleNextHealthCheck(646)) - Current Thread is interrupted, shutting down HB processing thread for Node Manager.
2019-11-13 13:03:07,124 [main] INFO  server.StorageContainerManager (StorageContainerManager.java:stop(824)) - Stopping block service RPC server
2019-11-13 13:03:07,124 [main] INFO  server.SCMBlockProtocolServer (SCMBlockProtocolServer.java:stop(155)) - Stopping the RPC server for Block Protocol
2019-11-13 13:03:07,124 [main] INFO  ipc.Server (Server.java:stop(3082)) - Stopping server on 43855
2019-11-13 13:03:07,126 [IPC Server listener on 43855] INFO  ipc.Server (Server.java:run(1185)) - Stopping IPC Server listener on 43855
2019-11-13 13:03:07,126 [main] INFO  server.StorageContainerManager (StorageContainerManager.java:stop(831)) - Stopping the StorageContainerLocationProtocol RPC server
2019-11-13 13:03:07,127 [IPC Server Responder] INFO  ipc.Server (Server.java:run(1319)) - Stopping IPC Server Responder
2019-11-13 13:03:07,127 [main] INFO  server.SCMClientProtocolServer (SCMClientProtocolServer.java:stop(168)) - Stopping the RPC server for Client Protocol
2019-11-13 13:03:07,127 [main] INFO  ipc.Server (Server.java:stop(3082)) - Stopping server on 37979
2019-11-13 13:03:07,128 [IPC Server listener on 37979] INFO  ipc.Server (Server.java:run(1185)) - Stopping IPC Server listener on 37979
2019-11-13 13:03:07,128 [main] INFO  server.StorageContainerManager (StorageContainerManager.java:stop(838)) - Stopping Storage Container Manager HTTP server.
2019-11-13 13:03:07,129 [IPC Server Responder] INFO  ipc.Server (Server.java:run(1319)) - Stopping IPC Server Responder
2019-11-13 13:03:07,130 [main] INFO  handler.ContextHandler (ContextHandler.java:doStop(910)) - Stopped o.e.j.w.WebAppContext@28768e25{/,null,UNAVAILABLE}{/scm}
2019-11-13 13:03:07,130 [main] INFO  server.AbstractConnector (AbstractConnector.java:doStop(318)) - Stopped ServerConnector@310d57b1{HTTP/1.1,[http/1.1]}{0.0.0.0:0}
2019-11-13 13:03:07,131 [main] INFO  handler.ContextHandler (ContextHandler.java:doStop(910)) - Stopped o.e.j.s.ServletContextHandler@10d18696{/static,file:///workdir/hadoop-ozone/integration-test/target/test-classes/webapps/static,UNAVAILABLE}
2019-11-13 13:03:07,131 [main] INFO  handler.ContextHandler (ContextHandler.java:doStop(910)) - Stopped o.e.j.s.ServletContextHandler@33e4b9c4{/logs,file:///workdir/hadoop-ozone/integration-test/target/log,UNAVAILABLE}
2019-11-13 13:03:07,132 [main] INFO  server.StorageContainerManager (StorageContainerManager.java:stop(849)) - Stopping Block Manager Service.
2019-11-13 13:03:07,132 [main] INFO  utils.BackgroundService (BackgroundService.java:shutdown(151)) - Shutting down service SCMBlockDeletingService
2019-11-13 13:03:07,132 [main] INFO  utils.BackgroundService (BackgroundService.java:shutdown(151)) - Shutting down service SCMBlockDeletingService
2019-11-13 13:03:07,132 [main] INFO  server.StorageContainerManager (StorageContainerManager.java:stop(871)) - Stopping SCM Event Queue.
2019-11-13 13:03:07,137 [main] INFO  impl.MetricsSystemImpl (MetricsSystemImpl.java:stop(210)) - Stopping HddsDatanode metrics system...
2019-11-13 13:03:07,145 [main] INFO  impl.MetricsSystemImpl (MetricsSystemImpl.java:stop(216)) - HddsDatanode metrics system stopped.
]]></system-out>
    <system-err><![CDATA[Nov 13, 2019 1:02:26 PM org.apache.ratis.thirdparty.io.grpc.internal.ManagedChannelOrphanWrapper$ManagedChannelReference cleanQueue
SEVERE: *~*~*~ Channel ManagedChannelImpl{logId=919, target=192.168.157.200:37755} was not shutdown properly!!! ~*~*~*
    Make sure to call shutdown()/shutdownNow() and wait until awaitTermination() returns true.
java.lang.RuntimeException: ManagedChannel allocation site
	at org.apache.ratis.thirdparty.io.grpc.internal.ManagedChannelOrphanWrapper$ManagedChannelReference.<init>(ManagedChannelOrphanWrapper.java:103)
	at org.apache.ratis.thirdparty.io.grpc.internal.ManagedChannelOrphanWrapper.<init>(ManagedChannelOrphanWrapper.java:53)
	at org.apache.ratis.thirdparty.io.grpc.internal.ManagedChannelOrphanWrapper.<init>(ManagedChannelOrphanWrapper.java:44)
	at org.apache.ratis.thirdparty.io.grpc.internal.AbstractManagedChannelImplBuilder.build(AbstractManagedChannelImplBuilder.java:411)
	at org.apache.hadoop.hdds.scm.XceiverClientGrpc.connectToDatanode(XceiverClientGrpc.java:189)
	at org.apache.hadoop.hdds.scm.XceiverClientGrpc.connect(XceiverClientGrpc.java:138)
	at org.apache.hadoop.hdds.scm.XceiverClientManager$2.call(XceiverClientManager.java:242)
	at org.apache.hadoop.hdds.scm.XceiverClientManager$2.call(XceiverClientManager.java:226)
	at com.google.common.cache.LocalCache$LocalManualCache$1.load(LocalCache.java:4767)
	at com.google.common.cache.LocalCache$LoadingValueReference.loadFuture(LocalCache.java:3568)
	at com.google.common.cache.LocalCache$Segment.loadSync(LocalCache.java:2350)
	at com.google.common.cache.LocalCache$Segment.lockedGetOrLoad(LocalCache.java:2313)
	at com.google.common.cache.LocalCache$Segment.get(LocalCache.java:2228)
	at com.google.common.cache.LocalCache.get(LocalCache.java:3965)
	at com.google.common.cache.LocalCache$LocalManualCache.get(LocalCache.java:4764)
	at org.apache.hadoop.hdds.scm.XceiverClientManager.getClient(XceiverClientManager.java:226)
	at org.apache.hadoop.hdds.scm.XceiverClientManager.acquireClient(XceiverClientManager.java:172)
	at org.apache.hadoop.hdds.scm.XceiverClientManager.acquireClientForReadData(XceiverClientManager.java:162)
	at org.apache.hadoop.hdds.scm.storage.BlockInputStream.getChunkInfos(BlockInputStream.java:154)
	at org.apache.hadoop.hdds.scm.storage.BlockInputStream.initialize(BlockInputStream.java:118)
	at org.apache.hadoop.hdds.scm.storage.BlockInputStream.read(BlockInputStream.java:224)
	at org.apache.hadoop.ozone.client.io.KeyInputStream.read(KeyInputStream.java:173)
	at org.apache.hadoop.ozone.client.io.OzoneInputStream.read(OzoneInputStream.java:47)
	at java.io.InputStream.read(InputStream.java:101)
	at org.apache.hadoop.ozone.container.ContainerTestHelper.validateData(ContainerTestHelper.java:754)
	at org.apache.hadoop.ozone.client.rpc.TestFailureHandlingByClient.validateData(TestFailureHandlingByClient.java:413)
	at org.apache.hadoop.ozone.client.rpc.TestFailureHandlingByClient.testContainerExclusionWithClosedContainerException(TestFailureHandlingByClient.java:277)
	at sun.reflect.NativeMethodAccessorImpl.invoke0(Native Method)
	at sun.reflect.NativeMethodAccessorImpl.invoke(NativeMethodAccessorImpl.java:62)
	at sun.reflect.DelegatingMethodAccessorImpl.invoke(DelegatingMethodAccessorImpl.java:43)
	at java.lang.reflect.Method.invoke(Method.java:498)
	at org.junit.runners.model.FrameworkMethod$1.runReflectiveCall(FrameworkMethod.java:47)
	at org.junit.internal.runners.model.ReflectiveCallable.run(ReflectiveCallable.java:12)
	at org.junit.runners.model.FrameworkMethod.invokeExplosively(FrameworkMethod.java:44)
	at org.junit.internal.runners.statements.InvokeMethod.evaluate(InvokeMethod.java:17)
	at org.junit.internal.runners.statements.RunAfters.evaluate(RunAfters.java:27)
	at org.junit.runners.ParentRunner.runLeaf(ParentRunner.java:271)
	at org.junit.runners.BlockJUnit4ClassRunner.runChild(BlockJUnit4ClassRunner.java:70)
	at org.junit.runners.BlockJUnit4ClassRunner.runChild(BlockJUnit4ClassRunner.java:50)
	at org.junit.runners.ParentRunner$3.run(ParentRunner.java:238)
	at org.junit.runners.ParentRunner$1.schedule(ParentRunner.java:63)
	at org.junit.runners.ParentRunner.runChildren(ParentRunner.java:236)
	at org.junit.runners.ParentRunner.access$000(ParentRunner.java:53)
	at org.junit.runners.ParentRunner$2.evaluate(ParentRunner.java:229)
	at org.junit.runners.ParentRunner.run(ParentRunner.java:309)
	at org.apache.maven.surefire.junit4.JUnit4Provider.execute(JUnit4Provider.java:365)
	at org.apache.maven.surefire.junit4.JUnit4Provider.executeWithRerun(JUnit4Provider.java:273)
	at org.apache.maven.surefire.junit4.JUnit4Provider.executeTestSet(JUnit4Provider.java:238)
	at org.apache.maven.surefire.junit4.JUnit4Provider.invoke(JUnit4Provider.java:159)
	at org.apache.maven.surefire.booter.ForkedBooter.invokeProviderInSameClassLoader(ForkedBooter.java:384)
	at org.apache.maven.surefire.booter.ForkedBooter.runSuitesInProcess(ForkedBooter.java:345)
	at org.apache.maven.surefire.booter.ForkedBooter.execute(ForkedBooter.java:126)
	at org.apache.maven.surefire.booter.ForkedBooter.main(ForkedBooter.java:418)

Nov 13, 2019 1:02:26 PM org.apache.ratis.thirdparty.io.grpc.internal.ManagedChannelOrphanWrapper$ManagedChannelReference cleanQueue
SEVERE: *~*~*~ Channel ManagedChannelImpl{logId=2886, target=192.168.157.200:46520} was not shutdown properly!!! ~*~*~*
    Make sure to call shutdown()/shutdownNow() and wait until awaitTermination() returns true.
java.lang.RuntimeException: ManagedChannel allocation site
	at org.apache.ratis.thirdparty.io.grpc.internal.ManagedChannelOrphanWrapper$ManagedChannelReference.<init>(ManagedChannelOrphanWrapper.java:103)
	at org.apache.ratis.thirdparty.io.grpc.internal.ManagedChannelOrphanWrapper.<init>(ManagedChannelOrphanWrapper.java:53)
	at org.apache.ratis.thirdparty.io.grpc.internal.ManagedChannelOrphanWrapper.<init>(ManagedChannelOrphanWrapper.java:44)
	at org.apache.ratis.thirdparty.io.grpc.internal.AbstractManagedChannelImplBuilder.build(AbstractManagedChannelImplBuilder.java:411)
	at org.apache.hadoop.hdds.scm.XceiverClientGrpc.connectToDatanode(XceiverClientGrpc.java:189)
	at org.apache.hadoop.hdds.scm.XceiverClientGrpc.connect(XceiverClientGrpc.java:138)
	at org.apache.hadoop.hdds.scm.XceiverClientManager$2.call(XceiverClientManager.java:242)
	at org.apache.hadoop.hdds.scm.XceiverClientManager$2.call(XceiverClientManager.java:226)
	at com.google.common.cache.LocalCache$LocalManualCache$1.load(LocalCache.java:4767)
	at com.google.common.cache.LocalCache$LoadingValueReference.loadFuture(LocalCache.java:3568)
	at com.google.common.cache.LocalCache$Segment.loadSync(LocalCache.java:2350)
	at com.google.common.cache.LocalCache$Segment.lockedGetOrLoad(LocalCache.java:2313)
	at com.google.common.cache.LocalCache$Segment.get(LocalCache.java:2228)
	at com.google.common.cache.LocalCache.get(LocalCache.java:3965)
	at com.google.common.cache.LocalCache$LocalManualCache.get(LocalCache.java:4764)
	at org.apache.hadoop.hdds.scm.XceiverClientManager.getClient(XceiverClientManager.java:226)
	at org.apache.hadoop.hdds.scm.XceiverClientManager.acquireClient(XceiverClientManager.java:172)
	at org.apache.hadoop.hdds.scm.XceiverClientManager.acquireClientForReadData(XceiverClientManager.java:162)
	at org.apache.hadoop.hdds.scm.storage.BlockInputStream.getChunkInfos(BlockInputStream.java:154)
	at org.apache.hadoop.hdds.scm.storage.BlockInputStream.initialize(BlockInputStream.java:118)
	at org.apache.hadoop.hdds.scm.storage.BlockInputStream.read(BlockInputStream.java:224)
	at org.apache.hadoop.ozone.client.io.KeyInputStream.read(KeyInputStream.java:173)
	at org.apache.hadoop.ozone.client.io.OzoneInputStream.read(OzoneInputStream.java:47)
	at java.io.InputStream.read(InputStream.java:101)
	at org.apache.hadoop.ozone.container.ContainerTestHelper.validateData(ContainerTestHelper.java:754)
	at org.apache.hadoop.ozone.client.rpc.TestFailureHandlingByClient.validateData(TestFailureHandlingByClient.java:413)
	at org.apache.hadoop.ozone.client.rpc.TestFailureHandlingByClient.testBlockWritesWithDnFailures(TestFailureHandlingByClient.java:172)
	at sun.reflect.NativeMethodAccessorImpl.invoke0(Native Method)
	at sun.reflect.NativeMethodAccessorImpl.invoke(NativeMethodAccessorImpl.java:62)
	at sun.reflect.DelegatingMethodAccessorImpl.invoke(DelegatingMethodAccessorImpl.java:43)
	at java.lang.reflect.Method.invoke(Method.java:498)
	at org.junit.runners.model.FrameworkMethod$1.runReflectiveCall(FrameworkMethod.java:47)
	at org.junit.internal.runners.model.ReflectiveCallable.run(ReflectiveCallable.java:12)
	at org.junit.runners.model.FrameworkMethod.invokeExplosively(FrameworkMethod.java:44)
	at org.junit.internal.runners.statements.InvokeMethod.evaluate(InvokeMethod.java:17)
	at org.junit.internal.runners.statements.RunAfters.evaluate(RunAfters.java:27)
	at org.junit.runners.ParentRunner.runLeaf(ParentRunner.java:271)
	at org.junit.runners.BlockJUnit4ClassRunner.runChild(BlockJUnit4ClassRunner.java:70)
	at org.junit.runners.BlockJUnit4ClassRunner.runChild(BlockJUnit4ClassRunner.java:50)
	at org.junit.runners.ParentRunner$3.run(ParentRunner.java:238)
	at org.junit.runners.ParentRunner$1.schedule(ParentRunner.java:63)
	at org.junit.runners.ParentRunner.runChildren(ParentRunner.java:236)
	at org.junit.runners.ParentRunner.access$000(ParentRunner.java:53)
	at org.junit.runners.ParentRunner$2.evaluate(ParentRunner.java:229)
	at org.junit.runners.ParentRunner.run(ParentRunner.java:309)
	at org.apache.maven.surefire.junit4.JUnit4Provider.execute(JUnit4Provider.java:365)
	at org.apache.maven.surefire.junit4.JUnit4Provider.executeWithRerun(JUnit4Provider.java:273)
	at org.apache.maven.surefire.junit4.JUnit4Provider.executeTestSet(JUnit4Provider.java:238)
	at org.apache.maven.surefire.junit4.JUnit4Provider.invoke(JUnit4Provider.java:159)
	at org.apache.maven.surefire.booter.ForkedBooter.invokeProviderInSameClassLoader(ForkedBooter.java:384)
	at org.apache.maven.surefire.booter.ForkedBooter.runSuitesInProcess(ForkedBooter.java:345)
	at org.apache.maven.surefire.booter.ForkedBooter.execute(ForkedBooter.java:126)
	at org.apache.maven.surefire.booter.ForkedBooter.main(ForkedBooter.java:418)

Nov 13, 2019 1:02:26 PM org.apache.ratis.thirdparty.io.grpc.internal.ManagedChannelOrphanWrapper$ManagedChannelReference cleanQueue
SEVERE: *~*~*~ Channel ManagedChannelImpl{logId=2881, target=192.168.157.200:42161} was not shutdown properly!!! ~*~*~*
    Make sure to call shutdown()/shutdownNow() and wait until awaitTermination() returns true.
java.lang.RuntimeException: ManagedChannel allocation site
	at org.apache.ratis.thirdparty.io.grpc.internal.ManagedChannelOrphanWrapper$ManagedChannelReference.<init>(ManagedChannelOrphanWrapper.java:103)
	at org.apache.ratis.thirdparty.io.grpc.internal.ManagedChannelOrphanWrapper.<init>(ManagedChannelOrphanWrapper.java:53)
	at org.apache.ratis.thirdparty.io.grpc.internal.ManagedChannelOrphanWrapper.<init>(ManagedChannelOrphanWrapper.java:44)
	at org.apache.ratis.thirdparty.io.grpc.internal.AbstractManagedChannelImplBuilder.build(AbstractManagedChannelImplBuilder.java:411)
	at org.apache.ratis.grpc.client.GrpcClientProtocolClient.<init>(GrpcClientProtocolClient.java:128)
	at org.apache.ratis.grpc.client.GrpcClientRpc.lambda$new$0(GrpcClientRpc.java:55)
	at org.apache.ratis.util.PeerProxyMap$PeerAndProxy.lambda$getProxy$0(PeerProxyMap.java:62)
	at org.apache.ratis.util.LifeCycle.startAndTransition(LifeCycle.java:202)
	at org.apache.ratis.util.PeerProxyMap$PeerAndProxy.getProxy(PeerProxyMap.java:61)
	at org.apache.ratis.util.PeerProxyMap.getProxy(PeerProxyMap.java:109)
	at org.apache.ratis.grpc.client.GrpcClientRpc.sendRequestAsync(GrpcClientRpc.java:66)
	at org.apache.ratis.client.impl.OrderedAsync.sendRequest(OrderedAsync.java:233)
	at org.apache.ratis.client.impl.OrderedAsync.sendRequestWithRetry(OrderedAsync.java:188)
	at org.apache.ratis.util.SlidingWindow$Client.sendOrDelayRequest(SlidingWindow.java:278)
	at org.apache.ratis.util.SlidingWindow$Client.retry(SlidingWindow.java:294)
	at org.apache.ratis.client.impl.OrderedAsync.lambda$scheduleWithTimeout$7(OrderedAsync.java:220)
	at org.apache.ratis.util.TimeoutScheduler.lambda$onTimeout$0(TimeoutScheduler.java:141)
	at org.apache.ratis.util.TimeoutScheduler.lambda$onTimeout$1(TimeoutScheduler.java:155)
	at org.apache.ratis.util.LogUtils.runAndLog(LogUtils.java:50)
	at org.apache.ratis.util.LogUtils$1.run(LogUtils.java:91)
	at java.util.concurrent.Executors$RunnableAdapter.call(Executors.java:511)
	at java.util.concurrent.FutureTask.run(FutureTask.java:266)
	at java.util.concurrent.ScheduledThreadPoolExecutor$ScheduledFutureTask.access$201(ScheduledThreadPoolExecutor.java:180)
	at java.util.concurrent.ScheduledThreadPoolExecutor$ScheduledFutureTask.run(ScheduledThreadPoolExecutor.java:293)
	at java.util.concurrent.ThreadPoolExecutor.runWorker(ThreadPoolExecutor.java:1149)
	at java.util.concurrent.ThreadPoolExecutor$Worker.run(ThreadPoolExecutor.java:624)
	at java.lang.Thread.run(Thread.java:748)

Nov 13, 2019 1:02:26 PM org.apache.ratis.thirdparty.io.grpc.internal.ManagedChannelOrphanWrapper$ManagedChannelReference cleanQueue
SEVERE: *~*~*~ Channel ManagedChannelImpl{logId=926, target=192.168.157.200:40078} was not shutdown properly!!! ~*~*~*
    Make sure to call shutdown()/shutdownNow() and wait until awaitTermination() returns true.
java.lang.RuntimeException: ManagedChannel allocation site
	at org.apache.ratis.thirdparty.io.grpc.internal.ManagedChannelOrphanWrapper$ManagedChannelReference.<init>(ManagedChannelOrphanWrapper.java:103)
	at org.apache.ratis.thirdparty.io.grpc.internal.ManagedChannelOrphanWrapper.<init>(ManagedChannelOrphanWrapper.java:53)
	at org.apache.ratis.thirdparty.io.grpc.internal.ManagedChannelOrphanWrapper.<init>(ManagedChannelOrphanWrapper.java:44)
	at org.apache.ratis.thirdparty.io.grpc.internal.AbstractManagedChannelImplBuilder.build(AbstractManagedChannelImplBuilder.java:411)
	at org.apache.hadoop.hdds.scm.XceiverClientGrpc.connectToDatanode(XceiverClientGrpc.java:189)
	at org.apache.hadoop.hdds.scm.XceiverClientGrpc.connect(XceiverClientGrpc.java:138)
	at org.apache.hadoop.hdds.scm.XceiverClientManager$2.call(XceiverClientManager.java:242)
	at org.apache.hadoop.hdds.scm.XceiverClientManager$2.call(XceiverClientManager.java:226)
	at com.google.common.cache.LocalCache$LocalManualCache$1.load(LocalCache.java:4767)
	at com.google.common.cache.LocalCache$LoadingValueReference.loadFuture(LocalCache.java:3568)
	at com.google.common.cache.LocalCache$Segment.loadSync(LocalCache.java:2350)
	at com.google.common.cache.LocalCache$Segment.lockedGetOrLoad(LocalCache.java:2313)
	at com.google.common.cache.LocalCache$Segment.get(LocalCache.java:2228)
	at com.google.common.cache.LocalCache.get(LocalCache.java:3965)
	at com.google.common.cache.LocalCache$LocalManualCache.get(LocalCache.java:4764)
	at org.apache.hadoop.hdds.scm.XceiverClientManager.getClient(XceiverClientManager.java:226)
	at org.apache.hadoop.hdds.scm.XceiverClientManager.acquireClient(XceiverClientManager.java:172)
	at org.apache.hadoop.hdds.scm.XceiverClientManager.acquireClientForReadData(XceiverClientManager.java:162)
	at org.apache.hadoop.hdds.scm.storage.BlockInputStream.getChunkInfos(BlockInputStream.java:154)
	at org.apache.hadoop.hdds.scm.storage.BlockInputStream.initialize(BlockInputStream.java:118)
	at org.apache.hadoop.hdds.scm.storage.BlockInputStream.read(BlockInputStream.java:224)
	at org.apache.hadoop.ozone.client.io.KeyInputStream.read(KeyInputStream.java:173)
	at org.apache.hadoop.ozone.client.io.OzoneInputStream.read(OzoneInputStream.java:47)
	at java.io.InputStream.read(InputStream.java:101)
	at org.apache.hadoop.ozone.container.ContainerTestHelper.validateData(ContainerTestHelper.java:754)
	at org.apache.hadoop.ozone.client.rpc.TestFailureHandlingByClient.validateData(TestFailureHandlingByClient.java:413)
	at org.apache.hadoop.ozone.client.rpc.TestFailureHandlingByClient.testContainerExclusionWithClosedContainerException(TestFailureHandlingByClient.java:277)
	at sun.reflect.NativeMethodAccessorImpl.invoke0(Native Method)
	at sun.reflect.NativeMethodAccessorImpl.invoke(NativeMethodAccessorImpl.java:62)
	at sun.reflect.DelegatingMethodAccessorImpl.invoke(DelegatingMethodAccessorImpl.java:43)
	at java.lang.reflect.Method.invoke(Method.java:498)
	at org.junit.runners.model.FrameworkMethod$1.runReflectiveCall(FrameworkMethod.java:47)
	at org.junit.internal.runners.model.ReflectiveCallable.run(ReflectiveCallable.java:12)
	at org.junit.runners.model.FrameworkMethod.invokeExplosively(FrameworkMethod.java:44)
	at org.junit.internal.runners.statements.InvokeMethod.evaluate(InvokeMethod.java:17)
	at org.junit.internal.runners.statements.RunAfters.evaluate(RunAfters.java:27)
	at org.junit.runners.ParentRunner.runLeaf(ParentRunner.java:271)
	at org.junit.runners.BlockJUnit4ClassRunner.runChild(BlockJUnit4ClassRunner.java:70)
	at org.junit.runners.BlockJUnit4ClassRunner.runChild(BlockJUnit4ClassRunner.java:50)
	at org.junit.runners.ParentRunner$3.run(ParentRunner.java:238)
	at org.junit.runners.ParentRunner$1.schedule(ParentRunner.java:63)
	at org.junit.runners.ParentRunner.runChildren(ParentRunner.java:236)
	at org.junit.runners.ParentRunner.access$000(ParentRunner.java:53)
	at org.junit.runners.ParentRunner$2.evaluate(ParentRunner.java:229)
	at org.junit.runners.ParentRunner.run(ParentRunner.java:309)
	at org.apache.maven.surefire.junit4.JUnit4Provider.execute(JUnit4Provider.java:365)
	at org.apache.maven.surefire.junit4.JUnit4Provider.executeWithRerun(JUnit4Provider.java:273)
	at org.apache.maven.surefire.junit4.JUnit4Provider.executeTestSet(JUnit4Provider.java:238)
	at org.apache.maven.surefire.junit4.JUnit4Provider.invoke(JUnit4Provider.java:159)
	at org.apache.maven.surefire.booter.ForkedBooter.invokeProviderInSameClassLoader(ForkedBooter.java:384)
	at org.apache.maven.surefire.booter.ForkedBooter.runSuitesInProcess(ForkedBooter.java:345)
	at org.apache.maven.surefire.booter.ForkedBooter.execute(ForkedBooter.java:126)
	at org.apache.maven.surefire.booter.ForkedBooter.main(ForkedBooter.java:418)

Nov 13, 2019 1:02:26 PM org.apache.ratis.thirdparty.io.grpc.internal.ManagedChannelOrphanWrapper$ManagedChannelReference cleanQueue
SEVERE: *~*~*~ Channel ManagedChannelImpl{logId=928, target=192.168.157.200:37755} was not shutdown properly!!! ~*~*~*
    Make sure to call shutdown()/shutdownNow() and wait until awaitTermination() returns true.
java.lang.RuntimeException: ManagedChannel allocation site
	at org.apache.ratis.thirdparty.io.grpc.internal.ManagedChannelOrphanWrapper$ManagedChannelReference.<init>(ManagedChannelOrphanWrapper.java:103)
	at org.apache.ratis.thirdparty.io.grpc.internal.ManagedChannelOrphanWrapper.<init>(ManagedChannelOrphanWrapper.java:53)
	at org.apache.ratis.thirdparty.io.grpc.internal.ManagedChannelOrphanWrapper.<init>(ManagedChannelOrphanWrapper.java:44)
	at org.apache.ratis.thirdparty.io.grpc.internal.AbstractManagedChannelImplBuilder.build(AbstractManagedChannelImplBuilder.java:411)
	at org.apache.hadoop.hdds.scm.XceiverClientGrpc.connectToDatanode(XceiverClientGrpc.java:189)
	at org.apache.hadoop.hdds.scm.XceiverClientGrpc.reconnect(XceiverClientGrpc.java:468)
	at org.apache.hadoop.hdds.scm.XceiverClientGrpc.checkOpen(XceiverClientGrpc.java:459)
	at org.apache.hadoop.hdds.scm.XceiverClientGrpc.sendCommandAsync(XceiverClientGrpc.java:401)
	at org.apache.hadoop.hdds.scm.XceiverClientGrpc.sendCommandWithRetry(XceiverClientGrpc.java:320)
	at org.apache.hadoop.hdds.scm.XceiverClientGrpc.sendCommandWithTraceIDAndRetry(XceiverClientGrpc.java:265)
	at org.apache.hadoop.hdds.scm.XceiverClientGrpc.sendCommand(XceiverClientGrpc.java:248)
	at org.apache.hadoop.hdds.scm.storage.ContainerProtocolCalls.getBlock(ContainerProtocolCalls.java:118)
	at org.apache.hadoop.hdds.scm.storage.BlockInputStream.getChunkInfos(BlockInputStream.java:169)
	at org.apache.hadoop.hdds.scm.storage.BlockInputStream.initialize(BlockInputStream.java:118)
	at org.apache.hadoop.hdds.scm.storage.BlockInputStream.read(BlockInputStream.java:224)
	at org.apache.hadoop.ozone.client.io.KeyInputStream.read(KeyInputStream.java:173)
	at org.apache.hadoop.ozone.client.io.OzoneInputStream.read(OzoneInputStream.java:47)
	at java.io.InputStream.read(InputStream.java:101)
	at org.apache.hadoop.ozone.container.ContainerTestHelper.validateData(ContainerTestHelper.java:754)
	at org.apache.hadoop.ozone.client.rpc.TestFailureHandlingByClient.validateData(TestFailureHandlingByClient.java:413)
	at org.apache.hadoop.ozone.client.rpc.TestFailureHandlingByClient.testContainerExclusionWithClosedContainerException(TestFailureHandlingByClient.java:277)
	at sun.reflect.NativeMethodAccessorImpl.invoke0(Native Method)
	at sun.reflect.NativeMethodAccessorImpl.invoke(NativeMethodAccessorImpl.java:62)
	at sun.reflect.DelegatingMethodAccessorImpl.invoke(DelegatingMethodAccessorImpl.java:43)
	at java.lang.reflect.Method.invoke(Method.java:498)
	at org.junit.runners.model.FrameworkMethod$1.runReflectiveCall(FrameworkMethod.java:47)
	at org.junit.internal.runners.model.ReflectiveCallable.run(ReflectiveCallable.java:12)
	at org.junit.runners.model.FrameworkMethod.invokeExplosively(FrameworkMethod.java:44)
	at org.junit.internal.runners.statements.InvokeMethod.evaluate(InvokeMethod.java:17)
	at org.junit.internal.runners.statements.RunAfters.evaluate(RunAfters.java:27)
	at org.junit.runners.ParentRunner.runLeaf(ParentRunner.java:271)
	at org.junit.runners.BlockJUnit4ClassRunner.runChild(BlockJUnit4ClassRunner.java:70)
	at org.junit.runners.BlockJUnit4ClassRunner.runChild(BlockJUnit4ClassRunner.java:50)
	at org.junit.runners.ParentRunner$3.run(ParentRunner.java:238)
	at org.junit.runners.ParentRunner$1.schedule(ParentRunner.java:63)
	at org.junit.runners.ParentRunner.runChildren(ParentRunner.java:236)
	at org.junit.runners.ParentRunner.access$000(ParentRunner.java:53)
	at org.junit.runners.ParentRunner$2.evaluate(ParentRunner.java:229)
	at org.junit.runners.ParentRunner.run(ParentRunner.java:309)
	at org.apache.maven.surefire.junit4.JUnit4Provider.execute(JUnit4Provider.java:365)
	at org.apache.maven.surefire.junit4.JUnit4Provider.executeWithRerun(JUnit4Provider.java:273)
	at org.apache.maven.surefire.junit4.JUnit4Provider.executeTestSet(JUnit4Provider.java:238)
	at org.apache.maven.surefire.junit4.JUnit4Provider.invoke(JUnit4Provider.java:159)
	at org.apache.maven.surefire.booter.ForkedBooter.invokeProviderInSameClassLoader(ForkedBooter.java:384)
	at org.apache.maven.surefire.booter.ForkedBooter.runSuitesInProcess(ForkedBooter.java:345)
	at org.apache.maven.surefire.booter.ForkedBooter.execute(ForkedBooter.java:126)
	at org.apache.maven.surefire.booter.ForkedBooter.main(ForkedBooter.java:418)

Nov 13, 2019 1:02:26 PM org.apache.ratis.thirdparty.io.grpc.internal.ManagedChannelOrphanWrapper$ManagedChannelReference cleanQueue
SEVERE: *~*~*~ Channel ManagedChannelImpl{logId=921, target=192.168.157.200:40078} was not shutdown properly!!! ~*~*~*
    Make sure to call shutdown()/shutdownNow() and wait until awaitTermination() returns true.
java.lang.RuntimeException: ManagedChannel allocation site
	at org.apache.ratis.thirdparty.io.grpc.internal.ManagedChannelOrphanWrapper$ManagedChannelReference.<init>(ManagedChannelOrphanWrapper.java:103)
	at org.apache.ratis.thirdparty.io.grpc.internal.ManagedChannelOrphanWrapper.<init>(ManagedChannelOrphanWrapper.java:53)
	at org.apache.ratis.thirdparty.io.grpc.internal.ManagedChannelOrphanWrapper.<init>(ManagedChannelOrphanWrapper.java:44)
	at org.apache.ratis.thirdparty.io.grpc.internal.AbstractManagedChannelImplBuilder.build(AbstractManagedChannelImplBuilder.java:411)
	at org.apache.hadoop.hdds.scm.XceiverClientGrpc.connectToDatanode(XceiverClientGrpc.java:189)
	at org.apache.hadoop.hdds.scm.XceiverClientGrpc.reconnect(XceiverClientGrpc.java:468)
	at org.apache.hadoop.hdds.scm.XceiverClientGrpc.checkOpen(XceiverClientGrpc.java:459)
	at org.apache.hadoop.hdds.scm.XceiverClientGrpc.sendCommandAsync(XceiverClientGrpc.java:401)
	at org.apache.hadoop.hdds.scm.XceiverClientGrpc.sendCommandWithRetry(XceiverClientGrpc.java:320)
	at org.apache.hadoop.hdds.scm.XceiverClientGrpc.sendCommandWithTraceIDAndRetry(XceiverClientGrpc.java:265)
	at org.apache.hadoop.hdds.scm.XceiverClientGrpc.sendCommand(XceiverClientGrpc.java:248)
	at org.apache.hadoop.hdds.scm.storage.ContainerProtocolCalls.getBlock(ContainerProtocolCalls.java:118)
	at org.apache.hadoop.hdds.scm.storage.BlockInputStream.getChunkInfos(BlockInputStream.java:169)
	at org.apache.hadoop.hdds.scm.storage.BlockInputStream.initialize(BlockInputStream.java:118)
	at org.apache.hadoop.hdds.scm.storage.BlockInputStream.read(BlockInputStream.java:224)
	at org.apache.hadoop.ozone.client.io.KeyInputStream.read(KeyInputStream.java:173)
	at org.apache.hadoop.ozone.client.io.OzoneInputStream.read(OzoneInputStream.java:47)
	at java.io.InputStream.read(InputStream.java:101)
	at org.apache.hadoop.ozone.container.ContainerTestHelper.validateData(ContainerTestHelper.java:754)
	at org.apache.hadoop.ozone.client.rpc.TestFailureHandlingByClient.validateData(TestFailureHandlingByClient.java:413)
	at org.apache.hadoop.ozone.client.rpc.TestFailureHandlingByClient.testContainerExclusionWithClosedContainerException(TestFailureHandlingByClient.java:277)
	at sun.reflect.NativeMethodAccessorImpl.invoke0(Native Method)
	at sun.reflect.NativeMethodAccessorImpl.invoke(NativeMethodAccessorImpl.java:62)
	at sun.reflect.DelegatingMethodAccessorImpl.invoke(DelegatingMethodAccessorImpl.java:43)
	at java.lang.reflect.Method.invoke(Method.java:498)
	at org.junit.runners.model.FrameworkMethod$1.runReflectiveCall(FrameworkMethod.java:47)
	at org.junit.internal.runners.model.ReflectiveCallable.run(ReflectiveCallable.java:12)
	at org.junit.runners.model.FrameworkMethod.invokeExplosively(FrameworkMethod.java:44)
	at org.junit.internal.runners.statements.InvokeMethod.evaluate(InvokeMethod.java:17)
	at org.junit.internal.runners.statements.RunAfters.evaluate(RunAfters.java:27)
	at org.junit.runners.ParentRunner.runLeaf(ParentRunner.java:271)
	at org.junit.runners.BlockJUnit4ClassRunner.runChild(BlockJUnit4ClassRunner.java:70)
	at org.junit.runners.BlockJUnit4ClassRunner.runChild(BlockJUnit4ClassRunner.java:50)
	at org.junit.runners.ParentRunner$3.run(ParentRunner.java:238)
	at org.junit.runners.ParentRunner$1.schedule(ParentRunner.java:63)
	at org.junit.runners.ParentRunner.runChildren(ParentRunner.java:236)
	at org.junit.runners.ParentRunner.access$000(ParentRunner.java:53)
	at org.junit.runners.ParentRunner$2.evaluate(ParentRunner.java:229)
	at org.junit.runners.ParentRunner.run(ParentRunner.java:309)
	at org.apache.maven.surefire.junit4.JUnit4Provider.execute(JUnit4Provider.java:365)
	at org.apache.maven.surefire.junit4.JUnit4Provider.executeWithRerun(JUnit4Provider.java:273)
	at org.apache.maven.surefire.junit4.JUnit4Provider.executeTestSet(JUnit4Provider.java:238)
	at org.apache.maven.surefire.junit4.JUnit4Provider.invoke(JUnit4Provider.java:159)
	at org.apache.maven.surefire.booter.ForkedBooter.invokeProviderInSameClassLoader(ForkedBooter.java:384)
	at org.apache.maven.surefire.booter.ForkedBooter.runSuitesInProcess(ForkedBooter.java:345)
	at org.apache.maven.surefire.booter.ForkedBooter.execute(ForkedBooter.java:126)
	at org.apache.maven.surefire.booter.ForkedBooter.main(ForkedBooter.java:418)

Nov 13, 2019 1:02:26 PM org.apache.ratis.thirdparty.io.grpc.internal.ManagedChannelOrphanWrapper$ManagedChannelReference cleanQueue
SEVERE: *~*~*~ Channel ManagedChannelImpl{logId=914, target=192.168.157.200:35024} was not shutdown properly!!! ~*~*~*
    Make sure to call shutdown()/shutdownNow() and wait until awaitTermination() returns true.
java.lang.RuntimeException: ManagedChannel allocation site
	at org.apache.ratis.thirdparty.io.grpc.internal.ManagedChannelOrphanWrapper$ManagedChannelReference.<init>(ManagedChannelOrphanWrapper.java:103)
	at org.apache.ratis.thirdparty.io.grpc.internal.ManagedChannelOrphanWrapper.<init>(ManagedChannelOrphanWrapper.java:53)
	at org.apache.ratis.thirdparty.io.grpc.internal.ManagedChannelOrphanWrapper.<init>(ManagedChannelOrphanWrapper.java:44)
	at org.apache.ratis.thirdparty.io.grpc.internal.AbstractManagedChannelImplBuilder.build(AbstractManagedChannelImplBuilder.java:411)
	at org.apache.ratis.grpc.client.GrpcClientProtocolClient.<init>(GrpcClientProtocolClient.java:128)
	at org.apache.ratis.grpc.client.GrpcClientRpc.lambda$new$0(GrpcClientRpc.java:55)
	at org.apache.ratis.util.PeerProxyMap$PeerAndProxy.lambda$getProxy$0(PeerProxyMap.java:62)
	at org.apache.ratis.util.LifeCycle.startAndTransition(LifeCycle.java:202)
	at org.apache.ratis.util.PeerProxyMap$PeerAndProxy.getProxy(PeerProxyMap.java:61)
	at org.apache.ratis.util.PeerProxyMap.getProxy(PeerProxyMap.java:109)
	at org.apache.ratis.grpc.client.GrpcClientRpc.sendRequestAsync(GrpcClientRpc.java:66)
	at org.apache.ratis.client.impl.OrderedAsync.sendRequest(OrderedAsync.java:233)
	at org.apache.ratis.client.impl.OrderedAsync.sendRequestWithRetry(OrderedAsync.java:188)
	at org.apache.ratis.util.SlidingWindow$Client.sendOrDelayRequest(SlidingWindow.java:278)
	at org.apache.ratis.util.SlidingWindow$Client.submitNewRequest(SlidingWindow.java:257)
	at org.apache.ratis.client.impl.OrderedAsync.send(OrderedAsync.java:169)
	at org.apache.ratis.client.impl.OrderedAsync.newInstance(OrderedAsync.java:118)
	at org.apache.ratis.client.impl.RaftClientImpl.lambda$new$0(RaftClientImpl.java:102)
	at org.apache.ratis.util.MemoizedSupplier.get(MemoizedSupplier.java:62)
	at org.apache.ratis.client.impl.RaftClientImpl.getOrderedAsync(RaftClientImpl.java:119)
	at org.apache.ratis.client.impl.RaftClientImpl.sendAsync(RaftClientImpl.java:144)
	at org.apache.ratis.client.impl.RaftClientImpl.sendAsync(RaftClientImpl.java:124)
	at org.apache.hadoop.hdds.scm.XceiverClientRatis.sendRequestAsync(XceiverClientRatis.java:236)
	at org.apache.hadoop.hdds.scm.XceiverClientRatis.sendCommandAsync(XceiverClientRatis.java:317)
	at org.apache.hadoop.hdds.scm.storage.ContainerProtocolCalls.writeChunkAsync(ContainerProtocolCalls.java:310)
	at org.apache.hadoop.hdds.scm.storage.BlockOutputStream.writeChunkToContainer(BlockOutputStream.java:604)
	at org.apache.hadoop.hdds.scm.storage.BlockOutputStream.writeChunk(BlockOutputStream.java:462)
	at org.apache.hadoop.hdds.scm.storage.BlockOutputStream.write(BlockOutputStream.java:239)
	at org.apache.hadoop.ozone.client.io.BlockOutputStreamEntry.write(BlockOutputStreamEntry.java:129)
	at org.apache.hadoop.ozone.client.io.KeyOutputStream.handleWrite(KeyOutputStream.java:208)
	at org.apache.hadoop.ozone.client.io.KeyOutputStream.write(KeyOutputStream.java:190)
	at org.apache.hadoop.ozone.client.io.OzoneOutputStream.write(OzoneOutputStream.java:49)
	at java.io.OutputStream.write(OutputStream.java:75)
	at org.apache.hadoop.ozone.client.rpc.TestFailureHandlingByClient.testContainerExclusionWithClosedContainerException(TestFailureHandlingByClient.java:240)
	at sun.reflect.NativeMethodAccessorImpl.invoke0(Native Method)
	at sun.reflect.NativeMethodAccessorImpl.invoke(NativeMethodAccessorImpl.java:62)
	at sun.reflect.DelegatingMethodAccessorImpl.invoke(DelegatingMethodAccessorImpl.java:43)
	at java.lang.reflect.Method.invoke(Method.java:498)
	at org.junit.runners.model.FrameworkMethod$1.runReflectiveCall(FrameworkMethod.java:47)
	at org.junit.internal.runners.model.ReflectiveCallable.run(ReflectiveCallable.java:12)
	at org.junit.runners.model.FrameworkMethod.invokeExplosively(FrameworkMethod.java:44)
	at org.junit.internal.runners.statements.InvokeMethod.evaluate(InvokeMethod.java:17)
	at org.junit.internal.runners.statements.RunAfters.evaluate(RunAfters.java:27)
	at org.junit.runners.ParentRunner.runLeaf(ParentRunner.java:271)
	at org.junit.runners.BlockJUnit4ClassRunner.runChild(BlockJUnit4ClassRunner.java:70)
	at org.junit.runners.BlockJUnit4ClassRunner.runChild(BlockJUnit4ClassRunner.java:50)
	at org.junit.runners.ParentRunner$3.run(ParentRunner.java:238)
	at org.junit.runners.ParentRunner$1.schedule(ParentRunner.java:63)
	at org.junit.runners.ParentRunner.runChildren(ParentRunner.java:236)
	at org.junit.runners.ParentRunner.access$000(ParentRunner.java:53)
	at org.junit.runners.ParentRunner$2.evaluate(ParentRunner.java:229)
	at org.junit.runners.ParentRunner.run(ParentRunner.java:309)
	at org.apache.maven.surefire.junit4.JUnit4Provider.execute(JUnit4Provider.java:365)
	at org.apache.maven.surefire.junit4.JUnit4Provider.executeWithRerun(JUnit4Provider.java:273)
	at org.apache.maven.surefire.junit4.JUnit4Provider.executeTestSet(JUnit4Provider.java:238)
	at org.apache.maven.surefire.junit4.JUnit4Provider.invoke(JUnit4Provider.java:159)
	at org.apache.maven.surefire.booter.ForkedBooter.invokeProviderInSameClassLoader(ForkedBooter.java:384)
	at org.apache.maven.surefire.booter.ForkedBooter.runSuitesInProcess(ForkedBooter.java:345)
	at org.apache.maven.surefire.booter.ForkedBooter.execute(ForkedBooter.java:126)
	at org.apache.maven.surefire.booter.ForkedBooter.main(ForkedBooter.java:418)

Nov 13, 2019 1:02:36 PM org.apache.ratis.thirdparty.io.grpc.internal.SerializingExecutor run
SEVERE: Exception while executing runnable org.apache.ratis.thirdparty.io.grpc.internal.ServerImpl$JumpToApplicationThreadServerStreamListener$1Closed@6bc0b07
org.apache.ratis.thirdparty.io.grpc.StatusRuntimeException: CANCELLED: call already cancelled
	at org.apache.ratis.thirdparty.io.grpc.Status.asRuntimeException(Status.java:517)
	at org.apache.ratis.thirdparty.io.grpc.stub.ServerCalls$ServerCallStreamObserverImpl.onCompleted(ServerCalls.java:356)
	at org.apache.ratis.grpc.server.GrpcServerProtocolService$ServerRequestStreamObserver.onError(GrpcServerProtocolService.java:121)
	at org.apache.ratis.thirdparty.io.grpc.stub.ServerCalls$StreamingServerCallHandler$StreamingServerCallListener.onCancel(ServerCalls.java:269)
	at org.apache.ratis.thirdparty.io.grpc.internal.ServerCallImpl$ServerStreamListenerImpl.closed(ServerCallImpl.java:293)
	at org.apache.ratis.thirdparty.io.grpc.internal.ServerImpl$JumpToApplicationThreadServerStreamListener$1Closed.runInContext(ServerImpl.java:741)
	at org.apache.ratis.thirdparty.io.grpc.internal.ContextRunnable.run(ContextRunnable.java:37)
	at org.apache.ratis.thirdparty.io.grpc.internal.SerializingExecutor.run(SerializingExecutor.java:123)
	at java.util.concurrent.ThreadPoolExecutor.runWorker(ThreadPoolExecutor.java:1149)
	at java.util.concurrent.ThreadPoolExecutor$Worker.run(ThreadPoolExecutor.java:624)
	at java.lang.Thread.run(Thread.java:748)

Nov 13, 2019 1:02:36 PM org.apache.ratis.thirdparty.io.grpc.internal.SerializingExecutor run
SEVERE: Exception while executing runnable org.apache.ratis.thirdparty.io.grpc.internal.ServerImpl$JumpToApplicationThreadServerStreamListener$1Closed@394d701
org.apache.ratis.thirdparty.io.grpc.StatusRuntimeException: CANCELLED: call already cancelled
	at org.apache.ratis.thirdparty.io.grpc.Status.asRuntimeException(Status.java:517)
	at org.apache.ratis.thirdparty.io.grpc.stub.ServerCalls$ServerCallStreamObserverImpl.onCompleted(ServerCalls.java:356)
	at org.apache.ratis.grpc.server.GrpcServerProtocolService$ServerRequestStreamObserver.onError(GrpcServerProtocolService.java:121)
	at org.apache.ratis.thirdparty.io.grpc.stub.ServerCalls$StreamingServerCallHandler$StreamingServerCallListener.onCancel(ServerCalls.java:269)
	at org.apache.ratis.thirdparty.io.grpc.internal.ServerCallImpl$ServerStreamListenerImpl.closed(ServerCallImpl.java:293)
	at org.apache.ratis.thirdparty.io.grpc.internal.ServerImpl$JumpToApplicationThreadServerStreamListener$1Closed.runInContext(ServerImpl.java:741)
	at org.apache.ratis.thirdparty.io.grpc.internal.ContextRunnable.run(ContextRunnable.java:37)
	at org.apache.ratis.thirdparty.io.grpc.internal.SerializingExecutor.run(SerializingExecutor.java:123)
	at java.util.concurrent.ThreadPoolExecutor.runWorker(ThreadPoolExecutor.java:1149)
	at java.util.concurrent.ThreadPoolExecutor$Worker.run(ThreadPoolExecutor.java:624)
	at java.lang.Thread.run(Thread.java:748)

Nov 13, 2019 1:02:56 PM org.apache.ratis.thirdparty.io.grpc.internal.SerializingExecutor run
SEVERE: Exception while executing runnable org.apache.ratis.thirdparty.io.grpc.internal.ServerImpl$JumpToApplicationThreadServerStreamListener$1Closed@3e30e180
org.apache.ratis.thirdparty.io.grpc.StatusRuntimeException: CANCELLED: call already cancelled
	at org.apache.ratis.thirdparty.io.grpc.Status.asRuntimeException(Status.java:517)
	at org.apache.ratis.thirdparty.io.grpc.stub.ServerCalls$ServerCallStreamObserverImpl.onCompleted(ServerCalls.java:356)
	at org.apache.ratis.grpc.server.GrpcServerProtocolService$ServerRequestStreamObserver.onError(GrpcServerProtocolService.java:121)
	at org.apache.ratis.thirdparty.io.grpc.stub.ServerCalls$StreamingServerCallHandler$StreamingServerCallListener.onCancel(ServerCalls.java:269)
	at org.apache.ratis.thirdparty.io.grpc.internal.ServerCallImpl$ServerStreamListenerImpl.closed(ServerCallImpl.java:293)
	at org.apache.ratis.thirdparty.io.grpc.internal.ServerImpl$JumpToApplicationThreadServerStreamListener$1Closed.runInContext(ServerImpl.java:741)
	at org.apache.ratis.thirdparty.io.grpc.internal.ContextRunnable.run(ContextRunnable.java:37)
	at org.apache.ratis.thirdparty.io.grpc.internal.SerializingExecutor.run(SerializingExecutor.java:123)
	at java.util.concurrent.ThreadPoolExecutor.runWorker(ThreadPoolExecutor.java:1149)
	at java.util.concurrent.ThreadPoolExecutor$Worker.run(ThreadPoolExecutor.java:624)
	at java.lang.Thread.run(Thread.java:748)

Nov 13, 2019 1:03:01 PM org.apache.ratis.thirdparty.io.grpc.internal.SerializingExecutor run
SEVERE: Exception while executing runnable org.apache.ratis.thirdparty.io.grpc.internal.ServerImpl$JumpToApplicationThreadServerStreamListener$1Closed@747f3fe9
org.apache.ratis.thirdparty.io.grpc.StatusRuntimeException: CANCELLED: call already cancelled
	at org.apache.ratis.thirdparty.io.grpc.Status.asRuntimeException(Status.java:517)
	at org.apache.ratis.thirdparty.io.grpc.stub.ServerCalls$ServerCallStreamObserverImpl.onCompleted(ServerCalls.java:356)
	at org.apache.ratis.grpc.server.GrpcServerProtocolService$ServerRequestStreamObserver.onError(GrpcServerProtocolService.java:121)
	at org.apache.ratis.thirdparty.io.grpc.stub.ServerCalls$StreamingServerCallHandler$StreamingServerCallListener.onCancel(ServerCalls.java:269)
	at org.apache.ratis.thirdparty.io.grpc.internal.ServerCallImpl$ServerStreamListenerImpl.closed(ServerCallImpl.java:293)
	at org.apache.ratis.thirdparty.io.grpc.internal.ServerImpl$JumpToApplicationThreadServerStreamListener$1Closed.runInContext(ServerImpl.java:741)
	at org.apache.ratis.thirdparty.io.grpc.internal.ContextRunnable.run(ContextRunnable.java:37)
	at org.apache.ratis.thirdparty.io.grpc.internal.SerializingExecutor.run(SerializingExecutor.java:123)
	at java.util.concurrent.ThreadPoolExecutor.runWorker(ThreadPoolExecutor.java:1149)
	at java.util.concurrent.ThreadPoolExecutor$Worker.run(ThreadPoolExecutor.java:624)
	at java.lang.Thread.run(Thread.java:748)

]]></system-err>
  </testcase>
</testsuite>