<?xml version="1.0" encoding="UTF-8"?>
<testsuite xmlns:xsi="http://www.w3.org/2001/XMLSchema-instance" xsi:noNamespaceSchemaLocation="https://maven.apache.org/surefire/maven-surefire-plugin/xsd/surefire-test-report.xsd" name="org.apache.hadoop.fs.ozone.TestOzoneFileSystem" time="366.792" tests="8" errors="1" skipped="0" failures="0">
  <properties>
    <property name="awt.toolkit" value="sun.awt.X11.XToolkit"/>
    <property name="file.encoding.pkg" value="sun.io"/>
    <property name="java.specification.version" value="1.8"/>
    <property name="sun.cpu.isalist" value=""/>
    <property name="sun.jnu.encoding" value="ANSI_X3.4-1968"/>
    <property name="java.class.path" value="/workdir/hadoop-ozone/ozonefs/target/test-classes:/workdir/hadoop-ozone/ozonefs/target/classes:/home/user/.m2/repository/org/apache/hadoop/hadoop-common/3.2.0/hadoop-common-3.2.0.jar:/home/user/.m2/repository/org/apache/hadoop/hadoop-annotations/3.2.0/hadoop-annotations-3.2.0.jar:/usr/lib/jvm/java-1.8.0-openjdk-1.8.0.222.b10-1.el7_7.x86_64/jre/../lib/tools.jar:/home/user/.m2/repository/com/google/guava/guava/11.0.2/guava-11.0.2.jar:/home/user/.m2/repository/commons-cli/commons-cli/1.2/commons-cli-1.2.jar:/home/user/.m2/repository/org/apache/commons/commons-math3/3.1.1/commons-math3-3.1.1.jar:/home/user/.m2/repository/commons-codec/commons-codec/1.11/commons-codec-1.11.jar:/home/user/.m2/repository/commons-io/commons-io/2.5/commons-io-2.5.jar:/home/user/.m2/repository/commons-net/commons-net/3.6/commons-net-3.6.jar:/home/user/.m2/repository/commons-collections/commons-collections/3.2.2/commons-collections-3.2.2.jar:/home/user/.m2/repository/javax/servlet/javax.servlet-api/3.1.0/javax.servlet-api-3.1.0.jar:/home/user/.m2/repository/org/eclipse/jetty/jetty-server/9.3.25.v20180904/jetty-server-9.3.25.v20180904.jar:/home/user/.m2/repository/org/eclipse/jetty/jetty-http/9.3.25.v20180904/jetty-http-9.3.25.v20180904.jar:/home/user/.m2/repository/org/eclipse/jetty/jetty-io/9.3.25.v20180904/jetty-io-9.3.25.v20180904.jar:/home/user/.m2/repository/org/eclipse/jetty/jetty-util/9.3.25.v20180904/jetty-util-9.3.25.v20180904.jar:/home/user/.m2/repository/org/eclipse/jetty/jetty-servlet/9.3.25.v20180904/jetty-servlet-9.3.25.v20180904.jar:/home/user/.m2/repository/org/eclipse/jetty/jetty-security/9.3.25.v20180904/jetty-security-9.3.25.v20180904.jar:/home/user/.m2/repository/org/eclipse/jetty/jetty-webapp/9.3.25.v20180904/jetty-webapp-9.3.25.v20180904.jar:/home/user/.m2/repository/org/eclipse/jetty/jetty-xml/9.3.25.v20180904/jetty-xml-9.3.25.v20180904.jar:/home/user/.m2/repository/javax/servlet/jsp/jsp-api/2.1/jsp-api-2.1.jar:/home/user/.m2/repository/com/sun/jersey/jersey-core/1.19/jersey-core-1.19.jar:/home/user/.m2/repository/javax/ws/rs/jsr311-api/1.1.1/jsr311-api-1.1.1.jar:/home/user/.m2/repository/com/sun/jersey/jersey-servlet/1.19/jersey-servlet-1.19.jar:/home/user/.m2/repository/com/sun/jersey/jersey-json/1.19/jersey-json-1.19.jar:/home/user/.m2/repository/org/codehaus/jettison/jettison/1.1/jettison-1.1.jar:/home/user/.m2/repository/com/sun/xml/bind/jaxb-impl/2.3.0.1/jaxb-impl-2.3.0.1.jar:/home/user/.m2/repository/org/codehaus/jackson/jackson-core-asl/1.9.13/jackson-core-asl-1.9.13.jar:/home/user/.m2/repository/org/codehaus/jackson/jackson-mapper-asl/1.9.13/jackson-mapper-asl-1.9.13.jar:/home/user/.m2/repository/org/codehaus/jackson/jackson-jaxrs/1.9.13/jackson-jaxrs-1.9.13.jar:/home/user/.m2/repository/org/codehaus/jackson/jackson-xc/1.9.13/jackson-xc-1.9.13.jar:/home/user/.m2/repository/com/sun/jersey/jersey-server/1.19/jersey-server-1.19.jar:/home/user/.m2/repository/commons-logging/commons-logging/1.1.3/commons-logging-1.1.3.jar:/home/user/.m2/repository/log4j/log4j/1.2.17/log4j-1.2.17.jar:/home/user/.m2/repository/commons-beanutils/commons-beanutils/1.9.4/commons-beanutils-1.9.4.jar:/home/user/.m2/repository/org/apache/commons/commons-configuration2/2.1.1/commons-configuration2-2.1.1.jar:/home/user/.m2/repository/org/apache/commons/commons-lang3/3.7/commons-lang3-3.7.jar:/home/user/.m2/repository/org/apache/commons/commons-text/1.4/commons-text-1.4.jar:/home/user/.m2/repository/org/slf4j/slf4j-api/1.7.25/slf4j-api-1.7.25.jar:/home/user/.m2/repository/org/slf4j/slf4j-log4j12/1.7.25/slf4j-log4j12-1.7.25.jar:/home/user/.m2/repository/org/apache/avro/avro/1.7.7/avro-1.7.7.jar:/home/user/.m2/repository/com/thoughtworks/paranamer/paranamer/2.3/paranamer-2.3.jar:/home/user/.m2/repository/org/xerial/snappy/snappy-java/1.0.5/snappy-java-1.0.5.jar:/home/user/.m2/repository/com/google/re2j/re2j/1.1/re2j-1.1.jar:/home/user/.m2/repository/com/google/protobuf/protobuf-java/2.5.0/protobuf-java-2.5.0.jar:/home/user/.m2/repository/com/google/code/gson/gson/2.2.4/gson-2.2.4.jar:/home/user/.m2/repository/org/apache/hadoop/hadoop-auth/3.2.0/hadoop-auth-3.2.0.jar:/home/user/.m2/repository/com/nimbusds/nimbus-jose-jwt/4.41.1/nimbus-jose-jwt-4.41.1.jar:/home/user/.m2/repository/com/github/stephenc/jcip/jcip-annotations/1.0-1/jcip-annotations-1.0-1.jar:/home/user/.m2/repository/net/minidev/json-smart/2.3/json-smart-2.3.jar:/home/user/.m2/repository/net/minidev/accessors-smart/1.2/accessors-smart-1.2.jar:/home/user/.m2/repository/org/apache/curator/curator-framework/2.12.0/curator-framework-2.12.0.jar:/home/user/.m2/repository/com/jcraft/jsch/0.1.54/jsch-0.1.54.jar:/home/user/.m2/repository/org/apache/curator/curator-client/2.12.0/curator-client-2.12.0.jar:/home/user/.m2/repository/org/apache/curator/curator-recipes/2.12.0/curator-recipes-2.12.0.jar:/home/user/.m2/repository/com/google/code/findbugs/jsr305/3.0.0/jsr305-3.0.0.jar:/home/user/.m2/repository/org/apache/htrace/htrace-core4/4.1.0-incubating/htrace-core4-4.1.0-incubating.jar:/home/user/.m2/repository/org/apache/zookeeper/zookeeper/3.4.13/zookeeper-3.4.13.jar:/home/user/.m2/repository/jline/jline/0.9.94/jline-0.9.94.jar:/home/user/.m2/repository/org/apache/yetus/audience-annotations/0.5.0/audience-annotations-0.5.0.jar:/home/user/.m2/repository/org/apache/commons/commons-compress/1.4.1/commons-compress-1.4.1.jar:/home/user/.m2/repository/org/tukaani/xz/1.0/xz-1.0.jar:/home/user/.m2/repository/org/apache/kerby/kerb-simplekdc/1.0.1/kerb-simplekdc-1.0.1.jar:/home/user/.m2/repository/org/apache/kerby/kerb-client/1.0.1/kerb-client-1.0.1.jar:/home/user/.m2/repository/org/apache/kerby/kerby-config/1.0.1/kerby-config-1.0.1.jar:/home/user/.m2/repository/org/apache/kerby/kerb-core/1.0.1/kerb-core-1.0.1.jar:/home/user/.m2/repository/org/apache/kerby/kerby-pkix/1.0.1/kerby-pkix-1.0.1.jar:/home/user/.m2/repository/org/apache/kerby/kerby-asn1/1.0.1/kerby-asn1-1.0.1.jar:/home/user/.m2/repository/org/apache/kerby/kerby-util/1.0.1/kerby-util-1.0.1.jar:/home/user/.m2/repository/org/apache/kerby/kerb-common/1.0.1/kerb-common-1.0.1.jar:/home/user/.m2/repository/org/apache/kerby/kerb-crypto/1.0.1/kerb-crypto-1.0.1.jar:/home/user/.m2/repository/org/apache/kerby/kerb-util/1.0.1/kerb-util-1.0.1.jar:/home/user/.m2/repository/org/apache/kerby/token-provider/1.0.1/token-provider-1.0.1.jar:/home/user/.m2/repository/org/apache/kerby/kerb-admin/1.0.1/kerb-admin-1.0.1.jar:/home/user/.m2/repository/org/apache/kerby/kerb-server/1.0.1/kerb-server-1.0.1.jar:/home/user/.m2/repository/org/apache/kerby/kerb-identity/1.0.1/kerb-identity-1.0.1.jar:/home/user/.m2/repository/org/apache/kerby/kerby-xdr/1.0.1/kerby-xdr-1.0.1.jar:/home/user/.m2/repository/com/fasterxml/jackson/core/jackson-databind/2.9.9/jackson-databind-2.9.9.jar:/home/user/.m2/repository/com/fasterxml/jackson/core/jackson-annotations/2.9.9/jackson-annotations-2.9.9.jar:/home/user/.m2/repository/com/fasterxml/jackson/core/jackson-core/2.9.9/jackson-core-2.9.9.jar:/home/user/.m2/repository/org/codehaus/woodstox/stax2-api/3.1.4/stax2-api-3.1.4.jar:/home/user/.m2/repository/com/fasterxml/woodstox/woodstox-core/5.0.3/woodstox-core-5.0.3.jar:/home/user/.m2/repository/dnsjava/dnsjava/2.1.7/dnsjava-2.1.7.jar:/home/user/.m2/repository/org/apache/hadoop/hadoop-hdfs/3.2.0/hadoop-hdfs-3.2.0.jar:/home/user/.m2/repository/org/eclipse/jetty/jetty-util-ajax/9.3.25.v20180904/jetty-util-ajax-9.3.25.v20180904.jar:/home/user/.m2/repository/commons-daemon/commons-daemon/1.0.13/commons-daemon-1.0.13.jar:/home/user/.m2/repository/io/netty/netty/3.10.5.Final/netty-3.10.5.Final.jar:/home/user/.m2/repository/io/netty/netty-all/4.0.52.Final/netty-all-4.0.52.Final.jar:/home/user/.m2/repository/org/fusesource/leveldbjni/leveldbjni-all/1.8/leveldbjni-all-1.8.jar:/home/user/.m2/repository/org/apache/hadoop/hadoop-hdds-common/0.5.0-SNAPSHOT/hadoop-hdds-common-0.5.0-SNAPSHOT.jar:/home/user/.m2/repository/org/apache/hadoop/hadoop-hdds-config/0.5.0-SNAPSHOT/hadoop-hdds-config-0.5.0-SNAPSHOT.jar:/home/user/.m2/repository/javax/annotation/javax.annotation-api/1.2/javax.annotation-api-1.2.jar:/home/user/.m2/repository/org/apache/ratis/ratis-server/0.5.0-d6d58d0-SNAPSHOT/ratis-server-0.5.0-d6d58d0-SNAPSHOT.jar:/home/user/.m2/repository/org/apache/ratis/ratis-thirdparty-misc/0.2.0/ratis-thirdparty-misc-0.2.0.jar:/home/user/.m2/repository/org/apache/ratis/ratis-proto/0.5.0-d6d58d0-SNAPSHOT/ratis-proto-0.5.0-d6d58d0-SNAPSHOT.jar:/home/user/.m2/repository/org/apache/ratis/ratis-common/0.5.0-d6d58d0-SNAPSHOT/ratis-common-0.5.0-d6d58d0-SNAPSHOT.jar:/home/user/.m2/repository/org/apache/ratis/ratis-client/0.5.0-d6d58d0-SNAPSHOT/ratis-client-0.5.0-d6d58d0-SNAPSHOT.jar:/home/user/.m2/repository/org/apache/ratis/ratis-metrics/0.5.0-d6d58d0-SNAPSHOT/ratis-metrics-0.5.0-d6d58d0-SNAPSHOT.jar:/home/user/.m2/repository/org/apache/ratis/ratis-netty/0.5.0-d6d58d0-SNAPSHOT/ratis-netty-0.5.0-d6d58d0-SNAPSHOT.jar:/home/user/.m2/repository/org/apache/ratis/ratis-grpc/0.5.0-d6d58d0-SNAPSHOT/ratis-grpc-0.5.0-d6d58d0-SNAPSHOT.jar:/home/user/.m2/repository/org/rocksdb/rocksdbjni/6.0.1/rocksdbjni-6.0.1.jar:/home/user/.m2/repository/org/apache/logging/log4j/log4j-api/2.11.0/log4j-api-2.11.0.jar:/home/user/.m2/repository/org/apache/logging/log4j/log4j-core/2.11.0/log4j-core-2.11.0.jar:/home/user/.m2/repository/com/lmax/disruptor/3.4.2/disruptor-3.4.2.jar:/home/user/.m2/repository/org/apache/commons/commons-pool2/2.6.0/commons-pool2-2.6.0.jar:/home/user/.m2/repository/org/bouncycastle/bcpkix-jdk15on/1.60/bcpkix-jdk15on-1.60.jar:/home/user/.m2/repository/commons-validator/commons-validator/1.6/commons-validator-1.6.jar:/home/user/.m2/repository/commons-digester/commons-digester/1.8.1/commons-digester-1.8.1.jar:/home/user/.m2/repository/io/jaegertracing/jaeger-client/0.34.0/jaeger-client-0.34.0.jar:/home/user/.m2/repository/io/jaegertracing/jaeger-thrift/0.34.0/jaeger-thrift-0.34.0.jar:/home/user/.m2/repository/org/apache/thrift/libthrift/0.12.0/libthrift-0.12.0.jar:/home/user/.m2/repository/com/squareup/okhttp3/okhttp/3.9.0/okhttp-3.9.0.jar:/home/user/.m2/repository/com/squareup/okio/okio/1.13.0/okio-1.13.0.jar:/home/user/.m2/repository/io/jaegertracing/jaeger-core/0.34.0/jaeger-core-0.34.0.jar:/home/user/.m2/repository/io/jaegertracing/jaeger-tracerresolver/0.34.0/jaeger-tracerresolver-0.34.0.jar:/home/user/.m2/repository/io/opentracing/contrib/opentracing-tracerresolver/0.1.5/opentracing-tracerresolver-0.1.5.jar:/home/user/.m2/repository/io/opentracing/opentracing-util/0.31.0/opentracing-util-0.31.0.jar:/home/user/.m2/repository/io/opentracing/opentracing-api/0.31.0/opentracing-api-0.31.0.jar:/home/user/.m2/repository/io/opentracing/opentracing-noop/0.31.0/opentracing-noop-0.31.0.jar:/home/user/.m2/repository/org/yaml/snakeyaml/1.16/snakeyaml-1.16.jar:/home/user/.m2/repository/org/apache/hadoop/hadoop-hdfs-client/3.2.0/hadoop-hdfs-client-3.2.0.jar:/home/user/.m2/repository/info/picocli/picocli/3.9.6/picocli-3.9.6.jar:/home/user/.m2/repository/org/apache/hadoop/hadoop-hdds-server-scm/0.5.0-SNAPSHOT/hadoop-hdds-server-scm-0.5.0-SNAPSHOT.jar:/home/user/.m2/repository/org/apache/hadoop/hadoop-hdds-docs/0.5.0-SNAPSHOT/hadoop-hdds-docs-0.5.0-SNAPSHOT.jar:/home/user/.m2/repository/io/dropwizard/metrics/metrics-core/3.2.4/metrics-core-3.2.4.jar:/home/user/.m2/repository/org/hamcrest/hamcrest-all/1.3/hamcrest-all-1.3.jar:/home/user/.m2/repository/org/bouncycastle/bcprov-jdk15on/1.60/bcprov-jdk15on-1.60.jar:/home/user/.m2/repository/org/apache/hadoop/hadoop-hdds-server-framework/0.5.0-SNAPSHOT/hadoop-hdds-server-framework-0.5.0-SNAPSHOT.jar:/home/user/.m2/repository/org/apache/hadoop/hadoop-ozone-ozone-manager/0.5.0-SNAPSHOT/hadoop-ozone-ozone-manager-0.5.0-SNAPSHOT.jar:/home/user/.m2/repository/org/apache/hadoop/hadoop-hdds-container-service/0.5.0-SNAPSHOT/hadoop-hdds-container-service-0.5.0-SNAPSHOT.jar:/home/user/.m2/repository/org/apache/hadoop/hadoop-hdds-client/0.5.0-SNAPSHOT/hadoop-hdds-client-0.5.0-SNAPSHOT.jar:/home/user/.m2/repository/org/apache/hadoop/hadoop-ozone-common/0.5.0-SNAPSHOT/hadoop-ozone-common-0.5.0-SNAPSHOT.jar:/home/user/.m2/repository/org/apache/hadoop/hadoop-hdds-tools/0.5.0-SNAPSHOT/hadoop-hdds-tools-0.5.0-SNAPSHOT.jar:/home/user/.m2/repository/org/xerial/sqlite-jdbc/3.25.2/sqlite-jdbc-3.25.2.jar:/home/user/.m2/repository/org/apache/httpcomponents/httpclient/4.5.2/httpclient-4.5.2.jar:/home/user/.m2/repository/org/apache/httpcomponents/httpcore/4.4.4/httpcore-4.4.4.jar:/home/user/.m2/repository/com/github/spotbugs/spotbugs/3.1.12/spotbugs-3.1.12.jar:/home/user/.m2/repository/org/ow2/asm/asm/5.0.4/asm-5.0.4.jar:/home/user/.m2/repository/org/ow2/asm/asm-analysis/7.0/asm-analysis-7.0.jar:/home/user/.m2/repository/org/ow2/asm/asm-commons/7.0/asm-commons-7.0.jar:/home/user/.m2/repository/org/ow2/asm/asm-tree/7.0/asm-tree-7.0.jar:/home/user/.m2/repository/org/ow2/asm/asm-util/7.0/asm-util-7.0.jar:/home/user/.m2/repository/org/apache/bcel/bcel/6.3/bcel-6.3.jar:/home/user/.m2/repository/net/jcip/jcip-annotations/1.0/jcip-annotations-1.0.jar:/home/user/.m2/repository/org/dom4j/dom4j/2.1.1/dom4j-2.1.1.jar:/home/user/.m2/repository/jaxen/jaxen/1.1.6/jaxen-1.1.6.jar:/home/user/.m2/repository/commons-lang/commons-lang/2.6/commons-lang-2.6.jar:/home/user/.m2/repository/com/github/spotbugs/spotbugs-annotations/3.1.12/spotbugs-annotations-3.1.12.jar:/home/user/.m2/repository/org/apache/hadoop/hadoop-common/3.2.0/hadoop-common-3.2.0-tests.jar:/home/user/.m2/repository/org/apache/hadoop/hadoop-ozone-client/0.5.0-SNAPSHOT/hadoop-ozone-client-0.5.0-SNAPSHOT.jar:/home/user/.m2/repository/org/apache/hadoop/hadoop-hdfs/3.2.0/hadoop-hdfs-3.2.0-tests.jar:/workdir/hadoop-ozone/integration-test/target/test-classes:/home/user/.m2/repository/org/apache/hadoop/hadoop-ozone-s3gateway/0.5.0-SNAPSHOT/hadoop-ozone-s3gateway-0.5.0-SNAPSHOT.jar:/home/user/.m2/repository/org/jboss/weld/servlet/weld-servlet/2.4.7.Final/weld-servlet-2.4.7.Final.jar:/home/user/.m2/repository/org/glassfish/jersey/containers/jersey-container-servlet-core/2.27/jersey-container-servlet-core-2.27.jar:/home/user/.m2/repository/org/glassfish/hk2/external/javax.inject/2.5.0-b42/javax.inject-2.5.0-b42.jar:/home/user/.m2/repository/org/glassfish/jersey/core/jersey-common/2.27/jersey-common-2.27.jar:/home/user/.m2/repository/org/glassfish/hk2/osgi-resource-locator/1.0.1/osgi-resource-locator-1.0.1.jar:/home/user/.m2/repository/javax/ws/rs/javax.ws.rs-api/2.1/javax.ws.rs-api-2.1.jar:/home/user/.m2/repository/org/glassfish/jersey/ext/cdi/jersey-cdi1x/2.27/jersey-cdi1x-2.27.jar:/home/user/.m2/repository/org/glassfish/jersey/inject/jersey-hk2/2.27/jersey-hk2-2.27.jar:/home/user/.m2/repository/org/glassfish/hk2/hk2-locator/2.5.0-b42/hk2-locator-2.5.0-b42.jar:/home/user/.m2/repository/org/javassist/javassist/3.22.0-CR2/javassist-3.22.0-CR2.jar:/home/user/.m2/repository/org/glassfish/hk2/hk2-api/2.5.0/hk2-api-2.5.0.jar:/home/user/.m2/repository/org/glassfish/hk2/external/jakarta.inject/2.5.0/jakarta.inject-2.5.0.jar:/home/user/.m2/repository/org/glassfish/hk2/hk2-utils/2.5.0/hk2-utils-2.5.0.jar:/home/user/.m2/repository/jakarta/annotation/jakarta.annotation-api/1.3.4/jakarta.annotation-api-1.3.4.jar:/home/user/.m2/repository/org/glassfish/hk2/external/aopalliance-repackaged/2.5.0/aopalliance-repackaged-2.5.0.jar:/home/user/.m2/repository/com/fasterxml/jackson/dataformat/jackson-dataformat-xml/2.9.0/jackson-dataformat-xml-2.9.0.jar:/home/user/.m2/repository/com/fasterxml/jackson/module/jackson-module-jaxb-annotations/2.9.9/jackson-module-jaxb-annotations-2.9.9.jar:/home/user/.m2/repository/javax/enterprise/cdi-api/1.2/cdi-api-1.2.jar:/home/user/.m2/repository/javax/el/javax.el-api/3.0.0/javax.el-api-3.0.0.jar:/home/user/.m2/repository/javax/interceptor/javax.interceptor-api/1.2/javax.interceptor-api-1.2.jar:/home/user/.m2/repository/javax/inject/javax.inject/1/javax.inject-1.jar:/home/user/.m2/repository/com/sun/xml/bind/jaxb-core/2.3.0.1/jaxb-core-2.3.0.1.jar:/home/user/.m2/repository/javax/xml/bind/jaxb-api/2.3.0/jaxb-api-2.3.0.jar:/home/user/.m2/repository/javax/activation/activation/1.1.1/activation-1.1.1.jar:/home/user/.m2/repository/org/apache/hadoop/hadoop-ozone-csi/0.5.0-SNAPSHOT/hadoop-ozone-csi-0.5.0-SNAPSHOT.jar:/home/user/.m2/repository/com/google/protobuf/protobuf-java-util/3.5.1/protobuf-java-util-3.5.1.jar:/home/user/.m2/repository/io/grpc/grpc-netty/1.17.1/grpc-netty-1.17.1.jar:/home/user/.m2/repository/io/grpc/grpc-core/1.17.1/grpc-core-1.17.1.jar:/home/user/.m2/repository/io/grpc/grpc-context/1.17.1/grpc-context-1.17.1.jar:/home/user/.m2/repository/com/google/errorprone/error_prone_annotations/2.2.0/error_prone_annotations-2.2.0.jar:/home/user/.m2/repository/org/codehaus/mojo/animal-sniffer-annotations/1.17/animal-sniffer-annotations-1.17.jar:/home/user/.m2/repository/io/opencensus/opencensus-api/0.17.0/opencensus-api-0.17.0.jar:/home/user/.m2/repository/io/opencensus/opencensus-contrib-grpc-metrics/0.17.0/opencensus-contrib-grpc-metrics-0.17.0.jar:/home/user/.m2/repository/io/netty/netty-codec-http2/4.1.30.Final/netty-codec-http2-4.1.30.Final.jar:/home/user/.m2/repository/io/netty/netty-codec-http/4.1.30.Final/netty-codec-http-4.1.30.Final.jar:/home/user/.m2/repository/io/netty/netty-codec/4.1.30.Final/netty-codec-4.1.30.Final.jar:/home/user/.m2/repository/io/netty/netty-handler/4.1.30.Final/netty-handler-4.1.30.Final.jar:/home/user/.m2/repository/io/netty/netty-handler-proxy/4.1.30.Final/netty-handler-proxy-4.1.30.Final.jar:/home/user/.m2/repository/io/netty/netty-codec-socks/4.1.30.Final/netty-codec-socks-4.1.30.Final.jar:/home/user/.m2/repository/io/netty/netty-transport-native-epoll/4.1.30.Final/netty-transport-native-epoll-4.1.30.Final.jar:/home/user/.m2/repository/io/netty/netty-common/4.1.30.Final/netty-common-4.1.30.Final.jar:/home/user/.m2/repository/io/netty/netty-buffer/4.1.30.Final/netty-buffer-4.1.30.Final.jar:/home/user/.m2/repository/io/netty/netty-transport/4.1.30.Final/netty-transport-4.1.30.Final.jar:/home/user/.m2/repository/io/netty/netty-resolver/4.1.30.Final/netty-resolver-4.1.30.Final.jar:/home/user/.m2/repository/io/netty/netty-transport-native-unix-common/4.1.30.Final/netty-transport-native-unix-common-4.1.30.Final.jar:/home/user/.m2/repository/io/grpc/grpc-protobuf/1.17.1/grpc-protobuf-1.17.1.jar:/home/user/.m2/repository/com/google/api/grpc/proto-google-common-protos/1.0.0/proto-google-common-protos-1.0.0.jar:/home/user/.m2/repository/io/grpc/grpc-protobuf-lite/1.17.1/grpc-protobuf-lite-1.17.1.jar:/home/user/.m2/repository/io/grpc/grpc-stub/1.17.1/grpc-stub-1.17.1.jar:/home/user/.m2/repository/org/apache/hadoop/hadoop-ozone-recon/0.5.0-SNAPSHOT/hadoop-ozone-recon-0.5.0-SNAPSHOT.jar:/home/user/.m2/repository/org/apache/hadoop/hadoop-ozone-reconcodegen/0.5.0-SNAPSHOT/hadoop-ozone-reconcodegen-0.5.0-SNAPSHOT.jar:/home/user/.m2/repository/com/google/inject/extensions/guice-multibindings/4.0/guice-multibindings-4.0.jar:/home/user/.m2/repository/com/google/inject/guice/4.0/guice-4.0.jar:/home/user/.m2/repository/aopalliance/aopalliance/1.0/aopalliance-1.0.jar:/home/user/.m2/repository/org/glassfish/jersey/containers/jersey-container-servlet/2.27/jersey-container-servlet-2.27.jar:/home/user/.m2/repository/org/glassfish/hk2/guice-bridge/2.5.0/guice-bridge-2.5.0.jar:/home/user/.m2/repository/org/glassfish/jersey/core/jersey-server/2.27/jersey-server-2.27.jar:/home/user/.m2/repository/org/glassfish/jersey/core/jersey-client/2.27/jersey-client-2.27.jar:/home/user/.m2/repository/org/glassfish/jersey/media/jersey-media-jaxb/2.27/jersey-media-jaxb-2.27.jar:/home/user/.m2/repository/javax/validation/validation-api/1.1.0.Final/validation-api-1.1.0.Final.jar:/home/user/.m2/repository/org/glassfish/jersey/media/jersey-media-json-jackson/2.27/jersey-media-json-jackson-2.27.jar:/home/user/.m2/repository/org/glassfish/jersey/ext/jersey-entity-filtering/2.27/jersey-entity-filtering-2.27.jar:/home/user/.m2/repository/com/google/inject/extensions/guice-assistedinject/4.0/guice-assistedinject-4.0.jar:/home/user/.m2/repository/org/jooq/jooq/3.11.10/jooq-3.11.10.jar:/home/user/.m2/repository/org/jooq/jooq-meta/3.11.10/jooq-meta-3.11.10.jar:/home/user/.m2/repository/org/jooq/jooq-codegen/3.11.10/jooq-codegen-3.11.10.jar:/home/user/.m2/repository/com/jolbox/bonecp/0.8.0.RELEASE/bonecp-0.8.0.RELEASE.jar:/home/user/.m2/repository/org/springframework/spring-jdbc/5.1.3.RELEASE/spring-jdbc-5.1.3.RELEASE.jar:/home/user/.m2/repository/org/springframework/spring-beans/5.1.3.RELEASE/spring-beans-5.1.3.RELEASE.jar:/home/user/.m2/repository/org/springframework/spring-core/5.1.3.RELEASE/spring-core-5.1.3.RELEASE.jar:/home/user/.m2/repository/org/springframework/spring-jcl/5.1.3.RELEASE/spring-jcl-5.1.3.RELEASE.jar:/home/user/.m2/repository/org/springframework/spring-tx/5.1.3.RELEASE/spring-tx-5.1.3.RELEASE.jar:/home/user/.m2/repository/org/mockito/mockito-all/1.10.19/mockito-all-1.10.19.jar:/home/user/.m2/repository/junit/junit/4.11/junit-4.11.jar:/home/user/.m2/repository/org/hamcrest/hamcrest-core/1.3/hamcrest-core-1.3.jar:/home/user/.m2/repository/org/apache/hadoop/hadoop-distcp/3.2.0/hadoop-distcp-3.2.0.jar:/home/user/.m2/repository/org/apache/hadoop/hadoop-distcp/3.2.0/hadoop-distcp-3.2.0-tests.jar:/home/user/.m2/repository/org/apache/hadoop/hadoop-mapreduce-client-jobclient/3.2.0/hadoop-mapreduce-client-jobclient-3.2.0.jar:/home/user/.m2/repository/org/apache/hadoop/hadoop-mapreduce-client-common/3.2.0/hadoop-mapreduce-client-common-3.2.0.jar:/home/user/.m2/repository/org/apache/hadoop/hadoop-yarn-common/3.2.0/hadoop-yarn-common-3.2.0.jar:/home/user/.m2/repository/org/apache/hadoop/hadoop-yarn-api/3.2.0/hadoop-yarn-api-3.2.0.jar:/home/user/.m2/repository/com/sun/jersey/jersey-client/1.19/jersey-client-1.19.jar:/home/user/.m2/repository/com/sun/jersey/contribs/jersey-guice/1.19/jersey-guice-1.19.jar:/home/user/.m2/repository/com/fasterxml/jackson/jaxrs/jackson-jaxrs-json-provider/2.9.9/jackson-jaxrs-json-provider-2.9.9.jar:/home/user/.m2/repository/com/fasterxml/jackson/jaxrs/jackson-jaxrs-base/2.9.9/jackson-jaxrs-base-2.9.9.jar:/home/user/.m2/repository/org/apache/hadoop/hadoop-yarn-client/3.2.0/hadoop-yarn-client-3.2.0.jar:/home/user/.m2/repository/org/apache/hadoop/hadoop-mapreduce-client-core/3.2.0/hadoop-mapreduce-client-core-3.2.0.jar:/home/user/.m2/repository/com/google/inject/extensions/guice-servlet/4.0/guice-servlet-4.0.jar:/home/user/.m2/repository/org/powermock/powermock-module-junit4/1.6.5/powermock-module-junit4-1.6.5.jar:/home/user/.m2/repository/org/powermock/powermock-module-junit4-common/1.6.5/powermock-module-junit4-common-1.6.5.jar:/home/user/.m2/repository/org/powermock/powermock-core/1.6.5/powermock-core-1.6.5.jar:/home/user/.m2/repository/org/powermock/powermock-reflect/1.6.5/powermock-reflect-1.6.5.jar:/home/user/.m2/repository/org/powermock/powermock-api-mockito/1.6.5/powermock-api-mockito-1.6.5.jar:/home/user/.m2/repository/org/mockito/mockito-core/1.10.19/mockito-core-1.10.19.jar:/home/user/.m2/repository/org/objenesis/objenesis/1.0/objenesis-1.0.jar:/home/user/.m2/repository/org/powermock/powermock-api-mockito-common/1.6.5/powermock-api-mockito-common-1.6.5.jar:/home/user/.m2/repository/org/powermock/powermock-api-support/1.6.5/powermock-api-support-1.6.5.jar:"/>
    <property name="java.vm.vendor" value="Oracle Corporation"/>
    <property name="sun.arch.data.model" value="64"/>
    <property name="test.build.dir" value="/workdir/hadoop-ozone/ozonefs/target/test-dir"/>
    <property name="test.cache.data" value=""/>
    <property name="java.vendor.url" value="http://java.oracle.com/"/>
    <property name="user.timezone" value=""/>
    <property name="java.vm.specification.version" value="1.8"/>
    <property name="os.name" value="Linux"/>
    <property name="test.build.data" value="/workdir/hadoop-ozone/ozonefs/target/test-dir"/>
    <property name="user.country" value="US"/>
    <property name="sun.java.launcher" value="SUN_STANDARD"/>
    <property name="sun.boot.library.path" value="/usr/lib/jvm/java-1.8.0-openjdk-1.8.0.222.b10-1.el7_7.x86_64/jre/lib/amd64"/>
    <property name="sun.java.command" value="/workdir/hadoop-ozone/ozonefs/target/surefire/surefirebooter5424785801647761902.jar /workdir/hadoop-ozone/ozonefs/target/surefire 2019-11-13T19-42-01_105-jvmRun1 surefire4813097572666870842tmp surefire_968728067495233141848tmp"/>
    <property name="surefire.test.class.path" value="/workdir/hadoop-ozone/ozonefs/target/test-classes:/workdir/hadoop-ozone/ozonefs/target/classes:/home/user/.m2/repository/org/apache/hadoop/hadoop-common/3.2.0/hadoop-common-3.2.0.jar:/home/user/.m2/repository/org/apache/hadoop/hadoop-annotations/3.2.0/hadoop-annotations-3.2.0.jar:/usr/lib/jvm/java-1.8.0-openjdk-1.8.0.222.b10-1.el7_7.x86_64/jre/../lib/tools.jar:/home/user/.m2/repository/com/google/guava/guava/11.0.2/guava-11.0.2.jar:/home/user/.m2/repository/commons-cli/commons-cli/1.2/commons-cli-1.2.jar:/home/user/.m2/repository/org/apache/commons/commons-math3/3.1.1/commons-math3-3.1.1.jar:/home/user/.m2/repository/commons-codec/commons-codec/1.11/commons-codec-1.11.jar:/home/user/.m2/repository/commons-io/commons-io/2.5/commons-io-2.5.jar:/home/user/.m2/repository/commons-net/commons-net/3.6/commons-net-3.6.jar:/home/user/.m2/repository/commons-collections/commons-collections/3.2.2/commons-collections-3.2.2.jar:/home/user/.m2/repository/javax/servlet/javax.servlet-api/3.1.0/javax.servlet-api-3.1.0.jar:/home/user/.m2/repository/org/eclipse/jetty/jetty-server/9.3.25.v20180904/jetty-server-9.3.25.v20180904.jar:/home/user/.m2/repository/org/eclipse/jetty/jetty-http/9.3.25.v20180904/jetty-http-9.3.25.v20180904.jar:/home/user/.m2/repository/org/eclipse/jetty/jetty-io/9.3.25.v20180904/jetty-io-9.3.25.v20180904.jar:/home/user/.m2/repository/org/eclipse/jetty/jetty-util/9.3.25.v20180904/jetty-util-9.3.25.v20180904.jar:/home/user/.m2/repository/org/eclipse/jetty/jetty-servlet/9.3.25.v20180904/jetty-servlet-9.3.25.v20180904.jar:/home/user/.m2/repository/org/eclipse/jetty/jetty-security/9.3.25.v20180904/jetty-security-9.3.25.v20180904.jar:/home/user/.m2/repository/org/eclipse/jetty/jetty-webapp/9.3.25.v20180904/jetty-webapp-9.3.25.v20180904.jar:/home/user/.m2/repository/org/eclipse/jetty/jetty-xml/9.3.25.v20180904/jetty-xml-9.3.25.v20180904.jar:/home/user/.m2/repository/javax/servlet/jsp/jsp-api/2.1/jsp-api-2.1.jar:/home/user/.m2/repository/com/sun/jersey/jersey-core/1.19/jersey-core-1.19.jar:/home/user/.m2/repository/javax/ws/rs/jsr311-api/1.1.1/jsr311-api-1.1.1.jar:/home/user/.m2/repository/com/sun/jersey/jersey-servlet/1.19/jersey-servlet-1.19.jar:/home/user/.m2/repository/com/sun/jersey/jersey-json/1.19/jersey-json-1.19.jar:/home/user/.m2/repository/org/codehaus/jettison/jettison/1.1/jettison-1.1.jar:/home/user/.m2/repository/com/sun/xml/bind/jaxb-impl/2.3.0.1/jaxb-impl-2.3.0.1.jar:/home/user/.m2/repository/org/codehaus/jackson/jackson-core-asl/1.9.13/jackson-core-asl-1.9.13.jar:/home/user/.m2/repository/org/codehaus/jackson/jackson-mapper-asl/1.9.13/jackson-mapper-asl-1.9.13.jar:/home/user/.m2/repository/org/codehaus/jackson/jackson-jaxrs/1.9.13/jackson-jaxrs-1.9.13.jar:/home/user/.m2/repository/org/codehaus/jackson/jackson-xc/1.9.13/jackson-xc-1.9.13.jar:/home/user/.m2/repository/com/sun/jersey/jersey-server/1.19/jersey-server-1.19.jar:/home/user/.m2/repository/commons-logging/commons-logging/1.1.3/commons-logging-1.1.3.jar:/home/user/.m2/repository/log4j/log4j/1.2.17/log4j-1.2.17.jar:/home/user/.m2/repository/commons-beanutils/commons-beanutils/1.9.4/commons-beanutils-1.9.4.jar:/home/user/.m2/repository/org/apache/commons/commons-configuration2/2.1.1/commons-configuration2-2.1.1.jar:/home/user/.m2/repository/org/apache/commons/commons-lang3/3.7/commons-lang3-3.7.jar:/home/user/.m2/repository/org/apache/commons/commons-text/1.4/commons-text-1.4.jar:/home/user/.m2/repository/org/slf4j/slf4j-api/1.7.25/slf4j-api-1.7.25.jar:/home/user/.m2/repository/org/slf4j/slf4j-log4j12/1.7.25/slf4j-log4j12-1.7.25.jar:/home/user/.m2/repository/org/apache/avro/avro/1.7.7/avro-1.7.7.jar:/home/user/.m2/repository/com/thoughtworks/paranamer/paranamer/2.3/paranamer-2.3.jar:/home/user/.m2/repository/org/xerial/snappy/snappy-java/1.0.5/snappy-java-1.0.5.jar:/home/user/.m2/repository/com/google/re2j/re2j/1.1/re2j-1.1.jar:/home/user/.m2/repository/com/google/protobuf/protobuf-java/2.5.0/protobuf-java-2.5.0.jar:/home/user/.m2/repository/com/google/code/gson/gson/2.2.4/gson-2.2.4.jar:/home/user/.m2/repository/org/apache/hadoop/hadoop-auth/3.2.0/hadoop-auth-3.2.0.jar:/home/user/.m2/repository/com/nimbusds/nimbus-jose-jwt/4.41.1/nimbus-jose-jwt-4.41.1.jar:/home/user/.m2/repository/com/github/stephenc/jcip/jcip-annotations/1.0-1/jcip-annotations-1.0-1.jar:/home/user/.m2/repository/net/minidev/json-smart/2.3/json-smart-2.3.jar:/home/user/.m2/repository/net/minidev/accessors-smart/1.2/accessors-smart-1.2.jar:/home/user/.m2/repository/org/apache/curator/curator-framework/2.12.0/curator-framework-2.12.0.jar:/home/user/.m2/repository/com/jcraft/jsch/0.1.54/jsch-0.1.54.jar:/home/user/.m2/repository/org/apache/curator/curator-client/2.12.0/curator-client-2.12.0.jar:/home/user/.m2/repository/org/apache/curator/curator-recipes/2.12.0/curator-recipes-2.12.0.jar:/home/user/.m2/repository/com/google/code/findbugs/jsr305/3.0.0/jsr305-3.0.0.jar:/home/user/.m2/repository/org/apache/htrace/htrace-core4/4.1.0-incubating/htrace-core4-4.1.0-incubating.jar:/home/user/.m2/repository/org/apache/zookeeper/zookeeper/3.4.13/zookeeper-3.4.13.jar:/home/user/.m2/repository/jline/jline/0.9.94/jline-0.9.94.jar:/home/user/.m2/repository/org/apache/yetus/audience-annotations/0.5.0/audience-annotations-0.5.0.jar:/home/user/.m2/repository/org/apache/commons/commons-compress/1.4.1/commons-compress-1.4.1.jar:/home/user/.m2/repository/org/tukaani/xz/1.0/xz-1.0.jar:/home/user/.m2/repository/org/apache/kerby/kerb-simplekdc/1.0.1/kerb-simplekdc-1.0.1.jar:/home/user/.m2/repository/org/apache/kerby/kerb-client/1.0.1/kerb-client-1.0.1.jar:/home/user/.m2/repository/org/apache/kerby/kerby-config/1.0.1/kerby-config-1.0.1.jar:/home/user/.m2/repository/org/apache/kerby/kerb-core/1.0.1/kerb-core-1.0.1.jar:/home/user/.m2/repository/org/apache/kerby/kerby-pkix/1.0.1/kerby-pkix-1.0.1.jar:/home/user/.m2/repository/org/apache/kerby/kerby-asn1/1.0.1/kerby-asn1-1.0.1.jar:/home/user/.m2/repository/org/apache/kerby/kerby-util/1.0.1/kerby-util-1.0.1.jar:/home/user/.m2/repository/org/apache/kerby/kerb-common/1.0.1/kerb-common-1.0.1.jar:/home/user/.m2/repository/org/apache/kerby/kerb-crypto/1.0.1/kerb-crypto-1.0.1.jar:/home/user/.m2/repository/org/apache/kerby/kerb-util/1.0.1/kerb-util-1.0.1.jar:/home/user/.m2/repository/org/apache/kerby/token-provider/1.0.1/token-provider-1.0.1.jar:/home/user/.m2/repository/org/apache/kerby/kerb-admin/1.0.1/kerb-admin-1.0.1.jar:/home/user/.m2/repository/org/apache/kerby/kerb-server/1.0.1/kerb-server-1.0.1.jar:/home/user/.m2/repository/org/apache/kerby/kerb-identity/1.0.1/kerb-identity-1.0.1.jar:/home/user/.m2/repository/org/apache/kerby/kerby-xdr/1.0.1/kerby-xdr-1.0.1.jar:/home/user/.m2/repository/com/fasterxml/jackson/core/jackson-databind/2.9.9/jackson-databind-2.9.9.jar:/home/user/.m2/repository/com/fasterxml/jackson/core/jackson-annotations/2.9.9/jackson-annotations-2.9.9.jar:/home/user/.m2/repository/com/fasterxml/jackson/core/jackson-core/2.9.9/jackson-core-2.9.9.jar:/home/user/.m2/repository/org/codehaus/woodstox/stax2-api/3.1.4/stax2-api-3.1.4.jar:/home/user/.m2/repository/com/fasterxml/woodstox/woodstox-core/5.0.3/woodstox-core-5.0.3.jar:/home/user/.m2/repository/dnsjava/dnsjava/2.1.7/dnsjava-2.1.7.jar:/home/user/.m2/repository/org/apache/hadoop/hadoop-hdfs/3.2.0/hadoop-hdfs-3.2.0.jar:/home/user/.m2/repository/org/eclipse/jetty/jetty-util-ajax/9.3.25.v20180904/jetty-util-ajax-9.3.25.v20180904.jar:/home/user/.m2/repository/commons-daemon/commons-daemon/1.0.13/commons-daemon-1.0.13.jar:/home/user/.m2/repository/io/netty/netty/3.10.5.Final/netty-3.10.5.Final.jar:/home/user/.m2/repository/io/netty/netty-all/4.0.52.Final/netty-all-4.0.52.Final.jar:/home/user/.m2/repository/org/fusesource/leveldbjni/leveldbjni-all/1.8/leveldbjni-all-1.8.jar:/home/user/.m2/repository/org/apache/hadoop/hadoop-hdds-common/0.5.0-SNAPSHOT/hadoop-hdds-common-0.5.0-SNAPSHOT.jar:/home/user/.m2/repository/org/apache/hadoop/hadoop-hdds-config/0.5.0-SNAPSHOT/hadoop-hdds-config-0.5.0-SNAPSHOT.jar:/home/user/.m2/repository/javax/annotation/javax.annotation-api/1.2/javax.annotation-api-1.2.jar:/home/user/.m2/repository/org/apache/ratis/ratis-server/0.5.0-d6d58d0-SNAPSHOT/ratis-server-0.5.0-d6d58d0-SNAPSHOT.jar:/home/user/.m2/repository/org/apache/ratis/ratis-thirdparty-misc/0.2.0/ratis-thirdparty-misc-0.2.0.jar:/home/user/.m2/repository/org/apache/ratis/ratis-proto/0.5.0-d6d58d0-SNAPSHOT/ratis-proto-0.5.0-d6d58d0-SNAPSHOT.jar:/home/user/.m2/repository/org/apache/ratis/ratis-common/0.5.0-d6d58d0-SNAPSHOT/ratis-common-0.5.0-d6d58d0-SNAPSHOT.jar:/home/user/.m2/repository/org/apache/ratis/ratis-client/0.5.0-d6d58d0-SNAPSHOT/ratis-client-0.5.0-d6d58d0-SNAPSHOT.jar:/home/user/.m2/repository/org/apache/ratis/ratis-metrics/0.5.0-d6d58d0-SNAPSHOT/ratis-metrics-0.5.0-d6d58d0-SNAPSHOT.jar:/home/user/.m2/repository/org/apache/ratis/ratis-netty/0.5.0-d6d58d0-SNAPSHOT/ratis-netty-0.5.0-d6d58d0-SNAPSHOT.jar:/home/user/.m2/repository/org/apache/ratis/ratis-grpc/0.5.0-d6d58d0-SNAPSHOT/ratis-grpc-0.5.0-d6d58d0-SNAPSHOT.jar:/home/user/.m2/repository/org/rocksdb/rocksdbjni/6.0.1/rocksdbjni-6.0.1.jar:/home/user/.m2/repository/org/apache/logging/log4j/log4j-api/2.11.0/log4j-api-2.11.0.jar:/home/user/.m2/repository/org/apache/logging/log4j/log4j-core/2.11.0/log4j-core-2.11.0.jar:/home/user/.m2/repository/com/lmax/disruptor/3.4.2/disruptor-3.4.2.jar:/home/user/.m2/repository/org/apache/commons/commons-pool2/2.6.0/commons-pool2-2.6.0.jar:/home/user/.m2/repository/org/bouncycastle/bcpkix-jdk15on/1.60/bcpkix-jdk15on-1.60.jar:/home/user/.m2/repository/commons-validator/commons-validator/1.6/commons-validator-1.6.jar:/home/user/.m2/repository/commons-digester/commons-digester/1.8.1/commons-digester-1.8.1.jar:/home/user/.m2/repository/io/jaegertracing/jaeger-client/0.34.0/jaeger-client-0.34.0.jar:/home/user/.m2/repository/io/jaegertracing/jaeger-thrift/0.34.0/jaeger-thrift-0.34.0.jar:/home/user/.m2/repository/org/apache/thrift/libthrift/0.12.0/libthrift-0.12.0.jar:/home/user/.m2/repository/com/squareup/okhttp3/okhttp/3.9.0/okhttp-3.9.0.jar:/home/user/.m2/repository/com/squareup/okio/okio/1.13.0/okio-1.13.0.jar:/home/user/.m2/repository/io/jaegertracing/jaeger-core/0.34.0/jaeger-core-0.34.0.jar:/home/user/.m2/repository/io/jaegertracing/jaeger-tracerresolver/0.34.0/jaeger-tracerresolver-0.34.0.jar:/home/user/.m2/repository/io/opentracing/contrib/opentracing-tracerresolver/0.1.5/opentracing-tracerresolver-0.1.5.jar:/home/user/.m2/repository/io/opentracing/opentracing-util/0.31.0/opentracing-util-0.31.0.jar:/home/user/.m2/repository/io/opentracing/opentracing-api/0.31.0/opentracing-api-0.31.0.jar:/home/user/.m2/repository/io/opentracing/opentracing-noop/0.31.0/opentracing-noop-0.31.0.jar:/home/user/.m2/repository/org/yaml/snakeyaml/1.16/snakeyaml-1.16.jar:/home/user/.m2/repository/org/apache/hadoop/hadoop-hdfs-client/3.2.0/hadoop-hdfs-client-3.2.0.jar:/home/user/.m2/repository/info/picocli/picocli/3.9.6/picocli-3.9.6.jar:/home/user/.m2/repository/org/apache/hadoop/hadoop-hdds-server-scm/0.5.0-SNAPSHOT/hadoop-hdds-server-scm-0.5.0-SNAPSHOT.jar:/home/user/.m2/repository/org/apache/hadoop/hadoop-hdds-docs/0.5.0-SNAPSHOT/hadoop-hdds-docs-0.5.0-SNAPSHOT.jar:/home/user/.m2/repository/io/dropwizard/metrics/metrics-core/3.2.4/metrics-core-3.2.4.jar:/home/user/.m2/repository/org/hamcrest/hamcrest-all/1.3/hamcrest-all-1.3.jar:/home/user/.m2/repository/org/bouncycastle/bcprov-jdk15on/1.60/bcprov-jdk15on-1.60.jar:/home/user/.m2/repository/org/apache/hadoop/hadoop-hdds-server-framework/0.5.0-SNAPSHOT/hadoop-hdds-server-framework-0.5.0-SNAPSHOT.jar:/home/user/.m2/repository/org/apache/hadoop/hadoop-ozone-ozone-manager/0.5.0-SNAPSHOT/hadoop-ozone-ozone-manager-0.5.0-SNAPSHOT.jar:/home/user/.m2/repository/org/apache/hadoop/hadoop-hdds-container-service/0.5.0-SNAPSHOT/hadoop-hdds-container-service-0.5.0-SNAPSHOT.jar:/home/user/.m2/repository/org/apache/hadoop/hadoop-hdds-client/0.5.0-SNAPSHOT/hadoop-hdds-client-0.5.0-SNAPSHOT.jar:/home/user/.m2/repository/org/apache/hadoop/hadoop-ozone-common/0.5.0-SNAPSHOT/hadoop-ozone-common-0.5.0-SNAPSHOT.jar:/home/user/.m2/repository/org/apache/hadoop/hadoop-hdds-tools/0.5.0-SNAPSHOT/hadoop-hdds-tools-0.5.0-SNAPSHOT.jar:/home/user/.m2/repository/org/xerial/sqlite-jdbc/3.25.2/sqlite-jdbc-3.25.2.jar:/home/user/.m2/repository/org/apache/httpcomponents/httpclient/4.5.2/httpclient-4.5.2.jar:/home/user/.m2/repository/org/apache/httpcomponents/httpcore/4.4.4/httpcore-4.4.4.jar:/home/user/.m2/repository/com/github/spotbugs/spotbugs/3.1.12/spotbugs-3.1.12.jar:/home/user/.m2/repository/org/ow2/asm/asm/5.0.4/asm-5.0.4.jar:/home/user/.m2/repository/org/ow2/asm/asm-analysis/7.0/asm-analysis-7.0.jar:/home/user/.m2/repository/org/ow2/asm/asm-commons/7.0/asm-commons-7.0.jar:/home/user/.m2/repository/org/ow2/asm/asm-tree/7.0/asm-tree-7.0.jar:/home/user/.m2/repository/org/ow2/asm/asm-util/7.0/asm-util-7.0.jar:/home/user/.m2/repository/org/apache/bcel/bcel/6.3/bcel-6.3.jar:/home/user/.m2/repository/net/jcip/jcip-annotations/1.0/jcip-annotations-1.0.jar:/home/user/.m2/repository/org/dom4j/dom4j/2.1.1/dom4j-2.1.1.jar:/home/user/.m2/repository/jaxen/jaxen/1.1.6/jaxen-1.1.6.jar:/home/user/.m2/repository/commons-lang/commons-lang/2.6/commons-lang-2.6.jar:/home/user/.m2/repository/com/github/spotbugs/spotbugs-annotations/3.1.12/spotbugs-annotations-3.1.12.jar:/home/user/.m2/repository/org/apache/hadoop/hadoop-common/3.2.0/hadoop-common-3.2.0-tests.jar:/home/user/.m2/repository/org/apache/hadoop/hadoop-ozone-client/0.5.0-SNAPSHOT/hadoop-ozone-client-0.5.0-SNAPSHOT.jar:/home/user/.m2/repository/org/apache/hadoop/hadoop-hdfs/3.2.0/hadoop-hdfs-3.2.0-tests.jar:/workdir/hadoop-ozone/integration-test/target/test-classes:/home/user/.m2/repository/org/apache/hadoop/hadoop-ozone-s3gateway/0.5.0-SNAPSHOT/hadoop-ozone-s3gateway-0.5.0-SNAPSHOT.jar:/home/user/.m2/repository/org/jboss/weld/servlet/weld-servlet/2.4.7.Final/weld-servlet-2.4.7.Final.jar:/home/user/.m2/repository/org/glassfish/jersey/containers/jersey-container-servlet-core/2.27/jersey-container-servlet-core-2.27.jar:/home/user/.m2/repository/org/glassfish/hk2/external/javax.inject/2.5.0-b42/javax.inject-2.5.0-b42.jar:/home/user/.m2/repository/org/glassfish/jersey/core/jersey-common/2.27/jersey-common-2.27.jar:/home/user/.m2/repository/org/glassfish/hk2/osgi-resource-locator/1.0.1/osgi-resource-locator-1.0.1.jar:/home/user/.m2/repository/javax/ws/rs/javax.ws.rs-api/2.1/javax.ws.rs-api-2.1.jar:/home/user/.m2/repository/org/glassfish/jersey/ext/cdi/jersey-cdi1x/2.27/jersey-cdi1x-2.27.jar:/home/user/.m2/repository/org/glassfish/jersey/inject/jersey-hk2/2.27/jersey-hk2-2.27.jar:/home/user/.m2/repository/org/glassfish/hk2/hk2-locator/2.5.0-b42/hk2-locator-2.5.0-b42.jar:/home/user/.m2/repository/org/javassist/javassist/3.22.0-CR2/javassist-3.22.0-CR2.jar:/home/user/.m2/repository/org/glassfish/hk2/hk2-api/2.5.0/hk2-api-2.5.0.jar:/home/user/.m2/repository/org/glassfish/hk2/external/jakarta.inject/2.5.0/jakarta.inject-2.5.0.jar:/home/user/.m2/repository/org/glassfish/hk2/hk2-utils/2.5.0/hk2-utils-2.5.0.jar:/home/user/.m2/repository/jakarta/annotation/jakarta.annotation-api/1.3.4/jakarta.annotation-api-1.3.4.jar:/home/user/.m2/repository/org/glassfish/hk2/external/aopalliance-repackaged/2.5.0/aopalliance-repackaged-2.5.0.jar:/home/user/.m2/repository/com/fasterxml/jackson/dataformat/jackson-dataformat-xml/2.9.0/jackson-dataformat-xml-2.9.0.jar:/home/user/.m2/repository/com/fasterxml/jackson/module/jackson-module-jaxb-annotations/2.9.9/jackson-module-jaxb-annotations-2.9.9.jar:/home/user/.m2/repository/javax/enterprise/cdi-api/1.2/cdi-api-1.2.jar:/home/user/.m2/repository/javax/el/javax.el-api/3.0.0/javax.el-api-3.0.0.jar:/home/user/.m2/repository/javax/interceptor/javax.interceptor-api/1.2/javax.interceptor-api-1.2.jar:/home/user/.m2/repository/javax/inject/javax.inject/1/javax.inject-1.jar:/home/user/.m2/repository/com/sun/xml/bind/jaxb-core/2.3.0.1/jaxb-core-2.3.0.1.jar:/home/user/.m2/repository/javax/xml/bind/jaxb-api/2.3.0/jaxb-api-2.3.0.jar:/home/user/.m2/repository/javax/activation/activation/1.1.1/activation-1.1.1.jar:/home/user/.m2/repository/org/apache/hadoop/hadoop-ozone-csi/0.5.0-SNAPSHOT/hadoop-ozone-csi-0.5.0-SNAPSHOT.jar:/home/user/.m2/repository/com/google/protobuf/protobuf-java-util/3.5.1/protobuf-java-util-3.5.1.jar:/home/user/.m2/repository/io/grpc/grpc-netty/1.17.1/grpc-netty-1.17.1.jar:/home/user/.m2/repository/io/grpc/grpc-core/1.17.1/grpc-core-1.17.1.jar:/home/user/.m2/repository/io/grpc/grpc-context/1.17.1/grpc-context-1.17.1.jar:/home/user/.m2/repository/com/google/errorprone/error_prone_annotations/2.2.0/error_prone_annotations-2.2.0.jar:/home/user/.m2/repository/org/codehaus/mojo/animal-sniffer-annotations/1.17/animal-sniffer-annotations-1.17.jar:/home/user/.m2/repository/io/opencensus/opencensus-api/0.17.0/opencensus-api-0.17.0.jar:/home/user/.m2/repository/io/opencensus/opencensus-contrib-grpc-metrics/0.17.0/opencensus-contrib-grpc-metrics-0.17.0.jar:/home/user/.m2/repository/io/netty/netty-codec-http2/4.1.30.Final/netty-codec-http2-4.1.30.Final.jar:/home/user/.m2/repository/io/netty/netty-codec-http/4.1.30.Final/netty-codec-http-4.1.30.Final.jar:/home/user/.m2/repository/io/netty/netty-codec/4.1.30.Final/netty-codec-4.1.30.Final.jar:/home/user/.m2/repository/io/netty/netty-handler/4.1.30.Final/netty-handler-4.1.30.Final.jar:/home/user/.m2/repository/io/netty/netty-handler-proxy/4.1.30.Final/netty-handler-proxy-4.1.30.Final.jar:/home/user/.m2/repository/io/netty/netty-codec-socks/4.1.30.Final/netty-codec-socks-4.1.30.Final.jar:/home/user/.m2/repository/io/netty/netty-transport-native-epoll/4.1.30.Final/netty-transport-native-epoll-4.1.30.Final.jar:/home/user/.m2/repository/io/netty/netty-common/4.1.30.Final/netty-common-4.1.30.Final.jar:/home/user/.m2/repository/io/netty/netty-buffer/4.1.30.Final/netty-buffer-4.1.30.Final.jar:/home/user/.m2/repository/io/netty/netty-transport/4.1.30.Final/netty-transport-4.1.30.Final.jar:/home/user/.m2/repository/io/netty/netty-resolver/4.1.30.Final/netty-resolver-4.1.30.Final.jar:/home/user/.m2/repository/io/netty/netty-transport-native-unix-common/4.1.30.Final/netty-transport-native-unix-common-4.1.30.Final.jar:/home/user/.m2/repository/io/grpc/grpc-protobuf/1.17.1/grpc-protobuf-1.17.1.jar:/home/user/.m2/repository/com/google/api/grpc/proto-google-common-protos/1.0.0/proto-google-common-protos-1.0.0.jar:/home/user/.m2/repository/io/grpc/grpc-protobuf-lite/1.17.1/grpc-protobuf-lite-1.17.1.jar:/home/user/.m2/repository/io/grpc/grpc-stub/1.17.1/grpc-stub-1.17.1.jar:/home/user/.m2/repository/org/apache/hadoop/hadoop-ozone-recon/0.5.0-SNAPSHOT/hadoop-ozone-recon-0.5.0-SNAPSHOT.jar:/home/user/.m2/repository/org/apache/hadoop/hadoop-ozone-reconcodegen/0.5.0-SNAPSHOT/hadoop-ozone-reconcodegen-0.5.0-SNAPSHOT.jar:/home/user/.m2/repository/com/google/inject/extensions/guice-multibindings/4.0/guice-multibindings-4.0.jar:/home/user/.m2/repository/com/google/inject/guice/4.0/guice-4.0.jar:/home/user/.m2/repository/aopalliance/aopalliance/1.0/aopalliance-1.0.jar:/home/user/.m2/repository/org/glassfish/jersey/containers/jersey-container-servlet/2.27/jersey-container-servlet-2.27.jar:/home/user/.m2/repository/org/glassfish/hk2/guice-bridge/2.5.0/guice-bridge-2.5.0.jar:/home/user/.m2/repository/org/glassfish/jersey/core/jersey-server/2.27/jersey-server-2.27.jar:/home/user/.m2/repository/org/glassfish/jersey/core/jersey-client/2.27/jersey-client-2.27.jar:/home/user/.m2/repository/org/glassfish/jersey/media/jersey-media-jaxb/2.27/jersey-media-jaxb-2.27.jar:/home/user/.m2/repository/javax/validation/validation-api/1.1.0.Final/validation-api-1.1.0.Final.jar:/home/user/.m2/repository/org/glassfish/jersey/media/jersey-media-json-jackson/2.27/jersey-media-json-jackson-2.27.jar:/home/user/.m2/repository/org/glassfish/jersey/ext/jersey-entity-filtering/2.27/jersey-entity-filtering-2.27.jar:/home/user/.m2/repository/com/google/inject/extensions/guice-assistedinject/4.0/guice-assistedinject-4.0.jar:/home/user/.m2/repository/org/jooq/jooq/3.11.10/jooq-3.11.10.jar:/home/user/.m2/repository/org/jooq/jooq-meta/3.11.10/jooq-meta-3.11.10.jar:/home/user/.m2/repository/org/jooq/jooq-codegen/3.11.10/jooq-codegen-3.11.10.jar:/home/user/.m2/repository/com/jolbox/bonecp/0.8.0.RELEASE/bonecp-0.8.0.RELEASE.jar:/home/user/.m2/repository/org/springframework/spring-jdbc/5.1.3.RELEASE/spring-jdbc-5.1.3.RELEASE.jar:/home/user/.m2/repository/org/springframework/spring-beans/5.1.3.RELEASE/spring-beans-5.1.3.RELEASE.jar:/home/user/.m2/repository/org/springframework/spring-core/5.1.3.RELEASE/spring-core-5.1.3.RELEASE.jar:/home/user/.m2/repository/org/springframework/spring-jcl/5.1.3.RELEASE/spring-jcl-5.1.3.RELEASE.jar:/home/user/.m2/repository/org/springframework/spring-tx/5.1.3.RELEASE/spring-tx-5.1.3.RELEASE.jar:/home/user/.m2/repository/org/mockito/mockito-all/1.10.19/mockito-all-1.10.19.jar:/home/user/.m2/repository/junit/junit/4.11/junit-4.11.jar:/home/user/.m2/repository/org/hamcrest/hamcrest-core/1.3/hamcrest-core-1.3.jar:/home/user/.m2/repository/org/apache/hadoop/hadoop-distcp/3.2.0/hadoop-distcp-3.2.0.jar:/home/user/.m2/repository/org/apache/hadoop/hadoop-distcp/3.2.0/hadoop-distcp-3.2.0-tests.jar:/home/user/.m2/repository/org/apache/hadoop/hadoop-mapreduce-client-jobclient/3.2.0/hadoop-mapreduce-client-jobclient-3.2.0.jar:/home/user/.m2/repository/org/apache/hadoop/hadoop-mapreduce-client-common/3.2.0/hadoop-mapreduce-client-common-3.2.0.jar:/home/user/.m2/repository/org/apache/hadoop/hadoop-yarn-common/3.2.0/hadoop-yarn-common-3.2.0.jar:/home/user/.m2/repository/org/apache/hadoop/hadoop-yarn-api/3.2.0/hadoop-yarn-api-3.2.0.jar:/home/user/.m2/repository/com/sun/jersey/jersey-client/1.19/jersey-client-1.19.jar:/home/user/.m2/repository/com/sun/jersey/contribs/jersey-guice/1.19/jersey-guice-1.19.jar:/home/user/.m2/repository/com/fasterxml/jackson/jaxrs/jackson-jaxrs-json-provider/2.9.9/jackson-jaxrs-json-provider-2.9.9.jar:/home/user/.m2/repository/com/fasterxml/jackson/jaxrs/jackson-jaxrs-base/2.9.9/jackson-jaxrs-base-2.9.9.jar:/home/user/.m2/repository/org/apache/hadoop/hadoop-yarn-client/3.2.0/hadoop-yarn-client-3.2.0.jar:/home/user/.m2/repository/org/apache/hadoop/hadoop-mapreduce-client-core/3.2.0/hadoop-mapreduce-client-core-3.2.0.jar:/home/user/.m2/repository/com/google/inject/extensions/guice-servlet/4.0/guice-servlet-4.0.jar:/home/user/.m2/repository/org/powermock/powermock-module-junit4/1.6.5/powermock-module-junit4-1.6.5.jar:/home/user/.m2/repository/org/powermock/powermock-module-junit4-common/1.6.5/powermock-module-junit4-common-1.6.5.jar:/home/user/.m2/repository/org/powermock/powermock-core/1.6.5/powermock-core-1.6.5.jar:/home/user/.m2/repository/org/powermock/powermock-reflect/1.6.5/powermock-reflect-1.6.5.jar:/home/user/.m2/repository/org/powermock/powermock-api-mockito/1.6.5/powermock-api-mockito-1.6.5.jar:/home/user/.m2/repository/org/mockito/mockito-core/1.10.19/mockito-core-1.10.19.jar:/home/user/.m2/repository/org/objenesis/objenesis/1.0/objenesis-1.0.jar:/home/user/.m2/repository/org/powermock/powermock-api-mockito-common/1.6.5/powermock-api-mockito-common-1.6.5.jar:/home/user/.m2/repository/org/powermock/powermock-api-support/1.6.5/powermock-api-support-1.6.5.jar:"/>
    <property name="sun.cpu.endian" value="little"/>
    <property name="user.home" value="/home/user"/>
    <property name="user.language" value="en"/>
    <property name="java.specification.vendor" value="Oracle Corporation"/>
    <property name="java.home" value="/usr/lib/jvm/java-1.8.0-openjdk-1.8.0.222.b10-1.el7_7.x86_64/jre"/>
    <property name="surefire.excludesFile" value="/tools/ozone-bad-unit-tests"/>
    <property name="java.security.krb5.conf" value="/workdir/hadoop-ozone/ozonefs/target/test-classes/krb5.conf"/>
    <property name="basedir" value="/workdir/hadoop-ozone/ozonefs"/>
    <property name="file.separator" value="/"/>
    <property name="line.separator" value="&#10;"/>
    <property name="java.vm.specification.vendor" value="Oracle Corporation"/>
    <property name="java.specification.name" value="Java Platform API Specification"/>
    <property name="java.awt.graphicsenv" value="sun.awt.X11GraphicsEnvironment"/>
    <property name="surefire.real.class.path" value="/workdir/hadoop-ozone/ozonefs/target/surefire/surefirebooter5424785801647761902.jar"/>
    <property name="hadoop.log.dir" value="/workdir/hadoop-ozone/ozonefs/target/log"/>
    <property name="sun.boot.class.path" value="/usr/lib/jvm/java-1.8.0-openjdk-1.8.0.222.b10-1.el7_7.x86_64/jre/lib/resources.jar:/usr/lib/jvm/java-1.8.0-openjdk-1.8.0.222.b10-1.el7_7.x86_64/jre/lib/rt.jar:/usr/lib/jvm/java-1.8.0-openjdk-1.8.0.222.b10-1.el7_7.x86_64/jre/lib/sunrsasign.jar:/usr/lib/jvm/java-1.8.0-openjdk-1.8.0.222.b10-1.el7_7.x86_64/jre/lib/jsse.jar:/usr/lib/jvm/java-1.8.0-openjdk-1.8.0.222.b10-1.el7_7.x86_64/jre/lib/jce.jar:/usr/lib/jvm/java-1.8.0-openjdk-1.8.0.222.b10-1.el7_7.x86_64/jre/lib/charsets.jar:/usr/lib/jvm/java-1.8.0-openjdk-1.8.0.222.b10-1.el7_7.x86_64/jre/lib/jfr.jar:/usr/lib/jvm/java-1.8.0-openjdk-1.8.0.222.b10-1.el7_7.x86_64/jre/classes"/>
    <property name="sun.management.compiler" value="HotSpot 64-Bit Tiered Compilers"/>
    <property name="java.runtime.version" value="1.8.0_222-b10"/>
    <property name="java.net.preferIPv4Stack" value="true"/>
    <property name="user.name" value="jenkins1000"/>
    <property name="path.separator" value=":"/>
    <property name="java.security.egd" value="file:///dev/urandom"/>
    <property name="os.version" value="3.10.0-957.12.2.el7.x86_64"/>
    <property name="java.endorsed.dirs" value="/usr/lib/jvm/java-1.8.0-openjdk-1.8.0.222.b10-1.el7_7.x86_64/jre/lib/endorsed"/>
    <property name="java.runtime.name" value="OpenJDK Runtime Environment"/>
    <property name="file.encoding" value="ANSI_X3.4-1968"/>
    <property name="java.vm.name" value="OpenJDK 64-Bit Server VM"/>
    <property name="test.build.webapps" value=""/>
    <property name="localRepository" value="/home/user/.m2/repository"/>
    <property name="java.vendor.url.bug" value="http://bugreport.sun.com/bugreport/"/>
    <property name="java.io.tmpdir" value="/tmp"/>
    <property name="require.test.libhadoop" value=""/>
    <property name="java.version" value="1.8.0_222"/>
    <property name="user.dir" value="/workdir/hadoop-ozone/ozonefs"/>
    <property name="os.arch" value="amd64"/>
    <property name="java.vm.specification.name" value="Java Virtual Machine Specification"/>
    <property name="test.build.classes" value="/workdir/hadoop-ozone/ozonefs/target/test-classes"/>
    <property name="java.awt.printerjob" value="sun.print.PSPrinterJob"/>
    <property name="sun.os.patch.level" value="unknown"/>
    <property name="hadoop.tmp.dir" value="/workdir/hadoop-ozone/ozonefs/target/tmp"/>
    <property name="java.library.path" value="/usr/lib:/workdir/hadoop-ozone/ozonefs/target/native/target/usr/local/lib:/workdir/hadoop-ozone/ozonefs/../../hadoop-common-project/hadoop-common/target/native/target/usr/local/lib:/usr/java/packages/lib/amd64:/usr/lib64:/lib64:/lib:/usr/lib"/>
    <property name="java.vm.info" value="mixed mode"/>
    <property name="java.vendor" value="Oracle Corporation"/>
    <property name="java.vm.version" value="25.222-b10"/>
    <property name="java.ext.dirs" value="/usr/lib/jvm/java-1.8.0-openjdk-1.8.0.222.b10-1.el7_7.x86_64/jre/lib/ext:/usr/java/packages/lib/ext"/>
    <property name="sun.io.unicode.encoding" value="UnicodeLittle"/>
    <property name="java.class.version" value="52.0"/>
  </properties>
  <testcase name="testOzoneFsServiceLoader" classname="org.apache.hadoop.fs.ozone.TestOzoneFileSystem" time="33.854"/>
  <testcase name="testListStatusOnRoot" classname="org.apache.hadoop.fs.ozone.TestOzoneFileSystem" time="24.881"/>
  <testcase name="testListStatusOnSubDirs" classname="org.apache.hadoop.fs.ozone.TestOzoneFileSystem" time="25.181"/>
  <testcase name="testListStatus" classname="org.apache.hadoop.fs.ozone.TestOzoneFileSystem" time="53.372">
    <error message="Allocated 0 blocks. Requested 1 blocks" type="INTERNAL_ERROR org.apache.hadoop.ozone.om.exceptions.OMException">INTERNAL_ERROR org.apache.hadoop.ozone.om.exceptions.OMException: Allocated 0 blocks. Requested 1 blocks
	at org.apache.hadoop.ozone.om.protocolPB.OzoneManagerProtocolClientSideTranslatorPB.handleError(OzoneManagerProtocolClientSideTranslatorPB.java:761)
	at org.apache.hadoop.ozone.om.protocolPB.OzoneManagerProtocolClientSideTranslatorPB.createFile(OzoneManagerProtocolClientSideTranslatorPB.java:1565)
	at sun.reflect.NativeMethodAccessorImpl.invoke0(Native Method)
	at sun.reflect.NativeMethodAccessorImpl.invoke(NativeMethodAccessorImpl.java:62)
	at sun.reflect.DelegatingMethodAccessorImpl.invoke(DelegatingMethodAccessorImpl.java:43)
	at java.lang.reflect.Method.invoke(Method.java:498)
	at org.apache.hadoop.hdds.tracing.TraceAllMethod.invoke(TraceAllMethod.java:66)
	at com.sun.proxy.$Proxy38.createFile(Unknown Source)
	at org.apache.hadoop.ozone.client.rpc.RpcClient.createFile(RpcClient.java:1037)
	at org.apache.hadoop.ozone.client.OzoneBucket.createFile(OzoneBucket.java:537)
	at org.apache.hadoop.fs.ozone.BasicOzoneClientAdapterImpl.createFile(BasicOzoneClientAdapterImpl.java:208)
	at org.apache.hadoop.fs.ozone.BasicOzoneFileSystem.createOutputStream(BasicOzoneFileSystem.java:250)
	at org.apache.hadoop.fs.ozone.BasicOzoneFileSystem.create(BasicOzoneFileSystem.java:231)
	at org.apache.hadoop.fs.FileSystem.create(FileSystem.java:1118)
	at org.apache.hadoop.fs.FileSystem.create(FileSystem.java:1098)
	at org.apache.hadoop.fs.FileSystem.create(FileSystem.java:987)
	at org.apache.hadoop.fs.contract.ContractTestUtils.createFile(ContractTestUtils.java:633)
	at org.apache.hadoop.fs.contract.ContractTestUtils.touch(ContractTestUtils.java:669)
	at org.apache.hadoop.fs.ozone.TestOzoneFileSystem.testListStatus(TestOzoneFileSystem.java:160)
	at sun.reflect.NativeMethodAccessorImpl.invoke0(Native Method)
	at sun.reflect.NativeMethodAccessorImpl.invoke(NativeMethodAccessorImpl.java:62)
	at sun.reflect.DelegatingMethodAccessorImpl.invoke(DelegatingMethodAccessorImpl.java:43)
	at java.lang.reflect.Method.invoke(Method.java:498)
	at org.junit.runners.model.FrameworkMethod$1.runReflectiveCall(FrameworkMethod.java:47)
	at org.junit.internal.runners.model.ReflectiveCallable.run(ReflectiveCallable.java:12)
	at org.junit.runners.model.FrameworkMethod.invokeExplosively(FrameworkMethod.java:44)
	at org.junit.internal.runners.statements.InvokeMethod.evaluate(InvokeMethod.java:17)
	at org.junit.internal.runners.statements.RunBefores.evaluate(RunBefores.java:26)
	at org.junit.internal.runners.statements.RunAfters.evaluate(RunAfters.java:27)
	at org.junit.internal.runners.statements.FailOnTimeout$StatementThread.run(FailOnTimeout.java:74)
</error>
    <system-out><![CDATA[2019-11-13 21:46:08,439 [Thread-748] WARN  server.ServerUtils (ServerUtils.java:getScmDbDir(145)) - ozone.scm.db.dirs is not configured. We recommend adding this setting. Falling back to ozone.metadata.dirs instead.
2019-11-13 21:46:08,454 [Thread-748] WARN  server.ServerUtils (ServerUtils.java:getScmDbDir(145)) - ozone.scm.db.dirs is not configured. We recommend adding this setting. Falling back to ozone.metadata.dirs instead.
2019-11-13 21:46:08,454 [Thread-748] WARN  server.ServerUtils (ServerUtils.java:getScmDbDir(145)) - ozone.scm.db.dirs is not configured. We recommend adding this setting. Falling back to ozone.metadata.dirs instead.
2019-11-13 21:46:08,455 [Thread-748] INFO  db.DBStoreBuilder (DBStoreBuilder.java:addTable(127)) - using custom profile for table: deletedBlocks
2019-11-13 21:46:08,455 [Thread-748] INFO  db.DBStoreBuilder (DBStoreBuilder.java:processTables(183)) - Using default column profile:DBProfile.DISK for Table:deletedBlocks
2019-11-13 21:46:08,455 [Thread-748] INFO  db.DBStoreBuilder (DBStoreBuilder.java:addTable(127)) - using custom profile for table: validCerts
2019-11-13 21:46:08,455 [Thread-748] INFO  db.DBStoreBuilder (DBStoreBuilder.java:processTables(183)) - Using default column profile:DBProfile.DISK for Table:validCerts
2019-11-13 21:46:08,455 [Thread-748] INFO  db.DBStoreBuilder (DBStoreBuilder.java:addTable(127)) - using custom profile for table: revokedCerts
2019-11-13 21:46:08,455 [Thread-748] INFO  db.DBStoreBuilder (DBStoreBuilder.java:processTables(183)) - Using default column profile:DBProfile.DISK for Table:revokedCerts
2019-11-13 21:46:08,455 [Thread-748] INFO  db.DBStoreBuilder (DBStoreBuilder.java:addTable(127)) - using custom profile for table: default
2019-11-13 21:46:08,456 [Thread-748] INFO  db.DBStoreBuilder (DBStoreBuilder.java:processTables(189)) - Using default column profile:DBProfile.DISK for Table:default
2019-11-13 21:46:08,456 [Thread-748] INFO  db.DBStoreBuilder (DBStoreBuilder.java:getDbProfile(220)) - Using default options. DBProfile.DISK
2019-11-13 21:46:08,557 [Thread-748] INFO  net.NodeSchemaLoader (NodeSchemaLoader.java:loadSchemaFromFile(125)) - Loading file from sun.misc.CompoundEnumeration@250b8c9b
2019-11-13 21:46:08,558 [Thread-748] INFO  net.NodeSchemaLoader (NodeSchemaLoader.java:loadSchema(171)) - Loading network topology layer schema file
2019-11-13 21:46:08,564 [Thread-748] WARN  server.ServerUtils (ServerUtils.java:sanitizeUserArgs(70)) - ozone.scm.stale.node.interval value = 300000 is larger than max = 100000 based on the key value of ozone.scm.heartbeat.thread.interval, reset to the max value 100000.
2019-11-13 21:46:08,564 [Thread-748] WARN  server.ServerUtils (ServerUtils.java:sanitizeUserArgs(70)) - ozone.scm.stale.node.interval value = 300000 is larger than max = 100000 based on the key value of ozone.scm.heartbeat.thread.interval, reset to the max value 100000.
2019-11-13 21:46:08,564 [Thread-748] INFO  node.SCMNodeManager (SCMNodeManager.java:<init>(116)) - Entering startup safe mode.
2019-11-13 21:46:08,565 [Thread-748] INFO  algorithms.ContainerPlacementPolicyFactory (ContainerPlacementPolicyFactory.java:getPolicy(57)) - Create container placement policy of type org.apache.hadoop.hdds.scm.container.placement.algorithms.SCMContainerPlacementRandom
2019-11-13 21:46:08,566 [Thread-748] WARN  server.ServerUtils (ServerUtils.java:getScmDbDir(145)) - ozone.scm.db.dirs is not configured. We recommend adding this setting. Falling back to ozone.metadata.dirs instead.
2019-11-13 21:46:08,590 [Thread-748] INFO  pipeline.SCMPipelineManager (SCMPipelineManager.java:initializePipelineState(132)) - No pipeline exists in current db
2019-11-13 21:46:08,590 [Thread-748] WARN  server.ServerUtils (ServerUtils.java:getScmDbDir(145)) - ozone.scm.db.dirs is not configured. We recommend adding this setting. Falling back to ozone.metadata.dirs instead.
2019-11-13 21:46:08,614 [Thread-748] WARN  events.EventQueue (EventQueue.java:fireEvent(183)) - No event handler registered for event TypedEvent{payloadType=SafeModeStatus, name='SafeModeStatus'}
2019-11-13 21:46:08,616 [Thread-748] INFO  ipc.CallQueueManager (CallQueueManager.java:<init>(84)) - Using callQueue: class java.util.concurrent.LinkedBlockingQueue, queueCapacity: 2000, scheduler: class org.apache.hadoop.ipc.DefaultRpcScheduler, ipcBackoff: false.
2019-11-13 21:46:08,617 [Socket Reader #1 for port 43490] INFO  ipc.Server (Server.java:run(1074)) - Starting Socket Reader #1 for port 43490
2019-11-13 21:46:08,619 [Thread-748] INFO  ipc.CallQueueManager (CallQueueManager.java:<init>(84)) - Using callQueue: class java.util.concurrent.LinkedBlockingQueue, queueCapacity: 2000, scheduler: class org.apache.hadoop.ipc.DefaultRpcScheduler, ipcBackoff: false.
2019-11-13 21:46:08,620 [Socket Reader #1 for port 37166] INFO  ipc.Server (Server.java:run(1074)) - Starting Socket Reader #1 for port 37166
2019-11-13 21:46:08,621 [Thread-748] INFO  ipc.CallQueueManager (CallQueueManager.java:<init>(84)) - Using callQueue: class java.util.concurrent.LinkedBlockingQueue, queueCapacity: 2000, scheduler: class org.apache.hadoop.ipc.DefaultRpcScheduler, ipcBackoff: false.
2019-11-13 21:46:08,622 [Socket Reader #1 for port 41955] INFO  ipc.Server (Server.java:run(1074)) - Starting Socket Reader #1 for port 41955
2019-11-13 21:46:08,624 [Thread-748] INFO  hdfs.DFSUtil (DFSUtil.java:httpServerTemplateForNNAndJN(1641)) - Starting Web-server for scm at: http://0.0.0.0:0
2019-11-13 21:46:08,627 [Thread-748] INFO  server.AuthenticationFilter (AuthenticationFilter.java:constructSecretProvider(240)) - Unable to initialize FileSignerSecretProvider, falling back to use random secrets.
2019-11-13 21:46:08,628 [Thread-748] WARN  http.HttpRequestLog (HttpRequestLog.java:getRequestLog(97)) - Jetty request log can only be enabled using Log4j
2019-11-13 21:46:08,630 [Thread-748] INFO  http.HttpServer2 (HttpServer2.java:addGlobalFilter(975)) - Added global filter 'safety' (class=org.apache.hadoop.http.HttpServer2$QuotingInputFilter)
2019-11-13 21:46:08,631 [Thread-748] INFO  http.HttpServer2 (HttpServer2.java:addFilter(948)) - Added filter static_user_filter (class=org.apache.hadoop.http.lib.StaticUserWebFilter$StaticUserFilter) to context scm
2019-11-13 21:46:08,632 [Thread-748] INFO  http.HttpServer2 (HttpServer2.java:addFilter(958)) - Added filter static_user_filter (class=org.apache.hadoop.http.lib.StaticUserWebFilter$StaticUserFilter) to context logs
2019-11-13 21:46:08,632 [Thread-748] INFO  http.HttpServer2 (HttpServer2.java:addFilter(958)) - Added filter static_user_filter (class=org.apache.hadoop.http.lib.StaticUserWebFilter$StaticUserFilter) to context static
2019-11-13 21:46:08,634 [Thread-748] INFO  server.StorageContainerManager (StorageContainerManager.java:start(764)) - StorageContainerLocationProtocol RPC server is listening at /0.0.0.0:41955
2019-11-13 21:46:08,636 [Thread-748] WARN  impl.MetricsConfig (MetricsConfig.java:loadFirst(134)) - Cannot locate configuration: tried hadoop-metrics2-storagecontainermanager.properties,hadoop-metrics2.properties
2019-11-13 21:46:08,638 [Thread-748] INFO  impl.MetricsSystemImpl (MetricsSystemImpl.java:startTimer(374)) - Scheduled Metric snapshot period at 10 second(s).
2019-11-13 21:46:08,638 [Thread-748] INFO  impl.MetricsSystemImpl (MetricsSystemImpl.java:start(191)) - StorageContainerManager metrics system started
2019-11-13 21:46:08,683 [Thread-748] WARN  impl.MetricsSystemImpl (MetricsSystemImpl.java:register(276)) - Sink prometheus already exists!
2019-11-13 21:46:08,687 [Thread-748] INFO  server.SCMClientProtocolServer (SCMClientProtocolServer.java:start(159)) - RPC server for Client  is listening at /0.0.0.0:41955
2019-11-13 21:46:08,687 [IPC Server Responder] INFO  ipc.Server (Server.java:run(1314)) - IPC Server Responder: starting
2019-11-13 21:46:08,688 [IPC Server listener on 41955] INFO  ipc.Server (Server.java:run(1153)) - IPC Server listener on 41955: starting
2019-11-13 21:46:08,691 [Thread-748] INFO  server.StorageContainerManager (StorageContainerManager.java:start(774)) - ScmBlockLocationProtocol RPC server is listening at /0.0.0.0:37166
2019-11-13 21:46:08,691 [Thread-748] INFO  server.SCMBlockProtocolServer (SCMBlockProtocolServer.java:start(146)) - RPC server for Block Protocol is listening at /0.0.0.0:37166
2019-11-13 21:46:08,692 [IPC Server Responder] INFO  ipc.Server (Server.java:run(1314)) - IPC Server Responder: starting
2019-11-13 21:46:08,692 [IPC Server listener on 37166] INFO  ipc.Server (Server.java:run(1153)) - IPC Server listener on 37166: starting
2019-11-13 21:46:08,695 [Thread-748] INFO  server.StorageContainerManager (StorageContainerManager.java:start(778)) - ScmDatanodeProtocl RPC server is listening at /0.0.0.0:43490
2019-11-13 21:46:08,695 [Thread-748] INFO  server.SCMDatanodeProtocolServer (SCMDatanodeProtocolServer.java:start(169)) - RPC server for DataNodes is listening at /0.0.0.0:43490
2019-11-13 21:46:08,696 [IPC Server Responder] INFO  ipc.Server (Server.java:run(1314)) - IPC Server Responder: starting
2019-11-13 21:46:08,696 [IPC Server listener on 43490] INFO  ipc.Server (Server.java:run(1153)) - IPC Server listener on 43490: starting
2019-11-13 21:46:08,699 [Thread-748] INFO  http.HttpServer2 (HttpServer2.java:bindListener(1191)) - Jetty bound to port 33082
2019-11-13 21:46:08,699 [Thread-748] INFO  server.Server (Server.java:doStart(351)) - jetty-9.3.25.v20180904, build timestamp: 2018-09-04T21:11:46Z, git hash: 3ce520221d0240229c862b122d2b06c12a625732
2019-11-13 21:46:08,702 [Thread-748] INFO  handler.ContextHandler (ContextHandler.java:doStart(781)) - Started o.e.j.s.ServletContextHandler@7c6d51fa{/logs,file:///workdir/hadoop-ozone/ozonefs/target/log,AVAILABLE}
2019-11-13 21:46:08,702 [Thread-748] INFO  handler.ContextHandler (ContextHandler.java:doStart(781)) - Started o.e.j.s.ServletContextHandler@5f005197{/static,jar:file:/home/user/.m2/repository/org/apache/hadoop/hadoop-hdds-server-scm/0.5.0-SNAPSHOT/hadoop-hdds-server-scm-0.5.0-SNAPSHOT.jar!/webapps/static,AVAILABLE}
2019-11-13 21:46:08,744 [Thread-748] INFO  handler.ContextHandler (ContextHandler.java:doStart(781)) - Started o.e.j.w.WebAppContext@286432e0{/,file:///tmp/jetty-0.0.0.0-33082-scm-_-any-7517359053799539755.dir/webapp/,AVAILABLE}{/scm}
2019-11-13 21:46:08,744 [Thread-748] INFO  server.AbstractConnector (AbstractConnector.java:doStart(278)) - Started ServerConnector@6ea9fdad{HTTP/1.1,[http/1.1]}{0.0.0.0:33082}
2019-11-13 21:46:08,745 [Thread-748] INFO  server.Server (Server.java:doStart(419)) - Started @84689ms
2019-11-13 21:46:08,745 [Thread-748] WARN  impl.MetricsSystemImpl (MetricsSystemImpl.java:register(276)) - Sink prometheus already exists!
2019-11-13 21:46:08,746 [Thread-748] INFO  server.BaseHttpServer (BaseHttpServer.java:updateConnectorAddress(215)) - HTTP server of SCM is listening at http://0.0.0.0:33082
2019-11-13 21:46:08,747 [Thread-748] WARN  server.ServerUtils (ServerUtils.java:getDBPath(222)) - ozone.om.db.dirs is not configured. We recommend adding this setting. Falling back to ozone.metadata.dirs instead.
2019-11-13 21:46:08,747 [org.apache.hadoop.util.JvmPauseMonitor$Monitor@29517f57] INFO  util.JvmPauseMonitor (JvmPauseMonitor.java:run(188)) - Starting JVM pause monitor
2019-11-13 21:46:08,756 [Thread-748] INFO  ha.OMHANodeDetails (OMHANodeDetails.java:loadOMHAConfig(190)) - Configuration either no ozone.om.address set. Falling back to the default OM address /127.0.0.1:0
2019-11-13 21:46:08,756 [Thread-748] INFO  ha.OMHANodeDetails (OMHANodeDetails.java:getOMNodeDetails(220)) - OM Service ID is not set. Setting it to the default ID: omServiceIdDefault
2019-11-13 21:46:08,756 [Thread-748] WARN  server.ServerUtils (ServerUtils.java:getDBPath(222)) - ozone.om.db.dirs is not configured. We recommend adding this setting. Falling back to ozone.metadata.dirs instead.
2019-11-13 21:46:08,757 [Thread-748] WARN  server.ServerUtils (ServerUtils.java:getDBPath(222)) - ozone.om.db.dirs is not configured. We recommend adding this setting. Falling back to ozone.metadata.dirs instead.
2019-11-13 21:46:08,763 [Thread-748] WARN  server.ServerUtils (ServerUtils.java:getDBPath(222)) - ozone.om.db.dirs is not configured. We recommend adding this setting. Falling back to ozone.metadata.dirs instead.
2019-11-13 21:46:08,764 [Thread-748] INFO  db.DBStoreBuilder (DBStoreBuilder.java:addTable(127)) - using custom profile for table: userTable
2019-11-13 21:46:08,764 [Thread-748] INFO  db.DBStoreBuilder (DBStoreBuilder.java:processTables(183)) - Using default column profile:DBProfile.DISK for Table:userTable
2019-11-13 21:46:08,764 [Thread-748] INFO  db.DBStoreBuilder (DBStoreBuilder.java:addTable(127)) - using custom profile for table: volumeTable
2019-11-13 21:46:08,764 [Thread-748] INFO  db.DBStoreBuilder (DBStoreBuilder.java:processTables(183)) - Using default column profile:DBProfile.DISK for Table:volumeTable
2019-11-13 21:46:08,764 [Thread-748] INFO  db.DBStoreBuilder (DBStoreBuilder.java:addTable(127)) - using custom profile for table: bucketTable
2019-11-13 21:46:08,764 [Thread-748] INFO  db.DBStoreBuilder (DBStoreBuilder.java:processTables(183)) - Using default column profile:DBProfile.DISK for Table:bucketTable
2019-11-13 21:46:08,765 [Thread-748] INFO  db.DBStoreBuilder (DBStoreBuilder.java:addTable(127)) - using custom profile for table: keyTable
2019-11-13 21:46:08,765 [Thread-748] INFO  db.DBStoreBuilder (DBStoreBuilder.java:processTables(183)) - Using default column profile:DBProfile.DISK for Table:keyTable
2019-11-13 21:46:08,765 [Thread-748] INFO  db.DBStoreBuilder (DBStoreBuilder.java:addTable(127)) - using custom profile for table: deletedTable
2019-11-13 21:46:08,765 [Thread-748] INFO  db.DBStoreBuilder (DBStoreBuilder.java:processTables(183)) - Using default column profile:DBProfile.DISK for Table:deletedTable
2019-11-13 21:46:08,765 [Thread-748] INFO  db.DBStoreBuilder (DBStoreBuilder.java:addTable(127)) - using custom profile for table: openKeyTable
2019-11-13 21:46:08,765 [Thread-748] INFO  db.DBStoreBuilder (DBStoreBuilder.java:processTables(183)) - Using default column profile:DBProfile.DISK for Table:openKeyTable
2019-11-13 21:46:08,766 [Thread-748] INFO  db.DBStoreBuilder (DBStoreBuilder.java:addTable(127)) - using custom profile for table: s3Table
2019-11-13 21:46:08,766 [Thread-748] INFO  db.DBStoreBuilder (DBStoreBuilder.java:processTables(183)) - Using default column profile:DBProfile.DISK for Table:s3Table
2019-11-13 21:46:08,766 [Thread-748] INFO  db.DBStoreBuilder (DBStoreBuilder.java:addTable(127)) - using custom profile for table: multipartInfoTable
2019-11-13 21:46:08,766 [Thread-748] INFO  db.DBStoreBuilder (DBStoreBuilder.java:processTables(183)) - Using default column profile:DBProfile.DISK for Table:multipartInfoTable
2019-11-13 21:46:08,766 [Thread-748] INFO  db.DBStoreBuilder (DBStoreBuilder.java:addTable(127)) - using custom profile for table: dTokenTable
2019-11-13 21:46:08,766 [Thread-748] INFO  db.DBStoreBuilder (DBStoreBuilder.java:processTables(183)) - Using default column profile:DBProfile.DISK for Table:dTokenTable
2019-11-13 21:46:08,767 [Thread-748] INFO  db.DBStoreBuilder (DBStoreBuilder.java:addTable(127)) - using custom profile for table: s3SecretTable
2019-11-13 21:46:08,767 [Thread-748] INFO  db.DBStoreBuilder (DBStoreBuilder.java:processTables(183)) - Using default column profile:DBProfile.DISK for Table:s3SecretTable
2019-11-13 21:46:08,767 [Thread-748] INFO  db.DBStoreBuilder (DBStoreBuilder.java:addTable(127)) - using custom profile for table: prefixTable
2019-11-13 21:46:08,767 [Thread-748] INFO  db.DBStoreBuilder (DBStoreBuilder.java:processTables(183)) - Using default column profile:DBProfile.DISK for Table:prefixTable
2019-11-13 21:46:08,767 [Thread-748] INFO  db.DBStoreBuilder (DBStoreBuilder.java:addTable(127)) - using custom profile for table: default
2019-11-13 21:46:08,767 [Thread-748] INFO  db.DBStoreBuilder (DBStoreBuilder.java:processTables(189)) - Using default column profile:DBProfile.DISK for Table:default
2019-11-13 21:46:08,768 [Thread-748] INFO  db.DBStoreBuilder (DBStoreBuilder.java:getDbProfile(220)) - Using default options. DBProfile.DISK
2019-11-13 21:46:09,081 [Thread-748] INFO  ipc.CallQueueManager (CallQueueManager.java:<init>(84)) - Using callQueue: class java.util.concurrent.LinkedBlockingQueue, queueCapacity: 2000, scheduler: class org.apache.hadoop.ipc.DefaultRpcScheduler, ipcBackoff: false.
2019-11-13 21:46:09,082 [Socket Reader #1 for port 35530] INFO  ipc.Server (Server.java:run(1074)) - Starting Socket Reader #1 for port 35530
2019-11-13 21:46:09,103 [Thread-748] INFO  om.OzoneManager (OzoneManager.java:start(1077)) - OzoneManager RPC server is listening at localhost/127.0.0.1:35530
2019-11-13 21:46:09,104 [Thread-748] INFO  impl.MetricsSystemImpl (MetricsSystemImpl.java:init(158)) - OzoneManager metrics system started (again)
2019-11-13 21:46:09,107 [IPC Server listener on 35530] INFO  ipc.Server (Server.java:run(1153)) - IPC Server listener on 35530: starting
2019-11-13 21:46:09,107 [IPC Server Responder] INFO  ipc.Server (Server.java:run(1314)) - IPC Server Responder: starting
2019-11-13 21:46:09,112 [Thread-748] INFO  hdfs.DFSUtil (DFSUtil.java:httpServerTemplateForNNAndJN(1641)) - Starting Web-server for ozoneManager at: http://0.0.0.0:0
2019-11-13 21:46:09,114 [Thread-748] INFO  server.AuthenticationFilter (AuthenticationFilter.java:constructSecretProvider(240)) - Unable to initialize FileSignerSecretProvider, falling back to use random secrets.
2019-11-13 21:46:09,115 [Thread-748] WARN  http.HttpRequestLog (HttpRequestLog.java:getRequestLog(97)) - Jetty request log can only be enabled using Log4j
2019-11-13 21:46:09,117 [Thread-748] INFO  http.HttpServer2 (HttpServer2.java:addGlobalFilter(975)) - Added global filter 'safety' (class=org.apache.hadoop.http.HttpServer2$QuotingInputFilter)
2019-11-13 21:46:09,118 [Thread-748] INFO  http.HttpServer2 (HttpServer2.java:addFilter(948)) - Added filter static_user_filter (class=org.apache.hadoop.http.lib.StaticUserWebFilter$StaticUserFilter) to context ozoneManager
2019-11-13 21:46:09,118 [Thread-748] INFO  http.HttpServer2 (HttpServer2.java:addFilter(958)) - Added filter static_user_filter (class=org.apache.hadoop.http.lib.StaticUserWebFilter$StaticUserFilter) to context static
2019-11-13 21:46:09,118 [Thread-748] INFO  http.HttpServer2 (HttpServer2.java:addFilter(958)) - Added filter static_user_filter (class=org.apache.hadoop.http.lib.StaticUserWebFilter$StaticUserFilter) to context logs
2019-11-13 21:46:09,119 [Thread-748] INFO  http.HttpServer2 (HttpServer2.java:bindListener(1191)) - Jetty bound to port 39450
2019-11-13 21:46:09,120 [Thread-748] INFO  server.Server (Server.java:doStart(351)) - jetty-9.3.25.v20180904, build timestamp: 2018-09-04T21:11:46Z, git hash: 3ce520221d0240229c862b122d2b06c12a625732
2019-11-13 21:46:09,122 [Thread-748] INFO  handler.ContextHandler (ContextHandler.java:doStart(781)) - Started o.e.j.s.ServletContextHandler@7248815a{/logs,file:///workdir/hadoop-ozone/ozonefs/target/log,AVAILABLE}
2019-11-13 21:46:09,122 [Thread-748] INFO  handler.ContextHandler (ContextHandler.java:doStart(781)) - Started o.e.j.s.ServletContextHandler@589c781c{/static,jar:file:/home/user/.m2/repository/org/apache/hadoop/hadoop-ozone-ozone-manager/0.5.0-SNAPSHOT/hadoop-ozone-ozone-manager-0.5.0-SNAPSHOT.jar!/webapps/static,AVAILABLE}
2019-11-13 21:46:13,315 [Thread-748] INFO  handler.ContextHandler (ContextHandler.java:doStart(781)) - Started o.e.j.w.WebAppContext@5489b8d4{/,file:///tmp/jetty-0.0.0.0-39450-ozoneManager-_-any-6768591160786755541.dir/webapp/,AVAILABLE}{/ozoneManager}
2019-11-13 21:46:13,316 [Thread-748] INFO  server.AbstractConnector (AbstractConnector.java:doStart(278)) - Started ServerConnector@a84c9a1{HTTP/1.1,[http/1.1]}{0.0.0.0:39450}
2019-11-13 21:46:13,317 [Thread-748] INFO  server.Server (Server.java:doStart(419)) - Started @89261ms
2019-11-13 21:46:13,318 [Thread-748] WARN  impl.MetricsSystemImpl (MetricsSystemImpl.java:register(276)) - Sink prometheus already exists!
2019-11-13 21:46:13,319 [Thread-748] INFO  server.BaseHttpServer (BaseHttpServer.java:updateConnectorAddress(215)) - HTTP server of OZONEMANAGER is listening at http://0.0.0.0:39450
2019-11-13 21:46:13,332 [Thread-748] INFO  impl.MetricsSystemImpl (MetricsSystemImpl.java:init(158)) - HddsDatanode metrics system started (again)
2019-11-13 21:46:13,334 [Thread-748] INFO  ozone.HddsDatanodeService (HddsDatanodeService.java:start(186)) - HddsDatanodeService host:pr-hdds-2470-fxbl9-3826649461 ip:192.168.34.20
2019-11-13 21:46:13,343 [Thread-748] INFO  volume.HddsVolume (HddsVolume.java:<init>(176)) - Creating Volume: /workdir/hadoop-ozone/ozonefs/target/test-dir/MiniOzoneClusterImpl-2bb5002b-f3eb-4fa7-bf0d-d672f8b55c5b/datanode-0/data/containers/hdds of  storage type : DISK and capacity : 1482555576320
2019-11-13 21:46:13,343 [Thread-748] INFO  volume.VolumeSet (VolumeSet.java:initializeVolumeSet(170)) - Added Volume : /workdir/hadoop-ozone/ozonefs/target/test-dir/MiniOzoneClusterImpl-2bb5002b-f3eb-4fa7-bf0d-d672f8b55c5b/datanode-0/data/containers/hdds to VolumeSet
2019-11-13 21:46:13,343 [Thread-748] INFO  volume.ThrottledAsyncChecker (ThrottledAsyncChecker.java:schedule(141)) - Scheduling a check for /workdir/hadoop-ozone/ozonefs/target/test-dir/MiniOzoneClusterImpl-2bb5002b-f3eb-4fa7-bf0d-d672f8b55c5b/datanode-0/data/containers/hdds
2019-11-13 21:46:13,344 [Thread-748] INFO  volume.HddsVolumeChecker (HddsVolumeChecker.java:checkAllVolumes(204)) - Scheduled health check for volume /workdir/hadoop-ozone/ozonefs/target/test-dir/MiniOzoneClusterImpl-2bb5002b-f3eb-4fa7-bf0d-d672f8b55c5b/datanode-0/data/containers/hdds
2019-11-13 21:46:13,367 [Thread-748] INFO  impl.RaftServerProxy (ConfUtils.java:logGet(43)) - raft.rpc.type = GRPC (default)
2019-11-13 21:46:13,367 [Thread-748] INFO  grpc.GrpcFactory (GrpcFactory.java:checkPooledByteBufAllocatorUseCacheForAllThreads(45)) - PERFORMANCE WARNING: useCacheForAllThreads is true that may cause Netty to create a lot garbage objects and, as a result, trigger GC.
	It is recommended to disable useCacheForAllThreads by setting -Dorg.apache.ratis.thirdparty.io.netty.allocator.useCacheForAllThreads=false in command line.
2019-11-13 21:46:13,367 [Thread-748] INFO  grpc.GrpcConfigKeys$Server (ConfUtils.java:logGet(43)) - raft.grpc.server.port = 0 (default)
2019-11-13 21:46:13,367 [Thread-748] INFO  server.GrpcService (ConfUtils.java:logGet(43)) - raft.grpc.message.size.max = 33570816 (custom)
2019-11-13 21:46:13,367 [Thread-748] INFO  server.RaftServerConfigKeys (ConfUtils.java:logGet(43)) - raft.server.log.appender.buffer.byte-limit = 33554432 (custom)
2019-11-13 21:46:13,367 [Thread-748] INFO  server.GrpcService (ConfUtils.java:logGet(43)) - raft.grpc.flow.control.window = 1MB (=1048576) (default)
2019-11-13 21:46:13,368 [Thread-748] INFO  server.RaftServerConfigKeys (ConfUtils.java:logGet(43)) - raft.server.rpc.request.timeout = 3000ms (default)
2019-11-13 21:46:13,368 [Thread-748] INFO  server.RaftServerConfigKeys (ConfUtils.java:logGet(43)) - raft.server.storage.dir = [/workdir/hadoop-ozone/ozonefs/target/test-dir/MiniOzoneClusterImpl-2bb5002b-f3eb-4fa7-bf0d-d672f8b55c5b/datanode-0/data/ratis] (custom)
2019-11-13 21:46:13,370 [Thread-748] INFO  hdfs.DFSUtil (DFSUtil.java:httpServerTemplateForNNAndJN(1641)) - Starting Web-server for hddsDatanode at: http://0.0.0.0:0
2019-11-13 21:46:13,372 [Thread-748] INFO  server.AuthenticationFilter (AuthenticationFilter.java:constructSecretProvider(240)) - Unable to initialize FileSignerSecretProvider, falling back to use random secrets.
2019-11-13 21:46:13,372 [Thread-748] WARN  http.HttpRequestLog (HttpRequestLog.java:getRequestLog(97)) - Jetty request log can only be enabled using Log4j
2019-11-13 21:46:13,374 [Thread-748] INFO  http.HttpServer2 (HttpServer2.java:addGlobalFilter(975)) - Added global filter 'safety' (class=org.apache.hadoop.http.HttpServer2$QuotingInputFilter)
2019-11-13 21:46:13,374 [Thread-748] INFO  http.HttpServer2 (HttpServer2.java:addFilter(948)) - Added filter static_user_filter (class=org.apache.hadoop.http.lib.StaticUserWebFilter$StaticUserFilter) to context hddsDatanode
2019-11-13 21:46:13,375 [Thread-748] INFO  http.HttpServer2 (HttpServer2.java:addFilter(958)) - Added filter static_user_filter (class=org.apache.hadoop.http.lib.StaticUserWebFilter$StaticUserFilter) to context static
2019-11-13 21:46:13,375 [Thread-748] INFO  http.HttpServer2 (HttpServer2.java:addFilter(958)) - Added filter static_user_filter (class=org.apache.hadoop.http.lib.StaticUserWebFilter$StaticUserFilter) to context logs
2019-11-13 21:46:13,375 [Thread-748] INFO  http.HttpServer2 (HttpServer2.java:bindListener(1191)) - Jetty bound to port 41390
2019-11-13 21:46:13,376 [Thread-748] INFO  server.Server (Server.java:doStart(351)) - jetty-9.3.25.v20180904, build timestamp: 2018-09-04T21:11:46Z, git hash: 3ce520221d0240229c862b122d2b06c12a625732
2019-11-13 21:46:13,377 [Thread-748] INFO  handler.ContextHandler (ContextHandler.java:doStart(781)) - Started o.e.j.s.ServletContextHandler@14ae3c61{/logs,file:///workdir/hadoop-ozone/ozonefs/target/log,AVAILABLE}
2019-11-13 21:46:13,377 [Thread-748] INFO  handler.ContextHandler (ContextHandler.java:doStart(781)) - Started o.e.j.s.ServletContextHandler@6b958138{/static,jar:file:/home/user/.m2/repository/org/apache/hadoop/hadoop-hdds-container-service/0.5.0-SNAPSHOT/hadoop-hdds-container-service-0.5.0-SNAPSHOT.jar!/webapps/static,AVAILABLE}
2019-11-13 21:46:13,406 [Thread-748] INFO  handler.ContextHandler (ContextHandler.java:doStart(781)) - Started o.e.j.w.WebAppContext@1e6fdee7{/,file:///tmp/jetty-0.0.0.0-41390-hddsDatanode-_-any-5415278111115096922.dir/webapp/,AVAILABLE}{/hddsDatanode}
2019-11-13 21:46:13,406 [Thread-748] INFO  server.AbstractConnector (AbstractConnector.java:doStart(278)) - Started ServerConnector@23a2daaf{HTTP/1.1,[http/1.1]}{0.0.0.0:41390}
2019-11-13 21:46:13,406 [Thread-748] INFO  server.Server (Server.java:doStart(419)) - Started @89350ms
2019-11-13 21:46:13,407 [Thread-748] WARN  impl.MetricsSystemImpl (MetricsSystemImpl.java:register(276)) - Sink prometheus already exists!
2019-11-13 21:46:13,408 [Thread-748] INFO  server.BaseHttpServer (BaseHttpServer.java:updateConnectorAddress(215)) - HTTP server of HDDSDATANODE is listening at http://0.0.0.0:41390
2019-11-13 21:46:13,408 [Thread-748] INFO  impl.MetricsSystemImpl (MetricsSystemImpl.java:init(158)) - HddsDatanode metrics system started (again)
2019-11-13 21:46:13,410 [Thread-748] INFO  ozone.HddsDatanodeService (HddsDatanodeService.java:start(186)) - HddsDatanodeService host:pr-hdds-2470-fxbl9-3826649461 ip:192.168.34.20
2019-11-13 21:46:13,411 [org.apache.hadoop.util.JvmPauseMonitor$Monitor@7f40af74] INFO  util.JvmPauseMonitor (JvmPauseMonitor.java:run(188)) - Starting JVM pause monitor
2019-11-13 21:46:13,414 [Datanode State Machine Thread - 0] INFO  datanode.InitDatanodeState (InitDatanodeState.java:persistContainerDatanodeDetails(140)) - DatanodeDetails is persisted to /workdir/hadoop-ozone/ozonefs/target/test-dir/MiniOzoneClusterImpl-2bb5002b-f3eb-4fa7-bf0d-d672f8b55c5b/datanode-0/meta/datanode.id
2019-11-13 21:46:13,417 [Thread-748] INFO  volume.HddsVolume (HddsVolume.java:<init>(176)) - Creating Volume: /workdir/hadoop-ozone/ozonefs/target/test-dir/MiniOzoneClusterImpl-2bb5002b-f3eb-4fa7-bf0d-d672f8b55c5b/datanode-1/data/containers/hdds of  storage type : DISK and capacity : 1482555576320
2019-11-13 21:46:13,417 [Thread-748] INFO  volume.VolumeSet (VolumeSet.java:initializeVolumeSet(170)) - Added Volume : /workdir/hadoop-ozone/ozonefs/target/test-dir/MiniOzoneClusterImpl-2bb5002b-f3eb-4fa7-bf0d-d672f8b55c5b/datanode-1/data/containers/hdds to VolumeSet
2019-11-13 21:46:13,417 [Thread-748] INFO  volume.ThrottledAsyncChecker (ThrottledAsyncChecker.java:schedule(141)) - Scheduling a check for /workdir/hadoop-ozone/ozonefs/target/test-dir/MiniOzoneClusterImpl-2bb5002b-f3eb-4fa7-bf0d-d672f8b55c5b/datanode-1/data/containers/hdds
2019-11-13 21:46:13,417 [Thread-748] INFO  volume.HddsVolumeChecker (HddsVolumeChecker.java:checkAllVolumes(204)) - Scheduled health check for volume /workdir/hadoop-ozone/ozonefs/target/test-dir/MiniOzoneClusterImpl-2bb5002b-f3eb-4fa7-bf0d-d672f8b55c5b/datanode-1/data/containers/hdds
2019-11-13 21:46:13,435 [Thread-748] INFO  impl.RaftServerProxy (ConfUtils.java:logGet(43)) - raft.rpc.type = GRPC (default)
2019-11-13 21:46:13,435 [Thread-748] INFO  grpc.GrpcFactory (GrpcFactory.java:checkPooledByteBufAllocatorUseCacheForAllThreads(45)) - PERFORMANCE WARNING: useCacheForAllThreads is true that may cause Netty to create a lot garbage objects and, as a result, trigger GC.
	It is recommended to disable useCacheForAllThreads by setting -Dorg.apache.ratis.thirdparty.io.netty.allocator.useCacheForAllThreads=false in command line.
2019-11-13 21:46:13,435 [Thread-748] INFO  grpc.GrpcConfigKeys$Server (ConfUtils.java:logGet(43)) - raft.grpc.server.port = 0 (default)
2019-11-13 21:46:13,436 [Thread-748] INFO  server.GrpcService (ConfUtils.java:logGet(43)) - raft.grpc.message.size.max = 33570816 (custom)
2019-11-13 21:46:13,436 [Thread-748] INFO  server.RaftServerConfigKeys (ConfUtils.java:logGet(43)) - raft.server.log.appender.buffer.byte-limit = 33554432 (custom)
2019-11-13 21:46:13,436 [Thread-748] INFO  server.GrpcService (ConfUtils.java:logGet(43)) - raft.grpc.flow.control.window = 1MB (=1048576) (default)
2019-11-13 21:46:13,436 [Thread-748] INFO  server.RaftServerConfigKeys (ConfUtils.java:logGet(43)) - raft.server.rpc.request.timeout = 3000ms (default)
2019-11-13 21:46:13,436 [Thread-748] INFO  server.RaftServerConfigKeys (ConfUtils.java:logGet(43)) - raft.server.storage.dir = [/workdir/hadoop-ozone/ozonefs/target/test-dir/MiniOzoneClusterImpl-2bb5002b-f3eb-4fa7-bf0d-d672f8b55c5b/datanode-1/data/ratis] (custom)
2019-11-13 21:46:13,438 [Thread-748] INFO  hdfs.DFSUtil (DFSUtil.java:httpServerTemplateForNNAndJN(1641)) - Starting Web-server for hddsDatanode at: http://0.0.0.0:0
2019-11-13 21:46:13,439 [Thread-748] INFO  server.AuthenticationFilter (AuthenticationFilter.java:constructSecretProvider(240)) - Unable to initialize FileSignerSecretProvider, falling back to use random secrets.
2019-11-13 21:46:13,439 [Thread-748] WARN  http.HttpRequestLog (HttpRequestLog.java:getRequestLog(97)) - Jetty request log can only be enabled using Log4j
2019-11-13 21:46:13,441 [Thread-748] INFO  http.HttpServer2 (HttpServer2.java:addGlobalFilter(975)) - Added global filter 'safety' (class=org.apache.hadoop.http.HttpServer2$QuotingInputFilter)
2019-11-13 21:46:13,441 [Thread-748] INFO  http.HttpServer2 (HttpServer2.java:addFilter(948)) - Added filter static_user_filter (class=org.apache.hadoop.http.lib.StaticUserWebFilter$StaticUserFilter) to context hddsDatanode
2019-11-13 21:46:13,442 [Thread-748] INFO  http.HttpServer2 (HttpServer2.java:addFilter(958)) - Added filter static_user_filter (class=org.apache.hadoop.http.lib.StaticUserWebFilter$StaticUserFilter) to context static
2019-11-13 21:46:13,442 [Thread-748] INFO  http.HttpServer2 (HttpServer2.java:addFilter(958)) - Added filter static_user_filter (class=org.apache.hadoop.http.lib.StaticUserWebFilter$StaticUserFilter) to context logs
2019-11-13 21:46:13,442 [Thread-748] INFO  http.HttpServer2 (HttpServer2.java:bindListener(1191)) - Jetty bound to port 46357
2019-11-13 21:46:13,442 [Thread-748] INFO  server.Server (Server.java:doStart(351)) - jetty-9.3.25.v20180904, build timestamp: 2018-09-04T21:11:46Z, git hash: 3ce520221d0240229c862b122d2b06c12a625732
2019-11-13 21:46:13,584 [Thread-748] INFO  handler.ContextHandler (ContextHandler.java:doStart(781)) - Started o.e.j.s.ServletContextHandler@4616de29{/logs,file:///workdir/hadoop-ozone/ozonefs/target/log,AVAILABLE}
2019-11-13 21:46:13,587 [Thread-748] INFO  handler.ContextHandler (ContextHandler.java:doStart(781)) - Started o.e.j.s.ServletContextHandler@45dfff57{/static,jar:file:/home/user/.m2/repository/org/apache/hadoop/hadoop-hdds-container-service/0.5.0-SNAPSHOT/hadoop-hdds-container-service-0.5.0-SNAPSHOT.jar!/webapps/static,AVAILABLE}
2019-11-13 21:46:13,636 [Thread-748] INFO  handler.ContextHandler (ContextHandler.java:doStart(781)) - Started o.e.j.w.WebAppContext@61dbf2fe{/,file:///tmp/jetty-0.0.0.0-46357-hddsDatanode-_-any-2997751715706119063.dir/webapp/,AVAILABLE}{/hddsDatanode}
2019-11-13 21:46:13,636 [Thread-748] INFO  server.AbstractConnector (AbstractConnector.java:doStart(278)) - Started ServerConnector@6150b93d{HTTP/1.1,[http/1.1]}{0.0.0.0:46357}
2019-11-13 21:46:13,637 [Thread-748] INFO  server.Server (Server.java:doStart(419)) - Started @89581ms
2019-11-13 21:46:13,637 [Thread-748] WARN  impl.MetricsSystemImpl (MetricsSystemImpl.java:register(276)) - Sink prometheus already exists!
2019-11-13 21:46:13,638 [Thread-748] INFO  server.BaseHttpServer (BaseHttpServer.java:updateConnectorAddress(215)) - HTTP server of HDDSDATANODE is listening at http://0.0.0.0:46357
2019-11-13 21:46:13,639 [Thread-748] INFO  impl.MetricsSystemImpl (MetricsSystemImpl.java:init(158)) - HddsDatanode metrics system started (again)
2019-11-13 21:46:13,642 [org.apache.hadoop.util.JvmPauseMonitor$Monitor@4af25d4b] INFO  util.JvmPauseMonitor (JvmPauseMonitor.java:run(188)) - Starting JVM pause monitor
2019-11-13 21:46:13,642 [Thread-748] INFO  ozone.HddsDatanodeService (HddsDatanodeService.java:start(186)) - HddsDatanodeService host:pr-hdds-2470-fxbl9-3826649461 ip:192.168.34.20
2019-11-13 21:46:13,644 [Datanode State Machine Thread - 0] INFO  datanode.InitDatanodeState (InitDatanodeState.java:persistContainerDatanodeDetails(140)) - DatanodeDetails is persisted to /workdir/hadoop-ozone/ozonefs/target/test-dir/MiniOzoneClusterImpl-2bb5002b-f3eb-4fa7-bf0d-d672f8b55c5b/datanode-1/meta/datanode.id
2019-11-13 21:46:13,651 [Thread-748] INFO  volume.HddsVolume (HddsVolume.java:<init>(176)) - Creating Volume: /workdir/hadoop-ozone/ozonefs/target/test-dir/MiniOzoneClusterImpl-2bb5002b-f3eb-4fa7-bf0d-d672f8b55c5b/datanode-2/data/containers/hdds of  storage type : DISK and capacity : 1482555576320
2019-11-13 21:46:13,651 [Thread-748] INFO  volume.VolumeSet (VolumeSet.java:initializeVolumeSet(170)) - Added Volume : /workdir/hadoop-ozone/ozonefs/target/test-dir/MiniOzoneClusterImpl-2bb5002b-f3eb-4fa7-bf0d-d672f8b55c5b/datanode-2/data/containers/hdds to VolumeSet
2019-11-13 21:46:13,652 [Thread-748] INFO  volume.ThrottledAsyncChecker (ThrottledAsyncChecker.java:schedule(141)) - Scheduling a check for /workdir/hadoop-ozone/ozonefs/target/test-dir/MiniOzoneClusterImpl-2bb5002b-f3eb-4fa7-bf0d-d672f8b55c5b/datanode-2/data/containers/hdds
2019-11-13 21:46:13,652 [Thread-748] INFO  volume.HddsVolumeChecker (HddsVolumeChecker.java:checkAllVolumes(204)) - Scheduled health check for volume /workdir/hadoop-ozone/ozonefs/target/test-dir/MiniOzoneClusterImpl-2bb5002b-f3eb-4fa7-bf0d-d672f8b55c5b/datanode-2/data/containers/hdds
2019-11-13 21:46:13,679 [Thread-748] INFO  impl.RaftServerProxy (ConfUtils.java:logGet(43)) - raft.rpc.type = GRPC (default)
2019-11-13 21:46:13,679 [Thread-748] INFO  grpc.GrpcFactory (GrpcFactory.java:checkPooledByteBufAllocatorUseCacheForAllThreads(45)) - PERFORMANCE WARNING: useCacheForAllThreads is true that may cause Netty to create a lot garbage objects and, as a result, trigger GC.
	It is recommended to disable useCacheForAllThreads by setting -Dorg.apache.ratis.thirdparty.io.netty.allocator.useCacheForAllThreads=false in command line.
2019-11-13 21:46:13,679 [Thread-748] INFO  grpc.GrpcConfigKeys$Server (ConfUtils.java:logGet(43)) - raft.grpc.server.port = 0 (default)
2019-11-13 21:46:13,680 [Thread-748] INFO  server.GrpcService (ConfUtils.java:logGet(43)) - raft.grpc.message.size.max = 33570816 (custom)
2019-11-13 21:46:13,680 [Thread-748] INFO  server.RaftServerConfigKeys (ConfUtils.java:logGet(43)) - raft.server.log.appender.buffer.byte-limit = 33554432 (custom)
2019-11-13 21:46:13,680 [Thread-748] INFO  server.GrpcService (ConfUtils.java:logGet(43)) - raft.grpc.flow.control.window = 1MB (=1048576) (default)
2019-11-13 21:46:13,680 [Thread-748] INFO  server.RaftServerConfigKeys (ConfUtils.java:logGet(43)) - raft.server.rpc.request.timeout = 3000ms (default)
2019-11-13 21:46:13,681 [Thread-748] INFO  server.RaftServerConfigKeys (ConfUtils.java:logGet(43)) - raft.server.storage.dir = [/workdir/hadoop-ozone/ozonefs/target/test-dir/MiniOzoneClusterImpl-2bb5002b-f3eb-4fa7-bf0d-d672f8b55c5b/datanode-2/data/ratis] (custom)
2019-11-13 21:46:13,683 [Thread-748] INFO  hdfs.DFSUtil (DFSUtil.java:httpServerTemplateForNNAndJN(1641)) - Starting Web-server for hddsDatanode at: http://0.0.0.0:0
2019-11-13 21:46:13,685 [Thread-748] INFO  server.AuthenticationFilter (AuthenticationFilter.java:constructSecretProvider(240)) - Unable to initialize FileSignerSecretProvider, falling back to use random secrets.
2019-11-13 21:46:13,686 [Thread-748] WARN  http.HttpRequestLog (HttpRequestLog.java:getRequestLog(97)) - Jetty request log can only be enabled using Log4j
2019-11-13 21:46:13,688 [Thread-748] INFO  http.HttpServer2 (HttpServer2.java:addGlobalFilter(975)) - Added global filter 'safety' (class=org.apache.hadoop.http.HttpServer2$QuotingInputFilter)
2019-11-13 21:46:13,689 [Thread-748] INFO  http.HttpServer2 (HttpServer2.java:addFilter(948)) - Added filter static_user_filter (class=org.apache.hadoop.http.lib.StaticUserWebFilter$StaticUserFilter) to context hddsDatanode
2019-11-13 21:46:13,689 [Thread-748] INFO  http.HttpServer2 (HttpServer2.java:addFilter(958)) - Added filter static_user_filter (class=org.apache.hadoop.http.lib.StaticUserWebFilter$StaticUserFilter) to context logs
2019-11-13 21:46:13,690 [Thread-748] INFO  http.HttpServer2 (HttpServer2.java:addFilter(958)) - Added filter static_user_filter (class=org.apache.hadoop.http.lib.StaticUserWebFilter$StaticUserFilter) to context static
2019-11-13 21:46:13,691 [Thread-748] INFO  http.HttpServer2 (HttpServer2.java:bindListener(1191)) - Jetty bound to port 42162
2019-11-13 21:46:13,691 [Thread-748] INFO  server.Server (Server.java:doStart(351)) - jetty-9.3.25.v20180904, build timestamp: 2018-09-04T21:11:46Z, git hash: 3ce520221d0240229c862b122d2b06c12a625732
2019-11-13 21:46:13,693 [Thread-748] INFO  handler.ContextHandler (ContextHandler.java:doStart(781)) - Started o.e.j.s.ServletContextHandler@53e02a48{/logs,file:///workdir/hadoop-ozone/ozonefs/target/log,AVAILABLE}
2019-11-13 21:46:13,694 [Thread-748] INFO  handler.ContextHandler (ContextHandler.java:doStart(781)) - Started o.e.j.s.ServletContextHandler@221166f8{/static,jar:file:/home/user/.m2/repository/org/apache/hadoop/hadoop-hdds-container-service/0.5.0-SNAPSHOT/hadoop-hdds-container-service-0.5.0-SNAPSHOT.jar!/webapps/static,AVAILABLE}
2019-11-13 21:46:14,225 [Thread-748] INFO  handler.ContextHandler (ContextHandler.java:doStart(781)) - Started o.e.j.w.WebAppContext@efc4790{/,file:///tmp/jetty-0.0.0.0-42162-hddsDatanode-_-any-2220074957942478898.dir/webapp/,AVAILABLE}{/hddsDatanode}
2019-11-13 21:46:14,226 [Thread-748] INFO  server.AbstractConnector (AbstractConnector.java:doStart(278)) - Started ServerConnector@49cd1202{HTTP/1.1,[http/1.1]}{0.0.0.0:42162}
2019-11-13 21:46:14,227 [Thread-748] INFO  server.Server (Server.java:doStart(419)) - Started @90171ms
2019-11-13 21:46:14,227 [Thread-748] WARN  impl.MetricsSystemImpl (MetricsSystemImpl.java:register(276)) - Sink prometheus already exists!
2019-11-13 21:46:14,228 [Thread-748] INFO  server.BaseHttpServer (BaseHttpServer.java:updateConnectorAddress(215)) - HTTP server of HDDSDATANODE is listening at http://0.0.0.0:42162
2019-11-13 21:46:14,228 [Thread-748] INFO  ozone.MiniOzoneClusterImpl (MiniOzoneClusterImpl.java:lambda$waitForClusterToBeReady$2(171)) - Waiting for cluster to be ready. Got 0 of 3 DN Heartbeats.
2019-11-13 21:46:14,230 [org.apache.hadoop.util.JvmPauseMonitor$Monitor@6c7ed98f] INFO  util.JvmPauseMonitor (JvmPauseMonitor.java:run(188)) - Starting JVM pause monitor
2019-11-13 21:46:14,233 [Datanode State Machine Thread - 0] INFO  datanode.InitDatanodeState (InitDatanodeState.java:persistContainerDatanodeDetails(140)) - DatanodeDetails is persisted to /workdir/hadoop-ozone/ozonefs/target/test-dir/MiniOzoneClusterImpl-2bb5002b-f3eb-4fa7-bf0d-d672f8b55c5b/datanode-2/meta/datanode.id
2019-11-13 21:46:15,229 [Thread-748] INFO  ozone.MiniOzoneClusterImpl (MiniOzoneClusterImpl.java:lambda$waitForClusterToBeReady$2(171)) - Waiting for cluster to be ready. Got 0 of 3 DN Heartbeats.
2019-11-13 21:46:15,431 [Datanode State Machine Thread - 0] INFO  ozoneimpl.OzoneContainer (OzoneContainer.java:start(230)) - Attempting to start container services.
2019-11-13 21:46:15,432 [Datanode State Machine Thread - 0] INFO  ozoneimpl.OzoneContainer (OzoneContainer.java:startContainerScrub(194)) - Background container scanner has been disabled.
2019-11-13 21:46:15,432 [Datanode State Machine Thread - 0] INFO  ratis.XceiverServerRatis (XceiverServerRatis.java:start(421)) - Starting XceiverServerRatis dcad5acd-0e3b-4336-98e2-abbadaf23ad5 at port 0
2019-11-13 21:46:15,440 [Datanode State Machine Thread - 0] INFO  impl.RaftServerProxy (RaftServerProxy.java:lambda$start$3(299)) - dcad5acd-0e3b-4336-98e2-abbadaf23ad5: start RPC server
2019-11-13 21:46:15,443 [Datanode State Machine Thread - 0] INFO  server.GrpcService (GrpcService.java:startImpl(158)) - dcad5acd-0e3b-4336-98e2-abbadaf23ad5: GrpcService started, listening on 0.0.0.0/0.0.0.0:33066
2019-11-13 21:46:15,443 [Datanode State Machine Thread - 0] INFO  ratis.XceiverServerRatis (XceiverServerRatis.java:start(431)) - XceiverServerRatis dcad5acd-0e3b-4336-98e2-abbadaf23ad5 is started using port 33066
2019-11-13 21:46:15,448 [Datanode State Machine Thread - 0] INFO  server.XceiverServerGrpc (XceiverServerGrpc.java:start(145)) - XceiverServerGrpc dcad5acd-0e3b-4336-98e2-abbadaf23ad5 is started using port 32936
2019-11-13 21:46:15,670 [Datanode State Machine Thread - 0] INFO  ozoneimpl.OzoneContainer (OzoneContainer.java:start(230)) - Attempting to start container services.
2019-11-13 21:46:15,670 [Datanode State Machine Thread - 0] INFO  ozoneimpl.OzoneContainer (OzoneContainer.java:startContainerScrub(194)) - Background container scanner has been disabled.
2019-11-13 21:46:15,670 [Datanode State Machine Thread - 0] INFO  ratis.XceiverServerRatis (XceiverServerRatis.java:start(421)) - Starting XceiverServerRatis 6cc8209c-e457-4756-a8d8-a7119d564131 at port 0
2019-11-13 21:46:15,678 [Datanode State Machine Thread - 0] INFO  impl.RaftServerProxy (RaftServerProxy.java:lambda$start$3(299)) - 6cc8209c-e457-4756-a8d8-a7119d564131: start RPC server
2019-11-13 21:46:15,679 [Datanode State Machine Thread - 0] INFO  server.GrpcService (GrpcService.java:startImpl(158)) - 6cc8209c-e457-4756-a8d8-a7119d564131: GrpcService started, listening on 0.0.0.0/0.0.0.0:40739
2019-11-13 21:46:15,679 [Datanode State Machine Thread - 0] INFO  ratis.XceiverServerRatis (XceiverServerRatis.java:start(431)) - XceiverServerRatis 6cc8209c-e457-4756-a8d8-a7119d564131 is started using port 40739
2019-11-13 21:46:15,680 [Datanode State Machine Thread - 0] INFO  server.XceiverServerGrpc (XceiverServerGrpc.java:start(145)) - XceiverServerGrpc 6cc8209c-e457-4756-a8d8-a7119d564131 is started using port 45766
2019-11-13 21:46:16,229 [Thread-748] INFO  ozone.MiniOzoneClusterImpl (MiniOzoneClusterImpl.java:lambda$waitForClusterToBeReady$2(171)) - Waiting for cluster to be ready. Got 0 of 3 DN Heartbeats.
2019-11-13 21:46:16,252 [Datanode State Machine Thread - 0] INFO  ozoneimpl.OzoneContainer (OzoneContainer.java:start(230)) - Attempting to start container services.
2019-11-13 21:46:16,253 [Datanode State Machine Thread - 0] INFO  ozoneimpl.OzoneContainer (OzoneContainer.java:startContainerScrub(194)) - Background container scanner has been disabled.
2019-11-13 21:46:16,253 [Datanode State Machine Thread - 0] INFO  ratis.XceiverServerRatis (XceiverServerRatis.java:start(421)) - Starting XceiverServerRatis 967749f5-60f8-4775-800f-ac118f332ec3 at port 0
2019-11-13 21:46:16,261 [Datanode State Machine Thread - 0] INFO  impl.RaftServerProxy (RaftServerProxy.java:lambda$start$3(299)) - 967749f5-60f8-4775-800f-ac118f332ec3: start RPC server
2019-11-13 21:46:16,262 [Datanode State Machine Thread - 0] INFO  server.GrpcService (GrpcService.java:startImpl(158)) - 967749f5-60f8-4775-800f-ac118f332ec3: GrpcService started, listening on 0.0.0.0/0.0.0.0:39594
2019-11-13 21:46:16,263 [Datanode State Machine Thread - 0] INFO  ratis.XceiverServerRatis (XceiverServerRatis.java:start(431)) - XceiverServerRatis 967749f5-60f8-4775-800f-ac118f332ec3 is started using port 39594
2019-11-13 21:46:16,264 [Datanode State Machine Thread - 0] INFO  server.XceiverServerGrpc (XceiverServerGrpc.java:start(145)) - XceiverServerGrpc 967749f5-60f8-4775-800f-ac118f332ec3 is started using port 41439
2019-11-13 21:46:17,230 [Thread-748] INFO  ozone.MiniOzoneClusterImpl (MiniOzoneClusterImpl.java:lambda$waitForClusterToBeReady$2(171)) - Waiting for cluster to be ready. Got 0 of 3 DN Heartbeats.
2019-11-13 21:46:17,414 [IPC Server handler 2 on 43490] INFO  net.NetworkTopology (NetworkTopologyImpl.java:add(111)) - Added a new node: /default-rack/dcad5acd-0e3b-4336-98e2-abbadaf23ad5
2019-11-13 21:46:17,416 [IPC Server handler 2 on 43490] INFO  node.SCMNodeManager (SCMNodeManager.java:register(267)) - Registered Data node : dcad5acd-0e3b-4336-98e2-abbadaf23ad5{ip: 192.168.34.20, host: pr-hdds-2470-fxbl9-3826649461, networkLocation: /default-rack, certSerialId: null}
2019-11-13 21:46:17,417 [EventQueue-NodeRegistrationContainerReportForDataNodeSafeModeRule] INFO  safemode.SCMSafeModeManager (DataNodeSafeModeRule.java:process(71)) - SCM in safe mode. 1 DataNodes registered, 1 required.
2019-11-13 21:46:17,418 [EventQueue-NodeRegistrationContainerReportForDataNodeSafeModeRule] INFO  safemode.SCMSafeModeManager (SCMSafeModeManager.java:validateSafeModeExitRules(177)) - ScmSafeModeManager, all rules are successfully validated
2019-11-13 21:46:17,418 [EventQueue-NodeRegistrationContainerReportForDataNodeSafeModeRule] INFO  safemode.SCMSafeModeManager (SCMSafeModeManager.java:exitSafeMode(193)) - SCM exiting safe mode.
2019-11-13 21:46:17,434 [grpc-default-executor-0] INFO  impl.RaftServerProxy (RaftServerProxy.java:addNew(89)) - dcad5acd-0e3b-4336-98e2-abbadaf23ad5: addNew group-878DA669B5E1:[dcad5acd-0e3b-4336-98e2-abbadaf23ad5:192.168.34.20:33066] returns group-878DA669B5E1:java.util.concurrent.CompletableFuture@3ad5bd23[Not completed]
2019-11-13 21:46:17,436 [pool-177-thread-1] INFO  impl.RaftServerImpl (RaftServerImpl.java:<init>(98)) - dcad5acd-0e3b-4336-98e2-abbadaf23ad5: new RaftServerImpl for group-878DA669B5E1:[dcad5acd-0e3b-4336-98e2-abbadaf23ad5:192.168.34.20:33066] with ContainerStateMachine:uninitialized
2019-11-13 21:46:17,436 [pool-177-thread-1] INFO  server.RaftServerConfigKeys (ConfUtils.java:logGet(43)) - raft.server.rpc.timeout.min = 5s (custom)
2019-11-13 21:46:17,436 [pool-177-thread-1] INFO  server.RaftServerConfigKeys (ConfUtils.java:logGet(43)) - raft.server.rpc.timeout.max = 5200ms (custom)
2019-11-13 21:46:17,436 [pool-177-thread-1] INFO  server.RaftServerConfigKeys (ConfUtils.java:logGet(43)) - raft.server.rpcslowness.timeout = 120s (custom)
2019-11-13 21:46:17,436 [pool-177-thread-1] INFO  server.RaftServerConfigKeys (ConfUtils.java:logGet(43)) - raft.server.sleep.deviation.threshold = 300 (default)
2019-11-13 21:46:17,437 [pool-177-thread-1] INFO  server.RaftServerConfigKeys (ConfUtils.java:logGet(43)) - raft.server.log.appender.install.snapshot.enabled = false (custom)
2019-11-13 21:46:17,437 [pool-177-thread-1] INFO  impl.RaftServerImpl (ServerState.java:<init>(103)) - dcad5acd-0e3b-4336-98e2-abbadaf23ad5@group-878DA669B5E1: ConfigurationManager, init=-1: [dcad5acd-0e3b-4336-98e2-abbadaf23ad5:192.168.34.20:33066], old=null, confs=<EMPTY_MAP>
2019-11-13 21:46:17,437 [pool-177-thread-1] INFO  server.RaftServerConfigKeys (ConfUtils.java:logGet(43)) - raft.server.storage.dir = [/workdir/hadoop-ozone/ozonefs/target/test-dir/MiniOzoneClusterImpl-2bb5002b-f3eb-4fa7-bf0d-d672f8b55c5b/datanode-0/data/ratis] (custom)
2019-11-13 21:46:17,437 [pool-177-thread-1] INFO  server.RaftServerConfigKeys (ConfUtils.java:logGet(43)) - raft.server.log.corruption.policy = EXCEPTION (default)
2019-11-13 21:46:17,438 [pool-177-thread-1] INFO  storage.RaftStorageDirectory (RaftStorageDirectory.java:analyzeStorage(246)) - The storage directory /workdir/hadoop-ozone/ozonefs/target/test-dir/MiniOzoneClusterImpl-2bb5002b-f3eb-4fa7-bf0d-d672f8b55c5b/datanode-0/data/ratis/baad8ebc-d774-4905-88fd-878da669b5e1 does not exist. Creating ...
2019-11-13 21:46:17,450 [pool-177-thread-1] INFO  storage.RaftStorageDirectory (RaftStorageDirectory.java:tryLock(328)) - Lock on /workdir/hadoop-ozone/ozonefs/target/test-dir/MiniOzoneClusterImpl-2bb5002b-f3eb-4fa7-bf0d-d672f8b55c5b/datanode-0/data/ratis/baad8ebc-d774-4905-88fd-878da669b5e1/in_use.lock acquired by nodename 28847@pr-hdds-2470-fxbl9-3826649461
2019-11-13 21:46:17,465 [pool-177-thread-1] INFO  storage.RaftStorage (RaftStorage.java:format(84)) - Storage directory /workdir/hadoop-ozone/ozonefs/target/test-dir/MiniOzoneClusterImpl-2bb5002b-f3eb-4fa7-bf0d-d672f8b55c5b/datanode-0/data/ratis/baad8ebc-d774-4905-88fd-878da669b5e1 has been successfully formatted.
2019-11-13 21:46:17,466 [pool-177-thread-1] INFO  ratis.ContainerStateMachine (ContainerStateMachine.java:loadSnapshot(223)) - group-878DA669B5E1: The snapshot info is null. Setting the last applied indexto:(t:0, i:~)
2019-11-13 21:46:17,466 [pool-177-thread-1] INFO  server.RaftServerConfigKeys (ConfUtils.java:logGet(43)) - raft.server.notification.no-leader.timeout = 120s (custom)
2019-11-13 21:46:17,466 [pool-177-thread-1] INFO  server.RaftServerConfigKeys (ConfUtils.java:logGet(43)) - raft.server.log.use.memory = false (default)
2019-11-13 21:46:17,466 [pool-177-thread-1] INFO  server.RaftServerConfigKeys (ConfUtils.java:logGet(43)) - raft.server.log.purge.gap = 1000000 (custom)
2019-11-13 21:46:17,466 [pool-177-thread-1] INFO  server.RaftServerConfigKeys (ConfUtils.java:logGet(43)) - raft.server.log.appender.buffer.byte-limit = 33554432 (custom)
2019-11-13 21:46:17,466 [pool-177-thread-1] INFO  server.RaftServerConfigKeys (ConfUtils.java:logGet(43)) - raft.server.log.segment.size.max = 1048576 (custom)
2019-11-13 21:46:17,467 [pool-177-thread-1] WARN  impl.MetricRegistriesImpl (MetricRegistriesImpl.java:lambda$create$1(61)) - First MetricRegistry has been created without registering reporters. You may need to call MetricRegistries.global().addReportRegistration(...) before.
2019-11-13 21:46:17,467 [pool-177-thread-1] INFO  server.RaftServerConfigKeys (ConfUtils.java:logGet(43)) - raft.server.log.segment.cache.num.max = 2 (custom)
2019-11-13 21:46:17,467 [pool-177-thread-1] INFO  segmented.SegmentedRaftLogWorker (SegmentedRaftLogWorker.java:<init>(173)) - new dcad5acd-0e3b-4336-98e2-abbadaf23ad5@group-878DA669B5E1-SegmentedRaftLogWorker for RaftStorage:Storage Directory /workdir/hadoop-ozone/ozonefs/target/test-dir/MiniOzoneClusterImpl-2bb5002b-f3eb-4fa7-bf0d-d672f8b55c5b/datanode-0/data/ratis/baad8ebc-d774-4905-88fd-878da669b5e1
2019-11-13 21:46:17,467 [pool-177-thread-1] INFO  server.RaftServerConfigKeys (ConfUtils.java:logGet(43)) - raft.server.log.queue.byte-limit = 2147483647 (custom)
2019-11-13 21:46:17,467 [pool-177-thread-1] INFO  server.RaftServerConfigKeys (ConfUtils.java:logGet(43)) - raft.server.log.queue.element-limit = 1024 (custom)
2019-11-13 21:46:17,467 [pool-177-thread-1] INFO  server.RaftServerConfigKeys (ConfUtils.java:logGet(43)) - raft.server.log.segment.size.max = 1048576 (custom)
2019-11-13 21:46:17,467 [pool-177-thread-1] INFO  server.RaftServerConfigKeys (ConfUtils.java:logGet(43)) - raft.server.log.preallocated.size = 16384 (custom)
2019-11-13 21:46:17,468 [pool-177-thread-1] INFO  server.RaftServerConfigKeys (ConfUtils.java:logGet(43)) - raft.server.log.write.buffer.size = 33554432 (custom)
2019-11-13 21:46:17,468 [pool-177-thread-1] INFO  server.RaftServerConfigKeys (ConfUtils.java:logGet(43)) - raft.server.log.force.sync.num = 128 (default)
2019-11-13 21:46:17,468 [pool-177-thread-1] INFO  server.RaftServerConfigKeys (ConfUtils.java:logGet(43)) - raft.server.log.statemachine.data.sync = true (default)
2019-11-13 21:46:17,468 [pool-177-thread-1] INFO  server.RaftServerConfigKeys (ConfUtils.java:logGet(43)) - raft.server.log.statemachine.data.sync.timeout = 10s (default)
2019-11-13 21:46:17,468 [pool-177-thread-1] INFO  server.RaftServerConfigKeys (ConfUtils.java:logGet(43)) - raft.server.log.statemachine.data.sync.timeout.retry = -1 (default)
2019-11-13 21:46:17,468 [pool-177-thread-1] INFO  server.RaftServerConfigKeys (ConfUtils.java:logGet(43)) - raft.server.log.statemachine.data.caching.enabled = true (custom)
2019-11-13 21:46:17,469 [pool-177-thread-1] INFO  segmented.SegmentedRaftLogWorker (SegmentedRaftLogWorker.java:lambda$new$0(128)) - dcad5acd-0e3b-4336-98e2-abbadaf23ad5@group-878DA669B5E1-SegmentedRaftLogWorker: flushIndex: setUnconditionally 0 -> -1
2019-11-13 21:46:17,469 [pool-177-thread-1] INFO  server.RaftServerConfigKeys (ConfUtils.java:logGet(43)) - raft.server.snapshot.auto.trigger.enabled = true (custom)
2019-11-13 21:46:17,469 [pool-177-thread-1] INFO  server.RaftServerConfigKeys (ConfUtils.java:logGet(43)) - raft.server.snapshot.auto.trigger.threshold = 10000 (custom)
2019-11-13 21:46:17,469 [pool-177-thread-1] INFO  server.RaftServerConfigKeys (ConfUtils.java:logGet(43)) - raft.server.snapshot.retention.file.num = 5 (custom)
2019-11-13 21:46:17,469 [pool-177-thread-1] INFO  server.RaftServerConfigKeys (ConfUtils.java:logGet(43)) - raft.server.retrycache.expirytime = 600000ms (custom)
2019-11-13 21:46:17,470 [pool-177-thread-1] WARN  impl.MetricRegistriesImpl (MetricRegistriesImpl.java:lambda$create$1(61)) - First MetricRegistry has been created without registering reporters. You may need to call MetricRegistries.global().addReportRegistration(...) before.
2019-11-13 21:46:17,470 [pool-177-thread-1] WARN  impl.MetricRegistriesImpl (MetricRegistriesImpl.java:lambda$create$1(61)) - First MetricRegistry has been created without registering reporters. You may need to call MetricRegistries.global().addReportRegistration(...) before.
2019-11-13 21:46:17,470 [pool-177-thread-1] INFO  impl.RaftServerImpl (RaftServerImpl.java:start(184)) - dcad5acd-0e3b-4336-98e2-abbadaf23ad5@group-878DA669B5E1: start as a follower, conf=-1: [dcad5acd-0e3b-4336-98e2-abbadaf23ad5:192.168.34.20:33066], old=null
2019-11-13 21:46:17,470 [pool-177-thread-1] INFO  impl.RaftServerImpl (RaftServerImpl.java:setRole(173)) - dcad5acd-0e3b-4336-98e2-abbadaf23ad5@group-878DA669B5E1: changes role from      null to FOLLOWER at term 0 for startAsFollower
2019-11-13 21:46:17,470 [pool-177-thread-1] INFO  impl.RoleInfo (RoleInfo.java:updateAndGet(143)) - dcad5acd-0e3b-4336-98e2-abbadaf23ad5: start FollowerState
2019-11-13 21:46:17,471 [pool-177-thread-1] INFO  util.JmxRegister (JmxRegister.java:tryRegister(44)) - Successfully registered JMX Bean with object name Ratis:service=RaftServer,group=group-878DA669B5E1,id=dcad5acd-0e3b-4336-98e2-abbadaf23ad5
2019-11-13 21:46:17,471 [pool-177-thread-1] WARN  impl.MetricRegistriesImpl (MetricRegistriesImpl.java:lambda$create$1(61)) - First MetricRegistry has been created without registering reporters. You may need to call MetricRegistries.global().addReportRegistration(...) before.
2019-11-13 21:46:17,476 [RatisPipelineUtilsThread] INFO  pipeline.PipelineStateManager (PipelineStateManager.java:addPipeline(55)) - Created pipeline Pipeline[ Id: baad8ebc-d774-4905-88fd-878da669b5e1, Nodes: dcad5acd-0e3b-4336-98e2-abbadaf23ad5{ip: 192.168.34.20, host: pr-hdds-2470-fxbl9-3826649461, networkLocation: /default-rack, certSerialId: null}, Type:RATIS, Factor:ONE, State:ALLOCATED]
2019-11-13 21:46:17,645 [IPC Server handler 3 on 43490] INFO  net.NetworkTopology (NetworkTopologyImpl.java:add(111)) - Added a new node: /default-rack/6cc8209c-e457-4756-a8d8-a7119d564131
2019-11-13 21:46:17,645 [IPC Server handler 3 on 43490] INFO  node.SCMNodeManager (SCMNodeManager.java:register(267)) - Registered Data node : 6cc8209c-e457-4756-a8d8-a7119d564131{ip: 192.168.34.20, host: pr-hdds-2470-fxbl9-3826649461, networkLocation: /default-rack, certSerialId: null}
2019-11-13 21:46:17,659 [grpc-default-executor-1] INFO  impl.RaftServerProxy (RaftServerProxy.java:addNew(89)) - 6cc8209c-e457-4756-a8d8-a7119d564131: addNew group-A6F81A1C094E:[6cc8209c-e457-4756-a8d8-a7119d564131:192.168.34.20:40739] returns group-A6F81A1C094E:java.util.concurrent.CompletableFuture@408524c9[Not completed]
2019-11-13 21:46:17,661 [pool-187-thread-1] INFO  impl.RaftServerImpl (RaftServerImpl.java:<init>(98)) - 6cc8209c-e457-4756-a8d8-a7119d564131: new RaftServerImpl for group-A6F81A1C094E:[6cc8209c-e457-4756-a8d8-a7119d564131:192.168.34.20:40739] with ContainerStateMachine:uninitialized
2019-11-13 21:46:17,662 [pool-187-thread-1] INFO  server.RaftServerConfigKeys (ConfUtils.java:logGet(43)) - raft.server.rpc.timeout.min = 5s (custom)
2019-11-13 21:46:17,662 [pool-187-thread-1] INFO  server.RaftServerConfigKeys (ConfUtils.java:logGet(43)) - raft.server.rpc.timeout.max = 5200ms (custom)
2019-11-13 21:46:17,662 [pool-187-thread-1] INFO  server.RaftServerConfigKeys (ConfUtils.java:logGet(43)) - raft.server.rpcslowness.timeout = 120s (custom)
2019-11-13 21:46:17,662 [pool-187-thread-1] INFO  server.RaftServerConfigKeys (ConfUtils.java:logGet(43)) - raft.server.sleep.deviation.threshold = 300 (default)
2019-11-13 21:46:17,662 [pool-187-thread-1] INFO  server.RaftServerConfigKeys (ConfUtils.java:logGet(43)) - raft.server.log.appender.install.snapshot.enabled = false (custom)
2019-11-13 21:46:17,662 [pool-187-thread-1] INFO  impl.RaftServerImpl (ServerState.java:<init>(103)) - 6cc8209c-e457-4756-a8d8-a7119d564131@group-A6F81A1C094E: ConfigurationManager, init=-1: [6cc8209c-e457-4756-a8d8-a7119d564131:192.168.34.20:40739], old=null, confs=<EMPTY_MAP>
2019-11-13 21:46:17,663 [pool-187-thread-1] INFO  server.RaftServerConfigKeys (ConfUtils.java:logGet(43)) - raft.server.storage.dir = [/workdir/hadoop-ozone/ozonefs/target/test-dir/MiniOzoneClusterImpl-2bb5002b-f3eb-4fa7-bf0d-d672f8b55c5b/datanode-1/data/ratis] (custom)
2019-11-13 21:46:17,663 [pool-187-thread-1] INFO  server.RaftServerConfigKeys (ConfUtils.java:logGet(43)) - raft.server.log.corruption.policy = EXCEPTION (default)
2019-11-13 21:46:17,664 [pool-187-thread-1] INFO  storage.RaftStorageDirectory (RaftStorageDirectory.java:analyzeStorage(246)) - The storage directory /workdir/hadoop-ozone/ozonefs/target/test-dir/MiniOzoneClusterImpl-2bb5002b-f3eb-4fa7-bf0d-d672f8b55c5b/datanode-1/data/ratis/394c2684-2a39-4297-a142-a6f81a1c094e does not exist. Creating ...
2019-11-13 21:46:17,678 [pool-187-thread-1] INFO  storage.RaftStorageDirectory (RaftStorageDirectory.java:tryLock(328)) - Lock on /workdir/hadoop-ozone/ozonefs/target/test-dir/MiniOzoneClusterImpl-2bb5002b-f3eb-4fa7-bf0d-d672f8b55c5b/datanode-1/data/ratis/394c2684-2a39-4297-a142-a6f81a1c094e/in_use.lock acquired by nodename 28847@pr-hdds-2470-fxbl9-3826649461
2019-11-13 21:46:17,692 [pool-187-thread-1] INFO  storage.RaftStorage (RaftStorage.java:format(84)) - Storage directory /workdir/hadoop-ozone/ozonefs/target/test-dir/MiniOzoneClusterImpl-2bb5002b-f3eb-4fa7-bf0d-d672f8b55c5b/datanode-1/data/ratis/394c2684-2a39-4297-a142-a6f81a1c094e has been successfully formatted.
2019-11-13 21:46:17,692 [pool-187-thread-1] INFO  ratis.ContainerStateMachine (ContainerStateMachine.java:loadSnapshot(223)) - group-A6F81A1C094E: The snapshot info is null. Setting the last applied indexto:(t:0, i:~)
2019-11-13 21:46:17,693 [pool-187-thread-1] INFO  server.RaftServerConfigKeys (ConfUtils.java:logGet(43)) - raft.server.notification.no-leader.timeout = 120s (custom)
2019-11-13 21:46:17,693 [pool-187-thread-1] INFO  server.RaftServerConfigKeys (ConfUtils.java:logGet(43)) - raft.server.log.use.memory = false (default)
2019-11-13 21:46:17,693 [pool-187-thread-1] INFO  server.RaftServerConfigKeys (ConfUtils.java:logGet(43)) - raft.server.log.purge.gap = 1000000 (custom)
2019-11-13 21:46:17,693 [pool-187-thread-1] INFO  server.RaftServerConfigKeys (ConfUtils.java:logGet(43)) - raft.server.log.appender.buffer.byte-limit = 33554432 (custom)
2019-11-13 21:46:17,694 [pool-187-thread-1] INFO  server.RaftServerConfigKeys (ConfUtils.java:logGet(43)) - raft.server.log.segment.size.max = 1048576 (custom)
2019-11-13 21:46:17,694 [pool-187-thread-1] WARN  impl.MetricRegistriesImpl (MetricRegistriesImpl.java:lambda$create$1(61)) - First MetricRegistry has been created without registering reporters. You may need to call MetricRegistries.global().addReportRegistration(...) before.
2019-11-13 21:46:17,694 [pool-187-thread-1] INFO  server.RaftServerConfigKeys (ConfUtils.java:logGet(43)) - raft.server.log.segment.cache.num.max = 2 (custom)
2019-11-13 21:46:17,694 [pool-187-thread-1] INFO  segmented.SegmentedRaftLogWorker (SegmentedRaftLogWorker.java:<init>(173)) - new 6cc8209c-e457-4756-a8d8-a7119d564131@group-A6F81A1C094E-SegmentedRaftLogWorker for RaftStorage:Storage Directory /workdir/hadoop-ozone/ozonefs/target/test-dir/MiniOzoneClusterImpl-2bb5002b-f3eb-4fa7-bf0d-d672f8b55c5b/datanode-1/data/ratis/394c2684-2a39-4297-a142-a6f81a1c094e
2019-11-13 21:46:17,695 [pool-187-thread-1] INFO  server.RaftServerConfigKeys (ConfUtils.java:logGet(43)) - raft.server.log.queue.byte-limit = 2147483647 (custom)
2019-11-13 21:46:17,695 [pool-187-thread-1] INFO  server.RaftServerConfigKeys (ConfUtils.java:logGet(43)) - raft.server.log.queue.element-limit = 1024 (custom)
2019-11-13 21:46:17,695 [pool-187-thread-1] INFO  server.RaftServerConfigKeys (ConfUtils.java:logGet(43)) - raft.server.log.segment.size.max = 1048576 (custom)
2019-11-13 21:46:17,695 [pool-187-thread-1] INFO  server.RaftServerConfigKeys (ConfUtils.java:logGet(43)) - raft.server.log.preallocated.size = 16384 (custom)
2019-11-13 21:46:17,696 [pool-187-thread-1] INFO  server.RaftServerConfigKeys (ConfUtils.java:logGet(43)) - raft.server.log.write.buffer.size = 33554432 (custom)
2019-11-13 21:46:17,696 [pool-187-thread-1] INFO  server.RaftServerConfigKeys (ConfUtils.java:logGet(43)) - raft.server.log.force.sync.num = 128 (default)
2019-11-13 21:46:17,696 [pool-187-thread-1] INFO  server.RaftServerConfigKeys (ConfUtils.java:logGet(43)) - raft.server.log.statemachine.data.sync = true (default)
2019-11-13 21:46:17,696 [pool-187-thread-1] INFO  server.RaftServerConfigKeys (ConfUtils.java:logGet(43)) - raft.server.log.statemachine.data.sync.timeout = 10s (default)
2019-11-13 21:46:17,696 [pool-187-thread-1] INFO  server.RaftServerConfigKeys (ConfUtils.java:logGet(43)) - raft.server.log.statemachine.data.sync.timeout.retry = -1 (default)
2019-11-13 21:46:17,697 [pool-187-thread-1] INFO  server.RaftServerConfigKeys (ConfUtils.java:logGet(43)) - raft.server.log.statemachine.data.caching.enabled = true (custom)
2019-11-13 21:46:17,697 [pool-187-thread-1] INFO  segmented.SegmentedRaftLogWorker (SegmentedRaftLogWorker.java:lambda$new$0(128)) - 6cc8209c-e457-4756-a8d8-a7119d564131@group-A6F81A1C094E-SegmentedRaftLogWorker: flushIndex: setUnconditionally 0 -> -1
2019-11-13 21:46:17,698 [pool-187-thread-1] INFO  server.RaftServerConfigKeys (ConfUtils.java:logGet(43)) - raft.server.snapshot.auto.trigger.enabled = true (custom)
2019-11-13 21:46:17,698 [pool-187-thread-1] INFO  server.RaftServerConfigKeys (ConfUtils.java:logGet(43)) - raft.server.snapshot.auto.trigger.threshold = 10000 (custom)
2019-11-13 21:46:17,698 [pool-187-thread-1] INFO  server.RaftServerConfigKeys (ConfUtils.java:logGet(43)) - raft.server.snapshot.retention.file.num = 5 (custom)
2019-11-13 21:46:17,698 [pool-187-thread-1] INFO  server.RaftServerConfigKeys (ConfUtils.java:logGet(43)) - raft.server.retrycache.expirytime = 600000ms (custom)
2019-11-13 21:46:17,698 [pool-187-thread-1] WARN  impl.MetricRegistriesImpl (MetricRegistriesImpl.java:lambda$create$1(61)) - First MetricRegistry has been created without registering reporters. You may need to call MetricRegistries.global().addReportRegistration(...) before.
2019-11-13 21:46:17,698 [pool-187-thread-1] WARN  impl.MetricRegistriesImpl (MetricRegistriesImpl.java:lambda$create$1(61)) - First MetricRegistry has been created without registering reporters. You may need to call MetricRegistries.global().addReportRegistration(...) before.
2019-11-13 21:46:17,699 [pool-187-thread-1] INFO  impl.RaftServerImpl (RaftServerImpl.java:start(184)) - 6cc8209c-e457-4756-a8d8-a7119d564131@group-A6F81A1C094E: start as a follower, conf=-1: [6cc8209c-e457-4756-a8d8-a7119d564131:192.168.34.20:40739], old=null
2019-11-13 21:46:17,699 [pool-187-thread-1] INFO  impl.RaftServerImpl (RaftServerImpl.java:setRole(173)) - 6cc8209c-e457-4756-a8d8-a7119d564131@group-A6F81A1C094E: changes role from      null to FOLLOWER at term 0 for startAsFollower
2019-11-13 21:46:17,699 [pool-187-thread-1] INFO  impl.RoleInfo (RoleInfo.java:updateAndGet(143)) - 6cc8209c-e457-4756-a8d8-a7119d564131: start FollowerState
2019-11-13 21:46:17,700 [pool-187-thread-1] INFO  util.JmxRegister (JmxRegister.java:tryRegister(44)) - Successfully registered JMX Bean with object name Ratis:service=RaftServer,group=group-A6F81A1C094E,id=6cc8209c-e457-4756-a8d8-a7119d564131
2019-11-13 21:46:17,700 [pool-187-thread-1] WARN  impl.MetricRegistriesImpl (MetricRegistriesImpl.java:lambda$create$1(61)) - First MetricRegistry has been created without registering reporters. You may need to call MetricRegistries.global().addReportRegistration(...) before.
2019-11-13 21:46:17,706 [RatisPipelineUtilsThread] INFO  pipeline.PipelineStateManager (PipelineStateManager.java:addPipeline(55)) - Created pipeline Pipeline[ Id: 394c2684-2a39-4297-a142-a6f81a1c094e, Nodes: 6cc8209c-e457-4756-a8d8-a7119d564131{ip: 192.168.34.20, host: pr-hdds-2470-fxbl9-3826649461, networkLocation: /default-rack, certSerialId: null}, Type:RATIS, Factor:ONE, State:ALLOCATED]
2019-11-13 21:46:18,230 [Thread-748] INFO  ozone.MiniOzoneClusterImpl (MiniOzoneClusterImpl.java:lambda$waitForClusterToBeReady$2(163)) - Waiting for 2 number of pipelines out of 2, to report a leader.
2019-11-13 21:46:18,232 [IPC Server handler 0 on 43490] INFO  net.NetworkTopology (NetworkTopologyImpl.java:add(111)) - Added a new node: /default-rack/967749f5-60f8-4775-800f-ac118f332ec3
2019-11-13 21:46:18,232 [IPC Server handler 0 on 43490] INFO  node.SCMNodeManager (SCMNodeManager.java:register(267)) - Registered Data node : 967749f5-60f8-4775-800f-ac118f332ec3{ip: 192.168.34.20, host: pr-hdds-2470-fxbl9-3826649461, networkLocation: /default-rack, certSerialId: null}
2019-11-13 21:46:18,244 [grpc-default-executor-1] INFO  impl.RaftServerProxy (RaftServerProxy.java:addNew(89)) - 967749f5-60f8-4775-800f-ac118f332ec3: addNew group-67BAEE852BA9:[967749f5-60f8-4775-800f-ac118f332ec3:192.168.34.20:39594] returns group-67BAEE852BA9:java.util.concurrent.CompletableFuture@5939bcef[Not completed]
2019-11-13 21:46:18,246 [pool-197-thread-1] INFO  impl.RaftServerImpl (RaftServerImpl.java:<init>(98)) - 967749f5-60f8-4775-800f-ac118f332ec3: new RaftServerImpl for group-67BAEE852BA9:[967749f5-60f8-4775-800f-ac118f332ec3:192.168.34.20:39594] with ContainerStateMachine:uninitialized
2019-11-13 21:46:18,246 [pool-197-thread-1] INFO  server.RaftServerConfigKeys (ConfUtils.java:logGet(43)) - raft.server.rpc.timeout.min = 5s (custom)
2019-11-13 21:46:18,246 [pool-197-thread-1] INFO  server.RaftServerConfigKeys (ConfUtils.java:logGet(43)) - raft.server.rpc.timeout.max = 5200ms (custom)
2019-11-13 21:46:18,247 [pool-197-thread-1] INFO  server.RaftServerConfigKeys (ConfUtils.java:logGet(43)) - raft.server.rpcslowness.timeout = 120s (custom)
2019-11-13 21:46:18,247 [pool-197-thread-1] INFO  server.RaftServerConfigKeys (ConfUtils.java:logGet(43)) - raft.server.sleep.deviation.threshold = 300 (default)
2019-11-13 21:46:18,247 [pool-197-thread-1] INFO  server.RaftServerConfigKeys (ConfUtils.java:logGet(43)) - raft.server.log.appender.install.snapshot.enabled = false (custom)
2019-11-13 21:46:18,247 [pool-197-thread-1] INFO  impl.RaftServerImpl (ServerState.java:<init>(103)) - 967749f5-60f8-4775-800f-ac118f332ec3@group-67BAEE852BA9: ConfigurationManager, init=-1: [967749f5-60f8-4775-800f-ac118f332ec3:192.168.34.20:39594], old=null, confs=<EMPTY_MAP>
2019-11-13 21:46:18,247 [pool-197-thread-1] INFO  server.RaftServerConfigKeys (ConfUtils.java:logGet(43)) - raft.server.storage.dir = [/workdir/hadoop-ozone/ozonefs/target/test-dir/MiniOzoneClusterImpl-2bb5002b-f3eb-4fa7-bf0d-d672f8b55c5b/datanode-2/data/ratis] (custom)
2019-11-13 21:46:18,248 [pool-197-thread-1] INFO  server.RaftServerConfigKeys (ConfUtils.java:logGet(43)) - raft.server.log.corruption.policy = EXCEPTION (default)
2019-11-13 21:46:18,248 [pool-197-thread-1] INFO  storage.RaftStorageDirectory (RaftStorageDirectory.java:analyzeStorage(246)) - The storage directory /workdir/hadoop-ozone/ozonefs/target/test-dir/MiniOzoneClusterImpl-2bb5002b-f3eb-4fa7-bf0d-d672f8b55c5b/datanode-2/data/ratis/11642bce-8bae-4998-972f-67baee852ba9 does not exist. Creating ...
2019-11-13 21:46:18,261 [pool-197-thread-1] INFO  storage.RaftStorageDirectory (RaftStorageDirectory.java:tryLock(328)) - Lock on /workdir/hadoop-ozone/ozonefs/target/test-dir/MiniOzoneClusterImpl-2bb5002b-f3eb-4fa7-bf0d-d672f8b55c5b/datanode-2/data/ratis/11642bce-8bae-4998-972f-67baee852ba9/in_use.lock acquired by nodename 28847@pr-hdds-2470-fxbl9-3826649461
2019-11-13 21:46:18,281 [pool-197-thread-1] INFO  storage.RaftStorage (RaftStorage.java:format(84)) - Storage directory /workdir/hadoop-ozone/ozonefs/target/test-dir/MiniOzoneClusterImpl-2bb5002b-f3eb-4fa7-bf0d-d672f8b55c5b/datanode-2/data/ratis/11642bce-8bae-4998-972f-67baee852ba9 has been successfully formatted.
2019-11-13 21:46:18,282 [pool-197-thread-1] INFO  ratis.ContainerStateMachine (ContainerStateMachine.java:loadSnapshot(223)) - group-67BAEE852BA9: The snapshot info is null. Setting the last applied indexto:(t:0, i:~)
2019-11-13 21:46:18,282 [pool-197-thread-1] INFO  server.RaftServerConfigKeys (ConfUtils.java:logGet(43)) - raft.server.notification.no-leader.timeout = 120s (custom)
2019-11-13 21:46:18,282 [pool-197-thread-1] INFO  server.RaftServerConfigKeys (ConfUtils.java:logGet(43)) - raft.server.log.use.memory = false (default)
2019-11-13 21:46:18,282 [pool-197-thread-1] INFO  server.RaftServerConfigKeys (ConfUtils.java:logGet(43)) - raft.server.log.purge.gap = 1000000 (custom)
2019-11-13 21:46:18,282 [pool-197-thread-1] INFO  server.RaftServerConfigKeys (ConfUtils.java:logGet(43)) - raft.server.log.appender.buffer.byte-limit = 33554432 (custom)
2019-11-13 21:46:18,282 [pool-197-thread-1] INFO  server.RaftServerConfigKeys (ConfUtils.java:logGet(43)) - raft.server.log.segment.size.max = 1048576 (custom)
2019-11-13 21:46:18,283 [pool-197-thread-1] WARN  impl.MetricRegistriesImpl (MetricRegistriesImpl.java:lambda$create$1(61)) - First MetricRegistry has been created without registering reporters. You may need to call MetricRegistries.global().addReportRegistration(...) before.
2019-11-13 21:46:18,283 [pool-197-thread-1] INFO  server.RaftServerConfigKeys (ConfUtils.java:logGet(43)) - raft.server.log.segment.cache.num.max = 2 (custom)
2019-11-13 21:46:18,283 [pool-197-thread-1] INFO  segmented.SegmentedRaftLogWorker (SegmentedRaftLogWorker.java:<init>(173)) - new 967749f5-60f8-4775-800f-ac118f332ec3@group-67BAEE852BA9-SegmentedRaftLogWorker for RaftStorage:Storage Directory /workdir/hadoop-ozone/ozonefs/target/test-dir/MiniOzoneClusterImpl-2bb5002b-f3eb-4fa7-bf0d-d672f8b55c5b/datanode-2/data/ratis/11642bce-8bae-4998-972f-67baee852ba9
2019-11-13 21:46:18,283 [pool-197-thread-1] INFO  server.RaftServerConfigKeys (ConfUtils.java:logGet(43)) - raft.server.log.queue.byte-limit = 2147483647 (custom)
2019-11-13 21:46:18,283 [pool-197-thread-1] INFO  server.RaftServerConfigKeys (ConfUtils.java:logGet(43)) - raft.server.log.queue.element-limit = 1024 (custom)
2019-11-13 21:46:18,283 [pool-197-thread-1] INFO  server.RaftServerConfigKeys (ConfUtils.java:logGet(43)) - raft.server.log.segment.size.max = 1048576 (custom)
2019-11-13 21:46:18,283 [pool-197-thread-1] INFO  server.RaftServerConfigKeys (ConfUtils.java:logGet(43)) - raft.server.log.preallocated.size = 16384 (custom)
2019-11-13 21:46:18,284 [pool-197-thread-1] INFO  server.RaftServerConfigKeys (ConfUtils.java:logGet(43)) - raft.server.log.write.buffer.size = 33554432 (custom)
2019-11-13 21:46:18,284 [pool-197-thread-1] INFO  server.RaftServerConfigKeys (ConfUtils.java:logGet(43)) - raft.server.log.force.sync.num = 128 (default)
2019-11-13 21:46:18,284 [pool-197-thread-1] INFO  server.RaftServerConfigKeys (ConfUtils.java:logGet(43)) - raft.server.log.statemachine.data.sync = true (default)
2019-11-13 21:46:18,284 [pool-197-thread-1] INFO  server.RaftServerConfigKeys (ConfUtils.java:logGet(43)) - raft.server.log.statemachine.data.sync.timeout = 10s (default)
2019-11-13 21:46:18,284 [pool-197-thread-1] INFO  server.RaftServerConfigKeys (ConfUtils.java:logGet(43)) - raft.server.log.statemachine.data.sync.timeout.retry = -1 (default)
2019-11-13 21:46:18,284 [pool-197-thread-1] INFO  server.RaftServerConfigKeys (ConfUtils.java:logGet(43)) - raft.server.log.statemachine.data.caching.enabled = true (custom)
2019-11-13 21:46:18,285 [pool-197-thread-1] INFO  segmented.SegmentedRaftLogWorker (SegmentedRaftLogWorker.java:lambda$new$0(128)) - 967749f5-60f8-4775-800f-ac118f332ec3@group-67BAEE852BA9-SegmentedRaftLogWorker: flushIndex: setUnconditionally 0 -> -1
2019-11-13 21:46:18,285 [pool-197-thread-1] INFO  server.RaftServerConfigKeys (ConfUtils.java:logGet(43)) - raft.server.snapshot.auto.trigger.enabled = true (custom)
2019-11-13 21:46:18,285 [pool-197-thread-1] INFO  server.RaftServerConfigKeys (ConfUtils.java:logGet(43)) - raft.server.snapshot.auto.trigger.threshold = 10000 (custom)
2019-11-13 21:46:18,285 [pool-197-thread-1] INFO  server.RaftServerConfigKeys (ConfUtils.java:logGet(43)) - raft.server.snapshot.retention.file.num = 5 (custom)
2019-11-13 21:46:18,285 [pool-197-thread-1] INFO  server.RaftServerConfigKeys (ConfUtils.java:logGet(43)) - raft.server.retrycache.expirytime = 600000ms (custom)
2019-11-13 21:46:18,286 [pool-197-thread-1] WARN  impl.MetricRegistriesImpl (MetricRegistriesImpl.java:lambda$create$1(61)) - First MetricRegistry has been created without registering reporters. You may need to call MetricRegistries.global().addReportRegistration(...) before.
2019-11-13 21:46:18,286 [pool-197-thread-1] WARN  impl.MetricRegistriesImpl (MetricRegistriesImpl.java:lambda$create$1(61)) - First MetricRegistry has been created without registering reporters. You may need to call MetricRegistries.global().addReportRegistration(...) before.
2019-11-13 21:46:18,286 [pool-197-thread-1] INFO  impl.RaftServerImpl (RaftServerImpl.java:start(184)) - 967749f5-60f8-4775-800f-ac118f332ec3@group-67BAEE852BA9: start as a follower, conf=-1: [967749f5-60f8-4775-800f-ac118f332ec3:192.168.34.20:39594], old=null
2019-11-13 21:46:18,286 [pool-197-thread-1] INFO  impl.RaftServerImpl (RaftServerImpl.java:setRole(173)) - 967749f5-60f8-4775-800f-ac118f332ec3@group-67BAEE852BA9: changes role from      null to FOLLOWER at term 0 for startAsFollower
2019-11-13 21:46:18,286 [pool-197-thread-1] INFO  impl.RoleInfo (RoleInfo.java:updateAndGet(143)) - 967749f5-60f8-4775-800f-ac118f332ec3: start FollowerState
2019-11-13 21:46:18,287 [pool-197-thread-1] INFO  util.JmxRegister (JmxRegister.java:tryRegister(44)) - Successfully registered JMX Bean with object name Ratis:service=RaftServer,group=group-67BAEE852BA9,id=967749f5-60f8-4775-800f-ac118f332ec3
2019-11-13 21:46:18,287 [pool-197-thread-1] WARN  impl.MetricRegistriesImpl (MetricRegistriesImpl.java:lambda$create$1(61)) - First MetricRegistry has been created without registering reporters. You may need to call MetricRegistries.global().addReportRegistration(...) before.
2019-11-13 21:46:18,292 [RatisPipelineUtilsThread] INFO  pipeline.PipelineStateManager (PipelineStateManager.java:addPipeline(55)) - Created pipeline Pipeline[ Id: 11642bce-8bae-4998-972f-67baee852ba9, Nodes: 967749f5-60f8-4775-800f-ac118f332ec3{ip: 192.168.34.20, host: pr-hdds-2470-fxbl9-3826649461, networkLocation: /default-rack, certSerialId: null}, Type:RATIS, Factor:ONE, State:ALLOCATED]
2019-11-13 21:46:18,309 [grpc-default-executor-0] INFO  impl.RaftServerProxy (RaftServerProxy.java:addNew(89)) - 6cc8209c-e457-4756-a8d8-a7119d564131: addNew group-3BC9E196F05A:[dcad5acd-0e3b-4336-98e2-abbadaf23ad5:192.168.34.20:33066, 6cc8209c-e457-4756-a8d8-a7119d564131:192.168.34.20:40739, 967749f5-60f8-4775-800f-ac118f332ec3:192.168.34.20:39594] returns group-3BC9E196F05A:java.util.concurrent.CompletableFuture@4dd1d250[Not completed]
2019-11-13 21:46:18,310 [grpc-default-executor-2] INFO  impl.RaftServerProxy (RaftServerProxy.java:addNew(89)) - dcad5acd-0e3b-4336-98e2-abbadaf23ad5: addNew group-3BC9E196F05A:[dcad5acd-0e3b-4336-98e2-abbadaf23ad5:192.168.34.20:33066, 6cc8209c-e457-4756-a8d8-a7119d564131:192.168.34.20:40739, 967749f5-60f8-4775-800f-ac118f332ec3:192.168.34.20:39594] returns group-3BC9E196F05A:java.util.concurrent.CompletableFuture@7c1860de[Not completed]
2019-11-13 21:46:18,311 [grpc-default-executor-0] INFO  impl.RaftServerProxy (RaftServerProxy.java:addNew(89)) - 967749f5-60f8-4775-800f-ac118f332ec3: addNew group-3BC9E196F05A:[dcad5acd-0e3b-4336-98e2-abbadaf23ad5:192.168.34.20:33066, 6cc8209c-e457-4756-a8d8-a7119d564131:192.168.34.20:40739, 967749f5-60f8-4775-800f-ac118f332ec3:192.168.34.20:39594] returns group-3BC9E196F05A:java.util.concurrent.CompletableFuture@337c6ae4[Not completed]
2019-11-13 21:46:18,313 [pool-187-thread-1] INFO  impl.RaftServerImpl (RaftServerImpl.java:<init>(98)) - 6cc8209c-e457-4756-a8d8-a7119d564131: new RaftServerImpl for group-3BC9E196F05A:[dcad5acd-0e3b-4336-98e2-abbadaf23ad5:192.168.34.20:33066, 6cc8209c-e457-4756-a8d8-a7119d564131:192.168.34.20:40739, 967749f5-60f8-4775-800f-ac118f332ec3:192.168.34.20:39594] with ContainerStateMachine:uninitialized
2019-11-13 21:46:18,313 [pool-187-thread-1] INFO  server.RaftServerConfigKeys (ConfUtils.java:logGet(43)) - raft.server.rpc.timeout.min = 5s (custom)
2019-11-13 21:46:18,314 [pool-187-thread-1] INFO  server.RaftServerConfigKeys (ConfUtils.java:logGet(43)) - raft.server.rpc.timeout.max = 5200ms (custom)
2019-11-13 21:46:18,314 [pool-187-thread-1] INFO  server.RaftServerConfigKeys (ConfUtils.java:logGet(43)) - raft.server.rpcslowness.timeout = 120s (custom)
2019-11-13 21:46:18,314 [pool-187-thread-1] INFO  server.RaftServerConfigKeys (ConfUtils.java:logGet(43)) - raft.server.sleep.deviation.threshold = 300 (default)
2019-11-13 21:46:18,314 [pool-187-thread-1] INFO  server.RaftServerConfigKeys (ConfUtils.java:logGet(43)) - raft.server.log.appender.install.snapshot.enabled = false (custom)
2019-11-13 21:46:18,314 [pool-187-thread-1] INFO  impl.RaftServerImpl (ServerState.java:<init>(103)) - 6cc8209c-e457-4756-a8d8-a7119d564131@group-3BC9E196F05A: ConfigurationManager, init=-1: [dcad5acd-0e3b-4336-98e2-abbadaf23ad5:192.168.34.20:33066, 6cc8209c-e457-4756-a8d8-a7119d564131:192.168.34.20:40739, 967749f5-60f8-4775-800f-ac118f332ec3:192.168.34.20:39594], old=null, confs=<EMPTY_MAP>
2019-11-13 21:46:18,315 [pool-197-thread-1] INFO  impl.RaftServerImpl (RaftServerImpl.java:<init>(98)) - 967749f5-60f8-4775-800f-ac118f332ec3: new RaftServerImpl for group-3BC9E196F05A:[dcad5acd-0e3b-4336-98e2-abbadaf23ad5:192.168.34.20:33066, 6cc8209c-e457-4756-a8d8-a7119d564131:192.168.34.20:40739, 967749f5-60f8-4775-800f-ac118f332ec3:192.168.34.20:39594] with ContainerStateMachine:uninitialized
2019-11-13 21:46:18,315 [pool-187-thread-1] INFO  server.RaftServerConfigKeys (ConfUtils.java:logGet(43)) - raft.server.storage.dir = [/workdir/hadoop-ozone/ozonefs/target/test-dir/MiniOzoneClusterImpl-2bb5002b-f3eb-4fa7-bf0d-d672f8b55c5b/datanode-1/data/ratis] (custom)
2019-11-13 21:46:18,315 [pool-197-thread-1] INFO  server.RaftServerConfigKeys (ConfUtils.java:logGet(43)) - raft.server.rpc.timeout.min = 5s (custom)
2019-11-13 21:46:18,315 [pool-197-thread-1] INFO  server.RaftServerConfigKeys (ConfUtils.java:logGet(43)) - raft.server.rpc.timeout.max = 5200ms (custom)
2019-11-13 21:46:18,315 [pool-187-thread-1] INFO  server.RaftServerConfigKeys (ConfUtils.java:logGet(43)) - raft.server.log.corruption.policy = EXCEPTION (default)
2019-11-13 21:46:18,315 [pool-197-thread-1] INFO  server.RaftServerConfigKeys (ConfUtils.java:logGet(43)) - raft.server.rpcslowness.timeout = 120s (custom)
2019-11-13 21:46:18,316 [pool-187-thread-1] INFO  storage.RaftStorageDirectory (RaftStorageDirectory.java:analyzeStorage(246)) - The storage directory /workdir/hadoop-ozone/ozonefs/target/test-dir/MiniOzoneClusterImpl-2bb5002b-f3eb-4fa7-bf0d-d672f8b55c5b/datanode-1/data/ratis/b14d32e0-5fab-4374-803a-3bc9e196f05a does not exist. Creating ...
2019-11-13 21:46:18,316 [pool-197-thread-1] INFO  server.RaftServerConfigKeys (ConfUtils.java:logGet(43)) - raft.server.sleep.deviation.threshold = 300 (default)
2019-11-13 21:46:18,316 [pool-177-thread-1] INFO  impl.RaftServerImpl (RaftServerImpl.java:<init>(98)) - dcad5acd-0e3b-4336-98e2-abbadaf23ad5: new RaftServerImpl for group-3BC9E196F05A:[dcad5acd-0e3b-4336-98e2-abbadaf23ad5:192.168.34.20:33066, 6cc8209c-e457-4756-a8d8-a7119d564131:192.168.34.20:40739, 967749f5-60f8-4775-800f-ac118f332ec3:192.168.34.20:39594] with ContainerStateMachine:uninitialized
2019-11-13 21:46:18,316 [pool-197-thread-1] INFO  server.RaftServerConfigKeys (ConfUtils.java:logGet(43)) - raft.server.log.appender.install.snapshot.enabled = false (custom)
2019-11-13 21:46:18,316 [pool-177-thread-1] INFO  server.RaftServerConfigKeys (ConfUtils.java:logGet(43)) - raft.server.rpc.timeout.min = 5s (custom)
2019-11-13 21:46:18,316 [pool-197-thread-1] INFO  impl.RaftServerImpl (ServerState.java:<init>(103)) - 967749f5-60f8-4775-800f-ac118f332ec3@group-3BC9E196F05A: ConfigurationManager, init=-1: [dcad5acd-0e3b-4336-98e2-abbadaf23ad5:192.168.34.20:33066, 6cc8209c-e457-4756-a8d8-a7119d564131:192.168.34.20:40739, 967749f5-60f8-4775-800f-ac118f332ec3:192.168.34.20:39594], old=null, confs=<EMPTY_MAP>
2019-11-13 21:46:18,316 [pool-177-thread-1] INFO  server.RaftServerConfigKeys (ConfUtils.java:logGet(43)) - raft.server.rpc.timeout.max = 5200ms (custom)
2019-11-13 21:46:18,317 [pool-197-thread-1] INFO  server.RaftServerConfigKeys (ConfUtils.java:logGet(43)) - raft.server.storage.dir = [/workdir/hadoop-ozone/ozonefs/target/test-dir/MiniOzoneClusterImpl-2bb5002b-f3eb-4fa7-bf0d-d672f8b55c5b/datanode-2/data/ratis] (custom)
2019-11-13 21:46:18,317 [pool-177-thread-1] INFO  server.RaftServerConfigKeys (ConfUtils.java:logGet(43)) - raft.server.rpcslowness.timeout = 120s (custom)
2019-11-13 21:46:18,317 [pool-177-thread-1] INFO  server.RaftServerConfigKeys (ConfUtils.java:logGet(43)) - raft.server.sleep.deviation.threshold = 300 (default)
2019-11-13 21:46:18,317 [pool-197-thread-1] INFO  server.RaftServerConfigKeys (ConfUtils.java:logGet(43)) - raft.server.log.corruption.policy = EXCEPTION (default)
2019-11-13 21:46:18,317 [pool-177-thread-1] INFO  server.RaftServerConfigKeys (ConfUtils.java:logGet(43)) - raft.server.log.appender.install.snapshot.enabled = false (custom)
2019-11-13 21:46:18,317 [pool-197-thread-1] INFO  storage.RaftStorageDirectory (RaftStorageDirectory.java:analyzeStorage(246)) - The storage directory /workdir/hadoop-ozone/ozonefs/target/test-dir/MiniOzoneClusterImpl-2bb5002b-f3eb-4fa7-bf0d-d672f8b55c5b/datanode-2/data/ratis/b14d32e0-5fab-4374-803a-3bc9e196f05a does not exist. Creating ...
2019-11-13 21:46:18,317 [pool-177-thread-1] INFO  impl.RaftServerImpl (ServerState.java:<init>(103)) - dcad5acd-0e3b-4336-98e2-abbadaf23ad5@group-3BC9E196F05A: ConfigurationManager, init=-1: [dcad5acd-0e3b-4336-98e2-abbadaf23ad5:192.168.34.20:33066, 6cc8209c-e457-4756-a8d8-a7119d564131:192.168.34.20:40739, 967749f5-60f8-4775-800f-ac118f332ec3:192.168.34.20:39594], old=null, confs=<EMPTY_MAP>
2019-11-13 21:46:18,318 [pool-177-thread-1] INFO  server.RaftServerConfigKeys (ConfUtils.java:logGet(43)) - raft.server.storage.dir = [/workdir/hadoop-ozone/ozonefs/target/test-dir/MiniOzoneClusterImpl-2bb5002b-f3eb-4fa7-bf0d-d672f8b55c5b/datanode-0/data/ratis] (custom)
2019-11-13 21:46:18,318 [pool-177-thread-1] INFO  server.RaftServerConfigKeys (ConfUtils.java:logGet(43)) - raft.server.log.corruption.policy = EXCEPTION (default)
2019-11-13 21:46:18,318 [pool-177-thread-1] INFO  storage.RaftStorageDirectory (RaftStorageDirectory.java:analyzeStorage(246)) - The storage directory /workdir/hadoop-ozone/ozonefs/target/test-dir/MiniOzoneClusterImpl-2bb5002b-f3eb-4fa7-bf0d-d672f8b55c5b/datanode-0/data/ratis/b14d32e0-5fab-4374-803a-3bc9e196f05a does not exist. Creating ...
2019-11-13 21:46:18,341 [pool-197-thread-1] INFO  storage.RaftStorageDirectory (RaftStorageDirectory.java:tryLock(328)) - Lock on /workdir/hadoop-ozone/ozonefs/target/test-dir/MiniOzoneClusterImpl-2bb5002b-f3eb-4fa7-bf0d-d672f8b55c5b/datanode-2/data/ratis/b14d32e0-5fab-4374-803a-3bc9e196f05a/in_use.lock acquired by nodename 28847@pr-hdds-2470-fxbl9-3826649461
2019-11-13 21:46:18,341 [pool-177-thread-1] INFO  storage.RaftStorageDirectory (RaftStorageDirectory.java:tryLock(328)) - Lock on /workdir/hadoop-ozone/ozonefs/target/test-dir/MiniOzoneClusterImpl-2bb5002b-f3eb-4fa7-bf0d-d672f8b55c5b/datanode-0/data/ratis/b14d32e0-5fab-4374-803a-3bc9e196f05a/in_use.lock acquired by nodename 28847@pr-hdds-2470-fxbl9-3826649461
2019-11-13 21:46:18,341 [pool-187-thread-1] INFO  storage.RaftStorageDirectory (RaftStorageDirectory.java:tryLock(328)) - Lock on /workdir/hadoop-ozone/ozonefs/target/test-dir/MiniOzoneClusterImpl-2bb5002b-f3eb-4fa7-bf0d-d672f8b55c5b/datanode-1/data/ratis/b14d32e0-5fab-4374-803a-3bc9e196f05a/in_use.lock acquired by nodename 28847@pr-hdds-2470-fxbl9-3826649461
2019-11-13 21:46:18,367 [pool-197-thread-1] INFO  storage.RaftStorage (RaftStorage.java:format(84)) - Storage directory /workdir/hadoop-ozone/ozonefs/target/test-dir/MiniOzoneClusterImpl-2bb5002b-f3eb-4fa7-bf0d-d672f8b55c5b/datanode-2/data/ratis/b14d32e0-5fab-4374-803a-3bc9e196f05a has been successfully formatted.
2019-11-13 21:46:18,367 [pool-187-thread-1] INFO  storage.RaftStorage (RaftStorage.java:format(84)) - Storage directory /workdir/hadoop-ozone/ozonefs/target/test-dir/MiniOzoneClusterImpl-2bb5002b-f3eb-4fa7-bf0d-d672f8b55c5b/datanode-1/data/ratis/b14d32e0-5fab-4374-803a-3bc9e196f05a has been successfully formatted.
2019-11-13 21:46:18,367 [pool-177-thread-1] INFO  storage.RaftStorage (RaftStorage.java:format(84)) - Storage directory /workdir/hadoop-ozone/ozonefs/target/test-dir/MiniOzoneClusterImpl-2bb5002b-f3eb-4fa7-bf0d-d672f8b55c5b/datanode-0/data/ratis/b14d32e0-5fab-4374-803a-3bc9e196f05a has been successfully formatted.
2019-11-13 21:46:18,367 [pool-187-thread-1] INFO  ratis.ContainerStateMachine (ContainerStateMachine.java:loadSnapshot(223)) - group-3BC9E196F05A: The snapshot info is null. Setting the last applied indexto:(t:0, i:~)
2019-11-13 21:46:18,367 [pool-197-thread-1] INFO  ratis.ContainerStateMachine (ContainerStateMachine.java:loadSnapshot(223)) - group-3BC9E196F05A: The snapshot info is null. Setting the last applied indexto:(t:0, i:~)
2019-11-13 21:46:18,368 [pool-187-thread-1] INFO  server.RaftServerConfigKeys (ConfUtils.java:logGet(43)) - raft.server.notification.no-leader.timeout = 120s (custom)
2019-11-13 21:46:18,368 [pool-177-thread-1] INFO  ratis.ContainerStateMachine (ContainerStateMachine.java:loadSnapshot(223)) - group-3BC9E196F05A: The snapshot info is null. Setting the last applied indexto:(t:0, i:~)
2019-11-13 21:46:18,368 [pool-187-thread-1] INFO  server.RaftServerConfigKeys (ConfUtils.java:logGet(43)) - raft.server.log.use.memory = false (default)
2019-11-13 21:46:18,368 [pool-197-thread-1] INFO  server.RaftServerConfigKeys (ConfUtils.java:logGet(43)) - raft.server.notification.no-leader.timeout = 120s (custom)
2019-11-13 21:46:18,368 [pool-187-thread-1] INFO  server.RaftServerConfigKeys (ConfUtils.java:logGet(43)) - raft.server.log.purge.gap = 1000000 (custom)
2019-11-13 21:46:18,368 [pool-177-thread-1] INFO  server.RaftServerConfigKeys (ConfUtils.java:logGet(43)) - raft.server.notification.no-leader.timeout = 120s (custom)
2019-11-13 21:46:18,369 [pool-187-thread-1] INFO  server.RaftServerConfigKeys (ConfUtils.java:logGet(43)) - raft.server.log.appender.buffer.byte-limit = 33554432 (custom)
2019-11-13 21:46:18,368 [pool-197-thread-1] INFO  server.RaftServerConfigKeys (ConfUtils.java:logGet(43)) - raft.server.log.use.memory = false (default)
2019-11-13 21:46:18,369 [pool-187-thread-1] INFO  server.RaftServerConfigKeys (ConfUtils.java:logGet(43)) - raft.server.log.segment.size.max = 1048576 (custom)
2019-11-13 21:46:18,369 [pool-177-thread-1] INFO  server.RaftServerConfigKeys (ConfUtils.java:logGet(43)) - raft.server.log.use.memory = false (default)
2019-11-13 21:46:18,369 [pool-187-thread-1] INFO  server.RaftServerConfigKeys (ConfUtils.java:logGet(43)) - raft.server.log.segment.cache.num.max = 2 (custom)
2019-11-13 21:46:18,369 [pool-197-thread-1] INFO  server.RaftServerConfigKeys (ConfUtils.java:logGet(43)) - raft.server.log.purge.gap = 1000000 (custom)
2019-11-13 21:46:18,369 [pool-187-thread-1] INFO  segmented.SegmentedRaftLogWorker (SegmentedRaftLogWorker.java:<init>(173)) - new 6cc8209c-e457-4756-a8d8-a7119d564131@group-3BC9E196F05A-SegmentedRaftLogWorker for RaftStorage:Storage Directory /workdir/hadoop-ozone/ozonefs/target/test-dir/MiniOzoneClusterImpl-2bb5002b-f3eb-4fa7-bf0d-d672f8b55c5b/datanode-1/data/ratis/b14d32e0-5fab-4374-803a-3bc9e196f05a
2019-11-13 21:46:18,369 [pool-177-thread-1] INFO  server.RaftServerConfigKeys (ConfUtils.java:logGet(43)) - raft.server.log.purge.gap = 1000000 (custom)
2019-11-13 21:46:18,370 [pool-187-thread-1] INFO  server.RaftServerConfigKeys (ConfUtils.java:logGet(43)) - raft.server.log.queue.byte-limit = 2147483647 (custom)
2019-11-13 21:46:18,370 [pool-197-thread-1] INFO  server.RaftServerConfigKeys (ConfUtils.java:logGet(43)) - raft.server.log.appender.buffer.byte-limit = 33554432 (custom)
2019-11-13 21:46:18,370 [pool-187-thread-1] INFO  server.RaftServerConfigKeys (ConfUtils.java:logGet(43)) - raft.server.log.queue.element-limit = 1024 (custom)
2019-11-13 21:46:18,370 [pool-177-thread-1] INFO  server.RaftServerConfigKeys (ConfUtils.java:logGet(43)) - raft.server.log.appender.buffer.byte-limit = 33554432 (custom)
2019-11-13 21:46:18,371 [pool-187-thread-1] INFO  server.RaftServerConfigKeys (ConfUtils.java:logGet(43)) - raft.server.log.segment.size.max = 1048576 (custom)
2019-11-13 21:46:18,370 [pool-197-thread-1] INFO  server.RaftServerConfigKeys (ConfUtils.java:logGet(43)) - raft.server.log.segment.size.max = 1048576 (custom)
2019-11-13 21:46:18,371 [pool-187-thread-1] INFO  server.RaftServerConfigKeys (ConfUtils.java:logGet(43)) - raft.server.log.preallocated.size = 16384 (custom)
2019-11-13 21:46:18,371 [pool-177-thread-1] INFO  server.RaftServerConfigKeys (ConfUtils.java:logGet(43)) - raft.server.log.segment.size.max = 1048576 (custom)
2019-11-13 21:46:18,371 [pool-187-thread-1] INFO  server.RaftServerConfigKeys (ConfUtils.java:logGet(43)) - raft.server.log.write.buffer.size = 33554432 (custom)
2019-11-13 21:46:18,371 [pool-197-thread-1] INFO  server.RaftServerConfigKeys (ConfUtils.java:logGet(43)) - raft.server.log.segment.cache.num.max = 2 (custom)
2019-11-13 21:46:18,371 [pool-187-thread-1] INFO  server.RaftServerConfigKeys (ConfUtils.java:logGet(43)) - raft.server.log.force.sync.num = 128 (default)
2019-11-13 21:46:18,371 [pool-177-thread-1] INFO  server.RaftServerConfigKeys (ConfUtils.java:logGet(43)) - raft.server.log.segment.cache.num.max = 2 (custom)
2019-11-13 21:46:18,372 [pool-187-thread-1] INFO  server.RaftServerConfigKeys (ConfUtils.java:logGet(43)) - raft.server.log.statemachine.data.sync = true (default)
2019-11-13 21:46:18,372 [pool-197-thread-1] INFO  segmented.SegmentedRaftLogWorker (SegmentedRaftLogWorker.java:<init>(173)) - new 967749f5-60f8-4775-800f-ac118f332ec3@group-3BC9E196F05A-SegmentedRaftLogWorker for RaftStorage:Storage Directory /workdir/hadoop-ozone/ozonefs/target/test-dir/MiniOzoneClusterImpl-2bb5002b-f3eb-4fa7-bf0d-d672f8b55c5b/datanode-2/data/ratis/b14d32e0-5fab-4374-803a-3bc9e196f05a
2019-11-13 21:46:18,372 [pool-187-thread-1] INFO  server.RaftServerConfigKeys (ConfUtils.java:logGet(43)) - raft.server.log.statemachine.data.sync.timeout = 10s (default)
2019-11-13 21:46:18,372 [pool-177-thread-1] INFO  segmented.SegmentedRaftLogWorker (SegmentedRaftLogWorker.java:<init>(173)) - new dcad5acd-0e3b-4336-98e2-abbadaf23ad5@group-3BC9E196F05A-SegmentedRaftLogWorker for RaftStorage:Storage Directory /workdir/hadoop-ozone/ozonefs/target/test-dir/MiniOzoneClusterImpl-2bb5002b-f3eb-4fa7-bf0d-d672f8b55c5b/datanode-0/data/ratis/b14d32e0-5fab-4374-803a-3bc9e196f05a
2019-11-13 21:46:18,372 [pool-187-thread-1] INFO  server.RaftServerConfigKeys (ConfUtils.java:logGet(43)) - raft.server.log.statemachine.data.sync.timeout.retry = -1 (default)
2019-11-13 21:46:18,372 [pool-197-thread-1] INFO  server.RaftServerConfigKeys (ConfUtils.java:logGet(43)) - raft.server.log.queue.byte-limit = 2147483647 (custom)
2019-11-13 21:46:18,373 [pool-187-thread-1] INFO  server.RaftServerConfigKeys (ConfUtils.java:logGet(43)) - raft.server.log.statemachine.data.caching.enabled = true (custom)
2019-11-13 21:46:18,373 [pool-177-thread-1] INFO  server.RaftServerConfigKeys (ConfUtils.java:logGet(43)) - raft.server.log.queue.byte-limit = 2147483647 (custom)
2019-11-13 21:46:18,373 [pool-197-thread-1] INFO  server.RaftServerConfigKeys (ConfUtils.java:logGet(43)) - raft.server.log.queue.element-limit = 1024 (custom)
2019-11-13 21:46:18,373 [pool-187-thread-1] INFO  segmented.SegmentedRaftLogWorker (SegmentedRaftLogWorker.java:lambda$new$0(128)) - 6cc8209c-e457-4756-a8d8-a7119d564131@group-3BC9E196F05A-SegmentedRaftLogWorker: flushIndex: setUnconditionally 0 -> -1
2019-11-13 21:46:18,373 [pool-177-thread-1] INFO  server.RaftServerConfigKeys (ConfUtils.java:logGet(43)) - raft.server.log.queue.element-limit = 1024 (custom)
2019-11-13 21:46:18,373 [pool-197-thread-1] INFO  server.RaftServerConfigKeys (ConfUtils.java:logGet(43)) - raft.server.log.segment.size.max = 1048576 (custom)
2019-11-13 21:46:18,374 [pool-177-thread-1] INFO  server.RaftServerConfigKeys (ConfUtils.java:logGet(43)) - raft.server.log.segment.size.max = 1048576 (custom)
2019-11-13 21:46:18,374 [pool-187-thread-1] INFO  server.RaftServerConfigKeys (ConfUtils.java:logGet(43)) - raft.server.snapshot.auto.trigger.enabled = true (custom)
2019-11-13 21:46:18,374 [pool-177-thread-1] INFO  server.RaftServerConfigKeys (ConfUtils.java:logGet(43)) - raft.server.log.preallocated.size = 16384 (custom)
2019-11-13 21:46:18,374 [pool-197-thread-1] INFO  server.RaftServerConfigKeys (ConfUtils.java:logGet(43)) - raft.server.log.preallocated.size = 16384 (custom)
2019-11-13 21:46:18,374 [pool-177-thread-1] INFO  server.RaftServerConfigKeys (ConfUtils.java:logGet(43)) - raft.server.log.write.buffer.size = 33554432 (custom)
2019-11-13 21:46:18,374 [pool-187-thread-1] INFO  server.RaftServerConfigKeys (ConfUtils.java:logGet(43)) - raft.server.snapshot.auto.trigger.threshold = 10000 (custom)
2019-11-13 21:46:18,375 [pool-177-thread-1] INFO  server.RaftServerConfigKeys (ConfUtils.java:logGet(43)) - raft.server.log.force.sync.num = 128 (default)
2019-11-13 21:46:18,375 [pool-197-thread-1] INFO  server.RaftServerConfigKeys (ConfUtils.java:logGet(43)) - raft.server.log.write.buffer.size = 33554432 (custom)
2019-11-13 21:46:18,375 [pool-177-thread-1] INFO  server.RaftServerConfigKeys (ConfUtils.java:logGet(43)) - raft.server.log.statemachine.data.sync = true (default)
2019-11-13 21:46:18,375 [pool-187-thread-1] INFO  server.RaftServerConfigKeys (ConfUtils.java:logGet(43)) - raft.server.snapshot.retention.file.num = 5 (custom)
2019-11-13 21:46:18,375 [pool-177-thread-1] INFO  server.RaftServerConfigKeys (ConfUtils.java:logGet(43)) - raft.server.log.statemachine.data.sync.timeout = 10s (default)
2019-11-13 21:46:18,375 [pool-197-thread-1] INFO  server.RaftServerConfigKeys (ConfUtils.java:logGet(43)) - raft.server.log.force.sync.num = 128 (default)
2019-11-13 21:46:18,376 [pool-177-thread-1] INFO  server.RaftServerConfigKeys (ConfUtils.java:logGet(43)) - raft.server.log.statemachine.data.sync.timeout.retry = -1 (default)
2019-11-13 21:46:18,376 [pool-187-thread-1] INFO  server.RaftServerConfigKeys (ConfUtils.java:logGet(43)) - raft.server.retrycache.expirytime = 600000ms (custom)
2019-11-13 21:46:18,376 [pool-177-thread-1] INFO  server.RaftServerConfigKeys (ConfUtils.java:logGet(43)) - raft.server.log.statemachine.data.caching.enabled = true (custom)
2019-11-13 21:46:18,376 [pool-197-thread-1] INFO  server.RaftServerConfigKeys (ConfUtils.java:logGet(43)) - raft.server.log.statemachine.data.sync = true (default)
2019-11-13 21:46:18,376 [pool-187-thread-1] WARN  impl.MetricRegistriesImpl (MetricRegistriesImpl.java:lambda$create$1(61)) - First MetricRegistry has been created without registering reporters. You may need to call MetricRegistries.global().addReportRegistration(...) before.
2019-11-13 21:46:18,376 [pool-197-thread-1] INFO  server.RaftServerConfigKeys (ConfUtils.java:logGet(43)) - raft.server.log.statemachine.data.sync.timeout = 10s (default)
2019-11-13 21:46:18,376 [pool-177-thread-1] INFO  segmented.SegmentedRaftLogWorker (SegmentedRaftLogWorker.java:lambda$new$0(128)) - dcad5acd-0e3b-4336-98e2-abbadaf23ad5@group-3BC9E196F05A-SegmentedRaftLogWorker: flushIndex: setUnconditionally 0 -> -1
2019-11-13 21:46:18,377 [pool-197-thread-1] INFO  server.RaftServerConfigKeys (ConfUtils.java:logGet(43)) - raft.server.log.statemachine.data.sync.timeout.retry = -1 (default)
2019-11-13 21:46:18,377 [pool-187-thread-1] WARN  impl.MetricRegistriesImpl (MetricRegistriesImpl.java:lambda$create$1(61)) - First MetricRegistry has been created without registering reporters. You may need to call MetricRegistries.global().addReportRegistration(...) before.
2019-11-13 21:46:18,377 [pool-197-thread-1] INFO  server.RaftServerConfigKeys (ConfUtils.java:logGet(43)) - raft.server.log.statemachine.data.caching.enabled = true (custom)
2019-11-13 21:46:18,377 [pool-177-thread-1] INFO  server.RaftServerConfigKeys (ConfUtils.java:logGet(43)) - raft.server.snapshot.auto.trigger.enabled = true (custom)
2019-11-13 21:46:18,377 [pool-187-thread-1] INFO  impl.RaftServerImpl (RaftServerImpl.java:start(184)) - 6cc8209c-e457-4756-a8d8-a7119d564131@group-3BC9E196F05A: start as a follower, conf=-1: [dcad5acd-0e3b-4336-98e2-abbadaf23ad5:192.168.34.20:33066, 6cc8209c-e457-4756-a8d8-a7119d564131:192.168.34.20:40739, 967749f5-60f8-4775-800f-ac118f332ec3:192.168.34.20:39594], old=null
2019-11-13 21:46:18,378 [pool-197-thread-1] INFO  segmented.SegmentedRaftLogWorker (SegmentedRaftLogWorker.java:lambda$new$0(128)) - 967749f5-60f8-4775-800f-ac118f332ec3@group-3BC9E196F05A-SegmentedRaftLogWorker: flushIndex: setUnconditionally 0 -> -1
2019-11-13 21:46:18,378 [pool-177-thread-1] INFO  server.RaftServerConfigKeys (ConfUtils.java:logGet(43)) - raft.server.snapshot.auto.trigger.threshold = 10000 (custom)
2019-11-13 21:46:18,378 [pool-187-thread-1] INFO  impl.RaftServerImpl (RaftServerImpl.java:setRole(173)) - 6cc8209c-e457-4756-a8d8-a7119d564131@group-3BC9E196F05A: changes role from      null to FOLLOWER at term 0 for startAsFollower
2019-11-13 21:46:18,378 [pool-197-thread-1] INFO  server.RaftServerConfigKeys (ConfUtils.java:logGet(43)) - raft.server.snapshot.auto.trigger.enabled = true (custom)
2019-11-13 21:46:18,378 [pool-177-thread-1] INFO  server.RaftServerConfigKeys (ConfUtils.java:logGet(43)) - raft.server.snapshot.retention.file.num = 5 (custom)
2019-11-13 21:46:18,378 [pool-197-thread-1] INFO  server.RaftServerConfigKeys (ConfUtils.java:logGet(43)) - raft.server.snapshot.auto.trigger.threshold = 10000 (custom)
2019-11-13 21:46:18,378 [pool-187-thread-1] INFO  impl.RoleInfo (RoleInfo.java:updateAndGet(143)) - 6cc8209c-e457-4756-a8d8-a7119d564131: start FollowerState
2019-11-13 21:46:18,379 [pool-197-thread-1] INFO  server.RaftServerConfigKeys (ConfUtils.java:logGet(43)) - raft.server.snapshot.retention.file.num = 5 (custom)
2019-11-13 21:46:18,379 [pool-177-thread-1] INFO  server.RaftServerConfigKeys (ConfUtils.java:logGet(43)) - raft.server.retrycache.expirytime = 600000ms (custom)
2019-11-13 21:46:18,379 [pool-197-thread-1] INFO  server.RaftServerConfigKeys (ConfUtils.java:logGet(43)) - raft.server.retrycache.expirytime = 600000ms (custom)
2019-11-13 21:46:18,379 [pool-177-thread-1] WARN  impl.MetricRegistriesImpl (MetricRegistriesImpl.java:lambda$create$1(61)) - First MetricRegistry has been created without registering reporters. You may need to call MetricRegistries.global().addReportRegistration(...) before.
2019-11-13 21:46:18,379 [pool-187-thread-1] INFO  util.JmxRegister (JmxRegister.java:tryRegister(44)) - Successfully registered JMX Bean with object name Ratis:service=RaftServer,group=group-3BC9E196F05A,id=6cc8209c-e457-4756-a8d8-a7119d564131
2019-11-13 21:46:18,379 [pool-177-thread-1] WARN  impl.MetricRegistriesImpl (MetricRegistriesImpl.java:lambda$create$1(61)) - First MetricRegistry has been created without registering reporters. You may need to call MetricRegistries.global().addReportRegistration(...) before.
2019-11-13 21:46:18,379 [pool-197-thread-1] WARN  impl.MetricRegistriesImpl (MetricRegistriesImpl.java:lambda$create$1(61)) - First MetricRegistry has been created without registering reporters. You may need to call MetricRegistries.global().addReportRegistration(...) before.
2019-11-13 21:46:18,380 [pool-177-thread-1] INFO  impl.RaftServerImpl (RaftServerImpl.java:start(184)) - dcad5acd-0e3b-4336-98e2-abbadaf23ad5@group-3BC9E196F05A: start as a follower, conf=-1: [dcad5acd-0e3b-4336-98e2-abbadaf23ad5:192.168.34.20:33066, 6cc8209c-e457-4756-a8d8-a7119d564131:192.168.34.20:40739, 967749f5-60f8-4775-800f-ac118f332ec3:192.168.34.20:39594], old=null
2019-11-13 21:46:18,380 [pool-187-thread-1] WARN  impl.MetricRegistriesImpl (MetricRegistriesImpl.java:lambda$create$1(61)) - First MetricRegistry has been created without registering reporters. You may need to call MetricRegistries.global().addReportRegistration(...) before.
2019-11-13 21:46:18,380 [pool-177-thread-1] INFO  impl.RaftServerImpl (RaftServerImpl.java:setRole(173)) - dcad5acd-0e3b-4336-98e2-abbadaf23ad5@group-3BC9E196F05A: changes role from      null to FOLLOWER at term 0 for startAsFollower
2019-11-13 21:46:18,380 [pool-197-thread-1] WARN  impl.MetricRegistriesImpl (MetricRegistriesImpl.java:lambda$create$1(61)) - First MetricRegistry has been created without registering reporters. You may need to call MetricRegistries.global().addReportRegistration(...) before.
2019-11-13 21:46:18,380 [pool-177-thread-1] INFO  impl.RoleInfo (RoleInfo.java:updateAndGet(143)) - dcad5acd-0e3b-4336-98e2-abbadaf23ad5: start FollowerState
2019-11-13 21:46:18,381 [pool-197-thread-1] INFO  impl.RaftServerImpl (RaftServerImpl.java:start(184)) - 967749f5-60f8-4775-800f-ac118f332ec3@group-3BC9E196F05A: start as a follower, conf=-1: [dcad5acd-0e3b-4336-98e2-abbadaf23ad5:192.168.34.20:33066, 6cc8209c-e457-4756-a8d8-a7119d564131:192.168.34.20:40739, 967749f5-60f8-4775-800f-ac118f332ec3:192.168.34.20:39594], old=null
2019-11-13 21:46:18,381 [pool-197-thread-1] INFO  impl.RaftServerImpl (RaftServerImpl.java:setRole(173)) - 967749f5-60f8-4775-800f-ac118f332ec3@group-3BC9E196F05A: changes role from      null to FOLLOWER at term 0 for startAsFollower
2019-11-13 21:46:18,381 [pool-197-thread-1] INFO  impl.RoleInfo (RoleInfo.java:updateAndGet(143)) - 967749f5-60f8-4775-800f-ac118f332ec3: start FollowerState
2019-11-13 21:46:18,381 [pool-177-thread-1] INFO  util.JmxRegister (JmxRegister.java:tryRegister(44)) - Successfully registered JMX Bean with object name Ratis:service=RaftServer,group=group-3BC9E196F05A,id=dcad5acd-0e3b-4336-98e2-abbadaf23ad5
2019-11-13 21:46:18,381 [pool-177-thread-1] WARN  impl.MetricRegistriesImpl (MetricRegistriesImpl.java:lambda$create$1(61)) - First MetricRegistry has been created without registering reporters. You may need to call MetricRegistries.global().addReportRegistration(...) before.
2019-11-13 21:46:18,381 [pool-197-thread-1] INFO  util.JmxRegister (JmxRegister.java:tryRegister(44)) - Successfully registered JMX Bean with object name Ratis:service=RaftServer,group=group-3BC9E196F05A,id=967749f5-60f8-4775-800f-ac118f332ec3
2019-11-13 21:46:18,382 [pool-197-thread-1] WARN  impl.MetricRegistriesImpl (MetricRegistriesImpl.java:lambda$create$1(61)) - First MetricRegistry has been created without registering reporters. You may need to call MetricRegistries.global().addReportRegistration(...) before.
2019-11-13 21:46:18,389 [RatisPipelineUtilsThread] INFO  pipeline.PipelineStateManager (PipelineStateManager.java:addPipeline(55)) - Created pipeline Pipeline[ Id: b14d32e0-5fab-4374-803a-3bc9e196f05a, Nodes: 967749f5-60f8-4775-800f-ac118f332ec3{ip: 192.168.34.20, host: pr-hdds-2470-fxbl9-3826649461, networkLocation: /default-rack, certSerialId: null}dcad5acd-0e3b-4336-98e2-abbadaf23ad5{ip: 192.168.34.20, host: pr-hdds-2470-fxbl9-3826649461, networkLocation: /default-rack, certSerialId: null}6cc8209c-e457-4756-a8d8-a7119d564131{ip: 192.168.34.20, host: pr-hdds-2470-fxbl9-3826649461, networkLocation: /default-rack, certSerialId: null}, Type:RATIS, Factor:THREE, State:ALLOCATED]
2019-11-13 21:46:19,231 [Thread-748] INFO  ozone.MiniOzoneClusterImpl (MiniOzoneClusterImpl.java:lambda$waitForClusterToBeReady$2(163)) - Waiting for 4 number of pipelines out of 4, to report a leader.
2019-11-13 21:46:20,231 [Thread-748] INFO  ozone.MiniOzoneClusterImpl (MiniOzoneClusterImpl.java:lambda$waitForClusterToBeReady$2(163)) - Waiting for 4 number of pipelines out of 4, to report a leader.
2019-11-13 21:46:20,420 [Thread-920] INFO  container.ReplicationManager (ReplicationManager.java:start(162)) - Starting Replication Monitor Thread.
2019-11-13 21:46:20,421 [Thread-920] INFO  pipeline.SCMPipelineManager (SCMPipelineManager.java:finalizeAndDestroyPipeline(315)) - destroying pipeline:Pipeline[ Id: 11642bce-8bae-4998-972f-67baee852ba9, Nodes: 967749f5-60f8-4775-800f-ac118f332ec3{ip: 192.168.34.20, host: pr-hdds-2470-fxbl9-3826649461, networkLocation: /default-rack, certSerialId: null}, Type:RATIS, Factor:ONE, State:ALLOCATED]
2019-11-13 21:46:20,422 [ReplicationMonitor] INFO  container.ReplicationManager (ReplicationManager.java:run(225)) - Replication Monitor Thread took 1 milliseconds for processing 0 containers.
2019-11-13 21:46:20,422 [Thread-920] INFO  pipeline.PipelineStateManager (PipelineStateManager.java:finalizePipeline(121)) - Pipeline Pipeline[ Id: 11642bce-8bae-4998-972f-67baee852ba9, Nodes: 967749f5-60f8-4775-800f-ac118f332ec3{ip: 192.168.34.20, host: pr-hdds-2470-fxbl9-3826649461, networkLocation: /default-rack, certSerialId: null}, Type:RATIS, Factor:ONE, State:CLOSED] moved to CLOSED state
2019-11-13 21:46:20,430 [grpc-default-executor-0] INFO  impl.RaftServerProxy (RaftServerProxy.java:remove(95)) - 967749f5-60f8-4775-800f-ac118f332ec3: remove  FOLLOWER 967749f5-60f8-4775-800f-ac118f332ec3@group-67BAEE852BA9:t0, leader=null, voted=null, raftlog=967749f5-60f8-4775-800f-ac118f332ec3@group-67BAEE852BA9-SegmentedRaftLog:OPENED:c-1,f-1,i0, conf=-1: [967749f5-60f8-4775-800f-ac118f332ec3:192.168.34.20:39594], old=null RUNNING
2019-11-13 21:46:20,431 [grpc-default-executor-0] INFO  impl.RaftServerImpl (RaftServerImpl.java:lambda$shutdown$3(250)) - 967749f5-60f8-4775-800f-ac118f332ec3@group-67BAEE852BA9: shutdown
2019-11-13 21:46:20,431 [grpc-default-executor-0] INFO  util.JmxRegister (JmxRegister.java:unregister(73)) - Successfully un-registered JMX Bean with object name Ratis:service=RaftServer,group=group-67BAEE852BA9,id=967749f5-60f8-4775-800f-ac118f332ec3
2019-11-13 21:46:20,431 [grpc-default-executor-0] INFO  impl.RoleInfo (RoleInfo.java:shutdownFollowerState(121)) - 967749f5-60f8-4775-800f-ac118f332ec3: shutdown FollowerState
2019-11-13 21:46:20,431 [grpc-default-executor-0] INFO  impl.StateMachineUpdater (StateMachineUpdater.java:stopAndJoin(136)) - 967749f5-60f8-4775-800f-ac118f332ec3@group-67BAEE852BA9-StateMachineUpdater: set stopIndex = -1
2019-11-13 21:46:20,431 [Thread-928] INFO  impl.FollowerState (FollowerState.java:run(120)) - 967749f5-60f8-4775-800f-ac118f332ec3@group-67BAEE852BA9-FollowerState was interrupted: java.lang.InterruptedException: sleep interrupted
2019-11-13 21:46:20,432 [grpc-default-executor-0] INFO  impl.RaftServerImpl (ServerState.java:close(387)) - 967749f5-60f8-4775-800f-ac118f332ec3@group-67BAEE852BA9: closes. applyIndex: -1
2019-11-13 21:46:20,433 [967749f5-60f8-4775-800f-ac118f332ec3@group-67BAEE852BA9-SegmentedRaftLogWorker] INFO  segmented.SegmentedRaftLogWorker (SegmentedRaftLogWorker.java:run(316)) - 967749f5-60f8-4775-800f-ac118f332ec3@group-67BAEE852BA9-SegmentedRaftLogWorker was interrupted, exiting. There are 0 tasks remaining in the queue.
2019-11-13 21:46:20,433 [grpc-default-executor-0] INFO  segmented.SegmentedRaftLogWorker (SegmentedRaftLogWorker.java:close(224)) - 967749f5-60f8-4775-800f-ac118f332ec3@group-67BAEE852BA9-SegmentedRaftLogWorker close()
2019-11-13 21:46:20,439 [Thread-920] INFO  pipeline.PipelineStateManager (PipelineStateManager.java:removePipeline(106)) - Pipeline Pipeline[ Id: 11642bce-8bae-4998-972f-67baee852ba9, Nodes: 967749f5-60f8-4775-800f-ac118f332ec3{ip: 192.168.34.20, host: pr-hdds-2470-fxbl9-3826649461, networkLocation: /default-rack, certSerialId: null}, Type:RATIS, Factor:ONE, State:CLOSED] removed from db
2019-11-13 21:46:20,440 [Thread-920] INFO  pipeline.SCMPipelineManager (SCMPipelineManager.java:finalizeAndDestroyPipeline(315)) - destroying pipeline:Pipeline[ Id: baad8ebc-d774-4905-88fd-878da669b5e1, Nodes: dcad5acd-0e3b-4336-98e2-abbadaf23ad5{ip: 192.168.34.20, host: pr-hdds-2470-fxbl9-3826649461, networkLocation: /default-rack, certSerialId: null}, Type:RATIS, Factor:ONE, State:ALLOCATED]
2019-11-13 21:46:20,446 [grpc-default-executor-0] INFO  impl.RaftServerProxy (RaftServerProxy.java:addNew(89)) - 967749f5-60f8-4775-800f-ac118f332ec3: addNew group-2670078F4BD4:[967749f5-60f8-4775-800f-ac118f332ec3:192.168.34.20:39594] returns group-2670078F4BD4:java.util.concurrent.CompletableFuture@5eb47c37[Not completed]
2019-11-13 21:46:20,447 [pool-197-thread-1] INFO  impl.RaftServerImpl (RaftServerImpl.java:<init>(98)) - 967749f5-60f8-4775-800f-ac118f332ec3: new RaftServerImpl for group-2670078F4BD4:[967749f5-60f8-4775-800f-ac118f332ec3:192.168.34.20:39594] with ContainerStateMachine:uninitialized
2019-11-13 21:46:20,448 [pool-197-thread-1] INFO  server.RaftServerConfigKeys (ConfUtils.java:logGet(43)) - raft.server.rpc.timeout.min = 5s (custom)
2019-11-13 21:46:20,448 [pool-197-thread-1] INFO  server.RaftServerConfigKeys (ConfUtils.java:logGet(43)) - raft.server.rpc.timeout.max = 5200ms (custom)
2019-11-13 21:46:20,448 [pool-197-thread-1] INFO  server.RaftServerConfigKeys (ConfUtils.java:logGet(43)) - raft.server.rpcslowness.timeout = 120s (custom)
2019-11-13 21:46:20,448 [pool-197-thread-1] INFO  server.RaftServerConfigKeys (ConfUtils.java:logGet(43)) - raft.server.sleep.deviation.threshold = 300 (default)
2019-11-13 21:46:20,448 [pool-197-thread-1] INFO  server.RaftServerConfigKeys (ConfUtils.java:logGet(43)) - raft.server.log.appender.install.snapshot.enabled = false (custom)
2019-11-13 21:46:20,448 [pool-197-thread-1] INFO  impl.RaftServerImpl (ServerState.java:<init>(103)) - 967749f5-60f8-4775-800f-ac118f332ec3@group-2670078F4BD4: ConfigurationManager, init=-1: [967749f5-60f8-4775-800f-ac118f332ec3:192.168.34.20:39594], old=null, confs=<EMPTY_MAP>
2019-11-13 21:46:20,448 [pool-197-thread-1] INFO  server.RaftServerConfigKeys (ConfUtils.java:logGet(43)) - raft.server.storage.dir = [/workdir/hadoop-ozone/ozonefs/target/test-dir/MiniOzoneClusterImpl-2bb5002b-f3eb-4fa7-bf0d-d672f8b55c5b/datanode-2/data/ratis] (custom)
2019-11-13 21:46:20,448 [pool-197-thread-1] INFO  server.RaftServerConfigKeys (ConfUtils.java:logGet(43)) - raft.server.log.corruption.policy = EXCEPTION (default)
2019-11-13 21:46:20,449 [pool-197-thread-1] INFO  storage.RaftStorageDirectory (RaftStorageDirectory.java:analyzeStorage(246)) - The storage directory /workdir/hadoop-ozone/ozonefs/target/test-dir/MiniOzoneClusterImpl-2bb5002b-f3eb-4fa7-bf0d-d672f8b55c5b/datanode-2/data/ratis/57591723-27fa-47b6-b2cb-2670078f4bd4 does not exist. Creating ...
2019-11-13 21:46:22,612 [Thread-922] INFO  impl.FollowerState (FollowerState.java:run(111)) - dcad5acd-0e3b-4336-98e2-abbadaf23ad5@group-878DA669B5E1-FollowerState: change to CANDIDATE, lastRpcTime:5141ms, electionTimeout:5141ms
2019-11-13 21:46:22,612 [Thread-922] INFO  impl.RoleInfo (RoleInfo.java:shutdownFollowerState(121)) - dcad5acd-0e3b-4336-98e2-abbadaf23ad5: shutdown FollowerState
2019-11-13 21:46:22,613 [Thread-922] INFO  impl.RaftServerImpl (RaftServerImpl.java:setRole(173)) - dcad5acd-0e3b-4336-98e2-abbadaf23ad5@group-878DA669B5E1: changes role from  FOLLOWER to CANDIDATE at term 0 for changeToCandidate
2019-11-13 21:46:22,613 [Thread-922] INFO  impl.RoleInfo (RoleInfo.java:updateAndGet(143)) - dcad5acd-0e3b-4336-98e2-abbadaf23ad5: start LeaderElection
2019-11-13 21:46:22,843 [Thread-925] INFO  impl.FollowerState (FollowerState.java:run(111)) - 6cc8209c-e457-4756-a8d8-a7119d564131@group-A6F81A1C094E-FollowerState: change to CANDIDATE, lastRpcTime:5143ms, electionTimeout:5143ms
2019-11-13 21:46:22,843 [Thread-925] INFO  impl.RoleInfo (RoleInfo.java:shutdownFollowerState(121)) - 6cc8209c-e457-4756-a8d8-a7119d564131: shutdown FollowerState
2019-11-13 21:46:22,843 [Thread-925] INFO  impl.RaftServerImpl (RaftServerImpl.java:setRole(173)) - 6cc8209c-e457-4756-a8d8-a7119d564131@group-A6F81A1C094E: changes role from  FOLLOWER to CANDIDATE at term 0 for changeToCandidate
2019-11-13 21:46:22,843 [Thread-925] INFO  impl.RoleInfo (RoleInfo.java:updateAndGet(143)) - 6cc8209c-e457-4756-a8d8-a7119d564131: start LeaderElection
2019-11-13 21:46:23,457 [RATISCREATEPIPELINE2] ERROR pipeline.RatisPipelineProvider (RatisPipelineProvider.java:lambda$null$5(230)) - Failed invoke Ratis rpc org.apache.hadoop.hdds.scm.pipeline.RatisPipelineProvider$$Lambda$185/261462466@318262ac for 967749f5-60f8-4775-800f-ac118f332ec3
org.apache.ratis.protocol.TimeoutIOException: deadline exceeded after 2999796369ns
	at org.apache.ratis.grpc.GrpcUtil.tryUnwrapException(GrpcUtil.java:82)
	at org.apache.ratis.grpc.GrpcUtil.unwrapException(GrpcUtil.java:75)
	at org.apache.ratis.grpc.client.GrpcClientProtocolClient.blockingCall(GrpcClientProtocolClient.java:184)
	at org.apache.ratis.grpc.client.GrpcClientProtocolClient.groupAdd(GrpcClientProtocolClient.java:153)
	at org.apache.ratis.grpc.client.GrpcClientRpc.sendRequest(GrpcClientRpc.java:94)
	at org.apache.ratis.client.impl.RaftClientImpl.sendRequest(RaftClientImpl.java:278)
	at org.apache.ratis.client.impl.RaftClientImpl.groupAdd(RaftClientImpl.java:205)
	at org.apache.hadoop.hdds.scm.pipeline.RatisPipelineProvider.lambda$initializePipeline$4(RatisPipelineProvider.java:191)
	at org.apache.hadoop.hdds.scm.pipeline.RatisPipelineProvider.lambda$null$5(RatisPipelineProvider.java:226)
	at java.util.stream.ForEachOps$ForEachOp$OfRef.accept(ForEachOps.java:183)
	at java.util.ArrayList$ArrayListSpliterator.forEachRemaining(ArrayList.java:1382)
	at java.util.stream.AbstractPipeline.copyInto(AbstractPipeline.java:482)
	at java.util.stream.ForEachOps$ForEachTask.compute(ForEachOps.java:290)
	at java.util.concurrent.CountedCompleter.exec(CountedCompleter.java:731)
	at java.util.concurrent.ForkJoinTask.doExec(ForkJoinTask.java:289)
	at java.util.concurrent.ForkJoinTask.doInvoke(ForkJoinTask.java:401)
	at java.util.concurrent.ForkJoinTask.invoke(ForkJoinTask.java:734)
	at java.util.stream.ForEachOps$ForEachOp.evaluateParallel(ForEachOps.java:159)
	at java.util.stream.ForEachOps$ForEachOp$OfRef.evaluateParallel(ForEachOps.java:173)
	at java.util.stream.AbstractPipeline.evaluate(AbstractPipeline.java:233)
	at java.util.stream.ReferencePipeline.forEach(ReferencePipeline.java:485)
	at java.util.stream.ReferencePipeline$Head.forEach(ReferencePipeline.java:650)
	at org.apache.hadoop.hdds.scm.pipeline.RatisPipelineProvider.lambda$callRatisRpc$6(RatisPipelineProvider.java:220)
	at java.util.concurrent.ForkJoinTask$AdaptedRunnableAction.exec(ForkJoinTask.java:1386)
	at java.util.concurrent.ForkJoinTask.doExec(ForkJoinTask.java:289)
	at java.util.concurrent.ForkJoinPool$WorkQueue.runTask(ForkJoinPool.java:1056)
	at java.util.concurrent.ForkJoinPool.runWorker(ForkJoinPool.java:1692)
	at java.util.concurrent.ForkJoinWorkerThread.run(ForkJoinWorkerThread.java:157)
Caused by: org.apache.ratis.thirdparty.io.grpc.StatusRuntimeException: DEADLINE_EXCEEDED: deadline exceeded after 2999796369ns
	at org.apache.ratis.thirdparty.io.grpc.stub.ClientCalls.toStatusRuntimeException(ClientCalls.java:233)
	at org.apache.ratis.thirdparty.io.grpc.stub.ClientCalls.getUnchecked(ClientCalls.java:214)
	at org.apache.ratis.thirdparty.io.grpc.stub.ClientCalls.blockingUnaryCall(ClientCalls.java:139)
	at org.apache.ratis.proto.grpc.AdminProtocolServiceGrpc$AdminProtocolServiceBlockingStub.groupManagement(AdminProtocolServiceGrpc.java:274)
	at org.apache.ratis.grpc.client.GrpcClientProtocolClient.lambda$groupAdd$3(GrpcClientProtocolClient.java:155)
	at org.apache.ratis.grpc.client.GrpcClientProtocolClient.blockingCall(GrpcClientProtocolClient.java:182)
	... 25 more
2019-11-13 21:46:23,463 [Thread-920] INFO  pipeline.PipelineStateManager (PipelineStateManager.java:finalizePipeline(121)) - Pipeline Pipeline[ Id: baad8ebc-d774-4905-88fd-878da669b5e1, Nodes: dcad5acd-0e3b-4336-98e2-abbadaf23ad5{ip: 192.168.34.20, host: pr-hdds-2470-fxbl9-3826649461, networkLocation: /default-rack, certSerialId: null}, Type:RATIS, Factor:ONE, State:CLOSED] moved to CLOSED state
2019-11-13 21:46:23,463 [Thread-748] INFO  ozone.MiniOzoneClusterImpl (MiniOzoneClusterImpl.java:lambda$waitForClusterToBeReady$2(163)) - Waiting for 2 number of pipelines out of 3, to report a leader.
2019-11-13 21:46:23,471 [Thread-931] INFO  impl.FollowerState (FollowerState.java:run(111)) - 6cc8209c-e457-4756-a8d8-a7119d564131@group-3BC9E196F05A-FollowerState: change to CANDIDATE, lastRpcTime:5093ms, electionTimeout:5092ms
2019-11-13 21:46:23,472 [Thread-931] INFO  impl.RoleInfo (RoleInfo.java:shutdownFollowerState(121)) - 6cc8209c-e457-4756-a8d8-a7119d564131: shutdown FollowerState
2019-11-13 21:46:23,472 [Thread-931] INFO  impl.RaftServerImpl (RaftServerImpl.java:setRole(173)) - 6cc8209c-e457-4756-a8d8-a7119d564131@group-3BC9E196F05A: changes role from  FOLLOWER to CANDIDATE at term 0 for changeToCandidate
2019-11-13 21:46:23,472 [Thread-931] INFO  impl.RoleInfo (RoleInfo.java:updateAndGet(143)) - 6cc8209c-e457-4756-a8d8-a7119d564131: start LeaderElection
2019-11-13 21:46:23,472 [grpc-default-executor-2] INFO  impl.RaftServerProxy (RaftServerProxy.java:remove(95)) - dcad5acd-0e3b-4336-98e2-abbadaf23ad5: remove CANDIDATE dcad5acd-0e3b-4336-98e2-abbadaf23ad5@group-878DA669B5E1:t1, leader=null, voted=dcad5acd-0e3b-4336-98e2-abbadaf23ad5, raftlog=dcad5acd-0e3b-4336-98e2-abbadaf23ad5@group-878DA669B5E1-SegmentedRaftLog:OPENED:c-1,f-1,i0, conf=-1: [dcad5acd-0e3b-4336-98e2-abbadaf23ad5:192.168.34.20:33066], old=null RUNNING
2019-11-13 21:46:23,475 [grpc-default-executor-2] INFO  impl.RaftServerImpl (RaftServerImpl.java:lambda$shutdown$3(250)) - dcad5acd-0e3b-4336-98e2-abbadaf23ad5@group-878DA669B5E1: shutdown
2019-11-13 21:46:23,476 [grpc-default-executor-2] INFO  util.JmxRegister (JmxRegister.java:unregister(73)) - Successfully un-registered JMX Bean with object name Ratis:service=RaftServer,group=group-878DA669B5E1,id=dcad5acd-0e3b-4336-98e2-abbadaf23ad5
2019-11-13 21:46:23,476 [grpc-default-executor-2] INFO  impl.RoleInfo (RoleInfo.java:shutdownLeaderElection(134)) - dcad5acd-0e3b-4336-98e2-abbadaf23ad5: shutdown LeaderElection
2019-11-13 21:46:23,476 [grpc-default-executor-2] INFO  impl.StateMachineUpdater (StateMachineUpdater.java:stopAndJoin(136)) - dcad5acd-0e3b-4336-98e2-abbadaf23ad5@group-878DA669B5E1-StateMachineUpdater: set stopIndex = -1
2019-11-13 21:46:23,477 [grpc-default-executor-2] INFO  impl.RaftServerImpl (ServerState.java:close(387)) - dcad5acd-0e3b-4336-98e2-abbadaf23ad5@group-878DA669B5E1: closes. applyIndex: -1
2019-11-13 21:46:23,478 [dcad5acd-0e3b-4336-98e2-abbadaf23ad5@group-878DA669B5E1-SegmentedRaftLogWorker] INFO  segmented.SegmentedRaftLogWorker (SegmentedRaftLogWorker.java:run(316)) - dcad5acd-0e3b-4336-98e2-abbadaf23ad5@group-878DA669B5E1-SegmentedRaftLogWorker was interrupted, exiting. There are 0 tasks remaining in the queue.
2019-11-13 21:46:23,478 [grpc-default-executor-2] INFO  segmented.SegmentedRaftLogWorker (SegmentedRaftLogWorker.java:close(224)) - dcad5acd-0e3b-4336-98e2-abbadaf23ad5@group-878DA669B5E1-SegmentedRaftLogWorker close()
2019-11-13 21:46:23,481 [Thread-936] INFO  impl.FollowerState (FollowerState.java:run(111)) - 967749f5-60f8-4775-800f-ac118f332ec3@group-3BC9E196F05A-FollowerState: change to CANDIDATE, lastRpcTime:5099ms, electionTimeout:5099ms
2019-11-13 21:46:23,481 [Thread-936] INFO  impl.RoleInfo (RoleInfo.java:shutdownFollowerState(121)) - 967749f5-60f8-4775-800f-ac118f332ec3: shutdown FollowerState
2019-11-13 21:46:23,481 [Thread-936] INFO  impl.RaftServerImpl (RaftServerImpl.java:setRole(173)) - 967749f5-60f8-4775-800f-ac118f332ec3@group-3BC9E196F05A: changes role from  FOLLOWER to CANDIDATE at term 0 for changeToCandidate
2019-11-13 21:46:23,481 [Thread-936] INFO  impl.RoleInfo (RoleInfo.java:updateAndGet(143)) - 967749f5-60f8-4775-800f-ac118f332ec3: start LeaderElection
2019-11-13 21:46:23,487 [Thread-920] INFO  pipeline.PipelineStateManager (PipelineStateManager.java:removePipeline(106)) - Pipeline Pipeline[ Id: baad8ebc-d774-4905-88fd-878da669b5e1, Nodes: dcad5acd-0e3b-4336-98e2-abbadaf23ad5{ip: 192.168.34.20, host: pr-hdds-2470-fxbl9-3826649461, networkLocation: /default-rack, certSerialId: null}, Type:RATIS, Factor:ONE, State:CLOSED] removed from db
2019-11-13 21:46:23,487 [Thread-920] INFO  pipeline.SCMPipelineManager (SCMPipelineManager.java:finalizeAndDestroyPipeline(315)) - destroying pipeline:Pipeline[ Id: b14d32e0-5fab-4374-803a-3bc9e196f05a, Nodes: 967749f5-60f8-4775-800f-ac118f332ec3{ip: 192.168.34.20, host: pr-hdds-2470-fxbl9-3826649461, networkLocation: /default-rack, certSerialId: null}dcad5acd-0e3b-4336-98e2-abbadaf23ad5{ip: 192.168.34.20, host: pr-hdds-2470-fxbl9-3826649461, networkLocation: /default-rack, certSerialId: null}6cc8209c-e457-4756-a8d8-a7119d564131{ip: 192.168.34.20, host: pr-hdds-2470-fxbl9-3826649461, networkLocation: /default-rack, certSerialId: null}, Type:RATIS, Factor:THREE, State:ALLOCATED]
2019-11-13 21:46:23,494 [grpc-default-executor-2] INFO  impl.RaftServerProxy (RaftServerProxy.java:addNew(89)) - 967749f5-60f8-4775-800f-ac118f332ec3: addNew group-FC87DB4793F9:[967749f5-60f8-4775-800f-ac118f332ec3:192.168.34.20:39594] returns group-FC87DB4793F9:java.util.concurrent.CompletableFuture@8e92ddc[Not completed]
2019-11-13 21:46:23,495 [Thread-934] INFO  impl.FollowerState (FollowerState.java:run(111)) - dcad5acd-0e3b-4336-98e2-abbadaf23ad5@group-3BC9E196F05A-FollowerState: change to CANDIDATE, lastRpcTime:5114ms, electionTimeout:5114ms
2019-11-13 21:46:23,496 [Thread-934] INFO  impl.RoleInfo (RoleInfo.java:shutdownFollowerState(121)) - dcad5acd-0e3b-4336-98e2-abbadaf23ad5: shutdown FollowerState
2019-11-13 21:46:23,496 [Thread-934] INFO  impl.RaftServerImpl (RaftServerImpl.java:setRole(173)) - dcad5acd-0e3b-4336-98e2-abbadaf23ad5@group-3BC9E196F05A: changes role from  FOLLOWER to CANDIDATE at term 0 for changeToCandidate
2019-11-13 21:46:23,496 [Thread-934] INFO  impl.RoleInfo (RoleInfo.java:updateAndGet(143)) - dcad5acd-0e3b-4336-98e2-abbadaf23ad5: start LeaderElection
2019-11-13 21:46:26,497 [RATISCREATEPIPELINE2] ERROR pipeline.RatisPipelineProvider (RatisPipelineProvider.java:lambda$null$5(230)) - Failed invoke Ratis rpc org.apache.hadoop.hdds.scm.pipeline.RatisPipelineProvider$$Lambda$185/261462466@5307386 for 967749f5-60f8-4775-800f-ac118f332ec3
org.apache.ratis.protocol.TimeoutIOException: deadline exceeded after 2999814749ns
	at org.apache.ratis.grpc.GrpcUtil.tryUnwrapException(GrpcUtil.java:82)
	at org.apache.ratis.grpc.GrpcUtil.unwrapException(GrpcUtil.java:75)
	at org.apache.ratis.grpc.client.GrpcClientProtocolClient.blockingCall(GrpcClientProtocolClient.java:184)
	at org.apache.ratis.grpc.client.GrpcClientProtocolClient.groupAdd(GrpcClientProtocolClient.java:153)
	at org.apache.ratis.grpc.client.GrpcClientRpc.sendRequest(GrpcClientRpc.java:94)
	at org.apache.ratis.client.impl.RaftClientImpl.sendRequest(RaftClientImpl.java:278)
	at org.apache.ratis.client.impl.RaftClientImpl.groupAdd(RaftClientImpl.java:205)
	at org.apache.hadoop.hdds.scm.pipeline.RatisPipelineProvider.lambda$initializePipeline$4(RatisPipelineProvider.java:191)
	at org.apache.hadoop.hdds.scm.pipeline.RatisPipelineProvider.lambda$null$5(RatisPipelineProvider.java:226)
	at java.util.stream.ForEachOps$ForEachOp$OfRef.accept(ForEachOps.java:183)
	at java.util.ArrayList$ArrayListSpliterator.forEachRemaining(ArrayList.java:1382)
	at java.util.stream.AbstractPipeline.copyInto(AbstractPipeline.java:482)
	at java.util.stream.ForEachOps$ForEachTask.compute(ForEachOps.java:290)
	at java.util.concurrent.CountedCompleter.exec(CountedCompleter.java:731)
	at java.util.concurrent.ForkJoinTask.doExec(ForkJoinTask.java:289)
	at java.util.concurrent.ForkJoinTask.doInvoke(ForkJoinTask.java:401)
	at java.util.concurrent.ForkJoinTask.invoke(ForkJoinTask.java:734)
	at java.util.stream.ForEachOps$ForEachOp.evaluateParallel(ForEachOps.java:159)
	at java.util.stream.ForEachOps$ForEachOp$OfRef.evaluateParallel(ForEachOps.java:173)
	at java.util.stream.AbstractPipeline.evaluate(AbstractPipeline.java:233)
	at java.util.stream.ReferencePipeline.forEach(ReferencePipeline.java:485)
	at java.util.stream.ReferencePipeline$Head.forEach(ReferencePipeline.java:650)
	at org.apache.hadoop.hdds.scm.pipeline.RatisPipelineProvider.lambda$callRatisRpc$6(RatisPipelineProvider.java:220)
	at java.util.concurrent.ForkJoinTask$AdaptedRunnableAction.exec(ForkJoinTask.java:1386)
	at java.util.concurrent.ForkJoinTask.doExec(ForkJoinTask.java:289)
	at java.util.concurrent.ForkJoinPool$WorkQueue.runTask(ForkJoinPool.java:1056)
	at java.util.concurrent.ForkJoinPool.runWorker(ForkJoinPool.java:1692)
	at java.util.concurrent.ForkJoinWorkerThread.run(ForkJoinWorkerThread.java:157)
Caused by: org.apache.ratis.thirdparty.io.grpc.StatusRuntimeException: DEADLINE_EXCEEDED: deadline exceeded after 2999814749ns
	at org.apache.ratis.thirdparty.io.grpc.stub.ClientCalls.toStatusRuntimeException(ClientCalls.java:233)
	at org.apache.ratis.thirdparty.io.grpc.stub.ClientCalls.getUnchecked(ClientCalls.java:214)
	at org.apache.ratis.thirdparty.io.grpc.stub.ClientCalls.blockingUnaryCall(ClientCalls.java:139)
	at org.apache.ratis.proto.grpc.AdminProtocolServiceGrpc$AdminProtocolServiceBlockingStub.groupManagement(AdminProtocolServiceGrpc.java:274)
	at org.apache.ratis.grpc.client.GrpcClientProtocolClient.lambda$groupAdd$3(GrpcClientProtocolClient.java:155)
	at org.apache.ratis.grpc.client.GrpcClientProtocolClient.blockingCall(GrpcClientProtocolClient.java:182)
	... 25 more
2019-11-13 21:46:26,503 [Thread-920] INFO  pipeline.PipelineStateManager (PipelineStateManager.java:finalizePipeline(121)) - Pipeline Pipeline[ Id: b14d32e0-5fab-4374-803a-3bc9e196f05a, Nodes: 967749f5-60f8-4775-800f-ac118f332ec3{ip: 192.168.34.20, host: pr-hdds-2470-fxbl9-3826649461, networkLocation: /default-rack, certSerialId: null}dcad5acd-0e3b-4336-98e2-abbadaf23ad5{ip: 192.168.34.20, host: pr-hdds-2470-fxbl9-3826649461, networkLocation: /default-rack, certSerialId: null}6cc8209c-e457-4756-a8d8-a7119d564131{ip: 192.168.34.20, host: pr-hdds-2470-fxbl9-3826649461, networkLocation: /default-rack, certSerialId: null}, Type:RATIS, Factor:THREE, State:CLOSED] moved to CLOSED state
2019-11-13 21:46:26,504 [Thread-748] INFO  ozone.MiniOzoneClusterImpl (MiniOzoneClusterImpl.java:lambda$waitForClusterToBeReady$2(163)) - Waiting for 1 number of pipelines out of 2, to report a leader.
2019-11-13 21:46:26,515 [grpc-default-executor-0] INFO  impl.RaftServerProxy (RaftServerProxy.java:remove(95)) - 967749f5-60f8-4775-800f-ac118f332ec3: remove CANDIDATE 967749f5-60f8-4775-800f-ac118f332ec3@group-3BC9E196F05A:t1, leader=null, voted=967749f5-60f8-4775-800f-ac118f332ec3, raftlog=967749f5-60f8-4775-800f-ac118f332ec3@group-3BC9E196F05A-SegmentedRaftLog:OPENED:c-1,f-1,i0, conf=-1: [dcad5acd-0e3b-4336-98e2-abbadaf23ad5:192.168.34.20:33066, 6cc8209c-e457-4756-a8d8-a7119d564131:192.168.34.20:40739, 967749f5-60f8-4775-800f-ac118f332ec3:192.168.34.20:39594], old=null RUNNING
2019-11-13 21:46:26,516 [grpc-default-executor-0] INFO  impl.RaftServerImpl (RaftServerImpl.java:lambda$shutdown$3(250)) - 967749f5-60f8-4775-800f-ac118f332ec3@group-3BC9E196F05A: shutdown
2019-11-13 21:46:26,517 [grpc-default-executor-0] INFO  util.JmxRegister (JmxRegister.java:unregister(73)) - Successfully un-registered JMX Bean with object name Ratis:service=RaftServer,group=group-3BC9E196F05A,id=967749f5-60f8-4775-800f-ac118f332ec3
2019-11-13 21:46:26,517 [grpc-default-executor-0] INFO  impl.RoleInfo (RoleInfo.java:shutdownLeaderElection(134)) - 967749f5-60f8-4775-800f-ac118f332ec3: shutdown LeaderElection
2019-11-13 21:46:26,517 [grpc-default-executor-0] INFO  impl.StateMachineUpdater (StateMachineUpdater.java:stopAndJoin(136)) - 967749f5-60f8-4775-800f-ac118f332ec3@group-3BC9E196F05A-StateMachineUpdater: set stopIndex = -1
2019-11-13 21:46:26,518 [grpc-default-executor-0] INFO  impl.RaftServerImpl (ServerState.java:close(387)) - 967749f5-60f8-4775-800f-ac118f332ec3@group-3BC9E196F05A: closes. applyIndex: -1
2019-11-13 21:46:26,519 [967749f5-60f8-4775-800f-ac118f332ec3@group-3BC9E196F05A-SegmentedRaftLogWorker] INFO  segmented.SegmentedRaftLogWorker (SegmentedRaftLogWorker.java:run(316)) - 967749f5-60f8-4775-800f-ac118f332ec3@group-3BC9E196F05A-SegmentedRaftLogWorker was interrupted, exiting. There are 0 tasks remaining in the queue.
2019-11-13 21:46:26,520 [grpc-default-executor-0] INFO  segmented.SegmentedRaftLogWorker (SegmentedRaftLogWorker.java:close(224)) - 967749f5-60f8-4775-800f-ac118f332ec3@group-3BC9E196F05A-SegmentedRaftLogWorker close()
2019-11-13 21:46:26,532 [grpc-default-executor-0] INFO  impl.RaftServerProxy (RaftServerProxy.java:remove(95)) - dcad5acd-0e3b-4336-98e2-abbadaf23ad5: remove CANDIDATE dcad5acd-0e3b-4336-98e2-abbadaf23ad5@group-3BC9E196F05A:t1, leader=null, voted=dcad5acd-0e3b-4336-98e2-abbadaf23ad5, raftlog=dcad5acd-0e3b-4336-98e2-abbadaf23ad5@group-3BC9E196F05A-SegmentedRaftLog:OPENED:c-1,f-1,i0, conf=-1: [dcad5acd-0e3b-4336-98e2-abbadaf23ad5:192.168.34.20:33066, 6cc8209c-e457-4756-a8d8-a7119d564131:192.168.34.20:40739, 967749f5-60f8-4775-800f-ac118f332ec3:192.168.34.20:39594], old=null RUNNING
2019-11-13 21:46:26,533 [grpc-default-executor-0] INFO  impl.RaftServerImpl (RaftServerImpl.java:lambda$shutdown$3(250)) - dcad5acd-0e3b-4336-98e2-abbadaf23ad5@group-3BC9E196F05A: shutdown
2019-11-13 21:46:26,533 [grpc-default-executor-0] INFO  util.JmxRegister (JmxRegister.java:unregister(73)) - Successfully un-registered JMX Bean with object name Ratis:service=RaftServer,group=group-3BC9E196F05A,id=dcad5acd-0e3b-4336-98e2-abbadaf23ad5
2019-11-13 21:46:26,533 [grpc-default-executor-0] INFO  impl.RoleInfo (RoleInfo.java:shutdownLeaderElection(134)) - dcad5acd-0e3b-4336-98e2-abbadaf23ad5: shutdown LeaderElection
2019-11-13 21:46:26,533 [grpc-default-executor-0] INFO  impl.StateMachineUpdater (StateMachineUpdater.java:stopAndJoin(136)) - dcad5acd-0e3b-4336-98e2-abbadaf23ad5@group-3BC9E196F05A-StateMachineUpdater: set stopIndex = -1
2019-11-13 21:46:26,542 [grpc-default-executor-0] INFO  impl.RaftServerImpl (ServerState.java:close(387)) - dcad5acd-0e3b-4336-98e2-abbadaf23ad5@group-3BC9E196F05A: closes. applyIndex: -1
2019-11-13 21:46:26,542 [dcad5acd-0e3b-4336-98e2-abbadaf23ad5@group-3BC9E196F05A-SegmentedRaftLogWorker] INFO  segmented.SegmentedRaftLogWorker (SegmentedRaftLogWorker.java:run(316)) - dcad5acd-0e3b-4336-98e2-abbadaf23ad5@group-3BC9E196F05A-SegmentedRaftLogWorker was interrupted, exiting. There are 0 tasks remaining in the queue.
2019-11-13 21:46:26,543 [grpc-default-executor-0] INFO  segmented.SegmentedRaftLogWorker (SegmentedRaftLogWorker.java:close(224)) - dcad5acd-0e3b-4336-98e2-abbadaf23ad5@group-3BC9E196F05A-SegmentedRaftLogWorker close()
2019-11-13 21:46:26,555 [grpc-default-executor-0] INFO  impl.RaftServerProxy (RaftServerProxy.java:remove(95)) - 6cc8209c-e457-4756-a8d8-a7119d564131: remove CANDIDATE 6cc8209c-e457-4756-a8d8-a7119d564131@group-3BC9E196F05A:t1, leader=null, voted=6cc8209c-e457-4756-a8d8-a7119d564131, raftlog=6cc8209c-e457-4756-a8d8-a7119d564131@group-3BC9E196F05A-SegmentedRaftLog:OPENED:c-1,f-1,i0, conf=-1: [dcad5acd-0e3b-4336-98e2-abbadaf23ad5:192.168.34.20:33066, 6cc8209c-e457-4756-a8d8-a7119d564131:192.168.34.20:40739, 967749f5-60f8-4775-800f-ac118f332ec3:192.168.34.20:39594], old=null RUNNING
2019-11-13 21:46:26,555 [grpc-default-executor-0] INFO  impl.RaftServerImpl (RaftServerImpl.java:lambda$shutdown$3(250)) - 6cc8209c-e457-4756-a8d8-a7119d564131@group-3BC9E196F05A: shutdown
2019-11-13 21:46:26,555 [grpc-default-executor-0] INFO  util.JmxRegister (JmxRegister.java:unregister(73)) - Successfully un-registered JMX Bean with object name Ratis:service=RaftServer,group=group-3BC9E196F05A,id=6cc8209c-e457-4756-a8d8-a7119d564131
2019-11-13 21:46:26,556 [grpc-default-executor-0] INFO  impl.RoleInfo (RoleInfo.java:shutdownLeaderElection(134)) - 6cc8209c-e457-4756-a8d8-a7119d564131: shutdown LeaderElection
2019-11-13 21:46:26,556 [grpc-default-executor-0] INFO  impl.StateMachineUpdater (StateMachineUpdater.java:stopAndJoin(136)) - 6cc8209c-e457-4756-a8d8-a7119d564131@group-3BC9E196F05A-StateMachineUpdater: set stopIndex = -1
2019-11-13 21:46:26,556 [grpc-default-executor-0] INFO  impl.RaftServerImpl (ServerState.java:close(387)) - 6cc8209c-e457-4756-a8d8-a7119d564131@group-3BC9E196F05A: closes. applyIndex: -1
2019-11-13 21:46:26,556 [6cc8209c-e457-4756-a8d8-a7119d564131@group-3BC9E196F05A-SegmentedRaftLogWorker] INFO  segmented.SegmentedRaftLogWorker (SegmentedRaftLogWorker.java:run(316)) - 6cc8209c-e457-4756-a8d8-a7119d564131@group-3BC9E196F05A-SegmentedRaftLogWorker was interrupted, exiting. There are 0 tasks remaining in the queue.
2019-11-13 21:46:26,557 [grpc-default-executor-0] INFO  segmented.SegmentedRaftLogWorker (SegmentedRaftLogWorker.java:close(224)) - 6cc8209c-e457-4756-a8d8-a7119d564131@group-3BC9E196F05A-SegmentedRaftLogWorker close()
2019-11-13 21:46:26,563 [Thread-920] INFO  pipeline.PipelineStateManager (PipelineStateManager.java:removePipeline(106)) - Pipeline Pipeline[ Id: b14d32e0-5fab-4374-803a-3bc9e196f05a, Nodes: 967749f5-60f8-4775-800f-ac118f332ec3{ip: 192.168.34.20, host: pr-hdds-2470-fxbl9-3826649461, networkLocation: /default-rack, certSerialId: null}dcad5acd-0e3b-4336-98e2-abbadaf23ad5{ip: 192.168.34.20, host: pr-hdds-2470-fxbl9-3826649461, networkLocation: /default-rack, certSerialId: null}6cc8209c-e457-4756-a8d8-a7119d564131{ip: 192.168.34.20, host: pr-hdds-2470-fxbl9-3826649461, networkLocation: /default-rack, certSerialId: null}, Type:RATIS, Factor:THREE, State:CLOSED] removed from db
2019-11-13 21:46:26,563 [Thread-920] INFO  pipeline.SCMPipelineManager (SCMPipelineManager.java:finalizeAndDestroyPipeline(315)) - destroying pipeline:Pipeline[ Id: 394c2684-2a39-4297-a142-a6f81a1c094e, Nodes: 6cc8209c-e457-4756-a8d8-a7119d564131{ip: 192.168.34.20, host: pr-hdds-2470-fxbl9-3826649461, networkLocation: /default-rack, certSerialId: null}, Type:RATIS, Factor:ONE, State:ALLOCATED]
2019-11-13 21:46:26,569 [grpc-default-executor-0] INFO  impl.RaftServerProxy (RaftServerProxy.java:addNew(89)) - 967749f5-60f8-4775-800f-ac118f332ec3: addNew group-622AF9E17E76:[967749f5-60f8-4775-800f-ac118f332ec3:192.168.34.20:39594] returns group-622AF9E17E76:java.util.concurrent.CompletableFuture@46b2c2d0[Not completed]
2019-11-13 21:46:27,393 [pool-197-thread-1] INFO  storage.RaftStorageDirectory (RaftStorageDirectory.java:tryLock(328)) - Lock on /workdir/hadoop-ozone/ozonefs/target/test-dir/MiniOzoneClusterImpl-2bb5002b-f3eb-4fa7-bf0d-d672f8b55c5b/datanode-2/data/ratis/57591723-27fa-47b6-b2cb-2670078f4bd4/in_use.lock acquired by nodename 28847@pr-hdds-2470-fxbl9-3826649461
2019-11-13 21:46:29,571 [RATISCREATEPIPELINE2] ERROR pipeline.RatisPipelineProvider (RatisPipelineProvider.java:lambda$null$5(230)) - Failed invoke Ratis rpc org.apache.hadoop.hdds.scm.pipeline.RatisPipelineProvider$$Lambda$185/261462466@195dcc57 for 967749f5-60f8-4775-800f-ac118f332ec3
org.apache.ratis.protocol.TimeoutIOException: deadline exceeded after 2999856315ns
	at org.apache.ratis.grpc.GrpcUtil.tryUnwrapException(GrpcUtil.java:82)
	at org.apache.ratis.grpc.GrpcUtil.unwrapException(GrpcUtil.java:75)
	at org.apache.ratis.grpc.client.GrpcClientProtocolClient.blockingCall(GrpcClientProtocolClient.java:184)
	at org.apache.ratis.grpc.client.GrpcClientProtocolClient.groupAdd(GrpcClientProtocolClient.java:153)
	at org.apache.ratis.grpc.client.GrpcClientRpc.sendRequest(GrpcClientRpc.java:94)
	at org.apache.ratis.client.impl.RaftClientImpl.sendRequest(RaftClientImpl.java:278)
	at org.apache.ratis.client.impl.RaftClientImpl.groupAdd(RaftClientImpl.java:205)
	at org.apache.hadoop.hdds.scm.pipeline.RatisPipelineProvider.lambda$initializePipeline$4(RatisPipelineProvider.java:191)
	at org.apache.hadoop.hdds.scm.pipeline.RatisPipelineProvider.lambda$null$5(RatisPipelineProvider.java:226)
	at java.util.stream.ForEachOps$ForEachOp$OfRef.accept(ForEachOps.java:183)
	at java.util.ArrayList$ArrayListSpliterator.forEachRemaining(ArrayList.java:1382)
	at java.util.stream.AbstractPipeline.copyInto(AbstractPipeline.java:482)
	at java.util.stream.ForEachOps$ForEachTask.compute(ForEachOps.java:290)
	at java.util.concurrent.CountedCompleter.exec(CountedCompleter.java:731)
	at java.util.concurrent.ForkJoinTask.doExec(ForkJoinTask.java:289)
	at java.util.concurrent.ForkJoinTask.doInvoke(ForkJoinTask.java:401)
	at java.util.concurrent.ForkJoinTask.invoke(ForkJoinTask.java:734)
	at java.util.stream.ForEachOps$ForEachOp.evaluateParallel(ForEachOps.java:159)
	at java.util.stream.ForEachOps$ForEachOp$OfRef.evaluateParallel(ForEachOps.java:173)
	at java.util.stream.AbstractPipeline.evaluate(AbstractPipeline.java:233)
	at java.util.stream.ReferencePipeline.forEach(ReferencePipeline.java:485)
	at java.util.stream.ReferencePipeline$Head.forEach(ReferencePipeline.java:650)
	at org.apache.hadoop.hdds.scm.pipeline.RatisPipelineProvider.lambda$callRatisRpc$6(RatisPipelineProvider.java:220)
	at java.util.concurrent.ForkJoinTask$AdaptedRunnableAction.exec(ForkJoinTask.java:1386)
	at java.util.concurrent.ForkJoinTask.doExec(ForkJoinTask.java:289)
	at java.util.concurrent.ForkJoinPool$WorkQueue.runTask(ForkJoinPool.java:1056)
	at java.util.concurrent.ForkJoinPool.runWorker(ForkJoinPool.java:1692)
	at java.util.concurrent.ForkJoinWorkerThread.run(ForkJoinWorkerThread.java:157)
Caused by: org.apache.ratis.thirdparty.io.grpc.StatusRuntimeException: DEADLINE_EXCEEDED: deadline exceeded after 2999856315ns
	at org.apache.ratis.thirdparty.io.grpc.stub.ClientCalls.toStatusRuntimeException(ClientCalls.java:233)
	at org.apache.ratis.thirdparty.io.grpc.stub.ClientCalls.getUnchecked(ClientCalls.java:214)
	at org.apache.ratis.thirdparty.io.grpc.stub.ClientCalls.blockingUnaryCall(ClientCalls.java:139)
	at org.apache.ratis.proto.grpc.AdminProtocolServiceGrpc$AdminProtocolServiceBlockingStub.groupManagement(AdminProtocolServiceGrpc.java:274)
	at org.apache.ratis.grpc.client.GrpcClientProtocolClient.lambda$groupAdd$3(GrpcClientProtocolClient.java:155)
	at org.apache.ratis.grpc.client.GrpcClientProtocolClient.blockingCall(GrpcClientProtocolClient.java:182)
	... 25 more
2019-11-13 21:46:29,585 [grpc-default-executor-1] INFO  impl.RaftServerProxy (RaftServerProxy.java:addNew(89)) - dcad5acd-0e3b-4336-98e2-abbadaf23ad5: addNew group-3BDE17ED132E:[dcad5acd-0e3b-4336-98e2-abbadaf23ad5:192.168.34.20:33066, 6cc8209c-e457-4756-a8d8-a7119d564131:192.168.34.20:40739, 967749f5-60f8-4775-800f-ac118f332ec3:192.168.34.20:39594] returns group-3BDE17ED132E:java.util.concurrent.CompletableFuture@6197d1bd[Not completed]
2019-11-13 21:46:29,585 [grpc-default-executor-0] INFO  impl.RaftServerProxy (RaftServerProxy.java:addNew(89)) - 967749f5-60f8-4775-800f-ac118f332ec3: addNew group-3BDE17ED132E:[dcad5acd-0e3b-4336-98e2-abbadaf23ad5:192.168.34.20:33066, 6cc8209c-e457-4756-a8d8-a7119d564131:192.168.34.20:40739, 967749f5-60f8-4775-800f-ac118f332ec3:192.168.34.20:39594] returns group-3BDE17ED132E:java.util.concurrent.CompletableFuture@21c8b06d[Not completed]
2019-11-13 21:46:29,586 [grpc-default-executor-2] INFO  impl.RaftServerProxy (RaftServerProxy.java:addNew(89)) - 6cc8209c-e457-4756-a8d8-a7119d564131: addNew group-3BDE17ED132E:[dcad5acd-0e3b-4336-98e2-abbadaf23ad5:192.168.34.20:33066, 6cc8209c-e457-4756-a8d8-a7119d564131:192.168.34.20:40739, 967749f5-60f8-4775-800f-ac118f332ec3:192.168.34.20:39594] returns group-3BDE17ED132E:java.util.concurrent.CompletableFuture@59350e76[Not completed]
2019-11-13 21:46:29,589 [pool-177-thread-1] INFO  impl.RaftServerImpl (RaftServerImpl.java:<init>(98)) - dcad5acd-0e3b-4336-98e2-abbadaf23ad5: new RaftServerImpl for group-3BDE17ED132E:[dcad5acd-0e3b-4336-98e2-abbadaf23ad5:192.168.34.20:33066, 6cc8209c-e457-4756-a8d8-a7119d564131:192.168.34.20:40739, 967749f5-60f8-4775-800f-ac118f332ec3:192.168.34.20:39594] with ContainerStateMachine:uninitialized
2019-11-13 21:46:29,589 [pool-177-thread-1] INFO  server.RaftServerConfigKeys (ConfUtils.java:logGet(43)) - raft.server.rpc.timeout.min = 5s (custom)
2019-11-13 21:46:29,589 [pool-177-thread-1] INFO  server.RaftServerConfigKeys (ConfUtils.java:logGet(43)) - raft.server.rpc.timeout.max = 5200ms (custom)
2019-11-13 21:46:29,589 [pool-177-thread-1] INFO  server.RaftServerConfigKeys (ConfUtils.java:logGet(43)) - raft.server.rpcslowness.timeout = 120s (custom)
2019-11-13 21:46:29,590 [pool-177-thread-1] INFO  server.RaftServerConfigKeys (ConfUtils.java:logGet(43)) - raft.server.sleep.deviation.threshold = 300 (default)
2019-11-13 21:46:29,590 [pool-177-thread-1] INFO  server.RaftServerConfigKeys (ConfUtils.java:logGet(43)) - raft.server.log.appender.install.snapshot.enabled = false (custom)
2019-11-13 21:46:29,590 [pool-177-thread-1] INFO  impl.RaftServerImpl (ServerState.java:<init>(103)) - dcad5acd-0e3b-4336-98e2-abbadaf23ad5@group-3BDE17ED132E: ConfigurationManager, init=-1: [dcad5acd-0e3b-4336-98e2-abbadaf23ad5:192.168.34.20:33066, 6cc8209c-e457-4756-a8d8-a7119d564131:192.168.34.20:40739, 967749f5-60f8-4775-800f-ac118f332ec3:192.168.34.20:39594], old=null, confs=<EMPTY_MAP>
2019-11-13 21:46:29,590 [pool-187-thread-1] INFO  impl.RaftServerImpl (RaftServerImpl.java:<init>(98)) - 6cc8209c-e457-4756-a8d8-a7119d564131: new RaftServerImpl for group-3BDE17ED132E:[dcad5acd-0e3b-4336-98e2-abbadaf23ad5:192.168.34.20:33066, 6cc8209c-e457-4756-a8d8-a7119d564131:192.168.34.20:40739, 967749f5-60f8-4775-800f-ac118f332ec3:192.168.34.20:39594] with ContainerStateMachine:uninitialized
2019-11-13 21:46:29,590 [pool-177-thread-1] INFO  server.RaftServerConfigKeys (ConfUtils.java:logGet(43)) - raft.server.storage.dir = [/workdir/hadoop-ozone/ozonefs/target/test-dir/MiniOzoneClusterImpl-2bb5002b-f3eb-4fa7-bf0d-d672f8b55c5b/datanode-0/data/ratis] (custom)
2019-11-13 21:46:29,590 [pool-187-thread-1] INFO  server.RaftServerConfigKeys (ConfUtils.java:logGet(43)) - raft.server.rpc.timeout.min = 5s (custom)
2019-11-13 21:46:29,591 [pool-187-thread-1] INFO  server.RaftServerConfigKeys (ConfUtils.java:logGet(43)) - raft.server.rpc.timeout.max = 5200ms (custom)
2019-11-13 21:46:29,591 [pool-187-thread-1] INFO  server.RaftServerConfigKeys (ConfUtils.java:logGet(43)) - raft.server.rpcslowness.timeout = 120s (custom)
2019-11-13 21:46:29,591 [pool-187-thread-1] INFO  server.RaftServerConfigKeys (ConfUtils.java:logGet(43)) - raft.server.sleep.deviation.threshold = 300 (default)
2019-11-13 21:46:29,591 [pool-187-thread-1] INFO  server.RaftServerConfigKeys (ConfUtils.java:logGet(43)) - raft.server.log.appender.install.snapshot.enabled = false (custom)
2019-11-13 21:46:29,592 [pool-187-thread-1] INFO  impl.RaftServerImpl (ServerState.java:<init>(103)) - 6cc8209c-e457-4756-a8d8-a7119d564131@group-3BDE17ED132E: ConfigurationManager, init=-1: [dcad5acd-0e3b-4336-98e2-abbadaf23ad5:192.168.34.20:33066, 6cc8209c-e457-4756-a8d8-a7119d564131:192.168.34.20:40739, 967749f5-60f8-4775-800f-ac118f332ec3:192.168.34.20:39594], old=null, confs=<EMPTY_MAP>
2019-11-13 21:46:29,592 [pool-187-thread-1] INFO  server.RaftServerConfigKeys (ConfUtils.java:logGet(43)) - raft.server.storage.dir = [/workdir/hadoop-ozone/ozonefs/target/test-dir/MiniOzoneClusterImpl-2bb5002b-f3eb-4fa7-bf0d-d672f8b55c5b/datanode-1/data/ratis] (custom)
2019-11-13 21:46:32,587 [RATISCREATEPIPELINE3] ERROR pipeline.RatisPipelineProvider (RatisPipelineProvider.java:lambda$null$5(230)) - Failed invoke Ratis rpc org.apache.hadoop.hdds.scm.pipeline.RatisPipelineProvider$$Lambda$185/261462466@5ddb9fe4 for 967749f5-60f8-4775-800f-ac118f332ec3
org.apache.ratis.protocol.TimeoutIOException: deadline exceeded after 2998381044ns
	at org.apache.ratis.grpc.GrpcUtil.tryUnwrapException(GrpcUtil.java:82)
	at org.apache.ratis.grpc.GrpcUtil.unwrapException(GrpcUtil.java:75)
	at org.apache.ratis.grpc.client.GrpcClientProtocolClient.blockingCall(GrpcClientProtocolClient.java:184)
	at org.apache.ratis.grpc.client.GrpcClientProtocolClient.groupAdd(GrpcClientProtocolClient.java:153)
	at org.apache.ratis.grpc.client.GrpcClientRpc.sendRequest(GrpcClientRpc.java:94)
	at org.apache.ratis.client.impl.RaftClientImpl.sendRequest(RaftClientImpl.java:278)
	at org.apache.ratis.client.impl.RaftClientImpl.groupAdd(RaftClientImpl.java:205)
	at org.apache.hadoop.hdds.scm.pipeline.RatisPipelineProvider.lambda$initializePipeline$4(RatisPipelineProvider.java:191)
	at org.apache.hadoop.hdds.scm.pipeline.RatisPipelineProvider.lambda$null$5(RatisPipelineProvider.java:226)
	at java.util.stream.ForEachOps$ForEachOp$OfRef.accept(ForEachOps.java:183)
	at java.util.ArrayList$ArrayListSpliterator.forEachRemaining(ArrayList.java:1382)
	at java.util.stream.AbstractPipeline.copyInto(AbstractPipeline.java:482)
	at java.util.stream.ForEachOps$ForEachTask.compute(ForEachOps.java:290)
	at java.util.concurrent.CountedCompleter.exec(CountedCompleter.java:731)
	at java.util.concurrent.ForkJoinTask.doExec(ForkJoinTask.java:289)
	at java.util.concurrent.ForkJoinPool$WorkQueue.runTask(ForkJoinPool.java:1056)
	at java.util.concurrent.ForkJoinPool.runWorker(ForkJoinPool.java:1692)
	at java.util.concurrent.ForkJoinWorkerThread.run(ForkJoinWorkerThread.java:157)
Caused by: org.apache.ratis.thirdparty.io.grpc.StatusRuntimeException: DEADLINE_EXCEEDED: deadline exceeded after 2998381044ns
	at org.apache.ratis.thirdparty.io.grpc.stub.ClientCalls.toStatusRuntimeException(ClientCalls.java:233)
	at org.apache.ratis.thirdparty.io.grpc.stub.ClientCalls.getUnchecked(ClientCalls.java:214)
	at org.apache.ratis.thirdparty.io.grpc.stub.ClientCalls.blockingUnaryCall(ClientCalls.java:139)
	at org.apache.ratis.proto.grpc.AdminProtocolServiceGrpc$AdminProtocolServiceBlockingStub.groupManagement(AdminProtocolServiceGrpc.java:274)
	at org.apache.ratis.grpc.client.GrpcClientProtocolClient.lambda$groupAdd$3(GrpcClientProtocolClient.java:155)
	at org.apache.ratis.grpc.client.GrpcClientProtocolClient.blockingCall(GrpcClientProtocolClient.java:182)
	... 15 more
2019-11-13 21:46:32,587 [RATISCREATEPIPELINE0] ERROR pipeline.RatisPipelineProvider (RatisPipelineProvider.java:lambda$null$5(230)) - Failed invoke Ratis rpc org.apache.hadoop.hdds.scm.pipeline.RatisPipelineProvider$$Lambda$185/261462466@5ddb9fe4 for 6cc8209c-e457-4756-a8d8-a7119d564131
org.apache.ratis.protocol.TimeoutIOException: deadline exceeded after 2998383199ns
	at org.apache.ratis.grpc.GrpcUtil.tryUnwrapException(GrpcUtil.java:82)
	at org.apache.ratis.grpc.GrpcUtil.unwrapException(GrpcUtil.java:75)
	at org.apache.ratis.grpc.client.GrpcClientProtocolClient.blockingCall(GrpcClientProtocolClient.java:184)
	at org.apache.ratis.grpc.client.GrpcClientProtocolClient.groupAdd(GrpcClientProtocolClient.java:153)
	at org.apache.ratis.grpc.client.GrpcClientRpc.sendRequest(GrpcClientRpc.java:94)
	at org.apache.ratis.client.impl.RaftClientImpl.sendRequest(RaftClientImpl.java:278)
	at org.apache.ratis.client.impl.RaftClientImpl.groupAdd(RaftClientImpl.java:205)
	at org.apache.hadoop.hdds.scm.pipeline.RatisPipelineProvider.lambda$initializePipeline$4(RatisPipelineProvider.java:191)
	at org.apache.hadoop.hdds.scm.pipeline.RatisPipelineProvider.lambda$null$5(RatisPipelineProvider.java:226)
	at java.util.stream.ForEachOps$ForEachOp$OfRef.accept(ForEachOps.java:183)
	at java.util.ArrayList$ArrayListSpliterator.forEachRemaining(ArrayList.java:1382)
	at java.util.stream.AbstractPipeline.copyInto(AbstractPipeline.java:482)
	at java.util.stream.ForEachOps$ForEachTask.compute(ForEachOps.java:290)
	at java.util.concurrent.CountedCompleter.exec(CountedCompleter.java:731)
	at java.util.concurrent.ForkJoinTask.doExec(ForkJoinTask.java:289)
	at java.util.concurrent.ForkJoinPool$WorkQueue.runTask(ForkJoinPool.java:1056)
	at java.util.concurrent.ForkJoinPool.runWorker(ForkJoinPool.java:1692)
	at java.util.concurrent.ForkJoinWorkerThread.run(ForkJoinWorkerThread.java:157)
Caused by: org.apache.ratis.thirdparty.io.grpc.StatusRuntimeException: DEADLINE_EXCEEDED: deadline exceeded after 2998383199ns
	at org.apache.ratis.thirdparty.io.grpc.stub.ClientCalls.toStatusRuntimeException(ClientCalls.java:233)
	at org.apache.ratis.thirdparty.io.grpc.stub.ClientCalls.getUnchecked(ClientCalls.java:214)
	at org.apache.ratis.thirdparty.io.grpc.stub.ClientCalls.blockingUnaryCall(ClientCalls.java:139)
	at org.apache.ratis.proto.grpc.AdminProtocolServiceGrpc$AdminProtocolServiceBlockingStub.groupManagement(AdminProtocolServiceGrpc.java:274)
	at org.apache.ratis.grpc.client.GrpcClientProtocolClient.lambda$groupAdd$3(GrpcClientProtocolClient.java:155)
	at org.apache.ratis.grpc.client.GrpcClientProtocolClient.blockingCall(GrpcClientProtocolClient.java:182)
	... 15 more
2019-11-13 21:46:32,587 [RATISCREATEPIPELINE2] ERROR pipeline.RatisPipelineProvider (RatisPipelineProvider.java:lambda$null$5(230)) - Failed invoke Ratis rpc org.apache.hadoop.hdds.scm.pipeline.RatisPipelineProvider$$Lambda$185/261462466@5ddb9fe4 for dcad5acd-0e3b-4336-98e2-abbadaf23ad5
org.apache.ratis.protocol.TimeoutIOException: deadline exceeded after 2999756423ns
	at org.apache.ratis.grpc.GrpcUtil.tryUnwrapException(GrpcUtil.java:82)
	at org.apache.ratis.grpc.GrpcUtil.unwrapException(GrpcUtil.java:75)
	at org.apache.ratis.grpc.client.GrpcClientProtocolClient.blockingCall(GrpcClientProtocolClient.java:184)
	at org.apache.ratis.grpc.client.GrpcClientProtocolClient.groupAdd(GrpcClientProtocolClient.java:153)
	at org.apache.ratis.grpc.client.GrpcClientRpc.sendRequest(GrpcClientRpc.java:94)
	at org.apache.ratis.client.impl.RaftClientImpl.sendRequest(RaftClientImpl.java:278)
	at org.apache.ratis.client.impl.RaftClientImpl.groupAdd(RaftClientImpl.java:205)
	at org.apache.hadoop.hdds.scm.pipeline.RatisPipelineProvider.lambda$initializePipeline$4(RatisPipelineProvider.java:191)
	at org.apache.hadoop.hdds.scm.pipeline.RatisPipelineProvider.lambda$null$5(RatisPipelineProvider.java:226)
	at java.util.stream.ForEachOps$ForEachOp$OfRef.accept(ForEachOps.java:183)
	at java.util.ArrayList$ArrayListSpliterator.forEachRemaining(ArrayList.java:1382)
	at java.util.stream.AbstractPipeline.copyInto(AbstractPipeline.java:482)
	at java.util.stream.ForEachOps$ForEachTask.compute(ForEachOps.java:290)
	at java.util.concurrent.CountedCompleter.exec(CountedCompleter.java:731)
	at java.util.concurrent.ForkJoinTask.doExec(ForkJoinTask.java:289)
	at java.util.concurrent.ForkJoinTask.doInvoke(ForkJoinTask.java:401)
	at java.util.concurrent.ForkJoinTask.invoke(ForkJoinTask.java:734)
	at java.util.stream.ForEachOps$ForEachOp.evaluateParallel(ForEachOps.java:159)
	at java.util.stream.ForEachOps$ForEachOp$OfRef.evaluateParallel(ForEachOps.java:173)
	at java.util.stream.AbstractPipeline.evaluate(AbstractPipeline.java:233)
	at java.util.stream.ReferencePipeline.forEach(ReferencePipeline.java:485)
	at java.util.stream.ReferencePipeline$Head.forEach(ReferencePipeline.java:650)
	at org.apache.hadoop.hdds.scm.pipeline.RatisPipelineProvider.lambda$callRatisRpc$6(RatisPipelineProvider.java:220)
	at java.util.concurrent.ForkJoinTask$AdaptedRunnableAction.exec(ForkJoinTask.java:1386)
	at java.util.concurrent.ForkJoinTask.doExec(ForkJoinTask.java:289)
	at java.util.concurrent.ForkJoinPool$WorkQueue.runTask(ForkJoinPool.java:1056)
	at java.util.concurrent.ForkJoinPool.runWorker(ForkJoinPool.java:1692)
	at java.util.concurrent.ForkJoinWorkerThread.run(ForkJoinWorkerThread.java:157)
Caused by: org.apache.ratis.thirdparty.io.grpc.StatusRuntimeException: DEADLINE_EXCEEDED: deadline exceeded after 2999756423ns
	at org.apache.ratis.thirdparty.io.grpc.stub.ClientCalls.toStatusRuntimeException(ClientCalls.java:233)
	at org.apache.ratis.thirdparty.io.grpc.stub.ClientCalls.getUnchecked(ClientCalls.java:214)
	at org.apache.ratis.thirdparty.io.grpc.stub.ClientCalls.blockingUnaryCall(ClientCalls.java:139)
	at org.apache.ratis.proto.grpc.AdminProtocolServiceGrpc$AdminProtocolServiceBlockingStub.groupManagement(AdminProtocolServiceGrpc.java:274)
	at org.apache.ratis.grpc.client.GrpcClientProtocolClient.lambda$groupAdd$3(GrpcClientProtocolClient.java:155)
	at org.apache.ratis.grpc.client.GrpcClientProtocolClient.blockingCall(GrpcClientProtocolClient.java:182)
	... 25 more
2019-11-13 21:46:32,591 [Thread-920] INFO  pipeline.PipelineStateManager (PipelineStateManager.java:finalizePipeline(121)) - Pipeline Pipeline[ Id: 394c2684-2a39-4297-a142-a6f81a1c094e, Nodes: 6cc8209c-e457-4756-a8d8-a7119d564131{ip: 192.168.34.20, host: pr-hdds-2470-fxbl9-3826649461, networkLocation: /default-rack, certSerialId: null}, Type:RATIS, Factor:ONE, State:CLOSED] moved to CLOSED state
2019-11-13 21:46:32,591 [Thread-748] INFO  ozone.MiniOzoneClusterImpl (MiniOzoneClusterImpl.java:lambda$waitForClusterToBeReady$2(171)) - Cluster is ready. Got 3 of 3 DN Heartbeats.
2019-11-13 21:46:32,603 [grpc-default-executor-0] INFO  impl.RaftServerProxy (RaftServerProxy.java:remove(95)) - 6cc8209c-e457-4756-a8d8-a7119d564131: remove CANDIDATE 6cc8209c-e457-4756-a8d8-a7119d564131@group-A6F81A1C094E:t1, leader=null, voted=6cc8209c-e457-4756-a8d8-a7119d564131, raftlog=6cc8209c-e457-4756-a8d8-a7119d564131@group-A6F81A1C094E-SegmentedRaftLog:OPENED:c-1,f-1,i0, conf=-1: [6cc8209c-e457-4756-a8d8-a7119d564131:192.168.34.20:40739], old=null RUNNING
2019-11-13 21:46:32,604 [grpc-default-executor-0] INFO  impl.RaftServerImpl (RaftServerImpl.java:lambda$shutdown$3(250)) - 6cc8209c-e457-4756-a8d8-a7119d564131@group-A6F81A1C094E: shutdown
2019-11-13 21:46:32,604 [grpc-default-executor-0] INFO  util.JmxRegister (JmxRegister.java:unregister(73)) - Successfully un-registered JMX Bean with object name Ratis:service=RaftServer,group=group-A6F81A1C094E,id=6cc8209c-e457-4756-a8d8-a7119d564131
2019-11-13 21:46:32,605 [grpc-default-executor-0] INFO  impl.RoleInfo (RoleInfo.java:shutdownLeaderElection(134)) - 6cc8209c-e457-4756-a8d8-a7119d564131: shutdown LeaderElection
2019-11-13 21:46:32,605 [grpc-default-executor-0] INFO  impl.StateMachineUpdater (StateMachineUpdater.java:stopAndJoin(136)) - 6cc8209c-e457-4756-a8d8-a7119d564131@group-A6F81A1C094E-StateMachineUpdater: set stopIndex = -1
2019-11-13 21:46:32,605 [grpc-default-executor-0] INFO  impl.RaftServerImpl (ServerState.java:close(387)) - 6cc8209c-e457-4756-a8d8-a7119d564131@group-A6F81A1C094E: closes. applyIndex: -1
2019-11-13 21:46:32,605 [6cc8209c-e457-4756-a8d8-a7119d564131@group-A6F81A1C094E-SegmentedRaftLogWorker] INFO  segmented.SegmentedRaftLogWorker (SegmentedRaftLogWorker.java:run(316)) - 6cc8209c-e457-4756-a8d8-a7119d564131@group-A6F81A1C094E-SegmentedRaftLogWorker was interrupted, exiting. There are 0 tasks remaining in the queue.
2019-11-13 21:46:32,606 [grpc-default-executor-0] INFO  segmented.SegmentedRaftLogWorker (SegmentedRaftLogWorker.java:close(224)) - 6cc8209c-e457-4756-a8d8-a7119d564131@group-A6F81A1C094E-SegmentedRaftLogWorker close()
2019-11-13 21:46:32,635 [Thread-748] INFO  rpc.RpcClient (RpcClient.java:createVolume(292)) - Creating Volume: volume76694, with user24368 as owner.
2019-11-13 21:46:32,638 [IPC Server handler 0 on 35530] INFO  volume.OMVolumeCreateRequest (OMVolumeCreateRequest.java:validateAndUpdateCache(193)) - created volume:volume76694 for user:user24368
2019-11-13 21:46:32,743 [pool-177-thread-1] INFO  server.RaftServerConfigKeys (ConfUtils.java:logGet(43)) - raft.server.log.corruption.policy = EXCEPTION (default)
2019-11-13 21:46:32,743 [pool-187-thread-1] INFO  server.RaftServerConfigKeys (ConfUtils.java:logGet(43)) - raft.server.log.corruption.policy = EXCEPTION (default)
2019-11-13 21:46:32,744 [pool-177-thread-1] INFO  storage.RaftStorageDirectory (RaftStorageDirectory.java:analyzeStorage(246)) - The storage directory /workdir/hadoop-ozone/ozonefs/target/test-dir/MiniOzoneClusterImpl-2bb5002b-f3eb-4fa7-bf0d-d672f8b55c5b/datanode-0/data/ratis/b244af97-18a0-4d60-855c-3bde17ed132e does not exist. Creating ...
2019-11-13 21:46:32,744 [pool-187-thread-1] INFO  storage.RaftStorageDirectory (RaftStorageDirectory.java:analyzeStorage(246)) - The storage directory /workdir/hadoop-ozone/ozonefs/target/test-dir/MiniOzoneClusterImpl-2bb5002b-f3eb-4fa7-bf0d-d672f8b55c5b/datanode-1/data/ratis/b244af97-18a0-4d60-855c-3bde17ed132e does not exist. Creating ...
2019-11-13 21:46:32,748 [Thread-920] INFO  pipeline.PipelineStateManager (PipelineStateManager.java:removePipeline(106)) - Pipeline Pipeline[ Id: 394c2684-2a39-4297-a142-a6f81a1c094e, Nodes: 6cc8209c-e457-4756-a8d8-a7119d564131{ip: 192.168.34.20, host: pr-hdds-2470-fxbl9-3826649461, networkLocation: /default-rack, certSerialId: null}, Type:RATIS, Factor:ONE, State:CLOSED] removed from db
2019-11-13 21:46:32,758 [grpc-default-executor-0] INFO  impl.RaftServerProxy (RaftServerProxy.java:addNew(89)) - 967749f5-60f8-4775-800f-ac118f332ec3: addNew group-7C70ED9FCAA5:[967749f5-60f8-4775-800f-ac118f332ec3:192.168.34.20:39594] returns group-7C70ED9FCAA5:java.util.concurrent.CompletableFuture@54c75e07[Not completed]
2019-11-13 21:46:35,762 [RATISCREATEPIPELINE2] ERROR pipeline.RatisPipelineProvider (RatisPipelineProvider.java:lambda$null$5(230)) - Failed invoke Ratis rpc org.apache.hadoop.hdds.scm.pipeline.RatisPipelineProvider$$Lambda$185/261462466@3cbb8fac for 967749f5-60f8-4775-800f-ac118f332ec3
org.apache.ratis.protocol.TimeoutIOException
	at org.apache.ratis.grpc.GrpcUtil.tryUnwrapException(GrpcUtil.java:82)
	at org.apache.ratis.grpc.GrpcUtil.unwrapException(GrpcUtil.java:75)
	at org.apache.ratis.grpc.client.GrpcClientProtocolClient.blockingCall(GrpcClientProtocolClient.java:184)
	at org.apache.ratis.grpc.client.GrpcClientProtocolClient.groupAdd(GrpcClientProtocolClient.java:153)
	at org.apache.ratis.grpc.client.GrpcClientRpc.sendRequest(GrpcClientRpc.java:94)
	at org.apache.ratis.client.impl.RaftClientImpl.sendRequest(RaftClientImpl.java:278)
	at org.apache.ratis.client.impl.RaftClientImpl.groupAdd(RaftClientImpl.java:205)
	at org.apache.hadoop.hdds.scm.pipeline.RatisPipelineProvider.lambda$initializePipeline$4(RatisPipelineProvider.java:191)
	at org.apache.hadoop.hdds.scm.pipeline.RatisPipelineProvider.lambda$null$5(RatisPipelineProvider.java:226)
	at java.util.stream.ForEachOps$ForEachOp$OfRef.accept(ForEachOps.java:183)
	at java.util.ArrayList$ArrayListSpliterator.forEachRemaining(ArrayList.java:1382)
	at java.util.stream.AbstractPipeline.copyInto(AbstractPipeline.java:482)
	at java.util.stream.ForEachOps$ForEachTask.compute(ForEachOps.java:290)
	at java.util.concurrent.CountedCompleter.exec(CountedCompleter.java:731)
	at java.util.concurrent.ForkJoinTask.doExec(ForkJoinTask.java:289)
	at java.util.concurrent.ForkJoinTask.doInvoke(ForkJoinTask.java:401)
	at java.util.concurrent.ForkJoinTask.invoke(ForkJoinTask.java:734)
	at java.util.stream.ForEachOps$ForEachOp.evaluateParallel(ForEachOps.java:159)
	at java.util.stream.ForEachOps$ForEachOp$OfRef.evaluateParallel(ForEachOps.java:173)
	at java.util.stream.AbstractPipeline.evaluate(AbstractPipeline.java:233)
	at java.util.stream.ReferencePipeline.forEach(ReferencePipeline.java:485)
	at java.util.stream.ReferencePipeline$Head.forEach(ReferencePipeline.java:650)
	at org.apache.hadoop.hdds.scm.pipeline.RatisPipelineProvider.lambda$callRatisRpc$6(RatisPipelineProvider.java:220)
	at java.util.concurrent.ForkJoinTask$AdaptedRunnableAction.exec(ForkJoinTask.java:1386)
	at java.util.concurrent.ForkJoinTask.doExec(ForkJoinTask.java:289)
	at java.util.concurrent.ForkJoinPool$WorkQueue.runTask(ForkJoinPool.java:1056)
	at java.util.concurrent.ForkJoinPool.runWorker(ForkJoinPool.java:1692)
	at java.util.concurrent.ForkJoinWorkerThread.run(ForkJoinWorkerThread.java:157)
Caused by: org.apache.ratis.thirdparty.io.grpc.StatusRuntimeException: DEADLINE_EXCEEDED
	at org.apache.ratis.thirdparty.io.grpc.stub.ClientCalls.toStatusRuntimeException(ClientCalls.java:233)
	at org.apache.ratis.thirdparty.io.grpc.stub.ClientCalls.getUnchecked(ClientCalls.java:214)
	at org.apache.ratis.thirdparty.io.grpc.stub.ClientCalls.blockingUnaryCall(ClientCalls.java:139)
	at org.apache.ratis.proto.grpc.AdminProtocolServiceGrpc$AdminProtocolServiceBlockingStub.groupManagement(AdminProtocolServiceGrpc.java:274)
	at org.apache.ratis.grpc.client.GrpcClientProtocolClient.lambda$groupAdd$3(GrpcClientProtocolClient.java:155)
	at org.apache.ratis.grpc.client.GrpcClientProtocolClient.blockingCall(GrpcClientProtocolClient.java:182)
	... 25 more
2019-11-13 21:46:35,799 [grpc-default-executor-0] INFO  impl.RaftServerProxy (RaftServerProxy.java:addNew(89)) - 6cc8209c-e457-4756-a8d8-a7119d564131: addNew group-6A029FC062B8:[dcad5acd-0e3b-4336-98e2-abbadaf23ad5:192.168.34.20:33066, 6cc8209c-e457-4756-a8d8-a7119d564131:192.168.34.20:40739, 967749f5-60f8-4775-800f-ac118f332ec3:192.168.34.20:39594] returns group-6A029FC062B8:java.util.concurrent.CompletableFuture@47040eaf[Not completed]
2019-11-13 21:46:35,799 [grpc-default-executor-2] INFO  impl.RaftServerProxy (RaftServerProxy.java:addNew(89)) - 967749f5-60f8-4775-800f-ac118f332ec3: addNew group-6A029FC062B8:[dcad5acd-0e3b-4336-98e2-abbadaf23ad5:192.168.34.20:33066, 6cc8209c-e457-4756-a8d8-a7119d564131:192.168.34.20:40739, 967749f5-60f8-4775-800f-ac118f332ec3:192.168.34.20:39594] returns group-6A029FC062B8:java.util.concurrent.CompletableFuture@2ccccebb[Not completed]
2019-11-13 21:46:35,801 [grpc-default-executor-2] INFO  impl.RaftServerProxy (RaftServerProxy.java:addNew(89)) - dcad5acd-0e3b-4336-98e2-abbadaf23ad5: addNew group-6A029FC062B8:[dcad5acd-0e3b-4336-98e2-abbadaf23ad5:192.168.34.20:33066, 6cc8209c-e457-4756-a8d8-a7119d564131:192.168.34.20:40739, 967749f5-60f8-4775-800f-ac118f332ec3:192.168.34.20:39594] returns group-6A029FC062B8:java.util.concurrent.CompletableFuture@5d7b33ea[Not completed]
2019-11-13 21:46:38,791 [RATISCREATEPIPELINE0] ERROR pipeline.RatisPipelineProvider (RatisPipelineProvider.java:lambda$null$5(230)) - Failed invoke Ratis rpc org.apache.hadoop.hdds.scm.pipeline.RatisPipelineProvider$$Lambda$185/261462466@7158b701 for 967749f5-60f8-4775-800f-ac118f332ec3
org.apache.ratis.protocol.TimeoutIOException: deadline exceeded after 2994462029ns
	at org.apache.ratis.grpc.GrpcUtil.tryUnwrapException(GrpcUtil.java:82)
	at org.apache.ratis.grpc.GrpcUtil.unwrapException(GrpcUtil.java:75)
	at org.apache.ratis.grpc.client.GrpcClientProtocolClient.blockingCall(GrpcClientProtocolClient.java:184)
	at org.apache.ratis.grpc.client.GrpcClientProtocolClient.groupAdd(GrpcClientProtocolClient.java:153)
	at org.apache.ratis.grpc.client.GrpcClientRpc.sendRequest(GrpcClientRpc.java:94)
	at org.apache.ratis.client.impl.RaftClientImpl.sendRequest(RaftClientImpl.java:278)
	at org.apache.ratis.client.impl.RaftClientImpl.groupAdd(RaftClientImpl.java:205)
	at org.apache.hadoop.hdds.scm.pipeline.RatisPipelineProvider.lambda$initializePipeline$4(RatisPipelineProvider.java:191)
	at org.apache.hadoop.hdds.scm.pipeline.RatisPipelineProvider.lambda$null$5(RatisPipelineProvider.java:226)
	at java.util.stream.ForEachOps$ForEachOp$OfRef.accept(ForEachOps.java:183)
	at java.util.ArrayList$ArrayListSpliterator.forEachRemaining(ArrayList.java:1382)
	at java.util.stream.AbstractPipeline.copyInto(AbstractPipeline.java:482)
	at java.util.stream.ForEachOps$ForEachTask.compute(ForEachOps.java:290)
	at java.util.concurrent.CountedCompleter.exec(CountedCompleter.java:731)
	at java.util.concurrent.ForkJoinTask.doExec(ForkJoinTask.java:289)
	at java.util.concurrent.ForkJoinPool$WorkQueue.runTask(ForkJoinPool.java:1056)
	at java.util.concurrent.ForkJoinPool.runWorker(ForkJoinPool.java:1692)
	at java.util.concurrent.ForkJoinWorkerThread.run(ForkJoinWorkerThread.java:157)
Caused by: org.apache.ratis.thirdparty.io.grpc.StatusRuntimeException: DEADLINE_EXCEEDED: deadline exceeded after 2994462029ns
	at org.apache.ratis.thirdparty.io.grpc.stub.ClientCalls.toStatusRuntimeException(ClientCalls.java:233)
	at org.apache.ratis.thirdparty.io.grpc.stub.ClientCalls.getUnchecked(ClientCalls.java:214)
	at org.apache.ratis.thirdparty.io.grpc.stub.ClientCalls.blockingUnaryCall(ClientCalls.java:139)
	at org.apache.ratis.proto.grpc.AdminProtocolServiceGrpc$AdminProtocolServiceBlockingStub.groupManagement(AdminProtocolServiceGrpc.java:274)
	at org.apache.ratis.grpc.client.GrpcClientProtocolClient.lambda$groupAdd$3(GrpcClientProtocolClient.java:155)
	at org.apache.ratis.grpc.client.GrpcClientProtocolClient.blockingCall(GrpcClientProtocolClient.java:182)
	... 15 more
2019-11-13 21:46:38,793 [RATISCREATEPIPELINE2] ERROR pipeline.RatisPipelineProvider (RatisPipelineProvider.java:lambda$null$5(230)) - Failed invoke Ratis rpc org.apache.hadoop.hdds.scm.pipeline.RatisPipelineProvider$$Lambda$185/261462466@7158b701 for dcad5acd-0e3b-4336-98e2-abbadaf23ad5
org.apache.ratis.protocol.TimeoutIOException: deadline exceeded after 2998309247ns
	at org.apache.ratis.grpc.GrpcUtil.tryUnwrapException(GrpcUtil.java:82)
	at org.apache.ratis.grpc.GrpcUtil.unwrapException(GrpcUtil.java:75)
	at org.apache.ratis.grpc.client.GrpcClientProtocolClient.blockingCall(GrpcClientProtocolClient.java:184)
	at org.apache.ratis.grpc.client.GrpcClientProtocolClient.groupAdd(GrpcClientProtocolClient.java:153)
	at org.apache.ratis.grpc.client.GrpcClientRpc.sendRequest(GrpcClientRpc.java:94)
	at org.apache.ratis.client.impl.RaftClientImpl.sendRequest(RaftClientImpl.java:278)
	at org.apache.ratis.client.impl.RaftClientImpl.groupAdd(RaftClientImpl.java:205)
	at org.apache.hadoop.hdds.scm.pipeline.RatisPipelineProvider.lambda$initializePipeline$4(RatisPipelineProvider.java:191)
	at org.apache.hadoop.hdds.scm.pipeline.RatisPipelineProvider.lambda$null$5(RatisPipelineProvider.java:226)
	at java.util.stream.ForEachOps$ForEachOp$OfRef.accept(ForEachOps.java:183)
	at java.util.ArrayList$ArrayListSpliterator.forEachRemaining(ArrayList.java:1382)
	at java.util.stream.AbstractPipeline.copyInto(AbstractPipeline.java:482)
	at java.util.stream.ForEachOps$ForEachTask.compute(ForEachOps.java:290)
	at java.util.concurrent.CountedCompleter.exec(CountedCompleter.java:731)
	at java.util.concurrent.ForkJoinTask.doExec(ForkJoinTask.java:289)
	at java.util.concurrent.ForkJoinTask.doInvoke(ForkJoinTask.java:401)
	at java.util.concurrent.ForkJoinTask.invoke(ForkJoinTask.java:734)
	at java.util.stream.ForEachOps$ForEachOp.evaluateParallel(ForEachOps.java:159)
	at java.util.stream.ForEachOps$ForEachOp$OfRef.evaluateParallel(ForEachOps.java:173)
	at java.util.stream.AbstractPipeline.evaluate(AbstractPipeline.java:233)
	at java.util.stream.ReferencePipeline.forEach(ReferencePipeline.java:485)
	at java.util.stream.ReferencePipeline$Head.forEach(ReferencePipeline.java:650)
	at org.apache.hadoop.hdds.scm.pipeline.RatisPipelineProvider.lambda$callRatisRpc$6(RatisPipelineProvider.java:220)
	at java.util.concurrent.ForkJoinTask$AdaptedRunnableAction.exec(ForkJoinTask.java:1386)
	at java.util.concurrent.ForkJoinTask.doExec(ForkJoinTask.java:289)
	at java.util.concurrent.ForkJoinPool$WorkQueue.runTask(ForkJoinPool.java:1056)
	at java.util.concurrent.ForkJoinPool.runWorker(ForkJoinPool.java:1692)
	at java.util.concurrent.ForkJoinWorkerThread.run(ForkJoinWorkerThread.java:157)
Caused by: org.apache.ratis.thirdparty.io.grpc.StatusRuntimeException: DEADLINE_EXCEEDED: deadline exceeded after 2998309247ns
	at org.apache.ratis.thirdparty.io.grpc.stub.ClientCalls.toStatusRuntimeException(ClientCalls.java:233)
	at org.apache.ratis.thirdparty.io.grpc.stub.ClientCalls.getUnchecked(ClientCalls.java:214)
	at org.apache.ratis.thirdparty.io.grpc.stub.ClientCalls.blockingUnaryCall(ClientCalls.java:139)
	at org.apache.ratis.proto.grpc.AdminProtocolServiceGrpc$AdminProtocolServiceBlockingStub.groupManagement(AdminProtocolServiceGrpc.java:274)
	at org.apache.ratis.grpc.client.GrpcClientProtocolClient.lambda$groupAdd$3(GrpcClientProtocolClient.java:155)
	at org.apache.ratis.grpc.client.GrpcClientProtocolClient.blockingCall(GrpcClientProtocolClient.java:182)
	... 25 more
2019-11-13 21:46:38,792 [RATISCREATEPIPELINE3] ERROR pipeline.RatisPipelineProvider (RatisPipelineProvider.java:lambda$null$5(230)) - Failed invoke Ratis rpc org.apache.hadoop.hdds.scm.pipeline.RatisPipelineProvider$$Lambda$185/261462466@7158b701 for 6cc8209c-e457-4756-a8d8-a7119d564131
org.apache.ratis.protocol.TimeoutIOException: deadline exceeded after 2996337642ns
	at org.apache.ratis.grpc.GrpcUtil.tryUnwrapException(GrpcUtil.java:82)
	at org.apache.ratis.grpc.GrpcUtil.unwrapException(GrpcUtil.java:75)
	at org.apache.ratis.grpc.client.GrpcClientProtocolClient.blockingCall(GrpcClientProtocolClient.java:184)
	at org.apache.ratis.grpc.client.GrpcClientProtocolClient.groupAdd(GrpcClientProtocolClient.java:153)
	at org.apache.ratis.grpc.client.GrpcClientRpc.sendRequest(GrpcClientRpc.java:94)
	at org.apache.ratis.client.impl.RaftClientImpl.sendRequest(RaftClientImpl.java:278)
	at org.apache.ratis.client.impl.RaftClientImpl.groupAdd(RaftClientImpl.java:205)
	at org.apache.hadoop.hdds.scm.pipeline.RatisPipelineProvider.lambda$initializePipeline$4(RatisPipelineProvider.java:191)
	at org.apache.hadoop.hdds.scm.pipeline.RatisPipelineProvider.lambda$null$5(RatisPipelineProvider.java:226)
	at java.util.stream.ForEachOps$ForEachOp$OfRef.accept(ForEachOps.java:183)
	at java.util.ArrayList$ArrayListSpliterator.forEachRemaining(ArrayList.java:1382)
	at java.util.stream.AbstractPipeline.copyInto(AbstractPipeline.java:482)
	at java.util.stream.ForEachOps$ForEachTask.compute(ForEachOps.java:290)
	at java.util.concurrent.CountedCompleter.exec(CountedCompleter.java:731)
	at java.util.concurrent.ForkJoinTask.doExec(ForkJoinTask.java:289)
	at java.util.concurrent.ForkJoinPool$WorkQueue.runTask(ForkJoinPool.java:1056)
	at java.util.concurrent.ForkJoinPool.runWorker(ForkJoinPool.java:1692)
	at java.util.concurrent.ForkJoinWorkerThread.run(ForkJoinWorkerThread.java:157)
Caused by: org.apache.ratis.thirdparty.io.grpc.StatusRuntimeException: DEADLINE_EXCEEDED: deadline exceeded after 2996337642ns
	at org.apache.ratis.thirdparty.io.grpc.stub.ClientCalls.toStatusRuntimeException(ClientCalls.java:233)
	at org.apache.ratis.thirdparty.io.grpc.stub.ClientCalls.getUnchecked(ClientCalls.java:214)
	at org.apache.ratis.thirdparty.io.grpc.stub.ClientCalls.blockingUnaryCall(ClientCalls.java:139)
	at org.apache.ratis.proto.grpc.AdminProtocolServiceGrpc$AdminProtocolServiceBlockingStub.groupManagement(AdminProtocolServiceGrpc.java:274)
	at org.apache.ratis.grpc.client.GrpcClientProtocolClient.lambda$groupAdd$3(GrpcClientProtocolClient.java:155)
	at org.apache.ratis.grpc.client.GrpcClientProtocolClient.blockingCall(GrpcClientProtocolClient.java:182)
	... 15 more
2019-11-13 21:46:42,225 [dcad5acd-0e3b-4336-98e2-abbadaf23ad5@group-878DA669B5E1-LeaderElection16] WARN  util.FileUtils (LogUtils.java:runAndLog(55)) - Failed to Files.move /workdir/hadoop-ozone/ozonefs/target/test-dir/MiniOzoneClusterImpl-2bb5002b-f3eb-4fa7-bf0d-d672f8b55c5b/datanode-0/data/ratis/baad8ebc-d774-4905-88fd-878da669b5e1/current/raft-meta.tmp to /workdir/hadoop-ozone/ozonefs/target/test-dir/MiniOzoneClusterImpl-2bb5002b-f3eb-4fa7-bf0d-d672f8b55c5b/datanode-0/data/ratis/baad8ebc-d774-4905-88fd-878da669b5e1/current/raft-meta: java.nio.file.NoSuchFileException: /workdir/hadoop-ozone/ozonefs/target/test-dir/MiniOzoneClusterImpl-2bb5002b-f3eb-4fa7-bf0d-d672f8b55c5b/datanode-0/data/ratis/baad8ebc-d774-4905-88fd-878da669b5e1/current/raft-meta.tmp
2019-11-13 21:46:42,225 [6cc8209c-e457-4756-a8d8-a7119d564131@group-A6F81A1C094E-LeaderElection17] WARN  util.FileUtils (LogUtils.java:runAndLog(55)) - Failed to Files.move /workdir/hadoop-ozone/ozonefs/target/test-dir/MiniOzoneClusterImpl-2bb5002b-f3eb-4fa7-bf0d-d672f8b55c5b/datanode-1/data/ratis/394c2684-2a39-4297-a142-a6f81a1c094e/current/raft-meta.tmp to /workdir/hadoop-ozone/ozonefs/target/test-dir/MiniOzoneClusterImpl-2bb5002b-f3eb-4fa7-bf0d-d672f8b55c5b/datanode-1/data/ratis/394c2684-2a39-4297-a142-a6f81a1c094e/current/raft-meta: java.nio.file.NoSuchFileException: /workdir/hadoop-ozone/ozonefs/target/test-dir/MiniOzoneClusterImpl-2bb5002b-f3eb-4fa7-bf0d-d672f8b55c5b/datanode-1/data/ratis/394c2684-2a39-4297-a142-a6f81a1c094e/current/raft-meta.tmp
2019-11-13 21:46:42,225 [dcad5acd-0e3b-4336-98e2-abbadaf23ad5@group-3BC9E196F05A-LeaderElection20] WARN  util.FileUtils (LogUtils.java:runAndLog(55)) - Failed to Files.move /workdir/hadoop-ozone/ozonefs/target/test-dir/MiniOzoneClusterImpl-2bb5002b-f3eb-4fa7-bf0d-d672f8b55c5b/datanode-0/data/ratis/b14d32e0-5fab-4374-803a-3bc9e196f05a/current/raft-meta.tmp to /workdir/hadoop-ozone/ozonefs/target/test-dir/MiniOzoneClusterImpl-2bb5002b-f3eb-4fa7-bf0d-d672f8b55c5b/datanode-0/data/ratis/b14d32e0-5fab-4374-803a-3bc9e196f05a/current/raft-meta: java.nio.file.NoSuchFileException: /workdir/hadoop-ozone/ozonefs/target/test-dir/MiniOzoneClusterImpl-2bb5002b-f3eb-4fa7-bf0d-d672f8b55c5b/datanode-0/data/ratis/b14d32e0-5fab-4374-803a-3bc9e196f05a/current/raft-meta.tmp
2019-11-13 21:46:42,225 [6cc8209c-e457-4756-a8d8-a7119d564131@group-3BC9E196F05A-LeaderElection18] WARN  util.FileUtils (LogUtils.java:runAndLog(55)) - Failed to Files.move /workdir/hadoop-ozone/ozonefs/target/test-dir/MiniOzoneClusterImpl-2bb5002b-f3eb-4fa7-bf0d-d672f8b55c5b/datanode-1/data/ratis/b14d32e0-5fab-4374-803a-3bc9e196f05a/current/raft-meta.tmp to /workdir/hadoop-ozone/ozonefs/target/test-dir/MiniOzoneClusterImpl-2bb5002b-f3eb-4fa7-bf0d-d672f8b55c5b/datanode-1/data/ratis/b14d32e0-5fab-4374-803a-3bc9e196f05a/current/raft-meta: java.nio.file.NoSuchFileException: /workdir/hadoop-ozone/ozonefs/target/test-dir/MiniOzoneClusterImpl-2bb5002b-f3eb-4fa7-bf0d-d672f8b55c5b/datanode-1/data/ratis/b14d32e0-5fab-4374-803a-3bc9e196f05a/current/raft-meta.tmp
2019-11-13 21:46:42,225 [967749f5-60f8-4775-800f-ac118f332ec3@group-3BC9E196F05A-LeaderElection19] WARN  util.FileUtils (LogUtils.java:runAndLog(55)) - Failed to Files.move /workdir/hadoop-ozone/ozonefs/target/test-dir/MiniOzoneClusterImpl-2bb5002b-f3eb-4fa7-bf0d-d672f8b55c5b/datanode-2/data/ratis/b14d32e0-5fab-4374-803a-3bc9e196f05a/current/raft-meta.tmp to /workdir/hadoop-ozone/ozonefs/target/test-dir/MiniOzoneClusterImpl-2bb5002b-f3eb-4fa7-bf0d-d672f8b55c5b/datanode-2/data/ratis/b14d32e0-5fab-4374-803a-3bc9e196f05a/current/raft-meta: java.nio.file.NoSuchFileException: /workdir/hadoop-ozone/ozonefs/target/test-dir/MiniOzoneClusterImpl-2bb5002b-f3eb-4fa7-bf0d-d672f8b55c5b/datanode-2/data/ratis/b14d32e0-5fab-4374-803a-3bc9e196f05a/current/raft-meta.tmp
2019-11-13 21:46:42,230 [6cc8209c-e457-4756-a8d8-a7119d564131@group-3BC9E196F05A-LeaderElection18] WARN  util.AtomicFileOutputStream (AtomicFileOutputStream.java:abort(100)) - Unable to delete tmp file during abort /workdir/hadoop-ozone/ozonefs/target/test-dir/MiniOzoneClusterImpl-2bb5002b-f3eb-4fa7-bf0d-d672f8b55c5b/datanode-1/data/ratis/b14d32e0-5fab-4374-803a-3bc9e196f05a/current/raft-meta.tmp
2019-11-13 21:46:42,229 [dcad5acd-0e3b-4336-98e2-abbadaf23ad5@group-3BC9E196F05A-LeaderElection20] WARN  util.AtomicFileOutputStream (AtomicFileOutputStream.java:abort(100)) - Unable to delete tmp file during abort /workdir/hadoop-ozone/ozonefs/target/test-dir/MiniOzoneClusterImpl-2bb5002b-f3eb-4fa7-bf0d-d672f8b55c5b/datanode-0/data/ratis/b14d32e0-5fab-4374-803a-3bc9e196f05a/current/raft-meta.tmp
2019-11-13 21:46:42,228 [6cc8209c-e457-4756-a8d8-a7119d564131@group-A6F81A1C094E-LeaderElection17] WARN  util.AtomicFileOutputStream (AtomicFileOutputStream.java:abort(100)) - Unable to delete tmp file during abort /workdir/hadoop-ozone/ozonefs/target/test-dir/MiniOzoneClusterImpl-2bb5002b-f3eb-4fa7-bf0d-d672f8b55c5b/datanode-1/data/ratis/394c2684-2a39-4297-a142-a6f81a1c094e/current/raft-meta.tmp
2019-11-13 21:46:42,227 [dcad5acd-0e3b-4336-98e2-abbadaf23ad5@group-878DA669B5E1-LeaderElection16] WARN  util.AtomicFileOutputStream (AtomicFileOutputStream.java:abort(100)) - Unable to delete tmp file during abort /workdir/hadoop-ozone/ozonefs/target/test-dir/MiniOzoneClusterImpl-2bb5002b-f3eb-4fa7-bf0d-d672f8b55c5b/datanode-0/data/ratis/baad8ebc-d774-4905-88fd-878da669b5e1/current/raft-meta.tmp
2019-11-13 21:46:42,233 [6cc8209c-e457-4756-a8d8-a7119d564131@group-A6F81A1C094E-LeaderElection17] INFO  impl.LeaderElection (LeaderElection.java:run(137)) - 6cc8209c-e457-4756-a8d8-a7119d564131@group-A6F81A1C094E-LeaderElection17: NoSuchFileException is safely ignored since this is already CLOSING
java.nio.file.NoSuchFileException: /workdir/hadoop-ozone/ozonefs/target/test-dir/MiniOzoneClusterImpl-2bb5002b-f3eb-4fa7-bf0d-d672f8b55c5b/datanode-1/data/ratis/394c2684-2a39-4297-a142-a6f81a1c094e/current/raft-meta.tmp
	at sun.nio.fs.UnixException.translateToIOException(UnixException.java:86)
	at sun.nio.fs.UnixException.rethrowAsIOException(UnixException.java:102)
	at sun.nio.fs.UnixException.rethrowAsIOException(UnixException.java:107)
	at sun.nio.fs.UnixCopyFile.move(UnixCopyFile.java:409)
	at sun.nio.fs.UnixFileSystemProvider.move(UnixFileSystemProvider.java:262)
	at java.nio.file.Files.move(Files.java:1395)
	at org.apache.ratis.util.FileUtils.lambda$move$6(FileUtils.java:79)
	at org.apache.ratis.util.LogUtils.runAndLog(LogUtils.java:50)
	at org.apache.ratis.util.FileUtils.move(FileUtils.java:78)
	at org.apache.ratis.util.FileUtils.move(FileUtils.java:74)
	at org.apache.ratis.util.AtomicFileOutputStream.close(AtomicFileOutputStream.java:73)
	at org.apache.ratis.server.storage.MetaFile.writeFile(MetaFile.java:96)
	at org.apache.ratis.server.storage.MetaFile.set(MetaFile.java:75)
	at org.apache.ratis.server.raftlog.segmented.SegmentedRaftLog.writeMetadata(SegmentedRaftLog.java:473)
	at org.apache.ratis.server.impl.ServerState.persistMetadata(ServerState.java:231)
	at org.apache.ratis.server.impl.LeaderElection.askForVotes(LeaderElection.java:176)
	at org.apache.ratis.server.impl.LeaderElection.run(LeaderElection.java:133)
	at java.lang.Thread.run(Thread.java:748)
2019-11-13 21:46:42,233 [6cc8209c-e457-4756-a8d8-a7119d564131@group-3BC9E196F05A-LeaderElection18] INFO  impl.LeaderElection (LeaderElection.java:run(137)) - 6cc8209c-e457-4756-a8d8-a7119d564131@group-3BC9E196F05A-LeaderElection18: NoSuchFileException is safely ignored since this is already CLOSING
java.nio.file.NoSuchFileException: /workdir/hadoop-ozone/ozonefs/target/test-dir/MiniOzoneClusterImpl-2bb5002b-f3eb-4fa7-bf0d-d672f8b55c5b/datanode-1/data/ratis/b14d32e0-5fab-4374-803a-3bc9e196f05a/current/raft-meta.tmp
	at sun.nio.fs.UnixException.translateToIOException(UnixException.java:86)
	at sun.nio.fs.UnixException.rethrowAsIOException(UnixException.java:102)
	at sun.nio.fs.UnixException.rethrowAsIOException(UnixException.java:107)
	at sun.nio.fs.UnixCopyFile.move(UnixCopyFile.java:409)
	at sun.nio.fs.UnixFileSystemProvider.move(UnixFileSystemProvider.java:262)
	at java.nio.file.Files.move(Files.java:1395)
	at org.apache.ratis.util.FileUtils.lambda$move$6(FileUtils.java:79)
	at org.apache.ratis.util.LogUtils.runAndLog(LogUtils.java:50)
	at org.apache.ratis.util.FileUtils.move(FileUtils.java:78)
	at org.apache.ratis.util.FileUtils.move(FileUtils.java:74)
	at org.apache.ratis.util.AtomicFileOutputStream.close(AtomicFileOutputStream.java:73)
	at org.apache.ratis.server.storage.MetaFile.writeFile(MetaFile.java:96)
	at org.apache.ratis.server.storage.MetaFile.set(MetaFile.java:75)
	at org.apache.ratis.server.raftlog.segmented.SegmentedRaftLog.writeMetadata(SegmentedRaftLog.java:473)
	at org.apache.ratis.server.impl.ServerState.persistMetadata(ServerState.java:231)
	at org.apache.ratis.server.impl.LeaderElection.askForVotes(LeaderElection.java:176)
	at org.apache.ratis.server.impl.LeaderElection.run(LeaderElection.java:133)
	at java.lang.Thread.run(Thread.java:748)
2019-11-13 21:46:42,233 [dcad5acd-0e3b-4336-98e2-abbadaf23ad5@group-3BC9E196F05A-LeaderElection20] INFO  impl.LeaderElection (LeaderElection.java:run(137)) - dcad5acd-0e3b-4336-98e2-abbadaf23ad5@group-3BC9E196F05A-LeaderElection20: NoSuchFileException is safely ignored since this is already CLOSING
java.nio.file.NoSuchFileException: /workdir/hadoop-ozone/ozonefs/target/test-dir/MiniOzoneClusterImpl-2bb5002b-f3eb-4fa7-bf0d-d672f8b55c5b/datanode-0/data/ratis/b14d32e0-5fab-4374-803a-3bc9e196f05a/current/raft-meta.tmp
	at sun.nio.fs.UnixException.translateToIOException(UnixException.java:86)
	at sun.nio.fs.UnixException.rethrowAsIOException(UnixException.java:102)
	at sun.nio.fs.UnixException.rethrowAsIOException(UnixException.java:107)
	at sun.nio.fs.UnixCopyFile.move(UnixCopyFile.java:409)
	at sun.nio.fs.UnixFileSystemProvider.move(UnixFileSystemProvider.java:262)
	at java.nio.file.Files.move(Files.java:1395)
	at org.apache.ratis.util.FileUtils.lambda$move$6(FileUtils.java:79)
	at org.apache.ratis.util.LogUtils.runAndLog(LogUtils.java:50)
	at org.apache.ratis.util.FileUtils.move(FileUtils.java:78)
	at org.apache.ratis.util.FileUtils.move(FileUtils.java:74)
	at org.apache.ratis.util.AtomicFileOutputStream.close(AtomicFileOutputStream.java:73)
	at org.apache.ratis.server.storage.MetaFile.writeFile(MetaFile.java:96)
	at org.apache.ratis.server.storage.MetaFile.set(MetaFile.java:75)
	at org.apache.ratis.server.raftlog.segmented.SegmentedRaftLog.writeMetadata(SegmentedRaftLog.java:473)
	at org.apache.ratis.server.impl.ServerState.persistMetadata(ServerState.java:231)
	at org.apache.ratis.server.impl.LeaderElection.askForVotes(LeaderElection.java:176)
	at org.apache.ratis.server.impl.LeaderElection.run(LeaderElection.java:133)
	at java.lang.Thread.run(Thread.java:748)
2019-11-13 21:46:42,231 [967749f5-60f8-4775-800f-ac118f332ec3@group-3BC9E196F05A-LeaderElection19] WARN  util.AtomicFileOutputStream (AtomicFileOutputStream.java:abort(100)) - Unable to delete tmp file during abort /workdir/hadoop-ozone/ozonefs/target/test-dir/MiniOzoneClusterImpl-2bb5002b-f3eb-4fa7-bf0d-d672f8b55c5b/datanode-2/data/ratis/b14d32e0-5fab-4374-803a-3bc9e196f05a/current/raft-meta.tmp
2019-11-13 21:46:42,234 [dcad5acd-0e3b-4336-98e2-abbadaf23ad5@group-878DA669B5E1-LeaderElection16] INFO  impl.LeaderElection (LeaderElection.java:run(137)) - dcad5acd-0e3b-4336-98e2-abbadaf23ad5@group-878DA669B5E1-LeaderElection16: NoSuchFileException is safely ignored since this is already CLOSING
java.nio.file.NoSuchFileException: /workdir/hadoop-ozone/ozonefs/target/test-dir/MiniOzoneClusterImpl-2bb5002b-f3eb-4fa7-bf0d-d672f8b55c5b/datanode-0/data/ratis/baad8ebc-d774-4905-88fd-878da669b5e1/current/raft-meta.tmp
	at sun.nio.fs.UnixException.translateToIOException(UnixException.java:86)
	at sun.nio.fs.UnixException.rethrowAsIOException(UnixException.java:102)
	at sun.nio.fs.UnixException.rethrowAsIOException(UnixException.java:107)
	at sun.nio.fs.UnixCopyFile.move(UnixCopyFile.java:409)
	at sun.nio.fs.UnixFileSystemProvider.move(UnixFileSystemProvider.java:262)
	at java.nio.file.Files.move(Files.java:1395)
	at org.apache.ratis.util.FileUtils.lambda$move$6(FileUtils.java:79)
	at org.apache.ratis.util.LogUtils.runAndLog(LogUtils.java:50)
	at org.apache.ratis.util.FileUtils.move(FileUtils.java:78)
	at org.apache.ratis.util.FileUtils.move(FileUtils.java:74)
	at org.apache.ratis.util.AtomicFileOutputStream.close(AtomicFileOutputStream.java:73)
	at org.apache.ratis.server.storage.MetaFile.writeFile(MetaFile.java:96)
	at org.apache.ratis.server.storage.MetaFile.set(MetaFile.java:75)
	at org.apache.ratis.server.raftlog.segmented.SegmentedRaftLog.writeMetadata(SegmentedRaftLog.java:473)
	at org.apache.ratis.server.impl.ServerState.persistMetadata(ServerState.java:231)
	at org.apache.ratis.server.impl.LeaderElection.askForVotes(LeaderElection.java:176)
	at org.apache.ratis.server.impl.LeaderElection.run(LeaderElection.java:133)
	at java.lang.Thread.run(Thread.java:748)
2019-11-13 21:46:42,235 [967749f5-60f8-4775-800f-ac118f332ec3@group-3BC9E196F05A-LeaderElection19] INFO  impl.LeaderElection (LeaderElection.java:run(137)) - 967749f5-60f8-4775-800f-ac118f332ec3@group-3BC9E196F05A-LeaderElection19: NoSuchFileException is safely ignored since this is already CLOSING
java.nio.file.NoSuchFileException: /workdir/hadoop-ozone/ozonefs/target/test-dir/MiniOzoneClusterImpl-2bb5002b-f3eb-4fa7-bf0d-d672f8b55c5b/datanode-2/data/ratis/b14d32e0-5fab-4374-803a-3bc9e196f05a/current/raft-meta.tmp
	at sun.nio.fs.UnixException.translateToIOException(UnixException.java:86)
	at sun.nio.fs.UnixException.rethrowAsIOException(UnixException.java:102)
	at sun.nio.fs.UnixException.rethrowAsIOException(UnixException.java:107)
	at sun.nio.fs.UnixCopyFile.move(UnixCopyFile.java:409)
	at sun.nio.fs.UnixFileSystemProvider.move(UnixFileSystemProvider.java:262)
	at java.nio.file.Files.move(Files.java:1395)
	at org.apache.ratis.util.FileUtils.lambda$move$6(FileUtils.java:79)
	at org.apache.ratis.util.LogUtils.runAndLog(LogUtils.java:50)
	at org.apache.ratis.util.FileUtils.move(FileUtils.java:78)
	at org.apache.ratis.util.FileUtils.move(FileUtils.java:74)
	at org.apache.ratis.util.AtomicFileOutputStream.close(AtomicFileOutputStream.java:73)
	at org.apache.ratis.server.storage.MetaFile.writeFile(MetaFile.java:96)
	at org.apache.ratis.server.storage.MetaFile.set(MetaFile.java:75)
	at org.apache.ratis.server.raftlog.segmented.SegmentedRaftLog.writeMetadata(SegmentedRaftLog.java:473)
	at org.apache.ratis.server.impl.ServerState.persistMetadata(ServerState.java:231)
	at org.apache.ratis.server.impl.LeaderElection.askForVotes(LeaderElection.java:176)
	at org.apache.ratis.server.impl.LeaderElection.run(LeaderElection.java:133)
	at java.lang.Thread.run(Thread.java:748)
2019-11-13 21:46:47,531 [pool-177-thread-1] INFO  storage.RaftStorageDirectory (RaftStorageDirectory.java:tryLock(328)) - Lock on /workdir/hadoop-ozone/ozonefs/target/test-dir/MiniOzoneClusterImpl-2bb5002b-f3eb-4fa7-bf0d-d672f8b55c5b/datanode-0/data/ratis/b244af97-18a0-4d60-855c-3bde17ed132e/in_use.lock acquired by nodename 28847@pr-hdds-2470-fxbl9-3826649461
2019-11-13 21:46:47,531 [pool-187-thread-1] INFO  storage.RaftStorageDirectory (RaftStorageDirectory.java:tryLock(328)) - Lock on /workdir/hadoop-ozone/ozonefs/target/test-dir/MiniOzoneClusterImpl-2bb5002b-f3eb-4fa7-bf0d-d672f8b55c5b/datanode-1/data/ratis/b244af97-18a0-4d60-855c-3bde17ed132e/in_use.lock acquired by nodename 28847@pr-hdds-2470-fxbl9-3826649461
2019-11-13 21:46:48,685 [pool-197-thread-1] INFO  storage.RaftStorage (RaftStorage.java:format(84)) - Storage directory /workdir/hadoop-ozone/ozonefs/target/test-dir/MiniOzoneClusterImpl-2bb5002b-f3eb-4fa7-bf0d-d672f8b55c5b/datanode-2/data/ratis/57591723-27fa-47b6-b2cb-2670078f4bd4 has been successfully formatted.
2019-11-13 21:46:48,686 [pool-197-thread-1] INFO  ratis.ContainerStateMachine (ContainerStateMachine.java:loadSnapshot(223)) - group-2670078F4BD4: The snapshot info is null. Setting the last applied indexto:(t:0, i:~)
2019-11-13 21:46:48,686 [pool-197-thread-1] INFO  server.RaftServerConfigKeys (ConfUtils.java:logGet(43)) - raft.server.notification.no-leader.timeout = 120s (custom)
2019-11-13 21:46:48,686 [pool-197-thread-1] INFO  server.RaftServerConfigKeys (ConfUtils.java:logGet(43)) - raft.server.log.use.memory = false (default)
2019-11-13 21:46:48,687 [pool-197-thread-1] INFO  server.RaftServerConfigKeys (ConfUtils.java:logGet(43)) - raft.server.log.purge.gap = 1000000 (custom)
2019-11-13 21:46:48,687 [pool-197-thread-1] INFO  server.RaftServerConfigKeys (ConfUtils.java:logGet(43)) - raft.server.log.appender.buffer.byte-limit = 33554432 (custom)
2019-11-13 21:46:48,687 [pool-197-thread-1] INFO  server.RaftServerConfigKeys (ConfUtils.java:logGet(43)) - raft.server.log.segment.size.max = 1048576 (custom)
2019-11-13 21:46:48,687 [pool-197-thread-1] INFO  server.RaftServerConfigKeys (ConfUtils.java:logGet(43)) - raft.server.log.segment.cache.num.max = 2 (custom)
2019-11-13 21:46:48,688 [pool-197-thread-1] INFO  segmented.SegmentedRaftLogWorker (SegmentedRaftLogWorker.java:<init>(173)) - new 967749f5-60f8-4775-800f-ac118f332ec3@group-2670078F4BD4-SegmentedRaftLogWorker for RaftStorage:Storage Directory /workdir/hadoop-ozone/ozonefs/target/test-dir/MiniOzoneClusterImpl-2bb5002b-f3eb-4fa7-bf0d-d672f8b55c5b/datanode-2/data/ratis/57591723-27fa-47b6-b2cb-2670078f4bd4
2019-11-13 21:46:48,688 [pool-197-thread-1] INFO  server.RaftServerConfigKeys (ConfUtils.java:logGet(43)) - raft.server.log.queue.byte-limit = 2147483647 (custom)
2019-11-13 21:46:48,688 [pool-197-thread-1] INFO  server.RaftServerConfigKeys (ConfUtils.java:logGet(43)) - raft.server.log.queue.element-limit = 1024 (custom)
2019-11-13 21:46:48,688 [pool-197-thread-1] INFO  server.RaftServerConfigKeys (ConfUtils.java:logGet(43)) - raft.server.log.segment.size.max = 1048576 (custom)
2019-11-13 21:46:48,688 [pool-197-thread-1] INFO  server.RaftServerConfigKeys (ConfUtils.java:logGet(43)) - raft.server.log.preallocated.size = 16384 (custom)
2019-11-13 21:46:48,688 [pool-197-thread-1] INFO  server.RaftServerConfigKeys (ConfUtils.java:logGet(43)) - raft.server.log.write.buffer.size = 33554432 (custom)
2019-11-13 21:46:48,689 [pool-197-thread-1] INFO  server.RaftServerConfigKeys (ConfUtils.java:logGet(43)) - raft.server.log.force.sync.num = 128 (default)
2019-11-13 21:46:48,689 [pool-197-thread-1] INFO  server.RaftServerConfigKeys (ConfUtils.java:logGet(43)) - raft.server.log.statemachine.data.sync = true (default)
2019-11-13 21:46:48,689 [pool-197-thread-1] INFO  server.RaftServerConfigKeys (ConfUtils.java:logGet(43)) - raft.server.log.statemachine.data.sync.timeout = 10s (default)
2019-11-13 21:46:48,689 [pool-197-thread-1] INFO  server.RaftServerConfigKeys (ConfUtils.java:logGet(43)) - raft.server.log.statemachine.data.sync.timeout.retry = -1 (default)
2019-11-13 21:46:48,689 [pool-197-thread-1] INFO  server.RaftServerConfigKeys (ConfUtils.java:logGet(43)) - raft.server.log.statemachine.data.caching.enabled = true (custom)
2019-11-13 21:46:48,690 [pool-197-thread-1] INFO  segmented.SegmentedRaftLogWorker (SegmentedRaftLogWorker.java:lambda$new$0(128)) - 967749f5-60f8-4775-800f-ac118f332ec3@group-2670078F4BD4-SegmentedRaftLogWorker: flushIndex: setUnconditionally 0 -> -1
2019-11-13 21:46:48,691 [pool-197-thread-1] INFO  server.RaftServerConfigKeys (ConfUtils.java:logGet(43)) - raft.server.snapshot.auto.trigger.enabled = true (custom)
2019-11-13 21:46:48,691 [pool-197-thread-1] INFO  server.RaftServerConfigKeys (ConfUtils.java:logGet(43)) - raft.server.snapshot.auto.trigger.threshold = 10000 (custom)
2019-11-13 21:46:48,691 [pool-197-thread-1] INFO  server.RaftServerConfigKeys (ConfUtils.java:logGet(43)) - raft.server.snapshot.retention.file.num = 5 (custom)
2019-11-13 21:46:48,691 [pool-197-thread-1] INFO  server.RaftServerConfigKeys (ConfUtils.java:logGet(43)) - raft.server.retrycache.expirytime = 600000ms (custom)
2019-11-13 21:46:48,692 [pool-197-thread-1] WARN  impl.MetricRegistriesImpl (MetricRegistriesImpl.java:lambda$create$1(61)) - First MetricRegistry has been created without registering reporters. You may need to call MetricRegistries.global().addReportRegistration(...) before.
2019-11-13 21:46:48,692 [pool-197-thread-1] WARN  impl.MetricRegistriesImpl (MetricRegistriesImpl.java:lambda$create$1(61)) - First MetricRegistry has been created without registering reporters. You may need to call MetricRegistries.global().addReportRegistration(...) before.
2019-11-13 21:46:48,699 [pool-197-thread-1] INFO  impl.RaftServerImpl (RaftServerImpl.java:<init>(98)) - 967749f5-60f8-4775-800f-ac118f332ec3: new RaftServerImpl for group-FC87DB4793F9:[967749f5-60f8-4775-800f-ac118f332ec3:192.168.34.20:39594] with ContainerStateMachine:uninitialized
2019-11-13 21:46:48,699 [pool-197-thread-1] INFO  server.RaftServerConfigKeys (ConfUtils.java:logGet(43)) - raft.server.rpc.timeout.min = 5s (custom)
2019-11-13 21:46:48,699 [pool-197-thread-1] INFO  server.RaftServerConfigKeys (ConfUtils.java:logGet(43)) - raft.server.rpc.timeout.max = 5200ms (custom)
2019-11-13 21:46:48,699 [pool-197-thread-1] INFO  server.RaftServerConfigKeys (ConfUtils.java:logGet(43)) - raft.server.rpcslowness.timeout = 120s (custom)
2019-11-13 21:46:48,700 [pool-197-thread-1] INFO  server.RaftServerConfigKeys (ConfUtils.java:logGet(43)) - raft.server.sleep.deviation.threshold = 300 (default)
2019-11-13 21:46:48,700 [pool-197-thread-1] INFO  server.RaftServerConfigKeys (ConfUtils.java:logGet(43)) - raft.server.log.appender.install.snapshot.enabled = false (custom)
2019-11-13 21:46:48,700 [pool-197-thread-1] INFO  impl.RaftServerImpl (ServerState.java:<init>(103)) - 967749f5-60f8-4775-800f-ac118f332ec3@group-FC87DB4793F9: ConfigurationManager, init=-1: [967749f5-60f8-4775-800f-ac118f332ec3:192.168.34.20:39594], old=null, confs=<EMPTY_MAP>
2019-11-13 21:46:48,700 [pool-197-thread-1] INFO  server.RaftServerConfigKeys (ConfUtils.java:logGet(43)) - raft.server.storage.dir = [/workdir/hadoop-ozone/ozonefs/target/test-dir/MiniOzoneClusterImpl-2bb5002b-f3eb-4fa7-bf0d-d672f8b55c5b/datanode-2/data/ratis] (custom)
2019-11-13 21:46:48,701 [pool-197-thread-1] INFO  server.RaftServerConfigKeys (ConfUtils.java:logGet(43)) - raft.server.log.corruption.policy = EXCEPTION (default)
2019-11-13 21:46:48,701 [pool-197-thread-1] INFO  storage.RaftStorageDirectory (RaftStorageDirectory.java:analyzeStorage(246)) - The storage directory /workdir/hadoop-ozone/ozonefs/target/test-dir/MiniOzoneClusterImpl-2bb5002b-f3eb-4fa7-bf0d-d672f8b55c5b/datanode-2/data/ratis/3044f0ae-3d19-4f0e-9ef8-fc87db4793f9 does not exist. Creating ...
2019-11-13 21:46:51,070 [Thread-748] INFO  rpc.RpcClient (RpcClient.java:createBucket(431)) - Creating Bucket: volume76694/bucket04942, with Versioning false and Storage Type set to DISK and Encryption set to false 
2019-11-13 21:46:51,085 [pool-197-thread-1] INFO  storage.RaftStorageDirectory (RaftStorageDirectory.java:tryLock(328)) - Lock on /workdir/hadoop-ozone/ozonefs/target/test-dir/MiniOzoneClusterImpl-2bb5002b-f3eb-4fa7-bf0d-d672f8b55c5b/datanode-2/data/ratis/3044f0ae-3d19-4f0e-9ef8-fc87db4793f9/in_use.lock acquired by nodename 28847@pr-hdds-2470-fxbl9-3826649461
2019-11-13 21:46:51,085 [pool-187-thread-1] INFO  storage.RaftStorage (RaftStorage.java:format(84)) - Storage directory /workdir/hadoop-ozone/ozonefs/target/test-dir/MiniOzoneClusterImpl-2bb5002b-f3eb-4fa7-bf0d-d672f8b55c5b/datanode-1/data/ratis/b244af97-18a0-4d60-855c-3bde17ed132e has been successfully formatted.
2019-11-13 21:46:51,086 [pool-187-thread-1] INFO  ratis.ContainerStateMachine (ContainerStateMachine.java:loadSnapshot(223)) - group-3BDE17ED132E: The snapshot info is null. Setting the last applied indexto:(t:0, i:~)
2019-11-13 21:46:51,086 [pool-187-thread-1] INFO  server.RaftServerConfigKeys (ConfUtils.java:logGet(43)) - raft.server.notification.no-leader.timeout = 120s (custom)
2019-11-13 21:46:51,086 [pool-187-thread-1] INFO  server.RaftServerConfigKeys (ConfUtils.java:logGet(43)) - raft.server.log.use.memory = false (default)
2019-11-13 21:46:51,087 [pool-187-thread-1] INFO  server.RaftServerConfigKeys (ConfUtils.java:logGet(43)) - raft.server.log.purge.gap = 1000000 (custom)
2019-11-13 21:46:51,087 [pool-187-thread-1] INFO  server.RaftServerConfigKeys (ConfUtils.java:logGet(43)) - raft.server.log.appender.buffer.byte-limit = 33554432 (custom)
2019-11-13 21:46:51,087 [pool-187-thread-1] INFO  server.RaftServerConfigKeys (ConfUtils.java:logGet(43)) - raft.server.log.segment.size.max = 1048576 (custom)
2019-11-13 21:46:51,087 [pool-187-thread-1] INFO  server.RaftServerConfigKeys (ConfUtils.java:logGet(43)) - raft.server.log.segment.cache.num.max = 2 (custom)
2019-11-13 21:46:51,087 [pool-187-thread-1] INFO  segmented.SegmentedRaftLogWorker (SegmentedRaftLogWorker.java:<init>(173)) - new 6cc8209c-e457-4756-a8d8-a7119d564131@group-3BDE17ED132E-SegmentedRaftLogWorker for RaftStorage:Storage Directory /workdir/hadoop-ozone/ozonefs/target/test-dir/MiniOzoneClusterImpl-2bb5002b-f3eb-4fa7-bf0d-d672f8b55c5b/datanode-1/data/ratis/b244af97-18a0-4d60-855c-3bde17ed132e
2019-11-13 21:46:51,087 [pool-187-thread-1] INFO  server.RaftServerConfigKeys (ConfUtils.java:logGet(43)) - raft.server.log.queue.byte-limit = 2147483647 (custom)
2019-11-13 21:46:51,087 [pool-187-thread-1] INFO  server.RaftServerConfigKeys (ConfUtils.java:logGet(43)) - raft.server.log.queue.element-limit = 1024 (custom)
2019-11-13 21:46:51,087 [pool-187-thread-1] INFO  server.RaftServerConfigKeys (ConfUtils.java:logGet(43)) - raft.server.log.segment.size.max = 1048576 (custom)
2019-11-13 21:46:51,087 [pool-187-thread-1] INFO  server.RaftServerConfigKeys (ConfUtils.java:logGet(43)) - raft.server.log.preallocated.size = 16384 (custom)
2019-11-13 21:46:51,087 [pool-187-thread-1] INFO  server.RaftServerConfigKeys (ConfUtils.java:logGet(43)) - raft.server.log.write.buffer.size = 33554432 (custom)
2019-11-13 21:46:51,088 [pool-187-thread-1] INFO  server.RaftServerConfigKeys (ConfUtils.java:logGet(43)) - raft.server.log.force.sync.num = 128 (default)
2019-11-13 21:46:51,088 [pool-187-thread-1] INFO  server.RaftServerConfigKeys (ConfUtils.java:logGet(43)) - raft.server.log.statemachine.data.sync = true (default)
2019-11-13 21:46:51,088 [pool-187-thread-1] INFO  server.RaftServerConfigKeys (ConfUtils.java:logGet(43)) - raft.server.log.statemachine.data.sync.timeout = 10s (default)
2019-11-13 21:46:51,088 [pool-187-thread-1] INFO  server.RaftServerConfigKeys (ConfUtils.java:logGet(43)) - raft.server.log.statemachine.data.sync.timeout.retry = -1 (default)
2019-11-13 21:46:51,088 [pool-187-thread-1] INFO  server.RaftServerConfigKeys (ConfUtils.java:logGet(43)) - raft.server.log.statemachine.data.caching.enabled = true (custom)
2019-11-13 21:46:51,088 [pool-187-thread-1] INFO  segmented.SegmentedRaftLogWorker (SegmentedRaftLogWorker.java:lambda$new$0(128)) - 6cc8209c-e457-4756-a8d8-a7119d564131@group-3BDE17ED132E-SegmentedRaftLogWorker: flushIndex: setUnconditionally 0 -> -1
2019-11-13 21:46:51,089 [pool-187-thread-1] INFO  server.RaftServerConfigKeys (ConfUtils.java:logGet(43)) - raft.server.snapshot.auto.trigger.enabled = true (custom)
2019-11-13 21:46:51,089 [pool-187-thread-1] INFO  server.RaftServerConfigKeys (ConfUtils.java:logGet(43)) - raft.server.snapshot.auto.trigger.threshold = 10000 (custom)
2019-11-13 21:46:51,089 [pool-187-thread-1] INFO  server.RaftServerConfigKeys (ConfUtils.java:logGet(43)) - raft.server.snapshot.retention.file.num = 5 (custom)
2019-11-13 21:46:51,089 [pool-187-thread-1] INFO  server.RaftServerConfigKeys (ConfUtils.java:logGet(43)) - raft.server.retrycache.expirytime = 600000ms (custom)
2019-11-13 21:46:51,089 [pool-187-thread-1] WARN  impl.MetricRegistriesImpl (MetricRegistriesImpl.java:lambda$create$1(61)) - First MetricRegistry has been created without registering reporters. You may need to call MetricRegistries.global().addReportRegistration(...) before.
2019-11-13 21:46:51,089 [pool-187-thread-1] WARN  impl.MetricRegistriesImpl (MetricRegistriesImpl.java:lambda$create$1(61)) - First MetricRegistry has been created without registering reporters. You may need to call MetricRegistries.global().addReportRegistration(...) before.
2019-11-13 21:46:51,091 [pool-187-thread-1] INFO  impl.RaftServerImpl (RaftServerImpl.java:<init>(98)) - 6cc8209c-e457-4756-a8d8-a7119d564131: new RaftServerImpl for group-6A029FC062B8:[dcad5acd-0e3b-4336-98e2-abbadaf23ad5:192.168.34.20:33066, 6cc8209c-e457-4756-a8d8-a7119d564131:192.168.34.20:40739, 967749f5-60f8-4775-800f-ac118f332ec3:192.168.34.20:39594] with ContainerStateMachine:uninitialized
2019-11-13 21:46:51,091 [pool-187-thread-1] INFO  server.RaftServerConfigKeys (ConfUtils.java:logGet(43)) - raft.server.rpc.timeout.min = 5s (custom)
2019-11-13 21:46:51,091 [pool-187-thread-1] INFO  server.RaftServerConfigKeys (ConfUtils.java:logGet(43)) - raft.server.rpc.timeout.max = 5200ms (custom)
2019-11-13 21:46:51,091 [pool-187-thread-1] INFO  server.RaftServerConfigKeys (ConfUtils.java:logGet(43)) - raft.server.rpcslowness.timeout = 120s (custom)
2019-11-13 21:46:51,091 [pool-187-thread-1] INFO  server.RaftServerConfigKeys (ConfUtils.java:logGet(43)) - raft.server.sleep.deviation.threshold = 300 (default)
2019-11-13 21:46:51,091 [pool-187-thread-1] INFO  server.RaftServerConfigKeys (ConfUtils.java:logGet(43)) - raft.server.log.appender.install.snapshot.enabled = false (custom)
2019-11-13 21:46:51,091 [pool-187-thread-1] INFO  impl.RaftServerImpl (ServerState.java:<init>(103)) - 6cc8209c-e457-4756-a8d8-a7119d564131@group-6A029FC062B8: ConfigurationManager, init=-1: [dcad5acd-0e3b-4336-98e2-abbadaf23ad5:192.168.34.20:33066, 6cc8209c-e457-4756-a8d8-a7119d564131:192.168.34.20:40739, 967749f5-60f8-4775-800f-ac118f332ec3:192.168.34.20:39594], old=null, confs=<EMPTY_MAP>
2019-11-13 21:46:51,091 [pool-187-thread-1] INFO  server.RaftServerConfigKeys (ConfUtils.java:logGet(43)) - raft.server.storage.dir = [/workdir/hadoop-ozone/ozonefs/target/test-dir/MiniOzoneClusterImpl-2bb5002b-f3eb-4fa7-bf0d-d672f8b55c5b/datanode-1/data/ratis] (custom)
2019-11-13 21:46:51,092 [pool-187-thread-1] INFO  server.RaftServerConfigKeys (ConfUtils.java:logGet(43)) - raft.server.log.corruption.policy = EXCEPTION (default)
2019-11-13 21:46:51,092 [pool-187-thread-1] INFO  storage.RaftStorageDirectory (RaftStorageDirectory.java:analyzeStorage(246)) - The storage directory /workdir/hadoop-ozone/ozonefs/target/test-dir/MiniOzoneClusterImpl-2bb5002b-f3eb-4fa7-bf0d-d672f8b55c5b/datanode-1/data/ratis/da7790d2-83dc-4898-85e8-6a029fc062b8 does not exist. Creating ...
2019-11-13 21:46:51,097 [pool-177-thread-1] INFO  storage.RaftStorage (RaftStorage.java:format(84)) - Storage directory /workdir/hadoop-ozone/ozonefs/target/test-dir/MiniOzoneClusterImpl-2bb5002b-f3eb-4fa7-bf0d-d672f8b55c5b/datanode-0/data/ratis/b244af97-18a0-4d60-855c-3bde17ed132e has been successfully formatted.
2019-11-13 21:46:51,097 [pool-177-thread-1] INFO  ratis.ContainerStateMachine (ContainerStateMachine.java:loadSnapshot(223)) - group-3BDE17ED132E: The snapshot info is null. Setting the last applied indexto:(t:0, i:~)
2019-11-13 21:46:51,097 [pool-177-thread-1] INFO  server.RaftServerConfigKeys (ConfUtils.java:logGet(43)) - raft.server.notification.no-leader.timeout = 120s (custom)
2019-11-13 21:46:51,097 [pool-177-thread-1] INFO  server.RaftServerConfigKeys (ConfUtils.java:logGet(43)) - raft.server.log.use.memory = false (default)
2019-11-13 21:46:51,097 [pool-177-thread-1] INFO  server.RaftServerConfigKeys (ConfUtils.java:logGet(43)) - raft.server.log.purge.gap = 1000000 (custom)
2019-11-13 21:46:51,098 [pool-177-thread-1] INFO  server.RaftServerConfigKeys (ConfUtils.java:logGet(43)) - raft.server.log.appender.buffer.byte-limit = 33554432 (custom)
2019-11-13 21:46:51,098 [pool-177-thread-1] INFO  server.RaftServerConfigKeys (ConfUtils.java:logGet(43)) - raft.server.log.segment.size.max = 1048576 (custom)
2019-11-13 21:46:51,098 [pool-177-thread-1] INFO  server.RaftServerConfigKeys (ConfUtils.java:logGet(43)) - raft.server.log.segment.cache.num.max = 2 (custom)
2019-11-13 21:46:51,098 [pool-177-thread-1] INFO  segmented.SegmentedRaftLogWorker (SegmentedRaftLogWorker.java:<init>(173)) - new dcad5acd-0e3b-4336-98e2-abbadaf23ad5@group-3BDE17ED132E-SegmentedRaftLogWorker for RaftStorage:Storage Directory /workdir/hadoop-ozone/ozonefs/target/test-dir/MiniOzoneClusterImpl-2bb5002b-f3eb-4fa7-bf0d-d672f8b55c5b/datanode-0/data/ratis/b244af97-18a0-4d60-855c-3bde17ed132e
2019-11-13 21:46:51,098 [pool-177-thread-1] INFO  server.RaftServerConfigKeys (ConfUtils.java:logGet(43)) - raft.server.log.queue.byte-limit = 2147483647 (custom)
2019-11-13 21:46:51,098 [pool-177-thread-1] INFO  server.RaftServerConfigKeys (ConfUtils.java:logGet(43)) - raft.server.log.queue.element-limit = 1024 (custom)
2019-11-13 21:46:51,099 [pool-177-thread-1] INFO  server.RaftServerConfigKeys (ConfUtils.java:logGet(43)) - raft.server.log.segment.size.max = 1048576 (custom)
2019-11-13 21:46:51,099 [pool-177-thread-1] INFO  server.RaftServerConfigKeys (ConfUtils.java:logGet(43)) - raft.server.log.preallocated.size = 16384 (custom)
2019-11-13 21:46:51,099 [pool-177-thread-1] INFO  server.RaftServerConfigKeys (ConfUtils.java:logGet(43)) - raft.server.log.write.buffer.size = 33554432 (custom)
2019-11-13 21:46:51,099 [pool-177-thread-1] INFO  server.RaftServerConfigKeys (ConfUtils.java:logGet(43)) - raft.server.log.force.sync.num = 128 (default)
2019-11-13 21:46:51,099 [pool-177-thread-1] INFO  server.RaftServerConfigKeys (ConfUtils.java:logGet(43)) - raft.server.log.statemachine.data.sync = true (default)
2019-11-13 21:46:51,099 [pool-177-thread-1] INFO  server.RaftServerConfigKeys (ConfUtils.java:logGet(43)) - raft.server.log.statemachine.data.sync.timeout = 10s (default)
2019-11-13 21:46:51,099 [pool-177-thread-1] INFO  server.RaftServerConfigKeys (ConfUtils.java:logGet(43)) - raft.server.log.statemachine.data.sync.timeout.retry = -1 (default)
2019-11-13 21:46:51,100 [pool-177-thread-1] INFO  server.RaftServerConfigKeys (ConfUtils.java:logGet(43)) - raft.server.log.statemachine.data.caching.enabled = true (custom)
2019-11-13 21:46:51,115 [pool-187-thread-1] INFO  storage.RaftStorageDirectory (RaftStorageDirectory.java:tryLock(328)) - Lock on /workdir/hadoop-ozone/ozonefs/target/test-dir/MiniOzoneClusterImpl-2bb5002b-f3eb-4fa7-bf0d-d672f8b55c5b/datanode-1/data/ratis/da7790d2-83dc-4898-85e8-6a029fc062b8/in_use.lock acquired by nodename 28847@pr-hdds-2470-fxbl9-3826649461
2019-11-13 21:46:51,115 [pool-197-thread-1] INFO  storage.RaftStorage (RaftStorage.java:format(84)) - Storage directory /workdir/hadoop-ozone/ozonefs/target/test-dir/MiniOzoneClusterImpl-2bb5002b-f3eb-4fa7-bf0d-d672f8b55c5b/datanode-2/data/ratis/3044f0ae-3d19-4f0e-9ef8-fc87db4793f9 has been successfully formatted.
2019-11-13 21:46:51,116 [pool-177-thread-1] INFO  segmented.SegmentedRaftLogWorker (SegmentedRaftLogWorker.java:lambda$new$0(128)) - dcad5acd-0e3b-4336-98e2-abbadaf23ad5@group-3BDE17ED132E-SegmentedRaftLogWorker: flushIndex: setUnconditionally 0 -> -1
2019-11-13 21:46:51,116 [pool-197-thread-1] INFO  ratis.ContainerStateMachine (ContainerStateMachine.java:loadSnapshot(223)) - group-FC87DB4793F9: The snapshot info is null. Setting the last applied indexto:(t:0, i:~)
2019-11-13 21:46:51,116 [pool-177-thread-1] INFO  server.RaftServerConfigKeys (ConfUtils.java:logGet(43)) - raft.server.snapshot.auto.trigger.enabled = true (custom)
2019-11-13 21:46:51,116 [pool-197-thread-1] INFO  server.RaftServerConfigKeys (ConfUtils.java:logGet(43)) - raft.server.notification.no-leader.timeout = 120s (custom)
2019-11-13 21:46:51,116 [pool-177-thread-1] INFO  server.RaftServerConfigKeys (ConfUtils.java:logGet(43)) - raft.server.snapshot.auto.trigger.threshold = 10000 (custom)
2019-11-13 21:46:51,116 [pool-197-thread-1] INFO  server.RaftServerConfigKeys (ConfUtils.java:logGet(43)) - raft.server.log.use.memory = false (default)
2019-11-13 21:46:51,116 [pool-177-thread-1] INFO  server.RaftServerConfigKeys (ConfUtils.java:logGet(43)) - raft.server.snapshot.retention.file.num = 5 (custom)
2019-11-13 21:46:51,118 [pool-197-thread-1] INFO  server.RaftServerConfigKeys (ConfUtils.java:logGet(43)) - raft.server.log.purge.gap = 1000000 (custom)
2019-11-13 21:46:51,118 [pool-177-thread-1] INFO  server.RaftServerConfigKeys (ConfUtils.java:logGet(43)) - raft.server.retrycache.expirytime = 600000ms (custom)
2019-11-13 21:46:51,118 [pool-197-thread-1] INFO  server.RaftServerConfigKeys (ConfUtils.java:logGet(43)) - raft.server.log.appender.buffer.byte-limit = 33554432 (custom)
2019-11-13 21:46:51,119 [pool-177-thread-1] WARN  impl.MetricRegistriesImpl (MetricRegistriesImpl.java:lambda$create$1(61)) - First MetricRegistry has been created without registering reporters. You may need to call MetricRegistries.global().addReportRegistration(...) before.
2019-11-13 21:46:51,119 [pool-197-thread-1] INFO  server.RaftServerConfigKeys (ConfUtils.java:logGet(43)) - raft.server.log.segment.size.max = 1048576 (custom)
2019-11-13 21:46:51,119 [pool-177-thread-1] WARN  impl.MetricRegistriesImpl (MetricRegistriesImpl.java:lambda$create$1(61)) - First MetricRegistry has been created without registering reporters. You may need to call MetricRegistries.global().addReportRegistration(...) before.
2019-11-13 21:46:51,119 [pool-197-thread-1] INFO  server.RaftServerConfigKeys (ConfUtils.java:logGet(43)) - raft.server.log.segment.cache.num.max = 2 (custom)
2019-11-13 21:46:51,119 [pool-197-thread-1] INFO  segmented.SegmentedRaftLogWorker (SegmentedRaftLogWorker.java:<init>(173)) - new 967749f5-60f8-4775-800f-ac118f332ec3@group-FC87DB4793F9-SegmentedRaftLogWorker for RaftStorage:Storage Directory /workdir/hadoop-ozone/ozonefs/target/test-dir/MiniOzoneClusterImpl-2bb5002b-f3eb-4fa7-bf0d-d672f8b55c5b/datanode-2/data/ratis/3044f0ae-3d19-4f0e-9ef8-fc87db4793f9
2019-11-13 21:46:51,119 [pool-197-thread-1] INFO  server.RaftServerConfigKeys (ConfUtils.java:logGet(43)) - raft.server.log.queue.byte-limit = 2147483647 (custom)
2019-11-13 21:46:51,119 [pool-197-thread-1] INFO  server.RaftServerConfigKeys (ConfUtils.java:logGet(43)) - raft.server.log.queue.element-limit = 1024 (custom)
2019-11-13 21:46:51,119 [pool-197-thread-1] INFO  server.RaftServerConfigKeys (ConfUtils.java:logGet(43)) - raft.server.log.segment.size.max = 1048576 (custom)
2019-11-13 21:46:51,119 [pool-197-thread-1] INFO  server.RaftServerConfigKeys (ConfUtils.java:logGet(43)) - raft.server.log.preallocated.size = 16384 (custom)
2019-11-13 21:46:51,119 [pool-197-thread-1] INFO  server.RaftServerConfigKeys (ConfUtils.java:logGet(43)) - raft.server.log.write.buffer.size = 33554432 (custom)
2019-11-13 21:46:51,120 [pool-197-thread-1] INFO  server.RaftServerConfigKeys (ConfUtils.java:logGet(43)) - raft.server.log.force.sync.num = 128 (default)
2019-11-13 21:46:51,120 [pool-197-thread-1] INFO  server.RaftServerConfigKeys (ConfUtils.java:logGet(43)) - raft.server.log.statemachine.data.sync = true (default)
2019-11-13 21:46:51,120 [pool-197-thread-1] INFO  server.RaftServerConfigKeys (ConfUtils.java:logGet(43)) - raft.server.log.statemachine.data.sync.timeout = 10s (default)
2019-11-13 21:46:51,120 [pool-197-thread-1] INFO  server.RaftServerConfigKeys (ConfUtils.java:logGet(43)) - raft.server.log.statemachine.data.sync.timeout.retry = -1 (default)
2019-11-13 21:46:51,120 [pool-177-thread-1] INFO  impl.RaftServerImpl (RaftServerImpl.java:<init>(98)) - dcad5acd-0e3b-4336-98e2-abbadaf23ad5: new RaftServerImpl for group-6A029FC062B8:[dcad5acd-0e3b-4336-98e2-abbadaf23ad5:192.168.34.20:33066, 6cc8209c-e457-4756-a8d8-a7119d564131:192.168.34.20:40739, 967749f5-60f8-4775-800f-ac118f332ec3:192.168.34.20:39594] with ContainerStateMachine:uninitialized
2019-11-13 21:46:51,120 [pool-197-thread-1] INFO  server.RaftServerConfigKeys (ConfUtils.java:logGet(43)) - raft.server.log.statemachine.data.caching.enabled = true (custom)
2019-11-13 21:46:51,120 [pool-177-thread-1] INFO  server.RaftServerConfigKeys (ConfUtils.java:logGet(43)) - raft.server.rpc.timeout.min = 5s (custom)
2019-11-13 21:46:51,120 [pool-177-thread-1] INFO  server.RaftServerConfigKeys (ConfUtils.java:logGet(43)) - raft.server.rpc.timeout.max = 5200ms (custom)
2019-11-13 21:46:51,120 [pool-197-thread-1] INFO  segmented.SegmentedRaftLogWorker (SegmentedRaftLogWorker.java:lambda$new$0(128)) - 967749f5-60f8-4775-800f-ac118f332ec3@group-FC87DB4793F9-SegmentedRaftLogWorker: flushIndex: setUnconditionally 0 -> -1
2019-11-13 21:46:51,120 [pool-177-thread-1] INFO  server.RaftServerConfigKeys (ConfUtils.java:logGet(43)) - raft.server.rpcslowness.timeout = 120s (custom)
2019-11-13 21:46:51,121 [pool-177-thread-1] INFO  server.RaftServerConfigKeys (ConfUtils.java:logGet(43)) - raft.server.sleep.deviation.threshold = 300 (default)
2019-11-13 21:46:51,121 [pool-197-thread-1] INFO  server.RaftServerConfigKeys (ConfUtils.java:logGet(43)) - raft.server.snapshot.auto.trigger.enabled = true (custom)
2019-11-13 21:46:51,121 [pool-177-thread-1] INFO  server.RaftServerConfigKeys (ConfUtils.java:logGet(43)) - raft.server.log.appender.install.snapshot.enabled = false (custom)
2019-11-13 21:46:51,121 [pool-197-thread-1] INFO  server.RaftServerConfigKeys (ConfUtils.java:logGet(43)) - raft.server.snapshot.auto.trigger.threshold = 10000 (custom)
2019-11-13 21:46:51,121 [pool-177-thread-1] INFO  impl.RaftServerImpl (ServerState.java:<init>(103)) - dcad5acd-0e3b-4336-98e2-abbadaf23ad5@group-6A029FC062B8: ConfigurationManager, init=-1: [dcad5acd-0e3b-4336-98e2-abbadaf23ad5:192.168.34.20:33066, 6cc8209c-e457-4756-a8d8-a7119d564131:192.168.34.20:40739, 967749f5-60f8-4775-800f-ac118f332ec3:192.168.34.20:39594], old=null, confs=<EMPTY_MAP>
2019-11-13 21:46:51,121 [pool-197-thread-1] INFO  server.RaftServerConfigKeys (ConfUtils.java:logGet(43)) - raft.server.snapshot.retention.file.num = 5 (custom)
2019-11-13 21:46:51,121 [pool-177-thread-1] INFO  server.RaftServerConfigKeys (ConfUtils.java:logGet(43)) - raft.server.storage.dir = [/workdir/hadoop-ozone/ozonefs/target/test-dir/MiniOzoneClusterImpl-2bb5002b-f3eb-4fa7-bf0d-d672f8b55c5b/datanode-0/data/ratis] (custom)
2019-11-13 21:46:51,121 [pool-197-thread-1] INFO  server.RaftServerConfigKeys (ConfUtils.java:logGet(43)) - raft.server.retrycache.expirytime = 600000ms (custom)
2019-11-13 21:46:51,121 [pool-177-thread-1] INFO  server.RaftServerConfigKeys (ConfUtils.java:logGet(43)) - raft.server.log.corruption.policy = EXCEPTION (default)
2019-11-13 21:46:51,121 [pool-197-thread-1] WARN  impl.MetricRegistriesImpl (MetricRegistriesImpl.java:lambda$create$1(61)) - First MetricRegistry has been created without registering reporters. You may need to call MetricRegistries.global().addReportRegistration(...) before.
2019-11-13 21:46:51,122 [pool-177-thread-1] INFO  storage.RaftStorageDirectory (RaftStorageDirectory.java:analyzeStorage(246)) - The storage directory /workdir/hadoop-ozone/ozonefs/target/test-dir/MiniOzoneClusterImpl-2bb5002b-f3eb-4fa7-bf0d-d672f8b55c5b/datanode-0/data/ratis/da7790d2-83dc-4898-85e8-6a029fc062b8 does not exist. Creating ...
2019-11-13 21:46:51,122 [pool-197-thread-1] WARN  impl.MetricRegistriesImpl (MetricRegistriesImpl.java:lambda$create$1(61)) - First MetricRegistry has been created without registering reporters. You may need to call MetricRegistries.global().addReportRegistration(...) before.
2019-11-13 21:46:51,124 [pool-197-thread-1] INFO  impl.RaftServerImpl (RaftServerImpl.java:<init>(98)) - 967749f5-60f8-4775-800f-ac118f332ec3: new RaftServerImpl for group-622AF9E17E76:[967749f5-60f8-4775-800f-ac118f332ec3:192.168.34.20:39594] with ContainerStateMachine:uninitialized
2019-11-13 21:46:51,124 [pool-197-thread-1] INFO  server.RaftServerConfigKeys (ConfUtils.java:logGet(43)) - raft.server.rpc.timeout.min = 5s (custom)
2019-11-13 21:46:51,124 [pool-197-thread-1] INFO  server.RaftServerConfigKeys (ConfUtils.java:logGet(43)) - raft.server.rpc.timeout.max = 5200ms (custom)
2019-11-13 21:46:51,124 [pool-197-thread-1] INFO  server.RaftServerConfigKeys (ConfUtils.java:logGet(43)) - raft.server.rpcslowness.timeout = 120s (custom)
2019-11-13 21:46:51,124 [pool-197-thread-1] INFO  server.RaftServerConfigKeys (ConfUtils.java:logGet(43)) - raft.server.sleep.deviation.threshold = 300 (default)
2019-11-13 21:46:51,124 [pool-197-thread-1] INFO  server.RaftServerConfigKeys (ConfUtils.java:logGet(43)) - raft.server.log.appender.install.snapshot.enabled = false (custom)
2019-11-13 21:46:51,124 [pool-197-thread-1] INFO  impl.RaftServerImpl (ServerState.java:<init>(103)) - 967749f5-60f8-4775-800f-ac118f332ec3@group-622AF9E17E76: ConfigurationManager, init=-1: [967749f5-60f8-4775-800f-ac118f332ec3:192.168.34.20:39594], old=null, confs=<EMPTY_MAP>
2019-11-13 21:46:51,124 [pool-197-thread-1] INFO  server.RaftServerConfigKeys (ConfUtils.java:logGet(43)) - raft.server.storage.dir = [/workdir/hadoop-ozone/ozonefs/target/test-dir/MiniOzoneClusterImpl-2bb5002b-f3eb-4fa7-bf0d-d672f8b55c5b/datanode-2/data/ratis] (custom)
2019-11-13 21:46:51,125 [pool-197-thread-1] INFO  server.RaftServerConfigKeys (ConfUtils.java:logGet(43)) - raft.server.log.corruption.policy = EXCEPTION (default)
2019-11-13 21:46:51,125 [pool-197-thread-1] INFO  storage.RaftStorageDirectory (RaftStorageDirectory.java:analyzeStorage(246)) - The storage directory /workdir/hadoop-ozone/ozonefs/target/test-dir/MiniOzoneClusterImpl-2bb5002b-f3eb-4fa7-bf0d-d672f8b55c5b/datanode-2/data/ratis/56a28343-0918-4675-98ec-622af9e17e76 does not exist. Creating ...
2019-11-13 21:46:51,137 [pool-177-thread-1] INFO  storage.RaftStorageDirectory (RaftStorageDirectory.java:tryLock(328)) - Lock on /workdir/hadoop-ozone/ozonefs/target/test-dir/MiniOzoneClusterImpl-2bb5002b-f3eb-4fa7-bf0d-d672f8b55c5b/datanode-0/data/ratis/da7790d2-83dc-4898-85e8-6a029fc062b8/in_use.lock acquired by nodename 28847@pr-hdds-2470-fxbl9-3826649461
2019-11-13 21:46:51,137 [pool-187-thread-1] INFO  storage.RaftStorage (RaftStorage.java:format(84)) - Storage directory /workdir/hadoop-ozone/ozonefs/target/test-dir/MiniOzoneClusterImpl-2bb5002b-f3eb-4fa7-bf0d-d672f8b55c5b/datanode-1/data/ratis/da7790d2-83dc-4898-85e8-6a029fc062b8 has been successfully formatted.
2019-11-13 21:46:51,137 [pool-197-thread-1] INFO  storage.RaftStorageDirectory (RaftStorageDirectory.java:tryLock(328)) - Lock on /workdir/hadoop-ozone/ozonefs/target/test-dir/MiniOzoneClusterImpl-2bb5002b-f3eb-4fa7-bf0d-d672f8b55c5b/datanode-2/data/ratis/56a28343-0918-4675-98ec-622af9e17e76/in_use.lock acquired by nodename 28847@pr-hdds-2470-fxbl9-3826649461
2019-11-13 21:46:51,137 [pool-187-thread-1] INFO  ratis.ContainerStateMachine (ContainerStateMachine.java:loadSnapshot(223)) - group-6A029FC062B8: The snapshot info is null. Setting the last applied indexto:(t:0, i:~)
2019-11-13 21:46:51,138 [pool-187-thread-1] INFO  server.RaftServerConfigKeys (ConfUtils.java:logGet(43)) - raft.server.notification.no-leader.timeout = 120s (custom)
2019-11-13 21:46:51,138 [pool-187-thread-1] INFO  server.RaftServerConfigKeys (ConfUtils.java:logGet(43)) - raft.server.log.use.memory = false (default)
2019-11-13 21:46:51,138 [pool-187-thread-1] INFO  server.RaftServerConfigKeys (ConfUtils.java:logGet(43)) - raft.server.log.purge.gap = 1000000 (custom)
2019-11-13 21:46:51,138 [pool-187-thread-1] INFO  server.RaftServerConfigKeys (ConfUtils.java:logGet(43)) - raft.server.log.appender.buffer.byte-limit = 33554432 (custom)
2019-11-13 21:46:51,138 [pool-187-thread-1] INFO  server.RaftServerConfigKeys (ConfUtils.java:logGet(43)) - raft.server.log.segment.size.max = 1048576 (custom)
2019-11-13 21:46:51,138 [pool-187-thread-1] INFO  server.RaftServerConfigKeys (ConfUtils.java:logGet(43)) - raft.server.log.segment.cache.num.max = 2 (custom)
2019-11-13 21:46:51,138 [pool-187-thread-1] INFO  segmented.SegmentedRaftLogWorker (SegmentedRaftLogWorker.java:<init>(173)) - new 6cc8209c-e457-4756-a8d8-a7119d564131@group-6A029FC062B8-SegmentedRaftLogWorker for RaftStorage:Storage Directory /workdir/hadoop-ozone/ozonefs/target/test-dir/MiniOzoneClusterImpl-2bb5002b-f3eb-4fa7-bf0d-d672f8b55c5b/datanode-1/data/ratis/da7790d2-83dc-4898-85e8-6a029fc062b8
2019-11-13 21:46:51,138 [pool-187-thread-1] INFO  server.RaftServerConfigKeys (ConfUtils.java:logGet(43)) - raft.server.log.queue.byte-limit = 2147483647 (custom)
2019-11-13 21:46:51,138 [pool-187-thread-1] INFO  server.RaftServerConfigKeys (ConfUtils.java:logGet(43)) - raft.server.log.queue.element-limit = 1024 (custom)
2019-11-13 21:46:51,138 [pool-187-thread-1] INFO  server.RaftServerConfigKeys (ConfUtils.java:logGet(43)) - raft.server.log.segment.size.max = 1048576 (custom)
2019-11-13 21:46:51,138 [pool-187-thread-1] INFO  server.RaftServerConfigKeys (ConfUtils.java:logGet(43)) - raft.server.log.preallocated.size = 16384 (custom)
2019-11-13 21:46:51,139 [pool-187-thread-1] INFO  server.RaftServerConfigKeys (ConfUtils.java:logGet(43)) - raft.server.log.write.buffer.size = 33554432 (custom)
2019-11-13 21:46:51,139 [pool-187-thread-1] INFO  server.RaftServerConfigKeys (ConfUtils.java:logGet(43)) - raft.server.log.force.sync.num = 128 (default)
2019-11-13 21:46:51,139 [pool-187-thread-1] INFO  server.RaftServerConfigKeys (ConfUtils.java:logGet(43)) - raft.server.log.statemachine.data.sync = true (default)
2019-11-13 21:46:51,139 [pool-187-thread-1] INFO  server.RaftServerConfigKeys (ConfUtils.java:logGet(43)) - raft.server.log.statemachine.data.sync.timeout = 10s (default)
2019-11-13 21:46:51,139 [pool-187-thread-1] INFO  server.RaftServerConfigKeys (ConfUtils.java:logGet(43)) - raft.server.log.statemachine.data.sync.timeout.retry = -1 (default)
2019-11-13 21:46:51,139 [pool-187-thread-1] INFO  server.RaftServerConfigKeys (ConfUtils.java:logGet(43)) - raft.server.log.statemachine.data.caching.enabled = true (custom)
2019-11-13 21:46:51,139 [pool-187-thread-1] INFO  segmented.SegmentedRaftLogWorker (SegmentedRaftLogWorker.java:lambda$new$0(128)) - 6cc8209c-e457-4756-a8d8-a7119d564131@group-6A029FC062B8-SegmentedRaftLogWorker: flushIndex: setUnconditionally 0 -> -1
2019-11-13 21:46:51,140 [pool-187-thread-1] INFO  server.RaftServerConfigKeys (ConfUtils.java:logGet(43)) - raft.server.snapshot.auto.trigger.enabled = true (custom)
2019-11-13 21:46:51,140 [pool-187-thread-1] INFO  server.RaftServerConfigKeys (ConfUtils.java:logGet(43)) - raft.server.snapshot.auto.trigger.threshold = 10000 (custom)
2019-11-13 21:46:51,140 [pool-187-thread-1] INFO  server.RaftServerConfigKeys (ConfUtils.java:logGet(43)) - raft.server.snapshot.retention.file.num = 5 (custom)
2019-11-13 21:46:51,140 [pool-187-thread-1] INFO  server.RaftServerConfigKeys (ConfUtils.java:logGet(43)) - raft.server.retrycache.expirytime = 600000ms (custom)
2019-11-13 21:46:51,140 [pool-187-thread-1] WARN  impl.MetricRegistriesImpl (MetricRegistriesImpl.java:lambda$create$1(61)) - First MetricRegistry has been created without registering reporters. You may need to call MetricRegistries.global().addReportRegistration(...) before.
2019-11-13 21:46:51,140 [pool-187-thread-1] WARN  impl.MetricRegistriesImpl (MetricRegistriesImpl.java:lambda$create$1(61)) - First MetricRegistry has been created without registering reporters. You may need to call MetricRegistries.global().addReportRegistration(...) before.
2019-11-13 21:46:51,140 [pool-187-thread-1] INFO  impl.RaftServerImpl (RaftServerImpl.java:start(184)) - 6cc8209c-e457-4756-a8d8-a7119d564131@group-3BDE17ED132E: start as a follower, conf=-1: [dcad5acd-0e3b-4336-98e2-abbadaf23ad5:192.168.34.20:33066, 6cc8209c-e457-4756-a8d8-a7119d564131:192.168.34.20:40739, 967749f5-60f8-4775-800f-ac118f332ec3:192.168.34.20:39594], old=null
2019-11-13 21:46:51,140 [pool-187-thread-1] INFO  impl.RaftServerImpl (RaftServerImpl.java:setRole(173)) - 6cc8209c-e457-4756-a8d8-a7119d564131@group-3BDE17ED132E: changes role from      null to FOLLOWER at term 0 for startAsFollower
2019-11-13 21:46:51,141 [pool-187-thread-1] INFO  impl.RoleInfo (RoleInfo.java:updateAndGet(143)) - 6cc8209c-e457-4756-a8d8-a7119d564131: start FollowerState
2019-11-13 21:46:51,142 [pool-187-thread-1] INFO  util.JmxRegister (JmxRegister.java:tryRegister(44)) - Successfully registered JMX Bean with object name Ratis:service=RaftServer,group=group-3BDE17ED132E,id=6cc8209c-e457-4756-a8d8-a7119d564131
2019-11-13 21:46:51,142 [pool-187-thread-1] WARN  impl.MetricRegistriesImpl (MetricRegistriesImpl.java:lambda$create$1(61)) - First MetricRegistry has been created without registering reporters. You may need to call MetricRegistries.global().addReportRegistration(...) before.
2019-11-13 21:46:51,143 [pool-187-thread-1] INFO  impl.RaftServerImpl (RaftServerImpl.java:start(184)) - 6cc8209c-e457-4756-a8d8-a7119d564131@group-6A029FC062B8: start as a follower, conf=-1: [dcad5acd-0e3b-4336-98e2-abbadaf23ad5:192.168.34.20:33066, 6cc8209c-e457-4756-a8d8-a7119d564131:192.168.34.20:40739, 967749f5-60f8-4775-800f-ac118f332ec3:192.168.34.20:39594], old=null
2019-11-13 21:46:51,143 [pool-187-thread-1] INFO  impl.RaftServerImpl (RaftServerImpl.java:setRole(173)) - 6cc8209c-e457-4756-a8d8-a7119d564131@group-6A029FC062B8: changes role from      null to FOLLOWER at term 0 for startAsFollower
2019-11-13 21:46:51,143 [pool-187-thread-1] INFO  impl.RoleInfo (RoleInfo.java:updateAndGet(143)) - 6cc8209c-e457-4756-a8d8-a7119d564131: start FollowerState
2019-11-13 21:46:51,143 [pool-187-thread-1] INFO  util.JmxRegister (JmxRegister.java:tryRegister(44)) - Successfully registered JMX Bean with object name Ratis:service=RaftServer,group=group-6A029FC062B8,id=6cc8209c-e457-4756-a8d8-a7119d564131
2019-11-13 21:46:51,143 [pool-187-thread-1] WARN  impl.MetricRegistriesImpl (MetricRegistriesImpl.java:lambda$create$1(61)) - First MetricRegistry has been created without registering reporters. You may need to call MetricRegistries.global().addReportRegistration(...) before.
2019-11-13 21:46:51,176 [pool-197-thread-1] INFO  storage.RaftStorage (RaftStorage.java:format(84)) - Storage directory /workdir/hadoop-ozone/ozonefs/target/test-dir/MiniOzoneClusterImpl-2bb5002b-f3eb-4fa7-bf0d-d672f8b55c5b/datanode-2/data/ratis/56a28343-0918-4675-98ec-622af9e17e76 has been successfully formatted.
2019-11-13 21:46:51,176 [pool-177-thread-1] INFO  storage.RaftStorage (RaftStorage.java:format(84)) - Storage directory /workdir/hadoop-ozone/ozonefs/target/test-dir/MiniOzoneClusterImpl-2bb5002b-f3eb-4fa7-bf0d-d672f8b55c5b/datanode-0/data/ratis/da7790d2-83dc-4898-85e8-6a029fc062b8 has been successfully formatted.
2019-11-13 21:46:51,177 [pool-197-thread-1] INFO  ratis.ContainerStateMachine (ContainerStateMachine.java:loadSnapshot(223)) - group-622AF9E17E76: The snapshot info is null. Setting the last applied indexto:(t:0, i:~)
2019-11-13 21:46:51,177 [pool-177-thread-1] INFO  ratis.ContainerStateMachine (ContainerStateMachine.java:loadSnapshot(223)) - group-6A029FC062B8: The snapshot info is null. Setting the last applied indexto:(t:0, i:~)
2019-11-13 21:46:51,177 [grpc-default-executor-0] INFO  impl.RaftServerProxy (RaftServerProxy.java:addNew(89)) - 967749f5-60f8-4775-800f-ac118f332ec3: addNew group-3C9007E7BB47:[dcad5acd-0e3b-4336-98e2-abbadaf23ad5:192.168.34.20:33066, 6cc8209c-e457-4756-a8d8-a7119d564131:192.168.34.20:40739, 967749f5-60f8-4775-800f-ac118f332ec3:192.168.34.20:39594] returns group-3C9007E7BB47:java.util.concurrent.CompletableFuture@5ffa14b8[Not completed]
2019-11-13 21:46:51,177 [grpc-default-executor-3] INFO  impl.RaftServerProxy (RaftServerProxy.java:addNew(89)) - 6cc8209c-e457-4756-a8d8-a7119d564131: addNew group-3C9007E7BB47:[dcad5acd-0e3b-4336-98e2-abbadaf23ad5:192.168.34.20:33066, 6cc8209c-e457-4756-a8d8-a7119d564131:192.168.34.20:40739, 967749f5-60f8-4775-800f-ac118f332ec3:192.168.34.20:39594] returns group-3C9007E7BB47:java.util.concurrent.CompletableFuture@9e3db9[Not completed]
2019-11-13 21:46:51,177 [grpc-default-executor-1] INFO  impl.RaftServerProxy (RaftServerProxy.java:addNew(89)) - dcad5acd-0e3b-4336-98e2-abbadaf23ad5: addNew group-3C9007E7BB47:[dcad5acd-0e3b-4336-98e2-abbadaf23ad5:192.168.34.20:33066, 6cc8209c-e457-4756-a8d8-a7119d564131:192.168.34.20:40739, 967749f5-60f8-4775-800f-ac118f332ec3:192.168.34.20:39594] returns group-3C9007E7BB47:java.util.concurrent.CompletableFuture@5ec6f962[Not completed]
2019-11-13 21:46:51,177 [pool-197-thread-1] INFO  server.RaftServerConfigKeys (ConfUtils.java:logGet(43)) - raft.server.notification.no-leader.timeout = 120s (custom)
2019-11-13 21:46:51,178 [pool-197-thread-1] INFO  server.RaftServerConfigKeys (ConfUtils.java:logGet(43)) - raft.server.log.use.memory = false (default)
2019-11-13 21:46:51,177 [pool-177-thread-1] INFO  server.RaftServerConfigKeys (ConfUtils.java:logGet(43)) - raft.server.notification.no-leader.timeout = 120s (custom)
2019-11-13 21:46:51,178 [pool-197-thread-1] INFO  server.RaftServerConfigKeys (ConfUtils.java:logGet(43)) - raft.server.log.purge.gap = 1000000 (custom)
2019-11-13 21:46:51,178 [pool-177-thread-1] INFO  server.RaftServerConfigKeys (ConfUtils.java:logGet(43)) - raft.server.log.use.memory = false (default)
2019-11-13 21:46:51,178 [pool-197-thread-1] INFO  server.RaftServerConfigKeys (ConfUtils.java:logGet(43)) - raft.server.log.appender.buffer.byte-limit = 33554432 (custom)
2019-11-13 21:46:51,178 [pool-187-thread-1] INFO  impl.RaftServerImpl (RaftServerImpl.java:<init>(98)) - 6cc8209c-e457-4756-a8d8-a7119d564131: new RaftServerImpl for group-3C9007E7BB47:[dcad5acd-0e3b-4336-98e2-abbadaf23ad5:192.168.34.20:33066, 6cc8209c-e457-4756-a8d8-a7119d564131:192.168.34.20:40739, 967749f5-60f8-4775-800f-ac118f332ec3:192.168.34.20:39594] with ContainerStateMachine:uninitialized
2019-11-13 21:46:51,178 [pool-177-thread-1] INFO  server.RaftServerConfigKeys (ConfUtils.java:logGet(43)) - raft.server.log.purge.gap = 1000000 (custom)
2019-11-13 21:46:51,178 [pool-187-thread-1] INFO  server.RaftServerConfigKeys (ConfUtils.java:logGet(43)) - raft.server.rpc.timeout.min = 5s (custom)
2019-11-13 21:46:51,178 [pool-197-thread-1] INFO  server.RaftServerConfigKeys (ConfUtils.java:logGet(43)) - raft.server.log.segment.size.max = 1048576 (custom)
2019-11-13 21:46:51,179 [pool-187-thread-1] INFO  server.RaftServerConfigKeys (ConfUtils.java:logGet(43)) - raft.server.rpc.timeout.max = 5200ms (custom)
2019-11-13 21:46:51,179 [pool-177-thread-1] INFO  server.RaftServerConfigKeys (ConfUtils.java:logGet(43)) - raft.server.log.appender.buffer.byte-limit = 33554432 (custom)
2019-11-13 21:46:51,179 [pool-187-thread-1] INFO  server.RaftServerConfigKeys (ConfUtils.java:logGet(43)) - raft.server.rpcslowness.timeout = 120s (custom)
2019-11-13 21:46:51,179 [pool-197-thread-1] INFO  server.RaftServerConfigKeys (ConfUtils.java:logGet(43)) - raft.server.log.segment.cache.num.max = 2 (custom)
2019-11-13 21:46:51,179 [pool-187-thread-1] INFO  server.RaftServerConfigKeys (ConfUtils.java:logGet(43)) - raft.server.sleep.deviation.threshold = 300 (default)
2019-11-13 21:46:51,179 [pool-177-thread-1] INFO  server.RaftServerConfigKeys (ConfUtils.java:logGet(43)) - raft.server.log.segment.size.max = 1048576 (custom)
2019-11-13 21:46:51,179 [pool-187-thread-1] INFO  server.RaftServerConfigKeys (ConfUtils.java:logGet(43)) - raft.server.log.appender.install.snapshot.enabled = false (custom)
2019-11-13 21:46:51,179 [pool-197-thread-1] INFO  segmented.SegmentedRaftLogWorker (SegmentedRaftLogWorker.java:<init>(173)) - new 967749f5-60f8-4775-800f-ac118f332ec3@group-622AF9E17E76-SegmentedRaftLogWorker for RaftStorage:Storage Directory /workdir/hadoop-ozone/ozonefs/target/test-dir/MiniOzoneClusterImpl-2bb5002b-f3eb-4fa7-bf0d-d672f8b55c5b/datanode-2/data/ratis/56a28343-0918-4675-98ec-622af9e17e76
2019-11-13 21:46:51,179 [pool-187-thread-1] INFO  impl.RaftServerImpl (ServerState.java:<init>(103)) - 6cc8209c-e457-4756-a8d8-a7119d564131@group-3C9007E7BB47: ConfigurationManager, init=-1: [dcad5acd-0e3b-4336-98e2-abbadaf23ad5:192.168.34.20:33066, 6cc8209c-e457-4756-a8d8-a7119d564131:192.168.34.20:40739, 967749f5-60f8-4775-800f-ac118f332ec3:192.168.34.20:39594], old=null, confs=<EMPTY_MAP>
2019-11-13 21:46:51,179 [pool-177-thread-1] INFO  server.RaftServerConfigKeys (ConfUtils.java:logGet(43)) - raft.server.log.segment.cache.num.max = 2 (custom)
2019-11-13 21:46:51,179 [pool-187-thread-1] INFO  server.RaftServerConfigKeys (ConfUtils.java:logGet(43)) - raft.server.storage.dir = [/workdir/hadoop-ozone/ozonefs/target/test-dir/MiniOzoneClusterImpl-2bb5002b-f3eb-4fa7-bf0d-d672f8b55c5b/datanode-1/data/ratis] (custom)
2019-11-13 21:46:51,179 [pool-197-thread-1] INFO  server.RaftServerConfigKeys (ConfUtils.java:logGet(43)) - raft.server.log.queue.byte-limit = 2147483647 (custom)
2019-11-13 21:46:51,180 [pool-177-thread-1] INFO  segmented.SegmentedRaftLogWorker (SegmentedRaftLogWorker.java:<init>(173)) - new dcad5acd-0e3b-4336-98e2-abbadaf23ad5@group-6A029FC062B8-SegmentedRaftLogWorker for RaftStorage:Storage Directory /workdir/hadoop-ozone/ozonefs/target/test-dir/MiniOzoneClusterImpl-2bb5002b-f3eb-4fa7-bf0d-d672f8b55c5b/datanode-0/data/ratis/da7790d2-83dc-4898-85e8-6a029fc062b8
2019-11-13 21:46:51,180 [pool-187-thread-1] INFO  server.RaftServerConfigKeys (ConfUtils.java:logGet(43)) - raft.server.log.corruption.policy = EXCEPTION (default)
2019-11-13 21:46:51,180 [pool-197-thread-1] INFO  server.RaftServerConfigKeys (ConfUtils.java:logGet(43)) - raft.server.log.queue.element-limit = 1024 (custom)
2019-11-13 21:46:51,180 [pool-177-thread-1] INFO  server.RaftServerConfigKeys (ConfUtils.java:logGet(43)) - raft.server.log.queue.byte-limit = 2147483647 (custom)
2019-11-13 21:46:51,180 [pool-197-thread-1] INFO  server.RaftServerConfigKeys (ConfUtils.java:logGet(43)) - raft.server.log.segment.size.max = 1048576 (custom)
2019-11-13 21:46:51,180 [pool-187-thread-1] INFO  storage.RaftStorageDirectory (RaftStorageDirectory.java:analyzeStorage(246)) - The storage directory /workdir/hadoop-ozone/ozonefs/target/test-dir/MiniOzoneClusterImpl-2bb5002b-f3eb-4fa7-bf0d-d672f8b55c5b/datanode-1/data/ratis/0ff57aca-ccc4-4f83-9025-3c9007e7bb47 does not exist. Creating ...
2019-11-13 21:46:51,180 [pool-197-thread-1] INFO  server.RaftServerConfigKeys (ConfUtils.java:logGet(43)) - raft.server.log.preallocated.size = 16384 (custom)
2019-11-13 21:46:51,180 [pool-177-thread-1] INFO  server.RaftServerConfigKeys (ConfUtils.java:logGet(43)) - raft.server.log.queue.element-limit = 1024 (custom)
2019-11-13 21:46:51,180 [pool-197-thread-1] INFO  server.RaftServerConfigKeys (ConfUtils.java:logGet(43)) - raft.server.log.write.buffer.size = 33554432 (custom)
2019-11-13 21:46:51,180 [pool-177-thread-1] INFO  server.RaftServerConfigKeys (ConfUtils.java:logGet(43)) - raft.server.log.segment.size.max = 1048576 (custom)
2019-11-13 21:46:51,180 [pool-197-thread-1] INFO  server.RaftServerConfigKeys (ConfUtils.java:logGet(43)) - raft.server.log.force.sync.num = 128 (default)
2019-11-13 21:46:51,181 [pool-177-thread-1] INFO  server.RaftServerConfigKeys (ConfUtils.java:logGet(43)) - raft.server.log.preallocated.size = 16384 (custom)
2019-11-13 21:46:51,181 [pool-197-thread-1] INFO  server.RaftServerConfigKeys (ConfUtils.java:logGet(43)) - raft.server.log.statemachine.data.sync = true (default)
2019-11-13 21:46:51,181 [pool-177-thread-1] INFO  server.RaftServerConfigKeys (ConfUtils.java:logGet(43)) - raft.server.log.write.buffer.size = 33554432 (custom)
2019-11-13 21:46:51,181 [pool-197-thread-1] INFO  server.RaftServerConfigKeys (ConfUtils.java:logGet(43)) - raft.server.log.statemachine.data.sync.timeout = 10s (default)
2019-11-13 21:46:51,181 [pool-177-thread-1] INFO  server.RaftServerConfigKeys (ConfUtils.java:logGet(43)) - raft.server.log.force.sync.num = 128 (default)
2019-11-13 21:46:51,181 [pool-197-thread-1] INFO  server.RaftServerConfigKeys (ConfUtils.java:logGet(43)) - raft.server.log.statemachine.data.sync.timeout.retry = -1 (default)
2019-11-13 21:46:51,181 [pool-177-thread-1] INFO  server.RaftServerConfigKeys (ConfUtils.java:logGet(43)) - raft.server.log.statemachine.data.sync = true (default)
2019-11-13 21:46:51,181 [pool-197-thread-1] INFO  server.RaftServerConfigKeys (ConfUtils.java:logGet(43)) - raft.server.log.statemachine.data.caching.enabled = true (custom)
2019-11-13 21:46:51,181 [pool-177-thread-1] INFO  server.RaftServerConfigKeys (ConfUtils.java:logGet(43)) - raft.server.log.statemachine.data.sync.timeout = 10s (default)
2019-11-13 21:46:51,181 [pool-177-thread-1] INFO  server.RaftServerConfigKeys (ConfUtils.java:logGet(43)) - raft.server.log.statemachine.data.sync.timeout.retry = -1 (default)
2019-11-13 21:46:51,181 [pool-197-thread-1] INFO  segmented.SegmentedRaftLogWorker (SegmentedRaftLogWorker.java:lambda$new$0(128)) - 967749f5-60f8-4775-800f-ac118f332ec3@group-622AF9E17E76-SegmentedRaftLogWorker: flushIndex: setUnconditionally 0 -> -1
2019-11-13 21:46:51,182 [pool-177-thread-1] INFO  server.RaftServerConfigKeys (ConfUtils.java:logGet(43)) - raft.server.log.statemachine.data.caching.enabled = true (custom)
2019-11-13 21:46:51,182 [pool-197-thread-1] INFO  server.RaftServerConfigKeys (ConfUtils.java:logGet(43)) - raft.server.snapshot.auto.trigger.enabled = true (custom)
2019-11-13 21:46:51,182 [pool-177-thread-1] INFO  segmented.SegmentedRaftLogWorker (SegmentedRaftLogWorker.java:lambda$new$0(128)) - dcad5acd-0e3b-4336-98e2-abbadaf23ad5@group-6A029FC062B8-SegmentedRaftLogWorker: flushIndex: setUnconditionally 0 -> -1
2019-11-13 21:46:51,182 [pool-197-thread-1] INFO  server.RaftServerConfigKeys (ConfUtils.java:logGet(43)) - raft.server.snapshot.auto.trigger.threshold = 10000 (custom)
2019-11-13 21:46:51,182 [pool-197-thread-1] INFO  server.RaftServerConfigKeys (ConfUtils.java:logGet(43)) - raft.server.snapshot.retention.file.num = 5 (custom)
2019-11-13 21:46:51,182 [pool-177-thread-1] INFO  server.RaftServerConfigKeys (ConfUtils.java:logGet(43)) - raft.server.snapshot.auto.trigger.enabled = true (custom)
2019-11-13 21:46:51,182 [pool-197-thread-1] INFO  server.RaftServerConfigKeys (ConfUtils.java:logGet(43)) - raft.server.retrycache.expirytime = 600000ms (custom)
2019-11-13 21:46:51,182 [pool-177-thread-1] INFO  server.RaftServerConfigKeys (ConfUtils.java:logGet(43)) - raft.server.snapshot.auto.trigger.threshold = 10000 (custom)
2019-11-13 21:46:51,182 [pool-197-thread-1] WARN  impl.MetricRegistriesImpl (MetricRegistriesImpl.java:lambda$create$1(61)) - First MetricRegistry has been created without registering reporters. You may need to call MetricRegistries.global().addReportRegistration(...) before.
2019-11-13 21:46:51,182 [pool-177-thread-1] INFO  server.RaftServerConfigKeys (ConfUtils.java:logGet(43)) - raft.server.snapshot.retention.file.num = 5 (custom)
2019-11-13 21:46:51,182 [pool-197-thread-1] WARN  impl.MetricRegistriesImpl (MetricRegistriesImpl.java:lambda$create$1(61)) - First MetricRegistry has been created without registering reporters. You may need to call MetricRegistries.global().addReportRegistration(...) before.
2019-11-13 21:46:51,183 [pool-177-thread-1] INFO  server.RaftServerConfigKeys (ConfUtils.java:logGet(43)) - raft.server.retrycache.expirytime = 600000ms (custom)
2019-11-13 21:46:51,183 [pool-177-thread-1] WARN  impl.MetricRegistriesImpl (MetricRegistriesImpl.java:lambda$create$1(61)) - First MetricRegistry has been created without registering reporters. You may need to call MetricRegistries.global().addReportRegistration(...) before.
2019-11-13 21:46:51,183 [pool-177-thread-1] WARN  impl.MetricRegistriesImpl (MetricRegistriesImpl.java:lambda$create$1(61)) - First MetricRegistry has been created without registering reporters. You may need to call MetricRegistries.global().addReportRegistration(...) before.
2019-11-13 21:46:51,183 [pool-177-thread-1] INFO  impl.RaftServerImpl (RaftServerImpl.java:start(184)) - dcad5acd-0e3b-4336-98e2-abbadaf23ad5@group-3BDE17ED132E: start as a follower, conf=-1: [dcad5acd-0e3b-4336-98e2-abbadaf23ad5:192.168.34.20:33066, 6cc8209c-e457-4756-a8d8-a7119d564131:192.168.34.20:40739, 967749f5-60f8-4775-800f-ac118f332ec3:192.168.34.20:39594], old=null
2019-11-13 21:46:51,183 [pool-177-thread-1] INFO  impl.RaftServerImpl (RaftServerImpl.java:setRole(173)) - dcad5acd-0e3b-4336-98e2-abbadaf23ad5@group-3BDE17ED132E: changes role from      null to FOLLOWER at term 0 for startAsFollower
2019-11-13 21:46:51,183 [pool-177-thread-1] INFO  impl.RoleInfo (RoleInfo.java:updateAndGet(143)) - dcad5acd-0e3b-4336-98e2-abbadaf23ad5: start FollowerState
2019-11-13 21:46:51,184 [pool-197-thread-1] INFO  impl.RaftServerImpl (RaftServerImpl.java:<init>(98)) - 967749f5-60f8-4775-800f-ac118f332ec3: new RaftServerImpl for group-3BDE17ED132E:[dcad5acd-0e3b-4336-98e2-abbadaf23ad5:192.168.34.20:33066, 6cc8209c-e457-4756-a8d8-a7119d564131:192.168.34.20:40739, 967749f5-60f8-4775-800f-ac118f332ec3:192.168.34.20:39594] with ContainerStateMachine:uninitialized
2019-11-13 21:46:51,184 [pool-177-thread-1] INFO  util.JmxRegister (JmxRegister.java:tryRegister(44)) - Successfully registered JMX Bean with object name Ratis:service=RaftServer,group=group-3BDE17ED132E,id=dcad5acd-0e3b-4336-98e2-abbadaf23ad5
2019-11-13 21:46:51,184 [pool-197-thread-1] INFO  server.RaftServerConfigKeys (ConfUtils.java:logGet(43)) - raft.server.rpc.timeout.min = 5s (custom)
2019-11-13 21:46:51,184 [pool-177-thread-1] WARN  impl.MetricRegistriesImpl (MetricRegistriesImpl.java:lambda$create$1(61)) - First MetricRegistry has been created without registering reporters. You may need to call MetricRegistries.global().addReportRegistration(...) before.
2019-11-13 21:46:51,184 [pool-197-thread-1] INFO  server.RaftServerConfigKeys (ConfUtils.java:logGet(43)) - raft.server.rpc.timeout.max = 5200ms (custom)
2019-11-13 21:46:51,184 [pool-197-thread-1] INFO  server.RaftServerConfigKeys (ConfUtils.java:logGet(43)) - raft.server.rpcslowness.timeout = 120s (custom)
2019-11-13 21:46:51,184 [pool-197-thread-1] INFO  server.RaftServerConfigKeys (ConfUtils.java:logGet(43)) - raft.server.sleep.deviation.threshold = 300 (default)
2019-11-13 21:46:51,184 [pool-197-thread-1] INFO  server.RaftServerConfigKeys (ConfUtils.java:logGet(43)) - raft.server.log.appender.install.snapshot.enabled = false (custom)
2019-11-13 21:46:51,184 [pool-197-thread-1] INFO  impl.RaftServerImpl (ServerState.java:<init>(103)) - 967749f5-60f8-4775-800f-ac118f332ec3@group-3BDE17ED132E: ConfigurationManager, init=-1: [dcad5acd-0e3b-4336-98e2-abbadaf23ad5:192.168.34.20:33066, 6cc8209c-e457-4756-a8d8-a7119d564131:192.168.34.20:40739, 967749f5-60f8-4775-800f-ac118f332ec3:192.168.34.20:39594], old=null, confs=<EMPTY_MAP>
2019-11-13 21:46:51,184 [pool-197-thread-1] INFO  server.RaftServerConfigKeys (ConfUtils.java:logGet(43)) - raft.server.storage.dir = [/workdir/hadoop-ozone/ozonefs/target/test-dir/MiniOzoneClusterImpl-2bb5002b-f3eb-4fa7-bf0d-d672f8b55c5b/datanode-2/data/ratis] (custom)
2019-11-13 21:46:51,185 [pool-197-thread-1] INFO  server.RaftServerConfigKeys (ConfUtils.java:logGet(43)) - raft.server.log.corruption.policy = EXCEPTION (default)
2019-11-13 21:46:51,185 [pool-197-thread-1] INFO  storage.RaftStorageDirectory (RaftStorageDirectory.java:analyzeStorage(246)) - The storage directory /workdir/hadoop-ozone/ozonefs/target/test-dir/MiniOzoneClusterImpl-2bb5002b-f3eb-4fa7-bf0d-d672f8b55c5b/datanode-2/data/ratis/b244af97-18a0-4d60-855c-3bde17ed132e does not exist. Creating ...
2019-11-13 21:46:51,185 [pool-177-thread-1] INFO  impl.RaftServerImpl (RaftServerImpl.java:<init>(98)) - dcad5acd-0e3b-4336-98e2-abbadaf23ad5: new RaftServerImpl for group-3C9007E7BB47:[dcad5acd-0e3b-4336-98e2-abbadaf23ad5:192.168.34.20:33066, 6cc8209c-e457-4756-a8d8-a7119d564131:192.168.34.20:40739, 967749f5-60f8-4775-800f-ac118f332ec3:192.168.34.20:39594] with ContainerStateMachine:uninitialized
2019-11-13 21:46:51,185 [pool-177-thread-1] INFO  server.RaftServerConfigKeys (ConfUtils.java:logGet(43)) - raft.server.rpc.timeout.min = 5s (custom)
2019-11-13 21:46:51,185 [pool-177-thread-1] INFO  server.RaftServerConfigKeys (ConfUtils.java:logGet(43)) - raft.server.rpc.timeout.max = 5200ms (custom)
2019-11-13 21:46:51,185 [pool-177-thread-1] INFO  server.RaftServerConfigKeys (ConfUtils.java:logGet(43)) - raft.server.rpcslowness.timeout = 120s (custom)
2019-11-13 21:46:51,185 [pool-177-thread-1] INFO  server.RaftServerConfigKeys (ConfUtils.java:logGet(43)) - raft.server.sleep.deviation.threshold = 300 (default)
2019-11-13 21:46:51,185 [pool-177-thread-1] INFO  server.RaftServerConfigKeys (ConfUtils.java:logGet(43)) - raft.server.log.appender.install.snapshot.enabled = false (custom)
2019-11-13 21:46:51,186 [pool-177-thread-1] INFO  impl.RaftServerImpl (ServerState.java:<init>(103)) - dcad5acd-0e3b-4336-98e2-abbadaf23ad5@group-3C9007E7BB47: ConfigurationManager, init=-1: [dcad5acd-0e3b-4336-98e2-abbadaf23ad5:192.168.34.20:33066, 6cc8209c-e457-4756-a8d8-a7119d564131:192.168.34.20:40739, 967749f5-60f8-4775-800f-ac118f332ec3:192.168.34.20:39594], old=null, confs=<EMPTY_MAP>
2019-11-13 21:46:51,186 [pool-177-thread-1] INFO  server.RaftServerConfigKeys (ConfUtils.java:logGet(43)) - raft.server.storage.dir = [/workdir/hadoop-ozone/ozonefs/target/test-dir/MiniOzoneClusterImpl-2bb5002b-f3eb-4fa7-bf0d-d672f8b55c5b/datanode-0/data/ratis] (custom)
2019-11-13 21:46:51,186 [pool-177-thread-1] INFO  server.RaftServerConfigKeys (ConfUtils.java:logGet(43)) - raft.server.log.corruption.policy = EXCEPTION (default)
2019-11-13 21:46:51,186 [pool-177-thread-1] INFO  storage.RaftStorageDirectory (RaftStorageDirectory.java:analyzeStorage(246)) - The storage directory /workdir/hadoop-ozone/ozonefs/target/test-dir/MiniOzoneClusterImpl-2bb5002b-f3eb-4fa7-bf0d-d672f8b55c5b/datanode-0/data/ratis/0ff57aca-ccc4-4f83-9025-3c9007e7bb47 does not exist. Creating ...
2019-11-13 21:46:51,191 [pool-177-thread-1] INFO  storage.RaftStorageDirectory (RaftStorageDirectory.java:tryLock(328)) - Lock on /workdir/hadoop-ozone/ozonefs/target/test-dir/MiniOzoneClusterImpl-2bb5002b-f3eb-4fa7-bf0d-d672f8b55c5b/datanode-0/data/ratis/0ff57aca-ccc4-4f83-9025-3c9007e7bb47/in_use.lock acquired by nodename 28847@pr-hdds-2470-fxbl9-3826649461
2019-11-13 21:46:51,191 [pool-187-thread-1] INFO  storage.RaftStorageDirectory (RaftStorageDirectory.java:tryLock(328)) - Lock on /workdir/hadoop-ozone/ozonefs/target/test-dir/MiniOzoneClusterImpl-2bb5002b-f3eb-4fa7-bf0d-d672f8b55c5b/datanode-1/data/ratis/0ff57aca-ccc4-4f83-9025-3c9007e7bb47/in_use.lock acquired by nodename 28847@pr-hdds-2470-fxbl9-3826649461
2019-11-13 21:46:51,191 [pool-197-thread-1] INFO  storage.RaftStorageDirectory (RaftStorageDirectory.java:tryLock(328)) - Lock on /workdir/hadoop-ozone/ozonefs/target/test-dir/MiniOzoneClusterImpl-2bb5002b-f3eb-4fa7-bf0d-d672f8b55c5b/datanode-2/data/ratis/b244af97-18a0-4d60-855c-3bde17ed132e/in_use.lock acquired by nodename 28847@pr-hdds-2470-fxbl9-3826649461
2019-11-13 21:46:51,198 [pool-187-thread-1] INFO  storage.RaftStorage (RaftStorage.java:format(84)) - Storage directory /workdir/hadoop-ozone/ozonefs/target/test-dir/MiniOzoneClusterImpl-2bb5002b-f3eb-4fa7-bf0d-d672f8b55c5b/datanode-1/data/ratis/0ff57aca-ccc4-4f83-9025-3c9007e7bb47 has been successfully formatted.
2019-11-13 21:46:51,198 [pool-177-thread-1] INFO  storage.RaftStorage (RaftStorage.java:format(84)) - Storage directory /workdir/hadoop-ozone/ozonefs/target/test-dir/MiniOzoneClusterImpl-2bb5002b-f3eb-4fa7-bf0d-d672f8b55c5b/datanode-0/data/ratis/0ff57aca-ccc4-4f83-9025-3c9007e7bb47 has been successfully formatted.
2019-11-13 21:46:51,198 [pool-197-thread-1] INFO  storage.RaftStorage (RaftStorage.java:format(84)) - Storage directory /workdir/hadoop-ozone/ozonefs/target/test-dir/MiniOzoneClusterImpl-2bb5002b-f3eb-4fa7-bf0d-d672f8b55c5b/datanode-2/data/ratis/b244af97-18a0-4d60-855c-3bde17ed132e has been successfully formatted.
2019-11-13 21:46:51,198 [pool-187-thread-1] INFO  ratis.ContainerStateMachine (ContainerStateMachine.java:loadSnapshot(223)) - group-3C9007E7BB47: The snapshot info is null. Setting the last applied indexto:(t:0, i:~)
2019-11-13 21:46:51,199 [pool-197-thread-1] INFO  ratis.ContainerStateMachine (ContainerStateMachine.java:loadSnapshot(223)) - group-3BDE17ED132E: The snapshot info is null. Setting the last applied indexto:(t:0, i:~)
2019-11-13 21:46:51,198 [pool-177-thread-1] INFO  ratis.ContainerStateMachine (ContainerStateMachine.java:loadSnapshot(223)) - group-3C9007E7BB47: The snapshot info is null. Setting the last applied indexto:(t:0, i:~)
2019-11-13 21:46:51,199 [pool-197-thread-1] INFO  server.RaftServerConfigKeys (ConfUtils.java:logGet(43)) - raft.server.notification.no-leader.timeout = 120s (custom)
2019-11-13 21:46:51,199 [pool-187-thread-1] INFO  server.RaftServerConfigKeys (ConfUtils.java:logGet(43)) - raft.server.notification.no-leader.timeout = 120s (custom)
2019-11-13 21:46:51,199 [pool-197-thread-1] INFO  server.RaftServerConfigKeys (ConfUtils.java:logGet(43)) - raft.server.log.use.memory = false (default)
2019-11-13 21:46:51,199 [pool-177-thread-1] INFO  server.RaftServerConfigKeys (ConfUtils.java:logGet(43)) - raft.server.notification.no-leader.timeout = 120s (custom)
2019-11-13 21:46:51,199 [pool-197-thread-1] INFO  server.RaftServerConfigKeys (ConfUtils.java:logGet(43)) - raft.server.log.purge.gap = 1000000 (custom)
2019-11-13 21:46:51,199 [pool-187-thread-1] INFO  server.RaftServerConfigKeys (ConfUtils.java:logGet(43)) - raft.server.log.use.memory = false (default)
2019-11-13 21:46:51,199 [pool-197-thread-1] INFO  server.RaftServerConfigKeys (ConfUtils.java:logGet(43)) - raft.server.log.appender.buffer.byte-limit = 33554432 (custom)
2019-11-13 21:46:51,199 [pool-177-thread-1] INFO  server.RaftServerConfigKeys (ConfUtils.java:logGet(43)) - raft.server.log.use.memory = false (default)
2019-11-13 21:46:51,199 [pool-197-thread-1] INFO  server.RaftServerConfigKeys (ConfUtils.java:logGet(43)) - raft.server.log.segment.size.max = 1048576 (custom)
2019-11-13 21:46:51,199 [pool-187-thread-1] INFO  server.RaftServerConfigKeys (ConfUtils.java:logGet(43)) - raft.server.log.purge.gap = 1000000 (custom)
2019-11-13 21:46:51,199 [pool-197-thread-1] INFO  server.RaftServerConfigKeys (ConfUtils.java:logGet(43)) - raft.server.log.segment.cache.num.max = 2 (custom)
2019-11-13 21:46:51,199 [pool-177-thread-1] INFO  server.RaftServerConfigKeys (ConfUtils.java:logGet(43)) - raft.server.log.purge.gap = 1000000 (custom)
2019-11-13 21:46:51,200 [pool-197-thread-1] INFO  segmented.SegmentedRaftLogWorker (SegmentedRaftLogWorker.java:<init>(173)) - new 967749f5-60f8-4775-800f-ac118f332ec3@group-3BDE17ED132E-SegmentedRaftLogWorker for RaftStorage:Storage Directory /workdir/hadoop-ozone/ozonefs/target/test-dir/MiniOzoneClusterImpl-2bb5002b-f3eb-4fa7-bf0d-d672f8b55c5b/datanode-2/data/ratis/b244af97-18a0-4d60-855c-3bde17ed132e
2019-11-13 21:46:51,200 [pool-187-thread-1] INFO  server.RaftServerConfigKeys (ConfUtils.java:logGet(43)) - raft.server.log.appender.buffer.byte-limit = 33554432 (custom)
2019-11-13 21:46:51,200 [pool-197-thread-1] INFO  server.RaftServerConfigKeys (ConfUtils.java:logGet(43)) - raft.server.log.queue.byte-limit = 2147483647 (custom)
2019-11-13 21:46:51,200 [pool-177-thread-1] INFO  server.RaftServerConfigKeys (ConfUtils.java:logGet(43)) - raft.server.log.appender.buffer.byte-limit = 33554432 (custom)
2019-11-13 21:46:51,200 [pool-197-thread-1] INFO  server.RaftServerConfigKeys (ConfUtils.java:logGet(43)) - raft.server.log.queue.element-limit = 1024 (custom)
2019-11-13 21:46:51,200 [pool-187-thread-1] INFO  server.RaftServerConfigKeys (ConfUtils.java:logGet(43)) - raft.server.log.segment.size.max = 1048576 (custom)
2019-11-13 21:46:51,200 [pool-197-thread-1] INFO  server.RaftServerConfigKeys (ConfUtils.java:logGet(43)) - raft.server.log.segment.size.max = 1048576 (custom)
2019-11-13 21:46:51,200 [pool-177-thread-1] INFO  server.RaftServerConfigKeys (ConfUtils.java:logGet(43)) - raft.server.log.segment.size.max = 1048576 (custom)
2019-11-13 21:46:51,200 [pool-197-thread-1] INFO  server.RaftServerConfigKeys (ConfUtils.java:logGet(43)) - raft.server.log.preallocated.size = 16384 (custom)
2019-11-13 21:46:51,200 [pool-187-thread-1] INFO  server.RaftServerConfigKeys (ConfUtils.java:logGet(43)) - raft.server.log.segment.cache.num.max = 2 (custom)
2019-11-13 21:46:51,201 [pool-197-thread-1] INFO  server.RaftServerConfigKeys (ConfUtils.java:logGet(43)) - raft.server.log.write.buffer.size = 33554432 (custom)
2019-11-13 21:46:51,200 [pool-177-thread-1] INFO  server.RaftServerConfigKeys (ConfUtils.java:logGet(43)) - raft.server.log.segment.cache.num.max = 2 (custom)
2019-11-13 21:46:51,201 [pool-197-thread-1] INFO  server.RaftServerConfigKeys (ConfUtils.java:logGet(43)) - raft.server.log.force.sync.num = 128 (default)
2019-11-13 21:46:51,201 [pool-187-thread-1] INFO  segmented.SegmentedRaftLogWorker (SegmentedRaftLogWorker.java:<init>(173)) - new 6cc8209c-e457-4756-a8d8-a7119d564131@group-3C9007E7BB47-SegmentedRaftLogWorker for RaftStorage:Storage Directory /workdir/hadoop-ozone/ozonefs/target/test-dir/MiniOzoneClusterImpl-2bb5002b-f3eb-4fa7-bf0d-d672f8b55c5b/datanode-1/data/ratis/0ff57aca-ccc4-4f83-9025-3c9007e7bb47
2019-11-13 21:46:51,201 [pool-197-thread-1] INFO  server.RaftServerConfigKeys (ConfUtils.java:logGet(43)) - raft.server.log.statemachine.data.sync = true (default)
2019-11-13 21:46:51,201 [pool-177-thread-1] INFO  segmented.SegmentedRaftLogWorker (SegmentedRaftLogWorker.java:<init>(173)) - new dcad5acd-0e3b-4336-98e2-abbadaf23ad5@group-3C9007E7BB47-SegmentedRaftLogWorker for RaftStorage:Storage Directory /workdir/hadoop-ozone/ozonefs/target/test-dir/MiniOzoneClusterImpl-2bb5002b-f3eb-4fa7-bf0d-d672f8b55c5b/datanode-0/data/ratis/0ff57aca-ccc4-4f83-9025-3c9007e7bb47
2019-11-13 21:46:51,201 [pool-197-thread-1] INFO  server.RaftServerConfigKeys (ConfUtils.java:logGet(43)) - raft.server.log.statemachine.data.sync.timeout = 10s (default)
2019-11-13 21:46:51,201 [pool-187-thread-1] INFO  server.RaftServerConfigKeys (ConfUtils.java:logGet(43)) - raft.server.log.queue.byte-limit = 2147483647 (custom)
2019-11-13 21:46:51,201 [pool-197-thread-1] INFO  server.RaftServerConfigKeys (ConfUtils.java:logGet(43)) - raft.server.log.statemachine.data.sync.timeout.retry = -1 (default)
2019-11-13 21:46:51,201 [pool-177-thread-1] INFO  server.RaftServerConfigKeys (ConfUtils.java:logGet(43)) - raft.server.log.queue.byte-limit = 2147483647 (custom)
2019-11-13 21:46:51,201 [pool-197-thread-1] INFO  server.RaftServerConfigKeys (ConfUtils.java:logGet(43)) - raft.server.log.statemachine.data.caching.enabled = true (custom)
2019-11-13 21:46:51,201 [pool-187-thread-1] INFO  server.RaftServerConfigKeys (ConfUtils.java:logGet(43)) - raft.server.log.queue.element-limit = 1024 (custom)
2019-11-13 21:46:51,202 [pool-177-thread-1] INFO  server.RaftServerConfigKeys (ConfUtils.java:logGet(43)) - raft.server.log.queue.element-limit = 1024 (custom)
2019-11-13 21:46:51,202 [pool-187-thread-1] INFO  server.RaftServerConfigKeys (ConfUtils.java:logGet(43)) - raft.server.log.segment.size.max = 1048576 (custom)
2019-11-13 21:46:51,202 [pool-197-thread-1] INFO  segmented.SegmentedRaftLogWorker (SegmentedRaftLogWorker.java:lambda$new$0(128)) - 967749f5-60f8-4775-800f-ac118f332ec3@group-3BDE17ED132E-SegmentedRaftLogWorker: flushIndex: setUnconditionally 0 -> -1
2019-11-13 21:46:51,202 [pool-187-thread-1] INFO  server.RaftServerConfigKeys (ConfUtils.java:logGet(43)) - raft.server.log.preallocated.size = 16384 (custom)
2019-11-13 21:46:51,202 [pool-177-thread-1] INFO  server.RaftServerConfigKeys (ConfUtils.java:logGet(43)) - raft.server.log.segment.size.max = 1048576 (custom)
2019-11-13 21:46:51,202 [pool-187-thread-1] INFO  server.RaftServerConfigKeys (ConfUtils.java:logGet(43)) - raft.server.log.write.buffer.size = 33554432 (custom)
2019-11-13 21:46:51,202 [pool-197-thread-1] INFO  server.RaftServerConfigKeys (ConfUtils.java:logGet(43)) - raft.server.snapshot.auto.trigger.enabled = true (custom)
2019-11-13 21:46:51,202 [pool-187-thread-1] INFO  server.RaftServerConfigKeys (ConfUtils.java:logGet(43)) - raft.server.log.force.sync.num = 128 (default)
2019-11-13 21:46:51,202 [pool-177-thread-1] INFO  server.RaftServerConfigKeys (ConfUtils.java:logGet(43)) - raft.server.log.preallocated.size = 16384 (custom)
2019-11-13 21:46:51,202 [pool-187-thread-1] INFO  server.RaftServerConfigKeys (ConfUtils.java:logGet(43)) - raft.server.log.statemachine.data.sync = true (default)
2019-11-13 21:46:51,202 [pool-197-thread-1] INFO  server.RaftServerConfigKeys (ConfUtils.java:logGet(43)) - raft.server.snapshot.auto.trigger.threshold = 10000 (custom)
2019-11-13 21:46:51,203 [pool-187-thread-1] INFO  server.RaftServerConfigKeys (ConfUtils.java:logGet(43)) - raft.server.log.statemachine.data.sync.timeout = 10s (default)
2019-11-13 21:46:51,203 [pool-177-thread-1] INFO  server.RaftServerConfigKeys (ConfUtils.java:logGet(43)) - raft.server.log.write.buffer.size = 33554432 (custom)
2019-11-13 21:46:51,203 [pool-187-thread-1] INFO  server.RaftServerConfigKeys (ConfUtils.java:logGet(43)) - raft.server.log.statemachine.data.sync.timeout.retry = -1 (default)
2019-11-13 21:46:51,203 [pool-197-thread-1] INFO  server.RaftServerConfigKeys (ConfUtils.java:logGet(43)) - raft.server.snapshot.retention.file.num = 5 (custom)
2019-11-13 21:46:51,203 [pool-187-thread-1] INFO  server.RaftServerConfigKeys (ConfUtils.java:logGet(43)) - raft.server.log.statemachine.data.caching.enabled = true (custom)
2019-11-13 21:46:51,203 [pool-177-thread-1] INFO  server.RaftServerConfigKeys (ConfUtils.java:logGet(43)) - raft.server.log.force.sync.num = 128 (default)
2019-11-13 21:46:51,203 [pool-197-thread-1] INFO  server.RaftServerConfigKeys (ConfUtils.java:logGet(43)) - raft.server.retrycache.expirytime = 600000ms (custom)
2019-11-13 21:46:51,203 [pool-187-thread-1] INFO  segmented.SegmentedRaftLogWorker (SegmentedRaftLogWorker.java:lambda$new$0(128)) - 6cc8209c-e457-4756-a8d8-a7119d564131@group-3C9007E7BB47-SegmentedRaftLogWorker: flushIndex: setUnconditionally 0 -> -1
2019-11-13 21:46:51,203 [pool-177-thread-1] INFO  server.RaftServerConfigKeys (ConfUtils.java:logGet(43)) - raft.server.log.statemachine.data.sync = true (default)
2019-11-13 21:46:51,203 [pool-197-thread-1] WARN  impl.MetricRegistriesImpl (MetricRegistriesImpl.java:lambda$create$1(61)) - First MetricRegistry has been created without registering reporters. You may need to call MetricRegistries.global().addReportRegistration(...) before.
2019-11-13 21:46:51,204 [pool-187-thread-1] INFO  server.RaftServerConfigKeys (ConfUtils.java:logGet(43)) - raft.server.snapshot.auto.trigger.enabled = true (custom)
2019-11-13 21:46:51,203 [pool-177-thread-1] INFO  server.RaftServerConfigKeys (ConfUtils.java:logGet(43)) - raft.server.log.statemachine.data.sync.timeout = 10s (default)
2019-11-13 21:46:51,204 [pool-187-thread-1] INFO  server.RaftServerConfigKeys (ConfUtils.java:logGet(43)) - raft.server.snapshot.auto.trigger.threshold = 10000 (custom)
2019-11-13 21:46:51,204 [pool-197-thread-1] WARN  impl.MetricRegistriesImpl (MetricRegistriesImpl.java:lambda$create$1(61)) - First MetricRegistry has been created without registering reporters. You may need to call MetricRegistries.global().addReportRegistration(...) before.
2019-11-13 21:46:51,204 [pool-187-thread-1] INFO  server.RaftServerConfigKeys (ConfUtils.java:logGet(43)) - raft.server.snapshot.retention.file.num = 5 (custom)
2019-11-13 21:46:51,204 [pool-177-thread-1] INFO  server.RaftServerConfigKeys (ConfUtils.java:logGet(43)) - raft.server.log.statemachine.data.sync.timeout.retry = -1 (default)
2019-11-13 21:46:51,204 [pool-187-thread-1] INFO  server.RaftServerConfigKeys (ConfUtils.java:logGet(43)) - raft.server.retrycache.expirytime = 600000ms (custom)
2019-11-13 21:46:51,204 [pool-177-thread-1] INFO  server.RaftServerConfigKeys (ConfUtils.java:logGet(43)) - raft.server.log.statemachine.data.caching.enabled = true (custom)
2019-11-13 21:46:51,204 [pool-187-thread-1] WARN  impl.MetricRegistriesImpl (MetricRegistriesImpl.java:lambda$create$1(61)) - First MetricRegistry has been created without registering reporters. You may need to call MetricRegistries.global().addReportRegistration(...) before.
2019-11-13 21:46:51,204 [pool-187-thread-1] WARN  impl.MetricRegistriesImpl (MetricRegistriesImpl.java:lambda$create$1(61)) - First MetricRegistry has been created without registering reporters. You may need to call MetricRegistries.global().addReportRegistration(...) before.
2019-11-13 21:46:51,204 [pool-177-thread-1] INFO  segmented.SegmentedRaftLogWorker (SegmentedRaftLogWorker.java:lambda$new$0(128)) - dcad5acd-0e3b-4336-98e2-abbadaf23ad5@group-3C9007E7BB47-SegmentedRaftLogWorker: flushIndex: setUnconditionally 0 -> -1
2019-11-13 21:46:51,205 [pool-187-thread-1] INFO  impl.RaftServerImpl (RaftServerImpl.java:start(184)) - 6cc8209c-e457-4756-a8d8-a7119d564131@group-3C9007E7BB47: start as a follower, conf=-1: [dcad5acd-0e3b-4336-98e2-abbadaf23ad5:192.168.34.20:33066, 6cc8209c-e457-4756-a8d8-a7119d564131:192.168.34.20:40739, 967749f5-60f8-4775-800f-ac118f332ec3:192.168.34.20:39594], old=null
2019-11-13 21:46:51,205 [pool-187-thread-1] INFO  impl.RaftServerImpl (RaftServerImpl.java:setRole(173)) - 6cc8209c-e457-4756-a8d8-a7119d564131@group-3C9007E7BB47: changes role from      null to FOLLOWER at term 0 for startAsFollower
2019-11-13 21:46:51,205 [pool-177-thread-1] INFO  server.RaftServerConfigKeys (ConfUtils.java:logGet(43)) - raft.server.snapshot.auto.trigger.enabled = true (custom)
2019-11-13 21:46:51,205 [pool-187-thread-1] INFO  impl.RoleInfo (RoleInfo.java:updateAndGet(143)) - 6cc8209c-e457-4756-a8d8-a7119d564131: start FollowerState
2019-11-13 21:46:51,205 [pool-177-thread-1] INFO  server.RaftServerConfigKeys (ConfUtils.java:logGet(43)) - raft.server.snapshot.auto.trigger.threshold = 10000 (custom)
2019-11-13 21:46:51,205 [pool-197-thread-1] INFO  impl.RaftServerImpl (RaftServerImpl.java:<init>(98)) - 967749f5-60f8-4775-800f-ac118f332ec3: new RaftServerImpl for group-7C70ED9FCAA5:[967749f5-60f8-4775-800f-ac118f332ec3:192.168.34.20:39594] with ContainerStateMachine:uninitialized
2019-11-13 21:46:51,205 [pool-177-thread-1] INFO  server.RaftServerConfigKeys (ConfUtils.java:logGet(43)) - raft.server.snapshot.retention.file.num = 5 (custom)
2019-11-13 21:46:51,205 [pool-187-thread-1] INFO  util.JmxRegister (JmxRegister.java:tryRegister(44)) - Successfully registered JMX Bean with object name Ratis:service=RaftServer,group=group-3C9007E7BB47,id=6cc8209c-e457-4756-a8d8-a7119d564131
2019-11-13 21:46:51,205 [pool-187-thread-1] WARN  impl.MetricRegistriesImpl (MetricRegistriesImpl.java:lambda$create$1(61)) - First MetricRegistry has been created without registering reporters. You may need to call MetricRegistries.global().addReportRegistration(...) before.
2019-11-13 21:46:51,205 [pool-197-thread-1] INFO  server.RaftServerConfigKeys (ConfUtils.java:logGet(43)) - raft.server.rpc.timeout.min = 5s (custom)
2019-11-13 21:46:51,205 [pool-177-thread-1] INFO  server.RaftServerConfigKeys (ConfUtils.java:logGet(43)) - raft.server.retrycache.expirytime = 600000ms (custom)
2019-11-13 21:46:51,206 [pool-197-thread-1] INFO  server.RaftServerConfigKeys (ConfUtils.java:logGet(43)) - raft.server.rpc.timeout.max = 5200ms (custom)
2019-11-13 21:46:51,206 [pool-177-thread-1] WARN  impl.MetricRegistriesImpl (MetricRegistriesImpl.java:lambda$create$1(61)) - First MetricRegistry has been created without registering reporters. You may need to call MetricRegistries.global().addReportRegistration(...) before.
2019-11-13 21:46:51,206 [pool-197-thread-1] INFO  server.RaftServerConfigKeys (ConfUtils.java:logGet(43)) - raft.server.rpcslowness.timeout = 120s (custom)
2019-11-13 21:46:51,206 [pool-177-thread-1] WARN  impl.MetricRegistriesImpl (MetricRegistriesImpl.java:lambda$create$1(61)) - First MetricRegistry has been created without registering reporters. You may need to call MetricRegistries.global().addReportRegistration(...) before.
2019-11-13 21:46:51,206 [pool-197-thread-1] INFO  server.RaftServerConfigKeys (ConfUtils.java:logGet(43)) - raft.server.sleep.deviation.threshold = 300 (default)
2019-11-13 21:46:51,206 [pool-197-thread-1] INFO  server.RaftServerConfigKeys (ConfUtils.java:logGet(43)) - raft.server.log.appender.install.snapshot.enabled = false (custom)
2019-11-13 21:46:51,206 [pool-177-thread-1] INFO  impl.RaftServerImpl (RaftServerImpl.java:start(184)) - dcad5acd-0e3b-4336-98e2-abbadaf23ad5@group-6A029FC062B8: start as a follower, conf=-1: [dcad5acd-0e3b-4336-98e2-abbadaf23ad5:192.168.34.20:33066, 6cc8209c-e457-4756-a8d8-a7119d564131:192.168.34.20:40739, 967749f5-60f8-4775-800f-ac118f332ec3:192.168.34.20:39594], old=null
2019-11-13 21:46:51,206 [pool-197-thread-1] INFO  impl.RaftServerImpl (ServerState.java:<init>(103)) - 967749f5-60f8-4775-800f-ac118f332ec3@group-7C70ED9FCAA5: ConfigurationManager, init=-1: [967749f5-60f8-4775-800f-ac118f332ec3:192.168.34.20:39594], old=null, confs=<EMPTY_MAP>
2019-11-13 21:46:51,206 [pool-177-thread-1] INFO  impl.RaftServerImpl (RaftServerImpl.java:setRole(173)) - dcad5acd-0e3b-4336-98e2-abbadaf23ad5@group-6A029FC062B8: changes role from      null to FOLLOWER at term 0 for startAsFollower
2019-11-13 21:46:51,206 [pool-197-thread-1] INFO  server.RaftServerConfigKeys (ConfUtils.java:logGet(43)) - raft.server.storage.dir = [/workdir/hadoop-ozone/ozonefs/target/test-dir/MiniOzoneClusterImpl-2bb5002b-f3eb-4fa7-bf0d-d672f8b55c5b/datanode-2/data/ratis] (custom)
2019-11-13 21:46:51,206 [pool-177-thread-1] INFO  impl.RoleInfo (RoleInfo.java:updateAndGet(143)) - dcad5acd-0e3b-4336-98e2-abbadaf23ad5: start FollowerState
2019-11-13 21:46:51,207 [pool-197-thread-1] INFO  server.RaftServerConfigKeys (ConfUtils.java:logGet(43)) - raft.server.log.corruption.policy = EXCEPTION (default)
2019-11-13 21:46:51,207 [pool-197-thread-1] INFO  storage.RaftStorageDirectory (RaftStorageDirectory.java:analyzeStorage(246)) - The storage directory /workdir/hadoop-ozone/ozonefs/target/test-dir/MiniOzoneClusterImpl-2bb5002b-f3eb-4fa7-bf0d-d672f8b55c5b/datanode-2/data/ratis/ff0d8bf2-1344-483b-8ca5-7c70ed9fcaa5 does not exist. Creating ...
2019-11-13 21:46:51,207 [pool-177-thread-1] INFO  util.JmxRegister (JmxRegister.java:tryRegister(44)) - Successfully registered JMX Bean with object name Ratis:service=RaftServer,group=group-6A029FC062B8,id=dcad5acd-0e3b-4336-98e2-abbadaf23ad5
2019-11-13 21:46:51,209 [pool-177-thread-1] WARN  impl.MetricRegistriesImpl (MetricRegistriesImpl.java:lambda$create$1(61)) - First MetricRegistry has been created without registering reporters. You may need to call MetricRegistries.global().addReportRegistration(...) before.
2019-11-13 21:46:51,209 [pool-177-thread-1] INFO  impl.RaftServerImpl (RaftServerImpl.java:start(184)) - dcad5acd-0e3b-4336-98e2-abbadaf23ad5@group-3C9007E7BB47: start as a follower, conf=-1: [dcad5acd-0e3b-4336-98e2-abbadaf23ad5:192.168.34.20:33066, 6cc8209c-e457-4756-a8d8-a7119d564131:192.168.34.20:40739, 967749f5-60f8-4775-800f-ac118f332ec3:192.168.34.20:39594], old=null
2019-11-13 21:46:51,209 [pool-177-thread-1] INFO  impl.RaftServerImpl (RaftServerImpl.java:setRole(173)) - dcad5acd-0e3b-4336-98e2-abbadaf23ad5@group-3C9007E7BB47: changes role from      null to FOLLOWER at term 0 for startAsFollower
2019-11-13 21:46:51,209 [pool-177-thread-1] INFO  impl.RoleInfo (RoleInfo.java:updateAndGet(143)) - dcad5acd-0e3b-4336-98e2-abbadaf23ad5: start FollowerState
2019-11-13 21:46:51,210 [pool-177-thread-1] INFO  util.JmxRegister (JmxRegister.java:tryRegister(44)) - Successfully registered JMX Bean with object name Ratis:service=RaftServer,group=group-3C9007E7BB47,id=dcad5acd-0e3b-4336-98e2-abbadaf23ad5
2019-11-13 21:46:51,210 [pool-177-thread-1] WARN  impl.MetricRegistriesImpl (MetricRegistriesImpl.java:lambda$create$1(61)) - First MetricRegistry has been created without registering reporters. You may need to call MetricRegistries.global().addReportRegistration(...) before.
2019-11-13 21:46:51,219 [pool-197-thread-1] INFO  storage.RaftStorageDirectory (RaftStorageDirectory.java:tryLock(328)) - Lock on /workdir/hadoop-ozone/ozonefs/target/test-dir/MiniOzoneClusterImpl-2bb5002b-f3eb-4fa7-bf0d-d672f8b55c5b/datanode-2/data/ratis/ff0d8bf2-1344-483b-8ca5-7c70ed9fcaa5/in_use.lock acquired by nodename 28847@pr-hdds-2470-fxbl9-3826649461
2019-11-13 21:46:51,252 [pool-197-thread-1] INFO  storage.RaftStorage (RaftStorage.java:format(84)) - Storage directory /workdir/hadoop-ozone/ozonefs/target/test-dir/MiniOzoneClusterImpl-2bb5002b-f3eb-4fa7-bf0d-d672f8b55c5b/datanode-2/data/ratis/ff0d8bf2-1344-483b-8ca5-7c70ed9fcaa5 has been successfully formatted.
2019-11-13 21:46:51,253 [pool-197-thread-1] INFO  ratis.ContainerStateMachine (ContainerStateMachine.java:loadSnapshot(223)) - group-7C70ED9FCAA5: The snapshot info is null. Setting the last applied indexto:(t:0, i:~)
2019-11-13 21:46:51,253 [pool-197-thread-1] INFO  server.RaftServerConfigKeys (ConfUtils.java:logGet(43)) - raft.server.notification.no-leader.timeout = 120s (custom)
2019-11-13 21:46:51,253 [pool-197-thread-1] INFO  server.RaftServerConfigKeys (ConfUtils.java:logGet(43)) - raft.server.log.use.memory = false (default)
2019-11-13 21:46:51,253 [pool-197-thread-1] INFO  server.RaftServerConfigKeys (ConfUtils.java:logGet(43)) - raft.server.log.purge.gap = 1000000 (custom)
2019-11-13 21:46:51,253 [pool-197-thread-1] INFO  server.RaftServerConfigKeys (ConfUtils.java:logGet(43)) - raft.server.log.appender.buffer.byte-limit = 33554432 (custom)
2019-11-13 21:46:51,253 [pool-197-thread-1] INFO  server.RaftServerConfigKeys (ConfUtils.java:logGet(43)) - raft.server.log.segment.size.max = 1048576 (custom)
2019-11-13 21:46:51,253 [pool-197-thread-1] INFO  server.RaftServerConfigKeys (ConfUtils.java:logGet(43)) - raft.server.log.segment.cache.num.max = 2 (custom)
2019-11-13 21:46:51,253 [pool-197-thread-1] INFO  segmented.SegmentedRaftLogWorker (SegmentedRaftLogWorker.java:<init>(173)) - new 967749f5-60f8-4775-800f-ac118f332ec3@group-7C70ED9FCAA5-SegmentedRaftLogWorker for RaftStorage:Storage Directory /workdir/hadoop-ozone/ozonefs/target/test-dir/MiniOzoneClusterImpl-2bb5002b-f3eb-4fa7-bf0d-d672f8b55c5b/datanode-2/data/ratis/ff0d8bf2-1344-483b-8ca5-7c70ed9fcaa5
2019-11-13 21:46:51,253 [pool-197-thread-1] INFO  server.RaftServerConfigKeys (ConfUtils.java:logGet(43)) - raft.server.log.queue.byte-limit = 2147483647 (custom)
2019-11-13 21:46:51,254 [pool-197-thread-1] INFO  server.RaftServerConfigKeys (ConfUtils.java:logGet(43)) - raft.server.log.queue.element-limit = 1024 (custom)
2019-11-13 21:46:51,254 [pool-197-thread-1] INFO  server.RaftServerConfigKeys (ConfUtils.java:logGet(43)) - raft.server.log.segment.size.max = 1048576 (custom)
2019-11-13 21:46:51,254 [pool-197-thread-1] INFO  server.RaftServerConfigKeys (ConfUtils.java:logGet(43)) - raft.server.log.preallocated.size = 16384 (custom)
2019-11-13 21:46:51,254 [pool-197-thread-1] INFO  server.RaftServerConfigKeys (ConfUtils.java:logGet(43)) - raft.server.log.write.buffer.size = 33554432 (custom)
2019-11-13 21:46:51,254 [pool-197-thread-1] INFO  server.RaftServerConfigKeys (ConfUtils.java:logGet(43)) - raft.server.log.force.sync.num = 128 (default)
2019-11-13 21:46:51,254 [pool-197-thread-1] INFO  server.RaftServerConfigKeys (ConfUtils.java:logGet(43)) - raft.server.log.statemachine.data.sync = true (default)
2019-11-13 21:46:51,254 [pool-197-thread-1] INFO  server.RaftServerConfigKeys (ConfUtils.java:logGet(43)) - raft.server.log.statemachine.data.sync.timeout = 10s (default)
2019-11-13 21:46:51,254 [pool-197-thread-1] INFO  server.RaftServerConfigKeys (ConfUtils.java:logGet(43)) - raft.server.log.statemachine.data.sync.timeout.retry = -1 (default)
2019-11-13 21:46:51,254 [pool-197-thread-1] INFO  server.RaftServerConfigKeys (ConfUtils.java:logGet(43)) - raft.server.log.statemachine.data.caching.enabled = true (custom)
2019-11-13 21:46:51,254 [pool-197-thread-1] INFO  segmented.SegmentedRaftLogWorker (SegmentedRaftLogWorker.java:lambda$new$0(128)) - 967749f5-60f8-4775-800f-ac118f332ec3@group-7C70ED9FCAA5-SegmentedRaftLogWorker: flushIndex: setUnconditionally 0 -> -1
2019-11-13 21:46:51,255 [pool-197-thread-1] INFO  server.RaftServerConfigKeys (ConfUtils.java:logGet(43)) - raft.server.snapshot.auto.trigger.enabled = true (custom)
2019-11-13 21:46:51,255 [pool-197-thread-1] INFO  server.RaftServerConfigKeys (ConfUtils.java:logGet(43)) - raft.server.snapshot.auto.trigger.threshold = 10000 (custom)
2019-11-13 21:46:51,255 [pool-197-thread-1] INFO  server.RaftServerConfigKeys (ConfUtils.java:logGet(43)) - raft.server.snapshot.retention.file.num = 5 (custom)
2019-11-13 21:46:51,255 [pool-197-thread-1] INFO  server.RaftServerConfigKeys (ConfUtils.java:logGet(43)) - raft.server.retrycache.expirytime = 600000ms (custom)
2019-11-13 21:46:51,255 [pool-197-thread-1] WARN  impl.MetricRegistriesImpl (MetricRegistriesImpl.java:lambda$create$1(61)) - First MetricRegistry has been created without registering reporters. You may need to call MetricRegistries.global().addReportRegistration(...) before.
2019-11-13 21:46:51,255 [pool-197-thread-1] WARN  impl.MetricRegistriesImpl (MetricRegistriesImpl.java:lambda$create$1(61)) - First MetricRegistry has been created without registering reporters. You may need to call MetricRegistries.global().addReportRegistration(...) before.
2019-11-13 21:46:51,256 [pool-197-thread-1] INFO  impl.RaftServerImpl (RaftServerImpl.java:<init>(98)) - 967749f5-60f8-4775-800f-ac118f332ec3: new RaftServerImpl for group-6A029FC062B8:[dcad5acd-0e3b-4336-98e2-abbadaf23ad5:192.168.34.20:33066, 6cc8209c-e457-4756-a8d8-a7119d564131:192.168.34.20:40739, 967749f5-60f8-4775-800f-ac118f332ec3:192.168.34.20:39594] with ContainerStateMachine:uninitialized
2019-11-13 21:46:51,256 [pool-197-thread-1] INFO  server.RaftServerConfigKeys (ConfUtils.java:logGet(43)) - raft.server.rpc.timeout.min = 5s (custom)
2019-11-13 21:46:51,257 [pool-197-thread-1] INFO  server.RaftServerConfigKeys (ConfUtils.java:logGet(43)) - raft.server.rpc.timeout.max = 5200ms (custom)
2019-11-13 21:46:51,257 [pool-197-thread-1] INFO  server.RaftServerConfigKeys (ConfUtils.java:logGet(43)) - raft.server.rpcslowness.timeout = 120s (custom)
2019-11-13 21:46:51,257 [pool-197-thread-1] INFO  server.RaftServerConfigKeys (ConfUtils.java:logGet(43)) - raft.server.sleep.deviation.threshold = 300 (default)
2019-11-13 21:46:51,257 [pool-197-thread-1] INFO  server.RaftServerConfigKeys (ConfUtils.java:logGet(43)) - raft.server.log.appender.install.snapshot.enabled = false (custom)
2019-11-13 21:46:51,257 [pool-197-thread-1] INFO  impl.RaftServerImpl (ServerState.java:<init>(103)) - 967749f5-60f8-4775-800f-ac118f332ec3@group-6A029FC062B8: ConfigurationManager, init=-1: [dcad5acd-0e3b-4336-98e2-abbadaf23ad5:192.168.34.20:33066, 6cc8209c-e457-4756-a8d8-a7119d564131:192.168.34.20:40739, 967749f5-60f8-4775-800f-ac118f332ec3:192.168.34.20:39594], old=null, confs=<EMPTY_MAP>
2019-11-13 21:46:51,257 [pool-197-thread-1] INFO  server.RaftServerConfigKeys (ConfUtils.java:logGet(43)) - raft.server.storage.dir = [/workdir/hadoop-ozone/ozonefs/target/test-dir/MiniOzoneClusterImpl-2bb5002b-f3eb-4fa7-bf0d-d672f8b55c5b/datanode-2/data/ratis] (custom)
2019-11-13 21:46:51,257 [pool-197-thread-1] INFO  server.RaftServerConfigKeys (ConfUtils.java:logGet(43)) - raft.server.log.corruption.policy = EXCEPTION (default)
2019-11-13 21:46:51,257 [pool-197-thread-1] INFO  storage.RaftStorageDirectory (RaftStorageDirectory.java:analyzeStorage(246)) - The storage directory /workdir/hadoop-ozone/ozonefs/target/test-dir/MiniOzoneClusterImpl-2bb5002b-f3eb-4fa7-bf0d-d672f8b55c5b/datanode-2/data/ratis/da7790d2-83dc-4898-85e8-6a029fc062b8 does not exist. Creating ...
2019-11-13 21:46:51,263 [pool-197-thread-1] INFO  storage.RaftStorageDirectory (RaftStorageDirectory.java:tryLock(328)) - Lock on /workdir/hadoop-ozone/ozonefs/target/test-dir/MiniOzoneClusterImpl-2bb5002b-f3eb-4fa7-bf0d-d672f8b55c5b/datanode-2/data/ratis/da7790d2-83dc-4898-85e8-6a029fc062b8/in_use.lock acquired by nodename 28847@pr-hdds-2470-fxbl9-3826649461
2019-11-13 21:46:51,265 [pool-197-thread-1] INFO  storage.RaftStorage (RaftStorage.java:format(84)) - Storage directory /workdir/hadoop-ozone/ozonefs/target/test-dir/MiniOzoneClusterImpl-2bb5002b-f3eb-4fa7-bf0d-d672f8b55c5b/datanode-2/data/ratis/da7790d2-83dc-4898-85e8-6a029fc062b8 has been successfully formatted.
2019-11-13 21:46:51,265 [pool-197-thread-1] INFO  ratis.ContainerStateMachine (ContainerStateMachine.java:loadSnapshot(223)) - group-6A029FC062B8: The snapshot info is null. Setting the last applied indexto:(t:0, i:~)
2019-11-13 21:46:51,265 [pool-197-thread-1] INFO  server.RaftServerConfigKeys (ConfUtils.java:logGet(43)) - raft.server.notification.no-leader.timeout = 120s (custom)
2019-11-13 21:46:51,265 [pool-197-thread-1] INFO  server.RaftServerConfigKeys (ConfUtils.java:logGet(43)) - raft.server.log.use.memory = false (default)
2019-11-13 21:46:51,266 [pool-197-thread-1] INFO  server.RaftServerConfigKeys (ConfUtils.java:logGet(43)) - raft.server.log.purge.gap = 1000000 (custom)
2019-11-13 21:46:51,266 [pool-197-thread-1] INFO  server.RaftServerConfigKeys (ConfUtils.java:logGet(43)) - raft.server.log.appender.buffer.byte-limit = 33554432 (custom)
2019-11-13 21:46:51,266 [pool-197-thread-1] INFO  server.RaftServerConfigKeys (ConfUtils.java:logGet(43)) - raft.server.log.segment.size.max = 1048576 (custom)
2019-11-13 21:46:51,266 [pool-197-thread-1] INFO  server.RaftServerConfigKeys (ConfUtils.java:logGet(43)) - raft.server.log.segment.cache.num.max = 2 (custom)
2019-11-13 21:46:51,266 [pool-197-thread-1] INFO  segmented.SegmentedRaftLogWorker (SegmentedRaftLogWorker.java:<init>(173)) - new 967749f5-60f8-4775-800f-ac118f332ec3@group-6A029FC062B8-SegmentedRaftLogWorker for RaftStorage:Storage Directory /workdir/hadoop-ozone/ozonefs/target/test-dir/MiniOzoneClusterImpl-2bb5002b-f3eb-4fa7-bf0d-d672f8b55c5b/datanode-2/data/ratis/da7790d2-83dc-4898-85e8-6a029fc062b8
2019-11-13 21:46:51,266 [pool-197-thread-1] INFO  server.RaftServerConfigKeys (ConfUtils.java:logGet(43)) - raft.server.log.queue.byte-limit = 2147483647 (custom)
2019-11-13 21:46:51,266 [pool-197-thread-1] INFO  server.RaftServerConfigKeys (ConfUtils.java:logGet(43)) - raft.server.log.queue.element-limit = 1024 (custom)
2019-11-13 21:46:51,266 [pool-197-thread-1] INFO  server.RaftServerConfigKeys (ConfUtils.java:logGet(43)) - raft.server.log.segment.size.max = 1048576 (custom)
2019-11-13 21:46:51,266 [pool-197-thread-1] INFO  server.RaftServerConfigKeys (ConfUtils.java:logGet(43)) - raft.server.log.preallocated.size = 16384 (custom)
2019-11-13 21:46:51,266 [pool-197-thread-1] INFO  server.RaftServerConfigKeys (ConfUtils.java:logGet(43)) - raft.server.log.write.buffer.size = 33554432 (custom)
2019-11-13 21:46:51,266 [pool-197-thread-1] INFO  server.RaftServerConfigKeys (ConfUtils.java:logGet(43)) - raft.server.log.force.sync.num = 128 (default)
2019-11-13 21:46:51,266 [pool-197-thread-1] INFO  server.RaftServerConfigKeys (ConfUtils.java:logGet(43)) - raft.server.log.statemachine.data.sync = true (default)
2019-11-13 21:46:51,267 [pool-197-thread-1] INFO  server.RaftServerConfigKeys (ConfUtils.java:logGet(43)) - raft.server.log.statemachine.data.sync.timeout = 10s (default)
2019-11-13 21:46:51,267 [pool-197-thread-1] INFO  server.RaftServerConfigKeys (ConfUtils.java:logGet(43)) - raft.server.log.statemachine.data.sync.timeout.retry = -1 (default)
2019-11-13 21:46:51,267 [pool-197-thread-1] INFO  server.RaftServerConfigKeys (ConfUtils.java:logGet(43)) - raft.server.log.statemachine.data.caching.enabled = true (custom)
2019-11-13 21:46:51,267 [pool-197-thread-1] INFO  segmented.SegmentedRaftLogWorker (SegmentedRaftLogWorker.java:lambda$new$0(128)) - 967749f5-60f8-4775-800f-ac118f332ec3@group-6A029FC062B8-SegmentedRaftLogWorker: flushIndex: setUnconditionally 0 -> -1
2019-11-13 21:46:51,267 [pool-197-thread-1] INFO  server.RaftServerConfigKeys (ConfUtils.java:logGet(43)) - raft.server.snapshot.auto.trigger.enabled = true (custom)
2019-11-13 21:46:51,267 [pool-197-thread-1] INFO  server.RaftServerConfigKeys (ConfUtils.java:logGet(43)) - raft.server.snapshot.auto.trigger.threshold = 10000 (custom)
2019-11-13 21:46:51,267 [pool-197-thread-1] INFO  server.RaftServerConfigKeys (ConfUtils.java:logGet(43)) - raft.server.snapshot.retention.file.num = 5 (custom)
2019-11-13 21:46:51,267 [pool-197-thread-1] INFO  server.RaftServerConfigKeys (ConfUtils.java:logGet(43)) - raft.server.retrycache.expirytime = 600000ms (custom)
2019-11-13 21:46:51,268 [pool-197-thread-1] WARN  impl.MetricRegistriesImpl (MetricRegistriesImpl.java:lambda$create$1(61)) - First MetricRegistry has been created without registering reporters. You may need to call MetricRegistries.global().addReportRegistration(...) before.
2019-11-13 21:46:51,268 [pool-197-thread-1] WARN  impl.MetricRegistriesImpl (MetricRegistriesImpl.java:lambda$create$1(61)) - First MetricRegistry has been created without registering reporters. You may need to call MetricRegistries.global().addReportRegistration(...) before.
2019-11-13 21:46:51,268 [pool-197-thread-1] INFO  impl.RaftServerImpl (RaftServerImpl.java:start(184)) - 967749f5-60f8-4775-800f-ac118f332ec3@group-2670078F4BD4: start as a follower, conf=-1: [967749f5-60f8-4775-800f-ac118f332ec3:192.168.34.20:39594], old=null
2019-11-13 21:46:51,268 [pool-197-thread-1] INFO  impl.RaftServerImpl (RaftServerImpl.java:setRole(173)) - 967749f5-60f8-4775-800f-ac118f332ec3@group-2670078F4BD4: changes role from      null to FOLLOWER at term 0 for startAsFollower
2019-11-13 21:46:51,268 [pool-197-thread-1] INFO  impl.RoleInfo (RoleInfo.java:updateAndGet(143)) - 967749f5-60f8-4775-800f-ac118f332ec3: start FollowerState
2019-11-13 21:46:51,268 [pool-197-thread-1] INFO  util.JmxRegister (JmxRegister.java:tryRegister(44)) - Successfully registered JMX Bean with object name Ratis:service=RaftServer,group=group-2670078F4BD4,id=967749f5-60f8-4775-800f-ac118f332ec3
2019-11-13 21:46:51,268 [pool-197-thread-1] WARN  impl.MetricRegistriesImpl (MetricRegistriesImpl.java:lambda$create$1(61)) - First MetricRegistry has been created without registering reporters. You may need to call MetricRegistries.global().addReportRegistration(...) before.
2019-11-13 21:46:51,269 [pool-197-thread-1] INFO  impl.RaftServerImpl (RaftServerImpl.java:start(184)) - 967749f5-60f8-4775-800f-ac118f332ec3@group-FC87DB4793F9: start as a follower, conf=-1: [967749f5-60f8-4775-800f-ac118f332ec3:192.168.34.20:39594], old=null
2019-11-13 21:46:51,269 [pool-197-thread-1] INFO  impl.RaftServerImpl (RaftServerImpl.java:setRole(173)) - 967749f5-60f8-4775-800f-ac118f332ec3@group-FC87DB4793F9: changes role from      null to FOLLOWER at term 0 for startAsFollower
2019-11-13 21:46:51,269 [pool-197-thread-1] INFO  impl.RoleInfo (RoleInfo.java:updateAndGet(143)) - 967749f5-60f8-4775-800f-ac118f332ec3: start FollowerState
2019-11-13 21:46:51,269 [pool-197-thread-1] INFO  util.JmxRegister (JmxRegister.java:tryRegister(44)) - Successfully registered JMX Bean with object name Ratis:service=RaftServer,group=group-FC87DB4793F9,id=967749f5-60f8-4775-800f-ac118f332ec3
2019-11-13 21:46:51,269 [pool-197-thread-1] WARN  impl.MetricRegistriesImpl (MetricRegistriesImpl.java:lambda$create$1(61)) - First MetricRegistry has been created without registering reporters. You may need to call MetricRegistries.global().addReportRegistration(...) before.
2019-11-13 21:46:51,271 [pool-197-thread-1] INFO  impl.RaftServerImpl (RaftServerImpl.java:<init>(98)) - 967749f5-60f8-4775-800f-ac118f332ec3: new RaftServerImpl for group-3C9007E7BB47:[dcad5acd-0e3b-4336-98e2-abbadaf23ad5:192.168.34.20:33066, 6cc8209c-e457-4756-a8d8-a7119d564131:192.168.34.20:40739, 967749f5-60f8-4775-800f-ac118f332ec3:192.168.34.20:39594] with ContainerStateMachine:uninitialized
2019-11-13 21:46:51,271 [pool-197-thread-1] INFO  server.RaftServerConfigKeys (ConfUtils.java:logGet(43)) - raft.server.rpc.timeout.min = 5s (custom)
2019-11-13 21:46:51,271 [pool-197-thread-1] INFO  server.RaftServerConfigKeys (ConfUtils.java:logGet(43)) - raft.server.rpc.timeout.max = 5200ms (custom)
2019-11-13 21:46:51,271 [pool-197-thread-1] INFO  server.RaftServerConfigKeys (ConfUtils.java:logGet(43)) - raft.server.rpcslowness.timeout = 120s (custom)
2019-11-13 21:46:51,271 [pool-197-thread-1] INFO  server.RaftServerConfigKeys (ConfUtils.java:logGet(43)) - raft.server.sleep.deviation.threshold = 300 (default)
2019-11-13 21:46:51,271 [pool-197-thread-1] INFO  server.RaftServerConfigKeys (ConfUtils.java:logGet(43)) - raft.server.log.appender.install.snapshot.enabled = false (custom)
2019-11-13 21:46:51,271 [pool-197-thread-1] INFO  impl.RaftServerImpl (ServerState.java:<init>(103)) - 967749f5-60f8-4775-800f-ac118f332ec3@group-3C9007E7BB47: ConfigurationManager, init=-1: [dcad5acd-0e3b-4336-98e2-abbadaf23ad5:192.168.34.20:33066, 6cc8209c-e457-4756-a8d8-a7119d564131:192.168.34.20:40739, 967749f5-60f8-4775-800f-ac118f332ec3:192.168.34.20:39594], old=null, confs=<EMPTY_MAP>
2019-11-13 21:46:51,271 [pool-197-thread-1] INFO  server.RaftServerConfigKeys (ConfUtils.java:logGet(43)) - raft.server.storage.dir = [/workdir/hadoop-ozone/ozonefs/target/test-dir/MiniOzoneClusterImpl-2bb5002b-f3eb-4fa7-bf0d-d672f8b55c5b/datanode-2/data/ratis] (custom)
2019-11-13 21:46:51,271 [pool-197-thread-1] INFO  server.RaftServerConfigKeys (ConfUtils.java:logGet(43)) - raft.server.log.corruption.policy = EXCEPTION (default)
2019-11-13 21:46:51,272 [pool-197-thread-1] INFO  storage.RaftStorageDirectory (RaftStorageDirectory.java:analyzeStorage(246)) - The storage directory /workdir/hadoop-ozone/ozonefs/target/test-dir/MiniOzoneClusterImpl-2bb5002b-f3eb-4fa7-bf0d-d672f8b55c5b/datanode-2/data/ratis/0ff57aca-ccc4-4f83-9025-3c9007e7bb47 does not exist. Creating ...
2019-11-13 21:46:51,282 [pool-197-thread-1] INFO  storage.RaftStorageDirectory (RaftStorageDirectory.java:tryLock(328)) - Lock on /workdir/hadoop-ozone/ozonefs/target/test-dir/MiniOzoneClusterImpl-2bb5002b-f3eb-4fa7-bf0d-d672f8b55c5b/datanode-2/data/ratis/0ff57aca-ccc4-4f83-9025-3c9007e7bb47/in_use.lock acquired by nodename 28847@pr-hdds-2470-fxbl9-3826649461
2019-11-13 21:46:51,354 [pool-197-thread-1] INFO  storage.RaftStorage (RaftStorage.java:format(84)) - Storage directory /workdir/hadoop-ozone/ozonefs/target/test-dir/MiniOzoneClusterImpl-2bb5002b-f3eb-4fa7-bf0d-d672f8b55c5b/datanode-2/data/ratis/0ff57aca-ccc4-4f83-9025-3c9007e7bb47 has been successfully formatted.
2019-11-13 21:46:51,355 [pool-197-thread-1] INFO  ratis.ContainerStateMachine (ContainerStateMachine.java:loadSnapshot(223)) - group-3C9007E7BB47: The snapshot info is null. Setting the last applied indexto:(t:0, i:~)
2019-11-13 21:46:51,355 [pool-197-thread-1] INFO  server.RaftServerConfigKeys (ConfUtils.java:logGet(43)) - raft.server.notification.no-leader.timeout = 120s (custom)
2019-11-13 21:46:51,355 [pool-197-thread-1] INFO  server.RaftServerConfigKeys (ConfUtils.java:logGet(43)) - raft.server.log.use.memory = false (default)
2019-11-13 21:46:51,355 [pool-197-thread-1] INFO  server.RaftServerConfigKeys (ConfUtils.java:logGet(43)) - raft.server.log.purge.gap = 1000000 (custom)
2019-11-13 21:46:51,356 [pool-197-thread-1] INFO  server.RaftServerConfigKeys (ConfUtils.java:logGet(43)) - raft.server.log.appender.buffer.byte-limit = 33554432 (custom)
2019-11-13 21:46:51,356 [pool-197-thread-1] INFO  server.RaftServerConfigKeys (ConfUtils.java:logGet(43)) - raft.server.log.segment.size.max = 1048576 (custom)
2019-11-13 21:46:51,356 [pool-197-thread-1] INFO  server.RaftServerConfigKeys (ConfUtils.java:logGet(43)) - raft.server.log.segment.cache.num.max = 2 (custom)
2019-11-13 21:46:51,356 [pool-197-thread-1] INFO  segmented.SegmentedRaftLogWorker (SegmentedRaftLogWorker.java:<init>(173)) - new 967749f5-60f8-4775-800f-ac118f332ec3@group-3C9007E7BB47-SegmentedRaftLogWorker for RaftStorage:Storage Directory /workdir/hadoop-ozone/ozonefs/target/test-dir/MiniOzoneClusterImpl-2bb5002b-f3eb-4fa7-bf0d-d672f8b55c5b/datanode-2/data/ratis/0ff57aca-ccc4-4f83-9025-3c9007e7bb47
2019-11-13 21:46:51,356 [pool-197-thread-1] INFO  server.RaftServerConfigKeys (ConfUtils.java:logGet(43)) - raft.server.log.queue.byte-limit = 2147483647 (custom)
2019-11-13 21:46:51,357 [pool-197-thread-1] INFO  server.RaftServerConfigKeys (ConfUtils.java:logGet(43)) - raft.server.log.queue.element-limit = 1024 (custom)
2019-11-13 21:46:51,357 [pool-197-thread-1] INFO  server.RaftServerConfigKeys (ConfUtils.java:logGet(43)) - raft.server.log.segment.size.max = 1048576 (custom)
2019-11-13 21:46:51,357 [pool-197-thread-1] INFO  server.RaftServerConfigKeys (ConfUtils.java:logGet(43)) - raft.server.log.preallocated.size = 16384 (custom)
2019-11-13 21:46:51,357 [pool-197-thread-1] INFO  server.RaftServerConfigKeys (ConfUtils.java:logGet(43)) - raft.server.log.write.buffer.size = 33554432 (custom)
2019-11-13 21:46:51,357 [pool-197-thread-1] INFO  server.RaftServerConfigKeys (ConfUtils.java:logGet(43)) - raft.server.log.force.sync.num = 128 (default)
2019-11-13 21:46:51,357 [pool-197-thread-1] INFO  server.RaftServerConfigKeys (ConfUtils.java:logGet(43)) - raft.server.log.statemachine.data.sync = true (default)
2019-11-13 21:46:51,357 [pool-197-thread-1] INFO  server.RaftServerConfigKeys (ConfUtils.java:logGet(43)) - raft.server.log.statemachine.data.sync.timeout = 10s (default)
2019-11-13 21:46:51,358 [pool-197-thread-1] INFO  server.RaftServerConfigKeys (ConfUtils.java:logGet(43)) - raft.server.log.statemachine.data.sync.timeout.retry = -1 (default)
2019-11-13 21:46:51,358 [pool-197-thread-1] INFO  server.RaftServerConfigKeys (ConfUtils.java:logGet(43)) - raft.server.log.statemachine.data.caching.enabled = true (custom)
2019-11-13 21:46:51,358 [pool-197-thread-1] INFO  segmented.SegmentedRaftLogWorker (SegmentedRaftLogWorker.java:lambda$new$0(128)) - 967749f5-60f8-4775-800f-ac118f332ec3@group-3C9007E7BB47-SegmentedRaftLogWorker: flushIndex: setUnconditionally 0 -> -1
2019-11-13 21:46:51,358 [pool-197-thread-1] INFO  server.RaftServerConfigKeys (ConfUtils.java:logGet(43)) - raft.server.snapshot.auto.trigger.enabled = true (custom)
2019-11-13 21:46:51,359 [pool-197-thread-1] INFO  server.RaftServerConfigKeys (ConfUtils.java:logGet(43)) - raft.server.snapshot.auto.trigger.threshold = 10000 (custom)
2019-11-13 21:46:51,359 [pool-197-thread-1] INFO  server.RaftServerConfigKeys (ConfUtils.java:logGet(43)) - raft.server.snapshot.retention.file.num = 5 (custom)
2019-11-13 21:46:51,359 [pool-197-thread-1] INFO  server.RaftServerConfigKeys (ConfUtils.java:logGet(43)) - raft.server.retrycache.expirytime = 600000ms (custom)
2019-11-13 21:46:51,359 [pool-197-thread-1] WARN  impl.MetricRegistriesImpl (MetricRegistriesImpl.java:lambda$create$1(61)) - First MetricRegistry has been created without registering reporters. You may need to call MetricRegistries.global().addReportRegistration(...) before.
2019-11-13 21:46:51,359 [pool-197-thread-1] WARN  impl.MetricRegistriesImpl (MetricRegistriesImpl.java:lambda$create$1(61)) - First MetricRegistry has been created without registering reporters. You may need to call MetricRegistries.global().addReportRegistration(...) before.
2019-11-13 21:46:51,360 [pool-197-thread-1] INFO  impl.RaftServerImpl (RaftServerImpl.java:start(184)) - 967749f5-60f8-4775-800f-ac118f332ec3@group-622AF9E17E76: start as a follower, conf=-1: [967749f5-60f8-4775-800f-ac118f332ec3:192.168.34.20:39594], old=null
2019-11-13 21:46:51,360 [pool-197-thread-1] INFO  impl.RaftServerImpl (RaftServerImpl.java:setRole(173)) - 967749f5-60f8-4775-800f-ac118f332ec3@group-622AF9E17E76: changes role from      null to FOLLOWER at term 0 for startAsFollower
2019-11-13 21:46:51,360 [pool-197-thread-1] INFO  impl.RoleInfo (RoleInfo.java:updateAndGet(143)) - 967749f5-60f8-4775-800f-ac118f332ec3: start FollowerState
2019-11-13 21:46:51,360 [pool-197-thread-1] INFO  util.JmxRegister (JmxRegister.java:tryRegister(44)) - Successfully registered JMX Bean with object name Ratis:service=RaftServer,group=group-622AF9E17E76,id=967749f5-60f8-4775-800f-ac118f332ec3
2019-11-13 21:46:51,361 [pool-197-thread-1] WARN  impl.MetricRegistriesImpl (MetricRegistriesImpl.java:lambda$create$1(61)) - First MetricRegistry has been created without registering reporters. You may need to call MetricRegistries.global().addReportRegistration(...) before.
2019-11-13 21:46:51,361 [pool-197-thread-1] INFO  impl.RaftServerImpl (RaftServerImpl.java:start(184)) - 967749f5-60f8-4775-800f-ac118f332ec3@group-3BDE17ED132E: start as a follower, conf=-1: [dcad5acd-0e3b-4336-98e2-abbadaf23ad5:192.168.34.20:33066, 6cc8209c-e457-4756-a8d8-a7119d564131:192.168.34.20:40739, 967749f5-60f8-4775-800f-ac118f332ec3:192.168.34.20:39594], old=null
2019-11-13 21:46:51,361 [pool-197-thread-1] INFO  impl.RaftServerImpl (RaftServerImpl.java:setRole(173)) - 967749f5-60f8-4775-800f-ac118f332ec3@group-3BDE17ED132E: changes role from      null to FOLLOWER at term 0 for startAsFollower
2019-11-13 21:46:51,361 [pool-197-thread-1] INFO  impl.RoleInfo (RoleInfo.java:updateAndGet(143)) - 967749f5-60f8-4775-800f-ac118f332ec3: start FollowerState
2019-11-13 21:46:51,362 [pool-197-thread-1] INFO  util.JmxRegister (JmxRegister.java:tryRegister(44)) - Successfully registered JMX Bean with object name Ratis:service=RaftServer,group=group-3BDE17ED132E,id=967749f5-60f8-4775-800f-ac118f332ec3
2019-11-13 21:46:51,362 [pool-197-thread-1] WARN  impl.MetricRegistriesImpl (MetricRegistriesImpl.java:lambda$create$1(61)) - First MetricRegistry has been created without registering reporters. You may need to call MetricRegistries.global().addReportRegistration(...) before.
2019-11-13 21:46:51,362 [pool-197-thread-1] INFO  impl.RaftServerImpl (RaftServerImpl.java:start(184)) - 967749f5-60f8-4775-800f-ac118f332ec3@group-7C70ED9FCAA5: start as a follower, conf=-1: [967749f5-60f8-4775-800f-ac118f332ec3:192.168.34.20:39594], old=null
2019-11-13 21:46:51,362 [pool-197-thread-1] INFO  impl.RaftServerImpl (RaftServerImpl.java:setRole(173)) - 967749f5-60f8-4775-800f-ac118f332ec3@group-7C70ED9FCAA5: changes role from      null to FOLLOWER at term 0 for startAsFollower
2019-11-13 21:46:51,363 [pool-197-thread-1] INFO  impl.RoleInfo (RoleInfo.java:updateAndGet(143)) - 967749f5-60f8-4775-800f-ac118f332ec3: start FollowerState
2019-11-13 21:46:51,363 [pool-197-thread-1] INFO  util.JmxRegister (JmxRegister.java:tryRegister(44)) - Successfully registered JMX Bean with object name Ratis:service=RaftServer,group=group-7C70ED9FCAA5,id=967749f5-60f8-4775-800f-ac118f332ec3
2019-11-13 21:46:51,363 [pool-197-thread-1] WARN  impl.MetricRegistriesImpl (MetricRegistriesImpl.java:lambda$create$1(61)) - First MetricRegistry has been created without registering reporters. You may need to call MetricRegistries.global().addReportRegistration(...) before.
2019-11-13 21:46:51,364 [pool-197-thread-1] INFO  impl.RaftServerImpl (RaftServerImpl.java:start(184)) - 967749f5-60f8-4775-800f-ac118f332ec3@group-6A029FC062B8: start as a follower, conf=-1: [dcad5acd-0e3b-4336-98e2-abbadaf23ad5:192.168.34.20:33066, 6cc8209c-e457-4756-a8d8-a7119d564131:192.168.34.20:40739, 967749f5-60f8-4775-800f-ac118f332ec3:192.168.34.20:39594], old=null
2019-11-13 21:46:51,364 [pool-197-thread-1] INFO  impl.RaftServerImpl (RaftServerImpl.java:setRole(173)) - 967749f5-60f8-4775-800f-ac118f332ec3@group-6A029FC062B8: changes role from      null to FOLLOWER at term 0 for startAsFollower
2019-11-13 21:46:51,364 [pool-197-thread-1] INFO  impl.RoleInfo (RoleInfo.java:updateAndGet(143)) - 967749f5-60f8-4775-800f-ac118f332ec3: start FollowerState
2019-11-13 21:46:51,364 [pool-197-thread-1] INFO  util.JmxRegister (JmxRegister.java:tryRegister(44)) - Successfully registered JMX Bean with object name Ratis:service=RaftServer,group=group-6A029FC062B8,id=967749f5-60f8-4775-800f-ac118f332ec3
2019-11-13 21:46:51,364 [pool-197-thread-1] WARN  impl.MetricRegistriesImpl (MetricRegistriesImpl.java:lambda$create$1(61)) - First MetricRegistry has been created without registering reporters. You may need to call MetricRegistries.global().addReportRegistration(...) before.
2019-11-13 21:46:51,365 [pool-197-thread-1] INFO  impl.RaftServerImpl (RaftServerImpl.java:start(184)) - 967749f5-60f8-4775-800f-ac118f332ec3@group-3C9007E7BB47: start as a follower, conf=-1: [dcad5acd-0e3b-4336-98e2-abbadaf23ad5:192.168.34.20:33066, 6cc8209c-e457-4756-a8d8-a7119d564131:192.168.34.20:40739, 967749f5-60f8-4775-800f-ac118f332ec3:192.168.34.20:39594], old=null
2019-11-13 21:46:51,365 [pool-197-thread-1] INFO  impl.RaftServerImpl (RaftServerImpl.java:setRole(173)) - 967749f5-60f8-4775-800f-ac118f332ec3@group-3C9007E7BB47: changes role from      null to FOLLOWER at term 0 for startAsFollower
2019-11-13 21:46:51,365 [pool-197-thread-1] INFO  impl.RoleInfo (RoleInfo.java:updateAndGet(143)) - 967749f5-60f8-4775-800f-ac118f332ec3: start FollowerState
2019-11-13 21:46:51,367 [pool-197-thread-1] INFO  util.JmxRegister (JmxRegister.java:tryRegister(44)) - Successfully registered JMX Bean with object name Ratis:service=RaftServer,group=group-3C9007E7BB47,id=967749f5-60f8-4775-800f-ac118f332ec3
2019-11-13 21:46:51,368 [pool-197-thread-1] WARN  impl.MetricRegistriesImpl (MetricRegistriesImpl.java:lambda$create$1(61)) - First MetricRegistry has been created without registering reporters. You may need to call MetricRegistries.global().addReportRegistration(...) before.
2019-11-13 21:46:51,372 [IPC Server handler 6 on 37166] INFO  pipeline.PipelineStateManager (PipelineStateManager.java:addPipeline(55)) - Created pipeline Pipeline[ Id: 0ff57aca-ccc4-4f83-9025-3c9007e7bb47, Nodes: 967749f5-60f8-4775-800f-ac118f332ec3{ip: 192.168.34.20, host: pr-hdds-2470-fxbl9-3826649461, networkLocation: /default-rack, certSerialId: null}dcad5acd-0e3b-4336-98e2-abbadaf23ad5{ip: 192.168.34.20, host: pr-hdds-2470-fxbl9-3826649461, networkLocation: /default-rack, certSerialId: null}6cc8209c-e457-4756-a8d8-a7119d564131{ip: 192.168.34.20, host: pr-hdds-2470-fxbl9-3826649461, networkLocation: /default-rack, certSerialId: null}, Type:RATIS, Factor:THREE, State:ALLOCATED]
2019-11-13 21:46:51,430 [IPC Server handler 1 on 37166] WARN  block.BlockManagerImpl (BlockManagerImpl.java:allocateBlock(200)) - Pipeline creation failed for type:RATIS factor:THREE. Retrying get pipelines call once.
org.apache.hadoop.hdds.scm.pipeline.InsufficientDatanodesException: Cannot create pipeline of factor 3 using 0 nodes.
	at org.apache.hadoop.hdds.scm.pipeline.RatisPipelineProvider.create(RatisPipelineProvider.java:153)
	at org.apache.hadoop.hdds.scm.pipeline.PipelineFactory.create(PipelineFactory.java:58)
	at org.apache.hadoop.hdds.scm.pipeline.SCMPipelineManager.createPipeline(SCMPipelineManager.java:155)
	at org.apache.hadoop.hdds.scm.block.BlockManagerImpl.allocateBlock(BlockManagerImpl.java:198)
	at org.apache.hadoop.hdds.scm.server.SCMBlockProtocolServer.allocateBlock(SCMBlockProtocolServer.java:187)
	at org.apache.hadoop.hdds.scm.protocol.ScmBlockLocationProtocolServerSideTranslatorPB.allocateScmBlock(ScmBlockLocationProtocolServerSideTranslatorPB.java:159)
	at org.apache.hadoop.hdds.scm.protocol.ScmBlockLocationProtocolServerSideTranslatorPB.processMessage(ScmBlockLocationProtocolServerSideTranslatorPB.java:117)
	at org.apache.hadoop.hdds.server.OzoneProtocolMessageDispatcher.processRequest(OzoneProtocolMessageDispatcher.java:72)
	at org.apache.hadoop.hdds.scm.protocol.ScmBlockLocationProtocolServerSideTranslatorPB.send(ScmBlockLocationProtocolServerSideTranslatorPB.java:98)
	at org.apache.hadoop.hdds.protocol.proto.ScmBlockLocationProtocolProtos$ScmBlockLocationProtocolService$2.callBlockingMethod(ScmBlockLocationProtocolProtos.java:13157)
	at org.apache.hadoop.ipc.ProtobufRpcEngine$Server$ProtoBufRpcInvoker.call(ProtobufRpcEngine.java:524)
	at org.apache.hadoop.ipc.RPC$Server.call(RPC.java:1025)
	at org.apache.hadoop.ipc.Server$RpcCall.run(Server.java:876)
	at org.apache.hadoop.ipc.Server$RpcCall.run(Server.java:822)
	at java.security.AccessController.doPrivileged(Native Method)
	at javax.security.auth.Subject.doAs(Subject.java:422)
	at org.apache.hadoop.security.UserGroupInformation.doAs(UserGroupInformation.java:1730)
	at org.apache.hadoop.ipc.Server$Handler.run(Server.java:2682)
2019-11-13 21:46:51,431 [IPC Server handler 1 on 37166] INFO  block.BlockManagerImpl (BlockManagerImpl.java:allocateBlock(212)) - Could not find available pipeline of type:RATIS and factor:THREE even after retrying
2019-11-13 21:46:51,431 [IPC Server handler 1 on 37166] ERROR block.BlockManagerImpl (BlockManagerImpl.java:allocateBlock(236)) - Unable to allocate a block for the size: 4194304, type: RATIS, factor: THREE
2019-11-13 21:46:51,436 [Thread-748] INFO  ozone.MiniOzoneClusterImpl (MiniOzoneClusterImpl.java:shutdown(352)) - Shutting down the Mini Ozone Cluster
2019-11-13 21:46:51,437 [Thread-748] INFO  ozone.MiniOzoneClusterImpl (MiniOzoneClusterImpl.java:stop(368)) - Stopping the Mini Ozone Cluster
2019-11-13 21:46:51,437 [Thread-748] INFO  ozone.MiniOzoneClusterImpl (MiniOzoneClusterImpl.java:stopOM(438)) - Stopping the OzoneManager
2019-11-13 21:46:51,437 [Thread-748] INFO  ipc.Server (Server.java:stop(3082)) - Stopping server on 35530
2019-11-13 21:46:51,442 [Thread-748] INFO  ratis.OzoneManagerDoubleBuffer (OzoneManagerDoubleBuffer.java:stop(261)) - Stopping OMDoubleBuffer flush thread
2019-11-13 21:46:51,445 [IPC Server Responder] INFO  ipc.Server (Server.java:run(1319)) - Stopping IPC Server Responder
2019-11-13 21:46:51,443 [IPC Server listener on 35530] INFO  ipc.Server (Server.java:run(1185)) - Stopping IPC Server listener on 35530
2019-11-13 21:46:51,446 [OMDoubleBufferFlushThread] INFO  ratis.OzoneManagerDoubleBuffer (OzoneManagerDoubleBuffer.java:flushTransactions(199)) - OMDoubleBuffer flush thread OMDoubleBufferFlushThread is interrupted and will exit. OMDoubleBufferFlushThread
2019-11-13 21:46:51,454 [Thread-748] INFO  utils.BackgroundService (BackgroundService.java:shutdown(151)) - Shutting down service KeyDeletingService
2019-11-13 21:46:51,456 [Thread-748] INFO  handler.ContextHandler (ContextHandler.java:doStop(910)) - Stopped o.e.j.w.WebAppContext@5489b8d4{/,null,UNAVAILABLE}{/ozoneManager}
2019-11-13 21:46:51,456 [Thread-748] INFO  server.AbstractConnector (AbstractConnector.java:doStop(318)) - Stopped ServerConnector@a84c9a1{HTTP/1.1,[http/1.1]}{0.0.0.0:0}
2019-11-13 21:46:51,457 [Thread-748] INFO  handler.ContextHandler (ContextHandler.java:doStop(910)) - Stopped o.e.j.s.ServletContextHandler@589c781c{/static,jar:file:/home/user/.m2/repository/org/apache/hadoop/hadoop-ozone-ozone-manager/0.5.0-SNAPSHOT/hadoop-ozone-ozone-manager-0.5.0-SNAPSHOT.jar!/webapps/static,UNAVAILABLE}
2019-11-13 21:46:51,457 [Thread-748] INFO  handler.ContextHandler (ContextHandler.java:doStop(910)) - Stopped o.e.j.s.ServletContextHandler@7248815a{/logs,file:///workdir/hadoop-ozone/ozonefs/target/log,UNAVAILABLE}
2019-11-13 21:46:51,460 [Thread-748] INFO  ozone.MiniOzoneClusterImpl (MiniOzoneClusterImpl.java:stopDatanodes(415)) - Stopping the HddsDatanodes
2019-11-13 21:46:51,649 [Datanode State Machine Thread - 0] INFO  statemachine.DatanodeStateMachine (DatanodeStateMachine.java:lambda$startDaemon$0(350)) - Ozone container server started.
2019-11-13 21:46:52,415 [Datanode State Machine Thread - 0] INFO  statemachine.DatanodeStateMachine (DatanodeStateMachine.java:lambda$startDaemon$0(350)) - Ozone container server started.
2019-11-13 21:46:56,186 [Thread-968] INFO  impl.FollowerState (FollowerState.java:run(111)) - dcad5acd-0e3b-4336-98e2-abbadaf23ad5@group-3BDE17ED132E-FollowerState: change to CANDIDATE, lastRpcTime:5002ms, electionTimeout:5002ms
2019-11-13 21:46:56,186 [Thread-968] INFO  impl.RoleInfo (RoleInfo.java:shutdownFollowerState(121)) - dcad5acd-0e3b-4336-98e2-abbadaf23ad5: shutdown FollowerState
2019-11-13 21:46:56,186 [Thread-968] INFO  impl.RaftServerImpl (RaftServerImpl.java:setRole(173)) - dcad5acd-0e3b-4336-98e2-abbadaf23ad5@group-3BDE17ED132E: changes role from  FOLLOWER to CANDIDATE at term 0 for changeToCandidate
2019-11-13 21:46:56,187 [Thread-968] INFO  impl.RoleInfo (RoleInfo.java:updateAndGet(143)) - dcad5acd-0e3b-4336-98e2-abbadaf23ad5: start LeaderElection
2019-11-13 21:46:56,190 [Thread-963] INFO  impl.FollowerState (FollowerState.java:run(111)) - 6cc8209c-e457-4756-a8d8-a7119d564131@group-6A029FC062B8-FollowerState: change to CANDIDATE, lastRpcTime:5047ms, electionTimeout:5044ms
2019-11-13 21:46:56,191 [Thread-963] INFO  impl.RoleInfo (RoleInfo.java:shutdownFollowerState(121)) - 6cc8209c-e457-4756-a8d8-a7119d564131: shutdown FollowerState
2019-11-13 21:46:56,191 [Thread-963] INFO  impl.RaftServerImpl (RaftServerImpl.java:setRole(173)) - 6cc8209c-e457-4756-a8d8-a7119d564131@group-6A029FC062B8: changes role from  FOLLOWER to CANDIDATE at term 0 for changeToCandidate
2019-11-13 21:46:56,191 [Thread-963] INFO  impl.RoleInfo (RoleInfo.java:updateAndGet(143)) - 6cc8209c-e457-4756-a8d8-a7119d564131: start LeaderElection
2019-11-13 21:46:56,206 [dcad5acd-0e3b-4336-98e2-abbadaf23ad5@group-3BDE17ED132E-LeaderElection21] INFO  impl.LeaderElection (LeaderElection.java:askForVotes(178)) - dcad5acd-0e3b-4336-98e2-abbadaf23ad5@group-3BDE17ED132E-LeaderElection21: begin an election at term 1 for -1: [dcad5acd-0e3b-4336-98e2-abbadaf23ad5:192.168.34.20:33066, 6cc8209c-e457-4756-a8d8-a7119d564131:192.168.34.20:40739, 967749f5-60f8-4775-800f-ac118f332ec3:192.168.34.20:39594], old=null
2019-11-13 21:46:56,206 [6cc8209c-e457-4756-a8d8-a7119d564131@group-6A029FC062B8-LeaderElection22] INFO  impl.LeaderElection (LeaderElection.java:askForVotes(178)) - 6cc8209c-e457-4756-a8d8-a7119d564131@group-6A029FC062B8-LeaderElection22: begin an election at term 1 for -1: [dcad5acd-0e3b-4336-98e2-abbadaf23ad5:192.168.34.20:33066, 6cc8209c-e457-4756-a8d8-a7119d564131:192.168.34.20:40739, 967749f5-60f8-4775-800f-ac118f332ec3:192.168.34.20:39594], old=null
2019-11-13 21:46:56,213 [Thread-961] INFO  impl.FollowerState (FollowerState.java:run(111)) - 6cc8209c-e457-4756-a8d8-a7119d564131@group-3BDE17ED132E-FollowerState: change to CANDIDATE, lastRpcTime:5072ms, electionTimeout:5072ms
2019-11-13 21:46:56,214 [Thread-961] INFO  impl.RoleInfo (RoleInfo.java:shutdownFollowerState(121)) - 6cc8209c-e457-4756-a8d8-a7119d564131: shutdown FollowerState
2019-11-13 21:46:56,214 [Thread-961] INFO  impl.RaftServerImpl (RaftServerImpl.java:setRole(173)) - 6cc8209c-e457-4756-a8d8-a7119d564131@group-3BDE17ED132E: changes role from  FOLLOWER to CANDIDATE at term 0 for changeToCandidate
2019-11-13 21:46:56,214 [Thread-961] INFO  impl.RoleInfo (RoleInfo.java:updateAndGet(143)) - 6cc8209c-e457-4756-a8d8-a7119d564131: start LeaderElection
2019-11-13 21:46:56,220 [grpc-default-executor-3] INFO  impl.RaftServerImpl (RaftServerImpl.java:setRole(173)) - 967749f5-60f8-4775-800f-ac118f332ec3@group-3BDE17ED132E: changes role from  FOLLOWER to FOLLOWER at term 1 for recognizeCandidate:dcad5acd-0e3b-4336-98e2-abbadaf23ad5
2019-11-13 21:46:56,220 [grpc-default-executor-3] INFO  impl.RoleInfo (RoleInfo.java:shutdownFollowerState(121)) - 967749f5-60f8-4775-800f-ac118f332ec3: shutdown FollowerState
2019-11-13 21:46:56,221 [grpc-default-executor-0] INFO  impl.RaftServerImpl (RaftServerImpl.java:setRole(173)) - 967749f5-60f8-4775-800f-ac118f332ec3@group-6A029FC062B8: changes role from  FOLLOWER to FOLLOWER at term 1 for recognizeCandidate:6cc8209c-e457-4756-a8d8-a7119d564131
2019-11-13 21:46:56,222 [grpc-default-executor-0] INFO  impl.RoleInfo (RoleInfo.java:shutdownFollowerState(121)) - 967749f5-60f8-4775-800f-ac118f332ec3: shutdown FollowerState
2019-11-13 21:46:56,222 [grpc-default-executor-2] INFO  impl.RaftServerImpl (RaftServerImpl.java:setRole(173)) - dcad5acd-0e3b-4336-98e2-abbadaf23ad5@group-6A029FC062B8: changes role from  FOLLOWER to FOLLOWER at term 1 for recognizeCandidate:6cc8209c-e457-4756-a8d8-a7119d564131
2019-11-13 21:46:56,223 [Thread-992] INFO  impl.FollowerState (FollowerState.java:run(120)) - 967749f5-60f8-4775-800f-ac118f332ec3@group-6A029FC062B8-FollowerState was interrupted: java.lang.InterruptedException: sleep interrupted
2019-11-13 21:46:56,221 [Thread-988] INFO  impl.FollowerState (FollowerState.java:run(120)) - 967749f5-60f8-4775-800f-ac118f332ec3@group-3BDE17ED132E-FollowerState was interrupted: java.lang.InterruptedException: sleep interrupted
2019-11-13 21:46:56,221 [grpc-default-executor-3] INFO  impl.RoleInfo (RoleInfo.java:updateAndGet(143)) - 967749f5-60f8-4775-800f-ac118f332ec3: start FollowerState
2019-11-13 21:46:56,223 [grpc-default-executor-2] INFO  impl.RoleInfo (RoleInfo.java:shutdownFollowerState(121)) - dcad5acd-0e3b-4336-98e2-abbadaf23ad5: shutdown FollowerState
2019-11-13 21:46:56,223 [grpc-default-executor-0] INFO  impl.RoleInfo (RoleInfo.java:updateAndGet(143)) - 967749f5-60f8-4775-800f-ac118f332ec3: start FollowerState
2019-11-13 21:46:56,225 [Thread-975] INFO  impl.FollowerState (FollowerState.java:run(120)) - dcad5acd-0e3b-4336-98e2-abbadaf23ad5@group-6A029FC062B8-FollowerState was interrupted: java.lang.InterruptedException: sleep interrupted
2019-11-13 21:46:56,225 [grpc-default-executor-2] INFO  impl.RoleInfo (RoleInfo.java:updateAndGet(143)) - dcad5acd-0e3b-4336-98e2-abbadaf23ad5: start FollowerState
2019-11-13 21:46:56,230 [6cc8209c-e457-4756-a8d8-a7119d564131@group-3BDE17ED132E-LeaderElection23] INFO  impl.LeaderElection (LeaderElection.java:askForVotes(178)) - 6cc8209c-e457-4756-a8d8-a7119d564131@group-3BDE17ED132E-LeaderElection23: begin an election at term 1 for -1: [dcad5acd-0e3b-4336-98e2-abbadaf23ad5:192.168.34.20:33066, 6cc8209c-e457-4756-a8d8-a7119d564131:192.168.34.20:40739, 967749f5-60f8-4775-800f-ac118f332ec3:192.168.34.20:39594], old=null
2019-11-13 21:46:56,249 [dcad5acd-0e3b-4336-98e2-abbadaf23ad5@group-3BDE17ED132E-LeaderElection21] INFO  impl.LeaderElection (LeaderElection.java:logAndReturn(56)) - dcad5acd-0e3b-4336-98e2-abbadaf23ad5@group-3BDE17ED132E-LeaderElection21: Election PASSED; received 2 response(s) [dcad5acd-0e3b-4336-98e2-abbadaf23ad5<-6cc8209c-e457-4756-a8d8-a7119d564131#0:FAIL-t1, dcad5acd-0e3b-4336-98e2-abbadaf23ad5<-967749f5-60f8-4775-800f-ac118f332ec3#0:OK-t1] and 0 exception(s); dcad5acd-0e3b-4336-98e2-abbadaf23ad5@group-3BDE17ED132E:t1, leader=null, voted=dcad5acd-0e3b-4336-98e2-abbadaf23ad5, raftlog=dcad5acd-0e3b-4336-98e2-abbadaf23ad5@group-3BDE17ED132E-SegmentedRaftLog:OPENED:c-1,f-1,i0, conf=-1: [dcad5acd-0e3b-4336-98e2-abbadaf23ad5:192.168.34.20:33066, 6cc8209c-e457-4756-a8d8-a7119d564131:192.168.34.20:40739, 967749f5-60f8-4775-800f-ac118f332ec3:192.168.34.20:39594], old=null
2019-11-13 21:46:56,249 [6cc8209c-e457-4756-a8d8-a7119d564131@group-3BDE17ED132E-LeaderElection23] INFO  impl.LeaderElection (LeaderElection.java:logAndReturn(56)) - 6cc8209c-e457-4756-a8d8-a7119d564131@group-3BDE17ED132E-LeaderElection23: Election REJECTED; received 2 response(s) [6cc8209c-e457-4756-a8d8-a7119d564131<-dcad5acd-0e3b-4336-98e2-abbadaf23ad5#0:FAIL-t1, 6cc8209c-e457-4756-a8d8-a7119d564131<-967749f5-60f8-4775-800f-ac118f332ec3#0:FAIL-t1] and 0 exception(s); 6cc8209c-e457-4756-a8d8-a7119d564131@group-3BDE17ED132E:t1, leader=null, voted=6cc8209c-e457-4756-a8d8-a7119d564131, raftlog=6cc8209c-e457-4756-a8d8-a7119d564131@group-3BDE17ED132E-SegmentedRaftLog:OPENED:c-1,f-1,i0, conf=-1: [dcad5acd-0e3b-4336-98e2-abbadaf23ad5:192.168.34.20:33066, 6cc8209c-e457-4756-a8d8-a7119d564131:192.168.34.20:40739, 967749f5-60f8-4775-800f-ac118f332ec3:192.168.34.20:39594], old=null
2019-11-13 21:46:56,249 [6cc8209c-e457-4756-a8d8-a7119d564131@group-6A029FC062B8-LeaderElection22] INFO  impl.LeaderElection (LeaderElection.java:logAndReturn(56)) - 6cc8209c-e457-4756-a8d8-a7119d564131@group-6A029FC062B8-LeaderElection22: Election PASSED; received 1 response(s) [6cc8209c-e457-4756-a8d8-a7119d564131<-dcad5acd-0e3b-4336-98e2-abbadaf23ad5#0:OK-t1] and 0 exception(s); 6cc8209c-e457-4756-a8d8-a7119d564131@group-6A029FC062B8:t1, leader=null, voted=6cc8209c-e457-4756-a8d8-a7119d564131, raftlog=6cc8209c-e457-4756-a8d8-a7119d564131@group-6A029FC062B8-SegmentedRaftLog:OPENED:c-1,f-1,i0, conf=-1: [dcad5acd-0e3b-4336-98e2-abbadaf23ad5:192.168.34.20:33066, 6cc8209c-e457-4756-a8d8-a7119d564131:192.168.34.20:40739, 967749f5-60f8-4775-800f-ac118f332ec3:192.168.34.20:39594], old=null
2019-11-13 21:46:56,252 [6cc8209c-e457-4756-a8d8-a7119d564131@group-3BDE17ED132E-LeaderElection23] INFO  impl.RaftServerImpl (RaftServerImpl.java:setRole(173)) - 6cc8209c-e457-4756-a8d8-a7119d564131@group-3BDE17ED132E: changes role from CANDIDATE to FOLLOWER at term 1 for DISCOVERED_A_NEW_TERM
2019-11-13 21:46:56,254 [6cc8209c-e457-4756-a8d8-a7119d564131@group-3BDE17ED132E-LeaderElection23] INFO  impl.RoleInfo (RoleInfo.java:shutdownLeaderElection(134)) - 6cc8209c-e457-4756-a8d8-a7119d564131: shutdown LeaderElection
2019-11-13 21:46:56,249 [dcad5acd-0e3b-4336-98e2-abbadaf23ad5@group-3BDE17ED132E-LeaderElection21] INFO  impl.RoleInfo (RoleInfo.java:shutdownLeaderElection(134)) - dcad5acd-0e3b-4336-98e2-abbadaf23ad5: shutdown LeaderElection
2019-11-13 21:46:56,257 [6cc8209c-e457-4756-a8d8-a7119d564131@group-3BDE17ED132E-LeaderElection23] INFO  impl.RoleInfo (RoleInfo.java:updateAndGet(143)) - 6cc8209c-e457-4756-a8d8-a7119d564131: start FollowerState
2019-11-13 21:46:56,253 [6cc8209c-e457-4756-a8d8-a7119d564131@group-6A029FC062B8-LeaderElection22] INFO  impl.RoleInfo (RoleInfo.java:shutdownLeaderElection(134)) - 6cc8209c-e457-4756-a8d8-a7119d564131: shutdown LeaderElection
2019-11-13 21:46:56,257 [dcad5acd-0e3b-4336-98e2-abbadaf23ad5@group-3BDE17ED132E-LeaderElection21] INFO  impl.RaftServerImpl (RaftServerImpl.java:setRole(173)) - dcad5acd-0e3b-4336-98e2-abbadaf23ad5@group-3BDE17ED132E: changes role from CANDIDATE to LEADER at term 1 for changeToLeader
2019-11-13 21:46:56,258 [6cc8209c-e457-4756-a8d8-a7119d564131@group-6A029FC062B8-LeaderElection22] INFO  impl.RaftServerImpl (RaftServerImpl.java:setRole(173)) - 6cc8209c-e457-4756-a8d8-a7119d564131@group-6A029FC062B8: changes role from CANDIDATE to LEADER at term 1 for changeToLeader
2019-11-13 21:46:56,259 [dcad5acd-0e3b-4336-98e2-abbadaf23ad5@group-3BDE17ED132E-LeaderElection21] INFO  ratis.XceiverServerRatis (XceiverServerRatis.java:handleLeaderChangedNotification(697)) - Leader change notification received for group: group-3BDE17ED132E with new leaderId: dcad5acd-0e3b-4336-98e2-abbadaf23ad5
2019-11-13 21:46:56,259 [6cc8209c-e457-4756-a8d8-a7119d564131@group-6A029FC062B8-LeaderElection22] INFO  ratis.XceiverServerRatis (XceiverServerRatis.java:handleLeaderChangedNotification(697)) - Leader change notification received for group: group-6A029FC062B8 with new leaderId: 6cc8209c-e457-4756-a8d8-a7119d564131
2019-11-13 21:46:56,259 [dcad5acd-0e3b-4336-98e2-abbadaf23ad5@group-3BDE17ED132E-LeaderElection21] INFO  impl.RaftServerImpl (ServerState.java:setLeader(255)) - dcad5acd-0e3b-4336-98e2-abbadaf23ad5@group-3BDE17ED132E: change Leader from null to dcad5acd-0e3b-4336-98e2-abbadaf23ad5 at term 1 for becomeLeader, leader elected after 5161ms
2019-11-13 21:46:56,260 [dcad5acd-0e3b-4336-98e2-abbadaf23ad5@group-3BDE17ED132E-LeaderElection21] INFO  server.RaftServerConfigKeys (ConfUtils.java:logGet(43)) - raft.server.staging.catchup.gap = 1000 (default)
2019-11-13 21:46:56,260 [6cc8209c-e457-4756-a8d8-a7119d564131@group-6A029FC062B8-LeaderElection22] INFO  impl.RaftServerImpl (ServerState.java:setLeader(255)) - 6cc8209c-e457-4756-a8d8-a7119d564131@group-6A029FC062B8: change Leader from null to 6cc8209c-e457-4756-a8d8-a7119d564131 at term 1 for becomeLeader, leader elected after 5121ms
2019-11-13 21:46:56,260 [dcad5acd-0e3b-4336-98e2-abbadaf23ad5@group-3BDE17ED132E-LeaderElection21] INFO  server.RaftServerConfigKeys (ConfUtils.java:logGet(43)) - raft.server.rpc.sleep.time = 25ms (default)
2019-11-13 21:46:56,260 [6cc8209c-e457-4756-a8d8-a7119d564131@group-6A029FC062B8-LeaderElection22] INFO  server.RaftServerConfigKeys (ConfUtils.java:logGet(43)) - raft.server.staging.catchup.gap = 1000 (default)
2019-11-13 21:46:56,260 [dcad5acd-0e3b-4336-98e2-abbadaf23ad5@group-3BDE17ED132E-LeaderElection21] INFO  server.RaftServerConfigKeys (ConfUtils.java:logGet(43)) - raft.server.write.element-limit = 4096 (default)
2019-11-13 21:46:56,261 [6cc8209c-e457-4756-a8d8-a7119d564131@group-6A029FC062B8-LeaderElection22] INFO  server.RaftServerConfigKeys (ConfUtils.java:logGet(43)) - raft.server.rpc.sleep.time = 25ms (default)
2019-11-13 21:46:56,261 [dcad5acd-0e3b-4336-98e2-abbadaf23ad5@group-3BDE17ED132E-LeaderElection21] INFO  server.RaftServerConfigKeys (ConfUtils.java:logGet(43)) - raft.server.watch.timeout = 10s (default)
2019-11-13 21:46:56,261 [6cc8209c-e457-4756-a8d8-a7119d564131@group-6A029FC062B8-LeaderElection22] INFO  server.RaftServerConfigKeys (ConfUtils.java:logGet(43)) - raft.server.write.element-limit = 4096 (default)
2019-11-13 21:46:56,261 [dcad5acd-0e3b-4336-98e2-abbadaf23ad5@group-3BDE17ED132E-LeaderElection21] INFO  server.RaftServerConfigKeys (ConfUtils.java:logGet(43)) - raft.server.watch.timeout.denomination = 1s (default)
2019-11-13 21:46:56,261 [6cc8209c-e457-4756-a8d8-a7119d564131@group-6A029FC062B8-LeaderElection22] INFO  server.RaftServerConfigKeys (ConfUtils.java:logGet(43)) - raft.server.watch.timeout = 10s (default)
2019-11-13 21:46:56,261 [dcad5acd-0e3b-4336-98e2-abbadaf23ad5@group-3BDE17ED132E-LeaderElection21] INFO  server.RaftServerConfigKeys (ConfUtils.java:logGet(43)) - raft.server.watch.element-limit = 65536 (default)
2019-11-13 21:46:56,261 [6cc8209c-e457-4756-a8d8-a7119d564131@group-6A029FC062B8-LeaderElection22] INFO  server.RaftServerConfigKeys (ConfUtils.java:logGet(43)) - raft.server.watch.timeout.denomination = 1s (default)
2019-11-13 21:46:56,261 [6cc8209c-e457-4756-a8d8-a7119d564131@group-6A029FC062B8-LeaderElection22] INFO  server.RaftServerConfigKeys (ConfUtils.java:logGet(43)) - raft.server.watch.element-limit = 65536 (default)
2019-11-13 21:46:56,261 [dcad5acd-0e3b-4336-98e2-abbadaf23ad5@group-3BDE17ED132E-LeaderElection21] INFO  server.RaftServerConfigKeys (ConfUtils.java:logGet(43)) - raft.server.log.appender.snapshot.chunk.size.max = 16MB (=16777216) (default)
2019-11-13 21:46:56,261 [6cc8209c-e457-4756-a8d8-a7119d564131@group-6A029FC062B8-LeaderElection22] INFO  server.RaftServerConfigKeys (ConfUtils.java:logGet(43)) - raft.server.log.appender.snapshot.chunk.size.max = 16MB (=16777216) (default)
2019-11-13 21:46:56,262 [dcad5acd-0e3b-4336-98e2-abbadaf23ad5@group-3BDE17ED132E-LeaderElection21] INFO  server.RaftServerConfigKeys (ConfUtils.java:logGet(43)) - raft.server.log.appender.buffer.byte-limit = 33554432 (custom)
2019-11-13 21:46:56,262 [6cc8209c-e457-4756-a8d8-a7119d564131@group-6A029FC062B8-LeaderElection22] INFO  server.RaftServerConfigKeys (ConfUtils.java:logGet(43)) - raft.server.log.appender.buffer.byte-limit = 33554432 (custom)
2019-11-13 21:46:56,262 [dcad5acd-0e3b-4336-98e2-abbadaf23ad5@group-3BDE17ED132E-LeaderElection21] INFO  server.RaftServerConfigKeys (ConfUtils.java:logGet(43)) - raft.server.log.appender.buffer.element-limit = 1 (custom)
2019-11-13 21:46:56,262 [6cc8209c-e457-4756-a8d8-a7119d564131@group-6A029FC062B8-LeaderElection22] INFO  server.RaftServerConfigKeys (ConfUtils.java:logGet(43)) - raft.server.log.appender.buffer.element-limit = 1 (custom)
2019-11-13 21:46:56,262 [dcad5acd-0e3b-4336-98e2-abbadaf23ad5@group-3BDE17ED132E-LeaderElection21] INFO  grpc.GrpcConfigKeys$Server (ConfUtils.java:logGet(43)) - raft.grpc.server.leader.outstanding.appends.max = 128 (default)
2019-11-13 21:46:56,262 [6cc8209c-e457-4756-a8d8-a7119d564131@group-6A029FC062B8-LeaderElection22] INFO  grpc.GrpcConfigKeys$Server (ConfUtils.java:logGet(43)) - raft.grpc.server.leader.outstanding.appends.max = 128 (default)
2019-11-13 21:46:56,262 [dcad5acd-0e3b-4336-98e2-abbadaf23ad5@group-3BDE17ED132E-LeaderElection21] INFO  server.RaftServerConfigKeys (ConfUtils.java:logGet(43)) - raft.server.rpc.request.timeout = 3000ms (default)
2019-11-13 21:46:56,262 [6cc8209c-e457-4756-a8d8-a7119d564131@group-6A029FC062B8-LeaderElection22] INFO  server.RaftServerConfigKeys (ConfUtils.java:logGet(43)) - raft.server.rpc.request.timeout = 3000ms (default)
2019-11-13 21:46:56,263 [dcad5acd-0e3b-4336-98e2-abbadaf23ad5@group-3BDE17ED132E-LeaderElection21] INFO  server.RaftServerConfigKeys (ConfUtils.java:logGet(43)) - raft.server.log.appender.install.snapshot.enabled = false (custom)
2019-11-13 21:46:56,263 [6cc8209c-e457-4756-a8d8-a7119d564131@group-6A029FC062B8-LeaderElection22] INFO  server.RaftServerConfigKeys (ConfUtils.java:logGet(43)) - raft.server.log.appender.install.snapshot.enabled = false (custom)
2019-11-13 21:46:56,263 [dcad5acd-0e3b-4336-98e2-abbadaf23ad5@group-3BDE17ED132E-LeaderElection21] WARN  impl.MetricRegistriesImpl (MetricRegistriesImpl.java:lambda$create$1(61)) - First MetricRegistry has been created without registering reporters. You may need to call MetricRegistries.global().addReportRegistration(...) before.
2019-11-13 21:46:56,263 [6cc8209c-e457-4756-a8d8-a7119d564131@group-6A029FC062B8-LeaderElection22] WARN  impl.MetricRegistriesImpl (MetricRegistriesImpl.java:lambda$create$1(61)) - First MetricRegistry has been created without registering reporters. You may need to call MetricRegistries.global().addReportRegistration(...) before.
2019-11-13 21:46:56,263 [dcad5acd-0e3b-4336-98e2-abbadaf23ad5@group-3BDE17ED132E-LeaderElection21] INFO  server.RaftServerConfigKeys (ConfUtils.java:logGet(43)) - raft.server.log.appender.snapshot.chunk.size.max = 16MB (=16777216) (default)
2019-11-13 21:46:56,263 [6cc8209c-e457-4756-a8d8-a7119d564131@group-6A029FC062B8-LeaderElection22] INFO  server.RaftServerConfigKeys (ConfUtils.java:logGet(43)) - raft.server.log.appender.snapshot.chunk.size.max = 16MB (=16777216) (default)
2019-11-13 21:46:56,263 [dcad5acd-0e3b-4336-98e2-abbadaf23ad5@group-3BDE17ED132E-LeaderElection21] INFO  server.RaftServerConfigKeys (ConfUtils.java:logGet(43)) - raft.server.log.appender.buffer.byte-limit = 33554432 (custom)
2019-11-13 21:46:56,263 [6cc8209c-e457-4756-a8d8-a7119d564131@group-6A029FC062B8-LeaderElection22] INFO  server.RaftServerConfigKeys (ConfUtils.java:logGet(43)) - raft.server.log.appender.buffer.byte-limit = 33554432 (custom)
2019-11-13 21:46:56,263 [dcad5acd-0e3b-4336-98e2-abbadaf23ad5@group-3BDE17ED132E-LeaderElection21] INFO  server.RaftServerConfigKeys (ConfUtils.java:logGet(43)) - raft.server.log.appender.buffer.element-limit = 1 (custom)
2019-11-13 21:46:56,264 [6cc8209c-e457-4756-a8d8-a7119d564131@group-6A029FC062B8-LeaderElection22] INFO  server.RaftServerConfigKeys (ConfUtils.java:logGet(43)) - raft.server.log.appender.buffer.element-limit = 1 (custom)
2019-11-13 21:46:56,264 [dcad5acd-0e3b-4336-98e2-abbadaf23ad5@group-3BDE17ED132E-LeaderElection21] INFO  grpc.GrpcConfigKeys$Server (ConfUtils.java:logGet(43)) - raft.grpc.server.leader.outstanding.appends.max = 128 (default)
2019-11-13 21:46:56,264 [6cc8209c-e457-4756-a8d8-a7119d564131@group-6A029FC062B8-LeaderElection22] INFO  grpc.GrpcConfigKeys$Server (ConfUtils.java:logGet(43)) - raft.grpc.server.leader.outstanding.appends.max = 128 (default)
2019-11-13 21:46:56,264 [dcad5acd-0e3b-4336-98e2-abbadaf23ad5@group-3BDE17ED132E-LeaderElection21] INFO  server.RaftServerConfigKeys (ConfUtils.java:logGet(43)) - raft.server.rpc.request.timeout = 3000ms (default)
2019-11-13 21:46:56,264 [6cc8209c-e457-4756-a8d8-a7119d564131@group-6A029FC062B8-LeaderElection22] INFO  server.RaftServerConfigKeys (ConfUtils.java:logGet(43)) - raft.server.rpc.request.timeout = 3000ms (default)
2019-11-13 21:46:56,264 [dcad5acd-0e3b-4336-98e2-abbadaf23ad5@group-3BDE17ED132E-LeaderElection21] INFO  server.RaftServerConfigKeys (ConfUtils.java:logGet(43)) - raft.server.log.appender.install.snapshot.enabled = false (custom)
2019-11-13 21:46:56,264 [6cc8209c-e457-4756-a8d8-a7119d564131@group-6A029FC062B8-LeaderElection22] INFO  server.RaftServerConfigKeys (ConfUtils.java:logGet(43)) - raft.server.log.appender.install.snapshot.enabled = false (custom)
2019-11-13 21:46:56,265 [dcad5acd-0e3b-4336-98e2-abbadaf23ad5@group-3BDE17ED132E-LeaderElection21] INFO  impl.RoleInfo (RoleInfo.java:updateAndGet(143)) - dcad5acd-0e3b-4336-98e2-abbadaf23ad5: start LeaderState
2019-11-13 21:46:56,265 [6cc8209c-e457-4756-a8d8-a7119d564131@group-6A029FC062B8-LeaderElection22] INFO  impl.RoleInfo (RoleInfo.java:updateAndGet(143)) - 6cc8209c-e457-4756-a8d8-a7119d564131: start LeaderState
2019-11-13 21:46:56,265 [dcad5acd-0e3b-4336-98e2-abbadaf23ad5@group-3BDE17ED132E-LeaderElection21] INFO  segmented.SegmentedRaftLogWorker (SegmentedRaftLogWorker.java:startLogSegment(385)) - dcad5acd-0e3b-4336-98e2-abbadaf23ad5@group-3BDE17ED132E-SegmentedRaftLogWorker: Starting segment from index:0
2019-11-13 21:46:56,265 [6cc8209c-e457-4756-a8d8-a7119d564131@group-6A029FC062B8-LeaderElection22] INFO  segmented.SegmentedRaftLogWorker (SegmentedRaftLogWorker.java:startLogSegment(385)) - 6cc8209c-e457-4756-a8d8-a7119d564131@group-6A029FC062B8-SegmentedRaftLogWorker: Starting segment from index:0
2019-11-13 21:46:56,266 [dcad5acd-0e3b-4336-98e2-abbadaf23ad5@group-3BDE17ED132E-LeaderElection21] INFO  impl.RaftServerImpl (ServerState.java:setRaftConf(356)) - dcad5acd-0e3b-4336-98e2-abbadaf23ad5@group-3BDE17ED132E: set configuration 0: [dcad5acd-0e3b-4336-98e2-abbadaf23ad5:192.168.34.20:33066, 6cc8209c-e457-4756-a8d8-a7119d564131:192.168.34.20:40739, 967749f5-60f8-4775-800f-ac118f332ec3:192.168.34.20:39594], old=null at 0
2019-11-13 21:46:56,266 [6cc8209c-e457-4756-a8d8-a7119d564131@group-6A029FC062B8-LeaderElection22] INFO  impl.RaftServerImpl (ServerState.java:setRaftConf(356)) - 6cc8209c-e457-4756-a8d8-a7119d564131@group-6A029FC062B8: set configuration 0: [dcad5acd-0e3b-4336-98e2-abbadaf23ad5:192.168.34.20:33066, 6cc8209c-e457-4756-a8d8-a7119d564131:192.168.34.20:40739, 967749f5-60f8-4775-800f-ac118f332ec3:192.168.34.20:39594], old=null at 0
2019-11-13 21:46:56,295 [Thread-977] INFO  impl.FollowerState (FollowerState.java:run(111)) - dcad5acd-0e3b-4336-98e2-abbadaf23ad5@group-3C9007E7BB47-FollowerState: change to CANDIDATE, lastRpcTime:5085ms, electionTimeout:5079ms
2019-11-13 21:46:56,296 [Thread-977] INFO  impl.RoleInfo (RoleInfo.java:shutdownFollowerState(121)) - dcad5acd-0e3b-4336-98e2-abbadaf23ad5: shutdown FollowerState
2019-11-13 21:46:56,297 [Thread-977] INFO  impl.RaftServerImpl (RaftServerImpl.java:setRole(173)) - dcad5acd-0e3b-4336-98e2-abbadaf23ad5@group-3C9007E7BB47: changes role from  FOLLOWER to CANDIDATE at term 0 for changeToCandidate
2019-11-13 21:46:56,297 [Thread-977] INFO  impl.RoleInfo (RoleInfo.java:updateAndGet(143)) - dcad5acd-0e3b-4336-98e2-abbadaf23ad5: start LeaderElection
2019-11-13 21:46:56,299 [grpc-default-executor-3] INFO  ratis.XceiverServerRatis (XceiverServerRatis.java:handleLeaderChangedNotification(697)) - Leader change notification received for group: group-3BDE17ED132E with new leaderId: dcad5acd-0e3b-4336-98e2-abbadaf23ad5
2019-11-13 21:46:56,300 [grpc-default-executor-1] INFO  ratis.XceiverServerRatis (XceiverServerRatis.java:handleLeaderChangedNotification(697)) - Leader change notification received for group: group-6A029FC062B8 with new leaderId: 6cc8209c-e457-4756-a8d8-a7119d564131
2019-11-13 21:46:56,301 [grpc-default-executor-2] INFO  ratis.XceiverServerRatis (XceiverServerRatis.java:handleLeaderChangedNotification(697)) - Leader change notification received for group: group-3BDE17ED132E with new leaderId: dcad5acd-0e3b-4336-98e2-abbadaf23ad5
2019-11-13 21:46:56,301 [grpc-default-executor-0] INFO  ratis.XceiverServerRatis (XceiverServerRatis.java:handleLeaderChangedNotification(697)) - Leader change notification received for group: group-6A029FC062B8 with new leaderId: 6cc8209c-e457-4756-a8d8-a7119d564131
2019-11-13 21:46:56,301 [grpc-default-executor-2] INFO  impl.RaftServerImpl (ServerState.java:setLeader(255)) - 967749f5-60f8-4775-800f-ac118f332ec3@group-3BDE17ED132E: change Leader from null to dcad5acd-0e3b-4336-98e2-abbadaf23ad5 at term 1 for appendEntries, leader elected after 5100ms
2019-11-13 21:46:56,301 [grpc-default-executor-1] INFO  impl.RaftServerImpl (ServerState.java:setLeader(255)) - 967749f5-60f8-4775-800f-ac118f332ec3@group-6A029FC062B8: change Leader from null to 6cc8209c-e457-4756-a8d8-a7119d564131 at term 1 for appendEntries, leader elected after 5034ms
2019-11-13 21:46:56,301 [grpc-default-executor-3] INFO  impl.RaftServerImpl (ServerState.java:setLeader(255)) - 6cc8209c-e457-4756-a8d8-a7119d564131@group-3BDE17ED132E: change Leader from null to dcad5acd-0e3b-4336-98e2-abbadaf23ad5 at term 1 for appendEntries, leader elected after 5213ms
2019-11-13 21:46:56,301 [grpc-default-executor-0] INFO  impl.RaftServerImpl (ServerState.java:setLeader(255)) - dcad5acd-0e3b-4336-98e2-abbadaf23ad5@group-6A029FC062B8: change Leader from null to 6cc8209c-e457-4756-a8d8-a7119d564131 at term 1 for appendEntries, leader elected after 5123ms
2019-11-13 21:46:56,304 [grpc-default-executor-1] INFO  impl.RaftServerImpl (ServerState.java:setRaftConf(356)) - 967749f5-60f8-4775-800f-ac118f332ec3@group-3BDE17ED132E: set configuration 0: [dcad5acd-0e3b-4336-98e2-abbadaf23ad5:192.168.34.20:33066, 6cc8209c-e457-4756-a8d8-a7119d564131:192.168.34.20:40739, 967749f5-60f8-4775-800f-ac118f332ec3:192.168.34.20:39594], old=null at 0
2019-11-13 21:46:56,304 [grpc-default-executor-3] INFO  impl.RaftServerImpl (ServerState.java:setRaftConf(356)) - 967749f5-60f8-4775-800f-ac118f332ec3@group-6A029FC062B8: set configuration 0: [dcad5acd-0e3b-4336-98e2-abbadaf23ad5:192.168.34.20:33066, 6cc8209c-e457-4756-a8d8-a7119d564131:192.168.34.20:40739, 967749f5-60f8-4775-800f-ac118f332ec3:192.168.34.20:39594], old=null at 0
2019-11-13 21:46:56,304 [grpc-default-executor-1] INFO  segmented.SegmentedRaftLogWorker (SegmentedRaftLogWorker.java:startLogSegment(385)) - 967749f5-60f8-4775-800f-ac118f332ec3@group-3BDE17ED132E-SegmentedRaftLogWorker: Starting segment from index:0
2019-11-13 21:46:56,304 [grpc-default-executor-3] INFO  segmented.SegmentedRaftLogWorker (SegmentedRaftLogWorker.java:startLogSegment(385)) - 967749f5-60f8-4775-800f-ac118f332ec3@group-6A029FC062B8-SegmentedRaftLogWorker: Starting segment from index:0
2019-11-13 21:46:56,304 [grpc-default-executor-0] INFO  impl.RaftServerImpl (ServerState.java:setRaftConf(356)) - 6cc8209c-e457-4756-a8d8-a7119d564131@group-3BDE17ED132E: set configuration 0: [dcad5acd-0e3b-4336-98e2-abbadaf23ad5:192.168.34.20:33066, 6cc8209c-e457-4756-a8d8-a7119d564131:192.168.34.20:40739, 967749f5-60f8-4775-800f-ac118f332ec3:192.168.34.20:39594], old=null at 0
2019-11-13 21:46:56,305 [grpc-default-executor-2] INFO  impl.RaftServerImpl (ServerState.java:setRaftConf(356)) - dcad5acd-0e3b-4336-98e2-abbadaf23ad5@group-6A029FC062B8: set configuration 0: [dcad5acd-0e3b-4336-98e2-abbadaf23ad5:192.168.34.20:33066, 6cc8209c-e457-4756-a8d8-a7119d564131:192.168.34.20:40739, 967749f5-60f8-4775-800f-ac118f332ec3:192.168.34.20:39594], old=null at 0
2019-11-13 21:46:56,305 [grpc-default-executor-0] INFO  segmented.SegmentedRaftLogWorker (SegmentedRaftLogWorker.java:startLogSegment(385)) - 6cc8209c-e457-4756-a8d8-a7119d564131@group-3BDE17ED132E-SegmentedRaftLogWorker: Starting segment from index:0
2019-11-13 21:46:56,305 [grpc-default-executor-2] INFO  segmented.SegmentedRaftLogWorker (SegmentedRaftLogWorker.java:startLogSegment(385)) - dcad5acd-0e3b-4336-98e2-abbadaf23ad5@group-6A029FC062B8-SegmentedRaftLogWorker: Starting segment from index:0
2019-11-13 21:46:56,314 [dcad5acd-0e3b-4336-98e2-abbadaf23ad5@group-3BDE17ED132E-SegmentedRaftLogWorker] INFO  segmented.SegmentedRaftLogWorker (SegmentedRaftLogWorker.java:execute(576)) - dcad5acd-0e3b-4336-98e2-abbadaf23ad5@group-3BDE17ED132E-SegmentedRaftLogWorker: created new log segment /workdir/hadoop-ozone/ozonefs/target/test-dir/MiniOzoneClusterImpl-2bb5002b-f3eb-4fa7-bf0d-d672f8b55c5b/datanode-0/data/ratis/b244af97-18a0-4d60-855c-3bde17ed132e/current/log_inprogress_0
2019-11-13 21:46:56,314 [dcad5acd-0e3b-4336-98e2-abbadaf23ad5@group-3C9007E7BB47-LeaderElection24] INFO  impl.LeaderElection (LeaderElection.java:askForVotes(178)) - dcad5acd-0e3b-4336-98e2-abbadaf23ad5@group-3C9007E7BB47-LeaderElection24: begin an election at term 1 for -1: [dcad5acd-0e3b-4336-98e2-abbadaf23ad5:192.168.34.20:33066, 6cc8209c-e457-4756-a8d8-a7119d564131:192.168.34.20:40739, 967749f5-60f8-4775-800f-ac118f332ec3:192.168.34.20:39594], old=null
2019-11-13 21:46:56,314 [6cc8209c-e457-4756-a8d8-a7119d564131@group-6A029FC062B8-SegmentedRaftLogWorker] INFO  segmented.SegmentedRaftLogWorker (SegmentedRaftLogWorker.java:execute(576)) - 6cc8209c-e457-4756-a8d8-a7119d564131@group-6A029FC062B8-SegmentedRaftLogWorker: created new log segment /workdir/hadoop-ozone/ozonefs/target/test-dir/MiniOzoneClusterImpl-2bb5002b-f3eb-4fa7-bf0d-d672f8b55c5b/datanode-1/data/ratis/da7790d2-83dc-4898-85e8-6a029fc062b8/current/log_inprogress_0
2019-11-13 21:46:56,346 [grpc-default-executor-2] INFO  impl.RaftServerImpl (RaftServerImpl.java:setRole(173)) - 6cc8209c-e457-4756-a8d8-a7119d564131@group-3C9007E7BB47: changes role from  FOLLOWER to FOLLOWER at term 1 for recognizeCandidate:dcad5acd-0e3b-4336-98e2-abbadaf23ad5
2019-11-13 21:46:56,346 [grpc-default-executor-2] INFO  impl.RoleInfo (RoleInfo.java:shutdownFollowerState(121)) - 6cc8209c-e457-4756-a8d8-a7119d564131: shutdown FollowerState
2019-11-13 21:46:56,346 [grpc-default-executor-2] INFO  impl.RoleInfo (RoleInfo.java:updateAndGet(143)) - 6cc8209c-e457-4756-a8d8-a7119d564131: start FollowerState
2019-11-13 21:46:56,346 [Thread-972] INFO  impl.FollowerState (FollowerState.java:run(120)) - 6cc8209c-e457-4756-a8d8-a7119d564131@group-3C9007E7BB47-FollowerState was interrupted: java.lang.InterruptedException: sleep interrupted
2019-11-13 21:46:56,348 [grpc-default-executor-0] INFO  impl.RaftServerImpl (RaftServerImpl.java:setRole(173)) - 967749f5-60f8-4775-800f-ac118f332ec3@group-3C9007E7BB47: changes role from  FOLLOWER to FOLLOWER at term 1 for recognizeCandidate:dcad5acd-0e3b-4336-98e2-abbadaf23ad5
2019-11-13 21:46:56,348 [grpc-default-executor-0] INFO  impl.RoleInfo (RoleInfo.java:shutdownFollowerState(121)) - 967749f5-60f8-4775-800f-ac118f332ec3: shutdown FollowerState
2019-11-13 21:46:56,348 [grpc-default-executor-0] INFO  impl.RoleInfo (RoleInfo.java:updateAndGet(143)) - 967749f5-60f8-4775-800f-ac118f332ec3: start FollowerState
2019-11-13 21:46:56,348 [Thread-994] INFO  impl.FollowerState (FollowerState.java:run(120)) - 967749f5-60f8-4775-800f-ac118f332ec3@group-3C9007E7BB47-FollowerState was interrupted: java.lang.InterruptedException: sleep interrupted
2019-11-13 21:46:56,350 [6cc8209c-e457-4756-a8d8-a7119d564131@group-3BDE17ED132E-SegmentedRaftLogWorker] INFO  segmented.SegmentedRaftLogWorker (SegmentedRaftLogWorker.java:execute(576)) - 6cc8209c-e457-4756-a8d8-a7119d564131@group-3BDE17ED132E-SegmentedRaftLogWorker: created new log segment /workdir/hadoop-ozone/ozonefs/target/test-dir/MiniOzoneClusterImpl-2bb5002b-f3eb-4fa7-bf0d-d672f8b55c5b/datanode-1/data/ratis/b244af97-18a0-4d60-855c-3bde17ed132e/current/log_inprogress_0
2019-11-13 21:46:56,350 [967749f5-60f8-4775-800f-ac118f332ec3@group-3BDE17ED132E-SegmentedRaftLogWorker] INFO  segmented.SegmentedRaftLogWorker (SegmentedRaftLogWorker.java:execute(576)) - 967749f5-60f8-4775-800f-ac118f332ec3@group-3BDE17ED132E-SegmentedRaftLogWorker: created new log segment /workdir/hadoop-ozone/ozonefs/target/test-dir/MiniOzoneClusterImpl-2bb5002b-f3eb-4fa7-bf0d-d672f8b55c5b/datanode-2/data/ratis/b244af97-18a0-4d60-855c-3bde17ed132e/current/log_inprogress_0
2019-11-13 21:46:56,350 [967749f5-60f8-4775-800f-ac118f332ec3@group-6A029FC062B8-SegmentedRaftLogWorker] INFO  segmented.SegmentedRaftLogWorker (SegmentedRaftLogWorker.java:execute(576)) - 967749f5-60f8-4775-800f-ac118f332ec3@group-6A029FC062B8-SegmentedRaftLogWorker: created new log segment /workdir/hadoop-ozone/ozonefs/target/test-dir/MiniOzoneClusterImpl-2bb5002b-f3eb-4fa7-bf0d-d672f8b55c5b/datanode-2/data/ratis/da7790d2-83dc-4898-85e8-6a029fc062b8/current/log_inprogress_0
2019-11-13 21:46:56,350 [dcad5acd-0e3b-4336-98e2-abbadaf23ad5@group-6A029FC062B8-SegmentedRaftLogWorker] INFO  segmented.SegmentedRaftLogWorker (SegmentedRaftLogWorker.java:execute(576)) - dcad5acd-0e3b-4336-98e2-abbadaf23ad5@group-6A029FC062B8-SegmentedRaftLogWorker: created new log segment /workdir/hadoop-ozone/ozonefs/target/test-dir/MiniOzoneClusterImpl-2bb5002b-f3eb-4fa7-bf0d-d672f8b55c5b/datanode-0/data/ratis/da7790d2-83dc-4898-85e8-6a029fc062b8/current/log_inprogress_0
2019-11-13 21:46:56,351 [dcad5acd-0e3b-4336-98e2-abbadaf23ad5@group-3C9007E7BB47-LeaderElection24] INFO  impl.LeaderElection (LeaderElection.java:logAndReturn(56)) - dcad5acd-0e3b-4336-98e2-abbadaf23ad5@group-3C9007E7BB47-LeaderElection24: Election PASSED; received 1 response(s) [dcad5acd-0e3b-4336-98e2-abbadaf23ad5<-6cc8209c-e457-4756-a8d8-a7119d564131#0:OK-t1] and 0 exception(s); dcad5acd-0e3b-4336-98e2-abbadaf23ad5@group-3C9007E7BB47:t1, leader=null, voted=dcad5acd-0e3b-4336-98e2-abbadaf23ad5, raftlog=dcad5acd-0e3b-4336-98e2-abbadaf23ad5@group-3C9007E7BB47-SegmentedRaftLog:OPENED:c-1,f-1,i0, conf=-1: [dcad5acd-0e3b-4336-98e2-abbadaf23ad5:192.168.34.20:33066, 6cc8209c-e457-4756-a8d8-a7119d564131:192.168.34.20:40739, 967749f5-60f8-4775-800f-ac118f332ec3:192.168.34.20:39594], old=null
2019-11-13 21:46:56,351 [dcad5acd-0e3b-4336-98e2-abbadaf23ad5@group-3C9007E7BB47-LeaderElection24] INFO  impl.RoleInfo (RoleInfo.java:shutdownLeaderElection(134)) - dcad5acd-0e3b-4336-98e2-abbadaf23ad5: shutdown LeaderElection
2019-11-13 21:46:56,352 [dcad5acd-0e3b-4336-98e2-abbadaf23ad5@group-3C9007E7BB47-LeaderElection24] INFO  impl.RaftServerImpl (RaftServerImpl.java:setRole(173)) - dcad5acd-0e3b-4336-98e2-abbadaf23ad5@group-3C9007E7BB47: changes role from CANDIDATE to LEADER at term 1 for changeToLeader
2019-11-13 21:46:56,352 [dcad5acd-0e3b-4336-98e2-abbadaf23ad5@group-3C9007E7BB47-LeaderElection24] INFO  ratis.XceiverServerRatis (XceiverServerRatis.java:handleLeaderChangedNotification(697)) - Leader change notification received for group: group-3C9007E7BB47 with new leaderId: dcad5acd-0e3b-4336-98e2-abbadaf23ad5
2019-11-13 21:46:56,352 [dcad5acd-0e3b-4336-98e2-abbadaf23ad5@group-3C9007E7BB47-LeaderElection24] INFO  impl.RaftServerImpl (ServerState.java:setLeader(255)) - dcad5acd-0e3b-4336-98e2-abbadaf23ad5@group-3C9007E7BB47: change Leader from null to dcad5acd-0e3b-4336-98e2-abbadaf23ad5 at term 1 for becomeLeader, leader elected after 5153ms
2019-11-13 21:46:56,352 [dcad5acd-0e3b-4336-98e2-abbadaf23ad5@group-3C9007E7BB47-LeaderElection24] INFO  server.RaftServerConfigKeys (ConfUtils.java:logGet(43)) - raft.server.staging.catchup.gap = 1000 (default)
2019-11-13 21:46:56,352 [dcad5acd-0e3b-4336-98e2-abbadaf23ad5@group-3C9007E7BB47-LeaderElection24] INFO  server.RaftServerConfigKeys (ConfUtils.java:logGet(43)) - raft.server.rpc.sleep.time = 25ms (default)
2019-11-13 21:46:56,352 [dcad5acd-0e3b-4336-98e2-abbadaf23ad5@group-3C9007E7BB47-LeaderElection24] INFO  server.RaftServerConfigKeys (ConfUtils.java:logGet(43)) - raft.server.write.element-limit = 4096 (default)
2019-11-13 21:46:56,353 [dcad5acd-0e3b-4336-98e2-abbadaf23ad5@group-3C9007E7BB47-LeaderElection24] INFO  server.RaftServerConfigKeys (ConfUtils.java:logGet(43)) - raft.server.watch.timeout = 10s (default)
2019-11-13 21:46:56,353 [dcad5acd-0e3b-4336-98e2-abbadaf23ad5@group-3C9007E7BB47-LeaderElection24] INFO  server.RaftServerConfigKeys (ConfUtils.java:logGet(43)) - raft.server.watch.timeout.denomination = 1s (default)
2019-11-13 21:46:56,353 [dcad5acd-0e3b-4336-98e2-abbadaf23ad5@group-3C9007E7BB47-LeaderElection24] INFO  server.RaftServerConfigKeys (ConfUtils.java:logGet(43)) - raft.server.watch.element-limit = 65536 (default)
2019-11-13 21:46:56,353 [dcad5acd-0e3b-4336-98e2-abbadaf23ad5@group-3C9007E7BB47-LeaderElection24] INFO  server.RaftServerConfigKeys (ConfUtils.java:logGet(43)) - raft.server.log.appender.snapshot.chunk.size.max = 16MB (=16777216) (default)
2019-11-13 21:46:56,353 [dcad5acd-0e3b-4336-98e2-abbadaf23ad5@group-3C9007E7BB47-LeaderElection24] INFO  server.RaftServerConfigKeys (ConfUtils.java:logGet(43)) - raft.server.log.appender.buffer.byte-limit = 33554432 (custom)
2019-11-13 21:46:56,353 [dcad5acd-0e3b-4336-98e2-abbadaf23ad5@group-3C9007E7BB47-LeaderElection24] INFO  server.RaftServerConfigKeys (ConfUtils.java:logGet(43)) - raft.server.log.appender.buffer.element-limit = 1 (custom)
2019-11-13 21:46:56,353 [dcad5acd-0e3b-4336-98e2-abbadaf23ad5@group-3C9007E7BB47-LeaderElection24] INFO  grpc.GrpcConfigKeys$Server (ConfUtils.java:logGet(43)) - raft.grpc.server.leader.outstanding.appends.max = 128 (default)
2019-11-13 21:46:56,354 [dcad5acd-0e3b-4336-98e2-abbadaf23ad5@group-3C9007E7BB47-LeaderElection24] INFO  server.RaftServerConfigKeys (ConfUtils.java:logGet(43)) - raft.server.rpc.request.timeout = 3000ms (default)
2019-11-13 21:46:56,354 [dcad5acd-0e3b-4336-98e2-abbadaf23ad5@group-3C9007E7BB47-LeaderElection24] INFO  server.RaftServerConfigKeys (ConfUtils.java:logGet(43)) - raft.server.log.appender.install.snapshot.enabled = false (custom)
2019-11-13 21:46:56,354 [dcad5acd-0e3b-4336-98e2-abbadaf23ad5@group-3C9007E7BB47-LeaderElection24] WARN  impl.MetricRegistriesImpl (MetricRegistriesImpl.java:lambda$create$1(61)) - First MetricRegistry has been created without registering reporters. You may need to call MetricRegistries.global().addReportRegistration(...) before.
2019-11-13 21:46:56,355 [dcad5acd-0e3b-4336-98e2-abbadaf23ad5@group-3C9007E7BB47-LeaderElection24] INFO  server.RaftServerConfigKeys (ConfUtils.java:logGet(43)) - raft.server.log.appender.snapshot.chunk.size.max = 16MB (=16777216) (default)
2019-11-13 21:46:56,355 [dcad5acd-0e3b-4336-98e2-abbadaf23ad5@group-3C9007E7BB47-LeaderElection24] INFO  server.RaftServerConfigKeys (ConfUtils.java:logGet(43)) - raft.server.log.appender.buffer.byte-limit = 33554432 (custom)
2019-11-13 21:46:56,355 [dcad5acd-0e3b-4336-98e2-abbadaf23ad5@group-3C9007E7BB47-LeaderElection24] INFO  server.RaftServerConfigKeys (ConfUtils.java:logGet(43)) - raft.server.log.appender.buffer.element-limit = 1 (custom)
2019-11-13 21:46:56,355 [dcad5acd-0e3b-4336-98e2-abbadaf23ad5@group-3C9007E7BB47-LeaderElection24] INFO  grpc.GrpcConfigKeys$Server (ConfUtils.java:logGet(43)) - raft.grpc.server.leader.outstanding.appends.max = 128 (default)
2019-11-13 21:46:56,355 [dcad5acd-0e3b-4336-98e2-abbadaf23ad5@group-3C9007E7BB47-LeaderElection24] INFO  server.RaftServerConfigKeys (ConfUtils.java:logGet(43)) - raft.server.rpc.request.timeout = 3000ms (default)
2019-11-13 21:46:56,355 [dcad5acd-0e3b-4336-98e2-abbadaf23ad5@group-3C9007E7BB47-LeaderElection24] INFO  server.RaftServerConfigKeys (ConfUtils.java:logGet(43)) - raft.server.log.appender.install.snapshot.enabled = false (custom)
2019-11-13 21:46:56,355 [dcad5acd-0e3b-4336-98e2-abbadaf23ad5@group-3C9007E7BB47-LeaderElection24] INFO  impl.RoleInfo (RoleInfo.java:updateAndGet(143)) - dcad5acd-0e3b-4336-98e2-abbadaf23ad5: start LeaderState
2019-11-13 21:46:56,356 [dcad5acd-0e3b-4336-98e2-abbadaf23ad5@group-3C9007E7BB47-LeaderElection24] INFO  segmented.SegmentedRaftLogWorker (SegmentedRaftLogWorker.java:startLogSegment(385)) - dcad5acd-0e3b-4336-98e2-abbadaf23ad5@group-3C9007E7BB47-SegmentedRaftLogWorker: Starting segment from index:0
2019-11-13 21:46:56,356 [dcad5acd-0e3b-4336-98e2-abbadaf23ad5@group-3C9007E7BB47-LeaderElection24] INFO  impl.RaftServerImpl (ServerState.java:setRaftConf(356)) - dcad5acd-0e3b-4336-98e2-abbadaf23ad5@group-3C9007E7BB47: set configuration 0: [dcad5acd-0e3b-4336-98e2-abbadaf23ad5:192.168.34.20:33066, 6cc8209c-e457-4756-a8d8-a7119d564131:192.168.34.20:40739, 967749f5-60f8-4775-800f-ac118f332ec3:192.168.34.20:39594], old=null at 0
2019-11-13 21:46:56,379 [Thread-986] INFO  impl.FollowerState (FollowerState.java:run(111)) - 967749f5-60f8-4775-800f-ac118f332ec3@group-622AF9E17E76-FollowerState: change to CANDIDATE, lastRpcTime:5019ms, electionTimeout:5006ms
2019-11-13 21:46:56,380 [Thread-986] INFO  impl.RoleInfo (RoleInfo.java:shutdownFollowerState(121)) - 967749f5-60f8-4775-800f-ac118f332ec3: shutdown FollowerState
2019-11-13 21:46:56,380 [Thread-986] INFO  impl.RaftServerImpl (RaftServerImpl.java:setRole(173)) - 967749f5-60f8-4775-800f-ac118f332ec3@group-622AF9E17E76: changes role from  FOLLOWER to CANDIDATE at term 0 for changeToCandidate
2019-11-13 21:46:56,380 [Thread-986] INFO  impl.RoleInfo (RoleInfo.java:updateAndGet(143)) - 967749f5-60f8-4775-800f-ac118f332ec3: start LeaderElection
2019-11-13 21:46:56,384 [grpc-default-executor-3] INFO  ratis.XceiverServerRatis (XceiverServerRatis.java:handleLeaderChangedNotification(697)) - Leader change notification received for group: group-3C9007E7BB47 with new leaderId: dcad5acd-0e3b-4336-98e2-abbadaf23ad5
2019-11-13 21:46:56,385 [dcad5acd-0e3b-4336-98e2-abbadaf23ad5@group-3C9007E7BB47-SegmentedRaftLogWorker] INFO  segmented.SegmentedRaftLogWorker (SegmentedRaftLogWorker.java:execute(576)) - dcad5acd-0e3b-4336-98e2-abbadaf23ad5@group-3C9007E7BB47-SegmentedRaftLogWorker: created new log segment /workdir/hadoop-ozone/ozonefs/target/test-dir/MiniOzoneClusterImpl-2bb5002b-f3eb-4fa7-bf0d-d672f8b55c5b/datanode-0/data/ratis/0ff57aca-ccc4-4f83-9025-3c9007e7bb47/current/log_inprogress_0
2019-11-13 21:46:56,385 [grpc-default-executor-0] INFO  ratis.XceiverServerRatis (XceiverServerRatis.java:handleLeaderChangedNotification(697)) - Leader change notification received for group: group-3C9007E7BB47 with new leaderId: dcad5acd-0e3b-4336-98e2-abbadaf23ad5
2019-11-13 21:46:56,385 [grpc-default-executor-3] INFO  impl.RaftServerImpl (ServerState.java:setLeader(255)) - 6cc8209c-e457-4756-a8d8-a7119d564131@group-3C9007E7BB47: change Leader from null to dcad5acd-0e3b-4336-98e2-abbadaf23ad5 at term 1 for appendEntries, leader elected after 5185ms
2019-11-13 21:46:56,385 [grpc-default-executor-0] INFO  impl.RaftServerImpl (ServerState.java:setLeader(255)) - 967749f5-60f8-4775-800f-ac118f332ec3@group-3C9007E7BB47: change Leader from null to dcad5acd-0e3b-4336-98e2-abbadaf23ad5 at term 1 for appendEntries, leader elected after 5029ms
2019-11-13 21:46:56,387 [967749f5-60f8-4775-800f-ac118f332ec3@group-622AF9E17E76-LeaderElection25] INFO  impl.LeaderElection (LeaderElection.java:askForVotes(178)) - 967749f5-60f8-4775-800f-ac118f332ec3@group-622AF9E17E76-LeaderElection25: begin an election at term 1 for -1: [967749f5-60f8-4775-800f-ac118f332ec3:192.168.34.20:39594], old=null
2019-11-13 21:46:56,387 [967749f5-60f8-4775-800f-ac118f332ec3@group-622AF9E17E76-LeaderElection25] INFO  impl.RoleInfo (RoleInfo.java:shutdownLeaderElection(134)) - 967749f5-60f8-4775-800f-ac118f332ec3: shutdown LeaderElection
2019-11-13 21:46:56,387 [967749f5-60f8-4775-800f-ac118f332ec3@group-622AF9E17E76-LeaderElection25] INFO  impl.RaftServerImpl (RaftServerImpl.java:setRole(173)) - 967749f5-60f8-4775-800f-ac118f332ec3@group-622AF9E17E76: changes role from CANDIDATE to LEADER at term 1 for changeToLeader
2019-11-13 21:46:56,388 [967749f5-60f8-4775-800f-ac118f332ec3@group-622AF9E17E76-LeaderElection25] INFO  ratis.XceiverServerRatis (XceiverServerRatis.java:handleLeaderChangedNotification(697)) - Leader change notification received for group: group-622AF9E17E76 with new leaderId: 967749f5-60f8-4775-800f-ac118f332ec3
2019-11-13 21:46:56,389 [967749f5-60f8-4775-800f-ac118f332ec3@group-622AF9E17E76-LeaderElection25] INFO  impl.RaftServerImpl (ServerState.java:setLeader(255)) - 967749f5-60f8-4775-800f-ac118f332ec3@group-622AF9E17E76: change Leader from null to 967749f5-60f8-4775-800f-ac118f332ec3 at term 1 for becomeLeader, leader elected after 5210ms
2019-11-13 21:46:56,389 [967749f5-60f8-4775-800f-ac118f332ec3@group-622AF9E17E76-LeaderElection25] INFO  server.RaftServerConfigKeys (ConfUtils.java:logGet(43)) - raft.server.staging.catchup.gap = 1000 (default)
2019-11-13 21:46:56,389 [967749f5-60f8-4775-800f-ac118f332ec3@group-622AF9E17E76-LeaderElection25] INFO  server.RaftServerConfigKeys (ConfUtils.java:logGet(43)) - raft.server.rpc.sleep.time = 25ms (default)
2019-11-13 21:46:56,389 [967749f5-60f8-4775-800f-ac118f332ec3@group-622AF9E17E76-LeaderElection25] INFO  server.RaftServerConfigKeys (ConfUtils.java:logGet(43)) - raft.server.write.element-limit = 4096 (default)
2019-11-13 21:46:56,389 [grpc-default-executor-0] INFO  impl.RaftServerImpl (ServerState.java:setRaftConf(356)) - 6cc8209c-e457-4756-a8d8-a7119d564131@group-3C9007E7BB47: set configuration 0: [dcad5acd-0e3b-4336-98e2-abbadaf23ad5:192.168.34.20:33066, 6cc8209c-e457-4756-a8d8-a7119d564131:192.168.34.20:40739, 967749f5-60f8-4775-800f-ac118f332ec3:192.168.34.20:39594], old=null at 0
2019-11-13 21:46:56,389 [967749f5-60f8-4775-800f-ac118f332ec3@group-622AF9E17E76-LeaderElection25] INFO  server.RaftServerConfigKeys (ConfUtils.java:logGet(43)) - raft.server.watch.timeout = 10s (default)
2019-11-13 21:46:56,389 [grpc-default-executor-0] INFO  segmented.SegmentedRaftLogWorker (SegmentedRaftLogWorker.java:startLogSegment(385)) - 6cc8209c-e457-4756-a8d8-a7119d564131@group-3C9007E7BB47-SegmentedRaftLogWorker: Starting segment from index:0
2019-11-13 21:46:56,390 [grpc-default-executor-3] INFO  impl.RaftServerImpl (ServerState.java:setRaftConf(356)) - 967749f5-60f8-4775-800f-ac118f332ec3@group-3C9007E7BB47: set configuration 0: [dcad5acd-0e3b-4336-98e2-abbadaf23ad5:192.168.34.20:33066, 6cc8209c-e457-4756-a8d8-a7119d564131:192.168.34.20:40739, 967749f5-60f8-4775-800f-ac118f332ec3:192.168.34.20:39594], old=null at 0
2019-11-13 21:46:56,390 [967749f5-60f8-4775-800f-ac118f332ec3@group-622AF9E17E76-LeaderElection25] INFO  server.RaftServerConfigKeys (ConfUtils.java:logGet(43)) - raft.server.watch.timeout.denomination = 1s (default)
2019-11-13 21:46:56,390 [grpc-default-executor-3] INFO  segmented.SegmentedRaftLogWorker (SegmentedRaftLogWorker.java:startLogSegment(385)) - 967749f5-60f8-4775-800f-ac118f332ec3@group-3C9007E7BB47-SegmentedRaftLogWorker: Starting segment from index:0
2019-11-13 21:46:56,390 [967749f5-60f8-4775-800f-ac118f332ec3@group-622AF9E17E76-LeaderElection25] INFO  server.RaftServerConfigKeys (ConfUtils.java:logGet(43)) - raft.server.watch.element-limit = 65536 (default)
2019-11-13 21:46:56,390 [967749f5-60f8-4775-800f-ac118f332ec3@group-622AF9E17E76-LeaderElection25] INFO  impl.RoleInfo (RoleInfo.java:updateAndGet(143)) - 967749f5-60f8-4775-800f-ac118f332ec3: start LeaderState
2019-11-13 21:46:56,391 [967749f5-60f8-4775-800f-ac118f332ec3@group-622AF9E17E76-LeaderElection25] INFO  segmented.SegmentedRaftLogWorker (SegmentedRaftLogWorker.java:startLogSegment(385)) - 967749f5-60f8-4775-800f-ac118f332ec3@group-622AF9E17E76-SegmentedRaftLogWorker: Starting segment from index:0
2019-11-13 21:46:56,391 [967749f5-60f8-4775-800f-ac118f332ec3@group-622AF9E17E76-LeaderElection25] INFO  impl.RaftServerImpl (ServerState.java:setRaftConf(356)) - 967749f5-60f8-4775-800f-ac118f332ec3@group-622AF9E17E76: set configuration 0: [967749f5-60f8-4775-800f-ac118f332ec3:192.168.34.20:39594], old=null at 0
2019-11-13 21:46:56,417 [Thread-990] INFO  impl.FollowerState (FollowerState.java:run(111)) - 967749f5-60f8-4775-800f-ac118f332ec3@group-7C70ED9FCAA5-FollowerState: change to CANDIDATE, lastRpcTime:5054ms, electionTimeout:5050ms
2019-11-13 21:46:56,417 [Thread-990] INFO  impl.RoleInfo (RoleInfo.java:shutdownFollowerState(121)) - 967749f5-60f8-4775-800f-ac118f332ec3: shutdown FollowerState
2019-11-13 21:46:56,417 [Thread-990] INFO  impl.RaftServerImpl (RaftServerImpl.java:setRole(173)) - 967749f5-60f8-4775-800f-ac118f332ec3@group-7C70ED9FCAA5: changes role from  FOLLOWER to CANDIDATE at term 0 for changeToCandidate
2019-11-13 21:46:56,417 [Thread-990] INFO  impl.RoleInfo (RoleInfo.java:updateAndGet(143)) - 967749f5-60f8-4775-800f-ac118f332ec3: start LeaderElection
2019-11-13 21:46:56,424 [grpc-default-executor-3] INFO  impl.RaftServerProxy (RaftServerProxy.java:remove(95)) - 967749f5-60f8-4775-800f-ac118f332ec3: remove  FOLLOWER 967749f5-60f8-4775-800f-ac118f332ec3@group-3BDE17ED132E:t1, leader=dcad5acd-0e3b-4336-98e2-abbadaf23ad5, voted=dcad5acd-0e3b-4336-98e2-abbadaf23ad5, raftlog=967749f5-60f8-4775-800f-ac118f332ec3@group-3BDE17ED132E-SegmentedRaftLog:OPENED:c-1,f0,i0, conf=0: [dcad5acd-0e3b-4336-98e2-abbadaf23ad5:192.168.34.20:33066, 6cc8209c-e457-4756-a8d8-a7119d564131:192.168.34.20:40739, 967749f5-60f8-4775-800f-ac118f332ec3:192.168.34.20:39594], old=null RUNNING
2019-11-13 21:46:56,425 [grpc-default-executor-3] INFO  impl.RaftServerImpl (RaftServerImpl.java:lambda$shutdown$3(250)) - 967749f5-60f8-4775-800f-ac118f332ec3@group-3BDE17ED132E: shutdown
2019-11-13 21:46:56,425 [grpc-default-executor-3] INFO  util.JmxRegister (JmxRegister.java:unregister(73)) - Successfully un-registered JMX Bean with object name Ratis:service=RaftServer,group=group-3BDE17ED132E,id=967749f5-60f8-4775-800f-ac118f332ec3
2019-11-13 21:46:56,425 [grpc-default-executor-3] INFO  impl.RoleInfo (RoleInfo.java:shutdownFollowerState(121)) - 967749f5-60f8-4775-800f-ac118f332ec3: shutdown FollowerState
2019-11-13 21:46:56,425 [grpc-default-executor-3] INFO  impl.StateMachineUpdater (StateMachineUpdater.java:stopAndJoin(136)) - 967749f5-60f8-4775-800f-ac118f332ec3@group-3BDE17ED132E-StateMachineUpdater: set stopIndex = -1
2019-11-13 21:46:56,425 [Thread-1003] INFO  impl.FollowerState (FollowerState.java:run(120)) - 967749f5-60f8-4775-800f-ac118f332ec3@group-3BDE17ED132E-FollowerState was interrupted: java.lang.InterruptedException: sleep interrupted
2019-11-13 21:46:56,426 [grpc-default-executor-3] INFO  impl.RaftServerImpl (ServerState.java:close(387)) - 967749f5-60f8-4775-800f-ac118f332ec3@group-3BDE17ED132E: closes. applyIndex: -1
2019-11-13 21:46:56,426 [967749f5-60f8-4775-800f-ac118f332ec3@group-3BDE17ED132E-SegmentedRaftLogWorker] INFO  segmented.SegmentedRaftLogWorker (SegmentedRaftLogWorker.java:run(316)) - 967749f5-60f8-4775-800f-ac118f332ec3@group-3BDE17ED132E-SegmentedRaftLogWorker was interrupted, exiting. There are 0 tasks remaining in the queue.
2019-11-13 21:46:56,427 [967749f5-60f8-4775-800f-ac118f332ec3@group-622AF9E17E76-SegmentedRaftLogWorker] INFO  segmented.SegmentedRaftLogWorker (SegmentedRaftLogWorker.java:execute(576)) - 967749f5-60f8-4775-800f-ac118f332ec3@group-622AF9E17E76-SegmentedRaftLogWorker: created new log segment /workdir/hadoop-ozone/ozonefs/target/test-dir/MiniOzoneClusterImpl-2bb5002b-f3eb-4fa7-bf0d-d672f8b55c5b/datanode-2/data/ratis/56a28343-0918-4675-98ec-622af9e17e76/current/log_inprogress_0
2019-11-13 21:46:56,427 [967749f5-60f8-4775-800f-ac118f332ec3@group-3C9007E7BB47-SegmentedRaftLogWorker] INFO  segmented.SegmentedRaftLogWorker (SegmentedRaftLogWorker.java:execute(576)) - 967749f5-60f8-4775-800f-ac118f332ec3@group-3C9007E7BB47-SegmentedRaftLogWorker: created new log segment /workdir/hadoop-ozone/ozonefs/target/test-dir/MiniOzoneClusterImpl-2bb5002b-f3eb-4fa7-bf0d-d672f8b55c5b/datanode-2/data/ratis/0ff57aca-ccc4-4f83-9025-3c9007e7bb47/current/log_inprogress_0
2019-11-13 21:46:56,427 [6cc8209c-e457-4756-a8d8-a7119d564131@group-3C9007E7BB47-SegmentedRaftLogWorker] INFO  segmented.SegmentedRaftLogWorker (SegmentedRaftLogWorker.java:execute(576)) - 6cc8209c-e457-4756-a8d8-a7119d564131@group-3C9007E7BB47-SegmentedRaftLogWorker: created new log segment /workdir/hadoop-ozone/ozonefs/target/test-dir/MiniOzoneClusterImpl-2bb5002b-f3eb-4fa7-bf0d-d672f8b55c5b/datanode-1/data/ratis/0ff57aca-ccc4-4f83-9025-3c9007e7bb47/current/log_inprogress_0
2019-11-13 21:46:56,427 [grpc-default-executor-3] INFO  segmented.SegmentedRaftLogWorker (SegmentedRaftLogWorker.java:close(224)) - 967749f5-60f8-4775-800f-ac118f332ec3@group-3BDE17ED132E-SegmentedRaftLogWorker close()
2019-11-13 21:46:56,427 [967749f5-60f8-4775-800f-ac118f332ec3@group-7C70ED9FCAA5-LeaderElection26] INFO  impl.LeaderElection (LeaderElection.java:askForVotes(178)) - 967749f5-60f8-4775-800f-ac118f332ec3@group-7C70ED9FCAA5-LeaderElection26: begin an election at term 1 for -1: [967749f5-60f8-4775-800f-ac118f332ec3:192.168.34.20:39594], old=null
2019-11-13 21:46:56,431 [967749f5-60f8-4775-800f-ac118f332ec3@group-7C70ED9FCAA5-LeaderElection26] INFO  impl.RoleInfo (RoleInfo.java:shutdownLeaderElection(134)) - 967749f5-60f8-4775-800f-ac118f332ec3: shutdown LeaderElection
2019-11-13 21:46:56,431 [967749f5-60f8-4775-800f-ac118f332ec3@group-7C70ED9FCAA5-LeaderElection26] INFO  impl.RaftServerImpl (RaftServerImpl.java:setRole(173)) - 967749f5-60f8-4775-800f-ac118f332ec3@group-7C70ED9FCAA5: changes role from CANDIDATE to LEADER at term 1 for changeToLeader
2019-11-13 21:46:56,431 [967749f5-60f8-4775-800f-ac118f332ec3@group-7C70ED9FCAA5-LeaderElection26] INFO  ratis.XceiverServerRatis (XceiverServerRatis.java:handleLeaderChangedNotification(697)) - Leader change notification received for group: group-7C70ED9FCAA5 with new leaderId: 967749f5-60f8-4775-800f-ac118f332ec3
2019-11-13 21:46:56,432 [967749f5-60f8-4775-800f-ac118f332ec3@group-7C70ED9FCAA5-LeaderElection26] INFO  impl.RaftServerImpl (ServerState.java:setLeader(255)) - 967749f5-60f8-4775-800f-ac118f332ec3@group-7C70ED9FCAA5: change Leader from null to 967749f5-60f8-4775-800f-ac118f332ec3 at term 1 for becomeLeader, leader elected after 5178ms
2019-11-13 21:46:56,432 [967749f5-60f8-4775-800f-ac118f332ec3@group-7C70ED9FCAA5-LeaderElection26] INFO  server.RaftServerConfigKeys (ConfUtils.java:logGet(43)) - raft.server.staging.catchup.gap = 1000 (default)
2019-11-13 21:46:56,432 [967749f5-60f8-4775-800f-ac118f332ec3@group-7C70ED9FCAA5-LeaderElection26] INFO  server.RaftServerConfigKeys (ConfUtils.java:logGet(43)) - raft.server.rpc.sleep.time = 25ms (default)
2019-11-13 21:46:56,432 [967749f5-60f8-4775-800f-ac118f332ec3@group-7C70ED9FCAA5-LeaderElection26] INFO  server.RaftServerConfigKeys (ConfUtils.java:logGet(43)) - raft.server.write.element-limit = 4096 (default)
2019-11-13 21:46:56,432 [967749f5-60f8-4775-800f-ac118f332ec3@group-7C70ED9FCAA5-LeaderElection26] INFO  server.RaftServerConfigKeys (ConfUtils.java:logGet(43)) - raft.server.watch.timeout = 10s (default)
2019-11-13 21:46:56,432 [967749f5-60f8-4775-800f-ac118f332ec3@group-7C70ED9FCAA5-LeaderElection26] INFO  server.RaftServerConfigKeys (ConfUtils.java:logGet(43)) - raft.server.watch.timeout.denomination = 1s (default)
2019-11-13 21:46:56,433 [967749f5-60f8-4775-800f-ac118f332ec3@group-7C70ED9FCAA5-LeaderElection26] INFO  server.RaftServerConfigKeys (ConfUtils.java:logGet(43)) - raft.server.watch.element-limit = 65536 (default)
2019-11-13 21:46:56,434 [967749f5-60f8-4775-800f-ac118f332ec3@group-7C70ED9FCAA5-LeaderElection26] INFO  impl.RoleInfo (RoleInfo.java:updateAndGet(143)) - 967749f5-60f8-4775-800f-ac118f332ec3: start LeaderState
2019-11-13 21:46:56,434 [967749f5-60f8-4775-800f-ac118f332ec3@group-7C70ED9FCAA5-LeaderElection26] INFO  segmented.SegmentedRaftLogWorker (SegmentedRaftLogWorker.java:startLogSegment(385)) - 967749f5-60f8-4775-800f-ac118f332ec3@group-7C70ED9FCAA5-SegmentedRaftLogWorker: Starting segment from index:0
2019-11-13 21:46:56,434 [967749f5-60f8-4775-800f-ac118f332ec3@group-7C70ED9FCAA5-LeaderElection26] INFO  impl.RaftServerImpl (ServerState.java:setRaftConf(356)) - 967749f5-60f8-4775-800f-ac118f332ec3@group-7C70ED9FCAA5: set configuration 0: [967749f5-60f8-4775-800f-ac118f332ec3:192.168.34.20:39594], old=null at 0
2019-11-13 21:46:56,434 [Thread-983] INFO  impl.FollowerState (FollowerState.java:run(111)) - 967749f5-60f8-4775-800f-ac118f332ec3@group-FC87DB4793F9-FollowerState: change to CANDIDATE, lastRpcTime:5165ms, electionTimeout:5165ms
2019-11-13 21:46:56,459 [Thread-981] INFO  impl.FollowerState (FollowerState.java:run(111)) - 967749f5-60f8-4775-800f-ac118f332ec3@group-2670078F4BD4-FollowerState: change to CANDIDATE, lastRpcTime:5191ms, electionTimeout:5185ms
2019-11-13 21:46:56,460 [Thread-983] INFO  impl.RoleInfo (RoleInfo.java:shutdownFollowerState(121)) - 967749f5-60f8-4775-800f-ac118f332ec3: shutdown FollowerState
2019-11-13 21:46:56,460 [Thread-981] INFO  impl.RoleInfo (RoleInfo.java:shutdownFollowerState(121)) - 967749f5-60f8-4775-800f-ac118f332ec3: shutdown FollowerState
2019-11-13 21:46:56,460 [Thread-983] INFO  impl.RaftServerImpl (RaftServerImpl.java:setRole(173)) - 967749f5-60f8-4775-800f-ac118f332ec3@group-FC87DB4793F9: changes role from  FOLLOWER to CANDIDATE at term 0 for changeToCandidate
2019-11-13 21:46:56,460 [Thread-981] INFO  impl.RaftServerImpl (RaftServerImpl.java:setRole(173)) - 967749f5-60f8-4775-800f-ac118f332ec3@group-2670078F4BD4: changes role from  FOLLOWER to CANDIDATE at term 0 for changeToCandidate
2019-11-13 21:46:56,460 [Thread-983] INFO  impl.RoleInfo (RoleInfo.java:updateAndGet(143)) - 967749f5-60f8-4775-800f-ac118f332ec3: start LeaderElection
2019-11-13 21:46:56,460 [Thread-981] INFO  impl.RoleInfo (RoleInfo.java:updateAndGet(143)) - 967749f5-60f8-4775-800f-ac118f332ec3: start LeaderElection
2019-11-13 21:46:56,464 [Thread-748] INFO  ozoneimpl.OzoneContainer (OzoneContainer.java:stop(244)) - Attempting to stop container services.
2019-11-13 21:46:56,464 [ForkJoinPool.commonPool-worker-0] INFO  ozoneimpl.OzoneContainer (OzoneContainer.java:stop(244)) - Attempting to stop container services.
2019-11-13 21:46:56,465 [Thread-748] INFO  impl.RaftServerProxy (RaftServerProxy.java:lambda$close$4(314)) - 6cc8209c-e457-4756-a8d8-a7119d564131: close
2019-11-13 21:46:56,465 [ForkJoinPool.commonPool-worker-0] INFO  impl.RaftServerProxy (RaftServerProxy.java:lambda$close$4(314)) - dcad5acd-0e3b-4336-98e2-abbadaf23ad5: close
2019-11-13 21:46:56,465 [ForkJoinPool.commonPool-worker-0] INFO  impl.RaftServerImpl (RaftServerImpl.java:lambda$shutdown$3(250)) - dcad5acd-0e3b-4336-98e2-abbadaf23ad5@group-3BDE17ED132E: shutdown
2019-11-13 21:46:56,465 [Thread-748] INFO  impl.RaftServerImpl (RaftServerImpl.java:lambda$shutdown$3(250)) - 6cc8209c-e457-4756-a8d8-a7119d564131@group-3BDE17ED132E: shutdown
2019-11-13 21:46:56,466 [ForkJoinPool.commonPool-worker-0] INFO  util.JmxRegister (JmxRegister.java:unregister(73)) - Successfully un-registered JMX Bean with object name Ratis:service=RaftServer,group=group-3BDE17ED132E,id=dcad5acd-0e3b-4336-98e2-abbadaf23ad5
2019-11-13 21:46:56,466 [Thread-748] INFO  util.JmxRegister (JmxRegister.java:unregister(73)) - Successfully un-registered JMX Bean with object name Ratis:service=RaftServer,group=group-3BDE17ED132E,id=6cc8209c-e457-4756-a8d8-a7119d564131
2019-11-13 21:46:56,466 [ForkJoinPool.commonPool-worker-0] INFO  impl.RoleInfo (RoleInfo.java:shutdownLeaderState(104)) - dcad5acd-0e3b-4336-98e2-abbadaf23ad5: shutdown LeaderState
2019-11-13 21:46:56,467 [Thread-748] INFO  impl.RoleInfo (RoleInfo.java:shutdownFollowerState(121)) - 6cc8209c-e457-4756-a8d8-a7119d564131: shutdown FollowerState
2019-11-13 21:46:56,469 [ForkJoinPool.commonPool-worker-0] INFO  impl.PendingRequests (PendingRequests.java:sendNotLeaderResponses(206)) - dcad5acd-0e3b-4336-98e2-abbadaf23ad5@group-3BDE17ED132E-PendingRequests: sendNotLeaderResponses
2019-11-13 21:46:56,469 [org.apache.ratis.server.impl.LogAppender$AppenderDaemon$$Lambda$413/1685702410@7f9a9217] WARN  server.GrpcLogAppender (GrpcLogAppender.java:mayWait(151)) - dcad5acd-0e3b-4336-98e2-abbadaf23ad5@group-3BDE17ED132E->967749f5-60f8-4775-800f-ac118f332ec3-GrpcLogAppender: Wait interrupted by java.lang.InterruptedException
2019-11-13 21:46:56,469 [grpc-default-executor-3] INFO  impl.RaftServerProxy (RaftServerProxy.java:remove(95)) - 967749f5-60f8-4775-800f-ac118f332ec3: remove  FOLLOWER 967749f5-60f8-4775-800f-ac118f332ec3@group-6A029FC062B8:t1, leader=6cc8209c-e457-4756-a8d8-a7119d564131, voted=6cc8209c-e457-4756-a8d8-a7119d564131, raftlog=967749f5-60f8-4775-800f-ac118f332ec3@group-6A029FC062B8-SegmentedRaftLog:OPENED:c-1,f0,i0, conf=0: [dcad5acd-0e3b-4336-98e2-abbadaf23ad5:192.168.34.20:33066, 6cc8209c-e457-4756-a8d8-a7119d564131:192.168.34.20:40739, 967749f5-60f8-4775-800f-ac118f332ec3:192.168.34.20:39594], old=null RUNNING
2019-11-13 21:46:56,469 [org.apache.ratis.server.impl.LogAppender$AppenderDaemon$$Lambda$413/1685702410@3a980b20] WARN  server.GrpcLogAppender (GrpcLogAppender.java:mayWait(151)) - dcad5acd-0e3b-4336-98e2-abbadaf23ad5@group-3BDE17ED132E->6cc8209c-e457-4756-a8d8-a7119d564131-GrpcLogAppender: Wait interrupted by java.lang.InterruptedException
2019-11-13 21:46:56,472 [grpc-default-executor-3] INFO  impl.RaftServerImpl (RaftServerImpl.java:lambda$shutdown$3(250)) - 967749f5-60f8-4775-800f-ac118f332ec3@group-6A029FC062B8: shutdown
2019-11-13 21:46:56,475 [grpc-default-executor-3] INFO  util.JmxRegister (JmxRegister.java:unregister(73)) - Successfully un-registered JMX Bean with object name Ratis:service=RaftServer,group=group-6A029FC062B8,id=967749f5-60f8-4775-800f-ac118f332ec3
2019-11-13 21:46:56,475 [grpc-default-executor-3] INFO  impl.RoleInfo (RoleInfo.java:shutdownFollowerState(121)) - 967749f5-60f8-4775-800f-ac118f332ec3: shutdown FollowerState
2019-11-13 21:46:56,471 [ForkJoinPool.commonPool-worker-0] INFO  impl.StateMachineUpdater (StateMachineUpdater.java:stopAndJoin(136)) - dcad5acd-0e3b-4336-98e2-abbadaf23ad5@group-3BDE17ED132E-StateMachineUpdater: set stopIndex = 0
2019-11-13 21:46:56,469 [Thread-748] INFO  impl.StateMachineUpdater (StateMachineUpdater.java:stopAndJoin(136)) - 6cc8209c-e457-4756-a8d8-a7119d564131@group-3BDE17ED132E-StateMachineUpdater: set stopIndex = -1
2019-11-13 21:46:56,469 [Thread-1008] INFO  impl.FollowerState (FollowerState.java:run(120)) - 6cc8209c-e457-4756-a8d8-a7119d564131@group-3BDE17ED132E-FollowerState was interrupted: java.lang.InterruptedException: sleep interrupted
2019-11-13 21:46:56,480 [Thread-748] INFO  impl.RaftServerImpl (ServerState.java:close(387)) - 6cc8209c-e457-4756-a8d8-a7119d564131@group-3BDE17ED132E: closes. applyIndex: -1
2019-11-13 21:46:56,480 [ForkJoinPool.commonPool-worker-0] INFO  impl.RaftServerImpl (ServerState.java:close(387)) - dcad5acd-0e3b-4336-98e2-abbadaf23ad5@group-3BDE17ED132E: closes. applyIndex: 0
2019-11-13 21:46:56,475 [Thread-1004] INFO  impl.FollowerState (FollowerState.java:run(120)) - 967749f5-60f8-4775-800f-ac118f332ec3@group-6A029FC062B8-FollowerState was interrupted: java.lang.InterruptedException: sleep interrupted
2019-11-13 21:46:56,482 [dcad5acd-0e3b-4336-98e2-abbadaf23ad5@group-3BDE17ED132E-SegmentedRaftLogWorker] INFO  segmented.SegmentedRaftLogWorker (SegmentedRaftLogWorker.java:run(316)) - dcad5acd-0e3b-4336-98e2-abbadaf23ad5@group-3BDE17ED132E-SegmentedRaftLogWorker was interrupted, exiting. There are 0 tasks remaining in the queue.
2019-11-13 21:46:56,475 [grpc-default-executor-3] INFO  impl.StateMachineUpdater (StateMachineUpdater.java:stopAndJoin(136)) - 967749f5-60f8-4775-800f-ac118f332ec3@group-6A029FC062B8-StateMachineUpdater: set stopIndex = -1
2019-11-13 21:46:56,482 [ForkJoinPool.commonPool-worker-0] INFO  segmented.SegmentedRaftLogWorker (SegmentedRaftLogWorker.java:close(224)) - dcad5acd-0e3b-4336-98e2-abbadaf23ad5@group-3BDE17ED132E-SegmentedRaftLogWorker close()
2019-11-13 21:46:56,474 [967749f5-60f8-4775-800f-ac118f332ec3@group-2670078F4BD4-LeaderElection28] INFO  impl.LeaderElection (LeaderElection.java:askForVotes(178)) - 967749f5-60f8-4775-800f-ac118f332ec3@group-2670078F4BD4-LeaderElection28: begin an election at term 1 for -1: [967749f5-60f8-4775-800f-ac118f332ec3:192.168.34.20:39594], old=null
2019-11-13 21:46:56,474 [967749f5-60f8-4775-800f-ac118f332ec3@group-7C70ED9FCAA5-SegmentedRaftLogWorker] INFO  segmented.SegmentedRaftLogWorker (SegmentedRaftLogWorker.java:execute(576)) - 967749f5-60f8-4775-800f-ac118f332ec3@group-7C70ED9FCAA5-SegmentedRaftLogWorker: created new log segment /workdir/hadoop-ozone/ozonefs/target/test-dir/MiniOzoneClusterImpl-2bb5002b-f3eb-4fa7-bf0d-d672f8b55c5b/datanode-2/data/ratis/ff0d8bf2-1344-483b-8ca5-7c70ed9fcaa5/current/log_inprogress_0
2019-11-13 21:46:56,474 [967749f5-60f8-4775-800f-ac118f332ec3@group-FC87DB4793F9-LeaderElection27] INFO  impl.LeaderElection (LeaderElection.java:askForVotes(178)) - 967749f5-60f8-4775-800f-ac118f332ec3@group-FC87DB4793F9-LeaderElection27: begin an election at term 1 for -1: [967749f5-60f8-4775-800f-ac118f332ec3:192.168.34.20:39594], old=null
2019-11-13 21:46:56,484 [967749f5-60f8-4775-800f-ac118f332ec3@group-2670078F4BD4-LeaderElection28] INFO  impl.RoleInfo (RoleInfo.java:shutdownLeaderElection(134)) - 967749f5-60f8-4775-800f-ac118f332ec3: shutdown LeaderElection
2019-11-13 21:46:56,484 [ForkJoinPool.commonPool-worker-0] INFO  impl.RaftServerImpl (RaftServerImpl.java:lambda$shutdown$3(250)) - dcad5acd-0e3b-4336-98e2-abbadaf23ad5@group-6A029FC062B8: shutdown
2019-11-13 21:46:56,482 [grpc-default-executor-3] INFO  impl.RaftServerImpl (ServerState.java:close(387)) - 967749f5-60f8-4775-800f-ac118f332ec3@group-6A029FC062B8: closes. applyIndex: -1
2019-11-13 21:46:56,482 [6cc8209c-e457-4756-a8d8-a7119d564131@group-3BDE17ED132E-SegmentedRaftLogWorker] INFO  segmented.SegmentedRaftLogWorker (SegmentedRaftLogWorker.java:run(316)) - 6cc8209c-e457-4756-a8d8-a7119d564131@group-3BDE17ED132E-SegmentedRaftLogWorker was interrupted, exiting. There are 0 tasks remaining in the queue.
2019-11-13 21:46:56,482 [grpc-default-executor-0] INFO  server.GrpcServerProtocolService (GrpcServerProtocolService.java:onCompleted(113)) - 967749f5-60f8-4775-800f-ac118f332ec3: Completed APPEND_ENTRIES, lastRequest: dcad5acd-0e3b-4336-98e2-abbadaf23ad5->967749f5-60f8-4775-800f-ac118f332ec3#1-t1, previous=(t:0, i:0), leaderCommit=-1, initializing? false, entries: size=1, first=(t:1, i:0), CONFIGURATIONENTRY
2019-11-13 21:46:56,482 [grpc-default-executor-2] INFO  server.GrpcServerProtocolService (GrpcServerProtocolService.java:onCompleted(113)) - 6cc8209c-e457-4756-a8d8-a7119d564131: Completed APPEND_ENTRIES, lastRequest: dcad5acd-0e3b-4336-98e2-abbadaf23ad5->6cc8209c-e457-4756-a8d8-a7119d564131#1-t1, previous=(t:0, i:0), leaderCommit=-1, initializing? false, entries: size=1, first=(t:1, i:0), CONFIGURATIONENTRY
2019-11-13 21:46:56,485 [Thread-748] INFO  segmented.SegmentedRaftLogWorker (SegmentedRaftLogWorker.java:close(224)) - 6cc8209c-e457-4756-a8d8-a7119d564131@group-3BDE17ED132E-SegmentedRaftLogWorker close()
2019-11-13 21:46:56,485 [967749f5-60f8-4775-800f-ac118f332ec3@group-6A029FC062B8-SegmentedRaftLogWorker] INFO  segmented.SegmentedRaftLogWorker (SegmentedRaftLogWorker.java:run(316)) - 967749f5-60f8-4775-800f-ac118f332ec3@group-6A029FC062B8-SegmentedRaftLogWorker was interrupted, exiting. There are 0 tasks remaining in the queue.
2019-11-13 21:46:56,484 [ForkJoinPool.commonPool-worker-0] INFO  util.JmxRegister (JmxRegister.java:unregister(73)) - Successfully un-registered JMX Bean with object name Ratis:service=RaftServer,group=group-6A029FC062B8,id=dcad5acd-0e3b-4336-98e2-abbadaf23ad5
2019-11-13 21:46:56,484 [967749f5-60f8-4775-800f-ac118f332ec3@group-2670078F4BD4-LeaderElection28] INFO  impl.RaftServerImpl (RaftServerImpl.java:setRole(173)) - 967749f5-60f8-4775-800f-ac118f332ec3@group-2670078F4BD4: changes role from CANDIDATE to LEADER at term 1 for changeToLeader
2019-11-13 21:46:56,489 [ForkJoinPool.commonPool-worker-0] INFO  impl.RoleInfo (RoleInfo.java:shutdownFollowerState(121)) - dcad5acd-0e3b-4336-98e2-abbadaf23ad5: shutdown FollowerState
2019-11-13 21:46:56,484 [967749f5-60f8-4775-800f-ac118f332ec3@group-FC87DB4793F9-LeaderElection27] INFO  impl.RoleInfo (RoleInfo.java:shutdownLeaderElection(134)) - 967749f5-60f8-4775-800f-ac118f332ec3: shutdown LeaderElection
2019-11-13 21:46:56,489 [Thread-1005] INFO  impl.FollowerState (FollowerState.java:run(120)) - dcad5acd-0e3b-4336-98e2-abbadaf23ad5@group-6A029FC062B8-FollowerState was interrupted: java.lang.InterruptedException: sleep interrupted
2019-11-13 21:46:56,489 [ForkJoinPool.commonPool-worker-0] INFO  impl.StateMachineUpdater (StateMachineUpdater.java:stopAndJoin(136)) - dcad5acd-0e3b-4336-98e2-abbadaf23ad5@group-6A029FC062B8-StateMachineUpdater: set stopIndex = -1
2019-11-13 21:46:56,490 [ForkJoinPool.commonPool-worker-0] INFO  impl.RaftServerImpl (ServerState.java:close(387)) - dcad5acd-0e3b-4336-98e2-abbadaf23ad5@group-6A029FC062B8: closes. applyIndex: -1
2019-11-13 21:46:56,489 [967749f5-60f8-4775-800f-ac118f332ec3@group-2670078F4BD4-LeaderElection28] INFO  ratis.XceiverServerRatis (XceiverServerRatis.java:handleLeaderChangedNotification(697)) - Leader change notification received for group: group-2670078F4BD4 with new leaderId: 967749f5-60f8-4775-800f-ac118f332ec3
2019-11-13 21:46:56,489 [grpc-default-executor-1] INFO  server.GrpcLogAppender (GrpcLogAppender.java:onCompleted(308)) - dcad5acd-0e3b-4336-98e2-abbadaf23ad5@group-3BDE17ED132E->6cc8209c-e457-4756-a8d8-a7119d564131-AppendLogResponseHandler: follower responses appendEntries COMPLETED
2019-11-13 21:46:56,489 [Thread-748] INFO  impl.RaftServerImpl (RaftServerImpl.java:lambda$shutdown$3(250)) - 6cc8209c-e457-4756-a8d8-a7119d564131@group-6A029FC062B8: shutdown
2019-11-13 21:46:56,488 [grpc-default-executor-3] INFO  segmented.SegmentedRaftLogWorker (SegmentedRaftLogWorker.java:close(224)) - 967749f5-60f8-4775-800f-ac118f332ec3@group-6A029FC062B8-SegmentedRaftLogWorker close()
2019-11-13 21:46:56,486 [grpc-default-executor-2] INFO  server.GrpcLogAppender (GrpcLogAppender.java:onCompleted(308)) - dcad5acd-0e3b-4336-98e2-abbadaf23ad5@group-3BDE17ED132E->967749f5-60f8-4775-800f-ac118f332ec3-AppendLogResponseHandler: follower responses appendEntries COMPLETED
2019-11-13 21:46:56,492 [Thread-748] INFO  util.JmxRegister (JmxRegister.java:unregister(73)) - Successfully un-registered JMX Bean with object name Ratis:service=RaftServer,group=group-6A029FC062B8,id=6cc8209c-e457-4756-a8d8-a7119d564131
2019-11-13 21:46:56,491 [967749f5-60f8-4775-800f-ac118f332ec3@group-2670078F4BD4-LeaderElection28] INFO  impl.RaftServerImpl (ServerState.java:setLeader(255)) - 967749f5-60f8-4775-800f-ac118f332ec3@group-2670078F4BD4: change Leader from null to 967749f5-60f8-4775-800f-ac118f332ec3 at term 1 for becomeLeader, leader elected after 7803ms
2019-11-13 21:46:56,491 [dcad5acd-0e3b-4336-98e2-abbadaf23ad5@group-6A029FC062B8-SegmentedRaftLogWorker] INFO  segmented.SegmentedRaftLogWorker (SegmentedRaftLogWorker.java:run(316)) - dcad5acd-0e3b-4336-98e2-abbadaf23ad5@group-6A029FC062B8-SegmentedRaftLogWorker was interrupted, exiting. There are 0 tasks remaining in the queue.
2019-11-13 21:46:56,489 [967749f5-60f8-4775-800f-ac118f332ec3@group-FC87DB4793F9-LeaderElection27] INFO  impl.RaftServerImpl (RaftServerImpl.java:setRole(173)) - 967749f5-60f8-4775-800f-ac118f332ec3@group-FC87DB4793F9: changes role from CANDIDATE to LEADER at term 1 for changeToLeader
2019-11-13 21:46:56,495 [967749f5-60f8-4775-800f-ac118f332ec3@group-FC87DB4793F9-LeaderElection27] INFO  ratis.XceiverServerRatis (XceiverServerRatis.java:handleLeaderChangedNotification(697)) - Leader change notification received for group: group-FC87DB4793F9 with new leaderId: 967749f5-60f8-4775-800f-ac118f332ec3
2019-11-13 21:46:56,495 [967749f5-60f8-4775-800f-ac118f332ec3@group-2670078F4BD4-LeaderElection28] INFO  server.RaftServerConfigKeys (ConfUtils.java:logGet(43)) - raft.server.staging.catchup.gap = 1000 (default)
2019-11-13 21:46:56,495 [Thread-748] INFO  impl.RoleInfo (RoleInfo.java:shutdownLeaderState(104)) - 6cc8209c-e457-4756-a8d8-a7119d564131: shutdown LeaderState
2019-11-13 21:46:56,495 [967749f5-60f8-4775-800f-ac118f332ec3@group-FC87DB4793F9-LeaderElection27] INFO  impl.RaftServerImpl (ServerState.java:setLeader(255)) - 967749f5-60f8-4775-800f-ac118f332ec3@group-FC87DB4793F9: change Leader from null to 967749f5-60f8-4775-800f-ac118f332ec3 at term 1 for becomeLeader, leader elected after 5379ms
2019-11-13 21:46:56,495 [967749f5-60f8-4775-800f-ac118f332ec3@group-2670078F4BD4-LeaderElection28] INFO  server.RaftServerConfigKeys (ConfUtils.java:logGet(43)) - raft.server.rpc.sleep.time = 25ms (default)
2019-11-13 21:46:56,495 [ForkJoinPool.commonPool-worker-0] INFO  segmented.SegmentedRaftLogWorker (SegmentedRaftLogWorker.java:close(224)) - dcad5acd-0e3b-4336-98e2-abbadaf23ad5@group-6A029FC062B8-SegmentedRaftLogWorker close()
2019-11-13 21:46:56,499 [967749f5-60f8-4775-800f-ac118f332ec3@group-2670078F4BD4-LeaderElection28] INFO  server.RaftServerConfigKeys (ConfUtils.java:logGet(43)) - raft.server.write.element-limit = 4096 (default)
2019-11-13 21:46:56,499 [967749f5-60f8-4775-800f-ac118f332ec3@group-FC87DB4793F9-LeaderElection27] INFO  server.RaftServerConfigKeys (ConfUtils.java:logGet(43)) - raft.server.staging.catchup.gap = 1000 (default)
2019-11-13 21:46:56,497 [org.apache.ratis.server.impl.LogAppender$AppenderDaemon$$Lambda$413/1685702410@4e82d141] WARN  server.GrpcLogAppender (GrpcLogAppender.java:mayWait(151)) - 6cc8209c-e457-4756-a8d8-a7119d564131@group-6A029FC062B8->dcad5acd-0e3b-4336-98e2-abbadaf23ad5-GrpcLogAppender: Wait interrupted by java.lang.InterruptedException
2019-11-13 21:46:56,497 [org.apache.ratis.server.impl.LogAppender$AppenderDaemon$$Lambda$413/1685702410@b8046f5] WARN  server.GrpcLogAppender (GrpcLogAppender.java:mayWait(151)) - 6cc8209c-e457-4756-a8d8-a7119d564131@group-6A029FC062B8->967749f5-60f8-4775-800f-ac118f332ec3-GrpcLogAppender: Wait interrupted by java.lang.InterruptedException
2019-11-13 21:46:56,497 [Thread-748] INFO  impl.PendingRequests (PendingRequests.java:sendNotLeaderResponses(206)) - 6cc8209c-e457-4756-a8d8-a7119d564131@group-6A029FC062B8-PendingRequests: sendNotLeaderResponses
2019-11-13 21:46:56,503 [grpc-default-executor-3] INFO  server.GrpcServerProtocolService (GrpcServerProtocolService.java:onCompleted(113)) - dcad5acd-0e3b-4336-98e2-abbadaf23ad5: Completed APPEND_ENTRIES, lastRequest: 6cc8209c-e457-4756-a8d8-a7119d564131->dcad5acd-0e3b-4336-98e2-abbadaf23ad5#1-t1, previous=(t:0, i:0), leaderCommit=-1, initializing? false, entries: size=1, first=(t:1, i:0), CONFIGURATIONENTRY
2019-11-13 21:46:56,500 [967749f5-60f8-4775-800f-ac118f332ec3@group-FC87DB4793F9-LeaderElection27] INFO  server.RaftServerConfigKeys (ConfUtils.java:logGet(43)) - raft.server.rpc.sleep.time = 25ms (default)
2019-11-13 21:46:56,500 [967749f5-60f8-4775-800f-ac118f332ec3@group-2670078F4BD4-LeaderElection28] INFO  server.RaftServerConfigKeys (ConfUtils.java:logGet(43)) - raft.server.watch.timeout = 10s (default)
2019-11-13 21:46:56,503 [967749f5-60f8-4775-800f-ac118f332ec3@group-FC87DB4793F9-LeaderElection27] INFO  server.RaftServerConfigKeys (ConfUtils.java:logGet(43)) - raft.server.write.element-limit = 4096 (default)
2019-11-13 21:46:56,500 [ForkJoinPool.commonPool-worker-0] INFO  impl.RaftServerImpl (RaftServerImpl.java:lambda$shutdown$3(250)) - dcad5acd-0e3b-4336-98e2-abbadaf23ad5@group-3C9007E7BB47: shutdown
2019-11-13 21:46:56,504 [grpc-default-executor-3] INFO  server.GrpcLogAppender (GrpcLogAppender.java:onCompleted(308)) - 6cc8209c-e457-4756-a8d8-a7119d564131@group-6A029FC062B8->dcad5acd-0e3b-4336-98e2-abbadaf23ad5-AppendLogResponseHandler: follower responses appendEntries COMPLETED
2019-11-13 21:46:56,504 [ForkJoinPool.commonPool-worker-0] INFO  util.JmxRegister (JmxRegister.java:unregister(73)) - Successfully un-registered JMX Bean with object name Ratis:service=RaftServer,group=group-3C9007E7BB47,id=dcad5acd-0e3b-4336-98e2-abbadaf23ad5
2019-11-13 21:46:56,504 [967749f5-60f8-4775-800f-ac118f332ec3@group-FC87DB4793F9-LeaderElection27] INFO  server.RaftServerConfigKeys (ConfUtils.java:logGet(43)) - raft.server.watch.timeout = 10s (default)
2019-11-13 21:46:56,503 [967749f5-60f8-4775-800f-ac118f332ec3@group-2670078F4BD4-LeaderElection28] INFO  server.RaftServerConfigKeys (ConfUtils.java:logGet(43)) - raft.server.watch.timeout.denomination = 1s (default)
2019-11-13 21:46:56,503 [grpc-default-executor-0] INFO  server.GrpcServerProtocolService (GrpcServerProtocolService.java:onCompleted(113)) - 967749f5-60f8-4775-800f-ac118f332ec3: Completed APPEND_ENTRIES, lastRequest: 6cc8209c-e457-4756-a8d8-a7119d564131->967749f5-60f8-4775-800f-ac118f332ec3#1-t1, previous=(t:0, i:0), leaderCommit=-1, initializing? false, entries: size=1, first=(t:1, i:0), CONFIGURATIONENTRY
2019-11-13 21:46:56,503 [Thread-748] INFO  impl.StateMachineUpdater (StateMachineUpdater.java:stopAndJoin(136)) - 6cc8209c-e457-4756-a8d8-a7119d564131@group-6A029FC062B8-StateMachineUpdater: set stopIndex = 0
2019-11-13 21:46:56,510 [Thread-748] INFO  impl.RaftServerImpl (ServerState.java:close(387)) - 6cc8209c-e457-4756-a8d8-a7119d564131@group-6A029FC062B8: closes. applyIndex: 0
2019-11-13 21:46:56,509 [967749f5-60f8-4775-800f-ac118f332ec3@group-2670078F4BD4-LeaderElection28] INFO  server.RaftServerConfigKeys (ConfUtils.java:logGet(43)) - raft.server.watch.element-limit = 65536 (default)
2019-11-13 21:46:56,509 [grpc-default-executor-3] INFO  impl.FollowerInfo (FollowerInfo.java:lambda$new$0(51)) - 6cc8209c-e457-4756-a8d8-a7119d564131@group-6A029FC062B8->dcad5acd-0e3b-4336-98e2-abbadaf23ad5: nextIndex: updateUnconditionally 1 -> 0
2019-11-13 21:46:56,509 [967749f5-60f8-4775-800f-ac118f332ec3@group-FC87DB4793F9-LeaderElection27] INFO  server.RaftServerConfigKeys (ConfUtils.java:logGet(43)) - raft.server.watch.timeout.denomination = 1s (default)
2019-11-13 21:46:56,512 [967749f5-60f8-4775-800f-ac118f332ec3@group-FC87DB4793F9-LeaderElection27] INFO  server.RaftServerConfigKeys (ConfUtils.java:logGet(43)) - raft.server.watch.element-limit = 65536 (default)
2019-11-13 21:46:56,509 [ForkJoinPool.commonPool-worker-0] INFO  impl.RoleInfo (RoleInfo.java:shutdownLeaderState(104)) - dcad5acd-0e3b-4336-98e2-abbadaf23ad5: shutdown LeaderState
2019-11-13 21:46:56,512 [967749f5-60f8-4775-800f-ac118f332ec3@group-FC87DB4793F9-LeaderElection27] INFO  impl.RoleInfo (RoleInfo.java:updateAndGet(143)) - 967749f5-60f8-4775-800f-ac118f332ec3: start LeaderState
2019-11-13 21:46:56,511 [967749f5-60f8-4775-800f-ac118f332ec3@group-2670078F4BD4-LeaderElection28] INFO  impl.RoleInfo (RoleInfo.java:updateAndGet(143)) - 967749f5-60f8-4775-800f-ac118f332ec3: start LeaderState
2019-11-13 21:46:56,511 [6cc8209c-e457-4756-a8d8-a7119d564131@group-6A029FC062B8-SegmentedRaftLogWorker] INFO  segmented.SegmentedRaftLogWorker (SegmentedRaftLogWorker.java:run(316)) - 6cc8209c-e457-4756-a8d8-a7119d564131@group-6A029FC062B8-SegmentedRaftLogWorker was interrupted, exiting. There are 0 tasks remaining in the queue.
2019-11-13 21:46:56,511 [grpc-default-executor-4] INFO  server.GrpcLogAppender (GrpcLogAppender.java:onCompleted(308)) - 6cc8209c-e457-4756-a8d8-a7119d564131@group-6A029FC062B8->967749f5-60f8-4775-800f-ac118f332ec3-AppendLogResponseHandler: follower responses appendEntries COMPLETED
2019-11-13 21:46:56,514 [Thread-748] INFO  segmented.SegmentedRaftLogWorker (SegmentedRaftLogWorker.java:close(224)) - 6cc8209c-e457-4756-a8d8-a7119d564131@group-6A029FC062B8-SegmentedRaftLogWorker close()
2019-11-13 21:46:56,514 [967749f5-60f8-4775-800f-ac118f332ec3@group-2670078F4BD4-LeaderElection28] INFO  segmented.SegmentedRaftLogWorker (SegmentedRaftLogWorker.java:startLogSegment(385)) - 967749f5-60f8-4775-800f-ac118f332ec3@group-2670078F4BD4-SegmentedRaftLogWorker: Starting segment from index:0
2019-11-13 21:46:56,516 [Thread-748] INFO  impl.RaftServerImpl (RaftServerImpl.java:lambda$shutdown$3(250)) - 6cc8209c-e457-4756-a8d8-a7119d564131@group-3C9007E7BB47: shutdown
2019-11-13 21:46:56,514 [967749f5-60f8-4775-800f-ac118f332ec3@group-FC87DB4793F9-LeaderElection27] INFO  segmented.SegmentedRaftLogWorker (SegmentedRaftLogWorker.java:startLogSegment(385)) - 967749f5-60f8-4775-800f-ac118f332ec3@group-FC87DB4793F9-SegmentedRaftLogWorker: Starting segment from index:0
2019-11-13 21:46:56,514 [org.apache.ratis.server.impl.LogAppender$AppenderDaemon$$Lambda$413/1685702410@6df8ac70] WARN  server.GrpcLogAppender (GrpcLogAppender.java:mayWait(151)) - dcad5acd-0e3b-4336-98e2-abbadaf23ad5@group-3C9007E7BB47->6cc8209c-e457-4756-a8d8-a7119d564131-GrpcLogAppender: Wait interrupted by java.lang.InterruptedException
2019-11-13 21:46:56,514 [ForkJoinPool.commonPool-worker-0] INFO  impl.PendingRequests (PendingRequests.java:sendNotLeaderResponses(206)) - dcad5acd-0e3b-4336-98e2-abbadaf23ad5@group-3C9007E7BB47-PendingRequests: sendNotLeaderResponses
2019-11-13 21:46:56,514 [org.apache.ratis.server.impl.LogAppender$AppenderDaemon$$Lambda$413/1685702410@28fa2fab] WARN  server.GrpcLogAppender (GrpcLogAppender.java:mayWait(151)) - dcad5acd-0e3b-4336-98e2-abbadaf23ad5@group-3C9007E7BB47->967749f5-60f8-4775-800f-ac118f332ec3-GrpcLogAppender: Wait interrupted by java.lang.InterruptedException
2019-11-13 21:46:56,516 [ForkJoinPool.commonPool-worker-0] INFO  impl.StateMachineUpdater (StateMachineUpdater.java:stopAndJoin(136)) - dcad5acd-0e3b-4336-98e2-abbadaf23ad5@group-3C9007E7BB47-StateMachineUpdater: set stopIndex = 0
2019-11-13 21:46:56,516 [967749f5-60f8-4775-800f-ac118f332ec3@group-FC87DB4793F9-LeaderElection27] INFO  impl.RaftServerImpl (ServerState.java:setRaftConf(356)) - 967749f5-60f8-4775-800f-ac118f332ec3@group-FC87DB4793F9: set configuration 0: [967749f5-60f8-4775-800f-ac118f332ec3:192.168.34.20:39594], old=null at 0
2019-11-13 21:46:56,516 [grpc-default-executor-4] INFO  impl.FollowerInfo (FollowerInfo.java:lambda$new$0(51)) - 6cc8209c-e457-4756-a8d8-a7119d564131@group-6A029FC062B8->967749f5-60f8-4775-800f-ac118f332ec3: nextIndex: updateUnconditionally 1 -> 0
2019-11-13 21:46:56,516 [967749f5-60f8-4775-800f-ac118f332ec3@group-2670078F4BD4-LeaderElection28] INFO  impl.RaftServerImpl (ServerState.java:setRaftConf(356)) - 967749f5-60f8-4775-800f-ac118f332ec3@group-2670078F4BD4: set configuration 0: [967749f5-60f8-4775-800f-ac118f332ec3:192.168.34.20:39594], old=null at 0
2019-11-13 21:46:56,516 [Thread-748] INFO  util.JmxRegister (JmxRegister.java:unregister(73)) - Successfully un-registered JMX Bean with object name Ratis:service=RaftServer,group=group-3C9007E7BB47,id=6cc8209c-e457-4756-a8d8-a7119d564131
2019-11-13 21:46:56,517 [grpc-default-executor-3] INFO  server.GrpcServerProtocolService (GrpcServerProtocolService.java:onCompleted(113)) - 967749f5-60f8-4775-800f-ac118f332ec3: Completed APPEND_ENTRIES, lastRequest: dcad5acd-0e3b-4336-98e2-abbadaf23ad5->967749f5-60f8-4775-800f-ac118f332ec3#1-t1, previous=(t:0, i:0), leaderCommit=0, initializing? false, entries: size=1, first=(t:1, i:0), CONFIGURATIONENTRY
2019-11-13 21:46:56,517 [ForkJoinPool.commonPool-worker-0] INFO  impl.RaftServerImpl (ServerState.java:close(387)) - dcad5acd-0e3b-4336-98e2-abbadaf23ad5@group-3C9007E7BB47: closes. applyIndex: 0
2019-11-13 21:46:56,517 [grpc-default-executor-0] INFO  server.GrpcServerProtocolService (GrpcServerProtocolService.java:onCompleted(113)) - 6cc8209c-e457-4756-a8d8-a7119d564131: Completed APPEND_ENTRIES, lastRequest: dcad5acd-0e3b-4336-98e2-abbadaf23ad5->6cc8209c-e457-4756-a8d8-a7119d564131#1-t1, previous=(t:0, i:0), leaderCommit=0, initializing? false, entries: size=1, first=(t:1, i:0), CONFIGURATIONENTRY
2019-11-13 21:46:56,549 [dcad5acd-0e3b-4336-98e2-abbadaf23ad5@group-3C9007E7BB47-SegmentedRaftLogWorker] INFO  segmented.SegmentedRaftLogWorker (SegmentedRaftLogWorker.java:run(316)) - dcad5acd-0e3b-4336-98e2-abbadaf23ad5@group-3C9007E7BB47-SegmentedRaftLogWorker was interrupted, exiting. There are 0 tasks remaining in the queue.
2019-11-13 21:46:56,549 [grpc-default-executor-5] INFO  impl.RaftServerProxy (RaftServerProxy.java:remove(95)) - 967749f5-60f8-4775-800f-ac118f332ec3: remove    LEADER 967749f5-60f8-4775-800f-ac118f332ec3@group-2670078F4BD4:t1, leader=967749f5-60f8-4775-800f-ac118f332ec3, voted=967749f5-60f8-4775-800f-ac118f332ec3, raftlog=967749f5-60f8-4775-800f-ac118f332ec3@group-2670078F4BD4-SegmentedRaftLog:OPENED:c-1,f-1,i0, conf=0: [967749f5-60f8-4775-800f-ac118f332ec3:192.168.34.20:39594], old=null RUNNING
2019-11-13 21:46:56,549 [Thread-748] INFO  impl.RoleInfo (RoleInfo.java:shutdownFollowerState(121)) - 6cc8209c-e457-4756-a8d8-a7119d564131: shutdown FollowerState
2019-11-13 21:46:56,550 [grpc-default-executor-2] INFO  impl.FollowerInfo (FollowerInfo.java:lambda$new$0(51)) - dcad5acd-0e3b-4336-98e2-abbadaf23ad5@group-3BDE17ED132E->967749f5-60f8-4775-800f-ac118f332ec3: nextIndex: updateUnconditionally 1 -> 0
2019-11-13 21:46:56,550 [grpc-default-executor-5] INFO  impl.RaftServerImpl (RaftServerImpl.java:lambda$shutdown$3(250)) - 967749f5-60f8-4775-800f-ac118f332ec3@group-2670078F4BD4: shutdown
2019-11-13 21:46:56,549 [ForkJoinPool.commonPool-worker-0] INFO  segmented.SegmentedRaftLogWorker (SegmentedRaftLogWorker.java:close(224)) - dcad5acd-0e3b-4336-98e2-abbadaf23ad5@group-3C9007E7BB47-SegmentedRaftLogWorker close()
2019-11-13 21:46:56,549 [grpc-default-executor-0] INFO  server.GrpcLogAppender (GrpcLogAppender.java:onCompleted(308)) - dcad5acd-0e3b-4336-98e2-abbadaf23ad5@group-3C9007E7BB47->967749f5-60f8-4775-800f-ac118f332ec3-AppendLogResponseHandler: follower responses appendEntries COMPLETED
2019-11-13 21:46:56,551 [ForkJoinPool.commonPool-worker-0] INFO  server.GrpcService (GrpcService.java:closeImpl(164)) - dcad5acd-0e3b-4336-98e2-abbadaf23ad5: shutdown server with port 33066 now
2019-11-13 21:46:56,550 [grpc-default-executor-5] INFO  util.JmxRegister (JmxRegister.java:unregister(73)) - Successfully un-registered JMX Bean with object name Ratis:service=RaftServer,group=group-2670078F4BD4,id=967749f5-60f8-4775-800f-ac118f332ec3
2019-11-13 21:46:56,552 [ForkJoinPool.commonPool-worker-0] INFO  server.GrpcService (GrpcService.java:closeImpl(172)) - dcad5acd-0e3b-4336-98e2-abbadaf23ad5: shutdown server with port 33066 successfully
2019-11-13 21:46:56,550 [grpc-default-executor-1] INFO  impl.FollowerInfo (FollowerInfo.java:lambda$new$0(51)) - dcad5acd-0e3b-4336-98e2-abbadaf23ad5@group-3BDE17ED132E->6cc8209c-e457-4756-a8d8-a7119d564131: nextIndex: updateUnconditionally 1 -> 0
2019-11-13 21:46:56,550 [Thread-1023] INFO  impl.FollowerState (FollowerState.java:run(120)) - 6cc8209c-e457-4756-a8d8-a7119d564131@group-3C9007E7BB47-FollowerState was interrupted: java.lang.InterruptedException: sleep interrupted
2019-11-13 21:46:56,550 [Thread-748] INFO  impl.StateMachineUpdater (StateMachineUpdater.java:stopAndJoin(136)) - 6cc8209c-e457-4756-a8d8-a7119d564131@group-3C9007E7BB47-StateMachineUpdater: set stopIndex = 0
2019-11-13 21:46:56,550 [grpc-default-executor-3] INFO  server.GrpcLogAppender (GrpcLogAppender.java:onCompleted(308)) - dcad5acd-0e3b-4336-98e2-abbadaf23ad5@group-3C9007E7BB47->6cc8209c-e457-4756-a8d8-a7119d564131-AppendLogResponseHandler: follower responses appendEntries COMPLETED
2019-11-13 21:46:56,553 [Thread-748] INFO  impl.RaftServerImpl (ServerState.java:close(387)) - 6cc8209c-e457-4756-a8d8-a7119d564131@group-3C9007E7BB47: closes. applyIndex: 0
2019-11-13 21:46:56,552 [grpc-default-executor-5] INFO  impl.RoleInfo (RoleInfo.java:shutdownLeaderState(104)) - 967749f5-60f8-4775-800f-ac118f332ec3: shutdown LeaderState
2019-11-13 21:46:56,551 [grpc-default-executor-0] INFO  impl.FollowerInfo (FollowerInfo.java:lambda$new$0(51)) - dcad5acd-0e3b-4336-98e2-abbadaf23ad5@group-3C9007E7BB47->967749f5-60f8-4775-800f-ac118f332ec3: nextIndex: updateUnconditionally 1 -> 0
2019-11-13 21:46:56,554 [grpc-default-executor-5] INFO  impl.PendingRequests (PendingRequests.java:sendNotLeaderResponses(206)) - 967749f5-60f8-4775-800f-ac118f332ec3@group-2670078F4BD4-PendingRequests: sendNotLeaderResponses
2019-11-13 21:46:56,554 [6cc8209c-e457-4756-a8d8-a7119d564131@group-3C9007E7BB47-SegmentedRaftLogWorker] INFO  segmented.SegmentedRaftLogWorker (SegmentedRaftLogWorker.java:run(316)) - 6cc8209c-e457-4756-a8d8-a7119d564131@group-3C9007E7BB47-SegmentedRaftLogWorker was interrupted, exiting. There are 0 tasks remaining in the queue.
2019-11-13 21:46:56,555 [grpc-default-executor-5] INFO  impl.StateMachineUpdater (StateMachineUpdater.java:stopAndJoin(136)) - 967749f5-60f8-4775-800f-ac118f332ec3@group-2670078F4BD4-StateMachineUpdater: set stopIndex = -1
2019-11-13 21:46:56,556 [grpc-default-executor-5] INFO  impl.RaftServerImpl (ServerState.java:close(387)) - 967749f5-60f8-4775-800f-ac118f332ec3@group-2670078F4BD4: closes. applyIndex: -1
2019-11-13 21:46:56,554 [grpc-default-executor-3] INFO  impl.FollowerInfo (FollowerInfo.java:lambda$new$0(51)) - dcad5acd-0e3b-4336-98e2-abbadaf23ad5@group-3C9007E7BB47->6cc8209c-e457-4756-a8d8-a7119d564131: nextIndex: updateUnconditionally 1 -> 0
2019-11-13 21:46:56,553 [967749f5-60f8-4775-800f-ac118f332ec3@group-2670078F4BD4-SegmentedRaftLogWorker] INFO  segmented.SegmentedRaftLogWorker (SegmentedRaftLogWorker.java:execute(576)) - 967749f5-60f8-4775-800f-ac118f332ec3@group-2670078F4BD4-SegmentedRaftLogWorker: created new log segment /workdir/hadoop-ozone/ozonefs/target/test-dir/MiniOzoneClusterImpl-2bb5002b-f3eb-4fa7-bf0d-d672f8b55c5b/datanode-2/data/ratis/57591723-27fa-47b6-b2cb-2670078f4bd4/current/log_inprogress_0
2019-11-13 21:46:56,553 [967749f5-60f8-4775-800f-ac118f332ec3@group-FC87DB4793F9-SegmentedRaftLogWorker] INFO  segmented.SegmentedRaftLogWorker (SegmentedRaftLogWorker.java:execute(576)) - 967749f5-60f8-4775-800f-ac118f332ec3@group-FC87DB4793F9-SegmentedRaftLogWorker: created new log segment /workdir/hadoop-ozone/ozonefs/target/test-dir/MiniOzoneClusterImpl-2bb5002b-f3eb-4fa7-bf0d-d672f8b55c5b/datanode-2/data/ratis/3044f0ae-3d19-4f0e-9ef8-fc87db4793f9/current/log_inprogress_0
2019-11-13 21:46:56,556 [Thread-748] INFO  segmented.SegmentedRaftLogWorker (SegmentedRaftLogWorker.java:close(224)) - 6cc8209c-e457-4756-a8d8-a7119d564131@group-3C9007E7BB47-SegmentedRaftLogWorker close()
2019-11-13 21:46:56,555 [refreshUsed-/workdir/hadoop-ozone/ozonefs/target/test-dir/MiniOzoneClusterImpl-2bb5002b-f3eb-4fa7-bf0d-d672f8b55c5b/datanode-0/data/containers] WARN  fs.CachingGetSpaceUsed (CachingGetSpaceUsed.java:run(183)) - Thread Interrupted waiting to refresh disk information: sleep interrupted
2019-11-13 21:46:56,560 [Thread-748] INFO  server.GrpcService (GrpcService.java:closeImpl(164)) - 6cc8209c-e457-4756-a8d8-a7119d564131: shutdown server with port 40739 now
2019-11-13 21:46:56,557 [grpc-default-executor-5] INFO  segmented.SegmentedRaftLogWorker (SegmentedRaftLogWorker.java:close(224)) - 967749f5-60f8-4775-800f-ac118f332ec3@group-2670078F4BD4-SegmentedRaftLogWorker close()
2019-11-13 21:46:56,560 [Thread-748] INFO  server.GrpcService (GrpcService.java:closeImpl(172)) - 6cc8209c-e457-4756-a8d8-a7119d564131: shutdown server with port 40739 successfully
2019-11-13 21:46:56,565 [refreshUsed-/workdir/hadoop-ozone/ozonefs/target/test-dir/MiniOzoneClusterImpl-2bb5002b-f3eb-4fa7-bf0d-d672f8b55c5b/datanode-1/data/containers] WARN  fs.CachingGetSpaceUsed (CachingGetSpaceUsed.java:run(183)) - Thread Interrupted waiting to refresh disk information: sleep interrupted
2019-11-13 21:46:56,572 [grpc-default-executor-5] INFO  impl.RaftServerProxy (RaftServerProxy.java:remove(95)) - 967749f5-60f8-4775-800f-ac118f332ec3: remove    LEADER 967749f5-60f8-4775-800f-ac118f332ec3@group-FC87DB4793F9:t1, leader=967749f5-60f8-4775-800f-ac118f332ec3, voted=967749f5-60f8-4775-800f-ac118f332ec3, raftlog=967749f5-60f8-4775-800f-ac118f332ec3@group-FC87DB4793F9-SegmentedRaftLog:OPENED:c-1,f-1,i0, conf=0: [967749f5-60f8-4775-800f-ac118f332ec3:192.168.34.20:39594], old=null RUNNING
2019-11-13 21:46:56,573 [grpc-default-executor-5] INFO  impl.RaftServerImpl (RaftServerImpl.java:lambda$shutdown$3(250)) - 967749f5-60f8-4775-800f-ac118f332ec3@group-FC87DB4793F9: shutdown
2019-11-13 21:46:56,573 [grpc-default-executor-5] INFO  util.JmxRegister (JmxRegister.java:unregister(73)) - Successfully un-registered JMX Bean with object name Ratis:service=RaftServer,group=group-FC87DB4793F9,id=967749f5-60f8-4775-800f-ac118f332ec3
2019-11-13 21:46:56,573 [grpc-default-executor-5] INFO  impl.RoleInfo (RoleInfo.java:shutdownLeaderState(104)) - 967749f5-60f8-4775-800f-ac118f332ec3: shutdown LeaderState
2019-11-13 21:46:56,573 [grpc-default-executor-5] INFO  impl.PendingRequests (PendingRequests.java:sendNotLeaderResponses(206)) - 967749f5-60f8-4775-800f-ac118f332ec3@group-FC87DB4793F9-PendingRequests: sendNotLeaderResponses
2019-11-13 21:46:56,573 [grpc-default-executor-5] INFO  impl.StateMachineUpdater (StateMachineUpdater.java:stopAndJoin(136)) - 967749f5-60f8-4775-800f-ac118f332ec3@group-FC87DB4793F9-StateMachineUpdater: set stopIndex = -1
2019-11-13 21:46:56,573 [grpc-default-executor-5] INFO  impl.RaftServerImpl (ServerState.java:close(387)) - 967749f5-60f8-4775-800f-ac118f332ec3@group-FC87DB4793F9: closes. applyIndex: -1
2019-11-13 21:46:56,573 [967749f5-60f8-4775-800f-ac118f332ec3@group-FC87DB4793F9-SegmentedRaftLogWorker] INFO  segmented.SegmentedRaftLogWorker (SegmentedRaftLogWorker.java:run(316)) - 967749f5-60f8-4775-800f-ac118f332ec3@group-FC87DB4793F9-SegmentedRaftLogWorker was interrupted, exiting. There are 0 tasks remaining in the queue.
2019-11-13 21:46:56,574 [grpc-default-executor-5] INFO  segmented.SegmentedRaftLogWorker (SegmentedRaftLogWorker.java:close(224)) - 967749f5-60f8-4775-800f-ac118f332ec3@group-FC87DB4793F9-SegmentedRaftLogWorker close()
2019-11-13 21:46:56,581 [grpc-default-executor-5] INFO  impl.RaftServerProxy (RaftServerProxy.java:remove(95)) - 967749f5-60f8-4775-800f-ac118f332ec3: remove    LEADER 967749f5-60f8-4775-800f-ac118f332ec3@group-622AF9E17E76:t1, leader=967749f5-60f8-4775-800f-ac118f332ec3, voted=967749f5-60f8-4775-800f-ac118f332ec3, raftlog=967749f5-60f8-4775-800f-ac118f332ec3@group-622AF9E17E76-SegmentedRaftLog:OPENED:c0,f0,i0, conf=0: [967749f5-60f8-4775-800f-ac118f332ec3:192.168.34.20:39594], old=null RUNNING
2019-11-13 21:46:56,581 [grpc-default-executor-5] INFO  impl.RaftServerImpl (RaftServerImpl.java:lambda$shutdown$3(250)) - 967749f5-60f8-4775-800f-ac118f332ec3@group-622AF9E17E76: shutdown
2019-11-13 21:46:56,581 [grpc-default-executor-5] INFO  util.JmxRegister (JmxRegister.java:unregister(73)) - Successfully un-registered JMX Bean with object name Ratis:service=RaftServer,group=group-622AF9E17E76,id=967749f5-60f8-4775-800f-ac118f332ec3
2019-11-13 21:46:56,581 [grpc-default-executor-5] INFO  impl.RoleInfo (RoleInfo.java:shutdownLeaderState(104)) - 967749f5-60f8-4775-800f-ac118f332ec3: shutdown LeaderState
2019-11-13 21:46:56,581 [grpc-default-executor-5] INFO  impl.PendingRequests (PendingRequests.java:sendNotLeaderResponses(206)) - 967749f5-60f8-4775-800f-ac118f332ec3@group-622AF9E17E76-PendingRequests: sendNotLeaderResponses
2019-11-13 21:46:56,581 [grpc-default-executor-5] INFO  impl.StateMachineUpdater (StateMachineUpdater.java:stopAndJoin(136)) - 967749f5-60f8-4775-800f-ac118f332ec3@group-622AF9E17E76-StateMachineUpdater: set stopIndex = 0
2019-11-13 21:46:56,582 [grpc-default-executor-5] INFO  impl.RaftServerImpl (ServerState.java:close(387)) - 967749f5-60f8-4775-800f-ac118f332ec3@group-622AF9E17E76: closes. applyIndex: 0
2019-11-13 21:46:56,582 [967749f5-60f8-4775-800f-ac118f332ec3@group-622AF9E17E76-SegmentedRaftLogWorker] INFO  segmented.SegmentedRaftLogWorker (SegmentedRaftLogWorker.java:run(316)) - 967749f5-60f8-4775-800f-ac118f332ec3@group-622AF9E17E76-SegmentedRaftLogWorker was interrupted, exiting. There are 0 tasks remaining in the queue.
2019-11-13 21:46:56,583 [grpc-default-executor-5] INFO  segmented.SegmentedRaftLogWorker (SegmentedRaftLogWorker.java:close(224)) - 967749f5-60f8-4775-800f-ac118f332ec3@group-622AF9E17E76-SegmentedRaftLogWorker close()
2019-11-13 21:46:56,586 [Thread-748] INFO  utils.BackgroundService (BackgroundService.java:shutdown(151)) - Shutting down service BlockDeletingService
2019-11-13 21:46:56,588 [Thread-748] INFO  statemachine.DatanodeStateMachine (DatanodeStateMachine.java:stopDaemon(395)) - Ozone container server stopped.
2019-11-13 21:46:56,589 [ForkJoinPool.commonPool-worker-0] INFO  utils.BackgroundService (BackgroundService.java:shutdown(151)) - Shutting down service BlockDeletingService
2019-11-13 21:46:56,591 [ForkJoinPool.commonPool-worker-0] INFO  statemachine.DatanodeStateMachine (DatanodeStateMachine.java:stopDaemon(395)) - Ozone container server stopped.
2019-11-13 21:46:56,593 [grpc-default-executor-5] INFO  impl.RaftServerProxy (RaftServerProxy.java:remove(95)) - 967749f5-60f8-4775-800f-ac118f332ec3: remove    LEADER 967749f5-60f8-4775-800f-ac118f332ec3@group-7C70ED9FCAA5:t1, leader=967749f5-60f8-4775-800f-ac118f332ec3, voted=967749f5-60f8-4775-800f-ac118f332ec3, raftlog=967749f5-60f8-4775-800f-ac118f332ec3@group-7C70ED9FCAA5-SegmentedRaftLog:OPENED:c0,f0,i0, conf=0: [967749f5-60f8-4775-800f-ac118f332ec3:192.168.34.20:39594], old=null RUNNING
2019-11-13 21:46:56,593 [grpc-default-executor-5] INFO  impl.RaftServerImpl (RaftServerImpl.java:lambda$shutdown$3(250)) - 967749f5-60f8-4775-800f-ac118f332ec3@group-7C70ED9FCAA5: shutdown
2019-11-13 21:46:56,594 [grpc-default-executor-5] INFO  util.JmxRegister (JmxRegister.java:unregister(73)) - Successfully un-registered JMX Bean with object name Ratis:service=RaftServer,group=group-7C70ED9FCAA5,id=967749f5-60f8-4775-800f-ac118f332ec3
2019-11-13 21:46:56,594 [grpc-default-executor-5] INFO  impl.RoleInfo (RoleInfo.java:shutdownLeaderState(104)) - 967749f5-60f8-4775-800f-ac118f332ec3: shutdown LeaderState
2019-11-13 21:46:56,594 [grpc-default-executor-5] INFO  impl.PendingRequests (PendingRequests.java:sendNotLeaderResponses(206)) - 967749f5-60f8-4775-800f-ac118f332ec3@group-7C70ED9FCAA5-PendingRequests: sendNotLeaderResponses
2019-11-13 21:46:56,594 [grpc-default-executor-5] INFO  impl.StateMachineUpdater (StateMachineUpdater.java:stopAndJoin(136)) - 967749f5-60f8-4775-800f-ac118f332ec3@group-7C70ED9FCAA5-StateMachineUpdater: set stopIndex = 0
2019-11-13 21:46:56,594 [grpc-default-executor-5] INFO  impl.RaftServerImpl (ServerState.java:close(387)) - 967749f5-60f8-4775-800f-ac118f332ec3@group-7C70ED9FCAA5: closes. applyIndex: 0
2019-11-13 21:46:56,595 [967749f5-60f8-4775-800f-ac118f332ec3@group-7C70ED9FCAA5-SegmentedRaftLogWorker] INFO  segmented.SegmentedRaftLogWorker (SegmentedRaftLogWorker.java:run(316)) - 967749f5-60f8-4775-800f-ac118f332ec3@group-7C70ED9FCAA5-SegmentedRaftLogWorker was interrupted, exiting. There are 0 tasks remaining in the queue.
2019-11-13 21:46:56,595 [grpc-default-executor-5] INFO  segmented.SegmentedRaftLogWorker (SegmentedRaftLogWorker.java:close(224)) - 967749f5-60f8-4775-800f-ac118f332ec3@group-7C70ED9FCAA5-SegmentedRaftLogWorker close()
2019-11-13 21:46:56,598 [Thread-748] INFO  handler.ContextHandler (ContextHandler.java:doStop(910)) - Stopped o.e.j.w.WebAppContext@61dbf2fe{/,null,UNAVAILABLE}{/hddsDatanode}
2019-11-13 21:46:56,598 [Thread-748] INFO  server.AbstractConnector (AbstractConnector.java:doStop(318)) - Stopped ServerConnector@6150b93d{HTTP/1.1,[http/1.1]}{0.0.0.0:0}
2019-11-13 21:46:56,598 [Thread-748] INFO  handler.ContextHandler (ContextHandler.java:doStop(910)) - Stopped o.e.j.s.ServletContextHandler@45dfff57{/static,jar:file:/home/user/.m2/repository/org/apache/hadoop/hadoop-hdds-container-service/0.5.0-SNAPSHOT/hadoop-hdds-container-service-0.5.0-SNAPSHOT.jar!/webapps/static,UNAVAILABLE}
2019-11-13 21:46:56,599 [Thread-748] INFO  handler.ContextHandler (ContextHandler.java:doStop(910)) - Stopped o.e.j.s.ServletContextHandler@4616de29{/logs,file:///workdir/hadoop-ozone/ozonefs/target/log,UNAVAILABLE}
2019-11-13 21:46:56,602 [grpc-default-executor-5] INFO  impl.RaftServerProxy (RaftServerProxy.java:remove(95)) - 967749f5-60f8-4775-800f-ac118f332ec3: remove group-6A029FC062B8:null
2019-11-13 21:46:56,613 [ForkJoinPool.commonPool-worker-0] INFO  handler.ContextHandler (ContextHandler.java:doStop(910)) - Stopped o.e.j.w.WebAppContext@1e6fdee7{/,null,UNAVAILABLE}{/hddsDatanode}
2019-11-13 21:46:56,613 [ForkJoinPool.commonPool-worker-0] INFO  server.AbstractConnector (AbstractConnector.java:doStop(318)) - Stopped ServerConnector@23a2daaf{HTTP/1.1,[http/1.1]}{0.0.0.0:0}
2019-11-13 21:46:56,614 [ForkJoinPool.commonPool-worker-0] INFO  handler.ContextHandler (ContextHandler.java:doStop(910)) - Stopped o.e.j.s.ServletContextHandler@6b958138{/static,jar:file:/home/user/.m2/repository/org/apache/hadoop/hadoop-hdds-container-service/0.5.0-SNAPSHOT/hadoop-hdds-container-service-0.5.0-SNAPSHOT.jar!/webapps/static,UNAVAILABLE}
2019-11-13 21:46:56,615 [ForkJoinPool.commonPool-worker-0] INFO  handler.ContextHandler (ContextHandler.java:doStop(910)) - Stopped o.e.j.s.ServletContextHandler@14ae3c61{/logs,file:///workdir/hadoop-ozone/ozonefs/target/log,UNAVAILABLE}
2019-11-13 21:46:56,643 [EventQueue-PipelineReportForPipelineReportHandler] ERROR pipeline.PipelineReportHandler (PipelineReportHandler.java:onMessage(81)) - Could not process pipeline report=pipelineID {
  id: "da7790d2-83dc-4898-85e8-6a029fc062b8"
}
isLeader: false
 from dn=967749f5-60f8-4775-800f-ac118f332ec3{ip: 192.168.34.20, host: pr-hdds-2470-fxbl9-3826649461, networkLocation: /default-rack, certSerialId: null} {}
org.apache.ratis.protocol.GroupMismatchException: 967749f5-60f8-4775-800f-ac118f332ec3: Group group-6A029FC062B8 not found.
	at org.apache.ratis.server.impl.RaftServerProxy.groupRemoveAsync(RaftServerProxy.java:402)
	at org.apache.ratis.server.impl.RaftServerProxy.groupManagementAsync(RaftServerProxy.java:367)
	at org.apache.ratis.grpc.server.GrpcAdminProtocolService.lambda$groupManagement$0(GrpcAdminProtocolService.java:42)
	at org.apache.ratis.grpc.GrpcUtil.asyncCall(GrpcUtil.java:140)
	at org.apache.ratis.grpc.server.GrpcAdminProtocolService.groupManagement(GrpcAdminProtocolService.java:42)
	at org.apache.ratis.proto.grpc.AdminProtocolServiceGrpc$MethodHandlers.invoke(AdminProtocolServiceGrpc.java:361)
	at org.apache.ratis.thirdparty.io.grpc.stub.ServerCalls$UnaryServerCallHandler$UnaryServerCallListener.onHalfClose(ServerCalls.java:171)
	at org.apache.ratis.thirdparty.io.grpc.internal.ServerCallImpl$ServerStreamListenerImpl.halfClosed(ServerCallImpl.java:283)
	at org.apache.ratis.thirdparty.io.grpc.internal.ServerImpl$JumpToApplicationThreadServerStreamListener$1HalfClosed.runInContext(ServerImpl.java:710)
	at org.apache.ratis.thirdparty.io.grpc.internal.ContextRunnable.run(ContextRunnable.java:37)
	at org.apache.ratis.thirdparty.io.grpc.internal.SerializingExecutor.run(SerializingExecutor.java:123)
	at java.util.concurrent.ThreadPoolExecutor.runWorker(ThreadPoolExecutor.java:1149)
	at java.util.concurrent.ThreadPoolExecutor$Worker.run(ThreadPoolExecutor.java:624)
	at java.lang.Thread.run(Thread.java:748)
2019-11-13 21:46:56,648 [grpc-default-executor-5] INFO  impl.RaftServerProxy (RaftServerProxy.java:remove(95)) - 967749f5-60f8-4775-800f-ac118f332ec3: remove group-2670078F4BD4:null
2019-11-13 21:46:56,656 [EventQueue-PipelineReportForPipelineReportHandler] ERROR pipeline.PipelineReportHandler (PipelineReportHandler.java:onMessage(81)) - Could not process pipeline report=pipelineID {
  id: "57591723-27fa-47b6-b2cb-2670078f4bd4"
}
isLeader: false
 from dn=967749f5-60f8-4775-800f-ac118f332ec3{ip: 192.168.34.20, host: pr-hdds-2470-fxbl9-3826649461, networkLocation: /default-rack, certSerialId: null} {}
org.apache.ratis.protocol.GroupMismatchException: 967749f5-60f8-4775-800f-ac118f332ec3: Group group-2670078F4BD4 not found.
	at org.apache.ratis.server.impl.RaftServerProxy.groupRemoveAsync(RaftServerProxy.java:402)
	at org.apache.ratis.server.impl.RaftServerProxy.groupManagementAsync(RaftServerProxy.java:367)
	at org.apache.ratis.grpc.server.GrpcAdminProtocolService.lambda$groupManagement$0(GrpcAdminProtocolService.java:42)
	at org.apache.ratis.grpc.GrpcUtil.asyncCall(GrpcUtil.java:140)
	at org.apache.ratis.grpc.server.GrpcAdminProtocolService.groupManagement(GrpcAdminProtocolService.java:42)
	at org.apache.ratis.proto.grpc.AdminProtocolServiceGrpc$MethodHandlers.invoke(AdminProtocolServiceGrpc.java:361)
	at org.apache.ratis.thirdparty.io.grpc.stub.ServerCalls$UnaryServerCallHandler$UnaryServerCallListener.onHalfClose(ServerCalls.java:171)
	at org.apache.ratis.thirdparty.io.grpc.internal.ServerCallImpl$ServerStreamListenerImpl.halfClosed(ServerCallImpl.java:283)
	at org.apache.ratis.thirdparty.io.grpc.internal.ServerImpl$JumpToApplicationThreadServerStreamListener$1HalfClosed.runInContext(ServerImpl.java:710)
	at org.apache.ratis.thirdparty.io.grpc.internal.ContextRunnable.run(ContextRunnable.java:37)
	at org.apache.ratis.thirdparty.io.grpc.internal.SerializingExecutor.run(SerializingExecutor.java:123)
	at java.util.concurrent.ThreadPoolExecutor.runWorker(ThreadPoolExecutor.java:1149)
	at java.util.concurrent.ThreadPoolExecutor$Worker.run(ThreadPoolExecutor.java:624)
	at java.lang.Thread.run(Thread.java:748)
2019-11-13 21:46:56,660 [grpc-default-executor-5] INFO  impl.RaftServerProxy (RaftServerProxy.java:remove(95)) - 967749f5-60f8-4775-800f-ac118f332ec3: remove group-FC87DB4793F9:null
2019-11-13 21:46:56,667 [EventQueue-PipelineReportForPipelineReportHandler] ERROR pipeline.PipelineReportHandler (PipelineReportHandler.java:onMessage(81)) - Could not process pipeline report=pipelineID {
  id: "3044f0ae-3d19-4f0e-9ef8-fc87db4793f9"
}
isLeader: false
 from dn=967749f5-60f8-4775-800f-ac118f332ec3{ip: 192.168.34.20, host: pr-hdds-2470-fxbl9-3826649461, networkLocation: /default-rack, certSerialId: null} {}
org.apache.ratis.protocol.GroupMismatchException: 967749f5-60f8-4775-800f-ac118f332ec3: Group group-FC87DB4793F9 not found.
	at org.apache.ratis.server.impl.RaftServerProxy.groupRemoveAsync(RaftServerProxy.java:402)
	at org.apache.ratis.server.impl.RaftServerProxy.groupManagementAsync(RaftServerProxy.java:367)
	at org.apache.ratis.grpc.server.GrpcAdminProtocolService.lambda$groupManagement$0(GrpcAdminProtocolService.java:42)
	at org.apache.ratis.grpc.GrpcUtil.asyncCall(GrpcUtil.java:140)
	at org.apache.ratis.grpc.server.GrpcAdminProtocolService.groupManagement(GrpcAdminProtocolService.java:42)
	at org.apache.ratis.proto.grpc.AdminProtocolServiceGrpc$MethodHandlers.invoke(AdminProtocolServiceGrpc.java:361)
	at org.apache.ratis.thirdparty.io.grpc.stub.ServerCalls$UnaryServerCallHandler$UnaryServerCallListener.onHalfClose(ServerCalls.java:171)
	at org.apache.ratis.thirdparty.io.grpc.internal.ServerCallImpl$ServerStreamListenerImpl.halfClosed(ServerCallImpl.java:283)
	at org.apache.ratis.thirdparty.io.grpc.internal.ServerImpl$JumpToApplicationThreadServerStreamListener$1HalfClosed.runInContext(ServerImpl.java:710)
	at org.apache.ratis.thirdparty.io.grpc.internal.ContextRunnable.run(ContextRunnable.java:37)
	at org.apache.ratis.thirdparty.io.grpc.internal.SerializingExecutor.run(SerializingExecutor.java:123)
	at java.util.concurrent.ThreadPoolExecutor.runWorker(ThreadPoolExecutor.java:1149)
	at java.util.concurrent.ThreadPoolExecutor$Worker.run(ThreadPoolExecutor.java:624)
	at java.lang.Thread.run(Thread.java:748)
2019-11-13 21:46:56,673 [grpc-default-executor-5] INFO  impl.RaftServerProxy (RaftServerProxy.java:remove(95)) - 967749f5-60f8-4775-800f-ac118f332ec3: remove group-622AF9E17E76:null
2019-11-13 21:46:56,678 [EventQueue-PipelineReportForPipelineReportHandler] ERROR pipeline.PipelineReportHandler (PipelineReportHandler.java:onMessage(81)) - Could not process pipeline report=pipelineID {
  id: "56a28343-0918-4675-98ec-622af9e17e76"
}
isLeader: true
 from dn=967749f5-60f8-4775-800f-ac118f332ec3{ip: 192.168.34.20, host: pr-hdds-2470-fxbl9-3826649461, networkLocation: /default-rack, certSerialId: null} {}
org.apache.ratis.protocol.GroupMismatchException: 967749f5-60f8-4775-800f-ac118f332ec3: Group group-622AF9E17E76 not found.
	at org.apache.ratis.server.impl.RaftServerProxy.groupRemoveAsync(RaftServerProxy.java:402)
	at org.apache.ratis.server.impl.RaftServerProxy.groupManagementAsync(RaftServerProxy.java:367)
	at org.apache.ratis.grpc.server.GrpcAdminProtocolService.lambda$groupManagement$0(GrpcAdminProtocolService.java:42)
	at org.apache.ratis.grpc.GrpcUtil.asyncCall(GrpcUtil.java:140)
	at org.apache.ratis.grpc.server.GrpcAdminProtocolService.groupManagement(GrpcAdminProtocolService.java:42)
	at org.apache.ratis.proto.grpc.AdminProtocolServiceGrpc$MethodHandlers.invoke(AdminProtocolServiceGrpc.java:361)
	at org.apache.ratis.thirdparty.io.grpc.stub.ServerCalls$UnaryServerCallHandler$UnaryServerCallListener.onHalfClose(ServerCalls.java:171)
	at org.apache.ratis.thirdparty.io.grpc.internal.ServerCallImpl$ServerStreamListenerImpl.halfClosed(ServerCallImpl.java:283)
	at org.apache.ratis.thirdparty.io.grpc.internal.ServerImpl$JumpToApplicationThreadServerStreamListener$1HalfClosed.runInContext(ServerImpl.java:710)
	at org.apache.ratis.thirdparty.io.grpc.internal.ContextRunnable.run(ContextRunnable.java:37)
	at org.apache.ratis.thirdparty.io.grpc.internal.SerializingExecutor.run(SerializingExecutor.java:123)
	at java.util.concurrent.ThreadPoolExecutor.runWorker(ThreadPoolExecutor.java:1149)
	at java.util.concurrent.ThreadPoolExecutor$Worker.run(ThreadPoolExecutor.java:624)
	at java.lang.Thread.run(Thread.java:748)
2019-11-13 21:46:56,682 [grpc-default-executor-5] INFO  impl.RaftServerProxy (RaftServerProxy.java:remove(95)) - 967749f5-60f8-4775-800f-ac118f332ec3: remove group-7C70ED9FCAA5:null
2019-11-13 21:46:56,687 [EventQueue-PipelineReportForPipelineReportHandler] ERROR pipeline.PipelineReportHandler (PipelineReportHandler.java:onMessage(81)) - Could not process pipeline report=pipelineID {
  id: "ff0d8bf2-1344-483b-8ca5-7c70ed9fcaa5"
}
isLeader: true
 from dn=967749f5-60f8-4775-800f-ac118f332ec3{ip: 192.168.34.20, host: pr-hdds-2470-fxbl9-3826649461, networkLocation: /default-rack, certSerialId: null} {}
org.apache.ratis.protocol.GroupMismatchException: 967749f5-60f8-4775-800f-ac118f332ec3: Group group-7C70ED9FCAA5 not found.
	at org.apache.ratis.server.impl.RaftServerProxy.groupRemoveAsync(RaftServerProxy.java:402)
	at org.apache.ratis.server.impl.RaftServerProxy.groupManagementAsync(RaftServerProxy.java:367)
	at org.apache.ratis.grpc.server.GrpcAdminProtocolService.lambda$groupManagement$0(GrpcAdminProtocolService.java:42)
	at org.apache.ratis.grpc.GrpcUtil.asyncCall(GrpcUtil.java:140)
	at org.apache.ratis.grpc.server.GrpcAdminProtocolService.groupManagement(GrpcAdminProtocolService.java:42)
	at org.apache.ratis.proto.grpc.AdminProtocolServiceGrpc$MethodHandlers.invoke(AdminProtocolServiceGrpc.java:361)
	at org.apache.ratis.thirdparty.io.grpc.stub.ServerCalls$UnaryServerCallHandler$UnaryServerCallListener.onHalfClose(ServerCalls.java:171)
	at org.apache.ratis.thirdparty.io.grpc.internal.ServerCallImpl$ServerStreamListenerImpl.halfClosed(ServerCallImpl.java:283)
	at org.apache.ratis.thirdparty.io.grpc.internal.ServerImpl$JumpToApplicationThreadServerStreamListener$1HalfClosed.runInContext(ServerImpl.java:710)
	at org.apache.ratis.thirdparty.io.grpc.internal.ContextRunnable.run(ContextRunnable.java:37)
	at org.apache.ratis.thirdparty.io.grpc.internal.SerializingExecutor.run(SerializingExecutor.java:123)
	at java.util.concurrent.ThreadPoolExecutor.runWorker(ThreadPoolExecutor.java:1149)
	at java.util.concurrent.ThreadPoolExecutor$Worker.run(ThreadPoolExecutor.java:624)
	at java.lang.Thread.run(Thread.java:748)
2019-11-13 21:46:56,690 [grpc-default-executor-5] INFO  impl.RaftServerProxy (RaftServerProxy.java:remove(95)) - 967749f5-60f8-4775-800f-ac118f332ec3: remove group-2670078F4BD4:null
2019-11-13 21:46:56,695 [EventQueue-PipelineReportForPipelineReportHandler] ERROR pipeline.PipelineReportHandler (PipelineReportHandler.java:onMessage(81)) - Could not process pipeline report=pipelineID {
  id: "57591723-27fa-47b6-b2cb-2670078f4bd4"
}
isLeader: true
 from dn=967749f5-60f8-4775-800f-ac118f332ec3{ip: 192.168.34.20, host: pr-hdds-2470-fxbl9-3826649461, networkLocation: /default-rack, certSerialId: null} {}
org.apache.ratis.protocol.GroupMismatchException: 967749f5-60f8-4775-800f-ac118f332ec3: Group group-2670078F4BD4 not found.
	at org.apache.ratis.server.impl.RaftServerProxy.groupRemoveAsync(RaftServerProxy.java:402)
	at org.apache.ratis.server.impl.RaftServerProxy.groupManagementAsync(RaftServerProxy.java:367)
	at org.apache.ratis.grpc.server.GrpcAdminProtocolService.lambda$groupManagement$0(GrpcAdminProtocolService.java:42)
	at org.apache.ratis.grpc.GrpcUtil.asyncCall(GrpcUtil.java:140)
	at org.apache.ratis.grpc.server.GrpcAdminProtocolService.groupManagement(GrpcAdminProtocolService.java:42)
	at org.apache.ratis.proto.grpc.AdminProtocolServiceGrpc$MethodHandlers.invoke(AdminProtocolServiceGrpc.java:361)
	at org.apache.ratis.thirdparty.io.grpc.stub.ServerCalls$UnaryServerCallHandler$UnaryServerCallListener.onHalfClose(ServerCalls.java:171)
	at org.apache.ratis.thirdparty.io.grpc.internal.ServerCallImpl$ServerStreamListenerImpl.halfClosed(ServerCallImpl.java:283)
	at org.apache.ratis.thirdparty.io.grpc.internal.ServerImpl$JumpToApplicationThreadServerStreamListener$1HalfClosed.runInContext(ServerImpl.java:710)
	at org.apache.ratis.thirdparty.io.grpc.internal.ContextRunnable.run(ContextRunnable.java:37)
	at org.apache.ratis.thirdparty.io.grpc.internal.SerializingExecutor.run(SerializingExecutor.java:123)
	at java.util.concurrent.ThreadPoolExecutor.runWorker(ThreadPoolExecutor.java:1149)
	at java.util.concurrent.ThreadPoolExecutor$Worker.run(ThreadPoolExecutor.java:624)
	at java.lang.Thread.run(Thread.java:748)
2019-11-13 21:46:56,698 [grpc-default-executor-5] INFO  impl.RaftServerProxy (RaftServerProxy.java:remove(95)) - 967749f5-60f8-4775-800f-ac118f332ec3: remove group-FC87DB4793F9:null
2019-11-13 21:46:56,704 [EventQueue-PipelineReportForPipelineReportHandler] ERROR pipeline.PipelineReportHandler (PipelineReportHandler.java:onMessage(81)) - Could not process pipeline report=pipelineID {
  id: "3044f0ae-3d19-4f0e-9ef8-fc87db4793f9"
}
isLeader: false
 from dn=967749f5-60f8-4775-800f-ac118f332ec3{ip: 192.168.34.20, host: pr-hdds-2470-fxbl9-3826649461, networkLocation: /default-rack, certSerialId: null} {}
org.apache.ratis.protocol.GroupMismatchException: 967749f5-60f8-4775-800f-ac118f332ec3: Group group-FC87DB4793F9 not found.
	at org.apache.ratis.server.impl.RaftServerProxy.groupRemoveAsync(RaftServerProxy.java:402)
	at org.apache.ratis.server.impl.RaftServerProxy.groupManagementAsync(RaftServerProxy.java:367)
	at org.apache.ratis.grpc.server.GrpcAdminProtocolService.lambda$groupManagement$0(GrpcAdminProtocolService.java:42)
	at org.apache.ratis.grpc.GrpcUtil.asyncCall(GrpcUtil.java:140)
	at org.apache.ratis.grpc.server.GrpcAdminProtocolService.groupManagement(GrpcAdminProtocolService.java:42)
	at org.apache.ratis.proto.grpc.AdminProtocolServiceGrpc$MethodHandlers.invoke(AdminProtocolServiceGrpc.java:361)
	at org.apache.ratis.thirdparty.io.grpc.stub.ServerCalls$UnaryServerCallHandler$UnaryServerCallListener.onHalfClose(ServerCalls.java:171)
	at org.apache.ratis.thirdparty.io.grpc.internal.ServerCallImpl$ServerStreamListenerImpl.halfClosed(ServerCallImpl.java:283)
	at org.apache.ratis.thirdparty.io.grpc.internal.ServerImpl$JumpToApplicationThreadServerStreamListener$1HalfClosed.runInContext(ServerImpl.java:710)
	at org.apache.ratis.thirdparty.io.grpc.internal.ContextRunnable.run(ContextRunnable.java:37)
	at org.apache.ratis.thirdparty.io.grpc.internal.SerializingExecutor.run(SerializingExecutor.java:123)
	at java.util.concurrent.ThreadPoolExecutor.runWorker(ThreadPoolExecutor.java:1149)
	at java.util.concurrent.ThreadPoolExecutor$Worker.run(ThreadPoolExecutor.java:624)
	at java.lang.Thread.run(Thread.java:748)
2019-11-13 21:46:56,707 [grpc-default-executor-5] INFO  impl.RaftServerProxy (RaftServerProxy.java:remove(95)) - 967749f5-60f8-4775-800f-ac118f332ec3: remove group-622AF9E17E76:null
2019-11-13 21:46:56,712 [EventQueue-PipelineReportForPipelineReportHandler] ERROR pipeline.PipelineReportHandler (PipelineReportHandler.java:onMessage(81)) - Could not process pipeline report=pipelineID {
  id: "56a28343-0918-4675-98ec-622af9e17e76"
}
isLeader: true
 from dn=967749f5-60f8-4775-800f-ac118f332ec3{ip: 192.168.34.20, host: pr-hdds-2470-fxbl9-3826649461, networkLocation: /default-rack, certSerialId: null} {}
org.apache.ratis.protocol.GroupMismatchException: 967749f5-60f8-4775-800f-ac118f332ec3: Group group-622AF9E17E76 not found.
	at org.apache.ratis.server.impl.RaftServerProxy.groupRemoveAsync(RaftServerProxy.java:402)
	at org.apache.ratis.server.impl.RaftServerProxy.groupManagementAsync(RaftServerProxy.java:367)
	at org.apache.ratis.grpc.server.GrpcAdminProtocolService.lambda$groupManagement$0(GrpcAdminProtocolService.java:42)
	at org.apache.ratis.grpc.GrpcUtil.asyncCall(GrpcUtil.java:140)
	at org.apache.ratis.grpc.server.GrpcAdminProtocolService.groupManagement(GrpcAdminProtocolService.java:42)
	at org.apache.ratis.proto.grpc.AdminProtocolServiceGrpc$MethodHandlers.invoke(AdminProtocolServiceGrpc.java:361)
	at org.apache.ratis.thirdparty.io.grpc.stub.ServerCalls$UnaryServerCallHandler$UnaryServerCallListener.onHalfClose(ServerCalls.java:171)
	at org.apache.ratis.thirdparty.io.grpc.internal.ServerCallImpl$ServerStreamListenerImpl.halfClosed(ServerCallImpl.java:283)
	at org.apache.ratis.thirdparty.io.grpc.internal.ServerImpl$JumpToApplicationThreadServerStreamListener$1HalfClosed.runInContext(ServerImpl.java:710)
	at org.apache.ratis.thirdparty.io.grpc.internal.ContextRunnable.run(ContextRunnable.java:37)
	at org.apache.ratis.thirdparty.io.grpc.internal.SerializingExecutor.run(SerializingExecutor.java:123)
	at java.util.concurrent.ThreadPoolExecutor.runWorker(ThreadPoolExecutor.java:1149)
	at java.util.concurrent.ThreadPoolExecutor$Worker.run(ThreadPoolExecutor.java:624)
	at java.lang.Thread.run(Thread.java:748)
2019-11-13 21:46:56,715 [grpc-default-executor-5] INFO  impl.RaftServerProxy (RaftServerProxy.java:remove(95)) - 967749f5-60f8-4775-800f-ac118f332ec3: remove group-7C70ED9FCAA5:null
2019-11-13 21:46:56,719 [EventQueue-PipelineReportForPipelineReportHandler] ERROR pipeline.PipelineReportHandler (PipelineReportHandler.java:onMessage(81)) - Could not process pipeline report=pipelineID {
  id: "ff0d8bf2-1344-483b-8ca5-7c70ed9fcaa5"
}
isLeader: true
 from dn=967749f5-60f8-4775-800f-ac118f332ec3{ip: 192.168.34.20, host: pr-hdds-2470-fxbl9-3826649461, networkLocation: /default-rack, certSerialId: null} {}
org.apache.ratis.protocol.GroupMismatchException: 967749f5-60f8-4775-800f-ac118f332ec3: Group group-7C70ED9FCAA5 not found.
	at org.apache.ratis.server.impl.RaftServerProxy.groupRemoveAsync(RaftServerProxy.java:402)
	at org.apache.ratis.server.impl.RaftServerProxy.groupManagementAsync(RaftServerProxy.java:367)
	at org.apache.ratis.grpc.server.GrpcAdminProtocolService.lambda$groupManagement$0(GrpcAdminProtocolService.java:42)
	at org.apache.ratis.grpc.GrpcUtil.asyncCall(GrpcUtil.java:140)
	at org.apache.ratis.grpc.server.GrpcAdminProtocolService.groupManagement(GrpcAdminProtocolService.java:42)
	at org.apache.ratis.proto.grpc.AdminProtocolServiceGrpc$MethodHandlers.invoke(AdminProtocolServiceGrpc.java:361)
	at org.apache.ratis.thirdparty.io.grpc.stub.ServerCalls$UnaryServerCallHandler$UnaryServerCallListener.onHalfClose(ServerCalls.java:171)
	at org.apache.ratis.thirdparty.io.grpc.internal.ServerCallImpl$ServerStreamListenerImpl.halfClosed(ServerCallImpl.java:283)
	at org.apache.ratis.thirdparty.io.grpc.internal.ServerImpl$JumpToApplicationThreadServerStreamListener$1HalfClosed.runInContext(ServerImpl.java:710)
	at org.apache.ratis.thirdparty.io.grpc.internal.ContextRunnable.run(ContextRunnable.java:37)
	at org.apache.ratis.thirdparty.io.grpc.internal.SerializingExecutor.run(SerializingExecutor.java:123)
	at java.util.concurrent.ThreadPoolExecutor.runWorker(ThreadPoolExecutor.java:1149)
	at java.util.concurrent.ThreadPoolExecutor$Worker.run(ThreadPoolExecutor.java:624)
	at java.lang.Thread.run(Thread.java:748)
2019-11-13 21:46:56,722 [grpc-default-executor-5] INFO  impl.RaftServerProxy (RaftServerProxy.java:remove(95)) - 967749f5-60f8-4775-800f-ac118f332ec3: remove group-2670078F4BD4:null
2019-11-13 21:46:56,726 [EventQueue-PipelineReportForPipelineReportHandler] ERROR pipeline.PipelineReportHandler (PipelineReportHandler.java:onMessage(81)) - Could not process pipeline report=pipelineID {
  id: "57591723-27fa-47b6-b2cb-2670078f4bd4"
}
isLeader: true
 from dn=967749f5-60f8-4775-800f-ac118f332ec3{ip: 192.168.34.20, host: pr-hdds-2470-fxbl9-3826649461, networkLocation: /default-rack, certSerialId: null} {}
org.apache.ratis.protocol.GroupMismatchException: 967749f5-60f8-4775-800f-ac118f332ec3: Group group-2670078F4BD4 not found.
	at org.apache.ratis.server.impl.RaftServerProxy.groupRemoveAsync(RaftServerProxy.java:402)
	at org.apache.ratis.server.impl.RaftServerProxy.groupManagementAsync(RaftServerProxy.java:367)
	at org.apache.ratis.grpc.server.GrpcAdminProtocolService.lambda$groupManagement$0(GrpcAdminProtocolService.java:42)
	at org.apache.ratis.grpc.GrpcUtil.asyncCall(GrpcUtil.java:140)
	at org.apache.ratis.grpc.server.GrpcAdminProtocolService.groupManagement(GrpcAdminProtocolService.java:42)
	at org.apache.ratis.proto.grpc.AdminProtocolServiceGrpc$MethodHandlers.invoke(AdminProtocolServiceGrpc.java:361)
	at org.apache.ratis.thirdparty.io.grpc.stub.ServerCalls$UnaryServerCallHandler$UnaryServerCallListener.onHalfClose(ServerCalls.java:171)
	at org.apache.ratis.thirdparty.io.grpc.internal.ServerCallImpl$ServerStreamListenerImpl.halfClosed(ServerCallImpl.java:283)
	at org.apache.ratis.thirdparty.io.grpc.internal.ServerImpl$JumpToApplicationThreadServerStreamListener$1HalfClosed.runInContext(ServerImpl.java:710)
	at org.apache.ratis.thirdparty.io.grpc.internal.ContextRunnable.run(ContextRunnable.java:37)
	at org.apache.ratis.thirdparty.io.grpc.internal.SerializingExecutor.run(SerializingExecutor.java:123)
	at java.util.concurrent.ThreadPoolExecutor.runWorker(ThreadPoolExecutor.java:1149)
	at java.util.concurrent.ThreadPoolExecutor$Worker.run(ThreadPoolExecutor.java:624)
	at java.lang.Thread.run(Thread.java:748)
2019-11-13 21:46:56,730 [grpc-default-executor-5] INFO  impl.RaftServerProxy (RaftServerProxy.java:remove(95)) - 967749f5-60f8-4775-800f-ac118f332ec3: remove group-FC87DB4793F9:null
2019-11-13 21:46:56,735 [EventQueue-PipelineReportForPipelineReportHandler] ERROR pipeline.PipelineReportHandler (PipelineReportHandler.java:onMessage(81)) - Could not process pipeline report=pipelineID {
  id: "3044f0ae-3d19-4f0e-9ef8-fc87db4793f9"
}
isLeader: true
 from dn=967749f5-60f8-4775-800f-ac118f332ec3{ip: 192.168.34.20, host: pr-hdds-2470-fxbl9-3826649461, networkLocation: /default-rack, certSerialId: null} {}
org.apache.ratis.protocol.GroupMismatchException: 967749f5-60f8-4775-800f-ac118f332ec3: Group group-FC87DB4793F9 not found.
	at org.apache.ratis.server.impl.RaftServerProxy.groupRemoveAsync(RaftServerProxy.java:402)
	at org.apache.ratis.server.impl.RaftServerProxy.groupManagementAsync(RaftServerProxy.java:367)
	at org.apache.ratis.grpc.server.GrpcAdminProtocolService.lambda$groupManagement$0(GrpcAdminProtocolService.java:42)
	at org.apache.ratis.grpc.GrpcUtil.asyncCall(GrpcUtil.java:140)
	at org.apache.ratis.grpc.server.GrpcAdminProtocolService.groupManagement(GrpcAdminProtocolService.java:42)
	at org.apache.ratis.proto.grpc.AdminProtocolServiceGrpc$MethodHandlers.invoke(AdminProtocolServiceGrpc.java:361)
	at org.apache.ratis.thirdparty.io.grpc.stub.ServerCalls$UnaryServerCallHandler$UnaryServerCallListener.onHalfClose(ServerCalls.java:171)
	at org.apache.ratis.thirdparty.io.grpc.internal.ServerCallImpl$ServerStreamListenerImpl.halfClosed(ServerCallImpl.java:283)
	at org.apache.ratis.thirdparty.io.grpc.internal.ServerImpl$JumpToApplicationThreadServerStreamListener$1HalfClosed.runInContext(ServerImpl.java:710)
	at org.apache.ratis.thirdparty.io.grpc.internal.ContextRunnable.run(ContextRunnable.java:37)
	at org.apache.ratis.thirdparty.io.grpc.internal.SerializingExecutor.run(SerializingExecutor.java:123)
	at java.util.concurrent.ThreadPoolExecutor.runWorker(ThreadPoolExecutor.java:1149)
	at java.util.concurrent.ThreadPoolExecutor$Worker.run(ThreadPoolExecutor.java:624)
	at java.lang.Thread.run(Thread.java:748)
2019-11-13 21:46:56,740 [grpc-default-executor-5] INFO  impl.RaftServerProxy (RaftServerProxy.java:remove(95)) - 967749f5-60f8-4775-800f-ac118f332ec3: remove group-622AF9E17E76:null
2019-11-13 21:46:56,746 [EventQueue-PipelineReportForPipelineReportHandler] ERROR pipeline.PipelineReportHandler (PipelineReportHandler.java:onMessage(81)) - Could not process pipeline report=pipelineID {
  id: "56a28343-0918-4675-98ec-622af9e17e76"
}
isLeader: true
 from dn=967749f5-60f8-4775-800f-ac118f332ec3{ip: 192.168.34.20, host: pr-hdds-2470-fxbl9-3826649461, networkLocation: /default-rack, certSerialId: null} {}
org.apache.ratis.protocol.GroupMismatchException: 967749f5-60f8-4775-800f-ac118f332ec3: Group group-622AF9E17E76 not found.
	at org.apache.ratis.server.impl.RaftServerProxy.groupRemoveAsync(RaftServerProxy.java:402)
	at org.apache.ratis.server.impl.RaftServerProxy.groupManagementAsync(RaftServerProxy.java:367)
	at org.apache.ratis.grpc.server.GrpcAdminProtocolService.lambda$groupManagement$0(GrpcAdminProtocolService.java:42)
	at org.apache.ratis.grpc.GrpcUtil.asyncCall(GrpcUtil.java:140)
	at org.apache.ratis.grpc.server.GrpcAdminProtocolService.groupManagement(GrpcAdminProtocolService.java:42)
	at org.apache.ratis.proto.grpc.AdminProtocolServiceGrpc$MethodHandlers.invoke(AdminProtocolServiceGrpc.java:361)
	at org.apache.ratis.thirdparty.io.grpc.stub.ServerCalls$UnaryServerCallHandler$UnaryServerCallListener.onHalfClose(ServerCalls.java:171)
	at org.apache.ratis.thirdparty.io.grpc.internal.ServerCallImpl$ServerStreamListenerImpl.halfClosed(ServerCallImpl.java:283)
	at org.apache.ratis.thirdparty.io.grpc.internal.ServerImpl$JumpToApplicationThreadServerStreamListener$1HalfClosed.runInContext(ServerImpl.java:710)
	at org.apache.ratis.thirdparty.io.grpc.internal.ContextRunnable.run(ContextRunnable.java:37)
	at org.apache.ratis.thirdparty.io.grpc.internal.SerializingExecutor.run(SerializingExecutor.java:123)
	at java.util.concurrent.ThreadPoolExecutor.runWorker(ThreadPoolExecutor.java:1149)
	at java.util.concurrent.ThreadPoolExecutor$Worker.run(ThreadPoolExecutor.java:624)
	at java.lang.Thread.run(Thread.java:748)
2019-11-13 21:46:56,750 [grpc-default-executor-5] INFO  impl.RaftServerProxy (RaftServerProxy.java:remove(95)) - 967749f5-60f8-4775-800f-ac118f332ec3: remove group-7C70ED9FCAA5:null
2019-11-13 21:46:56,755 [EventQueue-PipelineReportForPipelineReportHandler] ERROR pipeline.PipelineReportHandler (PipelineReportHandler.java:onMessage(81)) - Could not process pipeline report=pipelineID {
  id: "ff0d8bf2-1344-483b-8ca5-7c70ed9fcaa5"
}
isLeader: true
 from dn=967749f5-60f8-4775-800f-ac118f332ec3{ip: 192.168.34.20, host: pr-hdds-2470-fxbl9-3826649461, networkLocation: /default-rack, certSerialId: null} {}
org.apache.ratis.protocol.GroupMismatchException: 967749f5-60f8-4775-800f-ac118f332ec3: Group group-7C70ED9FCAA5 not found.
	at org.apache.ratis.server.impl.RaftServerProxy.groupRemoveAsync(RaftServerProxy.java:402)
	at org.apache.ratis.server.impl.RaftServerProxy.groupManagementAsync(RaftServerProxy.java:367)
	at org.apache.ratis.grpc.server.GrpcAdminProtocolService.lambda$groupManagement$0(GrpcAdminProtocolService.java:42)
	at org.apache.ratis.grpc.GrpcUtil.asyncCall(GrpcUtil.java:140)
	at org.apache.ratis.grpc.server.GrpcAdminProtocolService.groupManagement(GrpcAdminProtocolService.java:42)
	at org.apache.ratis.proto.grpc.AdminProtocolServiceGrpc$MethodHandlers.invoke(AdminProtocolServiceGrpc.java:361)
	at org.apache.ratis.thirdparty.io.grpc.stub.ServerCalls$UnaryServerCallHandler$UnaryServerCallListener.onHalfClose(ServerCalls.java:171)
	at org.apache.ratis.thirdparty.io.grpc.internal.ServerCallImpl$ServerStreamListenerImpl.halfClosed(ServerCallImpl.java:283)
	at org.apache.ratis.thirdparty.io.grpc.internal.ServerImpl$JumpToApplicationThreadServerStreamListener$1HalfClosed.runInContext(ServerImpl.java:710)
	at org.apache.ratis.thirdparty.io.grpc.internal.ContextRunnable.run(ContextRunnable.java:37)
	at org.apache.ratis.thirdparty.io.grpc.internal.SerializingExecutor.run(SerializingExecutor.java:123)
	at java.util.concurrent.ThreadPoolExecutor.runWorker(ThreadPoolExecutor.java:1149)
	at java.util.concurrent.ThreadPoolExecutor$Worker.run(ThreadPoolExecutor.java:624)
	at java.lang.Thread.run(Thread.java:748)
2019-11-13 21:46:57,496 [Datanode State Machine Thread - 0] INFO  statemachine.DatanodeStateMachine (DatanodeStateMachine.java:lambda$startDaemon$0(350)) - Ozone container server started.
2019-11-13 21:47:01,602 [Thread-748] INFO  ozoneimpl.OzoneContainer (OzoneContainer.java:stop(244)) - Attempting to stop container services.
2019-11-13 21:47:01,604 [Thread-748] INFO  impl.RaftServerProxy (RaftServerProxy.java:lambda$close$4(314)) - 967749f5-60f8-4775-800f-ac118f332ec3: close
2019-11-13 21:47:01,605 [Thread-748] INFO  impl.RaftServerImpl (RaftServerImpl.java:lambda$shutdown$3(250)) - 967749f5-60f8-4775-800f-ac118f332ec3@group-3C9007E7BB47: shutdown
2019-11-13 21:47:01,605 [Thread-748] INFO  util.JmxRegister (JmxRegister.java:unregister(73)) - Successfully un-registered JMX Bean with object name Ratis:service=RaftServer,group=group-3C9007E7BB47,id=967749f5-60f8-4775-800f-ac118f332ec3
2019-11-13 21:47:01,606 [Thread-748] INFO  impl.RoleInfo (RoleInfo.java:shutdownFollowerState(121)) - 967749f5-60f8-4775-800f-ac118f332ec3: shutdown FollowerState
2019-11-13 21:47:01,606 [Thread-748] INFO  impl.StateMachineUpdater (StateMachineUpdater.java:stopAndJoin(136)) - 967749f5-60f8-4775-800f-ac118f332ec3@group-3C9007E7BB47-StateMachineUpdater: set stopIndex = 0
2019-11-13 21:47:01,606 [Thread-1024] INFO  impl.FollowerState (FollowerState.java:run(120)) - 967749f5-60f8-4775-800f-ac118f332ec3@group-3C9007E7BB47-FollowerState was interrupted: java.lang.InterruptedException: sleep interrupted
2019-11-13 21:47:01,609 [Thread-748] INFO  impl.RaftServerImpl (ServerState.java:close(387)) - 967749f5-60f8-4775-800f-ac118f332ec3@group-3C9007E7BB47: closes. applyIndex: 0
2019-11-13 21:47:01,610 [967749f5-60f8-4775-800f-ac118f332ec3@group-3C9007E7BB47-SegmentedRaftLogWorker] INFO  segmented.SegmentedRaftLogWorker (SegmentedRaftLogWorker.java:run(316)) - 967749f5-60f8-4775-800f-ac118f332ec3@group-3C9007E7BB47-SegmentedRaftLogWorker was interrupted, exiting. There are 0 tasks remaining in the queue.
2019-11-13 21:47:01,611 [Thread-748] INFO  segmented.SegmentedRaftLogWorker (SegmentedRaftLogWorker.java:close(224)) - 967749f5-60f8-4775-800f-ac118f332ec3@group-3C9007E7BB47-SegmentedRaftLogWorker close()
2019-11-13 21:47:01,611 [Thread-748] INFO  server.GrpcService (GrpcService.java:closeImpl(164)) - 967749f5-60f8-4775-800f-ac118f332ec3: shutdown server with port 39594 now
2019-11-13 21:47:01,613 [Thread-748] INFO  server.GrpcService (GrpcService.java:closeImpl(172)) - 967749f5-60f8-4775-800f-ac118f332ec3: shutdown server with port 39594 successfully
2019-11-13 21:47:01,618 [refreshUsed-/workdir/hadoop-ozone/ozonefs/target/test-dir/MiniOzoneClusterImpl-2bb5002b-f3eb-4fa7-bf0d-d672f8b55c5b/datanode-2/data/containers] WARN  fs.CachingGetSpaceUsed (CachingGetSpaceUsed.java:run(183)) - Thread Interrupted waiting to refresh disk information: sleep interrupted
2019-11-13 21:47:01,649 [Thread-748] INFO  utils.BackgroundService (BackgroundService.java:shutdown(151)) - Shutting down service BlockDeletingService
2019-11-13 21:47:01,652 [Thread-748] INFO  statemachine.DatanodeStateMachine (DatanodeStateMachine.java:stopDaemon(395)) - Ozone container server stopped.
2019-11-13 21:47:01,661 [Thread-748] INFO  handler.ContextHandler (ContextHandler.java:doStop(910)) - Stopped o.e.j.w.WebAppContext@efc4790{/,null,UNAVAILABLE}{/hddsDatanode}
2019-11-13 21:47:01,663 [Thread-748] INFO  server.AbstractConnector (AbstractConnector.java:doStop(318)) - Stopped ServerConnector@49cd1202{HTTP/1.1,[http/1.1]}{0.0.0.0:0}
2019-11-13 21:47:01,663 [Thread-748] INFO  handler.ContextHandler (ContextHandler.java:doStop(910)) - Stopped o.e.j.s.ServletContextHandler@221166f8{/static,jar:file:/home/user/.m2/repository/org/apache/hadoop/hadoop-hdds-container-service/0.5.0-SNAPSHOT/hadoop-hdds-container-service-0.5.0-SNAPSHOT.jar!/webapps/static,UNAVAILABLE}
2019-11-13 21:47:01,664 [Thread-748] INFO  handler.ContextHandler (ContextHandler.java:doStop(910)) - Stopped o.e.j.s.ServletContextHandler@53e02a48{/logs,file:///workdir/hadoop-ozone/ozonefs/target/log,UNAVAILABLE}
2019-11-13 21:47:01,665 [Thread-748] INFO  ozone.MiniOzoneClusterImpl (MiniOzoneClusterImpl.java:stopSCM(430)) - Stopping the StorageContainerManager
2019-11-13 21:47:01,666 [Thread-748] INFO  server.StorageContainerManager (StorageContainerManager.java:stop(802)) - Stopping Replication Manager Service.
2019-11-13 21:47:01,666 [Thread-748] INFO  container.ReplicationManager (ReplicationManager.java:stop(203)) - Stopping Replication Monitor Thread.
2019-11-13 21:47:01,666 [Thread-748] INFO  server.StorageContainerManager (StorageContainerManager.java:stop(809)) - Stopping Lease Manager of the command watchers
2019-11-13 21:47:01,666 [Thread-748] INFO  server.StorageContainerManager (StorageContainerManager.java:stop(816)) - Stopping datanode service RPC server
2019-11-13 21:47:01,666 [Thread-748] INFO  server.SCMDatanodeProtocolServer (SCMDatanodeProtocolServer.java:stop(346)) - Stopping the RPC server for DataNodes
2019-11-13 21:47:01,666 [Thread-748] INFO  ipc.Server (Server.java:stop(3082)) - Stopping server on 43490
2019-11-13 21:47:01,668 [IPC Server listener on 43490] INFO  ipc.Server (Server.java:run(1185)) - Stopping IPC Server listener on 43490
2019-11-13 21:47:01,668 [IPC Server Responder] INFO  ipc.Server (Server.java:run(1319)) - Stopping IPC Server Responder
2019-11-13 21:47:01,725 [SCM Heartbeat Processing Thread - 0] WARN  node.NodeStateManager (NodeStateManager.java:scheduleNextHealthCheck(646)) - Current Thread is interrupted, shutting down HB processing thread for Node Manager.
2019-11-13 21:47:01,726 [Thread-748] INFO  server.StorageContainerManager (StorageContainerManager.java:stop(824)) - Stopping block service RPC server
2019-11-13 21:47:01,726 [Thread-748] INFO  server.SCMBlockProtocolServer (SCMBlockProtocolServer.java:stop(155)) - Stopping the RPC server for Block Protocol
2019-11-13 21:47:01,726 [Thread-748] INFO  ipc.Server (Server.java:stop(3082)) - Stopping server on 37166
2019-11-13 21:47:01,727 [Thread-748] INFO  server.StorageContainerManager (StorageContainerManager.java:stop(831)) - Stopping the StorageContainerLocationProtocol RPC server
2019-11-13 21:47:01,727 [IPC Server listener on 37166] INFO  ipc.Server (Server.java:run(1185)) - Stopping IPC Server listener on 37166
2019-11-13 21:47:01,728 [IPC Server Responder] INFO  ipc.Server (Server.java:run(1319)) - Stopping IPC Server Responder
2019-11-13 21:47:01,728 [Thread-748] INFO  server.SCMClientProtocolServer (SCMClientProtocolServer.java:stop(168)) - Stopping the RPC server for Client Protocol
2019-11-13 21:47:01,729 [Thread-748] INFO  ipc.Server (Server.java:stop(3082)) - Stopping server on 41955
2019-11-13 21:47:01,730 [IPC Server listener on 41955] INFO  ipc.Server (Server.java:run(1185)) - Stopping IPC Server listener on 41955
2019-11-13 21:47:01,731 [Thread-748] INFO  server.StorageContainerManager (StorageContainerManager.java:stop(838)) - Stopping Storage Container Manager HTTP server.
2019-11-13 21:47:01,731 [IPC Server Responder] INFO  ipc.Server (Server.java:run(1319)) - Stopping IPC Server Responder
2019-11-13 21:47:01,746 [Thread-748] INFO  handler.ContextHandler (ContextHandler.java:doStop(910)) - Stopped o.e.j.w.WebAppContext@286432e0{/,null,UNAVAILABLE}{/scm}
2019-11-13 21:47:01,748 [Thread-748] INFO  server.AbstractConnector (AbstractConnector.java:doStop(318)) - Stopped ServerConnector@6ea9fdad{HTTP/1.1,[http/1.1]}{0.0.0.0:0}
2019-11-13 21:47:01,748 [Thread-748] INFO  handler.ContextHandler (ContextHandler.java:doStop(910)) - Stopped o.e.j.s.ServletContextHandler@5f005197{/static,jar:file:/home/user/.m2/repository/org/apache/hadoop/hadoop-hdds-server-scm/0.5.0-SNAPSHOT/hadoop-hdds-server-scm-0.5.0-SNAPSHOT.jar!/webapps/static,UNAVAILABLE}
2019-11-13 21:47:01,748 [Thread-748] INFO  handler.ContextHandler (ContextHandler.java:doStop(910)) - Stopped o.e.j.s.ServletContextHandler@7c6d51fa{/logs,file:///workdir/hadoop-ozone/ozonefs/target/log,UNAVAILABLE}
2019-11-13 21:47:01,749 [Thread-748] INFO  server.StorageContainerManager (StorageContainerManager.java:stop(849)) - Stopping Block Manager Service.
2019-11-13 21:47:01,749 [Thread-748] INFO  utils.BackgroundService (BackgroundService.java:shutdown(151)) - Shutting down service SCMBlockDeletingService
2019-11-13 21:47:01,750 [Thread-748] INFO  utils.BackgroundService (BackgroundService.java:shutdown(151)) - Shutting down service SCMBlockDeletingService
2019-11-13 21:47:01,750 [Thread-748] INFO  server.StorageContainerManager (StorageContainerManager.java:stop(871)) - Stopping SCM Event Queue.
2019-11-13 21:47:01,757 [Thread-748] INFO  impl.MetricsSystemImpl (MetricsSystemImpl.java:stop(210)) - Stopping HddsDatanode metrics system...
2019-11-13 21:47:01,763 [Thread-748] INFO  impl.MetricsSystemImpl (MetricsSystemImpl.java:stop(216)) - HddsDatanode metrics system stopped.
]]></system-out>
  </testcase>
  <testcase name="testCreateDoesNotAddParentDirKeys" classname="org.apache.hadoop.fs.ozone.TestOzoneFileSystem" time="33.536"/>
  <testcase name="testDeleteCreatesFakeParentDir" classname="org.apache.hadoop.fs.ozone.TestOzoneFileSystem" time="40.071"/>
  <testcase name="testNonExplicitlyCreatedPathExistsAfterItsLeafsWereRemoved" classname="org.apache.hadoop.fs.ozone.TestOzoneFileSystem" time="34.743"/>
  <testcase name="testListStatusOnLargeDirectory" classname="org.apache.hadoop.fs.ozone.TestOzoneFileSystem" time="121.06"/>
</testsuite>