<?xml version="1.0" encoding="UTF-8"?>
<testsuite xmlns:xsi="http://www.w3.org/2001/XMLSchema-instance" xsi:noNamespaceSchemaLocation="https://maven.apache.org/surefire/maven-surefire-plugin/xsd/surefire-test-report.xsd" name="org.apache.hadoop.hdds.scm.node.TestSCMNodeManager" time="7.36" tests="19" errors="16" skipped="2" failures="1">
  <properties>
    <property name="awt.toolkit" value="sun.awt.X11.XToolkit"/>
    <property name="file.encoding.pkg" value="sun.io"/>
    <property name="java.specification.version" value="1.8"/>
    <property name="sun.cpu.isalist" value=""/>
    <property name="sun.jnu.encoding" value="ANSI_X3.4-1968"/>
    <property name="java.class.path" value="/workdir/hadoop-hdds/server-scm/target/test-classes:/workdir/hadoop-hdds/server-scm/target/classes:/workdir/hadoop-hdds/common/target/classes:/workdir/hadoop-hdds/config/target/classes:/home/user/.m2/repository/javax/annotation/javax.annotation-api/1.2/javax.annotation-api-1.2.jar:/home/user/.m2/repository/org/fusesource/leveldbjni/leveldbjni-all/1.8/leveldbjni-all-1.8.jar:/home/user/.m2/repository/org/apache/ratis/ratis-server/0.5.0-d6d58d0-SNAPSHOT/ratis-server-0.5.0-d6d58d0-SNAPSHOT.jar:/home/user/.m2/repository/org/apache/ratis/ratis-thirdparty-misc/0.2.0/ratis-thirdparty-misc-0.2.0.jar:/home/user/.m2/repository/org/apache/ratis/ratis-proto/0.5.0-d6d58d0-SNAPSHOT/ratis-proto-0.5.0-d6d58d0-SNAPSHOT.jar:/home/user/.m2/repository/org/apache/ratis/ratis-common/0.5.0-d6d58d0-SNAPSHOT/ratis-common-0.5.0-d6d58d0-SNAPSHOT.jar:/home/user/.m2/repository/org/apache/ratis/ratis-client/0.5.0-d6d58d0-SNAPSHOT/ratis-client-0.5.0-d6d58d0-SNAPSHOT.jar:/home/user/.m2/repository/org/apache/ratis/ratis-metrics/0.5.0-d6d58d0-SNAPSHOT/ratis-metrics-0.5.0-d6d58d0-SNAPSHOT.jar:/home/user/.m2/repository/org/apache/ratis/ratis-netty/0.5.0-d6d58d0-SNAPSHOT/ratis-netty-0.5.0-d6d58d0-SNAPSHOT.jar:/home/user/.m2/repository/org/apache/ratis/ratis-grpc/0.5.0-d6d58d0-SNAPSHOT/ratis-grpc-0.5.0-d6d58d0-SNAPSHOT.jar:/home/user/.m2/repository/org/rocksdb/rocksdbjni/6.0.1/rocksdbjni-6.0.1.jar:/home/user/.m2/repository/org/apache/logging/log4j/log4j-api/2.11.0/log4j-api-2.11.0.jar:/home/user/.m2/repository/org/apache/logging/log4j/log4j-core/2.11.0/log4j-core-2.11.0.jar:/home/user/.m2/repository/com/lmax/disruptor/3.4.2/disruptor-3.4.2.jar:/home/user/.m2/repository/org/apache/commons/commons-pool2/2.6.0/commons-pool2-2.6.0.jar:/home/user/.m2/repository/org/bouncycastle/bcpkix-jdk15on/1.60/bcpkix-jdk15on-1.60.jar:/home/user/.m2/repository/commons-validator/commons-validator/1.6/commons-validator-1.6.jar:/home/user/.m2/repository/commons-digester/commons-digester/1.8.1/commons-digester-1.8.1.jar:/home/user/.m2/repository/io/jaegertracing/jaeger-client/0.34.0/jaeger-client-0.34.0.jar:/home/user/.m2/repository/io/jaegertracing/jaeger-thrift/0.34.0/jaeger-thrift-0.34.0.jar:/home/user/.m2/repository/org/apache/thrift/libthrift/0.12.0/libthrift-0.12.0.jar:/home/user/.m2/repository/com/squareup/okhttp3/okhttp/3.9.0/okhttp-3.9.0.jar:/home/user/.m2/repository/com/squareup/okio/okio/1.13.0/okio-1.13.0.jar:/home/user/.m2/repository/io/jaegertracing/jaeger-core/0.34.0/jaeger-core-0.34.0.jar:/home/user/.m2/repository/io/jaegertracing/jaeger-tracerresolver/0.34.0/jaeger-tracerresolver-0.34.0.jar:/home/user/.m2/repository/io/opentracing/contrib/opentracing-tracerresolver/0.1.5/opentracing-tracerresolver-0.1.5.jar:/home/user/.m2/repository/io/opentracing/opentracing-util/0.31.0/opentracing-util-0.31.0.jar:/home/user/.m2/repository/io/opentracing/opentracing-api/0.31.0/opentracing-api-0.31.0.jar:/home/user/.m2/repository/io/opentracing/opentracing-noop/0.31.0/opentracing-noop-0.31.0.jar:/home/user/.m2/repository/org/yaml/snakeyaml/1.16/snakeyaml-1.16.jar:/workdir/hadoop-hdds/container-service/target/classes:/workdir/hadoop-hdds/client/target/classes:/home/user/.m2/repository/io/netty/netty-all/4.0.52.Final/netty-all-4.0.52.Final.jar:/workdir/hadoop-hdds/framework/target/classes:/workdir/hadoop-hdds/docs/target/classes:/workdir/hadoop-hdds/container-service/target/test-classes:/home/user/.m2/repository/org/hamcrest/hamcrest-core/1.3/hamcrest-core-1.3.jar:/home/user/.m2/repository/io/dropwizard/metrics/metrics-core/3.2.4/metrics-core-3.2.4.jar:/home/user/.m2/repository/org/slf4j/slf4j-api/1.7.25/slf4j-api-1.7.25.jar:/home/user/.m2/repository/org/assertj/assertj-core/3.8.0/assertj-core-3.8.0.jar:/home/user/.m2/repository/org/openjdk/jmh/jmh-core/1.19/jmh-core-1.19.jar:/home/user/.m2/repository/net/sf/jopt-simple/jopt-simple/4.6/jopt-simple-4.6.jar:/home/user/.m2/repository/org/apache/commons/commons-math3/3.1.1/commons-math3-3.1.1.jar:/home/user/.m2/repository/org/openjdk/jmh/jmh-generator-annprocess/1.19/jmh-generator-annprocess-1.19.jar:/home/user/.m2/repository/org/mockito/mockito-all/1.8.5/mockito-all-1.8.5.jar:/home/user/.m2/repository/org/hamcrest/hamcrest-all/1.3/hamcrest-all-1.3.jar:/home/user/.m2/repository/org/bouncycastle/bcprov-jdk15on/1.60/bcprov-jdk15on-1.60.jar:/home/user/.m2/repository/com/github/spotbugs/spotbugs/3.1.12/spotbugs-3.1.12.jar:/home/user/.m2/repository/org/ow2/asm/asm/5.0.4/asm-5.0.4.jar:/home/user/.m2/repository/org/ow2/asm/asm-analysis/7.0/asm-analysis-7.0.jar:/home/user/.m2/repository/org/ow2/asm/asm-commons/7.0/asm-commons-7.0.jar:/home/user/.m2/repository/org/ow2/asm/asm-tree/7.0/asm-tree-7.0.jar:/home/user/.m2/repository/org/ow2/asm/asm-util/7.0/asm-util-7.0.jar:/home/user/.m2/repository/org/apache/bcel/bcel/6.3/bcel-6.3.jar:/home/user/.m2/repository/net/jcip/jcip-annotations/1.0/jcip-annotations-1.0.jar:/home/user/.m2/repository/org/dom4j/dom4j/2.1.1/dom4j-2.1.1.jar:/home/user/.m2/repository/jaxen/jaxen/1.1.6/jaxen-1.1.6.jar:/home/user/.m2/repository/commons-lang/commons-lang/2.6/commons-lang-2.6.jar:/home/user/.m2/repository/com/github/spotbugs/spotbugs-annotations/3.1.12/spotbugs-annotations-3.1.12.jar:/home/user/.m2/repository/org/apache/hadoop/hadoop-common/3.2.0/hadoop-common-3.2.0.jar:/home/user/.m2/repository/org/apache/hadoop/hadoop-annotations/3.2.0/hadoop-annotations-3.2.0.jar:/usr/lib/jvm/java-1.8.0-openjdk-1.8.0.222.b10-1.el7_7.x86_64/jre/../lib/tools.jar:/home/user/.m2/repository/commons-cli/commons-cli/1.2/commons-cli-1.2.jar:/home/user/.m2/repository/org/apache/httpcomponents/httpclient/4.5.2/httpclient-4.5.2.jar:/home/user/.m2/repository/org/apache/httpcomponents/httpcore/4.4.4/httpcore-4.4.4.jar:/home/user/.m2/repository/commons-codec/commons-codec/1.11/commons-codec-1.11.jar:/home/user/.m2/repository/commons-io/commons-io/2.5/commons-io-2.5.jar:/home/user/.m2/repository/commons-net/commons-net/3.6/commons-net-3.6.jar:/home/user/.m2/repository/commons-collections/commons-collections/3.2.2/commons-collections-3.2.2.jar:/home/user/.m2/repository/javax/servlet/javax.servlet-api/3.1.0/javax.servlet-api-3.1.0.jar:/home/user/.m2/repository/org/eclipse/jetty/jetty-server/9.3.25.v20180904/jetty-server-9.3.25.v20180904.jar:/home/user/.m2/repository/org/eclipse/jetty/jetty-http/9.3.25.v20180904/jetty-http-9.3.25.v20180904.jar:/home/user/.m2/repository/org/eclipse/jetty/jetty-io/9.3.25.v20180904/jetty-io-9.3.25.v20180904.jar:/home/user/.m2/repository/org/eclipse/jetty/jetty-util/9.3.25.v20180904/jetty-util-9.3.25.v20180904.jar:/home/user/.m2/repository/org/eclipse/jetty/jetty-servlet/9.3.25.v20180904/jetty-servlet-9.3.25.v20180904.jar:/home/user/.m2/repository/org/eclipse/jetty/jetty-security/9.3.25.v20180904/jetty-security-9.3.25.v20180904.jar:/home/user/.m2/repository/org/eclipse/jetty/jetty-webapp/9.3.25.v20180904/jetty-webapp-9.3.25.v20180904.jar:/home/user/.m2/repository/org/eclipse/jetty/jetty-xml/9.3.25.v20180904/jetty-xml-9.3.25.v20180904.jar:/home/user/.m2/repository/javax/servlet/jsp/jsp-api/2.1/jsp-api-2.1.jar:/home/user/.m2/repository/com/sun/jersey/jersey-core/1.19/jersey-core-1.19.jar:/home/user/.m2/repository/javax/ws/rs/jsr311-api/1.1.1/jsr311-api-1.1.1.jar:/home/user/.m2/repository/com/sun/jersey/jersey-servlet/1.19/jersey-servlet-1.19.jar:/home/user/.m2/repository/com/sun/jersey/jersey-json/1.19/jersey-json-1.19.jar:/home/user/.m2/repository/org/codehaus/jettison/jettison/1.1/jettison-1.1.jar:/home/user/.m2/repository/com/sun/xml/bind/jaxb-impl/2.2.3-1/jaxb-impl-2.2.3-1.jar:/home/user/.m2/repository/javax/xml/bind/jaxb-api/2.2.11/jaxb-api-2.2.11.jar:/home/user/.m2/repository/org/codehaus/jackson/jackson-core-asl/1.9.13/jackson-core-asl-1.9.13.jar:/home/user/.m2/repository/org/codehaus/jackson/jackson-mapper-asl/1.9.13/jackson-mapper-asl-1.9.13.jar:/home/user/.m2/repository/org/codehaus/jackson/jackson-jaxrs/1.9.13/jackson-jaxrs-1.9.13.jar:/home/user/.m2/repository/org/codehaus/jackson/jackson-xc/1.9.13/jackson-xc-1.9.13.jar:/home/user/.m2/repository/com/sun/jersey/jersey-server/1.19/jersey-server-1.19.jar:/home/user/.m2/repository/commons-logging/commons-logging/1.1.3/commons-logging-1.1.3.jar:/home/user/.m2/repository/log4j/log4j/1.2.17/log4j-1.2.17.jar:/home/user/.m2/repository/commons-beanutils/commons-beanutils/1.9.4/commons-beanutils-1.9.4.jar:/home/user/.m2/repository/org/apache/commons/commons-configuration2/2.1.1/commons-configuration2-2.1.1.jar:/home/user/.m2/repository/org/apache/commons/commons-lang3/3.7/commons-lang3-3.7.jar:/home/user/.m2/repository/org/apache/commons/commons-text/1.4/commons-text-1.4.jar:/home/user/.m2/repository/org/slf4j/slf4j-log4j12/1.7.25/slf4j-log4j12-1.7.25.jar:/home/user/.m2/repository/org/apache/avro/avro/1.7.7/avro-1.7.7.jar:/home/user/.m2/repository/com/thoughtworks/paranamer/paranamer/2.3/paranamer-2.3.jar:/home/user/.m2/repository/org/xerial/snappy/snappy-java/1.0.5/snappy-java-1.0.5.jar:/home/user/.m2/repository/com/google/re2j/re2j/1.1/re2j-1.1.jar:/home/user/.m2/repository/com/google/code/gson/gson/2.2.4/gson-2.2.4.jar:/home/user/.m2/repository/org/apache/hadoop/hadoop-auth/3.2.0/hadoop-auth-3.2.0.jar:/home/user/.m2/repository/com/nimbusds/nimbus-jose-jwt/4.41.1/nimbus-jose-jwt-4.41.1.jar:/home/user/.m2/repository/com/github/stephenc/jcip/jcip-annotations/1.0-1/jcip-annotations-1.0-1.jar:/home/user/.m2/repository/net/minidev/json-smart/2.3/json-smart-2.3.jar:/home/user/.m2/repository/net/minidev/accessors-smart/1.2/accessors-smart-1.2.jar:/home/user/.m2/repository/org/apache/curator/curator-framework/2.12.0/curator-framework-2.12.0.jar:/home/user/.m2/repository/com/jcraft/jsch/0.1.54/jsch-0.1.54.jar:/home/user/.m2/repository/org/apache/curator/curator-client/2.12.0/curator-client-2.12.0.jar:/home/user/.m2/repository/org/apache/curator/curator-recipes/2.12.0/curator-recipes-2.12.0.jar:/home/user/.m2/repository/com/google/code/findbugs/jsr305/3.0.0/jsr305-3.0.0.jar:/home/user/.m2/repository/org/apache/htrace/htrace-core4/4.1.0-incubating/htrace-core4-4.1.0-incubating.jar:/home/user/.m2/repository/org/apache/zookeeper/zookeeper/3.4.13/zookeeper-3.4.13.jar:/home/user/.m2/repository/jline/jline/0.9.94/jline-0.9.94.jar:/home/user/.m2/repository/org/apache/yetus/audience-annotations/0.5.0/audience-annotations-0.5.0.jar:/home/user/.m2/repository/org/apache/commons/commons-compress/1.4.1/commons-compress-1.4.1.jar:/home/user/.m2/repository/org/tukaani/xz/1.0/xz-1.0.jar:/home/user/.m2/repository/org/apache/kerby/kerb-simplekdc/1.0.1/kerb-simplekdc-1.0.1.jar:/home/user/.m2/repository/org/apache/kerby/kerb-client/1.0.1/kerb-client-1.0.1.jar:/home/user/.m2/repository/org/apache/kerby/kerby-config/1.0.1/kerby-config-1.0.1.jar:/home/user/.m2/repository/org/apache/kerby/kerb-core/1.0.1/kerb-core-1.0.1.jar:/home/user/.m2/repository/org/apache/kerby/kerby-pkix/1.0.1/kerby-pkix-1.0.1.jar:/home/user/.m2/repository/org/apache/kerby/kerby-asn1/1.0.1/kerby-asn1-1.0.1.jar:/home/user/.m2/repository/org/apache/kerby/kerby-util/1.0.1/kerby-util-1.0.1.jar:/home/user/.m2/repository/org/apache/kerby/kerb-common/1.0.1/kerb-common-1.0.1.jar:/home/user/.m2/repository/org/apache/kerby/kerb-crypto/1.0.1/kerb-crypto-1.0.1.jar:/home/user/.m2/repository/org/apache/kerby/kerb-util/1.0.1/kerb-util-1.0.1.jar:/home/user/.m2/repository/org/apache/kerby/token-provider/1.0.1/token-provider-1.0.1.jar:/home/user/.m2/repository/org/apache/kerby/kerb-admin/1.0.1/kerb-admin-1.0.1.jar:/home/user/.m2/repository/org/apache/kerby/kerb-server/1.0.1/kerb-server-1.0.1.jar:/home/user/.m2/repository/org/apache/kerby/kerb-identity/1.0.1/kerb-identity-1.0.1.jar:/home/user/.m2/repository/org/apache/kerby/kerby-xdr/1.0.1/kerby-xdr-1.0.1.jar:/home/user/.m2/repository/com/fasterxml/jackson/core/jackson-databind/2.9.9/jackson-databind-2.9.9.jar:/home/user/.m2/repository/com/fasterxml/jackson/core/jackson-core/2.9.9/jackson-core-2.9.9.jar:/home/user/.m2/repository/org/codehaus/woodstox/stax2-api/3.1.4/stax2-api-3.1.4.jar:/home/user/.m2/repository/com/fasterxml/woodstox/woodstox-core/5.0.3/woodstox-core-5.0.3.jar:/home/user/.m2/repository/dnsjava/dnsjava/2.1.7/dnsjava-2.1.7.jar:/home/user/.m2/repository/org/apache/hadoop/hadoop-hdfs/3.2.0/hadoop-hdfs-3.2.0.jar:/home/user/.m2/repository/org/eclipse/jetty/jetty-util-ajax/9.3.25.v20180904/jetty-util-ajax-9.3.25.v20180904.jar:/home/user/.m2/repository/commons-daemon/commons-daemon/1.0.13/commons-daemon-1.0.13.jar:/home/user/.m2/repository/io/netty/netty/3.10.5.Final/netty-3.10.5.Final.jar:/home/user/.m2/repository/org/apache/hadoop/hadoop-hdfs-client/3.2.0/hadoop-hdfs-client-3.2.0.jar:/home/user/.m2/repository/com/fasterxml/jackson/core/jackson-annotations/2.9.9/jackson-annotations-2.9.9.jar:/home/user/.m2/repository/org/apache/hadoop/hadoop-common/3.2.0/hadoop-common-3.2.0-tests.jar:/home/user/.m2/repository/org/apache/hadoop/hadoop-hdfs/3.2.0/hadoop-hdfs-3.2.0-tests.jar:/home/user/.m2/repository/info/picocli/picocli/3.9.6/picocli-3.9.6.jar:/home/user/.m2/repository/com/google/protobuf/protobuf-java/2.5.0/protobuf-java-2.5.0.jar:/home/user/.m2/repository/com/google/guava/guava/11.0.2/guava-11.0.2.jar:/home/user/.m2/repository/junit/junit/4.11/junit-4.11.jar:"/>
    <property name="java.vm.vendor" value="Oracle Corporation"/>
    <property name="sun.arch.data.model" value="64"/>
    <property name="test.build.dir" value="/workdir/hadoop-hdds/server-scm/target/test-dir"/>
    <property name="test.cache.data" value=""/>
    <property name="java.vendor.url" value="http://java.oracle.com/"/>
    <property name="user.timezone" value=""/>
    <property name="java.vm.specification.version" value="1.8"/>
    <property name="os.name" value="Linux"/>
    <property name="test.build.data" value="/workdir/hadoop-hdds/server-scm/target/test-dir"/>
    <property name="user.country" value="US"/>
    <property name="sun.java.launcher" value="SUN_STANDARD"/>
    <property name="sun.boot.library.path" value="/usr/lib/jvm/java-1.8.0-openjdk-1.8.0.222.b10-1.el7_7.x86_64/jre/lib/amd64"/>
    <property name="sun.java.command" value="/workdir/hadoop-hdds/server-scm/target/surefire/surefirebooter8885946261806456987.jar /workdir/hadoop-hdds/server-scm/target/surefire 2019-11-02T05-48-22_997-jvmRun1 surefire4414480339221921222tmp surefire_664023631976739859573tmp"/>
    <property name="surefire.test.class.path" value="/workdir/hadoop-hdds/server-scm/target/test-classes:/workdir/hadoop-hdds/server-scm/target/classes:/workdir/hadoop-hdds/common/target/classes:/workdir/hadoop-hdds/config/target/classes:/home/user/.m2/repository/javax/annotation/javax.annotation-api/1.2/javax.annotation-api-1.2.jar:/home/user/.m2/repository/org/fusesource/leveldbjni/leveldbjni-all/1.8/leveldbjni-all-1.8.jar:/home/user/.m2/repository/org/apache/ratis/ratis-server/0.5.0-d6d58d0-SNAPSHOT/ratis-server-0.5.0-d6d58d0-SNAPSHOT.jar:/home/user/.m2/repository/org/apache/ratis/ratis-thirdparty-misc/0.2.0/ratis-thirdparty-misc-0.2.0.jar:/home/user/.m2/repository/org/apache/ratis/ratis-proto/0.5.0-d6d58d0-SNAPSHOT/ratis-proto-0.5.0-d6d58d0-SNAPSHOT.jar:/home/user/.m2/repository/org/apache/ratis/ratis-common/0.5.0-d6d58d0-SNAPSHOT/ratis-common-0.5.0-d6d58d0-SNAPSHOT.jar:/home/user/.m2/repository/org/apache/ratis/ratis-client/0.5.0-d6d58d0-SNAPSHOT/ratis-client-0.5.0-d6d58d0-SNAPSHOT.jar:/home/user/.m2/repository/org/apache/ratis/ratis-metrics/0.5.0-d6d58d0-SNAPSHOT/ratis-metrics-0.5.0-d6d58d0-SNAPSHOT.jar:/home/user/.m2/repository/org/apache/ratis/ratis-netty/0.5.0-d6d58d0-SNAPSHOT/ratis-netty-0.5.0-d6d58d0-SNAPSHOT.jar:/home/user/.m2/repository/org/apache/ratis/ratis-grpc/0.5.0-d6d58d0-SNAPSHOT/ratis-grpc-0.5.0-d6d58d0-SNAPSHOT.jar:/home/user/.m2/repository/org/rocksdb/rocksdbjni/6.0.1/rocksdbjni-6.0.1.jar:/home/user/.m2/repository/org/apache/logging/log4j/log4j-api/2.11.0/log4j-api-2.11.0.jar:/home/user/.m2/repository/org/apache/logging/log4j/log4j-core/2.11.0/log4j-core-2.11.0.jar:/home/user/.m2/repository/com/lmax/disruptor/3.4.2/disruptor-3.4.2.jar:/home/user/.m2/repository/org/apache/commons/commons-pool2/2.6.0/commons-pool2-2.6.0.jar:/home/user/.m2/repository/org/bouncycastle/bcpkix-jdk15on/1.60/bcpkix-jdk15on-1.60.jar:/home/user/.m2/repository/commons-validator/commons-validator/1.6/commons-validator-1.6.jar:/home/user/.m2/repository/commons-digester/commons-digester/1.8.1/commons-digester-1.8.1.jar:/home/user/.m2/repository/io/jaegertracing/jaeger-client/0.34.0/jaeger-client-0.34.0.jar:/home/user/.m2/repository/io/jaegertracing/jaeger-thrift/0.34.0/jaeger-thrift-0.34.0.jar:/home/user/.m2/repository/org/apache/thrift/libthrift/0.12.0/libthrift-0.12.0.jar:/home/user/.m2/repository/com/squareup/okhttp3/okhttp/3.9.0/okhttp-3.9.0.jar:/home/user/.m2/repository/com/squareup/okio/okio/1.13.0/okio-1.13.0.jar:/home/user/.m2/repository/io/jaegertracing/jaeger-core/0.34.0/jaeger-core-0.34.0.jar:/home/user/.m2/repository/io/jaegertracing/jaeger-tracerresolver/0.34.0/jaeger-tracerresolver-0.34.0.jar:/home/user/.m2/repository/io/opentracing/contrib/opentracing-tracerresolver/0.1.5/opentracing-tracerresolver-0.1.5.jar:/home/user/.m2/repository/io/opentracing/opentracing-util/0.31.0/opentracing-util-0.31.0.jar:/home/user/.m2/repository/io/opentracing/opentracing-api/0.31.0/opentracing-api-0.31.0.jar:/home/user/.m2/repository/io/opentracing/opentracing-noop/0.31.0/opentracing-noop-0.31.0.jar:/home/user/.m2/repository/org/yaml/snakeyaml/1.16/snakeyaml-1.16.jar:/workdir/hadoop-hdds/container-service/target/classes:/workdir/hadoop-hdds/client/target/classes:/home/user/.m2/repository/io/netty/netty-all/4.0.52.Final/netty-all-4.0.52.Final.jar:/workdir/hadoop-hdds/framework/target/classes:/workdir/hadoop-hdds/docs/target/classes:/workdir/hadoop-hdds/container-service/target/test-classes:/home/user/.m2/repository/org/hamcrest/hamcrest-core/1.3/hamcrest-core-1.3.jar:/home/user/.m2/repository/io/dropwizard/metrics/metrics-core/3.2.4/metrics-core-3.2.4.jar:/home/user/.m2/repository/org/slf4j/slf4j-api/1.7.25/slf4j-api-1.7.25.jar:/home/user/.m2/repository/org/assertj/assertj-core/3.8.0/assertj-core-3.8.0.jar:/home/user/.m2/repository/org/openjdk/jmh/jmh-core/1.19/jmh-core-1.19.jar:/home/user/.m2/repository/net/sf/jopt-simple/jopt-simple/4.6/jopt-simple-4.6.jar:/home/user/.m2/repository/org/apache/commons/commons-math3/3.1.1/commons-math3-3.1.1.jar:/home/user/.m2/repository/org/openjdk/jmh/jmh-generator-annprocess/1.19/jmh-generator-annprocess-1.19.jar:/home/user/.m2/repository/org/mockito/mockito-all/1.8.5/mockito-all-1.8.5.jar:/home/user/.m2/repository/org/hamcrest/hamcrest-all/1.3/hamcrest-all-1.3.jar:/home/user/.m2/repository/org/bouncycastle/bcprov-jdk15on/1.60/bcprov-jdk15on-1.60.jar:/home/user/.m2/repository/com/github/spotbugs/spotbugs/3.1.12/spotbugs-3.1.12.jar:/home/user/.m2/repository/org/ow2/asm/asm/5.0.4/asm-5.0.4.jar:/home/user/.m2/repository/org/ow2/asm/asm-analysis/7.0/asm-analysis-7.0.jar:/home/user/.m2/repository/org/ow2/asm/asm-commons/7.0/asm-commons-7.0.jar:/home/user/.m2/repository/org/ow2/asm/asm-tree/7.0/asm-tree-7.0.jar:/home/user/.m2/repository/org/ow2/asm/asm-util/7.0/asm-util-7.0.jar:/home/user/.m2/repository/org/apache/bcel/bcel/6.3/bcel-6.3.jar:/home/user/.m2/repository/net/jcip/jcip-annotations/1.0/jcip-annotations-1.0.jar:/home/user/.m2/repository/org/dom4j/dom4j/2.1.1/dom4j-2.1.1.jar:/home/user/.m2/repository/jaxen/jaxen/1.1.6/jaxen-1.1.6.jar:/home/user/.m2/repository/commons-lang/commons-lang/2.6/commons-lang-2.6.jar:/home/user/.m2/repository/com/github/spotbugs/spotbugs-annotations/3.1.12/spotbugs-annotations-3.1.12.jar:/home/user/.m2/repository/org/apache/hadoop/hadoop-common/3.2.0/hadoop-common-3.2.0.jar:/home/user/.m2/repository/org/apache/hadoop/hadoop-annotations/3.2.0/hadoop-annotations-3.2.0.jar:/usr/lib/jvm/java-1.8.0-openjdk-1.8.0.222.b10-1.el7_7.x86_64/jre/../lib/tools.jar:/home/user/.m2/repository/commons-cli/commons-cli/1.2/commons-cli-1.2.jar:/home/user/.m2/repository/org/apache/httpcomponents/httpclient/4.5.2/httpclient-4.5.2.jar:/home/user/.m2/repository/org/apache/httpcomponents/httpcore/4.4.4/httpcore-4.4.4.jar:/home/user/.m2/repository/commons-codec/commons-codec/1.11/commons-codec-1.11.jar:/home/user/.m2/repository/commons-io/commons-io/2.5/commons-io-2.5.jar:/home/user/.m2/repository/commons-net/commons-net/3.6/commons-net-3.6.jar:/home/user/.m2/repository/commons-collections/commons-collections/3.2.2/commons-collections-3.2.2.jar:/home/user/.m2/repository/javax/servlet/javax.servlet-api/3.1.0/javax.servlet-api-3.1.0.jar:/home/user/.m2/repository/org/eclipse/jetty/jetty-server/9.3.25.v20180904/jetty-server-9.3.25.v20180904.jar:/home/user/.m2/repository/org/eclipse/jetty/jetty-http/9.3.25.v20180904/jetty-http-9.3.25.v20180904.jar:/home/user/.m2/repository/org/eclipse/jetty/jetty-io/9.3.25.v20180904/jetty-io-9.3.25.v20180904.jar:/home/user/.m2/repository/org/eclipse/jetty/jetty-util/9.3.25.v20180904/jetty-util-9.3.25.v20180904.jar:/home/user/.m2/repository/org/eclipse/jetty/jetty-servlet/9.3.25.v20180904/jetty-servlet-9.3.25.v20180904.jar:/home/user/.m2/repository/org/eclipse/jetty/jetty-security/9.3.25.v20180904/jetty-security-9.3.25.v20180904.jar:/home/user/.m2/repository/org/eclipse/jetty/jetty-webapp/9.3.25.v20180904/jetty-webapp-9.3.25.v20180904.jar:/home/user/.m2/repository/org/eclipse/jetty/jetty-xml/9.3.25.v20180904/jetty-xml-9.3.25.v20180904.jar:/home/user/.m2/repository/javax/servlet/jsp/jsp-api/2.1/jsp-api-2.1.jar:/home/user/.m2/repository/com/sun/jersey/jersey-core/1.19/jersey-core-1.19.jar:/home/user/.m2/repository/javax/ws/rs/jsr311-api/1.1.1/jsr311-api-1.1.1.jar:/home/user/.m2/repository/com/sun/jersey/jersey-servlet/1.19/jersey-servlet-1.19.jar:/home/user/.m2/repository/com/sun/jersey/jersey-json/1.19/jersey-json-1.19.jar:/home/user/.m2/repository/org/codehaus/jettison/jettison/1.1/jettison-1.1.jar:/home/user/.m2/repository/com/sun/xml/bind/jaxb-impl/2.2.3-1/jaxb-impl-2.2.3-1.jar:/home/user/.m2/repository/javax/xml/bind/jaxb-api/2.2.11/jaxb-api-2.2.11.jar:/home/user/.m2/repository/org/codehaus/jackson/jackson-core-asl/1.9.13/jackson-core-asl-1.9.13.jar:/home/user/.m2/repository/org/codehaus/jackson/jackson-mapper-asl/1.9.13/jackson-mapper-asl-1.9.13.jar:/home/user/.m2/repository/org/codehaus/jackson/jackson-jaxrs/1.9.13/jackson-jaxrs-1.9.13.jar:/home/user/.m2/repository/org/codehaus/jackson/jackson-xc/1.9.13/jackson-xc-1.9.13.jar:/home/user/.m2/repository/com/sun/jersey/jersey-server/1.19/jersey-server-1.19.jar:/home/user/.m2/repository/commons-logging/commons-logging/1.1.3/commons-logging-1.1.3.jar:/home/user/.m2/repository/log4j/log4j/1.2.17/log4j-1.2.17.jar:/home/user/.m2/repository/commons-beanutils/commons-beanutils/1.9.4/commons-beanutils-1.9.4.jar:/home/user/.m2/repository/org/apache/commons/commons-configuration2/2.1.1/commons-configuration2-2.1.1.jar:/home/user/.m2/repository/org/apache/commons/commons-lang3/3.7/commons-lang3-3.7.jar:/home/user/.m2/repository/org/apache/commons/commons-text/1.4/commons-text-1.4.jar:/home/user/.m2/repository/org/slf4j/slf4j-log4j12/1.7.25/slf4j-log4j12-1.7.25.jar:/home/user/.m2/repository/org/apache/avro/avro/1.7.7/avro-1.7.7.jar:/home/user/.m2/repository/com/thoughtworks/paranamer/paranamer/2.3/paranamer-2.3.jar:/home/user/.m2/repository/org/xerial/snappy/snappy-java/1.0.5/snappy-java-1.0.5.jar:/home/user/.m2/repository/com/google/re2j/re2j/1.1/re2j-1.1.jar:/home/user/.m2/repository/com/google/code/gson/gson/2.2.4/gson-2.2.4.jar:/home/user/.m2/repository/org/apache/hadoop/hadoop-auth/3.2.0/hadoop-auth-3.2.0.jar:/home/user/.m2/repository/com/nimbusds/nimbus-jose-jwt/4.41.1/nimbus-jose-jwt-4.41.1.jar:/home/user/.m2/repository/com/github/stephenc/jcip/jcip-annotations/1.0-1/jcip-annotations-1.0-1.jar:/home/user/.m2/repository/net/minidev/json-smart/2.3/json-smart-2.3.jar:/home/user/.m2/repository/net/minidev/accessors-smart/1.2/accessors-smart-1.2.jar:/home/user/.m2/repository/org/apache/curator/curator-framework/2.12.0/curator-framework-2.12.0.jar:/home/user/.m2/repository/com/jcraft/jsch/0.1.54/jsch-0.1.54.jar:/home/user/.m2/repository/org/apache/curator/curator-client/2.12.0/curator-client-2.12.0.jar:/home/user/.m2/repository/org/apache/curator/curator-recipes/2.12.0/curator-recipes-2.12.0.jar:/home/user/.m2/repository/com/google/code/findbugs/jsr305/3.0.0/jsr305-3.0.0.jar:/home/user/.m2/repository/org/apache/htrace/htrace-core4/4.1.0-incubating/htrace-core4-4.1.0-incubating.jar:/home/user/.m2/repository/org/apache/zookeeper/zookeeper/3.4.13/zookeeper-3.4.13.jar:/home/user/.m2/repository/jline/jline/0.9.94/jline-0.9.94.jar:/home/user/.m2/repository/org/apache/yetus/audience-annotations/0.5.0/audience-annotations-0.5.0.jar:/home/user/.m2/repository/org/apache/commons/commons-compress/1.4.1/commons-compress-1.4.1.jar:/home/user/.m2/repository/org/tukaani/xz/1.0/xz-1.0.jar:/home/user/.m2/repository/org/apache/kerby/kerb-simplekdc/1.0.1/kerb-simplekdc-1.0.1.jar:/home/user/.m2/repository/org/apache/kerby/kerb-client/1.0.1/kerb-client-1.0.1.jar:/home/user/.m2/repository/org/apache/kerby/kerby-config/1.0.1/kerby-config-1.0.1.jar:/home/user/.m2/repository/org/apache/kerby/kerb-core/1.0.1/kerb-core-1.0.1.jar:/home/user/.m2/repository/org/apache/kerby/kerby-pkix/1.0.1/kerby-pkix-1.0.1.jar:/home/user/.m2/repository/org/apache/kerby/kerby-asn1/1.0.1/kerby-asn1-1.0.1.jar:/home/user/.m2/repository/org/apache/kerby/kerby-util/1.0.1/kerby-util-1.0.1.jar:/home/user/.m2/repository/org/apache/kerby/kerb-common/1.0.1/kerb-common-1.0.1.jar:/home/user/.m2/repository/org/apache/kerby/kerb-crypto/1.0.1/kerb-crypto-1.0.1.jar:/home/user/.m2/repository/org/apache/kerby/kerb-util/1.0.1/kerb-util-1.0.1.jar:/home/user/.m2/repository/org/apache/kerby/token-provider/1.0.1/token-provider-1.0.1.jar:/home/user/.m2/repository/org/apache/kerby/kerb-admin/1.0.1/kerb-admin-1.0.1.jar:/home/user/.m2/repository/org/apache/kerby/kerb-server/1.0.1/kerb-server-1.0.1.jar:/home/user/.m2/repository/org/apache/kerby/kerb-identity/1.0.1/kerb-identity-1.0.1.jar:/home/user/.m2/repository/org/apache/kerby/kerby-xdr/1.0.1/kerby-xdr-1.0.1.jar:/home/user/.m2/repository/com/fasterxml/jackson/core/jackson-databind/2.9.9/jackson-databind-2.9.9.jar:/home/user/.m2/repository/com/fasterxml/jackson/core/jackson-core/2.9.9/jackson-core-2.9.9.jar:/home/user/.m2/repository/org/codehaus/woodstox/stax2-api/3.1.4/stax2-api-3.1.4.jar:/home/user/.m2/repository/com/fasterxml/woodstox/woodstox-core/5.0.3/woodstox-core-5.0.3.jar:/home/user/.m2/repository/dnsjava/dnsjava/2.1.7/dnsjava-2.1.7.jar:/home/user/.m2/repository/org/apache/hadoop/hadoop-hdfs/3.2.0/hadoop-hdfs-3.2.0.jar:/home/user/.m2/repository/org/eclipse/jetty/jetty-util-ajax/9.3.25.v20180904/jetty-util-ajax-9.3.25.v20180904.jar:/home/user/.m2/repository/commons-daemon/commons-daemon/1.0.13/commons-daemon-1.0.13.jar:/home/user/.m2/repository/io/netty/netty/3.10.5.Final/netty-3.10.5.Final.jar:/home/user/.m2/repository/org/apache/hadoop/hadoop-hdfs-client/3.2.0/hadoop-hdfs-client-3.2.0.jar:/home/user/.m2/repository/com/fasterxml/jackson/core/jackson-annotations/2.9.9/jackson-annotations-2.9.9.jar:/home/user/.m2/repository/org/apache/hadoop/hadoop-common/3.2.0/hadoop-common-3.2.0-tests.jar:/home/user/.m2/repository/org/apache/hadoop/hadoop-hdfs/3.2.0/hadoop-hdfs-3.2.0-tests.jar:/home/user/.m2/repository/info/picocli/picocli/3.9.6/picocli-3.9.6.jar:/home/user/.m2/repository/com/google/protobuf/protobuf-java/2.5.0/protobuf-java-2.5.0.jar:/home/user/.m2/repository/com/google/guava/guava/11.0.2/guava-11.0.2.jar:/home/user/.m2/repository/junit/junit/4.11/junit-4.11.jar:"/>
    <property name="sun.cpu.endian" value="little"/>
    <property name="user.home" value="/home/user"/>
    <property name="user.language" value="en"/>
    <property name="java.specification.vendor" value="Oracle Corporation"/>
    <property name="java.home" value="/usr/lib/jvm/java-1.8.0-openjdk-1.8.0.222.b10-1.el7_7.x86_64/jre"/>
    <property name="java.security.krb5.conf" value="/workdir/hadoop-hdds/server-scm/target/test-classes/krb5.conf"/>
    <property name="basedir" value="/workdir/hadoop-hdds/server-scm"/>
    <property name="file.separator" value="/"/>
    <property name="line.separator" value="&#10;"/>
    <property name="java.vm.specification.vendor" value="Oracle Corporation"/>
    <property name="java.specification.name" value="Java Platform API Specification"/>
    <property name="java.awt.graphicsenv" value="sun.awt.X11GraphicsEnvironment"/>
    <property name="surefire.real.class.path" value="/workdir/hadoop-hdds/server-scm/target/surefire/surefirebooter8885946261806456987.jar"/>
    <property name="hadoop.log.dir" value="/workdir/hadoop-hdds/server-scm/target/log"/>
    <property name="sun.boot.class.path" value="/usr/lib/jvm/java-1.8.0-openjdk-1.8.0.222.b10-1.el7_7.x86_64/jre/lib/resources.jar:/usr/lib/jvm/java-1.8.0-openjdk-1.8.0.222.b10-1.el7_7.x86_64/jre/lib/rt.jar:/usr/lib/jvm/java-1.8.0-openjdk-1.8.0.222.b10-1.el7_7.x86_64/jre/lib/sunrsasign.jar:/usr/lib/jvm/java-1.8.0-openjdk-1.8.0.222.b10-1.el7_7.x86_64/jre/lib/jsse.jar:/usr/lib/jvm/java-1.8.0-openjdk-1.8.0.222.b10-1.el7_7.x86_64/jre/lib/jce.jar:/usr/lib/jvm/java-1.8.0-openjdk-1.8.0.222.b10-1.el7_7.x86_64/jre/lib/charsets.jar:/usr/lib/jvm/java-1.8.0-openjdk-1.8.0.222.b10-1.el7_7.x86_64/jre/lib/jfr.jar:/usr/lib/jvm/java-1.8.0-openjdk-1.8.0.222.b10-1.el7_7.x86_64/jre/classes"/>
    <property name="sun.management.compiler" value="HotSpot 64-Bit Tiered Compilers"/>
    <property name="java.runtime.version" value="1.8.0_222-b10"/>
    <property name="java.net.preferIPv4Stack" value="true"/>
    <property name="user.name" value="jenkins1000"/>
    <property name="path.separator" value=":"/>
    <property name="java.security.egd" value="file:///dev/urandom"/>
    <property name="os.version" value="3.10.0-957.12.2.el7.x86_64"/>
    <property name="java.endorsed.dirs" value="/usr/lib/jvm/java-1.8.0-openjdk-1.8.0.222.b10-1.el7_7.x86_64/jre/lib/endorsed"/>
    <property name="java.runtime.name" value="OpenJDK Runtime Environment"/>
    <property name="file.encoding" value="ANSI_X3.4-1968"/>
    <property name="java.vm.name" value="OpenJDK 64-Bit Server VM"/>
    <property name="test.build.webapps" value=""/>
    <property name="localRepository" value="/home/user/.m2/repository"/>
    <property name="java.vendor.url.bug" value="http://bugreport.sun.com/bugreport/"/>
    <property name="java.io.tmpdir" value="/tmp"/>
    <property name="require.test.libhadoop" value=""/>
    <property name="java.version" value="1.8.0_222"/>
    <property name="user.dir" value="/workdir/hadoop-hdds/server-scm"/>
    <property name="os.arch" value="amd64"/>
    <property name="java.vm.specification.name" value="Java Virtual Machine Specification"/>
    <property name="test.build.classes" value="/workdir/hadoop-hdds/server-scm/target/test-classes"/>
    <property name="java.awt.printerjob" value="sun.print.PSPrinterJob"/>
    <property name="sun.os.patch.level" value="unknown"/>
    <property name="hadoop.tmp.dir" value="/workdir/hadoop-hdds/server-scm/target/tmp"/>
    <property name="java.library.path" value="/usr/lib:/workdir/hadoop-hdds/server-scm/target/native/target/usr/local/lib:/workdir/hadoop-hdds/server-scm/../../hadoop-common-project/hadoop-common/target/native/target/usr/local/lib:/usr/java/packages/lib/amd64:/usr/lib64:/lib64:/lib:/usr/lib"/>
    <property name="java.vm.info" value="mixed mode"/>
    <property name="java.vendor" value="Oracle Corporation"/>
    <property name="java.vm.version" value="25.222-b10"/>
    <property name="java.ext.dirs" value="/usr/lib/jvm/java-1.8.0-openjdk-1.8.0.222.b10-1.el7_7.x86_64/jre/lib/ext:/usr/java/packages/lib/ext"/>
    <property name="sun.io.unicode.encoding" value="UnicodeLittle"/>
    <property name="java.class.version" value="52.0"/>
  </properties>
  <testcase name="testScmDetectStaleAndDeadNode" classname="org.apache.hadoop.hdds.scm.node.TestSCMNodeManager" time="1.762">
    <error type="java.lang.NullPointerException"><![CDATA[java.lang.NullPointerException
	at org.apache.hadoop.hdds.scm.server.StorageContainerManagerHttpServer.getSpnegoPrincipal(StorageContainerManagerHttpServer.java:74)
	at org.apache.hadoop.hdds.server.BaseHttpServer.<init>(BaseHttpServer.java:81)
	at org.apache.hadoop.hdds.scm.server.StorageContainerManagerHttpServer.<init>(StorageContainerManagerHttpServer.java:36)
	at org.apache.hadoop.hdds.scm.server.StorageContainerManager.<init>(StorageContainerManager.java:330)
	at org.apache.hadoop.hdds.scm.server.StorageContainerManager.<init>(StorageContainerManager.java:212)
	at org.apache.hadoop.hdds.scm.server.StorageContainerManager.createSCM(StorageContainerManager.java:598)
	at org.apache.hadoop.hdds.scm.HddsTestUtils.getScm(HddsTestUtils.java:91)
	at org.apache.hadoop.hdds.scm.node.TestSCMNodeManager.createNodeManager(TestSCMNodeManager.java:137)
	at org.apache.hadoop.hdds.scm.node.TestSCMNodeManager.testScmDetectStaleAndDeadNode(TestSCMNodeManager.java:290)
	at sun.reflect.NativeMethodAccessorImpl.invoke0(Native Method)
	at sun.reflect.NativeMethodAccessorImpl.invoke(NativeMethodAccessorImpl.java:62)
	at sun.reflect.DelegatingMethodAccessorImpl.invoke(DelegatingMethodAccessorImpl.java:43)
	at java.lang.reflect.Method.invoke(Method.java:498)
	at org.junit.runners.model.FrameworkMethod$1.runReflectiveCall(FrameworkMethod.java:47)
	at org.junit.internal.runners.model.ReflectiveCallable.run(ReflectiveCallable.java:12)
	at org.junit.runners.model.FrameworkMethod.invokeExplosively(FrameworkMethod.java:44)
	at org.junit.internal.runners.statements.InvokeMethod.evaluate(InvokeMethod.java:17)
	at org.junit.internal.runners.statements.RunBefores.evaluate(RunBefores.java:26)
	at org.junit.internal.runners.statements.RunAfters.evaluate(RunAfters.java:27)
	at org.junit.rules.ExpectedException$ExpectedExceptionStatement.evaluate(ExpectedException.java:168)
	at org.junit.rules.RunRules.evaluate(RunRules.java:20)
	at org.junit.runners.ParentRunner.runLeaf(ParentRunner.java:271)
	at org.junit.runners.BlockJUnit4ClassRunner.runChild(BlockJUnit4ClassRunner.java:70)
	at org.junit.runners.BlockJUnit4ClassRunner.runChild(BlockJUnit4ClassRunner.java:50)
	at org.junit.runners.ParentRunner$3.run(ParentRunner.java:238)
	at org.junit.runners.ParentRunner$1.schedule(ParentRunner.java:63)
	at org.junit.runners.ParentRunner.runChildren(ParentRunner.java:236)
	at org.junit.runners.ParentRunner.access$000(ParentRunner.java:53)
	at org.junit.runners.ParentRunner$2.evaluate(ParentRunner.java:229)
	at org.junit.internal.runners.statements.RunBefores.evaluate(RunBefores.java:26)
	at org.junit.runners.ParentRunner.run(ParentRunner.java:309)
	at org.apache.maven.surefire.junit4.JUnit4Provider.execute(JUnit4Provider.java:365)
	at org.apache.maven.surefire.junit4.JUnit4Provider.executeWithRerun(JUnit4Provider.java:273)
	at org.apache.maven.surefire.junit4.JUnit4Provider.executeTestSet(JUnit4Provider.java:238)
	at org.apache.maven.surefire.junit4.JUnit4Provider.invoke(JUnit4Provider.java:159)
	at org.apache.maven.surefire.booter.ForkedBooter.invokeProviderInSameClassLoader(ForkedBooter.java:384)
	at org.apache.maven.surefire.booter.ForkedBooter.runSuitesInProcess(ForkedBooter.java:345)
	at org.apache.maven.surefire.booter.ForkedBooter.execute(ForkedBooter.java:126)
	at org.apache.maven.surefire.booter.ForkedBooter.main(ForkedBooter.java:418)
]]></error>
    <system-out><![CDATA[2019-11-02 05:54:12,851 WARN  server.ServerUtils (ServerUtils.java:getScmDbDir(145)) - ozone.scm.db.dirs is not configured. We recommend adding this setting. Falling back to ozone.metadata.dirs instead.
2019-11-02 05:54:12,974 WARN  server.ServerUtils (ServerUtils.java:getScmDbDir(145)) - ozone.scm.db.dirs is not configured. We recommend adding this setting. Falling back to ozone.metadata.dirs instead.
2019-11-02 05:54:12,978 WARN  server.ServerUtils (ServerUtils.java:getScmDbDir(145)) - ozone.scm.db.dirs is not configured. We recommend adding this setting. Falling back to ozone.metadata.dirs instead.
2019-11-02 05:54:13,004 INFO  util.log (Log.java:initialized(192)) - Logging initialized @858ms
2019-11-02 05:54:13,100 INFO  db.DBStoreBuilder (DBStoreBuilder.java:addTable(127)) - using custom profile for table: deletedBlocks
2019-11-02 05:54:13,101 INFO  db.DBStoreBuilder (DBStoreBuilder.java:processTables(183)) - Using default column profile:DBProfile.DISK for Table:deletedBlocks
2019-11-02 05:54:13,101 INFO  db.DBStoreBuilder (DBStoreBuilder.java:addTable(127)) - using custom profile for table: validCerts
2019-11-02 05:54:13,101 INFO  db.DBStoreBuilder (DBStoreBuilder.java:processTables(183)) - Using default column profile:DBProfile.DISK for Table:validCerts
2019-11-02 05:54:13,102 INFO  db.DBStoreBuilder (DBStoreBuilder.java:addTable(127)) - using custom profile for table: revokedCerts
2019-11-02 05:54:13,102 INFO  db.DBStoreBuilder (DBStoreBuilder.java:processTables(183)) - Using default column profile:DBProfile.DISK for Table:revokedCerts
2019-11-02 05:54:13,116 INFO  db.DBStoreBuilder (DBStoreBuilder.java:addTable(127)) - using custom profile for table: default
2019-11-02 05:54:13,116 INFO  db.DBStoreBuilder (DBStoreBuilder.java:processTables(189)) - Using default column profile:DBProfile.DISK for Table:default
2019-11-02 05:54:13,117 INFO  db.DBStoreBuilder (DBStoreBuilder.java:getDbProfile(220)) - Using default options. DBProfile.DISK
2019-11-02 05:54:13,352 INFO  net.NodeSchemaLoader (NodeSchemaLoader.java:loadSchemaFromFile(125)) - Loading file from sun.misc.CompoundEnumeration@47d90b9e
2019-11-02 05:54:13,357 INFO  net.NodeSchemaLoader (NodeSchemaLoader.java:loadSchema(171)) - Loading network topology layer schema file
2019-11-02 05:54:13,436 INFO  node.SCMNodeManager (SCMNodeManager.java:<init>(116)) - Entering startup safe mode.
2019-11-02 05:54:13,506 INFO  algorithms.ContainerPlacementPolicyFactory (ContainerPlacementPolicyFactory.java:getPolicy(57)) - Create container placement policy of type org.apache.hadoop.hdds.scm.container.placement.algorithms.SCMContainerPlacementRandom
2019-11-02 05:54:13,519 WARN  server.ServerUtils (ServerUtils.java:getScmDbDir(145)) - ozone.scm.db.dirs is not configured. We recommend adding this setting. Falling back to ozone.metadata.dirs instead.
2019-11-02 05:54:13,587 INFO  pipeline.SCMPipelineManager (SCMPipelineManager.java:initializePipelineState(132)) - No pipeline exists in current db
2019-11-02 05:54:13,589 WARN  server.ServerUtils (ServerUtils.java:getScmDbDir(145)) - ozone.scm.db.dirs is not configured. We recommend adding this setting. Falling back to ozone.metadata.dirs instead.
2019-11-02 05:54:13,701 WARN  events.EventQueue (EventQueue.java:fireEvent(183)) - No event handler registered for event TypedEvent{payloadType=SafeModeStatus, name='SafeModeStatus'}
2019-11-02 05:54:13,777 WARN  util.NativeCodeLoader (NativeCodeLoader.java:<clinit>(60)) - Unable to load native-hadoop library for your platform... using builtin-java classes where applicable
2019-11-02 05:54:14,050 INFO  ipc.CallQueueManager (CallQueueManager.java:<init>(84)) - Using callQueue: class java.util.concurrent.LinkedBlockingQueue, queueCapacity: 1000, scheduler: class org.apache.hadoop.ipc.DefaultRpcScheduler, ipcBackoff: false.
2019-11-02 05:54:14,200 INFO  ipc.Server (Server.java:run(1074)) - Starting Socket Reader #1 for port 40255
2019-11-02 05:54:14,242 INFO  ipc.CallQueueManager (CallQueueManager.java:<init>(84)) - Using callQueue: class java.util.concurrent.LinkedBlockingQueue, queueCapacity: 1000, scheduler: class org.apache.hadoop.ipc.DefaultRpcScheduler, ipcBackoff: false.
2019-11-02 05:54:14,244 INFO  ipc.Server (Server.java:run(1074)) - Starting Socket Reader #1 for port 45920
2019-11-02 05:54:14,254 INFO  ipc.CallQueueManager (CallQueueManager.java:<init>(84)) - Using callQueue: class java.util.concurrent.LinkedBlockingQueue, queueCapacity: 1000, scheduler: class org.apache.hadoop.ipc.DefaultRpcScheduler, ipcBackoff: false.
2019-11-02 05:54:14,256 INFO  ipc.Server (Server.java:run(1074)) - Starting Socket Reader #1 for port 46079
]]></system-out>
    <system-err><![CDATA[ERROR StatusLogger No Log4j 2 configuration file found. Using default configuration (logging only errors to the console), or user programmatically provided configurations. Set system property 'log4j2.debug' to show Log4j 2 internal initialization logging. See https://logging.apache.org/log4j/2.x/manual/configuration.html for instructions on how to configure Log4j 2
]]></system-err>
  </testcase>
  <testcase name="testScmNodeReportUpdate" classname="org.apache.hadoop.hdds.scm.node.TestSCMNodeManager" time="0">
    <skipped/>
  </testcase>
  <testcase name="testScmRegisterNodeWithHostname" classname="org.apache.hadoop.hdds.scm.node.TestSCMNodeManager" time="0.338">
    <error type="java.lang.NullPointerException"><![CDATA[java.lang.NullPointerException
	at org.apache.hadoop.hdds.scm.server.StorageContainerManagerHttpServer.getSpnegoPrincipal(StorageContainerManagerHttpServer.java:74)
	at org.apache.hadoop.hdds.server.BaseHttpServer.<init>(BaseHttpServer.java:81)
	at org.apache.hadoop.hdds.scm.server.StorageContainerManagerHttpServer.<init>(StorageContainerManagerHttpServer.java:36)
	at org.apache.hadoop.hdds.scm.server.StorageContainerManager.<init>(StorageContainerManager.java:330)
	at org.apache.hadoop.hdds.scm.server.StorageContainerManager.<init>(StorageContainerManager.java:212)
	at org.apache.hadoop.hdds.scm.server.StorageContainerManager.createSCM(StorageContainerManager.java:598)
	at org.apache.hadoop.hdds.scm.HddsTestUtils.getScm(HddsTestUtils.java:91)
	at org.apache.hadoop.hdds.scm.node.TestSCMNodeManager.createNodeManager(TestSCMNodeManager.java:137)
	at org.apache.hadoop.hdds.scm.node.TestSCMNodeManager.testScmRegisterNodeWithNetworkTopology(TestSCMNodeManager.java:1152)
	at org.apache.hadoop.hdds.scm.node.TestSCMNodeManager.testScmRegisterNodeWithHostname(TestSCMNodeManager.java:1064)
	at sun.reflect.NativeMethodAccessorImpl.invoke0(Native Method)
	at sun.reflect.NativeMethodAccessorImpl.invoke(NativeMethodAccessorImpl.java:62)
	at sun.reflect.DelegatingMethodAccessorImpl.invoke(DelegatingMethodAccessorImpl.java:43)
	at java.lang.reflect.Method.invoke(Method.java:498)
	at org.junit.runners.model.FrameworkMethod$1.runReflectiveCall(FrameworkMethod.java:47)
	at org.junit.internal.runners.model.ReflectiveCallable.run(ReflectiveCallable.java:12)
	at org.junit.runners.model.FrameworkMethod.invokeExplosively(FrameworkMethod.java:44)
	at org.junit.internal.runners.statements.InvokeMethod.evaluate(InvokeMethod.java:17)
	at org.junit.internal.runners.statements.RunBefores.evaluate(RunBefores.java:26)
	at org.junit.internal.runners.statements.RunAfters.evaluate(RunAfters.java:27)
	at org.junit.rules.ExpectedException$ExpectedExceptionStatement.evaluate(ExpectedException.java:168)
	at org.junit.rules.RunRules.evaluate(RunRules.java:20)
	at org.junit.runners.ParentRunner.runLeaf(ParentRunner.java:271)
	at org.junit.runners.BlockJUnit4ClassRunner.runChild(BlockJUnit4ClassRunner.java:70)
	at org.junit.runners.BlockJUnit4ClassRunner.runChild(BlockJUnit4ClassRunner.java:50)
	at org.junit.runners.ParentRunner$3.run(ParentRunner.java:238)
	at org.junit.runners.ParentRunner$1.schedule(ParentRunner.java:63)
	at org.junit.runners.ParentRunner.runChildren(ParentRunner.java:236)
	at org.junit.runners.ParentRunner.access$000(ParentRunner.java:53)
	at org.junit.runners.ParentRunner$2.evaluate(ParentRunner.java:229)
	at org.junit.internal.runners.statements.RunBefores.evaluate(RunBefores.java:26)
	at org.junit.runners.ParentRunner.run(ParentRunner.java:309)
	at org.apache.maven.surefire.junit4.JUnit4Provider.execute(JUnit4Provider.java:365)
	at org.apache.maven.surefire.junit4.JUnit4Provider.executeWithRerun(JUnit4Provider.java:273)
	at org.apache.maven.surefire.junit4.JUnit4Provider.executeTestSet(JUnit4Provider.java:238)
	at org.apache.maven.surefire.junit4.JUnit4Provider.invoke(JUnit4Provider.java:159)
	at org.apache.maven.surefire.booter.ForkedBooter.invokeProviderInSameClassLoader(ForkedBooter.java:384)
	at org.apache.maven.surefire.booter.ForkedBooter.runSuitesInProcess(ForkedBooter.java:345)
	at org.apache.maven.surefire.booter.ForkedBooter.execute(ForkedBooter.java:126)
	at org.apache.maven.surefire.booter.ForkedBooter.main(ForkedBooter.java:418)
]]></error>
    <system-out><![CDATA[2019-11-02 05:54:14,322 WARN  server.ServerUtils (ServerUtils.java:getScmDbDir(145)) - ozone.scm.db.dirs is not configured. We recommend adding this setting. Falling back to ozone.metadata.dirs instead.
2019-11-02 05:54:14,337 WARN  server.ServerUtils (ServerUtils.java:getScmDbDir(145)) - ozone.scm.db.dirs is not configured. We recommend adding this setting. Falling back to ozone.metadata.dirs instead.
2019-11-02 05:54:14,338 WARN  server.ServerUtils (ServerUtils.java:getScmDbDir(145)) - ozone.scm.db.dirs is not configured. We recommend adding this setting. Falling back to ozone.metadata.dirs instead.
2019-11-02 05:54:14,339 INFO  db.DBStoreBuilder (DBStoreBuilder.java:addTable(127)) - using custom profile for table: deletedBlocks
2019-11-02 05:54:14,339 INFO  db.DBStoreBuilder (DBStoreBuilder.java:processTables(183)) - Using default column profile:DBProfile.DISK for Table:deletedBlocks
2019-11-02 05:54:14,340 INFO  db.DBStoreBuilder (DBStoreBuilder.java:addTable(127)) - using custom profile for table: validCerts
2019-11-02 05:54:14,340 INFO  db.DBStoreBuilder (DBStoreBuilder.java:processTables(183)) - Using default column profile:DBProfile.DISK for Table:validCerts
2019-11-02 05:54:14,340 INFO  db.DBStoreBuilder (DBStoreBuilder.java:addTable(127)) - using custom profile for table: revokedCerts
2019-11-02 05:54:14,341 INFO  db.DBStoreBuilder (DBStoreBuilder.java:processTables(183)) - Using default column profile:DBProfile.DISK for Table:revokedCerts
2019-11-02 05:54:14,341 INFO  db.DBStoreBuilder (DBStoreBuilder.java:addTable(127)) - using custom profile for table: default
2019-11-02 05:54:14,341 INFO  db.DBStoreBuilder (DBStoreBuilder.java:processTables(189)) - Using default column profile:DBProfile.DISK for Table:default
2019-11-02 05:54:14,342 INFO  db.DBStoreBuilder (DBStoreBuilder.java:getDbProfile(220)) - Using default options. DBProfile.DISK
2019-11-02 05:54:14,500 INFO  net.NodeSchemaLoader (NodeSchemaLoader.java:loadSchemaFromFile(125)) - Loading file from sun.misc.CompoundEnumeration@6aa8e115
2019-11-02 05:54:14,500 INFO  net.NodeSchemaLoader (NodeSchemaLoader.java:loadSchema(171)) - Loading network topology layer schema file
2019-11-02 05:54:14,505 INFO  node.SCMNodeManager (SCMNodeManager.java:<init>(116)) - Entering startup safe mode.
2019-11-02 05:54:14,506 WARN  util.MBeans (MBeans.java:getMBeanName(165)) - Error creating MBean object name: Hadoop:service=SCMNodeManager,name=SCMNodeManagerInfo
org.apache.hadoop.metrics2.MetricsException: org.apache.hadoop.metrics2.MetricsException: Hadoop:service=SCMNodeManager,name=SCMNodeManagerInfo already exists!
	at org.apache.hadoop.metrics2.lib.DefaultMetricsSystem.newObjectName(DefaultMetricsSystem.java:135)
	at org.apache.hadoop.metrics2.lib.DefaultMetricsSystem.newMBeanName(DefaultMetricsSystem.java:110)
	at org.apache.hadoop.metrics2.util.MBeans.getMBeanName(MBeans.java:163)
	at org.apache.hadoop.metrics2.util.MBeans.register(MBeans.java:95)
	at org.apache.hadoop.metrics2.util.MBeans.register(MBeans.java:72)
	at org.apache.hadoop.hdds.scm.node.SCMNodeManager.registerMXBean(SCMNodeManager.java:134)
	at org.apache.hadoop.hdds.scm.node.SCMNodeManager.<init>(SCMNodeManager.java:117)
	at org.apache.hadoop.hdds.scm.server.StorageContainerManager.initializeSystemManagers(StorageContainerManager.java:389)
	at org.apache.hadoop.hdds.scm.server.StorageContainerManager.<init>(StorageContainerManager.java:279)
	at org.apache.hadoop.hdds.scm.server.StorageContainerManager.<init>(StorageContainerManager.java:212)
	at org.apache.hadoop.hdds.scm.server.StorageContainerManager.createSCM(StorageContainerManager.java:598)
	at org.apache.hadoop.hdds.scm.HddsTestUtils.getScm(HddsTestUtils.java:91)
	at org.apache.hadoop.hdds.scm.node.TestSCMNodeManager.createNodeManager(TestSCMNodeManager.java:137)
	at org.apache.hadoop.hdds.scm.node.TestSCMNodeManager.testScmRegisterNodeWithNetworkTopology(TestSCMNodeManager.java:1152)
	at org.apache.hadoop.hdds.scm.node.TestSCMNodeManager.testScmRegisterNodeWithHostname(TestSCMNodeManager.java:1064)
	at sun.reflect.NativeMethodAccessorImpl.invoke0(Native Method)
	at sun.reflect.NativeMethodAccessorImpl.invoke(NativeMethodAccessorImpl.java:62)
	at sun.reflect.DelegatingMethodAccessorImpl.invoke(DelegatingMethodAccessorImpl.java:43)
	at java.lang.reflect.Method.invoke(Method.java:498)
	at org.junit.runners.model.FrameworkMethod$1.runReflectiveCall(FrameworkMethod.java:47)
	at org.junit.internal.runners.model.ReflectiveCallable.run(ReflectiveCallable.java:12)
	at org.junit.runners.model.FrameworkMethod.invokeExplosively(FrameworkMethod.java:44)
	at org.junit.internal.runners.statements.InvokeMethod.evaluate(InvokeMethod.java:17)
	at org.junit.internal.runners.statements.RunBefores.evaluate(RunBefores.java:26)
	at org.junit.internal.runners.statements.RunAfters.evaluate(RunAfters.java:27)
	at org.junit.rules.ExpectedException$ExpectedExceptionStatement.evaluate(ExpectedException.java:168)
	at org.junit.rules.RunRules.evaluate(RunRules.java:20)
	at org.junit.runners.ParentRunner.runLeaf(ParentRunner.java:271)
	at org.junit.runners.BlockJUnit4ClassRunner.runChild(BlockJUnit4ClassRunner.java:70)
	at org.junit.runners.BlockJUnit4ClassRunner.runChild(BlockJUnit4ClassRunner.java:50)
	at org.junit.runners.ParentRunner$3.run(ParentRunner.java:238)
	at org.junit.runners.ParentRunner$1.schedule(ParentRunner.java:63)
	at org.junit.runners.ParentRunner.runChildren(ParentRunner.java:236)
	at org.junit.runners.ParentRunner.access$000(ParentRunner.java:53)
	at org.junit.runners.ParentRunner$2.evaluate(ParentRunner.java:229)
	at org.junit.internal.runners.statements.RunBefores.evaluate(RunBefores.java:26)
	at org.junit.runners.ParentRunner.run(ParentRunner.java:309)
	at org.apache.maven.surefire.junit4.JUnit4Provider.execute(JUnit4Provider.java:365)
	at org.apache.maven.surefire.junit4.JUnit4Provider.executeWithRerun(JUnit4Provider.java:273)
	at org.apache.maven.surefire.junit4.JUnit4Provider.executeTestSet(JUnit4Provider.java:238)
	at org.apache.maven.surefire.junit4.JUnit4Provider.invoke(JUnit4Provider.java:159)
	at org.apache.maven.surefire.booter.ForkedBooter.invokeProviderInSameClassLoader(ForkedBooter.java:384)
	at org.apache.maven.surefire.booter.ForkedBooter.runSuitesInProcess(ForkedBooter.java:345)
	at org.apache.maven.surefire.booter.ForkedBooter.execute(ForkedBooter.java:126)
	at org.apache.maven.surefire.booter.ForkedBooter.main(ForkedBooter.java:418)
Caused by: org.apache.hadoop.metrics2.MetricsException: Hadoop:service=SCMNodeManager,name=SCMNodeManagerInfo already exists!
	at org.apache.hadoop.metrics2.lib.DefaultMetricsSystem.newObjectName(DefaultMetricsSystem.java:131)
	... 44 more
2019-11-02 05:54:14,511 INFO  algorithms.ContainerPlacementPolicyFactory (ContainerPlacementPolicyFactory.java:getPolicy(57)) - Create container placement policy of type org.apache.hadoop.hdds.scm.container.placement.algorithms.SCMContainerPlacementRandom
2019-11-02 05:54:14,511 WARN  server.ServerUtils (ServerUtils.java:getScmDbDir(145)) - ozone.scm.db.dirs is not configured. We recommend adding this setting. Falling back to ozone.metadata.dirs instead.
2019-11-02 05:54:14,552 WARN  util.MBeans (MBeans.java:getMBeanName(165)) - Error creating MBean object name: Hadoop:service=SCMPipelineManager,name=SCMPipelineManagerInfo
org.apache.hadoop.metrics2.MetricsException: org.apache.hadoop.metrics2.MetricsException: Hadoop:service=SCMPipelineManager,name=SCMPipelineManagerInfo already exists!
	at org.apache.hadoop.metrics2.lib.DefaultMetricsSystem.newObjectName(DefaultMetricsSystem.java:135)
	at org.apache.hadoop.metrics2.lib.DefaultMetricsSystem.newMBeanName(DefaultMetricsSystem.java:110)
	at org.apache.hadoop.metrics2.util.MBeans.getMBeanName(MBeans.java:163)
	at org.apache.hadoop.metrics2.util.MBeans.register(MBeans.java:95)
	at org.apache.hadoop.metrics2.util.MBeans.register(MBeans.java:72)
	at org.apache.hadoop.hdds.scm.pipeline.SCMPipelineManager.<init>(SCMPipelineManager.java:114)
	at org.apache.hadoop.hdds.scm.server.StorageContainerManager.initializeSystemManagers(StorageContainerManager.java:402)
	at org.apache.hadoop.hdds.scm.server.StorageContainerManager.<init>(StorageContainerManager.java:279)
	at org.apache.hadoop.hdds.scm.server.StorageContainerManager.<init>(StorageContainerManager.java:212)
	at org.apache.hadoop.hdds.scm.server.StorageContainerManager.createSCM(StorageContainerManager.java:598)
	at org.apache.hadoop.hdds.scm.HddsTestUtils.getScm(HddsTestUtils.java:91)
	at org.apache.hadoop.hdds.scm.node.TestSCMNodeManager.createNodeManager(TestSCMNodeManager.java:137)
	at org.apache.hadoop.hdds.scm.node.TestSCMNodeManager.testScmRegisterNodeWithNetworkTopology(TestSCMNodeManager.java:1152)
	at org.apache.hadoop.hdds.scm.node.TestSCMNodeManager.testScmRegisterNodeWithHostname(TestSCMNodeManager.java:1064)
	at sun.reflect.NativeMethodAccessorImpl.invoke0(Native Method)
	at sun.reflect.NativeMethodAccessorImpl.invoke(NativeMethodAccessorImpl.java:62)
	at sun.reflect.DelegatingMethodAccessorImpl.invoke(DelegatingMethodAccessorImpl.java:43)
	at java.lang.reflect.Method.invoke(Method.java:498)
	at org.junit.runners.model.FrameworkMethod$1.runReflectiveCall(FrameworkMethod.java:47)
	at org.junit.internal.runners.model.ReflectiveCallable.run(ReflectiveCallable.java:12)
	at org.junit.runners.model.FrameworkMethod.invokeExplosively(FrameworkMethod.java:44)
	at org.junit.internal.runners.statements.InvokeMethod.evaluate(InvokeMethod.java:17)
	at org.junit.internal.runners.statements.RunBefores.evaluate(RunBefores.java:26)
	at org.junit.internal.runners.statements.RunAfters.evaluate(RunAfters.java:27)
	at org.junit.rules.ExpectedException$ExpectedExceptionStatement.evaluate(ExpectedException.java:168)
	at org.junit.rules.RunRules.evaluate(RunRules.java:20)
	at org.junit.runners.ParentRunner.runLeaf(ParentRunner.java:271)
	at org.junit.runners.BlockJUnit4ClassRunner.runChild(BlockJUnit4ClassRunner.java:70)
	at org.junit.runners.BlockJUnit4ClassRunner.runChild(BlockJUnit4ClassRunner.java:50)
	at org.junit.runners.ParentRunner$3.run(ParentRunner.java:238)
	at org.junit.runners.ParentRunner$1.schedule(ParentRunner.java:63)
	at org.junit.runners.ParentRunner.runChildren(ParentRunner.java:236)
	at org.junit.runners.ParentRunner.access$000(ParentRunner.java:53)
	at org.junit.runners.ParentRunner$2.evaluate(ParentRunner.java:229)
	at org.junit.internal.runners.statements.RunBefores.evaluate(RunBefores.java:26)
	at org.junit.runners.ParentRunner.run(ParentRunner.java:309)
	at org.apache.maven.surefire.junit4.JUnit4Provider.execute(JUnit4Provider.java:365)
	at org.apache.maven.surefire.junit4.JUnit4Provider.executeWithRerun(JUnit4Provider.java:273)
	at org.apache.maven.surefire.junit4.JUnit4Provider.executeTestSet(JUnit4Provider.java:238)
	at org.apache.maven.surefire.junit4.JUnit4Provider.invoke(JUnit4Provider.java:159)
	at org.apache.maven.surefire.booter.ForkedBooter.invokeProviderInSameClassLoader(ForkedBooter.java:384)
	at org.apache.maven.surefire.booter.ForkedBooter.runSuitesInProcess(ForkedBooter.java:345)
	at org.apache.maven.surefire.booter.ForkedBooter.execute(ForkedBooter.java:126)
	at org.apache.maven.surefire.booter.ForkedBooter.main(ForkedBooter.java:418)
Caused by: org.apache.hadoop.metrics2.MetricsException: Hadoop:service=SCMPipelineManager,name=SCMPipelineManagerInfo already exists!
	at org.apache.hadoop.metrics2.lib.DefaultMetricsSystem.newObjectName(DefaultMetricsSystem.java:131)
	... 43 more
2019-11-02 05:54:14,554 INFO  pipeline.SCMPipelineManager (SCMPipelineManager.java:initializePipelineState(132)) - No pipeline exists in current db
2019-11-02 05:54:14,555 WARN  server.ServerUtils (ServerUtils.java:getScmDbDir(145)) - ozone.scm.db.dirs is not configured. We recommend adding this setting. Falling back to ozone.metadata.dirs instead.
2019-11-02 05:54:14,611 WARN  util.MBeans (MBeans.java:getMBeanName(165)) - Error creating MBean object name: Hadoop:service=BlockManager,name=BlockManagerImpl
org.apache.hadoop.metrics2.MetricsException: org.apache.hadoop.metrics2.MetricsException: Hadoop:service=BlockManager,name=BlockManagerImpl already exists!
	at org.apache.hadoop.metrics2.lib.DefaultMetricsSystem.newObjectName(DefaultMetricsSystem.java:135)
	at org.apache.hadoop.metrics2.lib.DefaultMetricsSystem.newMBeanName(DefaultMetricsSystem.java:110)
	at org.apache.hadoop.metrics2.util.MBeans.getMBeanName(MBeans.java:163)
	at org.apache.hadoop.metrics2.util.MBeans.register(MBeans.java:95)
	at org.apache.hadoop.metrics2.util.MBeans.register(MBeans.java:72)
	at org.apache.hadoop.hdds.scm.block.BlockManagerImpl.<init>(BlockManagerImpl.java:101)
	at org.apache.hadoop.hdds.scm.server.StorageContainerManager.initializeSystemManagers(StorageContainerManager.java:417)
	at org.apache.hadoop.hdds.scm.server.StorageContainerManager.<init>(StorageContainerManager.java:279)
	at org.apache.hadoop.hdds.scm.server.StorageContainerManager.<init>(StorageContainerManager.java:212)
	at org.apache.hadoop.hdds.scm.server.StorageContainerManager.createSCM(StorageContainerManager.java:598)
	at org.apache.hadoop.hdds.scm.HddsTestUtils.getScm(HddsTestUtils.java:91)
	at org.apache.hadoop.hdds.scm.node.TestSCMNodeManager.createNodeManager(TestSCMNodeManager.java:137)
	at org.apache.hadoop.hdds.scm.node.TestSCMNodeManager.testScmRegisterNodeWithNetworkTopology(TestSCMNodeManager.java:1152)
	at org.apache.hadoop.hdds.scm.node.TestSCMNodeManager.testScmRegisterNodeWithHostname(TestSCMNodeManager.java:1064)
	at sun.reflect.NativeMethodAccessorImpl.invoke0(Native Method)
	at sun.reflect.NativeMethodAccessorImpl.invoke(NativeMethodAccessorImpl.java:62)
	at sun.reflect.DelegatingMethodAccessorImpl.invoke(DelegatingMethodAccessorImpl.java:43)
	at java.lang.reflect.Method.invoke(Method.java:498)
	at org.junit.runners.model.FrameworkMethod$1.runReflectiveCall(FrameworkMethod.java:47)
	at org.junit.internal.runners.model.ReflectiveCallable.run(ReflectiveCallable.java:12)
	at org.junit.runners.model.FrameworkMethod.invokeExplosively(FrameworkMethod.java:44)
	at org.junit.internal.runners.statements.InvokeMethod.evaluate(InvokeMethod.java:17)
	at org.junit.internal.runners.statements.RunBefores.evaluate(RunBefores.java:26)
	at org.junit.internal.runners.statements.RunAfters.evaluate(RunAfters.java:27)
	at org.junit.rules.ExpectedException$ExpectedExceptionStatement.evaluate(ExpectedException.java:168)
	at org.junit.rules.RunRules.evaluate(RunRules.java:20)
	at org.junit.runners.ParentRunner.runLeaf(ParentRunner.java:271)
	at org.junit.runners.BlockJUnit4ClassRunner.runChild(BlockJUnit4ClassRunner.java:70)
	at org.junit.runners.BlockJUnit4ClassRunner.runChild(BlockJUnit4ClassRunner.java:50)
	at org.junit.runners.ParentRunner$3.run(ParentRunner.java:238)
	at org.junit.runners.ParentRunner$1.schedule(ParentRunner.java:63)
	at org.junit.runners.ParentRunner.runChildren(ParentRunner.java:236)
	at org.junit.runners.ParentRunner.access$000(ParentRunner.java:53)
	at org.junit.runners.ParentRunner$2.evaluate(ParentRunner.java:229)
	at org.junit.internal.runners.statements.RunBefores.evaluate(RunBefores.java:26)
	at org.junit.runners.ParentRunner.run(ParentRunner.java:309)
	at org.apache.maven.surefire.junit4.JUnit4Provider.execute(JUnit4Provider.java:365)
	at org.apache.maven.surefire.junit4.JUnit4Provider.executeWithRerun(JUnit4Provider.java:273)
	at org.apache.maven.surefire.junit4.JUnit4Provider.executeTestSet(JUnit4Provider.java:238)
	at org.apache.maven.surefire.junit4.JUnit4Provider.invoke(JUnit4Provider.java:159)
	at org.apache.maven.surefire.booter.ForkedBooter.invokeProviderInSameClassLoader(ForkedBooter.java:384)
	at org.apache.maven.surefire.booter.ForkedBooter.runSuitesInProcess(ForkedBooter.java:345)
	at org.apache.maven.surefire.booter.ForkedBooter.execute(ForkedBooter.java:126)
	at org.apache.maven.surefire.booter.ForkedBooter.main(ForkedBooter.java:418)
Caused by: org.apache.hadoop.metrics2.MetricsException: Hadoop:service=BlockManager,name=BlockManagerImpl already exists!
	at org.apache.hadoop.metrics2.lib.DefaultMetricsSystem.newObjectName(DefaultMetricsSystem.java:131)
	... 43 more
2019-11-02 05:54:14,616 WARN  events.EventQueue (EventQueue.java:fireEvent(183)) - No event handler registered for event TypedEvent{payloadType=SafeModeStatus, name='SafeModeStatus'}
2019-11-02 05:54:14,618 INFO  ipc.CallQueueManager (CallQueueManager.java:<init>(84)) - Using callQueue: class java.util.concurrent.LinkedBlockingQueue, queueCapacity: 1000, scheduler: class org.apache.hadoop.ipc.DefaultRpcScheduler, ipcBackoff: false.
2019-11-02 05:54:14,619 INFO  ipc.Server (Server.java:run(1074)) - Starting Socket Reader #1 for port 37865
2019-11-02 05:54:14,621 INFO  ipc.CallQueueManager (CallQueueManager.java:<init>(84)) - Using callQueue: class java.util.concurrent.LinkedBlockingQueue, queueCapacity: 1000, scheduler: class org.apache.hadoop.ipc.DefaultRpcScheduler, ipcBackoff: false.
2019-11-02 05:54:14,622 INFO  ipc.Server (Server.java:run(1074)) - Starting Socket Reader #1 for port 46500
2019-11-02 05:54:14,633 INFO  ipc.CallQueueManager (CallQueueManager.java:<init>(84)) - Using callQueue: class java.util.concurrent.LinkedBlockingQueue, queueCapacity: 1000, scheduler: class org.apache.hadoop.ipc.DefaultRpcScheduler, ipcBackoff: false.
2019-11-02 05:54:14,634 INFO  ipc.Server (Server.java:run(1074)) - Starting Socket Reader #1 for port 44211
]]></system-out>
  </testcase>
  <testcase name="testScmCanHandleScale" classname="org.apache.hadoop.hdds.scm.node.TestSCMNodeManager" time="0.326">
    <error type="java.lang.NullPointerException"><![CDATA[java.lang.NullPointerException
	at org.apache.hadoop.hdds.scm.server.StorageContainerManagerHttpServer.getSpnegoPrincipal(StorageContainerManagerHttpServer.java:74)
	at org.apache.hadoop.hdds.server.BaseHttpServer.<init>(BaseHttpServer.java:81)
	at org.apache.hadoop.hdds.scm.server.StorageContainerManagerHttpServer.<init>(StorageContainerManagerHttpServer.java:36)
	at org.apache.hadoop.hdds.scm.server.StorageContainerManager.<init>(StorageContainerManager.java:330)
	at org.apache.hadoop.hdds.scm.server.StorageContainerManager.<init>(StorageContainerManager.java:212)
	at org.apache.hadoop.hdds.scm.server.StorageContainerManager.createSCM(StorageContainerManager.java:598)
	at org.apache.hadoop.hdds.scm.HddsTestUtils.getScm(HddsTestUtils.java:91)
	at org.apache.hadoop.hdds.scm.node.TestSCMNodeManager.createNodeManager(TestSCMNodeManager.java:137)
	at org.apache.hadoop.hdds.scm.node.TestSCMNodeManager.testScmCanHandleScale(TestSCMNodeManager.java:791)
	at sun.reflect.NativeMethodAccessorImpl.invoke0(Native Method)
	at sun.reflect.NativeMethodAccessorImpl.invoke(NativeMethodAccessorImpl.java:62)
	at sun.reflect.DelegatingMethodAccessorImpl.invoke(DelegatingMethodAccessorImpl.java:43)
	at java.lang.reflect.Method.invoke(Method.java:498)
	at org.junit.runners.model.FrameworkMethod$1.runReflectiveCall(FrameworkMethod.java:47)
	at org.junit.internal.runners.model.ReflectiveCallable.run(ReflectiveCallable.java:12)
	at org.junit.runners.model.FrameworkMethod.invokeExplosively(FrameworkMethod.java:44)
	at org.junit.internal.runners.statements.InvokeMethod.evaluate(InvokeMethod.java:17)
	at org.junit.internal.runners.statements.RunBefores.evaluate(RunBefores.java:26)
	at org.junit.internal.runners.statements.RunAfters.evaluate(RunAfters.java:27)
	at org.junit.rules.ExpectedException$ExpectedExceptionStatement.evaluate(ExpectedException.java:168)
	at org.junit.rules.RunRules.evaluate(RunRules.java:20)
	at org.junit.runners.ParentRunner.runLeaf(ParentRunner.java:271)
	at org.junit.runners.BlockJUnit4ClassRunner.runChild(BlockJUnit4ClassRunner.java:70)
	at org.junit.runners.BlockJUnit4ClassRunner.runChild(BlockJUnit4ClassRunner.java:50)
	at org.junit.runners.ParentRunner$3.run(ParentRunner.java:238)
	at org.junit.runners.ParentRunner$1.schedule(ParentRunner.java:63)
	at org.junit.runners.ParentRunner.runChildren(ParentRunner.java:236)
	at org.junit.runners.ParentRunner.access$000(ParentRunner.java:53)
	at org.junit.runners.ParentRunner$2.evaluate(ParentRunner.java:229)
	at org.junit.internal.runners.statements.RunBefores.evaluate(RunBefores.java:26)
	at org.junit.runners.ParentRunner.run(ParentRunner.java:309)
	at org.apache.maven.surefire.junit4.JUnit4Provider.execute(JUnit4Provider.java:365)
	at org.apache.maven.surefire.junit4.JUnit4Provider.executeWithRerun(JUnit4Provider.java:273)
	at org.apache.maven.surefire.junit4.JUnit4Provider.executeTestSet(JUnit4Provider.java:238)
	at org.apache.maven.surefire.junit4.JUnit4Provider.invoke(JUnit4Provider.java:159)
	at org.apache.maven.surefire.booter.ForkedBooter.invokeProviderInSameClassLoader(ForkedBooter.java:384)
	at org.apache.maven.surefire.booter.ForkedBooter.runSuitesInProcess(ForkedBooter.java:345)
	at org.apache.maven.surefire.booter.ForkedBooter.execute(ForkedBooter.java:126)
	at org.apache.maven.surefire.booter.ForkedBooter.main(ForkedBooter.java:418)
]]></error>
    <system-out><![CDATA[2019-11-02 05:54:14,665 WARN  server.ServerUtils (ServerUtils.java:getScmDbDir(145)) - ozone.scm.db.dirs is not configured. We recommend adding this setting. Falling back to ozone.metadata.dirs instead.
2019-11-02 05:54:14,670 WARN  server.ServerUtils (ServerUtils.java:getScmDbDir(145)) - ozone.scm.db.dirs is not configured. We recommend adding this setting. Falling back to ozone.metadata.dirs instead.
2019-11-02 05:54:14,671 WARN  server.ServerUtils (ServerUtils.java:getScmDbDir(145)) - ozone.scm.db.dirs is not configured. We recommend adding this setting. Falling back to ozone.metadata.dirs instead.
2019-11-02 05:54:14,672 INFO  db.DBStoreBuilder (DBStoreBuilder.java:addTable(127)) - using custom profile for table: deletedBlocks
2019-11-02 05:54:14,672 INFO  db.DBStoreBuilder (DBStoreBuilder.java:processTables(183)) - Using default column profile:DBProfile.DISK for Table:deletedBlocks
2019-11-02 05:54:14,673 INFO  db.DBStoreBuilder (DBStoreBuilder.java:addTable(127)) - using custom profile for table: validCerts
2019-11-02 05:54:14,673 INFO  db.DBStoreBuilder (DBStoreBuilder.java:processTables(183)) - Using default column profile:DBProfile.DISK for Table:validCerts
2019-11-02 05:54:14,674 INFO  db.DBStoreBuilder (DBStoreBuilder.java:addTable(127)) - using custom profile for table: revokedCerts
2019-11-02 05:54:14,674 INFO  db.DBStoreBuilder (DBStoreBuilder.java:processTables(183)) - Using default column profile:DBProfile.DISK for Table:revokedCerts
2019-11-02 05:54:14,675 INFO  db.DBStoreBuilder (DBStoreBuilder.java:addTable(127)) - using custom profile for table: default
2019-11-02 05:54:14,675 INFO  db.DBStoreBuilder (DBStoreBuilder.java:processTables(189)) - Using default column profile:DBProfile.DISK for Table:default
2019-11-02 05:54:14,675 INFO  db.DBStoreBuilder (DBStoreBuilder.java:getDbProfile(220)) - Using default options. DBProfile.DISK
2019-11-02 05:54:14,843 INFO  net.NodeSchemaLoader (NodeSchemaLoader.java:loadSchemaFromFile(125)) - Loading file from sun.misc.CompoundEnumeration@748741cb
2019-11-02 05:54:14,843 INFO  net.NodeSchemaLoader (NodeSchemaLoader.java:loadSchema(171)) - Loading network topology layer schema file
2019-11-02 05:54:14,849 INFO  node.SCMNodeManager (SCMNodeManager.java:<init>(116)) - Entering startup safe mode.
2019-11-02 05:54:14,850 WARN  util.MBeans (MBeans.java:getMBeanName(165)) - Error creating MBean object name: Hadoop:service=SCMNodeManager,name=SCMNodeManagerInfo
org.apache.hadoop.metrics2.MetricsException: org.apache.hadoop.metrics2.MetricsException: Hadoop:service=SCMNodeManager,name=SCMNodeManagerInfo already exists!
	at org.apache.hadoop.metrics2.lib.DefaultMetricsSystem.newObjectName(DefaultMetricsSystem.java:135)
	at org.apache.hadoop.metrics2.lib.DefaultMetricsSystem.newMBeanName(DefaultMetricsSystem.java:110)
	at org.apache.hadoop.metrics2.util.MBeans.getMBeanName(MBeans.java:163)
	at org.apache.hadoop.metrics2.util.MBeans.register(MBeans.java:95)
	at org.apache.hadoop.metrics2.util.MBeans.register(MBeans.java:72)
	at org.apache.hadoop.hdds.scm.node.SCMNodeManager.registerMXBean(SCMNodeManager.java:134)
	at org.apache.hadoop.hdds.scm.node.SCMNodeManager.<init>(SCMNodeManager.java:117)
	at org.apache.hadoop.hdds.scm.server.StorageContainerManager.initializeSystemManagers(StorageContainerManager.java:389)
	at org.apache.hadoop.hdds.scm.server.StorageContainerManager.<init>(StorageContainerManager.java:279)
	at org.apache.hadoop.hdds.scm.server.StorageContainerManager.<init>(StorageContainerManager.java:212)
	at org.apache.hadoop.hdds.scm.server.StorageContainerManager.createSCM(StorageContainerManager.java:598)
	at org.apache.hadoop.hdds.scm.HddsTestUtils.getScm(HddsTestUtils.java:91)
	at org.apache.hadoop.hdds.scm.node.TestSCMNodeManager.createNodeManager(TestSCMNodeManager.java:137)
	at org.apache.hadoop.hdds.scm.node.TestSCMNodeManager.testScmCanHandleScale(TestSCMNodeManager.java:791)
	at sun.reflect.NativeMethodAccessorImpl.invoke0(Native Method)
	at sun.reflect.NativeMethodAccessorImpl.invoke(NativeMethodAccessorImpl.java:62)
	at sun.reflect.DelegatingMethodAccessorImpl.invoke(DelegatingMethodAccessorImpl.java:43)
	at java.lang.reflect.Method.invoke(Method.java:498)
	at org.junit.runners.model.FrameworkMethod$1.runReflectiveCall(FrameworkMethod.java:47)
	at org.junit.internal.runners.model.ReflectiveCallable.run(ReflectiveCallable.java:12)
	at org.junit.runners.model.FrameworkMethod.invokeExplosively(FrameworkMethod.java:44)
	at org.junit.internal.runners.statements.InvokeMethod.evaluate(InvokeMethod.java:17)
	at org.junit.internal.runners.statements.RunBefores.evaluate(RunBefores.java:26)
	at org.junit.internal.runners.statements.RunAfters.evaluate(RunAfters.java:27)
	at org.junit.rules.ExpectedException$ExpectedExceptionStatement.evaluate(ExpectedException.java:168)
	at org.junit.rules.RunRules.evaluate(RunRules.java:20)
	at org.junit.runners.ParentRunner.runLeaf(ParentRunner.java:271)
	at org.junit.runners.BlockJUnit4ClassRunner.runChild(BlockJUnit4ClassRunner.java:70)
	at org.junit.runners.BlockJUnit4ClassRunner.runChild(BlockJUnit4ClassRunner.java:50)
	at org.junit.runners.ParentRunner$3.run(ParentRunner.java:238)
	at org.junit.runners.ParentRunner$1.schedule(ParentRunner.java:63)
	at org.junit.runners.ParentRunner.runChildren(ParentRunner.java:236)
	at org.junit.runners.ParentRunner.access$000(ParentRunner.java:53)
	at org.junit.runners.ParentRunner$2.evaluate(ParentRunner.java:229)
	at org.junit.internal.runners.statements.RunBefores.evaluate(RunBefores.java:26)
	at org.junit.runners.ParentRunner.run(ParentRunner.java:309)
	at org.apache.maven.surefire.junit4.JUnit4Provider.execute(JUnit4Provider.java:365)
	at org.apache.maven.surefire.junit4.JUnit4Provider.executeWithRerun(JUnit4Provider.java:273)
	at org.apache.maven.surefire.junit4.JUnit4Provider.executeTestSet(JUnit4Provider.java:238)
	at org.apache.maven.surefire.junit4.JUnit4Provider.invoke(JUnit4Provider.java:159)
	at org.apache.maven.surefire.booter.ForkedBooter.invokeProviderInSameClassLoader(ForkedBooter.java:384)
	at org.apache.maven.surefire.booter.ForkedBooter.runSuitesInProcess(ForkedBooter.java:345)
	at org.apache.maven.surefire.booter.ForkedBooter.execute(ForkedBooter.java:126)
	at org.apache.maven.surefire.booter.ForkedBooter.main(ForkedBooter.java:418)
Caused by: org.apache.hadoop.metrics2.MetricsException: Hadoop:service=SCMNodeManager,name=SCMNodeManagerInfo already exists!
	at org.apache.hadoop.metrics2.lib.DefaultMetricsSystem.newObjectName(DefaultMetricsSystem.java:131)
	... 43 more
2019-11-02 05:54:14,852 INFO  algorithms.ContainerPlacementPolicyFactory (ContainerPlacementPolicyFactory.java:getPolicy(57)) - Create container placement policy of type org.apache.hadoop.hdds.scm.container.placement.algorithms.SCMContainerPlacementRandom
2019-11-02 05:54:14,852 WARN  server.ServerUtils (ServerUtils.java:getScmDbDir(145)) - ozone.scm.db.dirs is not configured. We recommend adding this setting. Falling back to ozone.metadata.dirs instead.
2019-11-02 05:54:14,885 WARN  util.MBeans (MBeans.java:getMBeanName(165)) - Error creating MBean object name: Hadoop:service=SCMPipelineManager,name=SCMPipelineManagerInfo
org.apache.hadoop.metrics2.MetricsException: org.apache.hadoop.metrics2.MetricsException: Hadoop:service=SCMPipelineManager,name=SCMPipelineManagerInfo already exists!
	at org.apache.hadoop.metrics2.lib.DefaultMetricsSystem.newObjectName(DefaultMetricsSystem.java:135)
	at org.apache.hadoop.metrics2.lib.DefaultMetricsSystem.newMBeanName(DefaultMetricsSystem.java:110)
	at org.apache.hadoop.metrics2.util.MBeans.getMBeanName(MBeans.java:163)
	at org.apache.hadoop.metrics2.util.MBeans.register(MBeans.java:95)
	at org.apache.hadoop.metrics2.util.MBeans.register(MBeans.java:72)
	at org.apache.hadoop.hdds.scm.pipeline.SCMPipelineManager.<init>(SCMPipelineManager.java:114)
	at org.apache.hadoop.hdds.scm.server.StorageContainerManager.initializeSystemManagers(StorageContainerManager.java:402)
	at org.apache.hadoop.hdds.scm.server.StorageContainerManager.<init>(StorageContainerManager.java:279)
	at org.apache.hadoop.hdds.scm.server.StorageContainerManager.<init>(StorageContainerManager.java:212)
	at org.apache.hadoop.hdds.scm.server.StorageContainerManager.createSCM(StorageContainerManager.java:598)
	at org.apache.hadoop.hdds.scm.HddsTestUtils.getScm(HddsTestUtils.java:91)
	at org.apache.hadoop.hdds.scm.node.TestSCMNodeManager.createNodeManager(TestSCMNodeManager.java:137)
	at org.apache.hadoop.hdds.scm.node.TestSCMNodeManager.testScmCanHandleScale(TestSCMNodeManager.java:791)
	at sun.reflect.NativeMethodAccessorImpl.invoke0(Native Method)
	at sun.reflect.NativeMethodAccessorImpl.invoke(NativeMethodAccessorImpl.java:62)
	at sun.reflect.DelegatingMethodAccessorImpl.invoke(DelegatingMethodAccessorImpl.java:43)
	at java.lang.reflect.Method.invoke(Method.java:498)
	at org.junit.runners.model.FrameworkMethod$1.runReflectiveCall(FrameworkMethod.java:47)
	at org.junit.internal.runners.model.ReflectiveCallable.run(ReflectiveCallable.java:12)
	at org.junit.runners.model.FrameworkMethod.invokeExplosively(FrameworkMethod.java:44)
	at org.junit.internal.runners.statements.InvokeMethod.evaluate(InvokeMethod.java:17)
	at org.junit.internal.runners.statements.RunBefores.evaluate(RunBefores.java:26)
	at org.junit.internal.runners.statements.RunAfters.evaluate(RunAfters.java:27)
	at org.junit.rules.ExpectedException$ExpectedExceptionStatement.evaluate(ExpectedException.java:168)
	at org.junit.rules.RunRules.evaluate(RunRules.java:20)
	at org.junit.runners.ParentRunner.runLeaf(ParentRunner.java:271)
	at org.junit.runners.BlockJUnit4ClassRunner.runChild(BlockJUnit4ClassRunner.java:70)
	at org.junit.runners.BlockJUnit4ClassRunner.runChild(BlockJUnit4ClassRunner.java:50)
	at org.junit.runners.ParentRunner$3.run(ParentRunner.java:238)
	at org.junit.runners.ParentRunner$1.schedule(ParentRunner.java:63)
	at org.junit.runners.ParentRunner.runChildren(ParentRunner.java:236)
	at org.junit.runners.ParentRunner.access$000(ParentRunner.java:53)
	at org.junit.runners.ParentRunner$2.evaluate(ParentRunner.java:229)
	at org.junit.internal.runners.statements.RunBefores.evaluate(RunBefores.java:26)
	at org.junit.runners.ParentRunner.run(ParentRunner.java:309)
	at org.apache.maven.surefire.junit4.JUnit4Provider.execute(JUnit4Provider.java:365)
	at org.apache.maven.surefire.junit4.JUnit4Provider.executeWithRerun(JUnit4Provider.java:273)
	at org.apache.maven.surefire.junit4.JUnit4Provider.executeTestSet(JUnit4Provider.java:238)
	at org.apache.maven.surefire.junit4.JUnit4Provider.invoke(JUnit4Provider.java:159)
	at org.apache.maven.surefire.booter.ForkedBooter.invokeProviderInSameClassLoader(ForkedBooter.java:384)
	at org.apache.maven.surefire.booter.ForkedBooter.runSuitesInProcess(ForkedBooter.java:345)
	at org.apache.maven.surefire.booter.ForkedBooter.execute(ForkedBooter.java:126)
	at org.apache.maven.surefire.booter.ForkedBooter.main(ForkedBooter.java:418)
Caused by: org.apache.hadoop.metrics2.MetricsException: Hadoop:service=SCMPipelineManager,name=SCMPipelineManagerInfo already exists!
	at org.apache.hadoop.metrics2.lib.DefaultMetricsSystem.newObjectName(DefaultMetricsSystem.java:131)
	... 42 more
2019-11-02 05:54:14,887 INFO  pipeline.SCMPipelineManager (SCMPipelineManager.java:initializePipelineState(132)) - No pipeline exists in current db
2019-11-02 05:54:14,887 WARN  server.ServerUtils (ServerUtils.java:getScmDbDir(145)) - ozone.scm.db.dirs is not configured. We recommend adding this setting. Falling back to ozone.metadata.dirs instead.
2019-11-02 05:54:14,956 WARN  util.MBeans (MBeans.java:getMBeanName(165)) - Error creating MBean object name: Hadoop:service=BlockManager,name=BlockManagerImpl
org.apache.hadoop.metrics2.MetricsException: org.apache.hadoop.metrics2.MetricsException: Hadoop:service=BlockManager,name=BlockManagerImpl already exists!
	at org.apache.hadoop.metrics2.lib.DefaultMetricsSystem.newObjectName(DefaultMetricsSystem.java:135)
	at org.apache.hadoop.metrics2.lib.DefaultMetricsSystem.newMBeanName(DefaultMetricsSystem.java:110)
	at org.apache.hadoop.metrics2.util.MBeans.getMBeanName(MBeans.java:163)
	at org.apache.hadoop.metrics2.util.MBeans.register(MBeans.java:95)
	at org.apache.hadoop.metrics2.util.MBeans.register(MBeans.java:72)
	at org.apache.hadoop.hdds.scm.block.BlockManagerImpl.<init>(BlockManagerImpl.java:101)
	at org.apache.hadoop.hdds.scm.server.StorageContainerManager.initializeSystemManagers(StorageContainerManager.java:417)
	at org.apache.hadoop.hdds.scm.server.StorageContainerManager.<init>(StorageContainerManager.java:279)
	at org.apache.hadoop.hdds.scm.server.StorageContainerManager.<init>(StorageContainerManager.java:212)
	at org.apache.hadoop.hdds.scm.server.StorageContainerManager.createSCM(StorageContainerManager.java:598)
	at org.apache.hadoop.hdds.scm.HddsTestUtils.getScm(HddsTestUtils.java:91)
	at org.apache.hadoop.hdds.scm.node.TestSCMNodeManager.createNodeManager(TestSCMNodeManager.java:137)
	at org.apache.hadoop.hdds.scm.node.TestSCMNodeManager.testScmCanHandleScale(TestSCMNodeManager.java:791)
	at sun.reflect.NativeMethodAccessorImpl.invoke0(Native Method)
	at sun.reflect.NativeMethodAccessorImpl.invoke(NativeMethodAccessorImpl.java:62)
	at sun.reflect.DelegatingMethodAccessorImpl.invoke(DelegatingMethodAccessorImpl.java:43)
	at java.lang.reflect.Method.invoke(Method.java:498)
	at org.junit.runners.model.FrameworkMethod$1.runReflectiveCall(FrameworkMethod.java:47)
	at org.junit.internal.runners.model.ReflectiveCallable.run(ReflectiveCallable.java:12)
	at org.junit.runners.model.FrameworkMethod.invokeExplosively(FrameworkMethod.java:44)
	at org.junit.internal.runners.statements.InvokeMethod.evaluate(InvokeMethod.java:17)
	at org.junit.internal.runners.statements.RunBefores.evaluate(RunBefores.java:26)
	at org.junit.internal.runners.statements.RunAfters.evaluate(RunAfters.java:27)
	at org.junit.rules.ExpectedException$ExpectedExceptionStatement.evaluate(ExpectedException.java:168)
	at org.junit.rules.RunRules.evaluate(RunRules.java:20)
	at org.junit.runners.ParentRunner.runLeaf(ParentRunner.java:271)
	at org.junit.runners.BlockJUnit4ClassRunner.runChild(BlockJUnit4ClassRunner.java:70)
	at org.junit.runners.BlockJUnit4ClassRunner.runChild(BlockJUnit4ClassRunner.java:50)
	at org.junit.runners.ParentRunner$3.run(ParentRunner.java:238)
	at org.junit.runners.ParentRunner$1.schedule(ParentRunner.java:63)
	at org.junit.runners.ParentRunner.runChildren(ParentRunner.java:236)
	at org.junit.runners.ParentRunner.access$000(ParentRunner.java:53)
	at org.junit.runners.ParentRunner$2.evaluate(ParentRunner.java:229)
	at org.junit.internal.runners.statements.RunBefores.evaluate(RunBefores.java:26)
	at org.junit.runners.ParentRunner.run(ParentRunner.java:309)
	at org.apache.maven.surefire.junit4.JUnit4Provider.execute(JUnit4Provider.java:365)
	at org.apache.maven.surefire.junit4.JUnit4Provider.executeWithRerun(JUnit4Provider.java:273)
	at org.apache.maven.surefire.junit4.JUnit4Provider.executeTestSet(JUnit4Provider.java:238)
	at org.apache.maven.surefire.junit4.JUnit4Provider.invoke(JUnit4Provider.java:159)
	at org.apache.maven.surefire.booter.ForkedBooter.invokeProviderInSameClassLoader(ForkedBooter.java:384)
	at org.apache.maven.surefire.booter.ForkedBooter.runSuitesInProcess(ForkedBooter.java:345)
	at org.apache.maven.surefire.booter.ForkedBooter.execute(ForkedBooter.java:126)
	at org.apache.maven.surefire.booter.ForkedBooter.main(ForkedBooter.java:418)
Caused by: org.apache.hadoop.metrics2.MetricsException: Hadoop:service=BlockManager,name=BlockManagerImpl already exists!
	at org.apache.hadoop.metrics2.lib.DefaultMetricsSystem.newObjectName(DefaultMetricsSystem.java:131)
	... 42 more
2019-11-02 05:54:14,959 WARN  events.EventQueue (EventQueue.java:fireEvent(183)) - No event handler registered for event TypedEvent{payloadType=SafeModeStatus, name='SafeModeStatus'}
2019-11-02 05:54:14,960 INFO  ipc.CallQueueManager (CallQueueManager.java:<init>(84)) - Using callQueue: class java.util.concurrent.LinkedBlockingQueue, queueCapacity: 1000, scheduler: class org.apache.hadoop.ipc.DefaultRpcScheduler, ipcBackoff: false.
2019-11-02 05:54:14,961 INFO  ipc.Server (Server.java:run(1074)) - Starting Socket Reader #1 for port 39309
2019-11-02 05:54:14,962 INFO  ipc.CallQueueManager (CallQueueManager.java:<init>(84)) - Using callQueue: class java.util.concurrent.LinkedBlockingQueue, queueCapacity: 1000, scheduler: class org.apache.hadoop.ipc.DefaultRpcScheduler, ipcBackoff: false.
2019-11-02 05:54:14,963 INFO  ipc.Server (Server.java:run(1074)) - Starting Socket Reader #1 for port 34679
2019-11-02 05:54:14,964 INFO  ipc.CallQueueManager (CallQueueManager.java:<init>(84)) - Using callQueue: class java.util.concurrent.LinkedBlockingQueue, queueCapacity: 1000, scheduler: class org.apache.hadoop.ipc.DefaultRpcScheduler, ipcBackoff: false.
2019-11-02 05:54:14,965 INFO  ipc.Server (Server.java:run(1074)) - Starting Socket Reader #1 for port 36901
]]></system-out>
  </testcase>
  <testcase name="testScmHeartbeat" classname="org.apache.hadoop.hdds.scm.node.TestSCMNodeManager" time="0.326">
    <error type="java.lang.NullPointerException"><![CDATA[java.lang.NullPointerException
	at org.apache.hadoop.hdds.scm.server.StorageContainerManagerHttpServer.getSpnegoPrincipal(StorageContainerManagerHttpServer.java:74)
	at org.apache.hadoop.hdds.server.BaseHttpServer.<init>(BaseHttpServer.java:81)
	at org.apache.hadoop.hdds.scm.server.StorageContainerManagerHttpServer.<init>(StorageContainerManagerHttpServer.java:36)
	at org.apache.hadoop.hdds.scm.server.StorageContainerManager.<init>(StorageContainerManager.java:330)
	at org.apache.hadoop.hdds.scm.server.StorageContainerManager.<init>(StorageContainerManager.java:212)
	at org.apache.hadoop.hdds.scm.server.StorageContainerManager.createSCM(StorageContainerManager.java:598)
	at org.apache.hadoop.hdds.scm.HddsTestUtils.getScm(HddsTestUtils.java:91)
	at org.apache.hadoop.hdds.scm.node.TestSCMNodeManager.createNodeManager(TestSCMNodeManager.java:137)
	at org.apache.hadoop.hdds.scm.node.TestSCMNodeManager.testScmHeartbeat(TestSCMNodeManager.java:153)
	at sun.reflect.NativeMethodAccessorImpl.invoke0(Native Method)
	at sun.reflect.NativeMethodAccessorImpl.invoke(NativeMethodAccessorImpl.java:62)
	at sun.reflect.DelegatingMethodAccessorImpl.invoke(DelegatingMethodAccessorImpl.java:43)
	at java.lang.reflect.Method.invoke(Method.java:498)
	at org.junit.runners.model.FrameworkMethod$1.runReflectiveCall(FrameworkMethod.java:47)
	at org.junit.internal.runners.model.ReflectiveCallable.run(ReflectiveCallable.java:12)
	at org.junit.runners.model.FrameworkMethod.invokeExplosively(FrameworkMethod.java:44)
	at org.junit.internal.runners.statements.InvokeMethod.evaluate(InvokeMethod.java:17)
	at org.junit.internal.runners.statements.RunBefores.evaluate(RunBefores.java:26)
	at org.junit.internal.runners.statements.RunAfters.evaluate(RunAfters.java:27)
	at org.junit.rules.ExpectedException$ExpectedExceptionStatement.evaluate(ExpectedException.java:168)
	at org.junit.rules.RunRules.evaluate(RunRules.java:20)
	at org.junit.runners.ParentRunner.runLeaf(ParentRunner.java:271)
	at org.junit.runners.BlockJUnit4ClassRunner.runChild(BlockJUnit4ClassRunner.java:70)
	at org.junit.runners.BlockJUnit4ClassRunner.runChild(BlockJUnit4ClassRunner.java:50)
	at org.junit.runners.ParentRunner$3.run(ParentRunner.java:238)
	at org.junit.runners.ParentRunner$1.schedule(ParentRunner.java:63)
	at org.junit.runners.ParentRunner.runChildren(ParentRunner.java:236)
	at org.junit.runners.ParentRunner.access$000(ParentRunner.java:53)
	at org.junit.runners.ParentRunner$2.evaluate(ParentRunner.java:229)
	at org.junit.internal.runners.statements.RunBefores.evaluate(RunBefores.java:26)
	at org.junit.runners.ParentRunner.run(ParentRunner.java:309)
	at org.apache.maven.surefire.junit4.JUnit4Provider.execute(JUnit4Provider.java:365)
	at org.apache.maven.surefire.junit4.JUnit4Provider.executeWithRerun(JUnit4Provider.java:273)
	at org.apache.maven.surefire.junit4.JUnit4Provider.executeTestSet(JUnit4Provider.java:238)
	at org.apache.maven.surefire.junit4.JUnit4Provider.invoke(JUnit4Provider.java:159)
	at org.apache.maven.surefire.booter.ForkedBooter.invokeProviderInSameClassLoader(ForkedBooter.java:384)
	at org.apache.maven.surefire.booter.ForkedBooter.runSuitesInProcess(ForkedBooter.java:345)
	at org.apache.maven.surefire.booter.ForkedBooter.execute(ForkedBooter.java:126)
	at org.apache.maven.surefire.booter.ForkedBooter.main(ForkedBooter.java:418)
]]></error>
    <system-out><![CDATA[2019-11-02 05:54:14,983 WARN  server.ServerUtils (ServerUtils.java:getScmDbDir(145)) - ozone.scm.db.dirs is not configured. We recommend adding this setting. Falling back to ozone.metadata.dirs instead.
2019-11-02 05:54:14,998 WARN  server.ServerUtils (ServerUtils.java:getScmDbDir(145)) - ozone.scm.db.dirs is not configured. We recommend adding this setting. Falling back to ozone.metadata.dirs instead.
2019-11-02 05:54:14,999 WARN  server.ServerUtils (ServerUtils.java:getScmDbDir(145)) - ozone.scm.db.dirs is not configured. We recommend adding this setting. Falling back to ozone.metadata.dirs instead.
2019-11-02 05:54:15,000 INFO  db.DBStoreBuilder (DBStoreBuilder.java:addTable(127)) - using custom profile for table: deletedBlocks
2019-11-02 05:54:15,001 INFO  db.DBStoreBuilder (DBStoreBuilder.java:processTables(183)) - Using default column profile:DBProfile.DISK for Table:deletedBlocks
2019-11-02 05:54:15,001 INFO  db.DBStoreBuilder (DBStoreBuilder.java:addTable(127)) - using custom profile for table: validCerts
2019-11-02 05:54:15,002 INFO  db.DBStoreBuilder (DBStoreBuilder.java:processTables(183)) - Using default column profile:DBProfile.DISK for Table:validCerts
2019-11-02 05:54:15,002 INFO  db.DBStoreBuilder (DBStoreBuilder.java:addTable(127)) - using custom profile for table: revokedCerts
2019-11-02 05:54:15,002 INFO  db.DBStoreBuilder (DBStoreBuilder.java:processTables(183)) - Using default column profile:DBProfile.DISK for Table:revokedCerts
2019-11-02 05:54:15,003 INFO  db.DBStoreBuilder (DBStoreBuilder.java:addTable(127)) - using custom profile for table: default
2019-11-02 05:54:15,003 INFO  db.DBStoreBuilder (DBStoreBuilder.java:processTables(189)) - Using default column profile:DBProfile.DISK for Table:default
2019-11-02 05:54:15,004 INFO  db.DBStoreBuilder (DBStoreBuilder.java:getDbProfile(220)) - Using default options. DBProfile.DISK
2019-11-02 05:54:15,153 INFO  net.NodeSchemaLoader (NodeSchemaLoader.java:loadSchemaFromFile(125)) - Loading file from sun.misc.CompoundEnumeration@4bd31064
2019-11-02 05:54:15,154 INFO  net.NodeSchemaLoader (NodeSchemaLoader.java:loadSchema(171)) - Loading network topology layer schema file
2019-11-02 05:54:15,159 WARN  server.ServerUtils (ServerUtils.java:sanitizeUserArgs(70)) - ozone.scm.stale.node.interval value = 300000 is larger than max = 100000 based on the key value of ozone.scm.heartbeat.thread.interval, reset to the max value 100000.
2019-11-02 05:54:15,160 WARN  server.ServerUtils (ServerUtils.java:sanitizeUserArgs(70)) - ozone.scm.stale.node.interval value = 300000 is larger than max = 100000 based on the key value of ozone.scm.heartbeat.thread.interval, reset to the max value 100000.
2019-11-02 05:54:15,160 INFO  node.SCMNodeManager (SCMNodeManager.java:<init>(116)) - Entering startup safe mode.
2019-11-02 05:54:15,161 WARN  util.MBeans (MBeans.java:getMBeanName(165)) - Error creating MBean object name: Hadoop:service=SCMNodeManager,name=SCMNodeManagerInfo
org.apache.hadoop.metrics2.MetricsException: org.apache.hadoop.metrics2.MetricsException: Hadoop:service=SCMNodeManager,name=SCMNodeManagerInfo already exists!
	at org.apache.hadoop.metrics2.lib.DefaultMetricsSystem.newObjectName(DefaultMetricsSystem.java:135)
	at org.apache.hadoop.metrics2.lib.DefaultMetricsSystem.newMBeanName(DefaultMetricsSystem.java:110)
	at org.apache.hadoop.metrics2.util.MBeans.getMBeanName(MBeans.java:163)
	at org.apache.hadoop.metrics2.util.MBeans.register(MBeans.java:95)
	at org.apache.hadoop.metrics2.util.MBeans.register(MBeans.java:72)
	at org.apache.hadoop.hdds.scm.node.SCMNodeManager.registerMXBean(SCMNodeManager.java:134)
	at org.apache.hadoop.hdds.scm.node.SCMNodeManager.<init>(SCMNodeManager.java:117)
	at org.apache.hadoop.hdds.scm.server.StorageContainerManager.initializeSystemManagers(StorageContainerManager.java:389)
	at org.apache.hadoop.hdds.scm.server.StorageContainerManager.<init>(StorageContainerManager.java:279)
	at org.apache.hadoop.hdds.scm.server.StorageContainerManager.<init>(StorageContainerManager.java:212)
	at org.apache.hadoop.hdds.scm.server.StorageContainerManager.createSCM(StorageContainerManager.java:598)
	at org.apache.hadoop.hdds.scm.HddsTestUtils.getScm(HddsTestUtils.java:91)
	at org.apache.hadoop.hdds.scm.node.TestSCMNodeManager.createNodeManager(TestSCMNodeManager.java:137)
	at org.apache.hadoop.hdds.scm.node.TestSCMNodeManager.testScmHeartbeat(TestSCMNodeManager.java:153)
	at sun.reflect.NativeMethodAccessorImpl.invoke0(Native Method)
	at sun.reflect.NativeMethodAccessorImpl.invoke(NativeMethodAccessorImpl.java:62)
	at sun.reflect.DelegatingMethodAccessorImpl.invoke(DelegatingMethodAccessorImpl.java:43)
	at java.lang.reflect.Method.invoke(Method.java:498)
	at org.junit.runners.model.FrameworkMethod$1.runReflectiveCall(FrameworkMethod.java:47)
	at org.junit.internal.runners.model.ReflectiveCallable.run(ReflectiveCallable.java:12)
	at org.junit.runners.model.FrameworkMethod.invokeExplosively(FrameworkMethod.java:44)
	at org.junit.internal.runners.statements.InvokeMethod.evaluate(InvokeMethod.java:17)
	at org.junit.internal.runners.statements.RunBefores.evaluate(RunBefores.java:26)
	at org.junit.internal.runners.statements.RunAfters.evaluate(RunAfters.java:27)
	at org.junit.rules.ExpectedException$ExpectedExceptionStatement.evaluate(ExpectedException.java:168)
	at org.junit.rules.RunRules.evaluate(RunRules.java:20)
	at org.junit.runners.ParentRunner.runLeaf(ParentRunner.java:271)
	at org.junit.runners.BlockJUnit4ClassRunner.runChild(BlockJUnit4ClassRunner.java:70)
	at org.junit.runners.BlockJUnit4ClassRunner.runChild(BlockJUnit4ClassRunner.java:50)
	at org.junit.runners.ParentRunner$3.run(ParentRunner.java:238)
	at org.junit.runners.ParentRunner$1.schedule(ParentRunner.java:63)
	at org.junit.runners.ParentRunner.runChildren(ParentRunner.java:236)
	at org.junit.runners.ParentRunner.access$000(ParentRunner.java:53)
	at org.junit.runners.ParentRunner$2.evaluate(ParentRunner.java:229)
	at org.junit.internal.runners.statements.RunBefores.evaluate(RunBefores.java:26)
	at org.junit.runners.ParentRunner.run(ParentRunner.java:309)
	at org.apache.maven.surefire.junit4.JUnit4Provider.execute(JUnit4Provider.java:365)
	at org.apache.maven.surefire.junit4.JUnit4Provider.executeWithRerun(JUnit4Provider.java:273)
	at org.apache.maven.surefire.junit4.JUnit4Provider.executeTestSet(JUnit4Provider.java:238)
	at org.apache.maven.surefire.junit4.JUnit4Provider.invoke(JUnit4Provider.java:159)
	at org.apache.maven.surefire.booter.ForkedBooter.invokeProviderInSameClassLoader(ForkedBooter.java:384)
	at org.apache.maven.surefire.booter.ForkedBooter.runSuitesInProcess(ForkedBooter.java:345)
	at org.apache.maven.surefire.booter.ForkedBooter.execute(ForkedBooter.java:126)
	at org.apache.maven.surefire.booter.ForkedBooter.main(ForkedBooter.java:418)
Caused by: org.apache.hadoop.metrics2.MetricsException: Hadoop:service=SCMNodeManager,name=SCMNodeManagerInfo already exists!
	at org.apache.hadoop.metrics2.lib.DefaultMetricsSystem.newObjectName(DefaultMetricsSystem.java:131)
	... 43 more
2019-11-02 05:54:15,162 INFO  algorithms.ContainerPlacementPolicyFactory (ContainerPlacementPolicyFactory.java:getPolicy(57)) - Create container placement policy of type org.apache.hadoop.hdds.scm.container.placement.algorithms.SCMContainerPlacementRandom
2019-11-02 05:54:15,162 WARN  server.ServerUtils (ServerUtils.java:getScmDbDir(145)) - ozone.scm.db.dirs is not configured. We recommend adding this setting. Falling back to ozone.metadata.dirs instead.
2019-11-02 05:54:15,234 WARN  util.MBeans (MBeans.java:getMBeanName(165)) - Error creating MBean object name: Hadoop:service=SCMPipelineManager,name=SCMPipelineManagerInfo
org.apache.hadoop.metrics2.MetricsException: org.apache.hadoop.metrics2.MetricsException: Hadoop:service=SCMPipelineManager,name=SCMPipelineManagerInfo already exists!
	at org.apache.hadoop.metrics2.lib.DefaultMetricsSystem.newObjectName(DefaultMetricsSystem.java:135)
	at org.apache.hadoop.metrics2.lib.DefaultMetricsSystem.newMBeanName(DefaultMetricsSystem.java:110)
	at org.apache.hadoop.metrics2.util.MBeans.getMBeanName(MBeans.java:163)
	at org.apache.hadoop.metrics2.util.MBeans.register(MBeans.java:95)
	at org.apache.hadoop.metrics2.util.MBeans.register(MBeans.java:72)
	at org.apache.hadoop.hdds.scm.pipeline.SCMPipelineManager.<init>(SCMPipelineManager.java:114)
	at org.apache.hadoop.hdds.scm.server.StorageContainerManager.initializeSystemManagers(StorageContainerManager.java:402)
	at org.apache.hadoop.hdds.scm.server.StorageContainerManager.<init>(StorageContainerManager.java:279)
	at org.apache.hadoop.hdds.scm.server.StorageContainerManager.<init>(StorageContainerManager.java:212)
	at org.apache.hadoop.hdds.scm.server.StorageContainerManager.createSCM(StorageContainerManager.java:598)
	at org.apache.hadoop.hdds.scm.HddsTestUtils.getScm(HddsTestUtils.java:91)
	at org.apache.hadoop.hdds.scm.node.TestSCMNodeManager.createNodeManager(TestSCMNodeManager.java:137)
	at org.apache.hadoop.hdds.scm.node.TestSCMNodeManager.testScmHeartbeat(TestSCMNodeManager.java:153)
	at sun.reflect.NativeMethodAccessorImpl.invoke0(Native Method)
	at sun.reflect.NativeMethodAccessorImpl.invoke(NativeMethodAccessorImpl.java:62)
	at sun.reflect.DelegatingMethodAccessorImpl.invoke(DelegatingMethodAccessorImpl.java:43)
	at java.lang.reflect.Method.invoke(Method.java:498)
	at org.junit.runners.model.FrameworkMethod$1.runReflectiveCall(FrameworkMethod.java:47)
	at org.junit.internal.runners.model.ReflectiveCallable.run(ReflectiveCallable.java:12)
	at org.junit.runners.model.FrameworkMethod.invokeExplosively(FrameworkMethod.java:44)
	at org.junit.internal.runners.statements.InvokeMethod.evaluate(InvokeMethod.java:17)
	at org.junit.internal.runners.statements.RunBefores.evaluate(RunBefores.java:26)
	at org.junit.internal.runners.statements.RunAfters.evaluate(RunAfters.java:27)
	at org.junit.rules.ExpectedException$ExpectedExceptionStatement.evaluate(ExpectedException.java:168)
	at org.junit.rules.RunRules.evaluate(RunRules.java:20)
	at org.junit.runners.ParentRunner.runLeaf(ParentRunner.java:271)
	at org.junit.runners.BlockJUnit4ClassRunner.runChild(BlockJUnit4ClassRunner.java:70)
	at org.junit.runners.BlockJUnit4ClassRunner.runChild(BlockJUnit4ClassRunner.java:50)
	at org.junit.runners.ParentRunner$3.run(ParentRunner.java:238)
	at org.junit.runners.ParentRunner$1.schedule(ParentRunner.java:63)
	at org.junit.runners.ParentRunner.runChildren(ParentRunner.java:236)
	at org.junit.runners.ParentRunner.access$000(ParentRunner.java:53)
	at org.junit.runners.ParentRunner$2.evaluate(ParentRunner.java:229)
	at org.junit.internal.runners.statements.RunBefores.evaluate(RunBefores.java:26)
	at org.junit.runners.ParentRunner.run(ParentRunner.java:309)
	at org.apache.maven.surefire.junit4.JUnit4Provider.execute(JUnit4Provider.java:365)
	at org.apache.maven.surefire.junit4.JUnit4Provider.executeWithRerun(JUnit4Provider.java:273)
	at org.apache.maven.surefire.junit4.JUnit4Provider.executeTestSet(JUnit4Provider.java:238)
	at org.apache.maven.surefire.junit4.JUnit4Provider.invoke(JUnit4Provider.java:159)
	at org.apache.maven.surefire.booter.ForkedBooter.invokeProviderInSameClassLoader(ForkedBooter.java:384)
	at org.apache.maven.surefire.booter.ForkedBooter.runSuitesInProcess(ForkedBooter.java:345)
	at org.apache.maven.surefire.booter.ForkedBooter.execute(ForkedBooter.java:126)
	at org.apache.maven.surefire.booter.ForkedBooter.main(ForkedBooter.java:418)
Caused by: org.apache.hadoop.metrics2.MetricsException: Hadoop:service=SCMPipelineManager,name=SCMPipelineManagerInfo already exists!
	at org.apache.hadoop.metrics2.lib.DefaultMetricsSystem.newObjectName(DefaultMetricsSystem.java:131)
	... 42 more
2019-11-02 05:54:15,235 INFO  pipeline.SCMPipelineManager (SCMPipelineManager.java:initializePipelineState(132)) - No pipeline exists in current db
2019-11-02 05:54:15,235 WARN  server.ServerUtils (ServerUtils.java:getScmDbDir(145)) - ozone.scm.db.dirs is not configured. We recommend adding this setting. Falling back to ozone.metadata.dirs instead.
2019-11-02 05:54:15,276 WARN  util.MBeans (MBeans.java:getMBeanName(165)) - Error creating MBean object name: Hadoop:service=BlockManager,name=BlockManagerImpl
org.apache.hadoop.metrics2.MetricsException: org.apache.hadoop.metrics2.MetricsException: Hadoop:service=BlockManager,name=BlockManagerImpl already exists!
	at org.apache.hadoop.metrics2.lib.DefaultMetricsSystem.newObjectName(DefaultMetricsSystem.java:135)
	at org.apache.hadoop.metrics2.lib.DefaultMetricsSystem.newMBeanName(DefaultMetricsSystem.java:110)
	at org.apache.hadoop.metrics2.util.MBeans.getMBeanName(MBeans.java:163)
	at org.apache.hadoop.metrics2.util.MBeans.register(MBeans.java:95)
	at org.apache.hadoop.metrics2.util.MBeans.register(MBeans.java:72)
	at org.apache.hadoop.hdds.scm.block.BlockManagerImpl.<init>(BlockManagerImpl.java:101)
	at org.apache.hadoop.hdds.scm.server.StorageContainerManager.initializeSystemManagers(StorageContainerManager.java:417)
	at org.apache.hadoop.hdds.scm.server.StorageContainerManager.<init>(StorageContainerManager.java:279)
	at org.apache.hadoop.hdds.scm.server.StorageContainerManager.<init>(StorageContainerManager.java:212)
	at org.apache.hadoop.hdds.scm.server.StorageContainerManager.createSCM(StorageContainerManager.java:598)
	at org.apache.hadoop.hdds.scm.HddsTestUtils.getScm(HddsTestUtils.java:91)
	at org.apache.hadoop.hdds.scm.node.TestSCMNodeManager.createNodeManager(TestSCMNodeManager.java:137)
	at org.apache.hadoop.hdds.scm.node.TestSCMNodeManager.testScmHeartbeat(TestSCMNodeManager.java:153)
	at sun.reflect.NativeMethodAccessorImpl.invoke0(Native Method)
	at sun.reflect.NativeMethodAccessorImpl.invoke(NativeMethodAccessorImpl.java:62)
	at sun.reflect.DelegatingMethodAccessorImpl.invoke(DelegatingMethodAccessorImpl.java:43)
	at java.lang.reflect.Method.invoke(Method.java:498)
	at org.junit.runners.model.FrameworkMethod$1.runReflectiveCall(FrameworkMethod.java:47)
	at org.junit.internal.runners.model.ReflectiveCallable.run(ReflectiveCallable.java:12)
	at org.junit.runners.model.FrameworkMethod.invokeExplosively(FrameworkMethod.java:44)
	at org.junit.internal.runners.statements.InvokeMethod.evaluate(InvokeMethod.java:17)
	at org.junit.internal.runners.statements.RunBefores.evaluate(RunBefores.java:26)
	at org.junit.internal.runners.statements.RunAfters.evaluate(RunAfters.java:27)
	at org.junit.rules.ExpectedException$ExpectedExceptionStatement.evaluate(ExpectedException.java:168)
	at org.junit.rules.RunRules.evaluate(RunRules.java:20)
	at org.junit.runners.ParentRunner.runLeaf(ParentRunner.java:271)
	at org.junit.runners.BlockJUnit4ClassRunner.runChild(BlockJUnit4ClassRunner.java:70)
	at org.junit.runners.BlockJUnit4ClassRunner.runChild(BlockJUnit4ClassRunner.java:50)
	at org.junit.runners.ParentRunner$3.run(ParentRunner.java:238)
	at org.junit.runners.ParentRunner$1.schedule(ParentRunner.java:63)
	at org.junit.runners.ParentRunner.runChildren(ParentRunner.java:236)
	at org.junit.runners.ParentRunner.access$000(ParentRunner.java:53)
	at org.junit.runners.ParentRunner$2.evaluate(ParentRunner.java:229)
	at org.junit.internal.runners.statements.RunBefores.evaluate(RunBefores.java:26)
	at org.junit.runners.ParentRunner.run(ParentRunner.java:309)
	at org.apache.maven.surefire.junit4.JUnit4Provider.execute(JUnit4Provider.java:365)
	at org.apache.maven.surefire.junit4.JUnit4Provider.executeWithRerun(JUnit4Provider.java:273)
	at org.apache.maven.surefire.junit4.JUnit4Provider.executeTestSet(JUnit4Provider.java:238)
	at org.apache.maven.surefire.junit4.JUnit4Provider.invoke(JUnit4Provider.java:159)
	at org.apache.maven.surefire.booter.ForkedBooter.invokeProviderInSameClassLoader(ForkedBooter.java:384)
	at org.apache.maven.surefire.booter.ForkedBooter.runSuitesInProcess(ForkedBooter.java:345)
	at org.apache.maven.surefire.booter.ForkedBooter.execute(ForkedBooter.java:126)
	at org.apache.maven.surefire.booter.ForkedBooter.main(ForkedBooter.java:418)
Caused by: org.apache.hadoop.metrics2.MetricsException: Hadoop:service=BlockManager,name=BlockManagerImpl already exists!
	at org.apache.hadoop.metrics2.lib.DefaultMetricsSystem.newObjectName(DefaultMetricsSystem.java:131)
	... 42 more
2019-11-02 05:54:15,280 WARN  events.EventQueue (EventQueue.java:fireEvent(183)) - No event handler registered for event TypedEvent{payloadType=SafeModeStatus, name='SafeModeStatus'}
2019-11-02 05:54:15,281 INFO  ipc.CallQueueManager (CallQueueManager.java:<init>(84)) - Using callQueue: class java.util.concurrent.LinkedBlockingQueue, queueCapacity: 1000, scheduler: class org.apache.hadoop.ipc.DefaultRpcScheduler, ipcBackoff: false.
2019-11-02 05:54:15,282 INFO  ipc.Server (Server.java:run(1074)) - Starting Socket Reader #1 for port 42497
2019-11-02 05:54:15,284 INFO  ipc.CallQueueManager (CallQueueManager.java:<init>(84)) - Using callQueue: class java.util.concurrent.LinkedBlockingQueue, queueCapacity: 1000, scheduler: class org.apache.hadoop.ipc.DefaultRpcScheduler, ipcBackoff: false.
2019-11-02 05:54:15,285 INFO  ipc.Server (Server.java:run(1074)) - Starting Socket Reader #1 for port 45021
2019-11-02 05:54:15,286 INFO  ipc.CallQueueManager (CallQueueManager.java:<init>(84)) - Using callQueue: class java.util.concurrent.LinkedBlockingQueue, queueCapacity: 1000, scheduler: class org.apache.hadoop.ipc.DefaultRpcScheduler, ipcBackoff: false.
2019-11-02 05:54:15,287 INFO  ipc.Server (Server.java:run(1074)) - Starting Socket Reader #1 for port 46225
]]></system-out>
  </testcase>
  <testcase name="testScmCheckForErrorOnNullDatanodeDetails" classname="org.apache.hadoop.hdds.scm.node.TestSCMNodeManager" time="0.382">
    <failure message=" Expected to find &apos;Heartbeat is missing DatanodeDetails.&apos; but got unexpected exception: java.lang.NullPointerException&#10;	at org.apache.hadoop.hdds.scm.server.StorageContainerManagerHttpServer.getSpnegoPrincipal(StorageContainerManagerHttpServer.java:74)&#10;	at org.apache.hadoop.hdds.server.BaseHttpServer.&lt;init&gt;(BaseHttpServer.java:81)&#10;	at org.apache.hadoop.hdds.scm.server.StorageContainerManagerHttpServer.&lt;init&gt;(StorageContainerManagerHttpServer.java:36)&#10;	at org.apache.hadoop.hdds.scm.server.StorageContainerManager.&lt;init&gt;(StorageContainerManager.java:330)&#10;	at org.apache.hadoop.hdds.scm.server.StorageContainerManager.&lt;init&gt;(StorageContainerManager.java:212)&#10;	at org.apache.hadoop.hdds.scm.server.StorageContainerManager.createSCM(StorageContainerManager.java:598)&#10;	at org.apache.hadoop.hdds.scm.HddsTestUtils.getScm(HddsTestUtils.java:91)&#10;	at org.apache.hadoop.hdds.scm.node.TestSCMNodeManager.createNodeManager(TestSCMNodeManager.java:137)&#10;	at org.apache.hadoop.hdds.scm.node.TestSCMNodeManager.testScmCheckForErrorOnNullDatanodeDetails(TestSCMNodeManager.java:449)&#10;	at sun.reflect.NativeMethodAccessorImpl.invoke0(Native Method)&#10;	at sun.reflect.NativeMethodAccessorImpl.invoke(NativeMethodAccessorImpl.java:62)&#10;	at sun.reflect.DelegatingMethodAccessorImpl.invoke(DelegatingMethodAccessorImpl.java:43)&#10;	at java.lang.reflect.Method.invoke(Method.java:498)&#10;	at org.junit.runners.model.FrameworkMethod$1.runReflectiveCall(FrameworkMethod.java:47)&#10;	at org.junit.internal.runners.model.ReflectiveCallable.run(ReflectiveCallable.java:12)&#10;	at org.junit.runners.model.FrameworkMethod.invokeExplosively(FrameworkMethod.java:44)&#10;	at org.junit.internal.runners.statements.InvokeMethod.evaluate(InvokeMethod.java:17)&#10;	at org.junit.internal.runners.statements.RunBefores.evaluate(RunBefores.java:26)&#10;	at org.junit.internal.runners.statements.RunAfters.evaluate(RunAfters.java:27)&#10;	at org.junit.rules.ExpectedException$ExpectedExceptionStatement.evaluate(ExpectedException.java:168)&#10;	at org.junit.rules.RunRules.evaluate(RunRules.java:20)&#10;	at org.junit.runners.ParentRunner.runLeaf(ParentRunner.java:271)&#10;	at org.junit.runners.BlockJUnit4ClassRunner.runChild(BlockJUnit4ClassRunner.java:70)&#10;	at org.junit.runners.BlockJUnit4ClassRunner.runChild(BlockJUnit4ClassRunner.java:50)&#10;	at org.junit.runners.ParentRunner$3.run(ParentRunner.java:238)&#10;	at org.junit.runners.ParentRunner$1.schedule(ParentRunner.java:63)&#10;	at org.junit.runners.ParentRunner.runChildren(ParentRunner.java:236)&#10;	at org.junit.runners.ParentRunner.access$000(ParentRunner.java:53)&#10;	at org.junit.runners.ParentRunner$2.evaluate(ParentRunner.java:229)&#10;	at org.junit.internal.runners.statements.RunBefores.evaluate(RunBefores.java:26)&#10;	at org.junit.runners.ParentRunner.run(ParentRunner.java:309)&#10;	at org.apache.maven.surefire.junit4.JUnit4Provider.execute(JUnit4Provider.java:365)&#10;	at org.apache.maven.surefire.junit4.JUnit4Provider.executeWithRerun(JUnit4Provider.java:273)&#10;	at org.apache.maven.surefire.junit4.JUnit4Provider.executeTestSet(JUnit4Provider.java:238)&#10;	at org.apache.maven.surefire.junit4.JUnit4Provider.invoke(JUnit4Provider.java:159)&#10;	at org.apache.maven.surefire.booter.ForkedBooter.invokeProviderInSameClassLoader(ForkedBooter.java:384)&#10;	at org.apache.maven.surefire.booter.ForkedBooter.runSuitesInProcess(ForkedBooter.java:345)&#10;	at org.apache.maven.surefire.booter.ForkedBooter.execute(ForkedBooter.java:126)&#10;	at org.apache.maven.surefire.booter.ForkedBooter.main(ForkedBooter.java:418)&#10;" type="java.lang.AssertionError"><![CDATA[java.lang.AssertionError: 
 Expected to find 'Heartbeat is missing DatanodeDetails.' but got unexpected exception: java.lang.NullPointerException
	at org.apache.hadoop.hdds.scm.server.StorageContainerManagerHttpServer.getSpnegoPrincipal(StorageContainerManagerHttpServer.java:74)
	at org.apache.hadoop.hdds.server.BaseHttpServer.<init>(BaseHttpServer.java:81)
	at org.apache.hadoop.hdds.scm.server.StorageContainerManagerHttpServer.<init>(StorageContainerManagerHttpServer.java:36)
	at org.apache.hadoop.hdds.scm.server.StorageContainerManager.<init>(StorageContainerManager.java:330)
	at org.apache.hadoop.hdds.scm.server.StorageContainerManager.<init>(StorageContainerManager.java:212)
	at org.apache.hadoop.hdds.scm.server.StorageContainerManager.createSCM(StorageContainerManager.java:598)
	at org.apache.hadoop.hdds.scm.HddsTestUtils.getScm(HddsTestUtils.java:91)
	at org.apache.hadoop.hdds.scm.node.TestSCMNodeManager.createNodeManager(TestSCMNodeManager.java:137)
	at org.apache.hadoop.hdds.scm.node.TestSCMNodeManager.testScmCheckForErrorOnNullDatanodeDetails(TestSCMNodeManager.java:449)
	at sun.reflect.NativeMethodAccessorImpl.invoke0(Native Method)
	at sun.reflect.NativeMethodAccessorImpl.invoke(NativeMethodAccessorImpl.java:62)
	at sun.reflect.DelegatingMethodAccessorImpl.invoke(DelegatingMethodAccessorImpl.java:43)
	at java.lang.reflect.Method.invoke(Method.java:498)
	at org.junit.runners.model.FrameworkMethod$1.runReflectiveCall(FrameworkMethod.java:47)
	at org.junit.internal.runners.model.ReflectiveCallable.run(ReflectiveCallable.java:12)
	at org.junit.runners.model.FrameworkMethod.invokeExplosively(FrameworkMethod.java:44)
	at org.junit.internal.runners.statements.InvokeMethod.evaluate(InvokeMethod.java:17)
	at org.junit.internal.runners.statements.RunBefores.evaluate(RunBefores.java:26)
	at org.junit.internal.runners.statements.RunAfters.evaluate(RunAfters.java:27)
	at org.junit.rules.ExpectedException$ExpectedExceptionStatement.evaluate(ExpectedException.java:168)
	at org.junit.rules.RunRules.evaluate(RunRules.java:20)
	at org.junit.runners.ParentRunner.runLeaf(ParentRunner.java:271)
	at org.junit.runners.BlockJUnit4ClassRunner.runChild(BlockJUnit4ClassRunner.java:70)
	at org.junit.runners.BlockJUnit4ClassRunner.runChild(BlockJUnit4ClassRunner.java:50)
	at org.junit.runners.ParentRunner$3.run(ParentRunner.java:238)
	at org.junit.runners.ParentRunner$1.schedule(ParentRunner.java:63)
	at org.junit.runners.ParentRunner.runChildren(ParentRunner.java:236)
	at org.junit.runners.ParentRunner.access$000(ParentRunner.java:53)
	at org.junit.runners.ParentRunner$2.evaluate(ParentRunner.java:229)
	at org.junit.internal.runners.statements.RunBefores.evaluate(RunBefores.java:26)
	at org.junit.runners.ParentRunner.run(ParentRunner.java:309)
	at org.apache.maven.surefire.junit4.JUnit4Provider.execute(JUnit4Provider.java:365)
	at org.apache.maven.surefire.junit4.JUnit4Provider.executeWithRerun(JUnit4Provider.java:273)
	at org.apache.maven.surefire.junit4.JUnit4Provider.executeTestSet(JUnit4Provider.java:238)
	at org.apache.maven.surefire.junit4.JUnit4Provider.invoke(JUnit4Provider.java:159)
	at org.apache.maven.surefire.booter.ForkedBooter.invokeProviderInSameClassLoader(ForkedBooter.java:384)
	at org.apache.maven.surefire.booter.ForkedBooter.runSuitesInProcess(ForkedBooter.java:345)
	at org.apache.maven.surefire.booter.ForkedBooter.execute(ForkedBooter.java:126)
	at org.apache.maven.surefire.booter.ForkedBooter.main(ForkedBooter.java:418)

	at org.apache.hadoop.test.GenericTestUtils.assertExceptionContains(GenericTestUtils.java:350)
	at org.apache.hadoop.test.GenericTestUtils.assertExceptionContains(GenericTestUtils.java:327)
	at org.apache.hadoop.hdds.scm.node.TestSCMNodeManager.testScmCheckForErrorOnNullDatanodeDetails(TestSCMNodeManager.java:452)
	at sun.reflect.NativeMethodAccessorImpl.invoke0(Native Method)
	at sun.reflect.NativeMethodAccessorImpl.invoke(NativeMethodAccessorImpl.java:62)
	at sun.reflect.DelegatingMethodAccessorImpl.invoke(DelegatingMethodAccessorImpl.java:43)
	at java.lang.reflect.Method.invoke(Method.java:498)
	at org.junit.runners.model.FrameworkMethod$1.runReflectiveCall(FrameworkMethod.java:47)
	at org.junit.internal.runners.model.ReflectiveCallable.run(ReflectiveCallable.java:12)
	at org.junit.runners.model.FrameworkMethod.invokeExplosively(FrameworkMethod.java:44)
	at org.junit.internal.runners.statements.InvokeMethod.evaluate(InvokeMethod.java:17)
	at org.junit.internal.runners.statements.RunBefores.evaluate(RunBefores.java:26)
	at org.junit.internal.runners.statements.RunAfters.evaluate(RunAfters.java:27)
	at org.junit.rules.ExpectedException$ExpectedExceptionStatement.evaluate(ExpectedException.java:168)
	at org.junit.rules.RunRules.evaluate(RunRules.java:20)
	at org.junit.runners.ParentRunner.runLeaf(ParentRunner.java:271)
	at org.junit.runners.BlockJUnit4ClassRunner.runChild(BlockJUnit4ClassRunner.java:70)
	at org.junit.runners.BlockJUnit4ClassRunner.runChild(BlockJUnit4ClassRunner.java:50)
	at org.junit.runners.ParentRunner$3.run(ParentRunner.java:238)
	at org.junit.runners.ParentRunner$1.schedule(ParentRunner.java:63)
	at org.junit.runners.ParentRunner.runChildren(ParentRunner.java:236)
	at org.junit.runners.ParentRunner.access$000(ParentRunner.java:53)
	at org.junit.runners.ParentRunner$2.evaluate(ParentRunner.java:229)
	at org.junit.internal.runners.statements.RunBefores.evaluate(RunBefores.java:26)
	at org.junit.runners.ParentRunner.run(ParentRunner.java:309)
	at org.apache.maven.surefire.junit4.JUnit4Provider.execute(JUnit4Provider.java:365)
	at org.apache.maven.surefire.junit4.JUnit4Provider.executeWithRerun(JUnit4Provider.java:273)
	at org.apache.maven.surefire.junit4.JUnit4Provider.executeTestSet(JUnit4Provider.java:238)
	at org.apache.maven.surefire.junit4.JUnit4Provider.invoke(JUnit4Provider.java:159)
	at org.apache.maven.surefire.booter.ForkedBooter.invokeProviderInSameClassLoader(ForkedBooter.java:384)
	at org.apache.maven.surefire.booter.ForkedBooter.runSuitesInProcess(ForkedBooter.java:345)
	at org.apache.maven.surefire.booter.ForkedBooter.execute(ForkedBooter.java:126)
	at org.apache.maven.surefire.booter.ForkedBooter.main(ForkedBooter.java:418)
Caused by: java.lang.NullPointerException
	at org.apache.hadoop.hdds.scm.server.StorageContainerManagerHttpServer.getSpnegoPrincipal(StorageContainerManagerHttpServer.java:74)
	at org.apache.hadoop.hdds.server.BaseHttpServer.<init>(BaseHttpServer.java:81)
	at org.apache.hadoop.hdds.scm.server.StorageContainerManagerHttpServer.<init>(StorageContainerManagerHttpServer.java:36)
	at org.apache.hadoop.hdds.scm.server.StorageContainerManager.<init>(StorageContainerManager.java:330)
	at org.apache.hadoop.hdds.scm.server.StorageContainerManager.<init>(StorageContainerManager.java:212)
	at org.apache.hadoop.hdds.scm.server.StorageContainerManager.createSCM(StorageContainerManager.java:598)
	at org.apache.hadoop.hdds.scm.HddsTestUtils.getScm(HddsTestUtils.java:91)
	at org.apache.hadoop.hdds.scm.node.TestSCMNodeManager.createNodeManager(TestSCMNodeManager.java:137)
	at org.apache.hadoop.hdds.scm.node.TestSCMNodeManager.testScmCheckForErrorOnNullDatanodeDetails(TestSCMNodeManager.java:449)
	... 30 more
]]></failure>
    <system-out><![CDATA[2019-11-02 05:54:15,313 WARN  server.ServerUtils (ServerUtils.java:getScmDbDir(145)) - ozone.scm.db.dirs is not configured. We recommend adding this setting. Falling back to ozone.metadata.dirs instead.
2019-11-02 05:54:15,328 WARN  server.ServerUtils (ServerUtils.java:getScmDbDir(145)) - ozone.scm.db.dirs is not configured. We recommend adding this setting. Falling back to ozone.metadata.dirs instead.
2019-11-02 05:54:15,328 WARN  server.ServerUtils (ServerUtils.java:getScmDbDir(145)) - ozone.scm.db.dirs is not configured. We recommend adding this setting. Falling back to ozone.metadata.dirs instead.
2019-11-02 05:54:15,329 INFO  db.DBStoreBuilder (DBStoreBuilder.java:addTable(127)) - using custom profile for table: deletedBlocks
2019-11-02 05:54:15,330 INFO  db.DBStoreBuilder (DBStoreBuilder.java:processTables(183)) - Using default column profile:DBProfile.DISK for Table:deletedBlocks
2019-11-02 05:54:15,330 INFO  db.DBStoreBuilder (DBStoreBuilder.java:addTable(127)) - using custom profile for table: validCerts
2019-11-02 05:54:15,330 INFO  db.DBStoreBuilder (DBStoreBuilder.java:processTables(183)) - Using default column profile:DBProfile.DISK for Table:validCerts
2019-11-02 05:54:15,331 INFO  db.DBStoreBuilder (DBStoreBuilder.java:addTable(127)) - using custom profile for table: revokedCerts
2019-11-02 05:54:15,331 INFO  db.DBStoreBuilder (DBStoreBuilder.java:processTables(183)) - Using default column profile:DBProfile.DISK for Table:revokedCerts
2019-11-02 05:54:15,332 INFO  db.DBStoreBuilder (DBStoreBuilder.java:addTable(127)) - using custom profile for table: default
2019-11-02 05:54:15,332 INFO  db.DBStoreBuilder (DBStoreBuilder.java:processTables(189)) - Using default column profile:DBProfile.DISK for Table:default
2019-11-02 05:54:15,332 INFO  db.DBStoreBuilder (DBStoreBuilder.java:getDbProfile(220)) - Using default options. DBProfile.DISK
2019-11-02 05:54:15,516 INFO  net.NodeSchemaLoader (NodeSchemaLoader.java:loadSchemaFromFile(125)) - Loading file from sun.misc.CompoundEnumeration@7b7fdc8
2019-11-02 05:54:15,516 INFO  net.NodeSchemaLoader (NodeSchemaLoader.java:loadSchema(171)) - Loading network topology layer schema file
2019-11-02 05:54:15,523 WARN  server.ServerUtils (ServerUtils.java:sanitizeUserArgs(70)) - ozone.scm.stale.node.interval value = 300000 is larger than max = 100000 based on the key value of ozone.scm.heartbeat.thread.interval, reset to the max value 100000.
2019-11-02 05:54:15,524 WARN  server.ServerUtils (ServerUtils.java:sanitizeUserArgs(70)) - ozone.scm.stale.node.interval value = 300000 is larger than max = 100000 based on the key value of ozone.scm.heartbeat.thread.interval, reset to the max value 100000.
2019-11-02 05:54:15,525 INFO  node.SCMNodeManager (SCMNodeManager.java:<init>(116)) - Entering startup safe mode.
2019-11-02 05:54:15,525 WARN  util.MBeans (MBeans.java:getMBeanName(165)) - Error creating MBean object name: Hadoop:service=SCMNodeManager,name=SCMNodeManagerInfo
org.apache.hadoop.metrics2.MetricsException: org.apache.hadoop.metrics2.MetricsException: Hadoop:service=SCMNodeManager,name=SCMNodeManagerInfo already exists!
	at org.apache.hadoop.metrics2.lib.DefaultMetricsSystem.newObjectName(DefaultMetricsSystem.java:135)
	at org.apache.hadoop.metrics2.lib.DefaultMetricsSystem.newMBeanName(DefaultMetricsSystem.java:110)
	at org.apache.hadoop.metrics2.util.MBeans.getMBeanName(MBeans.java:163)
	at org.apache.hadoop.metrics2.util.MBeans.register(MBeans.java:95)
	at org.apache.hadoop.metrics2.util.MBeans.register(MBeans.java:72)
	at org.apache.hadoop.hdds.scm.node.SCMNodeManager.registerMXBean(SCMNodeManager.java:134)
	at org.apache.hadoop.hdds.scm.node.SCMNodeManager.<init>(SCMNodeManager.java:117)
	at org.apache.hadoop.hdds.scm.server.StorageContainerManager.initializeSystemManagers(StorageContainerManager.java:389)
	at org.apache.hadoop.hdds.scm.server.StorageContainerManager.<init>(StorageContainerManager.java:279)
	at org.apache.hadoop.hdds.scm.server.StorageContainerManager.<init>(StorageContainerManager.java:212)
	at org.apache.hadoop.hdds.scm.server.StorageContainerManager.createSCM(StorageContainerManager.java:598)
	at org.apache.hadoop.hdds.scm.HddsTestUtils.getScm(HddsTestUtils.java:91)
	at org.apache.hadoop.hdds.scm.node.TestSCMNodeManager.createNodeManager(TestSCMNodeManager.java:137)
	at org.apache.hadoop.hdds.scm.node.TestSCMNodeManager.testScmCheckForErrorOnNullDatanodeDetails(TestSCMNodeManager.java:449)
	at sun.reflect.NativeMethodAccessorImpl.invoke0(Native Method)
	at sun.reflect.NativeMethodAccessorImpl.invoke(NativeMethodAccessorImpl.java:62)
	at sun.reflect.DelegatingMethodAccessorImpl.invoke(DelegatingMethodAccessorImpl.java:43)
	at java.lang.reflect.Method.invoke(Method.java:498)
	at org.junit.runners.model.FrameworkMethod$1.runReflectiveCall(FrameworkMethod.java:47)
	at org.junit.internal.runners.model.ReflectiveCallable.run(ReflectiveCallable.java:12)
	at org.junit.runners.model.FrameworkMethod.invokeExplosively(FrameworkMethod.java:44)
	at org.junit.internal.runners.statements.InvokeMethod.evaluate(InvokeMethod.java:17)
	at org.junit.internal.runners.statements.RunBefores.evaluate(RunBefores.java:26)
	at org.junit.internal.runners.statements.RunAfters.evaluate(RunAfters.java:27)
	at org.junit.rules.ExpectedException$ExpectedExceptionStatement.evaluate(ExpectedException.java:168)
	at org.junit.rules.RunRules.evaluate(RunRules.java:20)
	at org.junit.runners.ParentRunner.runLeaf(ParentRunner.java:271)
	at org.junit.runners.BlockJUnit4ClassRunner.runChild(BlockJUnit4ClassRunner.java:70)
	at org.junit.runners.BlockJUnit4ClassRunner.runChild(BlockJUnit4ClassRunner.java:50)
	at org.junit.runners.ParentRunner$3.run(ParentRunner.java:238)
	at org.junit.runners.ParentRunner$1.schedule(ParentRunner.java:63)
	at org.junit.runners.ParentRunner.runChildren(ParentRunner.java:236)
	at org.junit.runners.ParentRunner.access$000(ParentRunner.java:53)
	at org.junit.runners.ParentRunner$2.evaluate(ParentRunner.java:229)
	at org.junit.internal.runners.statements.RunBefores.evaluate(RunBefores.java:26)
	at org.junit.runners.ParentRunner.run(ParentRunner.java:309)
	at org.apache.maven.surefire.junit4.JUnit4Provider.execute(JUnit4Provider.java:365)
	at org.apache.maven.surefire.junit4.JUnit4Provider.executeWithRerun(JUnit4Provider.java:273)
	at org.apache.maven.surefire.junit4.JUnit4Provider.executeTestSet(JUnit4Provider.java:238)
	at org.apache.maven.surefire.junit4.JUnit4Provider.invoke(JUnit4Provider.java:159)
	at org.apache.maven.surefire.booter.ForkedBooter.invokeProviderInSameClassLoader(ForkedBooter.java:384)
	at org.apache.maven.surefire.booter.ForkedBooter.runSuitesInProcess(ForkedBooter.java:345)
	at org.apache.maven.surefire.booter.ForkedBooter.execute(ForkedBooter.java:126)
	at org.apache.maven.surefire.booter.ForkedBooter.main(ForkedBooter.java:418)
Caused by: org.apache.hadoop.metrics2.MetricsException: Hadoop:service=SCMNodeManager,name=SCMNodeManagerInfo already exists!
	at org.apache.hadoop.metrics2.lib.DefaultMetricsSystem.newObjectName(DefaultMetricsSystem.java:131)
	... 43 more
2019-11-02 05:54:15,527 INFO  algorithms.ContainerPlacementPolicyFactory (ContainerPlacementPolicyFactory.java:getPolicy(57)) - Create container placement policy of type org.apache.hadoop.hdds.scm.container.placement.algorithms.SCMContainerPlacementRandom
2019-11-02 05:54:15,528 WARN  server.ServerUtils (ServerUtils.java:getScmDbDir(145)) - ozone.scm.db.dirs is not configured. We recommend adding this setting. Falling back to ozone.metadata.dirs instead.
2019-11-02 05:54:15,583 WARN  util.MBeans (MBeans.java:getMBeanName(165)) - Error creating MBean object name: Hadoop:service=SCMPipelineManager,name=SCMPipelineManagerInfo
org.apache.hadoop.metrics2.MetricsException: org.apache.hadoop.metrics2.MetricsException: Hadoop:service=SCMPipelineManager,name=SCMPipelineManagerInfo already exists!
	at org.apache.hadoop.metrics2.lib.DefaultMetricsSystem.newObjectName(DefaultMetricsSystem.java:135)
	at org.apache.hadoop.metrics2.lib.DefaultMetricsSystem.newMBeanName(DefaultMetricsSystem.java:110)
	at org.apache.hadoop.metrics2.util.MBeans.getMBeanName(MBeans.java:163)
	at org.apache.hadoop.metrics2.util.MBeans.register(MBeans.java:95)
	at org.apache.hadoop.metrics2.util.MBeans.register(MBeans.java:72)
	at org.apache.hadoop.hdds.scm.pipeline.SCMPipelineManager.<init>(SCMPipelineManager.java:114)
	at org.apache.hadoop.hdds.scm.server.StorageContainerManager.initializeSystemManagers(StorageContainerManager.java:402)
	at org.apache.hadoop.hdds.scm.server.StorageContainerManager.<init>(StorageContainerManager.java:279)
	at org.apache.hadoop.hdds.scm.server.StorageContainerManager.<init>(StorageContainerManager.java:212)
	at org.apache.hadoop.hdds.scm.server.StorageContainerManager.createSCM(StorageContainerManager.java:598)
	at org.apache.hadoop.hdds.scm.HddsTestUtils.getScm(HddsTestUtils.java:91)
	at org.apache.hadoop.hdds.scm.node.TestSCMNodeManager.createNodeManager(TestSCMNodeManager.java:137)
	at org.apache.hadoop.hdds.scm.node.TestSCMNodeManager.testScmCheckForErrorOnNullDatanodeDetails(TestSCMNodeManager.java:449)
	at sun.reflect.NativeMethodAccessorImpl.invoke0(Native Method)
	at sun.reflect.NativeMethodAccessorImpl.invoke(NativeMethodAccessorImpl.java:62)
	at sun.reflect.DelegatingMethodAccessorImpl.invoke(DelegatingMethodAccessorImpl.java:43)
	at java.lang.reflect.Method.invoke(Method.java:498)
	at org.junit.runners.model.FrameworkMethod$1.runReflectiveCall(FrameworkMethod.java:47)
	at org.junit.internal.runners.model.ReflectiveCallable.run(ReflectiveCallable.java:12)
	at org.junit.runners.model.FrameworkMethod.invokeExplosively(FrameworkMethod.java:44)
	at org.junit.internal.runners.statements.InvokeMethod.evaluate(InvokeMethod.java:17)
	at org.junit.internal.runners.statements.RunBefores.evaluate(RunBefores.java:26)
	at org.junit.internal.runners.statements.RunAfters.evaluate(RunAfters.java:27)
	at org.junit.rules.ExpectedException$ExpectedExceptionStatement.evaluate(ExpectedException.java:168)
	at org.junit.rules.RunRules.evaluate(RunRules.java:20)
	at org.junit.runners.ParentRunner.runLeaf(ParentRunner.java:271)
	at org.junit.runners.BlockJUnit4ClassRunner.runChild(BlockJUnit4ClassRunner.java:70)
	at org.junit.runners.BlockJUnit4ClassRunner.runChild(BlockJUnit4ClassRunner.java:50)
	at org.junit.runners.ParentRunner$3.run(ParentRunner.java:238)
	at org.junit.runners.ParentRunner$1.schedule(ParentRunner.java:63)
	at org.junit.runners.ParentRunner.runChildren(ParentRunner.java:236)
	at org.junit.runners.ParentRunner.access$000(ParentRunner.java:53)
	at org.junit.runners.ParentRunner$2.evaluate(ParentRunner.java:229)
	at org.junit.internal.runners.statements.RunBefores.evaluate(RunBefores.java:26)
	at org.junit.runners.ParentRunner.run(ParentRunner.java:309)
	at org.apache.maven.surefire.junit4.JUnit4Provider.execute(JUnit4Provider.java:365)
	at org.apache.maven.surefire.junit4.JUnit4Provider.executeWithRerun(JUnit4Provider.java:273)
	at org.apache.maven.surefire.junit4.JUnit4Provider.executeTestSet(JUnit4Provider.java:238)
	at org.apache.maven.surefire.junit4.JUnit4Provider.invoke(JUnit4Provider.java:159)
	at org.apache.maven.surefire.booter.ForkedBooter.invokeProviderInSameClassLoader(ForkedBooter.java:384)
	at org.apache.maven.surefire.booter.ForkedBooter.runSuitesInProcess(ForkedBooter.java:345)
	at org.apache.maven.surefire.booter.ForkedBooter.execute(ForkedBooter.java:126)
	at org.apache.maven.surefire.booter.ForkedBooter.main(ForkedBooter.java:418)
Caused by: org.apache.hadoop.metrics2.MetricsException: Hadoop:service=SCMPipelineManager,name=SCMPipelineManagerInfo already exists!
	at org.apache.hadoop.metrics2.lib.DefaultMetricsSystem.newObjectName(DefaultMetricsSystem.java:131)
	... 42 more
2019-11-02 05:54:15,584 INFO  pipeline.SCMPipelineManager (SCMPipelineManager.java:initializePipelineState(132)) - No pipeline exists in current db
2019-11-02 05:54:15,585 WARN  server.ServerUtils (ServerUtils.java:getScmDbDir(145)) - ozone.scm.db.dirs is not configured. We recommend adding this setting. Falling back to ozone.metadata.dirs instead.
2019-11-02 05:54:15,656 WARN  util.MBeans (MBeans.java:getMBeanName(165)) - Error creating MBean object name: Hadoop:service=BlockManager,name=BlockManagerImpl
org.apache.hadoop.metrics2.MetricsException: org.apache.hadoop.metrics2.MetricsException: Hadoop:service=BlockManager,name=BlockManagerImpl already exists!
	at org.apache.hadoop.metrics2.lib.DefaultMetricsSystem.newObjectName(DefaultMetricsSystem.java:135)
	at org.apache.hadoop.metrics2.lib.DefaultMetricsSystem.newMBeanName(DefaultMetricsSystem.java:110)
	at org.apache.hadoop.metrics2.util.MBeans.getMBeanName(MBeans.java:163)
	at org.apache.hadoop.metrics2.util.MBeans.register(MBeans.java:95)
	at org.apache.hadoop.metrics2.util.MBeans.register(MBeans.java:72)
	at org.apache.hadoop.hdds.scm.block.BlockManagerImpl.<init>(BlockManagerImpl.java:101)
	at org.apache.hadoop.hdds.scm.server.StorageContainerManager.initializeSystemManagers(StorageContainerManager.java:417)
	at org.apache.hadoop.hdds.scm.server.StorageContainerManager.<init>(StorageContainerManager.java:279)
	at org.apache.hadoop.hdds.scm.server.StorageContainerManager.<init>(StorageContainerManager.java:212)
	at org.apache.hadoop.hdds.scm.server.StorageContainerManager.createSCM(StorageContainerManager.java:598)
	at org.apache.hadoop.hdds.scm.HddsTestUtils.getScm(HddsTestUtils.java:91)
	at org.apache.hadoop.hdds.scm.node.TestSCMNodeManager.createNodeManager(TestSCMNodeManager.java:137)
	at org.apache.hadoop.hdds.scm.node.TestSCMNodeManager.testScmCheckForErrorOnNullDatanodeDetails(TestSCMNodeManager.java:449)
	at sun.reflect.NativeMethodAccessorImpl.invoke0(Native Method)
	at sun.reflect.NativeMethodAccessorImpl.invoke(NativeMethodAccessorImpl.java:62)
	at sun.reflect.DelegatingMethodAccessorImpl.invoke(DelegatingMethodAccessorImpl.java:43)
	at java.lang.reflect.Method.invoke(Method.java:498)
	at org.junit.runners.model.FrameworkMethod$1.runReflectiveCall(FrameworkMethod.java:47)
	at org.junit.internal.runners.model.ReflectiveCallable.run(ReflectiveCallable.java:12)
	at org.junit.runners.model.FrameworkMethod.invokeExplosively(FrameworkMethod.java:44)
	at org.junit.internal.runners.statements.InvokeMethod.evaluate(InvokeMethod.java:17)
	at org.junit.internal.runners.statements.RunBefores.evaluate(RunBefores.java:26)
	at org.junit.internal.runners.statements.RunAfters.evaluate(RunAfters.java:27)
	at org.junit.rules.ExpectedException$ExpectedExceptionStatement.evaluate(ExpectedException.java:168)
	at org.junit.rules.RunRules.evaluate(RunRules.java:20)
	at org.junit.runners.ParentRunner.runLeaf(ParentRunner.java:271)
	at org.junit.runners.BlockJUnit4ClassRunner.runChild(BlockJUnit4ClassRunner.java:70)
	at org.junit.runners.BlockJUnit4ClassRunner.runChild(BlockJUnit4ClassRunner.java:50)
	at org.junit.runners.ParentRunner$3.run(ParentRunner.java:238)
	at org.junit.runners.ParentRunner$1.schedule(ParentRunner.java:63)
	at org.junit.runners.ParentRunner.runChildren(ParentRunner.java:236)
	at org.junit.runners.ParentRunner.access$000(ParentRunner.java:53)
	at org.junit.runners.ParentRunner$2.evaluate(ParentRunner.java:229)
	at org.junit.internal.runners.statements.RunBefores.evaluate(RunBefores.java:26)
	at org.junit.runners.ParentRunner.run(ParentRunner.java:309)
	at org.apache.maven.surefire.junit4.JUnit4Provider.execute(JUnit4Provider.java:365)
	at org.apache.maven.surefire.junit4.JUnit4Provider.executeWithRerun(JUnit4Provider.java:273)
	at org.apache.maven.surefire.junit4.JUnit4Provider.executeTestSet(JUnit4Provider.java:238)
	at org.apache.maven.surefire.junit4.JUnit4Provider.invoke(JUnit4Provider.java:159)
	at org.apache.maven.surefire.booter.ForkedBooter.invokeProviderInSameClassLoader(ForkedBooter.java:384)
	at org.apache.maven.surefire.booter.ForkedBooter.runSuitesInProcess(ForkedBooter.java:345)
	at org.apache.maven.surefire.booter.ForkedBooter.execute(ForkedBooter.java:126)
	at org.apache.maven.surefire.booter.ForkedBooter.main(ForkedBooter.java:418)
Caused by: org.apache.hadoop.metrics2.MetricsException: Hadoop:service=BlockManager,name=BlockManagerImpl already exists!
	at org.apache.hadoop.metrics2.lib.DefaultMetricsSystem.newObjectName(DefaultMetricsSystem.java:131)
	... 42 more
2019-11-02 05:54:15,660 WARN  events.EventQueue (EventQueue.java:fireEvent(183)) - No event handler registered for event TypedEvent{payloadType=SafeModeStatus, name='SafeModeStatus'}
2019-11-02 05:54:15,662 INFO  ipc.CallQueueManager (CallQueueManager.java:<init>(84)) - Using callQueue: class java.util.concurrent.LinkedBlockingQueue, queueCapacity: 1000, scheduler: class org.apache.hadoop.ipc.DefaultRpcScheduler, ipcBackoff: false.
2019-11-02 05:54:15,663 INFO  ipc.Server (Server.java:run(1074)) - Starting Socket Reader #1 for port 41591
2019-11-02 05:54:15,664 INFO  ipc.CallQueueManager (CallQueueManager.java:<init>(84)) - Using callQueue: class java.util.concurrent.LinkedBlockingQueue, queueCapacity: 1000, scheduler: class org.apache.hadoop.ipc.DefaultRpcScheduler, ipcBackoff: false.
2019-11-02 05:54:15,665 INFO  ipc.Server (Server.java:run(1074)) - Starting Socket Reader #1 for port 44436
2019-11-02 05:54:15,667 INFO  ipc.CallQueueManager (CallQueueManager.java:<init>(84)) - Using callQueue: class java.util.concurrent.LinkedBlockingQueue, queueCapacity: 1000, scheduler: class org.apache.hadoop.ipc.DefaultRpcScheduler, ipcBackoff: false.
2019-11-02 05:54:15,668 INFO  ipc.Server (Server.java:run(1074)) - Starting Socket Reader #1 for port 34290
]]></system-out>
  </testcase>
  <testcase name="testScmClusterIsInExpectedState1" classname="org.apache.hadoop.hdds.scm.node.TestSCMNodeManager" time="0.374">
    <error type="java.lang.NullPointerException"><![CDATA[java.lang.NullPointerException
	at org.apache.hadoop.hdds.scm.server.StorageContainerManagerHttpServer.getSpnegoPrincipal(StorageContainerManagerHttpServer.java:74)
	at org.apache.hadoop.hdds.server.BaseHttpServer.<init>(BaseHttpServer.java:81)
	at org.apache.hadoop.hdds.scm.server.StorageContainerManagerHttpServer.<init>(StorageContainerManagerHttpServer.java:36)
	at org.apache.hadoop.hdds.scm.server.StorageContainerManager.<init>(StorageContainerManager.java:330)
	at org.apache.hadoop.hdds.scm.server.StorageContainerManager.<init>(StorageContainerManager.java:212)
	at org.apache.hadoop.hdds.scm.server.StorageContainerManager.createSCM(StorageContainerManager.java:598)
	at org.apache.hadoop.hdds.scm.HddsTestUtils.getScm(HddsTestUtils.java:91)
	at org.apache.hadoop.hdds.scm.node.TestSCMNodeManager.createNodeManager(TestSCMNodeManager.java:137)
	at org.apache.hadoop.hdds.scm.node.TestSCMNodeManager.testScmClusterIsInExpectedState1(TestSCMNodeManager.java:520)
	at sun.reflect.NativeMethodAccessorImpl.invoke0(Native Method)
	at sun.reflect.NativeMethodAccessorImpl.invoke(NativeMethodAccessorImpl.java:62)
	at sun.reflect.DelegatingMethodAccessorImpl.invoke(DelegatingMethodAccessorImpl.java:43)
	at java.lang.reflect.Method.invoke(Method.java:498)
	at org.junit.runners.model.FrameworkMethod$1.runReflectiveCall(FrameworkMethod.java:47)
	at org.junit.internal.runners.model.ReflectiveCallable.run(ReflectiveCallable.java:12)
	at org.junit.runners.model.FrameworkMethod.invokeExplosively(FrameworkMethod.java:44)
	at org.junit.internal.runners.statements.InvokeMethod.evaluate(InvokeMethod.java:17)
	at org.junit.internal.runners.statements.RunBefores.evaluate(RunBefores.java:26)
	at org.junit.internal.runners.statements.RunAfters.evaluate(RunAfters.java:27)
	at org.junit.rules.ExpectedException$ExpectedExceptionStatement.evaluate(ExpectedException.java:168)
	at org.junit.rules.RunRules.evaluate(RunRules.java:20)
	at org.junit.runners.ParentRunner.runLeaf(ParentRunner.java:271)
	at org.junit.runners.BlockJUnit4ClassRunner.runChild(BlockJUnit4ClassRunner.java:70)
	at org.junit.runners.BlockJUnit4ClassRunner.runChild(BlockJUnit4ClassRunner.java:50)
	at org.junit.runners.ParentRunner$3.run(ParentRunner.java:238)
	at org.junit.runners.ParentRunner$1.schedule(ParentRunner.java:63)
	at org.junit.runners.ParentRunner.runChildren(ParentRunner.java:236)
	at org.junit.runners.ParentRunner.access$000(ParentRunner.java:53)
	at org.junit.runners.ParentRunner$2.evaluate(ParentRunner.java:229)
	at org.junit.internal.runners.statements.RunBefores.evaluate(RunBefores.java:26)
	at org.junit.runners.ParentRunner.run(ParentRunner.java:309)
	at org.apache.maven.surefire.junit4.JUnit4Provider.execute(JUnit4Provider.java:365)
	at org.apache.maven.surefire.junit4.JUnit4Provider.executeWithRerun(JUnit4Provider.java:273)
	at org.apache.maven.surefire.junit4.JUnit4Provider.executeTestSet(JUnit4Provider.java:238)
	at org.apache.maven.surefire.junit4.JUnit4Provider.invoke(JUnit4Provider.java:159)
	at org.apache.maven.surefire.booter.ForkedBooter.invokeProviderInSameClassLoader(ForkedBooter.java:384)
	at org.apache.maven.surefire.booter.ForkedBooter.runSuitesInProcess(ForkedBooter.java:345)
	at org.apache.maven.surefire.booter.ForkedBooter.execute(ForkedBooter.java:126)
	at org.apache.maven.surefire.booter.ForkedBooter.main(ForkedBooter.java:418)
]]></error>
    <system-out><![CDATA[2019-11-02 05:54:15,693 WARN  server.ServerUtils (ServerUtils.java:getScmDbDir(145)) - ozone.scm.db.dirs is not configured. We recommend adding this setting. Falling back to ozone.metadata.dirs instead.
2019-11-02 05:54:15,706 WARN  server.ServerUtils (ServerUtils.java:getScmDbDir(145)) - ozone.scm.db.dirs is not configured. We recommend adding this setting. Falling back to ozone.metadata.dirs instead.
2019-11-02 05:54:15,706 WARN  server.ServerUtils (ServerUtils.java:getScmDbDir(145)) - ozone.scm.db.dirs is not configured. We recommend adding this setting. Falling back to ozone.metadata.dirs instead.
2019-11-02 05:54:15,707 INFO  db.DBStoreBuilder (DBStoreBuilder.java:addTable(127)) - using custom profile for table: deletedBlocks
2019-11-02 05:54:15,707 INFO  db.DBStoreBuilder (DBStoreBuilder.java:processTables(183)) - Using default column profile:DBProfile.DISK for Table:deletedBlocks
2019-11-02 05:54:15,708 INFO  db.DBStoreBuilder (DBStoreBuilder.java:addTable(127)) - using custom profile for table: validCerts
2019-11-02 05:54:15,708 INFO  db.DBStoreBuilder (DBStoreBuilder.java:processTables(183)) - Using default column profile:DBProfile.DISK for Table:validCerts
2019-11-02 05:54:15,708 INFO  db.DBStoreBuilder (DBStoreBuilder.java:addTable(127)) - using custom profile for table: revokedCerts
2019-11-02 05:54:15,709 INFO  db.DBStoreBuilder (DBStoreBuilder.java:processTables(183)) - Using default column profile:DBProfile.DISK for Table:revokedCerts
2019-11-02 05:54:15,709 INFO  db.DBStoreBuilder (DBStoreBuilder.java:addTable(127)) - using custom profile for table: default
2019-11-02 05:54:15,709 INFO  db.DBStoreBuilder (DBStoreBuilder.java:processTables(189)) - Using default column profile:DBProfile.DISK for Table:default
2019-11-02 05:54:15,710 INFO  db.DBStoreBuilder (DBStoreBuilder.java:getDbProfile(220)) - Using default options. DBProfile.DISK
2019-11-02 05:54:15,880 INFO  net.NodeSchemaLoader (NodeSchemaLoader.java:loadSchemaFromFile(125)) - Loading file from sun.misc.CompoundEnumeration@42a15bdc
2019-11-02 05:54:15,881 INFO  net.NodeSchemaLoader (NodeSchemaLoader.java:loadSchema(171)) - Loading network topology layer schema file
2019-11-02 05:54:15,886 INFO  node.SCMNodeManager (SCMNodeManager.java:<init>(116)) - Entering startup safe mode.
2019-11-02 05:54:15,887 WARN  util.MBeans (MBeans.java:getMBeanName(165)) - Error creating MBean object name: Hadoop:service=SCMNodeManager,name=SCMNodeManagerInfo
org.apache.hadoop.metrics2.MetricsException: org.apache.hadoop.metrics2.MetricsException: Hadoop:service=SCMNodeManager,name=SCMNodeManagerInfo already exists!
	at org.apache.hadoop.metrics2.lib.DefaultMetricsSystem.newObjectName(DefaultMetricsSystem.java:135)
	at org.apache.hadoop.metrics2.lib.DefaultMetricsSystem.newMBeanName(DefaultMetricsSystem.java:110)
	at org.apache.hadoop.metrics2.util.MBeans.getMBeanName(MBeans.java:163)
	at org.apache.hadoop.metrics2.util.MBeans.register(MBeans.java:95)
	at org.apache.hadoop.metrics2.util.MBeans.register(MBeans.java:72)
	at org.apache.hadoop.hdds.scm.node.SCMNodeManager.registerMXBean(SCMNodeManager.java:134)
	at org.apache.hadoop.hdds.scm.node.SCMNodeManager.<init>(SCMNodeManager.java:117)
	at org.apache.hadoop.hdds.scm.server.StorageContainerManager.initializeSystemManagers(StorageContainerManager.java:389)
	at org.apache.hadoop.hdds.scm.server.StorageContainerManager.<init>(StorageContainerManager.java:279)
	at org.apache.hadoop.hdds.scm.server.StorageContainerManager.<init>(StorageContainerManager.java:212)
	at org.apache.hadoop.hdds.scm.server.StorageContainerManager.createSCM(StorageContainerManager.java:598)
	at org.apache.hadoop.hdds.scm.HddsTestUtils.getScm(HddsTestUtils.java:91)
	at org.apache.hadoop.hdds.scm.node.TestSCMNodeManager.createNodeManager(TestSCMNodeManager.java:137)
	at org.apache.hadoop.hdds.scm.node.TestSCMNodeManager.testScmClusterIsInExpectedState1(TestSCMNodeManager.java:520)
	at sun.reflect.NativeMethodAccessorImpl.invoke0(Native Method)
	at sun.reflect.NativeMethodAccessorImpl.invoke(NativeMethodAccessorImpl.java:62)
	at sun.reflect.DelegatingMethodAccessorImpl.invoke(DelegatingMethodAccessorImpl.java:43)
	at java.lang.reflect.Method.invoke(Method.java:498)
	at org.junit.runners.model.FrameworkMethod$1.runReflectiveCall(FrameworkMethod.java:47)
	at org.junit.internal.runners.model.ReflectiveCallable.run(ReflectiveCallable.java:12)
	at org.junit.runners.model.FrameworkMethod.invokeExplosively(FrameworkMethod.java:44)
	at org.junit.internal.runners.statements.InvokeMethod.evaluate(InvokeMethod.java:17)
	at org.junit.internal.runners.statements.RunBefores.evaluate(RunBefores.java:26)
	at org.junit.internal.runners.statements.RunAfters.evaluate(RunAfters.java:27)
	at org.junit.rules.ExpectedException$ExpectedExceptionStatement.evaluate(ExpectedException.java:168)
	at org.junit.rules.RunRules.evaluate(RunRules.java:20)
	at org.junit.runners.ParentRunner.runLeaf(ParentRunner.java:271)
	at org.junit.runners.BlockJUnit4ClassRunner.runChild(BlockJUnit4ClassRunner.java:70)
	at org.junit.runners.BlockJUnit4ClassRunner.runChild(BlockJUnit4ClassRunner.java:50)
	at org.junit.runners.ParentRunner$3.run(ParentRunner.java:238)
	at org.junit.runners.ParentRunner$1.schedule(ParentRunner.java:63)
	at org.junit.runners.ParentRunner.runChildren(ParentRunner.java:236)
	at org.junit.runners.ParentRunner.access$000(ParentRunner.java:53)
	at org.junit.runners.ParentRunner$2.evaluate(ParentRunner.java:229)
	at org.junit.internal.runners.statements.RunBefores.evaluate(RunBefores.java:26)
	at org.junit.runners.ParentRunner.run(ParentRunner.java:309)
	at org.apache.maven.surefire.junit4.JUnit4Provider.execute(JUnit4Provider.java:365)
	at org.apache.maven.surefire.junit4.JUnit4Provider.executeWithRerun(JUnit4Provider.java:273)
	at org.apache.maven.surefire.junit4.JUnit4Provider.executeTestSet(JUnit4Provider.java:238)
	at org.apache.maven.surefire.junit4.JUnit4Provider.invoke(JUnit4Provider.java:159)
	at org.apache.maven.surefire.booter.ForkedBooter.invokeProviderInSameClassLoader(ForkedBooter.java:384)
	at org.apache.maven.surefire.booter.ForkedBooter.runSuitesInProcess(ForkedBooter.java:345)
	at org.apache.maven.surefire.booter.ForkedBooter.execute(ForkedBooter.java:126)
	at org.apache.maven.surefire.booter.ForkedBooter.main(ForkedBooter.java:418)
Caused by: org.apache.hadoop.metrics2.MetricsException: Hadoop:service=SCMNodeManager,name=SCMNodeManagerInfo already exists!
	at org.apache.hadoop.metrics2.lib.DefaultMetricsSystem.newObjectName(DefaultMetricsSystem.java:131)
	... 43 more
2019-11-02 05:54:15,888 INFO  algorithms.ContainerPlacementPolicyFactory (ContainerPlacementPolicyFactory.java:getPolicy(57)) - Create container placement policy of type org.apache.hadoop.hdds.scm.container.placement.algorithms.SCMContainerPlacementRandom
2019-11-02 05:54:15,889 WARN  server.ServerUtils (ServerUtils.java:getScmDbDir(145)) - ozone.scm.db.dirs is not configured. We recommend adding this setting. Falling back to ozone.metadata.dirs instead.
2019-11-02 05:54:15,940 WARN  util.MBeans (MBeans.java:getMBeanName(165)) - Error creating MBean object name: Hadoop:service=SCMPipelineManager,name=SCMPipelineManagerInfo
org.apache.hadoop.metrics2.MetricsException: org.apache.hadoop.metrics2.MetricsException: Hadoop:service=SCMPipelineManager,name=SCMPipelineManagerInfo already exists!
	at org.apache.hadoop.metrics2.lib.DefaultMetricsSystem.newObjectName(DefaultMetricsSystem.java:135)
	at org.apache.hadoop.metrics2.lib.DefaultMetricsSystem.newMBeanName(DefaultMetricsSystem.java:110)
	at org.apache.hadoop.metrics2.util.MBeans.getMBeanName(MBeans.java:163)
	at org.apache.hadoop.metrics2.util.MBeans.register(MBeans.java:95)
	at org.apache.hadoop.metrics2.util.MBeans.register(MBeans.java:72)
	at org.apache.hadoop.hdds.scm.pipeline.SCMPipelineManager.<init>(SCMPipelineManager.java:114)
	at org.apache.hadoop.hdds.scm.server.StorageContainerManager.initializeSystemManagers(StorageContainerManager.java:402)
	at org.apache.hadoop.hdds.scm.server.StorageContainerManager.<init>(StorageContainerManager.java:279)
	at org.apache.hadoop.hdds.scm.server.StorageContainerManager.<init>(StorageContainerManager.java:212)
	at org.apache.hadoop.hdds.scm.server.StorageContainerManager.createSCM(StorageContainerManager.java:598)
	at org.apache.hadoop.hdds.scm.HddsTestUtils.getScm(HddsTestUtils.java:91)
	at org.apache.hadoop.hdds.scm.node.TestSCMNodeManager.createNodeManager(TestSCMNodeManager.java:137)
	at org.apache.hadoop.hdds.scm.node.TestSCMNodeManager.testScmClusterIsInExpectedState1(TestSCMNodeManager.java:520)
	at sun.reflect.NativeMethodAccessorImpl.invoke0(Native Method)
	at sun.reflect.NativeMethodAccessorImpl.invoke(NativeMethodAccessorImpl.java:62)
	at sun.reflect.DelegatingMethodAccessorImpl.invoke(DelegatingMethodAccessorImpl.java:43)
	at java.lang.reflect.Method.invoke(Method.java:498)
	at org.junit.runners.model.FrameworkMethod$1.runReflectiveCall(FrameworkMethod.java:47)
	at org.junit.internal.runners.model.ReflectiveCallable.run(ReflectiveCallable.java:12)
	at org.junit.runners.model.FrameworkMethod.invokeExplosively(FrameworkMethod.java:44)
	at org.junit.internal.runners.statements.InvokeMethod.evaluate(InvokeMethod.java:17)
	at org.junit.internal.runners.statements.RunBefores.evaluate(RunBefores.java:26)
	at org.junit.internal.runners.statements.RunAfters.evaluate(RunAfters.java:27)
	at org.junit.rules.ExpectedException$ExpectedExceptionStatement.evaluate(ExpectedException.java:168)
	at org.junit.rules.RunRules.evaluate(RunRules.java:20)
	at org.junit.runners.ParentRunner.runLeaf(ParentRunner.java:271)
	at org.junit.runners.BlockJUnit4ClassRunner.runChild(BlockJUnit4ClassRunner.java:70)
	at org.junit.runners.BlockJUnit4ClassRunner.runChild(BlockJUnit4ClassRunner.java:50)
	at org.junit.runners.ParentRunner$3.run(ParentRunner.java:238)
	at org.junit.runners.ParentRunner$1.schedule(ParentRunner.java:63)
	at org.junit.runners.ParentRunner.runChildren(ParentRunner.java:236)
	at org.junit.runners.ParentRunner.access$000(ParentRunner.java:53)
	at org.junit.runners.ParentRunner$2.evaluate(ParentRunner.java:229)
	at org.junit.internal.runners.statements.RunBefores.evaluate(RunBefores.java:26)
	at org.junit.runners.ParentRunner.run(ParentRunner.java:309)
	at org.apache.maven.surefire.junit4.JUnit4Provider.execute(JUnit4Provider.java:365)
	at org.apache.maven.surefire.junit4.JUnit4Provider.executeWithRerun(JUnit4Provider.java:273)
	at org.apache.maven.surefire.junit4.JUnit4Provider.executeTestSet(JUnit4Provider.java:238)
	at org.apache.maven.surefire.junit4.JUnit4Provider.invoke(JUnit4Provider.java:159)
	at org.apache.maven.surefire.booter.ForkedBooter.invokeProviderInSameClassLoader(ForkedBooter.java:384)
	at org.apache.maven.surefire.booter.ForkedBooter.runSuitesInProcess(ForkedBooter.java:345)
	at org.apache.maven.surefire.booter.ForkedBooter.execute(ForkedBooter.java:126)
	at org.apache.maven.surefire.booter.ForkedBooter.main(ForkedBooter.java:418)
Caused by: org.apache.hadoop.metrics2.MetricsException: Hadoop:service=SCMPipelineManager,name=SCMPipelineManagerInfo already exists!
	at org.apache.hadoop.metrics2.lib.DefaultMetricsSystem.newObjectName(DefaultMetricsSystem.java:131)
	... 42 more
2019-11-02 05:54:15,941 INFO  pipeline.SCMPipelineManager (SCMPipelineManager.java:initializePipelineState(132)) - No pipeline exists in current db
2019-11-02 05:54:15,941 WARN  server.ServerUtils (ServerUtils.java:getScmDbDir(145)) - ozone.scm.db.dirs is not configured. We recommend adding this setting. Falling back to ozone.metadata.dirs instead.
2019-11-02 05:54:16,027 WARN  util.MBeans (MBeans.java:getMBeanName(165)) - Error creating MBean object name: Hadoop:service=BlockManager,name=BlockManagerImpl
org.apache.hadoop.metrics2.MetricsException: org.apache.hadoop.metrics2.MetricsException: Hadoop:service=BlockManager,name=BlockManagerImpl already exists!
	at org.apache.hadoop.metrics2.lib.DefaultMetricsSystem.newObjectName(DefaultMetricsSystem.java:135)
	at org.apache.hadoop.metrics2.lib.DefaultMetricsSystem.newMBeanName(DefaultMetricsSystem.java:110)
	at org.apache.hadoop.metrics2.util.MBeans.getMBeanName(MBeans.java:163)
	at org.apache.hadoop.metrics2.util.MBeans.register(MBeans.java:95)
	at org.apache.hadoop.metrics2.util.MBeans.register(MBeans.java:72)
	at org.apache.hadoop.hdds.scm.block.BlockManagerImpl.<init>(BlockManagerImpl.java:101)
	at org.apache.hadoop.hdds.scm.server.StorageContainerManager.initializeSystemManagers(StorageContainerManager.java:417)
	at org.apache.hadoop.hdds.scm.server.StorageContainerManager.<init>(StorageContainerManager.java:279)
	at org.apache.hadoop.hdds.scm.server.StorageContainerManager.<init>(StorageContainerManager.java:212)
	at org.apache.hadoop.hdds.scm.server.StorageContainerManager.createSCM(StorageContainerManager.java:598)
	at org.apache.hadoop.hdds.scm.HddsTestUtils.getScm(HddsTestUtils.java:91)
	at org.apache.hadoop.hdds.scm.node.TestSCMNodeManager.createNodeManager(TestSCMNodeManager.java:137)
	at org.apache.hadoop.hdds.scm.node.TestSCMNodeManager.testScmClusterIsInExpectedState1(TestSCMNodeManager.java:520)
	at sun.reflect.NativeMethodAccessorImpl.invoke0(Native Method)
	at sun.reflect.NativeMethodAccessorImpl.invoke(NativeMethodAccessorImpl.java:62)
	at sun.reflect.DelegatingMethodAccessorImpl.invoke(DelegatingMethodAccessorImpl.java:43)
	at java.lang.reflect.Method.invoke(Method.java:498)
	at org.junit.runners.model.FrameworkMethod$1.runReflectiveCall(FrameworkMethod.java:47)
	at org.junit.internal.runners.model.ReflectiveCallable.run(ReflectiveCallable.java:12)
	at org.junit.runners.model.FrameworkMethod.invokeExplosively(FrameworkMethod.java:44)
	at org.junit.internal.runners.statements.InvokeMethod.evaluate(InvokeMethod.java:17)
	at org.junit.internal.runners.statements.RunBefores.evaluate(RunBefores.java:26)
	at org.junit.internal.runners.statements.RunAfters.evaluate(RunAfters.java:27)
	at org.junit.rules.ExpectedException$ExpectedExceptionStatement.evaluate(ExpectedException.java:168)
	at org.junit.rules.RunRules.evaluate(RunRules.java:20)
	at org.junit.runners.ParentRunner.runLeaf(ParentRunner.java:271)
	at org.junit.runners.BlockJUnit4ClassRunner.runChild(BlockJUnit4ClassRunner.java:70)
	at org.junit.runners.BlockJUnit4ClassRunner.runChild(BlockJUnit4ClassRunner.java:50)
	at org.junit.runners.ParentRunner$3.run(ParentRunner.java:238)
	at org.junit.runners.ParentRunner$1.schedule(ParentRunner.java:63)
	at org.junit.runners.ParentRunner.runChildren(ParentRunner.java:236)
	at org.junit.runners.ParentRunner.access$000(ParentRunner.java:53)
	at org.junit.runners.ParentRunner$2.evaluate(ParentRunner.java:229)
	at org.junit.internal.runners.statements.RunBefores.evaluate(RunBefores.java:26)
	at org.junit.runners.ParentRunner.run(ParentRunner.java:309)
	at org.apache.maven.surefire.junit4.JUnit4Provider.execute(JUnit4Provider.java:365)
	at org.apache.maven.surefire.junit4.JUnit4Provider.executeWithRerun(JUnit4Provider.java:273)
	at org.apache.maven.surefire.junit4.JUnit4Provider.executeTestSet(JUnit4Provider.java:238)
	at org.apache.maven.surefire.junit4.JUnit4Provider.invoke(JUnit4Provider.java:159)
	at org.apache.maven.surefire.booter.ForkedBooter.invokeProviderInSameClassLoader(ForkedBooter.java:384)
	at org.apache.maven.surefire.booter.ForkedBooter.runSuitesInProcess(ForkedBooter.java:345)
	at org.apache.maven.surefire.booter.ForkedBooter.execute(ForkedBooter.java:126)
	at org.apache.maven.surefire.booter.ForkedBooter.main(ForkedBooter.java:418)
Caused by: org.apache.hadoop.metrics2.MetricsException: Hadoop:service=BlockManager,name=BlockManagerImpl already exists!
	at org.apache.hadoop.metrics2.lib.DefaultMetricsSystem.newObjectName(DefaultMetricsSystem.java:131)
	... 42 more
2019-11-02 05:54:16,031 WARN  events.EventQueue (EventQueue.java:fireEvent(183)) - No event handler registered for event TypedEvent{payloadType=SafeModeStatus, name='SafeModeStatus'}
2019-11-02 05:54:16,034 INFO  ipc.CallQueueManager (CallQueueManager.java:<init>(84)) - Using callQueue: class java.util.concurrent.LinkedBlockingQueue, queueCapacity: 1000, scheduler: class org.apache.hadoop.ipc.DefaultRpcScheduler, ipcBackoff: false.
2019-11-02 05:54:16,035 INFO  ipc.Server (Server.java:run(1074)) - Starting Socket Reader #1 for port 32909
2019-11-02 05:54:16,037 INFO  ipc.CallQueueManager (CallQueueManager.java:<init>(84)) - Using callQueue: class java.util.concurrent.LinkedBlockingQueue, queueCapacity: 1000, scheduler: class org.apache.hadoop.ipc.DefaultRpcScheduler, ipcBackoff: false.
2019-11-02 05:54:16,038 INFO  ipc.Server (Server.java:run(1074)) - Starting Socket Reader #1 for port 45730
2019-11-02 05:54:16,043 INFO  ipc.CallQueueManager (CallQueueManager.java:<init>(84)) - Using callQueue: class java.util.concurrent.LinkedBlockingQueue, queueCapacity: 1000, scheduler: class org.apache.hadoop.ipc.DefaultRpcScheduler, ipcBackoff: false.
2019-11-02 05:54:16,044 INFO  ipc.Server (Server.java:run(1074)) - Starting Socket Reader #1 for port 36843
]]></system-out>
  </testcase>
  <testcase name="testScmClusterIsInExpectedState2" classname="org.apache.hadoop.hdds.scm.node.TestSCMNodeManager" time="0.321">
    <error type="java.lang.NullPointerException"><![CDATA[java.lang.NullPointerException
	at org.apache.hadoop.hdds.scm.server.StorageContainerManagerHttpServer.getSpnegoPrincipal(StorageContainerManagerHttpServer.java:74)
	at org.apache.hadoop.hdds.server.BaseHttpServer.<init>(BaseHttpServer.java:81)
	at org.apache.hadoop.hdds.scm.server.StorageContainerManagerHttpServer.<init>(StorageContainerManagerHttpServer.java:36)
	at org.apache.hadoop.hdds.scm.server.StorageContainerManager.<init>(StorageContainerManager.java:330)
	at org.apache.hadoop.hdds.scm.server.StorageContainerManager.<init>(StorageContainerManager.java:212)
	at org.apache.hadoop.hdds.scm.server.StorageContainerManager.createSCM(StorageContainerManager.java:598)
	at org.apache.hadoop.hdds.scm.HddsTestUtils.getScm(HddsTestUtils.java:91)
	at org.apache.hadoop.hdds.scm.node.TestSCMNodeManager.createNodeManager(TestSCMNodeManager.java:137)
	at org.apache.hadoop.hdds.scm.node.TestSCMNodeManager.testScmClusterIsInExpectedState2(TestSCMNodeManager.java:697)
	at sun.reflect.NativeMethodAccessorImpl.invoke0(Native Method)
	at sun.reflect.NativeMethodAccessorImpl.invoke(NativeMethodAccessorImpl.java:62)
	at sun.reflect.DelegatingMethodAccessorImpl.invoke(DelegatingMethodAccessorImpl.java:43)
	at java.lang.reflect.Method.invoke(Method.java:498)
	at org.junit.runners.model.FrameworkMethod$1.runReflectiveCall(FrameworkMethod.java:47)
	at org.junit.internal.runners.model.ReflectiveCallable.run(ReflectiveCallable.java:12)
	at org.junit.runners.model.FrameworkMethod.invokeExplosively(FrameworkMethod.java:44)
	at org.junit.internal.runners.statements.InvokeMethod.evaluate(InvokeMethod.java:17)
	at org.junit.internal.runners.statements.RunBefores.evaluate(RunBefores.java:26)
	at org.junit.internal.runners.statements.RunAfters.evaluate(RunAfters.java:27)
	at org.junit.rules.ExpectedException$ExpectedExceptionStatement.evaluate(ExpectedException.java:168)
	at org.junit.rules.RunRules.evaluate(RunRules.java:20)
	at org.junit.runners.ParentRunner.runLeaf(ParentRunner.java:271)
	at org.junit.runners.BlockJUnit4ClassRunner.runChild(BlockJUnit4ClassRunner.java:70)
	at org.junit.runners.BlockJUnit4ClassRunner.runChild(BlockJUnit4ClassRunner.java:50)
	at org.junit.runners.ParentRunner$3.run(ParentRunner.java:238)
	at org.junit.runners.ParentRunner$1.schedule(ParentRunner.java:63)
	at org.junit.runners.ParentRunner.runChildren(ParentRunner.java:236)
	at org.junit.runners.ParentRunner.access$000(ParentRunner.java:53)
	at org.junit.runners.ParentRunner$2.evaluate(ParentRunner.java:229)
	at org.junit.internal.runners.statements.RunBefores.evaluate(RunBefores.java:26)
	at org.junit.runners.ParentRunner.run(ParentRunner.java:309)
	at org.apache.maven.surefire.junit4.JUnit4Provider.execute(JUnit4Provider.java:365)
	at org.apache.maven.surefire.junit4.JUnit4Provider.executeWithRerun(JUnit4Provider.java:273)
	at org.apache.maven.surefire.junit4.JUnit4Provider.executeTestSet(JUnit4Provider.java:238)
	at org.apache.maven.surefire.junit4.JUnit4Provider.invoke(JUnit4Provider.java:159)
	at org.apache.maven.surefire.booter.ForkedBooter.invokeProviderInSameClassLoader(ForkedBooter.java:384)
	at org.apache.maven.surefire.booter.ForkedBooter.runSuitesInProcess(ForkedBooter.java:345)
	at org.apache.maven.surefire.booter.ForkedBooter.execute(ForkedBooter.java:126)
	at org.apache.maven.surefire.booter.ForkedBooter.main(ForkedBooter.java:418)
]]></error>
    <system-out><![CDATA[2019-11-02 05:54:16,065 WARN  server.ServerUtils (ServerUtils.java:getScmDbDir(145)) - ozone.scm.db.dirs is not configured. We recommend adding this setting. Falling back to ozone.metadata.dirs instead.
2019-11-02 05:54:16,079 WARN  server.ServerUtils (ServerUtils.java:getScmDbDir(145)) - ozone.scm.db.dirs is not configured. We recommend adding this setting. Falling back to ozone.metadata.dirs instead.
2019-11-02 05:54:16,080 WARN  server.ServerUtils (ServerUtils.java:getScmDbDir(145)) - ozone.scm.db.dirs is not configured. We recommend adding this setting. Falling back to ozone.metadata.dirs instead.
2019-11-02 05:54:16,080 INFO  db.DBStoreBuilder (DBStoreBuilder.java:addTable(127)) - using custom profile for table: deletedBlocks
2019-11-02 05:54:16,080 INFO  db.DBStoreBuilder (DBStoreBuilder.java:processTables(183)) - Using default column profile:DBProfile.DISK for Table:deletedBlocks
2019-11-02 05:54:16,081 INFO  db.DBStoreBuilder (DBStoreBuilder.java:addTable(127)) - using custom profile for table: validCerts
2019-11-02 05:54:16,081 INFO  db.DBStoreBuilder (DBStoreBuilder.java:processTables(183)) - Using default column profile:DBProfile.DISK for Table:validCerts
2019-11-02 05:54:16,081 INFO  db.DBStoreBuilder (DBStoreBuilder.java:addTable(127)) - using custom profile for table: revokedCerts
2019-11-02 05:54:16,081 INFO  db.DBStoreBuilder (DBStoreBuilder.java:processTables(183)) - Using default column profile:DBProfile.DISK for Table:revokedCerts
2019-11-02 05:54:16,081 INFO  db.DBStoreBuilder (DBStoreBuilder.java:addTable(127)) - using custom profile for table: default
2019-11-02 05:54:16,082 INFO  db.DBStoreBuilder (DBStoreBuilder.java:processTables(189)) - Using default column profile:DBProfile.DISK for Table:default
2019-11-02 05:54:16,082 INFO  db.DBStoreBuilder (DBStoreBuilder.java:getDbProfile(220)) - Using default options. DBProfile.DISK
2019-11-02 05:54:16,226 INFO  net.NodeSchemaLoader (NodeSchemaLoader.java:loadSchemaFromFile(125)) - Loading file from sun.misc.CompoundEnumeration@127a7a2e
2019-11-02 05:54:16,226 INFO  net.NodeSchemaLoader (NodeSchemaLoader.java:loadSchema(171)) - Loading network topology layer schema file
2019-11-02 05:54:16,231 INFO  node.SCMNodeManager (SCMNodeManager.java:<init>(116)) - Entering startup safe mode.
2019-11-02 05:54:16,232 WARN  util.MBeans (MBeans.java:getMBeanName(165)) - Error creating MBean object name: Hadoop:service=SCMNodeManager,name=SCMNodeManagerInfo
org.apache.hadoop.metrics2.MetricsException: org.apache.hadoop.metrics2.MetricsException: Hadoop:service=SCMNodeManager,name=SCMNodeManagerInfo already exists!
	at org.apache.hadoop.metrics2.lib.DefaultMetricsSystem.newObjectName(DefaultMetricsSystem.java:135)
	at org.apache.hadoop.metrics2.lib.DefaultMetricsSystem.newMBeanName(DefaultMetricsSystem.java:110)
	at org.apache.hadoop.metrics2.util.MBeans.getMBeanName(MBeans.java:163)
	at org.apache.hadoop.metrics2.util.MBeans.register(MBeans.java:95)
	at org.apache.hadoop.metrics2.util.MBeans.register(MBeans.java:72)
	at org.apache.hadoop.hdds.scm.node.SCMNodeManager.registerMXBean(SCMNodeManager.java:134)
	at org.apache.hadoop.hdds.scm.node.SCMNodeManager.<init>(SCMNodeManager.java:117)
	at org.apache.hadoop.hdds.scm.server.StorageContainerManager.initializeSystemManagers(StorageContainerManager.java:389)
	at org.apache.hadoop.hdds.scm.server.StorageContainerManager.<init>(StorageContainerManager.java:279)
	at org.apache.hadoop.hdds.scm.server.StorageContainerManager.<init>(StorageContainerManager.java:212)
	at org.apache.hadoop.hdds.scm.server.StorageContainerManager.createSCM(StorageContainerManager.java:598)
	at org.apache.hadoop.hdds.scm.HddsTestUtils.getScm(HddsTestUtils.java:91)
	at org.apache.hadoop.hdds.scm.node.TestSCMNodeManager.createNodeManager(TestSCMNodeManager.java:137)
	at org.apache.hadoop.hdds.scm.node.TestSCMNodeManager.testScmClusterIsInExpectedState2(TestSCMNodeManager.java:697)
	at sun.reflect.NativeMethodAccessorImpl.invoke0(Native Method)
	at sun.reflect.NativeMethodAccessorImpl.invoke(NativeMethodAccessorImpl.java:62)
	at sun.reflect.DelegatingMethodAccessorImpl.invoke(DelegatingMethodAccessorImpl.java:43)
	at java.lang.reflect.Method.invoke(Method.java:498)
	at org.junit.runners.model.FrameworkMethod$1.runReflectiveCall(FrameworkMethod.java:47)
	at org.junit.internal.runners.model.ReflectiveCallable.run(ReflectiveCallable.java:12)
	at org.junit.runners.model.FrameworkMethod.invokeExplosively(FrameworkMethod.java:44)
	at org.junit.internal.runners.statements.InvokeMethod.evaluate(InvokeMethod.java:17)
	at org.junit.internal.runners.statements.RunBefores.evaluate(RunBefores.java:26)
	at org.junit.internal.runners.statements.RunAfters.evaluate(RunAfters.java:27)
	at org.junit.rules.ExpectedException$ExpectedExceptionStatement.evaluate(ExpectedException.java:168)
	at org.junit.rules.RunRules.evaluate(RunRules.java:20)
	at org.junit.runners.ParentRunner.runLeaf(ParentRunner.java:271)
	at org.junit.runners.BlockJUnit4ClassRunner.runChild(BlockJUnit4ClassRunner.java:70)
	at org.junit.runners.BlockJUnit4ClassRunner.runChild(BlockJUnit4ClassRunner.java:50)
	at org.junit.runners.ParentRunner$3.run(ParentRunner.java:238)
	at org.junit.runners.ParentRunner$1.schedule(ParentRunner.java:63)
	at org.junit.runners.ParentRunner.runChildren(ParentRunner.java:236)
	at org.junit.runners.ParentRunner.access$000(ParentRunner.java:53)
	at org.junit.runners.ParentRunner$2.evaluate(ParentRunner.java:229)
	at org.junit.internal.runners.statements.RunBefores.evaluate(RunBefores.java:26)
	at org.junit.runners.ParentRunner.run(ParentRunner.java:309)
	at org.apache.maven.surefire.junit4.JUnit4Provider.execute(JUnit4Provider.java:365)
	at org.apache.maven.surefire.junit4.JUnit4Provider.executeWithRerun(JUnit4Provider.java:273)
	at org.apache.maven.surefire.junit4.JUnit4Provider.executeTestSet(JUnit4Provider.java:238)
	at org.apache.maven.surefire.junit4.JUnit4Provider.invoke(JUnit4Provider.java:159)
	at org.apache.maven.surefire.booter.ForkedBooter.invokeProviderInSameClassLoader(ForkedBooter.java:384)
	at org.apache.maven.surefire.booter.ForkedBooter.runSuitesInProcess(ForkedBooter.java:345)
	at org.apache.maven.surefire.booter.ForkedBooter.execute(ForkedBooter.java:126)
	at org.apache.maven.surefire.booter.ForkedBooter.main(ForkedBooter.java:418)
Caused by: org.apache.hadoop.metrics2.MetricsException: Hadoop:service=SCMNodeManager,name=SCMNodeManagerInfo already exists!
	at org.apache.hadoop.metrics2.lib.DefaultMetricsSystem.newObjectName(DefaultMetricsSystem.java:131)
	... 43 more
2019-11-02 05:54:16,233 INFO  algorithms.ContainerPlacementPolicyFactory (ContainerPlacementPolicyFactory.java:getPolicy(57)) - Create container placement policy of type org.apache.hadoop.hdds.scm.container.placement.algorithms.SCMContainerPlacementRandom
2019-11-02 05:54:16,233 WARN  server.ServerUtils (ServerUtils.java:getScmDbDir(145)) - ozone.scm.db.dirs is not configured. We recommend adding this setting. Falling back to ozone.metadata.dirs instead.
2019-11-02 05:54:16,281 WARN  util.MBeans (MBeans.java:getMBeanName(165)) - Error creating MBean object name: Hadoop:service=SCMPipelineManager,name=SCMPipelineManagerInfo
org.apache.hadoop.metrics2.MetricsException: org.apache.hadoop.metrics2.MetricsException: Hadoop:service=SCMPipelineManager,name=SCMPipelineManagerInfo already exists!
	at org.apache.hadoop.metrics2.lib.DefaultMetricsSystem.newObjectName(DefaultMetricsSystem.java:135)
	at org.apache.hadoop.metrics2.lib.DefaultMetricsSystem.newMBeanName(DefaultMetricsSystem.java:110)
	at org.apache.hadoop.metrics2.util.MBeans.getMBeanName(MBeans.java:163)
	at org.apache.hadoop.metrics2.util.MBeans.register(MBeans.java:95)
	at org.apache.hadoop.metrics2.util.MBeans.register(MBeans.java:72)
	at org.apache.hadoop.hdds.scm.pipeline.SCMPipelineManager.<init>(SCMPipelineManager.java:114)
	at org.apache.hadoop.hdds.scm.server.StorageContainerManager.initializeSystemManagers(StorageContainerManager.java:402)
	at org.apache.hadoop.hdds.scm.server.StorageContainerManager.<init>(StorageContainerManager.java:279)
	at org.apache.hadoop.hdds.scm.server.StorageContainerManager.<init>(StorageContainerManager.java:212)
	at org.apache.hadoop.hdds.scm.server.StorageContainerManager.createSCM(StorageContainerManager.java:598)
	at org.apache.hadoop.hdds.scm.HddsTestUtils.getScm(HddsTestUtils.java:91)
	at org.apache.hadoop.hdds.scm.node.TestSCMNodeManager.createNodeManager(TestSCMNodeManager.java:137)
	at org.apache.hadoop.hdds.scm.node.TestSCMNodeManager.testScmClusterIsInExpectedState2(TestSCMNodeManager.java:697)
	at sun.reflect.NativeMethodAccessorImpl.invoke0(Native Method)
	at sun.reflect.NativeMethodAccessorImpl.invoke(NativeMethodAccessorImpl.java:62)
	at sun.reflect.DelegatingMethodAccessorImpl.invoke(DelegatingMethodAccessorImpl.java:43)
	at java.lang.reflect.Method.invoke(Method.java:498)
	at org.junit.runners.model.FrameworkMethod$1.runReflectiveCall(FrameworkMethod.java:47)
	at org.junit.internal.runners.model.ReflectiveCallable.run(ReflectiveCallable.java:12)
	at org.junit.runners.model.FrameworkMethod.invokeExplosively(FrameworkMethod.java:44)
	at org.junit.internal.runners.statements.InvokeMethod.evaluate(InvokeMethod.java:17)
	at org.junit.internal.runners.statements.RunBefores.evaluate(RunBefores.java:26)
	at org.junit.internal.runners.statements.RunAfters.evaluate(RunAfters.java:27)
	at org.junit.rules.ExpectedException$ExpectedExceptionStatement.evaluate(ExpectedException.java:168)
	at org.junit.rules.RunRules.evaluate(RunRules.java:20)
	at org.junit.runners.ParentRunner.runLeaf(ParentRunner.java:271)
	at org.junit.runners.BlockJUnit4ClassRunner.runChild(BlockJUnit4ClassRunner.java:70)
	at org.junit.runners.BlockJUnit4ClassRunner.runChild(BlockJUnit4ClassRunner.java:50)
	at org.junit.runners.ParentRunner$3.run(ParentRunner.java:238)
	at org.junit.runners.ParentRunner$1.schedule(ParentRunner.java:63)
	at org.junit.runners.ParentRunner.runChildren(ParentRunner.java:236)
	at org.junit.runners.ParentRunner.access$000(ParentRunner.java:53)
	at org.junit.runners.ParentRunner$2.evaluate(ParentRunner.java:229)
	at org.junit.internal.runners.statements.RunBefores.evaluate(RunBefores.java:26)
	at org.junit.runners.ParentRunner.run(ParentRunner.java:309)
	at org.apache.maven.surefire.junit4.JUnit4Provider.execute(JUnit4Provider.java:365)
	at org.apache.maven.surefire.junit4.JUnit4Provider.executeWithRerun(JUnit4Provider.java:273)
	at org.apache.maven.surefire.junit4.JUnit4Provider.executeTestSet(JUnit4Provider.java:238)
	at org.apache.maven.surefire.junit4.JUnit4Provider.invoke(JUnit4Provider.java:159)
	at org.apache.maven.surefire.booter.ForkedBooter.invokeProviderInSameClassLoader(ForkedBooter.java:384)
	at org.apache.maven.surefire.booter.ForkedBooter.runSuitesInProcess(ForkedBooter.java:345)
	at org.apache.maven.surefire.booter.ForkedBooter.execute(ForkedBooter.java:126)
	at org.apache.maven.surefire.booter.ForkedBooter.main(ForkedBooter.java:418)
Caused by: org.apache.hadoop.metrics2.MetricsException: Hadoop:service=SCMPipelineManager,name=SCMPipelineManagerInfo already exists!
	at org.apache.hadoop.metrics2.lib.DefaultMetricsSystem.newObjectName(DefaultMetricsSystem.java:131)
	... 42 more
2019-11-02 05:54:16,282 INFO  pipeline.SCMPipelineManager (SCMPipelineManager.java:initializePipelineState(132)) - No pipeline exists in current db
2019-11-02 05:54:16,282 WARN  server.ServerUtils (ServerUtils.java:getScmDbDir(145)) - ozone.scm.db.dirs is not configured. We recommend adding this setting. Falling back to ozone.metadata.dirs instead.
2019-11-02 05:54:16,340 WARN  util.MBeans (MBeans.java:getMBeanName(165)) - Error creating MBean object name: Hadoop:service=BlockManager,name=BlockManagerImpl
org.apache.hadoop.metrics2.MetricsException: org.apache.hadoop.metrics2.MetricsException: Hadoop:service=BlockManager,name=BlockManagerImpl already exists!
	at org.apache.hadoop.metrics2.lib.DefaultMetricsSystem.newObjectName(DefaultMetricsSystem.java:135)
	at org.apache.hadoop.metrics2.lib.DefaultMetricsSystem.newMBeanName(DefaultMetricsSystem.java:110)
	at org.apache.hadoop.metrics2.util.MBeans.getMBeanName(MBeans.java:163)
	at org.apache.hadoop.metrics2.util.MBeans.register(MBeans.java:95)
	at org.apache.hadoop.metrics2.util.MBeans.register(MBeans.java:72)
	at org.apache.hadoop.hdds.scm.block.BlockManagerImpl.<init>(BlockManagerImpl.java:101)
	at org.apache.hadoop.hdds.scm.server.StorageContainerManager.initializeSystemManagers(StorageContainerManager.java:417)
	at org.apache.hadoop.hdds.scm.server.StorageContainerManager.<init>(StorageContainerManager.java:279)
	at org.apache.hadoop.hdds.scm.server.StorageContainerManager.<init>(StorageContainerManager.java:212)
	at org.apache.hadoop.hdds.scm.server.StorageContainerManager.createSCM(StorageContainerManager.java:598)
	at org.apache.hadoop.hdds.scm.HddsTestUtils.getScm(HddsTestUtils.java:91)
	at org.apache.hadoop.hdds.scm.node.TestSCMNodeManager.createNodeManager(TestSCMNodeManager.java:137)
	at org.apache.hadoop.hdds.scm.node.TestSCMNodeManager.testScmClusterIsInExpectedState2(TestSCMNodeManager.java:697)
	at sun.reflect.NativeMethodAccessorImpl.invoke0(Native Method)
	at sun.reflect.NativeMethodAccessorImpl.invoke(NativeMethodAccessorImpl.java:62)
	at sun.reflect.DelegatingMethodAccessorImpl.invoke(DelegatingMethodAccessorImpl.java:43)
	at java.lang.reflect.Method.invoke(Method.java:498)
	at org.junit.runners.model.FrameworkMethod$1.runReflectiveCall(FrameworkMethod.java:47)
	at org.junit.internal.runners.model.ReflectiveCallable.run(ReflectiveCallable.java:12)
	at org.junit.runners.model.FrameworkMethod.invokeExplosively(FrameworkMethod.java:44)
	at org.junit.internal.runners.statements.InvokeMethod.evaluate(InvokeMethod.java:17)
	at org.junit.internal.runners.statements.RunBefores.evaluate(RunBefores.java:26)
	at org.junit.internal.runners.statements.RunAfters.evaluate(RunAfters.java:27)
	at org.junit.rules.ExpectedException$ExpectedExceptionStatement.evaluate(ExpectedException.java:168)
	at org.junit.rules.RunRules.evaluate(RunRules.java:20)
	at org.junit.runners.ParentRunner.runLeaf(ParentRunner.java:271)
	at org.junit.runners.BlockJUnit4ClassRunner.runChild(BlockJUnit4ClassRunner.java:70)
	at org.junit.runners.BlockJUnit4ClassRunner.runChild(BlockJUnit4ClassRunner.java:50)
	at org.junit.runners.ParentRunner$3.run(ParentRunner.java:238)
	at org.junit.runners.ParentRunner$1.schedule(ParentRunner.java:63)
	at org.junit.runners.ParentRunner.runChildren(ParentRunner.java:236)
	at org.junit.runners.ParentRunner.access$000(ParentRunner.java:53)
	at org.junit.runners.ParentRunner$2.evaluate(ParentRunner.java:229)
	at org.junit.internal.runners.statements.RunBefores.evaluate(RunBefores.java:26)
	at org.junit.runners.ParentRunner.run(ParentRunner.java:309)
	at org.apache.maven.surefire.junit4.JUnit4Provider.execute(JUnit4Provider.java:365)
	at org.apache.maven.surefire.junit4.JUnit4Provider.executeWithRerun(JUnit4Provider.java:273)
	at org.apache.maven.surefire.junit4.JUnit4Provider.executeTestSet(JUnit4Provider.java:238)
	at org.apache.maven.surefire.junit4.JUnit4Provider.invoke(JUnit4Provider.java:159)
	at org.apache.maven.surefire.booter.ForkedBooter.invokeProviderInSameClassLoader(ForkedBooter.java:384)
	at org.apache.maven.surefire.booter.ForkedBooter.runSuitesInProcess(ForkedBooter.java:345)
	at org.apache.maven.surefire.booter.ForkedBooter.execute(ForkedBooter.java:126)
	at org.apache.maven.surefire.booter.ForkedBooter.main(ForkedBooter.java:418)
Caused by: org.apache.hadoop.metrics2.MetricsException: Hadoop:service=BlockManager,name=BlockManagerImpl already exists!
	at org.apache.hadoop.metrics2.lib.DefaultMetricsSystem.newObjectName(DefaultMetricsSystem.java:131)
	... 42 more
2019-11-02 05:54:16,344 WARN  events.EventQueue (EventQueue.java:fireEvent(183)) - No event handler registered for event TypedEvent{payloadType=SafeModeStatus, name='SafeModeStatus'}
2019-11-02 05:54:16,345 INFO  ipc.CallQueueManager (CallQueueManager.java:<init>(84)) - Using callQueue: class java.util.concurrent.LinkedBlockingQueue, queueCapacity: 1000, scheduler: class org.apache.hadoop.ipc.DefaultRpcScheduler, ipcBackoff: false.
2019-11-02 05:54:16,346 INFO  ipc.Server (Server.java:run(1074)) - Starting Socket Reader #1 for port 35752
2019-11-02 05:54:16,348 INFO  ipc.CallQueueManager (CallQueueManager.java:<init>(84)) - Using callQueue: class java.util.concurrent.LinkedBlockingQueue, queueCapacity: 1000, scheduler: class org.apache.hadoop.ipc.DefaultRpcScheduler, ipcBackoff: false.
2019-11-02 05:54:16,349 INFO  ipc.Server (Server.java:run(1074)) - Starting Socket Reader #1 for port 46107
2019-11-02 05:54:16,351 INFO  ipc.CallQueueManager (CallQueueManager.java:<init>(84)) - Using callQueue: class java.util.concurrent.LinkedBlockingQueue, queueCapacity: 1000, scheduler: class org.apache.hadoop.ipc.DefaultRpcScheduler, ipcBackoff: false.
2019-11-02 05:54:16,352 INFO  ipc.Server (Server.java:run(1074)) - Starting Socket Reader #1 for port 42487
]]></system-out>
  </testcase>
  <testcase name="testScmSanityOfUserConfig2" classname="org.apache.hadoop.hdds.scm.node.TestSCMNodeManager" time="0.314">
    <error type="java.lang.NullPointerException"><![CDATA[java.lang.NullPointerException
	at org.apache.hadoop.hdds.scm.server.StorageContainerManagerHttpServer.getSpnegoPrincipal(StorageContainerManagerHttpServer.java:74)
	at org.apache.hadoop.hdds.server.BaseHttpServer.<init>(BaseHttpServer.java:81)
	at org.apache.hadoop.hdds.scm.server.StorageContainerManagerHttpServer.<init>(StorageContainerManagerHttpServer.java:36)
	at org.apache.hadoop.hdds.scm.server.StorageContainerManager.<init>(StorageContainerManager.java:330)
	at org.apache.hadoop.hdds.scm.server.StorageContainerManager.<init>(StorageContainerManager.java:212)
	at org.apache.hadoop.hdds.scm.server.StorageContainerManager.createSCM(StorageContainerManager.java:598)
	at org.apache.hadoop.hdds.scm.HddsTestUtils.getScm(HddsTestUtils.java:91)
	at org.apache.hadoop.hdds.scm.node.TestSCMNodeManager.createNodeManager(TestSCMNodeManager.java:137)
	at org.apache.hadoop.hdds.scm.node.TestSCMNodeManager.testScmSanityOfUserConfig2(TestSCMNodeManager.java:265)
	at sun.reflect.NativeMethodAccessorImpl.invoke0(Native Method)
	at sun.reflect.NativeMethodAccessorImpl.invoke(NativeMethodAccessorImpl.java:62)
	at sun.reflect.DelegatingMethodAccessorImpl.invoke(DelegatingMethodAccessorImpl.java:43)
	at java.lang.reflect.Method.invoke(Method.java:498)
	at org.junit.runners.model.FrameworkMethod$1.runReflectiveCall(FrameworkMethod.java:47)
	at org.junit.internal.runners.model.ReflectiveCallable.run(ReflectiveCallable.java:12)
	at org.junit.runners.model.FrameworkMethod.invokeExplosively(FrameworkMethod.java:44)
	at org.junit.internal.runners.statements.InvokeMethod.evaluate(InvokeMethod.java:17)
	at org.junit.internal.runners.statements.RunBefores.evaluate(RunBefores.java:26)
	at org.junit.internal.runners.statements.RunAfters.evaluate(RunAfters.java:27)
	at org.junit.rules.ExpectedException$ExpectedExceptionStatement.evaluate(ExpectedException.java:168)
	at org.junit.rules.RunRules.evaluate(RunRules.java:20)
	at org.junit.runners.ParentRunner.runLeaf(ParentRunner.java:271)
	at org.junit.runners.BlockJUnit4ClassRunner.runChild(BlockJUnit4ClassRunner.java:70)
	at org.junit.runners.BlockJUnit4ClassRunner.runChild(BlockJUnit4ClassRunner.java:50)
	at org.junit.runners.ParentRunner$3.run(ParentRunner.java:238)
	at org.junit.runners.ParentRunner$1.schedule(ParentRunner.java:63)
	at org.junit.runners.ParentRunner.runChildren(ParentRunner.java:236)
	at org.junit.runners.ParentRunner.access$000(ParentRunner.java:53)
	at org.junit.runners.ParentRunner$2.evaluate(ParentRunner.java:229)
	at org.junit.internal.runners.statements.RunBefores.evaluate(RunBefores.java:26)
	at org.junit.runners.ParentRunner.run(ParentRunner.java:309)
	at org.apache.maven.surefire.junit4.JUnit4Provider.execute(JUnit4Provider.java:365)
	at org.apache.maven.surefire.junit4.JUnit4Provider.executeWithRerun(JUnit4Provider.java:273)
	at org.apache.maven.surefire.junit4.JUnit4Provider.executeTestSet(JUnit4Provider.java:238)
	at org.apache.maven.surefire.junit4.JUnit4Provider.invoke(JUnit4Provider.java:159)
	at org.apache.maven.surefire.booter.ForkedBooter.invokeProviderInSameClassLoader(ForkedBooter.java:384)
	at org.apache.maven.surefire.booter.ForkedBooter.runSuitesInProcess(ForkedBooter.java:345)
	at org.apache.maven.surefire.booter.ForkedBooter.execute(ForkedBooter.java:126)
	at org.apache.maven.surefire.booter.ForkedBooter.main(ForkedBooter.java:418)
]]></error>
    <system-out><![CDATA[2019-11-02 05:54:16,394 WARN  server.ServerUtils (ServerUtils.java:getScmDbDir(145)) - ozone.scm.db.dirs is not configured. We recommend adding this setting. Falling back to ozone.metadata.dirs instead.
2019-11-02 05:54:16,401 WARN  server.ServerUtils (ServerUtils.java:getScmDbDir(145)) - ozone.scm.db.dirs is not configured. We recommend adding this setting. Falling back to ozone.metadata.dirs instead.
2019-11-02 05:54:16,402 WARN  server.ServerUtils (ServerUtils.java:getScmDbDir(145)) - ozone.scm.db.dirs is not configured. We recommend adding this setting. Falling back to ozone.metadata.dirs instead.
2019-11-02 05:54:16,402 INFO  db.DBStoreBuilder (DBStoreBuilder.java:addTable(127)) - using custom profile for table: deletedBlocks
2019-11-02 05:54:16,402 INFO  db.DBStoreBuilder (DBStoreBuilder.java:processTables(183)) - Using default column profile:DBProfile.DISK for Table:deletedBlocks
2019-11-02 05:54:16,403 INFO  db.DBStoreBuilder (DBStoreBuilder.java:addTable(127)) - using custom profile for table: validCerts
2019-11-02 05:54:16,403 INFO  db.DBStoreBuilder (DBStoreBuilder.java:processTables(183)) - Using default column profile:DBProfile.DISK for Table:validCerts
2019-11-02 05:54:16,403 INFO  db.DBStoreBuilder (DBStoreBuilder.java:addTable(127)) - using custom profile for table: revokedCerts
2019-11-02 05:54:16,403 INFO  db.DBStoreBuilder (DBStoreBuilder.java:processTables(183)) - Using default column profile:DBProfile.DISK for Table:revokedCerts
2019-11-02 05:54:16,404 INFO  db.DBStoreBuilder (DBStoreBuilder.java:addTable(127)) - using custom profile for table: default
2019-11-02 05:54:16,404 INFO  db.DBStoreBuilder (DBStoreBuilder.java:processTables(189)) - Using default column profile:DBProfile.DISK for Table:default
2019-11-02 05:54:16,404 INFO  db.DBStoreBuilder (DBStoreBuilder.java:getDbProfile(220)) - Using default options. DBProfile.DISK
2019-11-02 05:54:16,557 INFO  net.NodeSchemaLoader (NodeSchemaLoader.java:loadSchemaFromFile(125)) - Loading file from sun.misc.CompoundEnumeration@4fbe37eb
2019-11-02 05:54:16,557 INFO  net.NodeSchemaLoader (NodeSchemaLoader.java:loadSchema(171)) - Loading network topology layer schema file
2019-11-02 05:54:16,562 INFO  node.SCMNodeManager (SCMNodeManager.java:<init>(116)) - Entering startup safe mode.
2019-11-02 05:54:16,563 WARN  util.MBeans (MBeans.java:getMBeanName(165)) - Error creating MBean object name: Hadoop:service=SCMNodeManager,name=SCMNodeManagerInfo
org.apache.hadoop.metrics2.MetricsException: org.apache.hadoop.metrics2.MetricsException: Hadoop:service=SCMNodeManager,name=SCMNodeManagerInfo already exists!
	at org.apache.hadoop.metrics2.lib.DefaultMetricsSystem.newObjectName(DefaultMetricsSystem.java:135)
	at org.apache.hadoop.metrics2.lib.DefaultMetricsSystem.newMBeanName(DefaultMetricsSystem.java:110)
	at org.apache.hadoop.metrics2.util.MBeans.getMBeanName(MBeans.java:163)
	at org.apache.hadoop.metrics2.util.MBeans.register(MBeans.java:95)
	at org.apache.hadoop.metrics2.util.MBeans.register(MBeans.java:72)
	at org.apache.hadoop.hdds.scm.node.SCMNodeManager.registerMXBean(SCMNodeManager.java:134)
	at org.apache.hadoop.hdds.scm.node.SCMNodeManager.<init>(SCMNodeManager.java:117)
	at org.apache.hadoop.hdds.scm.server.StorageContainerManager.initializeSystemManagers(StorageContainerManager.java:389)
	at org.apache.hadoop.hdds.scm.server.StorageContainerManager.<init>(StorageContainerManager.java:279)
	at org.apache.hadoop.hdds.scm.server.StorageContainerManager.<init>(StorageContainerManager.java:212)
	at org.apache.hadoop.hdds.scm.server.StorageContainerManager.createSCM(StorageContainerManager.java:598)
	at org.apache.hadoop.hdds.scm.HddsTestUtils.getScm(HddsTestUtils.java:91)
	at org.apache.hadoop.hdds.scm.node.TestSCMNodeManager.createNodeManager(TestSCMNodeManager.java:137)
	at org.apache.hadoop.hdds.scm.node.TestSCMNodeManager.testScmSanityOfUserConfig2(TestSCMNodeManager.java:265)
	at sun.reflect.NativeMethodAccessorImpl.invoke0(Native Method)
	at sun.reflect.NativeMethodAccessorImpl.invoke(NativeMethodAccessorImpl.java:62)
	at sun.reflect.DelegatingMethodAccessorImpl.invoke(DelegatingMethodAccessorImpl.java:43)
	at java.lang.reflect.Method.invoke(Method.java:498)
	at org.junit.runners.model.FrameworkMethod$1.runReflectiveCall(FrameworkMethod.java:47)
	at org.junit.internal.runners.model.ReflectiveCallable.run(ReflectiveCallable.java:12)
	at org.junit.runners.model.FrameworkMethod.invokeExplosively(FrameworkMethod.java:44)
	at org.junit.internal.runners.statements.InvokeMethod.evaluate(InvokeMethod.java:17)
	at org.junit.internal.runners.statements.RunBefores.evaluate(RunBefores.java:26)
	at org.junit.internal.runners.statements.RunAfters.evaluate(RunAfters.java:27)
	at org.junit.rules.ExpectedException$ExpectedExceptionStatement.evaluate(ExpectedException.java:168)
	at org.junit.rules.RunRules.evaluate(RunRules.java:20)
	at org.junit.runners.ParentRunner.runLeaf(ParentRunner.java:271)
	at org.junit.runners.BlockJUnit4ClassRunner.runChild(BlockJUnit4ClassRunner.java:70)
	at org.junit.runners.BlockJUnit4ClassRunner.runChild(BlockJUnit4ClassRunner.java:50)
	at org.junit.runners.ParentRunner$3.run(ParentRunner.java:238)
	at org.junit.runners.ParentRunner$1.schedule(ParentRunner.java:63)
	at org.junit.runners.ParentRunner.runChildren(ParentRunner.java:236)
	at org.junit.runners.ParentRunner.access$000(ParentRunner.java:53)
	at org.junit.runners.ParentRunner$2.evaluate(ParentRunner.java:229)
	at org.junit.internal.runners.statements.RunBefores.evaluate(RunBefores.java:26)
	at org.junit.runners.ParentRunner.run(ParentRunner.java:309)
	at org.apache.maven.surefire.junit4.JUnit4Provider.execute(JUnit4Provider.java:365)
	at org.apache.maven.surefire.junit4.JUnit4Provider.executeWithRerun(JUnit4Provider.java:273)
	at org.apache.maven.surefire.junit4.JUnit4Provider.executeTestSet(JUnit4Provider.java:238)
	at org.apache.maven.surefire.junit4.JUnit4Provider.invoke(JUnit4Provider.java:159)
	at org.apache.maven.surefire.booter.ForkedBooter.invokeProviderInSameClassLoader(ForkedBooter.java:384)
	at org.apache.maven.surefire.booter.ForkedBooter.runSuitesInProcess(ForkedBooter.java:345)
	at org.apache.maven.surefire.booter.ForkedBooter.execute(ForkedBooter.java:126)
	at org.apache.maven.surefire.booter.ForkedBooter.main(ForkedBooter.java:418)
Caused by: org.apache.hadoop.metrics2.MetricsException: Hadoop:service=SCMNodeManager,name=SCMNodeManagerInfo already exists!
	at org.apache.hadoop.metrics2.lib.DefaultMetricsSystem.newObjectName(DefaultMetricsSystem.java:131)
	... 43 more
2019-11-02 05:54:16,564 INFO  algorithms.ContainerPlacementPolicyFactory (ContainerPlacementPolicyFactory.java:getPolicy(57)) - Create container placement policy of type org.apache.hadoop.hdds.scm.container.placement.algorithms.SCMContainerPlacementRandom
2019-11-02 05:54:16,565 WARN  server.ServerUtils (ServerUtils.java:getScmDbDir(145)) - ozone.scm.db.dirs is not configured. We recommend adding this setting. Falling back to ozone.metadata.dirs instead.
2019-11-02 05:54:16,611 WARN  util.MBeans (MBeans.java:getMBeanName(165)) - Error creating MBean object name: Hadoop:service=SCMPipelineManager,name=SCMPipelineManagerInfo
org.apache.hadoop.metrics2.MetricsException: org.apache.hadoop.metrics2.MetricsException: Hadoop:service=SCMPipelineManager,name=SCMPipelineManagerInfo already exists!
	at org.apache.hadoop.metrics2.lib.DefaultMetricsSystem.newObjectName(DefaultMetricsSystem.java:135)
	at org.apache.hadoop.metrics2.lib.DefaultMetricsSystem.newMBeanName(DefaultMetricsSystem.java:110)
	at org.apache.hadoop.metrics2.util.MBeans.getMBeanName(MBeans.java:163)
	at org.apache.hadoop.metrics2.util.MBeans.register(MBeans.java:95)
	at org.apache.hadoop.metrics2.util.MBeans.register(MBeans.java:72)
	at org.apache.hadoop.hdds.scm.pipeline.SCMPipelineManager.<init>(SCMPipelineManager.java:114)
	at org.apache.hadoop.hdds.scm.server.StorageContainerManager.initializeSystemManagers(StorageContainerManager.java:402)
	at org.apache.hadoop.hdds.scm.server.StorageContainerManager.<init>(StorageContainerManager.java:279)
	at org.apache.hadoop.hdds.scm.server.StorageContainerManager.<init>(StorageContainerManager.java:212)
	at org.apache.hadoop.hdds.scm.server.StorageContainerManager.createSCM(StorageContainerManager.java:598)
	at org.apache.hadoop.hdds.scm.HddsTestUtils.getScm(HddsTestUtils.java:91)
	at org.apache.hadoop.hdds.scm.node.TestSCMNodeManager.createNodeManager(TestSCMNodeManager.java:137)
	at org.apache.hadoop.hdds.scm.node.TestSCMNodeManager.testScmSanityOfUserConfig2(TestSCMNodeManager.java:265)
	at sun.reflect.NativeMethodAccessorImpl.invoke0(Native Method)
	at sun.reflect.NativeMethodAccessorImpl.invoke(NativeMethodAccessorImpl.java:62)
	at sun.reflect.DelegatingMethodAccessorImpl.invoke(DelegatingMethodAccessorImpl.java:43)
	at java.lang.reflect.Method.invoke(Method.java:498)
	at org.junit.runners.model.FrameworkMethod$1.runReflectiveCall(FrameworkMethod.java:47)
	at org.junit.internal.runners.model.ReflectiveCallable.run(ReflectiveCallable.java:12)
	at org.junit.runners.model.FrameworkMethod.invokeExplosively(FrameworkMethod.java:44)
	at org.junit.internal.runners.statements.InvokeMethod.evaluate(InvokeMethod.java:17)
	at org.junit.internal.runners.statements.RunBefores.evaluate(RunBefores.java:26)
	at org.junit.internal.runners.statements.RunAfters.evaluate(RunAfters.java:27)
	at org.junit.rules.ExpectedException$ExpectedExceptionStatement.evaluate(ExpectedException.java:168)
	at org.junit.rules.RunRules.evaluate(RunRules.java:20)
	at org.junit.runners.ParentRunner.runLeaf(ParentRunner.java:271)
	at org.junit.runners.BlockJUnit4ClassRunner.runChild(BlockJUnit4ClassRunner.java:70)
	at org.junit.runners.BlockJUnit4ClassRunner.runChild(BlockJUnit4ClassRunner.java:50)
	at org.junit.runners.ParentRunner$3.run(ParentRunner.java:238)
	at org.junit.runners.ParentRunner$1.schedule(ParentRunner.java:63)
	at org.junit.runners.ParentRunner.runChildren(ParentRunner.java:236)
	at org.junit.runners.ParentRunner.access$000(ParentRunner.java:53)
	at org.junit.runners.ParentRunner$2.evaluate(ParentRunner.java:229)
	at org.junit.internal.runners.statements.RunBefores.evaluate(RunBefores.java:26)
	at org.junit.runners.ParentRunner.run(ParentRunner.java:309)
	at org.apache.maven.surefire.junit4.JUnit4Provider.execute(JUnit4Provider.java:365)
	at org.apache.maven.surefire.junit4.JUnit4Provider.executeWithRerun(JUnit4Provider.java:273)
	at org.apache.maven.surefire.junit4.JUnit4Provider.executeTestSet(JUnit4Provider.java:238)
	at org.apache.maven.surefire.junit4.JUnit4Provider.invoke(JUnit4Provider.java:159)
	at org.apache.maven.surefire.booter.ForkedBooter.invokeProviderInSameClassLoader(ForkedBooter.java:384)
	at org.apache.maven.surefire.booter.ForkedBooter.runSuitesInProcess(ForkedBooter.java:345)
	at org.apache.maven.surefire.booter.ForkedBooter.execute(ForkedBooter.java:126)
	at org.apache.maven.surefire.booter.ForkedBooter.main(ForkedBooter.java:418)
Caused by: org.apache.hadoop.metrics2.MetricsException: Hadoop:service=SCMPipelineManager,name=SCMPipelineManagerInfo already exists!
	at org.apache.hadoop.metrics2.lib.DefaultMetricsSystem.newObjectName(DefaultMetricsSystem.java:131)
	... 42 more
2019-11-02 05:54:16,612 INFO  pipeline.SCMPipelineManager (SCMPipelineManager.java:initializePipelineState(132)) - No pipeline exists in current db
2019-11-02 05:54:16,612 WARN  server.ServerUtils (ServerUtils.java:getScmDbDir(145)) - ozone.scm.db.dirs is not configured. We recommend adding this setting. Falling back to ozone.metadata.dirs instead.
2019-11-02 05:54:16,672 WARN  util.MBeans (MBeans.java:getMBeanName(165)) - Error creating MBean object name: Hadoop:service=BlockManager,name=BlockManagerImpl
org.apache.hadoop.metrics2.MetricsException: org.apache.hadoop.metrics2.MetricsException: Hadoop:service=BlockManager,name=BlockManagerImpl already exists!
	at org.apache.hadoop.metrics2.lib.DefaultMetricsSystem.newObjectName(DefaultMetricsSystem.java:135)
	at org.apache.hadoop.metrics2.lib.DefaultMetricsSystem.newMBeanName(DefaultMetricsSystem.java:110)
	at org.apache.hadoop.metrics2.util.MBeans.getMBeanName(MBeans.java:163)
	at org.apache.hadoop.metrics2.util.MBeans.register(MBeans.java:95)
	at org.apache.hadoop.metrics2.util.MBeans.register(MBeans.java:72)
	at org.apache.hadoop.hdds.scm.block.BlockManagerImpl.<init>(BlockManagerImpl.java:101)
	at org.apache.hadoop.hdds.scm.server.StorageContainerManager.initializeSystemManagers(StorageContainerManager.java:417)
	at org.apache.hadoop.hdds.scm.server.StorageContainerManager.<init>(StorageContainerManager.java:279)
	at org.apache.hadoop.hdds.scm.server.StorageContainerManager.<init>(StorageContainerManager.java:212)
	at org.apache.hadoop.hdds.scm.server.StorageContainerManager.createSCM(StorageContainerManager.java:598)
	at org.apache.hadoop.hdds.scm.HddsTestUtils.getScm(HddsTestUtils.java:91)
	at org.apache.hadoop.hdds.scm.node.TestSCMNodeManager.createNodeManager(TestSCMNodeManager.java:137)
	at org.apache.hadoop.hdds.scm.node.TestSCMNodeManager.testScmSanityOfUserConfig2(TestSCMNodeManager.java:265)
	at sun.reflect.NativeMethodAccessorImpl.invoke0(Native Method)
	at sun.reflect.NativeMethodAccessorImpl.invoke(NativeMethodAccessorImpl.java:62)
	at sun.reflect.DelegatingMethodAccessorImpl.invoke(DelegatingMethodAccessorImpl.java:43)
	at java.lang.reflect.Method.invoke(Method.java:498)
	at org.junit.runners.model.FrameworkMethod$1.runReflectiveCall(FrameworkMethod.java:47)
	at org.junit.internal.runners.model.ReflectiveCallable.run(ReflectiveCallable.java:12)
	at org.junit.runners.model.FrameworkMethod.invokeExplosively(FrameworkMethod.java:44)
	at org.junit.internal.runners.statements.InvokeMethod.evaluate(InvokeMethod.java:17)
	at org.junit.internal.runners.statements.RunBefores.evaluate(RunBefores.java:26)
	at org.junit.internal.runners.statements.RunAfters.evaluate(RunAfters.java:27)
	at org.junit.rules.ExpectedException$ExpectedExceptionStatement.evaluate(ExpectedException.java:168)
	at org.junit.rules.RunRules.evaluate(RunRules.java:20)
	at org.junit.runners.ParentRunner.runLeaf(ParentRunner.java:271)
	at org.junit.runners.BlockJUnit4ClassRunner.runChild(BlockJUnit4ClassRunner.java:70)
	at org.junit.runners.BlockJUnit4ClassRunner.runChild(BlockJUnit4ClassRunner.java:50)
	at org.junit.runners.ParentRunner$3.run(ParentRunner.java:238)
	at org.junit.runners.ParentRunner$1.schedule(ParentRunner.java:63)
	at org.junit.runners.ParentRunner.runChildren(ParentRunner.java:236)
	at org.junit.runners.ParentRunner.access$000(ParentRunner.java:53)
	at org.junit.runners.ParentRunner$2.evaluate(ParentRunner.java:229)
	at org.junit.internal.runners.statements.RunBefores.evaluate(RunBefores.java:26)
	at org.junit.runners.ParentRunner.run(ParentRunner.java:309)
	at org.apache.maven.surefire.junit4.JUnit4Provider.execute(JUnit4Provider.java:365)
	at org.apache.maven.surefire.junit4.JUnit4Provider.executeWithRerun(JUnit4Provider.java:273)
	at org.apache.maven.surefire.junit4.JUnit4Provider.executeTestSet(JUnit4Provider.java:238)
	at org.apache.maven.surefire.junit4.JUnit4Provider.invoke(JUnit4Provider.java:159)
	at org.apache.maven.surefire.booter.ForkedBooter.invokeProviderInSameClassLoader(ForkedBooter.java:384)
	at org.apache.maven.surefire.booter.ForkedBooter.runSuitesInProcess(ForkedBooter.java:345)
	at org.apache.maven.surefire.booter.ForkedBooter.execute(ForkedBooter.java:126)
	at org.apache.maven.surefire.booter.ForkedBooter.main(ForkedBooter.java:418)
Caused by: org.apache.hadoop.metrics2.MetricsException: Hadoop:service=BlockManager,name=BlockManagerImpl already exists!
	at org.apache.hadoop.metrics2.lib.DefaultMetricsSystem.newObjectName(DefaultMetricsSystem.java:131)
	... 42 more
2019-11-02 05:54:16,676 WARN  events.EventQueue (EventQueue.java:fireEvent(183)) - No event handler registered for event TypedEvent{payloadType=SafeModeStatus, name='SafeModeStatus'}
2019-11-02 05:54:16,677 INFO  ipc.CallQueueManager (CallQueueManager.java:<init>(84)) - Using callQueue: class java.util.concurrent.LinkedBlockingQueue, queueCapacity: 1000, scheduler: class org.apache.hadoop.ipc.DefaultRpcScheduler, ipcBackoff: false.
2019-11-02 05:54:16,678 INFO  ipc.Server (Server.java:run(1074)) - Starting Socket Reader #1 for port 37507
2019-11-02 05:54:16,679 INFO  ipc.CallQueueManager (CallQueueManager.java:<init>(84)) - Using callQueue: class java.util.concurrent.LinkedBlockingQueue, queueCapacity: 1000, scheduler: class org.apache.hadoop.ipc.DefaultRpcScheduler, ipcBackoff: false.
2019-11-02 05:54:16,680 INFO  ipc.Server (Server.java:run(1074)) - Starting Socket Reader #1 for port 35810
2019-11-02 05:54:16,682 INFO  ipc.CallQueueManager (CallQueueManager.java:<init>(84)) - Using callQueue: class java.util.concurrent.LinkedBlockingQueue, queueCapacity: 1000, scheduler: class org.apache.hadoop.ipc.DefaultRpcScheduler, ipcBackoff: false.
2019-11-02 05:54:16,682 INFO  ipc.Server (Server.java:run(1074)) - Starting Socket Reader #1 for port 37845
]]></system-out>
  </testcase>
  <testcase name="testScmRegisterNodeWith4LayerNetworkTopology" classname="org.apache.hadoop.hdds.scm.node.TestSCMNodeManager" time="0.369">
    <error type="java.lang.NullPointerException"><![CDATA[java.lang.NullPointerException
	at org.apache.hadoop.hdds.scm.server.StorageContainerManagerHttpServer.getSpnegoPrincipal(StorageContainerManagerHttpServer.java:74)
	at org.apache.hadoop.hdds.server.BaseHttpServer.<init>(BaseHttpServer.java:81)
	at org.apache.hadoop.hdds.scm.server.StorageContainerManagerHttpServer.<init>(StorageContainerManagerHttpServer.java:36)
	at org.apache.hadoop.hdds.scm.server.StorageContainerManager.<init>(StorageContainerManager.java:330)
	at org.apache.hadoop.hdds.scm.server.StorageContainerManager.<init>(StorageContainerManager.java:212)
	at org.apache.hadoop.hdds.scm.server.StorageContainerManager.createSCM(StorageContainerManager.java:598)
	at org.apache.hadoop.hdds.scm.HddsTestUtils.getScm(HddsTestUtils.java:91)
	at org.apache.hadoop.hdds.scm.node.TestSCMNodeManager.createNodeManager(TestSCMNodeManager.java:137)
	at org.apache.hadoop.hdds.scm.node.TestSCMNodeManager.testScmRegisterNodeWith4LayerNetworkTopology(TestSCMNodeManager.java:1110)
	at sun.reflect.NativeMethodAccessorImpl.invoke0(Native Method)
	at sun.reflect.NativeMethodAccessorImpl.invoke(NativeMethodAccessorImpl.java:62)
	at sun.reflect.DelegatingMethodAccessorImpl.invoke(DelegatingMethodAccessorImpl.java:43)
	at java.lang.reflect.Method.invoke(Method.java:498)
	at org.junit.runners.model.FrameworkMethod$1.runReflectiveCall(FrameworkMethod.java:47)
	at org.junit.internal.runners.model.ReflectiveCallable.run(ReflectiveCallable.java:12)
	at org.junit.runners.model.FrameworkMethod.invokeExplosively(FrameworkMethod.java:44)
	at org.junit.internal.runners.statements.InvokeMethod.evaluate(InvokeMethod.java:17)
	at org.junit.internal.runners.statements.RunBefores.evaluate(RunBefores.java:26)
	at org.junit.internal.runners.statements.RunAfters.evaluate(RunAfters.java:27)
	at org.junit.rules.ExpectedException$ExpectedExceptionStatement.evaluate(ExpectedException.java:168)
	at org.junit.rules.RunRules.evaluate(RunRules.java:20)
	at org.junit.runners.ParentRunner.runLeaf(ParentRunner.java:271)
	at org.junit.runners.BlockJUnit4ClassRunner.runChild(BlockJUnit4ClassRunner.java:70)
	at org.junit.runners.BlockJUnit4ClassRunner.runChild(BlockJUnit4ClassRunner.java:50)
	at org.junit.runners.ParentRunner$3.run(ParentRunner.java:238)
	at org.junit.runners.ParentRunner$1.schedule(ParentRunner.java:63)
	at org.junit.runners.ParentRunner.runChildren(ParentRunner.java:236)
	at org.junit.runners.ParentRunner.access$000(ParentRunner.java:53)
	at org.junit.runners.ParentRunner$2.evaluate(ParentRunner.java:229)
	at org.junit.internal.runners.statements.RunBefores.evaluate(RunBefores.java:26)
	at org.junit.runners.ParentRunner.run(ParentRunner.java:309)
	at org.apache.maven.surefire.junit4.JUnit4Provider.execute(JUnit4Provider.java:365)
	at org.apache.maven.surefire.junit4.JUnit4Provider.executeWithRerun(JUnit4Provider.java:273)
	at org.apache.maven.surefire.junit4.JUnit4Provider.executeTestSet(JUnit4Provider.java:238)
	at org.apache.maven.surefire.junit4.JUnit4Provider.invoke(JUnit4Provider.java:159)
	at org.apache.maven.surefire.booter.ForkedBooter.invokeProviderInSameClassLoader(ForkedBooter.java:384)
	at org.apache.maven.surefire.booter.ForkedBooter.runSuitesInProcess(ForkedBooter.java:345)
	at org.apache.maven.surefire.booter.ForkedBooter.execute(ForkedBooter.java:126)
	at org.apache.maven.surefire.booter.ForkedBooter.main(ForkedBooter.java:418)
]]></error>
    <system-out><![CDATA[2019-11-02 05:54:16,703 WARN  server.ServerUtils (ServerUtils.java:getScmDbDir(145)) - ozone.scm.db.dirs is not configured. We recommend adding this setting. Falling back to ozone.metadata.dirs instead.
2019-11-02 05:54:16,730 WARN  server.ServerUtils (ServerUtils.java:getScmDbDir(145)) - ozone.scm.db.dirs is not configured. We recommend adding this setting. Falling back to ozone.metadata.dirs instead.
2019-11-02 05:54:16,730 WARN  server.ServerUtils (ServerUtils.java:getScmDbDir(145)) - ozone.scm.db.dirs is not configured. We recommend adding this setting. Falling back to ozone.metadata.dirs instead.
2019-11-02 05:54:16,731 INFO  db.DBStoreBuilder (DBStoreBuilder.java:addTable(127)) - using custom profile for table: deletedBlocks
2019-11-02 05:54:16,732 INFO  db.DBStoreBuilder (DBStoreBuilder.java:processTables(183)) - Using default column profile:DBProfile.DISK for Table:deletedBlocks
2019-11-02 05:54:16,732 INFO  db.DBStoreBuilder (DBStoreBuilder.java:addTable(127)) - using custom profile for table: validCerts
2019-11-02 05:54:16,732 INFO  db.DBStoreBuilder (DBStoreBuilder.java:processTables(183)) - Using default column profile:DBProfile.DISK for Table:validCerts
2019-11-02 05:54:16,733 INFO  db.DBStoreBuilder (DBStoreBuilder.java:addTable(127)) - using custom profile for table: revokedCerts
2019-11-02 05:54:16,733 INFO  db.DBStoreBuilder (DBStoreBuilder.java:processTables(183)) - Using default column profile:DBProfile.DISK for Table:revokedCerts
2019-11-02 05:54:16,734 INFO  db.DBStoreBuilder (DBStoreBuilder.java:addTable(127)) - using custom profile for table: default
2019-11-02 05:54:16,734 INFO  db.DBStoreBuilder (DBStoreBuilder.java:processTables(189)) - Using default column profile:DBProfile.DISK for Table:default
2019-11-02 05:54:16,734 INFO  db.DBStoreBuilder (DBStoreBuilder.java:getDbProfile(220)) - Using default options. DBProfile.DISK
2019-11-02 05:54:16,917 INFO  net.NodeSchemaLoader (NodeSchemaLoader.java:loadSchemaFromFile(125)) - Loading file from sun.misc.CompoundEnumeration@55cf0d14
2019-11-02 05:54:16,918 INFO  net.NodeSchemaLoader (NodeSchemaLoader.java:loadSchema(171)) - Loading network topology layer schema file
2019-11-02 05:54:16,923 INFO  node.SCMNodeManager (SCMNodeManager.java:<init>(116)) - Entering startup safe mode.
2019-11-02 05:54:16,923 WARN  util.MBeans (MBeans.java:getMBeanName(165)) - Error creating MBean object name: Hadoop:service=SCMNodeManager,name=SCMNodeManagerInfo
org.apache.hadoop.metrics2.MetricsException: org.apache.hadoop.metrics2.MetricsException: Hadoop:service=SCMNodeManager,name=SCMNodeManagerInfo already exists!
	at org.apache.hadoop.metrics2.lib.DefaultMetricsSystem.newObjectName(DefaultMetricsSystem.java:135)
	at org.apache.hadoop.metrics2.lib.DefaultMetricsSystem.newMBeanName(DefaultMetricsSystem.java:110)
	at org.apache.hadoop.metrics2.util.MBeans.getMBeanName(MBeans.java:163)
	at org.apache.hadoop.metrics2.util.MBeans.register(MBeans.java:95)
	at org.apache.hadoop.metrics2.util.MBeans.register(MBeans.java:72)
	at org.apache.hadoop.hdds.scm.node.SCMNodeManager.registerMXBean(SCMNodeManager.java:134)
	at org.apache.hadoop.hdds.scm.node.SCMNodeManager.<init>(SCMNodeManager.java:117)
	at org.apache.hadoop.hdds.scm.server.StorageContainerManager.initializeSystemManagers(StorageContainerManager.java:389)
	at org.apache.hadoop.hdds.scm.server.StorageContainerManager.<init>(StorageContainerManager.java:279)
	at org.apache.hadoop.hdds.scm.server.StorageContainerManager.<init>(StorageContainerManager.java:212)
	at org.apache.hadoop.hdds.scm.server.StorageContainerManager.createSCM(StorageContainerManager.java:598)
	at org.apache.hadoop.hdds.scm.HddsTestUtils.getScm(HddsTestUtils.java:91)
	at org.apache.hadoop.hdds.scm.node.TestSCMNodeManager.createNodeManager(TestSCMNodeManager.java:137)
	at org.apache.hadoop.hdds.scm.node.TestSCMNodeManager.testScmRegisterNodeWith4LayerNetworkTopology(TestSCMNodeManager.java:1110)
	at sun.reflect.NativeMethodAccessorImpl.invoke0(Native Method)
	at sun.reflect.NativeMethodAccessorImpl.invoke(NativeMethodAccessorImpl.java:62)
	at sun.reflect.DelegatingMethodAccessorImpl.invoke(DelegatingMethodAccessorImpl.java:43)
	at java.lang.reflect.Method.invoke(Method.java:498)
	at org.junit.runners.model.FrameworkMethod$1.runReflectiveCall(FrameworkMethod.java:47)
	at org.junit.internal.runners.model.ReflectiveCallable.run(ReflectiveCallable.java:12)
	at org.junit.runners.model.FrameworkMethod.invokeExplosively(FrameworkMethod.java:44)
	at org.junit.internal.runners.statements.InvokeMethod.evaluate(InvokeMethod.java:17)
	at org.junit.internal.runners.statements.RunBefores.evaluate(RunBefores.java:26)
	at org.junit.internal.runners.statements.RunAfters.evaluate(RunAfters.java:27)
	at org.junit.rules.ExpectedException$ExpectedExceptionStatement.evaluate(ExpectedException.java:168)
	at org.junit.rules.RunRules.evaluate(RunRules.java:20)
	at org.junit.runners.ParentRunner.runLeaf(ParentRunner.java:271)
	at org.junit.runners.BlockJUnit4ClassRunner.runChild(BlockJUnit4ClassRunner.java:70)
	at org.junit.runners.BlockJUnit4ClassRunner.runChild(BlockJUnit4ClassRunner.java:50)
	at org.junit.runners.ParentRunner$3.run(ParentRunner.java:238)
	at org.junit.runners.ParentRunner$1.schedule(ParentRunner.java:63)
	at org.junit.runners.ParentRunner.runChildren(ParentRunner.java:236)
	at org.junit.runners.ParentRunner.access$000(ParentRunner.java:53)
	at org.junit.runners.ParentRunner$2.evaluate(ParentRunner.java:229)
	at org.junit.internal.runners.statements.RunBefores.evaluate(RunBefores.java:26)
	at org.junit.runners.ParentRunner.run(ParentRunner.java:309)
	at org.apache.maven.surefire.junit4.JUnit4Provider.execute(JUnit4Provider.java:365)
	at org.apache.maven.surefire.junit4.JUnit4Provider.executeWithRerun(JUnit4Provider.java:273)
	at org.apache.maven.surefire.junit4.JUnit4Provider.executeTestSet(JUnit4Provider.java:238)
	at org.apache.maven.surefire.junit4.JUnit4Provider.invoke(JUnit4Provider.java:159)
	at org.apache.maven.surefire.booter.ForkedBooter.invokeProviderInSameClassLoader(ForkedBooter.java:384)
	at org.apache.maven.surefire.booter.ForkedBooter.runSuitesInProcess(ForkedBooter.java:345)
	at org.apache.maven.surefire.booter.ForkedBooter.execute(ForkedBooter.java:126)
	at org.apache.maven.surefire.booter.ForkedBooter.main(ForkedBooter.java:418)
Caused by: org.apache.hadoop.metrics2.MetricsException: Hadoop:service=SCMNodeManager,name=SCMNodeManagerInfo already exists!
	at org.apache.hadoop.metrics2.lib.DefaultMetricsSystem.newObjectName(DefaultMetricsSystem.java:131)
	... 43 more
2019-11-02 05:54:16,924 INFO  algorithms.ContainerPlacementPolicyFactory (ContainerPlacementPolicyFactory.java:getPolicy(57)) - Create container placement policy of type org.apache.hadoop.hdds.scm.container.placement.algorithms.SCMContainerPlacementRandom
2019-11-02 05:54:16,925 WARN  server.ServerUtils (ServerUtils.java:getScmDbDir(145)) - ozone.scm.db.dirs is not configured. We recommend adding this setting. Falling back to ozone.metadata.dirs instead.
2019-11-02 05:54:16,974 WARN  util.MBeans (MBeans.java:getMBeanName(165)) - Error creating MBean object name: Hadoop:service=SCMPipelineManager,name=SCMPipelineManagerInfo
org.apache.hadoop.metrics2.MetricsException: org.apache.hadoop.metrics2.MetricsException: Hadoop:service=SCMPipelineManager,name=SCMPipelineManagerInfo already exists!
	at org.apache.hadoop.metrics2.lib.DefaultMetricsSystem.newObjectName(DefaultMetricsSystem.java:135)
	at org.apache.hadoop.metrics2.lib.DefaultMetricsSystem.newMBeanName(DefaultMetricsSystem.java:110)
	at org.apache.hadoop.metrics2.util.MBeans.getMBeanName(MBeans.java:163)
	at org.apache.hadoop.metrics2.util.MBeans.register(MBeans.java:95)
	at org.apache.hadoop.metrics2.util.MBeans.register(MBeans.java:72)
	at org.apache.hadoop.hdds.scm.pipeline.SCMPipelineManager.<init>(SCMPipelineManager.java:114)
	at org.apache.hadoop.hdds.scm.server.StorageContainerManager.initializeSystemManagers(StorageContainerManager.java:402)
	at org.apache.hadoop.hdds.scm.server.StorageContainerManager.<init>(StorageContainerManager.java:279)
	at org.apache.hadoop.hdds.scm.server.StorageContainerManager.<init>(StorageContainerManager.java:212)
	at org.apache.hadoop.hdds.scm.server.StorageContainerManager.createSCM(StorageContainerManager.java:598)
	at org.apache.hadoop.hdds.scm.HddsTestUtils.getScm(HddsTestUtils.java:91)
	at org.apache.hadoop.hdds.scm.node.TestSCMNodeManager.createNodeManager(TestSCMNodeManager.java:137)
	at org.apache.hadoop.hdds.scm.node.TestSCMNodeManager.testScmRegisterNodeWith4LayerNetworkTopology(TestSCMNodeManager.java:1110)
	at sun.reflect.NativeMethodAccessorImpl.invoke0(Native Method)
	at sun.reflect.NativeMethodAccessorImpl.invoke(NativeMethodAccessorImpl.java:62)
	at sun.reflect.DelegatingMethodAccessorImpl.invoke(DelegatingMethodAccessorImpl.java:43)
	at java.lang.reflect.Method.invoke(Method.java:498)
	at org.junit.runners.model.FrameworkMethod$1.runReflectiveCall(FrameworkMethod.java:47)
	at org.junit.internal.runners.model.ReflectiveCallable.run(ReflectiveCallable.java:12)
	at org.junit.runners.model.FrameworkMethod.invokeExplosively(FrameworkMethod.java:44)
	at org.junit.internal.runners.statements.InvokeMethod.evaluate(InvokeMethod.java:17)
	at org.junit.internal.runners.statements.RunBefores.evaluate(RunBefores.java:26)
	at org.junit.internal.runners.statements.RunAfters.evaluate(RunAfters.java:27)
	at org.junit.rules.ExpectedException$ExpectedExceptionStatement.evaluate(ExpectedException.java:168)
	at org.junit.rules.RunRules.evaluate(RunRules.java:20)
	at org.junit.runners.ParentRunner.runLeaf(ParentRunner.java:271)
	at org.junit.runners.BlockJUnit4ClassRunner.runChild(BlockJUnit4ClassRunner.java:70)
	at org.junit.runners.BlockJUnit4ClassRunner.runChild(BlockJUnit4ClassRunner.java:50)
	at org.junit.runners.ParentRunner$3.run(ParentRunner.java:238)
	at org.junit.runners.ParentRunner$1.schedule(ParentRunner.java:63)
	at org.junit.runners.ParentRunner.runChildren(ParentRunner.java:236)
	at org.junit.runners.ParentRunner.access$000(ParentRunner.java:53)
	at org.junit.runners.ParentRunner$2.evaluate(ParentRunner.java:229)
	at org.junit.internal.runners.statements.RunBefores.evaluate(RunBefores.java:26)
	at org.junit.runners.ParentRunner.run(ParentRunner.java:309)
	at org.apache.maven.surefire.junit4.JUnit4Provider.execute(JUnit4Provider.java:365)
	at org.apache.maven.surefire.junit4.JUnit4Provider.executeWithRerun(JUnit4Provider.java:273)
	at org.apache.maven.surefire.junit4.JUnit4Provider.executeTestSet(JUnit4Provider.java:238)
	at org.apache.maven.surefire.junit4.JUnit4Provider.invoke(JUnit4Provider.java:159)
	at org.apache.maven.surefire.booter.ForkedBooter.invokeProviderInSameClassLoader(ForkedBooter.java:384)
	at org.apache.maven.surefire.booter.ForkedBooter.runSuitesInProcess(ForkedBooter.java:345)
	at org.apache.maven.surefire.booter.ForkedBooter.execute(ForkedBooter.java:126)
	at org.apache.maven.surefire.booter.ForkedBooter.main(ForkedBooter.java:418)
Caused by: org.apache.hadoop.metrics2.MetricsException: Hadoop:service=SCMPipelineManager,name=SCMPipelineManagerInfo already exists!
	at org.apache.hadoop.metrics2.lib.DefaultMetricsSystem.newObjectName(DefaultMetricsSystem.java:131)
	... 42 more
2019-11-02 05:54:16,976 INFO  pipeline.SCMPipelineManager (SCMPipelineManager.java:initializePipelineState(132)) - No pipeline exists in current db
2019-11-02 05:54:16,976 WARN  server.ServerUtils (ServerUtils.java:getScmDbDir(145)) - ozone.scm.db.dirs is not configured. We recommend adding this setting. Falling back to ozone.metadata.dirs instead.
2019-11-02 05:54:17,041 WARN  util.MBeans (MBeans.java:getMBeanName(165)) - Error creating MBean object name: Hadoop:service=BlockManager,name=BlockManagerImpl
org.apache.hadoop.metrics2.MetricsException: org.apache.hadoop.metrics2.MetricsException: Hadoop:service=BlockManager,name=BlockManagerImpl already exists!
	at org.apache.hadoop.metrics2.lib.DefaultMetricsSystem.newObjectName(DefaultMetricsSystem.java:135)
	at org.apache.hadoop.metrics2.lib.DefaultMetricsSystem.newMBeanName(DefaultMetricsSystem.java:110)
	at org.apache.hadoop.metrics2.util.MBeans.getMBeanName(MBeans.java:163)
	at org.apache.hadoop.metrics2.util.MBeans.register(MBeans.java:95)
	at org.apache.hadoop.metrics2.util.MBeans.register(MBeans.java:72)
	at org.apache.hadoop.hdds.scm.block.BlockManagerImpl.<init>(BlockManagerImpl.java:101)
	at org.apache.hadoop.hdds.scm.server.StorageContainerManager.initializeSystemManagers(StorageContainerManager.java:417)
	at org.apache.hadoop.hdds.scm.server.StorageContainerManager.<init>(StorageContainerManager.java:279)
	at org.apache.hadoop.hdds.scm.server.StorageContainerManager.<init>(StorageContainerManager.java:212)
	at org.apache.hadoop.hdds.scm.server.StorageContainerManager.createSCM(StorageContainerManager.java:598)
	at org.apache.hadoop.hdds.scm.HddsTestUtils.getScm(HddsTestUtils.java:91)
	at org.apache.hadoop.hdds.scm.node.TestSCMNodeManager.createNodeManager(TestSCMNodeManager.java:137)
	at org.apache.hadoop.hdds.scm.node.TestSCMNodeManager.testScmRegisterNodeWith4LayerNetworkTopology(TestSCMNodeManager.java:1110)
	at sun.reflect.NativeMethodAccessorImpl.invoke0(Native Method)
	at sun.reflect.NativeMethodAccessorImpl.invoke(NativeMethodAccessorImpl.java:62)
	at sun.reflect.DelegatingMethodAccessorImpl.invoke(DelegatingMethodAccessorImpl.java:43)
	at java.lang.reflect.Method.invoke(Method.java:498)
	at org.junit.runners.model.FrameworkMethod$1.runReflectiveCall(FrameworkMethod.java:47)
	at org.junit.internal.runners.model.ReflectiveCallable.run(ReflectiveCallable.java:12)
	at org.junit.runners.model.FrameworkMethod.invokeExplosively(FrameworkMethod.java:44)
	at org.junit.internal.runners.statements.InvokeMethod.evaluate(InvokeMethod.java:17)
	at org.junit.internal.runners.statements.RunBefores.evaluate(RunBefores.java:26)
	at org.junit.internal.runners.statements.RunAfters.evaluate(RunAfters.java:27)
	at org.junit.rules.ExpectedException$ExpectedExceptionStatement.evaluate(ExpectedException.java:168)
	at org.junit.rules.RunRules.evaluate(RunRules.java:20)
	at org.junit.runners.ParentRunner.runLeaf(ParentRunner.java:271)
	at org.junit.runners.BlockJUnit4ClassRunner.runChild(BlockJUnit4ClassRunner.java:70)
	at org.junit.runners.BlockJUnit4ClassRunner.runChild(BlockJUnit4ClassRunner.java:50)
	at org.junit.runners.ParentRunner$3.run(ParentRunner.java:238)
	at org.junit.runners.ParentRunner$1.schedule(ParentRunner.java:63)
	at org.junit.runners.ParentRunner.runChildren(ParentRunner.java:236)
	at org.junit.runners.ParentRunner.access$000(ParentRunner.java:53)
	at org.junit.runners.ParentRunner$2.evaluate(ParentRunner.java:229)
	at org.junit.internal.runners.statements.RunBefores.evaluate(RunBefores.java:26)
	at org.junit.runners.ParentRunner.run(ParentRunner.java:309)
	at org.apache.maven.surefire.junit4.JUnit4Provider.execute(JUnit4Provider.java:365)
	at org.apache.maven.surefire.junit4.JUnit4Provider.executeWithRerun(JUnit4Provider.java:273)
	at org.apache.maven.surefire.junit4.JUnit4Provider.executeTestSet(JUnit4Provider.java:238)
	at org.apache.maven.surefire.junit4.JUnit4Provider.invoke(JUnit4Provider.java:159)
	at org.apache.maven.surefire.booter.ForkedBooter.invokeProviderInSameClassLoader(ForkedBooter.java:384)
	at org.apache.maven.surefire.booter.ForkedBooter.runSuitesInProcess(ForkedBooter.java:345)
	at org.apache.maven.surefire.booter.ForkedBooter.execute(ForkedBooter.java:126)
	at org.apache.maven.surefire.booter.ForkedBooter.main(ForkedBooter.java:418)
Caused by: org.apache.hadoop.metrics2.MetricsException: Hadoop:service=BlockManager,name=BlockManagerImpl already exists!
	at org.apache.hadoop.metrics2.lib.DefaultMetricsSystem.newObjectName(DefaultMetricsSystem.java:131)
	... 42 more
2019-11-02 05:54:17,045 WARN  events.EventQueue (EventQueue.java:fireEvent(183)) - No event handler registered for event TypedEvent{payloadType=SafeModeStatus, name='SafeModeStatus'}
2019-11-02 05:54:17,046 INFO  ipc.CallQueueManager (CallQueueManager.java:<init>(84)) - Using callQueue: class java.util.concurrent.LinkedBlockingQueue, queueCapacity: 1000, scheduler: class org.apache.hadoop.ipc.DefaultRpcScheduler, ipcBackoff: false.
2019-11-02 05:54:17,047 INFO  ipc.Server (Server.java:run(1074)) - Starting Socket Reader #1 for port 35235
2019-11-02 05:54:17,049 INFO  ipc.CallQueueManager (CallQueueManager.java:<init>(84)) - Using callQueue: class java.util.concurrent.LinkedBlockingQueue, queueCapacity: 1000, scheduler: class org.apache.hadoop.ipc.DefaultRpcScheduler, ipcBackoff: false.
2019-11-02 05:54:17,050 INFO  ipc.Server (Server.java:run(1074)) - Starting Socket Reader #1 for port 39841
2019-11-02 05:54:17,051 INFO  ipc.CallQueueManager (CallQueueManager.java:<init>(84)) - Using callQueue: class java.util.concurrent.LinkedBlockingQueue, queueCapacity: 1000, scheduler: class org.apache.hadoop.ipc.DefaultRpcScheduler, ipcBackoff: false.
2019-11-02 05:54:17,052 INFO  ipc.Server (Server.java:run(1074)) - Starting Socket Reader #1 for port 45361
]]></system-out>
  </testcase>
  <testcase name="testScmNoHeartbeats" classname="org.apache.hadoop.hdds.scm.node.TestSCMNodeManager" time="0.336">
    <error type="java.lang.NullPointerException"><![CDATA[java.lang.NullPointerException
	at org.apache.hadoop.hdds.scm.server.StorageContainerManagerHttpServer.getSpnegoPrincipal(StorageContainerManagerHttpServer.java:74)
	at org.apache.hadoop.hdds.server.BaseHttpServer.<init>(BaseHttpServer.java:81)
	at org.apache.hadoop.hdds.scm.server.StorageContainerManagerHttpServer.<init>(StorageContainerManagerHttpServer.java:36)
	at org.apache.hadoop.hdds.scm.server.StorageContainerManager.<init>(StorageContainerManager.java:330)
	at org.apache.hadoop.hdds.scm.server.StorageContainerManager.<init>(StorageContainerManager.java:212)
	at org.apache.hadoop.hdds.scm.server.StorageContainerManager.createSCM(StorageContainerManager.java:598)
	at org.apache.hadoop.hdds.scm.HddsTestUtils.getScm(HddsTestUtils.java:91)
	at org.apache.hadoop.hdds.scm.node.TestSCMNodeManager.createNodeManager(TestSCMNodeManager.java:137)
	at org.apache.hadoop.hdds.scm.node.TestSCMNodeManager.testScmNoHeartbeats(TestSCMNodeManager.java:181)
	at sun.reflect.NativeMethodAccessorImpl.invoke0(Native Method)
	at sun.reflect.NativeMethodAccessorImpl.invoke(NativeMethodAccessorImpl.java:62)
	at sun.reflect.DelegatingMethodAccessorImpl.invoke(DelegatingMethodAccessorImpl.java:43)
	at java.lang.reflect.Method.invoke(Method.java:498)
	at org.junit.runners.model.FrameworkMethod$1.runReflectiveCall(FrameworkMethod.java:47)
	at org.junit.internal.runners.model.ReflectiveCallable.run(ReflectiveCallable.java:12)
	at org.junit.runners.model.FrameworkMethod.invokeExplosively(FrameworkMethod.java:44)
	at org.junit.internal.runners.statements.InvokeMethod.evaluate(InvokeMethod.java:17)
	at org.junit.internal.runners.statements.RunBefores.evaluate(RunBefores.java:26)
	at org.junit.internal.runners.statements.RunAfters.evaluate(RunAfters.java:27)
	at org.junit.rules.ExpectedException$ExpectedExceptionStatement.evaluate(ExpectedException.java:168)
	at org.junit.rules.RunRules.evaluate(RunRules.java:20)
	at org.junit.runners.ParentRunner.runLeaf(ParentRunner.java:271)
	at org.junit.runners.BlockJUnit4ClassRunner.runChild(BlockJUnit4ClassRunner.java:70)
	at org.junit.runners.BlockJUnit4ClassRunner.runChild(BlockJUnit4ClassRunner.java:50)
	at org.junit.runners.ParentRunner$3.run(ParentRunner.java:238)
	at org.junit.runners.ParentRunner$1.schedule(ParentRunner.java:63)
	at org.junit.runners.ParentRunner.runChildren(ParentRunner.java:236)
	at org.junit.runners.ParentRunner.access$000(ParentRunner.java:53)
	at org.junit.runners.ParentRunner$2.evaluate(ParentRunner.java:229)
	at org.junit.internal.runners.statements.RunBefores.evaluate(RunBefores.java:26)
	at org.junit.runners.ParentRunner.run(ParentRunner.java:309)
	at org.apache.maven.surefire.junit4.JUnit4Provider.execute(JUnit4Provider.java:365)
	at org.apache.maven.surefire.junit4.JUnit4Provider.executeWithRerun(JUnit4Provider.java:273)
	at org.apache.maven.surefire.junit4.JUnit4Provider.executeTestSet(JUnit4Provider.java:238)
	at org.apache.maven.surefire.junit4.JUnit4Provider.invoke(JUnit4Provider.java:159)
	at org.apache.maven.surefire.booter.ForkedBooter.invokeProviderInSameClassLoader(ForkedBooter.java:384)
	at org.apache.maven.surefire.booter.ForkedBooter.runSuitesInProcess(ForkedBooter.java:345)
	at org.apache.maven.surefire.booter.ForkedBooter.execute(ForkedBooter.java:126)
	at org.apache.maven.surefire.booter.ForkedBooter.main(ForkedBooter.java:418)
]]></error>
    <system-out><![CDATA[2019-11-02 05:54:17,071 WARN  server.ServerUtils (ServerUtils.java:getScmDbDir(145)) - ozone.scm.db.dirs is not configured. We recommend adding this setting. Falling back to ozone.metadata.dirs instead.
2019-11-02 05:54:17,086 WARN  server.ServerUtils (ServerUtils.java:getScmDbDir(145)) - ozone.scm.db.dirs is not configured. We recommend adding this setting. Falling back to ozone.metadata.dirs instead.
2019-11-02 05:54:17,087 WARN  server.ServerUtils (ServerUtils.java:getScmDbDir(145)) - ozone.scm.db.dirs is not configured. We recommend adding this setting. Falling back to ozone.metadata.dirs instead.
2019-11-02 05:54:17,087 INFO  db.DBStoreBuilder (DBStoreBuilder.java:addTable(127)) - using custom profile for table: deletedBlocks
2019-11-02 05:54:17,087 INFO  db.DBStoreBuilder (DBStoreBuilder.java:processTables(183)) - Using default column profile:DBProfile.DISK for Table:deletedBlocks
2019-11-02 05:54:17,088 INFO  db.DBStoreBuilder (DBStoreBuilder.java:addTable(127)) - using custom profile for table: validCerts
2019-11-02 05:54:17,088 INFO  db.DBStoreBuilder (DBStoreBuilder.java:processTables(183)) - Using default column profile:DBProfile.DISK for Table:validCerts
2019-11-02 05:54:17,088 INFO  db.DBStoreBuilder (DBStoreBuilder.java:addTable(127)) - using custom profile for table: revokedCerts
2019-11-02 05:54:17,088 INFO  db.DBStoreBuilder (DBStoreBuilder.java:processTables(183)) - Using default column profile:DBProfile.DISK for Table:revokedCerts
2019-11-02 05:54:17,089 INFO  db.DBStoreBuilder (DBStoreBuilder.java:addTable(127)) - using custom profile for table: default
2019-11-02 05:54:17,089 INFO  db.DBStoreBuilder (DBStoreBuilder.java:processTables(189)) - Using default column profile:DBProfile.DISK for Table:default
2019-11-02 05:54:17,089 INFO  db.DBStoreBuilder (DBStoreBuilder.java:getDbProfile(220)) - Using default options. DBProfile.DISK
2019-11-02 05:54:17,249 INFO  net.NodeSchemaLoader (NodeSchemaLoader.java:loadSchemaFromFile(125)) - Loading file from sun.misc.CompoundEnumeration@27d5a580
2019-11-02 05:54:17,250 INFO  net.NodeSchemaLoader (NodeSchemaLoader.java:loadSchema(171)) - Loading network topology layer schema file
2019-11-02 05:54:17,254 WARN  server.ServerUtils (ServerUtils.java:sanitizeUserArgs(70)) - ozone.scm.stale.node.interval value = 300000 is larger than max = 100000 based on the key value of ozone.scm.heartbeat.thread.interval, reset to the max value 100000.
2019-11-02 05:54:17,254 WARN  server.ServerUtils (ServerUtils.java:sanitizeUserArgs(70)) - ozone.scm.stale.node.interval value = 300000 is larger than max = 100000 based on the key value of ozone.scm.heartbeat.thread.interval, reset to the max value 100000.
2019-11-02 05:54:17,254 INFO  node.SCMNodeManager (SCMNodeManager.java:<init>(116)) - Entering startup safe mode.
2019-11-02 05:54:17,255 WARN  util.MBeans (MBeans.java:getMBeanName(165)) - Error creating MBean object name: Hadoop:service=SCMNodeManager,name=SCMNodeManagerInfo
org.apache.hadoop.metrics2.MetricsException: org.apache.hadoop.metrics2.MetricsException: Hadoop:service=SCMNodeManager,name=SCMNodeManagerInfo already exists!
	at org.apache.hadoop.metrics2.lib.DefaultMetricsSystem.newObjectName(DefaultMetricsSystem.java:135)
	at org.apache.hadoop.metrics2.lib.DefaultMetricsSystem.newMBeanName(DefaultMetricsSystem.java:110)
	at org.apache.hadoop.metrics2.util.MBeans.getMBeanName(MBeans.java:163)
	at org.apache.hadoop.metrics2.util.MBeans.register(MBeans.java:95)
	at org.apache.hadoop.metrics2.util.MBeans.register(MBeans.java:72)
	at org.apache.hadoop.hdds.scm.node.SCMNodeManager.registerMXBean(SCMNodeManager.java:134)
	at org.apache.hadoop.hdds.scm.node.SCMNodeManager.<init>(SCMNodeManager.java:117)
	at org.apache.hadoop.hdds.scm.server.StorageContainerManager.initializeSystemManagers(StorageContainerManager.java:389)
	at org.apache.hadoop.hdds.scm.server.StorageContainerManager.<init>(StorageContainerManager.java:279)
	at org.apache.hadoop.hdds.scm.server.StorageContainerManager.<init>(StorageContainerManager.java:212)
	at org.apache.hadoop.hdds.scm.server.StorageContainerManager.createSCM(StorageContainerManager.java:598)
	at org.apache.hadoop.hdds.scm.HddsTestUtils.getScm(HddsTestUtils.java:91)
	at org.apache.hadoop.hdds.scm.node.TestSCMNodeManager.createNodeManager(TestSCMNodeManager.java:137)
	at org.apache.hadoop.hdds.scm.node.TestSCMNodeManager.testScmNoHeartbeats(TestSCMNodeManager.java:181)
	at sun.reflect.NativeMethodAccessorImpl.invoke0(Native Method)
	at sun.reflect.NativeMethodAccessorImpl.invoke(NativeMethodAccessorImpl.java:62)
	at sun.reflect.DelegatingMethodAccessorImpl.invoke(DelegatingMethodAccessorImpl.java:43)
	at java.lang.reflect.Method.invoke(Method.java:498)
	at org.junit.runners.model.FrameworkMethod$1.runReflectiveCall(FrameworkMethod.java:47)
	at org.junit.internal.runners.model.ReflectiveCallable.run(ReflectiveCallable.java:12)
	at org.junit.runners.model.FrameworkMethod.invokeExplosively(FrameworkMethod.java:44)
	at org.junit.internal.runners.statements.InvokeMethod.evaluate(InvokeMethod.java:17)
	at org.junit.internal.runners.statements.RunBefores.evaluate(RunBefores.java:26)
	at org.junit.internal.runners.statements.RunAfters.evaluate(RunAfters.java:27)
	at org.junit.rules.ExpectedException$ExpectedExceptionStatement.evaluate(ExpectedException.java:168)
	at org.junit.rules.RunRules.evaluate(RunRules.java:20)
	at org.junit.runners.ParentRunner.runLeaf(ParentRunner.java:271)
	at org.junit.runners.BlockJUnit4ClassRunner.runChild(BlockJUnit4ClassRunner.java:70)
	at org.junit.runners.BlockJUnit4ClassRunner.runChild(BlockJUnit4ClassRunner.java:50)
	at org.junit.runners.ParentRunner$3.run(ParentRunner.java:238)
	at org.junit.runners.ParentRunner$1.schedule(ParentRunner.java:63)
	at org.junit.runners.ParentRunner.runChildren(ParentRunner.java:236)
	at org.junit.runners.ParentRunner.access$000(ParentRunner.java:53)
	at org.junit.runners.ParentRunner$2.evaluate(ParentRunner.java:229)
	at org.junit.internal.runners.statements.RunBefores.evaluate(RunBefores.java:26)
	at org.junit.runners.ParentRunner.run(ParentRunner.java:309)
	at org.apache.maven.surefire.junit4.JUnit4Provider.execute(JUnit4Provider.java:365)
	at org.apache.maven.surefire.junit4.JUnit4Provider.executeWithRerun(JUnit4Provider.java:273)
	at org.apache.maven.surefire.junit4.JUnit4Provider.executeTestSet(JUnit4Provider.java:238)
	at org.apache.maven.surefire.junit4.JUnit4Provider.invoke(JUnit4Provider.java:159)
	at org.apache.maven.surefire.booter.ForkedBooter.invokeProviderInSameClassLoader(ForkedBooter.java:384)
	at org.apache.maven.surefire.booter.ForkedBooter.runSuitesInProcess(ForkedBooter.java:345)
	at org.apache.maven.surefire.booter.ForkedBooter.execute(ForkedBooter.java:126)
	at org.apache.maven.surefire.booter.ForkedBooter.main(ForkedBooter.java:418)
Caused by: org.apache.hadoop.metrics2.MetricsException: Hadoop:service=SCMNodeManager,name=SCMNodeManagerInfo already exists!
	at org.apache.hadoop.metrics2.lib.DefaultMetricsSystem.newObjectName(DefaultMetricsSystem.java:131)
	... 43 more
2019-11-02 05:54:17,256 INFO  algorithms.ContainerPlacementPolicyFactory (ContainerPlacementPolicyFactory.java:getPolicy(57)) - Create container placement policy of type org.apache.hadoop.hdds.scm.container.placement.algorithms.SCMContainerPlacementRandom
2019-11-02 05:54:17,256 WARN  server.ServerUtils (ServerUtils.java:getScmDbDir(145)) - ozone.scm.db.dirs is not configured. We recommend adding this setting. Falling back to ozone.metadata.dirs instead.
2019-11-02 05:54:17,299 WARN  util.MBeans (MBeans.java:getMBeanName(165)) - Error creating MBean object name: Hadoop:service=SCMPipelineManager,name=SCMPipelineManagerInfo
org.apache.hadoop.metrics2.MetricsException: org.apache.hadoop.metrics2.MetricsException: Hadoop:service=SCMPipelineManager,name=SCMPipelineManagerInfo already exists!
	at org.apache.hadoop.metrics2.lib.DefaultMetricsSystem.newObjectName(DefaultMetricsSystem.java:135)
	at org.apache.hadoop.metrics2.lib.DefaultMetricsSystem.newMBeanName(DefaultMetricsSystem.java:110)
	at org.apache.hadoop.metrics2.util.MBeans.getMBeanName(MBeans.java:163)
	at org.apache.hadoop.metrics2.util.MBeans.register(MBeans.java:95)
	at org.apache.hadoop.metrics2.util.MBeans.register(MBeans.java:72)
	at org.apache.hadoop.hdds.scm.pipeline.SCMPipelineManager.<init>(SCMPipelineManager.java:114)
	at org.apache.hadoop.hdds.scm.server.StorageContainerManager.initializeSystemManagers(StorageContainerManager.java:402)
	at org.apache.hadoop.hdds.scm.server.StorageContainerManager.<init>(StorageContainerManager.java:279)
	at org.apache.hadoop.hdds.scm.server.StorageContainerManager.<init>(StorageContainerManager.java:212)
	at org.apache.hadoop.hdds.scm.server.StorageContainerManager.createSCM(StorageContainerManager.java:598)
	at org.apache.hadoop.hdds.scm.HddsTestUtils.getScm(HddsTestUtils.java:91)
	at org.apache.hadoop.hdds.scm.node.TestSCMNodeManager.createNodeManager(TestSCMNodeManager.java:137)
	at org.apache.hadoop.hdds.scm.node.TestSCMNodeManager.testScmNoHeartbeats(TestSCMNodeManager.java:181)
	at sun.reflect.NativeMethodAccessorImpl.invoke0(Native Method)
	at sun.reflect.NativeMethodAccessorImpl.invoke(NativeMethodAccessorImpl.java:62)
	at sun.reflect.DelegatingMethodAccessorImpl.invoke(DelegatingMethodAccessorImpl.java:43)
	at java.lang.reflect.Method.invoke(Method.java:498)
	at org.junit.runners.model.FrameworkMethod$1.runReflectiveCall(FrameworkMethod.java:47)
	at org.junit.internal.runners.model.ReflectiveCallable.run(ReflectiveCallable.java:12)
	at org.junit.runners.model.FrameworkMethod.invokeExplosively(FrameworkMethod.java:44)
	at org.junit.internal.runners.statements.InvokeMethod.evaluate(InvokeMethod.java:17)
	at org.junit.internal.runners.statements.RunBefores.evaluate(RunBefores.java:26)
	at org.junit.internal.runners.statements.RunAfters.evaluate(RunAfters.java:27)
	at org.junit.rules.ExpectedException$ExpectedExceptionStatement.evaluate(ExpectedException.java:168)
	at org.junit.rules.RunRules.evaluate(RunRules.java:20)
	at org.junit.runners.ParentRunner.runLeaf(ParentRunner.java:271)
	at org.junit.runners.BlockJUnit4ClassRunner.runChild(BlockJUnit4ClassRunner.java:70)
	at org.junit.runners.BlockJUnit4ClassRunner.runChild(BlockJUnit4ClassRunner.java:50)
	at org.junit.runners.ParentRunner$3.run(ParentRunner.java:238)
	at org.junit.runners.ParentRunner$1.schedule(ParentRunner.java:63)
	at org.junit.runners.ParentRunner.runChildren(ParentRunner.java:236)
	at org.junit.runners.ParentRunner.access$000(ParentRunner.java:53)
	at org.junit.runners.ParentRunner$2.evaluate(ParentRunner.java:229)
	at org.junit.internal.runners.statements.RunBefores.evaluate(RunBefores.java:26)
	at org.junit.runners.ParentRunner.run(ParentRunner.java:309)
	at org.apache.maven.surefire.junit4.JUnit4Provider.execute(JUnit4Provider.java:365)
	at org.apache.maven.surefire.junit4.JUnit4Provider.executeWithRerun(JUnit4Provider.java:273)
	at org.apache.maven.surefire.junit4.JUnit4Provider.executeTestSet(JUnit4Provider.java:238)
	at org.apache.maven.surefire.junit4.JUnit4Provider.invoke(JUnit4Provider.java:159)
	at org.apache.maven.surefire.booter.ForkedBooter.invokeProviderInSameClassLoader(ForkedBooter.java:384)
	at org.apache.maven.surefire.booter.ForkedBooter.runSuitesInProcess(ForkedBooter.java:345)
	at org.apache.maven.surefire.booter.ForkedBooter.execute(ForkedBooter.java:126)
	at org.apache.maven.surefire.booter.ForkedBooter.main(ForkedBooter.java:418)
Caused by: org.apache.hadoop.metrics2.MetricsException: Hadoop:service=SCMPipelineManager,name=SCMPipelineManagerInfo already exists!
	at org.apache.hadoop.metrics2.lib.DefaultMetricsSystem.newObjectName(DefaultMetricsSystem.java:131)
	... 42 more
2019-11-02 05:54:17,301 INFO  pipeline.SCMPipelineManager (SCMPipelineManager.java:initializePipelineState(132)) - No pipeline exists in current db
2019-11-02 05:54:17,301 WARN  server.ServerUtils (ServerUtils.java:getScmDbDir(145)) - ozone.scm.db.dirs is not configured. We recommend adding this setting. Falling back to ozone.metadata.dirs instead.
2019-11-02 05:54:17,375 WARN  util.MBeans (MBeans.java:getMBeanName(165)) - Error creating MBean object name: Hadoop:service=BlockManager,name=BlockManagerImpl
org.apache.hadoop.metrics2.MetricsException: org.apache.hadoop.metrics2.MetricsException: Hadoop:service=BlockManager,name=BlockManagerImpl already exists!
	at org.apache.hadoop.metrics2.lib.DefaultMetricsSystem.newObjectName(DefaultMetricsSystem.java:135)
	at org.apache.hadoop.metrics2.lib.DefaultMetricsSystem.newMBeanName(DefaultMetricsSystem.java:110)
	at org.apache.hadoop.metrics2.util.MBeans.getMBeanName(MBeans.java:163)
	at org.apache.hadoop.metrics2.util.MBeans.register(MBeans.java:95)
	at org.apache.hadoop.metrics2.util.MBeans.register(MBeans.java:72)
	at org.apache.hadoop.hdds.scm.block.BlockManagerImpl.<init>(BlockManagerImpl.java:101)
	at org.apache.hadoop.hdds.scm.server.StorageContainerManager.initializeSystemManagers(StorageContainerManager.java:417)
	at org.apache.hadoop.hdds.scm.server.StorageContainerManager.<init>(StorageContainerManager.java:279)
	at org.apache.hadoop.hdds.scm.server.StorageContainerManager.<init>(StorageContainerManager.java:212)
	at org.apache.hadoop.hdds.scm.server.StorageContainerManager.createSCM(StorageContainerManager.java:598)
	at org.apache.hadoop.hdds.scm.HddsTestUtils.getScm(HddsTestUtils.java:91)
	at org.apache.hadoop.hdds.scm.node.TestSCMNodeManager.createNodeManager(TestSCMNodeManager.java:137)
	at org.apache.hadoop.hdds.scm.node.TestSCMNodeManager.testScmNoHeartbeats(TestSCMNodeManager.java:181)
	at sun.reflect.NativeMethodAccessorImpl.invoke0(Native Method)
	at sun.reflect.NativeMethodAccessorImpl.invoke(NativeMethodAccessorImpl.java:62)
	at sun.reflect.DelegatingMethodAccessorImpl.invoke(DelegatingMethodAccessorImpl.java:43)
	at java.lang.reflect.Method.invoke(Method.java:498)
	at org.junit.runners.model.FrameworkMethod$1.runReflectiveCall(FrameworkMethod.java:47)
	at org.junit.internal.runners.model.ReflectiveCallable.run(ReflectiveCallable.java:12)
	at org.junit.runners.model.FrameworkMethod.invokeExplosively(FrameworkMethod.java:44)
	at org.junit.internal.runners.statements.InvokeMethod.evaluate(InvokeMethod.java:17)
	at org.junit.internal.runners.statements.RunBefores.evaluate(RunBefores.java:26)
	at org.junit.internal.runners.statements.RunAfters.evaluate(RunAfters.java:27)
	at org.junit.rules.ExpectedException$ExpectedExceptionStatement.evaluate(ExpectedException.java:168)
	at org.junit.rules.RunRules.evaluate(RunRules.java:20)
	at org.junit.runners.ParentRunner.runLeaf(ParentRunner.java:271)
	at org.junit.runners.BlockJUnit4ClassRunner.runChild(BlockJUnit4ClassRunner.java:70)
	at org.junit.runners.BlockJUnit4ClassRunner.runChild(BlockJUnit4ClassRunner.java:50)
	at org.junit.runners.ParentRunner$3.run(ParentRunner.java:238)
	at org.junit.runners.ParentRunner$1.schedule(ParentRunner.java:63)
	at org.junit.runners.ParentRunner.runChildren(ParentRunner.java:236)
	at org.junit.runners.ParentRunner.access$000(ParentRunner.java:53)
	at org.junit.runners.ParentRunner$2.evaluate(ParentRunner.java:229)
	at org.junit.internal.runners.statements.RunBefores.evaluate(RunBefores.java:26)
	at org.junit.runners.ParentRunner.run(ParentRunner.java:309)
	at org.apache.maven.surefire.junit4.JUnit4Provider.execute(JUnit4Provider.java:365)
	at org.apache.maven.surefire.junit4.JUnit4Provider.executeWithRerun(JUnit4Provider.java:273)
	at org.apache.maven.surefire.junit4.JUnit4Provider.executeTestSet(JUnit4Provider.java:238)
	at org.apache.maven.surefire.junit4.JUnit4Provider.invoke(JUnit4Provider.java:159)
	at org.apache.maven.surefire.booter.ForkedBooter.invokeProviderInSameClassLoader(ForkedBooter.java:384)
	at org.apache.maven.surefire.booter.ForkedBooter.runSuitesInProcess(ForkedBooter.java:345)
	at org.apache.maven.surefire.booter.ForkedBooter.execute(ForkedBooter.java:126)
	at org.apache.maven.surefire.booter.ForkedBooter.main(ForkedBooter.java:418)
Caused by: org.apache.hadoop.metrics2.MetricsException: Hadoop:service=BlockManager,name=BlockManagerImpl already exists!
	at org.apache.hadoop.metrics2.lib.DefaultMetricsSystem.newObjectName(DefaultMetricsSystem.java:131)
	... 42 more
2019-11-02 05:54:17,380 WARN  events.EventQueue (EventQueue.java:fireEvent(183)) - No event handler registered for event TypedEvent{payloadType=SafeModeStatus, name='SafeModeStatus'}
2019-11-02 05:54:17,381 INFO  ipc.CallQueueManager (CallQueueManager.java:<init>(84)) - Using callQueue: class java.util.concurrent.LinkedBlockingQueue, queueCapacity: 1000, scheduler: class org.apache.hadoop.ipc.DefaultRpcScheduler, ipcBackoff: false.
2019-11-02 05:54:17,382 INFO  ipc.Server (Server.java:run(1074)) - Starting Socket Reader #1 for port 36004
2019-11-02 05:54:17,384 INFO  ipc.CallQueueManager (CallQueueManager.java:<init>(84)) - Using callQueue: class java.util.concurrent.LinkedBlockingQueue, queueCapacity: 1000, scheduler: class org.apache.hadoop.ipc.DefaultRpcScheduler, ipcBackoff: false.
2019-11-02 05:54:17,385 INFO  ipc.Server (Server.java:run(1074)) - Starting Socket Reader #1 for port 42104
2019-11-02 05:54:17,386 INFO  ipc.CallQueueManager (CallQueueManager.java:<init>(84)) - Using callQueue: class java.util.concurrent.LinkedBlockingQueue, queueCapacity: 1000, scheduler: class org.apache.hadoop.ipc.DefaultRpcScheduler, ipcBackoff: false.
2019-11-02 05:54:17,387 INFO  ipc.Server (Server.java:run(1074)) - Starting Socket Reader #1 for port 41321
]]></system-out>
  </testcase>
  <testcase name="testScmStatsFromNodeReport" classname="org.apache.hadoop.hdds.scm.node.TestSCMNodeManager" time="0">
    <skipped/>
  </testcase>
  <testcase name="testScmHandleJvmPause" classname="org.apache.hadoop.hdds.scm.node.TestSCMNodeManager" time="0.35">
    <error type="java.lang.NullPointerException"><![CDATA[java.lang.NullPointerException
	at org.apache.hadoop.hdds.scm.server.StorageContainerManagerHttpServer.getSpnegoPrincipal(StorageContainerManagerHttpServer.java:74)
	at org.apache.hadoop.hdds.server.BaseHttpServer.<init>(BaseHttpServer.java:81)
	at org.apache.hadoop.hdds.scm.server.StorageContainerManagerHttpServer.<init>(StorageContainerManagerHttpServer.java:36)
	at org.apache.hadoop.hdds.scm.server.StorageContainerManager.<init>(StorageContainerManager.java:330)
	at org.apache.hadoop.hdds.scm.server.StorageContainerManager.<init>(StorageContainerManager.java:212)
	at org.apache.hadoop.hdds.scm.server.StorageContainerManager.createSCM(StorageContainerManager.java:598)
	at org.apache.hadoop.hdds.scm.HddsTestUtils.getScm(HddsTestUtils.java:91)
	at org.apache.hadoop.hdds.scm.node.TestSCMNodeManager.createNodeManager(TestSCMNodeManager.java:137)
	at org.apache.hadoop.hdds.scm.node.TestSCMNodeManager.testScmHandleJvmPause(TestSCMNodeManager.java:377)
	at sun.reflect.NativeMethodAccessorImpl.invoke0(Native Method)
	at sun.reflect.NativeMethodAccessorImpl.invoke(NativeMethodAccessorImpl.java:62)
	at sun.reflect.DelegatingMethodAccessorImpl.invoke(DelegatingMethodAccessorImpl.java:43)
	at java.lang.reflect.Method.invoke(Method.java:498)
	at org.junit.runners.model.FrameworkMethod$1.runReflectiveCall(FrameworkMethod.java:47)
	at org.junit.internal.runners.model.ReflectiveCallable.run(ReflectiveCallable.java:12)
	at org.junit.runners.model.FrameworkMethod.invokeExplosively(FrameworkMethod.java:44)
	at org.junit.internal.runners.statements.InvokeMethod.evaluate(InvokeMethod.java:17)
	at org.junit.internal.runners.statements.RunBefores.evaluate(RunBefores.java:26)
	at org.junit.internal.runners.statements.RunAfters.evaluate(RunAfters.java:27)
	at org.junit.rules.ExpectedException$ExpectedExceptionStatement.evaluate(ExpectedException.java:168)
	at org.junit.rules.RunRules.evaluate(RunRules.java:20)
	at org.junit.runners.ParentRunner.runLeaf(ParentRunner.java:271)
	at org.junit.runners.BlockJUnit4ClassRunner.runChild(BlockJUnit4ClassRunner.java:70)
	at org.junit.runners.BlockJUnit4ClassRunner.runChild(BlockJUnit4ClassRunner.java:50)
	at org.junit.runners.ParentRunner$3.run(ParentRunner.java:238)
	at org.junit.runners.ParentRunner$1.schedule(ParentRunner.java:63)
	at org.junit.runners.ParentRunner.runChildren(ParentRunner.java:236)
	at org.junit.runners.ParentRunner.access$000(ParentRunner.java:53)
	at org.junit.runners.ParentRunner$2.evaluate(ParentRunner.java:229)
	at org.junit.internal.runners.statements.RunBefores.evaluate(RunBefores.java:26)
	at org.junit.runners.ParentRunner.run(ParentRunner.java:309)
	at org.apache.maven.surefire.junit4.JUnit4Provider.execute(JUnit4Provider.java:365)
	at org.apache.maven.surefire.junit4.JUnit4Provider.executeWithRerun(JUnit4Provider.java:273)
	at org.apache.maven.surefire.junit4.JUnit4Provider.executeTestSet(JUnit4Provider.java:238)
	at org.apache.maven.surefire.junit4.JUnit4Provider.invoke(JUnit4Provider.java:159)
	at org.apache.maven.surefire.booter.ForkedBooter.invokeProviderInSameClassLoader(ForkedBooter.java:384)
	at org.apache.maven.surefire.booter.ForkedBooter.runSuitesInProcess(ForkedBooter.java:345)
	at org.apache.maven.surefire.booter.ForkedBooter.execute(ForkedBooter.java:126)
	at org.apache.maven.surefire.booter.ForkedBooter.main(ForkedBooter.java:418)
]]></error>
    <system-out><![CDATA[2019-11-02 05:54:17,411 WARN  server.ServerUtils (ServerUtils.java:getScmDbDir(145)) - ozone.scm.db.dirs is not configured. We recommend adding this setting. Falling back to ozone.metadata.dirs instead.
2019-11-02 05:54:17,427 WARN  server.ServerUtils (ServerUtils.java:getScmDbDir(145)) - ozone.scm.db.dirs is not configured. We recommend adding this setting. Falling back to ozone.metadata.dirs instead.
2019-11-02 05:54:17,427 WARN  server.ServerUtils (ServerUtils.java:getScmDbDir(145)) - ozone.scm.db.dirs is not configured. We recommend adding this setting. Falling back to ozone.metadata.dirs instead.
2019-11-02 05:54:17,428 INFO  db.DBStoreBuilder (DBStoreBuilder.java:addTable(127)) - using custom profile for table: deletedBlocks
2019-11-02 05:54:17,429 INFO  db.DBStoreBuilder (DBStoreBuilder.java:processTables(183)) - Using default column profile:DBProfile.DISK for Table:deletedBlocks
2019-11-02 05:54:17,429 INFO  db.DBStoreBuilder (DBStoreBuilder.java:addTable(127)) - using custom profile for table: validCerts
2019-11-02 05:54:17,429 INFO  db.DBStoreBuilder (DBStoreBuilder.java:processTables(183)) - Using default column profile:DBProfile.DISK for Table:validCerts
2019-11-02 05:54:17,430 INFO  db.DBStoreBuilder (DBStoreBuilder.java:addTable(127)) - using custom profile for table: revokedCerts
2019-11-02 05:54:17,430 INFO  db.DBStoreBuilder (DBStoreBuilder.java:processTables(183)) - Using default column profile:DBProfile.DISK for Table:revokedCerts
2019-11-02 05:54:17,430 INFO  db.DBStoreBuilder (DBStoreBuilder.java:addTable(127)) - using custom profile for table: default
2019-11-02 05:54:17,431 INFO  db.DBStoreBuilder (DBStoreBuilder.java:processTables(189)) - Using default column profile:DBProfile.DISK for Table:default
2019-11-02 05:54:17,431 INFO  db.DBStoreBuilder (DBStoreBuilder.java:getDbProfile(220)) - Using default options. DBProfile.DISK
2019-11-02 05:54:17,570 INFO  net.NodeSchemaLoader (NodeSchemaLoader.java:loadSchemaFromFile(125)) - Loading file from sun.misc.CompoundEnumeration@40317ba2
2019-11-02 05:54:17,570 INFO  net.NodeSchemaLoader (NodeSchemaLoader.java:loadSchema(171)) - Loading network topology layer schema file
2019-11-02 05:54:17,574 INFO  node.SCMNodeManager (SCMNodeManager.java:<init>(116)) - Entering startup safe mode.
2019-11-02 05:54:17,574 WARN  util.MBeans (MBeans.java:getMBeanName(165)) - Error creating MBean object name: Hadoop:service=SCMNodeManager,name=SCMNodeManagerInfo
org.apache.hadoop.metrics2.MetricsException: org.apache.hadoop.metrics2.MetricsException: Hadoop:service=SCMNodeManager,name=SCMNodeManagerInfo already exists!
	at org.apache.hadoop.metrics2.lib.DefaultMetricsSystem.newObjectName(DefaultMetricsSystem.java:135)
	at org.apache.hadoop.metrics2.lib.DefaultMetricsSystem.newMBeanName(DefaultMetricsSystem.java:110)
	at org.apache.hadoop.metrics2.util.MBeans.getMBeanName(MBeans.java:163)
	at org.apache.hadoop.metrics2.util.MBeans.register(MBeans.java:95)
	at org.apache.hadoop.metrics2.util.MBeans.register(MBeans.java:72)
	at org.apache.hadoop.hdds.scm.node.SCMNodeManager.registerMXBean(SCMNodeManager.java:134)
	at org.apache.hadoop.hdds.scm.node.SCMNodeManager.<init>(SCMNodeManager.java:117)
	at org.apache.hadoop.hdds.scm.server.StorageContainerManager.initializeSystemManagers(StorageContainerManager.java:389)
	at org.apache.hadoop.hdds.scm.server.StorageContainerManager.<init>(StorageContainerManager.java:279)
	at org.apache.hadoop.hdds.scm.server.StorageContainerManager.<init>(StorageContainerManager.java:212)
	at org.apache.hadoop.hdds.scm.server.StorageContainerManager.createSCM(StorageContainerManager.java:598)
	at org.apache.hadoop.hdds.scm.HddsTestUtils.getScm(HddsTestUtils.java:91)
	at org.apache.hadoop.hdds.scm.node.TestSCMNodeManager.createNodeManager(TestSCMNodeManager.java:137)
	at org.apache.hadoop.hdds.scm.node.TestSCMNodeManager.testScmHandleJvmPause(TestSCMNodeManager.java:377)
	at sun.reflect.NativeMethodAccessorImpl.invoke0(Native Method)
	at sun.reflect.NativeMethodAccessorImpl.invoke(NativeMethodAccessorImpl.java:62)
	at sun.reflect.DelegatingMethodAccessorImpl.invoke(DelegatingMethodAccessorImpl.java:43)
	at java.lang.reflect.Method.invoke(Method.java:498)
	at org.junit.runners.model.FrameworkMethod$1.runReflectiveCall(FrameworkMethod.java:47)
	at org.junit.internal.runners.model.ReflectiveCallable.run(ReflectiveCallable.java:12)
	at org.junit.runners.model.FrameworkMethod.invokeExplosively(FrameworkMethod.java:44)
	at org.junit.internal.runners.statements.InvokeMethod.evaluate(InvokeMethod.java:17)
	at org.junit.internal.runners.statements.RunBefores.evaluate(RunBefores.java:26)
	at org.junit.internal.runners.statements.RunAfters.evaluate(RunAfters.java:27)
	at org.junit.rules.ExpectedException$ExpectedExceptionStatement.evaluate(ExpectedException.java:168)
	at org.junit.rules.RunRules.evaluate(RunRules.java:20)
	at org.junit.runners.ParentRunner.runLeaf(ParentRunner.java:271)
	at org.junit.runners.BlockJUnit4ClassRunner.runChild(BlockJUnit4ClassRunner.java:70)
	at org.junit.runners.BlockJUnit4ClassRunner.runChild(BlockJUnit4ClassRunner.java:50)
	at org.junit.runners.ParentRunner$3.run(ParentRunner.java:238)
	at org.junit.runners.ParentRunner$1.schedule(ParentRunner.java:63)
	at org.junit.runners.ParentRunner.runChildren(ParentRunner.java:236)
	at org.junit.runners.ParentRunner.access$000(ParentRunner.java:53)
	at org.junit.runners.ParentRunner$2.evaluate(ParentRunner.java:229)
	at org.junit.internal.runners.statements.RunBefores.evaluate(RunBefores.java:26)
	at org.junit.runners.ParentRunner.run(ParentRunner.java:309)
	at org.apache.maven.surefire.junit4.JUnit4Provider.execute(JUnit4Provider.java:365)
	at org.apache.maven.surefire.junit4.JUnit4Provider.executeWithRerun(JUnit4Provider.java:273)
	at org.apache.maven.surefire.junit4.JUnit4Provider.executeTestSet(JUnit4Provider.java:238)
	at org.apache.maven.surefire.junit4.JUnit4Provider.invoke(JUnit4Provider.java:159)
	at org.apache.maven.surefire.booter.ForkedBooter.invokeProviderInSameClassLoader(ForkedBooter.java:384)
	at org.apache.maven.surefire.booter.ForkedBooter.runSuitesInProcess(ForkedBooter.java:345)
	at org.apache.maven.surefire.booter.ForkedBooter.execute(ForkedBooter.java:126)
	at org.apache.maven.surefire.booter.ForkedBooter.main(ForkedBooter.java:418)
Caused by: org.apache.hadoop.metrics2.MetricsException: Hadoop:service=SCMNodeManager,name=SCMNodeManagerInfo already exists!
	at org.apache.hadoop.metrics2.lib.DefaultMetricsSystem.newObjectName(DefaultMetricsSystem.java:131)
	... 43 more
2019-11-02 05:54:17,575 INFO  algorithms.ContainerPlacementPolicyFactory (ContainerPlacementPolicyFactory.java:getPolicy(57)) - Create container placement policy of type org.apache.hadoop.hdds.scm.container.placement.algorithms.SCMContainerPlacementRandom
2019-11-02 05:54:17,575 WARN  server.ServerUtils (ServerUtils.java:getScmDbDir(145)) - ozone.scm.db.dirs is not configured. We recommend adding this setting. Falling back to ozone.metadata.dirs instead.
2019-11-02 05:54:17,652 WARN  util.MBeans (MBeans.java:getMBeanName(165)) - Error creating MBean object name: Hadoop:service=SCMPipelineManager,name=SCMPipelineManagerInfo
org.apache.hadoop.metrics2.MetricsException: org.apache.hadoop.metrics2.MetricsException: Hadoop:service=SCMPipelineManager,name=SCMPipelineManagerInfo already exists!
	at org.apache.hadoop.metrics2.lib.DefaultMetricsSystem.newObjectName(DefaultMetricsSystem.java:135)
	at org.apache.hadoop.metrics2.lib.DefaultMetricsSystem.newMBeanName(DefaultMetricsSystem.java:110)
	at org.apache.hadoop.metrics2.util.MBeans.getMBeanName(MBeans.java:163)
	at org.apache.hadoop.metrics2.util.MBeans.register(MBeans.java:95)
	at org.apache.hadoop.metrics2.util.MBeans.register(MBeans.java:72)
	at org.apache.hadoop.hdds.scm.pipeline.SCMPipelineManager.<init>(SCMPipelineManager.java:114)
	at org.apache.hadoop.hdds.scm.server.StorageContainerManager.initializeSystemManagers(StorageContainerManager.java:402)
	at org.apache.hadoop.hdds.scm.server.StorageContainerManager.<init>(StorageContainerManager.java:279)
	at org.apache.hadoop.hdds.scm.server.StorageContainerManager.<init>(StorageContainerManager.java:212)
	at org.apache.hadoop.hdds.scm.server.StorageContainerManager.createSCM(StorageContainerManager.java:598)
	at org.apache.hadoop.hdds.scm.HddsTestUtils.getScm(HddsTestUtils.java:91)
	at org.apache.hadoop.hdds.scm.node.TestSCMNodeManager.createNodeManager(TestSCMNodeManager.java:137)
	at org.apache.hadoop.hdds.scm.node.TestSCMNodeManager.testScmHandleJvmPause(TestSCMNodeManager.java:377)
	at sun.reflect.NativeMethodAccessorImpl.invoke0(Native Method)
	at sun.reflect.NativeMethodAccessorImpl.invoke(NativeMethodAccessorImpl.java:62)
	at sun.reflect.DelegatingMethodAccessorImpl.invoke(DelegatingMethodAccessorImpl.java:43)
	at java.lang.reflect.Method.invoke(Method.java:498)
	at org.junit.runners.model.FrameworkMethod$1.runReflectiveCall(FrameworkMethod.java:47)
	at org.junit.internal.runners.model.ReflectiveCallable.run(ReflectiveCallable.java:12)
	at org.junit.runners.model.FrameworkMethod.invokeExplosively(FrameworkMethod.java:44)
	at org.junit.internal.runners.statements.InvokeMethod.evaluate(InvokeMethod.java:17)
	at org.junit.internal.runners.statements.RunBefores.evaluate(RunBefores.java:26)
	at org.junit.internal.runners.statements.RunAfters.evaluate(RunAfters.java:27)
	at org.junit.rules.ExpectedException$ExpectedExceptionStatement.evaluate(ExpectedException.java:168)
	at org.junit.rules.RunRules.evaluate(RunRules.java:20)
	at org.junit.runners.ParentRunner.runLeaf(ParentRunner.java:271)
	at org.junit.runners.BlockJUnit4ClassRunner.runChild(BlockJUnit4ClassRunner.java:70)
	at org.junit.runners.BlockJUnit4ClassRunner.runChild(BlockJUnit4ClassRunner.java:50)
	at org.junit.runners.ParentRunner$3.run(ParentRunner.java:238)
	at org.junit.runners.ParentRunner$1.schedule(ParentRunner.java:63)
	at org.junit.runners.ParentRunner.runChildren(ParentRunner.java:236)
	at org.junit.runners.ParentRunner.access$000(ParentRunner.java:53)
	at org.junit.runners.ParentRunner$2.evaluate(ParentRunner.java:229)
	at org.junit.internal.runners.statements.RunBefores.evaluate(RunBefores.java:26)
	at org.junit.runners.ParentRunner.run(ParentRunner.java:309)
	at org.apache.maven.surefire.junit4.JUnit4Provider.execute(JUnit4Provider.java:365)
	at org.apache.maven.surefire.junit4.JUnit4Provider.executeWithRerun(JUnit4Provider.java:273)
	at org.apache.maven.surefire.junit4.JUnit4Provider.executeTestSet(JUnit4Provider.java:238)
	at org.apache.maven.surefire.junit4.JUnit4Provider.invoke(JUnit4Provider.java:159)
	at org.apache.maven.surefire.booter.ForkedBooter.invokeProviderInSameClassLoader(ForkedBooter.java:384)
	at org.apache.maven.surefire.booter.ForkedBooter.runSuitesInProcess(ForkedBooter.java:345)
	at org.apache.maven.surefire.booter.ForkedBooter.execute(ForkedBooter.java:126)
	at org.apache.maven.surefire.booter.ForkedBooter.main(ForkedBooter.java:418)
Caused by: org.apache.hadoop.metrics2.MetricsException: Hadoop:service=SCMPipelineManager,name=SCMPipelineManagerInfo already exists!
	at org.apache.hadoop.metrics2.lib.DefaultMetricsSystem.newObjectName(DefaultMetricsSystem.java:131)
	... 42 more
2019-11-02 05:54:17,653 INFO  pipeline.SCMPipelineManager (SCMPipelineManager.java:initializePipelineState(132)) - No pipeline exists in current db
2019-11-02 05:54:17,653 WARN  server.ServerUtils (ServerUtils.java:getScmDbDir(145)) - ozone.scm.db.dirs is not configured. We recommend adding this setting. Falling back to ozone.metadata.dirs instead.
2019-11-02 05:54:17,725 WARN  util.MBeans (MBeans.java:getMBeanName(165)) - Error creating MBean object name: Hadoop:service=BlockManager,name=BlockManagerImpl
org.apache.hadoop.metrics2.MetricsException: org.apache.hadoop.metrics2.MetricsException: Hadoop:service=BlockManager,name=BlockManagerImpl already exists!
	at org.apache.hadoop.metrics2.lib.DefaultMetricsSystem.newObjectName(DefaultMetricsSystem.java:135)
	at org.apache.hadoop.metrics2.lib.DefaultMetricsSystem.newMBeanName(DefaultMetricsSystem.java:110)
	at org.apache.hadoop.metrics2.util.MBeans.getMBeanName(MBeans.java:163)
	at org.apache.hadoop.metrics2.util.MBeans.register(MBeans.java:95)
	at org.apache.hadoop.metrics2.util.MBeans.register(MBeans.java:72)
	at org.apache.hadoop.hdds.scm.block.BlockManagerImpl.<init>(BlockManagerImpl.java:101)
	at org.apache.hadoop.hdds.scm.server.StorageContainerManager.initializeSystemManagers(StorageContainerManager.java:417)
	at org.apache.hadoop.hdds.scm.server.StorageContainerManager.<init>(StorageContainerManager.java:279)
	at org.apache.hadoop.hdds.scm.server.StorageContainerManager.<init>(StorageContainerManager.java:212)
	at org.apache.hadoop.hdds.scm.server.StorageContainerManager.createSCM(StorageContainerManager.java:598)
	at org.apache.hadoop.hdds.scm.HddsTestUtils.getScm(HddsTestUtils.java:91)
	at org.apache.hadoop.hdds.scm.node.TestSCMNodeManager.createNodeManager(TestSCMNodeManager.java:137)
	at org.apache.hadoop.hdds.scm.node.TestSCMNodeManager.testScmHandleJvmPause(TestSCMNodeManager.java:377)
	at sun.reflect.NativeMethodAccessorImpl.invoke0(Native Method)
	at sun.reflect.NativeMethodAccessorImpl.invoke(NativeMethodAccessorImpl.java:62)
	at sun.reflect.DelegatingMethodAccessorImpl.invoke(DelegatingMethodAccessorImpl.java:43)
	at java.lang.reflect.Method.invoke(Method.java:498)
	at org.junit.runners.model.FrameworkMethod$1.runReflectiveCall(FrameworkMethod.java:47)
	at org.junit.internal.runners.model.ReflectiveCallable.run(ReflectiveCallable.java:12)
	at org.junit.runners.model.FrameworkMethod.invokeExplosively(FrameworkMethod.java:44)
	at org.junit.internal.runners.statements.InvokeMethod.evaluate(InvokeMethod.java:17)
	at org.junit.internal.runners.statements.RunBefores.evaluate(RunBefores.java:26)
	at org.junit.internal.runners.statements.RunAfters.evaluate(RunAfters.java:27)
	at org.junit.rules.ExpectedException$ExpectedExceptionStatement.evaluate(ExpectedException.java:168)
	at org.junit.rules.RunRules.evaluate(RunRules.java:20)
	at org.junit.runners.ParentRunner.runLeaf(ParentRunner.java:271)
	at org.junit.runners.BlockJUnit4ClassRunner.runChild(BlockJUnit4ClassRunner.java:70)
	at org.junit.runners.BlockJUnit4ClassRunner.runChild(BlockJUnit4ClassRunner.java:50)
	at org.junit.runners.ParentRunner$3.run(ParentRunner.java:238)
	at org.junit.runners.ParentRunner$1.schedule(ParentRunner.java:63)
	at org.junit.runners.ParentRunner.runChildren(ParentRunner.java:236)
	at org.junit.runners.ParentRunner.access$000(ParentRunner.java:53)
	at org.junit.runners.ParentRunner$2.evaluate(ParentRunner.java:229)
	at org.junit.internal.runners.statements.RunBefores.evaluate(RunBefores.java:26)
	at org.junit.runners.ParentRunner.run(ParentRunner.java:309)
	at org.apache.maven.surefire.junit4.JUnit4Provider.execute(JUnit4Provider.java:365)
	at org.apache.maven.surefire.junit4.JUnit4Provider.executeWithRerun(JUnit4Provider.java:273)
	at org.apache.maven.surefire.junit4.JUnit4Provider.executeTestSet(JUnit4Provider.java:238)
	at org.apache.maven.surefire.junit4.JUnit4Provider.invoke(JUnit4Provider.java:159)
	at org.apache.maven.surefire.booter.ForkedBooter.invokeProviderInSameClassLoader(ForkedBooter.java:384)
	at org.apache.maven.surefire.booter.ForkedBooter.runSuitesInProcess(ForkedBooter.java:345)
	at org.apache.maven.surefire.booter.ForkedBooter.execute(ForkedBooter.java:126)
	at org.apache.maven.surefire.booter.ForkedBooter.main(ForkedBooter.java:418)
Caused by: org.apache.hadoop.metrics2.MetricsException: Hadoop:service=BlockManager,name=BlockManagerImpl already exists!
	at org.apache.hadoop.metrics2.lib.DefaultMetricsSystem.newObjectName(DefaultMetricsSystem.java:131)
	... 42 more
2019-11-02 05:54:17,730 WARN  events.EventQueue (EventQueue.java:fireEvent(183)) - No event handler registered for event TypedEvent{payloadType=SafeModeStatus, name='SafeModeStatus'}
2019-11-02 05:54:17,731 INFO  ipc.CallQueueManager (CallQueueManager.java:<init>(84)) - Using callQueue: class java.util.concurrent.LinkedBlockingQueue, queueCapacity: 1000, scheduler: class org.apache.hadoop.ipc.DefaultRpcScheduler, ipcBackoff: false.
2019-11-02 05:54:17,733 INFO  ipc.Server (Server.java:run(1074)) - Starting Socket Reader #1 for port 38376
2019-11-02 05:54:17,735 INFO  ipc.CallQueueManager (CallQueueManager.java:<init>(84)) - Using callQueue: class java.util.concurrent.LinkedBlockingQueue, queueCapacity: 1000, scheduler: class org.apache.hadoop.ipc.DefaultRpcScheduler, ipcBackoff: false.
2019-11-02 05:54:17,736 INFO  ipc.Server (Server.java:run(1074)) - Starting Socket Reader #1 for port 42243
2019-11-02 05:54:17,737 INFO  ipc.CallQueueManager (CallQueueManager.java:<init>(84)) - Using callQueue: class java.util.concurrent.LinkedBlockingQueue, queueCapacity: 1000, scheduler: class org.apache.hadoop.ipc.DefaultRpcScheduler, ipcBackoff: false.
2019-11-02 05:54:17,739 INFO  ipc.Server (Server.java:run(1074)) - Starting Socket Reader #1 for port 42698
]]></system-out>
  </testcase>
  <testcase name="testHandlingSCMCommandEvent" classname="org.apache.hadoop.hdds.scm.node.TestSCMNodeManager" time="0.388">
    <error type="java.lang.NullPointerException"><![CDATA[java.lang.NullPointerException
	at org.apache.hadoop.hdds.scm.server.StorageContainerManagerHttpServer.getSpnegoPrincipal(StorageContainerManagerHttpServer.java:74)
	at org.apache.hadoop.hdds.server.BaseHttpServer.<init>(BaseHttpServer.java:81)
	at org.apache.hadoop.hdds.scm.server.StorageContainerManagerHttpServer.<init>(StorageContainerManagerHttpServer.java:36)
	at org.apache.hadoop.hdds.scm.server.StorageContainerManager.<init>(StorageContainerManager.java:330)
	at org.apache.hadoop.hdds.scm.server.StorageContainerManager.<init>(StorageContainerManager.java:212)
	at org.apache.hadoop.hdds.scm.server.StorageContainerManager.createSCM(StorageContainerManager.java:598)
	at org.apache.hadoop.hdds.scm.HddsTestUtils.getScm(HddsTestUtils.java:91)
	at org.apache.hadoop.hdds.scm.node.TestSCMNodeManager.createNodeManager(TestSCMNodeManager.java:137)
	at org.apache.hadoop.hdds.scm.node.TestSCMNodeManager.testHandlingSCMCommandEvent(TestSCMNodeManager.java:1024)
	at sun.reflect.NativeMethodAccessorImpl.invoke0(Native Method)
	at sun.reflect.NativeMethodAccessorImpl.invoke(NativeMethodAccessorImpl.java:62)
	at sun.reflect.DelegatingMethodAccessorImpl.invoke(DelegatingMethodAccessorImpl.java:43)
	at java.lang.reflect.Method.invoke(Method.java:498)
	at org.junit.runners.model.FrameworkMethod$1.runReflectiveCall(FrameworkMethod.java:47)
	at org.junit.internal.runners.model.ReflectiveCallable.run(ReflectiveCallable.java:12)
	at org.junit.runners.model.FrameworkMethod.invokeExplosively(FrameworkMethod.java:44)
	at org.junit.internal.runners.statements.InvokeMethod.evaluate(InvokeMethod.java:17)
	at org.junit.internal.runners.statements.RunBefores.evaluate(RunBefores.java:26)
	at org.junit.internal.runners.statements.RunAfters.evaluate(RunAfters.java:27)
	at org.junit.rules.ExpectedException$ExpectedExceptionStatement.evaluate(ExpectedException.java:168)
	at org.junit.rules.RunRules.evaluate(RunRules.java:20)
	at org.junit.runners.ParentRunner.runLeaf(ParentRunner.java:271)
	at org.junit.runners.BlockJUnit4ClassRunner.runChild(BlockJUnit4ClassRunner.java:70)
	at org.junit.runners.BlockJUnit4ClassRunner.runChild(BlockJUnit4ClassRunner.java:50)
	at org.junit.runners.ParentRunner$3.run(ParentRunner.java:238)
	at org.junit.runners.ParentRunner$1.schedule(ParentRunner.java:63)
	at org.junit.runners.ParentRunner.runChildren(ParentRunner.java:236)
	at org.junit.runners.ParentRunner.access$000(ParentRunner.java:53)
	at org.junit.runners.ParentRunner$2.evaluate(ParentRunner.java:229)
	at org.junit.internal.runners.statements.RunBefores.evaluate(RunBefores.java:26)
	at org.junit.runners.ParentRunner.run(ParentRunner.java:309)
	at org.apache.maven.surefire.junit4.JUnit4Provider.execute(JUnit4Provider.java:365)
	at org.apache.maven.surefire.junit4.JUnit4Provider.executeWithRerun(JUnit4Provider.java:273)
	at org.apache.maven.surefire.junit4.JUnit4Provider.executeTestSet(JUnit4Provider.java:238)
	at org.apache.maven.surefire.junit4.JUnit4Provider.invoke(JUnit4Provider.java:159)
	at org.apache.maven.surefire.booter.ForkedBooter.invokeProviderInSameClassLoader(ForkedBooter.java:384)
	at org.apache.maven.surefire.booter.ForkedBooter.runSuitesInProcess(ForkedBooter.java:345)
	at org.apache.maven.surefire.booter.ForkedBooter.execute(ForkedBooter.java:126)
	at org.apache.maven.surefire.booter.ForkedBooter.main(ForkedBooter.java:418)
]]></error>
    <system-out><![CDATA[2019-11-02 05:54:17,773 WARN  server.ServerUtils (ServerUtils.java:getScmDbDir(145)) - ozone.scm.db.dirs is not configured. We recommend adding this setting. Falling back to ozone.metadata.dirs instead.
2019-11-02 05:54:17,789 WARN  server.ServerUtils (ServerUtils.java:getScmDbDir(145)) - ozone.scm.db.dirs is not configured. We recommend adding this setting. Falling back to ozone.metadata.dirs instead.
2019-11-02 05:54:17,790 WARN  server.ServerUtils (ServerUtils.java:getScmDbDir(145)) - ozone.scm.db.dirs is not configured. We recommend adding this setting. Falling back to ozone.metadata.dirs instead.
2019-11-02 05:54:17,790 INFO  db.DBStoreBuilder (DBStoreBuilder.java:addTable(127)) - using custom profile for table: deletedBlocks
2019-11-02 05:54:17,791 INFO  db.DBStoreBuilder (DBStoreBuilder.java:processTables(183)) - Using default column profile:DBProfile.DISK for Table:deletedBlocks
2019-11-02 05:54:17,791 INFO  db.DBStoreBuilder (DBStoreBuilder.java:addTable(127)) - using custom profile for table: validCerts
2019-11-02 05:54:17,791 INFO  db.DBStoreBuilder (DBStoreBuilder.java:processTables(183)) - Using default column profile:DBProfile.DISK for Table:validCerts
2019-11-02 05:54:17,792 INFO  db.DBStoreBuilder (DBStoreBuilder.java:addTable(127)) - using custom profile for table: revokedCerts
2019-11-02 05:54:17,792 INFO  db.DBStoreBuilder (DBStoreBuilder.java:processTables(183)) - Using default column profile:DBProfile.DISK for Table:revokedCerts
2019-11-02 05:54:17,792 INFO  db.DBStoreBuilder (DBStoreBuilder.java:addTable(127)) - using custom profile for table: default
2019-11-02 05:54:17,792 INFO  db.DBStoreBuilder (DBStoreBuilder.java:processTables(189)) - Using default column profile:DBProfile.DISK for Table:default
2019-11-02 05:54:17,793 INFO  db.DBStoreBuilder (DBStoreBuilder.java:getDbProfile(220)) - Using default options. DBProfile.DISK
2019-11-02 05:54:17,954 INFO  net.NodeSchemaLoader (NodeSchemaLoader.java:loadSchemaFromFile(125)) - Loading file from sun.misc.CompoundEnumeration@5a5338df
2019-11-02 05:54:17,954 INFO  net.NodeSchemaLoader (NodeSchemaLoader.java:loadSchema(171)) - Loading network topology layer schema file
2019-11-02 05:54:17,958 WARN  server.ServerUtils (ServerUtils.java:sanitizeUserArgs(70)) - ozone.scm.stale.node.interval value = 300000 is larger than max = 100000 based on the key value of ozone.scm.heartbeat.thread.interval, reset to the max value 100000.
2019-11-02 05:54:17,959 WARN  server.ServerUtils (ServerUtils.java:sanitizeUserArgs(70)) - ozone.scm.stale.node.interval value = 300000 is larger than max = 100000 based on the key value of ozone.scm.heartbeat.thread.interval, reset to the max value 100000.
2019-11-02 05:54:17,959 INFO  node.SCMNodeManager (SCMNodeManager.java:<init>(116)) - Entering startup safe mode.
2019-11-02 05:54:17,960 WARN  util.MBeans (MBeans.java:getMBeanName(165)) - Error creating MBean object name: Hadoop:service=SCMNodeManager,name=SCMNodeManagerInfo
org.apache.hadoop.metrics2.MetricsException: org.apache.hadoop.metrics2.MetricsException: Hadoop:service=SCMNodeManager,name=SCMNodeManagerInfo already exists!
	at org.apache.hadoop.metrics2.lib.DefaultMetricsSystem.newObjectName(DefaultMetricsSystem.java:135)
	at org.apache.hadoop.metrics2.lib.DefaultMetricsSystem.newMBeanName(DefaultMetricsSystem.java:110)
	at org.apache.hadoop.metrics2.util.MBeans.getMBeanName(MBeans.java:163)
	at org.apache.hadoop.metrics2.util.MBeans.register(MBeans.java:95)
	at org.apache.hadoop.metrics2.util.MBeans.register(MBeans.java:72)
	at org.apache.hadoop.hdds.scm.node.SCMNodeManager.registerMXBean(SCMNodeManager.java:134)
	at org.apache.hadoop.hdds.scm.node.SCMNodeManager.<init>(SCMNodeManager.java:117)
	at org.apache.hadoop.hdds.scm.server.StorageContainerManager.initializeSystemManagers(StorageContainerManager.java:389)
	at org.apache.hadoop.hdds.scm.server.StorageContainerManager.<init>(StorageContainerManager.java:279)
	at org.apache.hadoop.hdds.scm.server.StorageContainerManager.<init>(StorageContainerManager.java:212)
	at org.apache.hadoop.hdds.scm.server.StorageContainerManager.createSCM(StorageContainerManager.java:598)
	at org.apache.hadoop.hdds.scm.HddsTestUtils.getScm(HddsTestUtils.java:91)
	at org.apache.hadoop.hdds.scm.node.TestSCMNodeManager.createNodeManager(TestSCMNodeManager.java:137)
	at org.apache.hadoop.hdds.scm.node.TestSCMNodeManager.testHandlingSCMCommandEvent(TestSCMNodeManager.java:1024)
	at sun.reflect.NativeMethodAccessorImpl.invoke0(Native Method)
	at sun.reflect.NativeMethodAccessorImpl.invoke(NativeMethodAccessorImpl.java:62)
	at sun.reflect.DelegatingMethodAccessorImpl.invoke(DelegatingMethodAccessorImpl.java:43)
	at java.lang.reflect.Method.invoke(Method.java:498)
	at org.junit.runners.model.FrameworkMethod$1.runReflectiveCall(FrameworkMethod.java:47)
	at org.junit.internal.runners.model.ReflectiveCallable.run(ReflectiveCallable.java:12)
	at org.junit.runners.model.FrameworkMethod.invokeExplosively(FrameworkMethod.java:44)
	at org.junit.internal.runners.statements.InvokeMethod.evaluate(InvokeMethod.java:17)
	at org.junit.internal.runners.statements.RunBefores.evaluate(RunBefores.java:26)
	at org.junit.internal.runners.statements.RunAfters.evaluate(RunAfters.java:27)
	at org.junit.rules.ExpectedException$ExpectedExceptionStatement.evaluate(ExpectedException.java:168)
	at org.junit.rules.RunRules.evaluate(RunRules.java:20)
	at org.junit.runners.ParentRunner.runLeaf(ParentRunner.java:271)
	at org.junit.runners.BlockJUnit4ClassRunner.runChild(BlockJUnit4ClassRunner.java:70)
	at org.junit.runners.BlockJUnit4ClassRunner.runChild(BlockJUnit4ClassRunner.java:50)
	at org.junit.runners.ParentRunner$3.run(ParentRunner.java:238)
	at org.junit.runners.ParentRunner$1.schedule(ParentRunner.java:63)
	at org.junit.runners.ParentRunner.runChildren(ParentRunner.java:236)
	at org.junit.runners.ParentRunner.access$000(ParentRunner.java:53)
	at org.junit.runners.ParentRunner$2.evaluate(ParentRunner.java:229)
	at org.junit.internal.runners.statements.RunBefores.evaluate(RunBefores.java:26)
	at org.junit.runners.ParentRunner.run(ParentRunner.java:309)
	at org.apache.maven.surefire.junit4.JUnit4Provider.execute(JUnit4Provider.java:365)
	at org.apache.maven.surefire.junit4.JUnit4Provider.executeWithRerun(JUnit4Provider.java:273)
	at org.apache.maven.surefire.junit4.JUnit4Provider.executeTestSet(JUnit4Provider.java:238)
	at org.apache.maven.surefire.junit4.JUnit4Provider.invoke(JUnit4Provider.java:159)
	at org.apache.maven.surefire.booter.ForkedBooter.invokeProviderInSameClassLoader(ForkedBooter.java:384)
	at org.apache.maven.surefire.booter.ForkedBooter.runSuitesInProcess(ForkedBooter.java:345)
	at org.apache.maven.surefire.booter.ForkedBooter.execute(ForkedBooter.java:126)
	at org.apache.maven.surefire.booter.ForkedBooter.main(ForkedBooter.java:418)
Caused by: org.apache.hadoop.metrics2.MetricsException: Hadoop:service=SCMNodeManager,name=SCMNodeManagerInfo already exists!
	at org.apache.hadoop.metrics2.lib.DefaultMetricsSystem.newObjectName(DefaultMetricsSystem.java:131)
	... 43 more
2019-11-02 05:54:17,961 INFO  algorithms.ContainerPlacementPolicyFactory (ContainerPlacementPolicyFactory.java:getPolicy(57)) - Create container placement policy of type org.apache.hadoop.hdds.scm.container.placement.algorithms.SCMContainerPlacementRandom
2019-11-02 05:54:17,961 WARN  server.ServerUtils (ServerUtils.java:getScmDbDir(145)) - ozone.scm.db.dirs is not configured. We recommend adding this setting. Falling back to ozone.metadata.dirs instead.
2019-11-02 05:54:18,034 WARN  util.MBeans (MBeans.java:getMBeanName(165)) - Error creating MBean object name: Hadoop:service=SCMPipelineManager,name=SCMPipelineManagerInfo
org.apache.hadoop.metrics2.MetricsException: org.apache.hadoop.metrics2.MetricsException: Hadoop:service=SCMPipelineManager,name=SCMPipelineManagerInfo already exists!
	at org.apache.hadoop.metrics2.lib.DefaultMetricsSystem.newObjectName(DefaultMetricsSystem.java:135)
	at org.apache.hadoop.metrics2.lib.DefaultMetricsSystem.newMBeanName(DefaultMetricsSystem.java:110)
	at org.apache.hadoop.metrics2.util.MBeans.getMBeanName(MBeans.java:163)
	at org.apache.hadoop.metrics2.util.MBeans.register(MBeans.java:95)
	at org.apache.hadoop.metrics2.util.MBeans.register(MBeans.java:72)
	at org.apache.hadoop.hdds.scm.pipeline.SCMPipelineManager.<init>(SCMPipelineManager.java:114)
	at org.apache.hadoop.hdds.scm.server.StorageContainerManager.initializeSystemManagers(StorageContainerManager.java:402)
	at org.apache.hadoop.hdds.scm.server.StorageContainerManager.<init>(StorageContainerManager.java:279)
	at org.apache.hadoop.hdds.scm.server.StorageContainerManager.<init>(StorageContainerManager.java:212)
	at org.apache.hadoop.hdds.scm.server.StorageContainerManager.createSCM(StorageContainerManager.java:598)
	at org.apache.hadoop.hdds.scm.HddsTestUtils.getScm(HddsTestUtils.java:91)
	at org.apache.hadoop.hdds.scm.node.TestSCMNodeManager.createNodeManager(TestSCMNodeManager.java:137)
	at org.apache.hadoop.hdds.scm.node.TestSCMNodeManager.testHandlingSCMCommandEvent(TestSCMNodeManager.java:1024)
	at sun.reflect.NativeMethodAccessorImpl.invoke0(Native Method)
	at sun.reflect.NativeMethodAccessorImpl.invoke(NativeMethodAccessorImpl.java:62)
	at sun.reflect.DelegatingMethodAccessorImpl.invoke(DelegatingMethodAccessorImpl.java:43)
	at java.lang.reflect.Method.invoke(Method.java:498)
	at org.junit.runners.model.FrameworkMethod$1.runReflectiveCall(FrameworkMethod.java:47)
	at org.junit.internal.runners.model.ReflectiveCallable.run(ReflectiveCallable.java:12)
	at org.junit.runners.model.FrameworkMethod.invokeExplosively(FrameworkMethod.java:44)
	at org.junit.internal.runners.statements.InvokeMethod.evaluate(InvokeMethod.java:17)
	at org.junit.internal.runners.statements.RunBefores.evaluate(RunBefores.java:26)
	at org.junit.internal.runners.statements.RunAfters.evaluate(RunAfters.java:27)
	at org.junit.rules.ExpectedException$ExpectedExceptionStatement.evaluate(ExpectedException.java:168)
	at org.junit.rules.RunRules.evaluate(RunRules.java:20)
	at org.junit.runners.ParentRunner.runLeaf(ParentRunner.java:271)
	at org.junit.runners.BlockJUnit4ClassRunner.runChild(BlockJUnit4ClassRunner.java:70)
	at org.junit.runners.BlockJUnit4ClassRunner.runChild(BlockJUnit4ClassRunner.java:50)
	at org.junit.runners.ParentRunner$3.run(ParentRunner.java:238)
	at org.junit.runners.ParentRunner$1.schedule(ParentRunner.java:63)
	at org.junit.runners.ParentRunner.runChildren(ParentRunner.java:236)
	at org.junit.runners.ParentRunner.access$000(ParentRunner.java:53)
	at org.junit.runners.ParentRunner$2.evaluate(ParentRunner.java:229)
	at org.junit.internal.runners.statements.RunBefores.evaluate(RunBefores.java:26)
	at org.junit.runners.ParentRunner.run(ParentRunner.java:309)
	at org.apache.maven.surefire.junit4.JUnit4Provider.execute(JUnit4Provider.java:365)
	at org.apache.maven.surefire.junit4.JUnit4Provider.executeWithRerun(JUnit4Provider.java:273)
	at org.apache.maven.surefire.junit4.JUnit4Provider.executeTestSet(JUnit4Provider.java:238)
	at org.apache.maven.surefire.junit4.JUnit4Provider.invoke(JUnit4Provider.java:159)
	at org.apache.maven.surefire.booter.ForkedBooter.invokeProviderInSameClassLoader(ForkedBooter.java:384)
	at org.apache.maven.surefire.booter.ForkedBooter.runSuitesInProcess(ForkedBooter.java:345)
	at org.apache.maven.surefire.booter.ForkedBooter.execute(ForkedBooter.java:126)
	at org.apache.maven.surefire.booter.ForkedBooter.main(ForkedBooter.java:418)
Caused by: org.apache.hadoop.metrics2.MetricsException: Hadoop:service=SCMPipelineManager,name=SCMPipelineManagerInfo already exists!
	at org.apache.hadoop.metrics2.lib.DefaultMetricsSystem.newObjectName(DefaultMetricsSystem.java:131)
	... 42 more
2019-11-02 05:54:18,035 INFO  pipeline.SCMPipelineManager (SCMPipelineManager.java:initializePipelineState(132)) - No pipeline exists in current db
2019-11-02 05:54:18,035 WARN  server.ServerUtils (ServerUtils.java:getScmDbDir(145)) - ozone.scm.db.dirs is not configured. We recommend adding this setting. Falling back to ozone.metadata.dirs instead.
2019-11-02 05:54:18,120 WARN  util.MBeans (MBeans.java:getMBeanName(165)) - Error creating MBean object name: Hadoop:service=BlockManager,name=BlockManagerImpl
org.apache.hadoop.metrics2.MetricsException: org.apache.hadoop.metrics2.MetricsException: Hadoop:service=BlockManager,name=BlockManagerImpl already exists!
	at org.apache.hadoop.metrics2.lib.DefaultMetricsSystem.newObjectName(DefaultMetricsSystem.java:135)
	at org.apache.hadoop.metrics2.lib.DefaultMetricsSystem.newMBeanName(DefaultMetricsSystem.java:110)
	at org.apache.hadoop.metrics2.util.MBeans.getMBeanName(MBeans.java:163)
	at org.apache.hadoop.metrics2.util.MBeans.register(MBeans.java:95)
	at org.apache.hadoop.metrics2.util.MBeans.register(MBeans.java:72)
	at org.apache.hadoop.hdds.scm.block.BlockManagerImpl.<init>(BlockManagerImpl.java:101)
	at org.apache.hadoop.hdds.scm.server.StorageContainerManager.initializeSystemManagers(StorageContainerManager.java:417)
	at org.apache.hadoop.hdds.scm.server.StorageContainerManager.<init>(StorageContainerManager.java:279)
	at org.apache.hadoop.hdds.scm.server.StorageContainerManager.<init>(StorageContainerManager.java:212)
	at org.apache.hadoop.hdds.scm.server.StorageContainerManager.createSCM(StorageContainerManager.java:598)
	at org.apache.hadoop.hdds.scm.HddsTestUtils.getScm(HddsTestUtils.java:91)
	at org.apache.hadoop.hdds.scm.node.TestSCMNodeManager.createNodeManager(TestSCMNodeManager.java:137)
	at org.apache.hadoop.hdds.scm.node.TestSCMNodeManager.testHandlingSCMCommandEvent(TestSCMNodeManager.java:1024)
	at sun.reflect.NativeMethodAccessorImpl.invoke0(Native Method)
	at sun.reflect.NativeMethodAccessorImpl.invoke(NativeMethodAccessorImpl.java:62)
	at sun.reflect.DelegatingMethodAccessorImpl.invoke(DelegatingMethodAccessorImpl.java:43)
	at java.lang.reflect.Method.invoke(Method.java:498)
	at org.junit.runners.model.FrameworkMethod$1.runReflectiveCall(FrameworkMethod.java:47)
	at org.junit.internal.runners.model.ReflectiveCallable.run(ReflectiveCallable.java:12)
	at org.junit.runners.model.FrameworkMethod.invokeExplosively(FrameworkMethod.java:44)
	at org.junit.internal.runners.statements.InvokeMethod.evaluate(InvokeMethod.java:17)
	at org.junit.internal.runners.statements.RunBefores.evaluate(RunBefores.java:26)
	at org.junit.internal.runners.statements.RunAfters.evaluate(RunAfters.java:27)
	at org.junit.rules.ExpectedException$ExpectedExceptionStatement.evaluate(ExpectedException.java:168)
	at org.junit.rules.RunRules.evaluate(RunRules.java:20)
	at org.junit.runners.ParentRunner.runLeaf(ParentRunner.java:271)
	at org.junit.runners.BlockJUnit4ClassRunner.runChild(BlockJUnit4ClassRunner.java:70)
	at org.junit.runners.BlockJUnit4ClassRunner.runChild(BlockJUnit4ClassRunner.java:50)
	at org.junit.runners.ParentRunner$3.run(ParentRunner.java:238)
	at org.junit.runners.ParentRunner$1.schedule(ParentRunner.java:63)
	at org.junit.runners.ParentRunner.runChildren(ParentRunner.java:236)
	at org.junit.runners.ParentRunner.access$000(ParentRunner.java:53)
	at org.junit.runners.ParentRunner$2.evaluate(ParentRunner.java:229)
	at org.junit.internal.runners.statements.RunBefores.evaluate(RunBefores.java:26)
	at org.junit.runners.ParentRunner.run(ParentRunner.java:309)
	at org.apache.maven.surefire.junit4.JUnit4Provider.execute(JUnit4Provider.java:365)
	at org.apache.maven.surefire.junit4.JUnit4Provider.executeWithRerun(JUnit4Provider.java:273)
	at org.apache.maven.surefire.junit4.JUnit4Provider.executeTestSet(JUnit4Provider.java:238)
	at org.apache.maven.surefire.junit4.JUnit4Provider.invoke(JUnit4Provider.java:159)
	at org.apache.maven.surefire.booter.ForkedBooter.invokeProviderInSameClassLoader(ForkedBooter.java:384)
	at org.apache.maven.surefire.booter.ForkedBooter.runSuitesInProcess(ForkedBooter.java:345)
	at org.apache.maven.surefire.booter.ForkedBooter.execute(ForkedBooter.java:126)
	at org.apache.maven.surefire.booter.ForkedBooter.main(ForkedBooter.java:418)
Caused by: org.apache.hadoop.metrics2.MetricsException: Hadoop:service=BlockManager,name=BlockManagerImpl already exists!
	at org.apache.hadoop.metrics2.lib.DefaultMetricsSystem.newObjectName(DefaultMetricsSystem.java:131)
	... 42 more
2019-11-02 05:54:18,123 WARN  events.EventQueue (EventQueue.java:fireEvent(183)) - No event handler registered for event TypedEvent{payloadType=SafeModeStatus, name='SafeModeStatus'}
2019-11-02 05:54:18,124 INFO  ipc.CallQueueManager (CallQueueManager.java:<init>(84)) - Using callQueue: class java.util.concurrent.LinkedBlockingQueue, queueCapacity: 1000, scheduler: class org.apache.hadoop.ipc.DefaultRpcScheduler, ipcBackoff: false.
2019-11-02 05:54:18,125 INFO  ipc.Server (Server.java:run(1074)) - Starting Socket Reader #1 for port 45042
2019-11-02 05:54:18,126 INFO  ipc.CallQueueManager (CallQueueManager.java:<init>(84)) - Using callQueue: class java.util.concurrent.LinkedBlockingQueue, queueCapacity: 1000, scheduler: class org.apache.hadoop.ipc.DefaultRpcScheduler, ipcBackoff: false.
2019-11-02 05:54:18,127 INFO  ipc.Server (Server.java:run(1074)) - Starting Socket Reader #1 for port 38296
2019-11-02 05:54:18,128 INFO  ipc.CallQueueManager (CallQueueManager.java:<init>(84)) - Using callQueue: class java.util.concurrent.LinkedBlockingQueue, queueCapacity: 1000, scheduler: class org.apache.hadoop.ipc.DefaultRpcScheduler, ipcBackoff: false.
2019-11-02 05:54:18,129 INFO  ipc.Server (Server.java:run(1074)) - Starting Socket Reader #1 for port 35043
]]></system-out>
  </testcase>
  <testcase name="testScmShutdown" classname="org.apache.hadoop.hdds.scm.node.TestSCMNodeManager" time="0.373">
    <error type="java.lang.NullPointerException"><![CDATA[java.lang.NullPointerException
	at org.apache.hadoop.hdds.scm.server.StorageContainerManagerHttpServer.getSpnegoPrincipal(StorageContainerManagerHttpServer.java:74)
	at org.apache.hadoop.hdds.server.BaseHttpServer.<init>(BaseHttpServer.java:81)
	at org.apache.hadoop.hdds.scm.server.StorageContainerManagerHttpServer.<init>(StorageContainerManagerHttpServer.java:36)
	at org.apache.hadoop.hdds.scm.server.StorageContainerManager.<init>(StorageContainerManager.java:330)
	at org.apache.hadoop.hdds.scm.server.StorageContainerManager.<init>(StorageContainerManager.java:212)
	at org.apache.hadoop.hdds.scm.server.StorageContainerManager.createSCM(StorageContainerManager.java:598)
	at org.apache.hadoop.hdds.scm.HddsTestUtils.getScm(HddsTestUtils.java:91)
	at org.apache.hadoop.hdds.scm.node.TestSCMNodeManager.createNodeManager(TestSCMNodeManager.java:137)
	at org.apache.hadoop.hdds.scm.node.TestSCMNodeManager.testScmShutdown(TestSCMNodeManager.java:204)
	at sun.reflect.NativeMethodAccessorImpl.invoke0(Native Method)
	at sun.reflect.NativeMethodAccessorImpl.invoke(NativeMethodAccessorImpl.java:62)
	at sun.reflect.DelegatingMethodAccessorImpl.invoke(DelegatingMethodAccessorImpl.java:43)
	at java.lang.reflect.Method.invoke(Method.java:498)
	at org.junit.runners.model.FrameworkMethod$1.runReflectiveCall(FrameworkMethod.java:47)
	at org.junit.internal.runners.model.ReflectiveCallable.run(ReflectiveCallable.java:12)
	at org.junit.runners.model.FrameworkMethod.invokeExplosively(FrameworkMethod.java:44)
	at org.junit.internal.runners.statements.InvokeMethod.evaluate(InvokeMethod.java:17)
	at org.junit.internal.runners.statements.RunBefores.evaluate(RunBefores.java:26)
	at org.junit.internal.runners.statements.RunAfters.evaluate(RunAfters.java:27)
	at org.junit.rules.ExpectedException$ExpectedExceptionStatement.evaluate(ExpectedException.java:168)
	at org.junit.rules.RunRules.evaluate(RunRules.java:20)
	at org.junit.runners.ParentRunner.runLeaf(ParentRunner.java:271)
	at org.junit.runners.BlockJUnit4ClassRunner.runChild(BlockJUnit4ClassRunner.java:70)
	at org.junit.runners.BlockJUnit4ClassRunner.runChild(BlockJUnit4ClassRunner.java:50)
	at org.junit.runners.ParentRunner$3.run(ParentRunner.java:238)
	at org.junit.runners.ParentRunner$1.schedule(ParentRunner.java:63)
	at org.junit.runners.ParentRunner.runChildren(ParentRunner.java:236)
	at org.junit.runners.ParentRunner.access$000(ParentRunner.java:53)
	at org.junit.runners.ParentRunner$2.evaluate(ParentRunner.java:229)
	at org.junit.internal.runners.statements.RunBefores.evaluate(RunBefores.java:26)
	at org.junit.runners.ParentRunner.run(ParentRunner.java:309)
	at org.apache.maven.surefire.junit4.JUnit4Provider.execute(JUnit4Provider.java:365)
	at org.apache.maven.surefire.junit4.JUnit4Provider.executeWithRerun(JUnit4Provider.java:273)
	at org.apache.maven.surefire.junit4.JUnit4Provider.executeTestSet(JUnit4Provider.java:238)
	at org.apache.maven.surefire.junit4.JUnit4Provider.invoke(JUnit4Provider.java:159)
	at org.apache.maven.surefire.booter.ForkedBooter.invokeProviderInSameClassLoader(ForkedBooter.java:384)
	at org.apache.maven.surefire.booter.ForkedBooter.runSuitesInProcess(ForkedBooter.java:345)
	at org.apache.maven.surefire.booter.ForkedBooter.execute(ForkedBooter.java:126)
	at org.apache.maven.surefire.booter.ForkedBooter.main(ForkedBooter.java:418)
]]></error>
    <system-out><![CDATA[2019-11-02 05:54:18,144 WARN  server.ServerUtils (ServerUtils.java:getScmDbDir(145)) - ozone.scm.db.dirs is not configured. We recommend adding this setting. Falling back to ozone.metadata.dirs instead.
2019-11-02 05:54:18,159 WARN  server.ServerUtils (ServerUtils.java:getScmDbDir(145)) - ozone.scm.db.dirs is not configured. We recommend adding this setting. Falling back to ozone.metadata.dirs instead.
2019-11-02 05:54:18,160 WARN  server.ServerUtils (ServerUtils.java:getScmDbDir(145)) - ozone.scm.db.dirs is not configured. We recommend adding this setting. Falling back to ozone.metadata.dirs instead.
2019-11-02 05:54:18,160 INFO  db.DBStoreBuilder (DBStoreBuilder.java:addTable(127)) - using custom profile for table: deletedBlocks
2019-11-02 05:54:18,160 INFO  db.DBStoreBuilder (DBStoreBuilder.java:processTables(183)) - Using default column profile:DBProfile.DISK for Table:deletedBlocks
2019-11-02 05:54:18,160 INFO  db.DBStoreBuilder (DBStoreBuilder.java:addTable(127)) - using custom profile for table: validCerts
2019-11-02 05:54:18,161 INFO  db.DBStoreBuilder (DBStoreBuilder.java:processTables(183)) - Using default column profile:DBProfile.DISK for Table:validCerts
2019-11-02 05:54:18,161 INFO  db.DBStoreBuilder (DBStoreBuilder.java:addTable(127)) - using custom profile for table: revokedCerts
2019-11-02 05:54:18,161 INFO  db.DBStoreBuilder (DBStoreBuilder.java:processTables(183)) - Using default column profile:DBProfile.DISK for Table:revokedCerts
2019-11-02 05:54:18,161 INFO  db.DBStoreBuilder (DBStoreBuilder.java:addTable(127)) - using custom profile for table: default
2019-11-02 05:54:18,161 INFO  db.DBStoreBuilder (DBStoreBuilder.java:processTables(189)) - Using default column profile:DBProfile.DISK for Table:default
2019-11-02 05:54:18,161 INFO  db.DBStoreBuilder (DBStoreBuilder.java:getDbProfile(220)) - Using default options. DBProfile.DISK
2019-11-02 05:54:18,330 INFO  net.NodeSchemaLoader (NodeSchemaLoader.java:loadSchemaFromFile(125)) - Loading file from sun.misc.CompoundEnumeration@5965be2d
2019-11-02 05:54:18,330 INFO  net.NodeSchemaLoader (NodeSchemaLoader.java:loadSchema(171)) - Loading network topology layer schema file
2019-11-02 05:54:18,333 WARN  server.ServerUtils (ServerUtils.java:sanitizeUserArgs(70)) - ozone.scm.stale.node.interval value = 300000 is larger than max = 100000 based on the key value of ozone.scm.heartbeat.thread.interval, reset to the max value 100000.
2019-11-02 05:54:18,333 WARN  server.ServerUtils (ServerUtils.java:sanitizeUserArgs(70)) - ozone.scm.stale.node.interval value = 300000 is larger than max = 100000 based on the key value of ozone.scm.heartbeat.thread.interval, reset to the max value 100000.
2019-11-02 05:54:18,333 INFO  node.SCMNodeManager (SCMNodeManager.java:<init>(116)) - Entering startup safe mode.
2019-11-02 05:54:18,334 WARN  util.MBeans (MBeans.java:getMBeanName(165)) - Error creating MBean object name: Hadoop:service=SCMNodeManager,name=SCMNodeManagerInfo
org.apache.hadoop.metrics2.MetricsException: org.apache.hadoop.metrics2.MetricsException: Hadoop:service=SCMNodeManager,name=SCMNodeManagerInfo already exists!
	at org.apache.hadoop.metrics2.lib.DefaultMetricsSystem.newObjectName(DefaultMetricsSystem.java:135)
	at org.apache.hadoop.metrics2.lib.DefaultMetricsSystem.newMBeanName(DefaultMetricsSystem.java:110)
	at org.apache.hadoop.metrics2.util.MBeans.getMBeanName(MBeans.java:163)
	at org.apache.hadoop.metrics2.util.MBeans.register(MBeans.java:95)
	at org.apache.hadoop.metrics2.util.MBeans.register(MBeans.java:72)
	at org.apache.hadoop.hdds.scm.node.SCMNodeManager.registerMXBean(SCMNodeManager.java:134)
	at org.apache.hadoop.hdds.scm.node.SCMNodeManager.<init>(SCMNodeManager.java:117)
	at org.apache.hadoop.hdds.scm.server.StorageContainerManager.initializeSystemManagers(StorageContainerManager.java:389)
	at org.apache.hadoop.hdds.scm.server.StorageContainerManager.<init>(StorageContainerManager.java:279)
	at org.apache.hadoop.hdds.scm.server.StorageContainerManager.<init>(StorageContainerManager.java:212)
	at org.apache.hadoop.hdds.scm.server.StorageContainerManager.createSCM(StorageContainerManager.java:598)
	at org.apache.hadoop.hdds.scm.HddsTestUtils.getScm(HddsTestUtils.java:91)
	at org.apache.hadoop.hdds.scm.node.TestSCMNodeManager.createNodeManager(TestSCMNodeManager.java:137)
	at org.apache.hadoop.hdds.scm.node.TestSCMNodeManager.testScmShutdown(TestSCMNodeManager.java:204)
	at sun.reflect.NativeMethodAccessorImpl.invoke0(Native Method)
	at sun.reflect.NativeMethodAccessorImpl.invoke(NativeMethodAccessorImpl.java:62)
	at sun.reflect.DelegatingMethodAccessorImpl.invoke(DelegatingMethodAccessorImpl.java:43)
	at java.lang.reflect.Method.invoke(Method.java:498)
	at org.junit.runners.model.FrameworkMethod$1.runReflectiveCall(FrameworkMethod.java:47)
	at org.junit.internal.runners.model.ReflectiveCallable.run(ReflectiveCallable.java:12)
	at org.junit.runners.model.FrameworkMethod.invokeExplosively(FrameworkMethod.java:44)
	at org.junit.internal.runners.statements.InvokeMethod.evaluate(InvokeMethod.java:17)
	at org.junit.internal.runners.statements.RunBefores.evaluate(RunBefores.java:26)
	at org.junit.internal.runners.statements.RunAfters.evaluate(RunAfters.java:27)
	at org.junit.rules.ExpectedException$ExpectedExceptionStatement.evaluate(ExpectedException.java:168)
	at org.junit.rules.RunRules.evaluate(RunRules.java:20)
	at org.junit.runners.ParentRunner.runLeaf(ParentRunner.java:271)
	at org.junit.runners.BlockJUnit4ClassRunner.runChild(BlockJUnit4ClassRunner.java:70)
	at org.junit.runners.BlockJUnit4ClassRunner.runChild(BlockJUnit4ClassRunner.java:50)
	at org.junit.runners.ParentRunner$3.run(ParentRunner.java:238)
	at org.junit.runners.ParentRunner$1.schedule(ParentRunner.java:63)
	at org.junit.runners.ParentRunner.runChildren(ParentRunner.java:236)
	at org.junit.runners.ParentRunner.access$000(ParentRunner.java:53)
	at org.junit.runners.ParentRunner$2.evaluate(ParentRunner.java:229)
	at org.junit.internal.runners.statements.RunBefores.evaluate(RunBefores.java:26)
	at org.junit.runners.ParentRunner.run(ParentRunner.java:309)
	at org.apache.maven.surefire.junit4.JUnit4Provider.execute(JUnit4Provider.java:365)
	at org.apache.maven.surefire.junit4.JUnit4Provider.executeWithRerun(JUnit4Provider.java:273)
	at org.apache.maven.surefire.junit4.JUnit4Provider.executeTestSet(JUnit4Provider.java:238)
	at org.apache.maven.surefire.junit4.JUnit4Provider.invoke(JUnit4Provider.java:159)
	at org.apache.maven.surefire.booter.ForkedBooter.invokeProviderInSameClassLoader(ForkedBooter.java:384)
	at org.apache.maven.surefire.booter.ForkedBooter.runSuitesInProcess(ForkedBooter.java:345)
	at org.apache.maven.surefire.booter.ForkedBooter.execute(ForkedBooter.java:126)
	at org.apache.maven.surefire.booter.ForkedBooter.main(ForkedBooter.java:418)
Caused by: org.apache.hadoop.metrics2.MetricsException: Hadoop:service=SCMNodeManager,name=SCMNodeManagerInfo already exists!
	at org.apache.hadoop.metrics2.lib.DefaultMetricsSystem.newObjectName(DefaultMetricsSystem.java:131)
	... 43 more
2019-11-02 05:54:18,335 INFO  algorithms.ContainerPlacementPolicyFactory (ContainerPlacementPolicyFactory.java:getPolicy(57)) - Create container placement policy of type org.apache.hadoop.hdds.scm.container.placement.algorithms.SCMContainerPlacementRandom
2019-11-02 05:54:18,335 WARN  server.ServerUtils (ServerUtils.java:getScmDbDir(145)) - ozone.scm.db.dirs is not configured. We recommend adding this setting. Falling back to ozone.metadata.dirs instead.
2019-11-02 05:54:18,400 WARN  util.MBeans (MBeans.java:getMBeanName(165)) - Error creating MBean object name: Hadoop:service=SCMPipelineManager,name=SCMPipelineManagerInfo
org.apache.hadoop.metrics2.MetricsException: org.apache.hadoop.metrics2.MetricsException: Hadoop:service=SCMPipelineManager,name=SCMPipelineManagerInfo already exists!
	at org.apache.hadoop.metrics2.lib.DefaultMetricsSystem.newObjectName(DefaultMetricsSystem.java:135)
	at org.apache.hadoop.metrics2.lib.DefaultMetricsSystem.newMBeanName(DefaultMetricsSystem.java:110)
	at org.apache.hadoop.metrics2.util.MBeans.getMBeanName(MBeans.java:163)
	at org.apache.hadoop.metrics2.util.MBeans.register(MBeans.java:95)
	at org.apache.hadoop.metrics2.util.MBeans.register(MBeans.java:72)
	at org.apache.hadoop.hdds.scm.pipeline.SCMPipelineManager.<init>(SCMPipelineManager.java:114)
	at org.apache.hadoop.hdds.scm.server.StorageContainerManager.initializeSystemManagers(StorageContainerManager.java:402)
	at org.apache.hadoop.hdds.scm.server.StorageContainerManager.<init>(StorageContainerManager.java:279)
	at org.apache.hadoop.hdds.scm.server.StorageContainerManager.<init>(StorageContainerManager.java:212)
	at org.apache.hadoop.hdds.scm.server.StorageContainerManager.createSCM(StorageContainerManager.java:598)
	at org.apache.hadoop.hdds.scm.HddsTestUtils.getScm(HddsTestUtils.java:91)
	at org.apache.hadoop.hdds.scm.node.TestSCMNodeManager.createNodeManager(TestSCMNodeManager.java:137)
	at org.apache.hadoop.hdds.scm.node.TestSCMNodeManager.testScmShutdown(TestSCMNodeManager.java:204)
	at sun.reflect.NativeMethodAccessorImpl.invoke0(Native Method)
	at sun.reflect.NativeMethodAccessorImpl.invoke(NativeMethodAccessorImpl.java:62)
	at sun.reflect.DelegatingMethodAccessorImpl.invoke(DelegatingMethodAccessorImpl.java:43)
	at java.lang.reflect.Method.invoke(Method.java:498)
	at org.junit.runners.model.FrameworkMethod$1.runReflectiveCall(FrameworkMethod.java:47)
	at org.junit.internal.runners.model.ReflectiveCallable.run(ReflectiveCallable.java:12)
	at org.junit.runners.model.FrameworkMethod.invokeExplosively(FrameworkMethod.java:44)
	at org.junit.internal.runners.statements.InvokeMethod.evaluate(InvokeMethod.java:17)
	at org.junit.internal.runners.statements.RunBefores.evaluate(RunBefores.java:26)
	at org.junit.internal.runners.statements.RunAfters.evaluate(RunAfters.java:27)
	at org.junit.rules.ExpectedException$ExpectedExceptionStatement.evaluate(ExpectedException.java:168)
	at org.junit.rules.RunRules.evaluate(RunRules.java:20)
	at org.junit.runners.ParentRunner.runLeaf(ParentRunner.java:271)
	at org.junit.runners.BlockJUnit4ClassRunner.runChild(BlockJUnit4ClassRunner.java:70)
	at org.junit.runners.BlockJUnit4ClassRunner.runChild(BlockJUnit4ClassRunner.java:50)
	at org.junit.runners.ParentRunner$3.run(ParentRunner.java:238)
	at org.junit.runners.ParentRunner$1.schedule(ParentRunner.java:63)
	at org.junit.runners.ParentRunner.runChildren(ParentRunner.java:236)
	at org.junit.runners.ParentRunner.access$000(ParentRunner.java:53)
	at org.junit.runners.ParentRunner$2.evaluate(ParentRunner.java:229)
	at org.junit.internal.runners.statements.RunBefores.evaluate(RunBefores.java:26)
	at org.junit.runners.ParentRunner.run(ParentRunner.java:309)
	at org.apache.maven.surefire.junit4.JUnit4Provider.execute(JUnit4Provider.java:365)
	at org.apache.maven.surefire.junit4.JUnit4Provider.executeWithRerun(JUnit4Provider.java:273)
	at org.apache.maven.surefire.junit4.JUnit4Provider.executeTestSet(JUnit4Provider.java:238)
	at org.apache.maven.surefire.junit4.JUnit4Provider.invoke(JUnit4Provider.java:159)
	at org.apache.maven.surefire.booter.ForkedBooter.invokeProviderInSameClassLoader(ForkedBooter.java:384)
	at org.apache.maven.surefire.booter.ForkedBooter.runSuitesInProcess(ForkedBooter.java:345)
	at org.apache.maven.surefire.booter.ForkedBooter.execute(ForkedBooter.java:126)
	at org.apache.maven.surefire.booter.ForkedBooter.main(ForkedBooter.java:418)
Caused by: org.apache.hadoop.metrics2.MetricsException: Hadoop:service=SCMPipelineManager,name=SCMPipelineManagerInfo already exists!
	at org.apache.hadoop.metrics2.lib.DefaultMetricsSystem.newObjectName(DefaultMetricsSystem.java:131)
	... 42 more
2019-11-02 05:54:18,401 INFO  pipeline.SCMPipelineManager (SCMPipelineManager.java:initializePipelineState(132)) - No pipeline exists in current db
2019-11-02 05:54:18,401 WARN  server.ServerUtils (ServerUtils.java:getScmDbDir(145)) - ozone.scm.db.dirs is not configured. We recommend adding this setting. Falling back to ozone.metadata.dirs instead.
2019-11-02 05:54:18,485 WARN  util.MBeans (MBeans.java:getMBeanName(165)) - Error creating MBean object name: Hadoop:service=BlockManager,name=BlockManagerImpl
org.apache.hadoop.metrics2.MetricsException: org.apache.hadoop.metrics2.MetricsException: Hadoop:service=BlockManager,name=BlockManagerImpl already exists!
	at org.apache.hadoop.metrics2.lib.DefaultMetricsSystem.newObjectName(DefaultMetricsSystem.java:135)
	at org.apache.hadoop.metrics2.lib.DefaultMetricsSystem.newMBeanName(DefaultMetricsSystem.java:110)
	at org.apache.hadoop.metrics2.util.MBeans.getMBeanName(MBeans.java:163)
	at org.apache.hadoop.metrics2.util.MBeans.register(MBeans.java:95)
	at org.apache.hadoop.metrics2.util.MBeans.register(MBeans.java:72)
	at org.apache.hadoop.hdds.scm.block.BlockManagerImpl.<init>(BlockManagerImpl.java:101)
	at org.apache.hadoop.hdds.scm.server.StorageContainerManager.initializeSystemManagers(StorageContainerManager.java:417)
	at org.apache.hadoop.hdds.scm.server.StorageContainerManager.<init>(StorageContainerManager.java:279)
	at org.apache.hadoop.hdds.scm.server.StorageContainerManager.<init>(StorageContainerManager.java:212)
	at org.apache.hadoop.hdds.scm.server.StorageContainerManager.createSCM(StorageContainerManager.java:598)
	at org.apache.hadoop.hdds.scm.HddsTestUtils.getScm(HddsTestUtils.java:91)
	at org.apache.hadoop.hdds.scm.node.TestSCMNodeManager.createNodeManager(TestSCMNodeManager.java:137)
	at org.apache.hadoop.hdds.scm.node.TestSCMNodeManager.testScmShutdown(TestSCMNodeManager.java:204)
	at sun.reflect.NativeMethodAccessorImpl.invoke0(Native Method)
	at sun.reflect.NativeMethodAccessorImpl.invoke(NativeMethodAccessorImpl.java:62)
	at sun.reflect.DelegatingMethodAccessorImpl.invoke(DelegatingMethodAccessorImpl.java:43)
	at java.lang.reflect.Method.invoke(Method.java:498)
	at org.junit.runners.model.FrameworkMethod$1.runReflectiveCall(FrameworkMethod.java:47)
	at org.junit.internal.runners.model.ReflectiveCallable.run(ReflectiveCallable.java:12)
	at org.junit.runners.model.FrameworkMethod.invokeExplosively(FrameworkMethod.java:44)
	at org.junit.internal.runners.statements.InvokeMethod.evaluate(InvokeMethod.java:17)
	at org.junit.internal.runners.statements.RunBefores.evaluate(RunBefores.java:26)
	at org.junit.internal.runners.statements.RunAfters.evaluate(RunAfters.java:27)
	at org.junit.rules.ExpectedException$ExpectedExceptionStatement.evaluate(ExpectedException.java:168)
	at org.junit.rules.RunRules.evaluate(RunRules.java:20)
	at org.junit.runners.ParentRunner.runLeaf(ParentRunner.java:271)
	at org.junit.runners.BlockJUnit4ClassRunner.runChild(BlockJUnit4ClassRunner.java:70)
	at org.junit.runners.BlockJUnit4ClassRunner.runChild(BlockJUnit4ClassRunner.java:50)
	at org.junit.runners.ParentRunner$3.run(ParentRunner.java:238)
	at org.junit.runners.ParentRunner$1.schedule(ParentRunner.java:63)
	at org.junit.runners.ParentRunner.runChildren(ParentRunner.java:236)
	at org.junit.runners.ParentRunner.access$000(ParentRunner.java:53)
	at org.junit.runners.ParentRunner$2.evaluate(ParentRunner.java:229)
	at org.junit.internal.runners.statements.RunBefores.evaluate(RunBefores.java:26)
	at org.junit.runners.ParentRunner.run(ParentRunner.java:309)
	at org.apache.maven.surefire.junit4.JUnit4Provider.execute(JUnit4Provider.java:365)
	at org.apache.maven.surefire.junit4.JUnit4Provider.executeWithRerun(JUnit4Provider.java:273)
	at org.apache.maven.surefire.junit4.JUnit4Provider.executeTestSet(JUnit4Provider.java:238)
	at org.apache.maven.surefire.junit4.JUnit4Provider.invoke(JUnit4Provider.java:159)
	at org.apache.maven.surefire.booter.ForkedBooter.invokeProviderInSameClassLoader(ForkedBooter.java:384)
	at org.apache.maven.surefire.booter.ForkedBooter.runSuitesInProcess(ForkedBooter.java:345)
	at org.apache.maven.surefire.booter.ForkedBooter.execute(ForkedBooter.java:126)
	at org.apache.maven.surefire.booter.ForkedBooter.main(ForkedBooter.java:418)
Caused by: org.apache.hadoop.metrics2.MetricsException: Hadoop:service=BlockManager,name=BlockManagerImpl already exists!
	at org.apache.hadoop.metrics2.lib.DefaultMetricsSystem.newObjectName(DefaultMetricsSystem.java:131)
	... 42 more
2019-11-02 05:54:18,492 WARN  events.EventQueue (EventQueue.java:fireEvent(183)) - No event handler registered for event TypedEvent{payloadType=SafeModeStatus, name='SafeModeStatus'}
2019-11-02 05:54:18,493 INFO  ipc.CallQueueManager (CallQueueManager.java:<init>(84)) - Using callQueue: class java.util.concurrent.LinkedBlockingQueue, queueCapacity: 1000, scheduler: class org.apache.hadoop.ipc.DefaultRpcScheduler, ipcBackoff: false.
2019-11-02 05:54:18,494 INFO  ipc.Server (Server.java:run(1074)) - Starting Socket Reader #1 for port 36142
2019-11-02 05:54:18,496 INFO  ipc.CallQueueManager (CallQueueManager.java:<init>(84)) - Using callQueue: class java.util.concurrent.LinkedBlockingQueue, queueCapacity: 1000, scheduler: class org.apache.hadoop.ipc.DefaultRpcScheduler, ipcBackoff: false.
2019-11-02 05:54:18,497 INFO  ipc.Server (Server.java:run(1074)) - Starting Socket Reader #1 for port 41152
2019-11-02 05:54:18,500 INFO  ipc.CallQueueManager (CallQueueManager.java:<init>(84)) - Using callQueue: class java.util.concurrent.LinkedBlockingQueue, queueCapacity: 1000, scheduler: class org.apache.hadoop.ipc.DefaultRpcScheduler, ipcBackoff: false.
2019-11-02 05:54:18,501 INFO  ipc.Server (Server.java:run(1074)) - Starting Socket Reader #1 for port 34106
]]></system-out>
  </testcase>
  <testcase name="testgetNodesByAddressWithHostname" classname="org.apache.hadoop.hdds.scm.node.TestSCMNodeManager" time="0.319">
    <error type="java.lang.NullPointerException"><![CDATA[java.lang.NullPointerException
	at org.apache.hadoop.hdds.scm.server.StorageContainerManagerHttpServer.getSpnegoPrincipal(StorageContainerManagerHttpServer.java:74)
	at org.apache.hadoop.hdds.server.BaseHttpServer.<init>(BaseHttpServer.java:81)
	at org.apache.hadoop.hdds.scm.server.StorageContainerManagerHttpServer.<init>(StorageContainerManagerHttpServer.java:36)
	at org.apache.hadoop.hdds.scm.server.StorageContainerManager.<init>(StorageContainerManager.java:330)
	at org.apache.hadoop.hdds.scm.server.StorageContainerManager.<init>(StorageContainerManager.java:212)
	at org.apache.hadoop.hdds.scm.server.StorageContainerManager.createSCM(StorageContainerManager.java:598)
	at org.apache.hadoop.hdds.scm.HddsTestUtils.getScm(HddsTestUtils.java:91)
	at org.apache.hadoop.hdds.scm.node.TestSCMNodeManager.createNodeManager(TestSCMNodeManager.java:137)
	at org.apache.hadoop.hdds.scm.node.TestSCMNodeManager.testGetNodesByAddress(TestSCMNodeManager.java:1202)
	at org.apache.hadoop.hdds.scm.node.TestSCMNodeManager.testgetNodesByAddressWithHostname(TestSCMNodeManager.java:1083)
	at sun.reflect.NativeMethodAccessorImpl.invoke0(Native Method)
	at sun.reflect.NativeMethodAccessorImpl.invoke(NativeMethodAccessorImpl.java:62)
	at sun.reflect.DelegatingMethodAccessorImpl.invoke(DelegatingMethodAccessorImpl.java:43)
	at java.lang.reflect.Method.invoke(Method.java:498)
	at org.junit.runners.model.FrameworkMethod$1.runReflectiveCall(FrameworkMethod.java:47)
	at org.junit.internal.runners.model.ReflectiveCallable.run(ReflectiveCallable.java:12)
	at org.junit.runners.model.FrameworkMethod.invokeExplosively(FrameworkMethod.java:44)
	at org.junit.internal.runners.statements.InvokeMethod.evaluate(InvokeMethod.java:17)
	at org.junit.internal.runners.statements.RunBefores.evaluate(RunBefores.java:26)
	at org.junit.internal.runners.statements.RunAfters.evaluate(RunAfters.java:27)
	at org.junit.rules.ExpectedException$ExpectedExceptionStatement.evaluate(ExpectedException.java:168)
	at org.junit.rules.RunRules.evaluate(RunRules.java:20)
	at org.junit.runners.ParentRunner.runLeaf(ParentRunner.java:271)
	at org.junit.runners.BlockJUnit4ClassRunner.runChild(BlockJUnit4ClassRunner.java:70)
	at org.junit.runners.BlockJUnit4ClassRunner.runChild(BlockJUnit4ClassRunner.java:50)
	at org.junit.runners.ParentRunner$3.run(ParentRunner.java:238)
	at org.junit.runners.ParentRunner$1.schedule(ParentRunner.java:63)
	at org.junit.runners.ParentRunner.runChildren(ParentRunner.java:236)
	at org.junit.runners.ParentRunner.access$000(ParentRunner.java:53)
	at org.junit.runners.ParentRunner$2.evaluate(ParentRunner.java:229)
	at org.junit.internal.runners.statements.RunBefores.evaluate(RunBefores.java:26)
	at org.junit.runners.ParentRunner.run(ParentRunner.java:309)
	at org.apache.maven.surefire.junit4.JUnit4Provider.execute(JUnit4Provider.java:365)
	at org.apache.maven.surefire.junit4.JUnit4Provider.executeWithRerun(JUnit4Provider.java:273)
	at org.apache.maven.surefire.junit4.JUnit4Provider.executeTestSet(JUnit4Provider.java:238)
	at org.apache.maven.surefire.junit4.JUnit4Provider.invoke(JUnit4Provider.java:159)
	at org.apache.maven.surefire.booter.ForkedBooter.invokeProviderInSameClassLoader(ForkedBooter.java:384)
	at org.apache.maven.surefire.booter.ForkedBooter.runSuitesInProcess(ForkedBooter.java:345)
	at org.apache.maven.surefire.booter.ForkedBooter.execute(ForkedBooter.java:126)
	at org.apache.maven.surefire.booter.ForkedBooter.main(ForkedBooter.java:418)
]]></error>
    <system-out><![CDATA[2019-11-02 05:54:18,523 WARN  server.ServerUtils (ServerUtils.java:getScmDbDir(145)) - ozone.scm.db.dirs is not configured. We recommend adding this setting. Falling back to ozone.metadata.dirs instead.
2019-11-02 05:54:18,527 WARN  server.ServerUtils (ServerUtils.java:getScmDbDir(145)) - ozone.scm.db.dirs is not configured. We recommend adding this setting. Falling back to ozone.metadata.dirs instead.
2019-11-02 05:54:18,527 WARN  server.ServerUtils (ServerUtils.java:getScmDbDir(145)) - ozone.scm.db.dirs is not configured. We recommend adding this setting. Falling back to ozone.metadata.dirs instead.
2019-11-02 05:54:18,528 INFO  db.DBStoreBuilder (DBStoreBuilder.java:addTable(127)) - using custom profile for table: deletedBlocks
2019-11-02 05:54:18,528 INFO  db.DBStoreBuilder (DBStoreBuilder.java:processTables(183)) - Using default column profile:DBProfile.DISK for Table:deletedBlocks
2019-11-02 05:54:18,528 INFO  db.DBStoreBuilder (DBStoreBuilder.java:addTable(127)) - using custom profile for table: validCerts
2019-11-02 05:54:18,529 INFO  db.DBStoreBuilder (DBStoreBuilder.java:processTables(183)) - Using default column profile:DBProfile.DISK for Table:validCerts
2019-11-02 05:54:18,529 INFO  db.DBStoreBuilder (DBStoreBuilder.java:addTable(127)) - using custom profile for table: revokedCerts
2019-11-02 05:54:18,529 INFO  db.DBStoreBuilder (DBStoreBuilder.java:processTables(183)) - Using default column profile:DBProfile.DISK for Table:revokedCerts
2019-11-02 05:54:18,529 INFO  db.DBStoreBuilder (DBStoreBuilder.java:addTable(127)) - using custom profile for table: default
2019-11-02 05:54:18,529 INFO  db.DBStoreBuilder (DBStoreBuilder.java:processTables(189)) - Using default column profile:DBProfile.DISK for Table:default
2019-11-02 05:54:18,530 INFO  db.DBStoreBuilder (DBStoreBuilder.java:getDbProfile(220)) - Using default options. DBProfile.DISK
2019-11-02 05:54:18,676 INFO  net.NodeSchemaLoader (NodeSchemaLoader.java:loadSchemaFromFile(125)) - Loading file from sun.misc.CompoundEnumeration@38ba6ce3
2019-11-02 05:54:18,677 INFO  net.NodeSchemaLoader (NodeSchemaLoader.java:loadSchema(171)) - Loading network topology layer schema file
2019-11-02 05:54:18,679 INFO  node.SCMNodeManager (SCMNodeManager.java:<init>(116)) - Entering startup safe mode.
2019-11-02 05:54:18,679 WARN  util.MBeans (MBeans.java:getMBeanName(165)) - Error creating MBean object name: Hadoop:service=SCMNodeManager,name=SCMNodeManagerInfo
org.apache.hadoop.metrics2.MetricsException: org.apache.hadoop.metrics2.MetricsException: Hadoop:service=SCMNodeManager,name=SCMNodeManagerInfo already exists!
	at org.apache.hadoop.metrics2.lib.DefaultMetricsSystem.newObjectName(DefaultMetricsSystem.java:135)
	at org.apache.hadoop.metrics2.lib.DefaultMetricsSystem.newMBeanName(DefaultMetricsSystem.java:110)
	at org.apache.hadoop.metrics2.util.MBeans.getMBeanName(MBeans.java:163)
	at org.apache.hadoop.metrics2.util.MBeans.register(MBeans.java:95)
	at org.apache.hadoop.metrics2.util.MBeans.register(MBeans.java:72)
	at org.apache.hadoop.hdds.scm.node.SCMNodeManager.registerMXBean(SCMNodeManager.java:134)
	at org.apache.hadoop.hdds.scm.node.SCMNodeManager.<init>(SCMNodeManager.java:117)
	at org.apache.hadoop.hdds.scm.server.StorageContainerManager.initializeSystemManagers(StorageContainerManager.java:389)
	at org.apache.hadoop.hdds.scm.server.StorageContainerManager.<init>(StorageContainerManager.java:279)
	at org.apache.hadoop.hdds.scm.server.StorageContainerManager.<init>(StorageContainerManager.java:212)
	at org.apache.hadoop.hdds.scm.server.StorageContainerManager.createSCM(StorageContainerManager.java:598)
	at org.apache.hadoop.hdds.scm.HddsTestUtils.getScm(HddsTestUtils.java:91)
	at org.apache.hadoop.hdds.scm.node.TestSCMNodeManager.createNodeManager(TestSCMNodeManager.java:137)
	at org.apache.hadoop.hdds.scm.node.TestSCMNodeManager.testGetNodesByAddress(TestSCMNodeManager.java:1202)
	at org.apache.hadoop.hdds.scm.node.TestSCMNodeManager.testgetNodesByAddressWithHostname(TestSCMNodeManager.java:1083)
	at sun.reflect.NativeMethodAccessorImpl.invoke0(Native Method)
	at sun.reflect.NativeMethodAccessorImpl.invoke(NativeMethodAccessorImpl.java:62)
	at sun.reflect.DelegatingMethodAccessorImpl.invoke(DelegatingMethodAccessorImpl.java:43)
	at java.lang.reflect.Method.invoke(Method.java:498)
	at org.junit.runners.model.FrameworkMethod$1.runReflectiveCall(FrameworkMethod.java:47)
	at org.junit.internal.runners.model.ReflectiveCallable.run(ReflectiveCallable.java:12)
	at org.junit.runners.model.FrameworkMethod.invokeExplosively(FrameworkMethod.java:44)
	at org.junit.internal.runners.statements.InvokeMethod.evaluate(InvokeMethod.java:17)
	at org.junit.internal.runners.statements.RunBefores.evaluate(RunBefores.java:26)
	at org.junit.internal.runners.statements.RunAfters.evaluate(RunAfters.java:27)
	at org.junit.rules.ExpectedException$ExpectedExceptionStatement.evaluate(ExpectedException.java:168)
	at org.junit.rules.RunRules.evaluate(RunRules.java:20)
	at org.junit.runners.ParentRunner.runLeaf(ParentRunner.java:271)
	at org.junit.runners.BlockJUnit4ClassRunner.runChild(BlockJUnit4ClassRunner.java:70)
	at org.junit.runners.BlockJUnit4ClassRunner.runChild(BlockJUnit4ClassRunner.java:50)
	at org.junit.runners.ParentRunner$3.run(ParentRunner.java:238)
	at org.junit.runners.ParentRunner$1.schedule(ParentRunner.java:63)
	at org.junit.runners.ParentRunner.runChildren(ParentRunner.java:236)
	at org.junit.runners.ParentRunner.access$000(ParentRunner.java:53)
	at org.junit.runners.ParentRunner$2.evaluate(ParentRunner.java:229)
	at org.junit.internal.runners.statements.RunBefores.evaluate(RunBefores.java:26)
	at org.junit.runners.ParentRunner.run(ParentRunner.java:309)
	at org.apache.maven.surefire.junit4.JUnit4Provider.execute(JUnit4Provider.java:365)
	at org.apache.maven.surefire.junit4.JUnit4Provider.executeWithRerun(JUnit4Provider.java:273)
	at org.apache.maven.surefire.junit4.JUnit4Provider.executeTestSet(JUnit4Provider.java:238)
	at org.apache.maven.surefire.junit4.JUnit4Provider.invoke(JUnit4Provider.java:159)
	at org.apache.maven.surefire.booter.ForkedBooter.invokeProviderInSameClassLoader(ForkedBooter.java:384)
	at org.apache.maven.surefire.booter.ForkedBooter.runSuitesInProcess(ForkedBooter.java:345)
	at org.apache.maven.surefire.booter.ForkedBooter.execute(ForkedBooter.java:126)
	at org.apache.maven.surefire.booter.ForkedBooter.main(ForkedBooter.java:418)
Caused by: org.apache.hadoop.metrics2.MetricsException: Hadoop:service=SCMNodeManager,name=SCMNodeManagerInfo already exists!
	at org.apache.hadoop.metrics2.lib.DefaultMetricsSystem.newObjectName(DefaultMetricsSystem.java:131)
	... 44 more
2019-11-02 05:54:18,680 INFO  algorithms.ContainerPlacementPolicyFactory (ContainerPlacementPolicyFactory.java:getPolicy(57)) - Create container placement policy of type org.apache.hadoop.hdds.scm.container.placement.algorithms.SCMContainerPlacementRandom
2019-11-02 05:54:18,680 WARN  server.ServerUtils (ServerUtils.java:getScmDbDir(145)) - ozone.scm.db.dirs is not configured. We recommend adding this setting. Falling back to ozone.metadata.dirs instead.
2019-11-02 05:54:18,729 WARN  util.MBeans (MBeans.java:getMBeanName(165)) - Error creating MBean object name: Hadoop:service=SCMPipelineManager,name=SCMPipelineManagerInfo
org.apache.hadoop.metrics2.MetricsException: org.apache.hadoop.metrics2.MetricsException: Hadoop:service=SCMPipelineManager,name=SCMPipelineManagerInfo already exists!
	at org.apache.hadoop.metrics2.lib.DefaultMetricsSystem.newObjectName(DefaultMetricsSystem.java:135)
	at org.apache.hadoop.metrics2.lib.DefaultMetricsSystem.newMBeanName(DefaultMetricsSystem.java:110)
	at org.apache.hadoop.metrics2.util.MBeans.getMBeanName(MBeans.java:163)
	at org.apache.hadoop.metrics2.util.MBeans.register(MBeans.java:95)
	at org.apache.hadoop.metrics2.util.MBeans.register(MBeans.java:72)
	at org.apache.hadoop.hdds.scm.pipeline.SCMPipelineManager.<init>(SCMPipelineManager.java:114)
	at org.apache.hadoop.hdds.scm.server.StorageContainerManager.initializeSystemManagers(StorageContainerManager.java:402)
	at org.apache.hadoop.hdds.scm.server.StorageContainerManager.<init>(StorageContainerManager.java:279)
	at org.apache.hadoop.hdds.scm.server.StorageContainerManager.<init>(StorageContainerManager.java:212)
	at org.apache.hadoop.hdds.scm.server.StorageContainerManager.createSCM(StorageContainerManager.java:598)
	at org.apache.hadoop.hdds.scm.HddsTestUtils.getScm(HddsTestUtils.java:91)
	at org.apache.hadoop.hdds.scm.node.TestSCMNodeManager.createNodeManager(TestSCMNodeManager.java:137)
	at org.apache.hadoop.hdds.scm.node.TestSCMNodeManager.testGetNodesByAddress(TestSCMNodeManager.java:1202)
	at org.apache.hadoop.hdds.scm.node.TestSCMNodeManager.testgetNodesByAddressWithHostname(TestSCMNodeManager.java:1083)
	at sun.reflect.NativeMethodAccessorImpl.invoke0(Native Method)
	at sun.reflect.NativeMethodAccessorImpl.invoke(NativeMethodAccessorImpl.java:62)
	at sun.reflect.DelegatingMethodAccessorImpl.invoke(DelegatingMethodAccessorImpl.java:43)
	at java.lang.reflect.Method.invoke(Method.java:498)
	at org.junit.runners.model.FrameworkMethod$1.runReflectiveCall(FrameworkMethod.java:47)
	at org.junit.internal.runners.model.ReflectiveCallable.run(ReflectiveCallable.java:12)
	at org.junit.runners.model.FrameworkMethod.invokeExplosively(FrameworkMethod.java:44)
	at org.junit.internal.runners.statements.InvokeMethod.evaluate(InvokeMethod.java:17)
	at org.junit.internal.runners.statements.RunBefores.evaluate(RunBefores.java:26)
	at org.junit.internal.runners.statements.RunAfters.evaluate(RunAfters.java:27)
	at org.junit.rules.ExpectedException$ExpectedExceptionStatement.evaluate(ExpectedException.java:168)
	at org.junit.rules.RunRules.evaluate(RunRules.java:20)
	at org.junit.runners.ParentRunner.runLeaf(ParentRunner.java:271)
	at org.junit.runners.BlockJUnit4ClassRunner.runChild(BlockJUnit4ClassRunner.java:70)
	at org.junit.runners.BlockJUnit4ClassRunner.runChild(BlockJUnit4ClassRunner.java:50)
	at org.junit.runners.ParentRunner$3.run(ParentRunner.java:238)
	at org.junit.runners.ParentRunner$1.schedule(ParentRunner.java:63)
	at org.junit.runners.ParentRunner.runChildren(ParentRunner.java:236)
	at org.junit.runners.ParentRunner.access$000(ParentRunner.java:53)
	at org.junit.runners.ParentRunner$2.evaluate(ParentRunner.java:229)
	at org.junit.internal.runners.statements.RunBefores.evaluate(RunBefores.java:26)
	at org.junit.runners.ParentRunner.run(ParentRunner.java:309)
	at org.apache.maven.surefire.junit4.JUnit4Provider.execute(JUnit4Provider.java:365)
	at org.apache.maven.surefire.junit4.JUnit4Provider.executeWithRerun(JUnit4Provider.java:273)
	at org.apache.maven.surefire.junit4.JUnit4Provider.executeTestSet(JUnit4Provider.java:238)
	at org.apache.maven.surefire.junit4.JUnit4Provider.invoke(JUnit4Provider.java:159)
	at org.apache.maven.surefire.booter.ForkedBooter.invokeProviderInSameClassLoader(ForkedBooter.java:384)
	at org.apache.maven.surefire.booter.ForkedBooter.runSuitesInProcess(ForkedBooter.java:345)
	at org.apache.maven.surefire.booter.ForkedBooter.execute(ForkedBooter.java:126)
	at org.apache.maven.surefire.booter.ForkedBooter.main(ForkedBooter.java:418)
Caused by: org.apache.hadoop.metrics2.MetricsException: Hadoop:service=SCMPipelineManager,name=SCMPipelineManagerInfo already exists!
	at org.apache.hadoop.metrics2.lib.DefaultMetricsSystem.newObjectName(DefaultMetricsSystem.java:131)
	... 43 more
2019-11-02 05:54:18,730 INFO  pipeline.SCMPipelineManager (SCMPipelineManager.java:initializePipelineState(132)) - No pipeline exists in current db
2019-11-02 05:54:18,730 WARN  server.ServerUtils (ServerUtils.java:getScmDbDir(145)) - ozone.scm.db.dirs is not configured. We recommend adding this setting. Falling back to ozone.metadata.dirs instead.
2019-11-02 05:54:18,807 WARN  util.MBeans (MBeans.java:getMBeanName(165)) - Error creating MBean object name: Hadoop:service=BlockManager,name=BlockManagerImpl
org.apache.hadoop.metrics2.MetricsException: org.apache.hadoop.metrics2.MetricsException: Hadoop:service=BlockManager,name=BlockManagerImpl already exists!
	at org.apache.hadoop.metrics2.lib.DefaultMetricsSystem.newObjectName(DefaultMetricsSystem.java:135)
	at org.apache.hadoop.metrics2.lib.DefaultMetricsSystem.newMBeanName(DefaultMetricsSystem.java:110)
	at org.apache.hadoop.metrics2.util.MBeans.getMBeanName(MBeans.java:163)
	at org.apache.hadoop.metrics2.util.MBeans.register(MBeans.java:95)
	at org.apache.hadoop.metrics2.util.MBeans.register(MBeans.java:72)
	at org.apache.hadoop.hdds.scm.block.BlockManagerImpl.<init>(BlockManagerImpl.java:101)
	at org.apache.hadoop.hdds.scm.server.StorageContainerManager.initializeSystemManagers(StorageContainerManager.java:417)
	at org.apache.hadoop.hdds.scm.server.StorageContainerManager.<init>(StorageContainerManager.java:279)
	at org.apache.hadoop.hdds.scm.server.StorageContainerManager.<init>(StorageContainerManager.java:212)
	at org.apache.hadoop.hdds.scm.server.StorageContainerManager.createSCM(StorageContainerManager.java:598)
	at org.apache.hadoop.hdds.scm.HddsTestUtils.getScm(HddsTestUtils.java:91)
	at org.apache.hadoop.hdds.scm.node.TestSCMNodeManager.createNodeManager(TestSCMNodeManager.java:137)
	at org.apache.hadoop.hdds.scm.node.TestSCMNodeManager.testGetNodesByAddress(TestSCMNodeManager.java:1202)
	at org.apache.hadoop.hdds.scm.node.TestSCMNodeManager.testgetNodesByAddressWithHostname(TestSCMNodeManager.java:1083)
	at sun.reflect.NativeMethodAccessorImpl.invoke0(Native Method)
	at sun.reflect.NativeMethodAccessorImpl.invoke(NativeMethodAccessorImpl.java:62)
	at sun.reflect.DelegatingMethodAccessorImpl.invoke(DelegatingMethodAccessorImpl.java:43)
	at java.lang.reflect.Method.invoke(Method.java:498)
	at org.junit.runners.model.FrameworkMethod$1.runReflectiveCall(FrameworkMethod.java:47)
	at org.junit.internal.runners.model.ReflectiveCallable.run(ReflectiveCallable.java:12)
	at org.junit.runners.model.FrameworkMethod.invokeExplosively(FrameworkMethod.java:44)
	at org.junit.internal.runners.statements.InvokeMethod.evaluate(InvokeMethod.java:17)
	at org.junit.internal.runners.statements.RunBefores.evaluate(RunBefores.java:26)
	at org.junit.internal.runners.statements.RunAfters.evaluate(RunAfters.java:27)
	at org.junit.rules.ExpectedException$ExpectedExceptionStatement.evaluate(ExpectedException.java:168)
	at org.junit.rules.RunRules.evaluate(RunRules.java:20)
	at org.junit.runners.ParentRunner.runLeaf(ParentRunner.java:271)
	at org.junit.runners.BlockJUnit4ClassRunner.runChild(BlockJUnit4ClassRunner.java:70)
	at org.junit.runners.BlockJUnit4ClassRunner.runChild(BlockJUnit4ClassRunner.java:50)
	at org.junit.runners.ParentRunner$3.run(ParentRunner.java:238)
	at org.junit.runners.ParentRunner$1.schedule(ParentRunner.java:63)
	at org.junit.runners.ParentRunner.runChildren(ParentRunner.java:236)
	at org.junit.runners.ParentRunner.access$000(ParentRunner.java:53)
	at org.junit.runners.ParentRunner$2.evaluate(ParentRunner.java:229)
	at org.junit.internal.runners.statements.RunBefores.evaluate(RunBefores.java:26)
	at org.junit.runners.ParentRunner.run(ParentRunner.java:309)
	at org.apache.maven.surefire.junit4.JUnit4Provider.execute(JUnit4Provider.java:365)
	at org.apache.maven.surefire.junit4.JUnit4Provider.executeWithRerun(JUnit4Provider.java:273)
	at org.apache.maven.surefire.junit4.JUnit4Provider.executeTestSet(JUnit4Provider.java:238)
	at org.apache.maven.surefire.junit4.JUnit4Provider.invoke(JUnit4Provider.java:159)
	at org.apache.maven.surefire.booter.ForkedBooter.invokeProviderInSameClassLoader(ForkedBooter.java:384)
	at org.apache.maven.surefire.booter.ForkedBooter.runSuitesInProcess(ForkedBooter.java:345)
	at org.apache.maven.surefire.booter.ForkedBooter.execute(ForkedBooter.java:126)
	at org.apache.maven.surefire.booter.ForkedBooter.main(ForkedBooter.java:418)
Caused by: org.apache.hadoop.metrics2.MetricsException: Hadoop:service=BlockManager,name=BlockManagerImpl already exists!
	at org.apache.hadoop.metrics2.lib.DefaultMetricsSystem.newObjectName(DefaultMetricsSystem.java:131)
	... 43 more
2019-11-02 05:54:18,812 WARN  events.EventQueue (EventQueue.java:fireEvent(183)) - No event handler registered for event TypedEvent{payloadType=SafeModeStatus, name='SafeModeStatus'}
2019-11-02 05:54:18,813 INFO  ipc.CallQueueManager (CallQueueManager.java:<init>(84)) - Using callQueue: class java.util.concurrent.LinkedBlockingQueue, queueCapacity: 1000, scheduler: class org.apache.hadoop.ipc.DefaultRpcScheduler, ipcBackoff: false.
2019-11-02 05:54:18,814 INFO  ipc.Server (Server.java:run(1074)) - Starting Socket Reader #1 for port 44851
2019-11-02 05:54:18,816 INFO  ipc.CallQueueManager (CallQueueManager.java:<init>(84)) - Using callQueue: class java.util.concurrent.LinkedBlockingQueue, queueCapacity: 1000, scheduler: class org.apache.hadoop.ipc.DefaultRpcScheduler, ipcBackoff: false.
2019-11-02 05:54:18,817 INFO  ipc.Server (Server.java:run(1074)) - Starting Socket Reader #1 for port 39038
2019-11-02 05:54:18,819 INFO  ipc.CallQueueManager (CallQueueManager.java:<init>(84)) - Using callQueue: class java.util.concurrent.LinkedBlockingQueue, queueCapacity: 1000, scheduler: class org.apache.hadoop.ipc.DefaultRpcScheduler, ipcBackoff: false.
2019-11-02 05:54:18,820 INFO  ipc.Server (Server.java:run(1074)) - Starting Socket Reader #1 for port 42998
]]></system-out>
  </testcase>
  <testcase name="testgetNodesByAddressWithIpAddress" classname="org.apache.hadoop.hdds.scm.node.TestSCMNodeManager" time="0.32">
    <error type="java.lang.NullPointerException"><![CDATA[java.lang.NullPointerException
	at org.apache.hadoop.hdds.scm.server.StorageContainerManagerHttpServer.getSpnegoPrincipal(StorageContainerManagerHttpServer.java:74)
	at org.apache.hadoop.hdds.server.BaseHttpServer.<init>(BaseHttpServer.java:81)
	at org.apache.hadoop.hdds.scm.server.StorageContainerManagerHttpServer.<init>(StorageContainerManagerHttpServer.java:36)
	at org.apache.hadoop.hdds.scm.server.StorageContainerManager.<init>(StorageContainerManager.java:330)
	at org.apache.hadoop.hdds.scm.server.StorageContainerManager.<init>(StorageContainerManager.java:212)
	at org.apache.hadoop.hdds.scm.server.StorageContainerManager.createSCM(StorageContainerManager.java:598)
	at org.apache.hadoop.hdds.scm.HddsTestUtils.getScm(HddsTestUtils.java:91)
	at org.apache.hadoop.hdds.scm.node.TestSCMNodeManager.createNodeManager(TestSCMNodeManager.java:137)
	at org.apache.hadoop.hdds.scm.node.TestSCMNodeManager.testGetNodesByAddress(TestSCMNodeManager.java:1202)
	at org.apache.hadoop.hdds.scm.node.TestSCMNodeManager.testgetNodesByAddressWithIpAddress(TestSCMNodeManager.java:1074)
	at sun.reflect.NativeMethodAccessorImpl.invoke0(Native Method)
	at sun.reflect.NativeMethodAccessorImpl.invoke(NativeMethodAccessorImpl.java:62)
	at sun.reflect.DelegatingMethodAccessorImpl.invoke(DelegatingMethodAccessorImpl.java:43)
	at java.lang.reflect.Method.invoke(Method.java:498)
	at org.junit.runners.model.FrameworkMethod$1.runReflectiveCall(FrameworkMethod.java:47)
	at org.junit.internal.runners.model.ReflectiveCallable.run(ReflectiveCallable.java:12)
	at org.junit.runners.model.FrameworkMethod.invokeExplosively(FrameworkMethod.java:44)
	at org.junit.internal.runners.statements.InvokeMethod.evaluate(InvokeMethod.java:17)
	at org.junit.internal.runners.statements.RunBefores.evaluate(RunBefores.java:26)
	at org.junit.internal.runners.statements.RunAfters.evaluate(RunAfters.java:27)
	at org.junit.rules.ExpectedException$ExpectedExceptionStatement.evaluate(ExpectedException.java:168)
	at org.junit.rules.RunRules.evaluate(RunRules.java:20)
	at org.junit.runners.ParentRunner.runLeaf(ParentRunner.java:271)
	at org.junit.runners.BlockJUnit4ClassRunner.runChild(BlockJUnit4ClassRunner.java:70)
	at org.junit.runners.BlockJUnit4ClassRunner.runChild(BlockJUnit4ClassRunner.java:50)
	at org.junit.runners.ParentRunner$3.run(ParentRunner.java:238)
	at org.junit.runners.ParentRunner$1.schedule(ParentRunner.java:63)
	at org.junit.runners.ParentRunner.runChildren(ParentRunner.java:236)
	at org.junit.runners.ParentRunner.access$000(ParentRunner.java:53)
	at org.junit.runners.ParentRunner$2.evaluate(ParentRunner.java:229)
	at org.junit.internal.runners.statements.RunBefores.evaluate(RunBefores.java:26)
	at org.junit.runners.ParentRunner.run(ParentRunner.java:309)
	at org.apache.maven.surefire.junit4.JUnit4Provider.execute(JUnit4Provider.java:365)
	at org.apache.maven.surefire.junit4.JUnit4Provider.executeWithRerun(JUnit4Provider.java:273)
	at org.apache.maven.surefire.junit4.JUnit4Provider.executeTestSet(JUnit4Provider.java:238)
	at org.apache.maven.surefire.junit4.JUnit4Provider.invoke(JUnit4Provider.java:159)
	at org.apache.maven.surefire.booter.ForkedBooter.invokeProviderInSameClassLoader(ForkedBooter.java:384)
	at org.apache.maven.surefire.booter.ForkedBooter.runSuitesInProcess(ForkedBooter.java:345)
	at org.apache.maven.surefire.booter.ForkedBooter.execute(ForkedBooter.java:126)
	at org.apache.maven.surefire.booter.ForkedBooter.main(ForkedBooter.java:418)
]]></error>
    <system-out><![CDATA[2019-11-02 05:54:18,841 WARN  server.ServerUtils (ServerUtils.java:getScmDbDir(145)) - ozone.scm.db.dirs is not configured. We recommend adding this setting. Falling back to ozone.metadata.dirs instead.
2019-11-02 05:54:18,856 WARN  server.ServerUtils (ServerUtils.java:getScmDbDir(145)) - ozone.scm.db.dirs is not configured. We recommend adding this setting. Falling back to ozone.metadata.dirs instead.
2019-11-02 05:54:18,856 WARN  server.ServerUtils (ServerUtils.java:getScmDbDir(145)) - ozone.scm.db.dirs is not configured. We recommend adding this setting. Falling back to ozone.metadata.dirs instead.
2019-11-02 05:54:18,857 INFO  db.DBStoreBuilder (DBStoreBuilder.java:addTable(127)) - using custom profile for table: deletedBlocks
2019-11-02 05:54:18,857 INFO  db.DBStoreBuilder (DBStoreBuilder.java:processTables(183)) - Using default column profile:DBProfile.DISK for Table:deletedBlocks
2019-11-02 05:54:18,857 INFO  db.DBStoreBuilder (DBStoreBuilder.java:addTable(127)) - using custom profile for table: validCerts
2019-11-02 05:54:18,857 INFO  db.DBStoreBuilder (DBStoreBuilder.java:processTables(183)) - Using default column profile:DBProfile.DISK for Table:validCerts
2019-11-02 05:54:18,858 INFO  db.DBStoreBuilder (DBStoreBuilder.java:addTable(127)) - using custom profile for table: revokedCerts
2019-11-02 05:54:18,858 INFO  db.DBStoreBuilder (DBStoreBuilder.java:processTables(183)) - Using default column profile:DBProfile.DISK for Table:revokedCerts
2019-11-02 05:54:18,858 INFO  db.DBStoreBuilder (DBStoreBuilder.java:addTable(127)) - using custom profile for table: default
2019-11-02 05:54:18,858 INFO  db.DBStoreBuilder (DBStoreBuilder.java:processTables(189)) - Using default column profile:DBProfile.DISK for Table:default
2019-11-02 05:54:18,859 INFO  db.DBStoreBuilder (DBStoreBuilder.java:getDbProfile(220)) - Using default options. DBProfile.DISK
2019-11-02 05:54:19,016 INFO  net.NodeSchemaLoader (NodeSchemaLoader.java:loadSchemaFromFile(125)) - Loading file from sun.misc.CompoundEnumeration@71329995
2019-11-02 05:54:19,016 INFO  net.NodeSchemaLoader (NodeSchemaLoader.java:loadSchema(171)) - Loading network topology layer schema file
2019-11-02 05:54:19,019 INFO  node.SCMNodeManager (SCMNodeManager.java:<init>(116)) - Entering startup safe mode.
2019-11-02 05:54:19,020 WARN  util.MBeans (MBeans.java:getMBeanName(165)) - Error creating MBean object name: Hadoop:service=SCMNodeManager,name=SCMNodeManagerInfo
org.apache.hadoop.metrics2.MetricsException: org.apache.hadoop.metrics2.MetricsException: Hadoop:service=SCMNodeManager,name=SCMNodeManagerInfo already exists!
	at org.apache.hadoop.metrics2.lib.DefaultMetricsSystem.newObjectName(DefaultMetricsSystem.java:135)
	at org.apache.hadoop.metrics2.lib.DefaultMetricsSystem.newMBeanName(DefaultMetricsSystem.java:110)
	at org.apache.hadoop.metrics2.util.MBeans.getMBeanName(MBeans.java:163)
	at org.apache.hadoop.metrics2.util.MBeans.register(MBeans.java:95)
	at org.apache.hadoop.metrics2.util.MBeans.register(MBeans.java:72)
	at org.apache.hadoop.hdds.scm.node.SCMNodeManager.registerMXBean(SCMNodeManager.java:134)
	at org.apache.hadoop.hdds.scm.node.SCMNodeManager.<init>(SCMNodeManager.java:117)
	at org.apache.hadoop.hdds.scm.server.StorageContainerManager.initializeSystemManagers(StorageContainerManager.java:389)
	at org.apache.hadoop.hdds.scm.server.StorageContainerManager.<init>(StorageContainerManager.java:279)
	at org.apache.hadoop.hdds.scm.server.StorageContainerManager.<init>(StorageContainerManager.java:212)
	at org.apache.hadoop.hdds.scm.server.StorageContainerManager.createSCM(StorageContainerManager.java:598)
	at org.apache.hadoop.hdds.scm.HddsTestUtils.getScm(HddsTestUtils.java:91)
	at org.apache.hadoop.hdds.scm.node.TestSCMNodeManager.createNodeManager(TestSCMNodeManager.java:137)
	at org.apache.hadoop.hdds.scm.node.TestSCMNodeManager.testGetNodesByAddress(TestSCMNodeManager.java:1202)
	at org.apache.hadoop.hdds.scm.node.TestSCMNodeManager.testgetNodesByAddressWithIpAddress(TestSCMNodeManager.java:1074)
	at sun.reflect.NativeMethodAccessorImpl.invoke0(Native Method)
	at sun.reflect.NativeMethodAccessorImpl.invoke(NativeMethodAccessorImpl.java:62)
	at sun.reflect.DelegatingMethodAccessorImpl.invoke(DelegatingMethodAccessorImpl.java:43)
	at java.lang.reflect.Method.invoke(Method.java:498)
	at org.junit.runners.model.FrameworkMethod$1.runReflectiveCall(FrameworkMethod.java:47)
	at org.junit.internal.runners.model.ReflectiveCallable.run(ReflectiveCallable.java:12)
	at org.junit.runners.model.FrameworkMethod.invokeExplosively(FrameworkMethod.java:44)
	at org.junit.internal.runners.statements.InvokeMethod.evaluate(InvokeMethod.java:17)
	at org.junit.internal.runners.statements.RunBefores.evaluate(RunBefores.java:26)
	at org.junit.internal.runners.statements.RunAfters.evaluate(RunAfters.java:27)
	at org.junit.rules.ExpectedException$ExpectedExceptionStatement.evaluate(ExpectedException.java:168)
	at org.junit.rules.RunRules.evaluate(RunRules.java:20)
	at org.junit.runners.ParentRunner.runLeaf(ParentRunner.java:271)
	at org.junit.runners.BlockJUnit4ClassRunner.runChild(BlockJUnit4ClassRunner.java:70)
	at org.junit.runners.BlockJUnit4ClassRunner.runChild(BlockJUnit4ClassRunner.java:50)
	at org.junit.runners.ParentRunner$3.run(ParentRunner.java:238)
	at org.junit.runners.ParentRunner$1.schedule(ParentRunner.java:63)
	at org.junit.runners.ParentRunner.runChildren(ParentRunner.java:236)
	at org.junit.runners.ParentRunner.access$000(ParentRunner.java:53)
	at org.junit.runners.ParentRunner$2.evaluate(ParentRunner.java:229)
	at org.junit.internal.runners.statements.RunBefores.evaluate(RunBefores.java:26)
	at org.junit.runners.ParentRunner.run(ParentRunner.java:309)
	at org.apache.maven.surefire.junit4.JUnit4Provider.execute(JUnit4Provider.java:365)
	at org.apache.maven.surefire.junit4.JUnit4Provider.executeWithRerun(JUnit4Provider.java:273)
	at org.apache.maven.surefire.junit4.JUnit4Provider.executeTestSet(JUnit4Provider.java:238)
	at org.apache.maven.surefire.junit4.JUnit4Provider.invoke(JUnit4Provider.java:159)
	at org.apache.maven.surefire.booter.ForkedBooter.invokeProviderInSameClassLoader(ForkedBooter.java:384)
	at org.apache.maven.surefire.booter.ForkedBooter.runSuitesInProcess(ForkedBooter.java:345)
	at org.apache.maven.surefire.booter.ForkedBooter.execute(ForkedBooter.java:126)
	at org.apache.maven.surefire.booter.ForkedBooter.main(ForkedBooter.java:418)
Caused by: org.apache.hadoop.metrics2.MetricsException: Hadoop:service=SCMNodeManager,name=SCMNodeManagerInfo already exists!
	at org.apache.hadoop.metrics2.lib.DefaultMetricsSystem.newObjectName(DefaultMetricsSystem.java:131)
	... 44 more
2019-11-02 05:54:19,021 INFO  algorithms.ContainerPlacementPolicyFactory (ContainerPlacementPolicyFactory.java:getPolicy(57)) - Create container placement policy of type org.apache.hadoop.hdds.scm.container.placement.algorithms.SCMContainerPlacementRandom
2019-11-02 05:54:19,021 WARN  server.ServerUtils (ServerUtils.java:getScmDbDir(145)) - ozone.scm.db.dirs is not configured. We recommend adding this setting. Falling back to ozone.metadata.dirs instead.
2019-11-02 05:54:19,072 WARN  util.MBeans (MBeans.java:getMBeanName(165)) - Error creating MBean object name: Hadoop:service=SCMPipelineManager,name=SCMPipelineManagerInfo
org.apache.hadoop.metrics2.MetricsException: org.apache.hadoop.metrics2.MetricsException: Hadoop:service=SCMPipelineManager,name=SCMPipelineManagerInfo already exists!
	at org.apache.hadoop.metrics2.lib.DefaultMetricsSystem.newObjectName(DefaultMetricsSystem.java:135)
	at org.apache.hadoop.metrics2.lib.DefaultMetricsSystem.newMBeanName(DefaultMetricsSystem.java:110)
	at org.apache.hadoop.metrics2.util.MBeans.getMBeanName(MBeans.java:163)
	at org.apache.hadoop.metrics2.util.MBeans.register(MBeans.java:95)
	at org.apache.hadoop.metrics2.util.MBeans.register(MBeans.java:72)
	at org.apache.hadoop.hdds.scm.pipeline.SCMPipelineManager.<init>(SCMPipelineManager.java:114)
	at org.apache.hadoop.hdds.scm.server.StorageContainerManager.initializeSystemManagers(StorageContainerManager.java:402)
	at org.apache.hadoop.hdds.scm.server.StorageContainerManager.<init>(StorageContainerManager.java:279)
	at org.apache.hadoop.hdds.scm.server.StorageContainerManager.<init>(StorageContainerManager.java:212)
	at org.apache.hadoop.hdds.scm.server.StorageContainerManager.createSCM(StorageContainerManager.java:598)
	at org.apache.hadoop.hdds.scm.HddsTestUtils.getScm(HddsTestUtils.java:91)
	at org.apache.hadoop.hdds.scm.node.TestSCMNodeManager.createNodeManager(TestSCMNodeManager.java:137)
	at org.apache.hadoop.hdds.scm.node.TestSCMNodeManager.testGetNodesByAddress(TestSCMNodeManager.java:1202)
	at org.apache.hadoop.hdds.scm.node.TestSCMNodeManager.testgetNodesByAddressWithIpAddress(TestSCMNodeManager.java:1074)
	at sun.reflect.NativeMethodAccessorImpl.invoke0(Native Method)
	at sun.reflect.NativeMethodAccessorImpl.invoke(NativeMethodAccessorImpl.java:62)
	at sun.reflect.DelegatingMethodAccessorImpl.invoke(DelegatingMethodAccessorImpl.java:43)
	at java.lang.reflect.Method.invoke(Method.java:498)
	at org.junit.runners.model.FrameworkMethod$1.runReflectiveCall(FrameworkMethod.java:47)
	at org.junit.internal.runners.model.ReflectiveCallable.run(ReflectiveCallable.java:12)
	at org.junit.runners.model.FrameworkMethod.invokeExplosively(FrameworkMethod.java:44)
	at org.junit.internal.runners.statements.InvokeMethod.evaluate(InvokeMethod.java:17)
	at org.junit.internal.runners.statements.RunBefores.evaluate(RunBefores.java:26)
	at org.junit.internal.runners.statements.RunAfters.evaluate(RunAfters.java:27)
	at org.junit.rules.ExpectedException$ExpectedExceptionStatement.evaluate(ExpectedException.java:168)
	at org.junit.rules.RunRules.evaluate(RunRules.java:20)
	at org.junit.runners.ParentRunner.runLeaf(ParentRunner.java:271)
	at org.junit.runners.BlockJUnit4ClassRunner.runChild(BlockJUnit4ClassRunner.java:70)
	at org.junit.runners.BlockJUnit4ClassRunner.runChild(BlockJUnit4ClassRunner.java:50)
	at org.junit.runners.ParentRunner$3.run(ParentRunner.java:238)
	at org.junit.runners.ParentRunner$1.schedule(ParentRunner.java:63)
	at org.junit.runners.ParentRunner.runChildren(ParentRunner.java:236)
	at org.junit.runners.ParentRunner.access$000(ParentRunner.java:53)
	at org.junit.runners.ParentRunner$2.evaluate(ParentRunner.java:229)
	at org.junit.internal.runners.statements.RunBefores.evaluate(RunBefores.java:26)
	at org.junit.runners.ParentRunner.run(ParentRunner.java:309)
	at org.apache.maven.surefire.junit4.JUnit4Provider.execute(JUnit4Provider.java:365)
	at org.apache.maven.surefire.junit4.JUnit4Provider.executeWithRerun(JUnit4Provider.java:273)
	at org.apache.maven.surefire.junit4.JUnit4Provider.executeTestSet(JUnit4Provider.java:238)
	at org.apache.maven.surefire.junit4.JUnit4Provider.invoke(JUnit4Provider.java:159)
	at org.apache.maven.surefire.booter.ForkedBooter.invokeProviderInSameClassLoader(ForkedBooter.java:384)
	at org.apache.maven.surefire.booter.ForkedBooter.runSuitesInProcess(ForkedBooter.java:345)
	at org.apache.maven.surefire.booter.ForkedBooter.execute(ForkedBooter.java:126)
	at org.apache.maven.surefire.booter.ForkedBooter.main(ForkedBooter.java:418)
Caused by: org.apache.hadoop.metrics2.MetricsException: Hadoop:service=SCMPipelineManager,name=SCMPipelineManagerInfo already exists!
	at org.apache.hadoop.metrics2.lib.DefaultMetricsSystem.newObjectName(DefaultMetricsSystem.java:131)
	... 43 more
2019-11-02 05:54:19,074 INFO  pipeline.SCMPipelineManager (SCMPipelineManager.java:initializePipelineState(132)) - No pipeline exists in current db
2019-11-02 05:54:19,074 WARN  server.ServerUtils (ServerUtils.java:getScmDbDir(145)) - ozone.scm.db.dirs is not configured. We recommend adding this setting. Falling back to ozone.metadata.dirs instead.
2019-11-02 05:54:19,125 WARN  util.MBeans (MBeans.java:getMBeanName(165)) - Error creating MBean object name: Hadoop:service=BlockManager,name=BlockManagerImpl
org.apache.hadoop.metrics2.MetricsException: org.apache.hadoop.metrics2.MetricsException: Hadoop:service=BlockManager,name=BlockManagerImpl already exists!
	at org.apache.hadoop.metrics2.lib.DefaultMetricsSystem.newObjectName(DefaultMetricsSystem.java:135)
	at org.apache.hadoop.metrics2.lib.DefaultMetricsSystem.newMBeanName(DefaultMetricsSystem.java:110)
	at org.apache.hadoop.metrics2.util.MBeans.getMBeanName(MBeans.java:163)
	at org.apache.hadoop.metrics2.util.MBeans.register(MBeans.java:95)
	at org.apache.hadoop.metrics2.util.MBeans.register(MBeans.java:72)
	at org.apache.hadoop.hdds.scm.block.BlockManagerImpl.<init>(BlockManagerImpl.java:101)
	at org.apache.hadoop.hdds.scm.server.StorageContainerManager.initializeSystemManagers(StorageContainerManager.java:417)
	at org.apache.hadoop.hdds.scm.server.StorageContainerManager.<init>(StorageContainerManager.java:279)
	at org.apache.hadoop.hdds.scm.server.StorageContainerManager.<init>(StorageContainerManager.java:212)
	at org.apache.hadoop.hdds.scm.server.StorageContainerManager.createSCM(StorageContainerManager.java:598)
	at org.apache.hadoop.hdds.scm.HddsTestUtils.getScm(HddsTestUtils.java:91)
	at org.apache.hadoop.hdds.scm.node.TestSCMNodeManager.createNodeManager(TestSCMNodeManager.java:137)
	at org.apache.hadoop.hdds.scm.node.TestSCMNodeManager.testGetNodesByAddress(TestSCMNodeManager.java:1202)
	at org.apache.hadoop.hdds.scm.node.TestSCMNodeManager.testgetNodesByAddressWithIpAddress(TestSCMNodeManager.java:1074)
	at sun.reflect.NativeMethodAccessorImpl.invoke0(Native Method)
	at sun.reflect.NativeMethodAccessorImpl.invoke(NativeMethodAccessorImpl.java:62)
	at sun.reflect.DelegatingMethodAccessorImpl.invoke(DelegatingMethodAccessorImpl.java:43)
	at java.lang.reflect.Method.invoke(Method.java:498)
	at org.junit.runners.model.FrameworkMethod$1.runReflectiveCall(FrameworkMethod.java:47)
	at org.junit.internal.runners.model.ReflectiveCallable.run(ReflectiveCallable.java:12)
	at org.junit.runners.model.FrameworkMethod.invokeExplosively(FrameworkMethod.java:44)
	at org.junit.internal.runners.statements.InvokeMethod.evaluate(InvokeMethod.java:17)
	at org.junit.internal.runners.statements.RunBefores.evaluate(RunBefores.java:26)
	at org.junit.internal.runners.statements.RunAfters.evaluate(RunAfters.java:27)
	at org.junit.rules.ExpectedException$ExpectedExceptionStatement.evaluate(ExpectedException.java:168)
	at org.junit.rules.RunRules.evaluate(RunRules.java:20)
	at org.junit.runners.ParentRunner.runLeaf(ParentRunner.java:271)
	at org.junit.runners.BlockJUnit4ClassRunner.runChild(BlockJUnit4ClassRunner.java:70)
	at org.junit.runners.BlockJUnit4ClassRunner.runChild(BlockJUnit4ClassRunner.java:50)
	at org.junit.runners.ParentRunner$3.run(ParentRunner.java:238)
	at org.junit.runners.ParentRunner$1.schedule(ParentRunner.java:63)
	at org.junit.runners.ParentRunner.runChildren(ParentRunner.java:236)
	at org.junit.runners.ParentRunner.access$000(ParentRunner.java:53)
	at org.junit.runners.ParentRunner$2.evaluate(ParentRunner.java:229)
	at org.junit.internal.runners.statements.RunBefores.evaluate(RunBefores.java:26)
	at org.junit.runners.ParentRunner.run(ParentRunner.java:309)
	at org.apache.maven.surefire.junit4.JUnit4Provider.execute(JUnit4Provider.java:365)
	at org.apache.maven.surefire.junit4.JUnit4Provider.executeWithRerun(JUnit4Provider.java:273)
	at org.apache.maven.surefire.junit4.JUnit4Provider.executeTestSet(JUnit4Provider.java:238)
	at org.apache.maven.surefire.junit4.JUnit4Provider.invoke(JUnit4Provider.java:159)
	at org.apache.maven.surefire.booter.ForkedBooter.invokeProviderInSameClassLoader(ForkedBooter.java:384)
	at org.apache.maven.surefire.booter.ForkedBooter.runSuitesInProcess(ForkedBooter.java:345)
	at org.apache.maven.surefire.booter.ForkedBooter.execute(ForkedBooter.java:126)
	at org.apache.maven.surefire.booter.ForkedBooter.main(ForkedBooter.java:418)
Caused by: org.apache.hadoop.metrics2.MetricsException: Hadoop:service=BlockManager,name=BlockManagerImpl already exists!
	at org.apache.hadoop.metrics2.lib.DefaultMetricsSystem.newObjectName(DefaultMetricsSystem.java:131)
	... 43 more
2019-11-02 05:54:19,131 WARN  events.EventQueue (EventQueue.java:fireEvent(183)) - No event handler registered for event TypedEvent{payloadType=SafeModeStatus, name='SafeModeStatus'}
2019-11-02 05:54:19,132 INFO  ipc.CallQueueManager (CallQueueManager.java:<init>(84)) - Using callQueue: class java.util.concurrent.LinkedBlockingQueue, queueCapacity: 1000, scheduler: class org.apache.hadoop.ipc.DefaultRpcScheduler, ipcBackoff: false.
2019-11-02 05:54:19,133 INFO  ipc.Server (Server.java:run(1074)) - Starting Socket Reader #1 for port 40923
2019-11-02 05:54:19,136 INFO  ipc.CallQueueManager (CallQueueManager.java:<init>(84)) - Using callQueue: class java.util.concurrent.LinkedBlockingQueue, queueCapacity: 1000, scheduler: class org.apache.hadoop.ipc.DefaultRpcScheduler, ipcBackoff: false.
2019-11-02 05:54:19,137 INFO  ipc.Server (Server.java:run(1074)) - Starting Socket Reader #1 for port 43046
2019-11-02 05:54:19,138 INFO  ipc.CallQueueManager (CallQueueManager.java:<init>(84)) - Using callQueue: class java.util.concurrent.LinkedBlockingQueue, queueCapacity: 1000, scheduler: class org.apache.hadoop.ipc.DefaultRpcScheduler, ipcBackoff: false.
2019-11-02 05:54:19,139 INFO  ipc.Server (Server.java:run(1074)) - Starting Socket Reader #1 for port 44090
]]></system-out>
  </testcase>
  <testcase name="testScmHealthyNodeCount" classname="org.apache.hadoop.hdds.scm.node.TestSCMNodeManager" time="0.371">
    <error type="java.lang.NullPointerException"><![CDATA[java.lang.NullPointerException
	at org.apache.hadoop.hdds.scm.server.StorageContainerManagerHttpServer.getSpnegoPrincipal(StorageContainerManagerHttpServer.java:74)
	at org.apache.hadoop.hdds.server.BaseHttpServer.<init>(BaseHttpServer.java:81)
	at org.apache.hadoop.hdds.scm.server.StorageContainerManagerHttpServer.<init>(StorageContainerManagerHttpServer.java:36)
	at org.apache.hadoop.hdds.scm.server.StorageContainerManager.<init>(StorageContainerManager.java:330)
	at org.apache.hadoop.hdds.scm.server.StorageContainerManager.<init>(StorageContainerManager.java:212)
	at org.apache.hadoop.hdds.scm.server.StorageContainerManager.createSCM(StorageContainerManager.java:598)
	at org.apache.hadoop.hdds.scm.HddsTestUtils.getScm(HddsTestUtils.java:91)
	at org.apache.hadoop.hdds.scm.node.TestSCMNodeManager.createNodeManager(TestSCMNodeManager.java:137)
	at org.apache.hadoop.hdds.scm.node.TestSCMNodeManager.testScmHealthyNodeCount(TestSCMNodeManager.java:232)
	at sun.reflect.NativeMethodAccessorImpl.invoke0(Native Method)
	at sun.reflect.NativeMethodAccessorImpl.invoke(NativeMethodAccessorImpl.java:62)
	at sun.reflect.DelegatingMethodAccessorImpl.invoke(DelegatingMethodAccessorImpl.java:43)
	at java.lang.reflect.Method.invoke(Method.java:498)
	at org.junit.runners.model.FrameworkMethod$1.runReflectiveCall(FrameworkMethod.java:47)
	at org.junit.internal.runners.model.ReflectiveCallable.run(ReflectiveCallable.java:12)
	at org.junit.runners.model.FrameworkMethod.invokeExplosively(FrameworkMethod.java:44)
	at org.junit.internal.runners.statements.InvokeMethod.evaluate(InvokeMethod.java:17)
	at org.junit.internal.runners.statements.RunBefores.evaluate(RunBefores.java:26)
	at org.junit.internal.runners.statements.RunAfters.evaluate(RunAfters.java:27)
	at org.junit.rules.ExpectedException$ExpectedExceptionStatement.evaluate(ExpectedException.java:168)
	at org.junit.rules.RunRules.evaluate(RunRules.java:20)
	at org.junit.runners.ParentRunner.runLeaf(ParentRunner.java:271)
	at org.junit.runners.BlockJUnit4ClassRunner.runChild(BlockJUnit4ClassRunner.java:70)
	at org.junit.runners.BlockJUnit4ClassRunner.runChild(BlockJUnit4ClassRunner.java:50)
	at org.junit.runners.ParentRunner$3.run(ParentRunner.java:238)
	at org.junit.runners.ParentRunner$1.schedule(ParentRunner.java:63)
	at org.junit.runners.ParentRunner.runChildren(ParentRunner.java:236)
	at org.junit.runners.ParentRunner.access$000(ParentRunner.java:53)
	at org.junit.runners.ParentRunner$2.evaluate(ParentRunner.java:229)
	at org.junit.internal.runners.statements.RunBefores.evaluate(RunBefores.java:26)
	at org.junit.runners.ParentRunner.run(ParentRunner.java:309)
	at org.apache.maven.surefire.junit4.JUnit4Provider.execute(JUnit4Provider.java:365)
	at org.apache.maven.surefire.junit4.JUnit4Provider.executeWithRerun(JUnit4Provider.java:273)
	at org.apache.maven.surefire.junit4.JUnit4Provider.executeTestSet(JUnit4Provider.java:238)
	at org.apache.maven.surefire.junit4.JUnit4Provider.invoke(JUnit4Provider.java:159)
	at org.apache.maven.surefire.booter.ForkedBooter.invokeProviderInSameClassLoader(ForkedBooter.java:384)
	at org.apache.maven.surefire.booter.ForkedBooter.runSuitesInProcess(ForkedBooter.java:345)
	at org.apache.maven.surefire.booter.ForkedBooter.execute(ForkedBooter.java:126)
	at org.apache.maven.surefire.booter.ForkedBooter.main(ForkedBooter.java:418)
]]></error>
    <system-out><![CDATA[2019-11-02 05:54:19,164 WARN  server.ServerUtils (ServerUtils.java:getScmDbDir(145)) - ozone.scm.db.dirs is not configured. We recommend adding this setting. Falling back to ozone.metadata.dirs instead.
2019-11-02 05:54:19,178 WARN  server.ServerUtils (ServerUtils.java:getScmDbDir(145)) - ozone.scm.db.dirs is not configured. We recommend adding this setting. Falling back to ozone.metadata.dirs instead.
2019-11-02 05:54:19,178 WARN  server.ServerUtils (ServerUtils.java:getScmDbDir(145)) - ozone.scm.db.dirs is not configured. We recommend adding this setting. Falling back to ozone.metadata.dirs instead.
2019-11-02 05:54:19,180 INFO  db.DBStoreBuilder (DBStoreBuilder.java:addTable(127)) - using custom profile for table: deletedBlocks
2019-11-02 05:54:19,180 INFO  db.DBStoreBuilder (DBStoreBuilder.java:processTables(183)) - Using default column profile:DBProfile.DISK for Table:deletedBlocks
2019-11-02 05:54:19,181 INFO  db.DBStoreBuilder (DBStoreBuilder.java:addTable(127)) - using custom profile for table: validCerts
2019-11-02 05:54:19,181 INFO  db.DBStoreBuilder (DBStoreBuilder.java:processTables(183)) - Using default column profile:DBProfile.DISK for Table:validCerts
2019-11-02 05:54:19,181 INFO  db.DBStoreBuilder (DBStoreBuilder.java:addTable(127)) - using custom profile for table: revokedCerts
2019-11-02 05:54:19,181 INFO  db.DBStoreBuilder (DBStoreBuilder.java:processTables(183)) - Using default column profile:DBProfile.DISK for Table:revokedCerts
2019-11-02 05:54:19,182 INFO  db.DBStoreBuilder (DBStoreBuilder.java:addTable(127)) - using custom profile for table: default
2019-11-02 05:54:19,182 INFO  db.DBStoreBuilder (DBStoreBuilder.java:processTables(189)) - Using default column profile:DBProfile.DISK for Table:default
2019-11-02 05:54:19,182 INFO  db.DBStoreBuilder (DBStoreBuilder.java:getDbProfile(220)) - Using default options. DBProfile.DISK
2019-11-02 05:54:19,381 INFO  net.NodeSchemaLoader (NodeSchemaLoader.java:loadSchemaFromFile(125)) - Loading file from sun.misc.CompoundEnumeration@4241e0f4
2019-11-02 05:54:19,381 INFO  net.NodeSchemaLoader (NodeSchemaLoader.java:loadSchema(171)) - Loading network topology layer schema file
2019-11-02 05:54:19,385 WARN  server.ServerUtils (ServerUtils.java:sanitizeUserArgs(70)) - ozone.scm.stale.node.interval value = 300000 is larger than max = 100000 based on the key value of ozone.scm.heartbeat.thread.interval, reset to the max value 100000.
2019-11-02 05:54:19,385 WARN  server.ServerUtils (ServerUtils.java:sanitizeUserArgs(70)) - ozone.scm.stale.node.interval value = 300000 is larger than max = 100000 based on the key value of ozone.scm.heartbeat.thread.interval, reset to the max value 100000.
2019-11-02 05:54:19,386 INFO  node.SCMNodeManager (SCMNodeManager.java:<init>(116)) - Entering startup safe mode.
2019-11-02 05:54:19,386 WARN  util.MBeans (MBeans.java:getMBeanName(165)) - Error creating MBean object name: Hadoop:service=SCMNodeManager,name=SCMNodeManagerInfo
org.apache.hadoop.metrics2.MetricsException: org.apache.hadoop.metrics2.MetricsException: Hadoop:service=SCMNodeManager,name=SCMNodeManagerInfo already exists!
	at org.apache.hadoop.metrics2.lib.DefaultMetricsSystem.newObjectName(DefaultMetricsSystem.java:135)
	at org.apache.hadoop.metrics2.lib.DefaultMetricsSystem.newMBeanName(DefaultMetricsSystem.java:110)
	at org.apache.hadoop.metrics2.util.MBeans.getMBeanName(MBeans.java:163)
	at org.apache.hadoop.metrics2.util.MBeans.register(MBeans.java:95)
	at org.apache.hadoop.metrics2.util.MBeans.register(MBeans.java:72)
	at org.apache.hadoop.hdds.scm.node.SCMNodeManager.registerMXBean(SCMNodeManager.java:134)
	at org.apache.hadoop.hdds.scm.node.SCMNodeManager.<init>(SCMNodeManager.java:117)
	at org.apache.hadoop.hdds.scm.server.StorageContainerManager.initializeSystemManagers(StorageContainerManager.java:389)
	at org.apache.hadoop.hdds.scm.server.StorageContainerManager.<init>(StorageContainerManager.java:279)
	at org.apache.hadoop.hdds.scm.server.StorageContainerManager.<init>(StorageContainerManager.java:212)
	at org.apache.hadoop.hdds.scm.server.StorageContainerManager.createSCM(StorageContainerManager.java:598)
	at org.apache.hadoop.hdds.scm.HddsTestUtils.getScm(HddsTestUtils.java:91)
	at org.apache.hadoop.hdds.scm.node.TestSCMNodeManager.createNodeManager(TestSCMNodeManager.java:137)
	at org.apache.hadoop.hdds.scm.node.TestSCMNodeManager.testScmHealthyNodeCount(TestSCMNodeManager.java:232)
	at sun.reflect.NativeMethodAccessorImpl.invoke0(Native Method)
	at sun.reflect.NativeMethodAccessorImpl.invoke(NativeMethodAccessorImpl.java:62)
	at sun.reflect.DelegatingMethodAccessorImpl.invoke(DelegatingMethodAccessorImpl.java:43)
	at java.lang.reflect.Method.invoke(Method.java:498)
	at org.junit.runners.model.FrameworkMethod$1.runReflectiveCall(FrameworkMethod.java:47)
	at org.junit.internal.runners.model.ReflectiveCallable.run(ReflectiveCallable.java:12)
	at org.junit.runners.model.FrameworkMethod.invokeExplosively(FrameworkMethod.java:44)
	at org.junit.internal.runners.statements.InvokeMethod.evaluate(InvokeMethod.java:17)
	at org.junit.internal.runners.statements.RunBefores.evaluate(RunBefores.java:26)
	at org.junit.internal.runners.statements.RunAfters.evaluate(RunAfters.java:27)
	at org.junit.rules.ExpectedException$ExpectedExceptionStatement.evaluate(ExpectedException.java:168)
	at org.junit.rules.RunRules.evaluate(RunRules.java:20)
	at org.junit.runners.ParentRunner.runLeaf(ParentRunner.java:271)
	at org.junit.runners.BlockJUnit4ClassRunner.runChild(BlockJUnit4ClassRunner.java:70)
	at org.junit.runners.BlockJUnit4ClassRunner.runChild(BlockJUnit4ClassRunner.java:50)
	at org.junit.runners.ParentRunner$3.run(ParentRunner.java:238)
	at org.junit.runners.ParentRunner$1.schedule(ParentRunner.java:63)
	at org.junit.runners.ParentRunner.runChildren(ParentRunner.java:236)
	at org.junit.runners.ParentRunner.access$000(ParentRunner.java:53)
	at org.junit.runners.ParentRunner$2.evaluate(ParentRunner.java:229)
	at org.junit.internal.runners.statements.RunBefores.evaluate(RunBefores.java:26)
	at org.junit.runners.ParentRunner.run(ParentRunner.java:309)
	at org.apache.maven.surefire.junit4.JUnit4Provider.execute(JUnit4Provider.java:365)
	at org.apache.maven.surefire.junit4.JUnit4Provider.executeWithRerun(JUnit4Provider.java:273)
	at org.apache.maven.surefire.junit4.JUnit4Provider.executeTestSet(JUnit4Provider.java:238)
	at org.apache.maven.surefire.junit4.JUnit4Provider.invoke(JUnit4Provider.java:159)
	at org.apache.maven.surefire.booter.ForkedBooter.invokeProviderInSameClassLoader(ForkedBooter.java:384)
	at org.apache.maven.surefire.booter.ForkedBooter.runSuitesInProcess(ForkedBooter.java:345)
	at org.apache.maven.surefire.booter.ForkedBooter.execute(ForkedBooter.java:126)
	at org.apache.maven.surefire.booter.ForkedBooter.main(ForkedBooter.java:418)
Caused by: org.apache.hadoop.metrics2.MetricsException: Hadoop:service=SCMNodeManager,name=SCMNodeManagerInfo already exists!
	at org.apache.hadoop.metrics2.lib.DefaultMetricsSystem.newObjectName(DefaultMetricsSystem.java:131)
	... 43 more
2019-11-02 05:54:19,387 INFO  algorithms.ContainerPlacementPolicyFactory (ContainerPlacementPolicyFactory.java:getPolicy(57)) - Create container placement policy of type org.apache.hadoop.hdds.scm.container.placement.algorithms.SCMContainerPlacementRandom
2019-11-02 05:54:19,388 WARN  server.ServerUtils (ServerUtils.java:getScmDbDir(145)) - ozone.scm.db.dirs is not configured. We recommend adding this setting. Falling back to ozone.metadata.dirs instead.
2019-11-02 05:54:19,454 WARN  util.MBeans (MBeans.java:getMBeanName(165)) - Error creating MBean object name: Hadoop:service=SCMPipelineManager,name=SCMPipelineManagerInfo
org.apache.hadoop.metrics2.MetricsException: org.apache.hadoop.metrics2.MetricsException: Hadoop:service=SCMPipelineManager,name=SCMPipelineManagerInfo already exists!
	at org.apache.hadoop.metrics2.lib.DefaultMetricsSystem.newObjectName(DefaultMetricsSystem.java:135)
	at org.apache.hadoop.metrics2.lib.DefaultMetricsSystem.newMBeanName(DefaultMetricsSystem.java:110)
	at org.apache.hadoop.metrics2.util.MBeans.getMBeanName(MBeans.java:163)
	at org.apache.hadoop.metrics2.util.MBeans.register(MBeans.java:95)
	at org.apache.hadoop.metrics2.util.MBeans.register(MBeans.java:72)
	at org.apache.hadoop.hdds.scm.pipeline.SCMPipelineManager.<init>(SCMPipelineManager.java:114)
	at org.apache.hadoop.hdds.scm.server.StorageContainerManager.initializeSystemManagers(StorageContainerManager.java:402)
	at org.apache.hadoop.hdds.scm.server.StorageContainerManager.<init>(StorageContainerManager.java:279)
	at org.apache.hadoop.hdds.scm.server.StorageContainerManager.<init>(StorageContainerManager.java:212)
	at org.apache.hadoop.hdds.scm.server.StorageContainerManager.createSCM(StorageContainerManager.java:598)
	at org.apache.hadoop.hdds.scm.HddsTestUtils.getScm(HddsTestUtils.java:91)
	at org.apache.hadoop.hdds.scm.node.TestSCMNodeManager.createNodeManager(TestSCMNodeManager.java:137)
	at org.apache.hadoop.hdds.scm.node.TestSCMNodeManager.testScmHealthyNodeCount(TestSCMNodeManager.java:232)
	at sun.reflect.NativeMethodAccessorImpl.invoke0(Native Method)
	at sun.reflect.NativeMethodAccessorImpl.invoke(NativeMethodAccessorImpl.java:62)
	at sun.reflect.DelegatingMethodAccessorImpl.invoke(DelegatingMethodAccessorImpl.java:43)
	at java.lang.reflect.Method.invoke(Method.java:498)
	at org.junit.runners.model.FrameworkMethod$1.runReflectiveCall(FrameworkMethod.java:47)
	at org.junit.internal.runners.model.ReflectiveCallable.run(ReflectiveCallable.java:12)
	at org.junit.runners.model.FrameworkMethod.invokeExplosively(FrameworkMethod.java:44)
	at org.junit.internal.runners.statements.InvokeMethod.evaluate(InvokeMethod.java:17)
	at org.junit.internal.runners.statements.RunBefores.evaluate(RunBefores.java:26)
	at org.junit.internal.runners.statements.RunAfters.evaluate(RunAfters.java:27)
	at org.junit.rules.ExpectedException$ExpectedExceptionStatement.evaluate(ExpectedException.java:168)
	at org.junit.rules.RunRules.evaluate(RunRules.java:20)
	at org.junit.runners.ParentRunner.runLeaf(ParentRunner.java:271)
	at org.junit.runners.BlockJUnit4ClassRunner.runChild(BlockJUnit4ClassRunner.java:70)
	at org.junit.runners.BlockJUnit4ClassRunner.runChild(BlockJUnit4ClassRunner.java:50)
	at org.junit.runners.ParentRunner$3.run(ParentRunner.java:238)
	at org.junit.runners.ParentRunner$1.schedule(ParentRunner.java:63)
	at org.junit.runners.ParentRunner.runChildren(ParentRunner.java:236)
	at org.junit.runners.ParentRunner.access$000(ParentRunner.java:53)
	at org.junit.runners.ParentRunner$2.evaluate(ParentRunner.java:229)
	at org.junit.internal.runners.statements.RunBefores.evaluate(RunBefores.java:26)
	at org.junit.runners.ParentRunner.run(ParentRunner.java:309)
	at org.apache.maven.surefire.junit4.JUnit4Provider.execute(JUnit4Provider.java:365)
	at org.apache.maven.surefire.junit4.JUnit4Provider.executeWithRerun(JUnit4Provider.java:273)
	at org.apache.maven.surefire.junit4.JUnit4Provider.executeTestSet(JUnit4Provider.java:238)
	at org.apache.maven.surefire.junit4.JUnit4Provider.invoke(JUnit4Provider.java:159)
	at org.apache.maven.surefire.booter.ForkedBooter.invokeProviderInSameClassLoader(ForkedBooter.java:384)
	at org.apache.maven.surefire.booter.ForkedBooter.runSuitesInProcess(ForkedBooter.java:345)
	at org.apache.maven.surefire.booter.ForkedBooter.execute(ForkedBooter.java:126)
	at org.apache.maven.surefire.booter.ForkedBooter.main(ForkedBooter.java:418)
Caused by: org.apache.hadoop.metrics2.MetricsException: Hadoop:service=SCMPipelineManager,name=SCMPipelineManagerInfo already exists!
	at org.apache.hadoop.metrics2.lib.DefaultMetricsSystem.newObjectName(DefaultMetricsSystem.java:131)
	... 42 more
2019-11-02 05:54:19,455 INFO  pipeline.SCMPipelineManager (SCMPipelineManager.java:initializePipelineState(132)) - No pipeline exists in current db
2019-11-02 05:54:19,455 WARN  server.ServerUtils (ServerUtils.java:getScmDbDir(145)) - ozone.scm.db.dirs is not configured. We recommend adding this setting. Falling back to ozone.metadata.dirs instead.
2019-11-02 05:54:19,503 WARN  util.MBeans (MBeans.java:getMBeanName(165)) - Error creating MBean object name: Hadoop:service=BlockManager,name=BlockManagerImpl
org.apache.hadoop.metrics2.MetricsException: org.apache.hadoop.metrics2.MetricsException: Hadoop:service=BlockManager,name=BlockManagerImpl already exists!
	at org.apache.hadoop.metrics2.lib.DefaultMetricsSystem.newObjectName(DefaultMetricsSystem.java:135)
	at org.apache.hadoop.metrics2.lib.DefaultMetricsSystem.newMBeanName(DefaultMetricsSystem.java:110)
	at org.apache.hadoop.metrics2.util.MBeans.getMBeanName(MBeans.java:163)
	at org.apache.hadoop.metrics2.util.MBeans.register(MBeans.java:95)
	at org.apache.hadoop.metrics2.util.MBeans.register(MBeans.java:72)
	at org.apache.hadoop.hdds.scm.block.BlockManagerImpl.<init>(BlockManagerImpl.java:101)
	at org.apache.hadoop.hdds.scm.server.StorageContainerManager.initializeSystemManagers(StorageContainerManager.java:417)
	at org.apache.hadoop.hdds.scm.server.StorageContainerManager.<init>(StorageContainerManager.java:279)
	at org.apache.hadoop.hdds.scm.server.StorageContainerManager.<init>(StorageContainerManager.java:212)
	at org.apache.hadoop.hdds.scm.server.StorageContainerManager.createSCM(StorageContainerManager.java:598)
	at org.apache.hadoop.hdds.scm.HddsTestUtils.getScm(HddsTestUtils.java:91)
	at org.apache.hadoop.hdds.scm.node.TestSCMNodeManager.createNodeManager(TestSCMNodeManager.java:137)
	at org.apache.hadoop.hdds.scm.node.TestSCMNodeManager.testScmHealthyNodeCount(TestSCMNodeManager.java:232)
	at sun.reflect.NativeMethodAccessorImpl.invoke0(Native Method)
	at sun.reflect.NativeMethodAccessorImpl.invoke(NativeMethodAccessorImpl.java:62)
	at sun.reflect.DelegatingMethodAccessorImpl.invoke(DelegatingMethodAccessorImpl.java:43)
	at java.lang.reflect.Method.invoke(Method.java:498)
	at org.junit.runners.model.FrameworkMethod$1.runReflectiveCall(FrameworkMethod.java:47)
	at org.junit.internal.runners.model.ReflectiveCallable.run(ReflectiveCallable.java:12)
	at org.junit.runners.model.FrameworkMethod.invokeExplosively(FrameworkMethod.java:44)
	at org.junit.internal.runners.statements.InvokeMethod.evaluate(InvokeMethod.java:17)
	at org.junit.internal.runners.statements.RunBefores.evaluate(RunBefores.java:26)
	at org.junit.internal.runners.statements.RunAfters.evaluate(RunAfters.java:27)
	at org.junit.rules.ExpectedException$ExpectedExceptionStatement.evaluate(ExpectedException.java:168)
	at org.junit.rules.RunRules.evaluate(RunRules.java:20)
	at org.junit.runners.ParentRunner.runLeaf(ParentRunner.java:271)
	at org.junit.runners.BlockJUnit4ClassRunner.runChild(BlockJUnit4ClassRunner.java:70)
	at org.junit.runners.BlockJUnit4ClassRunner.runChild(BlockJUnit4ClassRunner.java:50)
	at org.junit.runners.ParentRunner$3.run(ParentRunner.java:238)
	at org.junit.runners.ParentRunner$1.schedule(ParentRunner.java:63)
	at org.junit.runners.ParentRunner.runChildren(ParentRunner.java:236)
	at org.junit.runners.ParentRunner.access$000(ParentRunner.java:53)
	at org.junit.runners.ParentRunner$2.evaluate(ParentRunner.java:229)
	at org.junit.internal.runners.statements.RunBefores.evaluate(RunBefores.java:26)
	at org.junit.runners.ParentRunner.run(ParentRunner.java:309)
	at org.apache.maven.surefire.junit4.JUnit4Provider.execute(JUnit4Provider.java:365)
	at org.apache.maven.surefire.junit4.JUnit4Provider.executeWithRerun(JUnit4Provider.java:273)
	at org.apache.maven.surefire.junit4.JUnit4Provider.executeTestSet(JUnit4Provider.java:238)
	at org.apache.maven.surefire.junit4.JUnit4Provider.invoke(JUnit4Provider.java:159)
	at org.apache.maven.surefire.booter.ForkedBooter.invokeProviderInSameClassLoader(ForkedBooter.java:384)
	at org.apache.maven.surefire.booter.ForkedBooter.runSuitesInProcess(ForkedBooter.java:345)
	at org.apache.maven.surefire.booter.ForkedBooter.execute(ForkedBooter.java:126)
	at org.apache.maven.surefire.booter.ForkedBooter.main(ForkedBooter.java:418)
Caused by: org.apache.hadoop.metrics2.MetricsException: Hadoop:service=BlockManager,name=BlockManagerImpl already exists!
	at org.apache.hadoop.metrics2.lib.DefaultMetricsSystem.newObjectName(DefaultMetricsSystem.java:131)
	... 42 more
2019-11-02 05:54:19,508 WARN  events.EventQueue (EventQueue.java:fireEvent(183)) - No event handler registered for event TypedEvent{payloadType=SafeModeStatus, name='SafeModeStatus'}
2019-11-02 05:54:19,509 INFO  ipc.CallQueueManager (CallQueueManager.java:<init>(84)) - Using callQueue: class java.util.concurrent.LinkedBlockingQueue, queueCapacity: 1000, scheduler: class org.apache.hadoop.ipc.DefaultRpcScheduler, ipcBackoff: false.
2019-11-02 05:54:19,509 INFO  ipc.Server (Server.java:run(1074)) - Starting Socket Reader #1 for port 40518
2019-11-02 05:54:19,511 INFO  ipc.CallQueueManager (CallQueueManager.java:<init>(84)) - Using callQueue: class java.util.concurrent.LinkedBlockingQueue, queueCapacity: 1000, scheduler: class org.apache.hadoop.ipc.DefaultRpcScheduler, ipcBackoff: false.
2019-11-02 05:54:19,511 INFO  ipc.Server (Server.java:run(1074)) - Starting Socket Reader #1 for port 41933
2019-11-02 05:54:19,512 INFO  ipc.CallQueueManager (CallQueueManager.java:<init>(84)) - Using callQueue: class java.util.concurrent.LinkedBlockingQueue, queueCapacity: 1000, scheduler: class org.apache.hadoop.ipc.DefaultRpcScheduler, ipcBackoff: false.
2019-11-02 05:54:19,513 INFO  ipc.Server (Server.java:run(1074)) - Starting Socket Reader #1 for port 42245
]]></system-out>
  </testcase>
  <testcase name="testScmRegisterNodeWithIpAddress" classname="org.apache.hadoop.hdds.scm.node.TestSCMNodeManager" time="0.3">
    <error type="java.lang.NullPointerException"><![CDATA[java.lang.NullPointerException
	at org.apache.hadoop.hdds.scm.server.StorageContainerManagerHttpServer.getSpnegoPrincipal(StorageContainerManagerHttpServer.java:74)
	at org.apache.hadoop.hdds.server.BaseHttpServer.<init>(BaseHttpServer.java:81)
	at org.apache.hadoop.hdds.scm.server.StorageContainerManagerHttpServer.<init>(StorageContainerManagerHttpServer.java:36)
	at org.apache.hadoop.hdds.scm.server.StorageContainerManager.<init>(StorageContainerManager.java:330)
	at org.apache.hadoop.hdds.scm.server.StorageContainerManager.<init>(StorageContainerManager.java:212)
	at org.apache.hadoop.hdds.scm.server.StorageContainerManager.createSCM(StorageContainerManager.java:598)
	at org.apache.hadoop.hdds.scm.HddsTestUtils.getScm(HddsTestUtils.java:91)
	at org.apache.hadoop.hdds.scm.node.TestSCMNodeManager.createNodeManager(TestSCMNodeManager.java:137)
	at org.apache.hadoop.hdds.scm.node.TestSCMNodeManager.testScmRegisterNodeWithNetworkTopology(TestSCMNodeManager.java:1152)
	at org.apache.hadoop.hdds.scm.node.TestSCMNodeManager.testScmRegisterNodeWithIpAddress(TestSCMNodeManager.java:1054)
	at sun.reflect.NativeMethodAccessorImpl.invoke0(Native Method)
	at sun.reflect.NativeMethodAccessorImpl.invoke(NativeMethodAccessorImpl.java:62)
	at sun.reflect.DelegatingMethodAccessorImpl.invoke(DelegatingMethodAccessorImpl.java:43)
	at java.lang.reflect.Method.invoke(Method.java:498)
	at org.junit.runners.model.FrameworkMethod$1.runReflectiveCall(FrameworkMethod.java:47)
	at org.junit.internal.runners.model.ReflectiveCallable.run(ReflectiveCallable.java:12)
	at org.junit.runners.model.FrameworkMethod.invokeExplosively(FrameworkMethod.java:44)
	at org.junit.internal.runners.statements.InvokeMethod.evaluate(InvokeMethod.java:17)
	at org.junit.internal.runners.statements.RunBefores.evaluate(RunBefores.java:26)
	at org.junit.internal.runners.statements.RunAfters.evaluate(RunAfters.java:27)
	at org.junit.rules.ExpectedException$ExpectedExceptionStatement.evaluate(ExpectedException.java:168)
	at org.junit.rules.RunRules.evaluate(RunRules.java:20)
	at org.junit.runners.ParentRunner.runLeaf(ParentRunner.java:271)
	at org.junit.runners.BlockJUnit4ClassRunner.runChild(BlockJUnit4ClassRunner.java:70)
	at org.junit.runners.BlockJUnit4ClassRunner.runChild(BlockJUnit4ClassRunner.java:50)
	at org.junit.runners.ParentRunner$3.run(ParentRunner.java:238)
	at org.junit.runners.ParentRunner$1.schedule(ParentRunner.java:63)
	at org.junit.runners.ParentRunner.runChildren(ParentRunner.java:236)
	at org.junit.runners.ParentRunner.access$000(ParentRunner.java:53)
	at org.junit.runners.ParentRunner$2.evaluate(ParentRunner.java:229)
	at org.junit.internal.runners.statements.RunBefores.evaluate(RunBefores.java:26)
	at org.junit.runners.ParentRunner.run(ParentRunner.java:309)
	at org.apache.maven.surefire.junit4.JUnit4Provider.execute(JUnit4Provider.java:365)
	at org.apache.maven.surefire.junit4.JUnit4Provider.executeWithRerun(JUnit4Provider.java:273)
	at org.apache.maven.surefire.junit4.JUnit4Provider.executeTestSet(JUnit4Provider.java:238)
	at org.apache.maven.surefire.junit4.JUnit4Provider.invoke(JUnit4Provider.java:159)
	at org.apache.maven.surefire.booter.ForkedBooter.invokeProviderInSameClassLoader(ForkedBooter.java:384)
	at org.apache.maven.surefire.booter.ForkedBooter.runSuitesInProcess(ForkedBooter.java:345)
	at org.apache.maven.surefire.booter.ForkedBooter.execute(ForkedBooter.java:126)
	at org.apache.maven.surefire.booter.ForkedBooter.main(ForkedBooter.java:418)
]]></error>
    <system-out><![CDATA[2019-11-02 05:54:19,530 WARN  server.ServerUtils (ServerUtils.java:getScmDbDir(145)) - ozone.scm.db.dirs is not configured. We recommend adding this setting. Falling back to ozone.metadata.dirs instead.
2019-11-02 05:54:19,544 WARN  server.ServerUtils (ServerUtils.java:getScmDbDir(145)) - ozone.scm.db.dirs is not configured. We recommend adding this setting. Falling back to ozone.metadata.dirs instead.
2019-11-02 05:54:19,545 WARN  server.ServerUtils (ServerUtils.java:getScmDbDir(145)) - ozone.scm.db.dirs is not configured. We recommend adding this setting. Falling back to ozone.metadata.dirs instead.
2019-11-02 05:54:19,545 INFO  db.DBStoreBuilder (DBStoreBuilder.java:addTable(127)) - using custom profile for table: deletedBlocks
2019-11-02 05:54:19,546 INFO  db.DBStoreBuilder (DBStoreBuilder.java:processTables(183)) - Using default column profile:DBProfile.DISK for Table:deletedBlocks
2019-11-02 05:54:19,546 INFO  db.DBStoreBuilder (DBStoreBuilder.java:addTable(127)) - using custom profile for table: validCerts
2019-11-02 05:54:19,546 INFO  db.DBStoreBuilder (DBStoreBuilder.java:processTables(183)) - Using default column profile:DBProfile.DISK for Table:validCerts
2019-11-02 05:54:19,546 INFO  db.DBStoreBuilder (DBStoreBuilder.java:addTable(127)) - using custom profile for table: revokedCerts
2019-11-02 05:54:19,546 INFO  db.DBStoreBuilder (DBStoreBuilder.java:processTables(183)) - Using default column profile:DBProfile.DISK for Table:revokedCerts
2019-11-02 05:54:19,546 INFO  db.DBStoreBuilder (DBStoreBuilder.java:addTable(127)) - using custom profile for table: default
2019-11-02 05:54:19,547 INFO  db.DBStoreBuilder (DBStoreBuilder.java:processTables(189)) - Using default column profile:DBProfile.DISK for Table:default
2019-11-02 05:54:19,547 INFO  db.DBStoreBuilder (DBStoreBuilder.java:getDbProfile(220)) - Using default options. DBProfile.DISK
2019-11-02 05:54:19,692 INFO  net.NodeSchemaLoader (NodeSchemaLoader.java:loadSchemaFromFile(125)) - Loading file from sun.misc.CompoundEnumeration@17d88132
2019-11-02 05:54:19,692 INFO  net.NodeSchemaLoader (NodeSchemaLoader.java:loadSchema(171)) - Loading network topology layer schema file
2019-11-02 05:54:19,697 INFO  node.SCMNodeManager (SCMNodeManager.java:<init>(116)) - Entering startup safe mode.
2019-11-02 05:54:19,697 WARN  util.MBeans (MBeans.java:getMBeanName(165)) - Error creating MBean object name: Hadoop:service=SCMNodeManager,name=SCMNodeManagerInfo
org.apache.hadoop.metrics2.MetricsException: org.apache.hadoop.metrics2.MetricsException: Hadoop:service=SCMNodeManager,name=SCMNodeManagerInfo already exists!
	at org.apache.hadoop.metrics2.lib.DefaultMetricsSystem.newObjectName(DefaultMetricsSystem.java:135)
	at org.apache.hadoop.metrics2.lib.DefaultMetricsSystem.newMBeanName(DefaultMetricsSystem.java:110)
	at org.apache.hadoop.metrics2.util.MBeans.getMBeanName(MBeans.java:163)
	at org.apache.hadoop.metrics2.util.MBeans.register(MBeans.java:95)
	at org.apache.hadoop.metrics2.util.MBeans.register(MBeans.java:72)
	at org.apache.hadoop.hdds.scm.node.SCMNodeManager.registerMXBean(SCMNodeManager.java:134)
	at org.apache.hadoop.hdds.scm.node.SCMNodeManager.<init>(SCMNodeManager.java:117)
	at org.apache.hadoop.hdds.scm.server.StorageContainerManager.initializeSystemManagers(StorageContainerManager.java:389)
	at org.apache.hadoop.hdds.scm.server.StorageContainerManager.<init>(StorageContainerManager.java:279)
	at org.apache.hadoop.hdds.scm.server.StorageContainerManager.<init>(StorageContainerManager.java:212)
	at org.apache.hadoop.hdds.scm.server.StorageContainerManager.createSCM(StorageContainerManager.java:598)
	at org.apache.hadoop.hdds.scm.HddsTestUtils.getScm(HddsTestUtils.java:91)
	at org.apache.hadoop.hdds.scm.node.TestSCMNodeManager.createNodeManager(TestSCMNodeManager.java:137)
	at org.apache.hadoop.hdds.scm.node.TestSCMNodeManager.testScmRegisterNodeWithNetworkTopology(TestSCMNodeManager.java:1152)
	at org.apache.hadoop.hdds.scm.node.TestSCMNodeManager.testScmRegisterNodeWithIpAddress(TestSCMNodeManager.java:1054)
	at sun.reflect.NativeMethodAccessorImpl.invoke0(Native Method)
	at sun.reflect.NativeMethodAccessorImpl.invoke(NativeMethodAccessorImpl.java:62)
	at sun.reflect.DelegatingMethodAccessorImpl.invoke(DelegatingMethodAccessorImpl.java:43)
	at java.lang.reflect.Method.invoke(Method.java:498)
	at org.junit.runners.model.FrameworkMethod$1.runReflectiveCall(FrameworkMethod.java:47)
	at org.junit.internal.runners.model.ReflectiveCallable.run(ReflectiveCallable.java:12)
	at org.junit.runners.model.FrameworkMethod.invokeExplosively(FrameworkMethod.java:44)
	at org.junit.internal.runners.statements.InvokeMethod.evaluate(InvokeMethod.java:17)
	at org.junit.internal.runners.statements.RunBefores.evaluate(RunBefores.java:26)
	at org.junit.internal.runners.statements.RunAfters.evaluate(RunAfters.java:27)
	at org.junit.rules.ExpectedException$ExpectedExceptionStatement.evaluate(ExpectedException.java:168)
	at org.junit.rules.RunRules.evaluate(RunRules.java:20)
	at org.junit.runners.ParentRunner.runLeaf(ParentRunner.java:271)
	at org.junit.runners.BlockJUnit4ClassRunner.runChild(BlockJUnit4ClassRunner.java:70)
	at org.junit.runners.BlockJUnit4ClassRunner.runChild(BlockJUnit4ClassRunner.java:50)
	at org.junit.runners.ParentRunner$3.run(ParentRunner.java:238)
	at org.junit.runners.ParentRunner$1.schedule(ParentRunner.java:63)
	at org.junit.runners.ParentRunner.runChildren(ParentRunner.java:236)
	at org.junit.runners.ParentRunner.access$000(ParentRunner.java:53)
	at org.junit.runners.ParentRunner$2.evaluate(ParentRunner.java:229)
	at org.junit.internal.runners.statements.RunBefores.evaluate(RunBefores.java:26)
	at org.junit.runners.ParentRunner.run(ParentRunner.java:309)
	at org.apache.maven.surefire.junit4.JUnit4Provider.execute(JUnit4Provider.java:365)
	at org.apache.maven.surefire.junit4.JUnit4Provider.executeWithRerun(JUnit4Provider.java:273)
	at org.apache.maven.surefire.junit4.JUnit4Provider.executeTestSet(JUnit4Provider.java:238)
	at org.apache.maven.surefire.junit4.JUnit4Provider.invoke(JUnit4Provider.java:159)
	at org.apache.maven.surefire.booter.ForkedBooter.invokeProviderInSameClassLoader(ForkedBooter.java:384)
	at org.apache.maven.surefire.booter.ForkedBooter.runSuitesInProcess(ForkedBooter.java:345)
	at org.apache.maven.surefire.booter.ForkedBooter.execute(ForkedBooter.java:126)
	at org.apache.maven.surefire.booter.ForkedBooter.main(ForkedBooter.java:418)
Caused by: org.apache.hadoop.metrics2.MetricsException: Hadoop:service=SCMNodeManager,name=SCMNodeManagerInfo already exists!
	at org.apache.hadoop.metrics2.lib.DefaultMetricsSystem.newObjectName(DefaultMetricsSystem.java:131)
	... 44 more
2019-11-02 05:54:19,699 INFO  algorithms.ContainerPlacementPolicyFactory (ContainerPlacementPolicyFactory.java:getPolicy(57)) - Create container placement policy of type org.apache.hadoop.hdds.scm.container.placement.algorithms.SCMContainerPlacementRandom
2019-11-02 05:54:19,699 WARN  server.ServerUtils (ServerUtils.java:getScmDbDir(145)) - ozone.scm.db.dirs is not configured. We recommend adding this setting. Falling back to ozone.metadata.dirs instead.
2019-11-02 05:54:19,752 WARN  util.MBeans (MBeans.java:getMBeanName(165)) - Error creating MBean object name: Hadoop:service=SCMPipelineManager,name=SCMPipelineManagerInfo
org.apache.hadoop.metrics2.MetricsException: org.apache.hadoop.metrics2.MetricsException: Hadoop:service=SCMPipelineManager,name=SCMPipelineManagerInfo already exists!
	at org.apache.hadoop.metrics2.lib.DefaultMetricsSystem.newObjectName(DefaultMetricsSystem.java:135)
	at org.apache.hadoop.metrics2.lib.DefaultMetricsSystem.newMBeanName(DefaultMetricsSystem.java:110)
	at org.apache.hadoop.metrics2.util.MBeans.getMBeanName(MBeans.java:163)
	at org.apache.hadoop.metrics2.util.MBeans.register(MBeans.java:95)
	at org.apache.hadoop.metrics2.util.MBeans.register(MBeans.java:72)
	at org.apache.hadoop.hdds.scm.pipeline.SCMPipelineManager.<init>(SCMPipelineManager.java:114)
	at org.apache.hadoop.hdds.scm.server.StorageContainerManager.initializeSystemManagers(StorageContainerManager.java:402)
	at org.apache.hadoop.hdds.scm.server.StorageContainerManager.<init>(StorageContainerManager.java:279)
	at org.apache.hadoop.hdds.scm.server.StorageContainerManager.<init>(StorageContainerManager.java:212)
	at org.apache.hadoop.hdds.scm.server.StorageContainerManager.createSCM(StorageContainerManager.java:598)
	at org.apache.hadoop.hdds.scm.HddsTestUtils.getScm(HddsTestUtils.java:91)
	at org.apache.hadoop.hdds.scm.node.TestSCMNodeManager.createNodeManager(TestSCMNodeManager.java:137)
	at org.apache.hadoop.hdds.scm.node.TestSCMNodeManager.testScmRegisterNodeWithNetworkTopology(TestSCMNodeManager.java:1152)
	at org.apache.hadoop.hdds.scm.node.TestSCMNodeManager.testScmRegisterNodeWithIpAddress(TestSCMNodeManager.java:1054)
	at sun.reflect.NativeMethodAccessorImpl.invoke0(Native Method)
	at sun.reflect.NativeMethodAccessorImpl.invoke(NativeMethodAccessorImpl.java:62)
	at sun.reflect.DelegatingMethodAccessorImpl.invoke(DelegatingMethodAccessorImpl.java:43)
	at java.lang.reflect.Method.invoke(Method.java:498)
	at org.junit.runners.model.FrameworkMethod$1.runReflectiveCall(FrameworkMethod.java:47)
	at org.junit.internal.runners.model.ReflectiveCallable.run(ReflectiveCallable.java:12)
	at org.junit.runners.model.FrameworkMethod.invokeExplosively(FrameworkMethod.java:44)
	at org.junit.internal.runners.statements.InvokeMethod.evaluate(InvokeMethod.java:17)
	at org.junit.internal.runners.statements.RunBefores.evaluate(RunBefores.java:26)
	at org.junit.internal.runners.statements.RunAfters.evaluate(RunAfters.java:27)
	at org.junit.rules.ExpectedException$ExpectedExceptionStatement.evaluate(ExpectedException.java:168)
	at org.junit.rules.RunRules.evaluate(RunRules.java:20)
	at org.junit.runners.ParentRunner.runLeaf(ParentRunner.java:271)
	at org.junit.runners.BlockJUnit4ClassRunner.runChild(BlockJUnit4ClassRunner.java:70)
	at org.junit.runners.BlockJUnit4ClassRunner.runChild(BlockJUnit4ClassRunner.java:50)
	at org.junit.runners.ParentRunner$3.run(ParentRunner.java:238)
	at org.junit.runners.ParentRunner$1.schedule(ParentRunner.java:63)
	at org.junit.runners.ParentRunner.runChildren(ParentRunner.java:236)
	at org.junit.runners.ParentRunner.access$000(ParentRunner.java:53)
	at org.junit.runners.ParentRunner$2.evaluate(ParentRunner.java:229)
	at org.junit.internal.runners.statements.RunBefores.evaluate(RunBefores.java:26)
	at org.junit.runners.ParentRunner.run(ParentRunner.java:309)
	at org.apache.maven.surefire.junit4.JUnit4Provider.execute(JUnit4Provider.java:365)
	at org.apache.maven.surefire.junit4.JUnit4Provider.executeWithRerun(JUnit4Provider.java:273)
	at org.apache.maven.surefire.junit4.JUnit4Provider.executeTestSet(JUnit4Provider.java:238)
	at org.apache.maven.surefire.junit4.JUnit4Provider.invoke(JUnit4Provider.java:159)
	at org.apache.maven.surefire.booter.ForkedBooter.invokeProviderInSameClassLoader(ForkedBooter.java:384)
	at org.apache.maven.surefire.booter.ForkedBooter.runSuitesInProcess(ForkedBooter.java:345)
	at org.apache.maven.surefire.booter.ForkedBooter.execute(ForkedBooter.java:126)
	at org.apache.maven.surefire.booter.ForkedBooter.main(ForkedBooter.java:418)
Caused by: org.apache.hadoop.metrics2.MetricsException: Hadoop:service=SCMPipelineManager,name=SCMPipelineManagerInfo already exists!
	at org.apache.hadoop.metrics2.lib.DefaultMetricsSystem.newObjectName(DefaultMetricsSystem.java:131)
	... 43 more
2019-11-02 05:54:19,753 INFO  pipeline.SCMPipelineManager (SCMPipelineManager.java:initializePipelineState(132)) - No pipeline exists in current db
2019-11-02 05:54:19,753 WARN  server.ServerUtils (ServerUtils.java:getScmDbDir(145)) - ozone.scm.db.dirs is not configured. We recommend adding this setting. Falling back to ozone.metadata.dirs instead.
2019-11-02 05:54:19,801 WARN  util.MBeans (MBeans.java:getMBeanName(165)) - Error creating MBean object name: Hadoop:service=BlockManager,name=BlockManagerImpl
org.apache.hadoop.metrics2.MetricsException: org.apache.hadoop.metrics2.MetricsException: Hadoop:service=BlockManager,name=BlockManagerImpl already exists!
	at org.apache.hadoop.metrics2.lib.DefaultMetricsSystem.newObjectName(DefaultMetricsSystem.java:135)
	at org.apache.hadoop.metrics2.lib.DefaultMetricsSystem.newMBeanName(DefaultMetricsSystem.java:110)
	at org.apache.hadoop.metrics2.util.MBeans.getMBeanName(MBeans.java:163)
	at org.apache.hadoop.metrics2.util.MBeans.register(MBeans.java:95)
	at org.apache.hadoop.metrics2.util.MBeans.register(MBeans.java:72)
	at org.apache.hadoop.hdds.scm.block.BlockManagerImpl.<init>(BlockManagerImpl.java:101)
	at org.apache.hadoop.hdds.scm.server.StorageContainerManager.initializeSystemManagers(StorageContainerManager.java:417)
	at org.apache.hadoop.hdds.scm.server.StorageContainerManager.<init>(StorageContainerManager.java:279)
	at org.apache.hadoop.hdds.scm.server.StorageContainerManager.<init>(StorageContainerManager.java:212)
	at org.apache.hadoop.hdds.scm.server.StorageContainerManager.createSCM(StorageContainerManager.java:598)
	at org.apache.hadoop.hdds.scm.HddsTestUtils.getScm(HddsTestUtils.java:91)
	at org.apache.hadoop.hdds.scm.node.TestSCMNodeManager.createNodeManager(TestSCMNodeManager.java:137)
	at org.apache.hadoop.hdds.scm.node.TestSCMNodeManager.testScmRegisterNodeWithNetworkTopology(TestSCMNodeManager.java:1152)
	at org.apache.hadoop.hdds.scm.node.TestSCMNodeManager.testScmRegisterNodeWithIpAddress(TestSCMNodeManager.java:1054)
	at sun.reflect.NativeMethodAccessorImpl.invoke0(Native Method)
	at sun.reflect.NativeMethodAccessorImpl.invoke(NativeMethodAccessorImpl.java:62)
	at sun.reflect.DelegatingMethodAccessorImpl.invoke(DelegatingMethodAccessorImpl.java:43)
	at java.lang.reflect.Method.invoke(Method.java:498)
	at org.junit.runners.model.FrameworkMethod$1.runReflectiveCall(FrameworkMethod.java:47)
	at org.junit.internal.runners.model.ReflectiveCallable.run(ReflectiveCallable.java:12)
	at org.junit.runners.model.FrameworkMethod.invokeExplosively(FrameworkMethod.java:44)
	at org.junit.internal.runners.statements.InvokeMethod.evaluate(InvokeMethod.java:17)
	at org.junit.internal.runners.statements.RunBefores.evaluate(RunBefores.java:26)
	at org.junit.internal.runners.statements.RunAfters.evaluate(RunAfters.java:27)
	at org.junit.rules.ExpectedException$ExpectedExceptionStatement.evaluate(ExpectedException.java:168)
	at org.junit.rules.RunRules.evaluate(RunRules.java:20)
	at org.junit.runners.ParentRunner.runLeaf(ParentRunner.java:271)
	at org.junit.runners.BlockJUnit4ClassRunner.runChild(BlockJUnit4ClassRunner.java:70)
	at org.junit.runners.BlockJUnit4ClassRunner.runChild(BlockJUnit4ClassRunner.java:50)
	at org.junit.runners.ParentRunner$3.run(ParentRunner.java:238)
	at org.junit.runners.ParentRunner$1.schedule(ParentRunner.java:63)
	at org.junit.runners.ParentRunner.runChildren(ParentRunner.java:236)
	at org.junit.runners.ParentRunner.access$000(ParentRunner.java:53)
	at org.junit.runners.ParentRunner$2.evaluate(ParentRunner.java:229)
	at org.junit.internal.runners.statements.RunBefores.evaluate(RunBefores.java:26)
	at org.junit.runners.ParentRunner.run(ParentRunner.java:309)
	at org.apache.maven.surefire.junit4.JUnit4Provider.execute(JUnit4Provider.java:365)
	at org.apache.maven.surefire.junit4.JUnit4Provider.executeWithRerun(JUnit4Provider.java:273)
	at org.apache.maven.surefire.junit4.JUnit4Provider.executeTestSet(JUnit4Provider.java:238)
	at org.apache.maven.surefire.junit4.JUnit4Provider.invoke(JUnit4Provider.java:159)
	at org.apache.maven.surefire.booter.ForkedBooter.invokeProviderInSameClassLoader(ForkedBooter.java:384)
	at org.apache.maven.surefire.booter.ForkedBooter.runSuitesInProcess(ForkedBooter.java:345)
	at org.apache.maven.surefire.booter.ForkedBooter.execute(ForkedBooter.java:126)
	at org.apache.maven.surefire.booter.ForkedBooter.main(ForkedBooter.java:418)
Caused by: org.apache.hadoop.metrics2.MetricsException: Hadoop:service=BlockManager,name=BlockManagerImpl already exists!
	at org.apache.hadoop.metrics2.lib.DefaultMetricsSystem.newObjectName(DefaultMetricsSystem.java:131)
	... 43 more
2019-11-02 05:54:19,806 WARN  events.EventQueue (EventQueue.java:fireEvent(183)) - No event handler registered for event TypedEvent{payloadType=SafeModeStatus, name='SafeModeStatus'}
2019-11-02 05:54:19,807 INFO  ipc.CallQueueManager (CallQueueManager.java:<init>(84)) - Using callQueue: class java.util.concurrent.LinkedBlockingQueue, queueCapacity: 1000, scheduler: class org.apache.hadoop.ipc.DefaultRpcScheduler, ipcBackoff: false.
2019-11-02 05:54:19,808 INFO  ipc.Server (Server.java:run(1074)) - Starting Socket Reader #1 for port 43537
2019-11-02 05:54:19,810 INFO  ipc.CallQueueManager (CallQueueManager.java:<init>(84)) - Using callQueue: class java.util.concurrent.LinkedBlockingQueue, queueCapacity: 1000, scheduler: class org.apache.hadoop.ipc.DefaultRpcScheduler, ipcBackoff: false.
2019-11-02 05:54:19,811 INFO  ipc.Server (Server.java:run(1074)) - Starting Socket Reader #1 for port 35643
2019-11-02 05:54:19,812 INFO  ipc.CallQueueManager (CallQueueManager.java:<init>(84)) - Using callQueue: class java.util.concurrent.LinkedBlockingQueue, queueCapacity: 1000, scheduler: class org.apache.hadoop.ipc.DefaultRpcScheduler, ipcBackoff: false.
2019-11-02 05:54:19,813 INFO  ipc.Server (Server.java:run(1074)) - Starting Socket Reader #1 for port 33213
]]></system-out>
  </testcase>
</testsuite>