<?xml version="1.0" encoding="UTF-8"?>
<testsuite xmlns:xsi="http://www.w3.org/2001/XMLSchema-instance" xsi:noNamespaceSchemaLocation="https://maven.apache.org/surefire/maven-surefire-plugin/xsd/surefire-test-report.xsd" name="org.apache.hadoop.ozone.freon.TestFreonWithPipelineDestroy" time="53.149" tests="1" errors="1" skipped="0" failures="0">
  <properties>
    <property name="awt.toolkit" value="sun.awt.X11.XToolkit"/>
    <property name="file.encoding.pkg" value="sun.io"/>
    <property name="java.specification.version" value="1.8"/>
    <property name="sun.cpu.isalist" value=""/>
    <property name="sun.jnu.encoding" value="ANSI_X3.4-1968"/>
    <property name="java.class.path" value="/workdir/hadoop-ozone/tools/target/test-classes:/workdir/hadoop-ozone/tools/target/classes:/home/user/.m2/repository/org/apache/hadoop/hadoop-ozone-ozone-manager/0.5.0-SNAPSHOT/hadoop-ozone-ozone-manager-0.5.0-SNAPSHOT.jar:/home/user/.m2/repository/org/apache/hadoop/hadoop-hdds-docs/0.5.0-SNAPSHOT/hadoop-hdds-docs-0.5.0-SNAPSHOT.jar:/home/user/.m2/repository/org/bouncycastle/bcprov-jdk15on/1.60/bcprov-jdk15on-1.60.jar:/home/user/.m2/repository/org/apache/hadoop/hadoop-ozone-common/0.5.0-SNAPSHOT/hadoop-ozone-common-0.5.0-SNAPSHOT.jar:/home/user/.m2/repository/org/apache/commons/commons-compress/1.4.1/commons-compress-1.4.1.jar:/home/user/.m2/repository/org/tukaani/xz/1.0/xz-1.0.jar:/home/user/.m2/repository/org/apache/hadoop/hadoop-hdfs-client/3.2.0/hadoop-hdfs-client-3.2.0.jar:/home/user/.m2/repository/com/fasterxml/jackson/core/jackson-annotations/2.9.9/jackson-annotations-2.9.9.jar:/home/user/.m2/repository/org/apache/hadoop/hadoop-hdds-common/0.5.0-SNAPSHOT/hadoop-hdds-common-0.5.0-SNAPSHOT.jar:/home/user/.m2/repository/org/apache/hadoop/hadoop-hdds-config/0.5.0-SNAPSHOT/hadoop-hdds-config-0.5.0-SNAPSHOT.jar:/home/user/.m2/repository/javax/annotation/javax.annotation-api/1.2/javax.annotation-api-1.2.jar:/home/user/.m2/repository/org/apache/ratis/ratis-server/0.5.0-d6d58d0-SNAPSHOT/ratis-server-0.5.0-d6d58d0-SNAPSHOT.jar:/home/user/.m2/repository/org/apache/ratis/ratis-thirdparty-misc/0.2.0/ratis-thirdparty-misc-0.2.0.jar:/home/user/.m2/repository/org/apache/ratis/ratis-proto/0.5.0-d6d58d0-SNAPSHOT/ratis-proto-0.5.0-d6d58d0-SNAPSHOT.jar:/home/user/.m2/repository/org/apache/ratis/ratis-common/0.5.0-d6d58d0-SNAPSHOT/ratis-common-0.5.0-d6d58d0-SNAPSHOT.jar:/home/user/.m2/repository/org/apache/ratis/ratis-client/0.5.0-d6d58d0-SNAPSHOT/ratis-client-0.5.0-d6d58d0-SNAPSHOT.jar:/home/user/.m2/repository/org/apache/ratis/ratis-metrics/0.5.0-d6d58d0-SNAPSHOT/ratis-metrics-0.5.0-d6d58d0-SNAPSHOT.jar:/home/user/.m2/repository/org/apache/ratis/ratis-netty/0.5.0-d6d58d0-SNAPSHOT/ratis-netty-0.5.0-d6d58d0-SNAPSHOT.jar:/home/user/.m2/repository/org/apache/ratis/ratis-grpc/0.5.0-d6d58d0-SNAPSHOT/ratis-grpc-0.5.0-d6d58d0-SNAPSHOT.jar:/home/user/.m2/repository/org/rocksdb/rocksdbjni/6.0.1/rocksdbjni-6.0.1.jar:/home/user/.m2/repository/org/apache/logging/log4j/log4j-api/2.11.0/log4j-api-2.11.0.jar:/home/user/.m2/repository/org/apache/logging/log4j/log4j-core/2.11.0/log4j-core-2.11.0.jar:/home/user/.m2/repository/com/lmax/disruptor/3.4.2/disruptor-3.4.2.jar:/home/user/.m2/repository/org/apache/commons/commons-pool2/2.6.0/commons-pool2-2.6.0.jar:/home/user/.m2/repository/org/bouncycastle/bcpkix-jdk15on/1.60/bcpkix-jdk15on-1.60.jar:/home/user/.m2/repository/commons-validator/commons-validator/1.6/commons-validator-1.6.jar:/home/user/.m2/repository/commons-digester/commons-digester/1.8.1/commons-digester-1.8.1.jar:/home/user/.m2/repository/io/jaegertracing/jaeger-client/0.34.0/jaeger-client-0.34.0.jar:/home/user/.m2/repository/io/jaegertracing/jaeger-thrift/0.34.0/jaeger-thrift-0.34.0.jar:/home/user/.m2/repository/org/apache/thrift/libthrift/0.12.0/libthrift-0.12.0.jar:/home/user/.m2/repository/com/squareup/okhttp3/okhttp/3.9.0/okhttp-3.9.0.jar:/home/user/.m2/repository/com/squareup/okio/okio/1.13.0/okio-1.13.0.jar:/home/user/.m2/repository/io/jaegertracing/jaeger-core/0.34.0/jaeger-core-0.34.0.jar:/home/user/.m2/repository/io/jaegertracing/jaeger-tracerresolver/0.34.0/jaeger-tracerresolver-0.34.0.jar:/home/user/.m2/repository/io/opentracing/contrib/opentracing-tracerresolver/0.1.5/opentracing-tracerresolver-0.1.5.jar:/home/user/.m2/repository/io/opentracing/opentracing-util/0.31.0/opentracing-util-0.31.0.jar:/home/user/.m2/repository/io/opentracing/opentracing-api/0.31.0/opentracing-api-0.31.0.jar:/home/user/.m2/repository/io/opentracing/opentracing-noop/0.31.0/opentracing-noop-0.31.0.jar:/home/user/.m2/repository/org/yaml/snakeyaml/1.16/snakeyaml-1.16.jar:/home/user/.m2/repository/org/apache/hadoop/hadoop-hdds-container-service/0.5.0-SNAPSHOT/hadoop-hdds-container-service-0.5.0-SNAPSHOT.jar:/home/user/.m2/repository/org/apache/hadoop/hadoop-hdds-client/0.5.0-SNAPSHOT/hadoop-hdds-client-0.5.0-SNAPSHOT.jar:/home/user/.m2/repository/org/apache/hadoop/hadoop-hdds-tools/0.5.0-SNAPSHOT/hadoop-hdds-tools-0.5.0-SNAPSHOT.jar:/home/user/.m2/repository/org/xerial/sqlite-jdbc/3.25.2/sqlite-jdbc-3.25.2.jar:/home/user/.m2/repository/org/apache/hadoop/hadoop-hdds-server-scm/0.5.0-SNAPSHOT/hadoop-hdds-server-scm-0.5.0-SNAPSHOT.jar:/home/user/.m2/repository/org/hamcrest/hamcrest-all/1.3/hamcrest-all-1.3.jar:/home/user/.m2/repository/info/picocli/picocli/3.9.6/picocli-3.9.6.jar:/home/user/.m2/repository/com/google/protobuf/protobuf-java/2.5.0/protobuf-java-2.5.0.jar:/home/user/.m2/repository/com/google/guava/guava/11.0.2/guava-11.0.2.jar:/home/user/.m2/repository/org/apache/hadoop/hadoop-ozone-client/0.5.0-SNAPSHOT/hadoop-ozone-client-0.5.0-SNAPSHOT.jar:/workdir/hadoop-ozone/ozonefs/target/classes:/home/user/.m2/repository/org/apache/httpcomponents/httpclient/4.5.2/httpclient-4.5.2.jar:/home/user/.m2/repository/org/apache/httpcomponents/httpcore/4.4.4/httpcore-4.4.4.jar:/home/user/.m2/repository/org/apache/hadoop/hadoop-hdds-server-framework/0.5.0-SNAPSHOT/hadoop-hdds-server-framework-0.5.0-SNAPSHOT.jar:/home/user/.m2/repository/org/apache/hadoop/hadoop-common/3.2.0/hadoop-common-3.2.0.jar:/home/user/.m2/repository/org/apache/hadoop/hadoop-annotations/3.2.0/hadoop-annotations-3.2.0.jar:/usr/lib/jvm/java-1.8.0-openjdk-1.8.0.222.b10-1.el7_7.x86_64/jre/../lib/tools.jar:/home/user/.m2/repository/commons-cli/commons-cli/1.2/commons-cli-1.2.jar:/home/user/.m2/repository/org/apache/commons/commons-math3/3.1.1/commons-math3-3.1.1.jar:/home/user/.m2/repository/commons-codec/commons-codec/1.11/commons-codec-1.11.jar:/home/user/.m2/repository/commons-io/commons-io/2.5/commons-io-2.5.jar:/home/user/.m2/repository/commons-net/commons-net/3.6/commons-net-3.6.jar:/home/user/.m2/repository/commons-collections/commons-collections/3.2.2/commons-collections-3.2.2.jar:/home/user/.m2/repository/javax/servlet/javax.servlet-api/3.1.0/javax.servlet-api-3.1.0.jar:/home/user/.m2/repository/org/eclipse/jetty/jetty-server/9.3.25.v20180904/jetty-server-9.3.25.v20180904.jar:/home/user/.m2/repository/org/eclipse/jetty/jetty-http/9.3.25.v20180904/jetty-http-9.3.25.v20180904.jar:/home/user/.m2/repository/org/eclipse/jetty/jetty-io/9.3.25.v20180904/jetty-io-9.3.25.v20180904.jar:/home/user/.m2/repository/org/eclipse/jetty/jetty-util/9.3.25.v20180904/jetty-util-9.3.25.v20180904.jar:/home/user/.m2/repository/org/eclipse/jetty/jetty-servlet/9.3.25.v20180904/jetty-servlet-9.3.25.v20180904.jar:/home/user/.m2/repository/org/eclipse/jetty/jetty-security/9.3.25.v20180904/jetty-security-9.3.25.v20180904.jar:/home/user/.m2/repository/org/eclipse/jetty/jetty-webapp/9.3.25.v20180904/jetty-webapp-9.3.25.v20180904.jar:/home/user/.m2/repository/org/eclipse/jetty/jetty-xml/9.3.25.v20180904/jetty-xml-9.3.25.v20180904.jar:/home/user/.m2/repository/javax/servlet/jsp/jsp-api/2.1/jsp-api-2.1.jar:/home/user/.m2/repository/com/sun/jersey/jersey-core/1.19/jersey-core-1.19.jar:/home/user/.m2/repository/javax/ws/rs/jsr311-api/1.1.1/jsr311-api-1.1.1.jar:/home/user/.m2/repository/com/sun/jersey/jersey-servlet/1.19/jersey-servlet-1.19.jar:/home/user/.m2/repository/com/sun/jersey/jersey-json/1.19/jersey-json-1.19.jar:/home/user/.m2/repository/org/codehaus/jettison/jettison/1.1/jettison-1.1.jar:/home/user/.m2/repository/com/sun/xml/bind/jaxb-impl/2.3.0.1/jaxb-impl-2.3.0.1.jar:/home/user/.m2/repository/org/codehaus/jackson/jackson-core-asl/1.9.13/jackson-core-asl-1.9.13.jar:/home/user/.m2/repository/org/codehaus/jackson/jackson-mapper-asl/1.9.13/jackson-mapper-asl-1.9.13.jar:/home/user/.m2/repository/org/codehaus/jackson/jackson-jaxrs/1.9.13/jackson-jaxrs-1.9.13.jar:/home/user/.m2/repository/org/codehaus/jackson/jackson-xc/1.9.13/jackson-xc-1.9.13.jar:/home/user/.m2/repository/com/sun/jersey/jersey-server/1.19/jersey-server-1.19.jar:/home/user/.m2/repository/commons-logging/commons-logging/1.1.3/commons-logging-1.1.3.jar:/home/user/.m2/repository/log4j/log4j/1.2.17/log4j-1.2.17.jar:/home/user/.m2/repository/commons-beanutils/commons-beanutils/1.9.4/commons-beanutils-1.9.4.jar:/home/user/.m2/repository/org/apache/commons/commons-configuration2/2.1.1/commons-configuration2-2.1.1.jar:/home/user/.m2/repository/org/apache/commons/commons-lang3/3.7/commons-lang3-3.7.jar:/home/user/.m2/repository/org/apache/commons/commons-text/1.4/commons-text-1.4.jar:/home/user/.m2/repository/org/slf4j/slf4j-api/1.7.25/slf4j-api-1.7.25.jar:/home/user/.m2/repository/org/slf4j/slf4j-log4j12/1.7.25/slf4j-log4j12-1.7.25.jar:/home/user/.m2/repository/org/apache/avro/avro/1.7.7/avro-1.7.7.jar:/home/user/.m2/repository/com/thoughtworks/paranamer/paranamer/2.3/paranamer-2.3.jar:/home/user/.m2/repository/org/xerial/snappy/snappy-java/1.0.5/snappy-java-1.0.5.jar:/home/user/.m2/repository/com/google/re2j/re2j/1.1/re2j-1.1.jar:/home/user/.m2/repository/com/google/code/gson/gson/2.2.4/gson-2.2.4.jar:/home/user/.m2/repository/org/apache/hadoop/hadoop-auth/3.2.0/hadoop-auth-3.2.0.jar:/home/user/.m2/repository/com/nimbusds/nimbus-jose-jwt/4.41.1/nimbus-jose-jwt-4.41.1.jar:/home/user/.m2/repository/com/github/stephenc/jcip/jcip-annotations/1.0-1/jcip-annotations-1.0-1.jar:/home/user/.m2/repository/net/minidev/json-smart/2.3/json-smart-2.3.jar:/home/user/.m2/repository/net/minidev/accessors-smart/1.2/accessors-smart-1.2.jar:/home/user/.m2/repository/org/apache/curator/curator-framework/2.12.0/curator-framework-2.12.0.jar:/home/user/.m2/repository/com/jcraft/jsch/0.1.54/jsch-0.1.54.jar:/home/user/.m2/repository/org/apache/curator/curator-client/2.12.0/curator-client-2.12.0.jar:/home/user/.m2/repository/org/apache/curator/curator-recipes/2.12.0/curator-recipes-2.12.0.jar:/home/user/.m2/repository/com/google/code/findbugs/jsr305/3.0.0/jsr305-3.0.0.jar:/home/user/.m2/repository/org/apache/htrace/htrace-core4/4.1.0-incubating/htrace-core4-4.1.0-incubating.jar:/home/user/.m2/repository/org/apache/zookeeper/zookeeper/3.4.13/zookeeper-3.4.13.jar:/home/user/.m2/repository/jline/jline/0.9.94/jline-0.9.94.jar:/home/user/.m2/repository/org/apache/yetus/audience-annotations/0.5.0/audience-annotations-0.5.0.jar:/home/user/.m2/repository/org/apache/kerby/kerb-simplekdc/1.0.1/kerb-simplekdc-1.0.1.jar:/home/user/.m2/repository/org/apache/kerby/kerb-client/1.0.1/kerb-client-1.0.1.jar:/home/user/.m2/repository/org/apache/kerby/kerby-config/1.0.1/kerby-config-1.0.1.jar:/home/user/.m2/repository/org/apache/kerby/kerb-core/1.0.1/kerb-core-1.0.1.jar:/home/user/.m2/repository/org/apache/kerby/kerby-pkix/1.0.1/kerby-pkix-1.0.1.jar:/home/user/.m2/repository/org/apache/kerby/kerby-asn1/1.0.1/kerby-asn1-1.0.1.jar:/home/user/.m2/repository/org/apache/kerby/kerby-util/1.0.1/kerby-util-1.0.1.jar:/home/user/.m2/repository/org/apache/kerby/kerb-common/1.0.1/kerb-common-1.0.1.jar:/home/user/.m2/repository/org/apache/kerby/kerb-crypto/1.0.1/kerb-crypto-1.0.1.jar:/home/user/.m2/repository/org/apache/kerby/kerb-util/1.0.1/kerb-util-1.0.1.jar:/home/user/.m2/repository/org/apache/kerby/token-provider/1.0.1/token-provider-1.0.1.jar:/home/user/.m2/repository/org/apache/kerby/kerb-admin/1.0.1/kerb-admin-1.0.1.jar:/home/user/.m2/repository/org/apache/kerby/kerb-server/1.0.1/kerb-server-1.0.1.jar:/home/user/.m2/repository/org/apache/kerby/kerb-identity/1.0.1/kerb-identity-1.0.1.jar:/home/user/.m2/repository/org/apache/kerby/kerby-xdr/1.0.1/kerby-xdr-1.0.1.jar:/home/user/.m2/repository/com/fasterxml/jackson/core/jackson-databind/2.9.9/jackson-databind-2.9.9.jar:/home/user/.m2/repository/com/fasterxml/jackson/core/jackson-core/2.9.9/jackson-core-2.9.9.jar:/home/user/.m2/repository/org/codehaus/woodstox/stax2-api/3.1.4/stax2-api-3.1.4.jar:/home/user/.m2/repository/com/fasterxml/woodstox/woodstox-core/5.0.3/woodstox-core-5.0.3.jar:/home/user/.m2/repository/dnsjava/dnsjava/2.1.7/dnsjava-2.1.7.jar:/home/user/.m2/repository/org/apache/hadoop/hadoop-hdfs/3.2.0/hadoop-hdfs-3.2.0.jar:/home/user/.m2/repository/org/eclipse/jetty/jetty-util-ajax/9.3.25.v20180904/jetty-util-ajax-9.3.25.v20180904.jar:/home/user/.m2/repository/commons-daemon/commons-daemon/1.0.13/commons-daemon-1.0.13.jar:/home/user/.m2/repository/io/netty/netty/3.10.5.Final/netty-3.10.5.Final.jar:/home/user/.m2/repository/io/netty/netty-all/4.0.52.Final/netty-all-4.0.52.Final.jar:/home/user/.m2/repository/org/fusesource/leveldbjni/leveldbjni-all/1.8/leveldbjni-all-1.8.jar:/home/user/.m2/repository/com/sun/xml/bind/jaxb-core/2.3.0.1/jaxb-core-2.3.0.1.jar:/home/user/.m2/repository/javax/xml/bind/jaxb-api/2.3.0/jaxb-api-2.3.0.jar:/home/user/.m2/repository/javax/activation/activation/1.1.1/activation-1.1.1.jar:/home/user/.m2/repository/org/openjdk/jmh/jmh-core/1.19/jmh-core-1.19.jar:/home/user/.m2/repository/net/sf/jopt-simple/jopt-simple/4.6/jopt-simple-4.6.jar:/home/user/.m2/repository/org/openjdk/jmh/jmh-generator-annprocess/1.19/jmh-generator-annprocess-1.19.jar:/home/user/.m2/repository/io/dropwizard/metrics/metrics-core/3.2.4/metrics-core-3.2.4.jar:/home/user/.m2/repository/com/amazonaws/aws-java-sdk-s3/1.11.615/aws-java-sdk-s3-1.11.615.jar:/home/user/.m2/repository/com/amazonaws/aws-java-sdk-kms/1.11.615/aws-java-sdk-kms-1.11.615.jar:/home/user/.m2/repository/com/amazonaws/aws-java-sdk-core/1.11.615/aws-java-sdk-core-1.11.615.jar:/home/user/.m2/repository/software/amazon/ion/ion-java/1.0.2/ion-java-1.0.2.jar:/home/user/.m2/repository/com/fasterxml/jackson/dataformat/jackson-dataformat-cbor/2.9.9/jackson-dataformat-cbor-2.9.9.jar:/home/user/.m2/repository/joda-time/joda-time/2.9.9/joda-time-2.9.9.jar:/home/user/.m2/repository/com/amazonaws/jmespath-java/1.11.615/jmespath-java-1.11.615.jar:/home/user/.m2/repository/com/github/spotbugs/spotbugs/3.1.12/spotbugs-3.1.12.jar:/home/user/.m2/repository/org/ow2/asm/asm/5.0.4/asm-5.0.4.jar:/home/user/.m2/repository/org/ow2/asm/asm-analysis/7.0/asm-analysis-7.0.jar:/home/user/.m2/repository/org/ow2/asm/asm-commons/7.0/asm-commons-7.0.jar:/home/user/.m2/repository/org/ow2/asm/asm-tree/7.0/asm-tree-7.0.jar:/home/user/.m2/repository/org/ow2/asm/asm-util/7.0/asm-util-7.0.jar:/home/user/.m2/repository/org/apache/bcel/bcel/6.3/bcel-6.3.jar:/home/user/.m2/repository/net/jcip/jcip-annotations/1.0/jcip-annotations-1.0.jar:/home/user/.m2/repository/org/dom4j/dom4j/2.1.1/dom4j-2.1.1.jar:/home/user/.m2/repository/jaxen/jaxen/1.1.6/jaxen-1.1.6.jar:/home/user/.m2/repository/commons-lang/commons-lang/2.6/commons-lang-2.6.jar:/home/user/.m2/repository/com/github/spotbugs/spotbugs-annotations/3.1.12/spotbugs-annotations-3.1.12.jar:/home/user/.m2/repository/junit/junit/4.11/junit-4.11.jar:/home/user/.m2/repository/org/hamcrest/hamcrest-core/1.3/hamcrest-core-1.3.jar:/home/user/.m2/repository/org/apache/hadoop/hadoop-common/3.2.0/hadoop-common-3.2.0-tests.jar:/workdir/hadoop-ozone/integration-test/target/test-classes:/home/user/.m2/repository/org/apache/hadoop/hadoop-ozone-s3gateway/0.5.0-SNAPSHOT/hadoop-ozone-s3gateway-0.5.0-SNAPSHOT.jar:/home/user/.m2/repository/org/jboss/weld/servlet/weld-servlet/2.4.7.Final/weld-servlet-2.4.7.Final.jar:/home/user/.m2/repository/org/glassfish/jersey/containers/jersey-container-servlet-core/2.27/jersey-container-servlet-core-2.27.jar:/home/user/.m2/repository/org/glassfish/hk2/external/javax.inject/2.5.0-b42/javax.inject-2.5.0-b42.jar:/home/user/.m2/repository/org/glassfish/jersey/core/jersey-common/2.27/jersey-common-2.27.jar:/home/user/.m2/repository/org/glassfish/hk2/osgi-resource-locator/1.0.1/osgi-resource-locator-1.0.1.jar:/home/user/.m2/repository/javax/ws/rs/javax.ws.rs-api/2.1/javax.ws.rs-api-2.1.jar:/home/user/.m2/repository/org/glassfish/jersey/ext/cdi/jersey-cdi1x/2.27/jersey-cdi1x-2.27.jar:/home/user/.m2/repository/org/glassfish/jersey/inject/jersey-hk2/2.27/jersey-hk2-2.27.jar:/home/user/.m2/repository/org/glassfish/hk2/hk2-locator/2.5.0-b42/hk2-locator-2.5.0-b42.jar:/home/user/.m2/repository/org/javassist/javassist/3.22.0-CR2/javassist-3.22.0-CR2.jar:/home/user/.m2/repository/org/glassfish/hk2/hk2-api/2.5.0/hk2-api-2.5.0.jar:/home/user/.m2/repository/org/glassfish/hk2/external/jakarta.inject/2.5.0/jakarta.inject-2.5.0.jar:/home/user/.m2/repository/org/glassfish/hk2/hk2-utils/2.5.0/hk2-utils-2.5.0.jar:/home/user/.m2/repository/jakarta/annotation/jakarta.annotation-api/1.3.4/jakarta.annotation-api-1.3.4.jar:/home/user/.m2/repository/org/glassfish/hk2/external/aopalliance-repackaged/2.5.0/aopalliance-repackaged-2.5.0.jar:/home/user/.m2/repository/com/fasterxml/jackson/dataformat/jackson-dataformat-xml/2.9.0/jackson-dataformat-xml-2.9.0.jar:/home/user/.m2/repository/com/fasterxml/jackson/module/jackson-module-jaxb-annotations/2.9.9/jackson-module-jaxb-annotations-2.9.9.jar:/home/user/.m2/repository/javax/enterprise/cdi-api/1.2/cdi-api-1.2.jar:/home/user/.m2/repository/javax/el/javax.el-api/3.0.0/javax.el-api-3.0.0.jar:/home/user/.m2/repository/javax/interceptor/javax.interceptor-api/1.2/javax.interceptor-api-1.2.jar:/home/user/.m2/repository/javax/inject/javax.inject/1/javax.inject-1.jar:/home/user/.m2/repository/org/apache/hadoop/hadoop-ozone-csi/0.5.0-SNAPSHOT/hadoop-ozone-csi-0.5.0-SNAPSHOT.jar:/home/user/.m2/repository/com/google/protobuf/protobuf-java-util/3.5.1/protobuf-java-util-3.5.1.jar:/home/user/.m2/repository/io/grpc/grpc-netty/1.17.1/grpc-netty-1.17.1.jar:/home/user/.m2/repository/io/grpc/grpc-core/1.17.1/grpc-core-1.17.1.jar:/home/user/.m2/repository/io/grpc/grpc-context/1.17.1/grpc-context-1.17.1.jar:/home/user/.m2/repository/com/google/errorprone/error_prone_annotations/2.2.0/error_prone_annotations-2.2.0.jar:/home/user/.m2/repository/org/codehaus/mojo/animal-sniffer-annotations/1.17/animal-sniffer-annotations-1.17.jar:/home/user/.m2/repository/io/opencensus/opencensus-api/0.17.0/opencensus-api-0.17.0.jar:/home/user/.m2/repository/io/opencensus/opencensus-contrib-grpc-metrics/0.17.0/opencensus-contrib-grpc-metrics-0.17.0.jar:/home/user/.m2/repository/io/netty/netty-codec-http2/4.1.30.Final/netty-codec-http2-4.1.30.Final.jar:/home/user/.m2/repository/io/netty/netty-codec-http/4.1.30.Final/netty-codec-http-4.1.30.Final.jar:/home/user/.m2/repository/io/netty/netty-codec/4.1.30.Final/netty-codec-4.1.30.Final.jar:/home/user/.m2/repository/io/netty/netty-handler/4.1.30.Final/netty-handler-4.1.30.Final.jar:/home/user/.m2/repository/io/netty/netty-handler-proxy/4.1.30.Final/netty-handler-proxy-4.1.30.Final.jar:/home/user/.m2/repository/io/netty/netty-codec-socks/4.1.30.Final/netty-codec-socks-4.1.30.Final.jar:/home/user/.m2/repository/io/netty/netty-transport-native-epoll/4.1.30.Final/netty-transport-native-epoll-4.1.30.Final.jar:/home/user/.m2/repository/io/netty/netty-common/4.1.30.Final/netty-common-4.1.30.Final.jar:/home/user/.m2/repository/io/netty/netty-buffer/4.1.30.Final/netty-buffer-4.1.30.Final.jar:/home/user/.m2/repository/io/netty/netty-transport/4.1.30.Final/netty-transport-4.1.30.Final.jar:/home/user/.m2/repository/io/netty/netty-resolver/4.1.30.Final/netty-resolver-4.1.30.Final.jar:/home/user/.m2/repository/io/netty/netty-transport-native-unix-common/4.1.30.Final/netty-transport-native-unix-common-4.1.30.Final.jar:/home/user/.m2/repository/io/grpc/grpc-protobuf/1.17.1/grpc-protobuf-1.17.1.jar:/home/user/.m2/repository/com/google/api/grpc/proto-google-common-protos/1.0.0/proto-google-common-protos-1.0.0.jar:/home/user/.m2/repository/io/grpc/grpc-protobuf-lite/1.17.1/grpc-protobuf-lite-1.17.1.jar:/home/user/.m2/repository/io/grpc/grpc-stub/1.17.1/grpc-stub-1.17.1.jar:/home/user/.m2/repository/org/apache/hadoop/hadoop-ozone-recon/0.5.0-SNAPSHOT/hadoop-ozone-recon-0.5.0-SNAPSHOT.jar:/home/user/.m2/repository/org/apache/hadoop/hadoop-ozone-reconcodegen/0.5.0-SNAPSHOT/hadoop-ozone-reconcodegen-0.5.0-SNAPSHOT.jar:/home/user/.m2/repository/com/google/inject/extensions/guice-multibindings/4.0/guice-multibindings-4.0.jar:/home/user/.m2/repository/com/google/inject/guice/4.0/guice-4.0.jar:/home/user/.m2/repository/aopalliance/aopalliance/1.0/aopalliance-1.0.jar:/home/user/.m2/repository/com/google/inject/extensions/guice-servlet/4.0/guice-servlet-4.0.jar:/home/user/.m2/repository/org/glassfish/jersey/containers/jersey-container-servlet/2.27/jersey-container-servlet-2.27.jar:/home/user/.m2/repository/org/glassfish/hk2/guice-bridge/2.5.0/guice-bridge-2.5.0.jar:/home/user/.m2/repository/org/glassfish/jersey/core/jersey-server/2.27/jersey-server-2.27.jar:/home/user/.m2/repository/org/glassfish/jersey/core/jersey-client/2.27/jersey-client-2.27.jar:/home/user/.m2/repository/org/glassfish/jersey/media/jersey-media-jaxb/2.27/jersey-media-jaxb-2.27.jar:/home/user/.m2/repository/javax/validation/validation-api/1.1.0.Final/validation-api-1.1.0.Final.jar:/home/user/.m2/repository/org/glassfish/jersey/media/jersey-media-json-jackson/2.27/jersey-media-json-jackson-2.27.jar:/home/user/.m2/repository/org/glassfish/jersey/ext/jersey-entity-filtering/2.27/jersey-entity-filtering-2.27.jar:/home/user/.m2/repository/com/google/inject/extensions/guice-assistedinject/4.0/guice-assistedinject-4.0.jar:/home/user/.m2/repository/org/jooq/jooq/3.11.10/jooq-3.11.10.jar:/home/user/.m2/repository/org/jooq/jooq-meta/3.11.10/jooq-meta-3.11.10.jar:/home/user/.m2/repository/org/jooq/jooq-codegen/3.11.10/jooq-codegen-3.11.10.jar:/home/user/.m2/repository/com/jolbox/bonecp/0.8.0.RELEASE/bonecp-0.8.0.RELEASE.jar:/home/user/.m2/repository/org/springframework/spring-jdbc/5.1.3.RELEASE/spring-jdbc-5.1.3.RELEASE.jar:/home/user/.m2/repository/org/springframework/spring-beans/5.1.3.RELEASE/spring-beans-5.1.3.RELEASE.jar:/home/user/.m2/repository/org/springframework/spring-core/5.1.3.RELEASE/spring-core-5.1.3.RELEASE.jar:/home/user/.m2/repository/org/springframework/spring-jcl/5.1.3.RELEASE/spring-jcl-5.1.3.RELEASE.jar:/home/user/.m2/repository/org/springframework/spring-tx/5.1.3.RELEASE/spring-tx-5.1.3.RELEASE.jar:/home/user/.m2/repository/org/mockito/mockito-core/2.15.0/mockito-core-2.15.0.jar:/home/user/.m2/repository/net/bytebuddy/byte-buddy/1.7.9/byte-buddy-1.7.9.jar:/home/user/.m2/repository/net/bytebuddy/byte-buddy-agent/1.7.9/byte-buddy-agent-1.7.9.jar:/home/user/.m2/repository/org/objenesis/objenesis/1.0/objenesis-1.0.jar:"/>
    <property name="java.vm.vendor" value="Oracle Corporation"/>
    <property name="sun.arch.data.model" value="64"/>
    <property name="test.build.dir" value="/workdir/hadoop-ozone/tools/target/test-dir"/>
    <property name="test.cache.data" value=""/>
    <property name="java.vendor.url" value="http://java.oracle.com/"/>
    <property name="user.timezone" value=""/>
    <property name="java.vm.specification.version" value="1.8"/>
    <property name="os.name" value="Linux"/>
    <property name="test.build.data" value="/workdir/hadoop-ozone/tools/target/test-dir"/>
    <property name="user.country" value="US"/>
    <property name="sun.java.launcher" value="SUN_STANDARD"/>
    <property name="sun.boot.library.path" value="/usr/lib/jvm/java-1.8.0-openjdk-1.8.0.222.b10-1.el7_7.x86_64/jre/lib/amd64"/>
    <property name="sun.java.command" value="/workdir/hadoop-ozone/tools/target/surefire/surefirebooter6227805230579733083.jar /workdir/hadoop-ozone/tools/target/surefire 2019-11-15T11-34-40_681-jvmRun1 surefire6289329528735702575tmp surefire_992293143667300477465tmp"/>
    <property name="surefire.test.class.path" value="/workdir/hadoop-ozone/tools/target/test-classes:/workdir/hadoop-ozone/tools/target/classes:/home/user/.m2/repository/org/apache/hadoop/hadoop-ozone-ozone-manager/0.5.0-SNAPSHOT/hadoop-ozone-ozone-manager-0.5.0-SNAPSHOT.jar:/home/user/.m2/repository/org/apache/hadoop/hadoop-hdds-docs/0.5.0-SNAPSHOT/hadoop-hdds-docs-0.5.0-SNAPSHOT.jar:/home/user/.m2/repository/org/bouncycastle/bcprov-jdk15on/1.60/bcprov-jdk15on-1.60.jar:/home/user/.m2/repository/org/apache/hadoop/hadoop-ozone-common/0.5.0-SNAPSHOT/hadoop-ozone-common-0.5.0-SNAPSHOT.jar:/home/user/.m2/repository/org/apache/commons/commons-compress/1.4.1/commons-compress-1.4.1.jar:/home/user/.m2/repository/org/tukaani/xz/1.0/xz-1.0.jar:/home/user/.m2/repository/org/apache/hadoop/hadoop-hdfs-client/3.2.0/hadoop-hdfs-client-3.2.0.jar:/home/user/.m2/repository/com/fasterxml/jackson/core/jackson-annotations/2.9.9/jackson-annotations-2.9.9.jar:/home/user/.m2/repository/org/apache/hadoop/hadoop-hdds-common/0.5.0-SNAPSHOT/hadoop-hdds-common-0.5.0-SNAPSHOT.jar:/home/user/.m2/repository/org/apache/hadoop/hadoop-hdds-config/0.5.0-SNAPSHOT/hadoop-hdds-config-0.5.0-SNAPSHOT.jar:/home/user/.m2/repository/javax/annotation/javax.annotation-api/1.2/javax.annotation-api-1.2.jar:/home/user/.m2/repository/org/apache/ratis/ratis-server/0.5.0-d6d58d0-SNAPSHOT/ratis-server-0.5.0-d6d58d0-SNAPSHOT.jar:/home/user/.m2/repository/org/apache/ratis/ratis-thirdparty-misc/0.2.0/ratis-thirdparty-misc-0.2.0.jar:/home/user/.m2/repository/org/apache/ratis/ratis-proto/0.5.0-d6d58d0-SNAPSHOT/ratis-proto-0.5.0-d6d58d0-SNAPSHOT.jar:/home/user/.m2/repository/org/apache/ratis/ratis-common/0.5.0-d6d58d0-SNAPSHOT/ratis-common-0.5.0-d6d58d0-SNAPSHOT.jar:/home/user/.m2/repository/org/apache/ratis/ratis-client/0.5.0-d6d58d0-SNAPSHOT/ratis-client-0.5.0-d6d58d0-SNAPSHOT.jar:/home/user/.m2/repository/org/apache/ratis/ratis-metrics/0.5.0-d6d58d0-SNAPSHOT/ratis-metrics-0.5.0-d6d58d0-SNAPSHOT.jar:/home/user/.m2/repository/org/apache/ratis/ratis-netty/0.5.0-d6d58d0-SNAPSHOT/ratis-netty-0.5.0-d6d58d0-SNAPSHOT.jar:/home/user/.m2/repository/org/apache/ratis/ratis-grpc/0.5.0-d6d58d0-SNAPSHOT/ratis-grpc-0.5.0-d6d58d0-SNAPSHOT.jar:/home/user/.m2/repository/org/rocksdb/rocksdbjni/6.0.1/rocksdbjni-6.0.1.jar:/home/user/.m2/repository/org/apache/logging/log4j/log4j-api/2.11.0/log4j-api-2.11.0.jar:/home/user/.m2/repository/org/apache/logging/log4j/log4j-core/2.11.0/log4j-core-2.11.0.jar:/home/user/.m2/repository/com/lmax/disruptor/3.4.2/disruptor-3.4.2.jar:/home/user/.m2/repository/org/apache/commons/commons-pool2/2.6.0/commons-pool2-2.6.0.jar:/home/user/.m2/repository/org/bouncycastle/bcpkix-jdk15on/1.60/bcpkix-jdk15on-1.60.jar:/home/user/.m2/repository/commons-validator/commons-validator/1.6/commons-validator-1.6.jar:/home/user/.m2/repository/commons-digester/commons-digester/1.8.1/commons-digester-1.8.1.jar:/home/user/.m2/repository/io/jaegertracing/jaeger-client/0.34.0/jaeger-client-0.34.0.jar:/home/user/.m2/repository/io/jaegertracing/jaeger-thrift/0.34.0/jaeger-thrift-0.34.0.jar:/home/user/.m2/repository/org/apache/thrift/libthrift/0.12.0/libthrift-0.12.0.jar:/home/user/.m2/repository/com/squareup/okhttp3/okhttp/3.9.0/okhttp-3.9.0.jar:/home/user/.m2/repository/com/squareup/okio/okio/1.13.0/okio-1.13.0.jar:/home/user/.m2/repository/io/jaegertracing/jaeger-core/0.34.0/jaeger-core-0.34.0.jar:/home/user/.m2/repository/io/jaegertracing/jaeger-tracerresolver/0.34.0/jaeger-tracerresolver-0.34.0.jar:/home/user/.m2/repository/io/opentracing/contrib/opentracing-tracerresolver/0.1.5/opentracing-tracerresolver-0.1.5.jar:/home/user/.m2/repository/io/opentracing/opentracing-util/0.31.0/opentracing-util-0.31.0.jar:/home/user/.m2/repository/io/opentracing/opentracing-api/0.31.0/opentracing-api-0.31.0.jar:/home/user/.m2/repository/io/opentracing/opentracing-noop/0.31.0/opentracing-noop-0.31.0.jar:/home/user/.m2/repository/org/yaml/snakeyaml/1.16/snakeyaml-1.16.jar:/home/user/.m2/repository/org/apache/hadoop/hadoop-hdds-container-service/0.5.0-SNAPSHOT/hadoop-hdds-container-service-0.5.0-SNAPSHOT.jar:/home/user/.m2/repository/org/apache/hadoop/hadoop-hdds-client/0.5.0-SNAPSHOT/hadoop-hdds-client-0.5.0-SNAPSHOT.jar:/home/user/.m2/repository/org/apache/hadoop/hadoop-hdds-tools/0.5.0-SNAPSHOT/hadoop-hdds-tools-0.5.0-SNAPSHOT.jar:/home/user/.m2/repository/org/xerial/sqlite-jdbc/3.25.2/sqlite-jdbc-3.25.2.jar:/home/user/.m2/repository/org/apache/hadoop/hadoop-hdds-server-scm/0.5.0-SNAPSHOT/hadoop-hdds-server-scm-0.5.0-SNAPSHOT.jar:/home/user/.m2/repository/org/hamcrest/hamcrest-all/1.3/hamcrest-all-1.3.jar:/home/user/.m2/repository/info/picocli/picocli/3.9.6/picocli-3.9.6.jar:/home/user/.m2/repository/com/google/protobuf/protobuf-java/2.5.0/protobuf-java-2.5.0.jar:/home/user/.m2/repository/com/google/guava/guava/11.0.2/guava-11.0.2.jar:/home/user/.m2/repository/org/apache/hadoop/hadoop-ozone-client/0.5.0-SNAPSHOT/hadoop-ozone-client-0.5.0-SNAPSHOT.jar:/workdir/hadoop-ozone/ozonefs/target/classes:/home/user/.m2/repository/org/apache/httpcomponents/httpclient/4.5.2/httpclient-4.5.2.jar:/home/user/.m2/repository/org/apache/httpcomponents/httpcore/4.4.4/httpcore-4.4.4.jar:/home/user/.m2/repository/org/apache/hadoop/hadoop-hdds-server-framework/0.5.0-SNAPSHOT/hadoop-hdds-server-framework-0.5.0-SNAPSHOT.jar:/home/user/.m2/repository/org/apache/hadoop/hadoop-common/3.2.0/hadoop-common-3.2.0.jar:/home/user/.m2/repository/org/apache/hadoop/hadoop-annotations/3.2.0/hadoop-annotations-3.2.0.jar:/usr/lib/jvm/java-1.8.0-openjdk-1.8.0.222.b10-1.el7_7.x86_64/jre/../lib/tools.jar:/home/user/.m2/repository/commons-cli/commons-cli/1.2/commons-cli-1.2.jar:/home/user/.m2/repository/org/apache/commons/commons-math3/3.1.1/commons-math3-3.1.1.jar:/home/user/.m2/repository/commons-codec/commons-codec/1.11/commons-codec-1.11.jar:/home/user/.m2/repository/commons-io/commons-io/2.5/commons-io-2.5.jar:/home/user/.m2/repository/commons-net/commons-net/3.6/commons-net-3.6.jar:/home/user/.m2/repository/commons-collections/commons-collections/3.2.2/commons-collections-3.2.2.jar:/home/user/.m2/repository/javax/servlet/javax.servlet-api/3.1.0/javax.servlet-api-3.1.0.jar:/home/user/.m2/repository/org/eclipse/jetty/jetty-server/9.3.25.v20180904/jetty-server-9.3.25.v20180904.jar:/home/user/.m2/repository/org/eclipse/jetty/jetty-http/9.3.25.v20180904/jetty-http-9.3.25.v20180904.jar:/home/user/.m2/repository/org/eclipse/jetty/jetty-io/9.3.25.v20180904/jetty-io-9.3.25.v20180904.jar:/home/user/.m2/repository/org/eclipse/jetty/jetty-util/9.3.25.v20180904/jetty-util-9.3.25.v20180904.jar:/home/user/.m2/repository/org/eclipse/jetty/jetty-servlet/9.3.25.v20180904/jetty-servlet-9.3.25.v20180904.jar:/home/user/.m2/repository/org/eclipse/jetty/jetty-security/9.3.25.v20180904/jetty-security-9.3.25.v20180904.jar:/home/user/.m2/repository/org/eclipse/jetty/jetty-webapp/9.3.25.v20180904/jetty-webapp-9.3.25.v20180904.jar:/home/user/.m2/repository/org/eclipse/jetty/jetty-xml/9.3.25.v20180904/jetty-xml-9.3.25.v20180904.jar:/home/user/.m2/repository/javax/servlet/jsp/jsp-api/2.1/jsp-api-2.1.jar:/home/user/.m2/repository/com/sun/jersey/jersey-core/1.19/jersey-core-1.19.jar:/home/user/.m2/repository/javax/ws/rs/jsr311-api/1.1.1/jsr311-api-1.1.1.jar:/home/user/.m2/repository/com/sun/jersey/jersey-servlet/1.19/jersey-servlet-1.19.jar:/home/user/.m2/repository/com/sun/jersey/jersey-json/1.19/jersey-json-1.19.jar:/home/user/.m2/repository/org/codehaus/jettison/jettison/1.1/jettison-1.1.jar:/home/user/.m2/repository/com/sun/xml/bind/jaxb-impl/2.3.0.1/jaxb-impl-2.3.0.1.jar:/home/user/.m2/repository/org/codehaus/jackson/jackson-core-asl/1.9.13/jackson-core-asl-1.9.13.jar:/home/user/.m2/repository/org/codehaus/jackson/jackson-mapper-asl/1.9.13/jackson-mapper-asl-1.9.13.jar:/home/user/.m2/repository/org/codehaus/jackson/jackson-jaxrs/1.9.13/jackson-jaxrs-1.9.13.jar:/home/user/.m2/repository/org/codehaus/jackson/jackson-xc/1.9.13/jackson-xc-1.9.13.jar:/home/user/.m2/repository/com/sun/jersey/jersey-server/1.19/jersey-server-1.19.jar:/home/user/.m2/repository/commons-logging/commons-logging/1.1.3/commons-logging-1.1.3.jar:/home/user/.m2/repository/log4j/log4j/1.2.17/log4j-1.2.17.jar:/home/user/.m2/repository/commons-beanutils/commons-beanutils/1.9.4/commons-beanutils-1.9.4.jar:/home/user/.m2/repository/org/apache/commons/commons-configuration2/2.1.1/commons-configuration2-2.1.1.jar:/home/user/.m2/repository/org/apache/commons/commons-lang3/3.7/commons-lang3-3.7.jar:/home/user/.m2/repository/org/apache/commons/commons-text/1.4/commons-text-1.4.jar:/home/user/.m2/repository/org/slf4j/slf4j-api/1.7.25/slf4j-api-1.7.25.jar:/home/user/.m2/repository/org/slf4j/slf4j-log4j12/1.7.25/slf4j-log4j12-1.7.25.jar:/home/user/.m2/repository/org/apache/avro/avro/1.7.7/avro-1.7.7.jar:/home/user/.m2/repository/com/thoughtworks/paranamer/paranamer/2.3/paranamer-2.3.jar:/home/user/.m2/repository/org/xerial/snappy/snappy-java/1.0.5/snappy-java-1.0.5.jar:/home/user/.m2/repository/com/google/re2j/re2j/1.1/re2j-1.1.jar:/home/user/.m2/repository/com/google/code/gson/gson/2.2.4/gson-2.2.4.jar:/home/user/.m2/repository/org/apache/hadoop/hadoop-auth/3.2.0/hadoop-auth-3.2.0.jar:/home/user/.m2/repository/com/nimbusds/nimbus-jose-jwt/4.41.1/nimbus-jose-jwt-4.41.1.jar:/home/user/.m2/repository/com/github/stephenc/jcip/jcip-annotations/1.0-1/jcip-annotations-1.0-1.jar:/home/user/.m2/repository/net/minidev/json-smart/2.3/json-smart-2.3.jar:/home/user/.m2/repository/net/minidev/accessors-smart/1.2/accessors-smart-1.2.jar:/home/user/.m2/repository/org/apache/curator/curator-framework/2.12.0/curator-framework-2.12.0.jar:/home/user/.m2/repository/com/jcraft/jsch/0.1.54/jsch-0.1.54.jar:/home/user/.m2/repository/org/apache/curator/curator-client/2.12.0/curator-client-2.12.0.jar:/home/user/.m2/repository/org/apache/curator/curator-recipes/2.12.0/curator-recipes-2.12.0.jar:/home/user/.m2/repository/com/google/code/findbugs/jsr305/3.0.0/jsr305-3.0.0.jar:/home/user/.m2/repository/org/apache/htrace/htrace-core4/4.1.0-incubating/htrace-core4-4.1.0-incubating.jar:/home/user/.m2/repository/org/apache/zookeeper/zookeeper/3.4.13/zookeeper-3.4.13.jar:/home/user/.m2/repository/jline/jline/0.9.94/jline-0.9.94.jar:/home/user/.m2/repository/org/apache/yetus/audience-annotations/0.5.0/audience-annotations-0.5.0.jar:/home/user/.m2/repository/org/apache/kerby/kerb-simplekdc/1.0.1/kerb-simplekdc-1.0.1.jar:/home/user/.m2/repository/org/apache/kerby/kerb-client/1.0.1/kerb-client-1.0.1.jar:/home/user/.m2/repository/org/apache/kerby/kerby-config/1.0.1/kerby-config-1.0.1.jar:/home/user/.m2/repository/org/apache/kerby/kerb-core/1.0.1/kerb-core-1.0.1.jar:/home/user/.m2/repository/org/apache/kerby/kerby-pkix/1.0.1/kerby-pkix-1.0.1.jar:/home/user/.m2/repository/org/apache/kerby/kerby-asn1/1.0.1/kerby-asn1-1.0.1.jar:/home/user/.m2/repository/org/apache/kerby/kerby-util/1.0.1/kerby-util-1.0.1.jar:/home/user/.m2/repository/org/apache/kerby/kerb-common/1.0.1/kerb-common-1.0.1.jar:/home/user/.m2/repository/org/apache/kerby/kerb-crypto/1.0.1/kerb-crypto-1.0.1.jar:/home/user/.m2/repository/org/apache/kerby/kerb-util/1.0.1/kerb-util-1.0.1.jar:/home/user/.m2/repository/org/apache/kerby/token-provider/1.0.1/token-provider-1.0.1.jar:/home/user/.m2/repository/org/apache/kerby/kerb-admin/1.0.1/kerb-admin-1.0.1.jar:/home/user/.m2/repository/org/apache/kerby/kerb-server/1.0.1/kerb-server-1.0.1.jar:/home/user/.m2/repository/org/apache/kerby/kerb-identity/1.0.1/kerb-identity-1.0.1.jar:/home/user/.m2/repository/org/apache/kerby/kerby-xdr/1.0.1/kerby-xdr-1.0.1.jar:/home/user/.m2/repository/com/fasterxml/jackson/core/jackson-databind/2.9.9/jackson-databind-2.9.9.jar:/home/user/.m2/repository/com/fasterxml/jackson/core/jackson-core/2.9.9/jackson-core-2.9.9.jar:/home/user/.m2/repository/org/codehaus/woodstox/stax2-api/3.1.4/stax2-api-3.1.4.jar:/home/user/.m2/repository/com/fasterxml/woodstox/woodstox-core/5.0.3/woodstox-core-5.0.3.jar:/home/user/.m2/repository/dnsjava/dnsjava/2.1.7/dnsjava-2.1.7.jar:/home/user/.m2/repository/org/apache/hadoop/hadoop-hdfs/3.2.0/hadoop-hdfs-3.2.0.jar:/home/user/.m2/repository/org/eclipse/jetty/jetty-util-ajax/9.3.25.v20180904/jetty-util-ajax-9.3.25.v20180904.jar:/home/user/.m2/repository/commons-daemon/commons-daemon/1.0.13/commons-daemon-1.0.13.jar:/home/user/.m2/repository/io/netty/netty/3.10.5.Final/netty-3.10.5.Final.jar:/home/user/.m2/repository/io/netty/netty-all/4.0.52.Final/netty-all-4.0.52.Final.jar:/home/user/.m2/repository/org/fusesource/leveldbjni/leveldbjni-all/1.8/leveldbjni-all-1.8.jar:/home/user/.m2/repository/com/sun/xml/bind/jaxb-core/2.3.0.1/jaxb-core-2.3.0.1.jar:/home/user/.m2/repository/javax/xml/bind/jaxb-api/2.3.0/jaxb-api-2.3.0.jar:/home/user/.m2/repository/javax/activation/activation/1.1.1/activation-1.1.1.jar:/home/user/.m2/repository/org/openjdk/jmh/jmh-core/1.19/jmh-core-1.19.jar:/home/user/.m2/repository/net/sf/jopt-simple/jopt-simple/4.6/jopt-simple-4.6.jar:/home/user/.m2/repository/org/openjdk/jmh/jmh-generator-annprocess/1.19/jmh-generator-annprocess-1.19.jar:/home/user/.m2/repository/io/dropwizard/metrics/metrics-core/3.2.4/metrics-core-3.2.4.jar:/home/user/.m2/repository/com/amazonaws/aws-java-sdk-s3/1.11.615/aws-java-sdk-s3-1.11.615.jar:/home/user/.m2/repository/com/amazonaws/aws-java-sdk-kms/1.11.615/aws-java-sdk-kms-1.11.615.jar:/home/user/.m2/repository/com/amazonaws/aws-java-sdk-core/1.11.615/aws-java-sdk-core-1.11.615.jar:/home/user/.m2/repository/software/amazon/ion/ion-java/1.0.2/ion-java-1.0.2.jar:/home/user/.m2/repository/com/fasterxml/jackson/dataformat/jackson-dataformat-cbor/2.9.9/jackson-dataformat-cbor-2.9.9.jar:/home/user/.m2/repository/joda-time/joda-time/2.9.9/joda-time-2.9.9.jar:/home/user/.m2/repository/com/amazonaws/jmespath-java/1.11.615/jmespath-java-1.11.615.jar:/home/user/.m2/repository/com/github/spotbugs/spotbugs/3.1.12/spotbugs-3.1.12.jar:/home/user/.m2/repository/org/ow2/asm/asm/5.0.4/asm-5.0.4.jar:/home/user/.m2/repository/org/ow2/asm/asm-analysis/7.0/asm-analysis-7.0.jar:/home/user/.m2/repository/org/ow2/asm/asm-commons/7.0/asm-commons-7.0.jar:/home/user/.m2/repository/org/ow2/asm/asm-tree/7.0/asm-tree-7.0.jar:/home/user/.m2/repository/org/ow2/asm/asm-util/7.0/asm-util-7.0.jar:/home/user/.m2/repository/org/apache/bcel/bcel/6.3/bcel-6.3.jar:/home/user/.m2/repository/net/jcip/jcip-annotations/1.0/jcip-annotations-1.0.jar:/home/user/.m2/repository/org/dom4j/dom4j/2.1.1/dom4j-2.1.1.jar:/home/user/.m2/repository/jaxen/jaxen/1.1.6/jaxen-1.1.6.jar:/home/user/.m2/repository/commons-lang/commons-lang/2.6/commons-lang-2.6.jar:/home/user/.m2/repository/com/github/spotbugs/spotbugs-annotations/3.1.12/spotbugs-annotations-3.1.12.jar:/home/user/.m2/repository/junit/junit/4.11/junit-4.11.jar:/home/user/.m2/repository/org/hamcrest/hamcrest-core/1.3/hamcrest-core-1.3.jar:/home/user/.m2/repository/org/apache/hadoop/hadoop-common/3.2.0/hadoop-common-3.2.0-tests.jar:/workdir/hadoop-ozone/integration-test/target/test-classes:/home/user/.m2/repository/org/apache/hadoop/hadoop-ozone-s3gateway/0.5.0-SNAPSHOT/hadoop-ozone-s3gateway-0.5.0-SNAPSHOT.jar:/home/user/.m2/repository/org/jboss/weld/servlet/weld-servlet/2.4.7.Final/weld-servlet-2.4.7.Final.jar:/home/user/.m2/repository/org/glassfish/jersey/containers/jersey-container-servlet-core/2.27/jersey-container-servlet-core-2.27.jar:/home/user/.m2/repository/org/glassfish/hk2/external/javax.inject/2.5.0-b42/javax.inject-2.5.0-b42.jar:/home/user/.m2/repository/org/glassfish/jersey/core/jersey-common/2.27/jersey-common-2.27.jar:/home/user/.m2/repository/org/glassfish/hk2/osgi-resource-locator/1.0.1/osgi-resource-locator-1.0.1.jar:/home/user/.m2/repository/javax/ws/rs/javax.ws.rs-api/2.1/javax.ws.rs-api-2.1.jar:/home/user/.m2/repository/org/glassfish/jersey/ext/cdi/jersey-cdi1x/2.27/jersey-cdi1x-2.27.jar:/home/user/.m2/repository/org/glassfish/jersey/inject/jersey-hk2/2.27/jersey-hk2-2.27.jar:/home/user/.m2/repository/org/glassfish/hk2/hk2-locator/2.5.0-b42/hk2-locator-2.5.0-b42.jar:/home/user/.m2/repository/org/javassist/javassist/3.22.0-CR2/javassist-3.22.0-CR2.jar:/home/user/.m2/repository/org/glassfish/hk2/hk2-api/2.5.0/hk2-api-2.5.0.jar:/home/user/.m2/repository/org/glassfish/hk2/external/jakarta.inject/2.5.0/jakarta.inject-2.5.0.jar:/home/user/.m2/repository/org/glassfish/hk2/hk2-utils/2.5.0/hk2-utils-2.5.0.jar:/home/user/.m2/repository/jakarta/annotation/jakarta.annotation-api/1.3.4/jakarta.annotation-api-1.3.4.jar:/home/user/.m2/repository/org/glassfish/hk2/external/aopalliance-repackaged/2.5.0/aopalliance-repackaged-2.5.0.jar:/home/user/.m2/repository/com/fasterxml/jackson/dataformat/jackson-dataformat-xml/2.9.0/jackson-dataformat-xml-2.9.0.jar:/home/user/.m2/repository/com/fasterxml/jackson/module/jackson-module-jaxb-annotations/2.9.9/jackson-module-jaxb-annotations-2.9.9.jar:/home/user/.m2/repository/javax/enterprise/cdi-api/1.2/cdi-api-1.2.jar:/home/user/.m2/repository/javax/el/javax.el-api/3.0.0/javax.el-api-3.0.0.jar:/home/user/.m2/repository/javax/interceptor/javax.interceptor-api/1.2/javax.interceptor-api-1.2.jar:/home/user/.m2/repository/javax/inject/javax.inject/1/javax.inject-1.jar:/home/user/.m2/repository/org/apache/hadoop/hadoop-ozone-csi/0.5.0-SNAPSHOT/hadoop-ozone-csi-0.5.0-SNAPSHOT.jar:/home/user/.m2/repository/com/google/protobuf/protobuf-java-util/3.5.1/protobuf-java-util-3.5.1.jar:/home/user/.m2/repository/io/grpc/grpc-netty/1.17.1/grpc-netty-1.17.1.jar:/home/user/.m2/repository/io/grpc/grpc-core/1.17.1/grpc-core-1.17.1.jar:/home/user/.m2/repository/io/grpc/grpc-context/1.17.1/grpc-context-1.17.1.jar:/home/user/.m2/repository/com/google/errorprone/error_prone_annotations/2.2.0/error_prone_annotations-2.2.0.jar:/home/user/.m2/repository/org/codehaus/mojo/animal-sniffer-annotations/1.17/animal-sniffer-annotations-1.17.jar:/home/user/.m2/repository/io/opencensus/opencensus-api/0.17.0/opencensus-api-0.17.0.jar:/home/user/.m2/repository/io/opencensus/opencensus-contrib-grpc-metrics/0.17.0/opencensus-contrib-grpc-metrics-0.17.0.jar:/home/user/.m2/repository/io/netty/netty-codec-http2/4.1.30.Final/netty-codec-http2-4.1.30.Final.jar:/home/user/.m2/repository/io/netty/netty-codec-http/4.1.30.Final/netty-codec-http-4.1.30.Final.jar:/home/user/.m2/repository/io/netty/netty-codec/4.1.30.Final/netty-codec-4.1.30.Final.jar:/home/user/.m2/repository/io/netty/netty-handler/4.1.30.Final/netty-handler-4.1.30.Final.jar:/home/user/.m2/repository/io/netty/netty-handler-proxy/4.1.30.Final/netty-handler-proxy-4.1.30.Final.jar:/home/user/.m2/repository/io/netty/netty-codec-socks/4.1.30.Final/netty-codec-socks-4.1.30.Final.jar:/home/user/.m2/repository/io/netty/netty-transport-native-epoll/4.1.30.Final/netty-transport-native-epoll-4.1.30.Final.jar:/home/user/.m2/repository/io/netty/netty-common/4.1.30.Final/netty-common-4.1.30.Final.jar:/home/user/.m2/repository/io/netty/netty-buffer/4.1.30.Final/netty-buffer-4.1.30.Final.jar:/home/user/.m2/repository/io/netty/netty-transport/4.1.30.Final/netty-transport-4.1.30.Final.jar:/home/user/.m2/repository/io/netty/netty-resolver/4.1.30.Final/netty-resolver-4.1.30.Final.jar:/home/user/.m2/repository/io/netty/netty-transport-native-unix-common/4.1.30.Final/netty-transport-native-unix-common-4.1.30.Final.jar:/home/user/.m2/repository/io/grpc/grpc-protobuf/1.17.1/grpc-protobuf-1.17.1.jar:/home/user/.m2/repository/com/google/api/grpc/proto-google-common-protos/1.0.0/proto-google-common-protos-1.0.0.jar:/home/user/.m2/repository/io/grpc/grpc-protobuf-lite/1.17.1/grpc-protobuf-lite-1.17.1.jar:/home/user/.m2/repository/io/grpc/grpc-stub/1.17.1/grpc-stub-1.17.1.jar:/home/user/.m2/repository/org/apache/hadoop/hadoop-ozone-recon/0.5.0-SNAPSHOT/hadoop-ozone-recon-0.5.0-SNAPSHOT.jar:/home/user/.m2/repository/org/apache/hadoop/hadoop-ozone-reconcodegen/0.5.0-SNAPSHOT/hadoop-ozone-reconcodegen-0.5.0-SNAPSHOT.jar:/home/user/.m2/repository/com/google/inject/extensions/guice-multibindings/4.0/guice-multibindings-4.0.jar:/home/user/.m2/repository/com/google/inject/guice/4.0/guice-4.0.jar:/home/user/.m2/repository/aopalliance/aopalliance/1.0/aopalliance-1.0.jar:/home/user/.m2/repository/com/google/inject/extensions/guice-servlet/4.0/guice-servlet-4.0.jar:/home/user/.m2/repository/org/glassfish/jersey/containers/jersey-container-servlet/2.27/jersey-container-servlet-2.27.jar:/home/user/.m2/repository/org/glassfish/hk2/guice-bridge/2.5.0/guice-bridge-2.5.0.jar:/home/user/.m2/repository/org/glassfish/jersey/core/jersey-server/2.27/jersey-server-2.27.jar:/home/user/.m2/repository/org/glassfish/jersey/core/jersey-client/2.27/jersey-client-2.27.jar:/home/user/.m2/repository/org/glassfish/jersey/media/jersey-media-jaxb/2.27/jersey-media-jaxb-2.27.jar:/home/user/.m2/repository/javax/validation/validation-api/1.1.0.Final/validation-api-1.1.0.Final.jar:/home/user/.m2/repository/org/glassfish/jersey/media/jersey-media-json-jackson/2.27/jersey-media-json-jackson-2.27.jar:/home/user/.m2/repository/org/glassfish/jersey/ext/jersey-entity-filtering/2.27/jersey-entity-filtering-2.27.jar:/home/user/.m2/repository/com/google/inject/extensions/guice-assistedinject/4.0/guice-assistedinject-4.0.jar:/home/user/.m2/repository/org/jooq/jooq/3.11.10/jooq-3.11.10.jar:/home/user/.m2/repository/org/jooq/jooq-meta/3.11.10/jooq-meta-3.11.10.jar:/home/user/.m2/repository/org/jooq/jooq-codegen/3.11.10/jooq-codegen-3.11.10.jar:/home/user/.m2/repository/com/jolbox/bonecp/0.8.0.RELEASE/bonecp-0.8.0.RELEASE.jar:/home/user/.m2/repository/org/springframework/spring-jdbc/5.1.3.RELEASE/spring-jdbc-5.1.3.RELEASE.jar:/home/user/.m2/repository/org/springframework/spring-beans/5.1.3.RELEASE/spring-beans-5.1.3.RELEASE.jar:/home/user/.m2/repository/org/springframework/spring-core/5.1.3.RELEASE/spring-core-5.1.3.RELEASE.jar:/home/user/.m2/repository/org/springframework/spring-jcl/5.1.3.RELEASE/spring-jcl-5.1.3.RELEASE.jar:/home/user/.m2/repository/org/springframework/spring-tx/5.1.3.RELEASE/spring-tx-5.1.3.RELEASE.jar:/home/user/.m2/repository/org/mockito/mockito-core/2.15.0/mockito-core-2.15.0.jar:/home/user/.m2/repository/net/bytebuddy/byte-buddy/1.7.9/byte-buddy-1.7.9.jar:/home/user/.m2/repository/net/bytebuddy/byte-buddy-agent/1.7.9/byte-buddy-agent-1.7.9.jar:/home/user/.m2/repository/org/objenesis/objenesis/1.0/objenesis-1.0.jar:"/>
    <property name="sun.cpu.endian" value="little"/>
    <property name="user.home" value="/home/user"/>
    <property name="user.language" value="en"/>
    <property name="java.specification.vendor" value="Oracle Corporation"/>
    <property name="java.home" value="/usr/lib/jvm/java-1.8.0-openjdk-1.8.0.222.b10-1.el7_7.x86_64/jre"/>
    <property name="surefire.excludesFile" value="/tools/ozone-bad-unit-tests"/>
    <property name="java.security.krb5.conf" value="/workdir/hadoop-ozone/tools/target/test-classes/krb5.conf"/>
    <property name="basedir" value="/workdir/hadoop-ozone/tools"/>
    <property name="file.separator" value="/"/>
    <property name="line.separator" value="&#10;"/>
    <property name="java.vm.specification.vendor" value="Oracle Corporation"/>
    <property name="java.specification.name" value="Java Platform API Specification"/>
    <property name="java.awt.graphicsenv" value="sun.awt.X11GraphicsEnvironment"/>
    <property name="surefire.real.class.path" value="/workdir/hadoop-ozone/tools/target/surefire/surefirebooter6227805230579733083.jar"/>
    <property name="hadoop.log.dir" value="/workdir/hadoop-ozone/tools/target/log"/>
    <property name="sun.boot.class.path" value="/usr/lib/jvm/java-1.8.0-openjdk-1.8.0.222.b10-1.el7_7.x86_64/jre/lib/resources.jar:/usr/lib/jvm/java-1.8.0-openjdk-1.8.0.222.b10-1.el7_7.x86_64/jre/lib/rt.jar:/usr/lib/jvm/java-1.8.0-openjdk-1.8.0.222.b10-1.el7_7.x86_64/jre/lib/sunrsasign.jar:/usr/lib/jvm/java-1.8.0-openjdk-1.8.0.222.b10-1.el7_7.x86_64/jre/lib/jsse.jar:/usr/lib/jvm/java-1.8.0-openjdk-1.8.0.222.b10-1.el7_7.x86_64/jre/lib/jce.jar:/usr/lib/jvm/java-1.8.0-openjdk-1.8.0.222.b10-1.el7_7.x86_64/jre/lib/charsets.jar:/usr/lib/jvm/java-1.8.0-openjdk-1.8.0.222.b10-1.el7_7.x86_64/jre/lib/jfr.jar:/usr/lib/jvm/java-1.8.0-openjdk-1.8.0.222.b10-1.el7_7.x86_64/jre/classes"/>
    <property name="sun.management.compiler" value="HotSpot 64-Bit Tiered Compilers"/>
    <property name="java.runtime.version" value="1.8.0_222-b10"/>
    <property name="java.net.preferIPv4Stack" value="true"/>
    <property name="user.name" value="jenkins1000"/>
    <property name="path.separator" value=":"/>
    <property name="java.security.egd" value="file:///dev/urandom"/>
    <property name="os.version" value="3.10.0-957.12.2.el7.x86_64"/>
    <property name="java.endorsed.dirs" value="/usr/lib/jvm/java-1.8.0-openjdk-1.8.0.222.b10-1.el7_7.x86_64/jre/lib/endorsed"/>
    <property name="java.runtime.name" value="OpenJDK Runtime Environment"/>
    <property name="file.encoding" value="ANSI_X3.4-1968"/>
    <property name="java.vm.name" value="OpenJDK 64-Bit Server VM"/>
    <property name="test.build.webapps" value=""/>
    <property name="localRepository" value="/home/user/.m2/repository"/>
    <property name="java.vendor.url.bug" value="http://bugreport.sun.com/bugreport/"/>
    <property name="java.io.tmpdir" value="/tmp"/>
    <property name="require.test.libhadoop" value=""/>
    <property name="java.version" value="1.8.0_222"/>
    <property name="user.dir" value="/workdir/hadoop-ozone/tools"/>
    <property name="os.arch" value="amd64"/>
    <property name="java.vm.specification.name" value="Java Virtual Machine Specification"/>
    <property name="test.build.classes" value="/workdir/hadoop-ozone/tools/target/test-classes"/>
    <property name="java.awt.printerjob" value="sun.print.PSPrinterJob"/>
    <property name="sun.os.patch.level" value="unknown"/>
    <property name="hadoop.tmp.dir" value="/workdir/hadoop-ozone/tools/target/tmp"/>
    <property name="java.library.path" value="/usr/lib:/workdir/hadoop-ozone/tools/target/native/target/usr/local/lib:/workdir/hadoop-ozone/tools/../../hadoop-common-project/hadoop-common/target/native/target/usr/local/lib:/usr/java/packages/lib/amd64:/usr/lib64:/lib64:/lib:/usr/lib"/>
    <property name="java.vm.info" value="mixed mode"/>
    <property name="java.vendor" value="Oracle Corporation"/>
    <property name="java.vm.version" value="25.222-b10"/>
    <property name="java.ext.dirs" value="/usr/lib/jvm/java-1.8.0-openjdk-1.8.0.222.b10-1.el7_7.x86_64/jre/lib/ext:/usr/java/packages/lib/ext"/>
    <property name="sun.io.unicode.encoding" value="UnicodeLittle"/>
    <property name="java.class.version" value="52.0"/>
  </properties>
  <testcase name="testRestart" classname="org.apache.hadoop.ozone.freon.TestFreonWithPipelineDestroy" time="19.41">
    <error message="INTERNAL_ERROR org.apache.hadoop.ozone.om.exceptions.OMException: Allocated 0 blocks. Requested 5 blocks" type="java.lang.RuntimeException">java.lang.RuntimeException: INTERNAL_ERROR org.apache.hadoop.ozone.om.exceptions.OMException: Allocated 0 blocks. Requested 5 blocks
	at org.apache.hadoop.ozone.freon.RandomKeyGenerator.call(RandomKeyGenerator.java:341)
	at org.apache.hadoop.ozone.freon.TestFreonWithPipelineDestroy.startFreon(TestFreonWithPipelineDestroy.java:87)
	at org.apache.hadoop.ozone.freon.TestFreonWithPipelineDestroy.testRestart(TestFreonWithPipelineDestroy.java:74)
	at sun.reflect.NativeMethodAccessorImpl.invoke0(Native Method)
	at sun.reflect.NativeMethodAccessorImpl.invoke(NativeMethodAccessorImpl.java:62)
	at sun.reflect.DelegatingMethodAccessorImpl.invoke(DelegatingMethodAccessorImpl.java:43)
	at java.lang.reflect.Method.invoke(Method.java:498)
	at org.junit.runners.model.FrameworkMethod$1.runReflectiveCall(FrameworkMethod.java:47)
	at org.junit.internal.runners.model.ReflectiveCallable.run(ReflectiveCallable.java:12)
	at org.junit.runners.model.FrameworkMethod.invokeExplosively(FrameworkMethod.java:44)
	at org.junit.internal.runners.statements.InvokeMethod.evaluate(InvokeMethod.java:17)
	at org.junit.runners.ParentRunner.runLeaf(ParentRunner.java:271)
	at org.junit.runners.BlockJUnit4ClassRunner.runChild(BlockJUnit4ClassRunner.java:70)
	at org.junit.runners.BlockJUnit4ClassRunner.runChild(BlockJUnit4ClassRunner.java:50)
	at org.junit.runners.ParentRunner$3.run(ParentRunner.java:238)
	at org.junit.runners.ParentRunner$1.schedule(ParentRunner.java:63)
	at org.junit.runners.ParentRunner.runChildren(ParentRunner.java:236)
	at org.junit.runners.ParentRunner.access$000(ParentRunner.java:53)
	at org.junit.runners.ParentRunner$2.evaluate(ParentRunner.java:229)
	at org.junit.internal.runners.statements.RunBefores.evaluate(RunBefores.java:26)
	at org.junit.internal.runners.statements.RunAfters.evaluate(RunAfters.java:27)
	at org.junit.runners.ParentRunner.run(ParentRunner.java:309)
	at org.apache.maven.surefire.junit4.JUnit4Provider.execute(JUnit4Provider.java:365)
	at org.apache.maven.surefire.junit4.JUnit4Provider.executeWithRerun(JUnit4Provider.java:273)
	at org.apache.maven.surefire.junit4.JUnit4Provider.executeTestSet(JUnit4Provider.java:238)
	at org.apache.maven.surefire.junit4.JUnit4Provider.invoke(JUnit4Provider.java:159)
	at org.apache.maven.surefire.booter.ForkedBooter.invokeProviderInSameClassLoader(ForkedBooter.java:384)
	at org.apache.maven.surefire.booter.ForkedBooter.runSuitesInProcess(ForkedBooter.java:345)
	at org.apache.maven.surefire.booter.ForkedBooter.execute(ForkedBooter.java:126)
	at org.apache.maven.surefire.booter.ForkedBooter.main(ForkedBooter.java:418)
Caused by: INTERNAL_ERROR org.apache.hadoop.ozone.om.exceptions.OMException: Allocated 0 blocks. Requested 5 blocks
	at org.apache.hadoop.ozone.om.protocolPB.OzoneManagerProtocolClientSideTranslatorPB.handleError(OzoneManagerProtocolClientSideTranslatorPB.java:761)
	at org.apache.hadoop.ozone.om.protocolPB.OzoneManagerProtocolClientSideTranslatorPB.openKey(OzoneManagerProtocolClientSideTranslatorPB.java:752)
	at sun.reflect.NativeMethodAccessorImpl.invoke0(Native Method)
	at sun.reflect.NativeMethodAccessorImpl.invoke(NativeMethodAccessorImpl.java:62)
	at sun.reflect.DelegatingMethodAccessorImpl.invoke(DelegatingMethodAccessorImpl.java:43)
	at java.lang.reflect.Method.invoke(Method.java:498)
	at org.apache.hadoop.hdds.tracing.TraceAllMethod.invoke(TraceAllMethod.java:66)
	at com.sun.proxy.$Proxy37.openKey(Unknown Source)
	at org.apache.hadoop.ozone.client.rpc.RpcClient.createKey(RpcClient.java:633)
	at org.apache.hadoop.ozone.client.OzoneBucket.createKey(OzoneBucket.java:325)
	at org.apache.hadoop.ozone.freon.RandomKeyGenerator.createKey(RandomKeyGenerator.java:697)
	at org.apache.hadoop.ozone.freon.RandomKeyGenerator.access$1100(RandomKeyGenerator.java:88)
	at org.apache.hadoop.ozone.freon.RandomKeyGenerator$ObjectCreator.run(RandomKeyGenerator.java:615)
	at java.util.concurrent.Executors$RunnableAdapter.call(Executors.java:511)
	at java.util.concurrent.FutureTask.run(FutureTask.java:266)
	at java.util.concurrent.ThreadPoolExecutor.runWorker(ThreadPoolExecutor.java:1149)
	at java.util.concurrent.ThreadPoolExecutor$Worker.run(ThreadPoolExecutor.java:624)
	at java.lang.Thread.run(Thread.java:748)
</error>
    <system-out><![CDATA[2019-11-15 13:31:59,512 [main] WARN  server.ServerUtils (ServerUtils.java:getScmDbDir(145)) - ozone.scm.db.dirs is not configured. We recommend adding this setting. Falling back to ozone.metadata.dirs instead.
2019-11-15 13:31:59,637 [main] WARN  server.ServerUtils (ServerUtils.java:getScmDbDir(145)) - ozone.scm.db.dirs is not configured. We recommend adding this setting. Falling back to ozone.metadata.dirs instead.
2019-11-15 13:31:59,641 [main] WARN  server.ServerUtils (ServerUtils.java:getScmDbDir(145)) - ozone.scm.db.dirs is not configured. We recommend adding this setting. Falling back to ozone.metadata.dirs instead.
2019-11-15 13:31:59,668 [main] INFO  util.log (Log.java:initialized(192)) - Logging initialized @952ms
2019-11-15 13:31:59,783 [main] INFO  db.DBStoreBuilder (DBStoreBuilder.java:addTable(127)) - using custom profile for table: deletedBlocks
2019-11-15 13:31:59,783 [main] INFO  db.DBStoreBuilder (DBStoreBuilder.java:processTables(183)) - Using default column profile:DBProfile.DISK for Table:deletedBlocks
2019-11-15 13:31:59,784 [main] INFO  db.DBStoreBuilder (DBStoreBuilder.java:addTable(127)) - using custom profile for table: validCerts
2019-11-15 13:31:59,784 [main] INFO  db.DBStoreBuilder (DBStoreBuilder.java:processTables(183)) - Using default column profile:DBProfile.DISK for Table:validCerts
2019-11-15 13:31:59,784 [main] INFO  db.DBStoreBuilder (DBStoreBuilder.java:addTable(127)) - using custom profile for table: revokedCerts
2019-11-15 13:31:59,785 [main] INFO  db.DBStoreBuilder (DBStoreBuilder.java:processTables(183)) - Using default column profile:DBProfile.DISK for Table:revokedCerts
2019-11-15 13:31:59,800 [main] INFO  db.DBStoreBuilder (DBStoreBuilder.java:addTable(127)) - using custom profile for table: default
2019-11-15 13:31:59,801 [main] INFO  db.DBStoreBuilder (DBStoreBuilder.java:processTables(189)) - Using default column profile:DBProfile.DISK for Table:default
2019-11-15 13:31:59,802 [main] INFO  db.DBStoreBuilder (DBStoreBuilder.java:getDbProfile(220)) - Using default options. DBProfile.DISK
2019-11-15 13:32:00,101 [main] INFO  net.NodeSchemaLoader (NodeSchemaLoader.java:loadSchemaFromFile(125)) - Loading file from sun.misc.CompoundEnumeration@5e0e82ae
2019-11-15 13:32:00,103 [main] INFO  net.NodeSchemaLoader (NodeSchemaLoader.java:loadSchema(171)) - Loading network topology layer schema file
2019-11-15 13:32:00,163 [main] INFO  node.SCMNodeManager (SCMNodeManager.java:<init>(116)) - Entering startup safe mode.
2019-11-15 13:32:00,227 [main] INFO  algorithms.ContainerPlacementPolicyFactory (ContainerPlacementPolicyFactory.java:getPolicy(57)) - Create container placement policy of type org.apache.hadoop.hdds.scm.container.placement.algorithms.SCMContainerPlacementRandom
2019-11-15 13:32:00,241 [main] WARN  server.ServerUtils (ServerUtils.java:getScmDbDir(145)) - ozone.scm.db.dirs is not configured. We recommend adding this setting. Falling back to ozone.metadata.dirs instead.
2019-11-15 13:32:00,321 [main] INFO  pipeline.SCMPipelineManager (SCMPipelineManager.java:initializePipelineState(136)) - No pipeline exists in current db
2019-11-15 13:32:00,323 [main] WARN  server.ServerUtils (ServerUtils.java:getScmDbDir(145)) - ozone.scm.db.dirs is not configured. We recommend adding this setting. Falling back to ozone.metadata.dirs instead.
2019-11-15 13:32:00,490 [main] INFO  safemode.HealthyPipelineSafeModeRule (HealthyPipelineSafeModeRule.java:<init>(92)) -  Total pipeline count is 0, healthy pipeline threshold count is 1
2019-11-15 13:32:00,494 [main] INFO  safemode.OneReplicaPipelineSafeModeRule (OneReplicaPipelineSafeModeRule.java:<init>(79)) - Total pipeline count is 0, pipeline's with at least one datanode reported threshold count is 0
2019-11-15 13:32:00,494 [main] WARN  events.EventQueue (EventQueue.java:fireEvent(183)) - No event handler registered for event TypedEvent{payloadType=SafeModeStatus, name='SafeModeStatus'}
2019-11-15 13:32:00,854 [main] INFO  ipc.CallQueueManager (CallQueueManager.java:<init>(84)) - Using callQueue: class java.util.concurrent.LinkedBlockingQueue, queueCapacity: 2000, scheduler: class org.apache.hadoop.ipc.DefaultRpcScheduler, ipcBackoff: false.
2019-11-15 13:32:01,013 [Socket Reader #1 for port 46448] INFO  ipc.Server (Server.java:run(1074)) - Starting Socket Reader #1 for port 46448
2019-11-15 13:32:01,069 [main] INFO  ipc.CallQueueManager (CallQueueManager.java:<init>(84)) - Using callQueue: class java.util.concurrent.LinkedBlockingQueue, queueCapacity: 2000, scheduler: class org.apache.hadoop.ipc.DefaultRpcScheduler, ipcBackoff: false.
2019-11-15 13:32:01,071 [Socket Reader #1 for port 42214] INFO  ipc.Server (Server.java:run(1074)) - Starting Socket Reader #1 for port 42214
2019-11-15 13:32:01,083 [main] INFO  ipc.CallQueueManager (CallQueueManager.java:<init>(84)) - Using callQueue: class java.util.concurrent.LinkedBlockingQueue, queueCapacity: 2000, scheduler: class org.apache.hadoop.ipc.DefaultRpcScheduler, ipcBackoff: false.
2019-11-15 13:32:01,085 [Socket Reader #1 for port 33295] INFO  ipc.Server (Server.java:run(1074)) - Starting Socket Reader #1 for port 33295
2019-11-15 13:32:01,120 [main] INFO  hdfs.DFSUtil (DFSUtil.java:httpServerTemplateForNNAndJN(1641)) - Starting Web-server for scm at: http://0.0.0.0:0
2019-11-15 13:32:01,289 [main] INFO  server.AuthenticationFilter (AuthenticationFilter.java:constructSecretProvider(240)) - Unable to initialize FileSignerSecretProvider, falling back to use random secrets.
2019-11-15 13:32:01,305 [main] WARN  http.HttpRequestLog (HttpRequestLog.java:getRequestLog(97)) - Jetty request log can only be enabled using Log4j
2019-11-15 13:32:01,314 [main] INFO  http.HttpServer2 (HttpServer2.java:addGlobalFilter(975)) - Added global filter 'safety' (class=org.apache.hadoop.http.HttpServer2$QuotingInputFilter)
2019-11-15 13:32:01,318 [main] INFO  http.HttpServer2 (HttpServer2.java:addFilter(948)) - Added filter static_user_filter (class=org.apache.hadoop.http.lib.StaticUserWebFilter$StaticUserFilter) to context scm
2019-11-15 13:32:01,318 [main] INFO  http.HttpServer2 (HttpServer2.java:addFilter(958)) - Added filter static_user_filter (class=org.apache.hadoop.http.lib.StaticUserWebFilter$StaticUserFilter) to context static
2019-11-15 13:32:01,318 [main] INFO  http.HttpServer2 (HttpServer2.java:addFilter(958)) - Added filter static_user_filter (class=org.apache.hadoop.http.lib.StaticUserWebFilter$StaticUserFilter) to context logs
2019-11-15 13:32:01,344 [main] INFO  server.StorageContainerManager (StorageContainerManager.java:start(765)) - StorageContainerLocationProtocol RPC server is listening at /0.0.0.0:33295
2019-11-15 13:32:01,394 [main] WARN  impl.MetricsConfig (MetricsConfig.java:loadFirst(134)) - Cannot locate configuration: tried hadoop-metrics2-storagecontainermanager.properties,hadoop-metrics2.properties
2019-11-15 13:32:01,407 [main] INFO  impl.MetricsSystemImpl (MetricsSystemImpl.java:startTimer(374)) - Scheduled Metric snapshot period at 10 second(s).
2019-11-15 13:32:01,407 [main] INFO  impl.MetricsSystemImpl (MetricsSystemImpl.java:start(191)) - StorageContainerManager metrics system started
2019-11-15 13:32:01,638 [main] INFO  server.SCMClientProtocolServer (SCMClientProtocolServer.java:start(160)) - RPC server for Client  is listening at /0.0.0.0:33295
2019-11-15 13:32:01,640 [IPC Server Responder] INFO  ipc.Server (Server.java:run(1314)) - IPC Server Responder: starting
2019-11-15 13:32:01,640 [IPC Server listener on 33295] INFO  ipc.Server (Server.java:run(1153)) - IPC Server listener on 33295: starting
2019-11-15 13:32:01,643 [main] INFO  server.StorageContainerManager (StorageContainerManager.java:start(775)) - ScmBlockLocationProtocol RPC server is listening at /0.0.0.0:42214
2019-11-15 13:32:01,644 [main] INFO  server.SCMBlockProtocolServer (SCMBlockProtocolServer.java:start(146)) - RPC server for Block Protocol is listening at /0.0.0.0:42214
2019-11-15 13:32:01,645 [IPC Server Responder] INFO  ipc.Server (Server.java:run(1314)) - IPC Server Responder: starting
2019-11-15 13:32:01,645 [IPC Server listener on 42214] INFO  ipc.Server (Server.java:run(1153)) - IPC Server listener on 42214: starting
2019-11-15 13:32:01,647 [main] INFO  server.StorageContainerManager (StorageContainerManager.java:start(779)) - ScmDatanodeProtocl RPC server is listening at /0.0.0.0:46448
2019-11-15 13:32:01,647 [main] INFO  server.SCMDatanodeProtocolServer (SCMDatanodeProtocolServer.java:start(177)) - RPC server for DataNodes is listening at /0.0.0.0:46448
2019-11-15 13:32:01,648 [IPC Server Responder] INFO  ipc.Server (Server.java:run(1314)) - IPC Server Responder: starting
2019-11-15 13:32:01,648 [IPC Server listener on 46448] INFO  ipc.Server (Server.java:run(1153)) - IPC Server listener on 46448: starting
2019-11-15 13:32:01,652 [main] INFO  http.HttpServer2 (HttpServer2.java:bindListener(1191)) - Jetty bound to port 40568
2019-11-15 13:32:01,653 [main] INFO  server.Server (Server.java:doStart(351)) - jetty-9.3.25.v20180904, build timestamp: 2018-09-04T21:11:46Z, git hash: 3ce520221d0240229c862b122d2b06c12a625732
2019-11-15 13:32:01,685 [main] INFO  handler.ContextHandler (ContextHandler.java:doStart(781)) - Started o.e.j.s.ServletContextHandler@4bff64c2{/logs,file:///workdir/hadoop-ozone/tools/target/log,AVAILABLE}
2019-11-15 13:32:01,686 [main] INFO  handler.ContextHandler (ContextHandler.java:doStart(781)) - Started o.e.j.s.ServletContextHandler@3cc41abc{/static,jar:file:/home/user/.m2/repository/org/apache/hadoop/hadoop-hdds-server-scm/0.5.0-SNAPSHOT/hadoop-hdds-server-scm-0.5.0-SNAPSHOT.jar!/webapps/static,AVAILABLE}
2019-11-15 13:32:01,755 [main] INFO  handler.ContextHandler (ContextHandler.java:doStart(781)) - Started o.e.j.w.WebAppContext@5922ae77{/,file:///tmp/jetty-0.0.0.0-40568-scm-_-any-314159852541889814.dir/webapp/,AVAILABLE}{/scm}
2019-11-15 13:32:01,759 [main] INFO  server.AbstractConnector (AbstractConnector.java:doStart(278)) - Started ServerConnector@21362712{HTTP/1.1,[http/1.1]}{0.0.0.0:40568}
2019-11-15 13:32:01,760 [main] INFO  server.Server (Server.java:doStart(419)) - Started @3043ms
2019-11-15 13:32:01,762 [main] INFO  impl.MetricsSinkAdapter (MetricsSinkAdapter.java:start(204)) - Sink prometheus started
2019-11-15 13:32:01,762 [main] INFO  impl.MetricsSystemImpl (MetricsSystemImpl.java:registerSink(301)) - Registered sink prometheus
2019-11-15 13:32:01,765 [main] INFO  server.BaseHttpServer (BaseHttpServer.java:updateConnectorAddress(215)) - HTTP server of SCM is listening at http://0.0.0.0:40568
2019-11-15 13:32:01,773 [org.apache.hadoop.util.JvmPauseMonitor$Monitor@56b78e55] INFO  util.JvmPauseMonitor (JvmPauseMonitor.java:run(188)) - Starting JVM pause monitor
2019-11-15 13:32:01,777 [main] WARN  server.ServerUtils (ServerUtils.java:getDBPath(222)) - ozone.om.db.dirs is not configured. We recommend adding this setting. Falling back to ozone.metadata.dirs instead.
2019-11-15 13:32:01,894 [main] INFO  ha.OMHANodeDetails (OMHANodeDetails.java:loadOMHAConfig(190)) - Configuration either no ozone.om.address set. Falling back to the default OM address /127.0.0.1:0
2019-11-15 13:32:01,894 [main] INFO  ha.OMHANodeDetails (OMHANodeDetails.java:getOMNodeDetails(220)) - OM Service ID is not set. Setting it to the default ID: omServiceIdDefault
2019-11-15 13:32:01,896 [main] WARN  server.ServerUtils (ServerUtils.java:getDBPath(222)) - ozone.om.db.dirs is not configured. We recommend adding this setting. Falling back to ozone.metadata.dirs instead.
2019-11-15 13:32:01,897 [main] WARN  server.ServerUtils (ServerUtils.java:getDBPath(222)) - ozone.om.db.dirs is not configured. We recommend adding this setting. Falling back to ozone.metadata.dirs instead.
2019-11-15 13:32:02,526 [main] WARN  server.ServerUtils (ServerUtils.java:getDBPath(222)) - ozone.om.db.dirs is not configured. We recommend adding this setting. Falling back to ozone.metadata.dirs instead.
2019-11-15 13:32:02,534 [main] INFO  db.DBStoreBuilder (DBStoreBuilder.java:addTable(127)) - using custom profile for table: userTable
2019-11-15 13:32:02,534 [main] INFO  db.DBStoreBuilder (DBStoreBuilder.java:processTables(183)) - Using default column profile:DBProfile.DISK for Table:userTable
2019-11-15 13:32:02,534 [main] INFO  db.DBStoreBuilder (DBStoreBuilder.java:addTable(127)) - using custom profile for table: volumeTable
2019-11-15 13:32:02,534 [main] INFO  db.DBStoreBuilder (DBStoreBuilder.java:processTables(183)) - Using default column profile:DBProfile.DISK for Table:volumeTable
2019-11-15 13:32:02,535 [main] INFO  db.DBStoreBuilder (DBStoreBuilder.java:addTable(127)) - using custom profile for table: bucketTable
2019-11-15 13:32:02,535 [main] INFO  db.DBStoreBuilder (DBStoreBuilder.java:processTables(183)) - Using default column profile:DBProfile.DISK for Table:bucketTable
2019-11-15 13:32:02,535 [main] INFO  db.DBStoreBuilder (DBStoreBuilder.java:addTable(127)) - using custom profile for table: keyTable
2019-11-15 13:32:02,535 [main] INFO  db.DBStoreBuilder (DBStoreBuilder.java:processTables(183)) - Using default column profile:DBProfile.DISK for Table:keyTable
2019-11-15 13:32:02,536 [main] INFO  db.DBStoreBuilder (DBStoreBuilder.java:addTable(127)) - using custom profile for table: deletedTable
2019-11-15 13:32:02,536 [main] INFO  db.DBStoreBuilder (DBStoreBuilder.java:processTables(183)) - Using default column profile:DBProfile.DISK for Table:deletedTable
2019-11-15 13:32:02,536 [main] INFO  db.DBStoreBuilder (DBStoreBuilder.java:addTable(127)) - using custom profile for table: openKeyTable
2019-11-15 13:32:02,536 [main] INFO  db.DBStoreBuilder (DBStoreBuilder.java:processTables(183)) - Using default column profile:DBProfile.DISK for Table:openKeyTable
2019-11-15 13:32:02,537 [main] INFO  db.DBStoreBuilder (DBStoreBuilder.java:addTable(127)) - using custom profile for table: s3Table
2019-11-15 13:32:02,537 [main] INFO  db.DBStoreBuilder (DBStoreBuilder.java:processTables(183)) - Using default column profile:DBProfile.DISK for Table:s3Table
2019-11-15 13:32:02,537 [main] INFO  db.DBStoreBuilder (DBStoreBuilder.java:addTable(127)) - using custom profile for table: multipartInfoTable
2019-11-15 13:32:02,537 [main] INFO  db.DBStoreBuilder (DBStoreBuilder.java:processTables(183)) - Using default column profile:DBProfile.DISK for Table:multipartInfoTable
2019-11-15 13:32:02,538 [main] INFO  db.DBStoreBuilder (DBStoreBuilder.java:addTable(127)) - using custom profile for table: dTokenTable
2019-11-15 13:32:02,538 [main] INFO  db.DBStoreBuilder (DBStoreBuilder.java:processTables(183)) - Using default column profile:DBProfile.DISK for Table:dTokenTable
2019-11-15 13:32:02,538 [main] INFO  db.DBStoreBuilder (DBStoreBuilder.java:addTable(127)) - using custom profile for table: s3SecretTable
2019-11-15 13:32:02,538 [main] INFO  db.DBStoreBuilder (DBStoreBuilder.java:processTables(183)) - Using default column profile:DBProfile.DISK for Table:s3SecretTable
2019-11-15 13:32:02,539 [main] INFO  db.DBStoreBuilder (DBStoreBuilder.java:addTable(127)) - using custom profile for table: prefixTable
2019-11-15 13:32:02,539 [main] INFO  db.DBStoreBuilder (DBStoreBuilder.java:processTables(183)) - Using default column profile:DBProfile.DISK for Table:prefixTable
2019-11-15 13:32:02,539 [main] INFO  db.DBStoreBuilder (DBStoreBuilder.java:addTable(127)) - using custom profile for table: default
2019-11-15 13:32:02,540 [main] INFO  db.DBStoreBuilder (DBStoreBuilder.java:processTables(189)) - Using default column profile:DBProfile.DISK for Table:default
2019-11-15 13:32:02,540 [main] INFO  db.DBStoreBuilder (DBStoreBuilder.java:getDbProfile(220)) - Using default options. DBProfile.DISK
2019-11-15 13:32:03,278 [main] INFO  ipc.CallQueueManager (CallQueueManager.java:<init>(84)) - Using callQueue: class java.util.concurrent.LinkedBlockingQueue, queueCapacity: 2000, scheduler: class org.apache.hadoop.ipc.DefaultRpcScheduler, ipcBackoff: false.
2019-11-15 13:32:03,280 [Socket Reader #1 for port 41007] INFO  ipc.Server (Server.java:run(1074)) - Starting Socket Reader #1 for port 41007
2019-11-15 13:32:03,305 [main] INFO  om.OzoneManager (OzoneManager.java:start(1077)) - OzoneManager RPC server is listening at localhost/127.0.0.1:41007
2019-11-15 13:32:03,305 [main] INFO  impl.MetricsSystemImpl (MetricsSystemImpl.java:init(158)) - OzoneManager metrics system started (again)
2019-11-15 13:32:03,314 [IPC Server Responder] INFO  ipc.Server (Server.java:run(1314)) - IPC Server Responder: starting
2019-11-15 13:32:03,314 [IPC Server listener on 41007] INFO  ipc.Server (Server.java:run(1153)) - IPC Server listener on 41007: starting
2019-11-15 13:32:03,322 [main] INFO  hdfs.DFSUtil (DFSUtil.java:httpServerTemplateForNNAndJN(1641)) - Starting Web-server for ozoneManager at: http://0.0.0.0:0
2019-11-15 13:32:03,325 [main] INFO  server.AuthenticationFilter (AuthenticationFilter.java:constructSecretProvider(240)) - Unable to initialize FileSignerSecretProvider, falling back to use random secrets.
2019-11-15 13:32:03,326 [main] WARN  http.HttpRequestLog (HttpRequestLog.java:getRequestLog(97)) - Jetty request log can only be enabled using Log4j
2019-11-15 13:32:03,329 [main] INFO  http.HttpServer2 (HttpServer2.java:addGlobalFilter(975)) - Added global filter 'safety' (class=org.apache.hadoop.http.HttpServer2$QuotingInputFilter)
2019-11-15 13:32:03,331 [main] INFO  http.HttpServer2 (HttpServer2.java:addFilter(948)) - Added filter static_user_filter (class=org.apache.hadoop.http.lib.StaticUserWebFilter$StaticUserFilter) to context ozoneManager
2019-11-15 13:32:03,331 [main] INFO  http.HttpServer2 (HttpServer2.java:addFilter(958)) - Added filter static_user_filter (class=org.apache.hadoop.http.lib.StaticUserWebFilter$StaticUserFilter) to context static
2019-11-15 13:32:03,331 [main] INFO  http.HttpServer2 (HttpServer2.java:addFilter(958)) - Added filter static_user_filter (class=org.apache.hadoop.http.lib.StaticUserWebFilter$StaticUserFilter) to context logs
2019-11-15 13:32:03,335 [main] INFO  http.HttpServer2 (HttpServer2.java:bindListener(1191)) - Jetty bound to port 35482
2019-11-15 13:32:03,335 [main] INFO  server.Server (Server.java:doStart(351)) - jetty-9.3.25.v20180904, build timestamp: 2018-09-04T21:11:46Z, git hash: 3ce520221d0240229c862b122d2b06c12a625732
2019-11-15 13:32:03,338 [main] INFO  handler.ContextHandler (ContextHandler.java:doStart(781)) - Started o.e.j.s.ServletContextHandler@51751e5f{/logs,file:///workdir/hadoop-ozone/tools/target/log,AVAILABLE}
2019-11-15 13:32:03,339 [main] INFO  handler.ContextHandler (ContextHandler.java:doStart(781)) - Started o.e.j.s.ServletContextHandler@7068f7ca{/static,jar:file:/home/user/.m2/repository/org/apache/hadoop/hadoop-ozone-ozone-manager/0.5.0-SNAPSHOT/hadoop-ozone-ozone-manager-0.5.0-SNAPSHOT.jar!/webapps/static,AVAILABLE}
2019-11-15 13:32:03,407 [main] INFO  handler.ContextHandler (ContextHandler.java:doStart(781)) - Started o.e.j.w.WebAppContext@44f3fe83{/,file:///tmp/jetty-0.0.0.0-35482-ozoneManager-_-any-6309478402258987526.dir/webapp/,AVAILABLE}{/ozoneManager}
2019-11-15 13:32:03,408 [main] INFO  server.AbstractConnector (AbstractConnector.java:doStart(278)) - Started ServerConnector@44c5a16f{HTTP/1.1,[http/1.1]}{0.0.0.0:35482}
2019-11-15 13:32:03,408 [main] INFO  server.Server (Server.java:doStart(419)) - Started @4692ms
2019-11-15 13:32:03,409 [main] WARN  impl.MetricsSystemImpl (MetricsSystemImpl.java:register(276)) - Sink prometheus already exists!
2019-11-15 13:32:03,410 [main] INFO  server.BaseHttpServer (BaseHttpServer.java:updateConnectorAddress(215)) - HTTP server of OZONEMANAGER is listening at http://0.0.0.0:35482
2019-11-15 13:32:03,717 [main] INFO  impl.MetricsSystemImpl (MetricsSystemImpl.java:init(158)) - HddsDatanode metrics system started (again)
2019-11-15 13:32:03,768 [main] INFO  ozone.HddsDatanodeService (HddsDatanodeService.java:start(186)) - HddsDatanodeService host:pr-hdds-2448-del-container-94542-2491966341 ip:192.168.157.228
2019-11-15 13:32:03,806 [main] INFO  volume.HddsVolume (HddsVolume.java:<init>(176)) - Creating Volume: /workdir/hadoop-ozone/tools/target/test-dir/MiniOzoneClusterImpl-9f2fb995-f7ac-4156-8962-4c0588925236/datanode-0/data/containers/hdds of  storage type : DISK and capacity : 1482555576320
2019-11-15 13:32:03,809 [main] INFO  volume.VolumeSet (VolumeSet.java:initializeVolumeSet(170)) - Added Volume : /workdir/hadoop-ozone/tools/target/test-dir/MiniOzoneClusterImpl-9f2fb995-f7ac-4156-8962-4c0588925236/datanode-0/data/containers/hdds to VolumeSet
2019-11-15 13:32:03,812 [main] INFO  volume.ThrottledAsyncChecker (ThrottledAsyncChecker.java:schedule(141)) - Scheduling a check for /workdir/hadoop-ozone/tools/target/test-dir/MiniOzoneClusterImpl-9f2fb995-f7ac-4156-8962-4c0588925236/datanode-0/data/containers/hdds
2019-11-15 13:32:03,831 [main] INFO  volume.HddsVolumeChecker (HddsVolumeChecker.java:checkAllVolumes(204)) - Scheduled health check for volume /workdir/hadoop-ozone/tools/target/test-dir/MiniOzoneClusterImpl-9f2fb995-f7ac-4156-8962-4c0588925236/datanode-0/data/containers/hdds
2019-11-15 13:32:03,948 [main] INFO  impl.RaftServerProxy (ConfUtils.java:logGet(43)) - raft.rpc.type = GRPC (default)
2019-11-15 13:32:04,010 [main] INFO  grpc.GrpcFactory (GrpcFactory.java:checkPooledByteBufAllocatorUseCacheForAllThreads(45)) - PERFORMANCE WARNING: useCacheForAllThreads is true that may cause Netty to create a lot garbage objects and, as a result, trigger GC.
	It is recommended to disable useCacheForAllThreads by setting -Dorg.apache.ratis.thirdparty.io.netty.allocator.useCacheForAllThreads=false in command line.
2019-11-15 13:32:04,015 [main] INFO  grpc.GrpcConfigKeys$Server (ConfUtils.java:logGet(43)) - raft.grpc.server.port = 0 (default)
2019-11-15 13:32:04,016 [main] INFO  server.GrpcService (ConfUtils.java:logGet(43)) - raft.grpc.message.size.max = 33570816 (custom)
2019-11-15 13:32:04,018 [main] INFO  server.RaftServerConfigKeys (ConfUtils.java:logGet(43)) - raft.server.log.appender.buffer.byte-limit = 33554432 (custom)
2019-11-15 13:32:04,019 [main] INFO  server.GrpcService (ConfUtils.java:logGet(43)) - raft.grpc.flow.control.window = 1MB (=1048576) (default)
2019-11-15 13:32:04,019 [main] INFO  server.RaftServerConfigKeys (ConfUtils.java:logGet(43)) - raft.server.rpc.request.timeout = 3000ms (default)
2019-11-15 13:32:04,174 [main] INFO  server.RaftServerConfigKeys (ConfUtils.java:logGet(43)) - raft.server.storage.dir = [/workdir/hadoop-ozone/tools/target/test-dir/MiniOzoneClusterImpl-9f2fb995-f7ac-4156-8962-4c0588925236/datanode-0/data/ratis] (custom)
2019-11-15 13:32:04,222 [main] INFO  hdfs.DFSUtil (DFSUtil.java:httpServerTemplateForNNAndJN(1641)) - Starting Web-server for hddsDatanode at: http://0.0.0.0:0
2019-11-15 13:32:04,225 [main] INFO  server.AuthenticationFilter (AuthenticationFilter.java:constructSecretProvider(240)) - Unable to initialize FileSignerSecretProvider, falling back to use random secrets.
2019-11-15 13:32:04,226 [main] WARN  http.HttpRequestLog (HttpRequestLog.java:getRequestLog(97)) - Jetty request log can only be enabled using Log4j
2019-11-15 13:32:04,230 [main] INFO  http.HttpServer2 (HttpServer2.java:addGlobalFilter(975)) - Added global filter 'safety' (class=org.apache.hadoop.http.HttpServer2$QuotingInputFilter)
2019-11-15 13:32:04,232 [main] INFO  http.HttpServer2 (HttpServer2.java:addFilter(948)) - Added filter static_user_filter (class=org.apache.hadoop.http.lib.StaticUserWebFilter$StaticUserFilter) to context hddsDatanode
2019-11-15 13:32:04,232 [main] INFO  http.HttpServer2 (HttpServer2.java:addFilter(958)) - Added filter static_user_filter (class=org.apache.hadoop.http.lib.StaticUserWebFilter$StaticUserFilter) to context logs
2019-11-15 13:32:04,232 [main] INFO  http.HttpServer2 (HttpServer2.java:addFilter(958)) - Added filter static_user_filter (class=org.apache.hadoop.http.lib.StaticUserWebFilter$StaticUserFilter) to context static
2019-11-15 13:32:04,235 [main] INFO  http.HttpServer2 (HttpServer2.java:bindListener(1191)) - Jetty bound to port 39138
2019-11-15 13:32:04,235 [main] INFO  server.Server (Server.java:doStart(351)) - jetty-9.3.25.v20180904, build timestamp: 2018-09-04T21:11:46Z, git hash: 3ce520221d0240229c862b122d2b06c12a625732
2019-11-15 13:32:04,238 [main] INFO  handler.ContextHandler (ContextHandler.java:doStart(781)) - Started o.e.j.s.ServletContextHandler@5f038248{/logs,file:///workdir/hadoop-ozone/tools/target/log,AVAILABLE}
2019-11-15 13:32:04,239 [main] INFO  handler.ContextHandler (ContextHandler.java:doStart(781)) - Started o.e.j.s.ServletContextHandler@2e8a1ab4{/static,jar:file:/home/user/.m2/repository/org/apache/hadoop/hadoop-hdds-container-service/0.5.0-SNAPSHOT/hadoop-hdds-container-service-0.5.0-SNAPSHOT.jar!/webapps/static,AVAILABLE}
2019-11-15 13:32:04,285 [main] INFO  handler.ContextHandler (ContextHandler.java:doStart(781)) - Started o.e.j.w.WebAppContext@30364216{/,file:///tmp/jetty-0.0.0.0-39138-hddsDatanode-_-any-364261628092193117.dir/webapp/,AVAILABLE}{/hddsDatanode}
2019-11-15 13:32:04,286 [main] INFO  server.AbstractConnector (AbstractConnector.java:doStart(278)) - Started ServerConnector@38bb9d7a{HTTP/1.1,[http/1.1]}{0.0.0.0:39138}
2019-11-15 13:32:04,287 [main] INFO  server.Server (Server.java:doStart(419)) - Started @5570ms
2019-11-15 13:32:04,287 [main] WARN  impl.MetricsSystemImpl (MetricsSystemImpl.java:register(276)) - Sink prometheus already exists!
2019-11-15 13:32:04,289 [main] INFO  server.BaseHttpServer (BaseHttpServer.java:updateConnectorAddress(215)) - HTTP server of HDDSDATANODE is listening at http://0.0.0.0:39138
2019-11-15 13:32:04,290 [main] INFO  impl.MetricsSystemImpl (MetricsSystemImpl.java:init(158)) - HddsDatanode metrics system started (again)
2019-11-15 13:32:04,293 [main] INFO  ozone.HddsDatanodeService (HddsDatanodeService.java:start(186)) - HddsDatanodeService host:pr-hdds-2448-del-container-94542-2491966341 ip:192.168.157.228
2019-11-15 13:32:04,296 [org.apache.hadoop.util.JvmPauseMonitor$Monitor@8d2d630] INFO  util.JvmPauseMonitor (JvmPauseMonitor.java:run(188)) - Starting JVM pause monitor
2019-11-15 13:32:04,303 [main] INFO  volume.HddsVolume (HddsVolume.java:<init>(176)) - Creating Volume: /workdir/hadoop-ozone/tools/target/test-dir/MiniOzoneClusterImpl-9f2fb995-f7ac-4156-8962-4c0588925236/datanode-1/data/containers/hdds of  storage type : DISK and capacity : 1482555576320
2019-11-15 13:32:04,304 [main] INFO  volume.VolumeSet (VolumeSet.java:initializeVolumeSet(170)) - Added Volume : /workdir/hadoop-ozone/tools/target/test-dir/MiniOzoneClusterImpl-9f2fb995-f7ac-4156-8962-4c0588925236/datanode-1/data/containers/hdds to VolumeSet
2019-11-15 13:32:04,304 [main] INFO  volume.ThrottledAsyncChecker (ThrottledAsyncChecker.java:schedule(141)) - Scheduling a check for /workdir/hadoop-ozone/tools/target/test-dir/MiniOzoneClusterImpl-9f2fb995-f7ac-4156-8962-4c0588925236/datanode-1/data/containers/hdds
2019-11-15 13:32:04,305 [main] INFO  volume.HddsVolumeChecker (HddsVolumeChecker.java:checkAllVolumes(204)) - Scheduled health check for volume /workdir/hadoop-ozone/tools/target/test-dir/MiniOzoneClusterImpl-9f2fb995-f7ac-4156-8962-4c0588925236/datanode-1/data/containers/hdds
2019-11-15 13:32:04,320 [main] INFO  impl.RaftServerProxy (ConfUtils.java:logGet(43)) - raft.rpc.type = GRPC (default)
2019-11-15 13:32:04,320 [main] INFO  grpc.GrpcFactory (GrpcFactory.java:checkPooledByteBufAllocatorUseCacheForAllThreads(45)) - PERFORMANCE WARNING: useCacheForAllThreads is true that may cause Netty to create a lot garbage objects and, as a result, trigger GC.
	It is recommended to disable useCacheForAllThreads by setting -Dorg.apache.ratis.thirdparty.io.netty.allocator.useCacheForAllThreads=false in command line.
2019-11-15 13:32:04,321 [main] INFO  grpc.GrpcConfigKeys$Server (ConfUtils.java:logGet(43)) - raft.grpc.server.port = 0 (default)
2019-11-15 13:32:04,321 [main] INFO  server.GrpcService (ConfUtils.java:logGet(43)) - raft.grpc.message.size.max = 33570816 (custom)
2019-11-15 13:32:04,321 [main] INFO  server.RaftServerConfigKeys (ConfUtils.java:logGet(43)) - raft.server.log.appender.buffer.byte-limit = 33554432 (custom)
2019-11-15 13:32:04,321 [main] INFO  server.GrpcService (ConfUtils.java:logGet(43)) - raft.grpc.flow.control.window = 1MB (=1048576) (default)
2019-11-15 13:32:04,322 [main] INFO  server.RaftServerConfigKeys (ConfUtils.java:logGet(43)) - raft.server.rpc.request.timeout = 3000ms (default)
2019-11-15 13:32:04,322 [main] INFO  server.RaftServerConfigKeys (ConfUtils.java:logGet(43)) - raft.server.storage.dir = [/workdir/hadoop-ozone/tools/target/test-dir/MiniOzoneClusterImpl-9f2fb995-f7ac-4156-8962-4c0588925236/datanode-1/data/ratis] (custom)
2019-11-15 13:32:04,324 [main] INFO  hdfs.DFSUtil (DFSUtil.java:httpServerTemplateForNNAndJN(1641)) - Starting Web-server for hddsDatanode at: http://0.0.0.0:0
2019-11-15 13:32:04,326 [main] INFO  server.AuthenticationFilter (AuthenticationFilter.java:constructSecretProvider(240)) - Unable to initialize FileSignerSecretProvider, falling back to use random secrets.
2019-11-15 13:32:04,326 [main] WARN  http.HttpRequestLog (HttpRequestLog.java:getRequestLog(97)) - Jetty request log can only be enabled using Log4j
2019-11-15 13:32:04,328 [main] INFO  http.HttpServer2 (HttpServer2.java:addGlobalFilter(975)) - Added global filter 'safety' (class=org.apache.hadoop.http.HttpServer2$QuotingInputFilter)
2019-11-15 13:32:04,328 [main] INFO  http.HttpServer2 (HttpServer2.java:addFilter(948)) - Added filter static_user_filter (class=org.apache.hadoop.http.lib.StaticUserWebFilter$StaticUserFilter) to context hddsDatanode
2019-11-15 13:32:04,329 [main] INFO  http.HttpServer2 (HttpServer2.java:addFilter(958)) - Added filter static_user_filter (class=org.apache.hadoop.http.lib.StaticUserWebFilter$StaticUserFilter) to context logs
2019-11-15 13:32:04,329 [main] INFO  http.HttpServer2 (HttpServer2.java:addFilter(958)) - Added filter static_user_filter (class=org.apache.hadoop.http.lib.StaticUserWebFilter$StaticUserFilter) to context static
2019-11-15 13:32:04,330 [main] INFO  http.HttpServer2 (HttpServer2.java:bindListener(1191)) - Jetty bound to port 32851
2019-11-15 13:32:04,330 [main] INFO  server.Server (Server.java:doStart(351)) - jetty-9.3.25.v20180904, build timestamp: 2018-09-04T21:11:46Z, git hash: 3ce520221d0240229c862b122d2b06c12a625732
2019-11-15 13:32:04,334 [main] INFO  handler.ContextHandler (ContextHandler.java:doStart(781)) - Started o.e.j.s.ServletContextHandler@48d293ee{/logs,file:///workdir/hadoop-ozone/tools/target/log,AVAILABLE}
2019-11-15 13:32:04,334 [main] INFO  handler.ContextHandler (ContextHandler.java:doStart(781)) - Started o.e.j.s.ServletContextHandler@22587507{/static,jar:file:/home/user/.m2/repository/org/apache/hadoop/hadoop-hdds-container-service/0.5.0-SNAPSHOT/hadoop-hdds-container-service-0.5.0-SNAPSHOT.jar!/webapps/static,AVAILABLE}
2019-11-15 13:32:04,365 [main] INFO  handler.ContextHandler (ContextHandler.java:doStart(781)) - Started o.e.j.w.WebAppContext@51c959a4{/,file:///tmp/jetty-0.0.0.0-32851-hddsDatanode-_-any-4125640089884460677.dir/webapp/,AVAILABLE}{/hddsDatanode}
2019-11-15 13:32:04,366 [main] INFO  server.AbstractConnector (AbstractConnector.java:doStart(278)) - Started ServerConnector@4fc3c165{HTTP/1.1,[http/1.1]}{0.0.0.0:32851}
2019-11-15 13:32:04,367 [main] INFO  server.Server (Server.java:doStart(419)) - Started @5650ms
2019-11-15 13:32:04,367 [main] WARN  impl.MetricsSystemImpl (MetricsSystemImpl.java:register(276)) - Sink prometheus already exists!
2019-11-15 13:32:04,368 [main] INFO  server.BaseHttpServer (BaseHttpServer.java:updateConnectorAddress(215)) - HTTP server of HDDSDATANODE is listening at http://0.0.0.0:32851
2019-11-15 13:32:04,369 [main] INFO  impl.MetricsSystemImpl (MetricsSystemImpl.java:init(158)) - HddsDatanode metrics system started (again)
2019-11-15 13:32:04,373 [main] INFO  ozone.HddsDatanodeService (HddsDatanodeService.java:start(186)) - HddsDatanodeService host:pr-hdds-2448-del-container-94542-2491966341 ip:192.168.157.228
2019-11-15 13:32:04,373 [org.apache.hadoop.util.JvmPauseMonitor$Monitor@1ee7f250] INFO  util.JvmPauseMonitor (JvmPauseMonitor.java:run(188)) - Starting JVM pause monitor
2019-11-15 13:32:04,384 [main] INFO  volume.HddsVolume (HddsVolume.java:<init>(176)) - Creating Volume: /workdir/hadoop-ozone/tools/target/test-dir/MiniOzoneClusterImpl-9f2fb995-f7ac-4156-8962-4c0588925236/datanode-2/data/containers/hdds of  storage type : DISK and capacity : 1482555576320
2019-11-15 13:32:04,384 [main] INFO  volume.VolumeSet (VolumeSet.java:initializeVolumeSet(170)) - Added Volume : /workdir/hadoop-ozone/tools/target/test-dir/MiniOzoneClusterImpl-9f2fb995-f7ac-4156-8962-4c0588925236/datanode-2/data/containers/hdds to VolumeSet
2019-11-15 13:32:04,385 [main] INFO  volume.ThrottledAsyncChecker (ThrottledAsyncChecker.java:schedule(141)) - Scheduling a check for /workdir/hadoop-ozone/tools/target/test-dir/MiniOzoneClusterImpl-9f2fb995-f7ac-4156-8962-4c0588925236/datanode-2/data/containers/hdds
2019-11-15 13:32:04,385 [main] INFO  volume.HddsVolumeChecker (HddsVolumeChecker.java:checkAllVolumes(204)) - Scheduled health check for volume /workdir/hadoop-ozone/tools/target/test-dir/MiniOzoneClusterImpl-9f2fb995-f7ac-4156-8962-4c0588925236/datanode-2/data/containers/hdds
2019-11-15 13:32:04,405 [Datanode State Machine Thread - 0] INFO  datanode.InitDatanodeState (InitDatanodeState.java:persistContainerDatanodeDetails(140)) - DatanodeDetails is persisted to /workdir/hadoop-ozone/tools/target/test-dir/MiniOzoneClusterImpl-9f2fb995-f7ac-4156-8962-4c0588925236/datanode-0/meta/datanode.id
2019-11-15 13:32:04,406 [main] INFO  impl.RaftServerProxy (ConfUtils.java:logGet(43)) - raft.rpc.type = GRPC (default)
2019-11-15 13:32:04,408 [main] INFO  grpc.GrpcFactory (GrpcFactory.java:checkPooledByteBufAllocatorUseCacheForAllThreads(45)) - PERFORMANCE WARNING: useCacheForAllThreads is true that may cause Netty to create a lot garbage objects and, as a result, trigger GC.
	It is recommended to disable useCacheForAllThreads by setting -Dorg.apache.ratis.thirdparty.io.netty.allocator.useCacheForAllThreads=false in command line.
2019-11-15 13:32:04,408 [main] INFO  grpc.GrpcConfigKeys$Server (ConfUtils.java:logGet(43)) - raft.grpc.server.port = 0 (default)
2019-11-15 13:32:04,409 [main] INFO  server.GrpcService (ConfUtils.java:logGet(43)) - raft.grpc.message.size.max = 33570816 (custom)
2019-11-15 13:32:04,409 [main] INFO  server.RaftServerConfigKeys (ConfUtils.java:logGet(43)) - raft.server.log.appender.buffer.byte-limit = 33554432 (custom)
2019-11-15 13:32:04,409 [main] INFO  server.GrpcService (ConfUtils.java:logGet(43)) - raft.grpc.flow.control.window = 1MB (=1048576) (default)
2019-11-15 13:32:04,410 [main] INFO  server.RaftServerConfigKeys (ConfUtils.java:logGet(43)) - raft.server.rpc.request.timeout = 3000ms (default)
2019-11-15 13:32:04,410 [Datanode State Machine Thread - 0] INFO  datanode.InitDatanodeState (InitDatanodeState.java:persistContainerDatanodeDetails(140)) - DatanodeDetails is persisted to /workdir/hadoop-ozone/tools/target/test-dir/MiniOzoneClusterImpl-9f2fb995-f7ac-4156-8962-4c0588925236/datanode-1/meta/datanode.id
2019-11-15 13:32:04,411 [main] INFO  server.RaftServerConfigKeys (ConfUtils.java:logGet(43)) - raft.server.storage.dir = [/workdir/hadoop-ozone/tools/target/test-dir/MiniOzoneClusterImpl-9f2fb995-f7ac-4156-8962-4c0588925236/datanode-2/data/ratis] (custom)
2019-11-15 13:32:04,413 [main] INFO  hdfs.DFSUtil (DFSUtil.java:httpServerTemplateForNNAndJN(1641)) - Starting Web-server for hddsDatanode at: http://0.0.0.0:0
2019-11-15 13:32:04,415 [main] INFO  server.AuthenticationFilter (AuthenticationFilter.java:constructSecretProvider(240)) - Unable to initialize FileSignerSecretProvider, falling back to use random secrets.
2019-11-15 13:32:04,415 [main] WARN  http.HttpRequestLog (HttpRequestLog.java:getRequestLog(97)) - Jetty request log can only be enabled using Log4j
2019-11-15 13:32:04,417 [main] INFO  http.HttpServer2 (HttpServer2.java:addGlobalFilter(975)) - Added global filter 'safety' (class=org.apache.hadoop.http.HttpServer2$QuotingInputFilter)
2019-11-15 13:32:04,418 [main] INFO  http.HttpServer2 (HttpServer2.java:addFilter(948)) - Added filter static_user_filter (class=org.apache.hadoop.http.lib.StaticUserWebFilter$StaticUserFilter) to context hddsDatanode
2019-11-15 13:32:04,418 [main] INFO  http.HttpServer2 (HttpServer2.java:addFilter(958)) - Added filter static_user_filter (class=org.apache.hadoop.http.lib.StaticUserWebFilter$StaticUserFilter) to context static
2019-11-15 13:32:04,418 [main] INFO  http.HttpServer2 (HttpServer2.java:addFilter(958)) - Added filter static_user_filter (class=org.apache.hadoop.http.lib.StaticUserWebFilter$StaticUserFilter) to context logs
2019-11-15 13:32:04,420 [main] INFO  http.HttpServer2 (HttpServer2.java:bindListener(1191)) - Jetty bound to port 33544
2019-11-15 13:32:04,420 [main] INFO  server.Server (Server.java:doStart(351)) - jetty-9.3.25.v20180904, build timestamp: 2018-09-04T21:11:46Z, git hash: 3ce520221d0240229c862b122d2b06c12a625732
2019-11-15 13:32:04,422 [main] INFO  handler.ContextHandler (ContextHandler.java:doStart(781)) - Started o.e.j.s.ServletContextHandler@255eaa6b{/logs,file:///workdir/hadoop-ozone/tools/target/log,AVAILABLE}
2019-11-15 13:32:04,423 [main] INFO  handler.ContextHandler (ContextHandler.java:doStart(781)) - Started o.e.j.s.ServletContextHandler@7a0e7ecd{/static,jar:file:/home/user/.m2/repository/org/apache/hadoop/hadoop-hdds-container-service/0.5.0-SNAPSHOT/hadoop-hdds-container-service-0.5.0-SNAPSHOT.jar!/webapps/static,AVAILABLE}
2019-11-15 13:32:04,460 [main] INFO  handler.ContextHandler (ContextHandler.java:doStart(781)) - Started o.e.j.w.WebAppContext@6dd1c3ed{/,file:///tmp/jetty-0.0.0.0-33544-hddsDatanode-_-any-4956793304111726692.dir/webapp/,AVAILABLE}{/hddsDatanode}
2019-11-15 13:32:04,461 [main] INFO  server.AbstractConnector (AbstractConnector.java:doStart(278)) - Started ServerConnector@22a6e998{HTTP/1.1,[http/1.1]}{0.0.0.0:33544}
2019-11-15 13:32:04,461 [main] INFO  server.Server (Server.java:doStart(419)) - Started @5745ms
2019-11-15 13:32:04,461 [main] WARN  impl.MetricsSystemImpl (MetricsSystemImpl.java:register(276)) - Sink prometheus already exists!
2019-11-15 13:32:04,463 [main] INFO  server.BaseHttpServer (BaseHttpServer.java:updateConnectorAddress(215)) - HTTP server of HDDSDATANODE is listening at http://0.0.0.0:33544
2019-11-15 13:32:04,466 [main] INFO  ozone.MiniOzoneClusterImpl (MiniOzoneClusterImpl.java:lambda$waitForClusterToBeReady$0(150)) - Waiting for nodes to be ready. Got 0 of 3 DN Heartbeats.
2019-11-15 13:32:04,466 [main] INFO  ozone.MiniOzoneClusterImpl (MiniOzoneClusterImpl.java:lambda$waitForClusterToBeReady$0(153)) - Waiting for cluster to exit safe mode
2019-11-15 13:32:04,467 [org.apache.hadoop.util.JvmPauseMonitor$Monitor@31fe0757] INFO  util.JvmPauseMonitor (JvmPauseMonitor.java:run(188)) - Starting JVM pause monitor
2019-11-15 13:32:04,471 [Datanode State Machine Thread - 0] INFO  datanode.InitDatanodeState (InitDatanodeState.java:persistContainerDatanodeDetails(140)) - DatanodeDetails is persisted to /workdir/hadoop-ozone/tools/target/test-dir/MiniOzoneClusterImpl-9f2fb995-f7ac-4156-8962-4c0588925236/datanode-2/meta/datanode.id
2019-11-15 13:32:05,466 [main] INFO  ozone.MiniOzoneClusterImpl (MiniOzoneClusterImpl.java:lambda$waitForClusterToBeReady$0(150)) - Waiting for nodes to be ready. Got 0 of 3 DN Heartbeats.
2019-11-15 13:32:05,467 [main] INFO  ozone.MiniOzoneClusterImpl (MiniOzoneClusterImpl.java:lambda$waitForClusterToBeReady$0(153)) - Waiting for cluster to exit safe mode
2019-11-15 13:32:06,430 [Datanode State Machine Thread - 0] INFO  ozoneimpl.OzoneContainer (OzoneContainer.java:start(230)) - Attempting to start container services.
2019-11-15 13:32:06,430 [Datanode State Machine Thread - 0] INFO  ozoneimpl.OzoneContainer (OzoneContainer.java:start(230)) - Attempting to start container services.
2019-11-15 13:32:06,435 [Datanode State Machine Thread - 0] INFO  ozoneimpl.OzoneContainer (OzoneContainer.java:startContainerScrub(194)) - Background container scanner has been disabled.
2019-11-15 13:32:06,436 [Datanode State Machine Thread - 0] INFO  ratis.XceiverServerRatis (XceiverServerRatis.java:start(422)) - Starting XceiverServerRatis 647a87d1-7e8f-495e-97a0-d3fbbd373dc7 at port 0
2019-11-15 13:32:06,436 [Datanode State Machine Thread - 0] INFO  ozoneimpl.OzoneContainer (OzoneContainer.java:startContainerScrub(194)) - Background container scanner has been disabled.
2019-11-15 13:32:06,436 [Datanode State Machine Thread - 0] INFO  ratis.XceiverServerRatis (XceiverServerRatis.java:start(422)) - Starting XceiverServerRatis 0c284f5c-3293-4d46-b1a3-f8415c29b0db at port 0
2019-11-15 13:32:06,468 [main] INFO  ozone.MiniOzoneClusterImpl (MiniOzoneClusterImpl.java:lambda$waitForClusterToBeReady$0(150)) - Waiting for nodes to be ready. Got 0 of 3 DN Heartbeats.
2019-11-15 13:32:06,468 [main] INFO  ozone.MiniOzoneClusterImpl (MiniOzoneClusterImpl.java:lambda$waitForClusterToBeReady$0(153)) - Waiting for cluster to exit safe mode
2019-11-15 13:32:06,483 [Datanode State Machine Thread - 0] INFO  impl.RaftServerProxy (RaftServerProxy.java:lambda$start$3(299)) - 647a87d1-7e8f-495e-97a0-d3fbbd373dc7: start RPC server
2019-11-15 13:32:06,483 [Datanode State Machine Thread - 0] INFO  impl.RaftServerProxy (RaftServerProxy.java:lambda$start$3(299)) - 0c284f5c-3293-4d46-b1a3-f8415c29b0db: start RPC server
2019-11-15 13:32:06,492 [Datanode State Machine Thread - 0] INFO  ozoneimpl.OzoneContainer (OzoneContainer.java:start(230)) - Attempting to start container services.
2019-11-15 13:32:06,498 [Datanode State Machine Thread - 0] INFO  ozoneimpl.OzoneContainer (OzoneContainer.java:startContainerScrub(194)) - Background container scanner has been disabled.
2019-11-15 13:32:06,498 [Datanode State Machine Thread - 0] INFO  ratis.XceiverServerRatis (XceiverServerRatis.java:start(422)) - Starting XceiverServerRatis a24402c8-4554-4104-a5a4-d8d6d3f720e5 at port 0
2019-11-15 13:32:06,510 [Datanode State Machine Thread - 0] INFO  impl.RaftServerProxy (RaftServerProxy.java:lambda$start$3(299)) - a24402c8-4554-4104-a5a4-d8d6d3f720e5: start RPC server
2019-11-15 13:32:06,643 [Datanode State Machine Thread - 0] INFO  server.GrpcService (GrpcService.java:startImpl(158)) - a24402c8-4554-4104-a5a4-d8d6d3f720e5: GrpcService started, listening on 0.0.0.0/0.0.0.0:36053
2019-11-15 13:32:06,643 [Datanode State Machine Thread - 0] INFO  server.GrpcService (GrpcService.java:startImpl(158)) - 0c284f5c-3293-4d46-b1a3-f8415c29b0db: GrpcService started, listening on 0.0.0.0/0.0.0.0:42442
2019-11-15 13:32:06,643 [Datanode State Machine Thread - 0] INFO  server.GrpcService (GrpcService.java:startImpl(158)) - 647a87d1-7e8f-495e-97a0-d3fbbd373dc7: GrpcService started, listening on 0.0.0.0/0.0.0.0:33865
2019-11-15 13:32:06,644 [Datanode State Machine Thread - 0] INFO  ratis.XceiverServerRatis (XceiverServerRatis.java:start(432)) - XceiverServerRatis 0c284f5c-3293-4d46-b1a3-f8415c29b0db is started using port 42442
2019-11-15 13:32:06,644 [Datanode State Machine Thread - 0] INFO  ratis.XceiverServerRatis (XceiverServerRatis.java:start(432)) - XceiverServerRatis a24402c8-4554-4104-a5a4-d8d6d3f720e5 is started using port 36053
2019-11-15 13:32:06,645 [Datanode State Machine Thread - 0] INFO  ratis.XceiverServerRatis (XceiverServerRatis.java:start(432)) - XceiverServerRatis 647a87d1-7e8f-495e-97a0-d3fbbd373dc7 is started using port 33865
2019-11-15 13:32:06,650 [Datanode State Machine Thread - 0] INFO  server.XceiverServerGrpc (XceiverServerGrpc.java:start(145)) - XceiverServerGrpc 0c284f5c-3293-4d46-b1a3-f8415c29b0db is started using port 37414
2019-11-15 13:32:06,650 [Datanode State Machine Thread - 0] INFO  server.XceiverServerGrpc (XceiverServerGrpc.java:start(145)) - XceiverServerGrpc 647a87d1-7e8f-495e-97a0-d3fbbd373dc7 is started using port 46006
2019-11-15 13:32:06,650 [Datanode State Machine Thread - 0] INFO  server.XceiverServerGrpc (XceiverServerGrpc.java:start(145)) - XceiverServerGrpc a24402c8-4554-4104-a5a4-d8d6d3f720e5 is started using port 41105
2019-11-15 13:32:07,469 [main] INFO  ozone.MiniOzoneClusterImpl (MiniOzoneClusterImpl.java:lambda$waitForClusterToBeReady$0(150)) - Waiting for nodes to be ready. Got 0 of 3 DN Heartbeats.
2019-11-15 13:32:07,470 [main] INFO  ozone.MiniOzoneClusterImpl (MiniOzoneClusterImpl.java:lambda$waitForClusterToBeReady$0(153)) - Waiting for cluster to exit safe mode
2019-11-15 13:32:08,343 [IPC Server handler 0 on 46448] INFO  net.NetworkTopology (NetworkTopologyImpl.java:add(111)) - Added a new node: /default-rack/0c284f5c-3293-4d46-b1a3-f8415c29b0db
2019-11-15 13:32:08,344 [IPC Server handler 0 on 46448] INFO  node.SCMNodeManager (SCMNodeManager.java:register(267)) - Registered Data node : 0c284f5c-3293-4d46-b1a3-f8415c29b0db{ip: 192.168.157.228, host: pr-hdds-2448-del-container-94542-2491966341, networkLocation: /default-rack, certSerialId: null}
2019-11-15 13:32:08,348 [EventQueue-NodeRegistrationContainerReportForContainerSafeModeRule] INFO  safemode.SCMSafeModeManager (SCMSafeModeManager.java:validateSafeModeExitRules(176)) - ContainerSafeModeRule rule is successfully validated
2019-11-15 13:32:08,348 [EventQueue-NodeRegistrationContainerReportForDataNodeSafeModeRule] INFO  safemode.SCMSafeModeManager (DataNodeSafeModeRule.java:process(71)) - SCM in safe mode. 1 DataNodes registered, 1 required.
2019-11-15 13:32:08,348 [EventQueue-NodeRegistrationContainerReportForDataNodeSafeModeRule] INFO  safemode.SCMSafeModeManager (SCMSafeModeManager.java:validateSafeModeExitRules(176)) - DataNodeSafeModeRule rule is successfully validated
2019-11-15 13:32:08,353 [RatisPipelineUtilsThread] INFO  pipeline.RatisPipelineProvider (RatisPipelineProvider.java:lambda$create$4(163)) - Send pipeline:PipelineID=2461f99c-58b8-4015-931a-91d5982a0a49 create command to datanode 0c284f5c-3293-4d46-b1a3-f8415c29b0db
2019-11-15 13:32:08,367 [RatisPipelineUtilsThread] INFO  pipeline.PipelineStateManager (PipelineStateManager.java:addPipeline(55)) - Created pipeline Pipeline[ Id: 2461f99c-58b8-4015-931a-91d5982a0a49, Nodes: 0c284f5c-3293-4d46-b1a3-f8415c29b0db{ip: 192.168.157.228, host: pr-hdds-2448-del-container-94542-2491966341, networkLocation: /default-rack, certSerialId: null}, Type:RATIS, Factor:ONE, State:ALLOCATED]
2019-11-15 13:32:08,376 [IPC Server handler 1 on 46448] INFO  net.NetworkTopology (NetworkTopologyImpl.java:add(111)) - Added a new node: /default-rack/647a87d1-7e8f-495e-97a0-d3fbbd373dc7
2019-11-15 13:32:08,376 [IPC Server handler 1 on 46448] INFO  node.SCMNodeManager (SCMNodeManager.java:register(267)) - Registered Data node : 647a87d1-7e8f-495e-97a0-d3fbbd373dc7{ip: 192.168.157.228, host: pr-hdds-2448-del-container-94542-2491966341, networkLocation: /default-rack, certSerialId: null}
2019-11-15 13:32:08,376 [EventQueue-NodeRegistrationContainerReportForContainerSafeModeRule] INFO  safemode.SCMSafeModeManager (SCMSafeModeManager.java:validateSafeModeExitRules(176)) - ContainerSafeModeRule rule is successfully validated
2019-11-15 13:32:08,377 [EventQueue-NodeRegistrationContainerReportForDataNodeSafeModeRule] INFO  safemode.SCMSafeModeManager (SCMSafeModeManager.java:validateSafeModeExitRules(176)) - DataNodeSafeModeRule rule is successfully validated
2019-11-15 13:32:08,377 [RatisPipelineUtilsThread] INFO  pipeline.RatisPipelineProvider (RatisPipelineProvider.java:lambda$create$4(163)) - Send pipeline:PipelineID=f482262d-59bd-4ce4-8a59-dc151287b1b4 create command to datanode 647a87d1-7e8f-495e-97a0-d3fbbd373dc7
2019-11-15 13:32:08,378 [RatisPipelineUtilsThread] INFO  pipeline.PipelineStateManager (PipelineStateManager.java:addPipeline(55)) - Created pipeline Pipeline[ Id: f482262d-59bd-4ce4-8a59-dc151287b1b4, Nodes: 647a87d1-7e8f-495e-97a0-d3fbbd373dc7{ip: 192.168.157.228, host: pr-hdds-2448-del-container-94542-2491966341, networkLocation: /default-rack, certSerialId: null}, Type:RATIS, Factor:ONE, State:ALLOCATED]
2019-11-15 13:32:08,469 [IPC Server handler 3 on 46448] INFO  net.NetworkTopology (NetworkTopologyImpl.java:add(111)) - Added a new node: /default-rack/a24402c8-4554-4104-a5a4-d8d6d3f720e5
2019-11-15 13:32:08,470 [IPC Server handler 3 on 46448] INFO  node.SCMNodeManager (SCMNodeManager.java:register(267)) - Registered Data node : a24402c8-4554-4104-a5a4-d8d6d3f720e5{ip: 192.168.157.228, host: pr-hdds-2448-del-container-94542-2491966341, networkLocation: /default-rack, certSerialId: null}
2019-11-15 13:32:08,470 [RatisPipelineUtilsThread] INFO  pipeline.RatisPipelineProvider (RatisPipelineProvider.java:lambda$create$4(163)) - Send pipeline:PipelineID=b34c78ba-c462-45d5-8022-9ba4f060f66d create command to datanode a24402c8-4554-4104-a5a4-d8d6d3f720e5
2019-11-15 13:32:08,470 [EventQueue-NodeRegistrationContainerReportForContainerSafeModeRule] INFO  safemode.SCMSafeModeManager (SCMSafeModeManager.java:validateSafeModeExitRules(176)) - ContainerSafeModeRule rule is successfully validated
2019-11-15 13:32:08,470 [EventQueue-NodeRegistrationContainerReportForDataNodeSafeModeRule] INFO  safemode.SCMSafeModeManager (SCMSafeModeManager.java:validateSafeModeExitRules(176)) - DataNodeSafeModeRule rule is successfully validated
2019-11-15 13:32:08,471 [RatisPipelineUtilsThread] INFO  pipeline.PipelineStateManager (PipelineStateManager.java:addPipeline(55)) - Created pipeline Pipeline[ Id: b34c78ba-c462-45d5-8022-9ba4f060f66d, Nodes: a24402c8-4554-4104-a5a4-d8d6d3f720e5{ip: 192.168.157.228, host: pr-hdds-2448-del-container-94542-2491966341, networkLocation: /default-rack, certSerialId: null}, Type:RATIS, Factor:ONE, State:ALLOCATED]
2019-11-15 13:32:08,471 [main] INFO  ozone.MiniOzoneClusterImpl (MiniOzoneClusterImpl.java:lambda$waitForClusterToBeReady$0(150)) - Nodes are ready. Got 3 of 3 DN Heartbeats.
2019-11-15 13:32:08,471 [main] INFO  ozone.MiniOzoneClusterImpl (MiniOzoneClusterImpl.java:lambda$waitForClusterToBeReady$0(153)) - Waiting for cluster to exit safe mode
2019-11-15 13:32:08,473 [RatisPipelineUtilsThread] INFO  pipeline.RatisPipelineProvider (RatisPipelineProvider.java:lambda$create$4(163)) - Send pipeline:PipelineID=5d869817-ca78-41b6-8806-31804b1db473 create command to datanode 0c284f5c-3293-4d46-b1a3-f8415c29b0db
2019-11-15 13:32:08,474 [RatisPipelineUtilsThread] INFO  pipeline.RatisPipelineProvider (RatisPipelineProvider.java:lambda$create$4(163)) - Send pipeline:PipelineID=5d869817-ca78-41b6-8806-31804b1db473 create command to datanode 647a87d1-7e8f-495e-97a0-d3fbbd373dc7
2019-11-15 13:32:08,474 [RatisPipelineUtilsThread] INFO  pipeline.RatisPipelineProvider (RatisPipelineProvider.java:lambda$create$4(163)) - Send pipeline:PipelineID=5d869817-ca78-41b6-8806-31804b1db473 create command to datanode a24402c8-4554-4104-a5a4-d8d6d3f720e5
2019-11-15 13:32:08,475 [RatisPipelineUtilsThread] INFO  pipeline.PipelineStateManager (PipelineStateManager.java:addPipeline(55)) - Created pipeline Pipeline[ Id: 5d869817-ca78-41b6-8806-31804b1db473, Nodes: 0c284f5c-3293-4d46-b1a3-f8415c29b0db{ip: 192.168.157.228, host: pr-hdds-2448-del-container-94542-2491966341, networkLocation: /default-rack, certSerialId: null}647a87d1-7e8f-495e-97a0-d3fbbd373dc7{ip: 192.168.157.228, host: pr-hdds-2448-del-container-94542-2491966341, networkLocation: /default-rack, certSerialId: null}a24402c8-4554-4104-a5a4-d8d6d3f720e5{ip: 192.168.157.228, host: pr-hdds-2448-del-container-94542-2491966341, networkLocation: /default-rack, certSerialId: null}, Type:RATIS, Factor:THREE, State:ALLOCATED]
2019-11-15 13:32:09,473 [main] INFO  ozone.MiniOzoneClusterImpl (MiniOzoneClusterImpl.java:lambda$waitForClusterToBeReady$0(150)) - Nodes are ready. Got 3 of 3 DN Heartbeats.
2019-11-15 13:32:09,473 [main] INFO  ozone.MiniOzoneClusterImpl (MiniOzoneClusterImpl.java:lambda$waitForClusterToBeReady$0(153)) - Waiting for cluster to exit safe mode
2019-11-15 13:32:10,474 [main] INFO  ozone.MiniOzoneClusterImpl (MiniOzoneClusterImpl.java:lambda$waitForClusterToBeReady$0(150)) - Nodes are ready. Got 3 of 3 DN Heartbeats.
2019-11-15 13:32:10,474 [main] INFO  ozone.MiniOzoneClusterImpl (MiniOzoneClusterImpl.java:lambda$waitForClusterToBeReady$0(153)) - Waiting for cluster to exit safe mode
2019-11-15 13:32:11,330 [Command processor thread] INFO  impl.RaftServerProxy (RaftServerProxy.java:addNew(89)) - 0c284f5c-3293-4d46-b1a3-f8415c29b0db: addNew group-91D5982A0A49:[0c284f5c-3293-4d46-b1a3-f8415c29b0db:192.168.157.228:42442] returns group-91D5982A0A49:java.util.concurrent.CompletableFuture@455952a9[Not completed]
2019-11-15 13:32:11,363 [pool-27-thread-1] INFO  impl.RaftServerImpl (RaftServerImpl.java:<init>(98)) - 0c284f5c-3293-4d46-b1a3-f8415c29b0db: new RaftServerImpl for group-91D5982A0A49:[0c284f5c-3293-4d46-b1a3-f8415c29b0db:192.168.157.228:42442] with ContainerStateMachine:uninitialized
2019-11-15 13:32:11,366 [pool-27-thread-1] INFO  server.RaftServerConfigKeys (ConfUtils.java:logGet(43)) - raft.server.rpc.timeout.min = 5s (custom)
2019-11-15 13:32:11,367 [pool-27-thread-1] INFO  server.RaftServerConfigKeys (ConfUtils.java:logGet(43)) - raft.server.rpc.timeout.max = 5200ms (custom)
2019-11-15 13:32:11,367 [pool-27-thread-1] INFO  server.RaftServerConfigKeys (ConfUtils.java:logGet(43)) - raft.server.rpcslowness.timeout = 120s (custom)
2019-11-15 13:32:11,368 [pool-27-thread-1] INFO  server.RaftServerConfigKeys (ConfUtils.java:logGet(43)) - raft.server.sleep.deviation.threshold = 300 (default)
2019-11-15 13:32:11,370 [pool-27-thread-1] INFO  server.RaftServerConfigKeys (ConfUtils.java:logGet(43)) - raft.server.log.appender.install.snapshot.enabled = false (custom)
2019-11-15 13:32:11,376 [Command processor thread] INFO  impl.RaftServerProxy (RaftServerProxy.java:addNew(89)) - 647a87d1-7e8f-495e-97a0-d3fbbd373dc7: addNew group-DC151287B1B4:[647a87d1-7e8f-495e-97a0-d3fbbd373dc7:192.168.157.228:33865] returns group-DC151287B1B4:java.util.concurrent.CompletableFuture@5a3aff33[Not completed]
2019-11-15 13:32:11,406 [pool-38-thread-1] INFO  impl.RaftServerImpl (RaftServerImpl.java:<init>(98)) - 647a87d1-7e8f-495e-97a0-d3fbbd373dc7: new RaftServerImpl for group-DC151287B1B4:[647a87d1-7e8f-495e-97a0-d3fbbd373dc7:192.168.157.228:33865] with ContainerStateMachine:uninitialized
2019-11-15 13:32:11,408 [pool-38-thread-1] INFO  server.RaftServerConfigKeys (ConfUtils.java:logGet(43)) - raft.server.rpc.timeout.min = 5s (custom)
2019-11-15 13:32:11,408 [pool-38-thread-1] INFO  server.RaftServerConfigKeys (ConfUtils.java:logGet(43)) - raft.server.rpc.timeout.max = 5200ms (custom)
2019-11-15 13:32:11,408 [pool-38-thread-1] INFO  server.RaftServerConfigKeys (ConfUtils.java:logGet(43)) - raft.server.rpcslowness.timeout = 120s (custom)
2019-11-15 13:32:11,409 [pool-38-thread-1] INFO  server.RaftServerConfigKeys (ConfUtils.java:logGet(43)) - raft.server.sleep.deviation.threshold = 300 (default)
2019-11-15 13:32:11,409 [pool-38-thread-1] INFO  server.RaftServerConfigKeys (ConfUtils.java:logGet(43)) - raft.server.log.appender.install.snapshot.enabled = false (custom)
2019-11-15 13:32:11,410 [pool-27-thread-1] INFO  impl.RaftServerImpl (ServerState.java:<init>(103)) - 0c284f5c-3293-4d46-b1a3-f8415c29b0db@group-91D5982A0A49: ConfigurationManager, init=-1: [0c284f5c-3293-4d46-b1a3-f8415c29b0db:192.168.157.228:42442], old=null, confs=<EMPTY_MAP>
2019-11-15 13:32:11,410 [pool-38-thread-1] INFO  impl.RaftServerImpl (ServerState.java:<init>(103)) - 647a87d1-7e8f-495e-97a0-d3fbbd373dc7@group-DC151287B1B4: ConfigurationManager, init=-1: [647a87d1-7e8f-495e-97a0-d3fbbd373dc7:192.168.157.228:33865], old=null, confs=<EMPTY_MAP>
2019-11-15 13:32:11,411 [pool-27-thread-1] INFO  server.RaftServerConfigKeys (ConfUtils.java:logGet(43)) - raft.server.storage.dir = [/workdir/hadoop-ozone/tools/target/test-dir/MiniOzoneClusterImpl-9f2fb995-f7ac-4156-8962-4c0588925236/datanode-0/data/ratis] (custom)
2019-11-15 13:32:11,411 [pool-38-thread-1] INFO  server.RaftServerConfigKeys (ConfUtils.java:logGet(43)) - raft.server.storage.dir = [/workdir/hadoop-ozone/tools/target/test-dir/MiniOzoneClusterImpl-9f2fb995-f7ac-4156-8962-4c0588925236/datanode-1/data/ratis] (custom)
2019-11-15 13:32:11,422 [pool-38-thread-1] INFO  server.RaftServerConfigKeys (ConfUtils.java:logGet(43)) - raft.server.log.corruption.policy = EXCEPTION (default)
2019-11-15 13:32:11,422 [pool-27-thread-1] INFO  server.RaftServerConfigKeys (ConfUtils.java:logGet(43)) - raft.server.log.corruption.policy = EXCEPTION (default)
2019-11-15 13:32:11,426 [pool-38-thread-1] INFO  storage.RaftStorageDirectory (RaftStorageDirectory.java:analyzeStorage(246)) - The storage directory /workdir/hadoop-ozone/tools/target/test-dir/MiniOzoneClusterImpl-9f2fb995-f7ac-4156-8962-4c0588925236/datanode-1/data/ratis/f482262d-59bd-4ce4-8a59-dc151287b1b4 does not exist. Creating ...
2019-11-15 13:32:11,426 [pool-27-thread-1] INFO  storage.RaftStorageDirectory (RaftStorageDirectory.java:analyzeStorage(246)) - The storage directory /workdir/hadoop-ozone/tools/target/test-dir/MiniOzoneClusterImpl-9f2fb995-f7ac-4156-8962-4c0588925236/datanode-0/data/ratis/2461f99c-58b8-4015-931a-91d5982a0a49 does not exist. Creating ...
2019-11-15 13:32:11,465 [pool-38-thread-1] INFO  storage.RaftStorageDirectory (RaftStorageDirectory.java:tryLock(328)) - Lock on /workdir/hadoop-ozone/tools/target/test-dir/MiniOzoneClusterImpl-9f2fb995-f7ac-4156-8962-4c0588925236/datanode-1/data/ratis/f482262d-59bd-4ce4-8a59-dc151287b1b4/in_use.lock acquired by nodename 18515@pr-hdds-2448-del-container-94542-2491966341
2019-11-15 13:32:11,465 [pool-27-thread-1] INFO  storage.RaftStorageDirectory (RaftStorageDirectory.java:tryLock(328)) - Lock on /workdir/hadoop-ozone/tools/target/test-dir/MiniOzoneClusterImpl-9f2fb995-f7ac-4156-8962-4c0588925236/datanode-0/data/ratis/2461f99c-58b8-4015-931a-91d5982a0a49/in_use.lock acquired by nodename 18515@pr-hdds-2448-del-container-94542-2491966341
2019-11-15 13:32:11,469 [Command processor thread] INFO  impl.RaftServerProxy (RaftServerProxy.java:addNew(89)) - a24402c8-4554-4104-a5a4-d8d6d3f720e5: addNew group-9BA4F060F66D:[a24402c8-4554-4104-a5a4-d8d6d3f720e5:192.168.157.228:36053] returns group-9BA4F060F66D:java.util.concurrent.CompletableFuture@f890734[Not completed]
2019-11-15 13:32:11,474 [main] INFO  ozone.MiniOzoneClusterImpl (MiniOzoneClusterImpl.java:lambda$waitForClusterToBeReady$0(150)) - Nodes are ready. Got 3 of 3 DN Heartbeats.
2019-11-15 13:32:11,475 [main] INFO  ozone.MiniOzoneClusterImpl (MiniOzoneClusterImpl.java:lambda$waitForClusterToBeReady$0(153)) - Waiting for cluster to exit safe mode
2019-11-15 13:32:11,488 [pool-27-thread-1] INFO  storage.RaftStorage (RaftStorage.java:format(84)) - Storage directory /workdir/hadoop-ozone/tools/target/test-dir/MiniOzoneClusterImpl-9f2fb995-f7ac-4156-8962-4c0588925236/datanode-0/data/ratis/2461f99c-58b8-4015-931a-91d5982a0a49 has been successfully formatted.
2019-11-15 13:32:11,488 [pool-38-thread-1] INFO  storage.RaftStorage (RaftStorage.java:format(84)) - Storage directory /workdir/hadoop-ozone/tools/target/test-dir/MiniOzoneClusterImpl-9f2fb995-f7ac-4156-8962-4c0588925236/datanode-1/data/ratis/f482262d-59bd-4ce4-8a59-dc151287b1b4 has been successfully formatted.
2019-11-15 13:32:11,490 [pool-49-thread-1] INFO  impl.RaftServerImpl (RaftServerImpl.java:<init>(98)) - a24402c8-4554-4104-a5a4-d8d6d3f720e5: new RaftServerImpl for group-9BA4F060F66D:[a24402c8-4554-4104-a5a4-d8d6d3f720e5:192.168.157.228:36053] with ContainerStateMachine:uninitialized
2019-11-15 13:32:11,491 [pool-49-thread-1] INFO  server.RaftServerConfigKeys (ConfUtils.java:logGet(43)) - raft.server.rpc.timeout.min = 5s (custom)
2019-11-15 13:32:11,491 [pool-49-thread-1] INFO  server.RaftServerConfigKeys (ConfUtils.java:logGet(43)) - raft.server.rpc.timeout.max = 5200ms (custom)
2019-11-15 13:32:11,491 [pool-49-thread-1] INFO  server.RaftServerConfigKeys (ConfUtils.java:logGet(43)) - raft.server.rpcslowness.timeout = 120s (custom)
2019-11-15 13:32:11,491 [pool-49-thread-1] INFO  server.RaftServerConfigKeys (ConfUtils.java:logGet(43)) - raft.server.sleep.deviation.threshold = 300 (default)
2019-11-15 13:32:11,492 [pool-49-thread-1] INFO  server.RaftServerConfigKeys (ConfUtils.java:logGet(43)) - raft.server.log.appender.install.snapshot.enabled = false (custom)
2019-11-15 13:32:11,492 [pool-49-thread-1] INFO  impl.RaftServerImpl (ServerState.java:<init>(103)) - a24402c8-4554-4104-a5a4-d8d6d3f720e5@group-9BA4F060F66D: ConfigurationManager, init=-1: [a24402c8-4554-4104-a5a4-d8d6d3f720e5:192.168.157.228:36053], old=null, confs=<EMPTY_MAP>
2019-11-15 13:32:11,492 [pool-49-thread-1] INFO  server.RaftServerConfigKeys (ConfUtils.java:logGet(43)) - raft.server.storage.dir = [/workdir/hadoop-ozone/tools/target/test-dir/MiniOzoneClusterImpl-9f2fb995-f7ac-4156-8962-4c0588925236/datanode-2/data/ratis] (custom)
2019-11-15 13:32:11,493 [pool-49-thread-1] INFO  server.RaftServerConfigKeys (ConfUtils.java:logGet(43)) - raft.server.log.corruption.policy = EXCEPTION (default)
2019-11-15 13:32:11,493 [pool-38-thread-1] INFO  ratis.ContainerStateMachine (ContainerStateMachine.java:loadSnapshot(223)) - group-DC151287B1B4: The snapshot info is null. Setting the last applied indexto:(t:0, i:~)
2019-11-15 13:32:11,493 [pool-27-thread-1] INFO  ratis.ContainerStateMachine (ContainerStateMachine.java:loadSnapshot(223)) - group-91D5982A0A49: The snapshot info is null. Setting the last applied indexto:(t:0, i:~)
2019-11-15 13:32:11,494 [pool-49-thread-1] INFO  storage.RaftStorageDirectory (RaftStorageDirectory.java:analyzeStorage(246)) - The storage directory /workdir/hadoop-ozone/tools/target/test-dir/MiniOzoneClusterImpl-9f2fb995-f7ac-4156-8962-4c0588925236/datanode-2/data/ratis/b34c78ba-c462-45d5-8022-9ba4f060f66d does not exist. Creating ...
2019-11-15 13:32:11,494 [pool-27-thread-1] INFO  server.RaftServerConfigKeys (ConfUtils.java:logGet(43)) - raft.server.notification.no-leader.timeout = 120s (custom)
2019-11-15 13:32:11,494 [pool-38-thread-1] INFO  server.RaftServerConfigKeys (ConfUtils.java:logGet(43)) - raft.server.notification.no-leader.timeout = 120s (custom)
2019-11-15 13:32:11,498 [pool-27-thread-1] INFO  server.RaftServerConfigKeys (ConfUtils.java:logGet(43)) - raft.server.log.use.memory = false (default)
2019-11-15 13:32:11,498 [pool-38-thread-1] INFO  server.RaftServerConfigKeys (ConfUtils.java:logGet(43)) - raft.server.log.use.memory = false (default)
2019-11-15 13:32:11,507 [pool-27-thread-1] INFO  server.RaftServerConfigKeys (ConfUtils.java:logGet(43)) - raft.server.log.purge.gap = 1000000 (custom)
2019-11-15 13:32:11,507 [pool-38-thread-1] INFO  server.RaftServerConfigKeys (ConfUtils.java:logGet(43)) - raft.server.log.purge.gap = 1000000 (custom)
2019-11-15 13:32:11,508 [pool-27-thread-1] INFO  server.RaftServerConfigKeys (ConfUtils.java:logGet(43)) - raft.server.log.appender.buffer.byte-limit = 33554432 (custom)
2019-11-15 13:32:11,508 [pool-38-thread-1] INFO  server.RaftServerConfigKeys (ConfUtils.java:logGet(43)) - raft.server.log.appender.buffer.byte-limit = 33554432 (custom)
2019-11-15 13:32:11,508 [pool-49-thread-1] INFO  storage.RaftStorageDirectory (RaftStorageDirectory.java:tryLock(328)) - Lock on /workdir/hadoop-ozone/tools/target/test-dir/MiniOzoneClusterImpl-9f2fb995-f7ac-4156-8962-4c0588925236/datanode-2/data/ratis/b34c78ba-c462-45d5-8022-9ba4f060f66d/in_use.lock acquired by nodename 18515@pr-hdds-2448-del-container-94542-2491966341
2019-11-15 13:32:11,511 [pool-27-thread-1] INFO  server.RaftServerConfigKeys (ConfUtils.java:logGet(43)) - raft.server.log.segment.size.max = 1048576 (custom)
2019-11-15 13:32:11,511 [pool-38-thread-1] INFO  server.RaftServerConfigKeys (ConfUtils.java:logGet(43)) - raft.server.log.segment.size.max = 1048576 (custom)
2019-11-15 13:32:11,521 [pool-27-thread-1] INFO  metrics.MetricRegistries (MetricRegistriesLoader.java:load(64)) - Loaded MetricRegistries class org.apache.ratis.metrics.impl.MetricRegistriesImpl
2019-11-15 13:32:11,523 [pool-49-thread-1] INFO  storage.RaftStorage (RaftStorage.java:format(84)) - Storage directory /workdir/hadoop-ozone/tools/target/test-dir/MiniOzoneClusterImpl-9f2fb995-f7ac-4156-8962-4c0588925236/datanode-2/data/ratis/b34c78ba-c462-45d5-8022-9ba4f060f66d has been successfully formatted.
2019-11-15 13:32:11,523 [pool-49-thread-1] INFO  ratis.ContainerStateMachine (ContainerStateMachine.java:loadSnapshot(223)) - group-9BA4F060F66D: The snapshot info is null. Setting the last applied indexto:(t:0, i:~)
2019-11-15 13:32:11,524 [pool-49-thread-1] INFO  server.RaftServerConfigKeys (ConfUtils.java:logGet(43)) - raft.server.notification.no-leader.timeout = 120s (custom)
2019-11-15 13:32:11,524 [pool-49-thread-1] INFO  server.RaftServerConfigKeys (ConfUtils.java:logGet(43)) - raft.server.log.use.memory = false (default)
2019-11-15 13:32:11,524 [pool-49-thread-1] INFO  server.RaftServerConfigKeys (ConfUtils.java:logGet(43)) - raft.server.log.purge.gap = 1000000 (custom)
2019-11-15 13:32:11,525 [pool-49-thread-1] INFO  server.RaftServerConfigKeys (ConfUtils.java:logGet(43)) - raft.server.log.appender.buffer.byte-limit = 33554432 (custom)
2019-11-15 13:32:11,525 [pool-49-thread-1] INFO  server.RaftServerConfigKeys (ConfUtils.java:logGet(43)) - raft.server.log.segment.size.max = 1048576 (custom)
2019-11-15 13:32:11,528 [pool-27-thread-1] WARN  impl.MetricRegistriesImpl (MetricRegistriesImpl.java:lambda$create$1(61)) - First MetricRegistry has been created without registering reporters. You may need to call MetricRegistries.global().addReportRegistration(...) before.
2019-11-15 13:32:11,528 [pool-38-thread-1] WARN  impl.MetricRegistriesImpl (MetricRegistriesImpl.java:lambda$create$1(61)) - First MetricRegistry has been created without registering reporters. You may need to call MetricRegistries.global().addReportRegistration(...) before.
2019-11-15 13:32:11,528 [pool-49-thread-1] WARN  impl.MetricRegistriesImpl (MetricRegistriesImpl.java:lambda$create$1(61)) - First MetricRegistry has been created without registering reporters. You may need to call MetricRegistries.global().addReportRegistration(...) before.
2019-11-15 13:32:11,538 [pool-38-thread-1] INFO  server.RaftServerConfigKeys (ConfUtils.java:logGet(43)) - raft.server.log.segment.cache.num.max = 2 (custom)
2019-11-15 13:32:11,538 [pool-27-thread-1] INFO  server.RaftServerConfigKeys (ConfUtils.java:logGet(43)) - raft.server.log.segment.cache.num.max = 2 (custom)
2019-11-15 13:32:11,538 [pool-49-thread-1] INFO  server.RaftServerConfigKeys (ConfUtils.java:logGet(43)) - raft.server.log.segment.cache.num.max = 2 (custom)
2019-11-15 13:32:11,546 [pool-27-thread-1] INFO  segmented.SegmentedRaftLogWorker (SegmentedRaftLogWorker.java:<init>(173)) - new 0c284f5c-3293-4d46-b1a3-f8415c29b0db@group-91D5982A0A49-SegmentedRaftLogWorker for RaftStorage:Storage Directory /workdir/hadoop-ozone/tools/target/test-dir/MiniOzoneClusterImpl-9f2fb995-f7ac-4156-8962-4c0588925236/datanode-0/data/ratis/2461f99c-58b8-4015-931a-91d5982a0a49
2019-11-15 13:32:11,546 [pool-38-thread-1] INFO  segmented.SegmentedRaftLogWorker (SegmentedRaftLogWorker.java:<init>(173)) - new 647a87d1-7e8f-495e-97a0-d3fbbd373dc7@group-DC151287B1B4-SegmentedRaftLogWorker for RaftStorage:Storage Directory /workdir/hadoop-ozone/tools/target/test-dir/MiniOzoneClusterImpl-9f2fb995-f7ac-4156-8962-4c0588925236/datanode-1/data/ratis/f482262d-59bd-4ce4-8a59-dc151287b1b4
2019-11-15 13:32:11,546 [pool-49-thread-1] INFO  segmented.SegmentedRaftLogWorker (SegmentedRaftLogWorker.java:<init>(173)) - new a24402c8-4554-4104-a5a4-d8d6d3f720e5@group-9BA4F060F66D-SegmentedRaftLogWorker for RaftStorage:Storage Directory /workdir/hadoop-ozone/tools/target/test-dir/MiniOzoneClusterImpl-9f2fb995-f7ac-4156-8962-4c0588925236/datanode-2/data/ratis/b34c78ba-c462-45d5-8022-9ba4f060f66d
2019-11-15 13:32:11,548 [pool-27-thread-1] INFO  server.RaftServerConfigKeys (ConfUtils.java:logGet(43)) - raft.server.log.queue.byte-limit = 2147483647 (custom)
2019-11-15 13:32:11,548 [pool-49-thread-1] INFO  server.RaftServerConfigKeys (ConfUtils.java:logGet(43)) - raft.server.log.queue.byte-limit = 2147483647 (custom)
2019-11-15 13:32:11,548 [pool-38-thread-1] INFO  server.RaftServerConfigKeys (ConfUtils.java:logGet(43)) - raft.server.log.queue.byte-limit = 2147483647 (custom)
2019-11-15 13:32:11,548 [pool-27-thread-1] INFO  server.RaftServerConfigKeys (ConfUtils.java:logGet(43)) - raft.server.log.queue.element-limit = 1024 (custom)
2019-11-15 13:32:11,549 [pool-49-thread-1] INFO  server.RaftServerConfigKeys (ConfUtils.java:logGet(43)) - raft.server.log.queue.element-limit = 1024 (custom)
2019-11-15 13:32:11,549 [pool-38-thread-1] INFO  server.RaftServerConfigKeys (ConfUtils.java:logGet(43)) - raft.server.log.queue.element-limit = 1024 (custom)
2019-11-15 13:32:11,550 [pool-27-thread-1] INFO  server.RaftServerConfigKeys (ConfUtils.java:logGet(43)) - raft.server.log.segment.size.max = 1048576 (custom)
2019-11-15 13:32:11,550 [pool-38-thread-1] INFO  server.RaftServerConfigKeys (ConfUtils.java:logGet(43)) - raft.server.log.segment.size.max = 1048576 (custom)
2019-11-15 13:32:11,550 [pool-49-thread-1] INFO  server.RaftServerConfigKeys (ConfUtils.java:logGet(43)) - raft.server.log.segment.size.max = 1048576 (custom)
2019-11-15 13:32:11,550 [pool-27-thread-1] INFO  server.RaftServerConfigKeys (ConfUtils.java:logGet(43)) - raft.server.log.preallocated.size = 16384 (custom)
2019-11-15 13:32:11,550 [pool-49-thread-1] INFO  server.RaftServerConfigKeys (ConfUtils.java:logGet(43)) - raft.server.log.preallocated.size = 16384 (custom)
2019-11-15 13:32:11,551 [pool-38-thread-1] INFO  server.RaftServerConfigKeys (ConfUtils.java:logGet(43)) - raft.server.log.preallocated.size = 16384 (custom)
2019-11-15 13:32:11,551 [pool-38-thread-1] INFO  server.RaftServerConfigKeys (ConfUtils.java:logGet(43)) - raft.server.log.write.buffer.size = 33554432 (custom)
2019-11-15 13:32:11,551 [pool-27-thread-1] INFO  server.RaftServerConfigKeys (ConfUtils.java:logGet(43)) - raft.server.log.write.buffer.size = 33554432 (custom)
2019-11-15 13:32:11,551 [pool-49-thread-1] INFO  server.RaftServerConfigKeys (ConfUtils.java:logGet(43)) - raft.server.log.write.buffer.size = 33554432 (custom)
2019-11-15 13:32:11,552 [pool-27-thread-1] INFO  server.RaftServerConfigKeys (ConfUtils.java:logGet(43)) - raft.server.log.force.sync.num = 128 (default)
2019-11-15 13:32:11,552 [pool-38-thread-1] INFO  server.RaftServerConfigKeys (ConfUtils.java:logGet(43)) - raft.server.log.force.sync.num = 128 (default)
2019-11-15 13:32:11,552 [pool-49-thread-1] INFO  server.RaftServerConfigKeys (ConfUtils.java:logGet(43)) - raft.server.log.force.sync.num = 128 (default)
2019-11-15 13:32:11,553 [pool-27-thread-1] INFO  server.RaftServerConfigKeys (ConfUtils.java:logGet(43)) - raft.server.log.statemachine.data.sync = true (default)
2019-11-15 13:32:11,553 [pool-38-thread-1] INFO  server.RaftServerConfigKeys (ConfUtils.java:logGet(43)) - raft.server.log.statemachine.data.sync = true (default)
2019-11-15 13:32:11,553 [pool-49-thread-1] INFO  server.RaftServerConfigKeys (ConfUtils.java:logGet(43)) - raft.server.log.statemachine.data.sync = true (default)
2019-11-15 13:32:11,553 [pool-38-thread-1] INFO  server.RaftServerConfigKeys (ConfUtils.java:logGet(43)) - raft.server.log.statemachine.data.sync.timeout = 10s (default)
2019-11-15 13:32:11,553 [pool-27-thread-1] INFO  server.RaftServerConfigKeys (ConfUtils.java:logGet(43)) - raft.server.log.statemachine.data.sync.timeout = 10s (default)
2019-11-15 13:32:11,554 [pool-49-thread-1] INFO  server.RaftServerConfigKeys (ConfUtils.java:logGet(43)) - raft.server.log.statemachine.data.sync.timeout = 10s (default)
2019-11-15 13:32:11,554 [pool-27-thread-1] INFO  server.RaftServerConfigKeys (ConfUtils.java:logGet(43)) - raft.server.log.statemachine.data.sync.timeout.retry = -1 (default)
2019-11-15 13:32:11,554 [pool-49-thread-1] INFO  server.RaftServerConfigKeys (ConfUtils.java:logGet(43)) - raft.server.log.statemachine.data.sync.timeout.retry = -1 (default)
2019-11-15 13:32:11,554 [pool-38-thread-1] INFO  server.RaftServerConfigKeys (ConfUtils.java:logGet(43)) - raft.server.log.statemachine.data.sync.timeout.retry = -1 (default)
2019-11-15 13:32:11,570 [pool-27-thread-1] INFO  server.RaftServerConfigKeys (ConfUtils.java:logGet(43)) - raft.server.log.statemachine.data.caching.enabled = true (custom)
2019-11-15 13:32:11,570 [pool-38-thread-1] INFO  server.RaftServerConfigKeys (ConfUtils.java:logGet(43)) - raft.server.log.statemachine.data.caching.enabled = true (custom)
2019-11-15 13:32:11,570 [pool-49-thread-1] INFO  server.RaftServerConfigKeys (ConfUtils.java:logGet(43)) - raft.server.log.statemachine.data.caching.enabled = true (custom)
2019-11-15 13:32:11,578 [pool-27-thread-1] INFO  segmented.SegmentedRaftLogWorker (SegmentedRaftLogWorker.java:lambda$new$0(128)) - 0c284f5c-3293-4d46-b1a3-f8415c29b0db@group-91D5982A0A49-SegmentedRaftLogWorker: flushIndex: setUnconditionally 0 -> -1
2019-11-15 13:32:11,578 [pool-38-thread-1] INFO  segmented.SegmentedRaftLogWorker (SegmentedRaftLogWorker.java:lambda$new$0(128)) - 647a87d1-7e8f-495e-97a0-d3fbbd373dc7@group-DC151287B1B4-SegmentedRaftLogWorker: flushIndex: setUnconditionally 0 -> -1
2019-11-15 13:32:11,578 [pool-49-thread-1] INFO  segmented.SegmentedRaftLogWorker (SegmentedRaftLogWorker.java:lambda$new$0(128)) - a24402c8-4554-4104-a5a4-d8d6d3f720e5@group-9BA4F060F66D-SegmentedRaftLogWorker: flushIndex: setUnconditionally 0 -> -1
2019-11-15 13:32:11,583 [pool-49-thread-1] INFO  server.RaftServerConfigKeys (ConfUtils.java:logGet(43)) - raft.server.snapshot.auto.trigger.enabled = true (custom)
2019-11-15 13:32:11,583 [pool-38-thread-1] INFO  server.RaftServerConfigKeys (ConfUtils.java:logGet(43)) - raft.server.snapshot.auto.trigger.enabled = true (custom)
2019-11-15 13:32:11,583 [pool-27-thread-1] INFO  server.RaftServerConfigKeys (ConfUtils.java:logGet(43)) - raft.server.snapshot.auto.trigger.enabled = true (custom)
2019-11-15 13:32:11,584 [pool-49-thread-1] INFO  server.RaftServerConfigKeys (ConfUtils.java:logGet(43)) - raft.server.snapshot.auto.trigger.threshold = 10000 (custom)
2019-11-15 13:32:11,584 [pool-27-thread-1] INFO  server.RaftServerConfigKeys (ConfUtils.java:logGet(43)) - raft.server.snapshot.auto.trigger.threshold = 10000 (custom)
2019-11-15 13:32:11,585 [pool-38-thread-1] INFO  server.RaftServerConfigKeys (ConfUtils.java:logGet(43)) - raft.server.snapshot.auto.trigger.threshold = 10000 (custom)
2019-11-15 13:32:11,585 [pool-27-thread-1] INFO  server.RaftServerConfigKeys (ConfUtils.java:logGet(43)) - raft.server.snapshot.retention.file.num = 5 (custom)
2019-11-15 13:32:11,585 [pool-49-thread-1] INFO  server.RaftServerConfigKeys (ConfUtils.java:logGet(43)) - raft.server.snapshot.retention.file.num = 5 (custom)
2019-11-15 13:32:11,585 [pool-38-thread-1] INFO  server.RaftServerConfigKeys (ConfUtils.java:logGet(43)) - raft.server.snapshot.retention.file.num = 5 (custom)
2019-11-15 13:32:11,585 [pool-49-thread-1] INFO  server.RaftServerConfigKeys (ConfUtils.java:logGet(43)) - raft.server.retrycache.expirytime = 600000ms (custom)
2019-11-15 13:32:11,586 [pool-38-thread-1] INFO  server.RaftServerConfigKeys (ConfUtils.java:logGet(43)) - raft.server.retrycache.expirytime = 600000ms (custom)
2019-11-15 13:32:11,585 [pool-27-thread-1] INFO  server.RaftServerConfigKeys (ConfUtils.java:logGet(43)) - raft.server.retrycache.expirytime = 600000ms (custom)
2019-11-15 13:32:11,608 [pool-49-thread-1] WARN  impl.MetricRegistriesImpl (MetricRegistriesImpl.java:lambda$create$1(61)) - First MetricRegistry has been created without registering reporters. You may need to call MetricRegistries.global().addReportRegistration(...) before.
2019-11-15 13:32:11,608 [pool-38-thread-1] WARN  impl.MetricRegistriesImpl (MetricRegistriesImpl.java:lambda$create$1(61)) - First MetricRegistry has been created without registering reporters. You may need to call MetricRegistries.global().addReportRegistration(...) before.
2019-11-15 13:32:11,608 [pool-27-thread-1] WARN  impl.MetricRegistriesImpl (MetricRegistriesImpl.java:lambda$create$1(61)) - First MetricRegistry has been created without registering reporters. You may need to call MetricRegistries.global().addReportRegistration(...) before.
2019-11-15 13:32:11,610 [pool-27-thread-1] WARN  impl.MetricRegistriesImpl (MetricRegistriesImpl.java:lambda$create$1(61)) - First MetricRegistry has been created without registering reporters. You may need to call MetricRegistries.global().addReportRegistration(...) before.
2019-11-15 13:32:11,610 [pool-49-thread-1] WARN  impl.MetricRegistriesImpl (MetricRegistriesImpl.java:lambda$create$1(61)) - First MetricRegistry has been created without registering reporters. You may need to call MetricRegistries.global().addReportRegistration(...) before.
2019-11-15 13:32:11,610 [pool-38-thread-1] WARN  impl.MetricRegistriesImpl (MetricRegistriesImpl.java:lambda$create$1(61)) - First MetricRegistry has been created without registering reporters. You may need to call MetricRegistries.global().addReportRegistration(...) before.
2019-11-15 13:32:11,612 [pool-27-thread-1] INFO  impl.RaftServerImpl (RaftServerImpl.java:start(184)) - 0c284f5c-3293-4d46-b1a3-f8415c29b0db@group-91D5982A0A49: start as a follower, conf=-1: [0c284f5c-3293-4d46-b1a3-f8415c29b0db:192.168.157.228:42442], old=null
2019-11-15 13:32:11,612 [pool-38-thread-1] INFO  impl.RaftServerImpl (RaftServerImpl.java:start(184)) - 647a87d1-7e8f-495e-97a0-d3fbbd373dc7@group-DC151287B1B4: start as a follower, conf=-1: [647a87d1-7e8f-495e-97a0-d3fbbd373dc7:192.168.157.228:33865], old=null
2019-11-15 13:32:11,612 [pool-49-thread-1] INFO  impl.RaftServerImpl (RaftServerImpl.java:start(184)) - a24402c8-4554-4104-a5a4-d8d6d3f720e5@group-9BA4F060F66D: start as a follower, conf=-1: [a24402c8-4554-4104-a5a4-d8d6d3f720e5:192.168.157.228:36053], old=null
2019-11-15 13:32:11,613 [pool-49-thread-1] INFO  impl.RaftServerImpl (RaftServerImpl.java:setRole(173)) - a24402c8-4554-4104-a5a4-d8d6d3f720e5@group-9BA4F060F66D: changes role from      null to FOLLOWER at term 0 for startAsFollower
2019-11-15 13:32:11,613 [pool-27-thread-1] INFO  impl.RaftServerImpl (RaftServerImpl.java:setRole(173)) - 0c284f5c-3293-4d46-b1a3-f8415c29b0db@group-91D5982A0A49: changes role from      null to FOLLOWER at term 0 for startAsFollower
2019-11-15 13:32:11,613 [pool-38-thread-1] INFO  impl.RaftServerImpl (RaftServerImpl.java:setRole(173)) - 647a87d1-7e8f-495e-97a0-d3fbbd373dc7@group-DC151287B1B4: changes role from      null to FOLLOWER at term 0 for startAsFollower
2019-11-15 13:32:11,614 [pool-27-thread-1] INFO  impl.RoleInfo (RoleInfo.java:updateAndGet(143)) - 0c284f5c-3293-4d46-b1a3-f8415c29b0db: start FollowerState
2019-11-15 13:32:11,614 [pool-49-thread-1] INFO  impl.RoleInfo (RoleInfo.java:updateAndGet(143)) - a24402c8-4554-4104-a5a4-d8d6d3f720e5: start FollowerState
2019-11-15 13:32:11,617 [pool-38-thread-1] INFO  impl.RoleInfo (RoleInfo.java:updateAndGet(143)) - 647a87d1-7e8f-495e-97a0-d3fbbd373dc7: start FollowerState
2019-11-15 13:32:11,620 [pool-27-thread-1] INFO  util.JmxRegister (JmxRegister.java:tryRegister(44)) - Successfully registered JMX Bean with object name Ratis:service=RaftServer,group=group-91D5982A0A49,id=0c284f5c-3293-4d46-b1a3-f8415c29b0db
2019-11-15 13:32:11,620 [pool-38-thread-1] INFO  util.JmxRegister (JmxRegister.java:tryRegister(44)) - Successfully registered JMX Bean with object name Ratis:service=RaftServer,group=group-DC151287B1B4,id=647a87d1-7e8f-495e-97a0-d3fbbd373dc7
2019-11-15 13:32:11,620 [pool-49-thread-1] INFO  util.JmxRegister (JmxRegister.java:tryRegister(44)) - Successfully registered JMX Bean with object name Ratis:service=RaftServer,group=group-9BA4F060F66D,id=a24402c8-4554-4104-a5a4-d8d6d3f720e5
2019-11-15 13:32:11,622 [pool-27-thread-1] WARN  impl.MetricRegistriesImpl (MetricRegistriesImpl.java:lambda$create$1(61)) - First MetricRegistry has been created without registering reporters. You may need to call MetricRegistries.global().addReportRegistration(...) before.
2019-11-15 13:32:11,622 [pool-49-thread-1] WARN  impl.MetricRegistriesImpl (MetricRegistriesImpl.java:lambda$create$1(61)) - First MetricRegistry has been created without registering reporters. You may need to call MetricRegistries.global().addReportRegistration(...) before.
2019-11-15 13:32:11,622 [pool-38-thread-1] WARN  impl.MetricRegistriesImpl (MetricRegistriesImpl.java:lambda$create$1(61)) - First MetricRegistry has been created without registering reporters. You may need to call MetricRegistries.global().addReportRegistration(...) before.
2019-11-15 13:32:11,635 [Command processor thread] INFO  commandhandler.CreatePipelineCommandHandler (CreatePipelineCommandHandler.java:handle(86)) - Create Pipeline RATIS ONE #id: "2461f99c-58b8-4015-931a-91d5982a0a49"
 command succeed on datanode 0c284f5c-3293-4d46-b1a3-f8415c29b0db.
2019-11-15 13:32:11,635 [Command processor thread] INFO  commandhandler.CreatePipelineCommandHandler (CreatePipelineCommandHandler.java:handle(86)) - Create Pipeline RATIS ONE #id: "b34c78ba-c462-45d5-8022-9ba4f060f66d"
 command succeed on datanode a24402c8-4554-4104-a5a4-d8d6d3f720e5.
2019-11-15 13:32:11,636 [Command processor thread] INFO  commandhandler.CreatePipelineCommandHandler (CreatePipelineCommandHandler.java:handle(86)) - Create Pipeline RATIS ONE #id: "f482262d-59bd-4ce4-8a59-dc151287b1b4"
 command succeed on datanode 647a87d1-7e8f-495e-97a0-d3fbbd373dc7.
2019-11-15 13:32:11,643 [Command processor thread] INFO  impl.RaftServerProxy (RaftServerProxy.java:addNew(89)) - 0c284f5c-3293-4d46-b1a3-f8415c29b0db: addNew group-31804B1DB473:[647a87d1-7e8f-495e-97a0-d3fbbd373dc7:192.168.157.228:33865, a24402c8-4554-4104-a5a4-d8d6d3f720e5:192.168.157.228:36053, 0c284f5c-3293-4d46-b1a3-f8415c29b0db:192.168.157.228:42442] returns group-31804B1DB473:java.util.concurrent.CompletableFuture@6ed4673[Not completed]
2019-11-15 13:32:11,643 [Command processor thread] INFO  impl.RaftServerProxy (RaftServerProxy.java:addNew(89)) - 647a87d1-7e8f-495e-97a0-d3fbbd373dc7: addNew group-31804B1DB473:[647a87d1-7e8f-495e-97a0-d3fbbd373dc7:192.168.157.228:33865, a24402c8-4554-4104-a5a4-d8d6d3f720e5:192.168.157.228:36053, 0c284f5c-3293-4d46-b1a3-f8415c29b0db:192.168.157.228:42442] returns group-31804B1DB473:java.util.concurrent.CompletableFuture@5e0560ac[Not completed]
2019-11-15 13:32:11,643 [Command processor thread] INFO  impl.RaftServerProxy (RaftServerProxy.java:addNew(89)) - a24402c8-4554-4104-a5a4-d8d6d3f720e5: addNew group-31804B1DB473:[647a87d1-7e8f-495e-97a0-d3fbbd373dc7:192.168.157.228:33865, a24402c8-4554-4104-a5a4-d8d6d3f720e5:192.168.157.228:36053, 0c284f5c-3293-4d46-b1a3-f8415c29b0db:192.168.157.228:42442] returns group-31804B1DB473:java.util.concurrent.CompletableFuture@bb6921d[Not completed]
2019-11-15 13:32:11,646 [pool-27-thread-1] INFO  impl.RaftServerImpl (RaftServerImpl.java:<init>(98)) - 0c284f5c-3293-4d46-b1a3-f8415c29b0db: new RaftServerImpl for group-31804B1DB473:[647a87d1-7e8f-495e-97a0-d3fbbd373dc7:192.168.157.228:33865, a24402c8-4554-4104-a5a4-d8d6d3f720e5:192.168.157.228:36053, 0c284f5c-3293-4d46-b1a3-f8415c29b0db:192.168.157.228:42442] with ContainerStateMachine:uninitialized
2019-11-15 13:32:11,646 [pool-27-thread-1] INFO  server.RaftServerConfigKeys (ConfUtils.java:logGet(43)) - raft.server.rpc.timeout.min = 5s (custom)
2019-11-15 13:32:11,646 [pool-27-thread-1] INFO  server.RaftServerConfigKeys (ConfUtils.java:logGet(43)) - raft.server.rpc.timeout.max = 5200ms (custom)
2019-11-15 13:32:11,646 [pool-27-thread-1] INFO  server.RaftServerConfigKeys (ConfUtils.java:logGet(43)) - raft.server.rpcslowness.timeout = 120s (custom)
2019-11-15 13:32:11,646 [pool-27-thread-1] INFO  server.RaftServerConfigKeys (ConfUtils.java:logGet(43)) - raft.server.sleep.deviation.threshold = 300 (default)
2019-11-15 13:32:11,647 [pool-27-thread-1] INFO  server.RaftServerConfigKeys (ConfUtils.java:logGet(43)) - raft.server.log.appender.install.snapshot.enabled = false (custom)
2019-11-15 13:32:11,647 [pool-27-thread-1] INFO  impl.RaftServerImpl (ServerState.java:<init>(103)) - 0c284f5c-3293-4d46-b1a3-f8415c29b0db@group-31804B1DB473: ConfigurationManager, init=-1: [647a87d1-7e8f-495e-97a0-d3fbbd373dc7:192.168.157.228:33865, a24402c8-4554-4104-a5a4-d8d6d3f720e5:192.168.157.228:36053, 0c284f5c-3293-4d46-b1a3-f8415c29b0db:192.168.157.228:42442], old=null, confs=<EMPTY_MAP>
2019-11-15 13:32:11,647 [pool-38-thread-1] INFO  impl.RaftServerImpl (RaftServerImpl.java:<init>(98)) - 647a87d1-7e8f-495e-97a0-d3fbbd373dc7: new RaftServerImpl for group-31804B1DB473:[647a87d1-7e8f-495e-97a0-d3fbbd373dc7:192.168.157.228:33865, a24402c8-4554-4104-a5a4-d8d6d3f720e5:192.168.157.228:36053, 0c284f5c-3293-4d46-b1a3-f8415c29b0db:192.168.157.228:42442] with ContainerStateMachine:uninitialized
2019-11-15 13:32:11,647 [pool-27-thread-1] INFO  server.RaftServerConfigKeys (ConfUtils.java:logGet(43)) - raft.server.storage.dir = [/workdir/hadoop-ozone/tools/target/test-dir/MiniOzoneClusterImpl-9f2fb995-f7ac-4156-8962-4c0588925236/datanode-0/data/ratis] (custom)
2019-11-15 13:32:11,647 [pool-38-thread-1] INFO  server.RaftServerConfigKeys (ConfUtils.java:logGet(43)) - raft.server.rpc.timeout.min = 5s (custom)
2019-11-15 13:32:11,647 [pool-38-thread-1] INFO  server.RaftServerConfigKeys (ConfUtils.java:logGet(43)) - raft.server.rpc.timeout.max = 5200ms (custom)
2019-11-15 13:32:11,647 [pool-27-thread-1] INFO  server.RaftServerConfigKeys (ConfUtils.java:logGet(43)) - raft.server.log.corruption.policy = EXCEPTION (default)
2019-11-15 13:32:11,648 [pool-38-thread-1] INFO  server.RaftServerConfigKeys (ConfUtils.java:logGet(43)) - raft.server.rpcslowness.timeout = 120s (custom)
2019-11-15 13:32:11,648 [pool-49-thread-1] INFO  impl.RaftServerImpl (RaftServerImpl.java:<init>(98)) - a24402c8-4554-4104-a5a4-d8d6d3f720e5: new RaftServerImpl for group-31804B1DB473:[647a87d1-7e8f-495e-97a0-d3fbbd373dc7:192.168.157.228:33865, a24402c8-4554-4104-a5a4-d8d6d3f720e5:192.168.157.228:36053, 0c284f5c-3293-4d46-b1a3-f8415c29b0db:192.168.157.228:42442] with ContainerStateMachine:uninitialized
2019-11-15 13:32:11,648 [pool-38-thread-1] INFO  server.RaftServerConfigKeys (ConfUtils.java:logGet(43)) - raft.server.sleep.deviation.threshold = 300 (default)
2019-11-15 13:32:11,648 [pool-27-thread-1] INFO  storage.RaftStorageDirectory (RaftStorageDirectory.java:analyzeStorage(246)) - The storage directory /workdir/hadoop-ozone/tools/target/test-dir/MiniOzoneClusterImpl-9f2fb995-f7ac-4156-8962-4c0588925236/datanode-0/data/ratis/5d869817-ca78-41b6-8806-31804b1db473 does not exist. Creating ...
2019-11-15 13:32:11,648 [pool-38-thread-1] INFO  server.RaftServerConfigKeys (ConfUtils.java:logGet(43)) - raft.server.log.appender.install.snapshot.enabled = false (custom)
2019-11-15 13:32:11,648 [pool-49-thread-1] INFO  server.RaftServerConfigKeys (ConfUtils.java:logGet(43)) - raft.server.rpc.timeout.min = 5s (custom)
2019-11-15 13:32:11,648 [pool-38-thread-1] INFO  impl.RaftServerImpl (ServerState.java:<init>(103)) - 647a87d1-7e8f-495e-97a0-d3fbbd373dc7@group-31804B1DB473: ConfigurationManager, init=-1: [647a87d1-7e8f-495e-97a0-d3fbbd373dc7:192.168.157.228:33865, a24402c8-4554-4104-a5a4-d8d6d3f720e5:192.168.157.228:36053, 0c284f5c-3293-4d46-b1a3-f8415c29b0db:192.168.157.228:42442], old=null, confs=<EMPTY_MAP>
2019-11-15 13:32:11,648 [pool-49-thread-1] INFO  server.RaftServerConfigKeys (ConfUtils.java:logGet(43)) - raft.server.rpc.timeout.max = 5200ms (custom)
2019-11-15 13:32:11,649 [pool-49-thread-1] INFO  server.RaftServerConfigKeys (ConfUtils.java:logGet(43)) - raft.server.rpcslowness.timeout = 120s (custom)
2019-11-15 13:32:11,649 [pool-38-thread-1] INFO  server.RaftServerConfigKeys (ConfUtils.java:logGet(43)) - raft.server.storage.dir = [/workdir/hadoop-ozone/tools/target/test-dir/MiniOzoneClusterImpl-9f2fb995-f7ac-4156-8962-4c0588925236/datanode-1/data/ratis] (custom)
2019-11-15 13:32:11,649 [pool-49-thread-1] INFO  server.RaftServerConfigKeys (ConfUtils.java:logGet(43)) - raft.server.sleep.deviation.threshold = 300 (default)
2019-11-15 13:32:11,649 [pool-49-thread-1] INFO  server.RaftServerConfigKeys (ConfUtils.java:logGet(43)) - raft.server.log.appender.install.snapshot.enabled = false (custom)
2019-11-15 13:32:11,649 [pool-49-thread-1] INFO  impl.RaftServerImpl (ServerState.java:<init>(103)) - a24402c8-4554-4104-a5a4-d8d6d3f720e5@group-31804B1DB473: ConfigurationManager, init=-1: [647a87d1-7e8f-495e-97a0-d3fbbd373dc7:192.168.157.228:33865, a24402c8-4554-4104-a5a4-d8d6d3f720e5:192.168.157.228:36053, 0c284f5c-3293-4d46-b1a3-f8415c29b0db:192.168.157.228:42442], old=null, confs=<EMPTY_MAP>
2019-11-15 13:32:11,649 [pool-38-thread-1] INFO  server.RaftServerConfigKeys (ConfUtils.java:logGet(43)) - raft.server.log.corruption.policy = EXCEPTION (default)
2019-11-15 13:32:11,649 [pool-49-thread-1] INFO  server.RaftServerConfigKeys (ConfUtils.java:logGet(43)) - raft.server.storage.dir = [/workdir/hadoop-ozone/tools/target/test-dir/MiniOzoneClusterImpl-9f2fb995-f7ac-4156-8962-4c0588925236/datanode-2/data/ratis] (custom)
2019-11-15 13:32:11,649 [pool-38-thread-1] INFO  storage.RaftStorageDirectory (RaftStorageDirectory.java:analyzeStorage(246)) - The storage directory /workdir/hadoop-ozone/tools/target/test-dir/MiniOzoneClusterImpl-9f2fb995-f7ac-4156-8962-4c0588925236/datanode-1/data/ratis/5d869817-ca78-41b6-8806-31804b1db473 does not exist. Creating ...
2019-11-15 13:32:11,650 [pool-49-thread-1] INFO  server.RaftServerConfigKeys (ConfUtils.java:logGet(43)) - raft.server.log.corruption.policy = EXCEPTION (default)
2019-11-15 13:32:11,650 [pool-49-thread-1] INFO  storage.RaftStorageDirectory (RaftStorageDirectory.java:analyzeStorage(246)) - The storage directory /workdir/hadoop-ozone/tools/target/test-dir/MiniOzoneClusterImpl-9f2fb995-f7ac-4156-8962-4c0588925236/datanode-2/data/ratis/5d869817-ca78-41b6-8806-31804b1db473 does not exist. Creating ...
2019-11-15 13:32:11,654 [EventQueue-PipelineReportForPipelineReportHandler] INFO  pipeline.PipelineReportHandler (PipelineReportHandler.java:processPipelineReport(113)) - Pipeline ONE PipelineID=b34c78ba-c462-45d5-8022-9ba4f060f66d reported by a24402c8-4554-4104-a5a4-d8d6d3f720e5{ip: 192.168.157.228, host: pr-hdds-2448-del-container-94542-2491966341, networkLocation: /default-rack, certSerialId: null}
2019-11-15 13:32:11,655 [EventQueue-PipelineReportForPipelineReportHandler] INFO  pipeline.PipelineStateManager (PipelineStateManager.java:openPipeline(132)) - Pipeline Pipeline[ Id: b34c78ba-c462-45d5-8022-9ba4f060f66d, Nodes: a24402c8-4554-4104-a5a4-d8d6d3f720e5{ip: 192.168.157.228, host: pr-hdds-2448-del-container-94542-2491966341, networkLocation: /default-rack, certSerialId: null}, Type:RATIS, Factor:ONE, State:ALLOCATED] moved to OPEN state
2019-11-15 13:32:11,657 [EventQueue-OpenPipelineForOneReplicaPipelineSafeModeRule] INFO  safemode.SCMSafeModeManager (SCMSafeModeManager.java:validateSafeModeExitRules(176)) - AtleastOneDatanodeReportedRule rule is successfully validated
2019-11-15 13:32:11,657 [EventQueue-PipelineReportForPipelineReportHandler] INFO  pipeline.PipelineReportHandler (PipelineReportHandler.java:processPipelineReport(113)) - Pipeline ONE PipelineID=f482262d-59bd-4ce4-8a59-dc151287b1b4 reported by 647a87d1-7e8f-495e-97a0-d3fbbd373dc7{ip: 192.168.157.228, host: pr-hdds-2448-del-container-94542-2491966341, networkLocation: /default-rack, certSerialId: null}
2019-11-15 13:32:11,657 [EventQueue-OpenPipelineForHealthyPipelineSafeModeRule] INFO  safemode.SCMSafeModeManager (HealthyPipelineSafeModeRule.java:process(132)) - SCM in safe mode. Healthy pipelines reported count is 0, required healthy pipeline reported count is 1
2019-11-15 13:32:11,658 [EventQueue-PipelineReportForPipelineReportHandler] INFO  pipeline.PipelineStateManager (PipelineStateManager.java:openPipeline(132)) - Pipeline Pipeline[ Id: f482262d-59bd-4ce4-8a59-dc151287b1b4, Nodes: 647a87d1-7e8f-495e-97a0-d3fbbd373dc7{ip: 192.168.157.228, host: pr-hdds-2448-del-container-94542-2491966341, networkLocation: /default-rack, certSerialId: null}, Type:RATIS, Factor:ONE, State:ALLOCATED] moved to OPEN state
2019-11-15 13:32:11,658 [EventQueue-OpenPipelineForOneReplicaPipelineSafeModeRule] INFO  safemode.SCMSafeModeManager (SCMSafeModeManager.java:validateSafeModeExitRules(176)) - AtleastOneDatanodeReportedRule rule is successfully validated
2019-11-15 13:32:11,658 [EventQueue-PipelineReportForPipelineReportHandler] INFO  pipeline.PipelineReportHandler (PipelineReportHandler.java:processPipelineReport(113)) - Pipeline ONE PipelineID=2461f99c-58b8-4015-931a-91d5982a0a49 reported by 0c284f5c-3293-4d46-b1a3-f8415c29b0db{ip: 192.168.157.228, host: pr-hdds-2448-del-container-94542-2491966341, networkLocation: /default-rack, certSerialId: null}
2019-11-15 13:32:11,658 [EventQueue-OpenPipelineForHealthyPipelineSafeModeRule] INFO  safemode.SCMSafeModeManager (HealthyPipelineSafeModeRule.java:process(132)) - SCM in safe mode. Healthy pipelines reported count is 0, required healthy pipeline reported count is 1
2019-11-15 13:32:11,658 [EventQueue-PipelineReportForPipelineReportHandler] INFO  pipeline.PipelineStateManager (PipelineStateManager.java:openPipeline(132)) - Pipeline Pipeline[ Id: 2461f99c-58b8-4015-931a-91d5982a0a49, Nodes: 0c284f5c-3293-4d46-b1a3-f8415c29b0db{ip: 192.168.157.228, host: pr-hdds-2448-del-container-94542-2491966341, networkLocation: /default-rack, certSerialId: null}, Type:RATIS, Factor:ONE, State:ALLOCATED] moved to OPEN state
2019-11-15 13:32:11,659 [EventQueue-OpenPipelineForHealthyPipelineSafeModeRule] INFO  safemode.SCMSafeModeManager (HealthyPipelineSafeModeRule.java:process(132)) - SCM in safe mode. Healthy pipelines reported count is 0, required healthy pipeline reported count is 1
2019-11-15 13:32:11,659 [EventQueue-OpenPipelineForOneReplicaPipelineSafeModeRule] INFO  safemode.SCMSafeModeManager (SCMSafeModeManager.java:validateSafeModeExitRules(176)) - AtleastOneDatanodeReportedRule rule is successfully validated
2019-11-15 13:32:11,662 [pool-27-thread-1] INFO  storage.RaftStorageDirectory (RaftStorageDirectory.java:tryLock(328)) - Lock on /workdir/hadoop-ozone/tools/target/test-dir/MiniOzoneClusterImpl-9f2fb995-f7ac-4156-8962-4c0588925236/datanode-0/data/ratis/5d869817-ca78-41b6-8806-31804b1db473/in_use.lock acquired by nodename 18515@pr-hdds-2448-del-container-94542-2491966341
2019-11-15 13:32:11,662 [pool-49-thread-1] INFO  storage.RaftStorageDirectory (RaftStorageDirectory.java:tryLock(328)) - Lock on /workdir/hadoop-ozone/tools/target/test-dir/MiniOzoneClusterImpl-9f2fb995-f7ac-4156-8962-4c0588925236/datanode-2/data/ratis/5d869817-ca78-41b6-8806-31804b1db473/in_use.lock acquired by nodename 18515@pr-hdds-2448-del-container-94542-2491966341
2019-11-15 13:32:11,662 [pool-38-thread-1] INFO  storage.RaftStorageDirectory (RaftStorageDirectory.java:tryLock(328)) - Lock on /workdir/hadoop-ozone/tools/target/test-dir/MiniOzoneClusterImpl-9f2fb995-f7ac-4156-8962-4c0588925236/datanode-1/data/ratis/5d869817-ca78-41b6-8806-31804b1db473/in_use.lock acquired by nodename 18515@pr-hdds-2448-del-container-94542-2491966341
2019-11-15 13:32:11,677 [pool-27-thread-1] INFO  storage.RaftStorage (RaftStorage.java:format(84)) - Storage directory /workdir/hadoop-ozone/tools/target/test-dir/MiniOzoneClusterImpl-9f2fb995-f7ac-4156-8962-4c0588925236/datanode-0/data/ratis/5d869817-ca78-41b6-8806-31804b1db473 has been successfully formatted.
2019-11-15 13:32:11,677 [pool-38-thread-1] INFO  storage.RaftStorage (RaftStorage.java:format(84)) - Storage directory /workdir/hadoop-ozone/tools/target/test-dir/MiniOzoneClusterImpl-9f2fb995-f7ac-4156-8962-4c0588925236/datanode-1/data/ratis/5d869817-ca78-41b6-8806-31804b1db473 has been successfully formatted.
2019-11-15 13:32:11,677 [pool-49-thread-1] INFO  storage.RaftStorage (RaftStorage.java:format(84)) - Storage directory /workdir/hadoop-ozone/tools/target/test-dir/MiniOzoneClusterImpl-9f2fb995-f7ac-4156-8962-4c0588925236/datanode-2/data/ratis/5d869817-ca78-41b6-8806-31804b1db473 has been successfully formatted.
2019-11-15 13:32:11,678 [pool-27-thread-1] INFO  ratis.ContainerStateMachine (ContainerStateMachine.java:loadSnapshot(223)) - group-31804B1DB473: The snapshot info is null. Setting the last applied indexto:(t:0, i:~)
2019-11-15 13:32:11,678 [pool-38-thread-1] INFO  ratis.ContainerStateMachine (ContainerStateMachine.java:loadSnapshot(223)) - group-31804B1DB473: The snapshot info is null. Setting the last applied indexto:(t:0, i:~)
2019-11-15 13:32:11,678 [pool-49-thread-1] INFO  ratis.ContainerStateMachine (ContainerStateMachine.java:loadSnapshot(223)) - group-31804B1DB473: The snapshot info is null. Setting the last applied indexto:(t:0, i:~)
2019-11-15 13:32:11,678 [pool-38-thread-1] INFO  server.RaftServerConfigKeys (ConfUtils.java:logGet(43)) - raft.server.notification.no-leader.timeout = 120s (custom)
2019-11-15 13:32:11,678 [pool-49-thread-1] INFO  server.RaftServerConfigKeys (ConfUtils.java:logGet(43)) - raft.server.notification.no-leader.timeout = 120s (custom)
2019-11-15 13:32:11,678 [pool-27-thread-1] INFO  server.RaftServerConfigKeys (ConfUtils.java:logGet(43)) - raft.server.notification.no-leader.timeout = 120s (custom)
2019-11-15 13:32:11,679 [pool-49-thread-1] INFO  server.RaftServerConfigKeys (ConfUtils.java:logGet(43)) - raft.server.log.use.memory = false (default)
2019-11-15 13:32:11,678 [pool-38-thread-1] INFO  server.RaftServerConfigKeys (ConfUtils.java:logGet(43)) - raft.server.log.use.memory = false (default)
2019-11-15 13:32:11,679 [pool-49-thread-1] INFO  server.RaftServerConfigKeys (ConfUtils.java:logGet(43)) - raft.server.log.purge.gap = 1000000 (custom)
2019-11-15 13:32:11,679 [pool-27-thread-1] INFO  server.RaftServerConfigKeys (ConfUtils.java:logGet(43)) - raft.server.log.use.memory = false (default)
2019-11-15 13:32:11,679 [pool-49-thread-1] INFO  server.RaftServerConfigKeys (ConfUtils.java:logGet(43)) - raft.server.log.appender.buffer.byte-limit = 33554432 (custom)
2019-11-15 13:32:11,679 [pool-38-thread-1] INFO  server.RaftServerConfigKeys (ConfUtils.java:logGet(43)) - raft.server.log.purge.gap = 1000000 (custom)
2019-11-15 13:32:11,679 [pool-49-thread-1] INFO  server.RaftServerConfigKeys (ConfUtils.java:logGet(43)) - raft.server.log.segment.size.max = 1048576 (custom)
2019-11-15 13:32:11,679 [pool-27-thread-1] INFO  server.RaftServerConfigKeys (ConfUtils.java:logGet(43)) - raft.server.log.purge.gap = 1000000 (custom)
2019-11-15 13:32:11,680 [pool-49-thread-1] INFO  server.RaftServerConfigKeys (ConfUtils.java:logGet(43)) - raft.server.log.segment.cache.num.max = 2 (custom)
2019-11-15 13:32:11,680 [pool-27-thread-1] INFO  server.RaftServerConfigKeys (ConfUtils.java:logGet(43)) - raft.server.log.appender.buffer.byte-limit = 33554432 (custom)
2019-11-15 13:32:11,679 [pool-38-thread-1] INFO  server.RaftServerConfigKeys (ConfUtils.java:logGet(43)) - raft.server.log.appender.buffer.byte-limit = 33554432 (custom)
2019-11-15 13:32:11,680 [pool-27-thread-1] INFO  server.RaftServerConfigKeys (ConfUtils.java:logGet(43)) - raft.server.log.segment.size.max = 1048576 (custom)
2019-11-15 13:32:11,680 [pool-49-thread-1] INFO  segmented.SegmentedRaftLogWorker (SegmentedRaftLogWorker.java:<init>(173)) - new a24402c8-4554-4104-a5a4-d8d6d3f720e5@group-31804B1DB473-SegmentedRaftLogWorker for RaftStorage:Storage Directory /workdir/hadoop-ozone/tools/target/test-dir/MiniOzoneClusterImpl-9f2fb995-f7ac-4156-8962-4c0588925236/datanode-2/data/ratis/5d869817-ca78-41b6-8806-31804b1db473
2019-11-15 13:32:11,680 [pool-27-thread-1] INFO  server.RaftServerConfigKeys (ConfUtils.java:logGet(43)) - raft.server.log.segment.cache.num.max = 2 (custom)
2019-11-15 13:32:11,680 [pool-38-thread-1] INFO  server.RaftServerConfigKeys (ConfUtils.java:logGet(43)) - raft.server.log.segment.size.max = 1048576 (custom)
2019-11-15 13:32:11,680 [pool-27-thread-1] INFO  segmented.SegmentedRaftLogWorker (SegmentedRaftLogWorker.java:<init>(173)) - new 0c284f5c-3293-4d46-b1a3-f8415c29b0db@group-31804B1DB473-SegmentedRaftLogWorker for RaftStorage:Storage Directory /workdir/hadoop-ozone/tools/target/test-dir/MiniOzoneClusterImpl-9f2fb995-f7ac-4156-8962-4c0588925236/datanode-0/data/ratis/5d869817-ca78-41b6-8806-31804b1db473
2019-11-15 13:32:11,680 [pool-49-thread-1] INFO  server.RaftServerConfigKeys (ConfUtils.java:logGet(43)) - raft.server.log.queue.byte-limit = 2147483647 (custom)
2019-11-15 13:32:11,681 [pool-27-thread-1] INFO  server.RaftServerConfigKeys (ConfUtils.java:logGet(43)) - raft.server.log.queue.byte-limit = 2147483647 (custom)
2019-11-15 13:32:11,681 [pool-38-thread-1] INFO  server.RaftServerConfigKeys (ConfUtils.java:logGet(43)) - raft.server.log.segment.cache.num.max = 2 (custom)
2019-11-15 13:32:11,681 [pool-27-thread-1] INFO  server.RaftServerConfigKeys (ConfUtils.java:logGet(43)) - raft.server.log.queue.element-limit = 1024 (custom)
2019-11-15 13:32:11,681 [pool-49-thread-1] INFO  server.RaftServerConfigKeys (ConfUtils.java:logGet(43)) - raft.server.log.queue.element-limit = 1024 (custom)
2019-11-15 13:32:11,681 [pool-27-thread-1] INFO  server.RaftServerConfigKeys (ConfUtils.java:logGet(43)) - raft.server.log.segment.size.max = 1048576 (custom)
2019-11-15 13:32:11,681 [pool-38-thread-1] INFO  segmented.SegmentedRaftLogWorker (SegmentedRaftLogWorker.java:<init>(173)) - new 647a87d1-7e8f-495e-97a0-d3fbbd373dc7@group-31804B1DB473-SegmentedRaftLogWorker for RaftStorage:Storage Directory /workdir/hadoop-ozone/tools/target/test-dir/MiniOzoneClusterImpl-9f2fb995-f7ac-4156-8962-4c0588925236/datanode-1/data/ratis/5d869817-ca78-41b6-8806-31804b1db473
2019-11-15 13:32:11,681 [pool-27-thread-1] INFO  server.RaftServerConfigKeys (ConfUtils.java:logGet(43)) - raft.server.log.preallocated.size = 16384 (custom)
2019-11-15 13:32:11,681 [pool-49-thread-1] INFO  server.RaftServerConfigKeys (ConfUtils.java:logGet(43)) - raft.server.log.segment.size.max = 1048576 (custom)
2019-11-15 13:32:11,682 [pool-27-thread-1] INFO  server.RaftServerConfigKeys (ConfUtils.java:logGet(43)) - raft.server.log.write.buffer.size = 33554432 (custom)
2019-11-15 13:32:11,682 [pool-38-thread-1] INFO  server.RaftServerConfigKeys (ConfUtils.java:logGet(43)) - raft.server.log.queue.byte-limit = 2147483647 (custom)
2019-11-15 13:32:11,682 [pool-27-thread-1] INFO  server.RaftServerConfigKeys (ConfUtils.java:logGet(43)) - raft.server.log.force.sync.num = 128 (default)
2019-11-15 13:32:11,682 [pool-49-thread-1] INFO  server.RaftServerConfigKeys (ConfUtils.java:logGet(43)) - raft.server.log.preallocated.size = 16384 (custom)
2019-11-15 13:32:11,682 [pool-27-thread-1] INFO  server.RaftServerConfigKeys (ConfUtils.java:logGet(43)) - raft.server.log.statemachine.data.sync = true (default)
2019-11-15 13:32:11,682 [pool-38-thread-1] INFO  server.RaftServerConfigKeys (ConfUtils.java:logGet(43)) - raft.server.log.queue.element-limit = 1024 (custom)
2019-11-15 13:32:11,682 [pool-27-thread-1] INFO  server.RaftServerConfigKeys (ConfUtils.java:logGet(43)) - raft.server.log.statemachine.data.sync.timeout = 10s (default)
2019-11-15 13:32:11,682 [pool-49-thread-1] INFO  server.RaftServerConfigKeys (ConfUtils.java:logGet(43)) - raft.server.log.write.buffer.size = 33554432 (custom)
2019-11-15 13:32:11,683 [pool-27-thread-1] INFO  server.RaftServerConfigKeys (ConfUtils.java:logGet(43)) - raft.server.log.statemachine.data.sync.timeout.retry = -1 (default)
2019-11-15 13:32:11,683 [pool-38-thread-1] INFO  server.RaftServerConfigKeys (ConfUtils.java:logGet(43)) - raft.server.log.segment.size.max = 1048576 (custom)
2019-11-15 13:32:11,683 [pool-27-thread-1] INFO  server.RaftServerConfigKeys (ConfUtils.java:logGet(43)) - raft.server.log.statemachine.data.caching.enabled = true (custom)
2019-11-15 13:32:11,683 [pool-49-thread-1] INFO  server.RaftServerConfigKeys (ConfUtils.java:logGet(43)) - raft.server.log.force.sync.num = 128 (default)
2019-11-15 13:32:11,683 [pool-38-thread-1] INFO  server.RaftServerConfigKeys (ConfUtils.java:logGet(43)) - raft.server.log.preallocated.size = 16384 (custom)
2019-11-15 13:32:11,683 [pool-49-thread-1] INFO  server.RaftServerConfigKeys (ConfUtils.java:logGet(43)) - raft.server.log.statemachine.data.sync = true (default)
2019-11-15 13:32:11,683 [pool-27-thread-1] INFO  segmented.SegmentedRaftLogWorker (SegmentedRaftLogWorker.java:lambda$new$0(128)) - 0c284f5c-3293-4d46-b1a3-f8415c29b0db@group-31804B1DB473-SegmentedRaftLogWorker: flushIndex: setUnconditionally 0 -> -1
2019-11-15 13:32:11,683 [pool-38-thread-1] INFO  server.RaftServerConfigKeys (ConfUtils.java:logGet(43)) - raft.server.log.write.buffer.size = 33554432 (custom)
2019-11-15 13:32:11,684 [pool-49-thread-1] INFO  server.RaftServerConfigKeys (ConfUtils.java:logGet(43)) - raft.server.log.statemachine.data.sync.timeout = 10s (default)
2019-11-15 13:32:11,684 [pool-27-thread-1] INFO  server.RaftServerConfigKeys (ConfUtils.java:logGet(43)) - raft.server.snapshot.auto.trigger.enabled = true (custom)
2019-11-15 13:32:11,684 [pool-38-thread-1] INFO  server.RaftServerConfigKeys (ConfUtils.java:logGet(43)) - raft.server.log.force.sync.num = 128 (default)
2019-11-15 13:32:11,684 [pool-27-thread-1] INFO  server.RaftServerConfigKeys (ConfUtils.java:logGet(43)) - raft.server.snapshot.auto.trigger.threshold = 10000 (custom)
2019-11-15 13:32:11,684 [pool-49-thread-1] INFO  server.RaftServerConfigKeys (ConfUtils.java:logGet(43)) - raft.server.log.statemachine.data.sync.timeout.retry = -1 (default)
2019-11-15 13:32:11,684 [pool-27-thread-1] INFO  server.RaftServerConfigKeys (ConfUtils.java:logGet(43)) - raft.server.snapshot.retention.file.num = 5 (custom)
2019-11-15 13:32:11,684 [pool-38-thread-1] INFO  server.RaftServerConfigKeys (ConfUtils.java:logGet(43)) - raft.server.log.statemachine.data.sync = true (default)
2019-11-15 13:32:11,685 [pool-27-thread-1] INFO  server.RaftServerConfigKeys (ConfUtils.java:logGet(43)) - raft.server.retrycache.expirytime = 600000ms (custom)
2019-11-15 13:32:11,685 [pool-49-thread-1] INFO  server.RaftServerConfigKeys (ConfUtils.java:logGet(43)) - raft.server.log.statemachine.data.caching.enabled = true (custom)
2019-11-15 13:32:11,685 [pool-27-thread-1] WARN  impl.MetricRegistriesImpl (MetricRegistriesImpl.java:lambda$create$1(61)) - First MetricRegistry has been created without registering reporters. You may need to call MetricRegistries.global().addReportRegistration(...) before.
2019-11-15 13:32:11,685 [pool-38-thread-1] INFO  server.RaftServerConfigKeys (ConfUtils.java:logGet(43)) - raft.server.log.statemachine.data.sync.timeout = 10s (default)
2019-11-15 13:32:11,685 [pool-27-thread-1] WARN  impl.MetricRegistriesImpl (MetricRegistriesImpl.java:lambda$create$1(61)) - First MetricRegistry has been created without registering reporters. You may need to call MetricRegistries.global().addReportRegistration(...) before.
2019-11-15 13:32:11,685 [pool-38-thread-1] INFO  server.RaftServerConfigKeys (ConfUtils.java:logGet(43)) - raft.server.log.statemachine.data.sync.timeout.retry = -1 (default)
2019-11-15 13:32:11,685 [pool-49-thread-1] INFO  segmented.SegmentedRaftLogWorker (SegmentedRaftLogWorker.java:lambda$new$0(128)) - a24402c8-4554-4104-a5a4-d8d6d3f720e5@group-31804B1DB473-SegmentedRaftLogWorker: flushIndex: setUnconditionally 0 -> -1
2019-11-15 13:32:11,686 [pool-38-thread-1] INFO  server.RaftServerConfigKeys (ConfUtils.java:logGet(43)) - raft.server.log.statemachine.data.caching.enabled = true (custom)
2019-11-15 13:32:11,686 [pool-27-thread-1] INFO  impl.RaftServerImpl (RaftServerImpl.java:start(184)) - 0c284f5c-3293-4d46-b1a3-f8415c29b0db@group-31804B1DB473: start as a follower, conf=-1: [647a87d1-7e8f-495e-97a0-d3fbbd373dc7:192.168.157.228:33865, a24402c8-4554-4104-a5a4-d8d6d3f720e5:192.168.157.228:36053, 0c284f5c-3293-4d46-b1a3-f8415c29b0db:192.168.157.228:42442], old=null
2019-11-15 13:32:11,686 [pool-49-thread-1] INFO  server.RaftServerConfigKeys (ConfUtils.java:logGet(43)) - raft.server.snapshot.auto.trigger.enabled = true (custom)
2019-11-15 13:32:11,686 [pool-38-thread-1] INFO  segmented.SegmentedRaftLogWorker (SegmentedRaftLogWorker.java:lambda$new$0(128)) - 647a87d1-7e8f-495e-97a0-d3fbbd373dc7@group-31804B1DB473-SegmentedRaftLogWorker: flushIndex: setUnconditionally 0 -> -1
2019-11-15 13:32:11,686 [pool-27-thread-1] INFO  impl.RaftServerImpl (RaftServerImpl.java:setRole(173)) - 0c284f5c-3293-4d46-b1a3-f8415c29b0db@group-31804B1DB473: changes role from      null to FOLLOWER at term 0 for startAsFollower
2019-11-15 13:32:11,686 [pool-49-thread-1] INFO  server.RaftServerConfigKeys (ConfUtils.java:logGet(43)) - raft.server.snapshot.auto.trigger.threshold = 10000 (custom)
2019-11-15 13:32:11,687 [pool-27-thread-1] INFO  impl.RoleInfo (RoleInfo.java:updateAndGet(143)) - 0c284f5c-3293-4d46-b1a3-f8415c29b0db: start FollowerState
2019-11-15 13:32:11,687 [pool-38-thread-1] INFO  server.RaftServerConfigKeys (ConfUtils.java:logGet(43)) - raft.server.snapshot.auto.trigger.enabled = true (custom)
2019-11-15 13:32:11,687 [pool-49-thread-1] INFO  server.RaftServerConfigKeys (ConfUtils.java:logGet(43)) - raft.server.snapshot.retention.file.num = 5 (custom)
2019-11-15 13:32:11,687 [pool-38-thread-1] INFO  server.RaftServerConfigKeys (ConfUtils.java:logGet(43)) - raft.server.snapshot.auto.trigger.threshold = 10000 (custom)
2019-11-15 13:32:11,687 [pool-49-thread-1] INFO  server.RaftServerConfigKeys (ConfUtils.java:logGet(43)) - raft.server.retrycache.expirytime = 600000ms (custom)
2019-11-15 13:32:11,687 [pool-27-thread-1] INFO  util.JmxRegister (JmxRegister.java:tryRegister(44)) - Successfully registered JMX Bean with object name Ratis:service=RaftServer,group=group-31804B1DB473,id=0c284f5c-3293-4d46-b1a3-f8415c29b0db
2019-11-15 13:32:11,687 [pool-38-thread-1] INFO  server.RaftServerConfigKeys (ConfUtils.java:logGet(43)) - raft.server.snapshot.retention.file.num = 5 (custom)
2019-11-15 13:32:11,687 [pool-27-thread-1] WARN  impl.MetricRegistriesImpl (MetricRegistriesImpl.java:lambda$create$1(61)) - First MetricRegistry has been created without registering reporters. You may need to call MetricRegistries.global().addReportRegistration(...) before.
2019-11-15 13:32:11,687 [pool-49-thread-1] WARN  impl.MetricRegistriesImpl (MetricRegistriesImpl.java:lambda$create$1(61)) - First MetricRegistry has been created without registering reporters. You may need to call MetricRegistries.global().addReportRegistration(...) before.
2019-11-15 13:32:11,688 [pool-38-thread-1] INFO  server.RaftServerConfigKeys (ConfUtils.java:logGet(43)) - raft.server.retrycache.expirytime = 600000ms (custom)
2019-11-15 13:32:11,688 [pool-49-thread-1] WARN  impl.MetricRegistriesImpl (MetricRegistriesImpl.java:lambda$create$1(61)) - First MetricRegistry has been created without registering reporters. You may need to call MetricRegistries.global().addReportRegistration(...) before.
2019-11-15 13:32:11,688 [pool-38-thread-1] WARN  impl.MetricRegistriesImpl (MetricRegistriesImpl.java:lambda$create$1(61)) - First MetricRegistry has been created without registering reporters. You may need to call MetricRegistries.global().addReportRegistration(...) before.
2019-11-15 13:32:11,688 [pool-38-thread-1] WARN  impl.MetricRegistriesImpl (MetricRegistriesImpl.java:lambda$create$1(61)) - First MetricRegistry has been created without registering reporters. You may need to call MetricRegistries.global().addReportRegistration(...) before.
2019-11-15 13:32:11,688 [Command processor thread] INFO  commandhandler.CreatePipelineCommandHandler (CreatePipelineCommandHandler.java:handle(86)) - Create Pipeline RATIS THREE #id: "5d869817-ca78-41b6-8806-31804b1db473"
 command succeed on datanode 0c284f5c-3293-4d46-b1a3-f8415c29b0db.
2019-11-15 13:32:11,688 [pool-49-thread-1] INFO  impl.RaftServerImpl (RaftServerImpl.java:start(184)) - a24402c8-4554-4104-a5a4-d8d6d3f720e5@group-31804B1DB473: start as a follower, conf=-1: [647a87d1-7e8f-495e-97a0-d3fbbd373dc7:192.168.157.228:33865, a24402c8-4554-4104-a5a4-d8d6d3f720e5:192.168.157.228:36053, 0c284f5c-3293-4d46-b1a3-f8415c29b0db:192.168.157.228:42442], old=null
2019-11-15 13:32:11,688 [pool-38-thread-1] INFO  impl.RaftServerImpl (RaftServerImpl.java:start(184)) - 647a87d1-7e8f-495e-97a0-d3fbbd373dc7@group-31804B1DB473: start as a follower, conf=-1: [647a87d1-7e8f-495e-97a0-d3fbbd373dc7:192.168.157.228:33865, a24402c8-4554-4104-a5a4-d8d6d3f720e5:192.168.157.228:36053, 0c284f5c-3293-4d46-b1a3-f8415c29b0db:192.168.157.228:42442], old=null
2019-11-15 13:32:11,689 [pool-49-thread-1] INFO  impl.RaftServerImpl (RaftServerImpl.java:setRole(173)) - a24402c8-4554-4104-a5a4-d8d6d3f720e5@group-31804B1DB473: changes role from      null to FOLLOWER at term 0 for startAsFollower
2019-11-15 13:32:11,689 [pool-38-thread-1] INFO  impl.RaftServerImpl (RaftServerImpl.java:setRole(173)) - 647a87d1-7e8f-495e-97a0-d3fbbd373dc7@group-31804B1DB473: changes role from      null to FOLLOWER at term 0 for startAsFollower
2019-11-15 13:32:11,689 [pool-49-thread-1] INFO  impl.RoleInfo (RoleInfo.java:updateAndGet(143)) - a24402c8-4554-4104-a5a4-d8d6d3f720e5: start FollowerState
2019-11-15 13:32:11,689 [pool-38-thread-1] INFO  impl.RoleInfo (RoleInfo.java:updateAndGet(143)) - 647a87d1-7e8f-495e-97a0-d3fbbd373dc7: start FollowerState
2019-11-15 13:32:11,690 [pool-49-thread-1] INFO  util.JmxRegister (JmxRegister.java:tryRegister(44)) - Successfully registered JMX Bean with object name Ratis:service=RaftServer,group=group-31804B1DB473,id=a24402c8-4554-4104-a5a4-d8d6d3f720e5
2019-11-15 13:32:11,690 [pool-38-thread-1] INFO  util.JmxRegister (JmxRegister.java:tryRegister(44)) - Successfully registered JMX Bean with object name Ratis:service=RaftServer,group=group-31804B1DB473,id=647a87d1-7e8f-495e-97a0-d3fbbd373dc7
2019-11-15 13:32:11,690 [pool-49-thread-1] WARN  impl.MetricRegistriesImpl (MetricRegistriesImpl.java:lambda$create$1(61)) - First MetricRegistry has been created without registering reporters. You may need to call MetricRegistries.global().addReportRegistration(...) before.
2019-11-15 13:32:11,690 [pool-38-thread-1] WARN  impl.MetricRegistriesImpl (MetricRegistriesImpl.java:lambda$create$1(61)) - First MetricRegistry has been created without registering reporters. You may need to call MetricRegistries.global().addReportRegistration(...) before.
2019-11-15 13:32:11,691 [EventQueue-PipelineReportForPipelineReportHandler] INFO  pipeline.PipelineReportHandler (PipelineReportHandler.java:processPipelineReport(113)) - Pipeline THREE PipelineID=5d869817-ca78-41b6-8806-31804b1db473 reported by 0c284f5c-3293-4d46-b1a3-f8415c29b0db{ip: 192.168.157.228, host: pr-hdds-2448-del-container-94542-2491966341, networkLocation: /default-rack, certSerialId: null}
2019-11-15 13:32:11,691 [Command processor thread] INFO  commandhandler.CreatePipelineCommandHandler (CreatePipelineCommandHandler.java:handle(86)) - Create Pipeline RATIS THREE #id: "5d869817-ca78-41b6-8806-31804b1db473"
 command succeed on datanode 647a87d1-7e8f-495e-97a0-d3fbbd373dc7.
2019-11-15 13:32:11,691 [Command processor thread] INFO  commandhandler.CreatePipelineCommandHandler (CreatePipelineCommandHandler.java:handle(86)) - Create Pipeline RATIS THREE #id: "5d869817-ca78-41b6-8806-31804b1db473"
 command succeed on datanode a24402c8-4554-4104-a5a4-d8d6d3f720e5.
2019-11-15 13:32:11,695 [EventQueue-PipelineReportForPipelineReportHandler] INFO  pipeline.PipelineReportHandler (PipelineReportHandler.java:processPipelineReport(113)) - Pipeline THREE PipelineID=5d869817-ca78-41b6-8806-31804b1db473 reported by a24402c8-4554-4104-a5a4-d8d6d3f720e5{ip: 192.168.157.228, host: pr-hdds-2448-del-container-94542-2491966341, networkLocation: /default-rack, certSerialId: null}
2019-11-15 13:32:11,695 [EventQueue-PipelineReportForPipelineReportHandler] INFO  pipeline.PipelineReportHandler (PipelineReportHandler.java:processPipelineReport(113)) - Pipeline THREE PipelineID=5d869817-ca78-41b6-8806-31804b1db473 reported by 647a87d1-7e8f-495e-97a0-d3fbbd373dc7{ip: 192.168.157.228, host: pr-hdds-2448-del-container-94542-2491966341, networkLocation: /default-rack, certSerialId: null}
2019-11-15 13:32:12,488 [main] INFO  ozone.MiniOzoneClusterImpl (MiniOzoneClusterImpl.java:lambda$waitForClusterToBeReady$0(150)) - Nodes are ready. Got 3 of 3 DN Heartbeats.
2019-11-15 13:32:12,488 [main] INFO  ozone.MiniOzoneClusterImpl (MiniOzoneClusterImpl.java:lambda$waitForClusterToBeReady$0(153)) - Waiting for cluster to exit safe mode
2019-11-15 13:32:13,489 [main] INFO  ozone.MiniOzoneClusterImpl (MiniOzoneClusterImpl.java:lambda$waitForClusterToBeReady$0(150)) - Nodes are ready. Got 3 of 3 DN Heartbeats.
2019-11-15 13:32:13,489 [main] INFO  ozone.MiniOzoneClusterImpl (MiniOzoneClusterImpl.java:lambda$waitForClusterToBeReady$0(153)) - Waiting for cluster to exit safe mode
2019-11-15 13:32:14,489 [main] INFO  ozone.MiniOzoneClusterImpl (MiniOzoneClusterImpl.java:lambda$waitForClusterToBeReady$0(150)) - Nodes are ready. Got 3 of 3 DN Heartbeats.
2019-11-15 13:32:14,490 [main] INFO  ozone.MiniOzoneClusterImpl (MiniOzoneClusterImpl.java:lambda$waitForClusterToBeReady$0(153)) - Waiting for cluster to exit safe mode
2019-11-15 13:32:15,490 [main] INFO  ozone.MiniOzoneClusterImpl (MiniOzoneClusterImpl.java:lambda$waitForClusterToBeReady$0(150)) - Nodes are ready. Got 3 of 3 DN Heartbeats.
2019-11-15 13:32:15,491 [main] INFO  ozone.MiniOzoneClusterImpl (MiniOzoneClusterImpl.java:lambda$waitForClusterToBeReady$0(153)) - Waiting for cluster to exit safe mode
2019-11-15 13:32:16,491 [main] INFO  ozone.MiniOzoneClusterImpl (MiniOzoneClusterImpl.java:lambda$waitForClusterToBeReady$0(150)) - Nodes are ready. Got 3 of 3 DN Heartbeats.
2019-11-15 13:32:16,491 [main] INFO  ozone.MiniOzoneClusterImpl (MiniOzoneClusterImpl.java:lambda$waitForClusterToBeReady$0(153)) - Waiting for cluster to exit safe mode
2019-11-15 13:32:16,640 [Thread-182] INFO  impl.FollowerState (FollowerState.java:run(111)) - 0c284f5c-3293-4d46-b1a3-f8415c29b0db@group-91D5982A0A49-FollowerState: change to CANDIDATE, lastRpcTime:5026ms, electionTimeout:5021ms
2019-11-15 13:32:16,641 [Thread-182] INFO  impl.RoleInfo (RoleInfo.java:shutdownFollowerState(121)) - 0c284f5c-3293-4d46-b1a3-f8415c29b0db: shutdown FollowerState
2019-11-15 13:32:16,642 [Thread-182] INFO  impl.RaftServerImpl (RaftServerImpl.java:setRole(173)) - 0c284f5c-3293-4d46-b1a3-f8415c29b0db@group-91D5982A0A49: changes role from  FOLLOWER to CANDIDATE at term 0 for changeToCandidate
2019-11-15 13:32:16,646 [Thread-182] INFO  impl.RoleInfo (RoleInfo.java:updateAndGet(143)) - 0c284f5c-3293-4d46-b1a3-f8415c29b0db: start LeaderElection
2019-11-15 13:32:16,665 [Thread-183] INFO  impl.FollowerState (FollowerState.java:run(111)) - 647a87d1-7e8f-495e-97a0-d3fbbd373dc7@group-DC151287B1B4-FollowerState: change to CANDIDATE, lastRpcTime:5051ms, electionTimeout:5046ms
2019-11-15 13:32:16,666 [Thread-183] INFO  impl.RoleInfo (RoleInfo.java:shutdownFollowerState(121)) - 647a87d1-7e8f-495e-97a0-d3fbbd373dc7: shutdown FollowerState
2019-11-15 13:32:16,666 [Thread-183] INFO  impl.RaftServerImpl (RaftServerImpl.java:setRole(173)) - 647a87d1-7e8f-495e-97a0-d3fbbd373dc7@group-DC151287B1B4: changes role from  FOLLOWER to CANDIDATE at term 0 for changeToCandidate
2019-11-15 13:32:16,666 [Thread-183] INFO  impl.RoleInfo (RoleInfo.java:updateAndGet(143)) - 647a87d1-7e8f-495e-97a0-d3fbbd373dc7: start LeaderElection
2019-11-15 13:32:16,681 [0c284f5c-3293-4d46-b1a3-f8415c29b0db@group-91D5982A0A49-LeaderElection1] INFO  impl.LeaderElection (LeaderElection.java:askForVotes(178)) - 0c284f5c-3293-4d46-b1a3-f8415c29b0db@group-91D5982A0A49-LeaderElection1: begin an election at term 1 for -1: [0c284f5c-3293-4d46-b1a3-f8415c29b0db:192.168.157.228:42442], old=null
2019-11-15 13:32:16,683 [0c284f5c-3293-4d46-b1a3-f8415c29b0db@group-91D5982A0A49-LeaderElection1] INFO  impl.RoleInfo (RoleInfo.java:shutdownLeaderElection(134)) - 0c284f5c-3293-4d46-b1a3-f8415c29b0db: shutdown LeaderElection
2019-11-15 13:32:16,684 [0c284f5c-3293-4d46-b1a3-f8415c29b0db@group-91D5982A0A49-LeaderElection1] INFO  impl.RaftServerImpl (RaftServerImpl.java:setRole(173)) - 0c284f5c-3293-4d46-b1a3-f8415c29b0db@group-91D5982A0A49: changes role from CANDIDATE to LEADER at term 1 for changeToLeader
2019-11-15 13:32:16,684 [0c284f5c-3293-4d46-b1a3-f8415c29b0db@group-91D5982A0A49-LeaderElection1] INFO  ratis.XceiverServerRatis (XceiverServerRatis.java:handleLeaderChangedNotification(733)) - Leader change notification received for group: group-91D5982A0A49 with new leaderId: 0c284f5c-3293-4d46-b1a3-f8415c29b0db
2019-11-15 13:32:16,684 [0c284f5c-3293-4d46-b1a3-f8415c29b0db@group-91D5982A0A49-LeaderElection1] INFO  impl.RaftServerImpl (ServerState.java:setLeader(255)) - 0c284f5c-3293-4d46-b1a3-f8415c29b0db@group-91D5982A0A49: change Leader from null to 0c284f5c-3293-4d46-b1a3-f8415c29b0db at term 1 for becomeLeader, leader elected after 5190ms
2019-11-15 13:32:16,689 [EventQueue-PipelineReportForPipelineReportHandler] INFO  pipeline.PipelineReportHandler (PipelineReportHandler.java:processPipelineReport(113)) - Pipeline THREE PipelineID=5d869817-ca78-41b6-8806-31804b1db473 reported by 0c284f5c-3293-4d46-b1a3-f8415c29b0db{ip: 192.168.157.228, host: pr-hdds-2448-del-container-94542-2491966341, networkLocation: /default-rack, certSerialId: null}
2019-11-15 13:32:16,692 [0c284f5c-3293-4d46-b1a3-f8415c29b0db@group-91D5982A0A49-LeaderElection1] INFO  server.RaftServerConfigKeys (ConfUtils.java:logGet(43)) - raft.server.staging.catchup.gap = 1000 (default)
2019-11-15 13:32:16,692 [0c284f5c-3293-4d46-b1a3-f8415c29b0db@group-91D5982A0A49-LeaderElection1] INFO  server.RaftServerConfigKeys (ConfUtils.java:logGet(43)) - raft.server.rpc.sleep.time = 25ms (default)
2019-11-15 13:32:16,698 [0c284f5c-3293-4d46-b1a3-f8415c29b0db@group-91D5982A0A49-LeaderElection1] INFO  server.RaftServerConfigKeys (ConfUtils.java:logGet(43)) - raft.server.write.element-limit = 4096 (default)
2019-11-15 13:32:16,704 [647a87d1-7e8f-495e-97a0-d3fbbd373dc7@group-DC151287B1B4-LeaderElection2] INFO  impl.LeaderElection (LeaderElection.java:askForVotes(178)) - 647a87d1-7e8f-495e-97a0-d3fbbd373dc7@group-DC151287B1B4-LeaderElection2: begin an election at term 1 for -1: [647a87d1-7e8f-495e-97a0-d3fbbd373dc7:192.168.157.228:33865], old=null
2019-11-15 13:32:16,704 [0c284f5c-3293-4d46-b1a3-f8415c29b0db@group-91D5982A0A49-LeaderElection1] INFO  server.RaftServerConfigKeys (ConfUtils.java:logGet(43)) - raft.server.watch.timeout = 10s (default)
2019-11-15 13:32:16,705 [647a87d1-7e8f-495e-97a0-d3fbbd373dc7@group-DC151287B1B4-LeaderElection2] INFO  impl.RoleInfo (RoleInfo.java:shutdownLeaderElection(134)) - 647a87d1-7e8f-495e-97a0-d3fbbd373dc7: shutdown LeaderElection
2019-11-15 13:32:16,705 [0c284f5c-3293-4d46-b1a3-f8415c29b0db@group-91D5982A0A49-LeaderElection1] INFO  server.RaftServerConfigKeys (ConfUtils.java:logGet(43)) - raft.server.watch.timeout.denomination = 1s (default)
2019-11-15 13:32:16,705 [647a87d1-7e8f-495e-97a0-d3fbbd373dc7@group-DC151287B1B4-LeaderElection2] INFO  impl.RaftServerImpl (RaftServerImpl.java:setRole(173)) - 647a87d1-7e8f-495e-97a0-d3fbbd373dc7@group-DC151287B1B4: changes role from CANDIDATE to LEADER at term 1 for changeToLeader
2019-11-15 13:32:16,705 [647a87d1-7e8f-495e-97a0-d3fbbd373dc7@group-DC151287B1B4-LeaderElection2] INFO  ratis.XceiverServerRatis (XceiverServerRatis.java:handleLeaderChangedNotification(733)) - Leader change notification received for group: group-DC151287B1B4 with new leaderId: 647a87d1-7e8f-495e-97a0-d3fbbd373dc7
2019-11-15 13:32:16,705 [647a87d1-7e8f-495e-97a0-d3fbbd373dc7@group-DC151287B1B4-LeaderElection2] INFO  impl.RaftServerImpl (ServerState.java:setLeader(255)) - 647a87d1-7e8f-495e-97a0-d3fbbd373dc7@group-DC151287B1B4: change Leader from null to 647a87d1-7e8f-495e-97a0-d3fbbd373dc7 at term 1 for becomeLeader, leader elected after 5211ms
2019-11-15 13:32:16,706 [647a87d1-7e8f-495e-97a0-d3fbbd373dc7@group-DC151287B1B4-LeaderElection2] INFO  server.RaftServerConfigKeys (ConfUtils.java:logGet(43)) - raft.server.staging.catchup.gap = 1000 (default)
2019-11-15 13:32:16,706 [647a87d1-7e8f-495e-97a0-d3fbbd373dc7@group-DC151287B1B4-LeaderElection2] INFO  server.RaftServerConfigKeys (ConfUtils.java:logGet(43)) - raft.server.rpc.sleep.time = 25ms (default)
2019-11-15 13:32:16,706 [0c284f5c-3293-4d46-b1a3-f8415c29b0db@group-91D5982A0A49-LeaderElection1] INFO  server.RaftServerConfigKeys (ConfUtils.java:logGet(43)) - raft.server.watch.element-limit = 65536 (default)
2019-11-15 13:32:16,707 [647a87d1-7e8f-495e-97a0-d3fbbd373dc7@group-DC151287B1B4-LeaderElection2] INFO  server.RaftServerConfigKeys (ConfUtils.java:logGet(43)) - raft.server.write.element-limit = 4096 (default)
2019-11-15 13:32:16,707 [647a87d1-7e8f-495e-97a0-d3fbbd373dc7@group-DC151287B1B4-LeaderElection2] INFO  server.RaftServerConfigKeys (ConfUtils.java:logGet(43)) - raft.server.watch.timeout = 10s (default)
2019-11-15 13:32:16,707 [647a87d1-7e8f-495e-97a0-d3fbbd373dc7@group-DC151287B1B4-LeaderElection2] INFO  server.RaftServerConfigKeys (ConfUtils.java:logGet(43)) - raft.server.watch.timeout.denomination = 1s (default)
2019-11-15 13:32:16,707 [647a87d1-7e8f-495e-97a0-d3fbbd373dc7@group-DC151287B1B4-LeaderElection2] INFO  server.RaftServerConfigKeys (ConfUtils.java:logGet(43)) - raft.server.watch.element-limit = 65536 (default)
2019-11-15 13:32:16,708 [EventQueue-PipelineReportForPipelineReportHandler] INFO  pipeline.PipelineReportHandler (PipelineReportHandler.java:processPipelineReport(113)) - Pipeline THREE PipelineID=5d869817-ca78-41b6-8806-31804b1db473 reported by 647a87d1-7e8f-495e-97a0-d3fbbd373dc7{ip: 192.168.157.228, host: pr-hdds-2448-del-container-94542-2491966341, networkLocation: /default-rack, certSerialId: null}
2019-11-15 13:32:16,717 [0c284f5c-3293-4d46-b1a3-f8415c29b0db@group-91D5982A0A49-LeaderElection1] INFO  impl.RoleInfo (RoleInfo.java:updateAndGet(143)) - 0c284f5c-3293-4d46-b1a3-f8415c29b0db: start LeaderState
2019-11-15 13:32:16,717 [647a87d1-7e8f-495e-97a0-d3fbbd373dc7@group-DC151287B1B4-LeaderElection2] INFO  impl.RoleInfo (RoleInfo.java:updateAndGet(143)) - 647a87d1-7e8f-495e-97a0-d3fbbd373dc7: start LeaderState
2019-11-15 13:32:16,730 [Thread-181] INFO  impl.FollowerState (FollowerState.java:run(111)) - a24402c8-4554-4104-a5a4-d8d6d3f720e5@group-9BA4F060F66D-FollowerState: change to CANDIDATE, lastRpcTime:5117ms, electionTimeout:5112ms
2019-11-15 13:32:16,731 [Thread-181] INFO  impl.RoleInfo (RoleInfo.java:shutdownFollowerState(121)) - a24402c8-4554-4104-a5a4-d8d6d3f720e5: shutdown FollowerState
2019-11-15 13:32:16,731 [Thread-181] INFO  impl.RaftServerImpl (RaftServerImpl.java:setRole(173)) - a24402c8-4554-4104-a5a4-d8d6d3f720e5@group-9BA4F060F66D: changes role from  FOLLOWER to CANDIDATE at term 0 for changeToCandidate
2019-11-15 13:32:16,731 [Thread-181] INFO  impl.RoleInfo (RoleInfo.java:updateAndGet(143)) - a24402c8-4554-4104-a5a4-d8d6d3f720e5: start LeaderElection
2019-11-15 13:32:16,741 [647a87d1-7e8f-495e-97a0-d3fbbd373dc7@group-DC151287B1B4-LeaderElection2] INFO  segmented.SegmentedRaftLogWorker (SegmentedRaftLogWorker.java:startLogSegment(385)) - 647a87d1-7e8f-495e-97a0-d3fbbd373dc7@group-DC151287B1B4-SegmentedRaftLogWorker: Starting segment from index:0
2019-11-15 13:32:16,741 [0c284f5c-3293-4d46-b1a3-f8415c29b0db@group-91D5982A0A49-LeaderElection1] INFO  segmented.SegmentedRaftLogWorker (SegmentedRaftLogWorker.java:startLogSegment(385)) - 0c284f5c-3293-4d46-b1a3-f8415c29b0db@group-91D5982A0A49-SegmentedRaftLogWorker: Starting segment from index:0
2019-11-15 13:32:16,757 [a24402c8-4554-4104-a5a4-d8d6d3f720e5@group-9BA4F060F66D-LeaderElection3] INFO  impl.LeaderElection (LeaderElection.java:askForVotes(178)) - a24402c8-4554-4104-a5a4-d8d6d3f720e5@group-9BA4F060F66D-LeaderElection3: begin an election at term 1 for -1: [a24402c8-4554-4104-a5a4-d8d6d3f720e5:192.168.157.228:36053], old=null
2019-11-15 13:32:16,757 [a24402c8-4554-4104-a5a4-d8d6d3f720e5@group-9BA4F060F66D-LeaderElection3] INFO  impl.RoleInfo (RoleInfo.java:shutdownLeaderElection(134)) - a24402c8-4554-4104-a5a4-d8d6d3f720e5: shutdown LeaderElection
2019-11-15 13:32:16,758 [a24402c8-4554-4104-a5a4-d8d6d3f720e5@group-9BA4F060F66D-LeaderElection3] INFO  impl.RaftServerImpl (RaftServerImpl.java:setRole(173)) - a24402c8-4554-4104-a5a4-d8d6d3f720e5@group-9BA4F060F66D: changes role from CANDIDATE to LEADER at term 1 for changeToLeader
2019-11-15 13:32:16,758 [a24402c8-4554-4104-a5a4-d8d6d3f720e5@group-9BA4F060F66D-LeaderElection3] INFO  ratis.XceiverServerRatis (XceiverServerRatis.java:handleLeaderChangedNotification(733)) - Leader change notification received for group: group-9BA4F060F66D with new leaderId: a24402c8-4554-4104-a5a4-d8d6d3f720e5
2019-11-15 13:32:16,758 [a24402c8-4554-4104-a5a4-d8d6d3f720e5@group-9BA4F060F66D-LeaderElection3] INFO  impl.RaftServerImpl (ServerState.java:setLeader(255)) - a24402c8-4554-4104-a5a4-d8d6d3f720e5@group-9BA4F060F66D: change Leader from null to a24402c8-4554-4104-a5a4-d8d6d3f720e5 at term 1 for becomeLeader, leader elected after 5234ms
2019-11-15 13:32:16,758 [a24402c8-4554-4104-a5a4-d8d6d3f720e5@group-9BA4F060F66D-LeaderElection3] INFO  server.RaftServerConfigKeys (ConfUtils.java:logGet(43)) - raft.server.staging.catchup.gap = 1000 (default)
2019-11-15 13:32:16,759 [a24402c8-4554-4104-a5a4-d8d6d3f720e5@group-9BA4F060F66D-LeaderElection3] INFO  server.RaftServerConfigKeys (ConfUtils.java:logGet(43)) - raft.server.rpc.sleep.time = 25ms (default)
2019-11-15 13:32:16,759 [a24402c8-4554-4104-a5a4-d8d6d3f720e5@group-9BA4F060F66D-LeaderElection3] INFO  server.RaftServerConfigKeys (ConfUtils.java:logGet(43)) - raft.server.write.element-limit = 4096 (default)
2019-11-15 13:32:16,759 [a24402c8-4554-4104-a5a4-d8d6d3f720e5@group-9BA4F060F66D-LeaderElection3] INFO  server.RaftServerConfigKeys (ConfUtils.java:logGet(43)) - raft.server.watch.timeout = 10s (default)
2019-11-15 13:32:16,760 [a24402c8-4554-4104-a5a4-d8d6d3f720e5@group-9BA4F060F66D-LeaderElection3] INFO  server.RaftServerConfigKeys (ConfUtils.java:logGet(43)) - raft.server.watch.timeout.denomination = 1s (default)
2019-11-15 13:32:16,760 [a24402c8-4554-4104-a5a4-d8d6d3f720e5@group-9BA4F060F66D-LeaderElection3] INFO  server.RaftServerConfigKeys (ConfUtils.java:logGet(43)) - raft.server.watch.element-limit = 65536 (default)
2019-11-15 13:32:16,761 [a24402c8-4554-4104-a5a4-d8d6d3f720e5@group-9BA4F060F66D-LeaderElection3] INFO  impl.RoleInfo (RoleInfo.java:updateAndGet(143)) - a24402c8-4554-4104-a5a4-d8d6d3f720e5: start LeaderState
2019-11-15 13:32:16,761 [a24402c8-4554-4104-a5a4-d8d6d3f720e5@group-9BA4F060F66D-LeaderElection3] INFO  segmented.SegmentedRaftLogWorker (SegmentedRaftLogWorker.java:startLogSegment(385)) - a24402c8-4554-4104-a5a4-d8d6d3f720e5@group-9BA4F060F66D-SegmentedRaftLogWorker: Starting segment from index:0
2019-11-15 13:32:16,761 [EventQueue-PipelineReportForPipelineReportHandler] INFO  pipeline.PipelineReportHandler (PipelineReportHandler.java:processPipelineReport(113)) - Pipeline THREE PipelineID=5d869817-ca78-41b6-8806-31804b1db473 reported by a24402c8-4554-4104-a5a4-d8d6d3f720e5{ip: 192.168.157.228, host: pr-hdds-2448-del-container-94542-2491966341, networkLocation: /default-rack, certSerialId: null}
2019-11-15 13:32:16,764 [647a87d1-7e8f-495e-97a0-d3fbbd373dc7@group-DC151287B1B4-LeaderElection2] INFO  impl.RaftServerImpl (ServerState.java:setRaftConf(356)) - 647a87d1-7e8f-495e-97a0-d3fbbd373dc7@group-DC151287B1B4: set configuration 0: [647a87d1-7e8f-495e-97a0-d3fbbd373dc7:192.168.157.228:33865], old=null at 0
2019-11-15 13:32:16,764 [a24402c8-4554-4104-a5a4-d8d6d3f720e5@group-9BA4F060F66D-LeaderElection3] INFO  impl.RaftServerImpl (ServerState.java:setRaftConf(356)) - a24402c8-4554-4104-a5a4-d8d6d3f720e5@group-9BA4F060F66D: set configuration 0: [a24402c8-4554-4104-a5a4-d8d6d3f720e5:192.168.157.228:36053], old=null at 0
2019-11-15 13:32:16,764 [0c284f5c-3293-4d46-b1a3-f8415c29b0db@group-91D5982A0A49-LeaderElection1] INFO  impl.RaftServerImpl (ServerState.java:setRaftConf(356)) - 0c284f5c-3293-4d46-b1a3-f8415c29b0db@group-91D5982A0A49: set configuration 0: [0c284f5c-3293-4d46-b1a3-f8415c29b0db:192.168.157.228:42442], old=null at 0
2019-11-15 13:32:16,793 [Thread-190] INFO  impl.FollowerState (FollowerState.java:run(111)) - a24402c8-4554-4104-a5a4-d8d6d3f720e5@group-31804B1DB473-FollowerState: change to CANDIDATE, lastRpcTime:5104ms, electionTimeout:5103ms
2019-11-15 13:32:16,793 [Thread-190] INFO  impl.RoleInfo (RoleInfo.java:shutdownFollowerState(121)) - a24402c8-4554-4104-a5a4-d8d6d3f720e5: shutdown FollowerState
2019-11-15 13:32:16,794 [Thread-190] INFO  impl.RaftServerImpl (RaftServerImpl.java:setRole(173)) - a24402c8-4554-4104-a5a4-d8d6d3f720e5@group-31804B1DB473: changes role from  FOLLOWER to CANDIDATE at term 0 for changeToCandidate
2019-11-15 13:32:16,794 [Thread-190] INFO  impl.RoleInfo (RoleInfo.java:updateAndGet(143)) - a24402c8-4554-4104-a5a4-d8d6d3f720e5: start LeaderElection
2019-11-15 13:32:16,817 [Thread-187] INFO  impl.FollowerState (FollowerState.java:run(111)) - 0c284f5c-3293-4d46-b1a3-f8415c29b0db@group-31804B1DB473-FollowerState: change to CANDIDATE, lastRpcTime:5130ms, electionTimeout:5130ms
2019-11-15 13:32:16,817 [Thread-187] INFO  impl.RoleInfo (RoleInfo.java:shutdownFollowerState(121)) - 0c284f5c-3293-4d46-b1a3-f8415c29b0db: shutdown FollowerState
2019-11-15 13:32:16,818 [Thread-187] INFO  impl.RaftServerImpl (RaftServerImpl.java:setRole(173)) - 0c284f5c-3293-4d46-b1a3-f8415c29b0db@group-31804B1DB473: changes role from  FOLLOWER to CANDIDATE at term 0 for changeToCandidate
2019-11-15 13:32:16,818 [Thread-187] INFO  impl.RoleInfo (RoleInfo.java:updateAndGet(143)) - 0c284f5c-3293-4d46-b1a3-f8415c29b0db: start LeaderElection
2019-11-15 13:32:16,820 [a24402c8-4554-4104-a5a4-d8d6d3f720e5@group-31804B1DB473-LeaderElection4] INFO  impl.LeaderElection (LeaderElection.java:askForVotes(178)) - a24402c8-4554-4104-a5a4-d8d6d3f720e5@group-31804B1DB473-LeaderElection4: begin an election at term 1 for -1: [647a87d1-7e8f-495e-97a0-d3fbbd373dc7:192.168.157.228:33865, a24402c8-4554-4104-a5a4-d8d6d3f720e5:192.168.157.228:36053, 0c284f5c-3293-4d46-b1a3-f8415c29b0db:192.168.157.228:42442], old=null
2019-11-15 13:32:16,823 [Thread-191] INFO  impl.FollowerState (FollowerState.java:run(111)) - 647a87d1-7e8f-495e-97a0-d3fbbd373dc7@group-31804B1DB473-FollowerState: change to CANDIDATE, lastRpcTime:5134ms, electionTimeout:5133ms
2019-11-15 13:32:16,823 [Thread-191] INFO  impl.RoleInfo (RoleInfo.java:shutdownFollowerState(121)) - 647a87d1-7e8f-495e-97a0-d3fbbd373dc7: shutdown FollowerState
2019-11-15 13:32:16,824 [Thread-191] INFO  impl.RaftServerImpl (RaftServerImpl.java:setRole(173)) - 647a87d1-7e8f-495e-97a0-d3fbbd373dc7@group-31804B1DB473: changes role from  FOLLOWER to CANDIDATE at term 0 for changeToCandidate
2019-11-15 13:32:16,824 [Thread-191] INFO  impl.RoleInfo (RoleInfo.java:updateAndGet(143)) - 647a87d1-7e8f-495e-97a0-d3fbbd373dc7: start LeaderElection
2019-11-15 13:32:16,845 [647a87d1-7e8f-495e-97a0-d3fbbd373dc7@group-31804B1DB473-LeaderElection6] INFO  impl.LeaderElection (LeaderElection.java:askForVotes(178)) - 647a87d1-7e8f-495e-97a0-d3fbbd373dc7@group-31804B1DB473-LeaderElection6: begin an election at term 1 for -1: [647a87d1-7e8f-495e-97a0-d3fbbd373dc7:192.168.157.228:33865, a24402c8-4554-4104-a5a4-d8d6d3f720e5:192.168.157.228:36053, 0c284f5c-3293-4d46-b1a3-f8415c29b0db:192.168.157.228:42442], old=null
2019-11-15 13:32:16,845 [0c284f5c-3293-4d46-b1a3-f8415c29b0db@group-31804B1DB473-LeaderElection5] INFO  impl.LeaderElection (LeaderElection.java:askForVotes(178)) - 0c284f5c-3293-4d46-b1a3-f8415c29b0db@group-31804B1DB473-LeaderElection5: begin an election at term 1 for -1: [647a87d1-7e8f-495e-97a0-d3fbbd373dc7:192.168.157.228:33865, a24402c8-4554-4104-a5a4-d8d6d3f720e5:192.168.157.228:36053, 0c284f5c-3293-4d46-b1a3-f8415c29b0db:192.168.157.228:42442], old=null
2019-11-15 13:32:16,973 [0c284f5c-3293-4d46-b1a3-f8415c29b0db@group-91D5982A0A49-SegmentedRaftLogWorker] INFO  segmented.SegmentedRaftLogWorker (SegmentedRaftLogWorker.java:execute(576)) - 0c284f5c-3293-4d46-b1a3-f8415c29b0db@group-91D5982A0A49-SegmentedRaftLogWorker: created new log segment /workdir/hadoop-ozone/tools/target/test-dir/MiniOzoneClusterImpl-9f2fb995-f7ac-4156-8962-4c0588925236/datanode-0/data/ratis/2461f99c-58b8-4015-931a-91d5982a0a49/current/log_inprogress_0
2019-11-15 13:32:16,973 [a24402c8-4554-4104-a5a4-d8d6d3f720e5@group-9BA4F060F66D-SegmentedRaftLogWorker] INFO  segmented.SegmentedRaftLogWorker (SegmentedRaftLogWorker.java:execute(576)) - a24402c8-4554-4104-a5a4-d8d6d3f720e5@group-9BA4F060F66D-SegmentedRaftLogWorker: created new log segment /workdir/hadoop-ozone/tools/target/test-dir/MiniOzoneClusterImpl-9f2fb995-f7ac-4156-8962-4c0588925236/datanode-2/data/ratis/b34c78ba-c462-45d5-8022-9ba4f060f66d/current/log_inprogress_0
2019-11-15 13:32:16,973 [647a87d1-7e8f-495e-97a0-d3fbbd373dc7@group-DC151287B1B4-SegmentedRaftLogWorker] INFO  segmented.SegmentedRaftLogWorker (SegmentedRaftLogWorker.java:execute(576)) - 647a87d1-7e8f-495e-97a0-d3fbbd373dc7@group-DC151287B1B4-SegmentedRaftLogWorker: created new log segment /workdir/hadoop-ozone/tools/target/test-dir/MiniOzoneClusterImpl-9f2fb995-f7ac-4156-8962-4c0588925236/datanode-1/data/ratis/f482262d-59bd-4ce4-8a59-dc151287b1b4/current/log_inprogress_0
2019-11-15 13:32:17,249 [0c284f5c-3293-4d46-b1a3-f8415c29b0db@group-31804B1DB473-LeaderElection5] INFO  impl.LeaderElection (LeaderElection.java:logAndReturn(56)) - 0c284f5c-3293-4d46-b1a3-f8415c29b0db@group-31804B1DB473-LeaderElection5: Election REJECTED; received 2 response(s) [0c284f5c-3293-4d46-b1a3-f8415c29b0db<-647a87d1-7e8f-495e-97a0-d3fbbd373dc7#0:FAIL-t1, 0c284f5c-3293-4d46-b1a3-f8415c29b0db<-a24402c8-4554-4104-a5a4-d8d6d3f720e5#0:FAIL-t1] and 0 exception(s); 0c284f5c-3293-4d46-b1a3-f8415c29b0db@group-31804B1DB473:t1, leader=null, voted=0c284f5c-3293-4d46-b1a3-f8415c29b0db, raftlog=0c284f5c-3293-4d46-b1a3-f8415c29b0db@group-31804B1DB473-SegmentedRaftLog:OPENED:c-1,f-1,i0, conf=-1: [647a87d1-7e8f-495e-97a0-d3fbbd373dc7:192.168.157.228:33865, a24402c8-4554-4104-a5a4-d8d6d3f720e5:192.168.157.228:36053, 0c284f5c-3293-4d46-b1a3-f8415c29b0db:192.168.157.228:42442], old=null
2019-11-15 13:32:17,249 [a24402c8-4554-4104-a5a4-d8d6d3f720e5@group-31804B1DB473-LeaderElection4] INFO  impl.LeaderElection (LeaderElection.java:logAndReturn(56)) - a24402c8-4554-4104-a5a4-d8d6d3f720e5@group-31804B1DB473-LeaderElection4: Election REJECTED; received 2 response(s) [a24402c8-4554-4104-a5a4-d8d6d3f720e5<-647a87d1-7e8f-495e-97a0-d3fbbd373dc7#0:FAIL-t1, a24402c8-4554-4104-a5a4-d8d6d3f720e5<-0c284f5c-3293-4d46-b1a3-f8415c29b0db#0:FAIL-t1] and 0 exception(s); a24402c8-4554-4104-a5a4-d8d6d3f720e5@group-31804B1DB473:t1, leader=null, voted=a24402c8-4554-4104-a5a4-d8d6d3f720e5, raftlog=a24402c8-4554-4104-a5a4-d8d6d3f720e5@group-31804B1DB473-SegmentedRaftLog:OPENED:c-1,f-1,i0, conf=-1: [647a87d1-7e8f-495e-97a0-d3fbbd373dc7:192.168.157.228:33865, a24402c8-4554-4104-a5a4-d8d6d3f720e5:192.168.157.228:36053, 0c284f5c-3293-4d46-b1a3-f8415c29b0db:192.168.157.228:42442], old=null
2019-11-15 13:32:17,249 [647a87d1-7e8f-495e-97a0-d3fbbd373dc7@group-31804B1DB473-LeaderElection6] INFO  impl.LeaderElection (LeaderElection.java:logAndReturn(56)) - 647a87d1-7e8f-495e-97a0-d3fbbd373dc7@group-31804B1DB473-LeaderElection6: Election REJECTED; received 2 response(s) [647a87d1-7e8f-495e-97a0-d3fbbd373dc7<-a24402c8-4554-4104-a5a4-d8d6d3f720e5#0:FAIL-t1, 647a87d1-7e8f-495e-97a0-d3fbbd373dc7<-0c284f5c-3293-4d46-b1a3-f8415c29b0db#0:FAIL-t1] and 0 exception(s); 647a87d1-7e8f-495e-97a0-d3fbbd373dc7@group-31804B1DB473:t1, leader=null, voted=647a87d1-7e8f-495e-97a0-d3fbbd373dc7, raftlog=647a87d1-7e8f-495e-97a0-d3fbbd373dc7@group-31804B1DB473-SegmentedRaftLog:OPENED:c-1,f-1,i0, conf=-1: [647a87d1-7e8f-495e-97a0-d3fbbd373dc7:192.168.157.228:33865, a24402c8-4554-4104-a5a4-d8d6d3f720e5:192.168.157.228:36053, 0c284f5c-3293-4d46-b1a3-f8415c29b0db:192.168.157.228:42442], old=null
2019-11-15 13:32:17,252 [0c284f5c-3293-4d46-b1a3-f8415c29b0db@group-31804B1DB473-LeaderElection5] INFO  impl.RaftServerImpl (RaftServerImpl.java:setRole(173)) - 0c284f5c-3293-4d46-b1a3-f8415c29b0db@group-31804B1DB473: changes role from CANDIDATE to FOLLOWER at term 1 for DISCOVERED_A_NEW_TERM
2019-11-15 13:32:17,252 [647a87d1-7e8f-495e-97a0-d3fbbd373dc7@group-31804B1DB473-LeaderElection6] INFO  impl.RaftServerImpl (RaftServerImpl.java:setRole(173)) - 647a87d1-7e8f-495e-97a0-d3fbbd373dc7@group-31804B1DB473: changes role from CANDIDATE to FOLLOWER at term 1 for DISCOVERED_A_NEW_TERM
2019-11-15 13:32:17,253 [647a87d1-7e8f-495e-97a0-d3fbbd373dc7@group-31804B1DB473-LeaderElection6] INFO  impl.RoleInfo (RoleInfo.java:shutdownLeaderElection(134)) - 647a87d1-7e8f-495e-97a0-d3fbbd373dc7: shutdown LeaderElection
2019-11-15 13:32:17,252 [a24402c8-4554-4104-a5a4-d8d6d3f720e5@group-31804B1DB473-LeaderElection4] INFO  impl.RaftServerImpl (RaftServerImpl.java:setRole(173)) - a24402c8-4554-4104-a5a4-d8d6d3f720e5@group-31804B1DB473: changes role from CANDIDATE to FOLLOWER at term 1 for DISCOVERED_A_NEW_TERM
2019-11-15 13:32:17,253 [0c284f5c-3293-4d46-b1a3-f8415c29b0db@group-31804B1DB473-LeaderElection5] INFO  impl.RoleInfo (RoleInfo.java:shutdownLeaderElection(134)) - 0c284f5c-3293-4d46-b1a3-f8415c29b0db: shutdown LeaderElection
2019-11-15 13:32:17,254 [a24402c8-4554-4104-a5a4-d8d6d3f720e5@group-31804B1DB473-LeaderElection4] INFO  impl.RoleInfo (RoleInfo.java:shutdownLeaderElection(134)) - a24402c8-4554-4104-a5a4-d8d6d3f720e5: shutdown LeaderElection
2019-11-15 13:32:17,254 [647a87d1-7e8f-495e-97a0-d3fbbd373dc7@group-31804B1DB473-LeaderElection6] INFO  impl.RoleInfo (RoleInfo.java:updateAndGet(143)) - 647a87d1-7e8f-495e-97a0-d3fbbd373dc7: start FollowerState
2019-11-15 13:32:17,254 [a24402c8-4554-4104-a5a4-d8d6d3f720e5@group-31804B1DB473-LeaderElection4] INFO  impl.RoleInfo (RoleInfo.java:updateAndGet(143)) - a24402c8-4554-4104-a5a4-d8d6d3f720e5: start FollowerState
2019-11-15 13:32:17,254 [0c284f5c-3293-4d46-b1a3-f8415c29b0db@group-31804B1DB473-LeaderElection5] INFO  impl.RoleInfo (RoleInfo.java:updateAndGet(143)) - 0c284f5c-3293-4d46-b1a3-f8415c29b0db: start FollowerState
2019-11-15 13:32:17,492 [main] INFO  ozone.MiniOzoneClusterImpl (MiniOzoneClusterImpl.java:lambda$waitForClusterToBeReady$0(150)) - Nodes are ready. Got 3 of 3 DN Heartbeats.
2019-11-15 13:32:17,492 [main] INFO  ozone.MiniOzoneClusterImpl (MiniOzoneClusterImpl.java:lambda$waitForClusterToBeReady$0(153)) - Waiting for cluster to exit safe mode
2019-11-15 13:32:18,492 [main] INFO  ozone.MiniOzoneClusterImpl (MiniOzoneClusterImpl.java:lambda$waitForClusterToBeReady$0(150)) - Nodes are ready. Got 3 of 3 DN Heartbeats.
2019-11-15 13:32:18,493 [main] INFO  ozone.MiniOzoneClusterImpl (MiniOzoneClusterImpl.java:lambda$waitForClusterToBeReady$0(153)) - Waiting for cluster to exit safe mode
2019-11-15 13:32:19,493 [main] INFO  ozone.MiniOzoneClusterImpl (MiniOzoneClusterImpl.java:lambda$waitForClusterToBeReady$0(150)) - Nodes are ready. Got 3 of 3 DN Heartbeats.
2019-11-15 13:32:19,494 [main] INFO  ozone.MiniOzoneClusterImpl (MiniOzoneClusterImpl.java:lambda$waitForClusterToBeReady$0(153)) - Waiting for cluster to exit safe mode
2019-11-15 13:32:20,494 [main] INFO  ozone.MiniOzoneClusterImpl (MiniOzoneClusterImpl.java:lambda$waitForClusterToBeReady$0(150)) - Nodes are ready. Got 3 of 3 DN Heartbeats.
2019-11-15 13:32:20,494 [main] INFO  ozone.MiniOzoneClusterImpl (MiniOzoneClusterImpl.java:lambda$waitForClusterToBeReady$0(153)) - Waiting for cluster to exit safe mode
2019-11-15 13:32:21,495 [main] INFO  ozone.MiniOzoneClusterImpl (MiniOzoneClusterImpl.java:lambda$waitForClusterToBeReady$0(150)) - Nodes are ready. Got 3 of 3 DN Heartbeats.
2019-11-15 13:32:21,495 [main] INFO  ozone.MiniOzoneClusterImpl (MiniOzoneClusterImpl.java:lambda$waitForClusterToBeReady$0(153)) - Waiting for cluster to exit safe mode
2019-11-15 13:32:22,298 [Thread-209] INFO  impl.FollowerState (FollowerState.java:run(111)) - a24402c8-4554-4104-a5a4-d8d6d3f720e5@group-31804B1DB473-FollowerState: change to CANDIDATE, lastRpcTime:5043ms, electionTimeout:5041ms
2019-11-15 13:32:22,298 [Thread-209] INFO  impl.RoleInfo (RoleInfo.java:shutdownFollowerState(121)) - a24402c8-4554-4104-a5a4-d8d6d3f720e5: shutdown FollowerState
2019-11-15 13:32:22,298 [Thread-209] INFO  impl.RaftServerImpl (RaftServerImpl.java:setRole(173)) - a24402c8-4554-4104-a5a4-d8d6d3f720e5@group-31804B1DB473: changes role from  FOLLOWER to CANDIDATE at term 1 for changeToCandidate
2019-11-15 13:32:22,299 [Thread-209] INFO  impl.RoleInfo (RoleInfo.java:updateAndGet(143)) - a24402c8-4554-4104-a5a4-d8d6d3f720e5: start LeaderElection
2019-11-15 13:32:22,326 [a24402c8-4554-4104-a5a4-d8d6d3f720e5@group-31804B1DB473-LeaderElection7] INFO  impl.LeaderElection (LeaderElection.java:askForVotes(178)) - a24402c8-4554-4104-a5a4-d8d6d3f720e5@group-31804B1DB473-LeaderElection7: begin an election at term 2 for -1: [647a87d1-7e8f-495e-97a0-d3fbbd373dc7:192.168.157.228:33865, a24402c8-4554-4104-a5a4-d8d6d3f720e5:192.168.157.228:36053, 0c284f5c-3293-4d46-b1a3-f8415c29b0db:192.168.157.228:42442], old=null
2019-11-15 13:32:22,326 [Thread-207] INFO  impl.FollowerState (FollowerState.java:run(111)) - 647a87d1-7e8f-495e-97a0-d3fbbd373dc7@group-31804B1DB473-FollowerState: change to CANDIDATE, lastRpcTime:5072ms, electionTimeout:5070ms
2019-11-15 13:32:22,326 [Thread-207] INFO  impl.RoleInfo (RoleInfo.java:shutdownFollowerState(121)) - 647a87d1-7e8f-495e-97a0-d3fbbd373dc7: shutdown FollowerState
2019-11-15 13:32:22,326 [Thread-207] INFO  impl.RaftServerImpl (RaftServerImpl.java:setRole(173)) - 647a87d1-7e8f-495e-97a0-d3fbbd373dc7@group-31804B1DB473: changes role from  FOLLOWER to CANDIDATE at term 1 for changeToCandidate
2019-11-15 13:32:22,327 [Thread-207] INFO  impl.RoleInfo (RoleInfo.java:updateAndGet(143)) - 647a87d1-7e8f-495e-97a0-d3fbbd373dc7: start LeaderElection
2019-11-15 13:32:22,337 [grpc-default-executor-1] INFO  impl.RaftServerImpl (RaftServerImpl.java:setRole(173)) - 0c284f5c-3293-4d46-b1a3-f8415c29b0db@group-31804B1DB473: changes role from  FOLLOWER to FOLLOWER at term 2 for recognizeCandidate:a24402c8-4554-4104-a5a4-d8d6d3f720e5
2019-11-15 13:32:22,337 [grpc-default-executor-1] INFO  impl.RoleInfo (RoleInfo.java:shutdownFollowerState(121)) - 0c284f5c-3293-4d46-b1a3-f8415c29b0db: shutdown FollowerState
2019-11-15 13:32:22,337 [grpc-default-executor-1] INFO  impl.RoleInfo (RoleInfo.java:updateAndGet(143)) - 0c284f5c-3293-4d46-b1a3-f8415c29b0db: start FollowerState
2019-11-15 13:32:22,337 [Thread-208] INFO  impl.FollowerState (FollowerState.java:run(120)) - 0c284f5c-3293-4d46-b1a3-f8415c29b0db@group-31804B1DB473-FollowerState was interrupted: java.lang.InterruptedException: sleep interrupted
2019-11-15 13:32:22,354 [647a87d1-7e8f-495e-97a0-d3fbbd373dc7@group-31804B1DB473-LeaderElection8] INFO  impl.LeaderElection (LeaderElection.java:askForVotes(178)) - 647a87d1-7e8f-495e-97a0-d3fbbd373dc7@group-31804B1DB473-LeaderElection8: begin an election at term 2 for -1: [647a87d1-7e8f-495e-97a0-d3fbbd373dc7:192.168.157.228:33865, a24402c8-4554-4104-a5a4-d8d6d3f720e5:192.168.157.228:36053, 0c284f5c-3293-4d46-b1a3-f8415c29b0db:192.168.157.228:42442], old=null
2019-11-15 13:32:22,387 [647a87d1-7e8f-495e-97a0-d3fbbd373dc7@group-31804B1DB473-LeaderElection8] INFO  impl.LeaderElection (LeaderElection.java:logAndReturn(56)) - 647a87d1-7e8f-495e-97a0-d3fbbd373dc7@group-31804B1DB473-LeaderElection8: Election REJECTED; received 2 response(s) [647a87d1-7e8f-495e-97a0-d3fbbd373dc7<-a24402c8-4554-4104-a5a4-d8d6d3f720e5#0:FAIL-t2, 647a87d1-7e8f-495e-97a0-d3fbbd373dc7<-0c284f5c-3293-4d46-b1a3-f8415c29b0db#0:FAIL-t2] and 0 exception(s); 647a87d1-7e8f-495e-97a0-d3fbbd373dc7@group-31804B1DB473:t2, leader=null, voted=647a87d1-7e8f-495e-97a0-d3fbbd373dc7, raftlog=647a87d1-7e8f-495e-97a0-d3fbbd373dc7@group-31804B1DB473-SegmentedRaftLog:OPENED:c-1,f-1,i0, conf=-1: [647a87d1-7e8f-495e-97a0-d3fbbd373dc7:192.168.157.228:33865, a24402c8-4554-4104-a5a4-d8d6d3f720e5:192.168.157.228:36053, 0c284f5c-3293-4d46-b1a3-f8415c29b0db:192.168.157.228:42442], old=null
2019-11-15 13:32:22,387 [a24402c8-4554-4104-a5a4-d8d6d3f720e5@group-31804B1DB473-LeaderElection7] INFO  impl.LeaderElection (LeaderElection.java:logAndReturn(56)) - a24402c8-4554-4104-a5a4-d8d6d3f720e5@group-31804B1DB473-LeaderElection7: Election PASSED; received 2 response(s) [a24402c8-4554-4104-a5a4-d8d6d3f720e5<-647a87d1-7e8f-495e-97a0-d3fbbd373dc7#0:FAIL-t2, a24402c8-4554-4104-a5a4-d8d6d3f720e5<-0c284f5c-3293-4d46-b1a3-f8415c29b0db#0:OK-t2] and 0 exception(s); a24402c8-4554-4104-a5a4-d8d6d3f720e5@group-31804B1DB473:t2, leader=null, voted=a24402c8-4554-4104-a5a4-d8d6d3f720e5, raftlog=a24402c8-4554-4104-a5a4-d8d6d3f720e5@group-31804B1DB473-SegmentedRaftLog:OPENED:c-1,f-1,i0, conf=-1: [647a87d1-7e8f-495e-97a0-d3fbbd373dc7:192.168.157.228:33865, a24402c8-4554-4104-a5a4-d8d6d3f720e5:192.168.157.228:36053, 0c284f5c-3293-4d46-b1a3-f8415c29b0db:192.168.157.228:42442], old=null
2019-11-15 13:32:22,387 [647a87d1-7e8f-495e-97a0-d3fbbd373dc7@group-31804B1DB473-LeaderElection8] INFO  impl.RaftServerImpl (RaftServerImpl.java:setRole(173)) - 647a87d1-7e8f-495e-97a0-d3fbbd373dc7@group-31804B1DB473: changes role from CANDIDATE to FOLLOWER at term 2 for DISCOVERED_A_NEW_TERM
2019-11-15 13:32:22,388 [a24402c8-4554-4104-a5a4-d8d6d3f720e5@group-31804B1DB473-LeaderElection7] INFO  impl.RoleInfo (RoleInfo.java:shutdownLeaderElection(134)) - a24402c8-4554-4104-a5a4-d8d6d3f720e5: shutdown LeaderElection
2019-11-15 13:32:22,390 [647a87d1-7e8f-495e-97a0-d3fbbd373dc7@group-31804B1DB473-LeaderElection8] INFO  impl.RoleInfo (RoleInfo.java:shutdownLeaderElection(134)) - 647a87d1-7e8f-495e-97a0-d3fbbd373dc7: shutdown LeaderElection
2019-11-15 13:32:22,390 [a24402c8-4554-4104-a5a4-d8d6d3f720e5@group-31804B1DB473-LeaderElection7] INFO  impl.RaftServerImpl (RaftServerImpl.java:setRole(173)) - a24402c8-4554-4104-a5a4-d8d6d3f720e5@group-31804B1DB473: changes role from CANDIDATE to LEADER at term 2 for changeToLeader
2019-11-15 13:32:22,391 [647a87d1-7e8f-495e-97a0-d3fbbd373dc7@group-31804B1DB473-LeaderElection8] INFO  impl.RoleInfo (RoleInfo.java:updateAndGet(143)) - 647a87d1-7e8f-495e-97a0-d3fbbd373dc7: start FollowerState
2019-11-15 13:32:22,391 [a24402c8-4554-4104-a5a4-d8d6d3f720e5@group-31804B1DB473-LeaderElection7] INFO  ratis.XceiverServerRatis (XceiverServerRatis.java:handleLeaderChangedNotification(733)) - Leader change notification received for group: group-31804B1DB473 with new leaderId: a24402c8-4554-4104-a5a4-d8d6d3f720e5
2019-11-15 13:32:22,392 [a24402c8-4554-4104-a5a4-d8d6d3f720e5@group-31804B1DB473-LeaderElection7] INFO  impl.RaftServerImpl (ServerState.java:setLeader(255)) - a24402c8-4554-4104-a5a4-d8d6d3f720e5@group-31804B1DB473: change Leader from null to a24402c8-4554-4104-a5a4-d8d6d3f720e5 at term 2 for becomeLeader, leader elected after 10712ms
2019-11-15 13:32:22,392 [a24402c8-4554-4104-a5a4-d8d6d3f720e5@group-31804B1DB473-LeaderElection7] INFO  server.RaftServerConfigKeys (ConfUtils.java:logGet(43)) - raft.server.staging.catchup.gap = 1000 (default)
2019-11-15 13:32:22,392 [a24402c8-4554-4104-a5a4-d8d6d3f720e5@group-31804B1DB473-LeaderElection7] INFO  server.RaftServerConfigKeys (ConfUtils.java:logGet(43)) - raft.server.rpc.sleep.time = 25ms (default)
2019-11-15 13:32:22,393 [a24402c8-4554-4104-a5a4-d8d6d3f720e5@group-31804B1DB473-LeaderElection7] INFO  server.RaftServerConfigKeys (ConfUtils.java:logGet(43)) - raft.server.write.element-limit = 4096 (default)
2019-11-15 13:32:22,393 [a24402c8-4554-4104-a5a4-d8d6d3f720e5@group-31804B1DB473-LeaderElection7] INFO  server.RaftServerConfigKeys (ConfUtils.java:logGet(43)) - raft.server.watch.timeout = 10s (default)
2019-11-15 13:32:22,393 [a24402c8-4554-4104-a5a4-d8d6d3f720e5@group-31804B1DB473-LeaderElection7] INFO  server.RaftServerConfigKeys (ConfUtils.java:logGet(43)) - raft.server.watch.timeout.denomination = 1s (default)
2019-11-15 13:32:22,393 [a24402c8-4554-4104-a5a4-d8d6d3f720e5@group-31804B1DB473-LeaderElection7] INFO  server.RaftServerConfigKeys (ConfUtils.java:logGet(43)) - raft.server.watch.element-limit = 65536 (default)
2019-11-15 13:32:22,394 [EventQueue-PipelineReportForPipelineReportHandler] INFO  pipeline.PipelineReportHandler (PipelineReportHandler.java:processPipelineReport(113)) - Pipeline THREE PipelineID=5d869817-ca78-41b6-8806-31804b1db473 reported by a24402c8-4554-4104-a5a4-d8d6d3f720e5{ip: 192.168.157.228, host: pr-hdds-2448-del-container-94542-2491966341, networkLocation: /default-rack, certSerialId: null}
2019-11-15 13:32:22,395 [EventQueue-PipelineReportForPipelineReportHandler] INFO  pipeline.PipelineStateManager (PipelineStateManager.java:openPipeline(132)) - Pipeline Pipeline[ Id: 5d869817-ca78-41b6-8806-31804b1db473, Nodes: 0c284f5c-3293-4d46-b1a3-f8415c29b0db{ip: 192.168.157.228, host: pr-hdds-2448-del-container-94542-2491966341, networkLocation: /default-rack, certSerialId: null}647a87d1-7e8f-495e-97a0-d3fbbd373dc7{ip: 192.168.157.228, host: pr-hdds-2448-del-container-94542-2491966341, networkLocation: /default-rack, certSerialId: null}a24402c8-4554-4104-a5a4-d8d6d3f720e5{ip: 192.168.157.228, host: pr-hdds-2448-del-container-94542-2491966341, networkLocation: /default-rack, certSerialId: null}, Type:RATIS, Factor:THREE, State:ALLOCATED] moved to OPEN state
2019-11-15 13:32:22,395 [EventQueue-OpenPipelineForOneReplicaPipelineSafeModeRule] INFO  safemode.SCMSafeModeManager (SCMSafeModeManager.java:validateSafeModeExitRules(176)) - AtleastOneDatanodeReportedRule rule is successfully validated
2019-11-15 13:32:22,395 [EventQueue-OpenPipelineForHealthyPipelineSafeModeRule] INFO  safemode.SCMSafeModeManager (HealthyPipelineSafeModeRule.java:process(132)) - SCM in safe mode. Healthy pipelines reported count is 1, required healthy pipeline reported count is 1
2019-11-15 13:32:22,398 [EventQueue-OpenPipelineForHealthyPipelineSafeModeRule] INFO  safemode.SCMSafeModeManager (SCMSafeModeManager.java:validateSafeModeExitRules(176)) - HealthyPipelineSafeModeRule rule is successfully validated
2019-11-15 13:32:22,398 [EventQueue-OpenPipelineForHealthyPipelineSafeModeRule] INFO  safemode.SCMSafeModeManager (SCMSafeModeManager.java:validateSafeModeExitRules(185)) - ScmSafeModeManager, all rules are successfully validated
2019-11-15 13:32:22,398 [EventQueue-OpenPipelineForHealthyPipelineSafeModeRule] INFO  safemode.SCMSafeModeManager (SCMSafeModeManager.java:exitSafeMode(201)) - SCM exiting safe mode.
2019-11-15 13:32:22,398 [a24402c8-4554-4104-a5a4-d8d6d3f720e5@group-31804B1DB473-LeaderElection7] INFO  server.RaftServerConfigKeys (ConfUtils.java:logGet(43)) - raft.server.log.appender.snapshot.chunk.size.max = 16MB (=16777216) (default)
2019-11-15 13:32:22,399 [a24402c8-4554-4104-a5a4-d8d6d3f720e5@group-31804B1DB473-LeaderElection7] INFO  server.RaftServerConfigKeys (ConfUtils.java:logGet(43)) - raft.server.log.appender.buffer.byte-limit = 33554432 (custom)
2019-11-15 13:32:22,399 [a24402c8-4554-4104-a5a4-d8d6d3f720e5@group-31804B1DB473-LeaderElection7] INFO  server.RaftServerConfigKeys (ConfUtils.java:logGet(43)) - raft.server.log.appender.buffer.element-limit = 1 (custom)
2019-11-15 13:32:22,404 [a24402c8-4554-4104-a5a4-d8d6d3f720e5@group-31804B1DB473-LeaderElection7] INFO  grpc.GrpcConfigKeys$Server (ConfUtils.java:logGet(43)) - raft.grpc.server.leader.outstanding.appends.max = 128 (default)
2019-11-15 13:32:22,404 [a24402c8-4554-4104-a5a4-d8d6d3f720e5@group-31804B1DB473-LeaderElection7] INFO  server.RaftServerConfigKeys (ConfUtils.java:logGet(43)) - raft.server.rpc.request.timeout = 3000ms (default)
2019-11-15 13:32:22,404 [a24402c8-4554-4104-a5a4-d8d6d3f720e5@group-31804B1DB473-LeaderElection7] INFO  server.RaftServerConfigKeys (ConfUtils.java:logGet(43)) - raft.server.log.appender.install.snapshot.enabled = false (custom)
2019-11-15 13:32:22,406 [a24402c8-4554-4104-a5a4-d8d6d3f720e5@group-31804B1DB473-LeaderElection7] WARN  impl.MetricRegistriesImpl (MetricRegistriesImpl.java:lambda$create$1(61)) - First MetricRegistry has been created without registering reporters. You may need to call MetricRegistries.global().addReportRegistration(...) before.
2019-11-15 13:32:22,407 [a24402c8-4554-4104-a5a4-d8d6d3f720e5@group-31804B1DB473-LeaderElection7] INFO  server.RaftServerConfigKeys (ConfUtils.java:logGet(43)) - raft.server.log.appender.snapshot.chunk.size.max = 16MB (=16777216) (default)
2019-11-15 13:32:22,407 [a24402c8-4554-4104-a5a4-d8d6d3f720e5@group-31804B1DB473-LeaderElection7] INFO  server.RaftServerConfigKeys (ConfUtils.java:logGet(43)) - raft.server.log.appender.buffer.byte-limit = 33554432 (custom)
2019-11-15 13:32:22,407 [a24402c8-4554-4104-a5a4-d8d6d3f720e5@group-31804B1DB473-LeaderElection7] INFO  server.RaftServerConfigKeys (ConfUtils.java:logGet(43)) - raft.server.log.appender.buffer.element-limit = 1 (custom)
2019-11-15 13:32:22,408 [a24402c8-4554-4104-a5a4-d8d6d3f720e5@group-31804B1DB473-LeaderElection7] INFO  grpc.GrpcConfigKeys$Server (ConfUtils.java:logGet(43)) - raft.grpc.server.leader.outstanding.appends.max = 128 (default)
2019-11-15 13:32:22,408 [a24402c8-4554-4104-a5a4-d8d6d3f720e5@group-31804B1DB473-LeaderElection7] INFO  server.RaftServerConfigKeys (ConfUtils.java:logGet(43)) - raft.server.rpc.request.timeout = 3000ms (default)
2019-11-15 13:32:22,408 [a24402c8-4554-4104-a5a4-d8d6d3f720e5@group-31804B1DB473-LeaderElection7] INFO  server.RaftServerConfigKeys (ConfUtils.java:logGet(43)) - raft.server.log.appender.install.snapshot.enabled = false (custom)
2019-11-15 13:32:22,412 [a24402c8-4554-4104-a5a4-d8d6d3f720e5@group-31804B1DB473-LeaderElection7] INFO  impl.RoleInfo (RoleInfo.java:updateAndGet(143)) - a24402c8-4554-4104-a5a4-d8d6d3f720e5: start LeaderState
2019-11-15 13:32:22,413 [a24402c8-4554-4104-a5a4-d8d6d3f720e5@group-31804B1DB473-LeaderElection7] INFO  segmented.SegmentedRaftLogWorker (SegmentedRaftLogWorker.java:startLogSegment(385)) - a24402c8-4554-4104-a5a4-d8d6d3f720e5@group-31804B1DB473-SegmentedRaftLogWorker: Starting segment from index:0
2019-11-15 13:32:22,414 [a24402c8-4554-4104-a5a4-d8d6d3f720e5@group-31804B1DB473-LeaderElection7] INFO  impl.RaftServerImpl (ServerState.java:setRaftConf(356)) - a24402c8-4554-4104-a5a4-d8d6d3f720e5@group-31804B1DB473: set configuration 0: [647a87d1-7e8f-495e-97a0-d3fbbd373dc7:192.168.157.228:33865, a24402c8-4554-4104-a5a4-d8d6d3f720e5:192.168.157.228:36053, 0c284f5c-3293-4d46-b1a3-f8415c29b0db:192.168.157.228:42442], old=null at 0
2019-11-15 13:32:22,476 [a24402c8-4554-4104-a5a4-d8d6d3f720e5@group-31804B1DB473-SegmentedRaftLogWorker] INFO  segmented.SegmentedRaftLogWorker (SegmentedRaftLogWorker.java:execute(576)) - a24402c8-4554-4104-a5a4-d8d6d3f720e5@group-31804B1DB473-SegmentedRaftLogWorker: created new log segment /workdir/hadoop-ozone/tools/target/test-dir/MiniOzoneClusterImpl-9f2fb995-f7ac-4156-8962-4c0588925236/datanode-2/data/ratis/5d869817-ca78-41b6-8806-31804b1db473/current/log_inprogress_0
2019-11-15 13:32:22,491 [grpc-default-executor-2] INFO  ratis.XceiverServerRatis (XceiverServerRatis.java:handleLeaderChangedNotification(733)) - Leader change notification received for group: group-31804B1DB473 with new leaderId: a24402c8-4554-4104-a5a4-d8d6d3f720e5
2019-11-15 13:32:22,491 [grpc-default-executor-1] INFO  ratis.XceiverServerRatis (XceiverServerRatis.java:handleLeaderChangedNotification(733)) - Leader change notification received for group: group-31804B1DB473 with new leaderId: a24402c8-4554-4104-a5a4-d8d6d3f720e5
2019-11-15 13:32:22,492 [grpc-default-executor-2] INFO  impl.RaftServerImpl (ServerState.java:setLeader(255)) - 647a87d1-7e8f-495e-97a0-d3fbbd373dc7@group-31804B1DB473: change Leader from null to a24402c8-4554-4104-a5a4-d8d6d3f720e5 at term 2 for appendEntries, leader elected after 10813ms
2019-11-15 13:32:22,492 [grpc-default-executor-1] INFO  impl.RaftServerImpl (ServerState.java:setLeader(255)) - 0c284f5c-3293-4d46-b1a3-f8415c29b0db@group-31804B1DB473: change Leader from null to a24402c8-4554-4104-a5a4-d8d6d3f720e5 at term 2 for appendEntries, leader elected after 10813ms
2019-11-15 13:32:22,495 [main] INFO  ozone.MiniOzoneClusterImpl (MiniOzoneClusterImpl.java:lambda$waitForClusterToBeReady$0(150)) - Nodes are ready. Got 3 of 3 DN Heartbeats.
2019-11-15 13:32:22,496 [main] INFO  ozone.MiniOzoneClusterImpl (MiniOzoneClusterImpl.java:lambda$waitForClusterToBeReady$0(153)) - Cluster exits safe mode
2019-11-15 13:32:22,530 [grpc-default-executor-1] INFO  impl.RaftServerImpl (ServerState.java:setRaftConf(356)) - 0c284f5c-3293-4d46-b1a3-f8415c29b0db@group-31804B1DB473: set configuration 0: [647a87d1-7e8f-495e-97a0-d3fbbd373dc7:192.168.157.228:33865, a24402c8-4554-4104-a5a4-d8d6d3f720e5:192.168.157.228:36053, 0c284f5c-3293-4d46-b1a3-f8415c29b0db:192.168.157.228:42442], old=null at 0
2019-11-15 13:32:22,530 [grpc-default-executor-2] INFO  impl.RaftServerImpl (ServerState.java:setRaftConf(356)) - 647a87d1-7e8f-495e-97a0-d3fbbd373dc7@group-31804B1DB473: set configuration 0: [647a87d1-7e8f-495e-97a0-d3fbbd373dc7:192.168.157.228:33865, a24402c8-4554-4104-a5a4-d8d6d3f720e5:192.168.157.228:36053, 0c284f5c-3293-4d46-b1a3-f8415c29b0db:192.168.157.228:42442], old=null at 0
2019-11-15 13:32:22,531 [grpc-default-executor-1] INFO  segmented.SegmentedRaftLogWorker (SegmentedRaftLogWorker.java:startLogSegment(385)) - 0c284f5c-3293-4d46-b1a3-f8415c29b0db@group-31804B1DB473-SegmentedRaftLogWorker: Starting segment from index:0
2019-11-15 13:32:22,531 [grpc-default-executor-2] INFO  segmented.SegmentedRaftLogWorker (SegmentedRaftLogWorker.java:startLogSegment(385)) - 647a87d1-7e8f-495e-97a0-d3fbbd373dc7@group-31804B1DB473-SegmentedRaftLogWorker: Starting segment from index:0
2019-11-15 13:32:22,596 [0c284f5c-3293-4d46-b1a3-f8415c29b0db@group-31804B1DB473-SegmentedRaftLogWorker] INFO  segmented.SegmentedRaftLogWorker (SegmentedRaftLogWorker.java:execute(576)) - 0c284f5c-3293-4d46-b1a3-f8415c29b0db@group-31804B1DB473-SegmentedRaftLogWorker: created new log segment /workdir/hadoop-ozone/tools/target/test-dir/MiniOzoneClusterImpl-9f2fb995-f7ac-4156-8962-4c0588925236/datanode-0/data/ratis/5d869817-ca78-41b6-8806-31804b1db473/current/log_inprogress_0
2019-11-15 13:32:22,596 [647a87d1-7e8f-495e-97a0-d3fbbd373dc7@group-31804B1DB473-SegmentedRaftLogWorker] INFO  segmented.SegmentedRaftLogWorker (SegmentedRaftLogWorker.java:execute(576)) - 647a87d1-7e8f-495e-97a0-d3fbbd373dc7@group-31804B1DB473-SegmentedRaftLogWorker: created new log segment /workdir/hadoop-ozone/tools/target/test-dir/MiniOzoneClusterImpl-9f2fb995-f7ac-4156-8962-4c0588925236/datanode-1/data/ratis/5d869817-ca78-41b6-8806-31804b1db473/current/log_inprogress_0
2019-11-15 13:32:23,416 [main] INFO  freon.RandomKeyGenerator (RandomKeyGenerator.java:call(283)) - Number of Threads: 10
2019-11-15 13:32:23,417 [main] INFO  freon.RandomKeyGenerator (RandomKeyGenerator.java:call(288)) - Number of Volumes: 1.
2019-11-15 13:32:23,417 [main] INFO  freon.RandomKeyGenerator (RandomKeyGenerator.java:call(289)) - Number of Buckets per Volume: 1.
2019-11-15 13:32:23,417 [main] INFO  freon.RandomKeyGenerator (RandomKeyGenerator.java:call(290)) - Number of Keys per Bucket: 1.
2019-11-15 13:32:23,417 [main] INFO  freon.RandomKeyGenerator (RandomKeyGenerator.java:call(291)) - Key size: 20971520 bytes
2019-11-15 13:32:23,417 [main] INFO  freon.RandomKeyGenerator (RandomKeyGenerator.java:call(292)) - Buffer size: 4096 bytes
2019-11-15 13:32:23,417 [main] INFO  freon.RandomKeyGenerator (RandomKeyGenerator.java:call(293)) - validateWrites : true
2019-11-15 13:32:23,422 [main] INFO  freon.RandomKeyGenerator (RandomKeyGenerator.java:call(307)) - Data validation is enabled.
2019-11-15 13:32:23,423 [main] INFO  freon.RandomKeyGenerator (RandomKeyGenerator.java:call(313)) - Starting progress bar Thread.

 0.00% |?                                                                                                    |  0/1 Time: 0:00:002019-11-15 13:32:23,452 [pool-56-thread-1] INFO  rpc.RpcClient (RpcClient.java:createVolume(292)) - Creating Volume: vol-0-38417, with jenkins1000 as owner.
2019-11-15 13:32:23,507 [IPC Server handler 0 on 41007] INFO  volume.OMVolumeCreateRequest (OMVolumeCreateRequest.java:validateAndUpdateCache(193)) - created volume:vol-0-38417 for user:jenkins1000
2019-11-15 13:32:23,554 [pool-56-thread-2] INFO  rpc.RpcClient (RpcClient.java:createBucket(431)) - Creating Bucket: vol-0-38417/bucket-0-12745, with Versioning false and Storage Type set to DISK and Encryption set to false 
2019-11-15 13:32:23,741 [pool-56-thread-3] INFO  impl.MetricsSystemImpl (MetricsSystemImpl.java:init(158)) - XceiverClientMetrics metrics system started (again)
 0.00% |?                                                                                                    |  0/1 Time: 0:00:012019-11-15 13:32:25,402 [Thread-220] INFO  container.ReplicationManager (ReplicationManager.java:start(162)) - Starting Replication Monitor Thread.
2019-11-15 13:32:25,404 [ReplicationMonitor] INFO  container.ReplicationManager (ReplicationManager.java:run(225)) - Replication Monitor Thread took 1 milliseconds for processing 3 containers.
 0.00% |?                                                                                                    |  0/1 Time: 0:00:02 100.00% |?????????????????????????????????????????????????????????????????????????????????????????????????????|  1/1 Time: 0:00:03
2019-11-15 13:32:31,775 [main] INFO  pipeline.SCMPipelineManager (SCMPipelineManager.java:finalizeAndDestroyPipeline(333)) - destroying pipeline:Pipeline[ Id: 5d869817-ca78-41b6-8806-31804b1db473, Nodes: 0c284f5c-3293-4d46-b1a3-f8415c29b0db{ip: 192.168.157.228, host: pr-hdds-2448-del-container-94542-2491966341, networkLocation: /default-rack, certSerialId: null}647a87d1-7e8f-495e-97a0-d3fbbd373dc7{ip: 192.168.157.228, host: pr-hdds-2448-del-container-94542-2491966341, networkLocation: /default-rack, certSerialId: null}a24402c8-4554-4104-a5a4-d8d6d3f720e5{ip: 192.168.157.228, host: pr-hdds-2448-del-container-94542-2491966341, networkLocation: /default-rack, certSerialId: null}, Type:RATIS, Factor:THREE, State:OPEN]
2019-11-15 13:32:31,776 [main] INFO  pipeline.PipelineStateManager (PipelineStateManager.java:finalizePipeline(121)) - Pipeline Pipeline[ Id: 5d869817-ca78-41b6-8806-31804b1db473, Nodes: 0c284f5c-3293-4d46-b1a3-f8415c29b0db{ip: 192.168.157.228, host: pr-hdds-2448-del-container-94542-2491966341, networkLocation: /default-rack, certSerialId: null}647a87d1-7e8f-495e-97a0-d3fbbd373dc7{ip: 192.168.157.228, host: pr-hdds-2448-del-container-94542-2491966341, networkLocation: /default-rack, certSerialId: null}a24402c8-4554-4104-a5a4-d8d6d3f720e5{ip: 192.168.157.228, host: pr-hdds-2448-del-container-94542-2491966341, networkLocation: /default-rack, certSerialId: null}, Type:RATIS, Factor:THREE, State:CLOSED] moved to CLOSED state
2019-11-15 13:32:31,777 [EventQueue-CloseContainerForCloseContainerEventHandler] INFO  container.CloseContainerEventHandler (CloseContainerEventHandler.java:onMessage(61)) - Close container Event triggered for container : #1
2019-11-15 13:32:31,779 [main] INFO  pipeline.RatisPipelineProvider (RatisPipelineProvider.java:lambda$close$5(207)) - Send pipeline:PipelineID=5d869817-ca78-41b6-8806-31804b1db473 close command to datanode 0c284f5c-3293-4d46-b1a3-f8415c29b0db
2019-11-15 13:32:31,780 [main] INFO  pipeline.RatisPipelineProvider (RatisPipelineProvider.java:lambda$close$5(207)) - Send pipeline:PipelineID=5d869817-ca78-41b6-8806-31804b1db473 close command to datanode 647a87d1-7e8f-495e-97a0-d3fbbd373dc7
2019-11-15 13:32:31,780 [main] INFO  pipeline.RatisPipelineProvider (RatisPipelineProvider.java:lambda$close$5(207)) - Send pipeline:PipelineID=5d869817-ca78-41b6-8806-31804b1db473 close command to datanode a24402c8-4554-4104-a5a4-d8d6d3f720e5
2019-11-15 13:32:31,781 [main] INFO  pipeline.PipelineStateManager (PipelineStateManager.java:removePipeline(106)) - Pipeline Pipeline[ Id: 5d869817-ca78-41b6-8806-31804b1db473, Nodes: 0c284f5c-3293-4d46-b1a3-f8415c29b0db{ip: 192.168.157.228, host: pr-hdds-2448-del-container-94542-2491966341, networkLocation: /default-rack, certSerialId: null}647a87d1-7e8f-495e-97a0-d3fbbd373dc7{ip: 192.168.157.228, host: pr-hdds-2448-del-container-94542-2491966341, networkLocation: /default-rack, certSerialId: null}a24402c8-4554-4104-a5a4-d8d6d3f720e5{ip: 192.168.157.228, host: pr-hdds-2448-del-container-94542-2491966341, networkLocation: /default-rack, certSerialId: null}, Type:RATIS, Factor:THREE, State:CLOSED] removed from db
2019-11-15 13:32:31,781 [EventQueue-CloseContainerForCloseContainerEventHandler] INFO  container.CloseContainerEventHandler (CloseContainerEventHandler.java:onMessage(61)) - Close container Event triggered for container : #2
2019-11-15 13:32:31,782 [EventQueue-CloseContainerForCloseContainerEventHandler] ERROR container.CloseContainerEventHandler (CloseContainerEventHandler.java:onMessage(89)) - Failed to close the container #2.
org.apache.hadoop.hdds.scm.pipeline.PipelineNotFoundException: PipelineID=5d869817-ca78-41b6-8806-31804b1db473 not found
	at org.apache.hadoop.hdds.scm.pipeline.PipelineStateMap.removeContainerFromPipeline(PipelineStateMap.java:351)
	at org.apache.hadoop.hdds.scm.pipeline.PipelineStateManager.removeContainerFromPipeline(PipelineStateManager.java:112)
	at org.apache.hadoop.hdds.scm.pipeline.SCMPipelineManager.removeContainerFromPipeline(SCMPipelineManager.java:286)
	at org.apache.hadoop.hdds.scm.container.SCMContainerManager.updateContainerState(SCMContainerManager.java:331)
	at org.apache.hadoop.hdds.scm.container.CloseContainerEventHandler.onMessage(CloseContainerEventHandler.java:66)
	at org.apache.hadoop.hdds.scm.container.CloseContainerEventHandler.onMessage(CloseContainerEventHandler.java:45)
	at org.apache.hadoop.hdds.server.events.SingleThreadExecutor.lambda$onMessage$1(SingleThreadExecutor.java:85)
	at java.util.concurrent.ThreadPoolExecutor.runWorker(ThreadPoolExecutor.java:1149)
	at java.util.concurrent.ThreadPoolExecutor$Worker.run(ThreadPoolExecutor.java:624)
	at java.lang.Thread.run(Thread.java:748)
2019-11-15 13:32:31,783 [RatisPipelineUtilsThread] INFO  pipeline.RatisPipelineProvider (RatisPipelineProvider.java:lambda$create$4(163)) - Send pipeline:PipelineID=db737d8f-255b-4ef1-b392-320b161f224e create command to datanode 0c284f5c-3293-4d46-b1a3-f8415c29b0db
2019-11-15 13:32:31,785 [EventQueue-CloseContainerForCloseContainerEventHandler] INFO  container.CloseContainerEventHandler (CloseContainerEventHandler.java:onMessage(61)) - Close container Event triggered for container : #3
2019-11-15 13:32:31,786 [RatisPipelineUtilsThread] INFO  pipeline.RatisPipelineProvider (RatisPipelineProvider.java:lambda$create$4(163)) - Send pipeline:PipelineID=db737d8f-255b-4ef1-b392-320b161f224e create command to datanode 647a87d1-7e8f-495e-97a0-d3fbbd373dc7
2019-11-15 13:32:31,786 [RatisPipelineUtilsThread] INFO  pipeline.RatisPipelineProvider (RatisPipelineProvider.java:lambda$create$4(163)) - Send pipeline:PipelineID=db737d8f-255b-4ef1-b392-320b161f224e create command to datanode a24402c8-4554-4104-a5a4-d8d6d3f720e5
2019-11-15 13:32:31,787 [RatisPipelineUtilsThread] INFO  pipeline.PipelineStateManager (PipelineStateManager.java:addPipeline(55)) - Created pipeline Pipeline[ Id: db737d8f-255b-4ef1-b392-320b161f224e, Nodes: 0c284f5c-3293-4d46-b1a3-f8415c29b0db{ip: 192.168.157.228, host: pr-hdds-2448-del-container-94542-2491966341, networkLocation: /default-rack, certSerialId: null}647a87d1-7e8f-495e-97a0-d3fbbd373dc7{ip: 192.168.157.228, host: pr-hdds-2448-del-container-94542-2491966341, networkLocation: /default-rack, certSerialId: null}a24402c8-4554-4104-a5a4-d8d6d3f720e5{ip: 192.168.157.228, host: pr-hdds-2448-del-container-94542-2491966341, networkLocation: /default-rack, certSerialId: null}, Type:RATIS, Factor:THREE, State:ALLOCATED]
2019-11-15 13:32:31,788 [EventQueue-CloseContainerForCloseContainerEventHandler] ERROR container.CloseContainerEventHandler (CloseContainerEventHandler.java:onMessage(89)) - Failed to close the container #3.
org.apache.hadoop.hdds.scm.pipeline.PipelineNotFoundException: PipelineID=5d869817-ca78-41b6-8806-31804b1db473 not found
	at org.apache.hadoop.hdds.scm.pipeline.PipelineStateMap.removeContainerFromPipeline(PipelineStateMap.java:351)
	at org.apache.hadoop.hdds.scm.pipeline.PipelineStateManager.removeContainerFromPipeline(PipelineStateManager.java:112)
	at org.apache.hadoop.hdds.scm.pipeline.SCMPipelineManager.removeContainerFromPipeline(SCMPipelineManager.java:286)
	at org.apache.hadoop.hdds.scm.container.SCMContainerManager.updateContainerState(SCMContainerManager.java:331)
	at org.apache.hadoop.hdds.scm.container.CloseContainerEventHandler.onMessage(CloseContainerEventHandler.java:66)
	at org.apache.hadoop.hdds.scm.container.CloseContainerEventHandler.onMessage(CloseContainerEventHandler.java:45)
	at org.apache.hadoop.hdds.server.events.SingleThreadExecutor.lambda$onMessage$1(SingleThreadExecutor.java:85)
	at java.util.concurrent.ThreadPoolExecutor.runWorker(ThreadPoolExecutor.java:1149)
	at java.util.concurrent.ThreadPoolExecutor$Worker.run(ThreadPoolExecutor.java:624)
	at java.lang.Thread.run(Thread.java:748)
2019-11-15 13:32:31,892 [main] INFO  freon.RandomKeyGenerator (RandomKeyGenerator.java:call(283)) - Number of Threads: 10
2019-11-15 13:32:31,893 [main] INFO  freon.RandomKeyGenerator (RandomKeyGenerator.java:call(288)) - Number of Volumes: 1.
2019-11-15 13:32:31,893 [main] INFO  freon.RandomKeyGenerator (RandomKeyGenerator.java:call(289)) - Number of Buckets per Volume: 1.
2019-11-15 13:32:31,893 [main] INFO  freon.RandomKeyGenerator (RandomKeyGenerator.java:call(290)) - Number of Keys per Bucket: 1.
2019-11-15 13:32:31,893 [main] INFO  freon.RandomKeyGenerator (RandomKeyGenerator.java:call(291)) - Key size: 20971520 bytes
2019-11-15 13:32:31,894 [main] INFO  freon.RandomKeyGenerator (RandomKeyGenerator.java:call(292)) - Buffer size: 4096 bytes
2019-11-15 13:32:31,894 [main] INFO  freon.RandomKeyGenerator (RandomKeyGenerator.java:call(293)) - validateWrites : true
2019-11-15 13:32:31,895 [main] INFO  freon.RandomKeyGenerator (RandomKeyGenerator.java:call(307)) - Data validation is enabled.
2019-11-15 13:32:31,895 [pool-62-thread-1] INFO  rpc.RpcClient (RpcClient.java:createVolume(292)) - Creating Volume: vol-0-75952, with jenkins1000 as owner.
2019-11-15 13:32:31,895 [main] INFO  freon.RandomKeyGenerator (RandomKeyGenerator.java:call(313)) - Starting progress bar Thread.

 0.00% |?                                                                                                    |  0/1 Time: 0:00:002019-11-15 13:32:31,899 [IPC Server handler 8 on 41007] INFO  volume.OMVolumeCreateRequest (OMVolumeCreateRequest.java:validateAndUpdateCache(193)) - created volume:vol-0-75952 for user:jenkins1000
2019-11-15 13:32:31,927 [pool-62-thread-2] INFO  rpc.RpcClient (RpcClient.java:createBucket(431)) - Creating Bucket: vol-0-75952/bucket-0-12990, with Versioning false and Storage Type set to DISK and Encryption set to false 
2019-11-15 13:32:31,950 [IPC Server handler 0 on 42214] WARN  block.BlockManagerImpl (BlockManagerImpl.java:allocateBlock(203)) - Pipeline creation failed for type:RATIS factor:THREE. Retrying get pipelines call once.
org.apache.hadoop.hdds.scm.pipeline.InsufficientDatanodesException: Cannot create pipeline of factor 3 using 0 nodes.
	at org.apache.hadoop.hdds.scm.pipeline.RatisPipelineProvider.create(RatisPipelineProvider.java:144)
	at org.apache.hadoop.hdds.scm.pipeline.PipelineFactory.create(PipelineFactory.java:60)
	at org.apache.hadoop.hdds.scm.pipeline.SCMPipelineManager.createPipeline(SCMPipelineManager.java:159)
	at org.apache.hadoop.hdds.scm.block.BlockManagerImpl.allocateBlock(BlockManagerImpl.java:199)
	at org.apache.hadoop.hdds.scm.server.SCMBlockProtocolServer.allocateBlock(SCMBlockProtocolServer.java:187)
	at org.apache.hadoop.hdds.scm.protocol.ScmBlockLocationProtocolServerSideTranslatorPB.allocateScmBlock(ScmBlockLocationProtocolServerSideTranslatorPB.java:159)
	at org.apache.hadoop.hdds.scm.protocol.ScmBlockLocationProtocolServerSideTranslatorPB.processMessage(ScmBlockLocationProtocolServerSideTranslatorPB.java:117)
	at org.apache.hadoop.hdds.server.OzoneProtocolMessageDispatcher.processRequest(OzoneProtocolMessageDispatcher.java:72)
	at org.apache.hadoop.hdds.scm.protocol.ScmBlockLocationProtocolServerSideTranslatorPB.send(ScmBlockLocationProtocolServerSideTranslatorPB.java:98)
	at org.apache.hadoop.hdds.protocol.proto.ScmBlockLocationProtocolProtos$ScmBlockLocationProtocolService$2.callBlockingMethod(ScmBlockLocationProtocolProtos.java:13157)
	at org.apache.hadoop.ipc.ProtobufRpcEngine$Server$ProtoBufRpcInvoker.call(ProtobufRpcEngine.java:524)
	at org.apache.hadoop.ipc.RPC$Server.call(RPC.java:1025)
	at org.apache.hadoop.ipc.Server$RpcCall.run(Server.java:876)
	at org.apache.hadoop.ipc.Server$RpcCall.run(Server.java:822)
	at java.security.AccessController.doPrivileged(Native Method)
	at javax.security.auth.Subject.doAs(Subject.java:422)
	at org.apache.hadoop.security.UserGroupInformation.doAs(UserGroupInformation.java:1730)
	at org.apache.hadoop.ipc.Server$Handler.run(Server.java:2682)
2019-11-15 13:32:31,950 [IPC Server handler 0 on 42214] INFO  block.BlockManagerImpl (BlockManagerImpl.java:allocateBlock(215)) - Could not find available pipeline of type:RATIS and factor:THREE even after retrying
2019-11-15 13:32:31,950 [IPC Server handler 0 on 42214] ERROR block.BlockManagerImpl (BlockManagerImpl.java:allocateBlock(239)) - Unable to allocate a block for the size: 4194304, type: RATIS, factor: THREE
2019-11-15 13:32:31,951 [IPC Server handler 0 on 42214] WARN  block.BlockManagerImpl (BlockManagerImpl.java:allocateBlock(203)) - Pipeline creation failed for type:RATIS factor:THREE. Retrying get pipelines call once.
org.apache.hadoop.hdds.scm.pipeline.InsufficientDatanodesException: Cannot create pipeline of factor 3 using 0 nodes.
	at org.apache.hadoop.hdds.scm.pipeline.RatisPipelineProvider.create(RatisPipelineProvider.java:144)
	at org.apache.hadoop.hdds.scm.pipeline.PipelineFactory.create(PipelineFactory.java:60)
	at org.apache.hadoop.hdds.scm.pipeline.SCMPipelineManager.createPipeline(SCMPipelineManager.java:159)
	at org.apache.hadoop.hdds.scm.block.BlockManagerImpl.allocateBlock(BlockManagerImpl.java:199)
	at org.apache.hadoop.hdds.scm.server.SCMBlockProtocolServer.allocateBlock(SCMBlockProtocolServer.java:187)
	at org.apache.hadoop.hdds.scm.protocol.ScmBlockLocationProtocolServerSideTranslatorPB.allocateScmBlock(ScmBlockLocationProtocolServerSideTranslatorPB.java:159)
	at org.apache.hadoop.hdds.scm.protocol.ScmBlockLocationProtocolServerSideTranslatorPB.processMessage(ScmBlockLocationProtocolServerSideTranslatorPB.java:117)
	at org.apache.hadoop.hdds.server.OzoneProtocolMessageDispatcher.processRequest(OzoneProtocolMessageDispatcher.java:72)
	at org.apache.hadoop.hdds.scm.protocol.ScmBlockLocationProtocolServerSideTranslatorPB.send(ScmBlockLocationProtocolServerSideTranslatorPB.java:98)
	at org.apache.hadoop.hdds.protocol.proto.ScmBlockLocationProtocolProtos$ScmBlockLocationProtocolService$2.callBlockingMethod(ScmBlockLocationProtocolProtos.java:13157)
	at org.apache.hadoop.ipc.ProtobufRpcEngine$Server$ProtoBufRpcInvoker.call(ProtobufRpcEngine.java:524)
	at org.apache.hadoop.ipc.RPC$Server.call(RPC.java:1025)
	at org.apache.hadoop.ipc.Server$RpcCall.run(Server.java:876)
	at org.apache.hadoop.ipc.Server$RpcCall.run(Server.java:822)
	at java.security.AccessController.doPrivileged(Native Method)
	at javax.security.auth.Subject.doAs(Subject.java:422)
	at org.apache.hadoop.security.UserGroupInformation.doAs(UserGroupInformation.java:1730)
	at org.apache.hadoop.ipc.Server$Handler.run(Server.java:2682)
2019-11-15 13:32:31,951 [IPC Server handler 0 on 42214] INFO  block.BlockManagerImpl (BlockManagerImpl.java:allocateBlock(215)) - Could not find available pipeline of type:RATIS and factor:THREE even after retrying
2019-11-15 13:32:31,952 [IPC Server handler 0 on 42214] ERROR block.BlockManagerImpl (BlockManagerImpl.java:allocateBlock(239)) - Unable to allocate a block for the size: 4194304, type: RATIS, factor: THREE
2019-11-15 13:32:31,952 [IPC Server handler 0 on 42214] WARN  block.BlockManagerImpl (BlockManagerImpl.java:allocateBlock(203)) - Pipeline creation failed for type:RATIS factor:THREE. Retrying get pipelines call once.
org.apache.hadoop.hdds.scm.pipeline.InsufficientDatanodesException: Cannot create pipeline of factor 3 using 0 nodes.
	at org.apache.hadoop.hdds.scm.pipeline.RatisPipelineProvider.create(RatisPipelineProvider.java:144)
	at org.apache.hadoop.hdds.scm.pipeline.PipelineFactory.create(PipelineFactory.java:60)
	at org.apache.hadoop.hdds.scm.pipeline.SCMPipelineManager.createPipeline(SCMPipelineManager.java:159)
	at org.apache.hadoop.hdds.scm.block.BlockManagerImpl.allocateBlock(BlockManagerImpl.java:199)
	at org.apache.hadoop.hdds.scm.server.SCMBlockProtocolServer.allocateBlock(SCMBlockProtocolServer.java:187)
	at org.apache.hadoop.hdds.scm.protocol.ScmBlockLocationProtocolServerSideTranslatorPB.allocateScmBlock(ScmBlockLocationProtocolServerSideTranslatorPB.java:159)
	at org.apache.hadoop.hdds.scm.protocol.ScmBlockLocationProtocolServerSideTranslatorPB.processMessage(ScmBlockLocationProtocolServerSideTranslatorPB.java:117)
	at org.apache.hadoop.hdds.server.OzoneProtocolMessageDispatcher.processRequest(OzoneProtocolMessageDispatcher.java:72)
	at org.apache.hadoop.hdds.scm.protocol.ScmBlockLocationProtocolServerSideTranslatorPB.send(ScmBlockLocationProtocolServerSideTranslatorPB.java:98)
	at org.apache.hadoop.hdds.protocol.proto.ScmBlockLocationProtocolProtos$ScmBlockLocationProtocolService$2.callBlockingMethod(ScmBlockLocationProtocolProtos.java:13157)
	at org.apache.hadoop.ipc.ProtobufRpcEngine$Server$ProtoBufRpcInvoker.call(ProtobufRpcEngine.java:524)
	at org.apache.hadoop.ipc.RPC$Server.call(RPC.java:1025)
	at org.apache.hadoop.ipc.Server$RpcCall.run(Server.java:876)
	at org.apache.hadoop.ipc.Server$RpcCall.run(Server.java:822)
	at java.security.AccessController.doPrivileged(Native Method)
	at javax.security.auth.Subject.doAs(Subject.java:422)
	at org.apache.hadoop.security.UserGroupInformation.doAs(UserGroupInformation.java:1730)
	at org.apache.hadoop.ipc.Server$Handler.run(Server.java:2682)
2019-11-15 13:32:31,953 [IPC Server handler 0 on 42214] INFO  block.BlockManagerImpl (BlockManagerImpl.java:allocateBlock(215)) - Could not find available pipeline of type:RATIS and factor:THREE even after retrying
2019-11-15 13:32:31,953 [IPC Server handler 0 on 42214] ERROR block.BlockManagerImpl (BlockManagerImpl.java:allocateBlock(239)) - Unable to allocate a block for the size: 4194304, type: RATIS, factor: THREE
2019-11-15 13:32:31,953 [IPC Server handler 0 on 42214] WARN  block.BlockManagerImpl (BlockManagerImpl.java:allocateBlock(203)) - Pipeline creation failed for type:RATIS factor:THREE. Retrying get pipelines call once.
org.apache.hadoop.hdds.scm.pipeline.InsufficientDatanodesException: Cannot create pipeline of factor 3 using 0 nodes.
	at org.apache.hadoop.hdds.scm.pipeline.RatisPipelineProvider.create(RatisPipelineProvider.java:144)
	at org.apache.hadoop.hdds.scm.pipeline.PipelineFactory.create(PipelineFactory.java:60)
	at org.apache.hadoop.hdds.scm.pipeline.SCMPipelineManager.createPipeline(SCMPipelineManager.java:159)
	at org.apache.hadoop.hdds.scm.block.BlockManagerImpl.allocateBlock(BlockManagerImpl.java:199)
	at org.apache.hadoop.hdds.scm.server.SCMBlockProtocolServer.allocateBlock(SCMBlockProtocolServer.java:187)
	at org.apache.hadoop.hdds.scm.protocol.ScmBlockLocationProtocolServerSideTranslatorPB.allocateScmBlock(ScmBlockLocationProtocolServerSideTranslatorPB.java:159)
	at org.apache.hadoop.hdds.scm.protocol.ScmBlockLocationProtocolServerSideTranslatorPB.processMessage(ScmBlockLocationProtocolServerSideTranslatorPB.java:117)
	at org.apache.hadoop.hdds.server.OzoneProtocolMessageDispatcher.processRequest(OzoneProtocolMessageDispatcher.java:72)
	at org.apache.hadoop.hdds.scm.protocol.ScmBlockLocationProtocolServerSideTranslatorPB.send(ScmBlockLocationProtocolServerSideTranslatorPB.java:98)
	at org.apache.hadoop.hdds.protocol.proto.ScmBlockLocationProtocolProtos$ScmBlockLocationProtocolService$2.callBlockingMethod(ScmBlockLocationProtocolProtos.java:13157)
	at org.apache.hadoop.ipc.ProtobufRpcEngine$Server$ProtoBufRpcInvoker.call(ProtobufRpcEngine.java:524)
	at org.apache.hadoop.ipc.RPC$Server.call(RPC.java:1025)
	at org.apache.hadoop.ipc.Server$RpcCall.run(Server.java:876)
	at org.apache.hadoop.ipc.Server$RpcCall.run(Server.java:822)
	at java.security.AccessController.doPrivileged(Native Method)
	at javax.security.auth.Subject.doAs(Subject.java:422)
	at org.apache.hadoop.security.UserGroupInformation.doAs(UserGroupInformation.java:1730)
	at org.apache.hadoop.ipc.Server$Handler.run(Server.java:2682)
2019-11-15 13:32:31,954 [IPC Server handler 0 on 42214] INFO  block.BlockManagerImpl (BlockManagerImpl.java:allocateBlock(215)) - Could not find available pipeline of type:RATIS and factor:THREE even after retrying
2019-11-15 13:32:31,954 [IPC Server handler 0 on 42214] ERROR block.BlockManagerImpl (BlockManagerImpl.java:allocateBlock(239)) - Unable to allocate a block for the size: 4194304, type: RATIS, factor: THREE
2019-11-15 13:32:31,954 [IPC Server handler 0 on 42214] WARN  block.BlockManagerImpl (BlockManagerImpl.java:allocateBlock(203)) - Pipeline creation failed for type:RATIS factor:THREE. Retrying get pipelines call once.
org.apache.hadoop.hdds.scm.pipeline.InsufficientDatanodesException: Cannot create pipeline of factor 3 using 0 nodes.
	at org.apache.hadoop.hdds.scm.pipeline.RatisPipelineProvider.create(RatisPipelineProvider.java:144)
	at org.apache.hadoop.hdds.scm.pipeline.PipelineFactory.create(PipelineFactory.java:60)
	at org.apache.hadoop.hdds.scm.pipeline.SCMPipelineManager.createPipeline(SCMPipelineManager.java:159)
	at org.apache.hadoop.hdds.scm.block.BlockManagerImpl.allocateBlock(BlockManagerImpl.java:199)
	at org.apache.hadoop.hdds.scm.server.SCMBlockProtocolServer.allocateBlock(SCMBlockProtocolServer.java:187)
	at org.apache.hadoop.hdds.scm.protocol.ScmBlockLocationProtocolServerSideTranslatorPB.allocateScmBlock(ScmBlockLocationProtocolServerSideTranslatorPB.java:159)
	at org.apache.hadoop.hdds.scm.protocol.ScmBlockLocationProtocolServerSideTranslatorPB.processMessage(ScmBlockLocationProtocolServerSideTranslatorPB.java:117)
	at org.apache.hadoop.hdds.server.OzoneProtocolMessageDispatcher.processRequest(OzoneProtocolMessageDispatcher.java:72)
	at org.apache.hadoop.hdds.scm.protocol.ScmBlockLocationProtocolServerSideTranslatorPB.send(ScmBlockLocationProtocolServerSideTranslatorPB.java:98)
	at org.apache.hadoop.hdds.protocol.proto.ScmBlockLocationProtocolProtos$ScmBlockLocationProtocolService$2.callBlockingMethod(ScmBlockLocationProtocolProtos.java:13157)
	at org.apache.hadoop.ipc.ProtobufRpcEngine$Server$ProtoBufRpcInvoker.call(ProtobufRpcEngine.java:524)
	at org.apache.hadoop.ipc.RPC$Server.call(RPC.java:1025)
	at org.apache.hadoop.ipc.Server$RpcCall.run(Server.java:876)
	at org.apache.hadoop.ipc.Server$RpcCall.run(Server.java:822)
	at java.security.AccessController.doPrivileged(Native Method)
	at javax.security.auth.Subject.doAs(Subject.java:422)
	at org.apache.hadoop.security.UserGroupInformation.doAs(UserGroupInformation.java:1730)
	at org.apache.hadoop.ipc.Server$Handler.run(Server.java:2682)
2019-11-15 13:32:31,955 [IPC Server handler 0 on 42214] INFO  block.BlockManagerImpl (BlockManagerImpl.java:allocateBlock(215)) - Could not find available pipeline of type:RATIS and factor:THREE even after retrying
2019-11-15 13:32:31,955 [IPC Server handler 0 on 42214] ERROR block.BlockManagerImpl (BlockManagerImpl.java:allocateBlock(239)) - Unable to allocate a block for the size: 4194304, type: RATIS, factor: THREE
2019-11-15 13:32:31,960 [pool-62-thread-3] ERROR freon.RandomKeyGenerator (RandomKeyGenerator.java:createKey(735)) - Exception while adding key: key-0-80820 in bucket: bucket-0-12990 of volume: vol-0-75952.
INTERNAL_ERROR org.apache.hadoop.ozone.om.exceptions.OMException: Allocated 0 blocks. Requested 5 blocks
	at org.apache.hadoop.ozone.om.protocolPB.OzoneManagerProtocolClientSideTranslatorPB.handleError(OzoneManagerProtocolClientSideTranslatorPB.java:761)
	at org.apache.hadoop.ozone.om.protocolPB.OzoneManagerProtocolClientSideTranslatorPB.openKey(OzoneManagerProtocolClientSideTranslatorPB.java:752)
	at sun.reflect.NativeMethodAccessorImpl.invoke0(Native Method)
	at sun.reflect.NativeMethodAccessorImpl.invoke(NativeMethodAccessorImpl.java:62)
	at sun.reflect.DelegatingMethodAccessorImpl.invoke(DelegatingMethodAccessorImpl.java:43)
	at java.lang.reflect.Method.invoke(Method.java:498)
	at org.apache.hadoop.hdds.tracing.TraceAllMethod.invoke(TraceAllMethod.java:66)
	at com.sun.proxy.$Proxy37.openKey(Unknown Source)
	at org.apache.hadoop.ozone.client.rpc.RpcClient.createKey(RpcClient.java:633)
	at org.apache.hadoop.ozone.client.OzoneBucket.createKey(OzoneBucket.java:325)
	at org.apache.hadoop.ozone.freon.RandomKeyGenerator.createKey(RandomKeyGenerator.java:697)
	at org.apache.hadoop.ozone.freon.RandomKeyGenerator.access$1100(RandomKeyGenerator.java:88)
	at org.apache.hadoop.ozone.freon.RandomKeyGenerator$ObjectCreator.run(RandomKeyGenerator.java:615)
	at java.util.concurrent.Executors$RunnableAdapter.call(Executors.java:511)
	at java.util.concurrent.FutureTask.run(FutureTask.java:266)
	at java.util.concurrent.ThreadPoolExecutor.runWorker(ThreadPoolExecutor.java:1149)
	at java.util.concurrent.ThreadPoolExecutor$Worker.run(ThreadPoolExecutor.java:624)
	at java.lang.Thread.run(Thread.java:748)
 0.00% |?                                                                                                    |  0/1 Time: 0:00:012019-11-15 13:32:33,256 [Command processor thread] INFO  impl.RaftServerProxy (RaftServerProxy.java:remove(95)) - a24402c8-4554-4104-a5a4-d8d6d3f720e5: remove    LEADER a24402c8-4554-4104-a5a4-d8d6d3f720e5@group-31804B1DB473:t2, leader=a24402c8-4554-4104-a5a4-d8d6d3f720e5, voted=a24402c8-4554-4104-a5a4-d8d6d3f720e5, raftlog=a24402c8-4554-4104-a5a4-d8d6d3f720e5@group-31804B1DB473-SegmentedRaftLog:OPENED:c77,f77,i77, conf=0: [647a87d1-7e8f-495e-97a0-d3fbbd373dc7:192.168.157.228:33865, a24402c8-4554-4104-a5a4-d8d6d3f720e5:192.168.157.228:36053, 0c284f5c-3293-4d46-b1a3-f8415c29b0db:192.168.157.228:42442], old=null RUNNING
2019-11-15 13:32:33,259 [Command processor thread] INFO  impl.RaftServerImpl (RaftServerImpl.java:lambda$shutdown$3(250)) - a24402c8-4554-4104-a5a4-d8d6d3f720e5@group-31804B1DB473: shutdown
2019-11-15 13:32:33,259 [Command processor thread] INFO  util.JmxRegister (JmxRegister.java:unregister(73)) - Successfully un-registered JMX Bean with object name Ratis:service=RaftServer,group=group-31804B1DB473,id=a24402c8-4554-4104-a5a4-d8d6d3f720e5
2019-11-15 13:32:33,259 [Command processor thread] INFO  impl.RoleInfo (RoleInfo.java:shutdownLeaderState(104)) - a24402c8-4554-4104-a5a4-d8d6d3f720e5: shutdown LeaderState
2019-11-15 13:32:33,262 [org.apache.ratis.server.impl.LogAppender$AppenderDaemon$$Lambda$593/1517781629@5d368692] WARN  server.GrpcLogAppender (GrpcLogAppender.java:mayWait(151)) - a24402c8-4554-4104-a5a4-d8d6d3f720e5@group-31804B1DB473->0c284f5c-3293-4d46-b1a3-f8415c29b0db-GrpcLogAppender: Wait interrupted by java.lang.InterruptedException
2019-11-15 13:32:33,262 [org.apache.ratis.server.impl.LogAppender$AppenderDaemon$$Lambda$593/1517781629@74e31c84] WARN  server.GrpcLogAppender (GrpcLogAppender.java:mayWait(151)) - a24402c8-4554-4104-a5a4-d8d6d3f720e5@group-31804B1DB473->647a87d1-7e8f-495e-97a0-d3fbbd373dc7-GrpcLogAppender: Wait interrupted by java.lang.InterruptedException
2019-11-15 13:32:33,263 [Command processor thread] INFO  impl.PendingRequests (PendingRequests.java:sendNotLeaderResponses(206)) - a24402c8-4554-4104-a5a4-d8d6d3f720e5@group-31804B1DB473-PendingRequests: sendNotLeaderResponses
2019-11-15 13:32:33,270 [grpc-default-executor-4] INFO  server.GrpcServerProtocolService (GrpcServerProtocolService.java:onCompleted(113)) - 647a87d1-7e8f-495e-97a0-d3fbbd373dc7: Completed APPEND_ENTRIES, lastRequest: a24402c8-4554-4104-a5a4-d8d6d3f720e5->647a87d1-7e8f-495e-97a0-d3fbbd373dc7#80-t2, previous=(t:2, i:77), leaderCommit=77, initializing? false, entries: <empty>
2019-11-15 13:32:33,271 [Command processor thread] INFO  impl.StateMachineUpdater (StateMachineUpdater.java:stopAndJoin(136)) - a24402c8-4554-4104-a5a4-d8d6d3f720e5@group-31804B1DB473-StateMachineUpdater: set stopIndex = 77
2019-11-15 13:32:33,272 [a24402c8-4554-4104-a5a4-d8d6d3f720e5@group-31804B1DB473-StateMachineUpdater] INFO  ratis.ContainerStateMachine (ContainerStateMachine.java:takeSnapshot(285)) - group-31804B1DB473: Taking a snapshot at:(t:2, i:75) file /workdir/hadoop-ozone/tools/target/test-dir/MiniOzoneClusterImpl-9f2fb995-f7ac-4156-8962-4c0588925236/datanode-2/data/ratis/5d869817-ca78-41b6-8806-31804b1db473/sm/snapshot.2_75
2019-11-15 13:32:33,270 [grpc-default-executor-1] INFO  server.GrpcServerProtocolService (GrpcServerProtocolService.java:onCompleted(113)) - 0c284f5c-3293-4d46-b1a3-f8415c29b0db: Completed APPEND_ENTRIES, lastRequest: a24402c8-4554-4104-a5a4-d8d6d3f720e5->0c284f5c-3293-4d46-b1a3-f8415c29b0db#80-t2, previous=(t:2, i:77), leaderCommit=77, initializing? false, entries: <empty>
2019-11-15 13:32:33,272 [grpc-default-executor-4] INFO  server.GrpcLogAppender (GrpcLogAppender.java:onCompleted(308)) - a24402c8-4554-4104-a5a4-d8d6d3f720e5@group-31804B1DB473->647a87d1-7e8f-495e-97a0-d3fbbd373dc7-AppendLogResponseHandler: follower responses appendEntries COMPLETED
2019-11-15 13:32:33,274 [grpc-default-executor-5] INFO  server.GrpcLogAppender (GrpcLogAppender.java:onCompleted(308)) - a24402c8-4554-4104-a5a4-d8d6d3f720e5@group-31804B1DB473->0c284f5c-3293-4d46-b1a3-f8415c29b0db-AppendLogResponseHandler: follower responses appendEntries COMPLETED
2019-11-15 13:32:33,280 [grpc-default-executor-4] INFO  impl.FollowerInfo (FollowerInfo.java:lambda$new$0(51)) - a24402c8-4554-4104-a5a4-d8d6d3f720e5@group-31804B1DB473->647a87d1-7e8f-495e-97a0-d3fbbd373dc7: nextIndex: updateUnconditionally 78 -> 77
2019-11-15 13:32:33,280 [grpc-default-executor-5] INFO  impl.FollowerInfo (FollowerInfo.java:lambda$new$0(51)) - a24402c8-4554-4104-a5a4-d8d6d3f720e5@group-31804B1DB473->0c284f5c-3293-4d46-b1a3-f8415c29b0db: nextIndex: updateUnconditionally 78 -> 77
2019-11-15 13:32:33,284 [Command processor thread] INFO  impl.RaftServerProxy (RaftServerProxy.java:remove(95)) - 647a87d1-7e8f-495e-97a0-d3fbbd373dc7: remove  FOLLOWER 647a87d1-7e8f-495e-97a0-d3fbbd373dc7@group-31804B1DB473:t2, leader=a24402c8-4554-4104-a5a4-d8d6d3f720e5, voted=647a87d1-7e8f-495e-97a0-d3fbbd373dc7, raftlog=647a87d1-7e8f-495e-97a0-d3fbbd373dc7@group-31804B1DB473-SegmentedRaftLog:OPENED:c77,f77,i77, conf=0: [647a87d1-7e8f-495e-97a0-d3fbbd373dc7:192.168.157.228:33865, a24402c8-4554-4104-a5a4-d8d6d3f720e5:192.168.157.228:36053, 0c284f5c-3293-4d46-b1a3-f8415c29b0db:192.168.157.228:42442], old=null RUNNING
2019-11-15 13:32:33,285 [Command processor thread] INFO  impl.RaftServerImpl (RaftServerImpl.java:lambda$shutdown$3(250)) - 647a87d1-7e8f-495e-97a0-d3fbbd373dc7@group-31804B1DB473: shutdown
2019-11-15 13:32:33,285 [Command processor thread] INFO  util.JmxRegister (JmxRegister.java:unregister(73)) - Successfully un-registered JMX Bean with object name Ratis:service=RaftServer,group=group-31804B1DB473,id=647a87d1-7e8f-495e-97a0-d3fbbd373dc7
2019-11-15 13:32:33,286 [Command processor thread] INFO  impl.RoleInfo (RoleInfo.java:shutdownFollowerState(121)) - 647a87d1-7e8f-495e-97a0-d3fbbd373dc7: shutdown FollowerState
2019-11-15 13:32:33,286 [Command processor thread] INFO  impl.StateMachineUpdater (StateMachineUpdater.java:stopAndJoin(136)) - 647a87d1-7e8f-495e-97a0-d3fbbd373dc7@group-31804B1DB473-StateMachineUpdater: set stopIndex = 77
2019-11-15 13:32:33,287 [Thread-217] INFO  impl.FollowerState (FollowerState.java:run(120)) - 647a87d1-7e8f-495e-97a0-d3fbbd373dc7@group-31804B1DB473-FollowerState was interrupted: java.lang.InterruptedException: sleep interrupted
2019-11-15 13:32:33,287 [647a87d1-7e8f-495e-97a0-d3fbbd373dc7@group-31804B1DB473-StateMachineUpdater] INFO  ratis.ContainerStateMachine (ContainerStateMachine.java:takeSnapshot(285)) - group-31804B1DB473: Taking a snapshot at:(t:2, i:75) file /workdir/hadoop-ozone/tools/target/test-dir/MiniOzoneClusterImpl-9f2fb995-f7ac-4156-8962-4c0588925236/datanode-1/data/ratis/5d869817-ca78-41b6-8806-31804b1db473/sm/snapshot.2_75
2019-11-15 13:32:33,287 [Command processor thread] INFO  impl.RaftServerProxy (RaftServerProxy.java:remove(95)) - 0c284f5c-3293-4d46-b1a3-f8415c29b0db: remove  FOLLOWER 0c284f5c-3293-4d46-b1a3-f8415c29b0db@group-31804B1DB473:t2, leader=a24402c8-4554-4104-a5a4-d8d6d3f720e5, voted=a24402c8-4554-4104-a5a4-d8d6d3f720e5, raftlog=0c284f5c-3293-4d46-b1a3-f8415c29b0db@group-31804B1DB473-SegmentedRaftLog:OPENED:c77,f77,i77, conf=0: [647a87d1-7e8f-495e-97a0-d3fbbd373dc7:192.168.157.228:33865, a24402c8-4554-4104-a5a4-d8d6d3f720e5:192.168.157.228:36053, 0c284f5c-3293-4d46-b1a3-f8415c29b0db:192.168.157.228:42442], old=null RUNNING
2019-11-15 13:32:33,290 [Command processor thread] INFO  impl.RaftServerImpl (RaftServerImpl.java:lambda$shutdown$3(250)) - 0c284f5c-3293-4d46-b1a3-f8415c29b0db@group-31804B1DB473: shutdown
2019-11-15 13:32:33,290 [Command processor thread] INFO  util.JmxRegister (JmxRegister.java:unregister(73)) - Successfully un-registered JMX Bean with object name Ratis:service=RaftServer,group=group-31804B1DB473,id=0c284f5c-3293-4d46-b1a3-f8415c29b0db
2019-11-15 13:32:33,290 [Command processor thread] INFO  impl.RoleInfo (RoleInfo.java:shutdownFollowerState(121)) - 0c284f5c-3293-4d46-b1a3-f8415c29b0db: shutdown FollowerState
2019-11-15 13:32:33,291 [Command processor thread] INFO  impl.StateMachineUpdater (StateMachineUpdater.java:stopAndJoin(136)) - 0c284f5c-3293-4d46-b1a3-f8415c29b0db@group-31804B1DB473-StateMachineUpdater: set stopIndex = 77
2019-11-15 13:32:33,291 [0c284f5c-3293-4d46-b1a3-f8415c29b0db@group-31804B1DB473-StateMachineUpdater] INFO  ratis.ContainerStateMachine (ContainerStateMachine.java:takeSnapshot(285)) - group-31804B1DB473: Taking a snapshot at:(t:2, i:75) file /workdir/hadoop-ozone/tools/target/test-dir/MiniOzoneClusterImpl-9f2fb995-f7ac-4156-8962-4c0588925236/datanode-0/data/ratis/5d869817-ca78-41b6-8806-31804b1db473/sm/snapshot.2_75
2019-11-15 13:32:33,291 [Thread-214] INFO  impl.FollowerState (FollowerState.java:run(120)) - 0c284f5c-3293-4d46-b1a3-f8415c29b0db@group-31804B1DB473-FollowerState was interrupted: java.lang.InterruptedException: sleep interrupted
2019-11-15 13:32:33,324 [647a87d1-7e8f-495e-97a0-d3fbbd373dc7@group-31804B1DB473-StateMachineUpdater] INFO  ratis.ContainerStateMachine (ContainerStateMachine.java:takeSnapshot(296)) - group-31804B1DB473: Finished taking a snapshot at:(t:2, i:75) file:/workdir/hadoop-ozone/tools/target/test-dir/MiniOzoneClusterImpl-9f2fb995-f7ac-4156-8962-4c0588925236/datanode-1/data/ratis/5d869817-ca78-41b6-8806-31804b1db473/sm/snapshot.2_75 time:39
2019-11-15 13:32:33,324 [0c284f5c-3293-4d46-b1a3-f8415c29b0db@group-31804B1DB473-StateMachineUpdater] INFO  ratis.ContainerStateMachine (ContainerStateMachine.java:takeSnapshot(296)) - group-31804B1DB473: Finished taking a snapshot at:(t:2, i:75) file:/workdir/hadoop-ozone/tools/target/test-dir/MiniOzoneClusterImpl-9f2fb995-f7ac-4156-8962-4c0588925236/datanode-0/data/ratis/5d869817-ca78-41b6-8806-31804b1db473/sm/snapshot.2_75 time:34
2019-11-15 13:32:33,324 [a24402c8-4554-4104-a5a4-d8d6d3f720e5@group-31804B1DB473-StateMachineUpdater] INFO  ratis.ContainerStateMachine (ContainerStateMachine.java:takeSnapshot(296)) - group-31804B1DB473: Finished taking a snapshot at:(t:2, i:75) file:/workdir/hadoop-ozone/tools/target/test-dir/MiniOzoneClusterImpl-9f2fb995-f7ac-4156-8962-4c0588925236/datanode-2/data/ratis/5d869817-ca78-41b6-8806-31804b1db473/sm/snapshot.2_75 time:53
2019-11-15 13:32:33,326 [647a87d1-7e8f-495e-97a0-d3fbbd373dc7@group-31804B1DB473-StateMachineUpdater] INFO  impl.StateMachineUpdater (StateMachineUpdater.java:takeSnapshot(269)) - 647a87d1-7e8f-495e-97a0-d3fbbd373dc7@group-31804B1DB473-StateMachineUpdater: Took a snapshot at index 75
2019-11-15 13:32:33,326 [0c284f5c-3293-4d46-b1a3-f8415c29b0db@group-31804B1DB473-StateMachineUpdater] INFO  impl.StateMachineUpdater (StateMachineUpdater.java:takeSnapshot(269)) - 0c284f5c-3293-4d46-b1a3-f8415c29b0db@group-31804B1DB473-StateMachineUpdater: Took a snapshot at index 75
2019-11-15 13:32:33,326 [a24402c8-4554-4104-a5a4-d8d6d3f720e5@group-31804B1DB473-StateMachineUpdater] INFO  impl.StateMachineUpdater (StateMachineUpdater.java:takeSnapshot(269)) - a24402c8-4554-4104-a5a4-d8d6d3f720e5@group-31804B1DB473-StateMachineUpdater: Took a snapshot at index 75
2019-11-15 13:32:33,326 [0c284f5c-3293-4d46-b1a3-f8415c29b0db@group-31804B1DB473-StateMachineUpdater] INFO  impl.StateMachineUpdater (StateMachineUpdater.java:lambda$new$0(84)) - 0c284f5c-3293-4d46-b1a3-f8415c29b0db@group-31804B1DB473-StateMachineUpdater: snapshotIndex: updateIncreasingly -1 -> 75
2019-11-15 13:32:33,326 [647a87d1-7e8f-495e-97a0-d3fbbd373dc7@group-31804B1DB473-StateMachineUpdater] INFO  impl.StateMachineUpdater (StateMachineUpdater.java:lambda$new$0(84)) - 647a87d1-7e8f-495e-97a0-d3fbbd373dc7@group-31804B1DB473-StateMachineUpdater: snapshotIndex: updateIncreasingly -1 -> 75
2019-11-15 13:32:33,326 [a24402c8-4554-4104-a5a4-d8d6d3f720e5@group-31804B1DB473-StateMachineUpdater] INFO  impl.StateMachineUpdater (StateMachineUpdater.java:lambda$new$0(84)) - a24402c8-4554-4104-a5a4-d8d6d3f720e5@group-31804B1DB473-StateMachineUpdater: snapshotIndex: updateIncreasingly -1 -> 75
2019-11-15 13:32:33,331 [647a87d1-7e8f-495e-97a0-d3fbbd373dc7@group-31804B1DB473-StateMachineUpdater] INFO  ratis.ContainerStateMachine (ContainerStateMachine.java:takeSnapshot(285)) - group-31804B1DB473: Taking a snapshot at:(t:2, i:75) file /workdir/hadoop-ozone/tools/target/test-dir/MiniOzoneClusterImpl-9f2fb995-f7ac-4156-8962-4c0588925236/datanode-1/data/ratis/5d869817-ca78-41b6-8806-31804b1db473/sm/snapshot.2_75
2019-11-15 13:32:33,331 [0c284f5c-3293-4d46-b1a3-f8415c29b0db@group-31804B1DB473-StateMachineUpdater] INFO  ratis.ContainerStateMachine (ContainerStateMachine.java:takeSnapshot(285)) - group-31804B1DB473: Taking a snapshot at:(t:2, i:75) file /workdir/hadoop-ozone/tools/target/test-dir/MiniOzoneClusterImpl-9f2fb995-f7ac-4156-8962-4c0588925236/datanode-0/data/ratis/5d869817-ca78-41b6-8806-31804b1db473/sm/snapshot.2_75
2019-11-15 13:32:33,331 [a24402c8-4554-4104-a5a4-d8d6d3f720e5@group-31804B1DB473-StateMachineUpdater] INFO  ratis.ContainerStateMachine (ContainerStateMachine.java:takeSnapshot(285)) - group-31804B1DB473: Taking a snapshot at:(t:2, i:75) file /workdir/hadoop-ozone/tools/target/test-dir/MiniOzoneClusterImpl-9f2fb995-f7ac-4156-8962-4c0588925236/datanode-2/data/ratis/5d869817-ca78-41b6-8806-31804b1db473/sm/snapshot.2_75
2019-11-15 13:32:33,354 [647a87d1-7e8f-495e-97a0-d3fbbd373dc7@group-31804B1DB473-StateMachineUpdater] INFO  ratis.ContainerStateMachine (ContainerStateMachine.java:takeSnapshot(296)) - group-31804B1DB473: Finished taking a snapshot at:(t:2, i:75) file:/workdir/hadoop-ozone/tools/target/test-dir/MiniOzoneClusterImpl-9f2fb995-f7ac-4156-8962-4c0588925236/datanode-1/data/ratis/5d869817-ca78-41b6-8806-31804b1db473/sm/snapshot.2_75 time:22
2019-11-15 13:32:33,354 [a24402c8-4554-4104-a5a4-d8d6d3f720e5@group-31804B1DB473-StateMachineUpdater] INFO  ratis.ContainerStateMachine (ContainerStateMachine.java:takeSnapshot(296)) - group-31804B1DB473: Finished taking a snapshot at:(t:2, i:75) file:/workdir/hadoop-ozone/tools/target/test-dir/MiniOzoneClusterImpl-9f2fb995-f7ac-4156-8962-4c0588925236/datanode-2/data/ratis/5d869817-ca78-41b6-8806-31804b1db473/sm/snapshot.2_75 time:22
2019-11-15 13:32:33,354 [0c284f5c-3293-4d46-b1a3-f8415c29b0db@group-31804B1DB473-StateMachineUpdater] INFO  ratis.ContainerStateMachine (ContainerStateMachine.java:takeSnapshot(296)) - group-31804B1DB473: Finished taking a snapshot at:(t:2, i:75) file:/workdir/hadoop-ozone/tools/target/test-dir/MiniOzoneClusterImpl-9f2fb995-f7ac-4156-8962-4c0588925236/datanode-0/data/ratis/5d869817-ca78-41b6-8806-31804b1db473/sm/snapshot.2_75 time:22
2019-11-15 13:32:33,354 [647a87d1-7e8f-495e-97a0-d3fbbd373dc7@group-31804B1DB473-StateMachineUpdater] INFO  impl.StateMachineUpdater (StateMachineUpdater.java:takeSnapshot(269)) - 647a87d1-7e8f-495e-97a0-d3fbbd373dc7@group-31804B1DB473-StateMachineUpdater: Took a snapshot at index 75
2019-11-15 13:32:33,354 [a24402c8-4554-4104-a5a4-d8d6d3f720e5@group-31804B1DB473-StateMachineUpdater] INFO  impl.StateMachineUpdater (StateMachineUpdater.java:takeSnapshot(269)) - a24402c8-4554-4104-a5a4-d8d6d3f720e5@group-31804B1DB473-StateMachineUpdater: Took a snapshot at index 75
2019-11-15 13:32:33,354 [0c284f5c-3293-4d46-b1a3-f8415c29b0db@group-31804B1DB473-StateMachineUpdater] INFO  impl.StateMachineUpdater (StateMachineUpdater.java:takeSnapshot(269)) - 0c284f5c-3293-4d46-b1a3-f8415c29b0db@group-31804B1DB473-StateMachineUpdater: Took a snapshot at index 75
2019-11-15 13:32:33,354 [647a87d1-7e8f-495e-97a0-d3fbbd373dc7@group-31804B1DB473-StateMachineUpdater] INFO  impl.StateMachineUpdater (StateMachineUpdater.java:lambda$new$0(84)) - 647a87d1-7e8f-495e-97a0-d3fbbd373dc7@group-31804B1DB473-StateMachineUpdater: snapshotIndex: updateIncreasingly 75 -> 75
2019-11-15 13:32:33,355 [0c284f5c-3293-4d46-b1a3-f8415c29b0db@group-31804B1DB473-StateMachineUpdater] INFO  impl.StateMachineUpdater (StateMachineUpdater.java:lambda$new$0(84)) - 0c284f5c-3293-4d46-b1a3-f8415c29b0db@group-31804B1DB473-StateMachineUpdater: snapshotIndex: updateIncreasingly 75 -> 75
2019-11-15 13:32:33,354 [a24402c8-4554-4104-a5a4-d8d6d3f720e5@group-31804B1DB473-StateMachineUpdater] INFO  impl.StateMachineUpdater (StateMachineUpdater.java:lambda$new$0(84)) - a24402c8-4554-4104-a5a4-d8d6d3f720e5@group-31804B1DB473-StateMachineUpdater: snapshotIndex: updateIncreasingly 75 -> 75
2019-11-15 13:32:33,355 [Command processor thread] INFO  impl.RaftServerImpl (ServerState.java:close(387)) - 647a87d1-7e8f-495e-97a0-d3fbbd373dc7@group-31804B1DB473: closes. applyIndex: 77
2019-11-15 13:32:33,355 [Command processor thread] INFO  impl.RaftServerImpl (ServerState.java:close(387)) - a24402c8-4554-4104-a5a4-d8d6d3f720e5@group-31804B1DB473: closes. applyIndex: 77
2019-11-15 13:32:33,355 [Command processor thread] INFO  impl.RaftServerImpl (ServerState.java:close(387)) - 0c284f5c-3293-4d46-b1a3-f8415c29b0db@group-31804B1DB473: closes. applyIndex: 77
2019-11-15 13:32:33,359 [647a87d1-7e8f-495e-97a0-d3fbbd373dc7@group-31804B1DB473-SegmentedRaftLogWorker] INFO  segmented.SegmentedRaftLogWorker (SegmentedRaftLogWorker.java:run(316)) - 647a87d1-7e8f-495e-97a0-d3fbbd373dc7@group-31804B1DB473-SegmentedRaftLogWorker was interrupted, exiting. There are 0 tasks remaining in the queue.
2019-11-15 13:32:33,359 [a24402c8-4554-4104-a5a4-d8d6d3f720e5@group-31804B1DB473-SegmentedRaftLogWorker] INFO  segmented.SegmentedRaftLogWorker (SegmentedRaftLogWorker.java:run(316)) - a24402c8-4554-4104-a5a4-d8d6d3f720e5@group-31804B1DB473-SegmentedRaftLogWorker was interrupted, exiting. There are 0 tasks remaining in the queue.
2019-11-15 13:32:33,359 [0c284f5c-3293-4d46-b1a3-f8415c29b0db@group-31804B1DB473-SegmentedRaftLogWorker] INFO  segmented.SegmentedRaftLogWorker (SegmentedRaftLogWorker.java:run(316)) - 0c284f5c-3293-4d46-b1a3-f8415c29b0db@group-31804B1DB473-SegmentedRaftLogWorker was interrupted, exiting. There are 0 tasks remaining in the queue.
2019-11-15 13:32:33,362 [Command processor thread] INFO  segmented.SegmentedRaftLogWorker (SegmentedRaftLogWorker.java:close(224)) - 0c284f5c-3293-4d46-b1a3-f8415c29b0db@group-31804B1DB473-SegmentedRaftLogWorker close()
2019-11-15 13:32:33,362 [Command processor thread] INFO  segmented.SegmentedRaftLogWorker (SegmentedRaftLogWorker.java:close(224)) - a24402c8-4554-4104-a5a4-d8d6d3f720e5@group-31804B1DB473-SegmentedRaftLogWorker close()
2019-11-15 13:32:33,362 [Command processor thread] INFO  segmented.SegmentedRaftLogWorker (SegmentedRaftLogWorker.java:close(224)) - 647a87d1-7e8f-495e-97a0-d3fbbd373dc7@group-31804B1DB473-SegmentedRaftLogWorker close()
2019-11-15 13:32:33,416 [Command processor thread] INFO  interfaces.Container (KeyValueContainer.java:flushAndSyncDB(400)) - Container 1 is synced with bcsId 59.
2019-11-15 13:32:33,416 [Command processor thread] INFO  interfaces.Container (KeyValueContainer.java:flushAndSyncDB(400)) - Container 1 is synced with bcsId 59.
2019-11-15 13:32:33,416 [Command processor thread] INFO  interfaces.Container (KeyValueContainer.java:flushAndSyncDB(400)) - Container 1 is synced with bcsId 59.
2019-11-15 13:32:33,418 [Command processor thread] INFO  interfaces.Container (KeyValueContainer.java:flushAndSyncDB(400)) - Container 1 is synced with bcsId 59.
2019-11-15 13:32:33,418 [Command processor thread] INFO  interfaces.Container (KeyValueContainer.java:flushAndSyncDB(400)) - Container 1 is synced with bcsId 59.
2019-11-15 13:32:33,418 [Command processor thread] INFO  interfaces.Container (KeyValueContainer.java:flushAndSyncDB(400)) - Container 1 is synced with bcsId 59.
2019-11-15 13:32:33,448 [EventQueue-IncrementalContainerReportForIncrementalContainerReportHandler] INFO  container.IncrementalContainerReportHandler (AbstractContainerReportHandler.java:updateContainerState(171)) - Moving container #1 to QUASI_CLOSED state, datanode 647a87d1-7e8f-495e-97a0-d3fbbd373dc7{ip: 192.168.157.228, host: pr-hdds-2448-del-container-94542-2491966341, networkLocation: /default-rack, certSerialId: null} reported QUASI_CLOSED replica.
2019-11-15 13:32:33,496 [Command processor thread] INFO  interfaces.Container (KeyValueContainer.java:flushAndSyncDB(400)) - Container 2 is synced with bcsId 75.
2019-11-15 13:32:33,497 [Command processor thread] INFO  interfaces.Container (KeyValueContainer.java:flushAndSyncDB(400)) - Container 2 is synced with bcsId 75.
2019-11-15 13:32:33,513 [Command processor thread] INFO  interfaces.Container (KeyValueContainer.java:flushAndSyncDB(400)) - Container 2 is synced with bcsId 75.
2019-11-15 13:32:33,513 [Command processor thread] INFO  interfaces.Container (KeyValueContainer.java:flushAndSyncDB(400)) - Container 2 is synced with bcsId 75.
2019-11-15 13:32:33,513 [Command processor thread] INFO  interfaces.Container (KeyValueContainer.java:flushAndSyncDB(400)) - Container 2 is synced with bcsId 75.
2019-11-15 13:32:33,514 [Command processor thread] INFO  interfaces.Container (KeyValueContainer.java:flushAndSyncDB(400)) - Container 2 is synced with bcsId 75.
2019-11-15 13:32:33,529 [EventQueue-IncrementalContainerReportForIncrementalContainerReportHandler] INFO  container.IncrementalContainerReportHandler (AbstractContainerReportHandler.java:updateContainerState(171)) - Moving container #2 to QUASI_CLOSED state, datanode 0c284f5c-3293-4d46-b1a3-f8415c29b0db{ip: 192.168.157.228, host: pr-hdds-2448-del-container-94542-2491966341, networkLocation: /default-rack, certSerialId: null} reported QUASI_CLOSED replica.
2019-11-15 13:32:33,556 [Command processor thread] INFO  interfaces.Container (KeyValueContainer.java:flushAndSyncDB(400)) - Container 3 is synced with bcsId 42.
2019-11-15 13:32:33,556 [Command processor thread] INFO  interfaces.Container (KeyValueContainer.java:flushAndSyncDB(400)) - Container 3 is synced with bcsId 42.
2019-11-15 13:32:33,556 [Command processor thread] INFO  interfaces.Container (KeyValueContainer.java:flushAndSyncDB(400)) - Container 3 is synced with bcsId 42.
2019-11-15 13:32:33,556 [Command processor thread] INFO  interfaces.Container (KeyValueContainer.java:flushAndSyncDB(400)) - Container 3 is synced with bcsId 42.
2019-11-15 13:32:33,556 [Command processor thread] INFO  interfaces.Container (KeyValueContainer.java:flushAndSyncDB(400)) - Container 3 is synced with bcsId 42.
2019-11-15 13:32:33,557 [Command processor thread] INFO  interfaces.Container (KeyValueContainer.java:flushAndSyncDB(400)) - Container 3 is synced with bcsId 42.
2019-11-15 13:32:33,582 [Command processor thread] INFO  commandhandler.ClosePipelineCommandHandler (ClosePipelineCommandHandler.java:handle(78)) - Close Pipeline #id: "5d869817-ca78-41b6-8806-31804b1db473"
 command on datanode #a24402c8-4554-4104-a5a4-d8d6d3f720e5.
2019-11-15 13:32:33,582 [Command processor thread] INFO  commandhandler.ClosePipelineCommandHandler (ClosePipelineCommandHandler.java:handle(78)) - Close Pipeline #id: "5d869817-ca78-41b6-8806-31804b1db473"
 command on datanode #647a87d1-7e8f-495e-97a0-d3fbbd373dc7.
2019-11-15 13:32:33,582 [Command processor thread] INFO  commandhandler.ClosePipelineCommandHandler (ClosePipelineCommandHandler.java:handle(78)) - Close Pipeline #id: "5d869817-ca78-41b6-8806-31804b1db473"
 command on datanode #0c284f5c-3293-4d46-b1a3-f8415c29b0db.
2019-11-15 13:32:33,585 [EventQueue-IncrementalContainerReportForIncrementalContainerReportHandler] INFO  container.IncrementalContainerReportHandler (AbstractContainerReportHandler.java:updateContainerState(171)) - Moving container #3 to QUASI_CLOSED state, datanode 647a87d1-7e8f-495e-97a0-d3fbbd373dc7{ip: 192.168.157.228, host: pr-hdds-2448-del-container-94542-2491966341, networkLocation: /default-rack, certSerialId: null} reported QUASI_CLOSED replica.
2019-11-15 13:32:33,585 [Command processor thread] INFO  impl.RaftServerProxy (RaftServerProxy.java:addNew(89)) - 0c284f5c-3293-4d46-b1a3-f8415c29b0db: addNew group-320B161F224E:[647a87d1-7e8f-495e-97a0-d3fbbd373dc7:192.168.157.228:33865, a24402c8-4554-4104-a5a4-d8d6d3f720e5:192.168.157.228:36053, 0c284f5c-3293-4d46-b1a3-f8415c29b0db:192.168.157.228:42442] returns group-320B161F224E:java.util.concurrent.CompletableFuture@91436b4[Not completed]
2019-11-15 13:32:33,585 [Command processor thread] INFO  impl.RaftServerProxy (RaftServerProxy.java:addNew(89)) - 647a87d1-7e8f-495e-97a0-d3fbbd373dc7: addNew group-320B161F224E:[647a87d1-7e8f-495e-97a0-d3fbbd373dc7:192.168.157.228:33865, a24402c8-4554-4104-a5a4-d8d6d3f720e5:192.168.157.228:36053, 0c284f5c-3293-4d46-b1a3-f8415c29b0db:192.168.157.228:42442] returns group-320B161F224E:java.util.concurrent.CompletableFuture@3f8574cf[Not completed]
2019-11-15 13:32:33,585 [Command processor thread] INFO  impl.RaftServerProxy (RaftServerProxy.java:addNew(89)) - a24402c8-4554-4104-a5a4-d8d6d3f720e5: addNew group-320B161F224E:[647a87d1-7e8f-495e-97a0-d3fbbd373dc7:192.168.157.228:33865, a24402c8-4554-4104-a5a4-d8d6d3f720e5:192.168.157.228:36053, 0c284f5c-3293-4d46-b1a3-f8415c29b0db:192.168.157.228:42442] returns group-320B161F224E:java.util.concurrent.CompletableFuture@b38a177[Not completed]
2019-11-15 13:32:33,588 [pool-49-thread-1] INFO  impl.RaftServerImpl (RaftServerImpl.java:<init>(98)) - a24402c8-4554-4104-a5a4-d8d6d3f720e5: new RaftServerImpl for group-320B161F224E:[647a87d1-7e8f-495e-97a0-d3fbbd373dc7:192.168.157.228:33865, a24402c8-4554-4104-a5a4-d8d6d3f720e5:192.168.157.228:36053, 0c284f5c-3293-4d46-b1a3-f8415c29b0db:192.168.157.228:42442] with ContainerStateMachine:uninitialized
2019-11-15 13:32:33,588 [pool-49-thread-1] INFO  server.RaftServerConfigKeys (ConfUtils.java:logGet(43)) - raft.server.rpc.timeout.min = 5s (custom)
2019-11-15 13:32:33,588 [pool-49-thread-1] INFO  server.RaftServerConfigKeys (ConfUtils.java:logGet(43)) - raft.server.rpc.timeout.max = 5200ms (custom)
2019-11-15 13:32:33,588 [pool-49-thread-1] INFO  server.RaftServerConfigKeys (ConfUtils.java:logGet(43)) - raft.server.rpcslowness.timeout = 120s (custom)
2019-11-15 13:32:33,588 [pool-49-thread-1] INFO  server.RaftServerConfigKeys (ConfUtils.java:logGet(43)) - raft.server.sleep.deviation.threshold = 300 (default)
2019-11-15 13:32:33,589 [pool-49-thread-1] INFO  server.RaftServerConfigKeys (ConfUtils.java:logGet(43)) - raft.server.log.appender.install.snapshot.enabled = false (custom)
2019-11-15 13:32:33,589 [pool-49-thread-1] INFO  impl.RaftServerImpl (ServerState.java:<init>(103)) - a24402c8-4554-4104-a5a4-d8d6d3f720e5@group-320B161F224E: ConfigurationManager, init=-1: [647a87d1-7e8f-495e-97a0-d3fbbd373dc7:192.168.157.228:33865, a24402c8-4554-4104-a5a4-d8d6d3f720e5:192.168.157.228:36053, 0c284f5c-3293-4d46-b1a3-f8415c29b0db:192.168.157.228:42442], old=null, confs=<EMPTY_MAP>
2019-11-15 13:32:33,589 [pool-49-thread-1] INFO  server.RaftServerConfigKeys (ConfUtils.java:logGet(43)) - raft.server.storage.dir = [/workdir/hadoop-ozone/tools/target/test-dir/MiniOzoneClusterImpl-9f2fb995-f7ac-4156-8962-4c0588925236/datanode-2/data/ratis] (custom)
2019-11-15 13:32:33,589 [pool-38-thread-1] INFO  impl.RaftServerImpl (RaftServerImpl.java:<init>(98)) - 647a87d1-7e8f-495e-97a0-d3fbbd373dc7: new RaftServerImpl for group-320B161F224E:[647a87d1-7e8f-495e-97a0-d3fbbd373dc7:192.168.157.228:33865, a24402c8-4554-4104-a5a4-d8d6d3f720e5:192.168.157.228:36053, 0c284f5c-3293-4d46-b1a3-f8415c29b0db:192.168.157.228:42442] with ContainerStateMachine:uninitialized
2019-11-15 13:32:33,589 [pool-49-thread-1] INFO  server.RaftServerConfigKeys (ConfUtils.java:logGet(43)) - raft.server.log.corruption.policy = EXCEPTION (default)
2019-11-15 13:32:33,589 [pool-38-thread-1] INFO  server.RaftServerConfigKeys (ConfUtils.java:logGet(43)) - raft.server.rpc.timeout.min = 5s (custom)
2019-11-15 13:32:33,590 [pool-49-thread-1] INFO  storage.RaftStorageDirectory (RaftStorageDirectory.java:analyzeStorage(246)) - The storage directory /workdir/hadoop-ozone/tools/target/test-dir/MiniOzoneClusterImpl-9f2fb995-f7ac-4156-8962-4c0588925236/datanode-2/data/ratis/db737d8f-255b-4ef1-b392-320b161f224e does not exist. Creating ...
2019-11-15 13:32:33,590 [pool-38-thread-1] INFO  server.RaftServerConfigKeys (ConfUtils.java:logGet(43)) - raft.server.rpc.timeout.max = 5200ms (custom)
2019-11-15 13:32:33,590 [pool-38-thread-1] INFO  server.RaftServerConfigKeys (ConfUtils.java:logGet(43)) - raft.server.rpcslowness.timeout = 120s (custom)
2019-11-15 13:32:33,590 [pool-38-thread-1] INFO  server.RaftServerConfigKeys (ConfUtils.java:logGet(43)) - raft.server.sleep.deviation.threshold = 300 (default)
2019-11-15 13:32:33,590 [pool-38-thread-1] INFO  server.RaftServerConfigKeys (ConfUtils.java:logGet(43)) - raft.server.log.appender.install.snapshot.enabled = false (custom)
2019-11-15 13:32:33,591 [pool-38-thread-1] INFO  impl.RaftServerImpl (ServerState.java:<init>(103)) - 647a87d1-7e8f-495e-97a0-d3fbbd373dc7@group-320B161F224E: ConfigurationManager, init=-1: [647a87d1-7e8f-495e-97a0-d3fbbd373dc7:192.168.157.228:33865, a24402c8-4554-4104-a5a4-d8d6d3f720e5:192.168.157.228:36053, 0c284f5c-3293-4d46-b1a3-f8415c29b0db:192.168.157.228:42442], old=null, confs=<EMPTY_MAP>
2019-11-15 13:32:33,591 [pool-38-thread-1] INFO  server.RaftServerConfigKeys (ConfUtils.java:logGet(43)) - raft.server.storage.dir = [/workdir/hadoop-ozone/tools/target/test-dir/MiniOzoneClusterImpl-9f2fb995-f7ac-4156-8962-4c0588925236/datanode-1/data/ratis] (custom)
2019-11-15 13:32:33,591 [pool-27-thread-1] INFO  impl.RaftServerImpl (RaftServerImpl.java:<init>(98)) - 0c284f5c-3293-4d46-b1a3-f8415c29b0db: new RaftServerImpl for group-320B161F224E:[647a87d1-7e8f-495e-97a0-d3fbbd373dc7:192.168.157.228:33865, a24402c8-4554-4104-a5a4-d8d6d3f720e5:192.168.157.228:36053, 0c284f5c-3293-4d46-b1a3-f8415c29b0db:192.168.157.228:42442] with ContainerStateMachine:uninitialized
2019-11-15 13:32:33,591 [pool-38-thread-1] INFO  server.RaftServerConfigKeys (ConfUtils.java:logGet(43)) - raft.server.log.corruption.policy = EXCEPTION (default)
2019-11-15 13:32:33,591 [pool-27-thread-1] INFO  server.RaftServerConfigKeys (ConfUtils.java:logGet(43)) - raft.server.rpc.timeout.min = 5s (custom)
2019-11-15 13:32:33,592 [pool-38-thread-1] INFO  storage.RaftStorageDirectory (RaftStorageDirectory.java:analyzeStorage(246)) - The storage directory /workdir/hadoop-ozone/tools/target/test-dir/MiniOzoneClusterImpl-9f2fb995-f7ac-4156-8962-4c0588925236/datanode-1/data/ratis/db737d8f-255b-4ef1-b392-320b161f224e does not exist. Creating ...
2019-11-15 13:32:33,592 [pool-27-thread-1] INFO  server.RaftServerConfigKeys (ConfUtils.java:logGet(43)) - raft.server.rpc.timeout.max = 5200ms (custom)
2019-11-15 13:32:33,592 [pool-27-thread-1] INFO  server.RaftServerConfigKeys (ConfUtils.java:logGet(43)) - raft.server.rpcslowness.timeout = 120s (custom)
2019-11-15 13:32:33,592 [pool-27-thread-1] INFO  server.RaftServerConfigKeys (ConfUtils.java:logGet(43)) - raft.server.sleep.deviation.threshold = 300 (default)
2019-11-15 13:32:33,592 [pool-27-thread-1] INFO  server.RaftServerConfigKeys (ConfUtils.java:logGet(43)) - raft.server.log.appender.install.snapshot.enabled = false (custom)
2019-11-15 13:32:33,593 [pool-27-thread-1] INFO  impl.RaftServerImpl (ServerState.java:<init>(103)) - 0c284f5c-3293-4d46-b1a3-f8415c29b0db@group-320B161F224E: ConfigurationManager, init=-1: [647a87d1-7e8f-495e-97a0-d3fbbd373dc7:192.168.157.228:33865, a24402c8-4554-4104-a5a4-d8d6d3f720e5:192.168.157.228:36053, 0c284f5c-3293-4d46-b1a3-f8415c29b0db:192.168.157.228:42442], old=null, confs=<EMPTY_MAP>
2019-11-15 13:32:33,593 [pool-27-thread-1] INFO  server.RaftServerConfigKeys (ConfUtils.java:logGet(43)) - raft.server.storage.dir = [/workdir/hadoop-ozone/tools/target/test-dir/MiniOzoneClusterImpl-9f2fb995-f7ac-4156-8962-4c0588925236/datanode-0/data/ratis] (custom)
2019-11-15 13:32:33,593 [pool-27-thread-1] INFO  server.RaftServerConfigKeys (ConfUtils.java:logGet(43)) - raft.server.log.corruption.policy = EXCEPTION (default)
2019-11-15 13:32:33,594 [pool-27-thread-1] INFO  storage.RaftStorageDirectory (RaftStorageDirectory.java:analyzeStorage(246)) - The storage directory /workdir/hadoop-ozone/tools/target/test-dir/MiniOzoneClusterImpl-9f2fb995-f7ac-4156-8962-4c0588925236/datanode-0/data/ratis/db737d8f-255b-4ef1-b392-320b161f224e does not exist. Creating ...
2019-11-15 13:32:33,611 [pool-38-thread-1] INFO  storage.RaftStorageDirectory (RaftStorageDirectory.java:tryLock(328)) - Lock on /workdir/hadoop-ozone/tools/target/test-dir/MiniOzoneClusterImpl-9f2fb995-f7ac-4156-8962-4c0588925236/datanode-1/data/ratis/db737d8f-255b-4ef1-b392-320b161f224e/in_use.lock acquired by nodename 18515@pr-hdds-2448-del-container-94542-2491966341
2019-11-15 13:32:33,611 [pool-27-thread-1] INFO  storage.RaftStorageDirectory (RaftStorageDirectory.java:tryLock(328)) - Lock on /workdir/hadoop-ozone/tools/target/test-dir/MiniOzoneClusterImpl-9f2fb995-f7ac-4156-8962-4c0588925236/datanode-0/data/ratis/db737d8f-255b-4ef1-b392-320b161f224e/in_use.lock acquired by nodename 18515@pr-hdds-2448-del-container-94542-2491966341
2019-11-15 13:32:33,611 [pool-49-thread-1] INFO  storage.RaftStorageDirectory (RaftStorageDirectory.java:tryLock(328)) - Lock on /workdir/hadoop-ozone/tools/target/test-dir/MiniOzoneClusterImpl-9f2fb995-f7ac-4156-8962-4c0588925236/datanode-2/data/ratis/db737d8f-255b-4ef1-b392-320b161f224e/in_use.lock acquired by nodename 18515@pr-hdds-2448-del-container-94542-2491966341
2019-11-15 13:32:33,635 [pool-49-thread-1] INFO  storage.RaftStorage (RaftStorage.java:format(84)) - Storage directory /workdir/hadoop-ozone/tools/target/test-dir/MiniOzoneClusterImpl-9f2fb995-f7ac-4156-8962-4c0588925236/datanode-2/data/ratis/db737d8f-255b-4ef1-b392-320b161f224e has been successfully formatted.
2019-11-15 13:32:33,635 [pool-38-thread-1] INFO  storage.RaftStorage (RaftStorage.java:format(84)) - Storage directory /workdir/hadoop-ozone/tools/target/test-dir/MiniOzoneClusterImpl-9f2fb995-f7ac-4156-8962-4c0588925236/datanode-1/data/ratis/db737d8f-255b-4ef1-b392-320b161f224e has been successfully formatted.
2019-11-15 13:32:33,635 [pool-27-thread-1] INFO  storage.RaftStorage (RaftStorage.java:format(84)) - Storage directory /workdir/hadoop-ozone/tools/target/test-dir/MiniOzoneClusterImpl-9f2fb995-f7ac-4156-8962-4c0588925236/datanode-0/data/ratis/db737d8f-255b-4ef1-b392-320b161f224e has been successfully formatted.
2019-11-15 13:32:33,636 [pool-49-thread-1] INFO  ratis.ContainerStateMachine (ContainerStateMachine.java:loadSnapshot(223)) - group-320B161F224E: The snapshot info is null. Setting the last applied indexto:(t:0, i:~)
2019-11-15 13:32:33,636 [pool-38-thread-1] INFO  ratis.ContainerStateMachine (ContainerStateMachine.java:loadSnapshot(223)) - group-320B161F224E: The snapshot info is null. Setting the last applied indexto:(t:0, i:~)
2019-11-15 13:32:33,636 [pool-49-thread-1] INFO  server.RaftServerConfigKeys (ConfUtils.java:logGet(43)) - raft.server.notification.no-leader.timeout = 120s (custom)
2019-11-15 13:32:33,636 [pool-27-thread-1] INFO  ratis.ContainerStateMachine (ContainerStateMachine.java:loadSnapshot(223)) - group-320B161F224E: The snapshot info is null. Setting the last applied indexto:(t:0, i:~)
2019-11-15 13:32:33,636 [pool-49-thread-1] INFO  server.RaftServerConfigKeys (ConfUtils.java:logGet(43)) - raft.server.log.use.memory = false (default)
2019-11-15 13:32:33,636 [pool-38-thread-1] INFO  server.RaftServerConfigKeys (ConfUtils.java:logGet(43)) - raft.server.notification.no-leader.timeout = 120s (custom)
2019-11-15 13:32:33,637 [pool-49-thread-1] INFO  server.RaftServerConfigKeys (ConfUtils.java:logGet(43)) - raft.server.log.purge.gap = 1000000 (custom)
2019-11-15 13:32:33,636 [pool-27-thread-1] INFO  server.RaftServerConfigKeys (ConfUtils.java:logGet(43)) - raft.server.notification.no-leader.timeout = 120s (custom)
2019-11-15 13:32:33,637 [pool-49-thread-1] INFO  server.RaftServerConfigKeys (ConfUtils.java:logGet(43)) - raft.server.log.appender.buffer.byte-limit = 33554432 (custom)
2019-11-15 13:32:33,637 [pool-38-thread-1] INFO  server.RaftServerConfigKeys (ConfUtils.java:logGet(43)) - raft.server.log.use.memory = false (default)
2019-11-15 13:32:33,637 [pool-49-thread-1] INFO  server.RaftServerConfigKeys (ConfUtils.java:logGet(43)) - raft.server.log.segment.size.max = 1048576 (custom)
2019-11-15 13:32:33,637 [pool-27-thread-1] INFO  server.RaftServerConfigKeys (ConfUtils.java:logGet(43)) - raft.server.log.use.memory = false (default)
2019-11-15 13:32:33,638 [pool-49-thread-1] INFO  server.RaftServerConfigKeys (ConfUtils.java:logGet(43)) - raft.server.log.segment.cache.num.max = 2 (custom)
2019-11-15 13:32:33,637 [pool-38-thread-1] INFO  server.RaftServerConfigKeys (ConfUtils.java:logGet(43)) - raft.server.log.purge.gap = 1000000 (custom)
2019-11-15 13:32:33,638 [pool-49-thread-1] INFO  segmented.SegmentedRaftLogWorker (SegmentedRaftLogWorker.java:<init>(173)) - new a24402c8-4554-4104-a5a4-d8d6d3f720e5@group-320B161F224E-SegmentedRaftLogWorker for RaftStorage:Storage Directory /workdir/hadoop-ozone/tools/target/test-dir/MiniOzoneClusterImpl-9f2fb995-f7ac-4156-8962-4c0588925236/datanode-2/data/ratis/db737d8f-255b-4ef1-b392-320b161f224e
2019-11-15 13:32:33,638 [pool-27-thread-1] INFO  server.RaftServerConfigKeys (ConfUtils.java:logGet(43)) - raft.server.log.purge.gap = 1000000 (custom)
2019-11-15 13:32:33,638 [pool-49-thread-1] INFO  server.RaftServerConfigKeys (ConfUtils.java:logGet(43)) - raft.server.log.queue.byte-limit = 2147483647 (custom)
2019-11-15 13:32:33,638 [pool-38-thread-1] INFO  server.RaftServerConfigKeys (ConfUtils.java:logGet(43)) - raft.server.log.appender.buffer.byte-limit = 33554432 (custom)
2019-11-15 13:32:33,639 [pool-49-thread-1] INFO  server.RaftServerConfigKeys (ConfUtils.java:logGet(43)) - raft.server.log.queue.element-limit = 1024 (custom)
2019-11-15 13:32:33,638 [pool-27-thread-1] INFO  server.RaftServerConfigKeys (ConfUtils.java:logGet(43)) - raft.server.log.appender.buffer.byte-limit = 33554432 (custom)
2019-11-15 13:32:33,639 [pool-49-thread-1] INFO  server.RaftServerConfigKeys (ConfUtils.java:logGet(43)) - raft.server.log.segment.size.max = 1048576 (custom)
2019-11-15 13:32:33,639 [pool-38-thread-1] INFO  server.RaftServerConfigKeys (ConfUtils.java:logGet(43)) - raft.server.log.segment.size.max = 1048576 (custom)
2019-11-15 13:32:33,639 [pool-49-thread-1] INFO  server.RaftServerConfigKeys (ConfUtils.java:logGet(43)) - raft.server.log.preallocated.size = 16384 (custom)
2019-11-15 13:32:33,639 [pool-27-thread-1] INFO  server.RaftServerConfigKeys (ConfUtils.java:logGet(43)) - raft.server.log.segment.size.max = 1048576 (custom)
2019-11-15 13:32:33,640 [pool-49-thread-1] INFO  server.RaftServerConfigKeys (ConfUtils.java:logGet(43)) - raft.server.log.write.buffer.size = 33554432 (custom)
2019-11-15 13:32:33,639 [pool-38-thread-1] INFO  server.RaftServerConfigKeys (ConfUtils.java:logGet(43)) - raft.server.log.segment.cache.num.max = 2 (custom)
2019-11-15 13:32:33,640 [pool-49-thread-1] INFO  server.RaftServerConfigKeys (ConfUtils.java:logGet(43)) - raft.server.log.force.sync.num = 128 (default)
2019-11-15 13:32:33,640 [pool-27-thread-1] INFO  server.RaftServerConfigKeys (ConfUtils.java:logGet(43)) - raft.server.log.segment.cache.num.max = 2 (custom)
2019-11-15 13:32:33,640 [pool-49-thread-1] INFO  server.RaftServerConfigKeys (ConfUtils.java:logGet(43)) - raft.server.log.statemachine.data.sync = true (default)
2019-11-15 13:32:33,640 [pool-38-thread-1] INFO  segmented.SegmentedRaftLogWorker (SegmentedRaftLogWorker.java:<init>(173)) - new 647a87d1-7e8f-495e-97a0-d3fbbd373dc7@group-320B161F224E-SegmentedRaftLogWorker for RaftStorage:Storage Directory /workdir/hadoop-ozone/tools/target/test-dir/MiniOzoneClusterImpl-9f2fb995-f7ac-4156-8962-4c0588925236/datanode-1/data/ratis/db737d8f-255b-4ef1-b392-320b161f224e
2019-11-15 13:32:33,641 [pool-49-thread-1] INFO  server.RaftServerConfigKeys (ConfUtils.java:logGet(43)) - raft.server.log.statemachine.data.sync.timeout = 10s (default)
2019-11-15 13:32:33,640 [pool-27-thread-1] INFO  segmented.SegmentedRaftLogWorker (SegmentedRaftLogWorker.java:<init>(173)) - new 0c284f5c-3293-4d46-b1a3-f8415c29b0db@group-320B161F224E-SegmentedRaftLogWorker for RaftStorage:Storage Directory /workdir/hadoop-ozone/tools/target/test-dir/MiniOzoneClusterImpl-9f2fb995-f7ac-4156-8962-4c0588925236/datanode-0/data/ratis/db737d8f-255b-4ef1-b392-320b161f224e
2019-11-15 13:32:33,641 [pool-49-thread-1] INFO  server.RaftServerConfigKeys (ConfUtils.java:logGet(43)) - raft.server.log.statemachine.data.sync.timeout.retry = -1 (default)
2019-11-15 13:32:33,641 [pool-38-thread-1] INFO  server.RaftServerConfigKeys (ConfUtils.java:logGet(43)) - raft.server.log.queue.byte-limit = 2147483647 (custom)
2019-11-15 13:32:33,641 [pool-27-thread-1] INFO  server.RaftServerConfigKeys (ConfUtils.java:logGet(43)) - raft.server.log.queue.byte-limit = 2147483647 (custom)
2019-11-15 13:32:33,641 [pool-49-thread-1] INFO  server.RaftServerConfigKeys (ConfUtils.java:logGet(43)) - raft.server.log.statemachine.data.caching.enabled = true (custom)
2019-11-15 13:32:33,641 [pool-38-thread-1] INFO  server.RaftServerConfigKeys (ConfUtils.java:logGet(43)) - raft.server.log.queue.element-limit = 1024 (custom)
2019-11-15 13:32:33,641 [pool-27-thread-1] INFO  server.RaftServerConfigKeys (ConfUtils.java:logGet(43)) - raft.server.log.queue.element-limit = 1024 (custom)
2019-11-15 13:32:33,642 [pool-49-thread-1] INFO  segmented.SegmentedRaftLogWorker (SegmentedRaftLogWorker.java:lambda$new$0(128)) - a24402c8-4554-4104-a5a4-d8d6d3f720e5@group-320B161F224E-SegmentedRaftLogWorker: flushIndex: setUnconditionally 0 -> -1
2019-11-15 13:32:33,642 [pool-38-thread-1] INFO  server.RaftServerConfigKeys (ConfUtils.java:logGet(43)) - raft.server.log.segment.size.max = 1048576 (custom)
2019-11-15 13:32:33,642 [pool-27-thread-1] INFO  server.RaftServerConfigKeys (ConfUtils.java:logGet(43)) - raft.server.log.segment.size.max = 1048576 (custom)
2019-11-15 13:32:33,642 [pool-49-thread-1] INFO  server.RaftServerConfigKeys (ConfUtils.java:logGet(43)) - raft.server.snapshot.auto.trigger.enabled = true (custom)
2019-11-15 13:32:33,642 [pool-38-thread-1] INFO  server.RaftServerConfigKeys (ConfUtils.java:logGet(43)) - raft.server.log.preallocated.size = 16384 (custom)
2019-11-15 13:32:33,643 [pool-49-thread-1] INFO  server.RaftServerConfigKeys (ConfUtils.java:logGet(43)) - raft.server.snapshot.auto.trigger.threshold = 10000 (custom)
2019-11-15 13:32:33,642 [pool-27-thread-1] INFO  server.RaftServerConfigKeys (ConfUtils.java:logGet(43)) - raft.server.log.preallocated.size = 16384 (custom)
2019-11-15 13:32:33,643 [pool-49-thread-1] INFO  server.RaftServerConfigKeys (ConfUtils.java:logGet(43)) - raft.server.snapshot.retention.file.num = 5 (custom)
2019-11-15 13:32:33,643 [pool-38-thread-1] INFO  server.RaftServerConfigKeys (ConfUtils.java:logGet(43)) - raft.server.log.write.buffer.size = 33554432 (custom)
2019-11-15 13:32:33,643 [pool-49-thread-1] INFO  server.RaftServerConfigKeys (ConfUtils.java:logGet(43)) - raft.server.retrycache.expirytime = 600000ms (custom)
2019-11-15 13:32:33,643 [pool-27-thread-1] INFO  server.RaftServerConfigKeys (ConfUtils.java:logGet(43)) - raft.server.log.write.buffer.size = 33554432 (custom)
2019-11-15 13:32:33,643 [pool-38-thread-1] INFO  server.RaftServerConfigKeys (ConfUtils.java:logGet(43)) - raft.server.log.force.sync.num = 128 (default)
2019-11-15 13:32:33,643 [pool-27-thread-1] INFO  server.RaftServerConfigKeys (ConfUtils.java:logGet(43)) - raft.server.log.force.sync.num = 128 (default)
2019-11-15 13:32:33,643 [pool-49-thread-1] WARN  impl.MetricRegistriesImpl (MetricRegistriesImpl.java:lambda$create$1(61)) - First MetricRegistry has been created without registering reporters. You may need to call MetricRegistries.global().addReportRegistration(...) before.
2019-11-15 13:32:33,644 [pool-27-thread-1] INFO  server.RaftServerConfigKeys (ConfUtils.java:logGet(43)) - raft.server.log.statemachine.data.sync = true (default)
2019-11-15 13:32:33,644 [pool-38-thread-1] INFO  server.RaftServerConfigKeys (ConfUtils.java:logGet(43)) - raft.server.log.statemachine.data.sync = true (default)
2019-11-15 13:32:33,644 [pool-27-thread-1] INFO  server.RaftServerConfigKeys (ConfUtils.java:logGet(43)) - raft.server.log.statemachine.data.sync.timeout = 10s (default)
2019-11-15 13:32:33,644 [pool-49-thread-1] WARN  impl.MetricRegistriesImpl (MetricRegistriesImpl.java:lambda$create$1(61)) - First MetricRegistry has been created without registering reporters. You may need to call MetricRegistries.global().addReportRegistration(...) before.
2019-11-15 13:32:33,644 [pool-27-thread-1] INFO  server.RaftServerConfigKeys (ConfUtils.java:logGet(43)) - raft.server.log.statemachine.data.sync.timeout.retry = -1 (default)
2019-11-15 13:32:33,644 [pool-38-thread-1] INFO  server.RaftServerConfigKeys (ConfUtils.java:logGet(43)) - raft.server.log.statemachine.data.sync.timeout = 10s (default)
2019-11-15 13:32:33,645 [pool-27-thread-1] INFO  server.RaftServerConfigKeys (ConfUtils.java:logGet(43)) - raft.server.log.statemachine.data.caching.enabled = true (custom)
2019-11-15 13:32:33,645 [pool-49-thread-1] INFO  impl.RaftServerImpl (RaftServerImpl.java:start(184)) - a24402c8-4554-4104-a5a4-d8d6d3f720e5@group-320B161F224E: start as a follower, conf=-1: [647a87d1-7e8f-495e-97a0-d3fbbd373dc7:192.168.157.228:33865, a24402c8-4554-4104-a5a4-d8d6d3f720e5:192.168.157.228:36053, 0c284f5c-3293-4d46-b1a3-f8415c29b0db:192.168.157.228:42442], old=null
2019-11-15 13:32:33,645 [pool-38-thread-1] INFO  server.RaftServerConfigKeys (ConfUtils.java:logGet(43)) - raft.server.log.statemachine.data.sync.timeout.retry = -1 (default)
2019-11-15 13:32:33,645 [pool-27-thread-1] INFO  segmented.SegmentedRaftLogWorker (SegmentedRaftLogWorker.java:lambda$new$0(128)) - 0c284f5c-3293-4d46-b1a3-f8415c29b0db@group-320B161F224E-SegmentedRaftLogWorker: flushIndex: setUnconditionally 0 -> -1
2019-11-15 13:32:33,645 [pool-49-thread-1] INFO  impl.RaftServerImpl (RaftServerImpl.java:setRole(173)) - a24402c8-4554-4104-a5a4-d8d6d3f720e5@group-320B161F224E: changes role from      null to FOLLOWER at term 0 for startAsFollower
2019-11-15 13:32:33,645 [pool-38-thread-1] INFO  server.RaftServerConfigKeys (ConfUtils.java:logGet(43)) - raft.server.log.statemachine.data.caching.enabled = true (custom)
2019-11-15 13:32:33,646 [pool-49-thread-1] INFO  impl.RoleInfo (RoleInfo.java:updateAndGet(143)) - a24402c8-4554-4104-a5a4-d8d6d3f720e5: start FollowerState
2019-11-15 13:32:33,646 [pool-27-thread-1] INFO  server.RaftServerConfigKeys (ConfUtils.java:logGet(43)) - raft.server.snapshot.auto.trigger.enabled = true (custom)
2019-11-15 13:32:33,646 [pool-38-thread-1] INFO  segmented.SegmentedRaftLogWorker (SegmentedRaftLogWorker.java:lambda$new$0(128)) - 647a87d1-7e8f-495e-97a0-d3fbbd373dc7@group-320B161F224E-SegmentedRaftLogWorker: flushIndex: setUnconditionally 0 -> -1
2019-11-15 13:32:33,646 [pool-27-thread-1] INFO  server.RaftServerConfigKeys (ConfUtils.java:logGet(43)) - raft.server.snapshot.auto.trigger.threshold = 10000 (custom)
2019-11-15 13:32:33,646 [pool-27-thread-1] INFO  server.RaftServerConfigKeys (ConfUtils.java:logGet(43)) - raft.server.snapshot.retention.file.num = 5 (custom)
2019-11-15 13:32:33,646 [pool-38-thread-1] INFO  server.RaftServerConfigKeys (ConfUtils.java:logGet(43)) - raft.server.snapshot.auto.trigger.enabled = true (custom)
2019-11-15 13:32:33,646 [pool-49-thread-1] INFO  util.JmxRegister (JmxRegister.java:tryRegister(44)) - Successfully registered JMX Bean with object name Ratis:service=RaftServer,group=group-320B161F224E,id=a24402c8-4554-4104-a5a4-d8d6d3f720e5
2019-11-15 13:32:33,647 [pool-38-thread-1] INFO  server.RaftServerConfigKeys (ConfUtils.java:logGet(43)) - raft.server.snapshot.auto.trigger.threshold = 10000 (custom)
2019-11-15 13:32:33,647 [pool-27-thread-1] INFO  server.RaftServerConfigKeys (ConfUtils.java:logGet(43)) - raft.server.retrycache.expirytime = 600000ms (custom)
2019-11-15 13:32:33,647 [pool-38-thread-1] INFO  server.RaftServerConfigKeys (ConfUtils.java:logGet(43)) - raft.server.snapshot.retention.file.num = 5 (custom)
2019-11-15 13:32:33,647 [pool-49-thread-1] WARN  impl.MetricRegistriesImpl (MetricRegistriesImpl.java:lambda$create$1(61)) - First MetricRegistry has been created without registering reporters. You may need to call MetricRegistries.global().addReportRegistration(...) before.
2019-11-15 13:32:33,647 [pool-38-thread-1] INFO  server.RaftServerConfigKeys (ConfUtils.java:logGet(43)) - raft.server.retrycache.expirytime = 600000ms (custom)
2019-11-15 13:32:33,647 [pool-27-thread-1] WARN  impl.MetricRegistriesImpl (MetricRegistriesImpl.java:lambda$create$1(61)) - First MetricRegistry has been created without registering reporters. You may need to call MetricRegistries.global().addReportRegistration(...) before.
2019-11-15 13:32:33,648 [pool-38-thread-1] WARN  impl.MetricRegistriesImpl (MetricRegistriesImpl.java:lambda$create$1(61)) - First MetricRegistry has been created without registering reporters. You may need to call MetricRegistries.global().addReportRegistration(...) before.
2019-11-15 13:32:33,648 [pool-27-thread-1] WARN  impl.MetricRegistriesImpl (MetricRegistriesImpl.java:lambda$create$1(61)) - First MetricRegistry has been created without registering reporters. You may need to call MetricRegistries.global().addReportRegistration(...) before.
2019-11-15 13:32:33,648 [Command processor thread] INFO  commandhandler.CreatePipelineCommandHandler (CreatePipelineCommandHandler.java:handle(86)) - Create Pipeline RATIS THREE #id: "db737d8f-255b-4ef1-b392-320b161f224e"
 command succeed on datanode a24402c8-4554-4104-a5a4-d8d6d3f720e5.
2019-11-15 13:32:33,648 [pool-38-thread-1] WARN  impl.MetricRegistriesImpl (MetricRegistriesImpl.java:lambda$create$1(61)) - First MetricRegistry has been created without registering reporters. You may need to call MetricRegistries.global().addReportRegistration(...) before.
2019-11-15 13:32:33,648 [pool-27-thread-1] INFO  impl.RaftServerImpl (RaftServerImpl.java:start(184)) - 0c284f5c-3293-4d46-b1a3-f8415c29b0db@group-320B161F224E: start as a follower, conf=-1: [647a87d1-7e8f-495e-97a0-d3fbbd373dc7:192.168.157.228:33865, a24402c8-4554-4104-a5a4-d8d6d3f720e5:192.168.157.228:36053, 0c284f5c-3293-4d46-b1a3-f8415c29b0db:192.168.157.228:42442], old=null
2019-11-15 13:32:33,648 [pool-38-thread-1] INFO  impl.RaftServerImpl (RaftServerImpl.java:start(184)) - 647a87d1-7e8f-495e-97a0-d3fbbd373dc7@group-320B161F224E: start as a follower, conf=-1: [647a87d1-7e8f-495e-97a0-d3fbbd373dc7:192.168.157.228:33865, a24402c8-4554-4104-a5a4-d8d6d3f720e5:192.168.157.228:36053, 0c284f5c-3293-4d46-b1a3-f8415c29b0db:192.168.157.228:42442], old=null
2019-11-15 13:32:33,648 [pool-27-thread-1] INFO  impl.RaftServerImpl (RaftServerImpl.java:setRole(173)) - 0c284f5c-3293-4d46-b1a3-f8415c29b0db@group-320B161F224E: changes role from      null to FOLLOWER at term 0 for startAsFollower
2019-11-15 13:32:33,648 [pool-38-thread-1] INFO  impl.RaftServerImpl (RaftServerImpl.java:setRole(173)) - 647a87d1-7e8f-495e-97a0-d3fbbd373dc7@group-320B161F224E: changes role from      null to FOLLOWER at term 0 for startAsFollower
2019-11-15 13:32:33,649 [pool-27-thread-1] INFO  impl.RoleInfo (RoleInfo.java:updateAndGet(143)) - 0c284f5c-3293-4d46-b1a3-f8415c29b0db: start FollowerState
2019-11-15 13:32:33,649 [pool-38-thread-1] INFO  impl.RoleInfo (RoleInfo.java:updateAndGet(143)) - 647a87d1-7e8f-495e-97a0-d3fbbd373dc7: start FollowerState
2019-11-15 13:32:33,649 [pool-27-thread-1] INFO  util.JmxRegister (JmxRegister.java:tryRegister(44)) - Successfully registered JMX Bean with object name Ratis:service=RaftServer,group=group-320B161F224E,id=0c284f5c-3293-4d46-b1a3-f8415c29b0db
2019-11-15 13:32:33,649 [pool-38-thread-1] INFO  util.JmxRegister (JmxRegister.java:tryRegister(44)) - Successfully registered JMX Bean with object name Ratis:service=RaftServer,group=group-320B161F224E,id=647a87d1-7e8f-495e-97a0-d3fbbd373dc7
2019-11-15 13:32:33,649 [pool-27-thread-1] WARN  impl.MetricRegistriesImpl (MetricRegistriesImpl.java:lambda$create$1(61)) - First MetricRegistry has been created without registering reporters. You may need to call MetricRegistries.global().addReportRegistration(...) before.
2019-11-15 13:32:33,650 [pool-38-thread-1] WARN  impl.MetricRegistriesImpl (MetricRegistriesImpl.java:lambda$create$1(61)) - First MetricRegistry has been created without registering reporters. You may need to call MetricRegistries.global().addReportRegistration(...) before.
2019-11-15 13:32:33,650 [EventQueue-PipelineReportForPipelineReportHandler] INFO  pipeline.PipelineReportHandler (PipelineReportHandler.java:processPipelineReport(113)) - Pipeline THREE PipelineID=db737d8f-255b-4ef1-b392-320b161f224e reported by a24402c8-4554-4104-a5a4-d8d6d3f720e5{ip: 192.168.157.228, host: pr-hdds-2448-del-container-94542-2491966341, networkLocation: /default-rack, certSerialId: null}
2019-11-15 13:32:33,650 [Command processor thread] INFO  commandhandler.CreatePipelineCommandHandler (CreatePipelineCommandHandler.java:handle(86)) - Create Pipeline RATIS THREE #id: "db737d8f-255b-4ef1-b392-320b161f224e"
 command succeed on datanode 0c284f5c-3293-4d46-b1a3-f8415c29b0db.
2019-11-15 13:32:33,650 [Command processor thread] INFO  commandhandler.CreatePipelineCommandHandler (CreatePipelineCommandHandler.java:handle(86)) - Create Pipeline RATIS THREE #id: "db737d8f-255b-4ef1-b392-320b161f224e"
 command succeed on datanode 647a87d1-7e8f-495e-97a0-d3fbbd373dc7.
2019-11-15 13:32:33,652 [EventQueue-PipelineReportForPipelineReportHandler] INFO  pipeline.PipelineReportHandler (PipelineReportHandler.java:processPipelineReport(113)) - Pipeline THREE PipelineID=db737d8f-255b-4ef1-b392-320b161f224e reported by 0c284f5c-3293-4d46-b1a3-f8415c29b0db{ip: 192.168.157.228, host: pr-hdds-2448-del-container-94542-2491966341, networkLocation: /default-rack, certSerialId: null}
2019-11-15 13:32:33,652 [EventQueue-PipelineReportForPipelineReportHandler] INFO  pipeline.PipelineReportHandler (PipelineReportHandler.java:processPipelineReport(113)) - Pipeline THREE PipelineID=db737d8f-255b-4ef1-b392-320b161f224e reported by 647a87d1-7e8f-495e-97a0-d3fbbd373dc7{ip: 192.168.157.228, host: pr-hdds-2448-del-container-94542-2491966341, networkLocation: /default-rack, certSerialId: null}
 0.00% |?                                                                                                    |  0/1 Time: 0:00:02 0.00% |?                                                                                                    |  0/1 Time: 0:00:03 0.00% |?                                                                                                    |  0/1 Time: 0:00:04 100.00% |?????????????????????????????????????????????????????????????????????????????????????????????????????|  1/1 Time: 0:00:05
2019-11-15 13:32:38,698 [Thread-471] INFO  impl.FollowerState (FollowerState.java:run(111)) - 0c284f5c-3293-4d46-b1a3-f8415c29b0db@group-320B161F224E-FollowerState: change to CANDIDATE, lastRpcTime:5048ms, electionTimeout:5048ms
2019-11-15 13:32:38,699 [Thread-471] INFO  impl.RoleInfo (RoleInfo.java:shutdownFollowerState(121)) - 0c284f5c-3293-4d46-b1a3-f8415c29b0db: shutdown FollowerState
2019-11-15 13:32:38,699 [Thread-471] INFO  impl.RaftServerImpl (RaftServerImpl.java:setRole(173)) - 0c284f5c-3293-4d46-b1a3-f8415c29b0db@group-320B161F224E: changes role from  FOLLOWER to CANDIDATE at term 0 for changeToCandidate
2019-11-15 13:32:38,699 [Thread-471] INFO  impl.RoleInfo (RoleInfo.java:updateAndGet(143)) - 0c284f5c-3293-4d46-b1a3-f8415c29b0db: start LeaderElection
2019-11-15 13:32:38,734 [Thread-472] INFO  impl.FollowerState (FollowerState.java:run(111)) - 647a87d1-7e8f-495e-97a0-d3fbbd373dc7@group-320B161F224E-FollowerState: change to CANDIDATE, lastRpcTime:5084ms, electionTimeout:5084ms
2019-11-15 13:32:38,734 [Thread-472] INFO  impl.RoleInfo (RoleInfo.java:shutdownFollowerState(121)) - 647a87d1-7e8f-495e-97a0-d3fbbd373dc7: shutdown FollowerState
2019-11-15 13:32:38,734 [Thread-472] INFO  impl.RaftServerImpl (RaftServerImpl.java:setRole(173)) - 647a87d1-7e8f-495e-97a0-d3fbbd373dc7@group-320B161F224E: changes role from  FOLLOWER to CANDIDATE at term 0 for changeToCandidate
2019-11-15 13:32:38,734 [Thread-472] INFO  impl.RoleInfo (RoleInfo.java:updateAndGet(143)) - 647a87d1-7e8f-495e-97a0-d3fbbd373dc7: start LeaderElection
2019-11-15 13:32:38,745 [0c284f5c-3293-4d46-b1a3-f8415c29b0db@group-320B161F224E-LeaderElection9] INFO  impl.LeaderElection (LeaderElection.java:askForVotes(178)) - 0c284f5c-3293-4d46-b1a3-f8415c29b0db@group-320B161F224E-LeaderElection9: begin an election at term 1 for -1: [647a87d1-7e8f-495e-97a0-d3fbbd373dc7:192.168.157.228:33865, a24402c8-4554-4104-a5a4-d8d6d3f720e5:192.168.157.228:36053, 0c284f5c-3293-4d46-b1a3-f8415c29b0db:192.168.157.228:42442], old=null
2019-11-15 13:32:38,758 [647a87d1-7e8f-495e-97a0-d3fbbd373dc7@group-320B161F224E-LeaderElection10] INFO  impl.LeaderElection (LeaderElection.java:askForVotes(178)) - 647a87d1-7e8f-495e-97a0-d3fbbd373dc7@group-320B161F224E-LeaderElection10: begin an election at term 1 for -1: [647a87d1-7e8f-495e-97a0-d3fbbd373dc7:192.168.157.228:33865, a24402c8-4554-4104-a5a4-d8d6d3f720e5:192.168.157.228:36053, 0c284f5c-3293-4d46-b1a3-f8415c29b0db:192.168.157.228:42442], old=null
2019-11-15 13:32:38,761 [grpc-default-executor-5] INFO  impl.RaftServerImpl (RaftServerImpl.java:setRole(173)) - a24402c8-4554-4104-a5a4-d8d6d3f720e5@group-320B161F224E: changes role from  FOLLOWER to FOLLOWER at term 1 for recognizeCandidate:0c284f5c-3293-4d46-b1a3-f8415c29b0db
2019-11-15 13:32:38,762 [grpc-default-executor-5] INFO  impl.RoleInfo (RoleInfo.java:shutdownFollowerState(121)) - a24402c8-4554-4104-a5a4-d8d6d3f720e5: shutdown FollowerState
2019-11-15 13:32:38,762 [grpc-default-executor-5] INFO  impl.RoleInfo (RoleInfo.java:updateAndGet(143)) - a24402c8-4554-4104-a5a4-d8d6d3f720e5: start FollowerState
2019-11-15 13:32:38,762 [Thread-468] INFO  impl.FollowerState (FollowerState.java:run(120)) - a24402c8-4554-4104-a5a4-d8d6d3f720e5@group-320B161F224E-FollowerState was interrupted: java.lang.InterruptedException: sleep interrupted
2019-11-15 13:32:38,782 [0c284f5c-3293-4d46-b1a3-f8415c29b0db@group-320B161F224E-LeaderElection9] INFO  impl.LeaderElection (LeaderElection.java:logAndReturn(56)) - 0c284f5c-3293-4d46-b1a3-f8415c29b0db@group-320B161F224E-LeaderElection9: Election PASSED; received 2 response(s) [0c284f5c-3293-4d46-b1a3-f8415c29b0db<-647a87d1-7e8f-495e-97a0-d3fbbd373dc7#0:FAIL-t1, 0c284f5c-3293-4d46-b1a3-f8415c29b0db<-a24402c8-4554-4104-a5a4-d8d6d3f720e5#0:OK-t1] and 0 exception(s); 0c284f5c-3293-4d46-b1a3-f8415c29b0db@group-320B161F224E:t1, leader=null, voted=0c284f5c-3293-4d46-b1a3-f8415c29b0db, raftlog=0c284f5c-3293-4d46-b1a3-f8415c29b0db@group-320B161F224E-SegmentedRaftLog:OPENED:c-1,f-1,i0, conf=-1: [647a87d1-7e8f-495e-97a0-d3fbbd373dc7:192.168.157.228:33865, a24402c8-4554-4104-a5a4-d8d6d3f720e5:192.168.157.228:36053, 0c284f5c-3293-4d46-b1a3-f8415c29b0db:192.168.157.228:42442], old=null
2019-11-15 13:32:38,782 [647a87d1-7e8f-495e-97a0-d3fbbd373dc7@group-320B161F224E-LeaderElection10] INFO  impl.LeaderElection (LeaderElection.java:logAndReturn(56)) - 647a87d1-7e8f-495e-97a0-d3fbbd373dc7@group-320B161F224E-LeaderElection10: Election REJECTED; received 2 response(s) [647a87d1-7e8f-495e-97a0-d3fbbd373dc7<-a24402c8-4554-4104-a5a4-d8d6d3f720e5#0:FAIL-t1, 647a87d1-7e8f-495e-97a0-d3fbbd373dc7<-0c284f5c-3293-4d46-b1a3-f8415c29b0db#0:FAIL-t1] and 0 exception(s); 647a87d1-7e8f-495e-97a0-d3fbbd373dc7@group-320B161F224E:t1, leader=null, voted=647a87d1-7e8f-495e-97a0-d3fbbd373dc7, raftlog=647a87d1-7e8f-495e-97a0-d3fbbd373dc7@group-320B161F224E-SegmentedRaftLog:OPENED:c-1,f-1,i0, conf=-1: [647a87d1-7e8f-495e-97a0-d3fbbd373dc7:192.168.157.228:33865, a24402c8-4554-4104-a5a4-d8d6d3f720e5:192.168.157.228:36053, 0c284f5c-3293-4d46-b1a3-f8415c29b0db:192.168.157.228:42442], old=null
2019-11-15 13:32:38,782 [0c284f5c-3293-4d46-b1a3-f8415c29b0db@group-320B161F224E-LeaderElection9] INFO  impl.RoleInfo (RoleInfo.java:shutdownLeaderElection(134)) - 0c284f5c-3293-4d46-b1a3-f8415c29b0db: shutdown LeaderElection
2019-11-15 13:32:38,785 [647a87d1-7e8f-495e-97a0-d3fbbd373dc7@group-320B161F224E-LeaderElection10] INFO  impl.RaftServerImpl (RaftServerImpl.java:setRole(173)) - 647a87d1-7e8f-495e-97a0-d3fbbd373dc7@group-320B161F224E: changes role from CANDIDATE to FOLLOWER at term 1 for DISCOVERED_A_NEW_TERM
2019-11-15 13:32:38,786 [0c284f5c-3293-4d46-b1a3-f8415c29b0db@group-320B161F224E-LeaderElection9] INFO  impl.RaftServerImpl (RaftServerImpl.java:setRole(173)) - 0c284f5c-3293-4d46-b1a3-f8415c29b0db@group-320B161F224E: changes role from CANDIDATE to LEADER at term 1 for changeToLeader
2019-11-15 13:32:38,786 [647a87d1-7e8f-495e-97a0-d3fbbd373dc7@group-320B161F224E-LeaderElection10] INFO  impl.RoleInfo (RoleInfo.java:shutdownLeaderElection(134)) - 647a87d1-7e8f-495e-97a0-d3fbbd373dc7: shutdown LeaderElection
2019-11-15 13:32:38,786 [0c284f5c-3293-4d46-b1a3-f8415c29b0db@group-320B161F224E-LeaderElection9] INFO  ratis.XceiverServerRatis (XceiverServerRatis.java:handleLeaderChangedNotification(733)) - Leader change notification received for group: group-320B161F224E with new leaderId: 0c284f5c-3293-4d46-b1a3-f8415c29b0db
2019-11-15 13:32:38,787 [647a87d1-7e8f-495e-97a0-d3fbbd373dc7@group-320B161F224E-LeaderElection10] INFO  impl.RoleInfo (RoleInfo.java:updateAndGet(143)) - 647a87d1-7e8f-495e-97a0-d3fbbd373dc7: start FollowerState
2019-11-15 13:32:38,787 [0c284f5c-3293-4d46-b1a3-f8415c29b0db@group-320B161F224E-LeaderElection9] INFO  impl.RaftServerImpl (ServerState.java:setLeader(255)) - 0c284f5c-3293-4d46-b1a3-f8415c29b0db@group-320B161F224E: change Leader from null to 0c284f5c-3293-4d46-b1a3-f8415c29b0db at term 1 for becomeLeader, leader elected after 5149ms
2019-11-15 13:32:38,788 [0c284f5c-3293-4d46-b1a3-f8415c29b0db@group-320B161F224E-LeaderElection9] INFO  server.RaftServerConfigKeys (ConfUtils.java:logGet(43)) - raft.server.staging.catchup.gap = 1000 (default)
2019-11-15 13:32:38,788 [0c284f5c-3293-4d46-b1a3-f8415c29b0db@group-320B161F224E-LeaderElection9] INFO  server.RaftServerConfigKeys (ConfUtils.java:logGet(43)) - raft.server.rpc.sleep.time = 25ms (default)
2019-11-15 13:32:38,788 [0c284f5c-3293-4d46-b1a3-f8415c29b0db@group-320B161F224E-LeaderElection9] INFO  server.RaftServerConfigKeys (ConfUtils.java:logGet(43)) - raft.server.write.element-limit = 4096 (default)
2019-11-15 13:32:38,788 [0c284f5c-3293-4d46-b1a3-f8415c29b0db@group-320B161F224E-LeaderElection9] INFO  server.RaftServerConfigKeys (ConfUtils.java:logGet(43)) - raft.server.watch.timeout = 10s (default)
2019-11-15 13:32:38,788 [0c284f5c-3293-4d46-b1a3-f8415c29b0db@group-320B161F224E-LeaderElection9] INFO  server.RaftServerConfigKeys (ConfUtils.java:logGet(43)) - raft.server.watch.timeout.denomination = 1s (default)
2019-11-15 13:32:38,788 [0c284f5c-3293-4d46-b1a3-f8415c29b0db@group-320B161F224E-LeaderElection9] INFO  server.RaftServerConfigKeys (ConfUtils.java:logGet(43)) - raft.server.watch.element-limit = 65536 (default)
2019-11-15 13:32:38,789 [0c284f5c-3293-4d46-b1a3-f8415c29b0db@group-320B161F224E-LeaderElection9] INFO  server.RaftServerConfigKeys (ConfUtils.java:logGet(43)) - raft.server.log.appender.snapshot.chunk.size.max = 16MB (=16777216) (default)
2019-11-15 13:32:38,789 [0c284f5c-3293-4d46-b1a3-f8415c29b0db@group-320B161F224E-LeaderElection9] INFO  server.RaftServerConfigKeys (ConfUtils.java:logGet(43)) - raft.server.log.appender.buffer.byte-limit = 33554432 (custom)
2019-11-15 13:32:38,789 [EventQueue-PipelineReportForPipelineReportHandler] INFO  pipeline.PipelineReportHandler (PipelineReportHandler.java:processPipelineReport(113)) - Pipeline THREE PipelineID=db737d8f-255b-4ef1-b392-320b161f224e reported by 0c284f5c-3293-4d46-b1a3-f8415c29b0db{ip: 192.168.157.228, host: pr-hdds-2448-del-container-94542-2491966341, networkLocation: /default-rack, certSerialId: null}
2019-11-15 13:32:38,789 [0c284f5c-3293-4d46-b1a3-f8415c29b0db@group-320B161F224E-LeaderElection9] INFO  server.RaftServerConfigKeys (ConfUtils.java:logGet(43)) - raft.server.log.appender.buffer.element-limit = 1 (custom)
2019-11-15 13:32:38,790 [EventQueue-PipelineReportForPipelineReportHandler] INFO  pipeline.PipelineStateManager (PipelineStateManager.java:openPipeline(132)) - Pipeline Pipeline[ Id: db737d8f-255b-4ef1-b392-320b161f224e, Nodes: 0c284f5c-3293-4d46-b1a3-f8415c29b0db{ip: 192.168.157.228, host: pr-hdds-2448-del-container-94542-2491966341, networkLocation: /default-rack, certSerialId: null}647a87d1-7e8f-495e-97a0-d3fbbd373dc7{ip: 192.168.157.228, host: pr-hdds-2448-del-container-94542-2491966341, networkLocation: /default-rack, certSerialId: null}a24402c8-4554-4104-a5a4-d8d6d3f720e5{ip: 192.168.157.228, host: pr-hdds-2448-del-container-94542-2491966341, networkLocation: /default-rack, certSerialId: null}, Type:RATIS, Factor:THREE, State:ALLOCATED] moved to OPEN state
2019-11-15 13:32:38,790 [0c284f5c-3293-4d46-b1a3-f8415c29b0db@group-320B161F224E-LeaderElection9] INFO  grpc.GrpcConfigKeys$Server (ConfUtils.java:logGet(43)) - raft.grpc.server.leader.outstanding.appends.max = 128 (default)
2019-11-15 13:32:38,791 [0c284f5c-3293-4d46-b1a3-f8415c29b0db@group-320B161F224E-LeaderElection9] INFO  server.RaftServerConfigKeys (ConfUtils.java:logGet(43)) - raft.server.rpc.request.timeout = 3000ms (default)
2019-11-15 13:32:38,791 [0c284f5c-3293-4d46-b1a3-f8415c29b0db@group-320B161F224E-LeaderElection9] INFO  server.RaftServerConfigKeys (ConfUtils.java:logGet(43)) - raft.server.log.appender.install.snapshot.enabled = false (custom)
2019-11-15 13:32:38,791 [0c284f5c-3293-4d46-b1a3-f8415c29b0db@group-320B161F224E-LeaderElection9] WARN  impl.MetricRegistriesImpl (MetricRegistriesImpl.java:lambda$create$1(61)) - First MetricRegistry has been created without registering reporters. You may need to call MetricRegistries.global().addReportRegistration(...) before.
2019-11-15 13:32:38,791 [0c284f5c-3293-4d46-b1a3-f8415c29b0db@group-320B161F224E-LeaderElection9] INFO  server.RaftServerConfigKeys (ConfUtils.java:logGet(43)) - raft.server.log.appender.snapshot.chunk.size.max = 16MB (=16777216) (default)
2019-11-15 13:32:38,791 [0c284f5c-3293-4d46-b1a3-f8415c29b0db@group-320B161F224E-LeaderElection9] INFO  server.RaftServerConfigKeys (ConfUtils.java:logGet(43)) - raft.server.log.appender.buffer.byte-limit = 33554432 (custom)
2019-11-15 13:32:38,792 [0c284f5c-3293-4d46-b1a3-f8415c29b0db@group-320B161F224E-LeaderElection9] INFO  server.RaftServerConfigKeys (ConfUtils.java:logGet(43)) - raft.server.log.appender.buffer.element-limit = 1 (custom)
2019-11-15 13:32:38,792 [0c284f5c-3293-4d46-b1a3-f8415c29b0db@group-320B161F224E-LeaderElection9] INFO  grpc.GrpcConfigKeys$Server (ConfUtils.java:logGet(43)) - raft.grpc.server.leader.outstanding.appends.max = 128 (default)
2019-11-15 13:32:38,792 [0c284f5c-3293-4d46-b1a3-f8415c29b0db@group-320B161F224E-LeaderElection9] INFO  server.RaftServerConfigKeys (ConfUtils.java:logGet(43)) - raft.server.rpc.request.timeout = 3000ms (default)
2019-11-15 13:32:38,792 [0c284f5c-3293-4d46-b1a3-f8415c29b0db@group-320B161F224E-LeaderElection9] INFO  server.RaftServerConfigKeys (ConfUtils.java:logGet(43)) - raft.server.log.appender.install.snapshot.enabled = false (custom)
2019-11-15 13:32:38,792 [0c284f5c-3293-4d46-b1a3-f8415c29b0db@group-320B161F224E-LeaderElection9] INFO  impl.RoleInfo (RoleInfo.java:updateAndGet(143)) - 0c284f5c-3293-4d46-b1a3-f8415c29b0db: start LeaderState
2019-11-15 13:32:38,793 [0c284f5c-3293-4d46-b1a3-f8415c29b0db@group-320B161F224E-LeaderElection9] INFO  segmented.SegmentedRaftLogWorker (SegmentedRaftLogWorker.java:startLogSegment(385)) - 0c284f5c-3293-4d46-b1a3-f8415c29b0db@group-320B161F224E-SegmentedRaftLogWorker: Starting segment from index:0
2019-11-15 13:32:38,794 [0c284f5c-3293-4d46-b1a3-f8415c29b0db@group-320B161F224E-LeaderElection9] INFO  impl.RaftServerImpl (ServerState.java:setRaftConf(356)) - 0c284f5c-3293-4d46-b1a3-f8415c29b0db@group-320B161F224E: set configuration 0: [647a87d1-7e8f-495e-97a0-d3fbbd373dc7:192.168.157.228:33865, a24402c8-4554-4104-a5a4-d8d6d3f720e5:192.168.157.228:36053, 0c284f5c-3293-4d46-b1a3-f8415c29b0db:192.168.157.228:42442], old=null at 0
2019-11-15 13:32:38,822 [grpc-default-executor-4] INFO  ratis.XceiverServerRatis (XceiverServerRatis.java:handleLeaderChangedNotification(733)) - Leader change notification received for group: group-320B161F224E with new leaderId: 0c284f5c-3293-4d46-b1a3-f8415c29b0db
2019-11-15 13:32:38,822 [grpc-default-executor-5] INFO  ratis.XceiverServerRatis (XceiverServerRatis.java:handleLeaderChangedNotification(733)) - Leader change notification received for group: group-320B161F224E with new leaderId: 0c284f5c-3293-4d46-b1a3-f8415c29b0db
2019-11-15 13:32:38,823 [grpc-default-executor-4] INFO  impl.RaftServerImpl (ServerState.java:setLeader(255)) - 647a87d1-7e8f-495e-97a0-d3fbbd373dc7@group-320B161F224E: change Leader from null to 0c284f5c-3293-4d46-b1a3-f8415c29b0db at term 1 for appendEntries, leader elected after 5185ms
2019-11-15 13:32:38,823 [grpc-default-executor-5] INFO  impl.RaftServerImpl (ServerState.java:setLeader(255)) - a24402c8-4554-4104-a5a4-d8d6d3f720e5@group-320B161F224E: change Leader from null to 0c284f5c-3293-4d46-b1a3-f8415c29b0db at term 1 for appendEntries, leader elected after 5186ms
2019-11-15 13:32:38,827 [grpc-default-executor-5] INFO  impl.RaftServerImpl (ServerState.java:setRaftConf(356)) - 647a87d1-7e8f-495e-97a0-d3fbbd373dc7@group-320B161F224E: set configuration 0: [647a87d1-7e8f-495e-97a0-d3fbbd373dc7:192.168.157.228:33865, a24402c8-4554-4104-a5a4-d8d6d3f720e5:192.168.157.228:36053, 0c284f5c-3293-4d46-b1a3-f8415c29b0db:192.168.157.228:42442], old=null at 0
2019-11-15 13:32:38,827 [grpc-default-executor-5] INFO  segmented.SegmentedRaftLogWorker (SegmentedRaftLogWorker.java:startLogSegment(385)) - 647a87d1-7e8f-495e-97a0-d3fbbd373dc7@group-320B161F224E-SegmentedRaftLogWorker: Starting segment from index:0
2019-11-15 13:32:38,828 [grpc-default-executor-4] INFO  impl.RaftServerImpl (ServerState.java:setRaftConf(356)) - a24402c8-4554-4104-a5a4-d8d6d3f720e5@group-320B161F224E: set configuration 0: [647a87d1-7e8f-495e-97a0-d3fbbd373dc7:192.168.157.228:33865, a24402c8-4554-4104-a5a4-d8d6d3f720e5:192.168.157.228:36053, 0c284f5c-3293-4d46-b1a3-f8415c29b0db:192.168.157.228:42442], old=null at 0
2019-11-15 13:32:38,828 [grpc-default-executor-4] INFO  segmented.SegmentedRaftLogWorker (SegmentedRaftLogWorker.java:startLogSegment(385)) - a24402c8-4554-4104-a5a4-d8d6d3f720e5@group-320B161F224E-SegmentedRaftLogWorker: Starting segment from index:0
2019-11-15 13:32:38,867 [0c284f5c-3293-4d46-b1a3-f8415c29b0db@group-320B161F224E-SegmentedRaftLogWorker] INFO  segmented.SegmentedRaftLogWorker (SegmentedRaftLogWorker.java:execute(576)) - 0c284f5c-3293-4d46-b1a3-f8415c29b0db@group-320B161F224E-SegmentedRaftLogWorker: created new log segment /workdir/hadoop-ozone/tools/target/test-dir/MiniOzoneClusterImpl-9f2fb995-f7ac-4156-8962-4c0588925236/datanode-0/data/ratis/db737d8f-255b-4ef1-b392-320b161f224e/current/log_inprogress_0
2019-11-15 13:32:38,904 [647a87d1-7e8f-495e-97a0-d3fbbd373dc7@group-320B161F224E-SegmentedRaftLogWorker] INFO  segmented.SegmentedRaftLogWorker (SegmentedRaftLogWorker.java:execute(576)) - 647a87d1-7e8f-495e-97a0-d3fbbd373dc7@group-320B161F224E-SegmentedRaftLogWorker: created new log segment /workdir/hadoop-ozone/tools/target/test-dir/MiniOzoneClusterImpl-9f2fb995-f7ac-4156-8962-4c0588925236/datanode-1/data/ratis/db737d8f-255b-4ef1-b392-320b161f224e/current/log_inprogress_0
2019-11-15 13:32:38,907 [a24402c8-4554-4104-a5a4-d8d6d3f720e5@group-320B161F224E-SegmentedRaftLogWorker] INFO  segmented.SegmentedRaftLogWorker (SegmentedRaftLogWorker.java:execute(576)) - a24402c8-4554-4104-a5a4-d8d6d3f720e5@group-320B161F224E-SegmentedRaftLogWorker: created new log segment /workdir/hadoop-ozone/tools/target/test-dir/MiniOzoneClusterImpl-9f2fb995-f7ac-4156-8962-4c0588925236/datanode-2/data/ratis/db737d8f-255b-4ef1-b392-320b161f224e/current/log_inprogress_0
]]></system-out>
    <system-err><![CDATA[ERROR StatusLogger No Log4j 2 configuration file found. Using default configuration (logging only errors to the console), or user programmatically provided configurations. Set system property 'log4j2.debug' to show Log4j 2 internal initialization logging. See https://logging.apache.org/log4j/2.x/manual/configuration.html for instructions on how to configure Log4j 2
]]></system-err>
  </testcase>
</testsuite>