<?xml version="1.0" encoding="UTF-8"?>
<testsuite xmlns:xsi="http://www.w3.org/2001/XMLSchema-instance" xsi:noNamespaceSchemaLocation="https://maven.apache.org/surefire/maven-surefire-plugin/xsd/surefire-test-report.xsd" name="org.apache.hadoop.ozone.freon.TestFreonWithPipelineDestroy" time="58.219" tests="1" errors="1" skipped="0" failures="0">
  <properties>
    <property name="awt.toolkit" value="sun.awt.X11.XToolkit"/>
    <property name="file.encoding.pkg" value="sun.io"/>
    <property name="java.specification.version" value="1.8"/>
    <property name="sun.cpu.isalist" value=""/>
    <property name="sun.jnu.encoding" value="ANSI_X3.4-1968"/>
    <property name="java.class.path" value="/workdir/hadoop-ozone/tools/target/test-classes:/workdir/hadoop-ozone/tools/target/classes:/home/user/.m2/repository/org/apache/hadoop/hadoop-ozone-ozone-manager/0.5.0-SNAPSHOT/hadoop-ozone-ozone-manager-0.5.0-SNAPSHOT.jar:/home/user/.m2/repository/org/apache/hadoop/hadoop-hdds-docs/0.5.0-SNAPSHOT/hadoop-hdds-docs-0.5.0-SNAPSHOT.jar:/home/user/.m2/repository/org/bouncycastle/bcprov-jdk15on/1.60/bcprov-jdk15on-1.60.jar:/home/user/.m2/repository/org/apache/hadoop/hadoop-ozone-common/0.5.0-SNAPSHOT/hadoop-ozone-common-0.5.0-SNAPSHOT.jar:/home/user/.m2/repository/org/apache/commons/commons-compress/1.4.1/commons-compress-1.4.1.jar:/home/user/.m2/repository/org/tukaani/xz/1.0/xz-1.0.jar:/home/user/.m2/repository/org/apache/hadoop/hadoop-hdfs-client/3.2.0/hadoop-hdfs-client-3.2.0.jar:/home/user/.m2/repository/com/fasterxml/jackson/core/jackson-annotations/2.9.9/jackson-annotations-2.9.9.jar:/home/user/.m2/repository/org/apache/hadoop/hadoop-hdds-common/0.5.0-SNAPSHOT/hadoop-hdds-common-0.5.0-SNAPSHOT.jar:/home/user/.m2/repository/org/apache/hadoop/hadoop-hdds-config/0.5.0-SNAPSHOT/hadoop-hdds-config-0.5.0-SNAPSHOT.jar:/home/user/.m2/repository/javax/annotation/javax.annotation-api/1.2/javax.annotation-api-1.2.jar:/home/user/.m2/repository/org/apache/ratis/ratis-server/0.5.0-d6d58d0-SNAPSHOT/ratis-server-0.5.0-d6d58d0-SNAPSHOT.jar:/home/user/.m2/repository/org/apache/ratis/ratis-thirdparty-misc/0.2.0/ratis-thirdparty-misc-0.2.0.jar:/home/user/.m2/repository/org/apache/ratis/ratis-proto/0.5.0-d6d58d0-SNAPSHOT/ratis-proto-0.5.0-d6d58d0-SNAPSHOT.jar:/home/user/.m2/repository/org/apache/ratis/ratis-common/0.5.0-d6d58d0-SNAPSHOT/ratis-common-0.5.0-d6d58d0-SNAPSHOT.jar:/home/user/.m2/repository/org/apache/ratis/ratis-client/0.5.0-d6d58d0-SNAPSHOT/ratis-client-0.5.0-d6d58d0-SNAPSHOT.jar:/home/user/.m2/repository/org/apache/ratis/ratis-metrics/0.5.0-d6d58d0-SNAPSHOT/ratis-metrics-0.5.0-d6d58d0-SNAPSHOT.jar:/home/user/.m2/repository/org/apache/ratis/ratis-netty/0.5.0-d6d58d0-SNAPSHOT/ratis-netty-0.5.0-d6d58d0-SNAPSHOT.jar:/home/user/.m2/repository/org/apache/ratis/ratis-grpc/0.5.0-d6d58d0-SNAPSHOT/ratis-grpc-0.5.0-d6d58d0-SNAPSHOT.jar:/home/user/.m2/repository/org/rocksdb/rocksdbjni/6.0.1/rocksdbjni-6.0.1.jar:/home/user/.m2/repository/org/apache/logging/log4j/log4j-api/2.11.0/log4j-api-2.11.0.jar:/home/user/.m2/repository/org/apache/logging/log4j/log4j-core/2.11.0/log4j-core-2.11.0.jar:/home/user/.m2/repository/com/lmax/disruptor/3.4.2/disruptor-3.4.2.jar:/home/user/.m2/repository/org/apache/commons/commons-pool2/2.6.0/commons-pool2-2.6.0.jar:/home/user/.m2/repository/org/bouncycastle/bcpkix-jdk15on/1.60/bcpkix-jdk15on-1.60.jar:/home/user/.m2/repository/commons-validator/commons-validator/1.6/commons-validator-1.6.jar:/home/user/.m2/repository/commons-digester/commons-digester/1.8.1/commons-digester-1.8.1.jar:/home/user/.m2/repository/io/jaegertracing/jaeger-client/0.34.0/jaeger-client-0.34.0.jar:/home/user/.m2/repository/io/jaegertracing/jaeger-thrift/0.34.0/jaeger-thrift-0.34.0.jar:/home/user/.m2/repository/org/apache/thrift/libthrift/0.12.0/libthrift-0.12.0.jar:/home/user/.m2/repository/com/squareup/okhttp3/okhttp/3.9.0/okhttp-3.9.0.jar:/home/user/.m2/repository/com/squareup/okio/okio/1.13.0/okio-1.13.0.jar:/home/user/.m2/repository/io/jaegertracing/jaeger-core/0.34.0/jaeger-core-0.34.0.jar:/home/user/.m2/repository/io/jaegertracing/jaeger-tracerresolver/0.34.0/jaeger-tracerresolver-0.34.0.jar:/home/user/.m2/repository/io/opentracing/contrib/opentracing-tracerresolver/0.1.5/opentracing-tracerresolver-0.1.5.jar:/home/user/.m2/repository/io/opentracing/opentracing-util/0.31.0/opentracing-util-0.31.0.jar:/home/user/.m2/repository/io/opentracing/opentracing-api/0.31.0/opentracing-api-0.31.0.jar:/home/user/.m2/repository/io/opentracing/opentracing-noop/0.31.0/opentracing-noop-0.31.0.jar:/home/user/.m2/repository/org/yaml/snakeyaml/1.16/snakeyaml-1.16.jar:/home/user/.m2/repository/org/apache/hadoop/hadoop-hdds-container-service/0.5.0-SNAPSHOT/hadoop-hdds-container-service-0.5.0-SNAPSHOT.jar:/home/user/.m2/repository/org/apache/hadoop/hadoop-hdds-client/0.5.0-SNAPSHOT/hadoop-hdds-client-0.5.0-SNAPSHOT.jar:/home/user/.m2/repository/org/apache/hadoop/hadoop-hdds-tools/0.5.0-SNAPSHOT/hadoop-hdds-tools-0.5.0-SNAPSHOT.jar:/home/user/.m2/repository/org/xerial/sqlite-jdbc/3.25.2/sqlite-jdbc-3.25.2.jar:/home/user/.m2/repository/org/apache/hadoop/hadoop-hdds-server-scm/0.5.0-SNAPSHOT/hadoop-hdds-server-scm-0.5.0-SNAPSHOT.jar:/home/user/.m2/repository/org/hamcrest/hamcrest-all/1.3/hamcrest-all-1.3.jar:/home/user/.m2/repository/info/picocli/picocli/3.9.6/picocli-3.9.6.jar:/home/user/.m2/repository/com/google/protobuf/protobuf-java/2.5.0/protobuf-java-2.5.0.jar:/home/user/.m2/repository/com/google/guava/guava/11.0.2/guava-11.0.2.jar:/home/user/.m2/repository/org/apache/hadoop/hadoop-ozone-client/0.5.0-SNAPSHOT/hadoop-ozone-client-0.5.0-SNAPSHOT.jar:/workdir/hadoop-ozone/ozonefs/target/classes:/home/user/.m2/repository/org/apache/httpcomponents/httpclient/4.5.2/httpclient-4.5.2.jar:/home/user/.m2/repository/org/apache/httpcomponents/httpcore/4.4.4/httpcore-4.4.4.jar:/home/user/.m2/repository/org/apache/hadoop/hadoop-hdds-server-framework/0.5.0-SNAPSHOT/hadoop-hdds-server-framework-0.5.0-SNAPSHOT.jar:/home/user/.m2/repository/org/apache/hadoop/hadoop-common/3.2.0/hadoop-common-3.2.0.jar:/home/user/.m2/repository/org/apache/hadoop/hadoop-annotations/3.2.0/hadoop-annotations-3.2.0.jar:/usr/lib/jvm/java-1.8.0-openjdk-1.8.0.222.b10-1.el7_7.x86_64/jre/../lib/tools.jar:/home/user/.m2/repository/commons-cli/commons-cli/1.2/commons-cli-1.2.jar:/home/user/.m2/repository/org/apache/commons/commons-math3/3.1.1/commons-math3-3.1.1.jar:/home/user/.m2/repository/commons-codec/commons-codec/1.11/commons-codec-1.11.jar:/home/user/.m2/repository/commons-io/commons-io/2.5/commons-io-2.5.jar:/home/user/.m2/repository/commons-net/commons-net/3.6/commons-net-3.6.jar:/home/user/.m2/repository/commons-collections/commons-collections/3.2.2/commons-collections-3.2.2.jar:/home/user/.m2/repository/javax/servlet/javax.servlet-api/3.1.0/javax.servlet-api-3.1.0.jar:/home/user/.m2/repository/org/eclipse/jetty/jetty-server/9.3.25.v20180904/jetty-server-9.3.25.v20180904.jar:/home/user/.m2/repository/org/eclipse/jetty/jetty-http/9.3.25.v20180904/jetty-http-9.3.25.v20180904.jar:/home/user/.m2/repository/org/eclipse/jetty/jetty-io/9.3.25.v20180904/jetty-io-9.3.25.v20180904.jar:/home/user/.m2/repository/org/eclipse/jetty/jetty-util/9.3.25.v20180904/jetty-util-9.3.25.v20180904.jar:/home/user/.m2/repository/org/eclipse/jetty/jetty-servlet/9.3.25.v20180904/jetty-servlet-9.3.25.v20180904.jar:/home/user/.m2/repository/org/eclipse/jetty/jetty-security/9.3.25.v20180904/jetty-security-9.3.25.v20180904.jar:/home/user/.m2/repository/org/eclipse/jetty/jetty-webapp/9.3.25.v20180904/jetty-webapp-9.3.25.v20180904.jar:/home/user/.m2/repository/org/eclipse/jetty/jetty-xml/9.3.25.v20180904/jetty-xml-9.3.25.v20180904.jar:/home/user/.m2/repository/javax/servlet/jsp/jsp-api/2.1/jsp-api-2.1.jar:/home/user/.m2/repository/com/sun/jersey/jersey-core/1.19/jersey-core-1.19.jar:/home/user/.m2/repository/javax/ws/rs/jsr311-api/1.1.1/jsr311-api-1.1.1.jar:/home/user/.m2/repository/com/sun/jersey/jersey-servlet/1.19/jersey-servlet-1.19.jar:/home/user/.m2/repository/com/sun/jersey/jersey-json/1.19/jersey-json-1.19.jar:/home/user/.m2/repository/org/codehaus/jettison/jettison/1.1/jettison-1.1.jar:/home/user/.m2/repository/com/sun/xml/bind/jaxb-impl/2.3.0.1/jaxb-impl-2.3.0.1.jar:/home/user/.m2/repository/org/codehaus/jackson/jackson-core-asl/1.9.13/jackson-core-asl-1.9.13.jar:/home/user/.m2/repository/org/codehaus/jackson/jackson-mapper-asl/1.9.13/jackson-mapper-asl-1.9.13.jar:/home/user/.m2/repository/org/codehaus/jackson/jackson-jaxrs/1.9.13/jackson-jaxrs-1.9.13.jar:/home/user/.m2/repository/org/codehaus/jackson/jackson-xc/1.9.13/jackson-xc-1.9.13.jar:/home/user/.m2/repository/com/sun/jersey/jersey-server/1.19/jersey-server-1.19.jar:/home/user/.m2/repository/commons-logging/commons-logging/1.1.3/commons-logging-1.1.3.jar:/home/user/.m2/repository/log4j/log4j/1.2.17/log4j-1.2.17.jar:/home/user/.m2/repository/commons-beanutils/commons-beanutils/1.9.4/commons-beanutils-1.9.4.jar:/home/user/.m2/repository/org/apache/commons/commons-configuration2/2.1.1/commons-configuration2-2.1.1.jar:/home/user/.m2/repository/org/apache/commons/commons-lang3/3.7/commons-lang3-3.7.jar:/home/user/.m2/repository/org/apache/commons/commons-text/1.4/commons-text-1.4.jar:/home/user/.m2/repository/org/slf4j/slf4j-api/1.7.25/slf4j-api-1.7.25.jar:/home/user/.m2/repository/org/slf4j/slf4j-log4j12/1.7.25/slf4j-log4j12-1.7.25.jar:/home/user/.m2/repository/org/apache/avro/avro/1.7.7/avro-1.7.7.jar:/home/user/.m2/repository/com/thoughtworks/paranamer/paranamer/2.3/paranamer-2.3.jar:/home/user/.m2/repository/org/xerial/snappy/snappy-java/1.0.5/snappy-java-1.0.5.jar:/home/user/.m2/repository/com/google/re2j/re2j/1.1/re2j-1.1.jar:/home/user/.m2/repository/com/google/code/gson/gson/2.2.4/gson-2.2.4.jar:/home/user/.m2/repository/org/apache/hadoop/hadoop-auth/3.2.0/hadoop-auth-3.2.0.jar:/home/user/.m2/repository/com/nimbusds/nimbus-jose-jwt/4.41.1/nimbus-jose-jwt-4.41.1.jar:/home/user/.m2/repository/com/github/stephenc/jcip/jcip-annotations/1.0-1/jcip-annotations-1.0-1.jar:/home/user/.m2/repository/net/minidev/json-smart/2.3/json-smart-2.3.jar:/home/user/.m2/repository/net/minidev/accessors-smart/1.2/accessors-smart-1.2.jar:/home/user/.m2/repository/org/apache/curator/curator-framework/2.12.0/curator-framework-2.12.0.jar:/home/user/.m2/repository/com/jcraft/jsch/0.1.54/jsch-0.1.54.jar:/home/user/.m2/repository/org/apache/curator/curator-client/2.12.0/curator-client-2.12.0.jar:/home/user/.m2/repository/org/apache/curator/curator-recipes/2.12.0/curator-recipes-2.12.0.jar:/home/user/.m2/repository/com/google/code/findbugs/jsr305/3.0.0/jsr305-3.0.0.jar:/home/user/.m2/repository/org/apache/htrace/htrace-core4/4.1.0-incubating/htrace-core4-4.1.0-incubating.jar:/home/user/.m2/repository/org/apache/zookeeper/zookeeper/3.4.13/zookeeper-3.4.13.jar:/home/user/.m2/repository/jline/jline/0.9.94/jline-0.9.94.jar:/home/user/.m2/repository/org/apache/yetus/audience-annotations/0.5.0/audience-annotations-0.5.0.jar:/home/user/.m2/repository/org/apache/kerby/kerb-simplekdc/1.0.1/kerb-simplekdc-1.0.1.jar:/home/user/.m2/repository/org/apache/kerby/kerb-client/1.0.1/kerb-client-1.0.1.jar:/home/user/.m2/repository/org/apache/kerby/kerby-config/1.0.1/kerby-config-1.0.1.jar:/home/user/.m2/repository/org/apache/kerby/kerb-core/1.0.1/kerb-core-1.0.1.jar:/home/user/.m2/repository/org/apache/kerby/kerby-pkix/1.0.1/kerby-pkix-1.0.1.jar:/home/user/.m2/repository/org/apache/kerby/kerby-asn1/1.0.1/kerby-asn1-1.0.1.jar:/home/user/.m2/repository/org/apache/kerby/kerby-util/1.0.1/kerby-util-1.0.1.jar:/home/user/.m2/repository/org/apache/kerby/kerb-common/1.0.1/kerb-common-1.0.1.jar:/home/user/.m2/repository/org/apache/kerby/kerb-crypto/1.0.1/kerb-crypto-1.0.1.jar:/home/user/.m2/repository/org/apache/kerby/kerb-util/1.0.1/kerb-util-1.0.1.jar:/home/user/.m2/repository/org/apache/kerby/token-provider/1.0.1/token-provider-1.0.1.jar:/home/user/.m2/repository/org/apache/kerby/kerb-admin/1.0.1/kerb-admin-1.0.1.jar:/home/user/.m2/repository/org/apache/kerby/kerb-server/1.0.1/kerb-server-1.0.1.jar:/home/user/.m2/repository/org/apache/kerby/kerb-identity/1.0.1/kerb-identity-1.0.1.jar:/home/user/.m2/repository/org/apache/kerby/kerby-xdr/1.0.1/kerby-xdr-1.0.1.jar:/home/user/.m2/repository/com/fasterxml/jackson/core/jackson-databind/2.9.9/jackson-databind-2.9.9.jar:/home/user/.m2/repository/com/fasterxml/jackson/core/jackson-core/2.9.9/jackson-core-2.9.9.jar:/home/user/.m2/repository/org/codehaus/woodstox/stax2-api/3.1.4/stax2-api-3.1.4.jar:/home/user/.m2/repository/com/fasterxml/woodstox/woodstox-core/5.0.3/woodstox-core-5.0.3.jar:/home/user/.m2/repository/dnsjava/dnsjava/2.1.7/dnsjava-2.1.7.jar:/home/user/.m2/repository/org/apache/hadoop/hadoop-hdfs/3.2.0/hadoop-hdfs-3.2.0.jar:/home/user/.m2/repository/org/eclipse/jetty/jetty-util-ajax/9.3.25.v20180904/jetty-util-ajax-9.3.25.v20180904.jar:/home/user/.m2/repository/commons-daemon/commons-daemon/1.0.13/commons-daemon-1.0.13.jar:/home/user/.m2/repository/io/netty/netty/3.10.5.Final/netty-3.10.5.Final.jar:/home/user/.m2/repository/io/netty/netty-all/4.0.52.Final/netty-all-4.0.52.Final.jar:/home/user/.m2/repository/org/fusesource/leveldbjni/leveldbjni-all/1.8/leveldbjni-all-1.8.jar:/home/user/.m2/repository/com/sun/xml/bind/jaxb-core/2.3.0.1/jaxb-core-2.3.0.1.jar:/home/user/.m2/repository/javax/xml/bind/jaxb-api/2.3.0/jaxb-api-2.3.0.jar:/home/user/.m2/repository/javax/activation/activation/1.1.1/activation-1.1.1.jar:/home/user/.m2/repository/org/openjdk/jmh/jmh-core/1.19/jmh-core-1.19.jar:/home/user/.m2/repository/net/sf/jopt-simple/jopt-simple/4.6/jopt-simple-4.6.jar:/home/user/.m2/repository/org/openjdk/jmh/jmh-generator-annprocess/1.19/jmh-generator-annprocess-1.19.jar:/home/user/.m2/repository/io/dropwizard/metrics/metrics-core/3.2.4/metrics-core-3.2.4.jar:/home/user/.m2/repository/com/amazonaws/aws-java-sdk-s3/1.11.615/aws-java-sdk-s3-1.11.615.jar:/home/user/.m2/repository/com/amazonaws/aws-java-sdk-kms/1.11.615/aws-java-sdk-kms-1.11.615.jar:/home/user/.m2/repository/com/amazonaws/aws-java-sdk-core/1.11.615/aws-java-sdk-core-1.11.615.jar:/home/user/.m2/repository/software/amazon/ion/ion-java/1.0.2/ion-java-1.0.2.jar:/home/user/.m2/repository/com/fasterxml/jackson/dataformat/jackson-dataformat-cbor/2.9.9/jackson-dataformat-cbor-2.9.9.jar:/home/user/.m2/repository/joda-time/joda-time/2.9.9/joda-time-2.9.9.jar:/home/user/.m2/repository/com/amazonaws/jmespath-java/1.11.615/jmespath-java-1.11.615.jar:/home/user/.m2/repository/com/github/spotbugs/spotbugs/3.1.12/spotbugs-3.1.12.jar:/home/user/.m2/repository/org/ow2/asm/asm/5.0.4/asm-5.0.4.jar:/home/user/.m2/repository/org/ow2/asm/asm-analysis/7.0/asm-analysis-7.0.jar:/home/user/.m2/repository/org/ow2/asm/asm-commons/7.0/asm-commons-7.0.jar:/home/user/.m2/repository/org/ow2/asm/asm-tree/7.0/asm-tree-7.0.jar:/home/user/.m2/repository/org/ow2/asm/asm-util/7.0/asm-util-7.0.jar:/home/user/.m2/repository/org/apache/bcel/bcel/6.3/bcel-6.3.jar:/home/user/.m2/repository/net/jcip/jcip-annotations/1.0/jcip-annotations-1.0.jar:/home/user/.m2/repository/org/dom4j/dom4j/2.1.1/dom4j-2.1.1.jar:/home/user/.m2/repository/jaxen/jaxen/1.1.6/jaxen-1.1.6.jar:/home/user/.m2/repository/commons-lang/commons-lang/2.6/commons-lang-2.6.jar:/home/user/.m2/repository/com/github/spotbugs/spotbugs-annotations/3.1.12/spotbugs-annotations-3.1.12.jar:/home/user/.m2/repository/junit/junit/4.11/junit-4.11.jar:/home/user/.m2/repository/org/hamcrest/hamcrest-core/1.3/hamcrest-core-1.3.jar:/home/user/.m2/repository/org/apache/hadoop/hadoop-common/3.2.0/hadoop-common-3.2.0-tests.jar:/workdir/hadoop-ozone/integration-test/target/test-classes:/home/user/.m2/repository/org/apache/hadoop/hadoop-ozone-s3gateway/0.5.0-SNAPSHOT/hadoop-ozone-s3gateway-0.5.0-SNAPSHOT.jar:/home/user/.m2/repository/org/jboss/weld/servlet/weld-servlet/2.4.7.Final/weld-servlet-2.4.7.Final.jar:/home/user/.m2/repository/org/glassfish/jersey/containers/jersey-container-servlet-core/2.27/jersey-container-servlet-core-2.27.jar:/home/user/.m2/repository/org/glassfish/hk2/external/javax.inject/2.5.0-b42/javax.inject-2.5.0-b42.jar:/home/user/.m2/repository/org/glassfish/jersey/core/jersey-common/2.27/jersey-common-2.27.jar:/home/user/.m2/repository/org/glassfish/hk2/osgi-resource-locator/1.0.1/osgi-resource-locator-1.0.1.jar:/home/user/.m2/repository/javax/ws/rs/javax.ws.rs-api/2.1/javax.ws.rs-api-2.1.jar:/home/user/.m2/repository/org/glassfish/jersey/ext/cdi/jersey-cdi1x/2.27/jersey-cdi1x-2.27.jar:/home/user/.m2/repository/org/glassfish/jersey/inject/jersey-hk2/2.27/jersey-hk2-2.27.jar:/home/user/.m2/repository/org/glassfish/hk2/hk2-locator/2.5.0-b42/hk2-locator-2.5.0-b42.jar:/home/user/.m2/repository/org/javassist/javassist/3.22.0-CR2/javassist-3.22.0-CR2.jar:/home/user/.m2/repository/org/glassfish/hk2/hk2-api/2.5.0/hk2-api-2.5.0.jar:/home/user/.m2/repository/org/glassfish/hk2/external/jakarta.inject/2.5.0/jakarta.inject-2.5.0.jar:/home/user/.m2/repository/org/glassfish/hk2/hk2-utils/2.5.0/hk2-utils-2.5.0.jar:/home/user/.m2/repository/jakarta/annotation/jakarta.annotation-api/1.3.4/jakarta.annotation-api-1.3.4.jar:/home/user/.m2/repository/org/glassfish/hk2/external/aopalliance-repackaged/2.5.0/aopalliance-repackaged-2.5.0.jar:/home/user/.m2/repository/com/fasterxml/jackson/dataformat/jackson-dataformat-xml/2.9.0/jackson-dataformat-xml-2.9.0.jar:/home/user/.m2/repository/com/fasterxml/jackson/module/jackson-module-jaxb-annotations/2.9.9/jackson-module-jaxb-annotations-2.9.9.jar:/home/user/.m2/repository/javax/enterprise/cdi-api/1.2/cdi-api-1.2.jar:/home/user/.m2/repository/javax/el/javax.el-api/3.0.0/javax.el-api-3.0.0.jar:/home/user/.m2/repository/javax/interceptor/javax.interceptor-api/1.2/javax.interceptor-api-1.2.jar:/home/user/.m2/repository/javax/inject/javax.inject/1/javax.inject-1.jar:/home/user/.m2/repository/org/apache/hadoop/hadoop-ozone-csi/0.5.0-SNAPSHOT/hadoop-ozone-csi-0.5.0-SNAPSHOT.jar:/home/user/.m2/repository/com/google/protobuf/protobuf-java-util/3.5.1/protobuf-java-util-3.5.1.jar:/home/user/.m2/repository/io/grpc/grpc-netty/1.17.1/grpc-netty-1.17.1.jar:/home/user/.m2/repository/io/grpc/grpc-core/1.17.1/grpc-core-1.17.1.jar:/home/user/.m2/repository/io/grpc/grpc-context/1.17.1/grpc-context-1.17.1.jar:/home/user/.m2/repository/com/google/errorprone/error_prone_annotations/2.2.0/error_prone_annotations-2.2.0.jar:/home/user/.m2/repository/org/codehaus/mojo/animal-sniffer-annotations/1.17/animal-sniffer-annotations-1.17.jar:/home/user/.m2/repository/io/opencensus/opencensus-api/0.17.0/opencensus-api-0.17.0.jar:/home/user/.m2/repository/io/opencensus/opencensus-contrib-grpc-metrics/0.17.0/opencensus-contrib-grpc-metrics-0.17.0.jar:/home/user/.m2/repository/io/netty/netty-codec-http2/4.1.30.Final/netty-codec-http2-4.1.30.Final.jar:/home/user/.m2/repository/io/netty/netty-codec-http/4.1.30.Final/netty-codec-http-4.1.30.Final.jar:/home/user/.m2/repository/io/netty/netty-codec/4.1.30.Final/netty-codec-4.1.30.Final.jar:/home/user/.m2/repository/io/netty/netty-handler/4.1.30.Final/netty-handler-4.1.30.Final.jar:/home/user/.m2/repository/io/netty/netty-handler-proxy/4.1.30.Final/netty-handler-proxy-4.1.30.Final.jar:/home/user/.m2/repository/io/netty/netty-codec-socks/4.1.30.Final/netty-codec-socks-4.1.30.Final.jar:/home/user/.m2/repository/io/netty/netty-transport-native-epoll/4.1.30.Final/netty-transport-native-epoll-4.1.30.Final.jar:/home/user/.m2/repository/io/netty/netty-common/4.1.30.Final/netty-common-4.1.30.Final.jar:/home/user/.m2/repository/io/netty/netty-buffer/4.1.30.Final/netty-buffer-4.1.30.Final.jar:/home/user/.m2/repository/io/netty/netty-transport/4.1.30.Final/netty-transport-4.1.30.Final.jar:/home/user/.m2/repository/io/netty/netty-resolver/4.1.30.Final/netty-resolver-4.1.30.Final.jar:/home/user/.m2/repository/io/netty/netty-transport-native-unix-common/4.1.30.Final/netty-transport-native-unix-common-4.1.30.Final.jar:/home/user/.m2/repository/io/grpc/grpc-protobuf/1.17.1/grpc-protobuf-1.17.1.jar:/home/user/.m2/repository/com/google/api/grpc/proto-google-common-protos/1.0.0/proto-google-common-protos-1.0.0.jar:/home/user/.m2/repository/io/grpc/grpc-protobuf-lite/1.17.1/grpc-protobuf-lite-1.17.1.jar:/home/user/.m2/repository/io/grpc/grpc-stub/1.17.1/grpc-stub-1.17.1.jar:/home/user/.m2/repository/org/apache/hadoop/hadoop-ozone-recon/0.5.0-SNAPSHOT/hadoop-ozone-recon-0.5.0-SNAPSHOT.jar:/home/user/.m2/repository/org/apache/hadoop/hadoop-ozone-reconcodegen/0.5.0-SNAPSHOT/hadoop-ozone-reconcodegen-0.5.0-SNAPSHOT.jar:/home/user/.m2/repository/com/google/inject/extensions/guice-multibindings/4.0/guice-multibindings-4.0.jar:/home/user/.m2/repository/com/google/inject/guice/4.0/guice-4.0.jar:/home/user/.m2/repository/aopalliance/aopalliance/1.0/aopalliance-1.0.jar:/home/user/.m2/repository/com/google/inject/extensions/guice-servlet/4.0/guice-servlet-4.0.jar:/home/user/.m2/repository/org/glassfish/jersey/containers/jersey-container-servlet/2.27/jersey-container-servlet-2.27.jar:/home/user/.m2/repository/org/glassfish/hk2/guice-bridge/2.5.0/guice-bridge-2.5.0.jar:/home/user/.m2/repository/org/glassfish/jersey/core/jersey-server/2.27/jersey-server-2.27.jar:/home/user/.m2/repository/org/glassfish/jersey/core/jersey-client/2.27/jersey-client-2.27.jar:/home/user/.m2/repository/org/glassfish/jersey/media/jersey-media-jaxb/2.27/jersey-media-jaxb-2.27.jar:/home/user/.m2/repository/javax/validation/validation-api/1.1.0.Final/validation-api-1.1.0.Final.jar:/home/user/.m2/repository/org/glassfish/jersey/media/jersey-media-json-jackson/2.27/jersey-media-json-jackson-2.27.jar:/home/user/.m2/repository/org/glassfish/jersey/ext/jersey-entity-filtering/2.27/jersey-entity-filtering-2.27.jar:/home/user/.m2/repository/com/google/inject/extensions/guice-assistedinject/4.0/guice-assistedinject-4.0.jar:/home/user/.m2/repository/org/jooq/jooq/3.11.10/jooq-3.11.10.jar:/home/user/.m2/repository/org/jooq/jooq-meta/3.11.10/jooq-meta-3.11.10.jar:/home/user/.m2/repository/org/jooq/jooq-codegen/3.11.10/jooq-codegen-3.11.10.jar:/home/user/.m2/repository/com/jolbox/bonecp/0.8.0.RELEASE/bonecp-0.8.0.RELEASE.jar:/home/user/.m2/repository/org/springframework/spring-jdbc/5.1.3.RELEASE/spring-jdbc-5.1.3.RELEASE.jar:/home/user/.m2/repository/org/springframework/spring-beans/5.1.3.RELEASE/spring-beans-5.1.3.RELEASE.jar:/home/user/.m2/repository/org/springframework/spring-core/5.1.3.RELEASE/spring-core-5.1.3.RELEASE.jar:/home/user/.m2/repository/org/springframework/spring-jcl/5.1.3.RELEASE/spring-jcl-5.1.3.RELEASE.jar:/home/user/.m2/repository/org/springframework/spring-tx/5.1.3.RELEASE/spring-tx-5.1.3.RELEASE.jar:/home/user/.m2/repository/org/mockito/mockito-core/2.15.0/mockito-core-2.15.0.jar:/home/user/.m2/repository/net/bytebuddy/byte-buddy/1.7.9/byte-buddy-1.7.9.jar:/home/user/.m2/repository/net/bytebuddy/byte-buddy-agent/1.7.9/byte-buddy-agent-1.7.9.jar:/home/user/.m2/repository/org/objenesis/objenesis/1.0/objenesis-1.0.jar:"/>
    <property name="java.vm.vendor" value="Oracle Corporation"/>
    <property name="sun.arch.data.model" value="64"/>
    <property name="test.build.dir" value="/workdir/hadoop-ozone/tools/target/test-dir"/>
    <property name="test.cache.data" value=""/>
    <property name="java.vendor.url" value="http://java.oracle.com/"/>
    <property name="user.timezone" value=""/>
    <property name="java.vm.specification.version" value="1.8"/>
    <property name="os.name" value="Linux"/>
    <property name="test.build.data" value="/workdir/hadoop-ozone/tools/target/test-dir"/>
    <property name="user.country" value="US"/>
    <property name="sun.java.launcher" value="SUN_STANDARD"/>
    <property name="sun.boot.library.path" value="/usr/lib/jvm/java-1.8.0-openjdk-1.8.0.222.b10-1.el7_7.x86_64/jre/lib/amd64"/>
    <property name="sun.java.command" value="/workdir/hadoop-ozone/tools/target/surefire/surefirebooter4633454979015695390.jar /workdir/hadoop-ozone/tools/target/surefire 2019-11-18T16-13-10_260-jvmRun1 surefire1311185647869170764tmp surefire_982220542406268537726tmp"/>
    <property name="surefire.test.class.path" value="/workdir/hadoop-ozone/tools/target/test-classes:/workdir/hadoop-ozone/tools/target/classes:/home/user/.m2/repository/org/apache/hadoop/hadoop-ozone-ozone-manager/0.5.0-SNAPSHOT/hadoop-ozone-ozone-manager-0.5.0-SNAPSHOT.jar:/home/user/.m2/repository/org/apache/hadoop/hadoop-hdds-docs/0.5.0-SNAPSHOT/hadoop-hdds-docs-0.5.0-SNAPSHOT.jar:/home/user/.m2/repository/org/bouncycastle/bcprov-jdk15on/1.60/bcprov-jdk15on-1.60.jar:/home/user/.m2/repository/org/apache/hadoop/hadoop-ozone-common/0.5.0-SNAPSHOT/hadoop-ozone-common-0.5.0-SNAPSHOT.jar:/home/user/.m2/repository/org/apache/commons/commons-compress/1.4.1/commons-compress-1.4.1.jar:/home/user/.m2/repository/org/tukaani/xz/1.0/xz-1.0.jar:/home/user/.m2/repository/org/apache/hadoop/hadoop-hdfs-client/3.2.0/hadoop-hdfs-client-3.2.0.jar:/home/user/.m2/repository/com/fasterxml/jackson/core/jackson-annotations/2.9.9/jackson-annotations-2.9.9.jar:/home/user/.m2/repository/org/apache/hadoop/hadoop-hdds-common/0.5.0-SNAPSHOT/hadoop-hdds-common-0.5.0-SNAPSHOT.jar:/home/user/.m2/repository/org/apache/hadoop/hadoop-hdds-config/0.5.0-SNAPSHOT/hadoop-hdds-config-0.5.0-SNAPSHOT.jar:/home/user/.m2/repository/javax/annotation/javax.annotation-api/1.2/javax.annotation-api-1.2.jar:/home/user/.m2/repository/org/apache/ratis/ratis-server/0.5.0-d6d58d0-SNAPSHOT/ratis-server-0.5.0-d6d58d0-SNAPSHOT.jar:/home/user/.m2/repository/org/apache/ratis/ratis-thirdparty-misc/0.2.0/ratis-thirdparty-misc-0.2.0.jar:/home/user/.m2/repository/org/apache/ratis/ratis-proto/0.5.0-d6d58d0-SNAPSHOT/ratis-proto-0.5.0-d6d58d0-SNAPSHOT.jar:/home/user/.m2/repository/org/apache/ratis/ratis-common/0.5.0-d6d58d0-SNAPSHOT/ratis-common-0.5.0-d6d58d0-SNAPSHOT.jar:/home/user/.m2/repository/org/apache/ratis/ratis-client/0.5.0-d6d58d0-SNAPSHOT/ratis-client-0.5.0-d6d58d0-SNAPSHOT.jar:/home/user/.m2/repository/org/apache/ratis/ratis-metrics/0.5.0-d6d58d0-SNAPSHOT/ratis-metrics-0.5.0-d6d58d0-SNAPSHOT.jar:/home/user/.m2/repository/org/apache/ratis/ratis-netty/0.5.0-d6d58d0-SNAPSHOT/ratis-netty-0.5.0-d6d58d0-SNAPSHOT.jar:/home/user/.m2/repository/org/apache/ratis/ratis-grpc/0.5.0-d6d58d0-SNAPSHOT/ratis-grpc-0.5.0-d6d58d0-SNAPSHOT.jar:/home/user/.m2/repository/org/rocksdb/rocksdbjni/6.0.1/rocksdbjni-6.0.1.jar:/home/user/.m2/repository/org/apache/logging/log4j/log4j-api/2.11.0/log4j-api-2.11.0.jar:/home/user/.m2/repository/org/apache/logging/log4j/log4j-core/2.11.0/log4j-core-2.11.0.jar:/home/user/.m2/repository/com/lmax/disruptor/3.4.2/disruptor-3.4.2.jar:/home/user/.m2/repository/org/apache/commons/commons-pool2/2.6.0/commons-pool2-2.6.0.jar:/home/user/.m2/repository/org/bouncycastle/bcpkix-jdk15on/1.60/bcpkix-jdk15on-1.60.jar:/home/user/.m2/repository/commons-validator/commons-validator/1.6/commons-validator-1.6.jar:/home/user/.m2/repository/commons-digester/commons-digester/1.8.1/commons-digester-1.8.1.jar:/home/user/.m2/repository/io/jaegertracing/jaeger-client/0.34.0/jaeger-client-0.34.0.jar:/home/user/.m2/repository/io/jaegertracing/jaeger-thrift/0.34.0/jaeger-thrift-0.34.0.jar:/home/user/.m2/repository/org/apache/thrift/libthrift/0.12.0/libthrift-0.12.0.jar:/home/user/.m2/repository/com/squareup/okhttp3/okhttp/3.9.0/okhttp-3.9.0.jar:/home/user/.m2/repository/com/squareup/okio/okio/1.13.0/okio-1.13.0.jar:/home/user/.m2/repository/io/jaegertracing/jaeger-core/0.34.0/jaeger-core-0.34.0.jar:/home/user/.m2/repository/io/jaegertracing/jaeger-tracerresolver/0.34.0/jaeger-tracerresolver-0.34.0.jar:/home/user/.m2/repository/io/opentracing/contrib/opentracing-tracerresolver/0.1.5/opentracing-tracerresolver-0.1.5.jar:/home/user/.m2/repository/io/opentracing/opentracing-util/0.31.0/opentracing-util-0.31.0.jar:/home/user/.m2/repository/io/opentracing/opentracing-api/0.31.0/opentracing-api-0.31.0.jar:/home/user/.m2/repository/io/opentracing/opentracing-noop/0.31.0/opentracing-noop-0.31.0.jar:/home/user/.m2/repository/org/yaml/snakeyaml/1.16/snakeyaml-1.16.jar:/home/user/.m2/repository/org/apache/hadoop/hadoop-hdds-container-service/0.5.0-SNAPSHOT/hadoop-hdds-container-service-0.5.0-SNAPSHOT.jar:/home/user/.m2/repository/org/apache/hadoop/hadoop-hdds-client/0.5.0-SNAPSHOT/hadoop-hdds-client-0.5.0-SNAPSHOT.jar:/home/user/.m2/repository/org/apache/hadoop/hadoop-hdds-tools/0.5.0-SNAPSHOT/hadoop-hdds-tools-0.5.0-SNAPSHOT.jar:/home/user/.m2/repository/org/xerial/sqlite-jdbc/3.25.2/sqlite-jdbc-3.25.2.jar:/home/user/.m2/repository/org/apache/hadoop/hadoop-hdds-server-scm/0.5.0-SNAPSHOT/hadoop-hdds-server-scm-0.5.0-SNAPSHOT.jar:/home/user/.m2/repository/org/hamcrest/hamcrest-all/1.3/hamcrest-all-1.3.jar:/home/user/.m2/repository/info/picocli/picocli/3.9.6/picocli-3.9.6.jar:/home/user/.m2/repository/com/google/protobuf/protobuf-java/2.5.0/protobuf-java-2.5.0.jar:/home/user/.m2/repository/com/google/guava/guava/11.0.2/guava-11.0.2.jar:/home/user/.m2/repository/org/apache/hadoop/hadoop-ozone-client/0.5.0-SNAPSHOT/hadoop-ozone-client-0.5.0-SNAPSHOT.jar:/workdir/hadoop-ozone/ozonefs/target/classes:/home/user/.m2/repository/org/apache/httpcomponents/httpclient/4.5.2/httpclient-4.5.2.jar:/home/user/.m2/repository/org/apache/httpcomponents/httpcore/4.4.4/httpcore-4.4.4.jar:/home/user/.m2/repository/org/apache/hadoop/hadoop-hdds-server-framework/0.5.0-SNAPSHOT/hadoop-hdds-server-framework-0.5.0-SNAPSHOT.jar:/home/user/.m2/repository/org/apache/hadoop/hadoop-common/3.2.0/hadoop-common-3.2.0.jar:/home/user/.m2/repository/org/apache/hadoop/hadoop-annotations/3.2.0/hadoop-annotations-3.2.0.jar:/usr/lib/jvm/java-1.8.0-openjdk-1.8.0.222.b10-1.el7_7.x86_64/jre/../lib/tools.jar:/home/user/.m2/repository/commons-cli/commons-cli/1.2/commons-cli-1.2.jar:/home/user/.m2/repository/org/apache/commons/commons-math3/3.1.1/commons-math3-3.1.1.jar:/home/user/.m2/repository/commons-codec/commons-codec/1.11/commons-codec-1.11.jar:/home/user/.m2/repository/commons-io/commons-io/2.5/commons-io-2.5.jar:/home/user/.m2/repository/commons-net/commons-net/3.6/commons-net-3.6.jar:/home/user/.m2/repository/commons-collections/commons-collections/3.2.2/commons-collections-3.2.2.jar:/home/user/.m2/repository/javax/servlet/javax.servlet-api/3.1.0/javax.servlet-api-3.1.0.jar:/home/user/.m2/repository/org/eclipse/jetty/jetty-server/9.3.25.v20180904/jetty-server-9.3.25.v20180904.jar:/home/user/.m2/repository/org/eclipse/jetty/jetty-http/9.3.25.v20180904/jetty-http-9.3.25.v20180904.jar:/home/user/.m2/repository/org/eclipse/jetty/jetty-io/9.3.25.v20180904/jetty-io-9.3.25.v20180904.jar:/home/user/.m2/repository/org/eclipse/jetty/jetty-util/9.3.25.v20180904/jetty-util-9.3.25.v20180904.jar:/home/user/.m2/repository/org/eclipse/jetty/jetty-servlet/9.3.25.v20180904/jetty-servlet-9.3.25.v20180904.jar:/home/user/.m2/repository/org/eclipse/jetty/jetty-security/9.3.25.v20180904/jetty-security-9.3.25.v20180904.jar:/home/user/.m2/repository/org/eclipse/jetty/jetty-webapp/9.3.25.v20180904/jetty-webapp-9.3.25.v20180904.jar:/home/user/.m2/repository/org/eclipse/jetty/jetty-xml/9.3.25.v20180904/jetty-xml-9.3.25.v20180904.jar:/home/user/.m2/repository/javax/servlet/jsp/jsp-api/2.1/jsp-api-2.1.jar:/home/user/.m2/repository/com/sun/jersey/jersey-core/1.19/jersey-core-1.19.jar:/home/user/.m2/repository/javax/ws/rs/jsr311-api/1.1.1/jsr311-api-1.1.1.jar:/home/user/.m2/repository/com/sun/jersey/jersey-servlet/1.19/jersey-servlet-1.19.jar:/home/user/.m2/repository/com/sun/jersey/jersey-json/1.19/jersey-json-1.19.jar:/home/user/.m2/repository/org/codehaus/jettison/jettison/1.1/jettison-1.1.jar:/home/user/.m2/repository/com/sun/xml/bind/jaxb-impl/2.3.0.1/jaxb-impl-2.3.0.1.jar:/home/user/.m2/repository/org/codehaus/jackson/jackson-core-asl/1.9.13/jackson-core-asl-1.9.13.jar:/home/user/.m2/repository/org/codehaus/jackson/jackson-mapper-asl/1.9.13/jackson-mapper-asl-1.9.13.jar:/home/user/.m2/repository/org/codehaus/jackson/jackson-jaxrs/1.9.13/jackson-jaxrs-1.9.13.jar:/home/user/.m2/repository/org/codehaus/jackson/jackson-xc/1.9.13/jackson-xc-1.9.13.jar:/home/user/.m2/repository/com/sun/jersey/jersey-server/1.19/jersey-server-1.19.jar:/home/user/.m2/repository/commons-logging/commons-logging/1.1.3/commons-logging-1.1.3.jar:/home/user/.m2/repository/log4j/log4j/1.2.17/log4j-1.2.17.jar:/home/user/.m2/repository/commons-beanutils/commons-beanutils/1.9.4/commons-beanutils-1.9.4.jar:/home/user/.m2/repository/org/apache/commons/commons-configuration2/2.1.1/commons-configuration2-2.1.1.jar:/home/user/.m2/repository/org/apache/commons/commons-lang3/3.7/commons-lang3-3.7.jar:/home/user/.m2/repository/org/apache/commons/commons-text/1.4/commons-text-1.4.jar:/home/user/.m2/repository/org/slf4j/slf4j-api/1.7.25/slf4j-api-1.7.25.jar:/home/user/.m2/repository/org/slf4j/slf4j-log4j12/1.7.25/slf4j-log4j12-1.7.25.jar:/home/user/.m2/repository/org/apache/avro/avro/1.7.7/avro-1.7.7.jar:/home/user/.m2/repository/com/thoughtworks/paranamer/paranamer/2.3/paranamer-2.3.jar:/home/user/.m2/repository/org/xerial/snappy/snappy-java/1.0.5/snappy-java-1.0.5.jar:/home/user/.m2/repository/com/google/re2j/re2j/1.1/re2j-1.1.jar:/home/user/.m2/repository/com/google/code/gson/gson/2.2.4/gson-2.2.4.jar:/home/user/.m2/repository/org/apache/hadoop/hadoop-auth/3.2.0/hadoop-auth-3.2.0.jar:/home/user/.m2/repository/com/nimbusds/nimbus-jose-jwt/4.41.1/nimbus-jose-jwt-4.41.1.jar:/home/user/.m2/repository/com/github/stephenc/jcip/jcip-annotations/1.0-1/jcip-annotations-1.0-1.jar:/home/user/.m2/repository/net/minidev/json-smart/2.3/json-smart-2.3.jar:/home/user/.m2/repository/net/minidev/accessors-smart/1.2/accessors-smart-1.2.jar:/home/user/.m2/repository/org/apache/curator/curator-framework/2.12.0/curator-framework-2.12.0.jar:/home/user/.m2/repository/com/jcraft/jsch/0.1.54/jsch-0.1.54.jar:/home/user/.m2/repository/org/apache/curator/curator-client/2.12.0/curator-client-2.12.0.jar:/home/user/.m2/repository/org/apache/curator/curator-recipes/2.12.0/curator-recipes-2.12.0.jar:/home/user/.m2/repository/com/google/code/findbugs/jsr305/3.0.0/jsr305-3.0.0.jar:/home/user/.m2/repository/org/apache/htrace/htrace-core4/4.1.0-incubating/htrace-core4-4.1.0-incubating.jar:/home/user/.m2/repository/org/apache/zookeeper/zookeeper/3.4.13/zookeeper-3.4.13.jar:/home/user/.m2/repository/jline/jline/0.9.94/jline-0.9.94.jar:/home/user/.m2/repository/org/apache/yetus/audience-annotations/0.5.0/audience-annotations-0.5.0.jar:/home/user/.m2/repository/org/apache/kerby/kerb-simplekdc/1.0.1/kerb-simplekdc-1.0.1.jar:/home/user/.m2/repository/org/apache/kerby/kerb-client/1.0.1/kerb-client-1.0.1.jar:/home/user/.m2/repository/org/apache/kerby/kerby-config/1.0.1/kerby-config-1.0.1.jar:/home/user/.m2/repository/org/apache/kerby/kerb-core/1.0.1/kerb-core-1.0.1.jar:/home/user/.m2/repository/org/apache/kerby/kerby-pkix/1.0.1/kerby-pkix-1.0.1.jar:/home/user/.m2/repository/org/apache/kerby/kerby-asn1/1.0.1/kerby-asn1-1.0.1.jar:/home/user/.m2/repository/org/apache/kerby/kerby-util/1.0.1/kerby-util-1.0.1.jar:/home/user/.m2/repository/org/apache/kerby/kerb-common/1.0.1/kerb-common-1.0.1.jar:/home/user/.m2/repository/org/apache/kerby/kerb-crypto/1.0.1/kerb-crypto-1.0.1.jar:/home/user/.m2/repository/org/apache/kerby/kerb-util/1.0.1/kerb-util-1.0.1.jar:/home/user/.m2/repository/org/apache/kerby/token-provider/1.0.1/token-provider-1.0.1.jar:/home/user/.m2/repository/org/apache/kerby/kerb-admin/1.0.1/kerb-admin-1.0.1.jar:/home/user/.m2/repository/org/apache/kerby/kerb-server/1.0.1/kerb-server-1.0.1.jar:/home/user/.m2/repository/org/apache/kerby/kerb-identity/1.0.1/kerb-identity-1.0.1.jar:/home/user/.m2/repository/org/apache/kerby/kerby-xdr/1.0.1/kerby-xdr-1.0.1.jar:/home/user/.m2/repository/com/fasterxml/jackson/core/jackson-databind/2.9.9/jackson-databind-2.9.9.jar:/home/user/.m2/repository/com/fasterxml/jackson/core/jackson-core/2.9.9/jackson-core-2.9.9.jar:/home/user/.m2/repository/org/codehaus/woodstox/stax2-api/3.1.4/stax2-api-3.1.4.jar:/home/user/.m2/repository/com/fasterxml/woodstox/woodstox-core/5.0.3/woodstox-core-5.0.3.jar:/home/user/.m2/repository/dnsjava/dnsjava/2.1.7/dnsjava-2.1.7.jar:/home/user/.m2/repository/org/apache/hadoop/hadoop-hdfs/3.2.0/hadoop-hdfs-3.2.0.jar:/home/user/.m2/repository/org/eclipse/jetty/jetty-util-ajax/9.3.25.v20180904/jetty-util-ajax-9.3.25.v20180904.jar:/home/user/.m2/repository/commons-daemon/commons-daemon/1.0.13/commons-daemon-1.0.13.jar:/home/user/.m2/repository/io/netty/netty/3.10.5.Final/netty-3.10.5.Final.jar:/home/user/.m2/repository/io/netty/netty-all/4.0.52.Final/netty-all-4.0.52.Final.jar:/home/user/.m2/repository/org/fusesource/leveldbjni/leveldbjni-all/1.8/leveldbjni-all-1.8.jar:/home/user/.m2/repository/com/sun/xml/bind/jaxb-core/2.3.0.1/jaxb-core-2.3.0.1.jar:/home/user/.m2/repository/javax/xml/bind/jaxb-api/2.3.0/jaxb-api-2.3.0.jar:/home/user/.m2/repository/javax/activation/activation/1.1.1/activation-1.1.1.jar:/home/user/.m2/repository/org/openjdk/jmh/jmh-core/1.19/jmh-core-1.19.jar:/home/user/.m2/repository/net/sf/jopt-simple/jopt-simple/4.6/jopt-simple-4.6.jar:/home/user/.m2/repository/org/openjdk/jmh/jmh-generator-annprocess/1.19/jmh-generator-annprocess-1.19.jar:/home/user/.m2/repository/io/dropwizard/metrics/metrics-core/3.2.4/metrics-core-3.2.4.jar:/home/user/.m2/repository/com/amazonaws/aws-java-sdk-s3/1.11.615/aws-java-sdk-s3-1.11.615.jar:/home/user/.m2/repository/com/amazonaws/aws-java-sdk-kms/1.11.615/aws-java-sdk-kms-1.11.615.jar:/home/user/.m2/repository/com/amazonaws/aws-java-sdk-core/1.11.615/aws-java-sdk-core-1.11.615.jar:/home/user/.m2/repository/software/amazon/ion/ion-java/1.0.2/ion-java-1.0.2.jar:/home/user/.m2/repository/com/fasterxml/jackson/dataformat/jackson-dataformat-cbor/2.9.9/jackson-dataformat-cbor-2.9.9.jar:/home/user/.m2/repository/joda-time/joda-time/2.9.9/joda-time-2.9.9.jar:/home/user/.m2/repository/com/amazonaws/jmespath-java/1.11.615/jmespath-java-1.11.615.jar:/home/user/.m2/repository/com/github/spotbugs/spotbugs/3.1.12/spotbugs-3.1.12.jar:/home/user/.m2/repository/org/ow2/asm/asm/5.0.4/asm-5.0.4.jar:/home/user/.m2/repository/org/ow2/asm/asm-analysis/7.0/asm-analysis-7.0.jar:/home/user/.m2/repository/org/ow2/asm/asm-commons/7.0/asm-commons-7.0.jar:/home/user/.m2/repository/org/ow2/asm/asm-tree/7.0/asm-tree-7.0.jar:/home/user/.m2/repository/org/ow2/asm/asm-util/7.0/asm-util-7.0.jar:/home/user/.m2/repository/org/apache/bcel/bcel/6.3/bcel-6.3.jar:/home/user/.m2/repository/net/jcip/jcip-annotations/1.0/jcip-annotations-1.0.jar:/home/user/.m2/repository/org/dom4j/dom4j/2.1.1/dom4j-2.1.1.jar:/home/user/.m2/repository/jaxen/jaxen/1.1.6/jaxen-1.1.6.jar:/home/user/.m2/repository/commons-lang/commons-lang/2.6/commons-lang-2.6.jar:/home/user/.m2/repository/com/github/spotbugs/spotbugs-annotations/3.1.12/spotbugs-annotations-3.1.12.jar:/home/user/.m2/repository/junit/junit/4.11/junit-4.11.jar:/home/user/.m2/repository/org/hamcrest/hamcrest-core/1.3/hamcrest-core-1.3.jar:/home/user/.m2/repository/org/apache/hadoop/hadoop-common/3.2.0/hadoop-common-3.2.0-tests.jar:/workdir/hadoop-ozone/integration-test/target/test-classes:/home/user/.m2/repository/org/apache/hadoop/hadoop-ozone-s3gateway/0.5.0-SNAPSHOT/hadoop-ozone-s3gateway-0.5.0-SNAPSHOT.jar:/home/user/.m2/repository/org/jboss/weld/servlet/weld-servlet/2.4.7.Final/weld-servlet-2.4.7.Final.jar:/home/user/.m2/repository/org/glassfish/jersey/containers/jersey-container-servlet-core/2.27/jersey-container-servlet-core-2.27.jar:/home/user/.m2/repository/org/glassfish/hk2/external/javax.inject/2.5.0-b42/javax.inject-2.5.0-b42.jar:/home/user/.m2/repository/org/glassfish/jersey/core/jersey-common/2.27/jersey-common-2.27.jar:/home/user/.m2/repository/org/glassfish/hk2/osgi-resource-locator/1.0.1/osgi-resource-locator-1.0.1.jar:/home/user/.m2/repository/javax/ws/rs/javax.ws.rs-api/2.1/javax.ws.rs-api-2.1.jar:/home/user/.m2/repository/org/glassfish/jersey/ext/cdi/jersey-cdi1x/2.27/jersey-cdi1x-2.27.jar:/home/user/.m2/repository/org/glassfish/jersey/inject/jersey-hk2/2.27/jersey-hk2-2.27.jar:/home/user/.m2/repository/org/glassfish/hk2/hk2-locator/2.5.0-b42/hk2-locator-2.5.0-b42.jar:/home/user/.m2/repository/org/javassist/javassist/3.22.0-CR2/javassist-3.22.0-CR2.jar:/home/user/.m2/repository/org/glassfish/hk2/hk2-api/2.5.0/hk2-api-2.5.0.jar:/home/user/.m2/repository/org/glassfish/hk2/external/jakarta.inject/2.5.0/jakarta.inject-2.5.0.jar:/home/user/.m2/repository/org/glassfish/hk2/hk2-utils/2.5.0/hk2-utils-2.5.0.jar:/home/user/.m2/repository/jakarta/annotation/jakarta.annotation-api/1.3.4/jakarta.annotation-api-1.3.4.jar:/home/user/.m2/repository/org/glassfish/hk2/external/aopalliance-repackaged/2.5.0/aopalliance-repackaged-2.5.0.jar:/home/user/.m2/repository/com/fasterxml/jackson/dataformat/jackson-dataformat-xml/2.9.0/jackson-dataformat-xml-2.9.0.jar:/home/user/.m2/repository/com/fasterxml/jackson/module/jackson-module-jaxb-annotations/2.9.9/jackson-module-jaxb-annotations-2.9.9.jar:/home/user/.m2/repository/javax/enterprise/cdi-api/1.2/cdi-api-1.2.jar:/home/user/.m2/repository/javax/el/javax.el-api/3.0.0/javax.el-api-3.0.0.jar:/home/user/.m2/repository/javax/interceptor/javax.interceptor-api/1.2/javax.interceptor-api-1.2.jar:/home/user/.m2/repository/javax/inject/javax.inject/1/javax.inject-1.jar:/home/user/.m2/repository/org/apache/hadoop/hadoop-ozone-csi/0.5.0-SNAPSHOT/hadoop-ozone-csi-0.5.0-SNAPSHOT.jar:/home/user/.m2/repository/com/google/protobuf/protobuf-java-util/3.5.1/protobuf-java-util-3.5.1.jar:/home/user/.m2/repository/io/grpc/grpc-netty/1.17.1/grpc-netty-1.17.1.jar:/home/user/.m2/repository/io/grpc/grpc-core/1.17.1/grpc-core-1.17.1.jar:/home/user/.m2/repository/io/grpc/grpc-context/1.17.1/grpc-context-1.17.1.jar:/home/user/.m2/repository/com/google/errorprone/error_prone_annotations/2.2.0/error_prone_annotations-2.2.0.jar:/home/user/.m2/repository/org/codehaus/mojo/animal-sniffer-annotations/1.17/animal-sniffer-annotations-1.17.jar:/home/user/.m2/repository/io/opencensus/opencensus-api/0.17.0/opencensus-api-0.17.0.jar:/home/user/.m2/repository/io/opencensus/opencensus-contrib-grpc-metrics/0.17.0/opencensus-contrib-grpc-metrics-0.17.0.jar:/home/user/.m2/repository/io/netty/netty-codec-http2/4.1.30.Final/netty-codec-http2-4.1.30.Final.jar:/home/user/.m2/repository/io/netty/netty-codec-http/4.1.30.Final/netty-codec-http-4.1.30.Final.jar:/home/user/.m2/repository/io/netty/netty-codec/4.1.30.Final/netty-codec-4.1.30.Final.jar:/home/user/.m2/repository/io/netty/netty-handler/4.1.30.Final/netty-handler-4.1.30.Final.jar:/home/user/.m2/repository/io/netty/netty-handler-proxy/4.1.30.Final/netty-handler-proxy-4.1.30.Final.jar:/home/user/.m2/repository/io/netty/netty-codec-socks/4.1.30.Final/netty-codec-socks-4.1.30.Final.jar:/home/user/.m2/repository/io/netty/netty-transport-native-epoll/4.1.30.Final/netty-transport-native-epoll-4.1.30.Final.jar:/home/user/.m2/repository/io/netty/netty-common/4.1.30.Final/netty-common-4.1.30.Final.jar:/home/user/.m2/repository/io/netty/netty-buffer/4.1.30.Final/netty-buffer-4.1.30.Final.jar:/home/user/.m2/repository/io/netty/netty-transport/4.1.30.Final/netty-transport-4.1.30.Final.jar:/home/user/.m2/repository/io/netty/netty-resolver/4.1.30.Final/netty-resolver-4.1.30.Final.jar:/home/user/.m2/repository/io/netty/netty-transport-native-unix-common/4.1.30.Final/netty-transport-native-unix-common-4.1.30.Final.jar:/home/user/.m2/repository/io/grpc/grpc-protobuf/1.17.1/grpc-protobuf-1.17.1.jar:/home/user/.m2/repository/com/google/api/grpc/proto-google-common-protos/1.0.0/proto-google-common-protos-1.0.0.jar:/home/user/.m2/repository/io/grpc/grpc-protobuf-lite/1.17.1/grpc-protobuf-lite-1.17.1.jar:/home/user/.m2/repository/io/grpc/grpc-stub/1.17.1/grpc-stub-1.17.1.jar:/home/user/.m2/repository/org/apache/hadoop/hadoop-ozone-recon/0.5.0-SNAPSHOT/hadoop-ozone-recon-0.5.0-SNAPSHOT.jar:/home/user/.m2/repository/org/apache/hadoop/hadoop-ozone-reconcodegen/0.5.0-SNAPSHOT/hadoop-ozone-reconcodegen-0.5.0-SNAPSHOT.jar:/home/user/.m2/repository/com/google/inject/extensions/guice-multibindings/4.0/guice-multibindings-4.0.jar:/home/user/.m2/repository/com/google/inject/guice/4.0/guice-4.0.jar:/home/user/.m2/repository/aopalliance/aopalliance/1.0/aopalliance-1.0.jar:/home/user/.m2/repository/com/google/inject/extensions/guice-servlet/4.0/guice-servlet-4.0.jar:/home/user/.m2/repository/org/glassfish/jersey/containers/jersey-container-servlet/2.27/jersey-container-servlet-2.27.jar:/home/user/.m2/repository/org/glassfish/hk2/guice-bridge/2.5.0/guice-bridge-2.5.0.jar:/home/user/.m2/repository/org/glassfish/jersey/core/jersey-server/2.27/jersey-server-2.27.jar:/home/user/.m2/repository/org/glassfish/jersey/core/jersey-client/2.27/jersey-client-2.27.jar:/home/user/.m2/repository/org/glassfish/jersey/media/jersey-media-jaxb/2.27/jersey-media-jaxb-2.27.jar:/home/user/.m2/repository/javax/validation/validation-api/1.1.0.Final/validation-api-1.1.0.Final.jar:/home/user/.m2/repository/org/glassfish/jersey/media/jersey-media-json-jackson/2.27/jersey-media-json-jackson-2.27.jar:/home/user/.m2/repository/org/glassfish/jersey/ext/jersey-entity-filtering/2.27/jersey-entity-filtering-2.27.jar:/home/user/.m2/repository/com/google/inject/extensions/guice-assistedinject/4.0/guice-assistedinject-4.0.jar:/home/user/.m2/repository/org/jooq/jooq/3.11.10/jooq-3.11.10.jar:/home/user/.m2/repository/org/jooq/jooq-meta/3.11.10/jooq-meta-3.11.10.jar:/home/user/.m2/repository/org/jooq/jooq-codegen/3.11.10/jooq-codegen-3.11.10.jar:/home/user/.m2/repository/com/jolbox/bonecp/0.8.0.RELEASE/bonecp-0.8.0.RELEASE.jar:/home/user/.m2/repository/org/springframework/spring-jdbc/5.1.3.RELEASE/spring-jdbc-5.1.3.RELEASE.jar:/home/user/.m2/repository/org/springframework/spring-beans/5.1.3.RELEASE/spring-beans-5.1.3.RELEASE.jar:/home/user/.m2/repository/org/springframework/spring-core/5.1.3.RELEASE/spring-core-5.1.3.RELEASE.jar:/home/user/.m2/repository/org/springframework/spring-jcl/5.1.3.RELEASE/spring-jcl-5.1.3.RELEASE.jar:/home/user/.m2/repository/org/springframework/spring-tx/5.1.3.RELEASE/spring-tx-5.1.3.RELEASE.jar:/home/user/.m2/repository/org/mockito/mockito-core/2.15.0/mockito-core-2.15.0.jar:/home/user/.m2/repository/net/bytebuddy/byte-buddy/1.7.9/byte-buddy-1.7.9.jar:/home/user/.m2/repository/net/bytebuddy/byte-buddy-agent/1.7.9/byte-buddy-agent-1.7.9.jar:/home/user/.m2/repository/org/objenesis/objenesis/1.0/objenesis-1.0.jar:"/>
    <property name="sun.cpu.endian" value="little"/>
    <property name="user.home" value="/home/user"/>
    <property name="user.language" value="en"/>
    <property name="java.specification.vendor" value="Oracle Corporation"/>
    <property name="java.home" value="/usr/lib/jvm/java-1.8.0-openjdk-1.8.0.222.b10-1.el7_7.x86_64/jre"/>
    <property name="surefire.excludesFile" value="/tools/ozone-bad-unit-tests"/>
    <property name="java.security.krb5.conf" value="/workdir/hadoop-ozone/tools/target/test-classes/krb5.conf"/>
    <property name="basedir" value="/workdir/hadoop-ozone/tools"/>
    <property name="file.separator" value="/"/>
    <property name="line.separator" value="&#10;"/>
    <property name="java.vm.specification.vendor" value="Oracle Corporation"/>
    <property name="java.specification.name" value="Java Platform API Specification"/>
    <property name="java.awt.graphicsenv" value="sun.awt.X11GraphicsEnvironment"/>
    <property name="surefire.real.class.path" value="/workdir/hadoop-ozone/tools/target/surefire/surefirebooter4633454979015695390.jar"/>
    <property name="hadoop.log.dir" value="/workdir/hadoop-ozone/tools/target/log"/>
    <property name="sun.boot.class.path" value="/usr/lib/jvm/java-1.8.0-openjdk-1.8.0.222.b10-1.el7_7.x86_64/jre/lib/resources.jar:/usr/lib/jvm/java-1.8.0-openjdk-1.8.0.222.b10-1.el7_7.x86_64/jre/lib/rt.jar:/usr/lib/jvm/java-1.8.0-openjdk-1.8.0.222.b10-1.el7_7.x86_64/jre/lib/sunrsasign.jar:/usr/lib/jvm/java-1.8.0-openjdk-1.8.0.222.b10-1.el7_7.x86_64/jre/lib/jsse.jar:/usr/lib/jvm/java-1.8.0-openjdk-1.8.0.222.b10-1.el7_7.x86_64/jre/lib/jce.jar:/usr/lib/jvm/java-1.8.0-openjdk-1.8.0.222.b10-1.el7_7.x86_64/jre/lib/charsets.jar:/usr/lib/jvm/java-1.8.0-openjdk-1.8.0.222.b10-1.el7_7.x86_64/jre/lib/jfr.jar:/usr/lib/jvm/java-1.8.0-openjdk-1.8.0.222.b10-1.el7_7.x86_64/jre/classes"/>
    <property name="sun.management.compiler" value="HotSpot 64-Bit Tiered Compilers"/>
    <property name="java.runtime.version" value="1.8.0_222-b10"/>
    <property name="java.net.preferIPv4Stack" value="true"/>
    <property name="user.name" value="jenkins1000"/>
    <property name="path.separator" value=":"/>
    <property name="java.security.egd" value="file:///dev/urandom"/>
    <property name="os.version" value="3.10.0-957.12.2.el7.x86_64"/>
    <property name="java.endorsed.dirs" value="/usr/lib/jvm/java-1.8.0-openjdk-1.8.0.222.b10-1.el7_7.x86_64/jre/lib/endorsed"/>
    <property name="java.runtime.name" value="OpenJDK Runtime Environment"/>
    <property name="file.encoding" value="ANSI_X3.4-1968"/>
    <property name="java.vm.name" value="OpenJDK 64-Bit Server VM"/>
    <property name="test.build.webapps" value=""/>
    <property name="localRepository" value="/home/user/.m2/repository"/>
    <property name="java.vendor.url.bug" value="http://bugreport.sun.com/bugreport/"/>
    <property name="java.io.tmpdir" value="/tmp"/>
    <property name="require.test.libhadoop" value=""/>
    <property name="java.version" value="1.8.0_222"/>
    <property name="user.dir" value="/workdir/hadoop-ozone/tools"/>
    <property name="os.arch" value="amd64"/>
    <property name="java.vm.specification.name" value="Java Virtual Machine Specification"/>
    <property name="test.build.classes" value="/workdir/hadoop-ozone/tools/target/test-classes"/>
    <property name="java.awt.printerjob" value="sun.print.PSPrinterJob"/>
    <property name="sun.os.patch.level" value="unknown"/>
    <property name="hadoop.tmp.dir" value="/workdir/hadoop-ozone/tools/target/tmp"/>
    <property name="java.library.path" value="/usr/lib:/workdir/hadoop-ozone/tools/target/native/target/usr/local/lib:/workdir/hadoop-ozone/tools/../../hadoop-common-project/hadoop-common/target/native/target/usr/local/lib:/usr/java/packages/lib/amd64:/usr/lib64:/lib64:/lib:/usr/lib"/>
    <property name="java.vm.info" value="mixed mode"/>
    <property name="java.vendor" value="Oracle Corporation"/>
    <property name="java.vm.version" value="25.222-b10"/>
    <property name="java.ext.dirs" value="/usr/lib/jvm/java-1.8.0-openjdk-1.8.0.222.b10-1.el7_7.x86_64/jre/lib/ext:/usr/java/packages/lib/ext"/>
    <property name="sun.io.unicode.encoding" value="UnicodeLittle"/>
    <property name="java.class.version" value="52.0"/>
  </properties>
  <testcase name="testRestart" classname="org.apache.hadoop.ozone.freon.TestFreonWithPipelineDestroy" time="18.798">
    <error message="INTERNAL_ERROR org.apache.hadoop.ozone.om.exceptions.OMException: Allocated 0 blocks. Requested 5 blocks" type="java.lang.RuntimeException">java.lang.RuntimeException: INTERNAL_ERROR org.apache.hadoop.ozone.om.exceptions.OMException: Allocated 0 blocks. Requested 5 blocks
	at org.apache.hadoop.ozone.freon.RandomKeyGenerator.call(RandomKeyGenerator.java:341)
	at org.apache.hadoop.ozone.freon.TestFreonWithPipelineDestroy.startFreon(TestFreonWithPipelineDestroy.java:87)
	at org.apache.hadoop.ozone.freon.TestFreonWithPipelineDestroy.testRestart(TestFreonWithPipelineDestroy.java:74)
	at sun.reflect.NativeMethodAccessorImpl.invoke0(Native Method)
	at sun.reflect.NativeMethodAccessorImpl.invoke(NativeMethodAccessorImpl.java:62)
	at sun.reflect.DelegatingMethodAccessorImpl.invoke(DelegatingMethodAccessorImpl.java:43)
	at java.lang.reflect.Method.invoke(Method.java:498)
	at org.junit.runners.model.FrameworkMethod$1.runReflectiveCall(FrameworkMethod.java:47)
	at org.junit.internal.runners.model.ReflectiveCallable.run(ReflectiveCallable.java:12)
	at org.junit.runners.model.FrameworkMethod.invokeExplosively(FrameworkMethod.java:44)
	at org.junit.internal.runners.statements.InvokeMethod.evaluate(InvokeMethod.java:17)
	at org.junit.runners.ParentRunner.runLeaf(ParentRunner.java:271)
	at org.junit.runners.BlockJUnit4ClassRunner.runChild(BlockJUnit4ClassRunner.java:70)
	at org.junit.runners.BlockJUnit4ClassRunner.runChild(BlockJUnit4ClassRunner.java:50)
	at org.junit.runners.ParentRunner$3.run(ParentRunner.java:238)
	at org.junit.runners.ParentRunner$1.schedule(ParentRunner.java:63)
	at org.junit.runners.ParentRunner.runChildren(ParentRunner.java:236)
	at org.junit.runners.ParentRunner.access$000(ParentRunner.java:53)
	at org.junit.runners.ParentRunner$2.evaluate(ParentRunner.java:229)
	at org.junit.internal.runners.statements.RunBefores.evaluate(RunBefores.java:26)
	at org.junit.internal.runners.statements.RunAfters.evaluate(RunAfters.java:27)
	at org.junit.runners.ParentRunner.run(ParentRunner.java:309)
	at org.apache.maven.surefire.junit4.JUnit4Provider.execute(JUnit4Provider.java:365)
	at org.apache.maven.surefire.junit4.JUnit4Provider.executeWithRerun(JUnit4Provider.java:273)
	at org.apache.maven.surefire.junit4.JUnit4Provider.executeTestSet(JUnit4Provider.java:238)
	at org.apache.maven.surefire.junit4.JUnit4Provider.invoke(JUnit4Provider.java:159)
	at org.apache.maven.surefire.booter.ForkedBooter.invokeProviderInSameClassLoader(ForkedBooter.java:384)
	at org.apache.maven.surefire.booter.ForkedBooter.runSuitesInProcess(ForkedBooter.java:345)
	at org.apache.maven.surefire.booter.ForkedBooter.execute(ForkedBooter.java:126)
	at org.apache.maven.surefire.booter.ForkedBooter.main(ForkedBooter.java:418)
Caused by: INTERNAL_ERROR org.apache.hadoop.ozone.om.exceptions.OMException: Allocated 0 blocks. Requested 5 blocks
	at org.apache.hadoop.ozone.om.protocolPB.OzoneManagerProtocolClientSideTranslatorPB.handleError(OzoneManagerProtocolClientSideTranslatorPB.java:761)
	at org.apache.hadoop.ozone.om.protocolPB.OzoneManagerProtocolClientSideTranslatorPB.openKey(OzoneManagerProtocolClientSideTranslatorPB.java:752)
	at sun.reflect.NativeMethodAccessorImpl.invoke0(Native Method)
	at sun.reflect.NativeMethodAccessorImpl.invoke(NativeMethodAccessorImpl.java:62)
	at sun.reflect.DelegatingMethodAccessorImpl.invoke(DelegatingMethodAccessorImpl.java:43)
	at java.lang.reflect.Method.invoke(Method.java:498)
	at org.apache.hadoop.hdds.tracing.TraceAllMethod.invoke(TraceAllMethod.java:66)
	at com.sun.proxy.$Proxy37.openKey(Unknown Source)
	at org.apache.hadoop.ozone.client.rpc.RpcClient.createKey(RpcClient.java:633)
	at org.apache.hadoop.ozone.client.OzoneBucket.createKey(OzoneBucket.java:325)
	at org.apache.hadoop.ozone.freon.RandomKeyGenerator.createKey(RandomKeyGenerator.java:697)
	at org.apache.hadoop.ozone.freon.RandomKeyGenerator.access$1100(RandomKeyGenerator.java:88)
	at org.apache.hadoop.ozone.freon.RandomKeyGenerator$ObjectCreator.run(RandomKeyGenerator.java:615)
	at java.util.concurrent.Executors$RunnableAdapter.call(Executors.java:511)
	at java.util.concurrent.FutureTask.run(FutureTask.java:266)
	at java.util.concurrent.ThreadPoolExecutor.runWorker(ThreadPoolExecutor.java:1149)
	at java.util.concurrent.ThreadPoolExecutor$Worker.run(ThreadPoolExecutor.java:624)
	at java.lang.Thread.run(Thread.java:748)
</error>
    <system-out><![CDATA[2019-11-18 17:55:35,232 [main] WARN  server.ServerUtils (ServerUtils.java:getScmDbDir(145)) - ozone.scm.db.dirs is not configured. We recommend adding this setting. Falling back to ozone.metadata.dirs instead.
2019-11-18 17:55:35,364 [main] WARN  server.ServerUtils (ServerUtils.java:getScmDbDir(145)) - ozone.scm.db.dirs is not configured. We recommend adding this setting. Falling back to ozone.metadata.dirs instead.
2019-11-18 17:55:35,367 [main] WARN  server.ServerUtils (ServerUtils.java:getScmDbDir(145)) - ozone.scm.db.dirs is not configured. We recommend adding this setting. Falling back to ozone.metadata.dirs instead.
2019-11-18 17:55:35,395 [main] INFO  util.log (Log.java:initialized(192)) - Logging initialized @912ms
2019-11-18 17:55:35,491 [main] INFO  db.DBStoreBuilder (DBStoreBuilder.java:addTable(127)) - using custom profile for table: deletedBlocks
2019-11-18 17:55:35,491 [main] INFO  db.DBStoreBuilder (DBStoreBuilder.java:processTables(183)) - Using default column profile:DBProfile.DISK for Table:deletedBlocks
2019-11-18 17:55:35,491 [main] INFO  db.DBStoreBuilder (DBStoreBuilder.java:addTable(127)) - using custom profile for table: validCerts
2019-11-18 17:55:35,492 [main] INFO  db.DBStoreBuilder (DBStoreBuilder.java:processTables(183)) - Using default column profile:DBProfile.DISK for Table:validCerts
2019-11-18 17:55:35,492 [main] INFO  db.DBStoreBuilder (DBStoreBuilder.java:addTable(127)) - using custom profile for table: revokedCerts
2019-11-18 17:55:35,492 [main] INFO  db.DBStoreBuilder (DBStoreBuilder.java:processTables(183)) - Using default column profile:DBProfile.DISK for Table:revokedCerts
2019-11-18 17:55:35,504 [main] INFO  db.DBStoreBuilder (DBStoreBuilder.java:addTable(127)) - using custom profile for table: default
2019-11-18 17:55:35,504 [main] INFO  db.DBStoreBuilder (DBStoreBuilder.java:processTables(189)) - Using default column profile:DBProfile.DISK for Table:default
2019-11-18 17:55:35,507 [main] INFO  db.DBStoreBuilder (DBStoreBuilder.java:getDbProfile(220)) - Using default options. DBProfile.DISK
2019-11-18 17:55:35,875 [main] INFO  net.NodeSchemaLoader (NodeSchemaLoader.java:loadSchemaFromFile(125)) - Loading file from sun.misc.CompoundEnumeration@6771beb3
2019-11-18 17:55:35,877 [main] INFO  net.NodeSchemaLoader (NodeSchemaLoader.java:loadSchema(171)) - Loading network topology layer schema file
2019-11-18 17:55:35,941 [main] INFO  node.SCMNodeManager (SCMNodeManager.java:<init>(116)) - Entering startup safe mode.
2019-11-18 17:55:36,002 [main] INFO  algorithms.ContainerPlacementPolicyFactory (ContainerPlacementPolicyFactory.java:getPolicy(57)) - Create container placement policy of type org.apache.hadoop.hdds.scm.container.placement.algorithms.SCMContainerPlacementRandom
2019-11-18 17:55:36,016 [main] WARN  server.ServerUtils (ServerUtils.java:getScmDbDir(145)) - ozone.scm.db.dirs is not configured. We recommend adding this setting. Falling back to ozone.metadata.dirs instead.
2019-11-18 17:55:36,096 [main] INFO  pipeline.SCMPipelineManager (SCMPipelineManager.java:initializePipelineState(136)) - No pipeline exists in current db
2019-11-18 17:55:36,099 [main] WARN  server.ServerUtils (ServerUtils.java:getScmDbDir(145)) - ozone.scm.db.dirs is not configured. We recommend adding this setting. Falling back to ozone.metadata.dirs instead.
2019-11-18 17:55:36,240 [main] INFO  safemode.HealthyPipelineSafeModeRule (HealthyPipelineSafeModeRule.java:<init>(92)) -  Total pipeline count is 0, healthy pipeline threshold count is 1
2019-11-18 17:55:36,244 [main] INFO  safemode.OneReplicaPipelineSafeModeRule (OneReplicaPipelineSafeModeRule.java:<init>(79)) - Total pipeline count is 0, pipeline's with at least one datanode reported threshold count is 0
2019-11-18 17:55:36,245 [main] WARN  events.EventQueue (EventQueue.java:fireEvent(183)) - No event handler registered for event TypedEvent{payloadType=SafeModeStatus, name='SafeModeStatus'}
2019-11-18 17:55:36,590 [main] INFO  ipc.CallQueueManager (CallQueueManager.java:<init>(84)) - Using callQueue: class java.util.concurrent.LinkedBlockingQueue, queueCapacity: 2000, scheduler: class org.apache.hadoop.ipc.DefaultRpcScheduler, ipcBackoff: false.
2019-11-18 17:55:36,743 [Socket Reader #1 for port 40939] INFO  ipc.Server (Server.java:run(1074)) - Starting Socket Reader #1 for port 40939
2019-11-18 17:55:36,787 [main] INFO  ipc.CallQueueManager (CallQueueManager.java:<init>(84)) - Using callQueue: class java.util.concurrent.LinkedBlockingQueue, queueCapacity: 2000, scheduler: class org.apache.hadoop.ipc.DefaultRpcScheduler, ipcBackoff: false.
2019-11-18 17:55:36,789 [Socket Reader #1 for port 45455] INFO  ipc.Server (Server.java:run(1074)) - Starting Socket Reader #1 for port 45455
2019-11-18 17:55:36,800 [main] INFO  ipc.CallQueueManager (CallQueueManager.java:<init>(84)) - Using callQueue: class java.util.concurrent.LinkedBlockingQueue, queueCapacity: 2000, scheduler: class org.apache.hadoop.ipc.DefaultRpcScheduler, ipcBackoff: false.
2019-11-18 17:55:36,801 [Socket Reader #1 for port 42221] INFO  ipc.Server (Server.java:run(1074)) - Starting Socket Reader #1 for port 42221
2019-11-18 17:55:36,835 [main] INFO  hdfs.DFSUtil (DFSUtil.java:httpServerTemplateForNNAndJN(1641)) - Starting Web-server for scm at: http://0.0.0.0:0
2019-11-18 17:55:36,964 [main] INFO  server.AuthenticationFilter (AuthenticationFilter.java:constructSecretProvider(240)) - Unable to initialize FileSignerSecretProvider, falling back to use random secrets.
2019-11-18 17:55:36,980 [main] WARN  http.HttpRequestLog (HttpRequestLog.java:getRequestLog(97)) - Jetty request log can only be enabled using Log4j
2019-11-18 17:55:36,989 [main] INFO  http.HttpServer2 (HttpServer2.java:addGlobalFilter(975)) - Added global filter 'safety' (class=org.apache.hadoop.http.HttpServer2$QuotingInputFilter)
2019-11-18 17:55:36,992 [main] INFO  http.HttpServer2 (HttpServer2.java:addFilter(948)) - Added filter static_user_filter (class=org.apache.hadoop.http.lib.StaticUserWebFilter$StaticUserFilter) to context scm
2019-11-18 17:55:36,992 [main] INFO  http.HttpServer2 (HttpServer2.java:addFilter(958)) - Added filter static_user_filter (class=org.apache.hadoop.http.lib.StaticUserWebFilter$StaticUserFilter) to context logs
2019-11-18 17:55:36,993 [main] INFO  http.HttpServer2 (HttpServer2.java:addFilter(958)) - Added filter static_user_filter (class=org.apache.hadoop.http.lib.StaticUserWebFilter$StaticUserFilter) to context static
2019-11-18 17:55:37,022 [main] INFO  server.StorageContainerManager (StorageContainerManager.java:start(765)) - StorageContainerLocationProtocol RPC server is listening at /0.0.0.0:42221
2019-11-18 17:55:37,081 [main] WARN  impl.MetricsConfig (MetricsConfig.java:loadFirst(134)) - Cannot locate configuration: tried hadoop-metrics2-storagecontainermanager.properties,hadoop-metrics2.properties
2019-11-18 17:55:37,094 [main] INFO  impl.MetricsSystemImpl (MetricsSystemImpl.java:startTimer(374)) - Scheduled Metric snapshot period at 10 second(s).
2019-11-18 17:55:37,095 [main] INFO  impl.MetricsSystemImpl (MetricsSystemImpl.java:start(191)) - StorageContainerManager metrics system started
2019-11-18 17:55:37,301 [main] INFO  server.SCMClientProtocolServer (SCMClientProtocolServer.java:start(160)) - RPC server for Client  is listening at /0.0.0.0:42221
2019-11-18 17:55:37,302 [IPC Server Responder] INFO  ipc.Server (Server.java:run(1314)) - IPC Server Responder: starting
2019-11-18 17:55:37,302 [IPC Server listener on 42221] INFO  ipc.Server (Server.java:run(1153)) - IPC Server listener on 42221: starting
2019-11-18 17:55:37,305 [main] INFO  server.StorageContainerManager (StorageContainerManager.java:start(775)) - ScmBlockLocationProtocol RPC server is listening at /0.0.0.0:45455
2019-11-18 17:55:37,306 [main] INFO  server.SCMBlockProtocolServer (SCMBlockProtocolServer.java:start(146)) - RPC server for Block Protocol is listening at /0.0.0.0:45455
2019-11-18 17:55:37,306 [IPC Server Responder] INFO  ipc.Server (Server.java:run(1314)) - IPC Server Responder: starting
2019-11-18 17:55:37,306 [IPC Server listener on 45455] INFO  ipc.Server (Server.java:run(1153)) - IPC Server listener on 45455: starting
2019-11-18 17:55:37,309 [main] INFO  server.StorageContainerManager (StorageContainerManager.java:start(779)) - ScmDatanodeProtocl RPC server is listening at /0.0.0.0:40939
2019-11-18 17:55:37,309 [main] INFO  server.SCMDatanodeProtocolServer (SCMDatanodeProtocolServer.java:start(177)) - RPC server for DataNodes is listening at /0.0.0.0:40939
2019-11-18 17:55:37,310 [IPC Server Responder] INFO  ipc.Server (Server.java:run(1314)) - IPC Server Responder: starting
2019-11-18 17:55:37,310 [IPC Server listener on 40939] INFO  ipc.Server (Server.java:run(1153)) - IPC Server listener on 40939: starting
2019-11-18 17:55:37,313 [main] INFO  http.HttpServer2 (HttpServer2.java:bindListener(1191)) - Jetty bound to port 37722
2019-11-18 17:55:37,315 [main] INFO  server.Server (Server.java:doStart(351)) - jetty-9.3.25.v20180904, build timestamp: 2018-09-04T21:11:46Z, git hash: 3ce520221d0240229c862b122d2b06c12a625732
2019-11-18 17:55:37,347 [main] INFO  handler.ContextHandler (ContextHandler.java:doStart(781)) - Started o.e.j.s.ServletContextHandler@1b2c4efb{/logs,file:///workdir/hadoop-ozone/tools/target/log,AVAILABLE}
2019-11-18 17:55:37,347 [main] INFO  handler.ContextHandler (ContextHandler.java:doStart(781)) - Started o.e.j.s.ServletContextHandler@4566d049{/static,jar:file:/home/user/.m2/repository/org/apache/hadoop/hadoop-hdds-server-scm/0.5.0-SNAPSHOT/hadoop-hdds-server-scm-0.5.0-SNAPSHOT.jar!/webapps/static,AVAILABLE}
2019-11-18 17:55:37,419 [main] INFO  handler.ContextHandler (ContextHandler.java:doStart(781)) - Started o.e.j.w.WebAppContext@4263b080{/,file:///tmp/jetty-0.0.0.0-37722-scm-_-any-442176424673924488.dir/webapp/,AVAILABLE}{/scm}
2019-11-18 17:55:37,424 [main] INFO  server.AbstractConnector (AbstractConnector.java:doStart(278)) - Started ServerConnector@27eb3298{HTTP/1.1,[http/1.1]}{0.0.0.0:37722}
2019-11-18 17:55:37,424 [main] INFO  server.Server (Server.java:doStart(419)) - Started @2941ms
2019-11-18 17:55:37,426 [main] INFO  impl.MetricsSinkAdapter (MetricsSinkAdapter.java:start(204)) - Sink prometheus started
2019-11-18 17:55:37,427 [main] INFO  impl.MetricsSystemImpl (MetricsSystemImpl.java:registerSink(301)) - Registered sink prometheus
2019-11-18 17:55:37,429 [main] INFO  server.BaseHttpServer (BaseHttpServer.java:updateConnectorAddress(215)) - HTTP server of SCM is listening at http://0.0.0.0:37722
2019-11-18 17:55:37,437 [org.apache.hadoop.util.JvmPauseMonitor$Monitor@76318a7d] INFO  util.JvmPauseMonitor (JvmPauseMonitor.java:run(188)) - Starting JVM pause monitor
2019-11-18 17:55:37,441 [main] WARN  server.ServerUtils (ServerUtils.java:getDBPath(222)) - ozone.om.db.dirs is not configured. We recommend adding this setting. Falling back to ozone.metadata.dirs instead.
2019-11-18 17:55:37,559 [main] INFO  ha.OMHANodeDetails (OMHANodeDetails.java:loadOMHAConfig(190)) - Configuration either no ozone.om.address set. Falling back to the default OM address /127.0.0.1:0
2019-11-18 17:55:37,559 [main] INFO  ha.OMHANodeDetails (OMHANodeDetails.java:getOMNodeDetails(220)) - OM Service ID is not set. Setting it to the default ID: omServiceIdDefault
2019-11-18 17:55:37,561 [main] WARN  server.ServerUtils (ServerUtils.java:getDBPath(222)) - ozone.om.db.dirs is not configured. We recommend adding this setting. Falling back to ozone.metadata.dirs instead.
2019-11-18 17:55:37,561 [main] WARN  server.ServerUtils (ServerUtils.java:getDBPath(222)) - ozone.om.db.dirs is not configured. We recommend adding this setting. Falling back to ozone.metadata.dirs instead.
2019-11-18 17:55:38,183 [main] WARN  server.ServerUtils (ServerUtils.java:getDBPath(222)) - ozone.om.db.dirs is not configured. We recommend adding this setting. Falling back to ozone.metadata.dirs instead.
2019-11-18 17:55:38,192 [main] INFO  db.DBStoreBuilder (DBStoreBuilder.java:addTable(127)) - using custom profile for table: userTable
2019-11-18 17:55:38,192 [main] INFO  db.DBStoreBuilder (DBStoreBuilder.java:processTables(183)) - Using default column profile:DBProfile.DISK for Table:userTable
2019-11-18 17:55:38,192 [main] INFO  db.DBStoreBuilder (DBStoreBuilder.java:addTable(127)) - using custom profile for table: volumeTable
2019-11-18 17:55:38,192 [main] INFO  db.DBStoreBuilder (DBStoreBuilder.java:processTables(183)) - Using default column profile:DBProfile.DISK for Table:volumeTable
2019-11-18 17:55:38,193 [main] INFO  db.DBStoreBuilder (DBStoreBuilder.java:addTable(127)) - using custom profile for table: bucketTable
2019-11-18 17:55:38,193 [main] INFO  db.DBStoreBuilder (DBStoreBuilder.java:processTables(183)) - Using default column profile:DBProfile.DISK for Table:bucketTable
2019-11-18 17:55:38,193 [main] INFO  db.DBStoreBuilder (DBStoreBuilder.java:addTable(127)) - using custom profile for table: keyTable
2019-11-18 17:55:38,193 [main] INFO  db.DBStoreBuilder (DBStoreBuilder.java:processTables(183)) - Using default column profile:DBProfile.DISK for Table:keyTable
2019-11-18 17:55:38,193 [main] INFO  db.DBStoreBuilder (DBStoreBuilder.java:addTable(127)) - using custom profile for table: deletedTable
2019-11-18 17:55:38,194 [main] INFO  db.DBStoreBuilder (DBStoreBuilder.java:processTables(183)) - Using default column profile:DBProfile.DISK for Table:deletedTable
2019-11-18 17:55:38,194 [main] INFO  db.DBStoreBuilder (DBStoreBuilder.java:addTable(127)) - using custom profile for table: openKeyTable
2019-11-18 17:55:38,194 [main] INFO  db.DBStoreBuilder (DBStoreBuilder.java:processTables(183)) - Using default column profile:DBProfile.DISK for Table:openKeyTable
2019-11-18 17:55:38,194 [main] INFO  db.DBStoreBuilder (DBStoreBuilder.java:addTable(127)) - using custom profile for table: s3Table
2019-11-18 17:55:38,195 [main] INFO  db.DBStoreBuilder (DBStoreBuilder.java:processTables(183)) - Using default column profile:DBProfile.DISK for Table:s3Table
2019-11-18 17:55:38,195 [main] INFO  db.DBStoreBuilder (DBStoreBuilder.java:addTable(127)) - using custom profile for table: multipartInfoTable
2019-11-18 17:55:38,195 [main] INFO  db.DBStoreBuilder (DBStoreBuilder.java:processTables(183)) - Using default column profile:DBProfile.DISK for Table:multipartInfoTable
2019-11-18 17:55:38,195 [main] INFO  db.DBStoreBuilder (DBStoreBuilder.java:addTable(127)) - using custom profile for table: dTokenTable
2019-11-18 17:55:38,196 [main] INFO  db.DBStoreBuilder (DBStoreBuilder.java:processTables(183)) - Using default column profile:DBProfile.DISK for Table:dTokenTable
2019-11-18 17:55:38,196 [main] INFO  db.DBStoreBuilder (DBStoreBuilder.java:addTable(127)) - using custom profile for table: s3SecretTable
2019-11-18 17:55:38,196 [main] INFO  db.DBStoreBuilder (DBStoreBuilder.java:processTables(183)) - Using default column profile:DBProfile.DISK for Table:s3SecretTable
2019-11-18 17:55:38,196 [main] INFO  db.DBStoreBuilder (DBStoreBuilder.java:addTable(127)) - using custom profile for table: prefixTable
2019-11-18 17:55:38,197 [main] INFO  db.DBStoreBuilder (DBStoreBuilder.java:processTables(183)) - Using default column profile:DBProfile.DISK for Table:prefixTable
2019-11-18 17:55:38,197 [main] INFO  db.DBStoreBuilder (DBStoreBuilder.java:addTable(127)) - using custom profile for table: default
2019-11-18 17:55:38,197 [main] INFO  db.DBStoreBuilder (DBStoreBuilder.java:processTables(189)) - Using default column profile:DBProfile.DISK for Table:default
2019-11-18 17:55:38,197 [main] INFO  db.DBStoreBuilder (DBStoreBuilder.java:getDbProfile(220)) - Using default options. DBProfile.DISK
2019-11-18 17:55:38,920 [main] INFO  ipc.CallQueueManager (CallQueueManager.java:<init>(84)) - Using callQueue: class java.util.concurrent.LinkedBlockingQueue, queueCapacity: 2000, scheduler: class org.apache.hadoop.ipc.DefaultRpcScheduler, ipcBackoff: false.
2019-11-18 17:55:38,921 [Socket Reader #1 for port 40695] INFO  ipc.Server (Server.java:run(1074)) - Starting Socket Reader #1 for port 40695
2019-11-18 17:55:38,954 [main] INFO  om.OzoneManager (OzoneManager.java:start(1077)) - OzoneManager RPC server is listening at localhost/127.0.0.1:40695
2019-11-18 17:55:38,954 [main] INFO  impl.MetricsSystemImpl (MetricsSystemImpl.java:init(158)) - OzoneManager metrics system started (again)
2019-11-18 17:55:38,963 [IPC Server Responder] INFO  ipc.Server (Server.java:run(1314)) - IPC Server Responder: starting
2019-11-18 17:55:38,963 [IPC Server listener on 40695] INFO  ipc.Server (Server.java:run(1153)) - IPC Server listener on 40695: starting
2019-11-18 17:55:38,970 [main] INFO  hdfs.DFSUtil (DFSUtil.java:httpServerTemplateForNNAndJN(1641)) - Starting Web-server for ozoneManager at: http://0.0.0.0:0
2019-11-18 17:55:38,972 [main] INFO  server.AuthenticationFilter (AuthenticationFilter.java:constructSecretProvider(240)) - Unable to initialize FileSignerSecretProvider, falling back to use random secrets.
2019-11-18 17:55:38,972 [main] WARN  http.HttpRequestLog (HttpRequestLog.java:getRequestLog(97)) - Jetty request log can only be enabled using Log4j
2019-11-18 17:55:38,974 [main] INFO  http.HttpServer2 (HttpServer2.java:addGlobalFilter(975)) - Added global filter 'safety' (class=org.apache.hadoop.http.HttpServer2$QuotingInputFilter)
2019-11-18 17:55:38,975 [main] INFO  http.HttpServer2 (HttpServer2.java:addFilter(948)) - Added filter static_user_filter (class=org.apache.hadoop.http.lib.StaticUserWebFilter$StaticUserFilter) to context ozoneManager
2019-11-18 17:55:38,976 [main] INFO  http.HttpServer2 (HttpServer2.java:addFilter(958)) - Added filter static_user_filter (class=org.apache.hadoop.http.lib.StaticUserWebFilter$StaticUserFilter) to context logs
2019-11-18 17:55:38,976 [main] INFO  http.HttpServer2 (HttpServer2.java:addFilter(958)) - Added filter static_user_filter (class=org.apache.hadoop.http.lib.StaticUserWebFilter$StaticUserFilter) to context static
2019-11-18 17:55:38,978 [main] INFO  http.HttpServer2 (HttpServer2.java:bindListener(1191)) - Jetty bound to port 42877
2019-11-18 17:55:38,978 [main] INFO  server.Server (Server.java:doStart(351)) - jetty-9.3.25.v20180904, build timestamp: 2018-09-04T21:11:46Z, git hash: 3ce520221d0240229c862b122d2b06c12a625732
2019-11-18 17:55:38,981 [main] INFO  handler.ContextHandler (ContextHandler.java:doStart(781)) - Started o.e.j.s.ServletContextHandler@2b0b4d53{/logs,file:///workdir/hadoop-ozone/tools/target/log,AVAILABLE}
2019-11-18 17:55:38,981 [main] INFO  handler.ContextHandler (ContextHandler.java:doStart(781)) - Started o.e.j.s.ServletContextHandler@38548b19{/static,jar:file:/home/user/.m2/repository/org/apache/hadoop/hadoop-ozone-ozone-manager/0.5.0-SNAPSHOT/hadoop-ozone-ozone-manager-0.5.0-SNAPSHOT.jar!/webapps/static,AVAILABLE}
2019-11-18 17:55:39,031 [main] INFO  handler.ContextHandler (ContextHandler.java:doStart(781)) - Started o.e.j.w.WebAppContext@44c5a16f{/,file:///tmp/jetty-0.0.0.0-42877-ozoneManager-_-any-7832414686448636211.dir/webapp/,AVAILABLE}{/ozoneManager}
2019-11-18 17:55:39,031 [main] INFO  server.AbstractConnector (AbstractConnector.java:doStart(278)) - Started ServerConnector@417d6615{HTTP/1.1,[http/1.1]}{0.0.0.0:42877}
2019-11-18 17:55:39,032 [main] INFO  server.Server (Server.java:doStart(419)) - Started @4549ms
2019-11-18 17:55:39,032 [main] WARN  impl.MetricsSystemImpl (MetricsSystemImpl.java:register(276)) - Sink prometheus already exists!
2019-11-18 17:55:39,033 [main] INFO  server.BaseHttpServer (BaseHttpServer.java:updateConnectorAddress(215)) - HTTP server of OZONEMANAGER is listening at http://0.0.0.0:42877
2019-11-18 17:55:39,332 [main] INFO  impl.MetricsSystemImpl (MetricsSystemImpl.java:init(158)) - HddsDatanode metrics system started (again)
2019-11-18 17:55:39,383 [main] INFO  ozone.HddsDatanodeService (HddsDatanodeService.java:start(186)) - HddsDatanodeService host:pr-hdds-2533-gxxrh-3661068771 ip:192.168.157.193
2019-11-18 17:55:39,419 [main] INFO  volume.HddsVolume (HddsVolume.java:<init>(176)) - Creating Volume: /workdir/hadoop-ozone/tools/target/test-dir/MiniOzoneClusterImpl-b5b77925-1696-4489-9325-55d34611e487/datanode-0/data/containers/hdds of  storage type : DISK and capacity : 1482555576320
2019-11-18 17:55:39,421 [main] INFO  volume.VolumeSet (VolumeSet.java:initializeVolumeSet(170)) - Added Volume : /workdir/hadoop-ozone/tools/target/test-dir/MiniOzoneClusterImpl-b5b77925-1696-4489-9325-55d34611e487/datanode-0/data/containers/hdds to VolumeSet
2019-11-18 17:55:39,424 [main] INFO  volume.ThrottledAsyncChecker (ThrottledAsyncChecker.java:schedule(141)) - Scheduling a check for /workdir/hadoop-ozone/tools/target/test-dir/MiniOzoneClusterImpl-b5b77925-1696-4489-9325-55d34611e487/datanode-0/data/containers/hdds
2019-11-18 17:55:39,442 [main] INFO  volume.HddsVolumeChecker (HddsVolumeChecker.java:checkAllVolumes(204)) - Scheduled health check for volume /workdir/hadoop-ozone/tools/target/test-dir/MiniOzoneClusterImpl-b5b77925-1696-4489-9325-55d34611e487/datanode-0/data/containers/hdds
2019-11-18 17:55:39,545 [main] INFO  impl.RaftServerProxy (ConfUtils.java:logGet(43)) - raft.rpc.type = GRPC (default)
2019-11-18 17:55:39,608 [main] INFO  grpc.GrpcFactory (GrpcFactory.java:checkPooledByteBufAllocatorUseCacheForAllThreads(45)) - PERFORMANCE WARNING: useCacheForAllThreads is true that may cause Netty to create a lot garbage objects and, as a result, trigger GC.
	It is recommended to disable useCacheForAllThreads by setting -Dorg.apache.ratis.thirdparty.io.netty.allocator.useCacheForAllThreads=false in command line.
2019-11-18 17:55:39,614 [main] INFO  grpc.GrpcConfigKeys$Server (ConfUtils.java:logGet(43)) - raft.grpc.server.port = 0 (default)
2019-11-18 17:55:39,615 [main] INFO  server.GrpcService (ConfUtils.java:logGet(43)) - raft.grpc.message.size.max = 33570816 (custom)
2019-11-18 17:55:39,617 [main] INFO  server.RaftServerConfigKeys (ConfUtils.java:logGet(43)) - raft.server.log.appender.buffer.byte-limit = 33554432 (custom)
2019-11-18 17:55:39,618 [main] INFO  server.GrpcService (ConfUtils.java:logGet(43)) - raft.grpc.flow.control.window = 1MB (=1048576) (default)
2019-11-18 17:55:39,618 [main] INFO  server.RaftServerConfigKeys (ConfUtils.java:logGet(43)) - raft.server.rpc.request.timeout = 3000ms (default)
2019-11-18 17:55:39,784 [main] INFO  server.RaftServerConfigKeys (ConfUtils.java:logGet(43)) - raft.server.storage.dir = [/workdir/hadoop-ozone/tools/target/test-dir/MiniOzoneClusterImpl-b5b77925-1696-4489-9325-55d34611e487/datanode-0/data/ratis] (custom)
2019-11-18 17:55:39,833 [main] INFO  hdfs.DFSUtil (DFSUtil.java:httpServerTemplateForNNAndJN(1641)) - Starting Web-server for hddsDatanode at: http://0.0.0.0:0
2019-11-18 17:55:39,836 [main] INFO  server.AuthenticationFilter (AuthenticationFilter.java:constructSecretProvider(240)) - Unable to initialize FileSignerSecretProvider, falling back to use random secrets.
2019-11-18 17:55:39,837 [main] WARN  http.HttpRequestLog (HttpRequestLog.java:getRequestLog(97)) - Jetty request log can only be enabled using Log4j
2019-11-18 17:55:39,840 [main] INFO  http.HttpServer2 (HttpServer2.java:addGlobalFilter(975)) - Added global filter 'safety' (class=org.apache.hadoop.http.HttpServer2$QuotingInputFilter)
2019-11-18 17:55:39,841 [main] INFO  http.HttpServer2 (HttpServer2.java:addFilter(948)) - Added filter static_user_filter (class=org.apache.hadoop.http.lib.StaticUserWebFilter$StaticUserFilter) to context hddsDatanode
2019-11-18 17:55:39,842 [main] INFO  http.HttpServer2 (HttpServer2.java:addFilter(958)) - Added filter static_user_filter (class=org.apache.hadoop.http.lib.StaticUserWebFilter$StaticUserFilter) to context static
2019-11-18 17:55:39,842 [main] INFO  http.HttpServer2 (HttpServer2.java:addFilter(958)) - Added filter static_user_filter (class=org.apache.hadoop.http.lib.StaticUserWebFilter$StaticUserFilter) to context logs
2019-11-18 17:55:39,843 [main] INFO  http.HttpServer2 (HttpServer2.java:bindListener(1191)) - Jetty bound to port 45465
2019-11-18 17:55:39,844 [main] INFO  server.Server (Server.java:doStart(351)) - jetty-9.3.25.v20180904, build timestamp: 2018-09-04T21:11:46Z, git hash: 3ce520221d0240229c862b122d2b06c12a625732
2019-11-18 17:55:39,860 [main] INFO  handler.ContextHandler (ContextHandler.java:doStart(781)) - Started o.e.j.s.ServletContextHandler@4c777e7b{/logs,file:///workdir/hadoop-ozone/tools/target/log,AVAILABLE}
2019-11-18 17:55:39,861 [main] INFO  handler.ContextHandler (ContextHandler.java:doStart(781)) - Started o.e.j.s.ServletContextHandler@78e22d35{/static,jar:file:/home/user/.m2/repository/org/apache/hadoop/hadoop-hdds-container-service/0.5.0-SNAPSHOT/hadoop-hdds-container-service-0.5.0-SNAPSHOT.jar!/webapps/static,AVAILABLE}
2019-11-18 17:55:39,909 [main] INFO  handler.ContextHandler (ContextHandler.java:doStart(781)) - Started o.e.j.w.WebAppContext@2819c460{/,file:///tmp/jetty-0.0.0.0-45465-hddsDatanode-_-any-9078030664076877839.dir/webapp/,AVAILABLE}{/hddsDatanode}
2019-11-18 17:55:39,910 [main] INFO  server.AbstractConnector (AbstractConnector.java:doStart(278)) - Started ServerConnector@30364216{HTTP/1.1,[http/1.1]}{0.0.0.0:45465}
2019-11-18 17:55:39,910 [main] INFO  server.Server (Server.java:doStart(419)) - Started @5427ms
2019-11-18 17:55:39,911 [main] WARN  impl.MetricsSystemImpl (MetricsSystemImpl.java:register(276)) - Sink prometheus already exists!
2019-11-18 17:55:39,912 [main] INFO  server.BaseHttpServer (BaseHttpServer.java:updateConnectorAddress(215)) - HTTP server of HDDSDATANODE is listening at http://0.0.0.0:45465
2019-11-18 17:55:39,914 [main] INFO  impl.MetricsSystemImpl (MetricsSystemImpl.java:init(158)) - HddsDatanode metrics system started (again)
2019-11-18 17:55:39,917 [main] INFO  ozone.HddsDatanodeService (HddsDatanodeService.java:start(186)) - HddsDatanodeService host:pr-hdds-2533-gxxrh-3661068771 ip:192.168.157.193
2019-11-18 17:55:39,920 [org.apache.hadoop.util.JvmPauseMonitor$Monitor@123b5b13] INFO  util.JvmPauseMonitor (JvmPauseMonitor.java:run(188)) - Starting JVM pause monitor
2019-11-18 17:55:39,928 [main] INFO  volume.HddsVolume (HddsVolume.java:<init>(176)) - Creating Volume: /workdir/hadoop-ozone/tools/target/test-dir/MiniOzoneClusterImpl-b5b77925-1696-4489-9325-55d34611e487/datanode-1/data/containers/hdds of  storage type : DISK and capacity : 1482555576320
2019-11-18 17:55:39,929 [main] INFO  volume.VolumeSet (VolumeSet.java:initializeVolumeSet(170)) - Added Volume : /workdir/hadoop-ozone/tools/target/test-dir/MiniOzoneClusterImpl-b5b77925-1696-4489-9325-55d34611e487/datanode-1/data/containers/hdds to VolumeSet
2019-11-18 17:55:39,929 [main] INFO  volume.ThrottledAsyncChecker (ThrottledAsyncChecker.java:schedule(141)) - Scheduling a check for /workdir/hadoop-ozone/tools/target/test-dir/MiniOzoneClusterImpl-b5b77925-1696-4489-9325-55d34611e487/datanode-1/data/containers/hdds
2019-11-18 17:55:39,930 [main] INFO  volume.HddsVolumeChecker (HddsVolumeChecker.java:checkAllVolumes(204)) - Scheduled health check for volume /workdir/hadoop-ozone/tools/target/test-dir/MiniOzoneClusterImpl-b5b77925-1696-4489-9325-55d34611e487/datanode-1/data/containers/hdds
2019-11-18 17:55:39,951 [main] INFO  impl.RaftServerProxy (ConfUtils.java:logGet(43)) - raft.rpc.type = GRPC (default)
2019-11-18 17:55:39,951 [main] INFO  grpc.GrpcFactory (GrpcFactory.java:checkPooledByteBufAllocatorUseCacheForAllThreads(45)) - PERFORMANCE WARNING: useCacheForAllThreads is true that may cause Netty to create a lot garbage objects and, as a result, trigger GC.
	It is recommended to disable useCacheForAllThreads by setting -Dorg.apache.ratis.thirdparty.io.netty.allocator.useCacheForAllThreads=false in command line.
2019-11-18 17:55:39,952 [main] INFO  grpc.GrpcConfigKeys$Server (ConfUtils.java:logGet(43)) - raft.grpc.server.port = 0 (default)
2019-11-18 17:55:39,952 [main] INFO  server.GrpcService (ConfUtils.java:logGet(43)) - raft.grpc.message.size.max = 33570816 (custom)
2019-11-18 17:55:39,952 [main] INFO  server.RaftServerConfigKeys (ConfUtils.java:logGet(43)) - raft.server.log.appender.buffer.byte-limit = 33554432 (custom)
2019-11-18 17:55:39,953 [main] INFO  server.GrpcService (ConfUtils.java:logGet(43)) - raft.grpc.flow.control.window = 1MB (=1048576) (default)
2019-11-18 17:55:39,953 [main] INFO  server.RaftServerConfigKeys (ConfUtils.java:logGet(43)) - raft.server.rpc.request.timeout = 3000ms (default)
2019-11-18 17:55:39,954 [main] INFO  server.RaftServerConfigKeys (ConfUtils.java:logGet(43)) - raft.server.storage.dir = [/workdir/hadoop-ozone/tools/target/test-dir/MiniOzoneClusterImpl-b5b77925-1696-4489-9325-55d34611e487/datanode-1/data/ratis] (custom)
2019-11-18 17:55:39,956 [main] INFO  hdfs.DFSUtil (DFSUtil.java:httpServerTemplateForNNAndJN(1641)) - Starting Web-server for hddsDatanode at: http://0.0.0.0:0
2019-11-18 17:55:39,958 [main] INFO  server.AuthenticationFilter (AuthenticationFilter.java:constructSecretProvider(240)) - Unable to initialize FileSignerSecretProvider, falling back to use random secrets.
2019-11-18 17:55:39,959 [main] WARN  http.HttpRequestLog (HttpRequestLog.java:getRequestLog(97)) - Jetty request log can only be enabled using Log4j
2019-11-18 17:55:39,961 [main] INFO  http.HttpServer2 (HttpServer2.java:addGlobalFilter(975)) - Added global filter 'safety' (class=org.apache.hadoop.http.HttpServer2$QuotingInputFilter)
2019-11-18 17:55:39,963 [main] INFO  http.HttpServer2 (HttpServer2.java:addFilter(948)) - Added filter static_user_filter (class=org.apache.hadoop.http.lib.StaticUserWebFilter$StaticUserFilter) to context hddsDatanode
2019-11-18 17:55:39,963 [main] INFO  http.HttpServer2 (HttpServer2.java:addFilter(958)) - Added filter static_user_filter (class=org.apache.hadoop.http.lib.StaticUserWebFilter$StaticUserFilter) to context logs
2019-11-18 17:55:39,963 [main] INFO  http.HttpServer2 (HttpServer2.java:addFilter(958)) - Added filter static_user_filter (class=org.apache.hadoop.http.lib.StaticUserWebFilter$StaticUserFilter) to context static
2019-11-18 17:55:39,965 [main] INFO  http.HttpServer2 (HttpServer2.java:bindListener(1191)) - Jetty bound to port 33932
2019-11-18 17:55:39,965 [main] INFO  server.Server (Server.java:doStart(351)) - jetty-9.3.25.v20180904, build timestamp: 2018-09-04T21:11:46Z, git hash: 3ce520221d0240229c862b122d2b06c12a625732
2019-11-18 17:55:39,970 [main] INFO  handler.ContextHandler (ContextHandler.java:doStart(781)) - Started o.e.j.s.ServletContextHandler@48d293ee{/logs,file:///workdir/hadoop-ozone/tools/target/log,AVAILABLE}
2019-11-18 17:55:39,971 [main] INFO  handler.ContextHandler (ContextHandler.java:doStart(781)) - Started o.e.j.s.ServletContextHandler@22587507{/static,jar:file:/home/user/.m2/repository/org/apache/hadoop/hadoop-hdds-container-service/0.5.0-SNAPSHOT/hadoop-hdds-container-service-0.5.0-SNAPSHOT.jar!/webapps/static,AVAILABLE}
2019-11-18 17:55:40,019 [main] INFO  handler.ContextHandler (ContextHandler.java:doStart(781)) - Started o.e.j.w.WebAppContext@51c959a4{/,file:///tmp/jetty-0.0.0.0-33932-hddsDatanode-_-any-6704188247565888987.dir/webapp/,AVAILABLE}{/hddsDatanode}
2019-11-18 17:55:40,019 [Datanode State Machine Thread - 0] INFO  datanode.InitDatanodeState (InitDatanodeState.java:persistContainerDatanodeDetails(140)) - DatanodeDetails is persisted to /workdir/hadoop-ozone/tools/target/test-dir/MiniOzoneClusterImpl-b5b77925-1696-4489-9325-55d34611e487/datanode-0/meta/datanode.id
2019-11-18 17:55:40,020 [main] INFO  server.AbstractConnector (AbstractConnector.java:doStart(278)) - Started ServerConnector@4fc3c165{HTTP/1.1,[http/1.1]}{0.0.0.0:33932}
2019-11-18 17:55:40,020 [main] INFO  server.Server (Server.java:doStart(419)) - Started @5537ms
2019-11-18 17:55:40,021 [main] WARN  impl.MetricsSystemImpl (MetricsSystemImpl.java:register(276)) - Sink prometheus already exists!
2019-11-18 17:55:40,022 [main] INFO  server.BaseHttpServer (BaseHttpServer.java:updateConnectorAddress(215)) - HTTP server of HDDSDATANODE is listening at http://0.0.0.0:33932
2019-11-18 17:55:40,023 [main] INFO  impl.MetricsSystemImpl (MetricsSystemImpl.java:init(158)) - HddsDatanode metrics system started (again)
2019-11-18 17:55:40,025 [main] INFO  ozone.HddsDatanodeService (HddsDatanodeService.java:start(186)) - HddsDatanodeService host:pr-hdds-2533-gxxrh-3661068771 ip:192.168.157.193
2019-11-18 17:55:40,026 [org.apache.hadoop.util.JvmPauseMonitor$Monitor@5dd53f3e] INFO  util.JvmPauseMonitor (JvmPauseMonitor.java:run(188)) - Starting JVM pause monitor
2019-11-18 17:55:40,032 [Datanode State Machine Thread - 0] INFO  datanode.InitDatanodeState (InitDatanodeState.java:persistContainerDatanodeDetails(140)) - DatanodeDetails is persisted to /workdir/hadoop-ozone/tools/target/test-dir/MiniOzoneClusterImpl-b5b77925-1696-4489-9325-55d34611e487/datanode-1/meta/datanode.id
2019-11-18 17:55:40,035 [main] INFO  volume.HddsVolume (HddsVolume.java:<init>(176)) - Creating Volume: /workdir/hadoop-ozone/tools/target/test-dir/MiniOzoneClusterImpl-b5b77925-1696-4489-9325-55d34611e487/datanode-2/data/containers/hdds of  storage type : DISK and capacity : 1482555576320
2019-11-18 17:55:40,036 [main] INFO  volume.VolumeSet (VolumeSet.java:initializeVolumeSet(170)) - Added Volume : /workdir/hadoop-ozone/tools/target/test-dir/MiniOzoneClusterImpl-b5b77925-1696-4489-9325-55d34611e487/datanode-2/data/containers/hdds to VolumeSet
2019-11-18 17:55:40,036 [main] INFO  volume.ThrottledAsyncChecker (ThrottledAsyncChecker.java:schedule(141)) - Scheduling a check for /workdir/hadoop-ozone/tools/target/test-dir/MiniOzoneClusterImpl-b5b77925-1696-4489-9325-55d34611e487/datanode-2/data/containers/hdds
2019-11-18 17:55:40,036 [main] INFO  volume.HddsVolumeChecker (HddsVolumeChecker.java:checkAllVolumes(204)) - Scheduled health check for volume /workdir/hadoop-ozone/tools/target/test-dir/MiniOzoneClusterImpl-b5b77925-1696-4489-9325-55d34611e487/datanode-2/data/containers/hdds
2019-11-18 17:55:40,052 [main] INFO  impl.RaftServerProxy (ConfUtils.java:logGet(43)) - raft.rpc.type = GRPC (default)
2019-11-18 17:55:40,052 [main] INFO  grpc.GrpcFactory (GrpcFactory.java:checkPooledByteBufAllocatorUseCacheForAllThreads(45)) - PERFORMANCE WARNING: useCacheForAllThreads is true that may cause Netty to create a lot garbage objects and, as a result, trigger GC.
	It is recommended to disable useCacheForAllThreads by setting -Dorg.apache.ratis.thirdparty.io.netty.allocator.useCacheForAllThreads=false in command line.
2019-11-18 17:55:40,052 [main] INFO  grpc.GrpcConfigKeys$Server (ConfUtils.java:logGet(43)) - raft.grpc.server.port = 0 (default)
2019-11-18 17:55:40,053 [main] INFO  server.GrpcService (ConfUtils.java:logGet(43)) - raft.grpc.message.size.max = 33570816 (custom)
2019-11-18 17:55:40,053 [main] INFO  server.RaftServerConfigKeys (ConfUtils.java:logGet(43)) - raft.server.log.appender.buffer.byte-limit = 33554432 (custom)
2019-11-18 17:55:40,053 [main] INFO  server.GrpcService (ConfUtils.java:logGet(43)) - raft.grpc.flow.control.window = 1MB (=1048576) (default)
2019-11-18 17:55:40,053 [main] INFO  server.RaftServerConfigKeys (ConfUtils.java:logGet(43)) - raft.server.rpc.request.timeout = 3000ms (default)
2019-11-18 17:55:40,054 [main] INFO  server.RaftServerConfigKeys (ConfUtils.java:logGet(43)) - raft.server.storage.dir = [/workdir/hadoop-ozone/tools/target/test-dir/MiniOzoneClusterImpl-b5b77925-1696-4489-9325-55d34611e487/datanode-2/data/ratis] (custom)
2019-11-18 17:55:40,056 [main] INFO  hdfs.DFSUtil (DFSUtil.java:httpServerTemplateForNNAndJN(1641)) - Starting Web-server for hddsDatanode at: http://0.0.0.0:0
2019-11-18 17:55:40,057 [main] INFO  server.AuthenticationFilter (AuthenticationFilter.java:constructSecretProvider(240)) - Unable to initialize FileSignerSecretProvider, falling back to use random secrets.
2019-11-18 17:55:40,057 [main] WARN  http.HttpRequestLog (HttpRequestLog.java:getRequestLog(97)) - Jetty request log can only be enabled using Log4j
2019-11-18 17:55:40,059 [main] INFO  http.HttpServer2 (HttpServer2.java:addGlobalFilter(975)) - Added global filter 'safety' (class=org.apache.hadoop.http.HttpServer2$QuotingInputFilter)
2019-11-18 17:55:40,060 [main] INFO  http.HttpServer2 (HttpServer2.java:addFilter(948)) - Added filter static_user_filter (class=org.apache.hadoop.http.lib.StaticUserWebFilter$StaticUserFilter) to context hddsDatanode
2019-11-18 17:55:40,060 [main] INFO  http.HttpServer2 (HttpServer2.java:addFilter(958)) - Added filter static_user_filter (class=org.apache.hadoop.http.lib.StaticUserWebFilter$StaticUserFilter) to context static
2019-11-18 17:55:40,060 [main] INFO  http.HttpServer2 (HttpServer2.java:addFilter(958)) - Added filter static_user_filter (class=org.apache.hadoop.http.lib.StaticUserWebFilter$StaticUserFilter) to context logs
2019-11-18 17:55:40,061 [main] INFO  http.HttpServer2 (HttpServer2.java:bindListener(1191)) - Jetty bound to port 44864
2019-11-18 17:55:40,061 [main] INFO  server.Server (Server.java:doStart(351)) - jetty-9.3.25.v20180904, build timestamp: 2018-09-04T21:11:46Z, git hash: 3ce520221d0240229c862b122d2b06c12a625732
2019-11-18 17:55:40,063 [main] INFO  handler.ContextHandler (ContextHandler.java:doStart(781)) - Started o.e.j.s.ServletContextHandler@60bbacfc{/logs,file:///workdir/hadoop-ozone/tools/target/log,AVAILABLE}
2019-11-18 17:55:40,064 [main] INFO  handler.ContextHandler (ContextHandler.java:doStart(781)) - Started o.e.j.s.ServletContextHandler@255eaa6b{/static,jar:file:/home/user/.m2/repository/org/apache/hadoop/hadoop-hdds-container-service/0.5.0-SNAPSHOT/hadoop-hdds-container-service-0.5.0-SNAPSHOT.jar!/webapps/static,AVAILABLE}
2019-11-18 17:55:40,094 [main] INFO  handler.ContextHandler (ContextHandler.java:doStart(781)) - Started o.e.j.w.WebAppContext@46963479{/,file:///tmp/jetty-0.0.0.0-44864-hddsDatanode-_-any-4428168039649951738.dir/webapp/,AVAILABLE}{/hddsDatanode}
2019-11-18 17:55:40,095 [main] INFO  server.AbstractConnector (AbstractConnector.java:doStart(278)) - Started ServerConnector@7e74a380{HTTP/1.1,[http/1.1]}{0.0.0.0:44864}
2019-11-18 17:55:40,095 [main] INFO  server.Server (Server.java:doStart(419)) - Started @5612ms
2019-11-18 17:55:40,095 [main] WARN  impl.MetricsSystemImpl (MetricsSystemImpl.java:register(276)) - Sink prometheus already exists!
2019-11-18 17:55:40,097 [main] INFO  server.BaseHttpServer (BaseHttpServer.java:updateConnectorAddress(215)) - HTTP server of HDDSDATANODE is listening at http://0.0.0.0:44864
2019-11-18 17:55:40,099 [main] INFO  ozone.MiniOzoneClusterImpl (MiniOzoneClusterImpl.java:lambda$waitForClusterToBeReady$0(150)) - Waiting for nodes to be ready. Got 0 of 3 DN Heartbeats.
2019-11-18 17:55:40,099 [main] INFO  ozone.MiniOzoneClusterImpl (MiniOzoneClusterImpl.java:lambda$waitForClusterToBeReady$0(153)) - Waiting for cluster to exit safe mode
2019-11-18 17:55:40,101 [org.apache.hadoop.util.JvmPauseMonitor$Monitor@7ebcdbba] INFO  util.JvmPauseMonitor (JvmPauseMonitor.java:run(188)) - Starting JVM pause monitor
2019-11-18 17:55:40,105 [Datanode State Machine Thread - 0] INFO  datanode.InitDatanodeState (InitDatanodeState.java:persistContainerDatanodeDetails(140)) - DatanodeDetails is persisted to /workdir/hadoop-ozone/tools/target/test-dir/MiniOzoneClusterImpl-b5b77925-1696-4489-9325-55d34611e487/datanode-2/meta/datanode.id
2019-11-18 17:55:41,100 [main] INFO  ozone.MiniOzoneClusterImpl (MiniOzoneClusterImpl.java:lambda$waitForClusterToBeReady$0(150)) - Waiting for nodes to be ready. Got 0 of 3 DN Heartbeats.
2019-11-18 17:55:41,100 [main] INFO  ozone.MiniOzoneClusterImpl (MiniOzoneClusterImpl.java:lambda$waitForClusterToBeReady$0(153)) - Waiting for cluster to exit safe mode
2019-11-18 17:55:42,016 [Datanode State Machine Thread - 0] INFO  ozoneimpl.OzoneContainer (OzoneContainer.java:start(230)) - Attempting to start container services.
2019-11-18 17:55:42,019 [Datanode State Machine Thread - 0] INFO  ozoneimpl.OzoneContainer (OzoneContainer.java:startContainerScrub(194)) - Background container scanner has been disabled.
2019-11-18 17:55:42,019 [Datanode State Machine Thread - 0] INFO  ratis.XceiverServerRatis (XceiverServerRatis.java:start(422)) - Starting XceiverServerRatis 2171c4f4-ae56-4f52-8301-1dd0f7438014 at port 0
2019-11-18 17:55:42,045 [Datanode State Machine Thread - 0] INFO  impl.RaftServerProxy (RaftServerProxy.java:lambda$start$3(299)) - 2171c4f4-ae56-4f52-8301-1dd0f7438014: start RPC server
2019-11-18 17:55:42,052 [Datanode State Machine Thread - 0] INFO  ozoneimpl.OzoneContainer (OzoneContainer.java:start(230)) - Attempting to start container services.
2019-11-18 17:55:42,057 [Datanode State Machine Thread - 0] INFO  ozoneimpl.OzoneContainer (OzoneContainer.java:startContainerScrub(194)) - Background container scanner has been disabled.
2019-11-18 17:55:42,057 [Datanode State Machine Thread - 0] INFO  ratis.XceiverServerRatis (XceiverServerRatis.java:start(422)) - Starting XceiverServerRatis f20c60fb-9562-4189-99ad-1d897872d3c9 at port 0
2019-11-18 17:55:42,067 [Datanode State Machine Thread - 0] INFO  impl.RaftServerProxy (RaftServerProxy.java:lambda$start$3(299)) - f20c60fb-9562-4189-99ad-1d897872d3c9: start RPC server
2019-11-18 17:55:42,101 [main] INFO  ozone.MiniOzoneClusterImpl (MiniOzoneClusterImpl.java:lambda$waitForClusterToBeReady$0(150)) - Waiting for nodes to be ready. Got 0 of 3 DN Heartbeats.
2019-11-18 17:55:42,102 [main] INFO  ozone.MiniOzoneClusterImpl (MiniOzoneClusterImpl.java:lambda$waitForClusterToBeReady$0(153)) - Waiting for cluster to exit safe mode
2019-11-18 17:55:42,128 [Datanode State Machine Thread - 0] INFO  ozoneimpl.OzoneContainer (OzoneContainer.java:start(230)) - Attempting to start container services.
2019-11-18 17:55:42,130 [Datanode State Machine Thread - 0] INFO  ozoneimpl.OzoneContainer (OzoneContainer.java:startContainerScrub(194)) - Background container scanner has been disabled.
2019-11-18 17:55:42,130 [Datanode State Machine Thread - 0] INFO  ratis.XceiverServerRatis (XceiverServerRatis.java:start(422)) - Starting XceiverServerRatis 9d82f33e-10b5-4ace-a17e-9435fc4cd6a3 at port 0
2019-11-18 17:55:42,141 [Datanode State Machine Thread - 0] INFO  impl.RaftServerProxy (RaftServerProxy.java:lambda$start$3(299)) - 9d82f33e-10b5-4ace-a17e-9435fc4cd6a3: start RPC server
2019-11-18 17:55:42,195 [Datanode State Machine Thread - 0] INFO  server.GrpcService (GrpcService.java:startImpl(158)) - 2171c4f4-ae56-4f52-8301-1dd0f7438014: GrpcService started, listening on 0.0.0.0/0.0.0.0:34135
2019-11-18 17:55:42,195 [Datanode State Machine Thread - 0] INFO  server.GrpcService (GrpcService.java:startImpl(158)) - f20c60fb-9562-4189-99ad-1d897872d3c9: GrpcService started, listening on 0.0.0.0/0.0.0.0:36337
2019-11-18 17:55:42,195 [Datanode State Machine Thread - 0] INFO  server.GrpcService (GrpcService.java:startImpl(158)) - 9d82f33e-10b5-4ace-a17e-9435fc4cd6a3: GrpcService started, listening on 0.0.0.0/0.0.0.0:36950
2019-11-18 17:55:42,196 [Datanode State Machine Thread - 0] INFO  ratis.XceiverServerRatis (XceiverServerRatis.java:start(432)) - XceiverServerRatis f20c60fb-9562-4189-99ad-1d897872d3c9 is started using port 36337
2019-11-18 17:55:42,196 [Datanode State Machine Thread - 0] INFO  ratis.XceiverServerRatis (XceiverServerRatis.java:start(432)) - XceiverServerRatis 2171c4f4-ae56-4f52-8301-1dd0f7438014 is started using port 34135
2019-11-18 17:55:42,196 [Datanode State Machine Thread - 0] INFO  ratis.XceiverServerRatis (XceiverServerRatis.java:start(432)) - XceiverServerRatis 9d82f33e-10b5-4ace-a17e-9435fc4cd6a3 is started using port 36950
2019-11-18 17:55:42,201 [Datanode State Machine Thread - 0] INFO  server.XceiverServerGrpc (XceiverServerGrpc.java:start(145)) - XceiverServerGrpc 2171c4f4-ae56-4f52-8301-1dd0f7438014 is started using port 40042
2019-11-18 17:55:42,202 [Datanode State Machine Thread - 0] INFO  server.XceiverServerGrpc (XceiverServerGrpc.java:start(145)) - XceiverServerGrpc 9d82f33e-10b5-4ace-a17e-9435fc4cd6a3 is started using port 41993
2019-11-18 17:55:42,201 [Datanode State Machine Thread - 0] INFO  server.XceiverServerGrpc (XceiverServerGrpc.java:start(145)) - XceiverServerGrpc f20c60fb-9562-4189-99ad-1d897872d3c9 is started using port 40596
2019-11-18 17:55:43,102 [main] INFO  ozone.MiniOzoneClusterImpl (MiniOzoneClusterImpl.java:lambda$waitForClusterToBeReady$0(150)) - Waiting for nodes to be ready. Got 0 of 3 DN Heartbeats.
2019-11-18 17:55:43,103 [main] INFO  ozone.MiniOzoneClusterImpl (MiniOzoneClusterImpl.java:lambda$waitForClusterToBeReady$0(153)) - Waiting for cluster to exit safe mode
2019-11-18 17:55:43,947 [IPC Server handler 0 on 40939] INFO  net.NetworkTopology (NetworkTopologyImpl.java:add(111)) - Added a new node: /default-rack/2171c4f4-ae56-4f52-8301-1dd0f7438014
2019-11-18 17:55:43,948 [IPC Server handler 0 on 40939] INFO  node.SCMNodeManager (SCMNodeManager.java:register(267)) - Registered Data node : 2171c4f4-ae56-4f52-8301-1dd0f7438014{ip: 192.168.157.193, host: pr-hdds-2533-gxxrh-3661068771, networkLocation: /default-rack, certSerialId: null}
2019-11-18 17:55:43,950 [EventQueue-NodeRegistrationContainerReportForDataNodeSafeModeRule] INFO  safemode.SCMSafeModeManager (DataNodeSafeModeRule.java:process(71)) - SCM in safe mode. 1 DataNodes registered, 1 required.
2019-11-18 17:55:43,951 [EventQueue-NodeRegistrationContainerReportForContainerSafeModeRule] INFO  safemode.SCMSafeModeManager (SCMSafeModeManager.java:validateSafeModeExitRules(176)) - ContainerSafeModeRule rule is successfully validated
2019-11-18 17:55:43,951 [EventQueue-NodeRegistrationContainerReportForDataNodeSafeModeRule] INFO  safemode.SCMSafeModeManager (SCMSafeModeManager.java:validateSafeModeExitRules(176)) - DataNodeSafeModeRule rule is successfully validated
2019-11-18 17:55:43,955 [RatisPipelineUtilsThread] INFO  pipeline.RatisPipelineProvider (RatisPipelineProvider.java:lambda$create$4(163)) - Send pipeline:PipelineID=5c70ba0e-830d-42e9-ab66-dcd6fca69321 create command to datanode 2171c4f4-ae56-4f52-8301-1dd0f7438014
2019-11-18 17:55:43,974 [RatisPipelineUtilsThread] INFO  pipeline.PipelineStateManager (PipelineStateManager.java:addPipeline(55)) - Created pipeline Pipeline[ Id: 5c70ba0e-830d-42e9-ab66-dcd6fca69321, Nodes: 2171c4f4-ae56-4f52-8301-1dd0f7438014{ip: 192.168.157.193, host: pr-hdds-2533-gxxrh-3661068771, networkLocation: /default-rack, certSerialId: null}, Type:RATIS, Factor:ONE, State:ALLOCATED]
2019-11-18 17:55:44,029 [IPC Server handler 3 on 40939] INFO  net.NetworkTopology (NetworkTopologyImpl.java:add(111)) - Added a new node: /default-rack/f20c60fb-9562-4189-99ad-1d897872d3c9
2019-11-18 17:55:44,030 [IPC Server handler 3 on 40939] INFO  node.SCMNodeManager (SCMNodeManager.java:register(267)) - Registered Data node : f20c60fb-9562-4189-99ad-1d897872d3c9{ip: 192.168.157.193, host: pr-hdds-2533-gxxrh-3661068771, networkLocation: /default-rack, certSerialId: null}
2019-11-18 17:55:44,030 [EventQueue-NodeRegistrationContainerReportForDataNodeSafeModeRule] INFO  safemode.SCMSafeModeManager (SCMSafeModeManager.java:validateSafeModeExitRules(176)) - DataNodeSafeModeRule rule is successfully validated
2019-11-18 17:55:44,030 [EventQueue-NodeRegistrationContainerReportForContainerSafeModeRule] INFO  safemode.SCMSafeModeManager (SCMSafeModeManager.java:validateSafeModeExitRules(176)) - ContainerSafeModeRule rule is successfully validated
2019-11-18 17:55:44,032 [RatisPipelineUtilsThread] INFO  pipeline.RatisPipelineProvider (RatisPipelineProvider.java:lambda$create$4(163)) - Send pipeline:PipelineID=e8a701b4-3f8a-4a00-902d-1cae5225f5eb create command to datanode f20c60fb-9562-4189-99ad-1d897872d3c9
2019-11-18 17:55:44,033 [RatisPipelineUtilsThread] INFO  pipeline.PipelineStateManager (PipelineStateManager.java:addPipeline(55)) - Created pipeline Pipeline[ Id: e8a701b4-3f8a-4a00-902d-1cae5225f5eb, Nodes: f20c60fb-9562-4189-99ad-1d897872d3c9{ip: 192.168.157.193, host: pr-hdds-2533-gxxrh-3661068771, networkLocation: /default-rack, certSerialId: null}, Type:RATIS, Factor:ONE, State:ALLOCATED]
2019-11-18 17:55:44,103 [main] INFO  ozone.MiniOzoneClusterImpl (MiniOzoneClusterImpl.java:lambda$waitForClusterToBeReady$0(150)) - Waiting for nodes to be ready. Got 2 of 3 DN Heartbeats.
2019-11-18 17:55:44,103 [main] INFO  ozone.MiniOzoneClusterImpl (MiniOzoneClusterImpl.java:lambda$waitForClusterToBeReady$0(153)) - Waiting for cluster to exit safe mode
2019-11-18 17:55:44,107 [IPC Server handler 1 on 40939] INFO  net.NetworkTopology (NetworkTopologyImpl.java:add(111)) - Added a new node: /default-rack/9d82f33e-10b5-4ace-a17e-9435fc4cd6a3
2019-11-18 17:55:44,108 [IPC Server handler 1 on 40939] INFO  node.SCMNodeManager (SCMNodeManager.java:register(267)) - Registered Data node : 9d82f33e-10b5-4ace-a17e-9435fc4cd6a3{ip: 192.168.157.193, host: pr-hdds-2533-gxxrh-3661068771, networkLocation: /default-rack, certSerialId: null}
2019-11-18 17:55:44,108 [RatisPipelineUtilsThread] INFO  pipeline.RatisPipelineProvider (RatisPipelineProvider.java:lambda$create$4(163)) - Send pipeline:PipelineID=a11e340d-bcd1-4285-a35d-87c5a823a8be create command to datanode 9d82f33e-10b5-4ace-a17e-9435fc4cd6a3
2019-11-18 17:55:44,108 [EventQueue-NodeRegistrationContainerReportForDataNodeSafeModeRule] INFO  safemode.SCMSafeModeManager (SCMSafeModeManager.java:validateSafeModeExitRules(176)) - DataNodeSafeModeRule rule is successfully validated
2019-11-18 17:55:44,108 [EventQueue-NodeRegistrationContainerReportForContainerSafeModeRule] INFO  safemode.SCMSafeModeManager (SCMSafeModeManager.java:validateSafeModeExitRules(176)) - ContainerSafeModeRule rule is successfully validated
2019-11-18 17:55:44,109 [RatisPipelineUtilsThread] INFO  pipeline.PipelineStateManager (PipelineStateManager.java:addPipeline(55)) - Created pipeline Pipeline[ Id: a11e340d-bcd1-4285-a35d-87c5a823a8be, Nodes: 9d82f33e-10b5-4ace-a17e-9435fc4cd6a3{ip: 192.168.157.193, host: pr-hdds-2533-gxxrh-3661068771, networkLocation: /default-rack, certSerialId: null}, Type:RATIS, Factor:ONE, State:ALLOCATED]
2019-11-18 17:55:44,110 [RatisPipelineUtilsThread] INFO  pipeline.RatisPipelineProvider (RatisPipelineProvider.java:lambda$create$4(163)) - Send pipeline:PipelineID=219bbe90-4426-49fc-a8c0-1ba2a042ecb8 create command to datanode f20c60fb-9562-4189-99ad-1d897872d3c9
2019-11-18 17:55:44,111 [RatisPipelineUtilsThread] INFO  pipeline.RatisPipelineProvider (RatisPipelineProvider.java:lambda$create$4(163)) - Send pipeline:PipelineID=219bbe90-4426-49fc-a8c0-1ba2a042ecb8 create command to datanode 9d82f33e-10b5-4ace-a17e-9435fc4cd6a3
2019-11-18 17:55:44,111 [RatisPipelineUtilsThread] INFO  pipeline.RatisPipelineProvider (RatisPipelineProvider.java:lambda$create$4(163)) - Send pipeline:PipelineID=219bbe90-4426-49fc-a8c0-1ba2a042ecb8 create command to datanode 2171c4f4-ae56-4f52-8301-1dd0f7438014
2019-11-18 17:55:44,112 [RatisPipelineUtilsThread] INFO  pipeline.PipelineStateManager (PipelineStateManager.java:addPipeline(55)) - Created pipeline Pipeline[ Id: 219bbe90-4426-49fc-a8c0-1ba2a042ecb8, Nodes: f20c60fb-9562-4189-99ad-1d897872d3c9{ip: 192.168.157.193, host: pr-hdds-2533-gxxrh-3661068771, networkLocation: /default-rack, certSerialId: null}9d82f33e-10b5-4ace-a17e-9435fc4cd6a3{ip: 192.168.157.193, host: pr-hdds-2533-gxxrh-3661068771, networkLocation: /default-rack, certSerialId: null}2171c4f4-ae56-4f52-8301-1dd0f7438014{ip: 192.168.157.193, host: pr-hdds-2533-gxxrh-3661068771, networkLocation: /default-rack, certSerialId: null}, Type:RATIS, Factor:THREE, State:ALLOCATED]
2019-11-18 17:55:45,104 [main] INFO  ozone.MiniOzoneClusterImpl (MiniOzoneClusterImpl.java:lambda$waitForClusterToBeReady$0(150)) - Nodes are ready. Got 3 of 3 DN Heartbeats.
2019-11-18 17:55:45,104 [main] INFO  ozone.MiniOzoneClusterImpl (MiniOzoneClusterImpl.java:lambda$waitForClusterToBeReady$0(153)) - Waiting for cluster to exit safe mode
2019-11-18 17:55:46,105 [main] INFO  ozone.MiniOzoneClusterImpl (MiniOzoneClusterImpl.java:lambda$waitForClusterToBeReady$0(150)) - Nodes are ready. Got 3 of 3 DN Heartbeats.
2019-11-18 17:55:46,105 [main] INFO  ozone.MiniOzoneClusterImpl (MiniOzoneClusterImpl.java:lambda$waitForClusterToBeReady$0(153)) - Waiting for cluster to exit safe mode
2019-11-18 17:55:46,962 [Command processor thread] INFO  impl.RaftServerProxy (RaftServerProxy.java:addNew(89)) - 2171c4f4-ae56-4f52-8301-1dd0f7438014: addNew group-DCD6FCA69321:[2171c4f4-ae56-4f52-8301-1dd0f7438014:192.168.157.193:34135] returns group-DCD6FCA69321:java.util.concurrent.CompletableFuture@2066caa6[Not completed]
2019-11-18 17:55:46,994 [pool-27-thread-1] INFO  impl.RaftServerImpl (RaftServerImpl.java:<init>(98)) - 2171c4f4-ae56-4f52-8301-1dd0f7438014: new RaftServerImpl for group-DCD6FCA69321:[2171c4f4-ae56-4f52-8301-1dd0f7438014:192.168.157.193:34135] with ContainerStateMachine:uninitialized
2019-11-18 17:55:46,998 [pool-27-thread-1] INFO  server.RaftServerConfigKeys (ConfUtils.java:logGet(43)) - raft.server.rpc.timeout.min = 5s (custom)
2019-11-18 17:55:46,999 [pool-27-thread-1] INFO  server.RaftServerConfigKeys (ConfUtils.java:logGet(43)) - raft.server.rpc.timeout.max = 5200ms (custom)
2019-11-18 17:55:46,999 [pool-27-thread-1] INFO  server.RaftServerConfigKeys (ConfUtils.java:logGet(43)) - raft.server.rpcslowness.timeout = 120s (custom)
2019-11-18 17:55:47,000 [pool-27-thread-1] INFO  server.RaftServerConfigKeys (ConfUtils.java:logGet(43)) - raft.server.sleep.deviation.threshold = 300 (default)
2019-11-18 17:55:47,001 [pool-27-thread-1] INFO  server.RaftServerConfigKeys (ConfUtils.java:logGet(43)) - raft.server.log.appender.install.snapshot.enabled = false (custom)
2019-11-18 17:55:47,014 [pool-27-thread-1] INFO  impl.RaftServerImpl (ServerState.java:<init>(103)) - 2171c4f4-ae56-4f52-8301-1dd0f7438014@group-DCD6FCA69321: ConfigurationManager, init=-1: [2171c4f4-ae56-4f52-8301-1dd0f7438014:192.168.157.193:34135], old=null, confs=<EMPTY_MAP>
2019-11-18 17:55:47,015 [pool-27-thread-1] INFO  server.RaftServerConfigKeys (ConfUtils.java:logGet(43)) - raft.server.storage.dir = [/workdir/hadoop-ozone/tools/target/test-dir/MiniOzoneClusterImpl-b5b77925-1696-4489-9325-55d34611e487/datanode-0/data/ratis] (custom)
2019-11-18 17:55:47,023 [pool-27-thread-1] INFO  server.RaftServerConfigKeys (ConfUtils.java:logGet(43)) - raft.server.log.corruption.policy = EXCEPTION (default)
2019-11-18 17:55:47,025 [pool-27-thread-1] INFO  storage.RaftStorageDirectory (RaftStorageDirectory.java:analyzeStorage(246)) - The storage directory /workdir/hadoop-ozone/tools/target/test-dir/MiniOzoneClusterImpl-b5b77925-1696-4489-9325-55d34611e487/datanode-0/data/ratis/5c70ba0e-830d-42e9-ab66-dcd6fca69321 does not exist. Creating ...
2019-11-18 17:55:47,028 [Command processor thread] INFO  impl.RaftServerProxy (RaftServerProxy.java:addNew(89)) - f20c60fb-9562-4189-99ad-1d897872d3c9: addNew group-1CAE5225F5EB:[f20c60fb-9562-4189-99ad-1d897872d3c9:192.168.157.193:36337] returns group-1CAE5225F5EB:java.util.concurrent.CompletableFuture@dc1c2b1[Not completed]
2019-11-18 17:55:47,048 [pool-37-thread-1] INFO  impl.RaftServerImpl (RaftServerImpl.java:<init>(98)) - f20c60fb-9562-4189-99ad-1d897872d3c9: new RaftServerImpl for group-1CAE5225F5EB:[f20c60fb-9562-4189-99ad-1d897872d3c9:192.168.157.193:36337] with ContainerStateMachine:uninitialized
2019-11-18 17:55:47,050 [pool-37-thread-1] INFO  server.RaftServerConfigKeys (ConfUtils.java:logGet(43)) - raft.server.rpc.timeout.min = 5s (custom)
2019-11-18 17:55:47,050 [pool-37-thread-1] INFO  server.RaftServerConfigKeys (ConfUtils.java:logGet(43)) - raft.server.rpc.timeout.max = 5200ms (custom)
2019-11-18 17:55:47,050 [pool-37-thread-1] INFO  server.RaftServerConfigKeys (ConfUtils.java:logGet(43)) - raft.server.rpcslowness.timeout = 120s (custom)
2019-11-18 17:55:47,050 [pool-37-thread-1] INFO  server.RaftServerConfigKeys (ConfUtils.java:logGet(43)) - raft.server.sleep.deviation.threshold = 300 (default)
2019-11-18 17:55:47,050 [pool-37-thread-1] INFO  server.RaftServerConfigKeys (ConfUtils.java:logGet(43)) - raft.server.log.appender.install.snapshot.enabled = false (custom)
2019-11-18 17:55:47,051 [pool-37-thread-1] INFO  impl.RaftServerImpl (ServerState.java:<init>(103)) - f20c60fb-9562-4189-99ad-1d897872d3c9@group-1CAE5225F5EB: ConfigurationManager, init=-1: [f20c60fb-9562-4189-99ad-1d897872d3c9:192.168.157.193:36337], old=null, confs=<EMPTY_MAP>
2019-11-18 17:55:47,051 [pool-37-thread-1] INFO  server.RaftServerConfigKeys (ConfUtils.java:logGet(43)) - raft.server.storage.dir = [/workdir/hadoop-ozone/tools/target/test-dir/MiniOzoneClusterImpl-b5b77925-1696-4489-9325-55d34611e487/datanode-1/data/ratis] (custom)
2019-11-18 17:55:47,051 [pool-37-thread-1] INFO  server.RaftServerConfigKeys (ConfUtils.java:logGet(43)) - raft.server.log.corruption.policy = EXCEPTION (default)
2019-11-18 17:55:47,052 [pool-37-thread-1] INFO  storage.RaftStorageDirectory (RaftStorageDirectory.java:analyzeStorage(246)) - The storage directory /workdir/hadoop-ozone/tools/target/test-dir/MiniOzoneClusterImpl-b5b77925-1696-4489-9325-55d34611e487/datanode-1/data/ratis/e8a701b4-3f8a-4a00-902d-1cae5225f5eb does not exist. Creating ...
2019-11-18 17:55:47,072 [pool-37-thread-1] INFO  storage.RaftStorageDirectory (RaftStorageDirectory.java:tryLock(328)) - Lock on /workdir/hadoop-ozone/tools/target/test-dir/MiniOzoneClusterImpl-b5b77925-1696-4489-9325-55d34611e487/datanode-1/data/ratis/e8a701b4-3f8a-4a00-902d-1cae5225f5eb/in_use.lock acquired by nodename 31057@pr-hdds-2533-gxxrh-3661068771
2019-11-18 17:55:47,072 [pool-27-thread-1] INFO  storage.RaftStorageDirectory (RaftStorageDirectory.java:tryLock(328)) - Lock on /workdir/hadoop-ozone/tools/target/test-dir/MiniOzoneClusterImpl-b5b77925-1696-4489-9325-55d34611e487/datanode-0/data/ratis/5c70ba0e-830d-42e9-ab66-dcd6fca69321/in_use.lock acquired by nodename 31057@pr-hdds-2533-gxxrh-3661068771
2019-11-18 17:55:47,091 [pool-27-thread-1] INFO  storage.RaftStorage (RaftStorage.java:format(84)) - Storage directory /workdir/hadoop-ozone/tools/target/test-dir/MiniOzoneClusterImpl-b5b77925-1696-4489-9325-55d34611e487/datanode-0/data/ratis/5c70ba0e-830d-42e9-ab66-dcd6fca69321 has been successfully formatted.
2019-11-18 17:55:47,091 [pool-37-thread-1] INFO  storage.RaftStorage (RaftStorage.java:format(84)) - Storage directory /workdir/hadoop-ozone/tools/target/test-dir/MiniOzoneClusterImpl-b5b77925-1696-4489-9325-55d34611e487/datanode-1/data/ratis/e8a701b4-3f8a-4a00-902d-1cae5225f5eb has been successfully formatted.
2019-11-18 17:55:47,094 [pool-27-thread-1] INFO  ratis.ContainerStateMachine (ContainerStateMachine.java:loadSnapshot(223)) - group-DCD6FCA69321: The snapshot info is null. Setting the last applied indexto:(t:0, i:~)
2019-11-18 17:55:47,094 [pool-37-thread-1] INFO  ratis.ContainerStateMachine (ContainerStateMachine.java:loadSnapshot(223)) - group-1CAE5225F5EB: The snapshot info is null. Setting the last applied indexto:(t:0, i:~)
2019-11-18 17:55:47,095 [pool-27-thread-1] INFO  server.RaftServerConfigKeys (ConfUtils.java:logGet(43)) - raft.server.notification.no-leader.timeout = 120s (custom)
2019-11-18 17:55:47,095 [pool-37-thread-1] INFO  server.RaftServerConfigKeys (ConfUtils.java:logGet(43)) - raft.server.notification.no-leader.timeout = 120s (custom)
2019-11-18 17:55:47,099 [pool-37-thread-1] INFO  server.RaftServerConfigKeys (ConfUtils.java:logGet(43)) - raft.server.log.use.memory = false (default)
2019-11-18 17:55:47,099 [pool-27-thread-1] INFO  server.RaftServerConfigKeys (ConfUtils.java:logGet(43)) - raft.server.log.use.memory = false (default)
2019-11-18 17:55:47,103 [Command processor thread] INFO  impl.RaftServerProxy (RaftServerProxy.java:addNew(89)) - 9d82f33e-10b5-4ace-a17e-9435fc4cd6a3: addNew group-87C5A823A8BE:[9d82f33e-10b5-4ace-a17e-9435fc4cd6a3:192.168.157.193:36950] returns group-87C5A823A8BE:java.util.concurrent.CompletableFuture@2878d513[Not completed]
2019-11-18 17:55:47,106 [main] INFO  ozone.MiniOzoneClusterImpl (MiniOzoneClusterImpl.java:lambda$waitForClusterToBeReady$0(150)) - Nodes are ready. Got 3 of 3 DN Heartbeats.
2019-11-18 17:55:47,106 [main] INFO  ozone.MiniOzoneClusterImpl (MiniOzoneClusterImpl.java:lambda$waitForClusterToBeReady$0(153)) - Waiting for cluster to exit safe mode
2019-11-18 17:55:47,107 [pool-27-thread-1] INFO  server.RaftServerConfigKeys (ConfUtils.java:logGet(43)) - raft.server.log.purge.gap = 1000000 (custom)
2019-11-18 17:55:47,107 [pool-37-thread-1] INFO  server.RaftServerConfigKeys (ConfUtils.java:logGet(43)) - raft.server.log.purge.gap = 1000000 (custom)
2019-11-18 17:55:47,108 [pool-27-thread-1] INFO  server.RaftServerConfigKeys (ConfUtils.java:logGet(43)) - raft.server.log.appender.buffer.byte-limit = 33554432 (custom)
2019-11-18 17:55:47,108 [pool-37-thread-1] INFO  server.RaftServerConfigKeys (ConfUtils.java:logGet(43)) - raft.server.log.appender.buffer.byte-limit = 33554432 (custom)
2019-11-18 17:55:47,112 [pool-27-thread-1] INFO  server.RaftServerConfigKeys (ConfUtils.java:logGet(43)) - raft.server.log.segment.size.max = 1048576 (custom)
2019-11-18 17:55:47,112 [pool-37-thread-1] INFO  server.RaftServerConfigKeys (ConfUtils.java:logGet(43)) - raft.server.log.segment.size.max = 1048576 (custom)
2019-11-18 17:55:47,139 [pool-37-thread-1] INFO  metrics.MetricRegistries (MetricRegistriesLoader.java:load(64)) - Loaded MetricRegistries class org.apache.ratis.metrics.impl.MetricRegistriesImpl
2019-11-18 17:55:47,147 [pool-27-thread-1] WARN  impl.MetricRegistriesImpl (MetricRegistriesImpl.java:lambda$create$1(61)) - First MetricRegistry has been created without registering reporters. You may need to call MetricRegistries.global().addReportRegistration(...) before.
2019-11-18 17:55:47,147 [pool-37-thread-1] WARN  impl.MetricRegistriesImpl (MetricRegistriesImpl.java:lambda$create$1(61)) - First MetricRegistry has been created without registering reporters. You may need to call MetricRegistries.global().addReportRegistration(...) before.
2019-11-18 17:55:47,163 [pool-47-thread-1] INFO  impl.RaftServerImpl (RaftServerImpl.java:<init>(98)) - 9d82f33e-10b5-4ace-a17e-9435fc4cd6a3: new RaftServerImpl for group-87C5A823A8BE:[9d82f33e-10b5-4ace-a17e-9435fc4cd6a3:192.168.157.193:36950] with ContainerStateMachine:uninitialized
2019-11-18 17:55:47,164 [pool-47-thread-1] INFO  server.RaftServerConfigKeys (ConfUtils.java:logGet(43)) - raft.server.rpc.timeout.min = 5s (custom)
2019-11-18 17:55:47,164 [pool-47-thread-1] INFO  server.RaftServerConfigKeys (ConfUtils.java:logGet(43)) - raft.server.rpc.timeout.max = 5200ms (custom)
2019-11-18 17:55:47,164 [pool-47-thread-1] INFO  server.RaftServerConfigKeys (ConfUtils.java:logGet(43)) - raft.server.rpcslowness.timeout = 120s (custom)
2019-11-18 17:55:47,164 [pool-47-thread-1] INFO  server.RaftServerConfigKeys (ConfUtils.java:logGet(43)) - raft.server.sleep.deviation.threshold = 300 (default)
2019-11-18 17:55:47,164 [pool-47-thread-1] INFO  server.RaftServerConfigKeys (ConfUtils.java:logGet(43)) - raft.server.log.appender.install.snapshot.enabled = false (custom)
2019-11-18 17:55:47,165 [pool-47-thread-1] INFO  impl.RaftServerImpl (ServerState.java:<init>(103)) - 9d82f33e-10b5-4ace-a17e-9435fc4cd6a3@group-87C5A823A8BE: ConfigurationManager, init=-1: [9d82f33e-10b5-4ace-a17e-9435fc4cd6a3:192.168.157.193:36950], old=null, confs=<EMPTY_MAP>
2019-11-18 17:55:47,165 [pool-47-thread-1] INFO  server.RaftServerConfigKeys (ConfUtils.java:logGet(43)) - raft.server.storage.dir = [/workdir/hadoop-ozone/tools/target/test-dir/MiniOzoneClusterImpl-b5b77925-1696-4489-9325-55d34611e487/datanode-2/data/ratis] (custom)
2019-11-18 17:55:47,165 [pool-47-thread-1] INFO  server.RaftServerConfigKeys (ConfUtils.java:logGet(43)) - raft.server.log.corruption.policy = EXCEPTION (default)
2019-11-18 17:55:47,165 [pool-47-thread-1] INFO  storage.RaftStorageDirectory (RaftStorageDirectory.java:analyzeStorage(246)) - The storage directory /workdir/hadoop-ozone/tools/target/test-dir/MiniOzoneClusterImpl-b5b77925-1696-4489-9325-55d34611e487/datanode-2/data/ratis/a11e340d-bcd1-4285-a35d-87c5a823a8be does not exist. Creating ...
2019-11-18 17:55:47,167 [pool-27-thread-1] INFO  server.RaftServerConfigKeys (ConfUtils.java:logGet(43)) - raft.server.log.segment.cache.num.max = 2 (custom)
2019-11-18 17:55:47,167 [pool-37-thread-1] INFO  server.RaftServerConfigKeys (ConfUtils.java:logGet(43)) - raft.server.log.segment.cache.num.max = 2 (custom)
2019-11-18 17:55:47,174 [pool-27-thread-1] INFO  segmented.SegmentedRaftLogWorker (SegmentedRaftLogWorker.java:<init>(173)) - new 2171c4f4-ae56-4f52-8301-1dd0f7438014@group-DCD6FCA69321-SegmentedRaftLogWorker for RaftStorage:Storage Directory /workdir/hadoop-ozone/tools/target/test-dir/MiniOzoneClusterImpl-b5b77925-1696-4489-9325-55d34611e487/datanode-0/data/ratis/5c70ba0e-830d-42e9-ab66-dcd6fca69321
2019-11-18 17:55:47,174 [pool-37-thread-1] INFO  segmented.SegmentedRaftLogWorker (SegmentedRaftLogWorker.java:<init>(173)) - new f20c60fb-9562-4189-99ad-1d897872d3c9@group-1CAE5225F5EB-SegmentedRaftLogWorker for RaftStorage:Storage Directory /workdir/hadoop-ozone/tools/target/test-dir/MiniOzoneClusterImpl-b5b77925-1696-4489-9325-55d34611e487/datanode-1/data/ratis/e8a701b4-3f8a-4a00-902d-1cae5225f5eb
2019-11-18 17:55:47,175 [pool-27-thread-1] INFO  server.RaftServerConfigKeys (ConfUtils.java:logGet(43)) - raft.server.log.queue.byte-limit = 2147483647 (custom)
2019-11-18 17:55:47,175 [pool-37-thread-1] INFO  server.RaftServerConfigKeys (ConfUtils.java:logGet(43)) - raft.server.log.queue.byte-limit = 2147483647 (custom)
2019-11-18 17:55:47,176 [pool-27-thread-1] INFO  server.RaftServerConfigKeys (ConfUtils.java:logGet(43)) - raft.server.log.queue.element-limit = 1024 (custom)
2019-11-18 17:55:47,176 [pool-37-thread-1] INFO  server.RaftServerConfigKeys (ConfUtils.java:logGet(43)) - raft.server.log.queue.element-limit = 1024 (custom)
2019-11-18 17:55:47,177 [pool-27-thread-1] INFO  server.RaftServerConfigKeys (ConfUtils.java:logGet(43)) - raft.server.log.segment.size.max = 1048576 (custom)
2019-11-18 17:55:47,177 [pool-37-thread-1] INFO  server.RaftServerConfigKeys (ConfUtils.java:logGet(43)) - raft.server.log.segment.size.max = 1048576 (custom)
2019-11-18 17:55:47,177 [pool-27-thread-1] INFO  server.RaftServerConfigKeys (ConfUtils.java:logGet(43)) - raft.server.log.preallocated.size = 16384 (custom)
2019-11-18 17:55:47,178 [pool-37-thread-1] INFO  server.RaftServerConfigKeys (ConfUtils.java:logGet(43)) - raft.server.log.preallocated.size = 16384 (custom)
2019-11-18 17:55:47,178 [pool-27-thread-1] INFO  server.RaftServerConfigKeys (ConfUtils.java:logGet(43)) - raft.server.log.write.buffer.size = 33554432 (custom)
2019-11-18 17:55:47,178 [pool-37-thread-1] INFO  server.RaftServerConfigKeys (ConfUtils.java:logGet(43)) - raft.server.log.write.buffer.size = 33554432 (custom)
2019-11-18 17:55:47,178 [pool-27-thread-1] INFO  server.RaftServerConfigKeys (ConfUtils.java:logGet(43)) - raft.server.log.force.sync.num = 128 (default)
2019-11-18 17:55:47,179 [pool-37-thread-1] INFO  server.RaftServerConfigKeys (ConfUtils.java:logGet(43)) - raft.server.log.force.sync.num = 128 (default)
2019-11-18 17:55:47,180 [pool-27-thread-1] INFO  server.RaftServerConfigKeys (ConfUtils.java:logGet(43)) - raft.server.log.statemachine.data.sync = true (default)
2019-11-18 17:55:47,180 [pool-37-thread-1] INFO  server.RaftServerConfigKeys (ConfUtils.java:logGet(43)) - raft.server.log.statemachine.data.sync = true (default)
2019-11-18 17:55:47,180 [pool-27-thread-1] INFO  server.RaftServerConfigKeys (ConfUtils.java:logGet(43)) - raft.server.log.statemachine.data.sync.timeout = 10s (default)
2019-11-18 17:55:47,180 [pool-37-thread-1] INFO  server.RaftServerConfigKeys (ConfUtils.java:logGet(43)) - raft.server.log.statemachine.data.sync.timeout = 10s (default)
2019-11-18 17:55:47,180 [pool-27-thread-1] INFO  server.RaftServerConfigKeys (ConfUtils.java:logGet(43)) - raft.server.log.statemachine.data.sync.timeout.retry = -1 (default)
2019-11-18 17:55:47,181 [pool-37-thread-1] INFO  server.RaftServerConfigKeys (ConfUtils.java:logGet(43)) - raft.server.log.statemachine.data.sync.timeout.retry = -1 (default)
2019-11-18 17:55:47,189 [pool-47-thread-1] INFO  storage.RaftStorageDirectory (RaftStorageDirectory.java:tryLock(328)) - Lock on /workdir/hadoop-ozone/tools/target/test-dir/MiniOzoneClusterImpl-b5b77925-1696-4489-9325-55d34611e487/datanode-2/data/ratis/a11e340d-bcd1-4285-a35d-87c5a823a8be/in_use.lock acquired by nodename 31057@pr-hdds-2533-gxxrh-3661068771
2019-11-18 17:55:47,196 [pool-27-thread-1] INFO  server.RaftServerConfigKeys (ConfUtils.java:logGet(43)) - raft.server.log.statemachine.data.caching.enabled = true (custom)
2019-11-18 17:55:47,196 [pool-37-thread-1] INFO  server.RaftServerConfigKeys (ConfUtils.java:logGet(43)) - raft.server.log.statemachine.data.caching.enabled = true (custom)
2019-11-18 17:55:47,203 [pool-27-thread-1] INFO  segmented.SegmentedRaftLogWorker (SegmentedRaftLogWorker.java:lambda$new$0(128)) - 2171c4f4-ae56-4f52-8301-1dd0f7438014@group-DCD6FCA69321-SegmentedRaftLogWorker: flushIndex: setUnconditionally 0 -> -1
2019-11-18 17:55:47,203 [pool-37-thread-1] INFO  segmented.SegmentedRaftLogWorker (SegmentedRaftLogWorker.java:lambda$new$0(128)) - f20c60fb-9562-4189-99ad-1d897872d3c9@group-1CAE5225F5EB-SegmentedRaftLogWorker: flushIndex: setUnconditionally 0 -> -1
2019-11-18 17:55:47,208 [pool-27-thread-1] INFO  server.RaftServerConfigKeys (ConfUtils.java:logGet(43)) - raft.server.snapshot.auto.trigger.enabled = true (custom)
2019-11-18 17:55:47,208 [pool-37-thread-1] INFO  server.RaftServerConfigKeys (ConfUtils.java:logGet(43)) - raft.server.snapshot.auto.trigger.enabled = true (custom)
2019-11-18 17:55:47,210 [pool-27-thread-1] INFO  server.RaftServerConfigKeys (ConfUtils.java:logGet(43)) - raft.server.snapshot.auto.trigger.threshold = 10000 (custom)
2019-11-18 17:55:47,210 [pool-37-thread-1] INFO  server.RaftServerConfigKeys (ConfUtils.java:logGet(43)) - raft.server.snapshot.auto.trigger.threshold = 10000 (custom)
2019-11-18 17:55:47,210 [pool-27-thread-1] INFO  server.RaftServerConfigKeys (ConfUtils.java:logGet(43)) - raft.server.snapshot.retention.file.num = 5 (custom)
2019-11-18 17:55:47,210 [pool-37-thread-1] INFO  server.RaftServerConfigKeys (ConfUtils.java:logGet(43)) - raft.server.snapshot.retention.file.num = 5 (custom)
2019-11-18 17:55:47,211 [pool-27-thread-1] INFO  server.RaftServerConfigKeys (ConfUtils.java:logGet(43)) - raft.server.retrycache.expirytime = 600000ms (custom)
2019-11-18 17:55:47,211 [pool-37-thread-1] INFO  server.RaftServerConfigKeys (ConfUtils.java:logGet(43)) - raft.server.retrycache.expirytime = 600000ms (custom)
2019-11-18 17:55:47,212 [pool-47-thread-1] INFO  storage.RaftStorage (RaftStorage.java:format(84)) - Storage directory /workdir/hadoop-ozone/tools/target/test-dir/MiniOzoneClusterImpl-b5b77925-1696-4489-9325-55d34611e487/datanode-2/data/ratis/a11e340d-bcd1-4285-a35d-87c5a823a8be has been successfully formatted.
2019-11-18 17:55:47,213 [pool-47-thread-1] INFO  ratis.ContainerStateMachine (ContainerStateMachine.java:loadSnapshot(223)) - group-87C5A823A8BE: The snapshot info is null. Setting the last applied indexto:(t:0, i:~)
2019-11-18 17:55:47,213 [pool-47-thread-1] INFO  server.RaftServerConfigKeys (ConfUtils.java:logGet(43)) - raft.server.notification.no-leader.timeout = 120s (custom)
2019-11-18 17:55:47,213 [pool-47-thread-1] INFO  server.RaftServerConfigKeys (ConfUtils.java:logGet(43)) - raft.server.log.use.memory = false (default)
2019-11-18 17:55:47,214 [pool-47-thread-1] INFO  server.RaftServerConfigKeys (ConfUtils.java:logGet(43)) - raft.server.log.purge.gap = 1000000 (custom)
2019-11-18 17:55:47,214 [pool-47-thread-1] INFO  server.RaftServerConfigKeys (ConfUtils.java:logGet(43)) - raft.server.log.appender.buffer.byte-limit = 33554432 (custom)
2019-11-18 17:55:47,214 [pool-47-thread-1] INFO  server.RaftServerConfigKeys (ConfUtils.java:logGet(43)) - raft.server.log.segment.size.max = 1048576 (custom)
2019-11-18 17:55:47,214 [pool-47-thread-1] WARN  impl.MetricRegistriesImpl (MetricRegistriesImpl.java:lambda$create$1(61)) - First MetricRegistry has been created without registering reporters. You may need to call MetricRegistries.global().addReportRegistration(...) before.
2019-11-18 17:55:47,214 [pool-47-thread-1] INFO  server.RaftServerConfigKeys (ConfUtils.java:logGet(43)) - raft.server.log.segment.cache.num.max = 2 (custom)
2019-11-18 17:55:47,214 [pool-47-thread-1] INFO  segmented.SegmentedRaftLogWorker (SegmentedRaftLogWorker.java:<init>(173)) - new 9d82f33e-10b5-4ace-a17e-9435fc4cd6a3@group-87C5A823A8BE-SegmentedRaftLogWorker for RaftStorage:Storage Directory /workdir/hadoop-ozone/tools/target/test-dir/MiniOzoneClusterImpl-b5b77925-1696-4489-9325-55d34611e487/datanode-2/data/ratis/a11e340d-bcd1-4285-a35d-87c5a823a8be
2019-11-18 17:55:47,215 [pool-47-thread-1] INFO  server.RaftServerConfigKeys (ConfUtils.java:logGet(43)) - raft.server.log.queue.byte-limit = 2147483647 (custom)
2019-11-18 17:55:47,215 [pool-47-thread-1] INFO  server.RaftServerConfigKeys (ConfUtils.java:logGet(43)) - raft.server.log.queue.element-limit = 1024 (custom)
2019-11-18 17:55:47,215 [pool-47-thread-1] INFO  server.RaftServerConfigKeys (ConfUtils.java:logGet(43)) - raft.server.log.segment.size.max = 1048576 (custom)
2019-11-18 17:55:47,215 [pool-47-thread-1] INFO  server.RaftServerConfigKeys (ConfUtils.java:logGet(43)) - raft.server.log.preallocated.size = 16384 (custom)
2019-11-18 17:55:47,215 [pool-47-thread-1] INFO  server.RaftServerConfigKeys (ConfUtils.java:logGet(43)) - raft.server.log.write.buffer.size = 33554432 (custom)
2019-11-18 17:55:47,215 [pool-47-thread-1] INFO  server.RaftServerConfigKeys (ConfUtils.java:logGet(43)) - raft.server.log.force.sync.num = 128 (default)
2019-11-18 17:55:47,215 [pool-47-thread-1] INFO  server.RaftServerConfigKeys (ConfUtils.java:logGet(43)) - raft.server.log.statemachine.data.sync = true (default)
2019-11-18 17:55:47,216 [pool-47-thread-1] INFO  server.RaftServerConfigKeys (ConfUtils.java:logGet(43)) - raft.server.log.statemachine.data.sync.timeout = 10s (default)
2019-11-18 17:55:47,216 [pool-47-thread-1] INFO  server.RaftServerConfigKeys (ConfUtils.java:logGet(43)) - raft.server.log.statemachine.data.sync.timeout.retry = -1 (default)
2019-11-18 17:55:47,216 [pool-47-thread-1] INFO  server.RaftServerConfigKeys (ConfUtils.java:logGet(43)) - raft.server.log.statemachine.data.caching.enabled = true (custom)
2019-11-18 17:55:47,216 [pool-47-thread-1] INFO  segmented.SegmentedRaftLogWorker (SegmentedRaftLogWorker.java:lambda$new$0(128)) - 9d82f33e-10b5-4ace-a17e-9435fc4cd6a3@group-87C5A823A8BE-SegmentedRaftLogWorker: flushIndex: setUnconditionally 0 -> -1
2019-11-18 17:55:47,217 [pool-47-thread-1] INFO  server.RaftServerConfigKeys (ConfUtils.java:logGet(43)) - raft.server.snapshot.auto.trigger.enabled = true (custom)
2019-11-18 17:55:47,217 [pool-47-thread-1] INFO  server.RaftServerConfigKeys (ConfUtils.java:logGet(43)) - raft.server.snapshot.auto.trigger.threshold = 10000 (custom)
2019-11-18 17:55:47,217 [pool-47-thread-1] INFO  server.RaftServerConfigKeys (ConfUtils.java:logGet(43)) - raft.server.snapshot.retention.file.num = 5 (custom)
2019-11-18 17:55:47,217 [pool-47-thread-1] INFO  server.RaftServerConfigKeys (ConfUtils.java:logGet(43)) - raft.server.retrycache.expirytime = 600000ms (custom)
2019-11-18 17:55:47,233 [pool-47-thread-1] WARN  impl.MetricRegistriesImpl (MetricRegistriesImpl.java:lambda$create$1(61)) - First MetricRegistry has been created without registering reporters. You may need to call MetricRegistries.global().addReportRegistration(...) before.
2019-11-18 17:55:47,233 [pool-27-thread-1] WARN  impl.MetricRegistriesImpl (MetricRegistriesImpl.java:lambda$create$1(61)) - First MetricRegistry has been created without registering reporters. You may need to call MetricRegistries.global().addReportRegistration(...) before.
2019-11-18 17:55:47,234 [pool-37-thread-1] WARN  impl.MetricRegistriesImpl (MetricRegistriesImpl.java:lambda$create$1(61)) - First MetricRegistry has been created without registering reporters. You may need to call MetricRegistries.global().addReportRegistration(...) before.
2019-11-18 17:55:47,236 [pool-27-thread-1] WARN  impl.MetricRegistriesImpl (MetricRegistriesImpl.java:lambda$create$1(61)) - First MetricRegistry has been created without registering reporters. You may need to call MetricRegistries.global().addReportRegistration(...) before.
2019-11-18 17:55:47,236 [pool-47-thread-1] WARN  impl.MetricRegistriesImpl (MetricRegistriesImpl.java:lambda$create$1(61)) - First MetricRegistry has been created without registering reporters. You may need to call MetricRegistries.global().addReportRegistration(...) before.
2019-11-18 17:55:47,236 [pool-37-thread-1] WARN  impl.MetricRegistriesImpl (MetricRegistriesImpl.java:lambda$create$1(61)) - First MetricRegistry has been created without registering reporters. You may need to call MetricRegistries.global().addReportRegistration(...) before.
2019-11-18 17:55:47,238 [pool-27-thread-1] INFO  impl.RaftServerImpl (RaftServerImpl.java:start(184)) - 2171c4f4-ae56-4f52-8301-1dd0f7438014@group-DCD6FCA69321: start as a follower, conf=-1: [2171c4f4-ae56-4f52-8301-1dd0f7438014:192.168.157.193:34135], old=null
2019-11-18 17:55:47,238 [pool-37-thread-1] INFO  impl.RaftServerImpl (RaftServerImpl.java:start(184)) - f20c60fb-9562-4189-99ad-1d897872d3c9@group-1CAE5225F5EB: start as a follower, conf=-1: [f20c60fb-9562-4189-99ad-1d897872d3c9:192.168.157.193:36337], old=null
2019-11-18 17:55:47,238 [pool-47-thread-1] INFO  impl.RaftServerImpl (RaftServerImpl.java:start(184)) - 9d82f33e-10b5-4ace-a17e-9435fc4cd6a3@group-87C5A823A8BE: start as a follower, conf=-1: [9d82f33e-10b5-4ace-a17e-9435fc4cd6a3:192.168.157.193:36950], old=null
2019-11-18 17:55:47,239 [pool-27-thread-1] INFO  impl.RaftServerImpl (RaftServerImpl.java:setRole(173)) - 2171c4f4-ae56-4f52-8301-1dd0f7438014@group-DCD6FCA69321: changes role from      null to FOLLOWER at term 0 for startAsFollower
2019-11-18 17:55:47,239 [pool-37-thread-1] INFO  impl.RaftServerImpl (RaftServerImpl.java:setRole(173)) - f20c60fb-9562-4189-99ad-1d897872d3c9@group-1CAE5225F5EB: changes role from      null to FOLLOWER at term 0 for startAsFollower
2019-11-18 17:55:47,239 [pool-47-thread-1] INFO  impl.RaftServerImpl (RaftServerImpl.java:setRole(173)) - 9d82f33e-10b5-4ace-a17e-9435fc4cd6a3@group-87C5A823A8BE: changes role from      null to FOLLOWER at term 0 for startAsFollower
2019-11-18 17:55:47,240 [pool-27-thread-1] INFO  impl.RoleInfo (RoleInfo.java:updateAndGet(143)) - 2171c4f4-ae56-4f52-8301-1dd0f7438014: start FollowerState
2019-11-18 17:55:47,240 [pool-47-thread-1] INFO  impl.RoleInfo (RoleInfo.java:updateAndGet(143)) - 9d82f33e-10b5-4ace-a17e-9435fc4cd6a3: start FollowerState
2019-11-18 17:55:47,240 [pool-37-thread-1] INFO  impl.RoleInfo (RoleInfo.java:updateAndGet(143)) - f20c60fb-9562-4189-99ad-1d897872d3c9: start FollowerState
2019-11-18 17:55:47,243 [pool-27-thread-1] INFO  util.JmxRegister (JmxRegister.java:tryRegister(44)) - Successfully registered JMX Bean with object name Ratis:service=RaftServer,group=group-DCD6FCA69321,id=2171c4f4-ae56-4f52-8301-1dd0f7438014
2019-11-18 17:55:47,243 [pool-37-thread-1] INFO  util.JmxRegister (JmxRegister.java:tryRegister(44)) - Successfully registered JMX Bean with object name Ratis:service=RaftServer,group=group-1CAE5225F5EB,id=f20c60fb-9562-4189-99ad-1d897872d3c9
2019-11-18 17:55:47,243 [pool-47-thread-1] INFO  util.JmxRegister (JmxRegister.java:tryRegister(44)) - Successfully registered JMX Bean with object name Ratis:service=RaftServer,group=group-87C5A823A8BE,id=9d82f33e-10b5-4ace-a17e-9435fc4cd6a3
2019-11-18 17:55:47,246 [pool-47-thread-1] WARN  impl.MetricRegistriesImpl (MetricRegistriesImpl.java:lambda$create$1(61)) - First MetricRegistry has been created without registering reporters. You may need to call MetricRegistries.global().addReportRegistration(...) before.
2019-11-18 17:55:47,246 [pool-27-thread-1] WARN  impl.MetricRegistriesImpl (MetricRegistriesImpl.java:lambda$create$1(61)) - First MetricRegistry has been created without registering reporters. You may need to call MetricRegistries.global().addReportRegistration(...) before.
2019-11-18 17:55:47,246 [pool-37-thread-1] WARN  impl.MetricRegistriesImpl (MetricRegistriesImpl.java:lambda$create$1(61)) - First MetricRegistry has been created without registering reporters. You may need to call MetricRegistries.global().addReportRegistration(...) before.
2019-11-18 17:55:47,259 [Command processor thread] INFO  commandhandler.CreatePipelineCommandHandler (CreatePipelineCommandHandler.java:handle(86)) - Create Pipeline RATIS ONE #id: "e8a701b4-3f8a-4a00-902d-1cae5225f5eb"
 command succeed on datanode f20c60fb-9562-4189-99ad-1d897872d3c9.
2019-11-18 17:55:47,259 [Command processor thread] INFO  commandhandler.CreatePipelineCommandHandler (CreatePipelineCommandHandler.java:handle(86)) - Create Pipeline RATIS ONE #id: "5c70ba0e-830d-42e9-ab66-dcd6fca69321"
 command succeed on datanode 2171c4f4-ae56-4f52-8301-1dd0f7438014.
2019-11-18 17:55:47,261 [Command processor thread] INFO  commandhandler.CreatePipelineCommandHandler (CreatePipelineCommandHandler.java:handle(86)) - Create Pipeline RATIS ONE #id: "a11e340d-bcd1-4285-a35d-87c5a823a8be"
 command succeed on datanode 9d82f33e-10b5-4ace-a17e-9435fc4cd6a3.
2019-11-18 17:55:47,266 [Command processor thread] INFO  impl.RaftServerProxy (RaftServerProxy.java:addNew(89)) - f20c60fb-9562-4189-99ad-1d897872d3c9: addNew group-1BA2A042ECB8:[f20c60fb-9562-4189-99ad-1d897872d3c9:192.168.157.193:36337, 9d82f33e-10b5-4ace-a17e-9435fc4cd6a3:192.168.157.193:36950, 2171c4f4-ae56-4f52-8301-1dd0f7438014:192.168.157.193:34135] returns group-1BA2A042ECB8:java.util.concurrent.CompletableFuture@6c1170f[Not completed]
2019-11-18 17:55:47,266 [Command processor thread] INFO  impl.RaftServerProxy (RaftServerProxy.java:addNew(89)) - 2171c4f4-ae56-4f52-8301-1dd0f7438014: addNew group-1BA2A042ECB8:[f20c60fb-9562-4189-99ad-1d897872d3c9:192.168.157.193:36337, 9d82f33e-10b5-4ace-a17e-9435fc4cd6a3:192.168.157.193:36950, 2171c4f4-ae56-4f52-8301-1dd0f7438014:192.168.157.193:34135] returns group-1BA2A042ECB8:java.util.concurrent.CompletableFuture@5da1194[Not completed]
2019-11-18 17:55:47,266 [Command processor thread] INFO  impl.RaftServerProxy (RaftServerProxy.java:addNew(89)) - 9d82f33e-10b5-4ace-a17e-9435fc4cd6a3: addNew group-1BA2A042ECB8:[f20c60fb-9562-4189-99ad-1d897872d3c9:192.168.157.193:36337, 9d82f33e-10b5-4ace-a17e-9435fc4cd6a3:192.168.157.193:36950, 2171c4f4-ae56-4f52-8301-1dd0f7438014:192.168.157.193:34135] returns group-1BA2A042ECB8:java.util.concurrent.CompletableFuture@2c4754c4[Not completed]
2019-11-18 17:55:47,269 [pool-37-thread-1] INFO  impl.RaftServerImpl (RaftServerImpl.java:<init>(98)) - f20c60fb-9562-4189-99ad-1d897872d3c9: new RaftServerImpl for group-1BA2A042ECB8:[f20c60fb-9562-4189-99ad-1d897872d3c9:192.168.157.193:36337, 9d82f33e-10b5-4ace-a17e-9435fc4cd6a3:192.168.157.193:36950, 2171c4f4-ae56-4f52-8301-1dd0f7438014:192.168.157.193:34135] with ContainerStateMachine:uninitialized
2019-11-18 17:55:47,269 [pool-37-thread-1] INFO  server.RaftServerConfigKeys (ConfUtils.java:logGet(43)) - raft.server.rpc.timeout.min = 5s (custom)
2019-11-18 17:55:47,269 [pool-37-thread-1] INFO  server.RaftServerConfigKeys (ConfUtils.java:logGet(43)) - raft.server.rpc.timeout.max = 5200ms (custom)
2019-11-18 17:55:47,270 [pool-37-thread-1] INFO  server.RaftServerConfigKeys (ConfUtils.java:logGet(43)) - raft.server.rpcslowness.timeout = 120s (custom)
2019-11-18 17:55:47,270 [pool-37-thread-1] INFO  server.RaftServerConfigKeys (ConfUtils.java:logGet(43)) - raft.server.sleep.deviation.threshold = 300 (default)
2019-11-18 17:55:47,270 [pool-37-thread-1] INFO  server.RaftServerConfigKeys (ConfUtils.java:logGet(43)) - raft.server.log.appender.install.snapshot.enabled = false (custom)
2019-11-18 17:55:47,270 [pool-37-thread-1] INFO  impl.RaftServerImpl (ServerState.java:<init>(103)) - f20c60fb-9562-4189-99ad-1d897872d3c9@group-1BA2A042ECB8: ConfigurationManager, init=-1: [f20c60fb-9562-4189-99ad-1d897872d3c9:192.168.157.193:36337, 9d82f33e-10b5-4ace-a17e-9435fc4cd6a3:192.168.157.193:36950, 2171c4f4-ae56-4f52-8301-1dd0f7438014:192.168.157.193:34135], old=null, confs=<EMPTY_MAP>
2019-11-18 17:55:47,270 [pool-37-thread-1] INFO  server.RaftServerConfigKeys (ConfUtils.java:logGet(43)) - raft.server.storage.dir = [/workdir/hadoop-ozone/tools/target/test-dir/MiniOzoneClusterImpl-b5b77925-1696-4489-9325-55d34611e487/datanode-1/data/ratis] (custom)
2019-11-18 17:55:47,271 [pool-47-thread-1] INFO  impl.RaftServerImpl (RaftServerImpl.java:<init>(98)) - 9d82f33e-10b5-4ace-a17e-9435fc4cd6a3: new RaftServerImpl for group-1BA2A042ECB8:[f20c60fb-9562-4189-99ad-1d897872d3c9:192.168.157.193:36337, 9d82f33e-10b5-4ace-a17e-9435fc4cd6a3:192.168.157.193:36950, 2171c4f4-ae56-4f52-8301-1dd0f7438014:192.168.157.193:34135] with ContainerStateMachine:uninitialized
2019-11-18 17:55:47,271 [pool-37-thread-1] INFO  server.RaftServerConfigKeys (ConfUtils.java:logGet(43)) - raft.server.log.corruption.policy = EXCEPTION (default)
2019-11-18 17:55:47,271 [pool-47-thread-1] INFO  server.RaftServerConfigKeys (ConfUtils.java:logGet(43)) - raft.server.rpc.timeout.min = 5s (custom)
2019-11-18 17:55:47,271 [pool-37-thread-1] INFO  storage.RaftStorageDirectory (RaftStorageDirectory.java:analyzeStorage(246)) - The storage directory /workdir/hadoop-ozone/tools/target/test-dir/MiniOzoneClusterImpl-b5b77925-1696-4489-9325-55d34611e487/datanode-1/data/ratis/219bbe90-4426-49fc-a8c0-1ba2a042ecb8 does not exist. Creating ...
2019-11-18 17:55:47,271 [pool-47-thread-1] INFO  server.RaftServerConfigKeys (ConfUtils.java:logGet(43)) - raft.server.rpc.timeout.max = 5200ms (custom)
2019-11-18 17:55:47,271 [pool-27-thread-1] INFO  impl.RaftServerImpl (RaftServerImpl.java:<init>(98)) - 2171c4f4-ae56-4f52-8301-1dd0f7438014: new RaftServerImpl for group-1BA2A042ECB8:[f20c60fb-9562-4189-99ad-1d897872d3c9:192.168.157.193:36337, 9d82f33e-10b5-4ace-a17e-9435fc4cd6a3:192.168.157.193:36950, 2171c4f4-ae56-4f52-8301-1dd0f7438014:192.168.157.193:34135] with ContainerStateMachine:uninitialized
2019-11-18 17:55:47,272 [pool-47-thread-1] INFO  server.RaftServerConfigKeys (ConfUtils.java:logGet(43)) - raft.server.rpcslowness.timeout = 120s (custom)
2019-11-18 17:55:47,272 [pool-27-thread-1] INFO  server.RaftServerConfigKeys (ConfUtils.java:logGet(43)) - raft.server.rpc.timeout.min = 5s (custom)
2019-11-18 17:55:47,272 [pool-47-thread-1] INFO  server.RaftServerConfigKeys (ConfUtils.java:logGet(43)) - raft.server.sleep.deviation.threshold = 300 (default)
2019-11-18 17:55:47,272 [pool-27-thread-1] INFO  server.RaftServerConfigKeys (ConfUtils.java:logGet(43)) - raft.server.rpc.timeout.max = 5200ms (custom)
2019-11-18 17:55:47,272 [pool-47-thread-1] INFO  server.RaftServerConfigKeys (ConfUtils.java:logGet(43)) - raft.server.log.appender.install.snapshot.enabled = false (custom)
2019-11-18 17:55:47,272 [pool-27-thread-1] INFO  server.RaftServerConfigKeys (ConfUtils.java:logGet(43)) - raft.server.rpcslowness.timeout = 120s (custom)
2019-11-18 17:55:47,272 [pool-47-thread-1] INFO  impl.RaftServerImpl (ServerState.java:<init>(103)) - 9d82f33e-10b5-4ace-a17e-9435fc4cd6a3@group-1BA2A042ECB8: ConfigurationManager, init=-1: [f20c60fb-9562-4189-99ad-1d897872d3c9:192.168.157.193:36337, 9d82f33e-10b5-4ace-a17e-9435fc4cd6a3:192.168.157.193:36950, 2171c4f4-ae56-4f52-8301-1dd0f7438014:192.168.157.193:34135], old=null, confs=<EMPTY_MAP>
2019-11-18 17:55:47,272 [pool-27-thread-1] INFO  server.RaftServerConfigKeys (ConfUtils.java:logGet(43)) - raft.server.sleep.deviation.threshold = 300 (default)
2019-11-18 17:55:47,273 [pool-27-thread-1] INFO  server.RaftServerConfigKeys (ConfUtils.java:logGet(43)) - raft.server.log.appender.install.snapshot.enabled = false (custom)
2019-11-18 17:55:47,273 [pool-47-thread-1] INFO  server.RaftServerConfigKeys (ConfUtils.java:logGet(43)) - raft.server.storage.dir = [/workdir/hadoop-ozone/tools/target/test-dir/MiniOzoneClusterImpl-b5b77925-1696-4489-9325-55d34611e487/datanode-2/data/ratis] (custom)
2019-11-18 17:55:47,273 [pool-27-thread-1] INFO  impl.RaftServerImpl (ServerState.java:<init>(103)) - 2171c4f4-ae56-4f52-8301-1dd0f7438014@group-1BA2A042ECB8: ConfigurationManager, init=-1: [f20c60fb-9562-4189-99ad-1d897872d3c9:192.168.157.193:36337, 9d82f33e-10b5-4ace-a17e-9435fc4cd6a3:192.168.157.193:36950, 2171c4f4-ae56-4f52-8301-1dd0f7438014:192.168.157.193:34135], old=null, confs=<EMPTY_MAP>
2019-11-18 17:55:47,273 [pool-27-thread-1] INFO  server.RaftServerConfigKeys (ConfUtils.java:logGet(43)) - raft.server.storage.dir = [/workdir/hadoop-ozone/tools/target/test-dir/MiniOzoneClusterImpl-b5b77925-1696-4489-9325-55d34611e487/datanode-0/data/ratis] (custom)
2019-11-18 17:55:47,273 [pool-47-thread-1] INFO  server.RaftServerConfigKeys (ConfUtils.java:logGet(43)) - raft.server.log.corruption.policy = EXCEPTION (default)
2019-11-18 17:55:47,274 [pool-27-thread-1] INFO  server.RaftServerConfigKeys (ConfUtils.java:logGet(43)) - raft.server.log.corruption.policy = EXCEPTION (default)
2019-11-18 17:55:47,274 [pool-47-thread-1] INFO  storage.RaftStorageDirectory (RaftStorageDirectory.java:analyzeStorage(246)) - The storage directory /workdir/hadoop-ozone/tools/target/test-dir/MiniOzoneClusterImpl-b5b77925-1696-4489-9325-55d34611e487/datanode-2/data/ratis/219bbe90-4426-49fc-a8c0-1ba2a042ecb8 does not exist. Creating ...
2019-11-18 17:55:47,274 [pool-27-thread-1] INFO  storage.RaftStorageDirectory (RaftStorageDirectory.java:analyzeStorage(246)) - The storage directory /workdir/hadoop-ozone/tools/target/test-dir/MiniOzoneClusterImpl-b5b77925-1696-4489-9325-55d34611e487/datanode-0/data/ratis/219bbe90-4426-49fc-a8c0-1ba2a042ecb8 does not exist. Creating ...
2019-11-18 17:55:47,280 [EventQueue-PipelineReportForPipelineReportHandler] INFO  pipeline.PipelineReportHandler (PipelineReportHandler.java:processPipelineReport(113)) - Pipeline ONE PipelineID=e8a701b4-3f8a-4a00-902d-1cae5225f5eb reported by f20c60fb-9562-4189-99ad-1d897872d3c9{ip: 192.168.157.193, host: pr-hdds-2533-gxxrh-3661068771, networkLocation: /default-rack, certSerialId: null}
2019-11-18 17:55:47,281 [EventQueue-PipelineReportForPipelineReportHandler] INFO  pipeline.PipelineStateManager (PipelineStateManager.java:openPipeline(132)) - Pipeline Pipeline[ Id: e8a701b4-3f8a-4a00-902d-1cae5225f5eb, Nodes: f20c60fb-9562-4189-99ad-1d897872d3c9{ip: 192.168.157.193, host: pr-hdds-2533-gxxrh-3661068771, networkLocation: /default-rack, certSerialId: null}, Type:RATIS, Factor:ONE, State:ALLOCATED] moved to OPEN state
2019-11-18 17:55:47,283 [EventQueue-OpenPipelineForHealthyPipelineSafeModeRule] INFO  safemode.SCMSafeModeManager (HealthyPipelineSafeModeRule.java:process(132)) - SCM in safe mode. Healthy pipelines reported count is 0, required healthy pipeline reported count is 1
2019-11-18 17:55:47,284 [EventQueue-PipelineReportForPipelineReportHandler] INFO  pipeline.PipelineReportHandler (PipelineReportHandler.java:processPipelineReport(113)) - Pipeline ONE PipelineID=5c70ba0e-830d-42e9-ab66-dcd6fca69321 reported by 2171c4f4-ae56-4f52-8301-1dd0f7438014{ip: 192.168.157.193, host: pr-hdds-2533-gxxrh-3661068771, networkLocation: /default-rack, certSerialId: null}
2019-11-18 17:55:47,284 [EventQueue-OpenPipelineForOneReplicaPipelineSafeModeRule] INFO  safemode.SCMSafeModeManager (SCMSafeModeManager.java:validateSafeModeExitRules(176)) - AtleastOneDatanodeReportedRule rule is successfully validated
2019-11-18 17:55:47,284 [EventQueue-PipelineReportForPipelineReportHandler] INFO  pipeline.PipelineStateManager (PipelineStateManager.java:openPipeline(132)) - Pipeline Pipeline[ Id: 5c70ba0e-830d-42e9-ab66-dcd6fca69321, Nodes: 2171c4f4-ae56-4f52-8301-1dd0f7438014{ip: 192.168.157.193, host: pr-hdds-2533-gxxrh-3661068771, networkLocation: /default-rack, certSerialId: null}, Type:RATIS, Factor:ONE, State:ALLOCATED] moved to OPEN state
2019-11-18 17:55:47,284 [EventQueue-OpenPipelineForHealthyPipelineSafeModeRule] INFO  safemode.SCMSafeModeManager (HealthyPipelineSafeModeRule.java:process(132)) - SCM in safe mode. Healthy pipelines reported count is 0, required healthy pipeline reported count is 1
2019-11-18 17:55:47,284 [EventQueue-PipelineReportForPipelineReportHandler] INFO  pipeline.PipelineReportHandler (PipelineReportHandler.java:processPipelineReport(113)) - Pipeline ONE PipelineID=a11e340d-bcd1-4285-a35d-87c5a823a8be reported by 9d82f33e-10b5-4ace-a17e-9435fc4cd6a3{ip: 192.168.157.193, host: pr-hdds-2533-gxxrh-3661068771, networkLocation: /default-rack, certSerialId: null}
2019-11-18 17:55:47,284 [EventQueue-OpenPipelineForOneReplicaPipelineSafeModeRule] INFO  safemode.SCMSafeModeManager (SCMSafeModeManager.java:validateSafeModeExitRules(176)) - AtleastOneDatanodeReportedRule rule is successfully validated
2019-11-18 17:55:47,285 [EventQueue-PipelineReportForPipelineReportHandler] INFO  pipeline.PipelineStateManager (PipelineStateManager.java:openPipeline(132)) - Pipeline Pipeline[ Id: a11e340d-bcd1-4285-a35d-87c5a823a8be, Nodes: 9d82f33e-10b5-4ace-a17e-9435fc4cd6a3{ip: 192.168.157.193, host: pr-hdds-2533-gxxrh-3661068771, networkLocation: /default-rack, certSerialId: null}, Type:RATIS, Factor:ONE, State:ALLOCATED] moved to OPEN state
2019-11-18 17:55:47,285 [EventQueue-OpenPipelineForOneReplicaPipelineSafeModeRule] INFO  safemode.SCMSafeModeManager (SCMSafeModeManager.java:validateSafeModeExitRules(176)) - AtleastOneDatanodeReportedRule rule is successfully validated
2019-11-18 17:55:47,285 [EventQueue-OpenPipelineForHealthyPipelineSafeModeRule] INFO  safemode.SCMSafeModeManager (HealthyPipelineSafeModeRule.java:process(132)) - SCM in safe mode. Healthy pipelines reported count is 0, required healthy pipeline reported count is 1
2019-11-18 17:55:47,293 [pool-37-thread-1] INFO  storage.RaftStorageDirectory (RaftStorageDirectory.java:tryLock(328)) - Lock on /workdir/hadoop-ozone/tools/target/test-dir/MiniOzoneClusterImpl-b5b77925-1696-4489-9325-55d34611e487/datanode-1/data/ratis/219bbe90-4426-49fc-a8c0-1ba2a042ecb8/in_use.lock acquired by nodename 31057@pr-hdds-2533-gxxrh-3661068771
2019-11-18 17:55:47,293 [pool-27-thread-1] INFO  storage.RaftStorageDirectory (RaftStorageDirectory.java:tryLock(328)) - Lock on /workdir/hadoop-ozone/tools/target/test-dir/MiniOzoneClusterImpl-b5b77925-1696-4489-9325-55d34611e487/datanode-0/data/ratis/219bbe90-4426-49fc-a8c0-1ba2a042ecb8/in_use.lock acquired by nodename 31057@pr-hdds-2533-gxxrh-3661068771
2019-11-18 17:55:47,293 [pool-47-thread-1] INFO  storage.RaftStorageDirectory (RaftStorageDirectory.java:tryLock(328)) - Lock on /workdir/hadoop-ozone/tools/target/test-dir/MiniOzoneClusterImpl-b5b77925-1696-4489-9325-55d34611e487/datanode-2/data/ratis/219bbe90-4426-49fc-a8c0-1ba2a042ecb8/in_use.lock acquired by nodename 31057@pr-hdds-2533-gxxrh-3661068771
2019-11-18 17:55:47,301 [pool-37-thread-1] INFO  storage.RaftStorage (RaftStorage.java:format(84)) - Storage directory /workdir/hadoop-ozone/tools/target/test-dir/MiniOzoneClusterImpl-b5b77925-1696-4489-9325-55d34611e487/datanode-1/data/ratis/219bbe90-4426-49fc-a8c0-1ba2a042ecb8 has been successfully formatted.
2019-11-18 17:55:47,301 [pool-27-thread-1] INFO  storage.RaftStorage (RaftStorage.java:format(84)) - Storage directory /workdir/hadoop-ozone/tools/target/test-dir/MiniOzoneClusterImpl-b5b77925-1696-4489-9325-55d34611e487/datanode-0/data/ratis/219bbe90-4426-49fc-a8c0-1ba2a042ecb8 has been successfully formatted.
2019-11-18 17:55:47,301 [pool-47-thread-1] INFO  storage.RaftStorage (RaftStorage.java:format(84)) - Storage directory /workdir/hadoop-ozone/tools/target/test-dir/MiniOzoneClusterImpl-b5b77925-1696-4489-9325-55d34611e487/datanode-2/data/ratis/219bbe90-4426-49fc-a8c0-1ba2a042ecb8 has been successfully formatted.
2019-11-18 17:55:47,301 [pool-37-thread-1] INFO  ratis.ContainerStateMachine (ContainerStateMachine.java:loadSnapshot(223)) - group-1BA2A042ECB8: The snapshot info is null. Setting the last applied indexto:(t:0, i:~)
2019-11-18 17:55:47,302 [pool-27-thread-1] INFO  ratis.ContainerStateMachine (ContainerStateMachine.java:loadSnapshot(223)) - group-1BA2A042ECB8: The snapshot info is null. Setting the last applied indexto:(t:0, i:~)
2019-11-18 17:55:47,302 [pool-47-thread-1] INFO  ratis.ContainerStateMachine (ContainerStateMachine.java:loadSnapshot(223)) - group-1BA2A042ECB8: The snapshot info is null. Setting the last applied indexto:(t:0, i:~)
2019-11-18 17:55:47,302 [pool-37-thread-1] INFO  server.RaftServerConfigKeys (ConfUtils.java:logGet(43)) - raft.server.notification.no-leader.timeout = 120s (custom)
2019-11-18 17:55:47,302 [pool-47-thread-1] INFO  server.RaftServerConfigKeys (ConfUtils.java:logGet(43)) - raft.server.notification.no-leader.timeout = 120s (custom)
2019-11-18 17:55:47,302 [pool-27-thread-1] INFO  server.RaftServerConfigKeys (ConfUtils.java:logGet(43)) - raft.server.notification.no-leader.timeout = 120s (custom)
2019-11-18 17:55:47,302 [pool-47-thread-1] INFO  server.RaftServerConfigKeys (ConfUtils.java:logGet(43)) - raft.server.log.use.memory = false (default)
2019-11-18 17:55:47,302 [pool-37-thread-1] INFO  server.RaftServerConfigKeys (ConfUtils.java:logGet(43)) - raft.server.log.use.memory = false (default)
2019-11-18 17:55:47,303 [pool-47-thread-1] INFO  server.RaftServerConfigKeys (ConfUtils.java:logGet(43)) - raft.server.log.purge.gap = 1000000 (custom)
2019-11-18 17:55:47,302 [pool-27-thread-1] INFO  server.RaftServerConfigKeys (ConfUtils.java:logGet(43)) - raft.server.log.use.memory = false (default)
2019-11-18 17:55:47,303 [pool-47-thread-1] INFO  server.RaftServerConfigKeys (ConfUtils.java:logGet(43)) - raft.server.log.appender.buffer.byte-limit = 33554432 (custom)
2019-11-18 17:55:47,303 [pool-37-thread-1] INFO  server.RaftServerConfigKeys (ConfUtils.java:logGet(43)) - raft.server.log.purge.gap = 1000000 (custom)
2019-11-18 17:55:47,303 [pool-47-thread-1] INFO  server.RaftServerConfigKeys (ConfUtils.java:logGet(43)) - raft.server.log.segment.size.max = 1048576 (custom)
2019-11-18 17:55:47,303 [pool-27-thread-1] INFO  server.RaftServerConfigKeys (ConfUtils.java:logGet(43)) - raft.server.log.purge.gap = 1000000 (custom)
2019-11-18 17:55:47,304 [pool-47-thread-1] INFO  server.RaftServerConfigKeys (ConfUtils.java:logGet(43)) - raft.server.log.segment.cache.num.max = 2 (custom)
2019-11-18 17:55:47,303 [pool-37-thread-1] INFO  server.RaftServerConfigKeys (ConfUtils.java:logGet(43)) - raft.server.log.appender.buffer.byte-limit = 33554432 (custom)
2019-11-18 17:55:47,304 [pool-47-thread-1] INFO  segmented.SegmentedRaftLogWorker (SegmentedRaftLogWorker.java:<init>(173)) - new 9d82f33e-10b5-4ace-a17e-9435fc4cd6a3@group-1BA2A042ECB8-SegmentedRaftLogWorker for RaftStorage:Storage Directory /workdir/hadoop-ozone/tools/target/test-dir/MiniOzoneClusterImpl-b5b77925-1696-4489-9325-55d34611e487/datanode-2/data/ratis/219bbe90-4426-49fc-a8c0-1ba2a042ecb8
2019-11-18 17:55:47,304 [pool-27-thread-1] INFO  server.RaftServerConfigKeys (ConfUtils.java:logGet(43)) - raft.server.log.appender.buffer.byte-limit = 33554432 (custom)
2019-11-18 17:55:47,304 [pool-47-thread-1] INFO  server.RaftServerConfigKeys (ConfUtils.java:logGet(43)) - raft.server.log.queue.byte-limit = 2147483647 (custom)
2019-11-18 17:55:47,304 [pool-37-thread-1] INFO  server.RaftServerConfigKeys (ConfUtils.java:logGet(43)) - raft.server.log.segment.size.max = 1048576 (custom)
2019-11-18 17:55:47,304 [pool-47-thread-1] INFO  server.RaftServerConfigKeys (ConfUtils.java:logGet(43)) - raft.server.log.queue.element-limit = 1024 (custom)
2019-11-18 17:55:47,304 [pool-27-thread-1] INFO  server.RaftServerConfigKeys (ConfUtils.java:logGet(43)) - raft.server.log.segment.size.max = 1048576 (custom)
2019-11-18 17:55:47,305 [pool-47-thread-1] INFO  server.RaftServerConfigKeys (ConfUtils.java:logGet(43)) - raft.server.log.segment.size.max = 1048576 (custom)
2019-11-18 17:55:47,305 [pool-27-thread-1] INFO  server.RaftServerConfigKeys (ConfUtils.java:logGet(43)) - raft.server.log.segment.cache.num.max = 2 (custom)
2019-11-18 17:55:47,305 [pool-37-thread-1] INFO  server.RaftServerConfigKeys (ConfUtils.java:logGet(43)) - raft.server.log.segment.cache.num.max = 2 (custom)
2019-11-18 17:55:47,305 [pool-27-thread-1] INFO  segmented.SegmentedRaftLogWorker (SegmentedRaftLogWorker.java:<init>(173)) - new 2171c4f4-ae56-4f52-8301-1dd0f7438014@group-1BA2A042ECB8-SegmentedRaftLogWorker for RaftStorage:Storage Directory /workdir/hadoop-ozone/tools/target/test-dir/MiniOzoneClusterImpl-b5b77925-1696-4489-9325-55d34611e487/datanode-0/data/ratis/219bbe90-4426-49fc-a8c0-1ba2a042ecb8
2019-11-18 17:55:47,305 [pool-47-thread-1] INFO  server.RaftServerConfigKeys (ConfUtils.java:logGet(43)) - raft.server.log.preallocated.size = 16384 (custom)
2019-11-18 17:55:47,305 [pool-27-thread-1] INFO  server.RaftServerConfigKeys (ConfUtils.java:logGet(43)) - raft.server.log.queue.byte-limit = 2147483647 (custom)
2019-11-18 17:55:47,305 [pool-37-thread-1] INFO  segmented.SegmentedRaftLogWorker (SegmentedRaftLogWorker.java:<init>(173)) - new f20c60fb-9562-4189-99ad-1d897872d3c9@group-1BA2A042ECB8-SegmentedRaftLogWorker for RaftStorage:Storage Directory /workdir/hadoop-ozone/tools/target/test-dir/MiniOzoneClusterImpl-b5b77925-1696-4489-9325-55d34611e487/datanode-1/data/ratis/219bbe90-4426-49fc-a8c0-1ba2a042ecb8
2019-11-18 17:55:47,306 [pool-27-thread-1] INFO  server.RaftServerConfigKeys (ConfUtils.java:logGet(43)) - raft.server.log.queue.element-limit = 1024 (custom)
2019-11-18 17:55:47,306 [pool-47-thread-1] INFO  server.RaftServerConfigKeys (ConfUtils.java:logGet(43)) - raft.server.log.write.buffer.size = 33554432 (custom)
2019-11-18 17:55:47,306 [pool-27-thread-1] INFO  server.RaftServerConfigKeys (ConfUtils.java:logGet(43)) - raft.server.log.segment.size.max = 1048576 (custom)
2019-11-18 17:55:47,306 [pool-37-thread-1] INFO  server.RaftServerConfigKeys (ConfUtils.java:logGet(43)) - raft.server.log.queue.byte-limit = 2147483647 (custom)
2019-11-18 17:55:47,306 [pool-27-thread-1] INFO  server.RaftServerConfigKeys (ConfUtils.java:logGet(43)) - raft.server.log.preallocated.size = 16384 (custom)
2019-11-18 17:55:47,306 [pool-47-thread-1] INFO  server.RaftServerConfigKeys (ConfUtils.java:logGet(43)) - raft.server.log.force.sync.num = 128 (default)
2019-11-18 17:55:47,306 [pool-27-thread-1] INFO  server.RaftServerConfigKeys (ConfUtils.java:logGet(43)) - raft.server.log.write.buffer.size = 33554432 (custom)
2019-11-18 17:55:47,306 [pool-37-thread-1] INFO  server.RaftServerConfigKeys (ConfUtils.java:logGet(43)) - raft.server.log.queue.element-limit = 1024 (custom)
2019-11-18 17:55:47,307 [pool-27-thread-1] INFO  server.RaftServerConfigKeys (ConfUtils.java:logGet(43)) - raft.server.log.force.sync.num = 128 (default)
2019-11-18 17:55:47,306 [pool-47-thread-1] INFO  server.RaftServerConfigKeys (ConfUtils.java:logGet(43)) - raft.server.log.statemachine.data.sync = true (default)
2019-11-18 17:55:47,307 [pool-27-thread-1] INFO  server.RaftServerConfigKeys (ConfUtils.java:logGet(43)) - raft.server.log.statemachine.data.sync = true (default)
2019-11-18 17:55:47,307 [pool-37-thread-1] INFO  server.RaftServerConfigKeys (ConfUtils.java:logGet(43)) - raft.server.log.segment.size.max = 1048576 (custom)
2019-11-18 17:55:47,307 [pool-27-thread-1] INFO  server.RaftServerConfigKeys (ConfUtils.java:logGet(43)) - raft.server.log.statemachine.data.sync.timeout = 10s (default)
2019-11-18 17:55:47,307 [pool-47-thread-1] INFO  server.RaftServerConfigKeys (ConfUtils.java:logGet(43)) - raft.server.log.statemachine.data.sync.timeout = 10s (default)
2019-11-18 17:55:47,307 [pool-27-thread-1] INFO  server.RaftServerConfigKeys (ConfUtils.java:logGet(43)) - raft.server.log.statemachine.data.sync.timeout.retry = -1 (default)
2019-11-18 17:55:47,307 [pool-37-thread-1] INFO  server.RaftServerConfigKeys (ConfUtils.java:logGet(43)) - raft.server.log.preallocated.size = 16384 (custom)
2019-11-18 17:55:47,308 [pool-27-thread-1] INFO  server.RaftServerConfigKeys (ConfUtils.java:logGet(43)) - raft.server.log.statemachine.data.caching.enabled = true (custom)
2019-11-18 17:55:47,307 [pool-47-thread-1] INFO  server.RaftServerConfigKeys (ConfUtils.java:logGet(43)) - raft.server.log.statemachine.data.sync.timeout.retry = -1 (default)
2019-11-18 17:55:47,308 [pool-37-thread-1] INFO  server.RaftServerConfigKeys (ConfUtils.java:logGet(43)) - raft.server.log.write.buffer.size = 33554432 (custom)
2019-11-18 17:55:47,308 [pool-27-thread-1] INFO  segmented.SegmentedRaftLogWorker (SegmentedRaftLogWorker.java:lambda$new$0(128)) - 2171c4f4-ae56-4f52-8301-1dd0f7438014@group-1BA2A042ECB8-SegmentedRaftLogWorker: flushIndex: setUnconditionally 0 -> -1
2019-11-18 17:55:47,308 [pool-37-thread-1] INFO  server.RaftServerConfigKeys (ConfUtils.java:logGet(43)) - raft.server.log.force.sync.num = 128 (default)
2019-11-18 17:55:47,308 [pool-47-thread-1] INFO  server.RaftServerConfigKeys (ConfUtils.java:logGet(43)) - raft.server.log.statemachine.data.caching.enabled = true (custom)
2019-11-18 17:55:47,308 [pool-27-thread-1] INFO  server.RaftServerConfigKeys (ConfUtils.java:logGet(43)) - raft.server.snapshot.auto.trigger.enabled = true (custom)
2019-11-18 17:55:47,308 [pool-37-thread-1] INFO  server.RaftServerConfigKeys (ConfUtils.java:logGet(43)) - raft.server.log.statemachine.data.sync = true (default)
2019-11-18 17:55:47,309 [pool-27-thread-1] INFO  server.RaftServerConfigKeys (ConfUtils.java:logGet(43)) - raft.server.snapshot.auto.trigger.threshold = 10000 (custom)
2019-11-18 17:55:47,309 [pool-47-thread-1] INFO  segmented.SegmentedRaftLogWorker (SegmentedRaftLogWorker.java:lambda$new$0(128)) - 9d82f33e-10b5-4ace-a17e-9435fc4cd6a3@group-1BA2A042ECB8-SegmentedRaftLogWorker: flushIndex: setUnconditionally 0 -> -1
2019-11-18 17:55:47,309 [pool-37-thread-1] INFO  server.RaftServerConfigKeys (ConfUtils.java:logGet(43)) - raft.server.log.statemachine.data.sync.timeout = 10s (default)
2019-11-18 17:55:47,309 [pool-27-thread-1] INFO  server.RaftServerConfigKeys (ConfUtils.java:logGet(43)) - raft.server.snapshot.retention.file.num = 5 (custom)
2019-11-18 17:55:47,309 [pool-47-thread-1] INFO  server.RaftServerConfigKeys (ConfUtils.java:logGet(43)) - raft.server.snapshot.auto.trigger.enabled = true (custom)
2019-11-18 17:55:47,309 [pool-37-thread-1] INFO  server.RaftServerConfigKeys (ConfUtils.java:logGet(43)) - raft.server.log.statemachine.data.sync.timeout.retry = -1 (default)
2019-11-18 17:55:47,309 [pool-47-thread-1] INFO  server.RaftServerConfigKeys (ConfUtils.java:logGet(43)) - raft.server.snapshot.auto.trigger.threshold = 10000 (custom)
2019-11-18 17:55:47,309 [pool-27-thread-1] INFO  server.RaftServerConfigKeys (ConfUtils.java:logGet(43)) - raft.server.retrycache.expirytime = 600000ms (custom)
2019-11-18 17:55:47,310 [pool-47-thread-1] INFO  server.RaftServerConfigKeys (ConfUtils.java:logGet(43)) - raft.server.snapshot.retention.file.num = 5 (custom)
2019-11-18 17:55:47,310 [pool-37-thread-1] INFO  server.RaftServerConfigKeys (ConfUtils.java:logGet(43)) - raft.server.log.statemachine.data.caching.enabled = true (custom)
2019-11-18 17:55:47,310 [pool-47-thread-1] INFO  server.RaftServerConfigKeys (ConfUtils.java:logGet(43)) - raft.server.retrycache.expirytime = 600000ms (custom)
2019-11-18 17:55:47,310 [pool-27-thread-1] WARN  impl.MetricRegistriesImpl (MetricRegistriesImpl.java:lambda$create$1(61)) - First MetricRegistry has been created without registering reporters. You may need to call MetricRegistries.global().addReportRegistration(...) before.
2019-11-18 17:55:47,310 [pool-37-thread-1] INFO  segmented.SegmentedRaftLogWorker (SegmentedRaftLogWorker.java:lambda$new$0(128)) - f20c60fb-9562-4189-99ad-1d897872d3c9@group-1BA2A042ECB8-SegmentedRaftLogWorker: flushIndex: setUnconditionally 0 -> -1
2019-11-18 17:55:47,310 [pool-47-thread-1] WARN  impl.MetricRegistriesImpl (MetricRegistriesImpl.java:lambda$create$1(61)) - First MetricRegistry has been created without registering reporters. You may need to call MetricRegistries.global().addReportRegistration(...) before.
2019-11-18 17:55:47,310 [pool-27-thread-1] WARN  impl.MetricRegistriesImpl (MetricRegistriesImpl.java:lambda$create$1(61)) - First MetricRegistry has been created without registering reporters. You may need to call MetricRegistries.global().addReportRegistration(...) before.
2019-11-18 17:55:47,311 [pool-47-thread-1] WARN  impl.MetricRegistriesImpl (MetricRegistriesImpl.java:lambda$create$1(61)) - First MetricRegistry has been created without registering reporters. You may need to call MetricRegistries.global().addReportRegistration(...) before.
2019-11-18 17:55:47,311 [pool-37-thread-1] INFO  server.RaftServerConfigKeys (ConfUtils.java:logGet(43)) - raft.server.snapshot.auto.trigger.enabled = true (custom)
2019-11-18 17:55:47,311 [pool-27-thread-1] INFO  impl.RaftServerImpl (RaftServerImpl.java:start(184)) - 2171c4f4-ae56-4f52-8301-1dd0f7438014@group-1BA2A042ECB8: start as a follower, conf=-1: [f20c60fb-9562-4189-99ad-1d897872d3c9:192.168.157.193:36337, 9d82f33e-10b5-4ace-a17e-9435fc4cd6a3:192.168.157.193:36950, 2171c4f4-ae56-4f52-8301-1dd0f7438014:192.168.157.193:34135], old=null
2019-11-18 17:55:47,311 [pool-47-thread-1] INFO  impl.RaftServerImpl (RaftServerImpl.java:start(184)) - 9d82f33e-10b5-4ace-a17e-9435fc4cd6a3@group-1BA2A042ECB8: start as a follower, conf=-1: [f20c60fb-9562-4189-99ad-1d897872d3c9:192.168.157.193:36337, 9d82f33e-10b5-4ace-a17e-9435fc4cd6a3:192.168.157.193:36950, 2171c4f4-ae56-4f52-8301-1dd0f7438014:192.168.157.193:34135], old=null
2019-11-18 17:55:47,311 [pool-37-thread-1] INFO  server.RaftServerConfigKeys (ConfUtils.java:logGet(43)) - raft.server.snapshot.auto.trigger.threshold = 10000 (custom)
2019-11-18 17:55:47,311 [pool-47-thread-1] INFO  impl.RaftServerImpl (RaftServerImpl.java:setRole(173)) - 9d82f33e-10b5-4ace-a17e-9435fc4cd6a3@group-1BA2A042ECB8: changes role from      null to FOLLOWER at term 0 for startAsFollower
2019-11-18 17:55:47,311 [pool-27-thread-1] INFO  impl.RaftServerImpl (RaftServerImpl.java:setRole(173)) - 2171c4f4-ae56-4f52-8301-1dd0f7438014@group-1BA2A042ECB8: changes role from      null to FOLLOWER at term 0 for startAsFollower
2019-11-18 17:55:47,312 [pool-47-thread-1] INFO  impl.RoleInfo (RoleInfo.java:updateAndGet(143)) - 9d82f33e-10b5-4ace-a17e-9435fc4cd6a3: start FollowerState
2019-11-18 17:55:47,311 [pool-37-thread-1] INFO  server.RaftServerConfigKeys (ConfUtils.java:logGet(43)) - raft.server.snapshot.retention.file.num = 5 (custom)
2019-11-18 17:55:47,312 [pool-27-thread-1] INFO  impl.RoleInfo (RoleInfo.java:updateAndGet(143)) - 2171c4f4-ae56-4f52-8301-1dd0f7438014: start FollowerState
2019-11-18 17:55:47,312 [pool-37-thread-1] INFO  server.RaftServerConfigKeys (ConfUtils.java:logGet(43)) - raft.server.retrycache.expirytime = 600000ms (custom)
2019-11-18 17:55:47,312 [pool-47-thread-1] INFO  util.JmxRegister (JmxRegister.java:tryRegister(44)) - Successfully registered JMX Bean with object name Ratis:service=RaftServer,group=group-1BA2A042ECB8,id=9d82f33e-10b5-4ace-a17e-9435fc4cd6a3
2019-11-18 17:55:47,312 [pool-37-thread-1] WARN  impl.MetricRegistriesImpl (MetricRegistriesImpl.java:lambda$create$1(61)) - First MetricRegistry has been created without registering reporters. You may need to call MetricRegistries.global().addReportRegistration(...) before.
2019-11-18 17:55:47,312 [pool-27-thread-1] INFO  util.JmxRegister (JmxRegister.java:tryRegister(44)) - Successfully registered JMX Bean with object name Ratis:service=RaftServer,group=group-1BA2A042ECB8,id=2171c4f4-ae56-4f52-8301-1dd0f7438014
2019-11-18 17:55:47,313 [pool-37-thread-1] WARN  impl.MetricRegistriesImpl (MetricRegistriesImpl.java:lambda$create$1(61)) - First MetricRegistry has been created without registering reporters. You may need to call MetricRegistries.global().addReportRegistration(...) before.
2019-11-18 17:55:47,313 [pool-47-thread-1] WARN  impl.MetricRegistriesImpl (MetricRegistriesImpl.java:lambda$create$1(61)) - First MetricRegistry has been created without registering reporters. You may need to call MetricRegistries.global().addReportRegistration(...) before.
2019-11-18 17:55:47,313 [pool-37-thread-1] INFO  impl.RaftServerImpl (RaftServerImpl.java:start(184)) - f20c60fb-9562-4189-99ad-1d897872d3c9@group-1BA2A042ECB8: start as a follower, conf=-1: [f20c60fb-9562-4189-99ad-1d897872d3c9:192.168.157.193:36337, 9d82f33e-10b5-4ace-a17e-9435fc4cd6a3:192.168.157.193:36950, 2171c4f4-ae56-4f52-8301-1dd0f7438014:192.168.157.193:34135], old=null
2019-11-18 17:55:47,313 [pool-27-thread-1] WARN  impl.MetricRegistriesImpl (MetricRegistriesImpl.java:lambda$create$1(61)) - First MetricRegistry has been created without registering reporters. You may need to call MetricRegistries.global().addReportRegistration(...) before.
2019-11-18 17:55:47,314 [pool-37-thread-1] INFO  impl.RaftServerImpl (RaftServerImpl.java:setRole(173)) - f20c60fb-9562-4189-99ad-1d897872d3c9@group-1BA2A042ECB8: changes role from      null to FOLLOWER at term 0 for startAsFollower
2019-11-18 17:55:47,314 [pool-37-thread-1] INFO  impl.RoleInfo (RoleInfo.java:updateAndGet(143)) - f20c60fb-9562-4189-99ad-1d897872d3c9: start FollowerState
2019-11-18 17:55:47,314 [Command processor thread] INFO  commandhandler.CreatePipelineCommandHandler (CreatePipelineCommandHandler.java:handle(86)) - Create Pipeline RATIS THREE #id: "219bbe90-4426-49fc-a8c0-1ba2a042ecb8"
 command succeed on datanode 2171c4f4-ae56-4f52-8301-1dd0f7438014.
2019-11-18 17:55:47,314 [Command processor thread] INFO  commandhandler.CreatePipelineCommandHandler (CreatePipelineCommandHandler.java:handle(86)) - Create Pipeline RATIS THREE #id: "219bbe90-4426-49fc-a8c0-1ba2a042ecb8"
 command succeed on datanode 9d82f33e-10b5-4ace-a17e-9435fc4cd6a3.
2019-11-18 17:55:47,314 [pool-37-thread-1] INFO  util.JmxRegister (JmxRegister.java:tryRegister(44)) - Successfully registered JMX Bean with object name Ratis:service=RaftServer,group=group-1BA2A042ECB8,id=f20c60fb-9562-4189-99ad-1d897872d3c9
2019-11-18 17:55:47,315 [pool-37-thread-1] WARN  impl.MetricRegistriesImpl (MetricRegistriesImpl.java:lambda$create$1(61)) - First MetricRegistry has been created without registering reporters. You may need to call MetricRegistries.global().addReportRegistration(...) before.
2019-11-18 17:55:47,316 [Command processor thread] INFO  commandhandler.CreatePipelineCommandHandler (CreatePipelineCommandHandler.java:handle(86)) - Create Pipeline RATIS THREE #id: "219bbe90-4426-49fc-a8c0-1ba2a042ecb8"
 command succeed on datanode f20c60fb-9562-4189-99ad-1d897872d3c9.
2019-11-18 17:55:47,317 [EventQueue-PipelineReportForPipelineReportHandler] INFO  pipeline.PipelineReportHandler (PipelineReportHandler.java:processPipelineReport(113)) - Pipeline THREE PipelineID=219bbe90-4426-49fc-a8c0-1ba2a042ecb8 reported by 2171c4f4-ae56-4f52-8301-1dd0f7438014{ip: 192.168.157.193, host: pr-hdds-2533-gxxrh-3661068771, networkLocation: /default-rack, certSerialId: null}
2019-11-18 17:55:47,318 [EventQueue-PipelineReportForPipelineReportHandler] INFO  pipeline.PipelineReportHandler (PipelineReportHandler.java:processPipelineReport(113)) - Pipeline THREE PipelineID=219bbe90-4426-49fc-a8c0-1ba2a042ecb8 reported by 9d82f33e-10b5-4ace-a17e-9435fc4cd6a3{ip: 192.168.157.193, host: pr-hdds-2533-gxxrh-3661068771, networkLocation: /default-rack, certSerialId: null}
2019-11-18 17:55:47,318 [EventQueue-PipelineReportForPipelineReportHandler] INFO  pipeline.PipelineReportHandler (PipelineReportHandler.java:processPipelineReport(113)) - Pipeline THREE PipelineID=219bbe90-4426-49fc-a8c0-1ba2a042ecb8 reported by f20c60fb-9562-4189-99ad-1d897872d3c9{ip: 192.168.157.193, host: pr-hdds-2533-gxxrh-3661068771, networkLocation: /default-rack, certSerialId: null}
2019-11-18 17:55:48,106 [main] INFO  ozone.MiniOzoneClusterImpl (MiniOzoneClusterImpl.java:lambda$waitForClusterToBeReady$0(150)) - Nodes are ready. Got 3 of 3 DN Heartbeats.
2019-11-18 17:55:48,107 [main] INFO  ozone.MiniOzoneClusterImpl (MiniOzoneClusterImpl.java:lambda$waitForClusterToBeReady$0(153)) - Waiting for cluster to exit safe mode
2019-11-18 17:55:49,107 [main] INFO  ozone.MiniOzoneClusterImpl (MiniOzoneClusterImpl.java:lambda$waitForClusterToBeReady$0(150)) - Nodes are ready. Got 3 of 3 DN Heartbeats.
2019-11-18 17:55:49,108 [main] INFO  ozone.MiniOzoneClusterImpl (MiniOzoneClusterImpl.java:lambda$waitForClusterToBeReady$0(153)) - Waiting for cluster to exit safe mode
2019-11-18 17:55:50,108 [main] INFO  ozone.MiniOzoneClusterImpl (MiniOzoneClusterImpl.java:lambda$waitForClusterToBeReady$0(150)) - Nodes are ready. Got 3 of 3 DN Heartbeats.
2019-11-18 17:55:50,109 [main] INFO  ozone.MiniOzoneClusterImpl (MiniOzoneClusterImpl.java:lambda$waitForClusterToBeReady$0(153)) - Waiting for cluster to exit safe mode
2019-11-18 17:55:51,109 [main] INFO  ozone.MiniOzoneClusterImpl (MiniOzoneClusterImpl.java:lambda$waitForClusterToBeReady$0(150)) - Nodes are ready. Got 3 of 3 DN Heartbeats.
2019-11-18 17:55:51,109 [main] INFO  ozone.MiniOzoneClusterImpl (MiniOzoneClusterImpl.java:lambda$waitForClusterToBeReady$0(153)) - Waiting for cluster to exit safe mode
2019-11-18 17:55:52,110 [main] INFO  ozone.MiniOzoneClusterImpl (MiniOzoneClusterImpl.java:lambda$waitForClusterToBeReady$0(150)) - Nodes are ready. Got 3 of 3 DN Heartbeats.
2019-11-18 17:55:52,110 [main] INFO  ozone.MiniOzoneClusterImpl (MiniOzoneClusterImpl.java:lambda$waitForClusterToBeReady$0(153)) - Waiting for cluster to exit safe mode
2019-11-18 17:55:52,298 [Thread-181] INFO  impl.FollowerState (FollowerState.java:run(111)) - 2171c4f4-ae56-4f52-8301-1dd0f7438014@group-DCD6FCA69321-FollowerState: change to CANDIDATE, lastRpcTime:5058ms, electionTimeout:5056ms
2019-11-18 17:55:52,299 [Thread-181] INFO  impl.RoleInfo (RoleInfo.java:shutdownFollowerState(121)) - 2171c4f4-ae56-4f52-8301-1dd0f7438014: shutdown FollowerState
2019-11-18 17:55:52,300 [Thread-181] INFO  impl.RaftServerImpl (RaftServerImpl.java:setRole(173)) - 2171c4f4-ae56-4f52-8301-1dd0f7438014@group-DCD6FCA69321: changes role from  FOLLOWER to CANDIDATE at term 0 for changeToCandidate
2019-11-18 17:55:52,303 [Thread-181] INFO  impl.RoleInfo (RoleInfo.java:updateAndGet(143)) - 2171c4f4-ae56-4f52-8301-1dd0f7438014: start LeaderElection
2019-11-18 17:55:52,328 [Thread-191] INFO  impl.FollowerState (FollowerState.java:run(111)) - f20c60fb-9562-4189-99ad-1d897872d3c9@group-1BA2A042ECB8-FollowerState: change to CANDIDATE, lastRpcTime:5013ms, electionTimeout:5013ms
2019-11-18 17:55:52,328 [Thread-191] INFO  impl.RoleInfo (RoleInfo.java:shutdownFollowerState(121)) - f20c60fb-9562-4189-99ad-1d897872d3c9: shutdown FollowerState
2019-11-18 17:55:52,329 [Thread-191] INFO  impl.RaftServerImpl (RaftServerImpl.java:setRole(173)) - f20c60fb-9562-4189-99ad-1d897872d3c9@group-1BA2A042ECB8: changes role from  FOLLOWER to CANDIDATE at term 0 for changeToCandidate
2019-11-18 17:55:52,329 [Thread-191] INFO  impl.RoleInfo (RoleInfo.java:updateAndGet(143)) - f20c60fb-9562-4189-99ad-1d897872d3c9: start LeaderElection
2019-11-18 17:55:52,331 [Thread-188] INFO  impl.FollowerState (FollowerState.java:run(111)) - 9d82f33e-10b5-4ace-a17e-9435fc4cd6a3@group-1BA2A042ECB8-FollowerState: change to CANDIDATE, lastRpcTime:5019ms, electionTimeout:5019ms
2019-11-18 17:55:52,331 [2171c4f4-ae56-4f52-8301-1dd0f7438014@group-DCD6FCA69321-LeaderElection1] INFO  impl.LeaderElection (LeaderElection.java:askForVotes(178)) - 2171c4f4-ae56-4f52-8301-1dd0f7438014@group-DCD6FCA69321-LeaderElection1: begin an election at term 1 for -1: [2171c4f4-ae56-4f52-8301-1dd0f7438014:192.168.157.193:34135], old=null
2019-11-18 17:55:52,331 [Thread-188] INFO  impl.RoleInfo (RoleInfo.java:shutdownFollowerState(121)) - 9d82f33e-10b5-4ace-a17e-9435fc4cd6a3: shutdown FollowerState
2019-11-18 17:55:52,332 [Thread-188] INFO  impl.RaftServerImpl (RaftServerImpl.java:setRole(173)) - 9d82f33e-10b5-4ace-a17e-9435fc4cd6a3@group-1BA2A042ECB8: changes role from  FOLLOWER to CANDIDATE at term 0 for changeToCandidate
2019-11-18 17:55:52,332 [Thread-188] INFO  impl.RoleInfo (RoleInfo.java:updateAndGet(143)) - 9d82f33e-10b5-4ace-a17e-9435fc4cd6a3: start LeaderElection
2019-11-18 17:55:52,335 [2171c4f4-ae56-4f52-8301-1dd0f7438014@group-DCD6FCA69321-LeaderElection1] INFO  impl.RoleInfo (RoleInfo.java:shutdownLeaderElection(134)) - 2171c4f4-ae56-4f52-8301-1dd0f7438014: shutdown LeaderElection
2019-11-18 17:55:52,336 [2171c4f4-ae56-4f52-8301-1dd0f7438014@group-DCD6FCA69321-LeaderElection1] INFO  impl.RaftServerImpl (RaftServerImpl.java:setRole(173)) - 2171c4f4-ae56-4f52-8301-1dd0f7438014@group-DCD6FCA69321: changes role from CANDIDATE to LEADER at term 1 for changeToLeader
2019-11-18 17:55:52,336 [2171c4f4-ae56-4f52-8301-1dd0f7438014@group-DCD6FCA69321-LeaderElection1] INFO  ratis.XceiverServerRatis (XceiverServerRatis.java:handleLeaderChangedNotification(733)) - Leader change notification received for group: group-DCD6FCA69321 with new leaderId: 2171c4f4-ae56-4f52-8301-1dd0f7438014
2019-11-18 17:55:52,336 [2171c4f4-ae56-4f52-8301-1dd0f7438014@group-DCD6FCA69321-LeaderElection1] INFO  impl.RaftServerImpl (ServerState.java:setLeader(255)) - 2171c4f4-ae56-4f52-8301-1dd0f7438014@group-DCD6FCA69321: change Leader from null to 2171c4f4-ae56-4f52-8301-1dd0f7438014 at term 1 for becomeLeader, leader elected after 5240ms
2019-11-18 17:55:52,338 [EventQueue-PipelineReportForPipelineReportHandler] INFO  pipeline.PipelineReportHandler (PipelineReportHandler.java:processPipelineReport(113)) - Pipeline THREE PipelineID=219bbe90-4426-49fc-a8c0-1ba2a042ecb8 reported by 2171c4f4-ae56-4f52-8301-1dd0f7438014{ip: 192.168.157.193, host: pr-hdds-2533-gxxrh-3661068771, networkLocation: /default-rack, certSerialId: null}
2019-11-18 17:55:52,343 [2171c4f4-ae56-4f52-8301-1dd0f7438014@group-DCD6FCA69321-LeaderElection1] INFO  server.RaftServerConfigKeys (ConfUtils.java:logGet(43)) - raft.server.staging.catchup.gap = 1000 (default)
2019-11-18 17:55:52,343 [2171c4f4-ae56-4f52-8301-1dd0f7438014@group-DCD6FCA69321-LeaderElection1] INFO  server.RaftServerConfigKeys (ConfUtils.java:logGet(43)) - raft.server.rpc.sleep.time = 25ms (default)
2019-11-18 17:55:52,347 [2171c4f4-ae56-4f52-8301-1dd0f7438014@group-DCD6FCA69321-LeaderElection1] INFO  server.RaftServerConfigKeys (ConfUtils.java:logGet(43)) - raft.server.write.element-limit = 4096 (default)
2019-11-18 17:55:52,353 [2171c4f4-ae56-4f52-8301-1dd0f7438014@group-DCD6FCA69321-LeaderElection1] INFO  server.RaftServerConfigKeys (ConfUtils.java:logGet(43)) - raft.server.watch.timeout = 10s (default)
2019-11-18 17:55:52,353 [2171c4f4-ae56-4f52-8301-1dd0f7438014@group-DCD6FCA69321-LeaderElection1] INFO  server.RaftServerConfigKeys (ConfUtils.java:logGet(43)) - raft.server.watch.timeout.denomination = 1s (default)
2019-11-18 17:55:52,354 [2171c4f4-ae56-4f52-8301-1dd0f7438014@group-DCD6FCA69321-LeaderElection1] INFO  server.RaftServerConfigKeys (ConfUtils.java:logGet(43)) - raft.server.watch.element-limit = 65536 (default)
2019-11-18 17:55:52,356 [9d82f33e-10b5-4ace-a17e-9435fc4cd6a3@group-1BA2A042ECB8-LeaderElection3] INFO  impl.LeaderElection (LeaderElection.java:askForVotes(178)) - 9d82f33e-10b5-4ace-a17e-9435fc4cd6a3@group-1BA2A042ECB8-LeaderElection3: begin an election at term 1 for -1: [f20c60fb-9562-4189-99ad-1d897872d3c9:192.168.157.193:36337, 9d82f33e-10b5-4ace-a17e-9435fc4cd6a3:192.168.157.193:36950, 2171c4f4-ae56-4f52-8301-1dd0f7438014:192.168.157.193:34135], old=null
2019-11-18 17:55:52,356 [f20c60fb-9562-4189-99ad-1d897872d3c9@group-1BA2A042ECB8-LeaderElection2] INFO  impl.LeaderElection (LeaderElection.java:askForVotes(178)) - f20c60fb-9562-4189-99ad-1d897872d3c9@group-1BA2A042ECB8-LeaderElection2: begin an election at term 1 for -1: [f20c60fb-9562-4189-99ad-1d897872d3c9:192.168.157.193:36337, 9d82f33e-10b5-4ace-a17e-9435fc4cd6a3:192.168.157.193:36950, 2171c4f4-ae56-4f52-8301-1dd0f7438014:192.168.157.193:34135], old=null
2019-11-18 17:55:52,364 [2171c4f4-ae56-4f52-8301-1dd0f7438014@group-DCD6FCA69321-LeaderElection1] INFO  impl.RoleInfo (RoleInfo.java:updateAndGet(143)) - 2171c4f4-ae56-4f52-8301-1dd0f7438014: start LeaderState
2019-11-18 17:55:52,383 [2171c4f4-ae56-4f52-8301-1dd0f7438014@group-DCD6FCA69321-LeaderElection1] INFO  segmented.SegmentedRaftLogWorker (SegmentedRaftLogWorker.java:startLogSegment(385)) - 2171c4f4-ae56-4f52-8301-1dd0f7438014@group-DCD6FCA69321-SegmentedRaftLogWorker: Starting segment from index:0
2019-11-18 17:55:52,388 [Thread-182] INFO  impl.FollowerState (FollowerState.java:run(111)) - 9d82f33e-10b5-4ace-a17e-9435fc4cd6a3@group-87C5A823A8BE-FollowerState: change to CANDIDATE, lastRpcTime:5147ms, electionTimeout:5146ms
2019-11-18 17:55:52,388 [Thread-182] INFO  impl.RoleInfo (RoleInfo.java:shutdownFollowerState(121)) - 9d82f33e-10b5-4ace-a17e-9435fc4cd6a3: shutdown FollowerState
2019-11-18 17:55:52,388 [Thread-182] INFO  impl.RaftServerImpl (RaftServerImpl.java:setRole(173)) - 9d82f33e-10b5-4ace-a17e-9435fc4cd6a3@group-87C5A823A8BE: changes role from  FOLLOWER to CANDIDATE at term 0 for changeToCandidate
2019-11-18 17:55:52,388 [Thread-182] INFO  impl.RoleInfo (RoleInfo.java:updateAndGet(143)) - 9d82f33e-10b5-4ace-a17e-9435fc4cd6a3: start LeaderElection
2019-11-18 17:55:52,407 [2171c4f4-ae56-4f52-8301-1dd0f7438014@group-DCD6FCA69321-LeaderElection1] INFO  impl.RaftServerImpl (ServerState.java:setRaftConf(356)) - 2171c4f4-ae56-4f52-8301-1dd0f7438014@group-DCD6FCA69321: set configuration 0: [2171c4f4-ae56-4f52-8301-1dd0f7438014:192.168.157.193:34135], old=null at 0
2019-11-18 17:55:52,415 [9d82f33e-10b5-4ace-a17e-9435fc4cd6a3@group-87C5A823A8BE-LeaderElection4] INFO  impl.LeaderElection (LeaderElection.java:askForVotes(178)) - 9d82f33e-10b5-4ace-a17e-9435fc4cd6a3@group-87C5A823A8BE-LeaderElection4: begin an election at term 1 for -1: [9d82f33e-10b5-4ace-a17e-9435fc4cd6a3:192.168.157.193:36950], old=null
2019-11-18 17:55:52,415 [9d82f33e-10b5-4ace-a17e-9435fc4cd6a3@group-87C5A823A8BE-LeaderElection4] INFO  impl.RoleInfo (RoleInfo.java:shutdownLeaderElection(134)) - 9d82f33e-10b5-4ace-a17e-9435fc4cd6a3: shutdown LeaderElection
2019-11-18 17:55:52,416 [9d82f33e-10b5-4ace-a17e-9435fc4cd6a3@group-87C5A823A8BE-LeaderElection4] INFO  impl.RaftServerImpl (RaftServerImpl.java:setRole(173)) - 9d82f33e-10b5-4ace-a17e-9435fc4cd6a3@group-87C5A823A8BE: changes role from CANDIDATE to LEADER at term 1 for changeToLeader
2019-11-18 17:55:52,416 [9d82f33e-10b5-4ace-a17e-9435fc4cd6a3@group-87C5A823A8BE-LeaderElection4] INFO  ratis.XceiverServerRatis (XceiverServerRatis.java:handleLeaderChangedNotification(733)) - Leader change notification received for group: group-87C5A823A8BE with new leaderId: 9d82f33e-10b5-4ace-a17e-9435fc4cd6a3
2019-11-18 17:55:52,416 [9d82f33e-10b5-4ace-a17e-9435fc4cd6a3@group-87C5A823A8BE-LeaderElection4] INFO  impl.RaftServerImpl (ServerState.java:setLeader(255)) - 9d82f33e-10b5-4ace-a17e-9435fc4cd6a3@group-87C5A823A8BE: change Leader from null to 9d82f33e-10b5-4ace-a17e-9435fc4cd6a3 at term 1 for becomeLeader, leader elected after 5202ms
2019-11-18 17:55:52,416 [9d82f33e-10b5-4ace-a17e-9435fc4cd6a3@group-87C5A823A8BE-LeaderElection4] INFO  server.RaftServerConfigKeys (ConfUtils.java:logGet(43)) - raft.server.staging.catchup.gap = 1000 (default)
2019-11-18 17:55:52,416 [9d82f33e-10b5-4ace-a17e-9435fc4cd6a3@group-87C5A823A8BE-LeaderElection4] INFO  server.RaftServerConfigKeys (ConfUtils.java:logGet(43)) - raft.server.rpc.sleep.time = 25ms (default)
2019-11-18 17:55:52,417 [9d82f33e-10b5-4ace-a17e-9435fc4cd6a3@group-87C5A823A8BE-LeaderElection4] INFO  server.RaftServerConfigKeys (ConfUtils.java:logGet(43)) - raft.server.write.element-limit = 4096 (default)
2019-11-18 17:55:52,418 [9d82f33e-10b5-4ace-a17e-9435fc4cd6a3@group-87C5A823A8BE-LeaderElection4] INFO  server.RaftServerConfigKeys (ConfUtils.java:logGet(43)) - raft.server.watch.timeout = 10s (default)
2019-11-18 17:55:52,418 [9d82f33e-10b5-4ace-a17e-9435fc4cd6a3@group-87C5A823A8BE-LeaderElection4] INFO  server.RaftServerConfigKeys (ConfUtils.java:logGet(43)) - raft.server.watch.timeout.denomination = 1s (default)
2019-11-18 17:55:52,418 [9d82f33e-10b5-4ace-a17e-9435fc4cd6a3@group-87C5A823A8BE-LeaderElection4] INFO  server.RaftServerConfigKeys (ConfUtils.java:logGet(43)) - raft.server.watch.element-limit = 65536 (default)
2019-11-18 17:55:52,419 [9d82f33e-10b5-4ace-a17e-9435fc4cd6a3@group-87C5A823A8BE-LeaderElection4] INFO  impl.RoleInfo (RoleInfo.java:updateAndGet(143)) - 9d82f33e-10b5-4ace-a17e-9435fc4cd6a3: start LeaderState
2019-11-18 17:55:52,419 [EventQueue-PipelineReportForPipelineReportHandler] INFO  pipeline.PipelineReportHandler (PipelineReportHandler.java:processPipelineReport(113)) - Pipeline THREE PipelineID=219bbe90-4426-49fc-a8c0-1ba2a042ecb8 reported by 9d82f33e-10b5-4ace-a17e-9435fc4cd6a3{ip: 192.168.157.193, host: pr-hdds-2533-gxxrh-3661068771, networkLocation: /default-rack, certSerialId: null}
2019-11-18 17:55:52,419 [9d82f33e-10b5-4ace-a17e-9435fc4cd6a3@group-87C5A823A8BE-LeaderElection4] INFO  segmented.SegmentedRaftLogWorker (SegmentedRaftLogWorker.java:startLogSegment(385)) - 9d82f33e-10b5-4ace-a17e-9435fc4cd6a3@group-87C5A823A8BE-SegmentedRaftLogWorker: Starting segment from index:0
2019-11-18 17:55:52,420 [9d82f33e-10b5-4ace-a17e-9435fc4cd6a3@group-87C5A823A8BE-LeaderElection4] INFO  impl.RaftServerImpl (ServerState.java:setRaftConf(356)) - 9d82f33e-10b5-4ace-a17e-9435fc4cd6a3@group-87C5A823A8BE: set configuration 0: [9d82f33e-10b5-4ace-a17e-9435fc4cd6a3:192.168.157.193:36950], old=null at 0
2019-11-18 17:55:52,433 [Thread-183] INFO  impl.FollowerState (FollowerState.java:run(111)) - f20c60fb-9562-4189-99ad-1d897872d3c9@group-1CAE5225F5EB-FollowerState: change to CANDIDATE, lastRpcTime:5193ms, electionTimeout:5191ms
2019-11-18 17:55:52,433 [Thread-183] INFO  impl.RoleInfo (RoleInfo.java:shutdownFollowerState(121)) - f20c60fb-9562-4189-99ad-1d897872d3c9: shutdown FollowerState
2019-11-18 17:55:52,433 [Thread-183] INFO  impl.RaftServerImpl (RaftServerImpl.java:setRole(173)) - f20c60fb-9562-4189-99ad-1d897872d3c9@group-1CAE5225F5EB: changes role from  FOLLOWER to CANDIDATE at term 0 for changeToCandidate
2019-11-18 17:55:52,433 [Thread-183] INFO  impl.RoleInfo (RoleInfo.java:updateAndGet(143)) - f20c60fb-9562-4189-99ad-1d897872d3c9: start LeaderElection
2019-11-18 17:55:52,457 [f20c60fb-9562-4189-99ad-1d897872d3c9@group-1CAE5225F5EB-LeaderElection5] INFO  impl.LeaderElection (LeaderElection.java:askForVotes(178)) - f20c60fb-9562-4189-99ad-1d897872d3c9@group-1CAE5225F5EB-LeaderElection5: begin an election at term 1 for -1: [f20c60fb-9562-4189-99ad-1d897872d3c9:192.168.157.193:36337], old=null
2019-11-18 17:55:52,457 [f20c60fb-9562-4189-99ad-1d897872d3c9@group-1CAE5225F5EB-LeaderElection5] INFO  impl.RoleInfo (RoleInfo.java:shutdownLeaderElection(134)) - f20c60fb-9562-4189-99ad-1d897872d3c9: shutdown LeaderElection
2019-11-18 17:55:52,458 [f20c60fb-9562-4189-99ad-1d897872d3c9@group-1CAE5225F5EB-LeaderElection5] INFO  impl.RaftServerImpl (RaftServerImpl.java:setRole(173)) - f20c60fb-9562-4189-99ad-1d897872d3c9@group-1CAE5225F5EB: changes role from CANDIDATE to LEADER at term 1 for changeToLeader
2019-11-18 17:55:52,458 [f20c60fb-9562-4189-99ad-1d897872d3c9@group-1CAE5225F5EB-LeaderElection5] INFO  ratis.XceiverServerRatis (XceiverServerRatis.java:handleLeaderChangedNotification(733)) - Leader change notification received for group: group-1CAE5225F5EB with new leaderId: f20c60fb-9562-4189-99ad-1d897872d3c9
2019-11-18 17:55:52,458 [f20c60fb-9562-4189-99ad-1d897872d3c9@group-1CAE5225F5EB-LeaderElection5] INFO  impl.RaftServerImpl (ServerState.java:setLeader(255)) - f20c60fb-9562-4189-99ad-1d897872d3c9@group-1CAE5225F5EB: change Leader from null to f20c60fb-9562-4189-99ad-1d897872d3c9 at term 1 for becomeLeader, leader elected after 5362ms
2019-11-18 17:55:52,458 [f20c60fb-9562-4189-99ad-1d897872d3c9@group-1CAE5225F5EB-LeaderElection5] INFO  server.RaftServerConfigKeys (ConfUtils.java:logGet(43)) - raft.server.staging.catchup.gap = 1000 (default)
2019-11-18 17:55:52,458 [f20c60fb-9562-4189-99ad-1d897872d3c9@group-1CAE5225F5EB-LeaderElection5] INFO  server.RaftServerConfigKeys (ConfUtils.java:logGet(43)) - raft.server.rpc.sleep.time = 25ms (default)
2019-11-18 17:55:52,458 [f20c60fb-9562-4189-99ad-1d897872d3c9@group-1CAE5225F5EB-LeaderElection5] INFO  server.RaftServerConfigKeys (ConfUtils.java:logGet(43)) - raft.server.write.element-limit = 4096 (default)
2019-11-18 17:55:52,458 [f20c60fb-9562-4189-99ad-1d897872d3c9@group-1CAE5225F5EB-LeaderElection5] INFO  server.RaftServerConfigKeys (ConfUtils.java:logGet(43)) - raft.server.watch.timeout = 10s (default)
2019-11-18 17:55:52,459 [f20c60fb-9562-4189-99ad-1d897872d3c9@group-1CAE5225F5EB-LeaderElection5] INFO  server.RaftServerConfigKeys (ConfUtils.java:logGet(43)) - raft.server.watch.timeout.denomination = 1s (default)
2019-11-18 17:55:52,459 [f20c60fb-9562-4189-99ad-1d897872d3c9@group-1CAE5225F5EB-LeaderElection5] INFO  server.RaftServerConfigKeys (ConfUtils.java:logGet(43)) - raft.server.watch.element-limit = 65536 (default)
2019-11-18 17:55:52,460 [f20c60fb-9562-4189-99ad-1d897872d3c9@group-1CAE5225F5EB-LeaderElection5] INFO  impl.RoleInfo (RoleInfo.java:updateAndGet(143)) - f20c60fb-9562-4189-99ad-1d897872d3c9: start LeaderState
2019-11-18 17:55:52,460 [f20c60fb-9562-4189-99ad-1d897872d3c9@group-1CAE5225F5EB-LeaderElection5] INFO  segmented.SegmentedRaftLogWorker (SegmentedRaftLogWorker.java:startLogSegment(385)) - f20c60fb-9562-4189-99ad-1d897872d3c9@group-1CAE5225F5EB-SegmentedRaftLogWorker: Starting segment from index:0
2019-11-18 17:55:52,461 [f20c60fb-9562-4189-99ad-1d897872d3c9@group-1CAE5225F5EB-LeaderElection5] INFO  impl.RaftServerImpl (ServerState.java:setRaftConf(356)) - f20c60fb-9562-4189-99ad-1d897872d3c9@group-1CAE5225F5EB: set configuration 0: [f20c60fb-9562-4189-99ad-1d897872d3c9:192.168.157.193:36337], old=null at 0
2019-11-18 17:55:52,461 [EventQueue-PipelineReportForPipelineReportHandler] INFO  pipeline.PipelineReportHandler (PipelineReportHandler.java:processPipelineReport(113)) - Pipeline THREE PipelineID=219bbe90-4426-49fc-a8c0-1ba2a042ecb8 reported by f20c60fb-9562-4189-99ad-1d897872d3c9{ip: 192.168.157.193, host: pr-hdds-2533-gxxrh-3661068771, networkLocation: /default-rack, certSerialId: null}
2019-11-18 17:55:52,499 [Thread-189] INFO  impl.FollowerState (FollowerState.java:run(111)) - 2171c4f4-ae56-4f52-8301-1dd0f7438014@group-1BA2A042ECB8-FollowerState: change to CANDIDATE, lastRpcTime:5187ms, electionTimeout:5187ms
2019-11-18 17:55:52,500 [Thread-189] INFO  impl.RoleInfo (RoleInfo.java:shutdownFollowerState(121)) - 2171c4f4-ae56-4f52-8301-1dd0f7438014: shutdown FollowerState
2019-11-18 17:55:52,500 [Thread-189] INFO  impl.RaftServerImpl (RaftServerImpl.java:setRole(173)) - 2171c4f4-ae56-4f52-8301-1dd0f7438014@group-1BA2A042ECB8: changes role from  FOLLOWER to CANDIDATE at term 0 for changeToCandidate
2019-11-18 17:55:52,502 [Thread-189] INFO  impl.RoleInfo (RoleInfo.java:updateAndGet(143)) - 2171c4f4-ae56-4f52-8301-1dd0f7438014: start LeaderElection
2019-11-18 17:55:52,532 [2171c4f4-ae56-4f52-8301-1dd0f7438014@group-1BA2A042ECB8-LeaderElection6] INFO  impl.LeaderElection (LeaderElection.java:askForVotes(178)) - 2171c4f4-ae56-4f52-8301-1dd0f7438014@group-1BA2A042ECB8-LeaderElection6: begin an election at term 1 for -1: [f20c60fb-9562-4189-99ad-1d897872d3c9:192.168.157.193:36337, 9d82f33e-10b5-4ace-a17e-9435fc4cd6a3:192.168.157.193:36950, 2171c4f4-ae56-4f52-8301-1dd0f7438014:192.168.157.193:34135], old=null
2019-11-18 17:55:52,616 [2171c4f4-ae56-4f52-8301-1dd0f7438014@group-DCD6FCA69321-SegmentedRaftLogWorker] INFO  segmented.SegmentedRaftLogWorker (SegmentedRaftLogWorker.java:execute(576)) - 2171c4f4-ae56-4f52-8301-1dd0f7438014@group-DCD6FCA69321-SegmentedRaftLogWorker: created new log segment /workdir/hadoop-ozone/tools/target/test-dir/MiniOzoneClusterImpl-b5b77925-1696-4489-9325-55d34611e487/datanode-0/data/ratis/5c70ba0e-830d-42e9-ab66-dcd6fca69321/current/log_inprogress_0
2019-11-18 17:55:52,616 [f20c60fb-9562-4189-99ad-1d897872d3c9@group-1CAE5225F5EB-SegmentedRaftLogWorker] INFO  segmented.SegmentedRaftLogWorker (SegmentedRaftLogWorker.java:execute(576)) - f20c60fb-9562-4189-99ad-1d897872d3c9@group-1CAE5225F5EB-SegmentedRaftLogWorker: created new log segment /workdir/hadoop-ozone/tools/target/test-dir/MiniOzoneClusterImpl-b5b77925-1696-4489-9325-55d34611e487/datanode-1/data/ratis/e8a701b4-3f8a-4a00-902d-1cae5225f5eb/current/log_inprogress_0
2019-11-18 17:55:52,633 [9d82f33e-10b5-4ace-a17e-9435fc4cd6a3@group-87C5A823A8BE-SegmentedRaftLogWorker] INFO  segmented.SegmentedRaftLogWorker (SegmentedRaftLogWorker.java:execute(576)) - 9d82f33e-10b5-4ace-a17e-9435fc4cd6a3@group-87C5A823A8BE-SegmentedRaftLogWorker: created new log segment /workdir/hadoop-ozone/tools/target/test-dir/MiniOzoneClusterImpl-b5b77925-1696-4489-9325-55d34611e487/datanode-2/data/ratis/a11e340d-bcd1-4285-a35d-87c5a823a8be/current/log_inprogress_0
2019-11-18 17:55:52,813 [2171c4f4-ae56-4f52-8301-1dd0f7438014@group-1BA2A042ECB8-LeaderElection6] INFO  impl.LeaderElection (LeaderElection.java:logAndReturn(56)) - 2171c4f4-ae56-4f52-8301-1dd0f7438014@group-1BA2A042ECB8-LeaderElection6: Election REJECTED; received 2 response(s) [2171c4f4-ae56-4f52-8301-1dd0f7438014<-f20c60fb-9562-4189-99ad-1d897872d3c9#0:FAIL-t1, 2171c4f4-ae56-4f52-8301-1dd0f7438014<-9d82f33e-10b5-4ace-a17e-9435fc4cd6a3#0:FAIL-t1] and 0 exception(s); 2171c4f4-ae56-4f52-8301-1dd0f7438014@group-1BA2A042ECB8:t1, leader=null, voted=2171c4f4-ae56-4f52-8301-1dd0f7438014, raftlog=2171c4f4-ae56-4f52-8301-1dd0f7438014@group-1BA2A042ECB8-SegmentedRaftLog:OPENED:c-1,f-1,i0, conf=-1: [f20c60fb-9562-4189-99ad-1d897872d3c9:192.168.157.193:36337, 9d82f33e-10b5-4ace-a17e-9435fc4cd6a3:192.168.157.193:36950, 2171c4f4-ae56-4f52-8301-1dd0f7438014:192.168.157.193:34135], old=null
2019-11-18 17:55:52,813 [9d82f33e-10b5-4ace-a17e-9435fc4cd6a3@group-1BA2A042ECB8-LeaderElection3] INFO  impl.LeaderElection (LeaderElection.java:logAndReturn(56)) - 9d82f33e-10b5-4ace-a17e-9435fc4cd6a3@group-1BA2A042ECB8-LeaderElection3: Election REJECTED; received 2 response(s) [9d82f33e-10b5-4ace-a17e-9435fc4cd6a3<-f20c60fb-9562-4189-99ad-1d897872d3c9#0:FAIL-t1, 9d82f33e-10b5-4ace-a17e-9435fc4cd6a3<-2171c4f4-ae56-4f52-8301-1dd0f7438014#0:FAIL-t1] and 0 exception(s); 9d82f33e-10b5-4ace-a17e-9435fc4cd6a3@group-1BA2A042ECB8:t1, leader=null, voted=9d82f33e-10b5-4ace-a17e-9435fc4cd6a3, raftlog=9d82f33e-10b5-4ace-a17e-9435fc4cd6a3@group-1BA2A042ECB8-SegmentedRaftLog:OPENED:c-1,f-1,i0, conf=-1: [f20c60fb-9562-4189-99ad-1d897872d3c9:192.168.157.193:36337, 9d82f33e-10b5-4ace-a17e-9435fc4cd6a3:192.168.157.193:36950, 2171c4f4-ae56-4f52-8301-1dd0f7438014:192.168.157.193:34135], old=null
2019-11-18 17:55:52,813 [f20c60fb-9562-4189-99ad-1d897872d3c9@group-1BA2A042ECB8-LeaderElection2] INFO  impl.LeaderElection (LeaderElection.java:logAndReturn(56)) - f20c60fb-9562-4189-99ad-1d897872d3c9@group-1BA2A042ECB8-LeaderElection2: Election REJECTED; received 2 response(s) [f20c60fb-9562-4189-99ad-1d897872d3c9<-9d82f33e-10b5-4ace-a17e-9435fc4cd6a3#0:FAIL-t1, f20c60fb-9562-4189-99ad-1d897872d3c9<-2171c4f4-ae56-4f52-8301-1dd0f7438014#0:FAIL-t1] and 0 exception(s); f20c60fb-9562-4189-99ad-1d897872d3c9@group-1BA2A042ECB8:t1, leader=null, voted=f20c60fb-9562-4189-99ad-1d897872d3c9, raftlog=f20c60fb-9562-4189-99ad-1d897872d3c9@group-1BA2A042ECB8-SegmentedRaftLog:OPENED:c-1,f-1,i0, conf=-1: [f20c60fb-9562-4189-99ad-1d897872d3c9:192.168.157.193:36337, 9d82f33e-10b5-4ace-a17e-9435fc4cd6a3:192.168.157.193:36950, 2171c4f4-ae56-4f52-8301-1dd0f7438014:192.168.157.193:34135], old=null
2019-11-18 17:55:52,816 [2171c4f4-ae56-4f52-8301-1dd0f7438014@group-1BA2A042ECB8-LeaderElection6] INFO  impl.RaftServerImpl (RaftServerImpl.java:setRole(173)) - 2171c4f4-ae56-4f52-8301-1dd0f7438014@group-1BA2A042ECB8: changes role from CANDIDATE to FOLLOWER at term 1 for DISCOVERED_A_NEW_TERM
2019-11-18 17:55:52,817 [f20c60fb-9562-4189-99ad-1d897872d3c9@group-1BA2A042ECB8-LeaderElection2] INFO  impl.RaftServerImpl (RaftServerImpl.java:setRole(173)) - f20c60fb-9562-4189-99ad-1d897872d3c9@group-1BA2A042ECB8: changes role from CANDIDATE to FOLLOWER at term 1 for DISCOVERED_A_NEW_TERM
2019-11-18 17:55:52,818 [2171c4f4-ae56-4f52-8301-1dd0f7438014@group-1BA2A042ECB8-LeaderElection6] INFO  impl.RoleInfo (RoleInfo.java:shutdownLeaderElection(134)) - 2171c4f4-ae56-4f52-8301-1dd0f7438014: shutdown LeaderElection
2019-11-18 17:55:52,816 [9d82f33e-10b5-4ace-a17e-9435fc4cd6a3@group-1BA2A042ECB8-LeaderElection3] INFO  impl.RaftServerImpl (RaftServerImpl.java:setRole(173)) - 9d82f33e-10b5-4ace-a17e-9435fc4cd6a3@group-1BA2A042ECB8: changes role from CANDIDATE to FOLLOWER at term 1 for DISCOVERED_A_NEW_TERM
2019-11-18 17:55:52,818 [2171c4f4-ae56-4f52-8301-1dd0f7438014@group-1BA2A042ECB8-LeaderElection6] INFO  impl.RoleInfo (RoleInfo.java:updateAndGet(143)) - 2171c4f4-ae56-4f52-8301-1dd0f7438014: start FollowerState
2019-11-18 17:55:52,818 [f20c60fb-9562-4189-99ad-1d897872d3c9@group-1BA2A042ECB8-LeaderElection2] INFO  impl.RoleInfo (RoleInfo.java:shutdownLeaderElection(134)) - f20c60fb-9562-4189-99ad-1d897872d3c9: shutdown LeaderElection
2019-11-18 17:55:52,818 [9d82f33e-10b5-4ace-a17e-9435fc4cd6a3@group-1BA2A042ECB8-LeaderElection3] INFO  impl.RoleInfo (RoleInfo.java:shutdownLeaderElection(134)) - 9d82f33e-10b5-4ace-a17e-9435fc4cd6a3: shutdown LeaderElection
2019-11-18 17:55:52,819 [f20c60fb-9562-4189-99ad-1d897872d3c9@group-1BA2A042ECB8-LeaderElection2] INFO  impl.RoleInfo (RoleInfo.java:updateAndGet(143)) - f20c60fb-9562-4189-99ad-1d897872d3c9: start FollowerState
2019-11-18 17:55:52,819 [9d82f33e-10b5-4ace-a17e-9435fc4cd6a3@group-1BA2A042ECB8-LeaderElection3] INFO  impl.RoleInfo (RoleInfo.java:updateAndGet(143)) - 9d82f33e-10b5-4ace-a17e-9435fc4cd6a3: start FollowerState
2019-11-18 17:55:53,110 [main] INFO  ozone.MiniOzoneClusterImpl (MiniOzoneClusterImpl.java:lambda$waitForClusterToBeReady$0(150)) - Nodes are ready. Got 3 of 3 DN Heartbeats.
2019-11-18 17:55:53,111 [main] INFO  ozone.MiniOzoneClusterImpl (MiniOzoneClusterImpl.java:lambda$waitForClusterToBeReady$0(153)) - Waiting for cluster to exit safe mode
2019-11-18 17:55:54,111 [main] INFO  ozone.MiniOzoneClusterImpl (MiniOzoneClusterImpl.java:lambda$waitForClusterToBeReady$0(150)) - Nodes are ready. Got 3 of 3 DN Heartbeats.
2019-11-18 17:55:54,111 [main] INFO  ozone.MiniOzoneClusterImpl (MiniOzoneClusterImpl.java:lambda$waitForClusterToBeReady$0(153)) - Waiting for cluster to exit safe mode
2019-11-18 17:55:55,112 [main] INFO  ozone.MiniOzoneClusterImpl (MiniOzoneClusterImpl.java:lambda$waitForClusterToBeReady$0(150)) - Nodes are ready. Got 3 of 3 DN Heartbeats.
2019-11-18 17:55:55,112 [main] INFO  ozone.MiniOzoneClusterImpl (MiniOzoneClusterImpl.java:lambda$waitForClusterToBeReady$0(153)) - Waiting for cluster to exit safe mode
2019-11-18 17:55:56,113 [main] INFO  ozone.MiniOzoneClusterImpl (MiniOzoneClusterImpl.java:lambda$waitForClusterToBeReady$0(150)) - Nodes are ready. Got 3 of 3 DN Heartbeats.
2019-11-18 17:55:56,113 [main] INFO  ozone.MiniOzoneClusterImpl (MiniOzoneClusterImpl.java:lambda$waitForClusterToBeReady$0(153)) - Waiting for cluster to exit safe mode
2019-11-18 17:55:57,113 [main] INFO  ozone.MiniOzoneClusterImpl (MiniOzoneClusterImpl.java:lambda$waitForClusterToBeReady$0(150)) - Nodes are ready. Got 3 of 3 DN Heartbeats.
2019-11-18 17:55:57,114 [main] INFO  ozone.MiniOzoneClusterImpl (MiniOzoneClusterImpl.java:lambda$waitForClusterToBeReady$0(153)) - Waiting for cluster to exit safe mode
2019-11-18 17:55:57,852 [Thread-209] INFO  impl.FollowerState (FollowerState.java:run(111)) - 9d82f33e-10b5-4ace-a17e-9435fc4cd6a3@group-1BA2A042ECB8-FollowerState: change to CANDIDATE, lastRpcTime:5033ms, electionTimeout:5032ms
2019-11-18 17:55:57,853 [Thread-209] INFO  impl.RoleInfo (RoleInfo.java:shutdownFollowerState(121)) - 9d82f33e-10b5-4ace-a17e-9435fc4cd6a3: shutdown FollowerState
2019-11-18 17:55:57,853 [Thread-209] INFO  impl.RaftServerImpl (RaftServerImpl.java:setRole(173)) - 9d82f33e-10b5-4ace-a17e-9435fc4cd6a3@group-1BA2A042ECB8: changes role from  FOLLOWER to CANDIDATE at term 1 for changeToCandidate
2019-11-18 17:55:57,853 [Thread-209] INFO  impl.RoleInfo (RoleInfo.java:updateAndGet(143)) - 9d82f33e-10b5-4ace-a17e-9435fc4cd6a3: start LeaderElection
2019-11-18 17:55:57,855 [Thread-208] INFO  impl.FollowerState (FollowerState.java:run(111)) - f20c60fb-9562-4189-99ad-1d897872d3c9@group-1BA2A042ECB8-FollowerState: change to CANDIDATE, lastRpcTime:5036ms, electionTimeout:5034ms
2019-11-18 17:55:57,855 [Thread-208] INFO  impl.RoleInfo (RoleInfo.java:shutdownFollowerState(121)) - f20c60fb-9562-4189-99ad-1d897872d3c9: shutdown FollowerState
2019-11-18 17:55:57,856 [Thread-208] INFO  impl.RaftServerImpl (RaftServerImpl.java:setRole(173)) - f20c60fb-9562-4189-99ad-1d897872d3c9@group-1BA2A042ECB8: changes role from  FOLLOWER to CANDIDATE at term 1 for changeToCandidate
2019-11-18 17:55:57,856 [Thread-208] INFO  impl.RoleInfo (RoleInfo.java:updateAndGet(143)) - f20c60fb-9562-4189-99ad-1d897872d3c9: start LeaderElection
2019-11-18 17:55:57,884 [Thread-207] INFO  impl.FollowerState (FollowerState.java:run(111)) - 2171c4f4-ae56-4f52-8301-1dd0f7438014@group-1BA2A042ECB8-FollowerState: change to CANDIDATE, lastRpcTime:5066ms, electionTimeout:5065ms
2019-11-18 17:55:57,884 [Thread-207] INFO  impl.RoleInfo (RoleInfo.java:shutdownFollowerState(121)) - 2171c4f4-ae56-4f52-8301-1dd0f7438014: shutdown FollowerState
2019-11-18 17:55:57,884 [Thread-207] INFO  impl.RaftServerImpl (RaftServerImpl.java:setRole(173)) - 2171c4f4-ae56-4f52-8301-1dd0f7438014@group-1BA2A042ECB8: changes role from  FOLLOWER to CANDIDATE at term 1 for changeToCandidate
2019-11-18 17:55:57,884 [Thread-207] INFO  impl.RoleInfo (RoleInfo.java:updateAndGet(143)) - 2171c4f4-ae56-4f52-8301-1dd0f7438014: start LeaderElection
2019-11-18 17:55:57,898 [9d82f33e-10b5-4ace-a17e-9435fc4cd6a3@group-1BA2A042ECB8-LeaderElection7] INFO  impl.LeaderElection (LeaderElection.java:askForVotes(178)) - 9d82f33e-10b5-4ace-a17e-9435fc4cd6a3@group-1BA2A042ECB8-LeaderElection7: begin an election at term 2 for -1: [f20c60fb-9562-4189-99ad-1d897872d3c9:192.168.157.193:36337, 9d82f33e-10b5-4ace-a17e-9435fc4cd6a3:192.168.157.193:36950, 2171c4f4-ae56-4f52-8301-1dd0f7438014:192.168.157.193:34135], old=null
2019-11-18 17:55:57,898 [f20c60fb-9562-4189-99ad-1d897872d3c9@group-1BA2A042ECB8-LeaderElection8] INFO  impl.LeaderElection (LeaderElection.java:askForVotes(178)) - f20c60fb-9562-4189-99ad-1d897872d3c9@group-1BA2A042ECB8-LeaderElection8: begin an election at term 2 for -1: [f20c60fb-9562-4189-99ad-1d897872d3c9:192.168.157.193:36337, 9d82f33e-10b5-4ace-a17e-9435fc4cd6a3:192.168.157.193:36950, 2171c4f4-ae56-4f52-8301-1dd0f7438014:192.168.157.193:34135], old=null
2019-11-18 17:55:57,919 [2171c4f4-ae56-4f52-8301-1dd0f7438014@group-1BA2A042ECB8-LeaderElection9] INFO  impl.LeaderElection (LeaderElection.java:askForVotes(178)) - 2171c4f4-ae56-4f52-8301-1dd0f7438014@group-1BA2A042ECB8-LeaderElection9: begin an election at term 2 for -1: [f20c60fb-9562-4189-99ad-1d897872d3c9:192.168.157.193:36337, 9d82f33e-10b5-4ace-a17e-9435fc4cd6a3:192.168.157.193:36950, 2171c4f4-ae56-4f52-8301-1dd0f7438014:192.168.157.193:34135], old=null
2019-11-18 17:55:57,932 [f20c60fb-9562-4189-99ad-1d897872d3c9@group-1BA2A042ECB8-LeaderElection8] INFO  impl.LeaderElection (LeaderElection.java:logAndReturn(56)) - f20c60fb-9562-4189-99ad-1d897872d3c9@group-1BA2A042ECB8-LeaderElection8: Election REJECTED; received 2 response(s) [f20c60fb-9562-4189-99ad-1d897872d3c9<-9d82f33e-10b5-4ace-a17e-9435fc4cd6a3#0:FAIL-t2, f20c60fb-9562-4189-99ad-1d897872d3c9<-2171c4f4-ae56-4f52-8301-1dd0f7438014#0:FAIL-t2] and 0 exception(s); f20c60fb-9562-4189-99ad-1d897872d3c9@group-1BA2A042ECB8:t2, leader=null, voted=f20c60fb-9562-4189-99ad-1d897872d3c9, raftlog=f20c60fb-9562-4189-99ad-1d897872d3c9@group-1BA2A042ECB8-SegmentedRaftLog:OPENED:c-1,f-1,i0, conf=-1: [f20c60fb-9562-4189-99ad-1d897872d3c9:192.168.157.193:36337, 9d82f33e-10b5-4ace-a17e-9435fc4cd6a3:192.168.157.193:36950, 2171c4f4-ae56-4f52-8301-1dd0f7438014:192.168.157.193:34135], old=null
2019-11-18 17:55:57,932 [9d82f33e-10b5-4ace-a17e-9435fc4cd6a3@group-1BA2A042ECB8-LeaderElection7] INFO  impl.LeaderElection (LeaderElection.java:logAndReturn(56)) - 9d82f33e-10b5-4ace-a17e-9435fc4cd6a3@group-1BA2A042ECB8-LeaderElection7: Election REJECTED; received 2 response(s) [9d82f33e-10b5-4ace-a17e-9435fc4cd6a3<-f20c60fb-9562-4189-99ad-1d897872d3c9#0:FAIL-t2, 9d82f33e-10b5-4ace-a17e-9435fc4cd6a3<-2171c4f4-ae56-4f52-8301-1dd0f7438014#0:FAIL-t2] and 0 exception(s); 9d82f33e-10b5-4ace-a17e-9435fc4cd6a3@group-1BA2A042ECB8:t2, leader=null, voted=9d82f33e-10b5-4ace-a17e-9435fc4cd6a3, raftlog=9d82f33e-10b5-4ace-a17e-9435fc4cd6a3@group-1BA2A042ECB8-SegmentedRaftLog:OPENED:c-1,f-1,i0, conf=-1: [f20c60fb-9562-4189-99ad-1d897872d3c9:192.168.157.193:36337, 9d82f33e-10b5-4ace-a17e-9435fc4cd6a3:192.168.157.193:36950, 2171c4f4-ae56-4f52-8301-1dd0f7438014:192.168.157.193:34135], old=null
2019-11-18 17:55:57,932 [f20c60fb-9562-4189-99ad-1d897872d3c9@group-1BA2A042ECB8-LeaderElection8] INFO  impl.RaftServerImpl (RaftServerImpl.java:setRole(173)) - f20c60fb-9562-4189-99ad-1d897872d3c9@group-1BA2A042ECB8: changes role from CANDIDATE to FOLLOWER at term 2 for DISCOVERED_A_NEW_TERM
2019-11-18 17:55:57,933 [9d82f33e-10b5-4ace-a17e-9435fc4cd6a3@group-1BA2A042ECB8-LeaderElection7] INFO  impl.RaftServerImpl (RaftServerImpl.java:setRole(173)) - 9d82f33e-10b5-4ace-a17e-9435fc4cd6a3@group-1BA2A042ECB8: changes role from CANDIDATE to FOLLOWER at term 2 for DISCOVERED_A_NEW_TERM
2019-11-18 17:55:57,935 [f20c60fb-9562-4189-99ad-1d897872d3c9@group-1BA2A042ECB8-LeaderElection8] INFO  impl.RoleInfo (RoleInfo.java:shutdownLeaderElection(134)) - f20c60fb-9562-4189-99ad-1d897872d3c9: shutdown LeaderElection
2019-11-18 17:55:57,936 [9d82f33e-10b5-4ace-a17e-9435fc4cd6a3@group-1BA2A042ECB8-LeaderElection7] INFO  impl.RoleInfo (RoleInfo.java:shutdownLeaderElection(134)) - 9d82f33e-10b5-4ace-a17e-9435fc4cd6a3: shutdown LeaderElection
2019-11-18 17:55:57,936 [f20c60fb-9562-4189-99ad-1d897872d3c9@group-1BA2A042ECB8-LeaderElection8] INFO  impl.RoleInfo (RoleInfo.java:updateAndGet(143)) - f20c60fb-9562-4189-99ad-1d897872d3c9: start FollowerState
2019-11-18 17:55:57,936 [9d82f33e-10b5-4ace-a17e-9435fc4cd6a3@group-1BA2A042ECB8-LeaderElection7] INFO  impl.RoleInfo (RoleInfo.java:updateAndGet(143)) - 9d82f33e-10b5-4ace-a17e-9435fc4cd6a3: start FollowerState
2019-11-18 17:55:57,945 [2171c4f4-ae56-4f52-8301-1dd0f7438014@group-1BA2A042ECB8-LeaderElection9] INFO  impl.LeaderElection (LeaderElection.java:logAndReturn(56)) - 2171c4f4-ae56-4f52-8301-1dd0f7438014@group-1BA2A042ECB8-LeaderElection9: Election REJECTED; received 2 response(s) [2171c4f4-ae56-4f52-8301-1dd0f7438014<-f20c60fb-9562-4189-99ad-1d897872d3c9#0:FAIL-t2, 2171c4f4-ae56-4f52-8301-1dd0f7438014<-9d82f33e-10b5-4ace-a17e-9435fc4cd6a3#0:FAIL-t2] and 0 exception(s); 2171c4f4-ae56-4f52-8301-1dd0f7438014@group-1BA2A042ECB8:t2, leader=null, voted=2171c4f4-ae56-4f52-8301-1dd0f7438014, raftlog=2171c4f4-ae56-4f52-8301-1dd0f7438014@group-1BA2A042ECB8-SegmentedRaftLog:OPENED:c-1,f-1,i0, conf=-1: [f20c60fb-9562-4189-99ad-1d897872d3c9:192.168.157.193:36337, 9d82f33e-10b5-4ace-a17e-9435fc4cd6a3:192.168.157.193:36950, 2171c4f4-ae56-4f52-8301-1dd0f7438014:192.168.157.193:34135], old=null
2019-11-18 17:55:57,945 [2171c4f4-ae56-4f52-8301-1dd0f7438014@group-1BA2A042ECB8-LeaderElection9] INFO  impl.RaftServerImpl (RaftServerImpl.java:setRole(173)) - 2171c4f4-ae56-4f52-8301-1dd0f7438014@group-1BA2A042ECB8: changes role from CANDIDATE to FOLLOWER at term 2 for DISCOVERED_A_NEW_TERM
2019-11-18 17:55:57,946 [2171c4f4-ae56-4f52-8301-1dd0f7438014@group-1BA2A042ECB8-LeaderElection9] INFO  impl.RoleInfo (RoleInfo.java:shutdownLeaderElection(134)) - 2171c4f4-ae56-4f52-8301-1dd0f7438014: shutdown LeaderElection
2019-11-18 17:55:57,948 [2171c4f4-ae56-4f52-8301-1dd0f7438014@group-1BA2A042ECB8-LeaderElection9] INFO  impl.RoleInfo (RoleInfo.java:updateAndGet(143)) - 2171c4f4-ae56-4f52-8301-1dd0f7438014: start FollowerState
2019-11-18 17:55:58,114 [main] INFO  ozone.MiniOzoneClusterImpl (MiniOzoneClusterImpl.java:lambda$waitForClusterToBeReady$0(150)) - Nodes are ready. Got 3 of 3 DN Heartbeats.
2019-11-18 17:55:58,115 [main] INFO  ozone.MiniOzoneClusterImpl (MiniOzoneClusterImpl.java:lambda$waitForClusterToBeReady$0(153)) - Waiting for cluster to exit safe mode
2019-11-18 17:55:59,116 [main] INFO  ozone.MiniOzoneClusterImpl (MiniOzoneClusterImpl.java:lambda$waitForClusterToBeReady$0(150)) - Nodes are ready. Got 3 of 3 DN Heartbeats.
2019-11-18 17:55:59,116 [main] INFO  ozone.MiniOzoneClusterImpl (MiniOzoneClusterImpl.java:lambda$waitForClusterToBeReady$0(153)) - Waiting for cluster to exit safe mode
2019-11-18 17:56:00,116 [main] INFO  ozone.MiniOzoneClusterImpl (MiniOzoneClusterImpl.java:lambda$waitForClusterToBeReady$0(150)) - Nodes are ready. Got 3 of 3 DN Heartbeats.
2019-11-18 17:56:00,117 [main] INFO  ozone.MiniOzoneClusterImpl (MiniOzoneClusterImpl.java:lambda$waitForClusterToBeReady$0(153)) - Waiting for cluster to exit safe mode
2019-11-18 17:56:01,117 [main] INFO  ozone.MiniOzoneClusterImpl (MiniOzoneClusterImpl.java:lambda$waitForClusterToBeReady$0(150)) - Nodes are ready. Got 3 of 3 DN Heartbeats.
2019-11-18 17:56:01,118 [main] INFO  ozone.MiniOzoneClusterImpl (MiniOzoneClusterImpl.java:lambda$waitForClusterToBeReady$0(153)) - Waiting for cluster to exit safe mode
2019-11-18 17:56:02,118 [main] INFO  ozone.MiniOzoneClusterImpl (MiniOzoneClusterImpl.java:lambda$waitForClusterToBeReady$0(150)) - Nodes are ready. Got 3 of 3 DN Heartbeats.
2019-11-18 17:56:02,118 [main] INFO  ozone.MiniOzoneClusterImpl (MiniOzoneClusterImpl.java:lambda$waitForClusterToBeReady$0(153)) - Waiting for cluster to exit safe mode
2019-11-18 17:56:02,949 [Thread-219] INFO  impl.FollowerState (FollowerState.java:run(111)) - f20c60fb-9562-4189-99ad-1d897872d3c9@group-1BA2A042ECB8-FollowerState: change to CANDIDATE, lastRpcTime:5012ms, electionTimeout:5012ms
2019-11-18 17:56:02,949 [Thread-219] INFO  impl.RoleInfo (RoleInfo.java:shutdownFollowerState(121)) - f20c60fb-9562-4189-99ad-1d897872d3c9: shutdown FollowerState
2019-11-18 17:56:02,949 [Thread-219] INFO  impl.RaftServerImpl (RaftServerImpl.java:setRole(173)) - f20c60fb-9562-4189-99ad-1d897872d3c9@group-1BA2A042ECB8: changes role from  FOLLOWER to CANDIDATE at term 2 for changeToCandidate
2019-11-18 17:56:02,949 [Thread-219] INFO  impl.RoleInfo (RoleInfo.java:updateAndGet(143)) - f20c60fb-9562-4189-99ad-1d897872d3c9: start LeaderElection
2019-11-18 17:56:02,987 [f20c60fb-9562-4189-99ad-1d897872d3c9@group-1BA2A042ECB8-LeaderElection10] INFO  impl.LeaderElection (LeaderElection.java:askForVotes(178)) - f20c60fb-9562-4189-99ad-1d897872d3c9@group-1BA2A042ECB8-LeaderElection10: begin an election at term 3 for -1: [f20c60fb-9562-4189-99ad-1d897872d3c9:192.168.157.193:36337, 9d82f33e-10b5-4ace-a17e-9435fc4cd6a3:192.168.157.193:36950, 2171c4f4-ae56-4f52-8301-1dd0f7438014:192.168.157.193:34135], old=null
2019-11-18 17:56:02,994 [grpc-default-executor-2] INFO  impl.RaftServerImpl (RaftServerImpl.java:setRole(173)) - 9d82f33e-10b5-4ace-a17e-9435fc4cd6a3@group-1BA2A042ECB8: changes role from  FOLLOWER to FOLLOWER at term 3 for recognizeCandidate:f20c60fb-9562-4189-99ad-1d897872d3c9
2019-11-18 17:56:02,994 [grpc-default-executor-4] INFO  impl.RaftServerImpl (RaftServerImpl.java:setRole(173)) - 2171c4f4-ae56-4f52-8301-1dd0f7438014@group-1BA2A042ECB8: changes role from  FOLLOWER to FOLLOWER at term 3 for recognizeCandidate:f20c60fb-9562-4189-99ad-1d897872d3c9
2019-11-18 17:56:02,994 [grpc-default-executor-2] INFO  impl.RoleInfo (RoleInfo.java:shutdownFollowerState(121)) - 9d82f33e-10b5-4ace-a17e-9435fc4cd6a3: shutdown FollowerState
2019-11-18 17:56:02,994 [grpc-default-executor-4] INFO  impl.RoleInfo (RoleInfo.java:shutdownFollowerState(121)) - 2171c4f4-ae56-4f52-8301-1dd0f7438014: shutdown FollowerState
2019-11-18 17:56:02,994 [grpc-default-executor-2] INFO  impl.RoleInfo (RoleInfo.java:updateAndGet(143)) - 9d82f33e-10b5-4ace-a17e-9435fc4cd6a3: start FollowerState
2019-11-18 17:56:02,994 [Thread-220] INFO  impl.FollowerState (FollowerState.java:run(120)) - 9d82f33e-10b5-4ace-a17e-9435fc4cd6a3@group-1BA2A042ECB8-FollowerState was interrupted: java.lang.InterruptedException: sleep interrupted
2019-11-18 17:56:02,994 [Thread-221] INFO  impl.FollowerState (FollowerState.java:run(120)) - 2171c4f4-ae56-4f52-8301-1dd0f7438014@group-1BA2A042ECB8-FollowerState was interrupted: java.lang.InterruptedException: sleep interrupted
2019-11-18 17:56:02,994 [grpc-default-executor-4] INFO  impl.RoleInfo (RoleInfo.java:updateAndGet(143)) - 2171c4f4-ae56-4f52-8301-1dd0f7438014: start FollowerState
2019-11-18 17:56:03,027 [f20c60fb-9562-4189-99ad-1d897872d3c9@group-1BA2A042ECB8-LeaderElection10] INFO  impl.LeaderElection (LeaderElection.java:logAndReturn(56)) - f20c60fb-9562-4189-99ad-1d897872d3c9@group-1BA2A042ECB8-LeaderElection10: Election PASSED; received 1 response(s) [f20c60fb-9562-4189-99ad-1d897872d3c9<-2171c4f4-ae56-4f52-8301-1dd0f7438014#0:OK-t3] and 0 exception(s); f20c60fb-9562-4189-99ad-1d897872d3c9@group-1BA2A042ECB8:t3, leader=null, voted=f20c60fb-9562-4189-99ad-1d897872d3c9, raftlog=f20c60fb-9562-4189-99ad-1d897872d3c9@group-1BA2A042ECB8-SegmentedRaftLog:OPENED:c-1,f-1,i0, conf=-1: [f20c60fb-9562-4189-99ad-1d897872d3c9:192.168.157.193:36337, 9d82f33e-10b5-4ace-a17e-9435fc4cd6a3:192.168.157.193:36950, 2171c4f4-ae56-4f52-8301-1dd0f7438014:192.168.157.193:34135], old=null
2019-11-18 17:56:03,027 [f20c60fb-9562-4189-99ad-1d897872d3c9@group-1BA2A042ECB8-LeaderElection10] INFO  impl.RoleInfo (RoleInfo.java:shutdownLeaderElection(134)) - f20c60fb-9562-4189-99ad-1d897872d3c9: shutdown LeaderElection
2019-11-18 17:56:03,029 [f20c60fb-9562-4189-99ad-1d897872d3c9@group-1BA2A042ECB8-LeaderElection10] INFO  impl.RaftServerImpl (RaftServerImpl.java:setRole(173)) - f20c60fb-9562-4189-99ad-1d897872d3c9@group-1BA2A042ECB8: changes role from CANDIDATE to LEADER at term 3 for changeToLeader
2019-11-18 17:56:03,029 [f20c60fb-9562-4189-99ad-1d897872d3c9@group-1BA2A042ECB8-LeaderElection10] INFO  ratis.XceiverServerRatis (XceiverServerRatis.java:handleLeaderChangedNotification(733)) - Leader change notification received for group: group-1BA2A042ECB8 with new leaderId: f20c60fb-9562-4189-99ad-1d897872d3c9
2019-11-18 17:56:03,030 [f20c60fb-9562-4189-99ad-1d897872d3c9@group-1BA2A042ECB8-LeaderElection10] INFO  impl.RaftServerImpl (ServerState.java:setLeader(255)) - f20c60fb-9562-4189-99ad-1d897872d3c9@group-1BA2A042ECB8: change Leader from null to f20c60fb-9562-4189-99ad-1d897872d3c9 at term 3 for becomeLeader, leader elected after 15727ms
2019-11-18 17:56:03,030 [f20c60fb-9562-4189-99ad-1d897872d3c9@group-1BA2A042ECB8-LeaderElection10] INFO  server.RaftServerConfigKeys (ConfUtils.java:logGet(43)) - raft.server.staging.catchup.gap = 1000 (default)
2019-11-18 17:56:03,030 [f20c60fb-9562-4189-99ad-1d897872d3c9@group-1BA2A042ECB8-LeaderElection10] INFO  server.RaftServerConfigKeys (ConfUtils.java:logGet(43)) - raft.server.rpc.sleep.time = 25ms (default)
2019-11-18 17:56:03,030 [f20c60fb-9562-4189-99ad-1d897872d3c9@group-1BA2A042ECB8-LeaderElection10] INFO  server.RaftServerConfigKeys (ConfUtils.java:logGet(43)) - raft.server.write.element-limit = 4096 (default)
2019-11-18 17:56:03,031 [f20c60fb-9562-4189-99ad-1d897872d3c9@group-1BA2A042ECB8-LeaderElection10] INFO  server.RaftServerConfigKeys (ConfUtils.java:logGet(43)) - raft.server.watch.timeout = 10s (default)
2019-11-18 17:56:03,031 [f20c60fb-9562-4189-99ad-1d897872d3c9@group-1BA2A042ECB8-LeaderElection10] INFO  server.RaftServerConfigKeys (ConfUtils.java:logGet(43)) - raft.server.watch.timeout.denomination = 1s (default)
2019-11-18 17:56:03,032 [f20c60fb-9562-4189-99ad-1d897872d3c9@group-1BA2A042ECB8-LeaderElection10] INFO  server.RaftServerConfigKeys (ConfUtils.java:logGet(43)) - raft.server.watch.element-limit = 65536 (default)
2019-11-18 17:56:03,034 [EventQueue-PipelineReportForPipelineReportHandler] INFO  pipeline.PipelineReportHandler (PipelineReportHandler.java:processPipelineReport(113)) - Pipeline THREE PipelineID=219bbe90-4426-49fc-a8c0-1ba2a042ecb8 reported by f20c60fb-9562-4189-99ad-1d897872d3c9{ip: 192.168.157.193, host: pr-hdds-2533-gxxrh-3661068771, networkLocation: /default-rack, certSerialId: null}
2019-11-18 17:56:03,037 [EventQueue-PipelineReportForPipelineReportHandler] INFO  pipeline.PipelineStateManager (PipelineStateManager.java:openPipeline(132)) - Pipeline Pipeline[ Id: 219bbe90-4426-49fc-a8c0-1ba2a042ecb8, Nodes: f20c60fb-9562-4189-99ad-1d897872d3c9{ip: 192.168.157.193, host: pr-hdds-2533-gxxrh-3661068771, networkLocation: /default-rack, certSerialId: null}9d82f33e-10b5-4ace-a17e-9435fc4cd6a3{ip: 192.168.157.193, host: pr-hdds-2533-gxxrh-3661068771, networkLocation: /default-rack, certSerialId: null}2171c4f4-ae56-4f52-8301-1dd0f7438014{ip: 192.168.157.193, host: pr-hdds-2533-gxxrh-3661068771, networkLocation: /default-rack, certSerialId: null}, Type:RATIS, Factor:THREE, State:ALLOCATED] moved to OPEN state
2019-11-18 17:56:03,037 [EventQueue-OpenPipelineForOneReplicaPipelineSafeModeRule] INFO  safemode.SCMSafeModeManager (SCMSafeModeManager.java:validateSafeModeExitRules(176)) - AtleastOneDatanodeReportedRule rule is successfully validated
2019-11-18 17:56:03,037 [EventQueue-OpenPipelineForHealthyPipelineSafeModeRule] INFO  safemode.SCMSafeModeManager (HealthyPipelineSafeModeRule.java:process(132)) - SCM in safe mode. Healthy pipelines reported count is 1, required healthy pipeline reported count is 1
2019-11-18 17:56:03,040 [EventQueue-OpenPipelineForHealthyPipelineSafeModeRule] INFO  safemode.SCMSafeModeManager (SCMSafeModeManager.java:validateSafeModeExitRules(176)) - HealthyPipelineSafeModeRule rule is successfully validated
2019-11-18 17:56:03,041 [EventQueue-OpenPipelineForHealthyPipelineSafeModeRule] INFO  safemode.SCMSafeModeManager (SCMSafeModeManager.java:validateSafeModeExitRules(185)) - ScmSafeModeManager, all rules are successfully validated
2019-11-18 17:56:03,041 [EventQueue-OpenPipelineForHealthyPipelineSafeModeRule] INFO  safemode.SCMSafeModeManager (SCMSafeModeManager.java:exitSafeMode(201)) - SCM exiting safe mode.
2019-11-18 17:56:03,041 [f20c60fb-9562-4189-99ad-1d897872d3c9@group-1BA2A042ECB8-LeaderElection10] INFO  server.RaftServerConfigKeys (ConfUtils.java:logGet(43)) - raft.server.log.appender.snapshot.chunk.size.max = 16MB (=16777216) (default)
2019-11-18 17:56:03,041 [f20c60fb-9562-4189-99ad-1d897872d3c9@group-1BA2A042ECB8-LeaderElection10] INFO  server.RaftServerConfigKeys (ConfUtils.java:logGet(43)) - raft.server.log.appender.buffer.byte-limit = 33554432 (custom)
2019-11-18 17:56:03,042 [f20c60fb-9562-4189-99ad-1d897872d3c9@group-1BA2A042ECB8-LeaderElection10] INFO  server.RaftServerConfigKeys (ConfUtils.java:logGet(43)) - raft.server.log.appender.buffer.element-limit = 1 (custom)
2019-11-18 17:56:03,046 [f20c60fb-9562-4189-99ad-1d897872d3c9@group-1BA2A042ECB8-LeaderElection10] INFO  grpc.GrpcConfigKeys$Server (ConfUtils.java:logGet(43)) - raft.grpc.server.leader.outstanding.appends.max = 128 (default)
2019-11-18 17:56:03,047 [f20c60fb-9562-4189-99ad-1d897872d3c9@group-1BA2A042ECB8-LeaderElection10] INFO  server.RaftServerConfigKeys (ConfUtils.java:logGet(43)) - raft.server.rpc.request.timeout = 3000ms (default)
2019-11-18 17:56:03,047 [f20c60fb-9562-4189-99ad-1d897872d3c9@group-1BA2A042ECB8-LeaderElection10] INFO  server.RaftServerConfigKeys (ConfUtils.java:logGet(43)) - raft.server.log.appender.install.snapshot.enabled = false (custom)
2019-11-18 17:56:03,048 [f20c60fb-9562-4189-99ad-1d897872d3c9@group-1BA2A042ECB8-LeaderElection10] WARN  impl.MetricRegistriesImpl (MetricRegistriesImpl.java:lambda$create$1(61)) - First MetricRegistry has been created without registering reporters. You may need to call MetricRegistries.global().addReportRegistration(...) before.
2019-11-18 17:56:03,049 [f20c60fb-9562-4189-99ad-1d897872d3c9@group-1BA2A042ECB8-LeaderElection10] INFO  server.RaftServerConfigKeys (ConfUtils.java:logGet(43)) - raft.server.log.appender.snapshot.chunk.size.max = 16MB (=16777216) (default)
2019-11-18 17:56:03,050 [f20c60fb-9562-4189-99ad-1d897872d3c9@group-1BA2A042ECB8-LeaderElection10] INFO  server.RaftServerConfigKeys (ConfUtils.java:logGet(43)) - raft.server.log.appender.buffer.byte-limit = 33554432 (custom)
2019-11-18 17:56:03,050 [f20c60fb-9562-4189-99ad-1d897872d3c9@group-1BA2A042ECB8-LeaderElection10] INFO  server.RaftServerConfigKeys (ConfUtils.java:logGet(43)) - raft.server.log.appender.buffer.element-limit = 1 (custom)
2019-11-18 17:56:03,050 [f20c60fb-9562-4189-99ad-1d897872d3c9@group-1BA2A042ECB8-LeaderElection10] INFO  grpc.GrpcConfigKeys$Server (ConfUtils.java:logGet(43)) - raft.grpc.server.leader.outstanding.appends.max = 128 (default)
2019-11-18 17:56:03,050 [f20c60fb-9562-4189-99ad-1d897872d3c9@group-1BA2A042ECB8-LeaderElection10] INFO  server.RaftServerConfigKeys (ConfUtils.java:logGet(43)) - raft.server.rpc.request.timeout = 3000ms (default)
2019-11-18 17:56:03,050 [f20c60fb-9562-4189-99ad-1d897872d3c9@group-1BA2A042ECB8-LeaderElection10] INFO  server.RaftServerConfigKeys (ConfUtils.java:logGet(43)) - raft.server.log.appender.install.snapshot.enabled = false (custom)
2019-11-18 17:56:03,054 [f20c60fb-9562-4189-99ad-1d897872d3c9@group-1BA2A042ECB8-LeaderElection10] INFO  impl.RoleInfo (RoleInfo.java:updateAndGet(143)) - f20c60fb-9562-4189-99ad-1d897872d3c9: start LeaderState
2019-11-18 17:56:03,054 [f20c60fb-9562-4189-99ad-1d897872d3c9@group-1BA2A042ECB8-LeaderElection10] INFO  segmented.SegmentedRaftLogWorker (SegmentedRaftLogWorker.java:startLogSegment(385)) - f20c60fb-9562-4189-99ad-1d897872d3c9@group-1BA2A042ECB8-SegmentedRaftLogWorker: Starting segment from index:0
2019-11-18 17:56:03,055 [f20c60fb-9562-4189-99ad-1d897872d3c9@group-1BA2A042ECB8-LeaderElection10] INFO  impl.RaftServerImpl (ServerState.java:setRaftConf(356)) - f20c60fb-9562-4189-99ad-1d897872d3c9@group-1BA2A042ECB8: set configuration 0: [f20c60fb-9562-4189-99ad-1d897872d3c9:192.168.157.193:36337, 9d82f33e-10b5-4ace-a17e-9435fc4cd6a3:192.168.157.193:36950, 2171c4f4-ae56-4f52-8301-1dd0f7438014:192.168.157.193:34135], old=null at 0
2019-11-18 17:56:03,114 [f20c60fb-9562-4189-99ad-1d897872d3c9@group-1BA2A042ECB8-SegmentedRaftLogWorker] INFO  segmented.SegmentedRaftLogWorker (SegmentedRaftLogWorker.java:execute(576)) - f20c60fb-9562-4189-99ad-1d897872d3c9@group-1BA2A042ECB8-SegmentedRaftLogWorker: created new log segment /workdir/hadoop-ozone/tools/target/test-dir/MiniOzoneClusterImpl-b5b77925-1696-4489-9325-55d34611e487/datanode-1/data/ratis/219bbe90-4426-49fc-a8c0-1ba2a042ecb8/current/log_inprogress_0
2019-11-18 17:56:03,120 [main] INFO  ozone.MiniOzoneClusterImpl (MiniOzoneClusterImpl.java:lambda$waitForClusterToBeReady$0(150)) - Nodes are ready. Got 3 of 3 DN Heartbeats.
2019-11-18 17:56:03,121 [main] INFO  ozone.MiniOzoneClusterImpl (MiniOzoneClusterImpl.java:lambda$waitForClusterToBeReady$0(153)) - Cluster exits safe mode
2019-11-18 17:56:03,120 [grpc-default-executor-4] INFO  ratis.XceiverServerRatis (XceiverServerRatis.java:handleLeaderChangedNotification(733)) - Leader change notification received for group: group-1BA2A042ECB8 with new leaderId: f20c60fb-9562-4189-99ad-1d897872d3c9
2019-11-18 17:56:03,120 [grpc-default-executor-2] INFO  ratis.XceiverServerRatis (XceiverServerRatis.java:handleLeaderChangedNotification(733)) - Leader change notification received for group: group-1BA2A042ECB8 with new leaderId: f20c60fb-9562-4189-99ad-1d897872d3c9
2019-11-18 17:56:03,121 [grpc-default-executor-4] INFO  impl.RaftServerImpl (ServerState.java:setLeader(255)) - 2171c4f4-ae56-4f52-8301-1dd0f7438014@group-1BA2A042ECB8: change Leader from null to f20c60fb-9562-4189-99ad-1d897872d3c9 at term 3 for appendEntries, leader elected after 15818ms
2019-11-18 17:56:03,121 [grpc-default-executor-2] INFO  impl.RaftServerImpl (ServerState.java:setLeader(255)) - 9d82f33e-10b5-4ace-a17e-9435fc4cd6a3@group-1BA2A042ECB8: change Leader from null to f20c60fb-9562-4189-99ad-1d897872d3c9 at term 3 for appendEntries, leader elected after 15818ms
2019-11-18 17:56:03,154 [grpc-default-executor-4] INFO  impl.RaftServerImpl (ServerState.java:setRaftConf(356)) - 2171c4f4-ae56-4f52-8301-1dd0f7438014@group-1BA2A042ECB8: set configuration 0: [f20c60fb-9562-4189-99ad-1d897872d3c9:192.168.157.193:36337, 9d82f33e-10b5-4ace-a17e-9435fc4cd6a3:192.168.157.193:36950, 2171c4f4-ae56-4f52-8301-1dd0f7438014:192.168.157.193:34135], old=null at 0
2019-11-18 17:56:03,154 [grpc-default-executor-2] INFO  impl.RaftServerImpl (ServerState.java:setRaftConf(356)) - 9d82f33e-10b5-4ace-a17e-9435fc4cd6a3@group-1BA2A042ECB8: set configuration 0: [f20c60fb-9562-4189-99ad-1d897872d3c9:192.168.157.193:36337, 9d82f33e-10b5-4ace-a17e-9435fc4cd6a3:192.168.157.193:36950, 2171c4f4-ae56-4f52-8301-1dd0f7438014:192.168.157.193:34135], old=null at 0
2019-11-18 17:56:03,155 [grpc-default-executor-4] INFO  segmented.SegmentedRaftLogWorker (SegmentedRaftLogWorker.java:startLogSegment(385)) - 2171c4f4-ae56-4f52-8301-1dd0f7438014@group-1BA2A042ECB8-SegmentedRaftLogWorker: Starting segment from index:0
2019-11-18 17:56:03,155 [grpc-default-executor-2] INFO  segmented.SegmentedRaftLogWorker (SegmentedRaftLogWorker.java:startLogSegment(385)) - 9d82f33e-10b5-4ace-a17e-9435fc4cd6a3@group-1BA2A042ECB8-SegmentedRaftLogWorker: Starting segment from index:0
2019-11-18 17:56:03,210 [2171c4f4-ae56-4f52-8301-1dd0f7438014@group-1BA2A042ECB8-SegmentedRaftLogWorker] INFO  segmented.SegmentedRaftLogWorker (SegmentedRaftLogWorker.java:execute(576)) - 2171c4f4-ae56-4f52-8301-1dd0f7438014@group-1BA2A042ECB8-SegmentedRaftLogWorker: created new log segment /workdir/hadoop-ozone/tools/target/test-dir/MiniOzoneClusterImpl-b5b77925-1696-4489-9325-55d34611e487/datanode-0/data/ratis/219bbe90-4426-49fc-a8c0-1ba2a042ecb8/current/log_inprogress_0
2019-11-18 17:56:03,210 [9d82f33e-10b5-4ace-a17e-9435fc4cd6a3@group-1BA2A042ECB8-SegmentedRaftLogWorker] INFO  segmented.SegmentedRaftLogWorker (SegmentedRaftLogWorker.java:execute(576)) - 9d82f33e-10b5-4ace-a17e-9435fc4cd6a3@group-1BA2A042ECB8-SegmentedRaftLogWorker: created new log segment /workdir/hadoop-ozone/tools/target/test-dir/MiniOzoneClusterImpl-b5b77925-1696-4489-9325-55d34611e487/datanode-2/data/ratis/219bbe90-4426-49fc-a8c0-1ba2a042ecb8/current/log_inprogress_0
2019-11-18 17:56:03,937 [main] INFO  freon.RandomKeyGenerator (RandomKeyGenerator.java:call(283)) - Number of Threads: 10
2019-11-18 17:56:03,938 [main] INFO  freon.RandomKeyGenerator (RandomKeyGenerator.java:call(288)) - Number of Volumes: 1.
2019-11-18 17:56:03,938 [main] INFO  freon.RandomKeyGenerator (RandomKeyGenerator.java:call(289)) - Number of Buckets per Volume: 1.
2019-11-18 17:56:03,938 [main] INFO  freon.RandomKeyGenerator (RandomKeyGenerator.java:call(290)) - Number of Keys per Bucket: 1.
2019-11-18 17:56:03,938 [main] INFO  freon.RandomKeyGenerator (RandomKeyGenerator.java:call(291)) - Key size: 20971520 bytes
2019-11-18 17:56:03,938 [main] INFO  freon.RandomKeyGenerator (RandomKeyGenerator.java:call(292)) - Buffer size: 4096 bytes
2019-11-18 17:56:03,938 [main] INFO  freon.RandomKeyGenerator (RandomKeyGenerator.java:call(293)) - validateWrites : true
2019-11-18 17:56:03,942 [main] INFO  freon.RandomKeyGenerator (RandomKeyGenerator.java:call(307)) - Data validation is enabled.
2019-11-18 17:56:03,944 [main] INFO  freon.RandomKeyGenerator (RandomKeyGenerator.java:call(313)) - Starting progress bar Thread.

 0.00% |?                                                                                                    |  0/1 Time: 0:00:002019-11-18 17:56:03,963 [pool-53-thread-1] INFO  rpc.RpcClient (RpcClient.java:createVolume(292)) - Creating Volume: vol-0-64724, with jenkins1000 as owner.
2019-11-18 17:56:04,017 [IPC Server handler 10 on 40695] INFO  volume.OMVolumeCreateRequest (OMVolumeCreateRequest.java:validateAndUpdateCache(193)) - created volume:vol-0-64724 for user:jenkins1000
2019-11-18 17:56:04,064 [pool-53-thread-2] INFO  rpc.RpcClient (RpcClient.java:createBucket(431)) - Creating Bucket: vol-0-64724/bucket-0-23421, with Versioning false and Storage Type set to DISK and Encryption set to false 
2019-11-18 17:56:04,256 [pool-53-thread-3] INFO  impl.MetricsSystemImpl (MetricsSystemImpl.java:init(158)) - XceiverClientMetrics metrics system started (again)
 0.00% |?                                                                                                    |  0/1 Time: 0:00:01 0.00% |?                                                                                                    |  0/1 Time: 0:00:022019-11-18 17:56:06,045 [Thread-229] INFO  container.ReplicationManager (ReplicationManager.java:start(162)) - Starting Replication Monitor Thread.
2019-11-18 17:56:06,047 [ReplicationMonitor] INFO  container.ReplicationManager (ReplicationManager.java:run(225)) - Replication Monitor Thread took 1 milliseconds for processing 3 containers.
 100.00% |?????????????????????????????????????????????????????????????????????????????????????????????????????|  1/1 Time: 0:00:03
2019-11-18 17:56:11,773 [main] INFO  pipeline.SCMPipelineManager (SCMPipelineManager.java:finalizeAndDestroyPipeline(333)) - destroying pipeline:Pipeline[ Id: 219bbe90-4426-49fc-a8c0-1ba2a042ecb8, Nodes: f20c60fb-9562-4189-99ad-1d897872d3c9{ip: 192.168.157.193, host: pr-hdds-2533-gxxrh-3661068771, networkLocation: /default-rack, certSerialId: null}9d82f33e-10b5-4ace-a17e-9435fc4cd6a3{ip: 192.168.157.193, host: pr-hdds-2533-gxxrh-3661068771, networkLocation: /default-rack, certSerialId: null}2171c4f4-ae56-4f52-8301-1dd0f7438014{ip: 192.168.157.193, host: pr-hdds-2533-gxxrh-3661068771, networkLocation: /default-rack, certSerialId: null}, Type:RATIS, Factor:THREE, State:OPEN]
2019-11-18 17:56:11,773 [main] INFO  pipeline.PipelineStateManager (PipelineStateManager.java:finalizePipeline(121)) - Pipeline Pipeline[ Id: 219bbe90-4426-49fc-a8c0-1ba2a042ecb8, Nodes: f20c60fb-9562-4189-99ad-1d897872d3c9{ip: 192.168.157.193, host: pr-hdds-2533-gxxrh-3661068771, networkLocation: /default-rack, certSerialId: null}9d82f33e-10b5-4ace-a17e-9435fc4cd6a3{ip: 192.168.157.193, host: pr-hdds-2533-gxxrh-3661068771, networkLocation: /default-rack, certSerialId: null}2171c4f4-ae56-4f52-8301-1dd0f7438014{ip: 192.168.157.193, host: pr-hdds-2533-gxxrh-3661068771, networkLocation: /default-rack, certSerialId: null}, Type:RATIS, Factor:THREE, State:CLOSED] moved to CLOSED state
2019-11-18 17:56:11,774 [EventQueue-CloseContainerForCloseContainerEventHandler] INFO  container.CloseContainerEventHandler (CloseContainerEventHandler.java:onMessage(61)) - Close container Event triggered for container : #1
2019-11-18 17:56:11,775 [main] INFO  pipeline.RatisPipelineProvider (RatisPipelineProvider.java:lambda$close$5(207)) - Send pipeline:PipelineID=219bbe90-4426-49fc-a8c0-1ba2a042ecb8 close command to datanode f20c60fb-9562-4189-99ad-1d897872d3c9
2019-11-18 17:56:11,776 [main] INFO  pipeline.RatisPipelineProvider (RatisPipelineProvider.java:lambda$close$5(207)) - Send pipeline:PipelineID=219bbe90-4426-49fc-a8c0-1ba2a042ecb8 close command to datanode 9d82f33e-10b5-4ace-a17e-9435fc4cd6a3
2019-11-18 17:56:11,777 [main] INFO  pipeline.RatisPipelineProvider (RatisPipelineProvider.java:lambda$close$5(207)) - Send pipeline:PipelineID=219bbe90-4426-49fc-a8c0-1ba2a042ecb8 close command to datanode 2171c4f4-ae56-4f52-8301-1dd0f7438014
2019-11-18 17:56:11,777 [EventQueue-CloseContainerForCloseContainerEventHandler] INFO  container.CloseContainerEventHandler (CloseContainerEventHandler.java:onMessage(61)) - Close container Event triggered for container : #2
2019-11-18 17:56:11,789 [main] INFO  pipeline.PipelineStateManager (PipelineStateManager.java:removePipeline(106)) - Pipeline Pipeline[ Id: 219bbe90-4426-49fc-a8c0-1ba2a042ecb8, Nodes: f20c60fb-9562-4189-99ad-1d897872d3c9{ip: 192.168.157.193, host: pr-hdds-2533-gxxrh-3661068771, networkLocation: /default-rack, certSerialId: null}9d82f33e-10b5-4ace-a17e-9435fc4cd6a3{ip: 192.168.157.193, host: pr-hdds-2533-gxxrh-3661068771, networkLocation: /default-rack, certSerialId: null}2171c4f4-ae56-4f52-8301-1dd0f7438014{ip: 192.168.157.193, host: pr-hdds-2533-gxxrh-3661068771, networkLocation: /default-rack, certSerialId: null}, Type:RATIS, Factor:THREE, State:CLOSED] removed from db
2019-11-18 17:56:11,791 [EventQueue-CloseContainerForCloseContainerEventHandler] ERROR container.CloseContainerEventHandler (CloseContainerEventHandler.java:onMessage(89)) - Failed to close the container #2.
org.apache.hadoop.hdds.scm.pipeline.PipelineNotFoundException: PipelineID=219bbe90-4426-49fc-a8c0-1ba2a042ecb8 not found
	at org.apache.hadoop.hdds.scm.pipeline.PipelineStateMap.removeContainerFromPipeline(PipelineStateMap.java:351)
	at org.apache.hadoop.hdds.scm.pipeline.PipelineStateManager.removeContainerFromPipeline(PipelineStateManager.java:112)
	at org.apache.hadoop.hdds.scm.pipeline.SCMPipelineManager.removeContainerFromPipeline(SCMPipelineManager.java:286)
	at org.apache.hadoop.hdds.scm.container.SCMContainerManager.updateContainerState(SCMContainerManager.java:331)
	at org.apache.hadoop.hdds.scm.container.CloseContainerEventHandler.onMessage(CloseContainerEventHandler.java:66)
	at org.apache.hadoop.hdds.scm.container.CloseContainerEventHandler.onMessage(CloseContainerEventHandler.java:45)
	at org.apache.hadoop.hdds.server.events.SingleThreadExecutor.lambda$onMessage$1(SingleThreadExecutor.java:85)
	at java.util.concurrent.ThreadPoolExecutor.runWorker(ThreadPoolExecutor.java:1149)
	at java.util.concurrent.ThreadPoolExecutor$Worker.run(ThreadPoolExecutor.java:624)
	at java.lang.Thread.run(Thread.java:748)
2019-11-18 17:56:11,793 [EventQueue-CloseContainerForCloseContainerEventHandler] INFO  container.CloseContainerEventHandler (CloseContainerEventHandler.java:onMessage(61)) - Close container Event triggered for container : #3
2019-11-18 17:56:11,793 [RatisPipelineUtilsThread] INFO  pipeline.RatisPipelineProvider (RatisPipelineProvider.java:lambda$create$4(163)) - Send pipeline:PipelineID=068a15f8-af97-4cb6-be31-05eac5401459 create command to datanode f20c60fb-9562-4189-99ad-1d897872d3c9
2019-11-18 17:56:11,794 [RatisPipelineUtilsThread] INFO  pipeline.RatisPipelineProvider (RatisPipelineProvider.java:lambda$create$4(163)) - Send pipeline:PipelineID=068a15f8-af97-4cb6-be31-05eac5401459 create command to datanode 9d82f33e-10b5-4ace-a17e-9435fc4cd6a3
2019-11-18 17:56:11,794 [RatisPipelineUtilsThread] INFO  pipeline.RatisPipelineProvider (RatisPipelineProvider.java:lambda$create$4(163)) - Send pipeline:PipelineID=068a15f8-af97-4cb6-be31-05eac5401459 create command to datanode 2171c4f4-ae56-4f52-8301-1dd0f7438014
2019-11-18 17:56:11,795 [RatisPipelineUtilsThread] INFO  pipeline.PipelineStateManager (PipelineStateManager.java:addPipeline(55)) - Created pipeline Pipeline[ Id: 068a15f8-af97-4cb6-be31-05eac5401459, Nodes: f20c60fb-9562-4189-99ad-1d897872d3c9{ip: 192.168.157.193, host: pr-hdds-2533-gxxrh-3661068771, networkLocation: /default-rack, certSerialId: null}9d82f33e-10b5-4ace-a17e-9435fc4cd6a3{ip: 192.168.157.193, host: pr-hdds-2533-gxxrh-3661068771, networkLocation: /default-rack, certSerialId: null}2171c4f4-ae56-4f52-8301-1dd0f7438014{ip: 192.168.157.193, host: pr-hdds-2533-gxxrh-3661068771, networkLocation: /default-rack, certSerialId: null}, Type:RATIS, Factor:THREE, State:ALLOCATED]
2019-11-18 17:56:11,795 [EventQueue-CloseContainerForCloseContainerEventHandler] ERROR container.CloseContainerEventHandler (CloseContainerEventHandler.java:onMessage(89)) - Failed to close the container #3.
org.apache.hadoop.hdds.scm.pipeline.PipelineNotFoundException: PipelineID=219bbe90-4426-49fc-a8c0-1ba2a042ecb8 not found
	at org.apache.hadoop.hdds.scm.pipeline.PipelineStateMap.removeContainerFromPipeline(PipelineStateMap.java:351)
	at org.apache.hadoop.hdds.scm.pipeline.PipelineStateManager.removeContainerFromPipeline(PipelineStateManager.java:112)
	at org.apache.hadoop.hdds.scm.pipeline.SCMPipelineManager.removeContainerFromPipeline(SCMPipelineManager.java:286)
	at org.apache.hadoop.hdds.scm.container.SCMContainerManager.updateContainerState(SCMContainerManager.java:331)
	at org.apache.hadoop.hdds.scm.container.CloseContainerEventHandler.onMessage(CloseContainerEventHandler.java:66)
	at org.apache.hadoop.hdds.scm.container.CloseContainerEventHandler.onMessage(CloseContainerEventHandler.java:45)
	at org.apache.hadoop.hdds.server.events.SingleThreadExecutor.lambda$onMessage$1(SingleThreadExecutor.java:85)
	at java.util.concurrent.ThreadPoolExecutor.runWorker(ThreadPoolExecutor.java:1149)
	at java.util.concurrent.ThreadPoolExecutor$Worker.run(ThreadPoolExecutor.java:624)
	at java.lang.Thread.run(Thread.java:748)
2019-11-18 17:56:11,906 [main] INFO  freon.RandomKeyGenerator (RandomKeyGenerator.java:call(283)) - Number of Threads: 10
2019-11-18 17:56:11,906 [main] INFO  freon.RandomKeyGenerator (RandomKeyGenerator.java:call(288)) - Number of Volumes: 1.
2019-11-18 17:56:11,907 [main] INFO  freon.RandomKeyGenerator (RandomKeyGenerator.java:call(289)) - Number of Buckets per Volume: 1.
2019-11-18 17:56:11,907 [main] INFO  freon.RandomKeyGenerator (RandomKeyGenerator.java:call(290)) - Number of Keys per Bucket: 1.
2019-11-18 17:56:11,907 [main] INFO  freon.RandomKeyGenerator (RandomKeyGenerator.java:call(291)) - Key size: 20971520 bytes
2019-11-18 17:56:11,907 [main] INFO  freon.RandomKeyGenerator (RandomKeyGenerator.java:call(292)) - Buffer size: 4096 bytes
2019-11-18 17:56:11,907 [main] INFO  freon.RandomKeyGenerator (RandomKeyGenerator.java:call(293)) - validateWrites : true
2019-11-18 17:56:11,908 [pool-59-thread-1] INFO  rpc.RpcClient (RpcClient.java:createVolume(292)) - Creating Volume: vol-0-20281, with jenkins1000 as owner.
2019-11-18 17:56:11,908 [main] INFO  freon.RandomKeyGenerator (RandomKeyGenerator.java:call(307)) - Data validation is enabled.
2019-11-18 17:56:11,908 [main] INFO  freon.RandomKeyGenerator (RandomKeyGenerator.java:call(313)) - Starting progress bar Thread.

 0.00% |?                                                                                                    |  0/1 Time: 0:00:002019-11-18 17:56:11,911 [IPC Server handler 12 on 40695] INFO  volume.OMVolumeCreateRequest (OMVolumeCreateRequest.java:validateAndUpdateCache(193)) - created volume:vol-0-20281 for user:jenkins1000
2019-11-18 17:56:11,948 [pool-59-thread-2] INFO  rpc.RpcClient (RpcClient.java:createBucket(431)) - Creating Bucket: vol-0-20281/bucket-0-87964, with Versioning false and Storage Type set to DISK and Encryption set to false 
2019-11-18 17:56:11,972 [IPC Server handler 1 on 45455] WARN  block.BlockManagerImpl (BlockManagerImpl.java:allocateBlock(203)) - Pipeline creation failed for type:RATIS factor:THREE. Retrying get pipelines call once.
org.apache.hadoop.hdds.scm.pipeline.InsufficientDatanodesException: Cannot create pipeline of factor 3 using 0 nodes.
	at org.apache.hadoop.hdds.scm.pipeline.RatisPipelineProvider.create(RatisPipelineProvider.java:144)
	at org.apache.hadoop.hdds.scm.pipeline.PipelineFactory.create(PipelineFactory.java:60)
	at org.apache.hadoop.hdds.scm.pipeline.SCMPipelineManager.createPipeline(SCMPipelineManager.java:159)
	at org.apache.hadoop.hdds.scm.block.BlockManagerImpl.allocateBlock(BlockManagerImpl.java:199)
	at org.apache.hadoop.hdds.scm.server.SCMBlockProtocolServer.allocateBlock(SCMBlockProtocolServer.java:187)
	at org.apache.hadoop.hdds.scm.protocol.ScmBlockLocationProtocolServerSideTranslatorPB.allocateScmBlock(ScmBlockLocationProtocolServerSideTranslatorPB.java:159)
	at org.apache.hadoop.hdds.scm.protocol.ScmBlockLocationProtocolServerSideTranslatorPB.processMessage(ScmBlockLocationProtocolServerSideTranslatorPB.java:117)
	at org.apache.hadoop.hdds.server.OzoneProtocolMessageDispatcher.processRequest(OzoneProtocolMessageDispatcher.java:72)
	at org.apache.hadoop.hdds.scm.protocol.ScmBlockLocationProtocolServerSideTranslatorPB.send(ScmBlockLocationProtocolServerSideTranslatorPB.java:98)
	at org.apache.hadoop.hdds.protocol.proto.ScmBlockLocationProtocolProtos$ScmBlockLocationProtocolService$2.callBlockingMethod(ScmBlockLocationProtocolProtos.java:13157)
	at org.apache.hadoop.ipc.ProtobufRpcEngine$Server$ProtoBufRpcInvoker.call(ProtobufRpcEngine.java:524)
	at org.apache.hadoop.ipc.RPC$Server.call(RPC.java:1025)
	at org.apache.hadoop.ipc.Server$RpcCall.run(Server.java:876)
	at org.apache.hadoop.ipc.Server$RpcCall.run(Server.java:822)
	at java.security.AccessController.doPrivileged(Native Method)
	at javax.security.auth.Subject.doAs(Subject.java:422)
	at org.apache.hadoop.security.UserGroupInformation.doAs(UserGroupInformation.java:1730)
	at org.apache.hadoop.ipc.Server$Handler.run(Server.java:2682)
2019-11-18 17:56:11,973 [IPC Server handler 1 on 45455] INFO  block.BlockManagerImpl (BlockManagerImpl.java:allocateBlock(215)) - Could not find available pipeline of type:RATIS and factor:THREE even after retrying
2019-11-18 17:56:11,973 [IPC Server handler 1 on 45455] ERROR block.BlockManagerImpl (BlockManagerImpl.java:allocateBlock(239)) - Unable to allocate a block for the size: 4194304, type: RATIS, factor: THREE
2019-11-18 17:56:11,973 [IPC Server handler 1 on 45455] WARN  block.BlockManagerImpl (BlockManagerImpl.java:allocateBlock(203)) - Pipeline creation failed for type:RATIS factor:THREE. Retrying get pipelines call once.
org.apache.hadoop.hdds.scm.pipeline.InsufficientDatanodesException: Cannot create pipeline of factor 3 using 0 nodes.
	at org.apache.hadoop.hdds.scm.pipeline.RatisPipelineProvider.create(RatisPipelineProvider.java:144)
	at org.apache.hadoop.hdds.scm.pipeline.PipelineFactory.create(PipelineFactory.java:60)
	at org.apache.hadoop.hdds.scm.pipeline.SCMPipelineManager.createPipeline(SCMPipelineManager.java:159)
	at org.apache.hadoop.hdds.scm.block.BlockManagerImpl.allocateBlock(BlockManagerImpl.java:199)
	at org.apache.hadoop.hdds.scm.server.SCMBlockProtocolServer.allocateBlock(SCMBlockProtocolServer.java:187)
	at org.apache.hadoop.hdds.scm.protocol.ScmBlockLocationProtocolServerSideTranslatorPB.allocateScmBlock(ScmBlockLocationProtocolServerSideTranslatorPB.java:159)
	at org.apache.hadoop.hdds.scm.protocol.ScmBlockLocationProtocolServerSideTranslatorPB.processMessage(ScmBlockLocationProtocolServerSideTranslatorPB.java:117)
	at org.apache.hadoop.hdds.server.OzoneProtocolMessageDispatcher.processRequest(OzoneProtocolMessageDispatcher.java:72)
	at org.apache.hadoop.hdds.scm.protocol.ScmBlockLocationProtocolServerSideTranslatorPB.send(ScmBlockLocationProtocolServerSideTranslatorPB.java:98)
	at org.apache.hadoop.hdds.protocol.proto.ScmBlockLocationProtocolProtos$ScmBlockLocationProtocolService$2.callBlockingMethod(ScmBlockLocationProtocolProtos.java:13157)
	at org.apache.hadoop.ipc.ProtobufRpcEngine$Server$ProtoBufRpcInvoker.call(ProtobufRpcEngine.java:524)
	at org.apache.hadoop.ipc.RPC$Server.call(RPC.java:1025)
	at org.apache.hadoop.ipc.Server$RpcCall.run(Server.java:876)
	at org.apache.hadoop.ipc.Server$RpcCall.run(Server.java:822)
	at java.security.AccessController.doPrivileged(Native Method)
	at javax.security.auth.Subject.doAs(Subject.java:422)
	at org.apache.hadoop.security.UserGroupInformation.doAs(UserGroupInformation.java:1730)
	at org.apache.hadoop.ipc.Server$Handler.run(Server.java:2682)
2019-11-18 17:56:11,974 [IPC Server handler 1 on 45455] INFO  block.BlockManagerImpl (BlockManagerImpl.java:allocateBlock(215)) - Could not find available pipeline of type:RATIS and factor:THREE even after retrying
2019-11-18 17:56:11,974 [IPC Server handler 1 on 45455] ERROR block.BlockManagerImpl (BlockManagerImpl.java:allocateBlock(239)) - Unable to allocate a block for the size: 4194304, type: RATIS, factor: THREE
2019-11-18 17:56:11,975 [IPC Server handler 1 on 45455] WARN  block.BlockManagerImpl (BlockManagerImpl.java:allocateBlock(203)) - Pipeline creation failed for type:RATIS factor:THREE. Retrying get pipelines call once.
org.apache.hadoop.hdds.scm.pipeline.InsufficientDatanodesException: Cannot create pipeline of factor 3 using 0 nodes.
	at org.apache.hadoop.hdds.scm.pipeline.RatisPipelineProvider.create(RatisPipelineProvider.java:144)
	at org.apache.hadoop.hdds.scm.pipeline.PipelineFactory.create(PipelineFactory.java:60)
	at org.apache.hadoop.hdds.scm.pipeline.SCMPipelineManager.createPipeline(SCMPipelineManager.java:159)
	at org.apache.hadoop.hdds.scm.block.BlockManagerImpl.allocateBlock(BlockManagerImpl.java:199)
	at org.apache.hadoop.hdds.scm.server.SCMBlockProtocolServer.allocateBlock(SCMBlockProtocolServer.java:187)
	at org.apache.hadoop.hdds.scm.protocol.ScmBlockLocationProtocolServerSideTranslatorPB.allocateScmBlock(ScmBlockLocationProtocolServerSideTranslatorPB.java:159)
	at org.apache.hadoop.hdds.scm.protocol.ScmBlockLocationProtocolServerSideTranslatorPB.processMessage(ScmBlockLocationProtocolServerSideTranslatorPB.java:117)
	at org.apache.hadoop.hdds.server.OzoneProtocolMessageDispatcher.processRequest(OzoneProtocolMessageDispatcher.java:72)
	at org.apache.hadoop.hdds.scm.protocol.ScmBlockLocationProtocolServerSideTranslatorPB.send(ScmBlockLocationProtocolServerSideTranslatorPB.java:98)
	at org.apache.hadoop.hdds.protocol.proto.ScmBlockLocationProtocolProtos$ScmBlockLocationProtocolService$2.callBlockingMethod(ScmBlockLocationProtocolProtos.java:13157)
	at org.apache.hadoop.ipc.ProtobufRpcEngine$Server$ProtoBufRpcInvoker.call(ProtobufRpcEngine.java:524)
	at org.apache.hadoop.ipc.RPC$Server.call(RPC.java:1025)
	at org.apache.hadoop.ipc.Server$RpcCall.run(Server.java:876)
	at org.apache.hadoop.ipc.Server$RpcCall.run(Server.java:822)
	at java.security.AccessController.doPrivileged(Native Method)
	at javax.security.auth.Subject.doAs(Subject.java:422)
	at org.apache.hadoop.security.UserGroupInformation.doAs(UserGroupInformation.java:1730)
	at org.apache.hadoop.ipc.Server$Handler.run(Server.java:2682)
2019-11-18 17:56:11,976 [IPC Server handler 1 on 45455] INFO  block.BlockManagerImpl (BlockManagerImpl.java:allocateBlock(215)) - Could not find available pipeline of type:RATIS and factor:THREE even after retrying
2019-11-18 17:56:11,976 [IPC Server handler 1 on 45455] ERROR block.BlockManagerImpl (BlockManagerImpl.java:allocateBlock(239)) - Unable to allocate a block for the size: 4194304, type: RATIS, factor: THREE
2019-11-18 17:56:11,976 [IPC Server handler 1 on 45455] WARN  block.BlockManagerImpl (BlockManagerImpl.java:allocateBlock(203)) - Pipeline creation failed for type:RATIS factor:THREE. Retrying get pipelines call once.
org.apache.hadoop.hdds.scm.pipeline.InsufficientDatanodesException: Cannot create pipeline of factor 3 using 0 nodes.
	at org.apache.hadoop.hdds.scm.pipeline.RatisPipelineProvider.create(RatisPipelineProvider.java:144)
	at org.apache.hadoop.hdds.scm.pipeline.PipelineFactory.create(PipelineFactory.java:60)
	at org.apache.hadoop.hdds.scm.pipeline.SCMPipelineManager.createPipeline(SCMPipelineManager.java:159)
	at org.apache.hadoop.hdds.scm.block.BlockManagerImpl.allocateBlock(BlockManagerImpl.java:199)
	at org.apache.hadoop.hdds.scm.server.SCMBlockProtocolServer.allocateBlock(SCMBlockProtocolServer.java:187)
	at org.apache.hadoop.hdds.scm.protocol.ScmBlockLocationProtocolServerSideTranslatorPB.allocateScmBlock(ScmBlockLocationProtocolServerSideTranslatorPB.java:159)
	at org.apache.hadoop.hdds.scm.protocol.ScmBlockLocationProtocolServerSideTranslatorPB.processMessage(ScmBlockLocationProtocolServerSideTranslatorPB.java:117)
	at org.apache.hadoop.hdds.server.OzoneProtocolMessageDispatcher.processRequest(OzoneProtocolMessageDispatcher.java:72)
	at org.apache.hadoop.hdds.scm.protocol.ScmBlockLocationProtocolServerSideTranslatorPB.send(ScmBlockLocationProtocolServerSideTranslatorPB.java:98)
	at org.apache.hadoop.hdds.protocol.proto.ScmBlockLocationProtocolProtos$ScmBlockLocationProtocolService$2.callBlockingMethod(ScmBlockLocationProtocolProtos.java:13157)
	at org.apache.hadoop.ipc.ProtobufRpcEngine$Server$ProtoBufRpcInvoker.call(ProtobufRpcEngine.java:524)
	at org.apache.hadoop.ipc.RPC$Server.call(RPC.java:1025)
	at org.apache.hadoop.ipc.Server$RpcCall.run(Server.java:876)
	at org.apache.hadoop.ipc.Server$RpcCall.run(Server.java:822)
	at java.security.AccessController.doPrivileged(Native Method)
	at javax.security.auth.Subject.doAs(Subject.java:422)
	at org.apache.hadoop.security.UserGroupInformation.doAs(UserGroupInformation.java:1730)
	at org.apache.hadoop.ipc.Server$Handler.run(Server.java:2682)
2019-11-18 17:56:11,977 [IPC Server handler 1 on 45455] INFO  block.BlockManagerImpl (BlockManagerImpl.java:allocateBlock(215)) - Could not find available pipeline of type:RATIS and factor:THREE even after retrying
2019-11-18 17:56:11,977 [IPC Server handler 1 on 45455] ERROR block.BlockManagerImpl (BlockManagerImpl.java:allocateBlock(239)) - Unable to allocate a block for the size: 4194304, type: RATIS, factor: THREE
2019-11-18 17:56:11,978 [IPC Server handler 1 on 45455] WARN  block.BlockManagerImpl (BlockManagerImpl.java:allocateBlock(203)) - Pipeline creation failed for type:RATIS factor:THREE. Retrying get pipelines call once.
org.apache.hadoop.hdds.scm.pipeline.InsufficientDatanodesException: Cannot create pipeline of factor 3 using 0 nodes.
	at org.apache.hadoop.hdds.scm.pipeline.RatisPipelineProvider.create(RatisPipelineProvider.java:144)
	at org.apache.hadoop.hdds.scm.pipeline.PipelineFactory.create(PipelineFactory.java:60)
	at org.apache.hadoop.hdds.scm.pipeline.SCMPipelineManager.createPipeline(SCMPipelineManager.java:159)
	at org.apache.hadoop.hdds.scm.block.BlockManagerImpl.allocateBlock(BlockManagerImpl.java:199)
	at org.apache.hadoop.hdds.scm.server.SCMBlockProtocolServer.allocateBlock(SCMBlockProtocolServer.java:187)
	at org.apache.hadoop.hdds.scm.protocol.ScmBlockLocationProtocolServerSideTranslatorPB.allocateScmBlock(ScmBlockLocationProtocolServerSideTranslatorPB.java:159)
	at org.apache.hadoop.hdds.scm.protocol.ScmBlockLocationProtocolServerSideTranslatorPB.processMessage(ScmBlockLocationProtocolServerSideTranslatorPB.java:117)
	at org.apache.hadoop.hdds.server.OzoneProtocolMessageDispatcher.processRequest(OzoneProtocolMessageDispatcher.java:72)
	at org.apache.hadoop.hdds.scm.protocol.ScmBlockLocationProtocolServerSideTranslatorPB.send(ScmBlockLocationProtocolServerSideTranslatorPB.java:98)
	at org.apache.hadoop.hdds.protocol.proto.ScmBlockLocationProtocolProtos$ScmBlockLocationProtocolService$2.callBlockingMethod(ScmBlockLocationProtocolProtos.java:13157)
	at org.apache.hadoop.ipc.ProtobufRpcEngine$Server$ProtoBufRpcInvoker.call(ProtobufRpcEngine.java:524)
	at org.apache.hadoop.ipc.RPC$Server.call(RPC.java:1025)
	at org.apache.hadoop.ipc.Server$RpcCall.run(Server.java:876)
	at org.apache.hadoop.ipc.Server$RpcCall.run(Server.java:822)
	at java.security.AccessController.doPrivileged(Native Method)
	at javax.security.auth.Subject.doAs(Subject.java:422)
	at org.apache.hadoop.security.UserGroupInformation.doAs(UserGroupInformation.java:1730)
	at org.apache.hadoop.ipc.Server$Handler.run(Server.java:2682)
2019-11-18 17:56:11,978 [IPC Server handler 1 on 45455] INFO  block.BlockManagerImpl (BlockManagerImpl.java:allocateBlock(215)) - Could not find available pipeline of type:RATIS and factor:THREE even after retrying
2019-11-18 17:56:11,978 [IPC Server handler 1 on 45455] ERROR block.BlockManagerImpl (BlockManagerImpl.java:allocateBlock(239)) - Unable to allocate a block for the size: 4194304, type: RATIS, factor: THREE
2019-11-18 17:56:11,982 [pool-59-thread-3] ERROR freon.RandomKeyGenerator (RandomKeyGenerator.java:createKey(735)) - Exception while adding key: key-0-06659 in bucket: bucket-0-87964 of volume: vol-0-20281.
INTERNAL_ERROR org.apache.hadoop.ozone.om.exceptions.OMException: Allocated 0 blocks. Requested 5 blocks
	at org.apache.hadoop.ozone.om.protocolPB.OzoneManagerProtocolClientSideTranslatorPB.handleError(OzoneManagerProtocolClientSideTranslatorPB.java:761)
	at org.apache.hadoop.ozone.om.protocolPB.OzoneManagerProtocolClientSideTranslatorPB.openKey(OzoneManagerProtocolClientSideTranslatorPB.java:752)
	at sun.reflect.NativeMethodAccessorImpl.invoke0(Native Method)
	at sun.reflect.NativeMethodAccessorImpl.invoke(NativeMethodAccessorImpl.java:62)
	at sun.reflect.DelegatingMethodAccessorImpl.invoke(DelegatingMethodAccessorImpl.java:43)
	at java.lang.reflect.Method.invoke(Method.java:498)
	at org.apache.hadoop.hdds.tracing.TraceAllMethod.invoke(TraceAllMethod.java:66)
	at com.sun.proxy.$Proxy37.openKey(Unknown Source)
	at org.apache.hadoop.ozone.client.rpc.RpcClient.createKey(RpcClient.java:633)
	at org.apache.hadoop.ozone.client.OzoneBucket.createKey(OzoneBucket.java:325)
	at org.apache.hadoop.ozone.freon.RandomKeyGenerator.createKey(RandomKeyGenerator.java:697)
	at org.apache.hadoop.ozone.freon.RandomKeyGenerator.access$1100(RandomKeyGenerator.java:88)
	at org.apache.hadoop.ozone.freon.RandomKeyGenerator$ObjectCreator.run(RandomKeyGenerator.java:615)
	at java.util.concurrent.Executors$RunnableAdapter.call(Executors.java:511)
	at java.util.concurrent.FutureTask.run(FutureTask.java:266)
	at java.util.concurrent.ThreadPoolExecutor.runWorker(ThreadPoolExecutor.java:1149)
	at java.util.concurrent.ThreadPoolExecutor$Worker.run(ThreadPoolExecutor.java:624)
	at java.lang.Thread.run(Thread.java:748)
 0.00% |?                                                                                                    |  0/1 Time: 0:00:012019-11-18 17:56:13,722 [Command processor thread] INFO  impl.RaftServerProxy (RaftServerProxy.java:remove(95)) - 2171c4f4-ae56-4f52-8301-1dd0f7438014: remove  FOLLOWER 2171c4f4-ae56-4f52-8301-1dd0f7438014@group-1BA2A042ECB8:t3, leader=f20c60fb-9562-4189-99ad-1d897872d3c9, voted=f20c60fb-9562-4189-99ad-1d897872d3c9, raftlog=2171c4f4-ae56-4f52-8301-1dd0f7438014@group-1BA2A042ECB8-SegmentedRaftLog:OPENED:c78,f78,i78, conf=0: [f20c60fb-9562-4189-99ad-1d897872d3c9:192.168.157.193:36337, 9d82f33e-10b5-4ace-a17e-9435fc4cd6a3:192.168.157.193:36950, 2171c4f4-ae56-4f52-8301-1dd0f7438014:192.168.157.193:34135], old=null RUNNING
2019-11-18 17:56:13,725 [Command processor thread] INFO  impl.RaftServerImpl (RaftServerImpl.java:lambda$shutdown$3(250)) - 2171c4f4-ae56-4f52-8301-1dd0f7438014@group-1BA2A042ECB8: shutdown
2019-11-18 17:56:13,726 [Command processor thread] INFO  util.JmxRegister (JmxRegister.java:unregister(73)) - Successfully un-registered JMX Bean with object name Ratis:service=RaftServer,group=group-1BA2A042ECB8,id=2171c4f4-ae56-4f52-8301-1dd0f7438014
2019-11-18 17:56:13,726 [Command processor thread] INFO  impl.RoleInfo (RoleInfo.java:shutdownFollowerState(121)) - 2171c4f4-ae56-4f52-8301-1dd0f7438014: shutdown FollowerState
2019-11-18 17:56:13,726 [Command processor thread] INFO  impl.StateMachineUpdater (StateMachineUpdater.java:stopAndJoin(136)) - 2171c4f4-ae56-4f52-8301-1dd0f7438014@group-1BA2A042ECB8-StateMachineUpdater: set stopIndex = 78
2019-11-18 17:56:13,726 [Thread-226] INFO  impl.FollowerState (FollowerState.java:run(120)) - 2171c4f4-ae56-4f52-8301-1dd0f7438014@group-1BA2A042ECB8-FollowerState was interrupted: java.lang.InterruptedException: sleep interrupted
2019-11-18 17:56:13,728 [2171c4f4-ae56-4f52-8301-1dd0f7438014@group-1BA2A042ECB8-StateMachineUpdater] INFO  ratis.ContainerStateMachine (ContainerStateMachine.java:takeSnapshot(285)) - group-1BA2A042ECB8: Taking a snapshot at:(t:3, i:76) file /workdir/hadoop-ozone/tools/target/test-dir/MiniOzoneClusterImpl-b5b77925-1696-4489-9325-55d34611e487/datanode-0/data/ratis/219bbe90-4426-49fc-a8c0-1ba2a042ecb8/sm/snapshot.3_76
2019-11-18 17:56:13,770 [2171c4f4-ae56-4f52-8301-1dd0f7438014@group-1BA2A042ECB8-StateMachineUpdater] INFO  ratis.ContainerStateMachine (ContainerStateMachine.java:takeSnapshot(296)) - group-1BA2A042ECB8: Finished taking a snapshot at:(t:3, i:76) file:/workdir/hadoop-ozone/tools/target/test-dir/MiniOzoneClusterImpl-b5b77925-1696-4489-9325-55d34611e487/datanode-0/data/ratis/219bbe90-4426-49fc-a8c0-1ba2a042ecb8/sm/snapshot.3_76 time:44
2019-11-18 17:56:13,772 [2171c4f4-ae56-4f52-8301-1dd0f7438014@group-1BA2A042ECB8-StateMachineUpdater] INFO  impl.StateMachineUpdater (StateMachineUpdater.java:takeSnapshot(269)) - 2171c4f4-ae56-4f52-8301-1dd0f7438014@group-1BA2A042ECB8-StateMachineUpdater: Took a snapshot at index 76
2019-11-18 17:56:13,773 [2171c4f4-ae56-4f52-8301-1dd0f7438014@group-1BA2A042ECB8-StateMachineUpdater] INFO  impl.StateMachineUpdater (StateMachineUpdater.java:lambda$new$0(84)) - 2171c4f4-ae56-4f52-8301-1dd0f7438014@group-1BA2A042ECB8-StateMachineUpdater: snapshotIndex: updateIncreasingly -1 -> 76
2019-11-18 17:56:13,778 [2171c4f4-ae56-4f52-8301-1dd0f7438014@group-1BA2A042ECB8-StateMachineUpdater] INFO  ratis.ContainerStateMachine (ContainerStateMachine.java:takeSnapshot(285)) - group-1BA2A042ECB8: Taking a snapshot at:(t:3, i:76) file /workdir/hadoop-ozone/tools/target/test-dir/MiniOzoneClusterImpl-b5b77925-1696-4489-9325-55d34611e487/datanode-0/data/ratis/219bbe90-4426-49fc-a8c0-1ba2a042ecb8/sm/snapshot.3_76
2019-11-18 17:56:13,801 [2171c4f4-ae56-4f52-8301-1dd0f7438014@group-1BA2A042ECB8-StateMachineUpdater] INFO  ratis.ContainerStateMachine (ContainerStateMachine.java:takeSnapshot(296)) - group-1BA2A042ECB8: Finished taking a snapshot at:(t:3, i:76) file:/workdir/hadoop-ozone/tools/target/test-dir/MiniOzoneClusterImpl-b5b77925-1696-4489-9325-55d34611e487/datanode-0/data/ratis/219bbe90-4426-49fc-a8c0-1ba2a042ecb8/sm/snapshot.3_76 time:23
2019-11-18 17:56:13,801 [2171c4f4-ae56-4f52-8301-1dd0f7438014@group-1BA2A042ECB8-StateMachineUpdater] INFO  impl.StateMachineUpdater (StateMachineUpdater.java:takeSnapshot(269)) - 2171c4f4-ae56-4f52-8301-1dd0f7438014@group-1BA2A042ECB8-StateMachineUpdater: Took a snapshot at index 76
2019-11-18 17:56:13,801 [2171c4f4-ae56-4f52-8301-1dd0f7438014@group-1BA2A042ECB8-StateMachineUpdater] INFO  impl.StateMachineUpdater (StateMachineUpdater.java:lambda$new$0(84)) - 2171c4f4-ae56-4f52-8301-1dd0f7438014@group-1BA2A042ECB8-StateMachineUpdater: snapshotIndex: updateIncreasingly 76 -> 76
2019-11-18 17:56:13,802 [Command processor thread] INFO  impl.RaftServerImpl (ServerState.java:close(387)) - 2171c4f4-ae56-4f52-8301-1dd0f7438014@group-1BA2A042ECB8: closes. applyIndex: 78
2019-11-18 17:56:13,803 [2171c4f4-ae56-4f52-8301-1dd0f7438014@group-1BA2A042ECB8-SegmentedRaftLogWorker] INFO  segmented.SegmentedRaftLogWorker (SegmentedRaftLogWorker.java:run(316)) - 2171c4f4-ae56-4f52-8301-1dd0f7438014@group-1BA2A042ECB8-SegmentedRaftLogWorker was interrupted, exiting. There are 0 tasks remaining in the queue.
2019-11-18 17:56:13,805 [Command processor thread] INFO  segmented.SegmentedRaftLogWorker (SegmentedRaftLogWorker.java:close(224)) - 2171c4f4-ae56-4f52-8301-1dd0f7438014@group-1BA2A042ECB8-SegmentedRaftLogWorker close()
2019-11-18 17:56:13,846 [Command processor thread] INFO  interfaces.Container (KeyValueContainer.java:flushAndSyncDB(400)) - Container 1 is synced with bcsId 60.
2019-11-18 17:56:13,847 [Command processor thread] INFO  interfaces.Container (KeyValueContainer.java:flushAndSyncDB(400)) - Container 1 is synced with bcsId 60.
2019-11-18 17:56:13,872 [EventQueue-IncrementalContainerReportForIncrementalContainerReportHandler] INFO  container.IncrementalContainerReportHandler (AbstractContainerReportHandler.java:updateContainerState(171)) - Moving container #1 to QUASI_CLOSED state, datanode 2171c4f4-ae56-4f52-8301-1dd0f7438014{ip: 192.168.157.193, host: pr-hdds-2533-gxxrh-3661068771, networkLocation: /default-rack, certSerialId: null} reported QUASI_CLOSED replica.
2019-11-18 17:56:13,905 [Command processor thread] INFO  interfaces.Container (KeyValueContainer.java:flushAndSyncDB(400)) - Container 2 is synced with bcsId 76.
2019-11-18 17:56:13,905 [Command processor thread] INFO  interfaces.Container (KeyValueContainer.java:flushAndSyncDB(400)) - Container 2 is synced with bcsId 76.
 0.00% |?                                                                                                    |  0/1 Time: 0:00:022019-11-18 17:56:13,940 [EventQueue-IncrementalContainerReportForIncrementalContainerReportHandler] INFO  container.IncrementalContainerReportHandler (AbstractContainerReportHandler.java:updateContainerState(171)) - Moving container #2 to QUASI_CLOSED state, datanode 2171c4f4-ae56-4f52-8301-1dd0f7438014{ip: 192.168.157.193, host: pr-hdds-2533-gxxrh-3661068771, networkLocation: /default-rack, certSerialId: null} reported QUASI_CLOSED replica.
2019-11-18 17:56:13,981 [Command processor thread] INFO  interfaces.Container (KeyValueContainer.java:flushAndSyncDB(400)) - Container 3 is synced with bcsId 42.
2019-11-18 17:56:13,981 [Command processor thread] INFO  interfaces.Container (KeyValueContainer.java:flushAndSyncDB(400)) - Container 3 is synced with bcsId 42.
2019-11-18 17:56:14,006 [Command processor thread] INFO  commandhandler.ClosePipelineCommandHandler (ClosePipelineCommandHandler.java:handle(78)) - Close Pipeline #id: "219bbe90-4426-49fc-a8c0-1ba2a042ecb8"
 command on datanode #2171c4f4-ae56-4f52-8301-1dd0f7438014.
2019-11-18 17:56:14,007 [EventQueue-IncrementalContainerReportForIncrementalContainerReportHandler] INFO  container.IncrementalContainerReportHandler (AbstractContainerReportHandler.java:updateContainerState(171)) - Moving container #3 to QUASI_CLOSED state, datanode 2171c4f4-ae56-4f52-8301-1dd0f7438014{ip: 192.168.157.193, host: pr-hdds-2533-gxxrh-3661068771, networkLocation: /default-rack, certSerialId: null} reported QUASI_CLOSED replica.
2019-11-18 17:56:14,008 [Command processor thread] INFO  impl.RaftServerProxy (RaftServerProxy.java:addNew(89)) - 2171c4f4-ae56-4f52-8301-1dd0f7438014: addNew group-05EAC5401459:[f20c60fb-9562-4189-99ad-1d897872d3c9:192.168.157.193:36337, 9d82f33e-10b5-4ace-a17e-9435fc4cd6a3:192.168.157.193:36950, 2171c4f4-ae56-4f52-8301-1dd0f7438014:192.168.157.193:34135] returns group-05EAC5401459:java.util.concurrent.CompletableFuture@d2865a[Not completed]
2019-11-18 17:56:14,010 [pool-27-thread-1] INFO  impl.RaftServerImpl (RaftServerImpl.java:<init>(98)) - 2171c4f4-ae56-4f52-8301-1dd0f7438014: new RaftServerImpl for group-05EAC5401459:[f20c60fb-9562-4189-99ad-1d897872d3c9:192.168.157.193:36337, 9d82f33e-10b5-4ace-a17e-9435fc4cd6a3:192.168.157.193:36950, 2171c4f4-ae56-4f52-8301-1dd0f7438014:192.168.157.193:34135] with ContainerStateMachine:uninitialized
2019-11-18 17:56:14,010 [pool-27-thread-1] INFO  server.RaftServerConfigKeys (ConfUtils.java:logGet(43)) - raft.server.rpc.timeout.min = 5s (custom)
2019-11-18 17:56:14,010 [pool-27-thread-1] INFO  server.RaftServerConfigKeys (ConfUtils.java:logGet(43)) - raft.server.rpc.timeout.max = 5200ms (custom)
2019-11-18 17:56:14,010 [pool-27-thread-1] INFO  server.RaftServerConfigKeys (ConfUtils.java:logGet(43)) - raft.server.rpcslowness.timeout = 120s (custom)
2019-11-18 17:56:14,010 [pool-27-thread-1] INFO  server.RaftServerConfigKeys (ConfUtils.java:logGet(43)) - raft.server.sleep.deviation.threshold = 300 (default)
2019-11-18 17:56:14,010 [pool-27-thread-1] INFO  server.RaftServerConfigKeys (ConfUtils.java:logGet(43)) - raft.server.log.appender.install.snapshot.enabled = false (custom)
2019-11-18 17:56:14,010 [pool-27-thread-1] INFO  impl.RaftServerImpl (ServerState.java:<init>(103)) - 2171c4f4-ae56-4f52-8301-1dd0f7438014@group-05EAC5401459: ConfigurationManager, init=-1: [f20c60fb-9562-4189-99ad-1d897872d3c9:192.168.157.193:36337, 9d82f33e-10b5-4ace-a17e-9435fc4cd6a3:192.168.157.193:36950, 2171c4f4-ae56-4f52-8301-1dd0f7438014:192.168.157.193:34135], old=null, confs=<EMPTY_MAP>
2019-11-18 17:56:14,010 [pool-27-thread-1] INFO  server.RaftServerConfigKeys (ConfUtils.java:logGet(43)) - raft.server.storage.dir = [/workdir/hadoop-ozone/tools/target/test-dir/MiniOzoneClusterImpl-b5b77925-1696-4489-9325-55d34611e487/datanode-0/data/ratis] (custom)
2019-11-18 17:56:14,011 [pool-27-thread-1] INFO  server.RaftServerConfigKeys (ConfUtils.java:logGet(43)) - raft.server.log.corruption.policy = EXCEPTION (default)
2019-11-18 17:56:14,011 [pool-27-thread-1] INFO  storage.RaftStorageDirectory (RaftStorageDirectory.java:analyzeStorage(246)) - The storage directory /workdir/hadoop-ozone/tools/target/test-dir/MiniOzoneClusterImpl-b5b77925-1696-4489-9325-55d34611e487/datanode-0/data/ratis/068a15f8-af97-4cb6-be31-05eac5401459 does not exist. Creating ...
2019-11-18 17:56:14,040 [pool-27-thread-1] INFO  storage.RaftStorageDirectory (RaftStorageDirectory.java:tryLock(328)) - Lock on /workdir/hadoop-ozone/tools/target/test-dir/MiniOzoneClusterImpl-b5b77925-1696-4489-9325-55d34611e487/datanode-0/data/ratis/068a15f8-af97-4cb6-be31-05eac5401459/in_use.lock acquired by nodename 31057@pr-hdds-2533-gxxrh-3661068771
2019-11-18 17:56:14,066 [pool-27-thread-1] INFO  storage.RaftStorage (RaftStorage.java:format(84)) - Storage directory /workdir/hadoop-ozone/tools/target/test-dir/MiniOzoneClusterImpl-b5b77925-1696-4489-9325-55d34611e487/datanode-0/data/ratis/068a15f8-af97-4cb6-be31-05eac5401459 has been successfully formatted.
2019-11-18 17:56:14,066 [pool-27-thread-1] INFO  ratis.ContainerStateMachine (ContainerStateMachine.java:loadSnapshot(223)) - group-05EAC5401459: The snapshot info is null. Setting the last applied indexto:(t:0, i:~)
2019-11-18 17:56:14,067 [pool-27-thread-1] INFO  server.RaftServerConfigKeys (ConfUtils.java:logGet(43)) - raft.server.notification.no-leader.timeout = 120s (custom)
2019-11-18 17:56:14,067 [pool-27-thread-1] INFO  server.RaftServerConfigKeys (ConfUtils.java:logGet(43)) - raft.server.log.use.memory = false (default)
2019-11-18 17:56:14,067 [pool-27-thread-1] INFO  server.RaftServerConfigKeys (ConfUtils.java:logGet(43)) - raft.server.log.purge.gap = 1000000 (custom)
2019-11-18 17:56:14,067 [pool-27-thread-1] INFO  server.RaftServerConfigKeys (ConfUtils.java:logGet(43)) - raft.server.log.appender.buffer.byte-limit = 33554432 (custom)
2019-11-18 17:56:14,067 [pool-27-thread-1] INFO  server.RaftServerConfigKeys (ConfUtils.java:logGet(43)) - raft.server.log.segment.size.max = 1048576 (custom)
2019-11-18 17:56:14,068 [pool-27-thread-1] INFO  server.RaftServerConfigKeys (ConfUtils.java:logGet(43)) - raft.server.log.segment.cache.num.max = 2 (custom)
2019-11-18 17:56:14,068 [pool-27-thread-1] INFO  segmented.SegmentedRaftLogWorker (SegmentedRaftLogWorker.java:<init>(173)) - new 2171c4f4-ae56-4f52-8301-1dd0f7438014@group-05EAC5401459-SegmentedRaftLogWorker for RaftStorage:Storage Directory /workdir/hadoop-ozone/tools/target/test-dir/MiniOzoneClusterImpl-b5b77925-1696-4489-9325-55d34611e487/datanode-0/data/ratis/068a15f8-af97-4cb6-be31-05eac5401459
2019-11-18 17:56:14,068 [pool-27-thread-1] INFO  server.RaftServerConfigKeys (ConfUtils.java:logGet(43)) - raft.server.log.queue.byte-limit = 2147483647 (custom)
2019-11-18 17:56:14,068 [pool-27-thread-1] INFO  server.RaftServerConfigKeys (ConfUtils.java:logGet(43)) - raft.server.log.queue.element-limit = 1024 (custom)
2019-11-18 17:56:14,068 [pool-27-thread-1] INFO  server.RaftServerConfigKeys (ConfUtils.java:logGet(43)) - raft.server.log.segment.size.max = 1048576 (custom)
2019-11-18 17:56:14,068 [pool-27-thread-1] INFO  server.RaftServerConfigKeys (ConfUtils.java:logGet(43)) - raft.server.log.preallocated.size = 16384 (custom)
2019-11-18 17:56:14,068 [pool-27-thread-1] INFO  server.RaftServerConfigKeys (ConfUtils.java:logGet(43)) - raft.server.log.write.buffer.size = 33554432 (custom)
2019-11-18 17:56:14,069 [pool-27-thread-1] INFO  server.RaftServerConfigKeys (ConfUtils.java:logGet(43)) - raft.server.log.force.sync.num = 128 (default)
2019-11-18 17:56:14,069 [pool-27-thread-1] INFO  server.RaftServerConfigKeys (ConfUtils.java:logGet(43)) - raft.server.log.statemachine.data.sync = true (default)
2019-11-18 17:56:14,069 [pool-27-thread-1] INFO  server.RaftServerConfigKeys (ConfUtils.java:logGet(43)) - raft.server.log.statemachine.data.sync.timeout = 10s (default)
2019-11-18 17:56:14,069 [pool-27-thread-1] INFO  server.RaftServerConfigKeys (ConfUtils.java:logGet(43)) - raft.server.log.statemachine.data.sync.timeout.retry = -1 (default)
2019-11-18 17:56:14,069 [pool-27-thread-1] INFO  server.RaftServerConfigKeys (ConfUtils.java:logGet(43)) - raft.server.log.statemachine.data.caching.enabled = true (custom)
2019-11-18 17:56:14,070 [pool-27-thread-1] INFO  segmented.SegmentedRaftLogWorker (SegmentedRaftLogWorker.java:lambda$new$0(128)) - 2171c4f4-ae56-4f52-8301-1dd0f7438014@group-05EAC5401459-SegmentedRaftLogWorker: flushIndex: setUnconditionally 0 -> -1
2019-11-18 17:56:14,070 [pool-27-thread-1] INFO  server.RaftServerConfigKeys (ConfUtils.java:logGet(43)) - raft.server.snapshot.auto.trigger.enabled = true (custom)
2019-11-18 17:56:14,070 [pool-27-thread-1] INFO  server.RaftServerConfigKeys (ConfUtils.java:logGet(43)) - raft.server.snapshot.auto.trigger.threshold = 10000 (custom)
2019-11-18 17:56:14,070 [pool-27-thread-1] INFO  server.RaftServerConfigKeys (ConfUtils.java:logGet(43)) - raft.server.snapshot.retention.file.num = 5 (custom)
2019-11-18 17:56:14,070 [pool-27-thread-1] INFO  server.RaftServerConfigKeys (ConfUtils.java:logGet(43)) - raft.server.retrycache.expirytime = 600000ms (custom)
2019-11-18 17:56:14,071 [pool-27-thread-1] WARN  impl.MetricRegistriesImpl (MetricRegistriesImpl.java:lambda$create$1(61)) - First MetricRegistry has been created without registering reporters. You may need to call MetricRegistries.global().addReportRegistration(...) before.
2019-11-18 17:56:14,071 [pool-27-thread-1] WARN  impl.MetricRegistriesImpl (MetricRegistriesImpl.java:lambda$create$1(61)) - First MetricRegistry has been created without registering reporters. You may need to call MetricRegistries.global().addReportRegistration(...) before.
2019-11-18 17:56:14,071 [pool-27-thread-1] INFO  impl.RaftServerImpl (RaftServerImpl.java:start(184)) - 2171c4f4-ae56-4f52-8301-1dd0f7438014@group-05EAC5401459: start as a follower, conf=-1: [f20c60fb-9562-4189-99ad-1d897872d3c9:192.168.157.193:36337, 9d82f33e-10b5-4ace-a17e-9435fc4cd6a3:192.168.157.193:36950, 2171c4f4-ae56-4f52-8301-1dd0f7438014:192.168.157.193:34135], old=null
2019-11-18 17:56:14,071 [pool-27-thread-1] INFO  impl.RaftServerImpl (RaftServerImpl.java:setRole(173)) - 2171c4f4-ae56-4f52-8301-1dd0f7438014@group-05EAC5401459: changes role from      null to FOLLOWER at term 0 for startAsFollower
2019-11-18 17:56:14,071 [pool-27-thread-1] INFO  impl.RoleInfo (RoleInfo.java:updateAndGet(143)) - 2171c4f4-ae56-4f52-8301-1dd0f7438014: start FollowerState
2019-11-18 17:56:14,072 [pool-27-thread-1] INFO  util.JmxRegister (JmxRegister.java:tryRegister(44)) - Successfully registered JMX Bean with object name Ratis:service=RaftServer,group=group-05EAC5401459,id=2171c4f4-ae56-4f52-8301-1dd0f7438014
2019-11-18 17:56:14,072 [pool-27-thread-1] WARN  impl.MetricRegistriesImpl (MetricRegistriesImpl.java:lambda$create$1(61)) - First MetricRegistry has been created without registering reporters. You may need to call MetricRegistries.global().addReportRegistration(...) before.
2019-11-18 17:56:14,073 [Command processor thread] INFO  commandhandler.CreatePipelineCommandHandler (CreatePipelineCommandHandler.java:handle(86)) - Create Pipeline RATIS THREE #id: "068a15f8-af97-4cb6-be31-05eac5401459"
 command succeed on datanode 2171c4f4-ae56-4f52-8301-1dd0f7438014.
2019-11-18 17:56:14,074 [EventQueue-PipelineReportForPipelineReportHandler] INFO  pipeline.PipelineReportHandler (PipelineReportHandler.java:processPipelineReport(113)) - Pipeline THREE PipelineID=068a15f8-af97-4cb6-be31-05eac5401459 reported by 2171c4f4-ae56-4f52-8301-1dd0f7438014{ip: 192.168.157.193, host: pr-hdds-2533-gxxrh-3661068771, networkLocation: /default-rack, certSerialId: null}
2019-11-18 17:56:14,722 [Command processor thread] INFO  impl.RaftServerProxy (RaftServerProxy.java:remove(95)) - f20c60fb-9562-4189-99ad-1d897872d3c9: remove    LEADER f20c60fb-9562-4189-99ad-1d897872d3c9@group-1BA2A042ECB8:t3, leader=f20c60fb-9562-4189-99ad-1d897872d3c9, voted=f20c60fb-9562-4189-99ad-1d897872d3c9, raftlog=f20c60fb-9562-4189-99ad-1d897872d3c9@group-1BA2A042ECB8-SegmentedRaftLog:OPENED:c78,f78,i78, conf=0: [f20c60fb-9562-4189-99ad-1d897872d3c9:192.168.157.193:36337, 9d82f33e-10b5-4ace-a17e-9435fc4cd6a3:192.168.157.193:36950, 2171c4f4-ae56-4f52-8301-1dd0f7438014:192.168.157.193:34135], old=null RUNNING
2019-11-18 17:56:14,722 [Command processor thread] INFO  impl.RaftServerProxy (RaftServerProxy.java:remove(95)) - 9d82f33e-10b5-4ace-a17e-9435fc4cd6a3: remove  FOLLOWER 9d82f33e-10b5-4ace-a17e-9435fc4cd6a3@group-1BA2A042ECB8:t3, leader=f20c60fb-9562-4189-99ad-1d897872d3c9, voted=f20c60fb-9562-4189-99ad-1d897872d3c9, raftlog=9d82f33e-10b5-4ace-a17e-9435fc4cd6a3@group-1BA2A042ECB8-SegmentedRaftLog:OPENED:c78,f78,i78, conf=0: [f20c60fb-9562-4189-99ad-1d897872d3c9:192.168.157.193:36337, 9d82f33e-10b5-4ace-a17e-9435fc4cd6a3:192.168.157.193:36950, 2171c4f4-ae56-4f52-8301-1dd0f7438014:192.168.157.193:34135], old=null RUNNING
2019-11-18 17:56:14,723 [Command processor thread] INFO  impl.RaftServerImpl (RaftServerImpl.java:lambda$shutdown$3(250)) - f20c60fb-9562-4189-99ad-1d897872d3c9@group-1BA2A042ECB8: shutdown
2019-11-18 17:56:14,724 [Command processor thread] INFO  impl.RaftServerImpl (RaftServerImpl.java:lambda$shutdown$3(250)) - 9d82f33e-10b5-4ace-a17e-9435fc4cd6a3@group-1BA2A042ECB8: shutdown
2019-11-18 17:56:14,725 [Command processor thread] INFO  util.JmxRegister (JmxRegister.java:unregister(73)) - Successfully un-registered JMX Bean with object name Ratis:service=RaftServer,group=group-1BA2A042ECB8,id=f20c60fb-9562-4189-99ad-1d897872d3c9
2019-11-18 17:56:14,725 [Command processor thread] INFO  util.JmxRegister (JmxRegister.java:unregister(73)) - Successfully un-registered JMX Bean with object name Ratis:service=RaftServer,group=group-1BA2A042ECB8,id=9d82f33e-10b5-4ace-a17e-9435fc4cd6a3
2019-11-18 17:56:14,725 [Command processor thread] INFO  impl.RoleInfo (RoleInfo.java:shutdownLeaderState(104)) - f20c60fb-9562-4189-99ad-1d897872d3c9: shutdown LeaderState
2019-11-18 17:56:14,726 [Command processor thread] INFO  impl.RoleInfo (RoleInfo.java:shutdownFollowerState(121)) - 9d82f33e-10b5-4ace-a17e-9435fc4cd6a3: shutdown FollowerState
2019-11-18 17:56:14,726 [Command processor thread] INFO  impl.StateMachineUpdater (StateMachineUpdater.java:stopAndJoin(136)) - 9d82f33e-10b5-4ace-a17e-9435fc4cd6a3@group-1BA2A042ECB8-StateMachineUpdater: set stopIndex = 78
2019-11-18 17:56:14,726 [9d82f33e-10b5-4ace-a17e-9435fc4cd6a3@group-1BA2A042ECB8-StateMachineUpdater] INFO  ratis.ContainerStateMachine (ContainerStateMachine.java:takeSnapshot(285)) - group-1BA2A042ECB8: Taking a snapshot at:(t:3, i:76) file /workdir/hadoop-ozone/tools/target/test-dir/MiniOzoneClusterImpl-b5b77925-1696-4489-9325-55d34611e487/datanode-2/data/ratis/219bbe90-4426-49fc-a8c0-1ba2a042ecb8/sm/snapshot.3_76
2019-11-18 17:56:14,726 [Thread-225] INFO  impl.FollowerState (FollowerState.java:run(120)) - 9d82f33e-10b5-4ace-a17e-9435fc4cd6a3@group-1BA2A042ECB8-FollowerState was interrupted: java.lang.InterruptedException: sleep interrupted
2019-11-18 17:56:14,728 [org.apache.ratis.server.impl.LogAppender$AppenderDaemon$$Lambda$503/486113972@48e1c7c] WARN  server.GrpcLogAppender (GrpcLogAppender.java:mayWait(151)) - f20c60fb-9562-4189-99ad-1d897872d3c9@group-1BA2A042ECB8->9d82f33e-10b5-4ace-a17e-9435fc4cd6a3-GrpcLogAppender: Wait interrupted by java.lang.InterruptedException
2019-11-18 17:56:14,729 [org.apache.ratis.server.impl.LogAppender$AppenderDaemon$$Lambda$503/486113972@56035459] WARN  server.GrpcLogAppender (GrpcLogAppender.java:mayWait(151)) - f20c60fb-9562-4189-99ad-1d897872d3c9@group-1BA2A042ECB8->2171c4f4-ae56-4f52-8301-1dd0f7438014-GrpcLogAppender: Wait interrupted by java.lang.InterruptedException
2019-11-18 17:56:14,730 [Command processor thread] INFO  impl.PendingRequests (PendingRequests.java:sendNotLeaderResponses(206)) - f20c60fb-9562-4189-99ad-1d897872d3c9@group-1BA2A042ECB8-PendingRequests: sendNotLeaderResponses
2019-11-18 17:56:14,735 [Command processor thread] INFO  impl.StateMachineUpdater (StateMachineUpdater.java:stopAndJoin(136)) - f20c60fb-9562-4189-99ad-1d897872d3c9@group-1BA2A042ECB8-StateMachineUpdater: set stopIndex = 78
2019-11-18 17:56:14,735 [f20c60fb-9562-4189-99ad-1d897872d3c9@group-1BA2A042ECB8-StateMachineUpdater] INFO  ratis.ContainerStateMachine (ContainerStateMachine.java:takeSnapshot(285)) - group-1BA2A042ECB8: Taking a snapshot at:(t:3, i:76) file /workdir/hadoop-ozone/tools/target/test-dir/MiniOzoneClusterImpl-b5b77925-1696-4489-9325-55d34611e487/datanode-1/data/ratis/219bbe90-4426-49fc-a8c0-1ba2a042ecb8/sm/snapshot.3_76
2019-11-18 17:56:14,735 [grpc-default-executor-0] INFO  server.GrpcServerProtocolService (GrpcServerProtocolService.java:onCompleted(113)) - 2171c4f4-ae56-4f52-8301-1dd0f7438014: Completed APPEND_ENTRIES, lastRequest: f20c60fb-9562-4189-99ad-1d897872d3c9->2171c4f4-ae56-4f52-8301-1dd0f7438014#82-t3, previous=(t:3, i:78), leaderCommit=78, initializing? false, entries: <empty>
2019-11-18 17:56:14,735 [grpc-default-executor-5] INFO  server.GrpcServerProtocolService (GrpcServerProtocolService.java:onCompleted(113)) - 9d82f33e-10b5-4ace-a17e-9435fc4cd6a3: Completed APPEND_ENTRIES, lastRequest: f20c60fb-9562-4189-99ad-1d897872d3c9->9d82f33e-10b5-4ace-a17e-9435fc4cd6a3#82-t3, previous=(t:3, i:78), leaderCommit=78, initializing? false, entries: <empty>
2019-11-18 17:56:14,737 [grpc-default-executor-0] INFO  server.GrpcLogAppender (GrpcLogAppender.java:onCompleted(308)) - f20c60fb-9562-4189-99ad-1d897872d3c9@group-1BA2A042ECB8->2171c4f4-ae56-4f52-8301-1dd0f7438014-AppendLogResponseHandler: follower responses appendEntries COMPLETED
2019-11-18 17:56:14,737 [grpc-default-executor-5] INFO  server.GrpcLogAppender (GrpcLogAppender.java:onCompleted(308)) - f20c60fb-9562-4189-99ad-1d897872d3c9@group-1BA2A042ECB8->9d82f33e-10b5-4ace-a17e-9435fc4cd6a3-AppendLogResponseHandler: follower responses appendEntries COMPLETED
2019-11-18 17:56:14,744 [grpc-default-executor-5] INFO  impl.FollowerInfo (FollowerInfo.java:lambda$new$0(51)) - f20c60fb-9562-4189-99ad-1d897872d3c9@group-1BA2A042ECB8->9d82f33e-10b5-4ace-a17e-9435fc4cd6a3: nextIndex: updateUnconditionally 79 -> 78
2019-11-18 17:56:14,744 [grpc-default-executor-0] INFO  impl.FollowerInfo (FollowerInfo.java:lambda$new$0(51)) - f20c60fb-9562-4189-99ad-1d897872d3c9@group-1BA2A042ECB8->2171c4f4-ae56-4f52-8301-1dd0f7438014: nextIndex: updateUnconditionally 79 -> 78
2019-11-18 17:56:14,761 [f20c60fb-9562-4189-99ad-1d897872d3c9@group-1BA2A042ECB8-StateMachineUpdater] INFO  ratis.ContainerStateMachine (ContainerStateMachine.java:takeSnapshot(296)) - group-1BA2A042ECB8: Finished taking a snapshot at:(t:3, i:76) file:/workdir/hadoop-ozone/tools/target/test-dir/MiniOzoneClusterImpl-b5b77925-1696-4489-9325-55d34611e487/datanode-1/data/ratis/219bbe90-4426-49fc-a8c0-1ba2a042ecb8/sm/snapshot.3_76 time:27
2019-11-18 17:56:14,762 [f20c60fb-9562-4189-99ad-1d897872d3c9@group-1BA2A042ECB8-StateMachineUpdater] INFO  impl.StateMachineUpdater (StateMachineUpdater.java:takeSnapshot(269)) - f20c60fb-9562-4189-99ad-1d897872d3c9@group-1BA2A042ECB8-StateMachineUpdater: Took a snapshot at index 76
2019-11-18 17:56:14,762 [f20c60fb-9562-4189-99ad-1d897872d3c9@group-1BA2A042ECB8-StateMachineUpdater] INFO  impl.StateMachineUpdater (StateMachineUpdater.java:lambda$new$0(84)) - f20c60fb-9562-4189-99ad-1d897872d3c9@group-1BA2A042ECB8-StateMachineUpdater: snapshotIndex: updateIncreasingly -1 -> 76
2019-11-18 17:56:14,762 [f20c60fb-9562-4189-99ad-1d897872d3c9@group-1BA2A042ECB8-StateMachineUpdater] INFO  ratis.ContainerStateMachine (ContainerStateMachine.java:takeSnapshot(285)) - group-1BA2A042ECB8: Taking a snapshot at:(t:3, i:76) file /workdir/hadoop-ozone/tools/target/test-dir/MiniOzoneClusterImpl-b5b77925-1696-4489-9325-55d34611e487/datanode-1/data/ratis/219bbe90-4426-49fc-a8c0-1ba2a042ecb8/sm/snapshot.3_76
2019-11-18 17:56:14,763 [9d82f33e-10b5-4ace-a17e-9435fc4cd6a3@group-1BA2A042ECB8-StateMachineUpdater] INFO  ratis.ContainerStateMachine (ContainerStateMachine.java:takeSnapshot(296)) - group-1BA2A042ECB8: Finished taking a snapshot at:(t:3, i:76) file:/workdir/hadoop-ozone/tools/target/test-dir/MiniOzoneClusterImpl-b5b77925-1696-4489-9325-55d34611e487/datanode-2/data/ratis/219bbe90-4426-49fc-a8c0-1ba2a042ecb8/sm/snapshot.3_76 time:36
2019-11-18 17:56:14,763 [9d82f33e-10b5-4ace-a17e-9435fc4cd6a3@group-1BA2A042ECB8-StateMachineUpdater] INFO  impl.StateMachineUpdater (StateMachineUpdater.java:takeSnapshot(269)) - 9d82f33e-10b5-4ace-a17e-9435fc4cd6a3@group-1BA2A042ECB8-StateMachineUpdater: Took a snapshot at index 76
2019-11-18 17:56:14,763 [9d82f33e-10b5-4ace-a17e-9435fc4cd6a3@group-1BA2A042ECB8-StateMachineUpdater] INFO  impl.StateMachineUpdater (StateMachineUpdater.java:lambda$new$0(84)) - 9d82f33e-10b5-4ace-a17e-9435fc4cd6a3@group-1BA2A042ECB8-StateMachineUpdater: snapshotIndex: updateIncreasingly -1 -> 76
2019-11-18 17:56:14,764 [9d82f33e-10b5-4ace-a17e-9435fc4cd6a3@group-1BA2A042ECB8-StateMachineUpdater] INFO  ratis.ContainerStateMachine (ContainerStateMachine.java:takeSnapshot(285)) - group-1BA2A042ECB8: Taking a snapshot at:(t:3, i:76) file /workdir/hadoop-ozone/tools/target/test-dir/MiniOzoneClusterImpl-b5b77925-1696-4489-9325-55d34611e487/datanode-2/data/ratis/219bbe90-4426-49fc-a8c0-1ba2a042ecb8/sm/snapshot.3_76
2019-11-18 17:56:14,784 [9d82f33e-10b5-4ace-a17e-9435fc4cd6a3@group-1BA2A042ECB8-StateMachineUpdater] INFO  ratis.ContainerStateMachine (ContainerStateMachine.java:takeSnapshot(296)) - group-1BA2A042ECB8: Finished taking a snapshot at:(t:3, i:76) file:/workdir/hadoop-ozone/tools/target/test-dir/MiniOzoneClusterImpl-b5b77925-1696-4489-9325-55d34611e487/datanode-2/data/ratis/219bbe90-4426-49fc-a8c0-1ba2a042ecb8/sm/snapshot.3_76 time:20
2019-11-18 17:56:14,784 [f20c60fb-9562-4189-99ad-1d897872d3c9@group-1BA2A042ECB8-StateMachineUpdater] INFO  ratis.ContainerStateMachine (ContainerStateMachine.java:takeSnapshot(296)) - group-1BA2A042ECB8: Finished taking a snapshot at:(t:3, i:76) file:/workdir/hadoop-ozone/tools/target/test-dir/MiniOzoneClusterImpl-b5b77925-1696-4489-9325-55d34611e487/datanode-1/data/ratis/219bbe90-4426-49fc-a8c0-1ba2a042ecb8/sm/snapshot.3_76 time:21
2019-11-18 17:56:14,784 [9d82f33e-10b5-4ace-a17e-9435fc4cd6a3@group-1BA2A042ECB8-StateMachineUpdater] INFO  impl.StateMachineUpdater (StateMachineUpdater.java:takeSnapshot(269)) - 9d82f33e-10b5-4ace-a17e-9435fc4cd6a3@group-1BA2A042ECB8-StateMachineUpdater: Took a snapshot at index 76
2019-11-18 17:56:14,784 [f20c60fb-9562-4189-99ad-1d897872d3c9@group-1BA2A042ECB8-StateMachineUpdater] INFO  impl.StateMachineUpdater (StateMachineUpdater.java:takeSnapshot(269)) - f20c60fb-9562-4189-99ad-1d897872d3c9@group-1BA2A042ECB8-StateMachineUpdater: Took a snapshot at index 76
2019-11-18 17:56:14,784 [9d82f33e-10b5-4ace-a17e-9435fc4cd6a3@group-1BA2A042ECB8-StateMachineUpdater] INFO  impl.StateMachineUpdater (StateMachineUpdater.java:lambda$new$0(84)) - 9d82f33e-10b5-4ace-a17e-9435fc4cd6a3@group-1BA2A042ECB8-StateMachineUpdater: snapshotIndex: updateIncreasingly 76 -> 76
2019-11-18 17:56:14,784 [f20c60fb-9562-4189-99ad-1d897872d3c9@group-1BA2A042ECB8-StateMachineUpdater] INFO  impl.StateMachineUpdater (StateMachineUpdater.java:lambda$new$0(84)) - f20c60fb-9562-4189-99ad-1d897872d3c9@group-1BA2A042ECB8-StateMachineUpdater: snapshotIndex: updateIncreasingly 76 -> 76
2019-11-18 17:56:14,785 [Command processor thread] INFO  impl.RaftServerImpl (ServerState.java:close(387)) - f20c60fb-9562-4189-99ad-1d897872d3c9@group-1BA2A042ECB8: closes. applyIndex: 78
2019-11-18 17:56:14,785 [Command processor thread] INFO  impl.RaftServerImpl (ServerState.java:close(387)) - 9d82f33e-10b5-4ace-a17e-9435fc4cd6a3@group-1BA2A042ECB8: closes. applyIndex: 78
2019-11-18 17:56:14,785 [f20c60fb-9562-4189-99ad-1d897872d3c9@group-1BA2A042ECB8-SegmentedRaftLogWorker] INFO  segmented.SegmentedRaftLogWorker (SegmentedRaftLogWorker.java:run(316)) - f20c60fb-9562-4189-99ad-1d897872d3c9@group-1BA2A042ECB8-SegmentedRaftLogWorker was interrupted, exiting. There are 0 tasks remaining in the queue.
2019-11-18 17:56:14,786 [9d82f33e-10b5-4ace-a17e-9435fc4cd6a3@group-1BA2A042ECB8-SegmentedRaftLogWorker] INFO  segmented.SegmentedRaftLogWorker (SegmentedRaftLogWorker.java:run(316)) - 9d82f33e-10b5-4ace-a17e-9435fc4cd6a3@group-1BA2A042ECB8-SegmentedRaftLogWorker was interrupted, exiting. There are 0 tasks remaining in the queue.
2019-11-18 17:56:14,787 [Command processor thread] INFO  segmented.SegmentedRaftLogWorker (SegmentedRaftLogWorker.java:close(224)) - f20c60fb-9562-4189-99ad-1d897872d3c9@group-1BA2A042ECB8-SegmentedRaftLogWorker close()
2019-11-18 17:56:14,789 [Command processor thread] INFO  segmented.SegmentedRaftLogWorker (SegmentedRaftLogWorker.java:close(224)) - 9d82f33e-10b5-4ace-a17e-9435fc4cd6a3@group-1BA2A042ECB8-SegmentedRaftLogWorker close()
2019-11-18 17:56:14,835 [Command processor thread] INFO  interfaces.Container (KeyValueContainer.java:flushAndSyncDB(400)) - Container 1 is synced with bcsId 60.
2019-11-18 17:56:14,835 [Command processor thread] INFO  interfaces.Container (KeyValueContainer.java:flushAndSyncDB(400)) - Container 1 is synced with bcsId 60.
2019-11-18 17:56:14,836 [Command processor thread] INFO  interfaces.Container (KeyValueContainer.java:flushAndSyncDB(400)) - Container 1 is synced with bcsId 60.
2019-11-18 17:56:14,836 [Command processor thread] INFO  interfaces.Container (KeyValueContainer.java:flushAndSyncDB(400)) - Container 1 is synced with bcsId 60.
 0.00% |?                                                                                                    |  0/1 Time: 0:00:032019-11-18 17:56:15,253 [Command processor thread] INFO  interfaces.Container (KeyValueContainer.java:flushAndSyncDB(400)) - Container 2 is synced with bcsId 76.
2019-11-18 17:56:15,253 [Command processor thread] INFO  interfaces.Container (KeyValueContainer.java:flushAndSyncDB(400)) - Container 2 is synced with bcsId 76.
2019-11-18 17:56:15,253 [Command processor thread] INFO  interfaces.Container (KeyValueContainer.java:flushAndSyncDB(400)) - Container 2 is synced with bcsId 76.
2019-11-18 17:56:15,253 [Command processor thread] INFO  interfaces.Container (KeyValueContainer.java:flushAndSyncDB(400)) - Container 2 is synced with bcsId 76.
2019-11-18 17:56:15,329 [Command processor thread] INFO  interfaces.Container (KeyValueContainer.java:flushAndSyncDB(400)) - Container 3 is synced with bcsId 42.
2019-11-18 17:56:15,329 [Command processor thread] INFO  interfaces.Container (KeyValueContainer.java:flushAndSyncDB(400)) - Container 3 is synced with bcsId 42.
2019-11-18 17:56:15,329 [Command processor thread] INFO  interfaces.Container (KeyValueContainer.java:flushAndSyncDB(400)) - Container 3 is synced with bcsId 42.
2019-11-18 17:56:15,330 [Command processor thread] INFO  interfaces.Container (KeyValueContainer.java:flushAndSyncDB(400)) - Container 3 is synced with bcsId 42.
2019-11-18 17:56:15,355 [Command processor thread] INFO  commandhandler.ClosePipelineCommandHandler (ClosePipelineCommandHandler.java:handle(78)) - Close Pipeline #id: "219bbe90-4426-49fc-a8c0-1ba2a042ecb8"
 command on datanode #f20c60fb-9562-4189-99ad-1d897872d3c9.
2019-11-18 17:56:15,355 [Command processor thread] INFO  commandhandler.ClosePipelineCommandHandler (ClosePipelineCommandHandler.java:handle(78)) - Close Pipeline #id: "219bbe90-4426-49fc-a8c0-1ba2a042ecb8"
 command on datanode #9d82f33e-10b5-4ace-a17e-9435fc4cd6a3.
2019-11-18 17:56:15,357 [Command processor thread] INFO  impl.RaftServerProxy (RaftServerProxy.java:addNew(89)) - f20c60fb-9562-4189-99ad-1d897872d3c9: addNew group-05EAC5401459:[f20c60fb-9562-4189-99ad-1d897872d3c9:192.168.157.193:36337, 9d82f33e-10b5-4ace-a17e-9435fc4cd6a3:192.168.157.193:36950, 2171c4f4-ae56-4f52-8301-1dd0f7438014:192.168.157.193:34135] returns group-05EAC5401459:java.util.concurrent.CompletableFuture@56411e86[Not completed]
2019-11-18 17:56:15,357 [Command processor thread] INFO  impl.RaftServerProxy (RaftServerProxy.java:addNew(89)) - 9d82f33e-10b5-4ace-a17e-9435fc4cd6a3: addNew group-05EAC5401459:[f20c60fb-9562-4189-99ad-1d897872d3c9:192.168.157.193:36337, 9d82f33e-10b5-4ace-a17e-9435fc4cd6a3:192.168.157.193:36950, 2171c4f4-ae56-4f52-8301-1dd0f7438014:192.168.157.193:34135] returns group-05EAC5401459:java.util.concurrent.CompletableFuture@44d3fcd2[Not completed]
2019-11-18 17:56:15,361 [pool-37-thread-1] INFO  impl.RaftServerImpl (RaftServerImpl.java:<init>(98)) - f20c60fb-9562-4189-99ad-1d897872d3c9: new RaftServerImpl for group-05EAC5401459:[f20c60fb-9562-4189-99ad-1d897872d3c9:192.168.157.193:36337, 9d82f33e-10b5-4ace-a17e-9435fc4cd6a3:192.168.157.193:36950, 2171c4f4-ae56-4f52-8301-1dd0f7438014:192.168.157.193:34135] with ContainerStateMachine:uninitialized
2019-11-18 17:56:15,361 [pool-37-thread-1] INFO  server.RaftServerConfigKeys (ConfUtils.java:logGet(43)) - raft.server.rpc.timeout.min = 5s (custom)
2019-11-18 17:56:15,361 [pool-37-thread-1] INFO  server.RaftServerConfigKeys (ConfUtils.java:logGet(43)) - raft.server.rpc.timeout.max = 5200ms (custom)
2019-11-18 17:56:15,361 [pool-37-thread-1] INFO  server.RaftServerConfigKeys (ConfUtils.java:logGet(43)) - raft.server.rpcslowness.timeout = 120s (custom)
2019-11-18 17:56:15,361 [pool-37-thread-1] INFO  server.RaftServerConfigKeys (ConfUtils.java:logGet(43)) - raft.server.sleep.deviation.threshold = 300 (default)
2019-11-18 17:56:15,362 [pool-37-thread-1] INFO  server.RaftServerConfigKeys (ConfUtils.java:logGet(43)) - raft.server.log.appender.install.snapshot.enabled = false (custom)
2019-11-18 17:56:15,362 [pool-37-thread-1] INFO  impl.RaftServerImpl (ServerState.java:<init>(103)) - f20c60fb-9562-4189-99ad-1d897872d3c9@group-05EAC5401459: ConfigurationManager, init=-1: [f20c60fb-9562-4189-99ad-1d897872d3c9:192.168.157.193:36337, 9d82f33e-10b5-4ace-a17e-9435fc4cd6a3:192.168.157.193:36950, 2171c4f4-ae56-4f52-8301-1dd0f7438014:192.168.157.193:34135], old=null, confs=<EMPTY_MAP>
2019-11-18 17:56:15,362 [pool-47-thread-1] INFO  impl.RaftServerImpl (RaftServerImpl.java:<init>(98)) - 9d82f33e-10b5-4ace-a17e-9435fc4cd6a3: new RaftServerImpl for group-05EAC5401459:[f20c60fb-9562-4189-99ad-1d897872d3c9:192.168.157.193:36337, 9d82f33e-10b5-4ace-a17e-9435fc4cd6a3:192.168.157.193:36950, 2171c4f4-ae56-4f52-8301-1dd0f7438014:192.168.157.193:34135] with ContainerStateMachine:uninitialized
2019-11-18 17:56:15,362 [pool-37-thread-1] INFO  server.RaftServerConfigKeys (ConfUtils.java:logGet(43)) - raft.server.storage.dir = [/workdir/hadoop-ozone/tools/target/test-dir/MiniOzoneClusterImpl-b5b77925-1696-4489-9325-55d34611e487/datanode-1/data/ratis] (custom)
2019-11-18 17:56:15,362 [pool-47-thread-1] INFO  server.RaftServerConfigKeys (ConfUtils.java:logGet(43)) - raft.server.rpc.timeout.min = 5s (custom)
2019-11-18 17:56:15,362 [pool-47-thread-1] INFO  server.RaftServerConfigKeys (ConfUtils.java:logGet(43)) - raft.server.rpc.timeout.max = 5200ms (custom)
2019-11-18 17:56:15,362 [pool-37-thread-1] INFO  server.RaftServerConfigKeys (ConfUtils.java:logGet(43)) - raft.server.log.corruption.policy = EXCEPTION (default)
2019-11-18 17:56:15,363 [pool-47-thread-1] INFO  server.RaftServerConfigKeys (ConfUtils.java:logGet(43)) - raft.server.rpcslowness.timeout = 120s (custom)
2019-11-18 17:56:15,363 [pool-37-thread-1] INFO  storage.RaftStorageDirectory (RaftStorageDirectory.java:analyzeStorage(246)) - The storage directory /workdir/hadoop-ozone/tools/target/test-dir/MiniOzoneClusterImpl-b5b77925-1696-4489-9325-55d34611e487/datanode-1/data/ratis/068a15f8-af97-4cb6-be31-05eac5401459 does not exist. Creating ...
2019-11-18 17:56:15,363 [pool-47-thread-1] INFO  server.RaftServerConfigKeys (ConfUtils.java:logGet(43)) - raft.server.sleep.deviation.threshold = 300 (default)
2019-11-18 17:56:15,363 [pool-47-thread-1] INFO  server.RaftServerConfigKeys (ConfUtils.java:logGet(43)) - raft.server.log.appender.install.snapshot.enabled = false (custom)
2019-11-18 17:56:15,363 [pool-47-thread-1] INFO  impl.RaftServerImpl (ServerState.java:<init>(103)) - 9d82f33e-10b5-4ace-a17e-9435fc4cd6a3@group-05EAC5401459: ConfigurationManager, init=-1: [f20c60fb-9562-4189-99ad-1d897872d3c9:192.168.157.193:36337, 9d82f33e-10b5-4ace-a17e-9435fc4cd6a3:192.168.157.193:36950, 2171c4f4-ae56-4f52-8301-1dd0f7438014:192.168.157.193:34135], old=null, confs=<EMPTY_MAP>
2019-11-18 17:56:15,364 [pool-47-thread-1] INFO  server.RaftServerConfigKeys (ConfUtils.java:logGet(43)) - raft.server.storage.dir = [/workdir/hadoop-ozone/tools/target/test-dir/MiniOzoneClusterImpl-b5b77925-1696-4489-9325-55d34611e487/datanode-2/data/ratis] (custom)
2019-11-18 17:56:15,364 [pool-47-thread-1] INFO  server.RaftServerConfigKeys (ConfUtils.java:logGet(43)) - raft.server.log.corruption.policy = EXCEPTION (default)
2019-11-18 17:56:15,364 [pool-47-thread-1] INFO  storage.RaftStorageDirectory (RaftStorageDirectory.java:analyzeStorage(246)) - The storage directory /workdir/hadoop-ozone/tools/target/test-dir/MiniOzoneClusterImpl-b5b77925-1696-4489-9325-55d34611e487/datanode-2/data/ratis/068a15f8-af97-4cb6-be31-05eac5401459 does not exist. Creating ...
2019-11-18 17:56:15,389 [pool-37-thread-1] INFO  storage.RaftStorageDirectory (RaftStorageDirectory.java:tryLock(328)) - Lock on /workdir/hadoop-ozone/tools/target/test-dir/MiniOzoneClusterImpl-b5b77925-1696-4489-9325-55d34611e487/datanode-1/data/ratis/068a15f8-af97-4cb6-be31-05eac5401459/in_use.lock acquired by nodename 31057@pr-hdds-2533-gxxrh-3661068771
2019-11-18 17:56:15,389 [pool-47-thread-1] INFO  storage.RaftStorageDirectory (RaftStorageDirectory.java:tryLock(328)) - Lock on /workdir/hadoop-ozone/tools/target/test-dir/MiniOzoneClusterImpl-b5b77925-1696-4489-9325-55d34611e487/datanode-2/data/ratis/068a15f8-af97-4cb6-be31-05eac5401459/in_use.lock acquired by nodename 31057@pr-hdds-2533-gxxrh-3661068771
2019-11-18 17:56:15,414 [pool-47-thread-1] INFO  storage.RaftStorage (RaftStorage.java:format(84)) - Storage directory /workdir/hadoop-ozone/tools/target/test-dir/MiniOzoneClusterImpl-b5b77925-1696-4489-9325-55d34611e487/datanode-2/data/ratis/068a15f8-af97-4cb6-be31-05eac5401459 has been successfully formatted.
2019-11-18 17:56:15,414 [pool-37-thread-1] INFO  storage.RaftStorage (RaftStorage.java:format(84)) - Storage directory /workdir/hadoop-ozone/tools/target/test-dir/MiniOzoneClusterImpl-b5b77925-1696-4489-9325-55d34611e487/datanode-1/data/ratis/068a15f8-af97-4cb6-be31-05eac5401459 has been successfully formatted.
2019-11-18 17:56:15,414 [pool-47-thread-1] INFO  ratis.ContainerStateMachine (ContainerStateMachine.java:loadSnapshot(223)) - group-05EAC5401459: The snapshot info is null. Setting the last applied indexto:(t:0, i:~)
2019-11-18 17:56:15,415 [pool-37-thread-1] INFO  ratis.ContainerStateMachine (ContainerStateMachine.java:loadSnapshot(223)) - group-05EAC5401459: The snapshot info is null. Setting the last applied indexto:(t:0, i:~)
2019-11-18 17:56:15,415 [pool-47-thread-1] INFO  server.RaftServerConfigKeys (ConfUtils.java:logGet(43)) - raft.server.notification.no-leader.timeout = 120s (custom)
2019-11-18 17:56:15,415 [pool-37-thread-1] INFO  server.RaftServerConfigKeys (ConfUtils.java:logGet(43)) - raft.server.notification.no-leader.timeout = 120s (custom)
2019-11-18 17:56:15,415 [pool-47-thread-1] INFO  server.RaftServerConfigKeys (ConfUtils.java:logGet(43)) - raft.server.log.use.memory = false (default)
2019-11-18 17:56:15,415 [pool-37-thread-1] INFO  server.RaftServerConfigKeys (ConfUtils.java:logGet(43)) - raft.server.log.use.memory = false (default)
2019-11-18 17:56:15,415 [pool-47-thread-1] INFO  server.RaftServerConfigKeys (ConfUtils.java:logGet(43)) - raft.server.log.purge.gap = 1000000 (custom)
2019-11-18 17:56:15,415 [pool-37-thread-1] INFO  server.RaftServerConfigKeys (ConfUtils.java:logGet(43)) - raft.server.log.purge.gap = 1000000 (custom)
2019-11-18 17:56:15,416 [pool-47-thread-1] INFO  server.RaftServerConfigKeys (ConfUtils.java:logGet(43)) - raft.server.log.appender.buffer.byte-limit = 33554432 (custom)
2019-11-18 17:56:15,416 [pool-37-thread-1] INFO  server.RaftServerConfigKeys (ConfUtils.java:logGet(43)) - raft.server.log.appender.buffer.byte-limit = 33554432 (custom)
2019-11-18 17:56:15,416 [pool-47-thread-1] INFO  server.RaftServerConfigKeys (ConfUtils.java:logGet(43)) - raft.server.log.segment.size.max = 1048576 (custom)
2019-11-18 17:56:15,416 [pool-37-thread-1] INFO  server.RaftServerConfigKeys (ConfUtils.java:logGet(43)) - raft.server.log.segment.size.max = 1048576 (custom)
2019-11-18 17:56:15,416 [pool-47-thread-1] INFO  server.RaftServerConfigKeys (ConfUtils.java:logGet(43)) - raft.server.log.segment.cache.num.max = 2 (custom)
2019-11-18 17:56:15,416 [pool-37-thread-1] INFO  server.RaftServerConfigKeys (ConfUtils.java:logGet(43)) - raft.server.log.segment.cache.num.max = 2 (custom)
2019-11-18 17:56:15,416 [pool-47-thread-1] INFO  segmented.SegmentedRaftLogWorker (SegmentedRaftLogWorker.java:<init>(173)) - new 9d82f33e-10b5-4ace-a17e-9435fc4cd6a3@group-05EAC5401459-SegmentedRaftLogWorker for RaftStorage:Storage Directory /workdir/hadoop-ozone/tools/target/test-dir/MiniOzoneClusterImpl-b5b77925-1696-4489-9325-55d34611e487/datanode-2/data/ratis/068a15f8-af97-4cb6-be31-05eac5401459
2019-11-18 17:56:15,416 [pool-37-thread-1] INFO  segmented.SegmentedRaftLogWorker (SegmentedRaftLogWorker.java:<init>(173)) - new f20c60fb-9562-4189-99ad-1d897872d3c9@group-05EAC5401459-SegmentedRaftLogWorker for RaftStorage:Storage Directory /workdir/hadoop-ozone/tools/target/test-dir/MiniOzoneClusterImpl-b5b77925-1696-4489-9325-55d34611e487/datanode-1/data/ratis/068a15f8-af97-4cb6-be31-05eac5401459
2019-11-18 17:56:15,417 [pool-47-thread-1] INFO  server.RaftServerConfigKeys (ConfUtils.java:logGet(43)) - raft.server.log.queue.byte-limit = 2147483647 (custom)
2019-11-18 17:56:15,417 [pool-37-thread-1] INFO  server.RaftServerConfigKeys (ConfUtils.java:logGet(43)) - raft.server.log.queue.byte-limit = 2147483647 (custom)
2019-11-18 17:56:15,417 [pool-47-thread-1] INFO  server.RaftServerConfigKeys (ConfUtils.java:logGet(43)) - raft.server.log.queue.element-limit = 1024 (custom)
2019-11-18 17:56:15,417 [pool-37-thread-1] INFO  server.RaftServerConfigKeys (ConfUtils.java:logGet(43)) - raft.server.log.queue.element-limit = 1024 (custom)
2019-11-18 17:56:15,417 [pool-47-thread-1] INFO  server.RaftServerConfigKeys (ConfUtils.java:logGet(43)) - raft.server.log.segment.size.max = 1048576 (custom)
2019-11-18 17:56:15,417 [pool-37-thread-1] INFO  server.RaftServerConfigKeys (ConfUtils.java:logGet(43)) - raft.server.log.segment.size.max = 1048576 (custom)
2019-11-18 17:56:15,417 [pool-47-thread-1] INFO  server.RaftServerConfigKeys (ConfUtils.java:logGet(43)) - raft.server.log.preallocated.size = 16384 (custom)
2019-11-18 17:56:15,418 [pool-37-thread-1] INFO  server.RaftServerConfigKeys (ConfUtils.java:logGet(43)) - raft.server.log.preallocated.size = 16384 (custom)
2019-11-18 17:56:15,418 [pool-47-thread-1] INFO  server.RaftServerConfigKeys (ConfUtils.java:logGet(43)) - raft.server.log.write.buffer.size = 33554432 (custom)
2019-11-18 17:56:15,418 [pool-37-thread-1] INFO  server.RaftServerConfigKeys (ConfUtils.java:logGet(43)) - raft.server.log.write.buffer.size = 33554432 (custom)
2019-11-18 17:56:15,418 [pool-47-thread-1] INFO  server.RaftServerConfigKeys (ConfUtils.java:logGet(43)) - raft.server.log.force.sync.num = 128 (default)
2019-11-18 17:56:15,418 [pool-37-thread-1] INFO  server.RaftServerConfigKeys (ConfUtils.java:logGet(43)) - raft.server.log.force.sync.num = 128 (default)
2019-11-18 17:56:15,418 [pool-47-thread-1] INFO  server.RaftServerConfigKeys (ConfUtils.java:logGet(43)) - raft.server.log.statemachine.data.sync = true (default)
2019-11-18 17:56:15,418 [pool-37-thread-1] INFO  server.RaftServerConfigKeys (ConfUtils.java:logGet(43)) - raft.server.log.statemachine.data.sync = true (default)
2019-11-18 17:56:15,418 [pool-47-thread-1] INFO  server.RaftServerConfigKeys (ConfUtils.java:logGet(43)) - raft.server.log.statemachine.data.sync.timeout = 10s (default)
2019-11-18 17:56:15,419 [pool-37-thread-1] INFO  server.RaftServerConfigKeys (ConfUtils.java:logGet(43)) - raft.server.log.statemachine.data.sync.timeout = 10s (default)
2019-11-18 17:56:15,419 [pool-47-thread-1] INFO  server.RaftServerConfigKeys (ConfUtils.java:logGet(43)) - raft.server.log.statemachine.data.sync.timeout.retry = -1 (default)
2019-11-18 17:56:15,419 [pool-37-thread-1] INFO  server.RaftServerConfigKeys (ConfUtils.java:logGet(43)) - raft.server.log.statemachine.data.sync.timeout.retry = -1 (default)
2019-11-18 17:56:15,419 [pool-47-thread-1] INFO  server.RaftServerConfigKeys (ConfUtils.java:logGet(43)) - raft.server.log.statemachine.data.caching.enabled = true (custom)
2019-11-18 17:56:15,419 [pool-37-thread-1] INFO  server.RaftServerConfigKeys (ConfUtils.java:logGet(43)) - raft.server.log.statemachine.data.caching.enabled = true (custom)
2019-11-18 17:56:15,420 [pool-47-thread-1] INFO  segmented.SegmentedRaftLogWorker (SegmentedRaftLogWorker.java:lambda$new$0(128)) - 9d82f33e-10b5-4ace-a17e-9435fc4cd6a3@group-05EAC5401459-SegmentedRaftLogWorker: flushIndex: setUnconditionally 0 -> -1
2019-11-18 17:56:15,420 [pool-37-thread-1] INFO  segmented.SegmentedRaftLogWorker (SegmentedRaftLogWorker.java:lambda$new$0(128)) - f20c60fb-9562-4189-99ad-1d897872d3c9@group-05EAC5401459-SegmentedRaftLogWorker: flushIndex: setUnconditionally 0 -> -1
2019-11-18 17:56:15,420 [pool-47-thread-1] INFO  server.RaftServerConfigKeys (ConfUtils.java:logGet(43)) - raft.server.snapshot.auto.trigger.enabled = true (custom)
2019-11-18 17:56:15,420 [pool-37-thread-1] INFO  server.RaftServerConfigKeys (ConfUtils.java:logGet(43)) - raft.server.snapshot.auto.trigger.enabled = true (custom)
2019-11-18 17:56:15,420 [pool-47-thread-1] INFO  server.RaftServerConfigKeys (ConfUtils.java:logGet(43)) - raft.server.snapshot.auto.trigger.threshold = 10000 (custom)
2019-11-18 17:56:15,420 [pool-37-thread-1] INFO  server.RaftServerConfigKeys (ConfUtils.java:logGet(43)) - raft.server.snapshot.auto.trigger.threshold = 10000 (custom)
2019-11-18 17:56:15,420 [pool-47-thread-1] INFO  server.RaftServerConfigKeys (ConfUtils.java:logGet(43)) - raft.server.snapshot.retention.file.num = 5 (custom)
2019-11-18 17:56:15,420 [pool-37-thread-1] INFO  server.RaftServerConfigKeys (ConfUtils.java:logGet(43)) - raft.server.snapshot.retention.file.num = 5 (custom)
2019-11-18 17:56:15,421 [pool-47-thread-1] INFO  server.RaftServerConfigKeys (ConfUtils.java:logGet(43)) - raft.server.retrycache.expirytime = 600000ms (custom)
2019-11-18 17:56:15,421 [pool-37-thread-1] INFO  server.RaftServerConfigKeys (ConfUtils.java:logGet(43)) - raft.server.retrycache.expirytime = 600000ms (custom)
2019-11-18 17:56:15,421 [pool-47-thread-1] WARN  impl.MetricRegistriesImpl (MetricRegistriesImpl.java:lambda$create$1(61)) - First MetricRegistry has been created without registering reporters. You may need to call MetricRegistries.global().addReportRegistration(...) before.
2019-11-18 17:56:15,421 [pool-37-thread-1] WARN  impl.MetricRegistriesImpl (MetricRegistriesImpl.java:lambda$create$1(61)) - First MetricRegistry has been created without registering reporters. You may need to call MetricRegistries.global().addReportRegistration(...) before.
2019-11-18 17:56:15,421 [pool-47-thread-1] WARN  impl.MetricRegistriesImpl (MetricRegistriesImpl.java:lambda$create$1(61)) - First MetricRegistry has been created without registering reporters. You may need to call MetricRegistries.global().addReportRegistration(...) before.
2019-11-18 17:56:15,421 [pool-37-thread-1] WARN  impl.MetricRegistriesImpl (MetricRegistriesImpl.java:lambda$create$1(61)) - First MetricRegistry has been created without registering reporters. You may need to call MetricRegistries.global().addReportRegistration(...) before.
2019-11-18 17:56:15,422 [pool-47-thread-1] INFO  impl.RaftServerImpl (RaftServerImpl.java:start(184)) - 9d82f33e-10b5-4ace-a17e-9435fc4cd6a3@group-05EAC5401459: start as a follower, conf=-1: [f20c60fb-9562-4189-99ad-1d897872d3c9:192.168.157.193:36337, 9d82f33e-10b5-4ace-a17e-9435fc4cd6a3:192.168.157.193:36950, 2171c4f4-ae56-4f52-8301-1dd0f7438014:192.168.157.193:34135], old=null
2019-11-18 17:56:15,422 [pool-37-thread-1] INFO  impl.RaftServerImpl (RaftServerImpl.java:start(184)) - f20c60fb-9562-4189-99ad-1d897872d3c9@group-05EAC5401459: start as a follower, conf=-1: [f20c60fb-9562-4189-99ad-1d897872d3c9:192.168.157.193:36337, 9d82f33e-10b5-4ace-a17e-9435fc4cd6a3:192.168.157.193:36950, 2171c4f4-ae56-4f52-8301-1dd0f7438014:192.168.157.193:34135], old=null
2019-11-18 17:56:15,422 [pool-47-thread-1] INFO  impl.RaftServerImpl (RaftServerImpl.java:setRole(173)) - 9d82f33e-10b5-4ace-a17e-9435fc4cd6a3@group-05EAC5401459: changes role from      null to FOLLOWER at term 0 for startAsFollower
2019-11-18 17:56:15,422 [pool-37-thread-1] INFO  impl.RaftServerImpl (RaftServerImpl.java:setRole(173)) - f20c60fb-9562-4189-99ad-1d897872d3c9@group-05EAC5401459: changes role from      null to FOLLOWER at term 0 for startAsFollower
2019-11-18 17:56:15,422 [pool-47-thread-1] INFO  impl.RoleInfo (RoleInfo.java:updateAndGet(143)) - 9d82f33e-10b5-4ace-a17e-9435fc4cd6a3: start FollowerState
2019-11-18 17:56:15,422 [pool-37-thread-1] INFO  impl.RoleInfo (RoleInfo.java:updateAndGet(143)) - f20c60fb-9562-4189-99ad-1d897872d3c9: start FollowerState
2019-11-18 17:56:15,423 [pool-47-thread-1] INFO  util.JmxRegister (JmxRegister.java:tryRegister(44)) - Successfully registered JMX Bean with object name Ratis:service=RaftServer,group=group-05EAC5401459,id=9d82f33e-10b5-4ace-a17e-9435fc4cd6a3
2019-11-18 17:56:15,423 [pool-37-thread-1] INFO  util.JmxRegister (JmxRegister.java:tryRegister(44)) - Successfully registered JMX Bean with object name Ratis:service=RaftServer,group=group-05EAC5401459,id=f20c60fb-9562-4189-99ad-1d897872d3c9
2019-11-18 17:56:15,423 [pool-47-thread-1] WARN  impl.MetricRegistriesImpl (MetricRegistriesImpl.java:lambda$create$1(61)) - First MetricRegistry has been created without registering reporters. You may need to call MetricRegistries.global().addReportRegistration(...) before.
2019-11-18 17:56:15,423 [pool-37-thread-1] WARN  impl.MetricRegistriesImpl (MetricRegistriesImpl.java:lambda$create$1(61)) - First MetricRegistry has been created without registering reporters. You may need to call MetricRegistries.global().addReportRegistration(...) before.
2019-11-18 17:56:15,424 [Command processor thread] INFO  commandhandler.CreatePipelineCommandHandler (CreatePipelineCommandHandler.java:handle(86)) - Create Pipeline RATIS THREE #id: "068a15f8-af97-4cb6-be31-05eac5401459"
 command succeed on datanode 9d82f33e-10b5-4ace-a17e-9435fc4cd6a3.
2019-11-18 17:56:15,424 [Command processor thread] INFO  commandhandler.CreatePipelineCommandHandler (CreatePipelineCommandHandler.java:handle(86)) - Create Pipeline RATIS THREE #id: "068a15f8-af97-4cb6-be31-05eac5401459"
 command succeed on datanode f20c60fb-9562-4189-99ad-1d897872d3c9.
2019-11-18 17:56:15,425 [EventQueue-PipelineReportForPipelineReportHandler] INFO  pipeline.PipelineReportHandler (PipelineReportHandler.java:processPipelineReport(113)) - Pipeline THREE PipelineID=068a15f8-af97-4cb6-be31-05eac5401459 reported by f20c60fb-9562-4189-99ad-1d897872d3c9{ip: 192.168.157.193, host: pr-hdds-2533-gxxrh-3661068771, networkLocation: /default-rack, certSerialId: null}
2019-11-18 17:56:15,425 [EventQueue-PipelineReportForPipelineReportHandler] INFO  pipeline.PipelineReportHandler (PipelineReportHandler.java:processPipelineReport(113)) - Pipeline THREE PipelineID=068a15f8-af97-4cb6-be31-05eac5401459 reported by 9d82f33e-10b5-4ace-a17e-9435fc4cd6a3{ip: 192.168.157.193, host: pr-hdds-2533-gxxrh-3661068771, networkLocation: /default-rack, certSerialId: null}
 0.00% |?                                                                                                    |  0/1 Time: 0:00:04 100.00% |?????????????????????????????????????????????????????????????????????????????????????????????????????|  1/1 Time: 0:00:05
2019-11-18 17:56:19,244 [Thread-477] INFO  impl.FollowerState (FollowerState.java:run(111)) - 2171c4f4-ae56-4f52-8301-1dd0f7438014@group-05EAC5401459-FollowerState: change to CANDIDATE, lastRpcTime:5172ms, electionTimeout:5172ms
2019-11-18 17:56:19,246 [Thread-477] INFO  impl.RoleInfo (RoleInfo.java:shutdownFollowerState(121)) - 2171c4f4-ae56-4f52-8301-1dd0f7438014: shutdown FollowerState
2019-11-18 17:56:19,247 [Thread-477] INFO  impl.RaftServerImpl (RaftServerImpl.java:setRole(173)) - 2171c4f4-ae56-4f52-8301-1dd0f7438014@group-05EAC5401459: changes role from  FOLLOWER to CANDIDATE at term 0 for changeToCandidate
2019-11-18 17:56:19,248 [Thread-477] INFO  impl.RoleInfo (RoleInfo.java:updateAndGet(143)) - 2171c4f4-ae56-4f52-8301-1dd0f7438014: start LeaderElection
2019-11-18 17:56:19,276 [2171c4f4-ae56-4f52-8301-1dd0f7438014@group-05EAC5401459-LeaderElection11] INFO  impl.LeaderElection (LeaderElection.java:askForVotes(178)) - 2171c4f4-ae56-4f52-8301-1dd0f7438014@group-05EAC5401459-LeaderElection11: begin an election at term 1 for -1: [f20c60fb-9562-4189-99ad-1d897872d3c9:192.168.157.193:36337, 9d82f33e-10b5-4ace-a17e-9435fc4cd6a3:192.168.157.193:36950, 2171c4f4-ae56-4f52-8301-1dd0f7438014:192.168.157.193:34135], old=null
2019-11-18 17:56:19,295 [grpc-default-executor-5] INFO  impl.RaftServerImpl (RaftServerImpl.java:setRole(173)) - f20c60fb-9562-4189-99ad-1d897872d3c9@group-05EAC5401459: changes role from  FOLLOWER to FOLLOWER at term 1 for recognizeCandidate:2171c4f4-ae56-4f52-8301-1dd0f7438014
2019-11-18 17:56:19,295 [grpc-default-executor-5] INFO  impl.RoleInfo (RoleInfo.java:shutdownFollowerState(121)) - f20c60fb-9562-4189-99ad-1d897872d3c9: shutdown FollowerState
2019-11-18 17:56:19,295 [grpc-default-executor-0] INFO  impl.RaftServerImpl (RaftServerImpl.java:setRole(173)) - 9d82f33e-10b5-4ace-a17e-9435fc4cd6a3@group-05EAC5401459: changes role from  FOLLOWER to FOLLOWER at term 1 for recognizeCandidate:2171c4f4-ae56-4f52-8301-1dd0f7438014
2019-11-18 17:56:19,295 [grpc-default-executor-0] INFO  impl.RoleInfo (RoleInfo.java:shutdownFollowerState(121)) - 9d82f33e-10b5-4ace-a17e-9435fc4cd6a3: shutdown FollowerState
2019-11-18 17:56:19,295 [grpc-default-executor-5] INFO  impl.RoleInfo (RoleInfo.java:updateAndGet(143)) - f20c60fb-9562-4189-99ad-1d897872d3c9: start FollowerState
2019-11-18 17:56:19,296 [grpc-default-executor-0] INFO  impl.RoleInfo (RoleInfo.java:updateAndGet(143)) - 9d82f33e-10b5-4ace-a17e-9435fc4cd6a3: start FollowerState
2019-11-18 17:56:19,296 [Thread-481] INFO  impl.FollowerState (FollowerState.java:run(120)) - f20c60fb-9562-4189-99ad-1d897872d3c9@group-05EAC5401459-FollowerState was interrupted: java.lang.InterruptedException: sleep interrupted
2019-11-18 17:56:19,296 [Thread-480] INFO  impl.FollowerState (FollowerState.java:run(120)) - 9d82f33e-10b5-4ace-a17e-9435fc4cd6a3@group-05EAC5401459-FollowerState was interrupted: java.lang.InterruptedException: sleep interrupted
2019-11-18 17:56:19,326 [2171c4f4-ae56-4f52-8301-1dd0f7438014@group-05EAC5401459-LeaderElection11] INFO  impl.LeaderElection (LeaderElection.java:logAndReturn(56)) - 2171c4f4-ae56-4f52-8301-1dd0f7438014@group-05EAC5401459-LeaderElection11: Election PASSED; received 1 response(s) [2171c4f4-ae56-4f52-8301-1dd0f7438014<-f20c60fb-9562-4189-99ad-1d897872d3c9#0:OK-t1] and 0 exception(s); 2171c4f4-ae56-4f52-8301-1dd0f7438014@group-05EAC5401459:t1, leader=null, voted=2171c4f4-ae56-4f52-8301-1dd0f7438014, raftlog=2171c4f4-ae56-4f52-8301-1dd0f7438014@group-05EAC5401459-SegmentedRaftLog:OPENED:c-1,f-1,i0, conf=-1: [f20c60fb-9562-4189-99ad-1d897872d3c9:192.168.157.193:36337, 9d82f33e-10b5-4ace-a17e-9435fc4cd6a3:192.168.157.193:36950, 2171c4f4-ae56-4f52-8301-1dd0f7438014:192.168.157.193:34135], old=null
2019-11-18 17:56:19,326 [2171c4f4-ae56-4f52-8301-1dd0f7438014@group-05EAC5401459-LeaderElection11] INFO  impl.RoleInfo (RoleInfo.java:shutdownLeaderElection(134)) - 2171c4f4-ae56-4f52-8301-1dd0f7438014: shutdown LeaderElection
2019-11-18 17:56:19,327 [2171c4f4-ae56-4f52-8301-1dd0f7438014@group-05EAC5401459-LeaderElection11] INFO  impl.RaftServerImpl (RaftServerImpl.java:setRole(173)) - 2171c4f4-ae56-4f52-8301-1dd0f7438014@group-05EAC5401459: changes role from CANDIDATE to LEADER at term 1 for changeToLeader
2019-11-18 17:56:19,327 [2171c4f4-ae56-4f52-8301-1dd0f7438014@group-05EAC5401459-LeaderElection11] INFO  ratis.XceiverServerRatis (XceiverServerRatis.java:handleLeaderChangedNotification(733)) - Leader change notification received for group: group-05EAC5401459 with new leaderId: 2171c4f4-ae56-4f52-8301-1dd0f7438014
2019-11-18 17:56:19,328 [2171c4f4-ae56-4f52-8301-1dd0f7438014@group-05EAC5401459-LeaderElection11] INFO  impl.RaftServerImpl (ServerState.java:setLeader(255)) - 2171c4f4-ae56-4f52-8301-1dd0f7438014@group-05EAC5401459: change Leader from null to 2171c4f4-ae56-4f52-8301-1dd0f7438014 at term 1 for becomeLeader, leader elected after 5260ms
2019-11-18 17:56:19,329 [2171c4f4-ae56-4f52-8301-1dd0f7438014@group-05EAC5401459-LeaderElection11] INFO  server.RaftServerConfigKeys (ConfUtils.java:logGet(43)) - raft.server.staging.catchup.gap = 1000 (default)
2019-11-18 17:56:19,329 [2171c4f4-ae56-4f52-8301-1dd0f7438014@group-05EAC5401459-LeaderElection11] INFO  server.RaftServerConfigKeys (ConfUtils.java:logGet(43)) - raft.server.rpc.sleep.time = 25ms (default)
2019-11-18 17:56:19,330 [2171c4f4-ae56-4f52-8301-1dd0f7438014@group-05EAC5401459-LeaderElection11] INFO  server.RaftServerConfigKeys (ConfUtils.java:logGet(43)) - raft.server.write.element-limit = 4096 (default)
2019-11-18 17:56:19,330 [2171c4f4-ae56-4f52-8301-1dd0f7438014@group-05EAC5401459-LeaderElection11] INFO  server.RaftServerConfigKeys (ConfUtils.java:logGet(43)) - raft.server.watch.timeout = 10s (default)
2019-11-18 17:56:19,330 [EventQueue-PipelineReportForPipelineReportHandler] INFO  pipeline.PipelineReportHandler (PipelineReportHandler.java:processPipelineReport(113)) - Pipeline THREE PipelineID=068a15f8-af97-4cb6-be31-05eac5401459 reported by 2171c4f4-ae56-4f52-8301-1dd0f7438014{ip: 192.168.157.193, host: pr-hdds-2533-gxxrh-3661068771, networkLocation: /default-rack, certSerialId: null}
2019-11-18 17:56:19,332 [2171c4f4-ae56-4f52-8301-1dd0f7438014@group-05EAC5401459-LeaderElection11] INFO  server.RaftServerConfigKeys (ConfUtils.java:logGet(43)) - raft.server.watch.timeout.denomination = 1s (default)
2019-11-18 17:56:19,332 [EventQueue-PipelineReportForPipelineReportHandler] INFO  pipeline.PipelineStateManager (PipelineStateManager.java:openPipeline(132)) - Pipeline Pipeline[ Id: 068a15f8-af97-4cb6-be31-05eac5401459, Nodes: f20c60fb-9562-4189-99ad-1d897872d3c9{ip: 192.168.157.193, host: pr-hdds-2533-gxxrh-3661068771, networkLocation: /default-rack, certSerialId: null}9d82f33e-10b5-4ace-a17e-9435fc4cd6a3{ip: 192.168.157.193, host: pr-hdds-2533-gxxrh-3661068771, networkLocation: /default-rack, certSerialId: null}2171c4f4-ae56-4f52-8301-1dd0f7438014{ip: 192.168.157.193, host: pr-hdds-2533-gxxrh-3661068771, networkLocation: /default-rack, certSerialId: null}, Type:RATIS, Factor:THREE, State:ALLOCATED] moved to OPEN state
2019-11-18 17:56:19,332 [2171c4f4-ae56-4f52-8301-1dd0f7438014@group-05EAC5401459-LeaderElection11] INFO  server.RaftServerConfigKeys (ConfUtils.java:logGet(43)) - raft.server.watch.element-limit = 65536 (default)
2019-11-18 17:56:19,333 [2171c4f4-ae56-4f52-8301-1dd0f7438014@group-05EAC5401459-LeaderElection11] INFO  server.RaftServerConfigKeys (ConfUtils.java:logGet(43)) - raft.server.log.appender.snapshot.chunk.size.max = 16MB (=16777216) (default)
2019-11-18 17:56:19,334 [2171c4f4-ae56-4f52-8301-1dd0f7438014@group-05EAC5401459-LeaderElection11] INFO  server.RaftServerConfigKeys (ConfUtils.java:logGet(43)) - raft.server.log.appender.buffer.byte-limit = 33554432 (custom)
2019-11-18 17:56:19,334 [2171c4f4-ae56-4f52-8301-1dd0f7438014@group-05EAC5401459-LeaderElection11] INFO  server.RaftServerConfigKeys (ConfUtils.java:logGet(43)) - raft.server.log.appender.buffer.element-limit = 1 (custom)
2019-11-18 17:56:19,335 [2171c4f4-ae56-4f52-8301-1dd0f7438014@group-05EAC5401459-LeaderElection11] INFO  grpc.GrpcConfigKeys$Server (ConfUtils.java:logGet(43)) - raft.grpc.server.leader.outstanding.appends.max = 128 (default)
2019-11-18 17:56:19,336 [2171c4f4-ae56-4f52-8301-1dd0f7438014@group-05EAC5401459-LeaderElection11] INFO  server.RaftServerConfigKeys (ConfUtils.java:logGet(43)) - raft.server.rpc.request.timeout = 3000ms (default)
2019-11-18 17:56:19,336 [2171c4f4-ae56-4f52-8301-1dd0f7438014@group-05EAC5401459-LeaderElection11] INFO  server.RaftServerConfigKeys (ConfUtils.java:logGet(43)) - raft.server.log.appender.install.snapshot.enabled = false (custom)
2019-11-18 17:56:19,337 [2171c4f4-ae56-4f52-8301-1dd0f7438014@group-05EAC5401459-LeaderElection11] WARN  impl.MetricRegistriesImpl (MetricRegistriesImpl.java:lambda$create$1(61)) - First MetricRegistry has been created without registering reporters. You may need to call MetricRegistries.global().addReportRegistration(...) before.
2019-11-18 17:56:19,337 [2171c4f4-ae56-4f52-8301-1dd0f7438014@group-05EAC5401459-LeaderElection11] INFO  server.RaftServerConfigKeys (ConfUtils.java:logGet(43)) - raft.server.log.appender.snapshot.chunk.size.max = 16MB (=16777216) (default)
2019-11-18 17:56:19,337 [2171c4f4-ae56-4f52-8301-1dd0f7438014@group-05EAC5401459-LeaderElection11] INFO  server.RaftServerConfigKeys (ConfUtils.java:logGet(43)) - raft.server.log.appender.buffer.byte-limit = 33554432 (custom)
2019-11-18 17:56:19,337 [2171c4f4-ae56-4f52-8301-1dd0f7438014@group-05EAC5401459-LeaderElection11] INFO  server.RaftServerConfigKeys (ConfUtils.java:logGet(43)) - raft.server.log.appender.buffer.element-limit = 1 (custom)
2019-11-18 17:56:19,338 [2171c4f4-ae56-4f52-8301-1dd0f7438014@group-05EAC5401459-LeaderElection11] INFO  grpc.GrpcConfigKeys$Server (ConfUtils.java:logGet(43)) - raft.grpc.server.leader.outstanding.appends.max = 128 (default)
2019-11-18 17:56:19,338 [2171c4f4-ae56-4f52-8301-1dd0f7438014@group-05EAC5401459-LeaderElection11] INFO  server.RaftServerConfigKeys (ConfUtils.java:logGet(43)) - raft.server.rpc.request.timeout = 3000ms (default)
2019-11-18 17:56:19,338 [2171c4f4-ae56-4f52-8301-1dd0f7438014@group-05EAC5401459-LeaderElection11] INFO  server.RaftServerConfigKeys (ConfUtils.java:logGet(43)) - raft.server.log.appender.install.snapshot.enabled = false (custom)
2019-11-18 17:56:19,339 [2171c4f4-ae56-4f52-8301-1dd0f7438014@group-05EAC5401459-LeaderElection11] INFO  impl.RoleInfo (RoleInfo.java:updateAndGet(143)) - 2171c4f4-ae56-4f52-8301-1dd0f7438014: start LeaderState
2019-11-18 17:56:19,340 [2171c4f4-ae56-4f52-8301-1dd0f7438014@group-05EAC5401459-LeaderElection11] INFO  segmented.SegmentedRaftLogWorker (SegmentedRaftLogWorker.java:startLogSegment(385)) - 2171c4f4-ae56-4f52-8301-1dd0f7438014@group-05EAC5401459-SegmentedRaftLogWorker: Starting segment from index:0
2019-11-18 17:56:19,342 [2171c4f4-ae56-4f52-8301-1dd0f7438014@group-05EAC5401459-LeaderElection11] INFO  impl.RaftServerImpl (ServerState.java:setRaftConf(356)) - 2171c4f4-ae56-4f52-8301-1dd0f7438014@group-05EAC5401459: set configuration 0: [f20c60fb-9562-4189-99ad-1d897872d3c9:192.168.157.193:36337, 9d82f33e-10b5-4ace-a17e-9435fc4cd6a3:192.168.157.193:36950, 2171c4f4-ae56-4f52-8301-1dd0f7438014:192.168.157.193:34135], old=null at 0
2019-11-18 17:56:19,380 [grpc-default-executor-0] INFO  ratis.XceiverServerRatis (XceiverServerRatis.java:handleLeaderChangedNotification(733)) - Leader change notification received for group: group-05EAC5401459 with new leaderId: 2171c4f4-ae56-4f52-8301-1dd0f7438014
2019-11-18 17:56:19,380 [grpc-default-executor-5] INFO  ratis.XceiverServerRatis (XceiverServerRatis.java:handleLeaderChangedNotification(733)) - Leader change notification received for group: group-05EAC5401459 with new leaderId: 2171c4f4-ae56-4f52-8301-1dd0f7438014
2019-11-18 17:56:19,381 [grpc-default-executor-0] INFO  impl.RaftServerImpl (ServerState.java:setLeader(255)) - 9d82f33e-10b5-4ace-a17e-9435fc4cd6a3@group-05EAC5401459: change Leader from null to 2171c4f4-ae56-4f52-8301-1dd0f7438014 at term 1 for appendEntries, leader elected after 3965ms
2019-11-18 17:56:19,382 [grpc-default-executor-5] INFO  impl.RaftServerImpl (ServerState.java:setLeader(255)) - f20c60fb-9562-4189-99ad-1d897872d3c9@group-05EAC5401459: change Leader from null to 2171c4f4-ae56-4f52-8301-1dd0f7438014 at term 1 for appendEntries, leader elected after 3965ms
2019-11-18 17:56:19,388 [grpc-default-executor-5] INFO  impl.RaftServerImpl (ServerState.java:setRaftConf(356)) - 9d82f33e-10b5-4ace-a17e-9435fc4cd6a3@group-05EAC5401459: set configuration 0: [f20c60fb-9562-4189-99ad-1d897872d3c9:192.168.157.193:36337, 9d82f33e-10b5-4ace-a17e-9435fc4cd6a3:192.168.157.193:36950, 2171c4f4-ae56-4f52-8301-1dd0f7438014:192.168.157.193:34135], old=null at 0
2019-11-18 17:56:19,388 [grpc-default-executor-0] INFO  impl.RaftServerImpl (ServerState.java:setRaftConf(356)) - f20c60fb-9562-4189-99ad-1d897872d3c9@group-05EAC5401459: set configuration 0: [f20c60fb-9562-4189-99ad-1d897872d3c9:192.168.157.193:36337, 9d82f33e-10b5-4ace-a17e-9435fc4cd6a3:192.168.157.193:36950, 2171c4f4-ae56-4f52-8301-1dd0f7438014:192.168.157.193:34135], old=null at 0
2019-11-18 17:56:19,388 [grpc-default-executor-5] INFO  segmented.SegmentedRaftLogWorker (SegmentedRaftLogWorker.java:startLogSegment(385)) - 9d82f33e-10b5-4ace-a17e-9435fc4cd6a3@group-05EAC5401459-SegmentedRaftLogWorker: Starting segment from index:0
2019-11-18 17:56:19,388 [grpc-default-executor-0] INFO  segmented.SegmentedRaftLogWorker (SegmentedRaftLogWorker.java:startLogSegment(385)) - f20c60fb-9562-4189-99ad-1d897872d3c9@group-05EAC5401459-SegmentedRaftLogWorker: Starting segment from index:0
2019-11-18 17:56:19,399 [2171c4f4-ae56-4f52-8301-1dd0f7438014@group-05EAC5401459-SegmentedRaftLogWorker] INFO  segmented.SegmentedRaftLogWorker (SegmentedRaftLogWorker.java:execute(576)) - 2171c4f4-ae56-4f52-8301-1dd0f7438014@group-05EAC5401459-SegmentedRaftLogWorker: created new log segment /workdir/hadoop-ozone/tools/target/test-dir/MiniOzoneClusterImpl-b5b77925-1696-4489-9325-55d34611e487/datanode-0/data/ratis/068a15f8-af97-4cb6-be31-05eac5401459/current/log_inprogress_0
2019-11-18 17:56:19,457 [9d82f33e-10b5-4ace-a17e-9435fc4cd6a3@group-05EAC5401459-SegmentedRaftLogWorker] INFO  segmented.SegmentedRaftLogWorker (SegmentedRaftLogWorker.java:execute(576)) - 9d82f33e-10b5-4ace-a17e-9435fc4cd6a3@group-05EAC5401459-SegmentedRaftLogWorker: created new log segment /workdir/hadoop-ozone/tools/target/test-dir/MiniOzoneClusterImpl-b5b77925-1696-4489-9325-55d34611e487/datanode-2/data/ratis/068a15f8-af97-4cb6-be31-05eac5401459/current/log_inprogress_0
2019-11-18 17:56:19,457 [f20c60fb-9562-4189-99ad-1d897872d3c9@group-05EAC5401459-SegmentedRaftLogWorker] INFO  segmented.SegmentedRaftLogWorker (SegmentedRaftLogWorker.java:execute(576)) - f20c60fb-9562-4189-99ad-1d897872d3c9@group-05EAC5401459-SegmentedRaftLogWorker: created new log segment /workdir/hadoop-ozone/tools/target/test-dir/MiniOzoneClusterImpl-b5b77925-1696-4489-9325-55d34611e487/datanode-1/data/ratis/068a15f8-af97-4cb6-be31-05eac5401459/current/log_inprogress_0
]]></system-out>
    <system-err><![CDATA[ERROR StatusLogger No Log4j 2 configuration file found. Using default configuration (logging only errors to the console), or user programmatically provided configurations. Set system property 'log4j2.debug' to show Log4j 2 internal initialization logging. See https://logging.apache.org/log4j/2.x/manual/configuration.html for instructions on how to configure Log4j 2
]]></system-err>
  </testcase>
</testsuite>