<?xml version="1.0" encoding="UTF-8"?>
<testsuite xmlns:xsi="http://www.w3.org/2001/XMLSchema-instance" xsi:noNamespaceSchemaLocation="https://maven.apache.org/surefire/maven-surefire-plugin/xsd/surefire-test-report.xsd" name="org.apache.hadoop.ozone.client.rpc.TestDeleteWithSlowFollower" time="143.291" tests="1" errors="0" skipped="0" failures="1">
  <properties>
    <property name="awt.toolkit" value="sun.awt.X11.XToolkit"/>
    <property name="file.encoding.pkg" value="sun.io"/>
    <property name="java.specification.version" value="1.8"/>
    <property name="sun.cpu.isalist" value=""/>
    <property name="sun.jnu.encoding" value="ANSI_X3.4-1968"/>
    <property name="java.class.path" value="/workdir/hadoop-ozone/integration-test/target/test-classes:/workdir/hadoop-ozone/integration-test/target/classes:/home/user/.m2/repository/org/apache/hadoop/hadoop-ozone-common/0.5.0-SNAPSHOT/hadoop-ozone-common-0.5.0-SNAPSHOT.jar:/home/user/.m2/repository/org/apache/commons/commons-compress/1.4.1/commons-compress-1.4.1.jar:/home/user/.m2/repository/org/tukaani/xz/1.0/xz-1.0.jar:/home/user/.m2/repository/org/apache/hadoop/hadoop-common/3.2.0/hadoop-common-3.2.0.jar:/home/user/.m2/repository/org/apache/hadoop/hadoop-hdfs/3.2.0/hadoop-hdfs-3.2.0.jar:/home/user/.m2/repository/org/apache/hadoop/hadoop-hdfs-client/3.2.0/hadoop-hdfs-client-3.2.0.jar:/home/user/.m2/repository/com/fasterxml/jackson/core/jackson-annotations/2.9.9/jackson-annotations-2.9.9.jar:/home/user/.m2/repository/org/apache/hadoop/hadoop-hdds-common/0.5.0-SNAPSHOT/hadoop-hdds-common-0.5.0-SNAPSHOT.jar:/home/user/.m2/repository/javax/annotation/javax.annotation-api/1.2/javax.annotation-api-1.2.jar:/home/user/.m2/repository/org/apache/ratis/ratis-server/0.5.0-ced7dbf-SNAPSHOT/ratis-server-0.5.0-ced7dbf-SNAPSHOT.jar:/home/user/.m2/repository/org/apache/ratis/ratis-thirdparty-misc/0.2.0/ratis-thirdparty-misc-0.2.0.jar:/home/user/.m2/repository/org/apache/ratis/ratis-proto/0.5.0-ced7dbf-SNAPSHOT/ratis-proto-0.5.0-ced7dbf-SNAPSHOT.jar:/home/user/.m2/repository/org/apache/ratis/ratis-common/0.5.0-ced7dbf-SNAPSHOT/ratis-common-0.5.0-ced7dbf-SNAPSHOT.jar:/home/user/.m2/repository/org/apache/ratis/ratis-client/0.5.0-ced7dbf-SNAPSHOT/ratis-client-0.5.0-ced7dbf-SNAPSHOT.jar:/home/user/.m2/repository/org/apache/ratis/ratis-metrics/0.5.0-ced7dbf-SNAPSHOT/ratis-metrics-0.5.0-ced7dbf-SNAPSHOT.jar:/home/user/.m2/repository/org/apache/ratis/ratis-netty/0.5.0-ced7dbf-SNAPSHOT/ratis-netty-0.5.0-ced7dbf-SNAPSHOT.jar:/home/user/.m2/repository/org/apache/ratis/ratis-grpc/0.5.0-ced7dbf-SNAPSHOT/ratis-grpc-0.5.0-ced7dbf-SNAPSHOT.jar:/home/user/.m2/repository/org/rocksdb/rocksdbjni/6.0.1/rocksdbjni-6.0.1.jar:/home/user/.m2/repository/org/apache/logging/log4j/log4j-api/2.11.0/log4j-api-2.11.0.jar:/home/user/.m2/repository/org/apache/logging/log4j/log4j-core/2.11.0/log4j-core-2.11.0.jar:/home/user/.m2/repository/com/lmax/disruptor/3.4.2/disruptor-3.4.2.jar:/home/user/.m2/repository/org/apache/commons/commons-pool2/2.6.0/commons-pool2-2.6.0.jar:/home/user/.m2/repository/org/bouncycastle/bcpkix-jdk15on/1.60/bcpkix-jdk15on-1.60.jar:/home/user/.m2/repository/commons-validator/commons-validator/1.6/commons-validator-1.6.jar:/home/user/.m2/repository/commons-digester/commons-digester/1.8.1/commons-digester-1.8.1.jar:/home/user/.m2/repository/io/jaegertracing/jaeger-client/0.34.0/jaeger-client-0.34.0.jar:/home/user/.m2/repository/io/jaegertracing/jaeger-thrift/0.34.0/jaeger-thrift-0.34.0.jar:/home/user/.m2/repository/org/apache/thrift/libthrift/0.12.0/libthrift-0.12.0.jar:/home/user/.m2/repository/com/squareup/okhttp3/okhttp/3.9.0/okhttp-3.9.0.jar:/home/user/.m2/repository/com/squareup/okio/okio/1.13.0/okio-1.13.0.jar:/home/user/.m2/repository/io/jaegertracing/jaeger-core/0.34.0/jaeger-core-0.34.0.jar:/home/user/.m2/repository/io/jaegertracing/jaeger-tracerresolver/0.34.0/jaeger-tracerresolver-0.34.0.jar:/home/user/.m2/repository/io/opentracing/contrib/opentracing-tracerresolver/0.1.5/opentracing-tracerresolver-0.1.5.jar:/home/user/.m2/repository/io/opentracing/opentracing-util/0.31.0/opentracing-util-0.31.0.jar:/home/user/.m2/repository/io/opentracing/opentracing-api/0.31.0/opentracing-api-0.31.0.jar:/home/user/.m2/repository/io/opentracing/opentracing-noop/0.31.0/opentracing-noop-0.31.0.jar:/home/user/.m2/repository/org/apache/hadoop/hadoop-hdds-server-framework/0.5.0-SNAPSHOT/hadoop-hdds-server-framework-0.5.0-SNAPSHOT.jar:/home/user/.m2/repository/org/apache/hadoop/hadoop-hdds-container-service/0.5.0-SNAPSHOT/hadoop-hdds-container-service-0.5.0-SNAPSHOT.jar:/home/user/.m2/repository/org/apache/hadoop/hadoop-hdds-client/0.5.0-SNAPSHOT/hadoop-hdds-client-0.5.0-SNAPSHOT.jar:/home/user/.m2/repository/org/apache/hadoop/hadoop-hdds-tools/0.5.0-SNAPSHOT/hadoop-hdds-tools-0.5.0-SNAPSHOT.jar:/home/user/.m2/repository/org/apache/hadoop/hadoop-hdds-server-scm/0.5.0-SNAPSHOT/hadoop-hdds-server-scm-0.5.0-SNAPSHOT.jar:/home/user/.m2/repository/org/apache/hadoop/hadoop-hdds-docs/0.5.0-SNAPSHOT/hadoop-hdds-docs-0.5.0-SNAPSHOT.jar:/home/user/.m2/repository/io/dropwizard/metrics/metrics-core/3.2.4/metrics-core-3.2.4.jar:/home/user/.m2/repository/org/hamcrest/hamcrest-all/1.3/hamcrest-all-1.3.jar:/home/user/.m2/repository/org/bouncycastle/bcprov-jdk15on/1.60/bcprov-jdk15on-1.60.jar:/home/user/.m2/repository/info/picocli/picocli/3.9.6/picocli-3.9.6.jar:/home/user/.m2/repository/com/google/protobuf/protobuf-java/2.5.0/protobuf-java-2.5.0.jar:/home/user/.m2/repository/com/google/guava/guava/11.0.2/guava-11.0.2.jar:/home/user/.m2/repository/org/apache/hadoop/hadoop-ozone-ozone-manager/0.5.0-SNAPSHOT/hadoop-ozone-ozone-manager-0.5.0-SNAPSHOT.jar:/home/user/.m2/repository/org/apache/hadoop/hadoop-minikdc/3.2.0/hadoop-minikdc-3.2.0.jar:/home/user/.m2/repository/commons-io/commons-io/2.5/commons-io-2.5.jar:/home/user/.m2/repository/org/apache/kerby/kerb-simplekdc/1.0.1/kerb-simplekdc-1.0.1.jar:/home/user/.m2/repository/org/apache/kerby/kerb-client/1.0.1/kerb-client-1.0.1.jar:/home/user/.m2/repository/org/apache/kerby/kerby-config/1.0.1/kerby-config-1.0.1.jar:/home/user/.m2/repository/org/apache/kerby/kerb-core/1.0.1/kerb-core-1.0.1.jar:/home/user/.m2/repository/org/apache/kerby/kerby-pkix/1.0.1/kerby-pkix-1.0.1.jar:/home/user/.m2/repository/org/apache/kerby/kerby-asn1/1.0.1/kerby-asn1-1.0.1.jar:/home/user/.m2/repository/org/apache/kerby/kerby-util/1.0.1/kerby-util-1.0.1.jar:/home/user/.m2/repository/org/apache/kerby/kerb-common/1.0.1/kerb-common-1.0.1.jar:/home/user/.m2/repository/org/apache/kerby/kerb-crypto/1.0.1/kerb-crypto-1.0.1.jar:/home/user/.m2/repository/org/apache/kerby/kerb-util/1.0.1/kerb-util-1.0.1.jar:/home/user/.m2/repository/org/apache/kerby/token-provider/1.0.1/token-provider-1.0.1.jar:/home/user/.m2/repository/org/apache/kerby/kerb-admin/1.0.1/kerb-admin-1.0.1.jar:/home/user/.m2/repository/org/apache/kerby/kerb-server/1.0.1/kerb-server-1.0.1.jar:/home/user/.m2/repository/org/apache/kerby/kerb-identity/1.0.1/kerb-identity-1.0.1.jar:/home/user/.m2/repository/org/apache/kerby/kerby-xdr/1.0.1/kerby-xdr-1.0.1.jar:/home/user/.m2/repository/org/slf4j/slf4j-log4j12/1.7.25/slf4j-log4j12-1.7.25.jar:/home/user/.m2/repository/org/apache/hadoop/hadoop-ozone-s3gateway/0.5.0-SNAPSHOT/hadoop-ozone-s3gateway-0.5.0-SNAPSHOT.jar:/home/user/.m2/repository/org/jboss/weld/servlet/weld-servlet/2.4.7.Final/weld-servlet-2.4.7.Final.jar:/home/user/.m2/repository/org/glassfish/jersey/containers/jersey-container-servlet-core/2.27/jersey-container-servlet-core-2.27.jar:/home/user/.m2/repository/org/glassfish/hk2/external/javax.inject/2.5.0-b42/javax.inject-2.5.0-b42.jar:/home/user/.m2/repository/org/glassfish/jersey/core/jersey-common/2.27/jersey-common-2.27.jar:/home/user/.m2/repository/org/glassfish/hk2/osgi-resource-locator/1.0.1/osgi-resource-locator-1.0.1.jar:/home/user/.m2/repository/javax/ws/rs/javax.ws.rs-api/2.1/javax.ws.rs-api-2.1.jar:/home/user/.m2/repository/org/glassfish/jersey/ext/cdi/jersey-cdi1x/2.27/jersey-cdi1x-2.27.jar:/home/user/.m2/repository/org/glassfish/jersey/inject/jersey-hk2/2.27/jersey-hk2-2.27.jar:/home/user/.m2/repository/org/glassfish/hk2/hk2-locator/2.5.0-b42/hk2-locator-2.5.0-b42.jar:/home/user/.m2/repository/org/javassist/javassist/3.22.0-CR2/javassist-3.22.0-CR2.jar:/home/user/.m2/repository/org/glassfish/hk2/hk2-api/2.5.0/hk2-api-2.5.0.jar:/home/user/.m2/repository/org/glassfish/hk2/external/jakarta.inject/2.5.0/jakarta.inject-2.5.0.jar:/home/user/.m2/repository/org/glassfish/hk2/hk2-utils/2.5.0/hk2-utils-2.5.0.jar:/home/user/.m2/repository/jakarta/annotation/jakarta.annotation-api/1.3.4/jakarta.annotation-api-1.3.4.jar:/home/user/.m2/repository/org/glassfish/hk2/external/aopalliance-repackaged/2.5.0/aopalliance-repackaged-2.5.0.jar:/home/user/.m2/repository/com/fasterxml/jackson/dataformat/jackson-dataformat-xml/2.9.0/jackson-dataformat-xml-2.9.0.jar:/home/user/.m2/repository/com/fasterxml/jackson/core/jackson-core/2.9.9/jackson-core-2.9.9.jar:/home/user/.m2/repository/com/fasterxml/jackson/module/jackson-module-jaxb-annotations/2.9.9/jackson-module-jaxb-annotations-2.9.9.jar:/home/user/.m2/repository/javax/enterprise/cdi-api/1.2/cdi-api-1.2.jar:/home/user/.m2/repository/javax/el/javax.el-api/3.0.0/javax.el-api-3.0.0.jar:/home/user/.m2/repository/javax/interceptor/javax.interceptor-api/1.2/javax.interceptor-api-1.2.jar:/home/user/.m2/repository/javax/inject/javax.inject/1/javax.inject-1.jar:/home/user/.m2/repository/com/sun/xml/bind/jaxb-impl/2.3.0.1/jaxb-impl-2.3.0.1.jar:/home/user/.m2/repository/com/sun/xml/bind/jaxb-core/2.3.0.1/jaxb-core-2.3.0.1.jar:/home/user/.m2/repository/javax/xml/bind/jaxb-api/2.3.0/jaxb-api-2.3.0.jar:/home/user/.m2/repository/javax/activation/activation/1.1.1/activation-1.1.1.jar:/home/user/.m2/repository/org/apache/hadoop/hadoop-ozone-csi/0.5.0-SNAPSHOT/hadoop-ozone-csi-0.5.0-SNAPSHOT.jar:/home/user/.m2/repository/com/google/protobuf/protobuf-java-util/3.5.1/protobuf-java-util-3.5.1.jar:/home/user/.m2/repository/org/apache/hadoop/hadoop-hdds-config/0.5.0-SNAPSHOT/hadoop-hdds-config-0.5.0-SNAPSHOT.jar:/home/user/.m2/repository/io/grpc/grpc-netty/1.17.1/grpc-netty-1.17.1.jar:/home/user/.m2/repository/io/grpc/grpc-core/1.17.1/grpc-core-1.17.1.jar:/home/user/.m2/repository/io/grpc/grpc-context/1.17.1/grpc-context-1.17.1.jar:/home/user/.m2/repository/com/google/errorprone/error_prone_annotations/2.2.0/error_prone_annotations-2.2.0.jar:/home/user/.m2/repository/org/codehaus/mojo/animal-sniffer-annotations/1.17/animal-sniffer-annotations-1.17.jar:/home/user/.m2/repository/io/opencensus/opencensus-api/0.17.0/opencensus-api-0.17.0.jar:/home/user/.m2/repository/io/opencensus/opencensus-contrib-grpc-metrics/0.17.0/opencensus-contrib-grpc-metrics-0.17.0.jar:/home/user/.m2/repository/io/netty/netty-codec-http2/4.1.30.Final/netty-codec-http2-4.1.30.Final.jar:/home/user/.m2/repository/io/netty/netty-codec-http/4.1.30.Final/netty-codec-http-4.1.30.Final.jar:/home/user/.m2/repository/io/netty/netty-codec/4.1.30.Final/netty-codec-4.1.30.Final.jar:/home/user/.m2/repository/io/netty/netty-handler/4.1.30.Final/netty-handler-4.1.30.Final.jar:/home/user/.m2/repository/io/netty/netty-handler-proxy/4.1.30.Final/netty-handler-proxy-4.1.30.Final.jar:/home/user/.m2/repository/io/netty/netty-codec-socks/4.1.30.Final/netty-codec-socks-4.1.30.Final.jar:/home/user/.m2/repository/io/netty/netty-transport-native-epoll/4.1.30.Final/netty-transport-native-epoll-4.1.30.Final.jar:/home/user/.m2/repository/io/netty/netty-common/4.1.30.Final/netty-common-4.1.30.Final.jar:/home/user/.m2/repository/io/netty/netty-buffer/4.1.30.Final/netty-buffer-4.1.30.Final.jar:/home/user/.m2/repository/io/netty/netty-transport/4.1.30.Final/netty-transport-4.1.30.Final.jar:/home/user/.m2/repository/io/netty/netty-resolver/4.1.30.Final/netty-resolver-4.1.30.Final.jar:/home/user/.m2/repository/io/netty/netty-transport-native-unix-common/4.1.30.Final/netty-transport-native-unix-common-4.1.30.Final.jar:/home/user/.m2/repository/io/grpc/grpc-protobuf/1.17.1/grpc-protobuf-1.17.1.jar:/home/user/.m2/repository/com/google/api/grpc/proto-google-common-protos/1.0.0/proto-google-common-protos-1.0.0.jar:/home/user/.m2/repository/io/grpc/grpc-protobuf-lite/1.17.1/grpc-protobuf-lite-1.17.1.jar:/home/user/.m2/repository/io/grpc/grpc-stub/1.17.1/grpc-stub-1.17.1.jar:/home/user/.m2/repository/org/apache/hadoop/hadoop-ozone-recon/0.5.0-SNAPSHOT/hadoop-ozone-recon-0.5.0-SNAPSHOT.jar:/home/user/.m2/repository/org/apache/hadoop/hadoop-ozone-reconcodegen/0.5.0-SNAPSHOT/hadoop-ozone-reconcodegen-0.5.0-SNAPSHOT.jar:/home/user/.m2/repository/com/google/inject/extensions/guice-multibindings/4.0/guice-multibindings-4.0.jar:/home/user/.m2/repository/com/google/inject/guice/4.0/guice-4.0.jar:/home/user/.m2/repository/aopalliance/aopalliance/1.0/aopalliance-1.0.jar:/home/user/.m2/repository/com/google/inject/extensions/guice-servlet/4.0/guice-servlet-4.0.jar:/home/user/.m2/repository/org/glassfish/jersey/containers/jersey-container-servlet/2.27/jersey-container-servlet-2.27.jar:/home/user/.m2/repository/org/glassfish/hk2/guice-bridge/2.5.0/guice-bridge-2.5.0.jar:/home/user/.m2/repository/org/glassfish/jersey/core/jersey-server/2.27/jersey-server-2.27.jar:/home/user/.m2/repository/org/glassfish/jersey/core/jersey-client/2.27/jersey-client-2.27.jar:/home/user/.m2/repository/org/glassfish/jersey/media/jersey-media-jaxb/2.27/jersey-media-jaxb-2.27.jar:/home/user/.m2/repository/javax/validation/validation-api/1.1.0.Final/validation-api-1.1.0.Final.jar:/home/user/.m2/repository/org/glassfish/jersey/media/jersey-media-json-jackson/2.27/jersey-media-json-jackson-2.27.jar:/home/user/.m2/repository/org/glassfish/jersey/ext/jersey-entity-filtering/2.27/jersey-entity-filtering-2.27.jar:/home/user/.m2/repository/com/google/inject/extensions/guice-assistedinject/4.0/guice-assistedinject-4.0.jar:/home/user/.m2/repository/org/jooq/jooq/3.11.10/jooq-3.11.10.jar:/home/user/.m2/repository/org/jooq/jooq-meta/3.11.10/jooq-meta-3.11.10.jar:/home/user/.m2/repository/org/jooq/jooq-codegen/3.11.10/jooq-codegen-3.11.10.jar:/home/user/.m2/repository/com/jolbox/bonecp/0.8.0.RELEASE/bonecp-0.8.0.RELEASE.jar:/home/user/.m2/repository/org/xerial/sqlite-jdbc/3.25.2/sqlite-jdbc-3.25.2.jar:/home/user/.m2/repository/org/springframework/spring-jdbc/5.1.3.RELEASE/spring-jdbc-5.1.3.RELEASE.jar:/home/user/.m2/repository/org/springframework/spring-beans/5.1.3.RELEASE/spring-beans-5.1.3.RELEASE.jar:/home/user/.m2/repository/org/springframework/spring-core/5.1.3.RELEASE/spring-core-5.1.3.RELEASE.jar:/home/user/.m2/repository/org/springframework/spring-jcl/5.1.3.RELEASE/spring-jcl-5.1.3.RELEASE.jar:/home/user/.m2/repository/org/springframework/spring-tx/5.1.3.RELEASE/spring-tx-5.1.3.RELEASE.jar:/home/user/.m2/repository/org/apache/hadoop/hadoop-ozone-client/0.5.0-SNAPSHOT/hadoop-ozone-client-0.5.0-SNAPSHOT.jar:/home/user/.m2/repository/commons-lang/commons-lang/2.6/commons-lang-2.6.jar:/home/user/.m2/repository/org/apache/hadoop/hadoop-ozone-ozone-manager/0.5.0-SNAPSHOT/hadoop-ozone-ozone-manager-0.5.0-SNAPSHOT-tests.jar:/home/user/.m2/repository/junit/junit/4.11/junit-4.11.jar:/home/user/.m2/repository/org/hamcrest/hamcrest-core/1.3/hamcrest-core-1.3.jar:/home/user/.m2/repository/org/openjdk/jmh/jmh-core/1.19/jmh-core-1.19.jar:/home/user/.m2/repository/net/sf/jopt-simple/jopt-simple/4.6/jopt-simple-4.6.jar:/home/user/.m2/repository/org/apache/commons/commons-math3/3.1.1/commons-math3-3.1.1.jar:/home/user/.m2/repository/org/openjdk/jmh/jmh-generator-annprocess/1.19/jmh-generator-annprocess-1.19.jar:/home/user/.m2/repository/org/mockito/mockito-all/1.8.5/mockito-all-1.8.5.jar:/home/user/.m2/repository/org/apache/hadoop/hadoop-kms/3.2.0/hadoop-kms-3.2.0.jar:/home/user/.m2/repository/org/apache/hadoop/hadoop-auth/3.2.0/hadoop-auth-3.2.0.jar:/home/user/.m2/repository/com/nimbusds/nimbus-jose-jwt/4.41.1/nimbus-jose-jwt-4.41.1.jar:/home/user/.m2/repository/com/github/stephenc/jcip/jcip-annotations/1.0-1/jcip-annotations-1.0-1.jar:/home/user/.m2/repository/net/minidev/json-smart/2.3/json-smart-2.3.jar:/home/user/.m2/repository/net/minidev/accessors-smart/1.2/accessors-smart-1.2.jar:/home/user/.m2/repository/org/ow2/asm/asm/5.0.4/asm-5.0.4.jar:/home/user/.m2/repository/org/apache/curator/curator-framework/2.12.0/curator-framework-2.12.0.jar:/home/user/.m2/repository/com/sun/jersey/jersey-core/1.19/jersey-core-1.19.jar:/home/user/.m2/repository/javax/ws/rs/jsr311-api/1.1.1/jsr311-api-1.1.1.jar:/home/user/.m2/repository/com/sun/jersey/jersey-server/1.19/jersey-server-1.19.jar:/home/user/.m2/repository/javax/servlet/javax.servlet-api/3.1.0/javax.servlet-api-3.1.0.jar:/home/user/.m2/repository/org/eclipse/jetty/jetty-server/9.3.25.v20180904/jetty-server-9.3.25.v20180904.jar:/home/user/.m2/repository/org/eclipse/jetty/jetty-http/9.3.25.v20180904/jetty-http-9.3.25.v20180904.jar:/home/user/.m2/repository/org/eclipse/jetty/jetty-io/9.3.25.v20180904/jetty-io-9.3.25.v20180904.jar:/home/user/.m2/repository/org/eclipse/jetty/jetty-webapp/9.3.25.v20180904/jetty-webapp-9.3.25.v20180904.jar:/home/user/.m2/repository/org/eclipse/jetty/jetty-xml/9.3.25.v20180904/jetty-xml-9.3.25.v20180904.jar:/home/user/.m2/repository/log4j/log4j/1.2.17/log4j-1.2.17.jar:/home/user/.m2/repository/org/slf4j/slf4j-api/1.7.25/slf4j-api-1.7.25.jar:/home/user/.m2/repository/org/slf4j/jul-to-slf4j/1.7.25/jul-to-slf4j-1.7.25.jar:/home/user/.m2/repository/org/eclipse/jetty/jetty-util/9.3.25.v20180904/jetty-util-9.3.25.v20180904.jar:/home/user/.m2/repository/com/fasterxml/jackson/core/jackson-databind/2.9.9/jackson-databind-2.9.9.jar:/home/user/.m2/repository/org/apache/hadoop/hadoop-kms/3.2.0/hadoop-kms-3.2.0-tests.jar:/home/user/.m2/repository/org/apache/hadoop/hadoop-hdds-server-scm/0.5.0-SNAPSHOT/hadoop-hdds-server-scm-0.5.0-SNAPSHOT-tests.jar:/home/user/.m2/repository/org/apache/hadoop/hadoop-hdds-container-service/0.5.0-SNAPSHOT/hadoop-hdds-container-service-0.5.0-SNAPSHOT-tests.jar:/home/user/.m2/repository/org/yaml/snakeyaml/1.16/snakeyaml-1.16.jar:/home/user/.m2/repository/org/apache/hadoop/hadoop-common/3.2.0/hadoop-common-3.2.0-tests.jar:/home/user/.m2/repository/org/apache/hadoop/hadoop-annotations/3.2.0/hadoop-annotations-3.2.0.jar:/usr/lib/jvm/java-1.8.0-openjdk-1.8.0.222.b10-1.el7_7.x86_64/jre/../lib/tools.jar:/home/user/.m2/repository/commons-cli/commons-cli/1.2/commons-cli-1.2.jar:/home/user/.m2/repository/org/apache/httpcomponents/httpclient/4.5.2/httpclient-4.5.2.jar:/home/user/.m2/repository/org/apache/httpcomponents/httpcore/4.4.4/httpcore-4.4.4.jar:/home/user/.m2/repository/commons-codec/commons-codec/1.11/commons-codec-1.11.jar:/home/user/.m2/repository/commons-net/commons-net/3.6/commons-net-3.6.jar:/home/user/.m2/repository/commons-collections/commons-collections/3.2.2/commons-collections-3.2.2.jar:/home/user/.m2/repository/org/eclipse/jetty/jetty-servlet/9.3.25.v20180904/jetty-servlet-9.3.25.v20180904.jar:/home/user/.m2/repository/org/eclipse/jetty/jetty-security/9.3.25.v20180904/jetty-security-9.3.25.v20180904.jar:/home/user/.m2/repository/javax/servlet/jsp/jsp-api/2.1/jsp-api-2.1.jar:/home/user/.m2/repository/com/sun/jersey/jersey-servlet/1.19/jersey-servlet-1.19.jar:/home/user/.m2/repository/com/sun/jersey/jersey-json/1.19/jersey-json-1.19.jar:/home/user/.m2/repository/org/codehaus/jettison/jettison/1.1/jettison-1.1.jar:/home/user/.m2/repository/org/codehaus/jackson/jackson-core-asl/1.9.13/jackson-core-asl-1.9.13.jar:/home/user/.m2/repository/org/codehaus/jackson/jackson-mapper-asl/1.9.13/jackson-mapper-asl-1.9.13.jar:/home/user/.m2/repository/org/codehaus/jackson/jackson-jaxrs/1.9.13/jackson-jaxrs-1.9.13.jar:/home/user/.m2/repository/org/codehaus/jackson/jackson-xc/1.9.13/jackson-xc-1.9.13.jar:/home/user/.m2/repository/commons-logging/commons-logging/1.1.3/commons-logging-1.1.3.jar:/home/user/.m2/repository/commons-beanutils/commons-beanutils/1.9.4/commons-beanutils-1.9.4.jar:/home/user/.m2/repository/org/apache/commons/commons-configuration2/2.1.1/commons-configuration2-2.1.1.jar:/home/user/.m2/repository/org/apache/commons/commons-lang3/3.7/commons-lang3-3.7.jar:/home/user/.m2/repository/org/apache/commons/commons-text/1.4/commons-text-1.4.jar:/home/user/.m2/repository/org/apache/avro/avro/1.7.7/avro-1.7.7.jar:/home/user/.m2/repository/com/thoughtworks/paranamer/paranamer/2.3/paranamer-2.3.jar:/home/user/.m2/repository/org/xerial/snappy/snappy-java/1.0.5/snappy-java-1.0.5.jar:/home/user/.m2/repository/com/google/re2j/re2j/1.1/re2j-1.1.jar:/home/user/.m2/repository/com/google/code/gson/gson/2.2.4/gson-2.2.4.jar:/home/user/.m2/repository/com/jcraft/jsch/0.1.54/jsch-0.1.54.jar:/home/user/.m2/repository/org/apache/curator/curator-client/2.12.0/curator-client-2.12.0.jar:/home/user/.m2/repository/org/apache/curator/curator-recipes/2.12.0/curator-recipes-2.12.0.jar:/home/user/.m2/repository/com/google/code/findbugs/jsr305/3.0.0/jsr305-3.0.0.jar:/home/user/.m2/repository/org/apache/htrace/htrace-core4/4.1.0-incubating/htrace-core4-4.1.0-incubating.jar:/home/user/.m2/repository/org/apache/zookeeper/zookeeper/3.4.13/zookeeper-3.4.13.jar:/home/user/.m2/repository/jline/jline/0.9.94/jline-0.9.94.jar:/home/user/.m2/repository/org/apache/yetus/audience-annotations/0.5.0/audience-annotations-0.5.0.jar:/home/user/.m2/repository/org/codehaus/woodstox/stax2-api/3.1.4/stax2-api-3.1.4.jar:/home/user/.m2/repository/com/fasterxml/woodstox/woodstox-core/5.0.3/woodstox-core-5.0.3.jar:/home/user/.m2/repository/dnsjava/dnsjava/2.1.7/dnsjava-2.1.7.jar:/home/user/.m2/repository/org/apache/hadoop/hadoop-hdfs/3.2.0/hadoop-hdfs-3.2.0-tests.jar:/home/user/.m2/repository/org/eclipse/jetty/jetty-util-ajax/9.3.25.v20180904/jetty-util-ajax-9.3.25.v20180904.jar:/home/user/.m2/repository/commons-daemon/commons-daemon/1.0.13/commons-daemon-1.0.13.jar:/home/user/.m2/repository/io/netty/netty/3.10.5.Final/netty-3.10.5.Final.jar:/home/user/.m2/repository/io/netty/netty-all/4.0.52.Final/netty-all-4.0.52.Final.jar:/home/user/.m2/repository/org/fusesource/leveldbjni/leveldbjni-all/1.8/leveldbjni-all-1.8.jar:"/>
    <property name="java.vm.vendor" value="Oracle Corporation"/>
    <property name="sun.arch.data.model" value="64"/>
    <property name="test.build.dir" value="/workdir/hadoop-ozone/integration-test/target/test-dir"/>
    <property name="test.cache.data" value=""/>
    <property name="java.vendor.url" value="http://java.oracle.com/"/>
    <property name="user.timezone" value=""/>
    <property name="java.vm.specification.version" value="1.8"/>
    <property name="os.name" value="Linux"/>
    <property name="test.build.data" value="/workdir/hadoop-ozone/integration-test/target/test-dir"/>
    <property name="user.country" value="US"/>
    <property name="sun.java.launcher" value="SUN_STANDARD"/>
    <property name="sun.boot.library.path" value="/usr/lib/jvm/java-1.8.0-openjdk-1.8.0.222.b10-1.el7_7.x86_64/jre/lib/amd64"/>
    <property name="sun.java.command" value="/workdir/hadoop-ozone/integration-test/target/surefire/surefirebooter322816668945898575.jar /workdir/hadoop-ozone/integration-test/target/surefire 2019-11-07T13-11-59_333-jvmRun1 surefire4669791044594750724tmp surefire_437755826352014695537tmp"/>
    <property name="surefire.test.class.path" value="/workdir/hadoop-ozone/integration-test/target/test-classes:/workdir/hadoop-ozone/integration-test/target/classes:/home/user/.m2/repository/org/apache/hadoop/hadoop-ozone-common/0.5.0-SNAPSHOT/hadoop-ozone-common-0.5.0-SNAPSHOT.jar:/home/user/.m2/repository/org/apache/commons/commons-compress/1.4.1/commons-compress-1.4.1.jar:/home/user/.m2/repository/org/tukaani/xz/1.0/xz-1.0.jar:/home/user/.m2/repository/org/apache/hadoop/hadoop-common/3.2.0/hadoop-common-3.2.0.jar:/home/user/.m2/repository/org/apache/hadoop/hadoop-hdfs/3.2.0/hadoop-hdfs-3.2.0.jar:/home/user/.m2/repository/org/apache/hadoop/hadoop-hdfs-client/3.2.0/hadoop-hdfs-client-3.2.0.jar:/home/user/.m2/repository/com/fasterxml/jackson/core/jackson-annotations/2.9.9/jackson-annotations-2.9.9.jar:/home/user/.m2/repository/org/apache/hadoop/hadoop-hdds-common/0.5.0-SNAPSHOT/hadoop-hdds-common-0.5.0-SNAPSHOT.jar:/home/user/.m2/repository/javax/annotation/javax.annotation-api/1.2/javax.annotation-api-1.2.jar:/home/user/.m2/repository/org/apache/ratis/ratis-server/0.5.0-ced7dbf-SNAPSHOT/ratis-server-0.5.0-ced7dbf-SNAPSHOT.jar:/home/user/.m2/repository/org/apache/ratis/ratis-thirdparty-misc/0.2.0/ratis-thirdparty-misc-0.2.0.jar:/home/user/.m2/repository/org/apache/ratis/ratis-proto/0.5.0-ced7dbf-SNAPSHOT/ratis-proto-0.5.0-ced7dbf-SNAPSHOT.jar:/home/user/.m2/repository/org/apache/ratis/ratis-common/0.5.0-ced7dbf-SNAPSHOT/ratis-common-0.5.0-ced7dbf-SNAPSHOT.jar:/home/user/.m2/repository/org/apache/ratis/ratis-client/0.5.0-ced7dbf-SNAPSHOT/ratis-client-0.5.0-ced7dbf-SNAPSHOT.jar:/home/user/.m2/repository/org/apache/ratis/ratis-metrics/0.5.0-ced7dbf-SNAPSHOT/ratis-metrics-0.5.0-ced7dbf-SNAPSHOT.jar:/home/user/.m2/repository/org/apache/ratis/ratis-netty/0.5.0-ced7dbf-SNAPSHOT/ratis-netty-0.5.0-ced7dbf-SNAPSHOT.jar:/home/user/.m2/repository/org/apache/ratis/ratis-grpc/0.5.0-ced7dbf-SNAPSHOT/ratis-grpc-0.5.0-ced7dbf-SNAPSHOT.jar:/home/user/.m2/repository/org/rocksdb/rocksdbjni/6.0.1/rocksdbjni-6.0.1.jar:/home/user/.m2/repository/org/apache/logging/log4j/log4j-api/2.11.0/log4j-api-2.11.0.jar:/home/user/.m2/repository/org/apache/logging/log4j/log4j-core/2.11.0/log4j-core-2.11.0.jar:/home/user/.m2/repository/com/lmax/disruptor/3.4.2/disruptor-3.4.2.jar:/home/user/.m2/repository/org/apache/commons/commons-pool2/2.6.0/commons-pool2-2.6.0.jar:/home/user/.m2/repository/org/bouncycastle/bcpkix-jdk15on/1.60/bcpkix-jdk15on-1.60.jar:/home/user/.m2/repository/commons-validator/commons-validator/1.6/commons-validator-1.6.jar:/home/user/.m2/repository/commons-digester/commons-digester/1.8.1/commons-digester-1.8.1.jar:/home/user/.m2/repository/io/jaegertracing/jaeger-client/0.34.0/jaeger-client-0.34.0.jar:/home/user/.m2/repository/io/jaegertracing/jaeger-thrift/0.34.0/jaeger-thrift-0.34.0.jar:/home/user/.m2/repository/org/apache/thrift/libthrift/0.12.0/libthrift-0.12.0.jar:/home/user/.m2/repository/com/squareup/okhttp3/okhttp/3.9.0/okhttp-3.9.0.jar:/home/user/.m2/repository/com/squareup/okio/okio/1.13.0/okio-1.13.0.jar:/home/user/.m2/repository/io/jaegertracing/jaeger-core/0.34.0/jaeger-core-0.34.0.jar:/home/user/.m2/repository/io/jaegertracing/jaeger-tracerresolver/0.34.0/jaeger-tracerresolver-0.34.0.jar:/home/user/.m2/repository/io/opentracing/contrib/opentracing-tracerresolver/0.1.5/opentracing-tracerresolver-0.1.5.jar:/home/user/.m2/repository/io/opentracing/opentracing-util/0.31.0/opentracing-util-0.31.0.jar:/home/user/.m2/repository/io/opentracing/opentracing-api/0.31.0/opentracing-api-0.31.0.jar:/home/user/.m2/repository/io/opentracing/opentracing-noop/0.31.0/opentracing-noop-0.31.0.jar:/home/user/.m2/repository/org/apache/hadoop/hadoop-hdds-server-framework/0.5.0-SNAPSHOT/hadoop-hdds-server-framework-0.5.0-SNAPSHOT.jar:/home/user/.m2/repository/org/apache/hadoop/hadoop-hdds-container-service/0.5.0-SNAPSHOT/hadoop-hdds-container-service-0.5.0-SNAPSHOT.jar:/home/user/.m2/repository/org/apache/hadoop/hadoop-hdds-client/0.5.0-SNAPSHOT/hadoop-hdds-client-0.5.0-SNAPSHOT.jar:/home/user/.m2/repository/org/apache/hadoop/hadoop-hdds-tools/0.5.0-SNAPSHOT/hadoop-hdds-tools-0.5.0-SNAPSHOT.jar:/home/user/.m2/repository/org/apache/hadoop/hadoop-hdds-server-scm/0.5.0-SNAPSHOT/hadoop-hdds-server-scm-0.5.0-SNAPSHOT.jar:/home/user/.m2/repository/org/apache/hadoop/hadoop-hdds-docs/0.5.0-SNAPSHOT/hadoop-hdds-docs-0.5.0-SNAPSHOT.jar:/home/user/.m2/repository/io/dropwizard/metrics/metrics-core/3.2.4/metrics-core-3.2.4.jar:/home/user/.m2/repository/org/hamcrest/hamcrest-all/1.3/hamcrest-all-1.3.jar:/home/user/.m2/repository/org/bouncycastle/bcprov-jdk15on/1.60/bcprov-jdk15on-1.60.jar:/home/user/.m2/repository/info/picocli/picocli/3.9.6/picocli-3.9.6.jar:/home/user/.m2/repository/com/google/protobuf/protobuf-java/2.5.0/protobuf-java-2.5.0.jar:/home/user/.m2/repository/com/google/guava/guava/11.0.2/guava-11.0.2.jar:/home/user/.m2/repository/org/apache/hadoop/hadoop-ozone-ozone-manager/0.5.0-SNAPSHOT/hadoop-ozone-ozone-manager-0.5.0-SNAPSHOT.jar:/home/user/.m2/repository/org/apache/hadoop/hadoop-minikdc/3.2.0/hadoop-minikdc-3.2.0.jar:/home/user/.m2/repository/commons-io/commons-io/2.5/commons-io-2.5.jar:/home/user/.m2/repository/org/apache/kerby/kerb-simplekdc/1.0.1/kerb-simplekdc-1.0.1.jar:/home/user/.m2/repository/org/apache/kerby/kerb-client/1.0.1/kerb-client-1.0.1.jar:/home/user/.m2/repository/org/apache/kerby/kerby-config/1.0.1/kerby-config-1.0.1.jar:/home/user/.m2/repository/org/apache/kerby/kerb-core/1.0.1/kerb-core-1.0.1.jar:/home/user/.m2/repository/org/apache/kerby/kerby-pkix/1.0.1/kerby-pkix-1.0.1.jar:/home/user/.m2/repository/org/apache/kerby/kerby-asn1/1.0.1/kerby-asn1-1.0.1.jar:/home/user/.m2/repository/org/apache/kerby/kerby-util/1.0.1/kerby-util-1.0.1.jar:/home/user/.m2/repository/org/apache/kerby/kerb-common/1.0.1/kerb-common-1.0.1.jar:/home/user/.m2/repository/org/apache/kerby/kerb-crypto/1.0.1/kerb-crypto-1.0.1.jar:/home/user/.m2/repository/org/apache/kerby/kerb-util/1.0.1/kerb-util-1.0.1.jar:/home/user/.m2/repository/org/apache/kerby/token-provider/1.0.1/token-provider-1.0.1.jar:/home/user/.m2/repository/org/apache/kerby/kerb-admin/1.0.1/kerb-admin-1.0.1.jar:/home/user/.m2/repository/org/apache/kerby/kerb-server/1.0.1/kerb-server-1.0.1.jar:/home/user/.m2/repository/org/apache/kerby/kerb-identity/1.0.1/kerb-identity-1.0.1.jar:/home/user/.m2/repository/org/apache/kerby/kerby-xdr/1.0.1/kerby-xdr-1.0.1.jar:/home/user/.m2/repository/org/slf4j/slf4j-log4j12/1.7.25/slf4j-log4j12-1.7.25.jar:/home/user/.m2/repository/org/apache/hadoop/hadoop-ozone-s3gateway/0.5.0-SNAPSHOT/hadoop-ozone-s3gateway-0.5.0-SNAPSHOT.jar:/home/user/.m2/repository/org/jboss/weld/servlet/weld-servlet/2.4.7.Final/weld-servlet-2.4.7.Final.jar:/home/user/.m2/repository/org/glassfish/jersey/containers/jersey-container-servlet-core/2.27/jersey-container-servlet-core-2.27.jar:/home/user/.m2/repository/org/glassfish/hk2/external/javax.inject/2.5.0-b42/javax.inject-2.5.0-b42.jar:/home/user/.m2/repository/org/glassfish/jersey/core/jersey-common/2.27/jersey-common-2.27.jar:/home/user/.m2/repository/org/glassfish/hk2/osgi-resource-locator/1.0.1/osgi-resource-locator-1.0.1.jar:/home/user/.m2/repository/javax/ws/rs/javax.ws.rs-api/2.1/javax.ws.rs-api-2.1.jar:/home/user/.m2/repository/org/glassfish/jersey/ext/cdi/jersey-cdi1x/2.27/jersey-cdi1x-2.27.jar:/home/user/.m2/repository/org/glassfish/jersey/inject/jersey-hk2/2.27/jersey-hk2-2.27.jar:/home/user/.m2/repository/org/glassfish/hk2/hk2-locator/2.5.0-b42/hk2-locator-2.5.0-b42.jar:/home/user/.m2/repository/org/javassist/javassist/3.22.0-CR2/javassist-3.22.0-CR2.jar:/home/user/.m2/repository/org/glassfish/hk2/hk2-api/2.5.0/hk2-api-2.5.0.jar:/home/user/.m2/repository/org/glassfish/hk2/external/jakarta.inject/2.5.0/jakarta.inject-2.5.0.jar:/home/user/.m2/repository/org/glassfish/hk2/hk2-utils/2.5.0/hk2-utils-2.5.0.jar:/home/user/.m2/repository/jakarta/annotation/jakarta.annotation-api/1.3.4/jakarta.annotation-api-1.3.4.jar:/home/user/.m2/repository/org/glassfish/hk2/external/aopalliance-repackaged/2.5.0/aopalliance-repackaged-2.5.0.jar:/home/user/.m2/repository/com/fasterxml/jackson/dataformat/jackson-dataformat-xml/2.9.0/jackson-dataformat-xml-2.9.0.jar:/home/user/.m2/repository/com/fasterxml/jackson/core/jackson-core/2.9.9/jackson-core-2.9.9.jar:/home/user/.m2/repository/com/fasterxml/jackson/module/jackson-module-jaxb-annotations/2.9.9/jackson-module-jaxb-annotations-2.9.9.jar:/home/user/.m2/repository/javax/enterprise/cdi-api/1.2/cdi-api-1.2.jar:/home/user/.m2/repository/javax/el/javax.el-api/3.0.0/javax.el-api-3.0.0.jar:/home/user/.m2/repository/javax/interceptor/javax.interceptor-api/1.2/javax.interceptor-api-1.2.jar:/home/user/.m2/repository/javax/inject/javax.inject/1/javax.inject-1.jar:/home/user/.m2/repository/com/sun/xml/bind/jaxb-impl/2.3.0.1/jaxb-impl-2.3.0.1.jar:/home/user/.m2/repository/com/sun/xml/bind/jaxb-core/2.3.0.1/jaxb-core-2.3.0.1.jar:/home/user/.m2/repository/javax/xml/bind/jaxb-api/2.3.0/jaxb-api-2.3.0.jar:/home/user/.m2/repository/javax/activation/activation/1.1.1/activation-1.1.1.jar:/home/user/.m2/repository/org/apache/hadoop/hadoop-ozone-csi/0.5.0-SNAPSHOT/hadoop-ozone-csi-0.5.0-SNAPSHOT.jar:/home/user/.m2/repository/com/google/protobuf/protobuf-java-util/3.5.1/protobuf-java-util-3.5.1.jar:/home/user/.m2/repository/org/apache/hadoop/hadoop-hdds-config/0.5.0-SNAPSHOT/hadoop-hdds-config-0.5.0-SNAPSHOT.jar:/home/user/.m2/repository/io/grpc/grpc-netty/1.17.1/grpc-netty-1.17.1.jar:/home/user/.m2/repository/io/grpc/grpc-core/1.17.1/grpc-core-1.17.1.jar:/home/user/.m2/repository/io/grpc/grpc-context/1.17.1/grpc-context-1.17.1.jar:/home/user/.m2/repository/com/google/errorprone/error_prone_annotations/2.2.0/error_prone_annotations-2.2.0.jar:/home/user/.m2/repository/org/codehaus/mojo/animal-sniffer-annotations/1.17/animal-sniffer-annotations-1.17.jar:/home/user/.m2/repository/io/opencensus/opencensus-api/0.17.0/opencensus-api-0.17.0.jar:/home/user/.m2/repository/io/opencensus/opencensus-contrib-grpc-metrics/0.17.0/opencensus-contrib-grpc-metrics-0.17.0.jar:/home/user/.m2/repository/io/netty/netty-codec-http2/4.1.30.Final/netty-codec-http2-4.1.30.Final.jar:/home/user/.m2/repository/io/netty/netty-codec-http/4.1.30.Final/netty-codec-http-4.1.30.Final.jar:/home/user/.m2/repository/io/netty/netty-codec/4.1.30.Final/netty-codec-4.1.30.Final.jar:/home/user/.m2/repository/io/netty/netty-handler/4.1.30.Final/netty-handler-4.1.30.Final.jar:/home/user/.m2/repository/io/netty/netty-handler-proxy/4.1.30.Final/netty-handler-proxy-4.1.30.Final.jar:/home/user/.m2/repository/io/netty/netty-codec-socks/4.1.30.Final/netty-codec-socks-4.1.30.Final.jar:/home/user/.m2/repository/io/netty/netty-transport-native-epoll/4.1.30.Final/netty-transport-native-epoll-4.1.30.Final.jar:/home/user/.m2/repository/io/netty/netty-common/4.1.30.Final/netty-common-4.1.30.Final.jar:/home/user/.m2/repository/io/netty/netty-buffer/4.1.30.Final/netty-buffer-4.1.30.Final.jar:/home/user/.m2/repository/io/netty/netty-transport/4.1.30.Final/netty-transport-4.1.30.Final.jar:/home/user/.m2/repository/io/netty/netty-resolver/4.1.30.Final/netty-resolver-4.1.30.Final.jar:/home/user/.m2/repository/io/netty/netty-transport-native-unix-common/4.1.30.Final/netty-transport-native-unix-common-4.1.30.Final.jar:/home/user/.m2/repository/io/grpc/grpc-protobuf/1.17.1/grpc-protobuf-1.17.1.jar:/home/user/.m2/repository/com/google/api/grpc/proto-google-common-protos/1.0.0/proto-google-common-protos-1.0.0.jar:/home/user/.m2/repository/io/grpc/grpc-protobuf-lite/1.17.1/grpc-protobuf-lite-1.17.1.jar:/home/user/.m2/repository/io/grpc/grpc-stub/1.17.1/grpc-stub-1.17.1.jar:/home/user/.m2/repository/org/apache/hadoop/hadoop-ozone-recon/0.5.0-SNAPSHOT/hadoop-ozone-recon-0.5.0-SNAPSHOT.jar:/home/user/.m2/repository/org/apache/hadoop/hadoop-ozone-reconcodegen/0.5.0-SNAPSHOT/hadoop-ozone-reconcodegen-0.5.0-SNAPSHOT.jar:/home/user/.m2/repository/com/google/inject/extensions/guice-multibindings/4.0/guice-multibindings-4.0.jar:/home/user/.m2/repository/com/google/inject/guice/4.0/guice-4.0.jar:/home/user/.m2/repository/aopalliance/aopalliance/1.0/aopalliance-1.0.jar:/home/user/.m2/repository/com/google/inject/extensions/guice-servlet/4.0/guice-servlet-4.0.jar:/home/user/.m2/repository/org/glassfish/jersey/containers/jersey-container-servlet/2.27/jersey-container-servlet-2.27.jar:/home/user/.m2/repository/org/glassfish/hk2/guice-bridge/2.5.0/guice-bridge-2.5.0.jar:/home/user/.m2/repository/org/glassfish/jersey/core/jersey-server/2.27/jersey-server-2.27.jar:/home/user/.m2/repository/org/glassfish/jersey/core/jersey-client/2.27/jersey-client-2.27.jar:/home/user/.m2/repository/org/glassfish/jersey/media/jersey-media-jaxb/2.27/jersey-media-jaxb-2.27.jar:/home/user/.m2/repository/javax/validation/validation-api/1.1.0.Final/validation-api-1.1.0.Final.jar:/home/user/.m2/repository/org/glassfish/jersey/media/jersey-media-json-jackson/2.27/jersey-media-json-jackson-2.27.jar:/home/user/.m2/repository/org/glassfish/jersey/ext/jersey-entity-filtering/2.27/jersey-entity-filtering-2.27.jar:/home/user/.m2/repository/com/google/inject/extensions/guice-assistedinject/4.0/guice-assistedinject-4.0.jar:/home/user/.m2/repository/org/jooq/jooq/3.11.10/jooq-3.11.10.jar:/home/user/.m2/repository/org/jooq/jooq-meta/3.11.10/jooq-meta-3.11.10.jar:/home/user/.m2/repository/org/jooq/jooq-codegen/3.11.10/jooq-codegen-3.11.10.jar:/home/user/.m2/repository/com/jolbox/bonecp/0.8.0.RELEASE/bonecp-0.8.0.RELEASE.jar:/home/user/.m2/repository/org/xerial/sqlite-jdbc/3.25.2/sqlite-jdbc-3.25.2.jar:/home/user/.m2/repository/org/springframework/spring-jdbc/5.1.3.RELEASE/spring-jdbc-5.1.3.RELEASE.jar:/home/user/.m2/repository/org/springframework/spring-beans/5.1.3.RELEASE/spring-beans-5.1.3.RELEASE.jar:/home/user/.m2/repository/org/springframework/spring-core/5.1.3.RELEASE/spring-core-5.1.3.RELEASE.jar:/home/user/.m2/repository/org/springframework/spring-jcl/5.1.3.RELEASE/spring-jcl-5.1.3.RELEASE.jar:/home/user/.m2/repository/org/springframework/spring-tx/5.1.3.RELEASE/spring-tx-5.1.3.RELEASE.jar:/home/user/.m2/repository/org/apache/hadoop/hadoop-ozone-client/0.5.0-SNAPSHOT/hadoop-ozone-client-0.5.0-SNAPSHOT.jar:/home/user/.m2/repository/commons-lang/commons-lang/2.6/commons-lang-2.6.jar:/home/user/.m2/repository/org/apache/hadoop/hadoop-ozone-ozone-manager/0.5.0-SNAPSHOT/hadoop-ozone-ozone-manager-0.5.0-SNAPSHOT-tests.jar:/home/user/.m2/repository/junit/junit/4.11/junit-4.11.jar:/home/user/.m2/repository/org/hamcrest/hamcrest-core/1.3/hamcrest-core-1.3.jar:/home/user/.m2/repository/org/openjdk/jmh/jmh-core/1.19/jmh-core-1.19.jar:/home/user/.m2/repository/net/sf/jopt-simple/jopt-simple/4.6/jopt-simple-4.6.jar:/home/user/.m2/repository/org/apache/commons/commons-math3/3.1.1/commons-math3-3.1.1.jar:/home/user/.m2/repository/org/openjdk/jmh/jmh-generator-annprocess/1.19/jmh-generator-annprocess-1.19.jar:/home/user/.m2/repository/org/mockito/mockito-all/1.8.5/mockito-all-1.8.5.jar:/home/user/.m2/repository/org/apache/hadoop/hadoop-kms/3.2.0/hadoop-kms-3.2.0.jar:/home/user/.m2/repository/org/apache/hadoop/hadoop-auth/3.2.0/hadoop-auth-3.2.0.jar:/home/user/.m2/repository/com/nimbusds/nimbus-jose-jwt/4.41.1/nimbus-jose-jwt-4.41.1.jar:/home/user/.m2/repository/com/github/stephenc/jcip/jcip-annotations/1.0-1/jcip-annotations-1.0-1.jar:/home/user/.m2/repository/net/minidev/json-smart/2.3/json-smart-2.3.jar:/home/user/.m2/repository/net/minidev/accessors-smart/1.2/accessors-smart-1.2.jar:/home/user/.m2/repository/org/ow2/asm/asm/5.0.4/asm-5.0.4.jar:/home/user/.m2/repository/org/apache/curator/curator-framework/2.12.0/curator-framework-2.12.0.jar:/home/user/.m2/repository/com/sun/jersey/jersey-core/1.19/jersey-core-1.19.jar:/home/user/.m2/repository/javax/ws/rs/jsr311-api/1.1.1/jsr311-api-1.1.1.jar:/home/user/.m2/repository/com/sun/jersey/jersey-server/1.19/jersey-server-1.19.jar:/home/user/.m2/repository/javax/servlet/javax.servlet-api/3.1.0/javax.servlet-api-3.1.0.jar:/home/user/.m2/repository/org/eclipse/jetty/jetty-server/9.3.25.v20180904/jetty-server-9.3.25.v20180904.jar:/home/user/.m2/repository/org/eclipse/jetty/jetty-http/9.3.25.v20180904/jetty-http-9.3.25.v20180904.jar:/home/user/.m2/repository/org/eclipse/jetty/jetty-io/9.3.25.v20180904/jetty-io-9.3.25.v20180904.jar:/home/user/.m2/repository/org/eclipse/jetty/jetty-webapp/9.3.25.v20180904/jetty-webapp-9.3.25.v20180904.jar:/home/user/.m2/repository/org/eclipse/jetty/jetty-xml/9.3.25.v20180904/jetty-xml-9.3.25.v20180904.jar:/home/user/.m2/repository/log4j/log4j/1.2.17/log4j-1.2.17.jar:/home/user/.m2/repository/org/slf4j/slf4j-api/1.7.25/slf4j-api-1.7.25.jar:/home/user/.m2/repository/org/slf4j/jul-to-slf4j/1.7.25/jul-to-slf4j-1.7.25.jar:/home/user/.m2/repository/org/eclipse/jetty/jetty-util/9.3.25.v20180904/jetty-util-9.3.25.v20180904.jar:/home/user/.m2/repository/com/fasterxml/jackson/core/jackson-databind/2.9.9/jackson-databind-2.9.9.jar:/home/user/.m2/repository/org/apache/hadoop/hadoop-kms/3.2.0/hadoop-kms-3.2.0-tests.jar:/home/user/.m2/repository/org/apache/hadoop/hadoop-hdds-server-scm/0.5.0-SNAPSHOT/hadoop-hdds-server-scm-0.5.0-SNAPSHOT-tests.jar:/home/user/.m2/repository/org/apache/hadoop/hadoop-hdds-container-service/0.5.0-SNAPSHOT/hadoop-hdds-container-service-0.5.0-SNAPSHOT-tests.jar:/home/user/.m2/repository/org/yaml/snakeyaml/1.16/snakeyaml-1.16.jar:/home/user/.m2/repository/org/apache/hadoop/hadoop-common/3.2.0/hadoop-common-3.2.0-tests.jar:/home/user/.m2/repository/org/apache/hadoop/hadoop-annotations/3.2.0/hadoop-annotations-3.2.0.jar:/usr/lib/jvm/java-1.8.0-openjdk-1.8.0.222.b10-1.el7_7.x86_64/jre/../lib/tools.jar:/home/user/.m2/repository/commons-cli/commons-cli/1.2/commons-cli-1.2.jar:/home/user/.m2/repository/org/apache/httpcomponents/httpclient/4.5.2/httpclient-4.5.2.jar:/home/user/.m2/repository/org/apache/httpcomponents/httpcore/4.4.4/httpcore-4.4.4.jar:/home/user/.m2/repository/commons-codec/commons-codec/1.11/commons-codec-1.11.jar:/home/user/.m2/repository/commons-net/commons-net/3.6/commons-net-3.6.jar:/home/user/.m2/repository/commons-collections/commons-collections/3.2.2/commons-collections-3.2.2.jar:/home/user/.m2/repository/org/eclipse/jetty/jetty-servlet/9.3.25.v20180904/jetty-servlet-9.3.25.v20180904.jar:/home/user/.m2/repository/org/eclipse/jetty/jetty-security/9.3.25.v20180904/jetty-security-9.3.25.v20180904.jar:/home/user/.m2/repository/javax/servlet/jsp/jsp-api/2.1/jsp-api-2.1.jar:/home/user/.m2/repository/com/sun/jersey/jersey-servlet/1.19/jersey-servlet-1.19.jar:/home/user/.m2/repository/com/sun/jersey/jersey-json/1.19/jersey-json-1.19.jar:/home/user/.m2/repository/org/codehaus/jettison/jettison/1.1/jettison-1.1.jar:/home/user/.m2/repository/org/codehaus/jackson/jackson-core-asl/1.9.13/jackson-core-asl-1.9.13.jar:/home/user/.m2/repository/org/codehaus/jackson/jackson-mapper-asl/1.9.13/jackson-mapper-asl-1.9.13.jar:/home/user/.m2/repository/org/codehaus/jackson/jackson-jaxrs/1.9.13/jackson-jaxrs-1.9.13.jar:/home/user/.m2/repository/org/codehaus/jackson/jackson-xc/1.9.13/jackson-xc-1.9.13.jar:/home/user/.m2/repository/commons-logging/commons-logging/1.1.3/commons-logging-1.1.3.jar:/home/user/.m2/repository/commons-beanutils/commons-beanutils/1.9.4/commons-beanutils-1.9.4.jar:/home/user/.m2/repository/org/apache/commons/commons-configuration2/2.1.1/commons-configuration2-2.1.1.jar:/home/user/.m2/repository/org/apache/commons/commons-lang3/3.7/commons-lang3-3.7.jar:/home/user/.m2/repository/org/apache/commons/commons-text/1.4/commons-text-1.4.jar:/home/user/.m2/repository/org/apache/avro/avro/1.7.7/avro-1.7.7.jar:/home/user/.m2/repository/com/thoughtworks/paranamer/paranamer/2.3/paranamer-2.3.jar:/home/user/.m2/repository/org/xerial/snappy/snappy-java/1.0.5/snappy-java-1.0.5.jar:/home/user/.m2/repository/com/google/re2j/re2j/1.1/re2j-1.1.jar:/home/user/.m2/repository/com/google/code/gson/gson/2.2.4/gson-2.2.4.jar:/home/user/.m2/repository/com/jcraft/jsch/0.1.54/jsch-0.1.54.jar:/home/user/.m2/repository/org/apache/curator/curator-client/2.12.0/curator-client-2.12.0.jar:/home/user/.m2/repository/org/apache/curator/curator-recipes/2.12.0/curator-recipes-2.12.0.jar:/home/user/.m2/repository/com/google/code/findbugs/jsr305/3.0.0/jsr305-3.0.0.jar:/home/user/.m2/repository/org/apache/htrace/htrace-core4/4.1.0-incubating/htrace-core4-4.1.0-incubating.jar:/home/user/.m2/repository/org/apache/zookeeper/zookeeper/3.4.13/zookeeper-3.4.13.jar:/home/user/.m2/repository/jline/jline/0.9.94/jline-0.9.94.jar:/home/user/.m2/repository/org/apache/yetus/audience-annotations/0.5.0/audience-annotations-0.5.0.jar:/home/user/.m2/repository/org/codehaus/woodstox/stax2-api/3.1.4/stax2-api-3.1.4.jar:/home/user/.m2/repository/com/fasterxml/woodstox/woodstox-core/5.0.3/woodstox-core-5.0.3.jar:/home/user/.m2/repository/dnsjava/dnsjava/2.1.7/dnsjava-2.1.7.jar:/home/user/.m2/repository/org/apache/hadoop/hadoop-hdfs/3.2.0/hadoop-hdfs-3.2.0-tests.jar:/home/user/.m2/repository/org/eclipse/jetty/jetty-util-ajax/9.3.25.v20180904/jetty-util-ajax-9.3.25.v20180904.jar:/home/user/.m2/repository/commons-daemon/commons-daemon/1.0.13/commons-daemon-1.0.13.jar:/home/user/.m2/repository/io/netty/netty/3.10.5.Final/netty-3.10.5.Final.jar:/home/user/.m2/repository/io/netty/netty-all/4.0.52.Final/netty-all-4.0.52.Final.jar:/home/user/.m2/repository/org/fusesource/leveldbjni/leveldbjni-all/1.8/leveldbjni-all-1.8.jar:"/>
    <property name="sun.cpu.endian" value="little"/>
    <property name="user.home" value="/home/user"/>
    <property name="user.language" value="en"/>
    <property name="java.specification.vendor" value="Oracle Corporation"/>
    <property name="java.home" value="/usr/lib/jvm/java-1.8.0-openjdk-1.8.0.222.b10-1.el7_7.x86_64/jre"/>
    <property name="surefire.excludesFile" value="/tools/ozone-bad-unit-tests"/>
    <property name="java.security.krb5.conf" value="/workdir/hadoop-ozone/integration-test/target/test-classes/krb5.conf"/>
    <property name="basedir" value="/workdir/hadoop-ozone/integration-test"/>
    <property name="file.separator" value="/"/>
    <property name="line.separator" value="&#10;"/>
    <property name="java.vm.specification.vendor" value="Oracle Corporation"/>
    <property name="java.specification.name" value="Java Platform API Specification"/>
    <property name="java.awt.graphicsenv" value="sun.awt.X11GraphicsEnvironment"/>
    <property name="surefire.real.class.path" value="/workdir/hadoop-ozone/integration-test/target/surefire/surefirebooter322816668945898575.jar"/>
    <property name="hadoop.log.dir" value="/workdir/hadoop-ozone/integration-test/target/log"/>
    <property name="sun.boot.class.path" value="/usr/lib/jvm/java-1.8.0-openjdk-1.8.0.222.b10-1.el7_7.x86_64/jre/lib/resources.jar:/usr/lib/jvm/java-1.8.0-openjdk-1.8.0.222.b10-1.el7_7.x86_64/jre/lib/rt.jar:/usr/lib/jvm/java-1.8.0-openjdk-1.8.0.222.b10-1.el7_7.x86_64/jre/lib/sunrsasign.jar:/usr/lib/jvm/java-1.8.0-openjdk-1.8.0.222.b10-1.el7_7.x86_64/jre/lib/jsse.jar:/usr/lib/jvm/java-1.8.0-openjdk-1.8.0.222.b10-1.el7_7.x86_64/jre/lib/jce.jar:/usr/lib/jvm/java-1.8.0-openjdk-1.8.0.222.b10-1.el7_7.x86_64/jre/lib/charsets.jar:/usr/lib/jvm/java-1.8.0-openjdk-1.8.0.222.b10-1.el7_7.x86_64/jre/lib/jfr.jar:/usr/lib/jvm/java-1.8.0-openjdk-1.8.0.222.b10-1.el7_7.x86_64/jre/classes"/>
    <property name="sun.management.compiler" value="HotSpot 64-Bit Tiered Compilers"/>
    <property name="java.runtime.version" value="1.8.0_222-b10"/>
    <property name="java.net.preferIPv4Stack" value="true"/>
    <property name="user.name" value="jenkins1000"/>
    <property name="path.separator" value=":"/>
    <property name="java.security.egd" value="file:///dev/urandom"/>
    <property name="os.version" value="3.10.0-957.12.2.el7.x86_64"/>
    <property name="java.endorsed.dirs" value="/usr/lib/jvm/java-1.8.0-openjdk-1.8.0.222.b10-1.el7_7.x86_64/jre/lib/endorsed"/>
    <property name="java.runtime.name" value="OpenJDK Runtime Environment"/>
    <property name="file.encoding" value="ANSI_X3.4-1968"/>
    <property name="java.vm.name" value="OpenJDK 64-Bit Server VM"/>
    <property name="test.build.webapps" value=""/>
    <property name="localRepository" value="/home/user/.m2/repository"/>
    <property name="java.vendor.url.bug" value="http://bugreport.sun.com/bugreport/"/>
    <property name="java.io.tmpdir" value="/tmp"/>
    <property name="require.test.libhadoop" value=""/>
    <property name="java.version" value="1.8.0_222"/>
    <property name="user.dir" value="/workdir/hadoop-ozone/integration-test"/>
    <property name="os.arch" value="amd64"/>
    <property name="java.vm.specification.name" value="Java Virtual Machine Specification"/>
    <property name="test.build.classes" value="/workdir/hadoop-ozone/integration-test/target/test-classes"/>
    <property name="java.awt.printerjob" value="sun.print.PSPrinterJob"/>
    <property name="sun.os.patch.level" value="unknown"/>
    <property name="hadoop.tmp.dir" value="/workdir/hadoop-ozone/integration-test/target/tmp"/>
    <property name="java.library.path" value="/usr/lib:/workdir/hadoop-ozone/integration-test/target/native/target/usr/local/lib:/workdir/hadoop-ozone/integration-test/../../hadoop-common-project/hadoop-common/target/native/target/usr/local/lib:/usr/java/packages/lib/amd64:/usr/lib64:/lib64:/lib:/usr/lib"/>
    <property name="java.vm.info" value="mixed mode"/>
    <property name="java.vendor" value="Oracle Corporation"/>
    <property name="java.vm.version" value="25.222-b10"/>
    <property name="java.ext.dirs" value="/usr/lib/jvm/java-1.8.0-openjdk-1.8.0.222.b10-1.el7_7.x86_64/jre/lib/ext:/usr/java/packages/lib/ext"/>
    <property name="sun.io.unicode.encoding" value="UnicodeLittle"/>
    <property name="java.class.version" value="52.0"/>
  </properties>
  <testcase name="testDeleteKeyWithSlowFollower" classname="org.apache.hadoop.ozone.client.rpc.TestDeleteWithSlowFollower" time="122.023">
    <failure type="java.lang.AssertionError">java.lang.AssertionError
	at org.junit.Assert.fail(Assert.java:86)
	at org.junit.Assert.assertTrue(Assert.java:41)
	at org.junit.Assert.assertTrue(Assert.java:52)
	at org.apache.hadoop.ozone.client.rpc.TestDeleteWithSlowFollower.testDeleteKeyWithSlowFollower(TestDeleteWithSlowFollower.java:265)
	at sun.reflect.NativeMethodAccessorImpl.invoke0(Native Method)
	at sun.reflect.NativeMethodAccessorImpl.invoke(NativeMethodAccessorImpl.java:62)
	at sun.reflect.DelegatingMethodAccessorImpl.invoke(DelegatingMethodAccessorImpl.java:43)
	at java.lang.reflect.Method.invoke(Method.java:498)
	at org.junit.runners.model.FrameworkMethod$1.runReflectiveCall(FrameworkMethod.java:47)
	at org.junit.internal.runners.model.ReflectiveCallable.run(ReflectiveCallable.java:12)
	at org.junit.runners.model.FrameworkMethod.invokeExplosively(FrameworkMethod.java:44)
	at org.junit.internal.runners.statements.InvokeMethod.evaluate(InvokeMethod.java:17)
	at org.junit.runners.ParentRunner.runLeaf(ParentRunner.java:271)
	at org.junit.runners.BlockJUnit4ClassRunner.runChild(BlockJUnit4ClassRunner.java:70)
	at org.junit.runners.BlockJUnit4ClassRunner.runChild(BlockJUnit4ClassRunner.java:50)
	at org.junit.runners.ParentRunner$3.run(ParentRunner.java:238)
	at org.junit.runners.ParentRunner$1.schedule(ParentRunner.java:63)
	at org.junit.runners.ParentRunner.runChildren(ParentRunner.java:236)
	at org.junit.runners.ParentRunner.access$000(ParentRunner.java:53)
	at org.junit.runners.ParentRunner$2.evaluate(ParentRunner.java:229)
	at org.junit.internal.runners.statements.RunBefores.evaluate(RunBefores.java:26)
	at org.junit.internal.runners.statements.RunAfters.evaluate(RunAfters.java:27)
	at org.junit.runners.ParentRunner.run(ParentRunner.java:309)
	at org.apache.maven.surefire.junit4.JUnit4Provider.execute(JUnit4Provider.java:365)
	at org.apache.maven.surefire.junit4.JUnit4Provider.executeWithRerun(JUnit4Provider.java:273)
	at org.apache.maven.surefire.junit4.JUnit4Provider.executeTestSet(JUnit4Provider.java:238)
	at org.apache.maven.surefire.junit4.JUnit4Provider.invoke(JUnit4Provider.java:159)
	at org.apache.maven.surefire.booter.ForkedBooter.invokeProviderInSameClassLoader(ForkedBooter.java:384)
	at org.apache.maven.surefire.booter.ForkedBooter.runSuitesInProcess(ForkedBooter.java:345)
	at org.apache.maven.surefire.booter.ForkedBooter.execute(ForkedBooter.java:126)
	at org.apache.maven.surefire.booter.ForkedBooter.main(ForkedBooter.java:418)
</failure>
    <system-out><![CDATA[2019-11-07 13:49:44,016 [main] WARN  server.ServerUtils (ServerUtils.java:getScmDbDir(145)) - ozone.scm.db.dirs is not configured. We recommend adding this setting. Falling back to ozone.metadata.dirs instead.
2019-11-07 13:49:44,138 [main] WARN  server.ServerUtils (ServerUtils.java:getScmDbDir(145)) - ozone.scm.db.dirs is not configured. We recommend adding this setting. Falling back to ozone.metadata.dirs instead.
2019-11-07 13:49:44,141 [main] WARN  server.ServerUtils (ServerUtils.java:getScmDbDir(145)) - ozone.scm.db.dirs is not configured. We recommend adding this setting. Falling back to ozone.metadata.dirs instead.
2019-11-07 13:49:44,172 [main] INFO  util.log (Log.java:initialized(192)) - Logging initialized @925ms
2019-11-07 13:49:44,300 [main] INFO  db.DBStoreBuilder (DBStoreBuilder.java:addTable(127)) - using custom profile for table: deletedBlocks
2019-11-07 13:49:44,300 [main] INFO  db.DBStoreBuilder (DBStoreBuilder.java:processTables(183)) - Using default column profile:DBProfile.DISK for Table:deletedBlocks
2019-11-07 13:49:44,301 [main] INFO  db.DBStoreBuilder (DBStoreBuilder.java:addTable(127)) - using custom profile for table: validCerts
2019-11-07 13:49:44,301 [main] INFO  db.DBStoreBuilder (DBStoreBuilder.java:processTables(183)) - Using default column profile:DBProfile.DISK for Table:validCerts
2019-11-07 13:49:44,301 [main] INFO  db.DBStoreBuilder (DBStoreBuilder.java:addTable(127)) - using custom profile for table: revokedCerts
2019-11-07 13:49:44,302 [main] INFO  db.DBStoreBuilder (DBStoreBuilder.java:processTables(183)) - Using default column profile:DBProfile.DISK for Table:revokedCerts
2019-11-07 13:49:44,313 [main] INFO  db.DBStoreBuilder (DBStoreBuilder.java:addTable(127)) - using custom profile for table: default
2019-11-07 13:49:44,314 [main] INFO  db.DBStoreBuilder (DBStoreBuilder.java:processTables(189)) - Using default column profile:DBProfile.DISK for Table:default
2019-11-07 13:49:44,315 [main] INFO  db.DBStoreBuilder (DBStoreBuilder.java:getDbProfile(220)) - Using default options. DBProfile.DISK
2019-11-07 13:49:44,636 [main] INFO  net.NodeSchemaLoader (NodeSchemaLoader.java:loadSchemaFromFile(125)) - Loading file from sun.misc.CompoundEnumeration@78691363
2019-11-07 13:49:44,638 [main] INFO  net.NodeSchemaLoader (NodeSchemaLoader.java:loadSchema(171)) - Loading network topology layer schema file
2019-11-07 13:49:44,698 [main] WARN  server.ServerUtils (ServerUtils.java:sanitizeUserArgs(70)) - ozone.scm.stale.node.interval value = 1000000 is larger than max = 100000 based on the key value of ozone.scm.heartbeat.thread.interval, reset to the max value 100000.
2019-11-07 13:49:44,700 [main] WARN  server.ServerUtils (ServerUtils.java:sanitizeUserArgs(70)) - ozone.scm.stale.node.interval value = 1000000 is larger than max = 100000 based on the key value of ozone.scm.heartbeat.thread.interval, reset to the max value 100000.
2019-11-07 13:49:44,702 [main] INFO  node.SCMNodeManager (SCMNodeManager.java:<init>(117)) - Entering startup safe mode.
2019-11-07 13:49:44,786 [main] INFO  algorithms.ContainerPlacementPolicyFactory (ContainerPlacementPolicyFactory.java:getPolicy(57)) - Create container placement policy of type org.apache.hadoop.hdds.scm.container.placement.algorithms.SCMContainerPlacementRandom
2019-11-07 13:49:44,802 [main] WARN  server.ServerUtils (ServerUtils.java:getScmDbDir(145)) - ozone.scm.db.dirs is not configured. We recommend adding this setting. Falling back to ozone.metadata.dirs instead.
2019-11-07 13:49:44,921 [main] INFO  pipeline.SCMPipelineManager (SCMPipelineManager.java:initializePipelineState(132)) - No pipeline exists in current db
2019-11-07 13:49:44,924 [main] WARN  server.ServerUtils (ServerUtils.java:getScmDbDir(145)) - ozone.scm.db.dirs is not configured. We recommend adding this setting. Falling back to ozone.metadata.dirs instead.
2019-11-07 13:49:45,069 [main] WARN  events.EventQueue (EventQueue.java:fireEvent(183)) - No event handler registered for event TypedEvent{payloadType=SafeModeStatus, name='SafeModeStatus'}
2019-11-07 13:49:45,435 [main] INFO  ipc.CallQueueManager (CallQueueManager.java:<init>(84)) - Using callQueue: class java.util.concurrent.LinkedBlockingQueue, queueCapacity: 2000, scheduler: class org.apache.hadoop.ipc.DefaultRpcScheduler, ipcBackoff: false.
2019-11-07 13:49:45,532 [Socket Reader #1 for port 43973] INFO  ipc.Server (Server.java:run(1074)) - Starting Socket Reader #1 for port 43973
2019-11-07 13:49:45,558 [main] INFO  ipc.CallQueueManager (CallQueueManager.java:<init>(84)) - Using callQueue: class java.util.concurrent.LinkedBlockingQueue, queueCapacity: 2000, scheduler: class org.apache.hadoop.ipc.DefaultRpcScheduler, ipcBackoff: false.
2019-11-07 13:49:45,558 [Socket Reader #1 for port 43564] INFO  ipc.Server (Server.java:run(1074)) - Starting Socket Reader #1 for port 43564
2019-11-07 13:49:45,567 [main] INFO  ipc.CallQueueManager (CallQueueManager.java:<init>(84)) - Using callQueue: class java.util.concurrent.LinkedBlockingQueue, queueCapacity: 2000, scheduler: class org.apache.hadoop.ipc.DefaultRpcScheduler, ipcBackoff: false.
2019-11-07 13:49:45,568 [Socket Reader #1 for port 40653] INFO  ipc.Server (Server.java:run(1074)) - Starting Socket Reader #1 for port 40653
2019-11-07 13:49:45,589 [main] INFO  hdfs.DFSUtil (DFSUtil.java:httpServerTemplateForNNAndJN(1641)) - Starting Web-server for scm at: http://0.0.0.0:0
2019-11-07 13:49:45,741 [main] INFO  server.AuthenticationFilter (AuthenticationFilter.java:constructSecretProvider(240)) - Unable to initialize FileSignerSecretProvider, falling back to use random secrets.
2019-11-07 13:49:45,751 [main] WARN  http.HttpRequestLog (HttpRequestLog.java:getRequestLog(97)) - Jetty request log can only be enabled using Log4j
2019-11-07 13:49:45,763 [main] INFO  http.HttpServer2 (HttpServer2.java:addGlobalFilter(975)) - Added global filter 'safety' (class=org.apache.hadoop.http.HttpServer2$QuotingInputFilter)
2019-11-07 13:49:45,767 [main] INFO  http.HttpServer2 (HttpServer2.java:addFilter(948)) - Added filter static_user_filter (class=org.apache.hadoop.http.lib.StaticUserWebFilter$StaticUserFilter) to context scm
2019-11-07 13:49:45,768 [main] INFO  http.HttpServer2 (HttpServer2.java:addFilter(958)) - Added filter static_user_filter (class=org.apache.hadoop.http.lib.StaticUserWebFilter$StaticUserFilter) to context logs
2019-11-07 13:49:45,768 [main] INFO  http.HttpServer2 (HttpServer2.java:addFilter(958)) - Added filter static_user_filter (class=org.apache.hadoop.http.lib.StaticUserWebFilter$StaticUserFilter) to context static
2019-11-07 13:49:45,814 [main] INFO  server.StorageContainerManager (StorageContainerManager.java:start(782)) - StorageContainerLocationProtocol RPC server is listening at /0.0.0.0:40653
2019-11-07 13:49:45,881 [main] WARN  impl.MetricsConfig (MetricsConfig.java:loadFirst(134)) - Cannot locate configuration: tried hadoop-metrics2-storagecontainermanager.properties,hadoop-metrics2.properties
2019-11-07 13:49:45,894 [main] INFO  impl.MetricsSystemImpl (MetricsSystemImpl.java:startTimer(374)) - Scheduled Metric snapshot period at 10 second(s).
2019-11-07 13:49:45,894 [main] INFO  impl.MetricsSystemImpl (MetricsSystemImpl.java:start(191)) - StorageContainerManager metrics system started
2019-11-07 13:49:46,116 [main] INFO  server.SCMClientProtocolServer (SCMClientProtocolServer.java:start(159)) - RPC server for Client  is listening at /0.0.0.0:40653
2019-11-07 13:49:46,117 [IPC Server listener on 40653] INFO  ipc.Server (Server.java:run(1153)) - IPC Server listener on 40653: starting
2019-11-07 13:49:46,117 [IPC Server Responder] INFO  ipc.Server (Server.java:run(1314)) - IPC Server Responder: starting
2019-11-07 13:49:46,119 [main] INFO  server.StorageContainerManager (StorageContainerManager.java:start(792)) - ScmBlockLocationProtocol RPC server is listening at /0.0.0.0:43564
2019-11-07 13:49:46,120 [main] INFO  server.SCMBlockProtocolServer (SCMBlockProtocolServer.java:start(146)) - RPC server for Block Protocol is listening at /0.0.0.0:43564
2019-11-07 13:49:46,120 [IPC Server listener on 43564] INFO  ipc.Server (Server.java:run(1153)) - IPC Server listener on 43564: starting
2019-11-07 13:49:46,120 [IPC Server Responder] INFO  ipc.Server (Server.java:run(1314)) - IPC Server Responder: starting
2019-11-07 13:49:46,122 [main] INFO  server.StorageContainerManager (StorageContainerManager.java:start(796)) - ScmDatanodeProtocl RPC server is listening at /0.0.0.0:43973
2019-11-07 13:49:46,122 [main] INFO  server.SCMDatanodeProtocolServer (SCMDatanodeProtocolServer.java:start(169)) - RPC server for DataNodes is listening at /0.0.0.0:43973
2019-11-07 13:49:46,123 [IPC Server Responder] INFO  ipc.Server (Server.java:run(1314)) - IPC Server Responder: starting
2019-11-07 13:49:46,123 [IPC Server listener on 43973] INFO  ipc.Server (Server.java:run(1153)) - IPC Server listener on 43973: starting
2019-11-07 13:49:46,126 [main] INFO  http.HttpServer2 (HttpServer2.java:bindListener(1191)) - Jetty bound to port 39456
2019-11-07 13:49:46,127 [main] INFO  server.Server (Server.java:doStart(351)) - jetty-9.3.25.v20180904, build timestamp: 2018-09-04T21:11:46Z, git hash: 3ce520221d0240229c862b122d2b06c12a625732
2019-11-07 13:49:46,163 [main] INFO  handler.ContextHandler (ContextHandler.java:doStart(781)) - Started o.e.j.s.ServletContextHandler@340da44c{/logs,file:///workdir/hadoop-ozone/integration-test/target/log,AVAILABLE}
2019-11-07 13:49:46,163 [main] INFO  handler.ContextHandler (ContextHandler.java:doStart(781)) - Started o.e.j.s.ServletContextHandler@37052337{/static,file:///workdir/hadoop-ozone/integration-test/target/test-classes/webapps/static,AVAILABLE}
2019-11-07 13:49:46,196 [main] INFO  handler.ContextHandler (ContextHandler.java:doStart(781)) - Started o.e.j.w.WebAppContext@7689ddef{/,file:///workdir/hadoop-ozone/integration-test/target/test-classes/webapps/scm/,AVAILABLE}{/scm}
2019-11-07 13:49:46,201 [main] INFO  server.AbstractConnector (AbstractConnector.java:doStart(278)) - Started ServerConnector@62d363ab{HTTP/1.1,[http/1.1]}{0.0.0.0:39456}
2019-11-07 13:49:46,201 [main] INFO  server.Server (Server.java:doStart(419)) - Started @2955ms
2019-11-07 13:49:46,203 [main] INFO  impl.MetricsSinkAdapter (MetricsSinkAdapter.java:start(204)) - Sink prometheus started
2019-11-07 13:49:46,203 [main] INFO  impl.MetricsSystemImpl (MetricsSystemImpl.java:registerSink(301)) - Registered sink prometheus
2019-11-07 13:49:46,205 [main] INFO  server.BaseHttpServer (BaseHttpServer.java:updateConnectorAddress(215)) - HTTP server of SCM is listening at http://0.0.0.0:39456
2019-11-07 13:49:46,211 [org.apache.hadoop.util.JvmPauseMonitor$Monitor@cc6460c] INFO  util.JvmPauseMonitor (JvmPauseMonitor.java:run(188)) - Starting JVM pause monitor
2019-11-07 13:49:46,215 [main] WARN  server.ServerUtils (ServerUtils.java:getDBPath(222)) - ozone.om.db.dirs is not configured. We recommend adding this setting. Falling back to ozone.metadata.dirs instead.
2019-11-07 13:49:46,326 [main] INFO  ha.OMHANodeDetails (OMHANodeDetails.java:loadOMHAConfig(190)) - Configuration either no ozone.om.address set. Falling back to the default OM address /127.0.0.1:0
2019-11-07 13:49:46,326 [main] INFO  ha.OMHANodeDetails (OMHANodeDetails.java:getOMNodeDetails(220)) - OM Service ID is not set. Setting it to the default ID: omServiceIdDefault
2019-11-07 13:49:46,328 [main] WARN  server.ServerUtils (ServerUtils.java:getDBPath(222)) - ozone.om.db.dirs is not configured. We recommend adding this setting. Falling back to ozone.metadata.dirs instead.
2019-11-07 13:49:46,329 [main] WARN  server.ServerUtils (ServerUtils.java:getDBPath(222)) - ozone.om.db.dirs is not configured. We recommend adding this setting. Falling back to ozone.metadata.dirs instead.
2019-11-07 13:49:46,986 [main] WARN  server.ServerUtils (ServerUtils.java:getDBPath(222)) - ozone.om.db.dirs is not configured. We recommend adding this setting. Falling back to ozone.metadata.dirs instead.
2019-11-07 13:49:46,994 [main] INFO  db.DBStoreBuilder (DBStoreBuilder.java:addTable(127)) - using custom profile for table: userTable
2019-11-07 13:49:46,994 [main] INFO  db.DBStoreBuilder (DBStoreBuilder.java:processTables(183)) - Using default column profile:DBProfile.DISK for Table:userTable
2019-11-07 13:49:46,994 [main] INFO  db.DBStoreBuilder (DBStoreBuilder.java:addTable(127)) - using custom profile for table: volumeTable
2019-11-07 13:49:46,995 [main] INFO  db.DBStoreBuilder (DBStoreBuilder.java:processTables(183)) - Using default column profile:DBProfile.DISK for Table:volumeTable
2019-11-07 13:49:46,995 [main] INFO  db.DBStoreBuilder (DBStoreBuilder.java:addTable(127)) - using custom profile for table: bucketTable
2019-11-07 13:49:46,995 [main] INFO  db.DBStoreBuilder (DBStoreBuilder.java:processTables(183)) - Using default column profile:DBProfile.DISK for Table:bucketTable
2019-11-07 13:49:46,995 [main] INFO  db.DBStoreBuilder (DBStoreBuilder.java:addTable(127)) - using custom profile for table: keyTable
2019-11-07 13:49:46,996 [main] INFO  db.DBStoreBuilder (DBStoreBuilder.java:processTables(183)) - Using default column profile:DBProfile.DISK for Table:keyTable
2019-11-07 13:49:46,996 [main] INFO  db.DBStoreBuilder (DBStoreBuilder.java:addTable(127)) - using custom profile for table: deletedTable
2019-11-07 13:49:46,996 [main] INFO  db.DBStoreBuilder (DBStoreBuilder.java:processTables(183)) - Using default column profile:DBProfile.DISK for Table:deletedTable
2019-11-07 13:49:46,996 [main] INFO  db.DBStoreBuilder (DBStoreBuilder.java:addTable(127)) - using custom profile for table: openKeyTable
2019-11-07 13:49:46,996 [main] INFO  db.DBStoreBuilder (DBStoreBuilder.java:processTables(183)) - Using default column profile:DBProfile.DISK for Table:openKeyTable
2019-11-07 13:49:46,997 [main] INFO  db.DBStoreBuilder (DBStoreBuilder.java:addTable(127)) - using custom profile for table: s3Table
2019-11-07 13:49:46,997 [main] INFO  db.DBStoreBuilder (DBStoreBuilder.java:processTables(183)) - Using default column profile:DBProfile.DISK for Table:s3Table
2019-11-07 13:49:46,997 [main] INFO  db.DBStoreBuilder (DBStoreBuilder.java:addTable(127)) - using custom profile for table: multipartInfoTable
2019-11-07 13:49:46,997 [main] INFO  db.DBStoreBuilder (DBStoreBuilder.java:processTables(183)) - Using default column profile:DBProfile.DISK for Table:multipartInfoTable
2019-11-07 13:49:46,998 [main] INFO  db.DBStoreBuilder (DBStoreBuilder.java:addTable(127)) - using custom profile for table: dTokenTable
2019-11-07 13:49:46,998 [main] INFO  db.DBStoreBuilder (DBStoreBuilder.java:processTables(183)) - Using default column profile:DBProfile.DISK for Table:dTokenTable
2019-11-07 13:49:46,998 [main] INFO  db.DBStoreBuilder (DBStoreBuilder.java:addTable(127)) - using custom profile for table: s3SecretTable
2019-11-07 13:49:46,998 [main] INFO  db.DBStoreBuilder (DBStoreBuilder.java:processTables(183)) - Using default column profile:DBProfile.DISK for Table:s3SecretTable
2019-11-07 13:49:46,999 [main] INFO  db.DBStoreBuilder (DBStoreBuilder.java:addTable(127)) - using custom profile for table: prefixTable
2019-11-07 13:49:46,999 [main] INFO  db.DBStoreBuilder (DBStoreBuilder.java:processTables(183)) - Using default column profile:DBProfile.DISK for Table:prefixTable
2019-11-07 13:49:46,999 [main] INFO  db.DBStoreBuilder (DBStoreBuilder.java:addTable(127)) - using custom profile for table: default
2019-11-07 13:49:46,999 [main] INFO  db.DBStoreBuilder (DBStoreBuilder.java:processTables(189)) - Using default column profile:DBProfile.DISK for Table:default
2019-11-07 13:49:47,000 [main] INFO  db.DBStoreBuilder (DBStoreBuilder.java:getDbProfile(220)) - Using default options. DBProfile.DISK
2019-11-07 13:49:47,671 [main] INFO  ipc.CallQueueManager (CallQueueManager.java:<init>(84)) - Using callQueue: class java.util.concurrent.LinkedBlockingQueue, queueCapacity: 2000, scheduler: class org.apache.hadoop.ipc.DefaultRpcScheduler, ipcBackoff: false.
2019-11-07 13:49:47,672 [Socket Reader #1 for port 36076] INFO  ipc.Server (Server.java:run(1074)) - Starting Socket Reader #1 for port 36076
2019-11-07 13:49:47,704 [main] INFO  om.OzoneManager (OzoneManager.java:start(1076)) - OzoneManager RPC server is listening at localhost/127.0.0.1:36076
2019-11-07 13:49:47,704 [main] INFO  impl.MetricsSystemImpl (MetricsSystemImpl.java:init(158)) - OzoneManager metrics system started (again)
2019-11-07 13:49:47,713 [IPC Server Responder] INFO  ipc.Server (Server.java:run(1314)) - IPC Server Responder: starting
2019-11-07 13:49:47,713 [IPC Server listener on 36076] INFO  ipc.Server (Server.java:run(1153)) - IPC Server listener on 36076: starting
2019-11-07 13:49:47,721 [main] INFO  hdfs.DFSUtil (DFSUtil.java:httpServerTemplateForNNAndJN(1641)) - Starting Web-server for ozoneManager at: http://0.0.0.0:0
2019-11-07 13:49:47,723 [main] INFO  server.AuthenticationFilter (AuthenticationFilter.java:constructSecretProvider(240)) - Unable to initialize FileSignerSecretProvider, falling back to use random secrets.
2019-11-07 13:49:47,724 [main] WARN  http.HttpRequestLog (HttpRequestLog.java:getRequestLog(97)) - Jetty request log can only be enabled using Log4j
2019-11-07 13:49:47,727 [main] INFO  http.HttpServer2 (HttpServer2.java:addGlobalFilter(975)) - Added global filter 'safety' (class=org.apache.hadoop.http.HttpServer2$QuotingInputFilter)
2019-11-07 13:49:47,728 [main] INFO  http.HttpServer2 (HttpServer2.java:addFilter(948)) - Added filter static_user_filter (class=org.apache.hadoop.http.lib.StaticUserWebFilter$StaticUserFilter) to context ozoneManager
2019-11-07 13:49:47,728 [main] INFO  http.HttpServer2 (HttpServer2.java:addFilter(958)) - Added filter static_user_filter (class=org.apache.hadoop.http.lib.StaticUserWebFilter$StaticUserFilter) to context static
2019-11-07 13:49:47,728 [main] INFO  http.HttpServer2 (HttpServer2.java:addFilter(958)) - Added filter static_user_filter (class=org.apache.hadoop.http.lib.StaticUserWebFilter$StaticUserFilter) to context logs
2019-11-07 13:49:47,731 [main] INFO  http.HttpServer2 (HttpServer2.java:bindListener(1191)) - Jetty bound to port 39315
2019-11-07 13:49:47,731 [main] INFO  server.Server (Server.java:doStart(351)) - jetty-9.3.25.v20180904, build timestamp: 2018-09-04T21:11:46Z, git hash: 3ce520221d0240229c862b122d2b06c12a625732
2019-11-07 13:49:47,734 [main] INFO  handler.ContextHandler (ContextHandler.java:doStart(781)) - Started o.e.j.s.ServletContextHandler@5aae8eb5{/logs,file:///workdir/hadoop-ozone/integration-test/target/log,AVAILABLE}
2019-11-07 13:49:47,734 [main] INFO  handler.ContextHandler (ContextHandler.java:doStart(781)) - Started o.e.j.s.ServletContextHandler@24a298a6{/static,file:///workdir/hadoop-ozone/integration-test/target/test-classes/webapps/static,AVAILABLE}
2019-11-07 13:49:47,741 [main] INFO  handler.ContextHandler (ContextHandler.java:doStart(781)) - Started o.e.j.w.WebAppContext@5116ac09{/,file:///workdir/hadoop-ozone/integration-test/target/test-classes/webapps/ozoneManager/,AVAILABLE}{/ozoneManager}
2019-11-07 13:49:47,742 [main] INFO  server.AbstractConnector (AbstractConnector.java:doStart(278)) - Started ServerConnector@1bc425e7{HTTP/1.1,[http/1.1]}{0.0.0.0:39315}
2019-11-07 13:49:47,742 [main] INFO  server.Server (Server.java:doStart(419)) - Started @4496ms
2019-11-07 13:49:47,743 [main] WARN  impl.MetricsSystemImpl (MetricsSystemImpl.java:register(276)) - Sink prometheus already exists!
2019-11-07 13:49:47,744 [main] INFO  server.BaseHttpServer (BaseHttpServer.java:updateConnectorAddress(215)) - HTTP server of OZONEMANAGER is listening at http://0.0.0.0:39315
2019-11-07 13:49:48,037 [main] INFO  impl.MetricsSystemImpl (MetricsSystemImpl.java:init(158)) - HddsDatanode metrics system started (again)
2019-11-07 13:49:48,081 [main] INFO  ozone.HddsDatanodeService (HddsDatanodeService.java:start(184)) - HddsDatanodeService host:pr-hdds-2329-pipelines-xb8hx-2504970213 ip:192.168.34.59
2019-11-07 13:49:48,113 [main] INFO  volume.HddsVolume (HddsVolume.java:<init>(176)) - Creating Volume: /workdir/hadoop-ozone/integration-test/target/test-dir/MiniOzoneClusterImpl-de3ec75a-100b-4861-956f-c0ca15a63112/datanode-0/data/containers/hdds of  storage type : DISK and capacity : 1482555576320
2019-11-07 13:49:48,115 [main] INFO  volume.VolumeSet (VolumeSet.java:initializeVolumeSet(170)) - Added Volume : /workdir/hadoop-ozone/integration-test/target/test-dir/MiniOzoneClusterImpl-de3ec75a-100b-4861-956f-c0ca15a63112/datanode-0/data/containers/hdds to VolumeSet
2019-11-07 13:49:48,118 [main] INFO  volume.ThrottledAsyncChecker (ThrottledAsyncChecker.java:schedule(141)) - Scheduling a check for /workdir/hadoop-ozone/integration-test/target/test-dir/MiniOzoneClusterImpl-de3ec75a-100b-4861-956f-c0ca15a63112/datanode-0/data/containers/hdds
2019-11-07 13:49:48,135 [main] INFO  volume.HddsVolumeChecker (HddsVolumeChecker.java:checkAllVolumes(204)) - Scheduled health check for volume /workdir/hadoop-ozone/integration-test/target/test-dir/MiniOzoneClusterImpl-de3ec75a-100b-4861-956f-c0ca15a63112/datanode-0/data/containers/hdds
2019-11-07 13:49:48,242 [main] INFO  impl.RaftServerProxy (ConfUtils.java:logGet(43)) - raft.rpc.type = GRPC (default)
2019-11-07 13:49:48,303 [main] INFO  grpc.GrpcFactory (GrpcFactory.java:checkPooledByteBufAllocatorUseCacheForAllThreads(45)) - PERFORMANCE WARNING: useCacheForAllThreads is true that may cause Netty to create a lot garbage objects and, as a result, trigger GC.
	It is recommended to disable useCacheForAllThreads by setting -Dorg.apache.ratis.thirdparty.io.netty.allocator.useCacheForAllThreads=false in command line.
2019-11-07 13:49:48,310 [main] INFO  grpc.GrpcConfigKeys$Server (ConfUtils.java:logGet(43)) - raft.grpc.server.port = 0 (default)
2019-11-07 13:49:48,311 [main] INFO  server.GrpcService (ConfUtils.java:logGet(43)) - raft.grpc.message.size.max = 33570816 (custom)
2019-11-07 13:49:48,313 [main] INFO  server.RaftServerConfigKeys (ConfUtils.java:logGet(43)) - raft.server.log.appender.buffer.byte-limit = 33554432 (custom)
2019-11-07 13:49:48,314 [main] INFO  server.GrpcService (ConfUtils.java:logGet(43)) - raft.grpc.flow.control.window = 1MB (=1048576) (default)
2019-11-07 13:49:48,314 [main] INFO  server.RaftServerConfigKeys (ConfUtils.java:logGet(43)) - raft.server.rpc.request.timeout = 3000ms (default)
2019-11-07 13:49:48,474 [main] INFO  server.RaftServerConfigKeys (ConfUtils.java:logGet(43)) - raft.server.storage.dir = [/workdir/hadoop-ozone/integration-test/target/test-dir/MiniOzoneClusterImpl-de3ec75a-100b-4861-956f-c0ca15a63112/datanode-0/data/ratis] (custom)
2019-11-07 13:49:48,523 [main] INFO  hdfs.DFSUtil (DFSUtil.java:httpServerTemplateForNNAndJN(1641)) - Starting Web-server for hddsDatanode at: http://0.0.0.0:0
2019-11-07 13:49:48,525 [main] INFO  server.AuthenticationFilter (AuthenticationFilter.java:constructSecretProvider(240)) - Unable to initialize FileSignerSecretProvider, falling back to use random secrets.
2019-11-07 13:49:48,525 [main] WARN  http.HttpRequestLog (HttpRequestLog.java:getRequestLog(97)) - Jetty request log can only be enabled using Log4j
2019-11-07 13:49:48,527 [main] INFO  http.HttpServer2 (HttpServer2.java:addGlobalFilter(975)) - Added global filter 'safety' (class=org.apache.hadoop.http.HttpServer2$QuotingInputFilter)
2019-11-07 13:49:48,528 [main] INFO  http.HttpServer2 (HttpServer2.java:addFilter(948)) - Added filter static_user_filter (class=org.apache.hadoop.http.lib.StaticUserWebFilter$StaticUserFilter) to context hddsDatanode
2019-11-07 13:49:48,528 [main] INFO  http.HttpServer2 (HttpServer2.java:addFilter(958)) - Added filter static_user_filter (class=org.apache.hadoop.http.lib.StaticUserWebFilter$StaticUserFilter) to context static
2019-11-07 13:49:48,528 [main] INFO  http.HttpServer2 (HttpServer2.java:addFilter(958)) - Added filter static_user_filter (class=org.apache.hadoop.http.lib.StaticUserWebFilter$StaticUserFilter) to context logs
2019-11-07 13:49:48,529 [main] INFO  http.HttpServer2 (HttpServer2.java:bindListener(1191)) - Jetty bound to port 45529
2019-11-07 13:49:48,530 [main] INFO  server.Server (Server.java:doStart(351)) - jetty-9.3.25.v20180904, build timestamp: 2018-09-04T21:11:46Z, git hash: 3ce520221d0240229c862b122d2b06c12a625732
2019-11-07 13:49:48,532 [main] INFO  handler.ContextHandler (ContextHandler.java:doStart(781)) - Started o.e.j.s.ServletContextHandler@2819c460{/logs,file:///workdir/hadoop-ozone/integration-test/target/log,AVAILABLE}
2019-11-07 13:49:48,533 [main] INFO  handler.ContextHandler (ContextHandler.java:doStart(781)) - Started o.e.j.s.ServletContextHandler@38bb9d7a{/static,jar:file:/home/user/.m2/repository/org/apache/hadoop/hadoop-hdds-container-service/0.5.0-SNAPSHOT/hadoop-hdds-container-service-0.5.0-SNAPSHOT.jar!/webapps/static,AVAILABLE}
2019-11-07 13:49:48,568 [main] INFO  handler.ContextHandler (ContextHandler.java:doStart(781)) - Started o.e.j.w.WebAppContext@2f37f1f9{/,file:///tmp/jetty-0.0.0.0-45529-hddsDatanode-_-any-7356962015460454439.dir/webapp/,AVAILABLE}{/hddsDatanode}
2019-11-07 13:49:48,569 [main] INFO  server.AbstractConnector (AbstractConnector.java:doStart(278)) - Started ServerConnector@3374b5bc{HTTP/1.1,[http/1.1]}{0.0.0.0:45529}
2019-11-07 13:49:48,570 [main] INFO  server.Server (Server.java:doStart(419)) - Started @5324ms
2019-11-07 13:49:48,570 [main] WARN  impl.MetricsSystemImpl (MetricsSystemImpl.java:register(276)) - Sink prometheus already exists!
2019-11-07 13:49:48,573 [main] INFO  server.BaseHttpServer (BaseHttpServer.java:updateConnectorAddress(215)) - HTTP server of HDDSDATANODE is listening at http://0.0.0.0:45529
2019-11-07 13:49:48,574 [main] INFO  impl.MetricsSystemImpl (MetricsSystemImpl.java:init(158)) - HddsDatanode metrics system started (again)
2019-11-07 13:49:48,578 [main] INFO  ozone.HddsDatanodeService (HddsDatanodeService.java:start(184)) - HddsDatanodeService host:pr-hdds-2329-pipelines-xb8hx-2504970213 ip:192.168.34.59
2019-11-07 13:49:48,579 [org.apache.hadoop.util.JvmPauseMonitor$Monitor@10eac1d3] INFO  util.JvmPauseMonitor (JvmPauseMonitor.java:run(188)) - Starting JVM pause monitor
2019-11-07 13:49:48,589 [main] INFO  volume.HddsVolume (HddsVolume.java:<init>(176)) - Creating Volume: /workdir/hadoop-ozone/integration-test/target/test-dir/MiniOzoneClusterImpl-de3ec75a-100b-4861-956f-c0ca15a63112/datanode-1/data/containers/hdds of  storage type : DISK and capacity : 1482555576320
2019-11-07 13:49:48,590 [main] INFO  volume.VolumeSet (VolumeSet.java:initializeVolumeSet(170)) - Added Volume : /workdir/hadoop-ozone/integration-test/target/test-dir/MiniOzoneClusterImpl-de3ec75a-100b-4861-956f-c0ca15a63112/datanode-1/data/containers/hdds to VolumeSet
2019-11-07 13:49:48,591 [main] INFO  volume.ThrottledAsyncChecker (ThrottledAsyncChecker.java:schedule(141)) - Scheduling a check for /workdir/hadoop-ozone/integration-test/target/test-dir/MiniOzoneClusterImpl-de3ec75a-100b-4861-956f-c0ca15a63112/datanode-1/data/containers/hdds
2019-11-07 13:49:48,592 [main] INFO  volume.HddsVolumeChecker (HddsVolumeChecker.java:checkAllVolumes(204)) - Scheduled health check for volume /workdir/hadoop-ozone/integration-test/target/test-dir/MiniOzoneClusterImpl-de3ec75a-100b-4861-956f-c0ca15a63112/datanode-1/data/containers/hdds
2019-11-07 13:49:48,612 [main] INFO  impl.RaftServerProxy (ConfUtils.java:logGet(43)) - raft.rpc.type = GRPC (default)
2019-11-07 13:49:48,613 [main] INFO  grpc.GrpcFactory (GrpcFactory.java:checkPooledByteBufAllocatorUseCacheForAllThreads(45)) - PERFORMANCE WARNING: useCacheForAllThreads is true that may cause Netty to create a lot garbage objects and, as a result, trigger GC.
	It is recommended to disable useCacheForAllThreads by setting -Dorg.apache.ratis.thirdparty.io.netty.allocator.useCacheForAllThreads=false in command line.
2019-11-07 13:49:48,613 [main] INFO  grpc.GrpcConfigKeys$Server (ConfUtils.java:logGet(43)) - raft.grpc.server.port = 0 (default)
2019-11-07 13:49:48,613 [main] INFO  server.GrpcService (ConfUtils.java:logGet(43)) - raft.grpc.message.size.max = 33570816 (custom)
2019-11-07 13:49:48,614 [main] INFO  server.RaftServerConfigKeys (ConfUtils.java:logGet(43)) - raft.server.log.appender.buffer.byte-limit = 33554432 (custom)
2019-11-07 13:49:48,614 [main] INFO  server.GrpcService (ConfUtils.java:logGet(43)) - raft.grpc.flow.control.window = 1MB (=1048576) (default)
2019-11-07 13:49:48,614 [main] INFO  server.RaftServerConfigKeys (ConfUtils.java:logGet(43)) - raft.server.rpc.request.timeout = 3000ms (default)
2019-11-07 13:49:48,615 [main] INFO  server.RaftServerConfigKeys (ConfUtils.java:logGet(43)) - raft.server.storage.dir = [/workdir/hadoop-ozone/integration-test/target/test-dir/MiniOzoneClusterImpl-de3ec75a-100b-4861-956f-c0ca15a63112/datanode-1/data/ratis] (custom)
2019-11-07 13:49:48,618 [main] INFO  hdfs.DFSUtil (DFSUtil.java:httpServerTemplateForNNAndJN(1641)) - Starting Web-server for hddsDatanode at: http://0.0.0.0:0
2019-11-07 13:49:48,619 [main] INFO  server.AuthenticationFilter (AuthenticationFilter.java:constructSecretProvider(240)) - Unable to initialize FileSignerSecretProvider, falling back to use random secrets.
2019-11-07 13:49:48,620 [main] WARN  http.HttpRequestLog (HttpRequestLog.java:getRequestLog(97)) - Jetty request log can only be enabled using Log4j
2019-11-07 13:49:48,622 [main] INFO  http.HttpServer2 (HttpServer2.java:addGlobalFilter(975)) - Added global filter 'safety' (class=org.apache.hadoop.http.HttpServer2$QuotingInputFilter)
2019-11-07 13:49:48,623 [main] INFO  http.HttpServer2 (HttpServer2.java:addFilter(948)) - Added filter static_user_filter (class=org.apache.hadoop.http.lib.StaticUserWebFilter$StaticUserFilter) to context hddsDatanode
2019-11-07 13:49:48,623 [main] INFO  http.HttpServer2 (HttpServer2.java:addFilter(958)) - Added filter static_user_filter (class=org.apache.hadoop.http.lib.StaticUserWebFilter$StaticUserFilter) to context logs
2019-11-07 13:49:48,623 [main] INFO  http.HttpServer2 (HttpServer2.java:addFilter(958)) - Added filter static_user_filter (class=org.apache.hadoop.http.lib.StaticUserWebFilter$StaticUserFilter) to context static
2019-11-07 13:49:48,624 [main] INFO  http.HttpServer2 (HttpServer2.java:bindListener(1191)) - Jetty bound to port 45722
2019-11-07 13:49:48,625 [main] INFO  server.Server (Server.java:doStart(351)) - jetty-9.3.25.v20180904, build timestamp: 2018-09-04T21:11:46Z, git hash: 3ce520221d0240229c862b122d2b06c12a625732
2019-11-07 13:49:48,628 [main] INFO  handler.ContextHandler (ContextHandler.java:doStart(781)) - Started o.e.j.s.ServletContextHandler@10a0fe30{/logs,file:///workdir/hadoop-ozone/integration-test/target/log,AVAILABLE}
2019-11-07 13:49:48,629 [main] INFO  handler.ContextHandler (ContextHandler.java:doStart(781)) - Started o.e.j.s.ServletContextHandler@60f70249{/static,jar:file:/home/user/.m2/repository/org/apache/hadoop/hadoop-hdds-container-service/0.5.0-SNAPSHOT/hadoop-hdds-container-service-0.5.0-SNAPSHOT.jar!/webapps/static,AVAILABLE}
2019-11-07 13:49:48,661 [main] INFO  handler.ContextHandler (ContextHandler.java:doStart(781)) - Started o.e.j.w.WebAppContext@26c47874{/,file:///tmp/jetty-0.0.0.0-45722-hddsDatanode-_-any-2176790784733243274.dir/webapp/,AVAILABLE}{/hddsDatanode}
2019-11-07 13:49:48,661 [main] INFO  server.AbstractConnector (AbstractConnector.java:doStart(278)) - Started ServerConnector@421056e5{HTTP/1.1,[http/1.1]}{0.0.0.0:45722}
2019-11-07 13:49:48,662 [main] INFO  server.Server (Server.java:doStart(419)) - Started @5416ms
2019-11-07 13:49:48,662 [main] WARN  impl.MetricsSystemImpl (MetricsSystemImpl.java:register(276)) - Sink prometheus already exists!
2019-11-07 13:49:48,664 [main] INFO  server.BaseHttpServer (BaseHttpServer.java:updateConnectorAddress(215)) - HTTP server of HDDSDATANODE is listening at http://0.0.0.0:45722
2019-11-07 13:49:48,665 [main] INFO  impl.MetricsSystemImpl (MetricsSystemImpl.java:init(158)) - HddsDatanode metrics system started (again)
2019-11-07 13:49:48,667 [main] INFO  ozone.HddsDatanodeService (HddsDatanodeService.java:start(184)) - HddsDatanodeService host:pr-hdds-2329-pipelines-xb8hx-2504970213 ip:192.168.34.59
2019-11-07 13:49:48,668 [org.apache.hadoop.util.JvmPauseMonitor$Monitor@25e134a7] INFO  util.JvmPauseMonitor (JvmPauseMonitor.java:run(188)) - Starting JVM pause monitor
2019-11-07 13:49:48,677 [main] INFO  volume.HddsVolume (HddsVolume.java:<init>(176)) - Creating Volume: /workdir/hadoop-ozone/integration-test/target/test-dir/MiniOzoneClusterImpl-de3ec75a-100b-4861-956f-c0ca15a63112/datanode-2/data/containers/hdds of  storage type : DISK and capacity : 1482555576320
2019-11-07 13:49:48,678 [main] INFO  volume.VolumeSet (VolumeSet.java:initializeVolumeSet(170)) - Added Volume : /workdir/hadoop-ozone/integration-test/target/test-dir/MiniOzoneClusterImpl-de3ec75a-100b-4861-956f-c0ca15a63112/datanode-2/data/containers/hdds to VolumeSet
2019-11-07 13:49:48,678 [main] INFO  volume.ThrottledAsyncChecker (ThrottledAsyncChecker.java:schedule(141)) - Scheduling a check for /workdir/hadoop-ozone/integration-test/target/test-dir/MiniOzoneClusterImpl-de3ec75a-100b-4861-956f-c0ca15a63112/datanode-2/data/containers/hdds
2019-11-07 13:49:48,679 [main] INFO  volume.HddsVolumeChecker (HddsVolumeChecker.java:checkAllVolumes(204)) - Scheduled health check for volume /workdir/hadoop-ozone/integration-test/target/test-dir/MiniOzoneClusterImpl-de3ec75a-100b-4861-956f-c0ca15a63112/datanode-2/data/containers/hdds
2019-11-07 13:49:48,680 [Datanode State Machine Thread - 0] INFO  datanode.InitDatanodeState (InitDatanodeState.java:persistContainerDatanodeDetails(140)) - DatanodeDetails is persisted to /workdir/hadoop-ozone/integration-test/target/test-dir/MiniOzoneClusterImpl-de3ec75a-100b-4861-956f-c0ca15a63112/datanode-0/meta/datanode.id
2019-11-07 13:49:48,685 [Datanode State Machine Thread - 0] INFO  datanode.InitDatanodeState (InitDatanodeState.java:persistContainerDatanodeDetails(140)) - DatanodeDetails is persisted to /workdir/hadoop-ozone/integration-test/target/test-dir/MiniOzoneClusterImpl-de3ec75a-100b-4861-956f-c0ca15a63112/datanode-1/meta/datanode.id
2019-11-07 13:49:48,694 [main] INFO  impl.RaftServerProxy (ConfUtils.java:logGet(43)) - raft.rpc.type = GRPC (default)
2019-11-07 13:49:48,694 [main] INFO  grpc.GrpcFactory (GrpcFactory.java:checkPooledByteBufAllocatorUseCacheForAllThreads(45)) - PERFORMANCE WARNING: useCacheForAllThreads is true that may cause Netty to create a lot garbage objects and, as a result, trigger GC.
	It is recommended to disable useCacheForAllThreads by setting -Dorg.apache.ratis.thirdparty.io.netty.allocator.useCacheForAllThreads=false in command line.
2019-11-07 13:49:48,694 [main] INFO  grpc.GrpcConfigKeys$Server (ConfUtils.java:logGet(43)) - raft.grpc.server.port = 0 (default)
2019-11-07 13:49:48,695 [main] INFO  server.GrpcService (ConfUtils.java:logGet(43)) - raft.grpc.message.size.max = 33570816 (custom)
2019-11-07 13:49:48,695 [main] INFO  server.RaftServerConfigKeys (ConfUtils.java:logGet(43)) - raft.server.log.appender.buffer.byte-limit = 33554432 (custom)
2019-11-07 13:49:48,695 [main] INFO  server.GrpcService (ConfUtils.java:logGet(43)) - raft.grpc.flow.control.window = 1MB (=1048576) (default)
2019-11-07 13:49:48,695 [main] INFO  server.RaftServerConfigKeys (ConfUtils.java:logGet(43)) - raft.server.rpc.request.timeout = 3000ms (default)
2019-11-07 13:49:48,696 [main] INFO  server.RaftServerConfigKeys (ConfUtils.java:logGet(43)) - raft.server.storage.dir = [/workdir/hadoop-ozone/integration-test/target/test-dir/MiniOzoneClusterImpl-de3ec75a-100b-4861-956f-c0ca15a63112/datanode-2/data/ratis] (custom)
2019-11-07 13:49:48,698 [main] INFO  hdfs.DFSUtil (DFSUtil.java:httpServerTemplateForNNAndJN(1641)) - Starting Web-server for hddsDatanode at: http://0.0.0.0:0
2019-11-07 13:49:48,700 [main] INFO  server.AuthenticationFilter (AuthenticationFilter.java:constructSecretProvider(240)) - Unable to initialize FileSignerSecretProvider, falling back to use random secrets.
2019-11-07 13:49:48,700 [main] WARN  http.HttpRequestLog (HttpRequestLog.java:getRequestLog(97)) - Jetty request log can only be enabled using Log4j
2019-11-07 13:49:48,702 [main] INFO  http.HttpServer2 (HttpServer2.java:addGlobalFilter(975)) - Added global filter 'safety' (class=org.apache.hadoop.http.HttpServer2$QuotingInputFilter)
2019-11-07 13:49:48,702 [main] INFO  http.HttpServer2 (HttpServer2.java:addFilter(948)) - Added filter static_user_filter (class=org.apache.hadoop.http.lib.StaticUserWebFilter$StaticUserFilter) to context hddsDatanode
2019-11-07 13:49:48,702 [main] INFO  http.HttpServer2 (HttpServer2.java:addFilter(958)) - Added filter static_user_filter (class=org.apache.hadoop.http.lib.StaticUserWebFilter$StaticUserFilter) to context logs
2019-11-07 13:49:48,703 [main] INFO  http.HttpServer2 (HttpServer2.java:addFilter(958)) - Added filter static_user_filter (class=org.apache.hadoop.http.lib.StaticUserWebFilter$StaticUserFilter) to context static
2019-11-07 13:49:48,703 [main] INFO  http.HttpServer2 (HttpServer2.java:bindListener(1191)) - Jetty bound to port 36204
2019-11-07 13:49:48,704 [main] INFO  server.Server (Server.java:doStart(351)) - jetty-9.3.25.v20180904, build timestamp: 2018-09-04T21:11:46Z, git hash: 3ce520221d0240229c862b122d2b06c12a625732
2019-11-07 13:49:48,706 [main] INFO  handler.ContextHandler (ContextHandler.java:doStart(781)) - Started o.e.j.s.ServletContextHandler@6dd1c3ed{/logs,file:///workdir/hadoop-ozone/integration-test/target/log,AVAILABLE}
2019-11-07 13:49:48,706 [main] INFO  handler.ContextHandler (ContextHandler.java:doStart(781)) - Started o.e.j.s.ServletContextHandler@55e42449{/static,jar:file:/home/user/.m2/repository/org/apache/hadoop/hadoop-hdds-container-service/0.5.0-SNAPSHOT/hadoop-hdds-container-service-0.5.0-SNAPSHOT.jar!/webapps/static,AVAILABLE}
2019-11-07 13:49:48,739 [main] INFO  handler.ContextHandler (ContextHandler.java:doStart(781)) - Started o.e.j.w.WebAppContext@4f0f7849{/,file:///tmp/jetty-0.0.0.0-36204-hddsDatanode-_-any-6876720293014544065.dir/webapp/,AVAILABLE}{/hddsDatanode}
2019-11-07 13:49:48,739 [main] INFO  server.AbstractConnector (AbstractConnector.java:doStart(278)) - Started ServerConnector@56a4f272{HTTP/1.1,[http/1.1]}{0.0.0.0:36204}
2019-11-07 13:49:48,740 [main] INFO  server.Server (Server.java:doStart(419)) - Started @5494ms
2019-11-07 13:49:48,740 [main] WARN  impl.MetricsSystemImpl (MetricsSystemImpl.java:register(276)) - Sink prometheus already exists!
2019-11-07 13:49:48,742 [main] INFO  server.BaseHttpServer (BaseHttpServer.java:updateConnectorAddress(215)) - HTTP server of HDDSDATANODE is listening at http://0.0.0.0:36204
2019-11-07 13:49:48,744 [main] INFO  ozone.MiniOzoneClusterImpl (MiniOzoneClusterImpl.java:lambda$waitForClusterToBeReady$0(147)) - Waiting for cluster to be ready. Got 0 of 3 DN Heartbeats.
2019-11-07 13:49:48,745 [org.apache.hadoop.util.JvmPauseMonitor$Monitor@47f1fefc] INFO  util.JvmPauseMonitor (JvmPauseMonitor.java:run(188)) - Starting JVM pause monitor
2019-11-07 13:49:48,748 [Datanode State Machine Thread - 0] INFO  datanode.InitDatanodeState (InitDatanodeState.java:persistContainerDatanodeDetails(140)) - DatanodeDetails is persisted to /workdir/hadoop-ozone/integration-test/target/test-dir/MiniOzoneClusterImpl-de3ec75a-100b-4861-956f-c0ca15a63112/datanode-2/meta/datanode.id
2019-11-07 13:49:49,745 [main] INFO  ozone.MiniOzoneClusterImpl (MiniOzoneClusterImpl.java:lambda$waitForClusterToBeReady$0(147)) - Waiting for cluster to be ready. Got 0 of 3 DN Heartbeats.
2019-11-07 13:49:50,667 [Datanode State Machine Thread - 0] INFO  ozoneimpl.OzoneContainer (OzoneContainer.java:start(213)) - Attempting to start container services.
2019-11-07 13:49:50,685 [Datanode State Machine Thread - 0] INFO  ozoneimpl.OzoneContainer (OzoneContainer.java:startContainerScrub(177)) - Background container scanner has been disabled.
2019-11-07 13:49:50,686 [Datanode State Machine Thread - 0] INFO  ratis.XceiverServerRatis (XceiverServerRatis.java:start(418)) - Starting XceiverServerRatis c4d74ea5-4e51-490d-ae77-7f64a80784ec at port 0
2019-11-07 13:49:50,696 [Datanode State Machine Thread - 0] INFO  ozoneimpl.OzoneContainer (OzoneContainer.java:start(213)) - Attempting to start container services.
2019-11-07 13:49:50,703 [Datanode State Machine Thread - 0] INFO  ozoneimpl.OzoneContainer (OzoneContainer.java:startContainerScrub(177)) - Background container scanner has been disabled.
2019-11-07 13:49:50,703 [Datanode State Machine Thread - 0] INFO  ratis.XceiverServerRatis (XceiverServerRatis.java:start(418)) - Starting XceiverServerRatis 5995e050-5950-4b38-8270-33206f256198 at port 0
2019-11-07 13:49:50,736 [Datanode State Machine Thread - 0] INFO  impl.RaftServerProxy (RaftServerProxy.java:lambda$start$3(299)) - c4d74ea5-4e51-490d-ae77-7f64a80784ec: start RPC server
2019-11-07 13:49:50,736 [Datanode State Machine Thread - 0] INFO  impl.RaftServerProxy (RaftServerProxy.java:lambda$start$3(299)) - 5995e050-5950-4b38-8270-33206f256198: start RPC server
2019-11-07 13:49:50,746 [main] INFO  ozone.MiniOzoneClusterImpl (MiniOzoneClusterImpl.java:lambda$waitForClusterToBeReady$0(147)) - Waiting for cluster to be ready. Got 0 of 3 DN Heartbeats.
2019-11-07 13:49:50,760 [Datanode State Machine Thread - 0] INFO  ozoneimpl.OzoneContainer (OzoneContainer.java:start(213)) - Attempting to start container services.
2019-11-07 13:49:50,761 [Datanode State Machine Thread - 0] INFO  ozoneimpl.OzoneContainer (OzoneContainer.java:startContainerScrub(177)) - Background container scanner has been disabled.
2019-11-07 13:49:50,762 [Datanode State Machine Thread - 0] INFO  ratis.XceiverServerRatis (XceiverServerRatis.java:start(418)) - Starting XceiverServerRatis 71a86a4d-23f3-4eb4-8ea5-d143fc2c84ef at port 0
2019-11-07 13:49:50,773 [Datanode State Machine Thread - 0] INFO  impl.RaftServerProxy (RaftServerProxy.java:lambda$start$3(299)) - 71a86a4d-23f3-4eb4-8ea5-d143fc2c84ef: start RPC server
2019-11-07 13:49:50,897 [Datanode State Machine Thread - 0] INFO  server.GrpcService (GrpcService.java:startImpl(158)) - 5995e050-5950-4b38-8270-33206f256198: GrpcService started, listening on 0.0.0.0/0.0.0.0:33936
2019-11-07 13:49:50,897 [Datanode State Machine Thread - 0] INFO  server.GrpcService (GrpcService.java:startImpl(158)) - 71a86a4d-23f3-4eb4-8ea5-d143fc2c84ef: GrpcService started, listening on 0.0.0.0/0.0.0.0:36384
2019-11-07 13:49:50,897 [Datanode State Machine Thread - 0] INFO  server.GrpcService (GrpcService.java:startImpl(158)) - c4d74ea5-4e51-490d-ae77-7f64a80784ec: GrpcService started, listening on 0.0.0.0/0.0.0.0:44211
2019-11-07 13:49:50,898 [Datanode State Machine Thread - 0] INFO  ratis.XceiverServerRatis (XceiverServerRatis.java:start(428)) - XceiverServerRatis 71a86a4d-23f3-4eb4-8ea5-d143fc2c84ef is started using port 36384
2019-11-07 13:49:50,898 [Datanode State Machine Thread - 0] INFO  ratis.XceiverServerRatis (XceiverServerRatis.java:start(428)) - XceiverServerRatis 5995e050-5950-4b38-8270-33206f256198 is started using port 33936
2019-11-07 13:49:50,898 [Datanode State Machine Thread - 0] INFO  ratis.XceiverServerRatis (XceiverServerRatis.java:start(428)) - XceiverServerRatis c4d74ea5-4e51-490d-ae77-7f64a80784ec is started using port 44211
2019-11-07 13:49:50,903 [Datanode State Machine Thread - 0] INFO  server.XceiverServerGrpc (XceiverServerGrpc.java:start(149)) - XceiverServerGrpc 71a86a4d-23f3-4eb4-8ea5-d143fc2c84ef is started using port 46815
2019-11-07 13:49:50,903 [Datanode State Machine Thread - 0] INFO  server.XceiverServerGrpc (XceiverServerGrpc.java:start(149)) - XceiverServerGrpc 5995e050-5950-4b38-8270-33206f256198 is started using port 33237
2019-11-07 13:49:50,904 [Datanode State Machine Thread - 0] INFO  server.XceiverServerGrpc (XceiverServerGrpc.java:start(149)) - XceiverServerGrpc c4d74ea5-4e51-490d-ae77-7f64a80784ec is started using port 37334
2019-11-07 13:49:51,747 [main] INFO  ozone.MiniOzoneClusterImpl (MiniOzoneClusterImpl.java:lambda$waitForClusterToBeReady$0(147)) - Waiting for cluster to be ready. Got 0 of 3 DN Heartbeats.
2019-11-07 13:49:52,616 [IPC Server handler 3 on 43973] INFO  net.NetworkTopology (NetworkTopologyImpl.java:add(111)) - Added a new node: /default-rack/c4d74ea5-4e51-490d-ae77-7f64a80784ec
2019-11-07 13:49:52,616 [IPC Server handler 3 on 43973] INFO  node.SCMNodeManager (SCMNodeManager.java:register(313)) - Registered Data node : c4d74ea5-4e51-490d-ae77-7f64a80784ec{ip: 192.168.34.59, host: pr-hdds-2329-pipelines-xb8hx-2504970213, networkLocation: /default-rack, certSerialId: null}
2019-11-07 13:49:52,621 [EventQueue-NodeRegistrationContainerReportForDataNodeSafeModeRule] INFO  safemode.SCMSafeModeManager (DataNodeSafeModeRule.java:process(71)) - SCM in safe mode. 1 DataNodes registered, 1 required.
2019-11-07 13:49:52,621 [EventQueue-NodeRegistrationContainerReportForDataNodeSafeModeRule] INFO  safemode.SCMSafeModeManager (SCMSafeModeManager.java:validateSafeModeExitRules(177)) - ScmSafeModeManager, all rules are successfully validated
2019-11-07 13:49:52,621 [EventQueue-NodeRegistrationContainerReportForDataNodeSafeModeRule] INFO  safemode.SCMSafeModeManager (SCMSafeModeManager.java:exitSafeMode(193)) - SCM exiting safe mode.
2019-11-07 13:49:52,672 [IPC Server handler 6 on 43973] INFO  net.NetworkTopology (NetworkTopologyImpl.java:add(111)) - Added a new node: /default-rack/5995e050-5950-4b38-8270-33206f256198
2019-11-07 13:49:52,672 [IPC Server handler 6 on 43973] INFO  node.SCMNodeManager (SCMNodeManager.java:register(313)) - Registered Data node : 5995e050-5950-4b38-8270-33206f256198{ip: 192.168.34.59, host: pr-hdds-2329-pipelines-xb8hx-2504970213, networkLocation: /default-rack, certSerialId: null}
2019-11-07 13:49:52,748 [main] INFO  ozone.MiniOzoneClusterImpl (MiniOzoneClusterImpl.java:lambda$waitForClusterToBeReady$0(147)) - Waiting for cluster to be ready. Got 2 of 3 DN Heartbeats.
2019-11-07 13:49:52,749 [IPC Server handler 1 on 43973] INFO  net.NetworkTopology (NetworkTopologyImpl.java:add(111)) - Added a new node: /default-rack/71a86a4d-23f3-4eb4-8ea5-d143fc2c84ef
2019-11-07 13:49:52,749 [IPC Server handler 1 on 43973] INFO  node.SCMNodeManager (SCMNodeManager.java:register(313)) - Registered Data node : 71a86a4d-23f3-4eb4-8ea5-d143fc2c84ef{ip: 192.168.34.59, host: pr-hdds-2329-pipelines-xb8hx-2504970213, networkLocation: /default-rack, certSerialId: null}
2019-11-07 13:49:53,076 [grpc-default-executor-0] INFO  impl.RaftServerProxy (RaftServerProxy.java:addNew(89)) - c4d74ea5-4e51-490d-ae77-7f64a80784ec: addNew group-90F570300273:[c4d74ea5-4e51-490d-ae77-7f64a80784ec:192.168.34.59:44211] returns group-90F570300273:java.util.concurrent.CompletableFuture@63a32a02[Not completed]
2019-11-07 13:49:53,088 [pool-28-thread-1] INFO  impl.RaftServerImpl (RaftServerImpl.java:<init>(98)) - c4d74ea5-4e51-490d-ae77-7f64a80784ec: new RaftServerImpl for group-90F570300273:[c4d74ea5-4e51-490d-ae77-7f64a80784ec:192.168.34.59:44211] with ContainerStateMachine:uninitialized
2019-11-07 13:49:53,090 [pool-28-thread-1] INFO  server.RaftServerConfigKeys (ConfUtils.java:logGet(43)) - raft.server.rpc.timeout.min = 5s (custom)
2019-11-07 13:49:53,091 [pool-28-thread-1] INFO  server.RaftServerConfigKeys (ConfUtils.java:logGet(43)) - raft.server.rpc.timeout.max = 5200ms (custom)
2019-11-07 13:49:53,091 [pool-28-thread-1] INFO  server.RaftServerConfigKeys (ConfUtils.java:logGet(43)) - raft.server.rpcslowness.timeout = 1000s (custom)
2019-11-07 13:49:53,092 [pool-28-thread-1] INFO  server.RaftServerConfigKeys (ConfUtils.java:logGet(43)) - raft.server.sleep.deviation.threshold = 300 (default)
2019-11-07 13:49:53,093 [pool-28-thread-1] INFO  server.RaftServerConfigKeys (ConfUtils.java:logGet(43)) - raft.server.log.appender.install.snapshot.enabled = false (custom)
2019-11-07 13:49:53,099 [pool-28-thread-1] INFO  impl.RaftServerImpl (ServerState.java:<init>(103)) - c4d74ea5-4e51-490d-ae77-7f64a80784ec@group-90F570300273: ConfigurationManager, init=-1: [c4d74ea5-4e51-490d-ae77-7f64a80784ec:192.168.34.59:44211], old=null, confs=<EMPTY_MAP>
2019-11-07 13:49:53,099 [pool-28-thread-1] INFO  server.RaftServerConfigKeys (ConfUtils.java:logGet(43)) - raft.server.storage.dir = [/workdir/hadoop-ozone/integration-test/target/test-dir/MiniOzoneClusterImpl-de3ec75a-100b-4861-956f-c0ca15a63112/datanode-0/data/ratis] (custom)
2019-11-07 13:49:53,105 [pool-28-thread-1] INFO  server.RaftServerConfigKeys (ConfUtils.java:logGet(43)) - raft.server.log.corruption.policy = EXCEPTION (default)
2019-11-07 13:49:53,107 [pool-28-thread-1] INFO  storage.RaftStorageDirectory (RaftStorageDirectory.java:analyzeStorage(246)) - The storage directory /workdir/hadoop-ozone/integration-test/target/test-dir/MiniOzoneClusterImpl-de3ec75a-100b-4861-956f-c0ca15a63112/datanode-0/data/ratis/360ef9d7-f46d-4d0a-b2ff-90f570300273 does not exist. Creating ...
2019-11-07 13:49:53,124 [pool-28-thread-1] INFO  storage.RaftStorageDirectory (RaftStorageDirectory.java:tryLock(328)) - Lock on /workdir/hadoop-ozone/integration-test/target/test-dir/MiniOzoneClusterImpl-de3ec75a-100b-4861-956f-c0ca15a63112/datanode-0/data/ratis/360ef9d7-f46d-4d0a-b2ff-90f570300273/in_use.lock acquired by nodename 32086@pr-hdds-2329-pipelines-xb8hx-2504970213
2019-11-07 13:49:53,140 [pool-28-thread-1] INFO  storage.RaftStorage (RaftStorage.java:format(84)) - Storage directory /workdir/hadoop-ozone/integration-test/target/test-dir/MiniOzoneClusterImpl-de3ec75a-100b-4861-956f-c0ca15a63112/datanode-0/data/ratis/360ef9d7-f46d-4d0a-b2ff-90f570300273 has been successfully formatted.
2019-11-07 13:49:53,144 [pool-28-thread-1] INFO  ratis.ContainerStateMachine (ContainerStateMachine.java:loadSnapshot(231)) - group-90F570300273: The snapshot info is null. Setting the last applied indexto:(t:0, i:~)
2019-11-07 13:49:53,144 [pool-28-thread-1] INFO  server.RaftServerConfigKeys (ConfUtils.java:logGet(43)) - raft.server.notification.no-leader.timeout = 1000s (custom)
2019-11-07 13:49:53,147 [pool-28-thread-1] INFO  server.RaftServerConfigKeys (ConfUtils.java:logGet(43)) - raft.server.log.use.memory = false (default)
2019-11-07 13:49:53,153 [pool-28-thread-1] INFO  server.RaftServerConfigKeys (ConfUtils.java:logGet(43)) - raft.server.log.purge.gap = 1000000 (custom)
2019-11-07 13:49:53,153 [pool-28-thread-1] INFO  server.RaftServerConfigKeys (ConfUtils.java:logGet(43)) - raft.server.log.appender.buffer.byte-limit = 33554432 (custom)
2019-11-07 13:49:53,155 [pool-28-thread-1] INFO  server.RaftServerConfigKeys (ConfUtils.java:logGet(43)) - raft.server.log.segment.size.max = 1048576 (custom)
2019-11-07 13:49:53,160 [pool-28-thread-1] INFO  metrics.MetricRegistries (MetricRegistriesLoader.java:load(64)) - Loaded MetricRegistries class org.apache.ratis.metrics.impl.MetricRegistriesImpl
2019-11-07 13:49:53,163 [pool-28-thread-1] WARN  impl.MetricRegistriesImpl (MetricRegistriesImpl.java:lambda$create$1(61)) - First MetricRegistry has been created without registering reporters. You may need to call MetricRegistries.global().addReportRegistration(...) before.
2019-11-07 13:49:53,168 [pool-28-thread-1] INFO  server.RaftServerConfigKeys (ConfUtils.java:logGet(43)) - raft.server.log.segment.cache.num.max = 2 (custom)
2019-11-07 13:49:53,173 [pool-28-thread-1] INFO  segmented.SegmentedRaftLogWorker (SegmentedRaftLogWorker.java:<init>(173)) - new c4d74ea5-4e51-490d-ae77-7f64a80784ec@group-90F570300273-SegmentedRaftLogWorker for RaftStorage:Storage Directory /workdir/hadoop-ozone/integration-test/target/test-dir/MiniOzoneClusterImpl-de3ec75a-100b-4861-956f-c0ca15a63112/datanode-0/data/ratis/360ef9d7-f46d-4d0a-b2ff-90f570300273
2019-11-07 13:49:53,174 [pool-28-thread-1] INFO  server.RaftServerConfigKeys (ConfUtils.java:logGet(43)) - raft.server.log.queue.byte-limit = 2147483647 (custom)
2019-11-07 13:49:53,174 [pool-28-thread-1] INFO  server.RaftServerConfigKeys (ConfUtils.java:logGet(43)) - raft.server.log.queue.element-limit = 1024 (custom)
2019-11-07 13:49:53,175 [pool-28-thread-1] INFO  server.RaftServerConfigKeys (ConfUtils.java:logGet(43)) - raft.server.log.segment.size.max = 1048576 (custom)
2019-11-07 13:49:53,176 [pool-28-thread-1] INFO  server.RaftServerConfigKeys (ConfUtils.java:logGet(43)) - raft.server.log.preallocated.size = 16384 (custom)
2019-11-07 13:49:53,176 [pool-28-thread-1] INFO  server.RaftServerConfigKeys (ConfUtils.java:logGet(43)) - raft.server.log.write.buffer.size = 33554432 (custom)
2019-11-07 13:49:53,176 [pool-28-thread-1] INFO  server.RaftServerConfigKeys (ConfUtils.java:logGet(43)) - raft.server.log.force.sync.num = 128 (default)
2019-11-07 13:49:53,177 [pool-28-thread-1] INFO  server.RaftServerConfigKeys (ConfUtils.java:logGet(43)) - raft.server.log.statemachine.data.sync = true (default)
2019-11-07 13:49:53,178 [pool-28-thread-1] INFO  server.RaftServerConfigKeys (ConfUtils.java:logGet(43)) - raft.server.log.statemachine.data.sync.timeout = 10s (default)
2019-11-07 13:49:53,178 [pool-28-thread-1] INFO  server.RaftServerConfigKeys (ConfUtils.java:logGet(43)) - raft.server.log.statemachine.data.sync.timeout.retry = -1 (default)
2019-11-07 13:49:53,188 [pool-28-thread-1] INFO  server.RaftServerConfigKeys (ConfUtils.java:logGet(43)) - raft.server.log.statemachine.data.caching.enabled = true (custom)
2019-11-07 13:49:53,193 [pool-28-thread-1] INFO  segmented.SegmentedRaftLogWorker (SegmentedRaftLogWorker.java:lambda$new$0(128)) - c4d74ea5-4e51-490d-ae77-7f64a80784ec@group-90F570300273-SegmentedRaftLogWorker: flushIndex: setUnconditionally 0 -> -1
2019-11-07 13:49:53,197 [pool-28-thread-1] INFO  server.RaftServerConfigKeys (ConfUtils.java:logGet(43)) - raft.server.snapshot.auto.trigger.enabled = true (custom)
2019-11-07 13:49:53,198 [pool-28-thread-1] INFO  server.RaftServerConfigKeys (ConfUtils.java:logGet(43)) - raft.server.snapshot.auto.trigger.threshold = 10000 (custom)
2019-11-07 13:49:53,198 [pool-28-thread-1] INFO  server.RaftServerConfigKeys (ConfUtils.java:logGet(43)) - raft.server.snapshot.retention.file.num = 5 (custom)
2019-11-07 13:49:53,199 [pool-28-thread-1] INFO  server.RaftServerConfigKeys (ConfUtils.java:logGet(43)) - raft.server.retrycache.expirytime = 600000ms (custom)
2019-11-07 13:49:53,216 [pool-28-thread-1] WARN  impl.MetricRegistriesImpl (MetricRegistriesImpl.java:lambda$create$1(61)) - First MetricRegistry has been created without registering reporters. You may need to call MetricRegistries.global().addReportRegistration(...) before.
2019-11-07 13:49:53,220 [pool-28-thread-1] WARN  impl.MetricRegistriesImpl (MetricRegistriesImpl.java:lambda$create$1(61)) - First MetricRegistry has been created without registering reporters. You may need to call MetricRegistries.global().addReportRegistration(...) before.
2019-11-07 13:49:53,222 [pool-28-thread-1] INFO  impl.RaftServerImpl (RaftServerImpl.java:start(184)) - c4d74ea5-4e51-490d-ae77-7f64a80784ec@group-90F570300273: start as a follower, conf=-1: [c4d74ea5-4e51-490d-ae77-7f64a80784ec:192.168.34.59:44211], old=null
2019-11-07 13:49:53,224 [pool-28-thread-1] INFO  impl.RaftServerImpl (RaftServerImpl.java:setRole(173)) - c4d74ea5-4e51-490d-ae77-7f64a80784ec@group-90F570300273: changes role from      null to FOLLOWER at term 0 for startAsFollower
2019-11-07 13:49:53,225 [pool-28-thread-1] INFO  impl.RoleInfo (RoleInfo.java:updateAndGet(143)) - c4d74ea5-4e51-490d-ae77-7f64a80784ec: start FollowerState
2019-11-07 13:49:53,228 [pool-28-thread-1] INFO  util.JmxRegister (JmxRegister.java:tryRegister(44)) - Successfully registered JMX Bean with object name Ratis:service=RaftServer,group=group-90F570300273,id=c4d74ea5-4e51-490d-ae77-7f64a80784ec
2019-11-07 13:49:53,230 [pool-28-thread-1] WARN  impl.MetricRegistriesImpl (MetricRegistriesImpl.java:lambda$create$1(61)) - First MetricRegistry has been created without registering reporters. You may need to call MetricRegistries.global().addReportRegistration(...) before.
2019-11-07 13:49:53,281 [RatisPipelineUtilsThread] INFO  pipeline.PipelineStateManager (PipelineStateManager.java:addPipeline(56)) - Created pipeline Pipeline[ Id: 360ef9d7-f46d-4d0a-b2ff-90f570300273, Nodes: c4d74ea5-4e51-490d-ae77-7f64a80784ec{ip: 192.168.34.59, host: pr-hdds-2329-pipelines-xb8hx-2504970213, networkLocation: /default-rack, certSerialId: null}, Type:RATIS, Factor:ONE, State:OPEN]
2019-11-07 13:49:53,294 [grpc-default-executor-0] INFO  impl.RaftServerProxy (RaftServerProxy.java:addNew(89)) - 5995e050-5950-4b38-8270-33206f256198: addNew group-64ABFB921093:[5995e050-5950-4b38-8270-33206f256198:192.168.34.59:33936] returns group-64ABFB921093:java.util.concurrent.CompletableFuture@6caa1e24[Not completed]
2019-11-07 13:49:53,311 [pool-38-thread-1] INFO  impl.RaftServerImpl (RaftServerImpl.java:<init>(98)) - 5995e050-5950-4b38-8270-33206f256198: new RaftServerImpl for group-64ABFB921093:[5995e050-5950-4b38-8270-33206f256198:192.168.34.59:33936] with ContainerStateMachine:uninitialized
2019-11-07 13:49:53,312 [pool-38-thread-1] INFO  server.RaftServerConfigKeys (ConfUtils.java:logGet(43)) - raft.server.rpc.timeout.min = 5s (custom)
2019-11-07 13:49:53,312 [pool-38-thread-1] INFO  server.RaftServerConfigKeys (ConfUtils.java:logGet(43)) - raft.server.rpc.timeout.max = 5200ms (custom)
2019-11-07 13:49:53,313 [pool-38-thread-1] INFO  server.RaftServerConfigKeys (ConfUtils.java:logGet(43)) - raft.server.rpcslowness.timeout = 1000s (custom)
2019-11-07 13:49:53,313 [pool-38-thread-1] INFO  server.RaftServerConfigKeys (ConfUtils.java:logGet(43)) - raft.server.sleep.deviation.threshold = 300 (default)
2019-11-07 13:49:53,313 [pool-38-thread-1] INFO  server.RaftServerConfigKeys (ConfUtils.java:logGet(43)) - raft.server.log.appender.install.snapshot.enabled = false (custom)
2019-11-07 13:49:53,313 [pool-38-thread-1] INFO  impl.RaftServerImpl (ServerState.java:<init>(103)) - 5995e050-5950-4b38-8270-33206f256198@group-64ABFB921093: ConfigurationManager, init=-1: [5995e050-5950-4b38-8270-33206f256198:192.168.34.59:33936], old=null, confs=<EMPTY_MAP>
2019-11-07 13:49:53,313 [pool-38-thread-1] INFO  server.RaftServerConfigKeys (ConfUtils.java:logGet(43)) - raft.server.storage.dir = [/workdir/hadoop-ozone/integration-test/target/test-dir/MiniOzoneClusterImpl-de3ec75a-100b-4861-956f-c0ca15a63112/datanode-1/data/ratis] (custom)
2019-11-07 13:49:53,314 [pool-38-thread-1] INFO  server.RaftServerConfigKeys (ConfUtils.java:logGet(43)) - raft.server.log.corruption.policy = EXCEPTION (default)
2019-11-07 13:49:53,314 [pool-38-thread-1] INFO  storage.RaftStorageDirectory (RaftStorageDirectory.java:analyzeStorage(246)) - The storage directory /workdir/hadoop-ozone/integration-test/target/test-dir/MiniOzoneClusterImpl-de3ec75a-100b-4861-956f-c0ca15a63112/datanode-1/data/ratis/5f8de13a-d3c9-4202-8235-64abfb921093 does not exist. Creating ...
2019-11-07 13:49:53,329 [pool-38-thread-1] INFO  storage.RaftStorageDirectory (RaftStorageDirectory.java:tryLock(328)) - Lock on /workdir/hadoop-ozone/integration-test/target/test-dir/MiniOzoneClusterImpl-de3ec75a-100b-4861-956f-c0ca15a63112/datanode-1/data/ratis/5f8de13a-d3c9-4202-8235-64abfb921093/in_use.lock acquired by nodename 32086@pr-hdds-2329-pipelines-xb8hx-2504970213
2019-11-07 13:49:53,342 [pool-38-thread-1] INFO  storage.RaftStorage (RaftStorage.java:format(84)) - Storage directory /workdir/hadoop-ozone/integration-test/target/test-dir/MiniOzoneClusterImpl-de3ec75a-100b-4861-956f-c0ca15a63112/datanode-1/data/ratis/5f8de13a-d3c9-4202-8235-64abfb921093 has been successfully formatted.
2019-11-07 13:49:53,343 [pool-38-thread-1] INFO  ratis.ContainerStateMachine (ContainerStateMachine.java:loadSnapshot(231)) - group-64ABFB921093: The snapshot info is null. Setting the last applied indexto:(t:0, i:~)
2019-11-07 13:49:53,344 [pool-38-thread-1] INFO  server.RaftServerConfigKeys (ConfUtils.java:logGet(43)) - raft.server.notification.no-leader.timeout = 1000s (custom)
2019-11-07 13:49:53,344 [pool-38-thread-1] INFO  server.RaftServerConfigKeys (ConfUtils.java:logGet(43)) - raft.server.log.use.memory = false (default)
2019-11-07 13:49:53,344 [pool-38-thread-1] INFO  server.RaftServerConfigKeys (ConfUtils.java:logGet(43)) - raft.server.log.purge.gap = 1000000 (custom)
2019-11-07 13:49:53,344 [pool-38-thread-1] INFO  server.RaftServerConfigKeys (ConfUtils.java:logGet(43)) - raft.server.log.appender.buffer.byte-limit = 33554432 (custom)
2019-11-07 13:49:53,345 [pool-38-thread-1] INFO  server.RaftServerConfigKeys (ConfUtils.java:logGet(43)) - raft.server.log.segment.size.max = 1048576 (custom)
2019-11-07 13:49:53,345 [pool-38-thread-1] WARN  impl.MetricRegistriesImpl (MetricRegistriesImpl.java:lambda$create$1(61)) - First MetricRegistry has been created without registering reporters. You may need to call MetricRegistries.global().addReportRegistration(...) before.
2019-11-07 13:49:53,346 [pool-38-thread-1] INFO  server.RaftServerConfigKeys (ConfUtils.java:logGet(43)) - raft.server.log.segment.cache.num.max = 2 (custom)
2019-11-07 13:49:53,346 [pool-38-thread-1] INFO  segmented.SegmentedRaftLogWorker (SegmentedRaftLogWorker.java:<init>(173)) - new 5995e050-5950-4b38-8270-33206f256198@group-64ABFB921093-SegmentedRaftLogWorker for RaftStorage:Storage Directory /workdir/hadoop-ozone/integration-test/target/test-dir/MiniOzoneClusterImpl-de3ec75a-100b-4861-956f-c0ca15a63112/datanode-1/data/ratis/5f8de13a-d3c9-4202-8235-64abfb921093
2019-11-07 13:49:53,346 [pool-38-thread-1] INFO  server.RaftServerConfigKeys (ConfUtils.java:logGet(43)) - raft.server.log.queue.byte-limit = 2147483647 (custom)
2019-11-07 13:49:53,347 [pool-38-thread-1] INFO  server.RaftServerConfigKeys (ConfUtils.java:logGet(43)) - raft.server.log.queue.element-limit = 1024 (custom)
2019-11-07 13:49:53,347 [pool-38-thread-1] INFO  server.RaftServerConfigKeys (ConfUtils.java:logGet(43)) - raft.server.log.segment.size.max = 1048576 (custom)
2019-11-07 13:49:53,347 [pool-38-thread-1] INFO  server.RaftServerConfigKeys (ConfUtils.java:logGet(43)) - raft.server.log.preallocated.size = 16384 (custom)
2019-11-07 13:49:53,347 [pool-38-thread-1] INFO  server.RaftServerConfigKeys (ConfUtils.java:logGet(43)) - raft.server.log.write.buffer.size = 33554432 (custom)
2019-11-07 13:49:53,347 [pool-38-thread-1] INFO  server.RaftServerConfigKeys (ConfUtils.java:logGet(43)) - raft.server.log.force.sync.num = 128 (default)
2019-11-07 13:49:53,347 [pool-38-thread-1] INFO  server.RaftServerConfigKeys (ConfUtils.java:logGet(43)) - raft.server.log.statemachine.data.sync = true (default)
2019-11-07 13:49:53,347 [pool-38-thread-1] INFO  server.RaftServerConfigKeys (ConfUtils.java:logGet(43)) - raft.server.log.statemachine.data.sync.timeout = 10s (default)
2019-11-07 13:49:53,348 [pool-38-thread-1] INFO  server.RaftServerConfigKeys (ConfUtils.java:logGet(43)) - raft.server.log.statemachine.data.sync.timeout.retry = -1 (default)
2019-11-07 13:49:53,348 [pool-38-thread-1] INFO  server.RaftServerConfigKeys (ConfUtils.java:logGet(43)) - raft.server.log.statemachine.data.caching.enabled = true (custom)
2019-11-07 13:49:53,348 [pool-38-thread-1] INFO  segmented.SegmentedRaftLogWorker (SegmentedRaftLogWorker.java:lambda$new$0(128)) - 5995e050-5950-4b38-8270-33206f256198@group-64ABFB921093-SegmentedRaftLogWorker: flushIndex: setUnconditionally 0 -> -1
2019-11-07 13:49:53,349 [pool-38-thread-1] INFO  server.RaftServerConfigKeys (ConfUtils.java:logGet(43)) - raft.server.snapshot.auto.trigger.enabled = true (custom)
2019-11-07 13:49:53,349 [pool-38-thread-1] INFO  server.RaftServerConfigKeys (ConfUtils.java:logGet(43)) - raft.server.snapshot.auto.trigger.threshold = 10000 (custom)
2019-11-07 13:49:53,349 [pool-38-thread-1] INFO  server.RaftServerConfigKeys (ConfUtils.java:logGet(43)) - raft.server.snapshot.retention.file.num = 5 (custom)
2019-11-07 13:49:53,349 [pool-38-thread-1] INFO  server.RaftServerConfigKeys (ConfUtils.java:logGet(43)) - raft.server.retrycache.expirytime = 600000ms (custom)
2019-11-07 13:49:53,349 [pool-38-thread-1] WARN  impl.MetricRegistriesImpl (MetricRegistriesImpl.java:lambda$create$1(61)) - First MetricRegistry has been created without registering reporters. You may need to call MetricRegistries.global().addReportRegistration(...) before.
2019-11-07 13:49:53,350 [pool-38-thread-1] WARN  impl.MetricRegistriesImpl (MetricRegistriesImpl.java:lambda$create$1(61)) - First MetricRegistry has been created without registering reporters. You may need to call MetricRegistries.global().addReportRegistration(...) before.
2019-11-07 13:49:53,350 [pool-38-thread-1] INFO  impl.RaftServerImpl (RaftServerImpl.java:start(184)) - 5995e050-5950-4b38-8270-33206f256198@group-64ABFB921093: start as a follower, conf=-1: [5995e050-5950-4b38-8270-33206f256198:192.168.34.59:33936], old=null
2019-11-07 13:49:53,350 [pool-38-thread-1] INFO  impl.RaftServerImpl (RaftServerImpl.java:setRole(173)) - 5995e050-5950-4b38-8270-33206f256198@group-64ABFB921093: changes role from      null to FOLLOWER at term 0 for startAsFollower
2019-11-07 13:49:53,350 [pool-38-thread-1] INFO  impl.RoleInfo (RoleInfo.java:updateAndGet(143)) - 5995e050-5950-4b38-8270-33206f256198: start FollowerState
2019-11-07 13:49:53,351 [pool-38-thread-1] INFO  util.JmxRegister (JmxRegister.java:tryRegister(44)) - Successfully registered JMX Bean with object name Ratis:service=RaftServer,group=group-64ABFB921093,id=5995e050-5950-4b38-8270-33206f256198
2019-11-07 13:49:53,352 [pool-38-thread-1] WARN  impl.MetricRegistriesImpl (MetricRegistriesImpl.java:lambda$create$1(61)) - First MetricRegistry has been created without registering reporters. You may need to call MetricRegistries.global().addReportRegistration(...) before.
2019-11-07 13:49:53,364 [RatisPipelineUtilsThread] INFO  pipeline.PipelineStateManager (PipelineStateManager.java:addPipeline(56)) - Created pipeline Pipeline[ Id: 5f8de13a-d3c9-4202-8235-64abfb921093, Nodes: 5995e050-5950-4b38-8270-33206f256198{ip: 192.168.34.59, host: pr-hdds-2329-pipelines-xb8hx-2504970213, networkLocation: /default-rack, certSerialId: null}, Type:RATIS, Factor:ONE, State:OPEN]
2019-11-07 13:49:53,381 [grpc-default-executor-0] INFO  impl.RaftServerProxy (RaftServerProxy.java:addNew(89)) - 71a86a4d-23f3-4eb4-8ea5-d143fc2c84ef: addNew group-93A353565196:[71a86a4d-23f3-4eb4-8ea5-d143fc2c84ef:192.168.34.59:36384] returns group-93A353565196:java.util.concurrent.CompletableFuture@6e965ed2[Not completed]
2019-11-07 13:49:53,396 [pool-48-thread-1] INFO  impl.RaftServerImpl (RaftServerImpl.java:<init>(98)) - 71a86a4d-23f3-4eb4-8ea5-d143fc2c84ef: new RaftServerImpl for group-93A353565196:[71a86a4d-23f3-4eb4-8ea5-d143fc2c84ef:192.168.34.59:36384] with ContainerStateMachine:uninitialized
2019-11-07 13:49:53,397 [pool-48-thread-1] INFO  server.RaftServerConfigKeys (ConfUtils.java:logGet(43)) - raft.server.rpc.timeout.min = 5s (custom)
2019-11-07 13:49:53,397 [pool-48-thread-1] INFO  server.RaftServerConfigKeys (ConfUtils.java:logGet(43)) - raft.server.rpc.timeout.max = 5200ms (custom)
2019-11-07 13:49:53,397 [pool-48-thread-1] INFO  server.RaftServerConfigKeys (ConfUtils.java:logGet(43)) - raft.server.rpcslowness.timeout = 1000s (custom)
2019-11-07 13:49:53,397 [pool-48-thread-1] INFO  server.RaftServerConfigKeys (ConfUtils.java:logGet(43)) - raft.server.sleep.deviation.threshold = 300 (default)
2019-11-07 13:49:53,398 [pool-48-thread-1] INFO  server.RaftServerConfigKeys (ConfUtils.java:logGet(43)) - raft.server.log.appender.install.snapshot.enabled = false (custom)
2019-11-07 13:49:53,398 [pool-48-thread-1] INFO  impl.RaftServerImpl (ServerState.java:<init>(103)) - 71a86a4d-23f3-4eb4-8ea5-d143fc2c84ef@group-93A353565196: ConfigurationManager, init=-1: [71a86a4d-23f3-4eb4-8ea5-d143fc2c84ef:192.168.34.59:36384], old=null, confs=<EMPTY_MAP>
2019-11-07 13:49:53,398 [pool-48-thread-1] INFO  server.RaftServerConfigKeys (ConfUtils.java:logGet(43)) - raft.server.storage.dir = [/workdir/hadoop-ozone/integration-test/target/test-dir/MiniOzoneClusterImpl-de3ec75a-100b-4861-956f-c0ca15a63112/datanode-2/data/ratis] (custom)
2019-11-07 13:49:53,398 [pool-48-thread-1] INFO  server.RaftServerConfigKeys (ConfUtils.java:logGet(43)) - raft.server.log.corruption.policy = EXCEPTION (default)
2019-11-07 13:49:53,398 [pool-48-thread-1] INFO  storage.RaftStorageDirectory (RaftStorageDirectory.java:analyzeStorage(246)) - The storage directory /workdir/hadoop-ozone/integration-test/target/test-dir/MiniOzoneClusterImpl-de3ec75a-100b-4861-956f-c0ca15a63112/datanode-2/data/ratis/7499ec47-b006-49e2-85a3-93a353565196 does not exist. Creating ...
2019-11-07 13:49:53,426 [pool-48-thread-1] INFO  storage.RaftStorageDirectory (RaftStorageDirectory.java:tryLock(328)) - Lock on /workdir/hadoop-ozone/integration-test/target/test-dir/MiniOzoneClusterImpl-de3ec75a-100b-4861-956f-c0ca15a63112/datanode-2/data/ratis/7499ec47-b006-49e2-85a3-93a353565196/in_use.lock acquired by nodename 32086@pr-hdds-2329-pipelines-xb8hx-2504970213
2019-11-07 13:49:53,438 [pool-48-thread-1] INFO  storage.RaftStorage (RaftStorage.java:format(84)) - Storage directory /workdir/hadoop-ozone/integration-test/target/test-dir/MiniOzoneClusterImpl-de3ec75a-100b-4861-956f-c0ca15a63112/datanode-2/data/ratis/7499ec47-b006-49e2-85a3-93a353565196 has been successfully formatted.
2019-11-07 13:49:53,439 [pool-48-thread-1] INFO  ratis.ContainerStateMachine (ContainerStateMachine.java:loadSnapshot(231)) - group-93A353565196: The snapshot info is null. Setting the last applied indexto:(t:0, i:~)
2019-11-07 13:49:53,439 [pool-48-thread-1] INFO  server.RaftServerConfigKeys (ConfUtils.java:logGet(43)) - raft.server.notification.no-leader.timeout = 1000s (custom)
2019-11-07 13:49:53,439 [pool-48-thread-1] INFO  server.RaftServerConfigKeys (ConfUtils.java:logGet(43)) - raft.server.log.use.memory = false (default)
2019-11-07 13:49:53,439 [pool-48-thread-1] INFO  server.RaftServerConfigKeys (ConfUtils.java:logGet(43)) - raft.server.log.purge.gap = 1000000 (custom)
2019-11-07 13:49:53,439 [pool-48-thread-1] INFO  server.RaftServerConfigKeys (ConfUtils.java:logGet(43)) - raft.server.log.appender.buffer.byte-limit = 33554432 (custom)
2019-11-07 13:49:53,439 [pool-48-thread-1] INFO  server.RaftServerConfigKeys (ConfUtils.java:logGet(43)) - raft.server.log.segment.size.max = 1048576 (custom)
2019-11-07 13:49:53,440 [pool-48-thread-1] WARN  impl.MetricRegistriesImpl (MetricRegistriesImpl.java:lambda$create$1(61)) - First MetricRegistry has been created without registering reporters. You may need to call MetricRegistries.global().addReportRegistration(...) before.
2019-11-07 13:49:53,440 [pool-48-thread-1] INFO  server.RaftServerConfigKeys (ConfUtils.java:logGet(43)) - raft.server.log.segment.cache.num.max = 2 (custom)
2019-11-07 13:49:53,440 [pool-48-thread-1] INFO  segmented.SegmentedRaftLogWorker (SegmentedRaftLogWorker.java:<init>(173)) - new 71a86a4d-23f3-4eb4-8ea5-d143fc2c84ef@group-93A353565196-SegmentedRaftLogWorker for RaftStorage:Storage Directory /workdir/hadoop-ozone/integration-test/target/test-dir/MiniOzoneClusterImpl-de3ec75a-100b-4861-956f-c0ca15a63112/datanode-2/data/ratis/7499ec47-b006-49e2-85a3-93a353565196
2019-11-07 13:49:53,440 [pool-48-thread-1] INFO  server.RaftServerConfigKeys (ConfUtils.java:logGet(43)) - raft.server.log.queue.byte-limit = 2147483647 (custom)
2019-11-07 13:49:53,440 [pool-48-thread-1] INFO  server.RaftServerConfigKeys (ConfUtils.java:logGet(43)) - raft.server.log.queue.element-limit = 1024 (custom)
2019-11-07 13:49:53,440 [pool-48-thread-1] INFO  server.RaftServerConfigKeys (ConfUtils.java:logGet(43)) - raft.server.log.segment.size.max = 1048576 (custom)
2019-11-07 13:49:53,440 [pool-48-thread-1] INFO  server.RaftServerConfigKeys (ConfUtils.java:logGet(43)) - raft.server.log.preallocated.size = 16384 (custom)
2019-11-07 13:49:53,441 [pool-48-thread-1] INFO  server.RaftServerConfigKeys (ConfUtils.java:logGet(43)) - raft.server.log.write.buffer.size = 33554432 (custom)
2019-11-07 13:49:53,441 [pool-48-thread-1] INFO  server.RaftServerConfigKeys (ConfUtils.java:logGet(43)) - raft.server.log.force.sync.num = 128 (default)
2019-11-07 13:49:53,441 [pool-48-thread-1] INFO  server.RaftServerConfigKeys (ConfUtils.java:logGet(43)) - raft.server.log.statemachine.data.sync = true (default)
2019-11-07 13:49:53,441 [pool-48-thread-1] INFO  server.RaftServerConfigKeys (ConfUtils.java:logGet(43)) - raft.server.log.statemachine.data.sync.timeout = 10s (default)
2019-11-07 13:49:53,441 [pool-48-thread-1] INFO  server.RaftServerConfigKeys (ConfUtils.java:logGet(43)) - raft.server.log.statemachine.data.sync.timeout.retry = -1 (default)
2019-11-07 13:49:53,441 [pool-48-thread-1] INFO  server.RaftServerConfigKeys (ConfUtils.java:logGet(43)) - raft.server.log.statemachine.data.caching.enabled = true (custom)
2019-11-07 13:49:53,442 [pool-48-thread-1] INFO  segmented.SegmentedRaftLogWorker (SegmentedRaftLogWorker.java:lambda$new$0(128)) - 71a86a4d-23f3-4eb4-8ea5-d143fc2c84ef@group-93A353565196-SegmentedRaftLogWorker: flushIndex: setUnconditionally 0 -> -1
2019-11-07 13:49:53,442 [pool-48-thread-1] INFO  server.RaftServerConfigKeys (ConfUtils.java:logGet(43)) - raft.server.snapshot.auto.trigger.enabled = true (custom)
2019-11-07 13:49:53,442 [pool-48-thread-1] INFO  server.RaftServerConfigKeys (ConfUtils.java:logGet(43)) - raft.server.snapshot.auto.trigger.threshold = 10000 (custom)
2019-11-07 13:49:53,442 [pool-48-thread-1] INFO  server.RaftServerConfigKeys (ConfUtils.java:logGet(43)) - raft.server.snapshot.retention.file.num = 5 (custom)
2019-11-07 13:49:53,443 [pool-48-thread-1] INFO  server.RaftServerConfigKeys (ConfUtils.java:logGet(43)) - raft.server.retrycache.expirytime = 600000ms (custom)
2019-11-07 13:49:53,443 [pool-48-thread-1] WARN  impl.MetricRegistriesImpl (MetricRegistriesImpl.java:lambda$create$1(61)) - First MetricRegistry has been created without registering reporters. You may need to call MetricRegistries.global().addReportRegistration(...) before.
2019-11-07 13:49:53,443 [pool-48-thread-1] WARN  impl.MetricRegistriesImpl (MetricRegistriesImpl.java:lambda$create$1(61)) - First MetricRegistry has been created without registering reporters. You may need to call MetricRegistries.global().addReportRegistration(...) before.
2019-11-07 13:49:53,443 [pool-48-thread-1] INFO  impl.RaftServerImpl (RaftServerImpl.java:start(184)) - 71a86a4d-23f3-4eb4-8ea5-d143fc2c84ef@group-93A353565196: start as a follower, conf=-1: [71a86a4d-23f3-4eb4-8ea5-d143fc2c84ef:192.168.34.59:36384], old=null
2019-11-07 13:49:53,443 [pool-48-thread-1] INFO  impl.RaftServerImpl (RaftServerImpl.java:setRole(173)) - 71a86a4d-23f3-4eb4-8ea5-d143fc2c84ef@group-93A353565196: changes role from      null to FOLLOWER at term 0 for startAsFollower
2019-11-07 13:49:53,444 [pool-48-thread-1] INFO  impl.RoleInfo (RoleInfo.java:updateAndGet(143)) - 71a86a4d-23f3-4eb4-8ea5-d143fc2c84ef: start FollowerState
2019-11-07 13:49:53,444 [pool-48-thread-1] INFO  util.JmxRegister (JmxRegister.java:tryRegister(44)) - Successfully registered JMX Bean with object name Ratis:service=RaftServer,group=group-93A353565196,id=71a86a4d-23f3-4eb4-8ea5-d143fc2c84ef
2019-11-07 13:49:53,444 [pool-48-thread-1] WARN  impl.MetricRegistriesImpl (MetricRegistriesImpl.java:lambda$create$1(61)) - First MetricRegistry has been created without registering reporters. You may need to call MetricRegistries.global().addReportRegistration(...) before.
2019-11-07 13:49:53,453 [RatisPipelineUtilsThread] INFO  pipeline.PipelineStateManager (PipelineStateManager.java:addPipeline(56)) - Created pipeline Pipeline[ Id: 7499ec47-b006-49e2-85a3-93a353565196, Nodes: 71a86a4d-23f3-4eb4-8ea5-d143fc2c84ef{ip: 192.168.34.59, host: pr-hdds-2329-pipelines-xb8hx-2504970213, networkLocation: /default-rack, certSerialId: null}, Type:RATIS, Factor:ONE, State:OPEN]
2019-11-07 13:49:53,477 [grpc-default-executor-1] INFO  impl.RaftServerProxy (RaftServerProxy.java:addNew(89)) - 71a86a4d-23f3-4eb4-8ea5-d143fc2c84ef: addNew group-5EFA7C96AEB4:[71a86a4d-23f3-4eb4-8ea5-d143fc2c84ef:192.168.34.59:36384, c4d74ea5-4e51-490d-ae77-7f64a80784ec:192.168.34.59:44211, 5995e050-5950-4b38-8270-33206f256198:192.168.34.59:33936] returns group-5EFA7C96AEB4:java.util.concurrent.CompletableFuture@71e848dc[Not completed]
2019-11-07 13:49:53,481 [pool-48-thread-1] INFO  impl.RaftServerImpl (RaftServerImpl.java:<init>(98)) - 71a86a4d-23f3-4eb4-8ea5-d143fc2c84ef: new RaftServerImpl for group-5EFA7C96AEB4:[71a86a4d-23f3-4eb4-8ea5-d143fc2c84ef:192.168.34.59:36384, c4d74ea5-4e51-490d-ae77-7f64a80784ec:192.168.34.59:44211, 5995e050-5950-4b38-8270-33206f256198:192.168.34.59:33936] with ContainerStateMachine:uninitialized
2019-11-07 13:49:53,482 [pool-48-thread-1] INFO  server.RaftServerConfigKeys (ConfUtils.java:logGet(43)) - raft.server.rpc.timeout.min = 5s (custom)
2019-11-07 13:49:53,483 [pool-48-thread-1] INFO  server.RaftServerConfigKeys (ConfUtils.java:logGet(43)) - raft.server.rpc.timeout.max = 5200ms (custom)
2019-11-07 13:49:53,483 [pool-48-thread-1] INFO  server.RaftServerConfigKeys (ConfUtils.java:logGet(43)) - raft.server.rpcslowness.timeout = 1000s (custom)
2019-11-07 13:49:53,483 [grpc-default-executor-1] INFO  impl.RaftServerProxy (RaftServerProxy.java:addNew(89)) - 5995e050-5950-4b38-8270-33206f256198: addNew group-5EFA7C96AEB4:[71a86a4d-23f3-4eb4-8ea5-d143fc2c84ef:192.168.34.59:36384, c4d74ea5-4e51-490d-ae77-7f64a80784ec:192.168.34.59:44211, 5995e050-5950-4b38-8270-33206f256198:192.168.34.59:33936] returns group-5EFA7C96AEB4:java.util.concurrent.CompletableFuture@4e9d80f7[Not completed]
2019-11-07 13:49:53,483 [pool-48-thread-1] INFO  server.RaftServerConfigKeys (ConfUtils.java:logGet(43)) - raft.server.sleep.deviation.threshold = 300 (default)
2019-11-07 13:49:53,483 [pool-48-thread-1] INFO  server.RaftServerConfigKeys (ConfUtils.java:logGet(43)) - raft.server.log.appender.install.snapshot.enabled = false (custom)
2019-11-07 13:49:53,483 [pool-48-thread-1] INFO  impl.RaftServerImpl (ServerState.java:<init>(103)) - 71a86a4d-23f3-4eb4-8ea5-d143fc2c84ef@group-5EFA7C96AEB4: ConfigurationManager, init=-1: [71a86a4d-23f3-4eb4-8ea5-d143fc2c84ef:192.168.34.59:36384, c4d74ea5-4e51-490d-ae77-7f64a80784ec:192.168.34.59:44211, 5995e050-5950-4b38-8270-33206f256198:192.168.34.59:33936], old=null, confs=<EMPTY_MAP>
2019-11-07 13:49:53,484 [pool-48-thread-1] INFO  server.RaftServerConfigKeys (ConfUtils.java:logGet(43)) - raft.server.storage.dir = [/workdir/hadoop-ozone/integration-test/target/test-dir/MiniOzoneClusterImpl-de3ec75a-100b-4861-956f-c0ca15a63112/datanode-2/data/ratis] (custom)
2019-11-07 13:49:53,484 [pool-48-thread-1] INFO  server.RaftServerConfigKeys (ConfUtils.java:logGet(43)) - raft.server.log.corruption.policy = EXCEPTION (default)
2019-11-07 13:49:53,485 [pool-48-thread-1] INFO  storage.RaftStorageDirectory (RaftStorageDirectory.java:analyzeStorage(246)) - The storage directory /workdir/hadoop-ozone/integration-test/target/test-dir/MiniOzoneClusterImpl-de3ec75a-100b-4861-956f-c0ca15a63112/datanode-2/data/ratis/19060351-f974-4d09-a844-5efa7c96aeb4 does not exist. Creating ...
2019-11-07 13:49:53,485 [grpc-default-executor-1] INFO  impl.RaftServerProxy (RaftServerProxy.java:addNew(89)) - c4d74ea5-4e51-490d-ae77-7f64a80784ec: addNew group-5EFA7C96AEB4:[71a86a4d-23f3-4eb4-8ea5-d143fc2c84ef:192.168.34.59:36384, c4d74ea5-4e51-490d-ae77-7f64a80784ec:192.168.34.59:44211, 5995e050-5950-4b38-8270-33206f256198:192.168.34.59:33936] returns group-5EFA7C96AEB4:java.util.concurrent.CompletableFuture@59479a8[Not completed]
2019-11-07 13:49:53,485 [pool-38-thread-1] INFO  impl.RaftServerImpl (RaftServerImpl.java:<init>(98)) - 5995e050-5950-4b38-8270-33206f256198: new RaftServerImpl for group-5EFA7C96AEB4:[71a86a4d-23f3-4eb4-8ea5-d143fc2c84ef:192.168.34.59:36384, c4d74ea5-4e51-490d-ae77-7f64a80784ec:192.168.34.59:44211, 5995e050-5950-4b38-8270-33206f256198:192.168.34.59:33936] with ContainerStateMachine:uninitialized
2019-11-07 13:49:53,486 [pool-38-thread-1] INFO  server.RaftServerConfigKeys (ConfUtils.java:logGet(43)) - raft.server.rpc.timeout.min = 5s (custom)
2019-11-07 13:49:53,486 [pool-38-thread-1] INFO  server.RaftServerConfigKeys (ConfUtils.java:logGet(43)) - raft.server.rpc.timeout.max = 5200ms (custom)
2019-11-07 13:49:53,486 [pool-38-thread-1] INFO  server.RaftServerConfigKeys (ConfUtils.java:logGet(43)) - raft.server.rpcslowness.timeout = 1000s (custom)
2019-11-07 13:49:53,486 [pool-38-thread-1] INFO  server.RaftServerConfigKeys (ConfUtils.java:logGet(43)) - raft.server.sleep.deviation.threshold = 300 (default)
2019-11-07 13:49:53,486 [pool-38-thread-1] INFO  server.RaftServerConfigKeys (ConfUtils.java:logGet(43)) - raft.server.log.appender.install.snapshot.enabled = false (custom)
2019-11-07 13:49:53,486 [pool-38-thread-1] INFO  impl.RaftServerImpl (ServerState.java:<init>(103)) - 5995e050-5950-4b38-8270-33206f256198@group-5EFA7C96AEB4: ConfigurationManager, init=-1: [71a86a4d-23f3-4eb4-8ea5-d143fc2c84ef:192.168.34.59:36384, c4d74ea5-4e51-490d-ae77-7f64a80784ec:192.168.34.59:44211, 5995e050-5950-4b38-8270-33206f256198:192.168.34.59:33936], old=null, confs=<EMPTY_MAP>
2019-11-07 13:49:53,486 [pool-28-thread-1] INFO  impl.RaftServerImpl (RaftServerImpl.java:<init>(98)) - c4d74ea5-4e51-490d-ae77-7f64a80784ec: new RaftServerImpl for group-5EFA7C96AEB4:[71a86a4d-23f3-4eb4-8ea5-d143fc2c84ef:192.168.34.59:36384, c4d74ea5-4e51-490d-ae77-7f64a80784ec:192.168.34.59:44211, 5995e050-5950-4b38-8270-33206f256198:192.168.34.59:33936] with ContainerStateMachine:uninitialized
2019-11-07 13:49:53,487 [pool-38-thread-1] INFO  server.RaftServerConfigKeys (ConfUtils.java:logGet(43)) - raft.server.storage.dir = [/workdir/hadoop-ozone/integration-test/target/test-dir/MiniOzoneClusterImpl-de3ec75a-100b-4861-956f-c0ca15a63112/datanode-1/data/ratis] (custom)
2019-11-07 13:49:53,487 [pool-28-thread-1] INFO  server.RaftServerConfigKeys (ConfUtils.java:logGet(43)) - raft.server.rpc.timeout.min = 5s (custom)
2019-11-07 13:49:53,487 [pool-38-thread-1] INFO  server.RaftServerConfigKeys (ConfUtils.java:logGet(43)) - raft.server.log.corruption.policy = EXCEPTION (default)
2019-11-07 13:49:53,487 [pool-28-thread-1] INFO  server.RaftServerConfigKeys (ConfUtils.java:logGet(43)) - raft.server.rpc.timeout.max = 5200ms (custom)
2019-11-07 13:49:53,487 [pool-38-thread-1] INFO  storage.RaftStorageDirectory (RaftStorageDirectory.java:analyzeStorage(246)) - The storage directory /workdir/hadoop-ozone/integration-test/target/test-dir/MiniOzoneClusterImpl-de3ec75a-100b-4861-956f-c0ca15a63112/datanode-1/data/ratis/19060351-f974-4d09-a844-5efa7c96aeb4 does not exist. Creating ...
2019-11-07 13:49:53,487 [pool-28-thread-1] INFO  server.RaftServerConfigKeys (ConfUtils.java:logGet(43)) - raft.server.rpcslowness.timeout = 1000s (custom)
2019-11-07 13:49:53,488 [pool-28-thread-1] INFO  server.RaftServerConfigKeys (ConfUtils.java:logGet(43)) - raft.server.sleep.deviation.threshold = 300 (default)
2019-11-07 13:49:53,488 [pool-28-thread-1] INFO  server.RaftServerConfigKeys (ConfUtils.java:logGet(43)) - raft.server.log.appender.install.snapshot.enabled = false (custom)
2019-11-07 13:49:53,488 [pool-28-thread-1] INFO  impl.RaftServerImpl (ServerState.java:<init>(103)) - c4d74ea5-4e51-490d-ae77-7f64a80784ec@group-5EFA7C96AEB4: ConfigurationManager, init=-1: [71a86a4d-23f3-4eb4-8ea5-d143fc2c84ef:192.168.34.59:36384, c4d74ea5-4e51-490d-ae77-7f64a80784ec:192.168.34.59:44211, 5995e050-5950-4b38-8270-33206f256198:192.168.34.59:33936], old=null, confs=<EMPTY_MAP>
2019-11-07 13:49:53,488 [pool-28-thread-1] INFO  server.RaftServerConfigKeys (ConfUtils.java:logGet(43)) - raft.server.storage.dir = [/workdir/hadoop-ozone/integration-test/target/test-dir/MiniOzoneClusterImpl-de3ec75a-100b-4861-956f-c0ca15a63112/datanode-0/data/ratis] (custom)
2019-11-07 13:49:53,488 [pool-28-thread-1] INFO  server.RaftServerConfigKeys (ConfUtils.java:logGet(43)) - raft.server.log.corruption.policy = EXCEPTION (default)
2019-11-07 13:49:53,489 [pool-28-thread-1] INFO  storage.RaftStorageDirectory (RaftStorageDirectory.java:analyzeStorage(246)) - The storage directory /workdir/hadoop-ozone/integration-test/target/test-dir/MiniOzoneClusterImpl-de3ec75a-100b-4861-956f-c0ca15a63112/datanode-0/data/ratis/19060351-f974-4d09-a844-5efa7c96aeb4 does not exist. Creating ...
2019-11-07 13:49:53,510 [pool-48-thread-1] INFO  storage.RaftStorageDirectory (RaftStorageDirectory.java:tryLock(328)) - Lock on /workdir/hadoop-ozone/integration-test/target/test-dir/MiniOzoneClusterImpl-de3ec75a-100b-4861-956f-c0ca15a63112/datanode-2/data/ratis/19060351-f974-4d09-a844-5efa7c96aeb4/in_use.lock acquired by nodename 32086@pr-hdds-2329-pipelines-xb8hx-2504970213
2019-11-07 13:49:53,510 [pool-28-thread-1] INFO  storage.RaftStorageDirectory (RaftStorageDirectory.java:tryLock(328)) - Lock on /workdir/hadoop-ozone/integration-test/target/test-dir/MiniOzoneClusterImpl-de3ec75a-100b-4861-956f-c0ca15a63112/datanode-0/data/ratis/19060351-f974-4d09-a844-5efa7c96aeb4/in_use.lock acquired by nodename 32086@pr-hdds-2329-pipelines-xb8hx-2504970213
2019-11-07 13:49:53,510 [pool-38-thread-1] INFO  storage.RaftStorageDirectory (RaftStorageDirectory.java:tryLock(328)) - Lock on /workdir/hadoop-ozone/integration-test/target/test-dir/MiniOzoneClusterImpl-de3ec75a-100b-4861-956f-c0ca15a63112/datanode-1/data/ratis/19060351-f974-4d09-a844-5efa7c96aeb4/in_use.lock acquired by nodename 32086@pr-hdds-2329-pipelines-xb8hx-2504970213
2019-11-07 13:49:53,534 [pool-48-thread-1] INFO  storage.RaftStorage (RaftStorage.java:format(84)) - Storage directory /workdir/hadoop-ozone/integration-test/target/test-dir/MiniOzoneClusterImpl-de3ec75a-100b-4861-956f-c0ca15a63112/datanode-2/data/ratis/19060351-f974-4d09-a844-5efa7c96aeb4 has been successfully formatted.
2019-11-07 13:49:53,535 [pool-38-thread-1] INFO  storage.RaftStorage (RaftStorage.java:format(84)) - Storage directory /workdir/hadoop-ozone/integration-test/target/test-dir/MiniOzoneClusterImpl-de3ec75a-100b-4861-956f-c0ca15a63112/datanode-1/data/ratis/19060351-f974-4d09-a844-5efa7c96aeb4 has been successfully formatted.
2019-11-07 13:49:53,535 [pool-28-thread-1] INFO  storage.RaftStorage (RaftStorage.java:format(84)) - Storage directory /workdir/hadoop-ozone/integration-test/target/test-dir/MiniOzoneClusterImpl-de3ec75a-100b-4861-956f-c0ca15a63112/datanode-0/data/ratis/19060351-f974-4d09-a844-5efa7c96aeb4 has been successfully formatted.
2019-11-07 13:49:53,535 [pool-48-thread-1] INFO  ratis.ContainerStateMachine (ContainerStateMachine.java:loadSnapshot(231)) - group-5EFA7C96AEB4: The snapshot info is null. Setting the last applied indexto:(t:0, i:~)
2019-11-07 13:49:53,535 [pool-38-thread-1] INFO  ratis.ContainerStateMachine (ContainerStateMachine.java:loadSnapshot(231)) - group-5EFA7C96AEB4: The snapshot info is null. Setting the last applied indexto:(t:0, i:~)
2019-11-07 13:49:53,535 [pool-48-thread-1] INFO  server.RaftServerConfigKeys (ConfUtils.java:logGet(43)) - raft.server.notification.no-leader.timeout = 1000s (custom)
2019-11-07 13:49:53,535 [pool-38-thread-1] INFO  server.RaftServerConfigKeys (ConfUtils.java:logGet(43)) - raft.server.notification.no-leader.timeout = 1000s (custom)
2019-11-07 13:49:53,535 [pool-28-thread-1] INFO  ratis.ContainerStateMachine (ContainerStateMachine.java:loadSnapshot(231)) - group-5EFA7C96AEB4: The snapshot info is null. Setting the last applied indexto:(t:0, i:~)
2019-11-07 13:49:53,535 [pool-38-thread-1] INFO  server.RaftServerConfigKeys (ConfUtils.java:logGet(43)) - raft.server.log.use.memory = false (default)
2019-11-07 13:49:53,535 [pool-48-thread-1] INFO  server.RaftServerConfigKeys (ConfUtils.java:logGet(43)) - raft.server.log.use.memory = false (default)
2019-11-07 13:49:53,536 [pool-28-thread-1] INFO  server.RaftServerConfigKeys (ConfUtils.java:logGet(43)) - raft.server.notification.no-leader.timeout = 1000s (custom)
2019-11-07 13:49:53,536 [pool-48-thread-1] INFO  server.RaftServerConfigKeys (ConfUtils.java:logGet(43)) - raft.server.log.purge.gap = 1000000 (custom)
2019-11-07 13:49:53,536 [pool-38-thread-1] INFO  server.RaftServerConfigKeys (ConfUtils.java:logGet(43)) - raft.server.log.purge.gap = 1000000 (custom)
2019-11-07 13:49:53,536 [pool-48-thread-1] INFO  server.RaftServerConfigKeys (ConfUtils.java:logGet(43)) - raft.server.log.appender.buffer.byte-limit = 33554432 (custom)
2019-11-07 13:49:53,536 [pool-28-thread-1] INFO  server.RaftServerConfigKeys (ConfUtils.java:logGet(43)) - raft.server.log.use.memory = false (default)
2019-11-07 13:49:53,536 [pool-48-thread-1] INFO  server.RaftServerConfigKeys (ConfUtils.java:logGet(43)) - raft.server.log.segment.size.max = 1048576 (custom)
2019-11-07 13:49:53,536 [pool-38-thread-1] INFO  server.RaftServerConfigKeys (ConfUtils.java:logGet(43)) - raft.server.log.appender.buffer.byte-limit = 33554432 (custom)
2019-11-07 13:49:53,537 [pool-48-thread-1] INFO  server.RaftServerConfigKeys (ConfUtils.java:logGet(43)) - raft.server.log.segment.cache.num.max = 2 (custom)
2019-11-07 13:49:53,537 [pool-28-thread-1] INFO  server.RaftServerConfigKeys (ConfUtils.java:logGet(43)) - raft.server.log.purge.gap = 1000000 (custom)
2019-11-07 13:49:53,537 [pool-48-thread-1] INFO  segmented.SegmentedRaftLogWorker (SegmentedRaftLogWorker.java:<init>(173)) - new 71a86a4d-23f3-4eb4-8ea5-d143fc2c84ef@group-5EFA7C96AEB4-SegmentedRaftLogWorker for RaftStorage:Storage Directory /workdir/hadoop-ozone/integration-test/target/test-dir/MiniOzoneClusterImpl-de3ec75a-100b-4861-956f-c0ca15a63112/datanode-2/data/ratis/19060351-f974-4d09-a844-5efa7c96aeb4
2019-11-07 13:49:53,537 [pool-38-thread-1] INFO  server.RaftServerConfigKeys (ConfUtils.java:logGet(43)) - raft.server.log.segment.size.max = 1048576 (custom)
2019-11-07 13:49:53,537 [pool-48-thread-1] INFO  server.RaftServerConfigKeys (ConfUtils.java:logGet(43)) - raft.server.log.queue.byte-limit = 2147483647 (custom)
2019-11-07 13:49:53,537 [pool-28-thread-1] INFO  server.RaftServerConfigKeys (ConfUtils.java:logGet(43)) - raft.server.log.appender.buffer.byte-limit = 33554432 (custom)
2019-11-07 13:49:53,537 [pool-48-thread-1] INFO  server.RaftServerConfigKeys (ConfUtils.java:logGet(43)) - raft.server.log.queue.element-limit = 1024 (custom)
2019-11-07 13:49:53,537 [pool-38-thread-1] INFO  server.RaftServerConfigKeys (ConfUtils.java:logGet(43)) - raft.server.log.segment.cache.num.max = 2 (custom)
2019-11-07 13:49:53,538 [pool-48-thread-1] INFO  server.RaftServerConfigKeys (ConfUtils.java:logGet(43)) - raft.server.log.segment.size.max = 1048576 (custom)
2019-11-07 13:49:53,537 [pool-28-thread-1] INFO  server.RaftServerConfigKeys (ConfUtils.java:logGet(43)) - raft.server.log.segment.size.max = 1048576 (custom)
2019-11-07 13:49:53,538 [pool-48-thread-1] INFO  server.RaftServerConfigKeys (ConfUtils.java:logGet(43)) - raft.server.log.preallocated.size = 16384 (custom)
2019-11-07 13:49:53,538 [pool-38-thread-1] INFO  segmented.SegmentedRaftLogWorker (SegmentedRaftLogWorker.java:<init>(173)) - new 5995e050-5950-4b38-8270-33206f256198@group-5EFA7C96AEB4-SegmentedRaftLogWorker for RaftStorage:Storage Directory /workdir/hadoop-ozone/integration-test/target/test-dir/MiniOzoneClusterImpl-de3ec75a-100b-4861-956f-c0ca15a63112/datanode-1/data/ratis/19060351-f974-4d09-a844-5efa7c96aeb4
2019-11-07 13:49:53,538 [pool-48-thread-1] INFO  server.RaftServerConfigKeys (ConfUtils.java:logGet(43)) - raft.server.log.write.buffer.size = 33554432 (custom)
2019-11-07 13:49:53,538 [pool-28-thread-1] INFO  server.RaftServerConfigKeys (ConfUtils.java:logGet(43)) - raft.server.log.segment.cache.num.max = 2 (custom)
2019-11-07 13:49:53,538 [pool-48-thread-1] INFO  server.RaftServerConfigKeys (ConfUtils.java:logGet(43)) - raft.server.log.force.sync.num = 128 (default)
2019-11-07 13:49:53,538 [pool-38-thread-1] INFO  server.RaftServerConfigKeys (ConfUtils.java:logGet(43)) - raft.server.log.queue.byte-limit = 2147483647 (custom)
2019-11-07 13:49:53,538 [pool-48-thread-1] INFO  server.RaftServerConfigKeys (ConfUtils.java:logGet(43)) - raft.server.log.statemachine.data.sync = true (default)
2019-11-07 13:49:53,538 [pool-28-thread-1] INFO  segmented.SegmentedRaftLogWorker (SegmentedRaftLogWorker.java:<init>(173)) - new c4d74ea5-4e51-490d-ae77-7f64a80784ec@group-5EFA7C96AEB4-SegmentedRaftLogWorker for RaftStorage:Storage Directory /workdir/hadoop-ozone/integration-test/target/test-dir/MiniOzoneClusterImpl-de3ec75a-100b-4861-956f-c0ca15a63112/datanode-0/data/ratis/19060351-f974-4d09-a844-5efa7c96aeb4
2019-11-07 13:49:53,539 [pool-48-thread-1] INFO  server.RaftServerConfigKeys (ConfUtils.java:logGet(43)) - raft.server.log.statemachine.data.sync.timeout = 10s (default)
2019-11-07 13:49:53,539 [pool-38-thread-1] INFO  server.RaftServerConfigKeys (ConfUtils.java:logGet(43)) - raft.server.log.queue.element-limit = 1024 (custom)
2019-11-07 13:49:53,539 [pool-48-thread-1] INFO  server.RaftServerConfigKeys (ConfUtils.java:logGet(43)) - raft.server.log.statemachine.data.sync.timeout.retry = -1 (default)
2019-11-07 13:49:53,539 [pool-28-thread-1] INFO  server.RaftServerConfigKeys (ConfUtils.java:logGet(43)) - raft.server.log.queue.byte-limit = 2147483647 (custom)
2019-11-07 13:49:53,539 [pool-48-thread-1] INFO  server.RaftServerConfigKeys (ConfUtils.java:logGet(43)) - raft.server.log.statemachine.data.caching.enabled = true (custom)
2019-11-07 13:49:53,539 [pool-28-thread-1] INFO  server.RaftServerConfigKeys (ConfUtils.java:logGet(43)) - raft.server.log.queue.element-limit = 1024 (custom)
2019-11-07 13:49:53,539 [pool-38-thread-1] INFO  server.RaftServerConfigKeys (ConfUtils.java:logGet(43)) - raft.server.log.segment.size.max = 1048576 (custom)
2019-11-07 13:49:53,540 [pool-28-thread-1] INFO  server.RaftServerConfigKeys (ConfUtils.java:logGet(43)) - raft.server.log.segment.size.max = 1048576 (custom)
2019-11-07 13:49:53,540 [pool-48-thread-1] INFO  segmented.SegmentedRaftLogWorker (SegmentedRaftLogWorker.java:lambda$new$0(128)) - 71a86a4d-23f3-4eb4-8ea5-d143fc2c84ef@group-5EFA7C96AEB4-SegmentedRaftLogWorker: flushIndex: setUnconditionally 0 -> -1
2019-11-07 13:49:53,540 [pool-28-thread-1] INFO  server.RaftServerConfigKeys (ConfUtils.java:logGet(43)) - raft.server.log.preallocated.size = 16384 (custom)
2019-11-07 13:49:53,540 [pool-38-thread-1] INFO  server.RaftServerConfigKeys (ConfUtils.java:logGet(43)) - raft.server.log.preallocated.size = 16384 (custom)
2019-11-07 13:49:53,540 [pool-28-thread-1] INFO  server.RaftServerConfigKeys (ConfUtils.java:logGet(43)) - raft.server.log.write.buffer.size = 33554432 (custom)
2019-11-07 13:49:53,540 [pool-48-thread-1] INFO  server.RaftServerConfigKeys (ConfUtils.java:logGet(43)) - raft.server.snapshot.auto.trigger.enabled = true (custom)
2019-11-07 13:49:53,540 [pool-28-thread-1] INFO  server.RaftServerConfigKeys (ConfUtils.java:logGet(43)) - raft.server.log.force.sync.num = 128 (default)
2019-11-07 13:49:53,540 [pool-38-thread-1] INFO  server.RaftServerConfigKeys (ConfUtils.java:logGet(43)) - raft.server.log.write.buffer.size = 33554432 (custom)
2019-11-07 13:49:53,541 [pool-28-thread-1] INFO  server.RaftServerConfigKeys (ConfUtils.java:logGet(43)) - raft.server.log.statemachine.data.sync = true (default)
2019-11-07 13:49:53,541 [pool-48-thread-1] INFO  server.RaftServerConfigKeys (ConfUtils.java:logGet(43)) - raft.server.snapshot.auto.trigger.threshold = 10000 (custom)
2019-11-07 13:49:53,541 [pool-28-thread-1] INFO  server.RaftServerConfigKeys (ConfUtils.java:logGet(43)) - raft.server.log.statemachine.data.sync.timeout = 10s (default)
2019-11-07 13:49:53,541 [pool-38-thread-1] INFO  server.RaftServerConfigKeys (ConfUtils.java:logGet(43)) - raft.server.log.force.sync.num = 128 (default)
2019-11-07 13:49:53,541 [pool-28-thread-1] INFO  server.RaftServerConfigKeys (ConfUtils.java:logGet(43)) - raft.server.log.statemachine.data.sync.timeout.retry = -1 (default)
2019-11-07 13:49:53,541 [pool-48-thread-1] INFO  server.RaftServerConfigKeys (ConfUtils.java:logGet(43)) - raft.server.snapshot.retention.file.num = 5 (custom)
2019-11-07 13:49:53,541 [pool-38-thread-1] INFO  server.RaftServerConfigKeys (ConfUtils.java:logGet(43)) - raft.server.log.statemachine.data.sync = true (default)
2019-11-07 13:49:53,542 [pool-28-thread-1] INFO  server.RaftServerConfigKeys (ConfUtils.java:logGet(43)) - raft.server.log.statemachine.data.caching.enabled = true (custom)
2019-11-07 13:49:53,542 [pool-38-thread-1] INFO  server.RaftServerConfigKeys (ConfUtils.java:logGet(43)) - raft.server.log.statemachine.data.sync.timeout = 10s (default)
2019-11-07 13:49:53,542 [pool-48-thread-1] INFO  server.RaftServerConfigKeys (ConfUtils.java:logGet(43)) - raft.server.retrycache.expirytime = 600000ms (custom)
2019-11-07 13:49:53,542 [pool-38-thread-1] INFO  server.RaftServerConfigKeys (ConfUtils.java:logGet(43)) - raft.server.log.statemachine.data.sync.timeout.retry = -1 (default)
2019-11-07 13:49:53,542 [pool-48-thread-1] WARN  impl.MetricRegistriesImpl (MetricRegistriesImpl.java:lambda$create$1(61)) - First MetricRegistry has been created without registering reporters. You may need to call MetricRegistries.global().addReportRegistration(...) before.
2019-11-07 13:49:53,542 [pool-28-thread-1] INFO  segmented.SegmentedRaftLogWorker (SegmentedRaftLogWorker.java:lambda$new$0(128)) - c4d74ea5-4e51-490d-ae77-7f64a80784ec@group-5EFA7C96AEB4-SegmentedRaftLogWorker: flushIndex: setUnconditionally 0 -> -1
2019-11-07 13:49:53,542 [pool-48-thread-1] WARN  impl.MetricRegistriesImpl (MetricRegistriesImpl.java:lambda$create$1(61)) - First MetricRegistry has been created without registering reporters. You may need to call MetricRegistries.global().addReportRegistration(...) before.
2019-11-07 13:49:53,542 [pool-38-thread-1] INFO  server.RaftServerConfigKeys (ConfUtils.java:logGet(43)) - raft.server.log.statemachine.data.caching.enabled = true (custom)
2019-11-07 13:49:53,543 [pool-48-thread-1] INFO  impl.RaftServerImpl (RaftServerImpl.java:start(184)) - 71a86a4d-23f3-4eb4-8ea5-d143fc2c84ef@group-5EFA7C96AEB4: start as a follower, conf=-1: [71a86a4d-23f3-4eb4-8ea5-d143fc2c84ef:192.168.34.59:36384, c4d74ea5-4e51-490d-ae77-7f64a80784ec:192.168.34.59:44211, 5995e050-5950-4b38-8270-33206f256198:192.168.34.59:33936], old=null
2019-11-07 13:49:53,543 [pool-28-thread-1] INFO  server.RaftServerConfigKeys (ConfUtils.java:logGet(43)) - raft.server.snapshot.auto.trigger.enabled = true (custom)
2019-11-07 13:49:53,543 [pool-38-thread-1] INFO  segmented.SegmentedRaftLogWorker (SegmentedRaftLogWorker.java:lambda$new$0(128)) - 5995e050-5950-4b38-8270-33206f256198@group-5EFA7C96AEB4-SegmentedRaftLogWorker: flushIndex: setUnconditionally 0 -> -1
2019-11-07 13:49:53,543 [pool-48-thread-1] INFO  impl.RaftServerImpl (RaftServerImpl.java:setRole(173)) - 71a86a4d-23f3-4eb4-8ea5-d143fc2c84ef@group-5EFA7C96AEB4: changes role from      null to FOLLOWER at term 0 for startAsFollower
2019-11-07 13:49:53,543 [pool-28-thread-1] INFO  server.RaftServerConfigKeys (ConfUtils.java:logGet(43)) - raft.server.snapshot.auto.trigger.threshold = 10000 (custom)
2019-11-07 13:49:53,543 [pool-48-thread-1] INFO  impl.RoleInfo (RoleInfo.java:updateAndGet(143)) - 71a86a4d-23f3-4eb4-8ea5-d143fc2c84ef: start FollowerState
2019-11-07 13:49:53,543 [pool-38-thread-1] INFO  server.RaftServerConfigKeys (ConfUtils.java:logGet(43)) - raft.server.snapshot.auto.trigger.enabled = true (custom)
2019-11-07 13:49:53,543 [pool-28-thread-1] INFO  server.RaftServerConfigKeys (ConfUtils.java:logGet(43)) - raft.server.snapshot.retention.file.num = 5 (custom)
2019-11-07 13:49:53,544 [pool-38-thread-1] INFO  server.RaftServerConfigKeys (ConfUtils.java:logGet(43)) - raft.server.snapshot.auto.trigger.threshold = 10000 (custom)
2019-11-07 13:49:53,544 [pool-48-thread-1] INFO  util.JmxRegister (JmxRegister.java:tryRegister(44)) - Successfully registered JMX Bean with object name Ratis:service=RaftServer,group=group-5EFA7C96AEB4,id=71a86a4d-23f3-4eb4-8ea5-d143fc2c84ef
2019-11-07 13:49:53,544 [pool-28-thread-1] INFO  server.RaftServerConfigKeys (ConfUtils.java:logGet(43)) - raft.server.retrycache.expirytime = 600000ms (custom)
2019-11-07 13:49:53,544 [pool-38-thread-1] INFO  server.RaftServerConfigKeys (ConfUtils.java:logGet(43)) - raft.server.snapshot.retention.file.num = 5 (custom)
2019-11-07 13:49:53,544 [pool-28-thread-1] WARN  impl.MetricRegistriesImpl (MetricRegistriesImpl.java:lambda$create$1(61)) - First MetricRegistry has been created without registering reporters. You may need to call MetricRegistries.global().addReportRegistration(...) before.
2019-11-07 13:49:53,544 [pool-48-thread-1] WARN  impl.MetricRegistriesImpl (MetricRegistriesImpl.java:lambda$create$1(61)) - First MetricRegistry has been created without registering reporters. You may need to call MetricRegistries.global().addReportRegistration(...) before.
2019-11-07 13:49:53,544 [pool-28-thread-1] WARN  impl.MetricRegistriesImpl (MetricRegistriesImpl.java:lambda$create$1(61)) - First MetricRegistry has been created without registering reporters. You may need to call MetricRegistries.global().addReportRegistration(...) before.
2019-11-07 13:49:53,544 [pool-38-thread-1] INFO  server.RaftServerConfigKeys (ConfUtils.java:logGet(43)) - raft.server.retrycache.expirytime = 600000ms (custom)
2019-11-07 13:49:53,545 [pool-28-thread-1] INFO  impl.RaftServerImpl (RaftServerImpl.java:start(184)) - c4d74ea5-4e51-490d-ae77-7f64a80784ec@group-5EFA7C96AEB4: start as a follower, conf=-1: [71a86a4d-23f3-4eb4-8ea5-d143fc2c84ef:192.168.34.59:36384, c4d74ea5-4e51-490d-ae77-7f64a80784ec:192.168.34.59:44211, 5995e050-5950-4b38-8270-33206f256198:192.168.34.59:33936], old=null
2019-11-07 13:49:53,545 [pool-38-thread-1] WARN  impl.MetricRegistriesImpl (MetricRegistriesImpl.java:lambda$create$1(61)) - First MetricRegistry has been created without registering reporters. You may need to call MetricRegistries.global().addReportRegistration(...) before.
2019-11-07 13:49:53,545 [pool-28-thread-1] INFO  impl.RaftServerImpl (RaftServerImpl.java:setRole(173)) - c4d74ea5-4e51-490d-ae77-7f64a80784ec@group-5EFA7C96AEB4: changes role from      null to FOLLOWER at term 0 for startAsFollower
2019-11-07 13:49:53,545 [pool-38-thread-1] WARN  impl.MetricRegistriesImpl (MetricRegistriesImpl.java:lambda$create$1(61)) - First MetricRegistry has been created without registering reporters. You may need to call MetricRegistries.global().addReportRegistration(...) before.
2019-11-07 13:49:53,545 [pool-28-thread-1] INFO  impl.RoleInfo (RoleInfo.java:updateAndGet(143)) - c4d74ea5-4e51-490d-ae77-7f64a80784ec: start FollowerState
2019-11-07 13:49:53,545 [pool-38-thread-1] INFO  impl.RaftServerImpl (RaftServerImpl.java:start(184)) - 5995e050-5950-4b38-8270-33206f256198@group-5EFA7C96AEB4: start as a follower, conf=-1: [71a86a4d-23f3-4eb4-8ea5-d143fc2c84ef:192.168.34.59:36384, c4d74ea5-4e51-490d-ae77-7f64a80784ec:192.168.34.59:44211, 5995e050-5950-4b38-8270-33206f256198:192.168.34.59:33936], old=null
2019-11-07 13:49:53,546 [pool-38-thread-1] INFO  impl.RaftServerImpl (RaftServerImpl.java:setRole(173)) - 5995e050-5950-4b38-8270-33206f256198@group-5EFA7C96AEB4: changes role from      null to FOLLOWER at term 0 for startAsFollower
2019-11-07 13:49:53,546 [pool-28-thread-1] INFO  util.JmxRegister (JmxRegister.java:tryRegister(44)) - Successfully registered JMX Bean with object name Ratis:service=RaftServer,group=group-5EFA7C96AEB4,id=c4d74ea5-4e51-490d-ae77-7f64a80784ec
2019-11-07 13:49:53,546 [pool-38-thread-1] INFO  impl.RoleInfo (RoleInfo.java:updateAndGet(143)) - 5995e050-5950-4b38-8270-33206f256198: start FollowerState
2019-11-07 13:49:53,547 [pool-28-thread-1] WARN  impl.MetricRegistriesImpl (MetricRegistriesImpl.java:lambda$create$1(61)) - First MetricRegistry has been created without registering reporters. You may need to call MetricRegistries.global().addReportRegistration(...) before.
2019-11-07 13:49:53,548 [pool-38-thread-1] INFO  util.JmxRegister (JmxRegister.java:tryRegister(44)) - Successfully registered JMX Bean with object name Ratis:service=RaftServer,group=group-5EFA7C96AEB4,id=5995e050-5950-4b38-8270-33206f256198
2019-11-07 13:49:53,548 [pool-38-thread-1] WARN  impl.MetricRegistriesImpl (MetricRegistriesImpl.java:lambda$create$1(61)) - First MetricRegistry has been created without registering reporters. You may need to call MetricRegistries.global().addReportRegistration(...) before.
2019-11-07 13:49:53,566 [RatisPipelineUtilsThread] INFO  pipeline.PipelineStateManager (PipelineStateManager.java:addPipeline(56)) - Created pipeline Pipeline[ Id: 19060351-f974-4d09-a844-5efa7c96aeb4, Nodes: 5995e050-5950-4b38-8270-33206f256198{ip: 192.168.34.59, host: pr-hdds-2329-pipelines-xb8hx-2504970213, networkLocation: /default-rack, certSerialId: null}c4d74ea5-4e51-490d-ae77-7f64a80784ec{ip: 192.168.34.59, host: pr-hdds-2329-pipelines-xb8hx-2504970213, networkLocation: /default-rack, certSerialId: null}71a86a4d-23f3-4eb4-8ea5-d143fc2c84ef{ip: 192.168.34.59, host: pr-hdds-2329-pipelines-xb8hx-2504970213, networkLocation: /default-rack, certSerialId: null}, Type:RATIS, Factor:THREE, State:OPEN]
2019-11-07 13:49:53,749 [main] INFO  ozone.MiniOzoneClusterImpl (MiniOzoneClusterImpl.java:lambda$waitForClusterToBeReady$0(147)) - Cluster is ready. Got 3 of 3 DN Heartbeats.
2019-11-07 13:49:54,196 [main] INFO  rpc.RpcClient (RpcClient.java:createVolume(291)) - Creating Volume: testcontainerstatemachinefailures, with jenkins1000 as owner.
2019-11-07 13:49:54,273 [IPC Server handler 0 on 36076] INFO  volume.OMVolumeCreateRequest (OMVolumeCreateRequest.java:validateAndUpdateCache(193)) - created volume:testcontainerstatemachinefailures for user:jenkins1000
2019-11-07 13:49:54,327 [main] INFO  rpc.RpcClient (RpcClient.java:createBucket(430)) - Creating Bucket: testcontainerstatemachinefailures/testcontainerstatemachinefailures, with Versioning false and Storage Type set to DISK and Encryption set to false 
2019-11-07 13:49:54,651 [IPC Server handler 2 on 43564] INFO  server.SCMBlockProtocolServer (SCMBlockProtocolServer.java:allocateBlock(179)) - Allocating 1 blocks of size 4194304, with ExcludeList {datanodes = [], containerIds = [], pipelineIds = []}
2019-11-07 13:49:54,754 [main] INFO  impl.MetricsSystemImpl (MetricsSystemImpl.java:init(158)) - XceiverClientMetrics metrics system started (again)
2019-11-07 13:49:55,626 [Thread-181] INFO  container.ReplicationManager (ReplicationManager.java:start(162)) - Starting Replication Monitor Thread.
2019-11-07 13:49:55,630 [ReplicationMonitor] INFO  container.ReplicationManager (ReplicationManager.java:run(225)) - Replication Monitor Thread took 3 milliseconds for processing 1 containers.
2019-11-07 13:49:58,262 [Thread-186] INFO  impl.FollowerState (FollowerState.java:run(111)) - c4d74ea5-4e51-490d-ae77-7f64a80784ec@group-90F570300273-FollowerState: change to CANDIDATE, lastRpcTime:5037ms, electionTimeout:5036ms
2019-11-07 13:49:58,265 [Thread-186] INFO  impl.RoleInfo (RoleInfo.java:shutdownFollowerState(121)) - c4d74ea5-4e51-490d-ae77-7f64a80784ec: shutdown FollowerState
2019-11-07 13:49:58,265 [Thread-186] INFO  impl.RaftServerImpl (RaftServerImpl.java:setRole(173)) - c4d74ea5-4e51-490d-ae77-7f64a80784ec@group-90F570300273: changes role from  FOLLOWER to CANDIDATE at term 0 for changeToCandidate
2019-11-07 13:49:58,270 [Thread-186] INFO  impl.RoleInfo (RoleInfo.java:updateAndGet(143)) - c4d74ea5-4e51-490d-ae77-7f64a80784ec: start LeaderElection
2019-11-07 13:49:58,285 [c4d74ea5-4e51-490d-ae77-7f64a80784ec@group-90F570300273-LeaderElection1] INFO  impl.LeaderElection (LeaderElection.java:askForVotes(178)) - c4d74ea5-4e51-490d-ae77-7f64a80784ec@group-90F570300273-LeaderElection1: begin an election at term 1 for -1: [c4d74ea5-4e51-490d-ae77-7f64a80784ec:192.168.34.59:44211], old=null
2019-11-07 13:49:58,287 [c4d74ea5-4e51-490d-ae77-7f64a80784ec@group-90F570300273-LeaderElection1] INFO  impl.RoleInfo (RoleInfo.java:shutdownLeaderElection(134)) - c4d74ea5-4e51-490d-ae77-7f64a80784ec: shutdown LeaderElection
2019-11-07 13:49:58,288 [c4d74ea5-4e51-490d-ae77-7f64a80784ec@group-90F570300273-LeaderElection1] INFO  impl.RaftServerImpl (RaftServerImpl.java:setRole(173)) - c4d74ea5-4e51-490d-ae77-7f64a80784ec@group-90F570300273: changes role from CANDIDATE to LEADER at term 1 for changeToLeader
2019-11-07 13:49:58,288 [c4d74ea5-4e51-490d-ae77-7f64a80784ec@group-90F570300273-LeaderElection1] INFO  impl.RaftServerImpl (ServerState.java:setLeader(255)) - c4d74ea5-4e51-490d-ae77-7f64a80784ec@group-90F570300273: change Leader from null to c4d74ea5-4e51-490d-ae77-7f64a80784ec at term 1 for becomeLeader, leader elected after 5144ms
2019-11-07 13:49:58,294 [c4d74ea5-4e51-490d-ae77-7f64a80784ec@group-90F570300273-LeaderElection1] INFO  server.RaftServerConfigKeys (ConfUtils.java:logGet(43)) - raft.server.staging.catchup.gap = 1000 (default)
2019-11-07 13:49:58,294 [c4d74ea5-4e51-490d-ae77-7f64a80784ec@group-90F570300273-LeaderElection1] INFO  server.RaftServerConfigKeys (ConfUtils.java:logGet(43)) - raft.server.rpc.sleep.time = 25ms (default)
2019-11-07 13:49:58,298 [c4d74ea5-4e51-490d-ae77-7f64a80784ec@group-90F570300273-LeaderElection1] INFO  server.RaftServerConfigKeys (ConfUtils.java:logGet(43)) - raft.server.write.element-limit = 4096 (default)
2019-11-07 13:49:58,303 [c4d74ea5-4e51-490d-ae77-7f64a80784ec@group-90F570300273-LeaderElection1] INFO  server.RaftServerConfigKeys (ConfUtils.java:logGet(43)) - raft.server.watch.timeout = 10s (default)
2019-11-07 13:49:58,303 [c4d74ea5-4e51-490d-ae77-7f64a80784ec@group-90F570300273-LeaderElection1] INFO  server.RaftServerConfigKeys (ConfUtils.java:logGet(43)) - raft.server.watch.timeout.denomination = 1s (default)
2019-11-07 13:49:58,304 [c4d74ea5-4e51-490d-ae77-7f64a80784ec@group-90F570300273-LeaderElection1] INFO  server.RaftServerConfigKeys (ConfUtils.java:logGet(43)) - raft.server.watch.element-limit = 65536 (default)
2019-11-07 13:49:58,312 [c4d74ea5-4e51-490d-ae77-7f64a80784ec@group-90F570300273-LeaderElection1] INFO  impl.RoleInfo (RoleInfo.java:updateAndGet(143)) - c4d74ea5-4e51-490d-ae77-7f64a80784ec: start LeaderState
2019-11-07 13:49:58,332 [c4d74ea5-4e51-490d-ae77-7f64a80784ec@group-90F570300273-LeaderElection1] INFO  segmented.SegmentedRaftLogWorker (SegmentedRaftLogWorker.java:startLogSegment(385)) - c4d74ea5-4e51-490d-ae77-7f64a80784ec@group-90F570300273-SegmentedRaftLogWorker: Starting segment from index:0
2019-11-07 13:49:58,342 [c4d74ea5-4e51-490d-ae77-7f64a80784ec@group-90F570300273-LeaderElection1] INFO  impl.RaftServerImpl (ServerState.java:setRaftConf(356)) - c4d74ea5-4e51-490d-ae77-7f64a80784ec@group-90F570300273: set configuration 0: [c4d74ea5-4e51-490d-ae77-7f64a80784ec:192.168.34.59:44211], old=null at 0
2019-11-07 13:49:58,498 [c4d74ea5-4e51-490d-ae77-7f64a80784ec@group-90F570300273-SegmentedRaftLogWorker] INFO  segmented.SegmentedRaftLogWorker (SegmentedRaftLogWorker.java:execute(576)) - c4d74ea5-4e51-490d-ae77-7f64a80784ec@group-90F570300273-SegmentedRaftLogWorker: created new log segment /workdir/hadoop-ozone/integration-test/target/test-dir/MiniOzoneClusterImpl-de3ec75a-100b-4861-956f-c0ca15a63112/datanode-0/data/ratis/360ef9d7-f46d-4d0a-b2ff-90f570300273/current/log_inprogress_0
2019-11-07 13:49:58,527 [Thread-189] INFO  impl.FollowerState (FollowerState.java:run(111)) - 5995e050-5950-4b38-8270-33206f256198@group-64ABFB921093-FollowerState: change to CANDIDATE, lastRpcTime:5177ms, electionTimeout:5176ms
2019-11-07 13:49:58,529 [Thread-189] INFO  impl.RoleInfo (RoleInfo.java:shutdownFollowerState(121)) - 5995e050-5950-4b38-8270-33206f256198: shutdown FollowerState
2019-11-07 13:49:58,529 [Thread-189] INFO  impl.RaftServerImpl (RaftServerImpl.java:setRole(173)) - 5995e050-5950-4b38-8270-33206f256198@group-64ABFB921093: changes role from  FOLLOWER to CANDIDATE at term 0 for changeToCandidate
2019-11-07 13:49:58,529 [Thread-189] INFO  impl.RoleInfo (RoleInfo.java:updateAndGet(143)) - 5995e050-5950-4b38-8270-33206f256198: start LeaderElection
2019-11-07 13:49:58,545 [5995e050-5950-4b38-8270-33206f256198@group-64ABFB921093-LeaderElection2] INFO  impl.LeaderElection (LeaderElection.java:askForVotes(178)) - 5995e050-5950-4b38-8270-33206f256198@group-64ABFB921093-LeaderElection2: begin an election at term 1 for -1: [5995e050-5950-4b38-8270-33206f256198:192.168.34.59:33936], old=null
2019-11-07 13:49:58,548 [5995e050-5950-4b38-8270-33206f256198@group-64ABFB921093-LeaderElection2] INFO  impl.RoleInfo (RoleInfo.java:shutdownLeaderElection(134)) - 5995e050-5950-4b38-8270-33206f256198: shutdown LeaderElection
2019-11-07 13:49:58,549 [5995e050-5950-4b38-8270-33206f256198@group-64ABFB921093-LeaderElection2] INFO  impl.RaftServerImpl (RaftServerImpl.java:setRole(173)) - 5995e050-5950-4b38-8270-33206f256198@group-64ABFB921093: changes role from CANDIDATE to LEADER at term 1 for changeToLeader
2019-11-07 13:49:58,549 [5995e050-5950-4b38-8270-33206f256198@group-64ABFB921093-LeaderElection2] INFO  impl.RaftServerImpl (ServerState.java:setLeader(255)) - 5995e050-5950-4b38-8270-33206f256198@group-64ABFB921093: change Leader from null to 5995e050-5950-4b38-8270-33206f256198 at term 1 for becomeLeader, leader elected after 5204ms
2019-11-07 13:49:58,549 [5995e050-5950-4b38-8270-33206f256198@group-64ABFB921093-LeaderElection2] INFO  server.RaftServerConfigKeys (ConfUtils.java:logGet(43)) - raft.server.staging.catchup.gap = 1000 (default)
2019-11-07 13:49:58,549 [5995e050-5950-4b38-8270-33206f256198@group-64ABFB921093-LeaderElection2] INFO  server.RaftServerConfigKeys (ConfUtils.java:logGet(43)) - raft.server.rpc.sleep.time = 25ms (default)
2019-11-07 13:49:58,549 [5995e050-5950-4b38-8270-33206f256198@group-64ABFB921093-LeaderElection2] INFO  server.RaftServerConfigKeys (ConfUtils.java:logGet(43)) - raft.server.write.element-limit = 4096 (default)
2019-11-07 13:49:58,549 [5995e050-5950-4b38-8270-33206f256198@group-64ABFB921093-LeaderElection2] INFO  server.RaftServerConfigKeys (ConfUtils.java:logGet(43)) - raft.server.watch.timeout = 10s (default)
2019-11-07 13:49:58,549 [5995e050-5950-4b38-8270-33206f256198@group-64ABFB921093-LeaderElection2] INFO  server.RaftServerConfigKeys (ConfUtils.java:logGet(43)) - raft.server.watch.timeout.denomination = 1s (default)
2019-11-07 13:49:58,550 [5995e050-5950-4b38-8270-33206f256198@group-64ABFB921093-LeaderElection2] INFO  server.RaftServerConfigKeys (ConfUtils.java:logGet(43)) - raft.server.watch.element-limit = 65536 (default)
2019-11-07 13:49:58,550 [5995e050-5950-4b38-8270-33206f256198@group-64ABFB921093-LeaderElection2] INFO  impl.RoleInfo (RoleInfo.java:updateAndGet(143)) - 5995e050-5950-4b38-8270-33206f256198: start LeaderState
2019-11-07 13:49:58,550 [5995e050-5950-4b38-8270-33206f256198@group-64ABFB921093-LeaderElection2] INFO  segmented.SegmentedRaftLogWorker (SegmentedRaftLogWorker.java:startLogSegment(385)) - 5995e050-5950-4b38-8270-33206f256198@group-64ABFB921093-SegmentedRaftLogWorker: Starting segment from index:0
2019-11-07 13:49:58,551 [5995e050-5950-4b38-8270-33206f256198@group-64ABFB921093-LeaderElection2] INFO  impl.RaftServerImpl (ServerState.java:setRaftConf(356)) - 5995e050-5950-4b38-8270-33206f256198@group-64ABFB921093: set configuration 0: [5995e050-5950-4b38-8270-33206f256198:192.168.34.59:33936], old=null at 0
2019-11-07 13:49:58,595 [5995e050-5950-4b38-8270-33206f256198@group-64ABFB921093-SegmentedRaftLogWorker] INFO  segmented.SegmentedRaftLogWorker (SegmentedRaftLogWorker.java:execute(576)) - 5995e050-5950-4b38-8270-33206f256198@group-64ABFB921093-SegmentedRaftLogWorker: created new log segment /workdir/hadoop-ozone/integration-test/target/test-dir/MiniOzoneClusterImpl-de3ec75a-100b-4861-956f-c0ca15a63112/datanode-1/data/ratis/5f8de13a-d3c9-4202-8235-64abfb921093/current/log_inprogress_0
2019-11-07 13:49:58,623 [Thread-192] INFO  impl.FollowerState (FollowerState.java:run(111)) - 71a86a4d-23f3-4eb4-8ea5-d143fc2c84ef@group-93A353565196-FollowerState: change to CANDIDATE, lastRpcTime:5179ms, electionTimeout:5179ms
2019-11-07 13:49:58,623 [Thread-192] INFO  impl.RoleInfo (RoleInfo.java:shutdownFollowerState(121)) - 71a86a4d-23f3-4eb4-8ea5-d143fc2c84ef: shutdown FollowerState
2019-11-07 13:49:58,624 [Thread-192] INFO  impl.RaftServerImpl (RaftServerImpl.java:setRole(173)) - 71a86a4d-23f3-4eb4-8ea5-d143fc2c84ef@group-93A353565196: changes role from  FOLLOWER to CANDIDATE at term 0 for changeToCandidate
2019-11-07 13:49:58,624 [Thread-192] INFO  impl.RoleInfo (RoleInfo.java:updateAndGet(143)) - 71a86a4d-23f3-4eb4-8ea5-d143fc2c84ef: start LeaderElection
2019-11-07 13:49:58,628 [Thread-195] INFO  impl.FollowerState (FollowerState.java:run(111)) - 71a86a4d-23f3-4eb4-8ea5-d143fc2c84ef@group-5EFA7C96AEB4-FollowerState: change to CANDIDATE, lastRpcTime:5084ms, electionTimeout:5084ms
2019-11-07 13:49:58,628 [Thread-195] INFO  impl.RoleInfo (RoleInfo.java:shutdownFollowerState(121)) - 71a86a4d-23f3-4eb4-8ea5-d143fc2c84ef: shutdown FollowerState
2019-11-07 13:49:58,628 [Thread-195] INFO  impl.RaftServerImpl (RaftServerImpl.java:setRole(173)) - 71a86a4d-23f3-4eb4-8ea5-d143fc2c84ef@group-5EFA7C96AEB4: changes role from  FOLLOWER to CANDIDATE at term 0 for changeToCandidate
2019-11-07 13:49:58,628 [Thread-195] INFO  impl.RoleInfo (RoleInfo.java:updateAndGet(143)) - 71a86a4d-23f3-4eb4-8ea5-d143fc2c84ef: start LeaderElection
2019-11-07 13:49:58,652 [71a86a4d-23f3-4eb4-8ea5-d143fc2c84ef@group-93A353565196-LeaderElection3] INFO  impl.LeaderElection (LeaderElection.java:askForVotes(178)) - 71a86a4d-23f3-4eb4-8ea5-d143fc2c84ef@group-93A353565196-LeaderElection3: begin an election at term 1 for -1: [71a86a4d-23f3-4eb4-8ea5-d143fc2c84ef:192.168.34.59:36384], old=null
2019-11-07 13:49:58,653 [71a86a4d-23f3-4eb4-8ea5-d143fc2c84ef@group-5EFA7C96AEB4-LeaderElection4] INFO  impl.LeaderElection (LeaderElection.java:askForVotes(178)) - 71a86a4d-23f3-4eb4-8ea5-d143fc2c84ef@group-5EFA7C96AEB4-LeaderElection4: begin an election at term 1 for -1: [71a86a4d-23f3-4eb4-8ea5-d143fc2c84ef:192.168.34.59:36384, c4d74ea5-4e51-490d-ae77-7f64a80784ec:192.168.34.59:44211, 5995e050-5950-4b38-8270-33206f256198:192.168.34.59:33936], old=null
2019-11-07 13:49:58,654 [71a86a4d-23f3-4eb4-8ea5-d143fc2c84ef@group-93A353565196-LeaderElection3] INFO  impl.RoleInfo (RoleInfo.java:shutdownLeaderElection(134)) - 71a86a4d-23f3-4eb4-8ea5-d143fc2c84ef: shutdown LeaderElection
2019-11-07 13:49:58,654 [71a86a4d-23f3-4eb4-8ea5-d143fc2c84ef@group-93A353565196-LeaderElection3] INFO  impl.RaftServerImpl (RaftServerImpl.java:setRole(173)) - 71a86a4d-23f3-4eb4-8ea5-d143fc2c84ef@group-93A353565196: changes role from CANDIDATE to LEADER at term 1 for changeToLeader
2019-11-07 13:49:58,654 [71a86a4d-23f3-4eb4-8ea5-d143fc2c84ef@group-93A353565196-LeaderElection3] INFO  impl.RaftServerImpl (ServerState.java:setLeader(255)) - 71a86a4d-23f3-4eb4-8ea5-d143fc2c84ef@group-93A353565196: change Leader from null to 71a86a4d-23f3-4eb4-8ea5-d143fc2c84ef at term 1 for becomeLeader, leader elected after 5215ms
2019-11-07 13:49:58,654 [71a86a4d-23f3-4eb4-8ea5-d143fc2c84ef@group-93A353565196-LeaderElection3] INFO  server.RaftServerConfigKeys (ConfUtils.java:logGet(43)) - raft.server.staging.catchup.gap = 1000 (default)
2019-11-07 13:49:58,654 [71a86a4d-23f3-4eb4-8ea5-d143fc2c84ef@group-93A353565196-LeaderElection3] INFO  server.RaftServerConfigKeys (ConfUtils.java:logGet(43)) - raft.server.rpc.sleep.time = 25ms (default)
2019-11-07 13:49:58,655 [71a86a4d-23f3-4eb4-8ea5-d143fc2c84ef@group-93A353565196-LeaderElection3] INFO  server.RaftServerConfigKeys (ConfUtils.java:logGet(43)) - raft.server.write.element-limit = 4096 (default)
2019-11-07 13:49:58,655 [71a86a4d-23f3-4eb4-8ea5-d143fc2c84ef@group-93A353565196-LeaderElection3] INFO  server.RaftServerConfigKeys (ConfUtils.java:logGet(43)) - raft.server.watch.timeout = 10s (default)
2019-11-07 13:49:58,655 [71a86a4d-23f3-4eb4-8ea5-d143fc2c84ef@group-93A353565196-LeaderElection3] INFO  server.RaftServerConfigKeys (ConfUtils.java:logGet(43)) - raft.server.watch.timeout.denomination = 1s (default)
2019-11-07 13:49:58,655 [71a86a4d-23f3-4eb4-8ea5-d143fc2c84ef@group-93A353565196-LeaderElection3] INFO  server.RaftServerConfigKeys (ConfUtils.java:logGet(43)) - raft.server.watch.element-limit = 65536 (default)
2019-11-07 13:49:58,655 [71a86a4d-23f3-4eb4-8ea5-d143fc2c84ef@group-93A353565196-LeaderElection3] INFO  impl.RoleInfo (RoleInfo.java:updateAndGet(143)) - 71a86a4d-23f3-4eb4-8ea5-d143fc2c84ef: start LeaderState
2019-11-07 13:49:58,655 [71a86a4d-23f3-4eb4-8ea5-d143fc2c84ef@group-93A353565196-LeaderElection3] INFO  segmented.SegmentedRaftLogWorker (SegmentedRaftLogWorker.java:startLogSegment(385)) - 71a86a4d-23f3-4eb4-8ea5-d143fc2c84ef@group-93A353565196-SegmentedRaftLogWorker: Starting segment from index:0
2019-11-07 13:49:58,656 [Thread-200] INFO  impl.FollowerState (FollowerState.java:run(111)) - 5995e050-5950-4b38-8270-33206f256198@group-5EFA7C96AEB4-FollowerState: change to CANDIDATE, lastRpcTime:5109ms, electionTimeout:5108ms
2019-11-07 13:49:58,656 [Thread-200] INFO  impl.RoleInfo (RoleInfo.java:shutdownFollowerState(121)) - 5995e050-5950-4b38-8270-33206f256198: shutdown FollowerState
2019-11-07 13:49:58,656 [71a86a4d-23f3-4eb4-8ea5-d143fc2c84ef@group-93A353565196-LeaderElection3] INFO  impl.RaftServerImpl (ServerState.java:setRaftConf(356)) - 71a86a4d-23f3-4eb4-8ea5-d143fc2c84ef@group-93A353565196: set configuration 0: [71a86a4d-23f3-4eb4-8ea5-d143fc2c84ef:192.168.34.59:36384], old=null at 0
2019-11-07 13:49:58,656 [Thread-200] INFO  impl.RaftServerImpl (RaftServerImpl.java:setRole(173)) - 5995e050-5950-4b38-8270-33206f256198@group-5EFA7C96AEB4: changes role from  FOLLOWER to CANDIDATE at term 0 for changeToCandidate
2019-11-07 13:49:58,683 [Thread-199] INFO  impl.FollowerState (FollowerState.java:run(111)) - c4d74ea5-4e51-490d-ae77-7f64a80784ec@group-5EFA7C96AEB4-FollowerState: change to CANDIDATE, lastRpcTime:5138ms, electionTimeout:5120ms
2019-11-07 13:49:58,684 [Thread-199] INFO  impl.RoleInfo (RoleInfo.java:shutdownFollowerState(121)) - c4d74ea5-4e51-490d-ae77-7f64a80784ec: shutdown FollowerState
2019-11-07 13:49:58,684 [Thread-200] INFO  impl.RoleInfo (RoleInfo.java:updateAndGet(143)) - 5995e050-5950-4b38-8270-33206f256198: start LeaderElection
2019-11-07 13:49:58,684 [Thread-199] INFO  impl.RaftServerImpl (RaftServerImpl.java:setRole(173)) - c4d74ea5-4e51-490d-ae77-7f64a80784ec@group-5EFA7C96AEB4: changes role from  FOLLOWER to CANDIDATE at term 0 for changeToCandidate
2019-11-07 13:49:58,684 [Thread-199] INFO  impl.RoleInfo (RoleInfo.java:updateAndGet(143)) - c4d74ea5-4e51-490d-ae77-7f64a80784ec: start LeaderElection
2019-11-07 13:49:58,696 [71a86a4d-23f3-4eb4-8ea5-d143fc2c84ef@group-93A353565196-SegmentedRaftLogWorker] INFO  segmented.SegmentedRaftLogWorker (SegmentedRaftLogWorker.java:execute(576)) - 71a86a4d-23f3-4eb4-8ea5-d143fc2c84ef@group-93A353565196-SegmentedRaftLogWorker: created new log segment /workdir/hadoop-ozone/integration-test/target/test-dir/MiniOzoneClusterImpl-de3ec75a-100b-4861-956f-c0ca15a63112/datanode-2/data/ratis/7499ec47-b006-49e2-85a3-93a353565196/current/log_inprogress_0
2019-11-07 13:49:58,696 [c4d74ea5-4e51-490d-ae77-7f64a80784ec@group-5EFA7C96AEB4-LeaderElection6] INFO  impl.LeaderElection (LeaderElection.java:askForVotes(178)) - c4d74ea5-4e51-490d-ae77-7f64a80784ec@group-5EFA7C96AEB4-LeaderElection6: begin an election at term 1 for -1: [71a86a4d-23f3-4eb4-8ea5-d143fc2c84ef:192.168.34.59:36384, c4d74ea5-4e51-490d-ae77-7f64a80784ec:192.168.34.59:44211, 5995e050-5950-4b38-8270-33206f256198:192.168.34.59:33936], old=null
2019-11-07 13:49:58,696 [5995e050-5950-4b38-8270-33206f256198@group-5EFA7C96AEB4-LeaderElection5] INFO  impl.LeaderElection (LeaderElection.java:askForVotes(178)) - 5995e050-5950-4b38-8270-33206f256198@group-5EFA7C96AEB4-LeaderElection5: begin an election at term 1 for -1: [71a86a4d-23f3-4eb4-8ea5-d143fc2c84ef:192.168.34.59:36384, c4d74ea5-4e51-490d-ae77-7f64a80784ec:192.168.34.59:44211, 5995e050-5950-4b38-8270-33206f256198:192.168.34.59:33936], old=null
2019-11-07 13:49:58,729 [c4d74ea5-4e51-490d-ae77-7f64a80784ec@group-5EFA7C96AEB4-LeaderElection6] INFO  impl.LeaderElection (LeaderElection.java:logAndReturn(56)) - c4d74ea5-4e51-490d-ae77-7f64a80784ec@group-5EFA7C96AEB4-LeaderElection6: Election REJECTED; received 2 response(s) [c4d74ea5-4e51-490d-ae77-7f64a80784ec<-71a86a4d-23f3-4eb4-8ea5-d143fc2c84ef#0:FAIL-t1, c4d74ea5-4e51-490d-ae77-7f64a80784ec<-5995e050-5950-4b38-8270-33206f256198#0:FAIL-t1] and 0 exception(s); c4d74ea5-4e51-490d-ae77-7f64a80784ec@group-5EFA7C96AEB4:t1, leader=null, voted=c4d74ea5-4e51-490d-ae77-7f64a80784ec, raftlog=c4d74ea5-4e51-490d-ae77-7f64a80784ec@group-5EFA7C96AEB4-SegmentedRaftLog:OPENED:c-1,f-1,i0, conf=-1: [71a86a4d-23f3-4eb4-8ea5-d143fc2c84ef:192.168.34.59:36384, c4d74ea5-4e51-490d-ae77-7f64a80784ec:192.168.34.59:44211, 5995e050-5950-4b38-8270-33206f256198:192.168.34.59:33936], old=null
2019-11-07 13:49:58,729 [71a86a4d-23f3-4eb4-8ea5-d143fc2c84ef@group-5EFA7C96AEB4-LeaderElection4] INFO  impl.LeaderElection (LeaderElection.java:logAndReturn(56)) - 71a86a4d-23f3-4eb4-8ea5-d143fc2c84ef@group-5EFA7C96AEB4-LeaderElection4: Election REJECTED; received 2 response(s) [71a86a4d-23f3-4eb4-8ea5-d143fc2c84ef<-c4d74ea5-4e51-490d-ae77-7f64a80784ec#0:FAIL-t1, 71a86a4d-23f3-4eb4-8ea5-d143fc2c84ef<-5995e050-5950-4b38-8270-33206f256198#0:FAIL-t1] and 0 exception(s); 71a86a4d-23f3-4eb4-8ea5-d143fc2c84ef@group-5EFA7C96AEB4:t1, leader=null, voted=71a86a4d-23f3-4eb4-8ea5-d143fc2c84ef, raftlog=71a86a4d-23f3-4eb4-8ea5-d143fc2c84ef@group-5EFA7C96AEB4-SegmentedRaftLog:OPENED:c-1,f-1,i0, conf=-1: [71a86a4d-23f3-4eb4-8ea5-d143fc2c84ef:192.168.34.59:36384, c4d74ea5-4e51-490d-ae77-7f64a80784ec:192.168.34.59:44211, 5995e050-5950-4b38-8270-33206f256198:192.168.34.59:33936], old=null
2019-11-07 13:49:58,732 [71a86a4d-23f3-4eb4-8ea5-d143fc2c84ef@group-5EFA7C96AEB4-LeaderElection4] INFO  impl.RaftServerImpl (RaftServerImpl.java:setRole(173)) - 71a86a4d-23f3-4eb4-8ea5-d143fc2c84ef@group-5EFA7C96AEB4: changes role from CANDIDATE to FOLLOWER at term 1 for DISCOVERED_A_NEW_TERM
2019-11-07 13:49:58,732 [5995e050-5950-4b38-8270-33206f256198@group-5EFA7C96AEB4-LeaderElection5] INFO  impl.LeaderElection (LeaderElection.java:logAndReturn(56)) - 5995e050-5950-4b38-8270-33206f256198@group-5EFA7C96AEB4-LeaderElection5: Election REJECTED; received 2 response(s) [5995e050-5950-4b38-8270-33206f256198<-71a86a4d-23f3-4eb4-8ea5-d143fc2c84ef#0:FAIL-t1, 5995e050-5950-4b38-8270-33206f256198<-c4d74ea5-4e51-490d-ae77-7f64a80784ec#0:FAIL-t1] and 0 exception(s); 5995e050-5950-4b38-8270-33206f256198@group-5EFA7C96AEB4:t1, leader=null, voted=5995e050-5950-4b38-8270-33206f256198, raftlog=5995e050-5950-4b38-8270-33206f256198@group-5EFA7C96AEB4-SegmentedRaftLog:OPENED:c-1,f-1,i0, conf=-1: [71a86a4d-23f3-4eb4-8ea5-d143fc2c84ef:192.168.34.59:36384, c4d74ea5-4e51-490d-ae77-7f64a80784ec:192.168.34.59:44211, 5995e050-5950-4b38-8270-33206f256198:192.168.34.59:33936], old=null
2019-11-07 13:49:58,732 [c4d74ea5-4e51-490d-ae77-7f64a80784ec@group-5EFA7C96AEB4-LeaderElection6] INFO  impl.RaftServerImpl (RaftServerImpl.java:setRole(173)) - c4d74ea5-4e51-490d-ae77-7f64a80784ec@group-5EFA7C96AEB4: changes role from CANDIDATE to FOLLOWER at term 1 for DISCOVERED_A_NEW_TERM
2019-11-07 13:49:58,733 [5995e050-5950-4b38-8270-33206f256198@group-5EFA7C96AEB4-LeaderElection5] INFO  impl.RaftServerImpl (RaftServerImpl.java:setRole(173)) - 5995e050-5950-4b38-8270-33206f256198@group-5EFA7C96AEB4: changes role from CANDIDATE to FOLLOWER at term 1 for DISCOVERED_A_NEW_TERM
2019-11-07 13:49:58,735 [5995e050-5950-4b38-8270-33206f256198@group-5EFA7C96AEB4-LeaderElection5] INFO  impl.RoleInfo (RoleInfo.java:shutdownLeaderElection(134)) - 5995e050-5950-4b38-8270-33206f256198: shutdown LeaderElection
2019-11-07 13:49:58,732 [71a86a4d-23f3-4eb4-8ea5-d143fc2c84ef@group-5EFA7C96AEB4-LeaderElection4] INFO  impl.RoleInfo (RoleInfo.java:shutdownLeaderElection(134)) - 71a86a4d-23f3-4eb4-8ea5-d143fc2c84ef: shutdown LeaderElection
2019-11-07 13:49:58,734 [c4d74ea5-4e51-490d-ae77-7f64a80784ec@group-5EFA7C96AEB4-LeaderElection6] INFO  impl.RoleInfo (RoleInfo.java:shutdownLeaderElection(134)) - c4d74ea5-4e51-490d-ae77-7f64a80784ec: shutdown LeaderElection
2019-11-07 13:49:58,735 [71a86a4d-23f3-4eb4-8ea5-d143fc2c84ef@group-5EFA7C96AEB4-LeaderElection4] INFO  impl.RoleInfo (RoleInfo.java:updateAndGet(143)) - 71a86a4d-23f3-4eb4-8ea5-d143fc2c84ef: start FollowerState
2019-11-07 13:49:58,735 [5995e050-5950-4b38-8270-33206f256198@group-5EFA7C96AEB4-LeaderElection5] INFO  impl.RoleInfo (RoleInfo.java:updateAndGet(143)) - 5995e050-5950-4b38-8270-33206f256198: start FollowerState
2019-11-07 13:49:58,735 [c4d74ea5-4e51-490d-ae77-7f64a80784ec@group-5EFA7C96AEB4-LeaderElection6] INFO  impl.RoleInfo (RoleInfo.java:updateAndGet(143)) - c4d74ea5-4e51-490d-ae77-7f64a80784ec: start FollowerState
2019-11-07 13:50:03,852 [Thread-248] INFO  impl.FollowerState (FollowerState.java:run(111)) - c4d74ea5-4e51-490d-ae77-7f64a80784ec@group-5EFA7C96AEB4-FollowerState: change to CANDIDATE, lastRpcTime:5117ms, electionTimeout:5115ms
2019-11-07 13:50:03,853 [Thread-248] INFO  impl.RoleInfo (RoleInfo.java:shutdownFollowerState(121)) - c4d74ea5-4e51-490d-ae77-7f64a80784ec: shutdown FollowerState
2019-11-07 13:50:03,853 [Thread-248] INFO  impl.RaftServerImpl (RaftServerImpl.java:setRole(173)) - c4d74ea5-4e51-490d-ae77-7f64a80784ec@group-5EFA7C96AEB4: changes role from  FOLLOWER to CANDIDATE at term 1 for changeToCandidate
2019-11-07 13:50:03,853 [Thread-248] INFO  impl.RoleInfo (RoleInfo.java:updateAndGet(143)) - c4d74ea5-4e51-490d-ae77-7f64a80784ec: start LeaderElection
2019-11-07 13:50:03,863 [Thread-247] INFO  impl.FollowerState (FollowerState.java:run(111)) - 71a86a4d-23f3-4eb4-8ea5-d143fc2c84ef@group-5EFA7C96AEB4-FollowerState: change to CANDIDATE, lastRpcTime:5127ms, electionTimeout:5126ms
2019-11-07 13:50:03,863 [Thread-247] INFO  impl.RoleInfo (RoleInfo.java:shutdownFollowerState(121)) - 71a86a4d-23f3-4eb4-8ea5-d143fc2c84ef: shutdown FollowerState
2019-11-07 13:50:03,863 [Thread-247] INFO  impl.RaftServerImpl (RaftServerImpl.java:setRole(173)) - 71a86a4d-23f3-4eb4-8ea5-d143fc2c84ef@group-5EFA7C96AEB4: changes role from  FOLLOWER to CANDIDATE at term 1 for changeToCandidate
2019-11-07 13:50:03,863 [Thread-247] INFO  impl.RoleInfo (RoleInfo.java:updateAndGet(143)) - 71a86a4d-23f3-4eb4-8ea5-d143fc2c84ef: start LeaderElection
2019-11-07 13:50:03,884 [c4d74ea5-4e51-490d-ae77-7f64a80784ec@group-5EFA7C96AEB4-LeaderElection7] INFO  impl.LeaderElection (LeaderElection.java:askForVotes(178)) - c4d74ea5-4e51-490d-ae77-7f64a80784ec@group-5EFA7C96AEB4-LeaderElection7: begin an election at term 2 for -1: [71a86a4d-23f3-4eb4-8ea5-d143fc2c84ef:192.168.34.59:36384, c4d74ea5-4e51-490d-ae77-7f64a80784ec:192.168.34.59:44211, 5995e050-5950-4b38-8270-33206f256198:192.168.34.59:33936], old=null
2019-11-07 13:50:03,884 [71a86a4d-23f3-4eb4-8ea5-d143fc2c84ef@group-5EFA7C96AEB4-LeaderElection8] INFO  impl.LeaderElection (LeaderElection.java:askForVotes(178)) - 71a86a4d-23f3-4eb4-8ea5-d143fc2c84ef@group-5EFA7C96AEB4-LeaderElection8: begin an election at term 2 for -1: [71a86a4d-23f3-4eb4-8ea5-d143fc2c84ef:192.168.34.59:36384, c4d74ea5-4e51-490d-ae77-7f64a80784ec:192.168.34.59:44211, 5995e050-5950-4b38-8270-33206f256198:192.168.34.59:33936], old=null
2019-11-07 13:50:03,892 [grpc-default-executor-3] INFO  impl.RaftServerImpl (RaftServerImpl.java:setRole(173)) - 5995e050-5950-4b38-8270-33206f256198@group-5EFA7C96AEB4: changes role from  FOLLOWER to FOLLOWER at term 2 for recognizeCandidate:71a86a4d-23f3-4eb4-8ea5-d143fc2c84ef
2019-11-07 13:50:03,892 [grpc-default-executor-3] INFO  impl.RoleInfo (RoleInfo.java:shutdownFollowerState(121)) - 5995e050-5950-4b38-8270-33206f256198: shutdown FollowerState
2019-11-07 13:50:03,892 [Thread-246] INFO  impl.FollowerState (FollowerState.java:run(120)) - 5995e050-5950-4b38-8270-33206f256198@group-5EFA7C96AEB4-FollowerState was interrupted: java.lang.InterruptedException: sleep interrupted
2019-11-07 13:50:03,893 [grpc-default-executor-3] INFO  impl.RoleInfo (RoleInfo.java:updateAndGet(143)) - 5995e050-5950-4b38-8270-33206f256198: start FollowerState
2019-11-07 13:50:03,924 [c4d74ea5-4e51-490d-ae77-7f64a80784ec@group-5EFA7C96AEB4-LeaderElection7] INFO  impl.LeaderElection (LeaderElection.java:logAndReturn(56)) - c4d74ea5-4e51-490d-ae77-7f64a80784ec@group-5EFA7C96AEB4-LeaderElection7: Election REJECTED; received 2 response(s) [c4d74ea5-4e51-490d-ae77-7f64a80784ec<-71a86a4d-23f3-4eb4-8ea5-d143fc2c84ef#0:FAIL-t2, c4d74ea5-4e51-490d-ae77-7f64a80784ec<-5995e050-5950-4b38-8270-33206f256198#0:FAIL-t2] and 0 exception(s); c4d74ea5-4e51-490d-ae77-7f64a80784ec@group-5EFA7C96AEB4:t2, leader=null, voted=c4d74ea5-4e51-490d-ae77-7f64a80784ec, raftlog=c4d74ea5-4e51-490d-ae77-7f64a80784ec@group-5EFA7C96AEB4-SegmentedRaftLog:OPENED:c-1,f-1,i0, conf=-1: [71a86a4d-23f3-4eb4-8ea5-d143fc2c84ef:192.168.34.59:36384, c4d74ea5-4e51-490d-ae77-7f64a80784ec:192.168.34.59:44211, 5995e050-5950-4b38-8270-33206f256198:192.168.34.59:33936], old=null
2019-11-07 13:50:03,924 [71a86a4d-23f3-4eb4-8ea5-d143fc2c84ef@group-5EFA7C96AEB4-LeaderElection8] INFO  impl.LeaderElection (LeaderElection.java:logAndReturn(56)) - 71a86a4d-23f3-4eb4-8ea5-d143fc2c84ef@group-5EFA7C96AEB4-LeaderElection8: Election PASSED; received 2 response(s) [71a86a4d-23f3-4eb4-8ea5-d143fc2c84ef<-c4d74ea5-4e51-490d-ae77-7f64a80784ec#0:FAIL-t2, 71a86a4d-23f3-4eb4-8ea5-d143fc2c84ef<-5995e050-5950-4b38-8270-33206f256198#0:OK-t2] and 0 exception(s); 71a86a4d-23f3-4eb4-8ea5-d143fc2c84ef@group-5EFA7C96AEB4:t2, leader=null, voted=71a86a4d-23f3-4eb4-8ea5-d143fc2c84ef, raftlog=71a86a4d-23f3-4eb4-8ea5-d143fc2c84ef@group-5EFA7C96AEB4-SegmentedRaftLog:OPENED:c-1,f-1,i0, conf=-1: [71a86a4d-23f3-4eb4-8ea5-d143fc2c84ef:192.168.34.59:36384, c4d74ea5-4e51-490d-ae77-7f64a80784ec:192.168.34.59:44211, 5995e050-5950-4b38-8270-33206f256198:192.168.34.59:33936], old=null
2019-11-07 13:50:03,924 [c4d74ea5-4e51-490d-ae77-7f64a80784ec@group-5EFA7C96AEB4-LeaderElection7] INFO  impl.RaftServerImpl (RaftServerImpl.java:setRole(173)) - c4d74ea5-4e51-490d-ae77-7f64a80784ec@group-5EFA7C96AEB4: changes role from CANDIDATE to FOLLOWER at term 2 for DISCOVERED_A_NEW_TERM
2019-11-07 13:50:03,926 [71a86a4d-23f3-4eb4-8ea5-d143fc2c84ef@group-5EFA7C96AEB4-LeaderElection8] INFO  impl.RoleInfo (RoleInfo.java:shutdownLeaderElection(134)) - 71a86a4d-23f3-4eb4-8ea5-d143fc2c84ef: shutdown LeaderElection
2019-11-07 13:50:03,926 [c4d74ea5-4e51-490d-ae77-7f64a80784ec@group-5EFA7C96AEB4-LeaderElection7] INFO  impl.RoleInfo (RoleInfo.java:shutdownLeaderElection(134)) - c4d74ea5-4e51-490d-ae77-7f64a80784ec: shutdown LeaderElection
2019-11-07 13:50:03,929 [71a86a4d-23f3-4eb4-8ea5-d143fc2c84ef@group-5EFA7C96AEB4-LeaderElection8] INFO  impl.RaftServerImpl (RaftServerImpl.java:setRole(173)) - 71a86a4d-23f3-4eb4-8ea5-d143fc2c84ef@group-5EFA7C96AEB4: changes role from CANDIDATE to LEADER at term 2 for changeToLeader
2019-11-07 13:50:03,929 [71a86a4d-23f3-4eb4-8ea5-d143fc2c84ef@group-5EFA7C96AEB4-LeaderElection8] INFO  impl.RaftServerImpl (ServerState.java:setLeader(255)) - 71a86a4d-23f3-4eb4-8ea5-d143fc2c84ef@group-5EFA7C96AEB4: change Leader from null to 71a86a4d-23f3-4eb4-8ea5-d143fc2c84ef at term 2 for becomeLeader, leader elected after 10393ms
2019-11-07 13:50:03,929 [c4d74ea5-4e51-490d-ae77-7f64a80784ec@group-5EFA7C96AEB4-LeaderElection7] INFO  impl.RoleInfo (RoleInfo.java:updateAndGet(143)) - c4d74ea5-4e51-490d-ae77-7f64a80784ec: start FollowerState
2019-11-07 13:50:03,929 [71a86a4d-23f3-4eb4-8ea5-d143fc2c84ef@group-5EFA7C96AEB4-LeaderElection8] INFO  server.RaftServerConfigKeys (ConfUtils.java:logGet(43)) - raft.server.staging.catchup.gap = 1000 (default)
2019-11-07 13:50:03,930 [71a86a4d-23f3-4eb4-8ea5-d143fc2c84ef@group-5EFA7C96AEB4-LeaderElection8] INFO  server.RaftServerConfigKeys (ConfUtils.java:logGet(43)) - raft.server.rpc.sleep.time = 25ms (default)
2019-11-07 13:50:03,931 [71a86a4d-23f3-4eb4-8ea5-d143fc2c84ef@group-5EFA7C96AEB4-LeaderElection8] INFO  server.RaftServerConfigKeys (ConfUtils.java:logGet(43)) - raft.server.write.element-limit = 4096 (default)
2019-11-07 13:50:03,931 [71a86a4d-23f3-4eb4-8ea5-d143fc2c84ef@group-5EFA7C96AEB4-LeaderElection8] INFO  server.RaftServerConfigKeys (ConfUtils.java:logGet(43)) - raft.server.watch.timeout = 10s (default)
2019-11-07 13:50:03,931 [71a86a4d-23f3-4eb4-8ea5-d143fc2c84ef@group-5EFA7C96AEB4-LeaderElection8] INFO  server.RaftServerConfigKeys (ConfUtils.java:logGet(43)) - raft.server.watch.timeout.denomination = 1s (default)
2019-11-07 13:50:03,931 [71a86a4d-23f3-4eb4-8ea5-d143fc2c84ef@group-5EFA7C96AEB4-LeaderElection8] INFO  server.RaftServerConfigKeys (ConfUtils.java:logGet(43)) - raft.server.watch.element-limit = 65536 (default)
2019-11-07 13:50:03,935 [71a86a4d-23f3-4eb4-8ea5-d143fc2c84ef@group-5EFA7C96AEB4-LeaderElection8] INFO  server.RaftServerConfigKeys (ConfUtils.java:logGet(43)) - raft.server.log.appender.snapshot.chunk.size.max = 16MB (=16777216) (default)
2019-11-07 13:50:03,935 [71a86a4d-23f3-4eb4-8ea5-d143fc2c84ef@group-5EFA7C96AEB4-LeaderElection8] INFO  server.RaftServerConfigKeys (ConfUtils.java:logGet(43)) - raft.server.log.appender.buffer.byte-limit = 33554432 (custom)
2019-11-07 13:50:03,936 [71a86a4d-23f3-4eb4-8ea5-d143fc2c84ef@group-5EFA7C96AEB4-LeaderElection8] INFO  server.RaftServerConfigKeys (ConfUtils.java:logGet(43)) - raft.server.log.appender.buffer.element-limit = 1 (custom)
2019-11-07 13:50:03,940 [71a86a4d-23f3-4eb4-8ea5-d143fc2c84ef@group-5EFA7C96AEB4-LeaderElection8] INFO  grpc.GrpcConfigKeys$Server (ConfUtils.java:logGet(43)) - raft.grpc.server.leader.outstanding.appends.max = 128 (default)
2019-11-07 13:50:03,940 [71a86a4d-23f3-4eb4-8ea5-d143fc2c84ef@group-5EFA7C96AEB4-LeaderElection8] INFO  server.RaftServerConfigKeys (ConfUtils.java:logGet(43)) - raft.server.rpc.request.timeout = 3000ms (default)
2019-11-07 13:50:03,941 [71a86a4d-23f3-4eb4-8ea5-d143fc2c84ef@group-5EFA7C96AEB4-LeaderElection8] INFO  server.RaftServerConfigKeys (ConfUtils.java:logGet(43)) - raft.server.log.appender.install.snapshot.enabled = false (custom)
2019-11-07 13:50:03,942 [71a86a4d-23f3-4eb4-8ea5-d143fc2c84ef@group-5EFA7C96AEB4-LeaderElection8] WARN  impl.MetricRegistriesImpl (MetricRegistriesImpl.java:lambda$create$1(61)) - First MetricRegistry has been created without registering reporters. You may need to call MetricRegistries.global().addReportRegistration(...) before.
2019-11-07 13:50:03,943 [71a86a4d-23f3-4eb4-8ea5-d143fc2c84ef@group-5EFA7C96AEB4-LeaderElection8] INFO  server.RaftServerConfigKeys (ConfUtils.java:logGet(43)) - raft.server.log.appender.snapshot.chunk.size.max = 16MB (=16777216) (default)
2019-11-07 13:50:03,944 [71a86a4d-23f3-4eb4-8ea5-d143fc2c84ef@group-5EFA7C96AEB4-LeaderElection8] INFO  server.RaftServerConfigKeys (ConfUtils.java:logGet(43)) - raft.server.log.appender.buffer.byte-limit = 33554432 (custom)
2019-11-07 13:50:03,944 [71a86a4d-23f3-4eb4-8ea5-d143fc2c84ef@group-5EFA7C96AEB4-LeaderElection8] INFO  server.RaftServerConfigKeys (ConfUtils.java:logGet(43)) - raft.server.log.appender.buffer.element-limit = 1 (custom)
2019-11-07 13:50:03,944 [71a86a4d-23f3-4eb4-8ea5-d143fc2c84ef@group-5EFA7C96AEB4-LeaderElection8] INFO  grpc.GrpcConfigKeys$Server (ConfUtils.java:logGet(43)) - raft.grpc.server.leader.outstanding.appends.max = 128 (default)
2019-11-07 13:50:03,944 [71a86a4d-23f3-4eb4-8ea5-d143fc2c84ef@group-5EFA7C96AEB4-LeaderElection8] INFO  server.RaftServerConfigKeys (ConfUtils.java:logGet(43)) - raft.server.rpc.request.timeout = 3000ms (default)
2019-11-07 13:50:03,945 [71a86a4d-23f3-4eb4-8ea5-d143fc2c84ef@group-5EFA7C96AEB4-LeaderElection8] INFO  server.RaftServerConfigKeys (ConfUtils.java:logGet(43)) - raft.server.log.appender.install.snapshot.enabled = false (custom)
2019-11-07 13:50:03,946 [71a86a4d-23f3-4eb4-8ea5-d143fc2c84ef@group-5EFA7C96AEB4-LeaderElection8] INFO  impl.RoleInfo (RoleInfo.java:updateAndGet(143)) - 71a86a4d-23f3-4eb4-8ea5-d143fc2c84ef: start LeaderState
2019-11-07 13:50:03,947 [71a86a4d-23f3-4eb4-8ea5-d143fc2c84ef@group-5EFA7C96AEB4-LeaderElection8] INFO  segmented.SegmentedRaftLogWorker (SegmentedRaftLogWorker.java:startLogSegment(385)) - 71a86a4d-23f3-4eb4-8ea5-d143fc2c84ef@group-5EFA7C96AEB4-SegmentedRaftLogWorker: Starting segment from index:0
2019-11-07 13:50:03,948 [71a86a4d-23f3-4eb4-8ea5-d143fc2c84ef@group-5EFA7C96AEB4-LeaderElection8] INFO  impl.RaftServerImpl (ServerState.java:setRaftConf(356)) - 71a86a4d-23f3-4eb4-8ea5-d143fc2c84ef@group-5EFA7C96AEB4: set configuration 0: [71a86a4d-23f3-4eb4-8ea5-d143fc2c84ef:192.168.34.59:36384, c4d74ea5-4e51-490d-ae77-7f64a80784ec:192.168.34.59:44211, 5995e050-5950-4b38-8270-33206f256198:192.168.34.59:33936], old=null at 0
2019-11-07 13:50:03,985 [71a86a4d-23f3-4eb4-8ea5-d143fc2c84ef@group-5EFA7C96AEB4-SegmentedRaftLogWorker] INFO  segmented.SegmentedRaftLogWorker (SegmentedRaftLogWorker.java:execute(576)) - 71a86a4d-23f3-4eb4-8ea5-d143fc2c84ef@group-5EFA7C96AEB4-SegmentedRaftLogWorker: created new log segment /workdir/hadoop-ozone/integration-test/target/test-dir/MiniOzoneClusterImpl-de3ec75a-100b-4861-956f-c0ca15a63112/datanode-2/data/ratis/19060351-f974-4d09-a844-5efa7c96aeb4/current/log_inprogress_0
2019-11-07 13:50:03,992 [grpc-default-executor-3] INFO  impl.RaftServerImpl (ServerState.java:setLeader(255)) - 5995e050-5950-4b38-8270-33206f256198@group-5EFA7C96AEB4: change Leader from null to 71a86a4d-23f3-4eb4-8ea5-d143fc2c84ef at term 2 for appendEntries, leader elected after 10457ms
2019-11-07 13:50:03,993 [grpc-default-executor-1] INFO  impl.RaftServerImpl (ServerState.java:setLeader(255)) - c4d74ea5-4e51-490d-ae77-7f64a80784ec@group-5EFA7C96AEB4: change Leader from null to 71a86a4d-23f3-4eb4-8ea5-d143fc2c84ef at term 2 for appendEntries, leader elected after 10457ms
2019-11-07 13:50:04,014 [grpc-default-executor-1] INFO  impl.RaftServerImpl (ServerState.java:setRaftConf(356)) - 5995e050-5950-4b38-8270-33206f256198@group-5EFA7C96AEB4: set configuration 0: [71a86a4d-23f3-4eb4-8ea5-d143fc2c84ef:192.168.34.59:36384, c4d74ea5-4e51-490d-ae77-7f64a80784ec:192.168.34.59:44211, 5995e050-5950-4b38-8270-33206f256198:192.168.34.59:33936], old=null at 0
2019-11-07 13:50:04,014 [grpc-default-executor-3] INFO  impl.RaftServerImpl (ServerState.java:setRaftConf(356)) - c4d74ea5-4e51-490d-ae77-7f64a80784ec@group-5EFA7C96AEB4: set configuration 0: [71a86a4d-23f3-4eb4-8ea5-d143fc2c84ef:192.168.34.59:36384, c4d74ea5-4e51-490d-ae77-7f64a80784ec:192.168.34.59:44211, 5995e050-5950-4b38-8270-33206f256198:192.168.34.59:33936], old=null at 0
2019-11-07 13:50:04,015 [grpc-default-executor-1] INFO  segmented.SegmentedRaftLogWorker (SegmentedRaftLogWorker.java:startLogSegment(385)) - 5995e050-5950-4b38-8270-33206f256198@group-5EFA7C96AEB4-SegmentedRaftLogWorker: Starting segment from index:0
2019-11-07 13:50:04,015 [grpc-default-executor-3] INFO  segmented.SegmentedRaftLogWorker (SegmentedRaftLogWorker.java:startLogSegment(385)) - c4d74ea5-4e51-490d-ae77-7f64a80784ec@group-5EFA7C96AEB4-SegmentedRaftLogWorker: Starting segment from index:0
2019-11-07 13:50:04,055 [5995e050-5950-4b38-8270-33206f256198@group-5EFA7C96AEB4-SegmentedRaftLogWorker] INFO  segmented.SegmentedRaftLogWorker (SegmentedRaftLogWorker.java:execute(576)) - 5995e050-5950-4b38-8270-33206f256198@group-5EFA7C96AEB4-SegmentedRaftLogWorker: created new log segment /workdir/hadoop-ozone/integration-test/target/test-dir/MiniOzoneClusterImpl-de3ec75a-100b-4861-956f-c0ca15a63112/datanode-1/data/ratis/19060351-f974-4d09-a844-5efa7c96aeb4/current/log_inprogress_0
2019-11-07 13:50:04,055 [c4d74ea5-4e51-490d-ae77-7f64a80784ec@group-5EFA7C96AEB4-SegmentedRaftLogWorker] INFO  segmented.SegmentedRaftLogWorker (SegmentedRaftLogWorker.java:execute(576)) - c4d74ea5-4e51-490d-ae77-7f64a80784ec@group-5EFA7C96AEB4-SegmentedRaftLogWorker: created new log segment /workdir/hadoop-ozone/integration-test/target/test-dir/MiniOzoneClusterImpl-de3ec75a-100b-4861-956f-c0ca15a63112/datanode-0/data/ratis/19060351-f974-4d09-a844-5efa7c96aeb4/current/log_inprogress_0
2019-11-07 13:50:04,469 [Datanode State Machine Thread - 0] INFO  statemachine.DatanodeStateMachine (DatanodeStateMachine.java:lambda$startDaemon$0(350)) - Ozone container server started.
2019-11-07 13:50:09,445 [main] INFO  ozoneimpl.OzoneContainer (OzoneContainer.java:stop(227)) - Attempting to stop container services.
2019-11-07 13:50:09,447 [main] INFO  impl.RaftServerProxy (RaftServerProxy.java:lambda$close$4(314)) - 5995e050-5950-4b38-8270-33206f256198: close
2019-11-07 13:50:09,449 [main] INFO  impl.RaftServerImpl (RaftServerImpl.java:lambda$shutdown$3(250)) - 5995e050-5950-4b38-8270-33206f256198@group-64ABFB921093: shutdown
2019-11-07 13:50:09,450 [main] INFO  util.JmxRegister (JmxRegister.java:unregister(73)) - Successfully un-registered JMX Bean with object name Ratis:service=RaftServer,group=group-64ABFB921093,id=5995e050-5950-4b38-8270-33206f256198
2019-11-07 13:50:09,450 [main] INFO  impl.RoleInfo (RoleInfo.java:shutdownLeaderState(104)) - 5995e050-5950-4b38-8270-33206f256198: shutdown LeaderState
2019-11-07 13:50:09,451 [main] INFO  impl.PendingRequests (PendingRequests.java:sendNotLeaderResponses(206)) - 5995e050-5950-4b38-8270-33206f256198@group-64ABFB921093-PendingRequests: sendNotLeaderResponses
2019-11-07 13:50:09,453 [main] INFO  impl.StateMachineUpdater (StateMachineUpdater.java:stopAndJoin(136)) - 5995e050-5950-4b38-8270-33206f256198@group-64ABFB921093-StateMachineUpdater: set stopIndex = 0
2019-11-07 13:50:09,454 [main] INFO  impl.RaftServerImpl (ServerState.java:close(387)) - 5995e050-5950-4b38-8270-33206f256198@group-64ABFB921093: closes. applyIndex: 0
2019-11-07 13:50:09,456 [5995e050-5950-4b38-8270-33206f256198@group-64ABFB921093-SegmentedRaftLogWorker] INFO  segmented.SegmentedRaftLogWorker (SegmentedRaftLogWorker.java:run(316)) - 5995e050-5950-4b38-8270-33206f256198@group-64ABFB921093-SegmentedRaftLogWorker was interrupted, exiting. There are 0 tasks remaining in the queue.
2019-11-07 13:50:09,458 [main] INFO  segmented.SegmentedRaftLogWorker (SegmentedRaftLogWorker.java:close(224)) - 5995e050-5950-4b38-8270-33206f256198@group-64ABFB921093-SegmentedRaftLogWorker close()
2019-11-07 13:50:09,460 [main] INFO  impl.RaftServerImpl (RaftServerImpl.java:lambda$shutdown$3(250)) - 5995e050-5950-4b38-8270-33206f256198@group-5EFA7C96AEB4: shutdown
2019-11-07 13:50:09,461 [main] INFO  util.JmxRegister (JmxRegister.java:unregister(73)) - Successfully un-registered JMX Bean with object name Ratis:service=RaftServer,group=group-5EFA7C96AEB4,id=5995e050-5950-4b38-8270-33206f256198
2019-11-07 13:50:09,461 [main] INFO  impl.RoleInfo (RoleInfo.java:shutdownFollowerState(121)) - 5995e050-5950-4b38-8270-33206f256198: shutdown FollowerState
2019-11-07 13:50:09,461 [main] INFO  impl.StateMachineUpdater (StateMachineUpdater.java:stopAndJoin(136)) - 5995e050-5950-4b38-8270-33206f256198@group-5EFA7C96AEB4-StateMachineUpdater: set stopIndex = 4
2019-11-07 13:50:09,461 [5995e050-5950-4b38-8270-33206f256198@group-5EFA7C96AEB4-StateMachineUpdater] INFO  ratis.ContainerStateMachine (ContainerStateMachine.java:takeSnapshot(294)) - group-5EFA7C96AEB4: Taking a snapshot at:(t:2, i:3) file /workdir/hadoop-ozone/integration-test/target/test-dir/MiniOzoneClusterImpl-de3ec75a-100b-4861-956f-c0ca15a63112/datanode-1/data/ratis/19060351-f974-4d09-a844-5efa7c96aeb4/sm/snapshot.2_3
2019-11-07 13:50:09,461 [Thread-268] INFO  impl.FollowerState (FollowerState.java:run(120)) - 5995e050-5950-4b38-8270-33206f256198@group-5EFA7C96AEB4-FollowerState was interrupted: java.lang.InterruptedException: sleep interrupted
2019-11-07 13:50:09,546 [5995e050-5950-4b38-8270-33206f256198@group-5EFA7C96AEB4-StateMachineUpdater] INFO  ratis.ContainerStateMachine (ContainerStateMachine.java:takeSnapshot(305)) - group-5EFA7C96AEB4: Finished taking a snapshot at:(t:2, i:3) file:/workdir/hadoop-ozone/integration-test/target/test-dir/MiniOzoneClusterImpl-de3ec75a-100b-4861-956f-c0ca15a63112/datanode-1/data/ratis/19060351-f974-4d09-a844-5efa7c96aeb4/sm/snapshot.2_3 time:84
2019-11-07 13:50:09,547 [5995e050-5950-4b38-8270-33206f256198@group-5EFA7C96AEB4-StateMachineUpdater] INFO  impl.StateMachineUpdater (StateMachineUpdater.java:takeSnapshot(269)) - 5995e050-5950-4b38-8270-33206f256198@group-5EFA7C96AEB4-StateMachineUpdater: Took a snapshot at index 3
2019-11-07 13:50:09,549 [5995e050-5950-4b38-8270-33206f256198@group-5EFA7C96AEB4-StateMachineUpdater] INFO  impl.StateMachineUpdater (StateMachineUpdater.java:lambda$new$0(84)) - 5995e050-5950-4b38-8270-33206f256198@group-5EFA7C96AEB4-StateMachineUpdater: snapshotIndex: updateIncreasingly -1 -> 3
2019-11-07 13:50:09,552 [5995e050-5950-4b38-8270-33206f256198@group-5EFA7C96AEB4-StateMachineUpdater] INFO  ratis.ContainerStateMachine (ContainerStateMachine.java:takeSnapshot(294)) - group-5EFA7C96AEB4: Taking a snapshot at:(t:2, i:3) file /workdir/hadoop-ozone/integration-test/target/test-dir/MiniOzoneClusterImpl-de3ec75a-100b-4861-956f-c0ca15a63112/datanode-1/data/ratis/19060351-f974-4d09-a844-5efa7c96aeb4/sm/snapshot.2_3
2019-11-07 13:50:09,565 [5995e050-5950-4b38-8270-33206f256198@group-5EFA7C96AEB4-StateMachineUpdater] INFO  ratis.ContainerStateMachine (ContainerStateMachine.java:takeSnapshot(305)) - group-5EFA7C96AEB4: Finished taking a snapshot at:(t:2, i:3) file:/workdir/hadoop-ozone/integration-test/target/test-dir/MiniOzoneClusterImpl-de3ec75a-100b-4861-956f-c0ca15a63112/datanode-1/data/ratis/19060351-f974-4d09-a844-5efa7c96aeb4/sm/snapshot.2_3 time:12
2019-11-07 13:50:09,565 [5995e050-5950-4b38-8270-33206f256198@group-5EFA7C96AEB4-StateMachineUpdater] INFO  impl.StateMachineUpdater (StateMachineUpdater.java:takeSnapshot(269)) - 5995e050-5950-4b38-8270-33206f256198@group-5EFA7C96AEB4-StateMachineUpdater: Took a snapshot at index 3
2019-11-07 13:50:09,565 [5995e050-5950-4b38-8270-33206f256198@group-5EFA7C96AEB4-StateMachineUpdater] INFO  impl.StateMachineUpdater (StateMachineUpdater.java:lambda$new$0(84)) - 5995e050-5950-4b38-8270-33206f256198@group-5EFA7C96AEB4-StateMachineUpdater: snapshotIndex: updateIncreasingly 3 -> 3
2019-11-07 13:50:09,565 [main] INFO  impl.RaftServerImpl (ServerState.java:close(387)) - 5995e050-5950-4b38-8270-33206f256198@group-5EFA7C96AEB4: closes. applyIndex: 4
2019-11-07 13:50:09,566 [5995e050-5950-4b38-8270-33206f256198@group-5EFA7C96AEB4-SegmentedRaftLogWorker] INFO  segmented.SegmentedRaftLogWorker (SegmentedRaftLogWorker.java:run(316)) - 5995e050-5950-4b38-8270-33206f256198@group-5EFA7C96AEB4-SegmentedRaftLogWorker was interrupted, exiting. There are 0 tasks remaining in the queue.
2019-11-07 13:50:09,568 [main] INFO  segmented.SegmentedRaftLogWorker (SegmentedRaftLogWorker.java:close(224)) - 5995e050-5950-4b38-8270-33206f256198@group-5EFA7C96AEB4-SegmentedRaftLogWorker close()
2019-11-07 13:50:09,570 [main] INFO  server.GrpcService (GrpcService.java:closeImpl(164)) - 5995e050-5950-4b38-8270-33206f256198: shutdown server with port 33936 now
2019-11-07 13:50:09,579 [grpc-default-executor-3] WARN  server.GrpcServerProtocolService (LogUtils.java:warn(134)) - 5995e050-5950-4b38-8270-33206f256198: installSnapshot onError, lastRequest: 71a86a4d-23f3-4eb4-8ea5-d143fc2c84ef->5995e050-5950-4b38-8270-33206f256198#7-t2, previous=(t:2, i:4), leaderCommit=4, initializing? false, entries: <empty>: org.apache.ratis.thirdparty.io.grpc.StatusRuntimeException: CANCELLED: cancelled before receiving half close
2019-11-07 13:50:09,582 [grpc-default-executor-1] WARN  server.GrpcLogAppender (LogUtils.java:warn(134)) - 71a86a4d-23f3-4eb4-8ea5-d143fc2c84ef@group-5EFA7C96AEB4->5995e050-5950-4b38-8270-33206f256198-AppendLogResponseHandler: Failed appendEntries: org.apache.ratis.thirdparty.io.grpc.StatusRuntimeException: CANCELLED: HTTP/2 error code: CANCEL
Received Rst Stream
2019-11-07 13:50:09,582 [main] INFO  server.GrpcService (GrpcService.java:closeImpl(172)) - 5995e050-5950-4b38-8270-33206f256198: shutdown server with port 33936 successfully
2019-11-07 13:50:09,595 [refreshUsed-/workdir/hadoop-ozone/integration-test/target/test-dir/MiniOzoneClusterImpl-de3ec75a-100b-4861-956f-c0ca15a63112/datanode-1/data/containers] WARN  fs.CachingGetSpaceUsed (CachingGetSpaceUsed.java:run(183)) - Thread Interrupted waiting to refresh disk information: sleep interrupted
2019-11-07 13:50:09,613 [main] INFO  utils.BackgroundService (BackgroundService.java:shutdown(151)) - Shutting down service BlockDeletingService
2019-11-07 13:50:09,617 [main] INFO  statemachine.DatanodeStateMachine (DatanodeStateMachine.java:stopDaemon(395)) - Ozone container server stopped.
2019-11-07 13:50:09,622 [main] INFO  handler.ContextHandler (ContextHandler.java:doStop(910)) - Stopped o.e.j.w.WebAppContext@26c47874{/,null,UNAVAILABLE}{/hddsDatanode}
2019-11-07 13:50:09,628 [main] INFO  server.AbstractConnector (AbstractConnector.java:doStop(318)) - Stopped ServerConnector@421056e5{HTTP/1.1,[http/1.1]}{0.0.0.0:0}
2019-11-07 13:50:09,628 [main] INFO  handler.ContextHandler (ContextHandler.java:doStop(910)) - Stopped o.e.j.s.ServletContextHandler@60f70249{/static,jar:file:/home/user/.m2/repository/org/apache/hadoop/hadoop-hdds-container-service/0.5.0-SNAPSHOT/hadoop-hdds-container-service-0.5.0-SNAPSHOT.jar!/webapps/static,UNAVAILABLE}
2019-11-07 13:50:09,629 [main] INFO  handler.ContextHandler (ContextHandler.java:doStop(910)) - Stopped o.e.j.s.ServletContextHandler@10a0fe30{/logs,file:///workdir/hadoop-ozone/integration-test/target/log,UNAVAILABLE}
2019-11-07 13:50:12,637 [java.util.concurrent.ThreadPoolExecutor$Worker@f89c058[State = -1, empty queue]] WARN  server.GrpcLogAppender (GrpcLogAppender.java:timeoutAppendRequest(209)) - 71a86a4d-23f3-4eb4-8ea5-d143fc2c84ef@group-5EFA7C96AEB4->5995e050-5950-4b38-8270-33206f256198-GrpcLogAppender: appendEntries Timeout, request=71a86a4d-23f3-4eb4-8ea5-d143fc2c84ef->5995e050-5950-4b38-8270-33206f256198#8-t2, previous=(t:2, i:4), leaderCommit=4, initializing? false, entries: size=1, first=(t:2, i:5), STATEMACHINELOGENTRY, client-0F90B2C4DA5A, cid=8
2019-11-07 13:50:12,639 [java.util.concurrent.ThreadPoolExecutor$Worker@f89c058[State = -1, empty queue]] WARN  server.GrpcLogAppender (GrpcLogAppender.java:timeoutAppendRequest(209)) - 71a86a4d-23f3-4eb4-8ea5-d143fc2c84ef@group-5EFA7C96AEB4->5995e050-5950-4b38-8270-33206f256198-GrpcLogAppender: appendEntries Timeout, request=71a86a4d-23f3-4eb4-8ea5-d143fc2c84ef->5995e050-5950-4b38-8270-33206f256198#9-t2, previous=(t:2, i:5), leaderCommit=4, initializing? false, entries: size=1, first=(t:2, i:6), STATEMACHINELOGENTRY, client-0F90B2C4DA5A, cid=9
2019-11-07 13:50:12,651 [java.util.concurrent.ThreadPoolExecutor$Worker@f89c058[State = -1, empty queue]] WARN  server.GrpcLogAppender (GrpcLogAppender.java:timeoutAppendRequest(209)) - 71a86a4d-23f3-4eb4-8ea5-d143fc2c84ef@group-5EFA7C96AEB4->5995e050-5950-4b38-8270-33206f256198-GrpcLogAppender: appendEntries Timeout, request=71a86a4d-23f3-4eb4-8ea5-d143fc2c84ef->5995e050-5950-4b38-8270-33206f256198#10-t2, previous=(t:2, i:6), leaderCommit=6, initializing? false, entries: size=1, first=(t:2, i:7), METADATAENTRY(c5)
2019-11-07 13:50:12,652 [java.util.concurrent.ThreadPoolExecutor$Worker@f89c058[State = -1, empty queue]] WARN  server.GrpcLogAppender (GrpcLogAppender.java:timeoutAppendRequest(209)) - 71a86a4d-23f3-4eb4-8ea5-d143fc2c84ef@group-5EFA7C96AEB4->5995e050-5950-4b38-8270-33206f256198-GrpcLogAppender: appendEntries Timeout, request=71a86a4d-23f3-4eb4-8ea5-d143fc2c84ef->5995e050-5950-4b38-8270-33206f256198#11-t2, previous=(t:2, i:7), leaderCommit=6, initializing? false, entries: size=1, first=(t:2, i:8), METADATAENTRY(c6)
2019-11-07 13:50:15,153 [java.util.concurrent.ThreadPoolExecutor$Worker@f89c058[State = -1, empty queue]] WARN  server.GrpcLogAppender (GrpcLogAppender.java:timeoutAppendRequest(209)) - 71a86a4d-23f3-4eb4-8ea5-d143fc2c84ef@group-5EFA7C96AEB4->5995e050-5950-4b38-8270-33206f256198-GrpcLogAppender: appendEntries Timeout, request=71a86a4d-23f3-4eb4-8ea5-d143fc2c84ef->5995e050-5950-4b38-8270-33206f256198#12-t2, previous=(t:2, i:8), leaderCommit=8, initializing? false, entries: <empty>
2019-11-07 13:50:17,654 [java.util.concurrent.ThreadPoolExecutor$Worker@f89c058[State = -1, empty queue]] WARN  server.GrpcLogAppender (GrpcLogAppender.java:timeoutAppendRequest(209)) - 71a86a4d-23f3-4eb4-8ea5-d143fc2c84ef@group-5EFA7C96AEB4->5995e050-5950-4b38-8270-33206f256198-GrpcLogAppender: appendEntries Timeout, request=71a86a4d-23f3-4eb4-8ea5-d143fc2c84ef->5995e050-5950-4b38-8270-33206f256198#13-t2, previous=(t:2, i:8), leaderCommit=8, initializing? false, entries: <empty>
2019-11-07 13:50:18,676 [Thread-312] INFO  client.GrpcClientProtocolService (GrpcClientProtocolService.java:lambda$processClientRequest$0(279)) - Failed RaftClientRequest:client-0F90B2C4DA5A->c4d74ea5-4e51-490d-ae77-7f64a80784ec@group-5EFA7C96AEB4, cid=10, seq=0, Watch-ALL_COMMITTED(6), Message:<EMPTY>, reply=RaftClientReply:client-0F90B2C4DA5A->c4d74ea5-4e51-490d-ae77-7f64a80784ec@group-5EFA7C96AEB4, cid=10, FAILED org.apache.ratis.protocol.NotLeaderException: Server c4d74ea5-4e51-490d-ae77-7f64a80784ec@group-5EFA7C96AEB4 is not the leader 71a86a4d-23f3-4eb4-8ea5-d143fc2c84ef:192.168.34.59:36384, logIndex=0, commits[c4d74ea5-4e51-490d-ae77-7f64a80784ec:c8, 71a86a4d-23f3-4eb4-8ea5-d143fc2c84ef:c8, 5995e050-5950-4b38-8270-33206f256198:c4]
2019-11-07 13:50:19,758 [Thread-316] INFO  client.GrpcClientProtocolService (GrpcClientProtocolService.java:lambda$processClientRequest$0(279)) - Failed RaftClientRequest:client-0F90B2C4DA5A->71a86a4d-23f3-4eb4-8ea5-d143fc2c84ef@group-5EFA7C96AEB4, cid=10, seq=0, Watch-ALL_COMMITTED(6), Message:<EMPTY>, reply=RaftClientReply:client-0F90B2C4DA5A->71a86a4d-23f3-4eb4-8ea5-d143fc2c84ef@group-5EFA7C96AEB4, cid=10, FAILED org.apache.ratis.protocol.NotReplicatedException: Request with call Id 10 and log index 6 is not yet replicated to ALL_COMMITTED, logIndex=6, commits[71a86a4d-23f3-4eb4-8ea5-d143fc2c84ef:c8, c4d74ea5-4e51-490d-ae77-7f64a80784ec:c8, 5995e050-5950-4b38-8270-33206f256198:c4]
2019-11-07 13:50:20,155 [java.util.concurrent.ThreadPoolExecutor$Worker@f89c058[State = -1, empty queue]] WARN  server.GrpcLogAppender (GrpcLogAppender.java:timeoutAppendRequest(209)) - 71a86a4d-23f3-4eb4-8ea5-d143fc2c84ef@group-5EFA7C96AEB4->5995e050-5950-4b38-8270-33206f256198-GrpcLogAppender: appendEntries Timeout, request=71a86a4d-23f3-4eb4-8ea5-d143fc2c84ef->5995e050-5950-4b38-8270-33206f256198#14-t2, previous=(t:2, i:8), leaderCommit=8, initializing? false, entries: <empty>
2019-11-07 13:50:22,657 [java.util.concurrent.ThreadPoolExecutor$Worker@f89c058[State = -1, empty queue]] WARN  server.GrpcLogAppender (GrpcLogAppender.java:timeoutAppendRequest(209)) - 71a86a4d-23f3-4eb4-8ea5-d143fc2c84ef@group-5EFA7C96AEB4->5995e050-5950-4b38-8270-33206f256198-GrpcLogAppender: appendEntries Timeout, request=71a86a4d-23f3-4eb4-8ea5-d143fc2c84ef->5995e050-5950-4b38-8270-33206f256198#15-t2, previous=(t:2, i:8), leaderCommit=8, initializing? false, entries: <empty>
2019-11-07 13:50:25,159 [java.util.concurrent.ThreadPoolExecutor$Worker@f89c058[State = -1, empty queue]] WARN  server.GrpcLogAppender (GrpcLogAppender.java:timeoutAppendRequest(209)) - 71a86a4d-23f3-4eb4-8ea5-d143fc2c84ef@group-5EFA7C96AEB4->5995e050-5950-4b38-8270-33206f256198-GrpcLogAppender: appendEntries Timeout, request=71a86a4d-23f3-4eb4-8ea5-d143fc2c84ef->5995e050-5950-4b38-8270-33206f256198#16-t2, previous=(t:2, i:8), leaderCommit=8, initializing? false, entries: <empty>
2019-11-07 13:50:27,662 [java.util.concurrent.ThreadPoolExecutor$Worker@f89c058[State = -1, empty queue]] WARN  server.GrpcLogAppender (GrpcLogAppender.java:timeoutAppendRequest(209)) - 71a86a4d-23f3-4eb4-8ea5-d143fc2c84ef@group-5EFA7C96AEB4->5995e050-5950-4b38-8270-33206f256198-GrpcLogAppender: appendEntries Timeout, request=71a86a4d-23f3-4eb4-8ea5-d143fc2c84ef->5995e050-5950-4b38-8270-33206f256198#17-t2, previous=(t:2, i:8), leaderCommit=8, initializing? false, entries: <empty>
2019-11-07 13:50:27,704 [Thread-322] INFO  client.GrpcClientProtocolService (GrpcClientProtocolService.java:lambda$processClientRequest$0(279)) - Failed RaftClientRequest:client-0F90B2C4DA5A->c4d74ea5-4e51-490d-ae77-7f64a80784ec@group-5EFA7C96AEB4, cid=10, seq=0, Watch-ALL_COMMITTED(6), Message:<EMPTY>, reply=RaftClientReply:client-0F90B2C4DA5A->c4d74ea5-4e51-490d-ae77-7f64a80784ec@group-5EFA7C96AEB4, cid=10, FAILED org.apache.ratis.protocol.NotLeaderException: Server c4d74ea5-4e51-490d-ae77-7f64a80784ec@group-5EFA7C96AEB4 is not the leader 71a86a4d-23f3-4eb4-8ea5-d143fc2c84ef:192.168.34.59:36384, logIndex=0, commits[c4d74ea5-4e51-490d-ae77-7f64a80784ec:c8, 71a86a4d-23f3-4eb4-8ea5-d143fc2c84ef:c8, 5995e050-5950-4b38-8270-33206f256198:c4]
2019-11-07 13:50:28,756 [Thread-325] INFO  client.GrpcClientProtocolService (GrpcClientProtocolService.java:lambda$processClientRequest$0(279)) - Failed RaftClientRequest:client-0F90B2C4DA5A->71a86a4d-23f3-4eb4-8ea5-d143fc2c84ef@group-5EFA7C96AEB4, cid=10, seq=0, Watch-ALL_COMMITTED(6), Message:<EMPTY>, reply=RaftClientReply:client-0F90B2C4DA5A->71a86a4d-23f3-4eb4-8ea5-d143fc2c84ef@group-5EFA7C96AEB4, cid=10, FAILED org.apache.ratis.protocol.NotReplicatedException: Request with call Id 10 and log index 6 is not yet replicated to ALL_COMMITTED, logIndex=6, commits[71a86a4d-23f3-4eb4-8ea5-d143fc2c84ef:c8, c4d74ea5-4e51-490d-ae77-7f64a80784ec:c8, 5995e050-5950-4b38-8270-33206f256198:c4]
2019-11-07 13:50:30,163 [java.util.concurrent.ThreadPoolExecutor$Worker@f89c058[State = -1, empty queue]] WARN  server.GrpcLogAppender (GrpcLogAppender.java:timeoutAppendRequest(209)) - 71a86a4d-23f3-4eb4-8ea5-d143fc2c84ef@group-5EFA7C96AEB4->5995e050-5950-4b38-8270-33206f256198-GrpcLogAppender: appendEntries Timeout, request=71a86a4d-23f3-4eb4-8ea5-d143fc2c84ef->5995e050-5950-4b38-8270-33206f256198#18-t2, previous=(t:2, i:8), leaderCommit=8, initializing? false, entries: <empty>
2019-11-07 13:50:32,664 [java.util.concurrent.ThreadPoolExecutor$Worker@f89c058[State = -1, empty queue]] WARN  server.GrpcLogAppender (GrpcLogAppender.java:timeoutAppendRequest(209)) - 71a86a4d-23f3-4eb4-8ea5-d143fc2c84ef@group-5EFA7C96AEB4->5995e050-5950-4b38-8270-33206f256198-GrpcLogAppender: appendEntries Timeout, request=71a86a4d-23f3-4eb4-8ea5-d143fc2c84ef->5995e050-5950-4b38-8270-33206f256198#19-t2, previous=(t:2, i:8), leaderCommit=8, initializing? false, entries: <empty>
2019-11-07 13:50:35,165 [java.util.concurrent.ThreadPoolExecutor$Worker@f89c058[State = -1, empty queue]] WARN  server.GrpcLogAppender (GrpcLogAppender.java:timeoutAppendRequest(209)) - 71a86a4d-23f3-4eb4-8ea5-d143fc2c84ef@group-5EFA7C96AEB4->5995e050-5950-4b38-8270-33206f256198-GrpcLogAppender: appendEntries Timeout, request=71a86a4d-23f3-4eb4-8ea5-d143fc2c84ef->5995e050-5950-4b38-8270-33206f256198#20-t2, previous=(t:2, i:8), leaderCommit=8, initializing? false, entries: <empty>
2019-11-07 13:50:36,736 [Thread-331] INFO  client.GrpcClientProtocolService (GrpcClientProtocolService.java:lambda$processClientRequest$0(279)) - Failed RaftClientRequest:client-0F90B2C4DA5A->c4d74ea5-4e51-490d-ae77-7f64a80784ec@group-5EFA7C96AEB4, cid=10, seq=0, Watch-ALL_COMMITTED(6), Message:<EMPTY>, reply=RaftClientReply:client-0F90B2C4DA5A->c4d74ea5-4e51-490d-ae77-7f64a80784ec@group-5EFA7C96AEB4, cid=10, FAILED org.apache.ratis.protocol.NotLeaderException: Server c4d74ea5-4e51-490d-ae77-7f64a80784ec@group-5EFA7C96AEB4 is not the leader 71a86a4d-23f3-4eb4-8ea5-d143fc2c84ef:192.168.34.59:36384, logIndex=0, commits[c4d74ea5-4e51-490d-ae77-7f64a80784ec:c8, 71a86a4d-23f3-4eb4-8ea5-d143fc2c84ef:c8, 5995e050-5950-4b38-8270-33206f256198:c4]
2019-11-07 13:50:37,669 [java.util.concurrent.ThreadPoolExecutor$Worker@f89c058[State = -1, empty queue]] WARN  server.GrpcLogAppender (GrpcLogAppender.java:timeoutAppendRequest(209)) - 71a86a4d-23f3-4eb4-8ea5-d143fc2c84ef@group-5EFA7C96AEB4->5995e050-5950-4b38-8270-33206f256198-GrpcLogAppender: appendEntries Timeout, request=71a86a4d-23f3-4eb4-8ea5-d143fc2c84ef->5995e050-5950-4b38-8270-33206f256198#21-t2, previous=(t:2, i:8), leaderCommit=8, initializing? false, entries: <empty>
2019-11-07 13:50:37,760 [Thread-335] INFO  client.GrpcClientProtocolService (GrpcClientProtocolService.java:lambda$processClientRequest$0(279)) - Failed RaftClientRequest:client-0F90B2C4DA5A->71a86a4d-23f3-4eb4-8ea5-d143fc2c84ef@group-5EFA7C96AEB4, cid=10, seq=0, Watch-ALL_COMMITTED(6), Message:<EMPTY>, reply=RaftClientReply:client-0F90B2C4DA5A->71a86a4d-23f3-4eb4-8ea5-d143fc2c84ef@group-5EFA7C96AEB4, cid=10, FAILED org.apache.ratis.protocol.NotReplicatedException: Request with call Id 10 and log index 6 is not yet replicated to ALL_COMMITTED, logIndex=6, commits[71a86a4d-23f3-4eb4-8ea5-d143fc2c84ef:c8, c4d74ea5-4e51-490d-ae77-7f64a80784ec:c8, 5995e050-5950-4b38-8270-33206f256198:c4]
2019-11-07 13:50:39,667 [main] WARN  scm.XceiverClientRatis (XceiverClientRatis.java:watchForCommit(277)) - 3 way commit failed on pipeline Pipeline[ Id: 19060351-f974-4d09-a844-5efa7c96aeb4, Nodes: 5995e050-5950-4b38-8270-33206f256198{ip: 192.168.34.59, host: pr-hdds-2329-pipelines-xb8hx-2504970213, networkLocation: /default-rack, certSerialId: null}c4d74ea5-4e51-490d-ae77-7f64a80784ec{ip: 192.168.34.59, host: pr-hdds-2329-pipelines-xb8hx-2504970213, networkLocation: /default-rack, certSerialId: null}71a86a4d-23f3-4eb4-8ea5-d143fc2c84ef{ip: 192.168.34.59, host: pr-hdds-2329-pipelines-xb8hx-2504970213, networkLocation: /default-rack, certSerialId: null}, Type:RATIS, Factor:THREE, State:OPEN]
java.util.concurrent.TimeoutException
	at java.util.concurrent.CompletableFuture.timedGet(CompletableFuture.java:1771)
	at java.util.concurrent.CompletableFuture.get(CompletableFuture.java:1915)
	at org.apache.hadoop.hdds.scm.XceiverClientRatis.watchForCommit(XceiverClientRatis.java:274)
	at org.apache.hadoop.hdds.scm.storage.CommitWatcher.watchForCommit(CommitWatcher.java:198)
	at org.apache.hadoop.hdds.scm.storage.CommitWatcher.watchOnLastIndex(CommitWatcher.java:161)
	at org.apache.hadoop.hdds.scm.storage.BlockOutputStream.watchForCommit(BlockOutputStream.java:346)
	at org.apache.hadoop.hdds.scm.storage.BlockOutputStream.handleFlush(BlockOutputStream.java:482)
	at org.apache.hadoop.hdds.scm.storage.BlockOutputStream.close(BlockOutputStream.java:496)
	at org.apache.hadoop.ozone.client.io.BlockOutputStreamEntry.close(BlockOutputStreamEntry.java:143)
	at org.apache.hadoop.ozone.client.io.KeyOutputStream.handleFlushOrClose(KeyOutputStream.java:435)
	at org.apache.hadoop.ozone.client.io.KeyOutputStream.close(KeyOutputStream.java:473)
	at org.apache.hadoop.ozone.client.io.OzoneOutputStream.close(OzoneOutputStream.java:60)
	at org.apache.hadoop.ozone.client.rpc.TestDeleteWithSlowFollower.testDeleteKeyWithSlowFollower(TestDeleteWithSlowFollower.java:193)
	at sun.reflect.NativeMethodAccessorImpl.invoke0(Native Method)
	at sun.reflect.NativeMethodAccessorImpl.invoke(NativeMethodAccessorImpl.java:62)
	at sun.reflect.DelegatingMethodAccessorImpl.invoke(DelegatingMethodAccessorImpl.java:43)
	at java.lang.reflect.Method.invoke(Method.java:498)
	at org.junit.runners.model.FrameworkMethod$1.runReflectiveCall(FrameworkMethod.java:47)
	at org.junit.internal.runners.model.ReflectiveCallable.run(ReflectiveCallable.java:12)
	at org.junit.runners.model.FrameworkMethod.invokeExplosively(FrameworkMethod.java:44)
	at org.junit.internal.runners.statements.InvokeMethod.evaluate(InvokeMethod.java:17)
	at org.junit.runners.ParentRunner.runLeaf(ParentRunner.java:271)
	at org.junit.runners.BlockJUnit4ClassRunner.runChild(BlockJUnit4ClassRunner.java:70)
	at org.junit.runners.BlockJUnit4ClassRunner.runChild(BlockJUnit4ClassRunner.java:50)
	at org.junit.runners.ParentRunner$3.run(ParentRunner.java:238)
	at org.junit.runners.ParentRunner$1.schedule(ParentRunner.java:63)
	at org.junit.runners.ParentRunner.runChildren(ParentRunner.java:236)
	at org.junit.runners.ParentRunner.access$000(ParentRunner.java:53)
	at org.junit.runners.ParentRunner$2.evaluate(ParentRunner.java:229)
	at org.junit.internal.runners.statements.RunBefores.evaluate(RunBefores.java:26)
	at org.junit.internal.runners.statements.RunAfters.evaluate(RunAfters.java:27)
	at org.junit.runners.ParentRunner.run(ParentRunner.java:309)
	at org.apache.maven.surefire.junit4.JUnit4Provider.execute(JUnit4Provider.java:365)
	at org.apache.maven.surefire.junit4.JUnit4Provider.executeWithRerun(JUnit4Provider.java:273)
	at org.apache.maven.surefire.junit4.JUnit4Provider.executeTestSet(JUnit4Provider.java:238)
	at org.apache.maven.surefire.junit4.JUnit4Provider.invoke(JUnit4Provider.java:159)
	at org.apache.maven.surefire.booter.ForkedBooter.invokeProviderInSameClassLoader(ForkedBooter.java:384)
	at org.apache.maven.surefire.booter.ForkedBooter.runSuitesInProcess(ForkedBooter.java:345)
	at org.apache.maven.surefire.booter.ForkedBooter.execute(ForkedBooter.java:126)
	at org.apache.maven.surefire.booter.ForkedBooter.main(ForkedBooter.java:418)
2019-11-07 13:50:39,687 [main] INFO  scm.XceiverClientRatis (XceiverClientRatis.java:lambda$watchForCommit$5(295)) - Could not commit index 6 on pipeline Pipeline[ Id: 19060351-f974-4d09-a844-5efa7c96aeb4, Nodes: 5995e050-5950-4b38-8270-33206f256198{ip: 192.168.34.59, host: pr-hdds-2329-pipelines-xb8hx-2504970213, networkLocation: /default-rack, certSerialId: null}c4d74ea5-4e51-490d-ae77-7f64a80784ec{ip: 192.168.34.59, host: pr-hdds-2329-pipelines-xb8hx-2504970213, networkLocation: /default-rack, certSerialId: null}71a86a4d-23f3-4eb4-8ea5-d143fc2c84ef{ip: 192.168.34.59, host: pr-hdds-2329-pipelines-xb8hx-2504970213, networkLocation: /default-rack, certSerialId: null}, Type:RATIS, Factor:THREE, State:OPEN] to all the nodes. Server 5995e050-5950-4b38-8270-33206f256198 has failed. Committed by majority.
2019-11-07 13:50:39,688 [main] WARN  storage.BlockOutputStream (BlockOutputStream.java:watchForCommit(352)) - Failed to commit BlockId conID: 1 locID: 103096948795965440 bcsId: 6 on Pipeline[ Id: 19060351-f974-4d09-a844-5efa7c96aeb4, Nodes: 5995e050-5950-4b38-8270-33206f256198{ip: 192.168.34.59, host: pr-hdds-2329-pipelines-xb8hx-2504970213, networkLocation: /default-rack, certSerialId: null}c4d74ea5-4e51-490d-ae77-7f64a80784ec{ip: 192.168.34.59, host: pr-hdds-2329-pipelines-xb8hx-2504970213, networkLocation: /default-rack, certSerialId: null}71a86a4d-23f3-4eb4-8ea5-d143fc2c84ef{ip: 192.168.34.59, host: pr-hdds-2329-pipelines-xb8hx-2504970213, networkLocation: /default-rack, certSerialId: null}, Type:RATIS, Factor:THREE, State:OPEN]. Failed nodes: [5995e050-5950-4b38-8270-33206f256198{ip: null, host: null, networkLocation: /default-rack, certSerialId: null}]
2019-11-07 13:50:40,170 [java.util.concurrent.ThreadPoolExecutor$Worker@f89c058[State = -1, empty queue]] WARN  server.GrpcLogAppender (GrpcLogAppender.java:timeoutAppendRequest(209)) - 71a86a4d-23f3-4eb4-8ea5-d143fc2c84ef@group-5EFA7C96AEB4->5995e050-5950-4b38-8270-33206f256198-GrpcLogAppender: appendEntries Timeout, request=71a86a4d-23f3-4eb4-8ea5-d143fc2c84ef->5995e050-5950-4b38-8270-33206f256198#22-t2, previous=(t:2, i:8), leaderCommit=8, initializing? false, entries: <empty>
2019-11-07 13:50:40,840 [EventQueue-IncrementalContainerReportForIncrementalContainerReportHandler] WARN  container.IncrementalContainerReportHandler (AbstractContainerReportHandler.java:updateContainerState(145)) - Container #1 is in OPEN state, but the datanode 71a86a4d-23f3-4eb4-8ea5-d143fc2c84ef{ip: 192.168.34.59, host: pr-hdds-2329-pipelines-xb8hx-2504970213, networkLocation: /default-rack, certSerialId: null} reports an CLOSING replica.
2019-11-07 13:50:40,851 [RatisApplyTransactionExecutor 1] INFO  interfaces.Container (KeyValueContainer.java:flushAndSyncDB(386)) - Container 1 is synced with bcsId 6.
2019-11-07 13:50:40,852 [RatisApplyTransactionExecutor 1] INFO  interfaces.Container (KeyValueContainer.java:flushAndSyncDB(386)) - Container 1 is synced with bcsId 6.
2019-11-07 13:50:40,865 [RatisApplyTransactionExecutor 1] INFO  interfaces.Container (KeyValueContainer.java:close(335)) - Container 1 is closed with bcsId 6.
2019-11-07 13:50:40,868 [EventQueue-IncrementalContainerReportForIncrementalContainerReportHandler] WARN  container.IncrementalContainerReportHandler (AbstractContainerReportHandler.java:updateContainerState(145)) - Container #1 is in OPEN state, but the datanode 71a86a4d-23f3-4eb4-8ea5-d143fc2c84ef{ip: 192.168.34.59, host: pr-hdds-2329-pipelines-xb8hx-2504970213, networkLocation: /default-rack, certSerialId: null} reports an CLOSED replica.
2019-11-07 13:50:40,868 [EventQueue-IncrementalContainerReportForIncrementalContainerReportHandler] WARN  container.IncrementalContainerReportHandler (AbstractContainerReportHandler.java:updateContainerState(145)) - Container #1 is in OPEN state, but the datanode c4d74ea5-4e51-490d-ae77-7f64a80784ec{ip: 192.168.34.59, host: pr-hdds-2329-pipelines-xb8hx-2504970213, networkLocation: /default-rack, certSerialId: null} reports an CLOSING replica.
2019-11-07 13:50:40,877 [RatisApplyTransactionExecutor 1] INFO  interfaces.Container (KeyValueContainer.java:flushAndSyncDB(386)) - Container 1 is synced with bcsId 6.
2019-11-07 13:50:40,877 [RatisApplyTransactionExecutor 1] INFO  interfaces.Container (KeyValueContainer.java:flushAndSyncDB(386)) - Container 1 is synced with bcsId 6.
2019-11-07 13:50:40,894 [RatisApplyTransactionExecutor 1] INFO  interfaces.Container (KeyValueContainer.java:close(335)) - Container 1 is closed with bcsId 6.
2019-11-07 13:50:40,895 [EventQueue-IncrementalContainerReportForIncrementalContainerReportHandler] WARN  container.IncrementalContainerReportHandler (AbstractContainerReportHandler.java:updateContainerState(145)) - Container #1 is in OPEN state, but the datanode c4d74ea5-4e51-490d-ae77-7f64a80784ec{ip: 192.168.34.59, host: pr-hdds-2329-pipelines-xb8hx-2504970213, networkLocation: /default-rack, certSerialId: null} reports an CLOSED replica.
2019-11-07 13:50:40,948 [BlockDeletingService#2] WARN  background.BlockDeletingService (BlockDeletingService.java:isDeletionAllowed(187)) - Close Container log Index 6 is not replicated across allthe servers in the pipeline 19060351-f974-4d09-a844-5efa7c96aeb4 as the min replicated index is 4. Deletion is not allowed in this container yet.
2019-11-07 13:50:40,948 [BlockDeletingService#7] WARN  background.BlockDeletingService (BlockDeletingService.java:isDeletionAllowed(187)) - Close Container log Index 6 is not replicated across allthe servers in the pipeline 19060351-f974-4d09-a844-5efa7c96aeb4 as the min replicated index is 4. Deletion is not allowed in this container yet.
2019-11-07 13:50:40,966 [EventQueue-ContainerReportForContainerReportHandler] WARN  container.ContainerReportHandler (AbstractContainerReportHandler.java:updateContainerState(145)) - Container #1 is in OPEN state, but the datanode 71a86a4d-23f3-4eb4-8ea5-d143fc2c84ef{ip: 192.168.34.59, host: pr-hdds-2329-pipelines-xb8hx-2504970213, networkLocation: /default-rack, certSerialId: null} reports an CLOSED replica.
2019-11-07 13:50:40,996 [EventQueue-ContainerReportForContainerReportHandler] WARN  container.ContainerReportHandler (AbstractContainerReportHandler.java:updateContainerState(145)) - Container #1 is in OPEN state, but the datanode c4d74ea5-4e51-490d-ae77-7f64a80784ec{ip: 192.168.34.59, host: pr-hdds-2329-pipelines-xb8hx-2504970213, networkLocation: /default-rack, certSerialId: null} reports an CLOSED replica.
2019-11-07 13:50:41,267 [EventQueue-ContainerReportForContainerReportHandler] WARN  container.ContainerReportHandler (AbstractContainerReportHandler.java:updateContainerState(145)) - Container #1 is in OPEN state, but the datanode 71a86a4d-23f3-4eb4-8ea5-d143fc2c84ef{ip: 192.168.34.59, host: pr-hdds-2329-pipelines-xb8hx-2504970213, networkLocation: /default-rack, certSerialId: null} reports an CLOSED replica.
2019-11-07 13:50:41,295 [EventQueue-ContainerReportForContainerReportHandler] WARN  container.ContainerReportHandler (AbstractContainerReportHandler.java:updateContainerState(145)) - Container #1 is in OPEN state, but the datanode c4d74ea5-4e51-490d-ae77-7f64a80784ec{ip: 192.168.34.59, host: pr-hdds-2329-pipelines-xb8hx-2504970213, networkLocation: /default-rack, certSerialId: null} reports an CLOSED replica.
2019-11-07 13:50:41,467 [EventQueue-ContainerReportForContainerReportHandler] WARN  container.ContainerReportHandler (AbstractContainerReportHandler.java:updateContainerState(145)) - Container #1 is in OPEN state, but the datanode 71a86a4d-23f3-4eb4-8ea5-d143fc2c84ef{ip: 192.168.34.59, host: pr-hdds-2329-pipelines-xb8hx-2504970213, networkLocation: /default-rack, certSerialId: null} reports an CLOSED replica.
2019-11-07 13:50:41,694 [EventQueue-ContainerReportForContainerReportHandler] WARN  container.ContainerReportHandler (AbstractContainerReportHandler.java:updateContainerState(145)) - Container #1 is in OPEN state, but the datanode c4d74ea5-4e51-490d-ae77-7f64a80784ec{ip: 192.168.34.59, host: pr-hdds-2329-pipelines-xb8hx-2504970213, networkLocation: /default-rack, certSerialId: null} reports an CLOSED replica.
2019-11-07 13:50:41,763 [IPC Server handler 10 on 43564] INFO  server.SCMBlockProtocolServer (SCMBlockProtocolServer.java:deleteKeyBlocks(214)) - SCM is informed by OM to delete 1 blocks
2019-11-07 13:50:41,764 [IPC Server handler 10 on 43564] INFO  block.BlockManagerImpl (BlockManagerImpl.java:deleteBlocks(285)) - Deleting blocks conID: 1 locID: 103096948795965440 bcsId: 0
2019-11-07 13:50:41,868 [EventQueue-ContainerReportForContainerReportHandler] WARN  container.ContainerReportHandler (AbstractContainerReportHandler.java:updateContainerState(145)) - Container #1 is in OPEN state, but the datanode 71a86a4d-23f3-4eb4-8ea5-d143fc2c84ef{ip: 192.168.34.59, host: pr-hdds-2329-pipelines-xb8hx-2504970213, networkLocation: /default-rack, certSerialId: null} reports an CLOSED replica.
2019-11-07 13:50:41,895 [EventQueue-ContainerReportForContainerReportHandler] WARN  container.ContainerReportHandler (AbstractContainerReportHandler.java:updateContainerState(145)) - Container #1 is in OPEN state, but the datanode c4d74ea5-4e51-490d-ae77-7f64a80784ec{ip: 192.168.34.59, host: pr-hdds-2329-pipelines-xb8hx-2504970213, networkLocation: /default-rack, certSerialId: null} reports an CLOSED replica.
2019-11-07 13:50:41,950 [BlockDeletingService#7] WARN  background.BlockDeletingService (BlockDeletingService.java:isDeletionAllowed(187)) - Close Container log Index 6 is not replicated across allthe servers in the pipeline 19060351-f974-4d09-a844-5efa7c96aeb4 as the min replicated index is 4. Deletion is not allowed in this container yet.
2019-11-07 13:50:41,950 [BlockDeletingService#2] WARN  background.BlockDeletingService (BlockDeletingService.java:isDeletionAllowed(187)) - Close Container log Index 6 is not replicated across allthe servers in the pipeline 19060351-f974-4d09-a844-5efa7c96aeb4 as the min replicated index is 4. Deletion is not allowed in this container yet.
2019-11-07 13:50:42,168 [EventQueue-ContainerReportForContainerReportHandler] WARN  container.ContainerReportHandler (AbstractContainerReportHandler.java:updateContainerState(145)) - Container #1 is in OPEN state, but the datanode 71a86a4d-23f3-4eb4-8ea5-d143fc2c84ef{ip: 192.168.34.59, host: pr-hdds-2329-pipelines-xb8hx-2504970213, networkLocation: /default-rack, certSerialId: null} reports an CLOSED replica.
2019-11-07 13:50:42,195 [EventQueue-ContainerReportForContainerReportHandler] WARN  container.ContainerReportHandler (AbstractContainerReportHandler.java:updateContainerState(145)) - Container #1 is in OPEN state, but the datanode c4d74ea5-4e51-490d-ae77-7f64a80784ec{ip: 192.168.34.59, host: pr-hdds-2329-pipelines-xb8hx-2504970213, networkLocation: /default-rack, certSerialId: null} reports an CLOSED replica.
2019-11-07 13:50:42,395 [EventQueue-ContainerReportForContainerReportHandler] WARN  container.ContainerReportHandler (AbstractContainerReportHandler.java:updateContainerState(145)) - Container #1 is in OPEN state, but the datanode c4d74ea5-4e51-490d-ae77-7f64a80784ec{ip: 192.168.34.59, host: pr-hdds-2329-pipelines-xb8hx-2504970213, networkLocation: /default-rack, certSerialId: null} reports an CLOSED replica.
2019-11-07 13:50:42,470 [EventQueue-ContainerReportForContainerReportHandler] WARN  container.ContainerReportHandler (AbstractContainerReportHandler.java:updateContainerState(145)) - Container #1 is in OPEN state, but the datanode 71a86a4d-23f3-4eb4-8ea5-d143fc2c84ef{ip: 192.168.34.59, host: pr-hdds-2329-pipelines-xb8hx-2504970213, networkLocation: /default-rack, certSerialId: null} reports an CLOSED replica.
2019-11-07 13:50:42,671 [EventQueue-ContainerReportForContainerReportHandler] WARN  container.ContainerReportHandler (AbstractContainerReportHandler.java:updateContainerState(145)) - Container #1 is in OPEN state, but the datanode 71a86a4d-23f3-4eb4-8ea5-d143fc2c84ef{ip: 192.168.34.59, host: pr-hdds-2329-pipelines-xb8hx-2504970213, networkLocation: /default-rack, certSerialId: null} reports an CLOSED replica.
2019-11-07 13:50:42,674 [java.util.concurrent.ThreadPoolExecutor$Worker@f89c058[State = -1, empty queue]] WARN  server.GrpcLogAppender (GrpcLogAppender.java:timeoutAppendRequest(209)) - 71a86a4d-23f3-4eb4-8ea5-d143fc2c84ef@group-5EFA7C96AEB4->5995e050-5950-4b38-8270-33206f256198-GrpcLogAppender: appendEntries Timeout, request=71a86a4d-23f3-4eb4-8ea5-d143fc2c84ef->5995e050-5950-4b38-8270-33206f256198#23-t2, previous=(t:2, i:8), leaderCommit=8, initializing? false, entries: <empty>
2019-11-07 13:50:42,694 [EventQueue-ContainerReportForContainerReportHandler] WARN  container.ContainerReportHandler (AbstractContainerReportHandler.java:updateContainerState(145)) - Container #1 is in OPEN state, but the datanode c4d74ea5-4e51-490d-ae77-7f64a80784ec{ip: 192.168.34.59, host: pr-hdds-2329-pipelines-xb8hx-2504970213, networkLocation: /default-rack, certSerialId: null} reports an CLOSED replica.
2019-11-07 13:50:42,872 [EventQueue-ContainerReportForContainerReportHandler] WARN  container.ContainerReportHandler (AbstractContainerReportHandler.java:updateContainerState(145)) - Container #1 is in OPEN state, but the datanode 71a86a4d-23f3-4eb4-8ea5-d143fc2c84ef{ip: 192.168.34.59, host: pr-hdds-2329-pipelines-xb8hx-2504970213, networkLocation: /default-rack, certSerialId: null} reports an CLOSED replica.
2019-11-07 13:50:42,952 [BlockDeletingService#2] WARN  background.BlockDeletingService (BlockDeletingService.java:isDeletionAllowed(187)) - Close Container log Index 6 is not replicated across allthe servers in the pipeline 19060351-f974-4d09-a844-5efa7c96aeb4 as the min replicated index is 4. Deletion is not allowed in this container yet.
2019-11-07 13:50:42,952 [BlockDeletingService#7] WARN  background.BlockDeletingService (BlockDeletingService.java:isDeletionAllowed(187)) - Close Container log Index 6 is not replicated across allthe servers in the pipeline 19060351-f974-4d09-a844-5efa7c96aeb4 as the min replicated index is 4. Deletion is not allowed in this container yet.
2019-11-07 13:50:43,095 [EventQueue-ContainerReportForContainerReportHandler] WARN  container.ContainerReportHandler (AbstractContainerReportHandler.java:updateContainerState(145)) - Container #1 is in OPEN state, but the datanode c4d74ea5-4e51-490d-ae77-7f64a80784ec{ip: 192.168.34.59, host: pr-hdds-2329-pipelines-xb8hx-2504970213, networkLocation: /default-rack, certSerialId: null} reports an CLOSED replica.
2019-11-07 13:50:43,272 [EventQueue-ContainerReportForContainerReportHandler] WARN  container.ContainerReportHandler (AbstractContainerReportHandler.java:updateContainerState(145)) - Container #1 is in OPEN state, but the datanode 71a86a4d-23f3-4eb4-8ea5-d143fc2c84ef{ip: 192.168.34.59, host: pr-hdds-2329-pipelines-xb8hx-2504970213, networkLocation: /default-rack, certSerialId: null} reports an CLOSED replica.
2019-11-07 13:50:43,396 [EventQueue-ContainerReportForContainerReportHandler] WARN  container.ContainerReportHandler (AbstractContainerReportHandler.java:updateContainerState(145)) - Container #1 is in OPEN state, but the datanode c4d74ea5-4e51-490d-ae77-7f64a80784ec{ip: 192.168.34.59, host: pr-hdds-2329-pipelines-xb8hx-2504970213, networkLocation: /default-rack, certSerialId: null} reports an CLOSED replica.
2019-11-07 13:50:43,572 [EventQueue-ContainerReportForContainerReportHandler] WARN  container.ContainerReportHandler (AbstractContainerReportHandler.java:updateContainerState(145)) - Container #1 is in OPEN state, but the datanode 71a86a4d-23f3-4eb4-8ea5-d143fc2c84ef{ip: 192.168.34.59, host: pr-hdds-2329-pipelines-xb8hx-2504970213, networkLocation: /default-rack, certSerialId: null} reports an CLOSED replica.
2019-11-07 13:50:43,597 [EventQueue-ContainerReportForContainerReportHandler] WARN  container.ContainerReportHandler (AbstractContainerReportHandler.java:updateContainerState(145)) - Container #1 is in OPEN state, but the datanode c4d74ea5-4e51-490d-ae77-7f64a80784ec{ip: 192.168.34.59, host: pr-hdds-2329-pipelines-xb8hx-2504970213, networkLocation: /default-rack, certSerialId: null} reports an CLOSED replica.
2019-11-07 13:50:43,800 [java.util.concurrent.ThreadPoolExecutor$Worker@f89c058[State = -1, empty queue]] WARN  server.GrpcLogAppender (GrpcLogAppender.java:timeoutAppendRequest(209)) - 71a86a4d-23f3-4eb4-8ea5-d143fc2c84ef@group-5EFA7C96AEB4->5995e050-5950-4b38-8270-33206f256198-GrpcLogAppender: appendEntries Timeout, request=71a86a4d-23f3-4eb4-8ea5-d143fc2c84ef->5995e050-5950-4b38-8270-33206f256198#24-t2, previous=(t:2, i:8), leaderCommit=8, initializing? false, entries: size=1, first=(t:2, i:9), STATEMACHINELOGENTRY, client-EF3924AE299F, cid=12
2019-11-07 13:50:43,814 [java.util.concurrent.ThreadPoolExecutor$Worker@f89c058[State = -1, empty queue]] WARN  server.GrpcLogAppender (GrpcLogAppender.java:timeoutAppendRequest(209)) - 71a86a4d-23f3-4eb4-8ea5-d143fc2c84ef@group-5EFA7C96AEB4->5995e050-5950-4b38-8270-33206f256198-GrpcLogAppender: appendEntries Timeout, request=71a86a4d-23f3-4eb4-8ea5-d143fc2c84ef->5995e050-5950-4b38-8270-33206f256198#25-t2, previous=(t:2, i:9), leaderCommit=9, initializing? false, entries: size=1, first=(t:2, i:10), METADATAENTRY(c9)
2019-11-07 13:50:43,873 [EventQueue-ContainerReportForContainerReportHandler] WARN  container.ContainerReportHandler (AbstractContainerReportHandler.java:updateContainerState(145)) - Container #1 is in OPEN state, but the datanode 71a86a4d-23f3-4eb4-8ea5-d143fc2c84ef{ip: 192.168.34.59, host: pr-hdds-2329-pipelines-xb8hx-2504970213, networkLocation: /default-rack, certSerialId: null} reports an CLOSED replica.
2019-11-07 13:50:43,896 [EventQueue-ContainerReportForContainerReportHandler] WARN  container.ContainerReportHandler (AbstractContainerReportHandler.java:updateContainerState(145)) - Container #1 is in OPEN state, but the datanode c4d74ea5-4e51-490d-ae77-7f64a80784ec{ip: 192.168.34.59, host: pr-hdds-2329-pipelines-xb8hx-2504970213, networkLocation: /default-rack, certSerialId: null} reports an CLOSED replica.
2019-11-07 13:50:43,953 [BlockDeletingService#2] WARN  background.BlockDeletingService (BlockDeletingService.java:isDeletionAllowed(187)) - Close Container log Index 6 is not replicated across allthe servers in the pipeline 19060351-f974-4d09-a844-5efa7c96aeb4 as the min replicated index is 4. Deletion is not allowed in this container yet.
2019-11-07 13:50:43,954 [BlockDeletingService#7] WARN  background.BlockDeletingService (BlockDeletingService.java:isDeletionAllowed(187)) - Close Container log Index 6 is not replicated across allthe servers in the pipeline 19060351-f974-4d09-a844-5efa7c96aeb4 as the min replicated index is 4. Deletion is not allowed in this container yet.
2019-11-07 13:50:44,097 [EventQueue-ContainerReportForContainerReportHandler] WARN  container.ContainerReportHandler (AbstractContainerReportHandler.java:updateContainerState(145)) - Container #1 is in OPEN state, but the datanode c4d74ea5-4e51-490d-ae77-7f64a80784ec{ip: 192.168.34.59, host: pr-hdds-2329-pipelines-xb8hx-2504970213, networkLocation: /default-rack, certSerialId: null} reports an CLOSED replica.
2019-11-07 13:50:44,174 [EventQueue-ContainerReportForContainerReportHandler] WARN  container.ContainerReportHandler (AbstractContainerReportHandler.java:updateContainerState(145)) - Container #1 is in OPEN state, but the datanode 71a86a4d-23f3-4eb4-8ea5-d143fc2c84ef{ip: 192.168.34.59, host: pr-hdds-2329-pipelines-xb8hx-2504970213, networkLocation: /default-rack, certSerialId: null} reports an CLOSED replica.
2019-11-07 13:50:44,476 [EventQueue-ContainerReportForContainerReportHandler] WARN  container.ContainerReportHandler (AbstractContainerReportHandler.java:updateContainerState(145)) - Container #1 is in OPEN state, but the datanode 71a86a4d-23f3-4eb4-8ea5-d143fc2c84ef{ip: 192.168.34.59, host: pr-hdds-2329-pipelines-xb8hx-2504970213, networkLocation: /default-rack, certSerialId: null} reports an CLOSED replica.
2019-11-07 13:50:44,496 [EventQueue-ContainerReportForContainerReportHandler] WARN  container.ContainerReportHandler (AbstractContainerReportHandler.java:updateContainerState(145)) - Container #1 is in OPEN state, but the datanode c4d74ea5-4e51-490d-ae77-7f64a80784ec{ip: 192.168.34.59, host: pr-hdds-2329-pipelines-xb8hx-2504970213, networkLocation: /default-rack, certSerialId: null} reports an CLOSED replica.
2019-11-07 13:50:44,797 [EventQueue-ContainerReportForContainerReportHandler] WARN  container.ContainerReportHandler (AbstractContainerReportHandler.java:updateContainerState(145)) - Container #1 is in OPEN state, but the datanode c4d74ea5-4e51-490d-ae77-7f64a80784ec{ip: 192.168.34.59, host: pr-hdds-2329-pipelines-xb8hx-2504970213, networkLocation: /default-rack, certSerialId: null} reports an CLOSED replica.
2019-11-07 13:50:44,877 [EventQueue-ContainerReportForContainerReportHandler] WARN  container.ContainerReportHandler (AbstractContainerReportHandler.java:updateContainerState(145)) - Container #1 is in OPEN state, but the datanode 71a86a4d-23f3-4eb4-8ea5-d143fc2c84ef{ip: 192.168.34.59, host: pr-hdds-2329-pipelines-xb8hx-2504970213, networkLocation: /default-rack, certSerialId: null} reports an CLOSED replica.
2019-11-07 13:50:44,957 [BlockDeletingService#7] WARN  background.BlockDeletingService (BlockDeletingService.java:isDeletionAllowed(187)) - Close Container log Index 6 is not replicated across allthe servers in the pipeline 19060351-f974-4d09-a844-5efa7c96aeb4 as the min replicated index is 4. Deletion is not allowed in this container yet.
2019-11-07 13:50:44,958 [BlockDeletingService#2] WARN  background.BlockDeletingService (BlockDeletingService.java:isDeletionAllowed(187)) - Close Container log Index 6 is not replicated across allthe servers in the pipeline 19060351-f974-4d09-a844-5efa7c96aeb4 as the min replicated index is 4. Deletion is not allowed in this container yet.
2019-11-07 13:50:44,998 [EventQueue-ContainerReportForContainerReportHandler] WARN  container.ContainerReportHandler (AbstractContainerReportHandler.java:updateContainerState(145)) - Container #1 is in OPEN state, but the datanode c4d74ea5-4e51-490d-ae77-7f64a80784ec{ip: 192.168.34.59, host: pr-hdds-2329-pipelines-xb8hx-2504970213, networkLocation: /default-rack, certSerialId: null} reports an CLOSED replica.
2019-11-07 13:50:45,177 [EventQueue-ContainerReportForContainerReportHandler] WARN  container.ContainerReportHandler (AbstractContainerReportHandler.java:updateContainerState(145)) - Container #1 is in OPEN state, but the datanode 71a86a4d-23f3-4eb4-8ea5-d143fc2c84ef{ip: 192.168.34.59, host: pr-hdds-2329-pipelines-xb8hx-2504970213, networkLocation: /default-rack, certSerialId: null} reports an CLOSED replica.
2019-11-07 13:50:45,398 [EventQueue-ContainerReportForContainerReportHandler] WARN  container.ContainerReportHandler (AbstractContainerReportHandler.java:updateContainerState(145)) - Container #1 is in OPEN state, but the datanode c4d74ea5-4e51-490d-ae77-7f64a80784ec{ip: 192.168.34.59, host: pr-hdds-2329-pipelines-xb8hx-2504970213, networkLocation: /default-rack, certSerialId: null} reports an CLOSED replica.
2019-11-07 13:50:45,478 [EventQueue-ContainerReportForContainerReportHandler] WARN  container.ContainerReportHandler (AbstractContainerReportHandler.java:updateContainerState(145)) - Container #1 is in OPEN state, but the datanode 71a86a4d-23f3-4eb4-8ea5-d143fc2c84ef{ip: 192.168.34.59, host: pr-hdds-2329-pipelines-xb8hx-2504970213, networkLocation: /default-rack, certSerialId: null} reports an CLOSED replica.
2019-11-07 13:50:45,598 [EventQueue-ContainerReportForContainerReportHandler] WARN  container.ContainerReportHandler (AbstractContainerReportHandler.java:updateContainerState(145)) - Container #1 is in OPEN state, but the datanode c4d74ea5-4e51-490d-ae77-7f64a80784ec{ip: 192.168.34.59, host: pr-hdds-2329-pipelines-xb8hx-2504970213, networkLocation: /default-rack, certSerialId: null} reports an CLOSED replica.
2019-11-07 13:50:45,770 [Thread-362] INFO  client.GrpcClientProtocolService (GrpcClientProtocolService.java:lambda$processClientRequest$0(279)) - Failed RaftClientRequest:client-0F90B2C4DA5A->c4d74ea5-4e51-490d-ae77-7f64a80784ec@group-5EFA7C96AEB4, cid=10, seq=0, Watch-ALL_COMMITTED(6), Message:<EMPTY>, reply=RaftClientReply:client-0F90B2C4DA5A->c4d74ea5-4e51-490d-ae77-7f64a80784ec@group-5EFA7C96AEB4, cid=10, FAILED org.apache.ratis.protocol.NotLeaderException: Server c4d74ea5-4e51-490d-ae77-7f64a80784ec@group-5EFA7C96AEB4 is not the leader 71a86a4d-23f3-4eb4-8ea5-d143fc2c84ef:192.168.34.59:36384, logIndex=0, commits[c4d74ea5-4e51-490d-ae77-7f64a80784ec:c10, 71a86a4d-23f3-4eb4-8ea5-d143fc2c84ef:c10, 5995e050-5950-4b38-8270-33206f256198:c4]
2019-11-07 13:50:45,779 [EventQueue-ContainerReportForContainerReportHandler] WARN  container.ContainerReportHandler (AbstractContainerReportHandler.java:updateContainerState(145)) - Container #1 is in OPEN state, but the datanode 71a86a4d-23f3-4eb4-8ea5-d143fc2c84ef{ip: 192.168.34.59, host: pr-hdds-2329-pipelines-xb8hx-2504970213, networkLocation: /default-rack, certSerialId: null} reports an CLOSED replica.
2019-11-07 13:50:45,897 [EventQueue-ContainerReportForContainerReportHandler] WARN  container.ContainerReportHandler (AbstractContainerReportHandler.java:updateContainerState(145)) - Container #1 is in OPEN state, but the datanode c4d74ea5-4e51-490d-ae77-7f64a80784ec{ip: 192.168.34.59, host: pr-hdds-2329-pipelines-xb8hx-2504970213, networkLocation: /default-rack, certSerialId: null} reports an CLOSED replica.
2019-11-07 13:50:45,959 [BlockDeletingService#7] WARN  background.BlockDeletingService (BlockDeletingService.java:isDeletionAllowed(187)) - Close Container log Index 6 is not replicated across allthe servers in the pipeline 19060351-f974-4d09-a844-5efa7c96aeb4 as the min replicated index is 4. Deletion is not allowed in this container yet.
2019-11-07 13:50:45,960 [BlockDeletingService#2] WARN  background.BlockDeletingService (BlockDeletingService.java:isDeletionAllowed(187)) - Close Container log Index 6 is not replicated across allthe servers in the pipeline 19060351-f974-4d09-a844-5efa7c96aeb4 as the min replicated index is 4. Deletion is not allowed in this container yet.
2019-11-07 13:50:46,078 [EventQueue-ContainerReportForContainerReportHandler] WARN  container.ContainerReportHandler (AbstractContainerReportHandler.java:updateContainerState(145)) - Container #1 is in OPEN state, but the datanode 71a86a4d-23f3-4eb4-8ea5-d143fc2c84ef{ip: 192.168.34.59, host: pr-hdds-2329-pipelines-xb8hx-2504970213, networkLocation: /default-rack, certSerialId: null} reports an CLOSED replica.
2019-11-07 13:50:46,299 [EventQueue-ContainerReportForContainerReportHandler] WARN  container.ContainerReportHandler (AbstractContainerReportHandler.java:updateContainerState(145)) - Container #1 is in OPEN state, but the datanode c4d74ea5-4e51-490d-ae77-7f64a80784ec{ip: 192.168.34.59, host: pr-hdds-2329-pipelines-xb8hx-2504970213, networkLocation: /default-rack, certSerialId: null} reports an CLOSED replica.
2019-11-07 13:50:46,315 [java.util.concurrent.ThreadPoolExecutor$Worker@f89c058[State = -1, empty queue]] WARN  server.GrpcLogAppender (GrpcLogAppender.java:timeoutAppendRequest(209)) - 71a86a4d-23f3-4eb4-8ea5-d143fc2c84ef@group-5EFA7C96AEB4->5995e050-5950-4b38-8270-33206f256198-GrpcLogAppender: appendEntries Timeout, request=71a86a4d-23f3-4eb4-8ea5-d143fc2c84ef->5995e050-5950-4b38-8270-33206f256198#26-t2, previous=(t:2, i:10), leaderCommit=10, initializing? false, entries: <empty>
2019-11-07 13:50:46,479 [EventQueue-ContainerReportForContainerReportHandler] WARN  container.ContainerReportHandler (AbstractContainerReportHandler.java:updateContainerState(145)) - Container #1 is in OPEN state, but the datanode 71a86a4d-23f3-4eb4-8ea5-d143fc2c84ef{ip: 192.168.34.59, host: pr-hdds-2329-pipelines-xb8hx-2504970213, networkLocation: /default-rack, certSerialId: null} reports an CLOSED replica.
2019-11-07 13:50:46,499 [EventQueue-ContainerReportForContainerReportHandler] WARN  container.ContainerReportHandler (AbstractContainerReportHandler.java:updateContainerState(145)) - Container #1 is in OPEN state, but the datanode c4d74ea5-4e51-490d-ae77-7f64a80784ec{ip: 192.168.34.59, host: pr-hdds-2329-pipelines-xb8hx-2504970213, networkLocation: /default-rack, certSerialId: null} reports an CLOSED replica.
2019-11-07 13:50:46,679 [EventQueue-ContainerReportForContainerReportHandler] WARN  container.ContainerReportHandler (AbstractContainerReportHandler.java:updateContainerState(145)) - Container #1 is in OPEN state, but the datanode 71a86a4d-23f3-4eb4-8ea5-d143fc2c84ef{ip: 192.168.34.59, host: pr-hdds-2329-pipelines-xb8hx-2504970213, networkLocation: /default-rack, certSerialId: null} reports an CLOSED replica.
2019-11-07 13:50:46,799 [EventQueue-ContainerReportForContainerReportHandler] WARN  container.ContainerReportHandler (AbstractContainerReportHandler.java:updateContainerState(145)) - Container #1 is in OPEN state, but the datanode c4d74ea5-4e51-490d-ae77-7f64a80784ec{ip: 192.168.34.59, host: pr-hdds-2329-pipelines-xb8hx-2504970213, networkLocation: /default-rack, certSerialId: null} reports an CLOSED replica.
2019-11-07 13:50:46,963 [BlockDeletingService#2] WARN  background.BlockDeletingService (BlockDeletingService.java:isDeletionAllowed(187)) - Close Container log Index 6 is not replicated across allthe servers in the pipeline 19060351-f974-4d09-a844-5efa7c96aeb4 as the min replicated index is 4. Deletion is not allowed in this container yet.
2019-11-07 13:50:46,963 [BlockDeletingService#7] WARN  background.BlockDeletingService (BlockDeletingService.java:isDeletionAllowed(187)) - Close Container log Index 6 is not replicated across allthe servers in the pipeline 19060351-f974-4d09-a844-5efa7c96aeb4 as the min replicated index is 4. Deletion is not allowed in this container yet.
2019-11-07 13:50:46,999 [EventQueue-ContainerReportForContainerReportHandler] WARN  container.ContainerReportHandler (AbstractContainerReportHandler.java:updateContainerState(145)) - Container #1 is in OPEN state, but the datanode c4d74ea5-4e51-490d-ae77-7f64a80784ec{ip: 192.168.34.59, host: pr-hdds-2329-pipelines-xb8hx-2504970213, networkLocation: /default-rack, certSerialId: null} reports an CLOSED replica.
2019-11-07 13:50:47,079 [EventQueue-ContainerReportForContainerReportHandler] WARN  container.ContainerReportHandler (AbstractContainerReportHandler.java:updateContainerState(145)) - Container #1 is in OPEN state, but the datanode 71a86a4d-23f3-4eb4-8ea5-d143fc2c84ef{ip: 192.168.34.59, host: pr-hdds-2329-pipelines-xb8hx-2504970213, networkLocation: /default-rack, certSerialId: null} reports an CLOSED replica.
2019-11-07 13:50:47,200 [EventQueue-ContainerReportForContainerReportHandler] WARN  container.ContainerReportHandler (AbstractContainerReportHandler.java:updateContainerState(145)) - Container #1 is in OPEN state, but the datanode c4d74ea5-4e51-490d-ae77-7f64a80784ec{ip: 192.168.34.59, host: pr-hdds-2329-pipelines-xb8hx-2504970213, networkLocation: /default-rack, certSerialId: null} reports an CLOSED replica.
2019-11-07 13:50:47,379 [EventQueue-ContainerReportForContainerReportHandler] WARN  container.ContainerReportHandler (AbstractContainerReportHandler.java:updateContainerState(145)) - Container #1 is in OPEN state, but the datanode 71a86a4d-23f3-4eb4-8ea5-d143fc2c84ef{ip: 192.168.34.59, host: pr-hdds-2329-pipelines-xb8hx-2504970213, networkLocation: /default-rack, certSerialId: null} reports an CLOSED replica.
2019-11-07 13:50:47,499 [EventQueue-ContainerReportForContainerReportHandler] WARN  container.ContainerReportHandler (AbstractContainerReportHandler.java:updateContainerState(145)) - Container #1 is in OPEN state, but the datanode c4d74ea5-4e51-490d-ae77-7f64a80784ec{ip: 192.168.34.59, host: pr-hdds-2329-pipelines-xb8hx-2504970213, networkLocation: /default-rack, certSerialId: null} reports an CLOSED replica.
2019-11-07 13:50:47,680 [EventQueue-ContainerReportForContainerReportHandler] WARN  container.ContainerReportHandler (AbstractContainerReportHandler.java:updateContainerState(145)) - Container #1 is in OPEN state, but the datanode 71a86a4d-23f3-4eb4-8ea5-d143fc2c84ef{ip: 192.168.34.59, host: pr-hdds-2329-pipelines-xb8hx-2504970213, networkLocation: /default-rack, certSerialId: null} reports an CLOSED replica.
2019-11-07 13:50:47,755 [Thread-370] INFO  client.GrpcClientProtocolService (GrpcClientProtocolService.java:lambda$processClientRequest$0(279)) - Failed RaftClientRequest:client-0F90B2C4DA5A->71a86a4d-23f3-4eb4-8ea5-d143fc2c84ef@group-5EFA7C96AEB4, cid=10, seq=0, Watch-ALL_COMMITTED(6), Message:<EMPTY>, reply=RaftClientReply:client-0F90B2C4DA5A->71a86a4d-23f3-4eb4-8ea5-d143fc2c84ef@group-5EFA7C96AEB4, cid=10, FAILED org.apache.ratis.protocol.NotReplicatedException: Request with call Id 10 and log index 6 is not yet replicated to ALL_COMMITTED, logIndex=6, commits[71a86a4d-23f3-4eb4-8ea5-d143fc2c84ef:c10, c4d74ea5-4e51-490d-ae77-7f64a80784ec:c10, 5995e050-5950-4b38-8270-33206f256198:c4]
2019-11-07 13:50:47,799 [EventQueue-ContainerReportForContainerReportHandler] WARN  container.ContainerReportHandler (AbstractContainerReportHandler.java:updateContainerState(145)) - Container #1 is in OPEN state, but the datanode c4d74ea5-4e51-490d-ae77-7f64a80784ec{ip: 192.168.34.59, host: pr-hdds-2329-pipelines-xb8hx-2504970213, networkLocation: /default-rack, certSerialId: null} reports an CLOSED replica.
2019-11-07 13:50:47,964 [BlockDeletingService#2] WARN  background.BlockDeletingService (BlockDeletingService.java:isDeletionAllowed(187)) - Close Container log Index 6 is not replicated across allthe servers in the pipeline 19060351-f974-4d09-a844-5efa7c96aeb4 as the min replicated index is 4. Deletion is not allowed in this container yet.
2019-11-07 13:50:47,966 [BlockDeletingService#7] WARN  background.BlockDeletingService (BlockDeletingService.java:isDeletionAllowed(187)) - Close Container log Index 6 is not replicated across allthe servers in the pipeline 19060351-f974-4d09-a844-5efa7c96aeb4 as the min replicated index is 4. Deletion is not allowed in this container yet.
2019-11-07 13:50:48,080 [EventQueue-ContainerReportForContainerReportHandler] WARN  container.ContainerReportHandler (AbstractContainerReportHandler.java:updateContainerState(145)) - Container #1 is in OPEN state, but the datanode 71a86a4d-23f3-4eb4-8ea5-d143fc2c84ef{ip: 192.168.34.59, host: pr-hdds-2329-pipelines-xb8hx-2504970213, networkLocation: /default-rack, certSerialId: null} reports an CLOSED replica.
2019-11-07 13:50:48,099 [EventQueue-ContainerReportForContainerReportHandler] WARN  container.ContainerReportHandler (AbstractContainerReportHandler.java:updateContainerState(145)) - Container #1 is in OPEN state, but the datanode c4d74ea5-4e51-490d-ae77-7f64a80784ec{ip: 192.168.34.59, host: pr-hdds-2329-pipelines-xb8hx-2504970213, networkLocation: /default-rack, certSerialId: null} reports an CLOSED replica.
2019-11-07 13:50:48,280 [EventQueue-ContainerReportForContainerReportHandler] WARN  container.ContainerReportHandler (AbstractContainerReportHandler.java:updateContainerState(145)) - Container #1 is in OPEN state, but the datanode 71a86a4d-23f3-4eb4-8ea5-d143fc2c84ef{ip: 192.168.34.59, host: pr-hdds-2329-pipelines-xb8hx-2504970213, networkLocation: /default-rack, certSerialId: null} reports an CLOSED replica.
2019-11-07 13:50:48,501 [EventQueue-ContainerReportForContainerReportHandler] WARN  container.ContainerReportHandler (AbstractContainerReportHandler.java:updateContainerState(145)) - Container #1 is in OPEN state, but the datanode c4d74ea5-4e51-490d-ae77-7f64a80784ec{ip: 192.168.34.59, host: pr-hdds-2329-pipelines-xb8hx-2504970213, networkLocation: /default-rack, certSerialId: null} reports an CLOSED replica.
2019-11-07 13:50:48,580 [EventQueue-ContainerReportForContainerReportHandler] WARN  container.ContainerReportHandler (AbstractContainerReportHandler.java:updateContainerState(145)) - Container #1 is in OPEN state, but the datanode 71a86a4d-23f3-4eb4-8ea5-d143fc2c84ef{ip: 192.168.34.59, host: pr-hdds-2329-pipelines-xb8hx-2504970213, networkLocation: /default-rack, certSerialId: null} reports an CLOSED replica.
2019-11-07 13:50:48,802 [EventQueue-ContainerReportForContainerReportHandler] WARN  container.ContainerReportHandler (AbstractContainerReportHandler.java:updateContainerState(145)) - Container #1 is in OPEN state, but the datanode c4d74ea5-4e51-490d-ae77-7f64a80784ec{ip: 192.168.34.59, host: pr-hdds-2329-pipelines-xb8hx-2504970213, networkLocation: /default-rack, certSerialId: null} reports an CLOSED replica.
2019-11-07 13:50:48,816 [java.util.concurrent.ThreadPoolExecutor$Worker@f89c058[State = -1, empty queue]] WARN  server.GrpcLogAppender (GrpcLogAppender.java:timeoutAppendRequest(209)) - 71a86a4d-23f3-4eb4-8ea5-d143fc2c84ef@group-5EFA7C96AEB4->5995e050-5950-4b38-8270-33206f256198-GrpcLogAppender: appendEntries Timeout, request=71a86a4d-23f3-4eb4-8ea5-d143fc2c84ef->5995e050-5950-4b38-8270-33206f256198#27-t2, previous=(t:2, i:10), leaderCommit=10, initializing? false, entries: <empty>
2019-11-07 13:50:48,967 [BlockDeletingService#2] WARN  background.BlockDeletingService (BlockDeletingService.java:isDeletionAllowed(187)) - Close Container log Index 6 is not replicated across allthe servers in the pipeline 19060351-f974-4d09-a844-5efa7c96aeb4 as the min replicated index is 4. Deletion is not allowed in this container yet.
2019-11-07 13:50:48,967 [BlockDeletingService#7] WARN  background.BlockDeletingService (BlockDeletingService.java:isDeletionAllowed(187)) - Close Container log Index 6 is not replicated across allthe servers in the pipeline 19060351-f974-4d09-a844-5efa7c96aeb4 as the min replicated index is 4. Deletion is not allowed in this container yet.
2019-11-07 13:50:48,981 [EventQueue-ContainerReportForContainerReportHandler] WARN  container.ContainerReportHandler (AbstractContainerReportHandler.java:updateContainerState(145)) - Container #1 is in OPEN state, but the datanode 71a86a4d-23f3-4eb4-8ea5-d143fc2c84ef{ip: 192.168.34.59, host: pr-hdds-2329-pipelines-xb8hx-2504970213, networkLocation: /default-rack, certSerialId: null} reports an CLOSED replica.
2019-11-07 13:50:49,104 [EventQueue-ContainerReportForContainerReportHandler] WARN  container.ContainerReportHandler (AbstractContainerReportHandler.java:updateContainerState(145)) - Container #1 is in OPEN state, but the datanode c4d74ea5-4e51-490d-ae77-7f64a80784ec{ip: 192.168.34.59, host: pr-hdds-2329-pipelines-xb8hx-2504970213, networkLocation: /default-rack, certSerialId: null} reports an CLOSED replica.
2019-11-07 13:50:49,304 [EventQueue-ContainerReportForContainerReportHandler] WARN  container.ContainerReportHandler (AbstractContainerReportHandler.java:updateContainerState(145)) - Container #1 is in OPEN state, but the datanode c4d74ea5-4e51-490d-ae77-7f64a80784ec{ip: 192.168.34.59, host: pr-hdds-2329-pipelines-xb8hx-2504970213, networkLocation: /default-rack, certSerialId: null} reports an CLOSED replica.
2019-11-07 13:50:49,381 [EventQueue-ContainerReportForContainerReportHandler] WARN  container.ContainerReportHandler (AbstractContainerReportHandler.java:updateContainerState(145)) - Container #1 is in OPEN state, but the datanode 71a86a4d-23f3-4eb4-8ea5-d143fc2c84ef{ip: 192.168.34.59, host: pr-hdds-2329-pipelines-xb8hx-2504970213, networkLocation: /default-rack, certSerialId: null} reports an CLOSED replica.
2019-11-07 13:50:49,505 [EventQueue-ContainerReportForContainerReportHandler] WARN  container.ContainerReportHandler (AbstractContainerReportHandler.java:updateContainerState(145)) - Container #1 is in OPEN state, but the datanode c4d74ea5-4e51-490d-ae77-7f64a80784ec{ip: 192.168.34.59, host: pr-hdds-2329-pipelines-xb8hx-2504970213, networkLocation: /default-rack, certSerialId: null} reports an CLOSED replica.
2019-11-07 13:50:49,581 [EventQueue-ContainerReportForContainerReportHandler] WARN  container.ContainerReportHandler (AbstractContainerReportHandler.java:updateContainerState(145)) - Container #1 is in OPEN state, but the datanode 71a86a4d-23f3-4eb4-8ea5-d143fc2c84ef{ip: 192.168.34.59, host: pr-hdds-2329-pipelines-xb8hx-2504970213, networkLocation: /default-rack, certSerialId: null} reports an CLOSED replica.
2019-11-07 13:50:49,904 [EventQueue-ContainerReportForContainerReportHandler] WARN  container.ContainerReportHandler (AbstractContainerReportHandler.java:updateContainerState(145)) - Container #1 is in OPEN state, but the datanode c4d74ea5-4e51-490d-ae77-7f64a80784ec{ip: 192.168.34.59, host: pr-hdds-2329-pipelines-xb8hx-2504970213, networkLocation: /default-rack, certSerialId: null} reports an CLOSED replica.
2019-11-07 13:50:49,969 [BlockDeletingService#7] WARN  background.BlockDeletingService (BlockDeletingService.java:isDeletionAllowed(187)) - Close Container log Index 6 is not replicated across allthe servers in the pipeline 19060351-f974-4d09-a844-5efa7c96aeb4 as the min replicated index is 4. Deletion is not allowed in this container yet.
2019-11-07 13:50:49,969 [BlockDeletingService#2] WARN  background.BlockDeletingService (BlockDeletingService.java:isDeletionAllowed(187)) - Close Container log Index 6 is not replicated across allthe servers in the pipeline 19060351-f974-4d09-a844-5efa7c96aeb4 as the min replicated index is 4. Deletion is not allowed in this container yet.
2019-11-07 13:50:49,981 [EventQueue-ContainerReportForContainerReportHandler] WARN  container.ContainerReportHandler (AbstractContainerReportHandler.java:updateContainerState(145)) - Container #1 is in OPEN state, but the datanode 71a86a4d-23f3-4eb4-8ea5-d143fc2c84ef{ip: 192.168.34.59, host: pr-hdds-2329-pipelines-xb8hx-2504970213, networkLocation: /default-rack, certSerialId: null} reports an CLOSED replica.
2019-11-07 13:50:50,104 [EventQueue-ContainerReportForContainerReportHandler] WARN  container.ContainerReportHandler (AbstractContainerReportHandler.java:updateContainerState(145)) - Container #1 is in OPEN state, but the datanode c4d74ea5-4e51-490d-ae77-7f64a80784ec{ip: 192.168.34.59, host: pr-hdds-2329-pipelines-xb8hx-2504970213, networkLocation: /default-rack, certSerialId: null} reports an CLOSED replica.
2019-11-07 13:50:50,182 [EventQueue-ContainerReportForContainerReportHandler] WARN  container.ContainerReportHandler (AbstractContainerReportHandler.java:updateContainerState(145)) - Container #1 is in OPEN state, but the datanode 71a86a4d-23f3-4eb4-8ea5-d143fc2c84ef{ip: 192.168.34.59, host: pr-hdds-2329-pipelines-xb8hx-2504970213, networkLocation: /default-rack, certSerialId: null} reports an CLOSED replica.
2019-11-07 13:50:50,382 [EventQueue-ContainerReportForContainerReportHandler] WARN  container.ContainerReportHandler (AbstractContainerReportHandler.java:updateContainerState(145)) - Container #1 is in OPEN state, but the datanode 71a86a4d-23f3-4eb4-8ea5-d143fc2c84ef{ip: 192.168.34.59, host: pr-hdds-2329-pipelines-xb8hx-2504970213, networkLocation: /default-rack, certSerialId: null} reports an CLOSED replica.
2019-11-07 13:50:50,404 [EventQueue-ContainerReportForContainerReportHandler] WARN  container.ContainerReportHandler (AbstractContainerReportHandler.java:updateContainerState(145)) - Container #1 is in OPEN state, but the datanode c4d74ea5-4e51-490d-ae77-7f64a80784ec{ip: 192.168.34.59, host: pr-hdds-2329-pipelines-xb8hx-2504970213, networkLocation: /default-rack, certSerialId: null} reports an CLOSED replica.
2019-11-07 13:50:50,782 [EventQueue-ContainerReportForContainerReportHandler] WARN  container.ContainerReportHandler (AbstractContainerReportHandler.java:updateContainerState(145)) - Container #1 is in OPEN state, but the datanode 71a86a4d-23f3-4eb4-8ea5-d143fc2c84ef{ip: 192.168.34.59, host: pr-hdds-2329-pipelines-xb8hx-2504970213, networkLocation: /default-rack, certSerialId: null} reports an CLOSED replica.
2019-11-07 13:50:50,804 [EventQueue-ContainerReportForContainerReportHandler] WARN  container.ContainerReportHandler (AbstractContainerReportHandler.java:updateContainerState(145)) - Container #1 is in OPEN state, but the datanode c4d74ea5-4e51-490d-ae77-7f64a80784ec{ip: 192.168.34.59, host: pr-hdds-2329-pipelines-xb8hx-2504970213, networkLocation: /default-rack, certSerialId: null} reports an CLOSED replica.
2019-11-07 13:50:50,970 [BlockDeletingService#7] WARN  background.BlockDeletingService (BlockDeletingService.java:isDeletionAllowed(187)) - Close Container log Index 6 is not replicated across allthe servers in the pipeline 19060351-f974-4d09-a844-5efa7c96aeb4 as the min replicated index is 4. Deletion is not allowed in this container yet.
2019-11-07 13:50:50,970 [BlockDeletingService#2] WARN  background.BlockDeletingService (BlockDeletingService.java:isDeletionAllowed(187)) - Close Container log Index 6 is not replicated across allthe servers in the pipeline 19060351-f974-4d09-a844-5efa7c96aeb4 as the min replicated index is 4. Deletion is not allowed in this container yet.
2019-11-07 13:50:51,006 [EventQueue-ContainerReportForContainerReportHandler] WARN  container.ContainerReportHandler (AbstractContainerReportHandler.java:updateContainerState(145)) - Container #1 is in OPEN state, but the datanode c4d74ea5-4e51-490d-ae77-7f64a80784ec{ip: 192.168.34.59, host: pr-hdds-2329-pipelines-xb8hx-2504970213, networkLocation: /default-rack, certSerialId: null} reports an CLOSED replica.
2019-11-07 13:50:51,082 [EventQueue-ContainerReportForContainerReportHandler] WARN  container.ContainerReportHandler (AbstractContainerReportHandler.java:updateContainerState(145)) - Container #1 is in OPEN state, but the datanode 71a86a4d-23f3-4eb4-8ea5-d143fc2c84ef{ip: 192.168.34.59, host: pr-hdds-2329-pipelines-xb8hx-2504970213, networkLocation: /default-rack, certSerialId: null} reports an CLOSED replica.
2019-11-07 13:50:51,304 [EventQueue-ContainerReportForContainerReportHandler] WARN  container.ContainerReportHandler (AbstractContainerReportHandler.java:updateContainerState(145)) - Container #1 is in OPEN state, but the datanode c4d74ea5-4e51-490d-ae77-7f64a80784ec{ip: 192.168.34.59, host: pr-hdds-2329-pipelines-xb8hx-2504970213, networkLocation: /default-rack, certSerialId: null} reports an CLOSED replica.
2019-11-07 13:50:51,317 [java.util.concurrent.ThreadPoolExecutor$Worker@f89c058[State = -1, empty queue]] WARN  server.GrpcLogAppender (GrpcLogAppender.java:timeoutAppendRequest(209)) - 71a86a4d-23f3-4eb4-8ea5-d143fc2c84ef@group-5EFA7C96AEB4->5995e050-5950-4b38-8270-33206f256198-GrpcLogAppender: appendEntries Timeout, request=71a86a4d-23f3-4eb4-8ea5-d143fc2c84ef->5995e050-5950-4b38-8270-33206f256198#28-t2, previous=(t:2, i:10), leaderCommit=10, initializing? false, entries: <empty>
2019-11-07 13:50:51,382 [EventQueue-ContainerReportForContainerReportHandler] WARN  container.ContainerReportHandler (AbstractContainerReportHandler.java:updateContainerState(145)) - Container #1 is in OPEN state, but the datanode 71a86a4d-23f3-4eb4-8ea5-d143fc2c84ef{ip: 192.168.34.59, host: pr-hdds-2329-pipelines-xb8hx-2504970213, networkLocation: /default-rack, certSerialId: null} reports an CLOSED replica.
2019-11-07 13:50:51,506 [EventQueue-ContainerReportForContainerReportHandler] WARN  container.ContainerReportHandler (AbstractContainerReportHandler.java:updateContainerState(145)) - Container #1 is in OPEN state, but the datanode c4d74ea5-4e51-490d-ae77-7f64a80784ec{ip: 192.168.34.59, host: pr-hdds-2329-pipelines-xb8hx-2504970213, networkLocation: /default-rack, certSerialId: null} reports an CLOSED replica.
2019-11-07 13:50:51,683 [EventQueue-ContainerReportForContainerReportHandler] WARN  container.ContainerReportHandler (AbstractContainerReportHandler.java:updateContainerState(145)) - Container #1 is in OPEN state, but the datanode 71a86a4d-23f3-4eb4-8ea5-d143fc2c84ef{ip: 192.168.34.59, host: pr-hdds-2329-pipelines-xb8hx-2504970213, networkLocation: /default-rack, certSerialId: null} reports an CLOSED replica.
2019-11-07 13:50:51,806 [EventQueue-ContainerReportForContainerReportHandler] WARN  container.ContainerReportHandler (AbstractContainerReportHandler.java:updateContainerState(145)) - Container #1 is in OPEN state, but the datanode c4d74ea5-4e51-490d-ae77-7f64a80784ec{ip: 192.168.34.59, host: pr-hdds-2329-pipelines-xb8hx-2504970213, networkLocation: /default-rack, certSerialId: null} reports an CLOSED replica.
2019-11-07 13:50:51,973 [BlockDeletingService#7] WARN  background.BlockDeletingService (BlockDeletingService.java:isDeletionAllowed(187)) - Close Container log Index 6 is not replicated across allthe servers in the pipeline 19060351-f974-4d09-a844-5efa7c96aeb4 as the min replicated index is 4. Deletion is not allowed in this container yet.
2019-11-07 13:50:51,973 [BlockDeletingService#2] WARN  background.BlockDeletingService (BlockDeletingService.java:isDeletionAllowed(187)) - Close Container log Index 6 is not replicated across allthe servers in the pipeline 19060351-f974-4d09-a844-5efa7c96aeb4 as the min replicated index is 4. Deletion is not allowed in this container yet.
2019-11-07 13:50:52,083 [EventQueue-ContainerReportForContainerReportHandler] WARN  container.ContainerReportHandler (AbstractContainerReportHandler.java:updateContainerState(145)) - Container #1 is in OPEN state, but the datanode 71a86a4d-23f3-4eb4-8ea5-d143fc2c84ef{ip: 192.168.34.59, host: pr-hdds-2329-pipelines-xb8hx-2504970213, networkLocation: /default-rack, certSerialId: null} reports an CLOSED replica.
2019-11-07 13:50:52,105 [EventQueue-ContainerReportForContainerReportHandler] WARN  container.ContainerReportHandler (AbstractContainerReportHandler.java:updateContainerState(145)) - Container #1 is in OPEN state, but the datanode c4d74ea5-4e51-490d-ae77-7f64a80784ec{ip: 192.168.34.59, host: pr-hdds-2329-pipelines-xb8hx-2504970213, networkLocation: /default-rack, certSerialId: null} reports an CLOSED replica.
2019-11-07 13:50:52,306 [EventQueue-ContainerReportForContainerReportHandler] WARN  container.ContainerReportHandler (AbstractContainerReportHandler.java:updateContainerState(145)) - Container #1 is in OPEN state, but the datanode c4d74ea5-4e51-490d-ae77-7f64a80784ec{ip: 192.168.34.59, host: pr-hdds-2329-pipelines-xb8hx-2504970213, networkLocation: /default-rack, certSerialId: null} reports an CLOSED replica.
2019-11-07 13:50:52,384 [EventQueue-ContainerReportForContainerReportHandler] WARN  container.ContainerReportHandler (AbstractContainerReportHandler.java:updateContainerState(145)) - Container #1 is in OPEN state, but the datanode 71a86a4d-23f3-4eb4-8ea5-d143fc2c84ef{ip: 192.168.34.59, host: pr-hdds-2329-pipelines-xb8hx-2504970213, networkLocation: /default-rack, certSerialId: null} reports an CLOSED replica.
2019-11-07 13:50:52,705 [EventQueue-ContainerReportForContainerReportHandler] WARN  container.ContainerReportHandler (AbstractContainerReportHandler.java:updateContainerState(145)) - Container #1 is in OPEN state, but the datanode c4d74ea5-4e51-490d-ae77-7f64a80784ec{ip: 192.168.34.59, host: pr-hdds-2329-pipelines-xb8hx-2504970213, networkLocation: /default-rack, certSerialId: null} reports an CLOSED replica.
2019-11-07 13:50:52,784 [EventQueue-ContainerReportForContainerReportHandler] WARN  container.ContainerReportHandler (AbstractContainerReportHandler.java:updateContainerState(145)) - Container #1 is in OPEN state, but the datanode 71a86a4d-23f3-4eb4-8ea5-d143fc2c84ef{ip: 192.168.34.59, host: pr-hdds-2329-pipelines-xb8hx-2504970213, networkLocation: /default-rack, certSerialId: null} reports an CLOSED replica.
2019-11-07 13:50:52,976 [BlockDeletingService#2] WARN  background.BlockDeletingService (BlockDeletingService.java:isDeletionAllowed(187)) - Close Container log Index 6 is not replicated across allthe servers in the pipeline 19060351-f974-4d09-a844-5efa7c96aeb4 as the min replicated index is 4. Deletion is not allowed in this container yet.
2019-11-07 13:50:52,976 [BlockDeletingService#7] WARN  background.BlockDeletingService (BlockDeletingService.java:isDeletionAllowed(187)) - Close Container log Index 6 is not replicated across allthe servers in the pipeline 19060351-f974-4d09-a844-5efa7c96aeb4 as the min replicated index is 4. Deletion is not allowed in this container yet.
2019-11-07 13:50:53,005 [EventQueue-ContainerReportForContainerReportHandler] WARN  container.ContainerReportHandler (AbstractContainerReportHandler.java:updateContainerState(145)) - Container #1 is in OPEN state, but the datanode c4d74ea5-4e51-490d-ae77-7f64a80784ec{ip: 192.168.34.59, host: pr-hdds-2329-pipelines-xb8hx-2504970213, networkLocation: /default-rack, certSerialId: null} reports an CLOSED replica.
2019-11-07 13:50:53,085 [EventQueue-ContainerReportForContainerReportHandler] WARN  container.ContainerReportHandler (AbstractContainerReportHandler.java:updateContainerState(145)) - Container #1 is in OPEN state, but the datanode 71a86a4d-23f3-4eb4-8ea5-d143fc2c84ef{ip: 192.168.34.59, host: pr-hdds-2329-pipelines-xb8hx-2504970213, networkLocation: /default-rack, certSerialId: null} reports an CLOSED replica.
2019-11-07 13:50:53,205 [EventQueue-ContainerReportForContainerReportHandler] WARN  container.ContainerReportHandler (AbstractContainerReportHandler.java:updateContainerState(145)) - Container #1 is in OPEN state, but the datanode c4d74ea5-4e51-490d-ae77-7f64a80784ec{ip: 192.168.34.59, host: pr-hdds-2329-pipelines-xb8hx-2504970213, networkLocation: /default-rack, certSerialId: null} reports an CLOSED replica.
2019-11-07 13:50:53,385 [EventQueue-ContainerReportForContainerReportHandler] WARN  container.ContainerReportHandler (AbstractContainerReportHandler.java:updateContainerState(145)) - Container #1 is in OPEN state, but the datanode 71a86a4d-23f3-4eb4-8ea5-d143fc2c84ef{ip: 192.168.34.59, host: pr-hdds-2329-pipelines-xb8hx-2504970213, networkLocation: /default-rack, certSerialId: null} reports an CLOSED replica.
2019-11-07 13:50:53,405 [EventQueue-ContainerReportForContainerReportHandler] WARN  container.ContainerReportHandler (AbstractContainerReportHandler.java:updateContainerState(145)) - Container #1 is in OPEN state, but the datanode c4d74ea5-4e51-490d-ae77-7f64a80784ec{ip: 192.168.34.59, host: pr-hdds-2329-pipelines-xb8hx-2504970213, networkLocation: /default-rack, certSerialId: null} reports an CLOSED replica.
2019-11-07 13:50:53,686 [EventQueue-ContainerReportForContainerReportHandler] WARN  container.ContainerReportHandler (AbstractContainerReportHandler.java:updateContainerState(145)) - Container #1 is in OPEN state, but the datanode 71a86a4d-23f3-4eb4-8ea5-d143fc2c84ef{ip: 192.168.34.59, host: pr-hdds-2329-pipelines-xb8hx-2504970213, networkLocation: /default-rack, certSerialId: null} reports an CLOSED replica.
2019-11-07 13:50:53,809 [EventQueue-ContainerReportForContainerReportHandler] WARN  container.ContainerReportHandler (AbstractContainerReportHandler.java:updateContainerState(145)) - Container #1 is in OPEN state, but the datanode c4d74ea5-4e51-490d-ae77-7f64a80784ec{ip: 192.168.34.59, host: pr-hdds-2329-pipelines-xb8hx-2504970213, networkLocation: /default-rack, certSerialId: null} reports an CLOSED replica.
2019-11-07 13:50:53,818 [java.util.concurrent.ThreadPoolExecutor$Worker@f89c058[State = -1, empty queue]] WARN  server.GrpcLogAppender (GrpcLogAppender.java:timeoutAppendRequest(209)) - 71a86a4d-23f3-4eb4-8ea5-d143fc2c84ef@group-5EFA7C96AEB4->5995e050-5950-4b38-8270-33206f256198-GrpcLogAppender: appendEntries Timeout, request=71a86a4d-23f3-4eb4-8ea5-d143fc2c84ef->5995e050-5950-4b38-8270-33206f256198#29-t2, previous=(t:2, i:10), leaderCommit=10, initializing? false, entries: <empty>
2019-11-07 13:50:53,978 [BlockDeletingService#7] WARN  background.BlockDeletingService (BlockDeletingService.java:isDeletionAllowed(187)) - Close Container log Index 6 is not replicated across allthe servers in the pipeline 19060351-f974-4d09-a844-5efa7c96aeb4 as the min replicated index is 4. Deletion is not allowed in this container yet.
2019-11-07 13:50:53,978 [BlockDeletingService#2] WARN  background.BlockDeletingService (BlockDeletingService.java:isDeletionAllowed(187)) - Close Container log Index 6 is not replicated across allthe servers in the pipeline 19060351-f974-4d09-a844-5efa7c96aeb4 as the min replicated index is 4. Deletion is not allowed in this container yet.
2019-11-07 13:50:53,986 [EventQueue-ContainerReportForContainerReportHandler] WARN  container.ContainerReportHandler (AbstractContainerReportHandler.java:updateContainerState(145)) - Container #1 is in OPEN state, but the datanode 71a86a4d-23f3-4eb4-8ea5-d143fc2c84ef{ip: 192.168.34.59, host: pr-hdds-2329-pipelines-xb8hx-2504970213, networkLocation: /default-rack, certSerialId: null} reports an CLOSED replica.
2019-11-07 13:50:54,106 [EventQueue-ContainerReportForContainerReportHandler] WARN  container.ContainerReportHandler (AbstractContainerReportHandler.java:updateContainerState(145)) - Container #1 is in OPEN state, but the datanode c4d74ea5-4e51-490d-ae77-7f64a80784ec{ip: 192.168.34.59, host: pr-hdds-2329-pipelines-xb8hx-2504970213, networkLocation: /default-rack, certSerialId: null} reports an CLOSED replica.
2019-11-07 13:50:54,306 [EventQueue-ContainerReportForContainerReportHandler] WARN  container.ContainerReportHandler (AbstractContainerReportHandler.java:updateContainerState(145)) - Container #1 is in OPEN state, but the datanode c4d74ea5-4e51-490d-ae77-7f64a80784ec{ip: 192.168.34.59, host: pr-hdds-2329-pipelines-xb8hx-2504970213, networkLocation: /default-rack, certSerialId: null} reports an CLOSED replica.
2019-11-07 13:50:54,386 [EventQueue-ContainerReportForContainerReportHandler] WARN  container.ContainerReportHandler (AbstractContainerReportHandler.java:updateContainerState(145)) - Container #1 is in OPEN state, but the datanode 71a86a4d-23f3-4eb4-8ea5-d143fc2c84ef{ip: 192.168.34.59, host: pr-hdds-2329-pipelines-xb8hx-2504970213, networkLocation: /default-rack, certSerialId: null} reports an CLOSED replica.
2019-11-07 13:50:54,508 [EventQueue-ContainerReportForContainerReportHandler] WARN  container.ContainerReportHandler (AbstractContainerReportHandler.java:updateContainerState(145)) - Container #1 is in OPEN state, but the datanode c4d74ea5-4e51-490d-ae77-7f64a80784ec{ip: 192.168.34.59, host: pr-hdds-2329-pipelines-xb8hx-2504970213, networkLocation: /default-rack, certSerialId: null} reports an CLOSED replica.
2019-11-07 13:50:54,687 [EventQueue-ContainerReportForContainerReportHandler] WARN  container.ContainerReportHandler (AbstractContainerReportHandler.java:updateContainerState(145)) - Container #1 is in OPEN state, but the datanode 71a86a4d-23f3-4eb4-8ea5-d143fc2c84ef{ip: 192.168.34.59, host: pr-hdds-2329-pipelines-xb8hx-2504970213, networkLocation: /default-rack, certSerialId: null} reports an CLOSED replica.
2019-11-07 13:50:54,809 [EventQueue-ContainerReportForContainerReportHandler] WARN  container.ContainerReportHandler (AbstractContainerReportHandler.java:updateContainerState(145)) - Container #1 is in OPEN state, but the datanode c4d74ea5-4e51-490d-ae77-7f64a80784ec{ip: 192.168.34.59, host: pr-hdds-2329-pipelines-xb8hx-2504970213, networkLocation: /default-rack, certSerialId: null} reports an CLOSED replica.
2019-11-07 13:50:54,980 [BlockDeletingService#7] WARN  background.BlockDeletingService (BlockDeletingService.java:isDeletionAllowed(187)) - Close Container log Index 6 is not replicated across allthe servers in the pipeline 19060351-f974-4d09-a844-5efa7c96aeb4 as the min replicated index is 4. Deletion is not allowed in this container yet.
2019-11-07 13:50:54,980 [BlockDeletingService#2] WARN  background.BlockDeletingService (BlockDeletingService.java:isDeletionAllowed(187)) - Close Container log Index 6 is not replicated across allthe servers in the pipeline 19060351-f974-4d09-a844-5efa7c96aeb4 as the min replicated index is 4. Deletion is not allowed in this container yet.
2019-11-07 13:50:54,986 [EventQueue-ContainerReportForContainerReportHandler] WARN  container.ContainerReportHandler (AbstractContainerReportHandler.java:updateContainerState(145)) - Container #1 is in OPEN state, but the datanode 71a86a4d-23f3-4eb4-8ea5-d143fc2c84ef{ip: 192.168.34.59, host: pr-hdds-2329-pipelines-xb8hx-2504970213, networkLocation: /default-rack, certSerialId: null} reports an CLOSED replica.
2019-11-07 13:50:55,011 [EventQueue-ContainerReportForContainerReportHandler] WARN  container.ContainerReportHandler (AbstractContainerReportHandler.java:updateContainerState(145)) - Container #1 is in OPEN state, but the datanode c4d74ea5-4e51-490d-ae77-7f64a80784ec{ip: 192.168.34.59, host: pr-hdds-2329-pipelines-xb8hx-2504970213, networkLocation: /default-rack, certSerialId: null} reports an CLOSED replica.
2019-11-07 13:50:55,387 [EventQueue-ContainerReportForContainerReportHandler] WARN  container.ContainerReportHandler (AbstractContainerReportHandler.java:updateContainerState(145)) - Container #1 is in OPEN state, but the datanode 71a86a4d-23f3-4eb4-8ea5-d143fc2c84ef{ip: 192.168.34.59, host: pr-hdds-2329-pipelines-xb8hx-2504970213, networkLocation: /default-rack, certSerialId: null} reports an CLOSED replica.
2019-11-07 13:50:55,408 [EventQueue-ContainerReportForContainerReportHandler] WARN  container.ContainerReportHandler (AbstractContainerReportHandler.java:updateContainerState(145)) - Container #1 is in OPEN state, but the datanode c4d74ea5-4e51-490d-ae77-7f64a80784ec{ip: 192.168.34.59, host: pr-hdds-2329-pipelines-xb8hx-2504970213, networkLocation: /default-rack, certSerialId: null} reports an CLOSED replica.
2019-11-07 13:50:55,588 [EventQueue-ContainerReportForContainerReportHandler] WARN  container.ContainerReportHandler (AbstractContainerReportHandler.java:updateContainerState(145)) - Container #1 is in OPEN state, but the datanode 71a86a4d-23f3-4eb4-8ea5-d143fc2c84ef{ip: 192.168.34.59, host: pr-hdds-2329-pipelines-xb8hx-2504970213, networkLocation: /default-rack, certSerialId: null} reports an CLOSED replica.
2019-11-07 13:50:55,708 [EventQueue-ContainerReportForContainerReportHandler] WARN  container.ContainerReportHandler (AbstractContainerReportHandler.java:updateContainerState(145)) - Container #1 is in OPEN state, but the datanode c4d74ea5-4e51-490d-ae77-7f64a80784ec{ip: 192.168.34.59, host: pr-hdds-2329-pipelines-xb8hx-2504970213, networkLocation: /default-rack, certSerialId: null} reports an CLOSED replica.
2019-11-07 13:50:55,808 [Thread-395] INFO  client.GrpcClientProtocolService (GrpcClientProtocolService.java:lambda$processClientRequest$0(279)) - Failed RaftClientRequest:client-0F90B2C4DA5A->c4d74ea5-4e51-490d-ae77-7f64a80784ec@group-5EFA7C96AEB4, cid=10, seq=0, Watch-ALL_COMMITTED(6), Message:<EMPTY>, reply=RaftClientReply:client-0F90B2C4DA5A->c4d74ea5-4e51-490d-ae77-7f64a80784ec@group-5EFA7C96AEB4, cid=10, FAILED org.apache.ratis.protocol.NotLeaderException: Server c4d74ea5-4e51-490d-ae77-7f64a80784ec@group-5EFA7C96AEB4 is not the leader 71a86a4d-23f3-4eb4-8ea5-d143fc2c84ef:192.168.34.59:36384, logIndex=0, commits[c4d74ea5-4e51-490d-ae77-7f64a80784ec:c10, 71a86a4d-23f3-4eb4-8ea5-d143fc2c84ef:c10, 5995e050-5950-4b38-8270-33206f256198:c4]
2019-11-07 13:50:55,983 [BlockDeletingService#2] WARN  background.BlockDeletingService (BlockDeletingService.java:isDeletionAllowed(187)) - Close Container log Index 6 is not replicated across allthe servers in the pipeline 19060351-f974-4d09-a844-5efa7c96aeb4 as the min replicated index is 4. Deletion is not allowed in this container yet.
2019-11-07 13:50:55,983 [BlockDeletingService#7] WARN  background.BlockDeletingService (BlockDeletingService.java:isDeletionAllowed(187)) - Close Container log Index 6 is not replicated across allthe servers in the pipeline 19060351-f974-4d09-a844-5efa7c96aeb4 as the min replicated index is 4. Deletion is not allowed in this container yet.
2019-11-07 13:50:55,987 [EventQueue-ContainerReportForContainerReportHandler] WARN  container.ContainerReportHandler (AbstractContainerReportHandler.java:updateContainerState(145)) - Container #1 is in OPEN state, but the datanode 71a86a4d-23f3-4eb4-8ea5-d143fc2c84ef{ip: 192.168.34.59, host: pr-hdds-2329-pipelines-xb8hx-2504970213, networkLocation: /default-rack, certSerialId: null} reports an CLOSED replica.
2019-11-07 13:50:56,008 [EventQueue-ContainerReportForContainerReportHandler] WARN  container.ContainerReportHandler (AbstractContainerReportHandler.java:updateContainerState(145)) - Container #1 is in OPEN state, but the datanode c4d74ea5-4e51-490d-ae77-7f64a80784ec{ip: 192.168.34.59, host: pr-hdds-2329-pipelines-xb8hx-2504970213, networkLocation: /default-rack, certSerialId: null} reports an CLOSED replica.
2019-11-07 13:50:56,287 [EventQueue-ContainerReportForContainerReportHandler] WARN  container.ContainerReportHandler (AbstractContainerReportHandler.java:updateContainerState(145)) - Container #1 is in OPEN state, but the datanode 71a86a4d-23f3-4eb4-8ea5-d143fc2c84ef{ip: 192.168.34.59, host: pr-hdds-2329-pipelines-xb8hx-2504970213, networkLocation: /default-rack, certSerialId: null} reports an CLOSED replica.
2019-11-07 13:50:56,310 [EventQueue-ContainerReportForContainerReportHandler] WARN  container.ContainerReportHandler (AbstractContainerReportHandler.java:updateContainerState(145)) - Container #1 is in OPEN state, but the datanode c4d74ea5-4e51-490d-ae77-7f64a80784ec{ip: 192.168.34.59, host: pr-hdds-2329-pipelines-xb8hx-2504970213, networkLocation: /default-rack, certSerialId: null} reports an CLOSED replica.
2019-11-07 13:50:56,320 [java.util.concurrent.ThreadPoolExecutor$Worker@f89c058[State = -1, empty queue]] WARN  server.GrpcLogAppender (GrpcLogAppender.java:timeoutAppendRequest(209)) - 71a86a4d-23f3-4eb4-8ea5-d143fc2c84ef@group-5EFA7C96AEB4->5995e050-5950-4b38-8270-33206f256198-GrpcLogAppender: appendEntries Timeout, request=71a86a4d-23f3-4eb4-8ea5-d143fc2c84ef->5995e050-5950-4b38-8270-33206f256198#30-t2, previous=(t:2, i:10), leaderCommit=10, initializing? false, entries: <empty>
2019-11-07 13:50:56,589 [EventQueue-ContainerReportForContainerReportHandler] WARN  container.ContainerReportHandler (AbstractContainerReportHandler.java:updateContainerState(145)) - Container #1 is in OPEN state, but the datanode 71a86a4d-23f3-4eb4-8ea5-d143fc2c84ef{ip: 192.168.34.59, host: pr-hdds-2329-pipelines-xb8hx-2504970213, networkLocation: /default-rack, certSerialId: null} reports an CLOSED replica.
2019-11-07 13:50:56,709 [EventQueue-ContainerReportForContainerReportHandler] WARN  container.ContainerReportHandler (AbstractContainerReportHandler.java:updateContainerState(145)) - Container #1 is in OPEN state, but the datanode c4d74ea5-4e51-490d-ae77-7f64a80784ec{ip: 192.168.34.59, host: pr-hdds-2329-pipelines-xb8hx-2504970213, networkLocation: /default-rack, certSerialId: null} reports an CLOSED replica.
2019-11-07 13:50:56,756 [Thread-401] INFO  client.GrpcClientProtocolService (GrpcClientProtocolService.java:lambda$processClientRequest$0(279)) - Failed RaftClientRequest:client-0F90B2C4DA5A->71a86a4d-23f3-4eb4-8ea5-d143fc2c84ef@group-5EFA7C96AEB4, cid=10, seq=0, Watch-ALL_COMMITTED(6), Message:<EMPTY>, reply=RaftClientReply:client-0F90B2C4DA5A->71a86a4d-23f3-4eb4-8ea5-d143fc2c84ef@group-5EFA7C96AEB4, cid=10, FAILED org.apache.ratis.protocol.NotReplicatedException: Request with call Id 10 and log index 6 is not yet replicated to ALL_COMMITTED, logIndex=6, commits[71a86a4d-23f3-4eb4-8ea5-d143fc2c84ef:c10, c4d74ea5-4e51-490d-ae77-7f64a80784ec:c10, 5995e050-5950-4b38-8270-33206f256198:c4]
2019-11-07 13:50:56,892 [EventQueue-ContainerReportForContainerReportHandler] WARN  container.ContainerReportHandler (AbstractContainerReportHandler.java:updateContainerState(145)) - Container #1 is in OPEN state, but the datanode 71a86a4d-23f3-4eb4-8ea5-d143fc2c84ef{ip: 192.168.34.59, host: pr-hdds-2329-pipelines-xb8hx-2504970213, networkLocation: /default-rack, certSerialId: null} reports an CLOSED replica.
2019-11-07 13:50:56,911 [EventQueue-ContainerReportForContainerReportHandler] WARN  container.ContainerReportHandler (AbstractContainerReportHandler.java:updateContainerState(145)) - Container #1 is in OPEN state, but the datanode c4d74ea5-4e51-490d-ae77-7f64a80784ec{ip: 192.168.34.59, host: pr-hdds-2329-pipelines-xb8hx-2504970213, networkLocation: /default-rack, certSerialId: null} reports an CLOSED replica.
2019-11-07 13:50:56,986 [BlockDeletingService#2] WARN  background.BlockDeletingService (BlockDeletingService.java:isDeletionAllowed(187)) - Close Container log Index 6 is not replicated across allthe servers in the pipeline 19060351-f974-4d09-a844-5efa7c96aeb4 as the min replicated index is 4. Deletion is not allowed in this container yet.
2019-11-07 13:50:56,986 [BlockDeletingService#7] WARN  background.BlockDeletingService (BlockDeletingService.java:isDeletionAllowed(187)) - Close Container log Index 6 is not replicated across allthe servers in the pipeline 19060351-f974-4d09-a844-5efa7c96aeb4 as the min replicated index is 4. Deletion is not allowed in this container yet.
2019-11-07 13:50:57,111 [EventQueue-ContainerReportForContainerReportHandler] WARN  container.ContainerReportHandler (AbstractContainerReportHandler.java:updateContainerState(145)) - Container #1 is in OPEN state, but the datanode c4d74ea5-4e51-490d-ae77-7f64a80784ec{ip: 192.168.34.59, host: pr-hdds-2329-pipelines-xb8hx-2504970213, networkLocation: /default-rack, certSerialId: null} reports an CLOSED replica.
2019-11-07 13:50:57,192 [EventQueue-ContainerReportForContainerReportHandler] WARN  container.ContainerReportHandler (AbstractContainerReportHandler.java:updateContainerState(145)) - Container #1 is in OPEN state, but the datanode 71a86a4d-23f3-4eb4-8ea5-d143fc2c84ef{ip: 192.168.34.59, host: pr-hdds-2329-pipelines-xb8hx-2504970213, networkLocation: /default-rack, certSerialId: null} reports an CLOSED replica.
2019-11-07 13:50:57,491 [EventQueue-ContainerReportForContainerReportHandler] WARN  container.ContainerReportHandler (AbstractContainerReportHandler.java:updateContainerState(145)) - Container #1 is in OPEN state, but the datanode 71a86a4d-23f3-4eb4-8ea5-d143fc2c84ef{ip: 192.168.34.59, host: pr-hdds-2329-pipelines-xb8hx-2504970213, networkLocation: /default-rack, certSerialId: null} reports an CLOSED replica.
2019-11-07 13:50:57,511 [EventQueue-ContainerReportForContainerReportHandler] WARN  container.ContainerReportHandler (AbstractContainerReportHandler.java:updateContainerState(145)) - Container #1 is in OPEN state, but the datanode c4d74ea5-4e51-490d-ae77-7f64a80784ec{ip: 192.168.34.59, host: pr-hdds-2329-pipelines-xb8hx-2504970213, networkLocation: /default-rack, certSerialId: null} reports an CLOSED replica.
2019-11-07 13:50:57,792 [EventQueue-ContainerReportForContainerReportHandler] WARN  container.ContainerReportHandler (AbstractContainerReportHandler.java:updateContainerState(145)) - Container #1 is in OPEN state, but the datanode 71a86a4d-23f3-4eb4-8ea5-d143fc2c84ef{ip: 192.168.34.59, host: pr-hdds-2329-pipelines-xb8hx-2504970213, networkLocation: /default-rack, certSerialId: null} reports an CLOSED replica.
2019-11-07 13:50:57,811 [EventQueue-ContainerReportForContainerReportHandler] WARN  container.ContainerReportHandler (AbstractContainerReportHandler.java:updateContainerState(145)) - Container #1 is in OPEN state, but the datanode c4d74ea5-4e51-490d-ae77-7f64a80784ec{ip: 192.168.34.59, host: pr-hdds-2329-pipelines-xb8hx-2504970213, networkLocation: /default-rack, certSerialId: null} reports an CLOSED replica.
2019-11-07 13:50:57,992 [BlockDeletingService#2] WARN  background.BlockDeletingService (BlockDeletingService.java:isDeletionAllowed(187)) - Close Container log Index 6 is not replicated across allthe servers in the pipeline 19060351-f974-4d09-a844-5efa7c96aeb4 as the min replicated index is 4. Deletion is not allowed in this container yet.
2019-11-07 13:50:57,992 [BlockDeletingService#7] WARN  background.BlockDeletingService (BlockDeletingService.java:isDeletionAllowed(187)) - Close Container log Index 6 is not replicated across allthe servers in the pipeline 19060351-f974-4d09-a844-5efa7c96aeb4 as the min replicated index is 4. Deletion is not allowed in this container yet.
2019-11-07 13:50:58,093 [EventQueue-ContainerReportForContainerReportHandler] WARN  container.ContainerReportHandler (AbstractContainerReportHandler.java:updateContainerState(145)) - Container #1 is in OPEN state, but the datanode 71a86a4d-23f3-4eb4-8ea5-d143fc2c84ef{ip: 192.168.34.59, host: pr-hdds-2329-pipelines-xb8hx-2504970213, networkLocation: /default-rack, certSerialId: null} reports an CLOSED replica.
2019-11-07 13:50:58,213 [EventQueue-ContainerReportForContainerReportHandler] WARN  container.ContainerReportHandler (AbstractContainerReportHandler.java:updateContainerState(145)) - Container #1 is in OPEN state, but the datanode c4d74ea5-4e51-490d-ae77-7f64a80784ec{ip: 192.168.34.59, host: pr-hdds-2329-pipelines-xb8hx-2504970213, networkLocation: /default-rack, certSerialId: null} reports an CLOSED replica.
2019-11-07 13:50:58,493 [EventQueue-ContainerReportForContainerReportHandler] WARN  container.ContainerReportHandler (AbstractContainerReportHandler.java:updateContainerState(145)) - Container #1 is in OPEN state, but the datanode 71a86a4d-23f3-4eb4-8ea5-d143fc2c84ef{ip: 192.168.34.59, host: pr-hdds-2329-pipelines-xb8hx-2504970213, networkLocation: /default-rack, certSerialId: null} reports an CLOSED replica.
2019-11-07 13:50:58,512 [EventQueue-ContainerReportForContainerReportHandler] WARN  container.ContainerReportHandler (AbstractContainerReportHandler.java:updateContainerState(145)) - Container #1 is in OPEN state, but the datanode c4d74ea5-4e51-490d-ae77-7f64a80784ec{ip: 192.168.34.59, host: pr-hdds-2329-pipelines-xb8hx-2504970213, networkLocation: /default-rack, certSerialId: null} reports an CLOSED replica.
2019-11-07 13:50:58,695 [EventQueue-ContainerReportForContainerReportHandler] WARN  container.ContainerReportHandler (AbstractContainerReportHandler.java:updateContainerState(145)) - Container #1 is in OPEN state, but the datanode 71a86a4d-23f3-4eb4-8ea5-d143fc2c84ef{ip: 192.168.34.59, host: pr-hdds-2329-pipelines-xb8hx-2504970213, networkLocation: /default-rack, certSerialId: null} reports an CLOSED replica.
2019-11-07 13:50:58,814 [EventQueue-ContainerReportForContainerReportHandler] WARN  container.ContainerReportHandler (AbstractContainerReportHandler.java:updateContainerState(145)) - Container #1 is in OPEN state, but the datanode c4d74ea5-4e51-490d-ae77-7f64a80784ec{ip: 192.168.34.59, host: pr-hdds-2329-pipelines-xb8hx-2504970213, networkLocation: /default-rack, certSerialId: null} reports an CLOSED replica.
2019-11-07 13:50:58,824 [java.util.concurrent.ThreadPoolExecutor$Worker@f89c058[State = -1, empty queue]] WARN  server.GrpcLogAppender (GrpcLogAppender.java:timeoutAppendRequest(209)) - 71a86a4d-23f3-4eb4-8ea5-d143fc2c84ef@group-5EFA7C96AEB4->5995e050-5950-4b38-8270-33206f256198-GrpcLogAppender: appendEntries Timeout, request=71a86a4d-23f3-4eb4-8ea5-d143fc2c84ef->5995e050-5950-4b38-8270-33206f256198#31-t2, previous=(t:2, i:10), leaderCommit=10, initializing? false, entries: <empty>
2019-11-07 13:50:58,893 [EventQueue-ContainerReportForContainerReportHandler] WARN  container.ContainerReportHandler (AbstractContainerReportHandler.java:updateContainerState(145)) - Container #1 is in OPEN state, but the datanode 71a86a4d-23f3-4eb4-8ea5-d143fc2c84ef{ip: 192.168.34.59, host: pr-hdds-2329-pipelines-xb8hx-2504970213, networkLocation: /default-rack, certSerialId: null} reports an CLOSED replica.
2019-11-07 13:50:58,995 [BlockDeletingService#2] WARN  background.BlockDeletingService (BlockDeletingService.java:isDeletionAllowed(187)) - Close Container log Index 6 is not replicated across allthe servers in the pipeline 19060351-f974-4d09-a844-5efa7c96aeb4 as the min replicated index is 4. Deletion is not allowed in this container yet.
2019-11-07 13:50:58,995 [BlockDeletingService#7] WARN  background.BlockDeletingService (BlockDeletingService.java:isDeletionAllowed(187)) - Close Container log Index 6 is not replicated across allthe servers in the pipeline 19060351-f974-4d09-a844-5efa7c96aeb4 as the min replicated index is 4. Deletion is not allowed in this container yet.
2019-11-07 13:50:59,092 [EventQueue-ContainerReportForContainerReportHandler] WARN  container.ContainerReportHandler (AbstractContainerReportHandler.java:updateContainerState(145)) - Container #1 is in OPEN state, but the datanode 71a86a4d-23f3-4eb4-8ea5-d143fc2c84ef{ip: 192.168.34.59, host: pr-hdds-2329-pipelines-xb8hx-2504970213, networkLocation: /default-rack, certSerialId: null} reports an CLOSED replica.
2019-11-07 13:50:59,115 [EventQueue-ContainerReportForContainerReportHandler] WARN  container.ContainerReportHandler (AbstractContainerReportHandler.java:updateContainerState(145)) - Container #1 is in OPEN state, but the datanode c4d74ea5-4e51-490d-ae77-7f64a80784ec{ip: 192.168.34.59, host: pr-hdds-2329-pipelines-xb8hx-2504970213, networkLocation: /default-rack, certSerialId: null} reports an CLOSED replica.
2019-11-07 13:50:59,392 [EventQueue-ContainerReportForContainerReportHandler] WARN  container.ContainerReportHandler (AbstractContainerReportHandler.java:updateContainerState(145)) - Container #1 is in OPEN state, but the datanode 71a86a4d-23f3-4eb4-8ea5-d143fc2c84ef{ip: 192.168.34.59, host: pr-hdds-2329-pipelines-xb8hx-2504970213, networkLocation: /default-rack, certSerialId: null} reports an CLOSED replica.
2019-11-07 13:50:59,515 [EventQueue-ContainerReportForContainerReportHandler] WARN  container.ContainerReportHandler (AbstractContainerReportHandler.java:updateContainerState(145)) - Container #1 is in OPEN state, but the datanode c4d74ea5-4e51-490d-ae77-7f64a80784ec{ip: 192.168.34.59, host: pr-hdds-2329-pipelines-xb8hx-2504970213, networkLocation: /default-rack, certSerialId: null} reports an CLOSED replica.
2019-11-07 13:50:59,592 [EventQueue-ContainerReportForContainerReportHandler] WARN  container.ContainerReportHandler (AbstractContainerReportHandler.java:updateContainerState(145)) - Container #1 is in OPEN state, but the datanode 71a86a4d-23f3-4eb4-8ea5-d143fc2c84ef{ip: 192.168.34.59, host: pr-hdds-2329-pipelines-xb8hx-2504970213, networkLocation: /default-rack, certSerialId: null} reports an CLOSED replica.
2019-11-07 13:50:59,893 [EventQueue-ContainerReportForContainerReportHandler] WARN  container.ContainerReportHandler (AbstractContainerReportHandler.java:updateContainerState(145)) - Container #1 is in OPEN state, but the datanode 71a86a4d-23f3-4eb4-8ea5-d143fc2c84ef{ip: 192.168.34.59, host: pr-hdds-2329-pipelines-xb8hx-2504970213, networkLocation: /default-rack, certSerialId: null} reports an CLOSED replica.
2019-11-07 13:50:59,916 [EventQueue-ContainerReportForContainerReportHandler] WARN  container.ContainerReportHandler (AbstractContainerReportHandler.java:updateContainerState(145)) - Container #1 is in OPEN state, but the datanode c4d74ea5-4e51-490d-ae77-7f64a80784ec{ip: 192.168.34.59, host: pr-hdds-2329-pipelines-xb8hx-2504970213, networkLocation: /default-rack, certSerialId: null} reports an CLOSED replica.
2019-11-07 13:50:59,997 [BlockDeletingService#2] WARN  background.BlockDeletingService (BlockDeletingService.java:isDeletionAllowed(187)) - Close Container log Index 6 is not replicated across allthe servers in the pipeline 19060351-f974-4d09-a844-5efa7c96aeb4 as the min replicated index is 4. Deletion is not allowed in this container yet.
2019-11-07 13:50:59,997 [BlockDeletingService#7] WARN  background.BlockDeletingService (BlockDeletingService.java:isDeletionAllowed(187)) - Close Container log Index 6 is not replicated across allthe servers in the pipeline 19060351-f974-4d09-a844-5efa7c96aeb4 as the min replicated index is 4. Deletion is not allowed in this container yet.
2019-11-07 13:51:00,193 [EventQueue-ContainerReportForContainerReportHandler] WARN  container.ContainerReportHandler (AbstractContainerReportHandler.java:updateContainerState(145)) - Container #1 is in OPEN state, but the datanode 71a86a4d-23f3-4eb4-8ea5-d143fc2c84ef{ip: 192.168.34.59, host: pr-hdds-2329-pipelines-xb8hx-2504970213, networkLocation: /default-rack, certSerialId: null} reports an CLOSED replica.
2019-11-07 13:51:00,216 [EventQueue-ContainerReportForContainerReportHandler] WARN  container.ContainerReportHandler (AbstractContainerReportHandler.java:updateContainerState(145)) - Container #1 is in OPEN state, but the datanode c4d74ea5-4e51-490d-ae77-7f64a80784ec{ip: 192.168.34.59, host: pr-hdds-2329-pipelines-xb8hx-2504970213, networkLocation: /default-rack, certSerialId: null} reports an CLOSED replica.
2019-11-07 13:51:00,492 [EventQueue-ContainerReportForContainerReportHandler] WARN  container.ContainerReportHandler (AbstractContainerReportHandler.java:updateContainerState(145)) - Container #1 is in OPEN state, but the datanode 71a86a4d-23f3-4eb4-8ea5-d143fc2c84ef{ip: 192.168.34.59, host: pr-hdds-2329-pipelines-xb8hx-2504970213, networkLocation: /default-rack, certSerialId: null} reports an CLOSED replica.
2019-11-07 13:51:00,515 [EventQueue-ContainerReportForContainerReportHandler] WARN  container.ContainerReportHandler (AbstractContainerReportHandler.java:updateContainerState(145)) - Container #1 is in OPEN state, but the datanode c4d74ea5-4e51-490d-ae77-7f64a80784ec{ip: 192.168.34.59, host: pr-hdds-2329-pipelines-xb8hx-2504970213, networkLocation: /default-rack, certSerialId: null} reports an CLOSED replica.
2019-11-07 13:51:00,792 [EventQueue-ContainerReportForContainerReportHandler] WARN  container.ContainerReportHandler (AbstractContainerReportHandler.java:updateContainerState(145)) - Container #1 is in OPEN state, but the datanode 71a86a4d-23f3-4eb4-8ea5-d143fc2c84ef{ip: 192.168.34.59, host: pr-hdds-2329-pipelines-xb8hx-2504970213, networkLocation: /default-rack, certSerialId: null} reports an CLOSED replica.
2019-11-07 13:51:00,816 [EventQueue-ContainerReportForContainerReportHandler] WARN  container.ContainerReportHandler (AbstractContainerReportHandler.java:updateContainerState(145)) - Container #1 is in OPEN state, but the datanode c4d74ea5-4e51-490d-ae77-7f64a80784ec{ip: 192.168.34.59, host: pr-hdds-2329-pipelines-xb8hx-2504970213, networkLocation: /default-rack, certSerialId: null} reports an CLOSED replica.
2019-11-07 13:51:00,998 [BlockDeletingService#2] WARN  background.BlockDeletingService (BlockDeletingService.java:isDeletionAllowed(187)) - Close Container log Index 6 is not replicated across allthe servers in the pipeline 19060351-f974-4d09-a844-5efa7c96aeb4 as the min replicated index is 4. Deletion is not allowed in this container yet.
2019-11-07 13:51:00,998 [BlockDeletingService#7] WARN  background.BlockDeletingService (BlockDeletingService.java:isDeletionAllowed(187)) - Close Container log Index 6 is not replicated across allthe servers in the pipeline 19060351-f974-4d09-a844-5efa7c96aeb4 as the min replicated index is 4. Deletion is not allowed in this container yet.
2019-11-07 13:51:01,093 [EventQueue-ContainerReportForContainerReportHandler] WARN  container.ContainerReportHandler (AbstractContainerReportHandler.java:updateContainerState(145)) - Container #1 is in OPEN state, but the datanode 71a86a4d-23f3-4eb4-8ea5-d143fc2c84ef{ip: 192.168.34.59, host: pr-hdds-2329-pipelines-xb8hx-2504970213, networkLocation: /default-rack, certSerialId: null} reports an CLOSED replica.
2019-11-07 13:51:01,116 [EventQueue-ContainerReportForContainerReportHandler] WARN  container.ContainerReportHandler (AbstractContainerReportHandler.java:updateContainerState(145)) - Container #1 is in OPEN state, but the datanode c4d74ea5-4e51-490d-ae77-7f64a80784ec{ip: 192.168.34.59, host: pr-hdds-2329-pipelines-xb8hx-2504970213, networkLocation: /default-rack, certSerialId: null} reports an CLOSED replica.
2019-11-07 13:51:01,322 [java.util.concurrent.ThreadPoolExecutor$Worker@f89c058[State = -1, empty queue]] WARN  server.GrpcLogAppender (GrpcLogAppender.java:timeoutAppendRequest(209)) - 71a86a4d-23f3-4eb4-8ea5-d143fc2c84ef@group-5EFA7C96AEB4->5995e050-5950-4b38-8270-33206f256198-GrpcLogAppender: appendEntries Timeout, request=71a86a4d-23f3-4eb4-8ea5-d143fc2c84ef->5995e050-5950-4b38-8270-33206f256198#32-t2, previous=(t:2, i:10), leaderCommit=10, initializing? false, entries: <empty>
2019-11-07 13:51:01,394 [EventQueue-ContainerReportForContainerReportHandler] WARN  container.ContainerReportHandler (AbstractContainerReportHandler.java:updateContainerState(145)) - Container #1 is in OPEN state, but the datanode 71a86a4d-23f3-4eb4-8ea5-d143fc2c84ef{ip: 192.168.34.59, host: pr-hdds-2329-pipelines-xb8hx-2504970213, networkLocation: /default-rack, certSerialId: null} reports an CLOSED replica.
2019-11-07 13:51:01,417 [EventQueue-ContainerReportForContainerReportHandler] WARN  container.ContainerReportHandler (AbstractContainerReportHandler.java:updateContainerState(145)) - Container #1 is in OPEN state, but the datanode c4d74ea5-4e51-490d-ae77-7f64a80784ec{ip: 192.168.34.59, host: pr-hdds-2329-pipelines-xb8hx-2504970213, networkLocation: /default-rack, certSerialId: null} reports an CLOSED replica.
2019-11-07 13:51:01,720 [EventQueue-ContainerReportForContainerReportHandler] WARN  container.ContainerReportHandler (AbstractContainerReportHandler.java:updateContainerState(145)) - Container #1 is in OPEN state, but the datanode c4d74ea5-4e51-490d-ae77-7f64a80784ec{ip: 192.168.34.59, host: pr-hdds-2329-pipelines-xb8hx-2504970213, networkLocation: /default-rack, certSerialId: null} reports an CLOSED replica.
2019-11-07 13:51:01,795 [EventQueue-ContainerReportForContainerReportHandler] WARN  container.ContainerReportHandler (AbstractContainerReportHandler.java:updateContainerState(145)) - Container #1 is in OPEN state, but the datanode 71a86a4d-23f3-4eb4-8ea5-d143fc2c84ef{ip: 192.168.34.59, host: pr-hdds-2329-pipelines-xb8hx-2504970213, networkLocation: /default-rack, certSerialId: null} reports an CLOSED replica.
2019-11-07 13:51:02,000 [BlockDeletingService#2] WARN  background.BlockDeletingService (BlockDeletingService.java:isDeletionAllowed(187)) - Close Container log Index 6 is not replicated across allthe servers in the pipeline 19060351-f974-4d09-a844-5efa7c96aeb4 as the min replicated index is 4. Deletion is not allowed in this container yet.
2019-11-07 13:51:02,000 [BlockDeletingService#7] WARN  background.BlockDeletingService (BlockDeletingService.java:isDeletionAllowed(187)) - Close Container log Index 6 is not replicated across allthe servers in the pipeline 19060351-f974-4d09-a844-5efa7c96aeb4 as the min replicated index is 4. Deletion is not allowed in this container yet.
2019-11-07 13:51:02,019 [EventQueue-ContainerReportForContainerReportHandler] WARN  container.ContainerReportHandler (AbstractContainerReportHandler.java:updateContainerState(145)) - Container #1 is in OPEN state, but the datanode c4d74ea5-4e51-490d-ae77-7f64a80784ec{ip: 192.168.34.59, host: pr-hdds-2329-pipelines-xb8hx-2504970213, networkLocation: /default-rack, certSerialId: null} reports an CLOSED replica.
2019-11-07 13:51:02,097 [EventQueue-ContainerReportForContainerReportHandler] WARN  container.ContainerReportHandler (AbstractContainerReportHandler.java:updateContainerState(145)) - Container #1 is in OPEN state, but the datanode 71a86a4d-23f3-4eb4-8ea5-d143fc2c84ef{ip: 192.168.34.59, host: pr-hdds-2329-pipelines-xb8hx-2504970213, networkLocation: /default-rack, certSerialId: null} reports an CLOSED replica.
2019-11-07 13:51:02,397 [EventQueue-ContainerReportForContainerReportHandler] WARN  container.ContainerReportHandler (AbstractContainerReportHandler.java:updateContainerState(145)) - Container #1 is in OPEN state, but the datanode 71a86a4d-23f3-4eb4-8ea5-d143fc2c84ef{ip: 192.168.34.59, host: pr-hdds-2329-pipelines-xb8hx-2504970213, networkLocation: /default-rack, certSerialId: null} reports an CLOSED replica.
2019-11-07 13:51:02,421 [EventQueue-ContainerReportForContainerReportHandler] WARN  container.ContainerReportHandler (AbstractContainerReportHandler.java:updateContainerState(145)) - Container #1 is in OPEN state, but the datanode c4d74ea5-4e51-490d-ae77-7f64a80784ec{ip: 192.168.34.59, host: pr-hdds-2329-pipelines-xb8hx-2504970213, networkLocation: /default-rack, certSerialId: null} reports an CLOSED replica.
2019-11-07 13:51:02,621 [EventQueue-ContainerReportForContainerReportHandler] WARN  container.ContainerReportHandler (AbstractContainerReportHandler.java:updateContainerState(145)) - Container #1 is in OPEN state, but the datanode c4d74ea5-4e51-490d-ae77-7f64a80784ec{ip: 192.168.34.59, host: pr-hdds-2329-pipelines-xb8hx-2504970213, networkLocation: /default-rack, certSerialId: null} reports an CLOSED replica.
2019-11-07 13:51:02,697 [EventQueue-ContainerReportForContainerReportHandler] WARN  container.ContainerReportHandler (AbstractContainerReportHandler.java:updateContainerState(145)) - Container #1 is in OPEN state, but the datanode 71a86a4d-23f3-4eb4-8ea5-d143fc2c84ef{ip: 192.168.34.59, host: pr-hdds-2329-pipelines-xb8hx-2504970213, networkLocation: /default-rack, certSerialId: null} reports an CLOSED replica.
2019-11-07 13:51:02,922 [EventQueue-ContainerReportForContainerReportHandler] WARN  container.ContainerReportHandler (AbstractContainerReportHandler.java:updateContainerState(145)) - Container #1 is in OPEN state, but the datanode c4d74ea5-4e51-490d-ae77-7f64a80784ec{ip: 192.168.34.59, host: pr-hdds-2329-pipelines-xb8hx-2504970213, networkLocation: /default-rack, certSerialId: null} reports an CLOSED replica.
2019-11-07 13:51:03,002 [BlockDeletingService#7] WARN  background.BlockDeletingService (BlockDeletingService.java:isDeletionAllowed(187)) - Close Container log Index 6 is not replicated across allthe servers in the pipeline 19060351-f974-4d09-a844-5efa7c96aeb4 as the min replicated index is 4. Deletion is not allowed in this container yet.
2019-11-07 13:51:03,002 [BlockDeletingService#2] WARN  background.BlockDeletingService (BlockDeletingService.java:isDeletionAllowed(187)) - Close Container log Index 6 is not replicated across allthe servers in the pipeline 19060351-f974-4d09-a844-5efa7c96aeb4 as the min replicated index is 4. Deletion is not allowed in this container yet.
2019-11-07 13:51:03,097 [EventQueue-ContainerReportForContainerReportHandler] WARN  container.ContainerReportHandler (AbstractContainerReportHandler.java:updateContainerState(145)) - Container #1 is in OPEN state, but the datanode 71a86a4d-23f3-4eb4-8ea5-d143fc2c84ef{ip: 192.168.34.59, host: pr-hdds-2329-pipelines-xb8hx-2504970213, networkLocation: /default-rack, certSerialId: null} reports an CLOSED replica.
2019-11-07 13:51:03,322 [EventQueue-ContainerReportForContainerReportHandler] WARN  container.ContainerReportHandler (AbstractContainerReportHandler.java:updateContainerState(145)) - Container #1 is in OPEN state, but the datanode c4d74ea5-4e51-490d-ae77-7f64a80784ec{ip: 192.168.34.59, host: pr-hdds-2329-pipelines-xb8hx-2504970213, networkLocation: /default-rack, certSerialId: null} reports an CLOSED replica.
2019-11-07 13:51:03,398 [EventQueue-ContainerReportForContainerReportHandler] WARN  container.ContainerReportHandler (AbstractContainerReportHandler.java:updateContainerState(145)) - Container #1 is in OPEN state, but the datanode 71a86a4d-23f3-4eb4-8ea5-d143fc2c84ef{ip: 192.168.34.59, host: pr-hdds-2329-pipelines-xb8hx-2504970213, networkLocation: /default-rack, certSerialId: null} reports an CLOSED replica.
2019-11-07 13:51:03,622 [EventQueue-ContainerReportForContainerReportHandler] WARN  container.ContainerReportHandler (AbstractContainerReportHandler.java:updateContainerState(145)) - Container #1 is in OPEN state, but the datanode c4d74ea5-4e51-490d-ae77-7f64a80784ec{ip: 192.168.34.59, host: pr-hdds-2329-pipelines-xb8hx-2504970213, networkLocation: /default-rack, certSerialId: null} reports an CLOSED replica.
2019-11-07 13:51:03,697 [EventQueue-ContainerReportForContainerReportHandler] WARN  container.ContainerReportHandler (AbstractContainerReportHandler.java:updateContainerState(145)) - Container #1 is in OPEN state, but the datanode 71a86a4d-23f3-4eb4-8ea5-d143fc2c84ef{ip: 192.168.34.59, host: pr-hdds-2329-pipelines-xb8hx-2504970213, networkLocation: /default-rack, certSerialId: null} reports an CLOSED replica.
2019-11-07 13:51:03,825 [java.util.concurrent.ThreadPoolExecutor$Worker@f89c058[State = -1, empty queue]] WARN  server.GrpcLogAppender (GrpcLogAppender.java:timeoutAppendRequest(209)) - 71a86a4d-23f3-4eb4-8ea5-d143fc2c84ef@group-5EFA7C96AEB4->5995e050-5950-4b38-8270-33206f256198-GrpcLogAppender: appendEntries Timeout, request=71a86a4d-23f3-4eb4-8ea5-d143fc2c84ef->5995e050-5950-4b38-8270-33206f256198#33-t2, previous=(t:2, i:10), leaderCommit=10, initializing? false, entries: <empty>
2019-11-07 13:51:03,897 [EventQueue-ContainerReportForContainerReportHandler] WARN  container.ContainerReportHandler (AbstractContainerReportHandler.java:updateContainerState(145)) - Container #1 is in OPEN state, but the datanode 71a86a4d-23f3-4eb4-8ea5-d143fc2c84ef{ip: 192.168.34.59, host: pr-hdds-2329-pipelines-xb8hx-2504970213, networkLocation: /default-rack, certSerialId: null} reports an CLOSED replica.
2019-11-07 13:51:03,924 [EventQueue-ContainerReportForContainerReportHandler] WARN  container.ContainerReportHandler (AbstractContainerReportHandler.java:updateContainerState(145)) - Container #1 is in OPEN state, but the datanode c4d74ea5-4e51-490d-ae77-7f64a80784ec{ip: 192.168.34.59, host: pr-hdds-2329-pipelines-xb8hx-2504970213, networkLocation: /default-rack, certSerialId: null} reports an CLOSED replica.
2019-11-07 13:51:04,005 [BlockDeletingService#2] WARN  background.BlockDeletingService (BlockDeletingService.java:isDeletionAllowed(187)) - Close Container log Index 6 is not replicated across allthe servers in the pipeline 19060351-f974-4d09-a844-5efa7c96aeb4 as the min replicated index is 4. Deletion is not allowed in this container yet.
2019-11-07 13:51:04,005 [BlockDeletingService#7] WARN  background.BlockDeletingService (BlockDeletingService.java:isDeletionAllowed(187)) - Close Container log Index 6 is not replicated across allthe servers in the pipeline 19060351-f974-4d09-a844-5efa7c96aeb4 as the min replicated index is 4. Deletion is not allowed in this container yet.
2019-11-07 13:51:04,197 [EventQueue-ContainerReportForContainerReportHandler] WARN  container.ContainerReportHandler (AbstractContainerReportHandler.java:updateContainerState(145)) - Container #1 is in OPEN state, but the datanode 71a86a4d-23f3-4eb4-8ea5-d143fc2c84ef{ip: 192.168.34.59, host: pr-hdds-2329-pipelines-xb8hx-2504970213, networkLocation: /default-rack, certSerialId: null} reports an CLOSED replica.
2019-11-07 13:51:04,324 [EventQueue-ContainerReportForContainerReportHandler] WARN  container.ContainerReportHandler (AbstractContainerReportHandler.java:updateContainerState(145)) - Container #1 is in OPEN state, but the datanode c4d74ea5-4e51-490d-ae77-7f64a80784ec{ip: 192.168.34.59, host: pr-hdds-2329-pipelines-xb8hx-2504970213, networkLocation: /default-rack, certSerialId: null} reports an CLOSED replica.
2019-11-07 13:51:04,524 [EventQueue-ContainerReportForContainerReportHandler] WARN  container.ContainerReportHandler (AbstractContainerReportHandler.java:updateContainerState(145)) - Container #1 is in OPEN state, but the datanode c4d74ea5-4e51-490d-ae77-7f64a80784ec{ip: 192.168.34.59, host: pr-hdds-2329-pipelines-xb8hx-2504970213, networkLocation: /default-rack, certSerialId: null} reports an CLOSED replica.
2019-11-07 13:51:04,597 [EventQueue-ContainerReportForContainerReportHandler] WARN  container.ContainerReportHandler (AbstractContainerReportHandler.java:updateContainerState(145)) - Container #1 is in OPEN state, but the datanode 71a86a4d-23f3-4eb4-8ea5-d143fc2c84ef{ip: 192.168.34.59, host: pr-hdds-2329-pipelines-xb8hx-2504970213, networkLocation: /default-rack, certSerialId: null} reports an CLOSED replica.
2019-11-07 13:51:04,824 [EventQueue-ContainerReportForContainerReportHandler] WARN  container.ContainerReportHandler (AbstractContainerReportHandler.java:updateContainerState(145)) - Container #1 is in OPEN state, but the datanode c4d74ea5-4e51-490d-ae77-7f64a80784ec{ip: 192.168.34.59, host: pr-hdds-2329-pipelines-xb8hx-2504970213, networkLocation: /default-rack, certSerialId: null} reports an CLOSED replica.
2019-11-07 13:51:04,897 [EventQueue-ContainerReportForContainerReportHandler] WARN  container.ContainerReportHandler (AbstractContainerReportHandler.java:updateContainerState(145)) - Container #1 is in OPEN state, but the datanode 71a86a4d-23f3-4eb4-8ea5-d143fc2c84ef{ip: 192.168.34.59, host: pr-hdds-2329-pipelines-xb8hx-2504970213, networkLocation: /default-rack, certSerialId: null} reports an CLOSED replica.
2019-11-07 13:51:05,006 [BlockDeletingService#2] WARN  background.BlockDeletingService (BlockDeletingService.java:isDeletionAllowed(187)) - Close Container log Index 6 is not replicated across allthe servers in the pipeline 19060351-f974-4d09-a844-5efa7c96aeb4 as the min replicated index is 4. Deletion is not allowed in this container yet.
2019-11-07 13:51:05,006 [BlockDeletingService#7] WARN  background.BlockDeletingService (BlockDeletingService.java:isDeletionAllowed(187)) - Close Container log Index 6 is not replicated across allthe servers in the pipeline 19060351-f974-4d09-a844-5efa7c96aeb4 as the min replicated index is 4. Deletion is not allowed in this container yet.
2019-11-07 13:51:05,025 [EventQueue-ContainerReportForContainerReportHandler] WARN  container.ContainerReportHandler (AbstractContainerReportHandler.java:updateContainerState(145)) - Container #1 is in OPEN state, but the datanode c4d74ea5-4e51-490d-ae77-7f64a80784ec{ip: 192.168.34.59, host: pr-hdds-2329-pipelines-xb8hx-2504970213, networkLocation: /default-rack, certSerialId: null} reports an CLOSED replica.
2019-11-07 13:51:05,198 [EventQueue-ContainerReportForContainerReportHandler] WARN  container.ContainerReportHandler (AbstractContainerReportHandler.java:updateContainerState(145)) - Container #1 is in OPEN state, but the datanode 71a86a4d-23f3-4eb4-8ea5-d143fc2c84ef{ip: 192.168.34.59, host: pr-hdds-2329-pipelines-xb8hx-2504970213, networkLocation: /default-rack, certSerialId: null} reports an CLOSED replica.
2019-11-07 13:51:05,325 [EventQueue-ContainerReportForContainerReportHandler] WARN  container.ContainerReportHandler (AbstractContainerReportHandler.java:updateContainerState(145)) - Container #1 is in OPEN state, but the datanode c4d74ea5-4e51-490d-ae77-7f64a80784ec{ip: 192.168.34.59, host: pr-hdds-2329-pipelines-xb8hx-2504970213, networkLocation: /default-rack, certSerialId: null} reports an CLOSED replica.
2019-11-07 13:51:05,598 [EventQueue-ContainerReportForContainerReportHandler] WARN  container.ContainerReportHandler (AbstractContainerReportHandler.java:updateContainerState(145)) - Container #1 is in OPEN state, but the datanode 71a86a4d-23f3-4eb4-8ea5-d143fc2c84ef{ip: 192.168.34.59, host: pr-hdds-2329-pipelines-xb8hx-2504970213, networkLocation: /default-rack, certSerialId: null} reports an CLOSED replica.
2019-11-07 13:51:05,627 [EventQueue-ContainerReportForContainerReportHandler] WARN  container.ContainerReportHandler (AbstractContainerReportHandler.java:updateContainerState(145)) - Container #1 is in OPEN state, but the datanode c4d74ea5-4e51-490d-ae77-7f64a80784ec{ip: 192.168.34.59, host: pr-hdds-2329-pipelines-xb8hx-2504970213, networkLocation: /default-rack, certSerialId: null} reports an CLOSED replica.
2019-11-07 13:51:05,798 [EventQueue-ContainerReportForContainerReportHandler] WARN  container.ContainerReportHandler (AbstractContainerReportHandler.java:updateContainerState(145)) - Container #1 is in OPEN state, but the datanode 71a86a4d-23f3-4eb4-8ea5-d143fc2c84ef{ip: 192.168.34.59, host: pr-hdds-2329-pipelines-xb8hx-2504970213, networkLocation: /default-rack, certSerialId: null} reports an CLOSED replica.
2019-11-07 13:51:05,927 [EventQueue-ContainerReportForContainerReportHandler] WARN  container.ContainerReportHandler (AbstractContainerReportHandler.java:updateContainerState(145)) - Container #1 is in OPEN state, but the datanode c4d74ea5-4e51-490d-ae77-7f64a80784ec{ip: 192.168.34.59, host: pr-hdds-2329-pipelines-xb8hx-2504970213, networkLocation: /default-rack, certSerialId: null} reports an CLOSED replica.
2019-11-07 13:51:06,008 [BlockDeletingService#2] WARN  background.BlockDeletingService (BlockDeletingService.java:isDeletionAllowed(187)) - Close Container log Index 6 is not replicated across allthe servers in the pipeline 19060351-f974-4d09-a844-5efa7c96aeb4 as the min replicated index is 4. Deletion is not allowed in this container yet.
2019-11-07 13:51:06,008 [BlockDeletingService#7] WARN  background.BlockDeletingService (BlockDeletingService.java:isDeletionAllowed(187)) - Close Container log Index 6 is not replicated across allthe servers in the pipeline 19060351-f974-4d09-a844-5efa7c96aeb4 as the min replicated index is 4. Deletion is not allowed in this container yet.
2019-11-07 13:51:06,127 [EventQueue-ContainerReportForContainerReportHandler] WARN  container.ContainerReportHandler (AbstractContainerReportHandler.java:updateContainerState(145)) - Container #1 is in OPEN state, but the datanode c4d74ea5-4e51-490d-ae77-7f64a80784ec{ip: 192.168.34.59, host: pr-hdds-2329-pipelines-xb8hx-2504970213, networkLocation: /default-rack, certSerialId: null} reports an CLOSED replica.
2019-11-07 13:51:06,199 [EventQueue-ContainerReportForContainerReportHandler] WARN  container.ContainerReportHandler (AbstractContainerReportHandler.java:updateContainerState(145)) - Container #1 is in OPEN state, but the datanode 71a86a4d-23f3-4eb4-8ea5-d143fc2c84ef{ip: 192.168.34.59, host: pr-hdds-2329-pipelines-xb8hx-2504970213, networkLocation: /default-rack, certSerialId: null} reports an CLOSED replica.
2019-11-07 13:51:06,328 [EventQueue-ContainerReportForContainerReportHandler] WARN  container.ContainerReportHandler (AbstractContainerReportHandler.java:updateContainerState(145)) - Container #1 is in OPEN state, but the datanode c4d74ea5-4e51-490d-ae77-7f64a80784ec{ip: 192.168.34.59, host: pr-hdds-2329-pipelines-xb8hx-2504970213, networkLocation: /default-rack, certSerialId: null} reports an CLOSED replica.
2019-11-07 13:51:06,335 [java.util.concurrent.ThreadPoolExecutor$Worker@f89c058[State = -1, empty queue]] WARN  server.GrpcLogAppender (GrpcLogAppender.java:timeoutAppendRequest(209)) - 71a86a4d-23f3-4eb4-8ea5-d143fc2c84ef@group-5EFA7C96AEB4->5995e050-5950-4b38-8270-33206f256198-GrpcLogAppender: appendEntries Timeout, request=71a86a4d-23f3-4eb4-8ea5-d143fc2c84ef->5995e050-5950-4b38-8270-33206f256198#34-t2, previous=(t:2, i:10), leaderCommit=10, initializing? false, entries: <empty>
2019-11-07 13:51:06,598 [EventQueue-ContainerReportForContainerReportHandler] WARN  container.ContainerReportHandler (AbstractContainerReportHandler.java:updateContainerState(145)) - Container #1 is in OPEN state, but the datanode 71a86a4d-23f3-4eb4-8ea5-d143fc2c84ef{ip: 192.168.34.59, host: pr-hdds-2329-pipelines-xb8hx-2504970213, networkLocation: /default-rack, certSerialId: null} reports an CLOSED replica.
2019-11-07 13:51:06,729 [EventQueue-ContainerReportForContainerReportHandler] WARN  container.ContainerReportHandler (AbstractContainerReportHandler.java:updateContainerState(145)) - Container #1 is in OPEN state, but the datanode c4d74ea5-4e51-490d-ae77-7f64a80784ec{ip: 192.168.34.59, host: pr-hdds-2329-pipelines-xb8hx-2504970213, networkLocation: /default-rack, certSerialId: null} reports an CLOSED replica.
2019-11-07 13:51:06,755 [Thread-430] INFO  client.GrpcClientProtocolService (GrpcClientProtocolService.java:lambda$processClientRequest$0(279)) - Failed RaftClientRequest:client-0F90B2C4DA5A->71a86a4d-23f3-4eb4-8ea5-d143fc2c84ef@group-5EFA7C96AEB4, cid=10, seq=0, Watch-ALL_COMMITTED(6), Message:<EMPTY>, reply=RaftClientReply:client-0F90B2C4DA5A->71a86a4d-23f3-4eb4-8ea5-d143fc2c84ef@group-5EFA7C96AEB4, cid=10, FAILED org.apache.ratis.protocol.NotReplicatedException: Request with call Id 10 and log index 6 is not yet replicated to ALL_COMMITTED, logIndex=6, commits[71a86a4d-23f3-4eb4-8ea5-d143fc2c84ef:c10, c4d74ea5-4e51-490d-ae77-7f64a80784ec:c10, 5995e050-5950-4b38-8270-33206f256198:c4]
2019-11-07 13:51:06,798 [EventQueue-ContainerReportForContainerReportHandler] WARN  container.ContainerReportHandler (AbstractContainerReportHandler.java:updateContainerState(145)) - Container #1 is in OPEN state, but the datanode 71a86a4d-23f3-4eb4-8ea5-d143fc2c84ef{ip: 192.168.34.59, host: pr-hdds-2329-pipelines-xb8hx-2504970213, networkLocation: /default-rack, certSerialId: null} reports an CLOSED replica.
2019-11-07 13:51:07,010 [BlockDeletingService#2] WARN  background.BlockDeletingService (BlockDeletingService.java:isDeletionAllowed(187)) - Close Container log Index 6 is not replicated across allthe servers in the pipeline 19060351-f974-4d09-a844-5efa7c96aeb4 as the min replicated index is 4. Deletion is not allowed in this container yet.
2019-11-07 13:51:07,016 [BlockDeletingService#7] WARN  background.BlockDeletingService (BlockDeletingService.java:isDeletionAllowed(187)) - Close Container log Index 6 is not replicated across allthe servers in the pipeline 19060351-f974-4d09-a844-5efa7c96aeb4 as the min replicated index is 4. Deletion is not allowed in this container yet.
2019-11-07 13:51:07,030 [EventQueue-ContainerReportForContainerReportHandler] WARN  container.ContainerReportHandler (AbstractContainerReportHandler.java:updateContainerState(145)) - Container #1 is in OPEN state, but the datanode c4d74ea5-4e51-490d-ae77-7f64a80784ec{ip: 192.168.34.59, host: pr-hdds-2329-pipelines-xb8hx-2504970213, networkLocation: /default-rack, certSerialId: null} reports an CLOSED replica.
2019-11-07 13:51:07,099 [EventQueue-ContainerReportForContainerReportHandler] WARN  container.ContainerReportHandler (AbstractContainerReportHandler.java:updateContainerState(145)) - Container #1 is in OPEN state, but the datanode 71a86a4d-23f3-4eb4-8ea5-d143fc2c84ef{ip: 192.168.34.59, host: pr-hdds-2329-pipelines-xb8hx-2504970213, networkLocation: /default-rack, certSerialId: null} reports an CLOSED replica.
2019-11-07 13:51:07,329 [EventQueue-ContainerReportForContainerReportHandler] WARN  container.ContainerReportHandler (AbstractContainerReportHandler.java:updateContainerState(145)) - Container #1 is in OPEN state, but the datanode c4d74ea5-4e51-490d-ae77-7f64a80784ec{ip: 192.168.34.59, host: pr-hdds-2329-pipelines-xb8hx-2504970213, networkLocation: /default-rack, certSerialId: null} reports an CLOSED replica.
2019-11-07 13:51:07,399 [EventQueue-ContainerReportForContainerReportHandler] WARN  container.ContainerReportHandler (AbstractContainerReportHandler.java:updateContainerState(145)) - Container #1 is in OPEN state, but the datanode 71a86a4d-23f3-4eb4-8ea5-d143fc2c84ef{ip: 192.168.34.59, host: pr-hdds-2329-pipelines-xb8hx-2504970213, networkLocation: /default-rack, certSerialId: null} reports an CLOSED replica.
2019-11-07 13:51:07,699 [EventQueue-ContainerReportForContainerReportHandler] WARN  container.ContainerReportHandler (AbstractContainerReportHandler.java:updateContainerState(145)) - Container #1 is in OPEN state, but the datanode 71a86a4d-23f3-4eb4-8ea5-d143fc2c84ef{ip: 192.168.34.59, host: pr-hdds-2329-pipelines-xb8hx-2504970213, networkLocation: /default-rack, certSerialId: null} reports an CLOSED replica.
2019-11-07 13:51:07,729 [EventQueue-ContainerReportForContainerReportHandler] WARN  container.ContainerReportHandler (AbstractContainerReportHandler.java:updateContainerState(145)) - Container #1 is in OPEN state, but the datanode c4d74ea5-4e51-490d-ae77-7f64a80784ec{ip: 192.168.34.59, host: pr-hdds-2329-pipelines-xb8hx-2504970213, networkLocation: /default-rack, certSerialId: null} reports an CLOSED replica.
2019-11-07 13:51:08,018 [BlockDeletingService#2] WARN  background.BlockDeletingService (BlockDeletingService.java:isDeletionAllowed(187)) - Close Container log Index 6 is not replicated across allthe servers in the pipeline 19060351-f974-4d09-a844-5efa7c96aeb4 as the min replicated index is 4. Deletion is not allowed in this container yet.
2019-11-07 13:51:08,018 [BlockDeletingService#7] WARN  background.BlockDeletingService (BlockDeletingService.java:isDeletionAllowed(187)) - Close Container log Index 6 is not replicated across allthe servers in the pipeline 19060351-f974-4d09-a844-5efa7c96aeb4 as the min replicated index is 4. Deletion is not allowed in this container yet.
2019-11-07 13:51:08,029 [EventQueue-ContainerReportForContainerReportHandler] WARN  container.ContainerReportHandler (AbstractContainerReportHandler.java:updateContainerState(145)) - Container #1 is in OPEN state, but the datanode c4d74ea5-4e51-490d-ae77-7f64a80784ec{ip: 192.168.34.59, host: pr-hdds-2329-pipelines-xb8hx-2504970213, networkLocation: /default-rack, certSerialId: null} reports an CLOSED replica.
2019-11-07 13:51:08,100 [EventQueue-ContainerReportForContainerReportHandler] WARN  container.ContainerReportHandler (AbstractContainerReportHandler.java:updateContainerState(145)) - Container #1 is in OPEN state, but the datanode 71a86a4d-23f3-4eb4-8ea5-d143fc2c84ef{ip: 192.168.34.59, host: pr-hdds-2329-pipelines-xb8hx-2504970213, networkLocation: /default-rack, certSerialId: null} reports an CLOSED replica.
2019-11-07 13:51:08,229 [EventQueue-ContainerReportForContainerReportHandler] WARN  container.ContainerReportHandler (AbstractContainerReportHandler.java:updateContainerState(145)) - Container #1 is in OPEN state, but the datanode c4d74ea5-4e51-490d-ae77-7f64a80784ec{ip: 192.168.34.59, host: pr-hdds-2329-pipelines-xb8hx-2504970213, networkLocation: /default-rack, certSerialId: null} reports an CLOSED replica.
2019-11-07 13:51:08,400 [EventQueue-ContainerReportForContainerReportHandler] WARN  container.ContainerReportHandler (AbstractContainerReportHandler.java:updateContainerState(145)) - Container #1 is in OPEN state, but the datanode 71a86a4d-23f3-4eb4-8ea5-d143fc2c84ef{ip: 192.168.34.59, host: pr-hdds-2329-pipelines-xb8hx-2504970213, networkLocation: /default-rack, certSerialId: null} reports an CLOSED replica.
2019-11-07 13:51:08,601 [EventQueue-ContainerReportForContainerReportHandler] WARN  container.ContainerReportHandler (AbstractContainerReportHandler.java:updateContainerState(145)) - Container #1 is in OPEN state, but the datanode 71a86a4d-23f3-4eb4-8ea5-d143fc2c84ef{ip: 192.168.34.59, host: pr-hdds-2329-pipelines-xb8hx-2504970213, networkLocation: /default-rack, certSerialId: null} reports an CLOSED replica.
2019-11-07 13:51:08,629 [EventQueue-ContainerReportForContainerReportHandler] WARN  container.ContainerReportHandler (AbstractContainerReportHandler.java:updateContainerState(145)) - Container #1 is in OPEN state, but the datanode c4d74ea5-4e51-490d-ae77-7f64a80784ec{ip: 192.168.34.59, host: pr-hdds-2329-pipelines-xb8hx-2504970213, networkLocation: /default-rack, certSerialId: null} reports an CLOSED replica.
2019-11-07 13:51:08,801 [EventQueue-ContainerReportForContainerReportHandler] WARN  container.ContainerReportHandler (AbstractContainerReportHandler.java:updateContainerState(145)) - Container #1 is in OPEN state, but the datanode 71a86a4d-23f3-4eb4-8ea5-d143fc2c84ef{ip: 192.168.34.59, host: pr-hdds-2329-pipelines-xb8hx-2504970213, networkLocation: /default-rack, certSerialId: null} reports an CLOSED replica.
2019-11-07 13:51:08,836 [java.util.concurrent.ThreadPoolExecutor$Worker@f89c058[State = -1, empty queue]] WARN  server.GrpcLogAppender (GrpcLogAppender.java:timeoutAppendRequest(209)) - 71a86a4d-23f3-4eb4-8ea5-d143fc2c84ef@group-5EFA7C96AEB4->5995e050-5950-4b38-8270-33206f256198-GrpcLogAppender: appendEntries Timeout, request=71a86a4d-23f3-4eb4-8ea5-d143fc2c84ef->5995e050-5950-4b38-8270-33206f256198#35-t2, previous=(t:2, i:10), leaderCommit=10, initializing? false, entries: <empty>
2019-11-07 13:51:08,930 [EventQueue-ContainerReportForContainerReportHandler] WARN  container.ContainerReportHandler (AbstractContainerReportHandler.java:updateContainerState(145)) - Container #1 is in OPEN state, but the datanode c4d74ea5-4e51-490d-ae77-7f64a80784ec{ip: 192.168.34.59, host: pr-hdds-2329-pipelines-xb8hx-2504970213, networkLocation: /default-rack, certSerialId: null} reports an CLOSED replica.
2019-11-07 13:51:09,020 [BlockDeletingService#2] WARN  background.BlockDeletingService (BlockDeletingService.java:isDeletionAllowed(187)) - Close Container log Index 6 is not replicated across allthe servers in the pipeline 19060351-f974-4d09-a844-5efa7c96aeb4 as the min replicated index is 4. Deletion is not allowed in this container yet.
2019-11-07 13:51:09,020 [BlockDeletingService#7] WARN  background.BlockDeletingService (BlockDeletingService.java:isDeletionAllowed(187)) - Close Container log Index 6 is not replicated across allthe servers in the pipeline 19060351-f974-4d09-a844-5efa7c96aeb4 as the min replicated index is 4. Deletion is not allowed in this container yet.
2019-11-07 13:51:09,130 [EventQueue-ContainerReportForContainerReportHandler] WARN  container.ContainerReportHandler (AbstractContainerReportHandler.java:updateContainerState(145)) - Container #1 is in OPEN state, but the datanode c4d74ea5-4e51-490d-ae77-7f64a80784ec{ip: 192.168.34.59, host: pr-hdds-2329-pipelines-xb8hx-2504970213, networkLocation: /default-rack, certSerialId: null} reports an CLOSED replica.
2019-11-07 13:51:09,201 [EventQueue-ContainerReportForContainerReportHandler] WARN  container.ContainerReportHandler (AbstractContainerReportHandler.java:updateContainerState(145)) - Container #1 is in OPEN state, but the datanode 71a86a4d-23f3-4eb4-8ea5-d143fc2c84ef{ip: 192.168.34.59, host: pr-hdds-2329-pipelines-xb8hx-2504970213, networkLocation: /default-rack, certSerialId: null} reports an CLOSED replica.
2019-11-07 13:51:09,431 [EventQueue-ContainerReportForContainerReportHandler] WARN  container.ContainerReportHandler (AbstractContainerReportHandler.java:updateContainerState(145)) - Container #1 is in OPEN state, but the datanode c4d74ea5-4e51-490d-ae77-7f64a80784ec{ip: 192.168.34.59, host: pr-hdds-2329-pipelines-xb8hx-2504970213, networkLocation: /default-rack, certSerialId: null} reports an CLOSED replica.
2019-11-07 13:51:09,502 [EventQueue-ContainerReportForContainerReportHandler] WARN  container.ContainerReportHandler (AbstractContainerReportHandler.java:updateContainerState(145)) - Container #1 is in OPEN state, but the datanode 71a86a4d-23f3-4eb4-8ea5-d143fc2c84ef{ip: 192.168.34.59, host: pr-hdds-2329-pipelines-xb8hx-2504970213, networkLocation: /default-rack, certSerialId: null} reports an CLOSED replica.
2019-11-07 13:51:09,630 [EventQueue-ContainerReportForContainerReportHandler] WARN  container.ContainerReportHandler (AbstractContainerReportHandler.java:updateContainerState(145)) - Container #1 is in OPEN state, but the datanode c4d74ea5-4e51-490d-ae77-7f64a80784ec{ip: 192.168.34.59, host: pr-hdds-2329-pipelines-xb8hx-2504970213, networkLocation: /default-rack, certSerialId: null} reports an CLOSED replica.
2019-11-07 13:51:09,902 [EventQueue-ContainerReportForContainerReportHandler] WARN  container.ContainerReportHandler (AbstractContainerReportHandler.java:updateContainerState(145)) - Container #1 is in OPEN state, but the datanode 71a86a4d-23f3-4eb4-8ea5-d143fc2c84ef{ip: 192.168.34.59, host: pr-hdds-2329-pipelines-xb8hx-2504970213, networkLocation: /default-rack, certSerialId: null} reports an CLOSED replica.
2019-11-07 13:51:10,022 [BlockDeletingService#2] WARN  background.BlockDeletingService (BlockDeletingService.java:isDeletionAllowed(187)) - Close Container log Index 6 is not replicated across allthe servers in the pipeline 19060351-f974-4d09-a844-5efa7c96aeb4 as the min replicated index is 4. Deletion is not allowed in this container yet.
2019-11-07 13:51:10,022 [BlockDeletingService#7] WARN  background.BlockDeletingService (BlockDeletingService.java:isDeletionAllowed(187)) - Close Container log Index 6 is not replicated across allthe servers in the pipeline 19060351-f974-4d09-a844-5efa7c96aeb4 as the min replicated index is 4. Deletion is not allowed in this container yet.
2019-11-07 13:51:10,031 [EventQueue-ContainerReportForContainerReportHandler] WARN  container.ContainerReportHandler (AbstractContainerReportHandler.java:updateContainerState(145)) - Container #1 is in OPEN state, but the datanode c4d74ea5-4e51-490d-ae77-7f64a80784ec{ip: 192.168.34.59, host: pr-hdds-2329-pipelines-xb8hx-2504970213, networkLocation: /default-rack, certSerialId: null} reports an CLOSED replica.
2019-11-07 13:51:10,302 [EventQueue-ContainerReportForContainerReportHandler] WARN  container.ContainerReportHandler (AbstractContainerReportHandler.java:updateContainerState(145)) - Container #1 is in OPEN state, but the datanode 71a86a4d-23f3-4eb4-8ea5-d143fc2c84ef{ip: 192.168.34.59, host: pr-hdds-2329-pipelines-xb8hx-2504970213, networkLocation: /default-rack, certSerialId: null} reports an CLOSED replica.
2019-11-07 13:51:10,430 [EventQueue-ContainerReportForContainerReportHandler] WARN  container.ContainerReportHandler (AbstractContainerReportHandler.java:updateContainerState(145)) - Container #1 is in OPEN state, but the datanode c4d74ea5-4e51-490d-ae77-7f64a80784ec{ip: 192.168.34.59, host: pr-hdds-2329-pipelines-xb8hx-2504970213, networkLocation: /default-rack, certSerialId: null} reports an CLOSED replica.
2019-11-07 13:51:10,602 [EventQueue-ContainerReportForContainerReportHandler] WARN  container.ContainerReportHandler (AbstractContainerReportHandler.java:updateContainerState(145)) - Container #1 is in OPEN state, but the datanode 71a86a4d-23f3-4eb4-8ea5-d143fc2c84ef{ip: 192.168.34.59, host: pr-hdds-2329-pipelines-xb8hx-2504970213, networkLocation: /default-rack, certSerialId: null} reports an CLOSED replica.
2019-11-07 13:51:10,802 [EventQueue-ContainerReportForContainerReportHandler] WARN  container.ContainerReportHandler (AbstractContainerReportHandler.java:updateContainerState(145)) - Container #1 is in OPEN state, but the datanode 71a86a4d-23f3-4eb4-8ea5-d143fc2c84ef{ip: 192.168.34.59, host: pr-hdds-2329-pipelines-xb8hx-2504970213, networkLocation: /default-rack, certSerialId: null} reports an CLOSED replica.
2019-11-07 13:51:10,831 [EventQueue-ContainerReportForContainerReportHandler] WARN  container.ContainerReportHandler (AbstractContainerReportHandler.java:updateContainerState(145)) - Container #1 is in OPEN state, but the datanode c4d74ea5-4e51-490d-ae77-7f64a80784ec{ip: 192.168.34.59, host: pr-hdds-2329-pipelines-xb8hx-2504970213, networkLocation: /default-rack, certSerialId: null} reports an CLOSED replica.
2019-11-07 13:51:11,024 [BlockDeletingService#2] WARN  background.BlockDeletingService (BlockDeletingService.java:isDeletionAllowed(187)) - Close Container log Index 6 is not replicated across allthe servers in the pipeline 19060351-f974-4d09-a844-5efa7c96aeb4 as the min replicated index is 4. Deletion is not allowed in this container yet.
2019-11-07 13:51:11,024 [BlockDeletingService#7] WARN  background.BlockDeletingService (BlockDeletingService.java:isDeletionAllowed(187)) - Close Container log Index 6 is not replicated across allthe servers in the pipeline 19060351-f974-4d09-a844-5efa7c96aeb4 as the min replicated index is 4. Deletion is not allowed in this container yet.
2019-11-07 13:51:11,031 [EventQueue-ContainerReportForContainerReportHandler] WARN  container.ContainerReportHandler (AbstractContainerReportHandler.java:updateContainerState(145)) - Container #1 is in OPEN state, but the datanode c4d74ea5-4e51-490d-ae77-7f64a80784ec{ip: 192.168.34.59, host: pr-hdds-2329-pipelines-xb8hx-2504970213, networkLocation: /default-rack, certSerialId: null} reports an CLOSED replica.
2019-11-07 13:51:11,102 [EventQueue-ContainerReportForContainerReportHandler] WARN  container.ContainerReportHandler (AbstractContainerReportHandler.java:updateContainerState(145)) - Container #1 is in OPEN state, but the datanode 71a86a4d-23f3-4eb4-8ea5-d143fc2c84ef{ip: 192.168.34.59, host: pr-hdds-2329-pipelines-xb8hx-2504970213, networkLocation: /default-rack, certSerialId: null} reports an CLOSED replica.
2019-11-07 13:51:11,303 [EventQueue-ContainerReportForContainerReportHandler] WARN  container.ContainerReportHandler (AbstractContainerReportHandler.java:updateContainerState(145)) - Container #1 is in OPEN state, but the datanode 71a86a4d-23f3-4eb4-8ea5-d143fc2c84ef{ip: 192.168.34.59, host: pr-hdds-2329-pipelines-xb8hx-2504970213, networkLocation: /default-rack, certSerialId: null} reports an CLOSED replica.
2019-11-07 13:51:11,330 [EventQueue-ContainerReportForContainerReportHandler] WARN  container.ContainerReportHandler (AbstractContainerReportHandler.java:updateContainerState(145)) - Container #1 is in OPEN state, but the datanode c4d74ea5-4e51-490d-ae77-7f64a80784ec{ip: 192.168.34.59, host: pr-hdds-2329-pipelines-xb8hx-2504970213, networkLocation: /default-rack, certSerialId: null} reports an CLOSED replica.
2019-11-07 13:51:11,336 [java.util.concurrent.ThreadPoolExecutor$Worker@f89c058[State = -1, empty queue]] WARN  server.GrpcLogAppender (GrpcLogAppender.java:timeoutAppendRequest(209)) - 71a86a4d-23f3-4eb4-8ea5-d143fc2c84ef@group-5EFA7C96AEB4->5995e050-5950-4b38-8270-33206f256198-GrpcLogAppender: appendEntries Timeout, request=71a86a4d-23f3-4eb4-8ea5-d143fc2c84ef->5995e050-5950-4b38-8270-33206f256198#36-t2, previous=(t:2, i:10), leaderCommit=10, initializing? false, entries: <empty>
2019-11-07 13:51:11,530 [EventQueue-ContainerReportForContainerReportHandler] WARN  container.ContainerReportHandler (AbstractContainerReportHandler.java:updateContainerState(145)) - Container #1 is in OPEN state, but the datanode c4d74ea5-4e51-490d-ae77-7f64a80784ec{ip: 192.168.34.59, host: pr-hdds-2329-pipelines-xb8hx-2504970213, networkLocation: /default-rack, certSerialId: null} reports an CLOSED replica.
2019-11-07 13:51:11,604 [EventQueue-ContainerReportForContainerReportHandler] WARN  container.ContainerReportHandler (AbstractContainerReportHandler.java:updateContainerState(145)) - Container #1 is in OPEN state, but the datanode 71a86a4d-23f3-4eb4-8ea5-d143fc2c84ef{ip: 192.168.34.59, host: pr-hdds-2329-pipelines-xb8hx-2504970213, networkLocation: /default-rack, certSerialId: null} reports an CLOSED replica.
2019-11-07 13:51:11,730 [EventQueue-ContainerReportForContainerReportHandler] WARN  container.ContainerReportHandler (AbstractContainerReportHandler.java:updateContainerState(145)) - Container #1 is in OPEN state, but the datanode c4d74ea5-4e51-490d-ae77-7f64a80784ec{ip: 192.168.34.59, host: pr-hdds-2329-pipelines-xb8hx-2504970213, networkLocation: /default-rack, certSerialId: null} reports an CLOSED replica.
2019-11-07 13:51:11,902 [EventQueue-ContainerReportForContainerReportHandler] WARN  container.ContainerReportHandler (AbstractContainerReportHandler.java:updateContainerState(145)) - Container #1 is in OPEN state, but the datanode 71a86a4d-23f3-4eb4-8ea5-d143fc2c84ef{ip: 192.168.34.59, host: pr-hdds-2329-pipelines-xb8hx-2504970213, networkLocation: /default-rack, certSerialId: null} reports an CLOSED replica.
2019-11-07 13:51:12,026 [BlockDeletingService#2] WARN  background.BlockDeletingService (BlockDeletingService.java:isDeletionAllowed(187)) - Close Container log Index 6 is not replicated across allthe servers in the pipeline 19060351-f974-4d09-a844-5efa7c96aeb4 as the min replicated index is 4. Deletion is not allowed in this container yet.
2019-11-07 13:51:12,026 [BlockDeletingService#7] WARN  background.BlockDeletingService (BlockDeletingService.java:isDeletionAllowed(187)) - Close Container log Index 6 is not replicated across allthe servers in the pipeline 19060351-f974-4d09-a844-5efa7c96aeb4 as the min replicated index is 4. Deletion is not allowed in this container yet.
2019-11-07 13:51:12,103 [EventQueue-ContainerReportForContainerReportHandler] WARN  container.ContainerReportHandler (AbstractContainerReportHandler.java:updateContainerState(145)) - Container #1 is in OPEN state, but the datanode 71a86a4d-23f3-4eb4-8ea5-d143fc2c84ef{ip: 192.168.34.59, host: pr-hdds-2329-pipelines-xb8hx-2504970213, networkLocation: /default-rack, certSerialId: null} reports an CLOSED replica.
2019-11-07 13:51:12,130 [EventQueue-ContainerReportForContainerReportHandler] WARN  container.ContainerReportHandler (AbstractContainerReportHandler.java:updateContainerState(145)) - Container #1 is in OPEN state, but the datanode c4d74ea5-4e51-490d-ae77-7f64a80784ec{ip: 192.168.34.59, host: pr-hdds-2329-pipelines-xb8hx-2504970213, networkLocation: /default-rack, certSerialId: null} reports an CLOSED replica.
2019-11-07 13:51:12,430 [EventQueue-ContainerReportForContainerReportHandler] WARN  container.ContainerReportHandler (AbstractContainerReportHandler.java:updateContainerState(145)) - Container #1 is in OPEN state, but the datanode c4d74ea5-4e51-490d-ae77-7f64a80784ec{ip: 192.168.34.59, host: pr-hdds-2329-pipelines-xb8hx-2504970213, networkLocation: /default-rack, certSerialId: null} reports an CLOSED replica.
2019-11-07 13:51:12,503 [EventQueue-ContainerReportForContainerReportHandler] WARN  container.ContainerReportHandler (AbstractContainerReportHandler.java:updateContainerState(145)) - Container #1 is in OPEN state, but the datanode 71a86a4d-23f3-4eb4-8ea5-d143fc2c84ef{ip: 192.168.34.59, host: pr-hdds-2329-pipelines-xb8hx-2504970213, networkLocation: /default-rack, certSerialId: null} reports an CLOSED replica.
2019-11-07 13:51:12,804 [EventQueue-ContainerReportForContainerReportHandler] WARN  container.ContainerReportHandler (AbstractContainerReportHandler.java:updateContainerState(145)) - Container #1 is in OPEN state, but the datanode 71a86a4d-23f3-4eb4-8ea5-d143fc2c84ef{ip: 192.168.34.59, host: pr-hdds-2329-pipelines-xb8hx-2504970213, networkLocation: /default-rack, certSerialId: null} reports an CLOSED replica.
2019-11-07 13:51:12,830 [EventQueue-ContainerReportForContainerReportHandler] WARN  container.ContainerReportHandler (AbstractContainerReportHandler.java:updateContainerState(145)) - Container #1 is in OPEN state, but the datanode c4d74ea5-4e51-490d-ae77-7f64a80784ec{ip: 192.168.34.59, host: pr-hdds-2329-pipelines-xb8hx-2504970213, networkLocation: /default-rack, certSerialId: null} reports an CLOSED replica.
2019-11-07 13:51:13,028 [BlockDeletingService#7] WARN  background.BlockDeletingService (BlockDeletingService.java:isDeletionAllowed(187)) - Close Container log Index 6 is not replicated across allthe servers in the pipeline 19060351-f974-4d09-a844-5efa7c96aeb4 as the min replicated index is 4. Deletion is not allowed in this container yet.
2019-11-07 13:51:13,028 [BlockDeletingService#2] WARN  background.BlockDeletingService (BlockDeletingService.java:isDeletionAllowed(187)) - Close Container log Index 6 is not replicated across allthe servers in the pipeline 19060351-f974-4d09-a844-5efa7c96aeb4 as the min replicated index is 4. Deletion is not allowed in this container yet.
2019-11-07 13:51:13,104 [EventQueue-ContainerReportForContainerReportHandler] WARN  container.ContainerReportHandler (AbstractContainerReportHandler.java:updateContainerState(145)) - Container #1 is in OPEN state, but the datanode 71a86a4d-23f3-4eb4-8ea5-d143fc2c84ef{ip: 192.168.34.59, host: pr-hdds-2329-pipelines-xb8hx-2504970213, networkLocation: /default-rack, certSerialId: null} reports an CLOSED replica.
2019-11-07 13:51:13,133 [EventQueue-ContainerReportForContainerReportHandler] WARN  container.ContainerReportHandler (AbstractContainerReportHandler.java:updateContainerState(145)) - Container #1 is in OPEN state, but the datanode c4d74ea5-4e51-490d-ae77-7f64a80784ec{ip: 192.168.34.59, host: pr-hdds-2329-pipelines-xb8hx-2504970213, networkLocation: /default-rack, certSerialId: null} reports an CLOSED replica.
2019-11-07 13:51:13,303 [EventQueue-ContainerReportForContainerReportHandler] WARN  container.ContainerReportHandler (AbstractContainerReportHandler.java:updateContainerState(145)) - Container #1 is in OPEN state, but the datanode 71a86a4d-23f3-4eb4-8ea5-d143fc2c84ef{ip: 192.168.34.59, host: pr-hdds-2329-pipelines-xb8hx-2504970213, networkLocation: /default-rack, certSerialId: null} reports an CLOSED replica.
2019-11-07 13:51:13,433 [EventQueue-ContainerReportForContainerReportHandler] WARN  container.ContainerReportHandler (AbstractContainerReportHandler.java:updateContainerState(145)) - Container #1 is in OPEN state, but the datanode c4d74ea5-4e51-490d-ae77-7f64a80784ec{ip: 192.168.34.59, host: pr-hdds-2329-pipelines-xb8hx-2504970213, networkLocation: /default-rack, certSerialId: null} reports an CLOSED replica.
2019-11-07 13:51:13,603 [EventQueue-ContainerReportForContainerReportHandler] WARN  container.ContainerReportHandler (AbstractContainerReportHandler.java:updateContainerState(145)) - Container #1 is in OPEN state, but the datanode 71a86a4d-23f3-4eb4-8ea5-d143fc2c84ef{ip: 192.168.34.59, host: pr-hdds-2329-pipelines-xb8hx-2504970213, networkLocation: /default-rack, certSerialId: null} reports an CLOSED replica.
2019-11-07 13:51:13,632 [EventQueue-ContainerReportForContainerReportHandler] WARN  container.ContainerReportHandler (AbstractContainerReportHandler.java:updateContainerState(145)) - Container #1 is in OPEN state, but the datanode c4d74ea5-4e51-490d-ae77-7f64a80784ec{ip: 192.168.34.59, host: pr-hdds-2329-pipelines-xb8hx-2504970213, networkLocation: /default-rack, certSerialId: null} reports an CLOSED replica.
2019-11-07 13:51:13,832 [EventQueue-ContainerReportForContainerReportHandler] WARN  container.ContainerReportHandler (AbstractContainerReportHandler.java:updateContainerState(145)) - Container #1 is in OPEN state, but the datanode c4d74ea5-4e51-490d-ae77-7f64a80784ec{ip: 192.168.34.59, host: pr-hdds-2329-pipelines-xb8hx-2504970213, networkLocation: /default-rack, certSerialId: null} reports an CLOSED replica.
2019-11-07 13:51:13,838 [java.util.concurrent.ThreadPoolExecutor$Worker@f89c058[State = -1, empty queue]] WARN  server.GrpcLogAppender (GrpcLogAppender.java:timeoutAppendRequest(209)) - 71a86a4d-23f3-4eb4-8ea5-d143fc2c84ef@group-5EFA7C96AEB4->5995e050-5950-4b38-8270-33206f256198-GrpcLogAppender: appendEntries Timeout, request=71a86a4d-23f3-4eb4-8ea5-d143fc2c84ef->5995e050-5950-4b38-8270-33206f256198#37-t2, previous=(t:2, i:10), leaderCommit=10, initializing? false, entries: <empty>
2019-11-07 13:51:13,904 [EventQueue-ContainerReportForContainerReportHandler] WARN  container.ContainerReportHandler (AbstractContainerReportHandler.java:updateContainerState(145)) - Container #1 is in OPEN state, but the datanode 71a86a4d-23f3-4eb4-8ea5-d143fc2c84ef{ip: 192.168.34.59, host: pr-hdds-2329-pipelines-xb8hx-2504970213, networkLocation: /default-rack, certSerialId: null} reports an CLOSED replica.
2019-11-07 13:51:14,029 [BlockDeletingService#2] WARN  background.BlockDeletingService (BlockDeletingService.java:isDeletionAllowed(187)) - Close Container log Index 6 is not replicated across allthe servers in the pipeline 19060351-f974-4d09-a844-5efa7c96aeb4 as the min replicated index is 4. Deletion is not allowed in this container yet.
2019-11-07 13:51:14,029 [BlockDeletingService#7] WARN  background.BlockDeletingService (BlockDeletingService.java:isDeletionAllowed(187)) - Close Container log Index 6 is not replicated across allthe servers in the pipeline 19060351-f974-4d09-a844-5efa7c96aeb4 as the min replicated index is 4. Deletion is not allowed in this container yet.
2019-11-07 13:51:14,132 [EventQueue-ContainerReportForContainerReportHandler] WARN  container.ContainerReportHandler (AbstractContainerReportHandler.java:updateContainerState(145)) - Container #1 is in OPEN state, but the datanode c4d74ea5-4e51-490d-ae77-7f64a80784ec{ip: 192.168.34.59, host: pr-hdds-2329-pipelines-xb8hx-2504970213, networkLocation: /default-rack, certSerialId: null} reports an CLOSED replica.
2019-11-07 13:51:14,204 [EventQueue-ContainerReportForContainerReportHandler] WARN  container.ContainerReportHandler (AbstractContainerReportHandler.java:updateContainerState(145)) - Container #1 is in OPEN state, but the datanode 71a86a4d-23f3-4eb4-8ea5-d143fc2c84ef{ip: 192.168.34.59, host: pr-hdds-2329-pipelines-xb8hx-2504970213, networkLocation: /default-rack, certSerialId: null} reports an CLOSED replica.
2019-11-07 13:51:14,405 [EventQueue-ContainerReportForContainerReportHandler] WARN  container.ContainerReportHandler (AbstractContainerReportHandler.java:updateContainerState(145)) - Container #1 is in OPEN state, but the datanode 71a86a4d-23f3-4eb4-8ea5-d143fc2c84ef{ip: 192.168.34.59, host: pr-hdds-2329-pipelines-xb8hx-2504970213, networkLocation: /default-rack, certSerialId: null} reports an CLOSED replica.
2019-11-07 13:51:14,432 [EventQueue-ContainerReportForContainerReportHandler] WARN  container.ContainerReportHandler (AbstractContainerReportHandler.java:updateContainerState(145)) - Container #1 is in OPEN state, but the datanode c4d74ea5-4e51-490d-ae77-7f64a80784ec{ip: 192.168.34.59, host: pr-hdds-2329-pipelines-xb8hx-2504970213, networkLocation: /default-rack, certSerialId: null} reports an CLOSED replica.
2019-11-07 13:51:14,633 [EventQueue-ContainerReportForContainerReportHandler] WARN  container.ContainerReportHandler (AbstractContainerReportHandler.java:updateContainerState(145)) - Container #1 is in OPEN state, but the datanode c4d74ea5-4e51-490d-ae77-7f64a80784ec{ip: 192.168.34.59, host: pr-hdds-2329-pipelines-xb8hx-2504970213, networkLocation: /default-rack, certSerialId: null} reports an CLOSED replica.
2019-11-07 13:51:14,704 [EventQueue-ContainerReportForContainerReportHandler] WARN  container.ContainerReportHandler (AbstractContainerReportHandler.java:updateContainerState(145)) - Container #1 is in OPEN state, but the datanode 71a86a4d-23f3-4eb4-8ea5-d143fc2c84ef{ip: 192.168.34.59, host: pr-hdds-2329-pipelines-xb8hx-2504970213, networkLocation: /default-rack, certSerialId: null} reports an CLOSED replica.
2019-11-07 13:51:15,005 [EventQueue-ContainerReportForContainerReportHandler] WARN  container.ContainerReportHandler (AbstractContainerReportHandler.java:updateContainerState(145)) - Container #1 is in OPEN state, but the datanode 71a86a4d-23f3-4eb4-8ea5-d143fc2c84ef{ip: 192.168.34.59, host: pr-hdds-2329-pipelines-xb8hx-2504970213, networkLocation: /default-rack, certSerialId: null} reports an CLOSED replica.
2019-11-07 13:51:15,031 [BlockDeletingService#7] WARN  background.BlockDeletingService (BlockDeletingService.java:isDeletionAllowed(187)) - Close Container log Index 6 is not replicated across allthe servers in the pipeline 19060351-f974-4d09-a844-5efa7c96aeb4 as the min replicated index is 4. Deletion is not allowed in this container yet.
2019-11-07 13:51:15,031 [BlockDeletingService#2] WARN  background.BlockDeletingService (BlockDeletingService.java:isDeletionAllowed(187)) - Close Container log Index 6 is not replicated across allthe servers in the pipeline 19060351-f974-4d09-a844-5efa7c96aeb4 as the min replicated index is 4. Deletion is not allowed in this container yet.
2019-11-07 13:51:15,034 [EventQueue-ContainerReportForContainerReportHandler] WARN  container.ContainerReportHandler (AbstractContainerReportHandler.java:updateContainerState(145)) - Container #1 is in OPEN state, but the datanode c4d74ea5-4e51-490d-ae77-7f64a80784ec{ip: 192.168.34.59, host: pr-hdds-2329-pipelines-xb8hx-2504970213, networkLocation: /default-rack, certSerialId: null} reports an CLOSED replica.
2019-11-07 13:51:15,206 [EventQueue-ContainerReportForContainerReportHandler] WARN  container.ContainerReportHandler (AbstractContainerReportHandler.java:updateContainerState(145)) - Container #1 is in OPEN state, but the datanode 71a86a4d-23f3-4eb4-8ea5-d143fc2c84ef{ip: 192.168.34.59, host: pr-hdds-2329-pipelines-xb8hx-2504970213, networkLocation: /default-rack, certSerialId: null} reports an CLOSED replica.
2019-11-07 13:51:15,333 [EventQueue-ContainerReportForContainerReportHandler] WARN  container.ContainerReportHandler (AbstractContainerReportHandler.java:updateContainerState(145)) - Container #1 is in OPEN state, but the datanode c4d74ea5-4e51-490d-ae77-7f64a80784ec{ip: 192.168.34.59, host: pr-hdds-2329-pipelines-xb8hx-2504970213, networkLocation: /default-rack, certSerialId: null} reports an CLOSED replica.
2019-11-07 13:51:15,505 [EventQueue-ContainerReportForContainerReportHandler] WARN  container.ContainerReportHandler (AbstractContainerReportHandler.java:updateContainerState(145)) - Container #1 is in OPEN state, but the datanode 71a86a4d-23f3-4eb4-8ea5-d143fc2c84ef{ip: 192.168.34.59, host: pr-hdds-2329-pipelines-xb8hx-2504970213, networkLocation: /default-rack, certSerialId: null} reports an CLOSED replica.
2019-11-07 13:51:15,634 [EventQueue-ContainerReportForContainerReportHandler] WARN  container.ContainerReportHandler (AbstractContainerReportHandler.java:updateContainerState(145)) - Container #1 is in OPEN state, but the datanode c4d74ea5-4e51-490d-ae77-7f64a80784ec{ip: 192.168.34.59, host: pr-hdds-2329-pipelines-xb8hx-2504970213, networkLocation: /default-rack, certSerialId: null} reports an CLOSED replica.
2019-11-07 13:51:15,835 [EventQueue-ContainerReportForContainerReportHandler] WARN  container.ContainerReportHandler (AbstractContainerReportHandler.java:updateContainerState(145)) - Container #1 is in OPEN state, but the datanode c4d74ea5-4e51-490d-ae77-7f64a80784ec{ip: 192.168.34.59, host: pr-hdds-2329-pipelines-xb8hx-2504970213, networkLocation: /default-rack, certSerialId: null} reports an CLOSED replica.
2019-11-07 13:51:15,870 [Thread-456] INFO  client.GrpcClientProtocolService (GrpcClientProtocolService.java:lambda$processClientRequest$0(279)) - Failed RaftClientRequest:client-0F90B2C4DA5A->c4d74ea5-4e51-490d-ae77-7f64a80784ec@group-5EFA7C96AEB4, cid=10, seq=0, Watch-ALL_COMMITTED(6), Message:<EMPTY>, reply=RaftClientReply:client-0F90B2C4DA5A->c4d74ea5-4e51-490d-ae77-7f64a80784ec@group-5EFA7C96AEB4, cid=10, FAILED org.apache.ratis.protocol.NotLeaderException: Server c4d74ea5-4e51-490d-ae77-7f64a80784ec@group-5EFA7C96AEB4 is not the leader 71a86a4d-23f3-4eb4-8ea5-d143fc2c84ef:192.168.34.59:36384, logIndex=0, commits[c4d74ea5-4e51-490d-ae77-7f64a80784ec:c10, 71a86a4d-23f3-4eb4-8ea5-d143fc2c84ef:c10, 5995e050-5950-4b38-8270-33206f256198:c4]
2019-11-07 13:51:15,906 [EventQueue-ContainerReportForContainerReportHandler] WARN  container.ContainerReportHandler (AbstractContainerReportHandler.java:updateContainerState(145)) - Container #1 is in OPEN state, but the datanode 71a86a4d-23f3-4eb4-8ea5-d143fc2c84ef{ip: 192.168.34.59, host: pr-hdds-2329-pipelines-xb8hx-2504970213, networkLocation: /default-rack, certSerialId: null} reports an CLOSED replica.
2019-11-07 13:51:16,034 [BlockDeletingService#7] WARN  background.BlockDeletingService (BlockDeletingService.java:isDeletionAllowed(187)) - Close Container log Index 6 is not replicated across allthe servers in the pipeline 19060351-f974-4d09-a844-5efa7c96aeb4 as the min replicated index is 4. Deletion is not allowed in this container yet.
2019-11-07 13:51:16,034 [BlockDeletingService#2] WARN  background.BlockDeletingService (BlockDeletingService.java:isDeletionAllowed(187)) - Close Container log Index 6 is not replicated across allthe servers in the pipeline 19060351-f974-4d09-a844-5efa7c96aeb4 as the min replicated index is 4. Deletion is not allowed in this container yet.
2019-11-07 13:51:16,037 [EventQueue-ContainerReportForContainerReportHandler] WARN  container.ContainerReportHandler (AbstractContainerReportHandler.java:updateContainerState(145)) - Container #1 is in OPEN state, but the datanode c4d74ea5-4e51-490d-ae77-7f64a80784ec{ip: 192.168.34.59, host: pr-hdds-2329-pipelines-xb8hx-2504970213, networkLocation: /default-rack, certSerialId: null} reports an CLOSED replica.
2019-11-07 13:51:16,106 [EventQueue-ContainerReportForContainerReportHandler] WARN  container.ContainerReportHandler (AbstractContainerReportHandler.java:updateContainerState(145)) - Container #1 is in OPEN state, but the datanode 71a86a4d-23f3-4eb4-8ea5-d143fc2c84ef{ip: 192.168.34.59, host: pr-hdds-2329-pipelines-xb8hx-2504970213, networkLocation: /default-rack, certSerialId: null} reports an CLOSED replica.
2019-11-07 13:51:16,340 [java.util.concurrent.ThreadPoolExecutor$Worker@f89c058[State = -1, empty queue]] WARN  server.GrpcLogAppender (GrpcLogAppender.java:timeoutAppendRequest(209)) - 71a86a4d-23f3-4eb4-8ea5-d143fc2c84ef@group-5EFA7C96AEB4->5995e050-5950-4b38-8270-33206f256198-GrpcLogAppender: appendEntries Timeout, request=71a86a4d-23f3-4eb4-8ea5-d143fc2c84ef->5995e050-5950-4b38-8270-33206f256198#38-t2, previous=(t:2, i:10), leaderCommit=10, initializing? false, entries: <empty>
2019-11-07 13:51:16,407 [EventQueue-ContainerReportForContainerReportHandler] WARN  container.ContainerReportHandler (AbstractContainerReportHandler.java:updateContainerState(145)) - Container #1 is in OPEN state, but the datanode 71a86a4d-23f3-4eb4-8ea5-d143fc2c84ef{ip: 192.168.34.59, host: pr-hdds-2329-pipelines-xb8hx-2504970213, networkLocation: /default-rack, certSerialId: null} reports an CLOSED replica.
2019-11-07 13:51:16,436 [EventQueue-ContainerReportForContainerReportHandler] WARN  container.ContainerReportHandler (AbstractContainerReportHandler.java:updateContainerState(145)) - Container #1 is in OPEN state, but the datanode c4d74ea5-4e51-490d-ae77-7f64a80784ec{ip: 192.168.34.59, host: pr-hdds-2329-pipelines-xb8hx-2504970213, networkLocation: /default-rack, certSerialId: null} reports an CLOSED replica.
2019-11-07 13:51:16,607 [EventQueue-ContainerReportForContainerReportHandler] WARN  container.ContainerReportHandler (AbstractContainerReportHandler.java:updateContainerState(145)) - Container #1 is in OPEN state, but the datanode 71a86a4d-23f3-4eb4-8ea5-d143fc2c84ef{ip: 192.168.34.59, host: pr-hdds-2329-pipelines-xb8hx-2504970213, networkLocation: /default-rack, certSerialId: null} reports an CLOSED replica.
2019-11-07 13:51:16,737 [EventQueue-ContainerReportForContainerReportHandler] WARN  container.ContainerReportHandler (AbstractContainerReportHandler.java:updateContainerState(145)) - Container #1 is in OPEN state, but the datanode c4d74ea5-4e51-490d-ae77-7f64a80784ec{ip: 192.168.34.59, host: pr-hdds-2329-pipelines-xb8hx-2504970213, networkLocation: /default-rack, certSerialId: null} reports an CLOSED replica.
2019-11-07 13:51:16,756 [Thread-462] INFO  client.GrpcClientProtocolService (GrpcClientProtocolService.java:lambda$processClientRequest$0(279)) - Failed RaftClientRequest:client-0F90B2C4DA5A->71a86a4d-23f3-4eb4-8ea5-d143fc2c84ef@group-5EFA7C96AEB4, cid=10, seq=0, Watch-ALL_COMMITTED(6), Message:<EMPTY>, reply=RaftClientReply:client-0F90B2C4DA5A->71a86a4d-23f3-4eb4-8ea5-d143fc2c84ef@group-5EFA7C96AEB4, cid=10, FAILED org.apache.ratis.protocol.NotReplicatedException: Request with call Id 10 and log index 6 is not yet replicated to ALL_COMMITTED, logIndex=6, commits[71a86a4d-23f3-4eb4-8ea5-d143fc2c84ef:c10, c4d74ea5-4e51-490d-ae77-7f64a80784ec:c10, 5995e050-5950-4b38-8270-33206f256198:c4]
2019-11-07 13:51:16,906 [EventQueue-ContainerReportForContainerReportHandler] WARN  container.ContainerReportHandler (AbstractContainerReportHandler.java:updateContainerState(145)) - Container #1 is in OPEN state, but the datanode 71a86a4d-23f3-4eb4-8ea5-d143fc2c84ef{ip: 192.168.34.59, host: pr-hdds-2329-pipelines-xb8hx-2504970213, networkLocation: /default-rack, certSerialId: null} reports an CLOSED replica.
2019-11-07 13:51:17,037 [EventQueue-ContainerReportForContainerReportHandler] WARN  container.ContainerReportHandler (AbstractContainerReportHandler.java:updateContainerState(145)) - Container #1 is in OPEN state, but the datanode c4d74ea5-4e51-490d-ae77-7f64a80784ec{ip: 192.168.34.59, host: pr-hdds-2329-pipelines-xb8hx-2504970213, networkLocation: /default-rack, certSerialId: null} reports an CLOSED replica.
2019-11-07 13:51:17,038 [BlockDeletingService#7] WARN  background.BlockDeletingService (BlockDeletingService.java:isDeletionAllowed(187)) - Close Container log Index 6 is not replicated across allthe servers in the pipeline 19060351-f974-4d09-a844-5efa7c96aeb4 as the min replicated index is 4. Deletion is not allowed in this container yet.
2019-11-07 13:51:17,038 [BlockDeletingService#2] WARN  background.BlockDeletingService (BlockDeletingService.java:isDeletionAllowed(187)) - Close Container log Index 6 is not replicated across allthe servers in the pipeline 19060351-f974-4d09-a844-5efa7c96aeb4 as the min replicated index is 4. Deletion is not allowed in this container yet.
2019-11-07 13:51:17,207 [EventQueue-ContainerReportForContainerReportHandler] WARN  container.ContainerReportHandler (AbstractContainerReportHandler.java:updateContainerState(145)) - Container #1 is in OPEN state, but the datanode 71a86a4d-23f3-4eb4-8ea5-d143fc2c84ef{ip: 192.168.34.59, host: pr-hdds-2329-pipelines-xb8hx-2504970213, networkLocation: /default-rack, certSerialId: null} reports an CLOSED replica.
2019-11-07 13:51:17,336 [EventQueue-ContainerReportForContainerReportHandler] WARN  container.ContainerReportHandler (AbstractContainerReportHandler.java:updateContainerState(145)) - Container #1 is in OPEN state, but the datanode c4d74ea5-4e51-490d-ae77-7f64a80784ec{ip: 192.168.34.59, host: pr-hdds-2329-pipelines-xb8hx-2504970213, networkLocation: /default-rack, certSerialId: null} reports an CLOSED replica.
2019-11-07 13:51:17,506 [EventQueue-ContainerReportForContainerReportHandler] WARN  container.ContainerReportHandler (AbstractContainerReportHandler.java:updateContainerState(145)) - Container #1 is in OPEN state, but the datanode 71a86a4d-23f3-4eb4-8ea5-d143fc2c84ef{ip: 192.168.34.59, host: pr-hdds-2329-pipelines-xb8hx-2504970213, networkLocation: /default-rack, certSerialId: null} reports an CLOSED replica.
2019-11-07 13:51:17,736 [EventQueue-ContainerReportForContainerReportHandler] WARN  container.ContainerReportHandler (AbstractContainerReportHandler.java:updateContainerState(145)) - Container #1 is in OPEN state, but the datanode c4d74ea5-4e51-490d-ae77-7f64a80784ec{ip: 192.168.34.59, host: pr-hdds-2329-pipelines-xb8hx-2504970213, networkLocation: /default-rack, certSerialId: null} reports an CLOSED replica.
2019-11-07 13:51:17,807 [EventQueue-ContainerReportForContainerReportHandler] WARN  container.ContainerReportHandler (AbstractContainerReportHandler.java:updateContainerState(145)) - Container #1 is in OPEN state, but the datanode 71a86a4d-23f3-4eb4-8ea5-d143fc2c84ef{ip: 192.168.34.59, host: pr-hdds-2329-pipelines-xb8hx-2504970213, networkLocation: /default-rack, certSerialId: null} reports an CLOSED replica.
2019-11-07 13:51:18,042 [BlockDeletingService#7] WARN  background.BlockDeletingService (BlockDeletingService.java:isDeletionAllowed(187)) - Close Container log Index 6 is not replicated across allthe servers in the pipeline 19060351-f974-4d09-a844-5efa7c96aeb4 as the min replicated index is 4. Deletion is not allowed in this container yet.
2019-11-07 13:51:18,042 [BlockDeletingService#2] WARN  background.BlockDeletingService (BlockDeletingService.java:isDeletionAllowed(187)) - Close Container log Index 6 is not replicated across allthe servers in the pipeline 19060351-f974-4d09-a844-5efa7c96aeb4 as the min replicated index is 4. Deletion is not allowed in this container yet.
2019-11-07 13:51:18,106 [EventQueue-ContainerReportForContainerReportHandler] WARN  container.ContainerReportHandler (AbstractContainerReportHandler.java:updateContainerState(145)) - Container #1 is in OPEN state, but the datanode 71a86a4d-23f3-4eb4-8ea5-d143fc2c84ef{ip: 192.168.34.59, host: pr-hdds-2329-pipelines-xb8hx-2504970213, networkLocation: /default-rack, certSerialId: null} reports an CLOSED replica.
2019-11-07 13:51:18,137 [EventQueue-ContainerReportForContainerReportHandler] WARN  container.ContainerReportHandler (AbstractContainerReportHandler.java:updateContainerState(145)) - Container #1 is in OPEN state, but the datanode c4d74ea5-4e51-490d-ae77-7f64a80784ec{ip: 192.168.34.59, host: pr-hdds-2329-pipelines-xb8hx-2504970213, networkLocation: /default-rack, certSerialId: null} reports an CLOSED replica.
2019-11-07 13:51:18,337 [EventQueue-ContainerReportForContainerReportHandler] WARN  container.ContainerReportHandler (AbstractContainerReportHandler.java:updateContainerState(145)) - Container #1 is in OPEN state, but the datanode c4d74ea5-4e51-490d-ae77-7f64a80784ec{ip: 192.168.34.59, host: pr-hdds-2329-pipelines-xb8hx-2504970213, networkLocation: /default-rack, certSerialId: null} reports an CLOSED replica.
2019-11-07 13:51:18,407 [EventQueue-ContainerReportForContainerReportHandler] WARN  container.ContainerReportHandler (AbstractContainerReportHandler.java:updateContainerState(145)) - Container #1 is in OPEN state, but the datanode 71a86a4d-23f3-4eb4-8ea5-d143fc2c84ef{ip: 192.168.34.59, host: pr-hdds-2329-pipelines-xb8hx-2504970213, networkLocation: /default-rack, certSerialId: null} reports an CLOSED replica.
2019-11-07 13:51:18,636 [EventQueue-ContainerReportForContainerReportHandler] WARN  container.ContainerReportHandler (AbstractContainerReportHandler.java:updateContainerState(145)) - Container #1 is in OPEN state, but the datanode c4d74ea5-4e51-490d-ae77-7f64a80784ec{ip: 192.168.34.59, host: pr-hdds-2329-pipelines-xb8hx-2504970213, networkLocation: /default-rack, certSerialId: null} reports an CLOSED replica.
2019-11-07 13:51:18,707 [EventQueue-ContainerReportForContainerReportHandler] WARN  container.ContainerReportHandler (AbstractContainerReportHandler.java:updateContainerState(145)) - Container #1 is in OPEN state, but the datanode 71a86a4d-23f3-4eb4-8ea5-d143fc2c84ef{ip: 192.168.34.59, host: pr-hdds-2329-pipelines-xb8hx-2504970213, networkLocation: /default-rack, certSerialId: null} reports an CLOSED replica.
2019-11-07 13:51:18,842 [java.util.concurrent.ThreadPoolExecutor$Worker@f89c058[State = -1, empty queue]] WARN  server.GrpcLogAppender (GrpcLogAppender.java:timeoutAppendRequest(209)) - 71a86a4d-23f3-4eb4-8ea5-d143fc2c84ef@group-5EFA7C96AEB4->5995e050-5950-4b38-8270-33206f256198-GrpcLogAppender: appendEntries Timeout, request=71a86a4d-23f3-4eb4-8ea5-d143fc2c84ef->5995e050-5950-4b38-8270-33206f256198#39-t2, previous=(t:2, i:10), leaderCommit=10, initializing? false, entries: <empty>
2019-11-07 13:51:18,906 [EventQueue-ContainerReportForContainerReportHandler] WARN  container.ContainerReportHandler (AbstractContainerReportHandler.java:updateContainerState(145)) - Container #1 is in OPEN state, but the datanode 71a86a4d-23f3-4eb4-8ea5-d143fc2c84ef{ip: 192.168.34.59, host: pr-hdds-2329-pipelines-xb8hx-2504970213, networkLocation: /default-rack, certSerialId: null} reports an CLOSED replica.
2019-11-07 13:51:19,041 [EventQueue-ContainerReportForContainerReportHandler] WARN  container.ContainerReportHandler (AbstractContainerReportHandler.java:updateContainerState(145)) - Container #1 is in OPEN state, but the datanode c4d74ea5-4e51-490d-ae77-7f64a80784ec{ip: 192.168.34.59, host: pr-hdds-2329-pipelines-xb8hx-2504970213, networkLocation: /default-rack, certSerialId: null} reports an CLOSED replica.
2019-11-07 13:51:19,045 [BlockDeletingService#7] WARN  background.BlockDeletingService (BlockDeletingService.java:isDeletionAllowed(187)) - Close Container log Index 6 is not replicated across allthe servers in the pipeline 19060351-f974-4d09-a844-5efa7c96aeb4 as the min replicated index is 4. Deletion is not allowed in this container yet.
2019-11-07 13:51:19,045 [BlockDeletingService#2] WARN  background.BlockDeletingService (BlockDeletingService.java:isDeletionAllowed(187)) - Close Container log Index 6 is not replicated across allthe servers in the pipeline 19060351-f974-4d09-a844-5efa7c96aeb4 as the min replicated index is 4. Deletion is not allowed in this container yet.
2019-11-07 13:51:19,207 [EventQueue-ContainerReportForContainerReportHandler] WARN  container.ContainerReportHandler (AbstractContainerReportHandler.java:updateContainerState(145)) - Container #1 is in OPEN state, but the datanode 71a86a4d-23f3-4eb4-8ea5-d143fc2c84ef{ip: 192.168.34.59, host: pr-hdds-2329-pipelines-xb8hx-2504970213, networkLocation: /default-rack, certSerialId: null} reports an CLOSED replica.
2019-11-07 13:51:19,437 [EventQueue-ContainerReportForContainerReportHandler] WARN  container.ContainerReportHandler (AbstractContainerReportHandler.java:updateContainerState(145)) - Container #1 is in OPEN state, but the datanode c4d74ea5-4e51-490d-ae77-7f64a80784ec{ip: 192.168.34.59, host: pr-hdds-2329-pipelines-xb8hx-2504970213, networkLocation: /default-rack, certSerialId: null} reports an CLOSED replica.
2019-11-07 13:51:19,508 [EventQueue-ContainerReportForContainerReportHandler] WARN  container.ContainerReportHandler (AbstractContainerReportHandler.java:updateContainerState(145)) - Container #1 is in OPEN state, but the datanode 71a86a4d-23f3-4eb4-8ea5-d143fc2c84ef{ip: 192.168.34.59, host: pr-hdds-2329-pipelines-xb8hx-2504970213, networkLocation: /default-rack, certSerialId: null} reports an CLOSED replica.
2019-11-07 13:51:19,737 [EventQueue-ContainerReportForContainerReportHandler] WARN  container.ContainerReportHandler (AbstractContainerReportHandler.java:updateContainerState(145)) - Container #1 is in OPEN state, but the datanode c4d74ea5-4e51-490d-ae77-7f64a80784ec{ip: 192.168.34.59, host: pr-hdds-2329-pipelines-xb8hx-2504970213, networkLocation: /default-rack, certSerialId: null} reports an CLOSED replica.
2019-11-07 13:51:19,908 [EventQueue-ContainerReportForContainerReportHandler] WARN  container.ContainerReportHandler (AbstractContainerReportHandler.java:updateContainerState(145)) - Container #1 is in OPEN state, but the datanode 71a86a4d-23f3-4eb4-8ea5-d143fc2c84ef{ip: 192.168.34.59, host: pr-hdds-2329-pipelines-xb8hx-2504970213, networkLocation: /default-rack, certSerialId: null} reports an CLOSED replica.
2019-11-07 13:51:20,040 [EventQueue-ContainerReportForContainerReportHandler] WARN  container.ContainerReportHandler (AbstractContainerReportHandler.java:updateContainerState(145)) - Container #1 is in OPEN state, but the datanode c4d74ea5-4e51-490d-ae77-7f64a80784ec{ip: 192.168.34.59, host: pr-hdds-2329-pipelines-xb8hx-2504970213, networkLocation: /default-rack, certSerialId: null} reports an CLOSED replica.
2019-11-07 13:51:20,047 [BlockDeletingService#2] WARN  background.BlockDeletingService (BlockDeletingService.java:isDeletionAllowed(187)) - Close Container log Index 6 is not replicated across allthe servers in the pipeline 19060351-f974-4d09-a844-5efa7c96aeb4 as the min replicated index is 4. Deletion is not allowed in this container yet.
2019-11-07 13:51:20,047 [BlockDeletingService#7] WARN  background.BlockDeletingService (BlockDeletingService.java:isDeletionAllowed(187)) - Close Container log Index 6 is not replicated across allthe servers in the pipeline 19060351-f974-4d09-a844-5efa7c96aeb4 as the min replicated index is 4. Deletion is not allowed in this container yet.
2019-11-07 13:51:20,107 [EventQueue-ContainerReportForContainerReportHandler] WARN  container.ContainerReportHandler (AbstractContainerReportHandler.java:updateContainerState(145)) - Container #1 is in OPEN state, but the datanode 71a86a4d-23f3-4eb4-8ea5-d143fc2c84ef{ip: 192.168.34.59, host: pr-hdds-2329-pipelines-xb8hx-2504970213, networkLocation: /default-rack, certSerialId: null} reports an CLOSED replica.
2019-11-07 13:51:20,339 [EventQueue-ContainerReportForContainerReportHandler] WARN  container.ContainerReportHandler (AbstractContainerReportHandler.java:updateContainerState(145)) - Container #1 is in OPEN state, but the datanode c4d74ea5-4e51-490d-ae77-7f64a80784ec{ip: 192.168.34.59, host: pr-hdds-2329-pipelines-xb8hx-2504970213, networkLocation: /default-rack, certSerialId: null} reports an CLOSED replica.
2019-11-07 13:51:20,509 [EventQueue-ContainerReportForContainerReportHandler] WARN  container.ContainerReportHandler (AbstractContainerReportHandler.java:updateContainerState(145)) - Container #1 is in OPEN state, but the datanode 71a86a4d-23f3-4eb4-8ea5-d143fc2c84ef{ip: 192.168.34.59, host: pr-hdds-2329-pipelines-xb8hx-2504970213, networkLocation: /default-rack, certSerialId: null} reports an CLOSED replica.
2019-11-07 13:51:20,639 [EventQueue-ContainerReportForContainerReportHandler] WARN  container.ContainerReportHandler (AbstractContainerReportHandler.java:updateContainerState(145)) - Container #1 is in OPEN state, but the datanode c4d74ea5-4e51-490d-ae77-7f64a80784ec{ip: 192.168.34.59, host: pr-hdds-2329-pipelines-xb8hx-2504970213, networkLocation: /default-rack, certSerialId: null} reports an CLOSED replica.
2019-11-07 13:51:20,709 [EventQueue-ContainerReportForContainerReportHandler] WARN  container.ContainerReportHandler (AbstractContainerReportHandler.java:updateContainerState(145)) - Container #1 is in OPEN state, but the datanode 71a86a4d-23f3-4eb4-8ea5-d143fc2c84ef{ip: 192.168.34.59, host: pr-hdds-2329-pipelines-xb8hx-2504970213, networkLocation: /default-rack, certSerialId: null} reports an CLOSED replica.
2019-11-07 13:51:20,939 [EventQueue-ContainerReportForContainerReportHandler] WARN  container.ContainerReportHandler (AbstractContainerReportHandler.java:updateContainerState(145)) - Container #1 is in OPEN state, but the datanode c4d74ea5-4e51-490d-ae77-7f64a80784ec{ip: 192.168.34.59, host: pr-hdds-2329-pipelines-xb8hx-2504970213, networkLocation: /default-rack, certSerialId: null} reports an CLOSED replica.
2019-11-07 13:51:21,048 [BlockDeletingService#2] WARN  background.BlockDeletingService (BlockDeletingService.java:isDeletionAllowed(187)) - Close Container log Index 6 is not replicated across allthe servers in the pipeline 19060351-f974-4d09-a844-5efa7c96aeb4 as the min replicated index is 4. Deletion is not allowed in this container yet.
2019-11-07 13:51:21,048 [BlockDeletingService#7] WARN  background.BlockDeletingService (BlockDeletingService.java:isDeletionAllowed(187)) - Close Container log Index 6 is not replicated across allthe servers in the pipeline 19060351-f974-4d09-a844-5efa7c96aeb4 as the min replicated index is 4. Deletion is not allowed in this container yet.
2019-11-07 13:51:21,109 [EventQueue-ContainerReportForContainerReportHandler] WARN  container.ContainerReportHandler (AbstractContainerReportHandler.java:updateContainerState(145)) - Container #1 is in OPEN state, but the datanode 71a86a4d-23f3-4eb4-8ea5-d143fc2c84ef{ip: 192.168.34.59, host: pr-hdds-2329-pipelines-xb8hx-2504970213, networkLocation: /default-rack, certSerialId: null} reports an CLOSED replica.
2019-11-07 13:51:21,310 [EventQueue-ContainerReportForContainerReportHandler] WARN  container.ContainerReportHandler (AbstractContainerReportHandler.java:updateContainerState(145)) - Container #1 is in OPEN state, but the datanode 71a86a4d-23f3-4eb4-8ea5-d143fc2c84ef{ip: 192.168.34.59, host: pr-hdds-2329-pipelines-xb8hx-2504970213, networkLocation: /default-rack, certSerialId: null} reports an CLOSED replica.
2019-11-07 13:51:21,339 [EventQueue-ContainerReportForContainerReportHandler] WARN  container.ContainerReportHandler (AbstractContainerReportHandler.java:updateContainerState(145)) - Container #1 is in OPEN state, but the datanode c4d74ea5-4e51-490d-ae77-7f64a80784ec{ip: 192.168.34.59, host: pr-hdds-2329-pipelines-xb8hx-2504970213, networkLocation: /default-rack, certSerialId: null} reports an CLOSED replica.
2019-11-07 13:51:21,343 [java.util.concurrent.ThreadPoolExecutor$Worker@f89c058[State = -1, empty queue]] WARN  server.GrpcLogAppender (GrpcLogAppender.java:timeoutAppendRequest(209)) - 71a86a4d-23f3-4eb4-8ea5-d143fc2c84ef@group-5EFA7C96AEB4->5995e050-5950-4b38-8270-33206f256198-GrpcLogAppender: appendEntries Timeout, request=71a86a4d-23f3-4eb4-8ea5-d143fc2c84ef->5995e050-5950-4b38-8270-33206f256198#40-t2, previous=(t:2, i:10), leaderCommit=10, initializing? false, entries: <empty>
2019-11-07 13:51:21,609 [EventQueue-ContainerReportForContainerReportHandler] WARN  container.ContainerReportHandler (AbstractContainerReportHandler.java:updateContainerState(145)) - Container #1 is in OPEN state, but the datanode 71a86a4d-23f3-4eb4-8ea5-d143fc2c84ef{ip: 192.168.34.59, host: pr-hdds-2329-pipelines-xb8hx-2504970213, networkLocation: /default-rack, certSerialId: null} reports an CLOSED replica.
2019-11-07 13:51:21,639 [EventQueue-ContainerReportForContainerReportHandler] WARN  container.ContainerReportHandler (AbstractContainerReportHandler.java:updateContainerState(145)) - Container #1 is in OPEN state, but the datanode c4d74ea5-4e51-490d-ae77-7f64a80784ec{ip: 192.168.34.59, host: pr-hdds-2329-pipelines-xb8hx-2504970213, networkLocation: /default-rack, certSerialId: null} reports an CLOSED replica.
2019-11-07 13:51:21,941 [EventQueue-ContainerReportForContainerReportHandler] WARN  container.ContainerReportHandler (AbstractContainerReportHandler.java:updateContainerState(145)) - Container #1 is in OPEN state, but the datanode c4d74ea5-4e51-490d-ae77-7f64a80784ec{ip: 192.168.34.59, host: pr-hdds-2329-pipelines-xb8hx-2504970213, networkLocation: /default-rack, certSerialId: null} reports an CLOSED replica.
2019-11-07 13:51:22,009 [EventQueue-ContainerReportForContainerReportHandler] WARN  container.ContainerReportHandler (AbstractContainerReportHandler.java:updateContainerState(145)) - Container #1 is in OPEN state, but the datanode 71a86a4d-23f3-4eb4-8ea5-d143fc2c84ef{ip: 192.168.34.59, host: pr-hdds-2329-pipelines-xb8hx-2504970213, networkLocation: /default-rack, certSerialId: null} reports an CLOSED replica.
2019-11-07 13:51:22,049 [BlockDeletingService#2] WARN  background.BlockDeletingService (BlockDeletingService.java:isDeletionAllowed(187)) - Close Container log Index 6 is not replicated across allthe servers in the pipeline 19060351-f974-4d09-a844-5efa7c96aeb4 as the min replicated index is 4. Deletion is not allowed in this container yet.
2019-11-07 13:51:22,049 [BlockDeletingService#7] WARN  background.BlockDeletingService (BlockDeletingService.java:isDeletionAllowed(187)) - Close Container log Index 6 is not replicated across allthe servers in the pipeline 19060351-f974-4d09-a844-5efa7c96aeb4 as the min replicated index is 4. Deletion is not allowed in this container yet.
2019-11-07 13:51:22,309 [EventQueue-ContainerReportForContainerReportHandler] WARN  container.ContainerReportHandler (AbstractContainerReportHandler.java:updateContainerState(145)) - Container #1 is in OPEN state, but the datanode 71a86a4d-23f3-4eb4-8ea5-d143fc2c84ef{ip: 192.168.34.59, host: pr-hdds-2329-pipelines-xb8hx-2504970213, networkLocation: /default-rack, certSerialId: null} reports an CLOSED replica.
2019-11-07 13:51:22,340 [EventQueue-ContainerReportForContainerReportHandler] WARN  container.ContainerReportHandler (AbstractContainerReportHandler.java:updateContainerState(145)) - Container #1 is in OPEN state, but the datanode c4d74ea5-4e51-490d-ae77-7f64a80784ec{ip: 192.168.34.59, host: pr-hdds-2329-pipelines-xb8hx-2504970213, networkLocation: /default-rack, certSerialId: null} reports an CLOSED replica.
2019-11-07 13:51:22,541 [EventQueue-ContainerReportForContainerReportHandler] WARN  container.ContainerReportHandler (AbstractContainerReportHandler.java:updateContainerState(145)) - Container #1 is in OPEN state, but the datanode c4d74ea5-4e51-490d-ae77-7f64a80784ec{ip: 192.168.34.59, host: pr-hdds-2329-pipelines-xb8hx-2504970213, networkLocation: /default-rack, certSerialId: null} reports an CLOSED replica.
2019-11-07 13:51:22,609 [EventQueue-ContainerReportForContainerReportHandler] WARN  container.ContainerReportHandler (AbstractContainerReportHandler.java:updateContainerState(145)) - Container #1 is in OPEN state, but the datanode 71a86a4d-23f3-4eb4-8ea5-d143fc2c84ef{ip: 192.168.34.59, host: pr-hdds-2329-pipelines-xb8hx-2504970213, networkLocation: /default-rack, certSerialId: null} reports an CLOSED replica.
2019-11-07 13:51:22,740 [EventQueue-ContainerReportForContainerReportHandler] WARN  container.ContainerReportHandler (AbstractContainerReportHandler.java:updateContainerState(145)) - Container #1 is in OPEN state, but the datanode c4d74ea5-4e51-490d-ae77-7f64a80784ec{ip: 192.168.34.59, host: pr-hdds-2329-pipelines-xb8hx-2504970213, networkLocation: /default-rack, certSerialId: null} reports an CLOSED replica.
2019-11-07 13:51:22,909 [EventQueue-ContainerReportForContainerReportHandler] WARN  container.ContainerReportHandler (AbstractContainerReportHandler.java:updateContainerState(145)) - Container #1 is in OPEN state, but the datanode 71a86a4d-23f3-4eb4-8ea5-d143fc2c84ef{ip: 192.168.34.59, host: pr-hdds-2329-pipelines-xb8hx-2504970213, networkLocation: /default-rack, certSerialId: null} reports an CLOSED replica.
2019-11-07 13:51:23,040 [EventQueue-ContainerReportForContainerReportHandler] WARN  container.ContainerReportHandler (AbstractContainerReportHandler.java:updateContainerState(145)) - Container #1 is in OPEN state, but the datanode c4d74ea5-4e51-490d-ae77-7f64a80784ec{ip: 192.168.34.59, host: pr-hdds-2329-pipelines-xb8hx-2504970213, networkLocation: /default-rack, certSerialId: null} reports an CLOSED replica.
2019-11-07 13:51:23,051 [BlockDeletingService#7] WARN  background.BlockDeletingService (BlockDeletingService.java:isDeletionAllowed(187)) - Close Container log Index 6 is not replicated across allthe servers in the pipeline 19060351-f974-4d09-a844-5efa7c96aeb4 as the min replicated index is 4. Deletion is not allowed in this container yet.
2019-11-07 13:51:23,051 [BlockDeletingService#2] WARN  background.BlockDeletingService (BlockDeletingService.java:isDeletionAllowed(187)) - Close Container log Index 6 is not replicated across allthe servers in the pipeline 19060351-f974-4d09-a844-5efa7c96aeb4 as the min replicated index is 4. Deletion is not allowed in this container yet.
2019-11-07 13:51:23,210 [EventQueue-ContainerReportForContainerReportHandler] WARN  container.ContainerReportHandler (AbstractContainerReportHandler.java:updateContainerState(145)) - Container #1 is in OPEN state, but the datanode 71a86a4d-23f3-4eb4-8ea5-d143fc2c84ef{ip: 192.168.34.59, host: pr-hdds-2329-pipelines-xb8hx-2504970213, networkLocation: /default-rack, certSerialId: null} reports an CLOSED replica.
2019-11-07 13:51:23,410 [EventQueue-ContainerReportForContainerReportHandler] WARN  container.ContainerReportHandler (AbstractContainerReportHandler.java:updateContainerState(145)) - Container #1 is in OPEN state, but the datanode 71a86a4d-23f3-4eb4-8ea5-d143fc2c84ef{ip: 192.168.34.59, host: pr-hdds-2329-pipelines-xb8hx-2504970213, networkLocation: /default-rack, certSerialId: null} reports an CLOSED replica.
2019-11-07 13:51:23,440 [EventQueue-ContainerReportForContainerReportHandler] WARN  container.ContainerReportHandler (AbstractContainerReportHandler.java:updateContainerState(145)) - Container #1 is in OPEN state, but the datanode c4d74ea5-4e51-490d-ae77-7f64a80784ec{ip: 192.168.34.59, host: pr-hdds-2329-pipelines-xb8hx-2504970213, networkLocation: /default-rack, certSerialId: null} reports an CLOSED replica.
2019-11-07 13:51:23,640 [EventQueue-ContainerReportForContainerReportHandler] WARN  container.ContainerReportHandler (AbstractContainerReportHandler.java:updateContainerState(145)) - Container #1 is in OPEN state, but the datanode c4d74ea5-4e51-490d-ae77-7f64a80784ec{ip: 192.168.34.59, host: pr-hdds-2329-pipelines-xb8hx-2504970213, networkLocation: /default-rack, certSerialId: null} reports an CLOSED replica.
2019-11-07 13:51:23,811 [EventQueue-ContainerReportForContainerReportHandler] WARN  container.ContainerReportHandler (AbstractContainerReportHandler.java:updateContainerState(145)) - Container #1 is in OPEN state, but the datanode 71a86a4d-23f3-4eb4-8ea5-d143fc2c84ef{ip: 192.168.34.59, host: pr-hdds-2329-pipelines-xb8hx-2504970213, networkLocation: /default-rack, certSerialId: null} reports an CLOSED replica.
2019-11-07 13:51:23,845 [java.util.concurrent.ThreadPoolExecutor$Worker@f89c058[State = -1, empty queue]] WARN  server.GrpcLogAppender (GrpcLogAppender.java:timeoutAppendRequest(209)) - 71a86a4d-23f3-4eb4-8ea5-d143fc2c84ef@group-5EFA7C96AEB4->5995e050-5950-4b38-8270-33206f256198-GrpcLogAppender: appendEntries Timeout, request=71a86a4d-23f3-4eb4-8ea5-d143fc2c84ef->5995e050-5950-4b38-8270-33206f256198#41-t2, previous=(t:2, i:10), leaderCommit=10, initializing? false, entries: <empty>
2019-11-07 13:51:24,011 [EventQueue-ContainerReportForContainerReportHandler] WARN  container.ContainerReportHandler (AbstractContainerReportHandler.java:updateContainerState(145)) - Container #1 is in OPEN state, but the datanode 71a86a4d-23f3-4eb4-8ea5-d143fc2c84ef{ip: 192.168.34.59, host: pr-hdds-2329-pipelines-xb8hx-2504970213, networkLocation: /default-rack, certSerialId: null} reports an CLOSED replica.
2019-11-07 13:51:24,040 [EventQueue-ContainerReportForContainerReportHandler] WARN  container.ContainerReportHandler (AbstractContainerReportHandler.java:updateContainerState(145)) - Container #1 is in OPEN state, but the datanode c4d74ea5-4e51-490d-ae77-7f64a80784ec{ip: 192.168.34.59, host: pr-hdds-2329-pipelines-xb8hx-2504970213, networkLocation: /default-rack, certSerialId: null} reports an CLOSED replica.
2019-11-07 13:51:24,052 [BlockDeletingService#7] WARN  background.BlockDeletingService (BlockDeletingService.java:isDeletionAllowed(187)) - Close Container log Index 6 is not replicated across allthe servers in the pipeline 19060351-f974-4d09-a844-5efa7c96aeb4 as the min replicated index is 4. Deletion is not allowed in this container yet.
2019-11-07 13:51:24,052 [BlockDeletingService#2] WARN  background.BlockDeletingService (BlockDeletingService.java:isDeletionAllowed(187)) - Close Container log Index 6 is not replicated across allthe servers in the pipeline 19060351-f974-4d09-a844-5efa7c96aeb4 as the min replicated index is 4. Deletion is not allowed in this container yet.
2019-11-07 13:51:24,341 [EventQueue-ContainerReportForContainerReportHandler] WARN  container.ContainerReportHandler (AbstractContainerReportHandler.java:updateContainerState(145)) - Container #1 is in OPEN state, but the datanode c4d74ea5-4e51-490d-ae77-7f64a80784ec{ip: 192.168.34.59, host: pr-hdds-2329-pipelines-xb8hx-2504970213, networkLocation: /default-rack, certSerialId: null} reports an CLOSED replica.
2019-11-07 13:51:24,411 [EventQueue-ContainerReportForContainerReportHandler] WARN  container.ContainerReportHandler (AbstractContainerReportHandler.java:updateContainerState(145)) - Container #1 is in OPEN state, but the datanode 71a86a4d-23f3-4eb4-8ea5-d143fc2c84ef{ip: 192.168.34.59, host: pr-hdds-2329-pipelines-xb8hx-2504970213, networkLocation: /default-rack, certSerialId: null} reports an CLOSED replica.
2019-11-07 13:51:24,711 [EventQueue-ContainerReportForContainerReportHandler] WARN  container.ContainerReportHandler (AbstractContainerReportHandler.java:updateContainerState(145)) - Container #1 is in OPEN state, but the datanode 71a86a4d-23f3-4eb4-8ea5-d143fc2c84ef{ip: 192.168.34.59, host: pr-hdds-2329-pipelines-xb8hx-2504970213, networkLocation: /default-rack, certSerialId: null} reports an CLOSED replica.
2019-11-07 13:51:24,740 [EventQueue-ContainerReportForContainerReportHandler] WARN  container.ContainerReportHandler (AbstractContainerReportHandler.java:updateContainerState(145)) - Container #1 is in OPEN state, but the datanode c4d74ea5-4e51-490d-ae77-7f64a80784ec{ip: 192.168.34.59, host: pr-hdds-2329-pipelines-xb8hx-2504970213, networkLocation: /default-rack, certSerialId: null} reports an CLOSED replica.
2019-11-07 13:51:25,012 [EventQueue-ContainerReportForContainerReportHandler] WARN  container.ContainerReportHandler (AbstractContainerReportHandler.java:updateContainerState(145)) - Container #1 is in OPEN state, but the datanode 71a86a4d-23f3-4eb4-8ea5-d143fc2c84ef{ip: 192.168.34.59, host: pr-hdds-2329-pipelines-xb8hx-2504970213, networkLocation: /default-rack, certSerialId: null} reports an CLOSED replica.
2019-11-07 13:51:25,041 [EventQueue-ContainerReportForContainerReportHandler] WARN  container.ContainerReportHandler (AbstractContainerReportHandler.java:updateContainerState(145)) - Container #1 is in OPEN state, but the datanode c4d74ea5-4e51-490d-ae77-7f64a80784ec{ip: 192.168.34.59, host: pr-hdds-2329-pipelines-xb8hx-2504970213, networkLocation: /default-rack, certSerialId: null} reports an CLOSED replica.
2019-11-07 13:51:25,053 [BlockDeletingService#7] WARN  background.BlockDeletingService (BlockDeletingService.java:isDeletionAllowed(187)) - Close Container log Index 6 is not replicated across allthe servers in the pipeline 19060351-f974-4d09-a844-5efa7c96aeb4 as the min replicated index is 4. Deletion is not allowed in this container yet.
2019-11-07 13:51:25,053 [BlockDeletingService#2] WARN  background.BlockDeletingService (BlockDeletingService.java:isDeletionAllowed(187)) - Close Container log Index 6 is not replicated across allthe servers in the pipeline 19060351-f974-4d09-a844-5efa7c96aeb4 as the min replicated index is 4. Deletion is not allowed in this container yet.
2019-11-07 13:51:25,313 [EventQueue-ContainerReportForContainerReportHandler] WARN  container.ContainerReportHandler (AbstractContainerReportHandler.java:updateContainerState(145)) - Container #1 is in OPEN state, but the datanode 71a86a4d-23f3-4eb4-8ea5-d143fc2c84ef{ip: 192.168.34.59, host: pr-hdds-2329-pipelines-xb8hx-2504970213, networkLocation: /default-rack, certSerialId: null} reports an CLOSED replica.
2019-11-07 13:51:25,442 [EventQueue-ContainerReportForContainerReportHandler] WARN  container.ContainerReportHandler (AbstractContainerReportHandler.java:updateContainerState(145)) - Container #1 is in OPEN state, but the datanode c4d74ea5-4e51-490d-ae77-7f64a80784ec{ip: 192.168.34.59, host: pr-hdds-2329-pipelines-xb8hx-2504970213, networkLocation: /default-rack, certSerialId: null} reports an CLOSED replica.
2019-11-07 13:51:25,513 [EventQueue-ContainerReportForContainerReportHandler] WARN  container.ContainerReportHandler (AbstractContainerReportHandler.java:updateContainerState(145)) - Container #1 is in OPEN state, but the datanode 71a86a4d-23f3-4eb4-8ea5-d143fc2c84ef{ip: 192.168.34.59, host: pr-hdds-2329-pipelines-xb8hx-2504970213, networkLocation: /default-rack, certSerialId: null} reports an CLOSED replica.
2019-11-07 13:51:25,744 [EventQueue-ContainerReportForContainerReportHandler] WARN  container.ContainerReportHandler (AbstractContainerReportHandler.java:updateContainerState(145)) - Container #1 is in OPEN state, but the datanode c4d74ea5-4e51-490d-ae77-7f64a80784ec{ip: 192.168.34.59, host: pr-hdds-2329-pipelines-xb8hx-2504970213, networkLocation: /default-rack, certSerialId: null} reports an CLOSED replica.
2019-11-07 13:51:25,912 [EventQueue-ContainerReportForContainerReportHandler] WARN  container.ContainerReportHandler (AbstractContainerReportHandler.java:updateContainerState(145)) - Container #1 is in OPEN state, but the datanode 71a86a4d-23f3-4eb4-8ea5-d143fc2c84ef{ip: 192.168.34.59, host: pr-hdds-2329-pipelines-xb8hx-2504970213, networkLocation: /default-rack, certSerialId: null} reports an CLOSED replica.
2019-11-07 13:51:26,043 [EventQueue-ContainerReportForContainerReportHandler] WARN  container.ContainerReportHandler (AbstractContainerReportHandler.java:updateContainerState(145)) - Container #1 is in OPEN state, but the datanode c4d74ea5-4e51-490d-ae77-7f64a80784ec{ip: 192.168.34.59, host: pr-hdds-2329-pipelines-xb8hx-2504970213, networkLocation: /default-rack, certSerialId: null} reports an CLOSED replica.
2019-11-07 13:51:26,055 [BlockDeletingService#7] WARN  background.BlockDeletingService (BlockDeletingService.java:isDeletionAllowed(187)) - Close Container log Index 6 is not replicated across allthe servers in the pipeline 19060351-f974-4d09-a844-5efa7c96aeb4 as the min replicated index is 4. Deletion is not allowed in this container yet.
2019-11-07 13:51:26,055 [BlockDeletingService#2] WARN  background.BlockDeletingService (BlockDeletingService.java:isDeletionAllowed(187)) - Close Container log Index 6 is not replicated across allthe servers in the pipeline 19060351-f974-4d09-a844-5efa7c96aeb4 as the min replicated index is 4. Deletion is not allowed in this container yet.
2019-11-07 13:51:26,212 [EventQueue-ContainerReportForContainerReportHandler] WARN  container.ContainerReportHandler (AbstractContainerReportHandler.java:updateContainerState(145)) - Container #1 is in OPEN state, but the datanode 71a86a4d-23f3-4eb4-8ea5-d143fc2c84ef{ip: 192.168.34.59, host: pr-hdds-2329-pipelines-xb8hx-2504970213, networkLocation: /default-rack, certSerialId: null} reports an CLOSED replica.
2019-11-07 13:51:26,343 [EventQueue-ContainerReportForContainerReportHandler] WARN  container.ContainerReportHandler (AbstractContainerReportHandler.java:updateContainerState(145)) - Container #1 is in OPEN state, but the datanode c4d74ea5-4e51-490d-ae77-7f64a80784ec{ip: 192.168.34.59, host: pr-hdds-2329-pipelines-xb8hx-2504970213, networkLocation: /default-rack, certSerialId: null} reports an CLOSED replica.
2019-11-07 13:51:26,345 [java.util.concurrent.ThreadPoolExecutor$Worker@f89c058[State = -1, empty queue]] WARN  server.GrpcLogAppender (GrpcLogAppender.java:timeoutAppendRequest(209)) - 71a86a4d-23f3-4eb4-8ea5-d143fc2c84ef@group-5EFA7C96AEB4->5995e050-5950-4b38-8270-33206f256198-GrpcLogAppender: appendEntries Timeout, request=71a86a4d-23f3-4eb4-8ea5-d143fc2c84ef->5995e050-5950-4b38-8270-33206f256198#42-t2, previous=(t:2, i:10), leaderCommit=10, initializing? false, entries: <empty>
2019-11-07 13:51:26,412 [EventQueue-ContainerReportForContainerReportHandler] WARN  container.ContainerReportHandler (AbstractContainerReportHandler.java:updateContainerState(145)) - Container #1 is in OPEN state, but the datanode 71a86a4d-23f3-4eb4-8ea5-d143fc2c84ef{ip: 192.168.34.59, host: pr-hdds-2329-pipelines-xb8hx-2504970213, networkLocation: /default-rack, certSerialId: null} reports an CLOSED replica.
2019-11-07 13:51:26,744 [EventQueue-ContainerReportForContainerReportHandler] WARN  container.ContainerReportHandler (AbstractContainerReportHandler.java:updateContainerState(145)) - Container #1 is in OPEN state, but the datanode c4d74ea5-4e51-490d-ae77-7f64a80784ec{ip: 192.168.34.59, host: pr-hdds-2329-pipelines-xb8hx-2504970213, networkLocation: /default-rack, certSerialId: null} reports an CLOSED replica.
2019-11-07 13:51:26,755 [Thread-491] INFO  client.GrpcClientProtocolService (GrpcClientProtocolService.java:lambda$processClientRequest$0(279)) - Failed RaftClientRequest:client-0F90B2C4DA5A->71a86a4d-23f3-4eb4-8ea5-d143fc2c84ef@group-5EFA7C96AEB4, cid=10, seq=0, Watch-ALL_COMMITTED(6), Message:<EMPTY>, reply=RaftClientReply:client-0F90B2C4DA5A->71a86a4d-23f3-4eb4-8ea5-d143fc2c84ef@group-5EFA7C96AEB4, cid=10, FAILED org.apache.ratis.protocol.NotReplicatedException: Request with call Id 10 and log index 6 is not yet replicated to ALL_COMMITTED, logIndex=6, commits[71a86a4d-23f3-4eb4-8ea5-d143fc2c84ef:c10, c4d74ea5-4e51-490d-ae77-7f64a80784ec:c10, 5995e050-5950-4b38-8270-33206f256198:c4]
2019-11-07 13:51:26,813 [EventQueue-ContainerReportForContainerReportHandler] WARN  container.ContainerReportHandler (AbstractContainerReportHandler.java:updateContainerState(145)) - Container #1 is in OPEN state, but the datanode 71a86a4d-23f3-4eb4-8ea5-d143fc2c84ef{ip: 192.168.34.59, host: pr-hdds-2329-pipelines-xb8hx-2504970213, networkLocation: /default-rack, certSerialId: null} reports an CLOSED replica.
2019-11-07 13:51:26,945 [EventQueue-ContainerReportForContainerReportHandler] WARN  container.ContainerReportHandler (AbstractContainerReportHandler.java:updateContainerState(145)) - Container #1 is in OPEN state, but the datanode c4d74ea5-4e51-490d-ae77-7f64a80784ec{ip: 192.168.34.59, host: pr-hdds-2329-pipelines-xb8hx-2504970213, networkLocation: /default-rack, certSerialId: null} reports an CLOSED replica.
2019-11-07 13:51:27,056 [BlockDeletingService#7] WARN  background.BlockDeletingService (BlockDeletingService.java:isDeletionAllowed(187)) - Close Container log Index 6 is not replicated across allthe servers in the pipeline 19060351-f974-4d09-a844-5efa7c96aeb4 as the min replicated index is 4. Deletion is not allowed in this container yet.
2019-11-07 13:51:27,056 [BlockDeletingService#2] WARN  background.BlockDeletingService (BlockDeletingService.java:isDeletionAllowed(187)) - Close Container log Index 6 is not replicated across allthe servers in the pipeline 19060351-f974-4d09-a844-5efa7c96aeb4 as the min replicated index is 4. Deletion is not allowed in this container yet.
2019-11-07 13:51:27,112 [EventQueue-ContainerReportForContainerReportHandler] WARN  container.ContainerReportHandler (AbstractContainerReportHandler.java:updateContainerState(145)) - Container #1 is in OPEN state, but the datanode 71a86a4d-23f3-4eb4-8ea5-d143fc2c84ef{ip: 192.168.34.59, host: pr-hdds-2329-pipelines-xb8hx-2504970213, networkLocation: /default-rack, certSerialId: null} reports an CLOSED replica.
2019-11-07 13:51:27,245 [EventQueue-ContainerReportForContainerReportHandler] WARN  container.ContainerReportHandler (AbstractContainerReportHandler.java:updateContainerState(145)) - Container #1 is in OPEN state, but the datanode c4d74ea5-4e51-490d-ae77-7f64a80784ec{ip: 192.168.34.59, host: pr-hdds-2329-pipelines-xb8hx-2504970213, networkLocation: /default-rack, certSerialId: null} reports an CLOSED replica.
2019-11-07 13:51:27,412 [EventQueue-ContainerReportForContainerReportHandler] WARN  container.ContainerReportHandler (AbstractContainerReportHandler.java:updateContainerState(145)) - Container #1 is in OPEN state, but the datanode 71a86a4d-23f3-4eb4-8ea5-d143fc2c84ef{ip: 192.168.34.59, host: pr-hdds-2329-pipelines-xb8hx-2504970213, networkLocation: /default-rack, certSerialId: null} reports an CLOSED replica.
2019-11-07 13:51:27,547 [EventQueue-ContainerReportForContainerReportHandler] WARN  container.ContainerReportHandler (AbstractContainerReportHandler.java:updateContainerState(145)) - Container #1 is in OPEN state, but the datanode c4d74ea5-4e51-490d-ae77-7f64a80784ec{ip: 192.168.34.59, host: pr-hdds-2329-pipelines-xb8hx-2504970213, networkLocation: /default-rack, certSerialId: null} reports an CLOSED replica.
2019-11-07 13:51:27,712 [EventQueue-ContainerReportForContainerReportHandler] WARN  container.ContainerReportHandler (AbstractContainerReportHandler.java:updateContainerState(145)) - Container #1 is in OPEN state, but the datanode 71a86a4d-23f3-4eb4-8ea5-d143fc2c84ef{ip: 192.168.34.59, host: pr-hdds-2329-pipelines-xb8hx-2504970213, networkLocation: /default-rack, certSerialId: null} reports an CLOSED replica.
2019-11-07 13:51:27,847 [EventQueue-ContainerReportForContainerReportHandler] WARN  container.ContainerReportHandler (AbstractContainerReportHandler.java:updateContainerState(145)) - Container #1 is in OPEN state, but the datanode c4d74ea5-4e51-490d-ae77-7f64a80784ec{ip: 192.168.34.59, host: pr-hdds-2329-pipelines-xb8hx-2504970213, networkLocation: /default-rack, certSerialId: null} reports an CLOSED replica.
2019-11-07 13:51:28,014 [EventQueue-ContainerReportForContainerReportHandler] WARN  container.ContainerReportHandler (AbstractContainerReportHandler.java:updateContainerState(145)) - Container #1 is in OPEN state, but the datanode 71a86a4d-23f3-4eb4-8ea5-d143fc2c84ef{ip: 192.168.34.59, host: pr-hdds-2329-pipelines-xb8hx-2504970213, networkLocation: /default-rack, certSerialId: null} reports an CLOSED replica.
2019-11-07 13:51:28,046 [EventQueue-ContainerReportForContainerReportHandler] WARN  container.ContainerReportHandler (AbstractContainerReportHandler.java:updateContainerState(145)) - Container #1 is in OPEN state, but the datanode c4d74ea5-4e51-490d-ae77-7f64a80784ec{ip: 192.168.34.59, host: pr-hdds-2329-pipelines-xb8hx-2504970213, networkLocation: /default-rack, certSerialId: null} reports an CLOSED replica.
2019-11-07 13:51:28,059 [BlockDeletingService#7] WARN  background.BlockDeletingService (BlockDeletingService.java:isDeletionAllowed(187)) - Close Container log Index 6 is not replicated across allthe servers in the pipeline 19060351-f974-4d09-a844-5efa7c96aeb4 as the min replicated index is 4. Deletion is not allowed in this container yet.
2019-11-07 13:51:28,059 [BlockDeletingService#2] WARN  background.BlockDeletingService (BlockDeletingService.java:isDeletionAllowed(187)) - Close Container log Index 6 is not replicated across allthe servers in the pipeline 19060351-f974-4d09-a844-5efa7c96aeb4 as the min replicated index is 4. Deletion is not allowed in this container yet.
2019-11-07 13:51:28,415 [EventQueue-ContainerReportForContainerReportHandler] WARN  container.ContainerReportHandler (AbstractContainerReportHandler.java:updateContainerState(145)) - Container #1 is in OPEN state, but the datanode 71a86a4d-23f3-4eb4-8ea5-d143fc2c84ef{ip: 192.168.34.59, host: pr-hdds-2329-pipelines-xb8hx-2504970213, networkLocation: /default-rack, certSerialId: null} reports an CLOSED replica.
2019-11-07 13:51:28,446 [EventQueue-ContainerReportForContainerReportHandler] WARN  container.ContainerReportHandler (AbstractContainerReportHandler.java:updateContainerState(145)) - Container #1 is in OPEN state, but the datanode c4d74ea5-4e51-490d-ae77-7f64a80784ec{ip: 192.168.34.59, host: pr-hdds-2329-pipelines-xb8hx-2504970213, networkLocation: /default-rack, certSerialId: null} reports an CLOSED replica.
2019-11-07 13:51:28,716 [EventQueue-ContainerReportForContainerReportHandler] WARN  container.ContainerReportHandler (AbstractContainerReportHandler.java:updateContainerState(145)) - Container #1 is in OPEN state, but the datanode 71a86a4d-23f3-4eb4-8ea5-d143fc2c84ef{ip: 192.168.34.59, host: pr-hdds-2329-pipelines-xb8hx-2504970213, networkLocation: /default-rack, certSerialId: null} reports an CLOSED replica.
2019-11-07 13:51:28,746 [EventQueue-ContainerReportForContainerReportHandler] WARN  container.ContainerReportHandler (AbstractContainerReportHandler.java:updateContainerState(145)) - Container #1 is in OPEN state, but the datanode c4d74ea5-4e51-490d-ae77-7f64a80784ec{ip: 192.168.34.59, host: pr-hdds-2329-pipelines-xb8hx-2504970213, networkLocation: /default-rack, certSerialId: null} reports an CLOSED replica.
2019-11-07 13:51:28,846 [java.util.concurrent.ThreadPoolExecutor$Worker@f89c058[State = -1, empty queue]] WARN  server.GrpcLogAppender (GrpcLogAppender.java:timeoutAppendRequest(209)) - 71a86a4d-23f3-4eb4-8ea5-d143fc2c84ef@group-5EFA7C96AEB4->5995e050-5950-4b38-8270-33206f256198-GrpcLogAppender: appendEntries Timeout, request=71a86a4d-23f3-4eb4-8ea5-d143fc2c84ef->5995e050-5950-4b38-8270-33206f256198#43-t2, previous=(t:2, i:10), leaderCommit=10, initializing? false, entries: <empty>
2019-11-07 13:51:28,915 [EventQueue-ContainerReportForContainerReportHandler] WARN  container.ContainerReportHandler (AbstractContainerReportHandler.java:updateContainerState(145)) - Container #1 is in OPEN state, but the datanode 71a86a4d-23f3-4eb4-8ea5-d143fc2c84ef{ip: 192.168.34.59, host: pr-hdds-2329-pipelines-xb8hx-2504970213, networkLocation: /default-rack, certSerialId: null} reports an CLOSED replica.
2019-11-07 13:51:29,060 [BlockDeletingService#7] WARN  background.BlockDeletingService (BlockDeletingService.java:isDeletionAllowed(187)) - Close Container log Index 6 is not replicated across allthe servers in the pipeline 19060351-f974-4d09-a844-5efa7c96aeb4 as the min replicated index is 4. Deletion is not allowed in this container yet.
2019-11-07 13:51:29,060 [BlockDeletingService#2] WARN  background.BlockDeletingService (BlockDeletingService.java:isDeletionAllowed(187)) - Close Container log Index 6 is not replicated across allthe servers in the pipeline 19060351-f974-4d09-a844-5efa7c96aeb4 as the min replicated index is 4. Deletion is not allowed in this container yet.
2019-11-07 13:51:29,116 [EventQueue-ContainerReportForContainerReportHandler] WARN  container.ContainerReportHandler (AbstractContainerReportHandler.java:updateContainerState(145)) - Container #1 is in OPEN state, but the datanode 71a86a4d-23f3-4eb4-8ea5-d143fc2c84ef{ip: 192.168.34.59, host: pr-hdds-2329-pipelines-xb8hx-2504970213, networkLocation: /default-rack, certSerialId: null} reports an CLOSED replica.
2019-11-07 13:51:29,146 [EventQueue-ContainerReportForContainerReportHandler] WARN  container.ContainerReportHandler (AbstractContainerReportHandler.java:updateContainerState(145)) - Container #1 is in OPEN state, but the datanode c4d74ea5-4e51-490d-ae77-7f64a80784ec{ip: 192.168.34.59, host: pr-hdds-2329-pipelines-xb8hx-2504970213, networkLocation: /default-rack, certSerialId: null} reports an CLOSED replica.
2019-11-07 13:51:29,315 [EventQueue-ContainerReportForContainerReportHandler] WARN  container.ContainerReportHandler (AbstractContainerReportHandler.java:updateContainerState(145)) - Container #1 is in OPEN state, but the datanode 71a86a4d-23f3-4eb4-8ea5-d143fc2c84ef{ip: 192.168.34.59, host: pr-hdds-2329-pipelines-xb8hx-2504970213, networkLocation: /default-rack, certSerialId: null} reports an CLOSED replica.
2019-11-07 13:51:29,446 [EventQueue-ContainerReportForContainerReportHandler] WARN  container.ContainerReportHandler (AbstractContainerReportHandler.java:updateContainerState(145)) - Container #1 is in OPEN state, but the datanode c4d74ea5-4e51-490d-ae77-7f64a80784ec{ip: 192.168.34.59, host: pr-hdds-2329-pipelines-xb8hx-2504970213, networkLocation: /default-rack, certSerialId: null} reports an CLOSED replica.
2019-11-07 13:51:29,716 [EventQueue-ContainerReportForContainerReportHandler] WARN  container.ContainerReportHandler (AbstractContainerReportHandler.java:updateContainerState(145)) - Container #1 is in OPEN state, but the datanode 71a86a4d-23f3-4eb4-8ea5-d143fc2c84ef{ip: 192.168.34.59, host: pr-hdds-2329-pipelines-xb8hx-2504970213, networkLocation: /default-rack, certSerialId: null} reports an CLOSED replica.
2019-11-07 13:51:29,846 [EventQueue-ContainerReportForContainerReportHandler] WARN  container.ContainerReportHandler (AbstractContainerReportHandler.java:updateContainerState(145)) - Container #1 is in OPEN state, but the datanode c4d74ea5-4e51-490d-ae77-7f64a80784ec{ip: 192.168.34.59, host: pr-hdds-2329-pipelines-xb8hx-2504970213, networkLocation: /default-rack, certSerialId: null} reports an CLOSED replica.
2019-11-07 13:51:29,916 [EventQueue-ContainerReportForContainerReportHandler] WARN  container.ContainerReportHandler (AbstractContainerReportHandler.java:updateContainerState(145)) - Container #1 is in OPEN state, but the datanode 71a86a4d-23f3-4eb4-8ea5-d143fc2c84ef{ip: 192.168.34.59, host: pr-hdds-2329-pipelines-xb8hx-2504970213, networkLocation: /default-rack, certSerialId: null} reports an CLOSED replica.
2019-11-07 13:51:30,061 [BlockDeletingService#7] WARN  background.BlockDeletingService (BlockDeletingService.java:isDeletionAllowed(187)) - Close Container log Index 6 is not replicated across allthe servers in the pipeline 19060351-f974-4d09-a844-5efa7c96aeb4 as the min replicated index is 4. Deletion is not allowed in this container yet.
2019-11-07 13:51:30,061 [BlockDeletingService#2] WARN  background.BlockDeletingService (BlockDeletingService.java:isDeletionAllowed(187)) - Close Container log Index 6 is not replicated across allthe servers in the pipeline 19060351-f974-4d09-a844-5efa7c96aeb4 as the min replicated index is 4. Deletion is not allowed in this container yet.
2019-11-07 13:51:30,146 [EventQueue-ContainerReportForContainerReportHandler] WARN  container.ContainerReportHandler (AbstractContainerReportHandler.java:updateContainerState(145)) - Container #1 is in OPEN state, but the datanode c4d74ea5-4e51-490d-ae77-7f64a80784ec{ip: 192.168.34.59, host: pr-hdds-2329-pipelines-xb8hx-2504970213, networkLocation: /default-rack, certSerialId: null} reports an CLOSED replica.
2019-11-07 13:51:30,316 [EventQueue-ContainerReportForContainerReportHandler] WARN  container.ContainerReportHandler (AbstractContainerReportHandler.java:updateContainerState(145)) - Container #1 is in OPEN state, but the datanode 71a86a4d-23f3-4eb4-8ea5-d143fc2c84ef{ip: 192.168.34.59, host: pr-hdds-2329-pipelines-xb8hx-2504970213, networkLocation: /default-rack, certSerialId: null} reports an CLOSED replica.
2019-11-07 13:51:30,446 [EventQueue-ContainerReportForContainerReportHandler] WARN  container.ContainerReportHandler (AbstractContainerReportHandler.java:updateContainerState(145)) - Container #1 is in OPEN state, but the datanode c4d74ea5-4e51-490d-ae77-7f64a80784ec{ip: 192.168.34.59, host: pr-hdds-2329-pipelines-xb8hx-2504970213, networkLocation: /default-rack, certSerialId: null} reports an CLOSED replica.
2019-11-07 13:51:30,516 [EventQueue-ContainerReportForContainerReportHandler] WARN  container.ContainerReportHandler (AbstractContainerReportHandler.java:updateContainerState(145)) - Container #1 is in OPEN state, but the datanode 71a86a4d-23f3-4eb4-8ea5-d143fc2c84ef{ip: 192.168.34.59, host: pr-hdds-2329-pipelines-xb8hx-2504970213, networkLocation: /default-rack, certSerialId: null} reports an CLOSED replica.
2019-11-07 13:51:30,817 [EventQueue-ContainerReportForContainerReportHandler] WARN  container.ContainerReportHandler (AbstractContainerReportHandler.java:updateContainerState(145)) - Container #1 is in OPEN state, but the datanode 71a86a4d-23f3-4eb4-8ea5-d143fc2c84ef{ip: 192.168.34.59, host: pr-hdds-2329-pipelines-xb8hx-2504970213, networkLocation: /default-rack, certSerialId: null} reports an CLOSED replica.
2019-11-07 13:51:30,846 [EventQueue-ContainerReportForContainerReportHandler] WARN  container.ContainerReportHandler (AbstractContainerReportHandler.java:updateContainerState(145)) - Container #1 is in OPEN state, but the datanode c4d74ea5-4e51-490d-ae77-7f64a80784ec{ip: 192.168.34.59, host: pr-hdds-2329-pipelines-xb8hx-2504970213, networkLocation: /default-rack, certSerialId: null} reports an CLOSED replica.
2019-11-07 13:51:31,017 [EventQueue-ContainerReportForContainerReportHandler] WARN  container.ContainerReportHandler (AbstractContainerReportHandler.java:updateContainerState(145)) - Container #1 is in OPEN state, but the datanode 71a86a4d-23f3-4eb4-8ea5-d143fc2c84ef{ip: 192.168.34.59, host: pr-hdds-2329-pipelines-xb8hx-2504970213, networkLocation: /default-rack, certSerialId: null} reports an CLOSED replica.
2019-11-07 13:51:31,063 [BlockDeletingService#7] WARN  background.BlockDeletingService (BlockDeletingService.java:isDeletionAllowed(187)) - Close Container log Index 6 is not replicated across allthe servers in the pipeline 19060351-f974-4d09-a844-5efa7c96aeb4 as the min replicated index is 4. Deletion is not allowed in this container yet.
2019-11-07 13:51:31,063 [BlockDeletingService#2] WARN  background.BlockDeletingService (BlockDeletingService.java:isDeletionAllowed(187)) - Close Container log Index 6 is not replicated across allthe servers in the pipeline 19060351-f974-4d09-a844-5efa7c96aeb4 as the min replicated index is 4. Deletion is not allowed in this container yet.
2019-11-07 13:51:31,146 [EventQueue-ContainerReportForContainerReportHandler] WARN  container.ContainerReportHandler (AbstractContainerReportHandler.java:updateContainerState(145)) - Container #1 is in OPEN state, but the datanode c4d74ea5-4e51-490d-ae77-7f64a80784ec{ip: 192.168.34.59, host: pr-hdds-2329-pipelines-xb8hx-2504970213, networkLocation: /default-rack, certSerialId: null} reports an CLOSED replica.
2019-11-07 13:51:31,317 [EventQueue-ContainerReportForContainerReportHandler] WARN  container.ContainerReportHandler (AbstractContainerReportHandler.java:updateContainerState(145)) - Container #1 is in OPEN state, but the datanode 71a86a4d-23f3-4eb4-8ea5-d143fc2c84ef{ip: 192.168.34.59, host: pr-hdds-2329-pipelines-xb8hx-2504970213, networkLocation: /default-rack, certSerialId: null} reports an CLOSED replica.
2019-11-07 13:51:31,347 [java.util.concurrent.ThreadPoolExecutor$Worker@f89c058[State = -1, empty queue]] WARN  server.GrpcLogAppender (GrpcLogAppender.java:timeoutAppendRequest(209)) - 71a86a4d-23f3-4eb4-8ea5-d143fc2c84ef@group-5EFA7C96AEB4->5995e050-5950-4b38-8270-33206f256198-GrpcLogAppender: appendEntries Timeout, request=71a86a4d-23f3-4eb4-8ea5-d143fc2c84ef->5995e050-5950-4b38-8270-33206f256198#44-t2, previous=(t:2, i:10), leaderCommit=10, initializing? false, entries: <empty>
2019-11-07 13:51:31,447 [EventQueue-ContainerReportForContainerReportHandler] WARN  container.ContainerReportHandler (AbstractContainerReportHandler.java:updateContainerState(145)) - Container #1 is in OPEN state, but the datanode c4d74ea5-4e51-490d-ae77-7f64a80784ec{ip: 192.168.34.59, host: pr-hdds-2329-pipelines-xb8hx-2504970213, networkLocation: /default-rack, certSerialId: null} reports an CLOSED replica.
2019-11-07 13:51:31,618 [EventQueue-ContainerReportForContainerReportHandler] WARN  container.ContainerReportHandler (AbstractContainerReportHandler.java:updateContainerState(145)) - Container #1 is in OPEN state, but the datanode 71a86a4d-23f3-4eb4-8ea5-d143fc2c84ef{ip: 192.168.34.59, host: pr-hdds-2329-pipelines-xb8hx-2504970213, networkLocation: /default-rack, certSerialId: null} reports an CLOSED replica.
2019-11-07 13:51:31,648 [EventQueue-ContainerReportForContainerReportHandler] WARN  container.ContainerReportHandler (AbstractContainerReportHandler.java:updateContainerState(145)) - Container #1 is in OPEN state, but the datanode c4d74ea5-4e51-490d-ae77-7f64a80784ec{ip: 192.168.34.59, host: pr-hdds-2329-pipelines-xb8hx-2504970213, networkLocation: /default-rack, certSerialId: null} reports an CLOSED replica.
2019-11-07 13:51:31,948 [EventQueue-ContainerReportForContainerReportHandler] WARN  container.ContainerReportHandler (AbstractContainerReportHandler.java:updateContainerState(145)) - Container #1 is in OPEN state, but the datanode c4d74ea5-4e51-490d-ae77-7f64a80784ec{ip: 192.168.34.59, host: pr-hdds-2329-pipelines-xb8hx-2504970213, networkLocation: /default-rack, certSerialId: null} reports an CLOSED replica.
2019-11-07 13:51:32,018 [EventQueue-ContainerReportForContainerReportHandler] WARN  container.ContainerReportHandler (AbstractContainerReportHandler.java:updateContainerState(145)) - Container #1 is in OPEN state, but the datanode 71a86a4d-23f3-4eb4-8ea5-d143fc2c84ef{ip: 192.168.34.59, host: pr-hdds-2329-pipelines-xb8hx-2504970213, networkLocation: /default-rack, certSerialId: null} reports an CLOSED replica.
2019-11-07 13:51:32,064 [BlockDeletingService#7] WARN  background.BlockDeletingService (BlockDeletingService.java:isDeletionAllowed(187)) - Close Container log Index 6 is not replicated across allthe servers in the pipeline 19060351-f974-4d09-a844-5efa7c96aeb4 as the min replicated index is 4. Deletion is not allowed in this container yet.
2019-11-07 13:51:32,064 [BlockDeletingService#2] WARN  background.BlockDeletingService (BlockDeletingService.java:isDeletionAllowed(187)) - Close Container log Index 6 is not replicated across allthe servers in the pipeline 19060351-f974-4d09-a844-5efa7c96aeb4 as the min replicated index is 4. Deletion is not allowed in this container yet.
2019-11-07 13:51:32,218 [EventQueue-ContainerReportForContainerReportHandler] WARN  container.ContainerReportHandler (AbstractContainerReportHandler.java:updateContainerState(145)) - Container #1 is in OPEN state, but the datanode 71a86a4d-23f3-4eb4-8ea5-d143fc2c84ef{ip: 192.168.34.59, host: pr-hdds-2329-pipelines-xb8hx-2504970213, networkLocation: /default-rack, certSerialId: null} reports an CLOSED replica.
2019-11-07 13:51:32,348 [EventQueue-ContainerReportForContainerReportHandler] WARN  container.ContainerReportHandler (AbstractContainerReportHandler.java:updateContainerState(145)) - Container #1 is in OPEN state, but the datanode c4d74ea5-4e51-490d-ae77-7f64a80784ec{ip: 192.168.34.59, host: pr-hdds-2329-pipelines-xb8hx-2504970213, networkLocation: /default-rack, certSerialId: null} reports an CLOSED replica.
2019-11-07 13:51:32,518 [EventQueue-ContainerReportForContainerReportHandler] WARN  container.ContainerReportHandler (AbstractContainerReportHandler.java:updateContainerState(145)) - Container #1 is in OPEN state, but the datanode 71a86a4d-23f3-4eb4-8ea5-d143fc2c84ef{ip: 192.168.34.59, host: pr-hdds-2329-pipelines-xb8hx-2504970213, networkLocation: /default-rack, certSerialId: null} reports an CLOSED replica.
2019-11-07 13:51:32,647 [EventQueue-ContainerReportForContainerReportHandler] WARN  container.ContainerReportHandler (AbstractContainerReportHandler.java:updateContainerState(145)) - Container #1 is in OPEN state, but the datanode c4d74ea5-4e51-490d-ae77-7f64a80784ec{ip: 192.168.34.59, host: pr-hdds-2329-pipelines-xb8hx-2504970213, networkLocation: /default-rack, certSerialId: null} reports an CLOSED replica.
2019-11-07 13:51:32,818 [EventQueue-ContainerReportForContainerReportHandler] WARN  container.ContainerReportHandler (AbstractContainerReportHandler.java:updateContainerState(145)) - Container #1 is in OPEN state, but the datanode 71a86a4d-23f3-4eb4-8ea5-d143fc2c84ef{ip: 192.168.34.59, host: pr-hdds-2329-pipelines-xb8hx-2504970213, networkLocation: /default-rack, certSerialId: null} reports an CLOSED replica.
2019-11-07 13:51:33,018 [EventQueue-ContainerReportForContainerReportHandler] WARN  container.ContainerReportHandler (AbstractContainerReportHandler.java:updateContainerState(145)) - Container #1 is in OPEN state, but the datanode 71a86a4d-23f3-4eb4-8ea5-d143fc2c84ef{ip: 192.168.34.59, host: pr-hdds-2329-pipelines-xb8hx-2504970213, networkLocation: /default-rack, certSerialId: null} reports an CLOSED replica.
2019-11-07 13:51:33,047 [EventQueue-ContainerReportForContainerReportHandler] WARN  container.ContainerReportHandler (AbstractContainerReportHandler.java:updateContainerState(145)) - Container #1 is in OPEN state, but the datanode c4d74ea5-4e51-490d-ae77-7f64a80784ec{ip: 192.168.34.59, host: pr-hdds-2329-pipelines-xb8hx-2504970213, networkLocation: /default-rack, certSerialId: null} reports an CLOSED replica.
2019-11-07 13:51:33,065 [BlockDeletingService#7] WARN  background.BlockDeletingService (BlockDeletingService.java:isDeletionAllowed(187)) - Close Container log Index 6 is not replicated across allthe servers in the pipeline 19060351-f974-4d09-a844-5efa7c96aeb4 as the min replicated index is 4. Deletion is not allowed in this container yet.
2019-11-07 13:51:33,066 [BlockDeletingService#2] WARN  background.BlockDeletingService (BlockDeletingService.java:isDeletionAllowed(187)) - Close Container log Index 6 is not replicated across allthe servers in the pipeline 19060351-f974-4d09-a844-5efa7c96aeb4 as the min replicated index is 4. Deletion is not allowed in this container yet.
2019-11-07 13:51:33,318 [EventQueue-ContainerReportForContainerReportHandler] WARN  container.ContainerReportHandler (AbstractContainerReportHandler.java:updateContainerState(145)) - Container #1 is in OPEN state, but the datanode 71a86a4d-23f3-4eb4-8ea5-d143fc2c84ef{ip: 192.168.34.59, host: pr-hdds-2329-pipelines-xb8hx-2504970213, networkLocation: /default-rack, certSerialId: null} reports an CLOSED replica.
2019-11-07 13:51:33,447 [EventQueue-ContainerReportForContainerReportHandler] WARN  container.ContainerReportHandler (AbstractContainerReportHandler.java:updateContainerState(145)) - Container #1 is in OPEN state, but the datanode c4d74ea5-4e51-490d-ae77-7f64a80784ec{ip: 192.168.34.59, host: pr-hdds-2329-pipelines-xb8hx-2504970213, networkLocation: /default-rack, certSerialId: null} reports an CLOSED replica.
2019-11-07 13:51:33,718 [EventQueue-ContainerReportForContainerReportHandler] WARN  container.ContainerReportHandler (AbstractContainerReportHandler.java:updateContainerState(145)) - Container #1 is in OPEN state, but the datanode 71a86a4d-23f3-4eb4-8ea5-d143fc2c84ef{ip: 192.168.34.59, host: pr-hdds-2329-pipelines-xb8hx-2504970213, networkLocation: /default-rack, certSerialId: null} reports an CLOSED replica.
2019-11-07 13:51:33,748 [EventQueue-ContainerReportForContainerReportHandler] WARN  container.ContainerReportHandler (AbstractContainerReportHandler.java:updateContainerState(145)) - Container #1 is in OPEN state, but the datanode c4d74ea5-4e51-490d-ae77-7f64a80784ec{ip: 192.168.34.59, host: pr-hdds-2329-pipelines-xb8hx-2504970213, networkLocation: /default-rack, certSerialId: null} reports an CLOSED replica.
2019-11-07 13:51:33,847 [java.util.concurrent.ThreadPoolExecutor$Worker@f89c058[State = -1, empty queue]] WARN  server.GrpcLogAppender (GrpcLogAppender.java:timeoutAppendRequest(209)) - 71a86a4d-23f3-4eb4-8ea5-d143fc2c84ef@group-5EFA7C96AEB4->5995e050-5950-4b38-8270-33206f256198-GrpcLogAppender: appendEntries Timeout, request=71a86a4d-23f3-4eb4-8ea5-d143fc2c84ef->5995e050-5950-4b38-8270-33206f256198#45-t2, previous=(t:2, i:10), leaderCommit=10, initializing? false, entries: <empty>
2019-11-07 13:51:34,067 [BlockDeletingService#2] WARN  background.BlockDeletingService (BlockDeletingService.java:isDeletionAllowed(187)) - Close Container log Index 6 is not replicated across allthe servers in the pipeline 19060351-f974-4d09-a844-5efa7c96aeb4 as the min replicated index is 4. Deletion is not allowed in this container yet.
2019-11-07 13:51:34,067 [BlockDeletingService#7] WARN  background.BlockDeletingService (BlockDeletingService.java:isDeletionAllowed(187)) - Close Container log Index 6 is not replicated across allthe servers in the pipeline 19060351-f974-4d09-a844-5efa7c96aeb4 as the min replicated index is 4. Deletion is not allowed in this container yet.
2019-11-07 13:51:34,118 [EventQueue-ContainerReportForContainerReportHandler] WARN  container.ContainerReportHandler (AbstractContainerReportHandler.java:updateContainerState(145)) - Container #1 is in OPEN state, but the datanode 71a86a4d-23f3-4eb4-8ea5-d143fc2c84ef{ip: 192.168.34.59, host: pr-hdds-2329-pipelines-xb8hx-2504970213, networkLocation: /default-rack, certSerialId: null} reports an CLOSED replica.
2019-11-07 13:51:34,150 [EventQueue-ContainerReportForContainerReportHandler] WARN  container.ContainerReportHandler (AbstractContainerReportHandler.java:updateContainerState(145)) - Container #1 is in OPEN state, but the datanode c4d74ea5-4e51-490d-ae77-7f64a80784ec{ip: 192.168.34.59, host: pr-hdds-2329-pipelines-xb8hx-2504970213, networkLocation: /default-rack, certSerialId: null} reports an CLOSED replica.
2019-11-07 13:51:34,418 [EventQueue-ContainerReportForContainerReportHandler] WARN  container.ContainerReportHandler (AbstractContainerReportHandler.java:updateContainerState(145)) - Container #1 is in OPEN state, but the datanode 71a86a4d-23f3-4eb4-8ea5-d143fc2c84ef{ip: 192.168.34.59, host: pr-hdds-2329-pipelines-xb8hx-2504970213, networkLocation: /default-rack, certSerialId: null} reports an CLOSED replica.
2019-11-07 13:51:34,451 [EventQueue-ContainerReportForContainerReportHandler] WARN  container.ContainerReportHandler (AbstractContainerReportHandler.java:updateContainerState(145)) - Container #1 is in OPEN state, but the datanode c4d74ea5-4e51-490d-ae77-7f64a80784ec{ip: 192.168.34.59, host: pr-hdds-2329-pipelines-xb8hx-2504970213, networkLocation: /default-rack, certSerialId: null} reports an CLOSED replica.
2019-11-07 13:51:34,618 [EventQueue-ContainerReportForContainerReportHandler] WARN  container.ContainerReportHandler (AbstractContainerReportHandler.java:updateContainerState(145)) - Container #1 is in OPEN state, but the datanode 71a86a4d-23f3-4eb4-8ea5-d143fc2c84ef{ip: 192.168.34.59, host: pr-hdds-2329-pipelines-xb8hx-2504970213, networkLocation: /default-rack, certSerialId: null} reports an CLOSED replica.
2019-11-07 13:51:34,750 [EventQueue-ContainerReportForContainerReportHandler] WARN  container.ContainerReportHandler (AbstractContainerReportHandler.java:updateContainerState(145)) - Container #1 is in OPEN state, but the datanode c4d74ea5-4e51-490d-ae77-7f64a80784ec{ip: 192.168.34.59, host: pr-hdds-2329-pipelines-xb8hx-2504970213, networkLocation: /default-rack, certSerialId: null} reports an CLOSED replica.
2019-11-07 13:51:35,018 [EventQueue-ContainerReportForContainerReportHandler] WARN  container.ContainerReportHandler (AbstractContainerReportHandler.java:updateContainerState(145)) - Container #1 is in OPEN state, but the datanode 71a86a4d-23f3-4eb4-8ea5-d143fc2c84ef{ip: 192.168.34.59, host: pr-hdds-2329-pipelines-xb8hx-2504970213, networkLocation: /default-rack, certSerialId: null} reports an CLOSED replica.
2019-11-07 13:51:35,068 [BlockDeletingService#2] WARN  background.BlockDeletingService (BlockDeletingService.java:isDeletionAllowed(187)) - Close Container log Index 6 is not replicated across allthe servers in the pipeline 19060351-f974-4d09-a844-5efa7c96aeb4 as the min replicated index is 4. Deletion is not allowed in this container yet.
2019-11-07 13:51:35,068 [BlockDeletingService#7] WARN  background.BlockDeletingService (BlockDeletingService.java:isDeletionAllowed(187)) - Close Container log Index 6 is not replicated across allthe servers in the pipeline 19060351-f974-4d09-a844-5efa7c96aeb4 as the min replicated index is 4. Deletion is not allowed in this container yet.
2019-11-07 13:51:35,150 [EventQueue-ContainerReportForContainerReportHandler] WARN  container.ContainerReportHandler (AbstractContainerReportHandler.java:updateContainerState(145)) - Container #1 is in OPEN state, but the datanode c4d74ea5-4e51-490d-ae77-7f64a80784ec{ip: 192.168.34.59, host: pr-hdds-2329-pipelines-xb8hx-2504970213, networkLocation: /default-rack, certSerialId: null} reports an CLOSED replica.
2019-11-07 13:51:35,219 [EventQueue-ContainerReportForContainerReportHandler] WARN  container.ContainerReportHandler (AbstractContainerReportHandler.java:updateContainerState(145)) - Container #1 is in OPEN state, but the datanode 71a86a4d-23f3-4eb4-8ea5-d143fc2c84ef{ip: 192.168.34.59, host: pr-hdds-2329-pipelines-xb8hx-2504970213, networkLocation: /default-rack, certSerialId: null} reports an CLOSED replica.
2019-11-07 13:51:35,518 [EventQueue-ContainerReportForContainerReportHandler] WARN  container.ContainerReportHandler (AbstractContainerReportHandler.java:updateContainerState(145)) - Container #1 is in OPEN state, but the datanode 71a86a4d-23f3-4eb4-8ea5-d143fc2c84ef{ip: 192.168.34.59, host: pr-hdds-2329-pipelines-xb8hx-2504970213, networkLocation: /default-rack, certSerialId: null} reports an CLOSED replica.
2019-11-07 13:51:35,551 [EventQueue-ContainerReportForContainerReportHandler] WARN  container.ContainerReportHandler (AbstractContainerReportHandler.java:updateContainerState(145)) - Container #1 is in OPEN state, but the datanode c4d74ea5-4e51-490d-ae77-7f64a80784ec{ip: 192.168.34.59, host: pr-hdds-2329-pipelines-xb8hx-2504970213, networkLocation: /default-rack, certSerialId: null} reports an CLOSED replica.
2019-11-07 13:51:35,718 [EventQueue-ContainerReportForContainerReportHandler] WARN  container.ContainerReportHandler (AbstractContainerReportHandler.java:updateContainerState(145)) - Container #1 is in OPEN state, but the datanode 71a86a4d-23f3-4eb4-8ea5-d143fc2c84ef{ip: 192.168.34.59, host: pr-hdds-2329-pipelines-xb8hx-2504970213, networkLocation: /default-rack, certSerialId: null} reports an CLOSED replica.
2019-11-07 13:51:35,851 [EventQueue-ContainerReportForContainerReportHandler] WARN  container.ContainerReportHandler (AbstractContainerReportHandler.java:updateContainerState(145)) - Container #1 is in OPEN state, but the datanode c4d74ea5-4e51-490d-ae77-7f64a80784ec{ip: 192.168.34.59, host: pr-hdds-2329-pipelines-xb8hx-2504970213, networkLocation: /default-rack, certSerialId: null} reports an CLOSED replica.
2019-11-07 13:51:35,920 [EventQueue-ContainerReportForContainerReportHandler] WARN  container.ContainerReportHandler (AbstractContainerReportHandler.java:updateContainerState(145)) - Container #1 is in OPEN state, but the datanode 71a86a4d-23f3-4eb4-8ea5-d143fc2c84ef{ip: 192.168.34.59, host: pr-hdds-2329-pipelines-xb8hx-2504970213, networkLocation: /default-rack, certSerialId: null} reports an CLOSED replica.
2019-11-07 13:51:35,926 [Thread-518] INFO  client.GrpcClientProtocolService (GrpcClientProtocolService.java:lambda$processClientRequest$0(279)) - Failed RaftClientRequest:client-0F90B2C4DA5A->c4d74ea5-4e51-490d-ae77-7f64a80784ec@group-5EFA7C96AEB4, cid=10, seq=0, Watch-ALL_COMMITTED(6), Message:<EMPTY>, reply=RaftClientReply:client-0F90B2C4DA5A->c4d74ea5-4e51-490d-ae77-7f64a80784ec@group-5EFA7C96AEB4, cid=10, FAILED org.apache.ratis.protocol.NotLeaderException: Server c4d74ea5-4e51-490d-ae77-7f64a80784ec@group-5EFA7C96AEB4 is not the leader 71a86a4d-23f3-4eb4-8ea5-d143fc2c84ef:192.168.34.59:36384, logIndex=0, commits[c4d74ea5-4e51-490d-ae77-7f64a80784ec:c10, 71a86a4d-23f3-4eb4-8ea5-d143fc2c84ef:c10, 5995e050-5950-4b38-8270-33206f256198:c4]
2019-11-07 13:51:36,070 [BlockDeletingService#7] WARN  background.BlockDeletingService (BlockDeletingService.java:isDeletionAllowed(187)) - Close Container log Index 6 is not replicated across allthe servers in the pipeline 19060351-f974-4d09-a844-5efa7c96aeb4 as the min replicated index is 4. Deletion is not allowed in this container yet.
2019-11-07 13:51:36,070 [BlockDeletingService#2] WARN  background.BlockDeletingService (BlockDeletingService.java:isDeletionAllowed(187)) - Close Container log Index 6 is not replicated across allthe servers in the pipeline 19060351-f974-4d09-a844-5efa7c96aeb4 as the min replicated index is 4. Deletion is not allowed in this container yet.
2019-11-07 13:51:36,152 [EventQueue-ContainerReportForContainerReportHandler] WARN  container.ContainerReportHandler (AbstractContainerReportHandler.java:updateContainerState(145)) - Container #1 is in OPEN state, but the datanode c4d74ea5-4e51-490d-ae77-7f64a80784ec{ip: 192.168.34.59, host: pr-hdds-2329-pipelines-xb8hx-2504970213, networkLocation: /default-rack, certSerialId: null} reports an CLOSED replica.
2019-11-07 13:51:36,218 [EventQueue-ContainerReportForContainerReportHandler] WARN  container.ContainerReportHandler (AbstractContainerReportHandler.java:updateContainerState(145)) - Container #1 is in OPEN state, but the datanode 71a86a4d-23f3-4eb4-8ea5-d143fc2c84ef{ip: 192.168.34.59, host: pr-hdds-2329-pipelines-xb8hx-2504970213, networkLocation: /default-rack, certSerialId: null} reports an CLOSED replica.
2019-11-07 13:51:36,348 [java.util.concurrent.ThreadPoolExecutor$Worker@f89c058[State = -1, empty queue]] WARN  server.GrpcLogAppender (GrpcLogAppender.java:timeoutAppendRequest(209)) - 71a86a4d-23f3-4eb4-8ea5-d143fc2c84ef@group-5EFA7C96AEB4->5995e050-5950-4b38-8270-33206f256198-GrpcLogAppender: appendEntries Timeout, request=71a86a4d-23f3-4eb4-8ea5-d143fc2c84ef->5995e050-5950-4b38-8270-33206f256198#46-t2, previous=(t:2, i:10), leaderCommit=10, initializing? false, entries: <empty>
2019-11-07 13:51:36,518 [EventQueue-ContainerReportForContainerReportHandler] WARN  container.ContainerReportHandler (AbstractContainerReportHandler.java:updateContainerState(145)) - Container #1 is in OPEN state, but the datanode 71a86a4d-23f3-4eb4-8ea5-d143fc2c84ef{ip: 192.168.34.59, host: pr-hdds-2329-pipelines-xb8hx-2504970213, networkLocation: /default-rack, certSerialId: null} reports an CLOSED replica.
2019-11-07 13:51:36,551 [EventQueue-ContainerReportForContainerReportHandler] WARN  container.ContainerReportHandler (AbstractContainerReportHandler.java:updateContainerState(145)) - Container #1 is in OPEN state, but the datanode c4d74ea5-4e51-490d-ae77-7f64a80784ec{ip: 192.168.34.59, host: pr-hdds-2329-pipelines-xb8hx-2504970213, networkLocation: /default-rack, certSerialId: null} reports an CLOSED replica.
2019-11-07 13:51:36,756 [Thread-523] INFO  client.GrpcClientProtocolService (GrpcClientProtocolService.java:lambda$processClientRequest$0(279)) - Failed RaftClientRequest:client-0F90B2C4DA5A->71a86a4d-23f3-4eb4-8ea5-d143fc2c84ef@group-5EFA7C96AEB4, cid=10, seq=0, Watch-ALL_COMMITTED(6), Message:<EMPTY>, reply=RaftClientReply:client-0F90B2C4DA5A->71a86a4d-23f3-4eb4-8ea5-d143fc2c84ef@group-5EFA7C96AEB4, cid=10, FAILED org.apache.ratis.protocol.NotReplicatedException: Request with call Id 10 and log index 6 is not yet replicated to ALL_COMMITTED, logIndex=6, commits[71a86a4d-23f3-4eb4-8ea5-d143fc2c84ef:c10, c4d74ea5-4e51-490d-ae77-7f64a80784ec:c10, 5995e050-5950-4b38-8270-33206f256198:c4]
2019-11-07 13:51:36,818 [EventQueue-ContainerReportForContainerReportHandler] WARN  container.ContainerReportHandler (AbstractContainerReportHandler.java:updateContainerState(145)) - Container #1 is in OPEN state, but the datanode 71a86a4d-23f3-4eb4-8ea5-d143fc2c84ef{ip: 192.168.34.59, host: pr-hdds-2329-pipelines-xb8hx-2504970213, networkLocation: /default-rack, certSerialId: null} reports an CLOSED replica.
2019-11-07 13:51:36,852 [EventQueue-ContainerReportForContainerReportHandler] WARN  container.ContainerReportHandler (AbstractContainerReportHandler.java:updateContainerState(145)) - Container #1 is in OPEN state, but the datanode c4d74ea5-4e51-490d-ae77-7f64a80784ec{ip: 192.168.34.59, host: pr-hdds-2329-pipelines-xb8hx-2504970213, networkLocation: /default-rack, certSerialId: null} reports an CLOSED replica.
2019-11-07 13:51:37,019 [EventQueue-ContainerReportForContainerReportHandler] WARN  container.ContainerReportHandler (AbstractContainerReportHandler.java:updateContainerState(145)) - Container #1 is in OPEN state, but the datanode 71a86a4d-23f3-4eb4-8ea5-d143fc2c84ef{ip: 192.168.34.59, host: pr-hdds-2329-pipelines-xb8hx-2504970213, networkLocation: /default-rack, certSerialId: null} reports an CLOSED replica.
2019-11-07 13:51:37,073 [BlockDeletingService#2] WARN  background.BlockDeletingService (BlockDeletingService.java:isDeletionAllowed(187)) - Close Container log Index 6 is not replicated across allthe servers in the pipeline 19060351-f974-4d09-a844-5efa7c96aeb4 as the min replicated index is 4. Deletion is not allowed in this container yet.
2019-11-07 13:51:37,073 [BlockDeletingService#7] WARN  background.BlockDeletingService (BlockDeletingService.java:isDeletionAllowed(187)) - Close Container log Index 6 is not replicated across allthe servers in the pipeline 19060351-f974-4d09-a844-5efa7c96aeb4 as the min replicated index is 4. Deletion is not allowed in this container yet.
2019-11-07 13:51:37,153 [EventQueue-ContainerReportForContainerReportHandler] WARN  container.ContainerReportHandler (AbstractContainerReportHandler.java:updateContainerState(145)) - Container #1 is in OPEN state, but the datanode c4d74ea5-4e51-490d-ae77-7f64a80784ec{ip: 192.168.34.59, host: pr-hdds-2329-pipelines-xb8hx-2504970213, networkLocation: /default-rack, certSerialId: null} reports an CLOSED replica.
2019-11-07 13:51:37,419 [EventQueue-ContainerReportForContainerReportHandler] WARN  container.ContainerReportHandler (AbstractContainerReportHandler.java:updateContainerState(145)) - Container #1 is in OPEN state, but the datanode 71a86a4d-23f3-4eb4-8ea5-d143fc2c84ef{ip: 192.168.34.59, host: pr-hdds-2329-pipelines-xb8hx-2504970213, networkLocation: /default-rack, certSerialId: null} reports an CLOSED replica.
2019-11-07 13:51:37,453 [EventQueue-ContainerReportForContainerReportHandler] WARN  container.ContainerReportHandler (AbstractContainerReportHandler.java:updateContainerState(145)) - Container #1 is in OPEN state, but the datanode c4d74ea5-4e51-490d-ae77-7f64a80784ec{ip: 192.168.34.59, host: pr-hdds-2329-pipelines-xb8hx-2504970213, networkLocation: /default-rack, certSerialId: null} reports an CLOSED replica.
2019-11-07 13:51:37,755 [EventQueue-ContainerReportForContainerReportHandler] WARN  container.ContainerReportHandler (AbstractContainerReportHandler.java:updateContainerState(145)) - Container #1 is in OPEN state, but the datanode c4d74ea5-4e51-490d-ae77-7f64a80784ec{ip: 192.168.34.59, host: pr-hdds-2329-pipelines-xb8hx-2504970213, networkLocation: /default-rack, certSerialId: null} reports an CLOSED replica.
2019-11-07 13:51:37,818 [EventQueue-ContainerReportForContainerReportHandler] WARN  container.ContainerReportHandler (AbstractContainerReportHandler.java:updateContainerState(145)) - Container #1 is in OPEN state, but the datanode 71a86a4d-23f3-4eb4-8ea5-d143fc2c84ef{ip: 192.168.34.59, host: pr-hdds-2329-pipelines-xb8hx-2504970213, networkLocation: /default-rack, certSerialId: null} reports an CLOSED replica.
2019-11-07 13:51:38,019 [EventQueue-ContainerReportForContainerReportHandler] WARN  container.ContainerReportHandler (AbstractContainerReportHandler.java:updateContainerState(145)) - Container #1 is in OPEN state, but the datanode 71a86a4d-23f3-4eb4-8ea5-d143fc2c84ef{ip: 192.168.34.59, host: pr-hdds-2329-pipelines-xb8hx-2504970213, networkLocation: /default-rack, certSerialId: null} reports an CLOSED replica.
2019-11-07 13:51:38,078 [BlockDeletingService#7] WARN  background.BlockDeletingService (BlockDeletingService.java:isDeletionAllowed(187)) - Close Container log Index 6 is not replicated across allthe servers in the pipeline 19060351-f974-4d09-a844-5efa7c96aeb4 as the min replicated index is 4. Deletion is not allowed in this container yet.
2019-11-07 13:51:38,078 [BlockDeletingService#2] WARN  background.BlockDeletingService (BlockDeletingService.java:isDeletionAllowed(187)) - Close Container log Index 6 is not replicated across allthe servers in the pipeline 19060351-f974-4d09-a844-5efa7c96aeb4 as the min replicated index is 4. Deletion is not allowed in this container yet.
2019-11-07 13:51:38,154 [EventQueue-ContainerReportForContainerReportHandler] WARN  container.ContainerReportHandler (AbstractContainerReportHandler.java:updateContainerState(145)) - Container #1 is in OPEN state, but the datanode c4d74ea5-4e51-490d-ae77-7f64a80784ec{ip: 192.168.34.59, host: pr-hdds-2329-pipelines-xb8hx-2504970213, networkLocation: /default-rack, certSerialId: null} reports an CLOSED replica.
2019-11-07 13:51:38,420 [EventQueue-ContainerReportForContainerReportHandler] WARN  container.ContainerReportHandler (AbstractContainerReportHandler.java:updateContainerState(145)) - Container #1 is in OPEN state, but the datanode 71a86a4d-23f3-4eb4-8ea5-d143fc2c84ef{ip: 192.168.34.59, host: pr-hdds-2329-pipelines-xb8hx-2504970213, networkLocation: /default-rack, certSerialId: null} reports an CLOSED replica.
2019-11-07 13:51:38,554 [EventQueue-ContainerReportForContainerReportHandler] WARN  container.ContainerReportHandler (AbstractContainerReportHandler.java:updateContainerState(145)) - Container #1 is in OPEN state, but the datanode c4d74ea5-4e51-490d-ae77-7f64a80784ec{ip: 192.168.34.59, host: pr-hdds-2329-pipelines-xb8hx-2504970213, networkLocation: /default-rack, certSerialId: null} reports an CLOSED replica.
2019-11-07 13:51:38,720 [EventQueue-ContainerReportForContainerReportHandler] WARN  container.ContainerReportHandler (AbstractContainerReportHandler.java:updateContainerState(145)) - Container #1 is in OPEN state, but the datanode 71a86a4d-23f3-4eb4-8ea5-d143fc2c84ef{ip: 192.168.34.59, host: pr-hdds-2329-pipelines-xb8hx-2504970213, networkLocation: /default-rack, certSerialId: null} reports an CLOSED replica.
2019-11-07 13:51:38,753 [EventQueue-ContainerReportForContainerReportHandler] WARN  container.ContainerReportHandler (AbstractContainerReportHandler.java:updateContainerState(145)) - Container #1 is in OPEN state, but the datanode c4d74ea5-4e51-490d-ae77-7f64a80784ec{ip: 192.168.34.59, host: pr-hdds-2329-pipelines-xb8hx-2504970213, networkLocation: /default-rack, certSerialId: null} reports an CLOSED replica.
2019-11-07 13:51:38,849 [java.util.concurrent.ThreadPoolExecutor$Worker@f89c058[State = -1, empty queue]] WARN  server.GrpcLogAppender (GrpcLogAppender.java:timeoutAppendRequest(209)) - 71a86a4d-23f3-4eb4-8ea5-d143fc2c84ef@group-5EFA7C96AEB4->5995e050-5950-4b38-8270-33206f256198-GrpcLogAppender: appendEntries Timeout, request=71a86a4d-23f3-4eb4-8ea5-d143fc2c84ef->5995e050-5950-4b38-8270-33206f256198#47-t2, previous=(t:2, i:10), leaderCommit=10, initializing? false, entries: <empty>
2019-11-07 13:51:38,921 [EventQueue-ContainerReportForContainerReportHandler] WARN  container.ContainerReportHandler (AbstractContainerReportHandler.java:updateContainerState(145)) - Container #1 is in OPEN state, but the datanode 71a86a4d-23f3-4eb4-8ea5-d143fc2c84ef{ip: 192.168.34.59, host: pr-hdds-2329-pipelines-xb8hx-2504970213, networkLocation: /default-rack, certSerialId: null} reports an CLOSED replica.
2019-11-07 13:51:39,054 [EventQueue-ContainerReportForContainerReportHandler] WARN  container.ContainerReportHandler (AbstractContainerReportHandler.java:updateContainerState(145)) - Container #1 is in OPEN state, but the datanode c4d74ea5-4e51-490d-ae77-7f64a80784ec{ip: 192.168.34.59, host: pr-hdds-2329-pipelines-xb8hx-2504970213, networkLocation: /default-rack, certSerialId: null} reports an CLOSED replica.
2019-11-07 13:51:39,080 [BlockDeletingService#7] WARN  background.BlockDeletingService (BlockDeletingService.java:isDeletionAllowed(187)) - Close Container log Index 6 is not replicated across allthe servers in the pipeline 19060351-f974-4d09-a844-5efa7c96aeb4 as the min replicated index is 4. Deletion is not allowed in this container yet.
2019-11-07 13:51:39,080 [BlockDeletingService#2] WARN  background.BlockDeletingService (BlockDeletingService.java:isDeletionAllowed(187)) - Close Container log Index 6 is not replicated across allthe servers in the pipeline 19060351-f974-4d09-a844-5efa7c96aeb4 as the min replicated index is 4. Deletion is not allowed in this container yet.
2019-11-07 13:51:39,323 [EventQueue-ContainerReportForContainerReportHandler] WARN  container.ContainerReportHandler (AbstractContainerReportHandler.java:updateContainerState(145)) - Container #1 is in OPEN state, but the datanode 71a86a4d-23f3-4eb4-8ea5-d143fc2c84ef{ip: 192.168.34.59, host: pr-hdds-2329-pipelines-xb8hx-2504970213, networkLocation: /default-rack, certSerialId: null} reports an CLOSED replica.
2019-11-07 13:51:39,354 [EventQueue-ContainerReportForContainerReportHandler] WARN  container.ContainerReportHandler (AbstractContainerReportHandler.java:updateContainerState(145)) - Container #1 is in OPEN state, but the datanode c4d74ea5-4e51-490d-ae77-7f64a80784ec{ip: 192.168.34.59, host: pr-hdds-2329-pipelines-xb8hx-2504970213, networkLocation: /default-rack, certSerialId: null} reports an CLOSED replica.
2019-11-07 13:51:39,522 [EventQueue-ContainerReportForContainerReportHandler] WARN  container.ContainerReportHandler (AbstractContainerReportHandler.java:updateContainerState(145)) - Container #1 is in OPEN state, but the datanode 71a86a4d-23f3-4eb4-8ea5-d143fc2c84ef{ip: 192.168.34.59, host: pr-hdds-2329-pipelines-xb8hx-2504970213, networkLocation: /default-rack, certSerialId: null} reports an CLOSED replica.
2019-11-07 13:51:39,655 [EventQueue-ContainerReportForContainerReportHandler] WARN  container.ContainerReportHandler (AbstractContainerReportHandler.java:updateContainerState(145)) - Container #1 is in OPEN state, but the datanode c4d74ea5-4e51-490d-ae77-7f64a80784ec{ip: 192.168.34.59, host: pr-hdds-2329-pipelines-xb8hx-2504970213, networkLocation: /default-rack, certSerialId: null} reports an CLOSED replica.
2019-11-07 13:51:39,823 [EventQueue-ContainerReportForContainerReportHandler] WARN  container.ContainerReportHandler (AbstractContainerReportHandler.java:updateContainerState(145)) - Container #1 is in OPEN state, but the datanode 71a86a4d-23f3-4eb4-8ea5-d143fc2c84ef{ip: 192.168.34.59, host: pr-hdds-2329-pipelines-xb8hx-2504970213, networkLocation: /default-rack, certSerialId: null} reports an CLOSED replica.
2019-11-07 13:51:39,955 [EventQueue-ContainerReportForContainerReportHandler] WARN  container.ContainerReportHandler (AbstractContainerReportHandler.java:updateContainerState(145)) - Container #1 is in OPEN state, but the datanode c4d74ea5-4e51-490d-ae77-7f64a80784ec{ip: 192.168.34.59, host: pr-hdds-2329-pipelines-xb8hx-2504970213, networkLocation: /default-rack, certSerialId: null} reports an CLOSED replica.
2019-11-07 13:51:40,082 [BlockDeletingService#7] WARN  background.BlockDeletingService (BlockDeletingService.java:isDeletionAllowed(187)) - Close Container log Index 6 is not replicated across allthe servers in the pipeline 19060351-f974-4d09-a844-5efa7c96aeb4 as the min replicated index is 4. Deletion is not allowed in this container yet.
2019-11-07 13:51:40,082 [BlockDeletingService#2] WARN  background.BlockDeletingService (BlockDeletingService.java:isDeletionAllowed(187)) - Close Container log Index 6 is not replicated across allthe servers in the pipeline 19060351-f974-4d09-a844-5efa7c96aeb4 as the min replicated index is 4. Deletion is not allowed in this container yet.
2019-11-07 13:51:40,124 [EventQueue-ContainerReportForContainerReportHandler] WARN  container.ContainerReportHandler (AbstractContainerReportHandler.java:updateContainerState(145)) - Container #1 is in OPEN state, but the datanode 71a86a4d-23f3-4eb4-8ea5-d143fc2c84ef{ip: 192.168.34.59, host: pr-hdds-2329-pipelines-xb8hx-2504970213, networkLocation: /default-rack, certSerialId: null} reports an CLOSED replica.
2019-11-07 13:51:40,254 [EventQueue-ContainerReportForContainerReportHandler] WARN  container.ContainerReportHandler (AbstractContainerReportHandler.java:updateContainerState(145)) - Container #1 is in OPEN state, but the datanode c4d74ea5-4e51-490d-ae77-7f64a80784ec{ip: 192.168.34.59, host: pr-hdds-2329-pipelines-xb8hx-2504970213, networkLocation: /default-rack, certSerialId: null} reports an CLOSED replica.
2019-11-07 13:51:40,524 [EventQueue-ContainerReportForContainerReportHandler] WARN  container.ContainerReportHandler (AbstractContainerReportHandler.java:updateContainerState(145)) - Container #1 is in OPEN state, but the datanode 71a86a4d-23f3-4eb4-8ea5-d143fc2c84ef{ip: 192.168.34.59, host: pr-hdds-2329-pipelines-xb8hx-2504970213, networkLocation: /default-rack, certSerialId: null} reports an CLOSED replica.
2019-11-07 13:51:40,554 [EventQueue-ContainerReportForContainerReportHandler] WARN  container.ContainerReportHandler (AbstractContainerReportHandler.java:updateContainerState(145)) - Container #1 is in OPEN state, but the datanode c4d74ea5-4e51-490d-ae77-7f64a80784ec{ip: 192.168.34.59, host: pr-hdds-2329-pipelines-xb8hx-2504970213, networkLocation: /default-rack, certSerialId: null} reports an CLOSED replica.
2019-11-07 13:51:40,724 [EventQueue-ContainerReportForContainerReportHandler] WARN  container.ContainerReportHandler (AbstractContainerReportHandler.java:updateContainerState(145)) - Container #1 is in OPEN state, but the datanode 71a86a4d-23f3-4eb4-8ea5-d143fc2c84ef{ip: 192.168.34.59, host: pr-hdds-2329-pipelines-xb8hx-2504970213, networkLocation: /default-rack, certSerialId: null} reports an CLOSED replica.
2019-11-07 13:51:40,754 [EventQueue-ContainerReportForContainerReportHandler] WARN  container.ContainerReportHandler (AbstractContainerReportHandler.java:updateContainerState(145)) - Container #1 is in OPEN state, but the datanode c4d74ea5-4e51-490d-ae77-7f64a80784ec{ip: 192.168.34.59, host: pr-hdds-2329-pipelines-xb8hx-2504970213, networkLocation: /default-rack, certSerialId: null} reports an CLOSED replica.
2019-11-07 13:51:40,924 [EventQueue-ContainerReportForContainerReportHandler] WARN  container.ContainerReportHandler (AbstractContainerReportHandler.java:updateContainerState(145)) - Container #1 is in OPEN state, but the datanode 71a86a4d-23f3-4eb4-8ea5-d143fc2c84ef{ip: 192.168.34.59, host: pr-hdds-2329-pipelines-xb8hx-2504970213, networkLocation: /default-rack, certSerialId: null} reports an CLOSED replica.
2019-11-07 13:51:41,054 [EventQueue-ContainerReportForContainerReportHandler] WARN  container.ContainerReportHandler (AbstractContainerReportHandler.java:updateContainerState(145)) - Container #1 is in OPEN state, but the datanode c4d74ea5-4e51-490d-ae77-7f64a80784ec{ip: 192.168.34.59, host: pr-hdds-2329-pipelines-xb8hx-2504970213, networkLocation: /default-rack, certSerialId: null} reports an CLOSED replica.
2019-11-07 13:51:41,084 [BlockDeletingService#7] WARN  background.BlockDeletingService (BlockDeletingService.java:isDeletionAllowed(187)) - Close Container log Index 6 is not replicated across allthe servers in the pipeline 19060351-f974-4d09-a844-5efa7c96aeb4 as the min replicated index is 4. Deletion is not allowed in this container yet.
2019-11-07 13:51:41,084 [BlockDeletingService#2] WARN  background.BlockDeletingService (BlockDeletingService.java:isDeletionAllowed(187)) - Close Container log Index 6 is not replicated across allthe servers in the pipeline 19060351-f974-4d09-a844-5efa7c96aeb4 as the min replicated index is 4. Deletion is not allowed in this container yet.
2019-11-07 13:51:41,224 [EventQueue-ContainerReportForContainerReportHandler] WARN  container.ContainerReportHandler (AbstractContainerReportHandler.java:updateContainerState(145)) - Container #1 is in OPEN state, but the datanode 71a86a4d-23f3-4eb4-8ea5-d143fc2c84ef{ip: 192.168.34.59, host: pr-hdds-2329-pipelines-xb8hx-2504970213, networkLocation: /default-rack, certSerialId: null} reports an CLOSED replica.
2019-11-07 13:51:41,351 [java.util.concurrent.ThreadPoolExecutor$Worker@f89c058[State = -1, empty queue]] WARN  server.GrpcLogAppender (GrpcLogAppender.java:timeoutAppendRequest(209)) - 71a86a4d-23f3-4eb4-8ea5-d143fc2c84ef@group-5EFA7C96AEB4->5995e050-5950-4b38-8270-33206f256198-GrpcLogAppender: appendEntries Timeout, request=71a86a4d-23f3-4eb4-8ea5-d143fc2c84ef->5995e050-5950-4b38-8270-33206f256198#48-t2, previous=(t:2, i:10), leaderCommit=10, initializing? false, entries: <empty>
2019-11-07 13:51:41,354 [EventQueue-ContainerReportForContainerReportHandler] WARN  container.ContainerReportHandler (AbstractContainerReportHandler.java:updateContainerState(145)) - Container #1 is in OPEN state, but the datanode c4d74ea5-4e51-490d-ae77-7f64a80784ec{ip: 192.168.34.59, host: pr-hdds-2329-pipelines-xb8hx-2504970213, networkLocation: /default-rack, certSerialId: null} reports an CLOSED replica.
2019-11-07 13:51:41,425 [EventQueue-ContainerReportForContainerReportHandler] WARN  container.ContainerReportHandler (AbstractContainerReportHandler.java:updateContainerState(145)) - Container #1 is in OPEN state, but the datanode 71a86a4d-23f3-4eb4-8ea5-d143fc2c84ef{ip: 192.168.34.59, host: pr-hdds-2329-pipelines-xb8hx-2504970213, networkLocation: /default-rack, certSerialId: null} reports an CLOSED replica.
2019-11-07 13:51:41,654 [EventQueue-ContainerReportForContainerReportHandler] WARN  container.ContainerReportHandler (AbstractContainerReportHandler.java:updateContainerState(145)) - Container #1 is in OPEN state, but the datanode c4d74ea5-4e51-490d-ae77-7f64a80784ec{ip: 192.168.34.59, host: pr-hdds-2329-pipelines-xb8hx-2504970213, networkLocation: /default-rack, certSerialId: null} reports an CLOSED replica.
2019-11-07 13:51:41,825 [EventQueue-ContainerReportForContainerReportHandler] WARN  container.ContainerReportHandler (AbstractContainerReportHandler.java:updateContainerState(145)) - Container #1 is in OPEN state, but the datanode 71a86a4d-23f3-4eb4-8ea5-d143fc2c84ef{ip: 192.168.34.59, host: pr-hdds-2329-pipelines-xb8hx-2504970213, networkLocation: /default-rack, certSerialId: null} reports an CLOSED replica.
2019-11-07 13:51:42,055 [EventQueue-ContainerReportForContainerReportHandler] WARN  container.ContainerReportHandler (AbstractContainerReportHandler.java:updateContainerState(145)) - Container #1 is in OPEN state, but the datanode c4d74ea5-4e51-490d-ae77-7f64a80784ec{ip: 192.168.34.59, host: pr-hdds-2329-pipelines-xb8hx-2504970213, networkLocation: /default-rack, certSerialId: null} reports an CLOSED replica.
2019-11-07 13:51:42,087 [BlockDeletingService#2] WARN  background.BlockDeletingService (BlockDeletingService.java:isDeletionAllowed(187)) - Close Container log Index 6 is not replicated across allthe servers in the pipeline 19060351-f974-4d09-a844-5efa7c96aeb4 as the min replicated index is 4. Deletion is not allowed in this container yet.
2019-11-07 13:51:42,087 [BlockDeletingService#7] WARN  background.BlockDeletingService (BlockDeletingService.java:isDeletionAllowed(187)) - Close Container log Index 6 is not replicated across allthe servers in the pipeline 19060351-f974-4d09-a844-5efa7c96aeb4 as the min replicated index is 4. Deletion is not allowed in this container yet.
2019-11-07 13:51:42,126 [EventQueue-ContainerReportForContainerReportHandler] WARN  container.ContainerReportHandler (AbstractContainerReportHandler.java:updateContainerState(145)) - Container #1 is in OPEN state, but the datanode 71a86a4d-23f3-4eb4-8ea5-d143fc2c84ef{ip: 192.168.34.59, host: pr-hdds-2329-pipelines-xb8hx-2504970213, networkLocation: /default-rack, certSerialId: null} reports an CLOSED replica.
2019-11-07 13:51:42,355 [EventQueue-ContainerReportForContainerReportHandler] WARN  container.ContainerReportHandler (AbstractContainerReportHandler.java:updateContainerState(145)) - Container #1 is in OPEN state, but the datanode c4d74ea5-4e51-490d-ae77-7f64a80784ec{ip: 192.168.34.59, host: pr-hdds-2329-pipelines-xb8hx-2504970213, networkLocation: /default-rack, certSerialId: null} reports an CLOSED replica.
2019-11-07 13:51:42,425 [EventQueue-ContainerReportForContainerReportHandler] WARN  container.ContainerReportHandler (AbstractContainerReportHandler.java:updateContainerState(145)) - Container #1 is in OPEN state, but the datanode 71a86a4d-23f3-4eb4-8ea5-d143fc2c84ef{ip: 192.168.34.59, host: pr-hdds-2329-pipelines-xb8hx-2504970213, networkLocation: /default-rack, certSerialId: null} reports an CLOSED replica.
2019-11-07 13:51:42,625 [EventQueue-ContainerReportForContainerReportHandler] WARN  container.ContainerReportHandler (AbstractContainerReportHandler.java:updateContainerState(145)) - Container #1 is in OPEN state, but the datanode 71a86a4d-23f3-4eb4-8ea5-d143fc2c84ef{ip: 192.168.34.59, host: pr-hdds-2329-pipelines-xb8hx-2504970213, networkLocation: /default-rack, certSerialId: null} reports an CLOSED replica.
2019-11-07 13:51:42,755 [EventQueue-ContainerReportForContainerReportHandler] WARN  container.ContainerReportHandler (AbstractContainerReportHandler.java:updateContainerState(145)) - Container #1 is in OPEN state, but the datanode c4d74ea5-4e51-490d-ae77-7f64a80784ec{ip: 192.168.34.59, host: pr-hdds-2329-pipelines-xb8hx-2504970213, networkLocation: /default-rack, certSerialId: null} reports an CLOSED replica.
2019-11-07 13:51:42,926 [EventQueue-ContainerReportForContainerReportHandler] WARN  container.ContainerReportHandler (AbstractContainerReportHandler.java:updateContainerState(145)) - Container #1 is in OPEN state, but the datanode 71a86a4d-23f3-4eb4-8ea5-d143fc2c84ef{ip: 192.168.34.59, host: pr-hdds-2329-pipelines-xb8hx-2504970213, networkLocation: /default-rack, certSerialId: null} reports an CLOSED replica.
2019-11-07 13:51:43,089 [BlockDeletingService#7] WARN  background.BlockDeletingService (BlockDeletingService.java:isDeletionAllowed(187)) - Close Container log Index 6 is not replicated across allthe servers in the pipeline 19060351-f974-4d09-a844-5efa7c96aeb4 as the min replicated index is 4. Deletion is not allowed in this container yet.
2019-11-07 13:51:43,089 [BlockDeletingService#2] WARN  background.BlockDeletingService (BlockDeletingService.java:isDeletionAllowed(187)) - Close Container log Index 6 is not replicated across allthe servers in the pipeline 19060351-f974-4d09-a844-5efa7c96aeb4 as the min replicated index is 4. Deletion is not allowed in this container yet.
2019-11-07 13:51:43,155 [EventQueue-ContainerReportForContainerReportHandler] WARN  container.ContainerReportHandler (AbstractContainerReportHandler.java:updateContainerState(145)) - Container #1 is in OPEN state, but the datanode c4d74ea5-4e51-490d-ae77-7f64a80784ec{ip: 192.168.34.59, host: pr-hdds-2329-pipelines-xb8hx-2504970213, networkLocation: /default-rack, certSerialId: null} reports an CLOSED replica.
2019-11-07 13:51:43,226 [EventQueue-ContainerReportForContainerReportHandler] WARN  container.ContainerReportHandler (AbstractContainerReportHandler.java:updateContainerState(145)) - Container #1 is in OPEN state, but the datanode 71a86a4d-23f3-4eb4-8ea5-d143fc2c84ef{ip: 192.168.34.59, host: pr-hdds-2329-pipelines-xb8hx-2504970213, networkLocation: /default-rack, certSerialId: null} reports an CLOSED replica.
2019-11-07 13:51:43,455 [EventQueue-ContainerReportForContainerReportHandler] WARN  container.ContainerReportHandler (AbstractContainerReportHandler.java:updateContainerState(145)) - Container #1 is in OPEN state, but the datanode c4d74ea5-4e51-490d-ae77-7f64a80784ec{ip: 192.168.34.59, host: pr-hdds-2329-pipelines-xb8hx-2504970213, networkLocation: /default-rack, certSerialId: null} reports an CLOSED replica.
2019-11-07 13:51:43,527 [EventQueue-ContainerReportForContainerReportHandler] WARN  container.ContainerReportHandler (AbstractContainerReportHandler.java:updateContainerState(145)) - Container #1 is in OPEN state, but the datanode 71a86a4d-23f3-4eb4-8ea5-d143fc2c84ef{ip: 192.168.34.59, host: pr-hdds-2329-pipelines-xb8hx-2504970213, networkLocation: /default-rack, certSerialId: null} reports an CLOSED replica.
2019-11-07 13:51:43,852 [java.util.concurrent.ThreadPoolExecutor$Worker@f89c058[State = -1, empty queue]] WARN  server.GrpcLogAppender (GrpcLogAppender.java:timeoutAppendRequest(209)) - 71a86a4d-23f3-4eb4-8ea5-d143fc2c84ef@group-5EFA7C96AEB4->5995e050-5950-4b38-8270-33206f256198-GrpcLogAppender: appendEntries Timeout, request=71a86a4d-23f3-4eb4-8ea5-d143fc2c84ef->5995e050-5950-4b38-8270-33206f256198#49-t2, previous=(t:2, i:10), leaderCommit=10, initializing? false, entries: <empty>
2019-11-07 13:51:43,855 [EventQueue-ContainerReportForContainerReportHandler] WARN  container.ContainerReportHandler (AbstractContainerReportHandler.java:updateContainerState(145)) - Container #1 is in OPEN state, but the datanode c4d74ea5-4e51-490d-ae77-7f64a80784ec{ip: 192.168.34.59, host: pr-hdds-2329-pipelines-xb8hx-2504970213, networkLocation: /default-rack, certSerialId: null} reports an CLOSED replica.
2019-11-07 13:51:43,928 [EventQueue-ContainerReportForContainerReportHandler] WARN  container.ContainerReportHandler (AbstractContainerReportHandler.java:updateContainerState(145)) - Container #1 is in OPEN state, but the datanode 71a86a4d-23f3-4eb4-8ea5-d143fc2c84ef{ip: 192.168.34.59, host: pr-hdds-2329-pipelines-xb8hx-2504970213, networkLocation: /default-rack, certSerialId: null} reports an CLOSED replica.
2019-11-07 13:51:44,054 [EventQueue-ContainerReportForContainerReportHandler] WARN  container.ContainerReportHandler (AbstractContainerReportHandler.java:updateContainerState(145)) - Container #1 is in OPEN state, but the datanode c4d74ea5-4e51-490d-ae77-7f64a80784ec{ip: 192.168.34.59, host: pr-hdds-2329-pipelines-xb8hx-2504970213, networkLocation: /default-rack, certSerialId: null} reports an CLOSED replica.
2019-11-07 13:51:44,091 [BlockDeletingService#7] WARN  background.BlockDeletingService (BlockDeletingService.java:isDeletionAllowed(187)) - Close Container log Index 6 is not replicated across allthe servers in the pipeline 19060351-f974-4d09-a844-5efa7c96aeb4 as the min replicated index is 4. Deletion is not allowed in this container yet.
2019-11-07 13:51:44,091 [BlockDeletingService#2] WARN  background.BlockDeletingService (BlockDeletingService.java:isDeletionAllowed(187)) - Close Container log Index 6 is not replicated across allthe servers in the pipeline 19060351-f974-4d09-a844-5efa7c96aeb4 as the min replicated index is 4. Deletion is not allowed in this container yet.
2019-11-07 13:51:44,228 [EventQueue-ContainerReportForContainerReportHandler] WARN  container.ContainerReportHandler (AbstractContainerReportHandler.java:updateContainerState(145)) - Container #1 is in OPEN state, but the datanode 71a86a4d-23f3-4eb4-8ea5-d143fc2c84ef{ip: 192.168.34.59, host: pr-hdds-2329-pipelines-xb8hx-2504970213, networkLocation: /default-rack, certSerialId: null} reports an CLOSED replica.
2019-11-07 13:51:44,441 [EventQueue-StaleNodeForStaleNodeHandler] INFO  node.StaleNodeHandler (StaleNodeHandler.java:onMessage(58)) - Datanode 5995e050-5950-4b38-8270-33206f256198{ip: 192.168.34.59, host: pr-hdds-2329-pipelines-xb8hx-2504970213, networkLocation: /default-rack, certSerialId: null} moved to stale state. Finalizing its pipelines [PipelineID=5f8de13a-d3c9-4202-8235-64abfb921093, PipelineID=19060351-f974-4d09-a844-5efa7c96aeb4]
2019-11-07 13:51:44,442 [EventQueue-StaleNodeForStaleNodeHandler] INFO  pipeline.SCMPipelineManager (SCMPipelineManager.java:finalizeAndDestroyPipeline(315)) - destroying pipeline:Pipeline[ Id: 5f8de13a-d3c9-4202-8235-64abfb921093, Nodes: 5995e050-5950-4b38-8270-33206f256198{ip: 192.168.34.59, host: pr-hdds-2329-pipelines-xb8hx-2504970213, networkLocation: /default-rack, certSerialId: null}, Type:RATIS, Factor:ONE, State:OPEN]
2019-11-07 13:51:44,446 [EventQueue-StaleNodeForStaleNodeHandler] INFO  pipeline.PipelineStateManager (PipelineStateManager.java:finalizePipeline(123)) - Pipeline Pipeline[ Id: 5f8de13a-d3c9-4202-8235-64abfb921093, Nodes: 5995e050-5950-4b38-8270-33206f256198{ip: 192.168.34.59, host: pr-hdds-2329-pipelines-xb8hx-2504970213, networkLocation: /default-rack, certSerialId: null}, Type:RATIS, Factor:ONE, State:CLOSED] moved to CLOSED state
2019-11-07 13:51:44,449 [EventQueue-StaleNodeForStaleNodeHandler] INFO  pipeline.SCMPipelineManager (SCMPipelineManager.java:finalizeAndDestroyPipeline(315)) - destroying pipeline:Pipeline[ Id: 19060351-f974-4d09-a844-5efa7c96aeb4, Nodes: 5995e050-5950-4b38-8270-33206f256198{ip: 192.168.34.59, host: pr-hdds-2329-pipelines-xb8hx-2504970213, networkLocation: /default-rack, certSerialId: null}c4d74ea5-4e51-490d-ae77-7f64a80784ec{ip: 192.168.34.59, host: pr-hdds-2329-pipelines-xb8hx-2504970213, networkLocation: /default-rack, certSerialId: null}71a86a4d-23f3-4eb4-8ea5-d143fc2c84ef{ip: 192.168.34.59, host: pr-hdds-2329-pipelines-xb8hx-2504970213, networkLocation: /default-rack, certSerialId: null}, Type:RATIS, Factor:THREE, State:OPEN]
2019-11-07 13:51:44,449 [EventQueue-StaleNodeForStaleNodeHandler] INFO  pipeline.PipelineStateManager (PipelineStateManager.java:finalizePipeline(123)) - Pipeline Pipeline[ Id: 19060351-f974-4d09-a844-5efa7c96aeb4, Nodes: 5995e050-5950-4b38-8270-33206f256198{ip: 192.168.34.59, host: pr-hdds-2329-pipelines-xb8hx-2504970213, networkLocation: /default-rack, certSerialId: null}c4d74ea5-4e51-490d-ae77-7f64a80784ec{ip: 192.168.34.59, host: pr-hdds-2329-pipelines-xb8hx-2504970213, networkLocation: /default-rack, certSerialId: null}71a86a4d-23f3-4eb4-8ea5-d143fc2c84ef{ip: 192.168.34.59, host: pr-hdds-2329-pipelines-xb8hx-2504970213, networkLocation: /default-rack, certSerialId: null}, Type:RATIS, Factor:THREE, State:CLOSED] moved to CLOSED state
2019-11-07 13:51:44,450 [EventQueue-CloseContainerForCloseContainerEventHandler] INFO  container.CloseContainerEventHandler (CloseContainerEventHandler.java:onMessage(61)) - Close container Event triggered for container : #1
2019-11-07 13:51:44,454 [EventQueue-ContainerReportForContainerReportHandler] INFO  container.ContainerReportHandler (AbstractContainerReportHandler.java:updateContainerState(178)) - Moving container #1 to CLOSED state, datanode c4d74ea5-4e51-490d-ae77-7f64a80784ec{ip: 192.168.34.59, host: pr-hdds-2329-pipelines-xb8hx-2504970213, networkLocation: /default-rack, certSerialId: null} reported CLOSED replica.
2019-11-07 13:51:45,093 [BlockDeletingService#7] WARN  background.BlockDeletingService (BlockDeletingService.java:isDeletionAllowed(187)) - Close Container log Index 6 is not replicated across allthe servers in the pipeline 19060351-f974-4d09-a844-5efa7c96aeb4 as the min replicated index is 4. Deletion is not allowed in this container yet.
2019-11-07 13:51:45,093 [BlockDeletingService#2] WARN  background.BlockDeletingService (BlockDeletingService.java:isDeletionAllowed(187)) - Close Container log Index 6 is not replicated across allthe servers in the pipeline 19060351-f974-4d09-a844-5efa7c96aeb4 as the min replicated index is 4. Deletion is not allowed in this container yet.
2019-11-07 13:51:45,295 [SCMBlockDeletingService#1] INFO  block.SCMBlockDeletingService (SCMBlockDeletingService.java:call(187)) - Totally added 3 delete blocks command for 3 datanodes, task elapsed time: 5ms
2019-11-07 13:51:45,356 [EventQueue-PendingDeleteStatusForPendingDeleteHandler] INFO  block.SCMBlockDeletingService (SCMBlockDeletingService.java:handlePendingDeletes(115)) - Block deletion txnID mismatch in datanode c4d74ea5-4e51-490d-ae77-7f64a80784ec for containerID 1. Datanode delete txnID: 0, SCM txnID: 1
2019-11-07 13:51:45,529 [EventQueue-PendingDeleteStatusForPendingDeleteHandler] INFO  block.SCMBlockDeletingService (SCMBlockDeletingService.java:handlePendingDeletes(115)) - Block deletion txnID mismatch in datanode 71a86a4d-23f3-4eb4-8ea5-d143fc2c84ef for containerID 1. Datanode delete txnID: 0, SCM txnID: 1
2019-11-07 13:51:45,754 [EventQueue-PendingDeleteStatusForPendingDeleteHandler] INFO  block.SCMBlockDeletingService (SCMBlockDeletingService.java:handlePendingDeletes(115)) - Block deletion txnID mismatch in datanode c4d74ea5-4e51-490d-ae77-7f64a80784ec for containerID 1. Datanode delete txnID: 0, SCM txnID: 1
2019-11-07 13:51:45,929 [EventQueue-PendingDeleteStatusForPendingDeleteHandler] INFO  block.SCMBlockDeletingService (SCMBlockDeletingService.java:handlePendingDeletes(115)) - Block deletion txnID mismatch in datanode 71a86a4d-23f3-4eb4-8ea5-d143fc2c84ef for containerID 1. Datanode delete txnID: 0, SCM txnID: 1
2019-11-07 13:51:45,931 [Command processor thread] INFO  commandhandler.DeleteBlocksCommandHandler (DeleteBlocksCommandHandler.java:handle(106)) - Start to delete container blocks, TXIDs=[1(0)], numOfContainers=1, numOfBlocks=1
2019-11-07 13:51:45,954 [EventQueue-PendingDeleteStatusForPendingDeleteHandler] INFO  block.SCMBlockDeletingService (SCMBlockDeletingService.java:handlePendingDeletes(115)) - Block deletion txnID mismatch in datanode c4d74ea5-4e51-490d-ae77-7f64a80784ec for containerID 1. Datanode delete txnID: 0, SCM txnID: 1
2019-11-07 13:51:46,094 [BlockDeletingService#7] WARN  background.BlockDeletingService (BlockDeletingService.java:isDeletionAllowed(187)) - Close Container log Index 6 is not replicated across allthe servers in the pipeline 19060351-f974-4d09-a844-5efa7c96aeb4 as the min replicated index is 4. Deletion is not allowed in this container yet.
2019-11-07 13:51:46,095 [BlockDeletingService#2] WARN  background.BlockDeletingService (BlockDeletingService.java:isDeletionAllowed(187)) - Close Container log Index 6 is not replicated across allthe servers in the pipeline 19060351-f974-4d09-a844-5efa7c96aeb4 as the min replicated index is 4. Deletion is not allowed in this container yet.
2019-11-07 13:51:46,254 [EventQueue-PendingDeleteStatusForPendingDeleteHandler] INFO  block.SCMBlockDeletingService (SCMBlockDeletingService.java:handlePendingDeletes(115)) - Block deletion txnID mismatch in datanode c4d74ea5-4e51-490d-ae77-7f64a80784ec for containerID 1. Datanode delete txnID: 0, SCM txnID: 1
2019-11-07 13:51:46,296 [SCMBlockDeletingService#0] INFO  block.SCMBlockDeletingService (SCMBlockDeletingService.java:call(187)) - Totally added 2 delete blocks command for 2 datanodes, task elapsed time: 1ms
2019-11-07 13:51:46,298 [pool-8-thread-1] INFO  commands.RetriableDatanodeEventWatcher (RetriableDatanodeEventWatcher.java:onTimeout(47)) - RetriableDatanodeCommand type=deleteBlocksCommand with id=1573134705295 timed out. Retrying.
2019-11-07 13:51:46,298 [pool-8-thread-2] INFO  commands.RetriableDatanodeEventWatcher (RetriableDatanodeEventWatcher.java:onTimeout(47)) - RetriableDatanodeCommand type=deleteBlocksCommand with id=1573134705296 timed out. Retrying.
2019-11-07 13:51:46,354 [java.util.concurrent.ThreadPoolExecutor$Worker@f89c058[State = -1, empty queue]] WARN  server.GrpcLogAppender (GrpcLogAppender.java:timeoutAppendRequest(209)) - 71a86a4d-23f3-4eb4-8ea5-d143fc2c84ef@group-5EFA7C96AEB4->5995e050-5950-4b38-8270-33206f256198-GrpcLogAppender: appendEntries Timeout, request=71a86a4d-23f3-4eb4-8ea5-d143fc2c84ef->5995e050-5950-4b38-8270-33206f256198#50-t2, previous=(t:2, i:10), leaderCommit=10, initializing? false, entries: <empty>
2019-11-07 13:51:46,426 [main] INFO  impl.MetricsSystemImpl (MetricsSystemImpl.java:init(158)) - HddsDatanode metrics system started (again)
2019-11-07 13:51:46,454 [Command processor thread] INFO  commandhandler.DeleteBlocksCommandHandler (DeleteBlocksCommandHandler.java:handle(106)) - Start to delete container blocks, TXIDs=[1(0)], numOfContainers=1, numOfBlocks=1
2019-11-07 13:51:46,456 [Command processor thread] INFO  commandhandler.DeleteBlocksCommandHandler (DeleteBlocksCommandHandler.java:handle(106)) - Start to delete container blocks, TXIDs=[1(2)], numOfContainers=1, numOfBlocks=1
2019-11-07 13:51:46,456 [Command processor thread] INFO  commandhandler.DeleteBlocksCommandHandler (DeleteBlocksCommandHandler.java:handle(106)) - Start to delete container blocks, TXIDs=[1(0)], numOfContainers=1, numOfBlocks=1
2019-11-07 13:51:46,480 [main] INFO  ozone.HddsDatanodeService (HddsDatanodeService.java:start(184)) - HddsDatanodeService host:pr-hdds-2329-pipelines-xb8hx-2504970213 ip:192.168.34.59
2019-11-07 13:51:46,484 [main] INFO  volume.VolumeUsage (VolumeUsage.java:loadScmUsed(144)) - Cached ScmUsed found for /workdir/hadoop-ozone/integration-test/target/test-dir/MiniOzoneClusterImpl-de3ec75a-100b-4861-956f-c0ca15a63112/datanode-1/data/containers : 4096 
2019-11-07 13:51:46,485 [main] INFO  volume.HddsVolume (HddsVolume.java:<init>(176)) - Creating Volume: /workdir/hadoop-ozone/integration-test/target/test-dir/MiniOzoneClusterImpl-de3ec75a-100b-4861-956f-c0ca15a63112/datanode-1/data/containers/hdds of  storage type : DISK and capacity : 1482555576320
2019-11-07 13:51:46,486 [main] INFO  volume.VolumeSet (VolumeSet.java:initializeVolumeSet(170)) - Added Volume : /workdir/hadoop-ozone/integration-test/target/test-dir/MiniOzoneClusterImpl-de3ec75a-100b-4861-956f-c0ca15a63112/datanode-1/data/containers/hdds to VolumeSet
2019-11-07 13:51:46,486 [main] INFO  volume.ThrottledAsyncChecker (ThrottledAsyncChecker.java:schedule(141)) - Scheduling a check for /workdir/hadoop-ozone/integration-test/target/test-dir/MiniOzoneClusterImpl-de3ec75a-100b-4861-956f-c0ca15a63112/datanode-1/data/containers/hdds
2019-11-07 13:51:46,486 [main] INFO  volume.HddsVolumeChecker (HddsVolumeChecker.java:checkAllVolumes(204)) - Scheduled health check for volume /workdir/hadoop-ozone/integration-test/target/test-dir/MiniOzoneClusterImpl-de3ec75a-100b-4861-956f-c0ca15a63112/datanode-1/data/containers/hdds
2019-11-07 13:51:46,534 [main] INFO  impl.RaftServerProxy (ConfUtils.java:logGet(43)) - raft.rpc.type = GRPC (default)
2019-11-07 13:51:46,534 [main] INFO  grpc.GrpcFactory (GrpcFactory.java:checkPooledByteBufAllocatorUseCacheForAllThreads(45)) - PERFORMANCE WARNING: useCacheForAllThreads is true that may cause Netty to create a lot garbage objects and, as a result, trigger GC.
	It is recommended to disable useCacheForAllThreads by setting -Dorg.apache.ratis.thirdparty.io.netty.allocator.useCacheForAllThreads=false in command line.
2019-11-07 13:51:46,535 [main] INFO  grpc.GrpcConfigKeys$Server (ConfUtils.java:logGet(43)) - raft.grpc.server.port = 33936 (custom)
2019-11-07 13:51:46,536 [main] INFO  server.GrpcService (ConfUtils.java:logGet(43)) - raft.grpc.message.size.max = 33570816 (custom)
2019-11-07 13:51:46,536 [main] INFO  server.RaftServerConfigKeys (ConfUtils.java:logGet(43)) - raft.server.log.appender.buffer.byte-limit = 33554432 (custom)
2019-11-07 13:51:46,537 [main] INFO  server.GrpcService (ConfUtils.java:logGet(43)) - raft.grpc.flow.control.window = 1MB (=1048576) (default)
2019-11-07 13:51:46,537 [main] INFO  server.RaftServerConfigKeys (ConfUtils.java:logGet(43)) - raft.server.rpc.request.timeout = 3000ms (default)
2019-11-07 13:51:46,538 [main] INFO  server.RaftServerConfigKeys (ConfUtils.java:logGet(43)) - raft.server.storage.dir = [/workdir/hadoop-ozone/integration-test/target/test-dir/MiniOzoneClusterImpl-de3ec75a-100b-4861-956f-c0ca15a63112/datanode-1/data/ratis] (custom)
2019-11-07 13:51:46,539 [main] INFO  impl.RaftServerProxy (RaftServerProxy.java:lambda$null$0(191)) - 5995e050-5950-4b38-8270-33206f256198: found a subdirectory /workdir/hadoop-ozone/integration-test/target/test-dir/MiniOzoneClusterImpl-de3ec75a-100b-4861-956f-c0ca15a63112/datanode-1/data/ratis/5f8de13a-d3c9-4202-8235-64abfb921093
2019-11-07 13:51:46,540 [main] INFO  impl.RaftServerProxy (RaftServerProxy.java:addNew(89)) - 5995e050-5950-4b38-8270-33206f256198: addNew group-64ABFB921093:[] returns group-64ABFB921093:java.util.concurrent.CompletableFuture@4ed4a7e4[Not completed]
2019-11-07 13:51:46,540 [main] INFO  impl.RaftServerProxy (RaftServerProxy.java:lambda$null$0(191)) - 5995e050-5950-4b38-8270-33206f256198: found a subdirectory /workdir/hadoop-ozone/integration-test/target/test-dir/MiniOzoneClusterImpl-de3ec75a-100b-4861-956f-c0ca15a63112/datanode-1/data/ratis/19060351-f974-4d09-a844-5efa7c96aeb4
2019-11-07 13:51:46,541 [main] INFO  impl.RaftServerProxy (RaftServerProxy.java:addNew(89)) - 5995e050-5950-4b38-8270-33206f256198: addNew group-5EFA7C96AEB4:[] returns group-5EFA7C96AEB4:java.util.concurrent.CompletableFuture@1c7350b0[Not completed]
2019-11-07 13:51:46,548 [pool-60-thread-1] INFO  impl.RaftServerImpl (RaftServerImpl.java:<init>(98)) - 5995e050-5950-4b38-8270-33206f256198: new RaftServerImpl for group-64ABFB921093:[] with ContainerStateMachine:uninitialized
2019-11-07 13:51:46,548 [pool-60-thread-1] INFO  server.RaftServerConfigKeys (ConfUtils.java:logGet(43)) - raft.server.rpc.timeout.min = 5s (custom)
2019-11-07 13:51:46,548 [pool-60-thread-1] INFO  server.RaftServerConfigKeys (ConfUtils.java:logGet(43)) - raft.server.rpc.timeout.max = 5200ms (custom)
2019-11-07 13:51:46,548 [pool-60-thread-1] INFO  server.RaftServerConfigKeys (ConfUtils.java:logGet(43)) - raft.server.rpcslowness.timeout = 1000s (custom)
2019-11-07 13:51:46,548 [pool-60-thread-1] INFO  server.RaftServerConfigKeys (ConfUtils.java:logGet(43)) - raft.server.sleep.deviation.threshold = 300 (default)
2019-11-07 13:51:46,549 [pool-60-thread-1] INFO  server.RaftServerConfigKeys (ConfUtils.java:logGet(43)) - raft.server.log.appender.install.snapshot.enabled = false (custom)
2019-11-07 13:51:46,549 [pool-60-thread-1] INFO  impl.RaftServerImpl (ServerState.java:<init>(103)) - 5995e050-5950-4b38-8270-33206f256198@group-64ABFB921093: ConfigurationManager, init=-1: [], old=null, confs=<EMPTY_MAP>
2019-11-07 13:51:46,549 [pool-60-thread-1] INFO  server.RaftServerConfigKeys (ConfUtils.java:logGet(43)) - raft.server.storage.dir = [/workdir/hadoop-ozone/integration-test/target/test-dir/MiniOzoneClusterImpl-de3ec75a-100b-4861-956f-c0ca15a63112/datanode-1/data/ratis] (custom)
2019-11-07 13:51:46,550 [pool-60-thread-1] INFO  server.RaftServerConfigKeys (ConfUtils.java:logGet(43)) - raft.server.log.corruption.policy = EXCEPTION (default)
2019-11-07 13:51:46,550 [main] INFO  hdfs.DFSUtil (DFSUtil.java:httpServerTemplateForNNAndJN(1641)) - Starting Web-server for hddsDatanode at: http://0.0.0.0:45722
2019-11-07 13:51:46,553 [main] INFO  server.AuthenticationFilter (AuthenticationFilter.java:constructSecretProvider(240)) - Unable to initialize FileSignerSecretProvider, falling back to use random secrets.
2019-11-07 13:51:46,554 [main] WARN  http.HttpRequestLog (HttpRequestLog.java:getRequestLog(97)) - Jetty request log can only be enabled using Log4j
2019-11-07 13:51:46,556 [main] INFO  http.HttpServer2 (HttpServer2.java:addGlobalFilter(975)) - Added global filter 'safety' (class=org.apache.hadoop.http.HttpServer2$QuotingInputFilter)
2019-11-07 13:51:46,557 [main] INFO  http.HttpServer2 (HttpServer2.java:addFilter(948)) - Added filter static_user_filter (class=org.apache.hadoop.http.lib.StaticUserWebFilter$StaticUserFilter) to context hddsDatanode
2019-11-07 13:51:46,557 [main] INFO  http.HttpServer2 (HttpServer2.java:addFilter(958)) - Added filter static_user_filter (class=org.apache.hadoop.http.lib.StaticUserWebFilter$StaticUserFilter) to context static
2019-11-07 13:51:46,557 [main] INFO  http.HttpServer2 (HttpServer2.java:addFilter(958)) - Added filter static_user_filter (class=org.apache.hadoop.http.lib.StaticUserWebFilter$StaticUserFilter) to context logs
2019-11-07 13:51:46,558 [main] INFO  http.HttpServer2 (HttpServer2.java:bindListener(1191)) - Jetty bound to port 45722
2019-11-07 13:51:46,558 [main] INFO  server.Server (Server.java:doStart(351)) - jetty-9.3.25.v20180904, build timestamp: 2018-09-04T21:11:46Z, git hash: 3ce520221d0240229c862b122d2b06c12a625732
2019-11-07 13:51:46,561 [main] INFO  handler.ContextHandler (ContextHandler.java:doStart(781)) - Started o.e.j.s.ServletContextHandler@37ad042b{/logs,file:///workdir/hadoop-ozone/integration-test/target/log,AVAILABLE}
2019-11-07 13:51:46,561 [main] INFO  handler.ContextHandler (ContextHandler.java:doStart(781)) - Started o.e.j.s.ServletContextHandler@30b975ad{/static,jar:file:/home/user/.m2/repository/org/apache/hadoop/hadoop-hdds-container-service/0.5.0-SNAPSHOT/hadoop-hdds-container-service-0.5.0-SNAPSHOT.jar!/webapps/static,AVAILABLE}
2019-11-07 13:51:46,562 [pool-60-thread-1] INFO  storage.RaftStorageDirectory (RaftStorageDirectory.java:tryLock(328)) - Lock on /workdir/hadoop-ozone/integration-test/target/test-dir/MiniOzoneClusterImpl-de3ec75a-100b-4861-956f-c0ca15a63112/datanode-1/data/ratis/5f8de13a-d3c9-4202-8235-64abfb921093/in_use.lock acquired by nodename 32086@pr-hdds-2329-pipelines-xb8hx-2504970213
2019-11-07 13:51:46,563 [pool-60-thread-1] INFO  ratis.ContainerStateMachine (ContainerStateMachine.java:loadSnapshot(231)) - group-64ABFB921093: The snapshot info is null. Setting the last applied indexto:(t:0, i:~)
2019-11-07 13:51:46,564 [pool-60-thread-1] INFO  server.RaftServerConfigKeys (ConfUtils.java:logGet(43)) - raft.server.notification.no-leader.timeout = 1000s (custom)
2019-11-07 13:51:46,564 [pool-60-thread-1] INFO  server.RaftServerConfigKeys (ConfUtils.java:logGet(43)) - raft.server.log.use.memory = false (default)
2019-11-07 13:51:46,564 [pool-60-thread-1] INFO  server.RaftServerConfigKeys (ConfUtils.java:logGet(43)) - raft.server.log.purge.gap = 1000000 (custom)
2019-11-07 13:51:46,564 [pool-60-thread-1] INFO  server.RaftServerConfigKeys (ConfUtils.java:logGet(43)) - raft.server.log.appender.buffer.byte-limit = 33554432 (custom)
2019-11-07 13:51:46,565 [pool-60-thread-1] INFO  server.RaftServerConfigKeys (ConfUtils.java:logGet(43)) - raft.server.log.segment.size.max = 1048576 (custom)
2019-11-07 13:51:46,565 [pool-60-thread-1] INFO  server.RaftServerConfigKeys (ConfUtils.java:logGet(43)) - raft.server.log.segment.cache.num.max = 2 (custom)
2019-11-07 13:51:46,565 [pool-60-thread-1] INFO  segmented.SegmentedRaftLogWorker (SegmentedRaftLogWorker.java:<init>(173)) - new 5995e050-5950-4b38-8270-33206f256198@group-64ABFB921093-SegmentedRaftLogWorker for RaftStorage:Storage Directory /workdir/hadoop-ozone/integration-test/target/test-dir/MiniOzoneClusterImpl-de3ec75a-100b-4861-956f-c0ca15a63112/datanode-1/data/ratis/5f8de13a-d3c9-4202-8235-64abfb921093
2019-11-07 13:51:46,565 [pool-60-thread-1] INFO  server.RaftServerConfigKeys (ConfUtils.java:logGet(43)) - raft.server.log.queue.byte-limit = 2147483647 (custom)
2019-11-07 13:51:46,565 [pool-60-thread-1] INFO  server.RaftServerConfigKeys (ConfUtils.java:logGet(43)) - raft.server.log.queue.element-limit = 1024 (custom)
2019-11-07 13:51:46,566 [pool-60-thread-1] INFO  server.RaftServerConfigKeys (ConfUtils.java:logGet(43)) - raft.server.log.segment.size.max = 1048576 (custom)
2019-11-07 13:51:46,566 [pool-60-thread-1] INFO  server.RaftServerConfigKeys (ConfUtils.java:logGet(43)) - raft.server.log.preallocated.size = 16384 (custom)
2019-11-07 13:51:46,566 [pool-60-thread-1] INFO  server.RaftServerConfigKeys (ConfUtils.java:logGet(43)) - raft.server.log.write.buffer.size = 33554432 (custom)
2019-11-07 13:51:46,566 [pool-60-thread-1] INFO  server.RaftServerConfigKeys (ConfUtils.java:logGet(43)) - raft.server.log.force.sync.num = 128 (default)
2019-11-07 13:51:46,566 [pool-60-thread-1] INFO  server.RaftServerConfigKeys (ConfUtils.java:logGet(43)) - raft.server.log.statemachine.data.sync = true (default)
2019-11-07 13:51:46,567 [pool-60-thread-1] INFO  server.RaftServerConfigKeys (ConfUtils.java:logGet(43)) - raft.server.log.statemachine.data.sync.timeout = 10s (default)
2019-11-07 13:51:46,567 [pool-60-thread-1] INFO  server.RaftServerConfigKeys (ConfUtils.java:logGet(43)) - raft.server.log.statemachine.data.sync.timeout.retry = -1 (default)
2019-11-07 13:51:46,567 [pool-60-thread-1] INFO  server.RaftServerConfigKeys (ConfUtils.java:logGet(43)) - raft.server.log.statemachine.data.caching.enabled = true (custom)
2019-11-07 13:51:46,576 [pool-60-thread-1] INFO  impl.RaftServerImpl (ServerState.java:setRaftConf(356)) - 5995e050-5950-4b38-8270-33206f256198@group-64ABFB921093: set configuration 0: [5995e050-5950-4b38-8270-33206f256198:192.168.34.59:33936], old=null at 0
2019-11-07 13:51:46,577 [pool-60-thread-1] INFO  segmented.LogSegment (LogSegment.java:loadSegment(140)) - Successfully read 1 entries from segment file /workdir/hadoop-ozone/integration-test/target/test-dir/MiniOzoneClusterImpl-de3ec75a-100b-4861-956f-c0ca15a63112/datanode-1/data/ratis/5f8de13a-d3c9-4202-8235-64abfb921093/current/log_inprogress_0
2019-11-07 13:51:46,577 [pool-60-thread-1] INFO  segmented.SegmentedRaftLogWorker (SegmentedRaftLogWorker.java:lambda$new$0(128)) - 5995e050-5950-4b38-8270-33206f256198@group-64ABFB921093-SegmentedRaftLogWorker: flushIndex: setUnconditionally 0 -> 0
2019-11-07 13:51:46,609 [pool-60-thread-1] INFO  server.RaftServerConfigKeys (ConfUtils.java:logGet(43)) - raft.server.snapshot.auto.trigger.enabled = true (custom)
2019-11-07 13:51:46,609 [pool-60-thread-1] INFO  server.RaftServerConfigKeys (ConfUtils.java:logGet(43)) - raft.server.snapshot.auto.trigger.threshold = 10000 (custom)
2019-11-07 13:51:46,609 [pool-60-thread-1] INFO  server.RaftServerConfigKeys (ConfUtils.java:logGet(43)) - raft.server.snapshot.retention.file.num = 5 (custom)
2019-11-07 13:51:46,609 [pool-60-thread-1] INFO  server.RaftServerConfigKeys (ConfUtils.java:logGet(43)) - raft.server.retrycache.expirytime = 600000ms (custom)
2019-11-07 13:51:46,612 [pool-60-thread-1] INFO  impl.RaftServerImpl (RaftServerImpl.java:<init>(98)) - 5995e050-5950-4b38-8270-33206f256198: new RaftServerImpl for group-5EFA7C96AEB4:[] with ContainerStateMachine:uninitialized
2019-11-07 13:51:46,612 [pool-60-thread-1] INFO  server.RaftServerConfigKeys (ConfUtils.java:logGet(43)) - raft.server.rpc.timeout.min = 5s (custom)
2019-11-07 13:51:46,612 [pool-60-thread-1] INFO  server.RaftServerConfigKeys (ConfUtils.java:logGet(43)) - raft.server.rpc.timeout.max = 5200ms (custom)
2019-11-07 13:51:46,612 [pool-60-thread-1] INFO  server.RaftServerConfigKeys (ConfUtils.java:logGet(43)) - raft.server.rpcslowness.timeout = 1000s (custom)
2019-11-07 13:51:46,613 [pool-60-thread-1] INFO  server.RaftServerConfigKeys (ConfUtils.java:logGet(43)) - raft.server.sleep.deviation.threshold = 300 (default)
2019-11-07 13:51:46,613 [pool-60-thread-1] INFO  server.RaftServerConfigKeys (ConfUtils.java:logGet(43)) - raft.server.log.appender.install.snapshot.enabled = false (custom)
2019-11-07 13:51:46,613 [pool-60-thread-1] INFO  impl.RaftServerImpl (ServerState.java:<init>(103)) - 5995e050-5950-4b38-8270-33206f256198@group-5EFA7C96AEB4: ConfigurationManager, init=-1: [], old=null, confs=<EMPTY_MAP>
2019-11-07 13:51:46,613 [pool-60-thread-1] INFO  server.RaftServerConfigKeys (ConfUtils.java:logGet(43)) - raft.server.storage.dir = [/workdir/hadoop-ozone/integration-test/target/test-dir/MiniOzoneClusterImpl-de3ec75a-100b-4861-956f-c0ca15a63112/datanode-1/data/ratis] (custom)
2019-11-07 13:51:46,613 [pool-60-thread-1] INFO  server.RaftServerConfigKeys (ConfUtils.java:logGet(43)) - raft.server.log.corruption.policy = EXCEPTION (default)
2019-11-07 13:51:46,614 [main] INFO  handler.ContextHandler (ContextHandler.java:doStart(781)) - Started o.e.j.w.WebAppContext@47ac613b{/,file:///tmp/jetty-0.0.0.0-45722-hddsDatanode-_-any-3246757596472002469.dir/webapp/,AVAILABLE}{/hddsDatanode}
2019-11-07 13:51:46,615 [main] INFO  server.AbstractConnector (AbstractConnector.java:doStart(278)) - Started ServerConnector@60d6fdd4{HTTP/1.1,[http/1.1]}{0.0.0.0:45722}
2019-11-07 13:51:46,616 [main] INFO  server.Server (Server.java:doStart(419)) - Started @123370ms
2019-11-07 13:51:46,616 [main] WARN  impl.MetricsSystemImpl (MetricsSystemImpl.java:register(276)) - Sink prometheus already exists!
2019-11-07 13:51:46,617 [pool-60-thread-1] INFO  storage.RaftStorageDirectory (RaftStorageDirectory.java:tryLock(328)) - Lock on /workdir/hadoop-ozone/integration-test/target/test-dir/MiniOzoneClusterImpl-de3ec75a-100b-4861-956f-c0ca15a63112/datanode-1/data/ratis/19060351-f974-4d09-a844-5efa7c96aeb4/in_use.lock acquired by nodename 32086@pr-hdds-2329-pipelines-xb8hx-2504970213
2019-11-07 13:51:46,618 [main] INFO  server.BaseHttpServer (BaseHttpServer.java:updateConnectorAddress(215)) - HTTP server of HDDSDATANODE is listening at http://0.0.0.0:45722
2019-11-07 13:51:46,619 [pool-60-thread-1] INFO  ratis.ContainerStateMachine (ContainerStateMachine.java:loadSnapshot(240)) - group-5EFA7C96AEB4: Setting the last applied index to (t:2, i:3)
2019-11-07 13:51:46,620 [org.apache.hadoop.util.JvmPauseMonitor$Monitor@5629ec2] INFO  util.JvmPauseMonitor (JvmPauseMonitor.java:run(188)) - Starting JVM pause monitor
2019-11-07 13:51:46,624 [pool-60-thread-1] INFO  impl.RaftServerImpl (ServerState.java:setRaftConf(356)) - 5995e050-5950-4b38-8270-33206f256198@group-5EFA7C96AEB4: set configuration 0: [71a86a4d-23f3-4eb4-8ea5-d143fc2c84ef:192.168.34.59:36384, c4d74ea5-4e51-490d-ae77-7f64a80784ec:192.168.34.59:44211, 5995e050-5950-4b38-8270-33206f256198:192.168.34.59:33936], old=null at 0
2019-11-07 13:51:46,624 [pool-60-thread-1] INFO  server.RaftServerConfigKeys (ConfUtils.java:logGet(43)) - raft.server.notification.no-leader.timeout = 1000s (custom)
2019-11-07 13:51:46,624 [pool-60-thread-1] INFO  server.RaftServerConfigKeys (ConfUtils.java:logGet(43)) - raft.server.log.use.memory = false (default)
2019-11-07 13:51:46,624 [pool-60-thread-1] INFO  server.RaftServerConfigKeys (ConfUtils.java:logGet(43)) - raft.server.log.purge.gap = 1000000 (custom)
2019-11-07 13:51:46,625 [pool-60-thread-1] INFO  server.RaftServerConfigKeys (ConfUtils.java:logGet(43)) - raft.server.log.appender.buffer.byte-limit = 33554432 (custom)
2019-11-07 13:51:46,625 [pool-60-thread-1] INFO  server.RaftServerConfigKeys (ConfUtils.java:logGet(43)) - raft.server.log.segment.size.max = 1048576 (custom)
2019-11-07 13:51:46,625 [pool-60-thread-1] INFO  server.RaftServerConfigKeys (ConfUtils.java:logGet(43)) - raft.server.log.segment.cache.num.max = 2 (custom)
2019-11-07 13:51:46,625 [pool-60-thread-1] INFO  segmented.SegmentedRaftLogWorker (SegmentedRaftLogWorker.java:<init>(173)) - new 5995e050-5950-4b38-8270-33206f256198@group-5EFA7C96AEB4-SegmentedRaftLogWorker for RaftStorage:Storage Directory /workdir/hadoop-ozone/integration-test/target/test-dir/MiniOzoneClusterImpl-de3ec75a-100b-4861-956f-c0ca15a63112/datanode-1/data/ratis/19060351-f974-4d09-a844-5efa7c96aeb4
2019-11-07 13:51:46,625 [pool-60-thread-1] INFO  server.RaftServerConfigKeys (ConfUtils.java:logGet(43)) - raft.server.log.queue.byte-limit = 2147483647 (custom)
2019-11-07 13:51:46,625 [pool-60-thread-1] INFO  server.RaftServerConfigKeys (ConfUtils.java:logGet(43)) - raft.server.log.queue.element-limit = 1024 (custom)
2019-11-07 13:51:46,625 [pool-60-thread-1] INFO  server.RaftServerConfigKeys (ConfUtils.java:logGet(43)) - raft.server.log.segment.size.max = 1048576 (custom)
2019-11-07 13:51:46,625 [pool-60-thread-1] INFO  server.RaftServerConfigKeys (ConfUtils.java:logGet(43)) - raft.server.log.preallocated.size = 16384 (custom)
2019-11-07 13:51:46,625 [pool-60-thread-1] INFO  server.RaftServerConfigKeys (ConfUtils.java:logGet(43)) - raft.server.log.write.buffer.size = 33554432 (custom)
2019-11-07 13:51:46,625 [pool-60-thread-1] INFO  server.RaftServerConfigKeys (ConfUtils.java:logGet(43)) - raft.server.log.force.sync.num = 128 (default)
2019-11-07 13:51:46,626 [pool-60-thread-1] INFO  server.RaftServerConfigKeys (ConfUtils.java:logGet(43)) - raft.server.log.statemachine.data.sync = true (default)
2019-11-07 13:51:46,626 [pool-60-thread-1] INFO  server.RaftServerConfigKeys (ConfUtils.java:logGet(43)) - raft.server.log.statemachine.data.sync.timeout = 10s (default)
2019-11-07 13:51:46,626 [pool-60-thread-1] INFO  server.RaftServerConfigKeys (ConfUtils.java:logGet(43)) - raft.server.log.statemachine.data.sync.timeout.retry = -1 (default)
2019-11-07 13:51:46,626 [pool-60-thread-1] INFO  server.RaftServerConfigKeys (ConfUtils.java:logGet(43)) - raft.server.log.statemachine.data.caching.enabled = true (custom)
2019-11-07 13:51:46,626 [pool-60-thread-1] INFO  impl.RaftServerImpl (ServerState.java:setRaftConf(356)) - 5995e050-5950-4b38-8270-33206f256198@group-5EFA7C96AEB4: set configuration 0: [71a86a4d-23f3-4eb4-8ea5-d143fc2c84ef:192.168.34.59:36384, c4d74ea5-4e51-490d-ae77-7f64a80784ec:192.168.34.59:44211, 5995e050-5950-4b38-8270-33206f256198:192.168.34.59:33936], old=null at 0
2019-11-07 13:51:46,627 [pool-60-thread-1] INFO  segmented.LogSegment (LogSegment.java:loadSegment(140)) - Successfully read 5 entries from segment file /workdir/hadoop-ozone/integration-test/target/test-dir/MiniOzoneClusterImpl-de3ec75a-100b-4861-956f-c0ca15a63112/datanode-1/data/ratis/19060351-f974-4d09-a844-5efa7c96aeb4/current/log_inprogress_0
2019-11-07 13:51:46,627 [pool-60-thread-1] INFO  segmented.SegmentedRaftLogWorker (SegmentedRaftLogWorker.java:lambda$new$0(128)) - 5995e050-5950-4b38-8270-33206f256198@group-5EFA7C96AEB4-SegmentedRaftLogWorker: flushIndex: setUnconditionally 0 -> 4
2019-11-07 13:51:46,650 [pool-60-thread-1] INFO  raftlog.RaftLog (RaftLog.java:lambda$new$0(61)) - 5995e050-5950-4b38-8270-33206f256198@group-5EFA7C96AEB4-SegmentedRaftLog: commitIndex: updateToMax old=3, new=3, updated? false
2019-11-07 13:51:46,651 [pool-60-thread-1] INFO  server.RaftServerConfigKeys (ConfUtils.java:logGet(43)) - raft.server.snapshot.auto.trigger.enabled = true (custom)
2019-11-07 13:51:46,651 [pool-60-thread-1] INFO  server.RaftServerConfigKeys (ConfUtils.java:logGet(43)) - raft.server.snapshot.auto.trigger.threshold = 10000 (custom)
2019-11-07 13:51:46,651 [pool-60-thread-1] INFO  server.RaftServerConfigKeys (ConfUtils.java:logGet(43)) - raft.server.snapshot.retention.file.num = 5 (custom)
2019-11-07 13:51:46,651 [pool-60-thread-1] INFO  server.RaftServerConfigKeys (ConfUtils.java:logGet(43)) - raft.server.retrycache.expirytime = 600000ms (custom)
2019-11-07 13:51:46,755 [Thread-575] INFO  client.GrpcClientProtocolService (GrpcClientProtocolService.java:lambda$processClientRequest$0(279)) - Failed RaftClientRequest:client-0F90B2C4DA5A->71a86a4d-23f3-4eb4-8ea5-d143fc2c84ef@group-5EFA7C96AEB4, cid=10, seq=0, Watch-ALL_COMMITTED(6), Message:<EMPTY>, reply=RaftClientReply:client-0F90B2C4DA5A->71a86a4d-23f3-4eb4-8ea5-d143fc2c84ef@group-5EFA7C96AEB4, cid=10, FAILED org.apache.ratis.protocol.NotReplicatedException: Request with call Id 10 and log index 6 is not yet replicated to ALL_COMMITTED, logIndex=6, commits[71a86a4d-23f3-4eb4-8ea5-d143fc2c84ef:c10, c4d74ea5-4e51-490d-ae77-7f64a80784ec:c10, 5995e050-5950-4b38-8270-33206f256198:c4]
2019-11-07 13:51:47,096 [BlockDeletingService#7] WARN  background.BlockDeletingService (BlockDeletingService.java:isDeletionAllowed(187)) - Close Container log Index 6 is not replicated across allthe servers in the pipeline 19060351-f974-4d09-a844-5efa7c96aeb4 as the min replicated index is 4. Deletion is not allowed in this container yet.
2019-11-07 13:51:47,096 [BlockDeletingService#2] WARN  background.BlockDeletingService (BlockDeletingService.java:isDeletionAllowed(187)) - Close Container log Index 6 is not replicated across allthe servers in the pipeline 19060351-f974-4d09-a844-5efa7c96aeb4 as the min replicated index is 4. Deletion is not allowed in this container yet.
2019-11-07 13:51:47,296 [pool-8-thread-2] INFO  commands.RetriableDatanodeEventWatcher (RetriableDatanodeEventWatcher.java:onTimeout(47)) - RetriableDatanodeCommand type=deleteBlocksCommand with id=1573134705298 timed out. Retrying.
2019-11-07 13:51:47,298 [SCMBlockDeletingService#0] INFO  block.SCMBlockDeletingService (SCMBlockDeletingService.java:call(187)) - Totally added 1 delete blocks command for 1 datanodes, task elapsed time: 1ms
2019-11-07 13:51:47,299 [pool-8-thread-2] INFO  commands.RetriableDatanodeEventWatcher (RetriableDatanodeEventWatcher.java:onTimeout(47)) - RetriableDatanodeCommand type=deleteBlocksCommand with id=1573134705295 timed out. Retrying.
2019-11-07 13:51:48,098 [BlockDeletingService#7] WARN  background.BlockDeletingService (BlockDeletingService.java:isDeletionAllowed(187)) - Close Container log Index 6 is not replicated across allthe servers in the pipeline 19060351-f974-4d09-a844-5efa7c96aeb4 as the min replicated index is 4. Deletion is not allowed in this container yet.
2019-11-07 13:51:48,099 [BlockDeletingService#2] WARN  background.BlockDeletingService (BlockDeletingService.java:isDeletionAllowed(187)) - Close Container log Index 6 is not replicated across allthe servers in the pipeline 19060351-f974-4d09-a844-5efa7c96aeb4 as the min replicated index is 4. Deletion is not allowed in this container yet.
2019-11-07 13:51:48,297 [pool-8-thread-1] INFO  commands.RetriableDatanodeEventWatcher (RetriableDatanodeEventWatcher.java:onTimeout(47)) - RetriableDatanodeCommand type=deleteBlocksCommand with id=1573134705298 timed out. Retrying.
2019-11-07 13:51:48,298 [pool-8-thread-2] INFO  commands.RetriableDatanodeEventWatcher (RetriableDatanodeEventWatcher.java:onTimeout(47)) - RetriableDatanodeCommand type=deleteBlocksCommand with id=1573134705300 timed out. Retrying.
2019-11-07 13:51:48,299 [pool-8-thread-2] INFO  commands.RetriableDatanodeEventWatcher (RetriableDatanodeEventWatcher.java:onTimeout(47)) - RetriableDatanodeCommand type=deleteBlocksCommand with id=1573134705295 timed out. Retrying.
2019-11-07 13:51:48,299 [SCMBlockDeletingService#0] INFO  block.SCMBlockDeletingService (SCMBlockDeletingService.java:call(187)) - Totally added 1 delete blocks command for 1 datanodes, task elapsed time: 1ms
2019-11-07 13:51:48,623 [Datanode State Machine Thread - 0] INFO  ozoneimpl.OzoneContainer (OzoneContainer.java:start(213)) - Attempting to start container services.
2019-11-07 13:51:48,624 [Datanode State Machine Thread - 0] INFO  ozoneimpl.OzoneContainer (OzoneContainer.java:startContainerScrub(177)) - Background container scanner has been disabled.
2019-11-07 13:51:48,625 [Datanode State Machine Thread - 0] INFO  ratis.XceiverServerRatis (XceiverServerRatis.java:start(418)) - Starting XceiverServerRatis 5995e050-5950-4b38-8270-33206f256198 at port 33936
2019-11-07 13:51:48,637 [Datanode State Machine Thread - 0] INFO  impl.RaftServerImpl (RaftServerImpl.java:start(184)) - 5995e050-5950-4b38-8270-33206f256198@group-5EFA7C96AEB4: start as a follower, conf=0: [71a86a4d-23f3-4eb4-8ea5-d143fc2c84ef:192.168.34.59:36384, c4d74ea5-4e51-490d-ae77-7f64a80784ec:192.168.34.59:44211, 5995e050-5950-4b38-8270-33206f256198:192.168.34.59:33936], old=null
2019-11-07 13:51:48,638 [ForkJoinPool.commonPool-worker-1] INFO  impl.RaftServerImpl (RaftServerImpl.java:start(184)) - 5995e050-5950-4b38-8270-33206f256198@group-64ABFB921093: start as a follower, conf=0: [5995e050-5950-4b38-8270-33206f256198:192.168.34.59:33936], old=null
2019-11-07 13:51:48,638 [Datanode State Machine Thread - 0] INFO  impl.RaftServerImpl (RaftServerImpl.java:setRole(173)) - 5995e050-5950-4b38-8270-33206f256198@group-5EFA7C96AEB4: changes role from      null to FOLLOWER at term 2 for startAsFollower
2019-11-07 13:51:48,638 [ForkJoinPool.commonPool-worker-1] INFO  impl.RaftServerImpl (RaftServerImpl.java:setRole(173)) - 5995e050-5950-4b38-8270-33206f256198@group-64ABFB921093: changes role from      null to FOLLOWER at term 1 for startAsFollower
2019-11-07 13:51:48,638 [Datanode State Machine Thread - 0] INFO  impl.RoleInfo (RoleInfo.java:updateAndGet(143)) - 5995e050-5950-4b38-8270-33206f256198: start FollowerState
2019-11-07 13:51:48,638 [ForkJoinPool.commonPool-worker-1] INFO  impl.RoleInfo (RoleInfo.java:updateAndGet(143)) - 5995e050-5950-4b38-8270-33206f256198: start FollowerState
2019-11-07 13:51:48,639 [ForkJoinPool.commonPool-worker-1] INFO  util.JmxRegister (JmxRegister.java:tryRegister(44)) - Successfully registered JMX Bean with object name Ratis:service=RaftServer,group=group-64ABFB921093,id=5995e050-5950-4b38-8270-33206f256198
2019-11-07 13:51:48,639 [Datanode State Machine Thread - 0] INFO  util.JmxRegister (JmxRegister.java:tryRegister(44)) - Successfully registered JMX Bean with object name Ratis:service=RaftServer,group=group-5EFA7C96AEB4,id=5995e050-5950-4b38-8270-33206f256198
2019-11-07 13:51:48,641 [Datanode State Machine Thread - 0] INFO  impl.RaftServerProxy (RaftServerProxy.java:lambda$start$3(299)) - 5995e050-5950-4b38-8270-33206f256198: start RPC server
2019-11-07 13:51:48,643 [Datanode State Machine Thread - 0] INFO  server.GrpcService (GrpcService.java:startImpl(158)) - 5995e050-5950-4b38-8270-33206f256198: GrpcService started, listening on 0.0.0.0/0.0.0.0:33936
2019-11-07 13:51:48,855 [java.util.concurrent.ThreadPoolExecutor$Worker@f89c058[State = -1, empty queue]] WARN  server.GrpcLogAppender (GrpcLogAppender.java:timeoutAppendRequest(209)) - 71a86a4d-23f3-4eb4-8ea5-d143fc2c84ef@group-5EFA7C96AEB4->5995e050-5950-4b38-8270-33206f256198-GrpcLogAppender: appendEntries Timeout, request=71a86a4d-23f3-4eb4-8ea5-d143fc2c84ef->5995e050-5950-4b38-8270-33206f256198#51-t2, previous=(t:2, i:10), leaderCommit=10, initializing? false, entries: <empty>
2019-11-07 13:51:49,100 [BlockDeletingService#7] WARN  background.BlockDeletingService (BlockDeletingService.java:isDeletionAllowed(187)) - Close Container log Index 6 is not replicated across allthe servers in the pipeline 19060351-f974-4d09-a844-5efa7c96aeb4 as the min replicated index is 4. Deletion is not allowed in this container yet.
2019-11-07 13:51:49,100 [BlockDeletingService#2] WARN  background.BlockDeletingService (BlockDeletingService.java:isDeletionAllowed(187)) - Close Container log Index 6 is not replicated across allthe servers in the pipeline 19060351-f974-4d09-a844-5efa7c96aeb4 as the min replicated index is 4. Deletion is not allowed in this container yet.
2019-11-07 13:51:49,298 [pool-8-thread-2] INFO  commands.RetriableDatanodeEventWatcher (RetriableDatanodeEventWatcher.java:onTimeout(47)) - RetriableDatanodeCommand type=deleteBlocksCommand with id=1573134705300 timed out. Retrying.
2019-11-07 13:51:49,299 [pool-8-thread-3] INFO  commands.RetriableDatanodeEventWatcher (RetriableDatanodeEventWatcher.java:onTimeout(47)) - RetriableDatanodeCommand type=deleteBlocksCommand with id=1573134705298 timed out. Retrying.
2019-11-07 13:51:49,299 [pool-8-thread-1] INFO  commands.RetriableDatanodeEventWatcher (RetriableDatanodeEventWatcher.java:onTimeout(47)) - RetriableDatanodeCommand type=deleteBlocksCommand with id=1573134705301 timed out. Retrying.
2019-11-07 13:51:49,299 [pool-8-thread-1] INFO  commands.RetriableDatanodeEventWatcher (RetriableDatanodeEventWatcher.java:onTimeout(47)) - RetriableDatanodeCommand type=deleteBlocksCommand with id=1573134705295 timed out. Retrying.
2019-11-07 13:51:49,301 [SCMBlockDeletingService#0] INFO  block.SCMBlockDeletingService (SCMBlockDeletingService.java:call(187)) - Totally added 1 delete blocks command for 1 datanodes, task elapsed time: 1ms
2019-11-07 13:51:50,103 [BlockDeletingService#2] WARN  background.BlockDeletingService (BlockDeletingService.java:isDeletionAllowed(187)) - Close Container log Index 6 is not replicated across allthe servers in the pipeline 19060351-f974-4d09-a844-5efa7c96aeb4 as the min replicated index is 4. Deletion is not allowed in this container yet.
2019-11-07 13:51:50,103 [BlockDeletingService#7] WARN  background.BlockDeletingService (BlockDeletingService.java:isDeletionAllowed(187)) - Close Container log Index 6 is not replicated across allthe servers in the pipeline 19060351-f974-4d09-a844-5efa7c96aeb4 as the min replicated index is 4. Deletion is not allowed in this container yet.
2019-11-07 13:51:50,300 [pool-8-thread-1] INFO  commands.RetriableDatanodeEventWatcher (RetriableDatanodeEventWatcher.java:onTimeout(47)) - RetriableDatanodeCommand type=deleteBlocksCommand with id=1573134705295 timed out. Retrying.
2019-11-07 13:51:50,300 [pool-8-thread-4] INFO  commands.RetriableDatanodeEventWatcher (RetriableDatanodeEventWatcher.java:onTimeout(47)) - RetriableDatanodeCommand type=deleteBlocksCommand with id=1573134705298 timed out. Retrying.
2019-11-07 13:51:50,301 [pool-8-thread-3] INFO  commands.RetriableDatanodeEventWatcher (RetriableDatanodeEventWatcher.java:onTimeout(47)) - RetriableDatanodeCommand type=deleteBlocksCommand with id=1573134705300 timed out. Retrying.
2019-11-07 13:51:50,301 [pool-8-thread-2] INFO  commands.RetriableDatanodeEventWatcher (RetriableDatanodeEventWatcher.java:onTimeout(47)) - RetriableDatanodeCommand type=deleteBlocksCommand with id=1573134705301 timed out. Retrying.
2019-11-07 13:51:50,301 [pool-8-thread-2] INFO  commands.RetriableDatanodeEventWatcher (RetriableDatanodeEventWatcher.java:onTimeout(47)) - RetriableDatanodeCommand type=deleteBlocksCommand with id=1573134705302 timed out. Retrying.
2019-11-07 13:51:50,303 [SCMBlockDeletingService#0] INFO  block.SCMBlockDeletingService (SCMBlockDeletingService.java:call(187)) - Totally added 1 delete blocks command for 1 datanodes, task elapsed time: 1ms
2019-11-07 13:51:50,623 [EventQueue-PendingDeleteStatusForPendingDeleteHandler] INFO  block.SCMBlockDeletingService (SCMBlockDeletingService.java:handlePendingDeletes(115)) - Block deletion txnID mismatch in datanode 5995e050-5950-4b38-8270-33206f256198 for containerID 1. Datanode delete txnID: 0, SCM txnID: 1
2019-11-07 13:51:51,105 [BlockDeletingService#7] WARN  background.BlockDeletingService (BlockDeletingService.java:isDeletionAllowed(187)) - Close Container log Index 6 is not replicated across allthe servers in the pipeline 19060351-f974-4d09-a844-5efa7c96aeb4 as the min replicated index is 4. Deletion is not allowed in this container yet.
2019-11-07 13:51:51,106 [BlockDeletingService#2] WARN  background.BlockDeletingService (BlockDeletingService.java:isDeletionAllowed(187)) - Close Container log Index 6 is not replicated across allthe servers in the pipeline 19060351-f974-4d09-a844-5efa7c96aeb4 as the min replicated index is 4. Deletion is not allowed in this container yet.
2019-11-07 13:51:51,301 [pool-8-thread-4] INFO  commands.RetriableDatanodeEventWatcher (RetriableDatanodeEventWatcher.java:onTimeout(47)) - RetriableDatanodeCommand type=deleteBlocksCommand with id=1573134705301 timed out. Retrying.
2019-11-07 13:51:51,302 [pool-8-thread-5] INFO  commands.RetriableDatanodeEventWatcher (RetriableDatanodeEventWatcher.java:onTimeout(47)) - RetriableDatanodeCommand type=deleteBlocksCommand with id=1573134705303 timed out. Retrying.
2019-11-07 13:51:51,302 [pool-8-thread-6] INFO  commands.RetriableDatanodeEventWatcher (RetriableDatanodeEventWatcher.java:onTimeout(47)) - RetriableDatanodeCommand type=deleteBlocksCommand with id=1573134705298 timed out. Retrying.
2019-11-07 13:51:51,302 [pool-8-thread-1] INFO  commands.RetriableDatanodeEventWatcher (RetriableDatanodeEventWatcher.java:onTimeout(47)) - RetriableDatanodeCommand type=deleteBlocksCommand with id=1573134705302 timed out. Retrying.
2019-11-07 13:51:51,303 [pool-8-thread-3] INFO  commands.RetriableDatanodeEventWatcher (RetriableDatanodeEventWatcher.java:onTimeout(47)) - RetriableDatanodeCommand type=deleteBlocksCommand with id=1573134705300 timed out. Retrying.
2019-11-07 13:51:51,303 [pool-8-thread-2] INFO  commands.RetriableDatanodeEventWatcher (RetriableDatanodeEventWatcher.java:onTimeout(47)) - RetriableDatanodeCommand type=deleteBlocksCommand with id=1573134705295 timed out. Retrying.
2019-11-07 13:51:51,304 [SCMBlockDeletingService#0] INFO  block.SCMBlockDeletingService (SCMBlockDeletingService.java:call(187)) - Totally added 1 delete blocks command for 1 datanodes, task elapsed time: 1ms
2019-11-07 13:51:51,356 [java.util.concurrent.ThreadPoolExecutor$Worker@f89c058[State = -1, empty queue]] WARN  server.GrpcLogAppender (GrpcLogAppender.java:timeoutAppendRequest(209)) - 71a86a4d-23f3-4eb4-8ea5-d143fc2c84ef@group-5EFA7C96AEB4->5995e050-5950-4b38-8270-33206f256198-GrpcLogAppender: appendEntries Timeout, request=71a86a4d-23f3-4eb4-8ea5-d143fc2c84ef->5995e050-5950-4b38-8270-33206f256198#52-t2, previous=(t:2, i:10), leaderCommit=10, initializing? false, entries: <empty>
2019-11-07 13:51:52,107 [BlockDeletingService#7] WARN  background.BlockDeletingService (BlockDeletingService.java:isDeletionAllowed(187)) - Close Container log Index 6 is not replicated across allthe servers in the pipeline 19060351-f974-4d09-a844-5efa7c96aeb4 as the min replicated index is 4. Deletion is not allowed in this container yet.
2019-11-07 13:51:52,107 [BlockDeletingService#2] WARN  background.BlockDeletingService (BlockDeletingService.java:isDeletionAllowed(187)) - Close Container log Index 6 is not replicated across allthe servers in the pipeline 19060351-f974-4d09-a844-5efa7c96aeb4 as the min replicated index is 4. Deletion is not allowed in this container yet.
2019-11-07 13:51:52,302 [pool-8-thread-2] INFO  commands.RetriableDatanodeEventWatcher (RetriableDatanodeEventWatcher.java:onTimeout(47)) - RetriableDatanodeCommand type=deleteBlocksCommand with id=1573134705301 timed out. Retrying.
2019-11-07 13:51:52,302 [pool-8-thread-2] INFO  commands.RetriableDatanodeEventWatcher (RetriableDatanodeEventWatcher.java:onTimeout(47)) - RetriableDatanodeCommand type=deleteBlocksCommand with id=1573134705300 timed out. Retrying.
2019-11-07 13:51:52,303 [pool-8-thread-1] INFO  commands.RetriableDatanodeEventWatcher (RetriableDatanodeEventWatcher.java:onTimeout(47)) - RetriableDatanodeCommand type=deleteBlocksCommand with id=1573134705303 timed out. Retrying.
2019-11-07 13:51:52,303 [pool-8-thread-3] INFO  commands.RetriableDatanodeEventWatcher (RetriableDatanodeEventWatcher.java:onTimeout(47)) - RetriableDatanodeCommand type=deleteBlocksCommand with id=1573134705302 timed out. Retrying.
2019-11-07 13:51:52,303 [pool-8-thread-6] INFO  commands.RetriableDatanodeEventWatcher (RetriableDatanodeEventWatcher.java:onTimeout(47)) - RetriableDatanodeCommand type=deleteBlocksCommand with id=1573134705298 timed out. Retrying.
2019-11-07 13:51:52,303 [pool-8-thread-1] INFO  commands.RetriableDatanodeEventWatcher (RetriableDatanodeEventWatcher.java:onTimeout(47)) - RetriableDatanodeCommand type=deleteBlocksCommand with id=1573134705304 timed out. Retrying.
2019-11-07 13:51:52,304 [pool-8-thread-3] INFO  commands.RetriableDatanodeEventWatcher (RetriableDatanodeEventWatcher.java:onTimeout(47)) - RetriableDatanodeCommand type=deleteBlocksCommand with id=1573134705295 timed out. Retrying.
2019-11-07 13:51:52,305 [SCMBlockDeletingService#0] INFO  block.SCMBlockDeletingService (SCMBlockDeletingService.java:call(187)) - Totally added 1 delete blocks command for 1 datanodes, task elapsed time: 0ms
2019-11-07 13:51:52,620 [EventQueue-PendingDeleteStatusForPendingDeleteHandler] INFO  block.SCMBlockDeletingService (SCMBlockDeletingService.java:handlePendingDeletes(115)) - Block deletion txnID mismatch in datanode 5995e050-5950-4b38-8270-33206f256198 for containerID 1. Datanode delete txnID: 0, SCM txnID: 1
2019-11-07 13:51:52,673 [grpc-default-executor-4] INFO  impl.RaftServerProxy (RaftServerProxy.java:addNew(89)) - 5995e050-5950-4b38-8270-33206f256198: addNew group-B8B27EFC28EF:[5995e050-5950-4b38-8270-33206f256198:192.168.34.59:33936] returns group-B8B27EFC28EF:java.util.concurrent.CompletableFuture@4f93e819[Not completed]
2019-11-07 13:51:52,675 [pool-60-thread-1] INFO  impl.RaftServerImpl (RaftServerImpl.java:<init>(98)) - 5995e050-5950-4b38-8270-33206f256198: new RaftServerImpl for group-B8B27EFC28EF:[5995e050-5950-4b38-8270-33206f256198:192.168.34.59:33936] with ContainerStateMachine:uninitialized
2019-11-07 13:51:52,676 [pool-60-thread-1] INFO  server.RaftServerConfigKeys (ConfUtils.java:logGet(43)) - raft.server.rpc.timeout.min = 5s (custom)
2019-11-07 13:51:52,676 [pool-60-thread-1] INFO  server.RaftServerConfigKeys (ConfUtils.java:logGet(43)) - raft.server.rpc.timeout.max = 5200ms (custom)
2019-11-07 13:51:52,676 [pool-60-thread-1] INFO  server.RaftServerConfigKeys (ConfUtils.java:logGet(43)) - raft.server.rpcslowness.timeout = 1000s (custom)
2019-11-07 13:51:52,676 [pool-60-thread-1] INFO  server.RaftServerConfigKeys (ConfUtils.java:logGet(43)) - raft.server.sleep.deviation.threshold = 300 (default)
2019-11-07 13:51:52,676 [pool-60-thread-1] INFO  server.RaftServerConfigKeys (ConfUtils.java:logGet(43)) - raft.server.log.appender.install.snapshot.enabled = false (custom)
2019-11-07 13:51:52,676 [pool-60-thread-1] INFO  impl.RaftServerImpl (ServerState.java:<init>(103)) - 5995e050-5950-4b38-8270-33206f256198@group-B8B27EFC28EF: ConfigurationManager, init=-1: [5995e050-5950-4b38-8270-33206f256198:192.168.34.59:33936], old=null, confs=<EMPTY_MAP>
2019-11-07 13:51:52,677 [pool-60-thread-1] INFO  server.RaftServerConfigKeys (ConfUtils.java:logGet(43)) - raft.server.storage.dir = [/workdir/hadoop-ozone/integration-test/target/test-dir/MiniOzoneClusterImpl-de3ec75a-100b-4861-956f-c0ca15a63112/datanode-1/data/ratis] (custom)
2019-11-07 13:51:52,677 [pool-60-thread-1] INFO  server.RaftServerConfigKeys (ConfUtils.java:logGet(43)) - raft.server.log.corruption.policy = EXCEPTION (default)
2019-11-07 13:51:52,677 [pool-60-thread-1] INFO  storage.RaftStorageDirectory (RaftStorageDirectory.java:analyzeStorage(246)) - The storage directory /workdir/hadoop-ozone/integration-test/target/test-dir/MiniOzoneClusterImpl-de3ec75a-100b-4861-956f-c0ca15a63112/datanode-1/data/ratis/5f8d25d6-67f5-448c-8869-b8b27efc28ef does not exist. Creating ...
2019-11-07 13:51:52,692 [pool-60-thread-1] INFO  storage.RaftStorageDirectory (RaftStorageDirectory.java:tryLock(328)) - Lock on /workdir/hadoop-ozone/integration-test/target/test-dir/MiniOzoneClusterImpl-de3ec75a-100b-4861-956f-c0ca15a63112/datanode-1/data/ratis/5f8d25d6-67f5-448c-8869-b8b27efc28ef/in_use.lock acquired by nodename 32086@pr-hdds-2329-pipelines-xb8hx-2504970213
2019-11-07 13:51:52,707 [pool-60-thread-1] INFO  storage.RaftStorage (RaftStorage.java:format(84)) - Storage directory /workdir/hadoop-ozone/integration-test/target/test-dir/MiniOzoneClusterImpl-de3ec75a-100b-4861-956f-c0ca15a63112/datanode-1/data/ratis/5f8d25d6-67f5-448c-8869-b8b27efc28ef has been successfully formatted.
2019-11-07 13:51:52,707 [pool-60-thread-1] INFO  ratis.ContainerStateMachine (ContainerStateMachine.java:loadSnapshot(231)) - group-B8B27EFC28EF: The snapshot info is null. Setting the last applied indexto:(t:0, i:~)
2019-11-07 13:51:52,707 [pool-60-thread-1] INFO  server.RaftServerConfigKeys (ConfUtils.java:logGet(43)) - raft.server.notification.no-leader.timeout = 1000s (custom)
2019-11-07 13:51:52,707 [pool-60-thread-1] INFO  server.RaftServerConfigKeys (ConfUtils.java:logGet(43)) - raft.server.log.use.memory = false (default)
2019-11-07 13:51:52,708 [pool-60-thread-1] INFO  server.RaftServerConfigKeys (ConfUtils.java:logGet(43)) - raft.server.log.purge.gap = 1000000 (custom)
2019-11-07 13:51:52,708 [pool-60-thread-1] INFO  server.RaftServerConfigKeys (ConfUtils.java:logGet(43)) - raft.server.log.appender.buffer.byte-limit = 33554432 (custom)
2019-11-07 13:51:52,708 [pool-60-thread-1] INFO  server.RaftServerConfigKeys (ConfUtils.java:logGet(43)) - raft.server.log.segment.size.max = 1048576 (custom)
2019-11-07 13:51:52,708 [pool-60-thread-1] INFO  server.RaftServerConfigKeys (ConfUtils.java:logGet(43)) - raft.server.log.segment.cache.num.max = 2 (custom)
2019-11-07 13:51:52,708 [pool-60-thread-1] INFO  segmented.SegmentedRaftLogWorker (SegmentedRaftLogWorker.java:<init>(173)) - new 5995e050-5950-4b38-8270-33206f256198@group-B8B27EFC28EF-SegmentedRaftLogWorker for RaftStorage:Storage Directory /workdir/hadoop-ozone/integration-test/target/test-dir/MiniOzoneClusterImpl-de3ec75a-100b-4861-956f-c0ca15a63112/datanode-1/data/ratis/5f8d25d6-67f5-448c-8869-b8b27efc28ef
2019-11-07 13:51:52,708 [pool-60-thread-1] INFO  server.RaftServerConfigKeys (ConfUtils.java:logGet(43)) - raft.server.log.queue.byte-limit = 2147483647 (custom)
2019-11-07 13:51:52,709 [pool-60-thread-1] INFO  server.RaftServerConfigKeys (ConfUtils.java:logGet(43)) - raft.server.log.queue.element-limit = 1024 (custom)
2019-11-07 13:51:52,709 [pool-60-thread-1] INFO  server.RaftServerConfigKeys (ConfUtils.java:logGet(43)) - raft.server.log.segment.size.max = 1048576 (custom)
2019-11-07 13:51:52,709 [pool-60-thread-1] INFO  server.RaftServerConfigKeys (ConfUtils.java:logGet(43)) - raft.server.log.preallocated.size = 16384 (custom)
2019-11-07 13:51:52,709 [pool-60-thread-1] INFO  server.RaftServerConfigKeys (ConfUtils.java:logGet(43)) - raft.server.log.write.buffer.size = 33554432 (custom)
2019-11-07 13:51:52,709 [pool-60-thread-1] INFO  server.RaftServerConfigKeys (ConfUtils.java:logGet(43)) - raft.server.log.force.sync.num = 128 (default)
2019-11-07 13:51:52,709 [pool-60-thread-1] INFO  server.RaftServerConfigKeys (ConfUtils.java:logGet(43)) - raft.server.log.statemachine.data.sync = true (default)
2019-11-07 13:51:52,709 [pool-60-thread-1] INFO  server.RaftServerConfigKeys (ConfUtils.java:logGet(43)) - raft.server.log.statemachine.data.sync.timeout = 10s (default)
2019-11-07 13:51:52,710 [pool-60-thread-1] INFO  server.RaftServerConfigKeys (ConfUtils.java:logGet(43)) - raft.server.log.statemachine.data.sync.timeout.retry = -1 (default)
2019-11-07 13:51:52,710 [pool-60-thread-1] INFO  server.RaftServerConfigKeys (ConfUtils.java:logGet(43)) - raft.server.log.statemachine.data.caching.enabled = true (custom)
2019-11-07 13:51:52,710 [pool-60-thread-1] INFO  segmented.SegmentedRaftLogWorker (SegmentedRaftLogWorker.java:lambda$new$0(128)) - 5995e050-5950-4b38-8270-33206f256198@group-B8B27EFC28EF-SegmentedRaftLogWorker: flushIndex: setUnconditionally 0 -> -1
2019-11-07 13:51:52,711 [pool-60-thread-1] INFO  server.RaftServerConfigKeys (ConfUtils.java:logGet(43)) - raft.server.snapshot.auto.trigger.enabled = true (custom)
2019-11-07 13:51:52,711 [pool-60-thread-1] INFO  server.RaftServerConfigKeys (ConfUtils.java:logGet(43)) - raft.server.snapshot.auto.trigger.threshold = 10000 (custom)
2019-11-07 13:51:52,711 [pool-60-thread-1] INFO  server.RaftServerConfigKeys (ConfUtils.java:logGet(43)) - raft.server.snapshot.retention.file.num = 5 (custom)
2019-11-07 13:51:52,711 [pool-60-thread-1] INFO  server.RaftServerConfigKeys (ConfUtils.java:logGet(43)) - raft.server.retrycache.expirytime = 600000ms (custom)
2019-11-07 13:51:52,711 [pool-60-thread-1] WARN  impl.MetricRegistriesImpl (MetricRegistriesImpl.java:lambda$create$1(61)) - First MetricRegistry has been created without registering reporters. You may need to call MetricRegistries.global().addReportRegistration(...) before.
2019-11-07 13:51:52,712 [pool-60-thread-1] WARN  impl.MetricRegistriesImpl (MetricRegistriesImpl.java:lambda$create$1(61)) - First MetricRegistry has been created without registering reporters. You may need to call MetricRegistries.global().addReportRegistration(...) before.
2019-11-07 13:51:52,712 [pool-60-thread-1] INFO  impl.RaftServerImpl (RaftServerImpl.java:start(184)) - 5995e050-5950-4b38-8270-33206f256198@group-B8B27EFC28EF: start as a follower, conf=-1: [5995e050-5950-4b38-8270-33206f256198:192.168.34.59:33936], old=null
2019-11-07 13:51:52,712 [pool-60-thread-1] INFO  impl.RaftServerImpl (RaftServerImpl.java:setRole(173)) - 5995e050-5950-4b38-8270-33206f256198@group-B8B27EFC28EF: changes role from      null to FOLLOWER at term 0 for startAsFollower
2019-11-07 13:51:52,712 [pool-60-thread-1] INFO  impl.RoleInfo (RoleInfo.java:updateAndGet(143)) - 5995e050-5950-4b38-8270-33206f256198: start FollowerState
2019-11-07 13:51:52,713 [pool-60-thread-1] INFO  util.JmxRegister (JmxRegister.java:tryRegister(44)) - Successfully registered JMX Bean with object name Ratis:service=RaftServer,group=group-B8B27EFC28EF,id=5995e050-5950-4b38-8270-33206f256198
2019-11-07 13:51:52,713 [pool-60-thread-1] WARN  impl.MetricRegistriesImpl (MetricRegistriesImpl.java:lambda$create$1(61)) - First MetricRegistry has been created without registering reporters. You may need to call MetricRegistries.global().addReportRegistration(...) before.
2019-11-07 13:51:52,718 [RatisPipelineUtilsThread] INFO  pipeline.PipelineStateManager (PipelineStateManager.java:addPipeline(56)) - Created pipeline Pipeline[ Id: 5f8d25d6-67f5-448c-8869-b8b27efc28ef, Nodes: 5995e050-5950-4b38-8270-33206f256198{ip: 192.168.34.59, host: pr-hdds-2329-pipelines-xb8hx-2504970213, networkLocation: /default-rack, certSerialId: null}, Type:RATIS, Factor:ONE, State:OPEN]
2019-11-07 13:51:52,731 [grpc-default-executor-1] INFO  impl.RaftServerProxy (RaftServerProxy.java:addNew(89)) - c4d74ea5-4e51-490d-ae77-7f64a80784ec: addNew group-B4A408DC2DB6:[71a86a4d-23f3-4eb4-8ea5-d143fc2c84ef:192.168.34.59:36384, c4d74ea5-4e51-490d-ae77-7f64a80784ec:192.168.34.59:44211, 5995e050-5950-4b38-8270-33206f256198:192.168.34.59:33936] returns group-B4A408DC2DB6:java.util.concurrent.CompletableFuture@2f1b8438[Not completed]
2019-11-07 13:51:52,731 [grpc-default-executor-4] INFO  impl.RaftServerProxy (RaftServerProxy.java:addNew(89)) - 5995e050-5950-4b38-8270-33206f256198: addNew group-B4A408DC2DB6:[71a86a4d-23f3-4eb4-8ea5-d143fc2c84ef:192.168.34.59:36384, c4d74ea5-4e51-490d-ae77-7f64a80784ec:192.168.34.59:44211, 5995e050-5950-4b38-8270-33206f256198:192.168.34.59:33936] returns group-B4A408DC2DB6:java.util.concurrent.CompletableFuture@2d983dec[Not completed]
2019-11-07 13:51:52,733 [grpc-default-executor-3] INFO  impl.RaftServerProxy (RaftServerProxy.java:addNew(89)) - 71a86a4d-23f3-4eb4-8ea5-d143fc2c84ef: addNew group-B4A408DC2DB6:[71a86a4d-23f3-4eb4-8ea5-d143fc2c84ef:192.168.34.59:36384, c4d74ea5-4e51-490d-ae77-7f64a80784ec:192.168.34.59:44211, 5995e050-5950-4b38-8270-33206f256198:192.168.34.59:33936] returns group-B4A408DC2DB6:java.util.concurrent.CompletableFuture@124a834e[Not completed]
2019-11-07 13:51:52,734 [pool-28-thread-1] INFO  impl.RaftServerImpl (RaftServerImpl.java:<init>(98)) - c4d74ea5-4e51-490d-ae77-7f64a80784ec: new RaftServerImpl for group-B4A408DC2DB6:[71a86a4d-23f3-4eb4-8ea5-d143fc2c84ef:192.168.34.59:36384, c4d74ea5-4e51-490d-ae77-7f64a80784ec:192.168.34.59:44211, 5995e050-5950-4b38-8270-33206f256198:192.168.34.59:33936] with ContainerStateMachine:uninitialized
2019-11-07 13:51:52,734 [pool-28-thread-1] INFO  server.RaftServerConfigKeys (ConfUtils.java:logGet(43)) - raft.server.rpc.timeout.min = 5s (custom)
2019-11-07 13:51:52,734 [pool-28-thread-1] INFO  server.RaftServerConfigKeys (ConfUtils.java:logGet(43)) - raft.server.rpc.timeout.max = 5200ms (custom)
2019-11-07 13:51:52,735 [pool-28-thread-1] INFO  server.RaftServerConfigKeys (ConfUtils.java:logGet(43)) - raft.server.rpcslowness.timeout = 1000s (custom)
2019-11-07 13:51:52,735 [pool-28-thread-1] INFO  server.RaftServerConfigKeys (ConfUtils.java:logGet(43)) - raft.server.sleep.deviation.threshold = 300 (default)
2019-11-07 13:51:52,735 [pool-28-thread-1] INFO  server.RaftServerConfigKeys (ConfUtils.java:logGet(43)) - raft.server.log.appender.install.snapshot.enabled = false (custom)
2019-11-07 13:51:52,735 [pool-28-thread-1] INFO  impl.RaftServerImpl (ServerState.java:<init>(103)) - c4d74ea5-4e51-490d-ae77-7f64a80784ec@group-B4A408DC2DB6: ConfigurationManager, init=-1: [71a86a4d-23f3-4eb4-8ea5-d143fc2c84ef:192.168.34.59:36384, c4d74ea5-4e51-490d-ae77-7f64a80784ec:192.168.34.59:44211, 5995e050-5950-4b38-8270-33206f256198:192.168.34.59:33936], old=null, confs=<EMPTY_MAP>
2019-11-07 13:51:52,735 [pool-28-thread-1] INFO  server.RaftServerConfigKeys (ConfUtils.java:logGet(43)) - raft.server.storage.dir = [/workdir/hadoop-ozone/integration-test/target/test-dir/MiniOzoneClusterImpl-de3ec75a-100b-4861-956f-c0ca15a63112/datanode-0/data/ratis] (custom)
2019-11-07 13:51:52,735 [pool-48-thread-1] INFO  impl.RaftServerImpl (RaftServerImpl.java:<init>(98)) - 71a86a4d-23f3-4eb4-8ea5-d143fc2c84ef: new RaftServerImpl for group-B4A408DC2DB6:[71a86a4d-23f3-4eb4-8ea5-d143fc2c84ef:192.168.34.59:36384, c4d74ea5-4e51-490d-ae77-7f64a80784ec:192.168.34.59:44211, 5995e050-5950-4b38-8270-33206f256198:192.168.34.59:33936] with ContainerStateMachine:uninitialized
2019-11-07 13:51:52,735 [pool-48-thread-1] INFO  server.RaftServerConfigKeys (ConfUtils.java:logGet(43)) - raft.server.rpc.timeout.min = 5s (custom)
2019-11-07 13:51:52,735 [pool-28-thread-1] INFO  server.RaftServerConfigKeys (ConfUtils.java:logGet(43)) - raft.server.log.corruption.policy = EXCEPTION (default)
2019-11-07 13:51:52,736 [pool-48-thread-1] INFO  server.RaftServerConfigKeys (ConfUtils.java:logGet(43)) - raft.server.rpc.timeout.max = 5200ms (custom)
2019-11-07 13:51:52,736 [pool-28-thread-1] INFO  storage.RaftStorageDirectory (RaftStorageDirectory.java:analyzeStorage(246)) - The storage directory /workdir/hadoop-ozone/integration-test/target/test-dir/MiniOzoneClusterImpl-de3ec75a-100b-4861-956f-c0ca15a63112/datanode-0/data/ratis/43f83551-a405-46db-8a8e-b4a408dc2db6 does not exist. Creating ...
2019-11-07 13:51:52,736 [pool-48-thread-1] INFO  server.RaftServerConfigKeys (ConfUtils.java:logGet(43)) - raft.server.rpcslowness.timeout = 1000s (custom)
2019-11-07 13:51:52,736 [pool-48-thread-1] INFO  server.RaftServerConfigKeys (ConfUtils.java:logGet(43)) - raft.server.sleep.deviation.threshold = 300 (default)
2019-11-07 13:51:52,736 [pool-48-thread-1] INFO  server.RaftServerConfigKeys (ConfUtils.java:logGet(43)) - raft.server.log.appender.install.snapshot.enabled = false (custom)
2019-11-07 13:51:52,736 [pool-60-thread-1] INFO  impl.RaftServerImpl (RaftServerImpl.java:<init>(98)) - 5995e050-5950-4b38-8270-33206f256198: new RaftServerImpl for group-B4A408DC2DB6:[71a86a4d-23f3-4eb4-8ea5-d143fc2c84ef:192.168.34.59:36384, c4d74ea5-4e51-490d-ae77-7f64a80784ec:192.168.34.59:44211, 5995e050-5950-4b38-8270-33206f256198:192.168.34.59:33936] with ContainerStateMachine:uninitialized
2019-11-07 13:51:52,736 [pool-48-thread-1] INFO  impl.RaftServerImpl (ServerState.java:<init>(103)) - 71a86a4d-23f3-4eb4-8ea5-d143fc2c84ef@group-B4A408DC2DB6: ConfigurationManager, init=-1: [71a86a4d-23f3-4eb4-8ea5-d143fc2c84ef:192.168.34.59:36384, c4d74ea5-4e51-490d-ae77-7f64a80784ec:192.168.34.59:44211, 5995e050-5950-4b38-8270-33206f256198:192.168.34.59:33936], old=null, confs=<EMPTY_MAP>
2019-11-07 13:51:52,736 [pool-60-thread-1] INFO  server.RaftServerConfigKeys (ConfUtils.java:logGet(43)) - raft.server.rpc.timeout.min = 5s (custom)
2019-11-07 13:51:52,737 [pool-48-thread-1] INFO  server.RaftServerConfigKeys (ConfUtils.java:logGet(43)) - raft.server.storage.dir = [/workdir/hadoop-ozone/integration-test/target/test-dir/MiniOzoneClusterImpl-de3ec75a-100b-4861-956f-c0ca15a63112/datanode-2/data/ratis] (custom)
2019-11-07 13:51:52,737 [pool-60-thread-1] INFO  server.RaftServerConfigKeys (ConfUtils.java:logGet(43)) - raft.server.rpc.timeout.max = 5200ms (custom)
2019-11-07 13:51:52,737 [pool-48-thread-1] INFO  server.RaftServerConfigKeys (ConfUtils.java:logGet(43)) - raft.server.log.corruption.policy = EXCEPTION (default)
2019-11-07 13:51:52,737 [pool-60-thread-1] INFO  server.RaftServerConfigKeys (ConfUtils.java:logGet(43)) - raft.server.rpcslowness.timeout = 1000s (custom)
2019-11-07 13:51:52,737 [pool-48-thread-1] INFO  storage.RaftStorageDirectory (RaftStorageDirectory.java:analyzeStorage(246)) - The storage directory /workdir/hadoop-ozone/integration-test/target/test-dir/MiniOzoneClusterImpl-de3ec75a-100b-4861-956f-c0ca15a63112/datanode-2/data/ratis/43f83551-a405-46db-8a8e-b4a408dc2db6 does not exist. Creating ...
2019-11-07 13:51:52,737 [pool-60-thread-1] INFO  server.RaftServerConfigKeys (ConfUtils.java:logGet(43)) - raft.server.sleep.deviation.threshold = 300 (default)
2019-11-07 13:51:52,737 [pool-60-thread-1] INFO  server.RaftServerConfigKeys (ConfUtils.java:logGet(43)) - raft.server.log.appender.install.snapshot.enabled = false (custom)
2019-11-07 13:51:52,738 [pool-60-thread-1] INFO  impl.RaftServerImpl (ServerState.java:<init>(103)) - 5995e050-5950-4b38-8270-33206f256198@group-B4A408DC2DB6: ConfigurationManager, init=-1: [71a86a4d-23f3-4eb4-8ea5-d143fc2c84ef:192.168.34.59:36384, c4d74ea5-4e51-490d-ae77-7f64a80784ec:192.168.34.59:44211, 5995e050-5950-4b38-8270-33206f256198:192.168.34.59:33936], old=null, confs=<EMPTY_MAP>
2019-11-07 13:51:52,738 [pool-60-thread-1] INFO  server.RaftServerConfigKeys (ConfUtils.java:logGet(43)) - raft.server.storage.dir = [/workdir/hadoop-ozone/integration-test/target/test-dir/MiniOzoneClusterImpl-de3ec75a-100b-4861-956f-c0ca15a63112/datanode-1/data/ratis] (custom)
2019-11-07 13:51:52,738 [pool-60-thread-1] INFO  server.RaftServerConfigKeys (ConfUtils.java:logGet(43)) - raft.server.log.corruption.policy = EXCEPTION (default)
2019-11-07 13:51:52,738 [pool-60-thread-1] INFO  storage.RaftStorageDirectory (RaftStorageDirectory.java:analyzeStorage(246)) - The storage directory /workdir/hadoop-ozone/integration-test/target/test-dir/MiniOzoneClusterImpl-de3ec75a-100b-4861-956f-c0ca15a63112/datanode-1/data/ratis/43f83551-a405-46db-8a8e-b4a408dc2db6 does not exist. Creating ...
2019-11-07 13:51:52,761 [pool-60-thread-1] INFO  storage.RaftStorageDirectory (RaftStorageDirectory.java:tryLock(328)) - Lock on /workdir/hadoop-ozone/integration-test/target/test-dir/MiniOzoneClusterImpl-de3ec75a-100b-4861-956f-c0ca15a63112/datanode-1/data/ratis/43f83551-a405-46db-8a8e-b4a408dc2db6/in_use.lock acquired by nodename 32086@pr-hdds-2329-pipelines-xb8hx-2504970213
2019-11-07 13:51:52,761 [pool-48-thread-1] INFO  storage.RaftStorageDirectory (RaftStorageDirectory.java:tryLock(328)) - Lock on /workdir/hadoop-ozone/integration-test/target/test-dir/MiniOzoneClusterImpl-de3ec75a-100b-4861-956f-c0ca15a63112/datanode-2/data/ratis/43f83551-a405-46db-8a8e-b4a408dc2db6/in_use.lock acquired by nodename 32086@pr-hdds-2329-pipelines-xb8hx-2504970213
2019-11-07 13:51:52,761 [pool-28-thread-1] INFO  storage.RaftStorageDirectory (RaftStorageDirectory.java:tryLock(328)) - Lock on /workdir/hadoop-ozone/integration-test/target/test-dir/MiniOzoneClusterImpl-de3ec75a-100b-4861-956f-c0ca15a63112/datanode-0/data/ratis/43f83551-a405-46db-8a8e-b4a408dc2db6/in_use.lock acquired by nodename 32086@pr-hdds-2329-pipelines-xb8hx-2504970213
2019-11-07 13:51:52,774 [pool-48-thread-1] INFO  storage.RaftStorage (RaftStorage.java:format(84)) - Storage directory /workdir/hadoop-ozone/integration-test/target/test-dir/MiniOzoneClusterImpl-de3ec75a-100b-4861-956f-c0ca15a63112/datanode-2/data/ratis/43f83551-a405-46db-8a8e-b4a408dc2db6 has been successfully formatted.
2019-11-07 13:51:52,774 [pool-28-thread-1] INFO  storage.RaftStorage (RaftStorage.java:format(84)) - Storage directory /workdir/hadoop-ozone/integration-test/target/test-dir/MiniOzoneClusterImpl-de3ec75a-100b-4861-956f-c0ca15a63112/datanode-0/data/ratis/43f83551-a405-46db-8a8e-b4a408dc2db6 has been successfully formatted.
2019-11-07 13:51:52,774 [pool-60-thread-1] INFO  storage.RaftStorage (RaftStorage.java:format(84)) - Storage directory /workdir/hadoop-ozone/integration-test/target/test-dir/MiniOzoneClusterImpl-de3ec75a-100b-4861-956f-c0ca15a63112/datanode-1/data/ratis/43f83551-a405-46db-8a8e-b4a408dc2db6 has been successfully formatted.
2019-11-07 13:51:52,775 [pool-48-thread-1] INFO  ratis.ContainerStateMachine (ContainerStateMachine.java:loadSnapshot(231)) - group-B4A408DC2DB6: The snapshot info is null. Setting the last applied indexto:(t:0, i:~)
2019-11-07 13:51:52,775 [pool-28-thread-1] INFO  ratis.ContainerStateMachine (ContainerStateMachine.java:loadSnapshot(231)) - group-B4A408DC2DB6: The snapshot info is null. Setting the last applied indexto:(t:0, i:~)
2019-11-07 13:51:52,775 [pool-48-thread-1] INFO  server.RaftServerConfigKeys (ConfUtils.java:logGet(43)) - raft.server.notification.no-leader.timeout = 1000s (custom)
2019-11-07 13:51:52,775 [pool-60-thread-1] INFO  ratis.ContainerStateMachine (ContainerStateMachine.java:loadSnapshot(231)) - group-B4A408DC2DB6: The snapshot info is null. Setting the last applied indexto:(t:0, i:~)
2019-11-07 13:51:52,775 [pool-48-thread-1] INFO  server.RaftServerConfigKeys (ConfUtils.java:logGet(43)) - raft.server.log.use.memory = false (default)
2019-11-07 13:51:52,775 [pool-28-thread-1] INFO  server.RaftServerConfigKeys (ConfUtils.java:logGet(43)) - raft.server.notification.no-leader.timeout = 1000s (custom)
2019-11-07 13:51:52,775 [pool-48-thread-1] INFO  server.RaftServerConfigKeys (ConfUtils.java:logGet(43)) - raft.server.log.purge.gap = 1000000 (custom)
2019-11-07 13:51:52,775 [pool-60-thread-1] INFO  server.RaftServerConfigKeys (ConfUtils.java:logGet(43)) - raft.server.notification.no-leader.timeout = 1000s (custom)
2019-11-07 13:51:52,775 [pool-48-thread-1] INFO  server.RaftServerConfigKeys (ConfUtils.java:logGet(43)) - raft.server.log.appender.buffer.byte-limit = 33554432 (custom)
2019-11-07 13:51:52,775 [pool-28-thread-1] INFO  server.RaftServerConfigKeys (ConfUtils.java:logGet(43)) - raft.server.log.use.memory = false (default)
2019-11-07 13:51:52,776 [pool-48-thread-1] INFO  server.RaftServerConfigKeys (ConfUtils.java:logGet(43)) - raft.server.log.segment.size.max = 1048576 (custom)
2019-11-07 13:51:52,775 [pool-60-thread-1] INFO  server.RaftServerConfigKeys (ConfUtils.java:logGet(43)) - raft.server.log.use.memory = false (default)
2019-11-07 13:51:52,776 [pool-48-thread-1] INFO  server.RaftServerConfigKeys (ConfUtils.java:logGet(43)) - raft.server.log.segment.cache.num.max = 2 (custom)
2019-11-07 13:51:52,776 [pool-28-thread-1] INFO  server.RaftServerConfigKeys (ConfUtils.java:logGet(43)) - raft.server.log.purge.gap = 1000000 (custom)
2019-11-07 13:51:52,776 [pool-48-thread-1] INFO  segmented.SegmentedRaftLogWorker (SegmentedRaftLogWorker.java:<init>(173)) - new 71a86a4d-23f3-4eb4-8ea5-d143fc2c84ef@group-B4A408DC2DB6-SegmentedRaftLogWorker for RaftStorage:Storage Directory /workdir/hadoop-ozone/integration-test/target/test-dir/MiniOzoneClusterImpl-de3ec75a-100b-4861-956f-c0ca15a63112/datanode-2/data/ratis/43f83551-a405-46db-8a8e-b4a408dc2db6
2019-11-07 13:51:52,776 [pool-60-thread-1] INFO  server.RaftServerConfigKeys (ConfUtils.java:logGet(43)) - raft.server.log.purge.gap = 1000000 (custom)
2019-11-07 13:51:52,776 [pool-48-thread-1] INFO  server.RaftServerConfigKeys (ConfUtils.java:logGet(43)) - raft.server.log.queue.byte-limit = 2147483647 (custom)
2019-11-07 13:51:52,776 [pool-28-thread-1] INFO  server.RaftServerConfigKeys (ConfUtils.java:logGet(43)) - raft.server.log.appender.buffer.byte-limit = 33554432 (custom)
2019-11-07 13:51:52,776 [pool-48-thread-1] INFO  server.RaftServerConfigKeys (ConfUtils.java:logGet(43)) - raft.server.log.queue.element-limit = 1024 (custom)
2019-11-07 13:51:52,776 [pool-60-thread-1] INFO  server.RaftServerConfigKeys (ConfUtils.java:logGet(43)) - raft.server.log.appender.buffer.byte-limit = 33554432 (custom)
2019-11-07 13:51:52,777 [pool-48-thread-1] INFO  server.RaftServerConfigKeys (ConfUtils.java:logGet(43)) - raft.server.log.segment.size.max = 1048576 (custom)
2019-11-07 13:51:52,776 [pool-28-thread-1] INFO  server.RaftServerConfigKeys (ConfUtils.java:logGet(43)) - raft.server.log.segment.size.max = 1048576 (custom)
2019-11-07 13:51:52,777 [pool-48-thread-1] INFO  server.RaftServerConfigKeys (ConfUtils.java:logGet(43)) - raft.server.log.preallocated.size = 16384 (custom)
2019-11-07 13:51:52,777 [pool-60-thread-1] INFO  server.RaftServerConfigKeys (ConfUtils.java:logGet(43)) - raft.server.log.segment.size.max = 1048576 (custom)
2019-11-07 13:51:52,777 [pool-48-thread-1] INFO  server.RaftServerConfigKeys (ConfUtils.java:logGet(43)) - raft.server.log.write.buffer.size = 33554432 (custom)
2019-11-07 13:51:52,777 [pool-28-thread-1] INFO  server.RaftServerConfigKeys (ConfUtils.java:logGet(43)) - raft.server.log.segment.cache.num.max = 2 (custom)
2019-11-07 13:51:52,777 [pool-48-thread-1] INFO  server.RaftServerConfigKeys (ConfUtils.java:logGet(43)) - raft.server.log.force.sync.num = 128 (default)
2019-11-07 13:51:52,777 [pool-60-thread-1] INFO  server.RaftServerConfigKeys (ConfUtils.java:logGet(43)) - raft.server.log.segment.cache.num.max = 2 (custom)
2019-11-07 13:51:52,777 [pool-48-thread-1] INFO  server.RaftServerConfigKeys (ConfUtils.java:logGet(43)) - raft.server.log.statemachine.data.sync = true (default)
2019-11-07 13:51:52,777 [pool-28-thread-1] INFO  segmented.SegmentedRaftLogWorker (SegmentedRaftLogWorker.java:<init>(173)) - new c4d74ea5-4e51-490d-ae77-7f64a80784ec@group-B4A408DC2DB6-SegmentedRaftLogWorker for RaftStorage:Storage Directory /workdir/hadoop-ozone/integration-test/target/test-dir/MiniOzoneClusterImpl-de3ec75a-100b-4861-956f-c0ca15a63112/datanode-0/data/ratis/43f83551-a405-46db-8a8e-b4a408dc2db6
2019-11-07 13:51:52,777 [pool-48-thread-1] INFO  server.RaftServerConfigKeys (ConfUtils.java:logGet(43)) - raft.server.log.statemachine.data.sync.timeout = 10s (default)
2019-11-07 13:51:52,777 [pool-60-thread-1] INFO  segmented.SegmentedRaftLogWorker (SegmentedRaftLogWorker.java:<init>(173)) - new 5995e050-5950-4b38-8270-33206f256198@group-B4A408DC2DB6-SegmentedRaftLogWorker for RaftStorage:Storage Directory /workdir/hadoop-ozone/integration-test/target/test-dir/MiniOzoneClusterImpl-de3ec75a-100b-4861-956f-c0ca15a63112/datanode-1/data/ratis/43f83551-a405-46db-8a8e-b4a408dc2db6
2019-11-07 13:51:52,778 [pool-48-thread-1] INFO  server.RaftServerConfigKeys (ConfUtils.java:logGet(43)) - raft.server.log.statemachine.data.sync.timeout.retry = -1 (default)
2019-11-07 13:51:52,778 [pool-28-thread-1] INFO  server.RaftServerConfigKeys (ConfUtils.java:logGet(43)) - raft.server.log.queue.byte-limit = 2147483647 (custom)
2019-11-07 13:51:52,778 [pool-60-thread-1] INFO  server.RaftServerConfigKeys (ConfUtils.java:logGet(43)) - raft.server.log.queue.byte-limit = 2147483647 (custom)
2019-11-07 13:51:52,778 [pool-28-thread-1] INFO  server.RaftServerConfigKeys (ConfUtils.java:logGet(43)) - raft.server.log.queue.element-limit = 1024 (custom)
2019-11-07 13:51:52,778 [pool-48-thread-1] INFO  server.RaftServerConfigKeys (ConfUtils.java:logGet(43)) - raft.server.log.statemachine.data.caching.enabled = true (custom)
2019-11-07 13:51:52,778 [pool-28-thread-1] INFO  server.RaftServerConfigKeys (ConfUtils.java:logGet(43)) - raft.server.log.segment.size.max = 1048576 (custom)
2019-11-07 13:51:52,778 [pool-60-thread-1] INFO  server.RaftServerConfigKeys (ConfUtils.java:logGet(43)) - raft.server.log.queue.element-limit = 1024 (custom)
2019-11-07 13:51:52,778 [pool-28-thread-1] INFO  server.RaftServerConfigKeys (ConfUtils.java:logGet(43)) - raft.server.log.preallocated.size = 16384 (custom)
2019-11-07 13:51:52,778 [pool-60-thread-1] INFO  server.RaftServerConfigKeys (ConfUtils.java:logGet(43)) - raft.server.log.segment.size.max = 1048576 (custom)
2019-11-07 13:51:52,778 [pool-48-thread-1] INFO  segmented.SegmentedRaftLogWorker (SegmentedRaftLogWorker.java:lambda$new$0(128)) - 71a86a4d-23f3-4eb4-8ea5-d143fc2c84ef@group-B4A408DC2DB6-SegmentedRaftLogWorker: flushIndex: setUnconditionally 0 -> -1
2019-11-07 13:51:52,779 [pool-60-thread-1] INFO  server.RaftServerConfigKeys (ConfUtils.java:logGet(43)) - raft.server.log.preallocated.size = 16384 (custom)
2019-11-07 13:51:52,779 [pool-28-thread-1] INFO  server.RaftServerConfigKeys (ConfUtils.java:logGet(43)) - raft.server.log.write.buffer.size = 33554432 (custom)
2019-11-07 13:51:52,779 [pool-60-thread-1] INFO  server.RaftServerConfigKeys (ConfUtils.java:logGet(43)) - raft.server.log.write.buffer.size = 33554432 (custom)
2019-11-07 13:51:52,779 [pool-28-thread-1] INFO  server.RaftServerConfigKeys (ConfUtils.java:logGet(43)) - raft.server.log.force.sync.num = 128 (default)
2019-11-07 13:51:52,779 [pool-48-thread-1] INFO  server.RaftServerConfigKeys (ConfUtils.java:logGet(43)) - raft.server.snapshot.auto.trigger.enabled = true (custom)
2019-11-07 13:51:52,779 [pool-28-thread-1] INFO  server.RaftServerConfigKeys (ConfUtils.java:logGet(43)) - raft.server.log.statemachine.data.sync = true (default)
2019-11-07 13:51:52,779 [pool-60-thread-1] INFO  server.RaftServerConfigKeys (ConfUtils.java:logGet(43)) - raft.server.log.force.sync.num = 128 (default)
2019-11-07 13:51:52,779 [pool-28-thread-1] INFO  server.RaftServerConfigKeys (ConfUtils.java:logGet(43)) - raft.server.log.statemachine.data.sync.timeout = 10s (default)
2019-11-07 13:51:52,779 [pool-48-thread-1] INFO  server.RaftServerConfigKeys (ConfUtils.java:logGet(43)) - raft.server.snapshot.auto.trigger.threshold = 10000 (custom)
2019-11-07 13:51:52,779 [pool-28-thread-1] INFO  server.RaftServerConfigKeys (ConfUtils.java:logGet(43)) - raft.server.log.statemachine.data.sync.timeout.retry = -1 (default)
2019-11-07 13:51:52,779 [pool-60-thread-1] INFO  server.RaftServerConfigKeys (ConfUtils.java:logGet(43)) - raft.server.log.statemachine.data.sync = true (default)
2019-11-07 13:51:52,780 [pool-28-thread-1] INFO  server.RaftServerConfigKeys (ConfUtils.java:logGet(43)) - raft.server.log.statemachine.data.caching.enabled = true (custom)
2019-11-07 13:51:52,780 [pool-48-thread-1] INFO  server.RaftServerConfigKeys (ConfUtils.java:logGet(43)) - raft.server.snapshot.retention.file.num = 5 (custom)
2019-11-07 13:51:52,780 [pool-60-thread-1] INFO  server.RaftServerConfigKeys (ConfUtils.java:logGet(43)) - raft.server.log.statemachine.data.sync.timeout = 10s (default)
2019-11-07 13:51:52,780 [pool-28-thread-1] INFO  segmented.SegmentedRaftLogWorker (SegmentedRaftLogWorker.java:lambda$new$0(128)) - c4d74ea5-4e51-490d-ae77-7f64a80784ec@group-B4A408DC2DB6-SegmentedRaftLogWorker: flushIndex: setUnconditionally 0 -> -1
2019-11-07 13:51:52,780 [pool-60-thread-1] INFO  server.RaftServerConfigKeys (ConfUtils.java:logGet(43)) - raft.server.log.statemachine.data.sync.timeout.retry = -1 (default)
2019-11-07 13:51:52,780 [pool-48-thread-1] INFO  server.RaftServerConfigKeys (ConfUtils.java:logGet(43)) - raft.server.retrycache.expirytime = 600000ms (custom)
2019-11-07 13:51:52,780 [pool-28-thread-1] INFO  server.RaftServerConfigKeys (ConfUtils.java:logGet(43)) - raft.server.snapshot.auto.trigger.enabled = true (custom)
2019-11-07 13:51:52,780 [pool-48-thread-1] WARN  impl.MetricRegistriesImpl (MetricRegistriesImpl.java:lambda$create$1(61)) - First MetricRegistry has been created without registering reporters. You may need to call MetricRegistries.global().addReportRegistration(...) before.
2019-11-07 13:51:52,780 [pool-60-thread-1] INFO  server.RaftServerConfigKeys (ConfUtils.java:logGet(43)) - raft.server.log.statemachine.data.caching.enabled = true (custom)
2019-11-07 13:51:52,781 [pool-48-thread-1] WARN  impl.MetricRegistriesImpl (MetricRegistriesImpl.java:lambda$create$1(61)) - First MetricRegistry has been created without registering reporters. You may need to call MetricRegistries.global().addReportRegistration(...) before.
2019-11-07 13:51:52,780 [pool-28-thread-1] INFO  server.RaftServerConfigKeys (ConfUtils.java:logGet(43)) - raft.server.snapshot.auto.trigger.threshold = 10000 (custom)
2019-11-07 13:51:52,781 [pool-48-thread-1] INFO  impl.RaftServerImpl (RaftServerImpl.java:start(184)) - 71a86a4d-23f3-4eb4-8ea5-d143fc2c84ef@group-B4A408DC2DB6: start as a follower, conf=-1: [71a86a4d-23f3-4eb4-8ea5-d143fc2c84ef:192.168.34.59:36384, c4d74ea5-4e51-490d-ae77-7f64a80784ec:192.168.34.59:44211, 5995e050-5950-4b38-8270-33206f256198:192.168.34.59:33936], old=null
2019-11-07 13:51:52,781 [pool-60-thread-1] INFO  segmented.SegmentedRaftLogWorker (SegmentedRaftLogWorker.java:lambda$new$0(128)) - 5995e050-5950-4b38-8270-33206f256198@group-B4A408DC2DB6-SegmentedRaftLogWorker: flushIndex: setUnconditionally 0 -> -1
2019-11-07 13:51:52,781 [pool-48-thread-1] INFO  impl.RaftServerImpl (RaftServerImpl.java:setRole(173)) - 71a86a4d-23f3-4eb4-8ea5-d143fc2c84ef@group-B4A408DC2DB6: changes role from      null to FOLLOWER at term 0 for startAsFollower
2019-11-07 13:51:52,781 [pool-28-thread-1] INFO  server.RaftServerConfigKeys (ConfUtils.java:logGet(43)) - raft.server.snapshot.retention.file.num = 5 (custom)
2019-11-07 13:51:52,781 [pool-60-thread-1] INFO  server.RaftServerConfigKeys (ConfUtils.java:logGet(43)) - raft.server.snapshot.auto.trigger.enabled = true (custom)
2019-11-07 13:51:52,781 [pool-48-thread-1] INFO  impl.RoleInfo (RoleInfo.java:updateAndGet(143)) - 71a86a4d-23f3-4eb4-8ea5-d143fc2c84ef: start FollowerState
2019-11-07 13:51:52,781 [pool-60-thread-1] INFO  server.RaftServerConfigKeys (ConfUtils.java:logGet(43)) - raft.server.snapshot.auto.trigger.threshold = 10000 (custom)
2019-11-07 13:51:52,781 [pool-28-thread-1] INFO  server.RaftServerConfigKeys (ConfUtils.java:logGet(43)) - raft.server.retrycache.expirytime = 600000ms (custom)
2019-11-07 13:51:52,781 [pool-60-thread-1] INFO  server.RaftServerConfigKeys (ConfUtils.java:logGet(43)) - raft.server.snapshot.retention.file.num = 5 (custom)
2019-11-07 13:51:52,782 [pool-28-thread-1] WARN  impl.MetricRegistriesImpl (MetricRegistriesImpl.java:lambda$create$1(61)) - First MetricRegistry has been created without registering reporters. You may need to call MetricRegistries.global().addReportRegistration(...) before.
2019-11-07 13:51:52,782 [pool-48-thread-1] INFO  util.JmxRegister (JmxRegister.java:tryRegister(44)) - Successfully registered JMX Bean with object name Ratis:service=RaftServer,group=group-B4A408DC2DB6,id=71a86a4d-23f3-4eb4-8ea5-d143fc2c84ef
2019-11-07 13:51:52,782 [pool-60-thread-1] INFO  server.RaftServerConfigKeys (ConfUtils.java:logGet(43)) - raft.server.retrycache.expirytime = 600000ms (custom)
2019-11-07 13:51:52,782 [pool-48-thread-1] WARN  impl.MetricRegistriesImpl (MetricRegistriesImpl.java:lambda$create$1(61)) - First MetricRegistry has been created without registering reporters. You may need to call MetricRegistries.global().addReportRegistration(...) before.
2019-11-07 13:51:52,782 [pool-28-thread-1] WARN  impl.MetricRegistriesImpl (MetricRegistriesImpl.java:lambda$create$1(61)) - First MetricRegistry has been created without registering reporters. You may need to call MetricRegistries.global().addReportRegistration(...) before.
2019-11-07 13:51:52,782 [pool-60-thread-1] WARN  impl.MetricRegistriesImpl (MetricRegistriesImpl.java:lambda$create$1(61)) - First MetricRegistry has been created without registering reporters. You may need to call MetricRegistries.global().addReportRegistration(...) before.
2019-11-07 13:51:52,782 [pool-28-thread-1] INFO  impl.RaftServerImpl (RaftServerImpl.java:start(184)) - c4d74ea5-4e51-490d-ae77-7f64a80784ec@group-B4A408DC2DB6: start as a follower, conf=-1: [71a86a4d-23f3-4eb4-8ea5-d143fc2c84ef:192.168.34.59:36384, c4d74ea5-4e51-490d-ae77-7f64a80784ec:192.168.34.59:44211, 5995e050-5950-4b38-8270-33206f256198:192.168.34.59:33936], old=null
2019-11-07 13:51:52,782 [pool-60-thread-1] WARN  impl.MetricRegistriesImpl (MetricRegistriesImpl.java:lambda$create$1(61)) - First MetricRegistry has been created without registering reporters. You may need to call MetricRegistries.global().addReportRegistration(...) before.
2019-11-07 13:51:52,782 [pool-28-thread-1] INFO  impl.RaftServerImpl (RaftServerImpl.java:setRole(173)) - c4d74ea5-4e51-490d-ae77-7f64a80784ec@group-B4A408DC2DB6: changes role from      null to FOLLOWER at term 0 for startAsFollower
2019-11-07 13:51:52,783 [pool-60-thread-1] INFO  impl.RaftServerImpl (RaftServerImpl.java:start(184)) - 5995e050-5950-4b38-8270-33206f256198@group-B4A408DC2DB6: start as a follower, conf=-1: [71a86a4d-23f3-4eb4-8ea5-d143fc2c84ef:192.168.34.59:36384, c4d74ea5-4e51-490d-ae77-7f64a80784ec:192.168.34.59:44211, 5995e050-5950-4b38-8270-33206f256198:192.168.34.59:33936], old=null
2019-11-07 13:51:52,783 [pool-60-thread-1] INFO  impl.RaftServerImpl (RaftServerImpl.java:setRole(173)) - 5995e050-5950-4b38-8270-33206f256198@group-B4A408DC2DB6: changes role from      null to FOLLOWER at term 0 for startAsFollower
2019-11-07 13:51:52,783 [pool-28-thread-1] INFO  impl.RoleInfo (RoleInfo.java:updateAndGet(143)) - c4d74ea5-4e51-490d-ae77-7f64a80784ec: start FollowerState
2019-11-07 13:51:52,783 [pool-60-thread-1] INFO  impl.RoleInfo (RoleInfo.java:updateAndGet(143)) - 5995e050-5950-4b38-8270-33206f256198: start FollowerState
2019-11-07 13:51:52,784 [pool-28-thread-1] INFO  util.JmxRegister (JmxRegister.java:tryRegister(44)) - Successfully registered JMX Bean with object name Ratis:service=RaftServer,group=group-B4A408DC2DB6,id=c4d74ea5-4e51-490d-ae77-7f64a80784ec
2019-11-07 13:51:52,784 [pool-60-thread-1] INFO  util.JmxRegister (JmxRegister.java:tryRegister(44)) - Successfully registered JMX Bean with object name Ratis:service=RaftServer,group=group-B4A408DC2DB6,id=5995e050-5950-4b38-8270-33206f256198
2019-11-07 13:51:52,784 [pool-28-thread-1] WARN  impl.MetricRegistriesImpl (MetricRegistriesImpl.java:lambda$create$1(61)) - First MetricRegistry has been created without registering reporters. You may need to call MetricRegistries.global().addReportRegistration(...) before.
2019-11-07 13:51:52,785 [pool-60-thread-1] WARN  impl.MetricRegistriesImpl (MetricRegistriesImpl.java:lambda$create$1(61)) - First MetricRegistry has been created without registering reporters. You may need to call MetricRegistries.global().addReportRegistration(...) before.
2019-11-07 13:51:52,792 [RatisPipelineUtilsThread] INFO  pipeline.PipelineStateManager (PipelineStateManager.java:addPipeline(56)) - Created pipeline Pipeline[ Id: 43f83551-a405-46db-8a8e-b4a408dc2db6, Nodes: 5995e050-5950-4b38-8270-33206f256198{ip: 192.168.34.59, host: pr-hdds-2329-pipelines-xb8hx-2504970213, networkLocation: /default-rack, certSerialId: null}c4d74ea5-4e51-490d-ae77-7f64a80784ec{ip: 192.168.34.59, host: pr-hdds-2329-pipelines-xb8hx-2504970213, networkLocation: /default-rack, certSerialId: null}71a86a4d-23f3-4eb4-8ea5-d143fc2c84ef{ip: 192.168.34.59, host: pr-hdds-2329-pipelines-xb8hx-2504970213, networkLocation: /default-rack, certSerialId: null}, Type:RATIS, Factor:THREE, State:OPEN]
2019-11-07 13:51:52,922 [EventQueue-PendingDeleteStatusForPendingDeleteHandler] INFO  block.SCMBlockDeletingService (SCMBlockDeletingService.java:handlePendingDeletes(115)) - Block deletion txnID mismatch in datanode 5995e050-5950-4b38-8270-33206f256198 for containerID 1. Datanode delete txnID: 0, SCM txnID: 1
2019-11-07 13:51:53,109 [BlockDeletingService#7] WARN  background.BlockDeletingService (BlockDeletingService.java:isDeletionAllowed(187)) - Close Container log Index 6 is not replicated across allthe servers in the pipeline 19060351-f974-4d09-a844-5efa7c96aeb4 as the min replicated index is 4. Deletion is not allowed in this container yet.
2019-11-07 13:51:53,110 [BlockDeletingService#2] WARN  background.BlockDeletingService (BlockDeletingService.java:isDeletionAllowed(187)) - Close Container log Index 6 is not replicated across allthe servers in the pipeline 19060351-f974-4d09-a844-5efa7c96aeb4 as the min replicated index is 4. Deletion is not allowed in this container yet.
2019-11-07 13:51:53,303 [pool-8-thread-3] INFO  commands.RetriableDatanodeEventWatcher (RetriableDatanodeEventWatcher.java:onTimeout(47)) - RetriableDatanodeCommand type=deleteBlocksCommand with id=1573134705300 timed out. Retrying.
2019-11-07 13:51:53,303 [pool-8-thread-6] INFO  commands.RetriableDatanodeEventWatcher (RetriableDatanodeEventWatcher.java:onTimeout(47)) - RetriableDatanodeCommand type=deleteBlocksCommand with id=1573134705303 timed out. Retrying.
2019-11-07 13:51:53,303 [pool-8-thread-1] INFO  commands.RetriableDatanodeEventWatcher (RetriableDatanodeEventWatcher.java:onTimeout(47)) - RetriableDatanodeCommand type=deleteBlocksCommand with id=1573134705301 timed out. Retrying.
2019-11-07 13:51:53,304 [pool-8-thread-1] INFO  commands.RetriableDatanodeEventWatcher (RetriableDatanodeEventWatcher.java:onTimeout(47)) - RetriableDatanodeCommand type=deleteBlocksCommand with id=1573134705295 timed out. Retrying.
2019-11-07 13:51:53,304 [pool-8-thread-6] INFO  commands.RetriableDatanodeEventWatcher (RetriableDatanodeEventWatcher.java:onTimeout(47)) - RetriableDatanodeCommand type=deleteBlocksCommand with id=1573134705304 timed out. Retrying.
2019-11-07 13:51:53,304 [pool-8-thread-2] INFO  commands.RetriableDatanodeEventWatcher (RetriableDatanodeEventWatcher.java:onTimeout(47)) - RetriableDatanodeCommand type=deleteBlocksCommand with id=1573134705298 timed out. Retrying.
2019-11-07 13:51:53,304 [pool-8-thread-3] INFO  commands.RetriableDatanodeEventWatcher (RetriableDatanodeEventWatcher.java:onTimeout(47)) - RetriableDatanodeCommand type=deleteBlocksCommand with id=1573134705302 timed out. Retrying.
2019-11-07 13:51:53,305 [pool-8-thread-3] INFO  commands.RetriableDatanodeEventWatcher (RetriableDatanodeEventWatcher.java:onTimeout(47)) - RetriableDatanodeCommand type=deleteBlocksCommand with id=1573134705305 timed out. Retrying.
2019-11-07 13:51:53,306 [SCMBlockDeletingService#0] INFO  block.SCMBlockDeletingService (SCMBlockDeletingService.java:call(187)) - Totally added 1 delete blocks command for 1 datanodes, task elapsed time: 1ms
2019-11-07 13:51:53,322 [EventQueue-PendingDeleteStatusForPendingDeleteHandler] INFO  block.SCMBlockDeletingService (SCMBlockDeletingService.java:handlePendingDeletes(115)) - Block deletion txnID mismatch in datanode 5995e050-5950-4b38-8270-33206f256198 for containerID 1. Datanode delete txnID: 0, SCM txnID: 1
2019-11-07 13:51:53,621 [EventQueue-PendingDeleteStatusForPendingDeleteHandler] INFO  block.SCMBlockDeletingService (SCMBlockDeletingService.java:handlePendingDeletes(115)) - Block deletion txnID mismatch in datanode 5995e050-5950-4b38-8270-33206f256198 for containerID 1. Datanode delete txnID: 0, SCM txnID: 1
2019-11-07 13:51:53,652 [Command processor thread] INFO  commandhandler.DeleteBlocksCommandHandler (DeleteBlocksCommandHandler.java:handle(106)) - Start to delete container blocks, TXIDs=[1(0)], numOfContainers=1, numOfBlocks=1
2019-11-07 13:51:53,653 [Command processor thread] INFO  commandhandler.DeleteBlocksCommandHandler (DeleteBlocksCommandHandler.java:handle(106)) - Start to delete container blocks, TXIDs=[1(2)], numOfContainers=1, numOfBlocks=1
2019-11-07 13:51:53,653 [Command processor thread] INFO  commandhandler.DeleteBlocksCommandHandler (DeleteBlocksCommandHandler.java:handle(106)) - Start to delete container blocks, TXIDs=[1(0)], numOfContainers=1, numOfBlocks=1
2019-11-07 13:51:53,654 [Command processor thread] INFO  commandhandler.DeleteBlocksCommandHandler (DeleteBlocksCommandHandler.java:handle(106)) - Start to delete container blocks, TXIDs=[1(2)], numOfContainers=1, numOfBlocks=1
2019-11-07 13:51:53,654 [Command processor thread] INFO  commandhandler.DeleteBlocksCommandHandler (DeleteBlocksCommandHandler.java:handle(106)) - Start to delete container blocks, TXIDs=[1(4)], numOfContainers=1, numOfBlocks=1
2019-11-07 13:51:53,654 [Command processor thread] INFO  commandhandler.DeleteBlocksCommandHandler (DeleteBlocksCommandHandler.java:handle(106)) - Start to delete container blocks, TXIDs=[1(0)], numOfContainers=1, numOfBlocks=1
2019-11-07 13:51:53,654 [Command processor thread] INFO  commandhandler.DeleteBlocksCommandHandler (DeleteBlocksCommandHandler.java:handle(106)) - Start to delete container blocks, TXIDs=[1(2)], numOfContainers=1, numOfBlocks=1
2019-11-07 13:51:53,655 [Command processor thread] INFO  commandhandler.DeleteBlocksCommandHandler (DeleteBlocksCommandHandler.java:handle(106)) - Start to delete container blocks, TXIDs=[1(4)], numOfContainers=1, numOfBlocks=1
2019-11-07 13:51:53,655 [Command processor thread] INFO  commandhandler.DeleteBlocksCommandHandler (DeleteBlocksCommandHandler.java:handle(106)) - Start to delete container blocks, TXIDs=[1(4)], numOfContainers=1, numOfBlocks=1
2019-11-07 13:51:53,655 [Command processor thread] INFO  commandhandler.DeleteBlocksCommandHandler (DeleteBlocksCommandHandler.java:handle(106)) - Start to delete container blocks, TXIDs=[1(0)], numOfContainers=1, numOfBlocks=1
2019-11-07 13:51:53,655 [Command processor thread] INFO  commandhandler.DeleteBlocksCommandHandler (DeleteBlocksCommandHandler.java:handle(106)) - Start to delete container blocks, TXIDs=[1(4)], numOfContainers=1, numOfBlocks=1
2019-11-07 13:51:53,656 [Command processor thread] INFO  commandhandler.DeleteBlocksCommandHandler (DeleteBlocksCommandHandler.java:handle(106)) - Start to delete container blocks, TXIDs=[1(2)], numOfContainers=1, numOfBlocks=1
2019-11-07 13:51:53,656 [Command processor thread] INFO  commandhandler.DeleteBlocksCommandHandler (DeleteBlocksCommandHandler.java:handle(106)) - Start to delete container blocks, TXIDs=[1(4)], numOfContainers=1, numOfBlocks=1
2019-11-07 13:51:53,656 [Command processor thread] INFO  commandhandler.DeleteBlocksCommandHandler (DeleteBlocksCommandHandler.java:handle(106)) - Start to delete container blocks, TXIDs=[1(0)], numOfContainers=1, numOfBlocks=1
2019-11-07 13:51:53,656 [Command processor thread] INFO  commandhandler.DeleteBlocksCommandHandler (DeleteBlocksCommandHandler.java:handle(106)) - Start to delete container blocks, TXIDs=[1(4)], numOfContainers=1, numOfBlocks=1
2019-11-07 13:51:53,657 [Command processor thread] INFO  commandhandler.DeleteBlocksCommandHandler (DeleteBlocksCommandHandler.java:handle(106)) - Start to delete container blocks, TXIDs=[1(0)], numOfContainers=1, numOfBlocks=1
2019-11-07 13:51:53,657 [Command processor thread] INFO  commandhandler.DeleteBlocksCommandHandler (DeleteBlocksCommandHandler.java:handle(106)) - Start to delete container blocks, TXIDs=[1(2)], numOfContainers=1, numOfBlocks=1
2019-11-07 13:51:53,657 [Command processor thread] INFO  commandhandler.DeleteBlocksCommandHandler (DeleteBlocksCommandHandler.java:handle(106)) - Start to delete container blocks, TXIDs=[1(4)], numOfContainers=1, numOfBlocks=1
2019-11-07 13:51:53,657 [Command processor thread] INFO  commandhandler.DeleteBlocksCommandHandler (DeleteBlocksCommandHandler.java:handle(106)) - Start to delete container blocks, TXIDs=[1(4)], numOfContainers=1, numOfBlocks=1
2019-11-07 13:51:53,658 [Command processor thread] INFO  commandhandler.DeleteBlocksCommandHandler (DeleteBlocksCommandHandler.java:handle(106)) - Start to delete container blocks, TXIDs=[1(4)], numOfContainers=1, numOfBlocks=1
2019-11-07 13:51:53,658 [Command processor thread] INFO  commandhandler.DeleteBlocksCommandHandler (DeleteBlocksCommandHandler.java:handle(106)) - Start to delete container blocks, TXIDs=[1(4)], numOfContainers=1, numOfBlocks=1
2019-11-07 13:51:53,658 [Command processor thread] INFO  commandhandler.DeleteBlocksCommandHandler (DeleteBlocksCommandHandler.java:handle(106)) - Start to delete container blocks, TXIDs=[1(4)], numOfContainers=1, numOfBlocks=1
2019-11-07 13:51:53,658 [Command processor thread] INFO  commandhandler.DeleteBlocksCommandHandler (DeleteBlocksCommandHandler.java:handle(106)) - Start to delete container blocks, TXIDs=[1(4)], numOfContainers=1, numOfBlocks=1
2019-11-07 13:51:53,659 [Command processor thread] INFO  commandhandler.DeleteBlocksCommandHandler (DeleteBlocksCommandHandler.java:handle(106)) - Start to delete container blocks, TXIDs=[1(2)], numOfContainers=1, numOfBlocks=1
2019-11-07 13:51:53,659 [Command processor thread] INFO  commandhandler.DeleteBlocksCommandHandler (DeleteBlocksCommandHandler.java:handle(106)) - Start to delete container blocks, TXIDs=[1(4)], numOfContainers=1, numOfBlocks=1
2019-11-07 13:51:53,659 [Command processor thread] INFO  commandhandler.DeleteBlocksCommandHandler (DeleteBlocksCommandHandler.java:handle(106)) - Start to delete container blocks, TXIDs=[1(4)], numOfContainers=1, numOfBlocks=1
2019-11-07 13:51:53,660 [Command processor thread] INFO  commandhandler.DeleteBlocksCommandHandler (DeleteBlocksCommandHandler.java:handle(106)) - Start to delete container blocks, TXIDs=[1(0)], numOfContainers=1, numOfBlocks=1
2019-11-07 13:51:53,660 [Command processor thread] INFO  commandhandler.DeleteBlocksCommandHandler (DeleteBlocksCommandHandler.java:handle(106)) - Start to delete container blocks, TXIDs=[1(4)], numOfContainers=1, numOfBlocks=1
2019-11-07 13:51:53,660 [Command processor thread] INFO  commandhandler.DeleteBlocksCommandHandler (DeleteBlocksCommandHandler.java:handle(106)) - Start to delete container blocks, TXIDs=[1(4)], numOfContainers=1, numOfBlocks=1
2019-11-07 13:51:53,660 [Command processor thread] INFO  commandhandler.DeleteBlocksCommandHandler (DeleteBlocksCommandHandler.java:handle(106)) - Start to delete container blocks, TXIDs=[1(4)], numOfContainers=1, numOfBlocks=1
2019-11-07 13:51:53,660 [Command processor thread] INFO  commandhandler.DeleteBlocksCommandHandler (DeleteBlocksCommandHandler.java:handle(106)) - Start to delete container blocks, TXIDs=[1(4)], numOfContainers=1, numOfBlocks=1
2019-11-07 13:51:53,661 [Command processor thread] INFO  commandhandler.DeleteBlocksCommandHandler (DeleteBlocksCommandHandler.java:handle(106)) - Start to delete container blocks, TXIDs=[1(4)], numOfContainers=1, numOfBlocks=1
2019-11-07 13:51:53,661 [Command processor thread] INFO  commandhandler.DeleteBlocksCommandHandler (DeleteBlocksCommandHandler.java:handle(106)) - Start to delete container blocks, TXIDs=[1(2)], numOfContainers=1, numOfBlocks=1
2019-11-07 13:51:53,661 [Command processor thread] INFO  commandhandler.DeleteBlocksCommandHandler (DeleteBlocksCommandHandler.java:handle(106)) - Start to delete container blocks, TXIDs=[1(4)], numOfContainers=1, numOfBlocks=1
2019-11-07 13:51:53,661 [Command processor thread] INFO  commandhandler.DeleteBlocksCommandHandler (DeleteBlocksCommandHandler.java:handle(106)) - Start to delete container blocks, TXIDs=[1(0)], numOfContainers=1, numOfBlocks=1
2019-11-07 13:51:53,662 [Command processor thread] INFO  commandhandler.DeleteBlocksCommandHandler (DeleteBlocksCommandHandler.java:handle(106)) - Start to delete container blocks, TXIDs=[1(4)], numOfContainers=1, numOfBlocks=1
2019-11-07 13:51:53,662 [Command processor thread] INFO  commandhandler.DeleteBlocksCommandHandler (DeleteBlocksCommandHandler.java:handle(106)) - Start to delete container blocks, TXIDs=[1(4)], numOfContainers=1, numOfBlocks=1
2019-11-07 13:51:53,662 [Command processor thread] INFO  commandhandler.DeleteBlocksCommandHandler (DeleteBlocksCommandHandler.java:handle(106)) - Start to delete container blocks, TXIDs=[1(4)], numOfContainers=1, numOfBlocks=1
2019-11-07 13:51:53,662 [Command processor thread] INFO  commandhandler.DeleteBlocksCommandHandler (DeleteBlocksCommandHandler.java:handle(106)) - Start to delete container blocks, TXIDs=[1(4)], numOfContainers=1, numOfBlocks=1
2019-11-07 13:51:53,662 [Command processor thread] INFO  commandhandler.DeleteBlocksCommandHandler (DeleteBlocksCommandHandler.java:handle(106)) - Start to delete container blocks, TXIDs=[1(0)], numOfContainers=1, numOfBlocks=1
2019-11-07 13:51:53,663 [Command processor thread] INFO  commandhandler.DeleteBlocksCommandHandler (DeleteBlocksCommandHandler.java:handle(106)) - Start to delete container blocks, TXIDs=[1(4)], numOfContainers=1, numOfBlocks=1
2019-11-07 13:51:53,663 [Command processor thread] INFO  commandhandler.DeleteBlocksCommandHandler (DeleteBlocksCommandHandler.java:handle(106)) - Start to delete container blocks, TXIDs=[1(2)], numOfContainers=1, numOfBlocks=1
2019-11-07 13:51:53,663 [Command processor thread] INFO  commandhandler.DeleteBlocksCommandHandler (DeleteBlocksCommandHandler.java:handle(106)) - Start to delete container blocks, TXIDs=[1(4)], numOfContainers=1, numOfBlocks=1
2019-11-07 13:51:53,663 [Command processor thread] INFO  commandhandler.DeleteBlocksCommandHandler (DeleteBlocksCommandHandler.java:handle(106)) - Start to delete container blocks, TXIDs=[1(4)], numOfContainers=1, numOfBlocks=1
2019-11-07 13:51:53,664 [Command processor thread] INFO  commandhandler.DeleteBlocksCommandHandler (DeleteBlocksCommandHandler.java:handle(106)) - Start to delete container blocks, TXIDs=[1(40)], numOfContainers=1, numOfBlocks=1
2019-11-07 13:51:53,678 [Thread-582] INFO  impl.FollowerState (FollowerState.java:run(111)) - 5995e050-5950-4b38-8270-33206f256198@group-64ABFB921093-FollowerState: change to CANDIDATE, lastRpcTime:5039ms, electionTimeout:5039ms
2019-11-07 13:51:53,678 [Thread-582] INFO  impl.RoleInfo (RoleInfo.java:shutdownFollowerState(121)) - 5995e050-5950-4b38-8270-33206f256198: shutdown FollowerState
2019-11-07 13:51:53,679 [Thread-582] INFO  impl.RaftServerImpl (RaftServerImpl.java:setRole(173)) - 5995e050-5950-4b38-8270-33206f256198@group-64ABFB921093: changes role from  FOLLOWER to CANDIDATE at term 1 for changeToCandidate
2019-11-07 13:51:53,679 [Thread-582] INFO  impl.RoleInfo (RoleInfo.java:updateAndGet(143)) - 5995e050-5950-4b38-8270-33206f256198: start LeaderElection
2019-11-07 13:51:53,699 [Thread-581] INFO  impl.FollowerState (FollowerState.java:run(111)) - 5995e050-5950-4b38-8270-33206f256198@group-5EFA7C96AEB4-FollowerState: change to CANDIDATE, lastRpcTime:5060ms, electionTimeout:5060ms
2019-11-07 13:51:53,699 [Thread-581] INFO  impl.RoleInfo (RoleInfo.java:shutdownFollowerState(121)) - 5995e050-5950-4b38-8270-33206f256198: shutdown FollowerState
2019-11-07 13:51:53,700 [Thread-581] INFO  impl.RaftServerImpl (RaftServerImpl.java:setRole(173)) - 5995e050-5950-4b38-8270-33206f256198@group-5EFA7C96AEB4: changes role from  FOLLOWER to CANDIDATE at term 2 for changeToCandidate
2019-11-07 13:51:53,700 [Thread-581] INFO  impl.RoleInfo (RoleInfo.java:updateAndGet(143)) - 5995e050-5950-4b38-8270-33206f256198: start LeaderElection
2019-11-07 13:51:53,703 [5995e050-5950-4b38-8270-33206f256198@group-64ABFB921093-LeaderElection9] INFO  impl.LeaderElection (LeaderElection.java:askForVotes(178)) - 5995e050-5950-4b38-8270-33206f256198@group-64ABFB921093-LeaderElection9: begin an election at term 2 for 0: [5995e050-5950-4b38-8270-33206f256198:192.168.34.59:33936], old=null
2019-11-07 13:51:53,703 [5995e050-5950-4b38-8270-33206f256198@group-64ABFB921093-LeaderElection9] INFO  impl.RoleInfo (RoleInfo.java:shutdownLeaderElection(134)) - 5995e050-5950-4b38-8270-33206f256198: shutdown LeaderElection
2019-11-07 13:51:53,703 [5995e050-5950-4b38-8270-33206f256198@group-64ABFB921093-LeaderElection9] INFO  impl.RaftServerImpl (RaftServerImpl.java:setRole(173)) - 5995e050-5950-4b38-8270-33206f256198@group-64ABFB921093: changes role from CANDIDATE to LEADER at term 2 for changeToLeader
2019-11-07 13:51:53,703 [5995e050-5950-4b38-8270-33206f256198@group-64ABFB921093-LeaderElection9] INFO  impl.RaftServerImpl (ServerState.java:setLeader(255)) - 5995e050-5950-4b38-8270-33206f256198@group-64ABFB921093: change Leader from null to 5995e050-5950-4b38-8270-33206f256198 at term 2 for becomeLeader, leader elected after 7139ms
2019-11-07 13:51:53,704 [5995e050-5950-4b38-8270-33206f256198@group-64ABFB921093-LeaderElection9] INFO  server.RaftServerConfigKeys (ConfUtils.java:logGet(43)) - raft.server.staging.catchup.gap = 1000 (default)
2019-11-07 13:51:53,704 [5995e050-5950-4b38-8270-33206f256198@group-64ABFB921093-LeaderElection9] INFO  server.RaftServerConfigKeys (ConfUtils.java:logGet(43)) - raft.server.rpc.sleep.time = 25ms (default)
2019-11-07 13:51:53,705 [5995e050-5950-4b38-8270-33206f256198@group-64ABFB921093-LeaderElection9] INFO  server.RaftServerConfigKeys (ConfUtils.java:logGet(43)) - raft.server.write.element-limit = 4096 (default)
2019-11-07 13:51:53,705 [5995e050-5950-4b38-8270-33206f256198@group-64ABFB921093-LeaderElection9] INFO  server.RaftServerConfigKeys (ConfUtils.java:logGet(43)) - raft.server.watch.timeout = 10s (default)
2019-11-07 13:51:53,705 [5995e050-5950-4b38-8270-33206f256198@group-64ABFB921093-LeaderElection9] INFO  server.RaftServerConfigKeys (ConfUtils.java:logGet(43)) - raft.server.watch.timeout.denomination = 1s (default)
2019-11-07 13:51:53,705 [5995e050-5950-4b38-8270-33206f256198@group-64ABFB921093-LeaderElection9] INFO  server.RaftServerConfigKeys (ConfUtils.java:logGet(43)) - raft.server.watch.element-limit = 65536 (default)
2019-11-07 13:51:53,705 [5995e050-5950-4b38-8270-33206f256198@group-64ABFB921093-LeaderElection9] INFO  impl.RoleInfo (RoleInfo.java:updateAndGet(143)) - 5995e050-5950-4b38-8270-33206f256198: start LeaderState
2019-11-07 13:51:53,706 [5995e050-5950-4b38-8270-33206f256198@group-64ABFB921093-LeaderElection9] INFO  segmented.SegmentedRaftLogWorker (SegmentedRaftLogWorker.java:rollLogSegment(390)) - 5995e050-5950-4b38-8270-33206f256198@group-64ABFB921093-SegmentedRaftLogWorker: Rolling segment log-0_0 to index:0
2019-11-07 13:51:53,710 [5995e050-5950-4b38-8270-33206f256198@group-64ABFB921093-LeaderElection9] INFO  impl.RaftServerImpl (ServerState.java:setRaftConf(356)) - 5995e050-5950-4b38-8270-33206f256198@group-64ABFB921093: set configuration 1: [5995e050-5950-4b38-8270-33206f256198:192.168.34.59:33936], old=null at 1
2019-11-07 13:51:53,712 [5995e050-5950-4b38-8270-33206f256198@group-64ABFB921093-SegmentedRaftLogWorker] INFO  segmented.SegmentedRaftLogWorker (SegmentedRaftLogWorker.java:execute(533)) - 5995e050-5950-4b38-8270-33206f256198@group-64ABFB921093-SegmentedRaftLogWorker: Rolled log segment from /workdir/hadoop-ozone/integration-test/target/test-dir/MiniOzoneClusterImpl-de3ec75a-100b-4861-956f-c0ca15a63112/datanode-1/data/ratis/5f8de13a-d3c9-4202-8235-64abfb921093/current/log_inprogress_0 to /workdir/hadoop-ozone/integration-test/target/test-dir/MiniOzoneClusterImpl-de3ec75a-100b-4861-956f-c0ca15a63112/datanode-1/data/ratis/5f8de13a-d3c9-4202-8235-64abfb921093/current/log_0-0
2019-11-07 13:51:53,713 [5995e050-5950-4b38-8270-33206f256198@group-5EFA7C96AEB4-LeaderElection10] INFO  impl.LeaderElection (LeaderElection.java:askForVotes(178)) - 5995e050-5950-4b38-8270-33206f256198@group-5EFA7C96AEB4-LeaderElection10: begin an election at term 3 for 0: [71a86a4d-23f3-4eb4-8ea5-d143fc2c84ef:192.168.34.59:36384, c4d74ea5-4e51-490d-ae77-7f64a80784ec:192.168.34.59:44211, 5995e050-5950-4b38-8270-33206f256198:192.168.34.59:33936], old=null
2019-11-07 13:51:53,753 [grpc-default-executor-4] INFO  impl.RaftServerImpl (ServerState.java:setLeader(255)) - c4d74ea5-4e51-490d-ae77-7f64a80784ec@group-5EFA7C96AEB4: change Leader from 71a86a4d-23f3-4eb4-8ea5-d143fc2c84ef to null at term 3 for updateCurrentTerm
2019-11-07 13:51:53,753 [grpc-default-executor-3] INFO  impl.RaftServerImpl (ServerState.java:setLeader(255)) - 71a86a4d-23f3-4eb4-8ea5-d143fc2c84ef@group-5EFA7C96AEB4: change Leader from 71a86a4d-23f3-4eb4-8ea5-d143fc2c84ef to null at term 3 for updateCurrentTerm
2019-11-07 13:51:53,754 [grpc-default-executor-4] INFO  impl.RaftServerImpl (RaftServerImpl.java:setRole(173)) - c4d74ea5-4e51-490d-ae77-7f64a80784ec@group-5EFA7C96AEB4: changes role from  FOLLOWER to FOLLOWER at term 3 for recognizeCandidate:5995e050-5950-4b38-8270-33206f256198
2019-11-07 13:51:53,754 [grpc-default-executor-3] INFO  impl.RaftServerImpl (RaftServerImpl.java:setRole(173)) - 71a86a4d-23f3-4eb4-8ea5-d143fc2c84ef@group-5EFA7C96AEB4: changes role from    LEADER to FOLLOWER at term 3 for recognizeCandidate:5995e050-5950-4b38-8270-33206f256198
2019-11-07 13:51:53,754 [grpc-default-executor-4] INFO  impl.RoleInfo (RoleInfo.java:shutdownFollowerState(121)) - c4d74ea5-4e51-490d-ae77-7f64a80784ec: shutdown FollowerState
2019-11-07 13:51:53,754 [grpc-default-executor-3] INFO  impl.RoleInfo (RoleInfo.java:shutdownLeaderState(104)) - 71a86a4d-23f3-4eb4-8ea5-d143fc2c84ef: shutdown LeaderState
2019-11-07 13:51:53,755 [grpc-default-executor-4] INFO  impl.RoleInfo (RoleInfo.java:updateAndGet(143)) - c4d74ea5-4e51-490d-ae77-7f64a80784ec: start FollowerState
2019-11-07 13:51:53,755 [Thread-269] INFO  impl.FollowerState (FollowerState.java:run(120)) - c4d74ea5-4e51-490d-ae77-7f64a80784ec@group-5EFA7C96AEB4-FollowerState was interrupted: java.lang.InterruptedException: sleep interrupted
2019-11-07 13:51:53,758 [org.apache.ratis.server.impl.LogAppender$AppenderDaemon$$Lambda$539/1187668935@5c49a813] WARN  server.GrpcLogAppender (GrpcLogAppender.java:mayWait(149)) - 71a86a4d-23f3-4eb4-8ea5-d143fc2c84ef@group-5EFA7C96AEB4->5995e050-5950-4b38-8270-33206f256198-GrpcLogAppender: Wait interrupted by java.lang.InterruptedException
2019-11-07 13:51:53,758 [org.apache.ratis.server.impl.LogAppender$AppenderDaemon$$Lambda$539/1187668935@42ef354d] WARN  server.GrpcLogAppender (GrpcLogAppender.java:mayWait(149)) - 71a86a4d-23f3-4eb4-8ea5-d143fc2c84ef@group-5EFA7C96AEB4->c4d74ea5-4e51-490d-ae77-7f64a80784ec-GrpcLogAppender: Wait interrupted by java.lang.InterruptedException
2019-11-07 13:51:53,757 [grpc-default-executor-3] INFO  impl.PendingRequests (PendingRequests.java:sendNotLeaderResponses(206)) - 71a86a4d-23f3-4eb4-8ea5-d143fc2c84ef@group-5EFA7C96AEB4-PendingRequests: sendNotLeaderResponses
2019-11-07 13:51:53,760 [5995e050-5950-4b38-8270-33206f256198@group-64ABFB921093-SegmentedRaftLogWorker] INFO  segmented.SegmentedRaftLogWorker (SegmentedRaftLogWorker.java:execute(576)) - 5995e050-5950-4b38-8270-33206f256198@group-64ABFB921093-SegmentedRaftLogWorker: created new log segment /workdir/hadoop-ozone/integration-test/target/test-dir/MiniOzoneClusterImpl-de3ec75a-100b-4861-956f-c0ca15a63112/datanode-1/data/ratis/5f8de13a-d3c9-4202-8235-64abfb921093/current/log_inprogress_1
2019-11-07 13:51:53,762 [Thread-622] INFO  client.GrpcClientProtocolService (GrpcClientProtocolService.java:lambda$processClientRequest$0(279)) - Failed RaftClientRequest:client-0F90B2C4DA5A->71a86a4d-23f3-4eb4-8ea5-d143fc2c84ef@group-5EFA7C96AEB4, cid=10, seq=0, Watch-ALL_COMMITTED(6), Message:<EMPTY>, reply=RaftClientReply:client-0F90B2C4DA5A->71a86a4d-23f3-4eb4-8ea5-d143fc2c84ef@group-5EFA7C96AEB4, cid=10, FAILED org.apache.ratis.protocol.NotLeaderException: Server 71a86a4d-23f3-4eb4-8ea5-d143fc2c84ef@group-5EFA7C96AEB4 is not the leader, logIndex=0, commits[71a86a4d-23f3-4eb4-8ea5-d143fc2c84ef:c10, c4d74ea5-4e51-490d-ae77-7f64a80784ec:c10, 5995e050-5950-4b38-8270-33206f256198:c4]
2019-11-07 13:51:53,762 [grpc-default-executor-3] INFO  impl.RoleInfo (RoleInfo.java:updateAndGet(143)) - 71a86a4d-23f3-4eb4-8ea5-d143fc2c84ef: start FollowerState
2019-11-07 13:51:53,762 [grpc-default-executor-1] INFO  server.GrpcServerProtocolService (GrpcServerProtocolService.java:onCompleted(113)) - c4d74ea5-4e51-490d-ae77-7f64a80784ec: Completed APPEND_ENTRIES, lastRequest: 71a86a4d-23f3-4eb4-8ea5-d143fc2c84ef->c4d74ea5-4e51-490d-ae77-7f64a80784ec#54-t2, previous=(t:2, i:10), leaderCommit=10, initializing? false, entries: <empty>
2019-11-07 13:51:53,768 [grpc-default-executor-5] INFO  server.GrpcLogAppender (GrpcLogAppender.java:onCompleted(308)) - 71a86a4d-23f3-4eb4-8ea5-d143fc2c84ef@group-5EFA7C96AEB4->c4d74ea5-4e51-490d-ae77-7f64a80784ec-AppendLogResponseHandler: follower responses appendEntries COMPLETED
2019-11-07 13:51:53,770 [grpc-default-executor-5] INFO  impl.FollowerInfo (FollowerInfo.java:lambda$new$0(51)) - 71a86a4d-23f3-4eb4-8ea5-d143fc2c84ef@group-5EFA7C96AEB4->c4d74ea5-4e51-490d-ae77-7f64a80784ec: nextIndex: updateUnconditionally 11 -> 10
2019-11-07 13:51:53,790 [5995e050-5950-4b38-8270-33206f256198@group-5EFA7C96AEB4-LeaderElection10] INFO  impl.LeaderElection (LeaderElection.java:logAndReturn(56)) - 5995e050-5950-4b38-8270-33206f256198@group-5EFA7C96AEB4-LeaderElection10: Election REJECTED; received 2 response(s) [5995e050-5950-4b38-8270-33206f256198<-71a86a4d-23f3-4eb4-8ea5-d143fc2c84ef#0:FAIL-t3, 5995e050-5950-4b38-8270-33206f256198<-c4d74ea5-4e51-490d-ae77-7f64a80784ec#0:FAIL-t3] and 0 exception(s); 5995e050-5950-4b38-8270-33206f256198@group-5EFA7C96AEB4:t3, leader=null, voted=5995e050-5950-4b38-8270-33206f256198, raftlog=5995e050-5950-4b38-8270-33206f256198@group-5EFA7C96AEB4-SegmentedRaftLog:OPENED:c3,f4,i4, conf=0: [71a86a4d-23f3-4eb4-8ea5-d143fc2c84ef:192.168.34.59:36384, c4d74ea5-4e51-490d-ae77-7f64a80784ec:192.168.34.59:44211, 5995e050-5950-4b38-8270-33206f256198:192.168.34.59:33936], old=null
2019-11-07 13:51:53,790 [5995e050-5950-4b38-8270-33206f256198@group-5EFA7C96AEB4-LeaderElection10] INFO  impl.RaftServerImpl (RaftServerImpl.java:setRole(173)) - 5995e050-5950-4b38-8270-33206f256198@group-5EFA7C96AEB4: changes role from CANDIDATE to FOLLOWER at term 3 for DISCOVERED_A_NEW_TERM
2019-11-07 13:51:53,791 [5995e050-5950-4b38-8270-33206f256198@group-5EFA7C96AEB4-LeaderElection10] INFO  impl.RoleInfo (RoleInfo.java:shutdownLeaderElection(134)) - 5995e050-5950-4b38-8270-33206f256198: shutdown LeaderElection
2019-11-07 13:51:53,791 [5995e050-5950-4b38-8270-33206f256198@group-5EFA7C96AEB4-LeaderElection10] INFO  impl.RoleInfo (RoleInfo.java:updateAndGet(143)) - 5995e050-5950-4b38-8270-33206f256198: start FollowerState
2019-11-07 13:51:53,855 [EventQueue-DeleteBlockStatusForDeletedBlockLogImpl] WARN  block.DeletedBlockLogImpl (DeletedBlockLogImpl.java:commitTransactions(205)) - Transaction txId=1 commit by dnId=5995e050-5950-4b38-8270-33206f256198 for containerID=#1 failed. Corresponding entry not found.
2019-11-07 13:51:53,856 [EventQueue-DeleteBlockStatusForDeletedBlockLogImpl] WARN  block.DeletedBlockLogImpl (DeletedBlockLogImpl.java:commitTransactions(205)) - Transaction txId=1 commit by dnId=5995e050-5950-4b38-8270-33206f256198 for containerID=#1 failed. Corresponding entry not found.
2019-11-07 13:51:53,857 [EventQueue-DeleteBlockStatusForDeletedBlockLogImpl] WARN  block.DeletedBlockLogImpl (DeletedBlockLogImpl.java:commitTransactions(205)) - Transaction txId=1 commit by dnId=5995e050-5950-4b38-8270-33206f256198 for containerID=#1 failed. Corresponding entry not found.
2019-11-07 13:51:53,857 [EventQueue-DeleteBlockStatusForDeletedBlockLogImpl] WARN  block.DeletedBlockLogImpl (DeletedBlockLogImpl.java:commitTransactions(205)) - Transaction txId=1 commit by dnId=5995e050-5950-4b38-8270-33206f256198 for containerID=#1 failed. Corresponding entry not found.
2019-11-07 13:51:53,857 [EventQueue-DeleteBlockStatusForDeletedBlockLogImpl] WARN  block.DeletedBlockLogImpl (DeletedBlockLogImpl.java:commitTransactions(205)) - Transaction txId=1 commit by dnId=5995e050-5950-4b38-8270-33206f256198 for containerID=#1 failed. Corresponding entry not found.
2019-11-07 13:51:53,857 [EventQueue-DeleteBlockStatusForDeletedBlockLogImpl] WARN  block.DeletedBlockLogImpl (DeletedBlockLogImpl.java:commitTransactions(205)) - Transaction txId=1 commit by dnId=5995e050-5950-4b38-8270-33206f256198 for containerID=#1 failed. Corresponding entry not found.
2019-11-07 13:51:53,857 [java.util.concurrent.ThreadPoolExecutor$Worker@f89c058[State = -1, empty queue]] WARN  server.GrpcLogAppender (GrpcLogAppender.java:timeoutAppendRequest(209)) - 71a86a4d-23f3-4eb4-8ea5-d143fc2c84ef@group-5EFA7C96AEB4->5995e050-5950-4b38-8270-33206f256198-GrpcLogAppender: appendEntries Timeout, request=71a86a4d-23f3-4eb4-8ea5-d143fc2c84ef->5995e050-5950-4b38-8270-33206f256198#53-t2, previous=(t:2, i:10), leaderCommit=10, initializing? false, entries: <empty>
2019-11-07 13:51:53,857 [EventQueue-DeleteBlockStatusForDeletedBlockLogImpl] WARN  block.DeletedBlockLogImpl (DeletedBlockLogImpl.java:commitTransactions(205)) - Transaction txId=1 commit by dnId=5995e050-5950-4b38-8270-33206f256198 for containerID=#1 failed. Corresponding entry not found.
2019-11-07 13:51:53,858 [EventQueue-DeleteBlockStatusForDeletedBlockLogImpl] WARN  block.DeletedBlockLogImpl (DeletedBlockLogImpl.java:commitTransactions(205)) - Transaction txId=1 commit by dnId=5995e050-5950-4b38-8270-33206f256198 for containerID=#1 failed. Corresponding entry not found.
2019-11-07 13:51:54,111 [BlockDeletingService#2] WARN  background.BlockDeletingService (BlockDeletingService.java:isDeletionAllowed(187)) - Close Container log Index 6 is not replicated across allthe servers in the pipeline 19060351-f974-4d09-a844-5efa7c96aeb4 as the min replicated index is 4. Deletion is not allowed in this container yet.
2019-11-07 13:51:54,111 [BlockDeletingService#7] WARN  background.BlockDeletingService (BlockDeletingService.java:isDeletionAllowed(187)) - Close Container log Index 6 is not replicated across allthe servers in the pipeline 19060351-f974-4d09-a844-5efa7c96aeb4 as the min replicated index is 4. Deletion is not allowed in this container yet.
2019-11-07 13:51:54,773 [Thread-629] INFO  client.GrpcClientProtocolService (GrpcClientProtocolService.java:lambda$processClientRequest$0(279)) - Failed RaftClientRequest:client-0F90B2C4DA5A->5995e050-5950-4b38-8270-33206f256198@group-5EFA7C96AEB4, cid=10, seq=0, Watch-ALL_COMMITTED(6), Message:<EMPTY>, reply=RaftClientReply:client-0F90B2C4DA5A->5995e050-5950-4b38-8270-33206f256198@group-5EFA7C96AEB4, cid=10, FAILED org.apache.ratis.protocol.NotLeaderException: Server 5995e050-5950-4b38-8270-33206f256198@group-5EFA7C96AEB4 is not the leader, logIndex=0, commits[5995e050-5950-4b38-8270-33206f256198:c3]
2019-11-07 13:51:55,113 [BlockDeletingService#2] WARN  background.BlockDeletingService (BlockDeletingService.java:isDeletionAllowed(187)) - Close Container log Index 6 is not replicated across allthe servers in the pipeline 19060351-f974-4d09-a844-5efa7c96aeb4 as the min replicated index is 4. Deletion is not allowed in this container yet.
2019-11-07 13:51:55,113 [BlockDeletingService#7] WARN  background.BlockDeletingService (BlockDeletingService.java:isDeletionAllowed(187)) - Close Container log Index 6 is not replicated across allthe servers in the pipeline 19060351-f974-4d09-a844-5efa7c96aeb4 as the min replicated index is 4. Deletion is not allowed in this container yet.
2019-11-07 13:51:55,790 [Thread-635] INFO  client.GrpcClientProtocolService (GrpcClientProtocolService.java:lambda$processClientRequest$0(279)) - Failed RaftClientRequest:client-0F90B2C4DA5A->71a86a4d-23f3-4eb4-8ea5-d143fc2c84ef@group-5EFA7C96AEB4, cid=10, seq=0, Watch-ALL_COMMITTED(6), Message:<EMPTY>, reply=RaftClientReply:client-0F90B2C4DA5A->71a86a4d-23f3-4eb4-8ea5-d143fc2c84ef@group-5EFA7C96AEB4, cid=10, FAILED org.apache.ratis.protocol.NotLeaderException: Server 71a86a4d-23f3-4eb4-8ea5-d143fc2c84ef@group-5EFA7C96AEB4 is not the leader, logIndex=0, commits[71a86a4d-23f3-4eb4-8ea5-d143fc2c84ef:c10, c4d74ea5-4e51-490d-ae77-7f64a80784ec:c10, 5995e050-5950-4b38-8270-33206f256198:c4]
2019-11-07 13:51:56,115 [BlockDeletingService#2] WARN  background.BlockDeletingService (BlockDeletingService.java:isDeletionAllowed(187)) - Close Container log Index 6 is not replicated across allthe servers in the pipeline 19060351-f974-4d09-a844-5efa7c96aeb4 as the min replicated index is 4. Deletion is not allowed in this container yet.
2019-11-07 13:51:56,116 [BlockDeletingService#7] WARN  background.BlockDeletingService (BlockDeletingService.java:isDeletionAllowed(187)) - Close Container log Index 6 is not replicated across allthe servers in the pipeline 19060351-f974-4d09-a844-5efa7c96aeb4 as the min replicated index is 4. Deletion is not allowed in this container yet.
2019-11-07 13:51:56,358 [java.util.concurrent.ThreadPoolExecutor$Worker@f89c058[State = -1, empty queue]] WARN  server.GrpcLogAppender (GrpcLogAppender.java:timeoutAppendRequest(209)) - 71a86a4d-23f3-4eb4-8ea5-d143fc2c84ef@group-5EFA7C96AEB4->5995e050-5950-4b38-8270-33206f256198-GrpcLogAppender: appendEntries Timeout, request=71a86a4d-23f3-4eb4-8ea5-d143fc2c84ef->5995e050-5950-4b38-8270-33206f256198#54-t2, previous=(t:2, i:10), leaderCommit=10, initializing? false, entries: <empty>
]]></system-out>
    <system-err><![CDATA[ERROR StatusLogger No Log4j 2 configuration file found. Using default configuration (logging only errors to the console), or user programmatically provided configurations. Set system property 'log4j2.debug' to show Log4j 2 internal initialization logging. See https://logging.apache.org/log4j/2.x/manual/configuration.html for instructions on how to configure Log4j 2
Nov 07, 2019 1:50:09 PM org.apache.ratis.thirdparty.io.grpc.internal.SerializingExecutor run
SEVERE: Exception while executing runnable org.apache.ratis.thirdparty.io.grpc.internal.ServerImpl$JumpToApplicationThreadServerStreamListener$1Closed@358af57b
org.apache.ratis.thirdparty.io.grpc.StatusRuntimeException: CANCELLED: call already cancelled
	at org.apache.ratis.thirdparty.io.grpc.Status.asRuntimeException(Status.java:517)
	at org.apache.ratis.thirdparty.io.grpc.stub.ServerCalls$ServerCallStreamObserverImpl.onCompleted(ServerCalls.java:356)
	at org.apache.ratis.grpc.server.GrpcServerProtocolService$ServerRequestStreamObserver.onError(GrpcServerProtocolService.java:121)
	at org.apache.ratis.thirdparty.io.grpc.stub.ServerCalls$StreamingServerCallHandler$StreamingServerCallListener.onCancel(ServerCalls.java:269)
	at org.apache.ratis.thirdparty.io.grpc.internal.ServerCallImpl$ServerStreamListenerImpl.closed(ServerCallImpl.java:293)
	at org.apache.ratis.thirdparty.io.grpc.internal.ServerImpl$JumpToApplicationThreadServerStreamListener$1Closed.runInContext(ServerImpl.java:741)
	at org.apache.ratis.thirdparty.io.grpc.internal.ContextRunnable.run(ContextRunnable.java:37)
	at org.apache.ratis.thirdparty.io.grpc.internal.SerializingExecutor.run(SerializingExecutor.java:123)
	at java.util.concurrent.ThreadPoolExecutor.runWorker(ThreadPoolExecutor.java:1149)
	at java.util.concurrent.ThreadPoolExecutor$Worker.run(ThreadPoolExecutor.java:624)
	at java.lang.Thread.run(Thread.java:748)

Nov 07, 2019 1:50:09 PM org.apache.ratis.thirdparty.io.grpc.internal.SerializingExecutor run
SEVERE: Exception while executing runnable org.apache.ratis.thirdparty.io.grpc.internal.ClientCallImpl$ClientStreamListenerImpl$1StreamClosed@6264897c
java.lang.NullPointerException
	at org.apache.ratis.grpc.server.GrpcLogAppender$AppendLogResponseHandler.onError(GrpcLogAppender.java:303)
	at org.apache.ratis.thirdparty.io.grpc.stub.ClientCalls$StreamObserverToCallListenerAdapter.onClose(ClientCalls.java:434)
	at org.apache.ratis.thirdparty.io.grpc.PartialForwardingClientCallListener.onClose(PartialForwardingClientCallListener.java:39)
	at org.apache.ratis.thirdparty.io.grpc.ForwardingClientCallListener.onClose(ForwardingClientCallListener.java:23)
	at org.apache.ratis.thirdparty.io.grpc.ForwardingClientCallListener$SimpleForwardingClientCallListener.onClose(ForwardingClientCallListener.java:40)
	at org.apache.ratis.thirdparty.io.grpc.internal.CensusStatsModule$StatsClientInterceptor$1$1.onClose(CensusStatsModule.java:678)
	at org.apache.ratis.thirdparty.io.grpc.PartialForwardingClientCallListener.onClose(PartialForwardingClientCallListener.java:39)
	at org.apache.ratis.thirdparty.io.grpc.ForwardingClientCallListener.onClose(ForwardingClientCallListener.java:23)
	at org.apache.ratis.thirdparty.io.grpc.ForwardingClientCallListener$SimpleForwardingClientCallListener.onClose(ForwardingClientCallListener.java:40)
	at org.apache.ratis.thirdparty.io.grpc.internal.CensusTracingModule$TracingClientInterceptor$1$1.onClose(CensusTracingModule.java:397)
	at org.apache.ratis.thirdparty.io.grpc.internal.ClientCallImpl.closeObserver(ClientCallImpl.java:459)
	at org.apache.ratis.thirdparty.io.grpc.internal.ClientCallImpl.access$300(ClientCallImpl.java:63)
	at org.apache.ratis.thirdparty.io.grpc.internal.ClientCallImpl$ClientStreamListenerImpl.close(ClientCallImpl.java:546)
	at org.apache.ratis.thirdparty.io.grpc.internal.ClientCallImpl$ClientStreamListenerImpl.access$600(ClientCallImpl.java:467)
	at org.apache.ratis.thirdparty.io.grpc.internal.ClientCallImpl$ClientStreamListenerImpl$1StreamClosed.runInContext(ClientCallImpl.java:584)
	at org.apache.ratis.thirdparty.io.grpc.internal.ContextRunnable.run(ContextRunnable.java:37)
	at org.apache.ratis.thirdparty.io.grpc.internal.SerializingExecutor.run(SerializingExecutor.java:123)
	at java.util.concurrent.ThreadPoolExecutor.runWorker(ThreadPoolExecutor.java:1149)
	at java.util.concurrent.ThreadPoolExecutor$Worker.run(ThreadPoolExecutor.java:624)
	at java.lang.Thread.run(Thread.java:748)

]]></system-err>
  </testcase>
</testsuite>