<?xml version="1.0" encoding="UTF-8"?>
<testsuite xmlns:xsi="http://www.w3.org/2001/XMLSchema-instance" xsi:noNamespaceSchemaLocation="https://maven.apache.org/surefire/maven-surefire-plugin/xsd/surefire-test-report.xsd" name="org.apache.hadoop.ozone.freon.TestFreonWithPipelineDestroy" time="46.97" tests="1" errors="1" skipped="0" failures="0">
  <properties>
    <property name="awt.toolkit" value="sun.awt.X11.XToolkit"/>
    <property name="file.encoding.pkg" value="sun.io"/>
    <property name="java.specification.version" value="1.8"/>
    <property name="sun.cpu.isalist" value=""/>
    <property name="sun.jnu.encoding" value="ANSI_X3.4-1968"/>
    <property name="java.class.path" value="/workdir/hadoop-ozone/tools/target/test-classes:/workdir/hadoop-ozone/tools/target/classes:/home/user/.m2/repository/org/apache/hadoop/hadoop-ozone-ozone-manager/0.5.0-SNAPSHOT/hadoop-ozone-ozone-manager-0.5.0-SNAPSHOT.jar:/home/user/.m2/repository/org/apache/hadoop/hadoop-hdds-docs/0.5.0-SNAPSHOT/hadoop-hdds-docs-0.5.0-SNAPSHOT.jar:/home/user/.m2/repository/org/bouncycastle/bcprov-jdk15on/1.60/bcprov-jdk15on-1.60.jar:/home/user/.m2/repository/org/apache/hadoop/hadoop-ozone-common/0.5.0-SNAPSHOT/hadoop-ozone-common-0.5.0-SNAPSHOT.jar:/home/user/.m2/repository/org/apache/commons/commons-compress/1.4.1/commons-compress-1.4.1.jar:/home/user/.m2/repository/org/tukaani/xz/1.0/xz-1.0.jar:/home/user/.m2/repository/org/apache/hadoop/hadoop-hdfs-client/3.2.0/hadoop-hdfs-client-3.2.0.jar:/home/user/.m2/repository/com/fasterxml/jackson/core/jackson-annotations/2.9.9/jackson-annotations-2.9.9.jar:/home/user/.m2/repository/org/apache/hadoop/hadoop-hdds-common/0.5.0-SNAPSHOT/hadoop-hdds-common-0.5.0-SNAPSHOT.jar:/home/user/.m2/repository/org/apache/hadoop/hadoop-hdds-config/0.5.0-SNAPSHOT/hadoop-hdds-config-0.5.0-SNAPSHOT.jar:/home/user/.m2/repository/javax/annotation/javax.annotation-api/1.2/javax.annotation-api-1.2.jar:/home/user/.m2/repository/org/apache/ratis/ratis-server/0.5.0-d6d58d0-SNAPSHOT/ratis-server-0.5.0-d6d58d0-SNAPSHOT.jar:/home/user/.m2/repository/org/apache/ratis/ratis-thirdparty-misc/0.2.0/ratis-thirdparty-misc-0.2.0.jar:/home/user/.m2/repository/org/apache/ratis/ratis-proto/0.5.0-d6d58d0-SNAPSHOT/ratis-proto-0.5.0-d6d58d0-SNAPSHOT.jar:/home/user/.m2/repository/org/apache/ratis/ratis-common/0.5.0-d6d58d0-SNAPSHOT/ratis-common-0.5.0-d6d58d0-SNAPSHOT.jar:/home/user/.m2/repository/org/apache/ratis/ratis-client/0.5.0-d6d58d0-SNAPSHOT/ratis-client-0.5.0-d6d58d0-SNAPSHOT.jar:/home/user/.m2/repository/org/apache/ratis/ratis-metrics/0.5.0-d6d58d0-SNAPSHOT/ratis-metrics-0.5.0-d6d58d0-SNAPSHOT.jar:/home/user/.m2/repository/org/apache/ratis/ratis-netty/0.5.0-d6d58d0-SNAPSHOT/ratis-netty-0.5.0-d6d58d0-SNAPSHOT.jar:/home/user/.m2/repository/org/apache/ratis/ratis-grpc/0.5.0-d6d58d0-SNAPSHOT/ratis-grpc-0.5.0-d6d58d0-SNAPSHOT.jar:/home/user/.m2/repository/org/rocksdb/rocksdbjni/6.0.1/rocksdbjni-6.0.1.jar:/home/user/.m2/repository/org/apache/logging/log4j/log4j-api/2.11.0/log4j-api-2.11.0.jar:/home/user/.m2/repository/org/apache/logging/log4j/log4j-core/2.11.0/log4j-core-2.11.0.jar:/home/user/.m2/repository/com/lmax/disruptor/3.4.2/disruptor-3.4.2.jar:/home/user/.m2/repository/org/apache/commons/commons-pool2/2.6.0/commons-pool2-2.6.0.jar:/home/user/.m2/repository/org/bouncycastle/bcpkix-jdk15on/1.60/bcpkix-jdk15on-1.60.jar:/home/user/.m2/repository/commons-validator/commons-validator/1.6/commons-validator-1.6.jar:/home/user/.m2/repository/commons-digester/commons-digester/1.8.1/commons-digester-1.8.1.jar:/home/user/.m2/repository/io/jaegertracing/jaeger-client/0.34.0/jaeger-client-0.34.0.jar:/home/user/.m2/repository/io/jaegertracing/jaeger-thrift/0.34.0/jaeger-thrift-0.34.0.jar:/home/user/.m2/repository/org/apache/thrift/libthrift/0.12.0/libthrift-0.12.0.jar:/home/user/.m2/repository/com/squareup/okhttp3/okhttp/3.9.0/okhttp-3.9.0.jar:/home/user/.m2/repository/com/squareup/okio/okio/1.13.0/okio-1.13.0.jar:/home/user/.m2/repository/io/jaegertracing/jaeger-core/0.34.0/jaeger-core-0.34.0.jar:/home/user/.m2/repository/io/jaegertracing/jaeger-tracerresolver/0.34.0/jaeger-tracerresolver-0.34.0.jar:/home/user/.m2/repository/io/opentracing/contrib/opentracing-tracerresolver/0.1.5/opentracing-tracerresolver-0.1.5.jar:/home/user/.m2/repository/io/opentracing/opentracing-util/0.31.0/opentracing-util-0.31.0.jar:/home/user/.m2/repository/io/opentracing/opentracing-api/0.31.0/opentracing-api-0.31.0.jar:/home/user/.m2/repository/io/opentracing/opentracing-noop/0.31.0/opentracing-noop-0.31.0.jar:/home/user/.m2/repository/org/yaml/snakeyaml/1.16/snakeyaml-1.16.jar:/home/user/.m2/repository/org/apache/hadoop/hadoop-hdds-container-service/0.5.0-SNAPSHOT/hadoop-hdds-container-service-0.5.0-SNAPSHOT.jar:/home/user/.m2/repository/org/apache/hadoop/hadoop-hdds-client/0.5.0-SNAPSHOT/hadoop-hdds-client-0.5.0-SNAPSHOT.jar:/home/user/.m2/repository/org/apache/hadoop/hadoop-hdds-tools/0.5.0-SNAPSHOT/hadoop-hdds-tools-0.5.0-SNAPSHOT.jar:/home/user/.m2/repository/org/xerial/sqlite-jdbc/3.25.2/sqlite-jdbc-3.25.2.jar:/home/user/.m2/repository/org/apache/hadoop/hadoop-hdds-server-scm/0.5.0-SNAPSHOT/hadoop-hdds-server-scm-0.5.0-SNAPSHOT.jar:/home/user/.m2/repository/org/hamcrest/hamcrest-all/1.3/hamcrest-all-1.3.jar:/home/user/.m2/repository/info/picocli/picocli/3.9.6/picocli-3.9.6.jar:/home/user/.m2/repository/com/google/protobuf/protobuf-java/2.5.0/protobuf-java-2.5.0.jar:/home/user/.m2/repository/com/google/guava/guava/11.0.2/guava-11.0.2.jar:/home/user/.m2/repository/org/apache/hadoop/hadoop-ozone-client/0.5.0-SNAPSHOT/hadoop-ozone-client-0.5.0-SNAPSHOT.jar:/workdir/hadoop-ozone/ozonefs/target/classes:/home/user/.m2/repository/org/apache/httpcomponents/httpclient/4.5.2/httpclient-4.5.2.jar:/home/user/.m2/repository/org/apache/httpcomponents/httpcore/4.4.4/httpcore-4.4.4.jar:/home/user/.m2/repository/org/apache/hadoop/hadoop-hdds-server-framework/0.5.0-SNAPSHOT/hadoop-hdds-server-framework-0.5.0-SNAPSHOT.jar:/home/user/.m2/repository/org/apache/hadoop/hadoop-common/3.2.0/hadoop-common-3.2.0.jar:/home/user/.m2/repository/org/apache/hadoop/hadoop-annotations/3.2.0/hadoop-annotations-3.2.0.jar:/usr/lib/jvm/java-1.8.0-openjdk-1.8.0.222.b10-1.el7_7.x86_64/jre/../lib/tools.jar:/home/user/.m2/repository/commons-cli/commons-cli/1.2/commons-cli-1.2.jar:/home/user/.m2/repository/org/apache/commons/commons-math3/3.1.1/commons-math3-3.1.1.jar:/home/user/.m2/repository/commons-codec/commons-codec/1.11/commons-codec-1.11.jar:/home/user/.m2/repository/commons-io/commons-io/2.5/commons-io-2.5.jar:/home/user/.m2/repository/commons-net/commons-net/3.6/commons-net-3.6.jar:/home/user/.m2/repository/commons-collections/commons-collections/3.2.2/commons-collections-3.2.2.jar:/home/user/.m2/repository/javax/servlet/javax.servlet-api/3.1.0/javax.servlet-api-3.1.0.jar:/home/user/.m2/repository/org/eclipse/jetty/jetty-server/9.3.25.v20180904/jetty-server-9.3.25.v20180904.jar:/home/user/.m2/repository/org/eclipse/jetty/jetty-http/9.3.25.v20180904/jetty-http-9.3.25.v20180904.jar:/home/user/.m2/repository/org/eclipse/jetty/jetty-io/9.3.25.v20180904/jetty-io-9.3.25.v20180904.jar:/home/user/.m2/repository/org/eclipse/jetty/jetty-util/9.3.25.v20180904/jetty-util-9.3.25.v20180904.jar:/home/user/.m2/repository/org/eclipse/jetty/jetty-servlet/9.3.25.v20180904/jetty-servlet-9.3.25.v20180904.jar:/home/user/.m2/repository/org/eclipse/jetty/jetty-security/9.3.25.v20180904/jetty-security-9.3.25.v20180904.jar:/home/user/.m2/repository/org/eclipse/jetty/jetty-webapp/9.3.25.v20180904/jetty-webapp-9.3.25.v20180904.jar:/home/user/.m2/repository/org/eclipse/jetty/jetty-xml/9.3.25.v20180904/jetty-xml-9.3.25.v20180904.jar:/home/user/.m2/repository/javax/servlet/jsp/jsp-api/2.1/jsp-api-2.1.jar:/home/user/.m2/repository/com/sun/jersey/jersey-core/1.19/jersey-core-1.19.jar:/home/user/.m2/repository/javax/ws/rs/jsr311-api/1.1.1/jsr311-api-1.1.1.jar:/home/user/.m2/repository/com/sun/jersey/jersey-servlet/1.19/jersey-servlet-1.19.jar:/home/user/.m2/repository/com/sun/jersey/jersey-json/1.19/jersey-json-1.19.jar:/home/user/.m2/repository/org/codehaus/jettison/jettison/1.1/jettison-1.1.jar:/home/user/.m2/repository/com/sun/xml/bind/jaxb-impl/2.3.0.1/jaxb-impl-2.3.0.1.jar:/home/user/.m2/repository/org/codehaus/jackson/jackson-core-asl/1.9.13/jackson-core-asl-1.9.13.jar:/home/user/.m2/repository/org/codehaus/jackson/jackson-mapper-asl/1.9.13/jackson-mapper-asl-1.9.13.jar:/home/user/.m2/repository/org/codehaus/jackson/jackson-jaxrs/1.9.13/jackson-jaxrs-1.9.13.jar:/home/user/.m2/repository/org/codehaus/jackson/jackson-xc/1.9.13/jackson-xc-1.9.13.jar:/home/user/.m2/repository/com/sun/jersey/jersey-server/1.19/jersey-server-1.19.jar:/home/user/.m2/repository/commons-logging/commons-logging/1.1.3/commons-logging-1.1.3.jar:/home/user/.m2/repository/log4j/log4j/1.2.17/log4j-1.2.17.jar:/home/user/.m2/repository/commons-beanutils/commons-beanutils/1.9.4/commons-beanutils-1.9.4.jar:/home/user/.m2/repository/org/apache/commons/commons-configuration2/2.1.1/commons-configuration2-2.1.1.jar:/home/user/.m2/repository/org/apache/commons/commons-lang3/3.7/commons-lang3-3.7.jar:/home/user/.m2/repository/org/apache/commons/commons-text/1.4/commons-text-1.4.jar:/home/user/.m2/repository/org/slf4j/slf4j-api/1.7.25/slf4j-api-1.7.25.jar:/home/user/.m2/repository/org/slf4j/slf4j-log4j12/1.7.25/slf4j-log4j12-1.7.25.jar:/home/user/.m2/repository/org/apache/avro/avro/1.7.7/avro-1.7.7.jar:/home/user/.m2/repository/com/thoughtworks/paranamer/paranamer/2.3/paranamer-2.3.jar:/home/user/.m2/repository/org/xerial/snappy/snappy-java/1.0.5/snappy-java-1.0.5.jar:/home/user/.m2/repository/com/google/re2j/re2j/1.1/re2j-1.1.jar:/home/user/.m2/repository/com/google/code/gson/gson/2.2.4/gson-2.2.4.jar:/home/user/.m2/repository/org/apache/hadoop/hadoop-auth/3.2.0/hadoop-auth-3.2.0.jar:/home/user/.m2/repository/com/nimbusds/nimbus-jose-jwt/4.41.1/nimbus-jose-jwt-4.41.1.jar:/home/user/.m2/repository/com/github/stephenc/jcip/jcip-annotations/1.0-1/jcip-annotations-1.0-1.jar:/home/user/.m2/repository/net/minidev/json-smart/2.3/json-smart-2.3.jar:/home/user/.m2/repository/net/minidev/accessors-smart/1.2/accessors-smart-1.2.jar:/home/user/.m2/repository/org/apache/curator/curator-framework/2.12.0/curator-framework-2.12.0.jar:/home/user/.m2/repository/com/jcraft/jsch/0.1.54/jsch-0.1.54.jar:/home/user/.m2/repository/org/apache/curator/curator-client/2.12.0/curator-client-2.12.0.jar:/home/user/.m2/repository/org/apache/curator/curator-recipes/2.12.0/curator-recipes-2.12.0.jar:/home/user/.m2/repository/com/google/code/findbugs/jsr305/3.0.0/jsr305-3.0.0.jar:/home/user/.m2/repository/org/apache/htrace/htrace-core4/4.1.0-incubating/htrace-core4-4.1.0-incubating.jar:/home/user/.m2/repository/org/apache/zookeeper/zookeeper/3.4.13/zookeeper-3.4.13.jar:/home/user/.m2/repository/jline/jline/0.9.94/jline-0.9.94.jar:/home/user/.m2/repository/org/apache/yetus/audience-annotations/0.5.0/audience-annotations-0.5.0.jar:/home/user/.m2/repository/org/apache/kerby/kerb-simplekdc/1.0.1/kerb-simplekdc-1.0.1.jar:/home/user/.m2/repository/org/apache/kerby/kerb-client/1.0.1/kerb-client-1.0.1.jar:/home/user/.m2/repository/org/apache/kerby/kerby-config/1.0.1/kerby-config-1.0.1.jar:/home/user/.m2/repository/org/apache/kerby/kerb-core/1.0.1/kerb-core-1.0.1.jar:/home/user/.m2/repository/org/apache/kerby/kerby-pkix/1.0.1/kerby-pkix-1.0.1.jar:/home/user/.m2/repository/org/apache/kerby/kerby-asn1/1.0.1/kerby-asn1-1.0.1.jar:/home/user/.m2/repository/org/apache/kerby/kerby-util/1.0.1/kerby-util-1.0.1.jar:/home/user/.m2/repository/org/apache/kerby/kerb-common/1.0.1/kerb-common-1.0.1.jar:/home/user/.m2/repository/org/apache/kerby/kerb-crypto/1.0.1/kerb-crypto-1.0.1.jar:/home/user/.m2/repository/org/apache/kerby/kerb-util/1.0.1/kerb-util-1.0.1.jar:/home/user/.m2/repository/org/apache/kerby/token-provider/1.0.1/token-provider-1.0.1.jar:/home/user/.m2/repository/org/apache/kerby/kerb-admin/1.0.1/kerb-admin-1.0.1.jar:/home/user/.m2/repository/org/apache/kerby/kerb-server/1.0.1/kerb-server-1.0.1.jar:/home/user/.m2/repository/org/apache/kerby/kerb-identity/1.0.1/kerb-identity-1.0.1.jar:/home/user/.m2/repository/org/apache/kerby/kerby-xdr/1.0.1/kerby-xdr-1.0.1.jar:/home/user/.m2/repository/com/fasterxml/jackson/core/jackson-databind/2.9.9/jackson-databind-2.9.9.jar:/home/user/.m2/repository/com/fasterxml/jackson/core/jackson-core/2.9.9/jackson-core-2.9.9.jar:/home/user/.m2/repository/org/codehaus/woodstox/stax2-api/3.1.4/stax2-api-3.1.4.jar:/home/user/.m2/repository/com/fasterxml/woodstox/woodstox-core/5.0.3/woodstox-core-5.0.3.jar:/home/user/.m2/repository/dnsjava/dnsjava/2.1.7/dnsjava-2.1.7.jar:/home/user/.m2/repository/org/apache/hadoop/hadoop-hdfs/3.2.0/hadoop-hdfs-3.2.0.jar:/home/user/.m2/repository/org/eclipse/jetty/jetty-util-ajax/9.3.25.v20180904/jetty-util-ajax-9.3.25.v20180904.jar:/home/user/.m2/repository/commons-daemon/commons-daemon/1.0.13/commons-daemon-1.0.13.jar:/home/user/.m2/repository/io/netty/netty/3.10.5.Final/netty-3.10.5.Final.jar:/home/user/.m2/repository/io/netty/netty-all/4.0.52.Final/netty-all-4.0.52.Final.jar:/home/user/.m2/repository/org/fusesource/leveldbjni/leveldbjni-all/1.8/leveldbjni-all-1.8.jar:/home/user/.m2/repository/com/sun/xml/bind/jaxb-core/2.3.0.1/jaxb-core-2.3.0.1.jar:/home/user/.m2/repository/javax/xml/bind/jaxb-api/2.3.0/jaxb-api-2.3.0.jar:/home/user/.m2/repository/javax/activation/activation/1.1.1/activation-1.1.1.jar:/home/user/.m2/repository/org/openjdk/jmh/jmh-core/1.19/jmh-core-1.19.jar:/home/user/.m2/repository/net/sf/jopt-simple/jopt-simple/4.6/jopt-simple-4.6.jar:/home/user/.m2/repository/org/openjdk/jmh/jmh-generator-annprocess/1.19/jmh-generator-annprocess-1.19.jar:/home/user/.m2/repository/io/dropwizard/metrics/metrics-core/3.2.4/metrics-core-3.2.4.jar:/home/user/.m2/repository/com/amazonaws/aws-java-sdk-s3/1.11.615/aws-java-sdk-s3-1.11.615.jar:/home/user/.m2/repository/com/amazonaws/aws-java-sdk-kms/1.11.615/aws-java-sdk-kms-1.11.615.jar:/home/user/.m2/repository/com/amazonaws/aws-java-sdk-core/1.11.615/aws-java-sdk-core-1.11.615.jar:/home/user/.m2/repository/software/amazon/ion/ion-java/1.0.2/ion-java-1.0.2.jar:/home/user/.m2/repository/com/fasterxml/jackson/dataformat/jackson-dataformat-cbor/2.9.9/jackson-dataformat-cbor-2.9.9.jar:/home/user/.m2/repository/joda-time/joda-time/2.9.9/joda-time-2.9.9.jar:/home/user/.m2/repository/com/amazonaws/jmespath-java/1.11.615/jmespath-java-1.11.615.jar:/home/user/.m2/repository/com/github/spotbugs/spotbugs/3.1.12/spotbugs-3.1.12.jar:/home/user/.m2/repository/org/ow2/asm/asm/5.0.4/asm-5.0.4.jar:/home/user/.m2/repository/org/ow2/asm/asm-analysis/7.0/asm-analysis-7.0.jar:/home/user/.m2/repository/org/ow2/asm/asm-commons/7.0/asm-commons-7.0.jar:/home/user/.m2/repository/org/ow2/asm/asm-tree/7.0/asm-tree-7.0.jar:/home/user/.m2/repository/org/ow2/asm/asm-util/7.0/asm-util-7.0.jar:/home/user/.m2/repository/org/apache/bcel/bcel/6.3/bcel-6.3.jar:/home/user/.m2/repository/net/jcip/jcip-annotations/1.0/jcip-annotations-1.0.jar:/home/user/.m2/repository/org/dom4j/dom4j/2.1.1/dom4j-2.1.1.jar:/home/user/.m2/repository/jaxen/jaxen/1.1.6/jaxen-1.1.6.jar:/home/user/.m2/repository/commons-lang/commons-lang/2.6/commons-lang-2.6.jar:/home/user/.m2/repository/com/github/spotbugs/spotbugs-annotations/3.1.12/spotbugs-annotations-3.1.12.jar:/home/user/.m2/repository/junit/junit/4.11/junit-4.11.jar:/home/user/.m2/repository/org/hamcrest/hamcrest-core/1.3/hamcrest-core-1.3.jar:/home/user/.m2/repository/org/apache/hadoop/hadoop-common/3.2.0/hadoop-common-3.2.0-tests.jar:/workdir/hadoop-ozone/integration-test/target/test-classes:/home/user/.m2/repository/org/apache/hadoop/hadoop-ozone-s3gateway/0.5.0-SNAPSHOT/hadoop-ozone-s3gateway-0.5.0-SNAPSHOT.jar:/home/user/.m2/repository/org/jboss/weld/servlet/weld-servlet/2.4.7.Final/weld-servlet-2.4.7.Final.jar:/home/user/.m2/repository/org/glassfish/jersey/containers/jersey-container-servlet-core/2.27/jersey-container-servlet-core-2.27.jar:/home/user/.m2/repository/org/glassfish/hk2/external/javax.inject/2.5.0-b42/javax.inject-2.5.0-b42.jar:/home/user/.m2/repository/org/glassfish/jersey/core/jersey-common/2.27/jersey-common-2.27.jar:/home/user/.m2/repository/org/glassfish/hk2/osgi-resource-locator/1.0.1/osgi-resource-locator-1.0.1.jar:/home/user/.m2/repository/javax/ws/rs/javax.ws.rs-api/2.1/javax.ws.rs-api-2.1.jar:/home/user/.m2/repository/org/glassfish/jersey/ext/cdi/jersey-cdi1x/2.27/jersey-cdi1x-2.27.jar:/home/user/.m2/repository/org/glassfish/jersey/inject/jersey-hk2/2.27/jersey-hk2-2.27.jar:/home/user/.m2/repository/org/glassfish/hk2/hk2-locator/2.5.0-b42/hk2-locator-2.5.0-b42.jar:/home/user/.m2/repository/org/javassist/javassist/3.22.0-CR2/javassist-3.22.0-CR2.jar:/home/user/.m2/repository/org/glassfish/hk2/hk2-api/2.5.0/hk2-api-2.5.0.jar:/home/user/.m2/repository/org/glassfish/hk2/external/jakarta.inject/2.5.0/jakarta.inject-2.5.0.jar:/home/user/.m2/repository/org/glassfish/hk2/hk2-utils/2.5.0/hk2-utils-2.5.0.jar:/home/user/.m2/repository/jakarta/annotation/jakarta.annotation-api/1.3.4/jakarta.annotation-api-1.3.4.jar:/home/user/.m2/repository/org/glassfish/hk2/external/aopalliance-repackaged/2.5.0/aopalliance-repackaged-2.5.0.jar:/home/user/.m2/repository/com/fasterxml/jackson/dataformat/jackson-dataformat-xml/2.9.0/jackson-dataformat-xml-2.9.0.jar:/home/user/.m2/repository/com/fasterxml/jackson/module/jackson-module-jaxb-annotations/2.9.9/jackson-module-jaxb-annotations-2.9.9.jar:/home/user/.m2/repository/javax/enterprise/cdi-api/1.2/cdi-api-1.2.jar:/home/user/.m2/repository/javax/el/javax.el-api/3.0.0/javax.el-api-3.0.0.jar:/home/user/.m2/repository/javax/interceptor/javax.interceptor-api/1.2/javax.interceptor-api-1.2.jar:/home/user/.m2/repository/javax/inject/javax.inject/1/javax.inject-1.jar:/home/user/.m2/repository/org/apache/hadoop/hadoop-ozone-csi/0.5.0-SNAPSHOT/hadoop-ozone-csi-0.5.0-SNAPSHOT.jar:/home/user/.m2/repository/com/google/protobuf/protobuf-java-util/3.5.1/protobuf-java-util-3.5.1.jar:/home/user/.m2/repository/io/grpc/grpc-netty/1.17.1/grpc-netty-1.17.1.jar:/home/user/.m2/repository/io/grpc/grpc-core/1.17.1/grpc-core-1.17.1.jar:/home/user/.m2/repository/io/grpc/grpc-context/1.17.1/grpc-context-1.17.1.jar:/home/user/.m2/repository/com/google/errorprone/error_prone_annotations/2.2.0/error_prone_annotations-2.2.0.jar:/home/user/.m2/repository/org/codehaus/mojo/animal-sniffer-annotations/1.17/animal-sniffer-annotations-1.17.jar:/home/user/.m2/repository/io/opencensus/opencensus-api/0.17.0/opencensus-api-0.17.0.jar:/home/user/.m2/repository/io/opencensus/opencensus-contrib-grpc-metrics/0.17.0/opencensus-contrib-grpc-metrics-0.17.0.jar:/home/user/.m2/repository/io/netty/netty-codec-http2/4.1.30.Final/netty-codec-http2-4.1.30.Final.jar:/home/user/.m2/repository/io/netty/netty-codec-http/4.1.30.Final/netty-codec-http-4.1.30.Final.jar:/home/user/.m2/repository/io/netty/netty-codec/4.1.30.Final/netty-codec-4.1.30.Final.jar:/home/user/.m2/repository/io/netty/netty-handler/4.1.30.Final/netty-handler-4.1.30.Final.jar:/home/user/.m2/repository/io/netty/netty-handler-proxy/4.1.30.Final/netty-handler-proxy-4.1.30.Final.jar:/home/user/.m2/repository/io/netty/netty-codec-socks/4.1.30.Final/netty-codec-socks-4.1.30.Final.jar:/home/user/.m2/repository/io/netty/netty-transport-native-epoll/4.1.30.Final/netty-transport-native-epoll-4.1.30.Final.jar:/home/user/.m2/repository/io/netty/netty-common/4.1.30.Final/netty-common-4.1.30.Final.jar:/home/user/.m2/repository/io/netty/netty-buffer/4.1.30.Final/netty-buffer-4.1.30.Final.jar:/home/user/.m2/repository/io/netty/netty-transport/4.1.30.Final/netty-transport-4.1.30.Final.jar:/home/user/.m2/repository/io/netty/netty-resolver/4.1.30.Final/netty-resolver-4.1.30.Final.jar:/home/user/.m2/repository/io/netty/netty-transport-native-unix-common/4.1.30.Final/netty-transport-native-unix-common-4.1.30.Final.jar:/home/user/.m2/repository/io/grpc/grpc-protobuf/1.17.1/grpc-protobuf-1.17.1.jar:/home/user/.m2/repository/com/google/api/grpc/proto-google-common-protos/1.0.0/proto-google-common-protos-1.0.0.jar:/home/user/.m2/repository/io/grpc/grpc-protobuf-lite/1.17.1/grpc-protobuf-lite-1.17.1.jar:/home/user/.m2/repository/io/grpc/grpc-stub/1.17.1/grpc-stub-1.17.1.jar:/home/user/.m2/repository/org/apache/hadoop/hadoop-ozone-recon/0.5.0-SNAPSHOT/hadoop-ozone-recon-0.5.0-SNAPSHOT.jar:/home/user/.m2/repository/org/apache/hadoop/hadoop-ozone-reconcodegen/0.5.0-SNAPSHOT/hadoop-ozone-reconcodegen-0.5.0-SNAPSHOT.jar:/home/user/.m2/repository/com/google/inject/extensions/guice-multibindings/4.0/guice-multibindings-4.0.jar:/home/user/.m2/repository/com/google/inject/guice/4.0/guice-4.0.jar:/home/user/.m2/repository/aopalliance/aopalliance/1.0/aopalliance-1.0.jar:/home/user/.m2/repository/com/google/inject/extensions/guice-servlet/4.0/guice-servlet-4.0.jar:/home/user/.m2/repository/org/glassfish/jersey/containers/jersey-container-servlet/2.27/jersey-container-servlet-2.27.jar:/home/user/.m2/repository/org/glassfish/hk2/guice-bridge/2.5.0/guice-bridge-2.5.0.jar:/home/user/.m2/repository/org/glassfish/jersey/core/jersey-server/2.27/jersey-server-2.27.jar:/home/user/.m2/repository/org/glassfish/jersey/core/jersey-client/2.27/jersey-client-2.27.jar:/home/user/.m2/repository/org/glassfish/jersey/media/jersey-media-jaxb/2.27/jersey-media-jaxb-2.27.jar:/home/user/.m2/repository/javax/validation/validation-api/1.1.0.Final/validation-api-1.1.0.Final.jar:/home/user/.m2/repository/org/glassfish/jersey/media/jersey-media-json-jackson/2.27/jersey-media-json-jackson-2.27.jar:/home/user/.m2/repository/org/glassfish/jersey/ext/jersey-entity-filtering/2.27/jersey-entity-filtering-2.27.jar:/home/user/.m2/repository/com/google/inject/extensions/guice-assistedinject/4.0/guice-assistedinject-4.0.jar:/home/user/.m2/repository/org/jooq/jooq/3.11.10/jooq-3.11.10.jar:/home/user/.m2/repository/org/jooq/jooq-meta/3.11.10/jooq-meta-3.11.10.jar:/home/user/.m2/repository/org/jooq/jooq-codegen/3.11.10/jooq-codegen-3.11.10.jar:/home/user/.m2/repository/com/jolbox/bonecp/0.8.0.RELEASE/bonecp-0.8.0.RELEASE.jar:/home/user/.m2/repository/org/springframework/spring-jdbc/5.1.3.RELEASE/spring-jdbc-5.1.3.RELEASE.jar:/home/user/.m2/repository/org/springframework/spring-beans/5.1.3.RELEASE/spring-beans-5.1.3.RELEASE.jar:/home/user/.m2/repository/org/springframework/spring-core/5.1.3.RELEASE/spring-core-5.1.3.RELEASE.jar:/home/user/.m2/repository/org/springframework/spring-jcl/5.1.3.RELEASE/spring-jcl-5.1.3.RELEASE.jar:/home/user/.m2/repository/org/springframework/spring-tx/5.1.3.RELEASE/spring-tx-5.1.3.RELEASE.jar:/home/user/.m2/repository/org/mockito/mockito-core/2.15.0/mockito-core-2.15.0.jar:/home/user/.m2/repository/net/bytebuddy/byte-buddy/1.7.9/byte-buddy-1.7.9.jar:/home/user/.m2/repository/net/bytebuddy/byte-buddy-agent/1.7.9/byte-buddy-agent-1.7.9.jar:/home/user/.m2/repository/org/objenesis/objenesis/1.0/objenesis-1.0.jar:"/>
    <property name="java.vm.vendor" value="Oracle Corporation"/>
    <property name="sun.arch.data.model" value="64"/>
    <property name="test.build.dir" value="/workdir/hadoop-ozone/tools/target/test-dir"/>
    <property name="test.cache.data" value=""/>
    <property name="java.vendor.url" value="http://java.oracle.com/"/>
    <property name="user.timezone" value=""/>
    <property name="java.vm.specification.version" value="1.8"/>
    <property name="os.name" value="Linux"/>
    <property name="test.build.data" value="/workdir/hadoop-ozone/tools/target/test-dir"/>
    <property name="user.country" value="US"/>
    <property name="sun.java.launcher" value="SUN_STANDARD"/>
    <property name="sun.boot.library.path" value="/usr/lib/jvm/java-1.8.0-openjdk-1.8.0.222.b10-1.el7_7.x86_64/jre/lib/amd64"/>
    <property name="sun.java.command" value="/workdir/hadoop-ozone/tools/target/surefire/surefirebooter2172295844849297787.jar /workdir/hadoop-ozone/tools/target/surefire 2019-11-16T00-08-57_798-jvmRun1 surefire3328525060986363451tmp surefire_1016859025126019647006tmp"/>
    <property name="surefire.test.class.path" value="/workdir/hadoop-ozone/tools/target/test-classes:/workdir/hadoop-ozone/tools/target/classes:/home/user/.m2/repository/org/apache/hadoop/hadoop-ozone-ozone-manager/0.5.0-SNAPSHOT/hadoop-ozone-ozone-manager-0.5.0-SNAPSHOT.jar:/home/user/.m2/repository/org/apache/hadoop/hadoop-hdds-docs/0.5.0-SNAPSHOT/hadoop-hdds-docs-0.5.0-SNAPSHOT.jar:/home/user/.m2/repository/org/bouncycastle/bcprov-jdk15on/1.60/bcprov-jdk15on-1.60.jar:/home/user/.m2/repository/org/apache/hadoop/hadoop-ozone-common/0.5.0-SNAPSHOT/hadoop-ozone-common-0.5.0-SNAPSHOT.jar:/home/user/.m2/repository/org/apache/commons/commons-compress/1.4.1/commons-compress-1.4.1.jar:/home/user/.m2/repository/org/tukaani/xz/1.0/xz-1.0.jar:/home/user/.m2/repository/org/apache/hadoop/hadoop-hdfs-client/3.2.0/hadoop-hdfs-client-3.2.0.jar:/home/user/.m2/repository/com/fasterxml/jackson/core/jackson-annotations/2.9.9/jackson-annotations-2.9.9.jar:/home/user/.m2/repository/org/apache/hadoop/hadoop-hdds-common/0.5.0-SNAPSHOT/hadoop-hdds-common-0.5.0-SNAPSHOT.jar:/home/user/.m2/repository/org/apache/hadoop/hadoop-hdds-config/0.5.0-SNAPSHOT/hadoop-hdds-config-0.5.0-SNAPSHOT.jar:/home/user/.m2/repository/javax/annotation/javax.annotation-api/1.2/javax.annotation-api-1.2.jar:/home/user/.m2/repository/org/apache/ratis/ratis-server/0.5.0-d6d58d0-SNAPSHOT/ratis-server-0.5.0-d6d58d0-SNAPSHOT.jar:/home/user/.m2/repository/org/apache/ratis/ratis-thirdparty-misc/0.2.0/ratis-thirdparty-misc-0.2.0.jar:/home/user/.m2/repository/org/apache/ratis/ratis-proto/0.5.0-d6d58d0-SNAPSHOT/ratis-proto-0.5.0-d6d58d0-SNAPSHOT.jar:/home/user/.m2/repository/org/apache/ratis/ratis-common/0.5.0-d6d58d0-SNAPSHOT/ratis-common-0.5.0-d6d58d0-SNAPSHOT.jar:/home/user/.m2/repository/org/apache/ratis/ratis-client/0.5.0-d6d58d0-SNAPSHOT/ratis-client-0.5.0-d6d58d0-SNAPSHOT.jar:/home/user/.m2/repository/org/apache/ratis/ratis-metrics/0.5.0-d6d58d0-SNAPSHOT/ratis-metrics-0.5.0-d6d58d0-SNAPSHOT.jar:/home/user/.m2/repository/org/apache/ratis/ratis-netty/0.5.0-d6d58d0-SNAPSHOT/ratis-netty-0.5.0-d6d58d0-SNAPSHOT.jar:/home/user/.m2/repository/org/apache/ratis/ratis-grpc/0.5.0-d6d58d0-SNAPSHOT/ratis-grpc-0.5.0-d6d58d0-SNAPSHOT.jar:/home/user/.m2/repository/org/rocksdb/rocksdbjni/6.0.1/rocksdbjni-6.0.1.jar:/home/user/.m2/repository/org/apache/logging/log4j/log4j-api/2.11.0/log4j-api-2.11.0.jar:/home/user/.m2/repository/org/apache/logging/log4j/log4j-core/2.11.0/log4j-core-2.11.0.jar:/home/user/.m2/repository/com/lmax/disruptor/3.4.2/disruptor-3.4.2.jar:/home/user/.m2/repository/org/apache/commons/commons-pool2/2.6.0/commons-pool2-2.6.0.jar:/home/user/.m2/repository/org/bouncycastle/bcpkix-jdk15on/1.60/bcpkix-jdk15on-1.60.jar:/home/user/.m2/repository/commons-validator/commons-validator/1.6/commons-validator-1.6.jar:/home/user/.m2/repository/commons-digester/commons-digester/1.8.1/commons-digester-1.8.1.jar:/home/user/.m2/repository/io/jaegertracing/jaeger-client/0.34.0/jaeger-client-0.34.0.jar:/home/user/.m2/repository/io/jaegertracing/jaeger-thrift/0.34.0/jaeger-thrift-0.34.0.jar:/home/user/.m2/repository/org/apache/thrift/libthrift/0.12.0/libthrift-0.12.0.jar:/home/user/.m2/repository/com/squareup/okhttp3/okhttp/3.9.0/okhttp-3.9.0.jar:/home/user/.m2/repository/com/squareup/okio/okio/1.13.0/okio-1.13.0.jar:/home/user/.m2/repository/io/jaegertracing/jaeger-core/0.34.0/jaeger-core-0.34.0.jar:/home/user/.m2/repository/io/jaegertracing/jaeger-tracerresolver/0.34.0/jaeger-tracerresolver-0.34.0.jar:/home/user/.m2/repository/io/opentracing/contrib/opentracing-tracerresolver/0.1.5/opentracing-tracerresolver-0.1.5.jar:/home/user/.m2/repository/io/opentracing/opentracing-util/0.31.0/opentracing-util-0.31.0.jar:/home/user/.m2/repository/io/opentracing/opentracing-api/0.31.0/opentracing-api-0.31.0.jar:/home/user/.m2/repository/io/opentracing/opentracing-noop/0.31.0/opentracing-noop-0.31.0.jar:/home/user/.m2/repository/org/yaml/snakeyaml/1.16/snakeyaml-1.16.jar:/home/user/.m2/repository/org/apache/hadoop/hadoop-hdds-container-service/0.5.0-SNAPSHOT/hadoop-hdds-container-service-0.5.0-SNAPSHOT.jar:/home/user/.m2/repository/org/apache/hadoop/hadoop-hdds-client/0.5.0-SNAPSHOT/hadoop-hdds-client-0.5.0-SNAPSHOT.jar:/home/user/.m2/repository/org/apache/hadoop/hadoop-hdds-tools/0.5.0-SNAPSHOT/hadoop-hdds-tools-0.5.0-SNAPSHOT.jar:/home/user/.m2/repository/org/xerial/sqlite-jdbc/3.25.2/sqlite-jdbc-3.25.2.jar:/home/user/.m2/repository/org/apache/hadoop/hadoop-hdds-server-scm/0.5.0-SNAPSHOT/hadoop-hdds-server-scm-0.5.0-SNAPSHOT.jar:/home/user/.m2/repository/org/hamcrest/hamcrest-all/1.3/hamcrest-all-1.3.jar:/home/user/.m2/repository/info/picocli/picocli/3.9.6/picocli-3.9.6.jar:/home/user/.m2/repository/com/google/protobuf/protobuf-java/2.5.0/protobuf-java-2.5.0.jar:/home/user/.m2/repository/com/google/guava/guava/11.0.2/guava-11.0.2.jar:/home/user/.m2/repository/org/apache/hadoop/hadoop-ozone-client/0.5.0-SNAPSHOT/hadoop-ozone-client-0.5.0-SNAPSHOT.jar:/workdir/hadoop-ozone/ozonefs/target/classes:/home/user/.m2/repository/org/apache/httpcomponents/httpclient/4.5.2/httpclient-4.5.2.jar:/home/user/.m2/repository/org/apache/httpcomponents/httpcore/4.4.4/httpcore-4.4.4.jar:/home/user/.m2/repository/org/apache/hadoop/hadoop-hdds-server-framework/0.5.0-SNAPSHOT/hadoop-hdds-server-framework-0.5.0-SNAPSHOT.jar:/home/user/.m2/repository/org/apache/hadoop/hadoop-common/3.2.0/hadoop-common-3.2.0.jar:/home/user/.m2/repository/org/apache/hadoop/hadoop-annotations/3.2.0/hadoop-annotations-3.2.0.jar:/usr/lib/jvm/java-1.8.0-openjdk-1.8.0.222.b10-1.el7_7.x86_64/jre/../lib/tools.jar:/home/user/.m2/repository/commons-cli/commons-cli/1.2/commons-cli-1.2.jar:/home/user/.m2/repository/org/apache/commons/commons-math3/3.1.1/commons-math3-3.1.1.jar:/home/user/.m2/repository/commons-codec/commons-codec/1.11/commons-codec-1.11.jar:/home/user/.m2/repository/commons-io/commons-io/2.5/commons-io-2.5.jar:/home/user/.m2/repository/commons-net/commons-net/3.6/commons-net-3.6.jar:/home/user/.m2/repository/commons-collections/commons-collections/3.2.2/commons-collections-3.2.2.jar:/home/user/.m2/repository/javax/servlet/javax.servlet-api/3.1.0/javax.servlet-api-3.1.0.jar:/home/user/.m2/repository/org/eclipse/jetty/jetty-server/9.3.25.v20180904/jetty-server-9.3.25.v20180904.jar:/home/user/.m2/repository/org/eclipse/jetty/jetty-http/9.3.25.v20180904/jetty-http-9.3.25.v20180904.jar:/home/user/.m2/repository/org/eclipse/jetty/jetty-io/9.3.25.v20180904/jetty-io-9.3.25.v20180904.jar:/home/user/.m2/repository/org/eclipse/jetty/jetty-util/9.3.25.v20180904/jetty-util-9.3.25.v20180904.jar:/home/user/.m2/repository/org/eclipse/jetty/jetty-servlet/9.3.25.v20180904/jetty-servlet-9.3.25.v20180904.jar:/home/user/.m2/repository/org/eclipse/jetty/jetty-security/9.3.25.v20180904/jetty-security-9.3.25.v20180904.jar:/home/user/.m2/repository/org/eclipse/jetty/jetty-webapp/9.3.25.v20180904/jetty-webapp-9.3.25.v20180904.jar:/home/user/.m2/repository/org/eclipse/jetty/jetty-xml/9.3.25.v20180904/jetty-xml-9.3.25.v20180904.jar:/home/user/.m2/repository/javax/servlet/jsp/jsp-api/2.1/jsp-api-2.1.jar:/home/user/.m2/repository/com/sun/jersey/jersey-core/1.19/jersey-core-1.19.jar:/home/user/.m2/repository/javax/ws/rs/jsr311-api/1.1.1/jsr311-api-1.1.1.jar:/home/user/.m2/repository/com/sun/jersey/jersey-servlet/1.19/jersey-servlet-1.19.jar:/home/user/.m2/repository/com/sun/jersey/jersey-json/1.19/jersey-json-1.19.jar:/home/user/.m2/repository/org/codehaus/jettison/jettison/1.1/jettison-1.1.jar:/home/user/.m2/repository/com/sun/xml/bind/jaxb-impl/2.3.0.1/jaxb-impl-2.3.0.1.jar:/home/user/.m2/repository/org/codehaus/jackson/jackson-core-asl/1.9.13/jackson-core-asl-1.9.13.jar:/home/user/.m2/repository/org/codehaus/jackson/jackson-mapper-asl/1.9.13/jackson-mapper-asl-1.9.13.jar:/home/user/.m2/repository/org/codehaus/jackson/jackson-jaxrs/1.9.13/jackson-jaxrs-1.9.13.jar:/home/user/.m2/repository/org/codehaus/jackson/jackson-xc/1.9.13/jackson-xc-1.9.13.jar:/home/user/.m2/repository/com/sun/jersey/jersey-server/1.19/jersey-server-1.19.jar:/home/user/.m2/repository/commons-logging/commons-logging/1.1.3/commons-logging-1.1.3.jar:/home/user/.m2/repository/log4j/log4j/1.2.17/log4j-1.2.17.jar:/home/user/.m2/repository/commons-beanutils/commons-beanutils/1.9.4/commons-beanutils-1.9.4.jar:/home/user/.m2/repository/org/apache/commons/commons-configuration2/2.1.1/commons-configuration2-2.1.1.jar:/home/user/.m2/repository/org/apache/commons/commons-lang3/3.7/commons-lang3-3.7.jar:/home/user/.m2/repository/org/apache/commons/commons-text/1.4/commons-text-1.4.jar:/home/user/.m2/repository/org/slf4j/slf4j-api/1.7.25/slf4j-api-1.7.25.jar:/home/user/.m2/repository/org/slf4j/slf4j-log4j12/1.7.25/slf4j-log4j12-1.7.25.jar:/home/user/.m2/repository/org/apache/avro/avro/1.7.7/avro-1.7.7.jar:/home/user/.m2/repository/com/thoughtworks/paranamer/paranamer/2.3/paranamer-2.3.jar:/home/user/.m2/repository/org/xerial/snappy/snappy-java/1.0.5/snappy-java-1.0.5.jar:/home/user/.m2/repository/com/google/re2j/re2j/1.1/re2j-1.1.jar:/home/user/.m2/repository/com/google/code/gson/gson/2.2.4/gson-2.2.4.jar:/home/user/.m2/repository/org/apache/hadoop/hadoop-auth/3.2.0/hadoop-auth-3.2.0.jar:/home/user/.m2/repository/com/nimbusds/nimbus-jose-jwt/4.41.1/nimbus-jose-jwt-4.41.1.jar:/home/user/.m2/repository/com/github/stephenc/jcip/jcip-annotations/1.0-1/jcip-annotations-1.0-1.jar:/home/user/.m2/repository/net/minidev/json-smart/2.3/json-smart-2.3.jar:/home/user/.m2/repository/net/minidev/accessors-smart/1.2/accessors-smart-1.2.jar:/home/user/.m2/repository/org/apache/curator/curator-framework/2.12.0/curator-framework-2.12.0.jar:/home/user/.m2/repository/com/jcraft/jsch/0.1.54/jsch-0.1.54.jar:/home/user/.m2/repository/org/apache/curator/curator-client/2.12.0/curator-client-2.12.0.jar:/home/user/.m2/repository/org/apache/curator/curator-recipes/2.12.0/curator-recipes-2.12.0.jar:/home/user/.m2/repository/com/google/code/findbugs/jsr305/3.0.0/jsr305-3.0.0.jar:/home/user/.m2/repository/org/apache/htrace/htrace-core4/4.1.0-incubating/htrace-core4-4.1.0-incubating.jar:/home/user/.m2/repository/org/apache/zookeeper/zookeeper/3.4.13/zookeeper-3.4.13.jar:/home/user/.m2/repository/jline/jline/0.9.94/jline-0.9.94.jar:/home/user/.m2/repository/org/apache/yetus/audience-annotations/0.5.0/audience-annotations-0.5.0.jar:/home/user/.m2/repository/org/apache/kerby/kerb-simplekdc/1.0.1/kerb-simplekdc-1.0.1.jar:/home/user/.m2/repository/org/apache/kerby/kerb-client/1.0.1/kerb-client-1.0.1.jar:/home/user/.m2/repository/org/apache/kerby/kerby-config/1.0.1/kerby-config-1.0.1.jar:/home/user/.m2/repository/org/apache/kerby/kerb-core/1.0.1/kerb-core-1.0.1.jar:/home/user/.m2/repository/org/apache/kerby/kerby-pkix/1.0.1/kerby-pkix-1.0.1.jar:/home/user/.m2/repository/org/apache/kerby/kerby-asn1/1.0.1/kerby-asn1-1.0.1.jar:/home/user/.m2/repository/org/apache/kerby/kerby-util/1.0.1/kerby-util-1.0.1.jar:/home/user/.m2/repository/org/apache/kerby/kerb-common/1.0.1/kerb-common-1.0.1.jar:/home/user/.m2/repository/org/apache/kerby/kerb-crypto/1.0.1/kerb-crypto-1.0.1.jar:/home/user/.m2/repository/org/apache/kerby/kerb-util/1.0.1/kerb-util-1.0.1.jar:/home/user/.m2/repository/org/apache/kerby/token-provider/1.0.1/token-provider-1.0.1.jar:/home/user/.m2/repository/org/apache/kerby/kerb-admin/1.0.1/kerb-admin-1.0.1.jar:/home/user/.m2/repository/org/apache/kerby/kerb-server/1.0.1/kerb-server-1.0.1.jar:/home/user/.m2/repository/org/apache/kerby/kerb-identity/1.0.1/kerb-identity-1.0.1.jar:/home/user/.m2/repository/org/apache/kerby/kerby-xdr/1.0.1/kerby-xdr-1.0.1.jar:/home/user/.m2/repository/com/fasterxml/jackson/core/jackson-databind/2.9.9/jackson-databind-2.9.9.jar:/home/user/.m2/repository/com/fasterxml/jackson/core/jackson-core/2.9.9/jackson-core-2.9.9.jar:/home/user/.m2/repository/org/codehaus/woodstox/stax2-api/3.1.4/stax2-api-3.1.4.jar:/home/user/.m2/repository/com/fasterxml/woodstox/woodstox-core/5.0.3/woodstox-core-5.0.3.jar:/home/user/.m2/repository/dnsjava/dnsjava/2.1.7/dnsjava-2.1.7.jar:/home/user/.m2/repository/org/apache/hadoop/hadoop-hdfs/3.2.0/hadoop-hdfs-3.2.0.jar:/home/user/.m2/repository/org/eclipse/jetty/jetty-util-ajax/9.3.25.v20180904/jetty-util-ajax-9.3.25.v20180904.jar:/home/user/.m2/repository/commons-daemon/commons-daemon/1.0.13/commons-daemon-1.0.13.jar:/home/user/.m2/repository/io/netty/netty/3.10.5.Final/netty-3.10.5.Final.jar:/home/user/.m2/repository/io/netty/netty-all/4.0.52.Final/netty-all-4.0.52.Final.jar:/home/user/.m2/repository/org/fusesource/leveldbjni/leveldbjni-all/1.8/leveldbjni-all-1.8.jar:/home/user/.m2/repository/com/sun/xml/bind/jaxb-core/2.3.0.1/jaxb-core-2.3.0.1.jar:/home/user/.m2/repository/javax/xml/bind/jaxb-api/2.3.0/jaxb-api-2.3.0.jar:/home/user/.m2/repository/javax/activation/activation/1.1.1/activation-1.1.1.jar:/home/user/.m2/repository/org/openjdk/jmh/jmh-core/1.19/jmh-core-1.19.jar:/home/user/.m2/repository/net/sf/jopt-simple/jopt-simple/4.6/jopt-simple-4.6.jar:/home/user/.m2/repository/org/openjdk/jmh/jmh-generator-annprocess/1.19/jmh-generator-annprocess-1.19.jar:/home/user/.m2/repository/io/dropwizard/metrics/metrics-core/3.2.4/metrics-core-3.2.4.jar:/home/user/.m2/repository/com/amazonaws/aws-java-sdk-s3/1.11.615/aws-java-sdk-s3-1.11.615.jar:/home/user/.m2/repository/com/amazonaws/aws-java-sdk-kms/1.11.615/aws-java-sdk-kms-1.11.615.jar:/home/user/.m2/repository/com/amazonaws/aws-java-sdk-core/1.11.615/aws-java-sdk-core-1.11.615.jar:/home/user/.m2/repository/software/amazon/ion/ion-java/1.0.2/ion-java-1.0.2.jar:/home/user/.m2/repository/com/fasterxml/jackson/dataformat/jackson-dataformat-cbor/2.9.9/jackson-dataformat-cbor-2.9.9.jar:/home/user/.m2/repository/joda-time/joda-time/2.9.9/joda-time-2.9.9.jar:/home/user/.m2/repository/com/amazonaws/jmespath-java/1.11.615/jmespath-java-1.11.615.jar:/home/user/.m2/repository/com/github/spotbugs/spotbugs/3.1.12/spotbugs-3.1.12.jar:/home/user/.m2/repository/org/ow2/asm/asm/5.0.4/asm-5.0.4.jar:/home/user/.m2/repository/org/ow2/asm/asm-analysis/7.0/asm-analysis-7.0.jar:/home/user/.m2/repository/org/ow2/asm/asm-commons/7.0/asm-commons-7.0.jar:/home/user/.m2/repository/org/ow2/asm/asm-tree/7.0/asm-tree-7.0.jar:/home/user/.m2/repository/org/ow2/asm/asm-util/7.0/asm-util-7.0.jar:/home/user/.m2/repository/org/apache/bcel/bcel/6.3/bcel-6.3.jar:/home/user/.m2/repository/net/jcip/jcip-annotations/1.0/jcip-annotations-1.0.jar:/home/user/.m2/repository/org/dom4j/dom4j/2.1.1/dom4j-2.1.1.jar:/home/user/.m2/repository/jaxen/jaxen/1.1.6/jaxen-1.1.6.jar:/home/user/.m2/repository/commons-lang/commons-lang/2.6/commons-lang-2.6.jar:/home/user/.m2/repository/com/github/spotbugs/spotbugs-annotations/3.1.12/spotbugs-annotations-3.1.12.jar:/home/user/.m2/repository/junit/junit/4.11/junit-4.11.jar:/home/user/.m2/repository/org/hamcrest/hamcrest-core/1.3/hamcrest-core-1.3.jar:/home/user/.m2/repository/org/apache/hadoop/hadoop-common/3.2.0/hadoop-common-3.2.0-tests.jar:/workdir/hadoop-ozone/integration-test/target/test-classes:/home/user/.m2/repository/org/apache/hadoop/hadoop-ozone-s3gateway/0.5.0-SNAPSHOT/hadoop-ozone-s3gateway-0.5.0-SNAPSHOT.jar:/home/user/.m2/repository/org/jboss/weld/servlet/weld-servlet/2.4.7.Final/weld-servlet-2.4.7.Final.jar:/home/user/.m2/repository/org/glassfish/jersey/containers/jersey-container-servlet-core/2.27/jersey-container-servlet-core-2.27.jar:/home/user/.m2/repository/org/glassfish/hk2/external/javax.inject/2.5.0-b42/javax.inject-2.5.0-b42.jar:/home/user/.m2/repository/org/glassfish/jersey/core/jersey-common/2.27/jersey-common-2.27.jar:/home/user/.m2/repository/org/glassfish/hk2/osgi-resource-locator/1.0.1/osgi-resource-locator-1.0.1.jar:/home/user/.m2/repository/javax/ws/rs/javax.ws.rs-api/2.1/javax.ws.rs-api-2.1.jar:/home/user/.m2/repository/org/glassfish/jersey/ext/cdi/jersey-cdi1x/2.27/jersey-cdi1x-2.27.jar:/home/user/.m2/repository/org/glassfish/jersey/inject/jersey-hk2/2.27/jersey-hk2-2.27.jar:/home/user/.m2/repository/org/glassfish/hk2/hk2-locator/2.5.0-b42/hk2-locator-2.5.0-b42.jar:/home/user/.m2/repository/org/javassist/javassist/3.22.0-CR2/javassist-3.22.0-CR2.jar:/home/user/.m2/repository/org/glassfish/hk2/hk2-api/2.5.0/hk2-api-2.5.0.jar:/home/user/.m2/repository/org/glassfish/hk2/external/jakarta.inject/2.5.0/jakarta.inject-2.5.0.jar:/home/user/.m2/repository/org/glassfish/hk2/hk2-utils/2.5.0/hk2-utils-2.5.0.jar:/home/user/.m2/repository/jakarta/annotation/jakarta.annotation-api/1.3.4/jakarta.annotation-api-1.3.4.jar:/home/user/.m2/repository/org/glassfish/hk2/external/aopalliance-repackaged/2.5.0/aopalliance-repackaged-2.5.0.jar:/home/user/.m2/repository/com/fasterxml/jackson/dataformat/jackson-dataformat-xml/2.9.0/jackson-dataformat-xml-2.9.0.jar:/home/user/.m2/repository/com/fasterxml/jackson/module/jackson-module-jaxb-annotations/2.9.9/jackson-module-jaxb-annotations-2.9.9.jar:/home/user/.m2/repository/javax/enterprise/cdi-api/1.2/cdi-api-1.2.jar:/home/user/.m2/repository/javax/el/javax.el-api/3.0.0/javax.el-api-3.0.0.jar:/home/user/.m2/repository/javax/interceptor/javax.interceptor-api/1.2/javax.interceptor-api-1.2.jar:/home/user/.m2/repository/javax/inject/javax.inject/1/javax.inject-1.jar:/home/user/.m2/repository/org/apache/hadoop/hadoop-ozone-csi/0.5.0-SNAPSHOT/hadoop-ozone-csi-0.5.0-SNAPSHOT.jar:/home/user/.m2/repository/com/google/protobuf/protobuf-java-util/3.5.1/protobuf-java-util-3.5.1.jar:/home/user/.m2/repository/io/grpc/grpc-netty/1.17.1/grpc-netty-1.17.1.jar:/home/user/.m2/repository/io/grpc/grpc-core/1.17.1/grpc-core-1.17.1.jar:/home/user/.m2/repository/io/grpc/grpc-context/1.17.1/grpc-context-1.17.1.jar:/home/user/.m2/repository/com/google/errorprone/error_prone_annotations/2.2.0/error_prone_annotations-2.2.0.jar:/home/user/.m2/repository/org/codehaus/mojo/animal-sniffer-annotations/1.17/animal-sniffer-annotations-1.17.jar:/home/user/.m2/repository/io/opencensus/opencensus-api/0.17.0/opencensus-api-0.17.0.jar:/home/user/.m2/repository/io/opencensus/opencensus-contrib-grpc-metrics/0.17.0/opencensus-contrib-grpc-metrics-0.17.0.jar:/home/user/.m2/repository/io/netty/netty-codec-http2/4.1.30.Final/netty-codec-http2-4.1.30.Final.jar:/home/user/.m2/repository/io/netty/netty-codec-http/4.1.30.Final/netty-codec-http-4.1.30.Final.jar:/home/user/.m2/repository/io/netty/netty-codec/4.1.30.Final/netty-codec-4.1.30.Final.jar:/home/user/.m2/repository/io/netty/netty-handler/4.1.30.Final/netty-handler-4.1.30.Final.jar:/home/user/.m2/repository/io/netty/netty-handler-proxy/4.1.30.Final/netty-handler-proxy-4.1.30.Final.jar:/home/user/.m2/repository/io/netty/netty-codec-socks/4.1.30.Final/netty-codec-socks-4.1.30.Final.jar:/home/user/.m2/repository/io/netty/netty-transport-native-epoll/4.1.30.Final/netty-transport-native-epoll-4.1.30.Final.jar:/home/user/.m2/repository/io/netty/netty-common/4.1.30.Final/netty-common-4.1.30.Final.jar:/home/user/.m2/repository/io/netty/netty-buffer/4.1.30.Final/netty-buffer-4.1.30.Final.jar:/home/user/.m2/repository/io/netty/netty-transport/4.1.30.Final/netty-transport-4.1.30.Final.jar:/home/user/.m2/repository/io/netty/netty-resolver/4.1.30.Final/netty-resolver-4.1.30.Final.jar:/home/user/.m2/repository/io/netty/netty-transport-native-unix-common/4.1.30.Final/netty-transport-native-unix-common-4.1.30.Final.jar:/home/user/.m2/repository/io/grpc/grpc-protobuf/1.17.1/grpc-protobuf-1.17.1.jar:/home/user/.m2/repository/com/google/api/grpc/proto-google-common-protos/1.0.0/proto-google-common-protos-1.0.0.jar:/home/user/.m2/repository/io/grpc/grpc-protobuf-lite/1.17.1/grpc-protobuf-lite-1.17.1.jar:/home/user/.m2/repository/io/grpc/grpc-stub/1.17.1/grpc-stub-1.17.1.jar:/home/user/.m2/repository/org/apache/hadoop/hadoop-ozone-recon/0.5.0-SNAPSHOT/hadoop-ozone-recon-0.5.0-SNAPSHOT.jar:/home/user/.m2/repository/org/apache/hadoop/hadoop-ozone-reconcodegen/0.5.0-SNAPSHOT/hadoop-ozone-reconcodegen-0.5.0-SNAPSHOT.jar:/home/user/.m2/repository/com/google/inject/extensions/guice-multibindings/4.0/guice-multibindings-4.0.jar:/home/user/.m2/repository/com/google/inject/guice/4.0/guice-4.0.jar:/home/user/.m2/repository/aopalliance/aopalliance/1.0/aopalliance-1.0.jar:/home/user/.m2/repository/com/google/inject/extensions/guice-servlet/4.0/guice-servlet-4.0.jar:/home/user/.m2/repository/org/glassfish/jersey/containers/jersey-container-servlet/2.27/jersey-container-servlet-2.27.jar:/home/user/.m2/repository/org/glassfish/hk2/guice-bridge/2.5.0/guice-bridge-2.5.0.jar:/home/user/.m2/repository/org/glassfish/jersey/core/jersey-server/2.27/jersey-server-2.27.jar:/home/user/.m2/repository/org/glassfish/jersey/core/jersey-client/2.27/jersey-client-2.27.jar:/home/user/.m2/repository/org/glassfish/jersey/media/jersey-media-jaxb/2.27/jersey-media-jaxb-2.27.jar:/home/user/.m2/repository/javax/validation/validation-api/1.1.0.Final/validation-api-1.1.0.Final.jar:/home/user/.m2/repository/org/glassfish/jersey/media/jersey-media-json-jackson/2.27/jersey-media-json-jackson-2.27.jar:/home/user/.m2/repository/org/glassfish/jersey/ext/jersey-entity-filtering/2.27/jersey-entity-filtering-2.27.jar:/home/user/.m2/repository/com/google/inject/extensions/guice-assistedinject/4.0/guice-assistedinject-4.0.jar:/home/user/.m2/repository/org/jooq/jooq/3.11.10/jooq-3.11.10.jar:/home/user/.m2/repository/org/jooq/jooq-meta/3.11.10/jooq-meta-3.11.10.jar:/home/user/.m2/repository/org/jooq/jooq-codegen/3.11.10/jooq-codegen-3.11.10.jar:/home/user/.m2/repository/com/jolbox/bonecp/0.8.0.RELEASE/bonecp-0.8.0.RELEASE.jar:/home/user/.m2/repository/org/springframework/spring-jdbc/5.1.3.RELEASE/spring-jdbc-5.1.3.RELEASE.jar:/home/user/.m2/repository/org/springframework/spring-beans/5.1.3.RELEASE/spring-beans-5.1.3.RELEASE.jar:/home/user/.m2/repository/org/springframework/spring-core/5.1.3.RELEASE/spring-core-5.1.3.RELEASE.jar:/home/user/.m2/repository/org/springframework/spring-jcl/5.1.3.RELEASE/spring-jcl-5.1.3.RELEASE.jar:/home/user/.m2/repository/org/springframework/spring-tx/5.1.3.RELEASE/spring-tx-5.1.3.RELEASE.jar:/home/user/.m2/repository/org/mockito/mockito-core/2.15.0/mockito-core-2.15.0.jar:/home/user/.m2/repository/net/bytebuddy/byte-buddy/1.7.9/byte-buddy-1.7.9.jar:/home/user/.m2/repository/net/bytebuddy/byte-buddy-agent/1.7.9/byte-buddy-agent-1.7.9.jar:/home/user/.m2/repository/org/objenesis/objenesis/1.0/objenesis-1.0.jar:"/>
    <property name="sun.cpu.endian" value="little"/>
    <property name="user.home" value="/home/user"/>
    <property name="user.language" value="en"/>
    <property name="java.specification.vendor" value="Oracle Corporation"/>
    <property name="java.home" value="/usr/lib/jvm/java-1.8.0-openjdk-1.8.0.222.b10-1.el7_7.x86_64/jre"/>
    <property name="surefire.excludesFile" value="/tools/ozone-bad-unit-tests"/>
    <property name="java.security.krb5.conf" value="/workdir/hadoop-ozone/tools/target/test-classes/krb5.conf"/>
    <property name="basedir" value="/workdir/hadoop-ozone/tools"/>
    <property name="file.separator" value="/"/>
    <property name="line.separator" value="&#10;"/>
    <property name="java.vm.specification.vendor" value="Oracle Corporation"/>
    <property name="java.specification.name" value="Java Platform API Specification"/>
    <property name="java.awt.graphicsenv" value="sun.awt.X11GraphicsEnvironment"/>
    <property name="surefire.real.class.path" value="/workdir/hadoop-ozone/tools/target/surefire/surefirebooter2172295844849297787.jar"/>
    <property name="hadoop.log.dir" value="/workdir/hadoop-ozone/tools/target/log"/>
    <property name="sun.boot.class.path" value="/usr/lib/jvm/java-1.8.0-openjdk-1.8.0.222.b10-1.el7_7.x86_64/jre/lib/resources.jar:/usr/lib/jvm/java-1.8.0-openjdk-1.8.0.222.b10-1.el7_7.x86_64/jre/lib/rt.jar:/usr/lib/jvm/java-1.8.0-openjdk-1.8.0.222.b10-1.el7_7.x86_64/jre/lib/sunrsasign.jar:/usr/lib/jvm/java-1.8.0-openjdk-1.8.0.222.b10-1.el7_7.x86_64/jre/lib/jsse.jar:/usr/lib/jvm/java-1.8.0-openjdk-1.8.0.222.b10-1.el7_7.x86_64/jre/lib/jce.jar:/usr/lib/jvm/java-1.8.0-openjdk-1.8.0.222.b10-1.el7_7.x86_64/jre/lib/charsets.jar:/usr/lib/jvm/java-1.8.0-openjdk-1.8.0.222.b10-1.el7_7.x86_64/jre/lib/jfr.jar:/usr/lib/jvm/java-1.8.0-openjdk-1.8.0.222.b10-1.el7_7.x86_64/jre/classes"/>
    <property name="sun.management.compiler" value="HotSpot 64-Bit Tiered Compilers"/>
    <property name="java.runtime.version" value="1.8.0_222-b10"/>
    <property name="java.net.preferIPv4Stack" value="true"/>
    <property name="user.name" value="jenkins1000"/>
    <property name="path.separator" value=":"/>
    <property name="java.security.egd" value="file:///dev/urandom"/>
    <property name="os.version" value="3.10.0-957.12.2.el7.x86_64"/>
    <property name="java.endorsed.dirs" value="/usr/lib/jvm/java-1.8.0-openjdk-1.8.0.222.b10-1.el7_7.x86_64/jre/lib/endorsed"/>
    <property name="java.runtime.name" value="OpenJDK Runtime Environment"/>
    <property name="file.encoding" value="ANSI_X3.4-1968"/>
    <property name="java.vm.name" value="OpenJDK 64-Bit Server VM"/>
    <property name="test.build.webapps" value=""/>
    <property name="localRepository" value="/home/user/.m2/repository"/>
    <property name="java.vendor.url.bug" value="http://bugreport.sun.com/bugreport/"/>
    <property name="java.io.tmpdir" value="/tmp"/>
    <property name="require.test.libhadoop" value=""/>
    <property name="java.version" value="1.8.0_222"/>
    <property name="user.dir" value="/workdir/hadoop-ozone/tools"/>
    <property name="os.arch" value="amd64"/>
    <property name="java.vm.specification.name" value="Java Virtual Machine Specification"/>
    <property name="test.build.classes" value="/workdir/hadoop-ozone/tools/target/test-classes"/>
    <property name="java.awt.printerjob" value="sun.print.PSPrinterJob"/>
    <property name="sun.os.patch.level" value="unknown"/>
    <property name="hadoop.tmp.dir" value="/workdir/hadoop-ozone/tools/target/tmp"/>
    <property name="java.library.path" value="/usr/lib:/workdir/hadoop-ozone/tools/target/native/target/usr/local/lib:/workdir/hadoop-ozone/tools/../../hadoop-common-project/hadoop-common/target/native/target/usr/local/lib:/usr/java/packages/lib/amd64:/usr/lib64:/lib64:/lib:/usr/lib"/>
    <property name="java.vm.info" value="mixed mode"/>
    <property name="java.vendor" value="Oracle Corporation"/>
    <property name="java.vm.version" value="25.222-b10"/>
    <property name="java.ext.dirs" value="/usr/lib/jvm/java-1.8.0-openjdk-1.8.0.222.b10-1.el7_7.x86_64/jre/lib/ext:/usr/java/packages/lib/ext"/>
    <property name="sun.io.unicode.encoding" value="UnicodeLittle"/>
    <property name="java.class.version" value="52.0"/>
  </properties>
  <testcase name="testRestart" classname="org.apache.hadoop.ozone.freon.TestFreonWithPipelineDestroy" time="18.809">
    <error message="INTERNAL_ERROR org.apache.hadoop.ozone.om.exceptions.OMException: Allocated 0 blocks. Requested 5 blocks" type="java.lang.RuntimeException">java.lang.RuntimeException: INTERNAL_ERROR org.apache.hadoop.ozone.om.exceptions.OMException: Allocated 0 blocks. Requested 5 blocks
	at org.apache.hadoop.ozone.freon.RandomKeyGenerator.call(RandomKeyGenerator.java:341)
	at org.apache.hadoop.ozone.freon.TestFreonWithPipelineDestroy.startFreon(TestFreonWithPipelineDestroy.java:87)
	at org.apache.hadoop.ozone.freon.TestFreonWithPipelineDestroy.testRestart(TestFreonWithPipelineDestroy.java:74)
	at sun.reflect.NativeMethodAccessorImpl.invoke0(Native Method)
	at sun.reflect.NativeMethodAccessorImpl.invoke(NativeMethodAccessorImpl.java:62)
	at sun.reflect.DelegatingMethodAccessorImpl.invoke(DelegatingMethodAccessorImpl.java:43)
	at java.lang.reflect.Method.invoke(Method.java:498)
	at org.junit.runners.model.FrameworkMethod$1.runReflectiveCall(FrameworkMethod.java:47)
	at org.junit.internal.runners.model.ReflectiveCallable.run(ReflectiveCallable.java:12)
	at org.junit.runners.model.FrameworkMethod.invokeExplosively(FrameworkMethod.java:44)
	at org.junit.internal.runners.statements.InvokeMethod.evaluate(InvokeMethod.java:17)
	at org.junit.runners.ParentRunner.runLeaf(ParentRunner.java:271)
	at org.junit.runners.BlockJUnit4ClassRunner.runChild(BlockJUnit4ClassRunner.java:70)
	at org.junit.runners.BlockJUnit4ClassRunner.runChild(BlockJUnit4ClassRunner.java:50)
	at org.junit.runners.ParentRunner$3.run(ParentRunner.java:238)
	at org.junit.runners.ParentRunner$1.schedule(ParentRunner.java:63)
	at org.junit.runners.ParentRunner.runChildren(ParentRunner.java:236)
	at org.junit.runners.ParentRunner.access$000(ParentRunner.java:53)
	at org.junit.runners.ParentRunner$2.evaluate(ParentRunner.java:229)
	at org.junit.internal.runners.statements.RunBefores.evaluate(RunBefores.java:26)
	at org.junit.internal.runners.statements.RunAfters.evaluate(RunAfters.java:27)
	at org.junit.runners.ParentRunner.run(ParentRunner.java:309)
	at org.apache.maven.surefire.junit4.JUnit4Provider.execute(JUnit4Provider.java:365)
	at org.apache.maven.surefire.junit4.JUnit4Provider.executeWithRerun(JUnit4Provider.java:273)
	at org.apache.maven.surefire.junit4.JUnit4Provider.executeTestSet(JUnit4Provider.java:238)
	at org.apache.maven.surefire.junit4.JUnit4Provider.invoke(JUnit4Provider.java:159)
	at org.apache.maven.surefire.booter.ForkedBooter.invokeProviderInSameClassLoader(ForkedBooter.java:384)
	at org.apache.maven.surefire.booter.ForkedBooter.runSuitesInProcess(ForkedBooter.java:345)
	at org.apache.maven.surefire.booter.ForkedBooter.execute(ForkedBooter.java:126)
	at org.apache.maven.surefire.booter.ForkedBooter.main(ForkedBooter.java:418)
Caused by: INTERNAL_ERROR org.apache.hadoop.ozone.om.exceptions.OMException: Allocated 0 blocks. Requested 5 blocks
	at org.apache.hadoop.ozone.om.protocolPB.OzoneManagerProtocolClientSideTranslatorPB.handleError(OzoneManagerProtocolClientSideTranslatorPB.java:761)
	at org.apache.hadoop.ozone.om.protocolPB.OzoneManagerProtocolClientSideTranslatorPB.openKey(OzoneManagerProtocolClientSideTranslatorPB.java:752)
	at sun.reflect.NativeMethodAccessorImpl.invoke0(Native Method)
	at sun.reflect.NativeMethodAccessorImpl.invoke(NativeMethodAccessorImpl.java:62)
	at sun.reflect.DelegatingMethodAccessorImpl.invoke(DelegatingMethodAccessorImpl.java:43)
	at java.lang.reflect.Method.invoke(Method.java:498)
	at org.apache.hadoop.hdds.tracing.TraceAllMethod.invoke(TraceAllMethod.java:66)
	at com.sun.proxy.$Proxy37.openKey(Unknown Source)
	at org.apache.hadoop.ozone.client.rpc.RpcClient.createKey(RpcClient.java:633)
	at org.apache.hadoop.ozone.client.OzoneBucket.createKey(OzoneBucket.java:325)
	at org.apache.hadoop.ozone.freon.RandomKeyGenerator.createKey(RandomKeyGenerator.java:697)
	at org.apache.hadoop.ozone.freon.RandomKeyGenerator.access$1100(RandomKeyGenerator.java:88)
	at org.apache.hadoop.ozone.freon.RandomKeyGenerator$ObjectCreator.run(RandomKeyGenerator.java:615)
	at java.util.concurrent.Executors$RunnableAdapter.call(Executors.java:511)
	at java.util.concurrent.FutureTask.run(FutureTask.java:266)
	at java.util.concurrent.ThreadPoolExecutor.runWorker(ThreadPoolExecutor.java:1149)
	at java.util.concurrent.ThreadPoolExecutor$Worker.run(ThreadPoolExecutor.java:624)
	at java.lang.Thread.run(Thread.java:748)
</error>
    <system-out><![CDATA[2019-11-16 01:44:56,969 [main] WARN  server.ServerUtils (ServerUtils.java:getScmDbDir(145)) - ozone.scm.db.dirs is not configured. We recommend adding this setting. Falling back to ozone.metadata.dirs instead.
2019-11-16 01:44:57,067 [main] WARN  server.ServerUtils (ServerUtils.java:getScmDbDir(145)) - ozone.scm.db.dirs is not configured. We recommend adding this setting. Falling back to ozone.metadata.dirs instead.
2019-11-16 01:44:57,070 [main] WARN  server.ServerUtils (ServerUtils.java:getScmDbDir(145)) - ozone.scm.db.dirs is not configured. We recommend adding this setting. Falling back to ozone.metadata.dirs instead.
2019-11-16 01:44:57,088 [main] INFO  util.log (Log.java:initialized(192)) - Logging initialized @807ms
2019-11-16 01:44:57,163 [main] INFO  db.DBStoreBuilder (DBStoreBuilder.java:addTable(127)) - using custom profile for table: deletedBlocks
2019-11-16 01:44:57,163 [main] INFO  db.DBStoreBuilder (DBStoreBuilder.java:processTables(183)) - Using default column profile:DBProfile.DISK for Table:deletedBlocks
2019-11-16 01:44:57,163 [main] INFO  db.DBStoreBuilder (DBStoreBuilder.java:addTable(127)) - using custom profile for table: validCerts
2019-11-16 01:44:57,163 [main] INFO  db.DBStoreBuilder (DBStoreBuilder.java:processTables(183)) - Using default column profile:DBProfile.DISK for Table:validCerts
2019-11-16 01:44:57,164 [main] INFO  db.DBStoreBuilder (DBStoreBuilder.java:addTable(127)) - using custom profile for table: revokedCerts
2019-11-16 01:44:57,164 [main] INFO  db.DBStoreBuilder (DBStoreBuilder.java:processTables(183)) - Using default column profile:DBProfile.DISK for Table:revokedCerts
2019-11-16 01:44:57,173 [main] INFO  db.DBStoreBuilder (DBStoreBuilder.java:addTable(127)) - using custom profile for table: default
2019-11-16 01:44:57,173 [main] INFO  db.DBStoreBuilder (DBStoreBuilder.java:processTables(189)) - Using default column profile:DBProfile.DISK for Table:default
2019-11-16 01:44:57,174 [main] INFO  db.DBStoreBuilder (DBStoreBuilder.java:getDbProfile(220)) - Using default options. DBProfile.DISK
2019-11-16 01:44:57,404 [main] INFO  net.NodeSchemaLoader (NodeSchemaLoader.java:loadSchemaFromFile(125)) - Loading file from sun.misc.CompoundEnumeration@5e0e82ae
2019-11-16 01:44:57,406 [main] INFO  net.NodeSchemaLoader (NodeSchemaLoader.java:loadSchema(171)) - Loading network topology layer schema file
2019-11-16 01:44:57,470 [main] INFO  node.SCMNodeManager (SCMNodeManager.java:<init>(116)) - Entering startup safe mode.
2019-11-16 01:44:57,540 [main] INFO  algorithms.ContainerPlacementPolicyFactory (ContainerPlacementPolicyFactory.java:getPolicy(57)) - Create container placement policy of type org.apache.hadoop.hdds.scm.container.placement.algorithms.SCMContainerPlacementRandom
2019-11-16 01:44:57,554 [main] WARN  server.ServerUtils (ServerUtils.java:getScmDbDir(145)) - ozone.scm.db.dirs is not configured. We recommend adding this setting. Falling back to ozone.metadata.dirs instead.
2019-11-16 01:44:57,613 [main] INFO  pipeline.SCMPipelineManager (SCMPipelineManager.java:initializePipelineState(132)) - No pipeline exists in current db
2019-11-16 01:44:57,615 [main] WARN  server.ServerUtils (ServerUtils.java:getScmDbDir(145)) - ozone.scm.db.dirs is not configured. We recommend adding this setting. Falling back to ozone.metadata.dirs instead.
2019-11-16 01:44:57,721 [main] WARN  events.EventQueue (EventQueue.java:fireEvent(183)) - No event handler registered for event TypedEvent{payloadType=SafeModeStatus, name='SafeModeStatus'}
2019-11-16 01:44:58,077 [main] INFO  ipc.CallQueueManager (CallQueueManager.java:<init>(84)) - Using callQueue: class java.util.concurrent.LinkedBlockingQueue, queueCapacity: 2000, scheduler: class org.apache.hadoop.ipc.DefaultRpcScheduler, ipcBackoff: false.
2019-11-16 01:44:58,101 [Socket Reader #1 for port 44551] INFO  ipc.Server (Server.java:run(1074)) - Starting Socket Reader #1 for port 44551
2019-11-16 01:44:58,236 [main] INFO  ipc.CallQueueManager (CallQueueManager.java:<init>(84)) - Using callQueue: class java.util.concurrent.LinkedBlockingQueue, queueCapacity: 2000, scheduler: class org.apache.hadoop.ipc.DefaultRpcScheduler, ipcBackoff: false.
2019-11-16 01:44:58,237 [Socket Reader #1 for port 32944] INFO  ipc.Server (Server.java:run(1074)) - Starting Socket Reader #1 for port 32944
2019-11-16 01:44:58,249 [main] INFO  ipc.CallQueueManager (CallQueueManager.java:<init>(84)) - Using callQueue: class java.util.concurrent.LinkedBlockingQueue, queueCapacity: 2000, scheduler: class org.apache.hadoop.ipc.DefaultRpcScheduler, ipcBackoff: false.
2019-11-16 01:44:58,251 [Socket Reader #1 for port 38159] INFO  ipc.Server (Server.java:run(1074)) - Starting Socket Reader #1 for port 38159
2019-11-16 01:44:58,283 [main] INFO  hdfs.DFSUtil (DFSUtil.java:httpServerTemplateForNNAndJN(1641)) - Starting Web-server for scm at: http://0.0.0.0:0
2019-11-16 01:44:58,434 [main] INFO  server.AuthenticationFilter (AuthenticationFilter.java:constructSecretProvider(240)) - Unable to initialize FileSignerSecretProvider, falling back to use random secrets.
2019-11-16 01:44:58,449 [main] WARN  http.HttpRequestLog (HttpRequestLog.java:getRequestLog(97)) - Jetty request log can only be enabled using Log4j
2019-11-16 01:44:58,458 [main] INFO  http.HttpServer2 (HttpServer2.java:addGlobalFilter(975)) - Added global filter 'safety' (class=org.apache.hadoop.http.HttpServer2$QuotingInputFilter)
2019-11-16 01:44:58,461 [main] INFO  http.HttpServer2 (HttpServer2.java:addFilter(948)) - Added filter static_user_filter (class=org.apache.hadoop.http.lib.StaticUserWebFilter$StaticUserFilter) to context scm
2019-11-16 01:44:58,461 [main] INFO  http.HttpServer2 (HttpServer2.java:addFilter(958)) - Added filter static_user_filter (class=org.apache.hadoop.http.lib.StaticUserWebFilter$StaticUserFilter) to context static
2019-11-16 01:44:58,461 [main] INFO  http.HttpServer2 (HttpServer2.java:addFilter(958)) - Added filter static_user_filter (class=org.apache.hadoop.http.lib.StaticUserWebFilter$StaticUserFilter) to context logs
2019-11-16 01:44:58,490 [main] INFO  server.StorageContainerManager (StorageContainerManager.java:start(766)) - StorageContainerLocationProtocol RPC server is listening at /0.0.0.0:38159
2019-11-16 01:44:58,546 [main] WARN  impl.MetricsConfig (MetricsConfig.java:loadFirst(134)) - Cannot locate configuration: tried hadoop-metrics2-storagecontainermanager.properties,hadoop-metrics2.properties
2019-11-16 01:44:58,559 [main] INFO  impl.MetricsSystemImpl (MetricsSystemImpl.java:startTimer(374)) - Scheduled Metric snapshot period at 10 second(s).
2019-11-16 01:44:58,560 [main] INFO  impl.MetricsSystemImpl (MetricsSystemImpl.java:start(191)) - StorageContainerManager metrics system started
2019-11-16 01:44:58,799 [main] INFO  server.SCMClientProtocolServer (SCMClientProtocolServer.java:start(160)) - RPC server for Client  is listening at /0.0.0.0:38159
2019-11-16 01:44:58,799 [IPC Server listener on 38159] INFO  ipc.Server (Server.java:run(1153)) - IPC Server listener on 38159: starting
2019-11-16 01:44:58,799 [IPC Server Responder] INFO  ipc.Server (Server.java:run(1314)) - IPC Server Responder: starting
2019-11-16 01:44:58,802 [main] INFO  server.StorageContainerManager (StorageContainerManager.java:start(776)) - ScmBlockLocationProtocol RPC server is listening at /0.0.0.0:32944
2019-11-16 01:44:58,803 [main] INFO  server.SCMBlockProtocolServer (SCMBlockProtocolServer.java:start(146)) - RPC server for Block Protocol is listening at /0.0.0.0:32944
2019-11-16 01:44:58,804 [IPC Server Responder] INFO  ipc.Server (Server.java:run(1314)) - IPC Server Responder: starting
2019-11-16 01:44:58,804 [IPC Server listener on 32944] INFO  ipc.Server (Server.java:run(1153)) - IPC Server listener on 32944: starting
2019-11-16 01:44:58,806 [main] INFO  server.StorageContainerManager (StorageContainerManager.java:start(780)) - ScmDatanodeProtocl RPC server is listening at /0.0.0.0:44551
2019-11-16 01:44:58,806 [main] INFO  server.SCMDatanodeProtocolServer (SCMDatanodeProtocolServer.java:start(169)) - RPC server for DataNodes is listening at /0.0.0.0:44551
2019-11-16 01:44:58,807 [IPC Server listener on 44551] INFO  ipc.Server (Server.java:run(1153)) - IPC Server listener on 44551: starting
2019-11-16 01:44:58,807 [IPC Server Responder] INFO  ipc.Server (Server.java:run(1314)) - IPC Server Responder: starting
2019-11-16 01:44:58,811 [main] INFO  http.HttpServer2 (HttpServer2.java:bindListener(1191)) - Jetty bound to port 38139
2019-11-16 01:44:58,812 [main] INFO  server.Server (Server.java:doStart(351)) - jetty-9.3.25.v20180904, build timestamp: 2018-09-04T21:11:46Z, git hash: 3ce520221d0240229c862b122d2b06c12a625732
2019-11-16 01:44:58,844 [main] INFO  handler.ContextHandler (ContextHandler.java:doStart(781)) - Started o.e.j.s.ServletContextHandler@56e8b606{/logs,file:///workdir/hadoop-ozone/tools/target/log,AVAILABLE}
2019-11-16 01:44:58,845 [main] INFO  handler.ContextHandler (ContextHandler.java:doStart(781)) - Started o.e.j.s.ServletContextHandler@40dff0b7{/static,jar:file:/home/user/.m2/repository/org/apache/hadoop/hadoop-hdds-server-scm/0.5.0-SNAPSHOT/hadoop-hdds-server-scm-0.5.0-SNAPSHOT.jar!/webapps/static,AVAILABLE}
2019-11-16 01:44:58,960 [main] INFO  handler.ContextHandler (ContextHandler.java:doStart(781)) - Started o.e.j.w.WebAppContext@5aceec94{/,file:///tmp/jetty-0.0.0.0-38139-scm-_-any-254577233482919380.dir/webapp/,AVAILABLE}{/scm}
2019-11-16 01:44:58,966 [main] INFO  server.AbstractConnector (AbstractConnector.java:doStart(278)) - Started ServerConnector@733c423e{HTTP/1.1,[http/1.1]}{0.0.0.0:38139}
2019-11-16 01:44:58,966 [main] INFO  server.Server (Server.java:doStart(419)) - Started @2685ms
2019-11-16 01:44:58,968 [main] INFO  impl.MetricsSinkAdapter (MetricsSinkAdapter.java:start(204)) - Sink prometheus started
2019-11-16 01:44:58,969 [main] INFO  impl.MetricsSystemImpl (MetricsSystemImpl.java:registerSink(301)) - Registered sink prometheus
2019-11-16 01:44:58,970 [main] INFO  server.BaseHttpServer (BaseHttpServer.java:updateConnectorAddress(215)) - HTTP server of SCM is listening at http://0.0.0.0:38139
2019-11-16 01:44:58,980 [org.apache.hadoop.util.JvmPauseMonitor$Monitor@1b5bc39d] INFO  util.JvmPauseMonitor (JvmPauseMonitor.java:run(188)) - Starting JVM pause monitor
2019-11-16 01:44:58,986 [main] WARN  server.ServerUtils (ServerUtils.java:getDBPath(222)) - ozone.om.db.dirs is not configured. We recommend adding this setting. Falling back to ozone.metadata.dirs instead.
2019-11-16 01:44:59,111 [main] INFO  ha.OMHANodeDetails (OMHANodeDetails.java:loadOMHAConfig(190)) - Configuration either no ozone.om.address set. Falling back to the default OM address /127.0.0.1:0
2019-11-16 01:44:59,112 [main] INFO  ha.OMHANodeDetails (OMHANodeDetails.java:getOMNodeDetails(220)) - OM Service ID is not set. Setting it to the default ID: omServiceIdDefault
2019-11-16 01:44:59,113 [main] WARN  server.ServerUtils (ServerUtils.java:getDBPath(222)) - ozone.om.db.dirs is not configured. We recommend adding this setting. Falling back to ozone.metadata.dirs instead.
2019-11-16 01:44:59,114 [main] WARN  server.ServerUtils (ServerUtils.java:getDBPath(222)) - ozone.om.db.dirs is not configured. We recommend adding this setting. Falling back to ozone.metadata.dirs instead.
2019-11-16 01:44:59,757 [main] WARN  server.ServerUtils (ServerUtils.java:getDBPath(222)) - ozone.om.db.dirs is not configured. We recommend adding this setting. Falling back to ozone.metadata.dirs instead.
2019-11-16 01:44:59,765 [main] INFO  db.DBStoreBuilder (DBStoreBuilder.java:addTable(127)) - using custom profile for table: userTable
2019-11-16 01:44:59,765 [main] INFO  db.DBStoreBuilder (DBStoreBuilder.java:processTables(183)) - Using default column profile:DBProfile.DISK for Table:userTable
2019-11-16 01:44:59,766 [main] INFO  db.DBStoreBuilder (DBStoreBuilder.java:addTable(127)) - using custom profile for table: volumeTable
2019-11-16 01:44:59,766 [main] INFO  db.DBStoreBuilder (DBStoreBuilder.java:processTables(183)) - Using default column profile:DBProfile.DISK for Table:volumeTable
2019-11-16 01:44:59,766 [main] INFO  db.DBStoreBuilder (DBStoreBuilder.java:addTable(127)) - using custom profile for table: bucketTable
2019-11-16 01:44:59,766 [main] INFO  db.DBStoreBuilder (DBStoreBuilder.java:processTables(183)) - Using default column profile:DBProfile.DISK for Table:bucketTable
2019-11-16 01:44:59,767 [main] INFO  db.DBStoreBuilder (DBStoreBuilder.java:addTable(127)) - using custom profile for table: keyTable
2019-11-16 01:44:59,767 [main] INFO  db.DBStoreBuilder (DBStoreBuilder.java:processTables(183)) - Using default column profile:DBProfile.DISK for Table:keyTable
2019-11-16 01:44:59,767 [main] INFO  db.DBStoreBuilder (DBStoreBuilder.java:addTable(127)) - using custom profile for table: deletedTable
2019-11-16 01:44:59,767 [main] INFO  db.DBStoreBuilder (DBStoreBuilder.java:processTables(183)) - Using default column profile:DBProfile.DISK for Table:deletedTable
2019-11-16 01:44:59,767 [main] INFO  db.DBStoreBuilder (DBStoreBuilder.java:addTable(127)) - using custom profile for table: openKeyTable
2019-11-16 01:44:59,768 [main] INFO  db.DBStoreBuilder (DBStoreBuilder.java:processTables(183)) - Using default column profile:DBProfile.DISK for Table:openKeyTable
2019-11-16 01:44:59,768 [main] INFO  db.DBStoreBuilder (DBStoreBuilder.java:addTable(127)) - using custom profile for table: s3Table
2019-11-16 01:44:59,768 [main] INFO  db.DBStoreBuilder (DBStoreBuilder.java:processTables(183)) - Using default column profile:DBProfile.DISK for Table:s3Table
2019-11-16 01:44:59,768 [main] INFO  db.DBStoreBuilder (DBStoreBuilder.java:addTable(127)) - using custom profile for table: multipartInfoTable
2019-11-16 01:44:59,768 [main] INFO  db.DBStoreBuilder (DBStoreBuilder.java:processTables(183)) - Using default column profile:DBProfile.DISK for Table:multipartInfoTable
2019-11-16 01:44:59,769 [main] INFO  db.DBStoreBuilder (DBStoreBuilder.java:addTable(127)) - using custom profile for table: dTokenTable
2019-11-16 01:44:59,769 [main] INFO  db.DBStoreBuilder (DBStoreBuilder.java:processTables(183)) - Using default column profile:DBProfile.DISK for Table:dTokenTable
2019-11-16 01:44:59,769 [main] INFO  db.DBStoreBuilder (DBStoreBuilder.java:addTable(127)) - using custom profile for table: s3SecretTable
2019-11-16 01:44:59,769 [main] INFO  db.DBStoreBuilder (DBStoreBuilder.java:processTables(183)) - Using default column profile:DBProfile.DISK for Table:s3SecretTable
2019-11-16 01:44:59,770 [main] INFO  db.DBStoreBuilder (DBStoreBuilder.java:addTable(127)) - using custom profile for table: prefixTable
2019-11-16 01:44:59,770 [main] INFO  db.DBStoreBuilder (DBStoreBuilder.java:processTables(183)) - Using default column profile:DBProfile.DISK for Table:prefixTable
2019-11-16 01:44:59,770 [main] INFO  db.DBStoreBuilder (DBStoreBuilder.java:addTable(127)) - using custom profile for table: default
2019-11-16 01:44:59,770 [main] INFO  db.DBStoreBuilder (DBStoreBuilder.java:processTables(189)) - Using default column profile:DBProfile.DISK for Table:default
2019-11-16 01:44:59,770 [main] INFO  db.DBStoreBuilder (DBStoreBuilder.java:getDbProfile(220)) - Using default options. DBProfile.DISK
2019-11-16 01:45:00,121 [main] INFO  ipc.CallQueueManager (CallQueueManager.java:<init>(84)) - Using callQueue: class java.util.concurrent.LinkedBlockingQueue, queueCapacity: 2000, scheduler: class org.apache.hadoop.ipc.DefaultRpcScheduler, ipcBackoff: false.
2019-11-16 01:45:00,122 [Socket Reader #1 for port 42043] INFO  ipc.Server (Server.java:run(1074)) - Starting Socket Reader #1 for port 42043
2019-11-16 01:45:00,148 [main] INFO  om.OzoneManager (OzoneManager.java:start(1077)) - OzoneManager RPC server is listening at localhost/127.0.0.1:42043
2019-11-16 01:45:00,148 [main] INFO  impl.MetricsSystemImpl (MetricsSystemImpl.java:init(158)) - OzoneManager metrics system started (again)
2019-11-16 01:45:00,155 [IPC Server Responder] INFO  ipc.Server (Server.java:run(1314)) - IPC Server Responder: starting
2019-11-16 01:45:00,155 [IPC Server listener on 42043] INFO  ipc.Server (Server.java:run(1153)) - IPC Server listener on 42043: starting
2019-11-16 01:45:00,160 [main] INFO  hdfs.DFSUtil (DFSUtil.java:httpServerTemplateForNNAndJN(1641)) - Starting Web-server for ozoneManager at: http://0.0.0.0:0
2019-11-16 01:45:00,163 [main] INFO  server.AuthenticationFilter (AuthenticationFilter.java:constructSecretProvider(240)) - Unable to initialize FileSignerSecretProvider, falling back to use random secrets.
2019-11-16 01:45:00,163 [main] WARN  http.HttpRequestLog (HttpRequestLog.java:getRequestLog(97)) - Jetty request log can only be enabled using Log4j
2019-11-16 01:45:00,166 [main] INFO  http.HttpServer2 (HttpServer2.java:addGlobalFilter(975)) - Added global filter 'safety' (class=org.apache.hadoop.http.HttpServer2$QuotingInputFilter)
2019-11-16 01:45:00,168 [main] INFO  http.HttpServer2 (HttpServer2.java:addFilter(948)) - Added filter static_user_filter (class=org.apache.hadoop.http.lib.StaticUserWebFilter$StaticUserFilter) to context ozoneManager
2019-11-16 01:45:00,168 [main] INFO  http.HttpServer2 (HttpServer2.java:addFilter(958)) - Added filter static_user_filter (class=org.apache.hadoop.http.lib.StaticUserWebFilter$StaticUserFilter) to context static
2019-11-16 01:45:00,168 [main] INFO  http.HttpServer2 (HttpServer2.java:addFilter(958)) - Added filter static_user_filter (class=org.apache.hadoop.http.lib.StaticUserWebFilter$StaticUserFilter) to context logs
2019-11-16 01:45:00,171 [main] INFO  http.HttpServer2 (HttpServer2.java:bindListener(1191)) - Jetty bound to port 37559
2019-11-16 01:45:00,172 [main] INFO  server.Server (Server.java:doStart(351)) - jetty-9.3.25.v20180904, build timestamp: 2018-09-04T21:11:46Z, git hash: 3ce520221d0240229c862b122d2b06c12a625732
2019-11-16 01:45:00,174 [main] INFO  handler.ContextHandler (ContextHandler.java:doStart(781)) - Started o.e.j.s.ServletContextHandler@340b7ef6{/logs,file:///workdir/hadoop-ozone/tools/target/log,AVAILABLE}
2019-11-16 01:45:00,175 [main] INFO  handler.ContextHandler (ContextHandler.java:doStart(781)) - Started o.e.j.s.ServletContextHandler@6050462a{/static,jar:file:/home/user/.m2/repository/org/apache/hadoop/hadoop-ozone-ozone-manager/0.5.0-SNAPSHOT/hadoop-ozone-ozone-manager-0.5.0-SNAPSHOT.jar!/webapps/static,AVAILABLE}
2019-11-16 01:45:00,241 [main] INFO  handler.ContextHandler (ContextHandler.java:doStart(781)) - Started o.e.j.w.WebAppContext@425d5d46{/,file:///tmp/jetty-0.0.0.0-37559-ozoneManager-_-any-2632564556350223161.dir/webapp/,AVAILABLE}{/ozoneManager}
2019-11-16 01:45:00,241 [main] INFO  server.AbstractConnector (AbstractConnector.java:doStart(278)) - Started ServerConnector@198ef2ce{HTTP/1.1,[http/1.1]}{0.0.0.0:37559}
2019-11-16 01:45:00,242 [main] INFO  server.Server (Server.java:doStart(419)) - Started @3960ms
2019-11-16 01:45:00,242 [main] WARN  impl.MetricsSystemImpl (MetricsSystemImpl.java:register(276)) - Sink prometheus already exists!
2019-11-16 01:45:00,242 [main] INFO  server.BaseHttpServer (BaseHttpServer.java:updateConnectorAddress(215)) - HTTP server of OZONEMANAGER is listening at http://0.0.0.0:37559
2019-11-16 01:45:00,511 [main] INFO  impl.MetricsSystemImpl (MetricsSystemImpl.java:init(158)) - HddsDatanode metrics system started (again)
2019-11-16 01:45:00,557 [main] INFO  ozone.HddsDatanodeService (HddsDatanodeService.java:start(186)) - HddsDatanodeService host:pr-hdds-2501-b5dhd-1197665634 ip:192.168.69.79
2019-11-16 01:45:00,606 [main] INFO  volume.HddsVolume (HddsVolume.java:<init>(176)) - Creating Volume: /workdir/hadoop-ozone/tools/target/test-dir/MiniOzoneClusterImpl-54a862c9-b613-4954-aace-0ae448b21960/datanode-0/data/containers/hdds of  storage type : DISK and capacity : 1482555576320
2019-11-16 01:45:00,608 [main] INFO  volume.VolumeSet (VolumeSet.java:initializeVolumeSet(170)) - Added Volume : /workdir/hadoop-ozone/tools/target/test-dir/MiniOzoneClusterImpl-54a862c9-b613-4954-aace-0ae448b21960/datanode-0/data/containers/hdds to VolumeSet
2019-11-16 01:45:00,612 [main] INFO  volume.ThrottledAsyncChecker (ThrottledAsyncChecker.java:schedule(141)) - Scheduling a check for /workdir/hadoop-ozone/tools/target/test-dir/MiniOzoneClusterImpl-54a862c9-b613-4954-aace-0ae448b21960/datanode-0/data/containers/hdds
2019-11-16 01:45:00,632 [main] INFO  volume.HddsVolumeChecker (HddsVolumeChecker.java:checkAllVolumes(204)) - Scheduled health check for volume /workdir/hadoop-ozone/tools/target/test-dir/MiniOzoneClusterImpl-54a862c9-b613-4954-aace-0ae448b21960/datanode-0/data/containers/hdds
2019-11-16 01:45:00,744 [main] INFO  impl.RaftServerProxy (ConfUtils.java:logGet(43)) - raft.rpc.type = GRPC (default)
2019-11-16 01:45:00,802 [main] INFO  grpc.GrpcFactory (GrpcFactory.java:checkPooledByteBufAllocatorUseCacheForAllThreads(45)) - PERFORMANCE WARNING: useCacheForAllThreads is true that may cause Netty to create a lot garbage objects and, as a result, trigger GC.
	It is recommended to disable useCacheForAllThreads by setting -Dorg.apache.ratis.thirdparty.io.netty.allocator.useCacheForAllThreads=false in command line.
2019-11-16 01:45:00,806 [main] INFO  grpc.GrpcConfigKeys$Server (ConfUtils.java:logGet(43)) - raft.grpc.server.port = 0 (default)
2019-11-16 01:45:00,807 [main] INFO  server.GrpcService (ConfUtils.java:logGet(43)) - raft.grpc.message.size.max = 33570816 (custom)
2019-11-16 01:45:00,809 [main] INFO  server.RaftServerConfigKeys (ConfUtils.java:logGet(43)) - raft.server.log.appender.buffer.byte-limit = 33554432 (custom)
2019-11-16 01:45:00,810 [main] INFO  server.GrpcService (ConfUtils.java:logGet(43)) - raft.grpc.flow.control.window = 1MB (=1048576) (default)
2019-11-16 01:45:00,810 [main] INFO  server.RaftServerConfigKeys (ConfUtils.java:logGet(43)) - raft.server.rpc.request.timeout = 3000ms (default)
2019-11-16 01:45:00,960 [main] INFO  server.RaftServerConfigKeys (ConfUtils.java:logGet(43)) - raft.server.storage.dir = [/workdir/hadoop-ozone/tools/target/test-dir/MiniOzoneClusterImpl-54a862c9-b613-4954-aace-0ae448b21960/datanode-0/data/ratis] (custom)
2019-11-16 01:45:01,007 [main] INFO  hdfs.DFSUtil (DFSUtil.java:httpServerTemplateForNNAndJN(1641)) - Starting Web-server for hddsDatanode at: http://0.0.0.0:0
2019-11-16 01:45:01,010 [main] INFO  server.AuthenticationFilter (AuthenticationFilter.java:constructSecretProvider(240)) - Unable to initialize FileSignerSecretProvider, falling back to use random secrets.
2019-11-16 01:45:01,011 [main] WARN  http.HttpRequestLog (HttpRequestLog.java:getRequestLog(97)) - Jetty request log can only be enabled using Log4j
2019-11-16 01:45:01,014 [main] INFO  http.HttpServer2 (HttpServer2.java:addGlobalFilter(975)) - Added global filter 'safety' (class=org.apache.hadoop.http.HttpServer2$QuotingInputFilter)
2019-11-16 01:45:01,015 [main] INFO  http.HttpServer2 (HttpServer2.java:addFilter(948)) - Added filter static_user_filter (class=org.apache.hadoop.http.lib.StaticUserWebFilter$StaticUserFilter) to context hddsDatanode
2019-11-16 01:45:01,016 [main] INFO  http.HttpServer2 (HttpServer2.java:addFilter(958)) - Added filter static_user_filter (class=org.apache.hadoop.http.lib.StaticUserWebFilter$StaticUserFilter) to context logs
2019-11-16 01:45:01,016 [main] INFO  http.HttpServer2 (HttpServer2.java:addFilter(958)) - Added filter static_user_filter (class=org.apache.hadoop.http.lib.StaticUserWebFilter$StaticUserFilter) to context static
2019-11-16 01:45:01,017 [main] INFO  http.HttpServer2 (HttpServer2.java:bindListener(1191)) - Jetty bound to port 33853
2019-11-16 01:45:01,018 [main] INFO  server.Server (Server.java:doStart(351)) - jetty-9.3.25.v20180904, build timestamp: 2018-09-04T21:11:46Z, git hash: 3ce520221d0240229c862b122d2b06c12a625732
2019-11-16 01:45:01,021 [main] INFO  handler.ContextHandler (ContextHandler.java:doStart(781)) - Started o.e.j.s.ServletContextHandler@1ba359bd{/logs,file:///workdir/hadoop-ozone/tools/target/log,AVAILABLE}
2019-11-16 01:45:01,022 [main] INFO  handler.ContextHandler (ContextHandler.java:doStart(781)) - Started o.e.j.s.ServletContextHandler@673919a7{/static,jar:file:/home/user/.m2/repository/org/apache/hadoop/hadoop-hdds-container-service/0.5.0-SNAPSHOT/hadoop-hdds-container-service-0.5.0-SNAPSHOT.jar!/webapps/static,AVAILABLE}
2019-11-16 01:45:01,069 [main] INFO  handler.ContextHandler (ContextHandler.java:doStart(781)) - Started o.e.j.w.WebAppContext@546e61d5{/,file:///tmp/jetty-0.0.0.0-33853-hddsDatanode-_-any-9173536344384578479.dir/webapp/,AVAILABLE}{/hddsDatanode}
2019-11-16 01:45:01,070 [main] INFO  server.AbstractConnector (AbstractConnector.java:doStart(278)) - Started ServerConnector@4674d90{HTTP/1.1,[http/1.1]}{0.0.0.0:33853}
2019-11-16 01:45:01,073 [main] INFO  server.Server (Server.java:doStart(419)) - Started @4792ms
2019-11-16 01:45:01,074 [main] WARN  impl.MetricsSystemImpl (MetricsSystemImpl.java:register(276)) - Sink prometheus already exists!
2019-11-16 01:45:01,075 [main] INFO  server.BaseHttpServer (BaseHttpServer.java:updateConnectorAddress(215)) - HTTP server of HDDSDATANODE is listening at http://0.0.0.0:33853
2019-11-16 01:45:01,076 [main] INFO  impl.MetricsSystemImpl (MetricsSystemImpl.java:init(158)) - HddsDatanode metrics system started (again)
2019-11-16 01:45:01,080 [main] INFO  ozone.HddsDatanodeService (HddsDatanodeService.java:start(186)) - HddsDatanodeService host:pr-hdds-2501-b5dhd-1197665634 ip:192.168.69.79
2019-11-16 01:45:01,083 [org.apache.hadoop.util.JvmPauseMonitor$Monitor@50d17513] INFO  util.JvmPauseMonitor (JvmPauseMonitor.java:run(188)) - Starting JVM pause monitor
2019-11-16 01:45:01,091 [main] INFO  volume.HddsVolume (HddsVolume.java:<init>(176)) - Creating Volume: /workdir/hadoop-ozone/tools/target/test-dir/MiniOzoneClusterImpl-54a862c9-b613-4954-aace-0ae448b21960/datanode-1/data/containers/hdds of  storage type : DISK and capacity : 1482555576320
2019-11-16 01:45:01,091 [main] INFO  volume.VolumeSet (VolumeSet.java:initializeVolumeSet(170)) - Added Volume : /workdir/hadoop-ozone/tools/target/test-dir/MiniOzoneClusterImpl-54a862c9-b613-4954-aace-0ae448b21960/datanode-1/data/containers/hdds to VolumeSet
2019-11-16 01:45:01,092 [main] INFO  volume.ThrottledAsyncChecker (ThrottledAsyncChecker.java:schedule(141)) - Scheduling a check for /workdir/hadoop-ozone/tools/target/test-dir/MiniOzoneClusterImpl-54a862c9-b613-4954-aace-0ae448b21960/datanode-1/data/containers/hdds
2019-11-16 01:45:01,093 [main] INFO  volume.HddsVolumeChecker (HddsVolumeChecker.java:checkAllVolumes(204)) - Scheduled health check for volume /workdir/hadoop-ozone/tools/target/test-dir/MiniOzoneClusterImpl-54a862c9-b613-4954-aace-0ae448b21960/datanode-1/data/containers/hdds
2019-11-16 01:45:01,115 [main] INFO  impl.RaftServerProxy (ConfUtils.java:logGet(43)) - raft.rpc.type = GRPC (default)
2019-11-16 01:45:01,116 [main] INFO  grpc.GrpcFactory (GrpcFactory.java:checkPooledByteBufAllocatorUseCacheForAllThreads(45)) - PERFORMANCE WARNING: useCacheForAllThreads is true that may cause Netty to create a lot garbage objects and, as a result, trigger GC.
	It is recommended to disable useCacheForAllThreads by setting -Dorg.apache.ratis.thirdparty.io.netty.allocator.useCacheForAllThreads=false in command line.
2019-11-16 01:45:01,116 [main] INFO  grpc.GrpcConfigKeys$Server (ConfUtils.java:logGet(43)) - raft.grpc.server.port = 0 (default)
2019-11-16 01:45:01,116 [main] INFO  server.GrpcService (ConfUtils.java:logGet(43)) - raft.grpc.message.size.max = 33570816 (custom)
2019-11-16 01:45:01,117 [main] INFO  server.RaftServerConfigKeys (ConfUtils.java:logGet(43)) - raft.server.log.appender.buffer.byte-limit = 33554432 (custom)
2019-11-16 01:45:01,117 [main] INFO  server.GrpcService (ConfUtils.java:logGet(43)) - raft.grpc.flow.control.window = 1MB (=1048576) (default)
2019-11-16 01:45:01,118 [main] INFO  server.RaftServerConfigKeys (ConfUtils.java:logGet(43)) - raft.server.rpc.request.timeout = 3000ms (default)
2019-11-16 01:45:01,120 [main] INFO  server.RaftServerConfigKeys (ConfUtils.java:logGet(43)) - raft.server.storage.dir = [/workdir/hadoop-ozone/tools/target/test-dir/MiniOzoneClusterImpl-54a862c9-b613-4954-aace-0ae448b21960/datanode-1/data/ratis] (custom)
2019-11-16 01:45:01,122 [main] INFO  hdfs.DFSUtil (DFSUtil.java:httpServerTemplateForNNAndJN(1641)) - Starting Web-server for hddsDatanode at: http://0.0.0.0:0
2019-11-16 01:45:01,124 [main] INFO  server.AuthenticationFilter (AuthenticationFilter.java:constructSecretProvider(240)) - Unable to initialize FileSignerSecretProvider, falling back to use random secrets.
2019-11-16 01:45:01,124 [main] WARN  http.HttpRequestLog (HttpRequestLog.java:getRequestLog(97)) - Jetty request log can only be enabled using Log4j
2019-11-16 01:45:01,126 [main] INFO  http.HttpServer2 (HttpServer2.java:addGlobalFilter(975)) - Added global filter 'safety' (class=org.apache.hadoop.http.HttpServer2$QuotingInputFilter)
2019-11-16 01:45:01,127 [main] INFO  http.HttpServer2 (HttpServer2.java:addFilter(948)) - Added filter static_user_filter (class=org.apache.hadoop.http.lib.StaticUserWebFilter$StaticUserFilter) to context hddsDatanode
2019-11-16 01:45:01,127 [main] INFO  http.HttpServer2 (HttpServer2.java:addFilter(958)) - Added filter static_user_filter (class=org.apache.hadoop.http.lib.StaticUserWebFilter$StaticUserFilter) to context static
2019-11-16 01:45:01,127 [main] INFO  http.HttpServer2 (HttpServer2.java:addFilter(958)) - Added filter static_user_filter (class=org.apache.hadoop.http.lib.StaticUserWebFilter$StaticUserFilter) to context logs
2019-11-16 01:45:01,128 [main] INFO  http.HttpServer2 (HttpServer2.java:bindListener(1191)) - Jetty bound to port 35093
2019-11-16 01:45:01,128 [main] INFO  server.Server (Server.java:doStart(351)) - jetty-9.3.25.v20180904, build timestamp: 2018-09-04T21:11:46Z, git hash: 3ce520221d0240229c862b122d2b06c12a625732
2019-11-16 01:45:01,131 [main] INFO  handler.ContextHandler (ContextHandler.java:doStart(781)) - Started o.e.j.s.ServletContextHandler@2f37f1f9{/logs,file:///workdir/hadoop-ozone/tools/target/log,AVAILABLE}
2019-11-16 01:45:01,131 [main] INFO  handler.ContextHandler (ContextHandler.java:doStart(781)) - Started o.e.j.s.ServletContextHandler@2af69643{/static,jar:file:/home/user/.m2/repository/org/apache/hadoop/hadoop-hdds-container-service/0.5.0-SNAPSHOT/hadoop-hdds-container-service-0.5.0-SNAPSHOT.jar!/webapps/static,AVAILABLE}
2019-11-16 01:45:01,163 [main] INFO  handler.ContextHandler (ContextHandler.java:doStart(781)) - Started o.e.j.w.WebAppContext@5d43409a{/,file:///tmp/jetty-0.0.0.0-35093-hddsDatanode-_-any-7242192609069385330.dir/webapp/,AVAILABLE}{/hddsDatanode}
2019-11-16 01:45:01,164 [main] INFO  server.AbstractConnector (AbstractConnector.java:doStart(278)) - Started ServerConnector@38d17d80{HTTP/1.1,[http/1.1]}{0.0.0.0:35093}
2019-11-16 01:45:01,164 [main] INFO  server.Server (Server.java:doStart(419)) - Started @4883ms
2019-11-16 01:45:01,165 [main] WARN  impl.MetricsSystemImpl (MetricsSystemImpl.java:register(276)) - Sink prometheus already exists!
2019-11-16 01:45:01,166 [main] INFO  server.BaseHttpServer (BaseHttpServer.java:updateConnectorAddress(215)) - HTTP server of HDDSDATANODE is listening at http://0.0.0.0:35093
2019-11-16 01:45:01,167 [main] INFO  impl.MetricsSystemImpl (MetricsSystemImpl.java:init(158)) - HddsDatanode metrics system started (again)
2019-11-16 01:45:01,170 [org.apache.hadoop.util.JvmPauseMonitor$Monitor@5d2d63c7] INFO  util.JvmPauseMonitor (JvmPauseMonitor.java:run(188)) - Starting JVM pause monitor
2019-11-16 01:45:01,171 [main] INFO  ozone.HddsDatanodeService (HddsDatanodeService.java:start(186)) - HddsDatanodeService host:pr-hdds-2501-b5dhd-1197665634 ip:192.168.69.79
2019-11-16 01:45:01,181 [main] INFO  volume.HddsVolume (HddsVolume.java:<init>(176)) - Creating Volume: /workdir/hadoop-ozone/tools/target/test-dir/MiniOzoneClusterImpl-54a862c9-b613-4954-aace-0ae448b21960/datanode-2/data/containers/hdds of  storage type : DISK and capacity : 1482555576320
2019-11-16 01:45:01,182 [main] INFO  volume.VolumeSet (VolumeSet.java:initializeVolumeSet(170)) - Added Volume : /workdir/hadoop-ozone/tools/target/test-dir/MiniOzoneClusterImpl-54a862c9-b613-4954-aace-0ae448b21960/datanode-2/data/containers/hdds to VolumeSet
2019-11-16 01:45:01,182 [main] INFO  volume.ThrottledAsyncChecker (ThrottledAsyncChecker.java:schedule(141)) - Scheduling a check for /workdir/hadoop-ozone/tools/target/test-dir/MiniOzoneClusterImpl-54a862c9-b613-4954-aace-0ae448b21960/datanode-2/data/containers/hdds
2019-11-16 01:45:01,183 [main] INFO  volume.HddsVolumeChecker (HddsVolumeChecker.java:checkAllVolumes(204)) - Scheduled health check for volume /workdir/hadoop-ozone/tools/target/test-dir/MiniOzoneClusterImpl-54a862c9-b613-4954-aace-0ae448b21960/datanode-2/data/containers/hdds
2019-11-16 01:45:01,192 [Datanode State Machine Thread - 0] INFO  datanode.InitDatanodeState (InitDatanodeState.java:persistContainerDatanodeDetails(140)) - DatanodeDetails is persisted to /workdir/hadoop-ozone/tools/target/test-dir/MiniOzoneClusterImpl-54a862c9-b613-4954-aace-0ae448b21960/datanode-0/meta/datanode.id
2019-11-16 01:45:01,196 [Datanode State Machine Thread - 0] INFO  datanode.InitDatanodeState (InitDatanodeState.java:persistContainerDatanodeDetails(140)) - DatanodeDetails is persisted to /workdir/hadoop-ozone/tools/target/test-dir/MiniOzoneClusterImpl-54a862c9-b613-4954-aace-0ae448b21960/datanode-1/meta/datanode.id
2019-11-16 01:45:01,208 [main] INFO  impl.RaftServerProxy (ConfUtils.java:logGet(43)) - raft.rpc.type = GRPC (default)
2019-11-16 01:45:01,208 [main] INFO  grpc.GrpcFactory (GrpcFactory.java:checkPooledByteBufAllocatorUseCacheForAllThreads(45)) - PERFORMANCE WARNING: useCacheForAllThreads is true that may cause Netty to create a lot garbage objects and, as a result, trigger GC.
	It is recommended to disable useCacheForAllThreads by setting -Dorg.apache.ratis.thirdparty.io.netty.allocator.useCacheForAllThreads=false in command line.
2019-11-16 01:45:01,208 [main] INFO  grpc.GrpcConfigKeys$Server (ConfUtils.java:logGet(43)) - raft.grpc.server.port = 0 (default)
2019-11-16 01:45:01,208 [main] INFO  server.GrpcService (ConfUtils.java:logGet(43)) - raft.grpc.message.size.max = 33570816 (custom)
2019-11-16 01:45:01,209 [main] INFO  server.RaftServerConfigKeys (ConfUtils.java:logGet(43)) - raft.server.log.appender.buffer.byte-limit = 33554432 (custom)
2019-11-16 01:45:01,209 [main] INFO  server.GrpcService (ConfUtils.java:logGet(43)) - raft.grpc.flow.control.window = 1MB (=1048576) (default)
2019-11-16 01:45:01,209 [main] INFO  server.RaftServerConfigKeys (ConfUtils.java:logGet(43)) - raft.server.rpc.request.timeout = 3000ms (default)
2019-11-16 01:45:01,210 [main] INFO  server.RaftServerConfigKeys (ConfUtils.java:logGet(43)) - raft.server.storage.dir = [/workdir/hadoop-ozone/tools/target/test-dir/MiniOzoneClusterImpl-54a862c9-b613-4954-aace-0ae448b21960/datanode-2/data/ratis] (custom)
2019-11-16 01:45:01,213 [main] INFO  hdfs.DFSUtil (DFSUtil.java:httpServerTemplateForNNAndJN(1641)) - Starting Web-server for hddsDatanode at: http://0.0.0.0:0
2019-11-16 01:45:01,215 [main] INFO  server.AuthenticationFilter (AuthenticationFilter.java:constructSecretProvider(240)) - Unable to initialize FileSignerSecretProvider, falling back to use random secrets.
2019-11-16 01:45:01,215 [main] WARN  http.HttpRequestLog (HttpRequestLog.java:getRequestLog(97)) - Jetty request log can only be enabled using Log4j
2019-11-16 01:45:01,217 [main] INFO  http.HttpServer2 (HttpServer2.java:addGlobalFilter(975)) - Added global filter 'safety' (class=org.apache.hadoop.http.HttpServer2$QuotingInputFilter)
2019-11-16 01:45:01,218 [main] INFO  http.HttpServer2 (HttpServer2.java:addFilter(948)) - Added filter static_user_filter (class=org.apache.hadoop.http.lib.StaticUserWebFilter$StaticUserFilter) to context hddsDatanode
2019-11-16 01:45:01,218 [main] INFO  http.HttpServer2 (HttpServer2.java:addFilter(958)) - Added filter static_user_filter (class=org.apache.hadoop.http.lib.StaticUserWebFilter$StaticUserFilter) to context logs
2019-11-16 01:45:01,219 [main] INFO  http.HttpServer2 (HttpServer2.java:addFilter(958)) - Added filter static_user_filter (class=org.apache.hadoop.http.lib.StaticUserWebFilter$StaticUserFilter) to context static
2019-11-16 01:45:01,220 [main] INFO  http.HttpServer2 (HttpServer2.java:bindListener(1191)) - Jetty bound to port 44300
2019-11-16 01:45:01,220 [main] INFO  server.Server (Server.java:doStart(351)) - jetty-9.3.25.v20180904, build timestamp: 2018-09-04T21:11:46Z, git hash: 3ce520221d0240229c862b122d2b06c12a625732
2019-11-16 01:45:01,224 [main] INFO  handler.ContextHandler (ContextHandler.java:doStart(781)) - Started o.e.j.s.ServletContextHandler@70228253{/logs,file:///workdir/hadoop-ozone/tools/target/log,AVAILABLE}
2019-11-16 01:45:01,224 [main] INFO  handler.ContextHandler (ContextHandler.java:doStart(781)) - Started o.e.j.s.ServletContextHandler@21bd20ee{/static,jar:file:/home/user/.m2/repository/org/apache/hadoop/hadoop-hdds-container-service/0.5.0-SNAPSHOT/hadoop-hdds-container-service-0.5.0-SNAPSHOT.jar!/webapps/static,AVAILABLE}
2019-11-16 01:45:01,262 [main] INFO  handler.ContextHandler (ContextHandler.java:doStart(781)) - Started o.e.j.w.WebAppContext@68a4dcc6{/,file:///tmp/jetty-0.0.0.0-44300-hddsDatanode-_-any-1778612590706192146.dir/webapp/,AVAILABLE}{/hddsDatanode}
2019-11-16 01:45:01,263 [main] INFO  server.AbstractConnector (AbstractConnector.java:doStart(278)) - Started ServerConnector@646c0a67{HTTP/1.1,[http/1.1]}{0.0.0.0:44300}
2019-11-16 01:45:01,264 [main] INFO  server.Server (Server.java:doStart(419)) - Started @4982ms
2019-11-16 01:45:01,264 [main] WARN  impl.MetricsSystemImpl (MetricsSystemImpl.java:register(276)) - Sink prometheus already exists!
2019-11-16 01:45:01,267 [main] INFO  server.BaseHttpServer (BaseHttpServer.java:updateConnectorAddress(215)) - HTTP server of HDDSDATANODE is listening at http://0.0.0.0:44300
2019-11-16 01:45:01,269 [main] INFO  ozone.MiniOzoneClusterImpl (MiniOzoneClusterImpl.java:lambda$waitForClusterToBeReady$2(171)) - Waiting for cluster to be ready. Got 0 of 3 DN Heartbeats.
2019-11-16 01:45:01,270 [org.apache.hadoop.util.JvmPauseMonitor$Monitor@4083e4e] INFO  util.JvmPauseMonitor (JvmPauseMonitor.java:run(188)) - Starting JVM pause monitor
2019-11-16 01:45:01,274 [Datanode State Machine Thread - 0] INFO  datanode.InitDatanodeState (InitDatanodeState.java:persistContainerDatanodeDetails(140)) - DatanodeDetails is persisted to /workdir/hadoop-ozone/tools/target/test-dir/MiniOzoneClusterImpl-54a862c9-b613-4954-aace-0ae448b21960/datanode-2/meta/datanode.id
2019-11-16 01:45:02,269 [main] INFO  ozone.MiniOzoneClusterImpl (MiniOzoneClusterImpl.java:lambda$waitForClusterToBeReady$2(171)) - Waiting for cluster to be ready. Got 0 of 3 DN Heartbeats.
2019-11-16 01:45:03,161 [Datanode State Machine Thread - 0] INFO  ozoneimpl.OzoneContainer (OzoneContainer.java:start(230)) - Attempting to start container services.
2019-11-16 01:45:03,163 [Datanode State Machine Thread - 0] INFO  ozoneimpl.OzoneContainer (OzoneContainer.java:startContainerScrub(194)) - Background container scanner has been disabled.
2019-11-16 01:45:03,164 [Datanode State Machine Thread - 0] INFO  ratis.XceiverServerRatis (XceiverServerRatis.java:start(421)) - Starting XceiverServerRatis 90d7adde-f2eb-4e5e-a05e-61e2bdd55e52 at port 0
2019-11-16 01:45:03,189 [Datanode State Machine Thread - 0] INFO  impl.RaftServerProxy (RaftServerProxy.java:lambda$start$3(299)) - 90d7adde-f2eb-4e5e-a05e-61e2bdd55e52: start RPC server
2019-11-16 01:45:03,194 [Datanode State Machine Thread - 0] INFO  ozoneimpl.OzoneContainer (OzoneContainer.java:start(230)) - Attempting to start container services.
2019-11-16 01:45:03,201 [Datanode State Machine Thread - 0] INFO  ozoneimpl.OzoneContainer (OzoneContainer.java:startContainerScrub(194)) - Background container scanner has been disabled.
2019-11-16 01:45:03,201 [Datanode State Machine Thread - 0] INFO  ratis.XceiverServerRatis (XceiverServerRatis.java:start(421)) - Starting XceiverServerRatis 851c9616-fbeb-440c-ab33-564129e62f8a at port 0
2019-11-16 01:45:03,211 [Datanode State Machine Thread - 0] INFO  impl.RaftServerProxy (RaftServerProxy.java:lambda$start$3(299)) - 851c9616-fbeb-440c-ab33-564129e62f8a: start RPC server
2019-11-16 01:45:03,270 [main] INFO  ozone.MiniOzoneClusterImpl (MiniOzoneClusterImpl.java:lambda$waitForClusterToBeReady$2(171)) - Waiting for cluster to be ready. Got 0 of 3 DN Heartbeats.
2019-11-16 01:45:03,280 [Datanode State Machine Thread - 0] INFO  ozoneimpl.OzoneContainer (OzoneContainer.java:start(230)) - Attempting to start container services.
2019-11-16 01:45:03,281 [Datanode State Machine Thread - 0] INFO  ozoneimpl.OzoneContainer (OzoneContainer.java:startContainerScrub(194)) - Background container scanner has been disabled.
2019-11-16 01:45:03,282 [Datanode State Machine Thread - 0] INFO  ratis.XceiverServerRatis (XceiverServerRatis.java:start(421)) - Starting XceiverServerRatis 954b9a87-ad06-45b1-96aa-3a2262204195 at port 0
2019-11-16 01:45:03,291 [Datanode State Machine Thread - 0] INFO  impl.RaftServerProxy (RaftServerProxy.java:lambda$start$3(299)) - 954b9a87-ad06-45b1-96aa-3a2262204195: start RPC server
2019-11-16 01:45:03,326 [Datanode State Machine Thread - 0] INFO  server.GrpcService (GrpcService.java:startImpl(158)) - 90d7adde-f2eb-4e5e-a05e-61e2bdd55e52: GrpcService started, listening on 0.0.0.0/0.0.0.0:41431
2019-11-16 01:45:03,326 [Datanode State Machine Thread - 0] INFO  server.GrpcService (GrpcService.java:startImpl(158)) - 851c9616-fbeb-440c-ab33-564129e62f8a: GrpcService started, listening on 0.0.0.0/0.0.0.0:34859
2019-11-16 01:45:03,327 [Datanode State Machine Thread - 0] INFO  ratis.XceiverServerRatis (XceiverServerRatis.java:start(431)) - XceiverServerRatis 90d7adde-f2eb-4e5e-a05e-61e2bdd55e52 is started using port 41431
2019-11-16 01:45:03,326 [Datanode State Machine Thread - 0] INFO  server.GrpcService (GrpcService.java:startImpl(158)) - 954b9a87-ad06-45b1-96aa-3a2262204195: GrpcService started, listening on 0.0.0.0/0.0.0.0:37833
2019-11-16 01:45:03,327 [Datanode State Machine Thread - 0] INFO  ratis.XceiverServerRatis (XceiverServerRatis.java:start(431)) - XceiverServerRatis 851c9616-fbeb-440c-ab33-564129e62f8a is started using port 34859
2019-11-16 01:45:03,328 [Datanode State Machine Thread - 0] INFO  ratis.XceiverServerRatis (XceiverServerRatis.java:start(431)) - XceiverServerRatis 954b9a87-ad06-45b1-96aa-3a2262204195 is started using port 37833
2019-11-16 01:45:03,331 [Datanode State Machine Thread - 0] INFO  server.XceiverServerGrpc (XceiverServerGrpc.java:start(145)) - XceiverServerGrpc 90d7adde-f2eb-4e5e-a05e-61e2bdd55e52 is started using port 43810
2019-11-16 01:45:03,332 [Datanode State Machine Thread - 0] INFO  server.XceiverServerGrpc (XceiverServerGrpc.java:start(145)) - XceiverServerGrpc 851c9616-fbeb-440c-ab33-564129e62f8a is started using port 44229
2019-11-16 01:45:03,331 [Datanode State Machine Thread - 0] INFO  server.XceiverServerGrpc (XceiverServerGrpc.java:start(145)) - XceiverServerGrpc 954b9a87-ad06-45b1-96aa-3a2262204195 is started using port 39785
2019-11-16 01:45:04,271 [main] INFO  ozone.MiniOzoneClusterImpl (MiniOzoneClusterImpl.java:lambda$waitForClusterToBeReady$2(171)) - Waiting for cluster to be ready. Got 0 of 3 DN Heartbeats.
2019-11-16 01:45:05,141 [IPC Server handler 0 on 44551] INFO  net.NetworkTopology (NetworkTopologyImpl.java:add(111)) - Added a new node: /default-rack/90d7adde-f2eb-4e5e-a05e-61e2bdd55e52
2019-11-16 01:45:05,142 [IPC Server handler 0 on 44551] INFO  node.SCMNodeManager (SCMNodeManager.java:register(267)) - Registered Data node : 90d7adde-f2eb-4e5e-a05e-61e2bdd55e52{ip: 192.168.69.79, host: pr-hdds-2501-b5dhd-1197665634, networkLocation: /default-rack, certSerialId: null}
2019-11-16 01:45:05,146 [EventQueue-NodeRegistrationContainerReportForDataNodeSafeModeRule] INFO  safemode.SCMSafeModeManager (DataNodeSafeModeRule.java:process(71)) - SCM in safe mode. 1 DataNodes registered, 1 required.
2019-11-16 01:45:05,146 [EventQueue-NodeRegistrationContainerReportForDataNodeSafeModeRule] INFO  safemode.SCMSafeModeManager (SCMSafeModeManager.java:validateSafeModeExitRules(177)) - ScmSafeModeManager, all rules are successfully validated
2019-11-16 01:45:05,146 [EventQueue-NodeRegistrationContainerReportForDataNodeSafeModeRule] INFO  safemode.SCMSafeModeManager (SCMSafeModeManager.java:exitSafeMode(193)) - SCM exiting safe mode.
2019-11-16 01:45:05,173 [IPC Server handler 3 on 44551] INFO  net.NetworkTopology (NetworkTopologyImpl.java:add(111)) - Added a new node: /default-rack/851c9616-fbeb-440c-ab33-564129e62f8a
2019-11-16 01:45:05,174 [IPC Server handler 3 on 44551] INFO  node.SCMNodeManager (SCMNodeManager.java:register(267)) - Registered Data node : 851c9616-fbeb-440c-ab33-564129e62f8a{ip: 192.168.69.79, host: pr-hdds-2501-b5dhd-1197665634, networkLocation: /default-rack, certSerialId: null}
2019-11-16 01:45:05,274 [IPC Server handler 4 on 44551] INFO  net.NetworkTopology (NetworkTopologyImpl.java:add(111)) - Added a new node: /default-rack/954b9a87-ad06-45b1-96aa-3a2262204195
2019-11-16 01:45:05,274 [IPC Server handler 4 on 44551] INFO  node.SCMNodeManager (SCMNodeManager.java:register(267)) - Registered Data node : 954b9a87-ad06-45b1-96aa-3a2262204195{ip: 192.168.69.79, host: pr-hdds-2501-b5dhd-1197665634, networkLocation: /default-rack, certSerialId: null}
2019-11-16 01:45:05,650 [grpc-default-executor-0] INFO  impl.RaftServerProxy (RaftServerProxy.java:addNew(89)) - 90d7adde-f2eb-4e5e-a05e-61e2bdd55e52: addNew group-D2FC641245AE:[90d7adde-f2eb-4e5e-a05e-61e2bdd55e52:192.168.69.79:41431] returns group-D2FC641245AE:java.util.concurrent.CompletableFuture@5c98e69b[Not completed]
2019-11-16 01:45:05,666 [pool-27-thread-1] INFO  impl.RaftServerImpl (RaftServerImpl.java:<init>(98)) - 90d7adde-f2eb-4e5e-a05e-61e2bdd55e52: new RaftServerImpl for group-D2FC641245AE:[90d7adde-f2eb-4e5e-a05e-61e2bdd55e52:192.168.69.79:41431] with ContainerStateMachine:uninitialized
2019-11-16 01:45:05,669 [pool-27-thread-1] INFO  server.RaftServerConfigKeys (ConfUtils.java:logGet(43)) - raft.server.rpc.timeout.min = 5s (custom)
2019-11-16 01:45:05,670 [pool-27-thread-1] INFO  server.RaftServerConfigKeys (ConfUtils.java:logGet(43)) - raft.server.rpc.timeout.max = 5200ms (custom)
2019-11-16 01:45:05,670 [pool-27-thread-1] INFO  server.RaftServerConfigKeys (ConfUtils.java:logGet(43)) - raft.server.rpcslowness.timeout = 120s (custom)
2019-11-16 01:45:05,672 [pool-27-thread-1] INFO  server.RaftServerConfigKeys (ConfUtils.java:logGet(43)) - raft.server.sleep.deviation.threshold = 300 (default)
2019-11-16 01:45:05,673 [pool-27-thread-1] INFO  server.RaftServerConfigKeys (ConfUtils.java:logGet(43)) - raft.server.log.appender.install.snapshot.enabled = false (custom)
2019-11-16 01:45:05,682 [pool-27-thread-1] INFO  impl.RaftServerImpl (ServerState.java:<init>(103)) - 90d7adde-f2eb-4e5e-a05e-61e2bdd55e52@group-D2FC641245AE: ConfigurationManager, init=-1: [90d7adde-f2eb-4e5e-a05e-61e2bdd55e52:192.168.69.79:41431], old=null, confs=<EMPTY_MAP>
2019-11-16 01:45:05,682 [pool-27-thread-1] INFO  server.RaftServerConfigKeys (ConfUtils.java:logGet(43)) - raft.server.storage.dir = [/workdir/hadoop-ozone/tools/target/test-dir/MiniOzoneClusterImpl-54a862c9-b613-4954-aace-0ae448b21960/datanode-0/data/ratis] (custom)
2019-11-16 01:45:05,691 [pool-27-thread-1] INFO  server.RaftServerConfigKeys (ConfUtils.java:logGet(43)) - raft.server.log.corruption.policy = EXCEPTION (default)
2019-11-16 01:45:05,693 [pool-27-thread-1] INFO  storage.RaftStorageDirectory (RaftStorageDirectory.java:analyzeStorage(246)) - The storage directory /workdir/hadoop-ozone/tools/target/test-dir/MiniOzoneClusterImpl-54a862c9-b613-4954-aace-0ae448b21960/datanode-0/data/ratis/7445ea9c-386a-48a1-ad5d-d2fc641245ae does not exist. Creating ...
2019-11-16 01:45:05,714 [pool-27-thread-1] INFO  storage.RaftStorageDirectory (RaftStorageDirectory.java:tryLock(328)) - Lock on /workdir/hadoop-ozone/tools/target/test-dir/MiniOzoneClusterImpl-54a862c9-b613-4954-aace-0ae448b21960/datanode-0/data/ratis/7445ea9c-386a-48a1-ad5d-d2fc641245ae/in_use.lock acquired by nodename 20153@pr-hdds-2501-b5dhd-1197665634
2019-11-16 01:45:05,730 [pool-27-thread-1] INFO  storage.RaftStorage (RaftStorage.java:format(84)) - Storage directory /workdir/hadoop-ozone/tools/target/test-dir/MiniOzoneClusterImpl-54a862c9-b613-4954-aace-0ae448b21960/datanode-0/data/ratis/7445ea9c-386a-48a1-ad5d-d2fc641245ae has been successfully formatted.
2019-11-16 01:45:05,733 [pool-27-thread-1] INFO  ratis.ContainerStateMachine (ContainerStateMachine.java:loadSnapshot(223)) - group-D2FC641245AE: The snapshot info is null. Setting the last applied indexto:(t:0, i:~)
2019-11-16 01:45:05,733 [pool-27-thread-1] INFO  server.RaftServerConfigKeys (ConfUtils.java:logGet(43)) - raft.server.notification.no-leader.timeout = 120s (custom)
2019-11-16 01:45:05,735 [pool-27-thread-1] INFO  server.RaftServerConfigKeys (ConfUtils.java:logGet(43)) - raft.server.log.use.memory = false (default)
2019-11-16 01:45:05,742 [pool-27-thread-1] INFO  server.RaftServerConfigKeys (ConfUtils.java:logGet(43)) - raft.server.log.purge.gap = 1000000 (custom)
2019-11-16 01:45:05,742 [pool-27-thread-1] INFO  server.RaftServerConfigKeys (ConfUtils.java:logGet(43)) - raft.server.log.appender.buffer.byte-limit = 33554432 (custom)
2019-11-16 01:45:05,745 [pool-27-thread-1] INFO  server.RaftServerConfigKeys (ConfUtils.java:logGet(43)) - raft.server.log.segment.size.max = 1048576 (custom)
2019-11-16 01:45:05,750 [pool-27-thread-1] INFO  metrics.MetricRegistries (MetricRegistriesLoader.java:load(64)) - Loaded MetricRegistries class org.apache.ratis.metrics.impl.MetricRegistriesImpl
2019-11-16 01:45:05,755 [pool-27-thread-1] WARN  impl.MetricRegistriesImpl (MetricRegistriesImpl.java:lambda$create$1(61)) - First MetricRegistry has been created without registering reporters. You may need to call MetricRegistries.global().addReportRegistration(...) before.
2019-11-16 01:45:05,761 [pool-27-thread-1] INFO  server.RaftServerConfigKeys (ConfUtils.java:logGet(43)) - raft.server.log.segment.cache.num.max = 2 (custom)
2019-11-16 01:45:05,767 [pool-27-thread-1] INFO  segmented.SegmentedRaftLogWorker (SegmentedRaftLogWorker.java:<init>(173)) - new 90d7adde-f2eb-4e5e-a05e-61e2bdd55e52@group-D2FC641245AE-SegmentedRaftLogWorker for RaftStorage:Storage Directory /workdir/hadoop-ozone/tools/target/test-dir/MiniOzoneClusterImpl-54a862c9-b613-4954-aace-0ae448b21960/datanode-0/data/ratis/7445ea9c-386a-48a1-ad5d-d2fc641245ae
2019-11-16 01:45:05,768 [pool-27-thread-1] INFO  server.RaftServerConfigKeys (ConfUtils.java:logGet(43)) - raft.server.log.queue.byte-limit = 2147483647 (custom)
2019-11-16 01:45:05,768 [pool-27-thread-1] INFO  server.RaftServerConfigKeys (ConfUtils.java:logGet(43)) - raft.server.log.queue.element-limit = 1024 (custom)
2019-11-16 01:45:05,770 [pool-27-thread-1] INFO  server.RaftServerConfigKeys (ConfUtils.java:logGet(43)) - raft.server.log.segment.size.max = 1048576 (custom)
2019-11-16 01:45:05,770 [pool-27-thread-1] INFO  server.RaftServerConfigKeys (ConfUtils.java:logGet(43)) - raft.server.log.preallocated.size = 16384 (custom)
2019-11-16 01:45:05,771 [pool-27-thread-1] INFO  server.RaftServerConfigKeys (ConfUtils.java:logGet(43)) - raft.server.log.write.buffer.size = 33554432 (custom)
2019-11-16 01:45:05,771 [pool-27-thread-1] INFO  server.RaftServerConfigKeys (ConfUtils.java:logGet(43)) - raft.server.log.force.sync.num = 128 (default)
2019-11-16 01:45:05,773 [pool-27-thread-1] INFO  server.RaftServerConfigKeys (ConfUtils.java:logGet(43)) - raft.server.log.statemachine.data.sync = true (default)
2019-11-16 01:45:05,773 [pool-27-thread-1] INFO  server.RaftServerConfigKeys (ConfUtils.java:logGet(43)) - raft.server.log.statemachine.data.sync.timeout = 10s (default)
2019-11-16 01:45:05,773 [pool-27-thread-1] INFO  server.RaftServerConfigKeys (ConfUtils.java:logGet(43)) - raft.server.log.statemachine.data.sync.timeout.retry = -1 (default)
2019-11-16 01:45:05,786 [pool-27-thread-1] INFO  server.RaftServerConfigKeys (ConfUtils.java:logGet(43)) - raft.server.log.statemachine.data.caching.enabled = true (custom)
2019-11-16 01:45:05,791 [pool-27-thread-1] INFO  segmented.SegmentedRaftLogWorker (SegmentedRaftLogWorker.java:lambda$new$0(128)) - 90d7adde-f2eb-4e5e-a05e-61e2bdd55e52@group-D2FC641245AE-SegmentedRaftLogWorker: flushIndex: setUnconditionally 0 -> -1
2019-11-16 01:45:05,795 [pool-27-thread-1] INFO  server.RaftServerConfigKeys (ConfUtils.java:logGet(43)) - raft.server.snapshot.auto.trigger.enabled = true (custom)
2019-11-16 01:45:05,796 [pool-27-thread-1] INFO  server.RaftServerConfigKeys (ConfUtils.java:logGet(43)) - raft.server.snapshot.auto.trigger.threshold = 10000 (custom)
2019-11-16 01:45:05,796 [pool-27-thread-1] INFO  server.RaftServerConfigKeys (ConfUtils.java:logGet(43)) - raft.server.snapshot.retention.file.num = 5 (custom)
2019-11-16 01:45:05,797 [pool-27-thread-1] INFO  server.RaftServerConfigKeys (ConfUtils.java:logGet(43)) - raft.server.retrycache.expirytime = 600000ms (custom)
2019-11-16 01:45:05,825 [pool-27-thread-1] WARN  impl.MetricRegistriesImpl (MetricRegistriesImpl.java:lambda$create$1(61)) - First MetricRegistry has been created without registering reporters. You may need to call MetricRegistries.global().addReportRegistration(...) before.
2019-11-16 01:45:05,827 [pool-27-thread-1] WARN  impl.MetricRegistriesImpl (MetricRegistriesImpl.java:lambda$create$1(61)) - First MetricRegistry has been created without registering reporters. You may need to call MetricRegistries.global().addReportRegistration(...) before.
2019-11-16 01:45:05,829 [pool-27-thread-1] INFO  impl.RaftServerImpl (RaftServerImpl.java:start(184)) - 90d7adde-f2eb-4e5e-a05e-61e2bdd55e52@group-D2FC641245AE: start as a follower, conf=-1: [90d7adde-f2eb-4e5e-a05e-61e2bdd55e52:192.168.69.79:41431], old=null
2019-11-16 01:45:05,831 [pool-27-thread-1] INFO  impl.RaftServerImpl (RaftServerImpl.java:setRole(173)) - 90d7adde-f2eb-4e5e-a05e-61e2bdd55e52@group-D2FC641245AE: changes role from      null to FOLLOWER at term 0 for startAsFollower
2019-11-16 01:45:05,832 [pool-27-thread-1] INFO  impl.RoleInfo (RoleInfo.java:updateAndGet(143)) - 90d7adde-f2eb-4e5e-a05e-61e2bdd55e52: start FollowerState
2019-11-16 01:45:05,835 [pool-27-thread-1] INFO  util.JmxRegister (JmxRegister.java:tryRegister(44)) - Successfully registered JMX Bean with object name Ratis:service=RaftServer,group=group-D2FC641245AE,id=90d7adde-f2eb-4e5e-a05e-61e2bdd55e52
2019-11-16 01:45:05,836 [pool-27-thread-1] WARN  impl.MetricRegistriesImpl (MetricRegistriesImpl.java:lambda$create$1(61)) - First MetricRegistry has been created without registering reporters. You may need to call MetricRegistries.global().addReportRegistration(...) before.
2019-11-16 01:45:05,900 [RatisPipelineUtilsThread] INFO  pipeline.PipelineStateManager (PipelineStateManager.java:addPipeline(55)) - Created pipeline Pipeline[ Id: 7445ea9c-386a-48a1-ad5d-d2fc641245ae, Nodes: 90d7adde-f2eb-4e5e-a05e-61e2bdd55e52{ip: 192.168.69.79, host: pr-hdds-2501-b5dhd-1197665634, networkLocation: /default-rack, certSerialId: null}, Type:RATIS, Factor:ONE, State:ALLOCATED]
2019-11-16 01:45:05,917 [grpc-default-executor-0] INFO  impl.RaftServerProxy (RaftServerProxy.java:addNew(89)) - 851c9616-fbeb-440c-ab33-564129e62f8a: addNew group-DB8959867260:[851c9616-fbeb-440c-ab33-564129e62f8a:192.168.69.79:34859] returns group-DB8959867260:java.util.concurrent.CompletableFuture@15b7b755[Not completed]
2019-11-16 01:45:05,938 [pool-37-thread-1] INFO  impl.RaftServerImpl (RaftServerImpl.java:<init>(98)) - 851c9616-fbeb-440c-ab33-564129e62f8a: new RaftServerImpl for group-DB8959867260:[851c9616-fbeb-440c-ab33-564129e62f8a:192.168.69.79:34859] with ContainerStateMachine:uninitialized
2019-11-16 01:45:05,939 [pool-37-thread-1] INFO  server.RaftServerConfigKeys (ConfUtils.java:logGet(43)) - raft.server.rpc.timeout.min = 5s (custom)
2019-11-16 01:45:05,939 [pool-37-thread-1] INFO  server.RaftServerConfigKeys (ConfUtils.java:logGet(43)) - raft.server.rpc.timeout.max = 5200ms (custom)
2019-11-16 01:45:05,939 [pool-37-thread-1] INFO  server.RaftServerConfigKeys (ConfUtils.java:logGet(43)) - raft.server.rpcslowness.timeout = 120s (custom)
2019-11-16 01:45:05,940 [pool-37-thread-1] INFO  server.RaftServerConfigKeys (ConfUtils.java:logGet(43)) - raft.server.sleep.deviation.threshold = 300 (default)
2019-11-16 01:45:05,940 [pool-37-thread-1] INFO  server.RaftServerConfigKeys (ConfUtils.java:logGet(43)) - raft.server.log.appender.install.snapshot.enabled = false (custom)
2019-11-16 01:45:05,940 [pool-37-thread-1] INFO  impl.RaftServerImpl (ServerState.java:<init>(103)) - 851c9616-fbeb-440c-ab33-564129e62f8a@group-DB8959867260: ConfigurationManager, init=-1: [851c9616-fbeb-440c-ab33-564129e62f8a:192.168.69.79:34859], old=null, confs=<EMPTY_MAP>
2019-11-16 01:45:05,940 [pool-37-thread-1] INFO  server.RaftServerConfigKeys (ConfUtils.java:logGet(43)) - raft.server.storage.dir = [/workdir/hadoop-ozone/tools/target/test-dir/MiniOzoneClusterImpl-54a862c9-b613-4954-aace-0ae448b21960/datanode-1/data/ratis] (custom)
2019-11-16 01:45:05,941 [pool-37-thread-1] INFO  server.RaftServerConfigKeys (ConfUtils.java:logGet(43)) - raft.server.log.corruption.policy = EXCEPTION (default)
2019-11-16 01:45:05,941 [pool-37-thread-1] INFO  storage.RaftStorageDirectory (RaftStorageDirectory.java:analyzeStorage(246)) - The storage directory /workdir/hadoop-ozone/tools/target/test-dir/MiniOzoneClusterImpl-54a862c9-b613-4954-aace-0ae448b21960/datanode-1/data/ratis/6e43f7dc-f823-499a-828f-db8959867260 does not exist. Creating ...
2019-11-16 01:45:05,955 [pool-37-thread-1] INFO  storage.RaftStorageDirectory (RaftStorageDirectory.java:tryLock(328)) - Lock on /workdir/hadoop-ozone/tools/target/test-dir/MiniOzoneClusterImpl-54a862c9-b613-4954-aace-0ae448b21960/datanode-1/data/ratis/6e43f7dc-f823-499a-828f-db8959867260/in_use.lock acquired by nodename 20153@pr-hdds-2501-b5dhd-1197665634
2019-11-16 01:45:05,969 [pool-37-thread-1] INFO  storage.RaftStorage (RaftStorage.java:format(84)) - Storage directory /workdir/hadoop-ozone/tools/target/test-dir/MiniOzoneClusterImpl-54a862c9-b613-4954-aace-0ae448b21960/datanode-1/data/ratis/6e43f7dc-f823-499a-828f-db8959867260 has been successfully formatted.
2019-11-16 01:45:05,970 [pool-37-thread-1] INFO  ratis.ContainerStateMachine (ContainerStateMachine.java:loadSnapshot(223)) - group-DB8959867260: The snapshot info is null. Setting the last applied indexto:(t:0, i:~)
2019-11-16 01:45:05,971 [pool-37-thread-1] INFO  server.RaftServerConfigKeys (ConfUtils.java:logGet(43)) - raft.server.notification.no-leader.timeout = 120s (custom)
2019-11-16 01:45:05,971 [pool-37-thread-1] INFO  server.RaftServerConfigKeys (ConfUtils.java:logGet(43)) - raft.server.log.use.memory = false (default)
2019-11-16 01:45:05,971 [pool-37-thread-1] INFO  server.RaftServerConfigKeys (ConfUtils.java:logGet(43)) - raft.server.log.purge.gap = 1000000 (custom)
2019-11-16 01:45:05,971 [pool-37-thread-1] INFO  server.RaftServerConfigKeys (ConfUtils.java:logGet(43)) - raft.server.log.appender.buffer.byte-limit = 33554432 (custom)
2019-11-16 01:45:05,972 [pool-37-thread-1] INFO  server.RaftServerConfigKeys (ConfUtils.java:logGet(43)) - raft.server.log.segment.size.max = 1048576 (custom)
2019-11-16 01:45:05,972 [pool-37-thread-1] WARN  impl.MetricRegistriesImpl (MetricRegistriesImpl.java:lambda$create$1(61)) - First MetricRegistry has been created without registering reporters. You may need to call MetricRegistries.global().addReportRegistration(...) before.
2019-11-16 01:45:05,973 [pool-37-thread-1] INFO  server.RaftServerConfigKeys (ConfUtils.java:logGet(43)) - raft.server.log.segment.cache.num.max = 2 (custom)
2019-11-16 01:45:05,973 [pool-37-thread-1] INFO  segmented.SegmentedRaftLogWorker (SegmentedRaftLogWorker.java:<init>(173)) - new 851c9616-fbeb-440c-ab33-564129e62f8a@group-DB8959867260-SegmentedRaftLogWorker for RaftStorage:Storage Directory /workdir/hadoop-ozone/tools/target/test-dir/MiniOzoneClusterImpl-54a862c9-b613-4954-aace-0ae448b21960/datanode-1/data/ratis/6e43f7dc-f823-499a-828f-db8959867260
2019-11-16 01:45:05,974 [pool-37-thread-1] INFO  server.RaftServerConfigKeys (ConfUtils.java:logGet(43)) - raft.server.log.queue.byte-limit = 2147483647 (custom)
2019-11-16 01:45:05,974 [pool-37-thread-1] INFO  server.RaftServerConfigKeys (ConfUtils.java:logGet(43)) - raft.server.log.queue.element-limit = 1024 (custom)
2019-11-16 01:45:05,974 [pool-37-thread-1] INFO  server.RaftServerConfigKeys (ConfUtils.java:logGet(43)) - raft.server.log.segment.size.max = 1048576 (custom)
2019-11-16 01:45:05,974 [pool-37-thread-1] INFO  server.RaftServerConfigKeys (ConfUtils.java:logGet(43)) - raft.server.log.preallocated.size = 16384 (custom)
2019-11-16 01:45:05,974 [pool-37-thread-1] INFO  server.RaftServerConfigKeys (ConfUtils.java:logGet(43)) - raft.server.log.write.buffer.size = 33554432 (custom)
2019-11-16 01:45:05,974 [pool-37-thread-1] INFO  server.RaftServerConfigKeys (ConfUtils.java:logGet(43)) - raft.server.log.force.sync.num = 128 (default)
2019-11-16 01:45:05,974 [pool-37-thread-1] INFO  server.RaftServerConfigKeys (ConfUtils.java:logGet(43)) - raft.server.log.statemachine.data.sync = true (default)
2019-11-16 01:45:05,975 [pool-37-thread-1] INFO  server.RaftServerConfigKeys (ConfUtils.java:logGet(43)) - raft.server.log.statemachine.data.sync.timeout = 10s (default)
2019-11-16 01:45:05,975 [pool-37-thread-1] INFO  server.RaftServerConfigKeys (ConfUtils.java:logGet(43)) - raft.server.log.statemachine.data.sync.timeout.retry = -1 (default)
2019-11-16 01:45:05,975 [pool-37-thread-1] INFO  server.RaftServerConfigKeys (ConfUtils.java:logGet(43)) - raft.server.log.statemachine.data.caching.enabled = true (custom)
2019-11-16 01:45:05,976 [pool-37-thread-1] INFO  segmented.SegmentedRaftLogWorker (SegmentedRaftLogWorker.java:lambda$new$0(128)) - 851c9616-fbeb-440c-ab33-564129e62f8a@group-DB8959867260-SegmentedRaftLogWorker: flushIndex: setUnconditionally 0 -> -1
2019-11-16 01:45:05,976 [pool-37-thread-1] INFO  server.RaftServerConfigKeys (ConfUtils.java:logGet(43)) - raft.server.snapshot.auto.trigger.enabled = true (custom)
2019-11-16 01:45:05,976 [pool-37-thread-1] INFO  server.RaftServerConfigKeys (ConfUtils.java:logGet(43)) - raft.server.snapshot.auto.trigger.threshold = 10000 (custom)
2019-11-16 01:45:05,976 [pool-37-thread-1] INFO  server.RaftServerConfigKeys (ConfUtils.java:logGet(43)) - raft.server.snapshot.retention.file.num = 5 (custom)
2019-11-16 01:45:05,977 [pool-37-thread-1] INFO  server.RaftServerConfigKeys (ConfUtils.java:logGet(43)) - raft.server.retrycache.expirytime = 600000ms (custom)
2019-11-16 01:45:05,977 [pool-37-thread-1] WARN  impl.MetricRegistriesImpl (MetricRegistriesImpl.java:lambda$create$1(61)) - First MetricRegistry has been created without registering reporters. You may need to call MetricRegistries.global().addReportRegistration(...) before.
2019-11-16 01:45:05,977 [pool-37-thread-1] WARN  impl.MetricRegistriesImpl (MetricRegistriesImpl.java:lambda$create$1(61)) - First MetricRegistry has been created without registering reporters. You may need to call MetricRegistries.global().addReportRegistration(...) before.
2019-11-16 01:45:05,977 [pool-37-thread-1] INFO  impl.RaftServerImpl (RaftServerImpl.java:start(184)) - 851c9616-fbeb-440c-ab33-564129e62f8a@group-DB8959867260: start as a follower, conf=-1: [851c9616-fbeb-440c-ab33-564129e62f8a:192.168.69.79:34859], old=null
2019-11-16 01:45:05,977 [pool-37-thread-1] INFO  impl.RaftServerImpl (RaftServerImpl.java:setRole(173)) - 851c9616-fbeb-440c-ab33-564129e62f8a@group-DB8959867260: changes role from      null to FOLLOWER at term 0 for startAsFollower
2019-11-16 01:45:05,978 [pool-37-thread-1] INFO  impl.RoleInfo (RoleInfo.java:updateAndGet(143)) - 851c9616-fbeb-440c-ab33-564129e62f8a: start FollowerState
2019-11-16 01:45:05,979 [pool-37-thread-1] INFO  util.JmxRegister (JmxRegister.java:tryRegister(44)) - Successfully registered JMX Bean with object name Ratis:service=RaftServer,group=group-DB8959867260,id=851c9616-fbeb-440c-ab33-564129e62f8a
2019-11-16 01:45:05,979 [pool-37-thread-1] WARN  impl.MetricRegistriesImpl (MetricRegistriesImpl.java:lambda$create$1(61)) - First MetricRegistry has been created without registering reporters. You may need to call MetricRegistries.global().addReportRegistration(...) before.
2019-11-16 01:45:05,989 [RatisPipelineUtilsThread] INFO  pipeline.PipelineStateManager (PipelineStateManager.java:addPipeline(55)) - Created pipeline Pipeline[ Id: 6e43f7dc-f823-499a-828f-db8959867260, Nodes: 851c9616-fbeb-440c-ab33-564129e62f8a{ip: 192.168.69.79, host: pr-hdds-2501-b5dhd-1197665634, networkLocation: /default-rack, certSerialId: null}, Type:RATIS, Factor:ONE, State:ALLOCATED]
2019-11-16 01:45:06,005 [grpc-default-executor-0] INFO  impl.RaftServerProxy (RaftServerProxy.java:addNew(89)) - 954b9a87-ad06-45b1-96aa-3a2262204195: addNew group-D1515E457793:[954b9a87-ad06-45b1-96aa-3a2262204195:192.168.69.79:37833] returns group-D1515E457793:java.util.concurrent.CompletableFuture@309d78ec[Not completed]
2019-11-16 01:45:06,020 [pool-47-thread-1] INFO  impl.RaftServerImpl (RaftServerImpl.java:<init>(98)) - 954b9a87-ad06-45b1-96aa-3a2262204195: new RaftServerImpl for group-D1515E457793:[954b9a87-ad06-45b1-96aa-3a2262204195:192.168.69.79:37833] with ContainerStateMachine:uninitialized
2019-11-16 01:45:06,021 [pool-47-thread-1] INFO  server.RaftServerConfigKeys (ConfUtils.java:logGet(43)) - raft.server.rpc.timeout.min = 5s (custom)
2019-11-16 01:45:06,021 [pool-47-thread-1] INFO  server.RaftServerConfigKeys (ConfUtils.java:logGet(43)) - raft.server.rpc.timeout.max = 5200ms (custom)
2019-11-16 01:45:06,021 [pool-47-thread-1] INFO  server.RaftServerConfigKeys (ConfUtils.java:logGet(43)) - raft.server.rpcslowness.timeout = 120s (custom)
2019-11-16 01:45:06,022 [pool-47-thread-1] INFO  server.RaftServerConfigKeys (ConfUtils.java:logGet(43)) - raft.server.sleep.deviation.threshold = 300 (default)
2019-11-16 01:45:06,022 [pool-47-thread-1] INFO  server.RaftServerConfigKeys (ConfUtils.java:logGet(43)) - raft.server.log.appender.install.snapshot.enabled = false (custom)
2019-11-16 01:45:06,022 [pool-47-thread-1] INFO  impl.RaftServerImpl (ServerState.java:<init>(103)) - 954b9a87-ad06-45b1-96aa-3a2262204195@group-D1515E457793: ConfigurationManager, init=-1: [954b9a87-ad06-45b1-96aa-3a2262204195:192.168.69.79:37833], old=null, confs=<EMPTY_MAP>
2019-11-16 01:45:06,022 [pool-47-thread-1] INFO  server.RaftServerConfigKeys (ConfUtils.java:logGet(43)) - raft.server.storage.dir = [/workdir/hadoop-ozone/tools/target/test-dir/MiniOzoneClusterImpl-54a862c9-b613-4954-aace-0ae448b21960/datanode-2/data/ratis] (custom)
2019-11-16 01:45:06,023 [pool-47-thread-1] INFO  server.RaftServerConfigKeys (ConfUtils.java:logGet(43)) - raft.server.log.corruption.policy = EXCEPTION (default)
2019-11-16 01:45:06,023 [pool-47-thread-1] INFO  storage.RaftStorageDirectory (RaftStorageDirectory.java:analyzeStorage(246)) - The storage directory /workdir/hadoop-ozone/tools/target/test-dir/MiniOzoneClusterImpl-54a862c9-b613-4954-aace-0ae448b21960/datanode-2/data/ratis/e5f0b5de-7cca-414f-b7a2-d1515e457793 does not exist. Creating ...
2019-11-16 01:45:06,036 [pool-47-thread-1] INFO  storage.RaftStorageDirectory (RaftStorageDirectory.java:tryLock(328)) - Lock on /workdir/hadoop-ozone/tools/target/test-dir/MiniOzoneClusterImpl-54a862c9-b613-4954-aace-0ae448b21960/datanode-2/data/ratis/e5f0b5de-7cca-414f-b7a2-d1515e457793/in_use.lock acquired by nodename 20153@pr-hdds-2501-b5dhd-1197665634
2019-11-16 01:45:06,049 [pool-47-thread-1] INFO  storage.RaftStorage (RaftStorage.java:format(84)) - Storage directory /workdir/hadoop-ozone/tools/target/test-dir/MiniOzoneClusterImpl-54a862c9-b613-4954-aace-0ae448b21960/datanode-2/data/ratis/e5f0b5de-7cca-414f-b7a2-d1515e457793 has been successfully formatted.
2019-11-16 01:45:06,050 [pool-47-thread-1] INFO  ratis.ContainerStateMachine (ContainerStateMachine.java:loadSnapshot(223)) - group-D1515E457793: The snapshot info is null. Setting the last applied indexto:(t:0, i:~)
2019-11-16 01:45:06,050 [pool-47-thread-1] INFO  server.RaftServerConfigKeys (ConfUtils.java:logGet(43)) - raft.server.notification.no-leader.timeout = 120s (custom)
2019-11-16 01:45:06,050 [pool-47-thread-1] INFO  server.RaftServerConfigKeys (ConfUtils.java:logGet(43)) - raft.server.log.use.memory = false (default)
2019-11-16 01:45:06,050 [pool-47-thread-1] INFO  server.RaftServerConfigKeys (ConfUtils.java:logGet(43)) - raft.server.log.purge.gap = 1000000 (custom)
2019-11-16 01:45:06,051 [pool-47-thread-1] INFO  server.RaftServerConfigKeys (ConfUtils.java:logGet(43)) - raft.server.log.appender.buffer.byte-limit = 33554432 (custom)
2019-11-16 01:45:06,051 [pool-47-thread-1] INFO  server.RaftServerConfigKeys (ConfUtils.java:logGet(43)) - raft.server.log.segment.size.max = 1048576 (custom)
2019-11-16 01:45:06,051 [pool-47-thread-1] WARN  impl.MetricRegistriesImpl (MetricRegistriesImpl.java:lambda$create$1(61)) - First MetricRegistry has been created without registering reporters. You may need to call MetricRegistries.global().addReportRegistration(...) before.
2019-11-16 01:45:06,051 [pool-47-thread-1] INFO  server.RaftServerConfigKeys (ConfUtils.java:logGet(43)) - raft.server.log.segment.cache.num.max = 2 (custom)
2019-11-16 01:45:06,051 [pool-47-thread-1] INFO  segmented.SegmentedRaftLogWorker (SegmentedRaftLogWorker.java:<init>(173)) - new 954b9a87-ad06-45b1-96aa-3a2262204195@group-D1515E457793-SegmentedRaftLogWorker for RaftStorage:Storage Directory /workdir/hadoop-ozone/tools/target/test-dir/MiniOzoneClusterImpl-54a862c9-b613-4954-aace-0ae448b21960/datanode-2/data/ratis/e5f0b5de-7cca-414f-b7a2-d1515e457793
2019-11-16 01:45:06,051 [pool-47-thread-1] INFO  server.RaftServerConfigKeys (ConfUtils.java:logGet(43)) - raft.server.log.queue.byte-limit = 2147483647 (custom)
2019-11-16 01:45:06,052 [pool-47-thread-1] INFO  server.RaftServerConfigKeys (ConfUtils.java:logGet(43)) - raft.server.log.queue.element-limit = 1024 (custom)
2019-11-16 01:45:06,052 [pool-47-thread-1] INFO  server.RaftServerConfigKeys (ConfUtils.java:logGet(43)) - raft.server.log.segment.size.max = 1048576 (custom)
2019-11-16 01:45:06,052 [pool-47-thread-1] INFO  server.RaftServerConfigKeys (ConfUtils.java:logGet(43)) - raft.server.log.preallocated.size = 16384 (custom)
2019-11-16 01:45:06,052 [pool-47-thread-1] INFO  server.RaftServerConfigKeys (ConfUtils.java:logGet(43)) - raft.server.log.write.buffer.size = 33554432 (custom)
2019-11-16 01:45:06,052 [pool-47-thread-1] INFO  server.RaftServerConfigKeys (ConfUtils.java:logGet(43)) - raft.server.log.force.sync.num = 128 (default)
2019-11-16 01:45:06,052 [pool-47-thread-1] INFO  server.RaftServerConfigKeys (ConfUtils.java:logGet(43)) - raft.server.log.statemachine.data.sync = true (default)
2019-11-16 01:45:06,053 [pool-47-thread-1] INFO  server.RaftServerConfigKeys (ConfUtils.java:logGet(43)) - raft.server.log.statemachine.data.sync.timeout = 10s (default)
2019-11-16 01:45:06,053 [pool-47-thread-1] INFO  server.RaftServerConfigKeys (ConfUtils.java:logGet(43)) - raft.server.log.statemachine.data.sync.timeout.retry = -1 (default)
2019-11-16 01:45:06,053 [pool-47-thread-1] INFO  server.RaftServerConfigKeys (ConfUtils.java:logGet(43)) - raft.server.log.statemachine.data.caching.enabled = true (custom)
2019-11-16 01:45:06,054 [pool-47-thread-1] INFO  segmented.SegmentedRaftLogWorker (SegmentedRaftLogWorker.java:lambda$new$0(128)) - 954b9a87-ad06-45b1-96aa-3a2262204195@group-D1515E457793-SegmentedRaftLogWorker: flushIndex: setUnconditionally 0 -> -1
2019-11-16 01:45:06,054 [pool-47-thread-1] INFO  server.RaftServerConfigKeys (ConfUtils.java:logGet(43)) - raft.server.snapshot.auto.trigger.enabled = true (custom)
2019-11-16 01:45:06,054 [pool-47-thread-1] INFO  server.RaftServerConfigKeys (ConfUtils.java:logGet(43)) - raft.server.snapshot.auto.trigger.threshold = 10000 (custom)
2019-11-16 01:45:06,054 [pool-47-thread-1] INFO  server.RaftServerConfigKeys (ConfUtils.java:logGet(43)) - raft.server.snapshot.retention.file.num = 5 (custom)
2019-11-16 01:45:06,055 [pool-47-thread-1] INFO  server.RaftServerConfigKeys (ConfUtils.java:logGet(43)) - raft.server.retrycache.expirytime = 600000ms (custom)
2019-11-16 01:45:06,055 [pool-47-thread-1] WARN  impl.MetricRegistriesImpl (MetricRegistriesImpl.java:lambda$create$1(61)) - First MetricRegistry has been created without registering reporters. You may need to call MetricRegistries.global().addReportRegistration(...) before.
2019-11-16 01:45:06,055 [pool-47-thread-1] WARN  impl.MetricRegistriesImpl (MetricRegistriesImpl.java:lambda$create$1(61)) - First MetricRegistry has been created without registering reporters. You may need to call MetricRegistries.global().addReportRegistration(...) before.
2019-11-16 01:45:06,055 [pool-47-thread-1] INFO  impl.RaftServerImpl (RaftServerImpl.java:start(184)) - 954b9a87-ad06-45b1-96aa-3a2262204195@group-D1515E457793: start as a follower, conf=-1: [954b9a87-ad06-45b1-96aa-3a2262204195:192.168.69.79:37833], old=null
2019-11-16 01:45:06,055 [pool-47-thread-1] INFO  impl.RaftServerImpl (RaftServerImpl.java:setRole(173)) - 954b9a87-ad06-45b1-96aa-3a2262204195@group-D1515E457793: changes role from      null to FOLLOWER at term 0 for startAsFollower
2019-11-16 01:45:06,056 [pool-47-thread-1] INFO  impl.RoleInfo (RoleInfo.java:updateAndGet(143)) - 954b9a87-ad06-45b1-96aa-3a2262204195: start FollowerState
2019-11-16 01:45:06,056 [pool-47-thread-1] INFO  util.JmxRegister (JmxRegister.java:tryRegister(44)) - Successfully registered JMX Bean with object name Ratis:service=RaftServer,group=group-D1515E457793,id=954b9a87-ad06-45b1-96aa-3a2262204195
2019-11-16 01:45:06,056 [pool-47-thread-1] WARN  impl.MetricRegistriesImpl (MetricRegistriesImpl.java:lambda$create$1(61)) - First MetricRegistry has been created without registering reporters. You may need to call MetricRegistries.global().addReportRegistration(...) before.
2019-11-16 01:45:06,066 [RatisPipelineUtilsThread] INFO  pipeline.PipelineStateManager (PipelineStateManager.java:addPipeline(55)) - Created pipeline Pipeline[ Id: e5f0b5de-7cca-414f-b7a2-d1515e457793, Nodes: 954b9a87-ad06-45b1-96aa-3a2262204195{ip: 192.168.69.79, host: pr-hdds-2501-b5dhd-1197665634, networkLocation: /default-rack, certSerialId: null}, Type:RATIS, Factor:ONE, State:ALLOCATED]
2019-11-16 01:45:06,092 [grpc-default-executor-2] INFO  impl.RaftServerProxy (RaftServerProxy.java:addNew(89)) - 90d7adde-f2eb-4e5e-a05e-61e2bdd55e52: addNew group-634E30AFA292:[90d7adde-f2eb-4e5e-a05e-61e2bdd55e52:192.168.69.79:41431, 851c9616-fbeb-440c-ab33-564129e62f8a:192.168.69.79:34859, 954b9a87-ad06-45b1-96aa-3a2262204195:192.168.69.79:37833] returns group-634E30AFA292:java.util.concurrent.CompletableFuture@10918b0f[Not completed]
2019-11-16 01:45:06,093 [grpc-default-executor-1] INFO  impl.RaftServerProxy (RaftServerProxy.java:addNew(89)) - 954b9a87-ad06-45b1-96aa-3a2262204195: addNew group-634E30AFA292:[90d7adde-f2eb-4e5e-a05e-61e2bdd55e52:192.168.69.79:41431, 851c9616-fbeb-440c-ab33-564129e62f8a:192.168.69.79:34859, 954b9a87-ad06-45b1-96aa-3a2262204195:192.168.69.79:37833] returns group-634E30AFA292:java.util.concurrent.CompletableFuture@717e7118[Not completed]
2019-11-16 01:45:06,094 [pool-47-thread-1] INFO  impl.RaftServerImpl (RaftServerImpl.java:<init>(98)) - 954b9a87-ad06-45b1-96aa-3a2262204195: new RaftServerImpl for group-634E30AFA292:[90d7adde-f2eb-4e5e-a05e-61e2bdd55e52:192.168.69.79:41431, 851c9616-fbeb-440c-ab33-564129e62f8a:192.168.69.79:34859, 954b9a87-ad06-45b1-96aa-3a2262204195:192.168.69.79:37833] with ContainerStateMachine:uninitialized
2019-11-16 01:45:06,095 [pool-47-thread-1] INFO  server.RaftServerConfigKeys (ConfUtils.java:logGet(43)) - raft.server.rpc.timeout.min = 5s (custom)
2019-11-16 01:45:06,095 [pool-47-thread-1] INFO  server.RaftServerConfigKeys (ConfUtils.java:logGet(43)) - raft.server.rpc.timeout.max = 5200ms (custom)
2019-11-16 01:45:06,095 [pool-47-thread-1] INFO  server.RaftServerConfigKeys (ConfUtils.java:logGet(43)) - raft.server.rpcslowness.timeout = 120s (custom)
2019-11-16 01:45:06,095 [pool-47-thread-1] INFO  server.RaftServerConfigKeys (ConfUtils.java:logGet(43)) - raft.server.sleep.deviation.threshold = 300 (default)
2019-11-16 01:45:06,095 [pool-47-thread-1] INFO  server.RaftServerConfigKeys (ConfUtils.java:logGet(43)) - raft.server.log.appender.install.snapshot.enabled = false (custom)
2019-11-16 01:45:06,095 [pool-47-thread-1] INFO  impl.RaftServerImpl (ServerState.java:<init>(103)) - 954b9a87-ad06-45b1-96aa-3a2262204195@group-634E30AFA292: ConfigurationManager, init=-1: [90d7adde-f2eb-4e5e-a05e-61e2bdd55e52:192.168.69.79:41431, 851c9616-fbeb-440c-ab33-564129e62f8a:192.168.69.79:34859, 954b9a87-ad06-45b1-96aa-3a2262204195:192.168.69.79:37833], old=null, confs=<EMPTY_MAP>
2019-11-16 01:45:06,095 [pool-47-thread-1] INFO  server.RaftServerConfigKeys (ConfUtils.java:logGet(43)) - raft.server.storage.dir = [/workdir/hadoop-ozone/tools/target/test-dir/MiniOzoneClusterImpl-54a862c9-b613-4954-aace-0ae448b21960/datanode-2/data/ratis] (custom)
2019-11-16 01:45:06,096 [pool-47-thread-1] INFO  server.RaftServerConfigKeys (ConfUtils.java:logGet(43)) - raft.server.log.corruption.policy = EXCEPTION (default)
2019-11-16 01:45:06,096 [pool-27-thread-1] INFO  impl.RaftServerImpl (RaftServerImpl.java:<init>(98)) - 90d7adde-f2eb-4e5e-a05e-61e2bdd55e52: new RaftServerImpl for group-634E30AFA292:[90d7adde-f2eb-4e5e-a05e-61e2bdd55e52:192.168.69.79:41431, 851c9616-fbeb-440c-ab33-564129e62f8a:192.168.69.79:34859, 954b9a87-ad06-45b1-96aa-3a2262204195:192.168.69.79:37833] with ContainerStateMachine:uninitialized
2019-11-16 01:45:06,096 [pool-47-thread-1] INFO  storage.RaftStorageDirectory (RaftStorageDirectory.java:analyzeStorage(246)) - The storage directory /workdir/hadoop-ozone/tools/target/test-dir/MiniOzoneClusterImpl-54a862c9-b613-4954-aace-0ae448b21960/datanode-2/data/ratis/c4afcae2-c88d-4400-92ba-634e30afa292 does not exist. Creating ...
2019-11-16 01:45:06,096 [pool-27-thread-1] INFO  server.RaftServerConfigKeys (ConfUtils.java:logGet(43)) - raft.server.rpc.timeout.min = 5s (custom)
2019-11-16 01:45:06,096 [pool-27-thread-1] INFO  server.RaftServerConfigKeys (ConfUtils.java:logGet(43)) - raft.server.rpc.timeout.max = 5200ms (custom)
2019-11-16 01:45:06,098 [pool-27-thread-1] INFO  server.RaftServerConfigKeys (ConfUtils.java:logGet(43)) - raft.server.rpcslowness.timeout = 120s (custom)
2019-11-16 01:45:06,098 [pool-27-thread-1] INFO  server.RaftServerConfigKeys (ConfUtils.java:logGet(43)) - raft.server.sleep.deviation.threshold = 300 (default)
2019-11-16 01:45:06,098 [pool-27-thread-1] INFO  server.RaftServerConfigKeys (ConfUtils.java:logGet(43)) - raft.server.log.appender.install.snapshot.enabled = false (custom)
2019-11-16 01:45:06,098 [pool-27-thread-1] INFO  impl.RaftServerImpl (ServerState.java:<init>(103)) - 90d7adde-f2eb-4e5e-a05e-61e2bdd55e52@group-634E30AFA292: ConfigurationManager, init=-1: [90d7adde-f2eb-4e5e-a05e-61e2bdd55e52:192.168.69.79:41431, 851c9616-fbeb-440c-ab33-564129e62f8a:192.168.69.79:34859, 954b9a87-ad06-45b1-96aa-3a2262204195:192.168.69.79:37833], old=null, confs=<EMPTY_MAP>
2019-11-16 01:45:06,099 [pool-27-thread-1] INFO  server.RaftServerConfigKeys (ConfUtils.java:logGet(43)) - raft.server.storage.dir = [/workdir/hadoop-ozone/tools/target/test-dir/MiniOzoneClusterImpl-54a862c9-b613-4954-aace-0ae448b21960/datanode-0/data/ratis] (custom)
2019-11-16 01:45:06,100 [grpc-default-executor-1] INFO  impl.RaftServerProxy (RaftServerProxy.java:addNew(89)) - 851c9616-fbeb-440c-ab33-564129e62f8a: addNew group-634E30AFA292:[90d7adde-f2eb-4e5e-a05e-61e2bdd55e52:192.168.69.79:41431, 851c9616-fbeb-440c-ab33-564129e62f8a:192.168.69.79:34859, 954b9a87-ad06-45b1-96aa-3a2262204195:192.168.69.79:37833] returns group-634E30AFA292:java.util.concurrent.CompletableFuture@347cf153[Not completed]
2019-11-16 01:45:06,100 [pool-27-thread-1] INFO  server.RaftServerConfigKeys (ConfUtils.java:logGet(43)) - raft.server.log.corruption.policy = EXCEPTION (default)
2019-11-16 01:45:06,100 [pool-27-thread-1] INFO  storage.RaftStorageDirectory (RaftStorageDirectory.java:analyzeStorage(246)) - The storage directory /workdir/hadoop-ozone/tools/target/test-dir/MiniOzoneClusterImpl-54a862c9-b613-4954-aace-0ae448b21960/datanode-0/data/ratis/c4afcae2-c88d-4400-92ba-634e30afa292 does not exist. Creating ...
2019-11-16 01:45:06,101 [pool-37-thread-1] INFO  impl.RaftServerImpl (RaftServerImpl.java:<init>(98)) - 851c9616-fbeb-440c-ab33-564129e62f8a: new RaftServerImpl for group-634E30AFA292:[90d7adde-f2eb-4e5e-a05e-61e2bdd55e52:192.168.69.79:41431, 851c9616-fbeb-440c-ab33-564129e62f8a:192.168.69.79:34859, 954b9a87-ad06-45b1-96aa-3a2262204195:192.168.69.79:37833] with ContainerStateMachine:uninitialized
2019-11-16 01:45:06,101 [pool-37-thread-1] INFO  server.RaftServerConfigKeys (ConfUtils.java:logGet(43)) - raft.server.rpc.timeout.min = 5s (custom)
2019-11-16 01:45:06,101 [pool-37-thread-1] INFO  server.RaftServerConfigKeys (ConfUtils.java:logGet(43)) - raft.server.rpc.timeout.max = 5200ms (custom)
2019-11-16 01:45:06,101 [pool-37-thread-1] INFO  server.RaftServerConfigKeys (ConfUtils.java:logGet(43)) - raft.server.rpcslowness.timeout = 120s (custom)
2019-11-16 01:45:06,101 [pool-37-thread-1] INFO  server.RaftServerConfigKeys (ConfUtils.java:logGet(43)) - raft.server.sleep.deviation.threshold = 300 (default)
2019-11-16 01:45:06,102 [pool-37-thread-1] INFO  server.RaftServerConfigKeys (ConfUtils.java:logGet(43)) - raft.server.log.appender.install.snapshot.enabled = false (custom)
2019-11-16 01:45:06,102 [pool-37-thread-1] INFO  impl.RaftServerImpl (ServerState.java:<init>(103)) - 851c9616-fbeb-440c-ab33-564129e62f8a@group-634E30AFA292: ConfigurationManager, init=-1: [90d7adde-f2eb-4e5e-a05e-61e2bdd55e52:192.168.69.79:41431, 851c9616-fbeb-440c-ab33-564129e62f8a:192.168.69.79:34859, 954b9a87-ad06-45b1-96aa-3a2262204195:192.168.69.79:37833], old=null, confs=<EMPTY_MAP>
2019-11-16 01:45:06,102 [pool-37-thread-1] INFO  server.RaftServerConfigKeys (ConfUtils.java:logGet(43)) - raft.server.storage.dir = [/workdir/hadoop-ozone/tools/target/test-dir/MiniOzoneClusterImpl-54a862c9-b613-4954-aace-0ae448b21960/datanode-1/data/ratis] (custom)
2019-11-16 01:45:06,102 [pool-37-thread-1] INFO  server.RaftServerConfigKeys (ConfUtils.java:logGet(43)) - raft.server.log.corruption.policy = EXCEPTION (default)
2019-11-16 01:45:06,102 [pool-37-thread-1] INFO  storage.RaftStorageDirectory (RaftStorageDirectory.java:analyzeStorage(246)) - The storage directory /workdir/hadoop-ozone/tools/target/test-dir/MiniOzoneClusterImpl-54a862c9-b613-4954-aace-0ae448b21960/datanode-1/data/ratis/c4afcae2-c88d-4400-92ba-634e30afa292 does not exist. Creating ...
2019-11-16 01:45:06,110 [pool-37-thread-1] INFO  storage.RaftStorageDirectory (RaftStorageDirectory.java:tryLock(328)) - Lock on /workdir/hadoop-ozone/tools/target/test-dir/MiniOzoneClusterImpl-54a862c9-b613-4954-aace-0ae448b21960/datanode-1/data/ratis/c4afcae2-c88d-4400-92ba-634e30afa292/in_use.lock acquired by nodename 20153@pr-hdds-2501-b5dhd-1197665634
2019-11-16 01:45:06,110 [pool-27-thread-1] INFO  storage.RaftStorageDirectory (RaftStorageDirectory.java:tryLock(328)) - Lock on /workdir/hadoop-ozone/tools/target/test-dir/MiniOzoneClusterImpl-54a862c9-b613-4954-aace-0ae448b21960/datanode-0/data/ratis/c4afcae2-c88d-4400-92ba-634e30afa292/in_use.lock acquired by nodename 20153@pr-hdds-2501-b5dhd-1197665634
2019-11-16 01:45:06,110 [pool-47-thread-1] INFO  storage.RaftStorageDirectory (RaftStorageDirectory.java:tryLock(328)) - Lock on /workdir/hadoop-ozone/tools/target/test-dir/MiniOzoneClusterImpl-54a862c9-b613-4954-aace-0ae448b21960/datanode-2/data/ratis/c4afcae2-c88d-4400-92ba-634e30afa292/in_use.lock acquired by nodename 20153@pr-hdds-2501-b5dhd-1197665634
2019-11-16 01:45:06,124 [pool-47-thread-1] INFO  storage.RaftStorage (RaftStorage.java:format(84)) - Storage directory /workdir/hadoop-ozone/tools/target/test-dir/MiniOzoneClusterImpl-54a862c9-b613-4954-aace-0ae448b21960/datanode-2/data/ratis/c4afcae2-c88d-4400-92ba-634e30afa292 has been successfully formatted.
2019-11-16 01:45:06,124 [pool-27-thread-1] INFO  storage.RaftStorage (RaftStorage.java:format(84)) - Storage directory /workdir/hadoop-ozone/tools/target/test-dir/MiniOzoneClusterImpl-54a862c9-b613-4954-aace-0ae448b21960/datanode-0/data/ratis/c4afcae2-c88d-4400-92ba-634e30afa292 has been successfully formatted.
2019-11-16 01:45:06,124 [pool-37-thread-1] INFO  storage.RaftStorage (RaftStorage.java:format(84)) - Storage directory /workdir/hadoop-ozone/tools/target/test-dir/MiniOzoneClusterImpl-54a862c9-b613-4954-aace-0ae448b21960/datanode-1/data/ratis/c4afcae2-c88d-4400-92ba-634e30afa292 has been successfully formatted.
2019-11-16 01:45:06,124 [pool-27-thread-1] INFO  ratis.ContainerStateMachine (ContainerStateMachine.java:loadSnapshot(223)) - group-634E30AFA292: The snapshot info is null. Setting the last applied indexto:(t:0, i:~)
2019-11-16 01:45:06,124 [pool-47-thread-1] INFO  ratis.ContainerStateMachine (ContainerStateMachine.java:loadSnapshot(223)) - group-634E30AFA292: The snapshot info is null. Setting the last applied indexto:(t:0, i:~)
2019-11-16 01:45:06,124 [pool-27-thread-1] INFO  server.RaftServerConfigKeys (ConfUtils.java:logGet(43)) - raft.server.notification.no-leader.timeout = 120s (custom)
2019-11-16 01:45:06,125 [pool-47-thread-1] INFO  server.RaftServerConfigKeys (ConfUtils.java:logGet(43)) - raft.server.notification.no-leader.timeout = 120s (custom)
2019-11-16 01:45:06,125 [pool-27-thread-1] INFO  server.RaftServerConfigKeys (ConfUtils.java:logGet(43)) - raft.server.log.use.memory = false (default)
2019-11-16 01:45:06,124 [pool-37-thread-1] INFO  ratis.ContainerStateMachine (ContainerStateMachine.java:loadSnapshot(223)) - group-634E30AFA292: The snapshot info is null. Setting the last applied indexto:(t:0, i:~)
2019-11-16 01:45:06,125 [pool-27-thread-1] INFO  server.RaftServerConfigKeys (ConfUtils.java:logGet(43)) - raft.server.log.purge.gap = 1000000 (custom)
2019-11-16 01:45:06,125 [pool-47-thread-1] INFO  server.RaftServerConfigKeys (ConfUtils.java:logGet(43)) - raft.server.log.use.memory = false (default)
2019-11-16 01:45:06,125 [pool-27-thread-1] INFO  server.RaftServerConfigKeys (ConfUtils.java:logGet(43)) - raft.server.log.appender.buffer.byte-limit = 33554432 (custom)
2019-11-16 01:45:06,125 [pool-37-thread-1] INFO  server.RaftServerConfigKeys (ConfUtils.java:logGet(43)) - raft.server.notification.no-leader.timeout = 120s (custom)
2019-11-16 01:45:06,125 [pool-27-thread-1] INFO  server.RaftServerConfigKeys (ConfUtils.java:logGet(43)) - raft.server.log.segment.size.max = 1048576 (custom)
2019-11-16 01:45:06,125 [pool-47-thread-1] INFO  server.RaftServerConfigKeys (ConfUtils.java:logGet(43)) - raft.server.log.purge.gap = 1000000 (custom)
2019-11-16 01:45:06,125 [pool-27-thread-1] INFO  server.RaftServerConfigKeys (ConfUtils.java:logGet(43)) - raft.server.log.segment.cache.num.max = 2 (custom)
2019-11-16 01:45:06,125 [pool-37-thread-1] INFO  server.RaftServerConfigKeys (ConfUtils.java:logGet(43)) - raft.server.log.use.memory = false (default)
2019-11-16 01:45:06,126 [pool-27-thread-1] INFO  segmented.SegmentedRaftLogWorker (SegmentedRaftLogWorker.java:<init>(173)) - new 90d7adde-f2eb-4e5e-a05e-61e2bdd55e52@group-634E30AFA292-SegmentedRaftLogWorker for RaftStorage:Storage Directory /workdir/hadoop-ozone/tools/target/test-dir/MiniOzoneClusterImpl-54a862c9-b613-4954-aace-0ae448b21960/datanode-0/data/ratis/c4afcae2-c88d-4400-92ba-634e30afa292
2019-11-16 01:45:06,126 [pool-37-thread-1] INFO  server.RaftServerConfigKeys (ConfUtils.java:logGet(43)) - raft.server.log.purge.gap = 1000000 (custom)
2019-11-16 01:45:06,126 [pool-47-thread-1] INFO  server.RaftServerConfigKeys (ConfUtils.java:logGet(43)) - raft.server.log.appender.buffer.byte-limit = 33554432 (custom)
2019-11-16 01:45:06,126 [pool-37-thread-1] INFO  server.RaftServerConfigKeys (ConfUtils.java:logGet(43)) - raft.server.log.appender.buffer.byte-limit = 33554432 (custom)
2019-11-16 01:45:06,126 [pool-27-thread-1] INFO  server.RaftServerConfigKeys (ConfUtils.java:logGet(43)) - raft.server.log.queue.byte-limit = 2147483647 (custom)
2019-11-16 01:45:06,126 [pool-37-thread-1] INFO  server.RaftServerConfigKeys (ConfUtils.java:logGet(43)) - raft.server.log.segment.size.max = 1048576 (custom)
2019-11-16 01:45:06,126 [pool-27-thread-1] INFO  server.RaftServerConfigKeys (ConfUtils.java:logGet(43)) - raft.server.log.queue.element-limit = 1024 (custom)
2019-11-16 01:45:06,127 [pool-37-thread-1] INFO  server.RaftServerConfigKeys (ConfUtils.java:logGet(43)) - raft.server.log.segment.cache.num.max = 2 (custom)
2019-11-16 01:45:06,126 [pool-47-thread-1] INFO  server.RaftServerConfigKeys (ConfUtils.java:logGet(43)) - raft.server.log.segment.size.max = 1048576 (custom)
2019-11-16 01:45:06,127 [pool-37-thread-1] INFO  segmented.SegmentedRaftLogWorker (SegmentedRaftLogWorker.java:<init>(173)) - new 851c9616-fbeb-440c-ab33-564129e62f8a@group-634E30AFA292-SegmentedRaftLogWorker for RaftStorage:Storage Directory /workdir/hadoop-ozone/tools/target/test-dir/MiniOzoneClusterImpl-54a862c9-b613-4954-aace-0ae448b21960/datanode-1/data/ratis/c4afcae2-c88d-4400-92ba-634e30afa292
2019-11-16 01:45:06,127 [pool-27-thread-1] INFO  server.RaftServerConfigKeys (ConfUtils.java:logGet(43)) - raft.server.log.segment.size.max = 1048576 (custom)
2019-11-16 01:45:06,127 [pool-37-thread-1] INFO  server.RaftServerConfigKeys (ConfUtils.java:logGet(43)) - raft.server.log.queue.byte-limit = 2147483647 (custom)
2019-11-16 01:45:06,127 [pool-47-thread-1] INFO  server.RaftServerConfigKeys (ConfUtils.java:logGet(43)) - raft.server.log.segment.cache.num.max = 2 (custom)
2019-11-16 01:45:06,127 [pool-37-thread-1] INFO  server.RaftServerConfigKeys (ConfUtils.java:logGet(43)) - raft.server.log.queue.element-limit = 1024 (custom)
2019-11-16 01:45:06,127 [pool-27-thread-1] INFO  server.RaftServerConfigKeys (ConfUtils.java:logGet(43)) - raft.server.log.preallocated.size = 16384 (custom)
2019-11-16 01:45:06,128 [pool-37-thread-1] INFO  server.RaftServerConfigKeys (ConfUtils.java:logGet(43)) - raft.server.log.segment.size.max = 1048576 (custom)
2019-11-16 01:45:06,127 [pool-47-thread-1] INFO  segmented.SegmentedRaftLogWorker (SegmentedRaftLogWorker.java:<init>(173)) - new 954b9a87-ad06-45b1-96aa-3a2262204195@group-634E30AFA292-SegmentedRaftLogWorker for RaftStorage:Storage Directory /workdir/hadoop-ozone/tools/target/test-dir/MiniOzoneClusterImpl-54a862c9-b613-4954-aace-0ae448b21960/datanode-2/data/ratis/c4afcae2-c88d-4400-92ba-634e30afa292
2019-11-16 01:45:06,128 [pool-37-thread-1] INFO  server.RaftServerConfigKeys (ConfUtils.java:logGet(43)) - raft.server.log.preallocated.size = 16384 (custom)
2019-11-16 01:45:06,128 [pool-27-thread-1] INFO  server.RaftServerConfigKeys (ConfUtils.java:logGet(43)) - raft.server.log.write.buffer.size = 33554432 (custom)
2019-11-16 01:45:06,128 [pool-37-thread-1] INFO  server.RaftServerConfigKeys (ConfUtils.java:logGet(43)) - raft.server.log.write.buffer.size = 33554432 (custom)
2019-11-16 01:45:06,128 [pool-47-thread-1] INFO  server.RaftServerConfigKeys (ConfUtils.java:logGet(43)) - raft.server.log.queue.byte-limit = 2147483647 (custom)
2019-11-16 01:45:06,128 [pool-37-thread-1] INFO  server.RaftServerConfigKeys (ConfUtils.java:logGet(43)) - raft.server.log.force.sync.num = 128 (default)
2019-11-16 01:45:06,128 [pool-27-thread-1] INFO  server.RaftServerConfigKeys (ConfUtils.java:logGet(43)) - raft.server.log.force.sync.num = 128 (default)
2019-11-16 01:45:06,129 [pool-37-thread-1] INFO  server.RaftServerConfigKeys (ConfUtils.java:logGet(43)) - raft.server.log.statemachine.data.sync = true (default)
2019-11-16 01:45:06,128 [pool-47-thread-1] INFO  server.RaftServerConfigKeys (ConfUtils.java:logGet(43)) - raft.server.log.queue.element-limit = 1024 (custom)
2019-11-16 01:45:06,129 [pool-37-thread-1] INFO  server.RaftServerConfigKeys (ConfUtils.java:logGet(43)) - raft.server.log.statemachine.data.sync.timeout = 10s (default)
2019-11-16 01:45:06,129 [pool-27-thread-1] INFO  server.RaftServerConfigKeys (ConfUtils.java:logGet(43)) - raft.server.log.statemachine.data.sync = true (default)
2019-11-16 01:45:06,129 [pool-37-thread-1] INFO  server.RaftServerConfigKeys (ConfUtils.java:logGet(43)) - raft.server.log.statemachine.data.sync.timeout.retry = -1 (default)
2019-11-16 01:45:06,129 [pool-47-thread-1] INFO  server.RaftServerConfigKeys (ConfUtils.java:logGet(43)) - raft.server.log.segment.size.max = 1048576 (custom)
2019-11-16 01:45:06,129 [pool-27-thread-1] INFO  server.RaftServerConfigKeys (ConfUtils.java:logGet(43)) - raft.server.log.statemachine.data.sync.timeout = 10s (default)
2019-11-16 01:45:06,129 [pool-37-thread-1] INFO  server.RaftServerConfigKeys (ConfUtils.java:logGet(43)) - raft.server.log.statemachine.data.caching.enabled = true (custom)
2019-11-16 01:45:06,129 [pool-47-thread-1] INFO  server.RaftServerConfigKeys (ConfUtils.java:logGet(43)) - raft.server.log.preallocated.size = 16384 (custom)
2019-11-16 01:45:06,130 [pool-27-thread-1] INFO  server.RaftServerConfigKeys (ConfUtils.java:logGet(43)) - raft.server.log.statemachine.data.sync.timeout.retry = -1 (default)
2019-11-16 01:45:06,130 [pool-47-thread-1] INFO  server.RaftServerConfigKeys (ConfUtils.java:logGet(43)) - raft.server.log.write.buffer.size = 33554432 (custom)
2019-11-16 01:45:06,130 [pool-27-thread-1] INFO  server.RaftServerConfigKeys (ConfUtils.java:logGet(43)) - raft.server.log.statemachine.data.caching.enabled = true (custom)
2019-11-16 01:45:06,130 [pool-37-thread-1] INFO  segmented.SegmentedRaftLogWorker (SegmentedRaftLogWorker.java:lambda$new$0(128)) - 851c9616-fbeb-440c-ab33-564129e62f8a@group-634E30AFA292-SegmentedRaftLogWorker: flushIndex: setUnconditionally 0 -> -1
2019-11-16 01:45:06,130 [pool-47-thread-1] INFO  server.RaftServerConfigKeys (ConfUtils.java:logGet(43)) - raft.server.log.force.sync.num = 128 (default)
2019-11-16 01:45:06,130 [pool-27-thread-1] INFO  segmented.SegmentedRaftLogWorker (SegmentedRaftLogWorker.java:lambda$new$0(128)) - 90d7adde-f2eb-4e5e-a05e-61e2bdd55e52@group-634E30AFA292-SegmentedRaftLogWorker: flushIndex: setUnconditionally 0 -> -1
2019-11-16 01:45:06,130 [pool-47-thread-1] INFO  server.RaftServerConfigKeys (ConfUtils.java:logGet(43)) - raft.server.log.statemachine.data.sync = true (default)
2019-11-16 01:45:06,131 [pool-37-thread-1] INFO  server.RaftServerConfigKeys (ConfUtils.java:logGet(43)) - raft.server.snapshot.auto.trigger.enabled = true (custom)
2019-11-16 01:45:06,131 [pool-27-thread-1] INFO  server.RaftServerConfigKeys (ConfUtils.java:logGet(43)) - raft.server.snapshot.auto.trigger.enabled = true (custom)
2019-11-16 01:45:06,131 [pool-47-thread-1] INFO  server.RaftServerConfigKeys (ConfUtils.java:logGet(43)) - raft.server.log.statemachine.data.sync.timeout = 10s (default)
2019-11-16 01:45:06,131 [pool-27-thread-1] INFO  server.RaftServerConfigKeys (ConfUtils.java:logGet(43)) - raft.server.snapshot.auto.trigger.threshold = 10000 (custom)
2019-11-16 01:45:06,131 [pool-37-thread-1] INFO  server.RaftServerConfigKeys (ConfUtils.java:logGet(43)) - raft.server.snapshot.auto.trigger.threshold = 10000 (custom)
2019-11-16 01:45:06,131 [pool-27-thread-1] INFO  server.RaftServerConfigKeys (ConfUtils.java:logGet(43)) - raft.server.snapshot.retention.file.num = 5 (custom)
2019-11-16 01:45:06,131 [pool-47-thread-1] INFO  server.RaftServerConfigKeys (ConfUtils.java:logGet(43)) - raft.server.log.statemachine.data.sync.timeout.retry = -1 (default)
2019-11-16 01:45:06,131 [pool-27-thread-1] INFO  server.RaftServerConfigKeys (ConfUtils.java:logGet(43)) - raft.server.retrycache.expirytime = 600000ms (custom)
2019-11-16 01:45:06,131 [pool-37-thread-1] INFO  server.RaftServerConfigKeys (ConfUtils.java:logGet(43)) - raft.server.snapshot.retention.file.num = 5 (custom)
2019-11-16 01:45:06,132 [pool-27-thread-1] WARN  impl.MetricRegistriesImpl (MetricRegistriesImpl.java:lambda$create$1(61)) - First MetricRegistry has been created without registering reporters. You may need to call MetricRegistries.global().addReportRegistration(...) before.
2019-11-16 01:45:06,132 [pool-47-thread-1] INFO  server.RaftServerConfigKeys (ConfUtils.java:logGet(43)) - raft.server.log.statemachine.data.caching.enabled = true (custom)
2019-11-16 01:45:06,132 [pool-37-thread-1] INFO  server.RaftServerConfigKeys (ConfUtils.java:logGet(43)) - raft.server.retrycache.expirytime = 600000ms (custom)
2019-11-16 01:45:06,132 [pool-27-thread-1] WARN  impl.MetricRegistriesImpl (MetricRegistriesImpl.java:lambda$create$1(61)) - First MetricRegistry has been created without registering reporters. You may need to call MetricRegistries.global().addReportRegistration(...) before.
2019-11-16 01:45:06,132 [pool-47-thread-1] INFO  segmented.SegmentedRaftLogWorker (SegmentedRaftLogWorker.java:lambda$new$0(128)) - 954b9a87-ad06-45b1-96aa-3a2262204195@group-634E30AFA292-SegmentedRaftLogWorker: flushIndex: setUnconditionally 0 -> -1
2019-11-16 01:45:06,132 [pool-27-thread-1] INFO  impl.RaftServerImpl (RaftServerImpl.java:start(184)) - 90d7adde-f2eb-4e5e-a05e-61e2bdd55e52@group-634E30AFA292: start as a follower, conf=-1: [90d7adde-f2eb-4e5e-a05e-61e2bdd55e52:192.168.69.79:41431, 851c9616-fbeb-440c-ab33-564129e62f8a:192.168.69.79:34859, 954b9a87-ad06-45b1-96aa-3a2262204195:192.168.69.79:37833], old=null
2019-11-16 01:45:06,132 [pool-37-thread-1] WARN  impl.MetricRegistriesImpl (MetricRegistriesImpl.java:lambda$create$1(61)) - First MetricRegistry has been created without registering reporters. You may need to call MetricRegistries.global().addReportRegistration(...) before.
2019-11-16 01:45:06,132 [pool-47-thread-1] INFO  server.RaftServerConfigKeys (ConfUtils.java:logGet(43)) - raft.server.snapshot.auto.trigger.enabled = true (custom)
2019-11-16 01:45:06,132 [pool-27-thread-1] INFO  impl.RaftServerImpl (RaftServerImpl.java:setRole(173)) - 90d7adde-f2eb-4e5e-a05e-61e2bdd55e52@group-634E30AFA292: changes role from      null to FOLLOWER at term 0 for startAsFollower
2019-11-16 01:45:06,133 [pool-47-thread-1] INFO  server.RaftServerConfigKeys (ConfUtils.java:logGet(43)) - raft.server.snapshot.auto.trigger.threshold = 10000 (custom)
2019-11-16 01:45:06,133 [pool-37-thread-1] WARN  impl.MetricRegistriesImpl (MetricRegistriesImpl.java:lambda$create$1(61)) - First MetricRegistry has been created without registering reporters. You may need to call MetricRegistries.global().addReportRegistration(...) before.
2019-11-16 01:45:06,133 [pool-47-thread-1] INFO  server.RaftServerConfigKeys (ConfUtils.java:logGet(43)) - raft.server.snapshot.retention.file.num = 5 (custom)
2019-11-16 01:45:06,133 [pool-27-thread-1] INFO  impl.RoleInfo (RoleInfo.java:updateAndGet(143)) - 90d7adde-f2eb-4e5e-a05e-61e2bdd55e52: start FollowerState
2019-11-16 01:45:06,133 [pool-37-thread-1] INFO  impl.RaftServerImpl (RaftServerImpl.java:start(184)) - 851c9616-fbeb-440c-ab33-564129e62f8a@group-634E30AFA292: start as a follower, conf=-1: [90d7adde-f2eb-4e5e-a05e-61e2bdd55e52:192.168.69.79:41431, 851c9616-fbeb-440c-ab33-564129e62f8a:192.168.69.79:34859, 954b9a87-ad06-45b1-96aa-3a2262204195:192.168.69.79:37833], old=null
2019-11-16 01:45:06,133 [pool-47-thread-1] INFO  server.RaftServerConfigKeys (ConfUtils.java:logGet(43)) - raft.server.retrycache.expirytime = 600000ms (custom)
2019-11-16 01:45:06,133 [pool-27-thread-1] INFO  util.JmxRegister (JmxRegister.java:tryRegister(44)) - Successfully registered JMX Bean with object name Ratis:service=RaftServer,group=group-634E30AFA292,id=90d7adde-f2eb-4e5e-a05e-61e2bdd55e52
2019-11-16 01:45:06,133 [pool-37-thread-1] INFO  impl.RaftServerImpl (RaftServerImpl.java:setRole(173)) - 851c9616-fbeb-440c-ab33-564129e62f8a@group-634E30AFA292: changes role from      null to FOLLOWER at term 0 for startAsFollower
2019-11-16 01:45:06,133 [pool-27-thread-1] WARN  impl.MetricRegistriesImpl (MetricRegistriesImpl.java:lambda$create$1(61)) - First MetricRegistry has been created without registering reporters. You may need to call MetricRegistries.global().addReportRegistration(...) before.
2019-11-16 01:45:06,133 [pool-47-thread-1] WARN  impl.MetricRegistriesImpl (MetricRegistriesImpl.java:lambda$create$1(61)) - First MetricRegistry has been created without registering reporters. You may need to call MetricRegistries.global().addReportRegistration(...) before.
2019-11-16 01:45:06,134 [pool-37-thread-1] INFO  impl.RoleInfo (RoleInfo.java:updateAndGet(143)) - 851c9616-fbeb-440c-ab33-564129e62f8a: start FollowerState
2019-11-16 01:45:06,134 [pool-47-thread-1] WARN  impl.MetricRegistriesImpl (MetricRegistriesImpl.java:lambda$create$1(61)) - First MetricRegistry has been created without registering reporters. You may need to call MetricRegistries.global().addReportRegistration(...) before.
2019-11-16 01:45:06,134 [pool-47-thread-1] INFO  impl.RaftServerImpl (RaftServerImpl.java:start(184)) - 954b9a87-ad06-45b1-96aa-3a2262204195@group-634E30AFA292: start as a follower, conf=-1: [90d7adde-f2eb-4e5e-a05e-61e2bdd55e52:192.168.69.79:41431, 851c9616-fbeb-440c-ab33-564129e62f8a:192.168.69.79:34859, 954b9a87-ad06-45b1-96aa-3a2262204195:192.168.69.79:37833], old=null
2019-11-16 01:45:06,134 [pool-47-thread-1] INFO  impl.RaftServerImpl (RaftServerImpl.java:setRole(173)) - 954b9a87-ad06-45b1-96aa-3a2262204195@group-634E30AFA292: changes role from      null to FOLLOWER at term 0 for startAsFollower
2019-11-16 01:45:06,134 [pool-47-thread-1] INFO  impl.RoleInfo (RoleInfo.java:updateAndGet(143)) - 954b9a87-ad06-45b1-96aa-3a2262204195: start FollowerState
2019-11-16 01:45:06,134 [pool-37-thread-1] INFO  util.JmxRegister (JmxRegister.java:tryRegister(44)) - Successfully registered JMX Bean with object name Ratis:service=RaftServer,group=group-634E30AFA292,id=851c9616-fbeb-440c-ab33-564129e62f8a
2019-11-16 01:45:06,135 [pool-37-thread-1] WARN  impl.MetricRegistriesImpl (MetricRegistriesImpl.java:lambda$create$1(61)) - First MetricRegistry has been created without registering reporters. You may need to call MetricRegistries.global().addReportRegistration(...) before.
2019-11-16 01:45:06,135 [pool-47-thread-1] INFO  util.JmxRegister (JmxRegister.java:tryRegister(44)) - Successfully registered JMX Bean with object name Ratis:service=RaftServer,group=group-634E30AFA292,id=954b9a87-ad06-45b1-96aa-3a2262204195
2019-11-16 01:45:06,135 [pool-47-thread-1] WARN  impl.MetricRegistriesImpl (MetricRegistriesImpl.java:lambda$create$1(61)) - First MetricRegistry has been created without registering reporters. You may need to call MetricRegistries.global().addReportRegistration(...) before.
2019-11-16 01:45:06,153 [RatisPipelineUtilsThread] INFO  pipeline.PipelineStateManager (PipelineStateManager.java:addPipeline(55)) - Created pipeline Pipeline[ Id: c4afcae2-c88d-4400-92ba-634e30afa292, Nodes: 851c9616-fbeb-440c-ab33-564129e62f8a{ip: 192.168.69.79, host: pr-hdds-2501-b5dhd-1197665634, networkLocation: /default-rack, certSerialId: null}954b9a87-ad06-45b1-96aa-3a2262204195{ip: 192.168.69.79, host: pr-hdds-2501-b5dhd-1197665634, networkLocation: /default-rack, certSerialId: null}90d7adde-f2eb-4e5e-a05e-61e2bdd55e52{ip: 192.168.69.79, host: pr-hdds-2501-b5dhd-1197665634, networkLocation: /default-rack, certSerialId: null}, Type:RATIS, Factor:THREE, State:ALLOCATED]
2019-11-16 01:45:06,155 [main] INFO  ozone.MiniOzoneClusterImpl (MiniOzoneClusterImpl.java:lambda$waitForClusterToBeReady$2(163)) - Waiting for 4 number of pipelines out of 4, to report a leader.
2019-11-16 01:45:07,156 [main] INFO  ozone.MiniOzoneClusterImpl (MiniOzoneClusterImpl.java:lambda$waitForClusterToBeReady$2(163)) - Waiting for 4 number of pipelines out of 4, to report a leader.
2019-11-16 01:45:08,152 [Thread-178] INFO  container.ReplicationManager (ReplicationManager.java:start(162)) - Starting Replication Monitor Thread.
2019-11-16 01:45:08,154 [Thread-178] INFO  pipeline.SCMPipelineManager (SCMPipelineManager.java:finalizeAndDestroyPipeline(315)) - destroying pipeline:Pipeline[ Id: 6e43f7dc-f823-499a-828f-db8959867260, Nodes: 851c9616-fbeb-440c-ab33-564129e62f8a{ip: 192.168.69.79, host: pr-hdds-2501-b5dhd-1197665634, networkLocation: /default-rack, certSerialId: null}, Type:RATIS, Factor:ONE, State:ALLOCATED]
2019-11-16 01:45:08,155 [ReplicationMonitor] INFO  container.ReplicationManager (ReplicationManager.java:run(225)) - Replication Monitor Thread took 0 milliseconds for processing 0 containers.
2019-11-16 01:45:08,155 [Thread-178] INFO  pipeline.PipelineStateManager (PipelineStateManager.java:finalizePipeline(121)) - Pipeline Pipeline[ Id: 6e43f7dc-f823-499a-828f-db8959867260, Nodes: 851c9616-fbeb-440c-ab33-564129e62f8a{ip: 192.168.69.79, host: pr-hdds-2501-b5dhd-1197665634, networkLocation: /default-rack, certSerialId: null}, Type:RATIS, Factor:ONE, State:CLOSED] moved to CLOSED state
2019-11-16 01:45:08,156 [main] INFO  ozone.MiniOzoneClusterImpl (MiniOzoneClusterImpl.java:lambda$waitForClusterToBeReady$2(163)) - Waiting for 3 number of pipelines out of 4, to report a leader.
2019-11-16 01:45:08,181 [grpc-default-executor-1] INFO  impl.RaftServerProxy (RaftServerProxy.java:remove(95)) - 851c9616-fbeb-440c-ab33-564129e62f8a: remove  FOLLOWER 851c9616-fbeb-440c-ab33-564129e62f8a@group-DB8959867260:t0, leader=null, voted=null, raftlog=851c9616-fbeb-440c-ab33-564129e62f8a@group-DB8959867260-SegmentedRaftLog:OPENED:c-1,f-1,i0, conf=-1: [851c9616-fbeb-440c-ab33-564129e62f8a:192.168.69.79:34859], old=null RUNNING
2019-11-16 01:45:08,184 [grpc-default-executor-1] INFO  impl.RaftServerImpl (RaftServerImpl.java:lambda$shutdown$3(250)) - 851c9616-fbeb-440c-ab33-564129e62f8a@group-DB8959867260: shutdown
2019-11-16 01:45:08,185 [grpc-default-executor-1] INFO  util.JmxRegister (JmxRegister.java:unregister(73)) - Successfully un-registered JMX Bean with object name Ratis:service=RaftServer,group=group-DB8959867260,id=851c9616-fbeb-440c-ab33-564129e62f8a
2019-11-16 01:45:08,185 [grpc-default-executor-1] INFO  impl.RoleInfo (RoleInfo.java:shutdownFollowerState(121)) - 851c9616-fbeb-440c-ab33-564129e62f8a: shutdown FollowerState
2019-11-16 01:45:08,185 [grpc-default-executor-1] INFO  impl.StateMachineUpdater (StateMachineUpdater.java:stopAndJoin(136)) - 851c9616-fbeb-440c-ab33-564129e62f8a@group-DB8959867260-StateMachineUpdater: set stopIndex = -1
2019-11-16 01:45:08,185 [Thread-183] INFO  impl.FollowerState (FollowerState.java:run(120)) - 851c9616-fbeb-440c-ab33-564129e62f8a@group-DB8959867260-FollowerState was interrupted: java.lang.InterruptedException: sleep interrupted
2019-11-16 01:45:08,188 [grpc-default-executor-1] INFO  impl.RaftServerImpl (ServerState.java:close(387)) - 851c9616-fbeb-440c-ab33-564129e62f8a@group-DB8959867260: closes. applyIndex: -1
2019-11-16 01:45:08,193 [851c9616-fbeb-440c-ab33-564129e62f8a@group-DB8959867260-SegmentedRaftLogWorker] INFO  segmented.SegmentedRaftLogWorker (SegmentedRaftLogWorker.java:run(316)) - 851c9616-fbeb-440c-ab33-564129e62f8a@group-DB8959867260-SegmentedRaftLogWorker was interrupted, exiting. There are 0 tasks remaining in the queue.
2019-11-16 01:45:08,194 [grpc-default-executor-1] INFO  segmented.SegmentedRaftLogWorker (SegmentedRaftLogWorker.java:close(224)) - 851c9616-fbeb-440c-ab33-564129e62f8a@group-DB8959867260-SegmentedRaftLogWorker close()
2019-11-16 01:45:08,212 [Thread-178] INFO  pipeline.PipelineStateManager (PipelineStateManager.java:removePipeline(106)) - Pipeline Pipeline[ Id: 6e43f7dc-f823-499a-828f-db8959867260, Nodes: 851c9616-fbeb-440c-ab33-564129e62f8a{ip: 192.168.69.79, host: pr-hdds-2501-b5dhd-1197665634, networkLocation: /default-rack, certSerialId: null}, Type:RATIS, Factor:ONE, State:CLOSED] removed from db
2019-11-16 01:45:08,213 [Thread-178] INFO  pipeline.SCMPipelineManager (SCMPipelineManager.java:finalizeAndDestroyPipeline(315)) - destroying pipeline:Pipeline[ Id: c4afcae2-c88d-4400-92ba-634e30afa292, Nodes: 851c9616-fbeb-440c-ab33-564129e62f8a{ip: 192.168.69.79, host: pr-hdds-2501-b5dhd-1197665634, networkLocation: /default-rack, certSerialId: null}954b9a87-ad06-45b1-96aa-3a2262204195{ip: 192.168.69.79, host: pr-hdds-2501-b5dhd-1197665634, networkLocation: /default-rack, certSerialId: null}90d7adde-f2eb-4e5e-a05e-61e2bdd55e52{ip: 192.168.69.79, host: pr-hdds-2501-b5dhd-1197665634, networkLocation: /default-rack, certSerialId: null}, Type:RATIS, Factor:THREE, State:ALLOCATED]
2019-11-16 01:45:08,224 [grpc-default-executor-1] INFO  impl.RaftServerProxy (RaftServerProxy.java:addNew(89)) - 851c9616-fbeb-440c-ab33-564129e62f8a: addNew group-7813868A092B:[851c9616-fbeb-440c-ab33-564129e62f8a:192.168.69.79:34859] returns group-7813868A092B:java.util.concurrent.CompletableFuture@252027be[Not completed]
2019-11-16 01:45:08,226 [pool-37-thread-1] INFO  impl.RaftServerImpl (RaftServerImpl.java:<init>(98)) - 851c9616-fbeb-440c-ab33-564129e62f8a: new RaftServerImpl for group-7813868A092B:[851c9616-fbeb-440c-ab33-564129e62f8a:192.168.69.79:34859] with ContainerStateMachine:uninitialized
2019-11-16 01:45:08,227 [pool-37-thread-1] INFO  server.RaftServerConfigKeys (ConfUtils.java:logGet(43)) - raft.server.rpc.timeout.min = 5s (custom)
2019-11-16 01:45:08,227 [pool-37-thread-1] INFO  server.RaftServerConfigKeys (ConfUtils.java:logGet(43)) - raft.server.rpc.timeout.max = 5200ms (custom)
2019-11-16 01:45:08,227 [pool-37-thread-1] INFO  server.RaftServerConfigKeys (ConfUtils.java:logGet(43)) - raft.server.rpcslowness.timeout = 120s (custom)
2019-11-16 01:45:08,227 [pool-37-thread-1] INFO  server.RaftServerConfigKeys (ConfUtils.java:logGet(43)) - raft.server.sleep.deviation.threshold = 300 (default)
2019-11-16 01:45:08,227 [pool-37-thread-1] INFO  server.RaftServerConfigKeys (ConfUtils.java:logGet(43)) - raft.server.log.appender.install.snapshot.enabled = false (custom)
2019-11-16 01:45:08,227 [pool-37-thread-1] INFO  impl.RaftServerImpl (ServerState.java:<init>(103)) - 851c9616-fbeb-440c-ab33-564129e62f8a@group-7813868A092B: ConfigurationManager, init=-1: [851c9616-fbeb-440c-ab33-564129e62f8a:192.168.69.79:34859], old=null, confs=<EMPTY_MAP>
2019-11-16 01:45:08,228 [pool-37-thread-1] INFO  server.RaftServerConfigKeys (ConfUtils.java:logGet(43)) - raft.server.storage.dir = [/workdir/hadoop-ozone/tools/target/test-dir/MiniOzoneClusterImpl-54a862c9-b613-4954-aace-0ae448b21960/datanode-1/data/ratis] (custom)
2019-11-16 01:45:08,228 [pool-37-thread-1] INFO  server.RaftServerConfigKeys (ConfUtils.java:logGet(43)) - raft.server.log.corruption.policy = EXCEPTION (default)
2019-11-16 01:45:08,228 [pool-37-thread-1] INFO  storage.RaftStorageDirectory (RaftStorageDirectory.java:analyzeStorage(246)) - The storage directory /workdir/hadoop-ozone/tools/target/test-dir/MiniOzoneClusterImpl-54a862c9-b613-4954-aace-0ae448b21960/datanode-1/data/ratis/f804de02-44da-4acc-a51a-7813868a092b does not exist. Creating ...
2019-11-16 01:45:08,251 [pool-37-thread-1] INFO  storage.RaftStorageDirectory (RaftStorageDirectory.java:tryLock(328)) - Lock on /workdir/hadoop-ozone/tools/target/test-dir/MiniOzoneClusterImpl-54a862c9-b613-4954-aace-0ae448b21960/datanode-1/data/ratis/f804de02-44da-4acc-a51a-7813868a092b/in_use.lock acquired by nodename 20153@pr-hdds-2501-b5dhd-1197665634
2019-11-16 01:45:08,264 [pool-37-thread-1] INFO  storage.RaftStorage (RaftStorage.java:format(84)) - Storage directory /workdir/hadoop-ozone/tools/target/test-dir/MiniOzoneClusterImpl-54a862c9-b613-4954-aace-0ae448b21960/datanode-1/data/ratis/f804de02-44da-4acc-a51a-7813868a092b has been successfully formatted.
2019-11-16 01:45:08,265 [pool-37-thread-1] INFO  ratis.ContainerStateMachine (ContainerStateMachine.java:loadSnapshot(223)) - group-7813868A092B: The snapshot info is null. Setting the last applied indexto:(t:0, i:~)
2019-11-16 01:45:08,265 [pool-37-thread-1] INFO  server.RaftServerConfigKeys (ConfUtils.java:logGet(43)) - raft.server.notification.no-leader.timeout = 120s (custom)
2019-11-16 01:45:08,265 [pool-37-thread-1] INFO  server.RaftServerConfigKeys (ConfUtils.java:logGet(43)) - raft.server.log.use.memory = false (default)
2019-11-16 01:45:08,265 [pool-37-thread-1] INFO  server.RaftServerConfigKeys (ConfUtils.java:logGet(43)) - raft.server.log.purge.gap = 1000000 (custom)
2019-11-16 01:45:08,265 [pool-37-thread-1] INFO  server.RaftServerConfigKeys (ConfUtils.java:logGet(43)) - raft.server.log.appender.buffer.byte-limit = 33554432 (custom)
2019-11-16 01:45:08,266 [pool-37-thread-1] INFO  server.RaftServerConfigKeys (ConfUtils.java:logGet(43)) - raft.server.log.segment.size.max = 1048576 (custom)
2019-11-16 01:45:08,266 [pool-37-thread-1] INFO  server.RaftServerConfigKeys (ConfUtils.java:logGet(43)) - raft.server.log.segment.cache.num.max = 2 (custom)
2019-11-16 01:45:08,266 [pool-37-thread-1] INFO  segmented.SegmentedRaftLogWorker (SegmentedRaftLogWorker.java:<init>(173)) - new 851c9616-fbeb-440c-ab33-564129e62f8a@group-7813868A092B-SegmentedRaftLogWorker for RaftStorage:Storage Directory /workdir/hadoop-ozone/tools/target/test-dir/MiniOzoneClusterImpl-54a862c9-b613-4954-aace-0ae448b21960/datanode-1/data/ratis/f804de02-44da-4acc-a51a-7813868a092b
2019-11-16 01:45:08,266 [pool-37-thread-1] INFO  server.RaftServerConfigKeys (ConfUtils.java:logGet(43)) - raft.server.log.queue.byte-limit = 2147483647 (custom)
2019-11-16 01:45:08,266 [pool-37-thread-1] INFO  server.RaftServerConfigKeys (ConfUtils.java:logGet(43)) - raft.server.log.queue.element-limit = 1024 (custom)
2019-11-16 01:45:08,266 [pool-37-thread-1] INFO  server.RaftServerConfigKeys (ConfUtils.java:logGet(43)) - raft.server.log.segment.size.max = 1048576 (custom)
2019-11-16 01:45:08,266 [pool-37-thread-1] INFO  server.RaftServerConfigKeys (ConfUtils.java:logGet(43)) - raft.server.log.preallocated.size = 16384 (custom)
2019-11-16 01:45:08,266 [pool-37-thread-1] INFO  server.RaftServerConfigKeys (ConfUtils.java:logGet(43)) - raft.server.log.write.buffer.size = 33554432 (custom)
2019-11-16 01:45:08,267 [pool-37-thread-1] INFO  server.RaftServerConfigKeys (ConfUtils.java:logGet(43)) - raft.server.log.force.sync.num = 128 (default)
2019-11-16 01:45:08,267 [pool-37-thread-1] INFO  server.RaftServerConfigKeys (ConfUtils.java:logGet(43)) - raft.server.log.statemachine.data.sync = true (default)
2019-11-16 01:45:08,267 [pool-37-thread-1] INFO  server.RaftServerConfigKeys (ConfUtils.java:logGet(43)) - raft.server.log.statemachine.data.sync.timeout = 10s (default)
2019-11-16 01:45:08,267 [pool-37-thread-1] INFO  server.RaftServerConfigKeys (ConfUtils.java:logGet(43)) - raft.server.log.statemachine.data.sync.timeout.retry = -1 (default)
2019-11-16 01:45:08,267 [pool-37-thread-1] INFO  server.RaftServerConfigKeys (ConfUtils.java:logGet(43)) - raft.server.log.statemachine.data.caching.enabled = true (custom)
2019-11-16 01:45:08,267 [pool-37-thread-1] INFO  segmented.SegmentedRaftLogWorker (SegmentedRaftLogWorker.java:lambda$new$0(128)) - 851c9616-fbeb-440c-ab33-564129e62f8a@group-7813868A092B-SegmentedRaftLogWorker: flushIndex: setUnconditionally 0 -> -1
2019-11-16 01:45:08,268 [pool-37-thread-1] INFO  server.RaftServerConfigKeys (ConfUtils.java:logGet(43)) - raft.server.snapshot.auto.trigger.enabled = true (custom)
2019-11-16 01:45:08,268 [pool-37-thread-1] INFO  server.RaftServerConfigKeys (ConfUtils.java:logGet(43)) - raft.server.snapshot.auto.trigger.threshold = 10000 (custom)
2019-11-16 01:45:08,268 [pool-37-thread-1] INFO  server.RaftServerConfigKeys (ConfUtils.java:logGet(43)) - raft.server.snapshot.retention.file.num = 5 (custom)
2019-11-16 01:45:08,268 [pool-37-thread-1] INFO  server.RaftServerConfigKeys (ConfUtils.java:logGet(43)) - raft.server.retrycache.expirytime = 600000ms (custom)
2019-11-16 01:45:08,268 [pool-37-thread-1] WARN  impl.MetricRegistriesImpl (MetricRegistriesImpl.java:lambda$create$1(61)) - First MetricRegistry has been created without registering reporters. You may need to call MetricRegistries.global().addReportRegistration(...) before.
2019-11-16 01:45:08,269 [pool-37-thread-1] WARN  impl.MetricRegistriesImpl (MetricRegistriesImpl.java:lambda$create$1(61)) - First MetricRegistry has been created without registering reporters. You may need to call MetricRegistries.global().addReportRegistration(...) before.
2019-11-16 01:45:08,269 [pool-37-thread-1] INFO  impl.RaftServerImpl (RaftServerImpl.java:start(184)) - 851c9616-fbeb-440c-ab33-564129e62f8a@group-7813868A092B: start as a follower, conf=-1: [851c9616-fbeb-440c-ab33-564129e62f8a:192.168.69.79:34859], old=null
2019-11-16 01:45:08,269 [pool-37-thread-1] INFO  impl.RaftServerImpl (RaftServerImpl.java:setRole(173)) - 851c9616-fbeb-440c-ab33-564129e62f8a@group-7813868A092B: changes role from      null to FOLLOWER at term 0 for startAsFollower
2019-11-16 01:45:08,269 [pool-37-thread-1] INFO  impl.RoleInfo (RoleInfo.java:updateAndGet(143)) - 851c9616-fbeb-440c-ab33-564129e62f8a: start FollowerState
2019-11-16 01:45:08,269 [pool-37-thread-1] INFO  util.JmxRegister (JmxRegister.java:tryRegister(44)) - Successfully registered JMX Bean with object name Ratis:service=RaftServer,group=group-7813868A092B,id=851c9616-fbeb-440c-ab33-564129e62f8a
2019-11-16 01:45:08,270 [pool-37-thread-1] WARN  impl.MetricRegistriesImpl (MetricRegistriesImpl.java:lambda$create$1(61)) - First MetricRegistry has been created without registering reporters. You may need to call MetricRegistries.global().addReportRegistration(...) before.
2019-11-16 01:45:08,278 [RatisPipelineUtilsThread] INFO  pipeline.PipelineStateManager (PipelineStateManager.java:addPipeline(55)) - Created pipeline Pipeline[ Id: f804de02-44da-4acc-a51a-7813868a092b, Nodes: 851c9616-fbeb-440c-ab33-564129e62f8a{ip: 192.168.69.79, host: pr-hdds-2501-b5dhd-1197665634, networkLocation: /default-rack, certSerialId: null}, Type:RATIS, Factor:ONE, State:ALLOCATED]
2019-11-16 01:45:08,279 [Thread-178] INFO  pipeline.PipelineStateManager (PipelineStateManager.java:finalizePipeline(121)) - Pipeline Pipeline[ Id: c4afcae2-c88d-4400-92ba-634e30afa292, Nodes: 851c9616-fbeb-440c-ab33-564129e62f8a{ip: 192.168.69.79, host: pr-hdds-2501-b5dhd-1197665634, networkLocation: /default-rack, certSerialId: null}954b9a87-ad06-45b1-96aa-3a2262204195{ip: 192.168.69.79, host: pr-hdds-2501-b5dhd-1197665634, networkLocation: /default-rack, certSerialId: null}90d7adde-f2eb-4e5e-a05e-61e2bdd55e52{ip: 192.168.69.79, host: pr-hdds-2501-b5dhd-1197665634, networkLocation: /default-rack, certSerialId: null}, Type:RATIS, Factor:THREE, State:CLOSED] moved to CLOSED state
2019-11-16 01:45:08,288 [grpc-default-executor-1] INFO  impl.RaftServerProxy (RaftServerProxy.java:remove(95)) - 851c9616-fbeb-440c-ab33-564129e62f8a: remove  FOLLOWER 851c9616-fbeb-440c-ab33-564129e62f8a@group-634E30AFA292:t0, leader=null, voted=null, raftlog=851c9616-fbeb-440c-ab33-564129e62f8a@group-634E30AFA292-SegmentedRaftLog:OPENED:c-1,f-1,i0, conf=-1: [90d7adde-f2eb-4e5e-a05e-61e2bdd55e52:192.168.69.79:41431, 851c9616-fbeb-440c-ab33-564129e62f8a:192.168.69.79:34859, 954b9a87-ad06-45b1-96aa-3a2262204195:192.168.69.79:37833], old=null RUNNING
2019-11-16 01:45:08,289 [grpc-default-executor-1] INFO  impl.RaftServerImpl (RaftServerImpl.java:lambda$shutdown$3(250)) - 851c9616-fbeb-440c-ab33-564129e62f8a@group-634E30AFA292: shutdown
2019-11-16 01:45:08,289 [grpc-default-executor-1] INFO  util.JmxRegister (JmxRegister.java:unregister(73)) - Successfully un-registered JMX Bean with object name Ratis:service=RaftServer,group=group-634E30AFA292,id=851c9616-fbeb-440c-ab33-564129e62f8a
2019-11-16 01:45:08,289 [grpc-default-executor-1] INFO  impl.RoleInfo (RoleInfo.java:shutdownFollowerState(121)) - 851c9616-fbeb-440c-ab33-564129e62f8a: shutdown FollowerState
2019-11-16 01:45:08,289 [grpc-default-executor-1] INFO  impl.StateMachineUpdater (StateMachineUpdater.java:stopAndJoin(136)) - 851c9616-fbeb-440c-ab33-564129e62f8a@group-634E30AFA292-StateMachineUpdater: set stopIndex = -1
2019-11-16 01:45:08,289 [Thread-192] INFO  impl.FollowerState (FollowerState.java:run(120)) - 851c9616-fbeb-440c-ab33-564129e62f8a@group-634E30AFA292-FollowerState was interrupted: java.lang.InterruptedException: sleep interrupted
2019-11-16 01:45:08,291 [grpc-default-executor-1] INFO  impl.RaftServerImpl (ServerState.java:close(387)) - 851c9616-fbeb-440c-ab33-564129e62f8a@group-634E30AFA292: closes. applyIndex: -1
2019-11-16 01:45:08,292 [851c9616-fbeb-440c-ab33-564129e62f8a@group-634E30AFA292-SegmentedRaftLogWorker] INFO  segmented.SegmentedRaftLogWorker (SegmentedRaftLogWorker.java:run(316)) - 851c9616-fbeb-440c-ab33-564129e62f8a@group-634E30AFA292-SegmentedRaftLogWorker was interrupted, exiting. There are 0 tasks remaining in the queue.
2019-11-16 01:45:08,293 [grpc-default-executor-1] INFO  segmented.SegmentedRaftLogWorker (SegmentedRaftLogWorker.java:close(224)) - 851c9616-fbeb-440c-ab33-564129e62f8a@group-634E30AFA292-SegmentedRaftLogWorker close()
2019-11-16 01:45:08,309 [grpc-default-executor-1] INFO  impl.RaftServerProxy (RaftServerProxy.java:remove(95)) - 954b9a87-ad06-45b1-96aa-3a2262204195: remove  FOLLOWER 954b9a87-ad06-45b1-96aa-3a2262204195@group-634E30AFA292:t0, leader=null, voted=null, raftlog=954b9a87-ad06-45b1-96aa-3a2262204195@group-634E30AFA292-SegmentedRaftLog:OPENED:c-1,f-1,i0, conf=-1: [90d7adde-f2eb-4e5e-a05e-61e2bdd55e52:192.168.69.79:41431, 851c9616-fbeb-440c-ab33-564129e62f8a:192.168.69.79:34859, 954b9a87-ad06-45b1-96aa-3a2262204195:192.168.69.79:37833], old=null RUNNING
2019-11-16 01:45:08,309 [grpc-default-executor-1] INFO  impl.RaftServerImpl (RaftServerImpl.java:lambda$shutdown$3(250)) - 954b9a87-ad06-45b1-96aa-3a2262204195@group-634E30AFA292: shutdown
2019-11-16 01:45:08,309 [grpc-default-executor-1] INFO  util.JmxRegister (JmxRegister.java:unregister(73)) - Successfully un-registered JMX Bean with object name Ratis:service=RaftServer,group=group-634E30AFA292,id=954b9a87-ad06-45b1-96aa-3a2262204195
2019-11-16 01:45:08,309 [grpc-default-executor-1] INFO  impl.RoleInfo (RoleInfo.java:shutdownFollowerState(121)) - 954b9a87-ad06-45b1-96aa-3a2262204195: shutdown FollowerState
2019-11-16 01:45:08,310 [grpc-default-executor-1] INFO  impl.StateMachineUpdater (StateMachineUpdater.java:stopAndJoin(136)) - 954b9a87-ad06-45b1-96aa-3a2262204195@group-634E30AFA292-StateMachineUpdater: set stopIndex = -1
2019-11-16 01:45:08,310 [Thread-194] INFO  impl.FollowerState (FollowerState.java:run(120)) - 954b9a87-ad06-45b1-96aa-3a2262204195@group-634E30AFA292-FollowerState was interrupted: java.lang.InterruptedException: sleep interrupted
2019-11-16 01:45:08,311 [grpc-default-executor-1] INFO  impl.RaftServerImpl (ServerState.java:close(387)) - 954b9a87-ad06-45b1-96aa-3a2262204195@group-634E30AFA292: closes. applyIndex: -1
2019-11-16 01:45:08,311 [954b9a87-ad06-45b1-96aa-3a2262204195@group-634E30AFA292-SegmentedRaftLogWorker] INFO  segmented.SegmentedRaftLogWorker (SegmentedRaftLogWorker.java:run(316)) - 954b9a87-ad06-45b1-96aa-3a2262204195@group-634E30AFA292-SegmentedRaftLogWorker was interrupted, exiting. There are 0 tasks remaining in the queue.
2019-11-16 01:45:08,312 [grpc-default-executor-1] INFO  segmented.SegmentedRaftLogWorker (SegmentedRaftLogWorker.java:close(224)) - 954b9a87-ad06-45b1-96aa-3a2262204195@group-634E30AFA292-SegmentedRaftLogWorker close()
2019-11-16 01:45:08,328 [grpc-default-executor-1] INFO  impl.RaftServerProxy (RaftServerProxy.java:remove(95)) - 90d7adde-f2eb-4e5e-a05e-61e2bdd55e52: remove  FOLLOWER 90d7adde-f2eb-4e5e-a05e-61e2bdd55e52@group-634E30AFA292:t0, leader=null, voted=null, raftlog=90d7adde-f2eb-4e5e-a05e-61e2bdd55e52@group-634E30AFA292-SegmentedRaftLog:OPENED:c-1,f-1,i0, conf=-1: [90d7adde-f2eb-4e5e-a05e-61e2bdd55e52:192.168.69.79:41431, 851c9616-fbeb-440c-ab33-564129e62f8a:192.168.69.79:34859, 954b9a87-ad06-45b1-96aa-3a2262204195:192.168.69.79:37833], old=null RUNNING
2019-11-16 01:45:08,329 [grpc-default-executor-1] INFO  impl.RaftServerImpl (RaftServerImpl.java:lambda$shutdown$3(250)) - 90d7adde-f2eb-4e5e-a05e-61e2bdd55e52@group-634E30AFA292: shutdown
2019-11-16 01:45:08,329 [grpc-default-executor-1] INFO  util.JmxRegister (JmxRegister.java:unregister(73)) - Successfully un-registered JMX Bean with object name Ratis:service=RaftServer,group=group-634E30AFA292,id=90d7adde-f2eb-4e5e-a05e-61e2bdd55e52
2019-11-16 01:45:08,329 [grpc-default-executor-1] INFO  impl.RoleInfo (RoleInfo.java:shutdownFollowerState(121)) - 90d7adde-f2eb-4e5e-a05e-61e2bdd55e52: shutdown FollowerState
2019-11-16 01:45:08,329 [grpc-default-executor-1] INFO  impl.StateMachineUpdater (StateMachineUpdater.java:stopAndJoin(136)) - 90d7adde-f2eb-4e5e-a05e-61e2bdd55e52@group-634E30AFA292-StateMachineUpdater: set stopIndex = -1
2019-11-16 01:45:08,329 [Thread-190] INFO  impl.FollowerState (FollowerState.java:run(120)) - 90d7adde-f2eb-4e5e-a05e-61e2bdd55e52@group-634E30AFA292-FollowerState was interrupted: java.lang.InterruptedException: sleep interrupted
2019-11-16 01:45:08,330 [grpc-default-executor-1] INFO  impl.RaftServerImpl (ServerState.java:close(387)) - 90d7adde-f2eb-4e5e-a05e-61e2bdd55e52@group-634E30AFA292: closes. applyIndex: -1
2019-11-16 01:45:08,331 [90d7adde-f2eb-4e5e-a05e-61e2bdd55e52@group-634E30AFA292-SegmentedRaftLogWorker] INFO  segmented.SegmentedRaftLogWorker (SegmentedRaftLogWorker.java:run(316)) - 90d7adde-f2eb-4e5e-a05e-61e2bdd55e52@group-634E30AFA292-SegmentedRaftLogWorker was interrupted, exiting. There are 0 tasks remaining in the queue.
2019-11-16 01:45:08,331 [grpc-default-executor-1] INFO  segmented.SegmentedRaftLogWorker (SegmentedRaftLogWorker.java:close(224)) - 90d7adde-f2eb-4e5e-a05e-61e2bdd55e52@group-634E30AFA292-SegmentedRaftLogWorker close()
2019-11-16 01:45:08,338 [Thread-178] INFO  pipeline.PipelineStateManager (PipelineStateManager.java:removePipeline(106)) - Pipeline Pipeline[ Id: c4afcae2-c88d-4400-92ba-634e30afa292, Nodes: 851c9616-fbeb-440c-ab33-564129e62f8a{ip: 192.168.69.79, host: pr-hdds-2501-b5dhd-1197665634, networkLocation: /default-rack, certSerialId: null}954b9a87-ad06-45b1-96aa-3a2262204195{ip: 192.168.69.79, host: pr-hdds-2501-b5dhd-1197665634, networkLocation: /default-rack, certSerialId: null}90d7adde-f2eb-4e5e-a05e-61e2bdd55e52{ip: 192.168.69.79, host: pr-hdds-2501-b5dhd-1197665634, networkLocation: /default-rack, certSerialId: null}, Type:RATIS, Factor:THREE, State:CLOSED] removed from db
2019-11-16 01:45:08,338 [Thread-178] INFO  pipeline.SCMPipelineManager (SCMPipelineManager.java:finalizeAndDestroyPipeline(315)) - destroying pipeline:Pipeline[ Id: e5f0b5de-7cca-414f-b7a2-d1515e457793, Nodes: 954b9a87-ad06-45b1-96aa-3a2262204195{ip: 192.168.69.79, host: pr-hdds-2501-b5dhd-1197665634, networkLocation: /default-rack, certSerialId: null}, Type:RATIS, Factor:ONE, State:ALLOCATED]
2019-11-16 01:45:08,351 [grpc-default-executor-0] INFO  impl.RaftServerProxy (RaftServerProxy.java:addNew(89)) - 90d7adde-f2eb-4e5e-a05e-61e2bdd55e52: addNew group-B9A38B8065C2:[90d7adde-f2eb-4e5e-a05e-61e2bdd55e52:192.168.69.79:41431, 851c9616-fbeb-440c-ab33-564129e62f8a:192.168.69.79:34859, 954b9a87-ad06-45b1-96aa-3a2262204195:192.168.69.79:37833] returns group-B9A38B8065C2:java.util.concurrent.CompletableFuture@1fea83f1[Not completed]
2019-11-16 01:45:08,352 [grpc-default-executor-2] INFO  impl.RaftServerProxy (RaftServerProxy.java:addNew(89)) - 851c9616-fbeb-440c-ab33-564129e62f8a: addNew group-B9A38B8065C2:[90d7adde-f2eb-4e5e-a05e-61e2bdd55e52:192.168.69.79:41431, 851c9616-fbeb-440c-ab33-564129e62f8a:192.168.69.79:34859, 954b9a87-ad06-45b1-96aa-3a2262204195:192.168.69.79:37833] returns group-B9A38B8065C2:java.util.concurrent.CompletableFuture@2c7fac[Not completed]
2019-11-16 01:45:08,352 [grpc-default-executor-1] INFO  impl.RaftServerProxy (RaftServerProxy.java:addNew(89)) - 954b9a87-ad06-45b1-96aa-3a2262204195: addNew group-B9A38B8065C2:[90d7adde-f2eb-4e5e-a05e-61e2bdd55e52:192.168.69.79:41431, 851c9616-fbeb-440c-ab33-564129e62f8a:192.168.69.79:34859, 954b9a87-ad06-45b1-96aa-3a2262204195:192.168.69.79:37833] returns group-B9A38B8065C2:java.util.concurrent.CompletableFuture@56ed7ff1[Not completed]
2019-11-16 01:45:08,354 [pool-27-thread-1] INFO  impl.RaftServerImpl (RaftServerImpl.java:<init>(98)) - 90d7adde-f2eb-4e5e-a05e-61e2bdd55e52: new RaftServerImpl for group-B9A38B8065C2:[90d7adde-f2eb-4e5e-a05e-61e2bdd55e52:192.168.69.79:41431, 851c9616-fbeb-440c-ab33-564129e62f8a:192.168.69.79:34859, 954b9a87-ad06-45b1-96aa-3a2262204195:192.168.69.79:37833] with ContainerStateMachine:uninitialized
2019-11-16 01:45:08,355 [pool-27-thread-1] INFO  server.RaftServerConfigKeys (ConfUtils.java:logGet(43)) - raft.server.rpc.timeout.min = 5s (custom)
2019-11-16 01:45:08,355 [pool-27-thread-1] INFO  server.RaftServerConfigKeys (ConfUtils.java:logGet(43)) - raft.server.rpc.timeout.max = 5200ms (custom)
2019-11-16 01:45:08,355 [pool-27-thread-1] INFO  server.RaftServerConfigKeys (ConfUtils.java:logGet(43)) - raft.server.rpcslowness.timeout = 120s (custom)
2019-11-16 01:45:08,355 [pool-27-thread-1] INFO  server.RaftServerConfigKeys (ConfUtils.java:logGet(43)) - raft.server.sleep.deviation.threshold = 300 (default)
2019-11-16 01:45:08,355 [pool-27-thread-1] INFO  server.RaftServerConfigKeys (ConfUtils.java:logGet(43)) - raft.server.log.appender.install.snapshot.enabled = false (custom)
2019-11-16 01:45:08,355 [pool-27-thread-1] INFO  impl.RaftServerImpl (ServerState.java:<init>(103)) - 90d7adde-f2eb-4e5e-a05e-61e2bdd55e52@group-B9A38B8065C2: ConfigurationManager, init=-1: [90d7adde-f2eb-4e5e-a05e-61e2bdd55e52:192.168.69.79:41431, 851c9616-fbeb-440c-ab33-564129e62f8a:192.168.69.79:34859, 954b9a87-ad06-45b1-96aa-3a2262204195:192.168.69.79:37833], old=null, confs=<EMPTY_MAP>
2019-11-16 01:45:08,356 [pool-27-thread-1] INFO  server.RaftServerConfigKeys (ConfUtils.java:logGet(43)) - raft.server.storage.dir = [/workdir/hadoop-ozone/tools/target/test-dir/MiniOzoneClusterImpl-54a862c9-b613-4954-aace-0ae448b21960/datanode-0/data/ratis] (custom)
2019-11-16 01:45:08,356 [pool-47-thread-1] INFO  impl.RaftServerImpl (RaftServerImpl.java:<init>(98)) - 954b9a87-ad06-45b1-96aa-3a2262204195: new RaftServerImpl for group-B9A38B8065C2:[90d7adde-f2eb-4e5e-a05e-61e2bdd55e52:192.168.69.79:41431, 851c9616-fbeb-440c-ab33-564129e62f8a:192.168.69.79:34859, 954b9a87-ad06-45b1-96aa-3a2262204195:192.168.69.79:37833] with ContainerStateMachine:uninitialized
2019-11-16 01:45:08,356 [pool-47-thread-1] INFO  server.RaftServerConfigKeys (ConfUtils.java:logGet(43)) - raft.server.rpc.timeout.min = 5s (custom)
2019-11-16 01:45:08,356 [pool-27-thread-1] INFO  server.RaftServerConfigKeys (ConfUtils.java:logGet(43)) - raft.server.log.corruption.policy = EXCEPTION (default)
2019-11-16 01:45:08,356 [pool-47-thread-1] INFO  server.RaftServerConfigKeys (ConfUtils.java:logGet(43)) - raft.server.rpc.timeout.max = 5200ms (custom)
2019-11-16 01:45:08,356 [pool-27-thread-1] INFO  storage.RaftStorageDirectory (RaftStorageDirectory.java:analyzeStorage(246)) - The storage directory /workdir/hadoop-ozone/tools/target/test-dir/MiniOzoneClusterImpl-54a862c9-b613-4954-aace-0ae448b21960/datanode-0/data/ratis/b50ea7bb-4655-4d31-8262-b9a38b8065c2 does not exist. Creating ...
2019-11-16 01:45:08,356 [pool-37-thread-1] INFO  impl.RaftServerImpl (RaftServerImpl.java:<init>(98)) - 851c9616-fbeb-440c-ab33-564129e62f8a: new RaftServerImpl for group-B9A38B8065C2:[90d7adde-f2eb-4e5e-a05e-61e2bdd55e52:192.168.69.79:41431, 851c9616-fbeb-440c-ab33-564129e62f8a:192.168.69.79:34859, 954b9a87-ad06-45b1-96aa-3a2262204195:192.168.69.79:37833] with ContainerStateMachine:uninitialized
2019-11-16 01:45:08,356 [pool-47-thread-1] INFO  server.RaftServerConfigKeys (ConfUtils.java:logGet(43)) - raft.server.rpcslowness.timeout = 120s (custom)
2019-11-16 01:45:08,357 [pool-37-thread-1] INFO  server.RaftServerConfigKeys (ConfUtils.java:logGet(43)) - raft.server.rpc.timeout.min = 5s (custom)
2019-11-16 01:45:08,357 [pool-47-thread-1] INFO  server.RaftServerConfigKeys (ConfUtils.java:logGet(43)) - raft.server.sleep.deviation.threshold = 300 (default)
2019-11-16 01:45:08,357 [pool-37-thread-1] INFO  server.RaftServerConfigKeys (ConfUtils.java:logGet(43)) - raft.server.rpc.timeout.max = 5200ms (custom)
2019-11-16 01:45:08,357 [pool-47-thread-1] INFO  server.RaftServerConfigKeys (ConfUtils.java:logGet(43)) - raft.server.log.appender.install.snapshot.enabled = false (custom)
2019-11-16 01:45:08,357 [pool-37-thread-1] INFO  server.RaftServerConfigKeys (ConfUtils.java:logGet(43)) - raft.server.rpcslowness.timeout = 120s (custom)
2019-11-16 01:45:08,357 [pool-47-thread-1] INFO  impl.RaftServerImpl (ServerState.java:<init>(103)) - 954b9a87-ad06-45b1-96aa-3a2262204195@group-B9A38B8065C2: ConfigurationManager, init=-1: [90d7adde-f2eb-4e5e-a05e-61e2bdd55e52:192.168.69.79:41431, 851c9616-fbeb-440c-ab33-564129e62f8a:192.168.69.79:34859, 954b9a87-ad06-45b1-96aa-3a2262204195:192.168.69.79:37833], old=null, confs=<EMPTY_MAP>
2019-11-16 01:45:08,357 [pool-37-thread-1] INFO  server.RaftServerConfigKeys (ConfUtils.java:logGet(43)) - raft.server.sleep.deviation.threshold = 300 (default)
2019-11-16 01:45:08,357 [pool-37-thread-1] INFO  server.RaftServerConfigKeys (ConfUtils.java:logGet(43)) - raft.server.log.appender.install.snapshot.enabled = false (custom)
2019-11-16 01:45:08,357 [pool-47-thread-1] INFO  server.RaftServerConfigKeys (ConfUtils.java:logGet(43)) - raft.server.storage.dir = [/workdir/hadoop-ozone/tools/target/test-dir/MiniOzoneClusterImpl-54a862c9-b613-4954-aace-0ae448b21960/datanode-2/data/ratis] (custom)
2019-11-16 01:45:08,358 [pool-37-thread-1] INFO  impl.RaftServerImpl (ServerState.java:<init>(103)) - 851c9616-fbeb-440c-ab33-564129e62f8a@group-B9A38B8065C2: ConfigurationManager, init=-1: [90d7adde-f2eb-4e5e-a05e-61e2bdd55e52:192.168.69.79:41431, 851c9616-fbeb-440c-ab33-564129e62f8a:192.168.69.79:34859, 954b9a87-ad06-45b1-96aa-3a2262204195:192.168.69.79:37833], old=null, confs=<EMPTY_MAP>
2019-11-16 01:45:08,358 [pool-37-thread-1] INFO  server.RaftServerConfigKeys (ConfUtils.java:logGet(43)) - raft.server.storage.dir = [/workdir/hadoop-ozone/tools/target/test-dir/MiniOzoneClusterImpl-54a862c9-b613-4954-aace-0ae448b21960/datanode-1/data/ratis] (custom)
2019-11-16 01:45:08,358 [pool-47-thread-1] INFO  server.RaftServerConfigKeys (ConfUtils.java:logGet(43)) - raft.server.log.corruption.policy = EXCEPTION (default)
2019-11-16 01:45:08,358 [pool-37-thread-1] INFO  server.RaftServerConfigKeys (ConfUtils.java:logGet(43)) - raft.server.log.corruption.policy = EXCEPTION (default)
2019-11-16 01:45:08,358 [pool-47-thread-1] INFO  storage.RaftStorageDirectory (RaftStorageDirectory.java:analyzeStorage(246)) - The storage directory /workdir/hadoop-ozone/tools/target/test-dir/MiniOzoneClusterImpl-54a862c9-b613-4954-aace-0ae448b21960/datanode-2/data/ratis/b50ea7bb-4655-4d31-8262-b9a38b8065c2 does not exist. Creating ...
2019-11-16 01:45:08,358 [pool-37-thread-1] INFO  storage.RaftStorageDirectory (RaftStorageDirectory.java:analyzeStorage(246)) - The storage directory /workdir/hadoop-ozone/tools/target/test-dir/MiniOzoneClusterImpl-54a862c9-b613-4954-aace-0ae448b21960/datanode-1/data/ratis/b50ea7bb-4655-4d31-8262-b9a38b8065c2 does not exist. Creating ...
2019-11-16 01:45:08,370 [pool-37-thread-1] INFO  storage.RaftStorageDirectory (RaftStorageDirectory.java:tryLock(328)) - Lock on /workdir/hadoop-ozone/tools/target/test-dir/MiniOzoneClusterImpl-54a862c9-b613-4954-aace-0ae448b21960/datanode-1/data/ratis/b50ea7bb-4655-4d31-8262-b9a38b8065c2/in_use.lock acquired by nodename 20153@pr-hdds-2501-b5dhd-1197665634
2019-11-16 01:45:08,370 [pool-27-thread-1] INFO  storage.RaftStorageDirectory (RaftStorageDirectory.java:tryLock(328)) - Lock on /workdir/hadoop-ozone/tools/target/test-dir/MiniOzoneClusterImpl-54a862c9-b613-4954-aace-0ae448b21960/datanode-0/data/ratis/b50ea7bb-4655-4d31-8262-b9a38b8065c2/in_use.lock acquired by nodename 20153@pr-hdds-2501-b5dhd-1197665634
2019-11-16 01:45:08,370 [pool-47-thread-1] INFO  storage.RaftStorageDirectory (RaftStorageDirectory.java:tryLock(328)) - Lock on /workdir/hadoop-ozone/tools/target/test-dir/MiniOzoneClusterImpl-54a862c9-b613-4954-aace-0ae448b21960/datanode-2/data/ratis/b50ea7bb-4655-4d31-8262-b9a38b8065c2/in_use.lock acquired by nodename 20153@pr-hdds-2501-b5dhd-1197665634
2019-11-16 01:45:08,383 [pool-47-thread-1] INFO  storage.RaftStorage (RaftStorage.java:format(84)) - Storage directory /workdir/hadoop-ozone/tools/target/test-dir/MiniOzoneClusterImpl-54a862c9-b613-4954-aace-0ae448b21960/datanode-2/data/ratis/b50ea7bb-4655-4d31-8262-b9a38b8065c2 has been successfully formatted.
2019-11-16 01:45:08,383 [pool-27-thread-1] INFO  storage.RaftStorage (RaftStorage.java:format(84)) - Storage directory /workdir/hadoop-ozone/tools/target/test-dir/MiniOzoneClusterImpl-54a862c9-b613-4954-aace-0ae448b21960/datanode-0/data/ratis/b50ea7bb-4655-4d31-8262-b9a38b8065c2 has been successfully formatted.
2019-11-16 01:45:08,383 [pool-37-thread-1] INFO  storage.RaftStorage (RaftStorage.java:format(84)) - Storage directory /workdir/hadoop-ozone/tools/target/test-dir/MiniOzoneClusterImpl-54a862c9-b613-4954-aace-0ae448b21960/datanode-1/data/ratis/b50ea7bb-4655-4d31-8262-b9a38b8065c2 has been successfully formatted.
2019-11-16 01:45:08,384 [pool-47-thread-1] INFO  ratis.ContainerStateMachine (ContainerStateMachine.java:loadSnapshot(223)) - group-B9A38B8065C2: The snapshot info is null. Setting the last applied indexto:(t:0, i:~)
2019-11-16 01:45:08,384 [pool-27-thread-1] INFO  ratis.ContainerStateMachine (ContainerStateMachine.java:loadSnapshot(223)) - group-B9A38B8065C2: The snapshot info is null. Setting the last applied indexto:(t:0, i:~)
2019-11-16 01:45:08,384 [pool-47-thread-1] INFO  server.RaftServerConfigKeys (ConfUtils.java:logGet(43)) - raft.server.notification.no-leader.timeout = 120s (custom)
2019-11-16 01:45:08,384 [pool-37-thread-1] INFO  ratis.ContainerStateMachine (ContainerStateMachine.java:loadSnapshot(223)) - group-B9A38B8065C2: The snapshot info is null. Setting the last applied indexto:(t:0, i:~)
2019-11-16 01:45:08,384 [pool-47-thread-1] INFO  server.RaftServerConfigKeys (ConfUtils.java:logGet(43)) - raft.server.log.use.memory = false (default)
2019-11-16 01:45:08,384 [pool-27-thread-1] INFO  server.RaftServerConfigKeys (ConfUtils.java:logGet(43)) - raft.server.notification.no-leader.timeout = 120s (custom)
2019-11-16 01:45:08,384 [pool-47-thread-1] INFO  server.RaftServerConfigKeys (ConfUtils.java:logGet(43)) - raft.server.log.purge.gap = 1000000 (custom)
2019-11-16 01:45:08,384 [pool-37-thread-1] INFO  server.RaftServerConfigKeys (ConfUtils.java:logGet(43)) - raft.server.notification.no-leader.timeout = 120s (custom)
2019-11-16 01:45:08,384 [pool-47-thread-1] INFO  server.RaftServerConfigKeys (ConfUtils.java:logGet(43)) - raft.server.log.appender.buffer.byte-limit = 33554432 (custom)
2019-11-16 01:45:08,384 [pool-27-thread-1] INFO  server.RaftServerConfigKeys (ConfUtils.java:logGet(43)) - raft.server.log.use.memory = false (default)
2019-11-16 01:45:08,385 [pool-47-thread-1] INFO  server.RaftServerConfigKeys (ConfUtils.java:logGet(43)) - raft.server.log.segment.size.max = 1048576 (custom)
2019-11-16 01:45:08,384 [pool-37-thread-1] INFO  server.RaftServerConfigKeys (ConfUtils.java:logGet(43)) - raft.server.log.use.memory = false (default)
2019-11-16 01:45:08,385 [pool-47-thread-1] INFO  server.RaftServerConfigKeys (ConfUtils.java:logGet(43)) - raft.server.log.segment.cache.num.max = 2 (custom)
2019-11-16 01:45:08,385 [pool-27-thread-1] INFO  server.RaftServerConfigKeys (ConfUtils.java:logGet(43)) - raft.server.log.purge.gap = 1000000 (custom)
2019-11-16 01:45:08,385 [pool-47-thread-1] INFO  segmented.SegmentedRaftLogWorker (SegmentedRaftLogWorker.java:<init>(173)) - new 954b9a87-ad06-45b1-96aa-3a2262204195@group-B9A38B8065C2-SegmentedRaftLogWorker for RaftStorage:Storage Directory /workdir/hadoop-ozone/tools/target/test-dir/MiniOzoneClusterImpl-54a862c9-b613-4954-aace-0ae448b21960/datanode-2/data/ratis/b50ea7bb-4655-4d31-8262-b9a38b8065c2
2019-11-16 01:45:08,385 [pool-37-thread-1] INFO  server.RaftServerConfigKeys (ConfUtils.java:logGet(43)) - raft.server.log.purge.gap = 1000000 (custom)
2019-11-16 01:45:08,385 [pool-47-thread-1] INFO  server.RaftServerConfigKeys (ConfUtils.java:logGet(43)) - raft.server.log.queue.byte-limit = 2147483647 (custom)
2019-11-16 01:45:08,385 [pool-27-thread-1] INFO  server.RaftServerConfigKeys (ConfUtils.java:logGet(43)) - raft.server.log.appender.buffer.byte-limit = 33554432 (custom)
2019-11-16 01:45:08,385 [pool-47-thread-1] INFO  server.RaftServerConfigKeys (ConfUtils.java:logGet(43)) - raft.server.log.queue.element-limit = 1024 (custom)
2019-11-16 01:45:08,385 [pool-37-thread-1] INFO  server.RaftServerConfigKeys (ConfUtils.java:logGet(43)) - raft.server.log.appender.buffer.byte-limit = 33554432 (custom)
2019-11-16 01:45:08,386 [pool-47-thread-1] INFO  server.RaftServerConfigKeys (ConfUtils.java:logGet(43)) - raft.server.log.segment.size.max = 1048576 (custom)
2019-11-16 01:45:08,385 [pool-27-thread-1] INFO  server.RaftServerConfigKeys (ConfUtils.java:logGet(43)) - raft.server.log.segment.size.max = 1048576 (custom)
2019-11-16 01:45:08,386 [pool-47-thread-1] INFO  server.RaftServerConfigKeys (ConfUtils.java:logGet(43)) - raft.server.log.preallocated.size = 16384 (custom)
2019-11-16 01:45:08,386 [pool-27-thread-1] INFO  server.RaftServerConfigKeys (ConfUtils.java:logGet(43)) - raft.server.log.segment.cache.num.max = 2 (custom)
2019-11-16 01:45:08,386 [pool-37-thread-1] INFO  server.RaftServerConfigKeys (ConfUtils.java:logGet(43)) - raft.server.log.segment.size.max = 1048576 (custom)
2019-11-16 01:45:08,386 [pool-27-thread-1] INFO  segmented.SegmentedRaftLogWorker (SegmentedRaftLogWorker.java:<init>(173)) - new 90d7adde-f2eb-4e5e-a05e-61e2bdd55e52@group-B9A38B8065C2-SegmentedRaftLogWorker for RaftStorage:Storage Directory /workdir/hadoop-ozone/tools/target/test-dir/MiniOzoneClusterImpl-54a862c9-b613-4954-aace-0ae448b21960/datanode-0/data/ratis/b50ea7bb-4655-4d31-8262-b9a38b8065c2
2019-11-16 01:45:08,386 [pool-47-thread-1] INFO  server.RaftServerConfigKeys (ConfUtils.java:logGet(43)) - raft.server.log.write.buffer.size = 33554432 (custom)
2019-11-16 01:45:08,386 [pool-27-thread-1] INFO  server.RaftServerConfigKeys (ConfUtils.java:logGet(43)) - raft.server.log.queue.byte-limit = 2147483647 (custom)
2019-11-16 01:45:08,386 [pool-37-thread-1] INFO  server.RaftServerConfigKeys (ConfUtils.java:logGet(43)) - raft.server.log.segment.cache.num.max = 2 (custom)
2019-11-16 01:45:08,386 [pool-27-thread-1] INFO  server.RaftServerConfigKeys (ConfUtils.java:logGet(43)) - raft.server.log.queue.element-limit = 1024 (custom)
2019-11-16 01:45:08,386 [pool-47-thread-1] INFO  server.RaftServerConfigKeys (ConfUtils.java:logGet(43)) - raft.server.log.force.sync.num = 128 (default)
2019-11-16 01:45:08,387 [pool-27-thread-1] INFO  server.RaftServerConfigKeys (ConfUtils.java:logGet(43)) - raft.server.log.segment.size.max = 1048576 (custom)
2019-11-16 01:45:08,387 [pool-37-thread-1] INFO  segmented.SegmentedRaftLogWorker (SegmentedRaftLogWorker.java:<init>(173)) - new 851c9616-fbeb-440c-ab33-564129e62f8a@group-B9A38B8065C2-SegmentedRaftLogWorker for RaftStorage:Storage Directory /workdir/hadoop-ozone/tools/target/test-dir/MiniOzoneClusterImpl-54a862c9-b613-4954-aace-0ae448b21960/datanode-1/data/ratis/b50ea7bb-4655-4d31-8262-b9a38b8065c2
2019-11-16 01:45:08,387 [pool-27-thread-1] INFO  server.RaftServerConfigKeys (ConfUtils.java:logGet(43)) - raft.server.log.preallocated.size = 16384 (custom)
2019-11-16 01:45:08,387 [pool-47-thread-1] INFO  server.RaftServerConfigKeys (ConfUtils.java:logGet(43)) - raft.server.log.statemachine.data.sync = true (default)
2019-11-16 01:45:08,387 [pool-27-thread-1] INFO  server.RaftServerConfigKeys (ConfUtils.java:logGet(43)) - raft.server.log.write.buffer.size = 33554432 (custom)
2019-11-16 01:45:08,387 [pool-37-thread-1] INFO  server.RaftServerConfigKeys (ConfUtils.java:logGet(43)) - raft.server.log.queue.byte-limit = 2147483647 (custom)
2019-11-16 01:45:08,387 [pool-27-thread-1] INFO  server.RaftServerConfigKeys (ConfUtils.java:logGet(43)) - raft.server.log.force.sync.num = 128 (default)
2019-11-16 01:45:08,387 [pool-47-thread-1] INFO  server.RaftServerConfigKeys (ConfUtils.java:logGet(43)) - raft.server.log.statemachine.data.sync.timeout = 10s (default)
2019-11-16 01:45:08,387 [pool-27-thread-1] INFO  server.RaftServerConfigKeys (ConfUtils.java:logGet(43)) - raft.server.log.statemachine.data.sync = true (default)
2019-11-16 01:45:08,387 [pool-37-thread-1] INFO  server.RaftServerConfigKeys (ConfUtils.java:logGet(43)) - raft.server.log.queue.element-limit = 1024 (custom)
2019-11-16 01:45:08,388 [pool-47-thread-1] INFO  server.RaftServerConfigKeys (ConfUtils.java:logGet(43)) - raft.server.log.statemachine.data.sync.timeout.retry = -1 (default)
2019-11-16 01:45:08,388 [pool-37-thread-1] INFO  server.RaftServerConfigKeys (ConfUtils.java:logGet(43)) - raft.server.log.segment.size.max = 1048576 (custom)
2019-11-16 01:45:08,388 [pool-27-thread-1] INFO  server.RaftServerConfigKeys (ConfUtils.java:logGet(43)) - raft.server.log.statemachine.data.sync.timeout = 10s (default)
2019-11-16 01:45:08,388 [pool-47-thread-1] INFO  server.RaftServerConfigKeys (ConfUtils.java:logGet(43)) - raft.server.log.statemachine.data.caching.enabled = true (custom)
2019-11-16 01:45:08,388 [pool-37-thread-1] INFO  server.RaftServerConfigKeys (ConfUtils.java:logGet(43)) - raft.server.log.preallocated.size = 16384 (custom)
2019-11-16 01:45:08,388 [pool-27-thread-1] INFO  server.RaftServerConfigKeys (ConfUtils.java:logGet(43)) - raft.server.log.statemachine.data.sync.timeout.retry = -1 (default)
2019-11-16 01:45:08,388 [pool-47-thread-1] INFO  segmented.SegmentedRaftLogWorker (SegmentedRaftLogWorker.java:lambda$new$0(128)) - 954b9a87-ad06-45b1-96aa-3a2262204195@group-B9A38B8065C2-SegmentedRaftLogWorker: flushIndex: setUnconditionally 0 -> -1
2019-11-16 01:45:08,388 [pool-37-thread-1] INFO  server.RaftServerConfigKeys (ConfUtils.java:logGet(43)) - raft.server.log.write.buffer.size = 33554432 (custom)
2019-11-16 01:45:08,389 [pool-27-thread-1] INFO  server.RaftServerConfigKeys (ConfUtils.java:logGet(43)) - raft.server.log.statemachine.data.caching.enabled = true (custom)
2019-11-16 01:45:08,389 [pool-47-thread-1] INFO  server.RaftServerConfigKeys (ConfUtils.java:logGet(43)) - raft.server.snapshot.auto.trigger.enabled = true (custom)
2019-11-16 01:45:08,389 [pool-37-thread-1] INFO  server.RaftServerConfigKeys (ConfUtils.java:logGet(43)) - raft.server.log.force.sync.num = 128 (default)
2019-11-16 01:45:08,389 [pool-47-thread-1] INFO  server.RaftServerConfigKeys (ConfUtils.java:logGet(43)) - raft.server.snapshot.auto.trigger.threshold = 10000 (custom)
2019-11-16 01:45:08,389 [pool-27-thread-1] INFO  segmented.SegmentedRaftLogWorker (SegmentedRaftLogWorker.java:lambda$new$0(128)) - 90d7adde-f2eb-4e5e-a05e-61e2bdd55e52@group-B9A38B8065C2-SegmentedRaftLogWorker: flushIndex: setUnconditionally 0 -> -1
2019-11-16 01:45:08,389 [pool-37-thread-1] INFO  server.RaftServerConfigKeys (ConfUtils.java:logGet(43)) - raft.server.log.statemachine.data.sync = true (default)
2019-11-16 01:45:08,389 [pool-47-thread-1] INFO  server.RaftServerConfigKeys (ConfUtils.java:logGet(43)) - raft.server.snapshot.retention.file.num = 5 (custom)
2019-11-16 01:45:08,389 [pool-27-thread-1] INFO  server.RaftServerConfigKeys (ConfUtils.java:logGet(43)) - raft.server.snapshot.auto.trigger.enabled = true (custom)
2019-11-16 01:45:08,389 [pool-37-thread-1] INFO  server.RaftServerConfigKeys (ConfUtils.java:logGet(43)) - raft.server.log.statemachine.data.sync.timeout = 10s (default)
2019-11-16 01:45:08,390 [pool-27-thread-1] INFO  server.RaftServerConfigKeys (ConfUtils.java:logGet(43)) - raft.server.snapshot.auto.trigger.threshold = 10000 (custom)
2019-11-16 01:45:08,390 [pool-47-thread-1] INFO  server.RaftServerConfigKeys (ConfUtils.java:logGet(43)) - raft.server.retrycache.expirytime = 600000ms (custom)
2019-11-16 01:45:08,390 [pool-27-thread-1] INFO  server.RaftServerConfigKeys (ConfUtils.java:logGet(43)) - raft.server.snapshot.retention.file.num = 5 (custom)
2019-11-16 01:45:08,390 [pool-37-thread-1] INFO  server.RaftServerConfigKeys (ConfUtils.java:logGet(43)) - raft.server.log.statemachine.data.sync.timeout.retry = -1 (default)
2019-11-16 01:45:08,390 [pool-47-thread-1] WARN  impl.MetricRegistriesImpl (MetricRegistriesImpl.java:lambda$create$1(61)) - First MetricRegistry has been created without registering reporters. You may need to call MetricRegistries.global().addReportRegistration(...) before.
2019-11-16 01:45:08,390 [pool-37-thread-1] INFO  server.RaftServerConfigKeys (ConfUtils.java:logGet(43)) - raft.server.log.statemachine.data.caching.enabled = true (custom)
2019-11-16 01:45:08,390 [pool-27-thread-1] INFO  server.RaftServerConfigKeys (ConfUtils.java:logGet(43)) - raft.server.retrycache.expirytime = 600000ms (custom)
2019-11-16 01:45:08,390 [pool-47-thread-1] WARN  impl.MetricRegistriesImpl (MetricRegistriesImpl.java:lambda$create$1(61)) - First MetricRegistry has been created without registering reporters. You may need to call MetricRegistries.global().addReportRegistration(...) before.
2019-11-16 01:45:08,391 [pool-27-thread-1] WARN  impl.MetricRegistriesImpl (MetricRegistriesImpl.java:lambda$create$1(61)) - First MetricRegistry has been created without registering reporters. You may need to call MetricRegistries.global().addReportRegistration(...) before.
2019-11-16 01:45:08,391 [pool-37-thread-1] INFO  segmented.SegmentedRaftLogWorker (SegmentedRaftLogWorker.java:lambda$new$0(128)) - 851c9616-fbeb-440c-ab33-564129e62f8a@group-B9A38B8065C2-SegmentedRaftLogWorker: flushIndex: setUnconditionally 0 -> -1
2019-11-16 01:45:08,391 [pool-27-thread-1] WARN  impl.MetricRegistriesImpl (MetricRegistriesImpl.java:lambda$create$1(61)) - First MetricRegistry has been created without registering reporters. You may need to call MetricRegistries.global().addReportRegistration(...) before.
2019-11-16 01:45:08,391 [pool-47-thread-1] INFO  impl.RaftServerImpl (RaftServerImpl.java:start(184)) - 954b9a87-ad06-45b1-96aa-3a2262204195@group-B9A38B8065C2: start as a follower, conf=-1: [90d7adde-f2eb-4e5e-a05e-61e2bdd55e52:192.168.69.79:41431, 851c9616-fbeb-440c-ab33-564129e62f8a:192.168.69.79:34859, 954b9a87-ad06-45b1-96aa-3a2262204195:192.168.69.79:37833], old=null
2019-11-16 01:45:08,391 [pool-37-thread-1] INFO  server.RaftServerConfigKeys (ConfUtils.java:logGet(43)) - raft.server.snapshot.auto.trigger.enabled = true (custom)
2019-11-16 01:45:08,391 [pool-47-thread-1] INFO  impl.RaftServerImpl (RaftServerImpl.java:setRole(173)) - 954b9a87-ad06-45b1-96aa-3a2262204195@group-B9A38B8065C2: changes role from      null to FOLLOWER at term 0 for startAsFollower
2019-11-16 01:45:08,391 [pool-27-thread-1] INFO  impl.RaftServerImpl (RaftServerImpl.java:start(184)) - 90d7adde-f2eb-4e5e-a05e-61e2bdd55e52@group-B9A38B8065C2: start as a follower, conf=-1: [90d7adde-f2eb-4e5e-a05e-61e2bdd55e52:192.168.69.79:41431, 851c9616-fbeb-440c-ab33-564129e62f8a:192.168.69.79:34859, 954b9a87-ad06-45b1-96aa-3a2262204195:192.168.69.79:37833], old=null
2019-11-16 01:45:08,391 [pool-37-thread-1] INFO  server.RaftServerConfigKeys (ConfUtils.java:logGet(43)) - raft.server.snapshot.auto.trigger.threshold = 10000 (custom)
2019-11-16 01:45:08,392 [pool-27-thread-1] INFO  impl.RaftServerImpl (RaftServerImpl.java:setRole(173)) - 90d7adde-f2eb-4e5e-a05e-61e2bdd55e52@group-B9A38B8065C2: changes role from      null to FOLLOWER at term 0 for startAsFollower
2019-11-16 01:45:08,392 [pool-47-thread-1] INFO  impl.RoleInfo (RoleInfo.java:updateAndGet(143)) - 954b9a87-ad06-45b1-96aa-3a2262204195: start FollowerState
2019-11-16 01:45:08,392 [pool-27-thread-1] INFO  impl.RoleInfo (RoleInfo.java:updateAndGet(143)) - 90d7adde-f2eb-4e5e-a05e-61e2bdd55e52: start FollowerState
2019-11-16 01:45:08,392 [pool-37-thread-1] INFO  server.RaftServerConfigKeys (ConfUtils.java:logGet(43)) - raft.server.snapshot.retention.file.num = 5 (custom)
2019-11-16 01:45:08,392 [pool-37-thread-1] INFO  server.RaftServerConfigKeys (ConfUtils.java:logGet(43)) - raft.server.retrycache.expirytime = 600000ms (custom)
2019-11-16 01:45:08,392 [pool-47-thread-1] INFO  util.JmxRegister (JmxRegister.java:tryRegister(44)) - Successfully registered JMX Bean with object name Ratis:service=RaftServer,group=group-B9A38B8065C2,id=954b9a87-ad06-45b1-96aa-3a2262204195
2019-11-16 01:45:08,392 [pool-27-thread-1] INFO  util.JmxRegister (JmxRegister.java:tryRegister(44)) - Successfully registered JMX Bean with object name Ratis:service=RaftServer,group=group-B9A38B8065C2,id=90d7adde-f2eb-4e5e-a05e-61e2bdd55e52
2019-11-16 01:45:08,392 [pool-37-thread-1] WARN  impl.MetricRegistriesImpl (MetricRegistriesImpl.java:lambda$create$1(61)) - First MetricRegistry has been created without registering reporters. You may need to call MetricRegistries.global().addReportRegistration(...) before.
2019-11-16 01:45:08,392 [pool-27-thread-1] WARN  impl.MetricRegistriesImpl (MetricRegistriesImpl.java:lambda$create$1(61)) - First MetricRegistry has been created without registering reporters. You may need to call MetricRegistries.global().addReportRegistration(...) before.
2019-11-16 01:45:08,392 [pool-47-thread-1] WARN  impl.MetricRegistriesImpl (MetricRegistriesImpl.java:lambda$create$1(61)) - First MetricRegistry has been created without registering reporters. You may need to call MetricRegistries.global().addReportRegistration(...) before.
2019-11-16 01:45:08,393 [pool-37-thread-1] WARN  impl.MetricRegistriesImpl (MetricRegistriesImpl.java:lambda$create$1(61)) - First MetricRegistry has been created without registering reporters. You may need to call MetricRegistries.global().addReportRegistration(...) before.
2019-11-16 01:45:08,393 [pool-37-thread-1] INFO  impl.RaftServerImpl (RaftServerImpl.java:start(184)) - 851c9616-fbeb-440c-ab33-564129e62f8a@group-B9A38B8065C2: start as a follower, conf=-1: [90d7adde-f2eb-4e5e-a05e-61e2bdd55e52:192.168.69.79:41431, 851c9616-fbeb-440c-ab33-564129e62f8a:192.168.69.79:34859, 954b9a87-ad06-45b1-96aa-3a2262204195:192.168.69.79:37833], old=null
2019-11-16 01:45:08,393 [pool-37-thread-1] INFO  impl.RaftServerImpl (RaftServerImpl.java:setRole(173)) - 851c9616-fbeb-440c-ab33-564129e62f8a@group-B9A38B8065C2: changes role from      null to FOLLOWER at term 0 for startAsFollower
2019-11-16 01:45:08,393 [pool-37-thread-1] INFO  impl.RoleInfo (RoleInfo.java:updateAndGet(143)) - 851c9616-fbeb-440c-ab33-564129e62f8a: start FollowerState
2019-11-16 01:45:08,394 [pool-37-thread-1] INFO  util.JmxRegister (JmxRegister.java:tryRegister(44)) - Successfully registered JMX Bean with object name Ratis:service=RaftServer,group=group-B9A38B8065C2,id=851c9616-fbeb-440c-ab33-564129e62f8a
2019-11-16 01:45:08,394 [pool-37-thread-1] WARN  impl.MetricRegistriesImpl (MetricRegistriesImpl.java:lambda$create$1(61)) - First MetricRegistry has been created without registering reporters. You may need to call MetricRegistries.global().addReportRegistration(...) before.
2019-11-16 01:45:08,405 [RatisPipelineUtilsThread] INFO  pipeline.PipelineStateManager (PipelineStateManager.java:addPipeline(55)) - Created pipeline Pipeline[ Id: b50ea7bb-4655-4d31-8262-b9a38b8065c2, Nodes: 851c9616-fbeb-440c-ab33-564129e62f8a{ip: 192.168.69.79, host: pr-hdds-2501-b5dhd-1197665634, networkLocation: /default-rack, certSerialId: null}954b9a87-ad06-45b1-96aa-3a2262204195{ip: 192.168.69.79, host: pr-hdds-2501-b5dhd-1197665634, networkLocation: /default-rack, certSerialId: null}90d7adde-f2eb-4e5e-a05e-61e2bdd55e52{ip: 192.168.69.79, host: pr-hdds-2501-b5dhd-1197665634, networkLocation: /default-rack, certSerialId: null}, Type:RATIS, Factor:THREE, State:ALLOCATED]
2019-11-16 01:45:08,405 [Thread-178] INFO  pipeline.PipelineStateManager (PipelineStateManager.java:finalizePipeline(121)) - Pipeline Pipeline[ Id: e5f0b5de-7cca-414f-b7a2-d1515e457793, Nodes: 954b9a87-ad06-45b1-96aa-3a2262204195{ip: 192.168.69.79, host: pr-hdds-2501-b5dhd-1197665634, networkLocation: /default-rack, certSerialId: null}, Type:RATIS, Factor:ONE, State:CLOSED] moved to CLOSED state
2019-11-16 01:45:08,414 [grpc-default-executor-1] INFO  impl.RaftServerProxy (RaftServerProxy.java:remove(95)) - 954b9a87-ad06-45b1-96aa-3a2262204195: remove  FOLLOWER 954b9a87-ad06-45b1-96aa-3a2262204195@group-D1515E457793:t0, leader=null, voted=null, raftlog=954b9a87-ad06-45b1-96aa-3a2262204195@group-D1515E457793-SegmentedRaftLog:OPENED:c-1,f-1,i0, conf=-1: [954b9a87-ad06-45b1-96aa-3a2262204195:192.168.69.79:37833], old=null RUNNING
2019-11-16 01:45:08,415 [grpc-default-executor-1] INFO  impl.RaftServerImpl (RaftServerImpl.java:lambda$shutdown$3(250)) - 954b9a87-ad06-45b1-96aa-3a2262204195@group-D1515E457793: shutdown
2019-11-16 01:45:08,415 [grpc-default-executor-1] INFO  util.JmxRegister (JmxRegister.java:unregister(73)) - Successfully un-registered JMX Bean with object name Ratis:service=RaftServer,group=group-D1515E457793,id=954b9a87-ad06-45b1-96aa-3a2262204195
2019-11-16 01:45:08,415 [grpc-default-executor-1] INFO  impl.RoleInfo (RoleInfo.java:shutdownFollowerState(121)) - 954b9a87-ad06-45b1-96aa-3a2262204195: shutdown FollowerState
2019-11-16 01:45:08,415 [grpc-default-executor-1] INFO  impl.StateMachineUpdater (StateMachineUpdater.java:stopAndJoin(136)) - 954b9a87-ad06-45b1-96aa-3a2262204195@group-D1515E457793-StateMachineUpdater: set stopIndex = -1
2019-11-16 01:45:08,415 [Thread-186] INFO  impl.FollowerState (FollowerState.java:run(120)) - 954b9a87-ad06-45b1-96aa-3a2262204195@group-D1515E457793-FollowerState was interrupted: java.lang.InterruptedException: sleep interrupted
2019-11-16 01:45:08,416 [grpc-default-executor-1] INFO  impl.RaftServerImpl (ServerState.java:close(387)) - 954b9a87-ad06-45b1-96aa-3a2262204195@group-D1515E457793: closes. applyIndex: -1
2019-11-16 01:45:08,417 [954b9a87-ad06-45b1-96aa-3a2262204195@group-D1515E457793-SegmentedRaftLogWorker] INFO  segmented.SegmentedRaftLogWorker (SegmentedRaftLogWorker.java:run(316)) - 954b9a87-ad06-45b1-96aa-3a2262204195@group-D1515E457793-SegmentedRaftLogWorker was interrupted, exiting. There are 0 tasks remaining in the queue.
2019-11-16 01:45:08,417 [grpc-default-executor-1] INFO  segmented.SegmentedRaftLogWorker (SegmentedRaftLogWorker.java:close(224)) - 954b9a87-ad06-45b1-96aa-3a2262204195@group-D1515E457793-SegmentedRaftLogWorker close()
2019-11-16 01:45:08,422 [Thread-178] INFO  pipeline.PipelineStateManager (PipelineStateManager.java:removePipeline(106)) - Pipeline Pipeline[ Id: e5f0b5de-7cca-414f-b7a2-d1515e457793, Nodes: 954b9a87-ad06-45b1-96aa-3a2262204195{ip: 192.168.69.79, host: pr-hdds-2501-b5dhd-1197665634, networkLocation: /default-rack, certSerialId: null}, Type:RATIS, Factor:ONE, State:CLOSED] removed from db
2019-11-16 01:45:08,422 [Thread-178] INFO  pipeline.SCMPipelineManager (SCMPipelineManager.java:finalizeAndDestroyPipeline(315)) - destroying pipeline:Pipeline[ Id: 7445ea9c-386a-48a1-ad5d-d2fc641245ae, Nodes: 90d7adde-f2eb-4e5e-a05e-61e2bdd55e52{ip: 192.168.69.79, host: pr-hdds-2501-b5dhd-1197665634, networkLocation: /default-rack, certSerialId: null}, Type:RATIS, Factor:ONE, State:ALLOCATED]
2019-11-16 01:45:08,431 [grpc-default-executor-1] INFO  impl.RaftServerProxy (RaftServerProxy.java:addNew(89)) - 954b9a87-ad06-45b1-96aa-3a2262204195: addNew group-0ABF8391F23F:[954b9a87-ad06-45b1-96aa-3a2262204195:192.168.69.79:37833] returns group-0ABF8391F23F:java.util.concurrent.CompletableFuture@7bf9b50f[Not completed]
2019-11-16 01:45:08,433 [pool-47-thread-1] INFO  impl.RaftServerImpl (RaftServerImpl.java:<init>(98)) - 954b9a87-ad06-45b1-96aa-3a2262204195: new RaftServerImpl for group-0ABF8391F23F:[954b9a87-ad06-45b1-96aa-3a2262204195:192.168.69.79:37833] with ContainerStateMachine:uninitialized
2019-11-16 01:45:08,433 [pool-47-thread-1] INFO  server.RaftServerConfigKeys (ConfUtils.java:logGet(43)) - raft.server.rpc.timeout.min = 5s (custom)
2019-11-16 01:45:08,433 [pool-47-thread-1] INFO  server.RaftServerConfigKeys (ConfUtils.java:logGet(43)) - raft.server.rpc.timeout.max = 5200ms (custom)
2019-11-16 01:45:08,434 [pool-47-thread-1] INFO  server.RaftServerConfigKeys (ConfUtils.java:logGet(43)) - raft.server.rpcslowness.timeout = 120s (custom)
2019-11-16 01:45:08,434 [pool-47-thread-1] INFO  server.RaftServerConfigKeys (ConfUtils.java:logGet(43)) - raft.server.sleep.deviation.threshold = 300 (default)
2019-11-16 01:45:08,434 [pool-47-thread-1] INFO  server.RaftServerConfigKeys (ConfUtils.java:logGet(43)) - raft.server.log.appender.install.snapshot.enabled = false (custom)
2019-11-16 01:45:08,434 [pool-47-thread-1] INFO  impl.RaftServerImpl (ServerState.java:<init>(103)) - 954b9a87-ad06-45b1-96aa-3a2262204195@group-0ABF8391F23F: ConfigurationManager, init=-1: [954b9a87-ad06-45b1-96aa-3a2262204195:192.168.69.79:37833], old=null, confs=<EMPTY_MAP>
2019-11-16 01:45:08,434 [pool-47-thread-1] INFO  server.RaftServerConfigKeys (ConfUtils.java:logGet(43)) - raft.server.storage.dir = [/workdir/hadoop-ozone/tools/target/test-dir/MiniOzoneClusterImpl-54a862c9-b613-4954-aace-0ae448b21960/datanode-2/data/ratis] (custom)
2019-11-16 01:45:08,435 [pool-47-thread-1] INFO  server.RaftServerConfigKeys (ConfUtils.java:logGet(43)) - raft.server.log.corruption.policy = EXCEPTION (default)
2019-11-16 01:45:08,435 [pool-47-thread-1] INFO  storage.RaftStorageDirectory (RaftStorageDirectory.java:analyzeStorage(246)) - The storage directory /workdir/hadoop-ozone/tools/target/test-dir/MiniOzoneClusterImpl-54a862c9-b613-4954-aace-0ae448b21960/datanode-2/data/ratis/14b30fa6-8faf-4a3d-923c-0abf8391f23f does not exist. Creating ...
2019-11-16 01:45:08,448 [pool-47-thread-1] INFO  storage.RaftStorageDirectory (RaftStorageDirectory.java:tryLock(328)) - Lock on /workdir/hadoop-ozone/tools/target/test-dir/MiniOzoneClusterImpl-54a862c9-b613-4954-aace-0ae448b21960/datanode-2/data/ratis/14b30fa6-8faf-4a3d-923c-0abf8391f23f/in_use.lock acquired by nodename 20153@pr-hdds-2501-b5dhd-1197665634
2019-11-16 01:45:08,461 [pool-47-thread-1] INFO  storage.RaftStorage (RaftStorage.java:format(84)) - Storage directory /workdir/hadoop-ozone/tools/target/test-dir/MiniOzoneClusterImpl-54a862c9-b613-4954-aace-0ae448b21960/datanode-2/data/ratis/14b30fa6-8faf-4a3d-923c-0abf8391f23f has been successfully formatted.
2019-11-16 01:45:08,461 [pool-47-thread-1] INFO  ratis.ContainerStateMachine (ContainerStateMachine.java:loadSnapshot(223)) - group-0ABF8391F23F: The snapshot info is null. Setting the last applied indexto:(t:0, i:~)
2019-11-16 01:45:08,461 [pool-47-thread-1] INFO  server.RaftServerConfigKeys (ConfUtils.java:logGet(43)) - raft.server.notification.no-leader.timeout = 120s (custom)
2019-11-16 01:45:08,461 [pool-47-thread-1] INFO  server.RaftServerConfigKeys (ConfUtils.java:logGet(43)) - raft.server.log.use.memory = false (default)
2019-11-16 01:45:08,461 [pool-47-thread-1] INFO  server.RaftServerConfigKeys (ConfUtils.java:logGet(43)) - raft.server.log.purge.gap = 1000000 (custom)
2019-11-16 01:45:08,462 [pool-47-thread-1] INFO  server.RaftServerConfigKeys (ConfUtils.java:logGet(43)) - raft.server.log.appender.buffer.byte-limit = 33554432 (custom)
2019-11-16 01:45:08,462 [pool-47-thread-1] INFO  server.RaftServerConfigKeys (ConfUtils.java:logGet(43)) - raft.server.log.segment.size.max = 1048576 (custom)
2019-11-16 01:45:08,462 [pool-47-thread-1] INFO  server.RaftServerConfigKeys (ConfUtils.java:logGet(43)) - raft.server.log.segment.cache.num.max = 2 (custom)
2019-11-16 01:45:08,462 [pool-47-thread-1] INFO  segmented.SegmentedRaftLogWorker (SegmentedRaftLogWorker.java:<init>(173)) - new 954b9a87-ad06-45b1-96aa-3a2262204195@group-0ABF8391F23F-SegmentedRaftLogWorker for RaftStorage:Storage Directory /workdir/hadoop-ozone/tools/target/test-dir/MiniOzoneClusterImpl-54a862c9-b613-4954-aace-0ae448b21960/datanode-2/data/ratis/14b30fa6-8faf-4a3d-923c-0abf8391f23f
2019-11-16 01:45:08,462 [pool-47-thread-1] INFO  server.RaftServerConfigKeys (ConfUtils.java:logGet(43)) - raft.server.log.queue.byte-limit = 2147483647 (custom)
2019-11-16 01:45:08,462 [pool-47-thread-1] INFO  server.RaftServerConfigKeys (ConfUtils.java:logGet(43)) - raft.server.log.queue.element-limit = 1024 (custom)
2019-11-16 01:45:08,463 [pool-47-thread-1] INFO  server.RaftServerConfigKeys (ConfUtils.java:logGet(43)) - raft.server.log.segment.size.max = 1048576 (custom)
2019-11-16 01:45:08,463 [pool-47-thread-1] INFO  server.RaftServerConfigKeys (ConfUtils.java:logGet(43)) - raft.server.log.preallocated.size = 16384 (custom)
2019-11-16 01:45:08,463 [pool-47-thread-1] INFO  server.RaftServerConfigKeys (ConfUtils.java:logGet(43)) - raft.server.log.write.buffer.size = 33554432 (custom)
2019-11-16 01:45:08,463 [pool-47-thread-1] INFO  server.RaftServerConfigKeys (ConfUtils.java:logGet(43)) - raft.server.log.force.sync.num = 128 (default)
2019-11-16 01:45:08,463 [pool-47-thread-1] INFO  server.RaftServerConfigKeys (ConfUtils.java:logGet(43)) - raft.server.log.statemachine.data.sync = true (default)
2019-11-16 01:45:08,463 [pool-47-thread-1] INFO  server.RaftServerConfigKeys (ConfUtils.java:logGet(43)) - raft.server.log.statemachine.data.sync.timeout = 10s (default)
2019-11-16 01:45:08,464 [pool-47-thread-1] INFO  server.RaftServerConfigKeys (ConfUtils.java:logGet(43)) - raft.server.log.statemachine.data.sync.timeout.retry = -1 (default)
2019-11-16 01:45:08,464 [pool-47-thread-1] INFO  server.RaftServerConfigKeys (ConfUtils.java:logGet(43)) - raft.server.log.statemachine.data.caching.enabled = true (custom)
2019-11-16 01:45:08,464 [pool-47-thread-1] INFO  segmented.SegmentedRaftLogWorker (SegmentedRaftLogWorker.java:lambda$new$0(128)) - 954b9a87-ad06-45b1-96aa-3a2262204195@group-0ABF8391F23F-SegmentedRaftLogWorker: flushIndex: setUnconditionally 0 -> -1
2019-11-16 01:45:08,465 [pool-47-thread-1] INFO  server.RaftServerConfigKeys (ConfUtils.java:logGet(43)) - raft.server.snapshot.auto.trigger.enabled = true (custom)
2019-11-16 01:45:08,465 [pool-47-thread-1] INFO  server.RaftServerConfigKeys (ConfUtils.java:logGet(43)) - raft.server.snapshot.auto.trigger.threshold = 10000 (custom)
2019-11-16 01:45:08,465 [pool-47-thread-1] INFO  server.RaftServerConfigKeys (ConfUtils.java:logGet(43)) - raft.server.snapshot.retention.file.num = 5 (custom)
2019-11-16 01:45:08,465 [pool-47-thread-1] INFO  server.RaftServerConfigKeys (ConfUtils.java:logGet(43)) - raft.server.retrycache.expirytime = 600000ms (custom)
2019-11-16 01:45:08,465 [pool-47-thread-1] WARN  impl.MetricRegistriesImpl (MetricRegistriesImpl.java:lambda$create$1(61)) - First MetricRegistry has been created without registering reporters. You may need to call MetricRegistries.global().addReportRegistration(...) before.
2019-11-16 01:45:08,466 [pool-47-thread-1] WARN  impl.MetricRegistriesImpl (MetricRegistriesImpl.java:lambda$create$1(61)) - First MetricRegistry has been created without registering reporters. You may need to call MetricRegistries.global().addReportRegistration(...) before.
2019-11-16 01:45:08,466 [pool-47-thread-1] INFO  impl.RaftServerImpl (RaftServerImpl.java:start(184)) - 954b9a87-ad06-45b1-96aa-3a2262204195@group-0ABF8391F23F: start as a follower, conf=-1: [954b9a87-ad06-45b1-96aa-3a2262204195:192.168.69.79:37833], old=null
2019-11-16 01:45:08,466 [pool-47-thread-1] INFO  impl.RaftServerImpl (RaftServerImpl.java:setRole(173)) - 954b9a87-ad06-45b1-96aa-3a2262204195@group-0ABF8391F23F: changes role from      null to FOLLOWER at term 0 for startAsFollower
2019-11-16 01:45:08,466 [pool-47-thread-1] INFO  impl.RoleInfo (RoleInfo.java:updateAndGet(143)) - 954b9a87-ad06-45b1-96aa-3a2262204195: start FollowerState
2019-11-16 01:45:08,467 [pool-47-thread-1] INFO  util.JmxRegister (JmxRegister.java:tryRegister(44)) - Successfully registered JMX Bean with object name Ratis:service=RaftServer,group=group-0ABF8391F23F,id=954b9a87-ad06-45b1-96aa-3a2262204195
2019-11-16 01:45:08,467 [pool-47-thread-1] WARN  impl.MetricRegistriesImpl (MetricRegistriesImpl.java:lambda$create$1(61)) - First MetricRegistry has been created without registering reporters. You may need to call MetricRegistries.global().addReportRegistration(...) before.
2019-11-16 01:45:08,473 [RatisPipelineUtilsThread] INFO  pipeline.PipelineStateManager (PipelineStateManager.java:addPipeline(55)) - Created pipeline Pipeline[ Id: 14b30fa6-8faf-4a3d-923c-0abf8391f23f, Nodes: 954b9a87-ad06-45b1-96aa-3a2262204195{ip: 192.168.69.79, host: pr-hdds-2501-b5dhd-1197665634, networkLocation: /default-rack, certSerialId: null}, Type:RATIS, Factor:ONE, State:ALLOCATED]
2019-11-16 01:45:08,473 [Thread-178] INFO  pipeline.PipelineStateManager (PipelineStateManager.java:finalizePipeline(121)) - Pipeline Pipeline[ Id: 7445ea9c-386a-48a1-ad5d-d2fc641245ae, Nodes: 90d7adde-f2eb-4e5e-a05e-61e2bdd55e52{ip: 192.168.69.79, host: pr-hdds-2501-b5dhd-1197665634, networkLocation: /default-rack, certSerialId: null}, Type:RATIS, Factor:ONE, State:CLOSED] moved to CLOSED state
2019-11-16 01:45:08,486 [grpc-default-executor-1] INFO  impl.RaftServerProxy (RaftServerProxy.java:remove(95)) - 90d7adde-f2eb-4e5e-a05e-61e2bdd55e52: remove  FOLLOWER 90d7adde-f2eb-4e5e-a05e-61e2bdd55e52@group-D2FC641245AE:t0, leader=null, voted=null, raftlog=90d7adde-f2eb-4e5e-a05e-61e2bdd55e52@group-D2FC641245AE-SegmentedRaftLog:OPENED:c-1,f-1,i0, conf=-1: [90d7adde-f2eb-4e5e-a05e-61e2bdd55e52:192.168.69.79:41431], old=null RUNNING
2019-11-16 01:45:08,486 [grpc-default-executor-1] INFO  impl.RaftServerImpl (RaftServerImpl.java:lambda$shutdown$3(250)) - 90d7adde-f2eb-4e5e-a05e-61e2bdd55e52@group-D2FC641245AE: shutdown
2019-11-16 01:45:08,486 [grpc-default-executor-1] INFO  util.JmxRegister (JmxRegister.java:unregister(73)) - Successfully un-registered JMX Bean with object name Ratis:service=RaftServer,group=group-D2FC641245AE,id=90d7adde-f2eb-4e5e-a05e-61e2bdd55e52
2019-11-16 01:45:08,487 [grpc-default-executor-1] INFO  impl.RoleInfo (RoleInfo.java:shutdownFollowerState(121)) - 90d7adde-f2eb-4e5e-a05e-61e2bdd55e52: shutdown FollowerState
2019-11-16 01:45:08,487 [grpc-default-executor-1] INFO  impl.StateMachineUpdater (StateMachineUpdater.java:stopAndJoin(136)) - 90d7adde-f2eb-4e5e-a05e-61e2bdd55e52@group-D2FC641245AE-StateMachineUpdater: set stopIndex = -1
2019-11-16 01:45:08,487 [Thread-180] INFO  impl.FollowerState (FollowerState.java:run(120)) - 90d7adde-f2eb-4e5e-a05e-61e2bdd55e52@group-D2FC641245AE-FollowerState was interrupted: java.lang.InterruptedException: sleep interrupted
2019-11-16 01:45:08,488 [grpc-default-executor-1] INFO  impl.RaftServerImpl (ServerState.java:close(387)) - 90d7adde-f2eb-4e5e-a05e-61e2bdd55e52@group-D2FC641245AE: closes. applyIndex: -1
2019-11-16 01:45:08,489 [90d7adde-f2eb-4e5e-a05e-61e2bdd55e52@group-D2FC641245AE-SegmentedRaftLogWorker] INFO  segmented.SegmentedRaftLogWorker (SegmentedRaftLogWorker.java:run(316)) - 90d7adde-f2eb-4e5e-a05e-61e2bdd55e52@group-D2FC641245AE-SegmentedRaftLogWorker was interrupted, exiting. There are 0 tasks remaining in the queue.
2019-11-16 01:45:08,489 [grpc-default-executor-1] INFO  segmented.SegmentedRaftLogWorker (SegmentedRaftLogWorker.java:close(224)) - 90d7adde-f2eb-4e5e-a05e-61e2bdd55e52@group-D2FC641245AE-SegmentedRaftLogWorker close()
2019-11-16 01:45:08,495 [Thread-178] INFO  pipeline.PipelineStateManager (PipelineStateManager.java:removePipeline(106)) - Pipeline Pipeline[ Id: 7445ea9c-386a-48a1-ad5d-d2fc641245ae, Nodes: 90d7adde-f2eb-4e5e-a05e-61e2bdd55e52{ip: 192.168.69.79, host: pr-hdds-2501-b5dhd-1197665634, networkLocation: /default-rack, certSerialId: null}, Type:RATIS, Factor:ONE, State:CLOSED] removed from db
2019-11-16 01:45:08,504 [grpc-default-executor-1] INFO  impl.RaftServerProxy (RaftServerProxy.java:addNew(89)) - 90d7adde-f2eb-4e5e-a05e-61e2bdd55e52: addNew group-1734ED049F7D:[90d7adde-f2eb-4e5e-a05e-61e2bdd55e52:192.168.69.79:41431] returns group-1734ED049F7D:java.util.concurrent.CompletableFuture@44f1737d[Not completed]
2019-11-16 01:45:08,506 [pool-27-thread-1] INFO  impl.RaftServerImpl (RaftServerImpl.java:<init>(98)) - 90d7adde-f2eb-4e5e-a05e-61e2bdd55e52: new RaftServerImpl for group-1734ED049F7D:[90d7adde-f2eb-4e5e-a05e-61e2bdd55e52:192.168.69.79:41431] with ContainerStateMachine:uninitialized
2019-11-16 01:45:08,506 [pool-27-thread-1] INFO  server.RaftServerConfigKeys (ConfUtils.java:logGet(43)) - raft.server.rpc.timeout.min = 5s (custom)
2019-11-16 01:45:08,506 [pool-27-thread-1] INFO  server.RaftServerConfigKeys (ConfUtils.java:logGet(43)) - raft.server.rpc.timeout.max = 5200ms (custom)
2019-11-16 01:45:08,507 [pool-27-thread-1] INFO  server.RaftServerConfigKeys (ConfUtils.java:logGet(43)) - raft.server.rpcslowness.timeout = 120s (custom)
2019-11-16 01:45:08,507 [pool-27-thread-1] INFO  server.RaftServerConfigKeys (ConfUtils.java:logGet(43)) - raft.server.sleep.deviation.threshold = 300 (default)
2019-11-16 01:45:08,507 [pool-27-thread-1] INFO  server.RaftServerConfigKeys (ConfUtils.java:logGet(43)) - raft.server.log.appender.install.snapshot.enabled = false (custom)
2019-11-16 01:45:08,507 [pool-27-thread-1] INFO  impl.RaftServerImpl (ServerState.java:<init>(103)) - 90d7adde-f2eb-4e5e-a05e-61e2bdd55e52@group-1734ED049F7D: ConfigurationManager, init=-1: [90d7adde-f2eb-4e5e-a05e-61e2bdd55e52:192.168.69.79:41431], old=null, confs=<EMPTY_MAP>
2019-11-16 01:45:08,507 [pool-27-thread-1] INFO  server.RaftServerConfigKeys (ConfUtils.java:logGet(43)) - raft.server.storage.dir = [/workdir/hadoop-ozone/tools/target/test-dir/MiniOzoneClusterImpl-54a862c9-b613-4954-aace-0ae448b21960/datanode-0/data/ratis] (custom)
2019-11-16 01:45:08,508 [pool-27-thread-1] INFO  server.RaftServerConfigKeys (ConfUtils.java:logGet(43)) - raft.server.log.corruption.policy = EXCEPTION (default)
2019-11-16 01:45:08,508 [pool-27-thread-1] INFO  storage.RaftStorageDirectory (RaftStorageDirectory.java:analyzeStorage(246)) - The storage directory /workdir/hadoop-ozone/tools/target/test-dir/MiniOzoneClusterImpl-54a862c9-b613-4954-aace-0ae448b21960/datanode-0/data/ratis/b1c69475-0f54-4c7a-af7d-1734ed049f7d does not exist. Creating ...
2019-11-16 01:45:08,521 [pool-27-thread-1] INFO  storage.RaftStorageDirectory (RaftStorageDirectory.java:tryLock(328)) - Lock on /workdir/hadoop-ozone/tools/target/test-dir/MiniOzoneClusterImpl-54a862c9-b613-4954-aace-0ae448b21960/datanode-0/data/ratis/b1c69475-0f54-4c7a-af7d-1734ed049f7d/in_use.lock acquired by nodename 20153@pr-hdds-2501-b5dhd-1197665634
2019-11-16 01:45:08,542 [pool-27-thread-1] INFO  storage.RaftStorage (RaftStorage.java:format(84)) - Storage directory /workdir/hadoop-ozone/tools/target/test-dir/MiniOzoneClusterImpl-54a862c9-b613-4954-aace-0ae448b21960/datanode-0/data/ratis/b1c69475-0f54-4c7a-af7d-1734ed049f7d has been successfully formatted.
2019-11-16 01:45:08,542 [pool-27-thread-1] INFO  ratis.ContainerStateMachine (ContainerStateMachine.java:loadSnapshot(223)) - group-1734ED049F7D: The snapshot info is null. Setting the last applied indexto:(t:0, i:~)
2019-11-16 01:45:08,542 [pool-27-thread-1] INFO  server.RaftServerConfigKeys (ConfUtils.java:logGet(43)) - raft.server.notification.no-leader.timeout = 120s (custom)
2019-11-16 01:45:08,542 [pool-27-thread-1] INFO  server.RaftServerConfigKeys (ConfUtils.java:logGet(43)) - raft.server.log.use.memory = false (default)
2019-11-16 01:45:08,543 [pool-27-thread-1] INFO  server.RaftServerConfigKeys (ConfUtils.java:logGet(43)) - raft.server.log.purge.gap = 1000000 (custom)
2019-11-16 01:45:08,543 [pool-27-thread-1] INFO  server.RaftServerConfigKeys (ConfUtils.java:logGet(43)) - raft.server.log.appender.buffer.byte-limit = 33554432 (custom)
2019-11-16 01:45:08,543 [pool-27-thread-1] INFO  server.RaftServerConfigKeys (ConfUtils.java:logGet(43)) - raft.server.log.segment.size.max = 1048576 (custom)
2019-11-16 01:45:08,543 [pool-27-thread-1] INFO  server.RaftServerConfigKeys (ConfUtils.java:logGet(43)) - raft.server.log.segment.cache.num.max = 2 (custom)
2019-11-16 01:45:08,543 [pool-27-thread-1] INFO  segmented.SegmentedRaftLogWorker (SegmentedRaftLogWorker.java:<init>(173)) - new 90d7adde-f2eb-4e5e-a05e-61e2bdd55e52@group-1734ED049F7D-SegmentedRaftLogWorker for RaftStorage:Storage Directory /workdir/hadoop-ozone/tools/target/test-dir/MiniOzoneClusterImpl-54a862c9-b613-4954-aace-0ae448b21960/datanode-0/data/ratis/b1c69475-0f54-4c7a-af7d-1734ed049f7d
2019-11-16 01:45:08,543 [pool-27-thread-1] INFO  server.RaftServerConfigKeys (ConfUtils.java:logGet(43)) - raft.server.log.queue.byte-limit = 2147483647 (custom)
2019-11-16 01:45:08,543 [pool-27-thread-1] INFO  server.RaftServerConfigKeys (ConfUtils.java:logGet(43)) - raft.server.log.queue.element-limit = 1024 (custom)
2019-11-16 01:45:08,544 [pool-27-thread-1] INFO  server.RaftServerConfigKeys (ConfUtils.java:logGet(43)) - raft.server.log.segment.size.max = 1048576 (custom)
2019-11-16 01:45:08,544 [pool-27-thread-1] INFO  server.RaftServerConfigKeys (ConfUtils.java:logGet(43)) - raft.server.log.preallocated.size = 16384 (custom)
2019-11-16 01:45:08,544 [pool-27-thread-1] INFO  server.RaftServerConfigKeys (ConfUtils.java:logGet(43)) - raft.server.log.write.buffer.size = 33554432 (custom)
2019-11-16 01:45:08,544 [pool-27-thread-1] INFO  server.RaftServerConfigKeys (ConfUtils.java:logGet(43)) - raft.server.log.force.sync.num = 128 (default)
2019-11-16 01:45:08,544 [pool-27-thread-1] INFO  server.RaftServerConfigKeys (ConfUtils.java:logGet(43)) - raft.server.log.statemachine.data.sync = true (default)
2019-11-16 01:45:08,544 [pool-27-thread-1] INFO  server.RaftServerConfigKeys (ConfUtils.java:logGet(43)) - raft.server.log.statemachine.data.sync.timeout = 10s (default)
2019-11-16 01:45:08,544 [pool-27-thread-1] INFO  server.RaftServerConfigKeys (ConfUtils.java:logGet(43)) - raft.server.log.statemachine.data.sync.timeout.retry = -1 (default)
2019-11-16 01:45:08,545 [pool-27-thread-1] INFO  server.RaftServerConfigKeys (ConfUtils.java:logGet(43)) - raft.server.log.statemachine.data.caching.enabled = true (custom)
2019-11-16 01:45:08,545 [pool-27-thread-1] INFO  segmented.SegmentedRaftLogWorker (SegmentedRaftLogWorker.java:lambda$new$0(128)) - 90d7adde-f2eb-4e5e-a05e-61e2bdd55e52@group-1734ED049F7D-SegmentedRaftLogWorker: flushIndex: setUnconditionally 0 -> -1
2019-11-16 01:45:08,545 [pool-27-thread-1] INFO  server.RaftServerConfigKeys (ConfUtils.java:logGet(43)) - raft.server.snapshot.auto.trigger.enabled = true (custom)
2019-11-16 01:45:08,546 [pool-27-thread-1] INFO  server.RaftServerConfigKeys (ConfUtils.java:logGet(43)) - raft.server.snapshot.auto.trigger.threshold = 10000 (custom)
2019-11-16 01:45:08,546 [pool-27-thread-1] INFO  server.RaftServerConfigKeys (ConfUtils.java:logGet(43)) - raft.server.snapshot.retention.file.num = 5 (custom)
2019-11-16 01:45:08,546 [pool-27-thread-1] INFO  server.RaftServerConfigKeys (ConfUtils.java:logGet(43)) - raft.server.retrycache.expirytime = 600000ms (custom)
2019-11-16 01:45:08,546 [pool-27-thread-1] WARN  impl.MetricRegistriesImpl (MetricRegistriesImpl.java:lambda$create$1(61)) - First MetricRegistry has been created without registering reporters. You may need to call MetricRegistries.global().addReportRegistration(...) before.
2019-11-16 01:45:08,546 [pool-27-thread-1] WARN  impl.MetricRegistriesImpl (MetricRegistriesImpl.java:lambda$create$1(61)) - First MetricRegistry has been created without registering reporters. You may need to call MetricRegistries.global().addReportRegistration(...) before.
2019-11-16 01:45:08,546 [pool-27-thread-1] INFO  impl.RaftServerImpl (RaftServerImpl.java:start(184)) - 90d7adde-f2eb-4e5e-a05e-61e2bdd55e52@group-1734ED049F7D: start as a follower, conf=-1: [90d7adde-f2eb-4e5e-a05e-61e2bdd55e52:192.168.69.79:41431], old=null
2019-11-16 01:45:08,547 [pool-27-thread-1] INFO  impl.RaftServerImpl (RaftServerImpl.java:setRole(173)) - 90d7adde-f2eb-4e5e-a05e-61e2bdd55e52@group-1734ED049F7D: changes role from      null to FOLLOWER at term 0 for startAsFollower
2019-11-16 01:45:08,547 [pool-27-thread-1] INFO  impl.RoleInfo (RoleInfo.java:updateAndGet(143)) - 90d7adde-f2eb-4e5e-a05e-61e2bdd55e52: start FollowerState
2019-11-16 01:45:08,547 [pool-27-thread-1] INFO  util.JmxRegister (JmxRegister.java:tryRegister(44)) - Successfully registered JMX Bean with object name Ratis:service=RaftServer,group=group-1734ED049F7D,id=90d7adde-f2eb-4e5e-a05e-61e2bdd55e52
2019-11-16 01:45:08,547 [pool-27-thread-1] WARN  impl.MetricRegistriesImpl (MetricRegistriesImpl.java:lambda$create$1(61)) - First MetricRegistry has been created without registering reporters. You may need to call MetricRegistries.global().addReportRegistration(...) before.
2019-11-16 01:45:08,552 [RatisPipelineUtilsThread] INFO  pipeline.PipelineStateManager (PipelineStateManager.java:addPipeline(55)) - Created pipeline Pipeline[ Id: b1c69475-0f54-4c7a-af7d-1734ed049f7d, Nodes: 90d7adde-f2eb-4e5e-a05e-61e2bdd55e52{ip: 192.168.69.79, host: pr-hdds-2501-b5dhd-1197665634, networkLocation: /default-rack, certSerialId: null}, Type:RATIS, Factor:ONE, State:ALLOCATED]
2019-11-16 01:45:09,157 [main] INFO  ozone.MiniOzoneClusterImpl (MiniOzoneClusterImpl.java:lambda$waitForClusterToBeReady$2(163)) - Waiting for 4 number of pipelines out of 4, to report a leader.
2019-11-16 01:45:10,158 [main] INFO  ozone.MiniOzoneClusterImpl (MiniOzoneClusterImpl.java:lambda$waitForClusterToBeReady$2(163)) - Waiting for 4 number of pipelines out of 4, to report a leader.
2019-11-16 01:45:11,158 [main] INFO  ozone.MiniOzoneClusterImpl (MiniOzoneClusterImpl.java:lambda$waitForClusterToBeReady$2(163)) - Waiting for 4 number of pipelines out of 4, to report a leader.
2019-11-16 01:45:12,159 [main] INFO  ozone.MiniOzoneClusterImpl (MiniOzoneClusterImpl.java:lambda$waitForClusterToBeReady$2(163)) - Waiting for 4 number of pipelines out of 4, to report a leader.
2019-11-16 01:45:13,160 [main] INFO  ozone.MiniOzoneClusterImpl (MiniOzoneClusterImpl.java:lambda$waitForClusterToBeReady$2(163)) - Waiting for 4 number of pipelines out of 4, to report a leader.
2019-11-16 01:45:13,329 [Thread-200] INFO  impl.FollowerState (FollowerState.java:run(111)) - 851c9616-fbeb-440c-ab33-564129e62f8a@group-7813868A092B-FollowerState: change to CANDIDATE, lastRpcTime:5059ms, electionTimeout:5059ms
2019-11-16 01:45:13,331 [Thread-200] INFO  impl.RoleInfo (RoleInfo.java:shutdownFollowerState(121)) - 851c9616-fbeb-440c-ab33-564129e62f8a: shutdown FollowerState
2019-11-16 01:45:13,331 [Thread-200] INFO  impl.RaftServerImpl (RaftServerImpl.java:setRole(173)) - 851c9616-fbeb-440c-ab33-564129e62f8a@group-7813868A092B: changes role from  FOLLOWER to CANDIDATE at term 0 for changeToCandidate
2019-11-16 01:45:13,337 [Thread-200] INFO  impl.RoleInfo (RoleInfo.java:updateAndGet(143)) - 851c9616-fbeb-440c-ab33-564129e62f8a: start LeaderElection
2019-11-16 01:45:13,353 [851c9616-fbeb-440c-ab33-564129e62f8a@group-7813868A092B-LeaderElection1] INFO  impl.LeaderElection (LeaderElection.java:askForVotes(178)) - 851c9616-fbeb-440c-ab33-564129e62f8a@group-7813868A092B-LeaderElection1: begin an election at term 1 for -1: [851c9616-fbeb-440c-ab33-564129e62f8a:192.168.69.79:34859], old=null
2019-11-16 01:45:13,354 [851c9616-fbeb-440c-ab33-564129e62f8a@group-7813868A092B-LeaderElection1] INFO  impl.RoleInfo (RoleInfo.java:shutdownLeaderElection(134)) - 851c9616-fbeb-440c-ab33-564129e62f8a: shutdown LeaderElection
2019-11-16 01:45:13,355 [851c9616-fbeb-440c-ab33-564129e62f8a@group-7813868A092B-LeaderElection1] INFO  impl.RaftServerImpl (RaftServerImpl.java:setRole(173)) - 851c9616-fbeb-440c-ab33-564129e62f8a@group-7813868A092B: changes role from CANDIDATE to LEADER at term 1 for changeToLeader
2019-11-16 01:45:13,355 [851c9616-fbeb-440c-ab33-564129e62f8a@group-7813868A092B-LeaderElection1] INFO  ratis.XceiverServerRatis (XceiverServerRatis.java:handleLeaderChangedNotification(697)) - Leader change notification received for group: group-7813868A092B with new leaderId: 851c9616-fbeb-440c-ab33-564129e62f8a
2019-11-16 01:45:13,359 [851c9616-fbeb-440c-ab33-564129e62f8a@group-7813868A092B-LeaderElection1] INFO  impl.RaftServerImpl (ServerState.java:setLeader(255)) - 851c9616-fbeb-440c-ab33-564129e62f8a@group-7813868A092B: change Leader from null to 851c9616-fbeb-440c-ab33-564129e62f8a at term 1 for becomeLeader, leader elected after 5090ms
2019-11-16 01:45:13,364 [851c9616-fbeb-440c-ab33-564129e62f8a@group-7813868A092B-LeaderElection1] INFO  server.RaftServerConfigKeys (ConfUtils.java:logGet(43)) - raft.server.staging.catchup.gap = 1000 (default)
2019-11-16 01:45:13,364 [851c9616-fbeb-440c-ab33-564129e62f8a@group-7813868A092B-LeaderElection1] INFO  server.RaftServerConfigKeys (ConfUtils.java:logGet(43)) - raft.server.rpc.sleep.time = 25ms (default)
2019-11-16 01:45:13,368 [851c9616-fbeb-440c-ab33-564129e62f8a@group-7813868A092B-LeaderElection1] INFO  server.RaftServerConfigKeys (ConfUtils.java:logGet(43)) - raft.server.write.element-limit = 4096 (default)
2019-11-16 01:45:13,371 [851c9616-fbeb-440c-ab33-564129e62f8a@group-7813868A092B-LeaderElection1] INFO  server.RaftServerConfigKeys (ConfUtils.java:logGet(43)) - raft.server.watch.timeout = 10s (default)
2019-11-16 01:45:13,371 [851c9616-fbeb-440c-ab33-564129e62f8a@group-7813868A092B-LeaderElection1] INFO  server.RaftServerConfigKeys (ConfUtils.java:logGet(43)) - raft.server.watch.timeout.denomination = 1s (default)
2019-11-16 01:45:13,372 [851c9616-fbeb-440c-ab33-564129e62f8a@group-7813868A092B-LeaderElection1] INFO  server.RaftServerConfigKeys (ConfUtils.java:logGet(43)) - raft.server.watch.element-limit = 65536 (default)
2019-11-16 01:45:13,381 [851c9616-fbeb-440c-ab33-564129e62f8a@group-7813868A092B-LeaderElection1] INFO  impl.RoleInfo (RoleInfo.java:updateAndGet(143)) - 851c9616-fbeb-440c-ab33-564129e62f8a: start LeaderState
2019-11-16 01:45:13,384 [EventQueue-PipelineReportForPipelineReportHandler] INFO  pipeline.PipelineStateManager (PipelineStateManager.java:openPipeline(134)) - Pipeline Pipeline[ Id: f804de02-44da-4acc-a51a-7813868a092b, Nodes: 851c9616-fbeb-440c-ab33-564129e62f8a{ip: 192.168.69.79, host: pr-hdds-2501-b5dhd-1197665634, networkLocation: /default-rack, certSerialId: null}, Type:RATIS, Factor:ONE, State:OPEN] moved to OPEN state
2019-11-16 01:45:13,399 [851c9616-fbeb-440c-ab33-564129e62f8a@group-7813868A092B-LeaderElection1] INFO  segmented.SegmentedRaftLogWorker (SegmentedRaftLogWorker.java:startLogSegment(385)) - 851c9616-fbeb-440c-ab33-564129e62f8a@group-7813868A092B-SegmentedRaftLogWorker: Starting segment from index:0
2019-11-16 01:45:13,405 [Thread-208] INFO  impl.FollowerState (FollowerState.java:run(111)) - 90d7adde-f2eb-4e5e-a05e-61e2bdd55e52@group-B9A38B8065C2-FollowerState: change to CANDIDATE, lastRpcTime:5013ms, electionTimeout:5013ms
2019-11-16 01:45:13,406 [Thread-208] INFO  impl.RoleInfo (RoleInfo.java:shutdownFollowerState(121)) - 90d7adde-f2eb-4e5e-a05e-61e2bdd55e52: shutdown FollowerState
2019-11-16 01:45:13,406 [Thread-208] INFO  impl.RaftServerImpl (RaftServerImpl.java:setRole(173)) - 90d7adde-f2eb-4e5e-a05e-61e2bdd55e52@group-B9A38B8065C2: changes role from  FOLLOWER to CANDIDATE at term 0 for changeToCandidate
2019-11-16 01:45:13,406 [Thread-208] INFO  impl.RoleInfo (RoleInfo.java:updateAndGet(143)) - 90d7adde-f2eb-4e5e-a05e-61e2bdd55e52: start LeaderElection
2019-11-16 01:45:13,414 [851c9616-fbeb-440c-ab33-564129e62f8a@group-7813868A092B-LeaderElection1] INFO  impl.RaftServerImpl (ServerState.java:setRaftConf(356)) - 851c9616-fbeb-440c-ab33-564129e62f8a@group-7813868A092B: set configuration 0: [851c9616-fbeb-440c-ab33-564129e62f8a:192.168.69.79:34859], old=null at 0
2019-11-16 01:45:13,422 [90d7adde-f2eb-4e5e-a05e-61e2bdd55e52@group-B9A38B8065C2-LeaderElection2] INFO  impl.LeaderElection (LeaderElection.java:askForVotes(178)) - 90d7adde-f2eb-4e5e-a05e-61e2bdd55e52@group-B9A38B8065C2-LeaderElection2: begin an election at term 1 for -1: [90d7adde-f2eb-4e5e-a05e-61e2bdd55e52:192.168.69.79:41431, 851c9616-fbeb-440c-ab33-564129e62f8a:192.168.69.79:34859, 954b9a87-ad06-45b1-96aa-3a2262204195:192.168.69.79:37833], old=null
2019-11-16 01:45:13,447 [grpc-default-executor-2] INFO  impl.RaftServerImpl (RaftServerImpl.java:setRole(173)) - 954b9a87-ad06-45b1-96aa-3a2262204195@group-B9A38B8065C2: changes role from  FOLLOWER to FOLLOWER at term 1 for recognizeCandidate:90d7adde-f2eb-4e5e-a05e-61e2bdd55e52
2019-11-16 01:45:13,447 [grpc-default-executor-1] INFO  impl.RaftServerImpl (RaftServerImpl.java:setRole(173)) - 851c9616-fbeb-440c-ab33-564129e62f8a@group-B9A38B8065C2: changes role from  FOLLOWER to FOLLOWER at term 1 for recognizeCandidate:90d7adde-f2eb-4e5e-a05e-61e2bdd55e52
2019-11-16 01:45:13,448 [grpc-default-executor-2] INFO  impl.RoleInfo (RoleInfo.java:shutdownFollowerState(121)) - 954b9a87-ad06-45b1-96aa-3a2262204195: shutdown FollowerState
2019-11-16 01:45:13,448 [grpc-default-executor-1] INFO  impl.RoleInfo (RoleInfo.java:shutdownFollowerState(121)) - 851c9616-fbeb-440c-ab33-564129e62f8a: shutdown FollowerState
2019-11-16 01:45:13,448 [grpc-default-executor-2] INFO  impl.RoleInfo (RoleInfo.java:updateAndGet(143)) - 954b9a87-ad06-45b1-96aa-3a2262204195: start FollowerState
2019-11-16 01:45:13,448 [Thread-207] INFO  impl.FollowerState (FollowerState.java:run(120)) - 954b9a87-ad06-45b1-96aa-3a2262204195@group-B9A38B8065C2-FollowerState was interrupted: java.lang.InterruptedException: sleep interrupted
2019-11-16 01:45:13,448 [grpc-default-executor-1] INFO  impl.RoleInfo (RoleInfo.java:updateAndGet(143)) - 851c9616-fbeb-440c-ab33-564129e62f8a: start FollowerState
2019-11-16 01:45:13,448 [Thread-212] INFO  impl.FollowerState (FollowerState.java:run(120)) - 851c9616-fbeb-440c-ab33-564129e62f8a@group-B9A38B8065C2-FollowerState was interrupted: java.lang.InterruptedException: sleep interrupted
2019-11-16 01:45:13,474 [90d7adde-f2eb-4e5e-a05e-61e2bdd55e52@group-B9A38B8065C2-LeaderElection2] INFO  impl.LeaderElection (LeaderElection.java:logAndReturn(56)) - 90d7adde-f2eb-4e5e-a05e-61e2bdd55e52@group-B9A38B8065C2-LeaderElection2: Election PASSED; received 1 response(s) [90d7adde-f2eb-4e5e-a05e-61e2bdd55e52<-851c9616-fbeb-440c-ab33-564129e62f8a#0:OK-t1] and 0 exception(s); 90d7adde-f2eb-4e5e-a05e-61e2bdd55e52@group-B9A38B8065C2:t1, leader=null, voted=90d7adde-f2eb-4e5e-a05e-61e2bdd55e52, raftlog=90d7adde-f2eb-4e5e-a05e-61e2bdd55e52@group-B9A38B8065C2-SegmentedRaftLog:OPENED:c-1,f-1,i0, conf=-1: [90d7adde-f2eb-4e5e-a05e-61e2bdd55e52:192.168.69.79:41431, 851c9616-fbeb-440c-ab33-564129e62f8a:192.168.69.79:34859, 954b9a87-ad06-45b1-96aa-3a2262204195:192.168.69.79:37833], old=null
2019-11-16 01:45:13,474 [90d7adde-f2eb-4e5e-a05e-61e2bdd55e52@group-B9A38B8065C2-LeaderElection2] INFO  impl.RoleInfo (RoleInfo.java:shutdownLeaderElection(134)) - 90d7adde-f2eb-4e5e-a05e-61e2bdd55e52: shutdown LeaderElection
2019-11-16 01:45:13,475 [90d7adde-f2eb-4e5e-a05e-61e2bdd55e52@group-B9A38B8065C2-LeaderElection2] INFO  impl.RaftServerImpl (RaftServerImpl.java:setRole(173)) - 90d7adde-f2eb-4e5e-a05e-61e2bdd55e52@group-B9A38B8065C2: changes role from CANDIDATE to LEADER at term 1 for changeToLeader
2019-11-16 01:45:13,475 [90d7adde-f2eb-4e5e-a05e-61e2bdd55e52@group-B9A38B8065C2-LeaderElection2] INFO  ratis.XceiverServerRatis (XceiverServerRatis.java:handleLeaderChangedNotification(697)) - Leader change notification received for group: group-B9A38B8065C2 with new leaderId: 90d7adde-f2eb-4e5e-a05e-61e2bdd55e52
2019-11-16 01:45:13,475 [90d7adde-f2eb-4e5e-a05e-61e2bdd55e52@group-B9A38B8065C2-LeaderElection2] INFO  impl.RaftServerImpl (ServerState.java:setLeader(255)) - 90d7adde-f2eb-4e5e-a05e-61e2bdd55e52@group-B9A38B8065C2: change Leader from null to 90d7adde-f2eb-4e5e-a05e-61e2bdd55e52 at term 1 for becomeLeader, leader elected after 5090ms
2019-11-16 01:45:13,475 [90d7adde-f2eb-4e5e-a05e-61e2bdd55e52@group-B9A38B8065C2-LeaderElection2] INFO  server.RaftServerConfigKeys (ConfUtils.java:logGet(43)) - raft.server.staging.catchup.gap = 1000 (default)
2019-11-16 01:45:13,476 [90d7adde-f2eb-4e5e-a05e-61e2bdd55e52@group-B9A38B8065C2-LeaderElection2] INFO  server.RaftServerConfigKeys (ConfUtils.java:logGet(43)) - raft.server.rpc.sleep.time = 25ms (default)
2019-11-16 01:45:13,476 [90d7adde-f2eb-4e5e-a05e-61e2bdd55e52@group-B9A38B8065C2-LeaderElection2] INFO  server.RaftServerConfigKeys (ConfUtils.java:logGet(43)) - raft.server.write.element-limit = 4096 (default)
2019-11-16 01:45:13,476 [90d7adde-f2eb-4e5e-a05e-61e2bdd55e52@group-B9A38B8065C2-LeaderElection2] INFO  server.RaftServerConfigKeys (ConfUtils.java:logGet(43)) - raft.server.watch.timeout = 10s (default)
2019-11-16 01:45:13,477 [90d7adde-f2eb-4e5e-a05e-61e2bdd55e52@group-B9A38B8065C2-LeaderElection2] INFO  server.RaftServerConfigKeys (ConfUtils.java:logGet(43)) - raft.server.watch.timeout.denomination = 1s (default)
2019-11-16 01:45:13,477 [90d7adde-f2eb-4e5e-a05e-61e2bdd55e52@group-B9A38B8065C2-LeaderElection2] INFO  server.RaftServerConfigKeys (ConfUtils.java:logGet(43)) - raft.server.watch.element-limit = 65536 (default)
2019-11-16 01:45:13,478 [EventQueue-PipelineReportForPipelineReportHandler] INFO  pipeline.PipelineStateManager (PipelineStateManager.java:openPipeline(134)) - Pipeline Pipeline[ Id: b50ea7bb-4655-4d31-8262-b9a38b8065c2, Nodes: 851c9616-fbeb-440c-ab33-564129e62f8a{ip: 192.168.69.79, host: pr-hdds-2501-b5dhd-1197665634, networkLocation: /default-rack, certSerialId: null}954b9a87-ad06-45b1-96aa-3a2262204195{ip: 192.168.69.79, host: pr-hdds-2501-b5dhd-1197665634, networkLocation: /default-rack, certSerialId: null}90d7adde-f2eb-4e5e-a05e-61e2bdd55e52{ip: 192.168.69.79, host: pr-hdds-2501-b5dhd-1197665634, networkLocation: /default-rack, certSerialId: null}, Type:RATIS, Factor:THREE, State:OPEN] moved to OPEN state
2019-11-16 01:45:13,481 [90d7adde-f2eb-4e5e-a05e-61e2bdd55e52@group-B9A38B8065C2-LeaderElection2] INFO  server.RaftServerConfigKeys (ConfUtils.java:logGet(43)) - raft.server.log.appender.snapshot.chunk.size.max = 16MB (=16777216) (default)
2019-11-16 01:45:13,481 [90d7adde-f2eb-4e5e-a05e-61e2bdd55e52@group-B9A38B8065C2-LeaderElection2] INFO  server.RaftServerConfigKeys (ConfUtils.java:logGet(43)) - raft.server.log.appender.buffer.byte-limit = 33554432 (custom)
2019-11-16 01:45:13,481 [90d7adde-f2eb-4e5e-a05e-61e2bdd55e52@group-B9A38B8065C2-LeaderElection2] INFO  server.RaftServerConfigKeys (ConfUtils.java:logGet(43)) - raft.server.log.appender.buffer.element-limit = 1 (custom)
2019-11-16 01:45:13,485 [90d7adde-f2eb-4e5e-a05e-61e2bdd55e52@group-B9A38B8065C2-LeaderElection2] INFO  grpc.GrpcConfigKeys$Server (ConfUtils.java:logGet(43)) - raft.grpc.server.leader.outstanding.appends.max = 128 (default)
2019-11-16 01:45:13,487 [90d7adde-f2eb-4e5e-a05e-61e2bdd55e52@group-B9A38B8065C2-LeaderElection2] INFO  server.RaftServerConfigKeys (ConfUtils.java:logGet(43)) - raft.server.rpc.request.timeout = 3000ms (default)
2019-11-16 01:45:13,487 [90d7adde-f2eb-4e5e-a05e-61e2bdd55e52@group-B9A38B8065C2-LeaderElection2] INFO  server.RaftServerConfigKeys (ConfUtils.java:logGet(43)) - raft.server.log.appender.install.snapshot.enabled = false (custom)
2019-11-16 01:45:13,489 [90d7adde-f2eb-4e5e-a05e-61e2bdd55e52@group-B9A38B8065C2-LeaderElection2] WARN  impl.MetricRegistriesImpl (MetricRegistriesImpl.java:lambda$create$1(61)) - First MetricRegistry has been created without registering reporters. You may need to call MetricRegistries.global().addReportRegistration(...) before.
2019-11-16 01:45:13,489 [90d7adde-f2eb-4e5e-a05e-61e2bdd55e52@group-B9A38B8065C2-LeaderElection2] INFO  server.RaftServerConfigKeys (ConfUtils.java:logGet(43)) - raft.server.log.appender.snapshot.chunk.size.max = 16MB (=16777216) (default)
2019-11-16 01:45:13,490 [90d7adde-f2eb-4e5e-a05e-61e2bdd55e52@group-B9A38B8065C2-LeaderElection2] INFO  server.RaftServerConfigKeys (ConfUtils.java:logGet(43)) - raft.server.log.appender.buffer.byte-limit = 33554432 (custom)
2019-11-16 01:45:13,490 [90d7adde-f2eb-4e5e-a05e-61e2bdd55e52@group-B9A38B8065C2-LeaderElection2] INFO  server.RaftServerConfigKeys (ConfUtils.java:logGet(43)) - raft.server.log.appender.buffer.element-limit = 1 (custom)
2019-11-16 01:45:13,490 [90d7adde-f2eb-4e5e-a05e-61e2bdd55e52@group-B9A38B8065C2-LeaderElection2] INFO  grpc.GrpcConfigKeys$Server (ConfUtils.java:logGet(43)) - raft.grpc.server.leader.outstanding.appends.max = 128 (default)
2019-11-16 01:45:13,490 [90d7adde-f2eb-4e5e-a05e-61e2bdd55e52@group-B9A38B8065C2-LeaderElection2] INFO  server.RaftServerConfigKeys (ConfUtils.java:logGet(43)) - raft.server.rpc.request.timeout = 3000ms (default)
2019-11-16 01:45:13,490 [90d7adde-f2eb-4e5e-a05e-61e2bdd55e52@group-B9A38B8065C2-LeaderElection2] INFO  server.RaftServerConfigKeys (ConfUtils.java:logGet(43)) - raft.server.log.appender.install.snapshot.enabled = false (custom)
2019-11-16 01:45:13,493 [90d7adde-f2eb-4e5e-a05e-61e2bdd55e52@group-B9A38B8065C2-LeaderElection2] INFO  impl.RoleInfo (RoleInfo.java:updateAndGet(143)) - 90d7adde-f2eb-4e5e-a05e-61e2bdd55e52: start LeaderState
2019-11-16 01:45:13,493 [90d7adde-f2eb-4e5e-a05e-61e2bdd55e52@group-B9A38B8065C2-LeaderElection2] INFO  segmented.SegmentedRaftLogWorker (SegmentedRaftLogWorker.java:startLogSegment(385)) - 90d7adde-f2eb-4e5e-a05e-61e2bdd55e52@group-B9A38B8065C2-SegmentedRaftLogWorker: Starting segment from index:0
2019-11-16 01:45:13,494 [90d7adde-f2eb-4e5e-a05e-61e2bdd55e52@group-B9A38B8065C2-LeaderElection2] INFO  impl.RaftServerImpl (ServerState.java:setRaftConf(356)) - 90d7adde-f2eb-4e5e-a05e-61e2bdd55e52@group-B9A38B8065C2: set configuration 0: [90d7adde-f2eb-4e5e-a05e-61e2bdd55e52:192.168.69.79:41431, 851c9616-fbeb-440c-ab33-564129e62f8a:192.168.69.79:34859, 954b9a87-ad06-45b1-96aa-3a2262204195:192.168.69.79:37833], old=null at 0
2019-11-16 01:45:13,519 [grpc-default-executor-1] INFO  ratis.XceiverServerRatis (XceiverServerRatis.java:handleLeaderChangedNotification(697)) - Leader change notification received for group: group-B9A38B8065C2 with new leaderId: 90d7adde-f2eb-4e5e-a05e-61e2bdd55e52
2019-11-16 01:45:13,519 [grpc-default-executor-2] INFO  ratis.XceiverServerRatis (XceiverServerRatis.java:handleLeaderChangedNotification(697)) - Leader change notification received for group: group-B9A38B8065C2 with new leaderId: 90d7adde-f2eb-4e5e-a05e-61e2bdd55e52
2019-11-16 01:45:13,519 [grpc-default-executor-1] INFO  impl.RaftServerImpl (ServerState.java:setLeader(255)) - 954b9a87-ad06-45b1-96aa-3a2262204195@group-B9A38B8065C2: change Leader from null to 90d7adde-f2eb-4e5e-a05e-61e2bdd55e52 at term 1 for appendEntries, leader elected after 5134ms
2019-11-16 01:45:13,520 [grpc-default-executor-2] INFO  impl.RaftServerImpl (ServerState.java:setLeader(255)) - 851c9616-fbeb-440c-ab33-564129e62f8a@group-B9A38B8065C2: change Leader from null to 90d7adde-f2eb-4e5e-a05e-61e2bdd55e52 at term 1 for appendEntries, leader elected after 5134ms
2019-11-16 01:45:13,542 [grpc-default-executor-1] INFO  impl.RaftServerImpl (ServerState.java:setRaftConf(356)) - 851c9616-fbeb-440c-ab33-564129e62f8a@group-B9A38B8065C2: set configuration 0: [90d7adde-f2eb-4e5e-a05e-61e2bdd55e52:192.168.69.79:41431, 851c9616-fbeb-440c-ab33-564129e62f8a:192.168.69.79:34859, 954b9a87-ad06-45b1-96aa-3a2262204195:192.168.69.79:37833], old=null at 0
2019-11-16 01:45:13,542 [grpc-default-executor-2] INFO  impl.RaftServerImpl (ServerState.java:setRaftConf(356)) - 954b9a87-ad06-45b1-96aa-3a2262204195@group-B9A38B8065C2: set configuration 0: [90d7adde-f2eb-4e5e-a05e-61e2bdd55e52:192.168.69.79:41431, 851c9616-fbeb-440c-ab33-564129e62f8a:192.168.69.79:34859, 954b9a87-ad06-45b1-96aa-3a2262204195:192.168.69.79:37833], old=null at 0
2019-11-16 01:45:13,542 [grpc-default-executor-1] INFO  segmented.SegmentedRaftLogWorker (SegmentedRaftLogWorker.java:startLogSegment(385)) - 851c9616-fbeb-440c-ab33-564129e62f8a@group-B9A38B8065C2-SegmentedRaftLogWorker: Starting segment from index:0
2019-11-16 01:45:13,542 [grpc-default-executor-2] INFO  segmented.SegmentedRaftLogWorker (SegmentedRaftLogWorker.java:startLogSegment(385)) - 954b9a87-ad06-45b1-96aa-3a2262204195@group-B9A38B8065C2-SegmentedRaftLogWorker: Starting segment from index:0
2019-11-16 01:45:13,564 [Thread-220] INFO  impl.FollowerState (FollowerState.java:run(111)) - 90d7adde-f2eb-4e5e-a05e-61e2bdd55e52@group-1734ED049F7D-FollowerState: change to CANDIDATE, lastRpcTime:5017ms, electionTimeout:5017ms
2019-11-16 01:45:13,564 [Thread-220] INFO  impl.RoleInfo (RoleInfo.java:shutdownFollowerState(121)) - 90d7adde-f2eb-4e5e-a05e-61e2bdd55e52: shutdown FollowerState
2019-11-16 01:45:13,564 [Thread-220] INFO  impl.RaftServerImpl (RaftServerImpl.java:setRole(173)) - 90d7adde-f2eb-4e5e-a05e-61e2bdd55e52@group-1734ED049F7D: changes role from  FOLLOWER to CANDIDATE at term 0 for changeToCandidate
2019-11-16 01:45:13,565 [Thread-220] INFO  impl.RoleInfo (RoleInfo.java:updateAndGet(143)) - 90d7adde-f2eb-4e5e-a05e-61e2bdd55e52: start LeaderElection
2019-11-16 01:45:13,608 [Thread-216] INFO  impl.FollowerState (FollowerState.java:run(111)) - 954b9a87-ad06-45b1-96aa-3a2262204195@group-0ABF8391F23F-FollowerState: change to CANDIDATE, lastRpcTime:5141ms, electionTimeout:5141ms
2019-11-16 01:45:13,608 [Thread-216] INFO  impl.RoleInfo (RoleInfo.java:shutdownFollowerState(121)) - 954b9a87-ad06-45b1-96aa-3a2262204195: shutdown FollowerState
2019-11-16 01:45:13,608 [Thread-216] INFO  impl.RaftServerImpl (RaftServerImpl.java:setRole(173)) - 954b9a87-ad06-45b1-96aa-3a2262204195@group-0ABF8391F23F: changes role from  FOLLOWER to CANDIDATE at term 0 for changeToCandidate
2019-11-16 01:45:13,609 [Thread-216] INFO  impl.RoleInfo (RoleInfo.java:updateAndGet(143)) - 954b9a87-ad06-45b1-96aa-3a2262204195: start LeaderElection
2019-11-16 01:45:13,615 [954b9a87-ad06-45b1-96aa-3a2262204195@group-B9A38B8065C2-SegmentedRaftLogWorker] INFO  segmented.SegmentedRaftLogWorker (SegmentedRaftLogWorker.java:execute(576)) - 954b9a87-ad06-45b1-96aa-3a2262204195@group-B9A38B8065C2-SegmentedRaftLogWorker: created new log segment /workdir/hadoop-ozone/tools/target/test-dir/MiniOzoneClusterImpl-54a862c9-b613-4954-aace-0ae448b21960/datanode-2/data/ratis/b50ea7bb-4655-4d31-8262-b9a38b8065c2/current/log_inprogress_0
2019-11-16 01:45:13,615 [851c9616-fbeb-440c-ab33-564129e62f8a@group-7813868A092B-SegmentedRaftLogWorker] INFO  segmented.SegmentedRaftLogWorker (SegmentedRaftLogWorker.java:execute(576)) - 851c9616-fbeb-440c-ab33-564129e62f8a@group-7813868A092B-SegmentedRaftLogWorker: created new log segment /workdir/hadoop-ozone/tools/target/test-dir/MiniOzoneClusterImpl-54a862c9-b613-4954-aace-0ae448b21960/datanode-1/data/ratis/f804de02-44da-4acc-a51a-7813868a092b/current/log_inprogress_0
2019-11-16 01:45:13,615 [954b9a87-ad06-45b1-96aa-3a2262204195@group-0ABF8391F23F-LeaderElection4] INFO  impl.LeaderElection (LeaderElection.java:askForVotes(178)) - 954b9a87-ad06-45b1-96aa-3a2262204195@group-0ABF8391F23F-LeaderElection4: begin an election at term 1 for -1: [954b9a87-ad06-45b1-96aa-3a2262204195:192.168.69.79:37833], old=null
2019-11-16 01:45:13,615 [90d7adde-f2eb-4e5e-a05e-61e2bdd55e52@group-1734ED049F7D-LeaderElection3] INFO  impl.LeaderElection (LeaderElection.java:askForVotes(178)) - 90d7adde-f2eb-4e5e-a05e-61e2bdd55e52@group-1734ED049F7D-LeaderElection3: begin an election at term 1 for -1: [90d7adde-f2eb-4e5e-a05e-61e2bdd55e52:192.168.69.79:41431], old=null
2019-11-16 01:45:13,616 [954b9a87-ad06-45b1-96aa-3a2262204195@group-0ABF8391F23F-LeaderElection4] INFO  impl.RoleInfo (RoleInfo.java:shutdownLeaderElection(134)) - 954b9a87-ad06-45b1-96aa-3a2262204195: shutdown LeaderElection
2019-11-16 01:45:13,615 [90d7adde-f2eb-4e5e-a05e-61e2bdd55e52@group-B9A38B8065C2-SegmentedRaftLogWorker] INFO  segmented.SegmentedRaftLogWorker (SegmentedRaftLogWorker.java:execute(576)) - 90d7adde-f2eb-4e5e-a05e-61e2bdd55e52@group-B9A38B8065C2-SegmentedRaftLogWorker: created new log segment /workdir/hadoop-ozone/tools/target/test-dir/MiniOzoneClusterImpl-54a862c9-b613-4954-aace-0ae448b21960/datanode-0/data/ratis/b50ea7bb-4655-4d31-8262-b9a38b8065c2/current/log_inprogress_0
2019-11-16 01:45:13,615 [851c9616-fbeb-440c-ab33-564129e62f8a@group-B9A38B8065C2-SegmentedRaftLogWorker] INFO  segmented.SegmentedRaftLogWorker (SegmentedRaftLogWorker.java:execute(576)) - 851c9616-fbeb-440c-ab33-564129e62f8a@group-B9A38B8065C2-SegmentedRaftLogWorker: created new log segment /workdir/hadoop-ozone/tools/target/test-dir/MiniOzoneClusterImpl-54a862c9-b613-4954-aace-0ae448b21960/datanode-1/data/ratis/b50ea7bb-4655-4d31-8262-b9a38b8065c2/current/log_inprogress_0
2019-11-16 01:45:13,616 [954b9a87-ad06-45b1-96aa-3a2262204195@group-0ABF8391F23F-LeaderElection4] INFO  impl.RaftServerImpl (RaftServerImpl.java:setRole(173)) - 954b9a87-ad06-45b1-96aa-3a2262204195@group-0ABF8391F23F: changes role from CANDIDATE to LEADER at term 1 for changeToLeader
2019-11-16 01:45:13,616 [90d7adde-f2eb-4e5e-a05e-61e2bdd55e52@group-1734ED049F7D-LeaderElection3] INFO  impl.RoleInfo (RoleInfo.java:shutdownLeaderElection(134)) - 90d7adde-f2eb-4e5e-a05e-61e2bdd55e52: shutdown LeaderElection
2019-11-16 01:45:13,616 [954b9a87-ad06-45b1-96aa-3a2262204195@group-0ABF8391F23F-LeaderElection4] INFO  ratis.XceiverServerRatis (XceiverServerRatis.java:handleLeaderChangedNotification(697)) - Leader change notification received for group: group-0ABF8391F23F with new leaderId: 954b9a87-ad06-45b1-96aa-3a2262204195
2019-11-16 01:45:13,616 [90d7adde-f2eb-4e5e-a05e-61e2bdd55e52@group-1734ED049F7D-LeaderElection3] INFO  impl.RaftServerImpl (RaftServerImpl.java:setRole(173)) - 90d7adde-f2eb-4e5e-a05e-61e2bdd55e52@group-1734ED049F7D: changes role from CANDIDATE to LEADER at term 1 for changeToLeader
2019-11-16 01:45:13,617 [90d7adde-f2eb-4e5e-a05e-61e2bdd55e52@group-1734ED049F7D-LeaderElection3] INFO  ratis.XceiverServerRatis (XceiverServerRatis.java:handleLeaderChangedNotification(697)) - Leader change notification received for group: group-1734ED049F7D with new leaderId: 90d7adde-f2eb-4e5e-a05e-61e2bdd55e52
2019-11-16 01:45:13,617 [954b9a87-ad06-45b1-96aa-3a2262204195@group-0ABF8391F23F-LeaderElection4] INFO  impl.RaftServerImpl (ServerState.java:setLeader(255)) - 954b9a87-ad06-45b1-96aa-3a2262204195@group-0ABF8391F23F: change Leader from null to 954b9a87-ad06-45b1-96aa-3a2262204195 at term 1 for becomeLeader, leader elected after 5155ms
2019-11-16 01:45:13,617 [90d7adde-f2eb-4e5e-a05e-61e2bdd55e52@group-1734ED049F7D-LeaderElection3] INFO  impl.RaftServerImpl (ServerState.java:setLeader(255)) - 90d7adde-f2eb-4e5e-a05e-61e2bdd55e52@group-1734ED049F7D: change Leader from null to 90d7adde-f2eb-4e5e-a05e-61e2bdd55e52 at term 1 for becomeLeader, leader elected after 5074ms
2019-11-16 01:45:13,618 [954b9a87-ad06-45b1-96aa-3a2262204195@group-0ABF8391F23F-LeaderElection4] INFO  server.RaftServerConfigKeys (ConfUtils.java:logGet(43)) - raft.server.staging.catchup.gap = 1000 (default)
2019-11-16 01:45:13,618 [90d7adde-f2eb-4e5e-a05e-61e2bdd55e52@group-1734ED049F7D-LeaderElection3] INFO  server.RaftServerConfigKeys (ConfUtils.java:logGet(43)) - raft.server.staging.catchup.gap = 1000 (default)
2019-11-16 01:45:13,618 [954b9a87-ad06-45b1-96aa-3a2262204195@group-0ABF8391F23F-LeaderElection4] INFO  server.RaftServerConfigKeys (ConfUtils.java:logGet(43)) - raft.server.rpc.sleep.time = 25ms (default)
2019-11-16 01:45:13,618 [90d7adde-f2eb-4e5e-a05e-61e2bdd55e52@group-1734ED049F7D-LeaderElection3] INFO  server.RaftServerConfigKeys (ConfUtils.java:logGet(43)) - raft.server.rpc.sleep.time = 25ms (default)
2019-11-16 01:45:13,619 [954b9a87-ad06-45b1-96aa-3a2262204195@group-0ABF8391F23F-LeaderElection4] INFO  server.RaftServerConfigKeys (ConfUtils.java:logGet(43)) - raft.server.write.element-limit = 4096 (default)
2019-11-16 01:45:13,619 [90d7adde-f2eb-4e5e-a05e-61e2bdd55e52@group-1734ED049F7D-LeaderElection3] INFO  server.RaftServerConfigKeys (ConfUtils.java:logGet(43)) - raft.server.write.element-limit = 4096 (default)
2019-11-16 01:45:13,619 [90d7adde-f2eb-4e5e-a05e-61e2bdd55e52@group-1734ED049F7D-LeaderElection3] INFO  server.RaftServerConfigKeys (ConfUtils.java:logGet(43)) - raft.server.watch.timeout = 10s (default)
2019-11-16 01:45:13,619 [954b9a87-ad06-45b1-96aa-3a2262204195@group-0ABF8391F23F-LeaderElection4] INFO  server.RaftServerConfigKeys (ConfUtils.java:logGet(43)) - raft.server.watch.timeout = 10s (default)
2019-11-16 01:45:13,620 [90d7adde-f2eb-4e5e-a05e-61e2bdd55e52@group-1734ED049F7D-LeaderElection3] INFO  server.RaftServerConfigKeys (ConfUtils.java:logGet(43)) - raft.server.watch.timeout.denomination = 1s (default)
2019-11-16 01:45:13,620 [954b9a87-ad06-45b1-96aa-3a2262204195@group-0ABF8391F23F-LeaderElection4] INFO  server.RaftServerConfigKeys (ConfUtils.java:logGet(43)) - raft.server.watch.timeout.denomination = 1s (default)
2019-11-16 01:45:13,620 [90d7adde-f2eb-4e5e-a05e-61e2bdd55e52@group-1734ED049F7D-LeaderElection3] INFO  server.RaftServerConfigKeys (ConfUtils.java:logGet(43)) - raft.server.watch.element-limit = 65536 (default)
2019-11-16 01:45:13,620 [954b9a87-ad06-45b1-96aa-3a2262204195@group-0ABF8391F23F-LeaderElection4] INFO  server.RaftServerConfigKeys (ConfUtils.java:logGet(43)) - raft.server.watch.element-limit = 65536 (default)
2019-11-16 01:45:13,620 [EventQueue-PipelineReportForPipelineReportHandler] INFO  pipeline.PipelineStateManager (PipelineStateManager.java:openPipeline(134)) - Pipeline Pipeline[ Id: 14b30fa6-8faf-4a3d-923c-0abf8391f23f, Nodes: 954b9a87-ad06-45b1-96aa-3a2262204195{ip: 192.168.69.79, host: pr-hdds-2501-b5dhd-1197665634, networkLocation: /default-rack, certSerialId: null}, Type:RATIS, Factor:ONE, State:OPEN] moved to OPEN state
2019-11-16 01:45:13,620 [954b9a87-ad06-45b1-96aa-3a2262204195@group-0ABF8391F23F-LeaderElection4] INFO  impl.RoleInfo (RoleInfo.java:updateAndGet(143)) - 954b9a87-ad06-45b1-96aa-3a2262204195: start LeaderState
2019-11-16 01:45:13,620 [90d7adde-f2eb-4e5e-a05e-61e2bdd55e52@group-1734ED049F7D-LeaderElection3] INFO  impl.RoleInfo (RoleInfo.java:updateAndGet(143)) - 90d7adde-f2eb-4e5e-a05e-61e2bdd55e52: start LeaderState
2019-11-16 01:45:13,621 [EventQueue-PipelineReportForPipelineReportHandler] INFO  pipeline.PipelineStateManager (PipelineStateManager.java:openPipeline(134)) - Pipeline Pipeline[ Id: b1c69475-0f54-4c7a-af7d-1734ed049f7d, Nodes: 90d7adde-f2eb-4e5e-a05e-61e2bdd55e52{ip: 192.168.69.79, host: pr-hdds-2501-b5dhd-1197665634, networkLocation: /default-rack, certSerialId: null}, Type:RATIS, Factor:ONE, State:OPEN] moved to OPEN state
2019-11-16 01:45:13,621 [90d7adde-f2eb-4e5e-a05e-61e2bdd55e52@group-1734ED049F7D-LeaderElection3] INFO  segmented.SegmentedRaftLogWorker (SegmentedRaftLogWorker.java:startLogSegment(385)) - 90d7adde-f2eb-4e5e-a05e-61e2bdd55e52@group-1734ED049F7D-SegmentedRaftLogWorker: Starting segment from index:0
2019-11-16 01:45:13,621 [954b9a87-ad06-45b1-96aa-3a2262204195@group-0ABF8391F23F-LeaderElection4] INFO  segmented.SegmentedRaftLogWorker (SegmentedRaftLogWorker.java:startLogSegment(385)) - 954b9a87-ad06-45b1-96aa-3a2262204195@group-0ABF8391F23F-SegmentedRaftLogWorker: Starting segment from index:0
2019-11-16 01:45:13,621 [90d7adde-f2eb-4e5e-a05e-61e2bdd55e52@group-1734ED049F7D-LeaderElection3] INFO  impl.RaftServerImpl (ServerState.java:setRaftConf(356)) - 90d7adde-f2eb-4e5e-a05e-61e2bdd55e52@group-1734ED049F7D: set configuration 0: [90d7adde-f2eb-4e5e-a05e-61e2bdd55e52:192.168.69.79:41431], old=null at 0
2019-11-16 01:45:13,657 [954b9a87-ad06-45b1-96aa-3a2262204195@group-0ABF8391F23F-LeaderElection4] INFO  impl.RaftServerImpl (ServerState.java:setRaftConf(356)) - 954b9a87-ad06-45b1-96aa-3a2262204195@group-0ABF8391F23F: set configuration 0: [954b9a87-ad06-45b1-96aa-3a2262204195:192.168.69.79:37833], old=null at 0
2019-11-16 01:45:13,669 [90d7adde-f2eb-4e5e-a05e-61e2bdd55e52@group-1734ED049F7D-SegmentedRaftLogWorker] INFO  segmented.SegmentedRaftLogWorker (SegmentedRaftLogWorker.java:execute(576)) - 90d7adde-f2eb-4e5e-a05e-61e2bdd55e52@group-1734ED049F7D-SegmentedRaftLogWorker: created new log segment /workdir/hadoop-ozone/tools/target/test-dir/MiniOzoneClusterImpl-54a862c9-b613-4954-aace-0ae448b21960/datanode-0/data/ratis/b1c69475-0f54-4c7a-af7d-1734ed049f7d/current/log_inprogress_0
2019-11-16 01:45:13,669 [954b9a87-ad06-45b1-96aa-3a2262204195@group-0ABF8391F23F-SegmentedRaftLogWorker] INFO  segmented.SegmentedRaftLogWorker (SegmentedRaftLogWorker.java:execute(576)) - 954b9a87-ad06-45b1-96aa-3a2262204195@group-0ABF8391F23F-SegmentedRaftLogWorker: created new log segment /workdir/hadoop-ozone/tools/target/test-dir/MiniOzoneClusterImpl-54a862c9-b613-4954-aace-0ae448b21960/datanode-2/data/ratis/14b30fa6-8faf-4a3d-923c-0abf8391f23f/current/log_inprogress_0
2019-11-16 01:45:14,161 [main] INFO  ozone.MiniOzoneClusterImpl (MiniOzoneClusterImpl.java:lambda$waitForClusterToBeReady$2(171)) - Cluster is ready. Got 3 of 3 DN Heartbeats.
2019-11-16 01:45:15,117 [main] INFO  freon.RandomKeyGenerator (RandomKeyGenerator.java:call(283)) - Number of Threads: 10
2019-11-16 01:45:15,118 [main] INFO  freon.RandomKeyGenerator (RandomKeyGenerator.java:call(288)) - Number of Volumes: 1.
2019-11-16 01:45:15,118 [main] INFO  freon.RandomKeyGenerator (RandomKeyGenerator.java:call(289)) - Number of Buckets per Volume: 1.
2019-11-16 01:45:15,118 [main] INFO  freon.RandomKeyGenerator (RandomKeyGenerator.java:call(290)) - Number of Keys per Bucket: 1.
2019-11-16 01:45:15,118 [main] INFO  freon.RandomKeyGenerator (RandomKeyGenerator.java:call(291)) - Key size: 20971520 bytes
2019-11-16 01:45:15,118 [main] INFO  freon.RandomKeyGenerator (RandomKeyGenerator.java:call(292)) - Buffer size: 4096 bytes
2019-11-16 01:45:15,119 [main] INFO  freon.RandomKeyGenerator (RandomKeyGenerator.java:call(293)) - validateWrites : true
2019-11-16 01:45:15,123 [main] INFO  freon.RandomKeyGenerator (RandomKeyGenerator.java:call(307)) - Data validation is enabled.
2019-11-16 01:45:15,125 [main] INFO  freon.RandomKeyGenerator (RandomKeyGenerator.java:call(313)) - Starting progress bar Thread.

 0.00% |?                                                                                                    |  0/1 Time: 0:00:002019-11-16 01:45:15,150 [pool-53-thread-1] INFO  rpc.RpcClient (RpcClient.java:createVolume(292)) - Creating Volume: vol-0-42877, with jenkins1000 as owner.
2019-11-16 01:45:15,209 [IPC Server handler 11 on 42043] INFO  volume.OMVolumeCreateRequest (OMVolumeCreateRequest.java:validateAndUpdateCache(193)) - created volume:vol-0-42877 for user:jenkins1000
2019-11-16 01:45:15,256 [pool-53-thread-2] INFO  rpc.RpcClient (RpcClient.java:createBucket(431)) - Creating Bucket: vol-0-42877/bucket-0-52527, with Versioning false and Storage Type set to DISK and Encryption set to false 
2019-11-16 01:45:15,445 [pool-53-thread-3] INFO  impl.MetricsSystemImpl (MetricsSystemImpl.java:init(158)) - XceiverClientMetrics metrics system started (again)
 0.00% |?                                                                                                    |  0/1 Time: 0:00:01 100.00% |?????????????????????????????????????????????????????????????????????????????????????????????????????|  1/1 Time: 0:00:02
2019-11-16 01:45:22,325 [main] INFO  pipeline.SCMPipelineManager (SCMPipelineManager.java:finalizeAndDestroyPipeline(315)) - destroying pipeline:Pipeline[ Id: b50ea7bb-4655-4d31-8262-b9a38b8065c2, Nodes: 851c9616-fbeb-440c-ab33-564129e62f8a{ip: 192.168.69.79, host: pr-hdds-2501-b5dhd-1197665634, networkLocation: /default-rack, certSerialId: null}954b9a87-ad06-45b1-96aa-3a2262204195{ip: 192.168.69.79, host: pr-hdds-2501-b5dhd-1197665634, networkLocation: /default-rack, certSerialId: null}90d7adde-f2eb-4e5e-a05e-61e2bdd55e52{ip: 192.168.69.79, host: pr-hdds-2501-b5dhd-1197665634, networkLocation: /default-rack, certSerialId: null}, Type:RATIS, Factor:THREE, State:OPEN]
2019-11-16 01:45:22,325 [main] INFO  pipeline.PipelineStateManager (PipelineStateManager.java:finalizePipeline(121)) - Pipeline Pipeline[ Id: b50ea7bb-4655-4d31-8262-b9a38b8065c2, Nodes: 851c9616-fbeb-440c-ab33-564129e62f8a{ip: 192.168.69.79, host: pr-hdds-2501-b5dhd-1197665634, networkLocation: /default-rack, certSerialId: null}954b9a87-ad06-45b1-96aa-3a2262204195{ip: 192.168.69.79, host: pr-hdds-2501-b5dhd-1197665634, networkLocation: /default-rack, certSerialId: null}90d7adde-f2eb-4e5e-a05e-61e2bdd55e52{ip: 192.168.69.79, host: pr-hdds-2501-b5dhd-1197665634, networkLocation: /default-rack, certSerialId: null}, Type:RATIS, Factor:THREE, State:CLOSED] moved to CLOSED state
2019-11-16 01:45:22,326 [EventQueue-CloseContainerForCloseContainerEventHandler] INFO  container.CloseContainerEventHandler (CloseContainerEventHandler.java:onMessage(61)) - Close container Event triggered for container : #1
2019-11-16 01:45:22,331 [EventQueue-CloseContainerForCloseContainerEventHandler] INFO  container.CloseContainerEventHandler (CloseContainerEventHandler.java:onMessage(61)) - Close container Event triggered for container : #2
2019-11-16 01:45:22,332 [EventQueue-CloseContainerForCloseContainerEventHandler] INFO  container.CloseContainerEventHandler (CloseContainerEventHandler.java:onMessage(61)) - Close container Event triggered for container : #3
2019-11-16 01:45:22,335 [grpc-default-executor-1] INFO  impl.RaftServerProxy (RaftServerProxy.java:remove(95)) - 851c9616-fbeb-440c-ab33-564129e62f8a: remove  FOLLOWER 851c9616-fbeb-440c-ab33-564129e62f8a@group-B9A38B8065C2:t1, leader=90d7adde-f2eb-4e5e-a05e-61e2bdd55e52, voted=90d7adde-f2eb-4e5e-a05e-61e2bdd55e52, raftlog=851c9616-fbeb-440c-ab33-564129e62f8a@group-B9A38B8065C2-SegmentedRaftLog:OPENED:c76,f76,i76, conf=0: [90d7adde-f2eb-4e5e-a05e-61e2bdd55e52:192.168.69.79:41431, 851c9616-fbeb-440c-ab33-564129e62f8a:192.168.69.79:34859, 954b9a87-ad06-45b1-96aa-3a2262204195:192.168.69.79:37833], old=null RUNNING
2019-11-16 01:45:22,336 [grpc-default-executor-1] INFO  impl.RaftServerImpl (RaftServerImpl.java:lambda$shutdown$3(250)) - 851c9616-fbeb-440c-ab33-564129e62f8a@group-B9A38B8065C2: shutdown
2019-11-16 01:45:22,337 [grpc-default-executor-1] INFO  util.JmxRegister (JmxRegister.java:unregister(73)) - Successfully un-registered JMX Bean with object name Ratis:service=RaftServer,group=group-B9A38B8065C2,id=851c9616-fbeb-440c-ab33-564129e62f8a
2019-11-16 01:45:22,337 [grpc-default-executor-1] INFO  impl.RoleInfo (RoleInfo.java:shutdownFollowerState(121)) - 851c9616-fbeb-440c-ab33-564129e62f8a: shutdown FollowerState
2019-11-16 01:45:22,337 [grpc-default-executor-1] INFO  impl.StateMachineUpdater (StateMachineUpdater.java:stopAndJoin(136)) - 851c9616-fbeb-440c-ab33-564129e62f8a@group-B9A38B8065C2-StateMachineUpdater: set stopIndex = 76
2019-11-16 01:45:22,337 [Thread-228] INFO  impl.FollowerState (FollowerState.java:run(120)) - 851c9616-fbeb-440c-ab33-564129e62f8a@group-B9A38B8065C2-FollowerState was interrupted: java.lang.InterruptedException: sleep interrupted
2019-11-16 01:45:22,337 [851c9616-fbeb-440c-ab33-564129e62f8a@group-B9A38B8065C2-StateMachineUpdater] INFO  ratis.ContainerStateMachine (ContainerStateMachine.java:takeSnapshot(285)) - group-B9A38B8065C2: Taking a snapshot at:(t:1, i:74) file /workdir/hadoop-ozone/tools/target/test-dir/MiniOzoneClusterImpl-54a862c9-b613-4954-aace-0ae448b21960/datanode-1/data/ratis/b50ea7bb-4655-4d31-8262-b9a38b8065c2/sm/snapshot.1_74
2019-11-16 01:45:22,370 [851c9616-fbeb-440c-ab33-564129e62f8a@group-B9A38B8065C2-StateMachineUpdater] INFO  ratis.ContainerStateMachine (ContainerStateMachine.java:takeSnapshot(296)) - group-B9A38B8065C2: Finished taking a snapshot at:(t:1, i:74) file:/workdir/hadoop-ozone/tools/target/test-dir/MiniOzoneClusterImpl-54a862c9-b613-4954-aace-0ae448b21960/datanode-1/data/ratis/b50ea7bb-4655-4d31-8262-b9a38b8065c2/sm/snapshot.1_74 time:32
2019-11-16 01:45:22,371 [851c9616-fbeb-440c-ab33-564129e62f8a@group-B9A38B8065C2-StateMachineUpdater] INFO  impl.StateMachineUpdater (StateMachineUpdater.java:takeSnapshot(269)) - 851c9616-fbeb-440c-ab33-564129e62f8a@group-B9A38B8065C2-StateMachineUpdater: Took a snapshot at index 74
2019-11-16 01:45:22,372 [851c9616-fbeb-440c-ab33-564129e62f8a@group-B9A38B8065C2-StateMachineUpdater] INFO  impl.StateMachineUpdater (StateMachineUpdater.java:lambda$new$0(84)) - 851c9616-fbeb-440c-ab33-564129e62f8a@group-B9A38B8065C2-StateMachineUpdater: snapshotIndex: updateIncreasingly -1 -> 74
2019-11-16 01:45:22,377 [851c9616-fbeb-440c-ab33-564129e62f8a@group-B9A38B8065C2-StateMachineUpdater] INFO  ratis.ContainerStateMachine (ContainerStateMachine.java:takeSnapshot(285)) - group-B9A38B8065C2: Taking a snapshot at:(t:1, i:74) file /workdir/hadoop-ozone/tools/target/test-dir/MiniOzoneClusterImpl-54a862c9-b613-4954-aace-0ae448b21960/datanode-1/data/ratis/b50ea7bb-4655-4d31-8262-b9a38b8065c2/sm/snapshot.1_74
2019-11-16 01:45:22,389 [851c9616-fbeb-440c-ab33-564129e62f8a@group-B9A38B8065C2-StateMachineUpdater] INFO  ratis.ContainerStateMachine (ContainerStateMachine.java:takeSnapshot(296)) - group-B9A38B8065C2: Finished taking a snapshot at:(t:1, i:74) file:/workdir/hadoop-ozone/tools/target/test-dir/MiniOzoneClusterImpl-54a862c9-b613-4954-aace-0ae448b21960/datanode-1/data/ratis/b50ea7bb-4655-4d31-8262-b9a38b8065c2/sm/snapshot.1_74 time:12
2019-11-16 01:45:22,389 [851c9616-fbeb-440c-ab33-564129e62f8a@group-B9A38B8065C2-StateMachineUpdater] INFO  impl.StateMachineUpdater (StateMachineUpdater.java:takeSnapshot(269)) - 851c9616-fbeb-440c-ab33-564129e62f8a@group-B9A38B8065C2-StateMachineUpdater: Took a snapshot at index 74
2019-11-16 01:45:22,389 [851c9616-fbeb-440c-ab33-564129e62f8a@group-B9A38B8065C2-StateMachineUpdater] INFO  impl.StateMachineUpdater (StateMachineUpdater.java:lambda$new$0(84)) - 851c9616-fbeb-440c-ab33-564129e62f8a@group-B9A38B8065C2-StateMachineUpdater: snapshotIndex: updateIncreasingly 74 -> 74
2019-11-16 01:45:22,390 [grpc-default-executor-1] INFO  impl.RaftServerImpl (ServerState.java:close(387)) - 851c9616-fbeb-440c-ab33-564129e62f8a@group-B9A38B8065C2: closes. applyIndex: 76
2019-11-16 01:45:22,390 [851c9616-fbeb-440c-ab33-564129e62f8a@group-B9A38B8065C2-SegmentedRaftLogWorker] INFO  segmented.SegmentedRaftLogWorker (SegmentedRaftLogWorker.java:run(316)) - 851c9616-fbeb-440c-ab33-564129e62f8a@group-B9A38B8065C2-SegmentedRaftLogWorker was interrupted, exiting. There are 0 tasks remaining in the queue.
2019-11-16 01:45:22,392 [grpc-default-executor-1] INFO  segmented.SegmentedRaftLogWorker (SegmentedRaftLogWorker.java:close(224)) - 851c9616-fbeb-440c-ab33-564129e62f8a@group-B9A38B8065C2-SegmentedRaftLogWorker close()
2019-11-16 01:45:22,427 [grpc-default-executor-1] INFO  interfaces.Container (KeyValueContainer.java:flushAndSyncDB(400)) - Container 1 is synced with bcsId 58.
2019-11-16 01:45:22,428 [grpc-default-executor-1] INFO  interfaces.Container (KeyValueContainer.java:flushAndSyncDB(400)) - Container 1 is synced with bcsId 58.
2019-11-16 01:45:22,452 [EventQueue-IncrementalContainerReportForIncrementalContainerReportHandler] INFO  container.IncrementalContainerReportHandler (AbstractContainerReportHandler.java:updateContainerState(171)) - Moving container #1 to QUASI_CLOSED state, datanode 851c9616-fbeb-440c-ab33-564129e62f8a{ip: 192.168.69.79, host: pr-hdds-2501-b5dhd-1197665634, networkLocation: /default-rack, certSerialId: null} reported QUASI_CLOSED replica.
2019-11-16 01:45:22,471 [grpc-default-executor-1] INFO  interfaces.Container (KeyValueContainer.java:flushAndSyncDB(400)) - Container 2 is synced with bcsId 74.
2019-11-16 01:45:22,471 [grpc-default-executor-1] INFO  interfaces.Container (KeyValueContainer.java:flushAndSyncDB(400)) - Container 2 is synced with bcsId 74.
2019-11-16 01:45:22,487 [EventQueue-IncrementalContainerReportForIncrementalContainerReportHandler] INFO  container.IncrementalContainerReportHandler (AbstractContainerReportHandler.java:updateContainerState(171)) - Moving container #2 to QUASI_CLOSED state, datanode 851c9616-fbeb-440c-ab33-564129e62f8a{ip: 192.168.69.79, host: pr-hdds-2501-b5dhd-1197665634, networkLocation: /default-rack, certSerialId: null} reported QUASI_CLOSED replica.
2019-11-16 01:45:22,501 [grpc-default-executor-1] INFO  interfaces.Container (KeyValueContainer.java:flushAndSyncDB(400)) - Container 3 is synced with bcsId 40.
2019-11-16 01:45:22,501 [grpc-default-executor-1] INFO  interfaces.Container (KeyValueContainer.java:flushAndSyncDB(400)) - Container 3 is synced with bcsId 40.
2019-11-16 01:45:22,517 [EventQueue-IncrementalContainerReportForIncrementalContainerReportHandler] INFO  container.IncrementalContainerReportHandler (AbstractContainerReportHandler.java:updateContainerState(171)) - Moving container #3 to QUASI_CLOSED state, datanode 851c9616-fbeb-440c-ab33-564129e62f8a{ip: 192.168.69.79, host: pr-hdds-2501-b5dhd-1197665634, networkLocation: /default-rack, certSerialId: null} reported QUASI_CLOSED replica.
2019-11-16 01:45:22,528 [grpc-default-executor-1] INFO  impl.RaftServerProxy (RaftServerProxy.java:remove(95)) - 954b9a87-ad06-45b1-96aa-3a2262204195: remove  FOLLOWER 954b9a87-ad06-45b1-96aa-3a2262204195@group-B9A38B8065C2:t1, leader=90d7adde-f2eb-4e5e-a05e-61e2bdd55e52, voted=90d7adde-f2eb-4e5e-a05e-61e2bdd55e52, raftlog=954b9a87-ad06-45b1-96aa-3a2262204195@group-B9A38B8065C2-SegmentedRaftLog:OPENED:c76,f76,i76, conf=0: [90d7adde-f2eb-4e5e-a05e-61e2bdd55e52:192.168.69.79:41431, 851c9616-fbeb-440c-ab33-564129e62f8a:192.168.69.79:34859, 954b9a87-ad06-45b1-96aa-3a2262204195:192.168.69.79:37833], old=null RUNNING
2019-11-16 01:45:22,528 [grpc-default-executor-1] INFO  impl.RaftServerImpl (RaftServerImpl.java:lambda$shutdown$3(250)) - 954b9a87-ad06-45b1-96aa-3a2262204195@group-B9A38B8065C2: shutdown
2019-11-16 01:45:22,529 [grpc-default-executor-1] INFO  util.JmxRegister (JmxRegister.java:unregister(73)) - Successfully un-registered JMX Bean with object name Ratis:service=RaftServer,group=group-B9A38B8065C2,id=954b9a87-ad06-45b1-96aa-3a2262204195
2019-11-16 01:45:22,529 [grpc-default-executor-1] INFO  impl.RoleInfo (RoleInfo.java:shutdownFollowerState(121)) - 954b9a87-ad06-45b1-96aa-3a2262204195: shutdown FollowerState
2019-11-16 01:45:22,529 [grpc-default-executor-1] INFO  impl.StateMachineUpdater (StateMachineUpdater.java:stopAndJoin(136)) - 954b9a87-ad06-45b1-96aa-3a2262204195@group-B9A38B8065C2-StateMachineUpdater: set stopIndex = 76
2019-11-16 01:45:22,529 [954b9a87-ad06-45b1-96aa-3a2262204195@group-B9A38B8065C2-StateMachineUpdater] INFO  ratis.ContainerStateMachine (ContainerStateMachine.java:takeSnapshot(285)) - group-B9A38B8065C2: Taking a snapshot at:(t:1, i:74) file /workdir/hadoop-ozone/tools/target/test-dir/MiniOzoneClusterImpl-54a862c9-b613-4954-aace-0ae448b21960/datanode-2/data/ratis/b50ea7bb-4655-4d31-8262-b9a38b8065c2/sm/snapshot.1_74
2019-11-16 01:45:22,529 [Thread-227] INFO  impl.FollowerState (FollowerState.java:run(120)) - 954b9a87-ad06-45b1-96aa-3a2262204195@group-B9A38B8065C2-FollowerState was interrupted: java.lang.InterruptedException: sleep interrupted
2019-11-16 01:45:22,543 [954b9a87-ad06-45b1-96aa-3a2262204195@group-B9A38B8065C2-StateMachineUpdater] INFO  ratis.ContainerStateMachine (ContainerStateMachine.java:takeSnapshot(296)) - group-B9A38B8065C2: Finished taking a snapshot at:(t:1, i:74) file:/workdir/hadoop-ozone/tools/target/test-dir/MiniOzoneClusterImpl-54a862c9-b613-4954-aace-0ae448b21960/datanode-2/data/ratis/b50ea7bb-4655-4d31-8262-b9a38b8065c2/sm/snapshot.1_74 time:14
2019-11-16 01:45:22,544 [954b9a87-ad06-45b1-96aa-3a2262204195@group-B9A38B8065C2-StateMachineUpdater] INFO  impl.StateMachineUpdater (StateMachineUpdater.java:takeSnapshot(269)) - 954b9a87-ad06-45b1-96aa-3a2262204195@group-B9A38B8065C2-StateMachineUpdater: Took a snapshot at index 74
2019-11-16 01:45:22,544 [954b9a87-ad06-45b1-96aa-3a2262204195@group-B9A38B8065C2-StateMachineUpdater] INFO  impl.StateMachineUpdater (StateMachineUpdater.java:lambda$new$0(84)) - 954b9a87-ad06-45b1-96aa-3a2262204195@group-B9A38B8065C2-StateMachineUpdater: snapshotIndex: updateIncreasingly -1 -> 74
2019-11-16 01:45:22,544 [954b9a87-ad06-45b1-96aa-3a2262204195@group-B9A38B8065C2-StateMachineUpdater] INFO  ratis.ContainerStateMachine (ContainerStateMachine.java:takeSnapshot(285)) - group-B9A38B8065C2: Taking a snapshot at:(t:1, i:74) file /workdir/hadoop-ozone/tools/target/test-dir/MiniOzoneClusterImpl-54a862c9-b613-4954-aace-0ae448b21960/datanode-2/data/ratis/b50ea7bb-4655-4d31-8262-b9a38b8065c2/sm/snapshot.1_74
2019-11-16 01:45:22,563 [954b9a87-ad06-45b1-96aa-3a2262204195@group-B9A38B8065C2-StateMachineUpdater] INFO  ratis.ContainerStateMachine (ContainerStateMachine.java:takeSnapshot(296)) - group-B9A38B8065C2: Finished taking a snapshot at:(t:1, i:74) file:/workdir/hadoop-ozone/tools/target/test-dir/MiniOzoneClusterImpl-54a862c9-b613-4954-aace-0ae448b21960/datanode-2/data/ratis/b50ea7bb-4655-4d31-8262-b9a38b8065c2/sm/snapshot.1_74 time:18
2019-11-16 01:45:22,563 [954b9a87-ad06-45b1-96aa-3a2262204195@group-B9A38B8065C2-StateMachineUpdater] INFO  impl.StateMachineUpdater (StateMachineUpdater.java:takeSnapshot(269)) - 954b9a87-ad06-45b1-96aa-3a2262204195@group-B9A38B8065C2-StateMachineUpdater: Took a snapshot at index 74
2019-11-16 01:45:22,563 [954b9a87-ad06-45b1-96aa-3a2262204195@group-B9A38B8065C2-StateMachineUpdater] INFO  impl.StateMachineUpdater (StateMachineUpdater.java:lambda$new$0(84)) - 954b9a87-ad06-45b1-96aa-3a2262204195@group-B9A38B8065C2-StateMachineUpdater: snapshotIndex: updateIncreasingly 74 -> 74
2019-11-16 01:45:22,564 [grpc-default-executor-1] INFO  impl.RaftServerImpl (ServerState.java:close(387)) - 954b9a87-ad06-45b1-96aa-3a2262204195@group-B9A38B8065C2: closes. applyIndex: 76
2019-11-16 01:45:22,564 [954b9a87-ad06-45b1-96aa-3a2262204195@group-B9A38B8065C2-SegmentedRaftLogWorker] INFO  segmented.SegmentedRaftLogWorker (SegmentedRaftLogWorker.java:run(316)) - 954b9a87-ad06-45b1-96aa-3a2262204195@group-B9A38B8065C2-SegmentedRaftLogWorker was interrupted, exiting. There are 0 tasks remaining in the queue.
2019-11-16 01:45:22,565 [grpc-default-executor-1] INFO  segmented.SegmentedRaftLogWorker (SegmentedRaftLogWorker.java:close(224)) - 954b9a87-ad06-45b1-96aa-3a2262204195@group-B9A38B8065C2-SegmentedRaftLogWorker close()
2019-11-16 01:45:22,595 [grpc-default-executor-1] INFO  interfaces.Container (KeyValueContainer.java:flushAndSyncDB(400)) - Container 1 is synced with bcsId 58.
2019-11-16 01:45:22,596 [grpc-default-executor-1] INFO  interfaces.Container (KeyValueContainer.java:flushAndSyncDB(400)) - Container 1 is synced with bcsId 58.
2019-11-16 01:45:22,627 [grpc-default-executor-1] INFO  interfaces.Container (KeyValueContainer.java:flushAndSyncDB(400)) - Container 2 is synced with bcsId 74.
2019-11-16 01:45:22,627 [grpc-default-executor-1] INFO  interfaces.Container (KeyValueContainer.java:flushAndSyncDB(400)) - Container 2 is synced with bcsId 74.
2019-11-16 01:45:22,668 [grpc-default-executor-1] INFO  interfaces.Container (KeyValueContainer.java:flushAndSyncDB(400)) - Container 3 is synced with bcsId 40.
2019-11-16 01:45:22,668 [grpc-default-executor-1] INFO  interfaces.Container (KeyValueContainer.java:flushAndSyncDB(400)) - Container 3 is synced with bcsId 40.
2019-11-16 01:45:22,694 [grpc-default-executor-1] INFO  impl.RaftServerProxy (RaftServerProxy.java:remove(95)) - 90d7adde-f2eb-4e5e-a05e-61e2bdd55e52: remove    LEADER 90d7adde-f2eb-4e5e-a05e-61e2bdd55e52@group-B9A38B8065C2:t1, leader=90d7adde-f2eb-4e5e-a05e-61e2bdd55e52, voted=90d7adde-f2eb-4e5e-a05e-61e2bdd55e52, raftlog=90d7adde-f2eb-4e5e-a05e-61e2bdd55e52@group-B9A38B8065C2-SegmentedRaftLog:OPENED:c76,f76,i76, conf=0: [90d7adde-f2eb-4e5e-a05e-61e2bdd55e52:192.168.69.79:41431, 851c9616-fbeb-440c-ab33-564129e62f8a:192.168.69.79:34859, 954b9a87-ad06-45b1-96aa-3a2262204195:192.168.69.79:37833], old=null RUNNING
2019-11-16 01:45:22,694 [grpc-default-executor-1] INFO  impl.RaftServerImpl (RaftServerImpl.java:lambda$shutdown$3(250)) - 90d7adde-f2eb-4e5e-a05e-61e2bdd55e52@group-B9A38B8065C2: shutdown
2019-11-16 01:45:22,694 [grpc-default-executor-1] INFO  util.JmxRegister (JmxRegister.java:unregister(73)) - Successfully un-registered JMX Bean with object name Ratis:service=RaftServer,group=group-B9A38B8065C2,id=90d7adde-f2eb-4e5e-a05e-61e2bdd55e52
2019-11-16 01:45:22,694 [grpc-default-executor-1] INFO  impl.RoleInfo (RoleInfo.java:shutdownLeaderState(104)) - 90d7adde-f2eb-4e5e-a05e-61e2bdd55e52: shutdown LeaderState
2019-11-16 01:45:22,697 [grpc-default-executor-1] INFO  impl.PendingRequests (PendingRequests.java:sendNotLeaderResponses(206)) - 90d7adde-f2eb-4e5e-a05e-61e2bdd55e52@group-B9A38B8065C2-PendingRequests: sendNotLeaderResponses
2019-11-16 01:45:22,697 [org.apache.ratis.server.impl.LogAppender$AppenderDaemon$$Lambda$399/1873579483@20a14b59] WARN  server.GrpcLogAppender (GrpcLogAppender.java:mayWait(151)) - 90d7adde-f2eb-4e5e-a05e-61e2bdd55e52@group-B9A38B8065C2->851c9616-fbeb-440c-ab33-564129e62f8a-GrpcLogAppender: Wait interrupted by java.lang.InterruptedException
2019-11-16 01:45:22,697 [org.apache.ratis.server.impl.LogAppender$AppenderDaemon$$Lambda$399/1873579483@182c9ded] WARN  server.GrpcLogAppender (GrpcLogAppender.java:mayWait(151)) - 90d7adde-f2eb-4e5e-a05e-61e2bdd55e52@group-B9A38B8065C2->954b9a87-ad06-45b1-96aa-3a2262204195-GrpcLogAppender: Wait interrupted by java.lang.InterruptedException
2019-11-16 01:45:22,703 [grpc-default-executor-1] INFO  impl.StateMachineUpdater (StateMachineUpdater.java:stopAndJoin(136)) - 90d7adde-f2eb-4e5e-a05e-61e2bdd55e52@group-B9A38B8065C2-StateMachineUpdater: set stopIndex = 76
2019-11-16 01:45:22,703 [90d7adde-f2eb-4e5e-a05e-61e2bdd55e52@group-B9A38B8065C2-StateMachineUpdater] INFO  ratis.ContainerStateMachine (ContainerStateMachine.java:takeSnapshot(285)) - group-B9A38B8065C2: Taking a snapshot at:(t:1, i:74) file /workdir/hadoop-ozone/tools/target/test-dir/MiniOzoneClusterImpl-54a862c9-b613-4954-aace-0ae448b21960/datanode-0/data/ratis/b50ea7bb-4655-4d31-8262-b9a38b8065c2/sm/snapshot.1_74
2019-11-16 01:45:22,705 [grpc-default-executor-0] INFO  server.GrpcServerProtocolService (GrpcServerProtocolService.java:onCompleted(113)) - 954b9a87-ad06-45b1-96aa-3a2262204195: Completed APPEND_ENTRIES, lastRequest: 90d7adde-f2eb-4e5e-a05e-61e2bdd55e52->954b9a87-ad06-45b1-96aa-3a2262204195#79-t1, previous=(t:1, i:76), leaderCommit=76, initializing? false, entries: <empty>
2019-11-16 01:45:22,705 [grpc-default-executor-3] INFO  server.GrpcServerProtocolService (GrpcServerProtocolService.java:onCompleted(113)) - 851c9616-fbeb-440c-ab33-564129e62f8a: Completed APPEND_ENTRIES, lastRequest: 90d7adde-f2eb-4e5e-a05e-61e2bdd55e52->851c9616-fbeb-440c-ab33-564129e62f8a#79-t1, previous=(t:1, i:76), leaderCommit=76, initializing? false, entries: <empty>
2019-11-16 01:45:22,708 [grpc-default-executor-2] INFO  server.GrpcLogAppender (GrpcLogAppender.java:onCompleted(308)) - 90d7adde-f2eb-4e5e-a05e-61e2bdd55e52@group-B9A38B8065C2->954b9a87-ad06-45b1-96aa-3a2262204195-AppendLogResponseHandler: follower responses appendEntries COMPLETED
2019-11-16 01:45:22,708 [grpc-default-executor-3] INFO  server.GrpcLogAppender (GrpcLogAppender.java:onCompleted(308)) - 90d7adde-f2eb-4e5e-a05e-61e2bdd55e52@group-B9A38B8065C2->851c9616-fbeb-440c-ab33-564129e62f8a-AppendLogResponseHandler: follower responses appendEntries COMPLETED
2019-11-16 01:45:22,712 [grpc-default-executor-2] INFO  impl.FollowerInfo (FollowerInfo.java:lambda$new$0(51)) - 90d7adde-f2eb-4e5e-a05e-61e2bdd55e52@group-B9A38B8065C2->954b9a87-ad06-45b1-96aa-3a2262204195: nextIndex: updateUnconditionally 77 -> 76
2019-11-16 01:45:22,712 [grpc-default-executor-3] INFO  impl.FollowerInfo (FollowerInfo.java:lambda$new$0(51)) - 90d7adde-f2eb-4e5e-a05e-61e2bdd55e52@group-B9A38B8065C2->851c9616-fbeb-440c-ab33-564129e62f8a: nextIndex: updateUnconditionally 77 -> 76
2019-11-16 01:45:22,718 [90d7adde-f2eb-4e5e-a05e-61e2bdd55e52@group-B9A38B8065C2-StateMachineUpdater] INFO  ratis.ContainerStateMachine (ContainerStateMachine.java:takeSnapshot(296)) - group-B9A38B8065C2: Finished taking a snapshot at:(t:1, i:74) file:/workdir/hadoop-ozone/tools/target/test-dir/MiniOzoneClusterImpl-54a862c9-b613-4954-aace-0ae448b21960/datanode-0/data/ratis/b50ea7bb-4655-4d31-8262-b9a38b8065c2/sm/snapshot.1_74 time:15
2019-11-16 01:45:22,718 [90d7adde-f2eb-4e5e-a05e-61e2bdd55e52@group-B9A38B8065C2-StateMachineUpdater] INFO  impl.StateMachineUpdater (StateMachineUpdater.java:takeSnapshot(269)) - 90d7adde-f2eb-4e5e-a05e-61e2bdd55e52@group-B9A38B8065C2-StateMachineUpdater: Took a snapshot at index 74
2019-11-16 01:45:22,718 [90d7adde-f2eb-4e5e-a05e-61e2bdd55e52@group-B9A38B8065C2-StateMachineUpdater] INFO  impl.StateMachineUpdater (StateMachineUpdater.java:lambda$new$0(84)) - 90d7adde-f2eb-4e5e-a05e-61e2bdd55e52@group-B9A38B8065C2-StateMachineUpdater: snapshotIndex: updateIncreasingly -1 -> 74
2019-11-16 01:45:22,719 [90d7adde-f2eb-4e5e-a05e-61e2bdd55e52@group-B9A38B8065C2-StateMachineUpdater] INFO  ratis.ContainerStateMachine (ContainerStateMachine.java:takeSnapshot(285)) - group-B9A38B8065C2: Taking a snapshot at:(t:1, i:74) file /workdir/hadoop-ozone/tools/target/test-dir/MiniOzoneClusterImpl-54a862c9-b613-4954-aace-0ae448b21960/datanode-0/data/ratis/b50ea7bb-4655-4d31-8262-b9a38b8065c2/sm/snapshot.1_74
2019-11-16 01:45:22,732 [90d7adde-f2eb-4e5e-a05e-61e2bdd55e52@group-B9A38B8065C2-StateMachineUpdater] INFO  ratis.ContainerStateMachine (ContainerStateMachine.java:takeSnapshot(296)) - group-B9A38B8065C2: Finished taking a snapshot at:(t:1, i:74) file:/workdir/hadoop-ozone/tools/target/test-dir/MiniOzoneClusterImpl-54a862c9-b613-4954-aace-0ae448b21960/datanode-0/data/ratis/b50ea7bb-4655-4d31-8262-b9a38b8065c2/sm/snapshot.1_74 time:14
2019-11-16 01:45:22,732 [90d7adde-f2eb-4e5e-a05e-61e2bdd55e52@group-B9A38B8065C2-StateMachineUpdater] INFO  impl.StateMachineUpdater (StateMachineUpdater.java:takeSnapshot(269)) - 90d7adde-f2eb-4e5e-a05e-61e2bdd55e52@group-B9A38B8065C2-StateMachineUpdater: Took a snapshot at index 74
2019-11-16 01:45:22,732 [90d7adde-f2eb-4e5e-a05e-61e2bdd55e52@group-B9A38B8065C2-StateMachineUpdater] INFO  impl.StateMachineUpdater (StateMachineUpdater.java:lambda$new$0(84)) - 90d7adde-f2eb-4e5e-a05e-61e2bdd55e52@group-B9A38B8065C2-StateMachineUpdater: snapshotIndex: updateIncreasingly 74 -> 74
2019-11-16 01:45:22,733 [grpc-default-executor-1] INFO  impl.RaftServerImpl (ServerState.java:close(387)) - 90d7adde-f2eb-4e5e-a05e-61e2bdd55e52@group-B9A38B8065C2: closes. applyIndex: 76
2019-11-16 01:45:22,733 [90d7adde-f2eb-4e5e-a05e-61e2bdd55e52@group-B9A38B8065C2-SegmentedRaftLogWorker] INFO  segmented.SegmentedRaftLogWorker (SegmentedRaftLogWorker.java:run(316)) - 90d7adde-f2eb-4e5e-a05e-61e2bdd55e52@group-B9A38B8065C2-SegmentedRaftLogWorker was interrupted, exiting. There are 0 tasks remaining in the queue.
2019-11-16 01:45:22,734 [grpc-default-executor-1] INFO  segmented.SegmentedRaftLogWorker (SegmentedRaftLogWorker.java:close(224)) - 90d7adde-f2eb-4e5e-a05e-61e2bdd55e52@group-B9A38B8065C2-SegmentedRaftLogWorker close()
2019-11-16 01:45:22,763 [grpc-default-executor-1] INFO  interfaces.Container (KeyValueContainer.java:flushAndSyncDB(400)) - Container 1 is synced with bcsId 58.
2019-11-16 01:45:22,763 [grpc-default-executor-1] INFO  interfaces.Container (KeyValueContainer.java:flushAndSyncDB(400)) - Container 1 is synced with bcsId 58.
2019-11-16 01:45:22,777 [grpc-default-executor-1] INFO  interfaces.Container (KeyValueContainer.java:flushAndSyncDB(400)) - Container 2 is synced with bcsId 74.
2019-11-16 01:45:22,777 [grpc-default-executor-1] INFO  interfaces.Container (KeyValueContainer.java:flushAndSyncDB(400)) - Container 2 is synced with bcsId 74.
2019-11-16 01:45:22,808 [grpc-default-executor-1] INFO  interfaces.Container (KeyValueContainer.java:flushAndSyncDB(400)) - Container 3 is synced with bcsId 40.
2019-11-16 01:45:22,809 [grpc-default-executor-1] INFO  interfaces.Container (KeyValueContainer.java:flushAndSyncDB(400)) - Container 3 is synced with bcsId 40.
2019-11-16 01:45:22,822 [main] INFO  pipeline.PipelineStateManager (PipelineStateManager.java:removePipeline(106)) - Pipeline Pipeline[ Id: b50ea7bb-4655-4d31-8262-b9a38b8065c2, Nodes: 851c9616-fbeb-440c-ab33-564129e62f8a{ip: 192.168.69.79, host: pr-hdds-2501-b5dhd-1197665634, networkLocation: /default-rack, certSerialId: null}954b9a87-ad06-45b1-96aa-3a2262204195{ip: 192.168.69.79, host: pr-hdds-2501-b5dhd-1197665634, networkLocation: /default-rack, certSerialId: null}90d7adde-f2eb-4e5e-a05e-61e2bdd55e52{ip: 192.168.69.79, host: pr-hdds-2501-b5dhd-1197665634, networkLocation: /default-rack, certSerialId: null}, Type:RATIS, Factor:THREE, State:CLOSED] removed from db
2019-11-16 01:45:22,838 [grpc-default-executor-2] INFO  impl.RaftServerProxy (RaftServerProxy.java:addNew(89)) - 851c9616-fbeb-440c-ab33-564129e62f8a: addNew group-10BDF09E9AAD:[90d7adde-f2eb-4e5e-a05e-61e2bdd55e52:192.168.69.79:41431, 851c9616-fbeb-440c-ab33-564129e62f8a:192.168.69.79:34859, 954b9a87-ad06-45b1-96aa-3a2262204195:192.168.69.79:37833] returns group-10BDF09E9AAD:java.util.concurrent.CompletableFuture@3b279116[Not completed]
2019-11-16 01:45:22,838 [grpc-default-executor-1] INFO  impl.RaftServerProxy (RaftServerProxy.java:addNew(89)) - 90d7adde-f2eb-4e5e-a05e-61e2bdd55e52: addNew group-10BDF09E9AAD:[90d7adde-f2eb-4e5e-a05e-61e2bdd55e52:192.168.69.79:41431, 851c9616-fbeb-440c-ab33-564129e62f8a:192.168.69.79:34859, 954b9a87-ad06-45b1-96aa-3a2262204195:192.168.69.79:37833] returns group-10BDF09E9AAD:java.util.concurrent.CompletableFuture@2b5f8da0[Not completed]
2019-11-16 01:45:22,839 [grpc-default-executor-3] INFO  impl.RaftServerProxy (RaftServerProxy.java:addNew(89)) - 954b9a87-ad06-45b1-96aa-3a2262204195: addNew group-10BDF09E9AAD:[90d7adde-f2eb-4e5e-a05e-61e2bdd55e52:192.168.69.79:41431, 851c9616-fbeb-440c-ab33-564129e62f8a:192.168.69.79:34859, 954b9a87-ad06-45b1-96aa-3a2262204195:192.168.69.79:37833] returns group-10BDF09E9AAD:java.util.concurrent.CompletableFuture@4a082b28[Not completed]
2019-11-16 01:45:22,842 [pool-27-thread-1] INFO  impl.RaftServerImpl (RaftServerImpl.java:<init>(98)) - 90d7adde-f2eb-4e5e-a05e-61e2bdd55e52: new RaftServerImpl for group-10BDF09E9AAD:[90d7adde-f2eb-4e5e-a05e-61e2bdd55e52:192.168.69.79:41431, 851c9616-fbeb-440c-ab33-564129e62f8a:192.168.69.79:34859, 954b9a87-ad06-45b1-96aa-3a2262204195:192.168.69.79:37833] with ContainerStateMachine:uninitialized
2019-11-16 01:45:22,842 [pool-27-thread-1] INFO  server.RaftServerConfigKeys (ConfUtils.java:logGet(43)) - raft.server.rpc.timeout.min = 5s (custom)
2019-11-16 01:45:22,842 [pool-27-thread-1] INFO  server.RaftServerConfigKeys (ConfUtils.java:logGet(43)) - raft.server.rpc.timeout.max = 5200ms (custom)
2019-11-16 01:45:22,842 [pool-27-thread-1] INFO  server.RaftServerConfigKeys (ConfUtils.java:logGet(43)) - raft.server.rpcslowness.timeout = 120s (custom)
2019-11-16 01:45:22,842 [pool-27-thread-1] INFO  server.RaftServerConfigKeys (ConfUtils.java:logGet(43)) - raft.server.sleep.deviation.threshold = 300 (default)
2019-11-16 01:45:22,842 [pool-27-thread-1] INFO  server.RaftServerConfigKeys (ConfUtils.java:logGet(43)) - raft.server.log.appender.install.snapshot.enabled = false (custom)
2019-11-16 01:45:22,843 [pool-27-thread-1] INFO  impl.RaftServerImpl (ServerState.java:<init>(103)) - 90d7adde-f2eb-4e5e-a05e-61e2bdd55e52@group-10BDF09E9AAD: ConfigurationManager, init=-1: [90d7adde-f2eb-4e5e-a05e-61e2bdd55e52:192.168.69.79:41431, 851c9616-fbeb-440c-ab33-564129e62f8a:192.168.69.79:34859, 954b9a87-ad06-45b1-96aa-3a2262204195:192.168.69.79:37833], old=null, confs=<EMPTY_MAP>
2019-11-16 01:45:22,843 [pool-27-thread-1] INFO  server.RaftServerConfigKeys (ConfUtils.java:logGet(43)) - raft.server.storage.dir = [/workdir/hadoop-ozone/tools/target/test-dir/MiniOzoneClusterImpl-54a862c9-b613-4954-aace-0ae448b21960/datanode-0/data/ratis] (custom)
2019-11-16 01:45:22,843 [pool-37-thread-1] INFO  impl.RaftServerImpl (RaftServerImpl.java:<init>(98)) - 851c9616-fbeb-440c-ab33-564129e62f8a: new RaftServerImpl for group-10BDF09E9AAD:[90d7adde-f2eb-4e5e-a05e-61e2bdd55e52:192.168.69.79:41431, 851c9616-fbeb-440c-ab33-564129e62f8a:192.168.69.79:34859, 954b9a87-ad06-45b1-96aa-3a2262204195:192.168.69.79:37833] with ContainerStateMachine:uninitialized
2019-11-16 01:45:22,843 [pool-27-thread-1] INFO  server.RaftServerConfigKeys (ConfUtils.java:logGet(43)) - raft.server.log.corruption.policy = EXCEPTION (default)
2019-11-16 01:45:22,843 [pool-37-thread-1] INFO  server.RaftServerConfigKeys (ConfUtils.java:logGet(43)) - raft.server.rpc.timeout.min = 5s (custom)
2019-11-16 01:45:22,843 [pool-27-thread-1] INFO  storage.RaftStorageDirectory (RaftStorageDirectory.java:analyzeStorage(246)) - The storage directory /workdir/hadoop-ozone/tools/target/test-dir/MiniOzoneClusterImpl-54a862c9-b613-4954-aace-0ae448b21960/datanode-0/data/ratis/e3f1e719-dc21-45a1-9a47-10bdf09e9aad does not exist. Creating ...
2019-11-16 01:45:22,843 [pool-37-thread-1] INFO  server.RaftServerConfigKeys (ConfUtils.java:logGet(43)) - raft.server.rpc.timeout.max = 5200ms (custom)
2019-11-16 01:45:22,844 [pool-37-thread-1] INFO  server.RaftServerConfigKeys (ConfUtils.java:logGet(43)) - raft.server.rpcslowness.timeout = 120s (custom)
2019-11-16 01:45:22,844 [pool-37-thread-1] INFO  server.RaftServerConfigKeys (ConfUtils.java:logGet(43)) - raft.server.sleep.deviation.threshold = 300 (default)
2019-11-16 01:45:22,844 [pool-37-thread-1] INFO  server.RaftServerConfigKeys (ConfUtils.java:logGet(43)) - raft.server.log.appender.install.snapshot.enabled = false (custom)
2019-11-16 01:45:22,844 [pool-47-thread-1] INFO  impl.RaftServerImpl (RaftServerImpl.java:<init>(98)) - 954b9a87-ad06-45b1-96aa-3a2262204195: new RaftServerImpl for group-10BDF09E9AAD:[90d7adde-f2eb-4e5e-a05e-61e2bdd55e52:192.168.69.79:41431, 851c9616-fbeb-440c-ab33-564129e62f8a:192.168.69.79:34859, 954b9a87-ad06-45b1-96aa-3a2262204195:192.168.69.79:37833] with ContainerStateMachine:uninitialized
2019-11-16 01:45:22,844 [pool-37-thread-1] INFO  impl.RaftServerImpl (ServerState.java:<init>(103)) - 851c9616-fbeb-440c-ab33-564129e62f8a@group-10BDF09E9AAD: ConfigurationManager, init=-1: [90d7adde-f2eb-4e5e-a05e-61e2bdd55e52:192.168.69.79:41431, 851c9616-fbeb-440c-ab33-564129e62f8a:192.168.69.79:34859, 954b9a87-ad06-45b1-96aa-3a2262204195:192.168.69.79:37833], old=null, confs=<EMPTY_MAP>
2019-11-16 01:45:22,844 [pool-47-thread-1] INFO  server.RaftServerConfigKeys (ConfUtils.java:logGet(43)) - raft.server.rpc.timeout.min = 5s (custom)
2019-11-16 01:45:22,844 [pool-37-thread-1] INFO  server.RaftServerConfigKeys (ConfUtils.java:logGet(43)) - raft.server.storage.dir = [/workdir/hadoop-ozone/tools/target/test-dir/MiniOzoneClusterImpl-54a862c9-b613-4954-aace-0ae448b21960/datanode-1/data/ratis] (custom)
2019-11-16 01:45:22,844 [pool-47-thread-1] INFO  server.RaftServerConfigKeys (ConfUtils.java:logGet(43)) - raft.server.rpc.timeout.max = 5200ms (custom)
2019-11-16 01:45:22,845 [pool-47-thread-1] INFO  server.RaftServerConfigKeys (ConfUtils.java:logGet(43)) - raft.server.rpcslowness.timeout = 120s (custom)
2019-11-16 01:45:22,845 [pool-37-thread-1] INFO  server.RaftServerConfigKeys (ConfUtils.java:logGet(43)) - raft.server.log.corruption.policy = EXCEPTION (default)
2019-11-16 01:45:22,845 [pool-47-thread-1] INFO  server.RaftServerConfigKeys (ConfUtils.java:logGet(43)) - raft.server.sleep.deviation.threshold = 300 (default)
2019-11-16 01:45:22,845 [pool-47-thread-1] INFO  server.RaftServerConfigKeys (ConfUtils.java:logGet(43)) - raft.server.log.appender.install.snapshot.enabled = false (custom)
2019-11-16 01:45:22,845 [pool-37-thread-1] INFO  storage.RaftStorageDirectory (RaftStorageDirectory.java:analyzeStorage(246)) - The storage directory /workdir/hadoop-ozone/tools/target/test-dir/MiniOzoneClusterImpl-54a862c9-b613-4954-aace-0ae448b21960/datanode-1/data/ratis/e3f1e719-dc21-45a1-9a47-10bdf09e9aad does not exist. Creating ...
2019-11-16 01:45:22,845 [pool-47-thread-1] INFO  impl.RaftServerImpl (ServerState.java:<init>(103)) - 954b9a87-ad06-45b1-96aa-3a2262204195@group-10BDF09E9AAD: ConfigurationManager, init=-1: [90d7adde-f2eb-4e5e-a05e-61e2bdd55e52:192.168.69.79:41431, 851c9616-fbeb-440c-ab33-564129e62f8a:192.168.69.79:34859, 954b9a87-ad06-45b1-96aa-3a2262204195:192.168.69.79:37833], old=null, confs=<EMPTY_MAP>
2019-11-16 01:45:22,845 [pool-47-thread-1] INFO  server.RaftServerConfigKeys (ConfUtils.java:logGet(43)) - raft.server.storage.dir = [/workdir/hadoop-ozone/tools/target/test-dir/MiniOzoneClusterImpl-54a862c9-b613-4954-aace-0ae448b21960/datanode-2/data/ratis] (custom)
2019-11-16 01:45:22,846 [pool-47-thread-1] INFO  server.RaftServerConfigKeys (ConfUtils.java:logGet(43)) - raft.server.log.corruption.policy = EXCEPTION (default)
2019-11-16 01:45:22,846 [pool-47-thread-1] INFO  storage.RaftStorageDirectory (RaftStorageDirectory.java:analyzeStorage(246)) - The storage directory /workdir/hadoop-ozone/tools/target/test-dir/MiniOzoneClusterImpl-54a862c9-b613-4954-aace-0ae448b21960/datanode-2/data/ratis/e3f1e719-dc21-45a1-9a47-10bdf09e9aad does not exist. Creating ...
2019-11-16 01:45:22,857 [pool-37-thread-1] INFO  storage.RaftStorageDirectory (RaftStorageDirectory.java:tryLock(328)) - Lock on /workdir/hadoop-ozone/tools/target/test-dir/MiniOzoneClusterImpl-54a862c9-b613-4954-aace-0ae448b21960/datanode-1/data/ratis/e3f1e719-dc21-45a1-9a47-10bdf09e9aad/in_use.lock acquired by nodename 20153@pr-hdds-2501-b5dhd-1197665634
2019-11-16 01:45:22,857 [pool-27-thread-1] INFO  storage.RaftStorageDirectory (RaftStorageDirectory.java:tryLock(328)) - Lock on /workdir/hadoop-ozone/tools/target/test-dir/MiniOzoneClusterImpl-54a862c9-b613-4954-aace-0ae448b21960/datanode-0/data/ratis/e3f1e719-dc21-45a1-9a47-10bdf09e9aad/in_use.lock acquired by nodename 20153@pr-hdds-2501-b5dhd-1197665634
2019-11-16 01:45:22,857 [pool-47-thread-1] INFO  storage.RaftStorageDirectory (RaftStorageDirectory.java:tryLock(328)) - Lock on /workdir/hadoop-ozone/tools/target/test-dir/MiniOzoneClusterImpl-54a862c9-b613-4954-aace-0ae448b21960/datanode-2/data/ratis/e3f1e719-dc21-45a1-9a47-10bdf09e9aad/in_use.lock acquired by nodename 20153@pr-hdds-2501-b5dhd-1197665634
2019-11-16 01:45:22,871 [pool-47-thread-1] INFO  storage.RaftStorage (RaftStorage.java:format(84)) - Storage directory /workdir/hadoop-ozone/tools/target/test-dir/MiniOzoneClusterImpl-54a862c9-b613-4954-aace-0ae448b21960/datanode-2/data/ratis/e3f1e719-dc21-45a1-9a47-10bdf09e9aad has been successfully formatted.
2019-11-16 01:45:22,871 [pool-37-thread-1] INFO  storage.RaftStorage (RaftStorage.java:format(84)) - Storage directory /workdir/hadoop-ozone/tools/target/test-dir/MiniOzoneClusterImpl-54a862c9-b613-4954-aace-0ae448b21960/datanode-1/data/ratis/e3f1e719-dc21-45a1-9a47-10bdf09e9aad has been successfully formatted.
2019-11-16 01:45:22,871 [pool-27-thread-1] INFO  storage.RaftStorage (RaftStorage.java:format(84)) - Storage directory /workdir/hadoop-ozone/tools/target/test-dir/MiniOzoneClusterImpl-54a862c9-b613-4954-aace-0ae448b21960/datanode-0/data/ratis/e3f1e719-dc21-45a1-9a47-10bdf09e9aad has been successfully formatted.
2019-11-16 01:45:22,872 [pool-37-thread-1] INFO  ratis.ContainerStateMachine (ContainerStateMachine.java:loadSnapshot(223)) - group-10BDF09E9AAD: The snapshot info is null. Setting the last applied indexto:(t:0, i:~)
2019-11-16 01:45:22,872 [pool-47-thread-1] INFO  ratis.ContainerStateMachine (ContainerStateMachine.java:loadSnapshot(223)) - group-10BDF09E9AAD: The snapshot info is null. Setting the last applied indexto:(t:0, i:~)
2019-11-16 01:45:22,872 [pool-37-thread-1] INFO  server.RaftServerConfigKeys (ConfUtils.java:logGet(43)) - raft.server.notification.no-leader.timeout = 120s (custom)
2019-11-16 01:45:22,872 [pool-27-thread-1] INFO  ratis.ContainerStateMachine (ContainerStateMachine.java:loadSnapshot(223)) - group-10BDF09E9AAD: The snapshot info is null. Setting the last applied indexto:(t:0, i:~)
2019-11-16 01:45:22,872 [pool-37-thread-1] INFO  server.RaftServerConfigKeys (ConfUtils.java:logGet(43)) - raft.server.log.use.memory = false (default)
2019-11-16 01:45:22,872 [pool-47-thread-1] INFO  server.RaftServerConfigKeys (ConfUtils.java:logGet(43)) - raft.server.notification.no-leader.timeout = 120s (custom)
2019-11-16 01:45:22,872 [pool-37-thread-1] INFO  server.RaftServerConfigKeys (ConfUtils.java:logGet(43)) - raft.server.log.purge.gap = 1000000 (custom)
2019-11-16 01:45:22,872 [pool-27-thread-1] INFO  server.RaftServerConfigKeys (ConfUtils.java:logGet(43)) - raft.server.notification.no-leader.timeout = 120s (custom)
2019-11-16 01:45:22,873 [pool-37-thread-1] INFO  server.RaftServerConfigKeys (ConfUtils.java:logGet(43)) - raft.server.log.appender.buffer.byte-limit = 33554432 (custom)
2019-11-16 01:45:22,872 [pool-47-thread-1] INFO  server.RaftServerConfigKeys (ConfUtils.java:logGet(43)) - raft.server.log.use.memory = false (default)
2019-11-16 01:45:22,873 [pool-37-thread-1] INFO  server.RaftServerConfigKeys (ConfUtils.java:logGet(43)) - raft.server.log.segment.size.max = 1048576 (custom)
2019-11-16 01:45:22,873 [pool-27-thread-1] INFO  server.RaftServerConfigKeys (ConfUtils.java:logGet(43)) - raft.server.log.use.memory = false (default)
2019-11-16 01:45:22,873 [pool-37-thread-1] INFO  server.RaftServerConfigKeys (ConfUtils.java:logGet(43)) - raft.server.log.segment.cache.num.max = 2 (custom)
2019-11-16 01:45:22,873 [pool-47-thread-1] INFO  server.RaftServerConfigKeys (ConfUtils.java:logGet(43)) - raft.server.log.purge.gap = 1000000 (custom)
2019-11-16 01:45:22,873 [pool-37-thread-1] INFO  segmented.SegmentedRaftLogWorker (SegmentedRaftLogWorker.java:<init>(173)) - new 851c9616-fbeb-440c-ab33-564129e62f8a@group-10BDF09E9AAD-SegmentedRaftLogWorker for RaftStorage:Storage Directory /workdir/hadoop-ozone/tools/target/test-dir/MiniOzoneClusterImpl-54a862c9-b613-4954-aace-0ae448b21960/datanode-1/data/ratis/e3f1e719-dc21-45a1-9a47-10bdf09e9aad
2019-11-16 01:45:22,873 [pool-27-thread-1] INFO  server.RaftServerConfigKeys (ConfUtils.java:logGet(43)) - raft.server.log.purge.gap = 1000000 (custom)
2019-11-16 01:45:22,874 [pool-37-thread-1] INFO  server.RaftServerConfigKeys (ConfUtils.java:logGet(43)) - raft.server.log.queue.byte-limit = 2147483647 (custom)
2019-11-16 01:45:22,873 [pool-47-thread-1] INFO  server.RaftServerConfigKeys (ConfUtils.java:logGet(43)) - raft.server.log.appender.buffer.byte-limit = 33554432 (custom)
2019-11-16 01:45:22,874 [pool-37-thread-1] INFO  server.RaftServerConfigKeys (ConfUtils.java:logGet(43)) - raft.server.log.queue.element-limit = 1024 (custom)
2019-11-16 01:45:22,874 [pool-27-thread-1] INFO  server.RaftServerConfigKeys (ConfUtils.java:logGet(43)) - raft.server.log.appender.buffer.byte-limit = 33554432 (custom)
2019-11-16 01:45:22,874 [pool-37-thread-1] INFO  server.RaftServerConfigKeys (ConfUtils.java:logGet(43)) - raft.server.log.segment.size.max = 1048576 (custom)
2019-11-16 01:45:22,874 [pool-47-thread-1] INFO  server.RaftServerConfigKeys (ConfUtils.java:logGet(43)) - raft.server.log.segment.size.max = 1048576 (custom)
2019-11-16 01:45:22,874 [pool-37-thread-1] INFO  server.RaftServerConfigKeys (ConfUtils.java:logGet(43)) - raft.server.log.preallocated.size = 16384 (custom)
2019-11-16 01:45:22,874 [pool-27-thread-1] INFO  server.RaftServerConfigKeys (ConfUtils.java:logGet(43)) - raft.server.log.segment.size.max = 1048576 (custom)
2019-11-16 01:45:22,875 [pool-37-thread-1] INFO  server.RaftServerConfigKeys (ConfUtils.java:logGet(43)) - raft.server.log.write.buffer.size = 33554432 (custom)
2019-11-16 01:45:22,874 [pool-47-thread-1] INFO  server.RaftServerConfigKeys (ConfUtils.java:logGet(43)) - raft.server.log.segment.cache.num.max = 2 (custom)
2019-11-16 01:45:22,875 [pool-37-thread-1] INFO  server.RaftServerConfigKeys (ConfUtils.java:logGet(43)) - raft.server.log.force.sync.num = 128 (default)
2019-11-16 01:45:22,875 [pool-37-thread-1] INFO  server.RaftServerConfigKeys (ConfUtils.java:logGet(43)) - raft.server.log.statemachine.data.sync = true (default)
2019-11-16 01:45:22,875 [pool-27-thread-1] INFO  server.RaftServerConfigKeys (ConfUtils.java:logGet(43)) - raft.server.log.segment.cache.num.max = 2 (custom)
2019-11-16 01:45:22,875 [pool-37-thread-1] INFO  server.RaftServerConfigKeys (ConfUtils.java:logGet(43)) - raft.server.log.statemachine.data.sync.timeout = 10s (default)
2019-11-16 01:45:22,875 [pool-47-thread-1] INFO  segmented.SegmentedRaftLogWorker (SegmentedRaftLogWorker.java:<init>(173)) - new 954b9a87-ad06-45b1-96aa-3a2262204195@group-10BDF09E9AAD-SegmentedRaftLogWorker for RaftStorage:Storage Directory /workdir/hadoop-ozone/tools/target/test-dir/MiniOzoneClusterImpl-54a862c9-b613-4954-aace-0ae448b21960/datanode-2/data/ratis/e3f1e719-dc21-45a1-9a47-10bdf09e9aad
2019-11-16 01:45:22,876 [pool-37-thread-1] INFO  server.RaftServerConfigKeys (ConfUtils.java:logGet(43)) - raft.server.log.statemachine.data.sync.timeout.retry = -1 (default)
2019-11-16 01:45:22,875 [pool-27-thread-1] INFO  segmented.SegmentedRaftLogWorker (SegmentedRaftLogWorker.java:<init>(173)) - new 90d7adde-f2eb-4e5e-a05e-61e2bdd55e52@group-10BDF09E9AAD-SegmentedRaftLogWorker for RaftStorage:Storage Directory /workdir/hadoop-ozone/tools/target/test-dir/MiniOzoneClusterImpl-54a862c9-b613-4954-aace-0ae448b21960/datanode-0/data/ratis/e3f1e719-dc21-45a1-9a47-10bdf09e9aad
2019-11-16 01:45:22,876 [pool-47-thread-1] INFO  server.RaftServerConfigKeys (ConfUtils.java:logGet(43)) - raft.server.log.queue.byte-limit = 2147483647 (custom)
2019-11-16 01:45:22,876 [pool-27-thread-1] INFO  server.RaftServerConfigKeys (ConfUtils.java:logGet(43)) - raft.server.log.queue.byte-limit = 2147483647 (custom)
2019-11-16 01:45:22,876 [pool-37-thread-1] INFO  server.RaftServerConfigKeys (ConfUtils.java:logGet(43)) - raft.server.log.statemachine.data.caching.enabled = true (custom)
2019-11-16 01:45:22,876 [pool-47-thread-1] INFO  server.RaftServerConfigKeys (ConfUtils.java:logGet(43)) - raft.server.log.queue.element-limit = 1024 (custom)
2019-11-16 01:45:22,876 [pool-27-thread-1] INFO  server.RaftServerConfigKeys (ConfUtils.java:logGet(43)) - raft.server.log.queue.element-limit = 1024 (custom)
2019-11-16 01:45:22,876 [pool-47-thread-1] INFO  server.RaftServerConfigKeys (ConfUtils.java:logGet(43)) - raft.server.log.segment.size.max = 1048576 (custom)
2019-11-16 01:45:22,877 [pool-37-thread-1] INFO  segmented.SegmentedRaftLogWorker (SegmentedRaftLogWorker.java:lambda$new$0(128)) - 851c9616-fbeb-440c-ab33-564129e62f8a@group-10BDF09E9AAD-SegmentedRaftLogWorker: flushIndex: setUnconditionally 0 -> -1
2019-11-16 01:45:22,877 [pool-27-thread-1] INFO  server.RaftServerConfigKeys (ConfUtils.java:logGet(43)) - raft.server.log.segment.size.max = 1048576 (custom)
2019-11-16 01:45:22,877 [pool-47-thread-1] INFO  server.RaftServerConfigKeys (ConfUtils.java:logGet(43)) - raft.server.log.preallocated.size = 16384 (custom)
2019-11-16 01:45:22,877 [pool-27-thread-1] INFO  server.RaftServerConfigKeys (ConfUtils.java:logGet(43)) - raft.server.log.preallocated.size = 16384 (custom)
2019-11-16 01:45:22,877 [pool-47-thread-1] INFO  server.RaftServerConfigKeys (ConfUtils.java:logGet(43)) - raft.server.log.write.buffer.size = 33554432 (custom)
2019-11-16 01:45:22,877 [pool-37-thread-1] INFO  server.RaftServerConfigKeys (ConfUtils.java:logGet(43)) - raft.server.snapshot.auto.trigger.enabled = true (custom)
2019-11-16 01:45:22,877 [pool-47-thread-1] INFO  server.RaftServerConfigKeys (ConfUtils.java:logGet(43)) - raft.server.log.force.sync.num = 128 (default)
2019-11-16 01:45:22,877 [pool-27-thread-1] INFO  server.RaftServerConfigKeys (ConfUtils.java:logGet(43)) - raft.server.log.write.buffer.size = 33554432 (custom)
2019-11-16 01:45:22,877 [pool-47-thread-1] INFO  server.RaftServerConfigKeys (ConfUtils.java:logGet(43)) - raft.server.log.statemachine.data.sync = true (default)
2019-11-16 01:45:22,877 [pool-37-thread-1] INFO  server.RaftServerConfigKeys (ConfUtils.java:logGet(43)) - raft.server.snapshot.auto.trigger.threshold = 10000 (custom)
2019-11-16 01:45:22,878 [pool-47-thread-1] INFO  server.RaftServerConfigKeys (ConfUtils.java:logGet(43)) - raft.server.log.statemachine.data.sync.timeout = 10s (default)
2019-11-16 01:45:22,878 [pool-27-thread-1] INFO  server.RaftServerConfigKeys (ConfUtils.java:logGet(43)) - raft.server.log.force.sync.num = 128 (default)
2019-11-16 01:45:22,878 [pool-47-thread-1] INFO  server.RaftServerConfigKeys (ConfUtils.java:logGet(43)) - raft.server.log.statemachine.data.sync.timeout.retry = -1 (default)
2019-11-16 01:45:22,878 [pool-37-thread-1] INFO  server.RaftServerConfigKeys (ConfUtils.java:logGet(43)) - raft.server.snapshot.retention.file.num = 5 (custom)
2019-11-16 01:45:22,878 [pool-47-thread-1] INFO  server.RaftServerConfigKeys (ConfUtils.java:logGet(43)) - raft.server.log.statemachine.data.caching.enabled = true (custom)
2019-11-16 01:45:22,878 [pool-27-thread-1] INFO  server.RaftServerConfigKeys (ConfUtils.java:logGet(43)) - raft.server.log.statemachine.data.sync = true (default)
2019-11-16 01:45:22,878 [pool-37-thread-1] INFO  server.RaftServerConfigKeys (ConfUtils.java:logGet(43)) - raft.server.retrycache.expirytime = 600000ms (custom)
2019-11-16 01:45:22,879 [pool-27-thread-1] INFO  server.RaftServerConfigKeys (ConfUtils.java:logGet(43)) - raft.server.log.statemachine.data.sync.timeout = 10s (default)
2019-11-16 01:45:22,878 [pool-47-thread-1] INFO  segmented.SegmentedRaftLogWorker (SegmentedRaftLogWorker.java:lambda$new$0(128)) - 954b9a87-ad06-45b1-96aa-3a2262204195@group-10BDF09E9AAD-SegmentedRaftLogWorker: flushIndex: setUnconditionally 0 -> -1
2019-11-16 01:45:22,879 [pool-37-thread-1] WARN  impl.MetricRegistriesImpl (MetricRegistriesImpl.java:lambda$create$1(61)) - First MetricRegistry has been created without registering reporters. You may need to call MetricRegistries.global().addReportRegistration(...) before.
2019-11-16 01:45:22,879 [pool-47-thread-1] INFO  server.RaftServerConfigKeys (ConfUtils.java:logGet(43)) - raft.server.snapshot.auto.trigger.enabled = true (custom)
2019-11-16 01:45:22,879 [pool-27-thread-1] INFO  server.RaftServerConfigKeys (ConfUtils.java:logGet(43)) - raft.server.log.statemachine.data.sync.timeout.retry = -1 (default)
2019-11-16 01:45:22,879 [pool-37-thread-1] WARN  impl.MetricRegistriesImpl (MetricRegistriesImpl.java:lambda$create$1(61)) - First MetricRegistry has been created without registering reporters. You may need to call MetricRegistries.global().addReportRegistration(...) before.
2019-11-16 01:45:22,879 [pool-27-thread-1] INFO  server.RaftServerConfigKeys (ConfUtils.java:logGet(43)) - raft.server.log.statemachine.data.caching.enabled = true (custom)
2019-11-16 01:45:22,879 [pool-47-thread-1] INFO  server.RaftServerConfigKeys (ConfUtils.java:logGet(43)) - raft.server.snapshot.auto.trigger.threshold = 10000 (custom)
2019-11-16 01:45:22,880 [pool-37-thread-1] INFO  impl.RaftServerImpl (RaftServerImpl.java:start(184)) - 851c9616-fbeb-440c-ab33-564129e62f8a@group-10BDF09E9AAD: start as a follower, conf=-1: [90d7adde-f2eb-4e5e-a05e-61e2bdd55e52:192.168.69.79:41431, 851c9616-fbeb-440c-ab33-564129e62f8a:192.168.69.79:34859, 954b9a87-ad06-45b1-96aa-3a2262204195:192.168.69.79:37833], old=null
2019-11-16 01:45:22,880 [pool-27-thread-1] INFO  segmented.SegmentedRaftLogWorker (SegmentedRaftLogWorker.java:lambda$new$0(128)) - 90d7adde-f2eb-4e5e-a05e-61e2bdd55e52@group-10BDF09E9AAD-SegmentedRaftLogWorker: flushIndex: setUnconditionally 0 -> -1
2019-11-16 01:45:22,880 [pool-47-thread-1] INFO  server.RaftServerConfigKeys (ConfUtils.java:logGet(43)) - raft.server.snapshot.retention.file.num = 5 (custom)
2019-11-16 01:45:22,880 [pool-37-thread-1] INFO  impl.RaftServerImpl (RaftServerImpl.java:setRole(173)) - 851c9616-fbeb-440c-ab33-564129e62f8a@group-10BDF09E9AAD: changes role from      null to FOLLOWER at term 0 for startAsFollower
2019-11-16 01:45:22,880 [pool-27-thread-1] INFO  server.RaftServerConfigKeys (ConfUtils.java:logGet(43)) - raft.server.snapshot.auto.trigger.enabled = true (custom)
2019-11-16 01:45:22,880 [pool-47-thread-1] INFO  server.RaftServerConfigKeys (ConfUtils.java:logGet(43)) - raft.server.retrycache.expirytime = 600000ms (custom)
2019-11-16 01:45:22,880 [pool-27-thread-1] INFO  server.RaftServerConfigKeys (ConfUtils.java:logGet(43)) - raft.server.snapshot.auto.trigger.threshold = 10000 (custom)
2019-11-16 01:45:22,880 [pool-37-thread-1] INFO  impl.RoleInfo (RoleInfo.java:updateAndGet(143)) - 851c9616-fbeb-440c-ab33-564129e62f8a: start FollowerState
2019-11-16 01:45:22,880 [pool-27-thread-1] INFO  server.RaftServerConfigKeys (ConfUtils.java:logGet(43)) - raft.server.snapshot.retention.file.num = 5 (custom)
2019-11-16 01:45:22,880 [pool-47-thread-1] WARN  impl.MetricRegistriesImpl (MetricRegistriesImpl.java:lambda$create$1(61)) - First MetricRegistry has been created without registering reporters. You may need to call MetricRegistries.global().addReportRegistration(...) before.
2019-11-16 01:45:22,881 [pool-27-thread-1] INFO  server.RaftServerConfigKeys (ConfUtils.java:logGet(43)) - raft.server.retrycache.expirytime = 600000ms (custom)
2019-11-16 01:45:22,881 [pool-47-thread-1] WARN  impl.MetricRegistriesImpl (MetricRegistriesImpl.java:lambda$create$1(61)) - First MetricRegistry has been created without registering reporters. You may need to call MetricRegistries.global().addReportRegistration(...) before.
2019-11-16 01:45:22,881 [pool-27-thread-1] WARN  impl.MetricRegistriesImpl (MetricRegistriesImpl.java:lambda$create$1(61)) - First MetricRegistry has been created without registering reporters. You may need to call MetricRegistries.global().addReportRegistration(...) before.
2019-11-16 01:45:22,881 [pool-47-thread-1] INFO  impl.RaftServerImpl (RaftServerImpl.java:start(184)) - 954b9a87-ad06-45b1-96aa-3a2262204195@group-10BDF09E9AAD: start as a follower, conf=-1: [90d7adde-f2eb-4e5e-a05e-61e2bdd55e52:192.168.69.79:41431, 851c9616-fbeb-440c-ab33-564129e62f8a:192.168.69.79:34859, 954b9a87-ad06-45b1-96aa-3a2262204195:192.168.69.79:37833], old=null
2019-11-16 01:45:22,881 [pool-37-thread-1] INFO  util.JmxRegister (JmxRegister.java:tryRegister(44)) - Successfully registered JMX Bean with object name Ratis:service=RaftServer,group=group-10BDF09E9AAD,id=851c9616-fbeb-440c-ab33-564129e62f8a
2019-11-16 01:45:22,881 [pool-47-thread-1] INFO  impl.RaftServerImpl (RaftServerImpl.java:setRole(173)) - 954b9a87-ad06-45b1-96aa-3a2262204195@group-10BDF09E9AAD: changes role from      null to FOLLOWER at term 0 for startAsFollower
2019-11-16 01:45:22,881 [pool-27-thread-1] WARN  impl.MetricRegistriesImpl (MetricRegistriesImpl.java:lambda$create$1(61)) - First MetricRegistry has been created without registering reporters. You may need to call MetricRegistries.global().addReportRegistration(...) before.
2019-11-16 01:45:22,881 [pool-47-thread-1] INFO  impl.RoleInfo (RoleInfo.java:updateAndGet(143)) - 954b9a87-ad06-45b1-96aa-3a2262204195: start FollowerState
2019-11-16 01:45:22,881 [pool-37-thread-1] WARN  impl.MetricRegistriesImpl (MetricRegistriesImpl.java:lambda$create$1(61)) - First MetricRegistry has been created without registering reporters. You may need to call MetricRegistries.global().addReportRegistration(...) before.
2019-11-16 01:45:22,882 [pool-27-thread-1] INFO  impl.RaftServerImpl (RaftServerImpl.java:start(184)) - 90d7adde-f2eb-4e5e-a05e-61e2bdd55e52@group-10BDF09E9AAD: start as a follower, conf=-1: [90d7adde-f2eb-4e5e-a05e-61e2bdd55e52:192.168.69.79:41431, 851c9616-fbeb-440c-ab33-564129e62f8a:192.168.69.79:34859, 954b9a87-ad06-45b1-96aa-3a2262204195:192.168.69.79:37833], old=null
2019-11-16 01:45:22,882 [pool-47-thread-1] INFO  util.JmxRegister (JmxRegister.java:tryRegister(44)) - Successfully registered JMX Bean with object name Ratis:service=RaftServer,group=group-10BDF09E9AAD,id=954b9a87-ad06-45b1-96aa-3a2262204195
2019-11-16 01:45:22,882 [pool-27-thread-1] INFO  impl.RaftServerImpl (RaftServerImpl.java:setRole(173)) - 90d7adde-f2eb-4e5e-a05e-61e2bdd55e52@group-10BDF09E9AAD: changes role from      null to FOLLOWER at term 0 for startAsFollower
2019-11-16 01:45:22,882 [pool-47-thread-1] WARN  impl.MetricRegistriesImpl (MetricRegistriesImpl.java:lambda$create$1(61)) - First MetricRegistry has been created without registering reporters. You may need to call MetricRegistries.global().addReportRegistration(...) before.
2019-11-16 01:45:22,882 [pool-27-thread-1] INFO  impl.RoleInfo (RoleInfo.java:updateAndGet(143)) - 90d7adde-f2eb-4e5e-a05e-61e2bdd55e52: start FollowerState
2019-11-16 01:45:22,883 [pool-27-thread-1] INFO  util.JmxRegister (JmxRegister.java:tryRegister(44)) - Successfully registered JMX Bean with object name Ratis:service=RaftServer,group=group-10BDF09E9AAD,id=90d7adde-f2eb-4e5e-a05e-61e2bdd55e52
2019-11-16 01:45:22,883 [pool-27-thread-1] WARN  impl.MetricRegistriesImpl (MetricRegistriesImpl.java:lambda$create$1(61)) - First MetricRegistry has been created without registering reporters. You may need to call MetricRegistries.global().addReportRegistration(...) before.
2019-11-16 01:45:22,890 [RatisPipelineUtilsThread] INFO  pipeline.PipelineStateManager (PipelineStateManager.java:addPipeline(55)) - Created pipeline Pipeline[ Id: e3f1e719-dc21-45a1-9a47-10bdf09e9aad, Nodes: 851c9616-fbeb-440c-ab33-564129e62f8a{ip: 192.168.69.79, host: pr-hdds-2501-b5dhd-1197665634, networkLocation: /default-rack, certSerialId: null}954b9a87-ad06-45b1-96aa-3a2262204195{ip: 192.168.69.79, host: pr-hdds-2501-b5dhd-1197665634, networkLocation: /default-rack, certSerialId: null}90d7adde-f2eb-4e5e-a05e-61e2bdd55e52{ip: 192.168.69.79, host: pr-hdds-2501-b5dhd-1197665634, networkLocation: /default-rack, certSerialId: null}, Type:RATIS, Factor:THREE, State:ALLOCATED]
2019-11-16 01:45:22,954 [main] INFO  freon.RandomKeyGenerator (RandomKeyGenerator.java:call(283)) - Number of Threads: 10
2019-11-16 01:45:22,955 [main] INFO  freon.RandomKeyGenerator (RandomKeyGenerator.java:call(288)) - Number of Volumes: 1.
2019-11-16 01:45:22,955 [main] INFO  freon.RandomKeyGenerator (RandomKeyGenerator.java:call(289)) - Number of Buckets per Volume: 1.
2019-11-16 01:45:22,955 [main] INFO  freon.RandomKeyGenerator (RandomKeyGenerator.java:call(290)) - Number of Keys per Bucket: 1.
2019-11-16 01:45:22,955 [main] INFO  freon.RandomKeyGenerator (RandomKeyGenerator.java:call(291)) - Key size: 20971520 bytes
2019-11-16 01:45:22,955 [main] INFO  freon.RandomKeyGenerator (RandomKeyGenerator.java:call(292)) - Buffer size: 4096 bytes
2019-11-16 01:45:22,955 [main] INFO  freon.RandomKeyGenerator (RandomKeyGenerator.java:call(293)) - validateWrites : true
2019-11-16 01:45:22,956 [main] INFO  freon.RandomKeyGenerator (RandomKeyGenerator.java:call(307)) - Data validation is enabled.
2019-11-16 01:45:22,957 [main] INFO  freon.RandomKeyGenerator (RandomKeyGenerator.java:call(313)) - Starting progress bar Thread.

2019-11-16 01:45:22,957 [pool-59-thread-1] INFO  rpc.RpcClient (RpcClient.java:createVolume(292)) - Creating Volume: vol-0-84806, with jenkins1000 as owner.
 0.00% |?                                                                                                    |  0/1 Time: 0:00:002019-11-16 01:45:22,962 [IPC Server handler 8 on 42043] INFO  volume.OMVolumeCreateRequest (OMVolumeCreateRequest.java:validateAndUpdateCache(193)) - created volume:vol-0-84806 for user:jenkins1000
2019-11-16 01:45:22,986 [pool-59-thread-2] INFO  rpc.RpcClient (RpcClient.java:createBucket(431)) - Creating Bucket: vol-0-84806/bucket-0-76147, with Versioning false and Storage Type set to DISK and Encryption set to false 
2019-11-16 01:45:23,012 [IPC Server handler 0 on 32944] WARN  block.BlockManagerImpl (BlockManagerImpl.java:allocateBlock(200)) - Pipeline creation failed for type:RATIS factor:THREE. Retrying get pipelines call once.
org.apache.hadoop.hdds.scm.pipeline.InsufficientDatanodesException: Cannot create pipeline of factor 3 using 0 nodes.
	at org.apache.hadoop.hdds.scm.pipeline.RatisPipelineProvider.create(RatisPipelineProvider.java:153)
	at org.apache.hadoop.hdds.scm.pipeline.PipelineFactory.create(PipelineFactory.java:58)
	at org.apache.hadoop.hdds.scm.pipeline.SCMPipelineManager.createPipeline(SCMPipelineManager.java:155)
	at org.apache.hadoop.hdds.scm.block.BlockManagerImpl.allocateBlock(BlockManagerImpl.java:198)
	at org.apache.hadoop.hdds.scm.server.SCMBlockProtocolServer.allocateBlock(SCMBlockProtocolServer.java:187)
	at org.apache.hadoop.hdds.scm.protocol.ScmBlockLocationProtocolServerSideTranslatorPB.allocateScmBlock(ScmBlockLocationProtocolServerSideTranslatorPB.java:159)
	at org.apache.hadoop.hdds.scm.protocol.ScmBlockLocationProtocolServerSideTranslatorPB.processMessage(ScmBlockLocationProtocolServerSideTranslatorPB.java:117)
	at org.apache.hadoop.hdds.server.OzoneProtocolMessageDispatcher.processRequest(OzoneProtocolMessageDispatcher.java:72)
	at org.apache.hadoop.hdds.scm.protocol.ScmBlockLocationProtocolServerSideTranslatorPB.send(ScmBlockLocationProtocolServerSideTranslatorPB.java:98)
	at org.apache.hadoop.hdds.protocol.proto.ScmBlockLocationProtocolProtos$ScmBlockLocationProtocolService$2.callBlockingMethod(ScmBlockLocationProtocolProtos.java:13157)
	at org.apache.hadoop.ipc.ProtobufRpcEngine$Server$ProtoBufRpcInvoker.call(ProtobufRpcEngine.java:524)
	at org.apache.hadoop.ipc.RPC$Server.call(RPC.java:1025)
	at org.apache.hadoop.ipc.Server$RpcCall.run(Server.java:876)
	at org.apache.hadoop.ipc.Server$RpcCall.run(Server.java:822)
	at java.security.AccessController.doPrivileged(Native Method)
	at javax.security.auth.Subject.doAs(Subject.java:422)
	at org.apache.hadoop.security.UserGroupInformation.doAs(UserGroupInformation.java:1730)
	at org.apache.hadoop.ipc.Server$Handler.run(Server.java:2682)
2019-11-16 01:45:23,015 [IPC Server handler 0 on 32944] INFO  block.BlockManagerImpl (BlockManagerImpl.java:allocateBlock(212)) - Could not find available pipeline of type:RATIS and factor:THREE even after retrying
2019-11-16 01:45:23,015 [IPC Server handler 0 on 32944] ERROR block.BlockManagerImpl (BlockManagerImpl.java:allocateBlock(236)) - Unable to allocate a block for the size: 4194304, type: RATIS, factor: THREE
2019-11-16 01:45:23,016 [IPC Server handler 0 on 32944] WARN  block.BlockManagerImpl (BlockManagerImpl.java:allocateBlock(200)) - Pipeline creation failed for type:RATIS factor:THREE. Retrying get pipelines call once.
org.apache.hadoop.hdds.scm.pipeline.InsufficientDatanodesException: Cannot create pipeline of factor 3 using 0 nodes.
	at org.apache.hadoop.hdds.scm.pipeline.RatisPipelineProvider.create(RatisPipelineProvider.java:153)
	at org.apache.hadoop.hdds.scm.pipeline.PipelineFactory.create(PipelineFactory.java:58)
	at org.apache.hadoop.hdds.scm.pipeline.SCMPipelineManager.createPipeline(SCMPipelineManager.java:155)
	at org.apache.hadoop.hdds.scm.block.BlockManagerImpl.allocateBlock(BlockManagerImpl.java:198)
	at org.apache.hadoop.hdds.scm.server.SCMBlockProtocolServer.allocateBlock(SCMBlockProtocolServer.java:187)
	at org.apache.hadoop.hdds.scm.protocol.ScmBlockLocationProtocolServerSideTranslatorPB.allocateScmBlock(ScmBlockLocationProtocolServerSideTranslatorPB.java:159)
	at org.apache.hadoop.hdds.scm.protocol.ScmBlockLocationProtocolServerSideTranslatorPB.processMessage(ScmBlockLocationProtocolServerSideTranslatorPB.java:117)
	at org.apache.hadoop.hdds.server.OzoneProtocolMessageDispatcher.processRequest(OzoneProtocolMessageDispatcher.java:72)
	at org.apache.hadoop.hdds.scm.protocol.ScmBlockLocationProtocolServerSideTranslatorPB.send(ScmBlockLocationProtocolServerSideTranslatorPB.java:98)
	at org.apache.hadoop.hdds.protocol.proto.ScmBlockLocationProtocolProtos$ScmBlockLocationProtocolService$2.callBlockingMethod(ScmBlockLocationProtocolProtos.java:13157)
	at org.apache.hadoop.ipc.ProtobufRpcEngine$Server$ProtoBufRpcInvoker.call(ProtobufRpcEngine.java:524)
	at org.apache.hadoop.ipc.RPC$Server.call(RPC.java:1025)
	at org.apache.hadoop.ipc.Server$RpcCall.run(Server.java:876)
	at org.apache.hadoop.ipc.Server$RpcCall.run(Server.java:822)
	at java.security.AccessController.doPrivileged(Native Method)
	at javax.security.auth.Subject.doAs(Subject.java:422)
	at org.apache.hadoop.security.UserGroupInformation.doAs(UserGroupInformation.java:1730)
	at org.apache.hadoop.ipc.Server$Handler.run(Server.java:2682)
2019-11-16 01:45:23,016 [IPC Server handler 0 on 32944] INFO  block.BlockManagerImpl (BlockManagerImpl.java:allocateBlock(212)) - Could not find available pipeline of type:RATIS and factor:THREE even after retrying
2019-11-16 01:45:23,017 [IPC Server handler 0 on 32944] ERROR block.BlockManagerImpl (BlockManagerImpl.java:allocateBlock(236)) - Unable to allocate a block for the size: 4194304, type: RATIS, factor: THREE
2019-11-16 01:45:23,017 [IPC Server handler 0 on 32944] WARN  block.BlockManagerImpl (BlockManagerImpl.java:allocateBlock(200)) - Pipeline creation failed for type:RATIS factor:THREE. Retrying get pipelines call once.
org.apache.hadoop.hdds.scm.pipeline.InsufficientDatanodesException: Cannot create pipeline of factor 3 using 0 nodes.
	at org.apache.hadoop.hdds.scm.pipeline.RatisPipelineProvider.create(RatisPipelineProvider.java:153)
	at org.apache.hadoop.hdds.scm.pipeline.PipelineFactory.create(PipelineFactory.java:58)
	at org.apache.hadoop.hdds.scm.pipeline.SCMPipelineManager.createPipeline(SCMPipelineManager.java:155)
	at org.apache.hadoop.hdds.scm.block.BlockManagerImpl.allocateBlock(BlockManagerImpl.java:198)
	at org.apache.hadoop.hdds.scm.server.SCMBlockProtocolServer.allocateBlock(SCMBlockProtocolServer.java:187)
	at org.apache.hadoop.hdds.scm.protocol.ScmBlockLocationProtocolServerSideTranslatorPB.allocateScmBlock(ScmBlockLocationProtocolServerSideTranslatorPB.java:159)
	at org.apache.hadoop.hdds.scm.protocol.ScmBlockLocationProtocolServerSideTranslatorPB.processMessage(ScmBlockLocationProtocolServerSideTranslatorPB.java:117)
	at org.apache.hadoop.hdds.server.OzoneProtocolMessageDispatcher.processRequest(OzoneProtocolMessageDispatcher.java:72)
	at org.apache.hadoop.hdds.scm.protocol.ScmBlockLocationProtocolServerSideTranslatorPB.send(ScmBlockLocationProtocolServerSideTranslatorPB.java:98)
	at org.apache.hadoop.hdds.protocol.proto.ScmBlockLocationProtocolProtos$ScmBlockLocationProtocolService$2.callBlockingMethod(ScmBlockLocationProtocolProtos.java:13157)
	at org.apache.hadoop.ipc.ProtobufRpcEngine$Server$ProtoBufRpcInvoker.call(ProtobufRpcEngine.java:524)
	at org.apache.hadoop.ipc.RPC$Server.call(RPC.java:1025)
	at org.apache.hadoop.ipc.Server$RpcCall.run(Server.java:876)
	at org.apache.hadoop.ipc.Server$RpcCall.run(Server.java:822)
	at java.security.AccessController.doPrivileged(Native Method)
	at javax.security.auth.Subject.doAs(Subject.java:422)
	at org.apache.hadoop.security.UserGroupInformation.doAs(UserGroupInformation.java:1730)
	at org.apache.hadoop.ipc.Server$Handler.run(Server.java:2682)
2019-11-16 01:45:23,018 [IPC Server handler 0 on 32944] INFO  block.BlockManagerImpl (BlockManagerImpl.java:allocateBlock(212)) - Could not find available pipeline of type:RATIS and factor:THREE even after retrying
2019-11-16 01:45:23,018 [IPC Server handler 0 on 32944] ERROR block.BlockManagerImpl (BlockManagerImpl.java:allocateBlock(236)) - Unable to allocate a block for the size: 4194304, type: RATIS, factor: THREE
2019-11-16 01:45:23,019 [IPC Server handler 0 on 32944] WARN  block.BlockManagerImpl (BlockManagerImpl.java:allocateBlock(200)) - Pipeline creation failed for type:RATIS factor:THREE. Retrying get pipelines call once.
org.apache.hadoop.hdds.scm.pipeline.InsufficientDatanodesException: Cannot create pipeline of factor 3 using 0 nodes.
	at org.apache.hadoop.hdds.scm.pipeline.RatisPipelineProvider.create(RatisPipelineProvider.java:153)
	at org.apache.hadoop.hdds.scm.pipeline.PipelineFactory.create(PipelineFactory.java:58)
	at org.apache.hadoop.hdds.scm.pipeline.SCMPipelineManager.createPipeline(SCMPipelineManager.java:155)
	at org.apache.hadoop.hdds.scm.block.BlockManagerImpl.allocateBlock(BlockManagerImpl.java:198)
	at org.apache.hadoop.hdds.scm.server.SCMBlockProtocolServer.allocateBlock(SCMBlockProtocolServer.java:187)
	at org.apache.hadoop.hdds.scm.protocol.ScmBlockLocationProtocolServerSideTranslatorPB.allocateScmBlock(ScmBlockLocationProtocolServerSideTranslatorPB.java:159)
	at org.apache.hadoop.hdds.scm.protocol.ScmBlockLocationProtocolServerSideTranslatorPB.processMessage(ScmBlockLocationProtocolServerSideTranslatorPB.java:117)
	at org.apache.hadoop.hdds.server.OzoneProtocolMessageDispatcher.processRequest(OzoneProtocolMessageDispatcher.java:72)
	at org.apache.hadoop.hdds.scm.protocol.ScmBlockLocationProtocolServerSideTranslatorPB.send(ScmBlockLocationProtocolServerSideTranslatorPB.java:98)
	at org.apache.hadoop.hdds.protocol.proto.ScmBlockLocationProtocolProtos$ScmBlockLocationProtocolService$2.callBlockingMethod(ScmBlockLocationProtocolProtos.java:13157)
	at org.apache.hadoop.ipc.ProtobufRpcEngine$Server$ProtoBufRpcInvoker.call(ProtobufRpcEngine.java:524)
	at org.apache.hadoop.ipc.RPC$Server.call(RPC.java:1025)
	at org.apache.hadoop.ipc.Server$RpcCall.run(Server.java:876)
	at org.apache.hadoop.ipc.Server$RpcCall.run(Server.java:822)
	at java.security.AccessController.doPrivileged(Native Method)
	at javax.security.auth.Subject.doAs(Subject.java:422)
	at org.apache.hadoop.security.UserGroupInformation.doAs(UserGroupInformation.java:1730)
	at org.apache.hadoop.ipc.Server$Handler.run(Server.java:2682)
2019-11-16 01:45:23,019 [IPC Server handler 0 on 32944] INFO  block.BlockManagerImpl (BlockManagerImpl.java:allocateBlock(212)) - Could not find available pipeline of type:RATIS and factor:THREE even after retrying
2019-11-16 01:45:23,020 [IPC Server handler 0 on 32944] ERROR block.BlockManagerImpl (BlockManagerImpl.java:allocateBlock(236)) - Unable to allocate a block for the size: 4194304, type: RATIS, factor: THREE
2019-11-16 01:45:23,026 [IPC Server handler 0 on 32944] WARN  block.BlockManagerImpl (BlockManagerImpl.java:allocateBlock(200)) - Pipeline creation failed for type:RATIS factor:THREE. Retrying get pipelines call once.
org.apache.hadoop.hdds.scm.pipeline.InsufficientDatanodesException: Cannot create pipeline of factor 3 using 0 nodes.
	at org.apache.hadoop.hdds.scm.pipeline.RatisPipelineProvider.create(RatisPipelineProvider.java:153)
	at org.apache.hadoop.hdds.scm.pipeline.PipelineFactory.create(PipelineFactory.java:58)
	at org.apache.hadoop.hdds.scm.pipeline.SCMPipelineManager.createPipeline(SCMPipelineManager.java:155)
	at org.apache.hadoop.hdds.scm.block.BlockManagerImpl.allocateBlock(BlockManagerImpl.java:198)
	at org.apache.hadoop.hdds.scm.server.SCMBlockProtocolServer.allocateBlock(SCMBlockProtocolServer.java:187)
	at org.apache.hadoop.hdds.scm.protocol.ScmBlockLocationProtocolServerSideTranslatorPB.allocateScmBlock(ScmBlockLocationProtocolServerSideTranslatorPB.java:159)
	at org.apache.hadoop.hdds.scm.protocol.ScmBlockLocationProtocolServerSideTranslatorPB.processMessage(ScmBlockLocationProtocolServerSideTranslatorPB.java:117)
	at org.apache.hadoop.hdds.server.OzoneProtocolMessageDispatcher.processRequest(OzoneProtocolMessageDispatcher.java:72)
	at org.apache.hadoop.hdds.scm.protocol.ScmBlockLocationProtocolServerSideTranslatorPB.send(ScmBlockLocationProtocolServerSideTranslatorPB.java:98)
	at org.apache.hadoop.hdds.protocol.proto.ScmBlockLocationProtocolProtos$ScmBlockLocationProtocolService$2.callBlockingMethod(ScmBlockLocationProtocolProtos.java:13157)
	at org.apache.hadoop.ipc.ProtobufRpcEngine$Server$ProtoBufRpcInvoker.call(ProtobufRpcEngine.java:524)
	at org.apache.hadoop.ipc.RPC$Server.call(RPC.java:1025)
	at org.apache.hadoop.ipc.Server$RpcCall.run(Server.java:876)
	at org.apache.hadoop.ipc.Server$RpcCall.run(Server.java:822)
	at java.security.AccessController.doPrivileged(Native Method)
	at javax.security.auth.Subject.doAs(Subject.java:422)
	at org.apache.hadoop.security.UserGroupInformation.doAs(UserGroupInformation.java:1730)
	at org.apache.hadoop.ipc.Server$Handler.run(Server.java:2682)
2019-11-16 01:45:23,026 [IPC Server handler 0 on 32944] INFO  block.BlockManagerImpl (BlockManagerImpl.java:allocateBlock(212)) - Could not find available pipeline of type:RATIS and factor:THREE even after retrying
2019-11-16 01:45:23,026 [IPC Server handler 0 on 32944] ERROR block.BlockManagerImpl (BlockManagerImpl.java:allocateBlock(236)) - Unable to allocate a block for the size: 4194304, type: RATIS, factor: THREE
2019-11-16 01:45:23,030 [pool-59-thread-3] ERROR freon.RandomKeyGenerator (RandomKeyGenerator.java:createKey(735)) - Exception while adding key: key-0-76333 in bucket: bucket-0-76147 of volume: vol-0-84806.
INTERNAL_ERROR org.apache.hadoop.ozone.om.exceptions.OMException: Allocated 0 blocks. Requested 5 blocks
	at org.apache.hadoop.ozone.om.protocolPB.OzoneManagerProtocolClientSideTranslatorPB.handleError(OzoneManagerProtocolClientSideTranslatorPB.java:761)
	at org.apache.hadoop.ozone.om.protocolPB.OzoneManagerProtocolClientSideTranslatorPB.openKey(OzoneManagerProtocolClientSideTranslatorPB.java:752)
	at sun.reflect.NativeMethodAccessorImpl.invoke0(Native Method)
	at sun.reflect.NativeMethodAccessorImpl.invoke(NativeMethodAccessorImpl.java:62)
	at sun.reflect.DelegatingMethodAccessorImpl.invoke(DelegatingMethodAccessorImpl.java:43)
	at java.lang.reflect.Method.invoke(Method.java:498)
	at org.apache.hadoop.hdds.tracing.TraceAllMethod.invoke(TraceAllMethod.java:66)
	at com.sun.proxy.$Proxy37.openKey(Unknown Source)
	at org.apache.hadoop.ozone.client.rpc.RpcClient.createKey(RpcClient.java:633)
	at org.apache.hadoop.ozone.client.OzoneBucket.createKey(OzoneBucket.java:325)
	at org.apache.hadoop.ozone.freon.RandomKeyGenerator.createKey(RandomKeyGenerator.java:697)
	at org.apache.hadoop.ozone.freon.RandomKeyGenerator.access$1100(RandomKeyGenerator.java:88)
	at org.apache.hadoop.ozone.freon.RandomKeyGenerator$ObjectCreator.run(RandomKeyGenerator.java:615)
	at java.util.concurrent.Executors$RunnableAdapter.call(Executors.java:511)
	at java.util.concurrent.FutureTask.run(FutureTask.java:266)
	at java.util.concurrent.ThreadPoolExecutor.runWorker(ThreadPoolExecutor.java:1149)
	at java.util.concurrent.ThreadPoolExecutor$Worker.run(ThreadPoolExecutor.java:624)
	at java.lang.Thread.run(Thread.java:748)
 0.00% |?                                                                                                    |  0/1 Time: 0:00:01 0.00% |?                                                                                                    |  0/1 Time: 0:00:02 0.00% |?                                                                                                    |  0/1 Time: 0:00:03 0.00% |?                                                                                                    |  0/1 Time: 0:00:042019-11-16 01:45:27,926 [Thread-482] INFO  impl.FollowerState (FollowerState.java:run(111)) - 954b9a87-ad06-45b1-96aa-3a2262204195@group-10BDF09E9AAD-FollowerState: change to CANDIDATE, lastRpcTime:5044ms, electionTimeout:5044ms
2019-11-16 01:45:27,927 [Thread-482] INFO  impl.RoleInfo (RoleInfo.java:shutdownFollowerState(121)) - 954b9a87-ad06-45b1-96aa-3a2262204195: shutdown FollowerState
2019-11-16 01:45:27,927 [Thread-482] INFO  impl.RaftServerImpl (RaftServerImpl.java:setRole(173)) - 954b9a87-ad06-45b1-96aa-3a2262204195@group-10BDF09E9AAD: changes role from  FOLLOWER to CANDIDATE at term 0 for changeToCandidate
2019-11-16 01:45:27,927 [Thread-482] INFO  impl.RoleInfo (RoleInfo.java:updateAndGet(143)) - 954b9a87-ad06-45b1-96aa-3a2262204195: start LeaderElection
2019-11-16 01:45:27,945 [954b9a87-ad06-45b1-96aa-3a2262204195@group-10BDF09E9AAD-LeaderElection5] INFO  impl.LeaderElection (LeaderElection.java:askForVotes(178)) - 954b9a87-ad06-45b1-96aa-3a2262204195@group-10BDF09E9AAD-LeaderElection5: begin an election at term 1 for -1: [90d7adde-f2eb-4e5e-a05e-61e2bdd55e52:192.168.69.79:41431, 851c9616-fbeb-440c-ab33-564129e62f8a:192.168.69.79:34859, 954b9a87-ad06-45b1-96aa-3a2262204195:192.168.69.79:37833], old=null
2019-11-16 01:45:27,955 [grpc-default-executor-3] INFO  impl.RaftServerImpl (RaftServerImpl.java:setRole(173)) - 90d7adde-f2eb-4e5e-a05e-61e2bdd55e52@group-10BDF09E9AAD: changes role from  FOLLOWER to FOLLOWER at term 1 for recognizeCandidate:954b9a87-ad06-45b1-96aa-3a2262204195
2019-11-16 01:45:27,956 [grpc-default-executor-3] INFO  impl.RoleInfo (RoleInfo.java:shutdownFollowerState(121)) - 90d7adde-f2eb-4e5e-a05e-61e2bdd55e52: shutdown FollowerState
2019-11-16 01:45:27,957 [Thread-484] INFO  impl.FollowerState (FollowerState.java:run(120)) - 90d7adde-f2eb-4e5e-a05e-61e2bdd55e52@group-10BDF09E9AAD-FollowerState was interrupted: java.lang.InterruptedException: sleep interrupted
2019-11-16 01:45:27,957 [grpc-default-executor-1] INFO  impl.RaftServerImpl (RaftServerImpl.java:setRole(173)) - 851c9616-fbeb-440c-ab33-564129e62f8a@group-10BDF09E9AAD: changes role from  FOLLOWER to FOLLOWER at term 1 for recognizeCandidate:954b9a87-ad06-45b1-96aa-3a2262204195
2019-11-16 01:45:27,957 [grpc-default-executor-3] INFO  impl.RoleInfo (RoleInfo.java:updateAndGet(143)) - 90d7adde-f2eb-4e5e-a05e-61e2bdd55e52: start FollowerState
2019-11-16 01:45:27,958 [grpc-default-executor-1] INFO  impl.RoleInfo (RoleInfo.java:shutdownFollowerState(121)) - 851c9616-fbeb-440c-ab33-564129e62f8a: shutdown FollowerState
2019-11-16 01:45:27,959 [Thread-480] INFO  impl.FollowerState (FollowerState.java:run(120)) - 851c9616-fbeb-440c-ab33-564129e62f8a@group-10BDF09E9AAD-FollowerState was interrupted: java.lang.InterruptedException: sleep interrupted
2019-11-16 01:45:27,959 [grpc-default-executor-1] INFO  impl.RoleInfo (RoleInfo.java:updateAndGet(143)) - 851c9616-fbeb-440c-ab33-564129e62f8a: start FollowerState
 0.00% |?                                                                                                    |  0/1 Time: 0:00:052019-11-16 01:45:27,976 [954b9a87-ad06-45b1-96aa-3a2262204195@group-10BDF09E9AAD-LeaderElection5] INFO  impl.LeaderElection (LeaderElection.java:logAndReturn(56)) - 954b9a87-ad06-45b1-96aa-3a2262204195@group-10BDF09E9AAD-LeaderElection5: Election PASSED; received 1 response(s) [954b9a87-ad06-45b1-96aa-3a2262204195<-90d7adde-f2eb-4e5e-a05e-61e2bdd55e52#0:OK-t1] and 0 exception(s); 954b9a87-ad06-45b1-96aa-3a2262204195@group-10BDF09E9AAD:t1, leader=null, voted=954b9a87-ad06-45b1-96aa-3a2262204195, raftlog=954b9a87-ad06-45b1-96aa-3a2262204195@group-10BDF09E9AAD-SegmentedRaftLog:OPENED:c-1,f-1,i0, conf=-1: [90d7adde-f2eb-4e5e-a05e-61e2bdd55e52:192.168.69.79:41431, 851c9616-fbeb-440c-ab33-564129e62f8a:192.168.69.79:34859, 954b9a87-ad06-45b1-96aa-3a2262204195:192.168.69.79:37833], old=null
2019-11-16 01:45:27,977 [954b9a87-ad06-45b1-96aa-3a2262204195@group-10BDF09E9AAD-LeaderElection5] INFO  impl.RoleInfo (RoleInfo.java:shutdownLeaderElection(134)) - 954b9a87-ad06-45b1-96aa-3a2262204195: shutdown LeaderElection
2019-11-16 01:45:27,978 [954b9a87-ad06-45b1-96aa-3a2262204195@group-10BDF09E9AAD-LeaderElection5] INFO  impl.RaftServerImpl (RaftServerImpl.java:setRole(173)) - 954b9a87-ad06-45b1-96aa-3a2262204195@group-10BDF09E9AAD: changes role from CANDIDATE to LEADER at term 1 for changeToLeader
2019-11-16 01:45:27,978 [954b9a87-ad06-45b1-96aa-3a2262204195@group-10BDF09E9AAD-LeaderElection5] INFO  ratis.XceiverServerRatis (XceiverServerRatis.java:handleLeaderChangedNotification(697)) - Leader change notification received for group: group-10BDF09E9AAD with new leaderId: 954b9a87-ad06-45b1-96aa-3a2262204195
2019-11-16 01:45:27,979 [954b9a87-ad06-45b1-96aa-3a2262204195@group-10BDF09E9AAD-LeaderElection5] INFO  impl.RaftServerImpl (ServerState.java:setLeader(255)) - 954b9a87-ad06-45b1-96aa-3a2262204195@group-10BDF09E9AAD: change Leader from null to 954b9a87-ad06-45b1-96aa-3a2262204195 at term 1 for becomeLeader, leader elected after 5106ms
2019-11-16 01:45:27,979 [954b9a87-ad06-45b1-96aa-3a2262204195@group-10BDF09E9AAD-LeaderElection5] INFO  server.RaftServerConfigKeys (ConfUtils.java:logGet(43)) - raft.server.staging.catchup.gap = 1000 (default)
2019-11-16 01:45:27,979 [954b9a87-ad06-45b1-96aa-3a2262204195@group-10BDF09E9AAD-LeaderElection5] INFO  server.RaftServerConfigKeys (ConfUtils.java:logGet(43)) - raft.server.rpc.sleep.time = 25ms (default)
2019-11-16 01:45:27,980 [954b9a87-ad06-45b1-96aa-3a2262204195@group-10BDF09E9AAD-LeaderElection5] INFO  server.RaftServerConfigKeys (ConfUtils.java:logGet(43)) - raft.server.write.element-limit = 4096 (default)
2019-11-16 01:45:27,980 [954b9a87-ad06-45b1-96aa-3a2262204195@group-10BDF09E9AAD-LeaderElection5] INFO  server.RaftServerConfigKeys (ConfUtils.java:logGet(43)) - raft.server.watch.timeout = 10s (default)
2019-11-16 01:45:27,980 [954b9a87-ad06-45b1-96aa-3a2262204195@group-10BDF09E9AAD-LeaderElection5] INFO  server.RaftServerConfigKeys (ConfUtils.java:logGet(43)) - raft.server.watch.timeout.denomination = 1s (default)
2019-11-16 01:45:27,980 [954b9a87-ad06-45b1-96aa-3a2262204195@group-10BDF09E9AAD-LeaderElection5] INFO  server.RaftServerConfigKeys (ConfUtils.java:logGet(43)) - raft.server.watch.element-limit = 65536 (default)
2019-11-16 01:45:27,981 [954b9a87-ad06-45b1-96aa-3a2262204195@group-10BDF09E9AAD-LeaderElection5] INFO  server.RaftServerConfigKeys (ConfUtils.java:logGet(43)) - raft.server.log.appender.snapshot.chunk.size.max = 16MB (=16777216) (default)
2019-11-16 01:45:27,981 [954b9a87-ad06-45b1-96aa-3a2262204195@group-10BDF09E9AAD-LeaderElection5] INFO  server.RaftServerConfigKeys (ConfUtils.java:logGet(43)) - raft.server.log.appender.buffer.byte-limit = 33554432 (custom)
2019-11-16 01:45:27,981 [954b9a87-ad06-45b1-96aa-3a2262204195@group-10BDF09E9AAD-LeaderElection5] INFO  server.RaftServerConfigKeys (ConfUtils.java:logGet(43)) - raft.server.log.appender.buffer.element-limit = 1 (custom)
2019-11-16 01:45:27,981 [EventQueue-PipelineReportForPipelineReportHandler] INFO  pipeline.PipelineStateManager (PipelineStateManager.java:openPipeline(134)) - Pipeline Pipeline[ Id: e3f1e719-dc21-45a1-9a47-10bdf09e9aad, Nodes: 851c9616-fbeb-440c-ab33-564129e62f8a{ip: 192.168.69.79, host: pr-hdds-2501-b5dhd-1197665634, networkLocation: /default-rack, certSerialId: null}954b9a87-ad06-45b1-96aa-3a2262204195{ip: 192.168.69.79, host: pr-hdds-2501-b5dhd-1197665634, networkLocation: /default-rack, certSerialId: null}90d7adde-f2eb-4e5e-a05e-61e2bdd55e52{ip: 192.168.69.79, host: pr-hdds-2501-b5dhd-1197665634, networkLocation: /default-rack, certSerialId: null}, Type:RATIS, Factor:THREE, State:OPEN] moved to OPEN state
2019-11-16 01:45:27,982 [954b9a87-ad06-45b1-96aa-3a2262204195@group-10BDF09E9AAD-LeaderElection5] INFO  grpc.GrpcConfigKeys$Server (ConfUtils.java:logGet(43)) - raft.grpc.server.leader.outstanding.appends.max = 128 (default)
2019-11-16 01:45:27,983 [954b9a87-ad06-45b1-96aa-3a2262204195@group-10BDF09E9AAD-LeaderElection5] INFO  server.RaftServerConfigKeys (ConfUtils.java:logGet(43)) - raft.server.rpc.request.timeout = 3000ms (default)
2019-11-16 01:45:27,983 [954b9a87-ad06-45b1-96aa-3a2262204195@group-10BDF09E9AAD-LeaderElection5] INFO  server.RaftServerConfigKeys (ConfUtils.java:logGet(43)) - raft.server.log.appender.install.snapshot.enabled = false (custom)
2019-11-16 01:45:27,984 [954b9a87-ad06-45b1-96aa-3a2262204195@group-10BDF09E9AAD-LeaderElection5] WARN  impl.MetricRegistriesImpl (MetricRegistriesImpl.java:lambda$create$1(61)) - First MetricRegistry has been created without registering reporters. You may need to call MetricRegistries.global().addReportRegistration(...) before.
2019-11-16 01:45:27,984 [954b9a87-ad06-45b1-96aa-3a2262204195@group-10BDF09E9AAD-LeaderElection5] INFO  server.RaftServerConfigKeys (ConfUtils.java:logGet(43)) - raft.server.log.appender.snapshot.chunk.size.max = 16MB (=16777216) (default)
2019-11-16 01:45:27,984 [954b9a87-ad06-45b1-96aa-3a2262204195@group-10BDF09E9AAD-LeaderElection5] INFO  server.RaftServerConfigKeys (ConfUtils.java:logGet(43)) - raft.server.log.appender.buffer.byte-limit = 33554432 (custom)
2019-11-16 01:45:27,985 [954b9a87-ad06-45b1-96aa-3a2262204195@group-10BDF09E9AAD-LeaderElection5] INFO  server.RaftServerConfigKeys (ConfUtils.java:logGet(43)) - raft.server.log.appender.buffer.element-limit = 1 (custom)
2019-11-16 01:45:27,985 [954b9a87-ad06-45b1-96aa-3a2262204195@group-10BDF09E9AAD-LeaderElection5] INFO  grpc.GrpcConfigKeys$Server (ConfUtils.java:logGet(43)) - raft.grpc.server.leader.outstanding.appends.max = 128 (default)
2019-11-16 01:45:27,985 [954b9a87-ad06-45b1-96aa-3a2262204195@group-10BDF09E9AAD-LeaderElection5] INFO  server.RaftServerConfigKeys (ConfUtils.java:logGet(43)) - raft.server.rpc.request.timeout = 3000ms (default)
2019-11-16 01:45:27,985 [954b9a87-ad06-45b1-96aa-3a2262204195@group-10BDF09E9AAD-LeaderElection5] INFO  server.RaftServerConfigKeys (ConfUtils.java:logGet(43)) - raft.server.log.appender.install.snapshot.enabled = false (custom)
2019-11-16 01:45:27,985 [954b9a87-ad06-45b1-96aa-3a2262204195@group-10BDF09E9AAD-LeaderElection5] INFO  impl.RoleInfo (RoleInfo.java:updateAndGet(143)) - 954b9a87-ad06-45b1-96aa-3a2262204195: start LeaderState
2019-11-16 01:45:27,986 [954b9a87-ad06-45b1-96aa-3a2262204195@group-10BDF09E9AAD-LeaderElection5] INFO  segmented.SegmentedRaftLogWorker (SegmentedRaftLogWorker.java:startLogSegment(385)) - 954b9a87-ad06-45b1-96aa-3a2262204195@group-10BDF09E9AAD-SegmentedRaftLogWorker: Starting segment from index:0
2019-11-16 01:45:27,987 [954b9a87-ad06-45b1-96aa-3a2262204195@group-10BDF09E9AAD-LeaderElection5] INFO  impl.RaftServerImpl (ServerState.java:setRaftConf(356)) - 954b9a87-ad06-45b1-96aa-3a2262204195@group-10BDF09E9AAD: set configuration 0: [90d7adde-f2eb-4e5e-a05e-61e2bdd55e52:192.168.69.79:41431, 851c9616-fbeb-440c-ab33-564129e62f8a:192.168.69.79:34859, 954b9a87-ad06-45b1-96aa-3a2262204195:192.168.69.79:37833], old=null at 0
2019-11-16 01:45:28,028 [grpc-default-executor-1] INFO  ratis.XceiverServerRatis (XceiverServerRatis.java:handleLeaderChangedNotification(697)) - Leader change notification received for group: group-10BDF09E9AAD with new leaderId: 954b9a87-ad06-45b1-96aa-3a2262204195
2019-11-16 01:45:28,029 [grpc-default-executor-3] INFO  ratis.XceiverServerRatis (XceiverServerRatis.java:handleLeaderChangedNotification(697)) - Leader change notification received for group: group-10BDF09E9AAD with new leaderId: 954b9a87-ad06-45b1-96aa-3a2262204195
2019-11-16 01:45:28,029 [grpc-default-executor-1] INFO  impl.RaftServerImpl (ServerState.java:setLeader(255)) - 90d7adde-f2eb-4e5e-a05e-61e2bdd55e52@group-10BDF09E9AAD: change Leader from null to 954b9a87-ad06-45b1-96aa-3a2262204195 at term 1 for appendEntries, leader elected after 5155ms
2019-11-16 01:45:28,030 [grpc-default-executor-3] INFO  impl.RaftServerImpl (ServerState.java:setLeader(255)) - 851c9616-fbeb-440c-ab33-564129e62f8a@group-10BDF09E9AAD: change Leader from null to 954b9a87-ad06-45b1-96aa-3a2262204195 at term 1 for appendEntries, leader elected after 5156ms
2019-11-16 01:45:28,033 [grpc-default-executor-3] INFO  impl.RaftServerImpl (ServerState.java:setRaftConf(356)) - 851c9616-fbeb-440c-ab33-564129e62f8a@group-10BDF09E9AAD: set configuration 0: [90d7adde-f2eb-4e5e-a05e-61e2bdd55e52:192.168.69.79:41431, 851c9616-fbeb-440c-ab33-564129e62f8a:192.168.69.79:34859, 954b9a87-ad06-45b1-96aa-3a2262204195:192.168.69.79:37833], old=null at 0
2019-11-16 01:45:28,033 [grpc-default-executor-1] INFO  impl.RaftServerImpl (ServerState.java:setRaftConf(356)) - 90d7adde-f2eb-4e5e-a05e-61e2bdd55e52@group-10BDF09E9AAD: set configuration 0: [90d7adde-f2eb-4e5e-a05e-61e2bdd55e52:192.168.69.79:41431, 851c9616-fbeb-440c-ab33-564129e62f8a:192.168.69.79:34859, 954b9a87-ad06-45b1-96aa-3a2262204195:192.168.69.79:37833], old=null at 0
2019-11-16 01:45:28,033 [grpc-default-executor-3] INFO  segmented.SegmentedRaftLogWorker (SegmentedRaftLogWorker.java:startLogSegment(385)) - 851c9616-fbeb-440c-ab33-564129e62f8a@group-10BDF09E9AAD-SegmentedRaftLogWorker: Starting segment from index:0
2019-11-16 01:45:28,034 [grpc-default-executor-1] INFO  segmented.SegmentedRaftLogWorker (SegmentedRaftLogWorker.java:startLogSegment(385)) - 90d7adde-f2eb-4e5e-a05e-61e2bdd55e52@group-10BDF09E9AAD-SegmentedRaftLogWorker: Starting segment from index:0
2019-11-16 01:45:28,037 [954b9a87-ad06-45b1-96aa-3a2262204195@group-10BDF09E9AAD-SegmentedRaftLogWorker] INFO  segmented.SegmentedRaftLogWorker (SegmentedRaftLogWorker.java:execute(576)) - 954b9a87-ad06-45b1-96aa-3a2262204195@group-10BDF09E9AAD-SegmentedRaftLogWorker: created new log segment /workdir/hadoop-ozone/tools/target/test-dir/MiniOzoneClusterImpl-54a862c9-b613-4954-aace-0ae448b21960/datanode-2/data/ratis/e3f1e719-dc21-45a1-9a47-10bdf09e9aad/current/log_inprogress_0
2019-11-16 01:45:28,083 [851c9616-fbeb-440c-ab33-564129e62f8a@group-10BDF09E9AAD-SegmentedRaftLogWorker] INFO  segmented.SegmentedRaftLogWorker (SegmentedRaftLogWorker.java:execute(576)) - 851c9616-fbeb-440c-ab33-564129e62f8a@group-10BDF09E9AAD-SegmentedRaftLogWorker: created new log segment /workdir/hadoop-ozone/tools/target/test-dir/MiniOzoneClusterImpl-54a862c9-b613-4954-aace-0ae448b21960/datanode-1/data/ratis/e3f1e719-dc21-45a1-9a47-10bdf09e9aad/current/log_inprogress_0
2019-11-16 01:45:28,083 [90d7adde-f2eb-4e5e-a05e-61e2bdd55e52@group-10BDF09E9AAD-SegmentedRaftLogWorker] INFO  segmented.SegmentedRaftLogWorker (SegmentedRaftLogWorker.java:execute(576)) - 90d7adde-f2eb-4e5e-a05e-61e2bdd55e52@group-10BDF09E9AAD-SegmentedRaftLogWorker: created new log segment /workdir/hadoop-ozone/tools/target/test-dir/MiniOzoneClusterImpl-54a862c9-b613-4954-aace-0ae448b21960/datanode-0/data/ratis/e3f1e719-dc21-45a1-9a47-10bdf09e9aad/current/log_inprogress_0
 100.00% |?????????????????????????????????????????????????????????????????????????????????????????????????????|  1/1 Time: 0:00:06
]]></system-out>
    <system-err><![CDATA[ERROR StatusLogger No Log4j 2 configuration file found. Using default configuration (logging only errors to the console), or user programmatically provided configurations. Set system property 'log4j2.debug' to show Log4j 2 internal initialization logging. See https://logging.apache.org/log4j/2.x/manual/configuration.html for instructions on how to configure Log4j 2
]]></system-err>
  </testcase>
</testsuite>